<?xml version="1.0" encoding="UTF-8"?>
<testsuites name="Сверка дашбордов из разных блоков" time="17093.0" tests="7" failures="3" errors="0">
   <testsuite name="Сверка дашбордов из разных блоков" tests="7" failures="3" errors="0" time="17093.0" skipped="0" timestamp="16-05-2025T07:24:11" hostname="liazgina-di - UVV-WS904-D.ot.ru" id="Test Suites/Пн-Ср-Пт/Сверка дашбордов из разных блоков">
      <properties>
         <property name="deviceName" value=""/>
         <property name="devicePlatform"/>
         <property name="logFolder" value="C:\\Users\\LIAZGINA-DI\\git\\SPORU\\Reports\\20250516_072355\\\u041F\u043D-\u0421\u0440-\u041F\u0442\\\u0421\u0432\u0435\u0440\u043A\u0430 \u0434\u0430\u0448\u0431\u043E\u0440\u0434\u043E\u0432 \u0438\u0437 \u0440\u0430\u0437\u043D\u044B\u0445 \u0431\u043B\u043E\u043A\u043E\u0432\\20250516_072355"/>
         <property name="logFiles" value="C:\\Users\\LIAZGINA-DI\\git\\SPORU\\Reports\\20250516_072355\\\u041F\u043D-\u0421\u0440-\u041F\u0442\\\u0421\u0432\u0435\u0440\u043A\u0430 \u0434\u0430\u0448\u0431\u043E\u0440\u0434\u043E\u0432 \u0438\u0437 \u0440\u0430\u0437\u043D\u044B\u0445 \u0431\u043B\u043E\u043A\u043E\u0432\\20250516_072355\\execution0.log, C:\\Users\\LIAZGINA-DI\\git\\SPORU\\Reports\\20250516_072355\\\u041F\u043D-\u0421\u0440-\u041F\u0442\\\u0421\u0432\u0435\u0440\u043A\u0430 \u0434\u0430\u0448\u0431\u043E\u0440\u0434\u043E\u0432 \u0438\u0437 \u0440\u0430\u0437\u043D\u044B\u0445 \u0431\u043B\u043E\u043A\u043E\u0432\\20250516_072355\\execution1.log, C:\\Users\\LIAZGINA-DI\\git\\SPORU\\Reports\\20250516_072355\\\u041F\u043D-\u0421\u0440-\u041F\u0442\\\u0421\u0432\u0435\u0440\u043A\u0430 \u0434\u0430\u0448\u0431\u043E\u0440\u0434\u043E\u0432 \u0438\u0437 \u0440\u0430\u0437\u043D\u044B\u0445 \u0431\u043B\u043E\u043A\u043E\u0432\\20250516_072355\\execution2.log"/>
         <property name="attachments" value="C:\\Users\\LIAZGINA-DI\\git\\SPORU\\Reports\\20250516_072355\\\u041F\u043D-\u0421\u0440-\u041F\u0442\\\u0421\u0432\u0435\u0440\u043A\u0430 \u0434\u0430\u0448\u0431\u043E\u0440\u0434\u043E\u0432 \u0438\u0437 \u0440\u0430\u0437\u043D\u044B\u0445 \u0431\u043B\u043E\u043A\u043E\u0432\\20250516_072355\\1747371210294.png, C:\\Users\\LIAZGINA-DI\\git\\SPORU\\Reports\\20250516_072355\\\u041F\u043D-\u0421\u0440-\u041F\u0442\\\u0421\u0432\u0435\u0440\u043A\u0430 \u0434\u0430\u0448\u0431\u043E\u0440\u0434\u043E\u0432 \u0438\u0437 \u0440\u0430\u0437\u043D\u044B\u0445 \u0431\u043B\u043E\u043A\u043E\u0432\\20250516_072355\\1747371682484.png, C:\\Users\\LIAZGINA-DI\\git\\SPORU\\Reports\\20250516_072355\\\u041F\u043D-\u0421\u0440-\u041F\u0442\\\u0421\u0432\u0435\u0440\u043A\u0430 \u0434\u0430\u0448\u0431\u043E\u0440\u0434\u043E\u0432 \u0438\u0437 \u0440\u0430\u0437\u043D\u044B\u0445 \u0431\u043B\u043E\u043A\u043E\u0432\\20250516_072355\\1747372155376.png, C:\\Users\\LIAZGINA-DI\\git\\SPORU\\Reports\\20250516_072355\\\u041F\u043D-\u0421\u0440-\u041F\u0442\\\u0421\u0432\u0435\u0440\u043A\u0430 \u0434\u0430\u0448\u0431\u043E\u0440\u0434\u043E\u0432 \u0438\u0437 \u0440\u0430\u0437\u043D\u044B\u0445 \u0431\u043B\u043E\u043A\u043E\u0432\\20250516_072355\\1747379433560.png"/>
         <property name="hostName" value="liazgina-di - UVV-WS904-D.ot.ru"/>
         <property name="os" value="Windows 10 64bit"/>
         <property name="katalonVersion" value="9.5.0.217"/>
         <property name="browser" value="Chrome 136.0.0.0"/>
         <property name="hostAddress" value="192.168.0.19"/>
         <property name="sessionId" value="bd4771a365e186010f9ed03b470cf4ca"/>
         <property name="seleniumVersion" value="3.141.59"/>
         <property name="proxyInformation" value="ProxyInformation { proxyOption=NO_PROXY, proxyServerType=HTTP, username=, password=********, proxyServerAddress=, proxyServerPort=0, executionList=&quot;&quot;, isApplyToDesiredCapabilities=true }"/>
         <property name="platform" value="Windows 10"/>
      </properties>
      <testcase name="Test Cases/Сверки дашбордов/Блок руководителя сверка дашбордов под разными учётками" time="9568.4" classname="Test Cases/Сверки дашбордов/Блок руководителя сверка дашбордов под разными учётками" status="FAILED">
         <failure type="FAILED" message="Test Cases/Сверки дашбордов/Блок руководителя сверка дашбордов под разными учётками FAILED.&#xa;Reason:&#xa;com.kms.katalon.core.exception.StepFailedException: Unable to get text of object (Root cause: com.kms.katalon.core.exception.StepFailedException: Unable to get text of object&#xa;	at com.kms.katalon.core.webui.keyword.internal.WebUIKeywordMain.stepFailed(WebUIKeywordMain.groovy:64)&#xa;	at com.kms.katalon.core.webui.keyword.internal.WebUIKeywordMain.runKeyword(WebUIKeywordMain.groovy:26)&#xa;	at com.kms.katalon.core.webui.keyword.builtin.GetTextKeyword.getText(GetTextKeyword.groovy:88)&#xa;	at com.kms.katalon.core.webui.keyword.builtin.GetTextKeyword.execute(GetTextKeyword.groovy:67)&#xa;	at com.kms.katalon.core.keyword.internal.KeywordExecutor.executeKeywordForPlatform(KeywordExecutor.groovy:74)&#xa;	at com.kms.katalon.core.webui.keyword.WebUiBuiltInKeywords.getText(WebUiBuiltInKeywords.groovy:957)&#xa;	at Блок руководителя сверка дашбордов под разными учётками.VipolnenieBiznesPlana(Блок руководителя сверка дашбордов под разными учётками:276)&#xa;	at Блок руководителя сверка дашбордов под разными учётками.run(Блок руководителя сверка дашбордов под разными учётками:52)&#xa;	at com.kms.katalon.core.main.ScriptEngine.run(ScriptEngine.java:194)&#xa;	at com.kms.katalon.core.main.ScriptEngine.runScriptAsRawText(ScriptEngine.java:119)&#xa;	at com.kms.katalon.core.main.TestCaseExecutor.runScript(TestCaseExecutor.java:448)&#xa;	at com.kms.katalon.core.main.TestCaseExecutor.doExecute(TestCaseExecutor.java:439)&#xa;	at com.kms.katalon.core.main.TestCaseExecutor.processExecutionPhase(TestCaseExecutor.java:418)&#xa;	at com.kms.katalon.core.main.TestCaseExecutor.accessMainPhase(TestCaseExecutor.java:410)&#xa;	at com.kms.katalon.core.main.TestCaseExecutor.execute(TestCaseExecutor.java:285)&#xa;	at com.kms.katalon.core.common.CommonExecutor.accessTestCaseMainPhase(CommonExecutor.java:65)&#xa;	at com.kms.katalon.core.main.TestSuiteExecutor.accessTestSuiteMainPhase(TestSuiteExecutor.java:150)&#xa;	at com.kms.katalon.core.main.TestSuiteExecutor.execute(TestSuiteExecutor.java:106)&#xa;	at com.kms.katalon.core.main.TestCaseMain.startTestSuite(TestCaseMain.java:180)&#xa;	at TempTestSuite1747369435659.run(TempTestSuite1747369435659.groovy:35)&#xa;	at java.base/jdk.internal.reflect.NativeMethodAccessorImpl.invoke0(Native Method)&#xa;	at java.base/jdk.internal.reflect.NativeMethodAccessorImpl.invoke(NativeMethodAccessorImpl.java:77)&#xa;	at java.base/jdk.internal.reflect.DelegatingMethodAccessorImpl.invoke(DelegatingMethodAccessorImpl.java:43)&#xa;Caused by: java.lang.IllegalArgumentException: Object is null&#xa;	at com.kms.katalon.core.helper.KeywordHelper.checkTestObjectParameter(KeywordHelper.java:33)&#xa;	at com.kms.katalon.core.webui.keyword.builtin.GetTextKeyword$_getText_closure1.doCall(GetTextKeyword.groovy:76)&#xa;	at com.kms.katalon.core.webui.keyword.builtin.GetTextKeyword$_getText_closure1.call(GetTextKeyword.groovy)&#xa;	at com.kms.katalon.core.webui.keyword.internal.WebUIKeywordMain.runKeyword(WebUIKeywordMain.groovy:20)&#xa;	at com.kms.katalon.core.webui.keyword.builtin.GetTextKeyword.getText(GetTextKeyword.groovy:88)&#xa;	at com.kms.katalon.core.webui.keyword.builtin.GetTextKeyword.execute(GetTextKeyword.groovy:67)&#xa;	at com.kms.katalon.core.keyword.internal.KeywordExecutor.executeKeywordForPlatform(KeywordExecutor.groovy:74)&#xa;	at com.kms.katalon.core.webui.keyword.WebUiBuiltInKeywords.getText(WebUiBuiltInKeywords.groovy:957)&#xa;	at Script1686231490255.VipolnenieBiznesPlana(Script1686231490255.groovy:276)&#xa;	at Script1686231490255.run(Script1686231490255.groovy:52)&#xa;	... 15 more&#xa;)&#xa;	at com.kms.katalon.core.keyword.internal.KeywordMain.stepFailed(KeywordMain.groovy:39)&#xa;	at com.kms.katalon.core.webui.keyword.internal.WebUIKeywordMain.stepFailed(WebUIKeywordMain.groovy:64)&#xa;	at com.kms.katalon.core.webui.keyword.internal.WebUIKeywordMain.runKeyword(WebUIKeywordMain.groovy:26)&#xa;	at com.kms.katalon.core.webui.keyword.builtin.GetTextKeyword.getText(GetTextKeyword.groovy:88)&#xa;	at com.kms.katalon.core.webui.keyword.builtin.GetTextKeyword.execute(GetTextKeyword.groovy:67)&#xa;	at com.kms.katalon.core.keyword.internal.KeywordExecutor.executeKeywordForPlatform(KeywordExecutor.groovy:74)&#xa;	at com.kms.katalon.core.webui.keyword.WebUiBuiltInKeywords.getText(WebUiBuiltInKeywords.groovy:957)&#xa;	at Блок руководителя сверка дашбордов под разными учётками.VipolnenieBiznesPlana(Блок руководителя сверка дашбордов под разными учётками:276)&#xa;	at Блок руководителя сверка дашбордов под разными учётками.run(Блок руководителя сверка дашбордов под разными учётками:52)&#xa;	at com.kms.katalon.core.main.ScriptEngine.run(ScriptEngine.java:194)&#xa;	at com.kms.katalon.core.main.ScriptEngine.runScriptAsRawText(ScriptEngine.java:119)&#xa;	at com.kms.katalon.core.main.TestCaseExecutor.runScript(TestCaseExecutor.java:448)&#xa;	at com.kms.katalon.core.main.TestCaseExecutor.doExecute(TestCaseExecutor.java:439)&#xa;	at com.kms.katalon.core.main.TestCaseExecutor.processExecutionPhase(TestCaseExecutor.java:418)&#xa;	at com.kms.katalon.core.main.TestCaseExecutor.accessMainPhase(TestCaseExecutor.java:410)&#xa;	at com.kms.katalon.core.main.TestCaseExecutor.execute(TestCaseExecutor.java:285)&#xa;	at com.kms.katalon.core.common.CommonExecutor.accessTestCaseMainPhase(CommonExecutor.java:65)&#xa;	at com.kms.katalon.core.main.TestSuiteExecutor.accessTestSuiteMainPhase(TestSuiteExecutor.java:150)&#xa;	at com.kms.katalon.core.main.TestSuiteExecutor.execute(TestSuiteExecutor.java:106)&#xa;	at com.kms.katalon.core.main.TestCaseMain.startTestSuite(TestCaseMain.java:180)&#xa;	at TempTestSuite1747369435659.run(TempTestSuite1747369435659.groovy:35)&#xa;	at java.base/jdk.internal.reflect.NativeMethodAccessorImpl.invoke0(Native Method)&#xa;	at java.base/jdk.internal.reflect.NativeMethodAccessorImpl.invoke(NativeMethodAccessorImpl.java:77)&#xa;	at java.base/jdk.internal.reflect.DelegatingMethodAccessorImpl.invoke(DelegatingMethodAccessorImpl.java:43)&#xa;Caused by: com.kms.katalon.core.exception.StepFailedException: Unable to get text of object&#xa;	... 23 more&#xa;Caused by: java.lang.IllegalArgumentException: Object is null&#xa;	at com.kms.katalon.core.helper.KeywordHelper.checkTestObjectParameter(KeywordHelper.java:33)&#xa;	at com.kms.katalon.core.webui.keyword.builtin.GetTextKeyword$_getText_closure1.doCall(GetTextKeyword.groovy:76)&#xa;	at com.kms.katalon.core.webui.keyword.builtin.GetTextKeyword$_getText_closure1.call(GetTextKeyword.groovy)&#xa;	at com.kms.katalon.core.webui.keyword.internal.WebUIKeywordMain.runKeyword(WebUIKeywordMain.groovy:20)&#xa;	... 21 more&#xa;"/>
         <system-out><![CDATA[16-05-2025T07:24:11 - [TEST_CASE][FAILED] - Test Cases/Сверки дашбордов/Блок руководителя сверка дашбордов под разными учётками: Test Cases/Сверки дашбордов/Блок руководителя сверка дашбордов под разными учётками FAILED.
Reason:
com.kms.katalon.core.exception.StepFailedException: Unable to get text of object (Root cause: com.kms.katalon.core.exception.StepFailedException: Unable to get text of object
	at com.kms.katalon.core.webui.keyword.internal.WebUIKeywordMain.stepFailed(WebUIKeywordMain.groovy:64)
	at com.kms.katalon.core.webui.keyword.internal.WebUIKeywordMain.runKeyword(WebUIKeywordMain.groovy:26)
	at com.kms.katalon.core.webui.keyword.builtin.GetTextKeyword.getText(GetTextKeyword.groovy:88)
	at com.kms.katalon.core.webui.keyword.builtin.GetTextKeyword.execute(GetTextKeyword.groovy:67)
	at com.kms.katalon.core.keyword.internal.KeywordExecutor.executeKeywordForPlatform(KeywordExecutor.groovy:74)
	at com.kms.katalon.core.webui.keyword.WebUiBuiltInKeywords.getText(WebUiBuiltInKeywords.groovy:957)
	at Блок руководителя сверка дашбордов под разными учётками.VipolnenieBiznesPlana(Блок руководителя сверка дашбордов под разными учётками:276)
	at Блок руководителя сверка дашбордов под разными учётками.run(Блок руководителя сверка дашбордов под разными учётками:52)
	at com.kms.katalon.core.main.ScriptEngine.run(ScriptEngine.java:194)
	at com.kms.katalon.core.main.ScriptEngine.runScriptAsRawText(ScriptEngine.java:119)
	at com.kms.katalon.core.main.TestCaseExecutor.runScript(TestCaseExecutor.java:448)
	at com.kms.katalon.core.main.TestCaseExecutor.doExecute(TestCaseExecutor.java:439)
	at com.kms.katalon.core.main.TestCaseExecutor.processExecutionPhase(TestCaseExecutor.java:418)
	at com.kms.katalon.core.main.TestCaseExecutor.accessMainPhase(TestCaseExecutor.java:410)
	at com.kms.katalon.core.main.TestCaseExecutor.execute(TestCaseExecutor.java:285)
	at com.kms.katalon.core.common.CommonExecutor.accessTestCaseMainPhase(CommonExecutor.java:65)
	at com.kms.katalon.core.main.TestSuiteExecutor.accessTestSuiteMainPhase(TestSuiteExecutor.java:150)
	at com.kms.katalon.core.main.TestSuiteExecutor.execute(TestSuiteExecutor.java:106)
	at com.kms.katalon.core.main.TestCaseMain.startTestSuite(TestCaseMain.java:180)
	at TempTestSuite1747369435659.run(TempTestSuite1747369435659.groovy:35)
	at java.base/jdk.internal.reflect.NativeMethodAccessorImpl.invoke0(Native Method)
	at java.base/jdk.internal.reflect.NativeMethodAccessorImpl.invoke(NativeMethodAccessorImpl.java:77)
	at java.base/jdk.internal.reflect.DelegatingMethodAccessorImpl.invoke(DelegatingMethodAccessorImpl.java:43)
Caused by: java.lang.IllegalArgumentException: Object is null
	at com.kms.katalon.core.helper.KeywordHelper.checkTestObjectParameter(KeywordHelper.java:33)
	at com.kms.katalon.core.webui.keyword.builtin.GetTextKeyword$_getText_closure1.doCall(GetTextKeyword.groovy:76)
	at com.kms.katalon.core.webui.keyword.builtin.GetTextKeyword$_getText_closure1.call(GetTextKeyword.groovy)
	at com.kms.katalon.core.webui.keyword.internal.WebUIKeywordMain.runKeyword(WebUIKeywordMain.groovy:20)
	at com.kms.katalon.core.webui.keyword.builtin.GetTextKeyword.getText(GetTextKeyword.groovy:88)
	at com.kms.katalon.core.webui.keyword.builtin.GetTextKeyword.execute(GetTextKeyword.groovy:67)
	at com.kms.katalon.core.keyword.internal.KeywordExecutor.executeKeywordForPlatform(KeywordExecutor.groovy:74)
	at com.kms.katalon.core.webui.keyword.WebUiBuiltInKeywords.getText(WebUiBuiltInKeywords.groovy:957)
	at Script1686231490255.VipolnenieBiznesPlana(Script1686231490255.groovy:276)
	at Script1686231490255.run(Script1686231490255.groovy:52)
	... 15 more
)
	at com.kms.katalon.core.keyword.internal.KeywordMain.stepFailed(KeywordMain.groovy:39)
	at com.kms.katalon.core.webui.keyword.internal.WebUIKeywordMain.stepFailed(WebUIKeywordMain.groovy:64)
	at com.kms.katalon.core.webui.keyword.internal.WebUIKeywordMain.runKeyword(WebUIKeywordMain.groovy:26)
	at com.kms.katalon.core.webui.keyword.builtin.GetTextKeyword.getText(GetTextKeyword.groovy:88)
	at com.kms.katalon.core.webui.keyword.builtin.GetTextKeyword.execute(GetTextKeyword.groovy:67)
	at com.kms.katalon.core.keyword.internal.KeywordExecutor.executeKeywordForPlatform(KeywordExecutor.groovy:74)
	at com.kms.katalon.core.webui.keyword.WebUiBuiltInKeywords.getText(WebUiBuiltInKeywords.groovy:957)
	at Блок руководителя сверка дашбордов под разными учётками.VipolnenieBiznesPlana(Блок руководителя сверка дашбордов под разными учётками:276)
	at Блок руководителя сверка дашбордов под разными учётками.run(Блок руководителя сверка дашбордов под разными учётками:52)
	at com.kms.katalon.core.main.ScriptEngine.run(ScriptEngine.java:194)
	at com.kms.katalon.core.main.ScriptEngine.runScriptAsRawText(ScriptEngine.java:119)
	at com.kms.katalon.core.main.TestCaseExecutor.runScript(TestCaseExecutor.java:448)
	at com.kms.katalon.core.main.TestCaseExecutor.doExecute(TestCaseExecutor.java:439)
	at com.kms.katalon.core.main.TestCaseExecutor.processExecutionPhase(TestCaseExecutor.java:418)
	at com.kms.katalon.core.main.TestCaseExecutor.accessMainPhase(TestCaseExecutor.java:410)
	at com.kms.katalon.core.main.TestCaseExecutor.execute(TestCaseExecutor.java:285)
	at com.kms.katalon.core.common.CommonExecutor.accessTestCaseMainPhase(CommonExecutor.java:65)
	at com.kms.katalon.core.main.TestSuiteExecutor.accessTestSuiteMainPhase(TestSuiteExecutor.java:150)
	at com.kms.katalon.core.main.TestSuiteExecutor.execute(TestSuiteExecutor.java:106)
	at com.kms.katalon.core.main.TestCaseMain.startTestSuite(TestCaseMain.java:180)
	at TempTestSuite1747369435659.run(TempTestSuite1747369435659.groovy:35)
	at java.base/jdk.internal.reflect.NativeMethodAccessorImpl.invoke0(Native Method)
	at java.base/jdk.internal.reflect.NativeMethodAccessorImpl.invoke(NativeMethodAccessorImpl.java:77)
	at java.base/jdk.internal.reflect.DelegatingMethodAccessorImpl.invoke(DelegatingMethodAccessorImpl.java:43)
Caused by: com.kms.katalon.core.exception.StepFailedException: Unable to get text of object
	... 23 more
Caused by: java.lang.IllegalArgumentException: Object is null
	at com.kms.katalon.core.helper.KeywordHelper.checkTestObjectParameter(KeywordHelper.java:33)
	at com.kms.katalon.core.webui.keyword.builtin.GetTextKeyword$_getText_closure1.doCall(GetTextKeyword.groovy:76)
	at com.kms.katalon.core.webui.keyword.builtin.GetTextKeyword$_getText_closure1.call(GetTextKeyword.groovy)
	at com.kms.katalon.core.webui.keyword.internal.WebUIKeywordMain.runKeyword(WebUIKeywordMain.groovy:20)
	... 21 more


16-05-2025T07:24:13 - [TEST_STEP][PASSED] - run = 1: null

16-05-2025T07:24:13 - [TEST_STEP][PASSED] - data = findTestData("PlanFact"): null

16-05-2025T07:24:14 - [TEST_STEP][PASSED] - n = <not implemented yet for class: org.codehaus.groovy.ast.expr.EmptyExpression>: null

16-05-2025T07:24:14 - [TEST_STEP][PASSED] - urlData = <not implemented yet for class: org.codehaus.groovy.ast.expr.EmptyExpression>: null

16-05-2025T07:24:14 - [TEST_STEP][PASSED] - dashboardName = <not implemented yet for class: org.codehaus.groovy.ast.expr.EmptyExpression>: null

16-05-2025T07:24:14 - [TEST_STEP][PASSED] - a1 = <not implemented yet for class: org.codehaus.groovy.ast.expr.EmptyExpression>: null

16-05-2025T07:24:14 - [TEST_STEP][PASSED] - a2 = <not implemented yet for class: org.codehaus.groovy.ast.expr.EmptyExpression>: null

16-05-2025T07:24:14 - [TEST_STEP][PASSED] - a3 = <not implemented yet for class: org.codehaus.groovy.ast.expr.EmptyExpression>: null

16-05-2025T07:24:14 - [TEST_STEP][PASSED] - a4 = <not implemented yet for class: org.codehaus.groovy.ast.expr.EmptyExpression>: null

16-05-2025T07:24:14 - [TEST_STEP][PASSED] - a5 = <not implemented yet for class: org.codehaus.groovy.ast.expr.EmptyExpression>: null

16-05-2025T07:24:14 - [TEST_STEP][PASSED] - a6 = <not implemented yet for class: org.codehaus.groovy.ast.expr.EmptyExpression>: null

16-05-2025T07:24:14 - [TEST_STEP][PASSED] - a7 = <not implemented yet for class: org.codehaus.groovy.ast.expr.EmptyExpression>: null

16-05-2025T07:24:14 - [TEST_STEP][PASSED] - a8 = <not implemented yet for class: org.codehaus.groovy.ast.expr.EmptyExpression>: null

16-05-2025T07:24:14 - [TEST_STEP][PASSED] - a9 = <not implemented yet for class: org.codehaus.groovy.ast.expr.EmptyExpression>: null

16-05-2025T07:24:14 - [TEST_STEP][PASSED] - user = <not implemented yet for class: org.codehaus.groovy.ast.expr.EmptyExpression>: null

16-05-2025T07:24:14 - [TEST_STEP][PASSED] - for ([run = 1, run < 4, (run++)]): null

16-05-2025T07:24:14 - [TEST_STEP][PASSED] - VipolnenieBiznesPlana(user, dashboardName, n, data, run, a1, a2, a3, a4, a5, a6, a7, a8, a9, urlData): null

16-05-2025T07:24:14 - [TEST_STEP][PASSED] - n = data.getRowNumbers() + 1: null

16-05-2025T07:24:14 - [TEST_STEP][PASSED] - println(n): null

16-05-2025T07:24:14 - [TEST_STEP][PASSED] - dashboardName = "Выполнение бизнес-плана": null

16-05-2025T07:24:14 - [TEST_STEP][PASSED] - openBrowser(""): Browser is opened with url: ''

16-05-2025T07:24:15 - [MESSAGE][INFO] - Starting 'Chrome' driver

16-05-2025T07:24:15 - [MESSAGE][INFO] - Action delay is set to 0 milliseconds

16-05-2025T07:24:18 - [MESSAGE][PASSED] - Browser is opened with url: ''

16-05-2025T07:24:18 - [TEST_STEP][PASSED] - urlData = 1: null

16-05-2025T07:24:19 - [TEST_STEP][PASSED] - Script1686231490255.CheckPageDownload(urlData, run): null

16-05-2025T07:24:19 - [TEST_STEP][PASSED] - i = 1: null

16-05-2025T07:24:19 - [TEST_STEP][PASSED] - ii = 0: null

16-05-2025T07:24:19 - [TEST_STEP][PASSED] - urlText = <not implemented yet for class: org.codehaus.groovy.ast.expr.EmptyExpression>: null

16-05-2025T07:24:19 - [TEST_STEP][PASSED] - searchWord = <not implemented yet for class: org.codehaus.groovy.ast.expr.EmptyExpression>: null

16-05-2025T07:24:19 - [TEST_STEP][PASSED] - deleteAllCookies(): Delete all cookies successfully

16-05-2025T07:24:19 - [MESSAGE][PASSED] - Delete all cookies successfully

16-05-2025T07:24:19 - [TEST_STEP][PASSED] - refresh(): Refresh successfully

16-05-2025T07:24:19 - [MESSAGE][PASSED] - Refresh successfully

16-05-2025T07:24:19 - [TEST_STEP][PASSED] - delay(70): Delayed 70 second(s)

16-05-2025T07:25:29 - [MESSAGE][PASSED] - Delayed 70 second(s)

16-05-2025T07:25:29 - [TEST_STEP][PASSED] - navigateToUrl(findTestData("PlanFact").getValue(10, urlData)): Navigate to 'https://bi.rosseti.digital/viewer?dashboardGuid=d154a8eaf6824e2b9de1bb04dd061c18&sheetGuid=1305e8ce744049e1abdacea1ea397a26&fit=true' successfully

16-05-2025T07:25:31 - [MESSAGE][PASSED] - Navigate to 'https://bi.rosseti.digital/viewer?dashboardGuid=d154a8eaf6824e2b9de1bb04dd061c18&sheetGuid=1305e8ce744049e1abdacea1ea397a26&fit=true' successfully

16-05-2025T07:25:31 - [TEST_STEP][PASSED] - pageLoaded1 = verifyElementPresent(findTestObject("Страница авторизации/Text"), 30): Object 'Object Repository/Страница авторизации/Text' is present

16-05-2025T07:25:32 - [MESSAGE][PASSED] - Object 'Object Repository/Страница авторизации/Text' is present

16-05-2025T07:25:32 - [TEST_STEP][PASSED] - if (pageLoaded1 == false): null

16-05-2025T07:25:32 - [TEST_STEP][PASSED] - urlText = getText(findTestObject("Страница авторизации/Text")): Text of object 'Object Repository/Страница авторизации/Text' is: 'Вход'

16-05-2025T07:25:33 - [MESSAGE][PASSED] - Text of object 'Object Repository/Страница авторизации/Text' is: 'Вход'

16-05-2025T07:25:33 - [TEST_STEP][PASSED] - delay(70): Delayed 70 second(s)

16-05-2025T07:26:43 - [MESSAGE][PASSED] - Delayed 70 second(s)

16-05-2025T07:26:43 - [TEST_STEP][PASSED] - searchWord = "Вход": null

16-05-2025T07:26:43 - [TEST_STEP][PASSED] - if (urlText.contains(searchWord) == false): null

16-05-2025T07:26:43 - [TEST_STEP][PASSED] - setText(findTestObject("Страница авторизации/input__username"), findTestData("PlanFact").getValue(8, run)): Text 'liazgina-di' is set on object 'Object Repository/Страница авторизации/input__username'

16-05-2025T07:26:43 - [MESSAGE][PASSED] - Text 'liazgina-di' is set on object 'Object Repository/Страница авторизации/input__username'

16-05-2025T07:26:43 - [TEST_STEP][PASSED] - setText(findTestObject("Страница авторизации/input__password"), findTestData("PlanFact").getValue(9, run)): Text ')$%5srZ8o688Dm#q' is set on object 'Object Repository/Страница авторизации/input__password'

16-05-2025T07:26:44 - [MESSAGE][PASSED] - Text ')$%5srZ8o688Dm#q' is set on object 'Object Repository/Страница авторизации/input__password'

16-05-2025T07:26:44 - [TEST_STEP][PASSED] - click(findTestObject("Страница авторизации/button_")): Object: 'Object Repository/Страница авторизации/button_' is clicked on

16-05-2025T07:26:45 - [MESSAGE][PASSED] - Object: 'Object Repository/Страница авторизации/button_' is clicked on

16-05-2025T07:26:45 - [TEST_STEP][PASSED] - delay(70): Delayed 70 second(s)

16-05-2025T07:27:55 - [MESSAGE][PASSED] - Delayed 70 second(s)

16-05-2025T07:27:55 - [TEST_STEP][PASSED] - searchWord = "а": null

16-05-2025T07:27:55 - [TEST_STEP][PASSED] - pageLoaded2 = verifyElementPresent(findTestObject("Страница авторизации/Text"), 50): Object 'Object Repository/Страница авторизации/Text' is present

16-05-2025T07:27:56 - [MESSAGE][PASSED] - Object 'Object Repository/Страница авторизации/Text' is present

16-05-2025T07:27:56 - [TEST_STEP][PASSED] - if (pageLoaded2 == false): null

16-05-2025T07:27:56 - [TEST_STEP][PASSED] - urlText = getText(findTestObject("Страница авторизации/Text")): Text of object 'Object Repository/Страница авторизации/Text' is: 'Неизвестная ошибка (детали в консоли)
Перезагрузить дашборд'

16-05-2025T07:27:56 - [MESSAGE][PASSED] - Text of object 'Object Repository/Страница авторизации/Text' is: 'Неизвестная ошибка (детали в консоли)
Перезагрузить дашборд'

16-05-2025T07:27:56 - [TEST_STEP][PASSED] - if (urlText.contains("ошибка") || urlText.contains(searchWord) == false): Text of object 'Object Repository/Страница авторизации/Text' is: 'ДЗО 
ПАО Россети
Период
1 кв. 2025 года
Отклонения фактического уровня потерь от бизнес-плана, п.п.
0.05
-0.99
-0.40
-1.51
-0.19
-0.38
-0.25
-1.05
-0.60
-1.44
-1.52
Россети ФСК ЕЭС
Россети Волга
Россети Московскийрегион
Россети Северо-Запад
Россети Томск
Россети Тюмень
Россети Урал (ГК)
Россети Центр (ГК)
Россети Центр иПриволжье (ГК)
Россети Юг (ГК)
Россети Янтарь
-2
0
2
4
6
8

Уровень потерь электроэнергии
Россети ФСК ЕЭС
Россети Волга
Россети Московский регион
Россети Северо-Запад
Россети Томск
Россети Урал (ГК)
Россети Юг (ГК)
Россети Янтарь
0
10
20
30
40
50
60
70
3.79
7.22
|
9.39
|
6.73
|
10.74
|
6.88
|
10.84
|
10.39
|
3.84
|
6.22
9.00
5.22
10.55
6.63
9.40
8.87
п.п.
2.60
Итого
0
1
2
3
%
5.63 5.63
8.24 8.24
План
Факт
1
100

● Бизнес-план выполнен● ●● Превышение бизнес-плана
Отклонения фактического уровня потерь от бизнес-плана за 3 месяца (нарастающим итогом), п.п.
-0.0-0.0
-1.0-1.0
-0.4-0.4
-2.5-2.5
-0.3-0.3
-0.2-0.2
-0.3-0.3
-2.6-2.6
-1.9-1.9
-1.4-1.4
-2.4-2.4
0.10.1
-0.7-0.7
-1.5-1.5
-0.2-0.2
-0.4-0.4
-0.5-0.5
-1.8-1.8
-1.5-1.5
-1.5-1.5
0.10.1
-1.0-1.0
-0.4-0.4
-1.5-1.5
-0.2-0.2
-0.4-0.4
-0.3-0.3
-1.0-1.0
-0.6-0.6
-1.4-1.4
-1.5-1.5
Россети ФСКЕЭС
АО«Тываэнерго»
АО«Чеченэнерго»
Россети Волга
РоссетиКубань
РоссетиЛенэнерго(ГК)
РоссетиМосковскийрегион
РоссетиСеверныйКавказ (ГК)
Россети Северо-Запад
Россети Сибирь(ГК)
Россети Томск
Россети Тюмень
Россети Урал(ГК)
Россети Центр
Россети Центри Приволжье(ГК)
Россети Юг (Г…
РоссетиЯнтарь
-2
0
-4
2
п.п.
Отклонения фактического уровня потерь от бизнес-плана за 3 месяца (нарастающим итогом)
-3.4-3.4
-2.5-2.5
-6.0-6.0
-1.5-1.5
-0.6-0.6
-1.6-1.6
-1.4-1.4
-4.5-4.5
-1.8-1.8
-1.9-1.9
-5.3-5.3
-1.1-1.1
-0.5-0.5
-0.7-0.7
-0.9-0.9
-2.8-2.8
-1.2-1.2
-0.8-0.8
-4.0-4.0
-1.1-1.1
-0.4-0.4
-0.5-0.5
-0.2-0.2
-1.5-1.5
Итого по ФСК ЕЭС
АО "Тываэнерго"
АО «ВМЭС»
АО «Воронежская горэлектросеть»
АО «Тульские городские электрические сети»
АО «Чеченэнерго»
АО «Ярославская электросетевая компания»
АО ЕЭСК
Алтайэнерго
Архангельский филиал
Астраханьэнерго
Белгородэнерго
Брянскэнерго
Бурятэнерго
Владимирэнерго
Волгоградэнерго
Вологодский филиал
Воронежэнерго
Дагэнерго
Ивэнерго
Ингушэнерго
-8
0

Статус данных
Просьба обратить внимание
— все данные не занесены
Факт
План
Итого – Факт
Отпуск в сеть 177 286 590
Отпуск из сети 162 684 396
Потери 14 602 194
Итого – План
Отпуск в сеть 279 622 401
Отпуск из сети 263 872 604
Потери 15 749 796
Выполнение бизнес-плана в части показателя «Уровень потерь электроэнергии»
Показатели баланса электроэнергии по ДЗО – Факт 
164 602 454 4 949 974 28 695 297 6 258 254 1 364 454 19 698 947 3 467 484 901 140
158 511 723 4 641 851 26 113 910 5 931 711 1 220 439 18 393 144 3 141 633 821 181
6 090 730 308 123 2 581 387 326 542 144 015 1 305 803 325 852 79 959
Показатели баланса электроэнергии по ДЗО – План
167 925 540 5 172 896 30 256 406 6 540 566 1 428 476 20 275 424 3 760 351 908 608
161 793 849 4 799 582 27 414 523 6 100 575 1 275 060 18 880 336 3 352 866 814 188
6 131 691 373 314 2 841 883 439 991 153 416 1 395 088 407 485 94 420'

16-05-2025T07:27:56 - [TEST_STEP][PASSED] - for ([urlText.contains(searchWord) == false, i < 10, (ii++)]): Text of object 'Object Repository/Страница авторизации/Text' is: 'ДЗО 
ПАО Россети
Период
1 кв. 2025 года
Отклонения фактического уровня потерь от бизнес-плана, п.п.
0.05
-0.99
-0.40
-1.51
-0.19
-0.38
-0.25
-1.05
-0.60
-1.44
-1.52
Россети ФСК ЕЭС
Россети Волга
Россети Московскийрегион
Россети Северо-Запад
Россети Томск
Россети Тюмень
Россети Урал (ГК)
Россети Центр (ГК)
Россети Центр иПриволжье (ГК)
Россети Юг (ГК)
Россети Янтарь
-2
0
2
4
6
8

Уровень потерь электроэнергии
Россети ФСК ЕЭС
Россети Волга
Россети Московский регион
Россети Северо-Запад
Россети Томск
Россети Урал (ГК)
Россети Юг (ГК)
Россети Янтарь
0
10
20
30
40
50
60
70
3.79
7.22
|
9.39
|
6.73
|
10.74
|
6.88
|
10.84
|
10.39
|
3.84
|
6.22
9.00
5.22
10.55
6.63
9.40
8.87
п.п.
2.60
Итого
0
1
2
3
%
5.63 5.63
8.24 8.24
План
Факт
1
100

● Бизнес-план выполнен● ●● Превышение бизнес-плана
Отклонения фактического уровня потерь от бизнес-плана за 3 месяца (нарастающим итогом), п.п.
-0.0-0.0
-1.0-1.0
-0.4-0.4
-2.5-2.5
-0.3-0.3
-0.2-0.2
-0.3-0.3
-2.6-2.6
-1.9-1.9
-1.4-1.4
-2.4-2.4
0.10.1
-0.7-0.7
-1.5-1.5
-0.2-0.2
-0.4-0.4
-0.5-0.5
-1.8-1.8
-1.5-1.5
-1.5-1.5
0.10.1
-1.0-1.0
-0.4-0.4
-1.5-1.5
-0.2-0.2
-0.4-0.4
-0.3-0.3
-1.0-1.0
-0.6-0.6
-1.4-1.4
-1.5-1.5
Россети ФСКЕЭС
АО«Тываэнерго»
АО«Чеченэнерго»
Россети Волга
РоссетиКубань
РоссетиЛенэнерго(ГК)
РоссетиМосковскийрегион
РоссетиСеверныйКавказ (ГК)
Россети Северо-Запад
Россети Сибирь(ГК)
Россети Томск
Россети Тюмень
Россети Урал(ГК)
Россети Центр
Россети Центри Приволжье(ГК)
Россети Юг (Г…
РоссетиЯнтарь
-2
0
-4
2
п.п.
Отклонения фактического уровня потерь от бизнес-плана за 3 месяца (нарастающим итогом)
-3.4-3.4
-2.5-2.5
-6.0-6.0
-1.5-1.5
-0.6-0.6
-1.6-1.6
-1.4-1.4
-4.5-4.5
-1.8-1.8
-1.9-1.9
-5.3-5.3
-1.1-1.1
-0.5-0.5
-0.7-0.7
-0.9-0.9
-2.8-2.8
-1.2-1.2
-0.8-0.8
-4.0-4.0
-1.1-1.1
-0.4-0.4
-0.5-0.5
-0.2-0.2
-1.5-1.5
Итого по ФСК ЕЭС
АО "Тываэнерго"
АО «ВМЭС»
АО «Воронежская горэлектросеть»
АО «Тульские городские электрические сети»
АО «Чеченэнерго»
АО «Ярославская электросетевая компания»
АО ЕЭСК
Алтайэнерго
Архангельский филиал
Астраханьэнерго
Белгородэнерго
Брянскэнерго
Бурятэнерго
Владимирэнерго
Волгоградэнерго
Вологодский филиал
Воронежэнерго
Дагэнерго
Ивэнерго
Ингушэнерго
-8
0

Статус данных
Просьба обратить внимание
— все данные не занесены
Факт
План
Итого – Факт
Отпуск в сеть 177 286 590
Отпуск из сети 162 684 396
Потери 14 602 194
Итого – План
Отпуск в сеть 279 622 401
Отпуск из сети 263 872 604
Потери 15 749 796
Выполнение бизнес-плана в части показателя «Уровень потерь электроэнергии»
Показатели баланса электроэнергии по ДЗО – Факт 
164 602 454 4 949 974 28 695 297 6 258 254 1 364 454 19 698 947 3 467 484 901 140
158 511 723 4 641 851 26 113 910 5 931 711 1 220 439 18 393 144 3 141 633 821 181
6 090 730 308 123 2 581 387 326 542 144 015 1 305 803 325 852 79 959
Показатели баланса электроэнергии по ДЗО – План
167 925 540 5 172 896 30 256 406 6 540 566 1 428 476 20 275 424 3 760 351 908 608
161 793 849 4 799 582 27 414 523 6 100 575 1 275 060 18 880 336 3 352 866 814 188
6 131 691 373 314 2 841 883 439 991 153 416 1 395 088 407 485 94 420'

16-05-2025T07:27:56 - [TEST_STEP][PASSED] - i = i + 1: null

16-05-2025T07:27:56 - [TEST_STEP][PASSED] - refresh(): Refresh successfully

16-05-2025T07:27:56 - [MESSAGE][PASSED] - Refresh successfully

16-05-2025T07:27:56 - [TEST_STEP][PASSED] - delay(70): Delayed 70 second(s)

16-05-2025T07:29:06 - [MESSAGE][PASSED] - Delayed 70 second(s)

16-05-2025T07:29:06 - [TEST_STEP][PASSED] - navigateToUrl(findTestData("PlanFact").getValue(10, urlData)): Navigate to 'https://bi.rosseti.digital/viewer?dashboardGuid=d154a8eaf6824e2b9de1bb04dd061c18&sheetGuid=1305e8ce744049e1abdacea1ea397a26&fit=true' successfully

16-05-2025T07:29:07 - [MESSAGE][PASSED] - Navigate to 'https://bi.rosseti.digital/viewer?dashboardGuid=d154a8eaf6824e2b9de1bb04dd061c18&sheetGuid=1305e8ce744049e1abdacea1ea397a26&fit=true' successfully

16-05-2025T07:29:07 - [TEST_STEP][PASSED] - delay(70): Delayed 70 second(s)

16-05-2025T07:30:17 - [MESSAGE][PASSED] - Delayed 70 second(s)

16-05-2025T07:30:17 - [TEST_STEP][PASSED] - urlText = getText(findTestObject("Страница авторизации/Text")): Text of object 'Object Repository/Страница авторизации/Text' is: 'ДЗО 
ПАО Россети
Период
1 кв. 2025 года
Отклонения фактического уровня потерь от бизнес-плана, п.п.
0.05
-0.99
-0.40
-1.51
-0.19
-0.38
-0.25
-1.05
-0.60
-1.44
-1.52
Россети ФСК ЕЭС
Россети Волга
Россети Московскийрегион
Россети Северо-Запад
Россети Томск
Россети Тюмень
Россети Урал (ГК)
Россети Центр (ГК)
Россети Центр иПриволжье (ГК)
Россети Юг (ГК)
Россети Янтарь
-2
0
2
4
6
8

Уровень потерь электроэнергии
Россети ФСК ЕЭС
Россети Волга
Россети Московский регион
Россети Северо-Запад
Россети Томск
Россети Урал (ГК)
Россети Юг (ГК)
Россети Янтарь
0
10
20
30
40
50
60
70
3.79
7.22
|
9.39
|
6.73
|
10.74
|
6.88
|
10.84
|
10.39
|
3.84
|
6.22
9.00
5.22
10.55
6.63
9.40
8.87
п.п.
2.60
Итого
0
1
2
3
%
5.63 5.63
8.24 8.24
План
Факт
1
100

● Бизнес-план выполнен● ●● Превышение бизнес-плана
Отклонения фактического уровня потерь от бизнес-плана за 3 месяца (нарастающим итогом), п.п.
-0.0-0.0
-1.0-1.0
-0.4-0.4
-2.5-2.5
-0.3-0.3
-0.2-0.2
-0.3-0.3
-2.6-2.6
-1.9-1.9
-1.4-1.4
-2.4-2.4
0.10.1
-0.7-0.7
-1.5-1.5
-0.2-0.2
-0.4-0.4
-0.5-0.5
-1.8-1.8
-1.5-1.5
-1.5-1.5
0.10.1
-1.0-1.0
-0.4-0.4
-1.5-1.5
-0.2-0.2
-0.4-0.4
-0.3-0.3
-1.0-1.0
-0.6-0.6
-1.4-1.4
-1.5-1.5
Россети ФСКЕЭС
АО«Тываэнерго»
АО«Чеченэнерго»
Россети Волга
РоссетиКубань
РоссетиЛенэнерго(ГК)
РоссетиМосковскийрегион
РоссетиСеверныйКавказ (ГК)
Россети Северо-Запад
Россети Сибирь(ГК)
Россети Томск
Россети Тюмень
Россети Урал(ГК)
Россети Центр
Россети Центри Приволжье(ГК)
Россети Юг (Г…
РоссетиЯнтарь
-2
0
-4
2
п.п.
Отклонения фактического уровня потерь от бизнес-плана за 3 месяца (нарастающим итогом)
-3.4-3.4
-2.5-2.5
-6.0-6.0
-1.5-1.5
-0.6-0.6
-1.6-1.6
-1.4-1.4
-4.5-4.5
-1.8-1.8
-1.9-1.9
-5.3-5.3
-1.1-1.1
-0.5-0.5
-0.7-0.7
-0.9-0.9
-2.8-2.8
-1.2-1.2
-0.8-0.8
-4.0-4.0
-1.1-1.1
-0.4-0.4
-0.5-0.5
-0.2-0.2
-1.5-1.5
Итого по ФСК ЕЭС
АО "Тываэнерго"
АО «ВМЭС»
АО «Воронежская горэлектросеть»
АО «Тульские городские электрические сети»
АО «Чеченэнерго»
АО «Ярославская электросетевая компания»
АО ЕЭСК
Алтайэнерго
Архангельский филиал
Астраханьэнерго
Белгородэнерго
Брянскэнерго
Бурятэнерго
Владимирэнерго
Волгоградэнерго
Вологодский филиал
Воронежэнерго
Дагэнерго
Ивэнерго
Ингушэнерго
-8
0

Статус данных
Просьба обратить внимание
— все данные не занесены
Факт
План
Итого – Факт
Отпуск в сеть 177 286 590
Отпуск из сети 162 684 396
Потери 14 602 194
Итого – План
Отпуск в сеть 279 622 401
Отпуск из сети 263 872 604
Потери 15 749 796
Выполнение бизнес-плана в части показателя «Уровень потерь электроэнергии»
Показатели баланса электроэнергии по ДЗО – Факт 
164 602 454 4 949 974 28 695 297 6 258 254 1 364 454 19 698 947 3 467 484 901 140
158 511 723 4 641 851 26 113 910 5 931 711 1 220 439 18 393 144 3 141 633 821 181
6 090 730 308 123 2 581 387 326 542 144 015 1 305 803 325 852 79 959
Показатели баланса электроэнергии по ДЗО – План
167 925 540 5 172 896 30 256 406 6 540 566 1 428 476 20 275 424 3 760 351 908 608
161 793 849 4 799 582 27 414 523 6 100 575 1 275 060 18 880 336 3 352 866 814 188
6 131 691 373 314 2 841 883 439 991 153 416 1 395 088 407 485 94 420'

16-05-2025T07:30:19 - [MESSAGE][PASSED] - Text of object 'Object Repository/Страница авторизации/Text' is: 'ДЗО 
ПАО Россети
Период
1 кв. 2025 года
Отклонения фактического уровня потерь от бизнес-плана, п.п.
0.05
-0.99
-0.40
-1.51
-0.19
-0.38
-0.25
-1.05
-0.60
-1.44
-1.52
Россети ФСК ЕЭС
Россети Волга
Россети Московскийрегион
Россети Северо-Запад
Россети Томск
Россети Тюмень
Россети Урал (ГК)
Россети Центр (ГК)
Россети Центр иПриволжье (ГК)
Россети Юг (ГК)
Россети Янтарь
-2
0
2
4
6
8

Уровень потерь электроэнергии
Россети ФСК ЕЭС
Россети Волга
Россети Московский регион
Россети Северо-Запад
Россети Томск
Россети Урал (ГК)
Россети Юг (ГК)
Россети Янтарь
0
10
20
30
40
50
60
70
3.79
7.22
|
9.39
|
6.73
|
10.74
|
6.88
|
10.84
|
10.39
|
3.84
|
6.22
9.00
5.22
10.55
6.63
9.40
8.87
п.п.
2.60
Итого
0
1
2
3
%
5.63 5.63
8.24 8.24
План
Факт
1
100

● Бизнес-план выполнен● ●● Превышение бизнес-плана
Отклонения фактического уровня потерь от бизнес-плана за 3 месяца (нарастающим итогом), п.п.
-0.0-0.0
-1.0-1.0
-0.4-0.4
-2.5-2.5
-0.3-0.3
-0.2-0.2
-0.3-0.3
-2.6-2.6
-1.9-1.9
-1.4-1.4
-2.4-2.4
0.10.1
-0.7-0.7
-1.5-1.5
-0.2-0.2
-0.4-0.4
-0.5-0.5
-1.8-1.8
-1.5-1.5
-1.5-1.5
0.10.1
-1.0-1.0
-0.4-0.4
-1.5-1.5
-0.2-0.2
-0.4-0.4
-0.3-0.3
-1.0-1.0
-0.6-0.6
-1.4-1.4
-1.5-1.5
Россети ФСКЕЭС
АО«Тываэнерго»
АО«Чеченэнерго»
Россети Волга
РоссетиКубань
РоссетиЛенэнерго(ГК)
РоссетиМосковскийрегион
РоссетиСеверныйКавказ (ГК)
Россети Северо-Запад
Россети Сибирь(ГК)
Россети Томск
Россети Тюмень
Россети Урал(ГК)
Россети Центр
Россети Центри Приволжье(ГК)
Россети Юг (Г…
РоссетиЯнтарь
-2
0
-4
2
п.п.
Отклонения фактического уровня потерь от бизнес-плана за 3 месяца (нарастающим итогом)
-3.4-3.4
-2.5-2.5
-6.0-6.0
-1.5-1.5
-0.6-0.6
-1.6-1.6
-1.4-1.4
-4.5-4.5
-1.8-1.8
-1.9-1.9
-5.3-5.3
-1.1-1.1
-0.5-0.5
-0.7-0.7
-0.9-0.9
-2.8-2.8
-1.2-1.2
-0.8-0.8
-4.0-4.0
-1.1-1.1
-0.4-0.4
-0.5-0.5
-0.2-0.2
-1.5-1.5
Итого по ФСК ЕЭС
АО "Тываэнерго"
АО «ВМЭС»
АО «Воронежская горэлектросеть»
АО «Тульские городские электрические сети»
АО «Чеченэнерго»
АО «Ярославская электросетевая компания»
АО ЕЭСК
Алтайэнерго
Архангельский филиал
Астраханьэнерго
Белгородэнерго
Брянскэнерго
Бурятэнерго
Владимирэнерго
Волгоградэнерго
Вологодский филиал
Воронежэнерго
Дагэнерго
Ивэнерго
Ингушэнерго
-8
0

Статус данных
Просьба обратить внимание
— все данные не занесены
Факт
План
Итого – Факт
Отпуск в сеть 177 286 590
Отпуск из сети 162 684 396
Потери 14 602 194
Итого – План
Отпуск в сеть 279 622 401
Отпуск из сети 263 872 604
Потери 15 749 796
Выполнение бизнес-плана в части показателя «Уровень потерь электроэнергии»
Показатели баланса электроэнергии по ДЗО – Факт 
164 602 454 4 949 974 28 695 297 6 258 254 1 364 454 19 698 947 3 467 484 901 140
158 511 723 4 641 851 26 113 910 5 931 711 1 220 439 18 393 144 3 141 633 821 181
6 090 730 308 123 2 581 387 326 542 144 015 1 305 803 325 852 79 959
Показатели баланса электроэнергии по ДЗО – План
167 925 540 5 172 896 30 256 406 6 540 566 1 428 476 20 275 424 3 760 351 908 608
161 793 849 4 799 582 27 414 523 6 100 575 1 275 060 18 880 336 3 352 866 814 188
6 131 691 373 314 2 841 883 439 991 153 416 1 395 088 407 485 94 420'

16-05-2025T07:30:19 - [TEST_STEP][PASSED] - i = i + 1: null

16-05-2025T07:30:19 - [TEST_STEP][PASSED] - refresh(): Refresh successfully

16-05-2025T07:30:19 - [MESSAGE][PASSED] - Refresh successfully

16-05-2025T07:30:19 - [TEST_STEP][PASSED] - delay(70): Delayed 70 second(s)

16-05-2025T07:31:29 - [MESSAGE][PASSED] - Delayed 70 second(s)

16-05-2025T07:31:29 - [TEST_STEP][PASSED] - navigateToUrl(findTestData("PlanFact").getValue(10, urlData)): Navigate to 'https://bi.rosseti.digital/viewer?dashboardGuid=d154a8eaf6824e2b9de1bb04dd061c18&sheetGuid=1305e8ce744049e1abdacea1ea397a26&fit=true' successfully

16-05-2025T07:31:29 - [MESSAGE][PASSED] - Navigate to 'https://bi.rosseti.digital/viewer?dashboardGuid=d154a8eaf6824e2b9de1bb04dd061c18&sheetGuid=1305e8ce744049e1abdacea1ea397a26&fit=true' successfully

16-05-2025T07:31:29 - [TEST_STEP][PASSED] - delay(70): Delayed 70 second(s)

16-05-2025T07:32:39 - [MESSAGE][PASSED] - Delayed 70 second(s)

16-05-2025T07:32:40 - [TEST_STEP][PASSED] - urlText = getText(findTestObject("Страница авторизации/Text")): Text of object 'Object Repository/Страница авторизации/Text' is: 'ДЗО 
ПАО Россети
Период
1 кв. 2025 года
Отклонения фактического уровня потерь от бизнес-плана, п.п.
0.05
-0.99
-0.40
-1.51
-0.19
-0.38
-0.25
-1.05
-0.60
-1.44
-1.52
Россети ФСК ЕЭС
Россети Волга
Россети Московскийрегион
Россети Северо-Запад
Россети Томск
Россети Тюмень
Россети Урал (ГК)
Россети Центр (ГК)
Россети Центр иПриволжье (ГК)
Россети Юг (ГК)
Россети Янтарь
-2
0
2
4
6
8

Уровень потерь электроэнергии
Россети ФСК ЕЭС
Россети Волга
Россети Московский регион
Россети Северо-Запад
Россети Томск
Россети Урал (ГК)
Россети Юг (ГК)
Россети Янтарь
0
10
20
30
40
50
60
70
3.79
7.22
|
9.39
|
6.73
|
10.74
|
6.88
|
10.84
|
10.39
|
3.84
|
6.22
9.00
5.22
10.55
6.63
9.40
8.87
п.п.
2.60
Итого
0
1
2
3
%
5.63 5.63
8.24 8.24
План
Факт
1
100

Ошибка запроса данных
п.п.
Отклонения фактического уровня потерь от бизнес-плана за 3 месяца (нарастающим итогом)
-3.4-3.4
-2.5-2.5
-6.0-6.0
-1.5-1.5
-0.6-0.6
-1.6-1.6
-1.4-1.4
-4.5-4.5
-1.8-1.8
-1.9-1.9
-5.3-5.3
-1.1-1.1
-0.5-0.5
-0.7-0.7
-0.9-0.9
-2.8-2.8
-1.2-1.2
-0.8-0.8
-4.0-4.0
-1.1-1.1
-0.4-0.4
-0.5-0.5
-0.2-0.2
-1.5-1.5
Итого по ФСК ЕЭС
АО "Тываэнерго"
АО «ВМЭС»
АО «Воронежская горэлектросеть»
АО «Тульские городские электрические сети»
АО «Чеченэнерго»
АО «Ярославская электросетевая компания»
АО ЕЭСК
Алтайэнерго
Архангельский филиал
Астраханьэнерго
Белгородэнерго
Брянскэнерго
Бурятэнерго
Владимирэнерго
Волгоградэнерго
Вологодский филиал
Воронежэнерго
Дагэнерго
Ивэнерго
Ингушэнерго
-8
0

Статус данных
Просьба обратить внимание
— все данные не занесены
Факт
План
Итого – Факт
Отпуск в сеть 177 286 590
Отпуск из сети 162 684 396
Потери 14 602 194
Итого – План
Отпуск в сеть 279 622 401
Отпуск из сети 263 872 604
Потери 15 749 796
Выполнение бизнес-плана в части показателя «Уровень потерь электроэнергии»
Показатели баланса электроэнергии по ДЗО – Факт 
164 602 454 4 949 974 28 695 297 6 258 254 1 364 454 19 698 947 3 467 484 901 140
158 511 723 4 641 851 26 113 910 5 931 711 1 220 439 18 393 144 3 141 633 821 181
6 090 730 308 123 2 581 387 326 542 144 015 1 305 803 325 852 79 959
Показатели баланса электроэнергии по ДЗО – План
167 925 540 5 172 896 30 256 406 6 540 566 1 428 476 20 275 424 3 760 351 908 608
161 793 849 4 799 582 27 414 523 6 100 575 1 275 060 18 880 336 3 352 866 814 188
6 131 691 373 314 2 841 883 439 991 153 416 1 395 088 407 485 94 420'

16-05-2025T07:32:41 - [MESSAGE][PASSED] - Text of object 'Object Repository/Страница авторизации/Text' is: 'ДЗО 
ПАО Россети
Период
1 кв. 2025 года
Отклонения фактического уровня потерь от бизнес-плана, п.п.
0.05
-0.99
-0.40
-1.51
-0.19
-0.38
-0.25
-1.05
-0.60
-1.44
-1.52
Россети ФСК ЕЭС
Россети Волга
Россети Московскийрегион
Россети Северо-Запад
Россети Томск
Россети Тюмень
Россети Урал (ГК)
Россети Центр (ГК)
Россети Центр иПриволжье (ГК)
Россети Юг (ГК)
Россети Янтарь
-2
0
2
4
6
8

Уровень потерь электроэнергии
Россети ФСК ЕЭС
Россети Волга
Россети Московский регион
Россети Северо-Запад
Россети Томск
Россети Урал (ГК)
Россети Юг (ГК)
Россети Янтарь
0
10
20
30
40
50
60
70
3.79
7.22
|
9.39
|
6.73
|
10.74
|
6.88
|
10.84
|
10.39
|
3.84
|
6.22
9.00
5.22
10.55
6.63
9.40
8.87
п.п.
2.60
Итого
0
1
2
3
%
5.63 5.63
8.24 8.24
План
Факт
1
100

Ошибка запроса данных
п.п.
Отклонения фактического уровня потерь от бизнес-плана за 3 месяца (нарастающим итогом)
-3.4-3.4
-2.5-2.5
-6.0-6.0
-1.5-1.5
-0.6-0.6
-1.6-1.6
-1.4-1.4
-4.5-4.5
-1.8-1.8
-1.9-1.9
-5.3-5.3
-1.1-1.1
-0.5-0.5
-0.7-0.7
-0.9-0.9
-2.8-2.8
-1.2-1.2
-0.8-0.8
-4.0-4.0
-1.1-1.1
-0.4-0.4
-0.5-0.5
-0.2-0.2
-1.5-1.5
Итого по ФСК ЕЭС
АО "Тываэнерго"
АО «ВМЭС»
АО «Воронежская горэлектросеть»
АО «Тульские городские электрические сети»
АО «Чеченэнерго»
АО «Ярославская электросетевая компания»
АО ЕЭСК
Алтайэнерго
Архангельский филиал
Астраханьэнерго
Белгородэнерго
Брянскэнерго
Бурятэнерго
Владимирэнерго
Волгоградэнерго
Вологодский филиал
Воронежэнерго
Дагэнерго
Ивэнерго
Ингушэнерго
-8
0

Статус данных
Просьба обратить внимание
— все данные не занесены
Факт
План
Итого – Факт
Отпуск в сеть 177 286 590
Отпуск из сети 162 684 396
Потери 14 602 194
Итого – План
Отпуск в сеть 279 622 401
Отпуск из сети 263 872 604
Потери 15 749 796
Выполнение бизнес-плана в части показателя «Уровень потерь электроэнергии»
Показатели баланса электроэнергии по ДЗО – Факт 
164 602 454 4 949 974 28 695 297 6 258 254 1 364 454 19 698 947 3 467 484 901 140
158 511 723 4 641 851 26 113 910 5 931 711 1 220 439 18 393 144 3 141 633 821 181
6 090 730 308 123 2 581 387 326 542 144 015 1 305 803 325 852 79 959
Показатели баланса электроэнергии по ДЗО – План
167 925 540 5 172 896 30 256 406 6 540 566 1 428 476 20 275 424 3 760 351 908 608
161 793 849 4 799 582 27 414 523 6 100 575 1 275 060 18 880 336 3 352 866 814 188
6 131 691 373 314 2 841 883 439 991 153 416 1 395 088 407 485 94 420'

16-05-2025T07:32:41 - [TEST_STEP][PASSED] - i = i + 1: null

16-05-2025T07:32:41 - [TEST_STEP][PASSED] - refresh(): Refresh successfully

16-05-2025T07:32:42 - [MESSAGE][PASSED] - Refresh successfully

16-05-2025T07:32:42 - [TEST_STEP][PASSED] - delay(70): Delayed 70 second(s)

16-05-2025T07:33:52 - [MESSAGE][PASSED] - Delayed 70 second(s)

16-05-2025T07:33:52 - [TEST_STEP][PASSED] - navigateToUrl(findTestData("PlanFact").getValue(10, urlData)): Navigate to 'https://bi.rosseti.digital/viewer?dashboardGuid=d154a8eaf6824e2b9de1bb04dd061c18&sheetGuid=1305e8ce744049e1abdacea1ea397a26&fit=true' successfully

16-05-2025T07:33:52 - [MESSAGE][PASSED] - Navigate to 'https://bi.rosseti.digital/viewer?dashboardGuid=d154a8eaf6824e2b9de1bb04dd061c18&sheetGuid=1305e8ce744049e1abdacea1ea397a26&fit=true' successfully

16-05-2025T07:33:52 - [TEST_STEP][PASSED] - delay(70): Delayed 70 second(s)

16-05-2025T07:35:02 - [MESSAGE][PASSED] - Delayed 70 second(s)

16-05-2025T07:35:02 - [TEST_STEP][PASSED] - urlText = getText(findTestObject("Страница авторизации/Text")): Text of object 'Object Repository/Страница авторизации/Text' is: 'ДЗО 
ПАО Россети
Период
1 кв. 2025 года
Отклонения фактического уровня потерь от бизнес-плана, п.п.
0.05
-0.99
-0.40
-1.51
-0.19
-0.38
-0.25
-1.05
-0.60
-1.44
-1.52
Россети ФСК ЕЭС
Россети Волга
Россети Московскийрегион
Россети Северо-Запад
Россети Томск
Россети Тюмень
Россети Урал (ГК)
Россети Центр (ГК)
Россети Центр иПриволжье (ГК)
Россети Юг (ГК)
Россети Янтарь
-2
0
2
4
6
8

Уровень потерь электроэнергии
Россети ФСК ЕЭС
Россети Волга
Россети Московский регион
Россети Северо-Запад
Россети Томск
Россети Урал (ГК)
Россети Юг (ГК)
Россети Янтарь
0
10
20
30
40
50
60
70
3.79
7.22
|
9.39
|
6.73
|
10.74
|
6.88
|
10.84
|
10.39
|
3.84
|
6.22
9.00
5.22
10.55
6.63
9.40
8.87
п.п.
2.60
Итого
0
1
2
3
%
5.63 5.63
8.24 8.24
План
Факт
1
100

● Бизнес-план выполнен● ●● Превышение бизнес-плана
Отклонения фактического уровня потерь от бизнес-плана за 3 месяца (нарастающим итогом), п.п.
-0.0-0.0
-1.0-1.0
-0.4-0.4
-2.5-2.5
-0.3-0.3
-0.2-0.2
-0.3-0.3
-2.6-2.6
-1.9-1.9
-1.4-1.4
-2.4-2.4
0.10.1
-0.7-0.7
-1.5-1.5
-0.2-0.2
-0.4-0.4
-0.5-0.5
-1.8-1.8
-1.5-1.5
-1.5-1.5
0.10.1
-1.0-1.0
-0.4-0.4
-1.5-1.5
-0.2-0.2
-0.4-0.4
-0.3-0.3
-1.0-1.0
-0.6-0.6
-1.4-1.4
-1.5-1.5
Россети ФСКЕЭС
АО«Тываэнерго»
АО«Чеченэнерго»
Россети Волга
РоссетиКубань
РоссетиЛенэнерго(ГК)
РоссетиМосковскийрегион
РоссетиСеверныйКавказ (ГК)
Россети Северо-Запад
Россети Сибирь(ГК)
Россети Томск
Россети Тюмень
Россети Урал(ГК)
Россети Центр
Россети Центри Приволжье(ГК)
Россети Юг (Г…
РоссетиЯнтарь
-2
0
-4
2
п.п.
Отклонения фактического уровня потерь от бизнес-плана за 3 месяца (нарастающим итогом)
-3.4-3.4
-2.5-2.5
-6.0-6.0
-1.5-1.5
-0.6-0.6
-1.6-1.6
-1.4-1.4
-4.5-4.5
-1.8-1.8
-1.9-1.9
-5.3-5.3
-1.1-1.1
-0.5-0.5
-0.7-0.7
-0.9-0.9
-2.8-2.8
-1.2-1.2
-0.8-0.8
-4.0-4.0
-1.1-1.1
-0.4-0.4
-0.5-0.5
-0.2-0.2
-1.5-1.5
Итого по ФСК ЕЭС
АО "Тываэнерго"
АО «ВМЭС»
АО «Воронежская горэлектросеть»
АО «Тульские городские электрические сети»
АО «Чеченэнерго»
АО «Ярославская электросетевая компания»
АО ЕЭСК
Алтайэнерго
Архангельский филиал
Астраханьэнерго
Белгородэнерго
Брянскэнерго
Бурятэнерго
Владимирэнерго
Волгоградэнерго
Вологодский филиал
Воронежэнерго
Дагэнерго
Ивэнерго
Ингушэнерго
-8
0

Статус данных
Просьба обратить внимание
— все данные не занесены
Факт
План
Итого – Факт
Отпуск в сеть 177 286 590
Отпуск из сети 162 684 396
Потери 14 602 194
Итого – План
Отпуск в сеть 279 622 401
Отпуск из сети 263 872 604
Потери 15 749 796
Выполнение бизнес-плана в части показателя «Уровень потерь электроэнергии»
Показатели баланса электроэнергии по ДЗО – Факт 
164 602 454 4 949 974 28 695 297 6 258 254 1 364 454 19 698 947 3 467 484 901 140
158 511 723 4 641 851 26 113 910 5 931 711 1 220 439 18 393 144 3 141 633 821 181
6 090 730 308 123 2 581 387 326 542 144 015 1 305 803 325 852 79 959
Показатели баланса электроэнергии по ДЗО – План
167 925 540 5 172 896 30 256 406 6 540 566 1 428 476 20 275 424 3 760 351 908 608
161 793 849 4 799 582 27 414 523 6 100 575 1 275 060 18 880 336 3 352 866 814 188
6 131 691 373 314 2 841 883 439 991 153 416 1 395 088 407 485 94 420'

16-05-2025T07:35:04 - [MESSAGE][PASSED] - Text of object 'Object Repository/Страница авторизации/Text' is: 'ДЗО 
ПАО Россети
Период
1 кв. 2025 года
Отклонения фактического уровня потерь от бизнес-плана, п.п.
0.05
-0.99
-0.40
-1.51
-0.19
-0.38
-0.25
-1.05
-0.60
-1.44
-1.52
Россети ФСК ЕЭС
Россети Волга
Россети Московскийрегион
Россети Северо-Запад
Россети Томск
Россети Тюмень
Россети Урал (ГК)
Россети Центр (ГК)
Россети Центр иПриволжье (ГК)
Россети Юг (ГК)
Россети Янтарь
-2
0
2
4
6
8

Уровень потерь электроэнергии
Россети ФСК ЕЭС
Россети Волга
Россети Московский регион
Россети Северо-Запад
Россети Томск
Россети Урал (ГК)
Россети Юг (ГК)
Россети Янтарь
0
10
20
30
40
50
60
70
3.79
7.22
|
9.39
|
6.73
|
10.74
|
6.88
|
10.84
|
10.39
|
3.84
|
6.22
9.00
5.22
10.55
6.63
9.40
8.87
п.п.
2.60
Итого
0
1
2
3
%
5.63 5.63
8.24 8.24
План
Факт
1
100

● Бизнес-план выполнен● ●● Превышение бизнес-плана
Отклонения фактического уровня потерь от бизнес-плана за 3 месяца (нарастающим итогом), п.п.
-0.0-0.0
-1.0-1.0
-0.4-0.4
-2.5-2.5
-0.3-0.3
-0.2-0.2
-0.3-0.3
-2.6-2.6
-1.9-1.9
-1.4-1.4
-2.4-2.4
0.10.1
-0.7-0.7
-1.5-1.5
-0.2-0.2
-0.4-0.4
-0.5-0.5
-1.8-1.8
-1.5-1.5
-1.5-1.5
0.10.1
-1.0-1.0
-0.4-0.4
-1.5-1.5
-0.2-0.2
-0.4-0.4
-0.3-0.3
-1.0-1.0
-0.6-0.6
-1.4-1.4
-1.5-1.5
Россети ФСКЕЭС
АО«Тываэнерго»
АО«Чеченэнерго»
Россети Волга
РоссетиКубань
РоссетиЛенэнерго(ГК)
РоссетиМосковскийрегион
РоссетиСеверныйКавказ (ГК)
Россети Северо-Запад
Россети Сибирь(ГК)
Россети Томск
Россети Тюмень
Россети Урал(ГК)
Россети Центр
Россети Центри Приволжье(ГК)
Россети Юг (Г…
РоссетиЯнтарь
-2
0
-4
2
п.п.
Отклонения фактического уровня потерь от бизнес-плана за 3 месяца (нарастающим итогом)
-3.4-3.4
-2.5-2.5
-6.0-6.0
-1.5-1.5
-0.6-0.6
-1.6-1.6
-1.4-1.4
-4.5-4.5
-1.8-1.8
-1.9-1.9
-5.3-5.3
-1.1-1.1
-0.5-0.5
-0.7-0.7
-0.9-0.9
-2.8-2.8
-1.2-1.2
-0.8-0.8
-4.0-4.0
-1.1-1.1
-0.4-0.4
-0.5-0.5
-0.2-0.2
-1.5-1.5
Итого по ФСК ЕЭС
АО "Тываэнерго"
АО «ВМЭС»
АО «Воронежская горэлектросеть»
АО «Тульские городские электрические сети»
АО «Чеченэнерго»
АО «Ярославская электросетевая компания»
АО ЕЭСК
Алтайэнерго
Архангельский филиал
Астраханьэнерго
Белгородэнерго
Брянскэнерго
Бурятэнерго
Владимирэнерго
Волгоградэнерго
Вологодский филиал
Воронежэнерго
Дагэнерго
Ивэнерго
Ингушэнерго
-8
0

Статус данных
Просьба обратить внимание
— все данные не занесены
Факт
План
Итого – Факт
Отпуск в сеть 177 286 590
Отпуск из сети 162 684 396
Потери 14 602 194
Итого – План
Отпуск в сеть 279 622 401
Отпуск из сети 263 872 604
Потери 15 749 796
Выполнение бизнес-плана в части показателя «Уровень потерь электроэнергии»
Показатели баланса электроэнергии по ДЗО – Факт 
164 602 454 4 949 974 28 695 297 6 258 254 1 364 454 19 698 947 3 467 484 901 140
158 511 723 4 641 851 26 113 910 5 931 711 1 220 439 18 393 144 3 141 633 821 181
6 090 730 308 123 2 581 387 326 542 144 015 1 305 803 325 852 79 959
Показатели баланса электроэнергии по ДЗО – План
167 925 540 5 172 896 30 256 406 6 540 566 1 428 476 20 275 424 3 760 351 908 608
161 793 849 4 799 582 27 414 523 6 100 575 1 275 060 18 880 336 3 352 866 814 188
6 131 691 373 314 2 841 883 439 991 153 416 1 395 088 407 485 94 420'

16-05-2025T07:35:04 - [TEST_STEP][PASSED] - i = i + 1: null

16-05-2025T07:35:04 - [TEST_STEP][PASSED] - refresh(): Refresh successfully

16-05-2025T07:35:04 - [MESSAGE][PASSED] - Refresh successfully

16-05-2025T07:35:04 - [TEST_STEP][PASSED] - delay(70): Delayed 70 second(s)

16-05-2025T07:36:14 - [MESSAGE][PASSED] - Delayed 70 second(s)

16-05-2025T07:36:14 - [TEST_STEP][PASSED] - navigateToUrl(findTestData("PlanFact").getValue(10, urlData)): Navigate to 'https://bi.rosseti.digital/viewer?dashboardGuid=d154a8eaf6824e2b9de1bb04dd061c18&sheetGuid=1305e8ce744049e1abdacea1ea397a26&fit=true' successfully

16-05-2025T07:36:15 - [MESSAGE][PASSED] - Navigate to 'https://bi.rosseti.digital/viewer?dashboardGuid=d154a8eaf6824e2b9de1bb04dd061c18&sheetGuid=1305e8ce744049e1abdacea1ea397a26&fit=true' successfully

16-05-2025T07:36:15 - [TEST_STEP][PASSED] - delay(70): Delayed 70 second(s)

16-05-2025T07:37:25 - [MESSAGE][PASSED] - Delayed 70 second(s)

16-05-2025T07:37:25 - [TEST_STEP][PASSED] - urlText = getText(findTestObject("Страница авторизации/Text")): Text of object 'Object Repository/Страница авторизации/Text' is: 'ДЗО 
ПАО Россети
Период
1 кв. 2025 года
Отклонения фактического уровня потерь от бизнес-плана, п.п.
0.05
-0.99
-0.40
-1.51
-0.19
-0.38
-0.25
-1.05
-0.60
-1.44
-1.52
Россети ФСК ЕЭС
Россети Волга
Россети Московскийрегион
Россети Северо-Запад
Россети Томск
Россети Тюмень
Россети Урал (ГК)
Россети Центр (ГК)
Россети Центр иПриволжье (ГК)
Россети Юг (ГК)
Россети Янтарь
-2
0
2
4
6
8

Уровень потерь электроэнергии
Россети ФСК ЕЭС
Россети Волга
Россети Московский регион
Россети Северо-Запад
Россети Томск
Россети Урал (ГК)
Россети Юг (ГК)
Россети Янтарь
0
10
20
30
40
50
60
70
3.79
7.22
|
9.39
|
6.73
|
10.74
|
6.88
|
10.84
|
10.39
|
3.84
|
6.22
9.00
5.22
10.55
6.63
9.40
8.87
п.п.
2.60
Итого
0
1
2
3
%
5.63 5.63
8.24 8.24
План
Факт
1
100

● Бизнес-план выполнен● ●● Превышение бизнес-плана
Отклонения фактического уровня потерь от бизнес-плана за 3 месяца (нарастающим итогом), п.п.
-0.0-0.0
-1.0-1.0
-0.4-0.4
-2.5-2.5
-0.3-0.3
-0.2-0.2
-0.3-0.3
-2.6-2.6
-1.9-1.9
-1.4-1.4
-2.4-2.4
0.10.1
-0.7-0.7
-1.5-1.5
-0.2-0.2
-0.4-0.4
-0.5-0.5
-1.8-1.8
-1.5-1.5
-1.5-1.5
0.10.1
-1.0-1.0
-0.4-0.4
-1.5-1.5
-0.2-0.2
-0.4-0.4
-0.3-0.3
-1.0-1.0
-0.6-0.6
-1.4-1.4
-1.5-1.5
Россети ФСКЕЭС
АО«Тываэнерго»
АО«Чеченэнерго»
Россети Волга
РоссетиКубань
РоссетиЛенэнерго(ГК)
РоссетиМосковскийрегион
РоссетиСеверныйКавказ (ГК)
Россети Северо-Запад
Россети Сибирь(ГК)
Россети Томск
Россети Тюмень
Россети Урал(ГК)
Россети Центр
Россети Центри Приволжье(ГК)
Россети Юг (Г…
РоссетиЯнтарь
-2
0
-4
2
п.п.
Отклонения фактического уровня потерь от бизнес-плана за 3 месяца (нарастающим итогом)
-3.4-3.4
-2.5-2.5
-6.0-6.0
-1.5-1.5
-0.6-0.6
-1.6-1.6
-1.4-1.4
-4.5-4.5
-1.8-1.8
-1.9-1.9
-5.3-5.3
-1.1-1.1
-0.5-0.5
-0.7-0.7
-0.9-0.9
-2.8-2.8
-1.2-1.2
-0.8-0.8
-4.0-4.0
-1.1-1.1
-0.4-0.4
-0.5-0.5
-0.2-0.2
-1.5-1.5
Итого по ФСК ЕЭС
АО "Тываэнерго"
АО «ВМЭС»
АО «Воронежская горэлектросеть»
АО «Тульские городские электрические сети»
АО «Чеченэнерго»
АО «Ярославская электросетевая компания»
АО ЕЭСК
Алтайэнерго
Архангельский филиал
Астраханьэнерго
Белгородэнерго
Брянскэнерго
Бурятэнерго
Владимирэнерго
Волгоградэнерго
Вологодский филиал
Воронежэнерго
Дагэнерго
Ивэнерго
Ингушэнерго
-8
0

Статус данных
Просьба обратить внимание
— все данные не занесены
Факт
План
Итого – Факт
Отпуск в сеть 177 286 590
Отпуск из сети 162 684 396
Потери 14 602 194
Итого – План
Отпуск в сеть 279 622 401
Отпуск из сети 263 872 604
Потери 15 749 796
Выполнение бизнес-плана в части показателя «Уровень потерь электроэнергии»
Показатели баланса электроэнергии по ДЗО – Факт 
164 602 454 4 949 974 28 695 297 6 258 254 1 364 454 19 698 947 3 467 484 901 140
158 511 723 4 641 851 26 113 910 5 931 711 1 220 439 18 393 144 3 141 633 821 181
6 090 730 308 123 2 581 387 326 542 144 015 1 305 803 325 852 79 959
Показатели баланса электроэнергии по ДЗО – План
167 925 540 5 172 896 30 256 406 6 540 566 1 428 476 20 275 424 3 760 351 908 608
161 793 849 4 799 582 27 414 523 6 100 575 1 275 060 18 880 336 3 352 866 814 188
6 131 691 373 314 2 841 883 439 991 153 416 1 395 088 407 485 94 420'

16-05-2025T07:37:26 - [MESSAGE][PASSED] - Text of object 'Object Repository/Страница авторизации/Text' is: 'ДЗО 
ПАО Россети
Период
1 кв. 2025 года
Отклонения фактического уровня потерь от бизнес-плана, п.п.
0.05
-0.99
-0.40
-1.51
-0.19
-0.38
-0.25
-1.05
-0.60
-1.44
-1.52
Россети ФСК ЕЭС
Россети Волга
Россети Московскийрегион
Россети Северо-Запад
Россети Томск
Россети Тюмень
Россети Урал (ГК)
Россети Центр (ГК)
Россети Центр иПриволжье (ГК)
Россети Юг (ГК)
Россети Янтарь
-2
0
2
4
6
8

Уровень потерь электроэнергии
Россети ФСК ЕЭС
Россети Волга
Россети Московский регион
Россети Северо-Запад
Россети Томск
Россети Урал (ГК)
Россети Юг (ГК)
Россети Янтарь
0
10
20
30
40
50
60
70
3.79
7.22
|
9.39
|
6.73
|
10.74
|
6.88
|
10.84
|
10.39
|
3.84
|
6.22
9.00
5.22
10.55
6.63
9.40
8.87
п.п.
2.60
Итого
0
1
2
3
%
5.63 5.63
8.24 8.24
План
Факт
1
100

● Бизнес-план выполнен● ●● Превышение бизнес-плана
Отклонения фактического уровня потерь от бизнес-плана за 3 месяца (нарастающим итогом), п.п.
-0.0-0.0
-1.0-1.0
-0.4-0.4
-2.5-2.5
-0.3-0.3
-0.2-0.2
-0.3-0.3
-2.6-2.6
-1.9-1.9
-1.4-1.4
-2.4-2.4
0.10.1
-0.7-0.7
-1.5-1.5
-0.2-0.2
-0.4-0.4
-0.5-0.5
-1.8-1.8
-1.5-1.5
-1.5-1.5
0.10.1
-1.0-1.0
-0.4-0.4
-1.5-1.5
-0.2-0.2
-0.4-0.4
-0.3-0.3
-1.0-1.0
-0.6-0.6
-1.4-1.4
-1.5-1.5
Россети ФСКЕЭС
АО«Тываэнерго»
АО«Чеченэнерго»
Россети Волга
РоссетиКубань
РоссетиЛенэнерго(ГК)
РоссетиМосковскийрегион
РоссетиСеверныйКавказ (ГК)
Россети Северо-Запад
Россети Сибирь(ГК)
Россети Томск
Россети Тюмень
Россети Урал(ГК)
Россети Центр
Россети Центри Приволжье(ГК)
Россети Юг (Г…
РоссетиЯнтарь
-2
0
-4
2
п.п.
Отклонения фактического уровня потерь от бизнес-плана за 3 месяца (нарастающим итогом)
-3.4-3.4
-2.5-2.5
-6.0-6.0
-1.5-1.5
-0.6-0.6
-1.6-1.6
-1.4-1.4
-4.5-4.5
-1.8-1.8
-1.9-1.9
-5.3-5.3
-1.1-1.1
-0.5-0.5
-0.7-0.7
-0.9-0.9
-2.8-2.8
-1.2-1.2
-0.8-0.8
-4.0-4.0
-1.1-1.1
-0.4-0.4
-0.5-0.5
-0.2-0.2
-1.5-1.5
Итого по ФСК ЕЭС
АО "Тываэнерго"
АО «ВМЭС»
АО «Воронежская горэлектросеть»
АО «Тульские городские электрические сети»
АО «Чеченэнерго»
АО «Ярославская электросетевая компания»
АО ЕЭСК
Алтайэнерго
Архангельский филиал
Астраханьэнерго
Белгородэнерго
Брянскэнерго
Бурятэнерго
Владимирэнерго
Волгоградэнерго
Вологодский филиал
Воронежэнерго
Дагэнерго
Ивэнерго
Ингушэнерго
-8
0

Статус данных
Просьба обратить внимание
— все данные не занесены
Факт
План
Итого – Факт
Отпуск в сеть 177 286 590
Отпуск из сети 162 684 396
Потери 14 602 194
Итого – План
Отпуск в сеть 279 622 401
Отпуск из сети 263 872 604
Потери 15 749 796
Выполнение бизнес-плана в части показателя «Уровень потерь электроэнергии»
Показатели баланса электроэнергии по ДЗО – Факт 
164 602 454 4 949 974 28 695 297 6 258 254 1 364 454 19 698 947 3 467 484 901 140
158 511 723 4 641 851 26 113 910 5 931 711 1 220 439 18 393 144 3 141 633 821 181
6 090 730 308 123 2 581 387 326 542 144 015 1 305 803 325 852 79 959
Показатели баланса электроэнергии по ДЗО – План
167 925 540 5 172 896 30 256 406 6 540 566 1 428 476 20 275 424 3 760 351 908 608
161 793 849 4 799 582 27 414 523 6 100 575 1 275 060 18 880 336 3 352 866 814 188
6 131 691 373 314 2 841 883 439 991 153 416 1 395 088 407 485 94 420'

16-05-2025T07:37:26 - [TEST_STEP][PASSED] - i = i + 1: null

16-05-2025T07:37:26 - [TEST_STEP][PASSED] - refresh(): Refresh successfully

16-05-2025T07:37:27 - [MESSAGE][PASSED] - Refresh successfully

16-05-2025T07:37:27 - [TEST_STEP][PASSED] - delay(70): Delayed 70 second(s)

16-05-2025T07:38:37 - [MESSAGE][PASSED] - Delayed 70 second(s)

16-05-2025T07:38:37 - [TEST_STEP][PASSED] - navigateToUrl(findTestData("PlanFact").getValue(10, urlData)): Navigate to 'https://bi.rosseti.digital/viewer?dashboardGuid=d154a8eaf6824e2b9de1bb04dd061c18&sheetGuid=1305e8ce744049e1abdacea1ea397a26&fit=true' successfully

16-05-2025T07:38:37 - [MESSAGE][PASSED] - Navigate to 'https://bi.rosseti.digital/viewer?dashboardGuid=d154a8eaf6824e2b9de1bb04dd061c18&sheetGuid=1305e8ce744049e1abdacea1ea397a26&fit=true' successfully

16-05-2025T07:38:37 - [TEST_STEP][PASSED] - delay(70): Delayed 70 second(s)

16-05-2025T07:39:47 - [MESSAGE][PASSED] - Delayed 70 second(s)

16-05-2025T07:39:47 - [TEST_STEP][PASSED] - urlText = getText(findTestObject("Страница авторизации/Text")): Text of object 'Object Repository/Страница авторизации/Text' is: 'ДЗО 
ПАО Россети
Период
1 кв. 2025 года
Отклонения фактического уровня потерь от бизнес-плана, п.п.
0.05
-0.99
-0.40
-1.51
-0.19
-0.38
-0.25
-1.05
-0.60
-1.44
-1.52
Россети ФСК ЕЭС
Россети Волга
Россети Московскийрегион
Россети Северо-Запад
Россети Томск
Россети Тюмень
Россети Урал (ГК)
Россети Центр (ГК)
Россети Центр иПриволжье (ГК)
Россети Юг (ГК)
Россети Янтарь
-2
0
2
4
6
8

Уровень потерь электроэнергии
Россети ФСК ЕЭС
Россети Волга
Россети Московский регион
Россети Северо-Запад
Россети Томск
Россети Урал (ГК)
Россети Юг (ГК)
Россети Янтарь
0
10
20
30
40
50
60
70
3.79
7.22
|
9.39
|
6.73
|
10.74
|
6.88
|
10.84
|
10.39
|
3.84
|
6.22
9.00
5.22
10.55
6.63
9.40
8.87
п.п.
2.60
Итого
0
1
2
3
%
5.63 5.63
8.24 8.24
План
Факт
1
100

● Бизнес-план выполнен● ●● Превышение бизнес-плана
Отклонения фактического уровня потерь от бизнес-плана за 3 месяца (нарастающим итогом), п.п.
-0.0-0.0
-1.0-1.0
-0.4-0.4
-2.5-2.5
-0.3-0.3
-0.2-0.2
-0.3-0.3
-2.6-2.6
-1.9-1.9
-1.4-1.4
-2.4-2.4
0.10.1
-0.7-0.7
-1.5-1.5
-0.2-0.2
-0.4-0.4
-0.5-0.5
-1.8-1.8
-1.5-1.5
-1.5-1.5
0.10.1
-1.0-1.0
-0.4-0.4
-1.5-1.5
-0.2-0.2
-0.4-0.4
-0.3-0.3
-1.0-1.0
-0.6-0.6
-1.4-1.4
-1.5-1.5
Россети ФСКЕЭС
АО«Тываэнерго»
АО«Чеченэнерго»
Россети Волга
РоссетиКубань
РоссетиЛенэнерго(ГК)
РоссетиМосковскийрегион
РоссетиСеверныйКавказ (ГК)
Россети Северо-Запад
Россети Сибирь(ГК)
Россети Томск
Россети Тюмень
Россети Урал(ГК)
Россети Центр
Россети Центри Приволжье(ГК)
Россети Юг (Г…
РоссетиЯнтарь
-2
0
-4
2
п.п.
Отклонения фактического уровня потерь от бизнес-плана за 3 месяца (нарастающим итогом)
-3.4-3.4
-2.5-2.5
-6.0-6.0
-1.5-1.5
-0.6-0.6
-1.6-1.6
-1.4-1.4
-4.5-4.5
-1.8-1.8
-1.9-1.9
-5.3-5.3
-1.1-1.1
-0.5-0.5
-0.7-0.7
-0.9-0.9
-2.8-2.8
-1.2-1.2
-0.8-0.8
-4.0-4.0
-1.1-1.1
-0.4-0.4
-0.5-0.5
-0.2-0.2
-1.5-1.5
Итого по ФСК ЕЭС
АО "Тываэнерго"
АО «ВМЭС»
АО «Воронежская горэлектросеть»
АО «Тульские городские электрические сети»
АО «Чеченэнерго»
АО «Ярославская электросетевая компания»
АО ЕЭСК
Алтайэнерго
Архангельский филиал
Астраханьэнерго
Белгородэнерго
Брянскэнерго
Бурятэнерго
Владимирэнерго
Волгоградэнерго
Вологодский филиал
Воронежэнерго
Дагэнерго
Ивэнерго
Ингушэнерго
-8
0

Статус данных
Просьба обратить внимание
— все данные не занесены
Факт
План
Итого – Факт
Отпуск в сеть 177 286 590
Отпуск из сети 162 684 396
Потери 14 602 194
Итого – План
Отпуск в сеть 279 622 401
Отпуск из сети 263 872 604
Потери 15 749 796
Выполнение бизнес-плана в части показателя «Уровень потерь электроэнергии»
Показатели баланса электроэнергии по ДЗО – Факт 
164 602 454 4 949 974 28 695 297 6 258 254 1 364 454 19 698 947 3 467 484 901 140
158 511 723 4 641 851 26 113 910 5 931 711 1 220 439 18 393 144 3 141 633 821 181
6 090 730 308 123 2 581 387 326 542 144 015 1 305 803 325 852 79 959
Показатели баланса электроэнергии по ДЗО – План
167 925 540 5 172 896 30 256 406 6 540 566 1 428 476 20 275 424 3 760 351 908 608
161 793 849 4 799 582 27 414 523 6 100 575 1 275 060 18 880 336 3 352 866 814 188
6 131 691 373 314 2 841 883 439 991 153 416 1 395 088 407 485 94 420'

16-05-2025T07:39:49 - [MESSAGE][PASSED] - Text of object 'Object Repository/Страница авторизации/Text' is: 'ДЗО 
ПАО Россети
Период
1 кв. 2025 года
Отклонения фактического уровня потерь от бизнес-плана, п.п.
0.05
-0.99
-0.40
-1.51
-0.19
-0.38
-0.25
-1.05
-0.60
-1.44
-1.52
Россети ФСК ЕЭС
Россети Волга
Россети Московскийрегион
Россети Северо-Запад
Россети Томск
Россети Тюмень
Россети Урал (ГК)
Россети Центр (ГК)
Россети Центр иПриволжье (ГК)
Россети Юг (ГК)
Россети Янтарь
-2
0
2
4
6
8

Уровень потерь электроэнергии
Россети ФСК ЕЭС
Россети Волга
Россети Московский регион
Россети Северо-Запад
Россети Томск
Россети Урал (ГК)
Россети Юг (ГК)
Россети Янтарь
0
10
20
30
40
50
60
70
3.79
7.22
|
9.39
|
6.73
|
10.74
|
6.88
|
10.84
|
10.39
|
3.84
|
6.22
9.00
5.22
10.55
6.63
9.40
8.87
п.п.
2.60
Итого
0
1
2
3
%
5.63 5.63
8.24 8.24
План
Факт
1
100

● Бизнес-план выполнен● ●● Превышение бизнес-плана
Отклонения фактического уровня потерь от бизнес-плана за 3 месяца (нарастающим итогом), п.п.
-0.0-0.0
-1.0-1.0
-0.4-0.4
-2.5-2.5
-0.3-0.3
-0.2-0.2
-0.3-0.3
-2.6-2.6
-1.9-1.9
-1.4-1.4
-2.4-2.4
0.10.1
-0.7-0.7
-1.5-1.5
-0.2-0.2
-0.4-0.4
-0.5-0.5
-1.8-1.8
-1.5-1.5
-1.5-1.5
0.10.1
-1.0-1.0
-0.4-0.4
-1.5-1.5
-0.2-0.2
-0.4-0.4
-0.3-0.3
-1.0-1.0
-0.6-0.6
-1.4-1.4
-1.5-1.5
Россети ФСКЕЭС
АО«Тываэнерго»
АО«Чеченэнерго»
Россети Волга
РоссетиКубань
РоссетиЛенэнерго(ГК)
РоссетиМосковскийрегион
РоссетиСеверныйКавказ (ГК)
Россети Северо-Запад
Россети Сибирь(ГК)
Россети Томск
Россети Тюмень
Россети Урал(ГК)
Россети Центр
Россети Центри Приволжье(ГК)
Россети Юг (Г…
РоссетиЯнтарь
-2
0
-4
2
п.п.
Отклонения фактического уровня потерь от бизнес-плана за 3 месяца (нарастающим итогом)
-3.4-3.4
-2.5-2.5
-6.0-6.0
-1.5-1.5
-0.6-0.6
-1.6-1.6
-1.4-1.4
-4.5-4.5
-1.8-1.8
-1.9-1.9
-5.3-5.3
-1.1-1.1
-0.5-0.5
-0.7-0.7
-0.9-0.9
-2.8-2.8
-1.2-1.2
-0.8-0.8
-4.0-4.0
-1.1-1.1
-0.4-0.4
-0.5-0.5
-0.2-0.2
-1.5-1.5
Итого по ФСК ЕЭС
АО "Тываэнерго"
АО «ВМЭС»
АО «Воронежская горэлектросеть»
АО «Тульские городские электрические сети»
АО «Чеченэнерго»
АО «Ярославская электросетевая компания»
АО ЕЭСК
Алтайэнерго
Архангельский филиал
Астраханьэнерго
Белгородэнерго
Брянскэнерго
Бурятэнерго
Владимирэнерго
Волгоградэнерго
Вологодский филиал
Воронежэнерго
Дагэнерго
Ивэнерго
Ингушэнерго
-8
0

Статус данных
Просьба обратить внимание
— все данные не занесены
Факт
План
Итого – Факт
Отпуск в сеть 177 286 590
Отпуск из сети 162 684 396
Потери 14 602 194
Итого – План
Отпуск в сеть 279 622 401
Отпуск из сети 263 872 604
Потери 15 749 796
Выполнение бизнес-плана в части показателя «Уровень потерь электроэнергии»
Показатели баланса электроэнергии по ДЗО – Факт 
164 602 454 4 949 974 28 695 297 6 258 254 1 364 454 19 698 947 3 467 484 901 140
158 511 723 4 641 851 26 113 910 5 931 711 1 220 439 18 393 144 3 141 633 821 181
6 090 730 308 123 2 581 387 326 542 144 015 1 305 803 325 852 79 959
Показатели баланса электроэнергии по ДЗО – План
167 925 540 5 172 896 30 256 406 6 540 566 1 428 476 20 275 424 3 760 351 908 608
161 793 849 4 799 582 27 414 523 6 100 575 1 275 060 18 880 336 3 352 866 814 188
6 131 691 373 314 2 841 883 439 991 153 416 1 395 088 407 485 94 420'

16-05-2025T07:39:49 - [TEST_STEP][PASSED] - i = i + 1: null

16-05-2025T07:39:49 - [TEST_STEP][PASSED] - refresh(): Refresh successfully

16-05-2025T07:39:49 - [MESSAGE][PASSED] - Refresh successfully

16-05-2025T07:39:49 - [TEST_STEP][PASSED] - delay(70): Delayed 70 second(s)

16-05-2025T07:40:59 - [MESSAGE][PASSED] - Delayed 70 second(s)

16-05-2025T07:40:59 - [TEST_STEP][PASSED] - navigateToUrl(findTestData("PlanFact").getValue(10, urlData)): Navigate to 'https://bi.rosseti.digital/viewer?dashboardGuid=d154a8eaf6824e2b9de1bb04dd061c18&sheetGuid=1305e8ce744049e1abdacea1ea397a26&fit=true' successfully

16-05-2025T07:41:00 - [MESSAGE][PASSED] - Navigate to 'https://bi.rosseti.digital/viewer?dashboardGuid=d154a8eaf6824e2b9de1bb04dd061c18&sheetGuid=1305e8ce744049e1abdacea1ea397a26&fit=true' successfully

16-05-2025T07:41:00 - [TEST_STEP][PASSED] - delay(70): Delayed 70 second(s)

16-05-2025T07:42:10 - [MESSAGE][PASSED] - Delayed 70 second(s)

16-05-2025T07:42:10 - [TEST_STEP][PASSED] - urlText = getText(findTestObject("Страница авторизации/Text")): Text of object 'Object Repository/Страница авторизации/Text' is: 'ДЗО 
ПАО Россети
Период
1 кв. 2025 года
Отклонения фактического уровня потерь от бизнес-плана, п.п.
0.05
-0.99
-0.40
-1.51
-0.19
-0.38
-0.25
-1.05
-0.60
-1.44
-1.52
Россети ФСК ЕЭС
Россети Волга
Россети Московскийрегион
Россети Северо-Запад
Россети Томск
Россети Тюмень
Россети Урал (ГК)
Россети Центр (ГК)
Россети Центр иПриволжье (ГК)
Россети Юг (ГК)
Россети Янтарь
-2
0
2
4
6
8

Уровень потерь электроэнергии
Россети ФСК ЕЭС
Россети Волга
Россети Московский регион
Россети Северо-Запад
Россети Томск
Россети Урал (ГК)
Россети Юг (ГК)
Россети Янтарь
0
10
20
30
40
50
60
70
3.79
7.22
|
9.39
|
6.73
|
10.74
|
6.88
|
10.84
|
10.39
|
3.84
|
6.22
9.00
5.22
10.55
6.63
9.40
8.87
п.п.
2.60
Итого
0
1
2
3
%
5.63 5.63
8.24 8.24
План
Факт
1
100

● Бизнес-план выполнен● ●● Превышение бизнес-плана
Отклонения фактического уровня потерь от бизнес-плана за 3 месяца (нарастающим итогом), п.п.
-0.0-0.0
-1.0-1.0
-0.4-0.4
-2.5-2.5
-0.3-0.3
-0.2-0.2
-0.3-0.3
-2.6-2.6
-1.9-1.9
-1.4-1.4
-2.4-2.4
0.10.1
-0.7-0.7
-1.5-1.5
-0.2-0.2
-0.4-0.4
-0.5-0.5
-1.8-1.8
-1.5-1.5
-1.5-1.5
0.10.1
-1.0-1.0
-0.4-0.4
-1.5-1.5
-0.2-0.2
-0.4-0.4
-0.3-0.3
-1.0-1.0
-0.6-0.6
-1.4-1.4
-1.5-1.5
Россети ФСКЕЭС
АО«Тываэнерго»
АО«Чеченэнерго»
Россети Волга
РоссетиКубань
РоссетиЛенэнерго(ГК)
РоссетиМосковскийрегион
РоссетиСеверныйКавказ (ГК)
Россети Северо-Запад
Россети Сибирь(ГК)
Россети Томск
Россети Тюмень
Россети Урал(ГК)
Россети Центр
Россети Центри Приволжье(ГК)
Россети Юг (Г…
РоссетиЯнтарь
-2
0
-4
2
п.п.
Отклонения фактического уровня потерь от бизнес-плана за 3 месяца (нарастающим итогом)
-3.4-3.4
-2.5-2.5
-6.0-6.0
-1.5-1.5
-0.6-0.6
-1.6-1.6
-1.4-1.4
-4.5-4.5
-1.8-1.8
-1.9-1.9
-5.3-5.3
-1.1-1.1
-0.5-0.5
-0.7-0.7
-0.9-0.9
-2.8-2.8
-1.2-1.2
-0.8-0.8
-4.0-4.0
-1.1-1.1
-0.4-0.4
-0.5-0.5
-0.2-0.2
-1.5-1.5
Итого по ФСК ЕЭС
АО "Тываэнерго"
АО «ВМЭС»
АО «Воронежская горэлектросеть»
АО «Тульские городские электрические сети»
АО «Чеченэнерго»
АО «Ярославская электросетевая компания»
АО ЕЭСК
Алтайэнерго
Архангельский филиал
Астраханьэнерго
Белгородэнерго
Брянскэнерго
Бурятэнерго
Владимирэнерго
Волгоградэнерго
Вологодский филиал
Воронежэнерго
Дагэнерго
Ивэнерго
Ингушэнерго
-8
0

Статус данных
Просьба обратить внимание
— все данные не занесены
Факт
План
Итого – Факт
Отпуск в сеть 177 286 590
Отпуск из сети 162 684 396
Потери 14 602 194
Итого – План
Отпуск в сеть 279 622 401
Отпуск из сети 263 872 604
Потери 15 749 796
Выполнение бизнес-плана в части показателя «Уровень потерь электроэнергии»
Показатели баланса электроэнергии по ДЗО – Факт 
164 602 454 4 949 974 28 695 297 6 258 254 1 364 454 19 698 947 3 467 484 901 140
158 511 723 4 641 851 26 113 910 5 931 711 1 220 439 18 393 144 3 141 633 821 181
6 090 730 308 123 2 581 387 326 542 144 015 1 305 803 325 852 79 959
Показатели баланса электроэнергии по ДЗО – План
167 925 540 5 172 896 30 256 406 6 540 566 1 428 476 20 275 424 3 760 351 908 608
161 793 849 4 799 582 27 414 523 6 100 575 1 275 060 18 880 336 3 352 866 814 188
6 131 691 373 314 2 841 883 439 991 153 416 1 395 088 407 485 94 420'

16-05-2025T07:42:12 - [MESSAGE][PASSED] - Text of object 'Object Repository/Страница авторизации/Text' is: 'ДЗО 
ПАО Россети
Период
1 кв. 2025 года
Отклонения фактического уровня потерь от бизнес-плана, п.п.
0.05
-0.99
-0.40
-1.51
-0.19
-0.38
-0.25
-1.05
-0.60
-1.44
-1.52
Россети ФСК ЕЭС
Россети Волга
Россети Московскийрегион
Россети Северо-Запад
Россети Томск
Россети Тюмень
Россети Урал (ГК)
Россети Центр (ГК)
Россети Центр иПриволжье (ГК)
Россети Юг (ГК)
Россети Янтарь
-2
0
2
4
6
8

Уровень потерь электроэнергии
Россети ФСК ЕЭС
Россети Волга
Россети Московский регион
Россети Северо-Запад
Россети Томск
Россети Урал (ГК)
Россети Юг (ГК)
Россети Янтарь
0
10
20
30
40
50
60
70
3.79
7.22
|
9.39
|
6.73
|
10.74
|
6.88
|
10.84
|
10.39
|
3.84
|
6.22
9.00
5.22
10.55
6.63
9.40
8.87
п.п.
2.60
Итого
0
1
2
3
%
5.63 5.63
8.24 8.24
План
Факт
1
100

● Бизнес-план выполнен● ●● Превышение бизнес-плана
Отклонения фактического уровня потерь от бизнес-плана за 3 месяца (нарастающим итогом), п.п.
-0.0-0.0
-1.0-1.0
-0.4-0.4
-2.5-2.5
-0.3-0.3
-0.2-0.2
-0.3-0.3
-2.6-2.6
-1.9-1.9
-1.4-1.4
-2.4-2.4
0.10.1
-0.7-0.7
-1.5-1.5
-0.2-0.2
-0.4-0.4
-0.5-0.5
-1.8-1.8
-1.5-1.5
-1.5-1.5
0.10.1
-1.0-1.0
-0.4-0.4
-1.5-1.5
-0.2-0.2
-0.4-0.4
-0.3-0.3
-1.0-1.0
-0.6-0.6
-1.4-1.4
-1.5-1.5
Россети ФСКЕЭС
АО«Тываэнерго»
АО«Чеченэнерго»
Россети Волга
РоссетиКубань
РоссетиЛенэнерго(ГК)
РоссетиМосковскийрегион
РоссетиСеверныйКавказ (ГК)
Россети Северо-Запад
Россети Сибирь(ГК)
Россети Томск
Россети Тюмень
Россети Урал(ГК)
Россети Центр
Россети Центри Приволжье(ГК)
Россети Юг (Г…
РоссетиЯнтарь
-2
0
-4
2
п.п.
Отклонения фактического уровня потерь от бизнес-плана за 3 месяца (нарастающим итогом)
-3.4-3.4
-2.5-2.5
-6.0-6.0
-1.5-1.5
-0.6-0.6
-1.6-1.6
-1.4-1.4
-4.5-4.5
-1.8-1.8
-1.9-1.9
-5.3-5.3
-1.1-1.1
-0.5-0.5
-0.7-0.7
-0.9-0.9
-2.8-2.8
-1.2-1.2
-0.8-0.8
-4.0-4.0
-1.1-1.1
-0.4-0.4
-0.5-0.5
-0.2-0.2
-1.5-1.5
Итого по ФСК ЕЭС
АО "Тываэнерго"
АО «ВМЭС»
АО «Воронежская горэлектросеть»
АО «Тульские городские электрические сети»
АО «Чеченэнерго»
АО «Ярославская электросетевая компания»
АО ЕЭСК
Алтайэнерго
Архангельский филиал
Астраханьэнерго
Белгородэнерго
Брянскэнерго
Бурятэнерго
Владимирэнерго
Волгоградэнерго
Вологодский филиал
Воронежэнерго
Дагэнерго
Ивэнерго
Ингушэнерго
-8
0

Статус данных
Просьба обратить внимание
— все данные не занесены
Факт
План
Итого – Факт
Отпуск в сеть 177 286 590
Отпуск из сети 162 684 396
Потери 14 602 194
Итого – План
Отпуск в сеть 279 622 401
Отпуск из сети 263 872 604
Потери 15 749 796
Выполнение бизнес-плана в части показателя «Уровень потерь электроэнергии»
Показатели баланса электроэнергии по ДЗО – Факт 
164 602 454 4 949 974 28 695 297 6 258 254 1 364 454 19 698 947 3 467 484 901 140
158 511 723 4 641 851 26 113 910 5 931 711 1 220 439 18 393 144 3 141 633 821 181
6 090 730 308 123 2 581 387 326 542 144 015 1 305 803 325 852 79 959
Показатели баланса электроэнергии по ДЗО – План
167 925 540 5 172 896 30 256 406 6 540 566 1 428 476 20 275 424 3 760 351 908 608
161 793 849 4 799 582 27 414 523 6 100 575 1 275 060 18 880 336 3 352 866 814 188
6 131 691 373 314 2 841 883 439 991 153 416 1 395 088 407 485 94 420'

16-05-2025T07:42:12 - [TEST_STEP][PASSED] - i = i + 1: null

16-05-2025T07:42:12 - [TEST_STEP][PASSED] - refresh(): Refresh successfully

16-05-2025T07:42:12 - [MESSAGE][PASSED] - Refresh successfully

16-05-2025T07:42:12 - [TEST_STEP][PASSED] - delay(70): Delayed 70 second(s)

16-05-2025T07:43:22 - [MESSAGE][PASSED] - Delayed 70 second(s)

16-05-2025T07:43:22 - [TEST_STEP][PASSED] - navigateToUrl(findTestData("PlanFact").getValue(10, urlData)): Navigate to 'https://bi.rosseti.digital/viewer?dashboardGuid=d154a8eaf6824e2b9de1bb04dd061c18&sheetGuid=1305e8ce744049e1abdacea1ea397a26&fit=true' successfully

16-05-2025T07:43:22 - [MESSAGE][PASSED] - Navigate to 'https://bi.rosseti.digital/viewer?dashboardGuid=d154a8eaf6824e2b9de1bb04dd061c18&sheetGuid=1305e8ce744049e1abdacea1ea397a26&fit=true' successfully

16-05-2025T07:43:22 - [TEST_STEP][PASSED] - delay(70): Delayed 70 second(s)

16-05-2025T07:44:32 - [MESSAGE][PASSED] - Delayed 70 second(s)

16-05-2025T07:44:32 - [TEST_STEP][PASSED] - urlText = getText(findTestObject("Страница авторизации/Text")): Text of object 'Object Repository/Страница авторизации/Text' is: 'ДЗО 
ПАО Россети
Период
1 кв. 2025 года
Отклонения фактического уровня потерь от бизнес-плана, п.п.
0.05
-0.99
-0.40
-1.51
-0.19
-0.38
-0.25
-1.05
-0.60
-1.44
-1.52
Россети ФСК ЕЭС
Россети Волга
Россети Московскийрегион
Россети Северо-Запад
Россети Томск
Россети Тюмень
Россети Урал (ГК)
Россети Центр (ГК)
Россети Центр иПриволжье (ГК)
Россети Юг (ГК)
Россети Янтарь
-2
0
2
4
6
8

Уровень потерь электроэнергии
Россети ФСК ЕЭС
Россети Волга
Россети Московский регион
Россети Северо-Запад
Россети Томск
Россети Урал (ГК)
Россети Юг (ГК)
Россети Янтарь
0
10
20
30
40
50
60
70
3.79
7.22
|
9.39
|
6.73
|
10.74
|
6.88
|
10.84
|
10.39
|
3.84
|
6.22
9.00
5.22
10.55
6.63
9.40
8.87
п.п.
2.60
Итого
0
1
2
3
%
5.63 5.63
8.24 8.24
План
Факт
1
100

● Бизнес-план выполнен● ●● Превышение бизнес-плана
Отклонения фактического уровня потерь от бизнес-плана за 3 месяца (нарастающим итогом), п.п.
-0.2-0.2
-0.0-0.0
-2.6-2.6
-1.9-1.9
-0.4-0.4
0.10.1
-1.8-1.8
-1.5-1.5
0.10.1
-1.0-1.0
-0.4-0.4
-1.5-1.5
-0.2-0.2
-0.4-0.4
-0.3-0.3
-1.0-1.0
Россети ФСК ЕЭС
АО «Тываэнерго»
АО «Чеченэнерго»
Россети Северный Кавказ (ГК)
Россети Сибирь (ГК)
Россети Тюмень
Россети Центр
Россети Центр и Приволжье (ГК)
-2
0
-4
2
п.п.
Отклонения фактического уровня потерь от бизнес-плана за 3 месяца (нарастающим итогом)
-3.4-3.4
-2.5-2.5
-6.0-6.0
-1.5-1.5
-0.6-0.6
-1.6-1.6
-1.4-1.4
-4.5-4.5
-1.8-1.8
-1.9-1.9
-5.3-5.3
-1.1-1.1
-0.5-0.5
-0.7-0.7
-0.9-0.9
-2.8-2.8
-1.2-1.2
-0.8-0.8
-4.0-4.0
-1.1-1.1
-0.4-0.4
-0.5-0.5
-0.2-0.2
-1.5-1.5
Итого по ФСК ЕЭС
АО "Тываэнерго"
АО «ВМЭС»
АО «Воронежская горэлектросеть»
АО «Тульские городские электрические сети»
АО «Чеченэнерго»
АО «Ярославская электросетевая компания»
АО ЕЭСК
Алтайэнерго
Архангельский филиал
Астраханьэнерго
Белгородэнерго
Брянскэнерго
Бурятэнерго
Владимирэнерго
Волгоградэнерго
Вологодский филиал
Воронежэнерго
Дагэнерго
Ивэнерго
Ингушэнерго
-8
0

Статус данных
Просьба обратить внимание
— все данные не занесены
Факт
План
Итого – Факт
Отпуск в сеть 177 286 590
Отпуск из сети 162 684 396
Потери 14 602 194
Итого – План
Отпуск в сеть 279 622 401
Отпуск из сети 263 872 604
Потери 15 749 796
Выполнение бизнес-плана в части показателя «Уровень потерь электроэнергии»
Показатели баланса электроэнергии по ДЗО – Факт 
164 602 454 4 949 974 28 695 297 6 258 254 1 364 454 19 698 947 3 467 484 901 140
158 511 723 4 641 851 26 113 910 5 931 711 1 220 439 18 393 144 3 141 633 821 181
6 090 730 308 123 2 581 387 326 542 144 015 1 305 803 325 852 79 959
Показатели баланса электроэнергии по ДЗО – План
167 925 540 5 172 896 30 256 406 6 540 566 1 428 476 20 275 424 3 760 351 908 608
161 793 849 4 799 582 27 414 523 6 100 575 1 275 060 18 880 336 3 352 866 814 188
6 131 691 373 314 2 841 883 439 991 153 416 1 395 088 407 485 94 420'

16-05-2025T07:44:34 - [MESSAGE][PASSED] - Text of object 'Object Repository/Страница авторизации/Text' is: 'ДЗО 
ПАО Россети
Период
1 кв. 2025 года
Отклонения фактического уровня потерь от бизнес-плана, п.п.
0.05
-0.99
-0.40
-1.51
-0.19
-0.38
-0.25
-1.05
-0.60
-1.44
-1.52
Россети ФСК ЕЭС
Россети Волга
Россети Московскийрегион
Россети Северо-Запад
Россети Томск
Россети Тюмень
Россети Урал (ГК)
Россети Центр (ГК)
Россети Центр иПриволжье (ГК)
Россети Юг (ГК)
Россети Янтарь
-2
0
2
4
6
8

Уровень потерь электроэнергии
Россети ФСК ЕЭС
Россети Волга
Россети Московский регион
Россети Северо-Запад
Россети Томск
Россети Урал (ГК)
Россети Юг (ГК)
Россети Янтарь
0
10
20
30
40
50
60
70
3.79
7.22
|
9.39
|
6.73
|
10.74
|
6.88
|
10.84
|
10.39
|
3.84
|
6.22
9.00
5.22
10.55
6.63
9.40
8.87
п.п.
2.60
Итого
0
1
2
3
%
5.63 5.63
8.24 8.24
План
Факт
1
100

● Бизнес-план выполнен● ●● Превышение бизнес-плана
Отклонения фактического уровня потерь от бизнес-плана за 3 месяца (нарастающим итогом), п.п.
-0.2-0.2
-0.0-0.0
-2.6-2.6
-1.9-1.9
-0.4-0.4
0.10.1
-1.8-1.8
-1.5-1.5
0.10.1
-1.0-1.0
-0.4-0.4
-1.5-1.5
-0.2-0.2
-0.4-0.4
-0.3-0.3
-1.0-1.0
Россети ФСК ЕЭС
АО «Тываэнерго»
АО «Чеченэнерго»
Россети Северный Кавказ (ГК)
Россети Сибирь (ГК)
Россети Тюмень
Россети Центр
Россети Центр и Приволжье (ГК)
-2
0
-4
2
п.п.
Отклонения фактического уровня потерь от бизнес-плана за 3 месяца (нарастающим итогом)
-3.4-3.4
-2.5-2.5
-6.0-6.0
-1.5-1.5
-0.6-0.6
-1.6-1.6
-1.4-1.4
-4.5-4.5
-1.8-1.8
-1.9-1.9
-5.3-5.3
-1.1-1.1
-0.5-0.5
-0.7-0.7
-0.9-0.9
-2.8-2.8
-1.2-1.2
-0.8-0.8
-4.0-4.0
-1.1-1.1
-0.4-0.4
-0.5-0.5
-0.2-0.2
-1.5-1.5
Итого по ФСК ЕЭС
АО "Тываэнерго"
АО «ВМЭС»
АО «Воронежская горэлектросеть»
АО «Тульские городские электрические сети»
АО «Чеченэнерго»
АО «Ярославская электросетевая компания»
АО ЕЭСК
Алтайэнерго
Архангельский филиал
Астраханьэнерго
Белгородэнерго
Брянскэнерго
Бурятэнерго
Владимирэнерго
Волгоградэнерго
Вологодский филиал
Воронежэнерго
Дагэнерго
Ивэнерго
Ингушэнерго
-8
0

Статус данных
Просьба обратить внимание
— все данные не занесены
Факт
План
Итого – Факт
Отпуск в сеть 177 286 590
Отпуск из сети 162 684 396
Потери 14 602 194
Итого – План
Отпуск в сеть 279 622 401
Отпуск из сети 263 872 604
Потери 15 749 796
Выполнение бизнес-плана в части показателя «Уровень потерь электроэнергии»
Показатели баланса электроэнергии по ДЗО – Факт 
164 602 454 4 949 974 28 695 297 6 258 254 1 364 454 19 698 947 3 467 484 901 140
158 511 723 4 641 851 26 113 910 5 931 711 1 220 439 18 393 144 3 141 633 821 181
6 090 730 308 123 2 581 387 326 542 144 015 1 305 803 325 852 79 959
Показатели баланса электроэнергии по ДЗО – План
167 925 540 5 172 896 30 256 406 6 540 566 1 428 476 20 275 424 3 760 351 908 608
161 793 849 4 799 582 27 414 523 6 100 575 1 275 060 18 880 336 3 352 866 814 188
6 131 691 373 314 2 841 883 439 991 153 416 1 395 088 407 485 94 420'

16-05-2025T07:44:34 - [TEST_STEP][PASSED] - i = i + 1: null

16-05-2025T07:44:34 - [TEST_STEP][PASSED] - refresh(): Refresh successfully

16-05-2025T07:44:35 - [MESSAGE][PASSED] - Refresh successfully

16-05-2025T07:44:35 - [TEST_STEP][PASSED] - delay(70): Delayed 70 second(s)

16-05-2025T07:45:45 - [MESSAGE][PASSED] - Delayed 70 second(s)

16-05-2025T07:45:45 - [TEST_STEP][PASSED] - navigateToUrl(findTestData("PlanFact").getValue(10, urlData)): Navigate to 'https://bi.rosseti.digital/viewer?dashboardGuid=d154a8eaf6824e2b9de1bb04dd061c18&sheetGuid=1305e8ce744049e1abdacea1ea397a26&fit=true' successfully

16-05-2025T07:45:45 - [MESSAGE][PASSED] - Navigate to 'https://bi.rosseti.digital/viewer?dashboardGuid=d154a8eaf6824e2b9de1bb04dd061c18&sheetGuid=1305e8ce744049e1abdacea1ea397a26&fit=true' successfully

16-05-2025T07:45:45 - [TEST_STEP][PASSED] - delay(70): Delayed 70 second(s)

16-05-2025T07:46:55 - [MESSAGE][PASSED] - Delayed 70 second(s)

16-05-2025T07:46:55 - [TEST_STEP][PASSED] - urlText = getText(findTestObject("Страница авторизации/Text")): Text of object 'Object Repository/Страница авторизации/Text' is: 'ДЗО 
ПАО Россети
Период
1 кв. 2025 года
Отклонения фактического уровня потерь от бизнес-плана, п.п.
0.05
-0.99
-0.40
-1.51
-0.19
-0.38
-0.25
-1.05
-0.60
-1.44
-1.52
Россети ФСК ЕЭС
Россети Волга
Россети Московскийрегион
Россети Северо-Запад
Россети Томск
Россети Тюмень
Россети Урал (ГК)
Россети Центр (ГК)
Россети Центр иПриволжье (ГК)
Россети Юг (ГК)
Россети Янтарь
-2
0
2
4
6
8

Уровень потерь электроэнергии
Россети ФСК ЕЭС
Россети Волга
Россети Московский регион
Россети Северо-Запад
Россети Томск
Россети Урал (ГК)
Россети Юг (ГК)
Россети Янтарь
0
10
20
30
40
50
60
70
3.79
7.22
|
9.39
|
6.73
|
10.74
|
6.88
|
10.84
|
10.39
|
3.84
|
6.22
9.00
5.22
10.55
6.63
9.40
8.87
п.п.
2.60
Итого
0
1
2
3
%
5.63 5.63
8.24 8.24
План
Факт
1
100

● Бизнес-план выполнен● ●● Превышение бизнес-плана
Отклонения фактического уровня потерь от бизнес-плана за 3 месяца (нарастающим итогом), п.п.
-0.0-0.0
-1.0-1.0
-0.4-0.4
-2.5-2.5
-0.3-0.3
-0.2-0.2
-0.3-0.3
-2.6-2.6
-1.9-1.9
-1.4-1.4
-2.4-2.4
0.10.1
-0.7-0.7
-1.5-1.5
-0.2-0.2
-0.4-0.4
-0.5-0.5
-1.8-1.8
-1.5-1.5
-1.5-1.5
0.10.1
-1.0-1.0
-0.4-0.4
-1.5-1.5
-0.2-0.2
-0.4-0.4
-0.3-0.3
-1.0-1.0
-0.6-0.6
-1.4-1.4
-1.5-1.5
Россети ФСКЕЭС
АО«Тываэнерго»
АО«Чеченэнерго»
Россети Волга
РоссетиКубань
РоссетиЛенэнерго(ГК)
РоссетиМосковскийрегион
РоссетиСеверныйКавказ (ГК)
Россети Северо-Запад
Россети Сибирь(ГК)
Россети Томск
Россети Тюмень
Россети Урал(ГК)
Россети Центр
Россети Центри Приволжье(ГК)
Россети Юг (Г…
РоссетиЯнтарь
-2
0
-4
2
п.п.
Отклонения фактического уровня потерь от бизнес-плана за 3 месяца (нарастающим итогом)
-3.4-3.4
-2.5-2.5
-6.0-6.0
-1.5-1.5
-0.6-0.6
-1.6-1.6
-1.4-1.4
-4.5-4.5
-1.8-1.8
-1.9-1.9
-5.3-5.3
-1.1-1.1
-0.5-0.5
-0.7-0.7
-0.9-0.9
-2.8-2.8
-1.2-1.2
-0.8-0.8
-4.0-4.0
-1.1-1.1
-0.4-0.4
-0.5-0.5
-0.2-0.2
-1.5-1.5
Итого по ФСК ЕЭС
АО "Тываэнерго"
АО «ВМЭС»
АО «Воронежская горэлектросеть»
АО «Тульские городские электрические сети»
АО «Чеченэнерго»
АО «Ярославская электросетевая компания»
АО ЕЭСК
Алтайэнерго
Архангельский филиал
Астраханьэнерго
Белгородэнерго
Брянскэнерго
Бурятэнерго
Владимирэнерго
Волгоградэнерго
Вологодский филиал
Воронежэнерго
Дагэнерго
Ивэнерго
Ингушэнерго
-8
0

Статус данных
Просьба обратить внимание
— все данные не занесены
Факт
План
Итого – Факт
Отпуск в сеть 177 286 590
Отпуск из сети 162 684 396
Потери 14 602 194
Итого – План
Отпуск в сеть 279 622 401
Отпуск из сети 263 872 604
Потери 15 749 796
Выполнение бизнес-плана в части показателя «Уровень потерь электроэнергии»
Показатели баланса электроэнергии по ДЗО – Факт 
164 602 454 4 949 974 28 695 297 6 258 254 1 364 454 19 698 947 3 467 484 901 140
158 511 723 4 641 851 26 113 910 5 931 711 1 220 439 18 393 144 3 141 633 821 181
6 090 730 308 123 2 581 387 326 542 144 015 1 305 803 325 852 79 959
Показатели баланса электроэнергии по ДЗО – План
167 925 540 5 172 896 30 256 406 6 540 566 1 428 476 20 275 424 3 760 351 908 608
161 793 849 4 799 582 27 414 523 6 100 575 1 275 060 18 880 336 3 352 866 814 188
6 131 691 373 314 2 841 883 439 991 153 416 1 395 088 407 485 94 420'

16-05-2025T07:46:57 - [MESSAGE][PASSED] - Text of object 'Object Repository/Страница авторизации/Text' is: 'ДЗО 
ПАО Россети
Период
1 кв. 2025 года
Отклонения фактического уровня потерь от бизнес-плана, п.п.
0.05
-0.99
-0.40
-1.51
-0.19
-0.38
-0.25
-1.05
-0.60
-1.44
-1.52
Россети ФСК ЕЭС
Россети Волга
Россети Московскийрегион
Россети Северо-Запад
Россети Томск
Россети Тюмень
Россети Урал (ГК)
Россети Центр (ГК)
Россети Центр иПриволжье (ГК)
Россети Юг (ГК)
Россети Янтарь
-2
0
2
4
6
8

Уровень потерь электроэнергии
Россети ФСК ЕЭС
Россети Волга
Россети Московский регион
Россети Северо-Запад
Россети Томск
Россети Урал (ГК)
Россети Юг (ГК)
Россети Янтарь
0
10
20
30
40
50
60
70
3.79
7.22
|
9.39
|
6.73
|
10.74
|
6.88
|
10.84
|
10.39
|
3.84
|
6.22
9.00
5.22
10.55
6.63
9.40
8.87
п.п.
2.60
Итого
0
1
2
3
%
5.63 5.63
8.24 8.24
План
Факт
1
100

● Бизнес-план выполнен● ●● Превышение бизнес-плана
Отклонения фактического уровня потерь от бизнес-плана за 3 месяца (нарастающим итогом), п.п.
-0.0-0.0
-1.0-1.0
-0.4-0.4
-2.5-2.5
-0.3-0.3
-0.2-0.2
-0.3-0.3
-2.6-2.6
-1.9-1.9
-1.4-1.4
-2.4-2.4
0.10.1
-0.7-0.7
-1.5-1.5
-0.2-0.2
-0.4-0.4
-0.5-0.5
-1.8-1.8
-1.5-1.5
-1.5-1.5
0.10.1
-1.0-1.0
-0.4-0.4
-1.5-1.5
-0.2-0.2
-0.4-0.4
-0.3-0.3
-1.0-1.0
-0.6-0.6
-1.4-1.4
-1.5-1.5
Россети ФСКЕЭС
АО«Тываэнерго»
АО«Чеченэнерго»
Россети Волга
РоссетиКубань
РоссетиЛенэнерго(ГК)
РоссетиМосковскийрегион
РоссетиСеверныйКавказ (ГК)
Россети Северо-Запад
Россети Сибирь(ГК)
Россети Томск
Россети Тюмень
Россети Урал(ГК)
Россети Центр
Россети Центри Приволжье(ГК)
Россети Юг (Г…
РоссетиЯнтарь
-2
0
-4
2
п.п.
Отклонения фактического уровня потерь от бизнес-плана за 3 месяца (нарастающим итогом)
-3.4-3.4
-2.5-2.5
-6.0-6.0
-1.5-1.5
-0.6-0.6
-1.6-1.6
-1.4-1.4
-4.5-4.5
-1.8-1.8
-1.9-1.9
-5.3-5.3
-1.1-1.1
-0.5-0.5
-0.7-0.7
-0.9-0.9
-2.8-2.8
-1.2-1.2
-0.8-0.8
-4.0-4.0
-1.1-1.1
-0.4-0.4
-0.5-0.5
-0.2-0.2
-1.5-1.5
Итого по ФСК ЕЭС
АО "Тываэнерго"
АО «ВМЭС»
АО «Воронежская горэлектросеть»
АО «Тульские городские электрические сети»
АО «Чеченэнерго»
АО «Ярославская электросетевая компания»
АО ЕЭСК
Алтайэнерго
Архангельский филиал
Астраханьэнерго
Белгородэнерго
Брянскэнерго
Бурятэнерго
Владимирэнерго
Волгоградэнерго
Вологодский филиал
Воронежэнерго
Дагэнерго
Ивэнерго
Ингушэнерго
-8
0

Статус данных
Просьба обратить внимание
— все данные не занесены
Факт
План
Итого – Факт
Отпуск в сеть 177 286 590
Отпуск из сети 162 684 396
Потери 14 602 194
Итого – План
Отпуск в сеть 279 622 401
Отпуск из сети 263 872 604
Потери 15 749 796
Выполнение бизнес-плана в части показателя «Уровень потерь электроэнергии»
Показатели баланса электроэнергии по ДЗО – Факт 
164 602 454 4 949 974 28 695 297 6 258 254 1 364 454 19 698 947 3 467 484 901 140
158 511 723 4 641 851 26 113 910 5 931 711 1 220 439 18 393 144 3 141 633 821 181
6 090 730 308 123 2 581 387 326 542 144 015 1 305 803 325 852 79 959
Показатели баланса электроэнергии по ДЗО – План
167 925 540 5 172 896 30 256 406 6 540 566 1 428 476 20 275 424 3 760 351 908 608
161 793 849 4 799 582 27 414 523 6 100 575 1 275 060 18 880 336 3 352 866 814 188
6 131 691 373 314 2 841 883 439 991 153 416 1 395 088 407 485 94 420'

16-05-2025T07:46:57 - [TEST_STEP][PASSED] - i = i + 1: null

16-05-2025T07:46:57 - [TEST_STEP][PASSED] - refresh(): Refresh successfully

16-05-2025T07:46:57 - [MESSAGE][PASSED] - Refresh successfully

16-05-2025T07:46:57 - [TEST_STEP][PASSED] - delay(70): Delayed 70 second(s)

16-05-2025T07:48:07 - [MESSAGE][PASSED] - Delayed 70 second(s)

16-05-2025T07:48:07 - [TEST_STEP][PASSED] - navigateToUrl(findTestData("PlanFact").getValue(10, urlData)): Navigate to 'https://bi.rosseti.digital/viewer?dashboardGuid=d154a8eaf6824e2b9de1bb04dd061c18&sheetGuid=1305e8ce744049e1abdacea1ea397a26&fit=true' successfully

16-05-2025T07:48:07 - [MESSAGE][PASSED] - Navigate to 'https://bi.rosseti.digital/viewer?dashboardGuid=d154a8eaf6824e2b9de1bb04dd061c18&sheetGuid=1305e8ce744049e1abdacea1ea397a26&fit=true' successfully

16-05-2025T07:48:07 - [TEST_STEP][PASSED] - delay(70): Delayed 70 second(s)

16-05-2025T07:49:17 - [MESSAGE][PASSED] - Delayed 70 second(s)

16-05-2025T07:49:17 - [TEST_STEP][PASSED] - urlText = getText(findTestObject("Страница авторизации/Text")): Text of object 'Object Repository/Страница авторизации/Text' is: 'ДЗО 
ПАО Россети
Период
1 кв. 2025 года
Отклонения фактического уровня потерь от бизнес-плана, п.п.
0.05
-0.99
-0.40
-1.51
-0.19
-0.38
-0.25
-1.05
-0.60
-1.44
-1.52
Россети ФСК ЕЭС
Россети Волга
Россети Московскийрегион
Россети Северо-Запад
Россети Томск
Россети Тюмень
Россети Урал (ГК)
Россети Центр (ГК)
Россети Центр иПриволжье (ГК)
Россети Юг (ГК)
Россети Янтарь
-2
0
2
4
6
8

Уровень потерь электроэнергии
Россети ФСК ЕЭС
Россети Волга
Россети Московский регион
Россети Северо-Запад
Россети Томск
Россети Урал (ГК)
Россети Юг (ГК)
Россети Янтарь
0
10
20
30
40
50
60
70
3.79
7.22
|
9.39
|
6.73
|
10.74
|
6.88
|
10.84
|
10.39
|
3.84
|
6.22
9.00
5.22
10.55
6.63
9.40
8.87
п.п.
2.60
Итого
0
1
2
3
%
5.63 5.63
8.24 8.24
План
Факт
1
100

● Бизнес-план выполнен● ●● Превышение бизнес-плана
Отклонения фактического уровня потерь от бизнес-плана за 3 месяца (нарастающим итогом), п.п.
-0.0-0.0
-1.0-1.0
-0.4-0.4
-2.5-2.5
-0.3-0.3
-0.2-0.2
-0.3-0.3
-2.6-2.6
-1.9-1.9
-1.4-1.4
-2.4-2.4
0.10.1
-0.7-0.7
-1.5-1.5
-0.2-0.2
-0.4-0.4
-0.5-0.5
-1.8-1.8
-1.5-1.5
-1.5-1.5
0.10.1
-1.0-1.0
-0.4-0.4
-1.5-1.5
-0.2-0.2
-0.4-0.4
-0.3-0.3
-1.0-1.0
-0.6-0.6
-1.4-1.4
-1.5-1.5
Россети ФСКЕЭС
АО«Тываэнерго»
АО«Чеченэнерго»
Россети Волга
РоссетиКубань
РоссетиЛенэнерго(ГК)
РоссетиМосковскийрегион
РоссетиСеверныйКавказ (ГК)
Россети Северо-Запад
Россети Сибирь(ГК)
Россети Томск
Россети Тюмень
Россети Урал(ГК)
Россети Центр
Россети Центри Приволжье(ГК)
Россети Юг (Г…
РоссетиЯнтарь
-2
0
-4
2
п.п.
Отклонения фактического уровня потерь от бизнес-плана за 3 месяца (нарастающим итогом)
-3.4-3.4
-2.5-2.5
-6.0-6.0
-1.5-1.5
-0.6-0.6
-1.6-1.6
-1.4-1.4
-4.5-4.5
-1.8-1.8
-1.9-1.9
-5.3-5.3
-1.1-1.1
-0.5-0.5
-0.7-0.7
-0.9-0.9
-2.8-2.8
-1.2-1.2
-0.8-0.8
-4.0-4.0
-1.1-1.1
-0.4-0.4
-0.5-0.5
-0.2-0.2
-1.5-1.5
Итого по ФСК ЕЭС
АО "Тываэнерго"
АО «ВМЭС»
АО «Воронежская горэлектросеть»
АО «Тульские городские электрические сети»
АО «Чеченэнерго»
АО «Ярославская электросетевая компания»
АО ЕЭСК
Алтайэнерго
Архангельский филиал
Астраханьэнерго
Белгородэнерго
Брянскэнерго
Бурятэнерго
Владимирэнерго
Волгоградэнерго
Вологодский филиал
Воронежэнерго
Дагэнерго
Ивэнерго
Ингушэнерго
-8
0

Статус данных
Просьба обратить внимание
— все данные не занесены
Факт
План
Итого – Факт
Отпуск в сеть 177 286 590
Отпуск из сети 162 684 396
Потери 14 602 194
Итого – План
Отпуск в сеть 279 622 401
Отпуск из сети 263 872 604
Потери 15 749 796
Выполнение бизнес-плана в части показателя «Уровень потерь электроэнергии»
Показатели баланса электроэнергии по ДЗО – Факт 
164 602 454 4 949 974 28 695 297 6 258 254 1 364 454 19 698 947 3 467 484 901 140
158 511 723 4 641 851 26 113 910 5 931 711 1 220 439 18 393 144 3 141 633 821 181
6 090 730 308 123 2 581 387 326 542 144 015 1 305 803 325 852 79 959
Показатели баланса электроэнергии по ДЗО – План
167 925 540 5 172 896 30 256 406 6 540 566 1 428 476 20 275 424 3 760 351 908 608
161 793 849 4 799 582 27 414 523 6 100 575 1 275 060 18 880 336 3 352 866 814 188
6 131 691 373 314 2 841 883 439 991 153 416 1 395 088 407 485 94 420'

16-05-2025T07:49:19 - [MESSAGE][PASSED] - Text of object 'Object Repository/Страница авторизации/Text' is: 'ДЗО 
ПАО Россети
Период
1 кв. 2025 года
Отклонения фактического уровня потерь от бизнес-плана, п.п.
0.05
-0.99
-0.40
-1.51
-0.19
-0.38
-0.25
-1.05
-0.60
-1.44
-1.52
Россети ФСК ЕЭС
Россети Волга
Россети Московскийрегион
Россети Северо-Запад
Россети Томск
Россети Тюмень
Россети Урал (ГК)
Россети Центр (ГК)
Россети Центр иПриволжье (ГК)
Россети Юг (ГК)
Россети Янтарь
-2
0
2
4
6
8

Уровень потерь электроэнергии
Россети ФСК ЕЭС
Россети Волга
Россети Московский регион
Россети Северо-Запад
Россети Томск
Россети Урал (ГК)
Россети Юг (ГК)
Россети Янтарь
0
10
20
30
40
50
60
70
3.79
7.22
|
9.39
|
6.73
|
10.74
|
6.88
|
10.84
|
10.39
|
3.84
|
6.22
9.00
5.22
10.55
6.63
9.40
8.87
п.п.
2.60
Итого
0
1
2
3
%
5.63 5.63
8.24 8.24
План
Факт
1
100

● Бизнес-план выполнен● ●● Превышение бизнес-плана
Отклонения фактического уровня потерь от бизнес-плана за 3 месяца (нарастающим итогом), п.п.
-0.0-0.0
-1.0-1.0
-0.4-0.4
-2.5-2.5
-0.3-0.3
-0.2-0.2
-0.3-0.3
-2.6-2.6
-1.9-1.9
-1.4-1.4
-2.4-2.4
0.10.1
-0.7-0.7
-1.5-1.5
-0.2-0.2
-0.4-0.4
-0.5-0.5
-1.8-1.8
-1.5-1.5
-1.5-1.5
0.10.1
-1.0-1.0
-0.4-0.4
-1.5-1.5
-0.2-0.2
-0.4-0.4
-0.3-0.3
-1.0-1.0
-0.6-0.6
-1.4-1.4
-1.5-1.5
Россети ФСКЕЭС
АО«Тываэнерго»
АО«Чеченэнерго»
Россети Волга
РоссетиКубань
РоссетиЛенэнерго(ГК)
РоссетиМосковскийрегион
РоссетиСеверныйКавказ (ГК)
Россети Северо-Запад
Россети Сибирь(ГК)
Россети Томск
Россети Тюмень
Россети Урал(ГК)
Россети Центр
Россети Центри Приволжье(ГК)
Россети Юг (Г…
РоссетиЯнтарь
-2
0
-4
2
п.п.
Отклонения фактического уровня потерь от бизнес-плана за 3 месяца (нарастающим итогом)
-3.4-3.4
-2.5-2.5
-6.0-6.0
-1.5-1.5
-0.6-0.6
-1.6-1.6
-1.4-1.4
-4.5-4.5
-1.8-1.8
-1.9-1.9
-5.3-5.3
-1.1-1.1
-0.5-0.5
-0.7-0.7
-0.9-0.9
-2.8-2.8
-1.2-1.2
-0.8-0.8
-4.0-4.0
-1.1-1.1
-0.4-0.4
-0.5-0.5
-0.2-0.2
-1.5-1.5
Итого по ФСК ЕЭС
АО "Тываэнерго"
АО «ВМЭС»
АО «Воронежская горэлектросеть»
АО «Тульские городские электрические сети»
АО «Чеченэнерго»
АО «Ярославская электросетевая компания»
АО ЕЭСК
Алтайэнерго
Архангельский филиал
Астраханьэнерго
Белгородэнерго
Брянскэнерго
Бурятэнерго
Владимирэнерго
Волгоградэнерго
Вологодский филиал
Воронежэнерго
Дагэнерго
Ивэнерго
Ингушэнерго
-8
0

Статус данных
Просьба обратить внимание
— все данные не занесены
Факт
План
Итого – Факт
Отпуск в сеть 177 286 590
Отпуск из сети 162 684 396
Потери 14 602 194
Итого – План
Отпуск в сеть 279 622 401
Отпуск из сети 263 872 604
Потери 15 749 796
Выполнение бизнес-плана в части показателя «Уровень потерь электроэнергии»
Показатели баланса электроэнергии по ДЗО – Факт 
164 602 454 4 949 974 28 695 297 6 258 254 1 364 454 19 698 947 3 467 484 901 140
158 511 723 4 641 851 26 113 910 5 931 711 1 220 439 18 393 144 3 141 633 821 181
6 090 730 308 123 2 581 387 326 542 144 015 1 305 803 325 852 79 959
Показатели баланса электроэнергии по ДЗО – План
167 925 540 5 172 896 30 256 406 6 540 566 1 428 476 20 275 424 3 760 351 908 608
161 793 849 4 799 582 27 414 523 6 100 575 1 275 060 18 880 336 3 352 866 814 188
6 131 691 373 314 2 841 883 439 991 153 416 1 395 088 407 485 94 420'

16-05-2025T07:49:19 - [TEST_STEP][PASSED] - Script1686231490255.ZakrytOpoveshenie(): null

16-05-2025T07:49:19 - [TEST_STEP][PASSED] - opoveshenie = getText(findTestObject("Выполнение бизнес-плана/Просьба обратить внимание")): Text of object 'Object Repository/Выполнение бизнес-плана/Просьба обратить внимание' is: 'Просьба обратить внимание'

16-05-2025T07:49:19 - [MESSAGE][PASSED] - Text of object 'Object Repository/Выполнение бизнес-плана/Просьба обратить внимание' is: 'Просьба обратить внимание'

16-05-2025T07:49:19 - [TEST_STEP][PASSED] - println(opoveshenie): null

16-05-2025T07:49:19 - [TEST_STEP][PASSED] - if (opoveshenie == "Просьба обратить внимание"): Object: 'Object Repository/Выполнение бизнес-плана/Закрыть оповещение' is clicked on

16-05-2025T07:49:19 - [TEST_STEP][PASSED] - click(findTestObject("Выполнение бизнес-плана/Закрыть оповещение")): Object: 'Object Repository/Выполнение бизнес-плана/Закрыть оповещение' is clicked on

16-05-2025T07:49:20 - [MESSAGE][PASSED] - Object: 'Object Repository/Выполнение бизнес-плана/Закрыть оповещение' is clicked on

16-05-2025T07:49:20 - [TEST_STEP][PASSED] - click(findTestObject("Object Repository/Выполнение бизнес-плана/Фильтр Дата")): Object: 'Object Repository/Выполнение бизнес-плана/Фильтр Дата' is clicked on

16-05-2025T07:49:20 - [MESSAGE][PASSED] - Object: 'Object Repository/Выполнение бизнес-плана/Фильтр Дата' is clicked on

16-05-2025T07:49:20 - [TEST_STEP][PASSED] - click(findTestObject("Выполнение бизнес-плана/Снять выделение в фильтре Дата")): Object: 'Object Repository/Выполнение бизнес-плана/Снять выделение в фильтре Дата' is clicked on

16-05-2025T07:49:21 - [MESSAGE][PASSED] - Object: 'Object Repository/Выполнение бизнес-плана/Снять выделение в фильтре Дата' is clicked on

16-05-2025T07:49:21 - [TEST_STEP][PASSED] - click(findTestObject("Object Repository/Выполнение бизнес-плана/Применить в фильтре Дата")): Object: 'Object Repository/Выполнение бизнес-плана/Применить в фильтре Дата' is clicked on

16-05-2025T07:49:22 - [MESSAGE][PASSED] - Object: 'Object Repository/Выполнение бизнес-плана/Применить в фильтре Дата' is clicked on

16-05-2025T07:49:22 - [TEST_STEP][PASSED] - delay(70): Delayed 70 second(s)

16-05-2025T07:50:32 - [MESSAGE][PASSED] - Delayed 70 second(s)

16-05-2025T07:50:32 - [TEST_STEP][PASSED] - Script1686231490255.ZakrytOpoveshenie(): null

16-05-2025T07:50:32 - [TEST_STEP][PASSED] - opoveshenie = getText(findTestObject("Выполнение бизнес-плана/Просьба обратить внимание")): Text of object 'Object Repository/Выполнение бизнес-плана/Просьба обратить внимание' is: 'Просьба обратить внимание'

16-05-2025T07:50:32 - [MESSAGE][PASSED] - Text of object 'Object Repository/Выполнение бизнес-плана/Просьба обратить внимание' is: 'Просьба обратить внимание'

16-05-2025T07:50:32 - [TEST_STEP][PASSED] - println(opoveshenie): null

16-05-2025T07:50:32 - [TEST_STEP][PASSED] - if (opoveshenie == "Просьба обратить внимание"): Object: 'Object Repository/Выполнение бизнес-плана/Закрыть оповещение' is clicked on

16-05-2025T07:50:32 - [TEST_STEP][PASSED] - click(findTestObject("Выполнение бизнес-плана/Закрыть оповещение")): Object: 'Object Repository/Выполнение бизнес-плана/Закрыть оповещение' is clicked on

16-05-2025T07:50:32 - [MESSAGE][PASSED] - Object: 'Object Repository/Выполнение бизнес-плана/Закрыть оповещение' is clicked on

16-05-2025T07:50:32 - [TEST_STEP][PASSED] - click(findTestObject("Object Repository/Выполнение бизнес-плана/Фильтр Дата")): Object: 'Object Repository/Выполнение бизнес-плана/Фильтр Дата' is clicked on

16-05-2025T07:50:33 - [MESSAGE][PASSED] - Object: 'Object Repository/Выполнение бизнес-плана/Фильтр Дата' is clicked on

16-05-2025T07:50:33 - [TEST_STEP][PASSED] - scrollToElement(findTestObject("Выполнение бизнес-плана/2025 список"), 30): Scroll to object 'Object Repository/Выполнение бизнес-плана/2025 список' successfully

16-05-2025T07:50:33 - [MESSAGE][PASSED] - Scroll to object 'Object Repository/Выполнение бизнес-плана/2025 список' successfully

16-05-2025T07:50:33 - [TEST_STEP][PASSED] - click(findTestObject("Выполнение бизнес-плана/2025 список"), CONTINUE_ON_FAILURE): Object: 'Object Repository/Выполнение бизнес-плана/2025 список' is clicked on

16-05-2025T07:50:34 - [MESSAGE][PASSED] - Object: 'Object Repository/Выполнение бизнес-плана/2025 список' is clicked on

16-05-2025T07:50:34 - [TEST_STEP][PASSED] - scrollToElement(findTestObject("Выполнение бизнес-плана/1 квартал 2025 список"), 30): Scroll to object 'Object Repository/Выполнение бизнес-плана/1 квартал 2025 список' successfully

16-05-2025T07:50:34 - [MESSAGE][PASSED] - Scroll to object 'Object Repository/Выполнение бизнес-плана/1 квартал 2025 список' successfully

16-05-2025T07:50:34 - [TEST_STEP][PASSED] - click(findTestObject("Выполнение бизнес-плана/1 квартал 2025"), CONTINUE_ON_FAILURE): Object: 'Object Repository/Выполнение бизнес-плана/1 квартал 2025' is clicked on

16-05-2025T07:50:35 - [MESSAGE][PASSED] - Object: 'Object Repository/Выполнение бизнес-плана/1 квартал 2025' is clicked on

16-05-2025T07:50:35 - [TEST_STEP][PASSED] - click(findTestObject("Object Repository/Выполнение бизнес-плана/Применить в фильтре Дата")): Object: 'Object Repository/Выполнение бизнес-плана/Применить в фильтре Дата' is clicked on

16-05-2025T07:50:36 - [MESSAGE][PASSED] - Object: 'Object Repository/Выполнение бизнес-плана/Применить в фильтре Дата' is clicked on

16-05-2025T07:50:36 - [TEST_STEP][PASSED] - scrollToElement(findTestObject("Выполнение бизнес-плана/Заголовок дашборда"), 30): Scroll to object 'Object Repository/Выполнение бизнес-плана/Заголовок дашборда' successfully

16-05-2025T07:51:06 - [MESSAGE][PASSED] - Scroll to object 'Object Repository/Выполнение бизнес-плана/Заголовок дашборда' successfully

16-05-2025T07:51:06 - [TEST_STEP][PASSED] - delay(70): Delayed 70 second(s)

16-05-2025T07:52:16 - [MESSAGE][PASSED] - Delayed 70 second(s)

16-05-2025T07:52:16 - [TEST_STEP][PASSED] - Script1686231490255.ZakrytOpoveshenie(): null

16-05-2025T07:52:16 - [TEST_STEP][PASSED] - opoveshenie = getText(findTestObject("Выполнение бизнес-плана/Просьба обратить внимание")): Text of object 'Object Repository/Выполнение бизнес-плана/Просьба обратить внимание' is: 'Просьба обратить внимание'

16-05-2025T07:52:16 - [MESSAGE][PASSED] - Text of object 'Object Repository/Выполнение бизнес-плана/Просьба обратить внимание' is: 'Просьба обратить внимание'

16-05-2025T07:52:16 - [TEST_STEP][PASSED] - println(opoveshenie): null

16-05-2025T07:52:16 - [TEST_STEP][PASSED] - if (opoveshenie == "Просьба обратить внимание"): Object: 'Object Repository/Выполнение бизнес-плана/Закрыть оповещение' is clicked on

16-05-2025T07:52:16 - [TEST_STEP][PASSED] - click(findTestObject("Выполнение бизнес-плана/Закрыть оповещение")): Object: 'Object Repository/Выполнение бизнес-плана/Закрыть оповещение' is clicked on

16-05-2025T07:52:16 - [MESSAGE][PASSED] - Object: 'Object Repository/Выполнение бизнес-плана/Закрыть оповещение' is clicked on

16-05-2025T07:52:16 - [TEST_STEP][PASSED] - click(findTestObject("Object Repository/Выполнение бизнес-плана/Фильтр ДЗО")): Object: 'Object Repository/Выполнение бизнес-плана/Фильтр ДЗО' is clicked on

16-05-2025T07:52:17 - [MESSAGE][PASSED] - Object: 'Object Repository/Выполнение бизнес-плана/Фильтр ДЗО' is clicked on

16-05-2025T07:52:17 - [TEST_STEP][PASSED] - click(findTestObject("Выполнение бизнес-плана/Снять выделение в фильтре ДЗО")): Object: 'Object Repository/Выполнение бизнес-плана/Снять выделение в фильтре ДЗО' is clicked on

16-05-2025T07:52:17 - [MESSAGE][PASSED] - Object: 'Object Repository/Выполнение бизнес-плана/Снять выделение в фильтре ДЗО' is clicked on

16-05-2025T07:52:17 - [TEST_STEP][PASSED] - click(findTestObject("Выполнение бизнес-плана/ПАО Россети")): Object: 'Object Repository/Выполнение бизнес-плана/ПАО Россети' is clicked on

16-05-2025T07:52:18 - [MESSAGE][PASSED] - Object: 'Object Repository/Выполнение бизнес-плана/ПАО Россети' is clicked on

16-05-2025T07:52:18 - [TEST_STEP][PASSED] - click(findTestObject("Object Repository/Выполнение бизнес-плана/Применить в фильтре ДЗО")): Object: 'Object Repository/Выполнение бизнес-плана/Применить в фильтре ДЗО' is clicked on

16-05-2025T07:52:19 - [MESSAGE][PASSED] - Object: 'Object Repository/Выполнение бизнес-плана/Применить в фильтре ДЗО' is clicked on

16-05-2025T07:52:19 - [TEST_STEP][PASSED] - delay(70): Delayed 70 second(s)

16-05-2025T07:53:29 - [MESSAGE][PASSED] - Delayed 70 second(s)

16-05-2025T07:53:29 - [TEST_STEP][FAILED] - if (run == 1): null

16-05-2025T07:53:29 - [TEST_STEP][PASSED] - user = "админ": null

16-05-2025T07:53:29 - [TEST_STEP][PASSED] - a1 = getText(findTestObject("Выполнение бизнес-плана/Проценты")): Text of object 'Object Repository/Выполнение бизнес-плана/Проценты' is: '%
5.63 5.63
8.24 8.24
План
Факт
1
100'

16-05-2025T07:53:29 - [MESSAGE][PASSED] - Text of object 'Object Repository/Выполнение бизнес-плана/Проценты' is: '%
5.63 5.63
8.24 8.24
План
Факт
1
100'

16-05-2025T07:53:29 - [TEST_STEP][PASSED] - a2 = getText(findTestObject("Выполнение бизнес-плана/vidget 2")): Text of object 'Object Repository/Выполнение бизнес-плана/vidget 2' is: 'Россети ФСК ЕЭС
Россети Волга
Россети Московский регион
Россети Северо-Запад
Россети Томск
Россети Урал (ГК)
Россети Юг (ГК)
Россети Янтарь
0
10
20
30
40
50
60
70'

16-05-2025T07:53:29 - [MESSAGE][PASSED] - Text of object 'Object Repository/Выполнение бизнес-плана/vidget 2' is: 'Россети ФСК ЕЭС
Россети Волга
Россети Московский регион
Россети Северо-Запад
Россети Томск
Россети Урал (ГК)
Россети Юг (ГК)
Россети Янтарь
0
10
20
30
40
50
60
70'

16-05-2025T07:53:29 - [TEST_STEP][PASSED] - a3 = getText(findTestObject("Выполнение бизнес-плана/table")): Text of object 'Object Repository/Выполнение бизнес-плана/table' is: ''

16-05-2025T07:53:30 - [MESSAGE][PASSED] - Text of object 'Object Repository/Выполнение бизнес-плана/table' is: ''

16-05-2025T07:53:30 - [TEST_STEP][FAILED] - a4 = getText(findTestObject("null")): Unable to get text of object (Root cause: com.kms.katalon.core.exception.StepFailedException: Unable to get text of object
	at com.kms.katalon.core.webui.keyword.internal.WebUIKeywordMain.stepFailed(WebUIKeywordMain.groovy:64)
	at com.kms.katalon.core.webui.keyword.internal.WebUIKeywordMain.runKeyword(WebUIKeywordMain.groovy:26)
	at com.kms.katalon.core.webui.keyword.builtin.GetTextKeyword.getText(GetTextKeyword.groovy:88)
	at com.kms.katalon.core.webui.keyword.builtin.GetTextKeyword.execute(GetTextKeyword.groovy:67)
	at com.kms.katalon.core.keyword.internal.KeywordExecutor.executeKeywordForPlatform(KeywordExecutor.groovy:74)
	at com.kms.katalon.core.webui.keyword.WebUiBuiltInKeywords.getText(WebUiBuiltInKeywords.groovy:957)
	at Блок руководителя сверка дашбордов под разными учётками.VipolnenieBiznesPlana(Блок руководителя сверка дашбордов под разными учётками:276)
	at Блок руководителя сверка дашбордов под разными учётками.run(Блок руководителя сверка дашбордов под разными учётками:52)
	at com.kms.katalon.core.main.ScriptEngine.run(ScriptEngine.java:194)
	at com.kms.katalon.core.main.ScriptEngine.runScriptAsRawText(ScriptEngine.java:119)
	at com.kms.katalon.core.main.TestCaseExecutor.runScript(TestCaseExecutor.java:448)
	at com.kms.katalon.core.main.TestCaseExecutor.doExecute(TestCaseExecutor.java:439)
	at com.kms.katalon.core.main.TestCaseExecutor.processExecutionPhase(TestCaseExecutor.java:418)
	at com.kms.katalon.core.main.TestCaseExecutor.accessMainPhase(TestCaseExecutor.java:410)
	at com.kms.katalon.core.main.TestCaseExecutor.execute(TestCaseExecutor.java:285)
	at com.kms.katalon.core.common.CommonExecutor.accessTestCaseMainPhase(CommonExecutor.java:65)
	at com.kms.katalon.core.main.TestSuiteExecutor.accessTestSuiteMainPhase(TestSuiteExecutor.java:150)
	at com.kms.katalon.core.main.TestSuiteExecutor.execute(TestSuiteExecutor.java:106)
	at com.kms.katalon.core.main.TestCaseMain.startTestSuite(TestCaseMain.java:180)
	at TempTestSuite1747369435659.run(TempTestSuite1747369435659.groovy:35)
	at java.base/jdk.internal.reflect.NativeMethodAccessorImpl.invoke0(Native Method)
	at java.base/jdk.internal.reflect.NativeMethodAccessorImpl.invoke(NativeMethodAccessorImpl.java:77)
	at java.base/jdk.internal.reflect.DelegatingMethodAccessorImpl.invoke(DelegatingMethodAccessorImpl.java:43)
Caused by: java.lang.IllegalArgumentException: Object is null
	at com.kms.katalon.core.helper.KeywordHelper.checkTestObjectParameter(KeywordHelper.java:33)
	at com.kms.katalon.core.webui.keyword.builtin.GetTextKeyword$_getText_closure1.doCall(GetTextKeyword.groovy:76)
	at com.kms.katalon.core.webui.keyword.builtin.GetTextKeyword$_getText_closure1.call(GetTextKeyword.groovy)
	at com.kms.katalon.core.webui.keyword.internal.WebUIKeywordMain.runKeyword(WebUIKeywordMain.groovy:20)
	at com.kms.katalon.core.webui.keyword.builtin.GetTextKeyword.getText(GetTextKeyword.groovy:88)
	at com.kms.katalon.core.webui.keyword.builtin.GetTextKeyword.execute(GetTextKeyword.groovy:67)
	at com.kms.katalon.core.keyword.internal.KeywordExecutor.executeKeywordForPlatform(KeywordExecutor.groovy:74)
	at com.kms.katalon.core.webui.keyword.WebUiBuiltInKeywords.getText(WebUiBuiltInKeywords.groovy:957)
	at Script1686231490255.VipolnenieBiznesPlana(Script1686231490255.groovy:276)
	at Script1686231490255.run(Script1686231490255.groovy:52)
	... 15 more
)

16-05-2025T07:53:30 - [MESSAGE][WARNING] - Test object with id 'Object Repository/null' does not exist

16-05-2025T07:53:30 - [MESSAGE][WARNING] - Test object with id 'Object Repository/' does not exist

16-05-2025T07:53:30 - [MESSAGE][FAILED] - Unable to get text of object (Root cause: com.kms.katalon.core.exception.StepFailedException: Unable to get text of object
	at com.kms.katalon.core.webui.keyword.internal.WebUIKeywordMain.stepFailed(WebUIKeywordMain.groovy:64)
	at com.kms.katalon.core.webui.keyword.internal.WebUIKeywordMain.runKeyword(WebUIKeywordMain.groovy:26)
	at com.kms.katalon.core.webui.keyword.builtin.GetTextKeyword.getText(GetTextKeyword.groovy:88)
	at com.kms.katalon.core.webui.keyword.builtin.GetTextKeyword.execute(GetTextKeyword.groovy:67)
	at com.kms.katalon.core.keyword.internal.KeywordExecutor.executeKeywordForPlatform(KeywordExecutor.groovy:74)
	at com.kms.katalon.core.webui.keyword.WebUiBuiltInKeywords.getText(WebUiBuiltInKeywords.groovy:957)
	at Блок руководителя сверка дашбордов под разными учётками.VipolnenieBiznesPlana(Блок руководителя сверка дашбордов под разными учётками:276)
	at Блок руководителя сверка дашбордов под разными учётками.run(Блок руководителя сверка дашбордов под разными учётками:52)
	at com.kms.katalon.core.main.ScriptEngine.run(ScriptEngine.java:194)
	at com.kms.katalon.core.main.ScriptEngine.runScriptAsRawText(ScriptEngine.java:119)
	at com.kms.katalon.core.main.TestCaseExecutor.runScript(TestCaseExecutor.java:448)
	at com.kms.katalon.core.main.TestCaseExecutor.doExecute(TestCaseExecutor.java:439)
	at com.kms.katalon.core.main.TestCaseExecutor.processExecutionPhase(TestCaseExecutor.java:418)
	at com.kms.katalon.core.main.TestCaseExecutor.accessMainPhase(TestCaseExecutor.java:410)
	at com.kms.katalon.core.main.TestCaseExecutor.execute(TestCaseExecutor.java:285)
	at com.kms.katalon.core.common.CommonExecutor.accessTestCaseMainPhase(CommonExecutor.java:65)
	at com.kms.katalon.core.main.TestSuiteExecutor.accessTestSuiteMainPhase(TestSuiteExecutor.java:150)
	at com.kms.katalon.core.main.TestSuiteExecutor.execute(TestSuiteExecutor.java:106)
	at com.kms.katalon.core.main.TestCaseMain.startTestSuite(TestCaseMain.java:180)
	at TempTestSuite1747369435659.run(TempTestSuite1747369435659.groovy:35)
	at java.base/jdk.internal.reflect.NativeMethodAccessorImpl.invoke0(Native Method)
	at java.base/jdk.internal.reflect.NativeMethodAccessorImpl.invoke(NativeMethodAccessorImpl.java:77)
	at java.base/jdk.internal.reflect.DelegatingMethodAccessorImpl.invoke(DelegatingMethodAccessorImpl.java:43)
Caused by: java.lang.IllegalArgumentException: Object is null
	at com.kms.katalon.core.helper.KeywordHelper.checkTestObjectParameter(KeywordHelper.java:33)
	at com.kms.katalon.core.webui.keyword.builtin.GetTextKeyword$_getText_closure1.doCall(GetTextKeyword.groovy:76)
	at com.kms.katalon.core.webui.keyword.builtin.GetTextKeyword$_getText_closure1.call(GetTextKeyword.groovy)
	at com.kms.katalon.core.webui.keyword.internal.WebUIKeywordMain.runKeyword(WebUIKeywordMain.groovy:20)
	at com.kms.katalon.core.webui.keyword.builtin.GetTextKeyword.getText(GetTextKeyword.groovy:88)
	at com.kms.katalon.core.webui.keyword.builtin.GetTextKeyword.execute(GetTextKeyword.groovy:67)
	at com.kms.katalon.core.keyword.internal.KeywordExecutor.executeKeywordForPlatform(KeywordExecutor.groovy:74)
	at com.kms.katalon.core.webui.keyword.WebUiBuiltInKeywords.getText(WebUiBuiltInKeywords.groovy:957)
	at Script1686231490255.VipolnenieBiznesPlana(Script1686231490255.groovy:276)
	at Script1686231490255.run(Script1686231490255.groovy:52)
	... 15 more
)
[[ATTACHMENT|C:\\Users\\LIAZGINA-DI\\git\\SPORU\\Reports\\20250516_072355\\\u041F\u043D-\u0421\u0440-\u041F\u0442\\\u0421\u0432\u0435\u0440\u043A\u0430 \u0434\u0430\u0448\u0431\u043E\u0440\u0434\u043E\u0432 \u0438\u0437 \u0440\u0430\u0437\u043D\u044B\u0445 \u0431\u043B\u043E\u043A\u043E\u0432\\20250516_072355\\1747371210294.png]]

16-05-2025T07:53:30 - [TEST_STEP][PASSED] - a5 = getText(findTestObject("Выполнение бизнес-плана/svg1")): Text of object 'Object Repository/Выполнение бизнес-плана/svg1' is: '%
5.63 5.63
8.24 8.24
План
Факт
1
100'

16-05-2025T07:53:30 - [MESSAGE][PASSED] - Text of object 'Object Repository/Выполнение бизнес-плана/svg1' is: '%
5.63 5.63
8.24 8.24
План
Факт
1
100'

16-05-2025T07:53:30 - [TEST_STEP][PASSED] - a6 = getText(findTestObject("Выполнение бизнес-плана/svg2")): Text of object 'Object Repository/Выполнение бизнес-плана/svg2' is: 'п.п.
2.60
Итого
0
1
2
3'

16-05-2025T07:53:31 - [MESSAGE][PASSED] - Text of object 'Object Repository/Выполнение бизнес-плана/svg2' is: 'п.п.
2.60
Итого
0
1
2
3'

16-05-2025T07:53:31 - [TEST_STEP][PASSED] - a7 = getText(findTestObject("Выполнение бизнес-плана/Значения со страницы Выполнение бизнес-плана/Факт Отпуск в сеть за отчётный период ПАО Россети")): Text of object 'Object Repository/Выполнение бизнес-плана/Значения со страницы Выполнение бизнес-плана/Факт Отпуск в сеть за отчётный период ПАО Россети' is: '177 286 590'

16-05-2025T07:53:31 - [MESSAGE][PASSED] - Text of object 'Object Repository/Выполнение бизнес-плана/Значения со страницы Выполнение бизнес-плана/Факт Отпуск в сеть за отчётный период ПАО Россети' is: '177 286 590'

16-05-2025T07:53:31 - [TEST_STEP][PASSED] - a8 = getText(findTestObject("Выполнение бизнес-плана/Значения со страницы Выполнение бизнес-плана/Факт Отпуск из сети за отчётный период ПАО Россети")): Text of object 'Object Repository/Выполнение бизнес-плана/Значения со страницы Выполнение бизнес-плана/Факт Отпуск из сети за отчётный период ПАО Россети' is: '162 684 396'

16-05-2025T07:53:31 - [MESSAGE][PASSED] - Text of object 'Object Repository/Выполнение бизнес-плана/Значения со страницы Выполнение бизнес-плана/Факт Отпуск из сети за отчётный период ПАО Россети' is: '162 684 396'

16-05-2025T07:53:31 - [TEST_STEP][PASSED] - a9 = getText(findTestObject("Выполнение бизнес-плана/Значения со страницы Выполнение бизнес-плана/Факт Потери за отчётный период ПАО Россети")): Text of object 'Object Repository/Выполнение бизнес-плана/Значения со страницы Выполнение бизнес-плана/Факт Потери за отчётный период ПАО Россети' is: '14 602 194'

16-05-2025T07:53:31 - [MESSAGE][PASSED] - Text of object 'Object Repository/Выполнение бизнес-плана/Значения со страницы Выполнение бизнес-плана/Факт Потери за отчётный период ПАО Россети' is: '14 602 194'

16-05-2025T07:53:31 - [TEST_STEP][PASSED] - Script1686231490255.WriteToExcel(user, dashboardName, n, data, run, a1, a2, a3, a4, a5, a6, a7, a8, a9): null

16-05-2025T07:53:31 - [TEST_STEP][PASSED] - sheetName = "Sheet1": null

16-05-2025T07:53:31 - [TEST_STEP][PASSED] - workbook01 = getWorkbook(excelFilePath): null

16-05-2025T07:53:32 - [TEST_STEP][PASSED] - sheet01 = getExcelSheet(workbook01, sheetName): null

16-05-2025T07:53:32 - [TEST_STEP][PASSED] - setValueToCellByIndex(sheet01, n, 0, dashboardName): null

16-05-2025T07:53:32 - [TEST_STEP][PASSED] - setValueToCellByIndex(sheet01, n, 10, user): null

16-05-2025T07:53:32 - [TEST_STEP][PASSED] - setValueToCellByIndex(sheet01, n, 1, a1): null

16-05-2025T07:53:32 - [TEST_STEP][PASSED] - setValueToCellByIndex(sheet01, n, 2, a2): null

16-05-2025T07:53:32 - [TEST_STEP][PASSED] - setValueToCellByIndex(sheet01, n, 3, a3): null

16-05-2025T07:53:32 - [TEST_STEP][PASSED] - setValueToCellByIndex(sheet01, n, 4, a4): null

16-05-2025T07:53:32 - [TEST_STEP][PASSED] - setValueToCellByIndex(sheet01, n, 5, a5): null

16-05-2025T07:53:32 - [TEST_STEP][PASSED] - setValueToCellByIndex(sheet01, n, 6, a6): null

16-05-2025T07:53:32 - [TEST_STEP][PASSED] - setValueToCellByIndex(sheet01, n, 7, a7): null

16-05-2025T07:53:32 - [TEST_STEP][PASSED] - setValueToCellByIndex(sheet01, n, 8, a8): null

16-05-2025T07:53:32 - [TEST_STEP][PASSED] - setValueToCellByIndex(sheet01, n, 9, a9): null

16-05-2025T07:53:32 - [TEST_STEP][PASSED] - n = n + 1: null

16-05-2025T07:53:32 - [TEST_STEP][PASSED] - saveWorkbook(excelFilePath, workbook01): null

16-05-2025T07:53:32 - [TEST_STEP][PASSED] - if (run == 2): null

16-05-2025T07:53:32 - [TEST_STEP][PASSED] - if (run == 3): null

16-05-2025T07:53:32 - [TEST_STEP][PASSED] - closeBrowser(): null

16-05-2025T07:53:32 - [MESSAGE][PASSED] - Browser is closed

16-05-2025T07:53:32 - [TEST_STEP][PASSED] - VipolnenieBiznesPlana(user, dashboardName, n, data, run, a1, a2, a3, a4, a5, a6, a7, a8, a9, urlData): null

16-05-2025T07:53:32 - [TEST_STEP][PASSED] - n = data.getRowNumbers() + 1: null

16-05-2025T07:53:32 - [TEST_STEP][PASSED] - println(n): null

16-05-2025T07:53:32 - [TEST_STEP][PASSED] - dashboardName = "Выполнение бизнес-плана": null

16-05-2025T07:53:32 - [TEST_STEP][PASSED] - openBrowser(""): Browser is opened with url: ''

16-05-2025T07:53:32 - [MESSAGE][INFO] - Starting 'Chrome' driver

16-05-2025T07:53:32 - [MESSAGE][INFO] - Action delay is set to 0 milliseconds

16-05-2025T07:53:33 - [MESSAGE][PASSED] - Browser is opened with url: ''

16-05-2025T07:53:33 - [TEST_STEP][PASSED] - urlData = 1: null

16-05-2025T07:53:33 - [TEST_STEP][PASSED] - Script1686231490255.CheckPageDownload(urlData, run): null

16-05-2025T07:53:33 - [TEST_STEP][PASSED] - i = 1: null

16-05-2025T07:53:33 - [TEST_STEP][PASSED] - ii = 0: null

16-05-2025T07:53:33 - [TEST_STEP][PASSED] - urlText = <not implemented yet for class: org.codehaus.groovy.ast.expr.EmptyExpression>: null

16-05-2025T07:53:33 - [TEST_STEP][PASSED] - searchWord = <not implemented yet for class: org.codehaus.groovy.ast.expr.EmptyExpression>: null

16-05-2025T07:53:33 - [TEST_STEP][PASSED] - deleteAllCookies(): Delete all cookies successfully

16-05-2025T07:53:33 - [MESSAGE][PASSED] - Delete all cookies successfully

16-05-2025T07:53:33 - [TEST_STEP][PASSED] - refresh(): Refresh successfully

16-05-2025T07:53:33 - [MESSAGE][PASSED] - Refresh successfully

16-05-2025T07:53:33 - [TEST_STEP][PASSED] - delay(70): Delayed 70 second(s)

16-05-2025T07:54:43 - [MESSAGE][PASSED] - Delayed 70 second(s)

16-05-2025T07:54:43 - [TEST_STEP][PASSED] - navigateToUrl(findTestData("PlanFact").getValue(10, urlData)): Navigate to 'https://bi.rosseti.digital/viewer?dashboardGuid=d154a8eaf6824e2b9de1bb04dd061c18&sheetGuid=1305e8ce744049e1abdacea1ea397a26&fit=true' successfully

16-05-2025T07:54:45 - [MESSAGE][PASSED] - Navigate to 'https://bi.rosseti.digital/viewer?dashboardGuid=d154a8eaf6824e2b9de1bb04dd061c18&sheetGuid=1305e8ce744049e1abdacea1ea397a26&fit=true' successfully

16-05-2025T07:54:45 - [TEST_STEP][PASSED] - pageLoaded1 = verifyElementPresent(findTestObject("Страница авторизации/Text"), 30): Object 'Object Repository/Страница авторизации/Text' is present

16-05-2025T07:54:46 - [MESSAGE][PASSED] - Object 'Object Repository/Страница авторизации/Text' is present

16-05-2025T07:54:46 - [TEST_STEP][PASSED] - if (pageLoaded1 == false): null

16-05-2025T07:54:46 - [TEST_STEP][PASSED] - urlText = getText(findTestObject("Страница авторизации/Text")): Text of object 'Object Repository/Страница авторизации/Text' is: 'Вход'

16-05-2025T07:54:47 - [MESSAGE][PASSED] - Text of object 'Object Repository/Страница авторизации/Text' is: 'Вход'

16-05-2025T07:54:47 - [TEST_STEP][PASSED] - delay(70): Delayed 70 second(s)

16-05-2025T07:55:57 - [MESSAGE][PASSED] - Delayed 70 second(s)

16-05-2025T07:55:57 - [TEST_STEP][PASSED] - searchWord = "Вход": null

16-05-2025T07:55:57 - [TEST_STEP][PASSED] - if (urlText.contains(searchWord) == false): null

16-05-2025T07:55:57 - [TEST_STEP][PASSED] - setText(findTestObject("Страница авторизации/input__username"), findTestData("PlanFact").getValue(8, run)): Text 'Andreeva-EV' is set on object 'Object Repository/Страница авторизации/input__username'

16-05-2025T07:55:57 - [MESSAGE][PASSED] - Text 'Andreeva-EV' is set on object 'Object Repository/Страница авторизации/input__username'

16-05-2025T07:55:57 - [TEST_STEP][PASSED] - setText(findTestObject("Страница авторизации/input__password"), findTestData("PlanFact").getValue(9, run)): Text '2nPePKDwCPH3ul7xMZ' is set on object 'Object Repository/Страница авторизации/input__password'

16-05-2025T07:55:58 - [MESSAGE][PASSED] - Text '2nPePKDwCPH3ul7xMZ' is set on object 'Object Repository/Страница авторизации/input__password'

16-05-2025T07:55:58 - [TEST_STEP][PASSED] - click(findTestObject("Страница авторизации/button_")): Object: 'Object Repository/Страница авторизации/button_' is clicked on

16-05-2025T07:55:59 - [MESSAGE][PASSED] - Object: 'Object Repository/Страница авторизации/button_' is clicked on

16-05-2025T07:55:59 - [TEST_STEP][PASSED] - delay(70): Delayed 70 second(s)

16-05-2025T07:57:09 - [MESSAGE][PASSED] - Delayed 70 second(s)

16-05-2025T07:57:09 - [TEST_STEP][PASSED] - searchWord = "а": null

16-05-2025T07:57:09 - [TEST_STEP][PASSED] - pageLoaded2 = verifyElementPresent(findTestObject("Страница авторизации/Text"), 50): Object 'Object Repository/Страница авторизации/Text' is present

16-05-2025T07:57:10 - [MESSAGE][PASSED] - Object 'Object Repository/Страница авторизации/Text' is present

16-05-2025T07:57:10 - [TEST_STEP][PASSED] - if (pageLoaded2 == false): null

16-05-2025T07:57:10 - [TEST_STEP][PASSED] - urlText = getText(findTestObject("Страница авторизации/Text")): Text of object 'Object Repository/Страница авторизации/Text' is: 'ДЗО 
ПАО Россети
Период
1 кв. 2025 года
Отклонения фактического уровня потерь от бизнес-плана, п.п.
0.05
-0.99
-0.40
-1.51
-0.19
-0.38
-0.25
-1.05
-0.60
-1.44
-1.52
Россети ФСК ЕЭС
Россети Волга
Россети Московскийрегион
Россети Северо-Запад
Россети Томск
Россети Тюмень
Россети Урал (ГК)
Россети Центр (ГК)
Россети Центр иПриволжье (ГК)
Россети Юг (ГК)
Россети Янтарь
-2
0
2
4
6
8

Уровень потерь электроэнергии
Россети ФСК ЕЭС
Россети Волга
Россети Московский регион
Россети Северо-Запад
Россети Томск
Россети Урал (ГК)
Россети Юг (ГК)
Россети Янтарь
0
10
20
30
40
50
60
70
3.79
7.22
|
9.39
|
6.73
|
10.74
|
6.88
|
10.84
|
10.39
|
3.84
|
6.22
9.00
5.22
10.55
6.63
9.40
8.87
п.п.
2.60
Итого
0
1
2
3
%
5.63 5.63
8.24 8.24
План
Факт
1
100

● Бизнес-план выполнен● ●● Превышение бизнес-плана
Отклонения фактического уровня потерь от бизнес-плана за 3 месяца (нарастающим итогом), п.п.
-0.0-0.0
-1.0-1.0
-0.4-0.4
-2.5-2.5
-0.3-0.3
-0.2-0.2
-0.3-0.3
-2.6-2.6
-1.9-1.9
-1.4-1.4
-2.4-2.4
0.10.1
-0.7-0.7
-1.5-1.5
-0.2-0.2
-0.4-0.4
-0.5-0.5
-1.8-1.8
-1.5-1.5
-1.5-1.5
0.10.1
-1.0-1.0
-0.4-0.4
-1.5-1.5
-0.2-0.2
-0.4-0.4
-0.3-0.3
-1.0-1.0
-0.6-0.6
-1.4-1.4
-1.5-1.5
Россети ФСКЕЭС
АО«Тываэнерго»
АО«Чеченэнерго»
Россети Волга
РоссетиКубань
РоссетиЛенэнерго(ГК)
РоссетиМосковскийрегион
РоссетиСеверныйКавказ (ГК)
Россети Северо-Запад
Россети Сибирь(ГК)
Россети Томск
Россети Тюмень
Россети Урал(ГК)
Россети Центр
Россети Центри Приволжье(ГК)
Россети Юг (Г…
РоссетиЯнтарь
-2
0
-4
2
п.п.
Отклонения фактического уровня потерь от бизнес-плана за 3 месяца (нарастающим итогом)
-3.4-3.4
-2.5-2.5
-6.0-6.0
-1.5-1.5
-0.6-0.6
-1.6-1.6
-1.4-1.4
-4.5-4.5
-1.8-1.8
-1.9-1.9
-5.3-5.3
-1.1-1.1
-0.5-0.5
-0.7-0.7
-0.9-0.9
-2.8-2.8
-1.2-1.2
-0.8-0.8
-4.0-4.0
-1.1-1.1
-0.4-0.4
-0.5-0.5
-0.2-0.2
-1.5-1.5
Итого по ФСК ЕЭС
АО "Тываэнерго"
АО «ВМЭС»
АО «Воронежская горэлектросеть»
АО «Тульские городские электрические сети»
АО «Чеченэнерго»
АО «Ярославская электросетевая компания»
АО ЕЭСК
Алтайэнерго
Архангельский филиал
Астраханьэнерго
Белгородэнерго
Брянскэнерго
Бурятэнерго
Владимирэнерго
Волгоградэнерго
Вологодский филиал
Воронежэнерго
Дагэнерго
Ивэнерго
Ингушэнерго
-8
0

Статус данных
Просьба обратить внимание
— все данные не занесены
Факт
План
Итого – Факт
Отпуск в сеть 177 286 590
Отпуск из сети 162 684 396
Потери 14 602 194
Итого – План
Отпуск в сеть 279 622 401
Отпуск из сети 263 872 604
Потери 15 749 796
Выполнение бизнес-плана в части показателя «Уровень потерь электроэнергии»
Показатели баланса электроэнергии по ДЗО – Факт 
164 602 454 4 949 974 28 695 297 6 258 254 1 364 454 19 698 947 3 467 484 901 140
158 511 723 4 641 851 26 113 910 5 931 711 1 220 439 18 393 144 3 141 633 821 181
6 090 730 308 123 2 581 387 326 542 144 015 1 305 803 325 852 79 959
Показатели баланса электроэнергии по ДЗО – План
167 925 540 5 172 896 30 256 406 6 540 566 1 428 476 20 275 424 3 760 351 908 608
161 793 849 4 799 582 27 414 523 6 100 575 1 275 060 18 880 336 3 352 866 814 188
6 131 691 373 314 2 841 883 439 991 153 416 1 395 088 407 485 94 420'

16-05-2025T07:57:11 - [MESSAGE][PASSED] - Text of object 'Object Repository/Страница авторизации/Text' is: 'ДЗО 
ПАО Россети
Период
1 кв. 2025 года
Отклонения фактического уровня потерь от бизнес-плана, п.п.
0.05
-0.99
-0.40
-1.51
-0.19
-0.38
-0.25
-1.05
-0.60
-1.44
-1.52
Россети ФСК ЕЭС
Россети Волга
Россети Московскийрегион
Россети Северо-Запад
Россети Томск
Россети Тюмень
Россети Урал (ГК)
Россети Центр (ГК)
Россети Центр иПриволжье (ГК)
Россети Юг (ГК)
Россети Янтарь
-2
0
2
4
6
8

Уровень потерь электроэнергии
Россети ФСК ЕЭС
Россети Волга
Россети Московский регион
Россети Северо-Запад
Россети Томск
Россети Урал (ГК)
Россети Юг (ГК)
Россети Янтарь
0
10
20
30
40
50
60
70
3.79
7.22
|
9.39
|
6.73
|
10.74
|
6.88
|
10.84
|
10.39
|
3.84
|
6.22
9.00
5.22
10.55
6.63
9.40
8.87
п.п.
2.60
Итого
0
1
2
3
%
5.63 5.63
8.24 8.24
План
Факт
1
100

● Бизнес-план выполнен● ●● Превышение бизнес-плана
Отклонения фактического уровня потерь от бизнес-плана за 3 месяца (нарастающим итогом), п.п.
-0.0-0.0
-1.0-1.0
-0.4-0.4
-2.5-2.5
-0.3-0.3
-0.2-0.2
-0.3-0.3
-2.6-2.6
-1.9-1.9
-1.4-1.4
-2.4-2.4
0.10.1
-0.7-0.7
-1.5-1.5
-0.2-0.2
-0.4-0.4
-0.5-0.5
-1.8-1.8
-1.5-1.5
-1.5-1.5
0.10.1
-1.0-1.0
-0.4-0.4
-1.5-1.5
-0.2-0.2
-0.4-0.4
-0.3-0.3
-1.0-1.0
-0.6-0.6
-1.4-1.4
-1.5-1.5
Россети ФСКЕЭС
АО«Тываэнерго»
АО«Чеченэнерго»
Россети Волга
РоссетиКубань
РоссетиЛенэнерго(ГК)
РоссетиМосковскийрегион
РоссетиСеверныйКавказ (ГК)
Россети Северо-Запад
Россети Сибирь(ГК)
Россети Томск
Россети Тюмень
Россети Урал(ГК)
Россети Центр
Россети Центри Приволжье(ГК)
Россети Юг (Г…
РоссетиЯнтарь
-2
0
-4
2
п.п.
Отклонения фактического уровня потерь от бизнес-плана за 3 месяца (нарастающим итогом)
-3.4-3.4
-2.5-2.5
-6.0-6.0
-1.5-1.5
-0.6-0.6
-1.6-1.6
-1.4-1.4
-4.5-4.5
-1.8-1.8
-1.9-1.9
-5.3-5.3
-1.1-1.1
-0.5-0.5
-0.7-0.7
-0.9-0.9
-2.8-2.8
-1.2-1.2
-0.8-0.8
-4.0-4.0
-1.1-1.1
-0.4-0.4
-0.5-0.5
-0.2-0.2
-1.5-1.5
Итого по ФСК ЕЭС
АО "Тываэнерго"
АО «ВМЭС»
АО «Воронежская горэлектросеть»
АО «Тульские городские электрические сети»
АО «Чеченэнерго»
АО «Ярославская электросетевая компания»
АО ЕЭСК
Алтайэнерго
Архангельский филиал
Астраханьэнерго
Белгородэнерго
Брянскэнерго
Бурятэнерго
Владимирэнерго
Волгоградэнерго
Вологодский филиал
Воронежэнерго
Дагэнерго
Ивэнерго
Ингушэнерго
-8
0

Статус данных
Просьба обратить внимание
— все данные не занесены
Факт
План
Итого – Факт
Отпуск в сеть 177 286 590
Отпуск из сети 162 684 396
Потери 14 602 194
Итого – План
Отпуск в сеть 279 622 401
Отпуск из сети 263 872 604
Потери 15 749 796
Выполнение бизнес-плана в части показателя «Уровень потерь электроэнергии»
Показатели баланса электроэнергии по ДЗО – Факт 
164 602 454 4 949 974 28 695 297 6 258 254 1 364 454 19 698 947 3 467 484 901 140
158 511 723 4 641 851 26 113 910 5 931 711 1 220 439 18 393 144 3 141 633 821 181
6 090 730 308 123 2 581 387 326 542 144 015 1 305 803 325 852 79 959
Показатели баланса электроэнергии по ДЗО – План
167 925 540 5 172 896 30 256 406 6 540 566 1 428 476 20 275 424 3 760 351 908 608
161 793 849 4 799 582 27 414 523 6 100 575 1 275 060 18 880 336 3 352 866 814 188
6 131 691 373 314 2 841 883 439 991 153 416 1 395 088 407 485 94 420'

16-05-2025T07:57:11 - [TEST_STEP][PASSED] - if (urlText.contains("ошибка") || urlText.contains(searchWord) == false): null

16-05-2025T07:57:11 - [TEST_STEP][PASSED] - Script1686231490255.ZakrytOpoveshenie(): null

16-05-2025T07:57:11 - [TEST_STEP][PASSED] - opoveshenie = getText(findTestObject("Выполнение бизнес-плана/Просьба обратить внимание")): Text of object 'Object Repository/Выполнение бизнес-плана/Просьба обратить внимание' is: 'Просьба обратить внимание'

16-05-2025T07:57:12 - [MESSAGE][PASSED] - Text of object 'Object Repository/Выполнение бизнес-плана/Просьба обратить внимание' is: 'Просьба обратить внимание'

16-05-2025T07:57:12 - [TEST_STEP][PASSED] - println(opoveshenie): null

16-05-2025T07:57:12 - [TEST_STEP][PASSED] - if (opoveshenie == "Просьба обратить внимание"): Object: 'Object Repository/Выполнение бизнес-плана/Закрыть оповещение' is clicked on

16-05-2025T07:57:12 - [TEST_STEP][PASSED] - click(findTestObject("Выполнение бизнес-плана/Закрыть оповещение")): Object: 'Object Repository/Выполнение бизнес-плана/Закрыть оповещение' is clicked on

16-05-2025T07:57:12 - [MESSAGE][PASSED] - Object: 'Object Repository/Выполнение бизнес-плана/Закрыть оповещение' is clicked on

16-05-2025T07:57:12 - [TEST_STEP][PASSED] - click(findTestObject("Object Repository/Выполнение бизнес-плана/Фильтр Дата")): Object: 'Object Repository/Выполнение бизнес-плана/Фильтр Дата' is clicked on

16-05-2025T07:57:12 - [MESSAGE][PASSED] - Object: 'Object Repository/Выполнение бизнес-плана/Фильтр Дата' is clicked on

16-05-2025T07:57:12 - [TEST_STEP][PASSED] - click(findTestObject("Выполнение бизнес-плана/Снять выделение в фильтре Дата")): Object: 'Object Repository/Выполнение бизнес-плана/Снять выделение в фильтре Дата' is clicked on

16-05-2025T07:57:13 - [MESSAGE][PASSED] - Object: 'Object Repository/Выполнение бизнес-плана/Снять выделение в фильтре Дата' is clicked on

16-05-2025T07:57:13 - [TEST_STEP][PASSED] - click(findTestObject("Object Repository/Выполнение бизнес-плана/Применить в фильтре Дата")): Object: 'Object Repository/Выполнение бизнес-плана/Применить в фильтре Дата' is clicked on

16-05-2025T07:57:14 - [MESSAGE][PASSED] - Object: 'Object Repository/Выполнение бизнес-плана/Применить в фильтре Дата' is clicked on

16-05-2025T07:57:14 - [TEST_STEP][PASSED] - delay(70): Delayed 70 second(s)

16-05-2025T07:58:24 - [MESSAGE][PASSED] - Delayed 70 second(s)

16-05-2025T07:58:24 - [TEST_STEP][PASSED] - Script1686231490255.ZakrytOpoveshenie(): null

16-05-2025T07:58:24 - [TEST_STEP][PASSED] - opoveshenie = getText(findTestObject("Выполнение бизнес-плана/Просьба обратить внимание")): Text of object 'Object Repository/Выполнение бизнес-плана/Просьба обратить внимание' is: 'Просьба обратить внимание'

16-05-2025T07:58:24 - [MESSAGE][PASSED] - Text of object 'Object Repository/Выполнение бизнес-плана/Просьба обратить внимание' is: 'Просьба обратить внимание'

16-05-2025T07:58:24 - [TEST_STEP][PASSED] - println(opoveshenie): null

16-05-2025T07:58:24 - [TEST_STEP][PASSED] - if (opoveshenie == "Просьба обратить внимание"): Object: 'Object Repository/Выполнение бизнес-плана/Закрыть оповещение' is clicked on

16-05-2025T07:58:24 - [TEST_STEP][PASSED] - click(findTestObject("Выполнение бизнес-плана/Закрыть оповещение")): Object: 'Object Repository/Выполнение бизнес-плана/Закрыть оповещение' is clicked on

16-05-2025T07:58:24 - [MESSAGE][PASSED] - Object: 'Object Repository/Выполнение бизнес-плана/Закрыть оповещение' is clicked on

16-05-2025T07:58:24 - [TEST_STEP][PASSED] - click(findTestObject("Object Repository/Выполнение бизнес-плана/Фильтр Дата")): Object: 'Object Repository/Выполнение бизнес-плана/Фильтр Дата' is clicked on

16-05-2025T07:58:25 - [MESSAGE][PASSED] - Object: 'Object Repository/Выполнение бизнес-плана/Фильтр Дата' is clicked on

16-05-2025T07:58:25 - [TEST_STEP][PASSED] - scrollToElement(findTestObject("Выполнение бизнес-плана/2025 список"), 30): Scroll to object 'Object Repository/Выполнение бизнес-плана/2025 список' successfully

16-05-2025T07:58:25 - [MESSAGE][PASSED] - Scroll to object 'Object Repository/Выполнение бизнес-плана/2025 список' successfully

16-05-2025T07:58:25 - [TEST_STEP][PASSED] - click(findTestObject("Выполнение бизнес-плана/2025 список"), CONTINUE_ON_FAILURE): Object: 'Object Repository/Выполнение бизнес-плана/2025 список' is clicked on

16-05-2025T07:58:26 - [MESSAGE][PASSED] - Object: 'Object Repository/Выполнение бизнес-плана/2025 список' is clicked on

16-05-2025T07:58:26 - [TEST_STEP][PASSED] - scrollToElement(findTestObject("Выполнение бизнес-плана/1 квартал 2025 список"), 30): Scroll to object 'Object Repository/Выполнение бизнес-плана/1 квартал 2025 список' successfully

16-05-2025T07:58:26 - [MESSAGE][PASSED] - Scroll to object 'Object Repository/Выполнение бизнес-плана/1 квартал 2025 список' successfully

16-05-2025T07:58:26 - [TEST_STEP][PASSED] - click(findTestObject("Выполнение бизнес-плана/1 квартал 2025"), CONTINUE_ON_FAILURE): Object: 'Object Repository/Выполнение бизнес-плана/1 квартал 2025' is clicked on

16-05-2025T07:58:27 - [MESSAGE][PASSED] - Object: 'Object Repository/Выполнение бизнес-плана/1 квартал 2025' is clicked on

16-05-2025T07:58:27 - [TEST_STEP][PASSED] - click(findTestObject("Object Repository/Выполнение бизнес-плана/Применить в фильтре Дата")): Object: 'Object Repository/Выполнение бизнес-плана/Применить в фильтре Дата' is clicked on

16-05-2025T07:58:28 - [MESSAGE][PASSED] - Object: 'Object Repository/Выполнение бизнес-плана/Применить в фильтре Дата' is clicked on

16-05-2025T07:58:28 - [TEST_STEP][PASSED] - scrollToElement(findTestObject("Выполнение бизнес-плана/Заголовок дашборда"), 30): Scroll to object 'Object Repository/Выполнение бизнес-плана/Заголовок дашборда' successfully

16-05-2025T07:58:58 - [MESSAGE][PASSED] - Scroll to object 'Object Repository/Выполнение бизнес-плана/Заголовок дашборда' successfully

16-05-2025T07:58:58 - [TEST_STEP][PASSED] - delay(70): Delayed 70 second(s)

16-05-2025T08:00:08 - [MESSAGE][PASSED] - Delayed 70 second(s)

16-05-2025T08:00:08 - [TEST_STEP][PASSED] - Script1686231490255.ZakrytOpoveshenie(): null

16-05-2025T08:00:08 - [TEST_STEP][PASSED] - opoveshenie = getText(findTestObject("Выполнение бизнес-плана/Просьба обратить внимание")): Text of object 'Object Repository/Выполнение бизнес-плана/Просьба обратить внимание' is: 'Просьба обратить внимание'

16-05-2025T08:00:08 - [MESSAGE][PASSED] - Text of object 'Object Repository/Выполнение бизнес-плана/Просьба обратить внимание' is: 'Просьба обратить внимание'

16-05-2025T08:00:08 - [TEST_STEP][PASSED] - println(opoveshenie): null

16-05-2025T08:00:08 - [TEST_STEP][PASSED] - if (opoveshenie == "Просьба обратить внимание"): Object: 'Object Repository/Выполнение бизнес-плана/Закрыть оповещение' is clicked on

16-05-2025T08:00:08 - [TEST_STEP][PASSED] - click(findTestObject("Выполнение бизнес-плана/Закрыть оповещение")): Object: 'Object Repository/Выполнение бизнес-плана/Закрыть оповещение' is clicked on

16-05-2025T08:00:09 - [MESSAGE][PASSED] - Object: 'Object Repository/Выполнение бизнес-плана/Закрыть оповещение' is clicked on

16-05-2025T08:00:09 - [TEST_STEP][PASSED] - click(findTestObject("Object Repository/Выполнение бизнес-плана/Фильтр ДЗО")): Object: 'Object Repository/Выполнение бизнес-плана/Фильтр ДЗО' is clicked on

16-05-2025T08:00:09 - [MESSAGE][PASSED] - Object: 'Object Repository/Выполнение бизнес-плана/Фильтр ДЗО' is clicked on

16-05-2025T08:00:09 - [TEST_STEP][PASSED] - click(findTestObject("Выполнение бизнес-плана/Снять выделение в фильтре ДЗО")): Object: 'Object Repository/Выполнение бизнес-плана/Снять выделение в фильтре ДЗО' is clicked on

16-05-2025T08:00:10 - [MESSAGE][PASSED] - Object: 'Object Repository/Выполнение бизнес-плана/Снять выделение в фильтре ДЗО' is clicked on

16-05-2025T08:00:10 - [TEST_STEP][PASSED] - click(findTestObject("Выполнение бизнес-плана/ПАО Россети")): Object: 'Object Repository/Выполнение бизнес-плана/ПАО Россети' is clicked on

16-05-2025T08:00:10 - [MESSAGE][PASSED] - Object: 'Object Repository/Выполнение бизнес-плана/ПАО Россети' is clicked on

16-05-2025T08:00:10 - [TEST_STEP][PASSED] - click(findTestObject("Object Repository/Выполнение бизнес-плана/Применить в фильтре ДЗО")): Object: 'Object Repository/Выполнение бизнес-плана/Применить в фильтре ДЗО' is clicked on

16-05-2025T08:00:11 - [MESSAGE][PASSED] - Object: 'Object Repository/Выполнение бизнес-плана/Применить в фильтре ДЗО' is clicked on

16-05-2025T08:00:11 - [TEST_STEP][PASSED] - delay(70): Delayed 70 second(s)

16-05-2025T08:01:21 - [MESSAGE][PASSED] - Delayed 70 second(s)

16-05-2025T08:01:21 - [TEST_STEP][PASSED] - if (run == 1): null

16-05-2025T08:01:21 - [TEST_STEP][FAILED] - if (run == 2): null

16-05-2025T08:01:21 - [TEST_STEP][PASSED] - user = "Андреева": null

16-05-2025T08:01:21 - [TEST_STEP][PASSED] - a1 = getText(findTestObject("Выполнение бизнес-плана/Проценты")): Text of object 'Object Repository/Выполнение бизнес-плана/Проценты' is: '%
5.63 5.63
8.24 8.24
План
Факт
1
100'

16-05-2025T08:01:21 - [MESSAGE][PASSED] - Text of object 'Object Repository/Выполнение бизнес-плана/Проценты' is: '%
5.63 5.63
8.24 8.24
План
Факт
1
100'

16-05-2025T08:01:21 - [TEST_STEP][PASSED] - a2 = getText(findTestObject("Выполнение бизнес-плана/vidget 2")): Text of object 'Object Repository/Выполнение бизнес-плана/vidget 2' is: 'Россети ФСК ЕЭС
Россети Волга
Россети Московский регион
Россети Северо-Запад
Россети Томск
Россети Урал (ГК)
Россети Юг (ГК)
Россети Янтарь
0
10
20
30
40
50
60
70'

16-05-2025T08:01:22 - [MESSAGE][PASSED] - Text of object 'Object Repository/Выполнение бизнес-плана/vidget 2' is: 'Россети ФСК ЕЭС
Россети Волга
Россети Московский регион
Россети Северо-Запад
Россети Томск
Россети Урал (ГК)
Россети Юг (ГК)
Россети Янтарь
0
10
20
30
40
50
60
70'

16-05-2025T08:01:22 - [TEST_STEP][PASSED] - a3 = getText(findTestObject("Выполнение бизнес-плана/table")): Text of object 'Object Repository/Выполнение бизнес-плана/table' is: ''

16-05-2025T08:01:22 - [MESSAGE][PASSED] - Text of object 'Object Repository/Выполнение бизнес-плана/table' is: ''

16-05-2025T08:01:22 - [TEST_STEP][FAILED] - a4 = getText(findTestObject("null")): Unable to get text of object (Root cause: com.kms.katalon.core.exception.StepFailedException: Unable to get text of object
	at com.kms.katalon.core.webui.keyword.internal.WebUIKeywordMain.stepFailed(WebUIKeywordMain.groovy:64)
	at com.kms.katalon.core.webui.keyword.internal.WebUIKeywordMain.runKeyword(WebUIKeywordMain.groovy:26)
	at com.kms.katalon.core.webui.keyword.builtin.GetTextKeyword.getText(GetTextKeyword.groovy:88)
	at com.kms.katalon.core.webui.keyword.builtin.GetTextKeyword.execute(GetTextKeyword.groovy:67)
	at com.kms.katalon.core.keyword.internal.KeywordExecutor.executeKeywordForPlatform(KeywordExecutor.groovy:74)
	at com.kms.katalon.core.webui.keyword.WebUiBuiltInKeywords.getText(WebUiBuiltInKeywords.groovy:957)
	at Блок руководителя сверка дашбордов под разными учётками.VipolnenieBiznesPlana(Блок руководителя сверка дашбордов под разными учётками:300)
	at Блок руководителя сверка дашбордов под разными учётками.run(Блок руководителя сверка дашбордов под разными учётками:52)
	at com.kms.katalon.core.main.ScriptEngine.run(ScriptEngine.java:194)
	at com.kms.katalon.core.main.ScriptEngine.runScriptAsRawText(ScriptEngine.java:119)
	at com.kms.katalon.core.main.TestCaseExecutor.runScript(TestCaseExecutor.java:448)
	at com.kms.katalon.core.main.TestCaseExecutor.doExecute(TestCaseExecutor.java:439)
	at com.kms.katalon.core.main.TestCaseExecutor.processExecutionPhase(TestCaseExecutor.java:418)
	at com.kms.katalon.core.main.TestCaseExecutor.accessMainPhase(TestCaseExecutor.java:410)
	at com.kms.katalon.core.main.TestCaseExecutor.execute(TestCaseExecutor.java:285)
	at com.kms.katalon.core.common.CommonExecutor.accessTestCaseMainPhase(CommonExecutor.java:65)
	at com.kms.katalon.core.main.TestSuiteExecutor.accessTestSuiteMainPhase(TestSuiteExecutor.java:150)
	at com.kms.katalon.core.main.TestSuiteExecutor.execute(TestSuiteExecutor.java:106)
	at com.kms.katalon.core.main.TestCaseMain.startTestSuite(TestCaseMain.java:180)
	at TempTestSuite1747369435659.run(TempTestSuite1747369435659.groovy:35)
	at java.base/jdk.internal.reflect.NativeMethodAccessorImpl.invoke0(Native Method)
	at java.base/jdk.internal.reflect.NativeMethodAccessorImpl.invoke(NativeMethodAccessorImpl.java:77)
	at java.base/jdk.internal.reflect.DelegatingMethodAccessorImpl.invoke(DelegatingMethodAccessorImpl.java:43)
Caused by: java.lang.IllegalArgumentException: Object is null
	at com.kms.katalon.core.helper.KeywordHelper.checkTestObjectParameter(KeywordHelper.java:33)
	at com.kms.katalon.core.webui.keyword.builtin.GetTextKeyword$_getText_closure1.doCall(GetTextKeyword.groovy:76)
	at com.kms.katalon.core.webui.keyword.builtin.GetTextKeyword$_getText_closure1.call(GetTextKeyword.groovy)
	at com.kms.katalon.core.webui.keyword.internal.WebUIKeywordMain.runKeyword(WebUIKeywordMain.groovy:20)
	at com.kms.katalon.core.webui.keyword.builtin.GetTextKeyword.getText(GetTextKeyword.groovy:88)
	at com.kms.katalon.core.webui.keyword.builtin.GetTextKeyword.execute(GetTextKeyword.groovy:67)
	at com.kms.katalon.core.keyword.internal.KeywordExecutor.executeKeywordForPlatform(KeywordExecutor.groovy:74)
	at com.kms.katalon.core.webui.keyword.WebUiBuiltInKeywords.getText(WebUiBuiltInKeywords.groovy:957)
	at Script1686231490255.VipolnenieBiznesPlana(Script1686231490255.groovy:300)
	at Script1686231490255.run(Script1686231490255.groovy:52)
	... 15 more
)

16-05-2025T08:01:22 - [MESSAGE][WARNING] - Test object with id 'Object Repository/null' does not exist

16-05-2025T08:01:22 - [MESSAGE][WARNING] - Test object with id 'Object Repository/' does not exist

16-05-2025T08:01:22 - [MESSAGE][FAILED] - Unable to get text of object (Root cause: com.kms.katalon.core.exception.StepFailedException: Unable to get text of object
	at com.kms.katalon.core.webui.keyword.internal.WebUIKeywordMain.stepFailed(WebUIKeywordMain.groovy:64)
	at com.kms.katalon.core.webui.keyword.internal.WebUIKeywordMain.runKeyword(WebUIKeywordMain.groovy:26)
	at com.kms.katalon.core.webui.keyword.builtin.GetTextKeyword.getText(GetTextKeyword.groovy:88)
	at com.kms.katalon.core.webui.keyword.builtin.GetTextKeyword.execute(GetTextKeyword.groovy:67)
	at com.kms.katalon.core.keyword.internal.KeywordExecutor.executeKeywordForPlatform(KeywordExecutor.groovy:74)
	at com.kms.katalon.core.webui.keyword.WebUiBuiltInKeywords.getText(WebUiBuiltInKeywords.groovy:957)
	at Блок руководителя сверка дашбордов под разными учётками.VipolnenieBiznesPlana(Блок руководителя сверка дашбордов под разными учётками:300)
	at Блок руководителя сверка дашбордов под разными учётками.run(Блок руководителя сверка дашбордов под разными учётками:52)
	at com.kms.katalon.core.main.ScriptEngine.run(ScriptEngine.java:194)
	at com.kms.katalon.core.main.ScriptEngine.runScriptAsRawText(ScriptEngine.java:119)
	at com.kms.katalon.core.main.TestCaseExecutor.runScript(TestCaseExecutor.java:448)
	at com.kms.katalon.core.main.TestCaseExecutor.doExecute(TestCaseExecutor.java:439)
	at com.kms.katalon.core.main.TestCaseExecutor.processExecutionPhase(TestCaseExecutor.java:418)
	at com.kms.katalon.core.main.TestCaseExecutor.accessMainPhase(TestCaseExecutor.java:410)
	at com.kms.katalon.core.main.TestCaseExecutor.execute(TestCaseExecutor.java:285)
	at com.kms.katalon.core.common.CommonExecutor.accessTestCaseMainPhase(CommonExecutor.java:65)
	at com.kms.katalon.core.main.TestSuiteExecutor.accessTestSuiteMainPhase(TestSuiteExecutor.java:150)
	at com.kms.katalon.core.main.TestSuiteExecutor.execute(TestSuiteExecutor.java:106)
	at com.kms.katalon.core.main.TestCaseMain.startTestSuite(TestCaseMain.java:180)
	at TempTestSuite1747369435659.run(TempTestSuite1747369435659.groovy:35)
	at java.base/jdk.internal.reflect.NativeMethodAccessorImpl.invoke0(Native Method)
	at java.base/jdk.internal.reflect.NativeMethodAccessorImpl.invoke(NativeMethodAccessorImpl.java:77)
	at java.base/jdk.internal.reflect.DelegatingMethodAccessorImpl.invoke(DelegatingMethodAccessorImpl.java:43)
Caused by: java.lang.IllegalArgumentException: Object is null
	at com.kms.katalon.core.helper.KeywordHelper.checkTestObjectParameter(KeywordHelper.java:33)
	at com.kms.katalon.core.webui.keyword.builtin.GetTextKeyword$_getText_closure1.doCall(GetTextKeyword.groovy:76)
	at com.kms.katalon.core.webui.keyword.builtin.GetTextKeyword$_getText_closure1.call(GetTextKeyword.groovy)
	at com.kms.katalon.core.webui.keyword.internal.WebUIKeywordMain.runKeyword(WebUIKeywordMain.groovy:20)
	at com.kms.katalon.core.webui.keyword.builtin.GetTextKeyword.getText(GetTextKeyword.groovy:88)
	at com.kms.katalon.core.webui.keyword.builtin.GetTextKeyword.execute(GetTextKeyword.groovy:67)
	at com.kms.katalon.core.keyword.internal.KeywordExecutor.executeKeywordForPlatform(KeywordExecutor.groovy:74)
	at com.kms.katalon.core.webui.keyword.WebUiBuiltInKeywords.getText(WebUiBuiltInKeywords.groovy:957)
	at Script1686231490255.VipolnenieBiznesPlana(Script1686231490255.groovy:300)
	at Script1686231490255.run(Script1686231490255.groovy:52)
	... 15 more
)
[[ATTACHMENT|C:\\Users\\LIAZGINA-DI\\git\\SPORU\\Reports\\20250516_072355\\\u041F\u043D-\u0421\u0440-\u041F\u0442\\\u0421\u0432\u0435\u0440\u043A\u0430 \u0434\u0430\u0448\u0431\u043E\u0440\u0434\u043E\u0432 \u0438\u0437 \u0440\u0430\u0437\u043D\u044B\u0445 \u0431\u043B\u043E\u043A\u043E\u0432\\20250516_072355\\1747371682484.png]]

16-05-2025T08:01:22 - [TEST_STEP][PASSED] - a5 = getText(findTestObject("Выполнение бизнес-плана/svg1")): Text of object 'Object Repository/Выполнение бизнес-плана/svg1' is: '%
5.63 5.63
8.24 8.24
План
Факт
1
100'

16-05-2025T08:01:22 - [MESSAGE][PASSED] - Text of object 'Object Repository/Выполнение бизнес-плана/svg1' is: '%
5.63 5.63
8.24 8.24
План
Факт
1
100'

16-05-2025T08:01:22 - [TEST_STEP][PASSED] - a6 = getText(findTestObject("Выполнение бизнес-плана/svg2")): Text of object 'Object Repository/Выполнение бизнес-плана/svg2' is: 'п.п.
2.60
Итого
0
1
2
3'

16-05-2025T08:01:23 - [MESSAGE][PASSED] - Text of object 'Object Repository/Выполнение бизнес-плана/svg2' is: 'п.п.
2.60
Итого
0
1
2
3'

16-05-2025T08:01:23 - [TEST_STEP][PASSED] - a7 = getText(findTestObject("Выполнение бизнес-плана/Значения со страницы Выполнение бизнес-плана/Факт Отпуск в сеть за отчётный период ПАО Россети")): Text of object 'Object Repository/Выполнение бизнес-плана/Значения со страницы Выполнение бизнес-плана/Факт Отпуск в сеть за отчётный период ПАО Россети' is: '177 286 590'

16-05-2025T08:01:23 - [MESSAGE][PASSED] - Text of object 'Object Repository/Выполнение бизнес-плана/Значения со страницы Выполнение бизнес-плана/Факт Отпуск в сеть за отчётный период ПАО Россети' is: '177 286 590'

16-05-2025T08:01:23 - [TEST_STEP][PASSED] - a8 = getText(findTestObject("Выполнение бизнес-плана/Значения со страницы Выполнение бизнес-плана/Факт Отпуск из сети за отчётный период ПАО Россети")): Text of object 'Object Repository/Выполнение бизнес-плана/Значения со страницы Выполнение бизнес-плана/Факт Отпуск из сети за отчётный период ПАО Россети' is: '162 684 396'

16-05-2025T08:01:23 - [MESSAGE][PASSED] - Text of object 'Object Repository/Выполнение бизнес-плана/Значения со страницы Выполнение бизнес-плана/Факт Отпуск из сети за отчётный период ПАО Россети' is: '162 684 396'

16-05-2025T08:01:23 - [TEST_STEP][PASSED] - a9 = getText(findTestObject("Выполнение бизнес-плана/Значения со страницы Выполнение бизнес-плана/Факт Потери за отчётный период ПАО Россети")): Text of object 'Object Repository/Выполнение бизнес-плана/Значения со страницы Выполнение бизнес-плана/Факт Потери за отчётный период ПАО Россети' is: '14 602 194'

16-05-2025T08:01:24 - [MESSAGE][PASSED] - Text of object 'Object Repository/Выполнение бизнес-плана/Значения со страницы Выполнение бизнес-плана/Факт Потери за отчётный период ПАО Россети' is: '14 602 194'

16-05-2025T08:01:24 - [TEST_STEP][PASSED] - n = n + 1: null

16-05-2025T08:01:24 - [TEST_STEP][PASSED] - b = data.getRowNumbers() + 1: null

16-05-2025T08:01:24 - [TEST_STEP][PASSED] - verifyEqual(findTestData("PlanFact").getValue(2, b), a1): Actual object '%
5.63 5.63
8.24 8.24
План
Факт
1
100' and expected object '%
5.63 5.63
8.24 8.24
План
Факт
1
100' are equal

16-05-2025T08:01:24 - [MESSAGE][PASSED] - Actual object '%
5.63 5.63
8.24 8.24
План
Факт
1
100' and expected object '%
5.63 5.63
8.24 8.24
План
Факт
1
100' are equal

16-05-2025T08:01:24 - [TEST_STEP][PASSED] - verifyEqual(findTestData("PlanFact").getValue(3, b), a2): Actual object 'Россети ФСК ЕЭС
Россети Волга
Россети Московский регион
Россети Северо-Запад
Россети Томск
Россети Урал (ГК)
Россети Юг (ГК)
Россети Янтарь
0
10
20
30
40
50
60
70' and expected object 'Россети ФСК ЕЭС
Россети Волга
Россети Московский регион
Россети Северо-Запад
Россети Томск
Россети Урал (ГК)
Россети Юг (ГК)
Россети Янтарь
0
10
20
30
40
50
60
70' are equal

16-05-2025T08:01:24 - [MESSAGE][PASSED] - Actual object 'Россети ФСК ЕЭС
Россети Волга
Россети Московский регион
Россети Северо-Запад
Россети Томск
Россети Урал (ГК)
Россети Юг (ГК)
Россети Янтарь
0
10
20
30
40
50
60
70' and expected object 'Россети ФСК ЕЭС
Россети Волга
Россети Московский регион
Россети Северо-Запад
Россети Томск
Россети Урал (ГК)
Россети Юг (ГК)
Россети Янтарь
0
10
20
30
40
50
60
70' are equal

16-05-2025T08:01:24 - [TEST_STEP][PASSED] - verifyEqual(findTestData("PlanFact").getValue(4, b), a3): Actual object '' and expected object '' are equal

16-05-2025T08:01:24 - [MESSAGE][PASSED] - Actual object '' and expected object '' are equal

16-05-2025T08:01:24 - [TEST_STEP][FAILED] - verifyEqual(findTestData("PlanFact").getValue(5, b), a4): Unable to verify equal between actual object '' and expected object 'null' (Root cause: com.kms.katalon.core.exception.StepFailedException: Actual object '' and expected object 'null' are not equal
	at com.kms.katalon.core.keyword.builtin.VerifyEqualKeyword$_verifyEqual_closure1.doCall(VerifyEqualKeyword.groovy:58)
	at com.kms.katalon.core.keyword.builtin.VerifyEqualKeyword$_verifyEqual_closure1.call(VerifyEqualKeyword.groovy)
	at com.kms.katalon.core.keyword.internal.KeywordMain.runKeyword(KeywordMain.groovy:75)
	at com.kms.katalon.core.keyword.builtin.VerifyEqualKeyword.verifyEqual(VerifyEqualKeyword.groovy:63)
	at com.kms.katalon.core.keyword.builtin.VerifyEqualKeyword.execute(VerifyEqualKeyword.groovy:44)
	at com.kms.katalon.core.keyword.internal.KeywordExecutor.executeKeywordForPlatform(KeywordExecutor.groovy:74)
	at com.kms.katalon.core.keyword.BuiltinKeywords.verifyEqual(BuiltinKeywords.groovy:146)
	at java.base/jdk.internal.reflect.NativeMethodAccessorImpl.invoke0(Native Method)
	at java.base/jdk.internal.reflect.NativeMethodAccessorImpl.invoke(NativeMethodAccessorImpl.java:77)
	at java.base/jdk.internal.reflect.DelegatingMethodAccessorImpl.invoke(DelegatingMethodAccessorImpl.java:43)
	at Блок руководителя сверка дашбордов под разными учётками.VipolnenieBiznesPlana(Блок руководителя сверка дашбордов под разными учётками:322)
	at Блок руководителя сверка дашбордов под разными учётками.run(Блок руководителя сверка дашбордов под разными учётками:52)
	at com.kms.katalon.core.main.ScriptEngine.run(ScriptEngine.java:194)
	at com.kms.katalon.core.main.ScriptEngine.runScriptAsRawText(ScriptEngine.java:119)
	at com.kms.katalon.core.main.TestCaseExecutor.runScript(TestCaseExecutor.java:448)
	at com.kms.katalon.core.main.TestCaseExecutor.doExecute(TestCaseExecutor.java:439)
	at com.kms.katalon.core.main.TestCaseExecutor.processExecutionPhase(TestCaseExecutor.java:418)
	at com.kms.katalon.core.main.TestCaseExecutor.accessMainPhase(TestCaseExecutor.java:410)
	at com.kms.katalon.core.main.TestCaseExecutor.execute(TestCaseExecutor.java:285)
	at com.kms.katalon.core.common.CommonExecutor.accessTestCaseMainPhase(CommonExecutor.java:65)
	at com.kms.katalon.core.main.TestSuiteExecutor.accessTestSuiteMainPhase(TestSuiteExecutor.java:150)
	at com.kms.katalon.core.main.TestSuiteExecutor.execute(TestSuiteExecutor.java:106)
	at com.kms.katalon.core.main.TestCaseMain.startTestSuite(TestCaseMain.java:180)
	at TempTestSuite1747369435659.run(TempTestSuite1747369435659.groovy:35)
	at java.base/jdk.internal.reflect.NativeMethodAccessorImpl.invoke0(Native Method)
	at java.base/jdk.internal.reflect.NativeMethodAccessorImpl.invoke(NativeMethodAccessorImpl.java:77)
	at java.base/jdk.internal.reflect.DelegatingMethodAccessorImpl.invoke(DelegatingMethodAccessorImpl.java:43)
)

16-05-2025T08:01:24 - [MESSAGE][FAILED] - Unable to verify equal between actual object '' and expected object 'null' (Root cause: com.kms.katalon.core.exception.StepFailedException: Actual object '' and expected object 'null' are not equal
	at com.kms.katalon.core.keyword.builtin.VerifyEqualKeyword$_verifyEqual_closure1.doCall(VerifyEqualKeyword.groovy:58)
	at com.kms.katalon.core.keyword.builtin.VerifyEqualKeyword$_verifyEqual_closure1.call(VerifyEqualKeyword.groovy)
	at com.kms.katalon.core.keyword.internal.KeywordMain.runKeyword(KeywordMain.groovy:75)
	at com.kms.katalon.core.keyword.builtin.VerifyEqualKeyword.verifyEqual(VerifyEqualKeyword.groovy:63)
	at com.kms.katalon.core.keyword.builtin.VerifyEqualKeyword.execute(VerifyEqualKeyword.groovy:44)
	at com.kms.katalon.core.keyword.internal.KeywordExecutor.executeKeywordForPlatform(KeywordExecutor.groovy:74)
	at com.kms.katalon.core.keyword.BuiltinKeywords.verifyEqual(BuiltinKeywords.groovy:146)
	at java.base/jdk.internal.reflect.NativeMethodAccessorImpl.invoke0(Native Method)
	at java.base/jdk.internal.reflect.NativeMethodAccessorImpl.invoke(NativeMethodAccessorImpl.java:77)
	at java.base/jdk.internal.reflect.DelegatingMethodAccessorImpl.invoke(DelegatingMethodAccessorImpl.java:43)
	at Блок руководителя сверка дашбордов под разными учётками.VipolnenieBiznesPlana(Блок руководителя сверка дашбордов под разными учётками:322)
	at Блок руководителя сверка дашбордов под разными учётками.run(Блок руководителя сверка дашбордов под разными учётками:52)
	at com.kms.katalon.core.main.ScriptEngine.run(ScriptEngine.java:194)
	at com.kms.katalon.core.main.ScriptEngine.runScriptAsRawText(ScriptEngine.java:119)
	at com.kms.katalon.core.main.TestCaseExecutor.runScript(TestCaseExecutor.java:448)
	at com.kms.katalon.core.main.TestCaseExecutor.doExecute(TestCaseExecutor.java:439)
	at com.kms.katalon.core.main.TestCaseExecutor.processExecutionPhase(TestCaseExecutor.java:418)
	at com.kms.katalon.core.main.TestCaseExecutor.accessMainPhase(TestCaseExecutor.java:410)
	at com.kms.katalon.core.main.TestCaseExecutor.execute(TestCaseExecutor.java:285)
	at com.kms.katalon.core.common.CommonExecutor.accessTestCaseMainPhase(CommonExecutor.java:65)
	at com.kms.katalon.core.main.TestSuiteExecutor.accessTestSuiteMainPhase(TestSuiteExecutor.java:150)
	at com.kms.katalon.core.main.TestSuiteExecutor.execute(TestSuiteExecutor.java:106)
	at com.kms.katalon.core.main.TestCaseMain.startTestSuite(TestCaseMain.java:180)
	at TempTestSuite1747369435659.run(TempTestSuite1747369435659.groovy:35)
	at java.base/jdk.internal.reflect.NativeMethodAccessorImpl.invoke0(Native Method)
	at java.base/jdk.internal.reflect.NativeMethodAccessorImpl.invoke(NativeMethodAccessorImpl.java:77)
	at java.base/jdk.internal.reflect.DelegatingMethodAccessorImpl.invoke(DelegatingMethodAccessorImpl.java:43)
)

16-05-2025T08:01:24 - [TEST_STEP][PASSED] - verifyEqual(findTestData("PlanFact").getValue(6, b), a5): Actual object '%
5.63 5.63
8.24 8.24
План
Факт
1
100' and expected object '%
5.63 5.63
8.24 8.24
План
Факт
1
100' are equal

16-05-2025T08:01:24 - [MESSAGE][PASSED] - Actual object '%
5.63 5.63
8.24 8.24
План
Факт
1
100' and expected object '%
5.63 5.63
8.24 8.24
План
Факт
1
100' are equal

16-05-2025T08:01:24 - [TEST_STEP][PASSED] - verifyEqual(findTestData("PlanFact").getValue(7, b), a6): Actual object 'п.п.
2.60
Итого
0
1
2
3' and expected object 'п.п.
2.60
Итого
0
1
2
3' are equal

16-05-2025T08:01:24 - [MESSAGE][PASSED] - Actual object 'п.п.
2.60
Итого
0
1
2
3' and expected object 'п.п.
2.60
Итого
0
1
2
3' are equal

16-05-2025T08:01:24 - [TEST_STEP][PASSED] - verifyEqual(findTestData("PlanFact").getValue(8, b), a7): Actual object '177 286 590' and expected object '177 286 590' are equal

16-05-2025T08:01:24 - [MESSAGE][PASSED] - Actual object '177 286 590' and expected object '177 286 590' are equal

16-05-2025T08:01:24 - [TEST_STEP][PASSED] - verifyEqual(findTestData("PlanFact").getValue(9, b), a8): Actual object '162 684 396' and expected object '162 684 396' are equal

16-05-2025T08:01:24 - [MESSAGE][PASSED] - Actual object '162 684 396' and expected object '162 684 396' are equal

16-05-2025T08:01:24 - [TEST_STEP][PASSED] - verifyEqual(findTestData("PlanFact").getValue(10, b), a9): Actual object '14 602 194' and expected object '14 602 194' are equal

16-05-2025T08:01:24 - [MESSAGE][PASSED] - Actual object '14 602 194' and expected object '14 602 194' are equal

16-05-2025T08:01:24 - [TEST_STEP][PASSED] - Script1686231490255.WriteToExcel(user, dashboardName, n, data, run, a1, a2, a3, a4, a5, a6, a7, a8, a9): null

16-05-2025T08:01:24 - [TEST_STEP][PASSED] - sheetName = "Sheet1": null

16-05-2025T08:01:24 - [TEST_STEP][PASSED] - workbook01 = getWorkbook(excelFilePath): null

16-05-2025T08:01:24 - [TEST_STEP][PASSED] - sheet01 = getExcelSheet(workbook01, sheetName): null

16-05-2025T08:01:24 - [TEST_STEP][PASSED] - setValueToCellByIndex(sheet01, n, 0, dashboardName): null

16-05-2025T08:01:24 - [TEST_STEP][PASSED] - setValueToCellByIndex(sheet01, n, 10, user): null

16-05-2025T08:01:24 - [TEST_STEP][PASSED] - setValueToCellByIndex(sheet01, n, 1, a1): null

16-05-2025T08:01:24 - [TEST_STEP][PASSED] - setValueToCellByIndex(sheet01, n, 2, a2): null

16-05-2025T08:01:24 - [TEST_STEP][PASSED] - setValueToCellByIndex(sheet01, n, 3, a3): null

16-05-2025T08:01:24 - [TEST_STEP][PASSED] - setValueToCellByIndex(sheet01, n, 4, a4): null

16-05-2025T08:01:24 - [TEST_STEP][PASSED] - setValueToCellByIndex(sheet01, n, 5, a5): null

16-05-2025T08:01:24 - [TEST_STEP][PASSED] - setValueToCellByIndex(sheet01, n, 6, a6): null

16-05-2025T08:01:24 - [TEST_STEP][PASSED] - setValueToCellByIndex(sheet01, n, 7, a7): null

16-05-2025T08:01:24 - [TEST_STEP][PASSED] - setValueToCellByIndex(sheet01, n, 8, a8): null

16-05-2025T08:01:24 - [TEST_STEP][PASSED] - setValueToCellByIndex(sheet01, n, 9, a9): null

16-05-2025T08:01:24 - [TEST_STEP][PASSED] - n = n + 1: null

16-05-2025T08:01:24 - [TEST_STEP][PASSED] - saveWorkbook(excelFilePath, workbook01): null

16-05-2025T08:01:25 - [TEST_STEP][PASSED] - if (run == 3): null

16-05-2025T08:01:25 - [TEST_STEP][PASSED] - closeBrowser(): null

16-05-2025T08:01:25 - [MESSAGE][PASSED] - Browser is closed

16-05-2025T08:01:25 - [TEST_STEP][PASSED] - VipolnenieBiznesPlana(user, dashboardName, n, data, run, a1, a2, a3, a4, a5, a6, a7, a8, a9, urlData): null

16-05-2025T08:01:25 - [TEST_STEP][PASSED] - n = data.getRowNumbers() + 1: null

16-05-2025T08:01:25 - [TEST_STEP][PASSED] - println(n): null

16-05-2025T08:01:25 - [TEST_STEP][PASSED] - dashboardName = "Выполнение бизнес-плана": null

16-05-2025T08:01:25 - [TEST_STEP][PASSED] - openBrowser(""): Browser is opened with url: ''

16-05-2025T08:01:25 - [MESSAGE][INFO] - Starting 'Chrome' driver

16-05-2025T08:01:25 - [MESSAGE][INFO] - Action delay is set to 0 milliseconds

16-05-2025T08:01:26 - [MESSAGE][PASSED] - Browser is opened with url: ''

16-05-2025T08:01:26 - [TEST_STEP][PASSED] - urlData = 1: null

16-05-2025T08:01:26 - [TEST_STEP][PASSED] - Script1686231490255.CheckPageDownload(urlData, run): null

16-05-2025T08:01:26 - [TEST_STEP][PASSED] - i = 1: null

16-05-2025T08:01:26 - [TEST_STEP][PASSED] - ii = 0: null

16-05-2025T08:01:26 - [TEST_STEP][PASSED] - urlText = <not implemented yet for class: org.codehaus.groovy.ast.expr.EmptyExpression>: null

16-05-2025T08:01:26 - [TEST_STEP][PASSED] - searchWord = <not implemented yet for class: org.codehaus.groovy.ast.expr.EmptyExpression>: null

16-05-2025T08:01:26 - [TEST_STEP][PASSED] - deleteAllCookies(): Delete all cookies successfully

16-05-2025T08:01:26 - [MESSAGE][PASSED] - Delete all cookies successfully

16-05-2025T08:01:26 - [TEST_STEP][PASSED] - refresh(): Refresh successfully

16-05-2025T08:01:26 - [MESSAGE][PASSED] - Refresh successfully

16-05-2025T08:01:26 - [TEST_STEP][PASSED] - delay(70): Delayed 70 second(s)

16-05-2025T08:02:36 - [MESSAGE][PASSED] - Delayed 70 second(s)

16-05-2025T08:02:36 - [TEST_STEP][PASSED] - navigateToUrl(findTestData("PlanFact").getValue(10, urlData)): Navigate to 'https://bi.rosseti.digital/viewer?dashboardGuid=d154a8eaf6824e2b9de1bb04dd061c18&sheetGuid=1305e8ce744049e1abdacea1ea397a26&fit=true' successfully

16-05-2025T08:02:38 - [MESSAGE][PASSED] - Navigate to 'https://bi.rosseti.digital/viewer?dashboardGuid=d154a8eaf6824e2b9de1bb04dd061c18&sheetGuid=1305e8ce744049e1abdacea1ea397a26&fit=true' successfully

16-05-2025T08:02:38 - [TEST_STEP][PASSED] - pageLoaded1 = verifyElementPresent(findTestObject("Страница авторизации/Text"), 30): Object 'Object Repository/Страница авторизации/Text' is present

16-05-2025T08:02:39 - [MESSAGE][PASSED] - Object 'Object Repository/Страница авторизации/Text' is present

16-05-2025T08:02:39 - [TEST_STEP][PASSED] - if (pageLoaded1 == false): null

16-05-2025T08:02:39 - [TEST_STEP][PASSED] - urlText = getText(findTestObject("Страница авторизации/Text")): Text of object 'Object Repository/Страница авторизации/Text' is: 'Вход'

16-05-2025T08:02:39 - [MESSAGE][PASSED] - Text of object 'Object Repository/Страница авторизации/Text' is: 'Вход'

16-05-2025T08:02:39 - [TEST_STEP][PASSED] - delay(70): Delayed 70 second(s)

16-05-2025T08:03:49 - [MESSAGE][PASSED] - Delayed 70 second(s)

16-05-2025T08:03:49 - [TEST_STEP][PASSED] - searchWord = "Вход": null

16-05-2025T08:03:49 - [TEST_STEP][PASSED] - if (urlText.contains(searchWord) == false): null

16-05-2025T08:03:49 - [TEST_STEP][PASSED] - setText(findTestObject("Страница авторизации/input__username"), findTestData("PlanFact").getValue(8, run)): Text 'Petrova-OV' is set on object 'Object Repository/Страница авторизации/input__username'

16-05-2025T08:03:50 - [MESSAGE][PASSED] - Text 'Petrova-OV' is set on object 'Object Repository/Страница авторизации/input__username'

16-05-2025T08:03:50 - [TEST_STEP][PASSED] - setText(findTestObject("Страница авторизации/input__password"), findTestData("PlanFact").getValue(9, run)): Text '4Ex@~R53r&3x&BVe7' is set on object 'Object Repository/Страница авторизации/input__password'

16-05-2025T08:03:50 - [MESSAGE][PASSED] - Text '4Ex@~R53r&3x&BVe7' is set on object 'Object Repository/Страница авторизации/input__password'

16-05-2025T08:03:50 - [TEST_STEP][PASSED] - click(findTestObject("Страница авторизации/button_")): Object: 'Object Repository/Страница авторизации/button_' is clicked on

16-05-2025T08:03:53 - [MESSAGE][PASSED] - Object: 'Object Repository/Страница авторизации/button_' is clicked on

16-05-2025T08:03:53 - [TEST_STEP][PASSED] - delay(70): Delayed 70 second(s)

16-05-2025T08:05:03 - [MESSAGE][PASSED] - Delayed 70 second(s)

16-05-2025T08:05:03 - [TEST_STEP][PASSED] - searchWord = "а": null

16-05-2025T08:05:03 - [TEST_STEP][PASSED] - pageLoaded2 = verifyElementPresent(findTestObject("Страница авторизации/Text"), 50): Object 'Object Repository/Страница авторизации/Text' is present

16-05-2025T08:05:03 - [MESSAGE][PASSED] - Object 'Object Repository/Страница авторизации/Text' is present

16-05-2025T08:05:03 - [TEST_STEP][PASSED] - if (pageLoaded2 == false): null

16-05-2025T08:05:03 - [TEST_STEP][PASSED] - urlText = getText(findTestObject("Страница авторизации/Text")): Text of object 'Object Repository/Страница авторизации/Text' is: 'ДЗО 
ПАО Россети
Период
1 кв. 2025 года
Отклонения фактического уровня потерь от бизнес-плана, п.п.
0.05
-0.99
-0.40
-1.51
-0.19
-0.38
-0.25
-1.05
-0.60
-1.44
-1.52
Россети ФСК ЕЭС
Россети Волга
Россети Московскийрегион
Россети Северо-Запад
Россети Томск
Россети Тюмень
Россети Урал (ГК)
Россети Центр (ГК)
Россети Центр иПриволжье (ГК)
Россети Юг (ГК)
Россети Янтарь
-2
0
2
4
6
8

Уровень потерь электроэнергии
Россети ФСК ЕЭС
Россети Волга
Россети Московский регион
Россети Северо-Запад
Россети Томск
Россети Урал (ГК)
Россети Юг (ГК)
Россети Янтарь
0
10
20
30
40
50
60
70
3.79
7.22
|
9.39
|
6.73
|
10.74
|
6.88
|
10.84
|
10.39
|
3.84
|
6.22
9.00
5.22
10.55
6.63
9.40
8.87
п.п.
2.60
Итого
0
1
2
3
%
5.63 5.63
8.24 8.24
План
Факт
1
100

● Бизнес-план выполнен● ●● Превышение бизнес-плана
Отклонения фактического уровня потерь от бизнес-плана за 3 месяца (нарастающим итогом), п.п.
-0.0-0.0
-1.0-1.0
-0.4-0.4
-2.5-2.5
-0.3-0.3
-0.2-0.2
-0.3-0.3
-2.6-2.6
-1.9-1.9
-1.4-1.4
-2.4-2.4
0.10.1
-0.7-0.7
-1.5-1.5
-0.2-0.2
-0.4-0.4
-0.5-0.5
-1.8-1.8
-1.5-1.5
-1.5-1.5
0.10.1
-1.0-1.0
-0.4-0.4
-1.5-1.5
-0.2-0.2
-0.4-0.4
-0.3-0.3
-1.0-1.0
-0.6-0.6
-1.4-1.4
-1.5-1.5
Россети ФСКЕЭС
АО«Тываэнерго»
АО«Чеченэнерго»
Россети Волга
РоссетиКубань
РоссетиЛенэнерго(ГК)
РоссетиМосковскийрегион
РоссетиСеверныйКавказ (ГК)
Россети Северо-Запад
Россети Сибирь(ГК)
Россети Томск
Россети Тюмень
Россети Урал(ГК)
Россети Центр
Россети Центри Приволжье(ГК)
Россети Юг (Г…
РоссетиЯнтарь
-2
0
-4
2
п.п.
Отклонения фактического уровня потерь от бизнес-плана за 3 месяца (нарастающим итогом)
-3.4-3.4
-2.5-2.5
-6.0-6.0
-1.5-1.5
-0.6-0.6
-1.6-1.6
-1.4-1.4
-4.5-4.5
-1.8-1.8
-1.9-1.9
-5.3-5.3
-1.1-1.1
-0.5-0.5
-0.7-0.7
-0.9-0.9
-2.8-2.8
-1.2-1.2
-0.8-0.8
-4.0-4.0
-1.1-1.1
-0.4-0.4
-0.5-0.5
-0.2-0.2
-1.5-1.5
Итого по ФСК ЕЭС
АО "Тываэнерго"
АО «ВМЭС»
АО «Воронежская горэлектросеть»
АО «Тульские городские электрические сети»
АО «Чеченэнерго»
АО «Ярославская электросетевая компания»
АО ЕЭСК
Алтайэнерго
Архангельский филиал
Астраханьэнерго
Белгородэнерго
Брянскэнерго
Бурятэнерго
Владимирэнерго
Волгоградэнерго
Вологодский филиал
Воронежэнерго
Дагэнерго
Ивэнерго
Ингушэнерго
-8
0

Статус данных
Просьба обратить внимание
— все данные не занесены
Факт
План
Итого – Факт
Отпуск в сеть 177 286 590
Отпуск из сети 162 684 396
Потери 14 602 194
Итого – План
Отпуск в сеть 279 622 401
Отпуск из сети 263 872 604
Потери 15 749 796
Выполнение бизнес-плана в части показателя «Уровень потерь электроэнергии»
Показатели баланса электроэнергии по ДЗО – Факт 
164 602 454 4 949 974 28 695 297 6 258 254 1 364 454 19 698 947 3 467 484 901 140
158 511 723 4 641 851 26 113 910 5 931 711 1 220 439 18 393 144 3 141 633 821 181
6 090 730 308 123 2 581 387 326 542 144 015 1 305 803 325 852 79 959
Показатели баланса электроэнергии по ДЗО – План
167 925 540 5 172 896 30 256 406 6 540 566 1 428 476 20 275 424 3 760 351 908 608
161 793 849 4 799 582 27 414 523 6 100 575 1 275 060 18 880 336 3 352 866 814 188
6 131 691 373 314 2 841 883 439 991 153 416 1 395 088 407 485 94 420'

16-05-2025T08:05:05 - [MESSAGE][PASSED] - Text of object 'Object Repository/Страница авторизации/Text' is: 'ДЗО 
ПАО Россети
Период
1 кв. 2025 года
Отклонения фактического уровня потерь от бизнес-плана, п.п.
0.05
-0.99
-0.40
-1.51
-0.19
-0.38
-0.25
-1.05
-0.60
-1.44
-1.52
Россети ФСК ЕЭС
Россети Волга
Россети Московскийрегион
Россети Северо-Запад
Россети Томск
Россети Тюмень
Россети Урал (ГК)
Россети Центр (ГК)
Россети Центр иПриволжье (ГК)
Россети Юг (ГК)
Россети Янтарь
-2
0
2
4
6
8

Уровень потерь электроэнергии
Россети ФСК ЕЭС
Россети Волга
Россети Московский регион
Россети Северо-Запад
Россети Томск
Россети Урал (ГК)
Россети Юг (ГК)
Россети Янтарь
0
10
20
30
40
50
60
70
3.79
7.22
|
9.39
|
6.73
|
10.74
|
6.88
|
10.84
|
10.39
|
3.84
|
6.22
9.00
5.22
10.55
6.63
9.40
8.87
п.п.
2.60
Итого
0
1
2
3
%
5.63 5.63
8.24 8.24
План
Факт
1
100

● Бизнес-план выполнен● ●● Превышение бизнес-плана
Отклонения фактического уровня потерь от бизнес-плана за 3 месяца (нарастающим итогом), п.п.
-0.0-0.0
-1.0-1.0
-0.4-0.4
-2.5-2.5
-0.3-0.3
-0.2-0.2
-0.3-0.3
-2.6-2.6
-1.9-1.9
-1.4-1.4
-2.4-2.4
0.10.1
-0.7-0.7
-1.5-1.5
-0.2-0.2
-0.4-0.4
-0.5-0.5
-1.8-1.8
-1.5-1.5
-1.5-1.5
0.10.1
-1.0-1.0
-0.4-0.4
-1.5-1.5
-0.2-0.2
-0.4-0.4
-0.3-0.3
-1.0-1.0
-0.6-0.6
-1.4-1.4
-1.5-1.5
Россети ФСКЕЭС
АО«Тываэнерго»
АО«Чеченэнерго»
Россети Волга
РоссетиКубань
РоссетиЛенэнерго(ГК)
РоссетиМосковскийрегион
РоссетиСеверныйКавказ (ГК)
Россети Северо-Запад
Россети Сибирь(ГК)
Россети Томск
Россети Тюмень
Россети Урал(ГК)
Россети Центр
Россети Центри Приволжье(ГК)
Россети Юг (Г…
РоссетиЯнтарь
-2
0
-4
2
п.п.
Отклонения фактического уровня потерь от бизнес-плана за 3 месяца (нарастающим итогом)
-3.4-3.4
-2.5-2.5
-6.0-6.0
-1.5-1.5
-0.6-0.6
-1.6-1.6
-1.4-1.4
-4.5-4.5
-1.8-1.8
-1.9-1.9
-5.3-5.3
-1.1-1.1
-0.5-0.5
-0.7-0.7
-0.9-0.9
-2.8-2.8
-1.2-1.2
-0.8-0.8
-4.0-4.0
-1.1-1.1
-0.4-0.4
-0.5-0.5
-0.2-0.2
-1.5-1.5
Итого по ФСК ЕЭС
АО "Тываэнерго"
АО «ВМЭС»
АО «Воронежская горэлектросеть»
АО «Тульские городские электрические сети»
АО «Чеченэнерго»
АО «Ярославская электросетевая компания»
АО ЕЭСК
Алтайэнерго
Архангельский филиал
Астраханьэнерго
Белгородэнерго
Брянскэнерго
Бурятэнерго
Владимирэнерго
Волгоградэнерго
Вологодский филиал
Воронежэнерго
Дагэнерго
Ивэнерго
Ингушэнерго
-8
0

Статус данных
Просьба обратить внимание
— все данные не занесены
Факт
План
Итого – Факт
Отпуск в сеть 177 286 590
Отпуск из сети 162 684 396
Потери 14 602 194
Итого – План
Отпуск в сеть 279 622 401
Отпуск из сети 263 872 604
Потери 15 749 796
Выполнение бизнес-плана в части показателя «Уровень потерь электроэнергии»
Показатели баланса электроэнергии по ДЗО – Факт 
164 602 454 4 949 974 28 695 297 6 258 254 1 364 454 19 698 947 3 467 484 901 140
158 511 723 4 641 851 26 113 910 5 931 711 1 220 439 18 393 144 3 141 633 821 181
6 090 730 308 123 2 581 387 326 542 144 015 1 305 803 325 852 79 959
Показатели баланса электроэнергии по ДЗО – План
167 925 540 5 172 896 30 256 406 6 540 566 1 428 476 20 275 424 3 760 351 908 608
161 793 849 4 799 582 27 414 523 6 100 575 1 275 060 18 880 336 3 352 866 814 188
6 131 691 373 314 2 841 883 439 991 153 416 1 395 088 407 485 94 420'

16-05-2025T08:05:05 - [TEST_STEP][PASSED] - if (urlText.contains("ошибка") || urlText.contains(searchWord) == false): null

16-05-2025T08:05:05 - [TEST_STEP][PASSED] - Script1686231490255.ZakrytOpoveshenie(): null

16-05-2025T08:05:05 - [TEST_STEP][PASSED] - opoveshenie = getText(findTestObject("Выполнение бизнес-плана/Просьба обратить внимание")): Text of object 'Object Repository/Выполнение бизнес-плана/Просьба обратить внимание' is: 'Просьба обратить внимание'

16-05-2025T08:05:05 - [MESSAGE][PASSED] - Text of object 'Object Repository/Выполнение бизнес-плана/Просьба обратить внимание' is: 'Просьба обратить внимание'

16-05-2025T08:05:05 - [TEST_STEP][PASSED] - println(opoveshenie): null

16-05-2025T08:05:05 - [TEST_STEP][PASSED] - if (opoveshenie == "Просьба обратить внимание"): Object: 'Object Repository/Выполнение бизнес-плана/Закрыть оповещение' is clicked on

16-05-2025T08:05:05 - [TEST_STEP][PASSED] - click(findTestObject("Выполнение бизнес-плана/Закрыть оповещение")): Object: 'Object Repository/Выполнение бизнес-плана/Закрыть оповещение' is clicked on

16-05-2025T08:05:05 - [MESSAGE][PASSED] - Object: 'Object Repository/Выполнение бизнес-плана/Закрыть оповещение' is clicked on

16-05-2025T08:05:05 - [TEST_STEP][PASSED] - click(findTestObject("Object Repository/Выполнение бизнес-плана/Фильтр Дата")): Object: 'Object Repository/Выполнение бизнес-плана/Фильтр Дата' is clicked on

16-05-2025T08:05:06 - [MESSAGE][PASSED] - Object: 'Object Repository/Выполнение бизнес-плана/Фильтр Дата' is clicked on

16-05-2025T08:05:06 - [TEST_STEP][PASSED] - click(findTestObject("Выполнение бизнес-плана/Снять выделение в фильтре Дата")): Object: 'Object Repository/Выполнение бизнес-плана/Снять выделение в фильтре Дата' is clicked on

16-05-2025T08:05:06 - [MESSAGE][PASSED] - Object: 'Object Repository/Выполнение бизнес-плана/Снять выделение в фильтре Дата' is clicked on

16-05-2025T08:05:06 - [TEST_STEP][PASSED] - click(findTestObject("Object Repository/Выполнение бизнес-плана/Применить в фильтре Дата")): Object: 'Object Repository/Выполнение бизнес-плана/Применить в фильтре Дата' is clicked on

16-05-2025T08:05:07 - [MESSAGE][PASSED] - Object: 'Object Repository/Выполнение бизнес-плана/Применить в фильтре Дата' is clicked on

16-05-2025T08:05:07 - [TEST_STEP][PASSED] - delay(70): Delayed 70 second(s)

16-05-2025T08:06:17 - [MESSAGE][PASSED] - Delayed 70 second(s)

16-05-2025T08:06:17 - [TEST_STEP][PASSED] - Script1686231490255.ZakrytOpoveshenie(): null

16-05-2025T08:06:17 - [TEST_STEP][PASSED] - opoveshenie = getText(findTestObject("Выполнение бизнес-плана/Просьба обратить внимание")): Text of object 'Object Repository/Выполнение бизнес-плана/Просьба обратить внимание' is: 'Просьба обратить внимание'

16-05-2025T08:06:18 - [MESSAGE][PASSED] - Text of object 'Object Repository/Выполнение бизнес-плана/Просьба обратить внимание' is: 'Просьба обратить внимание'

16-05-2025T08:06:18 - [TEST_STEP][PASSED] - println(opoveshenie): null

16-05-2025T08:06:18 - [TEST_STEP][PASSED] - if (opoveshenie == "Просьба обратить внимание"): Object: 'Object Repository/Выполнение бизнес-плана/Закрыть оповещение' is clicked on

16-05-2025T08:06:18 - [TEST_STEP][PASSED] - click(findTestObject("Выполнение бизнес-плана/Закрыть оповещение")): Object: 'Object Repository/Выполнение бизнес-плана/Закрыть оповещение' is clicked on

16-05-2025T08:06:18 - [MESSAGE][PASSED] - Object: 'Object Repository/Выполнение бизнес-плана/Закрыть оповещение' is clicked on

16-05-2025T08:06:18 - [TEST_STEP][PASSED] - click(findTestObject("Object Repository/Выполнение бизнес-плана/Фильтр Дата")): Object: 'Object Repository/Выполнение бизнес-плана/Фильтр Дата' is clicked on

16-05-2025T08:06:18 - [MESSAGE][PASSED] - Object: 'Object Repository/Выполнение бизнес-плана/Фильтр Дата' is clicked on

16-05-2025T08:06:18 - [TEST_STEP][PASSED] - scrollToElement(findTestObject("Выполнение бизнес-плана/2025 список"), 30): Scroll to object 'Object Repository/Выполнение бизнес-плана/2025 список' successfully

16-05-2025T08:06:19 - [MESSAGE][PASSED] - Scroll to object 'Object Repository/Выполнение бизнес-плана/2025 список' successfully

16-05-2025T08:06:19 - [TEST_STEP][PASSED] - click(findTestObject("Выполнение бизнес-плана/2025 список"), CONTINUE_ON_FAILURE): Object: 'Object Repository/Выполнение бизнес-плана/2025 список' is clicked on

16-05-2025T08:06:19 - [MESSAGE][PASSED] - Object: 'Object Repository/Выполнение бизнес-плана/2025 список' is clicked on

16-05-2025T08:06:19 - [TEST_STEP][PASSED] - scrollToElement(findTestObject("Выполнение бизнес-плана/1 квартал 2025 список"), 30): Scroll to object 'Object Repository/Выполнение бизнес-плана/1 квартал 2025 список' successfully

16-05-2025T08:06:20 - [MESSAGE][PASSED] - Scroll to object 'Object Repository/Выполнение бизнес-плана/1 квартал 2025 список' successfully

16-05-2025T08:06:20 - [TEST_STEP][PASSED] - click(findTestObject("Выполнение бизнес-плана/1 квартал 2025"), CONTINUE_ON_FAILURE): Object: 'Object Repository/Выполнение бизнес-плана/1 квартал 2025' is clicked on

16-05-2025T08:06:20 - [MESSAGE][PASSED] - Object: 'Object Repository/Выполнение бизнес-плана/1 квартал 2025' is clicked on

16-05-2025T08:06:20 - [TEST_STEP][PASSED] - click(findTestObject("Object Repository/Выполнение бизнес-плана/Применить в фильтре Дата")): Object: 'Object Repository/Выполнение бизнес-плана/Применить в фильтре Дата' is clicked on

16-05-2025T08:06:21 - [MESSAGE][PASSED] - Object: 'Object Repository/Выполнение бизнес-плана/Применить в фильтре Дата' is clicked on

16-05-2025T08:06:21 - [TEST_STEP][PASSED] - scrollToElement(findTestObject("Выполнение бизнес-плана/Заголовок дашборда"), 30): Scroll to object 'Object Repository/Выполнение бизнес-плана/Заголовок дашборда' successfully

16-05-2025T08:06:51 - [MESSAGE][PASSED] - Scroll to object 'Object Repository/Выполнение бизнес-плана/Заголовок дашборда' successfully

16-05-2025T08:06:51 - [TEST_STEP][PASSED] - delay(70): Delayed 70 second(s)

16-05-2025T08:08:01 - [MESSAGE][PASSED] - Delayed 70 second(s)

16-05-2025T08:08:01 - [TEST_STEP][PASSED] - Script1686231490255.ZakrytOpoveshenie(): null

16-05-2025T08:08:01 - [TEST_STEP][PASSED] - opoveshenie = getText(findTestObject("Выполнение бизнес-плана/Просьба обратить внимание")): Text of object 'Object Repository/Выполнение бизнес-плана/Просьба обратить внимание' is: 'Просьба обратить внимание'

16-05-2025T08:08:01 - [MESSAGE][PASSED] - Text of object 'Object Repository/Выполнение бизнес-плана/Просьба обратить внимание' is: 'Просьба обратить внимание'

16-05-2025T08:08:01 - [TEST_STEP][PASSED] - println(opoveshenie): null

16-05-2025T08:08:01 - [TEST_STEP][PASSED] - if (opoveshenie == "Просьба обратить внимание"): Object: 'Object Repository/Выполнение бизнес-плана/Закрыть оповещение' is clicked on

16-05-2025T08:08:01 - [TEST_STEP][PASSED] - click(findTestObject("Выполнение бизнес-плана/Закрыть оповещение")): Object: 'Object Repository/Выполнение бизнес-плана/Закрыть оповещение' is clicked on

16-05-2025T08:08:02 - [MESSAGE][PASSED] - Object: 'Object Repository/Выполнение бизнес-плана/Закрыть оповещение' is clicked on

16-05-2025T08:08:02 - [TEST_STEP][PASSED] - click(findTestObject("Object Repository/Выполнение бизнес-плана/Фильтр ДЗО")): Object: 'Object Repository/Выполнение бизнес-плана/Фильтр ДЗО' is clicked on

16-05-2025T08:08:02 - [MESSAGE][PASSED] - Object: 'Object Repository/Выполнение бизнес-плана/Фильтр ДЗО' is clicked on

16-05-2025T08:08:02 - [TEST_STEP][PASSED] - click(findTestObject("Выполнение бизнес-плана/Снять выделение в фильтре ДЗО")): Object: 'Object Repository/Выполнение бизнес-плана/Снять выделение в фильтре ДЗО' is clicked on

16-05-2025T08:08:03 - [MESSAGE][PASSED] - Object: 'Object Repository/Выполнение бизнес-плана/Снять выделение в фильтре ДЗО' is clicked on

16-05-2025T08:08:03 - [TEST_STEP][PASSED] - click(findTestObject("Выполнение бизнес-плана/ПАО Россети")): Object: 'Object Repository/Выполнение бизнес-плана/ПАО Россети' is clicked on

16-05-2025T08:08:03 - [MESSAGE][PASSED] - Object: 'Object Repository/Выполнение бизнес-плана/ПАО Россети' is clicked on

16-05-2025T08:08:03 - [TEST_STEP][PASSED] - click(findTestObject("Object Repository/Выполнение бизнес-плана/Применить в фильтре ДЗО")): Object: 'Object Repository/Выполнение бизнес-плана/Применить в фильтре ДЗО' is clicked on

16-05-2025T08:08:04 - [MESSAGE][PASSED] - Object: 'Object Repository/Выполнение бизнес-плана/Применить в фильтре ДЗО' is clicked on

16-05-2025T08:08:04 - [TEST_STEP][PASSED] - delay(70): Delayed 70 second(s)

16-05-2025T08:09:14 - [MESSAGE][PASSED] - Delayed 70 second(s)

16-05-2025T08:09:14 - [TEST_STEP][PASSED] - if (run == 1): null

16-05-2025T08:09:14 - [TEST_STEP][PASSED] - if (run == 2): null

16-05-2025T08:09:14 - [TEST_STEP][FAILED] - if (run == 3): null

16-05-2025T08:09:14 - [TEST_STEP][PASSED] - user = "Попова": null

16-05-2025T08:09:14 - [TEST_STEP][PASSED] - a1 = getText(findTestObject("Выполнение бизнес-плана/Проценты")): Text of object 'Object Repository/Выполнение бизнес-плана/Проценты' is: '%
5.63 5.63
8.24 8.24
План
Факт
1
100'

16-05-2025T08:09:14 - [MESSAGE][PASSED] - Text of object 'Object Repository/Выполнение бизнес-плана/Проценты' is: '%
5.63 5.63
8.24 8.24
План
Факт
1
100'

16-05-2025T08:09:14 - [TEST_STEP][PASSED] - a2 = getText(findTestObject("Выполнение бизнес-плана/vidget 2")): Text of object 'Object Repository/Выполнение бизнес-плана/vidget 2' is: 'Россети ФСК ЕЭС
Россети Волга
Россети Московский регион
Россети Северо-Запад
Россети Томск
Россети Урал (ГК)
Россети Юг (ГК)
Россети Янтарь
0
10
20
30
40
50
60
70'

16-05-2025T08:09:15 - [MESSAGE][PASSED] - Text of object 'Object Repository/Выполнение бизнес-плана/vidget 2' is: 'Россети ФСК ЕЭС
Россети Волга
Россети Московский регион
Россети Северо-Запад
Россети Томск
Россети Урал (ГК)
Россети Юг (ГК)
Россети Янтарь
0
10
20
30
40
50
60
70'

16-05-2025T08:09:15 - [TEST_STEP][PASSED] - a3 = getText(findTestObject("Выполнение бизнес-плана/table")): Text of object 'Object Repository/Выполнение бизнес-плана/table' is: ''

16-05-2025T08:09:15 - [MESSAGE][PASSED] - Text of object 'Object Repository/Выполнение бизнес-плана/table' is: ''

16-05-2025T08:09:15 - [TEST_STEP][FAILED] - a4 = getText(findTestObject("null")): Unable to get text of object (Root cause: com.kms.katalon.core.exception.StepFailedException: Unable to get text of object
	at com.kms.katalon.core.webui.keyword.internal.WebUIKeywordMain.stepFailed(WebUIKeywordMain.groovy:64)
	at com.kms.katalon.core.webui.keyword.internal.WebUIKeywordMain.runKeyword(WebUIKeywordMain.groovy:26)
	at com.kms.katalon.core.webui.keyword.builtin.GetTextKeyword.getText(GetTextKeyword.groovy:88)
	at com.kms.katalon.core.webui.keyword.builtin.GetTextKeyword.execute(GetTextKeyword.groovy:67)
	at com.kms.katalon.core.keyword.internal.KeywordExecutor.executeKeywordForPlatform(KeywordExecutor.groovy:74)
	at com.kms.katalon.core.webui.keyword.WebUiBuiltInKeywords.getText(WebUiBuiltInKeywords.groovy:957)
	at Блок руководителя сверка дашбордов под разными учётками.VipolnenieBiznesPlana(Блок руководителя сверка дашбордов под разными учётками:346)
	at Блок руководителя сверка дашбордов под разными учётками.run(Блок руководителя сверка дашбордов под разными учётками:52)
	at com.kms.katalon.core.main.ScriptEngine.run(ScriptEngine.java:194)
	at com.kms.katalon.core.main.ScriptEngine.runScriptAsRawText(ScriptEngine.java:119)
	at com.kms.katalon.core.main.TestCaseExecutor.runScript(TestCaseExecutor.java:448)
	at com.kms.katalon.core.main.TestCaseExecutor.doExecute(TestCaseExecutor.java:439)
	at com.kms.katalon.core.main.TestCaseExecutor.processExecutionPhase(TestCaseExecutor.java:418)
	at com.kms.katalon.core.main.TestCaseExecutor.accessMainPhase(TestCaseExecutor.java:410)
	at com.kms.katalon.core.main.TestCaseExecutor.execute(TestCaseExecutor.java:285)
	at com.kms.katalon.core.common.CommonExecutor.accessTestCaseMainPhase(CommonExecutor.java:65)
	at com.kms.katalon.core.main.TestSuiteExecutor.accessTestSuiteMainPhase(TestSuiteExecutor.java:150)
	at com.kms.katalon.core.main.TestSuiteExecutor.execute(TestSuiteExecutor.java:106)
	at com.kms.katalon.core.main.TestCaseMain.startTestSuite(TestCaseMain.java:180)
	at TempTestSuite1747369435659.run(TempTestSuite1747369435659.groovy:35)
	at java.base/jdk.internal.reflect.NativeMethodAccessorImpl.invoke0(Native Method)
	at java.base/jdk.internal.reflect.NativeMethodAccessorImpl.invoke(NativeMethodAccessorImpl.java:77)
	at java.base/jdk.internal.reflect.DelegatingMethodAccessorImpl.invoke(DelegatingMethodAccessorImpl.java:43)
Caused by: java.lang.IllegalArgumentException: Object is null
	at com.kms.katalon.core.helper.KeywordHelper.checkTestObjectParameter(KeywordHelper.java:33)
	at com.kms.katalon.core.webui.keyword.builtin.GetTextKeyword$_getText_closure1.doCall(GetTextKeyword.groovy:76)
	at com.kms.katalon.core.webui.keyword.builtin.GetTextKeyword$_getText_closure1.call(GetTextKeyword.groovy)
	at com.kms.katalon.core.webui.keyword.internal.WebUIKeywordMain.runKeyword(WebUIKeywordMain.groovy:20)
	at com.kms.katalon.core.webui.keyword.builtin.GetTextKeyword.getText(GetTextKeyword.groovy:88)
	at com.kms.katalon.core.webui.keyword.builtin.GetTextKeyword.execute(GetTextKeyword.groovy:67)
	at com.kms.katalon.core.keyword.internal.KeywordExecutor.executeKeywordForPlatform(KeywordExecutor.groovy:74)
	at com.kms.katalon.core.webui.keyword.WebUiBuiltInKeywords.getText(WebUiBuiltInKeywords.groovy:957)
	at Script1686231490255.VipolnenieBiznesPlana(Script1686231490255.groovy:346)
	at Script1686231490255.run(Script1686231490255.groovy:52)
	... 15 more
)

16-05-2025T08:09:15 - [MESSAGE][WARNING] - Test object with id 'Object Repository/null' does not exist

16-05-2025T08:09:15 - [MESSAGE][WARNING] - Test object with id 'Object Repository/' does not exist

16-05-2025T08:09:15 - [MESSAGE][FAILED] - Unable to get text of object (Root cause: com.kms.katalon.core.exception.StepFailedException: Unable to get text of object
	at com.kms.katalon.core.webui.keyword.internal.WebUIKeywordMain.stepFailed(WebUIKeywordMain.groovy:64)
	at com.kms.katalon.core.webui.keyword.internal.WebUIKeywordMain.runKeyword(WebUIKeywordMain.groovy:26)
	at com.kms.katalon.core.webui.keyword.builtin.GetTextKeyword.getText(GetTextKeyword.groovy:88)
	at com.kms.katalon.core.webui.keyword.builtin.GetTextKeyword.execute(GetTextKeyword.groovy:67)
	at com.kms.katalon.core.keyword.internal.KeywordExecutor.executeKeywordForPlatform(KeywordExecutor.groovy:74)
	at com.kms.katalon.core.webui.keyword.WebUiBuiltInKeywords.getText(WebUiBuiltInKeywords.groovy:957)
	at Блок руководителя сверка дашбордов под разными учётками.VipolnenieBiznesPlana(Блок руководителя сверка дашбордов под разными учётками:346)
	at Блок руководителя сверка дашбордов под разными учётками.run(Блок руководителя сверка дашбордов под разными учётками:52)
	at com.kms.katalon.core.main.ScriptEngine.run(ScriptEngine.java:194)
	at com.kms.katalon.core.main.ScriptEngine.runScriptAsRawText(ScriptEngine.java:119)
	at com.kms.katalon.core.main.TestCaseExecutor.runScript(TestCaseExecutor.java:448)
	at com.kms.katalon.core.main.TestCaseExecutor.doExecute(TestCaseExecutor.java:439)
	at com.kms.katalon.core.main.TestCaseExecutor.processExecutionPhase(TestCaseExecutor.java:418)
	at com.kms.katalon.core.main.TestCaseExecutor.accessMainPhase(TestCaseExecutor.java:410)
	at com.kms.katalon.core.main.TestCaseExecutor.execute(TestCaseExecutor.java:285)
	at com.kms.katalon.core.common.CommonExecutor.accessTestCaseMainPhase(CommonExecutor.java:65)
	at com.kms.katalon.core.main.TestSuiteExecutor.accessTestSuiteMainPhase(TestSuiteExecutor.java:150)
	at com.kms.katalon.core.main.TestSuiteExecutor.execute(TestSuiteExecutor.java:106)
	at com.kms.katalon.core.main.TestCaseMain.startTestSuite(TestCaseMain.java:180)
	at TempTestSuite1747369435659.run(TempTestSuite1747369435659.groovy:35)
	at java.base/jdk.internal.reflect.NativeMethodAccessorImpl.invoke0(Native Method)
	at java.base/jdk.internal.reflect.NativeMethodAccessorImpl.invoke(NativeMethodAccessorImpl.java:77)
	at java.base/jdk.internal.reflect.DelegatingMethodAccessorImpl.invoke(DelegatingMethodAccessorImpl.java:43)
Caused by: java.lang.IllegalArgumentException: Object is null
	at com.kms.katalon.core.helper.KeywordHelper.checkTestObjectParameter(KeywordHelper.java:33)
	at com.kms.katalon.core.webui.keyword.builtin.GetTextKeyword$_getText_closure1.doCall(GetTextKeyword.groovy:76)
	at com.kms.katalon.core.webui.keyword.builtin.GetTextKeyword$_getText_closure1.call(GetTextKeyword.groovy)
	at com.kms.katalon.core.webui.keyword.internal.WebUIKeywordMain.runKeyword(WebUIKeywordMain.groovy:20)
	at com.kms.katalon.core.webui.keyword.builtin.GetTextKeyword.getText(GetTextKeyword.groovy:88)
	at com.kms.katalon.core.webui.keyword.builtin.GetTextKeyword.execute(GetTextKeyword.groovy:67)
	at com.kms.katalon.core.keyword.internal.KeywordExecutor.executeKeywordForPlatform(KeywordExecutor.groovy:74)
	at com.kms.katalon.core.webui.keyword.WebUiBuiltInKeywords.getText(WebUiBuiltInKeywords.groovy:957)
	at Script1686231490255.VipolnenieBiznesPlana(Script1686231490255.groovy:346)
	at Script1686231490255.run(Script1686231490255.groovy:52)
	... 15 more
)
[[ATTACHMENT|C:\\Users\\LIAZGINA-DI\\git\\SPORU\\Reports\\20250516_072355\\\u041F\u043D-\u0421\u0440-\u041F\u0442\\\u0421\u0432\u0435\u0440\u043A\u0430 \u0434\u0430\u0448\u0431\u043E\u0440\u0434\u043E\u0432 \u0438\u0437 \u0440\u0430\u0437\u043D\u044B\u0445 \u0431\u043B\u043E\u043A\u043E\u0432\\20250516_072355\\1747372155376.png]]

16-05-2025T08:09:15 - [TEST_STEP][PASSED] - a5 = getText(findTestObject("Выполнение бизнес-плана/svg1")): Text of object 'Object Repository/Выполнение бизнес-плана/svg1' is: '%
5.63 5.63
8.24 8.24
План
Факт
1
100'

16-05-2025T08:09:15 - [MESSAGE][PASSED] - Text of object 'Object Repository/Выполнение бизнес-плана/svg1' is: '%
5.63 5.63
8.24 8.24
План
Факт
1
100'

16-05-2025T08:09:15 - [TEST_STEP][PASSED] - a6 = getText(findTestObject("Выполнение бизнес-плана/svg2")): Text of object 'Object Repository/Выполнение бизнес-плана/svg2' is: 'п.п.
2.60
Итого
0
1
2
3'

16-05-2025T08:09:16 - [MESSAGE][PASSED] - Text of object 'Object Repository/Выполнение бизнес-плана/svg2' is: 'п.п.
2.60
Итого
0
1
2
3'

16-05-2025T08:09:16 - [TEST_STEP][PASSED] - a7 = getText(findTestObject("Выполнение бизнес-плана/Значения со страницы Выполнение бизнес-плана/Факт Отпуск в сеть за отчётный период ПАО Россети")): Text of object 'Object Repository/Выполнение бизнес-плана/Значения со страницы Выполнение бизнес-плана/Факт Отпуск в сеть за отчётный период ПАО Россети' is: '177 286 590'

16-05-2025T08:09:16 - [MESSAGE][PASSED] - Text of object 'Object Repository/Выполнение бизнес-плана/Значения со страницы Выполнение бизнес-плана/Факт Отпуск в сеть за отчётный период ПАО Россети' is: '177 286 590'

16-05-2025T08:09:16 - [TEST_STEP][PASSED] - a8 = getText(findTestObject("Выполнение бизнес-плана/Значения со страницы Выполнение бизнес-плана/Факт Отпуск из сети за отчётный период ПАО Россети")): Text of object 'Object Repository/Выполнение бизнес-плана/Значения со страницы Выполнение бизнес-плана/Факт Отпуск из сети за отчётный период ПАО Россети' is: '162 684 396'

16-05-2025T08:09:16 - [MESSAGE][PASSED] - Text of object 'Object Repository/Выполнение бизнес-плана/Значения со страницы Выполнение бизнес-плана/Факт Отпуск из сети за отчётный период ПАО Россети' is: '162 684 396'

16-05-2025T08:09:16 - [TEST_STEP][PASSED] - a9 = getText(findTestObject("Выполнение бизнес-плана/Значения со страницы Выполнение бизнес-плана/Факт Потери за отчётный период ПАО Россети")): Text of object 'Object Repository/Выполнение бизнес-плана/Значения со страницы Выполнение бизнес-плана/Факт Потери за отчётный период ПАО Россети' is: '14 602 194'

16-05-2025T08:09:17 - [MESSAGE][PASSED] - Text of object 'Object Repository/Выполнение бизнес-плана/Значения со страницы Выполнение бизнес-плана/Факт Потери за отчётный период ПАО Россети' is: '14 602 194'

16-05-2025T08:09:17 - [TEST_STEP][PASSED] - n = n + 2: null

16-05-2025T08:09:17 - [TEST_STEP][PASSED] - b = data.getRowNumbers() + 1: null

16-05-2025T08:09:17 - [TEST_STEP][PASSED] - verifyEqual(findTestData("PlanFact").getValue(2, b), a1): Actual object '%
5.63 5.63
8.24 8.24
План
Факт
1
100' and expected object '%
5.63 5.63
8.24 8.24
План
Факт
1
100' are equal

16-05-2025T08:09:17 - [MESSAGE][PASSED] - Actual object '%
5.63 5.63
8.24 8.24
План
Факт
1
100' and expected object '%
5.63 5.63
8.24 8.24
План
Факт
1
100' are equal

16-05-2025T08:09:17 - [TEST_STEP][PASSED] - verifyEqual(findTestData("PlanFact").getValue(3, b), a2): Actual object 'Россети ФСК ЕЭС
Россети Волга
Россети Московский регион
Россети Северо-Запад
Россети Томск
Россети Урал (ГК)
Россети Юг (ГК)
Россети Янтарь
0
10
20
30
40
50
60
70' and expected object 'Россети ФСК ЕЭС
Россети Волга
Россети Московский регион
Россети Северо-Запад
Россети Томск
Россети Урал (ГК)
Россети Юг (ГК)
Россети Янтарь
0
10
20
30
40
50
60
70' are equal

16-05-2025T08:09:17 - [MESSAGE][PASSED] - Actual object 'Россети ФСК ЕЭС
Россети Волга
Россети Московский регион
Россети Северо-Запад
Россети Томск
Россети Урал (ГК)
Россети Юг (ГК)
Россети Янтарь
0
10
20
30
40
50
60
70' and expected object 'Россети ФСК ЕЭС
Россети Волга
Россети Московский регион
Россети Северо-Запад
Россети Томск
Россети Урал (ГК)
Россети Юг (ГК)
Россети Янтарь
0
10
20
30
40
50
60
70' are equal

16-05-2025T08:09:17 - [TEST_STEP][PASSED] - verifyEqual(findTestData("PlanFact").getValue(4, b), a3): Actual object '' and expected object '' are equal

16-05-2025T08:09:17 - [MESSAGE][PASSED] - Actual object '' and expected object '' are equal

16-05-2025T08:09:17 - [TEST_STEP][FAILED] - verifyEqual(findTestData("PlanFact").getValue(5, b), a4): Unable to verify equal between actual object '' and expected object 'null' (Root cause: com.kms.katalon.core.exception.StepFailedException: Actual object '' and expected object 'null' are not equal
	at com.kms.katalon.core.keyword.builtin.VerifyEqualKeyword$_verifyEqual_closure1.doCall(VerifyEqualKeyword.groovy:58)
	at com.kms.katalon.core.keyword.builtin.VerifyEqualKeyword$_verifyEqual_closure1.call(VerifyEqualKeyword.groovy)
	at com.kms.katalon.core.keyword.internal.KeywordMain.runKeyword(KeywordMain.groovy:75)
	at com.kms.katalon.core.keyword.builtin.VerifyEqualKeyword.verifyEqual(VerifyEqualKeyword.groovy:63)
	at com.kms.katalon.core.keyword.builtin.VerifyEqualKeyword.execute(VerifyEqualKeyword.groovy:44)
	at com.kms.katalon.core.keyword.internal.KeywordExecutor.executeKeywordForPlatform(KeywordExecutor.groovy:74)
	at com.kms.katalon.core.keyword.BuiltinKeywords.verifyEqual(BuiltinKeywords.groovy:146)
	at java.base/jdk.internal.reflect.NativeMethodAccessorImpl.invoke0(Native Method)
	at java.base/jdk.internal.reflect.NativeMethodAccessorImpl.invoke(NativeMethodAccessorImpl.java:77)
	at java.base/jdk.internal.reflect.DelegatingMethodAccessorImpl.invoke(DelegatingMethodAccessorImpl.java:43)
	at Блок руководителя сверка дашбордов под разными учётками.VipolnenieBiznesPlana(Блок руководителя сверка дашбордов под разными учётками:368)
	at Блок руководителя сверка дашбордов под разными учётками.run(Блок руководителя сверка дашбордов под разными учётками:52)
	at com.kms.katalon.core.main.ScriptEngine.run(ScriptEngine.java:194)
	at com.kms.katalon.core.main.ScriptEngine.runScriptAsRawText(ScriptEngine.java:119)
	at com.kms.katalon.core.main.TestCaseExecutor.runScript(TestCaseExecutor.java:448)
	at com.kms.katalon.core.main.TestCaseExecutor.doExecute(TestCaseExecutor.java:439)
	at com.kms.katalon.core.main.TestCaseExecutor.processExecutionPhase(TestCaseExecutor.java:418)
	at com.kms.katalon.core.main.TestCaseExecutor.accessMainPhase(TestCaseExecutor.java:410)
	at com.kms.katalon.core.main.TestCaseExecutor.execute(TestCaseExecutor.java:285)
	at com.kms.katalon.core.common.CommonExecutor.accessTestCaseMainPhase(CommonExecutor.java:65)
	at com.kms.katalon.core.main.TestSuiteExecutor.accessTestSuiteMainPhase(TestSuiteExecutor.java:150)
	at com.kms.katalon.core.main.TestSuiteExecutor.execute(TestSuiteExecutor.java:106)
	at com.kms.katalon.core.main.TestCaseMain.startTestSuite(TestCaseMain.java:180)
	at TempTestSuite1747369435659.run(TempTestSuite1747369435659.groovy:35)
	at java.base/jdk.internal.reflect.NativeMethodAccessorImpl.invoke0(Native Method)
	at java.base/jdk.internal.reflect.NativeMethodAccessorImpl.invoke(NativeMethodAccessorImpl.java:77)
	at java.base/jdk.internal.reflect.DelegatingMethodAccessorImpl.invoke(DelegatingMethodAccessorImpl.java:43)
)

16-05-2025T08:09:17 - [MESSAGE][FAILED] - Unable to verify equal between actual object '' and expected object 'null' (Root cause: com.kms.katalon.core.exception.StepFailedException: Actual object '' and expected object 'null' are not equal
	at com.kms.katalon.core.keyword.builtin.VerifyEqualKeyword$_verifyEqual_closure1.doCall(VerifyEqualKeyword.groovy:58)
	at com.kms.katalon.core.keyword.builtin.VerifyEqualKeyword$_verifyEqual_closure1.call(VerifyEqualKeyword.groovy)
	at com.kms.katalon.core.keyword.internal.KeywordMain.runKeyword(KeywordMain.groovy:75)
	at com.kms.katalon.core.keyword.builtin.VerifyEqualKeyword.verifyEqual(VerifyEqualKeyword.groovy:63)
	at com.kms.katalon.core.keyword.builtin.VerifyEqualKeyword.execute(VerifyEqualKeyword.groovy:44)
	at com.kms.katalon.core.keyword.internal.KeywordExecutor.executeKeywordForPlatform(KeywordExecutor.groovy:74)
	at com.kms.katalon.core.keyword.BuiltinKeywords.verifyEqual(BuiltinKeywords.groovy:146)
	at java.base/jdk.internal.reflect.NativeMethodAccessorImpl.invoke0(Native Method)
	at java.base/jdk.internal.reflect.NativeMethodAccessorImpl.invoke(NativeMethodAccessorImpl.java:77)
	at java.base/jdk.internal.reflect.DelegatingMethodAccessorImpl.invoke(DelegatingMethodAccessorImpl.java:43)
	at Блок руководителя сверка дашбордов под разными учётками.VipolnenieBiznesPlana(Блок руководителя сверка дашбордов под разными учётками:368)
	at Блок руководителя сверка дашбордов под разными учётками.run(Блок руководителя сверка дашбордов под разными учётками:52)
	at com.kms.katalon.core.main.ScriptEngine.run(ScriptEngine.java:194)
	at com.kms.katalon.core.main.ScriptEngine.runScriptAsRawText(ScriptEngine.java:119)
	at com.kms.katalon.core.main.TestCaseExecutor.runScript(TestCaseExecutor.java:448)
	at com.kms.katalon.core.main.TestCaseExecutor.doExecute(TestCaseExecutor.java:439)
	at com.kms.katalon.core.main.TestCaseExecutor.processExecutionPhase(TestCaseExecutor.java:418)
	at com.kms.katalon.core.main.TestCaseExecutor.accessMainPhase(TestCaseExecutor.java:410)
	at com.kms.katalon.core.main.TestCaseExecutor.execute(TestCaseExecutor.java:285)
	at com.kms.katalon.core.common.CommonExecutor.accessTestCaseMainPhase(CommonExecutor.java:65)
	at com.kms.katalon.core.main.TestSuiteExecutor.accessTestSuiteMainPhase(TestSuiteExecutor.java:150)
	at com.kms.katalon.core.main.TestSuiteExecutor.execute(TestSuiteExecutor.java:106)
	at com.kms.katalon.core.main.TestCaseMain.startTestSuite(TestCaseMain.java:180)
	at TempTestSuite1747369435659.run(TempTestSuite1747369435659.groovy:35)
	at java.base/jdk.internal.reflect.NativeMethodAccessorImpl.invoke0(Native Method)
	at java.base/jdk.internal.reflect.NativeMethodAccessorImpl.invoke(NativeMethodAccessorImpl.java:77)
	at java.base/jdk.internal.reflect.DelegatingMethodAccessorImpl.invoke(DelegatingMethodAccessorImpl.java:43)
)

16-05-2025T08:09:17 - [TEST_STEP][PASSED] - verifyEqual(findTestData("PlanFact").getValue(6, b), a5): Actual object '%
5.63 5.63
8.24 8.24
План
Факт
1
100' and expected object '%
5.63 5.63
8.24 8.24
План
Факт
1
100' are equal

16-05-2025T08:09:17 - [MESSAGE][PASSED] - Actual object '%
5.63 5.63
8.24 8.24
План
Факт
1
100' and expected object '%
5.63 5.63
8.24 8.24
План
Факт
1
100' are equal

16-05-2025T08:09:17 - [TEST_STEP][PASSED] - verifyEqual(findTestData("PlanFact").getValue(7, b), a6): Actual object 'п.п.
2.60
Итого
0
1
2
3' and expected object 'п.п.
2.60
Итого
0
1
2
3' are equal

16-05-2025T08:09:17 - [MESSAGE][PASSED] - Actual object 'п.п.
2.60
Итого
0
1
2
3' and expected object 'п.п.
2.60
Итого
0
1
2
3' are equal

16-05-2025T08:09:17 - [TEST_STEP][PASSED] - verifyEqual(findTestData("PlanFact").getValue(8, b), a7): Actual object '177 286 590' and expected object '177 286 590' are equal

16-05-2025T08:09:17 - [MESSAGE][PASSED] - Actual object '177 286 590' and expected object '177 286 590' are equal

16-05-2025T08:09:17 - [TEST_STEP][PASSED] - verifyEqual(findTestData("PlanFact").getValue(9, b), a8): Actual object '162 684 396' and expected object '162 684 396' are equal

16-05-2025T08:09:17 - [MESSAGE][PASSED] - Actual object '162 684 396' and expected object '162 684 396' are equal

16-05-2025T08:09:17 - [TEST_STEP][PASSED] - verifyEqual(findTestData("PlanFact").getValue(10, b), a9): Actual object '14 602 194' and expected object '14 602 194' are equal

16-05-2025T08:09:17 - [MESSAGE][PASSED] - Actual object '14 602 194' and expected object '14 602 194' are equal

16-05-2025T08:09:17 - [TEST_STEP][PASSED] - Script1686231490255.WriteToExcel(user, dashboardName, n, data, run, a1, a2, a3, a4, a5, a6, a7, a8, a9): null

16-05-2025T08:09:17 - [TEST_STEP][PASSED] - sheetName = "Sheet1": null

16-05-2025T08:09:17 - [TEST_STEP][PASSED] - workbook01 = getWorkbook(excelFilePath): null

16-05-2025T08:09:17 - [TEST_STEP][PASSED] - sheet01 = getExcelSheet(workbook01, sheetName): null

16-05-2025T08:09:17 - [TEST_STEP][PASSED] - setValueToCellByIndex(sheet01, n, 0, dashboardName): null

16-05-2025T08:09:17 - [TEST_STEP][PASSED] - setValueToCellByIndex(sheet01, n, 10, user): null

16-05-2025T08:09:17 - [TEST_STEP][PASSED] - setValueToCellByIndex(sheet01, n, 1, a1): null

16-05-2025T08:09:17 - [TEST_STEP][PASSED] - setValueToCellByIndex(sheet01, n, 2, a2): null

16-05-2025T08:09:17 - [TEST_STEP][PASSED] - setValueToCellByIndex(sheet01, n, 3, a3): null

16-05-2025T08:09:17 - [TEST_STEP][PASSED] - setValueToCellByIndex(sheet01, n, 4, a4): null

16-05-2025T08:09:17 - [TEST_STEP][PASSED] - setValueToCellByIndex(sheet01, n, 5, a5): null

16-05-2025T08:09:17 - [TEST_STEP][PASSED] - setValueToCellByIndex(sheet01, n, 6, a6): null

16-05-2025T08:09:17 - [TEST_STEP][PASSED] - setValueToCellByIndex(sheet01, n, 7, a7): null

16-05-2025T08:09:17 - [TEST_STEP][PASSED] - setValueToCellByIndex(sheet01, n, 8, a8): null

16-05-2025T08:09:17 - [TEST_STEP][PASSED] - setValueToCellByIndex(sheet01, n, 9, a9): null

16-05-2025T08:09:17 - [TEST_STEP][PASSED] - n = n + 1: null

16-05-2025T08:09:17 - [TEST_STEP][PASSED] - saveWorkbook(excelFilePath, workbook01): null

16-05-2025T08:09:17 - [TEST_STEP][PASSED] - closeBrowser(): Browser is closed

16-05-2025T08:09:18 - [MESSAGE][PASSED] - Browser is closed

16-05-2025T08:09:18 - [TEST_STEP][PASSED] - delay(70): Delayed 70 second(s)

16-05-2025T08:10:28 - [MESSAGE][PASSED] - Delayed 70 second(s)

16-05-2025T08:10:28 - [TEST_STEP][PASSED] - for ([run = 1, run < 4, (run++)]): null

16-05-2025T08:10:28 - [TEST_STEP][PASSED] - ViruchkaVRublyah(user, dashboardName, n, data, run, a1, a2, a3, a4, a5, a6, a7, a8, a9, urlData): null

16-05-2025T08:10:28 - [TEST_STEP][PASSED] - n = data.getRowNumbers() + 1: null

16-05-2025T08:10:28 - [TEST_STEP][PASSED] - println(n): null

16-05-2025T08:10:28 - [TEST_STEP][PASSED] - dashboardName = "Вырука в рублях": null

16-05-2025T08:10:28 - [TEST_STEP][PASSED] - openBrowser(""): Browser is opened with url: ''

16-05-2025T08:10:28 - [MESSAGE][INFO] - Starting 'Chrome' driver

16-05-2025T08:10:28 - [MESSAGE][INFO] - Action delay is set to 0 milliseconds

16-05-2025T08:10:28 - [MESSAGE][PASSED] - Browser is opened with url: ''

16-05-2025T08:10:28 - [TEST_STEP][PASSED] - urlData = 2: null

16-05-2025T08:10:28 - [TEST_STEP][PASSED] - Script1686231490255.CheckPageDownload(urlData, run): null

16-05-2025T08:10:28 - [TEST_STEP][PASSED] - i = 1: null

16-05-2025T08:10:28 - [TEST_STEP][PASSED] - ii = 0: null

16-05-2025T08:10:28 - [TEST_STEP][PASSED] - urlText = <not implemented yet for class: org.codehaus.groovy.ast.expr.EmptyExpression>: null

16-05-2025T08:10:28 - [TEST_STEP][PASSED] - searchWord = <not implemented yet for class: org.codehaus.groovy.ast.expr.EmptyExpression>: null

16-05-2025T08:10:28 - [TEST_STEP][PASSED] - deleteAllCookies(): Delete all cookies successfully

16-05-2025T08:10:28 - [MESSAGE][PASSED] - Delete all cookies successfully

16-05-2025T08:10:28 - [TEST_STEP][PASSED] - refresh(): Refresh successfully

16-05-2025T08:10:28 - [MESSAGE][PASSED] - Refresh successfully

16-05-2025T08:10:28 - [TEST_STEP][PASSED] - delay(70): Delayed 70 second(s)

16-05-2025T08:11:38 - [MESSAGE][PASSED] - Delayed 70 second(s)

16-05-2025T08:11:38 - [TEST_STEP][PASSED] - navigateToUrl(findTestData("PlanFact").getValue(10, urlData)): Navigate to 'https://bi.rosseti.digital/viewer?dashboardGuid=2301950b23be4ed89c1df75f2020051e&sheetGuid=b723206f698544fb87299f3095c00435&fit=true' successfully

16-05-2025T08:11:40 - [MESSAGE][PASSED] - Navigate to 'https://bi.rosseti.digital/viewer?dashboardGuid=2301950b23be4ed89c1df75f2020051e&sheetGuid=b723206f698544fb87299f3095c00435&fit=true' successfully

16-05-2025T08:11:40 - [TEST_STEP][PASSED] - pageLoaded1 = verifyElementPresent(findTestObject("Страница авторизации/Text"), 30): Object 'Object Repository/Страница авторизации/Text' is present

16-05-2025T08:11:41 - [MESSAGE][PASSED] - Object 'Object Repository/Страница авторизации/Text' is present

16-05-2025T08:11:41 - [TEST_STEP][PASSED] - if (pageLoaded1 == false): null

16-05-2025T08:11:41 - [TEST_STEP][PASSED] - urlText = getText(findTestObject("Страница авторизации/Text")): Text of object 'Object Repository/Страница авторизации/Text' is: 'Вход'

16-05-2025T08:11:42 - [MESSAGE][PASSED] - Text of object 'Object Repository/Страница авторизации/Text' is: 'Вход'

16-05-2025T08:11:42 - [TEST_STEP][PASSED] - delay(70): Delayed 70 second(s)

16-05-2025T08:12:52 - [MESSAGE][PASSED] - Delayed 70 second(s)

16-05-2025T08:12:52 - [TEST_STEP][PASSED] - searchWord = "Вход": null

16-05-2025T08:12:52 - [TEST_STEP][PASSED] - if (urlText.contains(searchWord) == false): null

16-05-2025T08:12:52 - [TEST_STEP][PASSED] - setText(findTestObject("Страница авторизации/input__username"), findTestData("PlanFact").getValue(8, run)): Text 'liazgina-di' is set on object 'Object Repository/Страница авторизации/input__username'

16-05-2025T08:12:52 - [MESSAGE][PASSED] - Text 'liazgina-di' is set on object 'Object Repository/Страница авторизации/input__username'

16-05-2025T08:12:52 - [TEST_STEP][PASSED] - setText(findTestObject("Страница авторизации/input__password"), findTestData("PlanFact").getValue(9, run)): Text ')$%5srZ8o688Dm#q' is set on object 'Object Repository/Страница авторизации/input__password'

16-05-2025T08:12:53 - [MESSAGE][PASSED] - Text ')$%5srZ8o688Dm#q' is set on object 'Object Repository/Страница авторизации/input__password'

16-05-2025T08:12:53 - [TEST_STEP][PASSED] - click(findTestObject("Страница авторизации/button_")): Object: 'Object Repository/Страница авторизации/button_' is clicked on

16-05-2025T08:12:54 - [MESSAGE][PASSED] - Object: 'Object Repository/Страница авторизации/button_' is clicked on

16-05-2025T08:12:54 - [TEST_STEP][PASSED] - delay(70): Delayed 70 second(s)

16-05-2025T08:14:04 - [MESSAGE][PASSED] - Delayed 70 second(s)

16-05-2025T08:14:04 - [TEST_STEP][PASSED] - searchWord = "а": null

16-05-2025T08:14:04 - [TEST_STEP][PASSED] - pageLoaded2 = verifyElementPresent(findTestObject("Страница авторизации/Text"), 50): Object 'Object Repository/Страница авторизации/Text' is present

16-05-2025T08:14:04 - [MESSAGE][PASSED] - Object 'Object Repository/Страница авторизации/Text' is present

16-05-2025T08:14:04 - [TEST_STEP][PASSED] - if (pageLoaded2 == false): null

16-05-2025T08:14:04 - [TEST_STEP][PASSED] - urlText = getText(findTestObject("Страница авторизации/Text")): Text of object 'Object Repository/Страница авторизации/Text' is: 'Период
1 кв. 2025 года
Выручка
Все
Выполнение плановых показателей по ПАО Россети за 1 кв. 2025 года
План
Факт
Динамика
2025 год
0 млн.руб.
50 000 млн.руб.
100 000 млн.руб.
150 000 млн.руб.
200 000 млн.руб.
250 000 млн.руб.
300 000 млн.руб.
350 000 млн.руб.
400 000 млн.руб.
450 000 млн.руб.
500 000 млн.руб.
550 000 млн.руб.
469 817
463 075
↓
ДЗО 
Все
Внутренний оборот - выручка за услуги по передаче электрической энергии, учтенная в выручке за электроэнергию для конечных потребителей, при выполнении ДЗО функций гарантирующего поставщика
Подписи данных
⬤Отклонение
АО "РЭС"
АО «Тываэнерго»
АО «Чеченэнерго»
Россети Волга
Россети Кубань
Россети Ленэнерго (ГК)
Россети Московский регион
Россети Северный Кавказ (ГК)
Россети Северо-Запад
Россети Сибирь (ГК)
Россети Томск
Россети Тюмень
Россети Урал (ГК)
Россети ФСК ЕЭС
Россети Центр
Россети Центр и Приволжье (ГК)
Россети Юг (ГК)
Россети Янтарь
-4 000 млн.руб.
-3 500 млн.руб.
-3 000 млн.руб.
-2 500 млн.руб.
-2 000 млн.руб.
-1 500 млн.руб.
-1 000 млн.руб.
- 500 млн.руб.
0 млн.руб.
500 млн.руб.
1 000 млн.руб.
1 500 млн.руб.
2 000 млн.руб.
-261
55
-27
-537
786
62
-3 345
-271
-253
876
-57
-2 765
-987
1 670
-805
-905
-11
31
млн.
%
Выручка
Отклонение выручки по ПАО Россети за 1 кв. 2025 года (факт/план, млн. руб)
ПАО Россети
-6 742.2 млн.руб.
 '

16-05-2025T08:14:05 - [MESSAGE][PASSED] - Text of object 'Object Repository/Страница авторизации/Text' is: 'Период
1 кв. 2025 года
Выручка
Все
Выполнение плановых показателей по ПАО Россети за 1 кв. 2025 года
План
Факт
Динамика
2025 год
0 млн.руб.
50 000 млн.руб.
100 000 млн.руб.
150 000 млн.руб.
200 000 млн.руб.
250 000 млн.руб.
300 000 млн.руб.
350 000 млн.руб.
400 000 млн.руб.
450 000 млн.руб.
500 000 млн.руб.
550 000 млн.руб.
469 817
463 075
↓
ДЗО 
Все
Внутренний оборот - выручка за услуги по передаче электрической энергии, учтенная в выручке за электроэнергию для конечных потребителей, при выполнении ДЗО функций гарантирующего поставщика
Подписи данных
⬤Отклонение
АО "РЭС"
АО «Тываэнерго»
АО «Чеченэнерго»
Россети Волга
Россети Кубань
Россети Ленэнерго (ГК)
Россети Московский регион
Россети Северный Кавказ (ГК)
Россети Северо-Запад
Россети Сибирь (ГК)
Россети Томск
Россети Тюмень
Россети Урал (ГК)
Россети ФСК ЕЭС
Россети Центр
Россети Центр и Приволжье (ГК)
Россети Юг (ГК)
Россети Янтарь
-4 000 млн.руб.
-3 500 млн.руб.
-3 000 млн.руб.
-2 500 млн.руб.
-2 000 млн.руб.
-1 500 млн.руб.
-1 000 млн.руб.
- 500 млн.руб.
0 млн.руб.
500 млн.руб.
1 000 млн.руб.
1 500 млн.руб.
2 000 млн.руб.
-261
55
-27
-537
786
62
-3 345
-271
-253
876
-57
-2 765
-987
1 670
-805
-905
-11
31
млн.
%
Выручка
Отклонение выручки по ПАО Россети за 1 кв. 2025 года (факт/план, млн. руб)
ПАО Россети
-6 742.2 млн.руб.
 '

16-05-2025T08:14:05 - [TEST_STEP][PASSED] - if (urlText.contains("ошибка") || urlText.contains(searchWord) == false): null

16-05-2025T08:14:05 - [TEST_STEP][PASSED] - click(findTestObject("Выручка в рублях/Фильтр Период")): Object: 'Object Repository/Выручка в рублях/Фильтр Период' is clicked on

16-05-2025T08:14:06 - [MESSAGE][PASSED] - Object: 'Object Repository/Выручка в рублях/Фильтр Период' is clicked on

16-05-2025T08:14:06 - [TEST_STEP][PASSED] - click(findTestObject("Выручка в рублях/Снять выделение в фильтре Дата")): Object: 'Object Repository/Выручка в рублях/Снять выделение в фильтре Дата' is clicked on

16-05-2025T08:14:06 - [MESSAGE][PASSED] - Object: 'Object Repository/Выручка в рублях/Снять выделение в фильтре Дата' is clicked on

16-05-2025T08:14:06 - [TEST_STEP][PASSED] - click(findTestObject("Выручка в рублях/Применить в фильтре Дата")): Object: 'Object Repository/Выручка в рублях/Применить в фильтре Дата' is clicked on

16-05-2025T08:14:07 - [MESSAGE][PASSED] - Object: 'Object Repository/Выручка в рублях/Применить в фильтре Дата' is clicked on

16-05-2025T08:14:07 - [TEST_STEP][PASSED] - click(findTestObject("Выручка в рублях/Фильтр Период")): Object: 'Object Repository/Выручка в рублях/Фильтр Период' is clicked on

16-05-2025T08:14:14 - [MESSAGE][PASSED] - Object: 'Object Repository/Выручка в рублях/Фильтр Период' is clicked on

16-05-2025T08:14:14 - [TEST_STEP][PASSED] - click(findTestObject("Выручка в рублях/Снять выделение в фильтре Дата")): Object: 'Object Repository/Выручка в рублях/Снять выделение в фильтре Дата' is clicked on

16-05-2025T08:14:14 - [MESSAGE][PASSED] - Object: 'Object Repository/Выручка в рублях/Снять выделение в фильтре Дата' is clicked on

16-05-2025T08:14:14 - [TEST_STEP][PASSED] - scrollToElement(findTestObject("Выручка в рублях/2025 список"), 30): Scroll to object 'Object Repository/Выручка в рублях/2025 список' successfully

16-05-2025T08:14:14 - [MESSAGE][PASSED] - Scroll to object 'Object Repository/Выручка в рублях/2025 список' successfully

16-05-2025T08:14:14 - [TEST_STEP][PASSED] - click(findTestObject("Выручка в рублях/2025 список")): Object: 'Object Repository/Выручка в рублях/2025 список' is clicked on

16-05-2025T08:14:15 - [MESSAGE][PASSED] - Object: 'Object Repository/Выручка в рублях/2025 список' is clicked on

16-05-2025T08:14:15 - [TEST_STEP][PASSED] - scrollToElement(findTestObject("Выручка в рублях/1 квартал 2025 список"), 30): Scroll to object 'Object Repository/Выручка в рублях/1 квартал 2025 список' successfully

16-05-2025T08:14:15 - [MESSAGE][PASSED] - Scroll to object 'Object Repository/Выручка в рублях/1 квартал 2025 список' successfully

16-05-2025T08:14:15 - [TEST_STEP][PASSED] - click(findTestObject("Выручка в рублях/1 квартал 2025 выбрать"), CONTINUE_ON_FAILURE): Object: 'Object Repository/Выручка в рублях/1 квартал 2025 выбрать' is clicked on

16-05-2025T08:14:16 - [MESSAGE][PASSED] - Object: 'Object Repository/Выручка в рублях/1 квартал 2025 выбрать' is clicked on

16-05-2025T08:14:16 - [TEST_STEP][PASSED] - click(findTestObject("Выручка в рублях/Применить в фильтре Дата")): Object: 'Object Repository/Выручка в рублях/Применить в фильтре Дата' is clicked on

16-05-2025T08:14:16 - [MESSAGE][PASSED] - Object: 'Object Repository/Выручка в рублях/Применить в фильтре Дата' is clicked on

16-05-2025T08:14:16 - [TEST_STEP][PASSED] - scrollToElement(findTestObject("Выручка в рублях/Заголовок дашборда"), 30): Scroll to object 'Object Repository/Выручка в рублях/Заголовок дашборда' successfully

16-05-2025T08:14:17 - [MESSAGE][PASSED] - Scroll to object 'Object Repository/Выручка в рублях/Заголовок дашборда' successfully

16-05-2025T08:14:17 - [TEST_STEP][PASSED] - delay(70): Delayed 70 second(s)

16-05-2025T08:15:27 - [MESSAGE][PASSED] - Delayed 70 second(s)

16-05-2025T08:15:27 - [TEST_STEP][PASSED] - a5 = "": null

16-05-2025T08:15:27 - [TEST_STEP][PASSED] - a6 = "": null

16-05-2025T08:15:27 - [TEST_STEP][PASSED] - a7 = "": null

16-05-2025T08:15:27 - [TEST_STEP][PASSED] - a8 = "": null

16-05-2025T08:15:27 - [TEST_STEP][PASSED] - a9 = "": null

16-05-2025T08:15:27 - [TEST_STEP][PASSED] - if (run == 1): null

16-05-2025T08:15:27 - [TEST_STEP][PASSED] - user = "админ": null

16-05-2025T08:15:27 - [TEST_STEP][PASSED] - a1 = getText(findTestObject("Выручка в рублях/График План")): Text of object 'Object Repository/Выручка в рублях/График План' is: '469 817'

16-05-2025T08:15:28 - [MESSAGE][PASSED] - Text of object 'Object Repository/Выручка в рублях/График План' is: '469 817'

16-05-2025T08:15:28 - [TEST_STEP][PASSED] - a2 = getText(findTestObject("Выручка в рублях/График Факт")): Text of object 'Object Repository/Выручка в рублях/График Факт' is: '463 075'

16-05-2025T08:15:28 - [MESSAGE][PASSED] - Text of object 'Object Repository/Выручка в рублях/График Факт' is: '463 075'

16-05-2025T08:15:28 - [TEST_STEP][PASSED] - a3 = getText(findTestObject("Выручка в рублях/График Отклонение выручки")): Text of object 'Object Repository/Выручка в рублях/График Отклонение выручки' is: 'Период
1 кв. 2025 года
Выручка
Все
Выполнение плановых показателей по ПАО Россети за 1 кв. 2025 года
План
Факт
Динамика
2025 год
0 млн.руб.
50 000 млн.руб.
100 000 млн.руб.
150 000 млн.руб.
200 000 млн.руб.
250 000 млн.руб.
300 000 млн.руб.
350 000 млн.руб.
400 000 млн.руб.
450 000 млн.руб.
500 000 млн.руб.
550 000 млн.руб.
469 817
463 075
↓
ДЗО 
Все
Внутренний оборот - выручка за услуги по передаче электрической энергии, учтенная в выручке за электроэнергию для конечных потребителей, при выполнении ДЗО функций гарантирующего поставщика
Подписи данных
⬤Отклонение
АО "РЭС"
АО «Тываэнерго»
АО «Чеченэнерго»
Россети Волга
Россети Кубань
Россети Ленэнерго (ГК)
Россети Московский регион
Россети Северный Кавказ (ГК)
Россети Северо-Запад
Россети Сибирь (ГК)
Россети Томск
Россети Тюмень
Россети Урал (ГК)
Россети ФСК ЕЭС
Россети Центр
Россети Центр и Приволжье (ГК)
Россети Юг (ГК)
Россети Янтарь
-4 000 млн.руб.
-3 500 млн.руб.
-3 000 млн.руб.
-2 500 млн.руб.
-2 000 млн.руб.
-1 500 млн.руб.
-1 000 млн.руб.
- 500 млн.руб.
0 млн.руб.
500 млн.руб.
1 000 млн.руб.
1 500 млн.руб.
2 000 млн.руб.
-261
55
-27
-537
786
62
-3 345
-271
-253
876
-57
-2 765
-987
1 670
-805
-905
-11
31
млн.
%
Выручка
Отклонение выручки по ПАО Россети за 1 кв. 2025 года (факт/план, млн. руб)
ПАО Россети
-6 742.2 млн.руб.
 '

16-05-2025T08:15:28 - [MESSAGE][PASSED] - Text of object 'Object Repository/Выручка в рублях/График Отклонение выручки' is: 'Период
1 кв. 2025 года
Выручка
Все
Выполнение плановых показателей по ПАО Россети за 1 кв. 2025 года
План
Факт
Динамика
2025 год
0 млн.руб.
50 000 млн.руб.
100 000 млн.руб.
150 000 млн.руб.
200 000 млн.руб.
250 000 млн.руб.
300 000 млн.руб.
350 000 млн.руб.
400 000 млн.руб.
450 000 млн.руб.
500 000 млн.руб.
550 000 млн.руб.
469 817
463 075
↓
ДЗО 
Все
Внутренний оборот - выручка за услуги по передаче электрической энергии, учтенная в выручке за электроэнергию для конечных потребителей, при выполнении ДЗО функций гарантирующего поставщика
Подписи данных
⬤Отклонение
АО "РЭС"
АО «Тываэнерго»
АО «Чеченэнерго»
Россети Волга
Россети Кубань
Россети Ленэнерго (ГК)
Россети Московский регион
Россети Северный Кавказ (ГК)
Россети Северо-Запад
Россети Сибирь (ГК)
Россети Томск
Россети Тюмень
Россети Урал (ГК)
Россети ФСК ЕЭС
Россети Центр
Россети Центр и Приволжье (ГК)
Россети Юг (ГК)
Россети Янтарь
-4 000 млн.руб.
-3 500 млн.руб.
-3 000 млн.руб.
-2 500 млн.руб.
-2 000 млн.руб.
-1 500 млн.руб.
-1 000 млн.руб.
- 500 млн.руб.
0 млн.руб.
500 млн.руб.
1 000 млн.руб.
1 500 млн.руб.
2 000 млн.руб.
-261
55
-27
-537
786
62
-3 345
-271
-253
876
-57
-2 765
-987
1 670
-805
-905
-11
31
млн.
%
Выручка
Отклонение выручки по ПАО Россети за 1 кв. 2025 года (факт/план, млн. руб)
ПАО Россети
-6 742.2 млн.руб.
 '

16-05-2025T08:15:28 - [TEST_STEP][PASSED] - a3 = a3.substring(a3.lastIndexOf("Отклонение")): null

16-05-2025T08:15:28 - [TEST_STEP][PASSED] - click(findTestObject("Выручка в рублях/Переключить отображение с млн на проценты Выручка в рублях")): Object: 'Object Repository/Выручка в рублях/Переключить отображение с млн на проценты Выручка в рублях' is clicked on

16-05-2025T08:15:29 - [MESSAGE][PASSED] - Object: 'Object Repository/Выручка в рублях/Переключить отображение с млн на проценты Выручка в рублях' is clicked on

16-05-2025T08:15:29 - [TEST_STEP][PASSED] - a4 = getText(findTestObject("Выручка в рублях/График Отклонение выручки")): Text of object 'Object Repository/Выручка в рублях/График Отклонение выручки' is: 'Период
1 кв. 2025 года
Выручка
Все
Выполнение плановых показателей по ПАО Россети за 1 кв. 2025 года
План
Факт
Динамика
2025 год
0 млн.руб.
50 000 млн.руб.
100 000 млн.руб.
150 000 млн.руб.
200 000 млн.руб.
250 000 млн.руб.
300 000 млн.руб.
350 000 млн.руб.
400 000 млн.руб.
450 000 млн.руб.
500 000 млн.руб.
550 000 млн.руб.
469 817
463 075
↓
ДЗО 
Все
Отклонение выручки по ПАО Россети за 1 кв. 2025 года (факт/план, %)
ПАО Россети
-1.43 %
Внутренний оборот - выручка за услуги по передаче электрической энергии, учтенная в выручке за электроэнергию для конечных потребителей, при выполнении ДЗО функций гарантирующего поставщика
⬤Отклонение
АО "РЭС"
АО «Тываэнерго»
АО «Чеченэнерго»
Россети Волга
Россети Кубань
Россети Ленэнерго (ГК)
Россети Московский регион
Россети Северный Кавказ (ГК)
Россети Северо-Запад
Россети Сибирь (ГК)
Россети Томск
Россети Тюмень
Россети Урал (ГК)
Россети ФСК ЕЭС
Россети Центр
Россети Центр и Приволжье (ГК)
Россети Юг (ГК)
Россети Янтарь
-10 %
0 %
10 %
-12 %
-7 %
-5 %
-2 %
3 %
5 %
8 %
-3.9 %
7.4 %
-1.94 %
-1.71 %
3.65 %
0.19 %
-5.06 %
-2.25 %
-1.28 %
2.77 %
-1.88 %
-9.44 %
-3.15 %
1.98 %
-2.23 %
-2.34 %
-0.05 %
1.02 %
Подписи данных
млн.
%
Выручка
 '

16-05-2025T08:15:29 - [MESSAGE][PASSED] - Text of object 'Object Repository/Выручка в рублях/График Отклонение выручки' is: 'Период
1 кв. 2025 года
Выручка
Все
Выполнение плановых показателей по ПАО Россети за 1 кв. 2025 года
План
Факт
Динамика
2025 год
0 млн.руб.
50 000 млн.руб.
100 000 млн.руб.
150 000 млн.руб.
200 000 млн.руб.
250 000 млн.руб.
300 000 млн.руб.
350 000 млн.руб.
400 000 млн.руб.
450 000 млн.руб.
500 000 млн.руб.
550 000 млн.руб.
469 817
463 075
↓
ДЗО 
Все
Отклонение выручки по ПАО Россети за 1 кв. 2025 года (факт/план, %)
ПАО Россети
-1.43 %
Внутренний оборот - выручка за услуги по передаче электрической энергии, учтенная в выручке за электроэнергию для конечных потребителей, при выполнении ДЗО функций гарантирующего поставщика
⬤Отклонение
АО "РЭС"
АО «Тываэнерго»
АО «Чеченэнерго»
Россети Волга
Россети Кубань
Россети Ленэнерго (ГК)
Россети Московский регион
Россети Северный Кавказ (ГК)
Россети Северо-Запад
Россети Сибирь (ГК)
Россети Томск
Россети Тюмень
Россети Урал (ГК)
Россети ФСК ЕЭС
Россети Центр
Россети Центр и Приволжье (ГК)
Россети Юг (ГК)
Россети Янтарь
-10 %
0 %
10 %
-12 %
-7 %
-5 %
-2 %
3 %
5 %
8 %
-3.9 %
7.4 %
-1.94 %
-1.71 %
3.65 %
0.19 %
-5.06 %
-2.25 %
-1.28 %
2.77 %
-1.88 %
-9.44 %
-3.15 %
1.98 %
-2.23 %
-2.34 %
-0.05 %
1.02 %
Подписи данных
млн.
%
Выручка
 '

16-05-2025T08:15:29 - [TEST_STEP][PASSED] - a4 = a4.substring(a4.lastIndexOf("Отклонение")): null

16-05-2025T08:15:29 - [TEST_STEP][PASSED] - click(findTestObject("Выручка в рублях/Переключить отображение с процентов на млн Выручка в рублях")): Object: 'Object Repository/Выручка в рублях/Переключить отображение с процентов на млн Выручка в рублях' is clicked on

16-05-2025T08:15:30 - [MESSAGE][PASSED] - Object: 'Object Repository/Выручка в рублях/Переключить отображение с процентов на млн Выручка в рублях' is clicked on

16-05-2025T08:15:30 - [TEST_STEP][PASSED] - n = n + 3: null

16-05-2025T08:15:30 - [TEST_STEP][PASSED] - Script1686231490255.WriteToExcel(user, dashboardName, n, data, run, a1, a2, a3, a4, a5, a6, a7, a8, a9): null

16-05-2025T08:15:30 - [TEST_STEP][PASSED] - sheetName = "Sheet1": null

16-05-2025T08:15:30 - [TEST_STEP][PASSED] - workbook01 = getWorkbook(excelFilePath): null

16-05-2025T08:15:30 - [TEST_STEP][PASSED] - sheet01 = getExcelSheet(workbook01, sheetName): null

16-05-2025T08:15:30 - [TEST_STEP][PASSED] - setValueToCellByIndex(sheet01, n, 0, dashboardName): null

16-05-2025T08:15:30 - [TEST_STEP][PASSED] - setValueToCellByIndex(sheet01, n, 10, user): null

16-05-2025T08:15:30 - [TEST_STEP][PASSED] - setValueToCellByIndex(sheet01, n, 1, a1): null

16-05-2025T08:15:30 - [TEST_STEP][PASSED] - setValueToCellByIndex(sheet01, n, 2, a2): null

16-05-2025T08:15:30 - [TEST_STEP][PASSED] - setValueToCellByIndex(sheet01, n, 3, a3): null

16-05-2025T08:15:30 - [TEST_STEP][PASSED] - setValueToCellByIndex(sheet01, n, 4, a4): null

16-05-2025T08:15:30 - [TEST_STEP][PASSED] - setValueToCellByIndex(sheet01, n, 5, a5): null

16-05-2025T08:15:30 - [TEST_STEP][PASSED] - setValueToCellByIndex(sheet01, n, 6, a6): null

16-05-2025T08:15:30 - [TEST_STEP][PASSED] - setValueToCellByIndex(sheet01, n, 7, a7): null

16-05-2025T08:15:30 - [TEST_STEP][PASSED] - setValueToCellByIndex(sheet01, n, 8, a8): null

16-05-2025T08:15:30 - [TEST_STEP][PASSED] - setValueToCellByIndex(sheet01, n, 9, a9): null

16-05-2025T08:15:30 - [TEST_STEP][PASSED] - n = n + 1: null

16-05-2025T08:15:30 - [TEST_STEP][PASSED] - saveWorkbook(excelFilePath, workbook01): null

16-05-2025T08:15:30 - [TEST_STEP][PASSED] - if (run == 2): null

16-05-2025T08:15:30 - [TEST_STEP][PASSED] - if (run == 3): null

16-05-2025T08:15:30 - [TEST_STEP][PASSED] - closeBrowser(): null

16-05-2025T08:15:30 - [MESSAGE][PASSED] - Browser is closed

16-05-2025T08:15:30 - [TEST_STEP][PASSED] - ViruchkaVRublyah(user, dashboardName, n, data, run, a1, a2, a3, a4, a5, a6, a7, a8, a9, urlData): null

16-05-2025T08:15:30 - [TEST_STEP][PASSED] - n = data.getRowNumbers() + 1: null

16-05-2025T08:15:30 - [TEST_STEP][PASSED] - println(n): null

16-05-2025T08:15:30 - [TEST_STEP][PASSED] - dashboardName = "Вырука в рублях": null

16-05-2025T08:15:30 - [TEST_STEP][PASSED] - openBrowser(""): Browser is opened with url: ''

16-05-2025T08:15:30 - [MESSAGE][INFO] - Starting 'Chrome' driver

16-05-2025T08:15:30 - [MESSAGE][INFO] - Action delay is set to 0 milliseconds

16-05-2025T08:15:31 - [MESSAGE][PASSED] - Browser is opened with url: ''

16-05-2025T08:15:31 - [TEST_STEP][PASSED] - urlData = 2: null

16-05-2025T08:15:31 - [TEST_STEP][PASSED] - Script1686231490255.CheckPageDownload(urlData, run): null

16-05-2025T08:15:31 - [TEST_STEP][PASSED] - i = 1: null

16-05-2025T08:15:31 - [TEST_STEP][PASSED] - ii = 0: null

16-05-2025T08:15:31 - [TEST_STEP][PASSED] - urlText = <not implemented yet for class: org.codehaus.groovy.ast.expr.EmptyExpression>: null

16-05-2025T08:15:31 - [TEST_STEP][PASSED] - searchWord = <not implemented yet for class: org.codehaus.groovy.ast.expr.EmptyExpression>: null

16-05-2025T08:15:31 - [TEST_STEP][PASSED] - deleteAllCookies(): Delete all cookies successfully

16-05-2025T08:15:31 - [MESSAGE][PASSED] - Delete all cookies successfully

16-05-2025T08:15:31 - [TEST_STEP][PASSED] - refresh(): Refresh successfully

16-05-2025T08:15:31 - [MESSAGE][PASSED] - Refresh successfully

16-05-2025T08:15:31 - [TEST_STEP][PASSED] - delay(70): Delayed 70 second(s)

16-05-2025T08:16:41 - [MESSAGE][PASSED] - Delayed 70 second(s)

16-05-2025T08:16:41 - [TEST_STEP][PASSED] - navigateToUrl(findTestData("PlanFact").getValue(10, urlData)): Navigate to 'https://bi.rosseti.digital/viewer?dashboardGuid=2301950b23be4ed89c1df75f2020051e&sheetGuid=b723206f698544fb87299f3095c00435&fit=true' successfully

16-05-2025T08:16:43 - [MESSAGE][PASSED] - Navigate to 'https://bi.rosseti.digital/viewer?dashboardGuid=2301950b23be4ed89c1df75f2020051e&sheetGuid=b723206f698544fb87299f3095c00435&fit=true' successfully

16-05-2025T08:16:43 - [TEST_STEP][PASSED] - pageLoaded1 = verifyElementPresent(findTestObject("Страница авторизации/Text"), 30): Object 'Object Repository/Страница авторизации/Text' is present

16-05-2025T08:16:44 - [MESSAGE][PASSED] - Object 'Object Repository/Страница авторизации/Text' is present

16-05-2025T08:16:44 - [TEST_STEP][PASSED] - if (pageLoaded1 == false): null

16-05-2025T08:16:44 - [TEST_STEP][PASSED] - urlText = getText(findTestObject("Страница авторизации/Text")): Text of object 'Object Repository/Страница авторизации/Text' is: 'Вход'

16-05-2025T08:16:44 - [MESSAGE][PASSED] - Text of object 'Object Repository/Страница авторизации/Text' is: 'Вход'

16-05-2025T08:16:44 - [TEST_STEP][PASSED] - delay(70): Delayed 70 second(s)

16-05-2025T08:17:54 - [MESSAGE][PASSED] - Delayed 70 second(s)

16-05-2025T08:17:54 - [TEST_STEP][PASSED] - searchWord = "Вход": null

16-05-2025T08:17:54 - [TEST_STEP][PASSED] - if (urlText.contains(searchWord) == false): null

16-05-2025T08:17:54 - [TEST_STEP][PASSED] - setText(findTestObject("Страница авторизации/input__username"), findTestData("PlanFact").getValue(8, run)): Text 'Andreeva-EV' is set on object 'Object Repository/Страница авторизации/input__username'

16-05-2025T08:17:55 - [MESSAGE][PASSED] - Text 'Andreeva-EV' is set on object 'Object Repository/Страница авторизации/input__username'

16-05-2025T08:17:55 - [TEST_STEP][PASSED] - setText(findTestObject("Страница авторизации/input__password"), findTestData("PlanFact").getValue(9, run)): Text '2nPePKDwCPH3ul7xMZ' is set on object 'Object Repository/Страница авторизации/input__password'

16-05-2025T08:17:56 - [MESSAGE][PASSED] - Text '2nPePKDwCPH3ul7xMZ' is set on object 'Object Repository/Страница авторизации/input__password'

16-05-2025T08:17:56 - [TEST_STEP][PASSED] - click(findTestObject("Страница авторизации/button_")): Object: 'Object Repository/Страница авторизации/button_' is clicked on

16-05-2025T08:17:57 - [MESSAGE][PASSED] - Object: 'Object Repository/Страница авторизации/button_' is clicked on

16-05-2025T08:17:57 - [TEST_STEP][PASSED] - delay(70): Delayed 70 second(s)

16-05-2025T08:19:07 - [MESSAGE][PASSED] - Delayed 70 second(s)

16-05-2025T08:19:07 - [TEST_STEP][PASSED] - searchWord = "а": null

16-05-2025T08:19:07 - [TEST_STEP][PASSED] - pageLoaded2 = verifyElementPresent(findTestObject("Страница авторизации/Text"), 50): Object 'Object Repository/Страница авторизации/Text' is present

16-05-2025T08:19:07 - [MESSAGE][PASSED] - Object 'Object Repository/Страница авторизации/Text' is present

16-05-2025T08:19:07 - [TEST_STEP][PASSED] - if (pageLoaded2 == false): null

16-05-2025T08:19:07 - [TEST_STEP][PASSED] - urlText = getText(findTestObject("Страница авторизации/Text")): Text of object 'Object Repository/Страница авторизации/Text' is: 'Период
1 кв. 2025 года
Выручка
Все
Выполнение плановых показателей по ПАО Россети за 1 кв. 2025 года
План
Факт
Динамика
2025 год
0 млн.руб.
50 000 млн.руб.
100 000 млн.руб.
150 000 млн.руб.
200 000 млн.руб.
250 000 млн.руб.
300 000 млн.руб.
350 000 млн.руб.
400 000 млн.руб.
450 000 млн.руб.
500 000 млн.руб.
550 000 млн.руб.
469 817
463 075
↓
ДЗО 
Все
Внутренний оборот - выручка за услуги по передаче электрической энергии, учтенная в выручке за электроэнергию для конечных потребителей, при выполнении ДЗО функций гарантирующего поставщика
Подписи данных
⬤Отклонение
АО "РЭС"
АО «Тываэнерго»
АО «Чеченэнерго»
Россети Волга
Россети Кубань
Россети Ленэнерго (ГК)
Россети Московский регион
Россети Северный Кавказ (ГК)
Россети Северо-Запад
Россети Сибирь (ГК)
Россети Томск
Россети Тюмень
Россети Урал (ГК)
Россети ФСК ЕЭС
Россети Центр
Россети Центр и Приволжье (ГК)
Россети Юг (ГК)
Россети Янтарь
-4 000 млн.руб.
-3 500 млн.руб.
-3 000 млн.руб.
-2 500 млн.руб.
-2 000 млн.руб.
-1 500 млн.руб.
-1 000 млн.руб.
- 500 млн.руб.
0 млн.руб.
500 млн.руб.
1 000 млн.руб.
1 500 млн.руб.
2 000 млн.руб.
-261
55
-27
-537
786
62
-3 345
-271
-253
876
-57
-2 765
-987
1 670
-805
-905
-11
31
млн.
%
Выручка
Отклонение выручки по ПАО Россети за 1 кв. 2025 года (факт/план, млн. руб)
ПАО Россети
-6 742.2 млн.руб.
 '

16-05-2025T08:19:08 - [MESSAGE][PASSED] - Text of object 'Object Repository/Страница авторизации/Text' is: 'Период
1 кв. 2025 года
Выручка
Все
Выполнение плановых показателей по ПАО Россети за 1 кв. 2025 года
План
Факт
Динамика
2025 год
0 млн.руб.
50 000 млн.руб.
100 000 млн.руб.
150 000 млн.руб.
200 000 млн.руб.
250 000 млн.руб.
300 000 млн.руб.
350 000 млн.руб.
400 000 млн.руб.
450 000 млн.руб.
500 000 млн.руб.
550 000 млн.руб.
469 817
463 075
↓
ДЗО 
Все
Внутренний оборот - выручка за услуги по передаче электрической энергии, учтенная в выручке за электроэнергию для конечных потребителей, при выполнении ДЗО функций гарантирующего поставщика
Подписи данных
⬤Отклонение
АО "РЭС"
АО «Тываэнерго»
АО «Чеченэнерго»
Россети Волга
Россети Кубань
Россети Ленэнерго (ГК)
Россети Московский регион
Россети Северный Кавказ (ГК)
Россети Северо-Запад
Россети Сибирь (ГК)
Россети Томск
Россети Тюмень
Россети Урал (ГК)
Россети ФСК ЕЭС
Россети Центр
Россети Центр и Приволжье (ГК)
Россети Юг (ГК)
Россети Янтарь
-4 000 млн.руб.
-3 500 млн.руб.
-3 000 млн.руб.
-2 500 млн.руб.
-2 000 млн.руб.
-1 500 млн.руб.
-1 000 млн.руб.
- 500 млн.руб.
0 млн.руб.
500 млн.руб.
1 000 млн.руб.
1 500 млн.руб.
2 000 млн.руб.
-261
55
-27
-537
786
62
-3 345
-271
-253
876
-57
-2 765
-987
1 670
-805
-905
-11
31
млн.
%
Выручка
Отклонение выручки по ПАО Россети за 1 кв. 2025 года (факт/план, млн. руб)
ПАО Россети
-6 742.2 млн.руб.
 '

16-05-2025T08:19:08 - [TEST_STEP][PASSED] - if (urlText.contains("ошибка") || urlText.contains(searchWord) == false): null

16-05-2025T08:19:08 - [TEST_STEP][PASSED] - click(findTestObject("Выручка в рублях/Фильтр Период")): Object: 'Object Repository/Выручка в рублях/Фильтр Период' is clicked on

16-05-2025T08:19:08 - [MESSAGE][PASSED] - Object: 'Object Repository/Выручка в рублях/Фильтр Период' is clicked on

16-05-2025T08:19:08 - [TEST_STEP][PASSED] - click(findTestObject("Выручка в рублях/Снять выделение в фильтре Дата")): Object: 'Object Repository/Выручка в рублях/Снять выделение в фильтре Дата' is clicked on

16-05-2025T08:19:09 - [MESSAGE][PASSED] - Object: 'Object Repository/Выручка в рублях/Снять выделение в фильтре Дата' is clicked on

16-05-2025T08:19:09 - [TEST_STEP][PASSED] - click(findTestObject("Выручка в рублях/Применить в фильтре Дата")): Object: 'Object Repository/Выручка в рублях/Применить в фильтре Дата' is clicked on

16-05-2025T08:19:09 - [MESSAGE][PASSED] - Object: 'Object Repository/Выручка в рублях/Применить в фильтре Дата' is clicked on

16-05-2025T08:19:09 - [TEST_STEP][PASSED] - click(findTestObject("Выручка в рублях/Фильтр Период")): Object: 'Object Repository/Выручка в рублях/Фильтр Период' is clicked on

16-05-2025T08:19:11 - [MESSAGE][PASSED] - Object: 'Object Repository/Выручка в рублях/Фильтр Период' is clicked on

16-05-2025T08:19:11 - [TEST_STEP][PASSED] - click(findTestObject("Выручка в рублях/Снять выделение в фильтре Дата")): Object: 'Object Repository/Выручка в рублях/Снять выделение в фильтре Дата' is clicked on

16-05-2025T08:19:12 - [MESSAGE][PASSED] - Object: 'Object Repository/Выручка в рублях/Снять выделение в фильтре Дата' is clicked on

16-05-2025T08:19:12 - [TEST_STEP][PASSED] - scrollToElement(findTestObject("Выручка в рублях/2025 список"), 30): Scroll to object 'Object Repository/Выручка в рублях/2025 список' successfully

16-05-2025T08:19:12 - [MESSAGE][PASSED] - Scroll to object 'Object Repository/Выручка в рублях/2025 список' successfully

16-05-2025T08:19:12 - [TEST_STEP][PASSED] - click(findTestObject("Выручка в рублях/2025 список")): Object: 'Object Repository/Выручка в рублях/2025 список' is clicked on

16-05-2025T08:19:13 - [MESSAGE][PASSED] - Object: 'Object Repository/Выручка в рублях/2025 список' is clicked on

16-05-2025T08:19:13 - [TEST_STEP][PASSED] - scrollToElement(findTestObject("Выручка в рублях/1 квартал 2025 список"), 30): Scroll to object 'Object Repository/Выручка в рублях/1 квартал 2025 список' successfully

16-05-2025T08:19:13 - [MESSAGE][PASSED] - Scroll to object 'Object Repository/Выручка в рублях/1 квартал 2025 список' successfully

16-05-2025T08:19:13 - [TEST_STEP][PASSED] - click(findTestObject("Выручка в рублях/1 квартал 2025 выбрать"), CONTINUE_ON_FAILURE): Object: 'Object Repository/Выручка в рублях/1 квартал 2025 выбрать' is clicked on

16-05-2025T08:19:13 - [MESSAGE][PASSED] - Object: 'Object Repository/Выручка в рублях/1 квартал 2025 выбрать' is clicked on

16-05-2025T08:19:13 - [TEST_STEP][PASSED] - click(findTestObject("Выручка в рублях/Применить в фильтре Дата")): Object: 'Object Repository/Выручка в рублях/Применить в фильтре Дата' is clicked on

16-05-2025T08:19:14 - [MESSAGE][PASSED] - Object: 'Object Repository/Выручка в рублях/Применить в фильтре Дата' is clicked on

16-05-2025T08:19:14 - [TEST_STEP][PASSED] - scrollToElement(findTestObject("Выручка в рублях/Заголовок дашборда"), 30): Scroll to object 'Object Repository/Выручка в рублях/Заголовок дашборда' successfully

16-05-2025T08:19:15 - [MESSAGE][PASSED] - Scroll to object 'Object Repository/Выручка в рублях/Заголовок дашборда' successfully

16-05-2025T08:19:15 - [TEST_STEP][PASSED] - delay(70): Delayed 70 second(s)

16-05-2025T08:20:25 - [MESSAGE][PASSED] - Delayed 70 second(s)

16-05-2025T08:20:25 - [TEST_STEP][PASSED] - a5 = "": null

16-05-2025T08:20:25 - [TEST_STEP][PASSED] - a6 = "": null

16-05-2025T08:20:25 - [TEST_STEP][PASSED] - a7 = "": null

16-05-2025T08:20:25 - [TEST_STEP][PASSED] - a8 = "": null

16-05-2025T08:20:25 - [TEST_STEP][PASSED] - a9 = "": null

16-05-2025T08:20:25 - [TEST_STEP][PASSED] - if (run == 1): null

16-05-2025T08:20:25 - [TEST_STEP][PASSED] - if (run == 2): null

16-05-2025T08:20:25 - [TEST_STEP][PASSED] - user = "Андреева": null

16-05-2025T08:20:25 - [TEST_STEP][PASSED] - a1 = getText(findTestObject("Выручка в рублях/График План")): Text of object 'Object Repository/Выручка в рублях/График План' is: '469 817'

16-05-2025T08:20:26 - [MESSAGE][PASSED] - Text of object 'Object Repository/Выручка в рублях/График План' is: '469 817'

16-05-2025T08:20:26 - [TEST_STEP][PASSED] - a2 = getText(findTestObject("Выручка в рублях/График Факт")): Text of object 'Object Repository/Выручка в рублях/График Факт' is: '463 075'

16-05-2025T08:20:26 - [MESSAGE][PASSED] - Text of object 'Object Repository/Выручка в рублях/График Факт' is: '463 075'

16-05-2025T08:20:26 - [TEST_STEP][PASSED] - a3 = getText(findTestObject("Выручка в рублях/График Отклонение выручки")): Text of object 'Object Repository/Выручка в рублях/График Отклонение выручки' is: 'Период
1 кв. 2025 года
Выручка
Все
Выполнение плановых показателей по ПАО Россети за 1 кв. 2025 года
План
Факт
Динамика
2025 год
0 млн.руб.
50 000 млн.руб.
100 000 млн.руб.
150 000 млн.руб.
200 000 млн.руб.
250 000 млн.руб.
300 000 млн.руб.
350 000 млн.руб.
400 000 млн.руб.
450 000 млн.руб.
500 000 млн.руб.
550 000 млн.руб.
469 817
463 075
↓
ДЗО 
Все
Внутренний оборот - выручка за услуги по передаче электрической энергии, учтенная в выручке за электроэнергию для конечных потребителей, при выполнении ДЗО функций гарантирующего поставщика
Подписи данных
⬤Отклонение
АО "РЭС"
АО «Тываэнерго»
АО «Чеченэнерго»
Россети Волга
Россети Кубань
Россети Ленэнерго (ГК)
Россети Московский регион
Россети Северный Кавказ (ГК)
Россети Северо-Запад
Россети Сибирь (ГК)
Россети Томск
Россети Тюмень
Россети Урал (ГК)
Россети ФСК ЕЭС
Россети Центр
Россети Центр и Приволжье (ГК)
Россети Юг (ГК)
Россети Янтарь
-4 000 млн.руб.
-3 500 млн.руб.
-3 000 млн.руб.
-2 500 млн.руб.
-2 000 млн.руб.
-1 500 млн.руб.
-1 000 млн.руб.
- 500 млн.руб.
0 млн.руб.
500 млн.руб.
1 000 млн.руб.
1 500 млн.руб.
2 000 млн.руб.
-261
55
-27
-537
786
62
-3 345
-271
-253
876
-57
-2 765
-987
1 670
-805
-905
-11
31
млн.
%
Выручка
Отклонение выручки по ПАО Россети за 1 кв. 2025 года (факт/план, млн. руб)
ПАО Россети
-6 742.2 млн.руб.
 '

16-05-2025T08:20:26 - [MESSAGE][PASSED] - Text of object 'Object Repository/Выручка в рублях/График Отклонение выручки' is: 'Период
1 кв. 2025 года
Выручка
Все
Выполнение плановых показателей по ПАО Россети за 1 кв. 2025 года
План
Факт
Динамика
2025 год
0 млн.руб.
50 000 млн.руб.
100 000 млн.руб.
150 000 млн.руб.
200 000 млн.руб.
250 000 млн.руб.
300 000 млн.руб.
350 000 млн.руб.
400 000 млн.руб.
450 000 млн.руб.
500 000 млн.руб.
550 000 млн.руб.
469 817
463 075
↓
ДЗО 
Все
Внутренний оборот - выручка за услуги по передаче электрической энергии, учтенная в выручке за электроэнергию для конечных потребителей, при выполнении ДЗО функций гарантирующего поставщика
Подписи данных
⬤Отклонение
АО "РЭС"
АО «Тываэнерго»
АО «Чеченэнерго»
Россети Волга
Россети Кубань
Россети Ленэнерго (ГК)
Россети Московский регион
Россети Северный Кавказ (ГК)
Россети Северо-Запад
Россети Сибирь (ГК)
Россети Томск
Россети Тюмень
Россети Урал (ГК)
Россети ФСК ЕЭС
Россети Центр
Россети Центр и Приволжье (ГК)
Россети Юг (ГК)
Россети Янтарь
-4 000 млн.руб.
-3 500 млн.руб.
-3 000 млн.руб.
-2 500 млн.руб.
-2 000 млн.руб.
-1 500 млн.руб.
-1 000 млн.руб.
- 500 млн.руб.
0 млн.руб.
500 млн.руб.
1 000 млн.руб.
1 500 млн.руб.
2 000 млн.руб.
-261
55
-27
-537
786
62
-3 345
-271
-253
876
-57
-2 765
-987
1 670
-805
-905
-11
31
млн.
%
Выручка
Отклонение выручки по ПАО Россети за 1 кв. 2025 года (факт/план, млн. руб)
ПАО Россети
-6 742.2 млн.руб.
 '

16-05-2025T08:20:26 - [TEST_STEP][PASSED] - a3 = a3.substring(a3.lastIndexOf("Отклонение")): null

16-05-2025T08:20:26 - [TEST_STEP][PASSED] - click(findTestObject("Выручка в рублях/Переключить отображение с млн на проценты Выручка в рублях")): Object: 'Object Repository/Выручка в рублях/Переключить отображение с млн на проценты Выручка в рублях' is clicked on

16-05-2025T08:20:27 - [MESSAGE][PASSED] - Object: 'Object Repository/Выручка в рублях/Переключить отображение с млн на проценты Выручка в рублях' is clicked on

16-05-2025T08:20:27 - [TEST_STEP][PASSED] - a4 = getText(findTestObject("Выручка в рублях/График Отклонение выручки")): Text of object 'Object Repository/Выручка в рублях/График Отклонение выручки' is: 'Период
1 кв. 2025 года
Выручка
Все
Выполнение плановых показателей по ПАО Россети за 1 кв. 2025 года
План
Факт
Динамика
2025 год
0 млн.руб.
50 000 млн.руб.
100 000 млн.руб.
150 000 млн.руб.
200 000 млн.руб.
250 000 млн.руб.
300 000 млн.руб.
350 000 млн.руб.
400 000 млн.руб.
450 000 млн.руб.
500 000 млн.руб.
550 000 млн.руб.
469 817
463 075
↓
ДЗО 
Все
Отклонение выручки по ПАО Россети за 1 кв. 2025 года (факт/план, %)
ПАО Россети
-1.43 %
Внутренний оборот - выручка за услуги по передаче электрической энергии, учтенная в выручке за электроэнергию для конечных потребителей, при выполнении ДЗО функций гарантирующего поставщика
⬤Отклонение
АО "РЭС"
АО «Тываэнерго»
АО «Чеченэнерго»
Россети Волга
Россети Кубань
Россети Ленэнерго (ГК)
Россети Московский регион
Россети Северный Кавказ (ГК)
Россети Северо-Запад
Россети Сибирь (ГК)
Россети Томск
Россети Тюмень
Россети Урал (ГК)
Россети ФСК ЕЭС
Россети Центр
Россети Центр и Приволжье (ГК)
Россети Юг (ГК)
Россети Янтарь
-10 %
0 %
10 %
-12 %
-7 %
-5 %
-2 %
3 %
5 %
8 %
-3.9 %
7.4 %
-1.94 %
-1.71 %
3.65 %
0.19 %
-5.06 %
-2.25 %
-1.28 %
2.77 %
-1.88 %
-9.44 %
-3.15 %
1.98 %
-2.23 %
-2.34 %
-0.05 %
1.02 %
Подписи данных
млн.
%
Выручка
 '

16-05-2025T08:20:27 - [MESSAGE][PASSED] - Text of object 'Object Repository/Выручка в рублях/График Отклонение выручки' is: 'Период
1 кв. 2025 года
Выручка
Все
Выполнение плановых показателей по ПАО Россети за 1 кв. 2025 года
План
Факт
Динамика
2025 год
0 млн.руб.
50 000 млн.руб.
100 000 млн.руб.
150 000 млн.руб.
200 000 млн.руб.
250 000 млн.руб.
300 000 млн.руб.
350 000 млн.руб.
400 000 млн.руб.
450 000 млн.руб.
500 000 млн.руб.
550 000 млн.руб.
469 817
463 075
↓
ДЗО 
Все
Отклонение выручки по ПАО Россети за 1 кв. 2025 года (факт/план, %)
ПАО Россети
-1.43 %
Внутренний оборот - выручка за услуги по передаче электрической энергии, учтенная в выручке за электроэнергию для конечных потребителей, при выполнении ДЗО функций гарантирующего поставщика
⬤Отклонение
АО "РЭС"
АО «Тываэнерго»
АО «Чеченэнерго»
Россети Волга
Россети Кубань
Россети Ленэнерго (ГК)
Россети Московский регион
Россети Северный Кавказ (ГК)
Россети Северо-Запад
Россети Сибирь (ГК)
Россети Томск
Россети Тюмень
Россети Урал (ГК)
Россети ФСК ЕЭС
Россети Центр
Россети Центр и Приволжье (ГК)
Россети Юг (ГК)
Россети Янтарь
-10 %
0 %
10 %
-12 %
-7 %
-5 %
-2 %
3 %
5 %
8 %
-3.9 %
7.4 %
-1.94 %
-1.71 %
3.65 %
0.19 %
-5.06 %
-2.25 %
-1.28 %
2.77 %
-1.88 %
-9.44 %
-3.15 %
1.98 %
-2.23 %
-2.34 %
-0.05 %
1.02 %
Подписи данных
млн.
%
Выручка
 '

16-05-2025T08:20:27 - [TEST_STEP][PASSED] - a4 = a4.substring(a4.lastIndexOf("Отклонение")): null

16-05-2025T08:20:27 - [TEST_STEP][PASSED] - click(findTestObject("Выручка в рублях/Переключить отображение с процентов на млн Выручка в рублях")): Object: 'Object Repository/Выручка в рублях/Переключить отображение с процентов на млн Выручка в рублях' is clicked on

16-05-2025T08:20:28 - [MESSAGE][PASSED] - Object: 'Object Repository/Выручка в рублях/Переключить отображение с процентов на млн Выручка в рублях' is clicked on

16-05-2025T08:20:28 - [TEST_STEP][PASSED] - n = n + 4: null

16-05-2025T08:20:28 - [TEST_STEP][PASSED] - b = n - run + 1: null

16-05-2025T08:20:28 - [TEST_STEP][PASSED] - verifyEqual(findTestData("PlanFact").getValue(2, b), a1): Actual object '469 817' and expected object '469 817' are equal

16-05-2025T08:20:28 - [MESSAGE][PASSED] - Actual object '469 817' and expected object '469 817' are equal

16-05-2025T08:20:28 - [TEST_STEP][PASSED] - verifyEqual(findTestData("PlanFact").getValue(3, b), a2): Actual object '463 075' and expected object '463 075' are equal

16-05-2025T08:20:28 - [MESSAGE][PASSED] - Actual object '463 075' and expected object '463 075' are equal

16-05-2025T08:20:28 - [TEST_STEP][PASSED] - verifyEqual(findTestData("PlanFact").getValue(4, b), a3): Actual object 'Отклонение выручки по ПАО Россети за 1 кв. 2025 года (факт/план, млн. руб)
ПАО Россети
-6 742.2 млн.руб.
 ' and expected object 'Отклонение выручки по ПАО Россети за 1 кв. 2025 года (факт/план, млн. руб)
ПАО Россети
-6 742.2 млн.руб.
 ' are equal

16-05-2025T08:20:28 - [MESSAGE][PASSED] - Actual object 'Отклонение выручки по ПАО Россети за 1 кв. 2025 года (факт/план, млн. руб)
ПАО Россети
-6 742.2 млн.руб.
 ' and expected object 'Отклонение выручки по ПАО Россети за 1 кв. 2025 года (факт/план, млн. руб)
ПАО Россети
-6 742.2 млн.руб.
 ' are equal

16-05-2025T08:20:28 - [TEST_STEP][PASSED] - verifyEqual(findTestData("PlanFact").getValue(5, b), a4): Actual object 'Отклонение
АО "РЭС"
АО «Тываэнерго»
АО «Чеченэнерго»
Россети Волга
Россети Кубань
Россети Ленэнерго (ГК)
Россети Московский регион
Россети Северный Кавказ (ГК)
Россети Северо-Запад
Россети Сибирь (ГК)
Россети Томск
Россети Тюмень
Россети Урал (ГК)
Россети ФСК ЕЭС
Россети Центр
Россети Центр и Приволжье (ГК)
Россети Юг (ГК)
Россети Янтарь
-10 %
0 %
10 %
-12 %
-7 %
-5 %
-2 %
3 %
5 %
8 %
-3.9 %
7.4 %
-1.94 %
-1.71 %
3.65 %
0.19 %
-5.06 %
-2.25 %
-1.28 %
2.77 %
-1.88 %
-9.44 %
-3.15 %
1.98 %
-2.23 %
-2.34 %
-0.05 %
1.02 %
Подписи данных
млн.
%
Выручка
 ' and expected object 'Отклонение
АО "РЭС"
АО «Тываэнерго»
АО «Чеченэнерго»
Россети Волга
Россети Кубань
Россети Ленэнерго (ГК)
Россети Московский регион
Россети Северный Кавказ (ГК)
Россети Северо-Запад
Россети Сибирь (ГК)
Россети Томск
Россети Тюмень
Россети Урал (ГК)
Россети ФСК ЕЭС
Россети Центр
Россети Центр и Приволжье (ГК)
Россети Юг (ГК)
Россети Янтарь
-10 %
0 %
10 %
-12 %
-7 %
-5 %
-2 %
3 %
5 %
8 %
-3.9 %
7.4 %
-1.94 %
-1.71 %
3.65 %
0.19 %
-5.06 %
-2.25 %
-1.28 %
2.77 %
-1.88 %
-9.44 %
-3.15 %
1.98 %
-2.23 %
-2.34 %
-0.05 %
1.02 %
Подписи данных
млн.
%
Выручка
 ' are equal

16-05-2025T08:20:28 - [MESSAGE][PASSED] - Actual object 'Отклонение
АО "РЭС"
АО «Тываэнерго»
АО «Чеченэнерго»
Россети Волга
Россети Кубань
Россети Ленэнерго (ГК)
Россети Московский регион
Россети Северный Кавказ (ГК)
Россети Северо-Запад
Россети Сибирь (ГК)
Россети Томск
Россети Тюмень
Россети Урал (ГК)
Россети ФСК ЕЭС
Россети Центр
Россети Центр и Приволжье (ГК)
Россети Юг (ГК)
Россети Янтарь
-10 %
0 %
10 %
-12 %
-7 %
-5 %
-2 %
3 %
5 %
8 %
-3.9 %
7.4 %
-1.94 %
-1.71 %
3.65 %
0.19 %
-5.06 %
-2.25 %
-1.28 %
2.77 %
-1.88 %
-9.44 %
-3.15 %
1.98 %
-2.23 %
-2.34 %
-0.05 %
1.02 %
Подписи данных
млн.
%
Выручка
 ' and expected object 'Отклонение
АО "РЭС"
АО «Тываэнерго»
АО «Чеченэнерго»
Россети Волга
Россети Кубань
Россети Ленэнерго (ГК)
Россети Московский регион
Россети Северный Кавказ (ГК)
Россети Северо-Запад
Россети Сибирь (ГК)
Россети Томск
Россети Тюмень
Россети Урал (ГК)
Россети ФСК ЕЭС
Россети Центр
Россети Центр и Приволжье (ГК)
Россети Юг (ГК)
Россети Янтарь
-10 %
0 %
10 %
-12 %
-7 %
-5 %
-2 %
3 %
5 %
8 %
-3.9 %
7.4 %
-1.94 %
-1.71 %
3.65 %
0.19 %
-5.06 %
-2.25 %
-1.28 %
2.77 %
-1.88 %
-9.44 %
-3.15 %
1.98 %
-2.23 %
-2.34 %
-0.05 %
1.02 %
Подписи данных
млн.
%
Выручка
 ' are equal

16-05-2025T08:20:28 - [TEST_STEP][PASSED] - Script1686231490255.WriteToExcel(user, dashboardName, n, data, run, a1, a2, a3, a4, a5, a6, a7, a8, a9): null

16-05-2025T08:20:28 - [TEST_STEP][PASSED] - sheetName = "Sheet1": null

16-05-2025T08:20:28 - [TEST_STEP][PASSED] - workbook01 = getWorkbook(excelFilePath): null

16-05-2025T08:20:28 - [TEST_STEP][PASSED] - sheet01 = getExcelSheet(workbook01, sheetName): null

16-05-2025T08:20:28 - [TEST_STEP][PASSED] - setValueToCellByIndex(sheet01, n, 0, dashboardName): null

16-05-2025T08:20:28 - [TEST_STEP][PASSED] - setValueToCellByIndex(sheet01, n, 10, user): null

16-05-2025T08:20:28 - [TEST_STEP][PASSED] - setValueToCellByIndex(sheet01, n, 1, a1): null

16-05-2025T08:20:28 - [TEST_STEP][PASSED] - setValueToCellByIndex(sheet01, n, 2, a2): null

16-05-2025T08:20:28 - [TEST_STEP][PASSED] - setValueToCellByIndex(sheet01, n, 3, a3): null

16-05-2025T08:20:28 - [TEST_STEP][PASSED] - setValueToCellByIndex(sheet01, n, 4, a4): null

16-05-2025T08:20:28 - [TEST_STEP][PASSED] - setValueToCellByIndex(sheet01, n, 5, a5): null

16-05-2025T08:20:28 - [TEST_STEP][PASSED] - setValueToCellByIndex(sheet01, n, 6, a6): null

16-05-2025T08:20:28 - [TEST_STEP][PASSED] - setValueToCellByIndex(sheet01, n, 7, a7): null

16-05-2025T08:20:28 - [TEST_STEP][PASSED] - setValueToCellByIndex(sheet01, n, 8, a8): null

16-05-2025T08:20:28 - [TEST_STEP][PASSED] - setValueToCellByIndex(sheet01, n, 9, a9): null

16-05-2025T08:20:28 - [TEST_STEP][PASSED] - n = n + 1: null

16-05-2025T08:20:28 - [TEST_STEP][PASSED] - saveWorkbook(excelFilePath, workbook01): null

16-05-2025T08:20:28 - [TEST_STEP][PASSED] - if (run == 3): null

16-05-2025T08:20:28 - [TEST_STEP][PASSED] - closeBrowser(): null

16-05-2025T08:20:28 - [MESSAGE][PASSED] - Browser is closed

16-05-2025T08:20:28 - [TEST_STEP][PASSED] - ViruchkaVRublyah(user, dashboardName, n, data, run, a1, a2, a3, a4, a5, a6, a7, a8, a9, urlData): null

16-05-2025T08:20:28 - [TEST_STEP][PASSED] - n = data.getRowNumbers() + 1: null

16-05-2025T08:20:28 - [TEST_STEP][PASSED] - println(n): null

16-05-2025T08:20:28 - [TEST_STEP][PASSED] - dashboardName = "Вырука в рублях": null

16-05-2025T08:20:28 - [TEST_STEP][PASSED] - openBrowser(""): Browser is opened with url: ''

16-05-2025T08:20:28 - [MESSAGE][INFO] - Starting 'Chrome' driver

16-05-2025T08:20:28 - [MESSAGE][INFO] - Action delay is set to 0 milliseconds

16-05-2025T08:20:29 - [MESSAGE][PASSED] - Browser is opened with url: ''

16-05-2025T08:20:29 - [TEST_STEP][PASSED] - urlData = 2: null

16-05-2025T08:20:29 - [TEST_STEP][PASSED] - Script1686231490255.CheckPageDownload(urlData, run): null

16-05-2025T08:20:29 - [TEST_STEP][PASSED] - i = 1: null

16-05-2025T08:20:29 - [TEST_STEP][PASSED] - ii = 0: null

16-05-2025T08:20:29 - [TEST_STEP][PASSED] - urlText = <not implemented yet for class: org.codehaus.groovy.ast.expr.EmptyExpression>: null

16-05-2025T08:20:29 - [TEST_STEP][PASSED] - searchWord = <not implemented yet for class: org.codehaus.groovy.ast.expr.EmptyExpression>: null

16-05-2025T08:20:29 - [TEST_STEP][PASSED] - deleteAllCookies(): Delete all cookies successfully

16-05-2025T08:20:29 - [MESSAGE][PASSED] - Delete all cookies successfully

16-05-2025T08:20:29 - [TEST_STEP][PASSED] - refresh(): Refresh successfully

16-05-2025T08:20:29 - [MESSAGE][PASSED] - Refresh successfully

16-05-2025T08:20:29 - [TEST_STEP][PASSED] - delay(70): Delayed 70 second(s)

16-05-2025T08:21:39 - [MESSAGE][PASSED] - Delayed 70 second(s)

16-05-2025T08:21:39 - [TEST_STEP][PASSED] - navigateToUrl(findTestData("PlanFact").getValue(10, urlData)): Navigate to 'https://bi.rosseti.digital/viewer?dashboardGuid=2301950b23be4ed89c1df75f2020051e&sheetGuid=b723206f698544fb87299f3095c00435&fit=true' successfully

16-05-2025T08:21:41 - [MESSAGE][PASSED] - Navigate to 'https://bi.rosseti.digital/viewer?dashboardGuid=2301950b23be4ed89c1df75f2020051e&sheetGuid=b723206f698544fb87299f3095c00435&fit=true' successfully

16-05-2025T08:21:41 - [TEST_STEP][PASSED] - pageLoaded1 = verifyElementPresent(findTestObject("Страница авторизации/Text"), 30): Object 'Object Repository/Страница авторизации/Text' is present

16-05-2025T08:21:42 - [MESSAGE][PASSED] - Object 'Object Repository/Страница авторизации/Text' is present

16-05-2025T08:21:42 - [TEST_STEP][PASSED] - if (pageLoaded1 == false): null

16-05-2025T08:21:42 - [TEST_STEP][PASSED] - urlText = getText(findTestObject("Страница авторизации/Text")): Text of object 'Object Repository/Страница авторизации/Text' is: 'Вход'

16-05-2025T08:21:42 - [MESSAGE][PASSED] - Text of object 'Object Repository/Страница авторизации/Text' is: 'Вход'

16-05-2025T08:21:42 - [TEST_STEP][PASSED] - delay(70): Delayed 70 second(s)

16-05-2025T08:22:52 - [MESSAGE][PASSED] - Delayed 70 second(s)

16-05-2025T08:22:52 - [TEST_STEP][PASSED] - searchWord = "Вход": null

16-05-2025T08:22:52 - [TEST_STEP][PASSED] - if (urlText.contains(searchWord) == false): null

16-05-2025T08:22:52 - [TEST_STEP][PASSED] - setText(findTestObject("Страница авторизации/input__username"), findTestData("PlanFact").getValue(8, run)): Text 'Petrova-OV' is set on object 'Object Repository/Страница авторизации/input__username'

16-05-2025T08:22:53 - [MESSAGE][PASSED] - Text 'Petrova-OV' is set on object 'Object Repository/Страница авторизации/input__username'

16-05-2025T08:22:53 - [TEST_STEP][PASSED] - setText(findTestObject("Страница авторизации/input__password"), findTestData("PlanFact").getValue(9, run)): Text '4Ex@~R53r&3x&BVe7' is set on object 'Object Repository/Страница авторизации/input__password'

16-05-2025T08:22:54 - [MESSAGE][PASSED] - Text '4Ex@~R53r&3x&BVe7' is set on object 'Object Repository/Страница авторизации/input__password'

16-05-2025T08:22:54 - [TEST_STEP][PASSED] - click(findTestObject("Страница авторизации/button_")): Object: 'Object Repository/Страница авторизации/button_' is clicked on

16-05-2025T08:22:55 - [MESSAGE][PASSED] - Object: 'Object Repository/Страница авторизации/button_' is clicked on

16-05-2025T08:22:55 - [TEST_STEP][PASSED] - delay(70): Delayed 70 second(s)

16-05-2025T08:24:05 - [MESSAGE][PASSED] - Delayed 70 second(s)

16-05-2025T08:24:05 - [TEST_STEP][PASSED] - searchWord = "а": null

16-05-2025T08:24:05 - [TEST_STEP][PASSED] - pageLoaded2 = verifyElementPresent(findTestObject("Страница авторизации/Text"), 50): Object 'Object Repository/Страница авторизации/Text' is present

16-05-2025T08:24:05 - [MESSAGE][PASSED] - Object 'Object Repository/Страница авторизации/Text' is present

16-05-2025T08:24:05 - [TEST_STEP][PASSED] - if (pageLoaded2 == false): null

16-05-2025T08:24:05 - [TEST_STEP][PASSED] - urlText = getText(findTestObject("Страница авторизации/Text")): Text of object 'Object Repository/Страница авторизации/Text' is: 'Период
1 кв. 2025 года
Выручка
Все
Выполнение плановых показателей по ПАО Россети за 1 кв. 2025 года
План
Факт
Динамика
2025 год
0 млн.руб.
50 000 млн.руб.
100 000 млн.руб.
150 000 млн.руб.
200 000 млн.руб.
250 000 млн.руб.
300 000 млн.руб.
350 000 млн.руб.
400 000 млн.руб.
450 000 млн.руб.
500 000 млн.руб.
550 000 млн.руб.
469 817
463 075
↓
ДЗО 
Все
Внутренний оборот - выручка за услуги по передаче электрической энергии, учтенная в выручке за электроэнергию для конечных потребителей, при выполнении ДЗО функций гарантирующего поставщика
Подписи данных
⬤Отклонение
АО "РЭС"
АО «Тываэнерго»
АО «Чеченэнерго»
Россети Волга
Россети Кубань
Россети Ленэнерго (ГК)
Россети Московский регион
Россети Северный Кавказ (ГК)
Россети Северо-Запад
Россети Сибирь (ГК)
Россети Томск
Россети Тюмень
Россети Урал (ГК)
Россети ФСК ЕЭС
Россети Центр
Россети Центр и Приволжье (ГК)
Россети Юг (ГК)
Россети Янтарь
-4 000 млн.руб.
-3 500 млн.руб.
-3 000 млн.руб.
-2 500 млн.руб.
-2 000 млн.руб.
-1 500 млн.руб.
-1 000 млн.руб.
- 500 млн.руб.
0 млн.руб.
500 млн.руб.
1 000 млн.руб.
1 500 млн.руб.
2 000 млн.руб.
-261
55
-27
-537
786
62
-3 345
-271
-253
876
-57
-2 765
-987
1 670
-805
-905
-11
31
млн.
%
Выручка
Отклонение выручки по ПАО Россети за 1 кв. 2025 года (факт/план, млн. руб)
ПАО Россети
-6 742.2 млн.руб.
 '

16-05-2025T08:24:06 - [MESSAGE][PASSED] - Text of object 'Object Repository/Страница авторизации/Text' is: 'Период
1 кв. 2025 года
Выручка
Все
Выполнение плановых показателей по ПАО Россети за 1 кв. 2025 года
План
Факт
Динамика
2025 год
0 млн.руб.
50 000 млн.руб.
100 000 млн.руб.
150 000 млн.руб.
200 000 млн.руб.
250 000 млн.руб.
300 000 млн.руб.
350 000 млн.руб.
400 000 млн.руб.
450 000 млн.руб.
500 000 млн.руб.
550 000 млн.руб.
469 817
463 075
↓
ДЗО 
Все
Внутренний оборот - выручка за услуги по передаче электрической энергии, учтенная в выручке за электроэнергию для конечных потребителей, при выполнении ДЗО функций гарантирующего поставщика
Подписи данных
⬤Отклонение
АО "РЭС"
АО «Тываэнерго»
АО «Чеченэнерго»
Россети Волга
Россети Кубань
Россети Ленэнерго (ГК)
Россети Московский регион
Россети Северный Кавказ (ГК)
Россети Северо-Запад
Россети Сибирь (ГК)
Россети Томск
Россети Тюмень
Россети Урал (ГК)
Россети ФСК ЕЭС
Россети Центр
Россети Центр и Приволжье (ГК)
Россети Юг (ГК)
Россети Янтарь
-4 000 млн.руб.
-3 500 млн.руб.
-3 000 млн.руб.
-2 500 млн.руб.
-2 000 млн.руб.
-1 500 млн.руб.
-1 000 млн.руб.
- 500 млн.руб.
0 млн.руб.
500 млн.руб.
1 000 млн.руб.
1 500 млн.руб.
2 000 млн.руб.
-261
55
-27
-537
786
62
-3 345
-271
-253
876
-57
-2 765
-987
1 670
-805
-905
-11
31
млн.
%
Выручка
Отклонение выручки по ПАО Россети за 1 кв. 2025 года (факт/план, млн. руб)
ПАО Россети
-6 742.2 млн.руб.
 '

16-05-2025T08:24:06 - [TEST_STEP][PASSED] - if (urlText.contains("ошибка") || urlText.contains(searchWord) == false): null

16-05-2025T08:24:06 - [TEST_STEP][PASSED] - click(findTestObject("Выручка в рублях/Фильтр Период")): Object: 'Object Repository/Выручка в рублях/Фильтр Период' is clicked on

16-05-2025T08:24:06 - [MESSAGE][PASSED] - Object: 'Object Repository/Выручка в рублях/Фильтр Период' is clicked on

16-05-2025T08:24:06 - [TEST_STEP][PASSED] - click(findTestObject("Выручка в рублях/Снять выделение в фильтре Дата")): Object: 'Object Repository/Выручка в рублях/Снять выделение в фильтре Дата' is clicked on

16-05-2025T08:24:07 - [MESSAGE][PASSED] - Object: 'Object Repository/Выручка в рублях/Снять выделение в фильтре Дата' is clicked on

16-05-2025T08:24:07 - [TEST_STEP][PASSED] - click(findTestObject("Выручка в рублях/Применить в фильтре Дата")): Object: 'Object Repository/Выручка в рублях/Применить в фильтре Дата' is clicked on

16-05-2025T08:24:07 - [MESSAGE][PASSED] - Object: 'Object Repository/Выручка в рублях/Применить в фильтре Дата' is clicked on

16-05-2025T08:24:07 - [TEST_STEP][PASSED] - click(findTestObject("Выручка в рублях/Фильтр Период")): Object: 'Object Repository/Выручка в рублях/Фильтр Период' is clicked on

16-05-2025T08:24:09 - [MESSAGE][PASSED] - Object: 'Object Repository/Выручка в рублях/Фильтр Период' is clicked on

16-05-2025T08:24:09 - [TEST_STEP][PASSED] - click(findTestObject("Выручка в рублях/Снять выделение в фильтре Дата")): Object: 'Object Repository/Выручка в рублях/Снять выделение в фильтре Дата' is clicked on

16-05-2025T08:24:10 - [MESSAGE][PASSED] - Object: 'Object Repository/Выручка в рублях/Снять выделение в фильтре Дата' is clicked on

16-05-2025T08:24:10 - [TEST_STEP][PASSED] - scrollToElement(findTestObject("Выручка в рублях/2025 список"), 30): Scroll to object 'Object Repository/Выручка в рублях/2025 список' successfully

16-05-2025T08:24:10 - [MESSAGE][PASSED] - Scroll to object 'Object Repository/Выручка в рублях/2025 список' successfully

16-05-2025T08:24:10 - [TEST_STEP][PASSED] - click(findTestObject("Выручка в рублях/2025 список")): Object: 'Object Repository/Выручка в рублях/2025 список' is clicked on

16-05-2025T08:24:10 - [MESSAGE][PASSED] - Object: 'Object Repository/Выручка в рублях/2025 список' is clicked on

16-05-2025T08:24:10 - [TEST_STEP][PASSED] - scrollToElement(findTestObject("Выручка в рублях/1 квартал 2025 список"), 30): Scroll to object 'Object Repository/Выручка в рублях/1 квартал 2025 список' successfully

16-05-2025T08:24:11 - [MESSAGE][PASSED] - Scroll to object 'Object Repository/Выручка в рублях/1 квартал 2025 список' successfully

16-05-2025T08:24:11 - [TEST_STEP][PASSED] - click(findTestObject("Выручка в рублях/1 квартал 2025 выбрать"), CONTINUE_ON_FAILURE): Object: 'Object Repository/Выручка в рублях/1 квартал 2025 выбрать' is clicked on

16-05-2025T08:24:11 - [MESSAGE][PASSED] - Object: 'Object Repository/Выручка в рублях/1 квартал 2025 выбрать' is clicked on

16-05-2025T08:24:11 - [TEST_STEP][PASSED] - click(findTestObject("Выручка в рублях/Применить в фильтре Дата")): Object: 'Object Repository/Выручка в рублях/Применить в фильтре Дата' is clicked on

16-05-2025T08:24:12 - [MESSAGE][PASSED] - Object: 'Object Repository/Выручка в рублях/Применить в фильтре Дата' is clicked on

16-05-2025T08:24:12 - [TEST_STEP][PASSED] - scrollToElement(findTestObject("Выручка в рублях/Заголовок дашборда"), 30): Scroll to object 'Object Repository/Выручка в рублях/Заголовок дашборда' successfully

16-05-2025T08:24:13 - [MESSAGE][PASSED] - Scroll to object 'Object Repository/Выручка в рублях/Заголовок дашборда' successfully

16-05-2025T08:24:13 - [TEST_STEP][PASSED] - delay(70): Delayed 70 second(s)

16-05-2025T08:25:23 - [MESSAGE][PASSED] - Delayed 70 second(s)

16-05-2025T08:25:23 - [TEST_STEP][PASSED] - a5 = "": null

16-05-2025T08:25:23 - [TEST_STEP][PASSED] - a6 = "": null

16-05-2025T08:25:23 - [TEST_STEP][PASSED] - a7 = "": null

16-05-2025T08:25:23 - [TEST_STEP][PASSED] - a8 = "": null

16-05-2025T08:25:23 - [TEST_STEP][PASSED] - a9 = "": null

16-05-2025T08:25:23 - [TEST_STEP][PASSED] - if (run == 1): null

16-05-2025T08:25:23 - [TEST_STEP][PASSED] - if (run == 2): null

16-05-2025T08:25:23 - [TEST_STEP][PASSED] - if (run == 3): null

16-05-2025T08:25:23 - [TEST_STEP][PASSED] - user = "Попова": null

16-05-2025T08:25:23 - [TEST_STEP][PASSED] - a1 = getText(findTestObject("Выручка в рублях/График План")): Text of object 'Object Repository/Выручка в рублях/График План' is: '469 817'

16-05-2025T08:25:23 - [MESSAGE][PASSED] - Text of object 'Object Repository/Выручка в рублях/График План' is: '469 817'

16-05-2025T08:25:23 - [TEST_STEP][PASSED] - a2 = getText(findTestObject("Выручка в рублях/График Факт")): Text of object 'Object Repository/Выручка в рублях/График Факт' is: '463 075'

16-05-2025T08:25:24 - [MESSAGE][PASSED] - Text of object 'Object Repository/Выручка в рублях/График Факт' is: '463 075'

16-05-2025T08:25:24 - [TEST_STEP][PASSED] - a3 = getText(findTestObject("Выручка в рублях/График Отклонение выручки")): Text of object 'Object Repository/Выручка в рублях/График Отклонение выручки' is: 'Период
1 кв. 2025 года
Выручка
Все
Выполнение плановых показателей по ПАО Россети за 1 кв. 2025 года
План
Факт
Динамика
2025 год
0 млн.руб.
50 000 млн.руб.
100 000 млн.руб.
150 000 млн.руб.
200 000 млн.руб.
250 000 млн.руб.
300 000 млн.руб.
350 000 млн.руб.
400 000 млн.руб.
450 000 млн.руб.
500 000 млн.руб.
550 000 млн.руб.
469 817
463 075
↓
ДЗО 
Все
Внутренний оборот - выручка за услуги по передаче электрической энергии, учтенная в выручке за электроэнергию для конечных потребителей, при выполнении ДЗО функций гарантирующего поставщика
Подписи данных
⬤Отклонение
АО "РЭС"
АО «Тываэнерго»
АО «Чеченэнерго»
Россети Волга
Россети Кубань
Россети Ленэнерго (ГК)
Россети Московский регион
Россети Северный Кавказ (ГК)
Россети Северо-Запад
Россети Сибирь (ГК)
Россети Томск
Россети Тюмень
Россети Урал (ГК)
Россети ФСК ЕЭС
Россети Центр
Россети Центр и Приволжье (ГК)
Россети Юг (ГК)
Россети Янтарь
-4 000 млн.руб.
-3 500 млн.руб.
-3 000 млн.руб.
-2 500 млн.руб.
-2 000 млн.руб.
-1 500 млн.руб.
-1 000 млн.руб.
- 500 млн.руб.
0 млн.руб.
500 млн.руб.
1 000 млн.руб.
1 500 млн.руб.
2 000 млн.руб.
-261
55
-27
-537
786
62
-3 345
-271
-253
876
-57
-2 765
-987
1 670
-805
-905
-11
31
млн.
%
Выручка
Отклонение выручки по ПАО Россети за 1 кв. 2025 года (факт/план, млн. руб)
ПАО Россети
-6 742.2 млн.руб.
 '

16-05-2025T08:25:24 - [MESSAGE][PASSED] - Text of object 'Object Repository/Выручка в рублях/График Отклонение выручки' is: 'Период
1 кв. 2025 года
Выручка
Все
Выполнение плановых показателей по ПАО Россети за 1 кв. 2025 года
План
Факт
Динамика
2025 год
0 млн.руб.
50 000 млн.руб.
100 000 млн.руб.
150 000 млн.руб.
200 000 млн.руб.
250 000 млн.руб.
300 000 млн.руб.
350 000 млн.руб.
400 000 млн.руб.
450 000 млн.руб.
500 000 млн.руб.
550 000 млн.руб.
469 817
463 075
↓
ДЗО 
Все
Внутренний оборот - выручка за услуги по передаче электрической энергии, учтенная в выручке за электроэнергию для конечных потребителей, при выполнении ДЗО функций гарантирующего поставщика
Подписи данных
⬤Отклонение
АО "РЭС"
АО «Тываэнерго»
АО «Чеченэнерго»
Россети Волга
Россети Кубань
Россети Ленэнерго (ГК)
Россети Московский регион
Россети Северный Кавказ (ГК)
Россети Северо-Запад
Россети Сибирь (ГК)
Россети Томск
Россети Тюмень
Россети Урал (ГК)
Россети ФСК ЕЭС
Россети Центр
Россети Центр и Приволжье (ГК)
Россети Юг (ГК)
Россети Янтарь
-4 000 млн.руб.
-3 500 млн.руб.
-3 000 млн.руб.
-2 500 млн.руб.
-2 000 млн.руб.
-1 500 млн.руб.
-1 000 млн.руб.
- 500 млн.руб.
0 млн.руб.
500 млн.руб.
1 000 млн.руб.
1 500 млн.руб.
2 000 млн.руб.
-261
55
-27
-537
786
62
-3 345
-271
-253
876
-57
-2 765
-987
1 670
-805
-905
-11
31
млн.
%
Выручка
Отклонение выручки по ПАО Россети за 1 кв. 2025 года (факт/план, млн. руб)
ПАО Россети
-6 742.2 млн.руб.
 '

16-05-2025T08:25:24 - [TEST_STEP][PASSED] - a3 = a3.substring(a3.lastIndexOf("Отклонение")): null

16-05-2025T08:25:24 - [TEST_STEP][PASSED] - click(findTestObject("Выручка в рублях/Переключить отображение с млн на проценты Выручка в рублях")): Object: 'Object Repository/Выручка в рублях/Переключить отображение с млн на проценты Выручка в рублях' is clicked on

16-05-2025T08:25:25 - [MESSAGE][PASSED] - Object: 'Object Repository/Выручка в рублях/Переключить отображение с млн на проценты Выручка в рублях' is clicked on

16-05-2025T08:25:25 - [TEST_STEP][PASSED] - a4 = getText(findTestObject("Выручка в рублях/График Отклонение выручки")): Text of object 'Object Repository/Выручка в рублях/График Отклонение выручки' is: 'Период
1 кв. 2025 года
Выручка
Все
Выполнение плановых показателей по ПАО Россети за 1 кв. 2025 года
План
Факт
Динамика
2025 год
0 млн.руб.
50 000 млн.руб.
100 000 млн.руб.
150 000 млн.руб.
200 000 млн.руб.
250 000 млн.руб.
300 000 млн.руб.
350 000 млн.руб.
400 000 млн.руб.
450 000 млн.руб.
500 000 млн.руб.
550 000 млн.руб.
469 817
463 075
↓
ДЗО 
Все
Отклонение выручки по ПАО Россети за 1 кв. 2025 года (факт/план, %)
ПАО Россети
-1.43 %
Внутренний оборот - выручка за услуги по передаче электрической энергии, учтенная в выручке за электроэнергию для конечных потребителей, при выполнении ДЗО функций гарантирующего поставщика
⬤Отклонение
АО "РЭС"
АО «Тываэнерго»
АО «Чеченэнерго»
Россети Волга
Россети Кубань
Россети Ленэнерго (ГК)
Россети Московский регион
Россети Северный Кавказ (ГК)
Россети Северо-Запад
Россети Сибирь (ГК)
Россети Томск
Россети Тюмень
Россети Урал (ГК)
Россети ФСК ЕЭС
Россети Центр
Россети Центр и Приволжье (ГК)
Россети Юг (ГК)
Россети Янтарь
-10 %
0 %
10 %
-12 %
-7 %
-5 %
-2 %
3 %
5 %
8 %
-3.9 %
7.4 %
-1.94 %
-1.71 %
3.65 %
0.19 %
-5.06 %
-2.25 %
-1.28 %
2.77 %
-1.88 %
-9.44 %
-3.15 %
1.98 %
-2.23 %
-2.34 %
-0.05 %
1.02 %
Подписи данных
млн.
%
Выручка
 '

16-05-2025T08:25:25 - [MESSAGE][PASSED] - Text of object 'Object Repository/Выручка в рублях/График Отклонение выручки' is: 'Период
1 кв. 2025 года
Выручка
Все
Выполнение плановых показателей по ПАО Россети за 1 кв. 2025 года
План
Факт
Динамика
2025 год
0 млн.руб.
50 000 млн.руб.
100 000 млн.руб.
150 000 млн.руб.
200 000 млн.руб.
250 000 млн.руб.
300 000 млн.руб.
350 000 млн.руб.
400 000 млн.руб.
450 000 млн.руб.
500 000 млн.руб.
550 000 млн.руб.
469 817
463 075
↓
ДЗО 
Все
Отклонение выручки по ПАО Россети за 1 кв. 2025 года (факт/план, %)
ПАО Россети
-1.43 %
Внутренний оборот - выручка за услуги по передаче электрической энергии, учтенная в выручке за электроэнергию для конечных потребителей, при выполнении ДЗО функций гарантирующего поставщика
⬤Отклонение
АО "РЭС"
АО «Тываэнерго»
АО «Чеченэнерго»
Россети Волга
Россети Кубань
Россети Ленэнерго (ГК)
Россети Московский регион
Россети Северный Кавказ (ГК)
Россети Северо-Запад
Россети Сибирь (ГК)
Россети Томск
Россети Тюмень
Россети Урал (ГК)
Россети ФСК ЕЭС
Россети Центр
Россети Центр и Приволжье (ГК)
Россети Юг (ГК)
Россети Янтарь
-10 %
0 %
10 %
-12 %
-7 %
-5 %
-2 %
3 %
5 %
8 %
-3.9 %
7.4 %
-1.94 %
-1.71 %
3.65 %
0.19 %
-5.06 %
-2.25 %
-1.28 %
2.77 %
-1.88 %
-9.44 %
-3.15 %
1.98 %
-2.23 %
-2.34 %
-0.05 %
1.02 %
Подписи данных
млн.
%
Выручка
 '

16-05-2025T08:25:25 - [TEST_STEP][PASSED] - a4 = a4.substring(a4.lastIndexOf("Отклонение")): null

16-05-2025T08:25:25 - [TEST_STEP][PASSED] - click(findTestObject("Выручка в рублях/Переключить отображение с процентов на млн Выручка в рублях")): Object: 'Object Repository/Выручка в рублях/Переключить отображение с процентов на млн Выручка в рублях' is clicked on

16-05-2025T08:25:25 - [MESSAGE][PASSED] - Object: 'Object Repository/Выручка в рублях/Переключить отображение с процентов на млн Выручка в рублях' is clicked on

16-05-2025T08:25:25 - [TEST_STEP][PASSED] - n = n + 5: null

16-05-2025T08:25:25 - [TEST_STEP][PASSED] - b = n - run + 1: null

16-05-2025T08:25:25 - [TEST_STEP][PASSED] - verifyEqual(findTestData("PlanFact").getValue(2, b), a1): Actual object '469 817' and expected object '469 817' are equal

16-05-2025T08:25:25 - [MESSAGE][PASSED] - Actual object '469 817' and expected object '469 817' are equal

16-05-2025T08:25:25 - [TEST_STEP][PASSED] - verifyEqual(findTestData("PlanFact").getValue(3, b), a2): Actual object '463 075' and expected object '463 075' are equal

16-05-2025T08:25:26 - [MESSAGE][PASSED] - Actual object '463 075' and expected object '463 075' are equal

16-05-2025T08:25:26 - [TEST_STEP][PASSED] - verifyEqual(findTestData("PlanFact").getValue(4, b), a3): Actual object 'Отклонение выручки по ПАО Россети за 1 кв. 2025 года (факт/план, млн. руб)
ПАО Россети
-6 742.2 млн.руб.
 ' and expected object 'Отклонение выручки по ПАО Россети за 1 кв. 2025 года (факт/план, млн. руб)
ПАО Россети
-6 742.2 млн.руб.
 ' are equal

16-05-2025T08:25:26 - [MESSAGE][PASSED] - Actual object 'Отклонение выручки по ПАО Россети за 1 кв. 2025 года (факт/план, млн. руб)
ПАО Россети
-6 742.2 млн.руб.
 ' and expected object 'Отклонение выручки по ПАО Россети за 1 кв. 2025 года (факт/план, млн. руб)
ПАО Россети
-6 742.2 млн.руб.
 ' are equal

16-05-2025T08:25:26 - [TEST_STEP][PASSED] - verifyEqual(findTestData("PlanFact").getValue(5, b), a4): Actual object 'Отклонение
АО "РЭС"
АО «Тываэнерго»
АО «Чеченэнерго»
Россети Волга
Россети Кубань
Россети Ленэнерго (ГК)
Россети Московский регион
Россети Северный Кавказ (ГК)
Россети Северо-Запад
Россети Сибирь (ГК)
Россети Томск
Россети Тюмень
Россети Урал (ГК)
Россети ФСК ЕЭС
Россети Центр
Россети Центр и Приволжье (ГК)
Россети Юг (ГК)
Россети Янтарь
-10 %
0 %
10 %
-12 %
-7 %
-5 %
-2 %
3 %
5 %
8 %
-3.9 %
7.4 %
-1.94 %
-1.71 %
3.65 %
0.19 %
-5.06 %
-2.25 %
-1.28 %
2.77 %
-1.88 %
-9.44 %
-3.15 %
1.98 %
-2.23 %
-2.34 %
-0.05 %
1.02 %
Подписи данных
млн.
%
Выручка
 ' and expected object 'Отклонение
АО "РЭС"
АО «Тываэнерго»
АО «Чеченэнерго»
Россети Волга
Россети Кубань
Россети Ленэнерго (ГК)
Россети Московский регион
Россети Северный Кавказ (ГК)
Россети Северо-Запад
Россети Сибирь (ГК)
Россети Томск
Россети Тюмень
Россети Урал (ГК)
Россети ФСК ЕЭС
Россети Центр
Россети Центр и Приволжье (ГК)
Россети Юг (ГК)
Россети Янтарь
-10 %
0 %
10 %
-12 %
-7 %
-5 %
-2 %
3 %
5 %
8 %
-3.9 %
7.4 %
-1.94 %
-1.71 %
3.65 %
0.19 %
-5.06 %
-2.25 %
-1.28 %
2.77 %
-1.88 %
-9.44 %
-3.15 %
1.98 %
-2.23 %
-2.34 %
-0.05 %
1.02 %
Подписи данных
млн.
%
Выручка
 ' are equal

16-05-2025T08:25:26 - [MESSAGE][PASSED] - Actual object 'Отклонение
АО "РЭС"
АО «Тываэнерго»
АО «Чеченэнерго»
Россети Волга
Россети Кубань
Россети Ленэнерго (ГК)
Россети Московский регион
Россети Северный Кавказ (ГК)
Россети Северо-Запад
Россети Сибирь (ГК)
Россети Томск
Россети Тюмень
Россети Урал (ГК)
Россети ФСК ЕЭС
Россети Центр
Россети Центр и Приволжье (ГК)
Россети Юг (ГК)
Россети Янтарь
-10 %
0 %
10 %
-12 %
-7 %
-5 %
-2 %
3 %
5 %
8 %
-3.9 %
7.4 %
-1.94 %
-1.71 %
3.65 %
0.19 %
-5.06 %
-2.25 %
-1.28 %
2.77 %
-1.88 %
-9.44 %
-3.15 %
1.98 %
-2.23 %
-2.34 %
-0.05 %
1.02 %
Подписи данных
млн.
%
Выручка
 ' and expected object 'Отклонение
АО "РЭС"
АО «Тываэнерго»
АО «Чеченэнерго»
Россети Волга
Россети Кубань
Россети Ленэнерго (ГК)
Россети Московский регион
Россети Северный Кавказ (ГК)
Россети Северо-Запад
Россети Сибирь (ГК)
Россети Томск
Россети Тюмень
Россети Урал (ГК)
Россети ФСК ЕЭС
Россети Центр
Россети Центр и Приволжье (ГК)
Россети Юг (ГК)
Россети Янтарь
-10 %
0 %
10 %
-12 %
-7 %
-5 %
-2 %
3 %
5 %
8 %
-3.9 %
7.4 %
-1.94 %
-1.71 %
3.65 %
0.19 %
-5.06 %
-2.25 %
-1.28 %
2.77 %
-1.88 %
-9.44 %
-3.15 %
1.98 %
-2.23 %
-2.34 %
-0.05 %
1.02 %
Подписи данных
млн.
%
Выручка
 ' are equal

16-05-2025T08:25:26 - [TEST_STEP][PASSED] - Script1686231490255.WriteToExcel(user, dashboardName, n, data, run, a1, a2, a3, a4, a5, a6, a7, a8, a9): null

16-05-2025T08:25:26 - [TEST_STEP][PASSED] - sheetName = "Sheet1": null

16-05-2025T08:25:26 - [TEST_STEP][PASSED] - workbook01 = getWorkbook(excelFilePath): null

16-05-2025T08:25:26 - [TEST_STEP][PASSED] - sheet01 = getExcelSheet(workbook01, sheetName): null

16-05-2025T08:25:26 - [TEST_STEP][PASSED] - setValueToCellByIndex(sheet01, n, 0, dashboardName): null

16-05-2025T08:25:26 - [TEST_STEP][PASSED] - setValueToCellByIndex(sheet01, n, 10, user): null

16-05-2025T08:25:26 - [TEST_STEP][PASSED] - setValueToCellByIndex(sheet01, n, 1, a1): null

16-05-2025T08:25:26 - [TEST_STEP][PASSED] - setValueToCellByIndex(sheet01, n, 2, a2): null

16-05-2025T08:25:26 - [TEST_STEP][PASSED] - setValueToCellByIndex(sheet01, n, 3, a3): null

16-05-2025T08:25:26 - [TEST_STEP][PASSED] - setValueToCellByIndex(sheet01, n, 4, a4): null

16-05-2025T08:25:26 - [TEST_STEP][PASSED] - setValueToCellByIndex(sheet01, n, 5, a5): null

16-05-2025T08:25:26 - [TEST_STEP][PASSED] - setValueToCellByIndex(sheet01, n, 6, a6): null

16-05-2025T08:25:26 - [TEST_STEP][PASSED] - setValueToCellByIndex(sheet01, n, 7, a7): null

16-05-2025T08:25:26 - [TEST_STEP][PASSED] - setValueToCellByIndex(sheet01, n, 8, a8): null

16-05-2025T08:25:26 - [TEST_STEP][PASSED] - setValueToCellByIndex(sheet01, n, 9, a9): null

16-05-2025T08:25:26 - [TEST_STEP][PASSED] - n = n + 1: null

16-05-2025T08:25:26 - [TEST_STEP][PASSED] - saveWorkbook(excelFilePath, workbook01): null

16-05-2025T08:25:26 - [TEST_STEP][PASSED] - closeBrowser(): Browser is closed

16-05-2025T08:25:26 - [MESSAGE][PASSED] - Browser is closed

16-05-2025T08:25:26 - [TEST_STEP][PASSED] - delay(70): Delayed 70 second(s)

16-05-2025T08:26:36 - [MESSAGE][PASSED] - Delayed 70 second(s)

16-05-2025T08:26:36 - [TEST_STEP][PASSED] - for ([run = 1, run < 4, (run++)]): null

16-05-2025T08:26:36 - [TEST_STEP][PASSED] - ObyemPoter(user, dashboardName, n, data, run, a1, a2, a3, a4, a5, a6, a7, a8, a9, urlData): null

16-05-2025T08:26:36 - [TEST_STEP][PASSED] - n = data.getRowNumbers() + 1: null

16-05-2025T08:26:36 - [TEST_STEP][PASSED] - println(n): null

16-05-2025T08:26:36 - [TEST_STEP][PASSED] - dashboardName = "Объём потерь": null

16-05-2025T08:26:36 - [TEST_STEP][PASSED] - openBrowser(""): Browser is opened with url: ''

16-05-2025T08:26:36 - [MESSAGE][INFO] - Starting 'Chrome' driver

16-05-2025T08:26:36 - [MESSAGE][INFO] - Action delay is set to 0 milliseconds

16-05-2025T08:26:37 - [MESSAGE][PASSED] - Browser is opened with url: ''

16-05-2025T08:26:37 - [TEST_STEP][PASSED] - urlData = 14: null

16-05-2025T08:26:37 - [TEST_STEP][PASSED] - Script1686231490255.CheckPageDownload(urlData, run): null

16-05-2025T08:26:37 - [TEST_STEP][PASSED] - i = 1: null

16-05-2025T08:26:37 - [TEST_STEP][PASSED] - ii = 0: null

16-05-2025T08:26:37 - [TEST_STEP][PASSED] - urlText = <not implemented yet for class: org.codehaus.groovy.ast.expr.EmptyExpression>: null

16-05-2025T08:26:37 - [TEST_STEP][PASSED] - searchWord = <not implemented yet for class: org.codehaus.groovy.ast.expr.EmptyExpression>: null

16-05-2025T08:26:37 - [TEST_STEP][PASSED] - deleteAllCookies(): Delete all cookies successfully

16-05-2025T08:26:37 - [MESSAGE][PASSED] - Delete all cookies successfully

16-05-2025T08:26:37 - [TEST_STEP][PASSED] - refresh(): Refresh successfully

16-05-2025T08:26:37 - [MESSAGE][PASSED] - Refresh successfully

16-05-2025T08:26:37 - [TEST_STEP][PASSED] - delay(70): Delayed 70 second(s)

16-05-2025T08:27:47 - [MESSAGE][PASSED] - Delayed 70 second(s)

16-05-2025T08:27:47 - [TEST_STEP][PASSED] - navigateToUrl(findTestData("PlanFact").getValue(10, urlData)): Navigate to 'https://bi.rosseti.digital/viewer?dashboardGuid=d154a8eaf6824e2b9de1bb04dd061c18&sheetGuid=aa9766f159804cfeb6006ba98edf3a23&fit=true' successfully

16-05-2025T08:27:50 - [MESSAGE][PASSED] - Navigate to 'https://bi.rosseti.digital/viewer?dashboardGuid=d154a8eaf6824e2b9de1bb04dd061c18&sheetGuid=aa9766f159804cfeb6006ba98edf3a23&fit=true' successfully

16-05-2025T08:27:50 - [TEST_STEP][PASSED] - pageLoaded1 = verifyElementPresent(findTestObject("Страница авторизации/Text"), 30): Object 'Object Repository/Страница авторизации/Text' is present

16-05-2025T08:27:50 - [MESSAGE][PASSED] - Object 'Object Repository/Страница авторизации/Text' is present

16-05-2025T08:27:50 - [TEST_STEP][PASSED] - if (pageLoaded1 == false): null

16-05-2025T08:27:50 - [TEST_STEP][PASSED] - urlText = getText(findTestObject("Страница авторизации/Text")): Text of object 'Object Repository/Страница авторизации/Text' is: 'Вход'

16-05-2025T08:27:50 - [MESSAGE][PASSED] - Text of object 'Object Repository/Страница авторизации/Text' is: 'Вход'

16-05-2025T08:27:50 - [TEST_STEP][PASSED] - delay(70): Delayed 70 second(s)

16-05-2025T08:29:00 - [MESSAGE][PASSED] - Delayed 70 second(s)

16-05-2025T08:29:00 - [TEST_STEP][PASSED] - searchWord = "Вход": null

16-05-2025T08:29:00 - [TEST_STEP][PASSED] - if (urlText.contains(searchWord) == false): null

16-05-2025T08:29:00 - [TEST_STEP][PASSED] - setText(findTestObject("Страница авторизации/input__username"), findTestData("PlanFact").getValue(8, run)): Text 'liazgina-di' is set on object 'Object Repository/Страница авторизации/input__username'

16-05-2025T08:29:01 - [MESSAGE][PASSED] - Text 'liazgina-di' is set on object 'Object Repository/Страница авторизации/input__username'

16-05-2025T08:29:01 - [TEST_STEP][PASSED] - setText(findTestObject("Страница авторизации/input__password"), findTestData("PlanFact").getValue(9, run)): Text ')$%5srZ8o688Dm#q' is set on object 'Object Repository/Страница авторизации/input__password'

16-05-2025T08:29:02 - [MESSAGE][PASSED] - Text ')$%5srZ8o688Dm#q' is set on object 'Object Repository/Страница авторизации/input__password'

16-05-2025T08:29:02 - [TEST_STEP][PASSED] - click(findTestObject("Страница авторизации/button_")): Object: 'Object Repository/Страница авторизации/button_' is clicked on

16-05-2025T08:29:03 - [MESSAGE][PASSED] - Object: 'Object Repository/Страница авторизации/button_' is clicked on

16-05-2025T08:29:03 - [TEST_STEP][PASSED] - delay(70): Delayed 70 second(s)

16-05-2025T08:30:13 - [MESSAGE][PASSED] - Delayed 70 second(s)

16-05-2025T08:30:13 - [TEST_STEP][PASSED] - searchWord = "а": null

16-05-2025T08:30:13 - [TEST_STEP][PASSED] - pageLoaded2 = verifyElementPresent(findTestObject("Страница авторизации/Text"), 50): Object 'Object Repository/Страница авторизации/Text' is present

16-05-2025T08:30:13 - [MESSAGE][PASSED] - Object 'Object Repository/Страница авторизации/Text' is present

16-05-2025T08:30:13 - [TEST_STEP][PASSED] - if (pageLoaded2 == false): null

16-05-2025T08:30:13 - [TEST_STEP][PASSED] - urlText = getText(findTestObject("Страница авторизации/Text")): Text of object 'Object Repository/Страница авторизации/Text' is: 'ДЗО 
Все
Период
2025 год - 1 квартал, 2024 год - 1 квартал, 2023 год - 1 квартал
тыс. кВт⋅ч
п.п.
Объем потерь
23 263 24123 263 241
23 917 91723 917 917
11 133 33911 133 339
2023 год
2024 год
2025 год
0
5 000
10 000
15 000
20 000
25 000
30 000
Уровень потерь
9.879.87
9.229.22
8.208.20
Факт
2023 год
2024 год
2025 год
0
2
4
6
8
10
12
●● Отклонения, тыс. кВт⋅ч
тыс. кВт⋅ч
Отклонения объема потерь
654 675654 675
-12 784 578-12 784 578
2023/2024
2024/2025
-15 000 000
-12 500 000
-10 000 000
-7 500 000
-5 000 000
-2 500 000
0
2 500 000
●● Отклонения, п.п.
п.п.
Отклонения уровня потерь
-0.65-0.65
-1.02-1.02
2023/2024
2024/2025
-1
0
-1.25
-0.75
-0.5
-0.25
Фактические данные по объему и уровню потерь электроэнергии'

16-05-2025T08:30:14 - [MESSAGE][PASSED] - Text of object 'Object Repository/Страница авторизации/Text' is: 'ДЗО 
Все
Период
2025 год - 1 квартал, 2024 год - 1 квартал, 2023 год - 1 квартал
тыс. кВт⋅ч
п.п.
Объем потерь
23 263 24123 263 241
23 917 91723 917 917
11 133 33911 133 339
2023 год
2024 год
2025 год
0
5 000
10 000
15 000
20 000
25 000
30 000
Уровень потерь
9.879.87
9.229.22
8.208.20
Факт
2023 год
2024 год
2025 год
0
2
4
6
8
10
12
●● Отклонения, тыс. кВт⋅ч
тыс. кВт⋅ч
Отклонения объема потерь
654 675654 675
-12 784 578-12 784 578
2023/2024
2024/2025
-15 000 000
-12 500 000
-10 000 000
-7 500 000
-5 000 000
-2 500 000
0
2 500 000
●● Отклонения, п.п.
п.п.
Отклонения уровня потерь
-0.65-0.65
-1.02-1.02
2023/2024
2024/2025
-1
0
-1.25
-0.75
-0.5
-0.25
Фактические данные по объему и уровню потерь электроэнергии'

16-05-2025T08:30:14 - [TEST_STEP][PASSED] - if (urlText.contains("ошибка") || urlText.contains(searchWord) == false): null

16-05-2025T08:30:14 - [TEST_STEP][PASSED] - a9 = "": null

16-05-2025T08:30:14 - [TEST_STEP][PASSED] - a3 = "": null

16-05-2025T08:30:14 - [TEST_STEP][PASSED] - a6 = "": null

16-05-2025T08:30:14 - [TEST_STEP][PASSED] - if (run == 1): null

16-05-2025T08:30:14 - [TEST_STEP][PASSED] - user = "админ": null

16-05-2025T08:30:14 - [TEST_STEP][PASSED] - a1 = getText(findTestObject("Объем потерь/divObemPoter")): Text of object 'Object Repository/Объем потерь/divObemPoter' is: 'Объем потерь
23 263 24123 263 241
23 917 91723 917 917
11 133 33911 133 339
2023 год
2024 год
2025 год
0
5 000
10 000
15 000
20 000
25 000
30 000'

16-05-2025T08:30:14 - [MESSAGE][PASSED] - Text of object 'Object Repository/Объем потерь/divObemPoter' is: 'Объем потерь
23 263 24123 263 241
23 917 91723 917 917
11 133 33911 133 339
2023 год
2024 год
2025 год
0
5 000
10 000
15 000
20 000
25 000
30 000'

16-05-2025T08:30:14 - [TEST_STEP][PASSED] - a2 = getText(findTestObject("Объем потерь/divUrovenPoter")): Text of object 'Object Repository/Объем потерь/divUrovenPoter' is: 'Уровень потерь
9.879.87
9.229.22
8.208.20
Факт
2023 год
2024 год
2025 год
0
2
4
6
8
10
12'

16-05-2025T08:30:14 - [MESSAGE][PASSED] - Text of object 'Object Repository/Объем потерь/divUrovenPoter' is: 'Уровень потерь
9.879.87
9.229.22
8.208.20
Факт
2023 год
2024 год
2025 год
0
2
4
6
8
10
12'

16-05-2025T08:30:14 - [TEST_STEP][PASSED] - a3 = getText(findTestObject("Объем потерь/divOtkloneniyaObemaPoter")): Text of object 'Object Repository/Объем потерь/divOtkloneniyaObemaPoter' is: '●● Отклонения, тыс. кВт⋅ч
тыс. кВт⋅ч
Отклонения объема потерь
654 675654 675
-12 784 578-12 784 578
2023/2024
2024/2025
-15 000 000
-12 500 000
-10 000 000
-7 500 000
-5 000 000
-2 500 000
0
2 500 000'

16-05-2025T08:30:15 - [MESSAGE][PASSED] - Text of object 'Object Repository/Объем потерь/divOtkloneniyaObemaPoter' is: '●● Отклонения, тыс. кВт⋅ч
тыс. кВт⋅ч
Отклонения объема потерь
654 675654 675
-12 784 578-12 784 578
2023/2024
2024/2025
-15 000 000
-12 500 000
-10 000 000
-7 500 000
-5 000 000
-2 500 000
0
2 500 000'

16-05-2025T08:30:15 - [TEST_STEP][PASSED] - a4 = getText(findTestObject("Объем потерь/divOtkloneniyaUrovnyaPoter")): Text of object 'Object Repository/Объем потерь/divOtkloneniyaUrovnyaPoter' is: '●● Отклонения, п.п.
п.п.
Отклонения уровня потерь
-0.65-0.65
-1.02-1.02
2023/2024
2024/2025
-1
0
-1.25
-0.75
-0.5
-0.25'

16-05-2025T08:30:15 - [MESSAGE][PASSED] - Text of object 'Object Repository/Объем потерь/divOtkloneniyaUrovnyaPoter' is: '●● Отклонения, п.п.
п.п.
Отклонения уровня потерь
-0.65-0.65
-1.02-1.02
2023/2024
2024/2025
-1
0
-1.25
-0.75
-0.5
-0.25'

16-05-2025T08:30:15 - [TEST_STEP][PASSED] - n = n + 6: null

16-05-2025T08:30:15 - [TEST_STEP][PASSED] - Script1686231490255.WriteToExcel(user, dashboardName, n, data, run, a1, a2, a3, a4, a5, a6, a7, a8, a9): null

16-05-2025T08:30:15 - [TEST_STEP][PASSED] - sheetName = "Sheet1": null

16-05-2025T08:30:15 - [TEST_STEP][PASSED] - workbook01 = getWorkbook(excelFilePath): null

16-05-2025T08:30:15 - [TEST_STEP][PASSED] - sheet01 = getExcelSheet(workbook01, sheetName): null

16-05-2025T08:30:15 - [TEST_STEP][PASSED] - setValueToCellByIndex(sheet01, n, 0, dashboardName): null

16-05-2025T08:30:15 - [TEST_STEP][PASSED] - setValueToCellByIndex(sheet01, n, 10, user): null

16-05-2025T08:30:15 - [TEST_STEP][PASSED] - setValueToCellByIndex(sheet01, n, 1, a1): null

16-05-2025T08:30:15 - [TEST_STEP][PASSED] - setValueToCellByIndex(sheet01, n, 2, a2): null

16-05-2025T08:30:15 - [TEST_STEP][PASSED] - setValueToCellByIndex(sheet01, n, 3, a3): null

16-05-2025T08:30:15 - [TEST_STEP][PASSED] - setValueToCellByIndex(sheet01, n, 4, a4): null

16-05-2025T08:30:15 - [TEST_STEP][PASSED] - setValueToCellByIndex(sheet01, n, 5, a5): null

16-05-2025T08:30:15 - [TEST_STEP][PASSED] - setValueToCellByIndex(sheet01, n, 6, a6): null

16-05-2025T08:30:15 - [TEST_STEP][PASSED] - setValueToCellByIndex(sheet01, n, 7, a7): null

16-05-2025T08:30:15 - [TEST_STEP][PASSED] - setValueToCellByIndex(sheet01, n, 8, a8): null

16-05-2025T08:30:15 - [TEST_STEP][PASSED] - setValueToCellByIndex(sheet01, n, 9, a9): null

16-05-2025T08:30:15 - [TEST_STEP][PASSED] - n = n + 1: null

16-05-2025T08:30:15 - [TEST_STEP][PASSED] - saveWorkbook(excelFilePath, workbook01): null

16-05-2025T08:30:15 - [TEST_STEP][PASSED] - if (run == 2): null

16-05-2025T08:30:15 - [TEST_STEP][PASSED] - if (run == 3): null

16-05-2025T08:30:15 - [TEST_STEP][PASSED] - closeBrowser(): null

16-05-2025T08:30:15 - [MESSAGE][PASSED] - Browser is closed

16-05-2025T08:30:15 - [TEST_STEP][PASSED] - ObyemPoter(user, dashboardName, n, data, run, a1, a2, a3, a4, a5, a6, a7, a8, a9, urlData): null

16-05-2025T08:30:15 - [TEST_STEP][PASSED] - n = data.getRowNumbers() + 1: null

16-05-2025T08:30:15 - [TEST_STEP][PASSED] - println(n): null

16-05-2025T08:30:15 - [TEST_STEP][PASSED] - dashboardName = "Объём потерь": null

16-05-2025T08:30:15 - [TEST_STEP][PASSED] - openBrowser(""): Browser is opened with url: ''

16-05-2025T08:30:15 - [MESSAGE][INFO] - Starting 'Chrome' driver

16-05-2025T08:30:15 - [MESSAGE][INFO] - Action delay is set to 0 milliseconds

16-05-2025T08:30:16 - [MESSAGE][PASSED] - Browser is opened with url: ''

16-05-2025T08:30:16 - [TEST_STEP][PASSED] - urlData = 14: null

16-05-2025T08:30:16 - [TEST_STEP][PASSED] - Script1686231490255.CheckPageDownload(urlData, run): null

16-05-2025T08:30:16 - [TEST_STEP][PASSED] - i = 1: null

16-05-2025T08:30:16 - [TEST_STEP][PASSED] - ii = 0: null

16-05-2025T08:30:16 - [TEST_STEP][PASSED] - urlText = <not implemented yet for class: org.codehaus.groovy.ast.expr.EmptyExpression>: null

16-05-2025T08:30:16 - [TEST_STEP][PASSED] - searchWord = <not implemented yet for class: org.codehaus.groovy.ast.expr.EmptyExpression>: null

16-05-2025T08:30:16 - [TEST_STEP][PASSED] - deleteAllCookies(): Delete all cookies successfully

16-05-2025T08:30:16 - [MESSAGE][PASSED] - Delete all cookies successfully

16-05-2025T08:30:16 - [TEST_STEP][PASSED] - refresh(): Refresh successfully

16-05-2025T08:30:16 - [MESSAGE][PASSED] - Refresh successfully

16-05-2025T08:30:16 - [TEST_STEP][PASSED] - delay(70): Delayed 70 second(s)

16-05-2025T08:31:26 - [MESSAGE][PASSED] - Delayed 70 second(s)

16-05-2025T08:31:26 - [TEST_STEP][PASSED] - navigateToUrl(findTestData("PlanFact").getValue(10, urlData)): Navigate to 'https://bi.rosseti.digital/viewer?dashboardGuid=d154a8eaf6824e2b9de1bb04dd061c18&sheetGuid=aa9766f159804cfeb6006ba98edf3a23&fit=true' successfully

16-05-2025T08:31:29 - [MESSAGE][PASSED] - Navigate to 'https://bi.rosseti.digital/viewer?dashboardGuid=d154a8eaf6824e2b9de1bb04dd061c18&sheetGuid=aa9766f159804cfeb6006ba98edf3a23&fit=true' successfully

16-05-2025T08:31:29 - [TEST_STEP][PASSED] - pageLoaded1 = verifyElementPresent(findTestObject("Страница авторизации/Text"), 30): Object 'Object Repository/Страница авторизации/Text' is present

16-05-2025T08:31:30 - [MESSAGE][PASSED] - Object 'Object Repository/Страница авторизации/Text' is present

16-05-2025T08:31:30 - [TEST_STEP][PASSED] - if (pageLoaded1 == false): null

16-05-2025T08:31:30 - [TEST_STEP][PASSED] - urlText = getText(findTestObject("Страница авторизации/Text")): Text of object 'Object Repository/Страница авторизации/Text' is: 'Вход'

16-05-2025T08:31:30 - [MESSAGE][PASSED] - Text of object 'Object Repository/Страница авторизации/Text' is: 'Вход'

16-05-2025T08:31:30 - [TEST_STEP][PASSED] - delay(70): Delayed 70 second(s)

16-05-2025T08:32:40 - [MESSAGE][PASSED] - Delayed 70 second(s)

16-05-2025T08:32:40 - [TEST_STEP][PASSED] - searchWord = "Вход": null

16-05-2025T08:32:40 - [TEST_STEP][PASSED] - if (urlText.contains(searchWord) == false): null

16-05-2025T08:32:40 - [TEST_STEP][PASSED] - setText(findTestObject("Страница авторизации/input__username"), findTestData("PlanFact").getValue(8, run)): Text 'Andreeva-EV' is set on object 'Object Repository/Страница авторизации/input__username'

16-05-2025T08:32:40 - [MESSAGE][PASSED] - Text 'Andreeva-EV' is set on object 'Object Repository/Страница авторизации/input__username'

16-05-2025T08:32:40 - [TEST_STEP][PASSED] - setText(findTestObject("Страница авторизации/input__password"), findTestData("PlanFact").getValue(9, run)): Text '2nPePKDwCPH3ul7xMZ' is set on object 'Object Repository/Страница авторизации/input__password'

16-05-2025T08:32:41 - [MESSAGE][PASSED] - Text '2nPePKDwCPH3ul7xMZ' is set on object 'Object Repository/Страница авторизации/input__password'

16-05-2025T08:32:41 - [TEST_STEP][PASSED] - click(findTestObject("Страница авторизации/button_")): Object: 'Object Repository/Страница авторизации/button_' is clicked on

16-05-2025T08:32:42 - [MESSAGE][PASSED] - Object: 'Object Repository/Страница авторизации/button_' is clicked on

16-05-2025T08:32:42 - [TEST_STEP][PASSED] - delay(70): Delayed 70 second(s)

16-05-2025T08:33:52 - [MESSAGE][PASSED] - Delayed 70 second(s)

16-05-2025T08:33:52 - [TEST_STEP][PASSED] - searchWord = "а": null

16-05-2025T08:33:52 - [TEST_STEP][PASSED] - pageLoaded2 = verifyElementPresent(findTestObject("Страница авторизации/Text"), 50): Object 'Object Repository/Страница авторизации/Text' is present

16-05-2025T08:33:53 - [MESSAGE][PASSED] - Object 'Object Repository/Страница авторизации/Text' is present

16-05-2025T08:33:53 - [TEST_STEP][PASSED] - if (pageLoaded2 == false): null

16-05-2025T08:33:53 - [TEST_STEP][PASSED] - urlText = getText(findTestObject("Страница авторизации/Text")): Text of object 'Object Repository/Страница авторизации/Text' is: 'ДЗО 
Все
Период
2025 год - 1 квартал, 2024 год - 1 квартал, 2023 год - 1 квартал
тыс. кВт⋅ч
п.п.
Объем потерь
23 263 24123 263 241
23 917 91723 917 917
11 133 33911 133 339
2023 год
2024 год
2025 год
0
5 000
10 000
15 000
20 000
25 000
30 000
Уровень потерь
9.879.87
9.229.22
8.208.20
Факт
2023 год
2024 год
2025 год
0
2
4
6
8
10
12
●● Отклонения, тыс. кВт⋅ч
тыс. кВт⋅ч
Отклонения объема потерь
654 675654 675
-12 784 578-12 784 578
2023/2024
2024/2025
-15 000 000
-12 500 000
-10 000 000
-7 500 000
-5 000 000
-2 500 000
0
2 500 000
●● Отклонения, п.п.
п.п.
Отклонения уровня потерь
-0.65-0.65
-1.02-1.02
2023/2024
2024/2025
-1
0
-1.25
-0.75
-0.5
-0.25
Фактические данные по объему и уровню потерь электроэнергии'

16-05-2025T08:33:53 - [MESSAGE][PASSED] - Text of object 'Object Repository/Страница авторизации/Text' is: 'ДЗО 
Все
Период
2025 год - 1 квартал, 2024 год - 1 квартал, 2023 год - 1 квартал
тыс. кВт⋅ч
п.п.
Объем потерь
23 263 24123 263 241
23 917 91723 917 917
11 133 33911 133 339
2023 год
2024 год
2025 год
0
5 000
10 000
15 000
20 000
25 000
30 000
Уровень потерь
9.879.87
9.229.22
8.208.20
Факт
2023 год
2024 год
2025 год
0
2
4
6
8
10
12
●● Отклонения, тыс. кВт⋅ч
тыс. кВт⋅ч
Отклонения объема потерь
654 675654 675
-12 784 578-12 784 578
2023/2024
2024/2025
-15 000 000
-12 500 000
-10 000 000
-7 500 000
-5 000 000
-2 500 000
0
2 500 000
●● Отклонения, п.п.
п.п.
Отклонения уровня потерь
-0.65-0.65
-1.02-1.02
2023/2024
2024/2025
-1
0
-1.25
-0.75
-0.5
-0.25
Фактические данные по объему и уровню потерь электроэнергии'

16-05-2025T08:33:53 - [TEST_STEP][PASSED] - if (urlText.contains("ошибка") || urlText.contains(searchWord) == false): null

16-05-2025T08:33:53 - [TEST_STEP][PASSED] - a9 = "": null

16-05-2025T08:33:53 - [TEST_STEP][PASSED] - a3 = "": null

16-05-2025T08:33:53 - [TEST_STEP][PASSED] - a6 = "": null

16-05-2025T08:33:53 - [TEST_STEP][PASSED] - if (run == 1): null

16-05-2025T08:33:53 - [TEST_STEP][PASSED] - if (run == 2): null

16-05-2025T08:33:53 - [TEST_STEP][PASSED] - user = "Андреева": null

16-05-2025T08:33:53 - [TEST_STEP][PASSED] - a1 = getText(findTestObject("Объем потерь/divObemPoter")): Text of object 'Object Repository/Объем потерь/divObemPoter' is: 'Объем потерь
23 263 24123 263 241
23 917 91723 917 917
11 133 33911 133 339
2023 год
2024 год
2025 год
0
5 000
10 000
15 000
20 000
25 000
30 000'

16-05-2025T08:33:53 - [MESSAGE][PASSED] - Text of object 'Object Repository/Объем потерь/divObemPoter' is: 'Объем потерь
23 263 24123 263 241
23 917 91723 917 917
11 133 33911 133 339
2023 год
2024 год
2025 год
0
5 000
10 000
15 000
20 000
25 000
30 000'

16-05-2025T08:33:53 - [TEST_STEP][PASSED] - a2 = getText(findTestObject("Объем потерь/divUrovenPoter")): Text of object 'Object Repository/Объем потерь/divUrovenPoter' is: 'Уровень потерь
9.879.87
9.229.22
8.208.20
Факт
2023 год
2024 год
2025 год
0
2
4
6
8
10
12'

16-05-2025T08:33:54 - [MESSAGE][PASSED] - Text of object 'Object Repository/Объем потерь/divUrovenPoter' is: 'Уровень потерь
9.879.87
9.229.22
8.208.20
Факт
2023 год
2024 год
2025 год
0
2
4
6
8
10
12'

16-05-2025T08:33:54 - [TEST_STEP][PASSED] - a3 = getText(findTestObject("Объем потерь/divOtkloneniyaObemaPoter")): Text of object 'Object Repository/Объем потерь/divOtkloneniyaObemaPoter' is: '●● Отклонения, тыс. кВт⋅ч
тыс. кВт⋅ч
Отклонения объема потерь
654 675654 675
-12 784 578-12 784 578
2023/2024
2024/2025
-15 000 000
-12 500 000
-10 000 000
-7 500 000
-5 000 000
-2 500 000
0
2 500 000'

16-05-2025T08:33:54 - [MESSAGE][PASSED] - Text of object 'Object Repository/Объем потерь/divOtkloneniyaObemaPoter' is: '●● Отклонения, тыс. кВт⋅ч
тыс. кВт⋅ч
Отклонения объема потерь
654 675654 675
-12 784 578-12 784 578
2023/2024
2024/2025
-15 000 000
-12 500 000
-10 000 000
-7 500 000
-5 000 000
-2 500 000
0
2 500 000'

16-05-2025T08:33:54 - [TEST_STEP][PASSED] - a4 = getText(findTestObject("Объем потерь/divOtkloneniyaUrovnyaPoter")): Text of object 'Object Repository/Объем потерь/divOtkloneniyaUrovnyaPoter' is: '●● Отклонения, п.п.
п.п.
Отклонения уровня потерь
-0.65-0.65
-1.02-1.02
2023/2024
2024/2025
-1
0
-1.25
-0.75
-0.5
-0.25'

16-05-2025T08:33:54 - [MESSAGE][PASSED] - Text of object 'Object Repository/Объем потерь/divOtkloneniyaUrovnyaPoter' is: '●● Отклонения, п.п.
п.п.
Отклонения уровня потерь
-0.65-0.65
-1.02-1.02
2023/2024
2024/2025
-1
0
-1.25
-0.75
-0.5
-0.25'

16-05-2025T08:33:54 - [TEST_STEP][PASSED] - n = n + 7: null

16-05-2025T08:33:54 - [TEST_STEP][PASSED] - b = n - run + 1: null

16-05-2025T08:33:54 - [TEST_STEP][PASSED] - verifyEqual(findTestData("PlanFact").getValue(2, b), a1): Actual object 'Объем потерь
23 263 24123 263 241
23 917 91723 917 917
11 133 33911 133 339
2023 год
2024 год
2025 год
0
5 000
10 000
15 000
20 000
25 000
30 000' and expected object 'Объем потерь
23 263 24123 263 241
23 917 91723 917 917
11 133 33911 133 339
2023 год
2024 год
2025 год
0
5 000
10 000
15 000
20 000
25 000
30 000' are equal

16-05-2025T08:33:54 - [MESSAGE][PASSED] - Actual object 'Объем потерь
23 263 24123 263 241
23 917 91723 917 917
11 133 33911 133 339
2023 год
2024 год
2025 год
0
5 000
10 000
15 000
20 000
25 000
30 000' and expected object 'Объем потерь
23 263 24123 263 241
23 917 91723 917 917
11 133 33911 133 339
2023 год
2024 год
2025 год
0
5 000
10 000
15 000
20 000
25 000
30 000' are equal

16-05-2025T08:33:54 - [TEST_STEP][PASSED] - verifyEqual(findTestData("PlanFact").getValue(3, b), a2): Actual object 'Уровень потерь
9.879.87
9.229.22
8.208.20
Факт
2023 год
2024 год
2025 год
0
2
4
6
8
10
12' and expected object 'Уровень потерь
9.879.87
9.229.22
8.208.20
Факт
2023 год
2024 год
2025 год
0
2
4
6
8
10
12' are equal

16-05-2025T08:33:54 - [MESSAGE][PASSED] - Actual object 'Уровень потерь
9.879.87
9.229.22
8.208.20
Факт
2023 год
2024 год
2025 год
0
2
4
6
8
10
12' and expected object 'Уровень потерь
9.879.87
9.229.22
8.208.20
Факт
2023 год
2024 год
2025 год
0
2
4
6
8
10
12' are equal

16-05-2025T08:33:54 - [TEST_STEP][PASSED] - verifyEqual(findTestData("PlanFact").getValue(4, b), a3): Actual object '●● Отклонения, тыс. кВт⋅ч
тыс. кВт⋅ч
Отклонения объема потерь
654 675654 675
-12 784 578-12 784 578
2023/2024
2024/2025
-15 000 000
-12 500 000
-10 000 000
-7 500 000
-5 000 000
-2 500 000
0
2 500 000' and expected object '●● Отклонения, тыс. кВт⋅ч
тыс. кВт⋅ч
Отклонения объема потерь
654 675654 675
-12 784 578-12 784 578
2023/2024
2024/2025
-15 000 000
-12 500 000
-10 000 000
-7 500 000
-5 000 000
-2 500 000
0
2 500 000' are equal

16-05-2025T08:33:54 - [MESSAGE][PASSED] - Actual object '●● Отклонения, тыс. кВт⋅ч
тыс. кВт⋅ч
Отклонения объема потерь
654 675654 675
-12 784 578-12 784 578
2023/2024
2024/2025
-15 000 000
-12 500 000
-10 000 000
-7 500 000
-5 000 000
-2 500 000
0
2 500 000' and expected object '●● Отклонения, тыс. кВт⋅ч
тыс. кВт⋅ч
Отклонения объема потерь
654 675654 675
-12 784 578-12 784 578
2023/2024
2024/2025
-15 000 000
-12 500 000
-10 000 000
-7 500 000
-5 000 000
-2 500 000
0
2 500 000' are equal

16-05-2025T08:33:54 - [TEST_STEP][PASSED] - verifyEqual(findTestData("PlanFact").getValue(5, b), a4): Actual object '●● Отклонения, п.п.
п.п.
Отклонения уровня потерь
-0.65-0.65
-1.02-1.02
2023/2024
2024/2025
-1
0
-1.25
-0.75
-0.5
-0.25' and expected object '●● Отклонения, п.п.
п.п.
Отклонения уровня потерь
-0.65-0.65
-1.02-1.02
2023/2024
2024/2025
-1
0
-1.25
-0.75
-0.5
-0.25' are equal

16-05-2025T08:33:55 - [MESSAGE][PASSED] - Actual object '●● Отклонения, п.п.
п.п.
Отклонения уровня потерь
-0.65-0.65
-1.02-1.02
2023/2024
2024/2025
-1
0
-1.25
-0.75
-0.5
-0.25' and expected object '●● Отклонения, п.п.
п.п.
Отклонения уровня потерь
-0.65-0.65
-1.02-1.02
2023/2024
2024/2025
-1
0
-1.25
-0.75
-0.5
-0.25' are equal

16-05-2025T08:33:55 - [TEST_STEP][PASSED] - Script1686231490255.WriteToExcel(user, dashboardName, n, data, run, a1, a2, a3, a4, a5, a6, a7, a8, a9): null

16-05-2025T08:33:55 - [TEST_STEP][PASSED] - sheetName = "Sheet1": null

16-05-2025T08:33:55 - [TEST_STEP][PASSED] - workbook01 = getWorkbook(excelFilePath): null

16-05-2025T08:33:55 - [TEST_STEP][PASSED] - sheet01 = getExcelSheet(workbook01, sheetName): null

16-05-2025T08:33:55 - [TEST_STEP][PASSED] - setValueToCellByIndex(sheet01, n, 0, dashboardName): null

16-05-2025T08:33:55 - [TEST_STEP][PASSED] - setValueToCellByIndex(sheet01, n, 10, user): null

16-05-2025T08:33:55 - [TEST_STEP][PASSED] - setValueToCellByIndex(sheet01, n, 1, a1): null

16-05-2025T08:33:55 - [TEST_STEP][PASSED] - setValueToCellByIndex(sheet01, n, 2, a2): null

16-05-2025T08:33:55 - [TEST_STEP][PASSED] - setValueToCellByIndex(sheet01, n, 3, a3): null

16-05-2025T08:33:55 - [TEST_STEP][PASSED] - setValueToCellByIndex(sheet01, n, 4, a4): null

16-05-2025T08:33:55 - [TEST_STEP][PASSED] - setValueToCellByIndex(sheet01, n, 5, a5): null

16-05-2025T08:33:55 - [TEST_STEP][PASSED] - setValueToCellByIndex(sheet01, n, 6, a6): null

16-05-2025T08:33:55 - [TEST_STEP][PASSED] - setValueToCellByIndex(sheet01, n, 7, a7): null

16-05-2025T08:33:55 - [TEST_STEP][PASSED] - setValueToCellByIndex(sheet01, n, 8, a8): null

16-05-2025T08:33:55 - [TEST_STEP][PASSED] - setValueToCellByIndex(sheet01, n, 9, a9): null

16-05-2025T08:33:55 - [TEST_STEP][PASSED] - n = n + 1: null

16-05-2025T08:33:55 - [TEST_STEP][PASSED] - saveWorkbook(excelFilePath, workbook01): null

16-05-2025T08:33:55 - [TEST_STEP][PASSED] - if (run == 3): null

16-05-2025T08:33:55 - [TEST_STEP][PASSED] - closeBrowser(): null

16-05-2025T08:33:55 - [MESSAGE][PASSED] - Browser is closed

16-05-2025T08:33:55 - [TEST_STEP][PASSED] - ObyemPoter(user, dashboardName, n, data, run, a1, a2, a3, a4, a5, a6, a7, a8, a9, urlData): null

16-05-2025T08:33:55 - [TEST_STEP][PASSED] - n = data.getRowNumbers() + 1: null

16-05-2025T08:33:55 - [TEST_STEP][PASSED] - println(n): null

16-05-2025T08:33:55 - [TEST_STEP][PASSED] - dashboardName = "Объём потерь": null

16-05-2025T08:33:55 - [TEST_STEP][PASSED] - openBrowser(""): Browser is opened with url: ''

16-05-2025T08:33:55 - [MESSAGE][INFO] - Starting 'Chrome' driver

16-05-2025T08:33:55 - [MESSAGE][INFO] - Action delay is set to 0 milliseconds

16-05-2025T08:33:56 - [MESSAGE][PASSED] - Browser is opened with url: ''

16-05-2025T08:33:56 - [TEST_STEP][PASSED] - urlData = 14: null

16-05-2025T08:33:56 - [TEST_STEP][PASSED] - Script1686231490255.CheckPageDownload(urlData, run): null

16-05-2025T08:33:56 - [TEST_STEP][PASSED] - i = 1: null

16-05-2025T08:33:56 - [TEST_STEP][PASSED] - ii = 0: null

16-05-2025T08:33:56 - [TEST_STEP][PASSED] - urlText = <not implemented yet for class: org.codehaus.groovy.ast.expr.EmptyExpression>: null

16-05-2025T08:33:56 - [TEST_STEP][PASSED] - searchWord = <not implemented yet for class: org.codehaus.groovy.ast.expr.EmptyExpression>: null

16-05-2025T08:33:56 - [TEST_STEP][PASSED] - deleteAllCookies(): Delete all cookies successfully

16-05-2025T08:33:56 - [MESSAGE][PASSED] - Delete all cookies successfully

16-05-2025T08:33:56 - [TEST_STEP][PASSED] - refresh(): Refresh successfully

16-05-2025T08:33:56 - [MESSAGE][PASSED] - Refresh successfully

16-05-2025T08:33:56 - [TEST_STEP][PASSED] - delay(70): Delayed 70 second(s)

16-05-2025T08:35:06 - [MESSAGE][PASSED] - Delayed 70 second(s)

16-05-2025T08:35:06 - [TEST_STEP][PASSED] - navigateToUrl(findTestData("PlanFact").getValue(10, urlData)): Navigate to 'https://bi.rosseti.digital/viewer?dashboardGuid=d154a8eaf6824e2b9de1bb04dd061c18&sheetGuid=aa9766f159804cfeb6006ba98edf3a23&fit=true' successfully

16-05-2025T08:35:08 - [MESSAGE][PASSED] - Navigate to 'https://bi.rosseti.digital/viewer?dashboardGuid=d154a8eaf6824e2b9de1bb04dd061c18&sheetGuid=aa9766f159804cfeb6006ba98edf3a23&fit=true' successfully

16-05-2025T08:35:08 - [TEST_STEP][PASSED] - pageLoaded1 = verifyElementPresent(findTestObject("Страница авторизации/Text"), 30): Object 'Object Repository/Страница авторизации/Text' is present

16-05-2025T08:35:09 - [MESSAGE][PASSED] - Object 'Object Repository/Страница авторизации/Text' is present

16-05-2025T08:35:09 - [TEST_STEP][PASSED] - if (pageLoaded1 == false): null

16-05-2025T08:35:09 - [TEST_STEP][PASSED] - urlText = getText(findTestObject("Страница авторизации/Text")): Text of object 'Object Repository/Страница авторизации/Text' is: 'Вход'

16-05-2025T08:35:09 - [MESSAGE][PASSED] - Text of object 'Object Repository/Страница авторизации/Text' is: 'Вход'

16-05-2025T08:35:09 - [TEST_STEP][PASSED] - delay(70): Delayed 70 second(s)

16-05-2025T08:36:19 - [MESSAGE][PASSED] - Delayed 70 second(s)

16-05-2025T08:36:19 - [TEST_STEP][PASSED] - searchWord = "Вход": null

16-05-2025T08:36:19 - [TEST_STEP][PASSED] - if (urlText.contains(searchWord) == false): null

16-05-2025T08:36:19 - [TEST_STEP][PASSED] - setText(findTestObject("Страница авторизации/input__username"), findTestData("PlanFact").getValue(8, run)): Text 'Petrova-OV' is set on object 'Object Repository/Страница авторизации/input__username'

16-05-2025T08:36:20 - [MESSAGE][PASSED] - Text 'Petrova-OV' is set on object 'Object Repository/Страница авторизации/input__username'

16-05-2025T08:36:20 - [TEST_STEP][PASSED] - setText(findTestObject("Страница авторизации/input__password"), findTestData("PlanFact").getValue(9, run)): Text '4Ex@~R53r&3x&BVe7' is set on object 'Object Repository/Страница авторизации/input__password'

16-05-2025T08:36:21 - [MESSAGE][PASSED] - Text '4Ex@~R53r&3x&BVe7' is set on object 'Object Repository/Страница авторизации/input__password'

16-05-2025T08:36:21 - [TEST_STEP][PASSED] - click(findTestObject("Страница авторизации/button_")): Object: 'Object Repository/Страница авторизации/button_' is clicked on

16-05-2025T08:36:22 - [MESSAGE][PASSED] - Object: 'Object Repository/Страница авторизации/button_' is clicked on

16-05-2025T08:36:22 - [TEST_STEP][PASSED] - delay(70): Delayed 70 second(s)

16-05-2025T08:37:32 - [MESSAGE][PASSED] - Delayed 70 second(s)

16-05-2025T08:37:32 - [TEST_STEP][PASSED] - searchWord = "а": null

16-05-2025T08:37:32 - [TEST_STEP][PASSED] - pageLoaded2 = verifyElementPresent(findTestObject("Страница авторизации/Text"), 50): Object 'Object Repository/Страница авторизации/Text' is present

16-05-2025T08:37:32 - [MESSAGE][PASSED] - Object 'Object Repository/Страница авторизации/Text' is present

16-05-2025T08:37:32 - [TEST_STEP][PASSED] - if (pageLoaded2 == false): null

16-05-2025T08:37:32 - [TEST_STEP][PASSED] - urlText = getText(findTestObject("Страница авторизации/Text")): Text of object 'Object Repository/Страница авторизации/Text' is: 'ДЗО 
Все
Период
2025 год - 1 квартал, 2024 год - 1 квартал, 2023 год - 1 квартал
тыс. кВт⋅ч
п.п.
Объем потерь
23 263 24123 263 241
23 917 91723 917 917
11 133 33911 133 339
2023 год
2024 год
2025 год
0
5 000
10 000
15 000
20 000
25 000
30 000
Уровень потерь
9.879.87
9.229.22
8.208.20
Факт
2023 год
2024 год
2025 год
0
2
4
6
8
10
12
●● Отклонения, тыс. кВт⋅ч
тыс. кВт⋅ч
Отклонения объема потерь
654 675654 675
-12 784 578-12 784 578
2023/2024
2024/2025
-15 000 000
-12 500 000
-10 000 000
-7 500 000
-5 000 000
-2 500 000
0
2 500 000
●● Отклонения, п.п.
п.п.
Отклонения уровня потерь
-0.65-0.65
-1.02-1.02
2023/2024
2024/2025
-1
0
-1.25
-0.75
-0.5
-0.25
Фактические данные по объему и уровню потерь электроэнергии'

16-05-2025T08:37:32 - [MESSAGE][PASSED] - Text of object 'Object Repository/Страница авторизации/Text' is: 'ДЗО 
Все
Период
2025 год - 1 квартал, 2024 год - 1 квартал, 2023 год - 1 квартал
тыс. кВт⋅ч
п.п.
Объем потерь
23 263 24123 263 241
23 917 91723 917 917
11 133 33911 133 339
2023 год
2024 год
2025 год
0
5 000
10 000
15 000
20 000
25 000
30 000
Уровень потерь
9.879.87
9.229.22
8.208.20
Факт
2023 год
2024 год
2025 год
0
2
4
6
8
10
12
●● Отклонения, тыс. кВт⋅ч
тыс. кВт⋅ч
Отклонения объема потерь
654 675654 675
-12 784 578-12 784 578
2023/2024
2024/2025
-15 000 000
-12 500 000
-10 000 000
-7 500 000
-5 000 000
-2 500 000
0
2 500 000
●● Отклонения, п.п.
п.п.
Отклонения уровня потерь
-0.65-0.65
-1.02-1.02
2023/2024
2024/2025
-1
0
-1.25
-0.75
-0.5
-0.25
Фактические данные по объему и уровню потерь электроэнергии'

16-05-2025T08:37:32 - [TEST_STEP][PASSED] - if (urlText.contains("ошибка") || urlText.contains(searchWord) == false): null

16-05-2025T08:37:32 - [TEST_STEP][PASSED] - a9 = "": null

16-05-2025T08:37:32 - [TEST_STEP][PASSED] - a3 = "": null

16-05-2025T08:37:32 - [TEST_STEP][PASSED] - a6 = "": null

16-05-2025T08:37:32 - [TEST_STEP][PASSED] - if (run == 1): null

16-05-2025T08:37:32 - [TEST_STEP][PASSED] - if (run == 2): null

16-05-2025T08:37:32 - [TEST_STEP][PASSED] - if (run == 3): null

16-05-2025T08:37:32 - [TEST_STEP][PASSED] - user = "Попова": null

16-05-2025T08:37:32 - [TEST_STEP][PASSED] - a1 = getText(findTestObject("Объем потерь/divObemPoter")): Text of object 'Object Repository/Объем потерь/divObemPoter' is: 'Объем потерь
23 263 24123 263 241
23 917 91723 917 917
11 133 33911 133 339
2023 год
2024 год
2025 год
0
5 000
10 000
15 000
20 000
25 000
30 000'

16-05-2025T08:37:33 - [MESSAGE][PASSED] - Text of object 'Object Repository/Объем потерь/divObemPoter' is: 'Объем потерь
23 263 24123 263 241
23 917 91723 917 917
11 133 33911 133 339
2023 год
2024 год
2025 год
0
5 000
10 000
15 000
20 000
25 000
30 000'

16-05-2025T08:37:33 - [TEST_STEP][PASSED] - a2 = getText(findTestObject("Объем потерь/divUrovenPoter")): Text of object 'Object Repository/Объем потерь/divUrovenPoter' is: 'Уровень потерь
9.879.87
9.229.22
8.208.20
Факт
2023 год
2024 год
2025 год
0
2
4
6
8
10
12'

16-05-2025T08:37:33 - [MESSAGE][PASSED] - Text of object 'Object Repository/Объем потерь/divUrovenPoter' is: 'Уровень потерь
9.879.87
9.229.22
8.208.20
Факт
2023 год
2024 год
2025 год
0
2
4
6
8
10
12'

16-05-2025T08:37:33 - [TEST_STEP][PASSED] - a3 = getText(findTestObject("Объем потерь/divOtkloneniyaObemaPoter")): Text of object 'Object Repository/Объем потерь/divOtkloneniyaObemaPoter' is: '●● Отклонения, тыс. кВт⋅ч
тыс. кВт⋅ч
Отклонения объема потерь
654 675654 675
-12 784 578-12 784 578
2023/2024
2024/2025
-15 000 000
-12 500 000
-10 000 000
-7 500 000
-5 000 000
-2 500 000
0
2 500 000'

16-05-2025T08:37:33 - [MESSAGE][PASSED] - Text of object 'Object Repository/Объем потерь/divOtkloneniyaObemaPoter' is: '●● Отклонения, тыс. кВт⋅ч
тыс. кВт⋅ч
Отклонения объема потерь
654 675654 675
-12 784 578-12 784 578
2023/2024
2024/2025
-15 000 000
-12 500 000
-10 000 000
-7 500 000
-5 000 000
-2 500 000
0
2 500 000'

16-05-2025T08:37:33 - [TEST_STEP][PASSED] - a4 = getText(findTestObject("Объем потерь/divOtkloneniyaUrovnyaPoter")): Text of object 'Object Repository/Объем потерь/divOtkloneniyaUrovnyaPoter' is: '●● Отклонения, п.п.
п.п.
Отклонения уровня потерь
-0.65-0.65
-1.02-1.02
2023/2024
2024/2025
-1
0
-1.25
-0.75
-0.5
-0.25'

16-05-2025T08:37:34 - [MESSAGE][PASSED] - Text of object 'Object Repository/Объем потерь/divOtkloneniyaUrovnyaPoter' is: '●● Отклонения, п.п.
п.п.
Отклонения уровня потерь
-0.65-0.65
-1.02-1.02
2023/2024
2024/2025
-1
0
-1.25
-0.75
-0.5
-0.25'

16-05-2025T08:37:34 - [TEST_STEP][PASSED] - n = n + 8: null

16-05-2025T08:37:34 - [TEST_STEP][PASSED] - b = n - run + 1: null

16-05-2025T08:37:34 - [TEST_STEP][PASSED] - verifyEqual(findTestData("PlanFact").getValue(2, b), a1): Actual object 'Объем потерь
23 263 24123 263 241
23 917 91723 917 917
11 133 33911 133 339
2023 год
2024 год
2025 год
0
5 000
10 000
15 000
20 000
25 000
30 000' and expected object 'Объем потерь
23 263 24123 263 241
23 917 91723 917 917
11 133 33911 133 339
2023 год
2024 год
2025 год
0
5 000
10 000
15 000
20 000
25 000
30 000' are equal

16-05-2025T08:37:34 - [MESSAGE][PASSED] - Actual object 'Объем потерь
23 263 24123 263 241
23 917 91723 917 917
11 133 33911 133 339
2023 год
2024 год
2025 год
0
5 000
10 000
15 000
20 000
25 000
30 000' and expected object 'Объем потерь
23 263 24123 263 241
23 917 91723 917 917
11 133 33911 133 339
2023 год
2024 год
2025 год
0
5 000
10 000
15 000
20 000
25 000
30 000' are equal

16-05-2025T08:37:34 - [TEST_STEP][PASSED] - verifyEqual(findTestData("PlanFact").getValue(3, b), a2): Actual object 'Уровень потерь
9.879.87
9.229.22
8.208.20
Факт
2023 год
2024 год
2025 год
0
2
4
6
8
10
12' and expected object 'Уровень потерь
9.879.87
9.229.22
8.208.20
Факт
2023 год
2024 год
2025 год
0
2
4
6
8
10
12' are equal

16-05-2025T08:37:34 - [MESSAGE][PASSED] - Actual object 'Уровень потерь
9.879.87
9.229.22
8.208.20
Факт
2023 год
2024 год
2025 год
0
2
4
6
8
10
12' and expected object 'Уровень потерь
9.879.87
9.229.22
8.208.20
Факт
2023 год
2024 год
2025 год
0
2
4
6
8
10
12' are equal

16-05-2025T08:37:34 - [TEST_STEP][PASSED] - verifyEqual(findTestData("PlanFact").getValue(4, b), a3): Actual object '●● Отклонения, тыс. кВт⋅ч
тыс. кВт⋅ч
Отклонения объема потерь
654 675654 675
-12 784 578-12 784 578
2023/2024
2024/2025
-15 000 000
-12 500 000
-10 000 000
-7 500 000
-5 000 000
-2 500 000
0
2 500 000' and expected object '●● Отклонения, тыс. кВт⋅ч
тыс. кВт⋅ч
Отклонения объема потерь
654 675654 675
-12 784 578-12 784 578
2023/2024
2024/2025
-15 000 000
-12 500 000
-10 000 000
-7 500 000
-5 000 000
-2 500 000
0
2 500 000' are equal

16-05-2025T08:37:34 - [MESSAGE][PASSED] - Actual object '●● Отклонения, тыс. кВт⋅ч
тыс. кВт⋅ч
Отклонения объема потерь
654 675654 675
-12 784 578-12 784 578
2023/2024
2024/2025
-15 000 000
-12 500 000
-10 000 000
-7 500 000
-5 000 000
-2 500 000
0
2 500 000' and expected object '●● Отклонения, тыс. кВт⋅ч
тыс. кВт⋅ч
Отклонения объема потерь
654 675654 675
-12 784 578-12 784 578
2023/2024
2024/2025
-15 000 000
-12 500 000
-10 000 000
-7 500 000
-5 000 000
-2 500 000
0
2 500 000' are equal

16-05-2025T08:37:34 - [TEST_STEP][PASSED] - verifyEqual(findTestData("PlanFact").getValue(5, b), a4): Actual object '●● Отклонения, п.п.
п.п.
Отклонения уровня потерь
-0.65-0.65
-1.02-1.02
2023/2024
2024/2025
-1
0
-1.25
-0.75
-0.5
-0.25' and expected object '●● Отклонения, п.п.
п.п.
Отклонения уровня потерь
-0.65-0.65
-1.02-1.02
2023/2024
2024/2025
-1
0
-1.25
-0.75
-0.5
-0.25' are equal

16-05-2025T08:37:34 - [MESSAGE][PASSED] - Actual object '●● Отклонения, п.п.
п.п.
Отклонения уровня потерь
-0.65-0.65
-1.02-1.02
2023/2024
2024/2025
-1
0
-1.25
-0.75
-0.5
-0.25' and expected object '●● Отклонения, п.п.
п.п.
Отклонения уровня потерь
-0.65-0.65
-1.02-1.02
2023/2024
2024/2025
-1
0
-1.25
-0.75
-0.5
-0.25' are equal

16-05-2025T08:37:34 - [TEST_STEP][PASSED] - Script1686231490255.WriteToExcel(user, dashboardName, n, data, run, a1, a2, a3, a4, a5, a6, a7, a8, a9): null

16-05-2025T08:37:34 - [TEST_STEP][PASSED] - sheetName = "Sheet1": null

16-05-2025T08:37:34 - [TEST_STEP][PASSED] - workbook01 = getWorkbook(excelFilePath): null

16-05-2025T08:37:34 - [TEST_STEP][PASSED] - sheet01 = getExcelSheet(workbook01, sheetName): null

16-05-2025T08:37:34 - [TEST_STEP][PASSED] - setValueToCellByIndex(sheet01, n, 0, dashboardName): null

16-05-2025T08:37:34 - [TEST_STEP][PASSED] - setValueToCellByIndex(sheet01, n, 10, user): null

16-05-2025T08:37:34 - [TEST_STEP][PASSED] - setValueToCellByIndex(sheet01, n, 1, a1): null

16-05-2025T08:37:34 - [TEST_STEP][PASSED] - setValueToCellByIndex(sheet01, n, 2, a2): null

16-05-2025T08:37:34 - [TEST_STEP][PASSED] - setValueToCellByIndex(sheet01, n, 3, a3): null

16-05-2025T08:37:34 - [TEST_STEP][PASSED] - setValueToCellByIndex(sheet01, n, 4, a4): null

16-05-2025T08:37:34 - [TEST_STEP][PASSED] - setValueToCellByIndex(sheet01, n, 5, a5): null

16-05-2025T08:37:34 - [TEST_STEP][PASSED] - setValueToCellByIndex(sheet01, n, 6, a6): null

16-05-2025T08:37:34 - [TEST_STEP][PASSED] - setValueToCellByIndex(sheet01, n, 7, a7): null

16-05-2025T08:37:34 - [TEST_STEP][PASSED] - setValueToCellByIndex(sheet01, n, 8, a8): null

16-05-2025T08:37:34 - [TEST_STEP][PASSED] - setValueToCellByIndex(sheet01, n, 9, a9): null

16-05-2025T08:37:34 - [TEST_STEP][PASSED] - n = n + 1: null

16-05-2025T08:37:34 - [TEST_STEP][PASSED] - saveWorkbook(excelFilePath, workbook01): null

16-05-2025T08:37:34 - [TEST_STEP][PASSED] - closeBrowser(): Browser is closed

16-05-2025T08:37:34 - [MESSAGE][PASSED] - Browser is closed

16-05-2025T08:37:34 - [TEST_STEP][PASSED] - delay(70): Delayed 70 second(s)

16-05-2025T08:38:44 - [MESSAGE][PASSED] - Delayed 70 second(s)

16-05-2025T08:38:45 - [TEST_STEP][PASSED] - for ([run = 1, run < 4, (run++)]): null

16-05-2025T08:38:45 - [TEST_STEP][PASSED] - OtpuskIzSeti(user, dashboardName, n, data, run, a1, a2, a3, a4, a5, a6, a7, a8, a9, urlData): null

16-05-2025T08:38:45 - [TEST_STEP][PASSED] - n = data.getRowNumbers() + 1: null

16-05-2025T08:38:45 - [TEST_STEP][PASSED] - println(n): null

16-05-2025T08:38:45 - [TEST_STEP][PASSED] - dashboardName = "Отпуск из сети": null

16-05-2025T08:38:45 - [TEST_STEP][PASSED] - openBrowser(""): Browser is opened with url: ''

16-05-2025T08:38:45 - [MESSAGE][INFO] - Starting 'Chrome' driver

16-05-2025T08:38:45 - [MESSAGE][INFO] - Action delay is set to 0 milliseconds

16-05-2025T08:38:45 - [MESSAGE][PASSED] - Browser is opened with url: ''

16-05-2025T08:38:45 - [TEST_STEP][PASSED] - urlData = 15: null

16-05-2025T08:38:45 - [TEST_STEP][PASSED] - Script1686231490255.CheckPageDownload(urlData, run): null

16-05-2025T08:38:45 - [TEST_STEP][PASSED] - i = 1: null

16-05-2025T08:38:45 - [TEST_STEP][PASSED] - ii = 0: null

16-05-2025T08:38:45 - [TEST_STEP][PASSED] - urlText = <not implemented yet for class: org.codehaus.groovy.ast.expr.EmptyExpression>: null

16-05-2025T08:38:45 - [TEST_STEP][PASSED] - searchWord = <not implemented yet for class: org.codehaus.groovy.ast.expr.EmptyExpression>: null

16-05-2025T08:38:45 - [TEST_STEP][PASSED] - deleteAllCookies(): Delete all cookies successfully

16-05-2025T08:38:45 - [MESSAGE][PASSED] - Delete all cookies successfully

16-05-2025T08:38:45 - [TEST_STEP][PASSED] - refresh(): Refresh successfully

16-05-2025T08:38:45 - [MESSAGE][PASSED] - Refresh successfully

16-05-2025T08:38:45 - [TEST_STEP][PASSED] - delay(70): Delayed 70 second(s)

16-05-2025T08:39:55 - [MESSAGE][PASSED] - Delayed 70 second(s)

16-05-2025T08:39:55 - [TEST_STEP][PASSED] - navigateToUrl(findTestData("PlanFact").getValue(10, urlData)): Navigate to 'https://bi.rosseti.digital/viewer?dashboardGuid=d154a8eaf6824e2b9de1bb04dd061c18&sheetGuid=f217cc6775674247871931fed0993c14&fit=true' successfully

16-05-2025T08:39:59 - [MESSAGE][PASSED] - Navigate to 'https://bi.rosseti.digital/viewer?dashboardGuid=d154a8eaf6824e2b9de1bb04dd061c18&sheetGuid=f217cc6775674247871931fed0993c14&fit=true' successfully

16-05-2025T08:39:59 - [TEST_STEP][PASSED] - pageLoaded1 = verifyElementPresent(findTestObject("Страница авторизации/Text"), 30): Object 'Object Repository/Страница авторизации/Text' is present

16-05-2025T08:40:00 - [MESSAGE][PASSED] - Object 'Object Repository/Страница авторизации/Text' is present

16-05-2025T08:40:00 - [TEST_STEP][PASSED] - if (pageLoaded1 == false): null

16-05-2025T08:40:00 - [TEST_STEP][PASSED] - urlText = getText(findTestObject("Страница авторизации/Text")): Text of object 'Object Repository/Страница авторизации/Text' is: 'Вход'

16-05-2025T08:40:00 - [MESSAGE][PASSED] - Text of object 'Object Repository/Страница авторизации/Text' is: 'Вход'

16-05-2025T08:40:00 - [TEST_STEP][PASSED] - delay(70): Delayed 70 second(s)

16-05-2025T08:41:10 - [MESSAGE][PASSED] - Delayed 70 second(s)

16-05-2025T08:41:10 - [TEST_STEP][PASSED] - searchWord = "Вход": null

16-05-2025T08:41:10 - [TEST_STEP][PASSED] - if (urlText.contains(searchWord) == false): null

16-05-2025T08:41:10 - [TEST_STEP][PASSED] - setText(findTestObject("Страница авторизации/input__username"), findTestData("PlanFact").getValue(8, run)): Text 'liazgina-di' is set on object 'Object Repository/Страница авторизации/input__username'

16-05-2025T08:41:11 - [MESSAGE][PASSED] - Text 'liazgina-di' is set on object 'Object Repository/Страница авторизации/input__username'

16-05-2025T08:41:11 - [TEST_STEP][PASSED] - setText(findTestObject("Страница авторизации/input__password"), findTestData("PlanFact").getValue(9, run)): Text ')$%5srZ8o688Dm#q' is set on object 'Object Repository/Страница авторизации/input__password'

16-05-2025T08:41:11 - [MESSAGE][PASSED] - Text ')$%5srZ8o688Dm#q' is set on object 'Object Repository/Страница авторизации/input__password'

16-05-2025T08:41:11 - [TEST_STEP][PASSED] - click(findTestObject("Страница авторизации/button_")): Object: 'Object Repository/Страница авторизации/button_' is clicked on

16-05-2025T08:41:13 - [MESSAGE][PASSED] - Object: 'Object Repository/Страница авторизации/button_' is clicked on

16-05-2025T08:41:13 - [TEST_STEP][PASSED] - delay(70): Delayed 70 second(s)

16-05-2025T08:42:23 - [MESSAGE][PASSED] - Delayed 70 second(s)

16-05-2025T08:42:23 - [TEST_STEP][PASSED] - searchWord = "а": null

16-05-2025T08:42:23 - [TEST_STEP][PASSED] - pageLoaded2 = verifyElementPresent(findTestObject("Страница авторизации/Text"), 50): Object 'Object Repository/Страница авторизации/Text' is present

16-05-2025T08:42:23 - [MESSAGE][PASSED] - Object 'Object Repository/Страница авторизации/Text' is present

16-05-2025T08:42:23 - [TEST_STEP][PASSED] - if (pageLoaded2 == false): null

16-05-2025T08:42:23 - [TEST_STEP][PASSED] - urlText = getText(findTestObject("Страница авторизации/Text")): Text of object 'Object Repository/Страница авторизации/Text' is: 'ДЗО 
Все
Период
2025 год - 1 квартал, 2024 год - 1 квартал, 2023 год - 1 квартал
Отпуск из сети
Факт
2023 год
2024 год
0
10 000
20 000
30 000
40 000
50 000
60 000
70 000
80 000
90 000
100 000
110 000
120 000
130 000
140 000
150 000
160 000
149 005 885
530 278
●● Отклонения, тыс. кВт⋅ч
тыс. кВт⋅ч
Отклонения по отпуску из сети
-148 475 607-148 475 607
2023/2024
-175 000 000
-150 000 000
-125 000 000
-100 000 000
-75 000 000
-50 000 000
-25 000 000
0
●● Отклонения, %
%
Отклонения по отпуску из сети
-99.64-99.64
2023/2024
-100
0
-125
-75
-50
-25
тыс. кВт⋅ч
Фактические данные по отпуску из сети'

16-05-2025T08:42:23 - [MESSAGE][PASSED] - Text of object 'Object Repository/Страница авторизации/Text' is: 'ДЗО 
Все
Период
2025 год - 1 квартал, 2024 год - 1 квартал, 2023 год - 1 квартал
Отпуск из сети
Факт
2023 год
2024 год
0
10 000
20 000
30 000
40 000
50 000
60 000
70 000
80 000
90 000
100 000
110 000
120 000
130 000
140 000
150 000
160 000
149 005 885
530 278
●● Отклонения, тыс. кВт⋅ч
тыс. кВт⋅ч
Отклонения по отпуску из сети
-148 475 607-148 475 607
2023/2024
-175 000 000
-150 000 000
-125 000 000
-100 000 000
-75 000 000
-50 000 000
-25 000 000
0
●● Отклонения, %
%
Отклонения по отпуску из сети
-99.64-99.64
2023/2024
-100
0
-125
-75
-50
-25
тыс. кВт⋅ч
Фактические данные по отпуску из сети'

16-05-2025T08:42:23 - [TEST_STEP][PASSED] - if (urlText.contains("ошибка") || urlText.contains(searchWord) == false): null

16-05-2025T08:42:23 - [TEST_STEP][PASSED] - a6 = "": null

16-05-2025T08:42:23 - [TEST_STEP][PASSED] - a7 = "": null

16-05-2025T08:42:23 - [TEST_STEP][PASSED] - a8 = "": null

16-05-2025T08:42:23 - [TEST_STEP][PASSED] - a9 = "": null

16-05-2025T08:42:23 - [TEST_STEP][PASSED] - if (run == 1): null

16-05-2025T08:42:23 - [TEST_STEP][PASSED] - user = "админ": null

16-05-2025T08:42:23 - [TEST_STEP][PASSED] - a1 = getText(findTestObject("Отпуск из сети/span1")): Text of object 'Object Repository/Отпуск из сети/span1' is: ''

16-05-2025T08:42:24 - [MESSAGE][PASSED] - Text of object 'Object Repository/Отпуск из сети/span1' is: ''

16-05-2025T08:42:24 - [TEST_STEP][PASSED] - a2 = getText(findTestObject("Отпуск из сети/span2")): Text of object 'Object Repository/Отпуск из сети/span2' is: '149 005 885'

16-05-2025T08:42:24 - [MESSAGE][PASSED] - Text of object 'Object Repository/Отпуск из сети/span2' is: '149 005 885'

16-05-2025T08:42:24 - [TEST_STEP][PASSED] - a3 = getText(findTestObject("Отпуск из сети/span3")): Text of object 'Object Repository/Отпуск из сети/span3' is: '530 278'

16-05-2025T08:42:24 - [MESSAGE][PASSED] - Text of object 'Object Repository/Отпуск из сети/span3' is: '530 278'

16-05-2025T08:42:24 - [TEST_STEP][PASSED] - a4 = getText(findTestObject("Отпуск из сети/График1")): Text of object 'Object Repository/Отпуск из сети/График1' is: '●● Отклонения, тыс. кВт⋅ч
тыс. кВт⋅ч
Отклонения по отпуску из сети
-148 475 607-148 475 607
2023/2024
-175 000 000
-150 000 000
-125 000 000
-100 000 000
-75 000 000
-50 000 000
-25 000 000
0'

16-05-2025T08:42:25 - [MESSAGE][PASSED] - Text of object 'Object Repository/Отпуск из сети/График1' is: '●● Отклонения, тыс. кВт⋅ч
тыс. кВт⋅ч
Отклонения по отпуску из сети
-148 475 607-148 475 607
2023/2024
-175 000 000
-150 000 000
-125 000 000
-100 000 000
-75 000 000
-50 000 000
-25 000 000
0'

16-05-2025T08:42:25 - [TEST_STEP][PASSED] - a5 = getText(findTestObject("Отпуск из сети/График2")): Text of object 'Object Repository/Отпуск из сети/График2' is: '●● Отклонения, %
%
Отклонения по отпуску из сети
-99.64-99.64
2023/2024
-100
0
-125
-75
-50
-25'

16-05-2025T08:42:25 - [MESSAGE][PASSED] - Text of object 'Object Repository/Отпуск из сети/График2' is: '●● Отклонения, %
%
Отклонения по отпуску из сети
-99.64-99.64
2023/2024
-100
0
-125
-75
-50
-25'

16-05-2025T08:42:25 - [TEST_STEP][PASSED] - n = n + 9: null

16-05-2025T08:42:25 - [TEST_STEP][PASSED] - Script1686231490255.WriteToExcel(user, dashboardName, n, data, run, a1, a2, a3, a4, a5, a6, a7, a8, a9): null

16-05-2025T08:42:25 - [TEST_STEP][PASSED] - sheetName = "Sheet1": null

16-05-2025T08:42:25 - [TEST_STEP][PASSED] - workbook01 = getWorkbook(excelFilePath): null

16-05-2025T08:42:25 - [TEST_STEP][PASSED] - sheet01 = getExcelSheet(workbook01, sheetName): null

16-05-2025T08:42:25 - [TEST_STEP][PASSED] - setValueToCellByIndex(sheet01, n, 0, dashboardName): null

16-05-2025T08:42:25 - [TEST_STEP][PASSED] - setValueToCellByIndex(sheet01, n, 10, user): null

16-05-2025T08:42:25 - [TEST_STEP][PASSED] - setValueToCellByIndex(sheet01, n, 1, a1): null

16-05-2025T08:42:25 - [TEST_STEP][PASSED] - setValueToCellByIndex(sheet01, n, 2, a2): null

16-05-2025T08:42:25 - [TEST_STEP][PASSED] - setValueToCellByIndex(sheet01, n, 3, a3): null

16-05-2025T08:42:25 - [TEST_STEP][PASSED] - setValueToCellByIndex(sheet01, n, 4, a4): null

16-05-2025T08:42:25 - [TEST_STEP][PASSED] - setValueToCellByIndex(sheet01, n, 5, a5): null

16-05-2025T08:42:25 - [TEST_STEP][PASSED] - setValueToCellByIndex(sheet01, n, 6, a6): null

16-05-2025T08:42:25 - [TEST_STEP][PASSED] - setValueToCellByIndex(sheet01, n, 7, a7): null

16-05-2025T08:42:25 - [TEST_STEP][PASSED] - setValueToCellByIndex(sheet01, n, 8, a8): null

16-05-2025T08:42:25 - [TEST_STEP][PASSED] - setValueToCellByIndex(sheet01, n, 9, a9): null

16-05-2025T08:42:25 - [TEST_STEP][PASSED] - n = n + 1: null

16-05-2025T08:42:25 - [TEST_STEP][PASSED] - saveWorkbook(excelFilePath, workbook01): null

16-05-2025T08:42:25 - [TEST_STEP][PASSED] - if (run == 2): null

16-05-2025T08:42:25 - [TEST_STEP][PASSED] - if (run == 3): null

16-05-2025T08:42:25 - [TEST_STEP][PASSED] - closeBrowser(): null

16-05-2025T08:42:25 - [MESSAGE][PASSED] - Browser is closed

16-05-2025T08:42:25 - [TEST_STEP][PASSED] - OtpuskIzSeti(user, dashboardName, n, data, run, a1, a2, a3, a4, a5, a6, a7, a8, a9, urlData): null

16-05-2025T08:42:25 - [TEST_STEP][PASSED] - n = data.getRowNumbers() + 1: null

16-05-2025T08:42:25 - [TEST_STEP][PASSED] - println(n): null

16-05-2025T08:42:25 - [TEST_STEP][PASSED] - dashboardName = "Отпуск из сети": null

16-05-2025T08:42:25 - [TEST_STEP][PASSED] - openBrowser(""): Browser is opened with url: ''

16-05-2025T08:42:25 - [MESSAGE][INFO] - Starting 'Chrome' driver

16-05-2025T08:42:25 - [MESSAGE][INFO] - Action delay is set to 0 milliseconds

16-05-2025T08:42:26 - [MESSAGE][PASSED] - Browser is opened with url: ''

16-05-2025T08:42:26 - [TEST_STEP][PASSED] - urlData = 15: null

16-05-2025T08:42:26 - [TEST_STEP][PASSED] - Script1686231490255.CheckPageDownload(urlData, run): null

16-05-2025T08:42:26 - [TEST_STEP][PASSED] - i = 1: null

16-05-2025T08:42:26 - [TEST_STEP][PASSED] - ii = 0: null

16-05-2025T08:42:26 - [TEST_STEP][PASSED] - urlText = <not implemented yet for class: org.codehaus.groovy.ast.expr.EmptyExpression>: null

16-05-2025T08:42:26 - [TEST_STEP][PASSED] - searchWord = <not implemented yet for class: org.codehaus.groovy.ast.expr.EmptyExpression>: null

16-05-2025T08:42:26 - [TEST_STEP][PASSED] - deleteAllCookies(): Delete all cookies successfully

16-05-2025T08:42:26 - [MESSAGE][PASSED] - Delete all cookies successfully

16-05-2025T08:42:26 - [TEST_STEP][PASSED] - refresh(): Refresh successfully

16-05-2025T08:42:26 - [MESSAGE][PASSED] - Refresh successfully

16-05-2025T08:42:26 - [TEST_STEP][PASSED] - delay(70): Delayed 70 second(s)

16-05-2025T08:43:36 - [MESSAGE][PASSED] - Delayed 70 second(s)

16-05-2025T08:43:36 - [TEST_STEP][PASSED] - navigateToUrl(findTestData("PlanFact").getValue(10, urlData)): Navigate to 'https://bi.rosseti.digital/viewer?dashboardGuid=d154a8eaf6824e2b9de1bb04dd061c18&sheetGuid=f217cc6775674247871931fed0993c14&fit=true' successfully

16-05-2025T08:43:38 - [MESSAGE][PASSED] - Navigate to 'https://bi.rosseti.digital/viewer?dashboardGuid=d154a8eaf6824e2b9de1bb04dd061c18&sheetGuid=f217cc6775674247871931fed0993c14&fit=true' successfully

16-05-2025T08:43:38 - [TEST_STEP][PASSED] - pageLoaded1 = verifyElementPresent(findTestObject("Страница авторизации/Text"), 30): Object 'Object Repository/Страница авторизации/Text' is present

16-05-2025T08:43:39 - [MESSAGE][PASSED] - Object 'Object Repository/Страница авторизации/Text' is present

16-05-2025T08:43:39 - [TEST_STEP][PASSED] - if (pageLoaded1 == false): null

16-05-2025T08:43:39 - [TEST_STEP][PASSED] - urlText = getText(findTestObject("Страница авторизации/Text")): Text of object 'Object Repository/Страница авторизации/Text' is: 'Вход'

16-05-2025T08:43:40 - [MESSAGE][PASSED] - Text of object 'Object Repository/Страница авторизации/Text' is: 'Вход'

16-05-2025T08:43:40 - [TEST_STEP][PASSED] - delay(70): Delayed 70 second(s)

16-05-2025T08:44:50 - [MESSAGE][PASSED] - Delayed 70 second(s)

16-05-2025T08:44:50 - [TEST_STEP][PASSED] - searchWord = "Вход": null

16-05-2025T08:44:50 - [TEST_STEP][PASSED] - if (urlText.contains(searchWord) == false): null

16-05-2025T08:44:50 - [TEST_STEP][PASSED] - setText(findTestObject("Страница авторизации/input__username"), findTestData("PlanFact").getValue(8, run)): Text 'Andreeva-EV' is set on object 'Object Repository/Страница авторизации/input__username'

16-05-2025T08:44:50 - [MESSAGE][PASSED] - Text 'Andreeva-EV' is set on object 'Object Repository/Страница авторизации/input__username'

16-05-2025T08:44:50 - [TEST_STEP][PASSED] - setText(findTestObject("Страница авторизации/input__password"), findTestData("PlanFact").getValue(9, run)): Text '2nPePKDwCPH3ul7xMZ' is set on object 'Object Repository/Страница авторизации/input__password'

16-05-2025T08:44:51 - [MESSAGE][PASSED] - Text '2nPePKDwCPH3ul7xMZ' is set on object 'Object Repository/Страница авторизации/input__password'

16-05-2025T08:44:51 - [TEST_STEP][PASSED] - click(findTestObject("Страница авторизации/button_")): Object: 'Object Repository/Страница авторизации/button_' is clicked on

16-05-2025T08:44:52 - [MESSAGE][PASSED] - Object: 'Object Repository/Страница авторизации/button_' is clicked on

16-05-2025T08:44:52 - [TEST_STEP][PASSED] - delay(70): Delayed 70 second(s)

16-05-2025T08:46:02 - [MESSAGE][PASSED] - Delayed 70 second(s)

16-05-2025T08:46:02 - [TEST_STEP][PASSED] - searchWord = "а": null

16-05-2025T08:46:02 - [TEST_STEP][PASSED] - pageLoaded2 = verifyElementPresent(findTestObject("Страница авторизации/Text"), 50): Object 'Object Repository/Страница авторизации/Text' is present

16-05-2025T08:46:03 - [MESSAGE][PASSED] - Object 'Object Repository/Страница авторизации/Text' is present

16-05-2025T08:46:03 - [TEST_STEP][PASSED] - if (pageLoaded2 == false): null

16-05-2025T08:46:03 - [TEST_STEP][PASSED] - urlText = getText(findTestObject("Страница авторизации/Text")): Text of object 'Object Repository/Страница авторизации/Text' is: 'ДЗО 
Все
Период
2025 год - 1 квартал, 2024 год - 1 квартал, 2023 год - 1 квартал
Отпуск из сети
Факт
2023 год
2024 год
0
10 000
20 000
30 000
40 000
50 000
60 000
70 000
80 000
90 000
100 000
110 000
120 000
130 000
140 000
150 000
160 000
149 005 885
530 278
●● Отклонения, тыс. кВт⋅ч
тыс. кВт⋅ч
Отклонения по отпуску из сети
-148 475 607-148 475 607
2023/2024
-175 000 000
-150 000 000
-125 000 000
-100 000 000
-75 000 000
-50 000 000
-25 000 000
0
●● Отклонения, %
%
Отклонения по отпуску из сети
-99.64-99.64
2023/2024
-100
0
-125
-75
-50
-25
тыс. кВт⋅ч
Фактические данные по отпуску из сети'

16-05-2025T08:46:03 - [MESSAGE][PASSED] - Text of object 'Object Repository/Страница авторизации/Text' is: 'ДЗО 
Все
Период
2025 год - 1 квартал, 2024 год - 1 квартал, 2023 год - 1 квартал
Отпуск из сети
Факт
2023 год
2024 год
0
10 000
20 000
30 000
40 000
50 000
60 000
70 000
80 000
90 000
100 000
110 000
120 000
130 000
140 000
150 000
160 000
149 005 885
530 278
●● Отклонения, тыс. кВт⋅ч
тыс. кВт⋅ч
Отклонения по отпуску из сети
-148 475 607-148 475 607
2023/2024
-175 000 000
-150 000 000
-125 000 000
-100 000 000
-75 000 000
-50 000 000
-25 000 000
0
●● Отклонения, %
%
Отклонения по отпуску из сети
-99.64-99.64
2023/2024
-100
0
-125
-75
-50
-25
тыс. кВт⋅ч
Фактические данные по отпуску из сети'

16-05-2025T08:46:03 - [TEST_STEP][PASSED] - if (urlText.contains("ошибка") || urlText.contains(searchWord) == false): null

16-05-2025T08:46:03 - [TEST_STEP][PASSED] - a6 = "": null

16-05-2025T08:46:03 - [TEST_STEP][PASSED] - a7 = "": null

16-05-2025T08:46:03 - [TEST_STEP][PASSED] - a8 = "": null

16-05-2025T08:46:03 - [TEST_STEP][PASSED] - a9 = "": null

16-05-2025T08:46:03 - [TEST_STEP][PASSED] - if (run == 1): null

16-05-2025T08:46:03 - [TEST_STEP][PASSED] - if (run == 2): null

16-05-2025T08:46:03 - [TEST_STEP][PASSED] - user = "Андреева": null

16-05-2025T08:46:03 - [TEST_STEP][PASSED] - a1 = getText(findTestObject("Отпуск из сети/span1")): Text of object 'Object Repository/Отпуск из сети/span1' is: ''

16-05-2025T08:46:03 - [MESSAGE][PASSED] - Text of object 'Object Repository/Отпуск из сети/span1' is: ''

16-05-2025T08:46:03 - [TEST_STEP][PASSED] - a2 = getText(findTestObject("Отпуск из сети/span2")): Text of object 'Object Repository/Отпуск из сети/span2' is: '149 005 885'

16-05-2025T08:46:04 - [MESSAGE][PASSED] - Text of object 'Object Repository/Отпуск из сети/span2' is: '149 005 885'

16-05-2025T08:46:04 - [TEST_STEP][PASSED] - a3 = getText(findTestObject("Отпуск из сети/span3")): Text of object 'Object Repository/Отпуск из сети/span3' is: '530 278'

16-05-2025T08:46:04 - [MESSAGE][PASSED] - Text of object 'Object Repository/Отпуск из сети/span3' is: '530 278'

16-05-2025T08:46:04 - [TEST_STEP][PASSED] - a4 = getText(findTestObject("Отпуск из сети/График1")): Text of object 'Object Repository/Отпуск из сети/График1' is: '●● Отклонения, тыс. кВт⋅ч
тыс. кВт⋅ч
Отклонения по отпуску из сети
-148 475 607-148 475 607
2023/2024
-175 000 000
-150 000 000
-125 000 000
-100 000 000
-75 000 000
-50 000 000
-25 000 000
0'

16-05-2025T08:46:04 - [MESSAGE][PASSED] - Text of object 'Object Repository/Отпуск из сети/График1' is: '●● Отклонения, тыс. кВт⋅ч
тыс. кВт⋅ч
Отклонения по отпуску из сети
-148 475 607-148 475 607
2023/2024
-175 000 000
-150 000 000
-125 000 000
-100 000 000
-75 000 000
-50 000 000
-25 000 000
0'

16-05-2025T08:46:04 - [TEST_STEP][PASSED] - a5 = getText(findTestObject("Отпуск из сети/График2")): Text of object 'Object Repository/Отпуск из сети/График2' is: '●● Отклонения, %
%
Отклонения по отпуску из сети
-99.64-99.64
2023/2024
-100
0
-125
-75
-50
-25'

16-05-2025T08:46:05 - [MESSAGE][PASSED] - Text of object 'Object Repository/Отпуск из сети/График2' is: '●● Отклонения, %
%
Отклонения по отпуску из сети
-99.64-99.64
2023/2024
-100
0
-125
-75
-50
-25'

16-05-2025T08:46:05 - [TEST_STEP][PASSED] - n = n + 10: null

16-05-2025T08:46:05 - [TEST_STEP][PASSED] - b = n - run + 1: null

16-05-2025T08:46:05 - [TEST_STEP][PASSED] - verifyEqual(findTestData("PlanFact").getValue(2, b), a1): Actual object '' and expected object '' are equal

16-05-2025T08:46:05 - [MESSAGE][PASSED] - Actual object '' and expected object '' are equal

16-05-2025T08:46:05 - [TEST_STEP][PASSED] - verifyEqual(findTestData("PlanFact").getValue(3, b), a2): Actual object '149 005 885' and expected object '149 005 885' are equal

16-05-2025T08:46:05 - [MESSAGE][PASSED] - Actual object '149 005 885' and expected object '149 005 885' are equal

16-05-2025T08:46:05 - [TEST_STEP][PASSED] - verifyEqual(findTestData("PlanFact").getValue(4, b), a3): Actual object '530 278' and expected object '530 278' are equal

16-05-2025T08:46:05 - [MESSAGE][PASSED] - Actual object '530 278' and expected object '530 278' are equal

16-05-2025T08:46:05 - [TEST_STEP][PASSED] - verifyEqual(findTestData("PlanFact").getValue(5, b), a4): Actual object '●● Отклонения, тыс. кВт⋅ч
тыс. кВт⋅ч
Отклонения по отпуску из сети
-148 475 607-148 475 607
2023/2024
-175 000 000
-150 000 000
-125 000 000
-100 000 000
-75 000 000
-50 000 000
-25 000 000
0' and expected object '●● Отклонения, тыс. кВт⋅ч
тыс. кВт⋅ч
Отклонения по отпуску из сети
-148 475 607-148 475 607
2023/2024
-175 000 000
-150 000 000
-125 000 000
-100 000 000
-75 000 000
-50 000 000
-25 000 000
0' are equal

16-05-2025T08:46:05 - [MESSAGE][PASSED] - Actual object '●● Отклонения, тыс. кВт⋅ч
тыс. кВт⋅ч
Отклонения по отпуску из сети
-148 475 607-148 475 607
2023/2024
-175 000 000
-150 000 000
-125 000 000
-100 000 000
-75 000 000
-50 000 000
-25 000 000
0' and expected object '●● Отклонения, тыс. кВт⋅ч
тыс. кВт⋅ч
Отклонения по отпуску из сети
-148 475 607-148 475 607
2023/2024
-175 000 000
-150 000 000
-125 000 000
-100 000 000
-75 000 000
-50 000 000
-25 000 000
0' are equal

16-05-2025T08:46:05 - [TEST_STEP][PASSED] - verifyEqual(findTestData("PlanFact").getValue(6, b), a5): Actual object '●● Отклонения, %
%
Отклонения по отпуску из сети
-99.64-99.64
2023/2024
-100
0
-125
-75
-50
-25' and expected object '●● Отклонения, %
%
Отклонения по отпуску из сети
-99.64-99.64
2023/2024
-100
0
-125
-75
-50
-25' are equal

16-05-2025T08:46:05 - [MESSAGE][PASSED] - Actual object '●● Отклонения, %
%
Отклонения по отпуску из сети
-99.64-99.64
2023/2024
-100
0
-125
-75
-50
-25' and expected object '●● Отклонения, %
%
Отклонения по отпуску из сети
-99.64-99.64
2023/2024
-100
0
-125
-75
-50
-25' are equal

16-05-2025T08:46:05 - [TEST_STEP][PASSED] - Script1686231490255.WriteToExcel(user, dashboardName, n, data, run, a1, a2, a3, a4, a5, a6, a7, a8, a9): null

16-05-2025T08:46:05 - [TEST_STEP][PASSED] - sheetName = "Sheet1": null

16-05-2025T08:46:05 - [TEST_STEP][PASSED] - workbook01 = getWorkbook(excelFilePath): null

16-05-2025T08:46:05 - [TEST_STEP][PASSED] - sheet01 = getExcelSheet(workbook01, sheetName): null

16-05-2025T08:46:05 - [TEST_STEP][PASSED] - setValueToCellByIndex(sheet01, n, 0, dashboardName): null

16-05-2025T08:46:05 - [TEST_STEP][PASSED] - setValueToCellByIndex(sheet01, n, 10, user): null

16-05-2025T08:46:05 - [TEST_STEP][PASSED] - setValueToCellByIndex(sheet01, n, 1, a1): null

16-05-2025T08:46:05 - [TEST_STEP][PASSED] - setValueToCellByIndex(sheet01, n, 2, a2): null

16-05-2025T08:46:05 - [TEST_STEP][PASSED] - setValueToCellByIndex(sheet01, n, 3, a3): null

16-05-2025T08:46:05 - [TEST_STEP][PASSED] - setValueToCellByIndex(sheet01, n, 4, a4): null

16-05-2025T08:46:05 - [TEST_STEP][PASSED] - setValueToCellByIndex(sheet01, n, 5, a5): null

16-05-2025T08:46:05 - [TEST_STEP][PASSED] - setValueToCellByIndex(sheet01, n, 6, a6): null

16-05-2025T08:46:05 - [TEST_STEP][PASSED] - setValueToCellByIndex(sheet01, n, 7, a7): null

16-05-2025T08:46:05 - [TEST_STEP][PASSED] - setValueToCellByIndex(sheet01, n, 8, a8): null

16-05-2025T08:46:05 - [TEST_STEP][PASSED] - setValueToCellByIndex(sheet01, n, 9, a9): null

16-05-2025T08:46:05 - [TEST_STEP][PASSED] - n = n + 1: null

16-05-2025T08:46:05 - [TEST_STEP][PASSED] - saveWorkbook(excelFilePath, workbook01): null

16-05-2025T08:46:05 - [TEST_STEP][PASSED] - if (run == 3): null

16-05-2025T08:46:05 - [TEST_STEP][PASSED] - closeBrowser(): null

16-05-2025T08:46:05 - [MESSAGE][PASSED] - Browser is closed

16-05-2025T08:46:05 - [TEST_STEP][PASSED] - OtpuskIzSeti(user, dashboardName, n, data, run, a1, a2, a3, a4, a5, a6, a7, a8, a9, urlData): null

16-05-2025T08:46:05 - [TEST_STEP][PASSED] - n = data.getRowNumbers() + 1: null

16-05-2025T08:46:05 - [TEST_STEP][PASSED] - println(n): null

16-05-2025T08:46:05 - [TEST_STEP][PASSED] - dashboardName = "Отпуск из сети": null

16-05-2025T08:46:05 - [TEST_STEP][PASSED] - openBrowser(""): Browser is opened with url: ''

16-05-2025T08:46:05 - [MESSAGE][INFO] - Starting 'Chrome' driver

16-05-2025T08:46:05 - [MESSAGE][INFO] - Action delay is set to 0 milliseconds

16-05-2025T08:46:06 - [MESSAGE][PASSED] - Browser is opened with url: ''

16-05-2025T08:46:06 - [TEST_STEP][PASSED] - urlData = 15: null

16-05-2025T08:46:06 - [TEST_STEP][PASSED] - Script1686231490255.CheckPageDownload(urlData, run): null

16-05-2025T08:46:06 - [TEST_STEP][PASSED] - i = 1: null

16-05-2025T08:46:06 - [TEST_STEP][PASSED] - ii = 0: null

16-05-2025T08:46:06 - [TEST_STEP][PASSED] - urlText = <not implemented yet for class: org.codehaus.groovy.ast.expr.EmptyExpression>: null

16-05-2025T08:46:06 - [TEST_STEP][PASSED] - searchWord = <not implemented yet for class: org.codehaus.groovy.ast.expr.EmptyExpression>: null

16-05-2025T08:46:06 - [TEST_STEP][PASSED] - deleteAllCookies(): Delete all cookies successfully

16-05-2025T08:46:06 - [MESSAGE][PASSED] - Delete all cookies successfully

16-05-2025T08:46:06 - [TEST_STEP][PASSED] - refresh(): Refresh successfully

16-05-2025T08:46:06 - [MESSAGE][PASSED] - Refresh successfully

16-05-2025T08:46:06 - [TEST_STEP][PASSED] - delay(70): Delayed 70 second(s)

16-05-2025T08:47:16 - [MESSAGE][PASSED] - Delayed 70 second(s)

16-05-2025T08:47:16 - [TEST_STEP][PASSED] - navigateToUrl(findTestData("PlanFact").getValue(10, urlData)): Navigate to 'https://bi.rosseti.digital/viewer?dashboardGuid=d154a8eaf6824e2b9de1bb04dd061c18&sheetGuid=f217cc6775674247871931fed0993c14&fit=true' successfully

16-05-2025T08:47:19 - [MESSAGE][PASSED] - Navigate to 'https://bi.rosseti.digital/viewer?dashboardGuid=d154a8eaf6824e2b9de1bb04dd061c18&sheetGuid=f217cc6775674247871931fed0993c14&fit=true' successfully

16-05-2025T08:47:19 - [TEST_STEP][PASSED] - pageLoaded1 = verifyElementPresent(findTestObject("Страница авторизации/Text"), 30): Object 'Object Repository/Страница авторизации/Text' is present

16-05-2025T08:47:20 - [MESSAGE][PASSED] - Object 'Object Repository/Страница авторизации/Text' is present

16-05-2025T08:47:20 - [TEST_STEP][PASSED] - if (pageLoaded1 == false): null

16-05-2025T08:47:20 - [TEST_STEP][PASSED] - urlText = getText(findTestObject("Страница авторизации/Text")): Text of object 'Object Repository/Страница авторизации/Text' is: 'Вход'

16-05-2025T08:47:20 - [MESSAGE][PASSED] - Text of object 'Object Repository/Страница авторизации/Text' is: 'Вход'

16-05-2025T08:47:20 - [TEST_STEP][PASSED] - delay(70): Delayed 70 second(s)

16-05-2025T08:48:30 - [MESSAGE][PASSED] - Delayed 70 second(s)

16-05-2025T08:48:30 - [TEST_STEP][PASSED] - searchWord = "Вход": null

16-05-2025T08:48:30 - [TEST_STEP][PASSED] - if (urlText.contains(searchWord) == false): null

16-05-2025T08:48:30 - [TEST_STEP][PASSED] - setText(findTestObject("Страница авторизации/input__username"), findTestData("PlanFact").getValue(8, run)): Text 'Petrova-OV' is set on object 'Object Repository/Страница авторизации/input__username'

16-05-2025T08:48:31 - [MESSAGE][PASSED] - Text 'Petrova-OV' is set on object 'Object Repository/Страница авторизации/input__username'

16-05-2025T08:48:31 - [TEST_STEP][PASSED] - setText(findTestObject("Страница авторизации/input__password"), findTestData("PlanFact").getValue(9, run)): Text '4Ex@~R53r&3x&BVe7' is set on object 'Object Repository/Страница авторизации/input__password'

16-05-2025T08:48:31 - [MESSAGE][PASSED] - Text '4Ex@~R53r&3x&BVe7' is set on object 'Object Repository/Страница авторизации/input__password'

16-05-2025T08:48:31 - [TEST_STEP][PASSED] - click(findTestObject("Страница авторизации/button_")): Object: 'Object Repository/Страница авторизации/button_' is clicked on

16-05-2025T08:48:32 - [MESSAGE][PASSED] - Object: 'Object Repository/Страница авторизации/button_' is clicked on

16-05-2025T08:48:32 - [TEST_STEP][PASSED] - delay(70): Delayed 70 second(s)

16-05-2025T08:49:42 - [MESSAGE][PASSED] - Delayed 70 second(s)

16-05-2025T08:49:42 - [TEST_STEP][PASSED] - searchWord = "а": null

16-05-2025T08:49:42 - [TEST_STEP][PASSED] - pageLoaded2 = verifyElementPresent(findTestObject("Страница авторизации/Text"), 50): Object 'Object Repository/Страница авторизации/Text' is present

16-05-2025T08:49:43 - [MESSAGE][PASSED] - Object 'Object Repository/Страница авторизации/Text' is present

16-05-2025T08:49:43 - [TEST_STEP][PASSED] - if (pageLoaded2 == false): null

16-05-2025T08:49:43 - [TEST_STEP][PASSED] - urlText = getText(findTestObject("Страница авторизации/Text")): Text of object 'Object Repository/Страница авторизации/Text' is: 'ДЗО 
Все
Период
2025 год - 1 квартал, 2024 год - 1 квартал, 2023 год - 1 квартал
Отпуск из сети
Факт
2023 год
2024 год
0
10 000
20 000
30 000
40 000
50 000
60 000
70 000
80 000
90 000
100 000
110 000
120 000
130 000
140 000
150 000
160 000
149 005 885
530 278
●● Отклонения, тыс. кВт⋅ч
тыс. кВт⋅ч
Отклонения по отпуску из сети
-148 475 607-148 475 607
2023/2024
-175 000 000
-150 000 000
-125 000 000
-100 000 000
-75 000 000
-50 000 000
-25 000 000
0
●● Отклонения, %
%
Отклонения по отпуску из сети
-99.64-99.64
2023/2024
-100
0
-125
-75
-50
-25
тыс. кВт⋅ч
Фактические данные по отпуску из сети'

16-05-2025T08:49:43 - [MESSAGE][PASSED] - Text of object 'Object Repository/Страница авторизации/Text' is: 'ДЗО 
Все
Период
2025 год - 1 квартал, 2024 год - 1 квартал, 2023 год - 1 квартал
Отпуск из сети
Факт
2023 год
2024 год
0
10 000
20 000
30 000
40 000
50 000
60 000
70 000
80 000
90 000
100 000
110 000
120 000
130 000
140 000
150 000
160 000
149 005 885
530 278
●● Отклонения, тыс. кВт⋅ч
тыс. кВт⋅ч
Отклонения по отпуску из сети
-148 475 607-148 475 607
2023/2024
-175 000 000
-150 000 000
-125 000 000
-100 000 000
-75 000 000
-50 000 000
-25 000 000
0
●● Отклонения, %
%
Отклонения по отпуску из сети
-99.64-99.64
2023/2024
-100
0
-125
-75
-50
-25
тыс. кВт⋅ч
Фактические данные по отпуску из сети'

16-05-2025T08:49:43 - [TEST_STEP][PASSED] - if (urlText.contains("ошибка") || urlText.contains(searchWord) == false): null

16-05-2025T08:49:43 - [TEST_STEP][PASSED] - a6 = "": null

16-05-2025T08:49:43 - [TEST_STEP][PASSED] - a7 = "": null

16-05-2025T08:49:43 - [TEST_STEP][PASSED] - a8 = "": null

16-05-2025T08:49:43 - [TEST_STEP][PASSED] - a9 = "": null

16-05-2025T08:49:43 - [TEST_STEP][PASSED] - if (run == 1): null

16-05-2025T08:49:43 - [TEST_STEP][PASSED] - if (run == 2): null

16-05-2025T08:49:43 - [TEST_STEP][PASSED] - if (run == 3): null

16-05-2025T08:49:43 - [TEST_STEP][PASSED] - user = "Попова": null

16-05-2025T08:49:43 - [TEST_STEP][PASSED] - a1 = getText(findTestObject("Отпуск из сети/span1")): Text of object 'Object Repository/Отпуск из сети/span1' is: ''

16-05-2025T08:49:44 - [MESSAGE][PASSED] - Text of object 'Object Repository/Отпуск из сети/span1' is: ''

16-05-2025T08:49:44 - [TEST_STEP][PASSED] - a2 = getText(findTestObject("Отпуск из сети/span2")): Text of object 'Object Repository/Отпуск из сети/span2' is: '149 005 885'

16-05-2025T08:49:44 - [MESSAGE][PASSED] - Text of object 'Object Repository/Отпуск из сети/span2' is: '149 005 885'

16-05-2025T08:49:44 - [TEST_STEP][PASSED] - a3 = getText(findTestObject("Отпуск из сети/span3")): Text of object 'Object Repository/Отпуск из сети/span3' is: '530 278'

16-05-2025T08:49:44 - [MESSAGE][PASSED] - Text of object 'Object Repository/Отпуск из сети/span3' is: '530 278'

16-05-2025T08:49:44 - [TEST_STEP][PASSED] - a4 = getText(findTestObject("Отпуск из сети/График1")): Text of object 'Object Repository/Отпуск из сети/График1' is: '●● Отклонения, тыс. кВт⋅ч
тыс. кВт⋅ч
Отклонения по отпуску из сети
-148 475 607-148 475 607
2023/2024
-175 000 000
-150 000 000
-125 000 000
-100 000 000
-75 000 000
-50 000 000
-25 000 000
0'

16-05-2025T08:49:44 - [MESSAGE][PASSED] - Text of object 'Object Repository/Отпуск из сети/График1' is: '●● Отклонения, тыс. кВт⋅ч
тыс. кВт⋅ч
Отклонения по отпуску из сети
-148 475 607-148 475 607
2023/2024
-175 000 000
-150 000 000
-125 000 000
-100 000 000
-75 000 000
-50 000 000
-25 000 000
0'

16-05-2025T08:49:44 - [TEST_STEP][PASSED] - a5 = getText(findTestObject("Отпуск из сети/График2")): Text of object 'Object Repository/Отпуск из сети/График2' is: '●● Отклонения, %
%
Отклонения по отпуску из сети
-99.64-99.64
2023/2024
-100
0
-125
-75
-50
-25'

16-05-2025T08:49:45 - [MESSAGE][PASSED] - Text of object 'Object Repository/Отпуск из сети/График2' is: '●● Отклонения, %
%
Отклонения по отпуску из сети
-99.64-99.64
2023/2024
-100
0
-125
-75
-50
-25'

16-05-2025T08:49:45 - [TEST_STEP][PASSED] - n = n + 11: null

16-05-2025T08:49:45 - [TEST_STEP][PASSED] - b = n - run + 1: null

16-05-2025T08:49:45 - [TEST_STEP][PASSED] - verifyEqual(findTestData("PlanFact").getValue(2, b), a1): Actual object '' and expected object '' are equal

16-05-2025T08:49:45 - [MESSAGE][PASSED] - Actual object '' and expected object '' are equal

16-05-2025T08:49:45 - [TEST_STEP][PASSED] - verifyEqual(findTestData("PlanFact").getValue(3, b), a2): Actual object '149 005 885' and expected object '149 005 885' are equal

16-05-2025T08:49:45 - [MESSAGE][PASSED] - Actual object '149 005 885' and expected object '149 005 885' are equal

16-05-2025T08:49:45 - [TEST_STEP][PASSED] - verifyEqual(findTestData("PlanFact").getValue(4, b), a3): Actual object '530 278' and expected object '530 278' are equal

16-05-2025T08:49:45 - [MESSAGE][PASSED] - Actual object '530 278' and expected object '530 278' are equal

16-05-2025T08:49:45 - [TEST_STEP][PASSED] - verifyEqual(findTestData("PlanFact").getValue(5, b), a4): Actual object '●● Отклонения, тыс. кВт⋅ч
тыс. кВт⋅ч
Отклонения по отпуску из сети
-148 475 607-148 475 607
2023/2024
-175 000 000
-150 000 000
-125 000 000
-100 000 000
-75 000 000
-50 000 000
-25 000 000
0' and expected object '●● Отклонения, тыс. кВт⋅ч
тыс. кВт⋅ч
Отклонения по отпуску из сети
-148 475 607-148 475 607
2023/2024
-175 000 000
-150 000 000
-125 000 000
-100 000 000
-75 000 000
-50 000 000
-25 000 000
0' are equal

16-05-2025T08:49:45 - [MESSAGE][PASSED] - Actual object '●● Отклонения, тыс. кВт⋅ч
тыс. кВт⋅ч
Отклонения по отпуску из сети
-148 475 607-148 475 607
2023/2024
-175 000 000
-150 000 000
-125 000 000
-100 000 000
-75 000 000
-50 000 000
-25 000 000
0' and expected object '●● Отклонения, тыс. кВт⋅ч
тыс. кВт⋅ч
Отклонения по отпуску из сети
-148 475 607-148 475 607
2023/2024
-175 000 000
-150 000 000
-125 000 000
-100 000 000
-75 000 000
-50 000 000
-25 000 000
0' are equal

16-05-2025T08:49:45 - [TEST_STEP][PASSED] - verifyEqual(findTestData("PlanFact").getValue(6, b), a5): Actual object '●● Отклонения, %
%
Отклонения по отпуску из сети
-99.64-99.64
2023/2024
-100
0
-125
-75
-50
-25' and expected object '●● Отклонения, %
%
Отклонения по отпуску из сети
-99.64-99.64
2023/2024
-100
0
-125
-75
-50
-25' are equal

16-05-2025T08:49:45 - [MESSAGE][PASSED] - Actual object '●● Отклонения, %
%
Отклонения по отпуску из сети
-99.64-99.64
2023/2024
-100
0
-125
-75
-50
-25' and expected object '●● Отклонения, %
%
Отклонения по отпуску из сети
-99.64-99.64
2023/2024
-100
0
-125
-75
-50
-25' are equal

16-05-2025T08:49:45 - [TEST_STEP][PASSED] - Script1686231490255.WriteToExcel(user, dashboardName, n, data, run, a1, a2, a3, a4, a5, a6, a7, a8, a9): null

16-05-2025T08:49:45 - [TEST_STEP][PASSED] - sheetName = "Sheet1": null

16-05-2025T08:49:45 - [TEST_STEP][PASSED] - workbook01 = getWorkbook(excelFilePath): null

16-05-2025T08:49:45 - [TEST_STEP][PASSED] - sheet01 = getExcelSheet(workbook01, sheetName): null

16-05-2025T08:49:45 - [TEST_STEP][PASSED] - setValueToCellByIndex(sheet01, n, 0, dashboardName): null

16-05-2025T08:49:45 - [TEST_STEP][PASSED] - setValueToCellByIndex(sheet01, n, 10, user): null

16-05-2025T08:49:45 - [TEST_STEP][PASSED] - setValueToCellByIndex(sheet01, n, 1, a1): null

16-05-2025T08:49:45 - [TEST_STEP][PASSED] - setValueToCellByIndex(sheet01, n, 2, a2): null

16-05-2025T08:49:45 - [TEST_STEP][PASSED] - setValueToCellByIndex(sheet01, n, 3, a3): null

16-05-2025T08:49:45 - [TEST_STEP][PASSED] - setValueToCellByIndex(sheet01, n, 4, a4): null

16-05-2025T08:49:45 - [TEST_STEP][PASSED] - setValueToCellByIndex(sheet01, n, 5, a5): null

16-05-2025T08:49:45 - [TEST_STEP][PASSED] - setValueToCellByIndex(sheet01, n, 6, a6): null

16-05-2025T08:49:45 - [TEST_STEP][PASSED] - setValueToCellByIndex(sheet01, n, 7, a7): null

16-05-2025T08:49:45 - [TEST_STEP][PASSED] - setValueToCellByIndex(sheet01, n, 8, a8): null

16-05-2025T08:49:45 - [TEST_STEP][PASSED] - setValueToCellByIndex(sheet01, n, 9, a9): null

16-05-2025T08:49:45 - [TEST_STEP][PASSED] - n = n + 1: null

16-05-2025T08:49:45 - [TEST_STEP][PASSED] - saveWorkbook(excelFilePath, workbook01): null

16-05-2025T08:49:45 - [TEST_STEP][PASSED] - closeBrowser(): Browser is closed

16-05-2025T08:49:45 - [MESSAGE][PASSED] - Browser is closed

16-05-2025T08:49:45 - [TEST_STEP][PASSED] - delay(70): Delayed 70 second(s)

16-05-2025T08:50:55 - [MESSAGE][PASSED] - Delayed 70 second(s)

16-05-2025T08:50:55 - [TEST_STEP][PASSED] - for ([run = 1, run < 4, (run++)]): null

16-05-2025T08:50:55 - [TEST_STEP][PASSED] - OtpuskVSet(user, dashboardName, n, data, run, a1, a2, a3, a4, a5, a6, a7, a8, a9, urlData): null

16-05-2025T08:50:55 - [TEST_STEP][PASSED] - n = data.getRowNumbers() + 1: null

16-05-2025T08:50:55 - [TEST_STEP][PASSED] - println(n): null

16-05-2025T08:50:55 - [TEST_STEP][PASSED] - dashboardName = "Отпуск в сеть": null

16-05-2025T08:50:55 - [TEST_STEP][PASSED] - openBrowser(""): Browser is opened with url: ''

16-05-2025T08:50:55 - [MESSAGE][INFO] - Starting 'Chrome' driver

16-05-2025T08:50:55 - [MESSAGE][INFO] - Action delay is set to 0 milliseconds

16-05-2025T08:50:56 - [MESSAGE][PASSED] - Browser is opened with url: ''

16-05-2025T08:50:56 - [TEST_STEP][PASSED] - urlData = 16: null

16-05-2025T08:50:56 - [TEST_STEP][PASSED] - Script1686231490255.CheckPageDownload(urlData, run): null

16-05-2025T08:50:56 - [TEST_STEP][PASSED] - i = 1: null

16-05-2025T08:50:56 - [TEST_STEP][PASSED] - ii = 0: null

16-05-2025T08:50:56 - [TEST_STEP][PASSED] - urlText = <not implemented yet for class: org.codehaus.groovy.ast.expr.EmptyExpression>: null

16-05-2025T08:50:56 - [TEST_STEP][PASSED] - searchWord = <not implemented yet for class: org.codehaus.groovy.ast.expr.EmptyExpression>: null

16-05-2025T08:50:56 - [TEST_STEP][PASSED] - deleteAllCookies(): Delete all cookies successfully

16-05-2025T08:50:56 - [MESSAGE][PASSED] - Delete all cookies successfully

16-05-2025T08:50:56 - [TEST_STEP][PASSED] - refresh(): Refresh successfully

16-05-2025T08:50:56 - [MESSAGE][PASSED] - Refresh successfully

16-05-2025T08:50:56 - [TEST_STEP][PASSED] - delay(70): Delayed 70 second(s)

16-05-2025T08:52:06 - [MESSAGE][PASSED] - Delayed 70 second(s)

16-05-2025T08:52:06 - [TEST_STEP][PASSED] - navigateToUrl(findTestData("PlanFact").getValue(10, urlData)): Navigate to 'https://bi.rosseti.digital/viewer?dashboardGuid=d154a8eaf6824e2b9de1bb04dd061c18&sheetGuid=33f591ea3cbf498897e314a4cd5a9f29&fit=true' successfully

16-05-2025T08:52:08 - [MESSAGE][PASSED] - Navigate to 'https://bi.rosseti.digital/viewer?dashboardGuid=d154a8eaf6824e2b9de1bb04dd061c18&sheetGuid=33f591ea3cbf498897e314a4cd5a9f29&fit=true' successfully

16-05-2025T08:52:08 - [TEST_STEP][PASSED] - pageLoaded1 = verifyElementPresent(findTestObject("Страница авторизации/Text"), 30): Object 'Object Repository/Страница авторизации/Text' is present

16-05-2025T08:52:09 - [MESSAGE][PASSED] - Object 'Object Repository/Страница авторизации/Text' is present

16-05-2025T08:52:09 - [TEST_STEP][PASSED] - if (pageLoaded1 == false): null

16-05-2025T08:52:09 - [TEST_STEP][PASSED] - urlText = getText(findTestObject("Страница авторизации/Text")): Text of object 'Object Repository/Страница авторизации/Text' is: 'Вход'

16-05-2025T08:52:10 - [MESSAGE][PASSED] - Text of object 'Object Repository/Страница авторизации/Text' is: 'Вход'

16-05-2025T08:52:10 - [TEST_STEP][PASSED] - delay(70): Delayed 70 second(s)

16-05-2025T08:53:20 - [MESSAGE][PASSED] - Delayed 70 second(s)

16-05-2025T08:53:20 - [TEST_STEP][PASSED] - searchWord = "Вход": null

16-05-2025T08:53:20 - [TEST_STEP][PASSED] - if (urlText.contains(searchWord) == false): null

16-05-2025T08:53:20 - [TEST_STEP][PASSED] - setText(findTestObject("Страница авторизации/input__username"), findTestData("PlanFact").getValue(8, run)): Text 'liazgina-di' is set on object 'Object Repository/Страница авторизации/input__username'

16-05-2025T08:53:20 - [MESSAGE][PASSED] - Text 'liazgina-di' is set on object 'Object Repository/Страница авторизации/input__username'

16-05-2025T08:53:20 - [TEST_STEP][PASSED] - setText(findTestObject("Страница авторизации/input__password"), findTestData("PlanFact").getValue(9, run)): Text ')$%5srZ8o688Dm#q' is set on object 'Object Repository/Страница авторизации/input__password'

16-05-2025T08:53:21 - [MESSAGE][PASSED] - Text ')$%5srZ8o688Dm#q' is set on object 'Object Repository/Страница авторизации/input__password'

16-05-2025T08:53:21 - [TEST_STEP][PASSED] - click(findTestObject("Страница авторизации/button_")): Object: 'Object Repository/Страница авторизации/button_' is clicked on

16-05-2025T08:53:22 - [MESSAGE][PASSED] - Object: 'Object Repository/Страница авторизации/button_' is clicked on

16-05-2025T08:53:22 - [TEST_STEP][PASSED] - delay(70): Delayed 70 second(s)

16-05-2025T08:54:32 - [MESSAGE][PASSED] - Delayed 70 second(s)

16-05-2025T08:54:32 - [TEST_STEP][PASSED] - searchWord = "а": null

16-05-2025T08:54:32 - [TEST_STEP][PASSED] - pageLoaded2 = verifyElementPresent(findTestObject("Страница авторизации/Text"), 50): Object 'Object Repository/Страница авторизации/Text' is present

16-05-2025T08:54:32 - [MESSAGE][PASSED] - Object 'Object Repository/Страница авторизации/Text' is present

16-05-2025T08:54:32 - [TEST_STEP][PASSED] - if (pageLoaded2 == false): null

16-05-2025T08:54:32 - [TEST_STEP][PASSED] - urlText = getText(findTestObject("Страница авторизации/Text")): Text of object 'Object Repository/Страница авторизации/Text' is: 'ДЗО 
Все
Период
2025 год - 1 квартал, 2024 год - 1 квартал, 2023 год - 1 квартал
тыс. кВт⋅ч
Отпуск в сеть
Факт
2023 год
2024 год
0
20 000
40 000
60 000
80 000
100 000
120 000
140 000
160 000
180 000
164 941 759
648 220
●● Отклонения, %
%
Отклонения по отпуску в сеть
-99.61-99.61
2023/2024
-100
0
-125
-75
-50
-25
●● Отклонения, тыс. кВт⋅ч
тыс. кВт⋅ч
Отклонения по отпуску в сеть
-164 293 539-164 293 539
2023/2024
-150 000 000
-100 000 000
-50 000 000
0
-200 000 000
Фактические данные по отпуску в сеть'

16-05-2025T08:54:33 - [MESSAGE][PASSED] - Text of object 'Object Repository/Страница авторизации/Text' is: 'ДЗО 
Все
Период
2025 год - 1 квартал, 2024 год - 1 квартал, 2023 год - 1 квартал
тыс. кВт⋅ч
Отпуск в сеть
Факт
2023 год
2024 год
0
20 000
40 000
60 000
80 000
100 000
120 000
140 000
160 000
180 000
164 941 759
648 220
●● Отклонения, %
%
Отклонения по отпуску в сеть
-99.61-99.61
2023/2024
-100
0
-125
-75
-50
-25
●● Отклонения, тыс. кВт⋅ч
тыс. кВт⋅ч
Отклонения по отпуску в сеть
-164 293 539-164 293 539
2023/2024
-150 000 000
-100 000 000
-50 000 000
0
-200 000 000
Фактические данные по отпуску в сеть'

16-05-2025T08:54:33 - [TEST_STEP][PASSED] - if (urlText.contains("ошибка") || urlText.contains(searchWord) == false): null

16-05-2025T08:54:33 - [TEST_STEP][PASSED] - a5 = "": null

16-05-2025T08:54:33 - [TEST_STEP][PASSED] - a6 = "": null

16-05-2025T08:54:33 - [TEST_STEP][PASSED] - a7 = "": null

16-05-2025T08:54:33 - [TEST_STEP][PASSED] - a8 = "": null

16-05-2025T08:54:33 - [TEST_STEP][PASSED] - a9 = "": null

16-05-2025T08:54:33 - [TEST_STEP][PASSED] - if (run == 1): null

16-05-2025T08:54:33 - [TEST_STEP][PASSED] - user = "админ": null

16-05-2025T08:54:33 - [TEST_STEP][PASSED] - a1 = getText(findTestObject("Отпуск в сеть/span1")): Text of object 'Object Repository/Отпуск в сеть/span1' is: '164 941 759'

16-05-2025T08:54:33 - [MESSAGE][PASSED] - Text of object 'Object Repository/Отпуск в сеть/span1' is: '164 941 759'

16-05-2025T08:54:33 - [TEST_STEP][PASSED] - a2 = getText(findTestObject("Отпуск в сеть/span2")): Text of object 'Object Repository/Отпуск в сеть/span2' is: '648 220'

16-05-2025T08:54:34 - [MESSAGE][PASSED] - Text of object 'Object Repository/Отпуск в сеть/span2' is: '648 220'

16-05-2025T08:54:34 - [TEST_STEP][PASSED] - a3 = getText(findTestObject("Отпуск в сеть/График1")): Text of object 'Object Repository/Отпуск в сеть/График1' is: '●● Отклонения, тыс. кВт⋅ч
тыс. кВт⋅ч
Отклонения по отпуску в сеть
-164 293 539-164 293 539
2023/2024
-150 000 000
-100 000 000
-50 000 000
0
-200 000 000'

16-05-2025T08:54:34 - [MESSAGE][PASSED] - Text of object 'Object Repository/Отпуск в сеть/График1' is: '●● Отклонения, тыс. кВт⋅ч
тыс. кВт⋅ч
Отклонения по отпуску в сеть
-164 293 539-164 293 539
2023/2024
-150 000 000
-100 000 000
-50 000 000
0
-200 000 000'

16-05-2025T08:54:34 - [TEST_STEP][PASSED] - a4 = getText(findTestObject("Отпуск в сеть/График2")): Text of object 'Object Repository/Отпуск в сеть/График2' is: '●● Отклонения, %
%
Отклонения по отпуску в сеть
-99.61-99.61
2023/2024
-100
0
-125
-75
-50
-25'

16-05-2025T08:54:34 - [MESSAGE][PASSED] - Text of object 'Object Repository/Отпуск в сеть/График2' is: '●● Отклонения, %
%
Отклонения по отпуску в сеть
-99.61-99.61
2023/2024
-100
0
-125
-75
-50
-25'

16-05-2025T08:54:34 - [TEST_STEP][PASSED] - n = n + 12: null

16-05-2025T08:54:34 - [TEST_STEP][PASSED] - Script1686231490255.WriteToExcel(user, dashboardName, n, data, run, a1, a2, a3, a4, a5, a6, a7, a8, a9): null

16-05-2025T08:54:34 - [TEST_STEP][PASSED] - sheetName = "Sheet1": null

16-05-2025T08:54:34 - [TEST_STEP][PASSED] - workbook01 = getWorkbook(excelFilePath): null

16-05-2025T08:54:34 - [TEST_STEP][PASSED] - sheet01 = getExcelSheet(workbook01, sheetName): null

16-05-2025T08:54:34 - [TEST_STEP][PASSED] - setValueToCellByIndex(sheet01, n, 0, dashboardName): null

16-05-2025T08:54:34 - [TEST_STEP][PASSED] - setValueToCellByIndex(sheet01, n, 10, user): null

16-05-2025T08:54:34 - [TEST_STEP][PASSED] - setValueToCellByIndex(sheet01, n, 1, a1): null

16-05-2025T08:54:34 - [TEST_STEP][PASSED] - setValueToCellByIndex(sheet01, n, 2, a2): null

16-05-2025T08:54:34 - [TEST_STEP][PASSED] - setValueToCellByIndex(sheet01, n, 3, a3): null

16-05-2025T08:54:34 - [TEST_STEP][PASSED] - setValueToCellByIndex(sheet01, n, 4, a4): null

16-05-2025T08:54:34 - [TEST_STEP][PASSED] - setValueToCellByIndex(sheet01, n, 5, a5): null

16-05-2025T08:54:34 - [TEST_STEP][PASSED] - setValueToCellByIndex(sheet01, n, 6, a6): null

16-05-2025T08:54:34 - [TEST_STEP][PASSED] - setValueToCellByIndex(sheet01, n, 7, a7): null

16-05-2025T08:54:34 - [TEST_STEP][PASSED] - setValueToCellByIndex(sheet01, n, 8, a8): null

16-05-2025T08:54:34 - [TEST_STEP][PASSED] - setValueToCellByIndex(sheet01, n, 9, a9): null

16-05-2025T08:54:34 - [TEST_STEP][PASSED] - n = n + 1: null

16-05-2025T08:54:34 - [TEST_STEP][PASSED] - saveWorkbook(excelFilePath, workbook01): null

16-05-2025T08:54:34 - [TEST_STEP][PASSED] - if (run == 2): null

16-05-2025T08:54:34 - [TEST_STEP][PASSED] - if (run == 3): null

16-05-2025T08:54:34 - [TEST_STEP][PASSED] - closeBrowser(): null

16-05-2025T08:54:35 - [MESSAGE][PASSED] - Browser is closed

16-05-2025T08:54:35 - [TEST_STEP][PASSED] - OtpuskVSet(user, dashboardName, n, data, run, a1, a2, a3, a4, a5, a6, a7, a8, a9, urlData): null

16-05-2025T08:54:35 - [TEST_STEP][PASSED] - n = data.getRowNumbers() + 1: null

16-05-2025T08:54:35 - [TEST_STEP][PASSED] - println(n): null

16-05-2025T08:54:35 - [TEST_STEP][PASSED] - dashboardName = "Отпуск в сеть": null

16-05-2025T08:54:35 - [TEST_STEP][PASSED] - openBrowser(""): Browser is opened with url: ''

16-05-2025T08:54:35 - [MESSAGE][INFO] - Starting 'Chrome' driver

16-05-2025T08:54:35 - [MESSAGE][INFO] - Action delay is set to 0 milliseconds

16-05-2025T08:54:36 - [MESSAGE][PASSED] - Browser is opened with url: ''

16-05-2025T08:54:36 - [TEST_STEP][PASSED] - urlData = 16: null

16-05-2025T08:54:36 - [TEST_STEP][PASSED] - Script1686231490255.CheckPageDownload(urlData, run): null

16-05-2025T08:54:36 - [TEST_STEP][PASSED] - i = 1: null

16-05-2025T08:54:36 - [TEST_STEP][PASSED] - ii = 0: null

16-05-2025T08:54:36 - [TEST_STEP][PASSED] - urlText = <not implemented yet for class: org.codehaus.groovy.ast.expr.EmptyExpression>: null

16-05-2025T08:54:36 - [TEST_STEP][PASSED] - searchWord = <not implemented yet for class: org.codehaus.groovy.ast.expr.EmptyExpression>: null

16-05-2025T08:54:36 - [TEST_STEP][PASSED] - deleteAllCookies(): Delete all cookies successfully

16-05-2025T08:54:36 - [MESSAGE][PASSED] - Delete all cookies successfully

16-05-2025T08:54:36 - [TEST_STEP][PASSED] - refresh(): Refresh successfully

16-05-2025T08:54:36 - [MESSAGE][PASSED] - Refresh successfully

16-05-2025T08:54:36 - [TEST_STEP][PASSED] - delay(70): Delayed 70 second(s)

16-05-2025T08:55:46 - [MESSAGE][PASSED] - Delayed 70 second(s)

16-05-2025T08:55:46 - [TEST_STEP][PASSED] - navigateToUrl(findTestData("PlanFact").getValue(10, urlData)): Navigate to 'https://bi.rosseti.digital/viewer?dashboardGuid=d154a8eaf6824e2b9de1bb04dd061c18&sheetGuid=33f591ea3cbf498897e314a4cd5a9f29&fit=true' successfully

16-05-2025T08:55:49 - [MESSAGE][PASSED] - Navigate to 'https://bi.rosseti.digital/viewer?dashboardGuid=d154a8eaf6824e2b9de1bb04dd061c18&sheetGuid=33f591ea3cbf498897e314a4cd5a9f29&fit=true' successfully

16-05-2025T08:55:49 - [TEST_STEP][PASSED] - pageLoaded1 = verifyElementPresent(findTestObject("Страница авторизации/Text"), 30): Object 'Object Repository/Страница авторизации/Text' is present

16-05-2025T08:55:50 - [MESSAGE][PASSED] - Object 'Object Repository/Страница авторизации/Text' is present

16-05-2025T08:55:50 - [TEST_STEP][PASSED] - if (pageLoaded1 == false): null

16-05-2025T08:55:50 - [TEST_STEP][PASSED] - urlText = getText(findTestObject("Страница авторизации/Text")): Text of object 'Object Repository/Страница авторизации/Text' is: 'Вход'

16-05-2025T08:55:50 - [MESSAGE][PASSED] - Text of object 'Object Repository/Страница авторизации/Text' is: 'Вход'

16-05-2025T08:55:50 - [TEST_STEP][PASSED] - delay(70): Delayed 70 second(s)

16-05-2025T08:57:00 - [MESSAGE][PASSED] - Delayed 70 second(s)

16-05-2025T08:57:00 - [TEST_STEP][PASSED] - searchWord = "Вход": null

16-05-2025T08:57:00 - [TEST_STEP][PASSED] - if (urlText.contains(searchWord) == false): null

16-05-2025T08:57:00 - [TEST_STEP][PASSED] - setText(findTestObject("Страница авторизации/input__username"), findTestData("PlanFact").getValue(8, run)): Text 'Andreeva-EV' is set on object 'Object Repository/Страница авторизации/input__username'

16-05-2025T08:57:01 - [MESSAGE][PASSED] - Text 'Andreeva-EV' is set on object 'Object Repository/Страница авторизации/input__username'

16-05-2025T08:57:01 - [TEST_STEP][PASSED] - setText(findTestObject("Страница авторизации/input__password"), findTestData("PlanFact").getValue(9, run)): Text '2nPePKDwCPH3ul7xMZ' is set on object 'Object Repository/Страница авторизации/input__password'

16-05-2025T08:57:01 - [MESSAGE][PASSED] - Text '2nPePKDwCPH3ul7xMZ' is set on object 'Object Repository/Страница авторизации/input__password'

16-05-2025T08:57:01 - [TEST_STEP][PASSED] - click(findTestObject("Страница авторизации/button_")): Object: 'Object Repository/Страница авторизации/button_' is clicked on

16-05-2025T08:57:02 - [MESSAGE][PASSED] - Object: 'Object Repository/Страница авторизации/button_' is clicked on

16-05-2025T08:57:02 - [TEST_STEP][PASSED] - delay(70): Delayed 70 second(s)

16-05-2025T08:58:12 - [MESSAGE][PASSED] - Delayed 70 second(s)

16-05-2025T08:58:12 - [TEST_STEP][PASSED] - searchWord = "а": null

16-05-2025T08:58:12 - [TEST_STEP][PASSED] - pageLoaded2 = verifyElementPresent(findTestObject("Страница авторизации/Text"), 50): Object 'Object Repository/Страница авторизации/Text' is present

16-05-2025T08:58:13 - [MESSAGE][PASSED] - Object 'Object Repository/Страница авторизации/Text' is present

16-05-2025T08:58:13 - [TEST_STEP][PASSED] - if (pageLoaded2 == false): null

16-05-2025T08:58:13 - [TEST_STEP][PASSED] - urlText = getText(findTestObject("Страница авторизации/Text")): Text of object 'Object Repository/Страница авторизации/Text' is: 'ДЗО 
Все
Период
2025 год - 1 квартал, 2024 год - 1 квартал, 2023 год - 1 квартал
тыс. кВт⋅ч
Отпуск в сеть
Факт
2023 год
2024 год
0
20 000
40 000
60 000
80 000
100 000
120 000
140 000
160 000
180 000
164 941 759
648 220
●● Отклонения, %
%
Отклонения по отпуску в сеть
-99.61-99.61
2023/2024
-100
0
-125
-75
-50
-25
●● Отклонения, тыс. кВт⋅ч
тыс. кВт⋅ч
Отклонения по отпуску в сеть
-164 293 539-164 293 539
2023/2024
-150 000 000
-100 000 000
-50 000 000
0
-200 000 000
Фактические данные по отпуску в сеть'

16-05-2025T08:58:13 - [MESSAGE][PASSED] - Text of object 'Object Repository/Страница авторизации/Text' is: 'ДЗО 
Все
Период
2025 год - 1 квартал, 2024 год - 1 квартал, 2023 год - 1 квартал
тыс. кВт⋅ч
Отпуск в сеть
Факт
2023 год
2024 год
0
20 000
40 000
60 000
80 000
100 000
120 000
140 000
160 000
180 000
164 941 759
648 220
●● Отклонения, %
%
Отклонения по отпуску в сеть
-99.61-99.61
2023/2024
-100
0
-125
-75
-50
-25
●● Отклонения, тыс. кВт⋅ч
тыс. кВт⋅ч
Отклонения по отпуску в сеть
-164 293 539-164 293 539
2023/2024
-150 000 000
-100 000 000
-50 000 000
0
-200 000 000
Фактические данные по отпуску в сеть'

16-05-2025T08:58:13 - [TEST_STEP][PASSED] - if (urlText.contains("ошибка") || urlText.contains(searchWord) == false): null

16-05-2025T08:58:13 - [TEST_STEP][PASSED] - a5 = "": null

16-05-2025T08:58:13 - [TEST_STEP][PASSED] - a6 = "": null

16-05-2025T08:58:13 - [TEST_STEP][PASSED] - a7 = "": null

16-05-2025T08:58:13 - [TEST_STEP][PASSED] - a8 = "": null

16-05-2025T08:58:13 - [TEST_STEP][PASSED] - a9 = "": null

16-05-2025T08:58:13 - [TEST_STEP][PASSED] - if (run == 1): null

16-05-2025T08:58:13 - [TEST_STEP][PASSED] - if (run == 2): null

16-05-2025T08:58:13 - [TEST_STEP][PASSED] - user = "Андреева": null

16-05-2025T08:58:13 - [TEST_STEP][PASSED] - a1 = getText(findTestObject("Отпуск в сеть/span1")): Text of object 'Object Repository/Отпуск в сеть/span1' is: '164 941 759'

16-05-2025T08:58:14 - [MESSAGE][PASSED] - Text of object 'Object Repository/Отпуск в сеть/span1' is: '164 941 759'

16-05-2025T08:58:14 - [TEST_STEP][PASSED] - a2 = getText(findTestObject("Отпуск в сеть/span2")): Text of object 'Object Repository/Отпуск в сеть/span2' is: '648 220'

16-05-2025T08:58:14 - [MESSAGE][PASSED] - Text of object 'Object Repository/Отпуск в сеть/span2' is: '648 220'

16-05-2025T08:58:14 - [TEST_STEP][PASSED] - a3 = getText(findTestObject("Отпуск в сеть/График1")): Text of object 'Object Repository/Отпуск в сеть/График1' is: '●● Отклонения, тыс. кВт⋅ч
тыс. кВт⋅ч
Отклонения по отпуску в сеть
-164 293 539-164 293 539
2023/2024
-150 000 000
-100 000 000
-50 000 000
0
-200 000 000'

16-05-2025T08:58:14 - [MESSAGE][PASSED] - Text of object 'Object Repository/Отпуск в сеть/График1' is: '●● Отклонения, тыс. кВт⋅ч
тыс. кВт⋅ч
Отклонения по отпуску в сеть
-164 293 539-164 293 539
2023/2024
-150 000 000
-100 000 000
-50 000 000
0
-200 000 000'

16-05-2025T08:58:14 - [TEST_STEP][PASSED] - a4 = getText(findTestObject("Отпуск в сеть/График2")): Text of object 'Object Repository/Отпуск в сеть/График2' is: '●● Отклонения, %
%
Отклонения по отпуску в сеть
-99.61-99.61
2023/2024
-100
0
-125
-75
-50
-25'

16-05-2025T08:58:14 - [MESSAGE][PASSED] - Text of object 'Object Repository/Отпуск в сеть/График2' is: '●● Отклонения, %
%
Отклонения по отпуску в сеть
-99.61-99.61
2023/2024
-100
0
-125
-75
-50
-25'

16-05-2025T08:58:14 - [TEST_STEP][PASSED] - n = n + 13: null

16-05-2025T08:58:14 - [TEST_STEP][PASSED] - b = n - run + 1: null

16-05-2025T08:58:14 - [TEST_STEP][PASSED] - verifyEqual(findTestData("PlanFact").getValue(2, b), a1): Actual object '164 941 759' and expected object '164 941 759' are equal

16-05-2025T08:58:15 - [MESSAGE][PASSED] - Actual object '164 941 759' and expected object '164 941 759' are equal

16-05-2025T08:58:15 - [TEST_STEP][PASSED] - verifyEqual(findTestData("PlanFact").getValue(3, b), a2): Actual object '648 220' and expected object '648 220' are equal

16-05-2025T08:58:15 - [MESSAGE][PASSED] - Actual object '648 220' and expected object '648 220' are equal

16-05-2025T08:58:15 - [TEST_STEP][PASSED] - verifyEqual(findTestData("PlanFact").getValue(4, b), a3): Actual object '●● Отклонения, тыс. кВт⋅ч
тыс. кВт⋅ч
Отклонения по отпуску в сеть
-164 293 539-164 293 539
2023/2024
-150 000 000
-100 000 000
-50 000 000
0
-200 000 000' and expected object '●● Отклонения, тыс. кВт⋅ч
тыс. кВт⋅ч
Отклонения по отпуску в сеть
-164 293 539-164 293 539
2023/2024
-150 000 000
-100 000 000
-50 000 000
0
-200 000 000' are equal

16-05-2025T08:58:15 - [MESSAGE][PASSED] - Actual object '●● Отклонения, тыс. кВт⋅ч
тыс. кВт⋅ч
Отклонения по отпуску в сеть
-164 293 539-164 293 539
2023/2024
-150 000 000
-100 000 000
-50 000 000
0
-200 000 000' and expected object '●● Отклонения, тыс. кВт⋅ч
тыс. кВт⋅ч
Отклонения по отпуску в сеть
-164 293 539-164 293 539
2023/2024
-150 000 000
-100 000 000
-50 000 000
0
-200 000 000' are equal

16-05-2025T08:58:15 - [TEST_STEP][PASSED] - verifyEqual(findTestData("PlanFact").getValue(5, b), a4): Actual object '●● Отклонения, %
%
Отклонения по отпуску в сеть
-99.61-99.61
2023/2024
-100
0
-125
-75
-50
-25' and expected object '●● Отклонения, %
%
Отклонения по отпуску в сеть
-99.61-99.61
2023/2024
-100
0
-125
-75
-50
-25' are equal

16-05-2025T08:58:15 - [MESSAGE][PASSED] - Actual object '●● Отклонения, %
%
Отклонения по отпуску в сеть
-99.61-99.61
2023/2024
-100
0
-125
-75
-50
-25' and expected object '●● Отклонения, %
%
Отклонения по отпуску в сеть
-99.61-99.61
2023/2024
-100
0
-125
-75
-50
-25' are equal

16-05-2025T08:58:15 - [TEST_STEP][PASSED] - Script1686231490255.WriteToExcel(user, dashboardName, n, data, run, a1, a2, a3, a4, a5, a6, a7, a8, a9): null

16-05-2025T08:58:15 - [TEST_STEP][PASSED] - sheetName = "Sheet1": null

16-05-2025T08:58:15 - [TEST_STEP][PASSED] - workbook01 = getWorkbook(excelFilePath): null

16-05-2025T08:58:15 - [TEST_STEP][PASSED] - sheet01 = getExcelSheet(workbook01, sheetName): null

16-05-2025T08:58:15 - [TEST_STEP][PASSED] - setValueToCellByIndex(sheet01, n, 0, dashboardName): null

16-05-2025T08:58:15 - [TEST_STEP][PASSED] - setValueToCellByIndex(sheet01, n, 10, user): null

16-05-2025T08:58:15 - [TEST_STEP][PASSED] - setValueToCellByIndex(sheet01, n, 1, a1): null

16-05-2025T08:58:15 - [TEST_STEP][PASSED] - setValueToCellByIndex(sheet01, n, 2, a2): null

16-05-2025T08:58:15 - [TEST_STEP][PASSED] - setValueToCellByIndex(sheet01, n, 3, a3): null

16-05-2025T08:58:15 - [TEST_STEP][PASSED] - setValueToCellByIndex(sheet01, n, 4, a4): null

16-05-2025T08:58:15 - [TEST_STEP][PASSED] - setValueToCellByIndex(sheet01, n, 5, a5): null

16-05-2025T08:58:15 - [TEST_STEP][PASSED] - setValueToCellByIndex(sheet01, n, 6, a6): null

16-05-2025T08:58:15 - [TEST_STEP][PASSED] - setValueToCellByIndex(sheet01, n, 7, a7): null

16-05-2025T08:58:15 - [TEST_STEP][PASSED] - setValueToCellByIndex(sheet01, n, 8, a8): null

16-05-2025T08:58:15 - [TEST_STEP][PASSED] - setValueToCellByIndex(sheet01, n, 9, a9): null

16-05-2025T08:58:15 - [TEST_STEP][PASSED] - n = n + 1: null

16-05-2025T08:58:15 - [TEST_STEP][PASSED] - saveWorkbook(excelFilePath, workbook01): null

16-05-2025T08:58:15 - [TEST_STEP][PASSED] - if (run == 3): null

16-05-2025T08:58:15 - [TEST_STEP][PASSED] - closeBrowser(): null

16-05-2025T08:58:15 - [MESSAGE][PASSED] - Browser is closed

16-05-2025T08:58:15 - [TEST_STEP][PASSED] - OtpuskVSet(user, dashboardName, n, data, run, a1, a2, a3, a4, a5, a6, a7, a8, a9, urlData): null

16-05-2025T08:58:15 - [TEST_STEP][PASSED] - n = data.getRowNumbers() + 1: null

16-05-2025T08:58:15 - [TEST_STEP][PASSED] - println(n): null

16-05-2025T08:58:15 - [TEST_STEP][PASSED] - dashboardName = "Отпуск в сеть": null

16-05-2025T08:58:15 - [TEST_STEP][PASSED] - openBrowser(""): Browser is opened with url: ''

16-05-2025T08:58:15 - [MESSAGE][INFO] - Starting 'Chrome' driver

16-05-2025T08:58:15 - [MESSAGE][INFO] - Action delay is set to 0 milliseconds

16-05-2025T08:58:16 - [MESSAGE][PASSED] - Browser is opened with url: ''

16-05-2025T08:58:16 - [TEST_STEP][PASSED] - urlData = 16: null

16-05-2025T08:58:16 - [TEST_STEP][PASSED] - Script1686231490255.CheckPageDownload(urlData, run): null

16-05-2025T08:58:16 - [TEST_STEP][PASSED] - i = 1: null

16-05-2025T08:58:16 - [TEST_STEP][PASSED] - ii = 0: null

16-05-2025T08:58:16 - [TEST_STEP][PASSED] - urlText = <not implemented yet for class: org.codehaus.groovy.ast.expr.EmptyExpression>: null

16-05-2025T08:58:16 - [TEST_STEP][PASSED] - searchWord = <not implemented yet for class: org.codehaus.groovy.ast.expr.EmptyExpression>: null

16-05-2025T08:58:16 - [TEST_STEP][PASSED] - deleteAllCookies(): Delete all cookies successfully

16-05-2025T08:58:16 - [MESSAGE][PASSED] - Delete all cookies successfully

16-05-2025T08:58:16 - [TEST_STEP][PASSED] - refresh(): Refresh successfully

16-05-2025T08:58:16 - [MESSAGE][PASSED] - Refresh successfully

16-05-2025T08:58:16 - [TEST_STEP][PASSED] - delay(70): Delayed 70 second(s)

16-05-2025T08:59:26 - [MESSAGE][PASSED] - Delayed 70 second(s)

16-05-2025T08:59:26 - [TEST_STEP][PASSED] - navigateToUrl(findTestData("PlanFact").getValue(10, urlData)): Navigate to 'https://bi.rosseti.digital/viewer?dashboardGuid=d154a8eaf6824e2b9de1bb04dd061c18&sheetGuid=33f591ea3cbf498897e314a4cd5a9f29&fit=true' successfully

16-05-2025T08:59:29 - [MESSAGE][PASSED] - Navigate to 'https://bi.rosseti.digital/viewer?dashboardGuid=d154a8eaf6824e2b9de1bb04dd061c18&sheetGuid=33f591ea3cbf498897e314a4cd5a9f29&fit=true' successfully

16-05-2025T08:59:29 - [TEST_STEP][PASSED] - pageLoaded1 = verifyElementPresent(findTestObject("Страница авторизации/Text"), 30): Object 'Object Repository/Страница авторизации/Text' is present

16-05-2025T08:59:29 - [MESSAGE][PASSED] - Object 'Object Repository/Страница авторизации/Text' is present

16-05-2025T08:59:29 - [TEST_STEP][PASSED] - if (pageLoaded1 == false): null

16-05-2025T08:59:29 - [TEST_STEP][PASSED] - urlText = getText(findTestObject("Страница авторизации/Text")): Text of object 'Object Repository/Страница авторизации/Text' is: 'Вход'

16-05-2025T08:59:30 - [MESSAGE][PASSED] - Text of object 'Object Repository/Страница авторизации/Text' is: 'Вход'

16-05-2025T08:59:30 - [TEST_STEP][PASSED] - delay(70): Delayed 70 second(s)

16-05-2025T09:00:40 - [MESSAGE][PASSED] - Delayed 70 second(s)

16-05-2025T09:00:40 - [TEST_STEP][PASSED] - searchWord = "Вход": null

16-05-2025T09:00:40 - [TEST_STEP][PASSED] - if (urlText.contains(searchWord) == false): null

16-05-2025T09:00:40 - [TEST_STEP][PASSED] - setText(findTestObject("Страница авторизации/input__username"), findTestData("PlanFact").getValue(8, run)): Text 'Petrova-OV' is set on object 'Object Repository/Страница авторизации/input__username'

16-05-2025T09:00:40 - [MESSAGE][PASSED] - Text 'Petrova-OV' is set on object 'Object Repository/Страница авторизации/input__username'

16-05-2025T09:00:40 - [TEST_STEP][PASSED] - setText(findTestObject("Страница авторизации/input__password"), findTestData("PlanFact").getValue(9, run)): Text '4Ex@~R53r&3x&BVe7' is set on object 'Object Repository/Страница авторизации/input__password'

16-05-2025T09:00:41 - [MESSAGE][PASSED] - Text '4Ex@~R53r&3x&BVe7' is set on object 'Object Repository/Страница авторизации/input__password'

16-05-2025T09:00:41 - [TEST_STEP][PASSED] - click(findTestObject("Страница авторизации/button_")): Object: 'Object Repository/Страница авторизации/button_' is clicked on

16-05-2025T09:00:42 - [MESSAGE][PASSED] - Object: 'Object Repository/Страница авторизации/button_' is clicked on

16-05-2025T09:00:42 - [TEST_STEP][PASSED] - delay(70): Delayed 70 second(s)

16-05-2025T09:01:52 - [MESSAGE][PASSED] - Delayed 70 second(s)

16-05-2025T09:01:52 - [TEST_STEP][PASSED] - searchWord = "а": null

16-05-2025T09:01:52 - [TEST_STEP][PASSED] - pageLoaded2 = verifyElementPresent(findTestObject("Страница авторизации/Text"), 50): Object 'Object Repository/Страница авторизации/Text' is present

16-05-2025T09:01:52 - [MESSAGE][PASSED] - Object 'Object Repository/Страница авторизации/Text' is present

16-05-2025T09:01:52 - [TEST_STEP][PASSED] - if (pageLoaded2 == false): null

16-05-2025T09:01:52 - [TEST_STEP][PASSED] - urlText = getText(findTestObject("Страница авторизации/Text")): Text of object 'Object Repository/Страница авторизации/Text' is: 'ДЗО 
Все
Период
2025 год - 1 квартал, 2024 год - 1 квартал, 2023 год - 1 квартал
тыс. кВт⋅ч
Отпуск в сеть
Факт
2023 год
2024 год
0
20 000
40 000
60 000
80 000
100 000
120 000
140 000
160 000
180 000
164 941 759
648 220
●● Отклонения, %
%
Отклонения по отпуску в сеть
-99.61-99.61
2023/2024
-100
0
-125
-75
-50
-25
●● Отклонения, тыс. кВт⋅ч
тыс. кВт⋅ч
Отклонения по отпуску в сеть
-164 293 539-164 293 539
2023/2024
-150 000 000
-100 000 000
-50 000 000
0
-200 000 000
Фактические данные по отпуску в сеть'

16-05-2025T09:01:53 - [MESSAGE][PASSED] - Text of object 'Object Repository/Страница авторизации/Text' is: 'ДЗО 
Все
Период
2025 год - 1 квартал, 2024 год - 1 квартал, 2023 год - 1 квартал
тыс. кВт⋅ч
Отпуск в сеть
Факт
2023 год
2024 год
0
20 000
40 000
60 000
80 000
100 000
120 000
140 000
160 000
180 000
164 941 759
648 220
●● Отклонения, %
%
Отклонения по отпуску в сеть
-99.61-99.61
2023/2024
-100
0
-125
-75
-50
-25
●● Отклонения, тыс. кВт⋅ч
тыс. кВт⋅ч
Отклонения по отпуску в сеть
-164 293 539-164 293 539
2023/2024
-150 000 000
-100 000 000
-50 000 000
0
-200 000 000
Фактические данные по отпуску в сеть'

16-05-2025T09:01:53 - [TEST_STEP][PASSED] - if (urlText.contains("ошибка") || urlText.contains(searchWord) == false): null

16-05-2025T09:01:53 - [TEST_STEP][PASSED] - a5 = "": null

16-05-2025T09:01:53 - [TEST_STEP][PASSED] - a6 = "": null

16-05-2025T09:01:53 - [TEST_STEP][PASSED] - a7 = "": null

16-05-2025T09:01:53 - [TEST_STEP][PASSED] - a8 = "": null

16-05-2025T09:01:53 - [TEST_STEP][PASSED] - a9 = "": null

16-05-2025T09:01:53 - [TEST_STEP][PASSED] - if (run == 1): null

16-05-2025T09:01:53 - [TEST_STEP][PASSED] - if (run == 2): null

16-05-2025T09:01:53 - [TEST_STEP][PASSED] - if (run == 3): null

16-05-2025T09:01:53 - [TEST_STEP][PASSED] - user = "Попова": null

16-05-2025T09:01:53 - [TEST_STEP][PASSED] - a1 = getText(findTestObject("Отпуск в сеть/span1")): Text of object 'Object Repository/Отпуск в сеть/span1' is: '164 941 759'

16-05-2025T09:01:53 - [MESSAGE][PASSED] - Text of object 'Object Repository/Отпуск в сеть/span1' is: '164 941 759'

16-05-2025T09:01:53 - [TEST_STEP][PASSED] - a2 = getText(findTestObject("Отпуск в сеть/span2")): Text of object 'Object Repository/Отпуск в сеть/span2' is: '648 220'

16-05-2025T09:01:53 - [MESSAGE][PASSED] - Text of object 'Object Repository/Отпуск в сеть/span2' is: '648 220'

16-05-2025T09:01:53 - [TEST_STEP][PASSED] - a3 = getText(findTestObject("Отпуск в сеть/График1")): Text of object 'Object Repository/Отпуск в сеть/График1' is: '●● Отклонения, тыс. кВт⋅ч
тыс. кВт⋅ч
Отклонения по отпуску в сеть
-164 293 539-164 293 539
2023/2024
-150 000 000
-100 000 000
-50 000 000
0
-200 000 000'

16-05-2025T09:01:54 - [MESSAGE][PASSED] - Text of object 'Object Repository/Отпуск в сеть/График1' is: '●● Отклонения, тыс. кВт⋅ч
тыс. кВт⋅ч
Отклонения по отпуску в сеть
-164 293 539-164 293 539
2023/2024
-150 000 000
-100 000 000
-50 000 000
0
-200 000 000'

16-05-2025T09:01:54 - [TEST_STEP][PASSED] - a4 = getText(findTestObject("Отпуск в сеть/График2")): Text of object 'Object Repository/Отпуск в сеть/График2' is: '●● Отклонения, %
%
Отклонения по отпуску в сеть
-99.61-99.61
2023/2024
-100
0
-125
-75
-50
-25'

16-05-2025T09:01:54 - [MESSAGE][PASSED] - Text of object 'Object Repository/Отпуск в сеть/График2' is: '●● Отклонения, %
%
Отклонения по отпуску в сеть
-99.61-99.61
2023/2024
-100
0
-125
-75
-50
-25'

16-05-2025T09:01:54 - [TEST_STEP][PASSED] - n = n + 14: null

16-05-2025T09:01:54 - [TEST_STEP][PASSED] - b = n - run + 1: null

16-05-2025T09:01:54 - [TEST_STEP][PASSED] - verifyEqual(findTestData("PlanFact").getValue(2, b), a1): Actual object '164 941 759' and expected object '164 941 759' are equal

16-05-2025T09:01:54 - [MESSAGE][PASSED] - Actual object '164 941 759' and expected object '164 941 759' are equal

16-05-2025T09:01:54 - [TEST_STEP][PASSED] - verifyEqual(findTestData("PlanFact").getValue(3, b), a2): Actual object '648 220' and expected object '648 220' are equal

16-05-2025T09:01:54 - [MESSAGE][PASSED] - Actual object '648 220' and expected object '648 220' are equal

16-05-2025T09:01:54 - [TEST_STEP][PASSED] - verifyEqual(findTestData("PlanFact").getValue(4, b), a3): Actual object '●● Отклонения, тыс. кВт⋅ч
тыс. кВт⋅ч
Отклонения по отпуску в сеть
-164 293 539-164 293 539
2023/2024
-150 000 000
-100 000 000
-50 000 000
0
-200 000 000' and expected object '●● Отклонения, тыс. кВт⋅ч
тыс. кВт⋅ч
Отклонения по отпуску в сеть
-164 293 539-164 293 539
2023/2024
-150 000 000
-100 000 000
-50 000 000
0
-200 000 000' are equal

16-05-2025T09:01:54 - [MESSAGE][PASSED] - Actual object '●● Отклонения, тыс. кВт⋅ч
тыс. кВт⋅ч
Отклонения по отпуску в сеть
-164 293 539-164 293 539
2023/2024
-150 000 000
-100 000 000
-50 000 000
0
-200 000 000' and expected object '●● Отклонения, тыс. кВт⋅ч
тыс. кВт⋅ч
Отклонения по отпуску в сеть
-164 293 539-164 293 539
2023/2024
-150 000 000
-100 000 000
-50 000 000
0
-200 000 000' are equal

16-05-2025T09:01:54 - [TEST_STEP][PASSED] - verifyEqual(findTestData("PlanFact").getValue(5, b), a4): Actual object '●● Отклонения, %
%
Отклонения по отпуску в сеть
-99.61-99.61
2023/2024
-100
0
-125
-75
-50
-25' and expected object '●● Отклонения, %
%
Отклонения по отпуску в сеть
-99.61-99.61
2023/2024
-100
0
-125
-75
-50
-25' are equal

16-05-2025T09:01:54 - [MESSAGE][PASSED] - Actual object '●● Отклонения, %
%
Отклонения по отпуску в сеть
-99.61-99.61
2023/2024
-100
0
-125
-75
-50
-25' and expected object '●● Отклонения, %
%
Отклонения по отпуску в сеть
-99.61-99.61
2023/2024
-100
0
-125
-75
-50
-25' are equal

16-05-2025T09:01:54 - [TEST_STEP][PASSED] - Script1686231490255.WriteToExcel(user, dashboardName, n, data, run, a1, a2, a3, a4, a5, a6, a7, a8, a9): null

16-05-2025T09:01:54 - [TEST_STEP][PASSED] - sheetName = "Sheet1": null

16-05-2025T09:01:54 - [TEST_STEP][PASSED] - workbook01 = getWorkbook(excelFilePath): null

16-05-2025T09:01:54 - [TEST_STEP][PASSED] - sheet01 = getExcelSheet(workbook01, sheetName): null

16-05-2025T09:01:54 - [TEST_STEP][PASSED] - setValueToCellByIndex(sheet01, n, 0, dashboardName): null

16-05-2025T09:01:54 - [TEST_STEP][PASSED] - setValueToCellByIndex(sheet01, n, 10, user): null

16-05-2025T09:01:54 - [TEST_STEP][PASSED] - setValueToCellByIndex(sheet01, n, 1, a1): null

16-05-2025T09:01:54 - [TEST_STEP][PASSED] - setValueToCellByIndex(sheet01, n, 2, a2): null

16-05-2025T09:01:54 - [TEST_STEP][PASSED] - setValueToCellByIndex(sheet01, n, 3, a3): null

16-05-2025T09:01:54 - [TEST_STEP][PASSED] - setValueToCellByIndex(sheet01, n, 4, a4): null

16-05-2025T09:01:54 - [TEST_STEP][PASSED] - setValueToCellByIndex(sheet01, n, 5, a5): null

16-05-2025T09:01:54 - [TEST_STEP][PASSED] - setValueToCellByIndex(sheet01, n, 6, a6): null

16-05-2025T09:01:54 - [TEST_STEP][PASSED] - setValueToCellByIndex(sheet01, n, 7, a7): null

16-05-2025T09:01:54 - [TEST_STEP][PASSED] - setValueToCellByIndex(sheet01, n, 8, a8): null

16-05-2025T09:01:54 - [TEST_STEP][PASSED] - setValueToCellByIndex(sheet01, n, 9, a9): null

16-05-2025T09:01:54 - [TEST_STEP][PASSED] - n = n + 1: null

16-05-2025T09:01:54 - [TEST_STEP][PASSED] - saveWorkbook(excelFilePath, workbook01): null

16-05-2025T09:01:55 - [TEST_STEP][PASSED] - closeBrowser(): Browser is closed

16-05-2025T09:01:55 - [MESSAGE][PASSED] - Browser is closed

16-05-2025T09:01:55 - [TEST_STEP][PASSED] - delay(70): Delayed 70 second(s)

16-05-2025T09:03:05 - [MESSAGE][PASSED] - Delayed 70 second(s)

16-05-2025T09:03:05 - [TEST_STEP][PASSED] - for ([run = 1, run < 4, (run++)]): null

16-05-2025T09:03:05 - [TEST_STEP][PASSED] - KotlovoyPolezniyOtpusk(user, dashboardName, n, data, run, a1, a2, a3, a4, a5, a6, a7, a8, a9, urlData): null

16-05-2025T09:03:05 - [TEST_STEP][PASSED] - n = data.getRowNumbers() + 1: null

16-05-2025T09:03:05 - [TEST_STEP][PASSED] - println(n): null

16-05-2025T09:03:05 - [TEST_STEP][PASSED] - dashboardName = "Котловой полезный отпуск": null

16-05-2025T09:03:05 - [TEST_STEP][PASSED] - openBrowser(""): Browser is opened with url: ''

16-05-2025T09:03:05 - [MESSAGE][INFO] - Starting 'Chrome' driver

16-05-2025T09:03:05 - [MESSAGE][INFO] - Action delay is set to 0 milliseconds

16-05-2025T09:03:06 - [MESSAGE][PASSED] - Browser is opened with url: ''

16-05-2025T09:03:06 - [TEST_STEP][PASSED] - urlData = 18: null

16-05-2025T09:03:06 - [TEST_STEP][PASSED] - Script1686231490255.CheckPageDownload(urlData, run): null

16-05-2025T09:03:06 - [TEST_STEP][PASSED] - i = 1: null

16-05-2025T09:03:06 - [TEST_STEP][PASSED] - ii = 0: null

16-05-2025T09:03:06 - [TEST_STEP][PASSED] - urlText = <not implemented yet for class: org.codehaus.groovy.ast.expr.EmptyExpression>: null

16-05-2025T09:03:06 - [TEST_STEP][PASSED] - searchWord = <not implemented yet for class: org.codehaus.groovy.ast.expr.EmptyExpression>: null

16-05-2025T09:03:06 - [TEST_STEP][PASSED] - deleteAllCookies(): Delete all cookies successfully

16-05-2025T09:03:06 - [MESSAGE][PASSED] - Delete all cookies successfully

16-05-2025T09:03:06 - [TEST_STEP][PASSED] - refresh(): Refresh successfully

16-05-2025T09:03:06 - [MESSAGE][PASSED] - Refresh successfully

16-05-2025T09:03:06 - [TEST_STEP][PASSED] - delay(70): Delayed 70 second(s)

16-05-2025T09:04:16 - [MESSAGE][PASSED] - Delayed 70 second(s)

16-05-2025T09:04:16 - [TEST_STEP][PASSED] - navigateToUrl(findTestData("PlanFact").getValue(10, urlData)): Navigate to 'https://bi.rosseti.digital/viewer?dashboardGuid=2301950b23be4ed89c1df75f2020051e&sheetGuid=9de09c51f7e14f6a9e9103985ef32ea6&fit=true' successfully

16-05-2025T09:04:18 - [MESSAGE][PASSED] - Navigate to 'https://bi.rosseti.digital/viewer?dashboardGuid=2301950b23be4ed89c1df75f2020051e&sheetGuid=9de09c51f7e14f6a9e9103985ef32ea6&fit=true' successfully

16-05-2025T09:04:18 - [TEST_STEP][PASSED] - pageLoaded1 = verifyElementPresent(findTestObject("Страница авторизации/Text"), 30): Object 'Object Repository/Страница авторизации/Text' is present

16-05-2025T09:04:19 - [MESSAGE][PASSED] - Object 'Object Repository/Страница авторизации/Text' is present

16-05-2025T09:04:19 - [TEST_STEP][PASSED] - if (pageLoaded1 == false): null

16-05-2025T09:04:19 - [TEST_STEP][PASSED] - urlText = getText(findTestObject("Страница авторизации/Text")): Text of object 'Object Repository/Страница авторизации/Text' is: 'Вход'

16-05-2025T09:04:19 - [MESSAGE][PASSED] - Text of object 'Object Repository/Страница авторизации/Text' is: 'Вход'

16-05-2025T09:04:19 - [TEST_STEP][PASSED] - delay(70): Delayed 70 second(s)

16-05-2025T09:05:29 - [MESSAGE][PASSED] - Delayed 70 second(s)

16-05-2025T09:05:29 - [TEST_STEP][PASSED] - searchWord = "Вход": null

16-05-2025T09:05:29 - [TEST_STEP][PASSED] - if (urlText.contains(searchWord) == false): null

16-05-2025T09:05:29 - [TEST_STEP][PASSED] - setText(findTestObject("Страница авторизации/input__username"), findTestData("PlanFact").getValue(8, run)): Text 'liazgina-di' is set on object 'Object Repository/Страница авторизации/input__username'

16-05-2025T09:05:30 - [MESSAGE][PASSED] - Text 'liazgina-di' is set on object 'Object Repository/Страница авторизации/input__username'

16-05-2025T09:05:30 - [TEST_STEP][PASSED] - setText(findTestObject("Страница авторизации/input__password"), findTestData("PlanFact").getValue(9, run)): Text ')$%5srZ8o688Dm#q' is set on object 'Object Repository/Страница авторизации/input__password'

16-05-2025T09:05:30 - [MESSAGE][PASSED] - Text ')$%5srZ8o688Dm#q' is set on object 'Object Repository/Страница авторизации/input__password'

16-05-2025T09:05:30 - [TEST_STEP][PASSED] - click(findTestObject("Страница авторизации/button_")): Object: 'Object Repository/Страница авторизации/button_' is clicked on

16-05-2025T09:05:32 - [MESSAGE][PASSED] - Object: 'Object Repository/Страница авторизации/button_' is clicked on

16-05-2025T09:05:32 - [TEST_STEP][PASSED] - delay(70): Delayed 70 second(s)

16-05-2025T09:06:42 - [MESSAGE][PASSED] - Delayed 70 second(s)

16-05-2025T09:06:42 - [TEST_STEP][PASSED] - searchWord = "а": null

16-05-2025T09:06:42 - [TEST_STEP][PASSED] - pageLoaded2 = verifyElementPresent(findTestObject("Страница авторизации/Text"), 50): Object 'Object Repository/Страница авторизации/Text' is present

16-05-2025T09:06:42 - [MESSAGE][PASSED] - Object 'Object Repository/Страница авторизации/Text' is present

16-05-2025T09:06:42 - [TEST_STEP][PASSED] - if (pageLoaded2 == false): null

16-05-2025T09:06:42 - [TEST_STEP][PASSED] - urlText = getText(findTestObject("Страница авторизации/Text")): Text of object 'Object Repository/Страница авторизации/Text' is: 'Период
1 кв. 2025 года
Выручка
Все
ДЗО 
Все
Внутренний оборот – выручка за услуги по передаче электрической энергии, входящая в стоимость электроэнергии (продажа) при выполнении ДЗО функций гарантирующего поставщика
Подписи данных
Отклонение котлового полезного отпуска ПАО Россети за 1 кв. 2025 года (факт/план, млн. кВтч)
ПАО Россети
-4 380 млн.кВтч.
млн.
%
Котловой полезный отпуск
Выполнение плановых показателей по ПАО Россети за 1 кв. 2025 года
План
Факт
Динамика
2025 год
0 млн.кВтч.
20 000 млн.кВтч.
40 000 млн.кВтч.
60 000 млн.кВтч.
80 000 млн.кВтч.
100 000 млн.кВтч.
120 000 млн.кВтч.
140 000 млн.кВтч.
160 000 млн.кВтч.
180 000 млн.кВтч.
200 000 млн.кВтч.
157 120
0
↓
⬤Отклонение
АО "РЭС"
АО «Тываэнерго»
АО «Чеченэнерго»
Россети Волга
Россети Кубань
Россети Ленэнерго (ГК)
Россети Московский регион
Россети Северный Кавказ (ГК)
Россети Северо-Запад
Россети Сибирь (ГК)
Россети Томск
Россети Тюмень
Россети Урал (ГК)
Россети ФСК ЕЭС
Россети Центр
Россети Центр и Приволжье (ГК)
Россети Юг (ГК)
Россети Янтарь
-1 400 млн.кВтч.
-1 200 млн.кВтч.
-1 000 млн.кВтч.
- 800 млн.кВтч.
- 600 млн.кВтч.
- 400 млн.кВтч.
- 200 млн.кВтч.
0 млн.кВтч.
200 млн.кВтч.
400 млн.кВтч.
-141
14
-4
-365
94
-119
-1 315
-220
-99
201
-44
-1 094
-463
-33
-354
-373
-73
6'

16-05-2025T09:06:43 - [MESSAGE][PASSED] - Text of object 'Object Repository/Страница авторизации/Text' is: 'Период
1 кв. 2025 года
Выручка
Все
ДЗО 
Все
Внутренний оборот – выручка за услуги по передаче электрической энергии, входящая в стоимость электроэнергии (продажа) при выполнении ДЗО функций гарантирующего поставщика
Подписи данных
Отклонение котлового полезного отпуска ПАО Россети за 1 кв. 2025 года (факт/план, млн. кВтч)
ПАО Россети
-4 380 млн.кВтч.
млн.
%
Котловой полезный отпуск
Выполнение плановых показателей по ПАО Россети за 1 кв. 2025 года
План
Факт
Динамика
2025 год
0 млн.кВтч.
20 000 млн.кВтч.
40 000 млн.кВтч.
60 000 млн.кВтч.
80 000 млн.кВтч.
100 000 млн.кВтч.
120 000 млн.кВтч.
140 000 млн.кВтч.
160 000 млн.кВтч.
180 000 млн.кВтч.
200 000 млн.кВтч.
157 120
0
↓
⬤Отклонение
АО "РЭС"
АО «Тываэнерго»
АО «Чеченэнерго»
Россети Волга
Россети Кубань
Россети Ленэнерго (ГК)
Россети Московский регион
Россети Северный Кавказ (ГК)
Россети Северо-Запад
Россети Сибирь (ГК)
Россети Томск
Россети Тюмень
Россети Урал (ГК)
Россети ФСК ЕЭС
Россети Центр
Россети Центр и Приволжье (ГК)
Россети Юг (ГК)
Россети Янтарь
-1 400 млн.кВтч.
-1 200 млн.кВтч.
-1 000 млн.кВтч.
- 800 млн.кВтч.
- 600 млн.кВтч.
- 400 млн.кВтч.
- 200 млн.кВтч.
0 млн.кВтч.
200 млн.кВтч.
400 млн.кВтч.
-141
14
-4
-365
94
-119
-1 315
-220
-99
201
-44
-1 094
-463
-33
-354
-373
-73
6'

16-05-2025T09:06:43 - [TEST_STEP][PASSED] - if (urlText.contains("ошибка") || urlText.contains(searchWord) == false): null

16-05-2025T09:06:43 - [TEST_STEP][PASSED] - a2 = "": null

16-05-2025T09:06:43 - [TEST_STEP][PASSED] - a3 = "": null

16-05-2025T09:06:43 - [TEST_STEP][PASSED] - a4 = "": null

16-05-2025T09:06:43 - [TEST_STEP][PASSED] - a5 = "": null

16-05-2025T09:06:43 - [TEST_STEP][PASSED] - a6 = "": null

16-05-2025T09:06:43 - [TEST_STEP][PASSED] - a7 = "": null

16-05-2025T09:06:43 - [TEST_STEP][PASSED] - a8 = "": null

16-05-2025T09:06:43 - [TEST_STEP][PASSED] - a9 = "": null

16-05-2025T09:06:43 - [TEST_STEP][PASSED] - if (run == 1): null

16-05-2025T09:06:43 - [TEST_STEP][PASSED] - user = "админ": null

16-05-2025T09:06:43 - [TEST_STEP][PASSED] - a1 = getText(findTestObject("Котловой полезный отпуск/График 1")): Text of object 'Object Repository/Котловой полезный отпуск/График 1' is: 'Период
1 кв. 2025 года
Выручка
Все
ДЗО 
Все
Внутренний оборот – выручка за услуги по передаче электрической энергии, входящая в стоимость электроэнергии (продажа) при выполнении ДЗО функций гарантирующего поставщика
Подписи данных
Отклонение котлового полезного отпуска ПАО Россети за 1 кв. 2025 года (факт/план, млн. кВтч)
ПАО Россети
-4 380 млн.кВтч.
млн.
%
Котловой полезный отпуск
Выполнение плановых показателей по ПАО Россети за 1 кв. 2025 года
План
Факт
Динамика
2025 год
0 млн.кВтч.
20 000 млн.кВтч.
40 000 млн.кВтч.
60 000 млн.кВтч.
80 000 млн.кВтч.
100 000 млн.кВтч.
120 000 млн.кВтч.
140 000 млн.кВтч.
160 000 млн.кВтч.
180 000 млн.кВтч.
200 000 млн.кВтч.
157 120
0
↓
⬤Отклонение
АО "РЭС"
АО «Тываэнерго»
АО «Чеченэнерго»
Россети Волга
Россети Кубань
Россети Ленэнерго (ГК)
Россети Московский регион
Россети Северный Кавказ (ГК)
Россети Северо-Запад
Россети Сибирь (ГК)
Россети Томск
Россети Тюмень
Россети Урал (ГК)
Россети ФСК ЕЭС
Россети Центр
Россети Центр и Приволжье (ГК)
Россети Юг (ГК)
Россети Янтарь
-1 400 млн.кВтч.
-1 200 млн.кВтч.
-1 000 млн.кВтч.
- 800 млн.кВтч.
- 600 млн.кВтч.
- 400 млн.кВтч.
- 200 млн.кВтч.
0 млн.кВтч.
200 млн.кВтч.
400 млн.кВтч.
-141
14
-4
-365
94
-119
-1 315
-220
-99
201
-44
-1 094
-463
-33
-354
-373
-73
6'

16-05-2025T09:06:43 - [MESSAGE][PASSED] - Text of object 'Object Repository/Котловой полезный отпуск/График 1' is: 'Период
1 кв. 2025 года
Выручка
Все
ДЗО 
Все
Внутренний оборот – выручка за услуги по передаче электрической энергии, входящая в стоимость электроэнергии (продажа) при выполнении ДЗО функций гарантирующего поставщика
Подписи данных
Отклонение котлового полезного отпуска ПАО Россети за 1 кв. 2025 года (факт/план, млн. кВтч)
ПАО Россети
-4 380 млн.кВтч.
млн.
%
Котловой полезный отпуск
Выполнение плановых показателей по ПАО Россети за 1 кв. 2025 года
План
Факт
Динамика
2025 год
0 млн.кВтч.
20 000 млн.кВтч.
40 000 млн.кВтч.
60 000 млн.кВтч.
80 000 млн.кВтч.
100 000 млн.кВтч.
120 000 млн.кВтч.
140 000 млн.кВтч.
160 000 млн.кВтч.
180 000 млн.кВтч.
200 000 млн.кВтч.
157 120
0
↓
⬤Отклонение
АО "РЭС"
АО «Тываэнерго»
АО «Чеченэнерго»
Россети Волга
Россети Кубань
Россети Ленэнерго (ГК)
Россети Московский регион
Россети Северный Кавказ (ГК)
Россети Северо-Запад
Россети Сибирь (ГК)
Россети Томск
Россети Тюмень
Россети Урал (ГК)
Россети ФСК ЕЭС
Россети Центр
Россети Центр и Приволжье (ГК)
Россети Юг (ГК)
Россети Янтарь
-1 400 млн.кВтч.
-1 200 млн.кВтч.
-1 000 млн.кВтч.
- 800 млн.кВтч.
- 600 млн.кВтч.
- 400 млн.кВтч.
- 200 млн.кВтч.
0 млн.кВтч.
200 млн.кВтч.
400 млн.кВтч.
-141
14
-4
-365
94
-119
-1 315
-220
-99
201
-44
-1 094
-463
-33
-354
-373
-73
6'

16-05-2025T09:06:43 - [TEST_STEP][PASSED] - a1 = replaceAll("[\r?
|
]", "").replaceAll("\s+", ""): null

16-05-2025T09:06:43 - [TEST_STEP][PASSED] - if (a1 == ""): null

16-05-2025T09:06:43 - [TEST_STEP][PASSED] - n = n + 21: null

16-05-2025T09:06:43 - [TEST_STEP][PASSED] - Script1686231490255.WriteToExcel(user, dashboardName, n, data, run, a1, a2, a3, a4, a5, a6, a7, a8, a9): null

16-05-2025T09:06:43 - [TEST_STEP][PASSED] - sheetName = "Sheet1": null

16-05-2025T09:06:43 - [TEST_STEP][PASSED] - workbook01 = getWorkbook(excelFilePath): null

16-05-2025T09:06:43 - [TEST_STEP][PASSED] - sheet01 = getExcelSheet(workbook01, sheetName): null

16-05-2025T09:06:43 - [TEST_STEP][PASSED] - setValueToCellByIndex(sheet01, n, 0, dashboardName): null

16-05-2025T09:06:43 - [TEST_STEP][PASSED] - setValueToCellByIndex(sheet01, n, 10, user): null

16-05-2025T09:06:43 - [TEST_STEP][PASSED] - setValueToCellByIndex(sheet01, n, 1, a1): null

16-05-2025T09:06:43 - [TEST_STEP][PASSED] - setValueToCellByIndex(sheet01, n, 2, a2): null

16-05-2025T09:06:43 - [TEST_STEP][PASSED] - setValueToCellByIndex(sheet01, n, 3, a3): null

16-05-2025T09:06:43 - [TEST_STEP][PASSED] - setValueToCellByIndex(sheet01, n, 4, a4): null

16-05-2025T09:06:43 - [TEST_STEP][PASSED] - setValueToCellByIndex(sheet01, n, 5, a5): null

16-05-2025T09:06:43 - [TEST_STEP][PASSED] - setValueToCellByIndex(sheet01, n, 6, a6): null

16-05-2025T09:06:43 - [TEST_STEP][PASSED] - setValueToCellByIndex(sheet01, n, 7, a7): null

16-05-2025T09:06:43 - [TEST_STEP][PASSED] - setValueToCellByIndex(sheet01, n, 8, a8): null

16-05-2025T09:06:43 - [TEST_STEP][PASSED] - setValueToCellByIndex(sheet01, n, 9, a9): null

16-05-2025T09:06:43 - [TEST_STEP][PASSED] - n = n + 1: null

16-05-2025T09:06:43 - [TEST_STEP][PASSED] - saveWorkbook(excelFilePath, workbook01): null

16-05-2025T09:06:44 - [TEST_STEP][PASSED] - if (run == 2): null

16-05-2025T09:06:44 - [TEST_STEP][PASSED] - if (run == 3): null

16-05-2025T09:06:44 - [TEST_STEP][PASSED] - closeBrowser(): null

16-05-2025T09:06:44 - [MESSAGE][PASSED] - Browser is closed

16-05-2025T09:06:44 - [TEST_STEP][PASSED] - KotlovoyPolezniyOtpusk(user, dashboardName, n, data, run, a1, a2, a3, a4, a5, a6, a7, a8, a9, urlData): null

16-05-2025T09:06:44 - [TEST_STEP][PASSED] - n = data.getRowNumbers() + 1: null

16-05-2025T09:06:44 - [TEST_STEP][PASSED] - println(n): null

16-05-2025T09:06:44 - [TEST_STEP][PASSED] - dashboardName = "Котловой полезный отпуск": null

16-05-2025T09:06:44 - [TEST_STEP][PASSED] - openBrowser(""): Browser is opened with url: ''

16-05-2025T09:06:44 - [MESSAGE][INFO] - Starting 'Chrome' driver

16-05-2025T09:06:44 - [MESSAGE][INFO] - Action delay is set to 0 milliseconds

16-05-2025T09:06:45 - [MESSAGE][PASSED] - Browser is opened with url: ''

16-05-2025T09:06:45 - [TEST_STEP][PASSED] - urlData = 18: null

16-05-2025T09:06:45 - [TEST_STEP][PASSED] - Script1686231490255.CheckPageDownload(urlData, run): null

16-05-2025T09:06:45 - [TEST_STEP][PASSED] - i = 1: null

16-05-2025T09:06:45 - [TEST_STEP][PASSED] - ii = 0: null

16-05-2025T09:06:45 - [TEST_STEP][PASSED] - urlText = <not implemented yet for class: org.codehaus.groovy.ast.expr.EmptyExpression>: null

16-05-2025T09:06:45 - [TEST_STEP][PASSED] - searchWord = <not implemented yet for class: org.codehaus.groovy.ast.expr.EmptyExpression>: null

16-05-2025T09:06:45 - [TEST_STEP][PASSED] - deleteAllCookies(): Delete all cookies successfully

16-05-2025T09:06:45 - [MESSAGE][PASSED] - Delete all cookies successfully

16-05-2025T09:06:45 - [TEST_STEP][PASSED] - refresh(): Refresh successfully

16-05-2025T09:06:45 - [MESSAGE][PASSED] - Refresh successfully

16-05-2025T09:06:45 - [TEST_STEP][PASSED] - delay(70): Delayed 70 second(s)

16-05-2025T09:07:55 - [MESSAGE][PASSED] - Delayed 70 second(s)

16-05-2025T09:07:55 - [TEST_STEP][PASSED] - navigateToUrl(findTestData("PlanFact").getValue(10, urlData)): Navigate to 'https://bi.rosseti.digital/viewer?dashboardGuid=2301950b23be4ed89c1df75f2020051e&sheetGuid=9de09c51f7e14f6a9e9103985ef32ea6&fit=true' successfully

16-05-2025T09:07:57 - [MESSAGE][PASSED] - Navigate to 'https://bi.rosseti.digital/viewer?dashboardGuid=2301950b23be4ed89c1df75f2020051e&sheetGuid=9de09c51f7e14f6a9e9103985ef32ea6&fit=true' successfully

16-05-2025T09:07:57 - [TEST_STEP][PASSED] - pageLoaded1 = verifyElementPresent(findTestObject("Страница авторизации/Text"), 30): Object 'Object Repository/Страница авторизации/Text' is present

16-05-2025T09:07:58 - [MESSAGE][PASSED] - Object 'Object Repository/Страница авторизации/Text' is present

16-05-2025T09:07:58 - [TEST_STEP][PASSED] - if (pageLoaded1 == false): null

16-05-2025T09:07:58 - [TEST_STEP][PASSED] - urlText = getText(findTestObject("Страница авторизации/Text")): Text of object 'Object Repository/Страница авторизации/Text' is: 'Вход'

16-05-2025T09:07:58 - [MESSAGE][PASSED] - Text of object 'Object Repository/Страница авторизации/Text' is: 'Вход'

16-05-2025T09:07:58 - [TEST_STEP][PASSED] - delay(70): Delayed 70 second(s)

16-05-2025T09:09:08 - [MESSAGE][PASSED] - Delayed 70 second(s)

16-05-2025T09:09:08 - [TEST_STEP][PASSED] - searchWord = "Вход": null

16-05-2025T09:09:08 - [TEST_STEP][PASSED] - if (urlText.contains(searchWord) == false): null

16-05-2025T09:09:08 - [TEST_STEP][PASSED] - setText(findTestObject("Страница авторизации/input__username"), findTestData("PlanFact").getValue(8, run)): Text 'Andreeva-EV' is set on object 'Object Repository/Страница авторизации/input__username'

16-05-2025T09:09:09 - [MESSAGE][PASSED] - Text 'Andreeva-EV' is set on object 'Object Repository/Страница авторизации/input__username'

16-05-2025T09:09:09 - [TEST_STEP][PASSED] - setText(findTestObject("Страница авторизации/input__password"), findTestData("PlanFact").getValue(9, run)): Text '2nPePKDwCPH3ul7xMZ' is set on object 'Object Repository/Страница авторизации/input__password'

16-05-2025T09:09:10 - [MESSAGE][PASSED] - Text '2nPePKDwCPH3ul7xMZ' is set on object 'Object Repository/Страница авторизации/input__password'

16-05-2025T09:09:10 - [TEST_STEP][PASSED] - click(findTestObject("Страница авторизации/button_")): Object: 'Object Repository/Страница авторизации/button_' is clicked on

16-05-2025T09:09:11 - [MESSAGE][PASSED] - Object: 'Object Repository/Страница авторизации/button_' is clicked on

16-05-2025T09:09:11 - [TEST_STEP][PASSED] - delay(70): Delayed 70 second(s)

16-05-2025T09:10:21 - [MESSAGE][PASSED] - Delayed 70 second(s)

16-05-2025T09:10:21 - [TEST_STEP][PASSED] - searchWord = "а": null

16-05-2025T09:10:21 - [TEST_STEP][PASSED] - pageLoaded2 = verifyElementPresent(findTestObject("Страница авторизации/Text"), 50): Object 'Object Repository/Страница авторизации/Text' is present

16-05-2025T09:10:21 - [MESSAGE][PASSED] - Object 'Object Repository/Страница авторизации/Text' is present

16-05-2025T09:10:21 - [TEST_STEP][PASSED] - if (pageLoaded2 == false): null

16-05-2025T09:10:21 - [TEST_STEP][PASSED] - urlText = getText(findTestObject("Страница авторизации/Text")): Text of object 'Object Repository/Страница авторизации/Text' is: 'Период
1 кв. 2025 года
Выручка
Все
ДЗО 
Все
Внутренний оборот – выручка за услуги по передаче электрической энергии, входящая в стоимость электроэнергии (продажа) при выполнении ДЗО функций гарантирующего поставщика
Подписи данных
Отклонение котлового полезного отпуска ПАО Россети за 1 кв. 2025 года (факт/план, млн. кВтч)
ПАО Россети
-4 380 млн.кВтч.
млн.
%
Котловой полезный отпуск
Выполнение плановых показателей по ПАО Россети за 1 кв. 2025 года
План
Факт
Динамика
2025 год
0 млн.кВтч.
20 000 млн.кВтч.
40 000 млн.кВтч.
60 000 млн.кВтч.
80 000 млн.кВтч.
100 000 млн.кВтч.
120 000 млн.кВтч.
140 000 млн.кВтч.
160 000 млн.кВтч.
180 000 млн.кВтч.
200 000 млн.кВтч.
157 120
152 772
↓
⬤Отклонение
АО "РЭС"
АО «Тываэнерго»
АО «Чеченэнерго»
Россети Волга
Россети Кубань
Россети Ленэнерго (ГК)
Россети Московский регион
Россети Северный Кавказ (ГК)
Россети Северо-Запад
Россети Сибирь (ГК)
Россети Томск
Россети Тюмень
Россети Урал (ГК)
Россети ФСК ЕЭС
Россети Центр
Россети Центр и Приволжье (ГК)
Россети Юг (ГК)
Россети Янтарь
-1 400 млн.кВтч.
-1 200 млн.кВтч.
-1 000 млн.кВтч.
- 800 млн.кВтч.
- 600 млн.кВтч.
- 400 млн.кВтч.
- 200 млн.кВтч.
0 млн.кВтч.
200 млн.кВтч.
400 млн.кВтч.
-141
14
-4
-365
94
-119
-1 315
-220
-99
201
-44
-1 094
-463
-33
-354
-373
-73
6'

16-05-2025T09:10:22 - [MESSAGE][PASSED] - Text of object 'Object Repository/Страница авторизации/Text' is: 'Период
1 кв. 2025 года
Выручка
Все
ДЗО 
Все
Внутренний оборот – выручка за услуги по передаче электрической энергии, входящая в стоимость электроэнергии (продажа) при выполнении ДЗО функций гарантирующего поставщика
Подписи данных
Отклонение котлового полезного отпуска ПАО Россети за 1 кв. 2025 года (факт/план, млн. кВтч)
ПАО Россети
-4 380 млн.кВтч.
млн.
%
Котловой полезный отпуск
Выполнение плановых показателей по ПАО Россети за 1 кв. 2025 года
План
Факт
Динамика
2025 год
0 млн.кВтч.
20 000 млн.кВтч.
40 000 млн.кВтч.
60 000 млн.кВтч.
80 000 млн.кВтч.
100 000 млн.кВтч.
120 000 млн.кВтч.
140 000 млн.кВтч.
160 000 млн.кВтч.
180 000 млн.кВтч.
200 000 млн.кВтч.
157 120
152 772
↓
⬤Отклонение
АО "РЭС"
АО «Тываэнерго»
АО «Чеченэнерго»
Россети Волга
Россети Кубань
Россети Ленэнерго (ГК)
Россети Московский регион
Россети Северный Кавказ (ГК)
Россети Северо-Запад
Россети Сибирь (ГК)
Россети Томск
Россети Тюмень
Россети Урал (ГК)
Россети ФСК ЕЭС
Россети Центр
Россети Центр и Приволжье (ГК)
Россети Юг (ГК)
Россети Янтарь
-1 400 млн.кВтч.
-1 200 млн.кВтч.
-1 000 млн.кВтч.
- 800 млн.кВтч.
- 600 млн.кВтч.
- 400 млн.кВтч.
- 200 млн.кВтч.
0 млн.кВтч.
200 млн.кВтч.
400 млн.кВтч.
-141
14
-4
-365
94
-119
-1 315
-220
-99
201
-44
-1 094
-463
-33
-354
-373
-73
6'

16-05-2025T09:10:22 - [TEST_STEP][PASSED] - if (urlText.contains("ошибка") || urlText.contains(searchWord) == false): null

16-05-2025T09:10:22 - [TEST_STEP][PASSED] - a2 = "": null

16-05-2025T09:10:22 - [TEST_STEP][PASSED] - a3 = "": null

16-05-2025T09:10:22 - [TEST_STEP][PASSED] - a4 = "": null

16-05-2025T09:10:22 - [TEST_STEP][PASSED] - a5 = "": null

16-05-2025T09:10:22 - [TEST_STEP][PASSED] - a6 = "": null

16-05-2025T09:10:22 - [TEST_STEP][PASSED] - a7 = "": null

16-05-2025T09:10:22 - [TEST_STEP][PASSED] - a8 = "": null

16-05-2025T09:10:22 - [TEST_STEP][PASSED] - a9 = "": null

16-05-2025T09:10:22 - [TEST_STEP][PASSED] - if (run == 1): null

16-05-2025T09:10:22 - [TEST_STEP][FAILED] - if (run == 2): null

16-05-2025T09:10:22 - [TEST_STEP][PASSED] - user = "Андреева": null

16-05-2025T09:10:22 - [TEST_STEP][PASSED] - a1 = getText(findTestObject("Котловой полезный отпуск/График 1")): Text of object 'Object Repository/Котловой полезный отпуск/График 1' is: 'Период
1 кв. 2025 года
Выручка
Все
ДЗО 
Все
Внутренний оборот – выручка за услуги по передаче электрической энергии, входящая в стоимость электроэнергии (продажа) при выполнении ДЗО функций гарантирующего поставщика
Подписи данных
Отклонение котлового полезного отпуска ПАО Россети за 1 кв. 2025 года (факт/план, млн. кВтч)
ПАО Россети
-4 380 млн.кВтч.
млн.
%
Котловой полезный отпуск
Выполнение плановых показателей по ПАО Россети за 1 кв. 2025 года
План
Факт
Динамика
2025 год
0 млн.кВтч.
20 000 млн.кВтч.
40 000 млн.кВтч.
60 000 млн.кВтч.
80 000 млн.кВтч.
100 000 млн.кВтч.
120 000 млн.кВтч.
140 000 млн.кВтч.
160 000 млн.кВтч.
180 000 млн.кВтч.
200 000 млн.кВтч.
157 120
152 772
↓
⬤Отклонение
АО "РЭС"
АО «Тываэнерго»
АО «Чеченэнерго»
Россети Волга
Россети Кубань
Россети Ленэнерго (ГК)
Россети Московский регион
Россети Северный Кавказ (ГК)
Россети Северо-Запад
Россети Сибирь (ГК)
Россети Томск
Россети Тюмень
Россети Урал (ГК)
Россети ФСК ЕЭС
Россети Центр
Россети Центр и Приволжье (ГК)
Россети Юг (ГК)
Россети Янтарь
-1 400 млн.кВтч.
-1 200 млн.кВтч.
-1 000 млн.кВтч.
- 800 млн.кВтч.
- 600 млн.кВтч.
- 400 млн.кВтч.
- 200 млн.кВтч.
0 млн.кВтч.
200 млн.кВтч.
400 млн.кВтч.
-141
14
-4
-365
94
-119
-1 315
-220
-99
201
-44
-1 094
-463
-33
-354
-373
-73
6'

16-05-2025T09:10:23 - [MESSAGE][PASSED] - Text of object 'Object Repository/Котловой полезный отпуск/График 1' is: 'Период
1 кв. 2025 года
Выручка
Все
ДЗО 
Все
Внутренний оборот – выручка за услуги по передаче электрической энергии, входящая в стоимость электроэнергии (продажа) при выполнении ДЗО функций гарантирующего поставщика
Подписи данных
Отклонение котлового полезного отпуска ПАО Россети за 1 кв. 2025 года (факт/план, млн. кВтч)
ПАО Россети
-4 380 млн.кВтч.
млн.
%
Котловой полезный отпуск
Выполнение плановых показателей по ПАО Россети за 1 кв. 2025 года
План
Факт
Динамика
2025 год
0 млн.кВтч.
20 000 млн.кВтч.
40 000 млн.кВтч.
60 000 млн.кВтч.
80 000 млн.кВтч.
100 000 млн.кВтч.
120 000 млн.кВтч.
140 000 млн.кВтч.
160 000 млн.кВтч.
180 000 млн.кВтч.
200 000 млн.кВтч.
157 120
152 772
↓
⬤Отклонение
АО "РЭС"
АО «Тываэнерго»
АО «Чеченэнерго»
Россети Волга
Россети Кубань
Россети Ленэнерго (ГК)
Россети Московский регион
Россети Северный Кавказ (ГК)
Россети Северо-Запад
Россети Сибирь (ГК)
Россети Томск
Россети Тюмень
Россети Урал (ГК)
Россети ФСК ЕЭС
Россети Центр
Россети Центр и Приволжье (ГК)
Россети Юг (ГК)
Россети Янтарь
-1 400 млн.кВтч.
-1 200 млн.кВтч.
-1 000 млн.кВтч.
- 800 млн.кВтч.
- 600 млн.кВтч.
- 400 млн.кВтч.
- 200 млн.кВтч.
0 млн.кВтч.
200 млн.кВтч.
400 млн.кВтч.
-141
14
-4
-365
94
-119
-1 315
-220
-99
201
-44
-1 094
-463
-33
-354
-373
-73
6'

16-05-2025T09:10:23 - [TEST_STEP][PASSED] - a1 = replaceAll("[\r?
|
]", "").replaceAll("\s+", ""): null

16-05-2025T09:10:23 - [TEST_STEP][PASSED] - if (a1 == ""): null

16-05-2025T09:10:23 - [TEST_STEP][PASSED] - n = n + 22: null

16-05-2025T09:10:23 - [TEST_STEP][PASSED] - b = n - run + 1: null

16-05-2025T09:10:23 - [TEST_STEP][FAILED] - verifyEqual(findTestData("PlanFact").getValue(2, b), a1): Unable to verify equal between actual object '120251202543801202520250200004000060000800001000001200001400001600001800002000001571200↓⬤14001200100080060040020002004001411443659411913152209920144109446333354373736' and expected object '12025120254380120252025020000400006000080000100000120000140000160000180000200000157120152772↓⬤14001200100080060040020002004001411443659411913152209920144109446333354373736' (Root cause: com.kms.katalon.core.exception.StepFailedException: Actual object '120251202543801202520250200004000060000800001000001200001400001600001800002000001571200↓⬤14001200100080060040020002004001411443659411913152209920144109446333354373736' and expected object '12025120254380120252025020000400006000080000100000120000140000160000180000200000157120152772↓⬤14001200100080060040020002004001411443659411913152209920144109446333354373736' are not equal
	at com.kms.katalon.core.keyword.builtin.VerifyEqualKeyword$_verifyEqual_closure1.doCall(VerifyEqualKeyword.groovy:58)
	at com.kms.katalon.core.keyword.builtin.VerifyEqualKeyword$_verifyEqual_closure1.call(VerifyEqualKeyword.groovy)
	at com.kms.katalon.core.keyword.internal.KeywordMain.runKeyword(KeywordMain.groovy:75)
	at com.kms.katalon.core.keyword.builtin.VerifyEqualKeyword.verifyEqual(VerifyEqualKeyword.groovy:63)
	at com.kms.katalon.core.keyword.builtin.VerifyEqualKeyword.execute(VerifyEqualKeyword.groovy:44)
	at com.kms.katalon.core.keyword.internal.KeywordExecutor.executeKeywordForPlatform(KeywordExecutor.groovy:74)
	at com.kms.katalon.core.keyword.BuiltinKeywords.verifyEqual(BuiltinKeywords.groovy:146)
	at jdk.internal.reflect.GeneratedMethodAccessor24.invoke(Unknown Source)
	at java.base/jdk.internal.reflect.DelegatingMethodAccessorImpl.invoke(DelegatingMethodAccessorImpl.java:43)
	at Блок руководителя сверка дашбордов под разными учётками.KotlovoyPolezniyOtpusk(Блок руководителя сверка дашбордов под разными учётками:1073)
	at Блок руководителя сверка дашбордов под разными учётками.run(Блок руководителя сверка дашбордов под разными учётками:88)
	at com.kms.katalon.core.main.ScriptEngine.run(ScriptEngine.java:194)
	at com.kms.katalon.core.main.ScriptEngine.runScriptAsRawText(ScriptEngine.java:119)
	at com.kms.katalon.core.main.TestCaseExecutor.runScript(TestCaseExecutor.java:448)
	at com.kms.katalon.core.main.TestCaseExecutor.doExecute(TestCaseExecutor.java:439)
	at com.kms.katalon.core.main.TestCaseExecutor.processExecutionPhase(TestCaseExecutor.java:418)
	at com.kms.katalon.core.main.TestCaseExecutor.accessMainPhase(TestCaseExecutor.java:410)
	at com.kms.katalon.core.main.TestCaseExecutor.execute(TestCaseExecutor.java:285)
	at com.kms.katalon.core.common.CommonExecutor.accessTestCaseMainPhase(CommonExecutor.java:65)
	at com.kms.katalon.core.main.TestSuiteExecutor.accessTestSuiteMainPhase(TestSuiteExecutor.java:150)
	at com.kms.katalon.core.main.TestSuiteExecutor.execute(TestSuiteExecutor.java:106)
	at com.kms.katalon.core.main.TestCaseMain.startTestSuite(TestCaseMain.java:180)
	at TempTestSuite1747369435659.run(TempTestSuite1747369435659.groovy:35)
	at java.base/jdk.internal.reflect.NativeMethodAccessorImpl.invoke0(Native Method)
	at java.base/jdk.internal.reflect.NativeMethodAccessorImpl.invoke(NativeMethodAccessorImpl.java:77)
	at java.base/jdk.internal.reflect.DelegatingMethodAccessorImpl.invoke(DelegatingMethodAccessorImpl.java:43)
)

16-05-2025T09:10:23 - [MESSAGE][FAILED] - Unable to verify equal between actual object '120251202543801202520250200004000060000800001000001200001400001600001800002000001571200↓⬤14001200100080060040020002004001411443659411913152209920144109446333354373736' and expected object '12025120254380120252025020000400006000080000100000120000140000160000180000200000157120152772↓⬤14001200100080060040020002004001411443659411913152209920144109446333354373736' (Root cause: com.kms.katalon.core.exception.StepFailedException: Actual object '120251202543801202520250200004000060000800001000001200001400001600001800002000001571200↓⬤14001200100080060040020002004001411443659411913152209920144109446333354373736' and expected object '12025120254380120252025020000400006000080000100000120000140000160000180000200000157120152772↓⬤14001200100080060040020002004001411443659411913152209920144109446333354373736' are not equal
	at com.kms.katalon.core.keyword.builtin.VerifyEqualKeyword$_verifyEqual_closure1.doCall(VerifyEqualKeyword.groovy:58)
	at com.kms.katalon.core.keyword.builtin.VerifyEqualKeyword$_verifyEqual_closure1.call(VerifyEqualKeyword.groovy)
	at com.kms.katalon.core.keyword.internal.KeywordMain.runKeyword(KeywordMain.groovy:75)
	at com.kms.katalon.core.keyword.builtin.VerifyEqualKeyword.verifyEqual(VerifyEqualKeyword.groovy:63)
	at com.kms.katalon.core.keyword.builtin.VerifyEqualKeyword.execute(VerifyEqualKeyword.groovy:44)
	at com.kms.katalon.core.keyword.internal.KeywordExecutor.executeKeywordForPlatform(KeywordExecutor.groovy:74)
	at com.kms.katalon.core.keyword.BuiltinKeywords.verifyEqual(BuiltinKeywords.groovy:146)
	at jdk.internal.reflect.GeneratedMethodAccessor24.invoke(Unknown Source)
	at java.base/jdk.internal.reflect.DelegatingMethodAccessorImpl.invoke(DelegatingMethodAccessorImpl.java:43)
	at Блок руководителя сверка дашбордов под разными учётками.KotlovoyPolezniyOtpusk(Блок руководителя сверка дашбордов под разными учётками:1073)
	at Блок руководителя сверка дашбордов под разными учётками.run(Блок руководителя сверка дашбордов под разными учётками:88)
	at com.kms.katalon.core.main.ScriptEngine.run(ScriptEngine.java:194)
	at com.kms.katalon.core.main.ScriptEngine.runScriptAsRawText(ScriptEngine.java:119)
	at com.kms.katalon.core.main.TestCaseExecutor.runScript(TestCaseExecutor.java:448)
	at com.kms.katalon.core.main.TestCaseExecutor.doExecute(TestCaseExecutor.java:439)
	at com.kms.katalon.core.main.TestCaseExecutor.processExecutionPhase(TestCaseExecutor.java:418)
	at com.kms.katalon.core.main.TestCaseExecutor.accessMainPhase(TestCaseExecutor.java:410)
	at com.kms.katalon.core.main.TestCaseExecutor.execute(TestCaseExecutor.java:285)
	at com.kms.katalon.core.common.CommonExecutor.accessTestCaseMainPhase(CommonExecutor.java:65)
	at com.kms.katalon.core.main.TestSuiteExecutor.accessTestSuiteMainPhase(TestSuiteExecutor.java:150)
	at com.kms.katalon.core.main.TestSuiteExecutor.execute(TestSuiteExecutor.java:106)
	at com.kms.katalon.core.main.TestCaseMain.startTestSuite(TestCaseMain.java:180)
	at TempTestSuite1747369435659.run(TempTestSuite1747369435659.groovy:35)
	at java.base/jdk.internal.reflect.NativeMethodAccessorImpl.invoke0(Native Method)
	at java.base/jdk.internal.reflect.NativeMethodAccessorImpl.invoke(NativeMethodAccessorImpl.java:77)
	at java.base/jdk.internal.reflect.DelegatingMethodAccessorImpl.invoke(DelegatingMethodAccessorImpl.java:43)
)

16-05-2025T09:10:23 - [TEST_STEP][PASSED] - Script1686231490255.WriteToExcel(user, dashboardName, n, data, run, a1, a2, a3, a4, a5, a6, a7, a8, a9): null

16-05-2025T09:10:23 - [TEST_STEP][PASSED] - sheetName = "Sheet1": null

16-05-2025T09:10:23 - [TEST_STEP][PASSED] - workbook01 = getWorkbook(excelFilePath): null

16-05-2025T09:10:23 - [TEST_STEP][PASSED] - sheet01 = getExcelSheet(workbook01, sheetName): null

16-05-2025T09:10:23 - [TEST_STEP][PASSED] - setValueToCellByIndex(sheet01, n, 0, dashboardName): null

16-05-2025T09:10:23 - [TEST_STEP][PASSED] - setValueToCellByIndex(sheet01, n, 10, user): null

16-05-2025T09:10:23 - [TEST_STEP][PASSED] - setValueToCellByIndex(sheet01, n, 1, a1): null

16-05-2025T09:10:23 - [TEST_STEP][PASSED] - setValueToCellByIndex(sheet01, n, 2, a2): null

16-05-2025T09:10:23 - [TEST_STEP][PASSED] - setValueToCellByIndex(sheet01, n, 3, a3): null

16-05-2025T09:10:23 - [TEST_STEP][PASSED] - setValueToCellByIndex(sheet01, n, 4, a4): null

16-05-2025T09:10:23 - [TEST_STEP][PASSED] - setValueToCellByIndex(sheet01, n, 5, a5): null

16-05-2025T09:10:23 - [TEST_STEP][PASSED] - setValueToCellByIndex(sheet01, n, 6, a6): null

16-05-2025T09:10:23 - [TEST_STEP][PASSED] - setValueToCellByIndex(sheet01, n, 7, a7): null

16-05-2025T09:10:23 - [TEST_STEP][PASSED] - setValueToCellByIndex(sheet01, n, 8, a8): null

16-05-2025T09:10:23 - [TEST_STEP][PASSED] - setValueToCellByIndex(sheet01, n, 9, a9): null

16-05-2025T09:10:23 - [TEST_STEP][PASSED] - n = n + 1: null

16-05-2025T09:10:23 - [TEST_STEP][PASSED] - saveWorkbook(excelFilePath, workbook01): null

16-05-2025T09:10:23 - [TEST_STEP][PASSED] - if (run == 3): null

16-05-2025T09:10:23 - [TEST_STEP][PASSED] - closeBrowser(): null

16-05-2025T09:10:23 - [MESSAGE][PASSED] - Browser is closed

16-05-2025T09:10:23 - [TEST_STEP][PASSED] - KotlovoyPolezniyOtpusk(user, dashboardName, n, data, run, a1, a2, a3, a4, a5, a6, a7, a8, a9, urlData): null

16-05-2025T09:10:23 - [TEST_STEP][PASSED] - n = data.getRowNumbers() + 1: null

16-05-2025T09:10:23 - [TEST_STEP][PASSED] - println(n): null

16-05-2025T09:10:23 - [TEST_STEP][PASSED] - dashboardName = "Котловой полезный отпуск": null

16-05-2025T09:10:23 - [TEST_STEP][PASSED] - openBrowser(""): Browser is opened with url: ''

16-05-2025T09:10:23 - [MESSAGE][INFO] - Starting 'Chrome' driver

16-05-2025T09:10:23 - [MESSAGE][INFO] - Action delay is set to 0 milliseconds

16-05-2025T09:10:24 - [MESSAGE][PASSED] - Browser is opened with url: ''

16-05-2025T09:10:24 - [TEST_STEP][PASSED] - urlData = 18: null

16-05-2025T09:10:24 - [TEST_STEP][PASSED] - Script1686231490255.CheckPageDownload(urlData, run): null

16-05-2025T09:10:24 - [TEST_STEP][PASSED] - i = 1: null

16-05-2025T09:10:24 - [TEST_STEP][PASSED] - ii = 0: null

16-05-2025T09:10:24 - [TEST_STEP][PASSED] - urlText = <not implemented yet for class: org.codehaus.groovy.ast.expr.EmptyExpression>: null

16-05-2025T09:10:24 - [TEST_STEP][PASSED] - searchWord = <not implemented yet for class: org.codehaus.groovy.ast.expr.EmptyExpression>: null

16-05-2025T09:10:24 - [TEST_STEP][PASSED] - deleteAllCookies(): Delete all cookies successfully

16-05-2025T09:10:24 - [MESSAGE][PASSED] - Delete all cookies successfully

16-05-2025T09:10:24 - [TEST_STEP][PASSED] - refresh(): Refresh successfully

16-05-2025T09:10:24 - [MESSAGE][PASSED] - Refresh successfully

16-05-2025T09:10:24 - [TEST_STEP][PASSED] - delay(70): Delayed 70 second(s)

16-05-2025T09:11:34 - [MESSAGE][PASSED] - Delayed 70 second(s)

16-05-2025T09:11:34 - [TEST_STEP][PASSED] - navigateToUrl(findTestData("PlanFact").getValue(10, urlData)): Navigate to 'https://bi.rosseti.digital/viewer?dashboardGuid=2301950b23be4ed89c1df75f2020051e&sheetGuid=9de09c51f7e14f6a9e9103985ef32ea6&fit=true' successfully

16-05-2025T09:11:37 - [MESSAGE][PASSED] - Navigate to 'https://bi.rosseti.digital/viewer?dashboardGuid=2301950b23be4ed89c1df75f2020051e&sheetGuid=9de09c51f7e14f6a9e9103985ef32ea6&fit=true' successfully

16-05-2025T09:11:37 - [TEST_STEP][PASSED] - pageLoaded1 = verifyElementPresent(findTestObject("Страница авторизации/Text"), 30): Object 'Object Repository/Страница авторизации/Text' is present

16-05-2025T09:11:38 - [MESSAGE][PASSED] - Object 'Object Repository/Страница авторизации/Text' is present

16-05-2025T09:11:38 - [TEST_STEP][PASSED] - if (pageLoaded1 == false): null

16-05-2025T09:11:38 - [TEST_STEP][PASSED] - urlText = getText(findTestObject("Страница авторизации/Text")): Text of object 'Object Repository/Страница авторизации/Text' is: 'Вход'

16-05-2025T09:11:38 - [MESSAGE][PASSED] - Text of object 'Object Repository/Страница авторизации/Text' is: 'Вход'

16-05-2025T09:11:38 - [TEST_STEP][PASSED] - delay(70): Delayed 70 second(s)

16-05-2025T09:12:48 - [MESSAGE][PASSED] - Delayed 70 second(s)

16-05-2025T09:12:48 - [TEST_STEP][PASSED] - searchWord = "Вход": null

16-05-2025T09:12:48 - [TEST_STEP][PASSED] - if (urlText.contains(searchWord) == false): null

16-05-2025T09:12:48 - [TEST_STEP][PASSED] - setText(findTestObject("Страница авторизации/input__username"), findTestData("PlanFact").getValue(8, run)): Text 'Petrova-OV' is set on object 'Object Repository/Страница авторизации/input__username'

16-05-2025T09:12:49 - [MESSAGE][PASSED] - Text 'Petrova-OV' is set on object 'Object Repository/Страница авторизации/input__username'

16-05-2025T09:12:49 - [TEST_STEP][PASSED] - setText(findTestObject("Страница авторизации/input__password"), findTestData("PlanFact").getValue(9, run)): Text '4Ex@~R53r&3x&BVe7' is set on object 'Object Repository/Страница авторизации/input__password'

16-05-2025T09:12:50 - [MESSAGE][PASSED] - Text '4Ex@~R53r&3x&BVe7' is set on object 'Object Repository/Страница авторизации/input__password'

16-05-2025T09:12:50 - [TEST_STEP][PASSED] - click(findTestObject("Страница авторизации/button_")): Object: 'Object Repository/Страница авторизации/button_' is clicked on

16-05-2025T09:12:51 - [MESSAGE][PASSED] - Object: 'Object Repository/Страница авторизации/button_' is clicked on

16-05-2025T09:12:51 - [TEST_STEP][PASSED] - delay(70): Delayed 70 second(s)

16-05-2025T09:14:01 - [MESSAGE][PASSED] - Delayed 70 second(s)

16-05-2025T09:14:01 - [TEST_STEP][PASSED] - searchWord = "а": null

16-05-2025T09:14:01 - [TEST_STEP][PASSED] - pageLoaded2 = verifyElementPresent(findTestObject("Страница авторизации/Text"), 50): Object 'Object Repository/Страница авторизации/Text' is present

16-05-2025T09:14:01 - [MESSAGE][PASSED] - Object 'Object Repository/Страница авторизации/Text' is present

16-05-2025T09:14:01 - [TEST_STEP][PASSED] - if (pageLoaded2 == false): null

16-05-2025T09:14:01 - [TEST_STEP][PASSED] - urlText = getText(findTestObject("Страница авторизации/Text")): Text of object 'Object Repository/Страница авторизации/Text' is: 'Период
1 кв. 2025 года
Выручка
Все
ДЗО 
Все
Внутренний оборот – выручка за услуги по передаче электрической энергии, входящая в стоимость электроэнергии (продажа) при выполнении ДЗО функций гарантирующего поставщика
Подписи данных
Отклонение котлового полезного отпуска ПАО Россети за 1 кв. 2025 года (факт/план, млн. кВтч)
ПАО Россети
-4 380 млн.кВтч.
млн.
%
Котловой полезный отпуск
Выполнение плановых показателей по ПАО Россети за 1 кв. 2025 года
План
Факт
Динамика
2025 год
0 млн.кВтч.
20 000 млн.кВтч.
40 000 млн.кВтч.
60 000 млн.кВтч.
80 000 млн.кВтч.
100 000 млн.кВтч.
120 000 млн.кВтч.
140 000 млн.кВтч.
160 000 млн.кВтч.
180 000 млн.кВтч.
200 000 млн.кВтч.
157 120
152 772
↓
⬤Отклонение
АО "РЭС"
АО «Тываэнерго»
АО «Чеченэнерго»
Россети Волга
Россети Кубань
Россети Ленэнерго (ГК)
Россети Московский регион
Россети Северный Кавказ (ГК)
Россети Северо-Запад
Россети Сибирь (ГК)
Россети Томск
Россети Тюмень
Россети Урал (ГК)
Россети ФСК ЕЭС
Россети Центр
Россети Центр и Приволжье (ГК)
Россети Юг (ГК)
Россети Янтарь
-1 400 млн.кВтч.
-1 200 млн.кВтч.
-1 000 млн.кВтч.
- 800 млн.кВтч.
- 600 млн.кВтч.
- 400 млн.кВтч.
- 200 млн.кВтч.
0 млн.кВтч.
200 млн.кВтч.
400 млн.кВтч.
-141
14
-4
-365
94
-119
-1 315
-220
-99
201
-44
-1 094
-463
-33
-354
-373
-73
6'

16-05-2025T09:14:02 - [MESSAGE][PASSED] - Text of object 'Object Repository/Страница авторизации/Text' is: 'Период
1 кв. 2025 года
Выручка
Все
ДЗО 
Все
Внутренний оборот – выручка за услуги по передаче электрической энергии, входящая в стоимость электроэнергии (продажа) при выполнении ДЗО функций гарантирующего поставщика
Подписи данных
Отклонение котлового полезного отпуска ПАО Россети за 1 кв. 2025 года (факт/план, млн. кВтч)
ПАО Россети
-4 380 млн.кВтч.
млн.
%
Котловой полезный отпуск
Выполнение плановых показателей по ПАО Россети за 1 кв. 2025 года
План
Факт
Динамика
2025 год
0 млн.кВтч.
20 000 млн.кВтч.
40 000 млн.кВтч.
60 000 млн.кВтч.
80 000 млн.кВтч.
100 000 млн.кВтч.
120 000 млн.кВтч.
140 000 млн.кВтч.
160 000 млн.кВтч.
180 000 млн.кВтч.
200 000 млн.кВтч.
157 120
152 772
↓
⬤Отклонение
АО "РЭС"
АО «Тываэнерго»
АО «Чеченэнерго»
Россети Волга
Россети Кубань
Россети Ленэнерго (ГК)
Россети Московский регион
Россети Северный Кавказ (ГК)
Россети Северо-Запад
Россети Сибирь (ГК)
Россети Томск
Россети Тюмень
Россети Урал (ГК)
Россети ФСК ЕЭС
Россети Центр
Россети Центр и Приволжье (ГК)
Россети Юг (ГК)
Россети Янтарь
-1 400 млн.кВтч.
-1 200 млн.кВтч.
-1 000 млн.кВтч.
- 800 млн.кВтч.
- 600 млн.кВтч.
- 400 млн.кВтч.
- 200 млн.кВтч.
0 млн.кВтч.
200 млн.кВтч.
400 млн.кВтч.
-141
14
-4
-365
94
-119
-1 315
-220
-99
201
-44
-1 094
-463
-33
-354
-373
-73
6'

16-05-2025T09:14:02 - [TEST_STEP][PASSED] - if (urlText.contains("ошибка") || urlText.contains(searchWord) == false): null

16-05-2025T09:14:02 - [TEST_STEP][PASSED] - a2 = "": null

16-05-2025T09:14:02 - [TEST_STEP][PASSED] - a3 = "": null

16-05-2025T09:14:02 - [TEST_STEP][PASSED] - a4 = "": null

16-05-2025T09:14:02 - [TEST_STEP][PASSED] - a5 = "": null

16-05-2025T09:14:02 - [TEST_STEP][PASSED] - a6 = "": null

16-05-2025T09:14:02 - [TEST_STEP][PASSED] - a7 = "": null

16-05-2025T09:14:02 - [TEST_STEP][PASSED] - a8 = "": null

16-05-2025T09:14:02 - [TEST_STEP][PASSED] - a9 = "": null

16-05-2025T09:14:02 - [TEST_STEP][PASSED] - if (run == 1): null

16-05-2025T09:14:02 - [TEST_STEP][PASSED] - if (run == 2): null

16-05-2025T09:14:02 - [TEST_STEP][FAILED] - if (run == 3): null

16-05-2025T09:14:02 - [TEST_STEP][PASSED] - user = "Попова": null

16-05-2025T09:14:02 - [TEST_STEP][PASSED] - a1 = getText(findTestObject("Котловой полезный отпуск/График 1")): Text of object 'Object Repository/Котловой полезный отпуск/График 1' is: 'Период
1 кв. 2025 года
Выручка
Все
ДЗО 
Все
Внутренний оборот – выручка за услуги по передаче электрической энергии, входящая в стоимость электроэнергии (продажа) при выполнении ДЗО функций гарантирующего поставщика
Подписи данных
Отклонение котлового полезного отпуска ПАО Россети за 1 кв. 2025 года (факт/план, млн. кВтч)
ПАО Россети
-4 380 млн.кВтч.
млн.
%
Котловой полезный отпуск
Выполнение плановых показателей по ПАО Россети за 1 кв. 2025 года
План
Факт
Динамика
2025 год
0 млн.кВтч.
20 000 млн.кВтч.
40 000 млн.кВтч.
60 000 млн.кВтч.
80 000 млн.кВтч.
100 000 млн.кВтч.
120 000 млн.кВтч.
140 000 млн.кВтч.
160 000 млн.кВтч.
180 000 млн.кВтч.
200 000 млн.кВтч.
157 120
152 772
↓
⬤Отклонение
АО "РЭС"
АО «Тываэнерго»
АО «Чеченэнерго»
Россети Волга
Россети Кубань
Россети Ленэнерго (ГК)
Россети Московский регион
Россети Северный Кавказ (ГК)
Россети Северо-Запад
Россети Сибирь (ГК)
Россети Томск
Россети Тюмень
Россети Урал (ГК)
Россети ФСК ЕЭС
Россети Центр
Россети Центр и Приволжье (ГК)
Россети Юг (ГК)
Россети Янтарь
-1 400 млн.кВтч.
-1 200 млн.кВтч.
-1 000 млн.кВтч.
- 800 млн.кВтч.
- 600 млн.кВтч.
- 400 млн.кВтч.
- 200 млн.кВтч.
0 млн.кВтч.
200 млн.кВтч.
400 млн.кВтч.
-141
14
-4
-365
94
-119
-1 315
-220
-99
201
-44
-1 094
-463
-33
-354
-373
-73
6'

16-05-2025T09:14:02 - [MESSAGE][PASSED] - Text of object 'Object Repository/Котловой полезный отпуск/График 1' is: 'Период
1 кв. 2025 года
Выручка
Все
ДЗО 
Все
Внутренний оборот – выручка за услуги по передаче электрической энергии, входящая в стоимость электроэнергии (продажа) при выполнении ДЗО функций гарантирующего поставщика
Подписи данных
Отклонение котлового полезного отпуска ПАО Россети за 1 кв. 2025 года (факт/план, млн. кВтч)
ПАО Россети
-4 380 млн.кВтч.
млн.
%
Котловой полезный отпуск
Выполнение плановых показателей по ПАО Россети за 1 кв. 2025 года
План
Факт
Динамика
2025 год
0 млн.кВтч.
20 000 млн.кВтч.
40 000 млн.кВтч.
60 000 млн.кВтч.
80 000 млн.кВтч.
100 000 млн.кВтч.
120 000 млн.кВтч.
140 000 млн.кВтч.
160 000 млн.кВтч.
180 000 млн.кВтч.
200 000 млн.кВтч.
157 120
152 772
↓
⬤Отклонение
АО "РЭС"
АО «Тываэнерго»
АО «Чеченэнерго»
Россети Волга
Россети Кубань
Россети Ленэнерго (ГК)
Россети Московский регион
Россети Северный Кавказ (ГК)
Россети Северо-Запад
Россети Сибирь (ГК)
Россети Томск
Россети Тюмень
Россети Урал (ГК)
Россети ФСК ЕЭС
Россети Центр
Россети Центр и Приволжье (ГК)
Россети Юг (ГК)
Россети Янтарь
-1 400 млн.кВтч.
-1 200 млн.кВтч.
-1 000 млн.кВтч.
- 800 млн.кВтч.
- 600 млн.кВтч.
- 400 млн.кВтч.
- 200 млн.кВтч.
0 млн.кВтч.
200 млн.кВтч.
400 млн.кВтч.
-141
14
-4
-365
94
-119
-1 315
-220
-99
201
-44
-1 094
-463
-33
-354
-373
-73
6'

16-05-2025T09:14:02 - [TEST_STEP][PASSED] - a1 = replaceAll("[\r?
|
]", "").replaceAll("\s+", ""): null

16-05-2025T09:14:02 - [TEST_STEP][PASSED] - if (a1 == ""): null

16-05-2025T09:14:02 - [TEST_STEP][PASSED] - n = n + 23: null

16-05-2025T09:14:02 - [TEST_STEP][PASSED] - b = n - run + 1: null

16-05-2025T09:14:02 - [TEST_STEP][FAILED] - verifyEqual(findTestData("PlanFact").getValue(2, b), a1): Unable to verify equal between actual object '120251202543801202520250200004000060000800001000001200001400001600001800002000001571200↓⬤14001200100080060040020002004001411443659411913152209920144109446333354373736' and expected object '12025120254380120252025020000400006000080000100000120000140000160000180000200000157120152772↓⬤14001200100080060040020002004001411443659411913152209920144109446333354373736' (Root cause: com.kms.katalon.core.exception.StepFailedException: Actual object '120251202543801202520250200004000060000800001000001200001400001600001800002000001571200↓⬤14001200100080060040020002004001411443659411913152209920144109446333354373736' and expected object '12025120254380120252025020000400006000080000100000120000140000160000180000200000157120152772↓⬤14001200100080060040020002004001411443659411913152209920144109446333354373736' are not equal
	at com.kms.katalon.core.keyword.builtin.VerifyEqualKeyword$_verifyEqual_closure1.doCall(VerifyEqualKeyword.groovy:58)
	at com.kms.katalon.core.keyword.builtin.VerifyEqualKeyword$_verifyEqual_closure1.call(VerifyEqualKeyword.groovy)
	at com.kms.katalon.core.keyword.internal.KeywordMain.runKeyword(KeywordMain.groovy:75)
	at com.kms.katalon.core.keyword.builtin.VerifyEqualKeyword.verifyEqual(VerifyEqualKeyword.groovy:63)
	at com.kms.katalon.core.keyword.builtin.VerifyEqualKeyword.execute(VerifyEqualKeyword.groovy:44)
	at com.kms.katalon.core.keyword.internal.KeywordExecutor.executeKeywordForPlatform(KeywordExecutor.groovy:74)
	at com.kms.katalon.core.keyword.BuiltinKeywords.verifyEqual(BuiltinKeywords.groovy:146)
	at jdk.internal.reflect.GeneratedMethodAccessor24.invoke(Unknown Source)
	at java.base/jdk.internal.reflect.DelegatingMethodAccessorImpl.invoke(DelegatingMethodAccessorImpl.java:43)
	at Блок руководителя сверка дашбордов под разными учётками.KotlovoyPolezniyOtpusk(Блок руководителя сверка дашбордов под разными учётками:1108)
	at Блок руководителя сверка дашбордов под разными учётками.run(Блок руководителя сверка дашбордов под разными учётками:88)
	at com.kms.katalon.core.main.ScriptEngine.run(ScriptEngine.java:194)
	at com.kms.katalon.core.main.ScriptEngine.runScriptAsRawText(ScriptEngine.java:119)
	at com.kms.katalon.core.main.TestCaseExecutor.runScript(TestCaseExecutor.java:448)
	at com.kms.katalon.core.main.TestCaseExecutor.doExecute(TestCaseExecutor.java:439)
	at com.kms.katalon.core.main.TestCaseExecutor.processExecutionPhase(TestCaseExecutor.java:418)
	at com.kms.katalon.core.main.TestCaseExecutor.accessMainPhase(TestCaseExecutor.java:410)
	at com.kms.katalon.core.main.TestCaseExecutor.execute(TestCaseExecutor.java:285)
	at com.kms.katalon.core.common.CommonExecutor.accessTestCaseMainPhase(CommonExecutor.java:65)
	at com.kms.katalon.core.main.TestSuiteExecutor.accessTestSuiteMainPhase(TestSuiteExecutor.java:150)
	at com.kms.katalon.core.main.TestSuiteExecutor.execute(TestSuiteExecutor.java:106)
	at com.kms.katalon.core.main.TestCaseMain.startTestSuite(TestCaseMain.java:180)
	at TempTestSuite1747369435659.run(TempTestSuite1747369435659.groovy:35)
	at java.base/jdk.internal.reflect.NativeMethodAccessorImpl.invoke0(Native Method)
	at java.base/jdk.internal.reflect.NativeMethodAccessorImpl.invoke(NativeMethodAccessorImpl.java:77)
	at java.base/jdk.internal.reflect.DelegatingMethodAccessorImpl.invoke(DelegatingMethodAccessorImpl.java:43)
)

16-05-2025T09:14:02 - [MESSAGE][FAILED] - Unable to verify equal between actual object '120251202543801202520250200004000060000800001000001200001400001600001800002000001571200↓⬤14001200100080060040020002004001411443659411913152209920144109446333354373736' and expected object '12025120254380120252025020000400006000080000100000120000140000160000180000200000157120152772↓⬤14001200100080060040020002004001411443659411913152209920144109446333354373736' (Root cause: com.kms.katalon.core.exception.StepFailedException: Actual object '120251202543801202520250200004000060000800001000001200001400001600001800002000001571200↓⬤14001200100080060040020002004001411443659411913152209920144109446333354373736' and expected object '12025120254380120252025020000400006000080000100000120000140000160000180000200000157120152772↓⬤14001200100080060040020002004001411443659411913152209920144109446333354373736' are not equal
	at com.kms.katalon.core.keyword.builtin.VerifyEqualKeyword$_verifyEqual_closure1.doCall(VerifyEqualKeyword.groovy:58)
	at com.kms.katalon.core.keyword.builtin.VerifyEqualKeyword$_verifyEqual_closure1.call(VerifyEqualKeyword.groovy)
	at com.kms.katalon.core.keyword.internal.KeywordMain.runKeyword(KeywordMain.groovy:75)
	at com.kms.katalon.core.keyword.builtin.VerifyEqualKeyword.verifyEqual(VerifyEqualKeyword.groovy:63)
	at com.kms.katalon.core.keyword.builtin.VerifyEqualKeyword.execute(VerifyEqualKeyword.groovy:44)
	at com.kms.katalon.core.keyword.internal.KeywordExecutor.executeKeywordForPlatform(KeywordExecutor.groovy:74)
	at com.kms.katalon.core.keyword.BuiltinKeywords.verifyEqual(BuiltinKeywords.groovy:146)
	at jdk.internal.reflect.GeneratedMethodAccessor24.invoke(Unknown Source)
	at java.base/jdk.internal.reflect.DelegatingMethodAccessorImpl.invoke(DelegatingMethodAccessorImpl.java:43)
	at Блок руководителя сверка дашбордов под разными учётками.KotlovoyPolezniyOtpusk(Блок руководителя сверка дашбордов под разными учётками:1108)
	at Блок руководителя сверка дашбордов под разными учётками.run(Блок руководителя сверка дашбордов под разными учётками:88)
	at com.kms.katalon.core.main.ScriptEngine.run(ScriptEngine.java:194)
	at com.kms.katalon.core.main.ScriptEngine.runScriptAsRawText(ScriptEngine.java:119)
	at com.kms.katalon.core.main.TestCaseExecutor.runScript(TestCaseExecutor.java:448)
	at com.kms.katalon.core.main.TestCaseExecutor.doExecute(TestCaseExecutor.java:439)
	at com.kms.katalon.core.main.TestCaseExecutor.processExecutionPhase(TestCaseExecutor.java:418)
	at com.kms.katalon.core.main.TestCaseExecutor.accessMainPhase(TestCaseExecutor.java:410)
	at com.kms.katalon.core.main.TestCaseExecutor.execute(TestCaseExecutor.java:285)
	at com.kms.katalon.core.common.CommonExecutor.accessTestCaseMainPhase(CommonExecutor.java:65)
	at com.kms.katalon.core.main.TestSuiteExecutor.accessTestSuiteMainPhase(TestSuiteExecutor.java:150)
	at com.kms.katalon.core.main.TestSuiteExecutor.execute(TestSuiteExecutor.java:106)
	at com.kms.katalon.core.main.TestCaseMain.startTestSuite(TestCaseMain.java:180)
	at TempTestSuite1747369435659.run(TempTestSuite1747369435659.groovy:35)
	at java.base/jdk.internal.reflect.NativeMethodAccessorImpl.invoke0(Native Method)
	at java.base/jdk.internal.reflect.NativeMethodAccessorImpl.invoke(NativeMethodAccessorImpl.java:77)
	at java.base/jdk.internal.reflect.DelegatingMethodAccessorImpl.invoke(DelegatingMethodAccessorImpl.java:43)
)

16-05-2025T09:14:02 - [TEST_STEP][PASSED] - Script1686231490255.WriteToExcel(user, dashboardName, n, data, run, a1, a2, a3, a4, a5, a6, a7, a8, a9): null

16-05-2025T09:14:02 - [TEST_STEP][PASSED] - sheetName = "Sheet1": null

16-05-2025T09:14:02 - [TEST_STEP][PASSED] - workbook01 = getWorkbook(excelFilePath): null

16-05-2025T09:14:03 - [TEST_STEP][PASSED] - sheet01 = getExcelSheet(workbook01, sheetName): null

16-05-2025T09:14:03 - [TEST_STEP][PASSED] - setValueToCellByIndex(sheet01, n, 0, dashboardName): null

16-05-2025T09:14:03 - [TEST_STEP][PASSED] - setValueToCellByIndex(sheet01, n, 10, user): null

16-05-2025T09:14:03 - [TEST_STEP][PASSED] - setValueToCellByIndex(sheet01, n, 1, a1): null

16-05-2025T09:14:03 - [TEST_STEP][PASSED] - setValueToCellByIndex(sheet01, n, 2, a2): null

16-05-2025T09:14:03 - [TEST_STEP][PASSED] - setValueToCellByIndex(sheet01, n, 3, a3): null

16-05-2025T09:14:03 - [TEST_STEP][PASSED] - setValueToCellByIndex(sheet01, n, 4, a4): null

16-05-2025T09:14:03 - [TEST_STEP][PASSED] - setValueToCellByIndex(sheet01, n, 5, a5): null

16-05-2025T09:14:03 - [TEST_STEP][PASSED] - setValueToCellByIndex(sheet01, n, 6, a6): null

16-05-2025T09:14:03 - [TEST_STEP][PASSED] - setValueToCellByIndex(sheet01, n, 7, a7): null

16-05-2025T09:14:03 - [TEST_STEP][PASSED] - setValueToCellByIndex(sheet01, n, 8, a8): null

16-05-2025T09:14:03 - [TEST_STEP][PASSED] - setValueToCellByIndex(sheet01, n, 9, a9): null

16-05-2025T09:14:03 - [TEST_STEP][PASSED] - n = n + 1: null

16-05-2025T09:14:03 - [TEST_STEP][PASSED] - saveWorkbook(excelFilePath, workbook01): null

16-05-2025T09:14:03 - [TEST_STEP][PASSED] - closeBrowser(): Browser is closed

16-05-2025T09:14:03 - [MESSAGE][PASSED] - Browser is closed

16-05-2025T09:14:03 - [TEST_STEP][PASSED] - delay(70): Delayed 70 second(s)

16-05-2025T09:15:13 - [MESSAGE][PASSED] - Delayed 70 second(s)

16-05-2025T09:15:13 - [TEST_STEP][PASSED] - for ([run = 1, run < 4, (run++)]): null

16-05-2025T09:15:13 - [TEST_STEP][PASSED] - FaktorniyAnaliz(user, dashboardName, n, data, run, a1, a2, a3, a4, a5, a6, a7, a8, a9, urlData): null

16-05-2025T09:15:13 - [TEST_STEP][PASSED] - n = data.getRowNumbers() + 1: null

16-05-2025T09:15:13 - [TEST_STEP][PASSED] - println(n): null

16-05-2025T09:15:13 - [TEST_STEP][PASSED] - dashboardName = "Факторный анализ": null

16-05-2025T09:15:13 - [TEST_STEP][PASSED] - openBrowser(""): Browser is opened with url: ''

16-05-2025T09:15:13 - [MESSAGE][INFO] - Starting 'Chrome' driver

16-05-2025T09:15:13 - [MESSAGE][INFO] - Action delay is set to 0 milliseconds

16-05-2025T09:15:14 - [MESSAGE][PASSED] - Browser is opened with url: ''

16-05-2025T09:15:14 - [TEST_STEP][PASSED] - urlData = 3: null

16-05-2025T09:15:14 - [TEST_STEP][PASSED] - Script1686231490255.CheckPageDownload(urlData, run): null

16-05-2025T09:15:14 - [TEST_STEP][PASSED] - i = 1: null

16-05-2025T09:15:14 - [TEST_STEP][PASSED] - ii = 0: null

16-05-2025T09:15:14 - [TEST_STEP][PASSED] - urlText = <not implemented yet for class: org.codehaus.groovy.ast.expr.EmptyExpression>: null

16-05-2025T09:15:14 - [TEST_STEP][PASSED] - searchWord = <not implemented yet for class: org.codehaus.groovy.ast.expr.EmptyExpression>: null

16-05-2025T09:15:14 - [TEST_STEP][PASSED] - deleteAllCookies(): Delete all cookies successfully

16-05-2025T09:15:14 - [MESSAGE][PASSED] - Delete all cookies successfully

16-05-2025T09:15:14 - [TEST_STEP][PASSED] - refresh(): Refresh successfully

16-05-2025T09:15:14 - [MESSAGE][PASSED] - Refresh successfully

16-05-2025T09:15:14 - [TEST_STEP][PASSED] - delay(70): Delayed 70 second(s)

16-05-2025T09:16:24 - [MESSAGE][PASSED] - Delayed 70 second(s)

16-05-2025T09:16:24 - [TEST_STEP][PASSED] - navigateToUrl(findTestData("PlanFact").getValue(10, urlData)): Navigate to 'https://bi.rosseti.digital/viewer?dashboardGuid=2301950b23be4ed89c1df75f2020051e&sheetGuid=ccd7d7486b3d4e6fa0ee9b1eaebed46c&fit=true' successfully

16-05-2025T09:16:26 - [MESSAGE][PASSED] - Navigate to 'https://bi.rosseti.digital/viewer?dashboardGuid=2301950b23be4ed89c1df75f2020051e&sheetGuid=ccd7d7486b3d4e6fa0ee9b1eaebed46c&fit=true' successfully

16-05-2025T09:16:26 - [TEST_STEP][PASSED] - pageLoaded1 = verifyElementPresent(findTestObject("Страница авторизации/Text"), 30): Object 'Object Repository/Страница авторизации/Text' is present

16-05-2025T09:16:27 - [MESSAGE][PASSED] - Object 'Object Repository/Страница авторизации/Text' is present

16-05-2025T09:16:27 - [TEST_STEP][PASSED] - if (pageLoaded1 == false): null

16-05-2025T09:16:27 - [TEST_STEP][PASSED] - urlText = getText(findTestObject("Страница авторизации/Text")): Text of object 'Object Repository/Страница авторизации/Text' is: 'Вход'

16-05-2025T09:16:27 - [MESSAGE][PASSED] - Text of object 'Object Repository/Страница авторизации/Text' is: 'Вход'

16-05-2025T09:16:27 - [TEST_STEP][PASSED] - delay(70): Delayed 70 second(s)

16-05-2025T09:17:38 - [MESSAGE][PASSED] - Delayed 70 second(s)

16-05-2025T09:17:38 - [TEST_STEP][PASSED] - searchWord = "Вход": null

16-05-2025T09:17:38 - [TEST_STEP][PASSED] - if (urlText.contains(searchWord) == false): null

16-05-2025T09:17:38 - [TEST_STEP][PASSED] - setText(findTestObject("Страница авторизации/input__username"), findTestData("PlanFact").getValue(8, run)): Text 'liazgina-di' is set on object 'Object Repository/Страница авторизации/input__username'

16-05-2025T09:17:38 - [MESSAGE][PASSED] - Text 'liazgina-di' is set on object 'Object Repository/Страница авторизации/input__username'

16-05-2025T09:17:38 - [TEST_STEP][PASSED] - setText(findTestObject("Страница авторизации/input__password"), findTestData("PlanFact").getValue(9, run)): Text ')$%5srZ8o688Dm#q' is set on object 'Object Repository/Страница авторизации/input__password'

16-05-2025T09:17:39 - [MESSAGE][PASSED] - Text ')$%5srZ8o688Dm#q' is set on object 'Object Repository/Страница авторизации/input__password'

16-05-2025T09:17:39 - [TEST_STEP][PASSED] - click(findTestObject("Страница авторизации/button_")): Object: 'Object Repository/Страница авторизации/button_' is clicked on

16-05-2025T09:17:40 - [MESSAGE][PASSED] - Object: 'Object Repository/Страница авторизации/button_' is clicked on

16-05-2025T09:17:40 - [TEST_STEP][PASSED] - delay(70): Delayed 70 second(s)

16-05-2025T09:18:50 - [MESSAGE][PASSED] - Delayed 70 second(s)

16-05-2025T09:18:50 - [TEST_STEP][PASSED] - searchWord = "а": null

16-05-2025T09:18:50 - [TEST_STEP][PASSED] - pageLoaded2 = verifyElementPresent(findTestObject("Страница авторизации/Text"), 50): Object 'Object Repository/Страница авторизации/Text' is present

16-05-2025T09:18:50 - [MESSAGE][PASSED] - Object 'Object Repository/Страница авторизации/Text' is present

16-05-2025T09:18:50 - [TEST_STEP][PASSED] - if (pageLoaded2 == false): null

16-05-2025T09:18:50 - [TEST_STEP][PASSED] - urlText = getText(findTestObject("Страница авторизации/Text")): Text of object 'Object Repository/Страница авторизации/Text' is: 'Период
1 кв. 2025 года
ДЗО 
Все
Подписи данных
Итого отклонения по группе компаний: -6 742 млн.руб.
Филиал
Месяц
Факторный анализ
Всего отклонения по факторам по ПАО Россети за 1 кв. 2025 года
ДЗО
Филиал
Отклонение (объём услуг)
Отклонение (средний тариф)
АО "РЭС" АО "РЭС" - 245 -16
АО «Тываэнерго» АО "Тываэнерго" 39 17
АО «Чеченэнерго» АО «Чеченэнерго» -8 -19
Россети Волга Мордовэнерго - 165 -11
Оренбургэнерго - 207 -48
Пензаэнерго -61 -1
Самарские РС - 328 413
Саратовские РС - 213 -34
Ульяновские РС 96 -22
Чувашэнерго 7 36
Россети Кубань Кубаньэнерго 319 467
Россети Ленэнерго (ГК) Ленинградская область - 274 501
г. Санкт-Петербург - 135 -30
Россети Московский регион Московская область -2 728 26
г. Москва - 739 96
Россети Северный Кавказ (ГК) Дагэнерго - 409 86
Ингушэнерго - 145 41
Каббалкэнерго 55 -4
Карачаево-Черкесскэнерго 50 -22
Севкавказэнерго -5 -24
Ставропольэнерго 23 84
Россети Северо-Запад Архангельский филиал -69 52
Вологодский филиал -44 43
Карельский филиал -17 -65
Мурманский филиал 24 -84
Новгородский филиал 10 21
Псковский филиал -55 30
филиал в Республике Коми - 136 39
Россети Сибирь (ГК) Алтайэнерго 47 24
Бурятэнерго 52 -32
ГАЭС 23 4
Красноярскэнерго 299 26
Кузбассэнерго-РЭС -85 499
Омскэнерго 40 -69
Хакасэнерго -9 -53
Читаэнерго 23 88
Россети Томск Томская распределительная компания - 100 42
Россети Тюмень Россети Тюмень -2 270 - 495
Россети Урал (ГК) Пермэнерго - 357 1
Свердловэнерго - 199 -32
Челябэнерго - 323 -77
Россети ФСК ЕЭС Итого по ФСК ЕЭС - 451 2 121
Россети Центр Белгородэнерго -74 30
Брянскэнерго -66 -2
Воронежэнерго - 100 37
Костромаэнерго -73 -1
Курскэнерго -21 41
Липецкэнерго - 216 43
Орелэнерго -39 4
Смоленскэнерго -41 4
Тамбовэнерго -25 -5
Тверьэнерго - 164 -10
Ярэнерго - 130 4
Россети Центр и Приволжье (ГК) Владимирэнерго - 188 -31
Ивэнерго 4 -31
Калугаэнерго -57 41
Кировэнерго -64 14
Мариэнерго -39 29
Нижновэнерго - 287 49
Рязаньэнерго - 201 45
Тулэнерго - 131 -64
Удмуртэнерго -55 61
Россети Юг (ГК) АО «ВМЭС» -7 15
Астраханьэнерго -22 -15
Волгоградэнерго - 314 22
Калмэнерго 20 -5
Ростовэнерго 153 143
Россети Янтарь Россети Янтарь 15 15
Отклонения выручки по факторам по выбранным ДЗО, руб
-10 795-10 795
4 0534 053
Отклонение (объём услуг)
Отклонение (средний тариф)
ПАО Россети'

16-05-2025T09:18:51 - [MESSAGE][PASSED] - Text of object 'Object Repository/Страница авторизации/Text' is: 'Период
1 кв. 2025 года
ДЗО 
Все
Подписи данных
Итого отклонения по группе компаний: -6 742 млн.руб.
Филиал
Месяц
Факторный анализ
Всего отклонения по факторам по ПАО Россети за 1 кв. 2025 года
ДЗО
Филиал
Отклонение (объём услуг)
Отклонение (средний тариф)
АО "РЭС" АО "РЭС" - 245 -16
АО «Тываэнерго» АО "Тываэнерго" 39 17
АО «Чеченэнерго» АО «Чеченэнерго» -8 -19
Россети Волга Мордовэнерго - 165 -11
Оренбургэнерго - 207 -48
Пензаэнерго -61 -1
Самарские РС - 328 413
Саратовские РС - 213 -34
Ульяновские РС 96 -22
Чувашэнерго 7 36
Россети Кубань Кубаньэнерго 319 467
Россети Ленэнерго (ГК) Ленинградская область - 274 501
г. Санкт-Петербург - 135 -30
Россети Московский регион Московская область -2 728 26
г. Москва - 739 96
Россети Северный Кавказ (ГК) Дагэнерго - 409 86
Ингушэнерго - 145 41
Каббалкэнерго 55 -4
Карачаево-Черкесскэнерго 50 -22
Севкавказэнерго -5 -24
Ставропольэнерго 23 84
Россети Северо-Запад Архангельский филиал -69 52
Вологодский филиал -44 43
Карельский филиал -17 -65
Мурманский филиал 24 -84
Новгородский филиал 10 21
Псковский филиал -55 30
филиал в Республике Коми - 136 39
Россети Сибирь (ГК) Алтайэнерго 47 24
Бурятэнерго 52 -32
ГАЭС 23 4
Красноярскэнерго 299 26
Кузбассэнерго-РЭС -85 499
Омскэнерго 40 -69
Хакасэнерго -9 -53
Читаэнерго 23 88
Россети Томск Томская распределительная компания - 100 42
Россети Тюмень Россети Тюмень -2 270 - 495
Россети Урал (ГК) Пермэнерго - 357 1
Свердловэнерго - 199 -32
Челябэнерго - 323 -77
Россети ФСК ЕЭС Итого по ФСК ЕЭС - 451 2 121
Россети Центр Белгородэнерго -74 30
Брянскэнерго -66 -2
Воронежэнерго - 100 37
Костромаэнерго -73 -1
Курскэнерго -21 41
Липецкэнерго - 216 43
Орелэнерго -39 4
Смоленскэнерго -41 4
Тамбовэнерго -25 -5
Тверьэнерго - 164 -10
Ярэнерго - 130 4
Россети Центр и Приволжье (ГК) Владимирэнерго - 188 -31
Ивэнерго 4 -31
Калугаэнерго -57 41
Кировэнерго -64 14
Мариэнерго -39 29
Нижновэнерго - 287 49
Рязаньэнерго - 201 45
Тулэнерго - 131 -64
Удмуртэнерго -55 61
Россети Юг (ГК) АО «ВМЭС» -7 15
Астраханьэнерго -22 -15
Волгоградэнерго - 314 22
Калмэнерго 20 -5
Ростовэнерго 153 143
Россети Янтарь Россети Янтарь 15 15
Отклонения выручки по факторам по выбранным ДЗО, руб
-10 795-10 795
4 0534 053
Отклонение (объём услуг)
Отклонение (средний тариф)
ПАО Россети'

16-05-2025T09:18:51 - [TEST_STEP][PASSED] - if (urlText.contains("ошибка") || urlText.contains(searchWord) == false): null

16-05-2025T09:18:51 - [TEST_STEP][PASSED] - click(findTestObject("Факторный анализ/Фильтр Период")): Object: 'Object Repository/Факторный анализ/Фильтр Период' is clicked on

16-05-2025T09:18:51 - [MESSAGE][PASSED] - Object: 'Object Repository/Факторный анализ/Фильтр Период' is clicked on

16-05-2025T09:18:51 - [TEST_STEP][PASSED] - click(findTestObject("Факторный анализ/Снять выделение в фильтре Дата")): Object: 'Object Repository/Факторный анализ/Снять выделение в фильтре Дата' is clicked on

16-05-2025T09:18:52 - [MESSAGE][PASSED] - Object: 'Object Repository/Факторный анализ/Снять выделение в фильтре Дата' is clicked on

16-05-2025T09:18:52 - [TEST_STEP][PASSED] - click(findTestObject("Факторный анализ/Применить в фильтре Дата")): Object: 'Object Repository/Факторный анализ/Применить в фильтре Дата' is clicked on

16-05-2025T09:18:52 - [MESSAGE][PASSED] - Object: 'Object Repository/Факторный анализ/Применить в фильтре Дата' is clicked on

16-05-2025T09:18:52 - [TEST_STEP][PASSED] - click(findTestObject("Факторный анализ/Фильтр Период")): Object: 'Object Repository/Факторный анализ/Фильтр Период' is clicked on

16-05-2025T09:18:54 - [MESSAGE][PASSED] - Object: 'Object Repository/Факторный анализ/Фильтр Период' is clicked on

16-05-2025T09:18:54 - [TEST_STEP][PASSED] - click(findTestObject("Факторный анализ/Снять выделение в фильтре Дата")): Object: 'Object Repository/Факторный анализ/Снять выделение в фильтре Дата' is clicked on

16-05-2025T09:18:55 - [MESSAGE][PASSED] - Object: 'Object Repository/Факторный анализ/Снять выделение в фильтре Дата' is clicked on

16-05-2025T09:18:55 - [TEST_STEP][PASSED] - scrollToElement(findTestObject("Факторный анализ/2025 список"), 30): Scroll to object 'Object Repository/Факторный анализ/2025 список' successfully

16-05-2025T09:18:55 - [MESSAGE][PASSED] - Scroll to object 'Object Repository/Факторный анализ/2025 список' successfully

16-05-2025T09:18:55 - [TEST_STEP][PASSED] - click(findTestObject("Факторный анализ/2025 список")): Object: 'Object Repository/Факторный анализ/2025 список' is clicked on

16-05-2025T09:18:55 - [MESSAGE][PASSED] - Object: 'Object Repository/Факторный анализ/2025 список' is clicked on

16-05-2025T09:18:55 - [TEST_STEP][PASSED] - scrollToElement(findTestObject("Факторный анализ/1 квартал 2025 список"), 30): Scroll to object 'Object Repository/Факторный анализ/1 квартал 2025 список' successfully

16-05-2025T09:18:56 - [MESSAGE][PASSED] - Scroll to object 'Object Repository/Факторный анализ/1 квартал 2025 список' successfully

16-05-2025T09:18:56 - [TEST_STEP][PASSED] - click(findTestObject("Факторный анализ/1 квартал 2025 выбрать"), CONTINUE_ON_FAILURE): Object: 'Object Repository/Факторный анализ/1 квартал 2025 выбрать' is clicked on

16-05-2025T09:18:56 - [MESSAGE][PASSED] - Object: 'Object Repository/Факторный анализ/1 квартал 2025 выбрать' is clicked on

16-05-2025T09:18:56 - [TEST_STEP][PASSED] - scrollToElement(findTestObject("Факторный анализ/Заголовок дашборда"), 30): Scroll to object 'Object Repository/Факторный анализ/Заголовок дашборда' successfully

16-05-2025T09:18:57 - [MESSAGE][PASSED] - Scroll to object 'Object Repository/Факторный анализ/Заголовок дашборда' successfully

16-05-2025T09:18:57 - [TEST_STEP][PASSED] - click(findTestObject("Факторный анализ/Применить в фильтре Дата")): Object: 'Object Repository/Факторный анализ/Применить в фильтре Дата' is clicked on

16-05-2025T09:18:57 - [MESSAGE][PASSED] - Object: 'Object Repository/Факторный анализ/Применить в фильтре Дата' is clicked on

16-05-2025T09:18:57 - [TEST_STEP][PASSED] - a5 = "": null

16-05-2025T09:18:57 - [TEST_STEP][PASSED] - a6 = "": null

16-05-2025T09:18:57 - [TEST_STEP][PASSED] - a7 = "": null

16-05-2025T09:18:57 - [TEST_STEP][PASSED] - a8 = "": null

16-05-2025T09:18:57 - [TEST_STEP][PASSED] - a9 = "": null

16-05-2025T09:18:57 - [TEST_STEP][PASSED] - if (run == 1): null

16-05-2025T09:18:57 - [TEST_STEP][PASSED] - user = "админ": null

16-05-2025T09:18:57 - [TEST_STEP][PASSED] - a1 = getText(findTestObject("Факторный анализ/span1 Блок руководителя")): Text of object 'Object Repository/Факторный анализ/span1 Блок руководителя' is: ''

16-05-2025T09:18:58 - [MESSAGE][PASSED] - Text of object 'Object Repository/Факторный анализ/span1 Блок руководителя' is: ''

16-05-2025T09:18:58 - [TEST_STEP][PASSED] - a2 = getText(findTestObject("Факторный анализ/span2 Блок руководителя")): Text of object 'Object Repository/Факторный анализ/span2 Блок руководителя' is: ''

16-05-2025T09:18:59 - [MESSAGE][PASSED] - Text of object 'Object Repository/Факторный анализ/span2 Блок руководителя' is: ''

16-05-2025T09:18:59 - [TEST_STEP][PASSED] - a3 = getText(findTestObject("Факторный анализ/График Всего отклонения по факторам Блок руководителя")): Text of object 'Object Repository/Факторный анализ/График Всего отклонения по факторам Блок руководителя' is: ''

16-05-2025T09:18:59 - [MESSAGE][PASSED] - Text of object 'Object Repository/Факторный анализ/График Всего отклонения по факторам Блок руководителя' is: ''

16-05-2025T09:18:59 - [TEST_STEP][PASSED] - click(findTestObject("Факторный анализ/Переключить отображение с филиала на месяц Выручка")): Object: 'Object Repository/Факторный анализ/Переключить отображение с филиала на месяц Выручка' is clicked on

16-05-2025T09:18:59 - [MESSAGE][PASSED] - Object: 'Object Repository/Факторный анализ/Переключить отображение с филиала на месяц Выручка' is clicked on

16-05-2025T09:18:59 - [TEST_STEP][PASSED] - a4 = getText(findTestObject("Факторный анализ/График Всего отклонения по факторам Блок руководителя")): Text of object 'Object Repository/Факторный анализ/График Всего отклонения по факторам Блок руководителя' is: ''

16-05-2025T09:19:00 - [MESSAGE][PASSED] - Text of object 'Object Repository/Факторный анализ/График Всего отклонения по факторам Блок руководителя' is: ''

16-05-2025T09:19:00 - [TEST_STEP][PASSED] - n = n + 24: null

16-05-2025T09:19:00 - [TEST_STEP][PASSED] - Script1686231490255.WriteToExcel(user, dashboardName, n, data, run, a1, a2, a3, a4, a5, a6, a7, a8, a9): null

16-05-2025T09:19:00 - [TEST_STEP][PASSED] - sheetName = "Sheet1": null

16-05-2025T09:19:00 - [TEST_STEP][PASSED] - workbook01 = getWorkbook(excelFilePath): null

16-05-2025T09:19:00 - [TEST_STEP][PASSED] - sheet01 = getExcelSheet(workbook01, sheetName): null

16-05-2025T09:19:00 - [TEST_STEP][PASSED] - setValueToCellByIndex(sheet01, n, 0, dashboardName): null

16-05-2025T09:19:00 - [TEST_STEP][PASSED] - setValueToCellByIndex(sheet01, n, 10, user): null

16-05-2025T09:19:00 - [TEST_STEP][PASSED] - setValueToCellByIndex(sheet01, n, 1, a1): null

16-05-2025T09:19:00 - [TEST_STEP][PASSED] - setValueToCellByIndex(sheet01, n, 2, a2): null

16-05-2025T09:19:00 - [TEST_STEP][PASSED] - setValueToCellByIndex(sheet01, n, 3, a3): null

16-05-2025T09:19:00 - [TEST_STEP][PASSED] - setValueToCellByIndex(sheet01, n, 4, a4): null

16-05-2025T09:19:00 - [TEST_STEP][PASSED] - setValueToCellByIndex(sheet01, n, 5, a5): null

16-05-2025T09:19:00 - [TEST_STEP][PASSED] - setValueToCellByIndex(sheet01, n, 6, a6): null

16-05-2025T09:19:00 - [TEST_STEP][PASSED] - setValueToCellByIndex(sheet01, n, 7, a7): null

16-05-2025T09:19:00 - [TEST_STEP][PASSED] - setValueToCellByIndex(sheet01, n, 8, a8): null

16-05-2025T09:19:00 - [TEST_STEP][PASSED] - setValueToCellByIndex(sheet01, n, 9, a9): null

16-05-2025T09:19:00 - [TEST_STEP][PASSED] - n = n + 1: null

16-05-2025T09:19:00 - [TEST_STEP][PASSED] - saveWorkbook(excelFilePath, workbook01): null

16-05-2025T09:19:00 - [TEST_STEP][PASSED] - if (run == 2): null

16-05-2025T09:19:00 - [TEST_STEP][PASSED] - if (run == 3): null

16-05-2025T09:19:00 - [TEST_STEP][PASSED] - closeBrowser(): null

16-05-2025T09:19:00 - [MESSAGE][PASSED] - Browser is closed

16-05-2025T09:19:00 - [TEST_STEP][PASSED] - FaktorniyAnaliz(user, dashboardName, n, data, run, a1, a2, a3, a4, a5, a6, a7, a8, a9, urlData): null

16-05-2025T09:19:00 - [TEST_STEP][PASSED] - n = data.getRowNumbers() + 1: null

16-05-2025T09:19:00 - [TEST_STEP][PASSED] - println(n): null

16-05-2025T09:19:00 - [TEST_STEP][PASSED] - dashboardName = "Факторный анализ": null

16-05-2025T09:19:00 - [TEST_STEP][PASSED] - openBrowser(""): Browser is opened with url: ''

16-05-2025T09:19:00 - [MESSAGE][INFO] - Starting 'Chrome' driver

16-05-2025T09:19:00 - [MESSAGE][INFO] - Action delay is set to 0 milliseconds

16-05-2025T09:19:01 - [MESSAGE][PASSED] - Browser is opened with url: ''

16-05-2025T09:19:01 - [TEST_STEP][PASSED] - urlData = 3: null

16-05-2025T09:19:01 - [TEST_STEP][PASSED] - Script1686231490255.CheckPageDownload(urlData, run): null

16-05-2025T09:19:01 - [TEST_STEP][PASSED] - i = 1: null

16-05-2025T09:19:01 - [TEST_STEP][PASSED] - ii = 0: null

16-05-2025T09:19:01 - [TEST_STEP][PASSED] - urlText = <not implemented yet for class: org.codehaus.groovy.ast.expr.EmptyExpression>: null

16-05-2025T09:19:01 - [TEST_STEP][PASSED] - searchWord = <not implemented yet for class: org.codehaus.groovy.ast.expr.EmptyExpression>: null

16-05-2025T09:19:01 - [TEST_STEP][PASSED] - deleteAllCookies(): Delete all cookies successfully

16-05-2025T09:19:01 - [MESSAGE][PASSED] - Delete all cookies successfully

16-05-2025T09:19:01 - [TEST_STEP][PASSED] - refresh(): Refresh successfully

16-05-2025T09:19:01 - [MESSAGE][PASSED] - Refresh successfully

16-05-2025T09:19:01 - [TEST_STEP][PASSED] - delay(70): Delayed 70 second(s)

16-05-2025T09:20:11 - [MESSAGE][PASSED] - Delayed 70 second(s)

16-05-2025T09:20:11 - [TEST_STEP][PASSED] - navigateToUrl(findTestData("PlanFact").getValue(10, urlData)): Navigate to 'https://bi.rosseti.digital/viewer?dashboardGuid=2301950b23be4ed89c1df75f2020051e&sheetGuid=ccd7d7486b3d4e6fa0ee9b1eaebed46c&fit=true' successfully

16-05-2025T09:20:14 - [MESSAGE][PASSED] - Navigate to 'https://bi.rosseti.digital/viewer?dashboardGuid=2301950b23be4ed89c1df75f2020051e&sheetGuid=ccd7d7486b3d4e6fa0ee9b1eaebed46c&fit=true' successfully

16-05-2025T09:20:14 - [TEST_STEP][PASSED] - pageLoaded1 = verifyElementPresent(findTestObject("Страница авторизации/Text"), 30): Object 'Object Repository/Страница авторизации/Text' is present

16-05-2025T09:20:29 - [MESSAGE][PASSED] - Object 'Object Repository/Страница авторизации/Text' is present

16-05-2025T09:20:29 - [TEST_STEP][PASSED] - if (pageLoaded1 == false): null

16-05-2025T09:20:29 - [TEST_STEP][PASSED] - urlText = getText(findTestObject("Страница авторизации/Text")): Text of object 'Object Repository/Страница авторизации/Text' is: 'Вход'

16-05-2025T09:20:29 - [MESSAGE][PASSED] - Text of object 'Object Repository/Страница авторизации/Text' is: 'Вход'

16-05-2025T09:20:29 - [TEST_STEP][PASSED] - delay(70): Delayed 70 second(s)

16-05-2025T09:21:39 - [MESSAGE][PASSED] - Delayed 70 second(s)

16-05-2025T09:21:39 - [TEST_STEP][PASSED] - searchWord = "Вход": null

16-05-2025T09:21:39 - [TEST_STEP][PASSED] - if (urlText.contains(searchWord) == false): null

16-05-2025T09:21:39 - [TEST_STEP][PASSED] - setText(findTestObject("Страница авторизации/input__username"), findTestData("PlanFact").getValue(8, run)): Text 'Andreeva-EV' is set on object 'Object Repository/Страница авторизации/input__username'

16-05-2025T09:21:40 - [MESSAGE][PASSED] - Text 'Andreeva-EV' is set on object 'Object Repository/Страница авторизации/input__username'

16-05-2025T09:21:40 - [TEST_STEP][PASSED] - setText(findTestObject("Страница авторизации/input__password"), findTestData("PlanFact").getValue(9, run)): Text '2nPePKDwCPH3ul7xMZ' is set on object 'Object Repository/Страница авторизации/input__password'

16-05-2025T09:21:40 - [MESSAGE][PASSED] - Text '2nPePKDwCPH3ul7xMZ' is set on object 'Object Repository/Страница авторизации/input__password'

16-05-2025T09:21:40 - [TEST_STEP][PASSED] - click(findTestObject("Страница авторизации/button_")): Object: 'Object Repository/Страница авторизации/button_' is clicked on

16-05-2025T09:21:42 - [MESSAGE][PASSED] - Object: 'Object Repository/Страница авторизации/button_' is clicked on

16-05-2025T09:21:42 - [TEST_STEP][PASSED] - delay(70): Delayed 70 second(s)

16-05-2025T09:22:52 - [MESSAGE][PASSED] - Delayed 70 second(s)

16-05-2025T09:22:52 - [TEST_STEP][PASSED] - searchWord = "а": null

16-05-2025T09:22:52 - [TEST_STEP][PASSED] - pageLoaded2 = verifyElementPresent(findTestObject("Страница авторизации/Text"), 50): Object 'Object Repository/Страница авторизации/Text' is present

16-05-2025T09:22:52 - [MESSAGE][PASSED] - Object 'Object Repository/Страница авторизации/Text' is present

16-05-2025T09:22:52 - [TEST_STEP][PASSED] - if (pageLoaded2 == false): null

16-05-2025T09:22:52 - [TEST_STEP][PASSED] - urlText = getText(findTestObject("Страница авторизации/Text")): Text of object 'Object Repository/Страница авторизации/Text' is: 'Период
1 кв. 2025 года
ДЗО 
Все
Подписи данных
Итого отклонения по группе компаний: -6 742 млн.руб.
Филиал
Месяц
Факторный анализ
Всего отклонения по факторам по ПАО Россети за 1 кв. 2025 года
ДЗО
Филиал
Отклонение (объём услуг)
Отклонение (средний тариф)
АО "РЭС" АО "РЭС" - 245 -16
АО «Тываэнерго» АО "Тываэнерго" 39 17
АО «Чеченэнерго» АО «Чеченэнерго» -8 -19
Россети Волга Мордовэнерго - 165 -11
Оренбургэнерго - 207 -48
Пензаэнерго -61 -1
Самарские РС - 328 413
Саратовские РС - 213 -34
Ульяновские РС 96 -22
Чувашэнерго 7 36
Россети Кубань Кубаньэнерго 319 467
Россети Ленэнерго (ГК) Ленинградская область - 274 501
г. Санкт-Петербург - 135 -30
Россети Московский регион Московская область -2 728 26
г. Москва - 739 96
Россети Северный Кавказ (ГК) Дагэнерго - 409 86
Ингушэнерго - 145 41
Каббалкэнерго 55 -4
Карачаево-Черкесскэнерго 50 -22
Севкавказэнерго -5 -24
Ставропольэнерго 23 84
Россети Северо-Запад Архангельский филиал -69 52
Вологодский филиал -44 43
Карельский филиал -17 -65
Мурманский филиал 24 -84
Новгородский филиал 10 21
Псковский филиал -55 30
филиал в Республике Коми - 136 39
Россети Сибирь (ГК) Алтайэнерго 47 24
Бурятэнерго 52 -32
ГАЭС 23 4
Красноярскэнерго 299 26
Кузбассэнерго-РЭС -85 499
Омскэнерго 40 -69
Хакасэнерго -9 -53
Читаэнерго 23 88
Россети Томск Томская распределительная компания - 100 42
Россети Тюмень Россети Тюмень -2 270 - 495
Россети Урал (ГК) Пермэнерго - 357 1
Свердловэнерго - 199 -32
Челябэнерго - 323 -77
Россети ФСК ЕЭС Итого по ФСК ЕЭС - 451 2 121
Россети Центр Белгородэнерго -74 30
Брянскэнерго -66 -2
Воронежэнерго - 100 37
Костромаэнерго -73 -1
Курскэнерго -21 41
Липецкэнерго - 216 43
Орелэнерго -39 4
Смоленскэнерго -41 4
Тамбовэнерго -25 -5
Тверьэнерго - 164 -10
Ярэнерго - 130 4
Россети Центр и Приволжье (ГК) Владимирэнерго - 188 -31
Ивэнерго 4 -31
Калугаэнерго -57 41
Кировэнерго -64 14
Мариэнерго -39 29
Нижновэнерго - 287 49
Рязаньэнерго - 201 45
Тулэнерго - 131 -64
Удмуртэнерго -55 61
Россети Юг (ГК) АО «ВМЭС» -7 15
Астраханьэнерго -22 -15
Волгоградэнерго - 314 22
Калмэнерго 20 -5
Ростовэнерго 153 143
Россети Янтарь Россети Янтарь 15 15
Отклонения выручки по факторам по выбранным ДЗО, руб
-10 795-10 795
4 0534 053
Отклонение (объём услуг)
Отклонение (средний тариф)
ПАО Россети'

16-05-2025T09:22:53 - [MESSAGE][PASSED] - Text of object 'Object Repository/Страница авторизации/Text' is: 'Период
1 кв. 2025 года
ДЗО 
Все
Подписи данных
Итого отклонения по группе компаний: -6 742 млн.руб.
Филиал
Месяц
Факторный анализ
Всего отклонения по факторам по ПАО Россети за 1 кв. 2025 года
ДЗО
Филиал
Отклонение (объём услуг)
Отклонение (средний тариф)
АО "РЭС" АО "РЭС" - 245 -16
АО «Тываэнерго» АО "Тываэнерго" 39 17
АО «Чеченэнерго» АО «Чеченэнерго» -8 -19
Россети Волга Мордовэнерго - 165 -11
Оренбургэнерго - 207 -48
Пензаэнерго -61 -1
Самарские РС - 328 413
Саратовские РС - 213 -34
Ульяновские РС 96 -22
Чувашэнерго 7 36
Россети Кубань Кубаньэнерго 319 467
Россети Ленэнерго (ГК) Ленинградская область - 274 501
г. Санкт-Петербург - 135 -30
Россети Московский регион Московская область -2 728 26
г. Москва - 739 96
Россети Северный Кавказ (ГК) Дагэнерго - 409 86
Ингушэнерго - 145 41
Каббалкэнерго 55 -4
Карачаево-Черкесскэнерго 50 -22
Севкавказэнерго -5 -24
Ставропольэнерго 23 84
Россети Северо-Запад Архангельский филиал -69 52
Вологодский филиал -44 43
Карельский филиал -17 -65
Мурманский филиал 24 -84
Новгородский филиал 10 21
Псковский филиал -55 30
филиал в Республике Коми - 136 39
Россети Сибирь (ГК) Алтайэнерго 47 24
Бурятэнерго 52 -32
ГАЭС 23 4
Красноярскэнерго 299 26
Кузбассэнерго-РЭС -85 499
Омскэнерго 40 -69
Хакасэнерго -9 -53
Читаэнерго 23 88
Россети Томск Томская распределительная компания - 100 42
Россети Тюмень Россети Тюмень -2 270 - 495
Россети Урал (ГК) Пермэнерго - 357 1
Свердловэнерго - 199 -32
Челябэнерго - 323 -77
Россети ФСК ЕЭС Итого по ФСК ЕЭС - 451 2 121
Россети Центр Белгородэнерго -74 30
Брянскэнерго -66 -2
Воронежэнерго - 100 37
Костромаэнерго -73 -1
Курскэнерго -21 41
Липецкэнерго - 216 43
Орелэнерго -39 4
Смоленскэнерго -41 4
Тамбовэнерго -25 -5
Тверьэнерго - 164 -10
Ярэнерго - 130 4
Россети Центр и Приволжье (ГК) Владимирэнерго - 188 -31
Ивэнерго 4 -31
Калугаэнерго -57 41
Кировэнерго -64 14
Мариэнерго -39 29
Нижновэнерго - 287 49
Рязаньэнерго - 201 45
Тулэнерго - 131 -64
Удмуртэнерго -55 61
Россети Юг (ГК) АО «ВМЭС» -7 15
Астраханьэнерго -22 -15
Волгоградэнерго - 314 22
Калмэнерго 20 -5
Ростовэнерго 153 143
Россети Янтарь Россети Янтарь 15 15
Отклонения выручки по факторам по выбранным ДЗО, руб
-10 795-10 795
4 0534 053
Отклонение (объём услуг)
Отклонение (средний тариф)
ПАО Россети'

16-05-2025T09:22:53 - [TEST_STEP][PASSED] - if (urlText.contains("ошибка") || urlText.contains(searchWord) == false): null

16-05-2025T09:22:53 - [TEST_STEP][PASSED] - click(findTestObject("Факторный анализ/Фильтр Период")): Object: 'Object Repository/Факторный анализ/Фильтр Период' is clicked on

16-05-2025T09:22:53 - [MESSAGE][PASSED] - Object: 'Object Repository/Факторный анализ/Фильтр Период' is clicked on

16-05-2025T09:22:53 - [TEST_STEP][PASSED] - click(findTestObject("Факторный анализ/Снять выделение в фильтре Дата")): Object: 'Object Repository/Факторный анализ/Снять выделение в фильтре Дата' is clicked on

16-05-2025T09:22:54 - [MESSAGE][PASSED] - Object: 'Object Repository/Факторный анализ/Снять выделение в фильтре Дата' is clicked on

16-05-2025T09:22:54 - [TEST_STEP][PASSED] - click(findTestObject("Факторный анализ/Применить в фильтре Дата")): Object: 'Object Repository/Факторный анализ/Применить в фильтре Дата' is clicked on

16-05-2025T09:22:54 - [MESSAGE][PASSED] - Object: 'Object Repository/Факторный анализ/Применить в фильтре Дата' is clicked on

16-05-2025T09:22:54 - [TEST_STEP][PASSED] - click(findTestObject("Факторный анализ/Фильтр Период")): Object: 'Object Repository/Факторный анализ/Фильтр Период' is clicked on

16-05-2025T09:22:56 - [MESSAGE][PASSED] - Object: 'Object Repository/Факторный анализ/Фильтр Период' is clicked on

16-05-2025T09:22:56 - [TEST_STEP][PASSED] - click(findTestObject("Факторный анализ/Снять выделение в фильтре Дата")): Object: 'Object Repository/Факторный анализ/Снять выделение в фильтре Дата' is clicked on

16-05-2025T09:22:56 - [MESSAGE][PASSED] - Object: 'Object Repository/Факторный анализ/Снять выделение в фильтре Дата' is clicked on

16-05-2025T09:22:56 - [TEST_STEP][PASSED] - scrollToElement(findTestObject("Факторный анализ/2025 список"), 30): Scroll to object 'Object Repository/Факторный анализ/2025 список' successfully

16-05-2025T09:22:57 - [MESSAGE][PASSED] - Scroll to object 'Object Repository/Факторный анализ/2025 список' successfully

16-05-2025T09:22:57 - [TEST_STEP][PASSED] - click(findTestObject("Факторный анализ/2025 список")): Object: 'Object Repository/Факторный анализ/2025 список' is clicked on

16-05-2025T09:22:57 - [MESSAGE][PASSED] - Object: 'Object Repository/Факторный анализ/2025 список' is clicked on

16-05-2025T09:22:57 - [TEST_STEP][PASSED] - scrollToElement(findTestObject("Факторный анализ/1 квартал 2025 список"), 30): Scroll to object 'Object Repository/Факторный анализ/1 квартал 2025 список' successfully

16-05-2025T09:22:57 - [MESSAGE][PASSED] - Scroll to object 'Object Repository/Факторный анализ/1 квартал 2025 список' successfully

16-05-2025T09:22:57 - [TEST_STEP][PASSED] - click(findTestObject("Факторный анализ/1 квартал 2025 выбрать"), CONTINUE_ON_FAILURE): Object: 'Object Repository/Факторный анализ/1 квартал 2025 выбрать' is clicked on

16-05-2025T09:22:58 - [MESSAGE][PASSED] - Object: 'Object Repository/Факторный анализ/1 квартал 2025 выбрать' is clicked on

16-05-2025T09:22:58 - [TEST_STEP][PASSED] - scrollToElement(findTestObject("Факторный анализ/Заголовок дашборда"), 30): Scroll to object 'Object Repository/Факторный анализ/Заголовок дашборда' successfully

16-05-2025T09:22:58 - [MESSAGE][PASSED] - Scroll to object 'Object Repository/Факторный анализ/Заголовок дашборда' successfully

16-05-2025T09:22:58 - [TEST_STEP][PASSED] - click(findTestObject("Факторный анализ/Применить в фильтре Дата")): Object: 'Object Repository/Факторный анализ/Применить в фильтре Дата' is clicked on

16-05-2025T09:22:59 - [MESSAGE][PASSED] - Object: 'Object Repository/Факторный анализ/Применить в фильтре Дата' is clicked on

16-05-2025T09:22:59 - [TEST_STEP][PASSED] - a5 = "": null

16-05-2025T09:22:59 - [TEST_STEP][PASSED] - a6 = "": null

16-05-2025T09:22:59 - [TEST_STEP][PASSED] - a7 = "": null

16-05-2025T09:22:59 - [TEST_STEP][PASSED] - a8 = "": null

16-05-2025T09:22:59 - [TEST_STEP][PASSED] - a9 = "": null

16-05-2025T09:22:59 - [TEST_STEP][PASSED] - if (run == 1): null

16-05-2025T09:22:59 - [TEST_STEP][PASSED] - if (run == 2): null

16-05-2025T09:22:59 - [TEST_STEP][PASSED] - user = "Андреева": null

16-05-2025T09:22:59 - [TEST_STEP][PASSED] - a1 = getText(findTestObject("Факторный анализ/span1 Блок руководителя")): Text of object 'Object Repository/Факторный анализ/span1 Блок руководителя' is: ''

16-05-2025T09:23:00 - [MESSAGE][PASSED] - Text of object 'Object Repository/Факторный анализ/span1 Блок руководителя' is: ''

16-05-2025T09:23:00 - [TEST_STEP][PASSED] - a2 = getText(findTestObject("Факторный анализ/span2 Блок руководителя")): Text of object 'Object Repository/Факторный анализ/span2 Блок руководителя' is: ''

16-05-2025T09:23:00 - [MESSAGE][PASSED] - Text of object 'Object Repository/Факторный анализ/span2 Блок руководителя' is: ''

16-05-2025T09:23:00 - [TEST_STEP][PASSED] - a3 = getText(findTestObject("Факторный анализ/График Всего отклонения по факторам Блок руководителя")): Text of object 'Object Repository/Факторный анализ/График Всего отклонения по факторам Блок руководителя' is: ''

16-05-2025T09:23:00 - [MESSAGE][PASSED] - Text of object 'Object Repository/Факторный анализ/График Всего отклонения по факторам Блок руководителя' is: ''

16-05-2025T09:23:00 - [TEST_STEP][PASSED] - click(findTestObject("Факторный анализ/Переключить отображение с филиала на месяц Выручка")): Object: 'Object Repository/Факторный анализ/Переключить отображение с филиала на месяц Выручка' is clicked on

16-05-2025T09:23:01 - [MESSAGE][PASSED] - Object: 'Object Repository/Факторный анализ/Переключить отображение с филиала на месяц Выручка' is clicked on

16-05-2025T09:23:01 - [TEST_STEP][PASSED] - a4 = getText(findTestObject("Факторный анализ/График Всего отклонения по факторам Блок руководителя")): Text of object 'Object Repository/Факторный анализ/График Всего отклонения по факторам Блок руководителя' is: ''

16-05-2025T09:23:01 - [MESSAGE][PASSED] - Text of object 'Object Repository/Факторный анализ/График Всего отклонения по факторам Блок руководителя' is: ''

16-05-2025T09:23:01 - [TEST_STEP][PASSED] - n = n + 25: null

16-05-2025T09:23:01 - [TEST_STEP][PASSED] - b = n - run + 1: null

16-05-2025T09:23:01 - [TEST_STEP][PASSED] - verifyEqual(findTestData("PlanFact").getValue(2, b), a1): Actual object '' and expected object '' are equal

16-05-2025T09:23:01 - [MESSAGE][PASSED] - Actual object '' and expected object '' are equal

16-05-2025T09:23:01 - [TEST_STEP][PASSED] - verifyEqual(findTestData("PlanFact").getValue(3, b), a2): Actual object '' and expected object '' are equal

16-05-2025T09:23:01 - [MESSAGE][PASSED] - Actual object '' and expected object '' are equal

16-05-2025T09:23:01 - [TEST_STEP][PASSED] - verifyEqual(findTestData("PlanFact").getValue(4, b), a3): Actual object '' and expected object '' are equal

16-05-2025T09:23:01 - [MESSAGE][PASSED] - Actual object '' and expected object '' are equal

16-05-2025T09:23:01 - [TEST_STEP][PASSED] - verifyEqual(findTestData("PlanFact").getValue(5, b), a4): Actual object '' and expected object '' are equal

16-05-2025T09:23:01 - [MESSAGE][PASSED] - Actual object '' and expected object '' are equal

16-05-2025T09:23:01 - [TEST_STEP][PASSED] - Script1686231490255.WriteToExcel(user, dashboardName, n, data, run, a1, a2, a3, a4, a5, a6, a7, a8, a9): null

16-05-2025T09:23:01 - [TEST_STEP][PASSED] - sheetName = "Sheet1": null

16-05-2025T09:23:01 - [TEST_STEP][PASSED] - workbook01 = getWorkbook(excelFilePath): null

16-05-2025T09:23:01 - [TEST_STEP][PASSED] - sheet01 = getExcelSheet(workbook01, sheetName): null

16-05-2025T09:23:01 - [TEST_STEP][PASSED] - setValueToCellByIndex(sheet01, n, 0, dashboardName): null

16-05-2025T09:23:01 - [TEST_STEP][PASSED] - setValueToCellByIndex(sheet01, n, 10, user): null

16-05-2025T09:23:01 - [TEST_STEP][PASSED] - setValueToCellByIndex(sheet01, n, 1, a1): null

16-05-2025T09:23:01 - [TEST_STEP][PASSED] - setValueToCellByIndex(sheet01, n, 2, a2): null

16-05-2025T09:23:01 - [TEST_STEP][PASSED] - setValueToCellByIndex(sheet01, n, 3, a3): null

16-05-2025T09:23:01 - [TEST_STEP][PASSED] - setValueToCellByIndex(sheet01, n, 4, a4): null

16-05-2025T09:23:01 - [TEST_STEP][PASSED] - setValueToCellByIndex(sheet01, n, 5, a5): null

16-05-2025T09:23:01 - [TEST_STEP][PASSED] - setValueToCellByIndex(sheet01, n, 6, a6): null

16-05-2025T09:23:01 - [TEST_STEP][PASSED] - setValueToCellByIndex(sheet01, n, 7, a7): null

16-05-2025T09:23:01 - [TEST_STEP][PASSED] - setValueToCellByIndex(sheet01, n, 8, a8): null

16-05-2025T09:23:01 - [TEST_STEP][PASSED] - setValueToCellByIndex(sheet01, n, 9, a9): null

16-05-2025T09:23:01 - [TEST_STEP][PASSED] - n = n + 1: null

16-05-2025T09:23:01 - [TEST_STEP][PASSED] - saveWorkbook(excelFilePath, workbook01): null

16-05-2025T09:23:02 - [TEST_STEP][PASSED] - if (run == 3): null

16-05-2025T09:23:02 - [TEST_STEP][PASSED] - closeBrowser(): null

16-05-2025T09:23:02 - [MESSAGE][PASSED] - Browser is closed

16-05-2025T09:23:02 - [TEST_STEP][PASSED] - FaktorniyAnaliz(user, dashboardName, n, data, run, a1, a2, a3, a4, a5, a6, a7, a8, a9, urlData): null

16-05-2025T09:23:02 - [TEST_STEP][PASSED] - n = data.getRowNumbers() + 1: null

16-05-2025T09:23:02 - [TEST_STEP][PASSED] - println(n): null

16-05-2025T09:23:02 - [TEST_STEP][PASSED] - dashboardName = "Факторный анализ": null

16-05-2025T09:23:02 - [TEST_STEP][PASSED] - openBrowser(""): Browser is opened with url: ''

16-05-2025T09:23:02 - [MESSAGE][INFO] - Starting 'Chrome' driver

16-05-2025T09:23:02 - [MESSAGE][INFO] - Action delay is set to 0 milliseconds

16-05-2025T09:23:03 - [MESSAGE][PASSED] - Browser is opened with url: ''

16-05-2025T09:23:03 - [TEST_STEP][PASSED] - urlData = 3: null

16-05-2025T09:23:03 - [TEST_STEP][PASSED] - Script1686231490255.CheckPageDownload(urlData, run): null

16-05-2025T09:23:03 - [TEST_STEP][PASSED] - i = 1: null

16-05-2025T09:23:03 - [TEST_STEP][PASSED] - ii = 0: null

16-05-2025T09:23:03 - [TEST_STEP][PASSED] - urlText = <not implemented yet for class: org.codehaus.groovy.ast.expr.EmptyExpression>: null

16-05-2025T09:23:03 - [TEST_STEP][PASSED] - searchWord = <not implemented yet for class: org.codehaus.groovy.ast.expr.EmptyExpression>: null

16-05-2025T09:23:03 - [TEST_STEP][PASSED] - deleteAllCookies(): Delete all cookies successfully

16-05-2025T09:23:03 - [MESSAGE][PASSED] - Delete all cookies successfully

16-05-2025T09:23:03 - [TEST_STEP][PASSED] - refresh(): Refresh successfully

16-05-2025T09:23:03 - [MESSAGE][PASSED] - Refresh successfully

16-05-2025T09:23:03 - [TEST_STEP][PASSED] - delay(70): Delayed 70 second(s)

16-05-2025T09:24:13 - [MESSAGE][PASSED] - Delayed 70 second(s)

16-05-2025T09:24:13 - [TEST_STEP][PASSED] - navigateToUrl(findTestData("PlanFact").getValue(10, urlData)): Navigate to 'https://bi.rosseti.digital/viewer?dashboardGuid=2301950b23be4ed89c1df75f2020051e&sheetGuid=ccd7d7486b3d4e6fa0ee9b1eaebed46c&fit=true' successfully

16-05-2025T09:24:15 - [MESSAGE][PASSED] - Navigate to 'https://bi.rosseti.digital/viewer?dashboardGuid=2301950b23be4ed89c1df75f2020051e&sheetGuid=ccd7d7486b3d4e6fa0ee9b1eaebed46c&fit=true' successfully

16-05-2025T09:24:15 - [TEST_STEP][PASSED] - pageLoaded1 = verifyElementPresent(findTestObject("Страница авторизации/Text"), 30): Object 'Object Repository/Страница авторизации/Text' is present

16-05-2025T09:24:16 - [MESSAGE][PASSED] - Object 'Object Repository/Страница авторизации/Text' is present

16-05-2025T09:24:16 - [TEST_STEP][PASSED] - if (pageLoaded1 == false): null

16-05-2025T09:24:16 - [TEST_STEP][PASSED] - urlText = getText(findTestObject("Страница авторизации/Text")): Text of object 'Object Repository/Страница авторизации/Text' is: 'Вход'

16-05-2025T09:24:16 - [MESSAGE][PASSED] - Text of object 'Object Repository/Страница авторизации/Text' is: 'Вход'

16-05-2025T09:24:16 - [TEST_STEP][PASSED] - delay(70): Delayed 70 second(s)

16-05-2025T09:25:26 - [MESSAGE][PASSED] - Delayed 70 second(s)

16-05-2025T09:25:26 - [TEST_STEP][PASSED] - searchWord = "Вход": null

16-05-2025T09:25:26 - [TEST_STEP][PASSED] - if (urlText.contains(searchWord) == false): null

16-05-2025T09:25:26 - [TEST_STEP][PASSED] - setText(findTestObject("Страница авторизации/input__username"), findTestData("PlanFact").getValue(8, run)): Text 'Petrova-OV' is set on object 'Object Repository/Страница авторизации/input__username'

16-05-2025T09:25:27 - [MESSAGE][PASSED] - Text 'Petrova-OV' is set on object 'Object Repository/Страница авторизации/input__username'

16-05-2025T09:25:27 - [TEST_STEP][PASSED] - setText(findTestObject("Страница авторизации/input__password"), findTestData("PlanFact").getValue(9, run)): Text '4Ex@~R53r&3x&BVe7' is set on object 'Object Repository/Страница авторизации/input__password'

16-05-2025T09:25:27 - [MESSAGE][PASSED] - Text '4Ex@~R53r&3x&BVe7' is set on object 'Object Repository/Страница авторизации/input__password'

16-05-2025T09:25:27 - [TEST_STEP][PASSED] - click(findTestObject("Страница авторизации/button_")): Object: 'Object Repository/Страница авторизации/button_' is clicked on

16-05-2025T09:25:29 - [MESSAGE][PASSED] - Object: 'Object Repository/Страница авторизации/button_' is clicked on

16-05-2025T09:25:29 - [TEST_STEP][PASSED] - delay(70): Delayed 70 second(s)

16-05-2025T09:26:39 - [MESSAGE][PASSED] - Delayed 70 second(s)

16-05-2025T09:26:39 - [TEST_STEP][PASSED] - searchWord = "а": null

16-05-2025T09:26:39 - [TEST_STEP][PASSED] - pageLoaded2 = verifyElementPresent(findTestObject("Страница авторизации/Text"), 50): Object 'Object Repository/Страница авторизации/Text' is present

16-05-2025T09:26:39 - [MESSAGE][PASSED] - Object 'Object Repository/Страница авторизации/Text' is present

16-05-2025T09:26:39 - [TEST_STEP][PASSED] - if (pageLoaded2 == false): null

16-05-2025T09:26:39 - [TEST_STEP][PASSED] - urlText = getText(findTestObject("Страница авторизации/Text")): Text of object 'Object Repository/Страница авторизации/Text' is: 'Период
1 кв. 2025 года
ДЗО 
Все
Подписи данных
Итого отклонения по группе компаний: -6 742 млн.руб.
Филиал
Месяц
Факторный анализ
Всего отклонения по факторам по ПАО Россети за 1 кв. 2025 года
ДЗО
Филиал
Отклонение (объём услуг)
Отклонение (средний тариф)
АО "РЭС" АО "РЭС" - 245 -16
АО «Тываэнерго» АО "Тываэнерго" 39 17
АО «Чеченэнерго» АО «Чеченэнерго» -8 -19
Россети Волга Мордовэнерго - 165 -11
Оренбургэнерго - 207 -48
Пензаэнерго -61 -1
Самарские РС - 328 413
Саратовские РС - 213 -34
Ульяновские РС 96 -22
Чувашэнерго 7 36
Россети Кубань Кубаньэнерго 319 467
Россети Ленэнерго (ГК) Ленинградская область - 274 501
г. Санкт-Петербург - 135 -30
Россети Московский регион Московская область -2 728 26
г. Москва - 739 96
Россети Северный Кавказ (ГК) Дагэнерго - 409 86
Ингушэнерго - 145 41
Каббалкэнерго 55 -4
Карачаево-Черкесскэнерго 50 -22
Севкавказэнерго -5 -24
Ставропольэнерго 23 84
Россети Северо-Запад Архангельский филиал -69 52
Вологодский филиал -44 43
Карельский филиал -17 -65
Мурманский филиал 24 -84
Новгородский филиал 10 21
Псковский филиал -55 30
филиал в Республике Коми - 136 39
Россети Сибирь (ГК) Алтайэнерго 47 24
Бурятэнерго 52 -32
ГАЭС 23 4
Красноярскэнерго 299 26
Кузбассэнерго-РЭС -85 499
Омскэнерго 40 -69
Хакасэнерго -9 -53
Читаэнерго 23 88
Россети Томск Томская распределительная компания - 100 42
Россети Тюмень Россети Тюмень -2 270 - 495
Россети Урал (ГК) Пермэнерго - 357 1
Свердловэнерго - 199 -32
Челябэнерго - 323 -77
Россети ФСК ЕЭС Итого по ФСК ЕЭС - 451 2 121
Россети Центр Белгородэнерго -74 30
Брянскэнерго -66 -2
Воронежэнерго - 100 37
Костромаэнерго -73 -1
Курскэнерго -21 41
Липецкэнерго - 216 43
Орелэнерго -39 4
Смоленскэнерго -41 4
Тамбовэнерго -25 -5
Тверьэнерго - 164 -10
Ярэнерго - 130 4
Россети Центр и Приволжье (ГК) Владимирэнерго - 188 -31
Ивэнерго 4 -31
Калугаэнерго -57 41
Кировэнерго -64 14
Мариэнерго -39 29
Нижновэнерго - 287 49
Рязаньэнерго - 201 45
Тулэнерго - 131 -64
Удмуртэнерго -55 61
Россети Юг (ГК) АО «ВМЭС» -7 15
Астраханьэнерго -22 -15
Волгоградэнерго - 314 22
Калмэнерго 20 -5
Ростовэнерго 153 143
Россети Янтарь Россети Янтарь 15 15
Отклонения выручки по факторам по выбранным ДЗО, руб
-10 795-10 795
4 0534 053
Отклонение (объём услуг)
Отклонение (средний тариф)
ПАО Россети'

16-05-2025T09:26:39 - [MESSAGE][PASSED] - Text of object 'Object Repository/Страница авторизации/Text' is: 'Период
1 кв. 2025 года
ДЗО 
Все
Подписи данных
Итого отклонения по группе компаний: -6 742 млн.руб.
Филиал
Месяц
Факторный анализ
Всего отклонения по факторам по ПАО Россети за 1 кв. 2025 года
ДЗО
Филиал
Отклонение (объём услуг)
Отклонение (средний тариф)
АО "РЭС" АО "РЭС" - 245 -16
АО «Тываэнерго» АО "Тываэнерго" 39 17
АО «Чеченэнерго» АО «Чеченэнерго» -8 -19
Россети Волга Мордовэнерго - 165 -11
Оренбургэнерго - 207 -48
Пензаэнерго -61 -1
Самарские РС - 328 413
Саратовские РС - 213 -34
Ульяновские РС 96 -22
Чувашэнерго 7 36
Россети Кубань Кубаньэнерго 319 467
Россети Ленэнерго (ГК) Ленинградская область - 274 501
г. Санкт-Петербург - 135 -30
Россети Московский регион Московская область -2 728 26
г. Москва - 739 96
Россети Северный Кавказ (ГК) Дагэнерго - 409 86
Ингушэнерго - 145 41
Каббалкэнерго 55 -4
Карачаево-Черкесскэнерго 50 -22
Севкавказэнерго -5 -24
Ставропольэнерго 23 84
Россети Северо-Запад Архангельский филиал -69 52
Вологодский филиал -44 43
Карельский филиал -17 -65
Мурманский филиал 24 -84
Новгородский филиал 10 21
Псковский филиал -55 30
филиал в Республике Коми - 136 39
Россети Сибирь (ГК) Алтайэнерго 47 24
Бурятэнерго 52 -32
ГАЭС 23 4
Красноярскэнерго 299 26
Кузбассэнерго-РЭС -85 499
Омскэнерго 40 -69
Хакасэнерго -9 -53
Читаэнерго 23 88
Россети Томск Томская распределительная компания - 100 42
Россети Тюмень Россети Тюмень -2 270 - 495
Россети Урал (ГК) Пермэнерго - 357 1
Свердловэнерго - 199 -32
Челябэнерго - 323 -77
Россети ФСК ЕЭС Итого по ФСК ЕЭС - 451 2 121
Россети Центр Белгородэнерго -74 30
Брянскэнерго -66 -2
Воронежэнерго - 100 37
Костромаэнерго -73 -1
Курскэнерго -21 41
Липецкэнерго - 216 43
Орелэнерго -39 4
Смоленскэнерго -41 4
Тамбовэнерго -25 -5
Тверьэнерго - 164 -10
Ярэнерго - 130 4
Россети Центр и Приволжье (ГК) Владимирэнерго - 188 -31
Ивэнерго 4 -31
Калугаэнерго -57 41
Кировэнерго -64 14
Мариэнерго -39 29
Нижновэнерго - 287 49
Рязаньэнерго - 201 45
Тулэнерго - 131 -64
Удмуртэнерго -55 61
Россети Юг (ГК) АО «ВМЭС» -7 15
Астраханьэнерго -22 -15
Волгоградэнерго - 314 22
Калмэнерго 20 -5
Ростовэнерго 153 143
Россети Янтарь Россети Янтарь 15 15
Отклонения выручки по факторам по выбранным ДЗО, руб
-10 795-10 795
4 0534 053
Отклонение (объём услуг)
Отклонение (средний тариф)
ПАО Россети'

16-05-2025T09:26:39 - [TEST_STEP][PASSED] - if (urlText.contains("ошибка") || urlText.contains(searchWord) == false): null

16-05-2025T09:26:39 - [TEST_STEP][PASSED] - click(findTestObject("Факторный анализ/Фильтр Период")): Object: 'Object Repository/Факторный анализ/Фильтр Период' is clicked on

16-05-2025T09:26:40 - [MESSAGE][PASSED] - Object: 'Object Repository/Факторный анализ/Фильтр Период' is clicked on

16-05-2025T09:26:40 - [TEST_STEP][PASSED] - click(findTestObject("Факторный анализ/Снять выделение в фильтре Дата")): Object: 'Object Repository/Факторный анализ/Снять выделение в фильтре Дата' is clicked on

16-05-2025T09:26:40 - [MESSAGE][PASSED] - Object: 'Object Repository/Факторный анализ/Снять выделение в фильтре Дата' is clicked on

16-05-2025T09:26:40 - [TEST_STEP][PASSED] - click(findTestObject("Факторный анализ/Применить в фильтре Дата")): Object: 'Object Repository/Факторный анализ/Применить в фильтре Дата' is clicked on

16-05-2025T09:26:41 - [MESSAGE][PASSED] - Object: 'Object Repository/Факторный анализ/Применить в фильтре Дата' is clicked on

16-05-2025T09:26:41 - [TEST_STEP][PASSED] - click(findTestObject("Факторный анализ/Фильтр Период")): Object: 'Object Repository/Факторный анализ/Фильтр Период' is clicked on

16-05-2025T09:26:43 - [MESSAGE][PASSED] - Object: 'Object Repository/Факторный анализ/Фильтр Период' is clicked on

16-05-2025T09:26:43 - [TEST_STEP][PASSED] - click(findTestObject("Факторный анализ/Снять выделение в фильтре Дата")): Object: 'Object Repository/Факторный анализ/Снять выделение в фильтре Дата' is clicked on

16-05-2025T09:26:43 - [MESSAGE][PASSED] - Object: 'Object Repository/Факторный анализ/Снять выделение в фильтре Дата' is clicked on

16-05-2025T09:26:43 - [TEST_STEP][PASSED] - scrollToElement(findTestObject("Факторный анализ/2025 список"), 30): Scroll to object 'Object Repository/Факторный анализ/2025 список' successfully

16-05-2025T09:26:44 - [MESSAGE][PASSED] - Scroll to object 'Object Repository/Факторный анализ/2025 список' successfully

16-05-2025T09:26:44 - [TEST_STEP][PASSED] - click(findTestObject("Факторный анализ/2025 список")): Object: 'Object Repository/Факторный анализ/2025 список' is clicked on

16-05-2025T09:26:44 - [MESSAGE][PASSED] - Object: 'Object Repository/Факторный анализ/2025 список' is clicked on

16-05-2025T09:26:44 - [TEST_STEP][PASSED] - scrollToElement(findTestObject("Факторный анализ/1 квартал 2025 список"), 30): Scroll to object 'Object Repository/Факторный анализ/1 квартал 2025 список' successfully

16-05-2025T09:26:44 - [MESSAGE][PASSED] - Scroll to object 'Object Repository/Факторный анализ/1 квартал 2025 список' successfully

16-05-2025T09:26:44 - [TEST_STEP][PASSED] - click(findTestObject("Факторный анализ/1 квартал 2025 выбрать"), CONTINUE_ON_FAILURE): Object: 'Object Repository/Факторный анализ/1 квартал 2025 выбрать' is clicked on

16-05-2025T09:26:45 - [MESSAGE][PASSED] - Object: 'Object Repository/Факторный анализ/1 квартал 2025 выбрать' is clicked on

16-05-2025T09:26:45 - [TEST_STEP][PASSED] - scrollToElement(findTestObject("Факторный анализ/Заголовок дашборда"), 30): Scroll to object 'Object Repository/Факторный анализ/Заголовок дашборда' successfully

16-05-2025T09:26:45 - [MESSAGE][PASSED] - Scroll to object 'Object Repository/Факторный анализ/Заголовок дашборда' successfully

16-05-2025T09:26:45 - [TEST_STEP][PASSED] - click(findTestObject("Факторный анализ/Применить в фильтре Дата")): Object: 'Object Repository/Факторный анализ/Применить в фильтре Дата' is clicked on

16-05-2025T09:26:46 - [MESSAGE][PASSED] - Object: 'Object Repository/Факторный анализ/Применить в фильтре Дата' is clicked on

16-05-2025T09:26:46 - [TEST_STEP][PASSED] - a5 = "": null

16-05-2025T09:26:46 - [TEST_STEP][PASSED] - a6 = "": null

16-05-2025T09:26:46 - [TEST_STEP][PASSED] - a7 = "": null

16-05-2025T09:26:46 - [TEST_STEP][PASSED] - a8 = "": null

16-05-2025T09:26:46 - [TEST_STEP][PASSED] - a9 = "": null

16-05-2025T09:26:46 - [TEST_STEP][PASSED] - if (run == 1): null

16-05-2025T09:26:46 - [TEST_STEP][PASSED] - if (run == 2): null

16-05-2025T09:26:46 - [TEST_STEP][PASSED] - if (run == 3): null

16-05-2025T09:26:46 - [TEST_STEP][PASSED] - user = "Попова": null

16-05-2025T09:26:46 - [TEST_STEP][PASSED] - a1 = getText(findTestObject("Факторный анализ/span1 Блок руководителя")): Text of object 'Object Repository/Факторный анализ/span1 Блок руководителя' is: ''

16-05-2025T09:26:47 - [MESSAGE][PASSED] - Text of object 'Object Repository/Факторный анализ/span1 Блок руководителя' is: ''

16-05-2025T09:26:47 - [TEST_STEP][PASSED] - a2 = getText(findTestObject("Факторный анализ/span2 Блок руководителя")): Text of object 'Object Repository/Факторный анализ/span2 Блок руководителя' is: ''

16-05-2025T09:26:47 - [MESSAGE][PASSED] - Text of object 'Object Repository/Факторный анализ/span2 Блок руководителя' is: ''

16-05-2025T09:26:47 - [TEST_STEP][PASSED] - a3 = getText(findTestObject("Факторный анализ/График Всего отклонения по факторам Блок руководителя")): Text of object 'Object Repository/Факторный анализ/График Всего отклонения по факторам Блок руководителя' is: ''

16-05-2025T09:26:48 - [MESSAGE][PASSED] - Text of object 'Object Repository/Факторный анализ/График Всего отклонения по факторам Блок руководителя' is: ''

16-05-2025T09:26:48 - [TEST_STEP][PASSED] - click(findTestObject("Факторный анализ/Переключить отображение с филиала на месяц Выручка")): Object: 'Object Repository/Факторный анализ/Переключить отображение с филиала на месяц Выручка' is clicked on

16-05-2025T09:26:48 - [MESSAGE][PASSED] - Object: 'Object Repository/Факторный анализ/Переключить отображение с филиала на месяц Выручка' is clicked on

16-05-2025T09:26:48 - [TEST_STEP][PASSED] - a4 = getText(findTestObject("Факторный анализ/График Всего отклонения по факторам Блок руководителя")): Text of object 'Object Repository/Факторный анализ/График Всего отклонения по факторам Блок руководителя' is: ''

16-05-2025T09:26:48 - [MESSAGE][PASSED] - Text of object 'Object Repository/Факторный анализ/График Всего отклонения по факторам Блок руководителя' is: ''

16-05-2025T09:26:48 - [TEST_STEP][PASSED] - n = n + 26: null

16-05-2025T09:26:48 - [TEST_STEP][PASSED] - b = n - run + 1: null

16-05-2025T09:26:48 - [TEST_STEP][PASSED] - verifyEqual(findTestData("PlanFact").getValue(2, b), a1): Actual object '' and expected object '' are equal

16-05-2025T09:26:48 - [MESSAGE][PASSED] - Actual object '' and expected object '' are equal

16-05-2025T09:26:48 - [TEST_STEP][PASSED] - verifyEqual(findTestData("PlanFact").getValue(3, b), a2): Actual object '' and expected object '' are equal

16-05-2025T09:26:48 - [MESSAGE][PASSED] - Actual object '' and expected object '' are equal

16-05-2025T09:26:48 - [TEST_STEP][PASSED] - verifyEqual(findTestData("PlanFact").getValue(4, b), a3): Actual object '' and expected object '' are equal

16-05-2025T09:26:48 - [MESSAGE][PASSED] - Actual object '' and expected object '' are equal

16-05-2025T09:26:48 - [TEST_STEP][PASSED] - verifyEqual(findTestData("PlanFact").getValue(5, b), a4): Actual object '' and expected object '' are equal

16-05-2025T09:26:48 - [MESSAGE][PASSED] - Actual object '' and expected object '' are equal

16-05-2025T09:26:48 - [TEST_STEP][PASSED] - Script1686231490255.WriteToExcel(user, dashboardName, n, data, run, a1, a2, a3, a4, a5, a6, a7, a8, a9): null

16-05-2025T09:26:48 - [TEST_STEP][PASSED] - sheetName = "Sheet1": null

16-05-2025T09:26:48 - [TEST_STEP][PASSED] - workbook01 = getWorkbook(excelFilePath): null

16-05-2025T09:26:48 - [TEST_STEP][PASSED] - sheet01 = getExcelSheet(workbook01, sheetName): null

16-05-2025T09:26:48 - [TEST_STEP][PASSED] - setValueToCellByIndex(sheet01, n, 0, dashboardName): null

16-05-2025T09:26:48 - [TEST_STEP][PASSED] - setValueToCellByIndex(sheet01, n, 10, user): null

16-05-2025T09:26:48 - [TEST_STEP][PASSED] - setValueToCellByIndex(sheet01, n, 1, a1): null

16-05-2025T09:26:48 - [TEST_STEP][PASSED] - setValueToCellByIndex(sheet01, n, 2, a2): null

16-05-2025T09:26:48 - [TEST_STEP][PASSED] - setValueToCellByIndex(sheet01, n, 3, a3): null

16-05-2025T09:26:48 - [TEST_STEP][PASSED] - setValueToCellByIndex(sheet01, n, 4, a4): null

16-05-2025T09:26:48 - [TEST_STEP][PASSED] - setValueToCellByIndex(sheet01, n, 5, a5): null

16-05-2025T09:26:48 - [TEST_STEP][PASSED] - setValueToCellByIndex(sheet01, n, 6, a6): null

16-05-2025T09:26:48 - [TEST_STEP][PASSED] - setValueToCellByIndex(sheet01, n, 7, a7): null

16-05-2025T09:26:48 - [TEST_STEP][PASSED] - setValueToCellByIndex(sheet01, n, 8, a8): null

16-05-2025T09:26:48 - [TEST_STEP][PASSED] - setValueToCellByIndex(sheet01, n, 9, a9): null

16-05-2025T09:26:48 - [TEST_STEP][PASSED] - n = n + 1: null

16-05-2025T09:26:48 - [TEST_STEP][PASSED] - saveWorkbook(excelFilePath, workbook01): null

16-05-2025T09:26:49 - [TEST_STEP][PASSED] - closeBrowser(): Browser is closed

16-05-2025T09:26:49 - [MESSAGE][PASSED] - Browser is closed

16-05-2025T09:26:49 - [TEST_STEP][PASSED] - delay(70): Delayed 70 second(s)

16-05-2025T09:27:59 - [MESSAGE][PASSED] - Delayed 70 second(s)

16-05-2025T09:27:59 - [TEST_STEP][PASSED] - for ([run = 1, run < 4, (run++)]): null

16-05-2025T09:27:59 - [TEST_STEP][PASSED] - ViruchkaPoDZO(user, dashboardName, n, data, run, a1, a2, a3, a4, a5, a6, a7, a8, a9, urlData): null

16-05-2025T09:27:59 - [TEST_STEP][PASSED] - n = data.getRowNumbers() + 1: null

16-05-2025T09:27:59 - [TEST_STEP][PASSED] - println(n): null

16-05-2025T09:27:59 - [TEST_STEP][PASSED] - dashboardName = "Выручка по ДЗО": null

16-05-2025T09:27:59 - [TEST_STEP][PASSED] - openBrowser(""): Browser is opened with url: ''

16-05-2025T09:27:59 - [MESSAGE][INFO] - Starting 'Chrome' driver

16-05-2025T09:27:59 - [MESSAGE][INFO] - Action delay is set to 0 milliseconds

16-05-2025T09:28:00 - [MESSAGE][PASSED] - Browser is opened with url: ''

16-05-2025T09:28:00 - [TEST_STEP][PASSED] - urlData = 5: null

16-05-2025T09:28:00 - [TEST_STEP][PASSED] - Script1686231490255.CheckPageDownload(urlData, run): null

16-05-2025T09:28:00 - [TEST_STEP][PASSED] - i = 1: null

16-05-2025T09:28:00 - [TEST_STEP][PASSED] - ii = 0: null

16-05-2025T09:28:00 - [TEST_STEP][PASSED] - urlText = <not implemented yet for class: org.codehaus.groovy.ast.expr.EmptyExpression>: null

16-05-2025T09:28:00 - [TEST_STEP][PASSED] - searchWord = <not implemented yet for class: org.codehaus.groovy.ast.expr.EmptyExpression>: null

16-05-2025T09:28:00 - [TEST_STEP][PASSED] - deleteAllCookies(): Delete all cookies successfully

16-05-2025T09:28:00 - [MESSAGE][PASSED] - Delete all cookies successfully

16-05-2025T09:28:00 - [TEST_STEP][PASSED] - refresh(): Refresh successfully

16-05-2025T09:28:00 - [MESSAGE][PASSED] - Refresh successfully

16-05-2025T09:28:00 - [TEST_STEP][PASSED] - delay(70): Delayed 70 second(s)

16-05-2025T09:29:10 - [MESSAGE][PASSED] - Delayed 70 second(s)

16-05-2025T09:29:10 - [TEST_STEP][PASSED] - navigateToUrl(findTestData("PlanFact").getValue(10, urlData)): Navigate to 'https://bi.rosseti.digital/viewer?dashboardGuid=2301950b23be4ed89c1df75f2020051e&sheetGuid=31530aa0b6664c09b016b7f2ab9d853e&fit=true' successfully

16-05-2025T09:29:12 - [MESSAGE][PASSED] - Navigate to 'https://bi.rosseti.digital/viewer?dashboardGuid=2301950b23be4ed89c1df75f2020051e&sheetGuid=31530aa0b6664c09b016b7f2ab9d853e&fit=true' successfully

16-05-2025T09:29:12 - [TEST_STEP][PASSED] - pageLoaded1 = verifyElementPresent(findTestObject("Страница авторизации/Text"), 30): Object 'Object Repository/Страница авторизации/Text' is present

16-05-2025T09:29:13 - [MESSAGE][PASSED] - Object 'Object Repository/Страница авторизации/Text' is present

16-05-2025T09:29:13 - [TEST_STEP][PASSED] - if (pageLoaded1 == false): null

16-05-2025T09:29:13 - [TEST_STEP][PASSED] - urlText = getText(findTestObject("Страница авторизации/Text")): Text of object 'Object Repository/Страница авторизации/Text' is: 'Вход'

16-05-2025T09:29:13 - [MESSAGE][PASSED] - Text of object 'Object Repository/Страница авторизации/Text' is: 'Вход'

16-05-2025T09:29:13 - [TEST_STEP][PASSED] - delay(70): Delayed 70 second(s)

16-05-2025T09:30:23 - [MESSAGE][PASSED] - Delayed 70 second(s)

16-05-2025T09:30:23 - [TEST_STEP][PASSED] - searchWord = "Вход": null

16-05-2025T09:30:23 - [TEST_STEP][PASSED] - if (urlText.contains(searchWord) == false): null

16-05-2025T09:30:23 - [TEST_STEP][PASSED] - setText(findTestObject("Страница авторизации/input__username"), findTestData("PlanFact").getValue(8, run)): Text 'liazgina-di' is set on object 'Object Repository/Страница авторизации/input__username'

16-05-2025T09:30:24 - [MESSAGE][PASSED] - Text 'liazgina-di' is set on object 'Object Repository/Страница авторизации/input__username'

16-05-2025T09:30:24 - [TEST_STEP][PASSED] - setText(findTestObject("Страница авторизации/input__password"), findTestData("PlanFact").getValue(9, run)): Text ')$%5srZ8o688Dm#q' is set on object 'Object Repository/Страница авторизации/input__password'

16-05-2025T09:30:24 - [MESSAGE][PASSED] - Text ')$%5srZ8o688Dm#q' is set on object 'Object Repository/Страница авторизации/input__password'

16-05-2025T09:30:24 - [TEST_STEP][PASSED] - click(findTestObject("Страница авторизации/button_")): Object: 'Object Repository/Страница авторизации/button_' is clicked on

16-05-2025T09:30:25 - [MESSAGE][PASSED] - Object: 'Object Repository/Страница авторизации/button_' is clicked on

16-05-2025T09:30:25 - [TEST_STEP][PASSED] - delay(70): Delayed 70 second(s)

16-05-2025T09:31:35 - [MESSAGE][PASSED] - Delayed 70 second(s)

16-05-2025T09:31:35 - [TEST_STEP][PASSED] - searchWord = "а": null

16-05-2025T09:31:35 - [TEST_STEP][PASSED] - pageLoaded2 = verifyElementPresent(findTestObject("Страница авторизации/Text"), 50): Object 'Object Repository/Страница авторизации/Text' is present

16-05-2025T09:31:36 - [MESSAGE][PASSED] - Object 'Object Repository/Страница авторизации/Text' is present

16-05-2025T09:31:36 - [TEST_STEP][PASSED] - if (pageLoaded2 == false): null

16-05-2025T09:31:36 - [TEST_STEP][PASSED] - urlText = getText(findTestObject("Страница авторизации/Text")): Text of object 'Object Repository/Страница авторизации/Text' is: 'Период
1 кв. 2025 года
Выручка
Все
ДЗО 
Все
Выручка по ДЗО
Выполнение плановых показателей по ПАО Россети за 1 кв. 2025 года
6 689 6 689
748 748
1 389 1 389
31 428 31 428
21 543 21 543
33 021 33 021
66 175 66 175
12 049 12 049
19 821 19 821
31 646 31 646
3 059 3 059
29 304 29 304
31 312 31 312
84 173 84 173
35 644 35 644
38 734 38 734
20 064 20 064
3 016 3 016
6 428 6 428
804 804
1 362 1 362
30 891 30 891
22 329 22 329
33 083 33 083
62 829 62 829
11 778 11 778
19 568 19 568
32 523 32 523
3 002 3 002
26 539 26 539
30 325 30 325
85 844 85 844
34 839 34 839
37 830 37 830
20 053 20 053
3 047 3 047
План
Факт
АО "РЭС"
АО «Тываэнерго»
АО «Чеченэнерго»
Россети Волга
Россети Кубань
Россети Ленэнерго (ГК)
Россети Московский регион
Россети Северный Кавказ (ГК)
Россети Северо-Запад
Россети Сибирь (ГК)
Россети Томск
Россети Тюмень
Россети Урал (ГК)
Россети ФСК ЕЭС
Россети Центр
Россети Центр и Приволжье (ГК)
Россети Юг (ГК)
Россети Янтарь
0 млн. руб.
10 000 млн. руб.
20 000 млн. руб.
30 000 млн. руб.
40 000 млн. руб.
50 000 млн. руб.
60 000 млн. руб.
70 000 млн. руб.
80 000 млн. руб.
90 000 млн. руб.
100 000 млн. руб.
Выполнение плановых показателей по ПАО Россети за 1 кв. 2025 года
1,39%1,39%
0,17%0,17%
0,29%0,29%
6,67%6,67%
4,82%4,82%
7,14%7,14%
13,57%13,57%
2,54%2,54%
4,23%4,23%
7,02%7,02%
0,65%0,65%
5,73%5,73%
6,55%6,55%
18,54%18,54%
7,52%7,52%
8,17%8,17%
4,33%4,33%
0,66%0,66%
АО "РЭС"
АО «Тываэнерго»
АО «Чеченэнерго»
Россети Волга
Россети Кубань
Россети Ленэнерго (ГК)
Россети Московский регион
Россети Северный Кавказ (ГК)
Россети Северо-Запад
Россети Сибирь (ГК)
Россети Томск
Россети Тюмень
Россети Урал (ГК)
Россети ФСК ЕЭС
Россети Центр
Россети Центр и Приволжье (ГК)
Россети Юг (ГК)
Россети Янтарь'

16-05-2025T09:31:36 - [MESSAGE][PASSED] - Text of object 'Object Repository/Страница авторизации/Text' is: 'Период
1 кв. 2025 года
Выручка
Все
ДЗО 
Все
Выручка по ДЗО
Выполнение плановых показателей по ПАО Россети за 1 кв. 2025 года
6 689 6 689
748 748
1 389 1 389
31 428 31 428
21 543 21 543
33 021 33 021
66 175 66 175
12 049 12 049
19 821 19 821
31 646 31 646
3 059 3 059
29 304 29 304
31 312 31 312
84 173 84 173
35 644 35 644
38 734 38 734
20 064 20 064
3 016 3 016
6 428 6 428
804 804
1 362 1 362
30 891 30 891
22 329 22 329
33 083 33 083
62 829 62 829
11 778 11 778
19 568 19 568
32 523 32 523
3 002 3 002
26 539 26 539
30 325 30 325
85 844 85 844
34 839 34 839
37 830 37 830
20 053 20 053
3 047 3 047
План
Факт
АО "РЭС"
АО «Тываэнерго»
АО «Чеченэнерго»
Россети Волга
Россети Кубань
Россети Ленэнерго (ГК)
Россети Московский регион
Россети Северный Кавказ (ГК)
Россети Северо-Запад
Россети Сибирь (ГК)
Россети Томск
Россети Тюмень
Россети Урал (ГК)
Россети ФСК ЕЭС
Россети Центр
Россети Центр и Приволжье (ГК)
Россети Юг (ГК)
Россети Янтарь
0 млн. руб.
10 000 млн. руб.
20 000 млн. руб.
30 000 млн. руб.
40 000 млн. руб.
50 000 млн. руб.
60 000 млн. руб.
70 000 млн. руб.
80 000 млн. руб.
90 000 млн. руб.
100 000 млн. руб.
Выполнение плановых показателей по ПАО Россети за 1 кв. 2025 года
1,39%1,39%
0,17%0,17%
0,29%0,29%
6,67%6,67%
4,82%4,82%
7,14%7,14%
13,57%13,57%
2,54%2,54%
4,23%4,23%
7,02%7,02%
0,65%0,65%
5,73%5,73%
6,55%6,55%
18,54%18,54%
7,52%7,52%
8,17%8,17%
4,33%4,33%
0,66%0,66%
АО "РЭС"
АО «Тываэнерго»
АО «Чеченэнерго»
Россети Волга
Россети Кубань
Россети Ленэнерго (ГК)
Россети Московский регион
Россети Северный Кавказ (ГК)
Россети Северо-Запад
Россети Сибирь (ГК)
Россети Томск
Россети Тюмень
Россети Урал (ГК)
Россети ФСК ЕЭС
Россети Центр
Россети Центр и Приволжье (ГК)
Россети Юг (ГК)
Россети Янтарь'

16-05-2025T09:31:36 - [TEST_STEP][PASSED] - if (urlText.contains("ошибка") || urlText.contains(searchWord) == false): null

16-05-2025T09:31:36 - [TEST_STEP][PASSED] - click(findTestObject("Выручка по ДЗО/Фильтр Дата")): Object: 'Object Repository/Выручка по ДЗО/Фильтр Дата' is clicked on

16-05-2025T09:31:37 - [MESSAGE][PASSED] - Object: 'Object Repository/Выручка по ДЗО/Фильтр Дата' is clicked on

16-05-2025T09:31:37 - [TEST_STEP][PASSED] - click(findTestObject("Выручка по ДЗО/Снять выделение в фильтре Дата")): Object: 'Object Repository/Выручка по ДЗО/Снять выделение в фильтре Дата' is clicked on

16-05-2025T09:31:37 - [MESSAGE][PASSED] - Object: 'Object Repository/Выручка по ДЗО/Снять выделение в фильтре Дата' is clicked on

16-05-2025T09:31:37 - [TEST_STEP][PASSED] - click(findTestObject("Выручка по ДЗО/Применить в фильтре Дата")): Object: 'Object Repository/Выручка по ДЗО/Применить в фильтре Дата' is clicked on

16-05-2025T09:31:38 - [MESSAGE][PASSED] - Object: 'Object Repository/Выручка по ДЗО/Применить в фильтре Дата' is clicked on

16-05-2025T09:31:38 - [TEST_STEP][PASSED] - click(findTestObject("Выручка по ДЗО/Фильтр Дата")): Object: 'Object Repository/Выручка по ДЗО/Фильтр Дата' is clicked on

16-05-2025T09:31:39 - [MESSAGE][PASSED] - Object: 'Object Repository/Выручка по ДЗО/Фильтр Дата' is clicked on

16-05-2025T09:31:39 - [TEST_STEP][PASSED] - click(findTestObject("Выручка по ДЗО/Снять выделение в фильтре Дата")): Object: 'Object Repository/Выручка по ДЗО/Снять выделение в фильтре Дата' is clicked on

16-05-2025T09:31:40 - [MESSAGE][PASSED] - Object: 'Object Repository/Выручка по ДЗО/Снять выделение в фильтре Дата' is clicked on

16-05-2025T09:31:40 - [TEST_STEP][PASSED] - scrollToElement(findTestObject("Выручка по ДЗО/2025 список"), 30): Scroll to object 'Object Repository/Выручка по ДЗО/2025 список' successfully

16-05-2025T09:31:40 - [MESSAGE][PASSED] - Scroll to object 'Object Repository/Выручка по ДЗО/2025 список' successfully

16-05-2025T09:31:40 - [TEST_STEP][PASSED] - click(findTestObject("Выручка по ДЗО/2025 список")): Object: 'Object Repository/Выручка по ДЗО/2025 список' is clicked on

16-05-2025T09:31:40 - [MESSAGE][PASSED] - Object: 'Object Repository/Выручка по ДЗО/2025 список' is clicked on

16-05-2025T09:31:40 - [TEST_STEP][PASSED] - scrollToElement(findTestObject("Выручка по ДЗО/1 квартал 2025 список"), 30): Scroll to object 'Object Repository/Выручка по ДЗО/1 квартал 2025 список' successfully

16-05-2025T09:31:41 - [MESSAGE][PASSED] - Scroll to object 'Object Repository/Выручка по ДЗО/1 квартал 2025 список' successfully

16-05-2025T09:31:41 - [TEST_STEP][PASSED] - click(findTestObject("Выручка по ДЗО/1 квартал 2025 выбрать"), CONTINUE_ON_FAILURE): Object: 'Object Repository/Выручка по ДЗО/1 квартал 2025 выбрать' is clicked on

16-05-2025T09:31:41 - [MESSAGE][PASSED] - Object: 'Object Repository/Выручка по ДЗО/1 квартал 2025 выбрать' is clicked on

16-05-2025T09:31:41 - [TEST_STEP][PASSED] - scrollToElement(findTestObject("Выручка по ДЗО/Заголовок дашборда"), 30): Scroll to object 'Object Repository/Выручка по ДЗО/Заголовок дашборда' successfully

16-05-2025T09:31:42 - [MESSAGE][PASSED] - Scroll to object 'Object Repository/Выручка по ДЗО/Заголовок дашборда' successfully

16-05-2025T09:31:42 - [TEST_STEP][PASSED] - click(findTestObject("Выручка по ДЗО/Применить в фильтре Дата")): Object: 'Object Repository/Выручка по ДЗО/Применить в фильтре Дата' is clicked on

16-05-2025T09:31:42 - [MESSAGE][PASSED] - Object: 'Object Repository/Выручка по ДЗО/Применить в фильтре Дата' is clicked on

16-05-2025T09:31:42 - [TEST_STEP][PASSED] - a3 = "": null

16-05-2025T09:31:42 - [TEST_STEP][PASSED] - a4 = "": null

16-05-2025T09:31:42 - [TEST_STEP][PASSED] - a5 = "": null

16-05-2025T09:31:42 - [TEST_STEP][PASSED] - a6 = "": null

16-05-2025T09:31:42 - [TEST_STEP][PASSED] - a7 = "": null

16-05-2025T09:31:42 - [TEST_STEP][PASSED] - a8 = "": null

16-05-2025T09:31:42 - [TEST_STEP][PASSED] - a9 = "": null

16-05-2025T09:31:42 - [TEST_STEP][PASSED] - if (run == 1): null

16-05-2025T09:31:42 - [TEST_STEP][PASSED] - user = "админ": null

16-05-2025T09:31:42 - [TEST_STEP][PASSED] - a1 = getText(findTestObject("Выручка по ДЗО/График1 Выполнение плановых показателей Блок руководителя")): Text of object 'Object Repository/Выручка по ДЗО/График1 Выполнение плановых показателей Блок руководителя' is: '6 689 6 689
748 748
1 389 1 389
31 428 31 428
21 543 21 543
33 021 33 021
66 175 66 175
12 049 12 049
19 821 19 821
31 646 31 646
3 059 3 059
29 304 29 304
31 312 31 312
84 173 84 173
35 644 35 644
38 734 38 734
20 064 20 064
3 016 3 016
6 428 6 428
804 804
1 362 1 362
30 891 30 891
22 329 22 329
33 083 33 083
62 829 62 829
11 778 11 778
19 568 19 568
32 523 32 523
3 002 3 002
26 539 26 539
30 325 30 325
85 844 85 844
34 839 34 839
37 830 37 830
20 053 20 053
3 047 3 047
План
Факт
АО "РЭС"
АО «Тываэнерго»
АО «Чеченэнерго»
Россети Волга
Россети Кубань
Россети Ленэнерго (ГК)
Россети Московский регион
Россети Северный Кавказ (ГК)
Россети Северо-Запад
Россети Сибирь (ГК)
Россети Томск
Россети Тюмень
Россети Урал (ГК)
Россети ФСК ЕЭС
Россети Центр
Россети Центр и Приволжье (ГК)
Россети Юг (ГК)
Россети Янтарь
0 млн. руб.
10 000 млн. руб.
20 000 млн. руб.
30 000 млн. руб.
40 000 млн. руб.
50 000 млн. руб.
60 000 млн. руб.
70 000 млн. руб.
80 000 млн. руб.
90 000 млн. руб.
100 000 млн. руб.'

16-05-2025T09:31:44 - [MESSAGE][PASSED] - Text of object 'Object Repository/Выручка по ДЗО/График1 Выполнение плановых показателей Блок руководителя' is: '6 689 6 689
748 748
1 389 1 389
31 428 31 428
21 543 21 543
33 021 33 021
66 175 66 175
12 049 12 049
19 821 19 821
31 646 31 646
3 059 3 059
29 304 29 304
31 312 31 312
84 173 84 173
35 644 35 644
38 734 38 734
20 064 20 064
3 016 3 016
6 428 6 428
804 804
1 362 1 362
30 891 30 891
22 329 22 329
33 083 33 083
62 829 62 829
11 778 11 778
19 568 19 568
32 523 32 523
3 002 3 002
26 539 26 539
30 325 30 325
85 844 85 844
34 839 34 839
37 830 37 830
20 053 20 053
3 047 3 047
План
Факт
АО "РЭС"
АО «Тываэнерго»
АО «Чеченэнерго»
Россети Волга
Россети Кубань
Россети Ленэнерго (ГК)
Россети Московский регион
Россети Северный Кавказ (ГК)
Россети Северо-Запад
Россети Сибирь (ГК)
Россети Томск
Россети Тюмень
Россети Урал (ГК)
Россети ФСК ЕЭС
Россети Центр
Россети Центр и Приволжье (ГК)
Россети Юг (ГК)
Россети Янтарь
0 млн. руб.
10 000 млн. руб.
20 000 млн. руб.
30 000 млн. руб.
40 000 млн. руб.
50 000 млн. руб.
60 000 млн. руб.
70 000 млн. руб.
80 000 млн. руб.
90 000 млн. руб.
100 000 млн. руб.'

16-05-2025T09:31:44 - [TEST_STEP][PASSED] - a2 = getText(findTestObject("Выручка по ДЗО/График2 Выполнение плановых показателей Блок руководителя")): Text of object 'Object Repository/Выручка по ДЗО/График2 Выполнение плановых показателей Блок руководителя' is: '1,39%1,39%
0,17%0,17%
0,29%0,29%
6,67%6,67%
4,82%4,82%
7,14%7,14%
13,57%13,57%
2,54%2,54%
4,23%4,23%
7,02%7,02%
0,65%0,65%
5,73%5,73%
6,55%6,55%
18,54%18,54%
7,52%7,52%
8,17%8,17%
4,33%4,33%
0,66%0,66%
АО "РЭС"
АО «Тываэнерго»
АО «Чеченэнерго»
Россети Волга
Россети Кубань
Россети Ленэнерго (ГК)
Россети Московский регион
Россети Северный Кавказ (ГК)
Россети Северо-Запад
Россети Сибирь (ГК)
Россети Томск
Россети Тюмень
Россети Урал (ГК)
Россети ФСК ЕЭС
Россети Центр
Россети Центр и Приволжье (ГК)
Россети Юг (ГК)
Россети Янтарь
Россети Центр и Приволжье (ГК): 37 829 526,4'

16-05-2025T09:31:44 - [MESSAGE][PASSED] - Text of object 'Object Repository/Выручка по ДЗО/График2 Выполнение плановых показателей Блок руководителя' is: '1,39%1,39%
0,17%0,17%
0,29%0,29%
6,67%6,67%
4,82%4,82%
7,14%7,14%
13,57%13,57%
2,54%2,54%
4,23%4,23%
7,02%7,02%
0,65%0,65%
5,73%5,73%
6,55%6,55%
18,54%18,54%
7,52%7,52%
8,17%8,17%
4,33%4,33%
0,66%0,66%
АО "РЭС"
АО «Тываэнерго»
АО «Чеченэнерго»
Россети Волга
Россети Кубань
Россети Ленэнерго (ГК)
Россети Московский регион
Россети Северный Кавказ (ГК)
Россети Северо-Запад
Россети Сибирь (ГК)
Россети Томск
Россети Тюмень
Россети Урал (ГК)
Россети ФСК ЕЭС
Россети Центр
Россети Центр и Приволжье (ГК)
Россети Юг (ГК)
Россети Янтарь
Россети Центр и Приволжье (ГК): 37 829 526,4'

16-05-2025T09:31:44 - [TEST_STEP][PASSED] - a2 = indexOf("АО «Тываэнерго»")).replaceAll("[а-яА-Я]", ""): null

16-05-2025T09:31:44 - [TEST_STEP][PASSED] - n = n + 27: null

16-05-2025T09:31:44 - [TEST_STEP][PASSED] - Script1686231490255.WriteToExcel(user, dashboardName, n, data, run, a1, a2, a3, a4, a5, a6, a7, a8, a9): null

16-05-2025T09:31:44 - [TEST_STEP][PASSED] - sheetName = "Sheet1": null

16-05-2025T09:31:44 - [TEST_STEP][PASSED] - workbook01 = getWorkbook(excelFilePath): null

16-05-2025T09:31:44 - [TEST_STEP][PASSED] - sheet01 = getExcelSheet(workbook01, sheetName): null

16-05-2025T09:31:44 - [TEST_STEP][PASSED] - setValueToCellByIndex(sheet01, n, 0, dashboardName): null

16-05-2025T09:31:44 - [TEST_STEP][PASSED] - setValueToCellByIndex(sheet01, n, 10, user): null

16-05-2025T09:31:44 - [TEST_STEP][PASSED] - setValueToCellByIndex(sheet01, n, 1, a1): null

16-05-2025T09:31:44 - [TEST_STEP][PASSED] - setValueToCellByIndex(sheet01, n, 2, a2): null

16-05-2025T09:31:44 - [TEST_STEP][PASSED] - setValueToCellByIndex(sheet01, n, 3, a3): null

16-05-2025T09:31:44 - [TEST_STEP][PASSED] - setValueToCellByIndex(sheet01, n, 4, a4): null

16-05-2025T09:31:44 - [TEST_STEP][PASSED] - setValueToCellByIndex(sheet01, n, 5, a5): null

16-05-2025T09:31:44 - [TEST_STEP][PASSED] - setValueToCellByIndex(sheet01, n, 6, a6): null

16-05-2025T09:31:44 - [TEST_STEP][PASSED] - setValueToCellByIndex(sheet01, n, 7, a7): null

16-05-2025T09:31:44 - [TEST_STEP][PASSED] - setValueToCellByIndex(sheet01, n, 8, a8): null

16-05-2025T09:31:44 - [TEST_STEP][PASSED] - setValueToCellByIndex(sheet01, n, 9, a9): null

16-05-2025T09:31:44 - [TEST_STEP][PASSED] - n = n + 1: null

16-05-2025T09:31:44 - [TEST_STEP][PASSED] - saveWorkbook(excelFilePath, workbook01): null

16-05-2025T09:31:44 - [TEST_STEP][PASSED] - if (run == 2): null

16-05-2025T09:31:44 - [TEST_STEP][PASSED] - if (run == 3): null

16-05-2025T09:31:44 - [TEST_STEP][PASSED] - closeBrowser(): null

16-05-2025T09:31:44 - [MESSAGE][PASSED] - Browser is closed

16-05-2025T09:31:44 - [TEST_STEP][PASSED] - ViruchkaPoDZO(user, dashboardName, n, data, run, a1, a2, a3, a4, a5, a6, a7, a8, a9, urlData): null

16-05-2025T09:31:44 - [TEST_STEP][PASSED] - n = data.getRowNumbers() + 1: null

16-05-2025T09:31:44 - [TEST_STEP][PASSED] - println(n): null

16-05-2025T09:31:44 - [TEST_STEP][PASSED] - dashboardName = "Выручка по ДЗО": null

16-05-2025T09:31:44 - [TEST_STEP][PASSED] - openBrowser(""): Browser is opened with url: ''

16-05-2025T09:31:44 - [MESSAGE][INFO] - Starting 'Chrome' driver

16-05-2025T09:31:44 - [MESSAGE][INFO] - Action delay is set to 0 milliseconds

16-05-2025T09:31:45 - [MESSAGE][PASSED] - Browser is opened with url: ''

16-05-2025T09:31:45 - [TEST_STEP][PASSED] - urlData = 5: null

16-05-2025T09:31:45 - [TEST_STEP][PASSED] - Script1686231490255.CheckPageDownload(urlData, run): null

16-05-2025T09:31:45 - [TEST_STEP][PASSED] - i = 1: null

16-05-2025T09:31:45 - [TEST_STEP][PASSED] - ii = 0: null

16-05-2025T09:31:45 - [TEST_STEP][PASSED] - urlText = <not implemented yet for class: org.codehaus.groovy.ast.expr.EmptyExpression>: null

16-05-2025T09:31:45 - [TEST_STEP][PASSED] - searchWord = <not implemented yet for class: org.codehaus.groovy.ast.expr.EmptyExpression>: null

16-05-2025T09:31:45 - [TEST_STEP][PASSED] - deleteAllCookies(): Delete all cookies successfully

16-05-2025T09:31:45 - [MESSAGE][PASSED] - Delete all cookies successfully

16-05-2025T09:31:45 - [TEST_STEP][PASSED] - refresh(): Refresh successfully

16-05-2025T09:31:45 - [MESSAGE][PASSED] - Refresh successfully

16-05-2025T09:31:45 - [TEST_STEP][PASSED] - delay(70): Delayed 70 second(s)

16-05-2025T09:32:55 - [MESSAGE][PASSED] - Delayed 70 second(s)

16-05-2025T09:32:55 - [TEST_STEP][PASSED] - navigateToUrl(findTestData("PlanFact").getValue(10, urlData)): Navigate to 'https://bi.rosseti.digital/viewer?dashboardGuid=2301950b23be4ed89c1df75f2020051e&sheetGuid=31530aa0b6664c09b016b7f2ab9d853e&fit=true' successfully

16-05-2025T09:32:58 - [MESSAGE][PASSED] - Navigate to 'https://bi.rosseti.digital/viewer?dashboardGuid=2301950b23be4ed89c1df75f2020051e&sheetGuid=31530aa0b6664c09b016b7f2ab9d853e&fit=true' successfully

16-05-2025T09:32:58 - [TEST_STEP][PASSED] - pageLoaded1 = verifyElementPresent(findTestObject("Страница авторизации/Text"), 30): Object 'Object Repository/Страница авторизации/Text' is present

16-05-2025T09:32:58 - [MESSAGE][PASSED] - Object 'Object Repository/Страница авторизации/Text' is present

16-05-2025T09:32:58 - [TEST_STEP][PASSED] - if (pageLoaded1 == false): null

16-05-2025T09:32:58 - [TEST_STEP][PASSED] - urlText = getText(findTestObject("Страница авторизации/Text")): Text of object 'Object Repository/Страница авторизации/Text' is: 'Вход'

16-05-2025T09:32:59 - [MESSAGE][PASSED] - Text of object 'Object Repository/Страница авторизации/Text' is: 'Вход'

16-05-2025T09:32:59 - [TEST_STEP][PASSED] - delay(70): Delayed 70 second(s)

16-05-2025T09:34:09 - [MESSAGE][PASSED] - Delayed 70 second(s)

16-05-2025T09:34:09 - [TEST_STEP][PASSED] - searchWord = "Вход": null

16-05-2025T09:34:09 - [TEST_STEP][PASSED] - if (urlText.contains(searchWord) == false): null

16-05-2025T09:34:09 - [TEST_STEP][PASSED] - setText(findTestObject("Страница авторизации/input__username"), findTestData("PlanFact").getValue(8, run)): Text 'Andreeva-EV' is set on object 'Object Repository/Страница авторизации/input__username'

16-05-2025T09:34:09 - [MESSAGE][PASSED] - Text 'Andreeva-EV' is set on object 'Object Repository/Страница авторизации/input__username'

16-05-2025T09:34:09 - [TEST_STEP][PASSED] - setText(findTestObject("Страница авторизации/input__password"), findTestData("PlanFact").getValue(9, run)): Text '2nPePKDwCPH3ul7xMZ' is set on object 'Object Repository/Страница авторизации/input__password'

16-05-2025T09:34:10 - [MESSAGE][PASSED] - Text '2nPePKDwCPH3ul7xMZ' is set on object 'Object Repository/Страница авторизации/input__password'

16-05-2025T09:34:10 - [TEST_STEP][PASSED] - click(findTestObject("Страница авторизации/button_")): Object: 'Object Repository/Страница авторизации/button_' is clicked on

16-05-2025T09:34:11 - [MESSAGE][PASSED] - Object: 'Object Repository/Страница авторизации/button_' is clicked on

16-05-2025T09:34:11 - [TEST_STEP][PASSED] - delay(70): Delayed 70 second(s)

16-05-2025T09:35:21 - [MESSAGE][PASSED] - Delayed 70 second(s)

16-05-2025T09:35:21 - [TEST_STEP][PASSED] - searchWord = "а": null

16-05-2025T09:35:21 - [TEST_STEP][PASSED] - pageLoaded2 = verifyElementPresent(findTestObject("Страница авторизации/Text"), 50): Object 'Object Repository/Страница авторизации/Text' is present

16-05-2025T09:35:21 - [MESSAGE][PASSED] - Object 'Object Repository/Страница авторизации/Text' is present

16-05-2025T09:35:21 - [TEST_STEP][PASSED] - if (pageLoaded2 == false): null

16-05-2025T09:35:21 - [TEST_STEP][PASSED] - urlText = getText(findTestObject("Страница авторизации/Text")): Text of object 'Object Repository/Страница авторизации/Text' is: 'Период
1 кв. 2025 года
Выручка
Все
ДЗО 
Все
Выручка по ДЗО
Выполнение плановых показателей по ПАО Россети за 1 кв. 2025 года
6 689 6 689
748 748
1 389 1 389
31 428 31 428
21 543 21 543
33 021 33 021
66 175 66 175
12 049 12 049
19 821 19 821
31 646 31 646
3 059 3 059
29 304 29 304
31 312 31 312
84 173 84 173
35 644 35 644
38 734 38 734
20 064 20 064
3 016 3 016
6 428 6 428
804 804
1 362 1 362
30 891 30 891
22 329 22 329
33 083 33 083
62 829 62 829
11 778 11 778
19 568 19 568
32 523 32 523
3 002 3 002
26 539 26 539
30 325 30 325
85 844 85 844
34 839 34 839
37 830 37 830
20 053 20 053
3 047 3 047
План
Факт
АО "РЭС"
АО «Тываэнерго»
АО «Чеченэнерго»
Россети Волга
Россети Кубань
Россети Ленэнерго (ГК)
Россети Московский регион
Россети Северный Кавказ (ГК)
Россети Северо-Запад
Россети Сибирь (ГК)
Россети Томск
Россети Тюмень
Россети Урал (ГК)
Россети ФСК ЕЭС
Россети Центр
Россети Центр и Приволжье (ГК)
Россети Юг (ГК)
Россети Янтарь
0 млн. руб.
10 000 млн. руб.
20 000 млн. руб.
30 000 млн. руб.
40 000 млн. руб.
50 000 млн. руб.
60 000 млн. руб.
70 000 млн. руб.
80 000 млн. руб.
90 000 млн. руб.
100 000 млн. руб.
Выполнение плановых показателей по ПАО Россети за 1 кв. 2025 года
1,39%1,39%
0,17%0,17%
0,29%0,29%
6,67%6,67%
4,82%4,82%
7,14%7,14%
13,57%13,57%
2,54%2,54%
4,23%4,23%
7,02%7,02%
0,65%0,65%
5,73%5,73%
6,55%6,55%
18,54%18,54%
7,52%7,52%
8,17%8,17%
4,33%4,33%
0,66%0,66%
АО "РЭС"
АО «Тываэнерго»
АО «Чеченэнерго»
Россети Волга
Россети Кубань
Россети Ленэнерго (ГК)
Россети Московский регион
Россети Северный Кавказ (ГК)
Россети Северо-Запад
Россети Сибирь (ГК)
Россети Томск
Россети Тюмень
Россети Урал (ГК)
Россети ФСК ЕЭС
Россети Центр
Россети Центр и Приволжье (ГК)
Россети Юг (ГК)
Россети Янтарь'

16-05-2025T09:35:22 - [MESSAGE][PASSED] - Text of object 'Object Repository/Страница авторизации/Text' is: 'Период
1 кв. 2025 года
Выручка
Все
ДЗО 
Все
Выручка по ДЗО
Выполнение плановых показателей по ПАО Россети за 1 кв. 2025 года
6 689 6 689
748 748
1 389 1 389
31 428 31 428
21 543 21 543
33 021 33 021
66 175 66 175
12 049 12 049
19 821 19 821
31 646 31 646
3 059 3 059
29 304 29 304
31 312 31 312
84 173 84 173
35 644 35 644
38 734 38 734
20 064 20 064
3 016 3 016
6 428 6 428
804 804
1 362 1 362
30 891 30 891
22 329 22 329
33 083 33 083
62 829 62 829
11 778 11 778
19 568 19 568
32 523 32 523
3 002 3 002
26 539 26 539
30 325 30 325
85 844 85 844
34 839 34 839
37 830 37 830
20 053 20 053
3 047 3 047
План
Факт
АО "РЭС"
АО «Тываэнерго»
АО «Чеченэнерго»
Россети Волга
Россети Кубань
Россети Ленэнерго (ГК)
Россети Московский регион
Россети Северный Кавказ (ГК)
Россети Северо-Запад
Россети Сибирь (ГК)
Россети Томск
Россети Тюмень
Россети Урал (ГК)
Россети ФСК ЕЭС
Россети Центр
Россети Центр и Приволжье (ГК)
Россети Юг (ГК)
Россети Янтарь
0 млн. руб.
10 000 млн. руб.
20 000 млн. руб.
30 000 млн. руб.
40 000 млн. руб.
50 000 млн. руб.
60 000 млн. руб.
70 000 млн. руб.
80 000 млн. руб.
90 000 млн. руб.
100 000 млн. руб.
Выполнение плановых показателей по ПАО Россети за 1 кв. 2025 года
1,39%1,39%
0,17%0,17%
0,29%0,29%
6,67%6,67%
4,82%4,82%
7,14%7,14%
13,57%13,57%
2,54%2,54%
4,23%4,23%
7,02%7,02%
0,65%0,65%
5,73%5,73%
6,55%6,55%
18,54%18,54%
7,52%7,52%
8,17%8,17%
4,33%4,33%
0,66%0,66%
АО "РЭС"
АО «Тываэнерго»
АО «Чеченэнерго»
Россети Волга
Россети Кубань
Россети Ленэнерго (ГК)
Россети Московский регион
Россети Северный Кавказ (ГК)
Россети Северо-Запад
Россети Сибирь (ГК)
Россети Томск
Россети Тюмень
Россети Урал (ГК)
Россети ФСК ЕЭС
Россети Центр
Россети Центр и Приволжье (ГК)
Россети Юг (ГК)
Россети Янтарь'

16-05-2025T09:35:22 - [TEST_STEP][PASSED] - if (urlText.contains("ошибка") || urlText.contains(searchWord) == false): null

16-05-2025T09:35:22 - [TEST_STEP][PASSED] - click(findTestObject("Выручка по ДЗО/Фильтр Дата")): Object: 'Object Repository/Выручка по ДЗО/Фильтр Дата' is clicked on

16-05-2025T09:35:22 - [MESSAGE][PASSED] - Object: 'Object Repository/Выручка по ДЗО/Фильтр Дата' is clicked on

16-05-2025T09:35:22 - [TEST_STEP][PASSED] - click(findTestObject("Выручка по ДЗО/Снять выделение в фильтре Дата")): Object: 'Object Repository/Выручка по ДЗО/Снять выделение в фильтре Дата' is clicked on

16-05-2025T09:35:23 - [MESSAGE][PASSED] - Object: 'Object Repository/Выручка по ДЗО/Снять выделение в фильтре Дата' is clicked on

16-05-2025T09:35:23 - [TEST_STEP][PASSED] - click(findTestObject("Выручка по ДЗО/Применить в фильтре Дата")): Object: 'Object Repository/Выручка по ДЗО/Применить в фильтре Дата' is clicked on

16-05-2025T09:35:23 - [MESSAGE][PASSED] - Object: 'Object Repository/Выручка по ДЗО/Применить в фильтре Дата' is clicked on

16-05-2025T09:35:23 - [TEST_STEP][PASSED] - click(findTestObject("Выручка по ДЗО/Фильтр Дата")): Object: 'Object Repository/Выручка по ДЗО/Фильтр Дата' is clicked on

16-05-2025T09:35:25 - [MESSAGE][PASSED] - Object: 'Object Repository/Выручка по ДЗО/Фильтр Дата' is clicked on

16-05-2025T09:35:25 - [TEST_STEP][PASSED] - click(findTestObject("Выручка по ДЗО/Снять выделение в фильтре Дата")): Object: 'Object Repository/Выручка по ДЗО/Снять выделение в фильтре Дата' is clicked on

16-05-2025T09:35:25 - [MESSAGE][PASSED] - Object: 'Object Repository/Выручка по ДЗО/Снять выделение в фильтре Дата' is clicked on

16-05-2025T09:35:25 - [TEST_STEP][PASSED] - scrollToElement(findTestObject("Выручка по ДЗО/2025 список"), 30): Scroll to object 'Object Repository/Выручка по ДЗО/2025 список' successfully

16-05-2025T09:35:26 - [MESSAGE][PASSED] - Scroll to object 'Object Repository/Выручка по ДЗО/2025 список' successfully

16-05-2025T09:35:26 - [TEST_STEP][PASSED] - click(findTestObject("Выручка по ДЗО/2025 список")): Object: 'Object Repository/Выручка по ДЗО/2025 список' is clicked on

16-05-2025T09:35:26 - [MESSAGE][PASSED] - Object: 'Object Repository/Выручка по ДЗО/2025 список' is clicked on

16-05-2025T09:35:26 - [TEST_STEP][PASSED] - scrollToElement(findTestObject("Выручка по ДЗО/1 квартал 2025 список"), 30): Scroll to object 'Object Repository/Выручка по ДЗО/1 квартал 2025 список' successfully

16-05-2025T09:35:27 - [MESSAGE][PASSED] - Scroll to object 'Object Repository/Выручка по ДЗО/1 квартал 2025 список' successfully

16-05-2025T09:35:27 - [TEST_STEP][PASSED] - click(findTestObject("Выручка по ДЗО/1 квартал 2025 выбрать"), CONTINUE_ON_FAILURE): Object: 'Object Repository/Выручка по ДЗО/1 квартал 2025 выбрать' is clicked on

16-05-2025T09:35:27 - [MESSAGE][PASSED] - Object: 'Object Repository/Выручка по ДЗО/1 квартал 2025 выбрать' is clicked on

16-05-2025T09:35:27 - [TEST_STEP][PASSED] - scrollToElement(findTestObject("Выручка по ДЗО/Заголовок дашборда"), 30): Scroll to object 'Object Repository/Выручка по ДЗО/Заголовок дашборда' successfully

16-05-2025T09:35:27 - [MESSAGE][PASSED] - Scroll to object 'Object Repository/Выручка по ДЗО/Заголовок дашборда' successfully

16-05-2025T09:35:27 - [TEST_STEP][PASSED] - click(findTestObject("Выручка по ДЗО/Применить в фильтре Дата")): Object: 'Object Repository/Выручка по ДЗО/Применить в фильтре Дата' is clicked on

16-05-2025T09:35:28 - [MESSAGE][PASSED] - Object: 'Object Repository/Выручка по ДЗО/Применить в фильтре Дата' is clicked on

16-05-2025T09:35:28 - [TEST_STEP][PASSED] - a3 = "": null

16-05-2025T09:35:28 - [TEST_STEP][PASSED] - a4 = "": null

16-05-2025T09:35:28 - [TEST_STEP][PASSED] - a5 = "": null

16-05-2025T09:35:28 - [TEST_STEP][PASSED] - a6 = "": null

16-05-2025T09:35:28 - [TEST_STEP][PASSED] - a7 = "": null

16-05-2025T09:35:28 - [TEST_STEP][PASSED] - a8 = "": null

16-05-2025T09:35:28 - [TEST_STEP][PASSED] - a9 = "": null

16-05-2025T09:35:28 - [TEST_STEP][PASSED] - if (run == 1): null

16-05-2025T09:35:28 - [TEST_STEP][PASSED] - if (run == 2): null

16-05-2025T09:35:28 - [TEST_STEP][PASSED] - user = "Андреева": null

16-05-2025T09:35:28 - [TEST_STEP][PASSED] - a1 = getText(findTestObject("Выручка по ДЗО/График1 Выполнение плановых показателей Блок руководителя")): Text of object 'Object Repository/Выручка по ДЗО/График1 Выполнение плановых показателей Блок руководителя' is: '6 689 6 689
748 748
1 389 1 389
31 428 31 428
21 543 21 543
33 021 33 021
66 175 66 175
12 049 12 049
19 821 19 821
31 646 31 646
3 059 3 059
29 304 29 304
31 312 31 312
84 173 84 173
35 644 35 644
38 734 38 734
20 064 20 064
3 016 3 016
6 428 6 428
804 804
1 362 1 362
30 891 30 891
22 329 22 329
33 083 33 083
62 829 62 829
11 778 11 778
19 568 19 568
32 523 32 523
3 002 3 002
26 539 26 539
30 325 30 325
85 844 85 844
34 839 34 839
37 830 37 830
20 053 20 053
3 047 3 047
План
Факт
АО "РЭС"
АО «Тываэнерго»
АО «Чеченэнерго»
Россети Волга
Россети Кубань
Россети Ленэнерго (ГК)
Россети Московский регион
Россети Северный Кавказ (ГК)
Россети Северо-Запад
Россети Сибирь (ГК)
Россети Томск
Россети Тюмень
Россети Урал (ГК)
Россети ФСК ЕЭС
Россети Центр
Россети Центр и Приволжье (ГК)
Россети Юг (ГК)
Россети Янтарь
0 млн. руб.
10 000 млн. руб.
20 000 млн. руб.
30 000 млн. руб.
40 000 млн. руб.
50 000 млн. руб.
60 000 млн. руб.
70 000 млн. руб.
80 000 млн. руб.
90 000 млн. руб.
100 000 млн. руб.'

16-05-2025T09:35:29 - [MESSAGE][PASSED] - Text of object 'Object Repository/Выручка по ДЗО/График1 Выполнение плановых показателей Блок руководителя' is: '6 689 6 689
748 748
1 389 1 389
31 428 31 428
21 543 21 543
33 021 33 021
66 175 66 175
12 049 12 049
19 821 19 821
31 646 31 646
3 059 3 059
29 304 29 304
31 312 31 312
84 173 84 173
35 644 35 644
38 734 38 734
20 064 20 064
3 016 3 016
6 428 6 428
804 804
1 362 1 362
30 891 30 891
22 329 22 329
33 083 33 083
62 829 62 829
11 778 11 778
19 568 19 568
32 523 32 523
3 002 3 002
26 539 26 539
30 325 30 325
85 844 85 844
34 839 34 839
37 830 37 830
20 053 20 053
3 047 3 047
План
Факт
АО "РЭС"
АО «Тываэнерго»
АО «Чеченэнерго»
Россети Волга
Россети Кубань
Россети Ленэнерго (ГК)
Россети Московский регион
Россети Северный Кавказ (ГК)
Россети Северо-Запад
Россети Сибирь (ГК)
Россети Томск
Россети Тюмень
Россети Урал (ГК)
Россети ФСК ЕЭС
Россети Центр
Россети Центр и Приволжье (ГК)
Россети Юг (ГК)
Россети Янтарь
0 млн. руб.
10 000 млн. руб.
20 000 млн. руб.
30 000 млн. руб.
40 000 млн. руб.
50 000 млн. руб.
60 000 млн. руб.
70 000 млн. руб.
80 000 млн. руб.
90 000 млн. руб.
100 000 млн. руб.'

16-05-2025T09:35:29 - [TEST_STEP][PASSED] - a2 = getText(findTestObject("Выручка по ДЗО/График2 Выполнение плановых показателей Блок руководителя")): Text of object 'Object Repository/Выручка по ДЗО/График2 Выполнение плановых показателей Блок руководителя' is: '1,39%1,39%
0,17%0,17%
0,29%0,29%
6,67%6,67%
4,82%4,82%
7,14%7,14%
13,57%13,57%
2,54%2,54%
4,23%4,23%
7,02%7,02%
0,65%0,65%
5,73%5,73%
6,55%6,55%
18,54%18,54%
7,52%7,52%
8,17%8,17%
4,33%4,33%
0,66%0,66%
АО "РЭС"
АО «Тываэнерго»
АО «Чеченэнерго»
Россети Волга
Россети Кубань
Россети Ленэнерго (ГК)
Россети Московский регион
Россети Северный Кавказ (ГК)
Россети Северо-Запад
Россети Сибирь (ГК)
Россети Томск
Россети Тюмень
Россети Урал (ГК)
Россети ФСК ЕЭС
Россети Центр
Россети Центр и Приволжье (ГК)
Россети Юг (ГК)
Россети Янтарь
Россети Центр и Приволжье (ГК): 37 829 526,4'

16-05-2025T09:35:29 - [MESSAGE][PASSED] - Text of object 'Object Repository/Выручка по ДЗО/График2 Выполнение плановых показателей Блок руководителя' is: '1,39%1,39%
0,17%0,17%
0,29%0,29%
6,67%6,67%
4,82%4,82%
7,14%7,14%
13,57%13,57%
2,54%2,54%
4,23%4,23%
7,02%7,02%
0,65%0,65%
5,73%5,73%
6,55%6,55%
18,54%18,54%
7,52%7,52%
8,17%8,17%
4,33%4,33%
0,66%0,66%
АО "РЭС"
АО «Тываэнерго»
АО «Чеченэнерго»
Россети Волга
Россети Кубань
Россети Ленэнерго (ГК)
Россети Московский регион
Россети Северный Кавказ (ГК)
Россети Северо-Запад
Россети Сибирь (ГК)
Россети Томск
Россети Тюмень
Россети Урал (ГК)
Россети ФСК ЕЭС
Россети Центр
Россети Центр и Приволжье (ГК)
Россети Юг (ГК)
Россети Янтарь
Россети Центр и Приволжье (ГК): 37 829 526,4'

16-05-2025T09:35:29 - [TEST_STEP][PASSED] - a2 = indexOf("АО «Тываэнерго»")).replaceAll("[а-яА-Я]", ""): null

16-05-2025T09:35:29 - [TEST_STEP][PASSED] - n = n + 28: null

16-05-2025T09:35:29 - [TEST_STEP][PASSED] - b = n - run + 1: null

16-05-2025T09:35:29 - [TEST_STEP][PASSED] - verifyEqual(findTestData("PlanFact").getValue(2, b), a1): Actual object '6 689 6 689
748 748
1 389 1 389
31 428 31 428
21 543 21 543
33 021 33 021
66 175 66 175
12 049 12 049
19 821 19 821
31 646 31 646
3 059 3 059
29 304 29 304
31 312 31 312
84 173 84 173
35 644 35 644
38 734 38 734
20 064 20 064
3 016 3 016
6 428 6 428
804 804
1 362 1 362
30 891 30 891
22 329 22 329
33 083 33 083
62 829 62 829
11 778 11 778
19 568 19 568
32 523 32 523
3 002 3 002
26 539 26 539
30 325 30 325
85 844 85 844
34 839 34 839
37 830 37 830
20 053 20 053
3 047 3 047
План
Факт
АО "РЭС"
АО «Тываэнерго»
АО «Чеченэнерго»
Россети Волга
Россети Кубань
Россети Ленэнерго (ГК)
Россети Московский регион
Россети Северный Кавказ (ГК)
Россети Северо-Запад
Россети Сибирь (ГК)
Россети Томск
Россети Тюмень
Россети Урал (ГК)
Россети ФСК ЕЭС
Россети Центр
Россети Центр и Приволжье (ГК)
Россети Юг (ГК)
Россети Янтарь
0 млн. руб.
10 000 млн. руб.
20 000 млн. руб.
30 000 млн. руб.
40 000 млн. руб.
50 000 млн. руб.
60 000 млн. руб.
70 000 млн. руб.
80 000 млн. руб.
90 000 млн. руб.
100 000 млн. руб.' and expected object '6 689 6 689
748 748
1 389 1 389
31 428 31 428
21 543 21 543
33 021 33 021
66 175 66 175
12 049 12 049
19 821 19 821
31 646 31 646
3 059 3 059
29 304 29 304
31 312 31 312
84 173 84 173
35 644 35 644
38 734 38 734
20 064 20 064
3 016 3 016
6 428 6 428
804 804
1 362 1 362
30 891 30 891
22 329 22 329
33 083 33 083
62 829 62 829
11 778 11 778
19 568 19 568
32 523 32 523
3 002 3 002
26 539 26 539
30 325 30 325
85 844 85 844
34 839 34 839
37 830 37 830
20 053 20 053
3 047 3 047
План
Факт
АО "РЭС"
АО «Тываэнерго»
АО «Чеченэнерго»
Россети Волга
Россети Кубань
Россети Ленэнерго (ГК)
Россети Московский регион
Россети Северный Кавказ (ГК)
Россети Северо-Запад
Россети Сибирь (ГК)
Россети Томск
Россети Тюмень
Россети Урал (ГК)
Россети ФСК ЕЭС
Россети Центр
Россети Центр и Приволжье (ГК)
Россети Юг (ГК)
Россети Янтарь
0 млн. руб.
10 000 млн. руб.
20 000 млн. руб.
30 000 млн. руб.
40 000 млн. руб.
50 000 млн. руб.
60 000 млн. руб.
70 000 млн. руб.
80 000 млн. руб.
90 000 млн. руб.
100 000 млн. руб.' are equal

16-05-2025T09:35:29 - [MESSAGE][PASSED] - Actual object '6 689 6 689
748 748
1 389 1 389
31 428 31 428
21 543 21 543
33 021 33 021
66 175 66 175
12 049 12 049
19 821 19 821
31 646 31 646
3 059 3 059
29 304 29 304
31 312 31 312
84 173 84 173
35 644 35 644
38 734 38 734
20 064 20 064
3 016 3 016
6 428 6 428
804 804
1 362 1 362
30 891 30 891
22 329 22 329
33 083 33 083
62 829 62 829
11 778 11 778
19 568 19 568
32 523 32 523
3 002 3 002
26 539 26 539
30 325 30 325
85 844 85 844
34 839 34 839
37 830 37 830
20 053 20 053
3 047 3 047
План
Факт
АО "РЭС"
АО «Тываэнерго»
АО «Чеченэнерго»
Россети Волга
Россети Кубань
Россети Ленэнерго (ГК)
Россети Московский регион
Россети Северный Кавказ (ГК)
Россети Северо-Запад
Россети Сибирь (ГК)
Россети Томск
Россети Тюмень
Россети Урал (ГК)
Россети ФСК ЕЭС
Россети Центр
Россети Центр и Приволжье (ГК)
Россети Юг (ГК)
Россети Янтарь
0 млн. руб.
10 000 млн. руб.
20 000 млн. руб.
30 000 млн. руб.
40 000 млн. руб.
50 000 млн. руб.
60 000 млн. руб.
70 000 млн. руб.
80 000 млн. руб.
90 000 млн. руб.
100 000 млн. руб.' and expected object '6 689 6 689
748 748
1 389 1 389
31 428 31 428
21 543 21 543
33 021 33 021
66 175 66 175
12 049 12 049
19 821 19 821
31 646 31 646
3 059 3 059
29 304 29 304
31 312 31 312
84 173 84 173
35 644 35 644
38 734 38 734
20 064 20 064
3 016 3 016
6 428 6 428
804 804
1 362 1 362
30 891 30 891
22 329 22 329
33 083 33 083
62 829 62 829
11 778 11 778
19 568 19 568
32 523 32 523
3 002 3 002
26 539 26 539
30 325 30 325
85 844 85 844
34 839 34 839
37 830 37 830
20 053 20 053
3 047 3 047
План
Факт
АО "РЭС"
АО «Тываэнерго»
АО «Чеченэнерго»
Россети Волга
Россети Кубань
Россети Ленэнерго (ГК)
Россети Московский регион
Россети Северный Кавказ (ГК)
Россети Северо-Запад
Россети Сибирь (ГК)
Россети Томск
Россети Тюмень
Россети Урал (ГК)
Россети ФСК ЕЭС
Россети Центр
Россети Центр и Приволжье (ГК)
Россети Юг (ГК)
Россети Янтарь
0 млн. руб.
10 000 млн. руб.
20 000 млн. руб.
30 000 млн. руб.
40 000 млн. руб.
50 000 млн. руб.
60 000 млн. руб.
70 000 млн. руб.
80 000 млн. руб.
90 000 млн. руб.
100 000 млн. руб.' are equal

16-05-2025T09:35:29 - [TEST_STEP][PASSED] - verifyEqual(findTestData("PlanFact").getValue(3, b), a2): Actual object '1,39%1,39%
0,17%0,17%
0,29%0,29%
6,67%6,67%
4,82%4,82%
7,14%7,14%
13,57%13,57%
2,54%2,54%
4,23%4,23%
7,02%7,02%
0,65%0,65%
5,73%5,73%
6,55%6,55%
18,54%18,54%
7,52%7,52%
8,17%8,17%
4,33%4,33%
0,66%0,66%
 ""
' and expected object '1,39%1,39%
0,17%0,17%
0,29%0,29%
6,67%6,67%
4,82%4,82%
7,14%7,14%
13,57%13,57%
2,54%2,54%
4,23%4,23%
7,02%7,02%
0,65%0,65%
5,73%5,73%
6,55%6,55%
18,54%18,54%
7,52%7,52%
8,17%8,17%
4,33%4,33%
0,66%0,66%
 ""
' are equal

16-05-2025T09:35:29 - [MESSAGE][PASSED] - Actual object '1,39%1,39%
0,17%0,17%
0,29%0,29%
6,67%6,67%
4,82%4,82%
7,14%7,14%
13,57%13,57%
2,54%2,54%
4,23%4,23%
7,02%7,02%
0,65%0,65%
5,73%5,73%
6,55%6,55%
18,54%18,54%
7,52%7,52%
8,17%8,17%
4,33%4,33%
0,66%0,66%
 ""
' and expected object '1,39%1,39%
0,17%0,17%
0,29%0,29%
6,67%6,67%
4,82%4,82%
7,14%7,14%
13,57%13,57%
2,54%2,54%
4,23%4,23%
7,02%7,02%
0,65%0,65%
5,73%5,73%
6,55%6,55%
18,54%18,54%
7,52%7,52%
8,17%8,17%
4,33%4,33%
0,66%0,66%
 ""
' are equal

16-05-2025T09:35:29 - [TEST_STEP][PASSED] - Script1686231490255.WriteToExcel(user, dashboardName, n, data, run, a1, a2, a3, a4, a5, a6, a7, a8, a9): null

16-05-2025T09:35:29 - [TEST_STEP][PASSED] - sheetName = "Sheet1": null

16-05-2025T09:35:29 - [TEST_STEP][PASSED] - workbook01 = getWorkbook(excelFilePath): null

16-05-2025T09:35:29 - [TEST_STEP][PASSED] - sheet01 = getExcelSheet(workbook01, sheetName): null

16-05-2025T09:35:29 - [TEST_STEP][PASSED] - setValueToCellByIndex(sheet01, n, 0, dashboardName): null

16-05-2025T09:35:29 - [TEST_STEP][PASSED] - setValueToCellByIndex(sheet01, n, 10, user): null

16-05-2025T09:35:29 - [TEST_STEP][PASSED] - setValueToCellByIndex(sheet01, n, 1, a1): null

16-05-2025T09:35:29 - [TEST_STEP][PASSED] - setValueToCellByIndex(sheet01, n, 2, a2): null

16-05-2025T09:35:29 - [TEST_STEP][PASSED] - setValueToCellByIndex(sheet01, n, 3, a3): null

16-05-2025T09:35:29 - [TEST_STEP][PASSED] - setValueToCellByIndex(sheet01, n, 4, a4): null

16-05-2025T09:35:29 - [TEST_STEP][PASSED] - setValueToCellByIndex(sheet01, n, 5, a5): null

16-05-2025T09:35:29 - [TEST_STEP][PASSED] - setValueToCellByIndex(sheet01, n, 6, a6): null

16-05-2025T09:35:29 - [TEST_STEP][PASSED] - setValueToCellByIndex(sheet01, n, 7, a7): null

16-05-2025T09:35:29 - [TEST_STEP][PASSED] - setValueToCellByIndex(sheet01, n, 8, a8): null

16-05-2025T09:35:29 - [TEST_STEP][PASSED] - setValueToCellByIndex(sheet01, n, 9, a9): null

16-05-2025T09:35:29 - [TEST_STEP][PASSED] - n = n + 1: null

16-05-2025T09:35:29 - [TEST_STEP][PASSED] - saveWorkbook(excelFilePath, workbook01): null

16-05-2025T09:35:29 - [TEST_STEP][PASSED] - if (run == 3): null

16-05-2025T09:35:29 - [TEST_STEP][PASSED] - closeBrowser(): null

16-05-2025T09:35:30 - [MESSAGE][PASSED] - Browser is closed

16-05-2025T09:35:30 - [TEST_STEP][PASSED] - ViruchkaPoDZO(user, dashboardName, n, data, run, a1, a2, a3, a4, a5, a6, a7, a8, a9, urlData): null

16-05-2025T09:35:30 - [TEST_STEP][PASSED] - n = data.getRowNumbers() + 1: null

16-05-2025T09:35:30 - [TEST_STEP][PASSED] - println(n): null

16-05-2025T09:35:30 - [TEST_STEP][PASSED] - dashboardName = "Выручка по ДЗО": null

16-05-2025T09:35:30 - [TEST_STEP][PASSED] - openBrowser(""): Browser is opened with url: ''

16-05-2025T09:35:30 - [MESSAGE][INFO] - Starting 'Chrome' driver

16-05-2025T09:35:30 - [MESSAGE][INFO] - Action delay is set to 0 milliseconds

16-05-2025T09:35:31 - [MESSAGE][PASSED] - Browser is opened with url: ''

16-05-2025T09:35:31 - [TEST_STEP][PASSED] - urlData = 5: null

16-05-2025T09:35:31 - [TEST_STEP][PASSED] - Script1686231490255.CheckPageDownload(urlData, run): null

16-05-2025T09:35:31 - [TEST_STEP][PASSED] - i = 1: null

16-05-2025T09:35:31 - [TEST_STEP][PASSED] - ii = 0: null

16-05-2025T09:35:31 - [TEST_STEP][PASSED] - urlText = <not implemented yet for class: org.codehaus.groovy.ast.expr.EmptyExpression>: null

16-05-2025T09:35:31 - [TEST_STEP][PASSED] - searchWord = <not implemented yet for class: org.codehaus.groovy.ast.expr.EmptyExpression>: null

16-05-2025T09:35:31 - [TEST_STEP][PASSED] - deleteAllCookies(): Delete all cookies successfully

16-05-2025T09:35:31 - [MESSAGE][PASSED] - Delete all cookies successfully

16-05-2025T09:35:31 - [TEST_STEP][PASSED] - refresh(): Refresh successfully

16-05-2025T09:35:31 - [MESSAGE][PASSED] - Refresh successfully

16-05-2025T09:35:31 - [TEST_STEP][PASSED] - delay(70): Delayed 70 second(s)

16-05-2025T09:36:41 - [MESSAGE][PASSED] - Delayed 70 second(s)

16-05-2025T09:36:41 - [TEST_STEP][PASSED] - navigateToUrl(findTestData("PlanFact").getValue(10, urlData)): Navigate to 'https://bi.rosseti.digital/viewer?dashboardGuid=2301950b23be4ed89c1df75f2020051e&sheetGuid=31530aa0b6664c09b016b7f2ab9d853e&fit=true' successfully

16-05-2025T09:36:44 - [MESSAGE][PASSED] - Navigate to 'https://bi.rosseti.digital/viewer?dashboardGuid=2301950b23be4ed89c1df75f2020051e&sheetGuid=31530aa0b6664c09b016b7f2ab9d853e&fit=true' successfully

16-05-2025T09:36:44 - [TEST_STEP][PASSED] - pageLoaded1 = verifyElementPresent(findTestObject("Страница авторизации/Text"), 30): Object 'Object Repository/Страница авторизации/Text' is present

16-05-2025T09:36:44 - [MESSAGE][PASSED] - Object 'Object Repository/Страница авторизации/Text' is present

16-05-2025T09:36:44 - [TEST_STEP][PASSED] - if (pageLoaded1 == false): null

16-05-2025T09:36:44 - [TEST_STEP][PASSED] - urlText = getText(findTestObject("Страница авторизации/Text")): Text of object 'Object Repository/Страница авторизации/Text' is: 'Вход'

16-05-2025T09:36:45 - [MESSAGE][PASSED] - Text of object 'Object Repository/Страница авторизации/Text' is: 'Вход'

16-05-2025T09:36:45 - [TEST_STEP][PASSED] - delay(70): Delayed 70 second(s)

16-05-2025T09:37:55 - [MESSAGE][PASSED] - Delayed 70 second(s)

16-05-2025T09:37:55 - [TEST_STEP][PASSED] - searchWord = "Вход": null

16-05-2025T09:37:55 - [TEST_STEP][PASSED] - if (urlText.contains(searchWord) == false): null

16-05-2025T09:37:55 - [TEST_STEP][PASSED] - setText(findTestObject("Страница авторизации/input__username"), findTestData("PlanFact").getValue(8, run)): Text 'Petrova-OV' is set on object 'Object Repository/Страница авторизации/input__username'

16-05-2025T09:37:55 - [MESSAGE][PASSED] - Text 'Petrova-OV' is set on object 'Object Repository/Страница авторизации/input__username'

16-05-2025T09:37:55 - [TEST_STEP][PASSED] - setText(findTestObject("Страница авторизации/input__password"), findTestData("PlanFact").getValue(9, run)): Text '4Ex@~R53r&3x&BVe7' is set on object 'Object Repository/Страница авторизации/input__password'

16-05-2025T09:37:56 - [MESSAGE][PASSED] - Text '4Ex@~R53r&3x&BVe7' is set on object 'Object Repository/Страница авторизации/input__password'

16-05-2025T09:37:56 - [TEST_STEP][PASSED] - click(findTestObject("Страница авторизации/button_")): Object: 'Object Repository/Страница авторизации/button_' is clicked on

16-05-2025T09:37:57 - [MESSAGE][PASSED] - Object: 'Object Repository/Страница авторизации/button_' is clicked on

16-05-2025T09:37:57 - [TEST_STEP][PASSED] - delay(70): Delayed 70 second(s)

16-05-2025T09:39:07 - [MESSAGE][PASSED] - Delayed 70 second(s)

16-05-2025T09:39:07 - [TEST_STEP][PASSED] - searchWord = "а": null

16-05-2025T09:39:07 - [TEST_STEP][PASSED] - pageLoaded2 = verifyElementPresent(findTestObject("Страница авторизации/Text"), 50): Object 'Object Repository/Страница авторизации/Text' is present

16-05-2025T09:39:07 - [MESSAGE][PASSED] - Object 'Object Repository/Страница авторизации/Text' is present

16-05-2025T09:39:07 - [TEST_STEP][PASSED] - if (pageLoaded2 == false): null

16-05-2025T09:39:07 - [TEST_STEP][PASSED] - urlText = getText(findTestObject("Страница авторизации/Text")): Text of object 'Object Repository/Страница авторизации/Text' is: 'Период
1 кв. 2025 года
Выручка
Все
ДЗО 
Все
Выручка по ДЗО
Выполнение плановых показателей по ПАО Россети за 1 кв. 2025 года
6 689 6 689
748 748
1 389 1 389
31 428 31 428
21 543 21 543
33 021 33 021
66 175 66 175
12 049 12 049
19 821 19 821
31 646 31 646
3 059 3 059
29 304 29 304
31 312 31 312
84 173 84 173
35 644 35 644
38 734 38 734
20 064 20 064
3 016 3 016
6 428 6 428
804 804
1 362 1 362
30 891 30 891
22 329 22 329
33 083 33 083
62 829 62 829
11 778 11 778
19 568 19 568
32 523 32 523
3 002 3 002
26 539 26 539
30 325 30 325
85 844 85 844
34 839 34 839
37 830 37 830
20 053 20 053
3 047 3 047
План
Факт
АО "РЭС"
АО «Тываэнерго»
АО «Чеченэнерго»
Россети Волга
Россети Кубань
Россети Ленэнерго (ГК)
Россети Московский регион
Россети Северный Кавказ (ГК)
Россети Северо-Запад
Россети Сибирь (ГК)
Россети Томск
Россети Тюмень
Россети Урал (ГК)
Россети ФСК ЕЭС
Россети Центр
Россети Центр и Приволжье (ГК)
Россети Юг (ГК)
Россети Янтарь
0 млн. руб.
10 000 млн. руб.
20 000 млн. руб.
30 000 млн. руб.
40 000 млн. руб.
50 000 млн. руб.
60 000 млн. руб.
70 000 млн. руб.
80 000 млн. руб.
90 000 млн. руб.
100 000 млн. руб.
Выполнение плановых показателей по ПАО Россети за 1 кв. 2025 года
1,39%1,39%
0,17%0,17%
0,29%0,29%
6,67%6,67%
4,82%4,82%
7,14%7,14%
13,57%13,57%
2,54%2,54%
4,23%4,23%
7,02%7,02%
0,65%0,65%
5,73%5,73%
6,55%6,55%
18,54%18,54%
7,52%7,52%
8,17%8,17%
4,33%4,33%
0,66%0,66%
АО "РЭС"
АО «Тываэнерго»
АО «Чеченэнерго»
Россети Волга
Россети Кубань
Россети Ленэнерго (ГК)
Россети Московский регион
Россети Северный Кавказ (ГК)
Россети Северо-Запад
Россети Сибирь (ГК)
Россети Томск
Россети Тюмень
Россети Урал (ГК)
Россети ФСК ЕЭС
Россети Центр
Россети Центр и Приволжье (ГК)
Россети Юг (ГК)
Россети Янтарь'

16-05-2025T09:39:08 - [MESSAGE][PASSED] - Text of object 'Object Repository/Страница авторизации/Text' is: 'Период
1 кв. 2025 года
Выручка
Все
ДЗО 
Все
Выручка по ДЗО
Выполнение плановых показателей по ПАО Россети за 1 кв. 2025 года
6 689 6 689
748 748
1 389 1 389
31 428 31 428
21 543 21 543
33 021 33 021
66 175 66 175
12 049 12 049
19 821 19 821
31 646 31 646
3 059 3 059
29 304 29 304
31 312 31 312
84 173 84 173
35 644 35 644
38 734 38 734
20 064 20 064
3 016 3 016
6 428 6 428
804 804
1 362 1 362
30 891 30 891
22 329 22 329
33 083 33 083
62 829 62 829
11 778 11 778
19 568 19 568
32 523 32 523
3 002 3 002
26 539 26 539
30 325 30 325
85 844 85 844
34 839 34 839
37 830 37 830
20 053 20 053
3 047 3 047
План
Факт
АО "РЭС"
АО «Тываэнерго»
АО «Чеченэнерго»
Россети Волга
Россети Кубань
Россети Ленэнерго (ГК)
Россети Московский регион
Россети Северный Кавказ (ГК)
Россети Северо-Запад
Россети Сибирь (ГК)
Россети Томск
Россети Тюмень
Россети Урал (ГК)
Россети ФСК ЕЭС
Россети Центр
Россети Центр и Приволжье (ГК)
Россети Юг (ГК)
Россети Янтарь
0 млн. руб.
10 000 млн. руб.
20 000 млн. руб.
30 000 млн. руб.
40 000 млн. руб.
50 000 млн. руб.
60 000 млн. руб.
70 000 млн. руб.
80 000 млн. руб.
90 000 млн. руб.
100 000 млн. руб.
Выполнение плановых показателей по ПАО Россети за 1 кв. 2025 года
1,39%1,39%
0,17%0,17%
0,29%0,29%
6,67%6,67%
4,82%4,82%
7,14%7,14%
13,57%13,57%
2,54%2,54%
4,23%4,23%
7,02%7,02%
0,65%0,65%
5,73%5,73%
6,55%6,55%
18,54%18,54%
7,52%7,52%
8,17%8,17%
4,33%4,33%
0,66%0,66%
АО "РЭС"
АО «Тываэнерго»
АО «Чеченэнерго»
Россети Волга
Россети Кубань
Россети Ленэнерго (ГК)
Россети Московский регион
Россети Северный Кавказ (ГК)
Россети Северо-Запад
Россети Сибирь (ГК)
Россети Томск
Россети Тюмень
Россети Урал (ГК)
Россети ФСК ЕЭС
Россети Центр
Россети Центр и Приволжье (ГК)
Россети Юг (ГК)
Россети Янтарь'

16-05-2025T09:39:08 - [TEST_STEP][PASSED] - if (urlText.contains("ошибка") || urlText.contains(searchWord) == false): null

16-05-2025T09:39:08 - [TEST_STEP][PASSED] - click(findTestObject("Выручка по ДЗО/Фильтр Дата")): Object: 'Object Repository/Выручка по ДЗО/Фильтр Дата' is clicked on

16-05-2025T09:39:08 - [MESSAGE][PASSED] - Object: 'Object Repository/Выручка по ДЗО/Фильтр Дата' is clicked on

16-05-2025T09:39:08 - [TEST_STEP][PASSED] - click(findTestObject("Выручка по ДЗО/Снять выделение в фильтре Дата")): Object: 'Object Repository/Выручка по ДЗО/Снять выделение в фильтре Дата' is clicked on

16-05-2025T09:39:09 - [MESSAGE][PASSED] - Object: 'Object Repository/Выручка по ДЗО/Снять выделение в фильтре Дата' is clicked on

16-05-2025T09:39:09 - [TEST_STEP][PASSED] - click(findTestObject("Выручка по ДЗО/Применить в фильтре Дата")): Object: 'Object Repository/Выручка по ДЗО/Применить в фильтре Дата' is clicked on

16-05-2025T09:39:09 - [MESSAGE][PASSED] - Object: 'Object Repository/Выручка по ДЗО/Применить в фильтре Дата' is clicked on

16-05-2025T09:39:09 - [TEST_STEP][PASSED] - click(findTestObject("Выручка по ДЗО/Фильтр Дата")): Object: 'Object Repository/Выручка по ДЗО/Фильтр Дата' is clicked on

16-05-2025T09:39:11 - [MESSAGE][PASSED] - Object: 'Object Repository/Выручка по ДЗО/Фильтр Дата' is clicked on

16-05-2025T09:39:11 - [TEST_STEP][PASSED] - click(findTestObject("Выручка по ДЗО/Снять выделение в фильтре Дата")): Object: 'Object Repository/Выручка по ДЗО/Снять выделение в фильтре Дата' is clicked on

16-05-2025T09:39:11 - [MESSAGE][PASSED] - Object: 'Object Repository/Выручка по ДЗО/Снять выделение в фильтре Дата' is clicked on

16-05-2025T09:39:11 - [TEST_STEP][PASSED] - scrollToElement(findTestObject("Выручка по ДЗО/2025 список"), 30): Scroll to object 'Object Repository/Выручка по ДЗО/2025 список' successfully

16-05-2025T09:39:12 - [MESSAGE][PASSED] - Scroll to object 'Object Repository/Выручка по ДЗО/2025 список' successfully

16-05-2025T09:39:12 - [TEST_STEP][PASSED] - click(findTestObject("Выручка по ДЗО/2025 список")): Object: 'Object Repository/Выручка по ДЗО/2025 список' is clicked on

16-05-2025T09:39:12 - [MESSAGE][PASSED] - Object: 'Object Repository/Выручка по ДЗО/2025 список' is clicked on

16-05-2025T09:39:12 - [TEST_STEP][PASSED] - scrollToElement(findTestObject("Выручка по ДЗО/1 квартал 2025 список"), 30): Scroll to object 'Object Repository/Выручка по ДЗО/1 квартал 2025 список' successfully

16-05-2025T09:39:12 - [MESSAGE][PASSED] - Scroll to object 'Object Repository/Выручка по ДЗО/1 квартал 2025 список' successfully

16-05-2025T09:39:12 - [TEST_STEP][PASSED] - click(findTestObject("Выручка по ДЗО/1 квартал 2025 выбрать"), CONTINUE_ON_FAILURE): Object: 'Object Repository/Выручка по ДЗО/1 квартал 2025 выбрать' is clicked on

16-05-2025T09:39:13 - [MESSAGE][PASSED] - Object: 'Object Repository/Выручка по ДЗО/1 квартал 2025 выбрать' is clicked on

16-05-2025T09:39:13 - [TEST_STEP][PASSED] - scrollToElement(findTestObject("Выручка по ДЗО/Заголовок дашборда"), 30): Scroll to object 'Object Repository/Выручка по ДЗО/Заголовок дашборда' successfully

16-05-2025T09:39:13 - [MESSAGE][PASSED] - Scroll to object 'Object Repository/Выручка по ДЗО/Заголовок дашборда' successfully

16-05-2025T09:39:13 - [TEST_STEP][PASSED] - click(findTestObject("Выручка по ДЗО/Применить в фильтре Дата")): Object: 'Object Repository/Выручка по ДЗО/Применить в фильтре Дата' is clicked on

16-05-2025T09:39:14 - [MESSAGE][PASSED] - Object: 'Object Repository/Выручка по ДЗО/Применить в фильтре Дата' is clicked on

16-05-2025T09:39:14 - [TEST_STEP][PASSED] - a3 = "": null

16-05-2025T09:39:14 - [TEST_STEP][PASSED] - a4 = "": null

16-05-2025T09:39:14 - [TEST_STEP][PASSED] - a5 = "": null

16-05-2025T09:39:14 - [TEST_STEP][PASSED] - a6 = "": null

16-05-2025T09:39:14 - [TEST_STEP][PASSED] - a7 = "": null

16-05-2025T09:39:14 - [TEST_STEP][PASSED] - a8 = "": null

16-05-2025T09:39:14 - [TEST_STEP][PASSED] - a9 = "": null

16-05-2025T09:39:14 - [TEST_STEP][PASSED] - if (run == 1): null

16-05-2025T09:39:14 - [TEST_STEP][PASSED] - if (run == 2): null

16-05-2025T09:39:14 - [TEST_STEP][PASSED] - if (run == 3): null

16-05-2025T09:39:14 - [TEST_STEP][PASSED] - user = "Попова": null

16-05-2025T09:39:14 - [TEST_STEP][PASSED] - a1 = getText(findTestObject("Выручка по ДЗО/График1 Выполнение плановых показателей Блок руководителя")): Text of object 'Object Repository/Выручка по ДЗО/График1 Выполнение плановых показателей Блок руководителя' is: '6 689 6 689
748 748
1 389 1 389
31 428 31 428
21 543 21 543
33 021 33 021
66 175 66 175
12 049 12 049
19 821 19 821
31 646 31 646
3 059 3 059
29 304 29 304
31 312 31 312
84 173 84 173
35 644 35 644
38 734 38 734
20 064 20 064
3 016 3 016
6 428 6 428
804 804
1 362 1 362
30 891 30 891
22 329 22 329
33 083 33 083
62 829 62 829
11 778 11 778
19 568 19 568
32 523 32 523
3 002 3 002
26 539 26 539
30 325 30 325
85 844 85 844
34 839 34 839
37 830 37 830
20 053 20 053
3 047 3 047
План
Факт
АО "РЭС"
АО «Тываэнерго»
АО «Чеченэнерго»
Россети Волга
Россети Кубань
Россети Ленэнерго (ГК)
Россети Московский регион
Россети Северный Кавказ (ГК)
Россети Северо-Запад
Россети Сибирь (ГК)
Россети Томск
Россети Тюмень
Россети Урал (ГК)
Россети ФСК ЕЭС
Россети Центр
Россети Центр и Приволжье (ГК)
Россети Юг (ГК)
Россети Янтарь
0 млн. руб.
10 000 млн. руб.
20 000 млн. руб.
30 000 млн. руб.
40 000 млн. руб.
50 000 млн. руб.
60 000 млн. руб.
70 000 млн. руб.
80 000 млн. руб.
90 000 млн. руб.
100 000 млн. руб.'

16-05-2025T09:39:15 - [MESSAGE][PASSED] - Text of object 'Object Repository/Выручка по ДЗО/График1 Выполнение плановых показателей Блок руководителя' is: '6 689 6 689
748 748
1 389 1 389
31 428 31 428
21 543 21 543
33 021 33 021
66 175 66 175
12 049 12 049
19 821 19 821
31 646 31 646
3 059 3 059
29 304 29 304
31 312 31 312
84 173 84 173
35 644 35 644
38 734 38 734
20 064 20 064
3 016 3 016
6 428 6 428
804 804
1 362 1 362
30 891 30 891
22 329 22 329
33 083 33 083
62 829 62 829
11 778 11 778
19 568 19 568
32 523 32 523
3 002 3 002
26 539 26 539
30 325 30 325
85 844 85 844
34 839 34 839
37 830 37 830
20 053 20 053
3 047 3 047
План
Факт
АО "РЭС"
АО «Тываэнерго»
АО «Чеченэнерго»
Россети Волга
Россети Кубань
Россети Ленэнерго (ГК)
Россети Московский регион
Россети Северный Кавказ (ГК)
Россети Северо-Запад
Россети Сибирь (ГК)
Россети Томск
Россети Тюмень
Россети Урал (ГК)
Россети ФСК ЕЭС
Россети Центр
Россети Центр и Приволжье (ГК)
Россети Юг (ГК)
Россети Янтарь
0 млн. руб.
10 000 млн. руб.
20 000 млн. руб.
30 000 млн. руб.
40 000 млн. руб.
50 000 млн. руб.
60 000 млн. руб.
70 000 млн. руб.
80 000 млн. руб.
90 000 млн. руб.
100 000 млн. руб.'

16-05-2025T09:39:15 - [TEST_STEP][PASSED] - a2 = getText(findTestObject("Выручка по ДЗО/График2 Выполнение плановых показателей Блок руководителя")): Text of object 'Object Repository/Выручка по ДЗО/График2 Выполнение плановых показателей Блок руководителя' is: '1,39%1,39%
0,17%0,17%
0,29%0,29%
6,67%6,67%
4,82%4,82%
7,14%7,14%
13,57%13,57%
2,54%2,54%
4,23%4,23%
7,02%7,02%
0,65%0,65%
5,73%5,73%
6,55%6,55%
18,54%18,54%
7,52%7,52%
8,17%8,17%
4,33%4,33%
0,66%0,66%
АО "РЭС"
АО «Тываэнерго»
АО «Чеченэнерго»
Россети Волга
Россети Кубань
Россети Ленэнерго (ГК)
Россети Московский регион
Россети Северный Кавказ (ГК)
Россети Северо-Запад
Россети Сибирь (ГК)
Россети Томск
Россети Тюмень
Россети Урал (ГК)
Россети ФСК ЕЭС
Россети Центр
Россети Центр и Приволжье (ГК)
Россети Юг (ГК)
Россети Янтарь
Россети Центр и Приволжье (ГК): 37 829 526,4'

16-05-2025T09:39:15 - [MESSAGE][PASSED] - Text of object 'Object Repository/Выручка по ДЗО/График2 Выполнение плановых показателей Блок руководителя' is: '1,39%1,39%
0,17%0,17%
0,29%0,29%
6,67%6,67%
4,82%4,82%
7,14%7,14%
13,57%13,57%
2,54%2,54%
4,23%4,23%
7,02%7,02%
0,65%0,65%
5,73%5,73%
6,55%6,55%
18,54%18,54%
7,52%7,52%
8,17%8,17%
4,33%4,33%
0,66%0,66%
АО "РЭС"
АО «Тываэнерго»
АО «Чеченэнерго»
Россети Волга
Россети Кубань
Россети Ленэнерго (ГК)
Россети Московский регион
Россети Северный Кавказ (ГК)
Россети Северо-Запад
Россети Сибирь (ГК)
Россети Томск
Россети Тюмень
Россети Урал (ГК)
Россети ФСК ЕЭС
Россети Центр
Россети Центр и Приволжье (ГК)
Россети Юг (ГК)
Россети Янтарь
Россети Центр и Приволжье (ГК): 37 829 526,4'

16-05-2025T09:39:15 - [TEST_STEP][PASSED] - a2 = indexOf("АО «Тываэнерго»")).replaceAll("[а-яА-Я]", ""): null

16-05-2025T09:39:15 - [TEST_STEP][PASSED] - n = n + 29: null

16-05-2025T09:39:15 - [TEST_STEP][PASSED] - b = n - run + 1: null

16-05-2025T09:39:15 - [TEST_STEP][PASSED] - verifyEqual(findTestData("PlanFact").getValue(2, b), a1): Actual object '6 689 6 689
748 748
1 389 1 389
31 428 31 428
21 543 21 543
33 021 33 021
66 175 66 175
12 049 12 049
19 821 19 821
31 646 31 646
3 059 3 059
29 304 29 304
31 312 31 312
84 173 84 173
35 644 35 644
38 734 38 734
20 064 20 064
3 016 3 016
6 428 6 428
804 804
1 362 1 362
30 891 30 891
22 329 22 329
33 083 33 083
62 829 62 829
11 778 11 778
19 568 19 568
32 523 32 523
3 002 3 002
26 539 26 539
30 325 30 325
85 844 85 844
34 839 34 839
37 830 37 830
20 053 20 053
3 047 3 047
План
Факт
АО "РЭС"
АО «Тываэнерго»
АО «Чеченэнерго»
Россети Волга
Россети Кубань
Россети Ленэнерго (ГК)
Россети Московский регион
Россети Северный Кавказ (ГК)
Россети Северо-Запад
Россети Сибирь (ГК)
Россети Томск
Россети Тюмень
Россети Урал (ГК)
Россети ФСК ЕЭС
Россети Центр
Россети Центр и Приволжье (ГК)
Россети Юг (ГК)
Россети Янтарь
0 млн. руб.
10 000 млн. руб.
20 000 млн. руб.
30 000 млн. руб.
40 000 млн. руб.
50 000 млн. руб.
60 000 млн. руб.
70 000 млн. руб.
80 000 млн. руб.
90 000 млн. руб.
100 000 млн. руб.' and expected object '6 689 6 689
748 748
1 389 1 389
31 428 31 428
21 543 21 543
33 021 33 021
66 175 66 175
12 049 12 049
19 821 19 821
31 646 31 646
3 059 3 059
29 304 29 304
31 312 31 312
84 173 84 173
35 644 35 644
38 734 38 734
20 064 20 064
3 016 3 016
6 428 6 428
804 804
1 362 1 362
30 891 30 891
22 329 22 329
33 083 33 083
62 829 62 829
11 778 11 778
19 568 19 568
32 523 32 523
3 002 3 002
26 539 26 539
30 325 30 325
85 844 85 844
34 839 34 839
37 830 37 830
20 053 20 053
3 047 3 047
План
Факт
АО "РЭС"
АО «Тываэнерго»
АО «Чеченэнерго»
Россети Волга
Россети Кубань
Россети Ленэнерго (ГК)
Россети Московский регион
Россети Северный Кавказ (ГК)
Россети Северо-Запад
Россети Сибирь (ГК)
Россети Томск
Россети Тюмень
Россети Урал (ГК)
Россети ФСК ЕЭС
Россети Центр
Россети Центр и Приволжье (ГК)
Россети Юг (ГК)
Россети Янтарь
0 млн. руб.
10 000 млн. руб.
20 000 млн. руб.
30 000 млн. руб.
40 000 млн. руб.
50 000 млн. руб.
60 000 млн. руб.
70 000 млн. руб.
80 000 млн. руб.
90 000 млн. руб.
100 000 млн. руб.' are equal

16-05-2025T09:39:15 - [MESSAGE][PASSED] - Actual object '6 689 6 689
748 748
1 389 1 389
31 428 31 428
21 543 21 543
33 021 33 021
66 175 66 175
12 049 12 049
19 821 19 821
31 646 31 646
3 059 3 059
29 304 29 304
31 312 31 312
84 173 84 173
35 644 35 644
38 734 38 734
20 064 20 064
3 016 3 016
6 428 6 428
804 804
1 362 1 362
30 891 30 891
22 329 22 329
33 083 33 083
62 829 62 829
11 778 11 778
19 568 19 568
32 523 32 523
3 002 3 002
26 539 26 539
30 325 30 325
85 844 85 844
34 839 34 839
37 830 37 830
20 053 20 053
3 047 3 047
План
Факт
АО "РЭС"
АО «Тываэнерго»
АО «Чеченэнерго»
Россети Волга
Россети Кубань
Россети Ленэнерго (ГК)
Россети Московский регион
Россети Северный Кавказ (ГК)
Россети Северо-Запад
Россети Сибирь (ГК)
Россети Томск
Россети Тюмень
Россети Урал (ГК)
Россети ФСК ЕЭС
Россети Центр
Россети Центр и Приволжье (ГК)
Россети Юг (ГК)
Россети Янтарь
0 млн. руб.
10 000 млн. руб.
20 000 млн. руб.
30 000 млн. руб.
40 000 млн. руб.
50 000 млн. руб.
60 000 млн. руб.
70 000 млн. руб.
80 000 млн. руб.
90 000 млн. руб.
100 000 млн. руб.' and expected object '6 689 6 689
748 748
1 389 1 389
31 428 31 428
21 543 21 543
33 021 33 021
66 175 66 175
12 049 12 049
19 821 19 821
31 646 31 646
3 059 3 059
29 304 29 304
31 312 31 312
84 173 84 173
35 644 35 644
38 734 38 734
20 064 20 064
3 016 3 016
6 428 6 428
804 804
1 362 1 362
30 891 30 891
22 329 22 329
33 083 33 083
62 829 62 829
11 778 11 778
19 568 19 568
32 523 32 523
3 002 3 002
26 539 26 539
30 325 30 325
85 844 85 844
34 839 34 839
37 830 37 830
20 053 20 053
3 047 3 047
План
Факт
АО "РЭС"
АО «Тываэнерго»
АО «Чеченэнерго»
Россети Волга
Россети Кубань
Россети Ленэнерго (ГК)
Россети Московский регион
Россети Северный Кавказ (ГК)
Россети Северо-Запад
Россети Сибирь (ГК)
Россети Томск
Россети Тюмень
Россети Урал (ГК)
Россети ФСК ЕЭС
Россети Центр
Россети Центр и Приволжье (ГК)
Россети Юг (ГК)
Россети Янтарь
0 млн. руб.
10 000 млн. руб.
20 000 млн. руб.
30 000 млн. руб.
40 000 млн. руб.
50 000 млн. руб.
60 000 млн. руб.
70 000 млн. руб.
80 000 млн. руб.
90 000 млн. руб.
100 000 млн. руб.' are equal

16-05-2025T09:39:15 - [TEST_STEP][PASSED] - verifyEqual(findTestData("PlanFact").getValue(3, b), a2): Actual object '1,39%1,39%
0,17%0,17%
0,29%0,29%
6,67%6,67%
4,82%4,82%
7,14%7,14%
13,57%13,57%
2,54%2,54%
4,23%4,23%
7,02%7,02%
0,65%0,65%
5,73%5,73%
6,55%6,55%
18,54%18,54%
7,52%7,52%
8,17%8,17%
4,33%4,33%
0,66%0,66%
 ""
' and expected object '1,39%1,39%
0,17%0,17%
0,29%0,29%
6,67%6,67%
4,82%4,82%
7,14%7,14%
13,57%13,57%
2,54%2,54%
4,23%4,23%
7,02%7,02%
0,65%0,65%
5,73%5,73%
6,55%6,55%
18,54%18,54%
7,52%7,52%
8,17%8,17%
4,33%4,33%
0,66%0,66%
 ""
' are equal

16-05-2025T09:39:15 - [MESSAGE][PASSED] - Actual object '1,39%1,39%
0,17%0,17%
0,29%0,29%
6,67%6,67%
4,82%4,82%
7,14%7,14%
13,57%13,57%
2,54%2,54%
4,23%4,23%
7,02%7,02%
0,65%0,65%
5,73%5,73%
6,55%6,55%
18,54%18,54%
7,52%7,52%
8,17%8,17%
4,33%4,33%
0,66%0,66%
 ""
' and expected object '1,39%1,39%
0,17%0,17%
0,29%0,29%
6,67%6,67%
4,82%4,82%
7,14%7,14%
13,57%13,57%
2,54%2,54%
4,23%4,23%
7,02%7,02%
0,65%0,65%
5,73%5,73%
6,55%6,55%
18,54%18,54%
7,52%7,52%
8,17%8,17%
4,33%4,33%
0,66%0,66%
 ""
' are equal

16-05-2025T09:39:15 - [TEST_STEP][PASSED] - Script1686231490255.WriteToExcel(user, dashboardName, n, data, run, a1, a2, a3, a4, a5, a6, a7, a8, a9): null

16-05-2025T09:39:15 - [TEST_STEP][PASSED] - sheetName = "Sheet1": null

16-05-2025T09:39:15 - [TEST_STEP][PASSED] - workbook01 = getWorkbook(excelFilePath): null

16-05-2025T09:39:15 - [TEST_STEP][PASSED] - sheet01 = getExcelSheet(workbook01, sheetName): null

16-05-2025T09:39:15 - [TEST_STEP][PASSED] - setValueToCellByIndex(sheet01, n, 0, dashboardName): null

16-05-2025T09:39:15 - [TEST_STEP][PASSED] - setValueToCellByIndex(sheet01, n, 10, user): null

16-05-2025T09:39:15 - [TEST_STEP][PASSED] - setValueToCellByIndex(sheet01, n, 1, a1): null

16-05-2025T09:39:15 - [TEST_STEP][PASSED] - setValueToCellByIndex(sheet01, n, 2, a2): null

16-05-2025T09:39:15 - [TEST_STEP][PASSED] - setValueToCellByIndex(sheet01, n, 3, a3): null

16-05-2025T09:39:15 - [TEST_STEP][PASSED] - setValueToCellByIndex(sheet01, n, 4, a4): null

16-05-2025T09:39:15 - [TEST_STEP][PASSED] - setValueToCellByIndex(sheet01, n, 5, a5): null

16-05-2025T09:39:15 - [TEST_STEP][PASSED] - setValueToCellByIndex(sheet01, n, 6, a6): null

16-05-2025T09:39:15 - [TEST_STEP][PASSED] - setValueToCellByIndex(sheet01, n, 7, a7): null

16-05-2025T09:39:15 - [TEST_STEP][PASSED] - setValueToCellByIndex(sheet01, n, 8, a8): null

16-05-2025T09:39:15 - [TEST_STEP][PASSED] - setValueToCellByIndex(sheet01, n, 9, a9): null

16-05-2025T09:39:15 - [TEST_STEP][PASSED] - n = n + 1: null

16-05-2025T09:39:15 - [TEST_STEP][PASSED] - saveWorkbook(excelFilePath, workbook01): null

16-05-2025T09:39:15 - [TEST_STEP][PASSED] - closeBrowser(): Browser is closed

16-05-2025T09:39:16 - [MESSAGE][PASSED] - Browser is closed

16-05-2025T09:39:16 - [TEST_STEP][PASSED] - delay(70): Delayed 70 second(s)

16-05-2025T09:40:26 - [MESSAGE][PASSED] - Delayed 70 second(s)

16-05-2025T09:40:26 - [TEST_STEP][PASSED] - for ([run = 1, run < 4, (run++)]): null

16-05-2025T09:40:26 - [TEST_STEP][PASSED] - PrognozPoDZO(user, dashboardName, n, data, run, a1, a2, a3, a4, a5, a6, a7, a8, a9, urlData): null

16-05-2025T09:40:26 - [TEST_STEP][PASSED] - n = data.getRowNumbers() + 1: null

16-05-2025T09:40:26 - [TEST_STEP][PASSED] - println(n): null

16-05-2025T09:40:26 - [TEST_STEP][PASSED] - dashboardName = "Прогноз по ДЗО": null

16-05-2025T09:40:26 - [TEST_STEP][PASSED] - openBrowser(""): Browser is opened with url: ''

16-05-2025T09:40:26 - [MESSAGE][INFO] - Starting 'Chrome' driver

16-05-2025T09:40:26 - [MESSAGE][INFO] - Action delay is set to 0 milliseconds

16-05-2025T09:40:26 - [MESSAGE][PASSED] - Browser is opened with url: ''

16-05-2025T09:40:26 - [TEST_STEP][PASSED] - urlData = 19: null

16-05-2025T09:40:26 - [TEST_STEP][PASSED] - Script1686231490255.CheckPageDownload(urlData, run): null

16-05-2025T09:40:26 - [TEST_STEP][PASSED] - i = 1: null

16-05-2025T09:40:26 - [TEST_STEP][PASSED] - ii = 0: null

16-05-2025T09:40:26 - [TEST_STEP][PASSED] - urlText = <not implemented yet for class: org.codehaus.groovy.ast.expr.EmptyExpression>: null

16-05-2025T09:40:26 - [TEST_STEP][PASSED] - searchWord = <not implemented yet for class: org.codehaus.groovy.ast.expr.EmptyExpression>: null

16-05-2025T09:40:26 - [TEST_STEP][PASSED] - deleteAllCookies(): Delete all cookies successfully

16-05-2025T09:40:26 - [MESSAGE][PASSED] - Delete all cookies successfully

16-05-2025T09:40:26 - [TEST_STEP][PASSED] - refresh(): Refresh successfully

16-05-2025T09:40:26 - [MESSAGE][PASSED] - Refresh successfully

16-05-2025T09:40:26 - [TEST_STEP][PASSED] - delay(70): Delayed 70 second(s)

16-05-2025T09:41:36 - [MESSAGE][PASSED] - Delayed 70 second(s)

16-05-2025T09:41:36 - [TEST_STEP][PASSED] - navigateToUrl(findTestData("PlanFact").getValue(10, urlData)): Navigate to 'https://bi.rosseti.digital/viewer?dashboardGuid=d6acb5b1a7114a9791b34de39263106e&sheetGuid=752a4d1009e74632abe0071aea7fa3c6&fit=true' successfully

16-05-2025T09:41:39 - [MESSAGE][PASSED] - Navigate to 'https://bi.rosseti.digital/viewer?dashboardGuid=d6acb5b1a7114a9791b34de39263106e&sheetGuid=752a4d1009e74632abe0071aea7fa3c6&fit=true' successfully

16-05-2025T09:41:39 - [TEST_STEP][PASSED] - pageLoaded1 = verifyElementPresent(findTestObject("Страница авторизации/Text"), 30): Object 'Object Repository/Страница авторизации/Text' is present

16-05-2025T09:41:40 - [MESSAGE][PASSED] - Object 'Object Repository/Страница авторизации/Text' is present

16-05-2025T09:41:40 - [TEST_STEP][PASSED] - if (pageLoaded1 == false): null

16-05-2025T09:41:40 - [TEST_STEP][PASSED] - urlText = getText(findTestObject("Страница авторизации/Text")): Text of object 'Object Repository/Страница авторизации/Text' is: 'Вход'

16-05-2025T09:41:40 - [MESSAGE][PASSED] - Text of object 'Object Repository/Страница авторизации/Text' is: 'Вход'

16-05-2025T09:41:40 - [TEST_STEP][PASSED] - delay(70): Delayed 70 second(s)

16-05-2025T09:42:50 - [MESSAGE][PASSED] - Delayed 70 second(s)

16-05-2025T09:42:50 - [TEST_STEP][PASSED] - searchWord = "Вход": null

16-05-2025T09:42:50 - [TEST_STEP][PASSED] - if (urlText.contains(searchWord) == false): null

16-05-2025T09:42:50 - [TEST_STEP][PASSED] - setText(findTestObject("Страница авторизации/input__username"), findTestData("PlanFact").getValue(8, run)): Text 'liazgina-di' is set on object 'Object Repository/Страница авторизации/input__username'

16-05-2025T09:42:51 - [MESSAGE][PASSED] - Text 'liazgina-di' is set on object 'Object Repository/Страница авторизации/input__username'

16-05-2025T09:42:51 - [TEST_STEP][PASSED] - setText(findTestObject("Страница авторизации/input__password"), findTestData("PlanFact").getValue(9, run)): Text ')$%5srZ8o688Dm#q' is set on object 'Object Repository/Страница авторизации/input__password'

16-05-2025T09:42:51 - [MESSAGE][PASSED] - Text ')$%5srZ8o688Dm#q' is set on object 'Object Repository/Страница авторизации/input__password'

16-05-2025T09:42:51 - [TEST_STEP][PASSED] - click(findTestObject("Страница авторизации/button_")): Object: 'Object Repository/Страница авторизации/button_' is clicked on

16-05-2025T09:42:52 - [MESSAGE][PASSED] - Object: 'Object Repository/Страница авторизации/button_' is clicked on

16-05-2025T09:42:52 - [TEST_STEP][PASSED] - delay(70): Delayed 70 second(s)

16-05-2025T09:44:02 - [MESSAGE][PASSED] - Delayed 70 second(s)

16-05-2025T09:44:02 - [TEST_STEP][PASSED] - searchWord = "а": null

16-05-2025T09:44:02 - [TEST_STEP][PASSED] - pageLoaded2 = verifyElementPresent(findTestObject("Страница авторизации/Text"), 50): Object 'Object Repository/Страница авторизации/Text' is present

16-05-2025T09:44:03 - [MESSAGE][PASSED] - Object 'Object Repository/Страница авторизации/Text' is present

16-05-2025T09:44:03 - [TEST_STEP][PASSED] - if (pageLoaded2 == false): null

16-05-2025T09:44:03 - [TEST_STEP][PASSED] - urlText = getText(findTestObject("Страница авторизации/Text")): Text of object 'Object Repository/Страница авторизации/Text' is: 'Сравнение с 
План
абс.
%
Отклонения по ПАО Россети на 2025 год
⬤ Отклонение, %
Выручка отклонения по ПАО Россети на 2025 год
⬤ Отклонение, %
Год 
2025 год
Динамика электропотребления, млрд. кВт.ч.
У виджета нет данных
Выручка, млрд. руб.
У виджета нет данных
Прогноз на месяц 
Ноябрь
КПО/Отпуск из сети 
Отпуск из сети, млн. кВт.ч
Организация 
Все

Прогноз электропотребления и выручки за услуги по передаче в разрезе ДЗО'

16-05-2025T09:44:03 - [MESSAGE][PASSED] - Text of object 'Object Repository/Страница авторизации/Text' is: 'Сравнение с 
План
абс.
%
Отклонения по ПАО Россети на 2025 год
⬤ Отклонение, %
Выручка отклонения по ПАО Россети на 2025 год
⬤ Отклонение, %
Год 
2025 год
Динамика электропотребления, млрд. кВт.ч.
У виджета нет данных
Выручка, млрд. руб.
У виджета нет данных
Прогноз на месяц 
Ноябрь
КПО/Отпуск из сети 
Отпуск из сети, млн. кВт.ч
Организация 
Все

Прогноз электропотребления и выручки за услуги по передаче в разрезе ДЗО'

16-05-2025T09:44:03 - [TEST_STEP][PASSED] - if (urlText.contains("ошибка") || urlText.contains(searchWord) == false): null

16-05-2025T09:44:03 - [TEST_STEP][PASSED] - a3 = "": null

16-05-2025T09:44:03 - [TEST_STEP][PASSED] - a4 = "": null

16-05-2025T09:44:03 - [TEST_STEP][PASSED] - a5 = "": null

16-05-2025T09:44:03 - [TEST_STEP][PASSED] - a6 = "": null

16-05-2025T09:44:03 - [TEST_STEP][PASSED] - a7 = "": null

16-05-2025T09:44:03 - [TEST_STEP][PASSED] - a8 = "": null

16-05-2025T09:44:03 - [TEST_STEP][PASSED] - a9 = "": null

16-05-2025T09:44:03 - [TEST_STEP][PASSED] - if (run == 1): null

16-05-2025T09:44:03 - [TEST_STEP][PASSED] - user = "админ": null

16-05-2025T09:44:03 - [TEST_STEP][PASSED] - a1 = getText(findTestObject("Прогноз по ДЗО/График1")): Text of object 'Object Repository/Прогноз по ДЗО/График1' is: 'Динамика электропотребления, млрд. кВт.ч.
У виджета нет данных'

16-05-2025T09:44:03 - [MESSAGE][PASSED] - Text of object 'Object Repository/Прогноз по ДЗО/График1' is: 'Динамика электропотребления, млрд. кВт.ч.
У виджета нет данных'

16-05-2025T09:44:03 - [TEST_STEP][PASSED] - i = a1.indexOf("по ПАО Россети на 2023 год"): null

16-05-2025T09:44:03 - [TEST_STEP][PASSED] - if (i > -1): null

16-05-2025T09:44:03 - [TEST_STEP][PASSED] - i = a1.indexOf("Динамика электропотребления, млн. кВт.ч."): null

16-05-2025T09:44:03 - [TEST_STEP][PASSED] - if (i > -1): null

16-05-2025T09:44:03 - [TEST_STEP][PASSED] - a1 = a1.trim(): null

16-05-2025T09:44:03 - [TEST_STEP][PASSED] - a2 = getText(findTestObject("Прогноз по ДЗО/График2")): Text of object 'Object Repository/Прогноз по ДЗО/График2' is: 'Выручка, млрд. руб.
У виджета нет данных'

16-05-2025T09:44:04 - [MESSAGE][PASSED] - Text of object 'Object Repository/Прогноз по ДЗО/График2' is: 'Выручка, млрд. руб.
У виджета нет данных'

16-05-2025T09:44:04 - [TEST_STEP][PASSED] - a3 = getText(findTestObject("Прогноз по ДЗО/График3")): Text of object 'Object Repository/Прогноз по ДЗО/График3' is: 'Отклонения по ПАО Россети на 2025 год
⬤ Отклонение, %'

16-05-2025T09:44:04 - [MESSAGE][PASSED] - Text of object 'Object Repository/Прогноз по ДЗО/График3' is: 'Отклонения по ПАО Россети на 2025 год
⬤ Отклонение, %'

16-05-2025T09:44:04 - [TEST_STEP][PASSED] - a4 = getText(findTestObject("Прогноз по ДЗО/График4")): Text of object 'Object Repository/Прогноз по ДЗО/График4' is: 'Выручка отклонения по ПАО Россети на 2025 год
⬤ Отклонение, %'

16-05-2025T09:44:04 - [MESSAGE][PASSED] - Text of object 'Object Repository/Прогноз по ДЗО/График4' is: 'Выручка отклонения по ПАО Россети на 2025 год
⬤ Отклонение, %'

16-05-2025T09:44:04 - [TEST_STEP][PASSED] - click(findTestObject("Прогноз по ДЗО/Переключить отображение с процентов на абс Блок руководителя")): Object: 'Object Repository/Прогноз по ДЗО/Переключить отображение с процентов на абс Блок руководителя' is clicked on

16-05-2025T09:44:05 - [MESSAGE][PASSED] - Object: 'Object Repository/Прогноз по ДЗО/Переключить отображение с процентов на абс Блок руководителя' is clicked on

16-05-2025T09:44:05 - [TEST_STEP][PASSED] - a5 = getText(findTestObject("Прогноз по ДЗО/График5")): Text of object 'Object Repository/Прогноз по ДЗО/График5' is: 'Отклонения по ПАО Россети на 2025 год
⬤ Отклонение, млн. кВт.ч'

16-05-2025T09:44:05 - [MESSAGE][PASSED] - Text of object 'Object Repository/Прогноз по ДЗО/График5' is: 'Отклонения по ПАО Россети на 2025 год
⬤ Отклонение, млн. кВт.ч'

16-05-2025T09:44:05 - [TEST_STEP][PASSED] - a6 = getText(findTestObject("Прогноз по ДЗО/График6")): Text of object 'Object Repository/Прогноз по ДЗО/График6' is: 'Выручка отклонения по ПАО Россети на 2025 год
⬤ Отклонение, млн. руб'

16-05-2025T09:44:05 - [MESSAGE][PASSED] - Text of object 'Object Repository/Прогноз по ДЗО/График6' is: 'Выручка отклонения по ПАО Россети на 2025 год
⬤ Отклонение, млн. руб'

16-05-2025T09:44:05 - [TEST_STEP][PASSED] - click(findTestObject("Прогноз по ДЗО/Переключить отображение с абс на проценты")): Object: 'Object Repository/Прогноз по ДЗО/Переключить отображение с абс на проценты' is clicked on

16-05-2025T09:44:06 - [MESSAGE][PASSED] - Object: 'Object Repository/Прогноз по ДЗО/Переключить отображение с абс на проценты' is clicked on

16-05-2025T09:44:06 - [TEST_STEP][PASSED] - n = n + 30: null

16-05-2025T09:44:06 - [TEST_STEP][PASSED] - Script1686231490255.WriteToExcel(user, dashboardName, n, data, run, a1, a2, a3, a4, a5, a6, a7, a8, a9): null

16-05-2025T09:44:06 - [TEST_STEP][PASSED] - sheetName = "Sheet1": null

16-05-2025T09:44:06 - [TEST_STEP][PASSED] - workbook01 = getWorkbook(excelFilePath): null

16-05-2025T09:44:06 - [TEST_STEP][PASSED] - sheet01 = getExcelSheet(workbook01, sheetName): null

16-05-2025T09:44:06 - [TEST_STEP][PASSED] - setValueToCellByIndex(sheet01, n, 0, dashboardName): null

16-05-2025T09:44:06 - [TEST_STEP][PASSED] - setValueToCellByIndex(sheet01, n, 10, user): null

16-05-2025T09:44:06 - [TEST_STEP][PASSED] - setValueToCellByIndex(sheet01, n, 1, a1): null

16-05-2025T09:44:06 - [TEST_STEP][PASSED] - setValueToCellByIndex(sheet01, n, 2, a2): null

16-05-2025T09:44:06 - [TEST_STEP][PASSED] - setValueToCellByIndex(sheet01, n, 3, a3): null

16-05-2025T09:44:06 - [TEST_STEP][PASSED] - setValueToCellByIndex(sheet01, n, 4, a4): null

16-05-2025T09:44:06 - [TEST_STEP][PASSED] - setValueToCellByIndex(sheet01, n, 5, a5): null

16-05-2025T09:44:06 - [TEST_STEP][PASSED] - setValueToCellByIndex(sheet01, n, 6, a6): null

16-05-2025T09:44:06 - [TEST_STEP][PASSED] - setValueToCellByIndex(sheet01, n, 7, a7): null

16-05-2025T09:44:06 - [TEST_STEP][PASSED] - setValueToCellByIndex(sheet01, n, 8, a8): null

16-05-2025T09:44:06 - [TEST_STEP][PASSED] - setValueToCellByIndex(sheet01, n, 9, a9): null

16-05-2025T09:44:06 - [TEST_STEP][PASSED] - n = n + 1: null

16-05-2025T09:44:06 - [TEST_STEP][PASSED] - saveWorkbook(excelFilePath, workbook01): null

16-05-2025T09:44:06 - [TEST_STEP][PASSED] - if (run == 2): null

16-05-2025T09:44:06 - [TEST_STEP][PASSED] - if (run == 3): null

16-05-2025T09:44:06 - [TEST_STEP][PASSED] - closeBrowser(): null

16-05-2025T09:44:06 - [MESSAGE][PASSED] - Browser is closed

16-05-2025T09:44:06 - [TEST_STEP][PASSED] - PrognozPoDZO(user, dashboardName, n, data, run, a1, a2, a3, a4, a5, a6, a7, a8, a9, urlData): null

16-05-2025T09:44:06 - [TEST_STEP][PASSED] - n = data.getRowNumbers() + 1: null

16-05-2025T09:44:06 - [TEST_STEP][PASSED] - println(n): null

16-05-2025T09:44:06 - [TEST_STEP][PASSED] - dashboardName = "Прогноз по ДЗО": null

16-05-2025T09:44:06 - [TEST_STEP][PASSED] - openBrowser(""): Browser is opened with url: ''

16-05-2025T09:44:06 - [MESSAGE][INFO] - Starting 'Chrome' driver

16-05-2025T09:44:06 - [MESSAGE][INFO] - Action delay is set to 0 milliseconds

16-05-2025T09:44:07 - [MESSAGE][PASSED] - Browser is opened with url: ''

16-05-2025T09:44:07 - [TEST_STEP][PASSED] - urlData = 19: null

16-05-2025T09:44:07 - [TEST_STEP][PASSED] - Script1686231490255.CheckPageDownload(urlData, run): null

16-05-2025T09:44:07 - [TEST_STEP][PASSED] - i = 1: null

16-05-2025T09:44:07 - [TEST_STEP][PASSED] - ii = 0: null

16-05-2025T09:44:07 - [TEST_STEP][PASSED] - urlText = <not implemented yet for class: org.codehaus.groovy.ast.expr.EmptyExpression>: null

16-05-2025T09:44:07 - [TEST_STEP][PASSED] - searchWord = <not implemented yet for class: org.codehaus.groovy.ast.expr.EmptyExpression>: null

16-05-2025T09:44:07 - [TEST_STEP][PASSED] - deleteAllCookies(): Delete all cookies successfully

16-05-2025T09:44:07 - [MESSAGE][PASSED] - Delete all cookies successfully

16-05-2025T09:44:07 - [TEST_STEP][PASSED] - refresh(): Refresh successfully

16-05-2025T09:44:07 - [MESSAGE][PASSED] - Refresh successfully

16-05-2025T09:44:07 - [TEST_STEP][PASSED] - delay(70): Delayed 70 second(s)

16-05-2025T09:45:17 - [MESSAGE][PASSED] - Delayed 70 second(s)

16-05-2025T09:45:17 - [TEST_STEP][PASSED] - navigateToUrl(findTestData("PlanFact").getValue(10, urlData)): Navigate to 'https://bi.rosseti.digital/viewer?dashboardGuid=d6acb5b1a7114a9791b34de39263106e&sheetGuid=752a4d1009e74632abe0071aea7fa3c6&fit=true' successfully

16-05-2025T09:45:20 - [MESSAGE][PASSED] - Navigate to 'https://bi.rosseti.digital/viewer?dashboardGuid=d6acb5b1a7114a9791b34de39263106e&sheetGuid=752a4d1009e74632abe0071aea7fa3c6&fit=true' successfully

16-05-2025T09:45:20 - [TEST_STEP][PASSED] - pageLoaded1 = verifyElementPresent(findTestObject("Страница авторизации/Text"), 30): Object 'Object Repository/Страница авторизации/Text' is present

16-05-2025T09:45:20 - [MESSAGE][PASSED] - Object 'Object Repository/Страница авторизации/Text' is present

16-05-2025T09:45:20 - [TEST_STEP][PASSED] - if (pageLoaded1 == false): null

16-05-2025T09:45:20 - [TEST_STEP][PASSED] - urlText = getText(findTestObject("Страница авторизации/Text")): Text of object 'Object Repository/Страница авторизации/Text' is: 'Вход'

16-05-2025T09:45:21 - [MESSAGE][PASSED] - Text of object 'Object Repository/Страница авторизации/Text' is: 'Вход'

16-05-2025T09:45:21 - [TEST_STEP][PASSED] - delay(70): Delayed 70 second(s)

16-05-2025T09:46:31 - [MESSAGE][PASSED] - Delayed 70 second(s)

16-05-2025T09:46:31 - [TEST_STEP][PASSED] - searchWord = "Вход": null

16-05-2025T09:46:31 - [TEST_STEP][PASSED] - if (urlText.contains(searchWord) == false): null

16-05-2025T09:46:31 - [TEST_STEP][PASSED] - setText(findTestObject("Страница авторизации/input__username"), findTestData("PlanFact").getValue(8, run)): Text 'Andreeva-EV' is set on object 'Object Repository/Страница авторизации/input__username'

16-05-2025T09:46:31 - [MESSAGE][PASSED] - Text 'Andreeva-EV' is set on object 'Object Repository/Страница авторизации/input__username'

16-05-2025T09:46:31 - [TEST_STEP][PASSED] - setText(findTestObject("Страница авторизации/input__password"), findTestData("PlanFact").getValue(9, run)): Text '2nPePKDwCPH3ul7xMZ' is set on object 'Object Repository/Страница авторизации/input__password'

16-05-2025T09:46:32 - [MESSAGE][PASSED] - Text '2nPePKDwCPH3ul7xMZ' is set on object 'Object Repository/Страница авторизации/input__password'

16-05-2025T09:46:32 - [TEST_STEP][PASSED] - click(findTestObject("Страница авторизации/button_")): Object: 'Object Repository/Страница авторизации/button_' is clicked on

16-05-2025T09:46:33 - [MESSAGE][PASSED] - Object: 'Object Repository/Страница авторизации/button_' is clicked on

16-05-2025T09:46:33 - [TEST_STEP][PASSED] - delay(70): Delayed 70 second(s)

16-05-2025T09:47:43 - [MESSAGE][PASSED] - Delayed 70 second(s)

16-05-2025T09:47:43 - [TEST_STEP][PASSED] - searchWord = "а": null

16-05-2025T09:47:43 - [TEST_STEP][PASSED] - pageLoaded2 = verifyElementPresent(findTestObject("Страница авторизации/Text"), 50): Object 'Object Repository/Страница авторизации/Text' is present

16-05-2025T09:47:43 - [MESSAGE][PASSED] - Object 'Object Repository/Страница авторизации/Text' is present

16-05-2025T09:47:43 - [TEST_STEP][PASSED] - if (pageLoaded2 == false): null

16-05-2025T09:47:43 - [TEST_STEP][PASSED] - urlText = getText(findTestObject("Страница авторизации/Text")): Text of object 'Object Repository/Страница авторизации/Text' is: 'Сравнение с 
План
абс.
%
Отклонения по ПАО Россети на 2025 год
⬤ Отклонение, %
Выручка отклонения по ПАО Россети на 2025 год
⬤ Отклонение, %
Год 
2025 год
Динамика электропотребления, млрд. кВт.ч.
У виджета нет данных
Выручка, млрд. руб.
У виджета нет данных
Прогноз на месяц 
Ноябрь
КПО/Отпуск из сети 
Отпуск из сети, млн. кВт.ч
Организация 
Все

Прогноз электропотребления и выручки за услуги по передаче в разрезе ДЗО'

16-05-2025T09:47:44 - [MESSAGE][PASSED] - Text of object 'Object Repository/Страница авторизации/Text' is: 'Сравнение с 
План
абс.
%
Отклонения по ПАО Россети на 2025 год
⬤ Отклонение, %
Выручка отклонения по ПАО Россети на 2025 год
⬤ Отклонение, %
Год 
2025 год
Динамика электропотребления, млрд. кВт.ч.
У виджета нет данных
Выручка, млрд. руб.
У виджета нет данных
Прогноз на месяц 
Ноябрь
КПО/Отпуск из сети 
Отпуск из сети, млн. кВт.ч
Организация 
Все

Прогноз электропотребления и выручки за услуги по передаче в разрезе ДЗО'

16-05-2025T09:47:44 - [TEST_STEP][PASSED] - if (urlText.contains("ошибка") || urlText.contains(searchWord) == false): null

16-05-2025T09:47:44 - [TEST_STEP][PASSED] - a3 = "": null

16-05-2025T09:47:44 - [TEST_STEP][PASSED] - a4 = "": null

16-05-2025T09:47:44 - [TEST_STEP][PASSED] - a5 = "": null

16-05-2025T09:47:44 - [TEST_STEP][PASSED] - a6 = "": null

16-05-2025T09:47:44 - [TEST_STEP][PASSED] - a7 = "": null

16-05-2025T09:47:44 - [TEST_STEP][PASSED] - a8 = "": null

16-05-2025T09:47:44 - [TEST_STEP][PASSED] - a9 = "": null

16-05-2025T09:47:44 - [TEST_STEP][PASSED] - if (run == 1): null

16-05-2025T09:47:44 - [TEST_STEP][PASSED] - if (run == 2): null

16-05-2025T09:47:44 - [TEST_STEP][PASSED] - user = "Андреева": null

16-05-2025T09:47:44 - [TEST_STEP][PASSED] - a1 = getText(findTestObject("Прогноз по ДЗО/График1")): Text of object 'Object Repository/Прогноз по ДЗО/График1' is: 'Динамика электропотребления, млрд. кВт.ч.
У виджета нет данных'

16-05-2025T09:47:44 - [MESSAGE][PASSED] - Text of object 'Object Repository/Прогноз по ДЗО/График1' is: 'Динамика электропотребления, млрд. кВт.ч.
У виджета нет данных'

16-05-2025T09:47:44 - [TEST_STEP][PASSED] - i = a1.indexOf("по ПАО Россети на 2023 год"): null

16-05-2025T09:47:44 - [TEST_STEP][PASSED] - if (i > -1): null

16-05-2025T09:47:44 - [TEST_STEP][PASSED] - i = a1.indexOf("Динамика электропотребления, млн. кВт.ч."): null

16-05-2025T09:47:44 - [TEST_STEP][PASSED] - if (i > -1): null

16-05-2025T09:47:44 - [TEST_STEP][PASSED] - a1 = a1.trim(): null

16-05-2025T09:47:44 - [TEST_STEP][PASSED] - a2 = getText(findTestObject("Прогноз по ДЗО/График2")): Text of object 'Object Repository/Прогноз по ДЗО/График2' is: 'Выручка, млрд. руб.
У виджета нет данных'

16-05-2025T09:47:44 - [MESSAGE][PASSED] - Text of object 'Object Repository/Прогноз по ДЗО/График2' is: 'Выручка, млрд. руб.
У виджета нет данных'

16-05-2025T09:47:44 - [TEST_STEP][PASSED] - a3 = getText(findTestObject("Прогноз по ДЗО/График3")): Text of object 'Object Repository/Прогноз по ДЗО/График3' is: 'Отклонения по ПАО Россети на 2025 год
⬤ Отклонение, %'

16-05-2025T09:47:45 - [MESSAGE][PASSED] - Text of object 'Object Repository/Прогноз по ДЗО/График3' is: 'Отклонения по ПАО Россети на 2025 год
⬤ Отклонение, %'

16-05-2025T09:47:45 - [TEST_STEP][PASSED] - a4 = getText(findTestObject("Прогноз по ДЗО/График4")): Text of object 'Object Repository/Прогноз по ДЗО/График4' is: 'Выручка отклонения по ПАО Россети на 2025 год
⬤ Отклонение, %'

16-05-2025T09:47:45 - [MESSAGE][PASSED] - Text of object 'Object Repository/Прогноз по ДЗО/График4' is: 'Выручка отклонения по ПАО Россети на 2025 год
⬤ Отклонение, %'

16-05-2025T09:47:45 - [TEST_STEP][PASSED] - click(findTestObject("Прогноз по ДЗО/Переключить отображение с процентов на абс Блок руководителя")): Object: 'Object Repository/Прогноз по ДЗО/Переключить отображение с процентов на абс Блок руководителя' is clicked on

16-05-2025T09:47:45 - [MESSAGE][PASSED] - Object: 'Object Repository/Прогноз по ДЗО/Переключить отображение с процентов на абс Блок руководителя' is clicked on

16-05-2025T09:47:45 - [TEST_STEP][PASSED] - a5 = getText(findTestObject("Прогноз по ДЗО/График5")): Text of object 'Object Repository/Прогноз по ДЗО/График5' is: 'Отклонения по ПАО Россети на 2025 год
⬤ Отклонение, млн. кВт.ч'

16-05-2025T09:47:46 - [MESSAGE][PASSED] - Text of object 'Object Repository/Прогноз по ДЗО/График5' is: 'Отклонения по ПАО Россети на 2025 год
⬤ Отклонение, млн. кВт.ч'

16-05-2025T09:47:46 - [TEST_STEP][PASSED] - a6 = getText(findTestObject("Прогноз по ДЗО/График6")): Text of object 'Object Repository/Прогноз по ДЗО/График6' is: 'Выручка отклонения по ПАО Россети на 2025 год
⬤ Отклонение, млн. руб'

16-05-2025T09:47:46 - [MESSAGE][PASSED] - Text of object 'Object Repository/Прогноз по ДЗО/График6' is: 'Выручка отклонения по ПАО Россети на 2025 год
⬤ Отклонение, млн. руб'

16-05-2025T09:47:46 - [TEST_STEP][PASSED] - click(findTestObject("Прогноз по ДЗО/Переключить отображение с абс на проценты")): Object: 'Object Repository/Прогноз по ДЗО/Переключить отображение с абс на проценты' is clicked on

16-05-2025T09:47:46 - [MESSAGE][PASSED] - Object: 'Object Repository/Прогноз по ДЗО/Переключить отображение с абс на проценты' is clicked on

16-05-2025T09:47:46 - [TEST_STEP][PASSED] - n = n + 31: null

16-05-2025T09:47:46 - [TEST_STEP][PASSED] - b = n - run + 1: null

16-05-2025T09:47:46 - [TEST_STEP][PASSED] - verifyEqual(findTestData("PlanFact").getValue(2, b), a1): Actual object 'Динамика электропотребления, млрд. кВт.ч.
У виджета нет данных' and expected object 'Динамика электропотребления, млрд. кВт.ч.
У виджета нет данных' are equal

16-05-2025T09:47:46 - [MESSAGE][PASSED] - Actual object 'Динамика электропотребления, млрд. кВт.ч.
У виджета нет данных' and expected object 'Динамика электропотребления, млрд. кВт.ч.
У виджета нет данных' are equal

16-05-2025T09:47:46 - [TEST_STEP][PASSED] - verifyEqual(findTestData("PlanFact").getValue(3, b), a2): Actual object 'Выручка, млрд. руб.
У виджета нет данных' and expected object 'Выручка, млрд. руб.
У виджета нет данных' are equal

16-05-2025T09:47:46 - [MESSAGE][PASSED] - Actual object 'Выручка, млрд. руб.
У виджета нет данных' and expected object 'Выручка, млрд. руб.
У виджета нет данных' are equal

16-05-2025T09:47:46 - [TEST_STEP][PASSED] - verifyEqual(findTestData("PlanFact").getValue(4, b), a3): Actual object 'Отклонения по ПАО Россети на 2025 год
⬤ Отклонение, %' and expected object 'Отклонения по ПАО Россети на 2025 год
⬤ Отклонение, %' are equal

16-05-2025T09:47:46 - [MESSAGE][PASSED] - Actual object 'Отклонения по ПАО Россети на 2025 год
⬤ Отклонение, %' and expected object 'Отклонения по ПАО Россети на 2025 год
⬤ Отклонение, %' are equal

16-05-2025T09:47:46 - [TEST_STEP][PASSED] - verifyEqual(findTestData("PlanFact").getValue(5, b), a4): Actual object 'Выручка отклонения по ПАО Россети на 2025 год
⬤ Отклонение, %' and expected object 'Выручка отклонения по ПАО Россети на 2025 год
⬤ Отклонение, %' are equal

16-05-2025T09:47:46 - [MESSAGE][PASSED] - Actual object 'Выручка отклонения по ПАО Россети на 2025 год
⬤ Отклонение, %' and expected object 'Выручка отклонения по ПАО Россети на 2025 год
⬤ Отклонение, %' are equal

16-05-2025T09:47:46 - [TEST_STEP][PASSED] - verifyEqual(findTestData("PlanFact").getValue(6, b), a5): Actual object 'Отклонения по ПАО Россети на 2025 год
⬤ Отклонение, млн. кВт.ч' and expected object 'Отклонения по ПАО Россети на 2025 год
⬤ Отклонение, млн. кВт.ч' are equal

16-05-2025T09:47:47 - [MESSAGE][PASSED] - Actual object 'Отклонения по ПАО Россети на 2025 год
⬤ Отклонение, млн. кВт.ч' and expected object 'Отклонения по ПАО Россети на 2025 год
⬤ Отклонение, млн. кВт.ч' are equal

16-05-2025T09:47:47 - [TEST_STEP][PASSED] - verifyEqual(findTestData("PlanFact").getValue(7, b), a6): Actual object 'Выручка отклонения по ПАО Россети на 2025 год
⬤ Отклонение, млн. руб' and expected object 'Выручка отклонения по ПАО Россети на 2025 год
⬤ Отклонение, млн. руб' are equal

16-05-2025T09:47:47 - [MESSAGE][PASSED] - Actual object 'Выручка отклонения по ПАО Россети на 2025 год
⬤ Отклонение, млн. руб' and expected object 'Выручка отклонения по ПАО Россети на 2025 год
⬤ Отклонение, млн. руб' are equal

16-05-2025T09:47:47 - [TEST_STEP][PASSED] - Script1686231490255.WriteToExcel(user, dashboardName, n, data, run, a1, a2, a3, a4, a5, a6, a7, a8, a9): null

16-05-2025T09:47:47 - [TEST_STEP][PASSED] - sheetName = "Sheet1": null

16-05-2025T09:47:47 - [TEST_STEP][PASSED] - workbook01 = getWorkbook(excelFilePath): null

16-05-2025T09:47:47 - [TEST_STEP][PASSED] - sheet01 = getExcelSheet(workbook01, sheetName): null

16-05-2025T09:47:47 - [TEST_STEP][PASSED] - setValueToCellByIndex(sheet01, n, 0, dashboardName): null

16-05-2025T09:47:47 - [TEST_STEP][PASSED] - setValueToCellByIndex(sheet01, n, 10, user): null

16-05-2025T09:47:47 - [TEST_STEP][PASSED] - setValueToCellByIndex(sheet01, n, 1, a1): null

16-05-2025T09:47:47 - [TEST_STEP][PASSED] - setValueToCellByIndex(sheet01, n, 2, a2): null

16-05-2025T09:47:47 - [TEST_STEP][PASSED] - setValueToCellByIndex(sheet01, n, 3, a3): null

16-05-2025T09:47:47 - [TEST_STEP][PASSED] - setValueToCellByIndex(sheet01, n, 4, a4): null

16-05-2025T09:47:47 - [TEST_STEP][PASSED] - setValueToCellByIndex(sheet01, n, 5, a5): null

16-05-2025T09:47:47 - [TEST_STEP][PASSED] - setValueToCellByIndex(sheet01, n, 6, a6): null

16-05-2025T09:47:47 - [TEST_STEP][PASSED] - setValueToCellByIndex(sheet01, n, 7, a7): null

16-05-2025T09:47:47 - [TEST_STEP][PASSED] - setValueToCellByIndex(sheet01, n, 8, a8): null

16-05-2025T09:47:47 - [TEST_STEP][PASSED] - setValueToCellByIndex(sheet01, n, 9, a9): null

16-05-2025T09:47:47 - [TEST_STEP][PASSED] - n = n + 1: null

16-05-2025T09:47:47 - [TEST_STEP][PASSED] - saveWorkbook(excelFilePath, workbook01): null

16-05-2025T09:47:47 - [TEST_STEP][PASSED] - if (run == 3): null

16-05-2025T09:47:47 - [TEST_STEP][PASSED] - closeBrowser(): null

16-05-2025T09:47:47 - [MESSAGE][PASSED] - Browser is closed

16-05-2025T09:47:47 - [TEST_STEP][PASSED] - PrognozPoDZO(user, dashboardName, n, data, run, a1, a2, a3, a4, a5, a6, a7, a8, a9, urlData): null

16-05-2025T09:47:47 - [TEST_STEP][PASSED] - n = data.getRowNumbers() + 1: null

16-05-2025T09:47:47 - [TEST_STEP][PASSED] - println(n): null

16-05-2025T09:47:47 - [TEST_STEP][PASSED] - dashboardName = "Прогноз по ДЗО": null

16-05-2025T09:47:47 - [TEST_STEP][PASSED] - openBrowser(""): Browser is opened with url: ''

16-05-2025T09:47:47 - [MESSAGE][INFO] - Starting 'Chrome' driver

16-05-2025T09:47:47 - [MESSAGE][INFO] - Action delay is set to 0 milliseconds

16-05-2025T09:47:48 - [MESSAGE][PASSED] - Browser is opened with url: ''

16-05-2025T09:47:48 - [TEST_STEP][PASSED] - urlData = 19: null

16-05-2025T09:47:48 - [TEST_STEP][PASSED] - Script1686231490255.CheckPageDownload(urlData, run): null

16-05-2025T09:47:48 - [TEST_STEP][PASSED] - i = 1: null

16-05-2025T09:47:48 - [TEST_STEP][PASSED] - ii = 0: null

16-05-2025T09:47:48 - [TEST_STEP][PASSED] - urlText = <not implemented yet for class: org.codehaus.groovy.ast.expr.EmptyExpression>: null

16-05-2025T09:47:48 - [TEST_STEP][PASSED] - searchWord = <not implemented yet for class: org.codehaus.groovy.ast.expr.EmptyExpression>: null

16-05-2025T09:47:48 - [TEST_STEP][PASSED] - deleteAllCookies(): Delete all cookies successfully

16-05-2025T09:47:48 - [MESSAGE][PASSED] - Delete all cookies successfully

16-05-2025T09:47:48 - [TEST_STEP][PASSED] - refresh(): Refresh successfully

16-05-2025T09:47:48 - [MESSAGE][PASSED] - Refresh successfully

16-05-2025T09:47:48 - [TEST_STEP][PASSED] - delay(70): Delayed 70 second(s)

16-05-2025T09:48:58 - [MESSAGE][PASSED] - Delayed 70 second(s)

16-05-2025T09:48:58 - [TEST_STEP][PASSED] - navigateToUrl(findTestData("PlanFact").getValue(10, urlData)): Navigate to 'https://bi.rosseti.digital/viewer?dashboardGuid=d6acb5b1a7114a9791b34de39263106e&sheetGuid=752a4d1009e74632abe0071aea7fa3c6&fit=true' successfully

16-05-2025T09:49:01 - [MESSAGE][PASSED] - Navigate to 'https://bi.rosseti.digital/viewer?dashboardGuid=d6acb5b1a7114a9791b34de39263106e&sheetGuid=752a4d1009e74632abe0071aea7fa3c6&fit=true' successfully

16-05-2025T09:49:01 - [TEST_STEP][PASSED] - pageLoaded1 = verifyElementPresent(findTestObject("Страница авторизации/Text"), 30): Object 'Object Repository/Страница авторизации/Text' is present

16-05-2025T09:49:02 - [MESSAGE][PASSED] - Object 'Object Repository/Страница авторизации/Text' is present

16-05-2025T09:49:02 - [TEST_STEP][PASSED] - if (pageLoaded1 == false): null

16-05-2025T09:49:02 - [TEST_STEP][PASSED] - urlText = getText(findTestObject("Страница авторизации/Text")): Text of object 'Object Repository/Страница авторизации/Text' is: 'Вход'

16-05-2025T09:49:02 - [MESSAGE][PASSED] - Text of object 'Object Repository/Страница авторизации/Text' is: 'Вход'

16-05-2025T09:49:02 - [TEST_STEP][PASSED] - delay(70): Delayed 70 second(s)

16-05-2025T09:50:12 - [MESSAGE][PASSED] - Delayed 70 second(s)

16-05-2025T09:50:12 - [TEST_STEP][PASSED] - searchWord = "Вход": null

16-05-2025T09:50:12 - [TEST_STEP][PASSED] - if (urlText.contains(searchWord) == false): null

16-05-2025T09:50:12 - [TEST_STEP][PASSED] - setText(findTestObject("Страница авторизации/input__username"), findTestData("PlanFact").getValue(8, run)): Text 'Petrova-OV' is set on object 'Object Repository/Страница авторизации/input__username'

16-05-2025T09:50:13 - [MESSAGE][PASSED] - Text 'Petrova-OV' is set on object 'Object Repository/Страница авторизации/input__username'

16-05-2025T09:50:13 - [TEST_STEP][PASSED] - setText(findTestObject("Страница авторизации/input__password"), findTestData("PlanFact").getValue(9, run)): Text '4Ex@~R53r&3x&BVe7' is set on object 'Object Repository/Страница авторизации/input__password'

16-05-2025T09:50:13 - [MESSAGE][PASSED] - Text '4Ex@~R53r&3x&BVe7' is set on object 'Object Repository/Страница авторизации/input__password'

16-05-2025T09:50:13 - [TEST_STEP][PASSED] - click(findTestObject("Страница авторизации/button_")): Object: 'Object Repository/Страница авторизации/button_' is clicked on

16-05-2025T09:50:14 - [MESSAGE][PASSED] - Object: 'Object Repository/Страница авторизации/button_' is clicked on

16-05-2025T09:50:14 - [TEST_STEP][PASSED] - delay(70): Delayed 70 second(s)

16-05-2025T09:51:24 - [MESSAGE][PASSED] - Delayed 70 second(s)

16-05-2025T09:51:24 - [TEST_STEP][PASSED] - searchWord = "а": null

16-05-2025T09:51:24 - [TEST_STEP][PASSED] - pageLoaded2 = verifyElementPresent(findTestObject("Страница авторизации/Text"), 50): Object 'Object Repository/Страница авторизации/Text' is present

16-05-2025T09:51:25 - [MESSAGE][PASSED] - Object 'Object Repository/Страница авторизации/Text' is present

16-05-2025T09:51:25 - [TEST_STEP][PASSED] - if (pageLoaded2 == false): null

16-05-2025T09:51:25 - [TEST_STEP][PASSED] - urlText = getText(findTestObject("Страница авторизации/Text")): Text of object 'Object Repository/Страница авторизации/Text' is: 'Сравнение с 
План
абс.
%
Отклонения по ПАО Россети на 2025 год
⬤ Отклонение, %
Выручка отклонения по ПАО Россети на 2025 год
⬤ Отклонение, %
Год 
2025 год
Динамика электропотребления, млрд. кВт.ч.
У виджета нет данных
Выручка, млрд. руб.
У виджета нет данных
Прогноз на месяц 
Ноябрь
КПО/Отпуск из сети 
Отпуск из сети, млн. кВт.ч
Организация 
Все

Прогноз электропотребления и выручки за услуги по передаче в разрезе ДЗО'

16-05-2025T09:51:25 - [MESSAGE][PASSED] - Text of object 'Object Repository/Страница авторизации/Text' is: 'Сравнение с 
План
абс.
%
Отклонения по ПАО Россети на 2025 год
⬤ Отклонение, %
Выручка отклонения по ПАО Россети на 2025 год
⬤ Отклонение, %
Год 
2025 год
Динамика электропотребления, млрд. кВт.ч.
У виджета нет данных
Выручка, млрд. руб.
У виджета нет данных
Прогноз на месяц 
Ноябрь
КПО/Отпуск из сети 
Отпуск из сети, млн. кВт.ч
Организация 
Все

Прогноз электропотребления и выручки за услуги по передаче в разрезе ДЗО'

16-05-2025T09:51:25 - [TEST_STEP][PASSED] - if (urlText.contains("ошибка") || urlText.contains(searchWord) == false): null

16-05-2025T09:51:25 - [TEST_STEP][PASSED] - a3 = "": null

16-05-2025T09:51:25 - [TEST_STEP][PASSED] - a4 = "": null

16-05-2025T09:51:25 - [TEST_STEP][PASSED] - a5 = "": null

16-05-2025T09:51:25 - [TEST_STEP][PASSED] - a6 = "": null

16-05-2025T09:51:25 - [TEST_STEP][PASSED] - a7 = "": null

16-05-2025T09:51:25 - [TEST_STEP][PASSED] - a8 = "": null

16-05-2025T09:51:25 - [TEST_STEP][PASSED] - a9 = "": null

16-05-2025T09:51:25 - [TEST_STEP][PASSED] - if (run == 1): null

16-05-2025T09:51:25 - [TEST_STEP][PASSED] - if (run == 2): null

16-05-2025T09:51:25 - [TEST_STEP][PASSED] - if (run == 3): null

16-05-2025T09:51:25 - [TEST_STEP][PASSED] - user = "Попова": null

16-05-2025T09:51:25 - [TEST_STEP][PASSED] - a1 = getText(findTestObject("Прогноз по ДЗО/График1")): Text of object 'Object Repository/Прогноз по ДЗО/График1' is: 'Динамика электропотребления, млрд. кВт.ч.
У виджета нет данных'

16-05-2025T09:51:25 - [MESSAGE][PASSED] - Text of object 'Object Repository/Прогноз по ДЗО/График1' is: 'Динамика электропотребления, млрд. кВт.ч.
У виджета нет данных'

16-05-2025T09:51:25 - [TEST_STEP][PASSED] - i = a1.indexOf("по ПАО Россети на 2023 год"): null

16-05-2025T09:51:25 - [TEST_STEP][PASSED] - if (i > -1): null

16-05-2025T09:51:25 - [TEST_STEP][PASSED] - i = a1.indexOf("Динамика электропотребления, млн. кВт.ч."): null

16-05-2025T09:51:25 - [TEST_STEP][PASSED] - if (i > -1): null

16-05-2025T09:51:25 - [TEST_STEP][PASSED] - a1 = a1.trim(): null

16-05-2025T09:51:25 - [TEST_STEP][PASSED] - a2 = getText(findTestObject("Прогноз по ДЗО/График2")): Text of object 'Object Repository/Прогноз по ДЗО/График2' is: 'Выручка, млрд. руб.
У виджета нет данных'

16-05-2025T09:51:26 - [MESSAGE][PASSED] - Text of object 'Object Repository/Прогноз по ДЗО/График2' is: 'Выручка, млрд. руб.
У виджета нет данных'

16-05-2025T09:51:26 - [TEST_STEP][PASSED] - a3 = getText(findTestObject("Прогноз по ДЗО/График3")): Text of object 'Object Repository/Прогноз по ДЗО/График3' is: 'Отклонения по ПАО Россети на 2025 год
⬤ Отклонение, %'

16-05-2025T09:51:26 - [MESSAGE][PASSED] - Text of object 'Object Repository/Прогноз по ДЗО/График3' is: 'Отклонения по ПАО Россети на 2025 год
⬤ Отклонение, %'

16-05-2025T09:51:26 - [TEST_STEP][PASSED] - a4 = getText(findTestObject("Прогноз по ДЗО/График4")): Text of object 'Object Repository/Прогноз по ДЗО/График4' is: 'Выручка отклонения по ПАО Россети на 2025 год
⬤ Отклонение, %'

16-05-2025T09:51:26 - [MESSAGE][PASSED] - Text of object 'Object Repository/Прогноз по ДЗО/График4' is: 'Выручка отклонения по ПАО Россети на 2025 год
⬤ Отклонение, %'

16-05-2025T09:51:26 - [TEST_STEP][PASSED] - click(findTestObject("Прогноз по ДЗО/Переключить отображение с процентов на абс Блок руководителя")): Object: 'Object Repository/Прогноз по ДЗО/Переключить отображение с процентов на абс Блок руководителя' is clicked on

16-05-2025T09:51:27 - [MESSAGE][PASSED] - Object: 'Object Repository/Прогноз по ДЗО/Переключить отображение с процентов на абс Блок руководителя' is clicked on

16-05-2025T09:51:27 - [TEST_STEP][PASSED] - a5 = getText(findTestObject("Прогноз по ДЗО/График5")): Text of object 'Object Repository/Прогноз по ДЗО/График5' is: 'Отклонения по ПАО Россети на 2025 год
⬤ Отклонение, млн. кВт.ч'

16-05-2025T09:51:27 - [MESSAGE][PASSED] - Text of object 'Object Repository/Прогноз по ДЗО/График5' is: 'Отклонения по ПАО Россети на 2025 год
⬤ Отклонение, млн. кВт.ч'

16-05-2025T09:51:27 - [TEST_STEP][PASSED] - a6 = getText(findTestObject("Прогноз по ДЗО/График6")): Text of object 'Object Repository/Прогноз по ДЗО/График6' is: 'Выручка отклонения по ПАО Россети на 2025 год
⬤ Отклонение, млн. руб'

16-05-2025T09:51:27 - [MESSAGE][PASSED] - Text of object 'Object Repository/Прогноз по ДЗО/График6' is: 'Выручка отклонения по ПАО Россети на 2025 год
⬤ Отклонение, млн. руб'

16-05-2025T09:51:27 - [TEST_STEP][PASSED] - click(findTestObject("Прогноз по ДЗО/Переключить отображение с абс на проценты")): Object: 'Object Repository/Прогноз по ДЗО/Переключить отображение с абс на проценты' is clicked on

16-05-2025T09:51:27 - [MESSAGE][PASSED] - Object: 'Object Repository/Прогноз по ДЗО/Переключить отображение с абс на проценты' is clicked on

16-05-2025T09:51:27 - [TEST_STEP][PASSED] - n = n + 32: null

16-05-2025T09:51:27 - [TEST_STEP][PASSED] - b = n - run + 1: null

16-05-2025T09:51:27 - [TEST_STEP][PASSED] - verifyEqual(findTestData("PlanFact").getValue(2, b), a1): Actual object 'Динамика электропотребления, млрд. кВт.ч.
У виджета нет данных' and expected object 'Динамика электропотребления, млрд. кВт.ч.
У виджета нет данных' are equal

16-05-2025T09:51:27 - [MESSAGE][PASSED] - Actual object 'Динамика электропотребления, млрд. кВт.ч.
У виджета нет данных' and expected object 'Динамика электропотребления, млрд. кВт.ч.
У виджета нет данных' are equal

16-05-2025T09:51:27 - [TEST_STEP][PASSED] - verifyEqual(findTestData("PlanFact").getValue(3, b), a2): Actual object 'Выручка, млрд. руб.
У виджета нет данных' and expected object 'Выручка, млрд. руб.
У виджета нет данных' are equal

16-05-2025T09:51:28 - [MESSAGE][PASSED] - Actual object 'Выручка, млрд. руб.
У виджета нет данных' and expected object 'Выручка, млрд. руб.
У виджета нет данных' are equal

16-05-2025T09:51:28 - [TEST_STEP][PASSED] - verifyEqual(findTestData("PlanFact").getValue(4, b), a3): Actual object 'Отклонения по ПАО Россети на 2025 год
⬤ Отклонение, %' and expected object 'Отклонения по ПАО Россети на 2025 год
⬤ Отклонение, %' are equal

16-05-2025T09:51:28 - [MESSAGE][PASSED] - Actual object 'Отклонения по ПАО Россети на 2025 год
⬤ Отклонение, %' and expected object 'Отклонения по ПАО Россети на 2025 год
⬤ Отклонение, %' are equal

16-05-2025T09:51:28 - [TEST_STEP][PASSED] - verifyEqual(findTestData("PlanFact").getValue(5, b), a4): Actual object 'Выручка отклонения по ПАО Россети на 2025 год
⬤ Отклонение, %' and expected object 'Выручка отклонения по ПАО Россети на 2025 год
⬤ Отклонение, %' are equal

16-05-2025T09:51:28 - [MESSAGE][PASSED] - Actual object 'Выручка отклонения по ПАО Россети на 2025 год
⬤ Отклонение, %' and expected object 'Выручка отклонения по ПАО Россети на 2025 год
⬤ Отклонение, %' are equal

16-05-2025T09:51:28 - [TEST_STEP][PASSED] - verifyEqual(findTestData("PlanFact").getValue(6, b), a5): Actual object 'Отклонения по ПАО Россети на 2025 год
⬤ Отклонение, млн. кВт.ч' and expected object 'Отклонения по ПАО Россети на 2025 год
⬤ Отклонение, млн. кВт.ч' are equal

16-05-2025T09:51:28 - [MESSAGE][PASSED] - Actual object 'Отклонения по ПАО Россети на 2025 год
⬤ Отклонение, млн. кВт.ч' and expected object 'Отклонения по ПАО Россети на 2025 год
⬤ Отклонение, млн. кВт.ч' are equal

16-05-2025T09:51:28 - [TEST_STEP][PASSED] - verifyEqual(findTestData("PlanFact").getValue(7, b), a6): Actual object 'Выручка отклонения по ПАО Россети на 2025 год
⬤ Отклонение, млн. руб' and expected object 'Выручка отклонения по ПАО Россети на 2025 год
⬤ Отклонение, млн. руб' are equal

16-05-2025T09:51:28 - [MESSAGE][PASSED] - Actual object 'Выручка отклонения по ПАО Россети на 2025 год
⬤ Отклонение, млн. руб' and expected object 'Выручка отклонения по ПАО Россети на 2025 год
⬤ Отклонение, млн. руб' are equal

16-05-2025T09:51:28 - [TEST_STEP][PASSED] - Script1686231490255.WriteToExcel(user, dashboardName, n, data, run, a1, a2, a3, a4, a5, a6, a7, a8, a9): null

16-05-2025T09:51:28 - [TEST_STEP][PASSED] - sheetName = "Sheet1": null

16-05-2025T09:51:28 - [TEST_STEP][PASSED] - workbook01 = getWorkbook(excelFilePath): null

16-05-2025T09:51:28 - [TEST_STEP][PASSED] - sheet01 = getExcelSheet(workbook01, sheetName): null

16-05-2025T09:51:28 - [TEST_STEP][PASSED] - setValueToCellByIndex(sheet01, n, 0, dashboardName): null

16-05-2025T09:51:28 - [TEST_STEP][PASSED] - setValueToCellByIndex(sheet01, n, 10, user): null

16-05-2025T09:51:28 - [TEST_STEP][PASSED] - setValueToCellByIndex(sheet01, n, 1, a1): null

16-05-2025T09:51:28 - [TEST_STEP][PASSED] - setValueToCellByIndex(sheet01, n, 2, a2): null

16-05-2025T09:51:28 - [TEST_STEP][PASSED] - setValueToCellByIndex(sheet01, n, 3, a3): null

16-05-2025T09:51:28 - [TEST_STEP][PASSED] - setValueToCellByIndex(sheet01, n, 4, a4): null

16-05-2025T09:51:28 - [TEST_STEP][PASSED] - setValueToCellByIndex(sheet01, n, 5, a5): null

16-05-2025T09:51:28 - [TEST_STEP][PASSED] - setValueToCellByIndex(sheet01, n, 6, a6): null

16-05-2025T09:51:28 - [TEST_STEP][PASSED] - setValueToCellByIndex(sheet01, n, 7, a7): null

16-05-2025T09:51:28 - [TEST_STEP][PASSED] - setValueToCellByIndex(sheet01, n, 8, a8): null

16-05-2025T09:51:28 - [TEST_STEP][PASSED] - setValueToCellByIndex(sheet01, n, 9, a9): null

16-05-2025T09:51:28 - [TEST_STEP][PASSED] - n = n + 1: null

16-05-2025T09:51:28 - [TEST_STEP][PASSED] - saveWorkbook(excelFilePath, workbook01): null

16-05-2025T09:51:28 - [TEST_STEP][PASSED] - closeBrowser(): Browser is closed

16-05-2025T09:51:28 - [MESSAGE][PASSED] - Browser is closed

16-05-2025T09:51:28 - [TEST_STEP][PASSED] - delay(70): Delayed 70 second(s)

16-05-2025T09:52:38 - [MESSAGE][PASSED] - Delayed 70 second(s)

16-05-2025T09:52:38 - [TEST_STEP][PASSED] - for ([run = 1, run < 4, (run++)]): null

16-05-2025T09:52:38 - [TEST_STEP][PASSED] - PrognozPoOtraslyam(user, dashboardName, n, data, run, a1, a2, a3, a4, a5, a6, a7, a8, a9, urlData): null

16-05-2025T09:52:38 - [TEST_STEP][PASSED] - n = data.getRowNumbers() + 1: null

16-05-2025T09:52:38 - [TEST_STEP][PASSED] - println(n): null

16-05-2025T09:52:38 - [TEST_STEP][PASSED] - dashboardName = "Прогноз по отраслям": null

16-05-2025T09:52:38 - [TEST_STEP][PASSED] - openBrowser(""): Browser is opened with url: ''

16-05-2025T09:52:38 - [MESSAGE][INFO] - Starting 'Chrome' driver

16-05-2025T09:52:38 - [MESSAGE][INFO] - Action delay is set to 0 milliseconds

16-05-2025T09:52:39 - [MESSAGE][PASSED] - Browser is opened with url: ''

16-05-2025T09:52:39 - [TEST_STEP][PASSED] - urlData = 6: null

16-05-2025T09:52:39 - [TEST_STEP][PASSED] - Script1686231490255.CheckPageDownload(urlData, run): null

16-05-2025T09:52:39 - [TEST_STEP][PASSED] - i = 1: null

16-05-2025T09:52:39 - [TEST_STEP][PASSED] - ii = 0: null

16-05-2025T09:52:39 - [TEST_STEP][PASSED] - urlText = <not implemented yet for class: org.codehaus.groovy.ast.expr.EmptyExpression>: null

16-05-2025T09:52:39 - [TEST_STEP][PASSED] - searchWord = <not implemented yet for class: org.codehaus.groovy.ast.expr.EmptyExpression>: null

16-05-2025T09:52:39 - [TEST_STEP][PASSED] - deleteAllCookies(): Delete all cookies successfully

16-05-2025T09:52:39 - [MESSAGE][PASSED] - Delete all cookies successfully

16-05-2025T09:52:39 - [TEST_STEP][PASSED] - refresh(): Refresh successfully

16-05-2025T09:52:39 - [MESSAGE][PASSED] - Refresh successfully

16-05-2025T09:52:39 - [TEST_STEP][PASSED] - delay(70): Delayed 70 second(s)

16-05-2025T09:53:49 - [MESSAGE][PASSED] - Delayed 70 second(s)

16-05-2025T09:53:49 - [TEST_STEP][PASSED] - navigateToUrl(findTestData("PlanFact").getValue(10, urlData)): Navigate to 'https://bi.rosseti.digital/viewer?dashboardGuid=d6acb5b1a7114a9791b34de39263106e&sheetGuid=0b6d261d7f7b4424a967aa8f3a724189&fit=true' successfully

16-05-2025T09:53:54 - [MESSAGE][PASSED] - Navigate to 'https://bi.rosseti.digital/viewer?dashboardGuid=d6acb5b1a7114a9791b34de39263106e&sheetGuid=0b6d261d7f7b4424a967aa8f3a724189&fit=true' successfully

16-05-2025T09:53:54 - [TEST_STEP][PASSED] - pageLoaded1 = verifyElementPresent(findTestObject("Страница авторизации/Text"), 30): Object 'Object Repository/Страница авторизации/Text' is present

16-05-2025T09:53:55 - [MESSAGE][PASSED] - Object 'Object Repository/Страница авторизации/Text' is present

16-05-2025T09:53:55 - [TEST_STEP][PASSED] - if (pageLoaded1 == false): null

16-05-2025T09:53:55 - [TEST_STEP][PASSED] - urlText = getText(findTestObject("Страница авторизации/Text")): Text of object 'Object Repository/Страница авторизации/Text' is: 'Вход'

16-05-2025T09:53:55 - [MESSAGE][PASSED] - Text of object 'Object Repository/Страница авторизации/Text' is: 'Вход'

16-05-2025T09:53:55 - [TEST_STEP][PASSED] - delay(70): Delayed 70 second(s)

16-05-2025T09:55:05 - [MESSAGE][PASSED] - Delayed 70 second(s)

16-05-2025T09:55:05 - [TEST_STEP][PASSED] - searchWord = "Вход": null

16-05-2025T09:55:05 - [TEST_STEP][PASSED] - if (urlText.contains(searchWord) == false): null

16-05-2025T09:55:05 - [TEST_STEP][PASSED] - setText(findTestObject("Страница авторизации/input__username"), findTestData("PlanFact").getValue(8, run)): Text 'liazgina-di' is set on object 'Object Repository/Страница авторизации/input__username'

16-05-2025T09:55:06 - [MESSAGE][PASSED] - Text 'liazgina-di' is set on object 'Object Repository/Страница авторизации/input__username'

16-05-2025T09:55:06 - [TEST_STEP][PASSED] - setText(findTestObject("Страница авторизации/input__password"), findTestData("PlanFact").getValue(9, run)): Text ')$%5srZ8o688Dm#q' is set on object 'Object Repository/Страница авторизации/input__password'

16-05-2025T09:55:06 - [MESSAGE][PASSED] - Text ')$%5srZ8o688Dm#q' is set on object 'Object Repository/Страница авторизации/input__password'

16-05-2025T09:55:06 - [TEST_STEP][PASSED] - click(findTestObject("Страница авторизации/button_")): Object: 'Object Repository/Страница авторизации/button_' is clicked on

16-05-2025T09:55:07 - [MESSAGE][PASSED] - Object: 'Object Repository/Страница авторизации/button_' is clicked on

16-05-2025T09:55:07 - [TEST_STEP][PASSED] - delay(70): Delayed 70 second(s)

16-05-2025T09:56:18 - [MESSAGE][PASSED] - Delayed 70 second(s)

16-05-2025T09:56:18 - [TEST_STEP][PASSED] - searchWord = "а": null

16-05-2025T09:56:18 - [TEST_STEP][PASSED] - pageLoaded2 = verifyElementPresent(findTestObject("Страница авторизации/Text"), 50): Object 'Object Repository/Страница авторизации/Text' is present

16-05-2025T09:56:18 - [MESSAGE][PASSED] - Object 'Object Repository/Страница авторизации/Text' is present

16-05-2025T09:56:18 - [TEST_STEP][PASSED] - if (pageLoaded2 == false): null

16-05-2025T09:56:18 - [TEST_STEP][PASSED] - urlText = getText(findTestObject("Страница авторизации/Text")): Text of object 'Object Repository/Страница авторизации/Text' is: 'Год 
2023 год
Сравнение с 
План
Динамика электропотребления, млрд. кВт.ч. по ПАО Россети на 2023 год
10 10
190 190
36 36
14 14
9 9
14 14
4 4
17 17
80 80
19 19
82 82
588 588
10 10
197 197
37 37
48 48
10 10
15 15
4 4
18 18
80 80
19 19
82 82
608 608
План
Ожидаемое (прогноз по конца года)
Интер РАО (дляФСК)
Промышленныепотребители
Транспорт
Нефтедобыча
Нефтепереработка
Нефтепроводы
Газопроводы
Сельскоехозяйство ипищеваяпромышленность
Непромышленныепотребители
Государственные(муниципальные)организации ипрочиебюджетныепотребители
Население иприравненныегруппыпотребителей
Территориальныесетевыеорганизации
Выручка по ПАО Россети на 2023 год
5 5
319 319
81 81
16 16
16 16
20 20
2 2
56 56
215 215
67 67
218 218
239 239
6 6
331 331
82 82
77 77
20 20
20 20
3 3
57 57
220 220
68 68
214 214
258 258
План
Ожидаемое (прогноз по конца года)
Интер РАО (дляФСК)
Промышленныепотребители
Транспорт
Нефтедобыча
Нефтепереработка
Нефтепроводы
Газопроводы
Сельскоехозяйство ипищеваяпромышленность
Непромышленныепотребители
Государственные(муниципальные)организации ипрочиебюджетныепотребители
Население иприравненныегруппыпотребителей
Территориальныесетевыеорганизации
Отклонения по ПАО Россети на 2023 год
-4.7% -4.7%
3.8% 3.8%
1.9% 1.9%
230.3% 230.3%
10.9% 10.9%
4.2% 4.2%
21.7% 21.7%
3.9% 3.9%
-0.6% -0.6%
1.6% 1.6%
-1.0% -1.0%
3.3% 3.3%
⬤ Отклонение, %
Интер РАО (для ФСК)
Промышленные потребители
Транспорт
Нефтедобыча
Нефтепереработка
Нефтепроводы
Газопроводы
Сельское хозяйство и пищевая пр…
Непромышленные потребители
Государственные (муниципальные…
Население и приравненные групп…
Территориальные сетевые органи…
Выручка отклонения по ПАО Россети на 2023 год
15.6% 15.6%
3.8% 3.8%
1.2% 1.2%
398.2% 398.2%
26.9% 26.9%
-0.6% -0.6%
26.9% 26.9%
1.5% 1.5%
2.7% 2.7%
2.0% 2.0%
-2.0% -2.0%
7.9% 7.9%
⬤ Отклонение, %
Интер РАО (для ФСК)
Промышленные потребители
Транспорт
Нефтедобыча
Нефтепереработка
Нефтепроводы
Газопроводы
Сельское хозяйство и пищевая пр…
Непромышленные потребители
Государственные (муниципальные…
Население и приравненные групп…
Территориальные сетевые органи…
абс.
%
Прогноз на месяц 
Ноябрь
КПО/Отпуск из сети 
Отпуск из сети, млн. кВт.ч
Организация 
Все
Прогноз электропотребления и выручки за услуги по передаче в разрезе отраслей'

16-05-2025T09:56:18 - [MESSAGE][PASSED] - Text of object 'Object Repository/Страница авторизации/Text' is: 'Год 
2023 год
Сравнение с 
План
Динамика электропотребления, млрд. кВт.ч. по ПАО Россети на 2023 год
10 10
190 190
36 36
14 14
9 9
14 14
4 4
17 17
80 80
19 19
82 82
588 588
10 10
197 197
37 37
48 48
10 10
15 15
4 4
18 18
80 80
19 19
82 82
608 608
План
Ожидаемое (прогноз по конца года)
Интер РАО (дляФСК)
Промышленныепотребители
Транспорт
Нефтедобыча
Нефтепереработка
Нефтепроводы
Газопроводы
Сельскоехозяйство ипищеваяпромышленность
Непромышленныепотребители
Государственные(муниципальные)организации ипрочиебюджетныепотребители
Население иприравненныегруппыпотребителей
Территориальныесетевыеорганизации
Выручка по ПАО Россети на 2023 год
5 5
319 319
81 81
16 16
16 16
20 20
2 2
56 56
215 215
67 67
218 218
239 239
6 6
331 331
82 82
77 77
20 20
20 20
3 3
57 57
220 220
68 68
214 214
258 258
План
Ожидаемое (прогноз по конца года)
Интер РАО (дляФСК)
Промышленныепотребители
Транспорт
Нефтедобыча
Нефтепереработка
Нефтепроводы
Газопроводы
Сельскоехозяйство ипищеваяпромышленность
Непромышленныепотребители
Государственные(муниципальные)организации ипрочиебюджетныепотребители
Население иприравненныегруппыпотребителей
Территориальныесетевыеорганизации
Отклонения по ПАО Россети на 2023 год
-4.7% -4.7%
3.8% 3.8%
1.9% 1.9%
230.3% 230.3%
10.9% 10.9%
4.2% 4.2%
21.7% 21.7%
3.9% 3.9%
-0.6% -0.6%
1.6% 1.6%
-1.0% -1.0%
3.3% 3.3%
⬤ Отклонение, %
Интер РАО (для ФСК)
Промышленные потребители
Транспорт
Нефтедобыча
Нефтепереработка
Нефтепроводы
Газопроводы
Сельское хозяйство и пищевая пр…
Непромышленные потребители
Государственные (муниципальные…
Население и приравненные групп…
Территориальные сетевые органи…
Выручка отклонения по ПАО Россети на 2023 год
15.6% 15.6%
3.8% 3.8%
1.2% 1.2%
398.2% 398.2%
26.9% 26.9%
-0.6% -0.6%
26.9% 26.9%
1.5% 1.5%
2.7% 2.7%
2.0% 2.0%
-2.0% -2.0%
7.9% 7.9%
⬤ Отклонение, %
Интер РАО (для ФСК)
Промышленные потребители
Транспорт
Нефтедобыча
Нефтепереработка
Нефтепроводы
Газопроводы
Сельское хозяйство и пищевая пр…
Непромышленные потребители
Государственные (муниципальные…
Население и приравненные групп…
Территориальные сетевые органи…
абс.
%
Прогноз на месяц 
Ноябрь
КПО/Отпуск из сети 
Отпуск из сети, млн. кВт.ч
Организация 
Все
Прогноз электропотребления и выручки за услуги по передаче в разрезе отраслей'

16-05-2025T09:56:18 - [TEST_STEP][PASSED] - if (urlText.contains("ошибка") || urlText.contains(searchWord) == false): null

16-05-2025T09:56:18 - [TEST_STEP][PASSED] - a3 = "": null

16-05-2025T09:56:18 - [TEST_STEP][PASSED] - a4 = "": null

16-05-2025T09:56:18 - [TEST_STEP][PASSED] - a5 = "": null

16-05-2025T09:56:18 - [TEST_STEP][PASSED] - a6 = "": null

16-05-2025T09:56:18 - [TEST_STEP][PASSED] - a7 = "": null

16-05-2025T09:56:18 - [TEST_STEP][PASSED] - a8 = "": null

16-05-2025T09:56:18 - [TEST_STEP][PASSED] - a9 = "": null

16-05-2025T09:56:18 - [TEST_STEP][PASSED] - if (run == 1): null

16-05-2025T09:56:18 - [TEST_STEP][PASSED] - user = "админ": null

16-05-2025T09:56:18 - [TEST_STEP][PASSED] - a1 = getText(findTestObject("Прогноз по отраслям/Виджеты дашборда")): Text of object 'Object Repository/Прогноз по отраслям/Виджеты дашборда' is: 'Год 
2023 год
Сравнение с 
План
Динамика электропотребления, млрд. кВт.ч. по ПАО Россети на 2023 год
10 10
190 190
36 36
14 14
9 9
14 14
4 4
17 17
80 80
19 19
82 82
588 588
10 10
197 197
37 37
48 48
10 10
15 15
4 4
18 18
80 80
19 19
82 82
608 608
План
Ожидаемое (прогноз по конца года)
Интер РАО (дляФСК)
Промышленныепотребители
Транспорт
Нефтедобыча
Нефтепереработка
Нефтепроводы
Газопроводы
Сельскоехозяйство ипищеваяпромышленность
Непромышленныепотребители
Государственные(муниципальные)организации ипрочиебюджетныепотребители
Население иприравненныегруппыпотребителей
Территориальныесетевыеорганизации
Выручка по ПАО Россети на 2023 год
5 5
319 319
81 81
16 16
16 16
20 20
2 2
56 56
215 215
67 67
218 218
239 239
6 6
331 331
82 82
77 77
20 20
20 20
3 3
57 57
220 220
68 68
214 214
258 258
План
Ожидаемое (прогноз по конца года)
Интер РАО (дляФСК)
Промышленныепотребители
Транспорт
Нефтедобыча
Нефтепереработка
Нефтепроводы
Газопроводы
Сельскоехозяйство ипищеваяпромышленность
Непромышленныепотребители
Государственные(муниципальные)организации ипрочиебюджетныепотребители
Население иприравненныегруппыпотребителей
Территориальныесетевыеорганизации
Отклонения по ПАО Россети на 2023 год
-4.7% -4.7%
3.8% 3.8%
1.9% 1.9%
230.3% 230.3%
10.9% 10.9%
4.2% 4.2%
21.7% 21.7%
3.9% 3.9%
-0.6% -0.6%
1.6% 1.6%
-1.0% -1.0%
3.3% 3.3%
⬤ Отклонение, %
Интер РАО (для ФСК)
Промышленные потребители
Транспорт
Нефтедобыча
Нефтепереработка
Нефтепроводы
Газопроводы
Сельское хозяйство и пищевая пр…
Непромышленные потребители
Государственные (муниципальные…
Население и приравненные групп…
Территориальные сетевые органи…
Выручка отклонения по ПАО Россети на 2023 год
15.6% 15.6%
3.8% 3.8%
1.2% 1.2%
398.2% 398.2%
26.9% 26.9%
-0.6% -0.6%
26.9% 26.9%
1.5% 1.5%
2.7% 2.7%
2.0% 2.0%
-2.0% -2.0%
7.9% 7.9%
⬤ Отклонение, %
Интер РАО (для ФСК)
Промышленные потребители
Транспорт
Нефтедобыча
Нефтепереработка
Нефтепроводы
Газопроводы
Сельское хозяйство и пищевая пр…
Непромышленные потребители
Государственные (муниципальные…
Население и приравненные групп…
Территориальные сетевые органи…
абс.
%
Прогноз на месяц 
Ноябрь
КПО/Отпуск из сети 
Отпуск из сети, млн. кВт.ч
Организация 
Все
Прогноз электропотребления и выручки за услуги по передаче в разрезе отраслей'

16-05-2025T09:56:19 - [MESSAGE][PASSED] - Text of object 'Object Repository/Прогноз по отраслям/Виджеты дашборда' is: 'Год 
2023 год
Сравнение с 
План
Динамика электропотребления, млрд. кВт.ч. по ПАО Россети на 2023 год
10 10
190 190
36 36
14 14
9 9
14 14
4 4
17 17
80 80
19 19
82 82
588 588
10 10
197 197
37 37
48 48
10 10
15 15
4 4
18 18
80 80
19 19
82 82
608 608
План
Ожидаемое (прогноз по конца года)
Интер РАО (дляФСК)
Промышленныепотребители
Транспорт
Нефтедобыча
Нефтепереработка
Нефтепроводы
Газопроводы
Сельскоехозяйство ипищеваяпромышленность
Непромышленныепотребители
Государственные(муниципальные)организации ипрочиебюджетныепотребители
Население иприравненныегруппыпотребителей
Территориальныесетевыеорганизации
Выручка по ПАО Россети на 2023 год
5 5
319 319
81 81
16 16
16 16
20 20
2 2
56 56
215 215
67 67
218 218
239 239
6 6
331 331
82 82
77 77
20 20
20 20
3 3
57 57
220 220
68 68
214 214
258 258
План
Ожидаемое (прогноз по конца года)
Интер РАО (дляФСК)
Промышленныепотребители
Транспорт
Нефтедобыча
Нефтепереработка
Нефтепроводы
Газопроводы
Сельскоехозяйство ипищеваяпромышленность
Непромышленныепотребители
Государственные(муниципальные)организации ипрочиебюджетныепотребители
Население иприравненныегруппыпотребителей
Территориальныесетевыеорганизации
Отклонения по ПАО Россети на 2023 год
-4.7% -4.7%
3.8% 3.8%
1.9% 1.9%
230.3% 230.3%
10.9% 10.9%
4.2% 4.2%
21.7% 21.7%
3.9% 3.9%
-0.6% -0.6%
1.6% 1.6%
-1.0% -1.0%
3.3% 3.3%
⬤ Отклонение, %
Интер РАО (для ФСК)
Промышленные потребители
Транспорт
Нефтедобыча
Нефтепереработка
Нефтепроводы
Газопроводы
Сельское хозяйство и пищевая пр…
Непромышленные потребители
Государственные (муниципальные…
Население и приравненные групп…
Территориальные сетевые органи…
Выручка отклонения по ПАО Россети на 2023 год
15.6% 15.6%
3.8% 3.8%
1.2% 1.2%
398.2% 398.2%
26.9% 26.9%
-0.6% -0.6%
26.9% 26.9%
1.5% 1.5%
2.7% 2.7%
2.0% 2.0%
-2.0% -2.0%
7.9% 7.9%
⬤ Отклонение, %
Интер РАО (для ФСК)
Промышленные потребители
Транспорт
Нефтедобыча
Нефтепереработка
Нефтепроводы
Газопроводы
Сельское хозяйство и пищевая пр…
Непромышленные потребители
Государственные (муниципальные…
Население и приравненные групп…
Территориальные сетевые органи…
абс.
%
Прогноз на месяц 
Ноябрь
КПО/Отпуск из сети 
Отпуск из сети, млн. кВт.ч
Организация 
Все
Прогноз электропотребления и выручки за услуги по передаче в разрезе отраслей'

16-05-2025T09:56:19 - [TEST_STEP][PASSED] - click(findTestObject("Прогноз по отраслям/Переключить отображение с процентов на абс Блок руководителя")): Object: 'Object Repository/Прогноз по отраслям/Переключить отображение с процентов на абс Блок руководителя' is clicked on

16-05-2025T09:56:19 - [MESSAGE][PASSED] - Object: 'Object Repository/Прогноз по отраслям/Переключить отображение с процентов на абс Блок руководителя' is clicked on

16-05-2025T09:56:19 - [TEST_STEP][PASSED] - a2 = getText(findTestObject("Прогноз по отраслям/Виджеты дашборда")): Text of object 'Object Repository/Прогноз по отраслям/Виджеты дашборда' is: 'Год 
2023 год
Сравнение с 
План
Отклонения по ПАО Россети на 2023 год
-492.2 -492.2
7 165.1 7 165.1
689.3 689.3
33 271.7 33 271.7
986.4 986.4
593.8 593.8
764.0 764.0
670.4 670.4
-592.4 -592.4
308.8 308.8
-940.9 -940.9
19 604.1 19 604.1
⬤ Отклонение, млн. кВт.ч
Интер РАО (для ФСК)
Промышленные потребители
Транспорт
Нефтедобыча
Нефтепереработка
Нефтепроводы
Газопроводы
Сельское хозяйство и пищевая пр…
Непромышленные потребители
Государственные (муниципальные…
Население и приравненные групп…
Территориальные сетевые органи…
Выручка отклонения по ПАО Россети на 2023 год
794.9 794.9
12 195.0 12 195.0
972.7 972.7
61 803.9 61 803.9
4 222.3 4 222.3
-121.8 -121.8
666.2 666.2
873.2 873.2
5 809.6 5 809.6
1 342.6 1 342.6
-4 463.2 -4 463.2
18 375.5 18 375.5
⬤ Отклонение, млн. руб.
Интер РАО (для ФСК)
Промышленные потребители
Транспорт
Нефтедобыча
Нефтепереработка
Нефтепроводы
Газопроводы
Сельское хозяйство и пищевая пр…
Непромышленные потребители
Государственные (муниципальные…
Население и приравненные групп…
Территориальные сетевые органи…
Динамика электропотребления, млрд. кВт.ч. по ПАО Россети на 2023 год
10 10
190 190
36 36
14 14
9 9
14 14
4 4
17 17
80 80
19 19
82 82
588 588
10 10
197 197
37 37
48 48
10 10
15 15
4 4
18 18
80 80
19 19
82 82
608 608
План
Ожидаемое (прогноз по конца года)
Интер РАО (дляФСК)
Промышленныепотребители
Транспорт
Нефтедобыча
Нефтепереработка
Нефтепроводы
Газопроводы
Сельскоехозяйство ипищеваяпромышленность
Непромышленныепотребители
Государственные(муниципальные)организации ипрочиебюджетныепотребители
Население иприравненныегруппыпотребителей
Территориальныесетевыеорганизации
Выручка по ПАО Россети на 2023 год
5 5
319 319
81 81
16 16
16 16
20 20
2 2
56 56
215 215
67 67
218 218
239 239
6 6
331 331
82 82
77 77
20 20
20 20
3 3
57 57
220 220
68 68
214 214
258 258
План
Ожидаемое (прогноз по конца года)
Интер РАО (дляФСК)
Промышленныепотребители
Транспорт
Нефтедобыча
Нефтепереработка
Нефтепроводы
Газопроводы
Сельскоехозяйство ипищеваяпромышленность
Непромышленныепотребители
Государственные(муниципальные)организации ипрочиебюджетныепотребители
Население иприравненныегруппыпотребителей
Территориальныесетевыеорганизации
абс.
%
Прогноз на месяц 
Ноябрь
КПО/Отпуск из сети 
Отпуск из сети, млн. кВт.ч
Организация 
Все
Прогноз электропотребления и выручки за услуги по передаче в разрезе отраслей'

16-05-2025T09:56:20 - [MESSAGE][PASSED] - Text of object 'Object Repository/Прогноз по отраслям/Виджеты дашборда' is: 'Год 
2023 год
Сравнение с 
План
Отклонения по ПАО Россети на 2023 год
-492.2 -492.2
7 165.1 7 165.1
689.3 689.3
33 271.7 33 271.7
986.4 986.4
593.8 593.8
764.0 764.0
670.4 670.4
-592.4 -592.4
308.8 308.8
-940.9 -940.9
19 604.1 19 604.1
⬤ Отклонение, млн. кВт.ч
Интер РАО (для ФСК)
Промышленные потребители
Транспорт
Нефтедобыча
Нефтепереработка
Нефтепроводы
Газопроводы
Сельское хозяйство и пищевая пр…
Непромышленные потребители
Государственные (муниципальные…
Население и приравненные групп…
Территориальные сетевые органи…
Выручка отклонения по ПАО Россети на 2023 год
794.9 794.9
12 195.0 12 195.0
972.7 972.7
61 803.9 61 803.9
4 222.3 4 222.3
-121.8 -121.8
666.2 666.2
873.2 873.2
5 809.6 5 809.6
1 342.6 1 342.6
-4 463.2 -4 463.2
18 375.5 18 375.5
⬤ Отклонение, млн. руб.
Интер РАО (для ФСК)
Промышленные потребители
Транспорт
Нефтедобыча
Нефтепереработка
Нефтепроводы
Газопроводы
Сельское хозяйство и пищевая пр…
Непромышленные потребители
Государственные (муниципальные…
Население и приравненные групп…
Территориальные сетевые органи…
Динамика электропотребления, млрд. кВт.ч. по ПАО Россети на 2023 год
10 10
190 190
36 36
14 14
9 9
14 14
4 4
17 17
80 80
19 19
82 82
588 588
10 10
197 197
37 37
48 48
10 10
15 15
4 4
18 18
80 80
19 19
82 82
608 608
План
Ожидаемое (прогноз по конца года)
Интер РАО (дляФСК)
Промышленныепотребители
Транспорт
Нефтедобыча
Нефтепереработка
Нефтепроводы
Газопроводы
Сельскоехозяйство ипищеваяпромышленность
Непромышленныепотребители
Государственные(муниципальные)организации ипрочиебюджетныепотребители
Население иприравненныегруппыпотребителей
Территориальныесетевыеорганизации
Выручка по ПАО Россети на 2023 год
5 5
319 319
81 81
16 16
16 16
20 20
2 2
56 56
215 215
67 67
218 218
239 239
6 6
331 331
82 82
77 77
20 20
20 20
3 3
57 57
220 220
68 68
214 214
258 258
План
Ожидаемое (прогноз по конца года)
Интер РАО (дляФСК)
Промышленныепотребители
Транспорт
Нефтедобыча
Нефтепереработка
Нефтепроводы
Газопроводы
Сельскоехозяйство ипищеваяпромышленность
Непромышленныепотребители
Государственные(муниципальные)организации ипрочиебюджетныепотребители
Население иприравненныегруппыпотребителей
Территориальныесетевыеорганизации
абс.
%
Прогноз на месяц 
Ноябрь
КПО/Отпуск из сети 
Отпуск из сети, млн. кВт.ч
Организация 
Все
Прогноз электропотребления и выручки за услуги по передаче в разрезе отраслей'

16-05-2025T09:56:20 - [TEST_STEP][PASSED] - click(findTestObject("Прогноз по отраслям/Переключить отображение с абс на проценты")): Object: 'Object Repository/Прогноз по отраслям/Переключить отображение с абс на проценты' is clicked on

16-05-2025T09:56:20 - [MESSAGE][PASSED] - Object: 'Object Repository/Прогноз по отраслям/Переключить отображение с абс на проценты' is clicked on

16-05-2025T09:56:20 - [TEST_STEP][PASSED] - i = a1.indexOf("млрд. кВт.ч."): null

16-05-2025T09:56:20 - [TEST_STEP][PASSED] - if (i > -1): null

16-05-2025T09:56:20 - [TEST_STEP][PASSED] - a1 = a1.substring(0, i) + a1.substring(i + 12, a1.length()): null

16-05-2025T09:56:20 - [TEST_STEP][PASSED] - i = a1.indexOf("Выручка"): null

16-05-2025T09:56:20 - [TEST_STEP][PASSED] - if (i > -1): null

16-05-2025T09:56:20 - [TEST_STEP][PASSED] - a1 = a1.substring(0, i) + a1.substring(i + 8, a1.length()): null

16-05-2025T09:56:20 - [TEST_STEP][PASSED] - i = a1.indexOf("по ПАО Россети на 2023 год"): null

16-05-2025T09:56:20 - [TEST_STEP][PASSED] - if (i > -1): null

16-05-2025T09:56:20 - [TEST_STEP][PASSED] - a1 = a1.substring(0, i) + a1.substring(i + 27, a1.length()): null

16-05-2025T09:56:20 - [TEST_STEP][PASSED] - i = a1.indexOf("по ПАО Россети на 2023 год"): null

16-05-2025T09:56:20 - [TEST_STEP][PASSED] - if (i > -1): null

16-05-2025T09:56:20 - [TEST_STEP][PASSED] - a1 = a1.substring(0, i) + a1.substring(i + 27, a1.length()): null

16-05-2025T09:56:20 - [TEST_STEP][PASSED] - i = a1.indexOf("по ПАО Россети на 2023 год"): null

16-05-2025T09:56:20 - [TEST_STEP][PASSED] - if (i > -1): null

16-05-2025T09:56:20 - [TEST_STEP][PASSED] - a1 = a1.substring(0, i) + a1.substring(i + 27, a1.length()): null

16-05-2025T09:56:20 - [TEST_STEP][PASSED] - i = a1.indexOf("Отклонения"): null

16-05-2025T09:56:20 - [TEST_STEP][PASSED] - if (i > -1): null

16-05-2025T09:56:20 - [TEST_STEP][PASSED] - a1 = a1.substring(0, i) + a1.substring(i + 11, a1.length()): null

16-05-2025T09:56:20 - [TEST_STEP][PASSED] - n = n + 33: null

16-05-2025T09:56:20 - [TEST_STEP][PASSED] - Script1686231490255.WriteToExcel(user, dashboardName, n, data, run, a1, a2, a3, a4, a5, a6, a7, a8, a9): null

16-05-2025T09:56:20 - [TEST_STEP][PASSED] - sheetName = "Sheet1": null

16-05-2025T09:56:20 - [TEST_STEP][PASSED] - workbook01 = getWorkbook(excelFilePath): null

16-05-2025T09:56:20 - [TEST_STEP][PASSED] - sheet01 = getExcelSheet(workbook01, sheetName): null

16-05-2025T09:56:20 - [TEST_STEP][PASSED] - setValueToCellByIndex(sheet01, n, 0, dashboardName): null

16-05-2025T09:56:20 - [TEST_STEP][PASSED] - setValueToCellByIndex(sheet01, n, 10, user): null

16-05-2025T09:56:20 - [TEST_STEP][PASSED] - setValueToCellByIndex(sheet01, n, 1, a1): null

16-05-2025T09:56:20 - [TEST_STEP][PASSED] - setValueToCellByIndex(sheet01, n, 2, a2): null

16-05-2025T09:56:20 - [TEST_STEP][PASSED] - setValueToCellByIndex(sheet01, n, 3, a3): null

16-05-2025T09:56:20 - [TEST_STEP][PASSED] - setValueToCellByIndex(sheet01, n, 4, a4): null

16-05-2025T09:56:20 - [TEST_STEP][PASSED] - setValueToCellByIndex(sheet01, n, 5, a5): null

16-05-2025T09:56:20 - [TEST_STEP][PASSED] - setValueToCellByIndex(sheet01, n, 6, a6): null

16-05-2025T09:56:20 - [TEST_STEP][PASSED] - setValueToCellByIndex(sheet01, n, 7, a7): null

16-05-2025T09:56:20 - [TEST_STEP][PASSED] - setValueToCellByIndex(sheet01, n, 8, a8): null

16-05-2025T09:56:20 - [TEST_STEP][PASSED] - setValueToCellByIndex(sheet01, n, 9, a9): null

16-05-2025T09:56:20 - [TEST_STEP][PASSED] - n = n + 1: null

16-05-2025T09:56:20 - [TEST_STEP][PASSED] - saveWorkbook(excelFilePath, workbook01): null

16-05-2025T09:56:20 - [TEST_STEP][PASSED] - if (run == 2): null

16-05-2025T09:56:20 - [TEST_STEP][PASSED] - if (run == 3): null

16-05-2025T09:56:20 - [TEST_STEP][PASSED] - closeBrowser(): null

16-05-2025T09:56:21 - [MESSAGE][PASSED] - Browser is closed

16-05-2025T09:56:21 - [TEST_STEP][PASSED] - PrognozPoOtraslyam(user, dashboardName, n, data, run, a1, a2, a3, a4, a5, a6, a7, a8, a9, urlData): null

16-05-2025T09:56:21 - [TEST_STEP][PASSED] - n = data.getRowNumbers() + 1: null

16-05-2025T09:56:21 - [TEST_STEP][PASSED] - println(n): null

16-05-2025T09:56:21 - [TEST_STEP][PASSED] - dashboardName = "Прогноз по отраслям": null

16-05-2025T09:56:21 - [TEST_STEP][PASSED] - openBrowser(""): Browser is opened with url: ''

16-05-2025T09:56:21 - [MESSAGE][INFO] - Starting 'Chrome' driver

16-05-2025T09:56:21 - [MESSAGE][INFO] - Action delay is set to 0 milliseconds

16-05-2025T09:56:21 - [MESSAGE][PASSED] - Browser is opened with url: ''

16-05-2025T09:56:21 - [TEST_STEP][PASSED] - urlData = 6: null

16-05-2025T09:56:21 - [TEST_STEP][PASSED] - Script1686231490255.CheckPageDownload(urlData, run): null

16-05-2025T09:56:21 - [TEST_STEP][PASSED] - i = 1: null

16-05-2025T09:56:21 - [TEST_STEP][PASSED] - ii = 0: null

16-05-2025T09:56:21 - [TEST_STEP][PASSED] - urlText = <not implemented yet for class: org.codehaus.groovy.ast.expr.EmptyExpression>: null

16-05-2025T09:56:21 - [TEST_STEP][PASSED] - searchWord = <not implemented yet for class: org.codehaus.groovy.ast.expr.EmptyExpression>: null

16-05-2025T09:56:21 - [TEST_STEP][PASSED] - deleteAllCookies(): Delete all cookies successfully

16-05-2025T09:56:21 - [MESSAGE][PASSED] - Delete all cookies successfully

16-05-2025T09:56:21 - [TEST_STEP][PASSED] - refresh(): Refresh successfully

16-05-2025T09:56:21 - [MESSAGE][PASSED] - Refresh successfully

16-05-2025T09:56:21 - [TEST_STEP][PASSED] - delay(70): Delayed 70 second(s)

16-05-2025T09:57:31 - [MESSAGE][PASSED] - Delayed 70 second(s)

16-05-2025T09:57:31 - [TEST_STEP][PASSED] - navigateToUrl(findTestData("PlanFact").getValue(10, urlData)): Navigate to 'https://bi.rosseti.digital/viewer?dashboardGuid=d6acb5b1a7114a9791b34de39263106e&sheetGuid=0b6d261d7f7b4424a967aa8f3a724189&fit=true' successfully

16-05-2025T09:57:33 - [MESSAGE][PASSED] - Navigate to 'https://bi.rosseti.digital/viewer?dashboardGuid=d6acb5b1a7114a9791b34de39263106e&sheetGuid=0b6d261d7f7b4424a967aa8f3a724189&fit=true' successfully

16-05-2025T09:57:33 - [TEST_STEP][PASSED] - pageLoaded1 = verifyElementPresent(findTestObject("Страница авторизации/Text"), 30): Object 'Object Repository/Страница авторизации/Text' is present

16-05-2025T09:57:34 - [MESSAGE][PASSED] - Object 'Object Repository/Страница авторизации/Text' is present

16-05-2025T09:57:34 - [TEST_STEP][PASSED] - if (pageLoaded1 == false): null

16-05-2025T09:57:34 - [TEST_STEP][PASSED] - urlText = getText(findTestObject("Страница авторизации/Text")): Text of object 'Object Repository/Страница авторизации/Text' is: 'Вход'

16-05-2025T09:57:34 - [MESSAGE][PASSED] - Text of object 'Object Repository/Страница авторизации/Text' is: 'Вход'

16-05-2025T09:57:34 - [TEST_STEP][PASSED] - delay(70): Delayed 70 second(s)

16-05-2025T09:58:44 - [MESSAGE][PASSED] - Delayed 70 second(s)

16-05-2025T09:58:44 - [TEST_STEP][PASSED] - searchWord = "Вход": null

16-05-2025T09:58:44 - [TEST_STEP][PASSED] - if (urlText.contains(searchWord) == false): null

16-05-2025T09:58:44 - [TEST_STEP][PASSED] - setText(findTestObject("Страница авторизации/input__username"), findTestData("PlanFact").getValue(8, run)): Text 'Andreeva-EV' is set on object 'Object Repository/Страница авторизации/input__username'

16-05-2025T09:58:45 - [MESSAGE][PASSED] - Text 'Andreeva-EV' is set on object 'Object Repository/Страница авторизации/input__username'

16-05-2025T09:58:45 - [TEST_STEP][PASSED] - setText(findTestObject("Страница авторизации/input__password"), findTestData("PlanFact").getValue(9, run)): Text '2nPePKDwCPH3ul7xMZ' is set on object 'Object Repository/Страница авторизации/input__password'

16-05-2025T09:58:46 - [MESSAGE][PASSED] - Text '2nPePKDwCPH3ul7xMZ' is set on object 'Object Repository/Страница авторизации/input__password'

16-05-2025T09:58:46 - [TEST_STEP][PASSED] - click(findTestObject("Страница авторизации/button_")): Object: 'Object Repository/Страница авторизации/button_' is clicked on

16-05-2025T09:58:47 - [MESSAGE][PASSED] - Object: 'Object Repository/Страница авторизации/button_' is clicked on

16-05-2025T09:58:47 - [TEST_STEP][PASSED] - delay(70): Delayed 70 second(s)

16-05-2025T09:59:57 - [MESSAGE][PASSED] - Delayed 70 second(s)

16-05-2025T09:59:57 - [TEST_STEP][PASSED] - searchWord = "а": null

16-05-2025T09:59:57 - [TEST_STEP][PASSED] - pageLoaded2 = verifyElementPresent(findTestObject("Страница авторизации/Text"), 50): Object 'Object Repository/Страница авторизации/Text' is present

16-05-2025T09:59:57 - [MESSAGE][PASSED] - Object 'Object Repository/Страница авторизации/Text' is present

16-05-2025T09:59:57 - [TEST_STEP][PASSED] - if (pageLoaded2 == false): null

16-05-2025T09:59:57 - [TEST_STEP][PASSED] - urlText = getText(findTestObject("Страница авторизации/Text")): Text of object 'Object Repository/Страница авторизации/Text' is: 'Год 
2023 год
Сравнение с 
План
Динамика электропотребления, млрд. кВт.ч. по ПАО Россети на 2023 год
10 10
190 190
36 36
14 14
9 9
14 14
4 4
17 17
80 80
19 19
82 82
588 588
10 10
197 197
37 37
48 48
10 10
15 15
4 4
18 18
80 80
19 19
82 82
608 608
План
Ожидаемое (прогноз по конца года)
Интер РАО (дляФСК)
Промышленныепотребители
Транспорт
Нефтедобыча
Нефтепереработка
Нефтепроводы
Газопроводы
Сельскоехозяйство ипищеваяпромышленность
Непромышленныепотребители
Государственные(муниципальные)организации ипрочиебюджетныепотребители
Население иприравненныегруппыпотребителей
Территориальныесетевыеорганизации
Выручка по ПАО Россети на 2023 год
5 5
319 319
81 81
16 16
16 16
20 20
2 2
56 56
215 215
67 67
218 218
239 239
6 6
331 331
82 82
77 77
20 20
20 20
3 3
57 57
220 220
68 68
214 214
258 258
План
Ожидаемое (прогноз по конца года)
Интер РАО (дляФСК)
Промышленныепотребители
Транспорт
Нефтедобыча
Нефтепереработка
Нефтепроводы
Газопроводы
Сельскоехозяйство ипищеваяпромышленность
Непромышленныепотребители
Государственные(муниципальные)организации ипрочиебюджетныепотребители
Население иприравненныегруппыпотребителей
Территориальныесетевыеорганизации
Отклонения по ПАО Россети на 2023 год
-4.7% -4.7%
3.8% 3.8%
1.9% 1.9%
230.3% 230.3%
10.9% 10.9%
4.2% 4.2%
21.7% 21.7%
3.9% 3.9%
-0.6% -0.6%
1.6% 1.6%
-1.0% -1.0%
3.3% 3.3%
⬤ Отклонение, %
Интер РАО (для ФСК)
Промышленные потребители
Транспорт
Нефтедобыча
Нефтепереработка
Нефтепроводы
Газопроводы
Сельское хозяйство и пищевая пр…
Непромышленные потребители
Государственные (муниципальные…
Население и приравненные групп…
Территориальные сетевые органи…
Выручка отклонения по ПАО Россети на 2023 год
15.6% 15.6%
3.8% 3.8%
1.2% 1.2%
398.2% 398.2%
26.9% 26.9%
-0.6% -0.6%
26.9% 26.9%
1.5% 1.5%
2.7% 2.7%
2.0% 2.0%
-2.0% -2.0%
7.9% 7.9%
⬤ Отклонение, %
Интер РАО (для ФСК)
Промышленные потребители
Транспорт
Нефтедобыча
Нефтепереработка
Нефтепроводы
Газопроводы
Сельское хозяйство и пищевая пр…
Непромышленные потребители
Государственные (муниципальные…
Население и приравненные групп…
Территориальные сетевые органи…
абс.
%
Прогноз на месяц 
Ноябрь
КПО/Отпуск из сети 
Отпуск из сети, млн. кВт.ч
Организация 
Все
Прогноз электропотребления и выручки за услуги по передаче в разрезе отраслей'

16-05-2025T09:59:58 - [MESSAGE][PASSED] - Text of object 'Object Repository/Страница авторизации/Text' is: 'Год 
2023 год
Сравнение с 
План
Динамика электропотребления, млрд. кВт.ч. по ПАО Россети на 2023 год
10 10
190 190
36 36
14 14
9 9
14 14
4 4
17 17
80 80
19 19
82 82
588 588
10 10
197 197
37 37
48 48
10 10
15 15
4 4
18 18
80 80
19 19
82 82
608 608
План
Ожидаемое (прогноз по конца года)
Интер РАО (дляФСК)
Промышленныепотребители
Транспорт
Нефтедобыча
Нефтепереработка
Нефтепроводы
Газопроводы
Сельскоехозяйство ипищеваяпромышленность
Непромышленныепотребители
Государственные(муниципальные)организации ипрочиебюджетныепотребители
Население иприравненныегруппыпотребителей
Территориальныесетевыеорганизации
Выручка по ПАО Россети на 2023 год
5 5
319 319
81 81
16 16
16 16
20 20
2 2
56 56
215 215
67 67
218 218
239 239
6 6
331 331
82 82
77 77
20 20
20 20
3 3
57 57
220 220
68 68
214 214
258 258
План
Ожидаемое (прогноз по конца года)
Интер РАО (дляФСК)
Промышленныепотребители
Транспорт
Нефтедобыча
Нефтепереработка
Нефтепроводы
Газопроводы
Сельскоехозяйство ипищеваяпромышленность
Непромышленныепотребители
Государственные(муниципальные)организации ипрочиебюджетныепотребители
Население иприравненныегруппыпотребителей
Территориальныесетевыеорганизации
Отклонения по ПАО Россети на 2023 год
-4.7% -4.7%
3.8% 3.8%
1.9% 1.9%
230.3% 230.3%
10.9% 10.9%
4.2% 4.2%
21.7% 21.7%
3.9% 3.9%
-0.6% -0.6%
1.6% 1.6%
-1.0% -1.0%
3.3% 3.3%
⬤ Отклонение, %
Интер РАО (для ФСК)
Промышленные потребители
Транспорт
Нефтедобыча
Нефтепереработка
Нефтепроводы
Газопроводы
Сельское хозяйство и пищевая пр…
Непромышленные потребители
Государственные (муниципальные…
Население и приравненные групп…
Территориальные сетевые органи…
Выручка отклонения по ПАО Россети на 2023 год
15.6% 15.6%
3.8% 3.8%
1.2% 1.2%
398.2% 398.2%
26.9% 26.9%
-0.6% -0.6%
26.9% 26.9%
1.5% 1.5%
2.7% 2.7%
2.0% 2.0%
-2.0% -2.0%
7.9% 7.9%
⬤ Отклонение, %
Интер РАО (для ФСК)
Промышленные потребители
Транспорт
Нефтедобыча
Нефтепереработка
Нефтепроводы
Газопроводы
Сельское хозяйство и пищевая пр…
Непромышленные потребители
Государственные (муниципальные…
Население и приравненные групп…
Территориальные сетевые органи…
абс.
%
Прогноз на месяц 
Ноябрь
КПО/Отпуск из сети 
Отпуск из сети, млн. кВт.ч
Организация 
Все
Прогноз электропотребления и выручки за услуги по передаче в разрезе отраслей'

16-05-2025T09:59:58 - [TEST_STEP][PASSED] - if (urlText.contains("ошибка") || urlText.contains(searchWord) == false): null

16-05-2025T09:59:58 - [TEST_STEP][PASSED] - a3 = "": null

16-05-2025T09:59:58 - [TEST_STEP][PASSED] - a4 = "": null

16-05-2025T09:59:58 - [TEST_STEP][PASSED] - a5 = "": null

16-05-2025T09:59:58 - [TEST_STEP][PASSED] - a6 = "": null

16-05-2025T09:59:58 - [TEST_STEP][PASSED] - a7 = "": null

16-05-2025T09:59:58 - [TEST_STEP][PASSED] - a8 = "": null

16-05-2025T09:59:58 - [TEST_STEP][PASSED] - a9 = "": null

16-05-2025T09:59:58 - [TEST_STEP][PASSED] - if (run == 1): null

16-05-2025T09:59:58 - [TEST_STEP][PASSED] - if (run == 2): null

16-05-2025T09:59:58 - [TEST_STEP][PASSED] - user = "Андреева": null

16-05-2025T09:59:58 - [TEST_STEP][PASSED] - a1 = getText(findTestObject("Прогноз по отраслям/Виджеты дашборда")): Text of object 'Object Repository/Прогноз по отраслям/Виджеты дашборда' is: 'Год 
2023 год
Сравнение с 
План
Динамика электропотребления, млрд. кВт.ч. по ПАО Россети на 2023 год
10 10
190 190
36 36
14 14
9 9
14 14
4 4
17 17
80 80
19 19
82 82
588 588
10 10
197 197
37 37
48 48
10 10
15 15
4 4
18 18
80 80
19 19
82 82
608 608
План
Ожидаемое (прогноз по конца года)
Интер РАО (дляФСК)
Промышленныепотребители
Транспорт
Нефтедобыча
Нефтепереработка
Нефтепроводы
Газопроводы
Сельскоехозяйство ипищеваяпромышленность
Непромышленныепотребители
Государственные(муниципальные)организации ипрочиебюджетныепотребители
Население иприравненныегруппыпотребителей
Территориальныесетевыеорганизации
Выручка по ПАО Россети на 2023 год
5 5
319 319
81 81
16 16
16 16
20 20
2 2
56 56
215 215
67 67
218 218
239 239
6 6
331 331
82 82
77 77
20 20
20 20
3 3
57 57
220 220
68 68
214 214
258 258
План
Ожидаемое (прогноз по конца года)
Интер РАО (дляФСК)
Промышленныепотребители
Транспорт
Нефтедобыча
Нефтепереработка
Нефтепроводы
Газопроводы
Сельскоехозяйство ипищеваяпромышленность
Непромышленныепотребители
Государственные(муниципальные)организации ипрочиебюджетныепотребители
Население иприравненныегруппыпотребителей
Территориальныесетевыеорганизации
Отклонения по ПАО Россети на 2023 год
-4.7% -4.7%
3.8% 3.8%
1.9% 1.9%
230.3% 230.3%
10.9% 10.9%
4.2% 4.2%
21.7% 21.7%
3.9% 3.9%
-0.6% -0.6%
1.6% 1.6%
-1.0% -1.0%
3.3% 3.3%
⬤ Отклонение, %
Интер РАО (для ФСК)
Промышленные потребители
Транспорт
Нефтедобыча
Нефтепереработка
Нефтепроводы
Газопроводы
Сельское хозяйство и пищевая пр…
Непромышленные потребители
Государственные (муниципальные…
Население и приравненные групп…
Территориальные сетевые органи…
Выручка отклонения по ПАО Россети на 2023 год
15.6% 15.6%
3.8% 3.8%
1.2% 1.2%
398.2% 398.2%
26.9% 26.9%
-0.6% -0.6%
26.9% 26.9%
1.5% 1.5%
2.7% 2.7%
2.0% 2.0%
-2.0% -2.0%
7.9% 7.9%
⬤ Отклонение, %
Интер РАО (для ФСК)
Промышленные потребители
Транспорт
Нефтедобыча
Нефтепереработка
Нефтепроводы
Газопроводы
Сельское хозяйство и пищевая пр…
Непромышленные потребители
Государственные (муниципальные…
Население и приравненные групп…
Территориальные сетевые органи…
абс.
%
Прогноз на месяц 
Ноябрь
КПО/Отпуск из сети 
Отпуск из сети, млн. кВт.ч
Организация 
Все
Прогноз электропотребления и выручки за услуги по передаче в разрезе отраслей'

16-05-2025T09:59:58 - [MESSAGE][PASSED] - Text of object 'Object Repository/Прогноз по отраслям/Виджеты дашборда' is: 'Год 
2023 год
Сравнение с 
План
Динамика электропотребления, млрд. кВт.ч. по ПАО Россети на 2023 год
10 10
190 190
36 36
14 14
9 9
14 14
4 4
17 17
80 80
19 19
82 82
588 588
10 10
197 197
37 37
48 48
10 10
15 15
4 4
18 18
80 80
19 19
82 82
608 608
План
Ожидаемое (прогноз по конца года)
Интер РАО (дляФСК)
Промышленныепотребители
Транспорт
Нефтедобыча
Нефтепереработка
Нефтепроводы
Газопроводы
Сельскоехозяйство ипищеваяпромышленность
Непромышленныепотребители
Государственные(муниципальные)организации ипрочиебюджетныепотребители
Население иприравненныегруппыпотребителей
Территориальныесетевыеорганизации
Выручка по ПАО Россети на 2023 год
5 5
319 319
81 81
16 16
16 16
20 20
2 2
56 56
215 215
67 67
218 218
239 239
6 6
331 331
82 82
77 77
20 20
20 20
3 3
57 57
220 220
68 68
214 214
258 258
План
Ожидаемое (прогноз по конца года)
Интер РАО (дляФСК)
Промышленныепотребители
Транспорт
Нефтедобыча
Нефтепереработка
Нефтепроводы
Газопроводы
Сельскоехозяйство ипищеваяпромышленность
Непромышленныепотребители
Государственные(муниципальные)организации ипрочиебюджетныепотребители
Население иприравненныегруппыпотребителей
Территориальныесетевыеорганизации
Отклонения по ПАО Россети на 2023 год
-4.7% -4.7%
3.8% 3.8%
1.9% 1.9%
230.3% 230.3%
10.9% 10.9%
4.2% 4.2%
21.7% 21.7%
3.9% 3.9%
-0.6% -0.6%
1.6% 1.6%
-1.0% -1.0%
3.3% 3.3%
⬤ Отклонение, %
Интер РАО (для ФСК)
Промышленные потребители
Транспорт
Нефтедобыча
Нефтепереработка
Нефтепроводы
Газопроводы
Сельское хозяйство и пищевая пр…
Непромышленные потребители
Государственные (муниципальные…
Население и приравненные групп…
Территориальные сетевые органи…
Выручка отклонения по ПАО Россети на 2023 год
15.6% 15.6%
3.8% 3.8%
1.2% 1.2%
398.2% 398.2%
26.9% 26.9%
-0.6% -0.6%
26.9% 26.9%
1.5% 1.5%
2.7% 2.7%
2.0% 2.0%
-2.0% -2.0%
7.9% 7.9%
⬤ Отклонение, %
Интер РАО (для ФСК)
Промышленные потребители
Транспорт
Нефтедобыча
Нефтепереработка
Нефтепроводы
Газопроводы
Сельское хозяйство и пищевая пр…
Непромышленные потребители
Государственные (муниципальные…
Население и приравненные групп…
Территориальные сетевые органи…
абс.
%
Прогноз на месяц 
Ноябрь
КПО/Отпуск из сети 
Отпуск из сети, млн. кВт.ч
Организация 
Все
Прогноз электропотребления и выручки за услуги по передаче в разрезе отраслей'

16-05-2025T09:59:58 - [TEST_STEP][PASSED] - click(findTestObject("Прогноз по отраслям/Переключить отображение с процентов на абс Блок руководителя")): Object: 'Object Repository/Прогноз по отраслям/Переключить отображение с процентов на абс Блок руководителя' is clicked on

16-05-2025T09:59:59 - [MESSAGE][PASSED] - Object: 'Object Repository/Прогноз по отраслям/Переключить отображение с процентов на абс Блок руководителя' is clicked on

16-05-2025T09:59:59 - [TEST_STEP][PASSED] - a2 = getText(findTestObject("Прогноз по отраслям/Виджеты дашборда")): Text of object 'Object Repository/Прогноз по отраслям/Виджеты дашборда' is: 'Год 
2023 год
Сравнение с 
План
Отклонения по ПАО Россети на 2023 год
-492.2 -492.2
7 165.1 7 165.1
689.3 689.3
33 271.7 33 271.7
986.4 986.4
593.8 593.8
764.0 764.0
670.4 670.4
-592.4 -592.4
308.8 308.8
-940.9 -940.9
19 604.1 19 604.1
⬤ Отклонение, млн. кВт.ч
Интер РАО (для ФСК)
Промышленные потребители
Транспорт
Нефтедобыча
Нефтепереработка
Нефтепроводы
Газопроводы
Сельское хозяйство и пищевая пр…
Непромышленные потребители
Государственные (муниципальные…
Население и приравненные групп…
Территориальные сетевые органи…
Выручка отклонения по ПАО Россети на 2023 год
794.9 794.9
12 195.0 12 195.0
972.7 972.7
61 803.9 61 803.9
4 222.3 4 222.3
-121.8 -121.8
666.2 666.2
873.2 873.2
5 809.6 5 809.6
1 342.6 1 342.6
-4 463.2 -4 463.2
18 375.5 18 375.5
⬤ Отклонение, млн. руб.
Интер РАО (для ФСК)
Промышленные потребители
Транспорт
Нефтедобыча
Нефтепереработка
Нефтепроводы
Газопроводы
Сельское хозяйство и пищевая пр…
Непромышленные потребители
Государственные (муниципальные…
Население и приравненные групп…
Территориальные сетевые органи…
Динамика электропотребления, млрд. кВт.ч. по ПАО Россети на 2023 год
10 10
190 190
36 36
14 14
9 9
14 14
4 4
17 17
80 80
19 19
82 82
588 588
10 10
197 197
37 37
48 48
10 10
15 15
4 4
18 18
80 80
19 19
82 82
608 608
План
Ожидаемое (прогноз по конца года)
Интер РАО (дляФСК)
Промышленныепотребители
Транспорт
Нефтедобыча
Нефтепереработка
Нефтепроводы
Газопроводы
Сельскоехозяйство ипищеваяпромышленность
Непромышленныепотребители
Государственные(муниципальные)организации ипрочиебюджетныепотребители
Население иприравненныегруппыпотребителей
Территориальныесетевыеорганизации
Выручка по ПАО Россети на 2023 год
5 5
319 319
81 81
16 16
16 16
20 20
2 2
56 56
215 215
67 67
218 218
239 239
6 6
331 331
82 82
77 77
20 20
20 20
3 3
57 57
220 220
68 68
214 214
258 258
План
Ожидаемое (прогноз по конца года)
Интер РАО (дляФСК)
Промышленныепотребители
Транспорт
Нефтедобыча
Нефтепереработка
Нефтепроводы
Газопроводы
Сельскоехозяйство ипищеваяпромышленность
Непромышленныепотребители
Государственные(муниципальные)организации ипрочиебюджетныепотребители
Население иприравненныегруппыпотребителей
Территориальныесетевыеорганизации
абс.
%
Прогноз на месяц 
Ноябрь
КПО/Отпуск из сети 
Отпуск из сети, млн. кВт.ч
Организация 
Все
Прогноз электропотребления и выручки за услуги по передаче в разрезе отраслей'

16-05-2025T09:59:59 - [MESSAGE][PASSED] - Text of object 'Object Repository/Прогноз по отраслям/Виджеты дашборда' is: 'Год 
2023 год
Сравнение с 
План
Отклонения по ПАО Россети на 2023 год
-492.2 -492.2
7 165.1 7 165.1
689.3 689.3
33 271.7 33 271.7
986.4 986.4
593.8 593.8
764.0 764.0
670.4 670.4
-592.4 -592.4
308.8 308.8
-940.9 -940.9
19 604.1 19 604.1
⬤ Отклонение, млн. кВт.ч
Интер РАО (для ФСК)
Промышленные потребители
Транспорт
Нефтедобыча
Нефтепереработка
Нефтепроводы
Газопроводы
Сельское хозяйство и пищевая пр…
Непромышленные потребители
Государственные (муниципальные…
Население и приравненные групп…
Территориальные сетевые органи…
Выручка отклонения по ПАО Россети на 2023 год
794.9 794.9
12 195.0 12 195.0
972.7 972.7
61 803.9 61 803.9
4 222.3 4 222.3
-121.8 -121.8
666.2 666.2
873.2 873.2
5 809.6 5 809.6
1 342.6 1 342.6
-4 463.2 -4 463.2
18 375.5 18 375.5
⬤ Отклонение, млн. руб.
Интер РАО (для ФСК)
Промышленные потребители
Транспорт
Нефтедобыча
Нефтепереработка
Нефтепроводы
Газопроводы
Сельское хозяйство и пищевая пр…
Непромышленные потребители
Государственные (муниципальные…
Население и приравненные групп…
Территориальные сетевые органи…
Динамика электропотребления, млрд. кВт.ч. по ПАО Россети на 2023 год
10 10
190 190
36 36
14 14
9 9
14 14
4 4
17 17
80 80
19 19
82 82
588 588
10 10
197 197
37 37
48 48
10 10
15 15
4 4
18 18
80 80
19 19
82 82
608 608
План
Ожидаемое (прогноз по конца года)
Интер РАО (дляФСК)
Промышленныепотребители
Транспорт
Нефтедобыча
Нефтепереработка
Нефтепроводы
Газопроводы
Сельскоехозяйство ипищеваяпромышленность
Непромышленныепотребители
Государственные(муниципальные)организации ипрочиебюджетныепотребители
Население иприравненныегруппыпотребителей
Территориальныесетевыеорганизации
Выручка по ПАО Россети на 2023 год
5 5
319 319
81 81
16 16
16 16
20 20
2 2
56 56
215 215
67 67
218 218
239 239
6 6
331 331
82 82
77 77
20 20
20 20
3 3
57 57
220 220
68 68
214 214
258 258
План
Ожидаемое (прогноз по конца года)
Интер РАО (дляФСК)
Промышленныепотребители
Транспорт
Нефтедобыча
Нефтепереработка
Нефтепроводы
Газопроводы
Сельскоехозяйство ипищеваяпромышленность
Непромышленныепотребители
Государственные(муниципальные)организации ипрочиебюджетныепотребители
Население иприравненныегруппыпотребителей
Территориальныесетевыеорганизации
абс.
%
Прогноз на месяц 
Ноябрь
КПО/Отпуск из сети 
Отпуск из сети, млн. кВт.ч
Организация 
Все
Прогноз электропотребления и выручки за услуги по передаче в разрезе отраслей'

16-05-2025T09:59:59 - [TEST_STEP][PASSED] - click(findTestObject("Прогноз по отраслям/Переключить отображение с абс на проценты")): Object: 'Object Repository/Прогноз по отраслям/Переключить отображение с абс на проценты' is clicked on

16-05-2025T09:59:59 - [MESSAGE][PASSED] - Object: 'Object Repository/Прогноз по отраслям/Переключить отображение с абс на проценты' is clicked on

16-05-2025T09:59:59 - [TEST_STEP][PASSED] - i = a1.indexOf("млрд. кВт.ч."): null

16-05-2025T09:59:59 - [TEST_STEP][PASSED] - if (i > -1): null

16-05-2025T09:59:59 - [TEST_STEP][PASSED] - a1 = a1.substring(0, i) + a1.substring(i + 12, a1.length()): null

16-05-2025T09:59:59 - [TEST_STEP][PASSED] - i = a1.indexOf("по ПАО Россети на 2023 год"): null

16-05-2025T09:59:59 - [TEST_STEP][PASSED] - if (i > -1): null

16-05-2025T09:59:59 - [TEST_STEP][PASSED] - a1 = a1.substring(0, i) + a1.substring(i + 27, a1.length()): null

16-05-2025T09:59:59 - [TEST_STEP][PASSED] - i = a1.indexOf("Выручка"): null

16-05-2025T09:59:59 - [TEST_STEP][PASSED] - if (i > -1): null

16-05-2025T09:59:59 - [TEST_STEP][PASSED] - a1 = a1.substring(0, i) + a1.substring(i + 8, a1.length()): null

16-05-2025T09:59:59 - [TEST_STEP][PASSED] - i = a1.indexOf("по ПАО Россети на 2023 год"): null

16-05-2025T09:59:59 - [TEST_STEP][PASSED] - if (i > -1): null

16-05-2025T09:59:59 - [TEST_STEP][PASSED] - a1 = a1.substring(0, i) + a1.substring(i + 27, a1.length()): null

16-05-2025T09:59:59 - [TEST_STEP][PASSED] - i = a1.indexOf("по ПАО Россети на 2023 год"): null

16-05-2025T09:59:59 - [TEST_STEP][PASSED] - if (i > -1): null

16-05-2025T09:59:59 - [TEST_STEP][PASSED] - a1 = a1.substring(0, i) + a1.substring(i + 27, a1.length()): null

16-05-2025T09:59:59 - [TEST_STEP][PASSED] - i = a1.indexOf("Отклонения по ПАО Россети на 2023 год"): null

16-05-2025T09:59:59 - [TEST_STEP][PASSED] - if (i > -1): null

16-05-2025T09:59:59 - [TEST_STEP][PASSED] - i = a1.indexOf("Отклонения"): null

16-05-2025T09:59:59 - [TEST_STEP][PASSED] - if (i > -1): null

16-05-2025T09:59:59 - [TEST_STEP][PASSED] - a1 = a1.substring(0, i) + a1.substring(i + 11, a1.length()): null

16-05-2025T09:59:59 - [TEST_STEP][PASSED] - n = n + 34: null

16-05-2025T09:59:59 - [TEST_STEP][PASSED] - b = n - run + 1: null

16-05-2025T09:59:59 - [TEST_STEP][PASSED] - verifyEqual(findTestData("PlanFact").getValue(2, b), a1): Actual object 'Год 
2023 год
Сравнение с 
План
Динамика электропотребления,  10 10
190 190
36 36
14 14
9 9
14 14
4 4
17 17
80 80
19 19
82 82
588 588
10 10
197 197
37 37
48 48
10 10
15 15
4 4
18 18
80 80
19 19
82 82
608 608
План
Ожидаемое (прогноз по конца года)
Интер РАО (дляФСК)
Промышленныепотребители
Транспорт
Нефтедобыча
Нефтепереработка
Нефтепроводы
Газопроводы
Сельскоехозяйство ипищеваяпромышленность
Непромышленныепотребители
Государственные(муниципальные)организации ипрочиебюджетныепотребители
Население иприравненныегруппыпотребителей
Территориальныесетевыеорганизации
5 5
319 319
81 81
16 16
16 16
20 20
2 2
56 56
215 215
67 67
218 218
239 239
6 6
331 331
82 82
77 77
20 20
20 20
3 3
57 57
220 220
68 68
214 214
258 258
План
Ожидаемое (прогноз по конца года)
Интер РАО (дляФСК)
Промышленныепотребители
Транспорт
Нефтедобыча
Нефтепереработка
Нефтепроводы
Газопроводы
Сельскоехозяйство ипищеваяпромышленность
Непромышленныепотребители
Государственные(муниципальные)организации ипрочиебюджетныепотребители
Население иприравненныегруппыпотребителей
Территориальныесетевыеорганизации
-4.7% -4.7%
3.8% 3.8%
1.9% 1.9%
230.3% 230.3%
10.9% 10.9%
4.2% 4.2%
21.7% 21.7%
3.9% 3.9%
-0.6% -0.6%
1.6% 1.6%
-1.0% -1.0%
3.3% 3.3%
⬤ Отклонение, %
Интер РАО (для ФСК)
Промышленные потребители
Транспорт
Нефтедобыча
Нефтепереработка
Нефтепроводы
Газопроводы
Сельское хозяйство и пищевая пр…
Непромышленные потребители
Государственные (муниципальные…
Население и приравненные групп…
Территориальные сетевые органи…
Выручка отклонения по ПАО Россети на 2023 год
15.6% 15.6%
3.8% 3.8%
1.2% 1.2%
398.2% 398.2%
26.9% 26.9%
-0.6% -0.6%
26.9% 26.9%
1.5% 1.5%
2.7% 2.7%
2.0% 2.0%
-2.0% -2.0%
7.9% 7.9%
⬤ Отклонение, %
Интер РАО (для ФСК)
Промышленные потребители
Транспорт
Нефтедобыча
Нефтепереработка
Нефтепроводы
Газопроводы
Сельское хозяйство и пищевая пр…
Непромышленные потребители
Государственные (муниципальные…
Население и приравненные групп…
Территориальные сетевые органи…
абс.
%
Прогноз на месяц 
Ноябрь
КПО/Отпуск из сети 
Отпуск из сети, млн. кВт.ч
Организация 
Все
Прогноз электропотребления и выручки за услуги по передаче в разрезе отраслей' and expected object 'Год 
2023 год
Сравнение с 
План
Динамика электропотребления,  10 10
190 190
36 36
14 14
9 9
14 14
4 4
17 17
80 80
19 19
82 82
588 588
10 10
197 197
37 37
48 48
10 10
15 15
4 4
18 18
80 80
19 19
82 82
608 608
План
Ожидаемое (прогноз по конца года)
Интер РАО (дляФСК)
Промышленныепотребители
Транспорт
Нефтедобыча
Нефтепереработка
Нефтепроводы
Газопроводы
Сельскоехозяйство ипищеваяпромышленность
Непромышленныепотребители
Государственные(муниципальные)организации ипрочиебюджетныепотребители
Население иприравненныегруппыпотребителей
Территориальныесетевыеорганизации
5 5
319 319
81 81
16 16
16 16
20 20
2 2
56 56
215 215
67 67
218 218
239 239
6 6
331 331
82 82
77 77
20 20
20 20
3 3
57 57
220 220
68 68
214 214
258 258
План
Ожидаемое (прогноз по конца года)
Интер РАО (дляФСК)
Промышленныепотребители
Транспорт
Нефтедобыча
Нефтепереработка
Нефтепроводы
Газопроводы
Сельскоехозяйство ипищеваяпромышленность
Непромышленныепотребители
Государственные(муниципальные)организации ипрочиебюджетныепотребители
Население иприравненныегруппыпотребителей
Территориальныесетевыеорганизации
-4.7% -4.7%
3.8% 3.8%
1.9% 1.9%
230.3% 230.3%
10.9% 10.9%
4.2% 4.2%
21.7% 21.7%
3.9% 3.9%
-0.6% -0.6%
1.6% 1.6%
-1.0% -1.0%
3.3% 3.3%
⬤ Отклонение, %
Интер РАО (для ФСК)
Промышленные потребители
Транспорт
Нефтедобыча
Нефтепереработка
Нефтепроводы
Газопроводы
Сельское хозяйство и пищевая пр…
Непромышленные потребители
Государственные (муниципальные…
Население и приравненные групп…
Территориальные сетевые органи…
Выручка отклонения по ПАО Россети на 2023 год
15.6% 15.6%
3.8% 3.8%
1.2% 1.2%
398.2% 398.2%
26.9% 26.9%
-0.6% -0.6%
26.9% 26.9%
1.5% 1.5%
2.7% 2.7%
2.0% 2.0%
-2.0% -2.0%
7.9% 7.9%
⬤ Отклонение, %
Интер РАО (для ФСК)
Промышленные потребители
Транспорт
Нефтедобыча
Нефтепереработка
Нефтепроводы
Газопроводы
Сельское хозяйство и пищевая пр…
Непромышленные потребители
Государственные (муниципальные…
Население и приравненные групп…
Территориальные сетевые органи…
абс.
%
Прогноз на месяц 
Ноябрь
КПО/Отпуск из сети 
Отпуск из сети, млн. кВт.ч
Организация 
Все
Прогноз электропотребления и выручки за услуги по передаче в разрезе отраслей' are equal

16-05-2025T09:59:59 - [MESSAGE][PASSED] - Actual object 'Год 
2023 год
Сравнение с 
План
Динамика электропотребления,  10 10
190 190
36 36
14 14
9 9
14 14
4 4
17 17
80 80
19 19
82 82
588 588
10 10
197 197
37 37
48 48
10 10
15 15
4 4
18 18
80 80
19 19
82 82
608 608
План
Ожидаемое (прогноз по конца года)
Интер РАО (дляФСК)
Промышленныепотребители
Транспорт
Нефтедобыча
Нефтепереработка
Нефтепроводы
Газопроводы
Сельскоехозяйство ипищеваяпромышленность
Непромышленныепотребители
Государственные(муниципальные)организации ипрочиебюджетныепотребители
Население иприравненныегруппыпотребителей
Территориальныесетевыеорганизации
5 5
319 319
81 81
16 16
16 16
20 20
2 2
56 56
215 215
67 67
218 218
239 239
6 6
331 331
82 82
77 77
20 20
20 20
3 3
57 57
220 220
68 68
214 214
258 258
План
Ожидаемое (прогноз по конца года)
Интер РАО (дляФСК)
Промышленныепотребители
Транспорт
Нефтедобыча
Нефтепереработка
Нефтепроводы
Газопроводы
Сельскоехозяйство ипищеваяпромышленность
Непромышленныепотребители
Государственные(муниципальные)организации ипрочиебюджетныепотребители
Население иприравненныегруппыпотребителей
Территориальныесетевыеорганизации
-4.7% -4.7%
3.8% 3.8%
1.9% 1.9%
230.3% 230.3%
10.9% 10.9%
4.2% 4.2%
21.7% 21.7%
3.9% 3.9%
-0.6% -0.6%
1.6% 1.6%
-1.0% -1.0%
3.3% 3.3%
⬤ Отклонение, %
Интер РАО (для ФСК)
Промышленные потребители
Транспорт
Нефтедобыча
Нефтепереработка
Нефтепроводы
Газопроводы
Сельское хозяйство и пищевая пр…
Непромышленные потребители
Государственные (муниципальные…
Население и приравненные групп…
Территориальные сетевые органи…
Выручка отклонения по ПАО Россети на 2023 год
15.6% 15.6%
3.8% 3.8%
1.2% 1.2%
398.2% 398.2%
26.9% 26.9%
-0.6% -0.6%
26.9% 26.9%
1.5% 1.5%
2.7% 2.7%
2.0% 2.0%
-2.0% -2.0%
7.9% 7.9%
⬤ Отклонение, %
Интер РАО (для ФСК)
Промышленные потребители
Транспорт
Нефтедобыча
Нефтепереработка
Нефтепроводы
Газопроводы
Сельское хозяйство и пищевая пр…
Непромышленные потребители
Государственные (муниципальные…
Население и приравненные групп…
Территориальные сетевые органи…
абс.
%
Прогноз на месяц 
Ноябрь
КПО/Отпуск из сети 
Отпуск из сети, млн. кВт.ч
Организация 
Все
Прогноз электропотребления и выручки за услуги по передаче в разрезе отраслей' and expected object 'Год 
2023 год
Сравнение с 
План
Динамика электропотребления,  10 10
190 190
36 36
14 14
9 9
14 14
4 4
17 17
80 80
19 19
82 82
588 588
10 10
197 197
37 37
48 48
10 10
15 15
4 4
18 18
80 80
19 19
82 82
608 608
План
Ожидаемое (прогноз по конца года)
Интер РАО (дляФСК)
Промышленныепотребители
Транспорт
Нефтедобыча
Нефтепереработка
Нефтепроводы
Газопроводы
Сельскоехозяйство ипищеваяпромышленность
Непромышленныепотребители
Государственные(муниципальные)организации ипрочиебюджетныепотребители
Население иприравненныегруппыпотребителей
Территориальныесетевыеорганизации
5 5
319 319
81 81
16 16
16 16
20 20
2 2
56 56
215 215
67 67
218 218
239 239
6 6
331 331
82 82
77 77
20 20
20 20
3 3
57 57
220 220
68 68
214 214
258 258
План
Ожидаемое (прогноз по конца года)
Интер РАО (дляФСК)
Промышленныепотребители
Транспорт
Нефтедобыча
Нефтепереработка
Нефтепроводы
Газопроводы
Сельскоехозяйство ипищеваяпромышленность
Непромышленныепотребители
Государственные(муниципальные)организации ипрочиебюджетныепотребители
Население иприравненныегруппыпотребителей
Территориальныесетевыеорганизации
-4.7% -4.7%
3.8% 3.8%
1.9% 1.9%
230.3% 230.3%
10.9% 10.9%
4.2% 4.2%
21.7% 21.7%
3.9% 3.9%
-0.6% -0.6%
1.6% 1.6%
-1.0% -1.0%
3.3% 3.3%
⬤ Отклонение, %
Интер РАО (для ФСК)
Промышленные потребители
Транспорт
Нефтедобыча
Нефтепереработка
Нефтепроводы
Газопроводы
Сельское хозяйство и пищевая пр…
Непромышленные потребители
Государственные (муниципальные…
Население и приравненные групп…
Территориальные сетевые органи…
Выручка отклонения по ПАО Россети на 2023 год
15.6% 15.6%
3.8% 3.8%
1.2% 1.2%
398.2% 398.2%
26.9% 26.9%
-0.6% -0.6%
26.9% 26.9%
1.5% 1.5%
2.7% 2.7%
2.0% 2.0%
-2.0% -2.0%
7.9% 7.9%
⬤ Отклонение, %
Интер РАО (для ФСК)
Промышленные потребители
Транспорт
Нефтедобыча
Нефтепереработка
Нефтепроводы
Газопроводы
Сельское хозяйство и пищевая пр…
Непромышленные потребители
Государственные (муниципальные…
Население и приравненные групп…
Территориальные сетевые органи…
абс.
%
Прогноз на месяц 
Ноябрь
КПО/Отпуск из сети 
Отпуск из сети, млн. кВт.ч
Организация 
Все
Прогноз электропотребления и выручки за услуги по передаче в разрезе отраслей' are equal

16-05-2025T09:59:59 - [TEST_STEP][PASSED] - verifyEqual(findTestData("PlanFact").getValue(3, b), a2): Actual object 'Год 
2023 год
Сравнение с 
План
Отклонения по ПАО Россети на 2023 год
-492.2 -492.2
7 165.1 7 165.1
689.3 689.3
33 271.7 33 271.7
986.4 986.4
593.8 593.8
764.0 764.0
670.4 670.4
-592.4 -592.4
308.8 308.8
-940.9 -940.9
19 604.1 19 604.1
⬤ Отклонение, млн. кВт.ч
Интер РАО (для ФСК)
Промышленные потребители
Транспорт
Нефтедобыча
Нефтепереработка
Нефтепроводы
Газопроводы
Сельское хозяйство и пищевая пр…
Непромышленные потребители
Государственные (муниципальные…
Население и приравненные групп…
Территориальные сетевые органи…
Выручка отклонения по ПАО Россети на 2023 год
794.9 794.9
12 195.0 12 195.0
972.7 972.7
61 803.9 61 803.9
4 222.3 4 222.3
-121.8 -121.8
666.2 666.2
873.2 873.2
5 809.6 5 809.6
1 342.6 1 342.6
-4 463.2 -4 463.2
18 375.5 18 375.5
⬤ Отклонение, млн. руб.
Интер РАО (для ФСК)
Промышленные потребители
Транспорт
Нефтедобыча
Нефтепереработка
Нефтепроводы
Газопроводы
Сельское хозяйство и пищевая пр…
Непромышленные потребители
Государственные (муниципальные…
Население и приравненные групп…
Территориальные сетевые органи…
Динамика электропотребления, млрд. кВт.ч. по ПАО Россети на 2023 год
10 10
190 190
36 36
14 14
9 9
14 14
4 4
17 17
80 80
19 19
82 82
588 588
10 10
197 197
37 37
48 48
10 10
15 15
4 4
18 18
80 80
19 19
82 82
608 608
План
Ожидаемое (прогноз по конца года)
Интер РАО (дляФСК)
Промышленныепотребители
Транспорт
Нефтедобыча
Нефтепереработка
Нефтепроводы
Газопроводы
Сельскоехозяйство ипищеваяпромышленность
Непромышленныепотребители
Государственные(муниципальные)организации ипрочиебюджетныепотребители
Население иприравненныегруппыпотребителей
Территориальныесетевыеорганизации
Выручка по ПАО Россети на 2023 год
5 5
319 319
81 81
16 16
16 16
20 20
2 2
56 56
215 215
67 67
218 218
239 239
6 6
331 331
82 82
77 77
20 20
20 20
3 3
57 57
220 220
68 68
214 214
258 258
План
Ожидаемое (прогноз по конца года)
Интер РАО (дляФСК)
Промышленныепотребители
Транспорт
Нефтедобыча
Нефтепереработка
Нефтепроводы
Газопроводы
Сельскоехозяйство ипищеваяпромышленность
Непромышленныепотребители
Государственные(муниципальные)организации ипрочиебюджетныепотребители
Население иприравненныегруппыпотребителей
Территориальныесетевыеорганизации
абс.
%
Прогноз на месяц 
Ноябрь
КПО/Отпуск из сети 
Отпуск из сети, млн. кВт.ч
Организация 
Все
Прогноз электропотребления и выручки за услуги по передаче в разрезе отраслей' and expected object 'Год 
2023 год
Сравнение с 
План
Отклонения по ПАО Россети на 2023 год
-492.2 -492.2
7 165.1 7 165.1
689.3 689.3
33 271.7 33 271.7
986.4 986.4
593.8 593.8
764.0 764.0
670.4 670.4
-592.4 -592.4
308.8 308.8
-940.9 -940.9
19 604.1 19 604.1
⬤ Отклонение, млн. кВт.ч
Интер РАО (для ФСК)
Промышленные потребители
Транспорт
Нефтедобыча
Нефтепереработка
Нефтепроводы
Газопроводы
Сельское хозяйство и пищевая пр…
Непромышленные потребители
Государственные (муниципальные…
Население и приравненные групп…
Территориальные сетевые органи…
Выручка отклонения по ПАО Россети на 2023 год
794.9 794.9
12 195.0 12 195.0
972.7 972.7
61 803.9 61 803.9
4 222.3 4 222.3
-121.8 -121.8
666.2 666.2
873.2 873.2
5 809.6 5 809.6
1 342.6 1 342.6
-4 463.2 -4 463.2
18 375.5 18 375.5
⬤ Отклонение, млн. руб.
Интер РАО (для ФСК)
Промышленные потребители
Транспорт
Нефтедобыча
Нефтепереработка
Нефтепроводы
Газопроводы
Сельское хозяйство и пищевая пр…
Непромышленные потребители
Государственные (муниципальные…
Население и приравненные групп…
Территориальные сетевые органи…
Динамика электропотребления, млрд. кВт.ч. по ПАО Россети на 2023 год
10 10
190 190
36 36
14 14
9 9
14 14
4 4
17 17
80 80
19 19
82 82
588 588
10 10
197 197
37 37
48 48
10 10
15 15
4 4
18 18
80 80
19 19
82 82
608 608
План
Ожидаемое (прогноз по конца года)
Интер РАО (дляФСК)
Промышленныепотребители
Транспорт
Нефтедобыча
Нефтепереработка
Нефтепроводы
Газопроводы
Сельскоехозяйство ипищеваяпромышленность
Непромышленныепотребители
Государственные(муниципальные)организации ипрочиебюджетныепотребители
Население иприравненныегруппыпотребителей
Территориальныесетевыеорганизации
Выручка по ПАО Россети на 2023 год
5 5
319 319
81 81
16 16
16 16
20 20
2 2
56 56
215 215
67 67
218 218
239 239
6 6
331 331
82 82
77 77
20 20
20 20
3 3
57 57
220 220
68 68
214 214
258 258
План
Ожидаемое (прогноз по конца года)
Интер РАО (дляФСК)
Промышленныепотребители
Транспорт
Нефтедобыча
Нефтепереработка
Нефтепроводы
Газопроводы
Сельскоехозяйство ипищеваяпромышленность
Непромышленныепотребители
Государственные(муниципальные)организации ипрочиебюджетныепотребители
Население иприравненныегруппыпотребителей
Территориальныесетевыеорганизации
абс.
%
Прогноз на месяц 
Ноябрь
КПО/Отпуск из сети 
Отпуск из сети, млн. кВт.ч
Организация 
Все
Прогноз электропотребления и выручки за услуги по передаче в разрезе отраслей' are equal

16-05-2025T09:59:59 - [MESSAGE][PASSED] - Actual object 'Год 
2023 год
Сравнение с 
План
Отклонения по ПАО Россети на 2023 год
-492.2 -492.2
7 165.1 7 165.1
689.3 689.3
33 271.7 33 271.7
986.4 986.4
593.8 593.8
764.0 764.0
670.4 670.4
-592.4 -592.4
308.8 308.8
-940.9 -940.9
19 604.1 19 604.1
⬤ Отклонение, млн. кВт.ч
Интер РАО (для ФСК)
Промышленные потребители
Транспорт
Нефтедобыча
Нефтепереработка
Нефтепроводы
Газопроводы
Сельское хозяйство и пищевая пр…
Непромышленные потребители
Государственные (муниципальные…
Население и приравненные групп…
Территориальные сетевые органи…
Выручка отклонения по ПАО Россети на 2023 год
794.9 794.9
12 195.0 12 195.0
972.7 972.7
61 803.9 61 803.9
4 222.3 4 222.3
-121.8 -121.8
666.2 666.2
873.2 873.2
5 809.6 5 809.6
1 342.6 1 342.6
-4 463.2 -4 463.2
18 375.5 18 375.5
⬤ Отклонение, млн. руб.
Интер РАО (для ФСК)
Промышленные потребители
Транспорт
Нефтедобыча
Нефтепереработка
Нефтепроводы
Газопроводы
Сельское хозяйство и пищевая пр…
Непромышленные потребители
Государственные (муниципальные…
Население и приравненные групп…
Территориальные сетевые органи…
Динамика электропотребления, млрд. кВт.ч. по ПАО Россети на 2023 год
10 10
190 190
36 36
14 14
9 9
14 14
4 4
17 17
80 80
19 19
82 82
588 588
10 10
197 197
37 37
48 48
10 10
15 15
4 4
18 18
80 80
19 19
82 82
608 608
План
Ожидаемое (прогноз по конца года)
Интер РАО (дляФСК)
Промышленныепотребители
Транспорт
Нефтедобыча
Нефтепереработка
Нефтепроводы
Газопроводы
Сельскоехозяйство ипищеваяпромышленность
Непромышленныепотребители
Государственные(муниципальные)организации ипрочиебюджетныепотребители
Население иприравненныегруппыпотребителей
Территориальныесетевыеорганизации
Выручка по ПАО Россети на 2023 год
5 5
319 319
81 81
16 16
16 16
20 20
2 2
56 56
215 215
67 67
218 218
239 239
6 6
331 331
82 82
77 77
20 20
20 20
3 3
57 57
220 220
68 68
214 214
258 258
План
Ожидаемое (прогноз по конца года)
Интер РАО (дляФСК)
Промышленныепотребители
Транспорт
Нефтедобыча
Нефтепереработка
Нефтепроводы
Газопроводы
Сельскоехозяйство ипищеваяпромышленность
Непромышленныепотребители
Государственные(муниципальные)организации ипрочиебюджетныепотребители
Население иприравненныегруппыпотребителей
Территориальныесетевыеорганизации
абс.
%
Прогноз на месяц 
Ноябрь
КПО/Отпуск из сети 
Отпуск из сети, млн. кВт.ч
Организация 
Все
Прогноз электропотребления и выручки за услуги по передаче в разрезе отраслей' and expected object 'Год 
2023 год
Сравнение с 
План
Отклонения по ПАО Россети на 2023 год
-492.2 -492.2
7 165.1 7 165.1
689.3 689.3
33 271.7 33 271.7
986.4 986.4
593.8 593.8
764.0 764.0
670.4 670.4
-592.4 -592.4
308.8 308.8
-940.9 -940.9
19 604.1 19 604.1
⬤ Отклонение, млн. кВт.ч
Интер РАО (для ФСК)
Промышленные потребители
Транспорт
Нефтедобыча
Нефтепереработка
Нефтепроводы
Газопроводы
Сельское хозяйство и пищевая пр…
Непромышленные потребители
Государственные (муниципальные…
Население и приравненные групп…
Территориальные сетевые органи…
Выручка отклонения по ПАО Россети на 2023 год
794.9 794.9
12 195.0 12 195.0
972.7 972.7
61 803.9 61 803.9
4 222.3 4 222.3
-121.8 -121.8
666.2 666.2
873.2 873.2
5 809.6 5 809.6
1 342.6 1 342.6
-4 463.2 -4 463.2
18 375.5 18 375.5
⬤ Отклонение, млн. руб.
Интер РАО (для ФСК)
Промышленные потребители
Транспорт
Нефтедобыча
Нефтепереработка
Нефтепроводы
Газопроводы
Сельское хозяйство и пищевая пр…
Непромышленные потребители
Государственные (муниципальные…
Население и приравненные групп…
Территориальные сетевые органи…
Динамика электропотребления, млрд. кВт.ч. по ПАО Россети на 2023 год
10 10
190 190
36 36
14 14
9 9
14 14
4 4
17 17
80 80
19 19
82 82
588 588
10 10
197 197
37 37
48 48
10 10
15 15
4 4
18 18
80 80
19 19
82 82
608 608
План
Ожидаемое (прогноз по конца года)
Интер РАО (дляФСК)
Промышленныепотребители
Транспорт
Нефтедобыча
Нефтепереработка
Нефтепроводы
Газопроводы
Сельскоехозяйство ипищеваяпромышленность
Непромышленныепотребители
Государственные(муниципальные)организации ипрочиебюджетныепотребители
Население иприравненныегруппыпотребителей
Территориальныесетевыеорганизации
Выручка по ПАО Россети на 2023 год
5 5
319 319
81 81
16 16
16 16
20 20
2 2
56 56
215 215
67 67
218 218
239 239
6 6
331 331
82 82
77 77
20 20
20 20
3 3
57 57
220 220
68 68
214 214
258 258
План
Ожидаемое (прогноз по конца года)
Интер РАО (дляФСК)
Промышленныепотребители
Транспорт
Нефтедобыча
Нефтепереработка
Нефтепроводы
Газопроводы
Сельскоехозяйство ипищеваяпромышленность
Непромышленныепотребители
Государственные(муниципальные)организации ипрочиебюджетныепотребители
Население иприравненныегруппыпотребителей
Территориальныесетевыеорганизации
абс.
%
Прогноз на месяц 
Ноябрь
КПО/Отпуск из сети 
Отпуск из сети, млн. кВт.ч
Организация 
Все
Прогноз электропотребления и выручки за услуги по передаче в разрезе отраслей' are equal

16-05-2025T09:59:59 - [TEST_STEP][PASSED] - Script1686231490255.WriteToExcel(user, dashboardName, n, data, run, a1, a2, a3, a4, a5, a6, a7, a8, a9): null

16-05-2025T09:59:59 - [TEST_STEP][PASSED] - sheetName = "Sheet1": null

16-05-2025T09:59:59 - [TEST_STEP][PASSED] - workbook01 = getWorkbook(excelFilePath): null

16-05-2025T10:00:00 - [TEST_STEP][PASSED] - sheet01 = getExcelSheet(workbook01, sheetName): null

16-05-2025T10:00:00 - [TEST_STEP][PASSED] - setValueToCellByIndex(sheet01, n, 0, dashboardName): null

16-05-2025T10:00:00 - [TEST_STEP][PASSED] - setValueToCellByIndex(sheet01, n, 10, user): null

16-05-2025T10:00:00 - [TEST_STEP][PASSED] - setValueToCellByIndex(sheet01, n, 1, a1): null

16-05-2025T10:00:00 - [TEST_STEP][PASSED] - setValueToCellByIndex(sheet01, n, 2, a2): null

16-05-2025T10:00:00 - [TEST_STEP][PASSED] - setValueToCellByIndex(sheet01, n, 3, a3): null

16-05-2025T10:00:00 - [TEST_STEP][PASSED] - setValueToCellByIndex(sheet01, n, 4, a4): null

16-05-2025T10:00:00 - [TEST_STEP][PASSED] - setValueToCellByIndex(sheet01, n, 5, a5): null

16-05-2025T10:00:00 - [TEST_STEP][PASSED] - setValueToCellByIndex(sheet01, n, 6, a6): null

16-05-2025T10:00:00 - [TEST_STEP][PASSED] - setValueToCellByIndex(sheet01, n, 7, a7): null

16-05-2025T10:00:00 - [TEST_STEP][PASSED] - setValueToCellByIndex(sheet01, n, 8, a8): null

16-05-2025T10:00:00 - [TEST_STEP][PASSED] - setValueToCellByIndex(sheet01, n, 9, a9): null

16-05-2025T10:00:00 - [TEST_STEP][PASSED] - n = n + 1: null

16-05-2025T10:00:00 - [TEST_STEP][PASSED] - saveWorkbook(excelFilePath, workbook01): null

16-05-2025T10:00:00 - [TEST_STEP][PASSED] - if (run == 3): null

16-05-2025T10:00:00 - [TEST_STEP][PASSED] - closeBrowser(): null

16-05-2025T10:00:00 - [MESSAGE][PASSED] - Browser is closed

16-05-2025T10:00:00 - [TEST_STEP][PASSED] - PrognozPoOtraslyam(user, dashboardName, n, data, run, a1, a2, a3, a4, a5, a6, a7, a8, a9, urlData): null

16-05-2025T10:00:00 - [TEST_STEP][PASSED] - n = data.getRowNumbers() + 1: null

16-05-2025T10:00:00 - [TEST_STEP][PASSED] - println(n): null

16-05-2025T10:00:00 - [TEST_STEP][PASSED] - dashboardName = "Прогноз по отраслям": null

16-05-2025T10:00:00 - [TEST_STEP][PASSED] - openBrowser(""): Browser is opened with url: ''

16-05-2025T10:00:00 - [MESSAGE][INFO] - Starting 'Chrome' driver

16-05-2025T10:00:00 - [MESSAGE][INFO] - Action delay is set to 0 milliseconds

16-05-2025T10:00:01 - [MESSAGE][PASSED] - Browser is opened with url: ''

16-05-2025T10:00:01 - [TEST_STEP][PASSED] - urlData = 6: null

16-05-2025T10:00:01 - [TEST_STEP][PASSED] - Script1686231490255.CheckPageDownload(urlData, run): null

16-05-2025T10:00:01 - [TEST_STEP][PASSED] - i = 1: null

16-05-2025T10:00:01 - [TEST_STEP][PASSED] - ii = 0: null

16-05-2025T10:00:01 - [TEST_STEP][PASSED] - urlText = <not implemented yet for class: org.codehaus.groovy.ast.expr.EmptyExpression>: null

16-05-2025T10:00:01 - [TEST_STEP][PASSED] - searchWord = <not implemented yet for class: org.codehaus.groovy.ast.expr.EmptyExpression>: null

16-05-2025T10:00:01 - [TEST_STEP][PASSED] - deleteAllCookies(): Delete all cookies successfully

16-05-2025T10:00:01 - [MESSAGE][PASSED] - Delete all cookies successfully

16-05-2025T10:00:01 - [TEST_STEP][PASSED] - refresh(): Refresh successfully

16-05-2025T10:00:01 - [MESSAGE][PASSED] - Refresh successfully

16-05-2025T10:00:01 - [TEST_STEP][PASSED] - delay(70): Delayed 70 second(s)

16-05-2025T10:01:11 - [MESSAGE][PASSED] - Delayed 70 second(s)

16-05-2025T10:01:11 - [TEST_STEP][PASSED] - navigateToUrl(findTestData("PlanFact").getValue(10, urlData)): Navigate to 'https://bi.rosseti.digital/viewer?dashboardGuid=d6acb5b1a7114a9791b34de39263106e&sheetGuid=0b6d261d7f7b4424a967aa8f3a724189&fit=true' successfully

16-05-2025T10:01:13 - [MESSAGE][PASSED] - Navigate to 'https://bi.rosseti.digital/viewer?dashboardGuid=d6acb5b1a7114a9791b34de39263106e&sheetGuid=0b6d261d7f7b4424a967aa8f3a724189&fit=true' successfully

16-05-2025T10:01:13 - [TEST_STEP][PASSED] - pageLoaded1 = verifyElementPresent(findTestObject("Страница авторизации/Text"), 30): Object 'Object Repository/Страница авторизации/Text' is present

16-05-2025T10:01:14 - [MESSAGE][PASSED] - Object 'Object Repository/Страница авторизации/Text' is present

16-05-2025T10:01:14 - [TEST_STEP][PASSED] - if (pageLoaded1 == false): null

16-05-2025T10:01:14 - [TEST_STEP][PASSED] - urlText = getText(findTestObject("Страница авторизации/Text")): Text of object 'Object Repository/Страница авторизации/Text' is: 'Вход'

16-05-2025T10:01:14 - [MESSAGE][PASSED] - Text of object 'Object Repository/Страница авторизации/Text' is: 'Вход'

16-05-2025T10:01:14 - [TEST_STEP][PASSED] - delay(70): Delayed 70 second(s)

16-05-2025T10:02:24 - [MESSAGE][PASSED] - Delayed 70 second(s)

16-05-2025T10:02:24 - [TEST_STEP][PASSED] - searchWord = "Вход": null

16-05-2025T10:02:24 - [TEST_STEP][PASSED] - if (urlText.contains(searchWord) == false): null

16-05-2025T10:02:24 - [TEST_STEP][PASSED] - setText(findTestObject("Страница авторизации/input__username"), findTestData("PlanFact").getValue(8, run)): Text 'Petrova-OV' is set on object 'Object Repository/Страница авторизации/input__username'

16-05-2025T10:02:25 - [MESSAGE][PASSED] - Text 'Petrova-OV' is set on object 'Object Repository/Страница авторизации/input__username'

16-05-2025T10:02:25 - [TEST_STEP][PASSED] - setText(findTestObject("Страница авторизации/input__password"), findTestData("PlanFact").getValue(9, run)): Text '4Ex@~R53r&3x&BVe7' is set on object 'Object Repository/Страница авторизации/input__password'

16-05-2025T10:02:25 - [MESSAGE][PASSED] - Text '4Ex@~R53r&3x&BVe7' is set on object 'Object Repository/Страница авторизации/input__password'

16-05-2025T10:02:25 - [TEST_STEP][PASSED] - click(findTestObject("Страница авторизации/button_")): Object: 'Object Repository/Страница авторизации/button_' is clicked on

16-05-2025T10:02:26 - [MESSAGE][PASSED] - Object: 'Object Repository/Страница авторизации/button_' is clicked on

16-05-2025T10:02:26 - [TEST_STEP][PASSED] - delay(70): Delayed 70 second(s)

16-05-2025T10:03:36 - [MESSAGE][PASSED] - Delayed 70 second(s)

16-05-2025T10:03:36 - [TEST_STEP][PASSED] - searchWord = "а": null

16-05-2025T10:03:36 - [TEST_STEP][PASSED] - pageLoaded2 = verifyElementPresent(findTestObject("Страница авторизации/Text"), 50): Object 'Object Repository/Страница авторизации/Text' is present

16-05-2025T10:03:37 - [MESSAGE][PASSED] - Object 'Object Repository/Страница авторизации/Text' is present

16-05-2025T10:03:37 - [TEST_STEP][PASSED] - if (pageLoaded2 == false): null

16-05-2025T10:03:37 - [TEST_STEP][PASSED] - urlText = getText(findTestObject("Страница авторизации/Text")): Text of object 'Object Repository/Страница авторизации/Text' is: 'Год 
2023 год
Сравнение с 
План
Динамика электропотребления, млрд. кВт.ч. по ПАО Россети на 2023 год
10 10
190 190
36 36
14 14
9 9
14 14
4 4
17 17
80 80
19 19
82 82
588 588
10 10
197 197
37 37
48 48
10 10
15 15
4 4
18 18
80 80
19 19
82 82
608 608
План
Ожидаемое (прогноз по конца года)
Интер РАО (дляФСК)
Промышленныепотребители
Транспорт
Нефтедобыча
Нефтепереработка
Нефтепроводы
Газопроводы
Сельскоехозяйство ипищеваяпромышленность
Непромышленныепотребители
Государственные(муниципальные)организации ипрочиебюджетныепотребители
Население иприравненныегруппыпотребителей
Территориальныесетевыеорганизации
Выручка по ПАО Россети на 2023 год
5 5
319 319
81 81
16 16
16 16
20 20
2 2
56 56
215 215
67 67
218 218
239 239
6 6
331 331
82 82
77 77
20 20
20 20
3 3
57 57
220 220
68 68
214 214
258 258
План
Ожидаемое (прогноз по конца года)
Интер РАО (дляФСК)
Промышленныепотребители
Транспорт
Нефтедобыча
Нефтепереработка
Нефтепроводы
Газопроводы
Сельскоехозяйство ипищеваяпромышленность
Непромышленныепотребители
Государственные(муниципальные)организации ипрочиебюджетныепотребители
Население иприравненныегруппыпотребителей
Территориальныесетевыеорганизации
Отклонения по ПАО Россети на 2023 год
-4.7% -4.7%
3.8% 3.8%
1.9% 1.9%
230.3% 230.3%
10.9% 10.9%
4.2% 4.2%
21.7% 21.7%
3.9% 3.9%
-0.6% -0.6%
1.6% 1.6%
-1.0% -1.0%
3.3% 3.3%
⬤ Отклонение, %
Интер РАО (для ФСК)
Промышленные потребители
Транспорт
Нефтедобыча
Нефтепереработка
Нефтепроводы
Газопроводы
Сельское хозяйство и пищевая пр…
Непромышленные потребители
Государственные (муниципальные…
Население и приравненные групп…
Территориальные сетевые органи…
Выручка отклонения по ПАО Россети на 2023 год
15.6% 15.6%
3.8% 3.8%
1.2% 1.2%
398.2% 398.2%
26.9% 26.9%
-0.6% -0.6%
26.9% 26.9%
1.5% 1.5%
2.7% 2.7%
2.0% 2.0%
-2.0% -2.0%
7.9% 7.9%
⬤ Отклонение, %
Интер РАО (для ФСК)
Промышленные потребители
Транспорт
Нефтедобыча
Нефтепереработка
Нефтепроводы
Газопроводы
Сельское хозяйство и пищевая пр…
Непромышленные потребители
Государственные (муниципальные…
Население и приравненные групп…
Территориальные сетевые органи…
абс.
%
Прогноз на месяц 
Ноябрь
КПО/Отпуск из сети 
Отпуск из сети, млн. кВт.ч
Организация 
Все
Прогноз электропотребления и выручки за услуги по передаче в разрезе отраслей'

16-05-2025T10:03:37 - [MESSAGE][PASSED] - Text of object 'Object Repository/Страница авторизации/Text' is: 'Год 
2023 год
Сравнение с 
План
Динамика электропотребления, млрд. кВт.ч. по ПАО Россети на 2023 год
10 10
190 190
36 36
14 14
9 9
14 14
4 4
17 17
80 80
19 19
82 82
588 588
10 10
197 197
37 37
48 48
10 10
15 15
4 4
18 18
80 80
19 19
82 82
608 608
План
Ожидаемое (прогноз по конца года)
Интер РАО (дляФСК)
Промышленныепотребители
Транспорт
Нефтедобыча
Нефтепереработка
Нефтепроводы
Газопроводы
Сельскоехозяйство ипищеваяпромышленность
Непромышленныепотребители
Государственные(муниципальные)организации ипрочиебюджетныепотребители
Население иприравненныегруппыпотребителей
Территориальныесетевыеорганизации
Выручка по ПАО Россети на 2023 год
5 5
319 319
81 81
16 16
16 16
20 20
2 2
56 56
215 215
67 67
218 218
239 239
6 6
331 331
82 82
77 77
20 20
20 20
3 3
57 57
220 220
68 68
214 214
258 258
План
Ожидаемое (прогноз по конца года)
Интер РАО (дляФСК)
Промышленныепотребители
Транспорт
Нефтедобыча
Нефтепереработка
Нефтепроводы
Газопроводы
Сельскоехозяйство ипищеваяпромышленность
Непромышленныепотребители
Государственные(муниципальные)организации ипрочиебюджетныепотребители
Население иприравненныегруппыпотребителей
Территориальныесетевыеорганизации
Отклонения по ПАО Россети на 2023 год
-4.7% -4.7%
3.8% 3.8%
1.9% 1.9%
230.3% 230.3%
10.9% 10.9%
4.2% 4.2%
21.7% 21.7%
3.9% 3.9%
-0.6% -0.6%
1.6% 1.6%
-1.0% -1.0%
3.3% 3.3%
⬤ Отклонение, %
Интер РАО (для ФСК)
Промышленные потребители
Транспорт
Нефтедобыча
Нефтепереработка
Нефтепроводы
Газопроводы
Сельское хозяйство и пищевая пр…
Непромышленные потребители
Государственные (муниципальные…
Население и приравненные групп…
Территориальные сетевые органи…
Выручка отклонения по ПАО Россети на 2023 год
15.6% 15.6%
3.8% 3.8%
1.2% 1.2%
398.2% 398.2%
26.9% 26.9%
-0.6% -0.6%
26.9% 26.9%
1.5% 1.5%
2.7% 2.7%
2.0% 2.0%
-2.0% -2.0%
7.9% 7.9%
⬤ Отклонение, %
Интер РАО (для ФСК)
Промышленные потребители
Транспорт
Нефтедобыча
Нефтепереработка
Нефтепроводы
Газопроводы
Сельское хозяйство и пищевая пр…
Непромышленные потребители
Государственные (муниципальные…
Население и приравненные групп…
Территориальные сетевые органи…
абс.
%
Прогноз на месяц 
Ноябрь
КПО/Отпуск из сети 
Отпуск из сети, млн. кВт.ч
Организация 
Все
Прогноз электропотребления и выручки за услуги по передаче в разрезе отраслей'

16-05-2025T10:03:37 - [TEST_STEP][PASSED] - if (urlText.contains("ошибка") || urlText.contains(searchWord) == false): null

16-05-2025T10:03:37 - [TEST_STEP][PASSED] - a3 = "": null

16-05-2025T10:03:37 - [TEST_STEP][PASSED] - a4 = "": null

16-05-2025T10:03:37 - [TEST_STEP][PASSED] - a5 = "": null

16-05-2025T10:03:37 - [TEST_STEP][PASSED] - a6 = "": null

16-05-2025T10:03:37 - [TEST_STEP][PASSED] - a7 = "": null

16-05-2025T10:03:37 - [TEST_STEP][PASSED] - a8 = "": null

16-05-2025T10:03:37 - [TEST_STEP][PASSED] - a9 = "": null

16-05-2025T10:03:37 - [TEST_STEP][PASSED] - if (run == 1): null

16-05-2025T10:03:37 - [TEST_STEP][PASSED] - if (run == 2): null

16-05-2025T10:03:37 - [TEST_STEP][PASSED] - if (run == 3): null

16-05-2025T10:03:37 - [TEST_STEP][PASSED] - user = "Попова": null

16-05-2025T10:03:37 - [TEST_STEP][PASSED] - a1 = getText(findTestObject("Прогноз по отраслям/Виджеты дашборда")): Text of object 'Object Repository/Прогноз по отраслям/Виджеты дашборда' is: 'Год 
2023 год
Сравнение с 
План
Динамика электропотребления, млрд. кВт.ч. по ПАО Россети на 2023 год
10 10
190 190
36 36
14 14
9 9
14 14
4 4
17 17
80 80
19 19
82 82
588 588
10 10
197 197
37 37
48 48
10 10
15 15
4 4
18 18
80 80
19 19
82 82
608 608
План
Ожидаемое (прогноз по конца года)
Интер РАО (дляФСК)
Промышленныепотребители
Транспорт
Нефтедобыча
Нефтепереработка
Нефтепроводы
Газопроводы
Сельскоехозяйство ипищеваяпромышленность
Непромышленныепотребители
Государственные(муниципальные)организации ипрочиебюджетныепотребители
Население иприравненныегруппыпотребителей
Территориальныесетевыеорганизации
Выручка по ПАО Россети на 2023 год
5 5
319 319
81 81
16 16
16 16
20 20
2 2
56 56
215 215
67 67
218 218
239 239
6 6
331 331
82 82
77 77
20 20
20 20
3 3
57 57
220 220
68 68
214 214
258 258
План
Ожидаемое (прогноз по конца года)
Интер РАО (дляФСК)
Промышленныепотребители
Транспорт
Нефтедобыча
Нефтепереработка
Нефтепроводы
Газопроводы
Сельскоехозяйство ипищеваяпромышленность
Непромышленныепотребители
Государственные(муниципальные)организации ипрочиебюджетныепотребители
Население иприравненныегруппыпотребителей
Территориальныесетевыеорганизации
Отклонения по ПАО Россети на 2023 год
-4.7% -4.7%
3.8% 3.8%
1.9% 1.9%
230.3% 230.3%
10.9% 10.9%
4.2% 4.2%
21.7% 21.7%
3.9% 3.9%
-0.6% -0.6%
1.6% 1.6%
-1.0% -1.0%
3.3% 3.3%
⬤ Отклонение, %
Интер РАО (для ФСК)
Промышленные потребители
Транспорт
Нефтедобыча
Нефтепереработка
Нефтепроводы
Газопроводы
Сельское хозяйство и пищевая пр…
Непромышленные потребители
Государственные (муниципальные…
Население и приравненные групп…
Территориальные сетевые органи…
Выручка отклонения по ПАО Россети на 2023 год
15.6% 15.6%
3.8% 3.8%
1.2% 1.2%
398.2% 398.2%
26.9% 26.9%
-0.6% -0.6%
26.9% 26.9%
1.5% 1.5%
2.7% 2.7%
2.0% 2.0%
-2.0% -2.0%
7.9% 7.9%
⬤ Отклонение, %
Интер РАО (для ФСК)
Промышленные потребители
Транспорт
Нефтедобыча
Нефтепереработка
Нефтепроводы
Газопроводы
Сельское хозяйство и пищевая пр…
Непромышленные потребители
Государственные (муниципальные…
Население и приравненные групп…
Территориальные сетевые органи…
абс.
%
Прогноз на месяц 
Ноябрь
КПО/Отпуск из сети 
Отпуск из сети, млн. кВт.ч
Организация 
Все
Прогноз электропотребления и выручки за услуги по передаче в разрезе отраслей'

16-05-2025T10:03:38 - [MESSAGE][PASSED] - Text of object 'Object Repository/Прогноз по отраслям/Виджеты дашборда' is: 'Год 
2023 год
Сравнение с 
План
Динамика электропотребления, млрд. кВт.ч. по ПАО Россети на 2023 год
10 10
190 190
36 36
14 14
9 9
14 14
4 4
17 17
80 80
19 19
82 82
588 588
10 10
197 197
37 37
48 48
10 10
15 15
4 4
18 18
80 80
19 19
82 82
608 608
План
Ожидаемое (прогноз по конца года)
Интер РАО (дляФСК)
Промышленныепотребители
Транспорт
Нефтедобыча
Нефтепереработка
Нефтепроводы
Газопроводы
Сельскоехозяйство ипищеваяпромышленность
Непромышленныепотребители
Государственные(муниципальные)организации ипрочиебюджетныепотребители
Население иприравненныегруппыпотребителей
Территориальныесетевыеорганизации
Выручка по ПАО Россети на 2023 год
5 5
319 319
81 81
16 16
16 16
20 20
2 2
56 56
215 215
67 67
218 218
239 239
6 6
331 331
82 82
77 77
20 20
20 20
3 3
57 57
220 220
68 68
214 214
258 258
План
Ожидаемое (прогноз по конца года)
Интер РАО (дляФСК)
Промышленныепотребители
Транспорт
Нефтедобыча
Нефтепереработка
Нефтепроводы
Газопроводы
Сельскоехозяйство ипищеваяпромышленность
Непромышленныепотребители
Государственные(муниципальные)организации ипрочиебюджетныепотребители
Население иприравненныегруппыпотребителей
Территориальныесетевыеорганизации
Отклонения по ПАО Россети на 2023 год
-4.7% -4.7%
3.8% 3.8%
1.9% 1.9%
230.3% 230.3%
10.9% 10.9%
4.2% 4.2%
21.7% 21.7%
3.9% 3.9%
-0.6% -0.6%
1.6% 1.6%
-1.0% -1.0%
3.3% 3.3%
⬤ Отклонение, %
Интер РАО (для ФСК)
Промышленные потребители
Транспорт
Нефтедобыча
Нефтепереработка
Нефтепроводы
Газопроводы
Сельское хозяйство и пищевая пр…
Непромышленные потребители
Государственные (муниципальные…
Население и приравненные групп…
Территориальные сетевые органи…
Выручка отклонения по ПАО Россети на 2023 год
15.6% 15.6%
3.8% 3.8%
1.2% 1.2%
398.2% 398.2%
26.9% 26.9%
-0.6% -0.6%
26.9% 26.9%
1.5% 1.5%
2.7% 2.7%
2.0% 2.0%
-2.0% -2.0%
7.9% 7.9%
⬤ Отклонение, %
Интер РАО (для ФСК)
Промышленные потребители
Транспорт
Нефтедобыча
Нефтепереработка
Нефтепроводы
Газопроводы
Сельское хозяйство и пищевая пр…
Непромышленные потребители
Государственные (муниципальные…
Население и приравненные групп…
Территориальные сетевые органи…
абс.
%
Прогноз на месяц 
Ноябрь
КПО/Отпуск из сети 
Отпуск из сети, млн. кВт.ч
Организация 
Все
Прогноз электропотребления и выручки за услуги по передаче в разрезе отраслей'

16-05-2025T10:03:38 - [TEST_STEP][PASSED] - click(findTestObject("Прогноз по отраслям/Переключить отображение с процентов на абс Блок руководителя")): Object: 'Object Repository/Прогноз по отраслям/Переключить отображение с процентов на абс Блок руководителя' is clicked on

16-05-2025T10:03:38 - [MESSAGE][PASSED] - Object: 'Object Repository/Прогноз по отраслям/Переключить отображение с процентов на абс Блок руководителя' is clicked on

16-05-2025T10:03:38 - [TEST_STEP][PASSED] - a2 = getText(findTestObject("Прогноз по отраслям/Виджеты дашборда")): Text of object 'Object Repository/Прогноз по отраслям/Виджеты дашборда' is: 'Год 
2023 год
Сравнение с 
План
Отклонения по ПАО Россети на 2023 год
-492.2 -492.2
7 165.1 7 165.1
689.3 689.3
33 271.7 33 271.7
986.4 986.4
593.8 593.8
764.0 764.0
670.4 670.4
-592.4 -592.4
308.8 308.8
-940.9 -940.9
19 604.1 19 604.1
⬤ Отклонение, млн. кВт.ч
Интер РАО (для ФСК)
Промышленные потребители
Транспорт
Нефтедобыча
Нефтепереработка
Нефтепроводы
Газопроводы
Сельское хозяйство и пищевая пр…
Непромышленные потребители
Государственные (муниципальные…
Население и приравненные групп…
Территориальные сетевые органи…
Выручка отклонения по ПАО Россети на 2023 год
794.9 794.9
12 195.0 12 195.0
972.7 972.7
61 803.9 61 803.9
4 222.3 4 222.3
-121.8 -121.8
666.2 666.2
873.2 873.2
5 809.6 5 809.6
1 342.6 1 342.6
-4 463.2 -4 463.2
18 375.5 18 375.5
⬤ Отклонение, млн. руб.
Интер РАО (для ФСК)
Промышленные потребители
Транспорт
Нефтедобыча
Нефтепереработка
Нефтепроводы
Газопроводы
Сельское хозяйство и пищевая пр…
Непромышленные потребители
Государственные (муниципальные…
Население и приравненные групп…
Территориальные сетевые органи…
Динамика электропотребления, млрд. кВт.ч. по ПАО Россети на 2023 год
10 10
190 190
36 36
14 14
9 9
14 14
4 4
17 17
80 80
19 19
82 82
588 588
10 10
197 197
37 37
48 48
10 10
15 15
4 4
18 18
80 80
19 19
82 82
608 608
План
Ожидаемое (прогноз по конца года)
Интер РАО (дляФСК)
Промышленныепотребители
Транспорт
Нефтедобыча
Нефтепереработка
Нефтепроводы
Газопроводы
Сельскоехозяйство ипищеваяпромышленность
Непромышленныепотребители
Государственные(муниципальные)организации ипрочиебюджетныепотребители
Население иприравненныегруппыпотребителей
Территориальныесетевыеорганизации
Выручка по ПАО Россети на 2023 год
5 5
319 319
81 81
16 16
16 16
20 20
2 2
56 56
215 215
67 67
218 218
239 239
6 6
331 331
82 82
77 77
20 20
20 20
3 3
57 57
220 220
68 68
214 214
258 258
План
Ожидаемое (прогноз по конца года)
Интер РАО (дляФСК)
Промышленныепотребители
Транспорт
Нефтедобыча
Нефтепереработка
Нефтепроводы
Газопроводы
Сельскоехозяйство ипищеваяпромышленность
Непромышленныепотребители
Государственные(муниципальные)организации ипрочиебюджетныепотребители
Население иприравненныегруппыпотребителей
Территориальныесетевыеорганизации
абс.
%
Прогноз на месяц 
Ноябрь
КПО/Отпуск из сети 
Отпуск из сети, млн. кВт.ч
Организация 
Все
Прогноз электропотребления и выручки за услуги по передаче в разрезе отраслей'

16-05-2025T10:03:39 - [MESSAGE][PASSED] - Text of object 'Object Repository/Прогноз по отраслям/Виджеты дашборда' is: 'Год 
2023 год
Сравнение с 
План
Отклонения по ПАО Россети на 2023 год
-492.2 -492.2
7 165.1 7 165.1
689.3 689.3
33 271.7 33 271.7
986.4 986.4
593.8 593.8
764.0 764.0
670.4 670.4
-592.4 -592.4
308.8 308.8
-940.9 -940.9
19 604.1 19 604.1
⬤ Отклонение, млн. кВт.ч
Интер РАО (для ФСК)
Промышленные потребители
Транспорт
Нефтедобыча
Нефтепереработка
Нефтепроводы
Газопроводы
Сельское хозяйство и пищевая пр…
Непромышленные потребители
Государственные (муниципальные…
Население и приравненные групп…
Территориальные сетевые органи…
Выручка отклонения по ПАО Россети на 2023 год
794.9 794.9
12 195.0 12 195.0
972.7 972.7
61 803.9 61 803.9
4 222.3 4 222.3
-121.8 -121.8
666.2 666.2
873.2 873.2
5 809.6 5 809.6
1 342.6 1 342.6
-4 463.2 -4 463.2
18 375.5 18 375.5
⬤ Отклонение, млн. руб.
Интер РАО (для ФСК)
Промышленные потребители
Транспорт
Нефтедобыча
Нефтепереработка
Нефтепроводы
Газопроводы
Сельское хозяйство и пищевая пр…
Непромышленные потребители
Государственные (муниципальные…
Население и приравненные групп…
Территориальные сетевые органи…
Динамика электропотребления, млрд. кВт.ч. по ПАО Россети на 2023 год
10 10
190 190
36 36
14 14
9 9
14 14
4 4
17 17
80 80
19 19
82 82
588 588
10 10
197 197
37 37
48 48
10 10
15 15
4 4
18 18
80 80
19 19
82 82
608 608
План
Ожидаемое (прогноз по конца года)
Интер РАО (дляФСК)
Промышленныепотребители
Транспорт
Нефтедобыча
Нефтепереработка
Нефтепроводы
Газопроводы
Сельскоехозяйство ипищеваяпромышленность
Непромышленныепотребители
Государственные(муниципальные)организации ипрочиебюджетныепотребители
Население иприравненныегруппыпотребителей
Территориальныесетевыеорганизации
Выручка по ПАО Россети на 2023 год
5 5
319 319
81 81
16 16
16 16
20 20
2 2
56 56
215 215
67 67
218 218
239 239
6 6
331 331
82 82
77 77
20 20
20 20
3 3
57 57
220 220
68 68
214 214
258 258
План
Ожидаемое (прогноз по конца года)
Интер РАО (дляФСК)
Промышленныепотребители
Транспорт
Нефтедобыча
Нефтепереработка
Нефтепроводы
Газопроводы
Сельскоехозяйство ипищеваяпромышленность
Непромышленныепотребители
Государственные(муниципальные)организации ипрочиебюджетныепотребители
Население иприравненныегруппыпотребителей
Территориальныесетевыеорганизации
абс.
%
Прогноз на месяц 
Ноябрь
КПО/Отпуск из сети 
Отпуск из сети, млн. кВт.ч
Организация 
Все
Прогноз электропотребления и выручки за услуги по передаче в разрезе отраслей'

16-05-2025T10:03:39 - [TEST_STEP][PASSED] - click(findTestObject("Прогноз по отраслям/Переключить отображение с абс на проценты")): Object: 'Object Repository/Прогноз по отраслям/Переключить отображение с абс на проценты' is clicked on

16-05-2025T10:03:39 - [MESSAGE][PASSED] - Object: 'Object Repository/Прогноз по отраслям/Переключить отображение с абс на проценты' is clicked on

16-05-2025T10:03:39 - [TEST_STEP][PASSED] - i = a1.indexOf("млрд. кВт.ч."): null

16-05-2025T10:03:39 - [TEST_STEP][PASSED] - if (i > -1): null

16-05-2025T10:03:39 - [TEST_STEP][PASSED] - a1 = a1.substring(0, i) + a1.substring(i + 12, a1.length()): null

16-05-2025T10:03:39 - [TEST_STEP][PASSED] - i = a1.indexOf("Выручка, млрд. руб."): null

16-05-2025T10:03:39 - [TEST_STEP][PASSED] - if (i > -1): null

16-05-2025T10:03:39 - [TEST_STEP][PASSED] - i = a1.indexOf("Выручка"): null

16-05-2025T10:03:39 - [TEST_STEP][PASSED] - if (i > -1): null

16-05-2025T10:03:39 - [TEST_STEP][PASSED] - a1 = a1.substring(0, i) + a1.substring(i + 8, a1.length()): null

16-05-2025T10:03:39 - [TEST_STEP][PASSED] - i = a1.indexOf("по ПАО Россети на 2023 год"): null

16-05-2025T10:03:39 - [TEST_STEP][PASSED] - if (i > -1): null

16-05-2025T10:03:39 - [TEST_STEP][PASSED] - a1 = a1.substring(0, i) + a1.substring(i + 27, a1.length()): null

16-05-2025T10:03:39 - [TEST_STEP][PASSED] - i = a1.indexOf("Отклонения"): null

16-05-2025T10:03:39 - [TEST_STEP][PASSED] - if (i > -1): null

16-05-2025T10:03:39 - [TEST_STEP][PASSED] - a1 = a1.substring(0, i) + a1.substring(i + 11, a1.length()): null

16-05-2025T10:03:39 - [TEST_STEP][PASSED] - i = a1.indexOf("по ПАО Россети на 2023 год"): null

16-05-2025T10:03:39 - [TEST_STEP][PASSED] - if (i > -1): null

16-05-2025T10:03:39 - [TEST_STEP][PASSED] - a1 = a1.substring(0, i) + a1.substring(i + 27, a1.length()): null

16-05-2025T10:03:39 - [TEST_STEP][PASSED] - i = a1.indexOf("по ПАО Россети на 2023 год"): null

16-05-2025T10:03:39 - [TEST_STEP][PASSED] - if (i > -1): null

16-05-2025T10:03:39 - [TEST_STEP][PASSED] - a1 = a1.substring(0, i) + a1.substring(i + 27, a1.length()): null

16-05-2025T10:03:39 - [TEST_STEP][PASSED] - println(a1): null

16-05-2025T10:03:39 - [TEST_STEP][PASSED] - n = n + 35: null

16-05-2025T10:03:39 - [TEST_STEP][PASSED] - b = n - run + 1: null

16-05-2025T10:03:39 - [TEST_STEP][PASSED] - verifyEqual(findTestData("PlanFact").getValue(2, b), a1): Actual object 'Год 
2023 год
Сравнение с 
План
Динамика электропотребления,  10 10
190 190
36 36
14 14
9 9
14 14
4 4
17 17
80 80
19 19
82 82
588 588
10 10
197 197
37 37
48 48
10 10
15 15
4 4
18 18
80 80
19 19
82 82
608 608
План
Ожидаемое (прогноз по конца года)
Интер РАО (дляФСК)
Промышленныепотребители
Транспорт
Нефтедобыча
Нефтепереработка
Нефтепроводы
Газопроводы
Сельскоехозяйство ипищеваяпромышленность
Непромышленныепотребители
Государственные(муниципальные)организации ипрочиебюджетныепотребители
Население иприравненныегруппыпотребителей
Территориальныесетевыеорганизации
5 5
319 319
81 81
16 16
16 16
20 20
2 2
56 56
215 215
67 67
218 218
239 239
6 6
331 331
82 82
77 77
20 20
20 20
3 3
57 57
220 220
68 68
214 214
258 258
План
Ожидаемое (прогноз по конца года)
Интер РАО (дляФСК)
Промышленныепотребители
Транспорт
Нефтедобыча
Нефтепереработка
Нефтепроводы
Газопроводы
Сельскоехозяйство ипищеваяпромышленность
Непромышленныепотребители
Государственные(муниципальные)организации ипрочиебюджетныепотребители
Население иприравненныегруппыпотребителей
Территориальныесетевыеорганизации
-4.7% -4.7%
3.8% 3.8%
1.9% 1.9%
230.3% 230.3%
10.9% 10.9%
4.2% 4.2%
21.7% 21.7%
3.9% 3.9%
-0.6% -0.6%
1.6% 1.6%
-1.0% -1.0%
3.3% 3.3%
⬤ Отклонение, %
Интер РАО (для ФСК)
Промышленные потребители
Транспорт
Нефтедобыча
Нефтепереработка
Нефтепроводы
Газопроводы
Сельское хозяйство и пищевая пр…
Непромышленные потребители
Государственные (муниципальные…
Население и приравненные групп…
Территориальные сетевые органи…
Выручка отклонения по ПАО Россети на 2023 год
15.6% 15.6%
3.8% 3.8%
1.2% 1.2%
398.2% 398.2%
26.9% 26.9%
-0.6% -0.6%
26.9% 26.9%
1.5% 1.5%
2.7% 2.7%
2.0% 2.0%
-2.0% -2.0%
7.9% 7.9%
⬤ Отклонение, %
Интер РАО (для ФСК)
Промышленные потребители
Транспорт
Нефтедобыча
Нефтепереработка
Нефтепроводы
Газопроводы
Сельское хозяйство и пищевая пр…
Непромышленные потребители
Государственные (муниципальные…
Население и приравненные групп…
Территориальные сетевые органи…
абс.
%
Прогноз на месяц 
Ноябрь
КПО/Отпуск из сети 
Отпуск из сети, млн. кВт.ч
Организация 
Все
Прогноз электропотребления и выручки за услуги по передаче в разрезе отраслей' and expected object 'Год 
2023 год
Сравнение с 
План
Динамика электропотребления,  10 10
190 190
36 36
14 14
9 9
14 14
4 4
17 17
80 80
19 19
82 82
588 588
10 10
197 197
37 37
48 48
10 10
15 15
4 4
18 18
80 80
19 19
82 82
608 608
План
Ожидаемое (прогноз по конца года)
Интер РАО (дляФСК)
Промышленныепотребители
Транспорт
Нефтедобыча
Нефтепереработка
Нефтепроводы
Газопроводы
Сельскоехозяйство ипищеваяпромышленность
Непромышленныепотребители
Государственные(муниципальные)организации ипрочиебюджетныепотребители
Население иприравненныегруппыпотребителей
Территориальныесетевыеорганизации
5 5
319 319
81 81
16 16
16 16
20 20
2 2
56 56
215 215
67 67
218 218
239 239
6 6
331 331
82 82
77 77
20 20
20 20
3 3
57 57
220 220
68 68
214 214
258 258
План
Ожидаемое (прогноз по конца года)
Интер РАО (дляФСК)
Промышленныепотребители
Транспорт
Нефтедобыча
Нефтепереработка
Нефтепроводы
Газопроводы
Сельскоехозяйство ипищеваяпромышленность
Непромышленныепотребители
Государственные(муниципальные)организации ипрочиебюджетныепотребители
Население иприравненныегруппыпотребителей
Территориальныесетевыеорганизации
-4.7% -4.7%
3.8% 3.8%
1.9% 1.9%
230.3% 230.3%
10.9% 10.9%
4.2% 4.2%
21.7% 21.7%
3.9% 3.9%
-0.6% -0.6%
1.6% 1.6%
-1.0% -1.0%
3.3% 3.3%
⬤ Отклонение, %
Интер РАО (для ФСК)
Промышленные потребители
Транспорт
Нефтедобыча
Нефтепереработка
Нефтепроводы
Газопроводы
Сельское хозяйство и пищевая пр…
Непромышленные потребители
Государственные (муниципальные…
Население и приравненные групп…
Территориальные сетевые органи…
Выручка отклонения по ПАО Россети на 2023 год
15.6% 15.6%
3.8% 3.8%
1.2% 1.2%
398.2% 398.2%
26.9% 26.9%
-0.6% -0.6%
26.9% 26.9%
1.5% 1.5%
2.7% 2.7%
2.0% 2.0%
-2.0% -2.0%
7.9% 7.9%
⬤ Отклонение, %
Интер РАО (для ФСК)
Промышленные потребители
Транспорт
Нефтедобыча
Нефтепереработка
Нефтепроводы
Газопроводы
Сельское хозяйство и пищевая пр…
Непромышленные потребители
Государственные (муниципальные…
Население и приравненные групп…
Территориальные сетевые органи…
абс.
%
Прогноз на месяц 
Ноябрь
КПО/Отпуск из сети 
Отпуск из сети, млн. кВт.ч
Организация 
Все
Прогноз электропотребления и выручки за услуги по передаче в разрезе отраслей' are equal

16-05-2025T10:03:39 - [MESSAGE][PASSED] - Actual object 'Год 
2023 год
Сравнение с 
План
Динамика электропотребления,  10 10
190 190
36 36
14 14
9 9
14 14
4 4
17 17
80 80
19 19
82 82
588 588
10 10
197 197
37 37
48 48
10 10
15 15
4 4
18 18
80 80
19 19
82 82
608 608
План
Ожидаемое (прогноз по конца года)
Интер РАО (дляФСК)
Промышленныепотребители
Транспорт
Нефтедобыча
Нефтепереработка
Нефтепроводы
Газопроводы
Сельскоехозяйство ипищеваяпромышленность
Непромышленныепотребители
Государственные(муниципальные)организации ипрочиебюджетныепотребители
Население иприравненныегруппыпотребителей
Территориальныесетевыеорганизации
5 5
319 319
81 81
16 16
16 16
20 20
2 2
56 56
215 215
67 67
218 218
239 239
6 6
331 331
82 82
77 77
20 20
20 20
3 3
57 57
220 220
68 68
214 214
258 258
План
Ожидаемое (прогноз по конца года)
Интер РАО (дляФСК)
Промышленныепотребители
Транспорт
Нефтедобыча
Нефтепереработка
Нефтепроводы
Газопроводы
Сельскоехозяйство ипищеваяпромышленность
Непромышленныепотребители
Государственные(муниципальные)организации ипрочиебюджетныепотребители
Население иприравненныегруппыпотребителей
Территориальныесетевыеорганизации
-4.7% -4.7%
3.8% 3.8%
1.9% 1.9%
230.3% 230.3%
10.9% 10.9%
4.2% 4.2%
21.7% 21.7%
3.9% 3.9%
-0.6% -0.6%
1.6% 1.6%
-1.0% -1.0%
3.3% 3.3%
⬤ Отклонение, %
Интер РАО (для ФСК)
Промышленные потребители
Транспорт
Нефтедобыча
Нефтепереработка
Нефтепроводы
Газопроводы
Сельское хозяйство и пищевая пр…
Непромышленные потребители
Государственные (муниципальные…
Население и приравненные групп…
Территориальные сетевые органи…
Выручка отклонения по ПАО Россети на 2023 год
15.6% 15.6%
3.8% 3.8%
1.2% 1.2%
398.2% 398.2%
26.9% 26.9%
-0.6% -0.6%
26.9% 26.9%
1.5% 1.5%
2.7% 2.7%
2.0% 2.0%
-2.0% -2.0%
7.9% 7.9%
⬤ Отклонение, %
Интер РАО (для ФСК)
Промышленные потребители
Транспорт
Нефтедобыча
Нефтепереработка
Нефтепроводы
Газопроводы
Сельское хозяйство и пищевая пр…
Непромышленные потребители
Государственные (муниципальные…
Население и приравненные групп…
Территориальные сетевые органи…
абс.
%
Прогноз на месяц 
Ноябрь
КПО/Отпуск из сети 
Отпуск из сети, млн. кВт.ч
Организация 
Все
Прогноз электропотребления и выручки за услуги по передаче в разрезе отраслей' and expected object 'Год 
2023 год
Сравнение с 
План
Динамика электропотребления,  10 10
190 190
36 36
14 14
9 9
14 14
4 4
17 17
80 80
19 19
82 82
588 588
10 10
197 197
37 37
48 48
10 10
15 15
4 4
18 18
80 80
19 19
82 82
608 608
План
Ожидаемое (прогноз по конца года)
Интер РАО (дляФСК)
Промышленныепотребители
Транспорт
Нефтедобыча
Нефтепереработка
Нефтепроводы
Газопроводы
Сельскоехозяйство ипищеваяпромышленность
Непромышленныепотребители
Государственные(муниципальные)организации ипрочиебюджетныепотребители
Население иприравненныегруппыпотребителей
Территориальныесетевыеорганизации
5 5
319 319
81 81
16 16
16 16
20 20
2 2
56 56
215 215
67 67
218 218
239 239
6 6
331 331
82 82
77 77
20 20
20 20
3 3
57 57
220 220
68 68
214 214
258 258
План
Ожидаемое (прогноз по конца года)
Интер РАО (дляФСК)
Промышленныепотребители
Транспорт
Нефтедобыча
Нефтепереработка
Нефтепроводы
Газопроводы
Сельскоехозяйство ипищеваяпромышленность
Непромышленныепотребители
Государственные(муниципальные)организации ипрочиебюджетныепотребители
Население иприравненныегруппыпотребителей
Территориальныесетевыеорганизации
-4.7% -4.7%
3.8% 3.8%
1.9% 1.9%
230.3% 230.3%
10.9% 10.9%
4.2% 4.2%
21.7% 21.7%
3.9% 3.9%
-0.6% -0.6%
1.6% 1.6%
-1.0% -1.0%
3.3% 3.3%
⬤ Отклонение, %
Интер РАО (для ФСК)
Промышленные потребители
Транспорт
Нефтедобыча
Нефтепереработка
Нефтепроводы
Газопроводы
Сельское хозяйство и пищевая пр…
Непромышленные потребители
Государственные (муниципальные…
Население и приравненные групп…
Территориальные сетевые органи…
Выручка отклонения по ПАО Россети на 2023 год
15.6% 15.6%
3.8% 3.8%
1.2% 1.2%
398.2% 398.2%
26.9% 26.9%
-0.6% -0.6%
26.9% 26.9%
1.5% 1.5%
2.7% 2.7%
2.0% 2.0%
-2.0% -2.0%
7.9% 7.9%
⬤ Отклонение, %
Интер РАО (для ФСК)
Промышленные потребители
Транспорт
Нефтедобыча
Нефтепереработка
Нефтепроводы
Газопроводы
Сельское хозяйство и пищевая пр…
Непромышленные потребители
Государственные (муниципальные…
Население и приравненные групп…
Территориальные сетевые органи…
абс.
%
Прогноз на месяц 
Ноябрь
КПО/Отпуск из сети 
Отпуск из сети, млн. кВт.ч
Организация 
Все
Прогноз электропотребления и выручки за услуги по передаче в разрезе отраслей' are equal

16-05-2025T10:03:39 - [TEST_STEP][PASSED] - verifyEqual(findTestData("PlanFact").getValue(3, b), a2): Actual object 'Год 
2023 год
Сравнение с 
План
Отклонения по ПАО Россети на 2023 год
-492.2 -492.2
7 165.1 7 165.1
689.3 689.3
33 271.7 33 271.7
986.4 986.4
593.8 593.8
764.0 764.0
670.4 670.4
-592.4 -592.4
308.8 308.8
-940.9 -940.9
19 604.1 19 604.1
⬤ Отклонение, млн. кВт.ч
Интер РАО (для ФСК)
Промышленные потребители
Транспорт
Нефтедобыча
Нефтепереработка
Нефтепроводы
Газопроводы
Сельское хозяйство и пищевая пр…
Непромышленные потребители
Государственные (муниципальные…
Население и приравненные групп…
Территориальные сетевые органи…
Выручка отклонения по ПАО Россети на 2023 год
794.9 794.9
12 195.0 12 195.0
972.7 972.7
61 803.9 61 803.9
4 222.3 4 222.3
-121.8 -121.8
666.2 666.2
873.2 873.2
5 809.6 5 809.6
1 342.6 1 342.6
-4 463.2 -4 463.2
18 375.5 18 375.5
⬤ Отклонение, млн. руб.
Интер РАО (для ФСК)
Промышленные потребители
Транспорт
Нефтедобыча
Нефтепереработка
Нефтепроводы
Газопроводы
Сельское хозяйство и пищевая пр…
Непромышленные потребители
Государственные (муниципальные…
Население и приравненные групп…
Территориальные сетевые органи…
Динамика электропотребления, млрд. кВт.ч. по ПАО Россети на 2023 год
10 10
190 190
36 36
14 14
9 9
14 14
4 4
17 17
80 80
19 19
82 82
588 588
10 10
197 197
37 37
48 48
10 10
15 15
4 4
18 18
80 80
19 19
82 82
608 608
План
Ожидаемое (прогноз по конца года)
Интер РАО (дляФСК)
Промышленныепотребители
Транспорт
Нефтедобыча
Нефтепереработка
Нефтепроводы
Газопроводы
Сельскоехозяйство ипищеваяпромышленность
Непромышленныепотребители
Государственные(муниципальные)организации ипрочиебюджетныепотребители
Население иприравненныегруппыпотребителей
Территориальныесетевыеорганизации
Выручка по ПАО Россети на 2023 год
5 5
319 319
81 81
16 16
16 16
20 20
2 2
56 56
215 215
67 67
218 218
239 239
6 6
331 331
82 82
77 77
20 20
20 20
3 3
57 57
220 220
68 68
214 214
258 258
План
Ожидаемое (прогноз по конца года)
Интер РАО (дляФСК)
Промышленныепотребители
Транспорт
Нефтедобыча
Нефтепереработка
Нефтепроводы
Газопроводы
Сельскоехозяйство ипищеваяпромышленность
Непромышленныепотребители
Государственные(муниципальные)организации ипрочиебюджетныепотребители
Население иприравненныегруппыпотребителей
Территориальныесетевыеорганизации
абс.
%
Прогноз на месяц 
Ноябрь
КПО/Отпуск из сети 
Отпуск из сети, млн. кВт.ч
Организация 
Все
Прогноз электропотребления и выручки за услуги по передаче в разрезе отраслей' and expected object 'Год 
2023 год
Сравнение с 
План
Отклонения по ПАО Россети на 2023 год
-492.2 -492.2
7 165.1 7 165.1
689.3 689.3
33 271.7 33 271.7
986.4 986.4
593.8 593.8
764.0 764.0
670.4 670.4
-592.4 -592.4
308.8 308.8
-940.9 -940.9
19 604.1 19 604.1
⬤ Отклонение, млн. кВт.ч
Интер РАО (для ФСК)
Промышленные потребители
Транспорт
Нефтедобыча
Нефтепереработка
Нефтепроводы
Газопроводы
Сельское хозяйство и пищевая пр…
Непромышленные потребители
Государственные (муниципальные…
Население и приравненные групп…
Территориальные сетевые органи…
Выручка отклонения по ПАО Россети на 2023 год
794.9 794.9
12 195.0 12 195.0
972.7 972.7
61 803.9 61 803.9
4 222.3 4 222.3
-121.8 -121.8
666.2 666.2
873.2 873.2
5 809.6 5 809.6
1 342.6 1 342.6
-4 463.2 -4 463.2
18 375.5 18 375.5
⬤ Отклонение, млн. руб.
Интер РАО (для ФСК)
Промышленные потребители
Транспорт
Нефтедобыча
Нефтепереработка
Нефтепроводы
Газопроводы
Сельское хозяйство и пищевая пр…
Непромышленные потребители
Государственные (муниципальные…
Население и приравненные групп…
Территориальные сетевые органи…
Динамика электропотребления, млрд. кВт.ч. по ПАО Россети на 2023 год
10 10
190 190
36 36
14 14
9 9
14 14
4 4
17 17
80 80
19 19
82 82
588 588
10 10
197 197
37 37
48 48
10 10
15 15
4 4
18 18
80 80
19 19
82 82
608 608
План
Ожидаемое (прогноз по конца года)
Интер РАО (дляФСК)
Промышленныепотребители
Транспорт
Нефтедобыча
Нефтепереработка
Нефтепроводы
Газопроводы
Сельскоехозяйство ипищеваяпромышленность
Непромышленныепотребители
Государственные(муниципальные)организации ипрочиебюджетныепотребители
Население иприравненныегруппыпотребителей
Территориальныесетевыеорганизации
Выручка по ПАО Россети на 2023 год
5 5
319 319
81 81
16 16
16 16
20 20
2 2
56 56
215 215
67 67
218 218
239 239
6 6
331 331
82 82
77 77
20 20
20 20
3 3
57 57
220 220
68 68
214 214
258 258
План
Ожидаемое (прогноз по конца года)
Интер РАО (дляФСК)
Промышленныепотребители
Транспорт
Нефтедобыча
Нефтепереработка
Нефтепроводы
Газопроводы
Сельскоехозяйство ипищеваяпромышленность
Непромышленныепотребители
Государственные(муниципальные)организации ипрочиебюджетныепотребители
Население иприравненныегруппыпотребителей
Территориальныесетевыеорганизации
абс.
%
Прогноз на месяц 
Ноябрь
КПО/Отпуск из сети 
Отпуск из сети, млн. кВт.ч
Организация 
Все
Прогноз электропотребления и выручки за услуги по передаче в разрезе отраслей' are equal

16-05-2025T10:03:39 - [MESSAGE][PASSED] - Actual object 'Год 
2023 год
Сравнение с 
План
Отклонения по ПАО Россети на 2023 год
-492.2 -492.2
7 165.1 7 165.1
689.3 689.3
33 271.7 33 271.7
986.4 986.4
593.8 593.8
764.0 764.0
670.4 670.4
-592.4 -592.4
308.8 308.8
-940.9 -940.9
19 604.1 19 604.1
⬤ Отклонение, млн. кВт.ч
Интер РАО (для ФСК)
Промышленные потребители
Транспорт
Нефтедобыча
Нефтепереработка
Нефтепроводы
Газопроводы
Сельское хозяйство и пищевая пр…
Непромышленные потребители
Государственные (муниципальные…
Население и приравненные групп…
Территориальные сетевые органи…
Выручка отклонения по ПАО Россети на 2023 год
794.9 794.9
12 195.0 12 195.0
972.7 972.7
61 803.9 61 803.9
4 222.3 4 222.3
-121.8 -121.8
666.2 666.2
873.2 873.2
5 809.6 5 809.6
1 342.6 1 342.6
-4 463.2 -4 463.2
18 375.5 18 375.5
⬤ Отклонение, млн. руб.
Интер РАО (для ФСК)
Промышленные потребители
Транспорт
Нефтедобыча
Нефтепереработка
Нефтепроводы
Газопроводы
Сельское хозяйство и пищевая пр…
Непромышленные потребители
Государственные (муниципальные…
Население и приравненные групп…
Территориальные сетевые органи…
Динамика электропотребления, млрд. кВт.ч. по ПАО Россети на 2023 год
10 10
190 190
36 36
14 14
9 9
14 14
4 4
17 17
80 80
19 19
82 82
588 588
10 10
197 197
37 37
48 48
10 10
15 15
4 4
18 18
80 80
19 19
82 82
608 608
План
Ожидаемое (прогноз по конца года)
Интер РАО (дляФСК)
Промышленныепотребители
Транспорт
Нефтедобыча
Нефтепереработка
Нефтепроводы
Газопроводы
Сельскоехозяйство ипищеваяпромышленность
Непромышленныепотребители
Государственные(муниципальные)организации ипрочиебюджетныепотребители
Население иприравненныегруппыпотребителей
Территориальныесетевыеорганизации
Выручка по ПАО Россети на 2023 год
5 5
319 319
81 81
16 16
16 16
20 20
2 2
56 56
215 215
67 67
218 218
239 239
6 6
331 331
82 82
77 77
20 20
20 20
3 3
57 57
220 220
68 68
214 214
258 258
План
Ожидаемое (прогноз по конца года)
Интер РАО (дляФСК)
Промышленныепотребители
Транспорт
Нефтедобыча
Нефтепереработка
Нефтепроводы
Газопроводы
Сельскоехозяйство ипищеваяпромышленность
Непромышленныепотребители
Государственные(муниципальные)организации ипрочиебюджетныепотребители
Население иприравненныегруппыпотребителей
Территориальныесетевыеорганизации
абс.
%
Прогноз на месяц 
Ноябрь
КПО/Отпуск из сети 
Отпуск из сети, млн. кВт.ч
Организация 
Все
Прогноз электропотребления и выручки за услуги по передаче в разрезе отраслей' and expected object 'Год 
2023 год
Сравнение с 
План
Отклонения по ПАО Россети на 2023 год
-492.2 -492.2
7 165.1 7 165.1
689.3 689.3
33 271.7 33 271.7
986.4 986.4
593.8 593.8
764.0 764.0
670.4 670.4
-592.4 -592.4
308.8 308.8
-940.9 -940.9
19 604.1 19 604.1
⬤ Отклонение, млн. кВт.ч
Интер РАО (для ФСК)
Промышленные потребители
Транспорт
Нефтедобыча
Нефтепереработка
Нефтепроводы
Газопроводы
Сельское хозяйство и пищевая пр…
Непромышленные потребители
Государственные (муниципальные…
Население и приравненные групп…
Территориальные сетевые органи…
Выручка отклонения по ПАО Россети на 2023 год
794.9 794.9
12 195.0 12 195.0
972.7 972.7
61 803.9 61 803.9
4 222.3 4 222.3
-121.8 -121.8
666.2 666.2
873.2 873.2
5 809.6 5 809.6
1 342.6 1 342.6
-4 463.2 -4 463.2
18 375.5 18 375.5
⬤ Отклонение, млн. руб.
Интер РАО (для ФСК)
Промышленные потребители
Транспорт
Нефтедобыча
Нефтепереработка
Нефтепроводы
Газопроводы
Сельское хозяйство и пищевая пр…
Непромышленные потребители
Государственные (муниципальные…
Население и приравненные групп…
Территориальные сетевые органи…
Динамика электропотребления, млрд. кВт.ч. по ПАО Россети на 2023 год
10 10
190 190
36 36
14 14
9 9
14 14
4 4
17 17
80 80
19 19
82 82
588 588
10 10
197 197
37 37
48 48
10 10
15 15
4 4
18 18
80 80
19 19
82 82
608 608
План
Ожидаемое (прогноз по конца года)
Интер РАО (дляФСК)
Промышленныепотребители
Транспорт
Нефтедобыча
Нефтепереработка
Нефтепроводы
Газопроводы
Сельскоехозяйство ипищеваяпромышленность
Непромышленныепотребители
Государственные(муниципальные)организации ипрочиебюджетныепотребители
Население иприравненныегруппыпотребителей
Территориальныесетевыеорганизации
Выручка по ПАО Россети на 2023 год
5 5
319 319
81 81
16 16
16 16
20 20
2 2
56 56
215 215
67 67
218 218
239 239
6 6
331 331
82 82
77 77
20 20
20 20
3 3
57 57
220 220
68 68
214 214
258 258
План
Ожидаемое (прогноз по конца года)
Интер РАО (дляФСК)
Промышленныепотребители
Транспорт
Нефтедобыча
Нефтепереработка
Нефтепроводы
Газопроводы
Сельскоехозяйство ипищеваяпромышленность
Непромышленныепотребители
Государственные(муниципальные)организации ипрочиебюджетныепотребители
Население иприравненныегруппыпотребителей
Территориальныесетевыеорганизации
абс.
%
Прогноз на месяц 
Ноябрь
КПО/Отпуск из сети 
Отпуск из сети, млн. кВт.ч
Организация 
Все
Прогноз электропотребления и выручки за услуги по передаче в разрезе отраслей' are equal

16-05-2025T10:03:39 - [TEST_STEP][PASSED] - Script1686231490255.WriteToExcel(user, dashboardName, n, data, run, a1, a2, a3, a4, a5, a6, a7, a8, a9): null

16-05-2025T10:03:39 - [TEST_STEP][PASSED] - sheetName = "Sheet1": null

16-05-2025T10:03:39 - [TEST_STEP][PASSED] - workbook01 = getWorkbook(excelFilePath): null

16-05-2025T10:03:39 - [TEST_STEP][PASSED] - sheet01 = getExcelSheet(workbook01, sheetName): null

16-05-2025T10:03:39 - [TEST_STEP][PASSED] - setValueToCellByIndex(sheet01, n, 0, dashboardName): null

16-05-2025T10:03:39 - [TEST_STEP][PASSED] - setValueToCellByIndex(sheet01, n, 10, user): null

16-05-2025T10:03:39 - [TEST_STEP][PASSED] - setValueToCellByIndex(sheet01, n, 1, a1): null

16-05-2025T10:03:39 - [TEST_STEP][PASSED] - setValueToCellByIndex(sheet01, n, 2, a2): null

16-05-2025T10:03:39 - [TEST_STEP][PASSED] - setValueToCellByIndex(sheet01, n, 3, a3): null

16-05-2025T10:03:39 - [TEST_STEP][PASSED] - setValueToCellByIndex(sheet01, n, 4, a4): null

16-05-2025T10:03:39 - [TEST_STEP][PASSED] - setValueToCellByIndex(sheet01, n, 5, a5): null

16-05-2025T10:03:39 - [TEST_STEP][PASSED] - setValueToCellByIndex(sheet01, n, 6, a6): null

16-05-2025T10:03:39 - [TEST_STEP][PASSED] - setValueToCellByIndex(sheet01, n, 7, a7): null

16-05-2025T10:03:39 - [TEST_STEP][PASSED] - setValueToCellByIndex(sheet01, n, 8, a8): null

16-05-2025T10:03:39 - [TEST_STEP][PASSED] - setValueToCellByIndex(sheet01, n, 9, a9): null

16-05-2025T10:03:39 - [TEST_STEP][PASSED] - n = n + 1: null

16-05-2025T10:03:39 - [TEST_STEP][PASSED] - saveWorkbook(excelFilePath, workbook01): null

16-05-2025T10:03:39 - [TEST_STEP][PASSED] - closeBrowser(): Browser is closed

16-05-2025T10:03:40 - [MESSAGE][PASSED] - Browser is closed]]></system-out>
         <system-err><![CDATA[16-05-2025T07:24:11 - [TEST_CASE][FAILED] - Test Cases/Сверки дашбордов/Блок руководителя сверка дашбордов под разными учётками: Test Cases/Сверки дашбордов/Блок руководителя сверка дашбордов под разными учётками FAILED.
Reason:
com.kms.katalon.core.exception.StepFailedException: Unable to get text of object (Root cause: com.kms.katalon.core.exception.StepFailedException: Unable to get text of object
	at com.kms.katalon.core.webui.keyword.internal.WebUIKeywordMain.stepFailed(WebUIKeywordMain.groovy:64)
	at com.kms.katalon.core.webui.keyword.internal.WebUIKeywordMain.runKeyword(WebUIKeywordMain.groovy:26)
	at com.kms.katalon.core.webui.keyword.builtin.GetTextKeyword.getText(GetTextKeyword.groovy:88)
	at com.kms.katalon.core.webui.keyword.builtin.GetTextKeyword.execute(GetTextKeyword.groovy:67)
	at com.kms.katalon.core.keyword.internal.KeywordExecutor.executeKeywordForPlatform(KeywordExecutor.groovy:74)
	at com.kms.katalon.core.webui.keyword.WebUiBuiltInKeywords.getText(WebUiBuiltInKeywords.groovy:957)
	at Блок руководителя сверка дашбордов под разными учётками.VipolnenieBiznesPlana(Блок руководителя сверка дашбордов под разными учётками:276)
	at Блок руководителя сверка дашбордов под разными учётками.run(Блок руководителя сверка дашбордов под разными учётками:52)
	at com.kms.katalon.core.main.ScriptEngine.run(ScriptEngine.java:194)
	at com.kms.katalon.core.main.ScriptEngine.runScriptAsRawText(ScriptEngine.java:119)
	at com.kms.katalon.core.main.TestCaseExecutor.runScript(TestCaseExecutor.java:448)
	at com.kms.katalon.core.main.TestCaseExecutor.doExecute(TestCaseExecutor.java:439)
	at com.kms.katalon.core.main.TestCaseExecutor.processExecutionPhase(TestCaseExecutor.java:418)
	at com.kms.katalon.core.main.TestCaseExecutor.accessMainPhase(TestCaseExecutor.java:410)
	at com.kms.katalon.core.main.TestCaseExecutor.execute(TestCaseExecutor.java:285)
	at com.kms.katalon.core.common.CommonExecutor.accessTestCaseMainPhase(CommonExecutor.java:65)
	at com.kms.katalon.core.main.TestSuiteExecutor.accessTestSuiteMainPhase(TestSuiteExecutor.java:150)
	at com.kms.katalon.core.main.TestSuiteExecutor.execute(TestSuiteExecutor.java:106)
	at com.kms.katalon.core.main.TestCaseMain.startTestSuite(TestCaseMain.java:180)
	at TempTestSuite1747369435659.run(TempTestSuite1747369435659.groovy:35)
	at java.base/jdk.internal.reflect.NativeMethodAccessorImpl.invoke0(Native Method)
	at java.base/jdk.internal.reflect.NativeMethodAccessorImpl.invoke(NativeMethodAccessorImpl.java:77)
	at java.base/jdk.internal.reflect.DelegatingMethodAccessorImpl.invoke(DelegatingMethodAccessorImpl.java:43)
Caused by: java.lang.IllegalArgumentException: Object is null
	at com.kms.katalon.core.helper.KeywordHelper.checkTestObjectParameter(KeywordHelper.java:33)
	at com.kms.katalon.core.webui.keyword.builtin.GetTextKeyword$_getText_closure1.doCall(GetTextKeyword.groovy:76)
	at com.kms.katalon.core.webui.keyword.builtin.GetTextKeyword$_getText_closure1.call(GetTextKeyword.groovy)
	at com.kms.katalon.core.webui.keyword.internal.WebUIKeywordMain.runKeyword(WebUIKeywordMain.groovy:20)
	at com.kms.katalon.core.webui.keyword.builtin.GetTextKeyword.getText(GetTextKeyword.groovy:88)
	at com.kms.katalon.core.webui.keyword.builtin.GetTextKeyword.execute(GetTextKeyword.groovy:67)
	at com.kms.katalon.core.keyword.internal.KeywordExecutor.executeKeywordForPlatform(KeywordExecutor.groovy:74)
	at com.kms.katalon.core.webui.keyword.WebUiBuiltInKeywords.getText(WebUiBuiltInKeywords.groovy:957)
	at Script1686231490255.VipolnenieBiznesPlana(Script1686231490255.groovy:276)
	at Script1686231490255.run(Script1686231490255.groovy:52)
	... 15 more
)
	at com.kms.katalon.core.keyword.internal.KeywordMain.stepFailed(KeywordMain.groovy:39)
	at com.kms.katalon.core.webui.keyword.internal.WebUIKeywordMain.stepFailed(WebUIKeywordMain.groovy:64)
	at com.kms.katalon.core.webui.keyword.internal.WebUIKeywordMain.runKeyword(WebUIKeywordMain.groovy:26)
	at com.kms.katalon.core.webui.keyword.builtin.GetTextKeyword.getText(GetTextKeyword.groovy:88)
	at com.kms.katalon.core.webui.keyword.builtin.GetTextKeyword.execute(GetTextKeyword.groovy:67)
	at com.kms.katalon.core.keyword.internal.KeywordExecutor.executeKeywordForPlatform(KeywordExecutor.groovy:74)
	at com.kms.katalon.core.webui.keyword.WebUiBuiltInKeywords.getText(WebUiBuiltInKeywords.groovy:957)
	at Блок руководителя сверка дашбордов под разными учётками.VipolnenieBiznesPlana(Блок руководителя сверка дашбордов под разными учётками:276)
	at Блок руководителя сверка дашбордов под разными учётками.run(Блок руководителя сверка дашбордов под разными учётками:52)
	at com.kms.katalon.core.main.ScriptEngine.run(ScriptEngine.java:194)
	at com.kms.katalon.core.main.ScriptEngine.runScriptAsRawText(ScriptEngine.java:119)
	at com.kms.katalon.core.main.TestCaseExecutor.runScript(TestCaseExecutor.java:448)
	at com.kms.katalon.core.main.TestCaseExecutor.doExecute(TestCaseExecutor.java:439)
	at com.kms.katalon.core.main.TestCaseExecutor.processExecutionPhase(TestCaseExecutor.java:418)
	at com.kms.katalon.core.main.TestCaseExecutor.accessMainPhase(TestCaseExecutor.java:410)
	at com.kms.katalon.core.main.TestCaseExecutor.execute(TestCaseExecutor.java:285)
	at com.kms.katalon.core.common.CommonExecutor.accessTestCaseMainPhase(CommonExecutor.java:65)
	at com.kms.katalon.core.main.TestSuiteExecutor.accessTestSuiteMainPhase(TestSuiteExecutor.java:150)
	at com.kms.katalon.core.main.TestSuiteExecutor.execute(TestSuiteExecutor.java:106)
	at com.kms.katalon.core.main.TestCaseMain.startTestSuite(TestCaseMain.java:180)
	at TempTestSuite1747369435659.run(TempTestSuite1747369435659.groovy:35)
	at java.base/jdk.internal.reflect.NativeMethodAccessorImpl.invoke0(Native Method)
	at java.base/jdk.internal.reflect.NativeMethodAccessorImpl.invoke(NativeMethodAccessorImpl.java:77)
	at java.base/jdk.internal.reflect.DelegatingMethodAccessorImpl.invoke(DelegatingMethodAccessorImpl.java:43)
Caused by: com.kms.katalon.core.exception.StepFailedException: Unable to get text of object
	... 23 more
Caused by: java.lang.IllegalArgumentException: Object is null
	at com.kms.katalon.core.helper.KeywordHelper.checkTestObjectParameter(KeywordHelper.java:33)
	at com.kms.katalon.core.webui.keyword.builtin.GetTextKeyword$_getText_closure1.doCall(GetTextKeyword.groovy:76)
	at com.kms.katalon.core.webui.keyword.builtin.GetTextKeyword$_getText_closure1.call(GetTextKeyword.groovy)
	at com.kms.katalon.core.webui.keyword.internal.WebUIKeywordMain.runKeyword(WebUIKeywordMain.groovy:20)
	... 21 more]]></system-err>
      </testcase>
      <testcase name="Test Cases/Сверки дашбордов/Выполнение бизнес-плана сверка дашбордов" time="444.987" classname="Test Cases/Сверки дашбордов/Выполнение бизнес-плана сверка дашбордов" status="FAILED">
         <failure type="FAILED" message="Test Cases/Сверки дашбордов/Выполнение бизнес-плана сверка дашбордов FAILED.&#xa;Reason:&#xa;com.kms.katalon.core.exception.StepFailedException: Unable to verify object is present (Root cause: com.kms.katalon.core.exception.StepFailedException: Unable to verify object is present&#xa;	at com.kms.katalon.core.webui.keyword.internal.WebUIKeywordMain.stepFailed(WebUIKeywordMain.groovy:64)&#xa;	at com.kms.katalon.core.webui.keyword.internal.WebUIKeywordMain.runKeyword(WebUIKeywordMain.groovy:26)&#xa;	at com.kms.katalon.core.webui.keyword.builtin.VerifyElementPresentKeyword.verifyElementPresent(VerifyElementPresentKeyword.groovy:92)&#xa;	at com.kms.katalon.core.webui.keyword.builtin.VerifyElementPresentKeyword.execute(VerifyElementPresentKeyword.groovy:68)&#xa;	at com.kms.katalon.core.keyword.internal.KeywordExecutor.executeKeywordForPlatform(KeywordExecutor.groovy:74)&#xa;	at com.kms.katalon.core.webui.keyword.WebUiBuiltInKeywords.verifyElementPresent(WebUiBuiltInKeywords.groovy:1503)&#xa;	at Выполнение бизнес-плана сверка дашбордов.GetAllPAOData(Выполнение бизнес-плана сверка дашбордов:862)&#xa;	at Выполнение бизнес-плана сверка дашбордов.run(Выполнение бизнес-плана сверка дашбордов:362)&#xa;	at com.kms.katalon.core.main.ScriptEngine.run(ScriptEngine.java:194)&#xa;	at com.kms.katalon.core.main.ScriptEngine.runScriptAsRawText(ScriptEngine.java:119)&#xa;	at com.kms.katalon.core.main.TestCaseExecutor.runScript(TestCaseExecutor.java:448)&#xa;	at com.kms.katalon.core.main.TestCaseExecutor.doExecute(TestCaseExecutor.java:439)&#xa;	at com.kms.katalon.core.main.TestCaseExecutor.processExecutionPhase(TestCaseExecutor.java:418)&#xa;	at com.kms.katalon.core.main.TestCaseExecutor.accessMainPhase(TestCaseExecutor.java:410)&#xa;	at com.kms.katalon.core.main.TestCaseExecutor.execute(TestCaseExecutor.java:285)&#xa;	at com.kms.katalon.core.common.CommonExecutor.accessTestCaseMainPhase(CommonExecutor.java:65)&#xa;	at com.kms.katalon.core.main.TestSuiteExecutor.accessTestSuiteMainPhase(TestSuiteExecutor.java:150)&#xa;	at com.kms.katalon.core.main.TestSuiteExecutor.execute(TestSuiteExecutor.java:106)&#xa;	at com.kms.katalon.core.main.TestCaseMain.startTestSuite(TestCaseMain.java:180)&#xa;	at TempTestSuite1747369435659.run(TempTestSuite1747369435659.groovy:35)&#xa;	at java.base/jdk.internal.reflect.NativeMethodAccessorImpl.invoke0(Native Method)&#xa;	at java.base/jdk.internal.reflect.NativeMethodAccessorImpl.invoke(NativeMethodAccessorImpl.java:77)&#xa;	at java.base/jdk.internal.reflect.DelegatingMethodAccessorImpl.invoke(DelegatingMethodAccessorImpl.java:43)&#xa;Caused by: java.lang.IllegalArgumentException: Object is null&#xa;	at com.kms.katalon.core.helper.KeywordHelper.checkTestObjectParameter(KeywordHelper.java:33)&#xa;	at com.kms.katalon.core.webui.keyword.builtin.VerifyElementPresentKeyword$_verifyElementPresent_closure1.doCall(VerifyElementPresentKeyword.groovy:76)&#xa;	at com.kms.katalon.core.webui.keyword.builtin.VerifyElementPresentKeyword$_verifyElementPresent_closure1.call(VerifyElementPresentKeyword.groovy)&#xa;	at com.kms.katalon.core.webui.keyword.internal.WebUIKeywordMain.runKeyword(WebUIKeywordMain.groovy:20)&#xa;	at com.kms.katalon.core.webui.keyword.builtin.VerifyElementPresentKeyword.verifyElementPresent(VerifyElementPresentKeyword.groovy:92)&#xa;	at com.kms.katalon.core.webui.keyword.builtin.VerifyElementPresentKeyword.execute(VerifyElementPresentKeyword.groovy:68)&#xa;	at com.kms.katalon.core.keyword.internal.KeywordExecutor.executeKeywordForPlatform(KeywordExecutor.groovy:74)&#xa;	at com.kms.katalon.core.webui.keyword.WebUiBuiltInKeywords.verifyElementPresent(WebUiBuiltInKeywords.groovy:1503)&#xa;	at Script1719299571342.GetAllPAOData(Script1719299571342.groovy:862)&#xa;	at Script1719299571342.run(Script1719299571342.groovy:362)&#xa;	... 15 more&#xa;)&#xa;	at com.kms.katalon.core.keyword.internal.KeywordMain.stepFailed(KeywordMain.groovy:39)&#xa;	at com.kms.katalon.core.webui.keyword.internal.WebUIKeywordMain.stepFailed(WebUIKeywordMain.groovy:64)&#xa;	at com.kms.katalon.core.webui.keyword.internal.WebUIKeywordMain.runKeyword(WebUIKeywordMain.groovy:26)&#xa;	at com.kms.katalon.core.webui.keyword.builtin.VerifyElementPresentKeyword.verifyElementPresent(VerifyElementPresentKeyword.groovy:92)&#xa;	at com.kms.katalon.core.webui.keyword.builtin.VerifyElementPresentKeyword.execute(VerifyElementPresentKeyword.groovy:68)&#xa;	at com.kms.katalon.core.keyword.internal.KeywordExecutor.executeKeywordForPlatform(KeywordExecutor.groovy:74)&#xa;	at com.kms.katalon.core.webui.keyword.WebUiBuiltInKeywords.verifyElementPresent(WebUiBuiltInKeywords.groovy:1503)&#xa;	at Выполнение бизнес-плана сверка дашбордов.GetAllPAOData(Выполнение бизнес-плана сверка дашбордов:862)&#xa;	at Выполнение бизнес-плана сверка дашбордов.run(Выполнение бизнес-плана сверка дашбордов:362)&#xa;	at com.kms.katalon.core.main.ScriptEngine.run(ScriptEngine.java:194)&#xa;	at com.kms.katalon.core.main.ScriptEngine.runScriptAsRawText(ScriptEngine.java:119)&#xa;	at com.kms.katalon.core.main.TestCaseExecutor.runScript(TestCaseExecutor.java:448)&#xa;	at com.kms.katalon.core.main.TestCaseExecutor.doExecute(TestCaseExecutor.java:439)&#xa;	at com.kms.katalon.core.main.TestCaseExecutor.processExecutionPhase(TestCaseExecutor.java:418)&#xa;	at com.kms.katalon.core.main.TestCaseExecutor.accessMainPhase(TestCaseExecutor.java:410)&#xa;	at com.kms.katalon.core.main.TestCaseExecutor.execute(TestCaseExecutor.java:285)&#xa;	at com.kms.katalon.core.common.CommonExecutor.accessTestCaseMainPhase(CommonExecutor.java:65)&#xa;	at com.kms.katalon.core.main.TestSuiteExecutor.accessTestSuiteMainPhase(TestSuiteExecutor.java:150)&#xa;	at com.kms.katalon.core.main.TestSuiteExecutor.execute(TestSuiteExecutor.java:106)&#xa;	at com.kms.katalon.core.main.TestCaseMain.startTestSuite(TestCaseMain.java:180)&#xa;	at TempTestSuite1747369435659.run(TempTestSuite1747369435659.groovy:35)&#xa;	at java.base/jdk.internal.reflect.NativeMethodAccessorImpl.invoke0(Native Method)&#xa;	at java.base/jdk.internal.reflect.NativeMethodAccessorImpl.invoke(NativeMethodAccessorImpl.java:77)&#xa;	at java.base/jdk.internal.reflect.DelegatingMethodAccessorImpl.invoke(DelegatingMethodAccessorImpl.java:43)&#xa;Caused by: com.kms.katalon.core.exception.StepFailedException: Unable to verify object is present&#xa;	... 23 more&#xa;Caused by: java.lang.IllegalArgumentException: Object is null&#xa;	at com.kms.katalon.core.helper.KeywordHelper.checkTestObjectParameter(KeywordHelper.java:33)&#xa;	at com.kms.katalon.core.webui.keyword.builtin.VerifyElementPresentKeyword$_verifyElementPresent_closure1.doCall(VerifyElementPresentKeyword.groovy:76)&#xa;	at com.kms.katalon.core.webui.keyword.builtin.VerifyElementPresentKeyword$_verifyElementPresent_closure1.call(VerifyElementPresentKeyword.groovy)&#xa;	at com.kms.katalon.core.webui.keyword.internal.WebUIKeywordMain.runKeyword(WebUIKeywordMain.groovy:20)&#xa;	... 21 more&#xa;"/>
         <system-out><![CDATA[16-05-2025T10:03:40 - [TEST_CASE][FAILED] - Test Cases/Сверки дашбордов/Выполнение бизнес-плана сверка дашбордов: Test Cases/Сверки дашбордов/Выполнение бизнес-плана сверка дашбордов FAILED.
Reason:
com.kms.katalon.core.exception.StepFailedException: Unable to verify object is present (Root cause: com.kms.katalon.core.exception.StepFailedException: Unable to verify object is present
	at com.kms.katalon.core.webui.keyword.internal.WebUIKeywordMain.stepFailed(WebUIKeywordMain.groovy:64)
	at com.kms.katalon.core.webui.keyword.internal.WebUIKeywordMain.runKeyword(WebUIKeywordMain.groovy:26)
	at com.kms.katalon.core.webui.keyword.builtin.VerifyElementPresentKeyword.verifyElementPresent(VerifyElementPresentKeyword.groovy:92)
	at com.kms.katalon.core.webui.keyword.builtin.VerifyElementPresentKeyword.execute(VerifyElementPresentKeyword.groovy:68)
	at com.kms.katalon.core.keyword.internal.KeywordExecutor.executeKeywordForPlatform(KeywordExecutor.groovy:74)
	at com.kms.katalon.core.webui.keyword.WebUiBuiltInKeywords.verifyElementPresent(WebUiBuiltInKeywords.groovy:1503)
	at Выполнение бизнес-плана сверка дашбордов.GetAllPAOData(Выполнение бизнес-плана сверка дашбордов:862)
	at Выполнение бизнес-плана сверка дашбордов.run(Выполнение бизнес-плана сверка дашбордов:362)
	at com.kms.katalon.core.main.ScriptEngine.run(ScriptEngine.java:194)
	at com.kms.katalon.core.main.ScriptEngine.runScriptAsRawText(ScriptEngine.java:119)
	at com.kms.katalon.core.main.TestCaseExecutor.runScript(TestCaseExecutor.java:448)
	at com.kms.katalon.core.main.TestCaseExecutor.doExecute(TestCaseExecutor.java:439)
	at com.kms.katalon.core.main.TestCaseExecutor.processExecutionPhase(TestCaseExecutor.java:418)
	at com.kms.katalon.core.main.TestCaseExecutor.accessMainPhase(TestCaseExecutor.java:410)
	at com.kms.katalon.core.main.TestCaseExecutor.execute(TestCaseExecutor.java:285)
	at com.kms.katalon.core.common.CommonExecutor.accessTestCaseMainPhase(CommonExecutor.java:65)
	at com.kms.katalon.core.main.TestSuiteExecutor.accessTestSuiteMainPhase(TestSuiteExecutor.java:150)
	at com.kms.katalon.core.main.TestSuiteExecutor.execute(TestSuiteExecutor.java:106)
	at com.kms.katalon.core.main.TestCaseMain.startTestSuite(TestCaseMain.java:180)
	at TempTestSuite1747369435659.run(TempTestSuite1747369435659.groovy:35)
	at java.base/jdk.internal.reflect.NativeMethodAccessorImpl.invoke0(Native Method)
	at java.base/jdk.internal.reflect.NativeMethodAccessorImpl.invoke(NativeMethodAccessorImpl.java:77)
	at java.base/jdk.internal.reflect.DelegatingMethodAccessorImpl.invoke(DelegatingMethodAccessorImpl.java:43)
Caused by: java.lang.IllegalArgumentException: Object is null
	at com.kms.katalon.core.helper.KeywordHelper.checkTestObjectParameter(KeywordHelper.java:33)
	at com.kms.katalon.core.webui.keyword.builtin.VerifyElementPresentKeyword$_verifyElementPresent_closure1.doCall(VerifyElementPresentKeyword.groovy:76)
	at com.kms.katalon.core.webui.keyword.builtin.VerifyElementPresentKeyword$_verifyElementPresent_closure1.call(VerifyElementPresentKeyword.groovy)
	at com.kms.katalon.core.webui.keyword.internal.WebUIKeywordMain.runKeyword(WebUIKeywordMain.groovy:20)
	at com.kms.katalon.core.webui.keyword.builtin.VerifyElementPresentKeyword.verifyElementPresent(VerifyElementPresentKeyword.groovy:92)
	at com.kms.katalon.core.webui.keyword.builtin.VerifyElementPresentKeyword.execute(VerifyElementPresentKeyword.groovy:68)
	at com.kms.katalon.core.keyword.internal.KeywordExecutor.executeKeywordForPlatform(KeywordExecutor.groovy:74)
	at com.kms.katalon.core.webui.keyword.WebUiBuiltInKeywords.verifyElementPresent(WebUiBuiltInKeywords.groovy:1503)
	at Script1719299571342.GetAllPAOData(Script1719299571342.groovy:862)
	at Script1719299571342.run(Script1719299571342.groovy:362)
	... 15 more
)
	at com.kms.katalon.core.keyword.internal.KeywordMain.stepFailed(KeywordMain.groovy:39)
	at com.kms.katalon.core.webui.keyword.internal.WebUIKeywordMain.stepFailed(WebUIKeywordMain.groovy:64)
	at com.kms.katalon.core.webui.keyword.internal.WebUIKeywordMain.runKeyword(WebUIKeywordMain.groovy:26)
	at com.kms.katalon.core.webui.keyword.builtin.VerifyElementPresentKeyword.verifyElementPresent(VerifyElementPresentKeyword.groovy:92)
	at com.kms.katalon.core.webui.keyword.builtin.VerifyElementPresentKeyword.execute(VerifyElementPresentKeyword.groovy:68)
	at com.kms.katalon.core.keyword.internal.KeywordExecutor.executeKeywordForPlatform(KeywordExecutor.groovy:74)
	at com.kms.katalon.core.webui.keyword.WebUiBuiltInKeywords.verifyElementPresent(WebUiBuiltInKeywords.groovy:1503)
	at Выполнение бизнес-плана сверка дашбордов.GetAllPAOData(Выполнение бизнес-плана сверка дашбордов:862)
	at Выполнение бизнес-плана сверка дашбордов.run(Выполнение бизнес-плана сверка дашбордов:362)
	at com.kms.katalon.core.main.ScriptEngine.run(ScriptEngine.java:194)
	at com.kms.katalon.core.main.ScriptEngine.runScriptAsRawText(ScriptEngine.java:119)
	at com.kms.katalon.core.main.TestCaseExecutor.runScript(TestCaseExecutor.java:448)
	at com.kms.katalon.core.main.TestCaseExecutor.doExecute(TestCaseExecutor.java:439)
	at com.kms.katalon.core.main.TestCaseExecutor.processExecutionPhase(TestCaseExecutor.java:418)
	at com.kms.katalon.core.main.TestCaseExecutor.accessMainPhase(TestCaseExecutor.java:410)
	at com.kms.katalon.core.main.TestCaseExecutor.execute(TestCaseExecutor.java:285)
	at com.kms.katalon.core.common.CommonExecutor.accessTestCaseMainPhase(CommonExecutor.java:65)
	at com.kms.katalon.core.main.TestSuiteExecutor.accessTestSuiteMainPhase(TestSuiteExecutor.java:150)
	at com.kms.katalon.core.main.TestSuiteExecutor.execute(TestSuiteExecutor.java:106)
	at com.kms.katalon.core.main.TestCaseMain.startTestSuite(TestCaseMain.java:180)
	at TempTestSuite1747369435659.run(TempTestSuite1747369435659.groovy:35)
	at java.base/jdk.internal.reflect.NativeMethodAccessorImpl.invoke0(Native Method)
	at java.base/jdk.internal.reflect.NativeMethodAccessorImpl.invoke(NativeMethodAccessorImpl.java:77)
	at java.base/jdk.internal.reflect.DelegatingMethodAccessorImpl.invoke(DelegatingMethodAccessorImpl.java:43)
Caused by: com.kms.katalon.core.exception.StepFailedException: Unable to verify object is present
	... 23 more
Caused by: java.lang.IllegalArgumentException: Object is null
	at com.kms.katalon.core.helper.KeywordHelper.checkTestObjectParameter(KeywordHelper.java:33)
	at com.kms.katalon.core.webui.keyword.builtin.VerifyElementPresentKeyword$_verifyElementPresent_closure1.doCall(VerifyElementPresentKeyword.groovy:76)
	at com.kms.katalon.core.webui.keyword.builtin.VerifyElementPresentKeyword$_verifyElementPresent_closure1.call(VerifyElementPresentKeyword.groovy)
	at com.kms.katalon.core.webui.keyword.internal.WebUIKeywordMain.runKeyword(WebUIKeywordMain.groovy:20)
	... 21 more


16-05-2025T10:03:40 - [TEST_STEP][PASSED] - date = new java.util.Date(): null

16-05-2025T10:03:40 - [TEST_STEP][PASSED] - todaysDate = date.format("dd.MM.yyyy"): null

16-05-2025T10:03:40 - [TEST_STEP][PASSED] - blockNum = <not implemented yet for class: org.codehaus.groovy.ast.expr.EmptyExpression>: null

16-05-2025T10:03:40 - [TEST_STEP][PASSED] - path = <not implemented yet for class: org.codehaus.groovy.ast.expr.EmptyExpression>: null

16-05-2025T10:03:40 - [TEST_STEP][PASSED] - typeOfData = <not implemented yet for class: org.codehaus.groovy.ast.expr.EmptyExpression>: null

16-05-2025T10:03:40 - [TEST_STEP][PASSED] - i = <not implemented yet for class: org.codehaus.groovy.ast.expr.EmptyExpression>: null

16-05-2025T10:03:40 - [TEST_STEP][PASSED] - dZO = <not implemented yet for class: org.codehaus.groovy.ast.expr.EmptyExpression>: null

16-05-2025T10:03:40 - [TEST_STEP][PASSED] - vidget = <not implemented yet for class: org.codehaus.groovy.ast.expr.EmptyExpression>: null

16-05-2025T10:03:40 - [TEST_STEP][PASSED] - tabR = <not implemented yet for class: org.codehaus.groovy.ast.expr.EmptyExpression>: null

16-05-2025T10:03:40 - [TEST_STEP][PASSED] - tabB = <not implemented yet for class: org.codehaus.groovy.ast.expr.EmptyExpression>: null

16-05-2025T10:03:40 - [TEST_STEP][PASSED] - o1R = <not implemented yet for class: org.codehaus.groovy.ast.expr.EmptyExpression>: null

16-05-2025T10:03:40 - [TEST_STEP][PASSED] - o1B = <not implemented yet for class: org.codehaus.groovy.ast.expr.EmptyExpression>: null

16-05-2025T10:03:40 - [TEST_STEP][PASSED] - PercPlanR = <not implemented yet for class: org.codehaus.groovy.ast.expr.EmptyExpression>: null

16-05-2025T10:03:40 - [TEST_STEP][PASSED] - PercPlanB = <not implemented yet for class: org.codehaus.groovy.ast.expr.EmptyExpression>: null

16-05-2025T10:03:40 - [TEST_STEP][PASSED] - PercFactR = <not implemented yet for class: org.codehaus.groovy.ast.expr.EmptyExpression>: null

16-05-2025T10:03:40 - [TEST_STEP][PASSED] - PercFactB = <not implemented yet for class: org.codehaus.groovy.ast.expr.EmptyExpression>: null

16-05-2025T10:03:40 - [TEST_STEP][PASSED] - pRR = "ПАО Россети/": null

16-05-2025T10:03:40 - [TEST_STEP][PASSED] - fR = "Россети ФСК ЕЭС/": null

16-05-2025T10:03:40 - [TEST_STEP][PASSED] - tyR = "АО "Тываэнерго"/": null

16-05-2025T10:03:40 - [TEST_STEP][PASSED] - chR = "Чеченэнерго": null

16-05-2025T10:03:40 - [TEST_STEP][PASSED] - vR = "Россети Волга/": null

16-05-2025T10:03:40 - [TEST_STEP][PASSED] - kR = "Россети Кубань/": null

16-05-2025T10:03:40 - [TEST_STEP][PASSED] - lR = "Россети Ленэнерго (ГК)/": null

16-05-2025T10:03:40 - [TEST_STEP][PASSED] - mR = "Россети Московский регион/": null

16-05-2025T10:03:40 - [TEST_STEP][PASSED] - sKR = "Россети Северный Кавказ (ГК)/": null

16-05-2025T10:03:40 - [TEST_STEP][PASSED] - sZR = "Россети Северо-Запад/": null

16-05-2025T10:03:40 - [TEST_STEP][PASSED] - siR = "Россети Сибирь (ГК)/": null

16-05-2025T10:03:40 - [TEST_STEP][PASSED] - tomR = "Россети Томск/": null

16-05-2025T10:03:40 - [TEST_STEP][PASSED] - tyumR = "Россети Тюмень/": null

16-05-2025T10:03:40 - [TEST_STEP][PASSED] - urR = "Россети Урал (ГК)/": null

16-05-2025T10:03:40 - [TEST_STEP][PASSED] - cenR = "Россети Центр (ГК)/": null

16-05-2025T10:03:40 - [TEST_STEP][PASSED] - cIPR = "Россети Центр и Приволжье (ГК)/": null

16-05-2025T10:03:40 - [TEST_STEP][PASSED] - ugR = "Россети Юг (ГК)/": null

16-05-2025T10:03:40 - [TEST_STEP][PASSED] - yR = "Россети Янтарь/": null

16-05-2025T10:03:40 - [TEST_STEP][PASSED] - pRB = "ПАО Россети/": null

16-05-2025T10:03:40 - [TEST_STEP][PASSED] - fB = "Россети ФСК ЕЭС/": null

16-05-2025T10:03:40 - [TEST_STEP][PASSED] - tyB = "АО "Тываэнерго"/": null

16-05-2025T10:03:40 - [TEST_STEP][PASSED] - chB = "Чеченэнерго": null

16-05-2025T10:03:40 - [TEST_STEP][PASSED] - vB = "Россети Волга/": null

16-05-2025T10:03:40 - [TEST_STEP][PASSED] - kB = "Россети Кубань/": null

16-05-2025T10:03:40 - [TEST_STEP][PASSED] - lB = "Россети Ленэнерго (ГК)/": null

16-05-2025T10:03:40 - [TEST_STEP][PASSED] - mB = "Россети Московский регион/": null

16-05-2025T10:03:40 - [TEST_STEP][PASSED] - sKB = "Россети Северный Кавказ (ГК)/": null

16-05-2025T10:03:40 - [TEST_STEP][PASSED] - sZB = "Россети Северо-Запад/": null

16-05-2025T10:03:40 - [TEST_STEP][PASSED] - siB = "Россети Сибирь (ГК)/": null

16-05-2025T10:03:40 - [TEST_STEP][PASSED] - tomB = "Россети Томск/": null

16-05-2025T10:03:41 - [TEST_STEP][PASSED] - tyumB = "Россети Тюмень/": null

16-05-2025T10:03:41 - [TEST_STEP][PASSED] - urB = "Россети Урал (ГК)/": null

16-05-2025T10:03:41 - [TEST_STEP][PASSED] - cenB = "Россети Центр (ГК)/": null

16-05-2025T10:03:41 - [TEST_STEP][PASSED] - cIPB = "Россети Центр и Приволжье (ГК)/": null

16-05-2025T10:03:41 - [TEST_STEP][PASSED] - ugB = "Россети Юг (ГК)/": null

16-05-2025T10:03:41 - [TEST_STEP][PASSED] - yB = "Россети Янтарь/": null

16-05-2025T10:03:41 - [TEST_STEP][PASSED] - VseDZO = <not implemented yet for class: org.codehaus.groovy.ast.expr.EmptyExpression>: null

16-05-2025T10:03:41 - [TEST_STEP][PASSED] - a = <not implemented yet for class: org.codehaus.groovy.ast.expr.EmptyExpression>: null

16-05-2025T10:03:41 - [TEST_STEP][PASSED] - b = <not implemented yet for class: org.codehaus.groovy.ast.expr.EmptyExpression>: null

16-05-2025T10:03:41 - [TEST_STEP][PASSED] - dZONum = 0: null

16-05-2025T10:03:41 - [TEST_STEP][PASSED] - x = <not implemented yet for class: org.codehaus.groovy.ast.expr.EmptyExpression>: null

16-05-2025T10:03:41 - [TEST_STEP][PASSED] - blockNum = 1: null

16-05-2025T10:03:41 - [TEST_STEP][PASSED] - path = "Object Repository/Выполнение бизнес-плана/": null

16-05-2025T10:03:41 - [TEST_STEP][PASSED] - Script1719299571342.Presettings(blockNum, path): null

16-05-2025T10:03:41 - [TEST_STEP][PASSED] - blockNumber = <not implemented yet for class: org.codehaus.groovy.ast.expr.EmptyExpression>: null

16-05-2025T10:03:41 - [TEST_STEP][PASSED] - urlText = <not implemented yet for class: org.codehaus.groovy.ast.expr.EmptyExpression>: null

16-05-2025T10:03:41 - [TEST_STEP][PASSED] - searchWord = <not implemented yet for class: org.codehaus.groovy.ast.expr.EmptyExpression>: null

16-05-2025T10:03:41 - [TEST_STEP][PASSED] - i = <not implemented yet for class: org.codehaus.groovy.ast.expr.EmptyExpression>: null

16-05-2025T10:03:41 - [TEST_STEP][PASSED] - ii = <not implemented yet for class: org.codehaus.groovy.ast.expr.EmptyExpression>: null

16-05-2025T10:03:41 - [TEST_STEP][PASSED] - openBrowser(""): Browser is opened with url: ''

16-05-2025T10:03:41 - [MESSAGE][INFO] - Starting 'Chrome' driver

16-05-2025T10:03:41 - [MESSAGE][INFO] - Action delay is set to 0 milliseconds

16-05-2025T10:03:42 - [MESSAGE][PASSED] - Browser is opened with url: ''

16-05-2025T10:03:42 - [TEST_STEP][PASSED] - if (blockNum == 1): null

16-05-2025T10:03:42 - [TEST_STEP][PASSED] - path = "Object Repository/Выполнение бизнес-плана/": null

16-05-2025T10:03:42 - [TEST_STEP][PASSED] - blockNumber = 1: null

16-05-2025T10:03:42 - [TEST_STEP][PASSED] - navigateToUrl(findTestData("PlanFact").getValue(10, blockNumber)): Navigate to 'https://bi.rosseti.digital/viewer?dashboardGuid=d154a8eaf6824e2b9de1bb04dd061c18&sheetGuid=1305e8ce744049e1abdacea1ea397a26&fit=true' successfully

16-05-2025T10:03:44 - [MESSAGE][PASSED] - Navigate to 'https://bi.rosseti.digital/viewer?dashboardGuid=d154a8eaf6824e2b9de1bb04dd061c18&sheetGuid=1305e8ce744049e1abdacea1ea397a26&fit=true' successfully

16-05-2025T10:03:44 - [TEST_STEP][PASSED] - urlText = getText(findTestObject("Страница авторизации/Text")): Text of object 'Object Repository/Страница авторизации/Text' is: 'Вход'

16-05-2025T10:03:45 - [MESSAGE][PASSED] - Text of object 'Object Repository/Страница авторизации/Text' is: 'Вход'

16-05-2025T10:03:45 - [TEST_STEP][PASSED] - delay(10): Delayed 10 second(s)

16-05-2025T10:03:55 - [MESSAGE][PASSED] - Delayed 10 second(s)

16-05-2025T10:03:55 - [TEST_STEP][PASSED] - searchWord = "Вход": null

16-05-2025T10:03:55 - [TEST_STEP][PASSED] - if (urlText.contains(searchWord) == false): null

16-05-2025T10:03:55 - [TEST_STEP][PASSED] - setText(findTestObject("Страница авторизации/input__username"), findTestData("PlanFact").getValue(8, 1)): Text 'liazgina-di' is set on object 'Object Repository/Страница авторизации/input__username'

16-05-2025T10:03:55 - [MESSAGE][PASSED] - Text 'liazgina-di' is set on object 'Object Repository/Страница авторизации/input__username'

16-05-2025T10:03:55 - [TEST_STEP][PASSED] - setText(findTestObject("Страница авторизации/input__password"), findTestData("PlanFact").getValue(9, 1)): Text ')$%5srZ8o688Dm#q' is set on object 'Object Repository/Страница авторизации/input__password'

16-05-2025T10:03:56 - [MESSAGE][PASSED] - Text ')$%5srZ8o688Dm#q' is set on object 'Object Repository/Страница авторизации/input__password'

16-05-2025T10:03:56 - [TEST_STEP][PASSED] - click(findTestObject("Страница авторизации/button_")): Object: 'Object Repository/Страница авторизации/button_' is clicked on

16-05-2025T10:03:57 - [MESSAGE][PASSED] - Object: 'Object Repository/Страница авторизации/button_' is clicked on

16-05-2025T10:03:57 - [TEST_STEP][PASSED] - delay(50): Delayed 50 second(s)

16-05-2025T10:04:47 - [MESSAGE][PASSED] - Delayed 50 second(s)

16-05-2025T10:04:47 - [TEST_STEP][PASSED] - searchWord = "ДЗО": null

16-05-2025T10:04:47 - [TEST_STEP][PASSED] - urlText = getText(findTestObject("Страница авторизации/Text")): Text of object 'Object Repository/Страница авторизации/Text' is: 'ДЗО 
ПАО Россети
Период
1 кв. 2025 года
Отклонения фактического уровня потерь от бизнес-плана, п.п.
0.05
-0.99
-0.40
-1.51
-0.19
-0.38
-0.25
-1.05
-0.60
-1.44
-1.52
Россети ФСК ЕЭС
Россети Волга
Россети Московскийрегион
Россети Северо-Запад
Россети Томск
Россети Тюмень
Россети Урал (ГК)
Россети Центр (ГК)
Россети Центр иПриволжье (ГК)
Россети Юг (ГК)
Россети Янтарь
-2
0
2
4
6
8

Уровень потерь электроэнергии
Россети ФСК ЕЭС
Россети Волга
Россети Московский регион
Россети Северо-Запад
Россети Томск
Россети Урал (ГК)
Россети Юг (ГК)
Россети Янтарь
0
10
20
30
40
50
60
70
3.79
7.22
|
9.39
|
6.73
|
10.74
|
6.88
|
10.84
|
10.39
|
3.84
|
6.22
9.00
5.22
10.55
6.63
9.40
8.87
п.п.
2.60
Итого
0
1
2
3
%
5.63 5.63
8.24 8.24
План
Факт
1
100

● Бизнес-план выполнен● ●● Превышение бизнес-плана
Отклонения фактического уровня потерь от бизнес-плана за 3 месяца (нарастающим итогом), п.п.
-0.0-0.0
-1.0-1.0
-0.4-0.4
-2.5-2.5
-0.3-0.3
-0.2-0.2
-0.3-0.3
-2.6-2.6
-1.9-1.9
-1.4-1.4
-2.4-2.4
0.10.1
-0.7-0.7
-1.5-1.5
-0.2-0.2
-0.4-0.4
-0.5-0.5
-1.8-1.8
-1.5-1.5
-1.5-1.5
0.10.1
-1.0-1.0
-0.4-0.4
-1.5-1.5
-0.2-0.2
-0.4-0.4
-0.3-0.3
-1.0-1.0
-0.6-0.6
-1.4-1.4
-1.5-1.5
Россети ФСКЕЭС
АО«Тываэнерго»
АО«Чеченэнерго»
Россети Волга
РоссетиКубань
РоссетиЛенэнерго(ГК)
РоссетиМосковскийрегион
РоссетиСеверныйКавказ (ГК)
Россети Северо-Запад
Россети Сибирь(ГК)
Россети Томск
Россети Тюмень
Россети Урал(ГК)
Россети Центр
Россети Центри Приволжье(ГК)
Россети Юг (Г…
РоссетиЯнтарь
-2
0
-4
2
п.п.
Отклонения фактического уровня потерь от бизнес-плана за 3 месяца (нарастающим итогом)
-3.4-3.4
-2.5-2.5
-6.0-6.0
-1.5-1.5
-0.6-0.6
-1.6-1.6
-1.4-1.4
-4.5-4.5
-1.8-1.8
-1.9-1.9
-5.3-5.3
-1.1-1.1
-0.5-0.5
-0.7-0.7
-0.9-0.9
-2.8-2.8
-1.2-1.2
-0.8-0.8
-4.0-4.0
-1.1-1.1
-0.4-0.4
-0.5-0.5
-0.2-0.2
-1.5-1.5
Итого по ФСК ЕЭС
АО "Тываэнерго"
АО «ВМЭС»
АО «Воронежская горэлектросеть»
АО «Тульские городские электрические сети»
АО «Чеченэнерго»
АО «Ярославская электросетевая компания»
АО ЕЭСК
Алтайэнерго
Архангельский филиал
Астраханьэнерго
Белгородэнерго
Брянскэнерго
Бурятэнерго
Владимирэнерго
Волгоградэнерго
Вологодский филиал
Воронежэнерго
Дагэнерго
Ивэнерго
Ингушэнерго
-8
0

Статус данных
Просьба обратить внимание
— все данные не занесены
Факт
План
Итого – Факт
Отпуск в сеть 177 286 590
Отпуск из сети 162 684 396
Потери 14 602 194
Итого – План
Отпуск в сеть 279 622 401
Отпуск из сети 263 872 604
Потери 15 749 796
Выполнение бизнес-плана в части показателя «Уровень потерь электроэнергии»
Показатели баланса электроэнергии по ДЗО – Факт 
164 602 454 4 949 974 28 695 297 6 258 254 1 364 454 19 698 947 3 467 484 901 140
158 511 723 4 641 851 26 113 910 5 931 711 1 220 439 18 393 144 3 141 633 821 181
6 090 730 308 123 2 581 387 326 542 144 015 1 305 803 325 852 79 959
Показатели баланса электроэнергии по ДЗО – План
167 925 540 5 172 896 30 256 406 6 540 566 1 428 476 20 275 424 3 760 351 908 608
161 793 849 4 799 582 27 414 523 6 100 575 1 275 060 18 880 336 3 352 866 814 188
6 131 691 373 314 2 841 883 439 991 153 416 1 395 088 407 485 94 420'

16-05-2025T10:04:55 - [MESSAGE][PASSED] - Text of object 'Object Repository/Страница авторизации/Text' is: 'ДЗО 
ПАО Россети
Период
1 кв. 2025 года
Отклонения фактического уровня потерь от бизнес-плана, п.п.
0.05
-0.99
-0.40
-1.51
-0.19
-0.38
-0.25
-1.05
-0.60
-1.44
-1.52
Россети ФСК ЕЭС
Россети Волга
Россети Московскийрегион
Россети Северо-Запад
Россети Томск
Россети Тюмень
Россети Урал (ГК)
Россети Центр (ГК)
Россети Центр иПриволжье (ГК)
Россети Юг (ГК)
Россети Янтарь
-2
0
2
4
6
8

Уровень потерь электроэнергии
Россети ФСК ЕЭС
Россети Волга
Россети Московский регион
Россети Северо-Запад
Россети Томск
Россети Урал (ГК)
Россети Юг (ГК)
Россети Янтарь
0
10
20
30
40
50
60
70
3.79
7.22
|
9.39
|
6.73
|
10.74
|
6.88
|
10.84
|
10.39
|
3.84
|
6.22
9.00
5.22
10.55
6.63
9.40
8.87
п.п.
2.60
Итого
0
1
2
3
%
5.63 5.63
8.24 8.24
План
Факт
1
100

● Бизнес-план выполнен● ●● Превышение бизнес-плана
Отклонения фактического уровня потерь от бизнес-плана за 3 месяца (нарастающим итогом), п.п.
-0.0-0.0
-1.0-1.0
-0.4-0.4
-2.5-2.5
-0.3-0.3
-0.2-0.2
-0.3-0.3
-2.6-2.6
-1.9-1.9
-1.4-1.4
-2.4-2.4
0.10.1
-0.7-0.7
-1.5-1.5
-0.2-0.2
-0.4-0.4
-0.5-0.5
-1.8-1.8
-1.5-1.5
-1.5-1.5
0.10.1
-1.0-1.0
-0.4-0.4
-1.5-1.5
-0.2-0.2
-0.4-0.4
-0.3-0.3
-1.0-1.0
-0.6-0.6
-1.4-1.4
-1.5-1.5
Россети ФСКЕЭС
АО«Тываэнерго»
АО«Чеченэнерго»
Россети Волга
РоссетиКубань
РоссетиЛенэнерго(ГК)
РоссетиМосковскийрегион
РоссетиСеверныйКавказ (ГК)
Россети Северо-Запад
Россети Сибирь(ГК)
Россети Томск
Россети Тюмень
Россети Урал(ГК)
Россети Центр
Россети Центри Приволжье(ГК)
Россети Юг (Г…
РоссетиЯнтарь
-2
0
-4
2
п.п.
Отклонения фактического уровня потерь от бизнес-плана за 3 месяца (нарастающим итогом)
-3.4-3.4
-2.5-2.5
-6.0-6.0
-1.5-1.5
-0.6-0.6
-1.6-1.6
-1.4-1.4
-4.5-4.5
-1.8-1.8
-1.9-1.9
-5.3-5.3
-1.1-1.1
-0.5-0.5
-0.7-0.7
-0.9-0.9
-2.8-2.8
-1.2-1.2
-0.8-0.8
-4.0-4.0
-1.1-1.1
-0.4-0.4
-0.5-0.5
-0.2-0.2
-1.5-1.5
Итого по ФСК ЕЭС
АО "Тываэнерго"
АО «ВМЭС»
АО «Воронежская горэлектросеть»
АО «Тульские городские электрические сети»
АО «Чеченэнерго»
АО «Ярославская электросетевая компания»
АО ЕЭСК
Алтайэнерго
Архангельский филиал
Астраханьэнерго
Белгородэнерго
Брянскэнерго
Бурятэнерго
Владимирэнерго
Волгоградэнерго
Вологодский филиал
Воронежэнерго
Дагэнерго
Ивэнерго
Ингушэнерго
-8
0

Статус данных
Просьба обратить внимание
— все данные не занесены
Факт
План
Итого – Факт
Отпуск в сеть 177 286 590
Отпуск из сети 162 684 396
Потери 14 602 194
Итого – План
Отпуск в сеть 279 622 401
Отпуск из сети 263 872 604
Потери 15 749 796
Выполнение бизнес-плана в части показателя «Уровень потерь электроэнергии»
Показатели баланса электроэнергии по ДЗО – Факт 
164 602 454 4 949 974 28 695 297 6 258 254 1 364 454 19 698 947 3 467 484 901 140
158 511 723 4 641 851 26 113 910 5 931 711 1 220 439 18 393 144 3 141 633 821 181
6 090 730 308 123 2 581 387 326 542 144 015 1 305 803 325 852 79 959
Показатели баланса электроэнергии по ДЗО – План
167 925 540 5 172 896 30 256 406 6 540 566 1 428 476 20 275 424 3 760 351 908 608
161 793 849 4 799 582 27 414 523 6 100 575 1 275 060 18 880 336 3 352 866 814 188
6 131 691 373 314 2 841 883 439 991 153 416 1 395 088 407 485 94 420'

16-05-2025T10:04:55 - [TEST_STEP][PASSED] - if (urlText.contains("ошибка") || urlText.contains(searchWord) == false): null

16-05-2025T10:04:55 - [TEST_STEP][PASSED] - Script1719299571342.ZakrytOpoveshenie(): null

16-05-2025T10:04:55 - [TEST_STEP][PASSED] - opoveshenie = getText(findTestObject("Выполнение бизнес-плана/Просьба обратить внимание")): Text of object 'Object Repository/Выполнение бизнес-плана/Просьба обратить внимание' is: 'Просьба обратить внимание'

16-05-2025T10:04:56 - [MESSAGE][PASSED] - Text of object 'Object Repository/Выполнение бизнес-плана/Просьба обратить внимание' is: 'Просьба обратить внимание'

16-05-2025T10:04:56 - [TEST_STEP][PASSED] - if (opoveshenie == "Просьба обратить внимание"): Object: 'Object Repository/Выполнение бизнес-плана/Закрыть оповещение' is clicked on

16-05-2025T10:04:56 - [TEST_STEP][PASSED] - click(findTestObject("Выполнение бизнес-плана/Закрыть оповещение")): Object: 'Object Repository/Выполнение бизнес-плана/Закрыть оповещение' is clicked on

16-05-2025T10:04:56 - [MESSAGE][PASSED] - Object: 'Object Repository/Выполнение бизнес-плана/Закрыть оповещение' is clicked on

16-05-2025T10:04:56 - [TEST_STEP][PASSED] - click(findTestObject(path + "Фильтр Дата")): Object: 'Object Repository/Выполнение бизнес-плана/Фильтр Дата' is clicked on

16-05-2025T10:04:56 - [MESSAGE][PASSED] - Object: 'Object Repository/Выполнение бизнес-плана/Фильтр Дата' is clicked on

16-05-2025T10:04:56 - [TEST_STEP][PASSED] - click(findTestObject(path + "Снять выделение в фильтре Дата")): Object: 'Object Repository/Выполнение бизнес-плана/Снять выделение в фильтре Дата' is clicked on

16-05-2025T10:04:57 - [MESSAGE][PASSED] - Object: 'Object Repository/Выполнение бизнес-плана/Снять выделение в фильтре Дата' is clicked on

16-05-2025T10:04:57 - [TEST_STEP][PASSED] - click(findTestObject(path + "Применить в фильтре Дата")): Object: 'Object Repository/Выполнение бизнес-плана/Применить в фильтре Дата' is clicked on

16-05-2025T10:04:58 - [MESSAGE][PASSED] - Object: 'Object Repository/Выполнение бизнес-плана/Применить в фильтре Дата' is clicked on

16-05-2025T10:04:58 - [TEST_STEP][PASSED] - delay(50): Delayed 50 second(s)

16-05-2025T10:05:48 - [MESSAGE][PASSED] - Delayed 50 second(s)

16-05-2025T10:05:48 - [TEST_STEP][PASSED] - Script1719299571342.ZakrytOpoveshenie(): null

16-05-2025T10:05:48 - [TEST_STEP][PASSED] - opoveshenie = getText(findTestObject("Выполнение бизнес-плана/Просьба обратить внимание")): Text of object 'Object Repository/Выполнение бизнес-плана/Просьба обратить внимание' is: 'Просьба обратить внимание'

16-05-2025T10:05:48 - [MESSAGE][PASSED] - Text of object 'Object Repository/Выполнение бизнес-плана/Просьба обратить внимание' is: 'Просьба обратить внимание'

16-05-2025T10:05:48 - [TEST_STEP][PASSED] - if (opoveshenie == "Просьба обратить внимание"): Object: 'Object Repository/Выполнение бизнес-плана/Закрыть оповещение' is clicked on

16-05-2025T10:05:48 - [TEST_STEP][PASSED] - click(findTestObject("Выполнение бизнес-плана/Закрыть оповещение")): Object: 'Object Repository/Выполнение бизнес-плана/Закрыть оповещение' is clicked on

16-05-2025T10:05:48 - [MESSAGE][PASSED] - Object: 'Object Repository/Выполнение бизнес-плана/Закрыть оповещение' is clicked on

16-05-2025T10:05:48 - [TEST_STEP][PASSED] - click(findTestObject(path + "Фильтр Дата")): Object: 'Object Repository/Выполнение бизнес-плана/Фильтр Дата' is clicked on

16-05-2025T10:05:49 - [MESSAGE][PASSED] - Object: 'Object Repository/Выполнение бизнес-плана/Фильтр Дата' is clicked on

16-05-2025T10:05:49 - [TEST_STEP][PASSED] - scrollToElement(findTestObject(path + "2025 список"), 30): Scroll to object 'Object Repository/Выполнение бизнес-плана/2025 список' successfully

16-05-2025T10:05:49 - [MESSAGE][PASSED] - Scroll to object 'Object Repository/Выполнение бизнес-плана/2025 список' successfully

16-05-2025T10:05:49 - [TEST_STEP][PASSED] - click(findTestObject(path + "2025 список")): Object: 'Object Repository/Выполнение бизнес-плана/2025 список' is clicked on

16-05-2025T10:05:50 - [MESSAGE][PASSED] - Object: 'Object Repository/Выполнение бизнес-плана/2025 список' is clicked on

16-05-2025T10:05:50 - [TEST_STEP][PASSED] - scrollToElement(findTestObject(path + "1 квартал 2025 список"), 30): Scroll to object 'Object Repository/Выполнение бизнес-плана/1 квартал 2025 список' successfully

16-05-2025T10:05:50 - [MESSAGE][PASSED] - Scroll to object 'Object Repository/Выполнение бизнес-плана/1 квартал 2025 список' successfully

16-05-2025T10:05:50 - [TEST_STEP][PASSED] - click(findTestObject(path + "1 квартал 2025")): Object: 'Object Repository/Выполнение бизнес-плана/1 квартал 2025' is clicked on

16-05-2025T10:05:51 - [MESSAGE][PASSED] - Object: 'Object Repository/Выполнение бизнес-плана/1 квартал 2025' is clicked on

16-05-2025T10:05:51 - [TEST_STEP][PASSED] - scrollToElement(findTestObject(path + "Заголовок дашборда"), 30): Scroll to object 'Object Repository/Выполнение бизнес-плана/Заголовок дашборда' successfully

16-05-2025T10:05:51 - [MESSAGE][PASSED] - Scroll to object 'Object Repository/Выполнение бизнес-плана/Заголовок дашборда' successfully

16-05-2025T10:05:51 - [TEST_STEP][PASSED] - click(findTestObject(path + "Применить в фильтре Дата")): Object: 'Object Repository/Выполнение бизнес-плана/Применить в фильтре Дата' is clicked on

16-05-2025T10:05:52 - [MESSAGE][PASSED] - Object: 'Object Repository/Выполнение бизнес-плана/Применить в фильтре Дата' is clicked on

16-05-2025T10:05:52 - [TEST_STEP][PASSED] - delay(30): Delayed 30 second(s)

16-05-2025T10:06:22 - [MESSAGE][PASSED] - Delayed 30 second(s)

16-05-2025T10:06:22 - [TEST_STEP][PASSED] - Script1719299571342.ZakrytOpoveshenie(): null

16-05-2025T10:06:22 - [TEST_STEP][PASSED] - opoveshenie = getText(findTestObject("Выполнение бизнес-плана/Просьба обратить внимание")): Text of object 'Object Repository/Выполнение бизнес-плана/Просьба обратить внимание' is: 'Просьба обратить внимание'

16-05-2025T10:06:28 - [MESSAGE][PASSED] - Text of object 'Object Repository/Выполнение бизнес-плана/Просьба обратить внимание' is: 'Просьба обратить внимание'

16-05-2025T10:06:28 - [TEST_STEP][PASSED] - if (opoveshenie == "Просьба обратить внимание"): Object: 'Object Repository/Выполнение бизнес-плана/Закрыть оповещение' is clicked on

16-05-2025T10:06:28 - [TEST_STEP][PASSED] - click(findTestObject("Выполнение бизнес-плана/Закрыть оповещение")): Object: 'Object Repository/Выполнение бизнес-плана/Закрыть оповещение' is clicked on

16-05-2025T10:06:28 - [MESSAGE][PASSED] - Object: 'Object Repository/Выполнение бизнес-плана/Закрыть оповещение' is clicked on

16-05-2025T10:06:28 - [TEST_STEP][PASSED] - click(findTestObject(path + "Фильтр ДЗО")): Object: 'Object Repository/Выполнение бизнес-плана/Фильтр ДЗО' is clicked on

16-05-2025T10:06:29 - [MESSAGE][PASSED] - Object: 'Object Repository/Выполнение бизнес-плана/Фильтр ДЗО' is clicked on

16-05-2025T10:06:29 - [TEST_STEP][PASSED] - click(findTestObject(path + "Снять выделение в фильтре ДЗО")): Object: 'Object Repository/Выполнение бизнес-плана/Снять выделение в фильтре ДЗО' is clicked on

16-05-2025T10:06:29 - [MESSAGE][PASSED] - Object: 'Object Repository/Выполнение бизнес-плана/Снять выделение в фильтре ДЗО' is clicked on

16-05-2025T10:06:29 - [TEST_STEP][PASSED] - click(findTestObject(path + "ПАО Россети")): Object: 'Object Repository/Выполнение бизнес-плана/ПАО Россети' is clicked on

16-05-2025T10:06:29 - [MESSAGE][PASSED] - Object: 'Object Repository/Выполнение бизнес-плана/ПАО Россети' is clicked on

16-05-2025T10:06:29 - [TEST_STEP][PASSED] - click(findTestObject(path + "Применить в фильтре ДЗО")): Object: 'Object Repository/Выполнение бизнес-плана/Применить в фильтре ДЗО' is clicked on

16-05-2025T10:06:30 - [MESSAGE][PASSED] - Object: 'Object Repository/Выполнение бизнес-плана/Применить в фильтре ДЗО' is clicked on

16-05-2025T10:06:30 - [TEST_STEP][PASSED] - delay(30): Delayed 30 second(s)

16-05-2025T10:07:00 - [MESSAGE][PASSED] - Delayed 30 second(s)

16-05-2025T10:07:00 - [TEST_STEP][PASSED] - VseDZO = getText(findTestObject(path + "Список ДЗО")): Text of object 'Object Repository/Выполнение бизнес-плана/Список ДЗО' is: 'Уровень потерь электроэнергии
Россети ФСК ЕЭС
Россети Волга
Россети Московский регион
Россети Северо-Запад
Россети Томск
Россети Урал (ГК)
Россети Юг (ГК)
Россети Янтарь
0
10
20
30
40
50
60
70
3.79
7.22
|
9.39
|
6.73
|
10.74
|
6.88
|
10.84
|
10.39
|
3.84
|
6.22
9.00
5.22
10.55
6.63
9.40
8.87'

16-05-2025T10:07:01 - [MESSAGE][PASSED] - Text of object 'Object Repository/Выполнение бизнес-плана/Список ДЗО' is: 'Уровень потерь электроэнергии
Россети ФСК ЕЭС
Россети Волга
Россети Московский регион
Россети Северо-Запад
Россети Томск
Россети Урал (ГК)
Россети Юг (ГК)
Россети Янтарь
0
10
20
30
40
50
60
70
3.79
7.22
|
9.39
|
6.73
|
10.74
|
6.88
|
10.84
|
10.39
|
3.84
|
6.22
9.00
5.22
10.55
6.63
9.40
8.87'

16-05-2025T10:07:01 - [TEST_STEP][PASSED] - pRR = GetAllPAOData(path, dZONum, VseDZO, z = "ПАО Россети/"): null

16-05-2025T10:07:01 - [TEST_STEP][PASSED] - path2 = "Значения со страницы Выполнение бизнес-плана/Table Data/": null

16-05-2025T10:07:01 - [TEST_STEP][PASSED] - ii = <not implemented yet for class: org.codehaus.groovy.ast.expr.EmptyExpression>: null

16-05-2025T10:07:01 - [TEST_STEP][PASSED] - i1 = <not implemented yet for class: org.codehaus.groovy.ast.expr.EmptyExpression>: null

16-05-2025T10:07:01 - [TEST_STEP][PASSED] - z = <not implemented yet for class: org.codehaus.groovy.ast.expr.EmptyExpression>: null

16-05-2025T10:07:01 - [TEST_STEP][PASSED] - z1 = <not implemented yet for class: org.codehaus.groovy.ast.expr.EmptyExpression>: null

16-05-2025T10:07:01 - [TEST_STEP][PASSED] - println("path: " + path): null

16-05-2025T10:07:01 - [TEST_STEP][PASSED] - z = getText(findTestObject(path + "Итого")).replaceAll("[\r?
|
]", "/"): Text of object 'Object Repository/Выполнение бизнес-плана/Итого' is: '%
5.63 5.63
8.24 8.24
План
Факт
1
100'

16-05-2025T10:07:01 - [MESSAGE][PASSED] - Text of object 'Object Repository/Выполнение бизнес-плана/Итого' is: '%
5.63 5.63
8.24 8.24
План
Факт
1
100'

16-05-2025T10:07:01 - [TEST_STEP][PASSED] - ii = z.indexOf("%") + 2: null

16-05-2025T10:07:01 - [TEST_STEP][PASSED] - if (ii > -1): null

16-05-2025T10:07:01 - [TEST_STEP][PASSED] - z = z.substring(ii, z.length()): null

16-05-2025T10:07:01 - [TEST_STEP][PASSED] - println(z): null

16-05-2025T10:07:01 - [TEST_STEP][PASSED] - ii = z.indexOf("/1/100") - 1: null

16-05-2025T10:07:01 - [TEST_STEP][PASSED] - if (ii > -1): null

16-05-2025T10:07:01 - [TEST_STEP][PASSED] - z = z.substring(0, ii): null

16-05-2025T10:07:01 - [TEST_STEP][PASSED] - println(z): null

16-05-2025T10:07:01 - [TEST_STEP][PASSED] - ii = z.indexOf("План"): null

16-05-2025T10:07:01 - [TEST_STEP][PASSED] - if (ii > -1): null

16-05-2025T10:07:01 - [TEST_STEP][PASSED] - z = z.substring(0, ii): null

16-05-2025T10:07:01 - [TEST_STEP][PASSED] - println(z): null

16-05-2025T10:07:01 - [TEST_STEP][PASSED] - ii = z.indexOf("/") + 1: null

16-05-2025T10:07:01 - [TEST_STEP][PASSED] - z1 = z.substring(0, ii): null

16-05-2025T10:07:01 - [TEST_STEP][PASSED] - println(z1): null

16-05-2025T10:07:01 - [TEST_STEP][PASSED] - z = z.substring(ii, z.length()): null

16-05-2025T10:07:01 - [TEST_STEP][PASSED] - println(z): null

16-05-2025T10:07:01 - [TEST_STEP][PASSED] - ii = z1.length() / 2: null

16-05-2025T10:07:01 - [TEST_STEP][PASSED] - z1 = replaceAll("[\r?
|
]", "/").trim(): null

16-05-2025T10:07:01 - [TEST_STEP][PASSED] - println(z1): null

16-05-2025T10:07:01 - [TEST_STEP][PASSED] - ii = z.length() / 2: null

16-05-2025T10:07:01 - [TEST_STEP][PASSED] - z = replace("/", "").trim(): null

16-05-2025T10:07:01 - [TEST_STEP][PASSED] - println(z): null

16-05-2025T10:07:01 - [TEST_STEP][PASSED] - x = x + z1 + "/" + z: null

16-05-2025T10:07:01 - [TEST_STEP][PASSED] - println(x): null

16-05-2025T10:07:01 - [TEST_STEP][PASSED] - if (verifyElementPresent(findTestObject(path + "Таблица Итого-Факт"), 30)): null

16-05-2025T10:07:01 - [MESSAGE][PASSED] - Object 'Object Repository/Выполнение бизнес-плана/Таблица Итого-Факт' is present

16-05-2025T10:07:01 - [TEST_STEP][PASSED] - z = replaceAll("\s+", "").replaceAll("[а-яА-Я]", ""): Text of object 'Object Repository/Выполнение бизнес-плана/Таблица Итого-Факт' is: 'Отпуск в сеть 177 286 590
Отпуск из сети 162 684 396
Потери 14 602 194'

16-05-2025T10:07:02 - [MESSAGE][PASSED] - Text of object 'Object Repository/Выполнение бизнес-плана/Таблица Итого-Факт' is: 'Отпуск в сеть 177 286 590
Отпуск из сети 162 684 396
Потери 14 602 194'

16-05-2025T10:07:02 - [TEST_STEP][PASSED] - println(z): null

16-05-2025T10:07:02 - [TEST_STEP][PASSED] - x = x + "/" + z: null

16-05-2025T10:07:02 - [TEST_STEP][PASSED] - println(x): null

16-05-2025T10:07:02 - [TEST_STEP][PASSED] - click(findTestObject(path + "Кнопка План")): Object: 'Object Repository/Выполнение бизнес-плана/Кнопка План' is clicked on

16-05-2025T10:07:02 - [MESSAGE][PASSED] - Object: 'Object Repository/Выполнение бизнес-плана/Кнопка План' is clicked on

16-05-2025T10:07:02 - [TEST_STEP][PASSED] - z = replaceAll("\s+", "").replaceAll("[а-яА-Я]", ""): Text of object 'Object Repository/Выполнение бизнес-плана/Таблица Итого-План' is: 'Отпуск в сеть 279 622 401
Отпуск из сети 263 872 604
Потери 15 749 796'

16-05-2025T10:07:02 - [MESSAGE][PASSED] - Text of object 'Object Repository/Выполнение бизнес-плана/Таблица Итого-План' is: 'Отпуск в сеть 279 622 401
Отпуск из сети 263 872 604
Потери 15 749 796'

16-05-2025T10:07:02 - [TEST_STEP][PASSED] - x = x + "/" + z: null

16-05-2025T10:07:02 - [TEST_STEP][PASSED] - println(x): null

16-05-2025T10:07:02 - [TEST_STEP][PASSED] - click(findTestObject(path + "Кнопка Факт")): Object: 'Object Repository/Выполнение бизнес-плана/Кнопка Факт' is clicked on

16-05-2025T10:07:03 - [MESSAGE][PASSED] - Object: 'Object Repository/Выполнение бизнес-плана/Кнопка Факт' is clicked on

16-05-2025T10:07:03 - [TEST_STEP][PASSED] - return x: null

16-05-2025T10:07:03 - [TEST_STEP][PASSED] - println("pRR: " + pRR): null

16-05-2025T10:07:03 - [TEST_STEP][PASSED] - i = VseDZO.indexOf("ЕЭС"): null

16-05-2025T10:07:03 - [TEST_STEP][PASSED] - if (i > -1): null

16-05-2025T10:07:03 - [TEST_STEP][PASSED] - dZONum = dZONum + 1: null

16-05-2025T10:07:03 - [TEST_STEP][PASSED] - fR = GetAllData(path, dZONum, VseDZO, x = "Россети ФСК ЕЭС/", dZO): null

16-05-2025T10:07:03 - [TEST_STEP][PASSED] - ii = <not implemented yet for class: org.codehaus.groovy.ast.expr.EmptyExpression>: null

16-05-2025T10:07:03 - [TEST_STEP][PASSED] - i1 = <not implemented yet for class: org.codehaus.groovy.ast.expr.EmptyExpression>: null

16-05-2025T10:07:03 - [TEST_STEP][PASSED] - z = <not implemented yet for class: org.codehaus.groovy.ast.expr.EmptyExpression>: null

16-05-2025T10:07:03 - [TEST_STEP][PASSED] - strToManage = <not implemented yet for class: org.codehaus.groovy.ast.expr.EmptyExpression>: null

16-05-2025T10:07:03 - [TEST_STEP][PASSED] - path2 = "Значения со страницы Выполнение бизнес-плана/Table Data/": null

16-05-2025T10:07:03 - [TEST_STEP][PASSED] - println("path: " + path): null

16-05-2025T10:07:03 - [TEST_STEP][PASSED] - dZONumOtk = <not implemented yet for class: org.codehaus.groovy.ast.expr.EmptyExpression>: null

16-05-2025T10:07:03 - [TEST_STEP][PASSED] - println("dZONum: " + dZONum): null

16-05-2025T10:07:03 - [TEST_STEP][PASSED] - dZO = x.substring(x.indexOf("/")): null

16-05-2025T10:07:03 - [TEST_STEP][PASSED] - println("dZO: " + dZO): null

16-05-2025T10:07:03 - [TEST_STEP][PASSED] - z = getText(findTestObject(path + "spanPlan" + dZONum)): Text of object 'Object Repository/Выполнение бизнес-плана/spanPlan1' is: '3.79'

16-05-2025T10:07:03 - [MESSAGE][PASSED] - Text of object 'Object Repository/Выполнение бизнес-плана/spanPlan1' is: '3.79'

16-05-2025T10:07:03 - [TEST_STEP][PASSED] - println(z): null

16-05-2025T10:07:03 - [TEST_STEP][PASSED] - if (z != ""): null

16-05-2025T10:07:03 - [TEST_STEP][PASSED] - ii = z.indexOf("|"): null

16-05-2025T10:07:03 - [TEST_STEP][PASSED] - if (ii > -1): null

16-05-2025T10:07:03 - [TEST_STEP][PASSED] - z = z.replaceAll("\s+", ""): null

16-05-2025T10:07:03 - [TEST_STEP][PASSED] - z = z.replace("[\r?
|
]", "/"): null

16-05-2025T10:07:03 - [TEST_STEP][PASSED] - println(z): null

16-05-2025T10:07:03 - [TEST_STEP][PASSED] - x = x + z: null

16-05-2025T10:07:03 - [TEST_STEP][PASSED] - z = getText(findTestObject(path + "spanFact" + dZONum)): Text of object 'Object Repository/Выполнение бизнес-плана/spanFact1' is: '3.84
|'

16-05-2025T10:07:03 - [MESSAGE][PASSED] - Text of object 'Object Repository/Выполнение бизнес-плана/spanFact1' is: '3.84
|'

16-05-2025T10:07:03 - [TEST_STEP][PASSED] - ii = z.indexOf("|"): null

16-05-2025T10:07:03 - [TEST_STEP][PASSED] - if (ii > -1): null

16-05-2025T10:07:03 - [TEST_STEP][PASSED] - z = length() - 1).replace("[\r?
|
]", "/"): null

16-05-2025T10:07:03 - [TEST_STEP][PASSED] - x = x + "/" + z: null

16-05-2025T10:07:03 - [TEST_STEP][PASSED] - z = getText(findTestObject(path + path2 + "Факт Отпуск в сеть за отчётный период " + dZONum)).replaceAll("\s+", ""): Text of object 'Object Repository/Выполнение бизнес-плана/Значения со страницы Выполнение бизнес-плана/Table Data/Факт Отпуск в сеть за отчётный период 1' is: '164 602 454'

16-05-2025T10:07:04 - [MESSAGE][PASSED] - Text of object 'Object Repository/Выполнение бизнес-плана/Значения со страницы Выполнение бизнес-плана/Table Data/Факт Отпуск в сеть за отчётный период 1' is: '164 602 454'

16-05-2025T10:07:04 - [TEST_STEP][PASSED] - println("z=" + z): null

16-05-2025T10:07:04 - [TEST_STEP][PASSED] - x = x + "/" + z: null

16-05-2025T10:07:04 - [TEST_STEP][PASSED] - z = getText(findTestObject(path + path2 + "Факт Отпуск из сети за отчётный период " + dZONum)).replaceAll("\s+", ""): Text of object 'Object Repository/Выполнение бизнес-плана/Значения со страницы Выполнение бизнес-плана/Table Data/Факт Отпуск из сети за отчётный период 1' is: '158 511 723'

16-05-2025T10:07:04 - [MESSAGE][PASSED] - Text of object 'Object Repository/Выполнение бизнес-плана/Значения со страницы Выполнение бизнес-плана/Table Data/Факт Отпуск из сети за отчётный период 1' is: '158 511 723'

16-05-2025T10:07:04 - [TEST_STEP][PASSED] - x = x + "/" + z: null

16-05-2025T10:07:04 - [TEST_STEP][PASSED] - z = getText(findTestObject(path + path2 + "Факт Потери за отчётный период " + dZONum)).replaceAll("\s+", ""): Text of object 'Object Repository/Выполнение бизнес-плана/Значения со страницы Выполнение бизнес-плана/Table Data/Факт Потери за отчётный период 1' is: '6 090 730'

16-05-2025T10:07:04 - [MESSAGE][PASSED] - Text of object 'Object Repository/Выполнение бизнес-плана/Значения со страницы Выполнение бизнес-плана/Table Data/Факт Потери за отчётный период 1' is: '6 090 730'

16-05-2025T10:07:04 - [TEST_STEP][PASSED] - x = x + "/" + z: null

16-05-2025T10:07:04 - [TEST_STEP][PASSED] - z = getText(findTestObject(path + path2 + "План Отпуск в сеть за отчётный период " + dZONum)).replaceAll("\s+", ""): Text of object 'Object Repository/Выполнение бизнес-плана/Значения со страницы Выполнение бизнес-плана/Table Data/План Отпуск в сеть за отчётный период 1' is: '167 925 540'

16-05-2025T10:07:04 - [MESSAGE][PASSED] - Text of object 'Object Repository/Выполнение бизнес-плана/Значения со страницы Выполнение бизнес-плана/Table Data/План Отпуск в сеть за отчётный период 1' is: '167 925 540'

16-05-2025T10:07:04 - [TEST_STEP][PASSED] - x = x + "/" + z: null

16-05-2025T10:07:04 - [TEST_STEP][PASSED] - z = getText(findTestObject(path + path2 + "План Отпуск из сети за отчётный период " + dZONum)).replaceAll("\s+", ""): Text of object 'Object Repository/Выполнение бизнес-плана/Значения со страницы Выполнение бизнес-плана/Table Data/План Отпуск из сети за отчётный период 1' is: '161 793 849'

16-05-2025T10:07:05 - [MESSAGE][PASSED] - Text of object 'Object Repository/Выполнение бизнес-плана/Значения со страницы Выполнение бизнес-плана/Table Data/План Отпуск из сети за отчётный период 1' is: '161 793 849'

16-05-2025T10:07:05 - [TEST_STEP][PASSED] - x = x + "/" + z: null

16-05-2025T10:07:05 - [TEST_STEP][PASSED] - z = getText(findTestObject(path + path2 + "План Потери за отчётный период " + dZONum)).replaceAll("\s+", ""): Text of object 'Object Repository/Выполнение бизнес-плана/Значения со страницы Выполнение бизнес-плана/Table Data/План Потери за отчётный период 1' is: '6 131 691'

16-05-2025T10:07:05 - [MESSAGE][PASSED] - Text of object 'Object Repository/Выполнение бизнес-плана/Значения со страницы Выполнение бизнес-плана/Table Data/План Потери за отчётный период 1' is: '6 131 691'

16-05-2025T10:07:05 - [TEST_STEP][PASSED] - x = x + "/" + z: null

16-05-2025T10:07:05 - [TEST_STEP][PASSED] - z = getText(findTestObject(path + "Список ДЗО 2")).replaceAll("[\r?
|
]", "/"): Text of object 'Object Repository/Выполнение бизнес-плана/Список ДЗО 2' is: '0.05
-0.99
-0.40
-1.51
-0.19
-0.38
-0.25
-1.05
-0.60
-1.44
-1.52
Россети ФСК ЕЭС
Россети Волга
Россети Московскийрегион
Россети Северо-Запад
Россети Томск
Россети Тюмень
Россети Урал (ГК)
Россети Центр (ГК)
Россети Центр иПриволжье (ГК)
Россети Юг (ГК)
Россети Янтарь
-2
0
2
4
6
8'

16-05-2025T10:07:05 - [MESSAGE][PASSED] - Text of object 'Object Repository/Выполнение бизнес-плана/Список ДЗО 2' is: '0.05
-0.99
-0.40
-1.51
-0.19
-0.38
-0.25
-1.05
-0.60
-1.44
-1.52
Россети ФСК ЕЭС
Россети Волга
Россети Московскийрегион
Россети Северо-Запад
Россети Томск
Россети Тюмень
Россети Урал (ГК)
Россети Центр (ГК)
Россети Центр иПриволжье (ГК)
Россети Юг (ГК)
Россети Янтарь
-2
0
2
4
6
8'

16-05-2025T10:07:05 - [TEST_STEP][PASSED] - strToManage = z: null

16-05-2025T10:07:05 - [TEST_STEP][PASSED] - ii = strToManage.indexOf("ГК"): null

16-05-2025T10:07:05 - [TEST_STEP][PASSED] - if (ii > -1): null

16-05-2025T10:07:05 - [TEST_STEP][PASSED] - for ([i1 = 1, i1 > -1, (i1--)]): null

16-05-2025T10:07:05 - [TEST_STEP][PASSED] - strToManage = strToManage.substring(0, strToManage.indexOf("ГК") - 1) + strToManage.substring(strToManage.indexOf("ГК") + 3): null

16-05-2025T10:07:05 - [TEST_STEP][PASSED] - println("strToManage count i1: " + strToManage): null

16-05-2025T10:07:05 - [TEST_STEP][PASSED] - i1 = strToManage.count("ГК"): null

16-05-2025T10:07:05 - [TEST_STEP][PASSED] - println("i1: " + i1): null

16-05-2025T10:07:05 - [TEST_STEP][PASSED] - strToManage = strToManage.substring(0, strToManage.indexOf("ГК") - 1) + strToManage.substring(strToManage.indexOf("ГК") + 3): null

16-05-2025T10:07:05 - [TEST_STEP][PASSED] - println("strToManage count i1: " + strToManage): null

16-05-2025T10:07:05 - [TEST_STEP][PASSED] - i1 = strToManage.count("ГК"): null

16-05-2025T10:07:05 - [TEST_STEP][PASSED] - println("i1: " + i1): null

16-05-2025T10:07:05 - [TEST_STEP][PASSED] - strToManage = strToManage.substring(0, strToManage.indexOf("ГК") - 1) + strToManage.substring(strToManage.indexOf("ГК") + 3): null

16-05-2025T10:07:05 - [TEST_STEP][PASSED] - println("strToManage count i1: " + strToManage): null

16-05-2025T10:07:05 - [TEST_STEP][PASSED] - i1 = strToManage.count("ГК"): null

16-05-2025T10:07:05 - [TEST_STEP][PASSED] - println("i1: " + i1): null

16-05-2025T10:07:05 - [TEST_STEP][PASSED] - strToManage = strToManage.substring(0, strToManage.indexOf("ГК") - 1) + strToManage.substring(strToManage.indexOf("ГК") + 3): null

16-05-2025T10:07:05 - [TEST_STEP][PASSED] - println("strToManage count i1: " + strToManage): null

16-05-2025T10:07:05 - [TEST_STEP][PASSED] - i1 = strToManage.count("ГК"): null

16-05-2025T10:07:05 - [TEST_STEP][PASSED] - println("i1: " + i1): null

16-05-2025T10:07:05 - [TEST_STEP][PASSED] - z = strToManage: null

16-05-2025T10:07:05 - [TEST_STEP][PASSED] - println("z: " + z): null

16-05-2025T10:07:05 - [TEST_STEP][PASSED] - lettersStart = z.indexOf("Россети"): null

16-05-2025T10:07:05 - [TEST_STEP][PASSED] - strToManage = z.substring(lettersStart, z.length()): null

16-05-2025T10:07:05 - [TEST_STEP][PASSED] - println("strToManage: " + strToManage): null

16-05-2025T10:07:05 - [TEST_STEP][PASSED] - dZONames = strToManage: null

16-05-2025T10:07:05 - [TEST_STEP][PASSED] - strToManage = strToManage.replaceAll("[а-яА-Я]", ""): null

16-05-2025T10:07:05 - [TEST_STEP][PASSED] - println("strToManage after letters: " + strToManage): null

16-05-2025T10:07:05 - [TEST_STEP][PASSED] - strToManage = replaceAll(" ", "").replaceAll("/-/", ""): null

16-05-2025T10:07:05 - [TEST_STEP][PASSED] - println("strToManage: " + strToManage): null

16-05-2025T10:07:05 - [TEST_STEP][PASSED] - strToManage = strToManage.substring(strToManage.lastIndexOf("//") + 1, strToManage.length()): null

16-05-2025T10:07:05 - [TEST_STEP][PASSED] - println("strToManage: " + strToManage): null

16-05-2025T10:07:05 - [TEST_STEP][PASSED] - ii = z.indexOf(strToManage): null

16-05-2025T10:07:05 - [TEST_STEP][PASSED] - if (ii > -1): null

16-05-2025T10:07:05 - [TEST_STEP][PASSED] - z = z.substring(0, ii) + "/": null

16-05-2025T10:07:05 - [TEST_STEP][PASSED] - println("z: " + z): null

16-05-2025T10:07:05 - [TEST_STEP][PASSED] - println("dZONum: " + dZONum): null

16-05-2025T10:07:05 - [TEST_STEP][PASSED] - strToManage = dZO: null

16-05-2025T10:07:05 - [TEST_STEP][PASSED] - if (strToManage.indexOf("(ГК)") > -1): null

16-05-2025T10:07:05 - [TEST_STEP][PASSED] - strToManage = replaceAll("\p{P}", "").replaceAll("\s+", ""): null

16-05-2025T10:07:05 - [TEST_STEP][PASSED] - println("strToManage: " + strToManage): null

16-05-2025T10:07:05 - [TEST_STEP][PASSED] - if (replaceAll("\s+", "").indexOf(strToManage) > -1): null

16-05-2025T10:07:05 - [TEST_STEP][PASSED] - dZONames = replaceAll("-", "").replaceAll("//", ""): null

16-05-2025T10:07:05 - [TEST_STEP][PASSED] - println("dZONames: " + dZONames): null

16-05-2025T10:07:05 - [TEST_STEP][PASSED] - dZONumOtk = 1: null

16-05-2025T10:07:05 - [TEST_STEP][PASSED] - ii = dZONames.indexOf(strToManage): null

16-05-2025T10:07:05 - [TEST_STEP][PASSED] - if (strToManage != "ФСК"): null

16-05-2025T10:07:05 - [TEST_STEP][PASSED] - if (ii > -1): null

16-05-2025T10:07:05 - [TEST_STEP][PASSED] - for ([i1 = 1, ii > -1, (i1++)]): null

16-05-2025T10:07:05 - [TEST_STEP][PASSED] - dZONames = dZONames.substring(dZONames.indexOf("/") + 1, dZONames.length()): null

16-05-2025T10:07:05 - [TEST_STEP][PASSED] - ii = dZONames.lastIndexOf("/"): null

16-05-2025T10:07:05 - [TEST_STEP][PASSED] - println("dZONames: " + dZONames): null

16-05-2025T10:07:05 - [TEST_STEP][PASSED] - dZONumOtk = dZONumOtk + 1: null

16-05-2025T10:07:05 - [TEST_STEP][PASSED] - println("dZONumOtk: " + dZONumOtk): null

16-05-2025T10:07:05 - [TEST_STEP][PASSED] - dZONames = dZONames.substring(dZONames.indexOf("/") + 1, dZONames.length()): null

16-05-2025T10:07:05 - [TEST_STEP][PASSED] - ii = dZONames.lastIndexOf("/"): null

16-05-2025T10:07:05 - [TEST_STEP][PASSED] - println("dZONames: " + dZONames): null

16-05-2025T10:07:05 - [TEST_STEP][PASSED] - dZONumOtk = dZONumOtk + 1: null

16-05-2025T10:07:05 - [TEST_STEP][PASSED] - println("dZONumOtk: " + dZONumOtk): null

16-05-2025T10:07:05 - [TEST_STEP][PASSED] - dZONames = dZONames.substring(dZONames.indexOf("/") + 1, dZONames.length()): null

16-05-2025T10:07:05 - [TEST_STEP][PASSED] - ii = dZONames.lastIndexOf("/"): null

16-05-2025T10:07:05 - [TEST_STEP][PASSED] - println("dZONames: " + dZONames): null

16-05-2025T10:07:05 - [TEST_STEP][PASSED] - dZONumOtk = dZONumOtk + 1: null

16-05-2025T10:07:05 - [TEST_STEP][PASSED] - println("dZONumOtk: " + dZONumOtk): null

16-05-2025T10:07:05 - [TEST_STEP][PASSED] - dZONames = dZONames.substring(dZONames.indexOf("/") + 1, dZONames.length()): null

16-05-2025T10:07:05 - [TEST_STEP][PASSED] - ii = dZONames.lastIndexOf("/"): null

16-05-2025T10:07:05 - [TEST_STEP][PASSED] - println("dZONames: " + dZONames): null

16-05-2025T10:07:05 - [TEST_STEP][PASSED] - dZONumOtk = dZONumOtk + 1: null

16-05-2025T10:07:05 - [TEST_STEP][PASSED] - println("dZONumOtk: " + dZONumOtk): null

16-05-2025T10:07:05 - [TEST_STEP][PASSED] - dZONames = dZONames.substring(dZONames.indexOf("/") + 1, dZONames.length()): null

16-05-2025T10:07:05 - [TEST_STEP][PASSED] - ii = dZONames.lastIndexOf("/"): null

16-05-2025T10:07:05 - [TEST_STEP][PASSED] - println("dZONames: " + dZONames): null

16-05-2025T10:07:05 - [TEST_STEP][PASSED] - dZONumOtk = dZONumOtk + 1: null

16-05-2025T10:07:05 - [TEST_STEP][PASSED] - println("dZONumOtk: " + dZONumOtk): null

16-05-2025T10:07:05 - [TEST_STEP][PASSED] - dZONames = dZONames.substring(dZONames.indexOf("/") + 1, dZONames.length()): null

16-05-2025T10:07:05 - [TEST_STEP][PASSED] - ii = dZONames.lastIndexOf("/"): null

16-05-2025T10:07:05 - [TEST_STEP][PASSED] - println("dZONames: " + dZONames): null

16-05-2025T10:07:05 - [TEST_STEP][PASSED] - dZONumOtk = dZONumOtk + 1: null

16-05-2025T10:07:05 - [TEST_STEP][PASSED] - println("dZONumOtk: " + dZONumOtk): null

16-05-2025T10:07:05 - [TEST_STEP][PASSED] - dZONames = dZONames.substring(dZONames.indexOf("/") + 1, dZONames.length()): null

16-05-2025T10:07:05 - [TEST_STEP][PASSED] - ii = dZONames.lastIndexOf("/"): null

16-05-2025T10:07:05 - [TEST_STEP][PASSED] - println("dZONames: " + dZONames): null

16-05-2025T10:07:05 - [TEST_STEP][PASSED] - dZONumOtk = dZONumOtk + 1: null

16-05-2025T10:07:05 - [TEST_STEP][PASSED] - println("dZONumOtk: " + dZONumOtk): null

16-05-2025T10:07:05 - [TEST_STEP][PASSED] - dZONames = dZONames.substring(dZONames.indexOf("/") + 1, dZONames.length()): null

16-05-2025T10:07:05 - [TEST_STEP][PASSED] - ii = dZONames.lastIndexOf("/"): null

16-05-2025T10:07:05 - [TEST_STEP][PASSED] - println("dZONames: " + dZONames): null

16-05-2025T10:07:05 - [TEST_STEP][PASSED] - dZONumOtk = dZONumOtk + 1: null

16-05-2025T10:07:05 - [TEST_STEP][PASSED] - println("dZONumOtk: " + dZONumOtk): null

16-05-2025T10:07:05 - [TEST_STEP][PASSED] - dZONames = dZONames.substring(dZONames.indexOf("/") + 1, dZONames.length()): null

16-05-2025T10:07:05 - [TEST_STEP][PASSED] - ii = dZONames.lastIndexOf("/"): null

16-05-2025T10:07:05 - [TEST_STEP][PASSED] - println("dZONames: " + dZONames): null

16-05-2025T10:07:05 - [TEST_STEP][PASSED] - dZONumOtk = dZONumOtk + 1: null

16-05-2025T10:07:05 - [TEST_STEP][PASSED] - println("dZONumOtk: " + dZONumOtk): null

16-05-2025T10:07:05 - [TEST_STEP][PASSED] - dZONames = dZONames.substring(dZONames.indexOf("/") + 1, dZONames.length()): null

16-05-2025T10:07:05 - [TEST_STEP][PASSED] - ii = dZONames.lastIndexOf("/"): null

16-05-2025T10:07:05 - [TEST_STEP][PASSED] - println("dZONames: " + dZONames): null

16-05-2025T10:07:05 - [TEST_STEP][PASSED] - dZONumOtk = dZONumOtk + 1: null

16-05-2025T10:07:05 - [TEST_STEP][PASSED] - println("dZONumOtk: " + dZONumOtk): null

16-05-2025T10:07:05 - [TEST_STEP][PASSED] - if (z.indexOf("//") > -1): null

16-05-2025T10:07:05 - [TEST_STEP][PASSED] - println("z: " + z): null

16-05-2025T10:07:05 - [TEST_STEP][PASSED] - for ([ii = 1, ii < dZONumOtk, (ii++)]): null

16-05-2025T10:07:05 - [TEST_STEP][PASSED] - i1 = z.indexOf("/") + 1: null

16-05-2025T10:07:05 - [TEST_STEP][PASSED] - z = z.substring(i1, z.length()): null

16-05-2025T10:07:05 - [TEST_STEP][PASSED] - println("ii: " + ii): null

16-05-2025T10:07:05 - [TEST_STEP][PASSED] - println("z: " + z): null

16-05-2025T10:07:05 - [TEST_STEP][PASSED] - i1 = z.indexOf("/") + 1: null

16-05-2025T10:07:05 - [TEST_STEP][PASSED] - z = z.substring(i1, z.length()): null

16-05-2025T10:07:05 - [TEST_STEP][PASSED] - println("ii: " + ii): null

16-05-2025T10:07:05 - [TEST_STEP][PASSED] - println("z: " + z): null

16-05-2025T10:07:05 - [TEST_STEP][PASSED] - i1 = z.indexOf("/") + 1: null

16-05-2025T10:07:05 - [TEST_STEP][PASSED] - z = z.substring(i1, z.length()): null

16-05-2025T10:07:05 - [TEST_STEP][PASSED] - println("ii: " + ii): null

16-05-2025T10:07:05 - [TEST_STEP][PASSED] - println("z: " + z): null

16-05-2025T10:07:05 - [TEST_STEP][PASSED] - i1 = z.indexOf("/") + 1: null

16-05-2025T10:07:05 - [TEST_STEP][PASSED] - z = z.substring(i1, z.length()): null

16-05-2025T10:07:05 - [TEST_STEP][PASSED] - println("ii: " + ii): null

16-05-2025T10:07:05 - [TEST_STEP][PASSED] - println("z: " + z): null

16-05-2025T10:07:05 - [TEST_STEP][PASSED] - i1 = z.indexOf("/") + 1: null

16-05-2025T10:07:05 - [TEST_STEP][PASSED] - z = z.substring(i1, z.length()): null

16-05-2025T10:07:05 - [TEST_STEP][PASSED] - println("ii: " + ii): null

16-05-2025T10:07:05 - [TEST_STEP][PASSED] - println("z: " + z): null

16-05-2025T10:07:05 - [TEST_STEP][PASSED] - i1 = z.indexOf("/") + 1: null

16-05-2025T10:07:05 - [TEST_STEP][PASSED] - z = z.substring(i1, z.length()): null

16-05-2025T10:07:05 - [TEST_STEP][PASSED] - println("ii: " + ii): null

16-05-2025T10:07:05 - [TEST_STEP][PASSED] - println("z: " + z): null

16-05-2025T10:07:05 - [TEST_STEP][PASSED] - i1 = z.indexOf("/") + 1: null

16-05-2025T10:07:05 - [TEST_STEP][PASSED] - z = z.substring(i1, z.length()): null

16-05-2025T10:07:05 - [TEST_STEP][PASSED] - println("ii: " + ii): null

16-05-2025T10:07:05 - [TEST_STEP][PASSED] - println("z: " + z): null

16-05-2025T10:07:05 - [TEST_STEP][PASSED] - i1 = z.indexOf("/") + 1: null

16-05-2025T10:07:05 - [TEST_STEP][PASSED] - z = z.substring(i1, z.length()): null

16-05-2025T10:07:05 - [TEST_STEP][PASSED] - println("ii: " + ii): null

16-05-2025T10:07:05 - [TEST_STEP][PASSED] - println("z: " + z): null

16-05-2025T10:07:05 - [TEST_STEP][PASSED] - i1 = z.indexOf("/") + 1: null

16-05-2025T10:07:05 - [TEST_STEP][PASSED] - z = z.substring(i1, z.length()): null

16-05-2025T10:07:05 - [TEST_STEP][PASSED] - println("ii: " + ii): null

16-05-2025T10:07:05 - [TEST_STEP][PASSED] - println("z: " + z): null

16-05-2025T10:07:05 - [TEST_STEP][PASSED] - i1 = z.indexOf("/") + 1: null

16-05-2025T10:07:05 - [TEST_STEP][PASSED] - z = z.substring(i1, z.length()): null

16-05-2025T10:07:05 - [TEST_STEP][PASSED] - println("ii: " + ii): null

16-05-2025T10:07:05 - [TEST_STEP][PASSED] - println("z: " + z): null

16-05-2025T10:07:05 - [TEST_STEP][PASSED] - z = z.substring(0, z.indexOf("/")): null

16-05-2025T10:07:05 - [TEST_STEP][PASSED] - println("z: " + z): null

16-05-2025T10:07:05 - [TEST_STEP][PASSED] - x = x + "/" + z: null

16-05-2025T10:07:05 - [TEST_STEP][PASSED] - x = x.replaceAll("[\r?
|
]", ""): null

16-05-2025T10:07:05 - [TEST_STEP][PASSED] - println("x =" + x): null

16-05-2025T10:07:05 - [TEST_STEP][PASSED] - return x: null

16-05-2025T10:07:05 - [TEST_STEP][PASSED] - println("fR: " + fR): null

16-05-2025T10:07:05 - [TEST_STEP][PASSED] - i = VseDZO.indexOf("Тываэнерго"): null

16-05-2025T10:07:05 - [TEST_STEP][PASSED] - if (i > -1): null

16-05-2025T10:07:05 - [TEST_STEP][PASSED] - else: null

16-05-2025T10:07:05 - [TEST_STEP][PASSED] - tyR = tyR + "нет данных/нет данных/нет данных/нет данных/нет данных/нет данных/нет данных/нет данных/нет данных": null

16-05-2025T10:07:05 - [TEST_STEP][PASSED] - println("tyR: " + tyR): null

16-05-2025T10:07:05 - [TEST_STEP][PASSED] - i = VseDZO.indexOf("Чеченэнерго"): null

16-05-2025T10:07:05 - [TEST_STEP][PASSED] - if (i > -1): null

16-05-2025T10:07:05 - [TEST_STEP][PASSED] - else: null

16-05-2025T10:07:05 - [TEST_STEP][PASSED] - chR = chR + "нет данных/нет данных/нет данных/нет данных/нет данных/нет данных/нет данных/нет данных/нет данных": null

16-05-2025T10:07:05 - [TEST_STEP][PASSED] - println("chR: " + chR): null

16-05-2025T10:07:05 - [TEST_STEP][PASSED] - i = VseDZO.indexOf("Волга"): null

16-05-2025T10:07:05 - [TEST_STEP][PASSED] - if (i > -1): null

16-05-2025T10:07:05 - [TEST_STEP][PASSED] - dZONum = dZONum + 1: null

16-05-2025T10:07:05 - [TEST_STEP][PASSED] - vR = GetAllData(path, dZONum, VseDZO, x = "Россети Волга/", dZO): null

16-05-2025T10:07:05 - [TEST_STEP][PASSED] - ii = <not implemented yet for class: org.codehaus.groovy.ast.expr.EmptyExpression>: null

16-05-2025T10:07:05 - [TEST_STEP][PASSED] - i1 = <not implemented yet for class: org.codehaus.groovy.ast.expr.EmptyExpression>: null

16-05-2025T10:07:05 - [TEST_STEP][PASSED] - z = <not implemented yet for class: org.codehaus.groovy.ast.expr.EmptyExpression>: null

16-05-2025T10:07:05 - [TEST_STEP][PASSED] - strToManage = <not implemented yet for class: org.codehaus.groovy.ast.expr.EmptyExpression>: null

16-05-2025T10:07:05 - [TEST_STEP][PASSED] - path2 = "Значения со страницы Выполнение бизнес-плана/Table Data/": null

16-05-2025T10:07:05 - [TEST_STEP][PASSED] - println("path: " + path): null

16-05-2025T10:07:05 - [TEST_STEP][PASSED] - dZONumOtk = <not implemented yet for class: org.codehaus.groovy.ast.expr.EmptyExpression>: null

16-05-2025T10:07:05 - [TEST_STEP][PASSED] - println("dZONum: " + dZONum): null

16-05-2025T10:07:05 - [TEST_STEP][PASSED] - dZO = x.substring(x.indexOf("/")): null

16-05-2025T10:07:05 - [TEST_STEP][PASSED] - println("dZO: " + dZO): null

16-05-2025T10:07:05 - [TEST_STEP][PASSED] - z = getText(findTestObject(path + "spanPlan" + dZONum)): Text of object 'Object Repository/Выполнение бизнес-плана/spanPlan2' is: '7.22
|'

16-05-2025T10:07:06 - [MESSAGE][PASSED] - Text of object 'Object Repository/Выполнение бизнес-плана/spanPlan2' is: '7.22
|'

16-05-2025T10:07:06 - [TEST_STEP][PASSED] - println(z): null

16-05-2025T10:07:06 - [TEST_STEP][PASSED] - if (z != ""): null

16-05-2025T10:07:06 - [TEST_STEP][PASSED] - ii = z.indexOf("|"): null

16-05-2025T10:07:06 - [TEST_STEP][PASSED] - if (ii > -1): null

16-05-2025T10:07:06 - [TEST_STEP][PASSED] - z = z.substring(0, z.length() - 1): null

16-05-2025T10:07:06 - [TEST_STEP][PASSED] - println(z): null

16-05-2025T10:07:06 - [TEST_STEP][PASSED] - z = z.replaceAll("\s+", ""): null

16-05-2025T10:07:06 - [TEST_STEP][PASSED] - z = z.replace("[\r?
|
]", "/"): null

16-05-2025T10:07:06 - [TEST_STEP][PASSED] - println(z): null

16-05-2025T10:07:06 - [TEST_STEP][PASSED] - x = x + z: null

16-05-2025T10:07:06 - [TEST_STEP][PASSED] - z = getText(findTestObject(path + "spanFact" + dZONum)): Text of object 'Object Repository/Выполнение бизнес-плана/spanFact2' is: '6.22'

16-05-2025T10:07:06 - [MESSAGE][PASSED] - Text of object 'Object Repository/Выполнение бизнес-плана/spanFact2' is: '6.22'

16-05-2025T10:07:06 - [TEST_STEP][PASSED] - ii = z.indexOf("|"): null

16-05-2025T10:07:06 - [TEST_STEP][PASSED] - if (ii > -1): null

16-05-2025T10:07:06 - [TEST_STEP][PASSED] - x = x + "/" + z: null

16-05-2025T10:07:06 - [TEST_STEP][PASSED] - z = getText(findTestObject(path + path2 + "Факт Отпуск в сеть за отчётный период " + dZONum)).replaceAll("\s+", ""): Text of object 'Object Repository/Выполнение бизнес-плана/Значения со страницы Выполнение бизнес-плана/Table Data/Факт Отпуск в сеть за отчётный период 2' is: '4 949 974'

16-05-2025T10:07:06 - [MESSAGE][PASSED] - Text of object 'Object Repository/Выполнение бизнес-плана/Значения со страницы Выполнение бизнес-плана/Table Data/Факт Отпуск в сеть за отчётный период 2' is: '4 949 974'

16-05-2025T10:07:06 - [TEST_STEP][PASSED] - println("z=" + z): null

16-05-2025T10:07:06 - [TEST_STEP][PASSED] - x = x + "/" + z: null

16-05-2025T10:07:06 - [TEST_STEP][PASSED] - z = getText(findTestObject(path + path2 + "Факт Отпуск из сети за отчётный период " + dZONum)).replaceAll("\s+", ""): Text of object 'Object Repository/Выполнение бизнес-плана/Значения со страницы Выполнение бизнес-плана/Table Data/Факт Отпуск из сети за отчётный период 2' is: '4 641 851'

16-05-2025T10:07:07 - [MESSAGE][PASSED] - Text of object 'Object Repository/Выполнение бизнес-плана/Значения со страницы Выполнение бизнес-плана/Table Data/Факт Отпуск из сети за отчётный период 2' is: '4 641 851'

16-05-2025T10:07:07 - [TEST_STEP][PASSED] - x = x + "/" + z: null

16-05-2025T10:07:07 - [TEST_STEP][PASSED] - z = getText(findTestObject(path + path2 + "Факт Потери за отчётный период " + dZONum)).replaceAll("\s+", ""): Text of object 'Object Repository/Выполнение бизнес-плана/Значения со страницы Выполнение бизнес-плана/Table Data/Факт Потери за отчётный период 2' is: '308 123'

16-05-2025T10:07:07 - [MESSAGE][PASSED] - Text of object 'Object Repository/Выполнение бизнес-плана/Значения со страницы Выполнение бизнес-плана/Table Data/Факт Потери за отчётный период 2' is: '308 123'

16-05-2025T10:07:07 - [TEST_STEP][PASSED] - x = x + "/" + z: null

16-05-2025T10:07:07 - [TEST_STEP][PASSED] - z = getText(findTestObject(path + path2 + "План Отпуск в сеть за отчётный период " + dZONum)).replaceAll("\s+", ""): Text of object 'Object Repository/Выполнение бизнес-плана/Значения со страницы Выполнение бизнес-плана/Table Data/План Отпуск в сеть за отчётный период 2' is: '5 172 896'

16-05-2025T10:07:07 - [MESSAGE][PASSED] - Text of object 'Object Repository/Выполнение бизнес-плана/Значения со страницы Выполнение бизнес-плана/Table Data/План Отпуск в сеть за отчётный период 2' is: '5 172 896'

16-05-2025T10:07:07 - [TEST_STEP][PASSED] - x = x + "/" + z: null

16-05-2025T10:07:07 - [TEST_STEP][PASSED] - z = getText(findTestObject(path + path2 + "План Отпуск из сети за отчётный период " + dZONum)).replaceAll("\s+", ""): Text of object 'Object Repository/Выполнение бизнес-плана/Значения со страницы Выполнение бизнес-плана/Table Data/План Отпуск из сети за отчётный период 2' is: '4 799 582'

16-05-2025T10:07:07 - [MESSAGE][PASSED] - Text of object 'Object Repository/Выполнение бизнес-плана/Значения со страницы Выполнение бизнес-плана/Table Data/План Отпуск из сети за отчётный период 2' is: '4 799 582'

16-05-2025T10:07:07 - [TEST_STEP][PASSED] - x = x + "/" + z: null

16-05-2025T10:07:07 - [TEST_STEP][PASSED] - z = getText(findTestObject(path + path2 + "План Потери за отчётный период " + dZONum)).replaceAll("\s+", ""): Text of object 'Object Repository/Выполнение бизнес-плана/Значения со страницы Выполнение бизнес-плана/Table Data/План Потери за отчётный период 2' is: '373 314'

16-05-2025T10:07:08 - [MESSAGE][PASSED] - Text of object 'Object Repository/Выполнение бизнес-плана/Значения со страницы Выполнение бизнес-плана/Table Data/План Потери за отчётный период 2' is: '373 314'

16-05-2025T10:07:08 - [TEST_STEP][PASSED] - x = x + "/" + z: null

16-05-2025T10:07:08 - [TEST_STEP][PASSED] - z = getText(findTestObject(path + "Список ДЗО 2")).replaceAll("[\r?
|
]", "/"): Text of object 'Object Repository/Выполнение бизнес-плана/Список ДЗО 2' is: '0.05
-0.99
-0.40
-1.51
-0.19
-0.38
-0.25
-1.05
-0.60
-1.44
-1.52
Россети ФСК ЕЭС
Россети Волга
Россети Московскийрегион
Россети Северо-Запад
Россети Томск
Россети Тюмень
Россети Урал (ГК)
Россети Центр (ГК)
Россети Центр иПриволжье (ГК)
Россети Юг (ГК)
Россети Янтарь
-2
0
2
4
6
8'

16-05-2025T10:07:08 - [MESSAGE][PASSED] - Text of object 'Object Repository/Выполнение бизнес-плана/Список ДЗО 2' is: '0.05
-0.99
-0.40
-1.51
-0.19
-0.38
-0.25
-1.05
-0.60
-1.44
-1.52
Россети ФСК ЕЭС
Россети Волга
Россети Московскийрегион
Россети Северо-Запад
Россети Томск
Россети Тюмень
Россети Урал (ГК)
Россети Центр (ГК)
Россети Центр иПриволжье (ГК)
Россети Юг (ГК)
Россети Янтарь
-2
0
2
4
6
8'

16-05-2025T10:07:08 - [TEST_STEP][PASSED] - strToManage = z: null

16-05-2025T10:07:08 - [TEST_STEP][PASSED] - ii = strToManage.indexOf("ГК"): null

16-05-2025T10:07:08 - [TEST_STEP][PASSED] - if (ii > -1): null

16-05-2025T10:07:08 - [TEST_STEP][PASSED] - for ([i1 = 1, i1 > -1, (i1--)]): null

16-05-2025T10:07:08 - [TEST_STEP][PASSED] - strToManage = strToManage.substring(0, strToManage.indexOf("ГК") - 1) + strToManage.substring(strToManage.indexOf("ГК") + 3): null

16-05-2025T10:07:08 - [TEST_STEP][PASSED] - println("strToManage count i1: " + strToManage): null

16-05-2025T10:07:08 - [TEST_STEP][PASSED] - i1 = strToManage.count("ГК"): null

16-05-2025T10:07:08 - [TEST_STEP][PASSED] - println("i1: " + i1): null

16-05-2025T10:07:08 - [TEST_STEP][PASSED] - strToManage = strToManage.substring(0, strToManage.indexOf("ГК") - 1) + strToManage.substring(strToManage.indexOf("ГК") + 3): null

16-05-2025T10:07:08 - [TEST_STEP][PASSED] - println("strToManage count i1: " + strToManage): null

16-05-2025T10:07:08 - [TEST_STEP][PASSED] - i1 = strToManage.count("ГК"): null

16-05-2025T10:07:08 - [TEST_STEP][PASSED] - println("i1: " + i1): null

16-05-2025T10:07:08 - [TEST_STEP][PASSED] - strToManage = strToManage.substring(0, strToManage.indexOf("ГК") - 1) + strToManage.substring(strToManage.indexOf("ГК") + 3): null

16-05-2025T10:07:08 - [TEST_STEP][PASSED] - println("strToManage count i1: " + strToManage): null

16-05-2025T10:07:08 - [TEST_STEP][PASSED] - i1 = strToManage.count("ГК"): null

16-05-2025T10:07:08 - [TEST_STEP][PASSED] - println("i1: " + i1): null

16-05-2025T10:07:08 - [TEST_STEP][PASSED] - strToManage = strToManage.substring(0, strToManage.indexOf("ГК") - 1) + strToManage.substring(strToManage.indexOf("ГК") + 3): null

16-05-2025T10:07:08 - [TEST_STEP][PASSED] - println("strToManage count i1: " + strToManage): null

16-05-2025T10:07:08 - [TEST_STEP][PASSED] - i1 = strToManage.count("ГК"): null

16-05-2025T10:07:08 - [TEST_STEP][PASSED] - println("i1: " + i1): null

16-05-2025T10:07:08 - [TEST_STEP][PASSED] - z = strToManage: null

16-05-2025T10:07:08 - [TEST_STEP][PASSED] - println("z: " + z): null

16-05-2025T10:07:08 - [TEST_STEP][PASSED] - lettersStart = z.indexOf("Россети"): null

16-05-2025T10:07:08 - [TEST_STEP][PASSED] - strToManage = z.substring(lettersStart, z.length()): null

16-05-2025T10:07:08 - [TEST_STEP][PASSED] - println("strToManage: " + strToManage): null

16-05-2025T10:07:08 - [TEST_STEP][PASSED] - dZONames = strToManage: null

16-05-2025T10:07:08 - [TEST_STEP][PASSED] - strToManage = strToManage.replaceAll("[а-яА-Я]", ""): null

16-05-2025T10:07:08 - [TEST_STEP][PASSED] - println("strToManage after letters: " + strToManage): null

16-05-2025T10:07:08 - [TEST_STEP][PASSED] - strToManage = replaceAll(" ", "").replaceAll("/-/", ""): null

16-05-2025T10:07:08 - [TEST_STEP][PASSED] - println("strToManage: " + strToManage): null

16-05-2025T10:07:08 - [TEST_STEP][PASSED] - strToManage = strToManage.substring(strToManage.lastIndexOf("//") + 1, strToManage.length()): null

16-05-2025T10:07:08 - [TEST_STEP][PASSED] - println("strToManage: " + strToManage): null

16-05-2025T10:07:08 - [TEST_STEP][PASSED] - ii = z.indexOf(strToManage): null

16-05-2025T10:07:08 - [TEST_STEP][PASSED] - if (ii > -1): null

16-05-2025T10:07:08 - [TEST_STEP][PASSED] - z = z.substring(0, ii) + "/": null

16-05-2025T10:07:08 - [TEST_STEP][PASSED] - println("z: " + z): null

16-05-2025T10:07:08 - [TEST_STEP][PASSED] - println("dZONum: " + dZONum): null

16-05-2025T10:07:08 - [TEST_STEP][PASSED] - strToManage = dZO: null

16-05-2025T10:07:08 - [TEST_STEP][PASSED] - if (strToManage.indexOf("(ГК)") > -1): null

16-05-2025T10:07:08 - [TEST_STEP][PASSED] - strToManage = replaceAll("\p{P}", "").replaceAll("\s+", ""): null

16-05-2025T10:07:08 - [TEST_STEP][PASSED] - println("strToManage: " + strToManage): null

16-05-2025T10:07:08 - [TEST_STEP][PASSED] - if (replaceAll("\s+", "").indexOf(strToManage) > -1): null

16-05-2025T10:07:08 - [TEST_STEP][PASSED] - dZONames = replaceAll("-", "").replaceAll("//", ""): null

16-05-2025T10:07:08 - [TEST_STEP][PASSED] - println("dZONames: " + dZONames): null

16-05-2025T10:07:08 - [TEST_STEP][PASSED] - dZONumOtk = 1: null

16-05-2025T10:07:08 - [TEST_STEP][PASSED] - ii = dZONames.indexOf(strToManage): null

16-05-2025T10:07:08 - [TEST_STEP][PASSED] - if (strToManage != "ФСК"): null

16-05-2025T10:07:08 - [TEST_STEP][PASSED] - if (ii > -1): null

16-05-2025T10:07:08 - [TEST_STEP][PASSED] - for ([i1 = 1, ii > -1, (i1++)]): null

16-05-2025T10:07:08 - [TEST_STEP][PASSED] - dZONames = dZONames.substring(dZONames.indexOf("/") + 1, dZONames.length()): null

16-05-2025T10:07:08 - [TEST_STEP][PASSED] - ii = dZONames.lastIndexOf("/"): null

16-05-2025T10:07:08 - [TEST_STEP][PASSED] - println("dZONames: " + dZONames): null

16-05-2025T10:07:08 - [TEST_STEP][PASSED] - dZONumOtk = dZONumOtk + 1: null

16-05-2025T10:07:08 - [TEST_STEP][PASSED] - println("dZONumOtk: " + dZONumOtk): null

16-05-2025T10:07:08 - [TEST_STEP][PASSED] - dZONames = dZONames.substring(dZONames.indexOf("/") + 1, dZONames.length()): null

16-05-2025T10:07:08 - [TEST_STEP][PASSED] - ii = dZONames.lastIndexOf("/"): null

16-05-2025T10:07:08 - [TEST_STEP][PASSED] - println("dZONames: " + dZONames): null

16-05-2025T10:07:08 - [TEST_STEP][PASSED] - dZONumOtk = dZONumOtk + 1: null

16-05-2025T10:07:08 - [TEST_STEP][PASSED] - println("dZONumOtk: " + dZONumOtk): null

16-05-2025T10:07:08 - [TEST_STEP][PASSED] - dZONames = dZONames.substring(dZONames.indexOf("/") + 1, dZONames.length()): null

16-05-2025T10:07:08 - [TEST_STEP][PASSED] - ii = dZONames.lastIndexOf("/"): null

16-05-2025T10:07:08 - [TEST_STEP][PASSED] - println("dZONames: " + dZONames): null

16-05-2025T10:07:08 - [TEST_STEP][PASSED] - dZONumOtk = dZONumOtk + 1: null

16-05-2025T10:07:08 - [TEST_STEP][PASSED] - println("dZONumOtk: " + dZONumOtk): null

16-05-2025T10:07:08 - [TEST_STEP][PASSED] - dZONames = dZONames.substring(dZONames.indexOf("/") + 1, dZONames.length()): null

16-05-2025T10:07:08 - [TEST_STEP][PASSED] - ii = dZONames.lastIndexOf("/"): null

16-05-2025T10:07:08 - [TEST_STEP][PASSED] - println("dZONames: " + dZONames): null

16-05-2025T10:07:08 - [TEST_STEP][PASSED] - dZONumOtk = dZONumOtk + 1: null

16-05-2025T10:07:08 - [TEST_STEP][PASSED] - println("dZONumOtk: " + dZONumOtk): null

16-05-2025T10:07:08 - [TEST_STEP][PASSED] - dZONames = dZONames.substring(dZONames.indexOf("/") + 1, dZONames.length()): null

16-05-2025T10:07:08 - [TEST_STEP][PASSED] - ii = dZONames.lastIndexOf("/"): null

16-05-2025T10:07:08 - [TEST_STEP][PASSED] - println("dZONames: " + dZONames): null

16-05-2025T10:07:08 - [TEST_STEP][PASSED] - dZONumOtk = dZONumOtk + 1: null

16-05-2025T10:07:08 - [TEST_STEP][PASSED] - println("dZONumOtk: " + dZONumOtk): null

16-05-2025T10:07:08 - [TEST_STEP][PASSED] - dZONames = dZONames.substring(dZONames.indexOf("/") + 1, dZONames.length()): null

16-05-2025T10:07:08 - [TEST_STEP][PASSED] - ii = dZONames.lastIndexOf("/"): null

16-05-2025T10:07:08 - [TEST_STEP][PASSED] - println("dZONames: " + dZONames): null

16-05-2025T10:07:08 - [TEST_STEP][PASSED] - dZONumOtk = dZONumOtk + 1: null

16-05-2025T10:07:08 - [TEST_STEP][PASSED] - println("dZONumOtk: " + dZONumOtk): null

16-05-2025T10:07:08 - [TEST_STEP][PASSED] - dZONames = dZONames.substring(dZONames.indexOf("/") + 1, dZONames.length()): null

16-05-2025T10:07:08 - [TEST_STEP][PASSED] - ii = dZONames.lastIndexOf("/"): null

16-05-2025T10:07:08 - [TEST_STEP][PASSED] - println("dZONames: " + dZONames): null

16-05-2025T10:07:08 - [TEST_STEP][PASSED] - dZONumOtk = dZONumOtk + 1: null

16-05-2025T10:07:08 - [TEST_STEP][PASSED] - println("dZONumOtk: " + dZONumOtk): null

16-05-2025T10:07:08 - [TEST_STEP][PASSED] - dZONames = dZONames.substring(dZONames.indexOf("/") + 1, dZONames.length()): null

16-05-2025T10:07:08 - [TEST_STEP][PASSED] - ii = dZONames.lastIndexOf("/"): null

16-05-2025T10:07:08 - [TEST_STEP][PASSED] - println("dZONames: " + dZONames): null

16-05-2025T10:07:08 - [TEST_STEP][PASSED] - dZONumOtk = dZONumOtk + 1: null

16-05-2025T10:07:08 - [TEST_STEP][PASSED] - println("dZONumOtk: " + dZONumOtk): null

16-05-2025T10:07:08 - [TEST_STEP][PASSED] - dZONames = dZONames.substring(dZONames.indexOf("/") + 1, dZONames.length()): null

16-05-2025T10:07:08 - [TEST_STEP][PASSED] - ii = dZONames.lastIndexOf("/"): null

16-05-2025T10:07:08 - [TEST_STEP][PASSED] - println("dZONames: " + dZONames): null

16-05-2025T10:07:08 - [TEST_STEP][PASSED] - dZONumOtk = dZONumOtk + 1: null

16-05-2025T10:07:08 - [TEST_STEP][PASSED] - println("dZONumOtk: " + dZONumOtk): null

16-05-2025T10:07:08 - [TEST_STEP][PASSED] - dZONames = dZONames.substring(dZONames.indexOf("/") + 1, dZONames.length()): null

16-05-2025T10:07:08 - [TEST_STEP][PASSED] - ii = dZONames.lastIndexOf("/"): null

16-05-2025T10:07:08 - [TEST_STEP][PASSED] - println("dZONames: " + dZONames): null

16-05-2025T10:07:08 - [TEST_STEP][PASSED] - dZONumOtk = dZONumOtk + 1: null

16-05-2025T10:07:08 - [TEST_STEP][PASSED] - println("dZONumOtk: " + dZONumOtk): null

16-05-2025T10:07:08 - [TEST_STEP][PASSED] - if (z.indexOf("//") > -1): null

16-05-2025T10:07:08 - [TEST_STEP][PASSED] - println("z: " + z): null

16-05-2025T10:07:08 - [TEST_STEP][PASSED] - for ([ii = 1, ii < dZONumOtk, (ii++)]): null

16-05-2025T10:07:08 - [TEST_STEP][PASSED] - i1 = z.indexOf("/") + 1: null

16-05-2025T10:07:08 - [TEST_STEP][PASSED] - z = z.substring(i1, z.length()): null

16-05-2025T10:07:08 - [TEST_STEP][PASSED] - println("ii: " + ii): null

16-05-2025T10:07:08 - [TEST_STEP][PASSED] - println("z: " + z): null

16-05-2025T10:07:08 - [TEST_STEP][PASSED] - i1 = z.indexOf("/") + 1: null

16-05-2025T10:07:08 - [TEST_STEP][PASSED] - z = z.substring(i1, z.length()): null

16-05-2025T10:07:08 - [TEST_STEP][PASSED] - println("ii: " + ii): null

16-05-2025T10:07:08 - [TEST_STEP][PASSED] - println("z: " + z): null

16-05-2025T10:07:08 - [TEST_STEP][PASSED] - i1 = z.indexOf("/") + 1: null

16-05-2025T10:07:08 - [TEST_STEP][PASSED] - z = z.substring(i1, z.length()): null

16-05-2025T10:07:08 - [TEST_STEP][PASSED] - println("ii: " + ii): null

16-05-2025T10:07:08 - [TEST_STEP][PASSED] - println("z: " + z): null

16-05-2025T10:07:08 - [TEST_STEP][PASSED] - i1 = z.indexOf("/") + 1: null

16-05-2025T10:07:08 - [TEST_STEP][PASSED] - z = z.substring(i1, z.length()): null

16-05-2025T10:07:08 - [TEST_STEP][PASSED] - println("ii: " + ii): null

16-05-2025T10:07:08 - [TEST_STEP][PASSED] - println("z: " + z): null

16-05-2025T10:07:08 - [TEST_STEP][PASSED] - i1 = z.indexOf("/") + 1: null

16-05-2025T10:07:08 - [TEST_STEP][PASSED] - z = z.substring(i1, z.length()): null

16-05-2025T10:07:08 - [TEST_STEP][PASSED] - println("ii: " + ii): null

16-05-2025T10:07:08 - [TEST_STEP][PASSED] - println("z: " + z): null

16-05-2025T10:07:08 - [TEST_STEP][PASSED] - i1 = z.indexOf("/") + 1: null

16-05-2025T10:07:08 - [TEST_STEP][PASSED] - z = z.substring(i1, z.length()): null

16-05-2025T10:07:08 - [TEST_STEP][PASSED] - println("ii: " + ii): null

16-05-2025T10:07:08 - [TEST_STEP][PASSED] - println("z: " + z): null

16-05-2025T10:07:08 - [TEST_STEP][PASSED] - i1 = z.indexOf("/") + 1: null

16-05-2025T10:07:08 - [TEST_STEP][PASSED] - z = z.substring(i1, z.length()): null

16-05-2025T10:07:08 - [TEST_STEP][PASSED] - println("ii: " + ii): null

16-05-2025T10:07:08 - [TEST_STEP][PASSED] - println("z: " + z): null

16-05-2025T10:07:08 - [TEST_STEP][PASSED] - i1 = z.indexOf("/") + 1: null

16-05-2025T10:07:08 - [TEST_STEP][PASSED] - z = z.substring(i1, z.length()): null

16-05-2025T10:07:08 - [TEST_STEP][PASSED] - println("ii: " + ii): null

16-05-2025T10:07:08 - [TEST_STEP][PASSED] - println("z: " + z): null

16-05-2025T10:07:08 - [TEST_STEP][PASSED] - i1 = z.indexOf("/") + 1: null

16-05-2025T10:07:08 - [TEST_STEP][PASSED] - z = z.substring(i1, z.length()): null

16-05-2025T10:07:08 - [TEST_STEP][PASSED] - println("ii: " + ii): null

16-05-2025T10:07:08 - [TEST_STEP][PASSED] - println("z: " + z): null

16-05-2025T10:07:08 - [TEST_STEP][PASSED] - i1 = z.indexOf("/") + 1: null

16-05-2025T10:07:08 - [TEST_STEP][PASSED] - z = z.substring(i1, z.length()): null

16-05-2025T10:07:08 - [TEST_STEP][PASSED] - println("ii: " + ii): null

16-05-2025T10:07:08 - [TEST_STEP][PASSED] - println("z: " + z): null

16-05-2025T10:07:08 - [TEST_STEP][PASSED] - z = z.substring(0, z.indexOf("/")): null

16-05-2025T10:07:08 - [TEST_STEP][PASSED] - println("z: " + z): null

16-05-2025T10:07:08 - [TEST_STEP][PASSED] - x = x + "/" + z: null

16-05-2025T10:07:08 - [TEST_STEP][PASSED] - x = x.replaceAll("[\r?
|
]", ""): null

16-05-2025T10:07:08 - [TEST_STEP][PASSED] - println("x =" + x): null

16-05-2025T10:07:08 - [TEST_STEP][PASSED] - return x: null

16-05-2025T10:07:08 - [TEST_STEP][PASSED] - println("vR: " + vR): null

16-05-2025T10:07:08 - [TEST_STEP][PASSED] - i = VseDZO.indexOf("Кубань"): null

16-05-2025T10:07:08 - [TEST_STEP][PASSED] - if (i > -1): null

16-05-2025T10:07:08 - [TEST_STEP][PASSED] - else: null

16-05-2025T10:07:08 - [TEST_STEP][PASSED] - kR = kR + "нет данных/нет данных/нет данных/нет данных/нет данных/нет данных/нет данных/нет данных/нет данных": null

16-05-2025T10:07:08 - [TEST_STEP][PASSED] - println("kR: " + kR): null

16-05-2025T10:07:08 - [TEST_STEP][PASSED] - i = VseDZO.indexOf("Ленэнерго"): null

16-05-2025T10:07:08 - [TEST_STEP][PASSED] - if (i > -1): null

16-05-2025T10:07:08 - [TEST_STEP][PASSED] - else: null

16-05-2025T10:07:08 - [TEST_STEP][PASSED] - lR = lR + "нет данных/нет данных/нет данных/нет данных/нет данных/нет данных/нет данных/нет данных/нет данных": null

16-05-2025T10:07:08 - [TEST_STEP][PASSED] - println("lR: " + lR): null

16-05-2025T10:07:08 - [TEST_STEP][PASSED] - i = VseDZO.indexOf("Московский"): null

16-05-2025T10:07:08 - [TEST_STEP][PASSED] - if (i > -1): null

16-05-2025T10:07:08 - [TEST_STEP][PASSED] - dZONum = dZONum + 1: null

16-05-2025T10:07:08 - [TEST_STEP][PASSED] - mR = GetAllData(path, dZONum, VseDZO, x = "Россети Московский регион/", dZO): null

16-05-2025T10:07:08 - [TEST_STEP][PASSED] - ii = <not implemented yet for class: org.codehaus.groovy.ast.expr.EmptyExpression>: null

16-05-2025T10:07:08 - [TEST_STEP][PASSED] - i1 = <not implemented yet for class: org.codehaus.groovy.ast.expr.EmptyExpression>: null

16-05-2025T10:07:08 - [TEST_STEP][PASSED] - z = <not implemented yet for class: org.codehaus.groovy.ast.expr.EmptyExpression>: null

16-05-2025T10:07:08 - [TEST_STEP][PASSED] - strToManage = <not implemented yet for class: org.codehaus.groovy.ast.expr.EmptyExpression>: null

16-05-2025T10:07:08 - [TEST_STEP][PASSED] - path2 = "Значения со страницы Выполнение бизнес-плана/Table Data/": null

16-05-2025T10:07:08 - [TEST_STEP][PASSED] - println("path: " + path): null

16-05-2025T10:07:08 - [TEST_STEP][PASSED] - dZONumOtk = <not implemented yet for class: org.codehaus.groovy.ast.expr.EmptyExpression>: null

16-05-2025T10:07:08 - [TEST_STEP][PASSED] - println("dZONum: " + dZONum): null

16-05-2025T10:07:08 - [TEST_STEP][PASSED] - dZO = x.substring(x.indexOf("/")): null

16-05-2025T10:07:08 - [TEST_STEP][PASSED] - println("dZO: " + dZO): null

16-05-2025T10:07:08 - [TEST_STEP][PASSED] - z = getText(findTestObject(path + "spanPlan" + dZONum)): Text of object 'Object Repository/Выполнение бизнес-плана/spanPlan3' is: '9.39
|'

16-05-2025T10:07:08 - [MESSAGE][PASSED] - Text of object 'Object Repository/Выполнение бизнес-плана/spanPlan3' is: '9.39
|'

16-05-2025T10:07:08 - [TEST_STEP][PASSED] - println(z): null

16-05-2025T10:07:08 - [TEST_STEP][PASSED] - if (z != ""): null

16-05-2025T10:07:08 - [TEST_STEP][PASSED] - ii = z.indexOf("|"): null

16-05-2025T10:07:08 - [TEST_STEP][PASSED] - if (ii > -1): null

16-05-2025T10:07:08 - [TEST_STEP][PASSED] - z = z.substring(0, z.length() - 1): null

16-05-2025T10:07:08 - [TEST_STEP][PASSED] - println(z): null

16-05-2025T10:07:08 - [TEST_STEP][PASSED] - z = z.replaceAll("\s+", ""): null

16-05-2025T10:07:08 - [TEST_STEP][PASSED] - z = z.replace("[\r?
|
]", "/"): null

16-05-2025T10:07:08 - [TEST_STEP][PASSED] - println(z): null

16-05-2025T10:07:08 - [TEST_STEP][PASSED] - x = x + z: null

16-05-2025T10:07:08 - [TEST_STEP][PASSED] - z = getText(findTestObject(path + "spanFact" + dZONum)): Text of object 'Object Repository/Выполнение бизнес-плана/spanFact3' is: '9.00'

16-05-2025T10:07:09 - [MESSAGE][PASSED] - Text of object 'Object Repository/Выполнение бизнес-плана/spanFact3' is: '9.00'

16-05-2025T10:07:09 - [TEST_STEP][PASSED] - ii = z.indexOf("|"): null

16-05-2025T10:07:09 - [TEST_STEP][PASSED] - if (ii > -1): null

16-05-2025T10:07:09 - [TEST_STEP][PASSED] - x = x + "/" + z: null

16-05-2025T10:07:09 - [TEST_STEP][PASSED] - z = getText(findTestObject(path + path2 + "Факт Отпуск в сеть за отчётный период " + dZONum)).replaceAll("\s+", ""): Text of object 'Object Repository/Выполнение бизнес-плана/Значения со страницы Выполнение бизнес-плана/Table Data/Факт Отпуск в сеть за отчётный период 3' is: '28 695 297'

16-05-2025T10:07:09 - [MESSAGE][PASSED] - Text of object 'Object Repository/Выполнение бизнес-плана/Значения со страницы Выполнение бизнес-плана/Table Data/Факт Отпуск в сеть за отчётный период 3' is: '28 695 297'

16-05-2025T10:07:09 - [TEST_STEP][PASSED] - println("z=" + z): null

16-05-2025T10:07:09 - [TEST_STEP][PASSED] - x = x + "/" + z: null

16-05-2025T10:07:09 - [TEST_STEP][PASSED] - z = getText(findTestObject(path + path2 + "Факт Отпуск из сети за отчётный период " + dZONum)).replaceAll("\s+", ""): Text of object 'Object Repository/Выполнение бизнес-плана/Значения со страницы Выполнение бизнес-плана/Table Data/Факт Отпуск из сети за отчётный период 3' is: '26 113 910'

16-05-2025T10:07:09 - [MESSAGE][PASSED] - Text of object 'Object Repository/Выполнение бизнес-плана/Значения со страницы Выполнение бизнес-плана/Table Data/Факт Отпуск из сети за отчётный период 3' is: '26 113 910'

16-05-2025T10:07:09 - [TEST_STEP][PASSED] - x = x + "/" + z: null

16-05-2025T10:07:09 - [TEST_STEP][PASSED] - z = getText(findTestObject(path + path2 + "Факт Потери за отчётный период " + dZONum)).replaceAll("\s+", ""): Text of object 'Object Repository/Выполнение бизнес-плана/Значения со страницы Выполнение бизнес-плана/Table Data/Факт Потери за отчётный период 3' is: '2 581 387'

16-05-2025T10:07:10 - [MESSAGE][PASSED] - Text of object 'Object Repository/Выполнение бизнес-плана/Значения со страницы Выполнение бизнес-плана/Table Data/Факт Потери за отчётный период 3' is: '2 581 387'

16-05-2025T10:07:10 - [TEST_STEP][PASSED] - x = x + "/" + z: null

16-05-2025T10:07:10 - [TEST_STEP][PASSED] - z = getText(findTestObject(path + path2 + "План Отпуск в сеть за отчётный период " + dZONum)).replaceAll("\s+", ""): Text of object 'Object Repository/Выполнение бизнес-плана/Значения со страницы Выполнение бизнес-плана/Table Data/План Отпуск в сеть за отчётный период 3' is: '30 256 406'

16-05-2025T10:07:10 - [MESSAGE][PASSED] - Text of object 'Object Repository/Выполнение бизнес-плана/Значения со страницы Выполнение бизнес-плана/Table Data/План Отпуск в сеть за отчётный период 3' is: '30 256 406'

16-05-2025T10:07:10 - [TEST_STEP][PASSED] - x = x + "/" + z: null

16-05-2025T10:07:10 - [TEST_STEP][PASSED] - z = getText(findTestObject(path + path2 + "План Отпуск из сети за отчётный период " + dZONum)).replaceAll("\s+", ""): Text of object 'Object Repository/Выполнение бизнес-плана/Значения со страницы Выполнение бизнес-плана/Table Data/План Отпуск из сети за отчётный период 3' is: '27 414 523'

16-05-2025T10:07:10 - [MESSAGE][PASSED] - Text of object 'Object Repository/Выполнение бизнес-плана/Значения со страницы Выполнение бизнес-плана/Table Data/План Отпуск из сети за отчётный период 3' is: '27 414 523'

16-05-2025T10:07:10 - [TEST_STEP][PASSED] - x = x + "/" + z: null

16-05-2025T10:07:10 - [TEST_STEP][PASSED] - z = getText(findTestObject(path + path2 + "План Потери за отчётный период " + dZONum)).replaceAll("\s+", ""): Text of object 'Object Repository/Выполнение бизнес-плана/Значения со страницы Выполнение бизнес-плана/Table Data/План Потери за отчётный период 3' is: '2 841 883'

16-05-2025T10:07:10 - [MESSAGE][PASSED] - Text of object 'Object Repository/Выполнение бизнес-плана/Значения со страницы Выполнение бизнес-плана/Table Data/План Потери за отчётный период 3' is: '2 841 883'

16-05-2025T10:07:10 - [TEST_STEP][PASSED] - x = x + "/" + z: null

16-05-2025T10:07:10 - [TEST_STEP][PASSED] - z = getText(findTestObject(path + "Список ДЗО 2")).replaceAll("[\r?
|
]", "/"): Text of object 'Object Repository/Выполнение бизнес-плана/Список ДЗО 2' is: '0.05
-0.99
-0.40
-1.51
-0.19
-0.38
-0.25
-1.05
-0.60
-1.44
-1.52
Россети ФСК ЕЭС
Россети Волга
Россети Московскийрегион
Россети Северо-Запад
Россети Томск
Россети Тюмень
Россети Урал (ГК)
Россети Центр (ГК)
Россети Центр иПриволжье (ГК)
Россети Юг (ГК)
Россети Янтарь
-2
0
2
4
6
8'

16-05-2025T10:07:11 - [MESSAGE][PASSED] - Text of object 'Object Repository/Выполнение бизнес-плана/Список ДЗО 2' is: '0.05
-0.99
-0.40
-1.51
-0.19
-0.38
-0.25
-1.05
-0.60
-1.44
-1.52
Россети ФСК ЕЭС
Россети Волга
Россети Московскийрегион
Россети Северо-Запад
Россети Томск
Россети Тюмень
Россети Урал (ГК)
Россети Центр (ГК)
Россети Центр иПриволжье (ГК)
Россети Юг (ГК)
Россети Янтарь
-2
0
2
4
6
8'

16-05-2025T10:07:11 - [TEST_STEP][PASSED] - strToManage = z: null

16-05-2025T10:07:11 - [TEST_STEP][PASSED] - ii = strToManage.indexOf("ГК"): null

16-05-2025T10:07:11 - [TEST_STEP][PASSED] - if (ii > -1): null

16-05-2025T10:07:11 - [TEST_STEP][PASSED] - for ([i1 = 1, i1 > -1, (i1--)]): null

16-05-2025T10:07:11 - [TEST_STEP][PASSED] - strToManage = strToManage.substring(0, strToManage.indexOf("ГК") - 1) + strToManage.substring(strToManage.indexOf("ГК") + 3): null

16-05-2025T10:07:11 - [TEST_STEP][PASSED] - println("strToManage count i1: " + strToManage): null

16-05-2025T10:07:11 - [TEST_STEP][PASSED] - i1 = strToManage.count("ГК"): null

16-05-2025T10:07:11 - [TEST_STEP][PASSED] - println("i1: " + i1): null

16-05-2025T10:07:11 - [TEST_STEP][PASSED] - strToManage = strToManage.substring(0, strToManage.indexOf("ГК") - 1) + strToManage.substring(strToManage.indexOf("ГК") + 3): null

16-05-2025T10:07:11 - [TEST_STEP][PASSED] - println("strToManage count i1: " + strToManage): null

16-05-2025T10:07:11 - [TEST_STEP][PASSED] - i1 = strToManage.count("ГК"): null

16-05-2025T10:07:11 - [TEST_STEP][PASSED] - println("i1: " + i1): null

16-05-2025T10:07:11 - [TEST_STEP][PASSED] - strToManage = strToManage.substring(0, strToManage.indexOf("ГК") - 1) + strToManage.substring(strToManage.indexOf("ГК") + 3): null

16-05-2025T10:07:11 - [TEST_STEP][PASSED] - println("strToManage count i1: " + strToManage): null

16-05-2025T10:07:11 - [TEST_STEP][PASSED] - i1 = strToManage.count("ГК"): null

16-05-2025T10:07:11 - [TEST_STEP][PASSED] - println("i1: " + i1): null

16-05-2025T10:07:11 - [TEST_STEP][PASSED] - strToManage = strToManage.substring(0, strToManage.indexOf("ГК") - 1) + strToManage.substring(strToManage.indexOf("ГК") + 3): null

16-05-2025T10:07:11 - [TEST_STEP][PASSED] - println("strToManage count i1: " + strToManage): null

16-05-2025T10:07:11 - [TEST_STEP][PASSED] - i1 = strToManage.count("ГК"): null

16-05-2025T10:07:11 - [TEST_STEP][PASSED] - println("i1: " + i1): null

16-05-2025T10:07:11 - [TEST_STEP][PASSED] - z = strToManage: null

16-05-2025T10:07:11 - [TEST_STEP][PASSED] - println("z: " + z): null

16-05-2025T10:07:11 - [TEST_STEP][PASSED] - lettersStart = z.indexOf("Россети"): null

16-05-2025T10:07:11 - [TEST_STEP][PASSED] - strToManage = z.substring(lettersStart, z.length()): null

16-05-2025T10:07:11 - [TEST_STEP][PASSED] - println("strToManage: " + strToManage): null

16-05-2025T10:07:11 - [TEST_STEP][PASSED] - dZONames = strToManage: null

16-05-2025T10:07:11 - [TEST_STEP][PASSED] - strToManage = strToManage.replaceAll("[а-яА-Я]", ""): null

16-05-2025T10:07:11 - [TEST_STEP][PASSED] - println("strToManage after letters: " + strToManage): null

16-05-2025T10:07:11 - [TEST_STEP][PASSED] - strToManage = replaceAll(" ", "").replaceAll("/-/", ""): null

16-05-2025T10:07:11 - [TEST_STEP][PASSED] - println("strToManage: " + strToManage): null

16-05-2025T10:07:11 - [TEST_STEP][PASSED] - strToManage = strToManage.substring(strToManage.lastIndexOf("//") + 1, strToManage.length()): null

16-05-2025T10:07:11 - [TEST_STEP][PASSED] - println("strToManage: " + strToManage): null

16-05-2025T10:07:11 - [TEST_STEP][PASSED] - ii = z.indexOf(strToManage): null

16-05-2025T10:07:11 - [TEST_STEP][PASSED] - if (ii > -1): null

16-05-2025T10:07:11 - [TEST_STEP][PASSED] - z = z.substring(0, ii) + "/": null

16-05-2025T10:07:11 - [TEST_STEP][PASSED] - println("z: " + z): null

16-05-2025T10:07:11 - [TEST_STEP][PASSED] - println("dZONum: " + dZONum): null

16-05-2025T10:07:11 - [TEST_STEP][PASSED] - strToManage = dZO: null

16-05-2025T10:07:11 - [TEST_STEP][PASSED] - if (strToManage.indexOf("(ГК)") > -1): null

16-05-2025T10:07:11 - [TEST_STEP][PASSED] - strToManage = replaceAll("\p{P}", "").replaceAll("\s+", ""): null

16-05-2025T10:07:11 - [TEST_STEP][PASSED] - println("strToManage: " + strToManage): null

16-05-2025T10:07:11 - [TEST_STEP][PASSED] - if (replaceAll("\s+", "").indexOf(strToManage) > -1): null

16-05-2025T10:07:11 - [TEST_STEP][PASSED] - dZONames = replaceAll("-", "").replaceAll("//", ""): null

16-05-2025T10:07:11 - [TEST_STEP][PASSED] - println("dZONames: " + dZONames): null

16-05-2025T10:07:11 - [TEST_STEP][PASSED] - dZONumOtk = 1: null

16-05-2025T10:07:11 - [TEST_STEP][PASSED] - ii = dZONames.indexOf(strToManage): null

16-05-2025T10:07:11 - [TEST_STEP][PASSED] - if (strToManage != "ФСК"): null

16-05-2025T10:07:11 - [TEST_STEP][PASSED] - if (ii > -1): null

16-05-2025T10:07:11 - [TEST_STEP][PASSED] - for ([i1 = 1, ii > -1, (i1++)]): null

16-05-2025T10:07:11 - [TEST_STEP][PASSED] - dZONames = dZONames.substring(dZONames.indexOf("/") + 1, dZONames.length()): null

16-05-2025T10:07:11 - [TEST_STEP][PASSED] - ii = dZONames.lastIndexOf("/"): null

16-05-2025T10:07:11 - [TEST_STEP][PASSED] - println("dZONames: " + dZONames): null

16-05-2025T10:07:11 - [TEST_STEP][PASSED] - dZONumOtk = dZONumOtk + 1: null

16-05-2025T10:07:11 - [TEST_STEP][PASSED] - println("dZONumOtk: " + dZONumOtk): null

16-05-2025T10:07:11 - [TEST_STEP][PASSED] - dZONames = dZONames.substring(dZONames.indexOf("/") + 1, dZONames.length()): null

16-05-2025T10:07:11 - [TEST_STEP][PASSED] - ii = dZONames.lastIndexOf("/"): null

16-05-2025T10:07:11 - [TEST_STEP][PASSED] - println("dZONames: " + dZONames): null

16-05-2025T10:07:11 - [TEST_STEP][PASSED] - dZONumOtk = dZONumOtk + 1: null

16-05-2025T10:07:11 - [TEST_STEP][PASSED] - println("dZONumOtk: " + dZONumOtk): null

16-05-2025T10:07:11 - [TEST_STEP][PASSED] - dZONames = dZONames.substring(dZONames.indexOf("/") + 1, dZONames.length()): null

16-05-2025T10:07:11 - [TEST_STEP][PASSED] - ii = dZONames.lastIndexOf("/"): null

16-05-2025T10:07:11 - [TEST_STEP][PASSED] - println("dZONames: " + dZONames): null

16-05-2025T10:07:11 - [TEST_STEP][PASSED] - dZONumOtk = dZONumOtk + 1: null

16-05-2025T10:07:11 - [TEST_STEP][PASSED] - println("dZONumOtk: " + dZONumOtk): null

16-05-2025T10:07:11 - [TEST_STEP][PASSED] - dZONames = dZONames.substring(dZONames.indexOf("/") + 1, dZONames.length()): null

16-05-2025T10:07:11 - [TEST_STEP][PASSED] - ii = dZONames.lastIndexOf("/"): null

16-05-2025T10:07:11 - [TEST_STEP][PASSED] - println("dZONames: " + dZONames): null

16-05-2025T10:07:11 - [TEST_STEP][PASSED] - dZONumOtk = dZONumOtk + 1: null

16-05-2025T10:07:11 - [TEST_STEP][PASSED] - println("dZONumOtk: " + dZONumOtk): null

16-05-2025T10:07:11 - [TEST_STEP][PASSED] - dZONames = dZONames.substring(dZONames.indexOf("/") + 1, dZONames.length()): null

16-05-2025T10:07:11 - [TEST_STEP][PASSED] - ii = dZONames.lastIndexOf("/"): null

16-05-2025T10:07:11 - [TEST_STEP][PASSED] - println("dZONames: " + dZONames): null

16-05-2025T10:07:11 - [TEST_STEP][PASSED] - dZONumOtk = dZONumOtk + 1: null

16-05-2025T10:07:11 - [TEST_STEP][PASSED] - println("dZONumOtk: " + dZONumOtk): null

16-05-2025T10:07:11 - [TEST_STEP][PASSED] - dZONames = dZONames.substring(dZONames.indexOf("/") + 1, dZONames.length()): null

16-05-2025T10:07:11 - [TEST_STEP][PASSED] - ii = dZONames.lastIndexOf("/"): null

16-05-2025T10:07:11 - [TEST_STEP][PASSED] - println("dZONames: " + dZONames): null

16-05-2025T10:07:11 - [TEST_STEP][PASSED] - dZONumOtk = dZONumOtk + 1: null

16-05-2025T10:07:11 - [TEST_STEP][PASSED] - println("dZONumOtk: " + dZONumOtk): null

16-05-2025T10:07:11 - [TEST_STEP][PASSED] - dZONames = dZONames.substring(dZONames.indexOf("/") + 1, dZONames.length()): null

16-05-2025T10:07:11 - [TEST_STEP][PASSED] - ii = dZONames.lastIndexOf("/"): null

16-05-2025T10:07:11 - [TEST_STEP][PASSED] - println("dZONames: " + dZONames): null

16-05-2025T10:07:11 - [TEST_STEP][PASSED] - dZONumOtk = dZONumOtk + 1: null

16-05-2025T10:07:11 - [TEST_STEP][PASSED] - println("dZONumOtk: " + dZONumOtk): null

16-05-2025T10:07:11 - [TEST_STEP][PASSED] - dZONames = dZONames.substring(dZONames.indexOf("/") + 1, dZONames.length()): null

16-05-2025T10:07:11 - [TEST_STEP][PASSED] - ii = dZONames.lastIndexOf("/"): null

16-05-2025T10:07:11 - [TEST_STEP][PASSED] - println("dZONames: " + dZONames): null

16-05-2025T10:07:11 - [TEST_STEP][PASSED] - dZONumOtk = dZONumOtk + 1: null

16-05-2025T10:07:11 - [TEST_STEP][PASSED] - println("dZONumOtk: " + dZONumOtk): null

16-05-2025T10:07:11 - [TEST_STEP][PASSED] - dZONames = dZONames.substring(dZONames.indexOf("/") + 1, dZONames.length()): null

16-05-2025T10:07:11 - [TEST_STEP][PASSED] - ii = dZONames.lastIndexOf("/"): null

16-05-2025T10:07:11 - [TEST_STEP][PASSED] - println("dZONames: " + dZONames): null

16-05-2025T10:07:11 - [TEST_STEP][PASSED] - dZONumOtk = dZONumOtk + 1: null

16-05-2025T10:07:11 - [TEST_STEP][PASSED] - println("dZONumOtk: " + dZONumOtk): null

16-05-2025T10:07:11 - [TEST_STEP][PASSED] - dZONames = dZONames.substring(dZONames.indexOf("/") + 1, dZONames.length()): null

16-05-2025T10:07:11 - [TEST_STEP][PASSED] - ii = dZONames.lastIndexOf("/"): null

16-05-2025T10:07:11 - [TEST_STEP][PASSED] - println("dZONames: " + dZONames): null

16-05-2025T10:07:11 - [TEST_STEP][PASSED] - dZONumOtk = dZONumOtk + 1: null

16-05-2025T10:07:11 - [TEST_STEP][PASSED] - println("dZONumOtk: " + dZONumOtk): null

16-05-2025T10:07:11 - [TEST_STEP][PASSED] - if (z.indexOf("//") > -1): null

16-05-2025T10:07:11 - [TEST_STEP][PASSED] - println("z: " + z): null

16-05-2025T10:07:11 - [TEST_STEP][PASSED] - for ([ii = 1, ii < dZONumOtk, (ii++)]): null

16-05-2025T10:07:11 - [TEST_STEP][PASSED] - i1 = z.indexOf("/") + 1: null

16-05-2025T10:07:11 - [TEST_STEP][PASSED] - z = z.substring(i1, z.length()): null

16-05-2025T10:07:11 - [TEST_STEP][PASSED] - println("ii: " + ii): null

16-05-2025T10:07:11 - [TEST_STEP][PASSED] - println("z: " + z): null

16-05-2025T10:07:11 - [TEST_STEP][PASSED] - i1 = z.indexOf("/") + 1: null

16-05-2025T10:07:11 - [TEST_STEP][PASSED] - z = z.substring(i1, z.length()): null

16-05-2025T10:07:11 - [TEST_STEP][PASSED] - println("ii: " + ii): null

16-05-2025T10:07:11 - [TEST_STEP][PASSED] - println("z: " + z): null

16-05-2025T10:07:11 - [TEST_STEP][PASSED] - i1 = z.indexOf("/") + 1: null

16-05-2025T10:07:11 - [TEST_STEP][PASSED] - z = z.substring(i1, z.length()): null

16-05-2025T10:07:11 - [TEST_STEP][PASSED] - println("ii: " + ii): null

16-05-2025T10:07:11 - [TEST_STEP][PASSED] - println("z: " + z): null

16-05-2025T10:07:11 - [TEST_STEP][PASSED] - i1 = z.indexOf("/") + 1: null

16-05-2025T10:07:11 - [TEST_STEP][PASSED] - z = z.substring(i1, z.length()): null

16-05-2025T10:07:11 - [TEST_STEP][PASSED] - println("ii: " + ii): null

16-05-2025T10:07:11 - [TEST_STEP][PASSED] - println("z: " + z): null

16-05-2025T10:07:11 - [TEST_STEP][PASSED] - i1 = z.indexOf("/") + 1: null

16-05-2025T10:07:11 - [TEST_STEP][PASSED] - z = z.substring(i1, z.length()): null

16-05-2025T10:07:11 - [TEST_STEP][PASSED] - println("ii: " + ii): null

16-05-2025T10:07:11 - [TEST_STEP][PASSED] - println("z: " + z): null

16-05-2025T10:07:11 - [TEST_STEP][PASSED] - i1 = z.indexOf("/") + 1: null

16-05-2025T10:07:11 - [TEST_STEP][PASSED] - z = z.substring(i1, z.length()): null

16-05-2025T10:07:11 - [TEST_STEP][PASSED] - println("ii: " + ii): null

16-05-2025T10:07:11 - [TEST_STEP][PASSED] - println("z: " + z): null

16-05-2025T10:07:11 - [TEST_STEP][PASSED] - i1 = z.indexOf("/") + 1: null

16-05-2025T10:07:11 - [TEST_STEP][PASSED] - z = z.substring(i1, z.length()): null

16-05-2025T10:07:11 - [TEST_STEP][PASSED] - println("ii: " + ii): null

16-05-2025T10:07:11 - [TEST_STEP][PASSED] - println("z: " + z): null

16-05-2025T10:07:11 - [TEST_STEP][PASSED] - i1 = z.indexOf("/") + 1: null

16-05-2025T10:07:11 - [TEST_STEP][PASSED] - z = z.substring(i1, z.length()): null

16-05-2025T10:07:11 - [TEST_STEP][PASSED] - println("ii: " + ii): null

16-05-2025T10:07:11 - [TEST_STEP][PASSED] - println("z: " + z): null

16-05-2025T10:07:11 - [TEST_STEP][PASSED] - i1 = z.indexOf("/") + 1: null

16-05-2025T10:07:11 - [TEST_STEP][PASSED] - z = z.substring(i1, z.length()): null

16-05-2025T10:07:11 - [TEST_STEP][PASSED] - println("ii: " + ii): null

16-05-2025T10:07:11 - [TEST_STEP][PASSED] - println("z: " + z): null

16-05-2025T10:07:11 - [TEST_STEP][PASSED] - i1 = z.indexOf("/") + 1: null

16-05-2025T10:07:11 - [TEST_STEP][PASSED] - z = z.substring(i1, z.length()): null

16-05-2025T10:07:11 - [TEST_STEP][PASSED] - println("ii: " + ii): null

16-05-2025T10:07:11 - [TEST_STEP][PASSED] - println("z: " + z): null

16-05-2025T10:07:11 - [TEST_STEP][PASSED] - z = z.substring(0, z.indexOf("/")): null

16-05-2025T10:07:11 - [TEST_STEP][PASSED] - println("z: " + z): null

16-05-2025T10:07:11 - [TEST_STEP][PASSED] - x = x + "/" + z: null

16-05-2025T10:07:11 - [TEST_STEP][PASSED] - x = x.replaceAll("[\r?
|
]", ""): null

16-05-2025T10:07:11 - [TEST_STEP][PASSED] - println("x =" + x): null

16-05-2025T10:07:11 - [TEST_STEP][PASSED] - return x: null

16-05-2025T10:07:11 - [TEST_STEP][PASSED] - println("mR: " + mR): null

16-05-2025T10:07:11 - [TEST_STEP][PASSED] - i = VseDZO.indexOf("Кавказ"): null

16-05-2025T10:07:11 - [TEST_STEP][PASSED] - if (i > -1): null

16-05-2025T10:07:11 - [TEST_STEP][PASSED] - else: null

16-05-2025T10:07:11 - [TEST_STEP][PASSED] - sKR = sKR + "нет данных/нет данных/нет данных/нет данных/нет данных/нет данных/нет данных/нет данных/нет данных": null

16-05-2025T10:07:11 - [TEST_STEP][PASSED] - println("sKR: " + sKR): null

16-05-2025T10:07:11 - [TEST_STEP][PASSED] - i = VseDZO.indexOf("Запад"): null

16-05-2025T10:07:11 - [TEST_STEP][PASSED] - if (i > -1): null

16-05-2025T10:07:11 - [TEST_STEP][PASSED] - dZONum = dZONum + 1: null

16-05-2025T10:07:11 - [TEST_STEP][PASSED] - sZR = GetAllData(path, dZONum, VseDZO, x = "Россети Северо-Запад/", dZO): null

16-05-2025T10:07:11 - [TEST_STEP][PASSED] - ii = <not implemented yet for class: org.codehaus.groovy.ast.expr.EmptyExpression>: null

16-05-2025T10:07:11 - [TEST_STEP][PASSED] - i1 = <not implemented yet for class: org.codehaus.groovy.ast.expr.EmptyExpression>: null

16-05-2025T10:07:11 - [TEST_STEP][PASSED] - z = <not implemented yet for class: org.codehaus.groovy.ast.expr.EmptyExpression>: null

16-05-2025T10:07:11 - [TEST_STEP][PASSED] - strToManage = <not implemented yet for class: org.codehaus.groovy.ast.expr.EmptyExpression>: null

16-05-2025T10:07:11 - [TEST_STEP][PASSED] - path2 = "Значения со страницы Выполнение бизнес-плана/Table Data/": null

16-05-2025T10:07:11 - [TEST_STEP][PASSED] - println("path: " + path): null

16-05-2025T10:07:11 - [TEST_STEP][PASSED] - dZONumOtk = <not implemented yet for class: org.codehaus.groovy.ast.expr.EmptyExpression>: null

16-05-2025T10:07:11 - [TEST_STEP][PASSED] - println("dZONum: " + dZONum): null

16-05-2025T10:07:11 - [TEST_STEP][PASSED] - dZO = x.substring(x.indexOf("/")): null

16-05-2025T10:07:11 - [TEST_STEP][PASSED] - println("dZO: " + dZO): null

16-05-2025T10:07:11 - [TEST_STEP][PASSED] - z = getText(findTestObject(path + "spanPlan" + dZONum)): Text of object 'Object Repository/Выполнение бизнес-плана/spanPlan4' is: '6.73
|'

16-05-2025T10:07:11 - [MESSAGE][PASSED] - Text of object 'Object Repository/Выполнение бизнес-плана/spanPlan4' is: '6.73
|'

16-05-2025T10:07:11 - [TEST_STEP][PASSED] - println(z): null

16-05-2025T10:07:11 - [TEST_STEP][PASSED] - if (z != ""): null

16-05-2025T10:07:11 - [TEST_STEP][PASSED] - ii = z.indexOf("|"): null

16-05-2025T10:07:11 - [TEST_STEP][PASSED] - if (ii > -1): null

16-05-2025T10:07:11 - [TEST_STEP][PASSED] - z = z.substring(0, z.length() - 1): null

16-05-2025T10:07:11 - [TEST_STEP][PASSED] - println(z): null

16-05-2025T10:07:11 - [TEST_STEP][PASSED] - z = z.replaceAll("\s+", ""): null

16-05-2025T10:07:11 - [TEST_STEP][PASSED] - z = z.replace("[\r?
|
]", "/"): null

16-05-2025T10:07:11 - [TEST_STEP][PASSED] - println(z): null

16-05-2025T10:07:11 - [TEST_STEP][PASSED] - x = x + z: null

16-05-2025T10:07:11 - [TEST_STEP][PASSED] - z = getText(findTestObject(path + "spanFact" + dZONum)): Text of object 'Object Repository/Выполнение бизнес-плана/spanFact4' is: '5.22'

16-05-2025T10:07:11 - [MESSAGE][PASSED] - Text of object 'Object Repository/Выполнение бизнес-плана/spanFact4' is: '5.22'

16-05-2025T10:07:11 - [TEST_STEP][PASSED] - ii = z.indexOf("|"): null

16-05-2025T10:07:11 - [TEST_STEP][PASSED] - if (ii > -1): null

16-05-2025T10:07:11 - [TEST_STEP][PASSED] - x = x + "/" + z: null

16-05-2025T10:07:11 - [TEST_STEP][PASSED] - z = getText(findTestObject(path + path2 + "Факт Отпуск в сеть за отчётный период " + dZONum)).replaceAll("\s+", ""): Text of object 'Object Repository/Выполнение бизнес-плана/Значения со страницы Выполнение бизнес-плана/Table Data/Факт Отпуск в сеть за отчётный период 4' is: '6 258 254'

16-05-2025T10:07:12 - [MESSAGE][PASSED] - Text of object 'Object Repository/Выполнение бизнес-плана/Значения со страницы Выполнение бизнес-плана/Table Data/Факт Отпуск в сеть за отчётный период 4' is: '6 258 254'

16-05-2025T10:07:12 - [TEST_STEP][PASSED] - println("z=" + z): null

16-05-2025T10:07:12 - [TEST_STEP][PASSED] - x = x + "/" + z: null

16-05-2025T10:07:12 - [TEST_STEP][PASSED] - z = getText(findTestObject(path + path2 + "Факт Отпуск из сети за отчётный период " + dZONum)).replaceAll("\s+", ""): Text of object 'Object Repository/Выполнение бизнес-плана/Значения со страницы Выполнение бизнес-плана/Table Data/Факт Отпуск из сети за отчётный период 4' is: '5 931 711'

16-05-2025T10:07:12 - [MESSAGE][PASSED] - Text of object 'Object Repository/Выполнение бизнес-плана/Значения со страницы Выполнение бизнес-плана/Table Data/Факт Отпуск из сети за отчётный период 4' is: '5 931 711'

16-05-2025T10:07:12 - [TEST_STEP][PASSED] - x = x + "/" + z: null

16-05-2025T10:07:12 - [TEST_STEP][PASSED] - z = getText(findTestObject(path + path2 + "Факт Потери за отчётный период " + dZONum)).replaceAll("\s+", ""): Text of object 'Object Repository/Выполнение бизнес-плана/Значения со страницы Выполнение бизнес-плана/Table Data/Факт Потери за отчётный период 4' is: '326 542'

16-05-2025T10:07:12 - [MESSAGE][PASSED] - Text of object 'Object Repository/Выполнение бизнес-плана/Значения со страницы Выполнение бизнес-плана/Table Data/Факт Потери за отчётный период 4' is: '326 542'

16-05-2025T10:07:12 - [TEST_STEP][PASSED] - x = x + "/" + z: null

16-05-2025T10:07:12 - [TEST_STEP][PASSED] - z = getText(findTestObject(path + path2 + "План Отпуск в сеть за отчётный период " + dZONum)).replaceAll("\s+", ""): Text of object 'Object Repository/Выполнение бизнес-плана/Значения со страницы Выполнение бизнес-плана/Table Data/План Отпуск в сеть за отчётный период 4' is: '6 540 566'

16-05-2025T10:07:13 - [MESSAGE][PASSED] - Text of object 'Object Repository/Выполнение бизнес-плана/Значения со страницы Выполнение бизнес-плана/Table Data/План Отпуск в сеть за отчётный период 4' is: '6 540 566'

16-05-2025T10:07:13 - [TEST_STEP][PASSED] - x = x + "/" + z: null

16-05-2025T10:07:13 - [TEST_STEP][PASSED] - z = getText(findTestObject(path + path2 + "План Отпуск из сети за отчётный период " + dZONum)).replaceAll("\s+", ""): Text of object 'Object Repository/Выполнение бизнес-плана/Значения со страницы Выполнение бизнес-плана/Table Data/План Отпуск из сети за отчётный период 4' is: '6 100 575'

16-05-2025T10:07:13 - [MESSAGE][PASSED] - Text of object 'Object Repository/Выполнение бизнес-плана/Значения со страницы Выполнение бизнес-плана/Table Data/План Отпуск из сети за отчётный период 4' is: '6 100 575'

16-05-2025T10:07:13 - [TEST_STEP][PASSED] - x = x + "/" + z: null

16-05-2025T10:07:13 - [TEST_STEP][PASSED] - z = getText(findTestObject(path + path2 + "План Потери за отчётный период " + dZONum)).replaceAll("\s+", ""): Text of object 'Object Repository/Выполнение бизнес-плана/Значения со страницы Выполнение бизнес-плана/Table Data/План Потери за отчётный период 4' is: '439 991'

16-05-2025T10:07:13 - [MESSAGE][PASSED] - Text of object 'Object Repository/Выполнение бизнес-плана/Значения со страницы Выполнение бизнес-плана/Table Data/План Потери за отчётный период 4' is: '439 991'

16-05-2025T10:07:13 - [TEST_STEP][PASSED] - x = x + "/" + z: null

16-05-2025T10:07:13 - [TEST_STEP][PASSED] - z = getText(findTestObject(path + "Список ДЗО 2")).replaceAll("[\r?
|
]", "/"): Text of object 'Object Repository/Выполнение бизнес-плана/Список ДЗО 2' is: '0.05
-0.99
-0.40
-1.51
-0.19
-0.38
-0.25
-1.05
-0.60
-1.44
-1.52
Россети ФСК ЕЭС
Россети Волга
Россети Московскийрегион
Россети Северо-Запад
Россети Томск
Россети Тюмень
Россети Урал (ГК)
Россети Центр (ГК)
Россети Центр иПриволжье (ГК)
Россети Юг (ГК)
Россети Янтарь
-2
0
2
4
6
8'

16-05-2025T10:07:14 - [MESSAGE][PASSED] - Text of object 'Object Repository/Выполнение бизнес-плана/Список ДЗО 2' is: '0.05
-0.99
-0.40
-1.51
-0.19
-0.38
-0.25
-1.05
-0.60
-1.44
-1.52
Россети ФСК ЕЭС
Россети Волга
Россети Московскийрегион
Россети Северо-Запад
Россети Томск
Россети Тюмень
Россети Урал (ГК)
Россети Центр (ГК)
Россети Центр иПриволжье (ГК)
Россети Юг (ГК)
Россети Янтарь
-2
0
2
4
6
8'

16-05-2025T10:07:14 - [TEST_STEP][PASSED] - strToManage = z: null

16-05-2025T10:07:14 - [TEST_STEP][PASSED] - ii = strToManage.indexOf("ГК"): null

16-05-2025T10:07:14 - [TEST_STEP][PASSED] - if (ii > -1): null

16-05-2025T10:07:14 - [TEST_STEP][PASSED] - for ([i1 = 1, i1 > -1, (i1--)]): null

16-05-2025T10:07:14 - [TEST_STEP][PASSED] - strToManage = strToManage.substring(0, strToManage.indexOf("ГК") - 1) + strToManage.substring(strToManage.indexOf("ГК") + 3): null

16-05-2025T10:07:14 - [TEST_STEP][PASSED] - println("strToManage count i1: " + strToManage): null

16-05-2025T10:07:14 - [TEST_STEP][PASSED] - i1 = strToManage.count("ГК"): null

16-05-2025T10:07:14 - [TEST_STEP][PASSED] - println("i1: " + i1): null

16-05-2025T10:07:14 - [TEST_STEP][PASSED] - strToManage = strToManage.substring(0, strToManage.indexOf("ГК") - 1) + strToManage.substring(strToManage.indexOf("ГК") + 3): null

16-05-2025T10:07:14 - [TEST_STEP][PASSED] - println("strToManage count i1: " + strToManage): null

16-05-2025T10:07:14 - [TEST_STEP][PASSED] - i1 = strToManage.count("ГК"): null

16-05-2025T10:07:14 - [TEST_STEP][PASSED] - println("i1: " + i1): null

16-05-2025T10:07:14 - [TEST_STEP][PASSED] - strToManage = strToManage.substring(0, strToManage.indexOf("ГК") - 1) + strToManage.substring(strToManage.indexOf("ГК") + 3): null

16-05-2025T10:07:14 - [TEST_STEP][PASSED] - println("strToManage count i1: " + strToManage): null

16-05-2025T10:07:14 - [TEST_STEP][PASSED] - i1 = strToManage.count("ГК"): null

16-05-2025T10:07:14 - [TEST_STEP][PASSED] - println("i1: " + i1): null

16-05-2025T10:07:14 - [TEST_STEP][PASSED] - strToManage = strToManage.substring(0, strToManage.indexOf("ГК") - 1) + strToManage.substring(strToManage.indexOf("ГК") + 3): null

16-05-2025T10:07:14 - [TEST_STEP][PASSED] - println("strToManage count i1: " + strToManage): null

16-05-2025T10:07:14 - [TEST_STEP][PASSED] - i1 = strToManage.count("ГК"): null

16-05-2025T10:07:14 - [TEST_STEP][PASSED] - println("i1: " + i1): null

16-05-2025T10:07:14 - [TEST_STEP][PASSED] - z = strToManage: null

16-05-2025T10:07:14 - [TEST_STEP][PASSED] - println("z: " + z): null

16-05-2025T10:07:14 - [TEST_STEP][PASSED] - lettersStart = z.indexOf("Россети"): null

16-05-2025T10:07:14 - [TEST_STEP][PASSED] - strToManage = z.substring(lettersStart, z.length()): null

16-05-2025T10:07:14 - [TEST_STEP][PASSED] - println("strToManage: " + strToManage): null

16-05-2025T10:07:14 - [TEST_STEP][PASSED] - dZONames = strToManage: null

16-05-2025T10:07:14 - [TEST_STEP][PASSED] - strToManage = strToManage.replaceAll("[а-яА-Я]", ""): null

16-05-2025T10:07:14 - [TEST_STEP][PASSED] - println("strToManage after letters: " + strToManage): null

16-05-2025T10:07:14 - [TEST_STEP][PASSED] - strToManage = replaceAll(" ", "").replaceAll("/-/", ""): null

16-05-2025T10:07:14 - [TEST_STEP][PASSED] - println("strToManage: " + strToManage): null

16-05-2025T10:07:14 - [TEST_STEP][PASSED] - strToManage = strToManage.substring(strToManage.lastIndexOf("//") + 1, strToManage.length()): null

16-05-2025T10:07:14 - [TEST_STEP][PASSED] - println("strToManage: " + strToManage): null

16-05-2025T10:07:14 - [TEST_STEP][PASSED] - ii = z.indexOf(strToManage): null

16-05-2025T10:07:14 - [TEST_STEP][PASSED] - if (ii > -1): null

16-05-2025T10:07:14 - [TEST_STEP][PASSED] - z = z.substring(0, ii) + "/": null

16-05-2025T10:07:14 - [TEST_STEP][PASSED] - println("z: " + z): null

16-05-2025T10:07:14 - [TEST_STEP][PASSED] - println("dZONum: " + dZONum): null

16-05-2025T10:07:14 - [TEST_STEP][PASSED] - strToManage = dZO: null

16-05-2025T10:07:14 - [TEST_STEP][PASSED] - if (strToManage.indexOf("(ГК)") > -1): null

16-05-2025T10:07:14 - [TEST_STEP][PASSED] - strToManage = replaceAll("\p{P}", "").replaceAll("\s+", ""): null

16-05-2025T10:07:14 - [TEST_STEP][PASSED] - println("strToManage: " + strToManage): null

16-05-2025T10:07:14 - [TEST_STEP][PASSED] - if (replaceAll("\s+", "").indexOf(strToManage) > -1): null

16-05-2025T10:07:14 - [TEST_STEP][PASSED] - dZONames = replaceAll("-", "").replaceAll("//", ""): null

16-05-2025T10:07:14 - [TEST_STEP][PASSED] - println("dZONames: " + dZONames): null

16-05-2025T10:07:14 - [TEST_STEP][PASSED] - dZONumOtk = 1: null

16-05-2025T10:07:14 - [TEST_STEP][PASSED] - ii = dZONames.indexOf(strToManage): null

16-05-2025T10:07:14 - [TEST_STEP][PASSED] - if (strToManage != "ФСК"): null

16-05-2025T10:07:14 - [TEST_STEP][PASSED] - if (ii > -1): null

16-05-2025T10:07:14 - [TEST_STEP][PASSED] - for ([i1 = 1, ii > -1, (i1++)]): null

16-05-2025T10:07:14 - [TEST_STEP][PASSED] - dZONames = dZONames.substring(dZONames.indexOf("/") + 1, dZONames.length()): null

16-05-2025T10:07:14 - [TEST_STEP][PASSED] - ii = dZONames.lastIndexOf("/"): null

16-05-2025T10:07:14 - [TEST_STEP][PASSED] - println("dZONames: " + dZONames): null

16-05-2025T10:07:14 - [TEST_STEP][PASSED] - dZONumOtk = dZONumOtk + 1: null

16-05-2025T10:07:14 - [TEST_STEP][PASSED] - println("dZONumOtk: " + dZONumOtk): null

16-05-2025T10:07:14 - [TEST_STEP][PASSED] - dZONames = dZONames.substring(dZONames.indexOf("/") + 1, dZONames.length()): null

16-05-2025T10:07:14 - [TEST_STEP][PASSED] - ii = dZONames.lastIndexOf("/"): null

16-05-2025T10:07:14 - [TEST_STEP][PASSED] - println("dZONames: " + dZONames): null

16-05-2025T10:07:14 - [TEST_STEP][PASSED] - dZONumOtk = dZONumOtk + 1: null

16-05-2025T10:07:14 - [TEST_STEP][PASSED] - println("dZONumOtk: " + dZONumOtk): null

16-05-2025T10:07:14 - [TEST_STEP][PASSED] - dZONames = dZONames.substring(dZONames.indexOf("/") + 1, dZONames.length()): null

16-05-2025T10:07:14 - [TEST_STEP][PASSED] - ii = dZONames.lastIndexOf("/"): null

16-05-2025T10:07:14 - [TEST_STEP][PASSED] - println("dZONames: " + dZONames): null

16-05-2025T10:07:14 - [TEST_STEP][PASSED] - dZONumOtk = dZONumOtk + 1: null

16-05-2025T10:07:14 - [TEST_STEP][PASSED] - println("dZONumOtk: " + dZONumOtk): null

16-05-2025T10:07:14 - [TEST_STEP][PASSED] - dZONames = dZONames.substring(dZONames.indexOf("/") + 1, dZONames.length()): null

16-05-2025T10:07:14 - [TEST_STEP][PASSED] - ii = dZONames.lastIndexOf("/"): null

16-05-2025T10:07:14 - [TEST_STEP][PASSED] - println("dZONames: " + dZONames): null

16-05-2025T10:07:14 - [TEST_STEP][PASSED] - dZONumOtk = dZONumOtk + 1: null

16-05-2025T10:07:14 - [TEST_STEP][PASSED] - println("dZONumOtk: " + dZONumOtk): null

16-05-2025T10:07:14 - [TEST_STEP][PASSED] - dZONames = dZONames.substring(dZONames.indexOf("/") + 1, dZONames.length()): null

16-05-2025T10:07:14 - [TEST_STEP][PASSED] - ii = dZONames.lastIndexOf("/"): null

16-05-2025T10:07:14 - [TEST_STEP][PASSED] - println("dZONames: " + dZONames): null

16-05-2025T10:07:14 - [TEST_STEP][PASSED] - dZONumOtk = dZONumOtk + 1: null

16-05-2025T10:07:14 - [TEST_STEP][PASSED] - println("dZONumOtk: " + dZONumOtk): null

16-05-2025T10:07:14 - [TEST_STEP][PASSED] - dZONames = dZONames.substring(dZONames.indexOf("/") + 1, dZONames.length()): null

16-05-2025T10:07:14 - [TEST_STEP][PASSED] - ii = dZONames.lastIndexOf("/"): null

16-05-2025T10:07:14 - [TEST_STEP][PASSED] - println("dZONames: " + dZONames): null

16-05-2025T10:07:14 - [TEST_STEP][PASSED] - dZONumOtk = dZONumOtk + 1: null

16-05-2025T10:07:14 - [TEST_STEP][PASSED] - println("dZONumOtk: " + dZONumOtk): null

16-05-2025T10:07:14 - [TEST_STEP][PASSED] - dZONames = dZONames.substring(dZONames.indexOf("/") + 1, dZONames.length()): null

16-05-2025T10:07:14 - [TEST_STEP][PASSED] - ii = dZONames.lastIndexOf("/"): null

16-05-2025T10:07:14 - [TEST_STEP][PASSED] - println("dZONames: " + dZONames): null

16-05-2025T10:07:14 - [TEST_STEP][PASSED] - dZONumOtk = dZONumOtk + 1: null

16-05-2025T10:07:14 - [TEST_STEP][PASSED] - println("dZONumOtk: " + dZONumOtk): null

16-05-2025T10:07:14 - [TEST_STEP][PASSED] - dZONames = dZONames.substring(dZONames.indexOf("/") + 1, dZONames.length()): null

16-05-2025T10:07:14 - [TEST_STEP][PASSED] - ii = dZONames.lastIndexOf("/"): null

16-05-2025T10:07:14 - [TEST_STEP][PASSED] - println("dZONames: " + dZONames): null

16-05-2025T10:07:14 - [TEST_STEP][PASSED] - dZONumOtk = dZONumOtk + 1: null

16-05-2025T10:07:14 - [TEST_STEP][PASSED] - println("dZONumOtk: " + dZONumOtk): null

16-05-2025T10:07:14 - [TEST_STEP][PASSED] - dZONames = dZONames.substring(dZONames.indexOf("/") + 1, dZONames.length()): null

16-05-2025T10:07:14 - [TEST_STEP][PASSED] - ii = dZONames.lastIndexOf("/"): null

16-05-2025T10:07:14 - [TEST_STEP][PASSED] - println("dZONames: " + dZONames): null

16-05-2025T10:07:14 - [TEST_STEP][PASSED] - dZONumOtk = dZONumOtk + 1: null

16-05-2025T10:07:14 - [TEST_STEP][PASSED] - println("dZONumOtk: " + dZONumOtk): null

16-05-2025T10:07:14 - [TEST_STEP][PASSED] - dZONames = dZONames.substring(dZONames.indexOf("/") + 1, dZONames.length()): null

16-05-2025T10:07:14 - [TEST_STEP][PASSED] - ii = dZONames.lastIndexOf("/"): null

16-05-2025T10:07:14 - [TEST_STEP][PASSED] - println("dZONames: " + dZONames): null

16-05-2025T10:07:14 - [TEST_STEP][PASSED] - dZONumOtk = dZONumOtk + 1: null

16-05-2025T10:07:14 - [TEST_STEP][PASSED] - println("dZONumOtk: " + dZONumOtk): null

16-05-2025T10:07:14 - [TEST_STEP][PASSED] - if (z.indexOf("//") > -1): null

16-05-2025T10:07:14 - [TEST_STEP][PASSED] - println("z: " + z): null

16-05-2025T10:07:14 - [TEST_STEP][PASSED] - for ([ii = 1, ii < dZONumOtk, (ii++)]): null

16-05-2025T10:07:14 - [TEST_STEP][PASSED] - i1 = z.indexOf("/") + 1: null

16-05-2025T10:07:14 - [TEST_STEP][PASSED] - z = z.substring(i1, z.length()): null

16-05-2025T10:07:14 - [TEST_STEP][PASSED] - println("ii: " + ii): null

16-05-2025T10:07:14 - [TEST_STEP][PASSED] - println("z: " + z): null

16-05-2025T10:07:14 - [TEST_STEP][PASSED] - i1 = z.indexOf("/") + 1: null

16-05-2025T10:07:14 - [TEST_STEP][PASSED] - z = z.substring(i1, z.length()): null

16-05-2025T10:07:14 - [TEST_STEP][PASSED] - println("ii: " + ii): null

16-05-2025T10:07:14 - [TEST_STEP][PASSED] - println("z: " + z): null

16-05-2025T10:07:14 - [TEST_STEP][PASSED] - i1 = z.indexOf("/") + 1: null

16-05-2025T10:07:14 - [TEST_STEP][PASSED] - z = z.substring(i1, z.length()): null

16-05-2025T10:07:14 - [TEST_STEP][PASSED] - println("ii: " + ii): null

16-05-2025T10:07:14 - [TEST_STEP][PASSED] - println("z: " + z): null

16-05-2025T10:07:14 - [TEST_STEP][PASSED] - i1 = z.indexOf("/") + 1: null

16-05-2025T10:07:14 - [TEST_STEP][PASSED] - z = z.substring(i1, z.length()): null

16-05-2025T10:07:14 - [TEST_STEP][PASSED] - println("ii: " + ii): null

16-05-2025T10:07:14 - [TEST_STEP][PASSED] - println("z: " + z): null

16-05-2025T10:07:14 - [TEST_STEP][PASSED] - i1 = z.indexOf("/") + 1: null

16-05-2025T10:07:14 - [TEST_STEP][PASSED] - z = z.substring(i1, z.length()): null

16-05-2025T10:07:14 - [TEST_STEP][PASSED] - println("ii: " + ii): null

16-05-2025T10:07:14 - [TEST_STEP][PASSED] - println("z: " + z): null

16-05-2025T10:07:14 - [TEST_STEP][PASSED] - i1 = z.indexOf("/") + 1: null

16-05-2025T10:07:14 - [TEST_STEP][PASSED] - z = z.substring(i1, z.length()): null

16-05-2025T10:07:14 - [TEST_STEP][PASSED] - println("ii: " + ii): null

16-05-2025T10:07:14 - [TEST_STEP][PASSED] - println("z: " + z): null

16-05-2025T10:07:14 - [TEST_STEP][PASSED] - i1 = z.indexOf("/") + 1: null

16-05-2025T10:07:14 - [TEST_STEP][PASSED] - z = z.substring(i1, z.length()): null

16-05-2025T10:07:14 - [TEST_STEP][PASSED] - println("ii: " + ii): null

16-05-2025T10:07:14 - [TEST_STEP][PASSED] - println("z: " + z): null

16-05-2025T10:07:14 - [TEST_STEP][PASSED] - i1 = z.indexOf("/") + 1: null

16-05-2025T10:07:14 - [TEST_STEP][PASSED] - z = z.substring(i1, z.length()): null

16-05-2025T10:07:14 - [TEST_STEP][PASSED] - println("ii: " + ii): null

16-05-2025T10:07:14 - [TEST_STEP][PASSED] - println("z: " + z): null

16-05-2025T10:07:14 - [TEST_STEP][PASSED] - i1 = z.indexOf("/") + 1: null

16-05-2025T10:07:14 - [TEST_STEP][PASSED] - z = z.substring(i1, z.length()): null

16-05-2025T10:07:14 - [TEST_STEP][PASSED] - println("ii: " + ii): null

16-05-2025T10:07:14 - [TEST_STEP][PASSED] - println("z: " + z): null

16-05-2025T10:07:14 - [TEST_STEP][PASSED] - i1 = z.indexOf("/") + 1: null

16-05-2025T10:07:14 - [TEST_STEP][PASSED] - z = z.substring(i1, z.length()): null

16-05-2025T10:07:14 - [TEST_STEP][PASSED] - println("ii: " + ii): null

16-05-2025T10:07:14 - [TEST_STEP][PASSED] - println("z: " + z): null

16-05-2025T10:07:14 - [TEST_STEP][PASSED] - z = z.substring(0, z.indexOf("/")): null

16-05-2025T10:07:14 - [TEST_STEP][PASSED] - println("z: " + z): null

16-05-2025T10:07:14 - [TEST_STEP][PASSED] - x = x + "/" + z: null

16-05-2025T10:07:14 - [TEST_STEP][PASSED] - x = x.replaceAll("[\r?
|
]", ""): null

16-05-2025T10:07:14 - [TEST_STEP][PASSED] - println("x =" + x): null

16-05-2025T10:07:14 - [TEST_STEP][PASSED] - return x: null

16-05-2025T10:07:14 - [TEST_STEP][PASSED] - println("sZR: " + sZR): null

16-05-2025T10:07:14 - [TEST_STEP][PASSED] - i = VseDZO.indexOf("Сибирь"): null

16-05-2025T10:07:14 - [TEST_STEP][PASSED] - if (i > -1): null

16-05-2025T10:07:14 - [TEST_STEP][PASSED] - else: null

16-05-2025T10:07:14 - [TEST_STEP][PASSED] - siR = siR + "нет данных/нет данных/нет данных/нет данных/нет данных/нет данных/нет данных/нет данных/нет данных": null

16-05-2025T10:07:14 - [TEST_STEP][PASSED] - println("siR: " + siR): null

16-05-2025T10:07:14 - [TEST_STEP][PASSED] - i = VseDZO.indexOf("Томск"): null

16-05-2025T10:07:14 - [TEST_STEP][PASSED] - if (i > -1): null

16-05-2025T10:07:14 - [TEST_STEP][PASSED] - dZONum = dZONum + 1: null

16-05-2025T10:07:14 - [TEST_STEP][PASSED] - tomR = GetAllData(path, dZONum, VseDZO, x = "Россети Томск/", dZO): null

16-05-2025T10:07:14 - [TEST_STEP][PASSED] - ii = <not implemented yet for class: org.codehaus.groovy.ast.expr.EmptyExpression>: null

16-05-2025T10:07:14 - [TEST_STEP][PASSED] - i1 = <not implemented yet for class: org.codehaus.groovy.ast.expr.EmptyExpression>: null

16-05-2025T10:07:14 - [TEST_STEP][PASSED] - z = <not implemented yet for class: org.codehaus.groovy.ast.expr.EmptyExpression>: null

16-05-2025T10:07:14 - [TEST_STEP][PASSED] - strToManage = <not implemented yet for class: org.codehaus.groovy.ast.expr.EmptyExpression>: null

16-05-2025T10:07:14 - [TEST_STEP][PASSED] - path2 = "Значения со страницы Выполнение бизнес-плана/Table Data/": null

16-05-2025T10:07:14 - [TEST_STEP][PASSED] - println("path: " + path): null

16-05-2025T10:07:14 - [TEST_STEP][PASSED] - dZONumOtk = <not implemented yet for class: org.codehaus.groovy.ast.expr.EmptyExpression>: null

16-05-2025T10:07:14 - [TEST_STEP][PASSED] - println("dZONum: " + dZONum): null

16-05-2025T10:07:14 - [TEST_STEP][PASSED] - dZO = x.substring(x.indexOf("/")): null

16-05-2025T10:07:14 - [TEST_STEP][PASSED] - println("dZO: " + dZO): null

16-05-2025T10:07:14 - [TEST_STEP][PASSED] - z = getText(findTestObject(path + "spanPlan" + dZONum)): Text of object 'Object Repository/Выполнение бизнес-плана/spanPlan5' is: '10.74
|'

16-05-2025T10:07:14 - [MESSAGE][PASSED] - Text of object 'Object Repository/Выполнение бизнес-плана/spanPlan5' is: '10.74
|'

16-05-2025T10:07:14 - [TEST_STEP][PASSED] - println(z): null

16-05-2025T10:07:14 - [TEST_STEP][PASSED] - if (z != ""): null

16-05-2025T10:07:14 - [TEST_STEP][PASSED] - ii = z.indexOf("|"): null

16-05-2025T10:07:14 - [TEST_STEP][PASSED] - if (ii > -1): null

16-05-2025T10:07:14 - [TEST_STEP][PASSED] - z = z.substring(0, z.length() - 1): null

16-05-2025T10:07:14 - [TEST_STEP][PASSED] - println(z): null

16-05-2025T10:07:14 - [TEST_STEP][PASSED] - z = z.replaceAll("\s+", ""): null

16-05-2025T10:07:14 - [TEST_STEP][PASSED] - z = z.replace("[\r?
|
]", "/"): null

16-05-2025T10:07:14 - [TEST_STEP][PASSED] - println(z): null

16-05-2025T10:07:14 - [TEST_STEP][PASSED] - x = x + z: null

16-05-2025T10:07:14 - [TEST_STEP][PASSED] - z = getText(findTestObject(path + "spanFact" + dZONum)): Text of object 'Object Repository/Выполнение бизнес-плана/spanFact5' is: '10.55'

16-05-2025T10:07:14 - [MESSAGE][PASSED] - Text of object 'Object Repository/Выполнение бизнес-плана/spanFact5' is: '10.55'

16-05-2025T10:07:14 - [TEST_STEP][PASSED] - ii = z.indexOf("|"): null

16-05-2025T10:07:14 - [TEST_STEP][PASSED] - if (ii > -1): null

16-05-2025T10:07:14 - [TEST_STEP][PASSED] - x = x + "/" + z: null

16-05-2025T10:07:14 - [TEST_STEP][PASSED] - z = getText(findTestObject(path + path2 + "Факт Отпуск в сеть за отчётный период " + dZONum)).replaceAll("\s+", ""): Text of object 'Object Repository/Выполнение бизнес-плана/Значения со страницы Выполнение бизнес-плана/Table Data/Факт Отпуск в сеть за отчётный период 5' is: '1 364 454'

16-05-2025T10:07:14 - [MESSAGE][PASSED] - Text of object 'Object Repository/Выполнение бизнес-плана/Значения со страницы Выполнение бизнес-плана/Table Data/Факт Отпуск в сеть за отчётный период 5' is: '1 364 454'

16-05-2025T10:07:14 - [TEST_STEP][PASSED] - println("z=" + z): null

16-05-2025T10:07:14 - [TEST_STEP][PASSED] - x = x + "/" + z: null

16-05-2025T10:07:14 - [TEST_STEP][PASSED] - z = getText(findTestObject(path + path2 + "Факт Отпуск из сети за отчётный период " + dZONum)).replaceAll("\s+", ""): Text of object 'Object Repository/Выполнение бизнес-плана/Значения со страницы Выполнение бизнес-плана/Table Data/Факт Отпуск из сети за отчётный период 5' is: '1 220 439'

16-05-2025T10:07:15 - [MESSAGE][PASSED] - Text of object 'Object Repository/Выполнение бизнес-плана/Значения со страницы Выполнение бизнес-плана/Table Data/Факт Отпуск из сети за отчётный период 5' is: '1 220 439'

16-05-2025T10:07:15 - [TEST_STEP][PASSED] - x = x + "/" + z: null

16-05-2025T10:07:15 - [TEST_STEP][PASSED] - z = getText(findTestObject(path + path2 + "Факт Потери за отчётный период " + dZONum)).replaceAll("\s+", ""): Text of object 'Object Repository/Выполнение бизнес-плана/Значения со страницы Выполнение бизнес-плана/Table Data/Факт Потери за отчётный период 5' is: '144 015'

16-05-2025T10:07:15 - [MESSAGE][PASSED] - Text of object 'Object Repository/Выполнение бизнес-плана/Значения со страницы Выполнение бизнес-плана/Table Data/Факт Потери за отчётный период 5' is: '144 015'

16-05-2025T10:07:15 - [TEST_STEP][PASSED] - x = x + "/" + z: null

16-05-2025T10:07:15 - [TEST_STEP][PASSED] - z = getText(findTestObject(path + path2 + "План Отпуск в сеть за отчётный период " + dZONum)).replaceAll("\s+", ""): Text of object 'Object Repository/Выполнение бизнес-плана/Значения со страницы Выполнение бизнес-плана/Table Data/План Отпуск в сеть за отчётный период 5' is: '1 428 476'

16-05-2025T10:07:15 - [MESSAGE][PASSED] - Text of object 'Object Repository/Выполнение бизнес-плана/Значения со страницы Выполнение бизнес-плана/Table Data/План Отпуск в сеть за отчётный период 5' is: '1 428 476'

16-05-2025T10:07:15 - [TEST_STEP][PASSED] - x = x + "/" + z: null

16-05-2025T10:07:15 - [TEST_STEP][PASSED] - z = getText(findTestObject(path + path2 + "План Отпуск из сети за отчётный период " + dZONum)).replaceAll("\s+", ""): Text of object 'Object Repository/Выполнение бизнес-плана/Значения со страницы Выполнение бизнес-плана/Table Data/План Отпуск из сети за отчётный период 5' is: '1 275 060'

16-05-2025T10:07:16 - [MESSAGE][PASSED] - Text of object 'Object Repository/Выполнение бизнес-плана/Значения со страницы Выполнение бизнес-плана/Table Data/План Отпуск из сети за отчётный период 5' is: '1 275 060'

16-05-2025T10:07:16 - [TEST_STEP][PASSED] - x = x + "/" + z: null

16-05-2025T10:07:16 - [TEST_STEP][PASSED] - z = getText(findTestObject(path + path2 + "План Потери за отчётный период " + dZONum)).replaceAll("\s+", ""): Text of object 'Object Repository/Выполнение бизнес-плана/Значения со страницы Выполнение бизнес-плана/Table Data/План Потери за отчётный период 5' is: '153 416'

16-05-2025T10:07:16 - [MESSAGE][PASSED] - Text of object 'Object Repository/Выполнение бизнес-плана/Значения со страницы Выполнение бизнес-плана/Table Data/План Потери за отчётный период 5' is: '153 416'

16-05-2025T10:07:16 - [TEST_STEP][PASSED] - x = x + "/" + z: null

16-05-2025T10:07:16 - [TEST_STEP][PASSED] - z = getText(findTestObject(path + "Список ДЗО 2")).replaceAll("[\r?
|
]", "/"): Text of object 'Object Repository/Выполнение бизнес-плана/Список ДЗО 2' is: '0.05
-0.99
-0.40
-1.51
-0.19
-0.38
-0.25
-1.05
-0.60
-1.44
-1.52
Россети ФСК ЕЭС
Россети Волга
Россети Московскийрегион
Россети Северо-Запад
Россети Томск
Россети Тюмень
Россети Урал (ГК)
Россети Центр (ГК)
Россети Центр иПриволжье (ГК)
Россети Юг (ГК)
Россети Янтарь
-2
0
2
4
6
8'

16-05-2025T10:07:16 - [MESSAGE][PASSED] - Text of object 'Object Repository/Выполнение бизнес-плана/Список ДЗО 2' is: '0.05
-0.99
-0.40
-1.51
-0.19
-0.38
-0.25
-1.05
-0.60
-1.44
-1.52
Россети ФСК ЕЭС
Россети Волга
Россети Московскийрегион
Россети Северо-Запад
Россети Томск
Россети Тюмень
Россети Урал (ГК)
Россети Центр (ГК)
Россети Центр иПриволжье (ГК)
Россети Юг (ГК)
Россети Янтарь
-2
0
2
4
6
8'

16-05-2025T10:07:16 - [TEST_STEP][PASSED] - strToManage = z: null

16-05-2025T10:07:16 - [TEST_STEP][PASSED] - ii = strToManage.indexOf("ГК"): null

16-05-2025T10:07:16 - [TEST_STEP][PASSED] - if (ii > -1): null

16-05-2025T10:07:16 - [TEST_STEP][PASSED] - for ([i1 = 1, i1 > -1, (i1--)]): null

16-05-2025T10:07:16 - [TEST_STEP][PASSED] - strToManage = strToManage.substring(0, strToManage.indexOf("ГК") - 1) + strToManage.substring(strToManage.indexOf("ГК") + 3): null

16-05-2025T10:07:16 - [TEST_STEP][PASSED] - println("strToManage count i1: " + strToManage): null

16-05-2025T10:07:16 - [TEST_STEP][PASSED] - i1 = strToManage.count("ГК"): null

16-05-2025T10:07:16 - [TEST_STEP][PASSED] - println("i1: " + i1): null

16-05-2025T10:07:16 - [TEST_STEP][PASSED] - strToManage = strToManage.substring(0, strToManage.indexOf("ГК") - 1) + strToManage.substring(strToManage.indexOf("ГК") + 3): null

16-05-2025T10:07:16 - [TEST_STEP][PASSED] - println("strToManage count i1: " + strToManage): null

16-05-2025T10:07:16 - [TEST_STEP][PASSED] - i1 = strToManage.count("ГК"): null

16-05-2025T10:07:16 - [TEST_STEP][PASSED] - println("i1: " + i1): null

16-05-2025T10:07:16 - [TEST_STEP][PASSED] - strToManage = strToManage.substring(0, strToManage.indexOf("ГК") - 1) + strToManage.substring(strToManage.indexOf("ГК") + 3): null

16-05-2025T10:07:16 - [TEST_STEP][PASSED] - println("strToManage count i1: " + strToManage): null

16-05-2025T10:07:16 - [TEST_STEP][PASSED] - i1 = strToManage.count("ГК"): null

16-05-2025T10:07:16 - [TEST_STEP][PASSED] - println("i1: " + i1): null

16-05-2025T10:07:16 - [TEST_STEP][PASSED] - strToManage = strToManage.substring(0, strToManage.indexOf("ГК") - 1) + strToManage.substring(strToManage.indexOf("ГК") + 3): null

16-05-2025T10:07:16 - [TEST_STEP][PASSED] - println("strToManage count i1: " + strToManage): null

16-05-2025T10:07:16 - [TEST_STEP][PASSED] - i1 = strToManage.count("ГК"): null

16-05-2025T10:07:16 - [TEST_STEP][PASSED] - println("i1: " + i1): null

16-05-2025T10:07:16 - [TEST_STEP][PASSED] - z = strToManage: null

16-05-2025T10:07:16 - [TEST_STEP][PASSED] - println("z: " + z): null

16-05-2025T10:07:16 - [TEST_STEP][PASSED] - lettersStart = z.indexOf("Россети"): null

16-05-2025T10:07:16 - [TEST_STEP][PASSED] - strToManage = z.substring(lettersStart, z.length()): null

16-05-2025T10:07:16 - [TEST_STEP][PASSED] - println("strToManage: " + strToManage): null

16-05-2025T10:07:16 - [TEST_STEP][PASSED] - dZONames = strToManage: null

16-05-2025T10:07:16 - [TEST_STEP][PASSED] - strToManage = strToManage.replaceAll("[а-яА-Я]", ""): null

16-05-2025T10:07:16 - [TEST_STEP][PASSED] - println("strToManage after letters: " + strToManage): null

16-05-2025T10:07:16 - [TEST_STEP][PASSED] - strToManage = replaceAll(" ", "").replaceAll("/-/", ""): null

16-05-2025T10:07:16 - [TEST_STEP][PASSED] - println("strToManage: " + strToManage): null

16-05-2025T10:07:16 - [TEST_STEP][PASSED] - strToManage = strToManage.substring(strToManage.lastIndexOf("//") + 1, strToManage.length()): null

16-05-2025T10:07:16 - [TEST_STEP][PASSED] - println("strToManage: " + strToManage): null

16-05-2025T10:07:16 - [TEST_STEP][PASSED] - ii = z.indexOf(strToManage): null

16-05-2025T10:07:16 - [TEST_STEP][PASSED] - if (ii > -1): null

16-05-2025T10:07:16 - [TEST_STEP][PASSED] - z = z.substring(0, ii) + "/": null

16-05-2025T10:07:16 - [TEST_STEP][PASSED] - println("z: " + z): null

16-05-2025T10:07:16 - [TEST_STEP][PASSED] - println("dZONum: " + dZONum): null

16-05-2025T10:07:16 - [TEST_STEP][PASSED] - strToManage = dZO: null

16-05-2025T10:07:16 - [TEST_STEP][PASSED] - if (strToManage.indexOf("(ГК)") > -1): null

16-05-2025T10:07:16 - [TEST_STEP][PASSED] - strToManage = replaceAll("\p{P}", "").replaceAll("\s+", ""): null

16-05-2025T10:07:16 - [TEST_STEP][PASSED] - println("strToManage: " + strToManage): null

16-05-2025T10:07:16 - [TEST_STEP][PASSED] - if (replaceAll("\s+", "").indexOf(strToManage) > -1): null

16-05-2025T10:07:16 - [TEST_STEP][PASSED] - dZONames = replaceAll("-", "").replaceAll("//", ""): null

16-05-2025T10:07:16 - [TEST_STEP][PASSED] - println("dZONames: " + dZONames): null

16-05-2025T10:07:16 - [TEST_STEP][PASSED] - dZONumOtk = 1: null

16-05-2025T10:07:16 - [TEST_STEP][PASSED] - ii = dZONames.indexOf(strToManage): null

16-05-2025T10:07:16 - [TEST_STEP][PASSED] - if (strToManage != "ФСК"): null

16-05-2025T10:07:16 - [TEST_STEP][PASSED] - if (ii > -1): null

16-05-2025T10:07:16 - [TEST_STEP][PASSED] - for ([i1 = 1, ii > -1, (i1++)]): null

16-05-2025T10:07:16 - [TEST_STEP][PASSED] - dZONames = dZONames.substring(dZONames.indexOf("/") + 1, dZONames.length()): null

16-05-2025T10:07:16 - [TEST_STEP][PASSED] - ii = dZONames.lastIndexOf("/"): null

16-05-2025T10:07:16 - [TEST_STEP][PASSED] - println("dZONames: " + dZONames): null

16-05-2025T10:07:16 - [TEST_STEP][PASSED] - dZONumOtk = dZONumOtk + 1: null

16-05-2025T10:07:16 - [TEST_STEP][PASSED] - println("dZONumOtk: " + dZONumOtk): null

16-05-2025T10:07:16 - [TEST_STEP][PASSED] - dZONames = dZONames.substring(dZONames.indexOf("/") + 1, dZONames.length()): null

16-05-2025T10:07:16 - [TEST_STEP][PASSED] - ii = dZONames.lastIndexOf("/"): null

16-05-2025T10:07:16 - [TEST_STEP][PASSED] - println("dZONames: " + dZONames): null

16-05-2025T10:07:16 - [TEST_STEP][PASSED] - dZONumOtk = dZONumOtk + 1: null

16-05-2025T10:07:16 - [TEST_STEP][PASSED] - println("dZONumOtk: " + dZONumOtk): null

16-05-2025T10:07:16 - [TEST_STEP][PASSED] - dZONames = dZONames.substring(dZONames.indexOf("/") + 1, dZONames.length()): null

16-05-2025T10:07:16 - [TEST_STEP][PASSED] - ii = dZONames.lastIndexOf("/"): null

16-05-2025T10:07:16 - [TEST_STEP][PASSED] - println("dZONames: " + dZONames): null

16-05-2025T10:07:16 - [TEST_STEP][PASSED] - dZONumOtk = dZONumOtk + 1: null

16-05-2025T10:07:16 - [TEST_STEP][PASSED] - println("dZONumOtk: " + dZONumOtk): null

16-05-2025T10:07:16 - [TEST_STEP][PASSED] - dZONames = dZONames.substring(dZONames.indexOf("/") + 1, dZONames.length()): null

16-05-2025T10:07:16 - [TEST_STEP][PASSED] - ii = dZONames.lastIndexOf("/"): null

16-05-2025T10:07:16 - [TEST_STEP][PASSED] - println("dZONames: " + dZONames): null

16-05-2025T10:07:16 - [TEST_STEP][PASSED] - dZONumOtk = dZONumOtk + 1: null

16-05-2025T10:07:16 - [TEST_STEP][PASSED] - println("dZONumOtk: " + dZONumOtk): null

16-05-2025T10:07:16 - [TEST_STEP][PASSED] - dZONames = dZONames.substring(dZONames.indexOf("/") + 1, dZONames.length()): null

16-05-2025T10:07:16 - [TEST_STEP][PASSED] - ii = dZONames.lastIndexOf("/"): null

16-05-2025T10:07:16 - [TEST_STEP][PASSED] - println("dZONames: " + dZONames): null

16-05-2025T10:07:16 - [TEST_STEP][PASSED] - dZONumOtk = dZONumOtk + 1: null

16-05-2025T10:07:16 - [TEST_STEP][PASSED] - println("dZONumOtk: " + dZONumOtk): null

16-05-2025T10:07:16 - [TEST_STEP][PASSED] - dZONames = dZONames.substring(dZONames.indexOf("/") + 1, dZONames.length()): null

16-05-2025T10:07:16 - [TEST_STEP][PASSED] - ii = dZONames.lastIndexOf("/"): null

16-05-2025T10:07:16 - [TEST_STEP][PASSED] - println("dZONames: " + dZONames): null

16-05-2025T10:07:16 - [TEST_STEP][PASSED] - dZONumOtk = dZONumOtk + 1: null

16-05-2025T10:07:16 - [TEST_STEP][PASSED] - println("dZONumOtk: " + dZONumOtk): null

16-05-2025T10:07:16 - [TEST_STEP][PASSED] - dZONames = dZONames.substring(dZONames.indexOf("/") + 1, dZONames.length()): null

16-05-2025T10:07:16 - [TEST_STEP][PASSED] - ii = dZONames.lastIndexOf("/"): null

16-05-2025T10:07:16 - [TEST_STEP][PASSED] - println("dZONames: " + dZONames): null

16-05-2025T10:07:16 - [TEST_STEP][PASSED] - dZONumOtk = dZONumOtk + 1: null

16-05-2025T10:07:16 - [TEST_STEP][PASSED] - println("dZONumOtk: " + dZONumOtk): null

16-05-2025T10:07:16 - [TEST_STEP][PASSED] - dZONames = dZONames.substring(dZONames.indexOf("/") + 1, dZONames.length()): null

16-05-2025T10:07:16 - [TEST_STEP][PASSED] - ii = dZONames.lastIndexOf("/"): null

16-05-2025T10:07:16 - [TEST_STEP][PASSED] - println("dZONames: " + dZONames): null

16-05-2025T10:07:16 - [TEST_STEP][PASSED] - dZONumOtk = dZONumOtk + 1: null

16-05-2025T10:07:16 - [TEST_STEP][PASSED] - println("dZONumOtk: " + dZONumOtk): null

16-05-2025T10:07:16 - [TEST_STEP][PASSED] - dZONames = dZONames.substring(dZONames.indexOf("/") + 1, dZONames.length()): null

16-05-2025T10:07:16 - [TEST_STEP][PASSED] - ii = dZONames.lastIndexOf("/"): null

16-05-2025T10:07:16 - [TEST_STEP][PASSED] - println("dZONames: " + dZONames): null

16-05-2025T10:07:16 - [TEST_STEP][PASSED] - dZONumOtk = dZONumOtk + 1: null

16-05-2025T10:07:16 - [TEST_STEP][PASSED] - println("dZONumOtk: " + dZONumOtk): null

16-05-2025T10:07:16 - [TEST_STEP][PASSED] - dZONames = dZONames.substring(dZONames.indexOf("/") + 1, dZONames.length()): null

16-05-2025T10:07:16 - [TEST_STEP][PASSED] - ii = dZONames.lastIndexOf("/"): null

16-05-2025T10:07:16 - [TEST_STEP][PASSED] - println("dZONames: " + dZONames): null

16-05-2025T10:07:16 - [TEST_STEP][PASSED] - dZONumOtk = dZONumOtk + 1: null

16-05-2025T10:07:16 - [TEST_STEP][PASSED] - println("dZONumOtk: " + dZONumOtk): null

16-05-2025T10:07:16 - [TEST_STEP][PASSED] - if (z.indexOf("//") > -1): null

16-05-2025T10:07:16 - [TEST_STEP][PASSED] - println("z: " + z): null

16-05-2025T10:07:16 - [TEST_STEP][PASSED] - for ([ii = 1, ii < dZONumOtk, (ii++)]): null

16-05-2025T10:07:16 - [TEST_STEP][PASSED] - i1 = z.indexOf("/") + 1: null

16-05-2025T10:07:16 - [TEST_STEP][PASSED] - z = z.substring(i1, z.length()): null

16-05-2025T10:07:16 - [TEST_STEP][PASSED] - println("ii: " + ii): null

16-05-2025T10:07:16 - [TEST_STEP][PASSED] - println("z: " + z): null

16-05-2025T10:07:16 - [TEST_STEP][PASSED] - i1 = z.indexOf("/") + 1: null

16-05-2025T10:07:16 - [TEST_STEP][PASSED] - z = z.substring(i1, z.length()): null

16-05-2025T10:07:16 - [TEST_STEP][PASSED] - println("ii: " + ii): null

16-05-2025T10:07:16 - [TEST_STEP][PASSED] - println("z: " + z): null

16-05-2025T10:07:16 - [TEST_STEP][PASSED] - i1 = z.indexOf("/") + 1: null

16-05-2025T10:07:16 - [TEST_STEP][PASSED] - z = z.substring(i1, z.length()): null

16-05-2025T10:07:16 - [TEST_STEP][PASSED] - println("ii: " + ii): null

16-05-2025T10:07:16 - [TEST_STEP][PASSED] - println("z: " + z): null

16-05-2025T10:07:16 - [TEST_STEP][PASSED] - i1 = z.indexOf("/") + 1: null

16-05-2025T10:07:16 - [TEST_STEP][PASSED] - z = z.substring(i1, z.length()): null

16-05-2025T10:07:16 - [TEST_STEP][PASSED] - println("ii: " + ii): null

16-05-2025T10:07:16 - [TEST_STEP][PASSED] - println("z: " + z): null

16-05-2025T10:07:16 - [TEST_STEP][PASSED] - i1 = z.indexOf("/") + 1: null

16-05-2025T10:07:16 - [TEST_STEP][PASSED] - z = z.substring(i1, z.length()): null

16-05-2025T10:07:16 - [TEST_STEP][PASSED] - println("ii: " + ii): null

16-05-2025T10:07:16 - [TEST_STEP][PASSED] - println("z: " + z): null

16-05-2025T10:07:16 - [TEST_STEP][PASSED] - i1 = z.indexOf("/") + 1: null

16-05-2025T10:07:16 - [TEST_STEP][PASSED] - z = z.substring(i1, z.length()): null

16-05-2025T10:07:16 - [TEST_STEP][PASSED] - println("ii: " + ii): null

16-05-2025T10:07:16 - [TEST_STEP][PASSED] - println("z: " + z): null

16-05-2025T10:07:16 - [TEST_STEP][PASSED] - i1 = z.indexOf("/") + 1: null

16-05-2025T10:07:16 - [TEST_STEP][PASSED] - z = z.substring(i1, z.length()): null

16-05-2025T10:07:16 - [TEST_STEP][PASSED] - println("ii: " + ii): null

16-05-2025T10:07:16 - [TEST_STEP][PASSED] - println("z: " + z): null

16-05-2025T10:07:16 - [TEST_STEP][PASSED] - i1 = z.indexOf("/") + 1: null

16-05-2025T10:07:16 - [TEST_STEP][PASSED] - z = z.substring(i1, z.length()): null

16-05-2025T10:07:16 - [TEST_STEP][PASSED] - println("ii: " + ii): null

16-05-2025T10:07:16 - [TEST_STEP][PASSED] - println("z: " + z): null

16-05-2025T10:07:16 - [TEST_STEP][PASSED] - i1 = z.indexOf("/") + 1: null

16-05-2025T10:07:16 - [TEST_STEP][PASSED] - z = z.substring(i1, z.length()): null

16-05-2025T10:07:16 - [TEST_STEP][PASSED] - println("ii: " + ii): null

16-05-2025T10:07:16 - [TEST_STEP][PASSED] - println("z: " + z): null

16-05-2025T10:07:16 - [TEST_STEP][PASSED] - i1 = z.indexOf("/") + 1: null

16-05-2025T10:07:16 - [TEST_STEP][PASSED] - z = z.substring(i1, z.length()): null

16-05-2025T10:07:16 - [TEST_STEP][PASSED] - println("ii: " + ii): null

16-05-2025T10:07:16 - [TEST_STEP][PASSED] - println("z: " + z): null

16-05-2025T10:07:16 - [TEST_STEP][PASSED] - z = z.substring(0, z.indexOf("/")): null

16-05-2025T10:07:16 - [TEST_STEP][PASSED] - println("z: " + z): null

16-05-2025T10:07:16 - [TEST_STEP][PASSED] - x = x + "/" + z: null

16-05-2025T10:07:16 - [TEST_STEP][PASSED] - x = x.replaceAll("[\r?
|
]", ""): null

16-05-2025T10:07:16 - [TEST_STEP][PASSED] - println("x =" + x): null

16-05-2025T10:07:16 - [TEST_STEP][PASSED] - return x: null

16-05-2025T10:07:16 - [TEST_STEP][PASSED] - println("tomR: " + tomR): null

16-05-2025T10:07:16 - [TEST_STEP][PASSED] - i = VseDZO.indexOf("Тюмень"): null

16-05-2025T10:07:16 - [TEST_STEP][PASSED] - if (i > -1): null

16-05-2025T10:07:16 - [TEST_STEP][PASSED] - else: null

16-05-2025T10:07:16 - [TEST_STEP][PASSED] - tyumR = tyumR + "нет данных/нет данных/нет данных/нет данных/нет данных/нет данных/нет данных/нет данных/нет данных": null

16-05-2025T10:07:16 - [TEST_STEP][PASSED] - println("tyumR: " + tyumR): null

16-05-2025T10:07:16 - [TEST_STEP][PASSED] - i = VseDZO.indexOf("Урал"): null

16-05-2025T10:07:16 - [TEST_STEP][PASSED] - if (i > -1): null

16-05-2025T10:07:16 - [TEST_STEP][PASSED] - dZONum = dZONum + 1: null

16-05-2025T10:07:16 - [TEST_STEP][PASSED] - urR = GetAllData(path, dZONum, VseDZO, x = "Россети Урал (ГК)/", dZO): null

16-05-2025T10:07:16 - [TEST_STEP][PASSED] - ii = <not implemented yet for class: org.codehaus.groovy.ast.expr.EmptyExpression>: null

16-05-2025T10:07:16 - [TEST_STEP][PASSED] - i1 = <not implemented yet for class: org.codehaus.groovy.ast.expr.EmptyExpression>: null

16-05-2025T10:07:16 - [TEST_STEP][PASSED] - z = <not implemented yet for class: org.codehaus.groovy.ast.expr.EmptyExpression>: null

16-05-2025T10:07:16 - [TEST_STEP][PASSED] - strToManage = <not implemented yet for class: org.codehaus.groovy.ast.expr.EmptyExpression>: null

16-05-2025T10:07:16 - [TEST_STEP][PASSED] - path2 = "Значения со страницы Выполнение бизнес-плана/Table Data/": null

16-05-2025T10:07:16 - [TEST_STEP][PASSED] - println("path: " + path): null

16-05-2025T10:07:16 - [TEST_STEP][PASSED] - dZONumOtk = <not implemented yet for class: org.codehaus.groovy.ast.expr.EmptyExpression>: null

16-05-2025T10:07:16 - [TEST_STEP][PASSED] - println("dZONum: " + dZONum): null

16-05-2025T10:07:16 - [TEST_STEP][PASSED] - dZO = x.substring(x.indexOf("/")): null

16-05-2025T10:07:16 - [TEST_STEP][PASSED] - println("dZO: " + dZO): null

16-05-2025T10:07:16 - [TEST_STEP][PASSED] - z = getText(findTestObject(path + "spanPlan" + dZONum)): Text of object 'Object Repository/Выполнение бизнес-плана/spanPlan6' is: '6.88
|'

16-05-2025T10:07:17 - [MESSAGE][PASSED] - Text of object 'Object Repository/Выполнение бизнес-плана/spanPlan6' is: '6.88
|'

16-05-2025T10:07:17 - [TEST_STEP][PASSED] - println(z): null

16-05-2025T10:07:17 - [TEST_STEP][PASSED] - if (z != ""): null

16-05-2025T10:07:17 - [TEST_STEP][PASSED] - ii = z.indexOf("|"): null

16-05-2025T10:07:17 - [TEST_STEP][PASSED] - if (ii > -1): null

16-05-2025T10:07:17 - [TEST_STEP][PASSED] - z = z.substring(0, z.length() - 1): null

16-05-2025T10:07:17 - [TEST_STEP][PASSED] - println(z): null

16-05-2025T10:07:17 - [TEST_STEP][PASSED] - z = z.replaceAll("\s+", ""): null

16-05-2025T10:07:17 - [TEST_STEP][PASSED] - z = z.replace("[\r?
|
]", "/"): null

16-05-2025T10:07:17 - [TEST_STEP][PASSED] - println(z): null

16-05-2025T10:07:17 - [TEST_STEP][PASSED] - x = x + z: null

16-05-2025T10:07:17 - [TEST_STEP][PASSED] - z = getText(findTestObject(path + "spanFact" + dZONum)): Text of object 'Object Repository/Выполнение бизнес-плана/spanFact6' is: '6.63'

16-05-2025T10:07:17 - [MESSAGE][PASSED] - Text of object 'Object Repository/Выполнение бизнес-плана/spanFact6' is: '6.63'

16-05-2025T10:07:17 - [TEST_STEP][PASSED] - ii = z.indexOf("|"): null

16-05-2025T10:07:17 - [TEST_STEP][PASSED] - if (ii > -1): null

16-05-2025T10:07:17 - [TEST_STEP][PASSED] - x = x + "/" + z: null

16-05-2025T10:07:17 - [TEST_STEP][PASSED] - z = getText(findTestObject(path + path2 + "Факт Отпуск в сеть за отчётный период " + dZONum)).replaceAll("\s+", ""): Text of object 'Object Repository/Выполнение бизнес-плана/Значения со страницы Выполнение бизнес-плана/Table Data/Факт Отпуск в сеть за отчётный период 6' is: '19 698 947'

16-05-2025T10:07:17 - [MESSAGE][PASSED] - Text of object 'Object Repository/Выполнение бизнес-плана/Значения со страницы Выполнение бизнес-плана/Table Data/Факт Отпуск в сеть за отчётный период 6' is: '19 698 947'

16-05-2025T10:07:17 - [TEST_STEP][PASSED] - println("z=" + z): null

16-05-2025T10:07:17 - [TEST_STEP][PASSED] - x = x + "/" + z: null

16-05-2025T10:07:17 - [TEST_STEP][PASSED] - z = getText(findTestObject(path + path2 + "Факт Отпуск из сети за отчётный период " + dZONum)).replaceAll("\s+", ""): Text of object 'Object Repository/Выполнение бизнес-плана/Значения со страницы Выполнение бизнес-плана/Table Data/Факт Отпуск из сети за отчётный период 6' is: '18 393 144'

16-05-2025T10:07:18 - [MESSAGE][PASSED] - Text of object 'Object Repository/Выполнение бизнес-плана/Значения со страницы Выполнение бизнес-плана/Table Data/Факт Отпуск из сети за отчётный период 6' is: '18 393 144'

16-05-2025T10:07:18 - [TEST_STEP][PASSED] - x = x + "/" + z: null

16-05-2025T10:07:18 - [TEST_STEP][PASSED] - z = getText(findTestObject(path + path2 + "Факт Потери за отчётный период " + dZONum)).replaceAll("\s+", ""): Text of object 'Object Repository/Выполнение бизнес-плана/Значения со страницы Выполнение бизнес-плана/Table Data/Факт Потери за отчётный период 6' is: '1 305 803'

16-05-2025T10:07:18 - [MESSAGE][PASSED] - Text of object 'Object Repository/Выполнение бизнес-плана/Значения со страницы Выполнение бизнес-плана/Table Data/Факт Потери за отчётный период 6' is: '1 305 803'

16-05-2025T10:07:18 - [TEST_STEP][PASSED] - x = x + "/" + z: null

16-05-2025T10:07:18 - [TEST_STEP][PASSED] - z = getText(findTestObject(path + path2 + "План Отпуск в сеть за отчётный период " + dZONum)).replaceAll("\s+", ""): Text of object 'Object Repository/Выполнение бизнес-плана/Значения со страницы Выполнение бизнес-плана/Table Data/План Отпуск в сеть за отчётный период 6' is: '20 275 424'

16-05-2025T10:07:18 - [MESSAGE][PASSED] - Text of object 'Object Repository/Выполнение бизнес-плана/Значения со страницы Выполнение бизнес-плана/Table Data/План Отпуск в сеть за отчётный период 6' is: '20 275 424'

16-05-2025T10:07:18 - [TEST_STEP][PASSED] - x = x + "/" + z: null

16-05-2025T10:07:18 - [TEST_STEP][PASSED] - z = getText(findTestObject(path + path2 + "План Отпуск из сети за отчётный период " + dZONum)).replaceAll("\s+", ""): Text of object 'Object Repository/Выполнение бизнес-плана/Значения со страницы Выполнение бизнес-плана/Table Data/План Отпуск из сети за отчётный период 6' is: '18 880 336'

16-05-2025T10:07:18 - [MESSAGE][PASSED] - Text of object 'Object Repository/Выполнение бизнес-плана/Значения со страницы Выполнение бизнес-плана/Table Data/План Отпуск из сети за отчётный период 6' is: '18 880 336'

16-05-2025T10:07:18 - [TEST_STEP][PASSED] - x = x + "/" + z: null

16-05-2025T10:07:18 - [TEST_STEP][PASSED] - z = getText(findTestObject(path + path2 + "План Потери за отчётный период " + dZONum)).replaceAll("\s+", ""): Text of object 'Object Repository/Выполнение бизнес-плана/Значения со страницы Выполнение бизнес-плана/Table Data/План Потери за отчётный период 6' is: '1 395 088'

16-05-2025T10:07:19 - [MESSAGE][PASSED] - Text of object 'Object Repository/Выполнение бизнес-плана/Значения со страницы Выполнение бизнес-плана/Table Data/План Потери за отчётный период 6' is: '1 395 088'

16-05-2025T10:07:19 - [TEST_STEP][PASSED] - x = x + "/" + z: null

16-05-2025T10:07:19 - [TEST_STEP][PASSED] - z = getText(findTestObject(path + "Список ДЗО 2")).replaceAll("[\r?
|
]", "/"): Text of object 'Object Repository/Выполнение бизнес-плана/Список ДЗО 2' is: '0.05
-0.99
-0.40
-1.51
-0.19
-0.38
-0.25
-1.05
-0.60
-1.44
-1.52
Россети ФСК ЕЭС
Россети Волга
Россети Московскийрегион
Россети Северо-Запад
Россети Томск
Россети Тюмень
Россети Урал (ГК)
Россети Центр (ГК)
Россети Центр иПриволжье (ГК)
Россети Юг (ГК)
Россети Янтарь
-2
0
2
4
6
8'

16-05-2025T10:07:19 - [MESSAGE][PASSED] - Text of object 'Object Repository/Выполнение бизнес-плана/Список ДЗО 2' is: '0.05
-0.99
-0.40
-1.51
-0.19
-0.38
-0.25
-1.05
-0.60
-1.44
-1.52
Россети ФСК ЕЭС
Россети Волга
Россети Московскийрегион
Россети Северо-Запад
Россети Томск
Россети Тюмень
Россети Урал (ГК)
Россети Центр (ГК)
Россети Центр иПриволжье (ГК)
Россети Юг (ГК)
Россети Янтарь
-2
0
2
4
6
8'

16-05-2025T10:07:19 - [TEST_STEP][PASSED] - strToManage = z: null

16-05-2025T10:07:19 - [TEST_STEP][PASSED] - ii = strToManage.indexOf("ГК"): null

16-05-2025T10:07:19 - [TEST_STEP][PASSED] - if (ii > -1): null

16-05-2025T10:07:19 - [TEST_STEP][PASSED] - for ([i1 = 1, i1 > -1, (i1--)]): null

16-05-2025T10:07:19 - [TEST_STEP][PASSED] - strToManage = strToManage.substring(0, strToManage.indexOf("ГК") - 1) + strToManage.substring(strToManage.indexOf("ГК") + 3): null

16-05-2025T10:07:19 - [TEST_STEP][PASSED] - println("strToManage count i1: " + strToManage): null

16-05-2025T10:07:19 - [TEST_STEP][PASSED] - i1 = strToManage.count("ГК"): null

16-05-2025T10:07:19 - [TEST_STEP][PASSED] - println("i1: " + i1): null

16-05-2025T10:07:19 - [TEST_STEP][PASSED] - strToManage = strToManage.substring(0, strToManage.indexOf("ГК") - 1) + strToManage.substring(strToManage.indexOf("ГК") + 3): null

16-05-2025T10:07:19 - [TEST_STEP][PASSED] - println("strToManage count i1: " + strToManage): null

16-05-2025T10:07:19 - [TEST_STEP][PASSED] - i1 = strToManage.count("ГК"): null

16-05-2025T10:07:19 - [TEST_STEP][PASSED] - println("i1: " + i1): null

16-05-2025T10:07:19 - [TEST_STEP][PASSED] - strToManage = strToManage.substring(0, strToManage.indexOf("ГК") - 1) + strToManage.substring(strToManage.indexOf("ГК") + 3): null

16-05-2025T10:07:19 - [TEST_STEP][PASSED] - println("strToManage count i1: " + strToManage): null

16-05-2025T10:07:19 - [TEST_STEP][PASSED] - i1 = strToManage.count("ГК"): null

16-05-2025T10:07:19 - [TEST_STEP][PASSED] - println("i1: " + i1): null

16-05-2025T10:07:19 - [TEST_STEP][PASSED] - strToManage = strToManage.substring(0, strToManage.indexOf("ГК") - 1) + strToManage.substring(strToManage.indexOf("ГК") + 3): null

16-05-2025T10:07:19 - [TEST_STEP][PASSED] - println("strToManage count i1: " + strToManage): null

16-05-2025T10:07:19 - [TEST_STEP][PASSED] - i1 = strToManage.count("ГК"): null

16-05-2025T10:07:19 - [TEST_STEP][PASSED] - println("i1: " + i1): null

16-05-2025T10:07:19 - [TEST_STEP][PASSED] - z = strToManage: null

16-05-2025T10:07:19 - [TEST_STEP][PASSED] - println("z: " + z): null

16-05-2025T10:07:19 - [TEST_STEP][PASSED] - lettersStart = z.indexOf("Россети"): null

16-05-2025T10:07:19 - [TEST_STEP][PASSED] - strToManage = z.substring(lettersStart, z.length()): null

16-05-2025T10:07:19 - [TEST_STEP][PASSED] - println("strToManage: " + strToManage): null

16-05-2025T10:07:19 - [TEST_STEP][PASSED] - dZONames = strToManage: null

16-05-2025T10:07:19 - [TEST_STEP][PASSED] - strToManage = strToManage.replaceAll("[а-яА-Я]", ""): null

16-05-2025T10:07:19 - [TEST_STEP][PASSED] - println("strToManage after letters: " + strToManage): null

16-05-2025T10:07:19 - [TEST_STEP][PASSED] - strToManage = replaceAll(" ", "").replaceAll("/-/", ""): null

16-05-2025T10:07:19 - [TEST_STEP][PASSED] - println("strToManage: " + strToManage): null

16-05-2025T10:07:19 - [TEST_STEP][PASSED] - strToManage = strToManage.substring(strToManage.lastIndexOf("//") + 1, strToManage.length()): null

16-05-2025T10:07:19 - [TEST_STEP][PASSED] - println("strToManage: " + strToManage): null

16-05-2025T10:07:19 - [TEST_STEP][PASSED] - ii = z.indexOf(strToManage): null

16-05-2025T10:07:19 - [TEST_STEP][PASSED] - if (ii > -1): null

16-05-2025T10:07:19 - [TEST_STEP][PASSED] - z = z.substring(0, ii) + "/": null

16-05-2025T10:07:19 - [TEST_STEP][PASSED] - println("z: " + z): null

16-05-2025T10:07:19 - [TEST_STEP][PASSED] - println("dZONum: " + dZONum): null

16-05-2025T10:07:19 - [TEST_STEP][PASSED] - strToManage = dZO: null

16-05-2025T10:07:19 - [TEST_STEP][PASSED] - if (strToManage.indexOf("(ГК)") > -1): null

16-05-2025T10:07:19 - [TEST_STEP][PASSED] - strToManage = replaceAll("\p{P}", "").replaceAll("\s+", ""): null

16-05-2025T10:07:19 - [TEST_STEP][PASSED] - println("strToManage: " + strToManage): null

16-05-2025T10:07:19 - [TEST_STEP][PASSED] - if (replaceAll("\s+", "").indexOf(strToManage) > -1): null

16-05-2025T10:07:19 - [TEST_STEP][PASSED] - dZONames = replaceAll("-", "").replaceAll("//", ""): null

16-05-2025T10:07:19 - [TEST_STEP][PASSED] - println("dZONames: " + dZONames): null

16-05-2025T10:07:19 - [TEST_STEP][PASSED] - dZONumOtk = 1: null

16-05-2025T10:07:19 - [TEST_STEP][PASSED] - ii = dZONames.indexOf(strToManage): null

16-05-2025T10:07:19 - [TEST_STEP][PASSED] - if (strToManage != "ФСК"): null

16-05-2025T10:07:19 - [TEST_STEP][PASSED] - if (ii > -1): null

16-05-2025T10:07:19 - [TEST_STEP][PASSED] - for ([i1 = 1, ii > -1, (i1++)]): null

16-05-2025T10:07:19 - [TEST_STEP][PASSED] - dZONames = dZONames.substring(dZONames.indexOf("/") + 1, dZONames.length()): null

16-05-2025T10:07:19 - [TEST_STEP][PASSED] - ii = dZONames.lastIndexOf("/"): null

16-05-2025T10:07:19 - [TEST_STEP][PASSED] - println("dZONames: " + dZONames): null

16-05-2025T10:07:19 - [TEST_STEP][PASSED] - dZONumOtk = dZONumOtk + 1: null

16-05-2025T10:07:19 - [TEST_STEP][PASSED] - println("dZONumOtk: " + dZONumOtk): null

16-05-2025T10:07:19 - [TEST_STEP][PASSED] - dZONames = dZONames.substring(dZONames.indexOf("/") + 1, dZONames.length()): null

16-05-2025T10:07:19 - [TEST_STEP][PASSED] - ii = dZONames.lastIndexOf("/"): null

16-05-2025T10:07:19 - [TEST_STEP][PASSED] - println("dZONames: " + dZONames): null

16-05-2025T10:07:19 - [TEST_STEP][PASSED] - dZONumOtk = dZONumOtk + 1: null

16-05-2025T10:07:19 - [TEST_STEP][PASSED] - println("dZONumOtk: " + dZONumOtk): null

16-05-2025T10:07:19 - [TEST_STEP][PASSED] - dZONames = dZONames.substring(dZONames.indexOf("/") + 1, dZONames.length()): null

16-05-2025T10:07:19 - [TEST_STEP][PASSED] - ii = dZONames.lastIndexOf("/"): null

16-05-2025T10:07:19 - [TEST_STEP][PASSED] - println("dZONames: " + dZONames): null

16-05-2025T10:07:19 - [TEST_STEP][PASSED] - dZONumOtk = dZONumOtk + 1: null

16-05-2025T10:07:19 - [TEST_STEP][PASSED] - println("dZONumOtk: " + dZONumOtk): null

16-05-2025T10:07:19 - [TEST_STEP][PASSED] - dZONames = dZONames.substring(dZONames.indexOf("/") + 1, dZONames.length()): null

16-05-2025T10:07:19 - [TEST_STEP][PASSED] - ii = dZONames.lastIndexOf("/"): null

16-05-2025T10:07:19 - [TEST_STEP][PASSED] - println("dZONames: " + dZONames): null

16-05-2025T10:07:19 - [TEST_STEP][PASSED] - dZONumOtk = dZONumOtk + 1: null

16-05-2025T10:07:19 - [TEST_STEP][PASSED] - println("dZONumOtk: " + dZONumOtk): null

16-05-2025T10:07:19 - [TEST_STEP][PASSED] - dZONames = dZONames.substring(dZONames.indexOf("/") + 1, dZONames.length()): null

16-05-2025T10:07:19 - [TEST_STEP][PASSED] - ii = dZONames.lastIndexOf("/"): null

16-05-2025T10:07:19 - [TEST_STEP][PASSED] - println("dZONames: " + dZONames): null

16-05-2025T10:07:19 - [TEST_STEP][PASSED] - dZONumOtk = dZONumOtk + 1: null

16-05-2025T10:07:19 - [TEST_STEP][PASSED] - println("dZONumOtk: " + dZONumOtk): null

16-05-2025T10:07:19 - [TEST_STEP][PASSED] - dZONames = dZONames.substring(dZONames.indexOf("/") + 1, dZONames.length()): null

16-05-2025T10:07:19 - [TEST_STEP][PASSED] - ii = dZONames.lastIndexOf("/"): null

16-05-2025T10:07:19 - [TEST_STEP][PASSED] - println("dZONames: " + dZONames): null

16-05-2025T10:07:19 - [TEST_STEP][PASSED] - dZONumOtk = dZONumOtk + 1: null

16-05-2025T10:07:19 - [TEST_STEP][PASSED] - println("dZONumOtk: " + dZONumOtk): null

16-05-2025T10:07:19 - [TEST_STEP][PASSED] - dZONames = dZONames.substring(dZONames.indexOf("/") + 1, dZONames.length()): null

16-05-2025T10:07:19 - [TEST_STEP][PASSED] - ii = dZONames.lastIndexOf("/"): null

16-05-2025T10:07:19 - [TEST_STEP][PASSED] - println("dZONames: " + dZONames): null

16-05-2025T10:07:19 - [TEST_STEP][PASSED] - dZONumOtk = dZONumOtk + 1: null

16-05-2025T10:07:19 - [TEST_STEP][PASSED] - println("dZONumOtk: " + dZONumOtk): null

16-05-2025T10:07:19 - [TEST_STEP][PASSED] - dZONames = dZONames.substring(dZONames.indexOf("/") + 1, dZONames.length()): null

16-05-2025T10:07:19 - [TEST_STEP][PASSED] - ii = dZONames.lastIndexOf("/"): null

16-05-2025T10:07:19 - [TEST_STEP][PASSED] - println("dZONames: " + dZONames): null

16-05-2025T10:07:19 - [TEST_STEP][PASSED] - dZONumOtk = dZONumOtk + 1: null

16-05-2025T10:07:19 - [TEST_STEP][PASSED] - println("dZONumOtk: " + dZONumOtk): null

16-05-2025T10:07:19 - [TEST_STEP][PASSED] - dZONames = dZONames.substring(dZONames.indexOf("/") + 1, dZONames.length()): null

16-05-2025T10:07:19 - [TEST_STEP][PASSED] - ii = dZONames.lastIndexOf("/"): null

16-05-2025T10:07:19 - [TEST_STEP][PASSED] - println("dZONames: " + dZONames): null

16-05-2025T10:07:19 - [TEST_STEP][PASSED] - dZONumOtk = dZONumOtk + 1: null

16-05-2025T10:07:19 - [TEST_STEP][PASSED] - println("dZONumOtk: " + dZONumOtk): null

16-05-2025T10:07:19 - [TEST_STEP][PASSED] - dZONames = dZONames.substring(dZONames.indexOf("/") + 1, dZONames.length()): null

16-05-2025T10:07:19 - [TEST_STEP][PASSED] - ii = dZONames.lastIndexOf("/"): null

16-05-2025T10:07:19 - [TEST_STEP][PASSED] - println("dZONames: " + dZONames): null

16-05-2025T10:07:19 - [TEST_STEP][PASSED] - dZONumOtk = dZONumOtk + 1: null

16-05-2025T10:07:19 - [TEST_STEP][PASSED] - println("dZONumOtk: " + dZONumOtk): null

16-05-2025T10:07:19 - [TEST_STEP][PASSED] - if (z.indexOf("//") > -1): null

16-05-2025T10:07:19 - [TEST_STEP][PASSED] - println("z: " + z): null

16-05-2025T10:07:19 - [TEST_STEP][PASSED] - for ([ii = 1, ii < dZONumOtk, (ii++)]): null

16-05-2025T10:07:19 - [TEST_STEP][PASSED] - i1 = z.indexOf("/") + 1: null

16-05-2025T10:07:19 - [TEST_STEP][PASSED] - z = z.substring(i1, z.length()): null

16-05-2025T10:07:19 - [TEST_STEP][PASSED] - println("ii: " + ii): null

16-05-2025T10:07:19 - [TEST_STEP][PASSED] - println("z: " + z): null

16-05-2025T10:07:19 - [TEST_STEP][PASSED] - i1 = z.indexOf("/") + 1: null

16-05-2025T10:07:19 - [TEST_STEP][PASSED] - z = z.substring(i1, z.length()): null

16-05-2025T10:07:19 - [TEST_STEP][PASSED] - println("ii: " + ii): null

16-05-2025T10:07:19 - [TEST_STEP][PASSED] - println("z: " + z): null

16-05-2025T10:07:19 - [TEST_STEP][PASSED] - i1 = z.indexOf("/") + 1: null

16-05-2025T10:07:19 - [TEST_STEP][PASSED] - z = z.substring(i1, z.length()): null

16-05-2025T10:07:19 - [TEST_STEP][PASSED] - println("ii: " + ii): null

16-05-2025T10:07:19 - [TEST_STEP][PASSED] - println("z: " + z): null

16-05-2025T10:07:19 - [TEST_STEP][PASSED] - i1 = z.indexOf("/") + 1: null

16-05-2025T10:07:19 - [TEST_STEP][PASSED] - z = z.substring(i1, z.length()): null

16-05-2025T10:07:19 - [TEST_STEP][PASSED] - println("ii: " + ii): null

16-05-2025T10:07:19 - [TEST_STEP][PASSED] - println("z: " + z): null

16-05-2025T10:07:19 - [TEST_STEP][PASSED] - i1 = z.indexOf("/") + 1: null

16-05-2025T10:07:19 - [TEST_STEP][PASSED] - z = z.substring(i1, z.length()): null

16-05-2025T10:07:19 - [TEST_STEP][PASSED] - println("ii: " + ii): null

16-05-2025T10:07:19 - [TEST_STEP][PASSED] - println("z: " + z): null

16-05-2025T10:07:19 - [TEST_STEP][PASSED] - i1 = z.indexOf("/") + 1: null

16-05-2025T10:07:19 - [TEST_STEP][PASSED] - z = z.substring(i1, z.length()): null

16-05-2025T10:07:19 - [TEST_STEP][PASSED] - println("ii: " + ii): null

16-05-2025T10:07:19 - [TEST_STEP][PASSED] - println("z: " + z): null

16-05-2025T10:07:19 - [TEST_STEP][PASSED] - i1 = z.indexOf("/") + 1: null

16-05-2025T10:07:19 - [TEST_STEP][PASSED] - z = z.substring(i1, z.length()): null

16-05-2025T10:07:19 - [TEST_STEP][PASSED] - println("ii: " + ii): null

16-05-2025T10:07:19 - [TEST_STEP][PASSED] - println("z: " + z): null

16-05-2025T10:07:19 - [TEST_STEP][PASSED] - i1 = z.indexOf("/") + 1: null

16-05-2025T10:07:19 - [TEST_STEP][PASSED] - z = z.substring(i1, z.length()): null

16-05-2025T10:07:19 - [TEST_STEP][PASSED] - println("ii: " + ii): null

16-05-2025T10:07:19 - [TEST_STEP][PASSED] - println("z: " + z): null

16-05-2025T10:07:19 - [TEST_STEP][PASSED] - i1 = z.indexOf("/") + 1: null

16-05-2025T10:07:19 - [TEST_STEP][PASSED] - z = z.substring(i1, z.length()): null

16-05-2025T10:07:19 - [TEST_STEP][PASSED] - println("ii: " + ii): null

16-05-2025T10:07:19 - [TEST_STEP][PASSED] - println("z: " + z): null

16-05-2025T10:07:19 - [TEST_STEP][PASSED] - i1 = z.indexOf("/") + 1: null

16-05-2025T10:07:19 - [TEST_STEP][PASSED] - z = z.substring(i1, z.length()): null

16-05-2025T10:07:19 - [TEST_STEP][PASSED] - println("ii: " + ii): null

16-05-2025T10:07:19 - [TEST_STEP][PASSED] - println("z: " + z): null

16-05-2025T10:07:19 - [TEST_STEP][PASSED] - z = z.substring(0, z.indexOf("/")): null

16-05-2025T10:07:19 - [TEST_STEP][PASSED] - println("z: " + z): null

16-05-2025T10:07:19 - [TEST_STEP][PASSED] - x = x + "/" + z: null

16-05-2025T10:07:19 - [TEST_STEP][PASSED] - x = x.replaceAll("[\r?
|
]", ""): null

16-05-2025T10:07:19 - [TEST_STEP][PASSED] - println("x =" + x): null

16-05-2025T10:07:19 - [TEST_STEP][PASSED] - return x: null

16-05-2025T10:07:19 - [TEST_STEP][PASSED] - println("urR: " + urR): null

16-05-2025T10:07:19 - [TEST_STEP][PASSED] - i = VseDZO.indexOf("Центр"): null

16-05-2025T10:07:19 - [TEST_STEP][PASSED] - if (i > -1): null

16-05-2025T10:07:19 - [TEST_STEP][PASSED] - else: null

16-05-2025T10:07:19 - [TEST_STEP][PASSED] - cenR = cenR + "нет данных/нет данных/нет данных/нет данных/нет данных/нет данных/нет данных/нет данных/нет данных": null

16-05-2025T10:07:19 - [TEST_STEP][PASSED] - println("cenR: " + cenR): null

16-05-2025T10:07:19 - [TEST_STEP][PASSED] - i = VseDZO.indexOf("Приволжье"): null

16-05-2025T10:07:19 - [TEST_STEP][PASSED] - if (i > -1): null

16-05-2025T10:07:19 - [TEST_STEP][PASSED] - else: null

16-05-2025T10:07:19 - [TEST_STEP][PASSED] - cIPR = cIPR + "нет данных/нет данных/нет данных/нет данных/нет данных/нет данных/нет данных/нет данных/нет данных": null

16-05-2025T10:07:19 - [TEST_STEP][PASSED] - println("cIPR: " + cIPR): null

16-05-2025T10:07:19 - [TEST_STEP][PASSED] - i = VseDZO.indexOf("Юг"): null

16-05-2025T10:07:19 - [TEST_STEP][PASSED] - if (i > -1): null

16-05-2025T10:07:19 - [TEST_STEP][PASSED] - dZONum = dZONum + 1: null

16-05-2025T10:07:19 - [TEST_STEP][PASSED] - ugR = GetAllData(path, dZONum, VseDZO, x = "Россети Юг (ГК)/", dZO): null

16-05-2025T10:07:19 - [TEST_STEP][PASSED] - ii = <not implemented yet for class: org.codehaus.groovy.ast.expr.EmptyExpression>: null

16-05-2025T10:07:19 - [TEST_STEP][PASSED] - i1 = <not implemented yet for class: org.codehaus.groovy.ast.expr.EmptyExpression>: null

16-05-2025T10:07:19 - [TEST_STEP][PASSED] - z = <not implemented yet for class: org.codehaus.groovy.ast.expr.EmptyExpression>: null

16-05-2025T10:07:19 - [TEST_STEP][PASSED] - strToManage = <not implemented yet for class: org.codehaus.groovy.ast.expr.EmptyExpression>: null

16-05-2025T10:07:19 - [TEST_STEP][PASSED] - path2 = "Значения со страницы Выполнение бизнес-плана/Table Data/": null

16-05-2025T10:07:19 - [TEST_STEP][PASSED] - println("path: " + path): null

16-05-2025T10:07:19 - [TEST_STEP][PASSED] - dZONumOtk = <not implemented yet for class: org.codehaus.groovy.ast.expr.EmptyExpression>: null

16-05-2025T10:07:19 - [TEST_STEP][PASSED] - println("dZONum: " + dZONum): null

16-05-2025T10:07:19 - [TEST_STEP][PASSED] - dZO = x.substring(x.indexOf("/")): null

16-05-2025T10:07:19 - [TEST_STEP][PASSED] - println("dZO: " + dZO): null

16-05-2025T10:07:19 - [TEST_STEP][PASSED] - z = getText(findTestObject(path + "spanPlan" + dZONum)): Text of object 'Object Repository/Выполнение бизнес-плана/spanPlan7' is: '10.84
|'

16-05-2025T10:07:19 - [MESSAGE][PASSED] - Text of object 'Object Repository/Выполнение бизнес-плана/spanPlan7' is: '10.84
|'

16-05-2025T10:07:19 - [TEST_STEP][PASSED] - println(z): null

16-05-2025T10:07:19 - [TEST_STEP][PASSED] - if (z != ""): null

16-05-2025T10:07:19 - [TEST_STEP][PASSED] - ii = z.indexOf("|"): null

16-05-2025T10:07:19 - [TEST_STEP][PASSED] - if (ii > -1): null

16-05-2025T10:07:19 - [TEST_STEP][PASSED] - z = z.substring(0, z.length() - 1): null

16-05-2025T10:07:19 - [TEST_STEP][PASSED] - println(z): null

16-05-2025T10:07:19 - [TEST_STEP][PASSED] - z = z.replaceAll("\s+", ""): null

16-05-2025T10:07:19 - [TEST_STEP][PASSED] - z = z.replace("[\r?
|
]", "/"): null

16-05-2025T10:07:19 - [TEST_STEP][PASSED] - println(z): null

16-05-2025T10:07:19 - [TEST_STEP][PASSED] - x = x + z: null

16-05-2025T10:07:19 - [TEST_STEP][PASSED] - z = getText(findTestObject(path + "spanFact" + dZONum)): Text of object 'Object Repository/Выполнение бизнес-плана/spanFact7' is: '9.40'

16-05-2025T10:07:20 - [MESSAGE][PASSED] - Text of object 'Object Repository/Выполнение бизнес-плана/spanFact7' is: '9.40'

16-05-2025T10:07:20 - [TEST_STEP][PASSED] - ii = z.indexOf("|"): null

16-05-2025T10:07:20 - [TEST_STEP][PASSED] - if (ii > -1): null

16-05-2025T10:07:20 - [TEST_STEP][PASSED] - x = x + "/" + z: null

16-05-2025T10:07:20 - [TEST_STEP][PASSED] - z = getText(findTestObject(path + path2 + "Факт Отпуск в сеть за отчётный период " + dZONum)).replaceAll("\s+", ""): Text of object 'Object Repository/Выполнение бизнес-плана/Значения со страницы Выполнение бизнес-плана/Table Data/Факт Отпуск в сеть за отчётный период 7' is: '3 467 484'

16-05-2025T10:07:20 - [MESSAGE][PASSED] - Text of object 'Object Repository/Выполнение бизнес-плана/Значения со страницы Выполнение бизнес-плана/Table Data/Факт Отпуск в сеть за отчётный период 7' is: '3 467 484'

16-05-2025T10:07:20 - [TEST_STEP][PASSED] - println("z=" + z): null

16-05-2025T10:07:20 - [TEST_STEP][PASSED] - x = x + "/" + z: null

16-05-2025T10:07:20 - [TEST_STEP][PASSED] - z = getText(findTestObject(path + path2 + "Факт Отпуск из сети за отчётный период " + dZONum)).replaceAll("\s+", ""): Text of object 'Object Repository/Выполнение бизнес-плана/Значения со страницы Выполнение бизнес-плана/Table Data/Факт Отпуск из сети за отчётный период 7' is: '3 141 633'

16-05-2025T10:07:20 - [MESSAGE][PASSED] - Text of object 'Object Repository/Выполнение бизнес-плана/Значения со страницы Выполнение бизнес-плана/Table Data/Факт Отпуск из сети за отчётный период 7' is: '3 141 633'

16-05-2025T10:07:20 - [TEST_STEP][PASSED] - x = x + "/" + z: null

16-05-2025T10:07:20 - [TEST_STEP][PASSED] - z = getText(findTestObject(path + path2 + "Факт Потери за отчётный период " + dZONum)).replaceAll("\s+", ""): Text of object 'Object Repository/Выполнение бизнес-плана/Значения со страницы Выполнение бизнес-плана/Table Data/Факт Потери за отчётный период 7' is: '325 852'

16-05-2025T10:07:21 - [MESSAGE][PASSED] - Text of object 'Object Repository/Выполнение бизнес-плана/Значения со страницы Выполнение бизнес-плана/Table Data/Факт Потери за отчётный период 7' is: '325 852'

16-05-2025T10:07:21 - [TEST_STEP][PASSED] - x = x + "/" + z: null

16-05-2025T10:07:21 - [TEST_STEP][PASSED] - z = getText(findTestObject(path + path2 + "План Отпуск в сеть за отчётный период " + dZONum)).replaceAll("\s+", ""): Text of object 'Object Repository/Выполнение бизнес-плана/Значения со страницы Выполнение бизнес-плана/Table Data/План Отпуск в сеть за отчётный период 7' is: '3 760 351'

16-05-2025T10:07:21 - [MESSAGE][PASSED] - Text of object 'Object Repository/Выполнение бизнес-плана/Значения со страницы Выполнение бизнес-плана/Table Data/План Отпуск в сеть за отчётный период 7' is: '3 760 351'

16-05-2025T10:07:21 - [TEST_STEP][PASSED] - x = x + "/" + z: null

16-05-2025T10:07:21 - [TEST_STEP][PASSED] - z = getText(findTestObject(path + path2 + "План Отпуск из сети за отчётный период " + dZONum)).replaceAll("\s+", ""): Text of object 'Object Repository/Выполнение бизнес-плана/Значения со страницы Выполнение бизнес-плана/Table Data/План Отпуск из сети за отчётный период 7' is: '3 352 866'

16-05-2025T10:07:21 - [MESSAGE][PASSED] - Text of object 'Object Repository/Выполнение бизнес-плана/Значения со страницы Выполнение бизнес-плана/Table Data/План Отпуск из сети за отчётный период 7' is: '3 352 866'

16-05-2025T10:07:21 - [TEST_STEP][PASSED] - x = x + "/" + z: null

16-05-2025T10:07:21 - [TEST_STEP][PASSED] - z = getText(findTestObject(path + path2 + "План Потери за отчётный период " + dZONum)).replaceAll("\s+", ""): Text of object 'Object Repository/Выполнение бизнес-плана/Значения со страницы Выполнение бизнес-плана/Table Data/План Потери за отчётный период 7' is: '407 485'

16-05-2025T10:07:21 - [MESSAGE][PASSED] - Text of object 'Object Repository/Выполнение бизнес-плана/Значения со страницы Выполнение бизнес-плана/Table Data/План Потери за отчётный период 7' is: '407 485'

16-05-2025T10:07:21 - [TEST_STEP][PASSED] - x = x + "/" + z: null

16-05-2025T10:07:21 - [TEST_STEP][PASSED] - z = getText(findTestObject(path + "Список ДЗО 2")).replaceAll("[\r?
|
]", "/"): Text of object 'Object Repository/Выполнение бизнес-плана/Список ДЗО 2' is: '0.05
-0.99
-0.40
-1.51
-0.19
-0.38
-0.25
-1.05
-0.60
-1.44
-1.52
Россети ФСК ЕЭС
Россети Волга
Россети Московскийрегион
Россети Северо-Запад
Россети Томск
Россети Тюмень
Россети Урал (ГК)
Россети Центр (ГК)
Россети Центр иПриволжье (ГК)
Россети Юг (ГК)
Россети Янтарь
-2
0
2
4
6
8'

16-05-2025T10:07:22 - [MESSAGE][PASSED] - Text of object 'Object Repository/Выполнение бизнес-плана/Список ДЗО 2' is: '0.05
-0.99
-0.40
-1.51
-0.19
-0.38
-0.25
-1.05
-0.60
-1.44
-1.52
Россети ФСК ЕЭС
Россети Волга
Россети Московскийрегион
Россети Северо-Запад
Россети Томск
Россети Тюмень
Россети Урал (ГК)
Россети Центр (ГК)
Россети Центр иПриволжье (ГК)
Россети Юг (ГК)
Россети Янтарь
-2
0
2
4
6
8'

16-05-2025T10:07:22 - [TEST_STEP][PASSED] - strToManage = z: null

16-05-2025T10:07:22 - [TEST_STEP][PASSED] - ii = strToManage.indexOf("ГК"): null

16-05-2025T10:07:22 - [TEST_STEP][PASSED] - if (ii > -1): null

16-05-2025T10:07:22 - [TEST_STEP][PASSED] - for ([i1 = 1, i1 > -1, (i1--)]): null

16-05-2025T10:07:22 - [TEST_STEP][PASSED] - strToManage = strToManage.substring(0, strToManage.indexOf("ГК") - 1) + strToManage.substring(strToManage.indexOf("ГК") + 3): null

16-05-2025T10:07:22 - [TEST_STEP][PASSED] - println("strToManage count i1: " + strToManage): null

16-05-2025T10:07:22 - [TEST_STEP][PASSED] - i1 = strToManage.count("ГК"): null

16-05-2025T10:07:22 - [TEST_STEP][PASSED] - println("i1: " + i1): null

16-05-2025T10:07:22 - [TEST_STEP][PASSED] - strToManage = strToManage.substring(0, strToManage.indexOf("ГК") - 1) + strToManage.substring(strToManage.indexOf("ГК") + 3): null

16-05-2025T10:07:22 - [TEST_STEP][PASSED] - println("strToManage count i1: " + strToManage): null

16-05-2025T10:07:22 - [TEST_STEP][PASSED] - i1 = strToManage.count("ГК"): null

16-05-2025T10:07:22 - [TEST_STEP][PASSED] - println("i1: " + i1): null

16-05-2025T10:07:22 - [TEST_STEP][PASSED] - strToManage = strToManage.substring(0, strToManage.indexOf("ГК") - 1) + strToManage.substring(strToManage.indexOf("ГК") + 3): null

16-05-2025T10:07:22 - [TEST_STEP][PASSED] - println("strToManage count i1: " + strToManage): null

16-05-2025T10:07:22 - [TEST_STEP][PASSED] - i1 = strToManage.count("ГК"): null

16-05-2025T10:07:22 - [TEST_STEP][PASSED] - println("i1: " + i1): null

16-05-2025T10:07:22 - [TEST_STEP][PASSED] - strToManage = strToManage.substring(0, strToManage.indexOf("ГК") - 1) + strToManage.substring(strToManage.indexOf("ГК") + 3): null

16-05-2025T10:07:22 - [TEST_STEP][PASSED] - println("strToManage count i1: " + strToManage): null

16-05-2025T10:07:22 - [TEST_STEP][PASSED] - i1 = strToManage.count("ГК"): null

16-05-2025T10:07:22 - [TEST_STEP][PASSED] - println("i1: " + i1): null

16-05-2025T10:07:22 - [TEST_STEP][PASSED] - z = strToManage: null

16-05-2025T10:07:22 - [TEST_STEP][PASSED] - println("z: " + z): null

16-05-2025T10:07:22 - [TEST_STEP][PASSED] - lettersStart = z.indexOf("Россети"): null

16-05-2025T10:07:22 - [TEST_STEP][PASSED] - strToManage = z.substring(lettersStart, z.length()): null

16-05-2025T10:07:22 - [TEST_STEP][PASSED] - println("strToManage: " + strToManage): null

16-05-2025T10:07:22 - [TEST_STEP][PASSED] - dZONames = strToManage: null

16-05-2025T10:07:22 - [TEST_STEP][PASSED] - strToManage = strToManage.replaceAll("[а-яА-Я]", ""): null

16-05-2025T10:07:22 - [TEST_STEP][PASSED] - println("strToManage after letters: " + strToManage): null

16-05-2025T10:07:22 - [TEST_STEP][PASSED] - strToManage = replaceAll(" ", "").replaceAll("/-/", ""): null

16-05-2025T10:07:22 - [TEST_STEP][PASSED] - println("strToManage: " + strToManage): null

16-05-2025T10:07:22 - [TEST_STEP][PASSED] - strToManage = strToManage.substring(strToManage.lastIndexOf("//") + 1, strToManage.length()): null

16-05-2025T10:07:22 - [TEST_STEP][PASSED] - println("strToManage: " + strToManage): null

16-05-2025T10:07:22 - [TEST_STEP][PASSED] - ii = z.indexOf(strToManage): null

16-05-2025T10:07:22 - [TEST_STEP][PASSED] - if (ii > -1): null

16-05-2025T10:07:22 - [TEST_STEP][PASSED] - z = z.substring(0, ii) + "/": null

16-05-2025T10:07:22 - [TEST_STEP][PASSED] - println("z: " + z): null

16-05-2025T10:07:22 - [TEST_STEP][PASSED] - println("dZONum: " + dZONum): null

16-05-2025T10:07:22 - [TEST_STEP][PASSED] - strToManage = dZO: null

16-05-2025T10:07:22 - [TEST_STEP][PASSED] - if (strToManage.indexOf("(ГК)") > -1): null

16-05-2025T10:07:22 - [TEST_STEP][PASSED] - strToManage = replaceAll("\p{P}", "").replaceAll("\s+", ""): null

16-05-2025T10:07:22 - [TEST_STEP][PASSED] - println("strToManage: " + strToManage): null

16-05-2025T10:07:22 - [TEST_STEP][PASSED] - if (replaceAll("\s+", "").indexOf(strToManage) > -1): null

16-05-2025T10:07:22 - [TEST_STEP][PASSED] - dZONames = replaceAll("-", "").replaceAll("//", ""): null

16-05-2025T10:07:22 - [TEST_STEP][PASSED] - println("dZONames: " + dZONames): null

16-05-2025T10:07:22 - [TEST_STEP][PASSED] - dZONumOtk = 1: null

16-05-2025T10:07:22 - [TEST_STEP][PASSED] - ii = dZONames.indexOf(strToManage): null

16-05-2025T10:07:22 - [TEST_STEP][PASSED] - if (strToManage != "ФСК"): null

16-05-2025T10:07:22 - [TEST_STEP][PASSED] - if (ii > -1): null

16-05-2025T10:07:22 - [TEST_STEP][PASSED] - for ([i1 = 1, ii > -1, (i1++)]): null

16-05-2025T10:07:22 - [TEST_STEP][PASSED] - dZONames = dZONames.substring(dZONames.indexOf("/") + 1, dZONames.length()): null

16-05-2025T10:07:22 - [TEST_STEP][PASSED] - ii = dZONames.lastIndexOf("/"): null

16-05-2025T10:07:22 - [TEST_STEP][PASSED] - println("dZONames: " + dZONames): null

16-05-2025T10:07:22 - [TEST_STEP][PASSED] - dZONumOtk = dZONumOtk + 1: null

16-05-2025T10:07:22 - [TEST_STEP][PASSED] - println("dZONumOtk: " + dZONumOtk): null

16-05-2025T10:07:22 - [TEST_STEP][PASSED] - dZONames = dZONames.substring(dZONames.indexOf("/") + 1, dZONames.length()): null

16-05-2025T10:07:22 - [TEST_STEP][PASSED] - ii = dZONames.lastIndexOf("/"): null

16-05-2025T10:07:22 - [TEST_STEP][PASSED] - println("dZONames: " + dZONames): null

16-05-2025T10:07:22 - [TEST_STEP][PASSED] - dZONumOtk = dZONumOtk + 1: null

16-05-2025T10:07:22 - [TEST_STEP][PASSED] - println("dZONumOtk: " + dZONumOtk): null

16-05-2025T10:07:22 - [TEST_STEP][PASSED] - dZONames = dZONames.substring(dZONames.indexOf("/") + 1, dZONames.length()): null

16-05-2025T10:07:22 - [TEST_STEP][PASSED] - ii = dZONames.lastIndexOf("/"): null

16-05-2025T10:07:22 - [TEST_STEP][PASSED] - println("dZONames: " + dZONames): null

16-05-2025T10:07:22 - [TEST_STEP][PASSED] - dZONumOtk = dZONumOtk + 1: null

16-05-2025T10:07:22 - [TEST_STEP][PASSED] - println("dZONumOtk: " + dZONumOtk): null

16-05-2025T10:07:22 - [TEST_STEP][PASSED] - dZONames = dZONames.substring(dZONames.indexOf("/") + 1, dZONames.length()): null

16-05-2025T10:07:22 - [TEST_STEP][PASSED] - ii = dZONames.lastIndexOf("/"): null

16-05-2025T10:07:22 - [TEST_STEP][PASSED] - println("dZONames: " + dZONames): null

16-05-2025T10:07:22 - [TEST_STEP][PASSED] - dZONumOtk = dZONumOtk + 1: null

16-05-2025T10:07:22 - [TEST_STEP][PASSED] - println("dZONumOtk: " + dZONumOtk): null

16-05-2025T10:07:22 - [TEST_STEP][PASSED] - dZONames = dZONames.substring(dZONames.indexOf("/") + 1, dZONames.length()): null

16-05-2025T10:07:22 - [TEST_STEP][PASSED] - ii = dZONames.lastIndexOf("/"): null

16-05-2025T10:07:22 - [TEST_STEP][PASSED] - println("dZONames: " + dZONames): null

16-05-2025T10:07:22 - [TEST_STEP][PASSED] - dZONumOtk = dZONumOtk + 1: null

16-05-2025T10:07:22 - [TEST_STEP][PASSED] - println("dZONumOtk: " + dZONumOtk): null

16-05-2025T10:07:22 - [TEST_STEP][PASSED] - dZONames = dZONames.substring(dZONames.indexOf("/") + 1, dZONames.length()): null

16-05-2025T10:07:22 - [TEST_STEP][PASSED] - ii = dZONames.lastIndexOf("/"): null

16-05-2025T10:07:22 - [TEST_STEP][PASSED] - println("dZONames: " + dZONames): null

16-05-2025T10:07:22 - [TEST_STEP][PASSED] - dZONumOtk = dZONumOtk + 1: null

16-05-2025T10:07:22 - [TEST_STEP][PASSED] - println("dZONumOtk: " + dZONumOtk): null

16-05-2025T10:07:22 - [TEST_STEP][PASSED] - dZONames = dZONames.substring(dZONames.indexOf("/") + 1, dZONames.length()): null

16-05-2025T10:07:22 - [TEST_STEP][PASSED] - ii = dZONames.lastIndexOf("/"): null

16-05-2025T10:07:22 - [TEST_STEP][PASSED] - println("dZONames: " + dZONames): null

16-05-2025T10:07:22 - [TEST_STEP][PASSED] - dZONumOtk = dZONumOtk + 1: null

16-05-2025T10:07:22 - [TEST_STEP][PASSED] - println("dZONumOtk: " + dZONumOtk): null

16-05-2025T10:07:22 - [TEST_STEP][PASSED] - dZONames = dZONames.substring(dZONames.indexOf("/") + 1, dZONames.length()): null

16-05-2025T10:07:22 - [TEST_STEP][PASSED] - ii = dZONames.lastIndexOf("/"): null

16-05-2025T10:07:22 - [TEST_STEP][PASSED] - println("dZONames: " + dZONames): null

16-05-2025T10:07:22 - [TEST_STEP][PASSED] - dZONumOtk = dZONumOtk + 1: null

16-05-2025T10:07:22 - [TEST_STEP][PASSED] - println("dZONumOtk: " + dZONumOtk): null

16-05-2025T10:07:22 - [TEST_STEP][PASSED] - dZONames = dZONames.substring(dZONames.indexOf("/") + 1, dZONames.length()): null

16-05-2025T10:07:22 - [TEST_STEP][PASSED] - ii = dZONames.lastIndexOf("/"): null

16-05-2025T10:07:22 - [TEST_STEP][PASSED] - println("dZONames: " + dZONames): null

16-05-2025T10:07:22 - [TEST_STEP][PASSED] - dZONumOtk = dZONumOtk + 1: null

16-05-2025T10:07:22 - [TEST_STEP][PASSED] - println("dZONumOtk: " + dZONumOtk): null

16-05-2025T10:07:22 - [TEST_STEP][PASSED] - dZONames = dZONames.substring(dZONames.indexOf("/") + 1, dZONames.length()): null

16-05-2025T10:07:22 - [TEST_STEP][PASSED] - ii = dZONames.lastIndexOf("/"): null

16-05-2025T10:07:22 - [TEST_STEP][PASSED] - println("dZONames: " + dZONames): null

16-05-2025T10:07:22 - [TEST_STEP][PASSED] - dZONumOtk = dZONumOtk + 1: null

16-05-2025T10:07:22 - [TEST_STEP][PASSED] - println("dZONumOtk: " + dZONumOtk): null

16-05-2025T10:07:22 - [TEST_STEP][PASSED] - if (z.indexOf("//") > -1): null

16-05-2025T10:07:22 - [TEST_STEP][PASSED] - println("z: " + z): null

16-05-2025T10:07:22 - [TEST_STEP][PASSED] - for ([ii = 1, ii < dZONumOtk, (ii++)]): null

16-05-2025T10:07:22 - [TEST_STEP][PASSED] - i1 = z.indexOf("/") + 1: null

16-05-2025T10:07:22 - [TEST_STEP][PASSED] - z = z.substring(i1, z.length()): null

16-05-2025T10:07:22 - [TEST_STEP][PASSED] - println("ii: " + ii): null

16-05-2025T10:07:22 - [TEST_STEP][PASSED] - println("z: " + z): null

16-05-2025T10:07:22 - [TEST_STEP][PASSED] - i1 = z.indexOf("/") + 1: null

16-05-2025T10:07:22 - [TEST_STEP][PASSED] - z = z.substring(i1, z.length()): null

16-05-2025T10:07:22 - [TEST_STEP][PASSED] - println("ii: " + ii): null

16-05-2025T10:07:22 - [TEST_STEP][PASSED] - println("z: " + z): null

16-05-2025T10:07:22 - [TEST_STEP][PASSED] - i1 = z.indexOf("/") + 1: null

16-05-2025T10:07:22 - [TEST_STEP][PASSED] - z = z.substring(i1, z.length()): null

16-05-2025T10:07:22 - [TEST_STEP][PASSED] - println("ii: " + ii): null

16-05-2025T10:07:22 - [TEST_STEP][PASSED] - println("z: " + z): null

16-05-2025T10:07:22 - [TEST_STEP][PASSED] - i1 = z.indexOf("/") + 1: null

16-05-2025T10:07:22 - [TEST_STEP][PASSED] - z = z.substring(i1, z.length()): null

16-05-2025T10:07:22 - [TEST_STEP][PASSED] - println("ii: " + ii): null

16-05-2025T10:07:22 - [TEST_STEP][PASSED] - println("z: " + z): null

16-05-2025T10:07:22 - [TEST_STEP][PASSED] - i1 = z.indexOf("/") + 1: null

16-05-2025T10:07:22 - [TEST_STEP][PASSED] - z = z.substring(i1, z.length()): null

16-05-2025T10:07:22 - [TEST_STEP][PASSED] - println("ii: " + ii): null

16-05-2025T10:07:22 - [TEST_STEP][PASSED] - println("z: " + z): null

16-05-2025T10:07:22 - [TEST_STEP][PASSED] - i1 = z.indexOf("/") + 1: null

16-05-2025T10:07:22 - [TEST_STEP][PASSED] - z = z.substring(i1, z.length()): null

16-05-2025T10:07:22 - [TEST_STEP][PASSED] - println("ii: " + ii): null

16-05-2025T10:07:22 - [TEST_STEP][PASSED] - println("z: " + z): null

16-05-2025T10:07:22 - [TEST_STEP][PASSED] - i1 = z.indexOf("/") + 1: null

16-05-2025T10:07:22 - [TEST_STEP][PASSED] - z = z.substring(i1, z.length()): null

16-05-2025T10:07:22 - [TEST_STEP][PASSED] - println("ii: " + ii): null

16-05-2025T10:07:22 - [TEST_STEP][PASSED] - println("z: " + z): null

16-05-2025T10:07:22 - [TEST_STEP][PASSED] - i1 = z.indexOf("/") + 1: null

16-05-2025T10:07:22 - [TEST_STEP][PASSED] - z = z.substring(i1, z.length()): null

16-05-2025T10:07:22 - [TEST_STEP][PASSED] - println("ii: " + ii): null

16-05-2025T10:07:22 - [TEST_STEP][PASSED] - println("z: " + z): null

16-05-2025T10:07:22 - [TEST_STEP][PASSED] - i1 = z.indexOf("/") + 1: null

16-05-2025T10:07:22 - [TEST_STEP][PASSED] - z = z.substring(i1, z.length()): null

16-05-2025T10:07:22 - [TEST_STEP][PASSED] - println("ii: " + ii): null

16-05-2025T10:07:22 - [TEST_STEP][PASSED] - println("z: " + z): null

16-05-2025T10:07:22 - [TEST_STEP][PASSED] - i1 = z.indexOf("/") + 1: null

16-05-2025T10:07:22 - [TEST_STEP][PASSED] - z = z.substring(i1, z.length()): null

16-05-2025T10:07:22 - [TEST_STEP][PASSED] - println("ii: " + ii): null

16-05-2025T10:07:22 - [TEST_STEP][PASSED] - println("z: " + z): null

16-05-2025T10:07:22 - [TEST_STEP][PASSED] - z = z.substring(0, z.indexOf("/")): null

16-05-2025T10:07:22 - [TEST_STEP][PASSED] - println("z: " + z): null

16-05-2025T10:07:22 - [TEST_STEP][PASSED] - x = x + "/" + z: null

16-05-2025T10:07:22 - [TEST_STEP][PASSED] - x = x.replaceAll("[\r?
|
]", ""): null

16-05-2025T10:07:22 - [TEST_STEP][PASSED] - println("x =" + x): null

16-05-2025T10:07:22 - [TEST_STEP][PASSED] - return x: null

16-05-2025T10:07:22 - [TEST_STEP][PASSED] - println("ugR: " + ugR): null

16-05-2025T10:07:22 - [TEST_STEP][PASSED] - i = VseDZO.indexOf("Янтарь"): null

16-05-2025T10:07:22 - [TEST_STEP][PASSED] - if (i > -1): null

16-05-2025T10:07:22 - [TEST_STEP][PASSED] - dZONum = dZONum + 1: null

16-05-2025T10:07:22 - [TEST_STEP][PASSED] - yR = GetAllData(path, dZONum, VseDZO, x = "Россети Янтарь/", dZO): null

16-05-2025T10:07:22 - [TEST_STEP][PASSED] - ii = <not implemented yet for class: org.codehaus.groovy.ast.expr.EmptyExpression>: null

16-05-2025T10:07:22 - [TEST_STEP][PASSED] - i1 = <not implemented yet for class: org.codehaus.groovy.ast.expr.EmptyExpression>: null

16-05-2025T10:07:22 - [TEST_STEP][PASSED] - z = <not implemented yet for class: org.codehaus.groovy.ast.expr.EmptyExpression>: null

16-05-2025T10:07:22 - [TEST_STEP][PASSED] - strToManage = <not implemented yet for class: org.codehaus.groovy.ast.expr.EmptyExpression>: null

16-05-2025T10:07:22 - [TEST_STEP][PASSED] - path2 = "Значения со страницы Выполнение бизнес-плана/Table Data/": null

16-05-2025T10:07:22 - [TEST_STEP][PASSED] - println("path: " + path): null

16-05-2025T10:07:22 - [TEST_STEP][PASSED] - dZONumOtk = <not implemented yet for class: org.codehaus.groovy.ast.expr.EmptyExpression>: null

16-05-2025T10:07:22 - [TEST_STEP][PASSED] - println("dZONum: " + dZONum): null

16-05-2025T10:07:22 - [TEST_STEP][PASSED] - dZO = x.substring(x.indexOf("/")): null

16-05-2025T10:07:22 - [TEST_STEP][PASSED] - println("dZO: " + dZO): null

16-05-2025T10:07:22 - [TEST_STEP][PASSED] - z = getText(findTestObject(path + "spanPlan" + dZONum)): Text of object 'Object Repository/Выполнение бизнес-плана/spanPlan8' is: '10.39
|'

16-05-2025T10:07:22 - [MESSAGE][PASSED] - Text of object 'Object Repository/Выполнение бизнес-плана/spanPlan8' is: '10.39
|'

16-05-2025T10:07:22 - [TEST_STEP][PASSED] - println(z): null

16-05-2025T10:07:22 - [TEST_STEP][PASSED] - if (z != ""): null

16-05-2025T10:07:22 - [TEST_STEP][PASSED] - ii = z.indexOf("|"): null

16-05-2025T10:07:22 - [TEST_STEP][PASSED] - if (ii > -1): null

16-05-2025T10:07:22 - [TEST_STEP][PASSED] - z = z.substring(0, z.length() - 1): null

16-05-2025T10:07:22 - [TEST_STEP][PASSED] - println(z): null

16-05-2025T10:07:22 - [TEST_STEP][PASSED] - z = z.replaceAll("\s+", ""): null

16-05-2025T10:07:22 - [TEST_STEP][PASSED] - z = z.replace("[\r?
|
]", "/"): null

16-05-2025T10:07:22 - [TEST_STEP][PASSED] - println(z): null

16-05-2025T10:07:22 - [TEST_STEP][PASSED] - x = x + z: null

16-05-2025T10:07:22 - [TEST_STEP][PASSED] - z = getText(findTestObject(path + "spanFact" + dZONum)): Text of object 'Object Repository/Выполнение бизнес-плана/spanFact8' is: '8.87'

16-05-2025T10:07:22 - [MESSAGE][PASSED] - Text of object 'Object Repository/Выполнение бизнес-плана/spanFact8' is: '8.87'

16-05-2025T10:07:22 - [TEST_STEP][PASSED] - ii = z.indexOf("|"): null

16-05-2025T10:07:22 - [TEST_STEP][PASSED] - if (ii > -1): null

16-05-2025T10:07:22 - [TEST_STEP][PASSED] - x = x + "/" + z: null

16-05-2025T10:07:22 - [TEST_STEP][PASSED] - z = getText(findTestObject(path + path2 + "Факт Отпуск в сеть за отчётный период " + dZONum)).replaceAll("\s+", ""): Text of object 'Object Repository/Выполнение бизнес-плана/Значения со страницы Выполнение бизнес-плана/Table Data/Факт Отпуск в сеть за отчётный период 8' is: '901 140'

16-05-2025T10:07:23 - [MESSAGE][PASSED] - Text of object 'Object Repository/Выполнение бизнес-плана/Значения со страницы Выполнение бизнес-плана/Table Data/Факт Отпуск в сеть за отчётный период 8' is: '901 140'

16-05-2025T10:07:23 - [TEST_STEP][PASSED] - println("z=" + z): null

16-05-2025T10:07:23 - [TEST_STEP][PASSED] - x = x + "/" + z: null

16-05-2025T10:07:23 - [TEST_STEP][PASSED] - z = getText(findTestObject(path + path2 + "Факт Отпуск из сети за отчётный период " + dZONum)).replaceAll("\s+", ""): Text of object 'Object Repository/Выполнение бизнес-плана/Значения со страницы Выполнение бизнес-плана/Table Data/Факт Отпуск из сети за отчётный период 8' is: '821 181'

16-05-2025T10:07:23 - [MESSAGE][PASSED] - Text of object 'Object Repository/Выполнение бизнес-плана/Значения со страницы Выполнение бизнес-плана/Table Data/Факт Отпуск из сети за отчётный период 8' is: '821 181'

16-05-2025T10:07:23 - [TEST_STEP][PASSED] - x = x + "/" + z: null

16-05-2025T10:07:23 - [TEST_STEP][PASSED] - z = getText(findTestObject(path + path2 + "Факт Потери за отчётный период " + dZONum)).replaceAll("\s+", ""): Text of object 'Object Repository/Выполнение бизнес-плана/Значения со страницы Выполнение бизнес-плана/Table Data/Факт Потери за отчётный период 8' is: '79 959'

16-05-2025T10:07:23 - [MESSAGE][PASSED] - Text of object 'Object Repository/Выполнение бизнес-плана/Значения со страницы Выполнение бизнес-плана/Table Data/Факт Потери за отчётный период 8' is: '79 959'

16-05-2025T10:07:23 - [TEST_STEP][PASSED] - x = x + "/" + z: null

16-05-2025T10:07:23 - [TEST_STEP][PASSED] - z = getText(findTestObject(path + path2 + "План Отпуск в сеть за отчётный период " + dZONum)).replaceAll("\s+", ""): Text of object 'Object Repository/Выполнение бизнес-плана/Значения со страницы Выполнение бизнес-плана/Table Data/План Отпуск в сеть за отчётный период 8' is: '908 608'

16-05-2025T10:07:24 - [MESSAGE][PASSED] - Text of object 'Object Repository/Выполнение бизнес-плана/Значения со страницы Выполнение бизнес-плана/Table Data/План Отпуск в сеть за отчётный период 8' is: '908 608'

16-05-2025T10:07:24 - [TEST_STEP][PASSED] - x = x + "/" + z: null

16-05-2025T10:07:24 - [TEST_STEP][PASSED] - z = getText(findTestObject(path + path2 + "План Отпуск из сети за отчётный период " + dZONum)).replaceAll("\s+", ""): Text of object 'Object Repository/Выполнение бизнес-плана/Значения со страницы Выполнение бизнес-плана/Table Data/План Отпуск из сети за отчётный период 8' is: '814 188'

16-05-2025T10:07:24 - [MESSAGE][PASSED] - Text of object 'Object Repository/Выполнение бизнес-плана/Значения со страницы Выполнение бизнес-плана/Table Data/План Отпуск из сети за отчётный период 8' is: '814 188'

16-05-2025T10:07:24 - [TEST_STEP][PASSED] - x = x + "/" + z: null

16-05-2025T10:07:24 - [TEST_STEP][PASSED] - z = getText(findTestObject(path + path2 + "План Потери за отчётный период " + dZONum)).replaceAll("\s+", ""): Text of object 'Object Repository/Выполнение бизнес-плана/Значения со страницы Выполнение бизнес-плана/Table Data/План Потери за отчётный период 8' is: '94 420'

16-05-2025T10:07:24 - [MESSAGE][PASSED] - Text of object 'Object Repository/Выполнение бизнес-плана/Значения со страницы Выполнение бизнес-плана/Table Data/План Потери за отчётный период 8' is: '94 420'

16-05-2025T10:07:24 - [TEST_STEP][PASSED] - x = x + "/" + z: null

16-05-2025T10:07:24 - [TEST_STEP][PASSED] - z = getText(findTestObject(path + "Список ДЗО 2")).replaceAll("[\r?
|
]", "/"): Text of object 'Object Repository/Выполнение бизнес-плана/Список ДЗО 2' is: '0.05
-0.99
-0.40
-1.51
-0.19
-0.38
-0.25
-1.05
-0.60
-1.44
-1.52
Россети ФСК ЕЭС
Россети Волга
Россети Московскийрегион
Россети Северо-Запад
Россети Томск
Россети Тюмень
Россети Урал (ГК)
Россети Центр (ГК)
Россети Центр иПриволжье (ГК)
Россети Юг (ГК)
Россети Янтарь
-2
0
2
4
6
8'

16-05-2025T10:07:25 - [MESSAGE][PASSED] - Text of object 'Object Repository/Выполнение бизнес-плана/Список ДЗО 2' is: '0.05
-0.99
-0.40
-1.51
-0.19
-0.38
-0.25
-1.05
-0.60
-1.44
-1.52
Россети ФСК ЕЭС
Россети Волга
Россети Московскийрегион
Россети Северо-Запад
Россети Томск
Россети Тюмень
Россети Урал (ГК)
Россети Центр (ГК)
Россети Центр иПриволжье (ГК)
Россети Юг (ГК)
Россети Янтарь
-2
0
2
4
6
8'

16-05-2025T10:07:25 - [TEST_STEP][PASSED] - strToManage = z: null

16-05-2025T10:07:25 - [TEST_STEP][PASSED] - ii = strToManage.indexOf("ГК"): null

16-05-2025T10:07:25 - [TEST_STEP][PASSED] - if (ii > -1): null

16-05-2025T10:07:25 - [TEST_STEP][PASSED] - for ([i1 = 1, i1 > -1, (i1--)]): null

16-05-2025T10:07:25 - [TEST_STEP][PASSED] - strToManage = strToManage.substring(0, strToManage.indexOf("ГК") - 1) + strToManage.substring(strToManage.indexOf("ГК") + 3): null

16-05-2025T10:07:25 - [TEST_STEP][PASSED] - println("strToManage count i1: " + strToManage): null

16-05-2025T10:07:25 - [TEST_STEP][PASSED] - i1 = strToManage.count("ГК"): null

16-05-2025T10:07:25 - [TEST_STEP][PASSED] - println("i1: " + i1): null

16-05-2025T10:07:25 - [TEST_STEP][PASSED] - strToManage = strToManage.substring(0, strToManage.indexOf("ГК") - 1) + strToManage.substring(strToManage.indexOf("ГК") + 3): null

16-05-2025T10:07:25 - [TEST_STEP][PASSED] - println("strToManage count i1: " + strToManage): null

16-05-2025T10:07:25 - [TEST_STEP][PASSED] - i1 = strToManage.count("ГК"): null

16-05-2025T10:07:25 - [TEST_STEP][PASSED] - println("i1: " + i1): null

16-05-2025T10:07:25 - [TEST_STEP][PASSED] - strToManage = strToManage.substring(0, strToManage.indexOf("ГК") - 1) + strToManage.substring(strToManage.indexOf("ГК") + 3): null

16-05-2025T10:07:25 - [TEST_STEP][PASSED] - println("strToManage count i1: " + strToManage): null

16-05-2025T10:07:25 - [TEST_STEP][PASSED] - i1 = strToManage.count("ГК"): null

16-05-2025T10:07:25 - [TEST_STEP][PASSED] - println("i1: " + i1): null

16-05-2025T10:07:25 - [TEST_STEP][PASSED] - strToManage = strToManage.substring(0, strToManage.indexOf("ГК") - 1) + strToManage.substring(strToManage.indexOf("ГК") + 3): null

16-05-2025T10:07:25 - [TEST_STEP][PASSED] - println("strToManage count i1: " + strToManage): null

16-05-2025T10:07:25 - [TEST_STEP][PASSED] - i1 = strToManage.count("ГК"): null

16-05-2025T10:07:25 - [TEST_STEP][PASSED] - println("i1: " + i1): null

16-05-2025T10:07:25 - [TEST_STEP][PASSED] - z = strToManage: null

16-05-2025T10:07:25 - [TEST_STEP][PASSED] - println("z: " + z): null

16-05-2025T10:07:25 - [TEST_STEP][PASSED] - lettersStart = z.indexOf("Россети"): null

16-05-2025T10:07:25 - [TEST_STEP][PASSED] - strToManage = z.substring(lettersStart, z.length()): null

16-05-2025T10:07:25 - [TEST_STEP][PASSED] - println("strToManage: " + strToManage): null

16-05-2025T10:07:25 - [TEST_STEP][PASSED] - dZONames = strToManage: null

16-05-2025T10:07:25 - [TEST_STEP][PASSED] - strToManage = strToManage.replaceAll("[а-яА-Я]", ""): null

16-05-2025T10:07:25 - [TEST_STEP][PASSED] - println("strToManage after letters: " + strToManage): null

16-05-2025T10:07:25 - [TEST_STEP][PASSED] - strToManage = replaceAll(" ", "").replaceAll("/-/", ""): null

16-05-2025T10:07:25 - [TEST_STEP][PASSED] - println("strToManage: " + strToManage): null

16-05-2025T10:07:25 - [TEST_STEP][PASSED] - strToManage = strToManage.substring(strToManage.lastIndexOf("//") + 1, strToManage.length()): null

16-05-2025T10:07:25 - [TEST_STEP][PASSED] - println("strToManage: " + strToManage): null

16-05-2025T10:07:25 - [TEST_STEP][PASSED] - ii = z.indexOf(strToManage): null

16-05-2025T10:07:25 - [TEST_STEP][PASSED] - if (ii > -1): null

16-05-2025T10:07:25 - [TEST_STEP][PASSED] - z = z.substring(0, ii) + "/": null

16-05-2025T10:07:25 - [TEST_STEP][PASSED] - println("z: " + z): null

16-05-2025T10:07:25 - [TEST_STEP][PASSED] - println("dZONum: " + dZONum): null

16-05-2025T10:07:25 - [TEST_STEP][PASSED] - strToManage = dZO: null

16-05-2025T10:07:25 - [TEST_STEP][PASSED] - if (strToManage.indexOf("(ГК)") > -1): null

16-05-2025T10:07:25 - [TEST_STEP][PASSED] - strToManage = replaceAll("\p{P}", "").replaceAll("\s+", ""): null

16-05-2025T10:07:25 - [TEST_STEP][PASSED] - println("strToManage: " + strToManage): null

16-05-2025T10:07:25 - [TEST_STEP][PASSED] - if (replaceAll("\s+", "").indexOf(strToManage) > -1): null

16-05-2025T10:07:25 - [TEST_STEP][PASSED] - dZONames = replaceAll("-", "").replaceAll("//", ""): null

16-05-2025T10:07:25 - [TEST_STEP][PASSED] - println("dZONames: " + dZONames): null

16-05-2025T10:07:25 - [TEST_STEP][PASSED] - dZONumOtk = 1: null

16-05-2025T10:07:25 - [TEST_STEP][PASSED] - ii = dZONames.indexOf(strToManage): null

16-05-2025T10:07:25 - [TEST_STEP][PASSED] - if (strToManage != "ФСК"): null

16-05-2025T10:07:25 - [TEST_STEP][PASSED] - if (ii > -1): null

16-05-2025T10:07:25 - [TEST_STEP][PASSED] - for ([i1 = 1, ii > -1, (i1++)]): null

16-05-2025T10:07:25 - [TEST_STEP][PASSED] - dZONames = dZONames.substring(dZONames.indexOf("/") + 1, dZONames.length()): null

16-05-2025T10:07:25 - [TEST_STEP][PASSED] - ii = dZONames.lastIndexOf("/"): null

16-05-2025T10:07:25 - [TEST_STEP][PASSED] - println("dZONames: " + dZONames): null

16-05-2025T10:07:25 - [TEST_STEP][PASSED] - dZONumOtk = dZONumOtk + 1: null

16-05-2025T10:07:25 - [TEST_STEP][PASSED] - println("dZONumOtk: " + dZONumOtk): null

16-05-2025T10:07:25 - [TEST_STEP][PASSED] - dZONames = dZONames.substring(dZONames.indexOf("/") + 1, dZONames.length()): null

16-05-2025T10:07:25 - [TEST_STEP][PASSED] - ii = dZONames.lastIndexOf("/"): null

16-05-2025T10:07:25 - [TEST_STEP][PASSED] - println("dZONames: " + dZONames): null

16-05-2025T10:07:25 - [TEST_STEP][PASSED] - dZONumOtk = dZONumOtk + 1: null

16-05-2025T10:07:25 - [TEST_STEP][PASSED] - println("dZONumOtk: " + dZONumOtk): null

16-05-2025T10:07:25 - [TEST_STEP][PASSED] - dZONames = dZONames.substring(dZONames.indexOf("/") + 1, dZONames.length()): null

16-05-2025T10:07:25 - [TEST_STEP][PASSED] - ii = dZONames.lastIndexOf("/"): null

16-05-2025T10:07:25 - [TEST_STEP][PASSED] - println("dZONames: " + dZONames): null

16-05-2025T10:07:25 - [TEST_STEP][PASSED] - dZONumOtk = dZONumOtk + 1: null

16-05-2025T10:07:25 - [TEST_STEP][PASSED] - println("dZONumOtk: " + dZONumOtk): null

16-05-2025T10:07:25 - [TEST_STEP][PASSED] - dZONames = dZONames.substring(dZONames.indexOf("/") + 1, dZONames.length()): null

16-05-2025T10:07:25 - [TEST_STEP][PASSED] - ii = dZONames.lastIndexOf("/"): null

16-05-2025T10:07:25 - [TEST_STEP][PASSED] - println("dZONames: " + dZONames): null

16-05-2025T10:07:25 - [TEST_STEP][PASSED] - dZONumOtk = dZONumOtk + 1: null

16-05-2025T10:07:25 - [TEST_STEP][PASSED] - println("dZONumOtk: " + dZONumOtk): null

16-05-2025T10:07:25 - [TEST_STEP][PASSED] - dZONames = dZONames.substring(dZONames.indexOf("/") + 1, dZONames.length()): null

16-05-2025T10:07:25 - [TEST_STEP][PASSED] - ii = dZONames.lastIndexOf("/"): null

16-05-2025T10:07:25 - [TEST_STEP][PASSED] - println("dZONames: " + dZONames): null

16-05-2025T10:07:25 - [TEST_STEP][PASSED] - dZONumOtk = dZONumOtk + 1: null

16-05-2025T10:07:25 - [TEST_STEP][PASSED] - println("dZONumOtk: " + dZONumOtk): null

16-05-2025T10:07:25 - [TEST_STEP][PASSED] - dZONames = dZONames.substring(dZONames.indexOf("/") + 1, dZONames.length()): null

16-05-2025T10:07:25 - [TEST_STEP][PASSED] - ii = dZONames.lastIndexOf("/"): null

16-05-2025T10:07:25 - [TEST_STEP][PASSED] - println("dZONames: " + dZONames): null

16-05-2025T10:07:25 - [TEST_STEP][PASSED] - dZONumOtk = dZONumOtk + 1: null

16-05-2025T10:07:25 - [TEST_STEP][PASSED] - println("dZONumOtk: " + dZONumOtk): null

16-05-2025T10:07:25 - [TEST_STEP][PASSED] - dZONames = dZONames.substring(dZONames.indexOf("/") + 1, dZONames.length()): null

16-05-2025T10:07:25 - [TEST_STEP][PASSED] - ii = dZONames.lastIndexOf("/"): null

16-05-2025T10:07:25 - [TEST_STEP][PASSED] - println("dZONames: " + dZONames): null

16-05-2025T10:07:25 - [TEST_STEP][PASSED] - dZONumOtk = dZONumOtk + 1: null

16-05-2025T10:07:25 - [TEST_STEP][PASSED] - println("dZONumOtk: " + dZONumOtk): null

16-05-2025T10:07:25 - [TEST_STEP][PASSED] - dZONames = dZONames.substring(dZONames.indexOf("/") + 1, dZONames.length()): null

16-05-2025T10:07:25 - [TEST_STEP][PASSED] - ii = dZONames.lastIndexOf("/"): null

16-05-2025T10:07:25 - [TEST_STEP][PASSED] - println("dZONames: " + dZONames): null

16-05-2025T10:07:25 - [TEST_STEP][PASSED] - dZONumOtk = dZONumOtk + 1: null

16-05-2025T10:07:25 - [TEST_STEP][PASSED] - println("dZONumOtk: " + dZONumOtk): null

16-05-2025T10:07:25 - [TEST_STEP][PASSED] - dZONames = dZONames.substring(dZONames.indexOf("/") + 1, dZONames.length()): null

16-05-2025T10:07:25 - [TEST_STEP][PASSED] - ii = dZONames.lastIndexOf("/"): null

16-05-2025T10:07:25 - [TEST_STEP][PASSED] - println("dZONames: " + dZONames): null

16-05-2025T10:07:25 - [TEST_STEP][PASSED] - dZONumOtk = dZONumOtk + 1: null

16-05-2025T10:07:25 - [TEST_STEP][PASSED] - println("dZONumOtk: " + dZONumOtk): null

16-05-2025T10:07:25 - [TEST_STEP][PASSED] - dZONames = dZONames.substring(dZONames.indexOf("/") + 1, dZONames.length()): null

16-05-2025T10:07:25 - [TEST_STEP][PASSED] - ii = dZONames.lastIndexOf("/"): null

16-05-2025T10:07:25 - [TEST_STEP][PASSED] - println("dZONames: " + dZONames): null

16-05-2025T10:07:25 - [TEST_STEP][PASSED] - dZONumOtk = dZONumOtk + 1: null

16-05-2025T10:07:25 - [TEST_STEP][PASSED] - println("dZONumOtk: " + dZONumOtk): null

16-05-2025T10:07:25 - [TEST_STEP][PASSED] - if (z.indexOf("//") > -1): null

16-05-2025T10:07:25 - [TEST_STEP][PASSED] - println("z: " + z): null

16-05-2025T10:07:25 - [TEST_STEP][PASSED] - for ([ii = 1, ii < dZONumOtk, (ii++)]): null

16-05-2025T10:07:25 - [TEST_STEP][PASSED] - i1 = z.indexOf("/") + 1: null

16-05-2025T10:07:25 - [TEST_STEP][PASSED] - z = z.substring(i1, z.length()): null

16-05-2025T10:07:25 - [TEST_STEP][PASSED] - println("ii: " + ii): null

16-05-2025T10:07:25 - [TEST_STEP][PASSED] - println("z: " + z): null

16-05-2025T10:07:25 - [TEST_STEP][PASSED] - i1 = z.indexOf("/") + 1: null

16-05-2025T10:07:25 - [TEST_STEP][PASSED] - z = z.substring(i1, z.length()): null

16-05-2025T10:07:25 - [TEST_STEP][PASSED] - println("ii: " + ii): null

16-05-2025T10:07:25 - [TEST_STEP][PASSED] - println("z: " + z): null

16-05-2025T10:07:25 - [TEST_STEP][PASSED] - i1 = z.indexOf("/") + 1: null

16-05-2025T10:07:25 - [TEST_STEP][PASSED] - z = z.substring(i1, z.length()): null

16-05-2025T10:07:25 - [TEST_STEP][PASSED] - println("ii: " + ii): null

16-05-2025T10:07:25 - [TEST_STEP][PASSED] - println("z: " + z): null

16-05-2025T10:07:25 - [TEST_STEP][PASSED] - i1 = z.indexOf("/") + 1: null

16-05-2025T10:07:25 - [TEST_STEP][PASSED] - z = z.substring(i1, z.length()): null

16-05-2025T10:07:25 - [TEST_STEP][PASSED] - println("ii: " + ii): null

16-05-2025T10:07:25 - [TEST_STEP][PASSED] - println("z: " + z): null

16-05-2025T10:07:25 - [TEST_STEP][PASSED] - i1 = z.indexOf("/") + 1: null

16-05-2025T10:07:25 - [TEST_STEP][PASSED] - z = z.substring(i1, z.length()): null

16-05-2025T10:07:25 - [TEST_STEP][PASSED] - println("ii: " + ii): null

16-05-2025T10:07:25 - [TEST_STEP][PASSED] - println("z: " + z): null

16-05-2025T10:07:25 - [TEST_STEP][PASSED] - i1 = z.indexOf("/") + 1: null

16-05-2025T10:07:25 - [TEST_STEP][PASSED] - z = z.substring(i1, z.length()): null

16-05-2025T10:07:25 - [TEST_STEP][PASSED] - println("ii: " + ii): null

16-05-2025T10:07:25 - [TEST_STEP][PASSED] - println("z: " + z): null

16-05-2025T10:07:25 - [TEST_STEP][PASSED] - i1 = z.indexOf("/") + 1: null

16-05-2025T10:07:25 - [TEST_STEP][PASSED] - z = z.substring(i1, z.length()): null

16-05-2025T10:07:25 - [TEST_STEP][PASSED] - println("ii: " + ii): null

16-05-2025T10:07:25 - [TEST_STEP][PASSED] - println("z: " + z): null

16-05-2025T10:07:25 - [TEST_STEP][PASSED] - i1 = z.indexOf("/") + 1: null

16-05-2025T10:07:25 - [TEST_STEP][PASSED] - z = z.substring(i1, z.length()): null

16-05-2025T10:07:25 - [TEST_STEP][PASSED] - println("ii: " + ii): null

16-05-2025T10:07:25 - [TEST_STEP][PASSED] - println("z: " + z): null

16-05-2025T10:07:25 - [TEST_STEP][PASSED] - i1 = z.indexOf("/") + 1: null

16-05-2025T10:07:25 - [TEST_STEP][PASSED] - z = z.substring(i1, z.length()): null

16-05-2025T10:07:25 - [TEST_STEP][PASSED] - println("ii: " + ii): null

16-05-2025T10:07:25 - [TEST_STEP][PASSED] - println("z: " + z): null

16-05-2025T10:07:25 - [TEST_STEP][PASSED] - i1 = z.indexOf("/") + 1: null

16-05-2025T10:07:25 - [TEST_STEP][PASSED] - z = z.substring(i1, z.length()): null

16-05-2025T10:07:25 - [TEST_STEP][PASSED] - println("ii: " + ii): null

16-05-2025T10:07:25 - [TEST_STEP][PASSED] - println("z: " + z): null

16-05-2025T10:07:25 - [TEST_STEP][PASSED] - z = z.substring(0, z.indexOf("/")): null

16-05-2025T10:07:25 - [TEST_STEP][PASSED] - println("z: " + z): null

16-05-2025T10:07:25 - [TEST_STEP][PASSED] - x = x + "/" + z: null

16-05-2025T10:07:25 - [TEST_STEP][PASSED] - x = x.replaceAll("[\r?
|
]", ""): null

16-05-2025T10:07:25 - [TEST_STEP][PASSED] - println("x =" + x): null

16-05-2025T10:07:25 - [TEST_STEP][PASSED] - return x: null

16-05-2025T10:07:25 - [TEST_STEP][PASSED] - println("yR: " + yR): null

16-05-2025T10:07:25 - [TEST_STEP][PASSED] - blockNum = 2: null

16-05-2025T10:07:25 - [TEST_STEP][PASSED] - path = "Object Repository/Выполнение бизнес-плана/Выполнение бизнес-плана Балансы/": null

16-05-2025T10:07:25 - [TEST_STEP][PASSED] - Script1719299571342.Presettings(blockNum, path): null

16-05-2025T10:07:25 - [TEST_STEP][PASSED] - blockNumber = <not implemented yet for class: org.codehaus.groovy.ast.expr.EmptyExpression>: null

16-05-2025T10:07:25 - [TEST_STEP][PASSED] - urlText = <not implemented yet for class: org.codehaus.groovy.ast.expr.EmptyExpression>: null

16-05-2025T10:07:25 - [TEST_STEP][PASSED] - searchWord = <not implemented yet for class: org.codehaus.groovy.ast.expr.EmptyExpression>: null

16-05-2025T10:07:25 - [TEST_STEP][PASSED] - i = <not implemented yet for class: org.codehaus.groovy.ast.expr.EmptyExpression>: null

16-05-2025T10:07:25 - [TEST_STEP][PASSED] - ii = <not implemented yet for class: org.codehaus.groovy.ast.expr.EmptyExpression>: null

16-05-2025T10:07:25 - [TEST_STEP][PASSED] - openBrowser(""): Browser is opened with url: ''

16-05-2025T10:07:25 - [MESSAGE][WARNING] - A browser is already opened. Closing browser and opening a new one

16-05-2025T10:07:25 - [MESSAGE][INFO] - Starting 'Chrome' driver

16-05-2025T10:07:25 - [MESSAGE][INFO] - Action delay is set to 0 milliseconds

16-05-2025T10:07:26 - [MESSAGE][PASSED] - Browser is opened with url: ''

16-05-2025T10:07:26 - [TEST_STEP][PASSED] - if (blockNum == 1): null

16-05-2025T10:07:26 - [TEST_STEP][PASSED] - else: null

16-05-2025T10:07:26 - [TEST_STEP][PASSED] - path = "Object Repository/Выполнение бизнес-плана/Выполнение бизнес-плана Балансы/": null

16-05-2025T10:07:26 - [TEST_STEP][PASSED] - blockNumber = 4: null

16-05-2025T10:07:26 - [TEST_STEP][PASSED] - navigateToUrl(findTestData("PlanFact").getValue(10, blockNumber)): Navigate to 'https://bi.rosseti.digital/viewer?dashboardGuid=5ed11b2f4eb2434fa5c5ff1537a71532&sheetGuid=0d90a67b6f664f58b2e6cf8ff5d9a66c&fit=true' successfully

16-05-2025T10:07:28 - [MESSAGE][PASSED] - Navigate to 'https://bi.rosseti.digital/viewer?dashboardGuid=5ed11b2f4eb2434fa5c5ff1537a71532&sheetGuid=0d90a67b6f664f58b2e6cf8ff5d9a66c&fit=true' successfully

16-05-2025T10:07:28 - [TEST_STEP][PASSED] - urlText = getText(findTestObject("Страница авторизации/Text")): Text of object 'Object Repository/Страница авторизации/Text' is: 'Вход'

16-05-2025T10:07:29 - [MESSAGE][PASSED] - Text of object 'Object Repository/Страница авторизации/Text' is: 'Вход'

16-05-2025T10:07:29 - [TEST_STEP][PASSED] - delay(10): Delayed 10 second(s)

16-05-2025T10:07:39 - [MESSAGE][PASSED] - Delayed 10 second(s)

16-05-2025T10:07:39 - [TEST_STEP][PASSED] - searchWord = "Вход": null

16-05-2025T10:07:39 - [TEST_STEP][PASSED] - if (urlText.contains(searchWord) == false): null

16-05-2025T10:07:39 - [TEST_STEP][PASSED] - setText(findTestObject("Страница авторизации/input__username"), findTestData("PlanFact").getValue(8, 1)): Text 'liazgina-di' is set on object 'Object Repository/Страница авторизации/input__username'

16-05-2025T10:07:40 - [MESSAGE][PASSED] - Text 'liazgina-di' is set on object 'Object Repository/Страница авторизации/input__username'

16-05-2025T10:07:40 - [TEST_STEP][PASSED] - setText(findTestObject("Страница авторизации/input__password"), findTestData("PlanFact").getValue(9, 1)): Text ')$%5srZ8o688Dm#q' is set on object 'Object Repository/Страница авторизации/input__password'

16-05-2025T10:07:40 - [MESSAGE][PASSED] - Text ')$%5srZ8o688Dm#q' is set on object 'Object Repository/Страница авторизации/input__password'

16-05-2025T10:07:40 - [TEST_STEP][PASSED] - click(findTestObject("Страница авторизации/button_")): Object: 'Object Repository/Страница авторизации/button_' is clicked on

16-05-2025T10:07:41 - [MESSAGE][PASSED] - Object: 'Object Repository/Страница авторизации/button_' is clicked on

16-05-2025T10:07:41 - [TEST_STEP][PASSED] - delay(50): Delayed 50 second(s)

16-05-2025T10:08:31 - [MESSAGE][PASSED] - Delayed 50 second(s)

16-05-2025T10:08:31 - [TEST_STEP][PASSED] - searchWord = "ДЗО": null

16-05-2025T10:08:31 - [TEST_STEP][PASSED] - urlText = getText(findTestObject("Страница авторизации/Text")): Text of object 'Object Repository/Страница авторизации/Text' is: 'ДЗО 
ПАО Россети
Период
1 кв. 2025 года

Показатели баланса электроэнергии по ДЗО – Факт
164 602 454 4 949 974 28 695 297 6 258 254 1 364 454 19 698 947 3 467 484 901 140
158 511 723 4 641 851 26 113 910 5 931 711 1 220 439 18 393 144 3 141 633 821 181
6 090 730 308 123 2 581 387 326 542 144 015 1 305 803 325 852 79 959
Итого
п.п.
3.19
0
1
2
3
4
Итого
%
5.01 5.01
8.20 8.20
1
100

Выполнение бизнес-плана в части показателя «Уровень потерь электроэнергии»
Итого – Факт
Отпуск в сеть 136 160 386
Отпуск из сети 124 997 975
Потери 11 162 411
Статус данных
Просьба обратить внимание
— данные занесены не полностью
Показатели баланса электроэнергии по ДЗО – План
167 925 540 5 172 896 30 256 406 6 540 566 1 428 476 20 275 424 3 760 351 908 608
161 793 849 4 799 582 27 414 523 6 100 575 1 275 060 18 878 242 3 352 866 814 188
6 131 691 373 314 2 841 883 439 991 153 416 1 397 182 407 485 94 420
Факт
План
Итого – План
Отпуск в сеть 236 268 268
Отпуск из сети 224 428 885
Потери 11 839 383
● Бизнес-план выполнен● ●● Превышение бизнес-плана
Отклонения фактического уровня потерь от бизнес-плана за 3 месяца (нарастающим итогом), п.п.
-0.0-0.0
-1.0-1.0
-0.4-0.4
-2.5-2.5
-0.3-0.3
-0.2-0.2
-0.3-0.3
-2.6-2.6
-1.9-1.9
-1.4-1.4
-2.4-2.4
0.10.1
-0.7-0.7
-1.5-1.5
-0.2-0.2
-0.4-0.4
-0.5-0.5
-1.8-1.8
-1.5-1.5
-1.5-1.5
0.10.1
-1.0-1.0
-0.4-0.4
-1.5-1.5
-0.2-0.2
-0.3-0.3
-1.4-1.4
-1.5-1.5
-0.2-0.2
-0.3-0.3
-1.0-1.0
-0.6-0.6
Россети ФСКЕЭС
АО«Тываэнерго»
АО«Чеченэнерго»
Россети Волга
РоссетиКубань
РоссетиЛенэнерго (ГК)
РоссетиМосковскийрегион
РоссетиСеверныйКавказ (ГК)
Россети Северо-Запад
Россети Сибирь(ГК)
Россети Томск
Россети Тюмень
Россети Урал(ГК)
Россети Центр
Россети Центр иПриволжье (ГК)
Россети Юг (Г…
РоссетиЯнтарь
-2
0
-4
2
Отклонения фактического уровня потерь от бизнес-плана, п.п. 
0.05
-0.99
-0.40
-1.51
-0.19
-0.25
-1.44
-1.52
Россети ФСК ЕЭС
Россети Волга
Россети Московский регион
Россети Северо-Запад
Россети Томск
Россети Урал (ГК)
Россети Юг (ГК)
Россети Янтарь
-2
-1
0
1
2
3
4
5
6
7
Уровень потерь электроэнергии 
Россети ФСК ЕЭС
Россети Волга
Россети Московский регион
Россети Северо-Запад
Россети Томск
Россети Урал (ГК)
Россети Юг (ГК)
Россети Янтарь
0
10
20
30
40
50
60
70
3.79
7.22
|
9.39
|
6.73
|
10.74
|
6.88
|
10.84
|
10.39
|
3.84
|
6.22
9.00
5.22
10.55
6.63
9.40
8.87
● Отрицательные/нулевые отклонения● ● ● ● Положительные отклонения
п.п.
Отклонения фактического уровня потерь от бизнес-плана за 3 месяца (нарастающим итогом)
Итого по ФСК Е…
Калмэнерго
Карельский филиал
Кубаньэнерго
Ленинградская область
Мордовэнерго
Московская область
Мурманский филиал
Новгородский филиал
Оренбургэнерго
Пензаэнерго
Пермэнерго
Псковский филиал
Россети Янтарь
Ростовэнерго
Самарские РС
Саратовские РС
Свердловэнерго
Тверьэнерго
Томская распределительная компания
Ульяновские РС
Челябэнерго
Чувашэнерго
г. Москва
г. Санкт-Петербург
филиал в Республике Коми
АО «ВМЭС»
АО ЕЭСК
Архангельский филиал
Астраханьэнерго
Волгоградэнерго
Вологодский филиал'

16-05-2025T10:08:33 - [MESSAGE][PASSED] - Text of object 'Object Repository/Страница авторизации/Text' is: 'ДЗО 
ПАО Россети
Период
1 кв. 2025 года

Показатели баланса электроэнергии по ДЗО – Факт
164 602 454 4 949 974 28 695 297 6 258 254 1 364 454 19 698 947 3 467 484 901 140
158 511 723 4 641 851 26 113 910 5 931 711 1 220 439 18 393 144 3 141 633 821 181
6 090 730 308 123 2 581 387 326 542 144 015 1 305 803 325 852 79 959
Итого
п.п.
3.19
0
1
2
3
4
Итого
%
5.01 5.01
8.20 8.20
1
100

Выполнение бизнес-плана в части показателя «Уровень потерь электроэнергии»
Итого – Факт
Отпуск в сеть 136 160 386
Отпуск из сети 124 997 975
Потери 11 162 411
Статус данных
Просьба обратить внимание
— данные занесены не полностью
Показатели баланса электроэнергии по ДЗО – План
167 925 540 5 172 896 30 256 406 6 540 566 1 428 476 20 275 424 3 760 351 908 608
161 793 849 4 799 582 27 414 523 6 100 575 1 275 060 18 878 242 3 352 866 814 188
6 131 691 373 314 2 841 883 439 991 153 416 1 397 182 407 485 94 420
Факт
План
Итого – План
Отпуск в сеть 236 268 268
Отпуск из сети 224 428 885
Потери 11 839 383
● Бизнес-план выполнен● ●● Превышение бизнес-плана
Отклонения фактического уровня потерь от бизнес-плана за 3 месяца (нарастающим итогом), п.п.
-0.0-0.0
-1.0-1.0
-0.4-0.4
-2.5-2.5
-0.3-0.3
-0.2-0.2
-0.3-0.3
-2.6-2.6
-1.9-1.9
-1.4-1.4
-2.4-2.4
0.10.1
-0.7-0.7
-1.5-1.5
-0.2-0.2
-0.4-0.4
-0.5-0.5
-1.8-1.8
-1.5-1.5
-1.5-1.5
0.10.1
-1.0-1.0
-0.4-0.4
-1.5-1.5
-0.2-0.2
-0.3-0.3
-1.4-1.4
-1.5-1.5
-0.2-0.2
-0.3-0.3
-1.0-1.0
-0.6-0.6
Россети ФСКЕЭС
АО«Тываэнерго»
АО«Чеченэнерго»
Россети Волга
РоссетиКубань
РоссетиЛенэнерго (ГК)
РоссетиМосковскийрегион
РоссетиСеверныйКавказ (ГК)
Россети Северо-Запад
Россети Сибирь(ГК)
Россети Томск
Россети Тюмень
Россети Урал(ГК)
Россети Центр
Россети Центр иПриволжье (ГК)
Россети Юг (Г…
РоссетиЯнтарь
-2
0
-4
2
Отклонения фактического уровня потерь от бизнес-плана, п.п. 
0.05
-0.99
-0.40
-1.51
-0.19
-0.25
-1.44
-1.52
Россети ФСК ЕЭС
Россети Волга
Россети Московский регион
Россети Северо-Запад
Россети Томск
Россети Урал (ГК)
Россети Юг (ГК)
Россети Янтарь
-2
-1
0
1
2
3
4
5
6
7
Уровень потерь электроэнергии 
Россети ФСК ЕЭС
Россети Волга
Россети Московский регион
Россети Северо-Запад
Россети Томск
Россети Урал (ГК)
Россети Юг (ГК)
Россети Янтарь
0
10
20
30
40
50
60
70
3.79
7.22
|
9.39
|
6.73
|
10.74
|
6.88
|
10.84
|
10.39
|
3.84
|
6.22
9.00
5.22
10.55
6.63
9.40
8.87
● Отрицательные/нулевые отклонения● ● ● ● Положительные отклонения
п.п.
Отклонения фактического уровня потерь от бизнес-плана за 3 месяца (нарастающим итогом)
Итого по ФСК Е…
Калмэнерго
Карельский филиал
Кубаньэнерго
Ленинградская область
Мордовэнерго
Московская область
Мурманский филиал
Новгородский филиал
Оренбургэнерго
Пензаэнерго
Пермэнерго
Псковский филиал
Россети Янтарь
Ростовэнерго
Самарские РС
Саратовские РС
Свердловэнерго
Тверьэнерго
Томская распределительная компания
Ульяновские РС
Челябэнерго
Чувашэнерго
г. Москва
г. Санкт-Петербург
филиал в Республике Коми
АО «ВМЭС»
АО ЕЭСК
Архангельский филиал
Астраханьэнерго
Волгоградэнерго
Вологодский филиал'

16-05-2025T10:08:33 - [TEST_STEP][PASSED] - if (urlText.contains("ошибка") || urlText.contains(searchWord) == false): null

16-05-2025T10:08:33 - [TEST_STEP][PASSED] - Script1719299571342.ZakrytOpoveshenie(): null

16-05-2025T10:08:33 - [TEST_STEP][PASSED] - opoveshenie = getText(findTestObject("Выполнение бизнес-плана/Просьба обратить внимание")): Text of object 'Object Repository/Выполнение бизнес-плана/Просьба обратить внимание' is: 'Просьба обратить внимание'

16-05-2025T10:08:33 - [MESSAGE][PASSED] - Text of object 'Object Repository/Выполнение бизнес-плана/Просьба обратить внимание' is: 'Просьба обратить внимание'

16-05-2025T10:08:33 - [TEST_STEP][PASSED] - if (opoveshenie == "Просьба обратить внимание"): Object: 'Object Repository/Выполнение бизнес-плана/Закрыть оповещение' is clicked on

16-05-2025T10:08:33 - [TEST_STEP][PASSED] - click(findTestObject("Выполнение бизнес-плана/Закрыть оповещение")): Object: 'Object Repository/Выполнение бизнес-плана/Закрыть оповещение' is clicked on

16-05-2025T10:08:34 - [MESSAGE][PASSED] - Object: 'Object Repository/Выполнение бизнес-плана/Закрыть оповещение' is clicked on

16-05-2025T10:08:34 - [TEST_STEP][PASSED] - click(findTestObject(path + "Фильтр Дата")): Object: 'Object Repository/Выполнение бизнес-плана/Выполнение бизнес-плана Балансы/Фильтр Дата' is clicked on

16-05-2025T10:08:34 - [MESSAGE][PASSED] - Object: 'Object Repository/Выполнение бизнес-плана/Выполнение бизнес-плана Балансы/Фильтр Дата' is clicked on

16-05-2025T10:08:34 - [TEST_STEP][PASSED] - click(findTestObject(path + "Снять выделение в фильтре Дата")): Object: 'Object Repository/Выполнение бизнес-плана/Выполнение бизнес-плана Балансы/Снять выделение в фильтре Дата' is clicked on

16-05-2025T10:08:35 - [MESSAGE][PASSED] - Object: 'Object Repository/Выполнение бизнес-плана/Выполнение бизнес-плана Балансы/Снять выделение в фильтре Дата' is clicked on

16-05-2025T10:08:35 - [TEST_STEP][PASSED] - click(findTestObject(path + "Применить в фильтре Дата")): Object: 'Object Repository/Выполнение бизнес-плана/Выполнение бизнес-плана Балансы/Применить в фильтре Дата' is clicked on

16-05-2025T10:08:36 - [MESSAGE][PASSED] - Object: 'Object Repository/Выполнение бизнес-плана/Выполнение бизнес-плана Балансы/Применить в фильтре Дата' is clicked on

16-05-2025T10:08:36 - [TEST_STEP][PASSED] - delay(50): Delayed 50 second(s)

16-05-2025T10:09:26 - [MESSAGE][PASSED] - Delayed 50 second(s)

16-05-2025T10:09:26 - [TEST_STEP][PASSED] - Script1719299571342.ZakrytOpoveshenie(): null

16-05-2025T10:09:26 - [TEST_STEP][PASSED] - opoveshenie = getText(findTestObject("Выполнение бизнес-плана/Просьба обратить внимание")): Text of object 'Object Repository/Выполнение бизнес-плана/Просьба обратить внимание' is: 'Просьба обратить внимание'

16-05-2025T10:09:26 - [MESSAGE][PASSED] - Text of object 'Object Repository/Выполнение бизнес-плана/Просьба обратить внимание' is: 'Просьба обратить внимание'

16-05-2025T10:09:26 - [TEST_STEP][PASSED] - if (opoveshenie == "Просьба обратить внимание"): Object: 'Object Repository/Выполнение бизнес-плана/Закрыть оповещение' is clicked on

16-05-2025T10:09:26 - [TEST_STEP][PASSED] - click(findTestObject("Выполнение бизнес-плана/Закрыть оповещение")): Object: 'Object Repository/Выполнение бизнес-плана/Закрыть оповещение' is clicked on

16-05-2025T10:09:26 - [MESSAGE][PASSED] - Object: 'Object Repository/Выполнение бизнес-плана/Закрыть оповещение' is clicked on

16-05-2025T10:09:26 - [TEST_STEP][PASSED] - click(findTestObject(path + "Фильтр Дата")): Object: 'Object Repository/Выполнение бизнес-плана/Выполнение бизнес-плана Балансы/Фильтр Дата' is clicked on

16-05-2025T10:09:26 - [MESSAGE][PASSED] - Object: 'Object Repository/Выполнение бизнес-плана/Выполнение бизнес-плана Балансы/Фильтр Дата' is clicked on

16-05-2025T10:09:26 - [TEST_STEP][PASSED] - scrollToElement(findTestObject(path + "2025 список"), 30): Scroll to object 'Object Repository/Выполнение бизнес-плана/Выполнение бизнес-плана Балансы/2025 список' successfully

16-05-2025T10:09:27 - [MESSAGE][PASSED] - Scroll to object 'Object Repository/Выполнение бизнес-плана/Выполнение бизнес-плана Балансы/2025 список' successfully

16-05-2025T10:09:27 - [TEST_STEP][PASSED] - click(findTestObject(path + "2025 список")): Object: 'Object Repository/Выполнение бизнес-плана/Выполнение бизнес-плана Балансы/2025 список' is clicked on

16-05-2025T10:09:27 - [MESSAGE][PASSED] - Object: 'Object Repository/Выполнение бизнес-плана/Выполнение бизнес-плана Балансы/2025 список' is clicked on

16-05-2025T10:09:27 - [TEST_STEP][PASSED] - scrollToElement(findTestObject(path + "1 квартал 2025 список"), 30): Scroll to object 'Object Repository/Выполнение бизнес-плана/Выполнение бизнес-плана Балансы/1 квартал 2025 список' successfully

16-05-2025T10:09:28 - [MESSAGE][PASSED] - Scroll to object 'Object Repository/Выполнение бизнес-плана/Выполнение бизнес-плана Балансы/1 квартал 2025 список' successfully

16-05-2025T10:09:28 - [TEST_STEP][PASSED] - click(findTestObject(path + "1 квартал 2025")): Object: 'Object Repository/Выполнение бизнес-плана/Выполнение бизнес-плана Балансы/1 квартал 2025' is clicked on

16-05-2025T10:09:28 - [MESSAGE][PASSED] - Object: 'Object Repository/Выполнение бизнес-плана/Выполнение бизнес-плана Балансы/1 квартал 2025' is clicked on

16-05-2025T10:09:28 - [TEST_STEP][PASSED] - scrollToElement(findTestObject(path + "Заголовок дашборда"), 30): Scroll to object 'Object Repository/Выполнение бизнес-плана/Выполнение бизнес-плана Балансы/Заголовок дашборда' successfully

16-05-2025T10:09:29 - [MESSAGE][PASSED] - Scroll to object 'Object Repository/Выполнение бизнес-плана/Выполнение бизнес-плана Балансы/Заголовок дашборда' successfully

16-05-2025T10:09:29 - [TEST_STEP][PASSED] - click(findTestObject(path + "Применить в фильтре Дата")): Object: 'Object Repository/Выполнение бизнес-плана/Выполнение бизнес-плана Балансы/Применить в фильтре Дата' is clicked on

16-05-2025T10:09:30 - [MESSAGE][PASSED] - Object: 'Object Repository/Выполнение бизнес-плана/Выполнение бизнес-плана Балансы/Применить в фильтре Дата' is clicked on

16-05-2025T10:09:30 - [TEST_STEP][PASSED] - delay(30): Delayed 30 second(s)

16-05-2025T10:10:00 - [MESSAGE][PASSED] - Delayed 30 second(s)

16-05-2025T10:10:00 - [TEST_STEP][PASSED] - Script1719299571342.ZakrytOpoveshenie(): null

16-05-2025T10:10:00 - [TEST_STEP][PASSED] - opoveshenie = getText(findTestObject("Выполнение бизнес-плана/Просьба обратить внимание")): Text of object 'Object Repository/Выполнение бизнес-плана/Просьба обратить внимание' is: 'Просьба обратить внимание'

16-05-2025T10:10:00 - [MESSAGE][PASSED] - Text of object 'Object Repository/Выполнение бизнес-плана/Просьба обратить внимание' is: 'Просьба обратить внимание'

16-05-2025T10:10:00 - [TEST_STEP][PASSED] - if (opoveshenie == "Просьба обратить внимание"): Object: 'Object Repository/Выполнение бизнес-плана/Закрыть оповещение' is clicked on

16-05-2025T10:10:00 - [TEST_STEP][PASSED] - click(findTestObject("Выполнение бизнес-плана/Закрыть оповещение")): Object: 'Object Repository/Выполнение бизнес-плана/Закрыть оповещение' is clicked on

16-05-2025T10:10:00 - [MESSAGE][PASSED] - Object: 'Object Repository/Выполнение бизнес-плана/Закрыть оповещение' is clicked on

16-05-2025T10:10:00 - [TEST_STEP][PASSED] - click(findTestObject(path + "Фильтр ДЗО")): Object: 'Object Repository/Выполнение бизнес-плана/Выполнение бизнес-плана Балансы/Фильтр ДЗО' is clicked on

16-05-2025T10:10:01 - [MESSAGE][PASSED] - Object: 'Object Repository/Выполнение бизнес-плана/Выполнение бизнес-плана Балансы/Фильтр ДЗО' is clicked on

16-05-2025T10:10:01 - [TEST_STEP][PASSED] - click(findTestObject(path + "Снять выделение в фильтре ДЗО")): Object: 'Object Repository/Выполнение бизнес-плана/Выполнение бизнес-плана Балансы/Снять выделение в фильтре ДЗО' is clicked on

16-05-2025T10:10:01 - [MESSAGE][PASSED] - Object: 'Object Repository/Выполнение бизнес-плана/Выполнение бизнес-плана Балансы/Снять выделение в фильтре ДЗО' is clicked on

16-05-2025T10:10:01 - [TEST_STEP][PASSED] - click(findTestObject(path + "ПАО Россети")): Object: 'Object Repository/Выполнение бизнес-плана/Выполнение бизнес-плана Балансы/ПАО Россети' is clicked on

16-05-2025T10:10:02 - [MESSAGE][PASSED] - Object: 'Object Repository/Выполнение бизнес-плана/Выполнение бизнес-плана Балансы/ПАО Россети' is clicked on

16-05-2025T10:10:02 - [TEST_STEP][PASSED] - click(findTestObject(path + "Применить в фильтре ДЗО")): Object: 'Object Repository/Выполнение бизнес-плана/Выполнение бизнес-плана Балансы/Применить в фильтре ДЗО' is clicked on

16-05-2025T10:10:03 - [MESSAGE][PASSED] - Object: 'Object Repository/Выполнение бизнес-плана/Выполнение бизнес-плана Балансы/Применить в фильтре ДЗО' is clicked on

16-05-2025T10:10:03 - [TEST_STEP][PASSED] - delay(30): Delayed 30 second(s)

16-05-2025T10:10:33 - [MESSAGE][PASSED] - Delayed 30 second(s)

16-05-2025T10:10:33 - [TEST_STEP][PASSED] - pRB = GetAllPAOData(path, dZONum, VseDZO, z = "ПАО Россети/"): null

16-05-2025T10:10:33 - [TEST_STEP][PASSED] - path2 = "Значения со страницы Выполнение бизнес-плана/Table Data/": null

16-05-2025T10:10:33 - [TEST_STEP][PASSED] - ii = <not implemented yet for class: org.codehaus.groovy.ast.expr.EmptyExpression>: null

16-05-2025T10:10:33 - [TEST_STEP][PASSED] - i1 = <not implemented yet for class: org.codehaus.groovy.ast.expr.EmptyExpression>: null

16-05-2025T10:10:33 - [TEST_STEP][PASSED] - z = <not implemented yet for class: org.codehaus.groovy.ast.expr.EmptyExpression>: null

16-05-2025T10:10:33 - [TEST_STEP][PASSED] - z1 = <not implemented yet for class: org.codehaus.groovy.ast.expr.EmptyExpression>: null

16-05-2025T10:10:33 - [TEST_STEP][PASSED] - println("path: " + path): null

16-05-2025T10:10:33 - [TEST_STEP][PASSED] - z = getText(findTestObject(path + "Итого")).replaceAll("[\r?
|
]", "/"): Text of object 'Object Repository/Выполнение бизнес-плана/Выполнение бизнес-плана Балансы/Итого' is: 'Итого
%
5.01 5.01
8.20 8.20
1
100'

16-05-2025T10:10:33 - [MESSAGE][PASSED] - Text of object 'Object Repository/Выполнение бизнес-плана/Выполнение бизнес-плана Балансы/Итого' is: 'Итого
%
5.01 5.01
8.20 8.20
1
100'

16-05-2025T10:10:33 - [TEST_STEP][PASSED] - ii = z.indexOf("%") + 2: null

16-05-2025T10:10:33 - [TEST_STEP][PASSED] - if (ii > -1): null

16-05-2025T10:10:33 - [TEST_STEP][PASSED] - z = z.substring(ii, z.length()): null

16-05-2025T10:10:33 - [TEST_STEP][PASSED] - println(z): null

16-05-2025T10:10:33 - [TEST_STEP][PASSED] - ii = z.indexOf("/1/100") - 1: null

16-05-2025T10:10:33 - [TEST_STEP][PASSED] - if (ii > -1): null

16-05-2025T10:10:33 - [TEST_STEP][PASSED] - z = z.substring(0, ii): null

16-05-2025T10:10:33 - [TEST_STEP][PASSED] - println(z): null

16-05-2025T10:10:33 - [TEST_STEP][PASSED] - ii = z.indexOf("План"): null

16-05-2025T10:10:33 - [TEST_STEP][PASSED] - if (ii > -1): null

16-05-2025T10:10:33 - [TEST_STEP][PASSED] - ii = z.indexOf("/") + 1: null

16-05-2025T10:10:33 - [TEST_STEP][PASSED] - z1 = z.substring(0, ii): null

16-05-2025T10:10:33 - [TEST_STEP][PASSED] - println(z1): null

16-05-2025T10:10:33 - [TEST_STEP][PASSED] - z = z.substring(ii, z.length()): null

16-05-2025T10:10:33 - [TEST_STEP][PASSED] - println(z): null

16-05-2025T10:10:33 - [TEST_STEP][PASSED] - ii = z1.length() / 2: null

16-05-2025T10:10:33 - [TEST_STEP][PASSED] - z1 = replaceAll("[\r?
|
]", "/").trim(): null

16-05-2025T10:10:33 - [TEST_STEP][PASSED] - println(z1): null

16-05-2025T10:10:33 - [TEST_STEP][PASSED] - ii = z.length() / 2: null

16-05-2025T10:10:33 - [TEST_STEP][PASSED] - z = replace("/", "").trim(): null

16-05-2025T10:10:33 - [TEST_STEP][PASSED] - println(z): null

16-05-2025T10:10:33 - [TEST_STEP][PASSED] - x = x + z1 + "/" + z: null

16-05-2025T10:10:33 - [TEST_STEP][PASSED] - println(x): null

16-05-2025T10:10:33 - [TEST_STEP][FAILED] - if (verifyElementPresent(findTestObject(path + "Таблица Итого-Факт"), 30)): Unable to verify object is present (Root cause: com.kms.katalon.core.exception.StepFailedException: Unable to verify object is present
	at com.kms.katalon.core.webui.keyword.internal.WebUIKeywordMain.stepFailed(WebUIKeywordMain.groovy:64)
	at com.kms.katalon.core.webui.keyword.internal.WebUIKeywordMain.runKeyword(WebUIKeywordMain.groovy:26)
	at com.kms.katalon.core.webui.keyword.builtin.VerifyElementPresentKeyword.verifyElementPresent(VerifyElementPresentKeyword.groovy:92)
	at com.kms.katalon.core.webui.keyword.builtin.VerifyElementPresentKeyword.execute(VerifyElementPresentKeyword.groovy:68)
	at com.kms.katalon.core.keyword.internal.KeywordExecutor.executeKeywordForPlatform(KeywordExecutor.groovy:74)
	at com.kms.katalon.core.webui.keyword.WebUiBuiltInKeywords.verifyElementPresent(WebUiBuiltInKeywords.groovy:1503)
	at Выполнение бизнес-плана сверка дашбордов.GetAllPAOData(Выполнение бизнес-плана сверка дашбордов:862)
	at Выполнение бизнес-плана сверка дашбордов.run(Выполнение бизнес-плана сверка дашбордов:362)
	at com.kms.katalon.core.main.ScriptEngine.run(ScriptEngine.java:194)
	at com.kms.katalon.core.main.ScriptEngine.runScriptAsRawText(ScriptEngine.java:119)
	at com.kms.katalon.core.main.TestCaseExecutor.runScript(TestCaseExecutor.java:448)
	at com.kms.katalon.core.main.TestCaseExecutor.doExecute(TestCaseExecutor.java:439)
	at com.kms.katalon.core.main.TestCaseExecutor.processExecutionPhase(TestCaseExecutor.java:418)
	at com.kms.katalon.core.main.TestCaseExecutor.accessMainPhase(TestCaseExecutor.java:410)
	at com.kms.katalon.core.main.TestCaseExecutor.execute(TestCaseExecutor.java:285)
	at com.kms.katalon.core.common.CommonExecutor.accessTestCaseMainPhase(CommonExecutor.java:65)
	at com.kms.katalon.core.main.TestSuiteExecutor.accessTestSuiteMainPhase(TestSuiteExecutor.java:150)
	at com.kms.katalon.core.main.TestSuiteExecutor.execute(TestSuiteExecutor.java:106)
	at com.kms.katalon.core.main.TestCaseMain.startTestSuite(TestCaseMain.java:180)
	at TempTestSuite1747369435659.run(TempTestSuite1747369435659.groovy:35)
	at java.base/jdk.internal.reflect.NativeMethodAccessorImpl.invoke0(Native Method)
	at java.base/jdk.internal.reflect.NativeMethodAccessorImpl.invoke(NativeMethodAccessorImpl.java:77)
	at java.base/jdk.internal.reflect.DelegatingMethodAccessorImpl.invoke(DelegatingMethodAccessorImpl.java:43)
Caused by: java.lang.IllegalArgumentException: Object is null
	at com.kms.katalon.core.helper.KeywordHelper.checkTestObjectParameter(KeywordHelper.java:33)
	at com.kms.katalon.core.webui.keyword.builtin.VerifyElementPresentKeyword$_verifyElementPresent_closure1.doCall(VerifyElementPresentKeyword.groovy:76)
	at com.kms.katalon.core.webui.keyword.builtin.VerifyElementPresentKeyword$_verifyElementPresent_closure1.call(VerifyElementPresentKeyword.groovy)
	at com.kms.katalon.core.webui.keyword.internal.WebUIKeywordMain.runKeyword(WebUIKeywordMain.groovy:20)
	at com.kms.katalon.core.webui.keyword.builtin.VerifyElementPresentKeyword.verifyElementPresent(VerifyElementPresentKeyword.groovy:92)
	at com.kms.katalon.core.webui.keyword.builtin.VerifyElementPresentKeyword.execute(VerifyElementPresentKeyword.groovy:68)
	at com.kms.katalon.core.keyword.internal.KeywordExecutor.executeKeywordForPlatform(KeywordExecutor.groovy:74)
	at com.kms.katalon.core.webui.keyword.WebUiBuiltInKeywords.verifyElementPresent(WebUiBuiltInKeywords.groovy:1503)
	at Script1719299571342.GetAllPAOData(Script1719299571342.groovy:862)
	at Script1719299571342.run(Script1719299571342.groovy:362)
	... 15 more
)

16-05-2025T10:10:33 - [MESSAGE][WARNING] - Test object with id 'Object Repository/Выполнение бизнес-плана/Выполнение бизнес-плана Балансы/Таблица Итого-Факт' does not exist

16-05-2025T10:10:33 - [MESSAGE][WARNING] - Test object with id 'Object Repository/' does not exist

16-05-2025T10:10:33 - [MESSAGE][FAILED] - Unable to verify object is present (Root cause: com.kms.katalon.core.exception.StepFailedException: Unable to verify object is present
	at com.kms.katalon.core.webui.keyword.internal.WebUIKeywordMain.stepFailed(WebUIKeywordMain.groovy:64)
	at com.kms.katalon.core.webui.keyword.internal.WebUIKeywordMain.runKeyword(WebUIKeywordMain.groovy:26)
	at com.kms.katalon.core.webui.keyword.builtin.VerifyElementPresentKeyword.verifyElementPresent(VerifyElementPresentKeyword.groovy:92)
	at com.kms.katalon.core.webui.keyword.builtin.VerifyElementPresentKeyword.execute(VerifyElementPresentKeyword.groovy:68)
	at com.kms.katalon.core.keyword.internal.KeywordExecutor.executeKeywordForPlatform(KeywordExecutor.groovy:74)
	at com.kms.katalon.core.webui.keyword.WebUiBuiltInKeywords.verifyElementPresent(WebUiBuiltInKeywords.groovy:1503)
	at Выполнение бизнес-плана сверка дашбордов.GetAllPAOData(Выполнение бизнес-плана сверка дашбордов:862)
	at Выполнение бизнес-плана сверка дашбордов.run(Выполнение бизнес-плана сверка дашбордов:362)
	at com.kms.katalon.core.main.ScriptEngine.run(ScriptEngine.java:194)
	at com.kms.katalon.core.main.ScriptEngine.runScriptAsRawText(ScriptEngine.java:119)
	at com.kms.katalon.core.main.TestCaseExecutor.runScript(TestCaseExecutor.java:448)
	at com.kms.katalon.core.main.TestCaseExecutor.doExecute(TestCaseExecutor.java:439)
	at com.kms.katalon.core.main.TestCaseExecutor.processExecutionPhase(TestCaseExecutor.java:418)
	at com.kms.katalon.core.main.TestCaseExecutor.accessMainPhase(TestCaseExecutor.java:410)
	at com.kms.katalon.core.main.TestCaseExecutor.execute(TestCaseExecutor.java:285)
	at com.kms.katalon.core.common.CommonExecutor.accessTestCaseMainPhase(CommonExecutor.java:65)
	at com.kms.katalon.core.main.TestSuiteExecutor.accessTestSuiteMainPhase(TestSuiteExecutor.java:150)
	at com.kms.katalon.core.main.TestSuiteExecutor.execute(TestSuiteExecutor.java:106)
	at com.kms.katalon.core.main.TestCaseMain.startTestSuite(TestCaseMain.java:180)
	at TempTestSuite1747369435659.run(TempTestSuite1747369435659.groovy:35)
	at java.base/jdk.internal.reflect.NativeMethodAccessorImpl.invoke0(Native Method)
	at java.base/jdk.internal.reflect.NativeMethodAccessorImpl.invoke(NativeMethodAccessorImpl.java:77)
	at java.base/jdk.internal.reflect.DelegatingMethodAccessorImpl.invoke(DelegatingMethodAccessorImpl.java:43)
Caused by: java.lang.IllegalArgumentException: Object is null
	at com.kms.katalon.core.helper.KeywordHelper.checkTestObjectParameter(KeywordHelper.java:33)
	at com.kms.katalon.core.webui.keyword.builtin.VerifyElementPresentKeyword$_verifyElementPresent_closure1.doCall(VerifyElementPresentKeyword.groovy:76)
	at com.kms.katalon.core.webui.keyword.builtin.VerifyElementPresentKeyword$_verifyElementPresent_closure1.call(VerifyElementPresentKeyword.groovy)
	at com.kms.katalon.core.webui.keyword.internal.WebUIKeywordMain.runKeyword(WebUIKeywordMain.groovy:20)
	at com.kms.katalon.core.webui.keyword.builtin.VerifyElementPresentKeyword.verifyElementPresent(VerifyElementPresentKeyword.groovy:92)
	at com.kms.katalon.core.webui.keyword.builtin.VerifyElementPresentKeyword.execute(VerifyElementPresentKeyword.groovy:68)
	at com.kms.katalon.core.keyword.internal.KeywordExecutor.executeKeywordForPlatform(KeywordExecutor.groovy:74)
	at com.kms.katalon.core.webui.keyword.WebUiBuiltInKeywords.verifyElementPresent(WebUiBuiltInKeywords.groovy:1503)
	at Script1719299571342.GetAllPAOData(Script1719299571342.groovy:862)
	at Script1719299571342.run(Script1719299571342.groovy:362)
	... 15 more
)
[[ATTACHMENT|C:\\Users\\LIAZGINA-DI\\git\\SPORU\\Reports\\20250516_072355\\\u041F\u043D-\u0421\u0440-\u041F\u0442\\\u0421\u0432\u0435\u0440\u043A\u0430 \u0434\u0430\u0448\u0431\u043E\u0440\u0434\u043E\u0432 \u0438\u0437 \u0440\u0430\u0437\u043D\u044B\u0445 \u0431\u043B\u043E\u043A\u043E\u0432\\20250516_072355\\1747379433560.png]]

16-05-2025T10:10:33 - [TEST_STEP][PASSED] - else: null

16-05-2025T10:10:33 - [TEST_STEP][PASSED] - z = getText(findTestObject(path + "Факт Отпуск в сеть за отчётный период ПАО Россети")).replaceAll("\s+", ""): Text of object 'Object Repository/Выполнение бизнес-плана/Выполнение бизнес-плана Балансы/Факт Отпуск в сеть за отчётный период ПАО Россети' is: '136 160 386'

16-05-2025T10:10:33 - [MESSAGE][PASSED] - Text of object 'Object Repository/Выполнение бизнес-плана/Выполнение бизнес-плана Балансы/Факт Отпуск в сеть за отчётный период ПАО Россети' is: '136 160 386'

16-05-2025T10:10:33 - [TEST_STEP][PASSED] - x = x + "/" + z: null

16-05-2025T10:10:33 - [TEST_STEP][PASSED] - z = getText(findTestObject(path + "Факт Отпуск из сети за отчётный период ПАО Россети")).replaceAll("\s+", ""): Text of object 'Object Repository/Выполнение бизнес-плана/Выполнение бизнес-плана Балансы/Факт Отпуск из сети за отчётный период ПАО Россети' is: '124 997 975'

16-05-2025T10:10:34 - [MESSAGE][PASSED] - Text of object 'Object Repository/Выполнение бизнес-плана/Выполнение бизнес-плана Балансы/Факт Отпуск из сети за отчётный период ПАО Россети' is: '124 997 975'

16-05-2025T10:10:34 - [TEST_STEP][PASSED] - x = x + "/" + z: null

16-05-2025T10:10:34 - [TEST_STEP][PASSED] - z = getText(findTestObject(path + "Факт Потери за отчётный период ПАО Россети")).replaceAll("\s+", ""): Text of object 'Object Repository/Выполнение бизнес-плана/Выполнение бизнес-плана Балансы/Факт Потери за отчётный период ПАО Россети' is: '11 162 411'

16-05-2025T10:10:34 - [MESSAGE][PASSED] - Text of object 'Object Repository/Выполнение бизнес-плана/Выполнение бизнес-плана Балансы/Факт Потери за отчётный период ПАО Россети' is: '11 162 411'

16-05-2025T10:10:34 - [TEST_STEP][PASSED] - x = x + "/" + z: null

16-05-2025T10:10:34 - [TEST_STEP][PASSED] - z = getText(findTestObject(path + "План Отпуск в сеть за отчётный период ПАО Россети")).replaceAll("\s+", ""): Text of object 'Object Repository/Выполнение бизнес-плана/Выполнение бизнес-плана Балансы/План Отпуск в сеть за отчётный период ПАО Россети' is: '236 268 268'

16-05-2025T10:10:34 - [MESSAGE][PASSED] - Text of object 'Object Repository/Выполнение бизнес-плана/Выполнение бизнес-плана Балансы/План Отпуск в сеть за отчётный период ПАО Россети' is: '236 268 268'

16-05-2025T10:10:34 - [TEST_STEP][PASSED] - x = x + "/" + z: null

16-05-2025T10:10:34 - [TEST_STEP][PASSED] - z = getText(findTestObject(path + "План Отпуск из сети за отчётный период ПАО Россети")).replaceAll("\s+", ""): Text of object 'Object Repository/Выполнение бизнес-плана/Выполнение бизнес-плана Балансы/План Отпуск из сети за отчётный период ПАО Россети' is: '224 428 885'

16-05-2025T10:10:35 - [MESSAGE][PASSED] - Text of object 'Object Repository/Выполнение бизнес-плана/Выполнение бизнес-плана Балансы/План Отпуск из сети за отчётный период ПАО Россети' is: '224 428 885'

16-05-2025T10:10:35 - [TEST_STEP][PASSED] - x = x + "/" + z: null

16-05-2025T10:10:35 - [TEST_STEP][PASSED] - z = getText(findTestObject(path + "План Потери за отчётный период ПАО Россети")).replaceAll("\s+", ""): Text of object 'Object Repository/Выполнение бизнес-плана/Выполнение бизнес-плана Балансы/План Потери за отчётный период ПАО Россети' is: '11 839 383'

16-05-2025T10:10:35 - [MESSAGE][PASSED] - Text of object 'Object Repository/Выполнение бизнес-плана/Выполнение бизнес-плана Балансы/План Потери за отчётный период ПАО Россети' is: '11 839 383'

16-05-2025T10:10:35 - [TEST_STEP][PASSED] - x = x + "/" + z: null

16-05-2025T10:10:35 - [TEST_STEP][PASSED] - return x: null

16-05-2025T10:10:35 - [TEST_STEP][PASSED] - println("pRB: " + pRB): null

16-05-2025T10:10:35 - [TEST_STEP][PASSED] - VseDZO = getText(findTestObject(path + "Список ДЗО")): Text of object 'Object Repository/Выполнение бизнес-плана/Выполнение бизнес-плана Балансы/Список ДЗО' is: '0.05
-0.99
-0.40
-1.51
-0.19
-0.25
-1.44
-1.52
Россети ФСК ЕЭС
Россети Волга
Россети Московский регион
Россети Северо-Запад
Россети Томск
Россети Урал (ГК)
Россети Юг (ГК)
Россети Янтарь
-2
-1
0
1
2
3
4
5
6
7'

16-05-2025T10:10:35 - [MESSAGE][PASSED] - Text of object 'Object Repository/Выполнение бизнес-плана/Выполнение бизнес-плана Балансы/Список ДЗО' is: '0.05
-0.99
-0.40
-1.51
-0.19
-0.25
-1.44
-1.52
Россети ФСК ЕЭС
Россети Волга
Россети Московский регион
Россети Северо-Запад
Россети Томск
Россети Урал (ГК)
Россети Юг (ГК)
Россети Янтарь
-2
-1
0
1
2
3
4
5
6
7'

16-05-2025T10:10:35 - [TEST_STEP][PASSED] - dZONum = 0: null

16-05-2025T10:10:35 - [TEST_STEP][PASSED] - i = VseDZO.indexOf("ЕЭС"): null

16-05-2025T10:10:35 - [TEST_STEP][PASSED] - if (i > -1): null

16-05-2025T10:10:35 - [TEST_STEP][PASSED] - dZONum = dZONum + 1: null

16-05-2025T10:10:35 - [TEST_STEP][PASSED] - fB = GetAllData(path, dZONum, VseDZO, x = "Россети ФСК ЕЭС/", dZO): null

16-05-2025T10:10:35 - [TEST_STEP][PASSED] - ii = <not implemented yet for class: org.codehaus.groovy.ast.expr.EmptyExpression>: null

16-05-2025T10:10:35 - [TEST_STEP][PASSED] - i1 = <not implemented yet for class: org.codehaus.groovy.ast.expr.EmptyExpression>: null

16-05-2025T10:10:35 - [TEST_STEP][PASSED] - z = <not implemented yet for class: org.codehaus.groovy.ast.expr.EmptyExpression>: null

16-05-2025T10:10:35 - [TEST_STEP][PASSED] - strToManage = <not implemented yet for class: org.codehaus.groovy.ast.expr.EmptyExpression>: null

16-05-2025T10:10:35 - [TEST_STEP][PASSED] - path2 = "Значения со страницы Выполнение бизнес-плана/Table Data/": null

16-05-2025T10:10:35 - [TEST_STEP][PASSED] - println("path: " + path): null

16-05-2025T10:10:35 - [TEST_STEP][PASSED] - dZONumOtk = <not implemented yet for class: org.codehaus.groovy.ast.expr.EmptyExpression>: null

16-05-2025T10:10:35 - [TEST_STEP][PASSED] - println("dZONum: " + dZONum): null

16-05-2025T10:10:35 - [TEST_STEP][PASSED] - dZO = x.substring(x.indexOf("/")): null

16-05-2025T10:10:35 - [TEST_STEP][PASSED] - println("dZO: " + dZO): null

16-05-2025T10:10:35 - [TEST_STEP][PASSED] - z = getText(findTestObject(path + "spanPlan" + dZONum)): Text of object 'Object Repository/Выполнение бизнес-плана/Выполнение бизнес-плана Балансы/spanPlan1' is: '3.79'

16-05-2025T10:10:35 - [MESSAGE][PASSED] - Text of object 'Object Repository/Выполнение бизнес-плана/Выполнение бизнес-плана Балансы/spanPlan1' is: '3.79'

16-05-2025T10:10:35 - [TEST_STEP][PASSED] - println(z): null

16-05-2025T10:10:35 - [TEST_STEP][PASSED] - if (z != ""): null

16-05-2025T10:10:35 - [TEST_STEP][PASSED] - ii = z.indexOf("|"): null

16-05-2025T10:10:35 - [TEST_STEP][PASSED] - if (ii > -1): null

16-05-2025T10:10:35 - [TEST_STEP][PASSED] - z = z.replaceAll("\s+", ""): null

16-05-2025T10:10:35 - [TEST_STEP][PASSED] - z = z.replace("[\r?
|
]", "/"): null

16-05-2025T10:10:35 - [TEST_STEP][PASSED] - println(z): null

16-05-2025T10:10:35 - [TEST_STEP][PASSED] - x = x + z: null

16-05-2025T10:10:35 - [TEST_STEP][PASSED] - z = getText(findTestObject(path + "spanFact" + dZONum)): Text of object 'Object Repository/Выполнение бизнес-плана/Выполнение бизнес-плана Балансы/spanFact1' is: '3.84
|'

16-05-2025T10:10:36 - [MESSAGE][PASSED] - Text of object 'Object Repository/Выполнение бизнес-плана/Выполнение бизнес-плана Балансы/spanFact1' is: '3.84
|'

16-05-2025T10:10:36 - [TEST_STEP][PASSED] - ii = z.indexOf("|"): null

16-05-2025T10:10:36 - [TEST_STEP][PASSED] - if (ii > -1): null

16-05-2025T10:10:36 - [TEST_STEP][PASSED] - z = length() - 1).replace("[\r?
|
]", "/"): null

16-05-2025T10:10:36 - [TEST_STEP][PASSED] - x = x + "/" + z: null

16-05-2025T10:10:36 - [TEST_STEP][PASSED] - z = getText(findTestObject(path + path2 + "Факт Отпуск в сеть за отчётный период " + dZONum)).replaceAll("\s+", ""): Text of object 'Object Repository/Выполнение бизнес-плана/Выполнение бизнес-плана Балансы/Значения со страницы Выполнение бизнес-плана/Table Data/Факт Отпуск в сеть за отчётный период 1' is: '164 602 454'

16-05-2025T10:10:36 - [MESSAGE][PASSED] - Text of object 'Object Repository/Выполнение бизнес-плана/Выполнение бизнес-плана Балансы/Значения со страницы Выполнение бизнес-плана/Table Data/Факт Отпуск в сеть за отчётный период 1' is: '164 602 454'

16-05-2025T10:10:36 - [TEST_STEP][PASSED] - println("z=" + z): null

16-05-2025T10:10:36 - [TEST_STEP][PASSED] - x = x + "/" + z: null

16-05-2025T10:10:36 - [TEST_STEP][PASSED] - z = getText(findTestObject(path + path2 + "Факт Отпуск из сети за отчётный период " + dZONum)).replaceAll("\s+", ""): Text of object 'Object Repository/Выполнение бизнес-плана/Выполнение бизнес-плана Балансы/Значения со страницы Выполнение бизнес-плана/Table Data/Факт Отпуск из сети за отчётный период 1' is: '158 511 723'

16-05-2025T10:10:36 - [MESSAGE][PASSED] - Text of object 'Object Repository/Выполнение бизнес-плана/Выполнение бизнес-плана Балансы/Значения со страницы Выполнение бизнес-плана/Table Data/Факт Отпуск из сети за отчётный период 1' is: '158 511 723'

16-05-2025T10:10:36 - [TEST_STEP][PASSED] - x = x + "/" + z: null

16-05-2025T10:10:36 - [TEST_STEP][PASSED] - z = getText(findTestObject(path + path2 + "Факт Потери за отчётный период " + dZONum)).replaceAll("\s+", ""): Text of object 'Object Repository/Выполнение бизнес-плана/Выполнение бизнес-плана Балансы/Значения со страницы Выполнение бизнес-плана/Table Data/Факт Потери за отчётный период 1' is: '6 090 730'

16-05-2025T10:10:37 - [MESSAGE][PASSED] - Text of object 'Object Repository/Выполнение бизнес-плана/Выполнение бизнес-плана Балансы/Значения со страницы Выполнение бизнес-плана/Table Data/Факт Потери за отчётный период 1' is: '6 090 730'

16-05-2025T10:10:37 - [TEST_STEP][PASSED] - x = x + "/" + z: null

16-05-2025T10:10:37 - [TEST_STEP][PASSED] - z = getText(findTestObject(path + path2 + "План Отпуск в сеть за отчётный период " + dZONum)).replaceAll("\s+", ""): Text of object 'Object Repository/Выполнение бизнес-плана/Выполнение бизнес-плана Балансы/Значения со страницы Выполнение бизнес-плана/Table Data/План Отпуск в сеть за отчётный период 1' is: '167 925 540'

16-05-2025T10:10:37 - [MESSAGE][PASSED] - Text of object 'Object Repository/Выполнение бизнес-плана/Выполнение бизнес-плана Балансы/Значения со страницы Выполнение бизнес-плана/Table Data/План Отпуск в сеть за отчётный период 1' is: '167 925 540'

16-05-2025T10:10:37 - [TEST_STEP][PASSED] - x = x + "/" + z: null

16-05-2025T10:10:37 - [TEST_STEP][PASSED] - z = getText(findTestObject(path + path2 + "План Отпуск из сети за отчётный период " + dZONum)).replaceAll("\s+", ""): Text of object 'Object Repository/Выполнение бизнес-плана/Выполнение бизнес-плана Балансы/Значения со страницы Выполнение бизнес-плана/Table Data/План Отпуск из сети за отчётный период 1' is: '161 793 849'

16-05-2025T10:10:37 - [MESSAGE][PASSED] - Text of object 'Object Repository/Выполнение бизнес-плана/Выполнение бизнес-плана Балансы/Значения со страницы Выполнение бизнес-плана/Table Data/План Отпуск из сети за отчётный период 1' is: '161 793 849'

16-05-2025T10:10:37 - [TEST_STEP][PASSED] - x = x + "/" + z: null

16-05-2025T10:10:37 - [TEST_STEP][PASSED] - z = getText(findTestObject(path + path2 + "План Потери за отчётный период " + dZONum)).replaceAll("\s+", ""): Text of object 'Object Repository/Выполнение бизнес-плана/Выполнение бизнес-плана Балансы/Значения со страницы Выполнение бизнес-плана/Table Data/План Потери за отчётный период 1' is: '6 131 691'

16-05-2025T10:10:38 - [MESSAGE][PASSED] - Text of object 'Object Repository/Выполнение бизнес-плана/Выполнение бизнес-плана Балансы/Значения со страницы Выполнение бизнес-плана/Table Data/План Потери за отчётный период 1' is: '6 131 691'

16-05-2025T10:10:38 - [TEST_STEP][PASSED] - x = x + "/" + z: null

16-05-2025T10:10:38 - [TEST_STEP][PASSED] - z = getText(findTestObject(path + "Список ДЗО 2")).replaceAll("[\r?
|
]", "/"): Text of object 'Object Repository/Выполнение бизнес-плана/Выполнение бизнес-плана Балансы/Список ДЗО 2' is: '0.05
-0.99
-0.40
-1.51
-0.19
-0.25
-1.44
-1.52
Россети ФСК ЕЭС
Россети Волга
Россети Московский регион
Россети Северо-Запад
Россети Томск
Россети Урал (ГК)
Россети Юг (ГК)
Россети Янтарь
-2
-1
0
1
2
3
4
5
6
7'

16-05-2025T10:10:38 - [MESSAGE][PASSED] - Text of object 'Object Repository/Выполнение бизнес-плана/Выполнение бизнес-плана Балансы/Список ДЗО 2' is: '0.05
-0.99
-0.40
-1.51
-0.19
-0.25
-1.44
-1.52
Россети ФСК ЕЭС
Россети Волга
Россети Московский регион
Россети Северо-Запад
Россети Томск
Россети Урал (ГК)
Россети Юг (ГК)
Россети Янтарь
-2
-1
0
1
2
3
4
5
6
7'

16-05-2025T10:10:38 - [TEST_STEP][PASSED] - strToManage = z: null

16-05-2025T10:10:38 - [TEST_STEP][PASSED] - ii = strToManage.indexOf("ГК"): null

16-05-2025T10:10:38 - [TEST_STEP][PASSED] - if (ii > -1): null

16-05-2025T10:10:38 - [TEST_STEP][PASSED] - for ([i1 = 1, i1 > -1, (i1--)]): null

16-05-2025T10:10:38 - [TEST_STEP][PASSED] - strToManage = strToManage.substring(0, strToManage.indexOf("ГК") - 1) + strToManage.substring(strToManage.indexOf("ГК") + 3): null

16-05-2025T10:10:38 - [TEST_STEP][PASSED] - println("strToManage count i1: " + strToManage): null

16-05-2025T10:10:38 - [TEST_STEP][PASSED] - i1 = strToManage.count("ГК"): null

16-05-2025T10:10:38 - [TEST_STEP][PASSED] - println("i1: " + i1): null

16-05-2025T10:10:38 - [TEST_STEP][PASSED] - strToManage = strToManage.substring(0, strToManage.indexOf("ГК") - 1) + strToManage.substring(strToManage.indexOf("ГК") + 3): null

16-05-2025T10:10:38 - [TEST_STEP][PASSED] - println("strToManage count i1: " + strToManage): null

16-05-2025T10:10:38 - [TEST_STEP][PASSED] - i1 = strToManage.count("ГК"): null

16-05-2025T10:10:38 - [TEST_STEP][PASSED] - println("i1: " + i1): null

16-05-2025T10:10:38 - [TEST_STEP][PASSED] - z = strToManage: null

16-05-2025T10:10:38 - [TEST_STEP][PASSED] - println("z: " + z): null

16-05-2025T10:10:38 - [TEST_STEP][PASSED] - lettersStart = z.indexOf("Россети"): null

16-05-2025T10:10:38 - [TEST_STEP][PASSED] - strToManage = z.substring(lettersStart, z.length()): null

16-05-2025T10:10:38 - [TEST_STEP][PASSED] - println("strToManage: " + strToManage): null

16-05-2025T10:10:38 - [TEST_STEP][PASSED] - dZONames = strToManage: null

16-05-2025T10:10:38 - [TEST_STEP][PASSED] - strToManage = strToManage.replaceAll("[а-яА-Я]", ""): null

16-05-2025T10:10:38 - [TEST_STEP][PASSED] - println("strToManage after letters: " + strToManage): null

16-05-2025T10:10:38 - [TEST_STEP][PASSED] - strToManage = replaceAll(" ", "").replaceAll("/-/", ""): null

16-05-2025T10:10:38 - [TEST_STEP][PASSED] - println("strToManage: " + strToManage): null

16-05-2025T10:10:38 - [TEST_STEP][PASSED] - strToManage = strToManage.substring(strToManage.lastIndexOf("//") + 1, strToManage.length()): null

16-05-2025T10:10:38 - [TEST_STEP][PASSED] - println("strToManage: " + strToManage): null

16-05-2025T10:10:38 - [TEST_STEP][PASSED] - ii = z.indexOf(strToManage): null

16-05-2025T10:10:38 - [TEST_STEP][PASSED] - if (ii > -1): null

16-05-2025T10:10:38 - [TEST_STEP][PASSED] - z = z.substring(0, ii) + "/": null

16-05-2025T10:10:38 - [TEST_STEP][PASSED] - println("z: " + z): null

16-05-2025T10:10:38 - [TEST_STEP][PASSED] - println("dZONum: " + dZONum): null

16-05-2025T10:10:38 - [TEST_STEP][PASSED] - strToManage = dZO: null

16-05-2025T10:10:38 - [TEST_STEP][PASSED] - if (strToManage.indexOf("(ГК)") > -1): null

16-05-2025T10:10:38 - [TEST_STEP][PASSED] - strToManage = replaceAll("\p{P}", "").replaceAll("\s+", ""): null

16-05-2025T10:10:38 - [TEST_STEP][PASSED] - println("strToManage: " + strToManage): null

16-05-2025T10:10:38 - [TEST_STEP][PASSED] - if (replaceAll("\s+", "").indexOf(strToManage) > -1): null

16-05-2025T10:10:38 - [TEST_STEP][PASSED] - dZONames = replaceAll("-", "").replaceAll("//", ""): null

16-05-2025T10:10:38 - [TEST_STEP][PASSED] - println("dZONames: " + dZONames): null

16-05-2025T10:10:38 - [TEST_STEP][PASSED] - dZONumOtk = 1: null

16-05-2025T10:10:38 - [TEST_STEP][PASSED] - ii = dZONames.indexOf(strToManage): null

16-05-2025T10:10:38 - [TEST_STEP][PASSED] - if (strToManage != "ФСК"): null

16-05-2025T10:10:38 - [TEST_STEP][PASSED] - if (ii > -1): null

16-05-2025T10:10:38 - [TEST_STEP][PASSED] - for ([i1 = 1, ii > -1, (i1++)]): null

16-05-2025T10:10:38 - [TEST_STEP][PASSED] - dZONames = dZONames.substring(dZONames.indexOf("/") + 1, dZONames.length()): null

16-05-2025T10:10:38 - [TEST_STEP][PASSED] - ii = dZONames.lastIndexOf("/"): null

16-05-2025T10:10:38 - [TEST_STEP][PASSED] - println("dZONames: " + dZONames): null

16-05-2025T10:10:38 - [TEST_STEP][PASSED] - dZONumOtk = dZONumOtk + 1: null

16-05-2025T10:10:38 - [TEST_STEP][PASSED] - println("dZONumOtk: " + dZONumOtk): null

16-05-2025T10:10:38 - [TEST_STEP][PASSED] - dZONames = dZONames.substring(dZONames.indexOf("/") + 1, dZONames.length()): null

16-05-2025T10:10:38 - [TEST_STEP][PASSED] - ii = dZONames.lastIndexOf("/"): null

16-05-2025T10:10:38 - [TEST_STEP][PASSED] - println("dZONames: " + dZONames): null

16-05-2025T10:10:38 - [TEST_STEP][PASSED] - dZONumOtk = dZONumOtk + 1: null

16-05-2025T10:10:38 - [TEST_STEP][PASSED] - println("dZONumOtk: " + dZONumOtk): null

16-05-2025T10:10:38 - [TEST_STEP][PASSED] - dZONames = dZONames.substring(dZONames.indexOf("/") + 1, dZONames.length()): null

16-05-2025T10:10:38 - [TEST_STEP][PASSED] - ii = dZONames.lastIndexOf("/"): null

16-05-2025T10:10:38 - [TEST_STEP][PASSED] - println("dZONames: " + dZONames): null

16-05-2025T10:10:38 - [TEST_STEP][PASSED] - dZONumOtk = dZONumOtk + 1: null

16-05-2025T10:10:38 - [TEST_STEP][PASSED] - println("dZONumOtk: " + dZONumOtk): null

16-05-2025T10:10:38 - [TEST_STEP][PASSED] - dZONames = dZONames.substring(dZONames.indexOf("/") + 1, dZONames.length()): null

16-05-2025T10:10:38 - [TEST_STEP][PASSED] - ii = dZONames.lastIndexOf("/"): null

16-05-2025T10:10:38 - [TEST_STEP][PASSED] - println("dZONames: " + dZONames): null

16-05-2025T10:10:38 - [TEST_STEP][PASSED] - dZONumOtk = dZONumOtk + 1: null

16-05-2025T10:10:38 - [TEST_STEP][PASSED] - println("dZONumOtk: " + dZONumOtk): null

16-05-2025T10:10:38 - [TEST_STEP][PASSED] - dZONames = dZONames.substring(dZONames.indexOf("/") + 1, dZONames.length()): null

16-05-2025T10:10:38 - [TEST_STEP][PASSED] - ii = dZONames.lastIndexOf("/"): null

16-05-2025T10:10:38 - [TEST_STEP][PASSED] - println("dZONames: " + dZONames): null

16-05-2025T10:10:38 - [TEST_STEP][PASSED] - dZONumOtk = dZONumOtk + 1: null

16-05-2025T10:10:38 - [TEST_STEP][PASSED] - println("dZONumOtk: " + dZONumOtk): null

16-05-2025T10:10:38 - [TEST_STEP][PASSED] - dZONames = dZONames.substring(dZONames.indexOf("/") + 1, dZONames.length()): null

16-05-2025T10:10:38 - [TEST_STEP][PASSED] - ii = dZONames.lastIndexOf("/"): null

16-05-2025T10:10:38 - [TEST_STEP][PASSED] - println("dZONames: " + dZONames): null

16-05-2025T10:10:38 - [TEST_STEP][PASSED] - dZONumOtk = dZONumOtk + 1: null

16-05-2025T10:10:38 - [TEST_STEP][PASSED] - println("dZONumOtk: " + dZONumOtk): null

16-05-2025T10:10:38 - [TEST_STEP][PASSED] - dZONames = dZONames.substring(dZONames.indexOf("/") + 1, dZONames.length()): null

16-05-2025T10:10:38 - [TEST_STEP][PASSED] - ii = dZONames.lastIndexOf("/"): null

16-05-2025T10:10:38 - [TEST_STEP][PASSED] - println("dZONames: " + dZONames): null

16-05-2025T10:10:38 - [TEST_STEP][PASSED] - dZONumOtk = dZONumOtk + 1: null

16-05-2025T10:10:38 - [TEST_STEP][PASSED] - println("dZONumOtk: " + dZONumOtk): null

16-05-2025T10:10:38 - [TEST_STEP][PASSED] - if (z.indexOf("//") > -1): null

16-05-2025T10:10:38 - [TEST_STEP][PASSED] - println("z: " + z): null

16-05-2025T10:10:38 - [TEST_STEP][PASSED] - for ([ii = 1, ii < dZONumOtk, (ii++)]): null

16-05-2025T10:10:38 - [TEST_STEP][PASSED] - i1 = z.indexOf("/") + 1: null

16-05-2025T10:10:38 - [TEST_STEP][PASSED] - z = z.substring(i1, z.length()): null

16-05-2025T10:10:38 - [TEST_STEP][PASSED] - println("ii: " + ii): null

16-05-2025T10:10:38 - [TEST_STEP][PASSED] - println("z: " + z): null

16-05-2025T10:10:38 - [TEST_STEP][PASSED] - i1 = z.indexOf("/") + 1: null

16-05-2025T10:10:38 - [TEST_STEP][PASSED] - z = z.substring(i1, z.length()): null

16-05-2025T10:10:38 - [TEST_STEP][PASSED] - println("ii: " + ii): null

16-05-2025T10:10:38 - [TEST_STEP][PASSED] - println("z: " + z): null

16-05-2025T10:10:38 - [TEST_STEP][PASSED] - i1 = z.indexOf("/") + 1: null

16-05-2025T10:10:38 - [TEST_STEP][PASSED] - z = z.substring(i1, z.length()): null

16-05-2025T10:10:38 - [TEST_STEP][PASSED] - println("ii: " + ii): null

16-05-2025T10:10:38 - [TEST_STEP][PASSED] - println("z: " + z): null

16-05-2025T10:10:38 - [TEST_STEP][PASSED] - i1 = z.indexOf("/") + 1: null

16-05-2025T10:10:38 - [TEST_STEP][PASSED] - z = z.substring(i1, z.length()): null

16-05-2025T10:10:38 - [TEST_STEP][PASSED] - println("ii: " + ii): null

16-05-2025T10:10:38 - [TEST_STEP][PASSED] - println("z: " + z): null

16-05-2025T10:10:38 - [TEST_STEP][PASSED] - i1 = z.indexOf("/") + 1: null

16-05-2025T10:10:38 - [TEST_STEP][PASSED] - z = z.substring(i1, z.length()): null

16-05-2025T10:10:38 - [TEST_STEP][PASSED] - println("ii: " + ii): null

16-05-2025T10:10:38 - [TEST_STEP][PASSED] - println("z: " + z): null

16-05-2025T10:10:38 - [TEST_STEP][PASSED] - i1 = z.indexOf("/") + 1: null

16-05-2025T10:10:38 - [TEST_STEP][PASSED] - z = z.substring(i1, z.length()): null

16-05-2025T10:10:38 - [TEST_STEP][PASSED] - println("ii: " + ii): null

16-05-2025T10:10:38 - [TEST_STEP][PASSED] - println("z: " + z): null

16-05-2025T10:10:38 - [TEST_STEP][PASSED] - i1 = z.indexOf("/") + 1: null

16-05-2025T10:10:38 - [TEST_STEP][PASSED] - z = z.substring(i1, z.length()): null

16-05-2025T10:10:38 - [TEST_STEP][PASSED] - println("ii: " + ii): null

16-05-2025T10:10:38 - [TEST_STEP][PASSED] - println("z: " + z): null

16-05-2025T10:10:38 - [TEST_STEP][PASSED] - z = z.substring(0, z.indexOf("/")): null

16-05-2025T10:10:38 - [TEST_STEP][PASSED] - println("z: " + z): null

16-05-2025T10:10:38 - [TEST_STEP][PASSED] - x = x + "/" + z: null

16-05-2025T10:10:38 - [TEST_STEP][PASSED] - x = x.replaceAll("[\r?
|
]", ""): null

16-05-2025T10:10:38 - [TEST_STEP][PASSED] - println("x =" + x): null

16-05-2025T10:10:38 - [TEST_STEP][PASSED] - return x: null

16-05-2025T10:10:38 - [TEST_STEP][PASSED] - println("fB: " + fB): null

16-05-2025T10:10:38 - [TEST_STEP][PASSED] - i = VseDZO.indexOf("Тываэнерго"): null

16-05-2025T10:10:38 - [TEST_STEP][PASSED] - if (i > -1): null

16-05-2025T10:10:38 - [TEST_STEP][PASSED] - else: null

16-05-2025T10:10:38 - [TEST_STEP][PASSED] - tyB = tyB + "нет данных/нет данных/нет данных/нет данных/нет данных/нет данных/нет данных/нет данных/нет данных": null

16-05-2025T10:10:38 - [TEST_STEP][PASSED] - println("tyB: " + tyB): null

16-05-2025T10:10:38 - [TEST_STEP][PASSED] - i = VseDZO.indexOf("Чеченэнерго"): null

16-05-2025T10:10:38 - [TEST_STEP][PASSED] - if (i > -1): null

16-05-2025T10:10:38 - [TEST_STEP][PASSED] - else: null

16-05-2025T10:10:38 - [TEST_STEP][PASSED] - chB = chB + "нет данных/нет данных/нет данных/нет данных/нет данных/нет данных/нет данных/нет данных/нет данных": null

16-05-2025T10:10:38 - [TEST_STEP][PASSED] - println("chB: " + chB): null

16-05-2025T10:10:38 - [TEST_STEP][PASSED] - i = VseDZO.indexOf("Волга"): null

16-05-2025T10:10:38 - [TEST_STEP][PASSED] - if (i > -1): null

16-05-2025T10:10:38 - [TEST_STEP][PASSED] - dZONum = dZONum + 1: null

16-05-2025T10:10:38 - [TEST_STEP][PASSED] - vB = GetAllData(path, dZONum, VseDZO, x = "Россети Волга/", dZO): null

16-05-2025T10:10:38 - [TEST_STEP][PASSED] - ii = <not implemented yet for class: org.codehaus.groovy.ast.expr.EmptyExpression>: null

16-05-2025T10:10:38 - [TEST_STEP][PASSED] - i1 = <not implemented yet for class: org.codehaus.groovy.ast.expr.EmptyExpression>: null

16-05-2025T10:10:38 - [TEST_STEP][PASSED] - z = <not implemented yet for class: org.codehaus.groovy.ast.expr.EmptyExpression>: null

16-05-2025T10:10:38 - [TEST_STEP][PASSED] - strToManage = <not implemented yet for class: org.codehaus.groovy.ast.expr.EmptyExpression>: null

16-05-2025T10:10:38 - [TEST_STEP][PASSED] - path2 = "Значения со страницы Выполнение бизнес-плана/Table Data/": null

16-05-2025T10:10:38 - [TEST_STEP][PASSED] - println("path: " + path): null

16-05-2025T10:10:38 - [TEST_STEP][PASSED] - dZONumOtk = <not implemented yet for class: org.codehaus.groovy.ast.expr.EmptyExpression>: null

16-05-2025T10:10:38 - [TEST_STEP][PASSED] - println("dZONum: " + dZONum): null

16-05-2025T10:10:38 - [TEST_STEP][PASSED] - dZO = x.substring(x.indexOf("/")): null

16-05-2025T10:10:38 - [TEST_STEP][PASSED] - println("dZO: " + dZO): null

16-05-2025T10:10:38 - [TEST_STEP][PASSED] - z = getText(findTestObject(path + "spanPlan" + dZONum)): Text of object 'Object Repository/Выполнение бизнес-плана/Выполнение бизнес-плана Балансы/spanPlan2' is: '7.22
|'

16-05-2025T10:10:38 - [MESSAGE][PASSED] - Text of object 'Object Repository/Выполнение бизнес-плана/Выполнение бизнес-плана Балансы/spanPlan2' is: '7.22
|'

16-05-2025T10:10:38 - [TEST_STEP][PASSED] - println(z): null

16-05-2025T10:10:38 - [TEST_STEP][PASSED] - if (z != ""): null

16-05-2025T10:10:38 - [TEST_STEP][PASSED] - ii = z.indexOf("|"): null

16-05-2025T10:10:38 - [TEST_STEP][PASSED] - if (ii > -1): null

16-05-2025T10:10:38 - [TEST_STEP][PASSED] - z = z.substring(0, z.length() - 1): null

16-05-2025T10:10:38 - [TEST_STEP][PASSED] - println(z): null

16-05-2025T10:10:38 - [TEST_STEP][PASSED] - z = z.replaceAll("\s+", ""): null

16-05-2025T10:10:38 - [TEST_STEP][PASSED] - z = z.replace("[\r?
|
]", "/"): null

16-05-2025T10:10:38 - [TEST_STEP][PASSED] - println(z): null

16-05-2025T10:10:38 - [TEST_STEP][PASSED] - x = x + z: null

16-05-2025T10:10:38 - [TEST_STEP][PASSED] - z = getText(findTestObject(path + "spanFact" + dZONum)): Text of object 'Object Repository/Выполнение бизнес-плана/Выполнение бизнес-плана Балансы/spanFact2' is: '6.22'

16-05-2025T10:10:39 - [MESSAGE][PASSED] - Text of object 'Object Repository/Выполнение бизнес-плана/Выполнение бизнес-плана Балансы/spanFact2' is: '6.22'

16-05-2025T10:10:39 - [TEST_STEP][PASSED] - ii = z.indexOf("|"): null

16-05-2025T10:10:39 - [TEST_STEP][PASSED] - if (ii > -1): null

16-05-2025T10:10:39 - [TEST_STEP][PASSED] - x = x + "/" + z: null

16-05-2025T10:10:39 - [TEST_STEP][PASSED] - z = getText(findTestObject(path + path2 + "Факт Отпуск в сеть за отчётный период " + dZONum)).replaceAll("\s+", ""): Text of object 'Object Repository/Выполнение бизнес-плана/Выполнение бизнес-плана Балансы/Значения со страницы Выполнение бизнес-плана/Table Data/Факт Отпуск в сеть за отчётный период 2' is: '4 949 974'

16-05-2025T10:10:39 - [MESSAGE][PASSED] - Text of object 'Object Repository/Выполнение бизнес-плана/Выполнение бизнес-плана Балансы/Значения со страницы Выполнение бизнес-плана/Table Data/Факт Отпуск в сеть за отчётный период 2' is: '4 949 974'

16-05-2025T10:10:39 - [TEST_STEP][PASSED] - println("z=" + z): null

16-05-2025T10:10:39 - [TEST_STEP][PASSED] - x = x + "/" + z: null

16-05-2025T10:10:39 - [TEST_STEP][PASSED] - z = getText(findTestObject(path + path2 + "Факт Отпуск из сети за отчётный период " + dZONum)).replaceAll("\s+", ""): Text of object 'Object Repository/Выполнение бизнес-плана/Выполнение бизнес-плана Балансы/Значения со страницы Выполнение бизнес-плана/Table Data/Факт Отпуск из сети за отчётный период 2' is: '4 641 851'

16-05-2025T10:10:39 - [MESSAGE][PASSED] - Text of object 'Object Repository/Выполнение бизнес-плана/Выполнение бизнес-плана Балансы/Значения со страницы Выполнение бизнес-плана/Table Data/Факт Отпуск из сети за отчётный период 2' is: '4 641 851'

16-05-2025T10:10:39 - [TEST_STEP][PASSED] - x = x + "/" + z: null

16-05-2025T10:10:39 - [TEST_STEP][PASSED] - z = getText(findTestObject(path + path2 + "Факт Потери за отчётный период " + dZONum)).replaceAll("\s+", ""): Text of object 'Object Repository/Выполнение бизнес-плана/Выполнение бизнес-плана Балансы/Значения со страницы Выполнение бизнес-плана/Table Data/Факт Потери за отчётный период 2' is: '308 123'

16-05-2025T10:10:39 - [MESSAGE][PASSED] - Text of object 'Object Repository/Выполнение бизнес-плана/Выполнение бизнес-плана Балансы/Значения со страницы Выполнение бизнес-плана/Table Data/Факт Потери за отчётный период 2' is: '308 123'

16-05-2025T10:10:39 - [TEST_STEP][PASSED] - x = x + "/" + z: null

16-05-2025T10:10:39 - [TEST_STEP][PASSED] - z = getText(findTestObject(path + path2 + "План Отпуск в сеть за отчётный период " + dZONum)).replaceAll("\s+", ""): Text of object 'Object Repository/Выполнение бизнес-плана/Выполнение бизнес-плана Балансы/Значения со страницы Выполнение бизнес-плана/Table Data/План Отпуск в сеть за отчётный период 2' is: '5 172 896'

16-05-2025T10:10:40 - [MESSAGE][PASSED] - Text of object 'Object Repository/Выполнение бизнес-плана/Выполнение бизнес-плана Балансы/Значения со страницы Выполнение бизнес-плана/Table Data/План Отпуск в сеть за отчётный период 2' is: '5 172 896'

16-05-2025T10:10:40 - [TEST_STEP][PASSED] - x = x + "/" + z: null

16-05-2025T10:10:40 - [TEST_STEP][PASSED] - z = getText(findTestObject(path + path2 + "План Отпуск из сети за отчётный период " + dZONum)).replaceAll("\s+", ""): Text of object 'Object Repository/Выполнение бизнес-плана/Выполнение бизнес-плана Балансы/Значения со страницы Выполнение бизнес-плана/Table Data/План Отпуск из сети за отчётный период 2' is: '4 799 582'

16-05-2025T10:10:40 - [MESSAGE][PASSED] - Text of object 'Object Repository/Выполнение бизнес-плана/Выполнение бизнес-плана Балансы/Значения со страницы Выполнение бизнес-плана/Table Data/План Отпуск из сети за отчётный период 2' is: '4 799 582'

16-05-2025T10:10:40 - [TEST_STEP][PASSED] - x = x + "/" + z: null

16-05-2025T10:10:40 - [TEST_STEP][PASSED] - z = getText(findTestObject(path + path2 + "План Потери за отчётный период " + dZONum)).replaceAll("\s+", ""): Text of object 'Object Repository/Выполнение бизнес-плана/Выполнение бизнес-плана Балансы/Значения со страницы Выполнение бизнес-плана/Table Data/План Потери за отчётный период 2' is: '373 314'

16-05-2025T10:10:40 - [MESSAGE][PASSED] - Text of object 'Object Repository/Выполнение бизнес-плана/Выполнение бизнес-плана Балансы/Значения со страницы Выполнение бизнес-плана/Table Data/План Потери за отчётный период 2' is: '373 314'

16-05-2025T10:10:40 - [TEST_STEP][PASSED] - x = x + "/" + z: null

16-05-2025T10:10:40 - [TEST_STEP][PASSED] - z = getText(findTestObject(path + "Список ДЗО 2")).replaceAll("[\r?
|
]", "/"): Text of object 'Object Repository/Выполнение бизнес-плана/Выполнение бизнес-плана Балансы/Список ДЗО 2' is: '0.05
-0.99
-0.40
-1.51
-0.19
-0.25
-1.44
-1.52
Россети ФСК ЕЭС
Россети Волга
Россети Московский регион
Россети Северо-Запад
Россети Томск
Россети Урал (ГК)
Россети Юг (ГК)
Россети Янтарь
-2
-1
0
1
2
3
4
5
6
7'

16-05-2025T10:10:41 - [MESSAGE][PASSED] - Text of object 'Object Repository/Выполнение бизнес-плана/Выполнение бизнес-плана Балансы/Список ДЗО 2' is: '0.05
-0.99
-0.40
-1.51
-0.19
-0.25
-1.44
-1.52
Россети ФСК ЕЭС
Россети Волга
Россети Московский регион
Россети Северо-Запад
Россети Томск
Россети Урал (ГК)
Россети Юг (ГК)
Россети Янтарь
-2
-1
0
1
2
3
4
5
6
7'

16-05-2025T10:10:41 - [TEST_STEP][PASSED] - strToManage = z: null

16-05-2025T10:10:41 - [TEST_STEP][PASSED] - ii = strToManage.indexOf("ГК"): null

16-05-2025T10:10:41 - [TEST_STEP][PASSED] - if (ii > -1): null

16-05-2025T10:10:41 - [TEST_STEP][PASSED] - for ([i1 = 1, i1 > -1, (i1--)]): null

16-05-2025T10:10:41 - [TEST_STEP][PASSED] - strToManage = strToManage.substring(0, strToManage.indexOf("ГК") - 1) + strToManage.substring(strToManage.indexOf("ГК") + 3): null

16-05-2025T10:10:41 - [TEST_STEP][PASSED] - println("strToManage count i1: " + strToManage): null

16-05-2025T10:10:41 - [TEST_STEP][PASSED] - i1 = strToManage.count("ГК"): null

16-05-2025T10:10:41 - [TEST_STEP][PASSED] - println("i1: " + i1): null

16-05-2025T10:10:41 - [TEST_STEP][PASSED] - strToManage = strToManage.substring(0, strToManage.indexOf("ГК") - 1) + strToManage.substring(strToManage.indexOf("ГК") + 3): null

16-05-2025T10:10:41 - [TEST_STEP][PASSED] - println("strToManage count i1: " + strToManage): null

16-05-2025T10:10:41 - [TEST_STEP][PASSED] - i1 = strToManage.count("ГК"): null

16-05-2025T10:10:41 - [TEST_STEP][PASSED] - println("i1: " + i1): null

16-05-2025T10:10:41 - [TEST_STEP][PASSED] - z = strToManage: null

16-05-2025T10:10:41 - [TEST_STEP][PASSED] - println("z: " + z): null

16-05-2025T10:10:41 - [TEST_STEP][PASSED] - lettersStart = z.indexOf("Россети"): null

16-05-2025T10:10:41 - [TEST_STEP][PASSED] - strToManage = z.substring(lettersStart, z.length()): null

16-05-2025T10:10:41 - [TEST_STEP][PASSED] - println("strToManage: " + strToManage): null

16-05-2025T10:10:41 - [TEST_STEP][PASSED] - dZONames = strToManage: null

16-05-2025T10:10:41 - [TEST_STEP][PASSED] - strToManage = strToManage.replaceAll("[а-яА-Я]", ""): null

16-05-2025T10:10:41 - [TEST_STEP][PASSED] - println("strToManage after letters: " + strToManage): null

16-05-2025T10:10:41 - [TEST_STEP][PASSED] - strToManage = replaceAll(" ", "").replaceAll("/-/", ""): null

16-05-2025T10:10:41 - [TEST_STEP][PASSED] - println("strToManage: " + strToManage): null

16-05-2025T10:10:41 - [TEST_STEP][PASSED] - strToManage = strToManage.substring(strToManage.lastIndexOf("//") + 1, strToManage.length()): null

16-05-2025T10:10:41 - [TEST_STEP][PASSED] - println("strToManage: " + strToManage): null

16-05-2025T10:10:41 - [TEST_STEP][PASSED] - ii = z.indexOf(strToManage): null

16-05-2025T10:10:41 - [TEST_STEP][PASSED] - if (ii > -1): null

16-05-2025T10:10:41 - [TEST_STEP][PASSED] - z = z.substring(0, ii) + "/": null

16-05-2025T10:10:41 - [TEST_STEP][PASSED] - println("z: " + z): null

16-05-2025T10:10:41 - [TEST_STEP][PASSED] - println("dZONum: " + dZONum): null

16-05-2025T10:10:41 - [TEST_STEP][PASSED] - strToManage = dZO: null

16-05-2025T10:10:41 - [TEST_STEP][PASSED] - if (strToManage.indexOf("(ГК)") > -1): null

16-05-2025T10:10:41 - [TEST_STEP][PASSED] - strToManage = replaceAll("\p{P}", "").replaceAll("\s+", ""): null

16-05-2025T10:10:41 - [TEST_STEP][PASSED] - println("strToManage: " + strToManage): null

16-05-2025T10:10:41 - [TEST_STEP][PASSED] - if (replaceAll("\s+", "").indexOf(strToManage) > -1): null

16-05-2025T10:10:41 - [TEST_STEP][PASSED] - dZONames = replaceAll("-", "").replaceAll("//", ""): null

16-05-2025T10:10:41 - [TEST_STEP][PASSED] - println("dZONames: " + dZONames): null

16-05-2025T10:10:41 - [TEST_STEP][PASSED] - dZONumOtk = 1: null

16-05-2025T10:10:41 - [TEST_STEP][PASSED] - ii = dZONames.indexOf(strToManage): null

16-05-2025T10:10:41 - [TEST_STEP][PASSED] - if (strToManage != "ФСК"): null

16-05-2025T10:10:41 - [TEST_STEP][PASSED] - if (ii > -1): null

16-05-2025T10:10:41 - [TEST_STEP][PASSED] - for ([i1 = 1, ii > -1, (i1++)]): null

16-05-2025T10:10:41 - [TEST_STEP][PASSED] - dZONames = dZONames.substring(dZONames.indexOf("/") + 1, dZONames.length()): null

16-05-2025T10:10:41 - [TEST_STEP][PASSED] - ii = dZONames.lastIndexOf("/"): null

16-05-2025T10:10:41 - [TEST_STEP][PASSED] - println("dZONames: " + dZONames): null

16-05-2025T10:10:41 - [TEST_STEP][PASSED] - dZONumOtk = dZONumOtk + 1: null

16-05-2025T10:10:41 - [TEST_STEP][PASSED] - println("dZONumOtk: " + dZONumOtk): null

16-05-2025T10:10:41 - [TEST_STEP][PASSED] - dZONames = dZONames.substring(dZONames.indexOf("/") + 1, dZONames.length()): null

16-05-2025T10:10:41 - [TEST_STEP][PASSED] - ii = dZONames.lastIndexOf("/"): null

16-05-2025T10:10:41 - [TEST_STEP][PASSED] - println("dZONames: " + dZONames): null

16-05-2025T10:10:41 - [TEST_STEP][PASSED] - dZONumOtk = dZONumOtk + 1: null

16-05-2025T10:10:41 - [TEST_STEP][PASSED] - println("dZONumOtk: " + dZONumOtk): null

16-05-2025T10:10:41 - [TEST_STEP][PASSED] - dZONames = dZONames.substring(dZONames.indexOf("/") + 1, dZONames.length()): null

16-05-2025T10:10:41 - [TEST_STEP][PASSED] - ii = dZONames.lastIndexOf("/"): null

16-05-2025T10:10:41 - [TEST_STEP][PASSED] - println("dZONames: " + dZONames): null

16-05-2025T10:10:41 - [TEST_STEP][PASSED] - dZONumOtk = dZONumOtk + 1: null

16-05-2025T10:10:41 - [TEST_STEP][PASSED] - println("dZONumOtk: " + dZONumOtk): null

16-05-2025T10:10:41 - [TEST_STEP][PASSED] - dZONames = dZONames.substring(dZONames.indexOf("/") + 1, dZONames.length()): null

16-05-2025T10:10:41 - [TEST_STEP][PASSED] - ii = dZONames.lastIndexOf("/"): null

16-05-2025T10:10:41 - [TEST_STEP][PASSED] - println("dZONames: " + dZONames): null

16-05-2025T10:10:41 - [TEST_STEP][PASSED] - dZONumOtk = dZONumOtk + 1: null

16-05-2025T10:10:41 - [TEST_STEP][PASSED] - println("dZONumOtk: " + dZONumOtk): null

16-05-2025T10:10:41 - [TEST_STEP][PASSED] - dZONames = dZONames.substring(dZONames.indexOf("/") + 1, dZONames.length()): null

16-05-2025T10:10:41 - [TEST_STEP][PASSED] - ii = dZONames.lastIndexOf("/"): null

16-05-2025T10:10:41 - [TEST_STEP][PASSED] - println("dZONames: " + dZONames): null

16-05-2025T10:10:41 - [TEST_STEP][PASSED] - dZONumOtk = dZONumOtk + 1: null

16-05-2025T10:10:41 - [TEST_STEP][PASSED] - println("dZONumOtk: " + dZONumOtk): null

16-05-2025T10:10:41 - [TEST_STEP][PASSED] - dZONames = dZONames.substring(dZONames.indexOf("/") + 1, dZONames.length()): null

16-05-2025T10:10:41 - [TEST_STEP][PASSED] - ii = dZONames.lastIndexOf("/"): null

16-05-2025T10:10:41 - [TEST_STEP][PASSED] - println("dZONames: " + dZONames): null

16-05-2025T10:10:41 - [TEST_STEP][PASSED] - dZONumOtk = dZONumOtk + 1: null

16-05-2025T10:10:41 - [TEST_STEP][PASSED] - println("dZONumOtk: " + dZONumOtk): null

16-05-2025T10:10:41 - [TEST_STEP][PASSED] - dZONames = dZONames.substring(dZONames.indexOf("/") + 1, dZONames.length()): null

16-05-2025T10:10:41 - [TEST_STEP][PASSED] - ii = dZONames.lastIndexOf("/"): null

16-05-2025T10:10:41 - [TEST_STEP][PASSED] - println("dZONames: " + dZONames): null

16-05-2025T10:10:41 - [TEST_STEP][PASSED] - dZONumOtk = dZONumOtk + 1: null

16-05-2025T10:10:41 - [TEST_STEP][PASSED] - println("dZONumOtk: " + dZONumOtk): null

16-05-2025T10:10:41 - [TEST_STEP][PASSED] - if (z.indexOf("//") > -1): null

16-05-2025T10:10:41 - [TEST_STEP][PASSED] - println("z: " + z): null

16-05-2025T10:10:41 - [TEST_STEP][PASSED] - for ([ii = 1, ii < dZONumOtk, (ii++)]): null

16-05-2025T10:10:41 - [TEST_STEP][PASSED] - i1 = z.indexOf("/") + 1: null

16-05-2025T10:10:41 - [TEST_STEP][PASSED] - z = z.substring(i1, z.length()): null

16-05-2025T10:10:41 - [TEST_STEP][PASSED] - println("ii: " + ii): null

16-05-2025T10:10:41 - [TEST_STEP][PASSED] - println("z: " + z): null

16-05-2025T10:10:41 - [TEST_STEP][PASSED] - i1 = z.indexOf("/") + 1: null

16-05-2025T10:10:41 - [TEST_STEP][PASSED] - z = z.substring(i1, z.length()): null

16-05-2025T10:10:41 - [TEST_STEP][PASSED] - println("ii: " + ii): null

16-05-2025T10:10:41 - [TEST_STEP][PASSED] - println("z: " + z): null

16-05-2025T10:10:41 - [TEST_STEP][PASSED] - i1 = z.indexOf("/") + 1: null

16-05-2025T10:10:41 - [TEST_STEP][PASSED] - z = z.substring(i1, z.length()): null

16-05-2025T10:10:41 - [TEST_STEP][PASSED] - println("ii: " + ii): null

16-05-2025T10:10:41 - [TEST_STEP][PASSED] - println("z: " + z): null

16-05-2025T10:10:41 - [TEST_STEP][PASSED] - i1 = z.indexOf("/") + 1: null

16-05-2025T10:10:41 - [TEST_STEP][PASSED] - z = z.substring(i1, z.length()): null

16-05-2025T10:10:41 - [TEST_STEP][PASSED] - println("ii: " + ii): null

16-05-2025T10:10:41 - [TEST_STEP][PASSED] - println("z: " + z): null

16-05-2025T10:10:41 - [TEST_STEP][PASSED] - i1 = z.indexOf("/") + 1: null

16-05-2025T10:10:41 - [TEST_STEP][PASSED] - z = z.substring(i1, z.length()): null

16-05-2025T10:10:41 - [TEST_STEP][PASSED] - println("ii: " + ii): null

16-05-2025T10:10:41 - [TEST_STEP][PASSED] - println("z: " + z): null

16-05-2025T10:10:41 - [TEST_STEP][PASSED] - i1 = z.indexOf("/") + 1: null

16-05-2025T10:10:41 - [TEST_STEP][PASSED] - z = z.substring(i1, z.length()): null

16-05-2025T10:10:41 - [TEST_STEP][PASSED] - println("ii: " + ii): null

16-05-2025T10:10:41 - [TEST_STEP][PASSED] - println("z: " + z): null

16-05-2025T10:10:41 - [TEST_STEP][PASSED] - i1 = z.indexOf("/") + 1: null

16-05-2025T10:10:41 - [TEST_STEP][PASSED] - z = z.substring(i1, z.length()): null

16-05-2025T10:10:41 - [TEST_STEP][PASSED] - println("ii: " + ii): null

16-05-2025T10:10:41 - [TEST_STEP][PASSED] - println("z: " + z): null

16-05-2025T10:10:41 - [TEST_STEP][PASSED] - z = z.substring(0, z.indexOf("/")): null

16-05-2025T10:10:41 - [TEST_STEP][PASSED] - println("z: " + z): null

16-05-2025T10:10:41 - [TEST_STEP][PASSED] - x = x + "/" + z: null

16-05-2025T10:10:41 - [TEST_STEP][PASSED] - x = x.replaceAll("[\r?
|
]", ""): null

16-05-2025T10:10:41 - [TEST_STEP][PASSED] - println("x =" + x): null

16-05-2025T10:10:41 - [TEST_STEP][PASSED] - return x: null

16-05-2025T10:10:41 - [TEST_STEP][PASSED] - println("vB: " + vB): null

16-05-2025T10:10:41 - [TEST_STEP][PASSED] - i = VseDZO.indexOf("Кубань"): null

16-05-2025T10:10:41 - [TEST_STEP][PASSED] - if (i > -1): null

16-05-2025T10:10:41 - [TEST_STEP][PASSED] - else: null

16-05-2025T10:10:41 - [TEST_STEP][PASSED] - kB = kB + "нет данных/нет данных/нет данных/нет данных/нет данных/нет данных/нет данных/нет данных/нет данных": null

16-05-2025T10:10:41 - [TEST_STEP][PASSED] - println("kB: " + kB): null

16-05-2025T10:10:41 - [TEST_STEP][PASSED] - i = VseDZO.indexOf("Ленэнерго"): null

16-05-2025T10:10:41 - [TEST_STEP][PASSED] - if (i > -1): null

16-05-2025T10:10:41 - [TEST_STEP][PASSED] - else: null

16-05-2025T10:10:41 - [TEST_STEP][PASSED] - lB = lB + "нет данных/нет данных/нет данных/нет данных/нет данных/нет данных/нет данных/нет данных/нет данных": null

16-05-2025T10:10:41 - [TEST_STEP][PASSED] - println("lB: " + lB): null

16-05-2025T10:10:41 - [TEST_STEP][PASSED] - i = VseDZO.indexOf("Московский"): null

16-05-2025T10:10:41 - [TEST_STEP][PASSED] - if (i > -1): null

16-05-2025T10:10:41 - [TEST_STEP][PASSED] - dZONum = dZONum + 1: null

16-05-2025T10:10:41 - [TEST_STEP][PASSED] - mB = GetAllData(path, dZONum, VseDZO, x = "Россети Московский регион/", dZO): null

16-05-2025T10:10:41 - [TEST_STEP][PASSED] - ii = <not implemented yet for class: org.codehaus.groovy.ast.expr.EmptyExpression>: null

16-05-2025T10:10:41 - [TEST_STEP][PASSED] - i1 = <not implemented yet for class: org.codehaus.groovy.ast.expr.EmptyExpression>: null

16-05-2025T10:10:41 - [TEST_STEP][PASSED] - z = <not implemented yet for class: org.codehaus.groovy.ast.expr.EmptyExpression>: null

16-05-2025T10:10:41 - [TEST_STEP][PASSED] - strToManage = <not implemented yet for class: org.codehaus.groovy.ast.expr.EmptyExpression>: null

16-05-2025T10:10:41 - [TEST_STEP][PASSED] - path2 = "Значения со страницы Выполнение бизнес-плана/Table Data/": null

16-05-2025T10:10:41 - [TEST_STEP][PASSED] - println("path: " + path): null

16-05-2025T10:10:41 - [TEST_STEP][PASSED] - dZONumOtk = <not implemented yet for class: org.codehaus.groovy.ast.expr.EmptyExpression>: null

16-05-2025T10:10:41 - [TEST_STEP][PASSED] - println("dZONum: " + dZONum): null

16-05-2025T10:10:41 - [TEST_STEP][PASSED] - dZO = x.substring(x.indexOf("/")): null

16-05-2025T10:10:41 - [TEST_STEP][PASSED] - println("dZO: " + dZO): null

16-05-2025T10:10:41 - [TEST_STEP][PASSED] - z = getText(findTestObject(path + "spanPlan" + dZONum)): Text of object 'Object Repository/Выполнение бизнес-плана/Выполнение бизнес-плана Балансы/spanPlan3' is: '9.39
|'

16-05-2025T10:10:41 - [MESSAGE][PASSED] - Text of object 'Object Repository/Выполнение бизнес-плана/Выполнение бизнес-плана Балансы/spanPlan3' is: '9.39
|'

16-05-2025T10:10:41 - [TEST_STEP][PASSED] - println(z): null

16-05-2025T10:10:41 - [TEST_STEP][PASSED] - if (z != ""): null

16-05-2025T10:10:41 - [TEST_STEP][PASSED] - ii = z.indexOf("|"): null

16-05-2025T10:10:41 - [TEST_STEP][PASSED] - if (ii > -1): null

16-05-2025T10:10:41 - [TEST_STEP][PASSED] - z = z.substring(0, z.length() - 1): null

16-05-2025T10:10:41 - [TEST_STEP][PASSED] - println(z): null

16-05-2025T10:10:41 - [TEST_STEP][PASSED] - z = z.replaceAll("\s+", ""): null

16-05-2025T10:10:41 - [TEST_STEP][PASSED] - z = z.replace("[\r?
|
]", "/"): null

16-05-2025T10:10:41 - [TEST_STEP][PASSED] - println(z): null

16-05-2025T10:10:41 - [TEST_STEP][PASSED] - x = x + z: null

16-05-2025T10:10:41 - [TEST_STEP][PASSED] - z = getText(findTestObject(path + "spanFact" + dZONum)): Text of object 'Object Repository/Выполнение бизнес-плана/Выполнение бизнес-плана Балансы/spanFact3' is: '9.00'

16-05-2025T10:10:41 - [MESSAGE][PASSED] - Text of object 'Object Repository/Выполнение бизнес-плана/Выполнение бизнес-плана Балансы/spanFact3' is: '9.00'

16-05-2025T10:10:41 - [TEST_STEP][PASSED] - ii = z.indexOf("|"): null

16-05-2025T10:10:41 - [TEST_STEP][PASSED] - if (ii > -1): null

16-05-2025T10:10:41 - [TEST_STEP][PASSED] - x = x + "/" + z: null

16-05-2025T10:10:41 - [TEST_STEP][PASSED] - z = getText(findTestObject(path + path2 + "Факт Отпуск в сеть за отчётный период " + dZONum)).replaceAll("\s+", ""): Text of object 'Object Repository/Выполнение бизнес-плана/Выполнение бизнес-плана Балансы/Значения со страницы Выполнение бизнес-плана/Table Data/Факт Отпуск в сеть за отчётный период 3' is: '28 695 297'

16-05-2025T10:10:42 - [MESSAGE][PASSED] - Text of object 'Object Repository/Выполнение бизнес-плана/Выполнение бизнес-плана Балансы/Значения со страницы Выполнение бизнес-плана/Table Data/Факт Отпуск в сеть за отчётный период 3' is: '28 695 297'

16-05-2025T10:10:42 - [TEST_STEP][PASSED] - println("z=" + z): null

16-05-2025T10:10:42 - [TEST_STEP][PASSED] - x = x + "/" + z: null

16-05-2025T10:10:42 - [TEST_STEP][PASSED] - z = getText(findTestObject(path + path2 + "Факт Отпуск из сети за отчётный период " + dZONum)).replaceAll("\s+", ""): Text of object 'Object Repository/Выполнение бизнес-плана/Выполнение бизнес-плана Балансы/Значения со страницы Выполнение бизнес-плана/Table Data/Факт Отпуск из сети за отчётный период 3' is: '26 113 910'

16-05-2025T10:10:42 - [MESSAGE][PASSED] - Text of object 'Object Repository/Выполнение бизнес-плана/Выполнение бизнес-плана Балансы/Значения со страницы Выполнение бизнес-плана/Table Data/Факт Отпуск из сети за отчётный период 3' is: '26 113 910'

16-05-2025T10:10:42 - [TEST_STEP][PASSED] - x = x + "/" + z: null

16-05-2025T10:10:42 - [TEST_STEP][PASSED] - z = getText(findTestObject(path + path2 + "Факт Потери за отчётный период " + dZONum)).replaceAll("\s+", ""): Text of object 'Object Repository/Выполнение бизнес-плана/Выполнение бизнес-плана Балансы/Значения со страницы Выполнение бизнес-плана/Table Data/Факт Потери за отчётный период 3' is: '2 581 387'

16-05-2025T10:10:42 - [MESSAGE][PASSED] - Text of object 'Object Repository/Выполнение бизнес-плана/Выполнение бизнес-плана Балансы/Значения со страницы Выполнение бизнес-плана/Table Data/Факт Потери за отчётный период 3' is: '2 581 387'

16-05-2025T10:10:42 - [TEST_STEP][PASSED] - x = x + "/" + z: null

16-05-2025T10:10:42 - [TEST_STEP][PASSED] - z = getText(findTestObject(path + path2 + "План Отпуск в сеть за отчётный период " + dZONum)).replaceAll("\s+", ""): Text of object 'Object Repository/Выполнение бизнес-плана/Выполнение бизнес-плана Балансы/Значения со страницы Выполнение бизнес-плана/Table Data/План Отпуск в сеть за отчётный период 3' is: '30 256 406'

16-05-2025T10:10:43 - [MESSAGE][PASSED] - Text of object 'Object Repository/Выполнение бизнес-плана/Выполнение бизнес-плана Балансы/Значения со страницы Выполнение бизнес-плана/Table Data/План Отпуск в сеть за отчётный период 3' is: '30 256 406'

16-05-2025T10:10:43 - [TEST_STEP][PASSED] - x = x + "/" + z: null

16-05-2025T10:10:43 - [TEST_STEP][PASSED] - z = getText(findTestObject(path + path2 + "План Отпуск из сети за отчётный период " + dZONum)).replaceAll("\s+", ""): Text of object 'Object Repository/Выполнение бизнес-плана/Выполнение бизнес-плана Балансы/Значения со страницы Выполнение бизнес-плана/Table Data/План Отпуск из сети за отчётный период 3' is: '27 414 523'

16-05-2025T10:10:43 - [MESSAGE][PASSED] - Text of object 'Object Repository/Выполнение бизнес-плана/Выполнение бизнес-плана Балансы/Значения со страницы Выполнение бизнес-плана/Table Data/План Отпуск из сети за отчётный период 3' is: '27 414 523'

16-05-2025T10:10:43 - [TEST_STEP][PASSED] - x = x + "/" + z: null

16-05-2025T10:10:43 - [TEST_STEP][PASSED] - z = getText(findTestObject(path + path2 + "План Потери за отчётный период " + dZONum)).replaceAll("\s+", ""): Text of object 'Object Repository/Выполнение бизнес-плана/Выполнение бизнес-плана Балансы/Значения со страницы Выполнение бизнес-плана/Table Data/План Потери за отчётный период 3' is: '2 841 883'

16-05-2025T10:10:43 - [MESSAGE][PASSED] - Text of object 'Object Repository/Выполнение бизнес-плана/Выполнение бизнес-плана Балансы/Значения со страницы Выполнение бизнес-плана/Table Data/План Потери за отчётный период 3' is: '2 841 883'

16-05-2025T10:10:43 - [TEST_STEP][PASSED] - x = x + "/" + z: null

16-05-2025T10:10:43 - [TEST_STEP][PASSED] - z = getText(findTestObject(path + "Список ДЗО 2")).replaceAll("[\r?
|
]", "/"): Text of object 'Object Repository/Выполнение бизнес-плана/Выполнение бизнес-плана Балансы/Список ДЗО 2' is: '0.05
-0.99
-0.40
-1.51
-0.19
-0.25
-1.44
-1.52
Россети ФСК ЕЭС
Россети Волга
Россети Московский регион
Россети Северо-Запад
Россети Томск
Россети Урал (ГК)
Россети Юг (ГК)
Россети Янтарь
-2
-1
0
1
2
3
4
5
6
7'

16-05-2025T10:10:43 - [MESSAGE][PASSED] - Text of object 'Object Repository/Выполнение бизнес-плана/Выполнение бизнес-плана Балансы/Список ДЗО 2' is: '0.05
-0.99
-0.40
-1.51
-0.19
-0.25
-1.44
-1.52
Россети ФСК ЕЭС
Россети Волга
Россети Московский регион
Россети Северо-Запад
Россети Томск
Россети Урал (ГК)
Россети Юг (ГК)
Россети Янтарь
-2
-1
0
1
2
3
4
5
6
7'

16-05-2025T10:10:43 - [TEST_STEP][PASSED] - strToManage = z: null

16-05-2025T10:10:43 - [TEST_STEP][PASSED] - ii = strToManage.indexOf("ГК"): null

16-05-2025T10:10:43 - [TEST_STEP][PASSED] - if (ii > -1): null

16-05-2025T10:10:43 - [TEST_STEP][PASSED] - for ([i1 = 1, i1 > -1, (i1--)]): null

16-05-2025T10:10:43 - [TEST_STEP][PASSED] - strToManage = strToManage.substring(0, strToManage.indexOf("ГК") - 1) + strToManage.substring(strToManage.indexOf("ГК") + 3): null

16-05-2025T10:10:43 - [TEST_STEP][PASSED] - println("strToManage count i1: " + strToManage): null

16-05-2025T10:10:43 - [TEST_STEP][PASSED] - i1 = strToManage.count("ГК"): null

16-05-2025T10:10:43 - [TEST_STEP][PASSED] - println("i1: " + i1): null

16-05-2025T10:10:43 - [TEST_STEP][PASSED] - strToManage = strToManage.substring(0, strToManage.indexOf("ГК") - 1) + strToManage.substring(strToManage.indexOf("ГК") + 3): null

16-05-2025T10:10:43 - [TEST_STEP][PASSED] - println("strToManage count i1: " + strToManage): null

16-05-2025T10:10:43 - [TEST_STEP][PASSED] - i1 = strToManage.count("ГК"): null

16-05-2025T10:10:43 - [TEST_STEP][PASSED] - println("i1: " + i1): null

16-05-2025T10:10:43 - [TEST_STEP][PASSED] - z = strToManage: null

16-05-2025T10:10:43 - [TEST_STEP][PASSED] - println("z: " + z): null

16-05-2025T10:10:43 - [TEST_STEP][PASSED] - lettersStart = z.indexOf("Россети"): null

16-05-2025T10:10:43 - [TEST_STEP][PASSED] - strToManage = z.substring(lettersStart, z.length()): null

16-05-2025T10:10:43 - [TEST_STEP][PASSED] - println("strToManage: " + strToManage): null

16-05-2025T10:10:43 - [TEST_STEP][PASSED] - dZONames = strToManage: null

16-05-2025T10:10:43 - [TEST_STEP][PASSED] - strToManage = strToManage.replaceAll("[а-яА-Я]", ""): null

16-05-2025T10:10:43 - [TEST_STEP][PASSED] - println("strToManage after letters: " + strToManage): null

16-05-2025T10:10:43 - [TEST_STEP][PASSED] - strToManage = replaceAll(" ", "").replaceAll("/-/", ""): null

16-05-2025T10:10:43 - [TEST_STEP][PASSED] - println("strToManage: " + strToManage): null

16-05-2025T10:10:43 - [TEST_STEP][PASSED] - strToManage = strToManage.substring(strToManage.lastIndexOf("//") + 1, strToManage.length()): null

16-05-2025T10:10:43 - [TEST_STEP][PASSED] - println("strToManage: " + strToManage): null

16-05-2025T10:10:43 - [TEST_STEP][PASSED] - ii = z.indexOf(strToManage): null

16-05-2025T10:10:43 - [TEST_STEP][PASSED] - if (ii > -1): null

16-05-2025T10:10:43 - [TEST_STEP][PASSED] - z = z.substring(0, ii) + "/": null

16-05-2025T10:10:43 - [TEST_STEP][PASSED] - println("z: " + z): null

16-05-2025T10:10:43 - [TEST_STEP][PASSED] - println("dZONum: " + dZONum): null

16-05-2025T10:10:43 - [TEST_STEP][PASSED] - strToManage = dZO: null

16-05-2025T10:10:43 - [TEST_STEP][PASSED] - if (strToManage.indexOf("(ГК)") > -1): null

16-05-2025T10:10:43 - [TEST_STEP][PASSED] - strToManage = replaceAll("\p{P}", "").replaceAll("\s+", ""): null

16-05-2025T10:10:43 - [TEST_STEP][PASSED] - println("strToManage: " + strToManage): null

16-05-2025T10:10:43 - [TEST_STEP][PASSED] - if (replaceAll("\s+", "").indexOf(strToManage) > -1): null

16-05-2025T10:10:43 - [TEST_STEP][PASSED] - dZONames = replaceAll("-", "").replaceAll("//", ""): null

16-05-2025T10:10:43 - [TEST_STEP][PASSED] - println("dZONames: " + dZONames): null

16-05-2025T10:10:43 - [TEST_STEP][PASSED] - dZONumOtk = 1: null

16-05-2025T10:10:43 - [TEST_STEP][PASSED] - ii = dZONames.indexOf(strToManage): null

16-05-2025T10:10:43 - [TEST_STEP][PASSED] - if (strToManage != "ФСК"): null

16-05-2025T10:10:43 - [TEST_STEP][PASSED] - if (ii > -1): null

16-05-2025T10:10:43 - [TEST_STEP][PASSED] - for ([i1 = 1, ii > -1, (i1++)]): null

16-05-2025T10:10:43 - [TEST_STEP][PASSED] - dZONames = dZONames.substring(dZONames.indexOf("/") + 1, dZONames.length()): null

16-05-2025T10:10:43 - [TEST_STEP][PASSED] - ii = dZONames.lastIndexOf("/"): null

16-05-2025T10:10:43 - [TEST_STEP][PASSED] - println("dZONames: " + dZONames): null

16-05-2025T10:10:43 - [TEST_STEP][PASSED] - dZONumOtk = dZONumOtk + 1: null

16-05-2025T10:10:43 - [TEST_STEP][PASSED] - println("dZONumOtk: " + dZONumOtk): null

16-05-2025T10:10:43 - [TEST_STEP][PASSED] - dZONames = dZONames.substring(dZONames.indexOf("/") + 1, dZONames.length()): null

16-05-2025T10:10:43 - [TEST_STEP][PASSED] - ii = dZONames.lastIndexOf("/"): null

16-05-2025T10:10:43 - [TEST_STEP][PASSED] - println("dZONames: " + dZONames): null

16-05-2025T10:10:43 - [TEST_STEP][PASSED] - dZONumOtk = dZONumOtk + 1: null

16-05-2025T10:10:43 - [TEST_STEP][PASSED] - println("dZONumOtk: " + dZONumOtk): null

16-05-2025T10:10:43 - [TEST_STEP][PASSED] - dZONames = dZONames.substring(dZONames.indexOf("/") + 1, dZONames.length()): null

16-05-2025T10:10:43 - [TEST_STEP][PASSED] - ii = dZONames.lastIndexOf("/"): null

16-05-2025T10:10:43 - [TEST_STEP][PASSED] - println("dZONames: " + dZONames): null

16-05-2025T10:10:43 - [TEST_STEP][PASSED] - dZONumOtk = dZONumOtk + 1: null

16-05-2025T10:10:43 - [TEST_STEP][PASSED] - println("dZONumOtk: " + dZONumOtk): null

16-05-2025T10:10:43 - [TEST_STEP][PASSED] - dZONames = dZONames.substring(dZONames.indexOf("/") + 1, dZONames.length()): null

16-05-2025T10:10:43 - [TEST_STEP][PASSED] - ii = dZONames.lastIndexOf("/"): null

16-05-2025T10:10:43 - [TEST_STEP][PASSED] - println("dZONames: " + dZONames): null

16-05-2025T10:10:43 - [TEST_STEP][PASSED] - dZONumOtk = dZONumOtk + 1: null

16-05-2025T10:10:43 - [TEST_STEP][PASSED] - println("dZONumOtk: " + dZONumOtk): null

16-05-2025T10:10:43 - [TEST_STEP][PASSED] - dZONames = dZONames.substring(dZONames.indexOf("/") + 1, dZONames.length()): null

16-05-2025T10:10:43 - [TEST_STEP][PASSED] - ii = dZONames.lastIndexOf("/"): null

16-05-2025T10:10:43 - [TEST_STEP][PASSED] - println("dZONames: " + dZONames): null

16-05-2025T10:10:43 - [TEST_STEP][PASSED] - dZONumOtk = dZONumOtk + 1: null

16-05-2025T10:10:43 - [TEST_STEP][PASSED] - println("dZONumOtk: " + dZONumOtk): null

16-05-2025T10:10:43 - [TEST_STEP][PASSED] - dZONames = dZONames.substring(dZONames.indexOf("/") + 1, dZONames.length()): null

16-05-2025T10:10:43 - [TEST_STEP][PASSED] - ii = dZONames.lastIndexOf("/"): null

16-05-2025T10:10:43 - [TEST_STEP][PASSED] - println("dZONames: " + dZONames): null

16-05-2025T10:10:43 - [TEST_STEP][PASSED] - dZONumOtk = dZONumOtk + 1: null

16-05-2025T10:10:43 - [TEST_STEP][PASSED] - println("dZONumOtk: " + dZONumOtk): null

16-05-2025T10:10:43 - [TEST_STEP][PASSED] - dZONames = dZONames.substring(dZONames.indexOf("/") + 1, dZONames.length()): null

16-05-2025T10:10:43 - [TEST_STEP][PASSED] - ii = dZONames.lastIndexOf("/"): null

16-05-2025T10:10:43 - [TEST_STEP][PASSED] - println("dZONames: " + dZONames): null

16-05-2025T10:10:43 - [TEST_STEP][PASSED] - dZONumOtk = dZONumOtk + 1: null

16-05-2025T10:10:43 - [TEST_STEP][PASSED] - println("dZONumOtk: " + dZONumOtk): null

16-05-2025T10:10:43 - [TEST_STEP][PASSED] - if (z.indexOf("//") > -1): null

16-05-2025T10:10:43 - [TEST_STEP][PASSED] - println("z: " + z): null

16-05-2025T10:10:43 - [TEST_STEP][PASSED] - for ([ii = 1, ii < dZONumOtk, (ii++)]): null

16-05-2025T10:10:43 - [TEST_STEP][PASSED] - i1 = z.indexOf("/") + 1: null

16-05-2025T10:10:43 - [TEST_STEP][PASSED] - z = z.substring(i1, z.length()): null

16-05-2025T10:10:43 - [TEST_STEP][PASSED] - println("ii: " + ii): null

16-05-2025T10:10:43 - [TEST_STEP][PASSED] - println("z: " + z): null

16-05-2025T10:10:43 - [TEST_STEP][PASSED] - i1 = z.indexOf("/") + 1: null

16-05-2025T10:10:43 - [TEST_STEP][PASSED] - z = z.substring(i1, z.length()): null

16-05-2025T10:10:43 - [TEST_STEP][PASSED] - println("ii: " + ii): null

16-05-2025T10:10:43 - [TEST_STEP][PASSED] - println("z: " + z): null

16-05-2025T10:10:43 - [TEST_STEP][PASSED] - i1 = z.indexOf("/") + 1: null

16-05-2025T10:10:43 - [TEST_STEP][PASSED] - z = z.substring(i1, z.length()): null

16-05-2025T10:10:43 - [TEST_STEP][PASSED] - println("ii: " + ii): null

16-05-2025T10:10:43 - [TEST_STEP][PASSED] - println("z: " + z): null

16-05-2025T10:10:43 - [TEST_STEP][PASSED] - i1 = z.indexOf("/") + 1: null

16-05-2025T10:10:43 - [TEST_STEP][PASSED] - z = z.substring(i1, z.length()): null

16-05-2025T10:10:43 - [TEST_STEP][PASSED] - println("ii: " + ii): null

16-05-2025T10:10:43 - [TEST_STEP][PASSED] - println("z: " + z): null

16-05-2025T10:10:43 - [TEST_STEP][PASSED] - i1 = z.indexOf("/") + 1: null

16-05-2025T10:10:43 - [TEST_STEP][PASSED] - z = z.substring(i1, z.length()): null

16-05-2025T10:10:43 - [TEST_STEP][PASSED] - println("ii: " + ii): null

16-05-2025T10:10:43 - [TEST_STEP][PASSED] - println("z: " + z): null

16-05-2025T10:10:43 - [TEST_STEP][PASSED] - i1 = z.indexOf("/") + 1: null

16-05-2025T10:10:43 - [TEST_STEP][PASSED] - z = z.substring(i1, z.length()): null

16-05-2025T10:10:43 - [TEST_STEP][PASSED] - println("ii: " + ii): null

16-05-2025T10:10:43 - [TEST_STEP][PASSED] - println("z: " + z): null

16-05-2025T10:10:43 - [TEST_STEP][PASSED] - i1 = z.indexOf("/") + 1: null

16-05-2025T10:10:43 - [TEST_STEP][PASSED] - z = z.substring(i1, z.length()): null

16-05-2025T10:10:43 - [TEST_STEP][PASSED] - println("ii: " + ii): null

16-05-2025T10:10:43 - [TEST_STEP][PASSED] - println("z: " + z): null

16-05-2025T10:10:43 - [TEST_STEP][PASSED] - z = z.substring(0, z.indexOf("/")): null

16-05-2025T10:10:43 - [TEST_STEP][PASSED] - println("z: " + z): null

16-05-2025T10:10:43 - [TEST_STEP][PASSED] - x = x + "/" + z: null

16-05-2025T10:10:43 - [TEST_STEP][PASSED] - x = x.replaceAll("[\r?
|
]", ""): null

16-05-2025T10:10:43 - [TEST_STEP][PASSED] - println("x =" + x): null

16-05-2025T10:10:43 - [TEST_STEP][PASSED] - return x: null

16-05-2025T10:10:43 - [TEST_STEP][PASSED] - println("mB: " + mB): null

16-05-2025T10:10:43 - [TEST_STEP][PASSED] - i = VseDZO.indexOf("Кавказ"): null

16-05-2025T10:10:43 - [TEST_STEP][PASSED] - if (i > -1): null

16-05-2025T10:10:43 - [TEST_STEP][PASSED] - else: null

16-05-2025T10:10:43 - [TEST_STEP][PASSED] - sKB = sKB + "нет данных/нет данных/нет данных/нет данных/нет данных/нет данных/нет данных/нет данных/нет данных": null

16-05-2025T10:10:43 - [TEST_STEP][PASSED] - println("sKB: " + sKB): null

16-05-2025T10:10:43 - [TEST_STEP][PASSED] - i = VseDZO.indexOf("Запад"): null

16-05-2025T10:10:43 - [TEST_STEP][PASSED] - if (i > -1): null

16-05-2025T10:10:43 - [TEST_STEP][PASSED] - dZONum = dZONum + 1: null

16-05-2025T10:10:43 - [TEST_STEP][PASSED] - sZB = GetAllData(path, dZONum, VseDZO, x = "Россети Северо-Запад/", dZO): null

16-05-2025T10:10:43 - [TEST_STEP][PASSED] - ii = <not implemented yet for class: org.codehaus.groovy.ast.expr.EmptyExpression>: null

16-05-2025T10:10:43 - [TEST_STEP][PASSED] - i1 = <not implemented yet for class: org.codehaus.groovy.ast.expr.EmptyExpression>: null

16-05-2025T10:10:43 - [TEST_STEP][PASSED] - z = <not implemented yet for class: org.codehaus.groovy.ast.expr.EmptyExpression>: null

16-05-2025T10:10:43 - [TEST_STEP][PASSED] - strToManage = <not implemented yet for class: org.codehaus.groovy.ast.expr.EmptyExpression>: null

16-05-2025T10:10:43 - [TEST_STEP][PASSED] - path2 = "Значения со страницы Выполнение бизнес-плана/Table Data/": null

16-05-2025T10:10:43 - [TEST_STEP][PASSED] - println("path: " + path): null

16-05-2025T10:10:43 - [TEST_STEP][PASSED] - dZONumOtk = <not implemented yet for class: org.codehaus.groovy.ast.expr.EmptyExpression>: null

16-05-2025T10:10:43 - [TEST_STEP][PASSED] - println("dZONum: " + dZONum): null

16-05-2025T10:10:43 - [TEST_STEP][PASSED] - dZO = x.substring(x.indexOf("/")): null

16-05-2025T10:10:43 - [TEST_STEP][PASSED] - println("dZO: " + dZO): null

16-05-2025T10:10:43 - [TEST_STEP][PASSED] - z = getText(findTestObject(path + "spanPlan" + dZONum)): Text of object 'Object Repository/Выполнение бизнес-плана/Выполнение бизнес-плана Балансы/spanPlan4' is: '6.73
|'

16-05-2025T10:10:44 - [MESSAGE][PASSED] - Text of object 'Object Repository/Выполнение бизнес-плана/Выполнение бизнес-плана Балансы/spanPlan4' is: '6.73
|'

16-05-2025T10:10:44 - [TEST_STEP][PASSED] - println(z): null

16-05-2025T10:10:44 - [TEST_STEP][PASSED] - if (z != ""): null

16-05-2025T10:10:44 - [TEST_STEP][PASSED] - ii = z.indexOf("|"): null

16-05-2025T10:10:44 - [TEST_STEP][PASSED] - if (ii > -1): null

16-05-2025T10:10:44 - [TEST_STEP][PASSED] - z = z.substring(0, z.length() - 1): null

16-05-2025T10:10:44 - [TEST_STEP][PASSED] - println(z): null

16-05-2025T10:10:44 - [TEST_STEP][PASSED] - z = z.replaceAll("\s+", ""): null

16-05-2025T10:10:44 - [TEST_STEP][PASSED] - z = z.replace("[\r?
|
]", "/"): null

16-05-2025T10:10:44 - [TEST_STEP][PASSED] - println(z): null

16-05-2025T10:10:44 - [TEST_STEP][PASSED] - x = x + z: null

16-05-2025T10:10:44 - [TEST_STEP][PASSED] - z = getText(findTestObject(path + "spanFact" + dZONum)): Text of object 'Object Repository/Выполнение бизнес-плана/Выполнение бизнес-плана Балансы/spanFact4' is: '5.22'

16-05-2025T10:10:44 - [MESSAGE][PASSED] - Text of object 'Object Repository/Выполнение бизнес-плана/Выполнение бизнес-плана Балансы/spanFact4' is: '5.22'

16-05-2025T10:10:44 - [TEST_STEP][PASSED] - ii = z.indexOf("|"): null

16-05-2025T10:10:44 - [TEST_STEP][PASSED] - if (ii > -1): null

16-05-2025T10:10:44 - [TEST_STEP][PASSED] - x = x + "/" + z: null

16-05-2025T10:10:44 - [TEST_STEP][PASSED] - z = getText(findTestObject(path + path2 + "Факт Отпуск в сеть за отчётный период " + dZONum)).replaceAll("\s+", ""): Text of object 'Object Repository/Выполнение бизнес-плана/Выполнение бизнес-плана Балансы/Значения со страницы Выполнение бизнес-плана/Table Data/Факт Отпуск в сеть за отчётный период 4' is: '6 258 254'

16-05-2025T10:10:44 - [MESSAGE][PASSED] - Text of object 'Object Repository/Выполнение бизнес-плана/Выполнение бизнес-плана Балансы/Значения со страницы Выполнение бизнес-плана/Table Data/Факт Отпуск в сеть за отчётный период 4' is: '6 258 254'

16-05-2025T10:10:44 - [TEST_STEP][PASSED] - println("z=" + z): null

16-05-2025T10:10:44 - [TEST_STEP][PASSED] - x = x + "/" + z: null

16-05-2025T10:10:44 - [TEST_STEP][PASSED] - z = getText(findTestObject(path + path2 + "Факт Отпуск из сети за отчётный период " + dZONum)).replaceAll("\s+", ""): Text of object 'Object Repository/Выполнение бизнес-плана/Выполнение бизнес-плана Балансы/Значения со страницы Выполнение бизнес-плана/Table Data/Факт Отпуск из сети за отчётный период 4' is: '5 931 711'

16-05-2025T10:10:45 - [MESSAGE][PASSED] - Text of object 'Object Repository/Выполнение бизнес-плана/Выполнение бизнес-плана Балансы/Значения со страницы Выполнение бизнес-плана/Table Data/Факт Отпуск из сети за отчётный период 4' is: '5 931 711'

16-05-2025T10:10:45 - [TEST_STEP][PASSED] - x = x + "/" + z: null

16-05-2025T10:10:45 - [TEST_STEP][PASSED] - z = getText(findTestObject(path + path2 + "Факт Потери за отчётный период " + dZONum)).replaceAll("\s+", ""): Text of object 'Object Repository/Выполнение бизнес-плана/Выполнение бизнес-плана Балансы/Значения со страницы Выполнение бизнес-плана/Table Data/Факт Потери за отчётный период 4' is: '326 542'

16-05-2025T10:10:45 - [MESSAGE][PASSED] - Text of object 'Object Repository/Выполнение бизнес-плана/Выполнение бизнес-плана Балансы/Значения со страницы Выполнение бизнес-плана/Table Data/Факт Потери за отчётный период 4' is: '326 542'

16-05-2025T10:10:45 - [TEST_STEP][PASSED] - x = x + "/" + z: null

16-05-2025T10:10:45 - [TEST_STEP][PASSED] - z = getText(findTestObject(path + path2 + "План Отпуск в сеть за отчётный период " + dZONum)).replaceAll("\s+", ""): Text of object 'Object Repository/Выполнение бизнес-плана/Выполнение бизнес-плана Балансы/Значения со страницы Выполнение бизнес-плана/Table Data/План Отпуск в сеть за отчётный период 4' is: '6 540 566'

16-05-2025T10:10:45 - [MESSAGE][PASSED] - Text of object 'Object Repository/Выполнение бизнес-плана/Выполнение бизнес-плана Балансы/Значения со страницы Выполнение бизнес-плана/Table Data/План Отпуск в сеть за отчётный период 4' is: '6 540 566'

16-05-2025T10:10:45 - [TEST_STEP][PASSED] - x = x + "/" + z: null

16-05-2025T10:10:45 - [TEST_STEP][PASSED] - z = getText(findTestObject(path + path2 + "План Отпуск из сети за отчётный период " + dZONum)).replaceAll("\s+", ""): Text of object 'Object Repository/Выполнение бизнес-плана/Выполнение бизнес-плана Балансы/Значения со страницы Выполнение бизнес-плана/Table Data/План Отпуск из сети за отчётный период 4' is: '6 100 575'

16-05-2025T10:10:46 - [MESSAGE][PASSED] - Text of object 'Object Repository/Выполнение бизнес-плана/Выполнение бизнес-плана Балансы/Значения со страницы Выполнение бизнес-плана/Table Data/План Отпуск из сети за отчётный период 4' is: '6 100 575'

16-05-2025T10:10:46 - [TEST_STEP][PASSED] - x = x + "/" + z: null

16-05-2025T10:10:46 - [TEST_STEP][PASSED] - z = getText(findTestObject(path + path2 + "План Потери за отчётный период " + dZONum)).replaceAll("\s+", ""): Text of object 'Object Repository/Выполнение бизнес-плана/Выполнение бизнес-плана Балансы/Значения со страницы Выполнение бизнес-плана/Table Data/План Потери за отчётный период 4' is: '439 991'

16-05-2025T10:10:46 - [MESSAGE][PASSED] - Text of object 'Object Repository/Выполнение бизнес-плана/Выполнение бизнес-плана Балансы/Значения со страницы Выполнение бизнес-плана/Table Data/План Потери за отчётный период 4' is: '439 991'

16-05-2025T10:10:46 - [TEST_STEP][PASSED] - x = x + "/" + z: null

16-05-2025T10:10:46 - [TEST_STEP][PASSED] - z = getText(findTestObject(path + "Список ДЗО 2")).replaceAll("[\r?
|
]", "/"): Text of object 'Object Repository/Выполнение бизнес-плана/Выполнение бизнес-плана Балансы/Список ДЗО 2' is: '0.05
-0.99
-0.40
-1.51
-0.19
-0.25
-1.44
-1.52
Россети ФСК ЕЭС
Россети Волга
Россети Московский регион
Россети Северо-Запад
Россети Томск
Россети Урал (ГК)
Россети Юг (ГК)
Россети Янтарь
-2
-1
0
1
2
3
4
5
6
7'

16-05-2025T10:10:46 - [MESSAGE][PASSED] - Text of object 'Object Repository/Выполнение бизнес-плана/Выполнение бизнес-плана Балансы/Список ДЗО 2' is: '0.05
-0.99
-0.40
-1.51
-0.19
-0.25
-1.44
-1.52
Россети ФСК ЕЭС
Россети Волга
Россети Московский регион
Россети Северо-Запад
Россети Томск
Россети Урал (ГК)
Россети Юг (ГК)
Россети Янтарь
-2
-1
0
1
2
3
4
5
6
7'

16-05-2025T10:10:46 - [TEST_STEP][PASSED] - strToManage = z: null

16-05-2025T10:10:46 - [TEST_STEP][PASSED] - ii = strToManage.indexOf("ГК"): null

16-05-2025T10:10:46 - [TEST_STEP][PASSED] - if (ii > -1): null

16-05-2025T10:10:46 - [TEST_STEP][PASSED] - for ([i1 = 1, i1 > -1, (i1--)]): null

16-05-2025T10:10:46 - [TEST_STEP][PASSED] - strToManage = strToManage.substring(0, strToManage.indexOf("ГК") - 1) + strToManage.substring(strToManage.indexOf("ГК") + 3): null

16-05-2025T10:10:46 - [TEST_STEP][PASSED] - println("strToManage count i1: " + strToManage): null

16-05-2025T10:10:46 - [TEST_STEP][PASSED] - i1 = strToManage.count("ГК"): null

16-05-2025T10:10:46 - [TEST_STEP][PASSED] - println("i1: " + i1): null

16-05-2025T10:10:46 - [TEST_STEP][PASSED] - strToManage = strToManage.substring(0, strToManage.indexOf("ГК") - 1) + strToManage.substring(strToManage.indexOf("ГК") + 3): null

16-05-2025T10:10:46 - [TEST_STEP][PASSED] - println("strToManage count i1: " + strToManage): null

16-05-2025T10:10:46 - [TEST_STEP][PASSED] - i1 = strToManage.count("ГК"): null

16-05-2025T10:10:46 - [TEST_STEP][PASSED] - println("i1: " + i1): null

16-05-2025T10:10:46 - [TEST_STEP][PASSED] - z = strToManage: null

16-05-2025T10:10:46 - [TEST_STEP][PASSED] - println("z: " + z): null

16-05-2025T10:10:46 - [TEST_STEP][PASSED] - lettersStart = z.indexOf("Россети"): null

16-05-2025T10:10:46 - [TEST_STEP][PASSED] - strToManage = z.substring(lettersStart, z.length()): null

16-05-2025T10:10:46 - [TEST_STEP][PASSED] - println("strToManage: " + strToManage): null

16-05-2025T10:10:46 - [TEST_STEP][PASSED] - dZONames = strToManage: null

16-05-2025T10:10:46 - [TEST_STEP][PASSED] - strToManage = strToManage.replaceAll("[а-яА-Я]", ""): null

16-05-2025T10:10:46 - [TEST_STEP][PASSED] - println("strToManage after letters: " + strToManage): null

16-05-2025T10:10:46 - [TEST_STEP][PASSED] - strToManage = replaceAll(" ", "").replaceAll("/-/", ""): null

16-05-2025T10:10:46 - [TEST_STEP][PASSED] - println("strToManage: " + strToManage): null

16-05-2025T10:10:46 - [TEST_STEP][PASSED] - strToManage = strToManage.substring(strToManage.lastIndexOf("//") + 1, strToManage.length()): null

16-05-2025T10:10:46 - [TEST_STEP][PASSED] - println("strToManage: " + strToManage): null

16-05-2025T10:10:46 - [TEST_STEP][PASSED] - ii = z.indexOf(strToManage): null

16-05-2025T10:10:46 - [TEST_STEP][PASSED] - if (ii > -1): null

16-05-2025T10:10:46 - [TEST_STEP][PASSED] - z = z.substring(0, ii) + "/": null

16-05-2025T10:10:46 - [TEST_STEP][PASSED] - println("z: " + z): null

16-05-2025T10:10:46 - [TEST_STEP][PASSED] - println("dZONum: " + dZONum): null

16-05-2025T10:10:46 - [TEST_STEP][PASSED] - strToManage = dZO: null

16-05-2025T10:10:46 - [TEST_STEP][PASSED] - if (strToManage.indexOf("(ГК)") > -1): null

16-05-2025T10:10:46 - [TEST_STEP][PASSED] - strToManage = replaceAll("\p{P}", "").replaceAll("\s+", ""): null

16-05-2025T10:10:46 - [TEST_STEP][PASSED] - println("strToManage: " + strToManage): null

16-05-2025T10:10:46 - [TEST_STEP][PASSED] - if (replaceAll("\s+", "").indexOf(strToManage) > -1): null

16-05-2025T10:10:46 - [TEST_STEP][PASSED] - dZONames = replaceAll("-", "").replaceAll("//", ""): null

16-05-2025T10:10:46 - [TEST_STEP][PASSED] - println("dZONames: " + dZONames): null

16-05-2025T10:10:46 - [TEST_STEP][PASSED] - dZONumOtk = 1: null

16-05-2025T10:10:46 - [TEST_STEP][PASSED] - ii = dZONames.indexOf(strToManage): null

16-05-2025T10:10:46 - [TEST_STEP][PASSED] - if (strToManage != "ФСК"): null

16-05-2025T10:10:46 - [TEST_STEP][PASSED] - if (ii > -1): null

16-05-2025T10:10:46 - [TEST_STEP][PASSED] - for ([i1 = 1, ii > -1, (i1++)]): null

16-05-2025T10:10:46 - [TEST_STEP][PASSED] - dZONames = dZONames.substring(dZONames.indexOf("/") + 1, dZONames.length()): null

16-05-2025T10:10:46 - [TEST_STEP][PASSED] - ii = dZONames.lastIndexOf("/"): null

16-05-2025T10:10:46 - [TEST_STEP][PASSED] - println("dZONames: " + dZONames): null

16-05-2025T10:10:46 - [TEST_STEP][PASSED] - dZONumOtk = dZONumOtk + 1: null

16-05-2025T10:10:46 - [TEST_STEP][PASSED] - println("dZONumOtk: " + dZONumOtk): null

16-05-2025T10:10:46 - [TEST_STEP][PASSED] - dZONames = dZONames.substring(dZONames.indexOf("/") + 1, dZONames.length()): null

16-05-2025T10:10:46 - [TEST_STEP][PASSED] - ii = dZONames.lastIndexOf("/"): null

16-05-2025T10:10:46 - [TEST_STEP][PASSED] - println("dZONames: " + dZONames): null

16-05-2025T10:10:46 - [TEST_STEP][PASSED] - dZONumOtk = dZONumOtk + 1: null

16-05-2025T10:10:46 - [TEST_STEP][PASSED] - println("dZONumOtk: " + dZONumOtk): null

16-05-2025T10:10:46 - [TEST_STEP][PASSED] - dZONames = dZONames.substring(dZONames.indexOf("/") + 1, dZONames.length()): null

16-05-2025T10:10:46 - [TEST_STEP][PASSED] - ii = dZONames.lastIndexOf("/"): null

16-05-2025T10:10:46 - [TEST_STEP][PASSED] - println("dZONames: " + dZONames): null

16-05-2025T10:10:46 - [TEST_STEP][PASSED] - dZONumOtk = dZONumOtk + 1: null

16-05-2025T10:10:46 - [TEST_STEP][PASSED] - println("dZONumOtk: " + dZONumOtk): null

16-05-2025T10:10:46 - [TEST_STEP][PASSED] - dZONames = dZONames.substring(dZONames.indexOf("/") + 1, dZONames.length()): null

16-05-2025T10:10:46 - [TEST_STEP][PASSED] - ii = dZONames.lastIndexOf("/"): null

16-05-2025T10:10:46 - [TEST_STEP][PASSED] - println("dZONames: " + dZONames): null

16-05-2025T10:10:46 - [TEST_STEP][PASSED] - dZONumOtk = dZONumOtk + 1: null

16-05-2025T10:10:46 - [TEST_STEP][PASSED] - println("dZONumOtk: " + dZONumOtk): null

16-05-2025T10:10:46 - [TEST_STEP][PASSED] - dZONames = dZONames.substring(dZONames.indexOf("/") + 1, dZONames.length()): null

16-05-2025T10:10:46 - [TEST_STEP][PASSED] - ii = dZONames.lastIndexOf("/"): null

16-05-2025T10:10:46 - [TEST_STEP][PASSED] - println("dZONames: " + dZONames): null

16-05-2025T10:10:46 - [TEST_STEP][PASSED] - dZONumOtk = dZONumOtk + 1: null

16-05-2025T10:10:46 - [TEST_STEP][PASSED] - println("dZONumOtk: " + dZONumOtk): null

16-05-2025T10:10:46 - [TEST_STEP][PASSED] - dZONames = dZONames.substring(dZONames.indexOf("/") + 1, dZONames.length()): null

16-05-2025T10:10:46 - [TEST_STEP][PASSED] - ii = dZONames.lastIndexOf("/"): null

16-05-2025T10:10:46 - [TEST_STEP][PASSED] - println("dZONames: " + dZONames): null

16-05-2025T10:10:46 - [TEST_STEP][PASSED] - dZONumOtk = dZONumOtk + 1: null

16-05-2025T10:10:46 - [TEST_STEP][PASSED] - println("dZONumOtk: " + dZONumOtk): null

16-05-2025T10:10:46 - [TEST_STEP][PASSED] - dZONames = dZONames.substring(dZONames.indexOf("/") + 1, dZONames.length()): null

16-05-2025T10:10:46 - [TEST_STEP][PASSED] - ii = dZONames.lastIndexOf("/"): null

16-05-2025T10:10:46 - [TEST_STEP][PASSED] - println("dZONames: " + dZONames): null

16-05-2025T10:10:46 - [TEST_STEP][PASSED] - dZONumOtk = dZONumOtk + 1: null

16-05-2025T10:10:46 - [TEST_STEP][PASSED] - println("dZONumOtk: " + dZONumOtk): null

16-05-2025T10:10:46 - [TEST_STEP][PASSED] - if (z.indexOf("//") > -1): null

16-05-2025T10:10:46 - [TEST_STEP][PASSED] - println("z: " + z): null

16-05-2025T10:10:46 - [TEST_STEP][PASSED] - for ([ii = 1, ii < dZONumOtk, (ii++)]): null

16-05-2025T10:10:46 - [TEST_STEP][PASSED] - i1 = z.indexOf("/") + 1: null

16-05-2025T10:10:46 - [TEST_STEP][PASSED] - z = z.substring(i1, z.length()): null

16-05-2025T10:10:46 - [TEST_STEP][PASSED] - println("ii: " + ii): null

16-05-2025T10:10:46 - [TEST_STEP][PASSED] - println("z: " + z): null

16-05-2025T10:10:46 - [TEST_STEP][PASSED] - i1 = z.indexOf("/") + 1: null

16-05-2025T10:10:46 - [TEST_STEP][PASSED] - z = z.substring(i1, z.length()): null

16-05-2025T10:10:46 - [TEST_STEP][PASSED] - println("ii: " + ii): null

16-05-2025T10:10:46 - [TEST_STEP][PASSED] - println("z: " + z): null

16-05-2025T10:10:46 - [TEST_STEP][PASSED] - i1 = z.indexOf("/") + 1: null

16-05-2025T10:10:46 - [TEST_STEP][PASSED] - z = z.substring(i1, z.length()): null

16-05-2025T10:10:46 - [TEST_STEP][PASSED] - println("ii: " + ii): null

16-05-2025T10:10:46 - [TEST_STEP][PASSED] - println("z: " + z): null

16-05-2025T10:10:46 - [TEST_STEP][PASSED] - i1 = z.indexOf("/") + 1: null

16-05-2025T10:10:46 - [TEST_STEP][PASSED] - z = z.substring(i1, z.length()): null

16-05-2025T10:10:46 - [TEST_STEP][PASSED] - println("ii: " + ii): null

16-05-2025T10:10:46 - [TEST_STEP][PASSED] - println("z: " + z): null

16-05-2025T10:10:46 - [TEST_STEP][PASSED] - i1 = z.indexOf("/") + 1: null

16-05-2025T10:10:46 - [TEST_STEP][PASSED] - z = z.substring(i1, z.length()): null

16-05-2025T10:10:46 - [TEST_STEP][PASSED] - println("ii: " + ii): null

16-05-2025T10:10:46 - [TEST_STEP][PASSED] - println("z: " + z): null

16-05-2025T10:10:46 - [TEST_STEP][PASSED] - i1 = z.indexOf("/") + 1: null

16-05-2025T10:10:46 - [TEST_STEP][PASSED] - z = z.substring(i1, z.length()): null

16-05-2025T10:10:46 - [TEST_STEP][PASSED] - println("ii: " + ii): null

16-05-2025T10:10:46 - [TEST_STEP][PASSED] - println("z: " + z): null

16-05-2025T10:10:46 - [TEST_STEP][PASSED] - i1 = z.indexOf("/") + 1: null

16-05-2025T10:10:46 - [TEST_STEP][PASSED] - z = z.substring(i1, z.length()): null

16-05-2025T10:10:46 - [TEST_STEP][PASSED] - println("ii: " + ii): null

16-05-2025T10:10:46 - [TEST_STEP][PASSED] - println("z: " + z): null

16-05-2025T10:10:46 - [TEST_STEP][PASSED] - z = z.substring(0, z.indexOf("/")): null

16-05-2025T10:10:46 - [TEST_STEP][PASSED] - println("z: " + z): null

16-05-2025T10:10:46 - [TEST_STEP][PASSED] - x = x + "/" + z: null

16-05-2025T10:10:46 - [TEST_STEP][PASSED] - x = x.replaceAll("[\r?
|
]", ""): null

16-05-2025T10:10:46 - [TEST_STEP][PASSED] - println("x =" + x): null

16-05-2025T10:10:46 - [TEST_STEP][PASSED] - return x: null

16-05-2025T10:10:46 - [TEST_STEP][PASSED] - println("sZB: " + sZB): null

16-05-2025T10:10:46 - [TEST_STEP][PASSED] - i = VseDZO.indexOf("Сибирь"): null

16-05-2025T10:10:46 - [TEST_STEP][PASSED] - if (i > -1): null

16-05-2025T10:10:46 - [TEST_STEP][PASSED] - else: null

16-05-2025T10:10:46 - [TEST_STEP][PASSED] - siB = siB + "нет данных/нет данных/нет данных/нет данных/нет данных/нет данных/нет данных/нет данных/нет данных": null

16-05-2025T10:10:46 - [TEST_STEP][PASSED] - println("siB: " + siB): null

16-05-2025T10:10:46 - [TEST_STEP][PASSED] - i = VseDZO.indexOf("Томск"): null

16-05-2025T10:10:46 - [TEST_STEP][PASSED] - if (i > -1): null

16-05-2025T10:10:46 - [TEST_STEP][PASSED] - dZONum = dZONum + 1: null

16-05-2025T10:10:46 - [TEST_STEP][PASSED] - tomB = GetAllData(path, dZONum, VseDZO, x = "Россети Томск/", dZO): null

16-05-2025T10:10:46 - [TEST_STEP][PASSED] - ii = <not implemented yet for class: org.codehaus.groovy.ast.expr.EmptyExpression>: null

16-05-2025T10:10:46 - [TEST_STEP][PASSED] - i1 = <not implemented yet for class: org.codehaus.groovy.ast.expr.EmptyExpression>: null

16-05-2025T10:10:46 - [TEST_STEP][PASSED] - z = <not implemented yet for class: org.codehaus.groovy.ast.expr.EmptyExpression>: null

16-05-2025T10:10:46 - [TEST_STEP][PASSED] - strToManage = <not implemented yet for class: org.codehaus.groovy.ast.expr.EmptyExpression>: null

16-05-2025T10:10:46 - [TEST_STEP][PASSED] - path2 = "Значения со страницы Выполнение бизнес-плана/Table Data/": null

16-05-2025T10:10:46 - [TEST_STEP][PASSED] - println("path: " + path): null

16-05-2025T10:10:46 - [TEST_STEP][PASSED] - dZONumOtk = <not implemented yet for class: org.codehaus.groovy.ast.expr.EmptyExpression>: null

16-05-2025T10:10:46 - [TEST_STEP][PASSED] - println("dZONum: " + dZONum): null

16-05-2025T10:10:46 - [TEST_STEP][PASSED] - dZO = x.substring(x.indexOf("/")): null

16-05-2025T10:10:46 - [TEST_STEP][PASSED] - println("dZO: " + dZO): null

16-05-2025T10:10:46 - [TEST_STEP][PASSED] - z = getText(findTestObject(path + "spanPlan" + dZONum)): Text of object 'Object Repository/Выполнение бизнес-плана/Выполнение бизнес-плана Балансы/spanPlan5' is: '10.74
|'

16-05-2025T10:10:47 - [MESSAGE][PASSED] - Text of object 'Object Repository/Выполнение бизнес-плана/Выполнение бизнес-плана Балансы/spanPlan5' is: '10.74
|'

16-05-2025T10:10:47 - [TEST_STEP][PASSED] - println(z): null

16-05-2025T10:10:47 - [TEST_STEP][PASSED] - if (z != ""): null

16-05-2025T10:10:47 - [TEST_STEP][PASSED] - ii = z.indexOf("|"): null

16-05-2025T10:10:47 - [TEST_STEP][PASSED] - if (ii > -1): null

16-05-2025T10:10:47 - [TEST_STEP][PASSED] - z = z.substring(0, z.length() - 1): null

16-05-2025T10:10:47 - [TEST_STEP][PASSED] - println(z): null

16-05-2025T10:10:47 - [TEST_STEP][PASSED] - z = z.replaceAll("\s+", ""): null

16-05-2025T10:10:47 - [TEST_STEP][PASSED] - z = z.replace("[\r?
|
]", "/"): null

16-05-2025T10:10:47 - [TEST_STEP][PASSED] - println(z): null

16-05-2025T10:10:47 - [TEST_STEP][PASSED] - x = x + z: null

16-05-2025T10:10:47 - [TEST_STEP][PASSED] - z = getText(findTestObject(path + "spanFact" + dZONum)): Text of object 'Object Repository/Выполнение бизнес-плана/Выполнение бизнес-плана Балансы/spanFact5' is: '10.55'

16-05-2025T10:10:47 - [MESSAGE][PASSED] - Text of object 'Object Repository/Выполнение бизнес-плана/Выполнение бизнес-плана Балансы/spanFact5' is: '10.55'

16-05-2025T10:10:47 - [TEST_STEP][PASSED] - ii = z.indexOf("|"): null

16-05-2025T10:10:47 - [TEST_STEP][PASSED] - if (ii > -1): null

16-05-2025T10:10:47 - [TEST_STEP][PASSED] - x = x + "/" + z: null

16-05-2025T10:10:47 - [TEST_STEP][PASSED] - z = getText(findTestObject(path + path2 + "Факт Отпуск в сеть за отчётный период " + dZONum)).replaceAll("\s+", ""): Text of object 'Object Repository/Выполнение бизнес-плана/Выполнение бизнес-плана Балансы/Значения со страницы Выполнение бизнес-плана/Table Data/Факт Отпуск в сеть за отчётный период 5' is: '1 364 454'

16-05-2025T10:10:47 - [MESSAGE][PASSED] - Text of object 'Object Repository/Выполнение бизнес-плана/Выполнение бизнес-плана Балансы/Значения со страницы Выполнение бизнес-плана/Table Data/Факт Отпуск в сеть за отчётный период 5' is: '1 364 454'

16-05-2025T10:10:47 - [TEST_STEP][PASSED] - println("z=" + z): null

16-05-2025T10:10:47 - [TEST_STEP][PASSED] - x = x + "/" + z: null

16-05-2025T10:10:47 - [TEST_STEP][PASSED] - z = getText(findTestObject(path + path2 + "Факт Отпуск из сети за отчётный период " + dZONum)).replaceAll("\s+", ""): Text of object 'Object Repository/Выполнение бизнес-плана/Выполнение бизнес-плана Балансы/Значения со страницы Выполнение бизнес-плана/Table Data/Факт Отпуск из сети за отчётный период 5' is: '1 220 439'

16-05-2025T10:10:47 - [MESSAGE][PASSED] - Text of object 'Object Repository/Выполнение бизнес-плана/Выполнение бизнес-плана Балансы/Значения со страницы Выполнение бизнес-плана/Table Data/Факт Отпуск из сети за отчётный период 5' is: '1 220 439'

16-05-2025T10:10:47 - [TEST_STEP][PASSED] - x = x + "/" + z: null

16-05-2025T10:10:47 - [TEST_STEP][PASSED] - z = getText(findTestObject(path + path2 + "Факт Потери за отчётный период " + dZONum)).replaceAll("\s+", ""): Text of object 'Object Repository/Выполнение бизнес-плана/Выполнение бизнес-плана Балансы/Значения со страницы Выполнение бизнес-плана/Table Data/Факт Потери за отчётный период 5' is: '144 015'

16-05-2025T10:10:48 - [MESSAGE][PASSED] - Text of object 'Object Repository/Выполнение бизнес-плана/Выполнение бизнес-плана Балансы/Значения со страницы Выполнение бизнес-плана/Table Data/Факт Потери за отчётный период 5' is: '144 015'

16-05-2025T10:10:48 - [TEST_STEP][PASSED] - x = x + "/" + z: null

16-05-2025T10:10:48 - [TEST_STEP][PASSED] - z = getText(findTestObject(path + path2 + "План Отпуск в сеть за отчётный период " + dZONum)).replaceAll("\s+", ""): Text of object 'Object Repository/Выполнение бизнес-плана/Выполнение бизнес-плана Балансы/Значения со страницы Выполнение бизнес-плана/Table Data/План Отпуск в сеть за отчётный период 5' is: '1 428 476'

16-05-2025T10:10:48 - [MESSAGE][PASSED] - Text of object 'Object Repository/Выполнение бизнес-плана/Выполнение бизнес-плана Балансы/Значения со страницы Выполнение бизнес-плана/Table Data/План Отпуск в сеть за отчётный период 5' is: '1 428 476'

16-05-2025T10:10:48 - [TEST_STEP][PASSED] - x = x + "/" + z: null

16-05-2025T10:10:48 - [TEST_STEP][PASSED] - z = getText(findTestObject(path + path2 + "План Отпуск из сети за отчётный период " + dZONum)).replaceAll("\s+", ""): Text of object 'Object Repository/Выполнение бизнес-плана/Выполнение бизнес-плана Балансы/Значения со страницы Выполнение бизнес-плана/Table Data/План Отпуск из сети за отчётный период 5' is: '1 275 060'

16-05-2025T10:10:48 - [MESSAGE][PASSED] - Text of object 'Object Repository/Выполнение бизнес-плана/Выполнение бизнес-плана Балансы/Значения со страницы Выполнение бизнес-плана/Table Data/План Отпуск из сети за отчётный период 5' is: '1 275 060'

16-05-2025T10:10:48 - [TEST_STEP][PASSED] - x = x + "/" + z: null

16-05-2025T10:10:48 - [TEST_STEP][PASSED] - z = getText(findTestObject(path + path2 + "План Потери за отчётный период " + dZONum)).replaceAll("\s+", ""): Text of object 'Object Repository/Выполнение бизнес-плана/Выполнение бизнес-плана Балансы/Значения со страницы Выполнение бизнес-плана/Table Data/План Потери за отчётный период 5' is: '153 416'

16-05-2025T10:10:49 - [MESSAGE][PASSED] - Text of object 'Object Repository/Выполнение бизнес-плана/Выполнение бизнес-плана Балансы/Значения со страницы Выполнение бизнес-плана/Table Data/План Потери за отчётный период 5' is: '153 416'

16-05-2025T10:10:49 - [TEST_STEP][PASSED] - x = x + "/" + z: null

16-05-2025T10:10:49 - [TEST_STEP][PASSED] - z = getText(findTestObject(path + "Список ДЗО 2")).replaceAll("[\r?
|
]", "/"): Text of object 'Object Repository/Выполнение бизнес-плана/Выполнение бизнес-плана Балансы/Список ДЗО 2' is: '0.05
-0.99
-0.40
-1.51
-0.19
-0.25
-1.44
-1.52
Россети ФСК ЕЭС
Россети Волга
Россети Московский регион
Россети Северо-Запад
Россети Томск
Россети Урал (ГК)
Россети Юг (ГК)
Россети Янтарь
-2
-1
0
1
2
3
4
5
6
7'

16-05-2025T10:10:49 - [MESSAGE][PASSED] - Text of object 'Object Repository/Выполнение бизнес-плана/Выполнение бизнес-плана Балансы/Список ДЗО 2' is: '0.05
-0.99
-0.40
-1.51
-0.19
-0.25
-1.44
-1.52
Россети ФСК ЕЭС
Россети Волга
Россети Московский регион
Россети Северо-Запад
Россети Томск
Россети Урал (ГК)
Россети Юг (ГК)
Россети Янтарь
-2
-1
0
1
2
3
4
5
6
7'

16-05-2025T10:10:49 - [TEST_STEP][PASSED] - strToManage = z: null

16-05-2025T10:10:49 - [TEST_STEP][PASSED] - ii = strToManage.indexOf("ГК"): null

16-05-2025T10:10:49 - [TEST_STEP][PASSED] - if (ii > -1): null

16-05-2025T10:10:49 - [TEST_STEP][PASSED] - for ([i1 = 1, i1 > -1, (i1--)]): null

16-05-2025T10:10:49 - [TEST_STEP][PASSED] - strToManage = strToManage.substring(0, strToManage.indexOf("ГК") - 1) + strToManage.substring(strToManage.indexOf("ГК") + 3): null

16-05-2025T10:10:49 - [TEST_STEP][PASSED] - println("strToManage count i1: " + strToManage): null

16-05-2025T10:10:49 - [TEST_STEP][PASSED] - i1 = strToManage.count("ГК"): null

16-05-2025T10:10:49 - [TEST_STEP][PASSED] - println("i1: " + i1): null

16-05-2025T10:10:49 - [TEST_STEP][PASSED] - strToManage = strToManage.substring(0, strToManage.indexOf("ГК") - 1) + strToManage.substring(strToManage.indexOf("ГК") + 3): null

16-05-2025T10:10:49 - [TEST_STEP][PASSED] - println("strToManage count i1: " + strToManage): null

16-05-2025T10:10:49 - [TEST_STEP][PASSED] - i1 = strToManage.count("ГК"): null

16-05-2025T10:10:49 - [TEST_STEP][PASSED] - println("i1: " + i1): null

16-05-2025T10:10:49 - [TEST_STEP][PASSED] - z = strToManage: null

16-05-2025T10:10:49 - [TEST_STEP][PASSED] - println("z: " + z): null

16-05-2025T10:10:49 - [TEST_STEP][PASSED] - lettersStart = z.indexOf("Россети"): null

16-05-2025T10:10:49 - [TEST_STEP][PASSED] - strToManage = z.substring(lettersStart, z.length()): null

16-05-2025T10:10:49 - [TEST_STEP][PASSED] - println("strToManage: " + strToManage): null

16-05-2025T10:10:49 - [TEST_STEP][PASSED] - dZONames = strToManage: null

16-05-2025T10:10:49 - [TEST_STEP][PASSED] - strToManage = strToManage.replaceAll("[а-яА-Я]", ""): null

16-05-2025T10:10:49 - [TEST_STEP][PASSED] - println("strToManage after letters: " + strToManage): null

16-05-2025T10:10:49 - [TEST_STEP][PASSED] - strToManage = replaceAll(" ", "").replaceAll("/-/", ""): null

16-05-2025T10:10:49 - [TEST_STEP][PASSED] - println("strToManage: " + strToManage): null

16-05-2025T10:10:49 - [TEST_STEP][PASSED] - strToManage = strToManage.substring(strToManage.lastIndexOf("//") + 1, strToManage.length()): null

16-05-2025T10:10:49 - [TEST_STEP][PASSED] - println("strToManage: " + strToManage): null

16-05-2025T10:10:49 - [TEST_STEP][PASSED] - ii = z.indexOf(strToManage): null

16-05-2025T10:10:49 - [TEST_STEP][PASSED] - if (ii > -1): null

16-05-2025T10:10:49 - [TEST_STEP][PASSED] - z = z.substring(0, ii) + "/": null

16-05-2025T10:10:49 - [TEST_STEP][PASSED] - println("z: " + z): null

16-05-2025T10:10:49 - [TEST_STEP][PASSED] - println("dZONum: " + dZONum): null

16-05-2025T10:10:49 - [TEST_STEP][PASSED] - strToManage = dZO: null

16-05-2025T10:10:49 - [TEST_STEP][PASSED] - if (strToManage.indexOf("(ГК)") > -1): null

16-05-2025T10:10:49 - [TEST_STEP][PASSED] - strToManage = replaceAll("\p{P}", "").replaceAll("\s+", ""): null

16-05-2025T10:10:49 - [TEST_STEP][PASSED] - println("strToManage: " + strToManage): null

16-05-2025T10:10:49 - [TEST_STEP][PASSED] - if (replaceAll("\s+", "").indexOf(strToManage) > -1): null

16-05-2025T10:10:49 - [TEST_STEP][PASSED] - dZONames = replaceAll("-", "").replaceAll("//", ""): null

16-05-2025T10:10:49 - [TEST_STEP][PASSED] - println("dZONames: " + dZONames): null

16-05-2025T10:10:49 - [TEST_STEP][PASSED] - dZONumOtk = 1: null

16-05-2025T10:10:49 - [TEST_STEP][PASSED] - ii = dZONames.indexOf(strToManage): null

16-05-2025T10:10:49 - [TEST_STEP][PASSED] - if (strToManage != "ФСК"): null

16-05-2025T10:10:49 - [TEST_STEP][PASSED] - if (ii > -1): null

16-05-2025T10:10:49 - [TEST_STEP][PASSED] - for ([i1 = 1, ii > -1, (i1++)]): null

16-05-2025T10:10:49 - [TEST_STEP][PASSED] - dZONames = dZONames.substring(dZONames.indexOf("/") + 1, dZONames.length()): null

16-05-2025T10:10:49 - [TEST_STEP][PASSED] - ii = dZONames.lastIndexOf("/"): null

16-05-2025T10:10:49 - [TEST_STEP][PASSED] - println("dZONames: " + dZONames): null

16-05-2025T10:10:49 - [TEST_STEP][PASSED] - dZONumOtk = dZONumOtk + 1: null

16-05-2025T10:10:49 - [TEST_STEP][PASSED] - println("dZONumOtk: " + dZONumOtk): null

16-05-2025T10:10:49 - [TEST_STEP][PASSED] - dZONames = dZONames.substring(dZONames.indexOf("/") + 1, dZONames.length()): null

16-05-2025T10:10:49 - [TEST_STEP][PASSED] - ii = dZONames.lastIndexOf("/"): null

16-05-2025T10:10:49 - [TEST_STEP][PASSED] - println("dZONames: " + dZONames): null

16-05-2025T10:10:49 - [TEST_STEP][PASSED] - dZONumOtk = dZONumOtk + 1: null

16-05-2025T10:10:49 - [TEST_STEP][PASSED] - println("dZONumOtk: " + dZONumOtk): null

16-05-2025T10:10:49 - [TEST_STEP][PASSED] - dZONames = dZONames.substring(dZONames.indexOf("/") + 1, dZONames.length()): null

16-05-2025T10:10:49 - [TEST_STEP][PASSED] - ii = dZONames.lastIndexOf("/"): null

16-05-2025T10:10:49 - [TEST_STEP][PASSED] - println("dZONames: " + dZONames): null

16-05-2025T10:10:49 - [TEST_STEP][PASSED] - dZONumOtk = dZONumOtk + 1: null

16-05-2025T10:10:49 - [TEST_STEP][PASSED] - println("dZONumOtk: " + dZONumOtk): null

16-05-2025T10:10:49 - [TEST_STEP][PASSED] - dZONames = dZONames.substring(dZONames.indexOf("/") + 1, dZONames.length()): null

16-05-2025T10:10:49 - [TEST_STEP][PASSED] - ii = dZONames.lastIndexOf("/"): null

16-05-2025T10:10:49 - [TEST_STEP][PASSED] - println("dZONames: " + dZONames): null

16-05-2025T10:10:49 - [TEST_STEP][PASSED] - dZONumOtk = dZONumOtk + 1: null

16-05-2025T10:10:49 - [TEST_STEP][PASSED] - println("dZONumOtk: " + dZONumOtk): null

16-05-2025T10:10:49 - [TEST_STEP][PASSED] - dZONames = dZONames.substring(dZONames.indexOf("/") + 1, dZONames.length()): null

16-05-2025T10:10:49 - [TEST_STEP][PASSED] - ii = dZONames.lastIndexOf("/"): null

16-05-2025T10:10:49 - [TEST_STEP][PASSED] - println("dZONames: " + dZONames): null

16-05-2025T10:10:49 - [TEST_STEP][PASSED] - dZONumOtk = dZONumOtk + 1: null

16-05-2025T10:10:49 - [TEST_STEP][PASSED] - println("dZONumOtk: " + dZONumOtk): null

16-05-2025T10:10:49 - [TEST_STEP][PASSED] - dZONames = dZONames.substring(dZONames.indexOf("/") + 1, dZONames.length()): null

16-05-2025T10:10:49 - [TEST_STEP][PASSED] - ii = dZONames.lastIndexOf("/"): null

16-05-2025T10:10:49 - [TEST_STEP][PASSED] - println("dZONames: " + dZONames): null

16-05-2025T10:10:49 - [TEST_STEP][PASSED] - dZONumOtk = dZONumOtk + 1: null

16-05-2025T10:10:49 - [TEST_STEP][PASSED] - println("dZONumOtk: " + dZONumOtk): null

16-05-2025T10:10:49 - [TEST_STEP][PASSED] - dZONames = dZONames.substring(dZONames.indexOf("/") + 1, dZONames.length()): null

16-05-2025T10:10:49 - [TEST_STEP][PASSED] - ii = dZONames.lastIndexOf("/"): null

16-05-2025T10:10:49 - [TEST_STEP][PASSED] - println("dZONames: " + dZONames): null

16-05-2025T10:10:49 - [TEST_STEP][PASSED] - dZONumOtk = dZONumOtk + 1: null

16-05-2025T10:10:49 - [TEST_STEP][PASSED] - println("dZONumOtk: " + dZONumOtk): null

16-05-2025T10:10:49 - [TEST_STEP][PASSED] - if (z.indexOf("//") > -1): null

16-05-2025T10:10:49 - [TEST_STEP][PASSED] - println("z: " + z): null

16-05-2025T10:10:49 - [TEST_STEP][PASSED] - for ([ii = 1, ii < dZONumOtk, (ii++)]): null

16-05-2025T10:10:49 - [TEST_STEP][PASSED] - i1 = z.indexOf("/") + 1: null

16-05-2025T10:10:49 - [TEST_STEP][PASSED] - z = z.substring(i1, z.length()): null

16-05-2025T10:10:49 - [TEST_STEP][PASSED] - println("ii: " + ii): null

16-05-2025T10:10:49 - [TEST_STEP][PASSED] - println("z: " + z): null

16-05-2025T10:10:49 - [TEST_STEP][PASSED] - i1 = z.indexOf("/") + 1: null

16-05-2025T10:10:49 - [TEST_STEP][PASSED] - z = z.substring(i1, z.length()): null

16-05-2025T10:10:49 - [TEST_STEP][PASSED] - println("ii: " + ii): null

16-05-2025T10:10:49 - [TEST_STEP][PASSED] - println("z: " + z): null

16-05-2025T10:10:49 - [TEST_STEP][PASSED] - i1 = z.indexOf("/") + 1: null

16-05-2025T10:10:49 - [TEST_STEP][PASSED] - z = z.substring(i1, z.length()): null

16-05-2025T10:10:49 - [TEST_STEP][PASSED] - println("ii: " + ii): null

16-05-2025T10:10:49 - [TEST_STEP][PASSED] - println("z: " + z): null

16-05-2025T10:10:49 - [TEST_STEP][PASSED] - i1 = z.indexOf("/") + 1: null

16-05-2025T10:10:49 - [TEST_STEP][PASSED] - z = z.substring(i1, z.length()): null

16-05-2025T10:10:49 - [TEST_STEP][PASSED] - println("ii: " + ii): null

16-05-2025T10:10:49 - [TEST_STEP][PASSED] - println("z: " + z): null

16-05-2025T10:10:49 - [TEST_STEP][PASSED] - i1 = z.indexOf("/") + 1: null

16-05-2025T10:10:49 - [TEST_STEP][PASSED] - z = z.substring(i1, z.length()): null

16-05-2025T10:10:49 - [TEST_STEP][PASSED] - println("ii: " + ii): null

16-05-2025T10:10:49 - [TEST_STEP][PASSED] - println("z: " + z): null

16-05-2025T10:10:49 - [TEST_STEP][PASSED] - i1 = z.indexOf("/") + 1: null

16-05-2025T10:10:49 - [TEST_STEP][PASSED] - z = z.substring(i1, z.length()): null

16-05-2025T10:10:49 - [TEST_STEP][PASSED] - println("ii: " + ii): null

16-05-2025T10:10:49 - [TEST_STEP][PASSED] - println("z: " + z): null

16-05-2025T10:10:49 - [TEST_STEP][PASSED] - i1 = z.indexOf("/") + 1: null

16-05-2025T10:10:49 - [TEST_STEP][PASSED] - z = z.substring(i1, z.length()): null

16-05-2025T10:10:49 - [TEST_STEP][PASSED] - println("ii: " + ii): null

16-05-2025T10:10:49 - [TEST_STEP][PASSED] - println("z: " + z): null

16-05-2025T10:10:49 - [TEST_STEP][PASSED] - z = z.substring(0, z.indexOf("/")): null

16-05-2025T10:10:49 - [TEST_STEP][PASSED] - println("z: " + z): null

16-05-2025T10:10:49 - [TEST_STEP][PASSED] - x = x + "/" + z: null

16-05-2025T10:10:49 - [TEST_STEP][PASSED] - x = x.replaceAll("[\r?
|
]", ""): null

16-05-2025T10:10:49 - [TEST_STEP][PASSED] - println("x =" + x): null

16-05-2025T10:10:49 - [TEST_STEP][PASSED] - return x: null

16-05-2025T10:10:49 - [TEST_STEP][PASSED] - println("tomB: " + tomB): null

16-05-2025T10:10:49 - [TEST_STEP][PASSED] - i = VseDZO.indexOf("Тюмень"): null

16-05-2025T10:10:49 - [TEST_STEP][PASSED] - if (i > -1): null

16-05-2025T10:10:49 - [TEST_STEP][PASSED] - else: null

16-05-2025T10:10:49 - [TEST_STEP][PASSED] - tyumB = tyumB + "нет данных/нет данных/нет данных/нет данных/нет данных/нет данных/нет данных/нет данных/нет данных": null

16-05-2025T10:10:49 - [TEST_STEP][PASSED] - println("tyumB: " + tyumB): null

16-05-2025T10:10:49 - [TEST_STEP][PASSED] - i = VseDZO.indexOf("Урал"): null

16-05-2025T10:10:49 - [TEST_STEP][PASSED] - if (i > -1): null

16-05-2025T10:10:49 - [TEST_STEP][PASSED] - dZONum = dZONum + 1: null

16-05-2025T10:10:49 - [TEST_STEP][PASSED] - urB = GetAllData(path, dZONum, VseDZO, x = "Россети Урал (ГК)/", dZO): null

16-05-2025T10:10:49 - [TEST_STEP][PASSED] - ii = <not implemented yet for class: org.codehaus.groovy.ast.expr.EmptyExpression>: null

16-05-2025T10:10:49 - [TEST_STEP][PASSED] - i1 = <not implemented yet for class: org.codehaus.groovy.ast.expr.EmptyExpression>: null

16-05-2025T10:10:49 - [TEST_STEP][PASSED] - z = <not implemented yet for class: org.codehaus.groovy.ast.expr.EmptyExpression>: null

16-05-2025T10:10:49 - [TEST_STEP][PASSED] - strToManage = <not implemented yet for class: org.codehaus.groovy.ast.expr.EmptyExpression>: null

16-05-2025T10:10:49 - [TEST_STEP][PASSED] - path2 = "Значения со страницы Выполнение бизнес-плана/Table Data/": null

16-05-2025T10:10:49 - [TEST_STEP][PASSED] - println("path: " + path): null

16-05-2025T10:10:49 - [TEST_STEP][PASSED] - dZONumOtk = <not implemented yet for class: org.codehaus.groovy.ast.expr.EmptyExpression>: null

16-05-2025T10:10:49 - [TEST_STEP][PASSED] - println("dZONum: " + dZONum): null

16-05-2025T10:10:49 - [TEST_STEP][PASSED] - dZO = x.substring(x.indexOf("/")): null

16-05-2025T10:10:49 - [TEST_STEP][PASSED] - println("dZO: " + dZO): null

16-05-2025T10:10:49 - [TEST_STEP][PASSED] - z = getText(findTestObject(path + "spanPlan" + dZONum)): Text of object 'Object Repository/Выполнение бизнес-плана/Выполнение бизнес-плана Балансы/spanPlan6' is: '6.88
|'

16-05-2025T10:10:49 - [MESSAGE][PASSED] - Text of object 'Object Repository/Выполнение бизнес-плана/Выполнение бизнес-плана Балансы/spanPlan6' is: '6.88
|'

16-05-2025T10:10:49 - [TEST_STEP][PASSED] - println(z): null

16-05-2025T10:10:49 - [TEST_STEP][PASSED] - if (z != ""): null

16-05-2025T10:10:49 - [TEST_STEP][PASSED] - ii = z.indexOf("|"): null

16-05-2025T10:10:49 - [TEST_STEP][PASSED] - if (ii > -1): null

16-05-2025T10:10:49 - [TEST_STEP][PASSED] - z = z.substring(0, z.length() - 1): null

16-05-2025T10:10:49 - [TEST_STEP][PASSED] - println(z): null

16-05-2025T10:10:49 - [TEST_STEP][PASSED] - z = z.replaceAll("\s+", ""): null

16-05-2025T10:10:49 - [TEST_STEP][PASSED] - z = z.replace("[\r?
|
]", "/"): null

16-05-2025T10:10:49 - [TEST_STEP][PASSED] - println(z): null

16-05-2025T10:10:49 - [TEST_STEP][PASSED] - x = x + z: null

16-05-2025T10:10:49 - [TEST_STEP][PASSED] - z = getText(findTestObject(path + "spanFact" + dZONum)): Text of object 'Object Repository/Выполнение бизнес-плана/Выполнение бизнес-плана Балансы/spanFact6' is: '6.63'

16-05-2025T10:10:50 - [MESSAGE][PASSED] - Text of object 'Object Repository/Выполнение бизнес-плана/Выполнение бизнес-плана Балансы/spanFact6' is: '6.63'

16-05-2025T10:10:50 - [TEST_STEP][PASSED] - ii = z.indexOf("|"): null

16-05-2025T10:10:50 - [TEST_STEP][PASSED] - if (ii > -1): null

16-05-2025T10:10:50 - [TEST_STEP][PASSED] - x = x + "/" + z: null

16-05-2025T10:10:50 - [TEST_STEP][PASSED] - z = getText(findTestObject(path + path2 + "Факт Отпуск в сеть за отчётный период " + dZONum)).replaceAll("\s+", ""): Text of object 'Object Repository/Выполнение бизнес-плана/Выполнение бизнес-плана Балансы/Значения со страницы Выполнение бизнес-плана/Table Data/Факт Отпуск в сеть за отчётный период 6' is: '19 698 947'

16-05-2025T10:10:50 - [MESSAGE][PASSED] - Text of object 'Object Repository/Выполнение бизнес-плана/Выполнение бизнес-плана Балансы/Значения со страницы Выполнение бизнес-плана/Table Data/Факт Отпуск в сеть за отчётный период 6' is: '19 698 947'

16-05-2025T10:10:50 - [TEST_STEP][PASSED] - println("z=" + z): null

16-05-2025T10:10:50 - [TEST_STEP][PASSED] - x = x + "/" + z: null

16-05-2025T10:10:50 - [TEST_STEP][PASSED] - z = getText(findTestObject(path + path2 + "Факт Отпуск из сети за отчётный период " + dZONum)).replaceAll("\s+", ""): Text of object 'Object Repository/Выполнение бизнес-плана/Выполнение бизнес-плана Балансы/Значения со страницы Выполнение бизнес-плана/Table Data/Факт Отпуск из сети за отчётный период 6' is: '18 393 144'

16-05-2025T10:10:50 - [MESSAGE][PASSED] - Text of object 'Object Repository/Выполнение бизнес-плана/Выполнение бизнес-плана Балансы/Значения со страницы Выполнение бизнес-плана/Table Data/Факт Отпуск из сети за отчётный период 6' is: '18 393 144'

16-05-2025T10:10:50 - [TEST_STEP][PASSED] - x = x + "/" + z: null

16-05-2025T10:10:50 - [TEST_STEP][PASSED] - z = getText(findTestObject(path + path2 + "Факт Потери за отчётный период " + dZONum)).replaceAll("\s+", ""): Text of object 'Object Repository/Выполнение бизнес-плана/Выполнение бизнес-плана Балансы/Значения со страницы Выполнение бизнес-плана/Table Data/Факт Потери за отчётный период 6' is: '1 305 803'

16-05-2025T10:10:51 - [MESSAGE][PASSED] - Text of object 'Object Repository/Выполнение бизнес-плана/Выполнение бизнес-плана Балансы/Значения со страницы Выполнение бизнес-плана/Table Data/Факт Потери за отчётный период 6' is: '1 305 803'

16-05-2025T10:10:51 - [TEST_STEP][PASSED] - x = x + "/" + z: null

16-05-2025T10:10:51 - [TEST_STEP][PASSED] - z = getText(findTestObject(path + path2 + "План Отпуск в сеть за отчётный период " + dZONum)).replaceAll("\s+", ""): Text of object 'Object Repository/Выполнение бизнес-плана/Выполнение бизнес-плана Балансы/Значения со страницы Выполнение бизнес-плана/Table Data/План Отпуск в сеть за отчётный период 6' is: '20 275 424'

16-05-2025T10:10:51 - [MESSAGE][PASSED] - Text of object 'Object Repository/Выполнение бизнес-плана/Выполнение бизнес-плана Балансы/Значения со страницы Выполнение бизнес-плана/Table Data/План Отпуск в сеть за отчётный период 6' is: '20 275 424'

16-05-2025T10:10:51 - [TEST_STEP][PASSED] - x = x + "/" + z: null

16-05-2025T10:10:51 - [TEST_STEP][PASSED] - z = getText(findTestObject(path + path2 + "План Отпуск из сети за отчётный период " + dZONum)).replaceAll("\s+", ""): Text of object 'Object Repository/Выполнение бизнес-плана/Выполнение бизнес-плана Балансы/Значения со страницы Выполнение бизнес-плана/Table Data/План Отпуск из сети за отчётный период 6' is: '18 878 242'

16-05-2025T10:10:51 - [MESSAGE][PASSED] - Text of object 'Object Repository/Выполнение бизнес-плана/Выполнение бизнес-плана Балансы/Значения со страницы Выполнение бизнес-плана/Table Data/План Отпуск из сети за отчётный период 6' is: '18 878 242'

16-05-2025T10:10:51 - [TEST_STEP][PASSED] - x = x + "/" + z: null

16-05-2025T10:10:51 - [TEST_STEP][PASSED] - z = getText(findTestObject(path + path2 + "План Потери за отчётный период " + dZONum)).replaceAll("\s+", ""): Text of object 'Object Repository/Выполнение бизнес-плана/Выполнение бизнес-плана Балансы/Значения со страницы Выполнение бизнес-плана/Table Data/План Потери за отчётный период 6' is: '1 397 182'

16-05-2025T10:10:52 - [MESSAGE][PASSED] - Text of object 'Object Repository/Выполнение бизнес-плана/Выполнение бизнес-плана Балансы/Значения со страницы Выполнение бизнес-плана/Table Data/План Потери за отчётный период 6' is: '1 397 182'

16-05-2025T10:10:52 - [TEST_STEP][PASSED] - x = x + "/" + z: null

16-05-2025T10:10:52 - [TEST_STEP][PASSED] - z = getText(findTestObject(path + "Список ДЗО 2")).replaceAll("[\r?
|
]", "/"): Text of object 'Object Repository/Выполнение бизнес-плана/Выполнение бизнес-плана Балансы/Список ДЗО 2' is: '0.05
-0.99
-0.40
-1.51
-0.19
-0.25
-1.44
-1.52
Россети ФСК ЕЭС
Россети Волга
Россети Московский регион
Россети Северо-Запад
Россети Томск
Россети Урал (ГК)
Россети Юг (ГК)
Россети Янтарь
-2
-1
0
1
2
3
4
5
6
7'

16-05-2025T10:10:52 - [MESSAGE][PASSED] - Text of object 'Object Repository/Выполнение бизнес-плана/Выполнение бизнес-плана Балансы/Список ДЗО 2' is: '0.05
-0.99
-0.40
-1.51
-0.19
-0.25
-1.44
-1.52
Россети ФСК ЕЭС
Россети Волга
Россети Московский регион
Россети Северо-Запад
Россети Томск
Россети Урал (ГК)
Россети Юг (ГК)
Россети Янтарь
-2
-1
0
1
2
3
4
5
6
7'

16-05-2025T10:10:52 - [TEST_STEP][PASSED] - strToManage = z: null

16-05-2025T10:10:52 - [TEST_STEP][PASSED] - ii = strToManage.indexOf("ГК"): null

16-05-2025T10:10:52 - [TEST_STEP][PASSED] - if (ii > -1): null

16-05-2025T10:10:52 - [TEST_STEP][PASSED] - for ([i1 = 1, i1 > -1, (i1--)]): null

16-05-2025T10:10:52 - [TEST_STEP][PASSED] - strToManage = strToManage.substring(0, strToManage.indexOf("ГК") - 1) + strToManage.substring(strToManage.indexOf("ГК") + 3): null

16-05-2025T10:10:52 - [TEST_STEP][PASSED] - println("strToManage count i1: " + strToManage): null

16-05-2025T10:10:52 - [TEST_STEP][PASSED] - i1 = strToManage.count("ГК"): null

16-05-2025T10:10:52 - [TEST_STEP][PASSED] - println("i1: " + i1): null

16-05-2025T10:10:52 - [TEST_STEP][PASSED] - strToManage = strToManage.substring(0, strToManage.indexOf("ГК") - 1) + strToManage.substring(strToManage.indexOf("ГК") + 3): null

16-05-2025T10:10:52 - [TEST_STEP][PASSED] - println("strToManage count i1: " + strToManage): null

16-05-2025T10:10:52 - [TEST_STEP][PASSED] - i1 = strToManage.count("ГК"): null

16-05-2025T10:10:52 - [TEST_STEP][PASSED] - println("i1: " + i1): null

16-05-2025T10:10:52 - [TEST_STEP][PASSED] - z = strToManage: null

16-05-2025T10:10:52 - [TEST_STEP][PASSED] - println("z: " + z): null

16-05-2025T10:10:52 - [TEST_STEP][PASSED] - lettersStart = z.indexOf("Россети"): null

16-05-2025T10:10:52 - [TEST_STEP][PASSED] - strToManage = z.substring(lettersStart, z.length()): null

16-05-2025T10:10:52 - [TEST_STEP][PASSED] - println("strToManage: " + strToManage): null

16-05-2025T10:10:52 - [TEST_STEP][PASSED] - dZONames = strToManage: null

16-05-2025T10:10:52 - [TEST_STEP][PASSED] - strToManage = strToManage.replaceAll("[а-яА-Я]", ""): null

16-05-2025T10:10:52 - [TEST_STEP][PASSED] - println("strToManage after letters: " + strToManage): null

16-05-2025T10:10:52 - [TEST_STEP][PASSED] - strToManage = replaceAll(" ", "").replaceAll("/-/", ""): null

16-05-2025T10:10:52 - [TEST_STEP][PASSED] - println("strToManage: " + strToManage): null

16-05-2025T10:10:52 - [TEST_STEP][PASSED] - strToManage = strToManage.substring(strToManage.lastIndexOf("//") + 1, strToManage.length()): null

16-05-2025T10:10:52 - [TEST_STEP][PASSED] - println("strToManage: " + strToManage): null

16-05-2025T10:10:52 - [TEST_STEP][PASSED] - ii = z.indexOf(strToManage): null

16-05-2025T10:10:52 - [TEST_STEP][PASSED] - if (ii > -1): null

16-05-2025T10:10:52 - [TEST_STEP][PASSED] - z = z.substring(0, ii) + "/": null

16-05-2025T10:10:52 - [TEST_STEP][PASSED] - println("z: " + z): null

16-05-2025T10:10:52 - [TEST_STEP][PASSED] - println("dZONum: " + dZONum): null

16-05-2025T10:10:52 - [TEST_STEP][PASSED] - strToManage = dZO: null

16-05-2025T10:10:52 - [TEST_STEP][PASSED] - if (strToManage.indexOf("(ГК)") > -1): null

16-05-2025T10:10:52 - [TEST_STEP][PASSED] - strToManage = replaceAll("\p{P}", "").replaceAll("\s+", ""): null

16-05-2025T10:10:52 - [TEST_STEP][PASSED] - println("strToManage: " + strToManage): null

16-05-2025T10:10:52 - [TEST_STEP][PASSED] - if (replaceAll("\s+", "").indexOf(strToManage) > -1): null

16-05-2025T10:10:52 - [TEST_STEP][PASSED] - dZONames = replaceAll("-", "").replaceAll("//", ""): null

16-05-2025T10:10:52 - [TEST_STEP][PASSED] - println("dZONames: " + dZONames): null

16-05-2025T10:10:52 - [TEST_STEP][PASSED] - dZONumOtk = 1: null

16-05-2025T10:10:52 - [TEST_STEP][PASSED] - ii = dZONames.indexOf(strToManage): null

16-05-2025T10:10:52 - [TEST_STEP][PASSED] - if (strToManage != "ФСК"): null

16-05-2025T10:10:52 - [TEST_STEP][PASSED] - if (ii > -1): null

16-05-2025T10:10:52 - [TEST_STEP][PASSED] - for ([i1 = 1, ii > -1, (i1++)]): null

16-05-2025T10:10:52 - [TEST_STEP][PASSED] - dZONames = dZONames.substring(dZONames.indexOf("/") + 1, dZONames.length()): null

16-05-2025T10:10:52 - [TEST_STEP][PASSED] - ii = dZONames.lastIndexOf("/"): null

16-05-2025T10:10:52 - [TEST_STEP][PASSED] - println("dZONames: " + dZONames): null

16-05-2025T10:10:52 - [TEST_STEP][PASSED] - dZONumOtk = dZONumOtk + 1: null

16-05-2025T10:10:52 - [TEST_STEP][PASSED] - println("dZONumOtk: " + dZONumOtk): null

16-05-2025T10:10:52 - [TEST_STEP][PASSED] - dZONames = dZONames.substring(dZONames.indexOf("/") + 1, dZONames.length()): null

16-05-2025T10:10:52 - [TEST_STEP][PASSED] - ii = dZONames.lastIndexOf("/"): null

16-05-2025T10:10:52 - [TEST_STEP][PASSED] - println("dZONames: " + dZONames): null

16-05-2025T10:10:52 - [TEST_STEP][PASSED] - dZONumOtk = dZONumOtk + 1: null

16-05-2025T10:10:52 - [TEST_STEP][PASSED] - println("dZONumOtk: " + dZONumOtk): null

16-05-2025T10:10:52 - [TEST_STEP][PASSED] - dZONames = dZONames.substring(dZONames.indexOf("/") + 1, dZONames.length()): null

16-05-2025T10:10:52 - [TEST_STEP][PASSED] - ii = dZONames.lastIndexOf("/"): null

16-05-2025T10:10:52 - [TEST_STEP][PASSED] - println("dZONames: " + dZONames): null

16-05-2025T10:10:52 - [TEST_STEP][PASSED] - dZONumOtk = dZONumOtk + 1: null

16-05-2025T10:10:52 - [TEST_STEP][PASSED] - println("dZONumOtk: " + dZONumOtk): null

16-05-2025T10:10:52 - [TEST_STEP][PASSED] - dZONames = dZONames.substring(dZONames.indexOf("/") + 1, dZONames.length()): null

16-05-2025T10:10:52 - [TEST_STEP][PASSED] - ii = dZONames.lastIndexOf("/"): null

16-05-2025T10:10:52 - [TEST_STEP][PASSED] - println("dZONames: " + dZONames): null

16-05-2025T10:10:52 - [TEST_STEP][PASSED] - dZONumOtk = dZONumOtk + 1: null

16-05-2025T10:10:52 - [TEST_STEP][PASSED] - println("dZONumOtk: " + dZONumOtk): null

16-05-2025T10:10:52 - [TEST_STEP][PASSED] - dZONames = dZONames.substring(dZONames.indexOf("/") + 1, dZONames.length()): null

16-05-2025T10:10:52 - [TEST_STEP][PASSED] - ii = dZONames.lastIndexOf("/"): null

16-05-2025T10:10:52 - [TEST_STEP][PASSED] - println("dZONames: " + dZONames): null

16-05-2025T10:10:52 - [TEST_STEP][PASSED] - dZONumOtk = dZONumOtk + 1: null

16-05-2025T10:10:52 - [TEST_STEP][PASSED] - println("dZONumOtk: " + dZONumOtk): null

16-05-2025T10:10:52 - [TEST_STEP][PASSED] - dZONames = dZONames.substring(dZONames.indexOf("/") + 1, dZONames.length()): null

16-05-2025T10:10:52 - [TEST_STEP][PASSED] - ii = dZONames.lastIndexOf("/"): null

16-05-2025T10:10:52 - [TEST_STEP][PASSED] - println("dZONames: " + dZONames): null

16-05-2025T10:10:52 - [TEST_STEP][PASSED] - dZONumOtk = dZONumOtk + 1: null

16-05-2025T10:10:52 - [TEST_STEP][PASSED] - println("dZONumOtk: " + dZONumOtk): null

16-05-2025T10:10:52 - [TEST_STEP][PASSED] - dZONames = dZONames.substring(dZONames.indexOf("/") + 1, dZONames.length()): null

16-05-2025T10:10:52 - [TEST_STEP][PASSED] - ii = dZONames.lastIndexOf("/"): null

16-05-2025T10:10:52 - [TEST_STEP][PASSED] - println("dZONames: " + dZONames): null

16-05-2025T10:10:52 - [TEST_STEP][PASSED] - dZONumOtk = dZONumOtk + 1: null

16-05-2025T10:10:52 - [TEST_STEP][PASSED] - println("dZONumOtk: " + dZONumOtk): null

16-05-2025T10:10:52 - [TEST_STEP][PASSED] - if (z.indexOf("//") > -1): null

16-05-2025T10:10:52 - [TEST_STEP][PASSED] - println("z: " + z): null

16-05-2025T10:10:52 - [TEST_STEP][PASSED] - for ([ii = 1, ii < dZONumOtk, (ii++)]): null

16-05-2025T10:10:52 - [TEST_STEP][PASSED] - i1 = z.indexOf("/") + 1: null

16-05-2025T10:10:52 - [TEST_STEP][PASSED] - z = z.substring(i1, z.length()): null

16-05-2025T10:10:52 - [TEST_STEP][PASSED] - println("ii: " + ii): null

16-05-2025T10:10:52 - [TEST_STEP][PASSED] - println("z: " + z): null

16-05-2025T10:10:52 - [TEST_STEP][PASSED] - i1 = z.indexOf("/") + 1: null

16-05-2025T10:10:52 - [TEST_STEP][PASSED] - z = z.substring(i1, z.length()): null

16-05-2025T10:10:52 - [TEST_STEP][PASSED] - println("ii: " + ii): null

16-05-2025T10:10:52 - [TEST_STEP][PASSED] - println("z: " + z): null

16-05-2025T10:10:52 - [TEST_STEP][PASSED] - i1 = z.indexOf("/") + 1: null

16-05-2025T10:10:52 - [TEST_STEP][PASSED] - z = z.substring(i1, z.length()): null

16-05-2025T10:10:52 - [TEST_STEP][PASSED] - println("ii: " + ii): null

16-05-2025T10:10:52 - [TEST_STEP][PASSED] - println("z: " + z): null

16-05-2025T10:10:52 - [TEST_STEP][PASSED] - i1 = z.indexOf("/") + 1: null

16-05-2025T10:10:52 - [TEST_STEP][PASSED] - z = z.substring(i1, z.length()): null

16-05-2025T10:10:52 - [TEST_STEP][PASSED] - println("ii: " + ii): null

16-05-2025T10:10:52 - [TEST_STEP][PASSED] - println("z: " + z): null

16-05-2025T10:10:52 - [TEST_STEP][PASSED] - i1 = z.indexOf("/") + 1: null

16-05-2025T10:10:52 - [TEST_STEP][PASSED] - z = z.substring(i1, z.length()): null

16-05-2025T10:10:52 - [TEST_STEP][PASSED] - println("ii: " + ii): null

16-05-2025T10:10:52 - [TEST_STEP][PASSED] - println("z: " + z): null

16-05-2025T10:10:52 - [TEST_STEP][PASSED] - i1 = z.indexOf("/") + 1: null

16-05-2025T10:10:52 - [TEST_STEP][PASSED] - z = z.substring(i1, z.length()): null

16-05-2025T10:10:52 - [TEST_STEP][PASSED] - println("ii: " + ii): null

16-05-2025T10:10:52 - [TEST_STEP][PASSED] - println("z: " + z): null

16-05-2025T10:10:52 - [TEST_STEP][PASSED] - i1 = z.indexOf("/") + 1: null

16-05-2025T10:10:52 - [TEST_STEP][PASSED] - z = z.substring(i1, z.length()): null

16-05-2025T10:10:52 - [TEST_STEP][PASSED] - println("ii: " + ii): null

16-05-2025T10:10:52 - [TEST_STEP][PASSED] - println("z: " + z): null

16-05-2025T10:10:52 - [TEST_STEP][PASSED] - z = z.substring(0, z.indexOf("/")): null

16-05-2025T10:10:52 - [TEST_STEP][PASSED] - println("z: " + z): null

16-05-2025T10:10:52 - [TEST_STEP][PASSED] - x = x + "/" + z: null

16-05-2025T10:10:52 - [TEST_STEP][PASSED] - x = x.replaceAll("[\r?
|
]", ""): null

16-05-2025T10:10:52 - [TEST_STEP][PASSED] - println("x =" + x): null

16-05-2025T10:10:52 - [TEST_STEP][PASSED] - return x: null

16-05-2025T10:10:52 - [TEST_STEP][PASSED] - println("urB: " + urB): null

16-05-2025T10:10:52 - [TEST_STEP][PASSED] - i = VseDZO.indexOf("Центр"): null

16-05-2025T10:10:52 - [TEST_STEP][PASSED] - if (i > -1): null

16-05-2025T10:10:52 - [TEST_STEP][PASSED] - else: null

16-05-2025T10:10:52 - [TEST_STEP][PASSED] - cenB = cenB + "нет данных/нет данных/нет данных/нет данных/нет данных/нет данных/нет данных/нет данных/нет данных": null

16-05-2025T10:10:52 - [TEST_STEP][PASSED] - println("cenB: " + cenB): null

16-05-2025T10:10:52 - [TEST_STEP][PASSED] - i = VseDZO.indexOf("Приволжье"): null

16-05-2025T10:10:52 - [TEST_STEP][PASSED] - if (i > -1): null

16-05-2025T10:10:52 - [TEST_STEP][PASSED] - else: null

16-05-2025T10:10:52 - [TEST_STEP][PASSED] - cIPB = cIPB + "нет данных/нет данных/нет данных/нет данных/нет данных/нет данных/нет данных/нет данных/нет данных": null

16-05-2025T10:10:52 - [TEST_STEP][PASSED] - println("cIPB: " + cIPB): null

16-05-2025T10:10:52 - [TEST_STEP][PASSED] - i = VseDZO.indexOf("Юг"): null

16-05-2025T10:10:52 - [TEST_STEP][PASSED] - if (i > -1): null

16-05-2025T10:10:52 - [TEST_STEP][PASSED] - dZONum = dZONum + 1: null

16-05-2025T10:10:52 - [TEST_STEP][PASSED] - ugB = GetAllData(path, dZONum, VseDZO, x = "Россети Юг (ГК)/", dZO): null

16-05-2025T10:10:52 - [TEST_STEP][PASSED] - ii = <not implemented yet for class: org.codehaus.groovy.ast.expr.EmptyExpression>: null

16-05-2025T10:10:52 - [TEST_STEP][PASSED] - i1 = <not implemented yet for class: org.codehaus.groovy.ast.expr.EmptyExpression>: null

16-05-2025T10:10:52 - [TEST_STEP][PASSED] - z = <not implemented yet for class: org.codehaus.groovy.ast.expr.EmptyExpression>: null

16-05-2025T10:10:52 - [TEST_STEP][PASSED] - strToManage = <not implemented yet for class: org.codehaus.groovy.ast.expr.EmptyExpression>: null

16-05-2025T10:10:52 - [TEST_STEP][PASSED] - path2 = "Значения со страницы Выполнение бизнес-плана/Table Data/": null

16-05-2025T10:10:52 - [TEST_STEP][PASSED] - println("path: " + path): null

16-05-2025T10:10:52 - [TEST_STEP][PASSED] - dZONumOtk = <not implemented yet for class: org.codehaus.groovy.ast.expr.EmptyExpression>: null

16-05-2025T10:10:52 - [TEST_STEP][PASSED] - println("dZONum: " + dZONum): null

16-05-2025T10:10:52 - [TEST_STEP][PASSED] - dZO = x.substring(x.indexOf("/")): null

16-05-2025T10:10:52 - [TEST_STEP][PASSED] - println("dZO: " + dZO): null

16-05-2025T10:10:52 - [TEST_STEP][PASSED] - z = getText(findTestObject(path + "spanPlan" + dZONum)): Text of object 'Object Repository/Выполнение бизнес-плана/Выполнение бизнес-плана Балансы/spanPlan7' is: '10.84
|'

16-05-2025T10:10:52 - [MESSAGE][PASSED] - Text of object 'Object Repository/Выполнение бизнес-плана/Выполнение бизнес-плана Балансы/spanPlan7' is: '10.84
|'

16-05-2025T10:10:52 - [TEST_STEP][PASSED] - println(z): null

16-05-2025T10:10:52 - [TEST_STEP][PASSED] - if (z != ""): null

16-05-2025T10:10:52 - [TEST_STEP][PASSED] - ii = z.indexOf("|"): null

16-05-2025T10:10:52 - [TEST_STEP][PASSED] - if (ii > -1): null

16-05-2025T10:10:52 - [TEST_STEP][PASSED] - z = z.substring(0, z.length() - 1): null

16-05-2025T10:10:52 - [TEST_STEP][PASSED] - println(z): null

16-05-2025T10:10:52 - [TEST_STEP][PASSED] - z = z.replaceAll("\s+", ""): null

16-05-2025T10:10:52 - [TEST_STEP][PASSED] - z = z.replace("[\r?
|
]", "/"): null

16-05-2025T10:10:52 - [TEST_STEP][PASSED] - println(z): null

16-05-2025T10:10:52 - [TEST_STEP][PASSED] - x = x + z: null

16-05-2025T10:10:52 - [TEST_STEP][PASSED] - z = getText(findTestObject(path + "spanFact" + dZONum)): Text of object 'Object Repository/Выполнение бизнес-плана/Выполнение бизнес-плана Балансы/spanFact7' is: '9.40'

16-05-2025T10:10:52 - [MESSAGE][PASSED] - Text of object 'Object Repository/Выполнение бизнес-плана/Выполнение бизнес-плана Балансы/spanFact7' is: '9.40'

16-05-2025T10:10:52 - [TEST_STEP][PASSED] - ii = z.indexOf("|"): null

16-05-2025T10:10:52 - [TEST_STEP][PASSED] - if (ii > -1): null

16-05-2025T10:10:52 - [TEST_STEP][PASSED] - x = x + "/" + z: null

16-05-2025T10:10:52 - [TEST_STEP][PASSED] - z = getText(findTestObject(path + path2 + "Факт Отпуск в сеть за отчётный период " + dZONum)).replaceAll("\s+", ""): Text of object 'Object Repository/Выполнение бизнес-плана/Выполнение бизнес-плана Балансы/Значения со страницы Выполнение бизнес-плана/Table Data/Факт Отпуск в сеть за отчётный период 7' is: '3 467 484'

16-05-2025T10:10:53 - [MESSAGE][PASSED] - Text of object 'Object Repository/Выполнение бизнес-плана/Выполнение бизнес-плана Балансы/Значения со страницы Выполнение бизнес-плана/Table Data/Факт Отпуск в сеть за отчётный период 7' is: '3 467 484'

16-05-2025T10:10:53 - [TEST_STEP][PASSED] - println("z=" + z): null

16-05-2025T10:10:53 - [TEST_STEP][PASSED] - x = x + "/" + z: null

16-05-2025T10:10:53 - [TEST_STEP][PASSED] - z = getText(findTestObject(path + path2 + "Факт Отпуск из сети за отчётный период " + dZONum)).replaceAll("\s+", ""): Text of object 'Object Repository/Выполнение бизнес-плана/Выполнение бизнес-плана Балансы/Значения со страницы Выполнение бизнес-плана/Table Data/Факт Отпуск из сети за отчётный период 7' is: '3 141 633'

16-05-2025T10:10:53 - [MESSAGE][PASSED] - Text of object 'Object Repository/Выполнение бизнес-плана/Выполнение бизнес-плана Балансы/Значения со страницы Выполнение бизнес-плана/Table Data/Факт Отпуск из сети за отчётный период 7' is: '3 141 633'

16-05-2025T10:10:53 - [TEST_STEP][PASSED] - x = x + "/" + z: null

16-05-2025T10:10:53 - [TEST_STEP][PASSED] - z = getText(findTestObject(path + path2 + "Факт Потери за отчётный период " + dZONum)).replaceAll("\s+", ""): Text of object 'Object Repository/Выполнение бизнес-плана/Выполнение бизнес-плана Балансы/Значения со страницы Выполнение бизнес-плана/Table Data/Факт Потери за отчётный период 7' is: '325 852'

16-05-2025T10:10:53 - [MESSAGE][PASSED] - Text of object 'Object Repository/Выполнение бизнес-плана/Выполнение бизнес-плана Балансы/Значения со страницы Выполнение бизнес-плана/Table Data/Факт Потери за отчётный период 7' is: '325 852'

16-05-2025T10:10:53 - [TEST_STEP][PASSED] - x = x + "/" + z: null

16-05-2025T10:10:53 - [TEST_STEP][PASSED] - z = getText(findTestObject(path + path2 + "План Отпуск в сеть за отчётный период " + dZONum)).replaceAll("\s+", ""): Text of object 'Object Repository/Выполнение бизнес-плана/Выполнение бизнес-плана Балансы/Значения со страницы Выполнение бизнес-плана/Table Data/План Отпуск в сеть за отчётный период 7' is: '3 760 351'

16-05-2025T10:10:54 - [MESSAGE][PASSED] - Text of object 'Object Repository/Выполнение бизнес-плана/Выполнение бизнес-плана Балансы/Значения со страницы Выполнение бизнес-плана/Table Data/План Отпуск в сеть за отчётный период 7' is: '3 760 351'

16-05-2025T10:10:54 - [TEST_STEP][PASSED] - x = x + "/" + z: null

16-05-2025T10:10:54 - [TEST_STEP][PASSED] - z = getText(findTestObject(path + path2 + "План Отпуск из сети за отчётный период " + dZONum)).replaceAll("\s+", ""): Text of object 'Object Repository/Выполнение бизнес-плана/Выполнение бизнес-плана Балансы/Значения со страницы Выполнение бизнес-плана/Table Data/План Отпуск из сети за отчётный период 7' is: '3 352 866'

16-05-2025T10:10:54 - [MESSAGE][PASSED] - Text of object 'Object Repository/Выполнение бизнес-плана/Выполнение бизнес-плана Балансы/Значения со страницы Выполнение бизнес-плана/Table Data/План Отпуск из сети за отчётный период 7' is: '3 352 866'

16-05-2025T10:10:54 - [TEST_STEP][PASSED] - x = x + "/" + z: null

16-05-2025T10:10:54 - [TEST_STEP][PASSED] - z = getText(findTestObject(path + path2 + "План Потери за отчётный период " + dZONum)).replaceAll("\s+", ""): Text of object 'Object Repository/Выполнение бизнес-плана/Выполнение бизнес-плана Балансы/Значения со страницы Выполнение бизнес-плана/Table Data/План Потери за отчётный период 7' is: '407 485'

16-05-2025T10:10:54 - [MESSAGE][PASSED] - Text of object 'Object Repository/Выполнение бизнес-плана/Выполнение бизнес-плана Балансы/Значения со страницы Выполнение бизнес-плана/Table Data/План Потери за отчётный период 7' is: '407 485'

16-05-2025T10:10:54 - [TEST_STEP][PASSED] - x = x + "/" + z: null

16-05-2025T10:10:54 - [TEST_STEP][PASSED] - z = getText(findTestObject(path + "Список ДЗО 2")).replaceAll("[\r?
|
]", "/"): Text of object 'Object Repository/Выполнение бизнес-плана/Выполнение бизнес-плана Балансы/Список ДЗО 2' is: '0.05
-0.99
-0.40
-1.51
-0.19
-0.25
-1.44
-1.52
Россети ФСК ЕЭС
Россети Волга
Россети Московский регион
Россети Северо-Запад
Россети Томск
Россети Урал (ГК)
Россети Юг (ГК)
Россети Янтарь
-2
-1
0
1
2
3
4
5
6
7'

16-05-2025T10:10:55 - [MESSAGE][PASSED] - Text of object 'Object Repository/Выполнение бизнес-плана/Выполнение бизнес-плана Балансы/Список ДЗО 2' is: '0.05
-0.99
-0.40
-1.51
-0.19
-0.25
-1.44
-1.52
Россети ФСК ЕЭС
Россети Волга
Россети Московский регион
Россети Северо-Запад
Россети Томск
Россети Урал (ГК)
Россети Юг (ГК)
Россети Янтарь
-2
-1
0
1
2
3
4
5
6
7'

16-05-2025T10:10:55 - [TEST_STEP][PASSED] - strToManage = z: null

16-05-2025T10:10:55 - [TEST_STEP][PASSED] - ii = strToManage.indexOf("ГК"): null

16-05-2025T10:10:55 - [TEST_STEP][PASSED] - if (ii > -1): null

16-05-2025T10:10:55 - [TEST_STEP][PASSED] - for ([i1 = 1, i1 > -1, (i1--)]): null

16-05-2025T10:10:55 - [TEST_STEP][PASSED] - strToManage = strToManage.substring(0, strToManage.indexOf("ГК") - 1) + strToManage.substring(strToManage.indexOf("ГК") + 3): null

16-05-2025T10:10:55 - [TEST_STEP][PASSED] - println("strToManage count i1: " + strToManage): null

16-05-2025T10:10:55 - [TEST_STEP][PASSED] - i1 = strToManage.count("ГК"): null

16-05-2025T10:10:55 - [TEST_STEP][PASSED] - println("i1: " + i1): null

16-05-2025T10:10:55 - [TEST_STEP][PASSED] - strToManage = strToManage.substring(0, strToManage.indexOf("ГК") - 1) + strToManage.substring(strToManage.indexOf("ГК") + 3): null

16-05-2025T10:10:55 - [TEST_STEP][PASSED] - println("strToManage count i1: " + strToManage): null

16-05-2025T10:10:55 - [TEST_STEP][PASSED] - i1 = strToManage.count("ГК"): null

16-05-2025T10:10:55 - [TEST_STEP][PASSED] - println("i1: " + i1): null

16-05-2025T10:10:55 - [TEST_STEP][PASSED] - z = strToManage: null

16-05-2025T10:10:55 - [TEST_STEP][PASSED] - println("z: " + z): null

16-05-2025T10:10:55 - [TEST_STEP][PASSED] - lettersStart = z.indexOf("Россети"): null

16-05-2025T10:10:55 - [TEST_STEP][PASSED] - strToManage = z.substring(lettersStart, z.length()): null

16-05-2025T10:10:55 - [TEST_STEP][PASSED] - println("strToManage: " + strToManage): null

16-05-2025T10:10:55 - [TEST_STEP][PASSED] - dZONames = strToManage: null

16-05-2025T10:10:55 - [TEST_STEP][PASSED] - strToManage = strToManage.replaceAll("[а-яА-Я]", ""): null

16-05-2025T10:10:55 - [TEST_STEP][PASSED] - println("strToManage after letters: " + strToManage): null

16-05-2025T10:10:55 - [TEST_STEP][PASSED] - strToManage = replaceAll(" ", "").replaceAll("/-/", ""): null

16-05-2025T10:10:55 - [TEST_STEP][PASSED] - println("strToManage: " + strToManage): null

16-05-2025T10:10:55 - [TEST_STEP][PASSED] - strToManage = strToManage.substring(strToManage.lastIndexOf("//") + 1, strToManage.length()): null

16-05-2025T10:10:55 - [TEST_STEP][PASSED] - println("strToManage: " + strToManage): null

16-05-2025T10:10:55 - [TEST_STEP][PASSED] - ii = z.indexOf(strToManage): null

16-05-2025T10:10:55 - [TEST_STEP][PASSED] - if (ii > -1): null

16-05-2025T10:10:55 - [TEST_STEP][PASSED] - z = z.substring(0, ii) + "/": null

16-05-2025T10:10:55 - [TEST_STEP][PASSED] - println("z: " + z): null

16-05-2025T10:10:55 - [TEST_STEP][PASSED] - println("dZONum: " + dZONum): null

16-05-2025T10:10:55 - [TEST_STEP][PASSED] - strToManage = dZO: null

16-05-2025T10:10:55 - [TEST_STEP][PASSED] - if (strToManage.indexOf("(ГК)") > -1): null

16-05-2025T10:10:55 - [TEST_STEP][PASSED] - strToManage = replaceAll("\p{P}", "").replaceAll("\s+", ""): null

16-05-2025T10:10:55 - [TEST_STEP][PASSED] - println("strToManage: " + strToManage): null

16-05-2025T10:10:55 - [TEST_STEP][PASSED] - if (replaceAll("\s+", "").indexOf(strToManage) > -1): null

16-05-2025T10:10:55 - [TEST_STEP][PASSED] - dZONames = replaceAll("-", "").replaceAll("//", ""): null

16-05-2025T10:10:55 - [TEST_STEP][PASSED] - println("dZONames: " + dZONames): null

16-05-2025T10:10:55 - [TEST_STEP][PASSED] - dZONumOtk = 1: null

16-05-2025T10:10:55 - [TEST_STEP][PASSED] - ii = dZONames.indexOf(strToManage): null

16-05-2025T10:10:55 - [TEST_STEP][PASSED] - if (strToManage != "ФСК"): null

16-05-2025T10:10:55 - [TEST_STEP][PASSED] - if (ii > -1): null

16-05-2025T10:10:55 - [TEST_STEP][PASSED] - for ([i1 = 1, ii > -1, (i1++)]): null

16-05-2025T10:10:55 - [TEST_STEP][PASSED] - dZONames = dZONames.substring(dZONames.indexOf("/") + 1, dZONames.length()): null

16-05-2025T10:10:55 - [TEST_STEP][PASSED] - ii = dZONames.lastIndexOf("/"): null

16-05-2025T10:10:55 - [TEST_STEP][PASSED] - println("dZONames: " + dZONames): null

16-05-2025T10:10:55 - [TEST_STEP][PASSED] - dZONumOtk = dZONumOtk + 1: null

16-05-2025T10:10:55 - [TEST_STEP][PASSED] - println("dZONumOtk: " + dZONumOtk): null

16-05-2025T10:10:55 - [TEST_STEP][PASSED] - dZONames = dZONames.substring(dZONames.indexOf("/") + 1, dZONames.length()): null

16-05-2025T10:10:55 - [TEST_STEP][PASSED] - ii = dZONames.lastIndexOf("/"): null

16-05-2025T10:10:55 - [TEST_STEP][PASSED] - println("dZONames: " + dZONames): null

16-05-2025T10:10:55 - [TEST_STEP][PASSED] - dZONumOtk = dZONumOtk + 1: null

16-05-2025T10:10:55 - [TEST_STEP][PASSED] - println("dZONumOtk: " + dZONumOtk): null

16-05-2025T10:10:55 - [TEST_STEP][PASSED] - dZONames = dZONames.substring(dZONames.indexOf("/") + 1, dZONames.length()): null

16-05-2025T10:10:55 - [TEST_STEP][PASSED] - ii = dZONames.lastIndexOf("/"): null

16-05-2025T10:10:55 - [TEST_STEP][PASSED] - println("dZONames: " + dZONames): null

16-05-2025T10:10:55 - [TEST_STEP][PASSED] - dZONumOtk = dZONumOtk + 1: null

16-05-2025T10:10:55 - [TEST_STEP][PASSED] - println("dZONumOtk: " + dZONumOtk): null

16-05-2025T10:10:55 - [TEST_STEP][PASSED] - dZONames = dZONames.substring(dZONames.indexOf("/") + 1, dZONames.length()): null

16-05-2025T10:10:55 - [TEST_STEP][PASSED] - ii = dZONames.lastIndexOf("/"): null

16-05-2025T10:10:55 - [TEST_STEP][PASSED] - println("dZONames: " + dZONames): null

16-05-2025T10:10:55 - [TEST_STEP][PASSED] - dZONumOtk = dZONumOtk + 1: null

16-05-2025T10:10:55 - [TEST_STEP][PASSED] - println("dZONumOtk: " + dZONumOtk): null

16-05-2025T10:10:55 - [TEST_STEP][PASSED] - dZONames = dZONames.substring(dZONames.indexOf("/") + 1, dZONames.length()): null

16-05-2025T10:10:55 - [TEST_STEP][PASSED] - ii = dZONames.lastIndexOf("/"): null

16-05-2025T10:10:55 - [TEST_STEP][PASSED] - println("dZONames: " + dZONames): null

16-05-2025T10:10:55 - [TEST_STEP][PASSED] - dZONumOtk = dZONumOtk + 1: null

16-05-2025T10:10:55 - [TEST_STEP][PASSED] - println("dZONumOtk: " + dZONumOtk): null

16-05-2025T10:10:55 - [TEST_STEP][PASSED] - dZONames = dZONames.substring(dZONames.indexOf("/") + 1, dZONames.length()): null

16-05-2025T10:10:55 - [TEST_STEP][PASSED] - ii = dZONames.lastIndexOf("/"): null

16-05-2025T10:10:55 - [TEST_STEP][PASSED] - println("dZONames: " + dZONames): null

16-05-2025T10:10:55 - [TEST_STEP][PASSED] - dZONumOtk = dZONumOtk + 1: null

16-05-2025T10:10:55 - [TEST_STEP][PASSED] - println("dZONumOtk: " + dZONumOtk): null

16-05-2025T10:10:55 - [TEST_STEP][PASSED] - dZONames = dZONames.substring(dZONames.indexOf("/") + 1, dZONames.length()): null

16-05-2025T10:10:55 - [TEST_STEP][PASSED] - ii = dZONames.lastIndexOf("/"): null

16-05-2025T10:10:55 - [TEST_STEP][PASSED] - println("dZONames: " + dZONames): null

16-05-2025T10:10:55 - [TEST_STEP][PASSED] - dZONumOtk = dZONumOtk + 1: null

16-05-2025T10:10:55 - [TEST_STEP][PASSED] - println("dZONumOtk: " + dZONumOtk): null

16-05-2025T10:10:55 - [TEST_STEP][PASSED] - if (z.indexOf("//") > -1): null

16-05-2025T10:10:55 - [TEST_STEP][PASSED] - println("z: " + z): null

16-05-2025T10:10:55 - [TEST_STEP][PASSED] - for ([ii = 1, ii < dZONumOtk, (ii++)]): null

16-05-2025T10:10:55 - [TEST_STEP][PASSED] - i1 = z.indexOf("/") + 1: null

16-05-2025T10:10:55 - [TEST_STEP][PASSED] - z = z.substring(i1, z.length()): null

16-05-2025T10:10:55 - [TEST_STEP][PASSED] - println("ii: " + ii): null

16-05-2025T10:10:55 - [TEST_STEP][PASSED] - println("z: " + z): null

16-05-2025T10:10:55 - [TEST_STEP][PASSED] - i1 = z.indexOf("/") + 1: null

16-05-2025T10:10:55 - [TEST_STEP][PASSED] - z = z.substring(i1, z.length()): null

16-05-2025T10:10:55 - [TEST_STEP][PASSED] - println("ii: " + ii): null

16-05-2025T10:10:55 - [TEST_STEP][PASSED] - println("z: " + z): null

16-05-2025T10:10:55 - [TEST_STEP][PASSED] - i1 = z.indexOf("/") + 1: null

16-05-2025T10:10:55 - [TEST_STEP][PASSED] - z = z.substring(i1, z.length()): null

16-05-2025T10:10:55 - [TEST_STEP][PASSED] - println("ii: " + ii): null

16-05-2025T10:10:55 - [TEST_STEP][PASSED] - println("z: " + z): null

16-05-2025T10:10:55 - [TEST_STEP][PASSED] - i1 = z.indexOf("/") + 1: null

16-05-2025T10:10:55 - [TEST_STEP][PASSED] - z = z.substring(i1, z.length()): null

16-05-2025T10:10:55 - [TEST_STEP][PASSED] - println("ii: " + ii): null

16-05-2025T10:10:55 - [TEST_STEP][PASSED] - println("z: " + z): null

16-05-2025T10:10:55 - [TEST_STEP][PASSED] - i1 = z.indexOf("/") + 1: null

16-05-2025T10:10:55 - [TEST_STEP][PASSED] - z = z.substring(i1, z.length()): null

16-05-2025T10:10:55 - [TEST_STEP][PASSED] - println("ii: " + ii): null

16-05-2025T10:10:55 - [TEST_STEP][PASSED] - println("z: " + z): null

16-05-2025T10:10:55 - [TEST_STEP][PASSED] - i1 = z.indexOf("/") + 1: null

16-05-2025T10:10:55 - [TEST_STEP][PASSED] - z = z.substring(i1, z.length()): null

16-05-2025T10:10:55 - [TEST_STEP][PASSED] - println("ii: " + ii): null

16-05-2025T10:10:55 - [TEST_STEP][PASSED] - println("z: " + z): null

16-05-2025T10:10:55 - [TEST_STEP][PASSED] - i1 = z.indexOf("/") + 1: null

16-05-2025T10:10:55 - [TEST_STEP][PASSED] - z = z.substring(i1, z.length()): null

16-05-2025T10:10:55 - [TEST_STEP][PASSED] - println("ii: " + ii): null

16-05-2025T10:10:55 - [TEST_STEP][PASSED] - println("z: " + z): null

16-05-2025T10:10:55 - [TEST_STEP][PASSED] - z = z.substring(0, z.indexOf("/")): null

16-05-2025T10:10:55 - [TEST_STEP][PASSED] - println("z: " + z): null

16-05-2025T10:10:55 - [TEST_STEP][PASSED] - x = x + "/" + z: null

16-05-2025T10:10:55 - [TEST_STEP][PASSED] - x = x.replaceAll("[\r?
|
]", ""): null

16-05-2025T10:10:55 - [TEST_STEP][PASSED] - println("x =" + x): null

16-05-2025T10:10:55 - [TEST_STEP][PASSED] - return x: null

16-05-2025T10:10:55 - [TEST_STEP][PASSED] - println("ugB: " + ugB): null

16-05-2025T10:10:55 - [TEST_STEP][PASSED] - i = VseDZO.indexOf("Янтарь"): null

16-05-2025T10:10:55 - [TEST_STEP][PASSED] - if (i > -1): null

16-05-2025T10:10:55 - [TEST_STEP][PASSED] - dZONum = dZONum + 1: null

16-05-2025T10:10:55 - [TEST_STEP][PASSED] - yB = GetAllData(path, dZONum, VseDZO, x = "Россети Янтарь/", dZO): null

16-05-2025T10:10:55 - [TEST_STEP][PASSED] - ii = <not implemented yet for class: org.codehaus.groovy.ast.expr.EmptyExpression>: null

16-05-2025T10:10:55 - [TEST_STEP][PASSED] - i1 = <not implemented yet for class: org.codehaus.groovy.ast.expr.EmptyExpression>: null

16-05-2025T10:10:55 - [TEST_STEP][PASSED] - z = <not implemented yet for class: org.codehaus.groovy.ast.expr.EmptyExpression>: null

16-05-2025T10:10:55 - [TEST_STEP][PASSED] - strToManage = <not implemented yet for class: org.codehaus.groovy.ast.expr.EmptyExpression>: null

16-05-2025T10:10:55 - [TEST_STEP][PASSED] - path2 = "Значения со страницы Выполнение бизнес-плана/Table Data/": null

16-05-2025T10:10:55 - [TEST_STEP][PASSED] - println("path: " + path): null

16-05-2025T10:10:55 - [TEST_STEP][PASSED] - dZONumOtk = <not implemented yet for class: org.codehaus.groovy.ast.expr.EmptyExpression>: null

16-05-2025T10:10:55 - [TEST_STEP][PASSED] - println("dZONum: " + dZONum): null

16-05-2025T10:10:55 - [TEST_STEP][PASSED] - dZO = x.substring(x.indexOf("/")): null

16-05-2025T10:10:55 - [TEST_STEP][PASSED] - println("dZO: " + dZO): null

16-05-2025T10:10:55 - [TEST_STEP][PASSED] - z = getText(findTestObject(path + "spanPlan" + dZONum)): Text of object 'Object Repository/Выполнение бизнес-плана/Выполнение бизнес-плана Балансы/spanPlan8' is: '10.39
|'

16-05-2025T10:10:55 - [MESSAGE][PASSED] - Text of object 'Object Repository/Выполнение бизнес-плана/Выполнение бизнес-плана Балансы/spanPlan8' is: '10.39
|'

16-05-2025T10:10:55 - [TEST_STEP][PASSED] - println(z): null

16-05-2025T10:10:55 - [TEST_STEP][PASSED] - if (z != ""): null

16-05-2025T10:10:55 - [TEST_STEP][PASSED] - ii = z.indexOf("|"): null

16-05-2025T10:10:55 - [TEST_STEP][PASSED] - if (ii > -1): null

16-05-2025T10:10:55 - [TEST_STEP][PASSED] - z = z.substring(0, z.length() - 1): null

16-05-2025T10:10:55 - [TEST_STEP][PASSED] - println(z): null

16-05-2025T10:10:55 - [TEST_STEP][PASSED] - z = z.replaceAll("\s+", ""): null

16-05-2025T10:10:55 - [TEST_STEP][PASSED] - z = z.replace("[\r?
|
]", "/"): null

16-05-2025T10:10:55 - [TEST_STEP][PASSED] - println(z): null

16-05-2025T10:10:55 - [TEST_STEP][PASSED] - x = x + z: null

16-05-2025T10:10:55 - [TEST_STEP][PASSED] - z = getText(findTestObject(path + "spanFact" + dZONum)): Text of object 'Object Repository/Выполнение бизнес-плана/Выполнение бизнес-плана Балансы/spanFact8' is: '8.87'

16-05-2025T10:10:55 - [MESSAGE][PASSED] - Text of object 'Object Repository/Выполнение бизнес-плана/Выполнение бизнес-плана Балансы/spanFact8' is: '8.87'

16-05-2025T10:10:55 - [TEST_STEP][PASSED] - ii = z.indexOf("|"): null

16-05-2025T10:10:55 - [TEST_STEP][PASSED] - if (ii > -1): null

16-05-2025T10:10:55 - [TEST_STEP][PASSED] - x = x + "/" + z: null

16-05-2025T10:10:55 - [TEST_STEP][PASSED] - z = getText(findTestObject(path + path2 + "Факт Отпуск в сеть за отчётный период " + dZONum)).replaceAll("\s+", ""): Text of object 'Object Repository/Выполнение бизнес-плана/Выполнение бизнес-плана Балансы/Значения со страницы Выполнение бизнес-плана/Table Data/Факт Отпуск в сеть за отчётный период 8' is: '901 140'

16-05-2025T10:10:56 - [MESSAGE][PASSED] - Text of object 'Object Repository/Выполнение бизнес-плана/Выполнение бизнес-плана Балансы/Значения со страницы Выполнение бизнес-плана/Table Data/Факт Отпуск в сеть за отчётный период 8' is: '901 140'

16-05-2025T10:10:56 - [TEST_STEP][PASSED] - println("z=" + z): null

16-05-2025T10:10:56 - [TEST_STEP][PASSED] - x = x + "/" + z: null

16-05-2025T10:10:56 - [TEST_STEP][PASSED] - z = getText(findTestObject(path + path2 + "Факт Отпуск из сети за отчётный период " + dZONum)).replaceAll("\s+", ""): Text of object 'Object Repository/Выполнение бизнес-плана/Выполнение бизнес-плана Балансы/Значения со страницы Выполнение бизнес-плана/Table Data/Факт Отпуск из сети за отчётный период 8' is: '821 181'

16-05-2025T10:10:56 - [MESSAGE][PASSED] - Text of object 'Object Repository/Выполнение бизнес-плана/Выполнение бизнес-плана Балансы/Значения со страницы Выполнение бизнес-плана/Table Data/Факт Отпуск из сети за отчётный период 8' is: '821 181'

16-05-2025T10:10:56 - [TEST_STEP][PASSED] - x = x + "/" + z: null

16-05-2025T10:10:56 - [TEST_STEP][PASSED] - z = getText(findTestObject(path + path2 + "Факт Потери за отчётный период " + dZONum)).replaceAll("\s+", ""): Text of object 'Object Repository/Выполнение бизнес-плана/Выполнение бизнес-плана Балансы/Значения со страницы Выполнение бизнес-плана/Table Data/Факт Потери за отчётный период 8' is: '79 959'

16-05-2025T10:10:56 - [MESSAGE][PASSED] - Text of object 'Object Repository/Выполнение бизнес-плана/Выполнение бизнес-плана Балансы/Значения со страницы Выполнение бизнес-плана/Table Data/Факт Потери за отчётный период 8' is: '79 959'

16-05-2025T10:10:56 - [TEST_STEP][PASSED] - x = x + "/" + z: null

16-05-2025T10:10:56 - [TEST_STEP][PASSED] - z = getText(findTestObject(path + path2 + "План Отпуск в сеть за отчётный период " + dZONum)).replaceAll("\s+", ""): Text of object 'Object Repository/Выполнение бизнес-плана/Выполнение бизнес-плана Балансы/Значения со страницы Выполнение бизнес-плана/Table Data/План Отпуск в сеть за отчётный период 8' is: '908 608'

16-05-2025T10:10:56 - [MESSAGE][PASSED] - Text of object 'Object Repository/Выполнение бизнес-плана/Выполнение бизнес-плана Балансы/Значения со страницы Выполнение бизнес-плана/Table Data/План Отпуск в сеть за отчётный период 8' is: '908 608'

16-05-2025T10:10:56 - [TEST_STEP][PASSED] - x = x + "/" + z: null

16-05-2025T10:10:56 - [TEST_STEP][PASSED] - z = getText(findTestObject(path + path2 + "План Отпуск из сети за отчётный период " + dZONum)).replaceAll("\s+", ""): Text of object 'Object Repository/Выполнение бизнес-плана/Выполнение бизнес-плана Балансы/Значения со страницы Выполнение бизнес-плана/Table Data/План Отпуск из сети за отчётный период 8' is: '814 188'

16-05-2025T10:10:57 - [MESSAGE][PASSED] - Text of object 'Object Repository/Выполнение бизнес-плана/Выполнение бизнес-плана Балансы/Значения со страницы Выполнение бизнес-плана/Table Data/План Отпуск из сети за отчётный период 8' is: '814 188'

16-05-2025T10:10:57 - [TEST_STEP][PASSED] - x = x + "/" + z: null

16-05-2025T10:10:57 - [TEST_STEP][PASSED] - z = getText(findTestObject(path + path2 + "План Потери за отчётный период " + dZONum)).replaceAll("\s+", ""): Text of object 'Object Repository/Выполнение бизнес-плана/Выполнение бизнес-плана Балансы/Значения со страницы Выполнение бизнес-плана/Table Data/План Потери за отчётный период 8' is: '94 420'

16-05-2025T10:10:57 - [MESSAGE][PASSED] - Text of object 'Object Repository/Выполнение бизнес-плана/Выполнение бизнес-плана Балансы/Значения со страницы Выполнение бизнес-плана/Table Data/План Потери за отчётный период 8' is: '94 420'

16-05-2025T10:10:57 - [TEST_STEP][PASSED] - x = x + "/" + z: null

16-05-2025T10:10:57 - [TEST_STEP][PASSED] - z = getText(findTestObject(path + "Список ДЗО 2")).replaceAll("[\r?
|
]", "/"): Text of object 'Object Repository/Выполнение бизнес-плана/Выполнение бизнес-плана Балансы/Список ДЗО 2' is: '0.05
-0.99
-0.40
-1.51
-0.19
-0.25
-1.44
-1.52
Россети ФСК ЕЭС
Россети Волга
Россети Московский регион
Россети Северо-Запад
Россети Томск
Россети Урал (ГК)
Россети Юг (ГК)
Россети Янтарь
-2
-1
0
1
2
3
4
5
6
7'

16-05-2025T10:10:57 - [MESSAGE][PASSED] - Text of object 'Object Repository/Выполнение бизнес-плана/Выполнение бизнес-плана Балансы/Список ДЗО 2' is: '0.05
-0.99
-0.40
-1.51
-0.19
-0.25
-1.44
-1.52
Россети ФСК ЕЭС
Россети Волга
Россети Московский регион
Россети Северо-Запад
Россети Томск
Россети Урал (ГК)
Россети Юг (ГК)
Россети Янтарь
-2
-1
0
1
2
3
4
5
6
7'

16-05-2025T10:10:57 - [TEST_STEP][PASSED] - strToManage = z: null

16-05-2025T10:10:57 - [TEST_STEP][PASSED] - ii = strToManage.indexOf("ГК"): null

16-05-2025T10:10:57 - [TEST_STEP][PASSED] - if (ii > -1): null

16-05-2025T10:10:57 - [TEST_STEP][PASSED] - for ([i1 = 1, i1 > -1, (i1--)]): null

16-05-2025T10:10:57 - [TEST_STEP][PASSED] - strToManage = strToManage.substring(0, strToManage.indexOf("ГК") - 1) + strToManage.substring(strToManage.indexOf("ГК") + 3): null

16-05-2025T10:10:57 - [TEST_STEP][PASSED] - println("strToManage count i1: " + strToManage): null

16-05-2025T10:10:57 - [TEST_STEP][PASSED] - i1 = strToManage.count("ГК"): null

16-05-2025T10:10:57 - [TEST_STEP][PASSED] - println("i1: " + i1): null

16-05-2025T10:10:57 - [TEST_STEP][PASSED] - strToManage = strToManage.substring(0, strToManage.indexOf("ГК") - 1) + strToManage.substring(strToManage.indexOf("ГК") + 3): null

16-05-2025T10:10:57 - [TEST_STEP][PASSED] - println("strToManage count i1: " + strToManage): null

16-05-2025T10:10:57 - [TEST_STEP][PASSED] - i1 = strToManage.count("ГК"): null

16-05-2025T10:10:57 - [TEST_STEP][PASSED] - println("i1: " + i1): null

16-05-2025T10:10:57 - [TEST_STEP][PASSED] - z = strToManage: null

16-05-2025T10:10:57 - [TEST_STEP][PASSED] - println("z: " + z): null

16-05-2025T10:10:57 - [TEST_STEP][PASSED] - lettersStart = z.indexOf("Россети"): null

16-05-2025T10:10:57 - [TEST_STEP][PASSED] - strToManage = z.substring(lettersStart, z.length()): null

16-05-2025T10:10:57 - [TEST_STEP][PASSED] - println("strToManage: " + strToManage): null

16-05-2025T10:10:57 - [TEST_STEP][PASSED] - dZONames = strToManage: null

16-05-2025T10:10:57 - [TEST_STEP][PASSED] - strToManage = strToManage.replaceAll("[а-яА-Я]", ""): null

16-05-2025T10:10:57 - [TEST_STEP][PASSED] - println("strToManage after letters: " + strToManage): null

16-05-2025T10:10:57 - [TEST_STEP][PASSED] - strToManage = replaceAll(" ", "").replaceAll("/-/", ""): null

16-05-2025T10:10:57 - [TEST_STEP][PASSED] - println("strToManage: " + strToManage): null

16-05-2025T10:10:57 - [TEST_STEP][PASSED] - strToManage = strToManage.substring(strToManage.lastIndexOf("//") + 1, strToManage.length()): null

16-05-2025T10:10:57 - [TEST_STEP][PASSED] - println("strToManage: " + strToManage): null

16-05-2025T10:10:57 - [TEST_STEP][PASSED] - ii = z.indexOf(strToManage): null

16-05-2025T10:10:57 - [TEST_STEP][PASSED] - if (ii > -1): null

16-05-2025T10:10:57 - [TEST_STEP][PASSED] - z = z.substring(0, ii) + "/": null

16-05-2025T10:10:57 - [TEST_STEP][PASSED] - println("z: " + z): null

16-05-2025T10:10:57 - [TEST_STEP][PASSED] - println("dZONum: " + dZONum): null

16-05-2025T10:10:57 - [TEST_STEP][PASSED] - strToManage = dZO: null

16-05-2025T10:10:57 - [TEST_STEP][PASSED] - if (strToManage.indexOf("(ГК)") > -1): null

16-05-2025T10:10:57 - [TEST_STEP][PASSED] - strToManage = replaceAll("\p{P}", "").replaceAll("\s+", ""): null

16-05-2025T10:10:57 - [TEST_STEP][PASSED] - println("strToManage: " + strToManage): null

16-05-2025T10:10:57 - [TEST_STEP][PASSED] - if (replaceAll("\s+", "").indexOf(strToManage) > -1): null

16-05-2025T10:10:57 - [TEST_STEP][PASSED] - dZONames = replaceAll("-", "").replaceAll("//", ""): null

16-05-2025T10:10:57 - [TEST_STEP][PASSED] - println("dZONames: " + dZONames): null

16-05-2025T10:10:57 - [TEST_STEP][PASSED] - dZONumOtk = 1: null

16-05-2025T10:10:57 - [TEST_STEP][PASSED] - ii = dZONames.indexOf(strToManage): null

16-05-2025T10:10:57 - [TEST_STEP][PASSED] - if (strToManage != "ФСК"): null

16-05-2025T10:10:57 - [TEST_STEP][PASSED] - if (ii > -1): null

16-05-2025T10:10:57 - [TEST_STEP][PASSED] - for ([i1 = 1, ii > -1, (i1++)]): null

16-05-2025T10:10:57 - [TEST_STEP][PASSED] - dZONames = dZONames.substring(dZONames.indexOf("/") + 1, dZONames.length()): null

16-05-2025T10:10:57 - [TEST_STEP][PASSED] - ii = dZONames.lastIndexOf("/"): null

16-05-2025T10:10:57 - [TEST_STEP][PASSED] - println("dZONames: " + dZONames): null

16-05-2025T10:10:57 - [TEST_STEP][PASSED] - dZONumOtk = dZONumOtk + 1: null

16-05-2025T10:10:57 - [TEST_STEP][PASSED] - println("dZONumOtk: " + dZONumOtk): null

16-05-2025T10:10:57 - [TEST_STEP][PASSED] - dZONames = dZONames.substring(dZONames.indexOf("/") + 1, dZONames.length()): null

16-05-2025T10:10:57 - [TEST_STEP][PASSED] - ii = dZONames.lastIndexOf("/"): null

16-05-2025T10:10:57 - [TEST_STEP][PASSED] - println("dZONames: " + dZONames): null

16-05-2025T10:10:57 - [TEST_STEP][PASSED] - dZONumOtk = dZONumOtk + 1: null

16-05-2025T10:10:57 - [TEST_STEP][PASSED] - println("dZONumOtk: " + dZONumOtk): null

16-05-2025T10:10:57 - [TEST_STEP][PASSED] - dZONames = dZONames.substring(dZONames.indexOf("/") + 1, dZONames.length()): null

16-05-2025T10:10:57 - [TEST_STEP][PASSED] - ii = dZONames.lastIndexOf("/"): null

16-05-2025T10:10:57 - [TEST_STEP][PASSED] - println("dZONames: " + dZONames): null

16-05-2025T10:10:57 - [TEST_STEP][PASSED] - dZONumOtk = dZONumOtk + 1: null

16-05-2025T10:10:57 - [TEST_STEP][PASSED] - println("dZONumOtk: " + dZONumOtk): null

16-05-2025T10:10:57 - [TEST_STEP][PASSED] - dZONames = dZONames.substring(dZONames.indexOf("/") + 1, dZONames.length()): null

16-05-2025T10:10:57 - [TEST_STEP][PASSED] - ii = dZONames.lastIndexOf("/"): null

16-05-2025T10:10:57 - [TEST_STEP][PASSED] - println("dZONames: " + dZONames): null

16-05-2025T10:10:57 - [TEST_STEP][PASSED] - dZONumOtk = dZONumOtk + 1: null

16-05-2025T10:10:57 - [TEST_STEP][PASSED] - println("dZONumOtk: " + dZONumOtk): null

16-05-2025T10:10:57 - [TEST_STEP][PASSED] - dZONames = dZONames.substring(dZONames.indexOf("/") + 1, dZONames.length()): null

16-05-2025T10:10:57 - [TEST_STEP][PASSED] - ii = dZONames.lastIndexOf("/"): null

16-05-2025T10:10:57 - [TEST_STEP][PASSED] - println("dZONames: " + dZONames): null

16-05-2025T10:10:57 - [TEST_STEP][PASSED] - dZONumOtk = dZONumOtk + 1: null

16-05-2025T10:10:57 - [TEST_STEP][PASSED] - println("dZONumOtk: " + dZONumOtk): null

16-05-2025T10:10:57 - [TEST_STEP][PASSED] - dZONames = dZONames.substring(dZONames.indexOf("/") + 1, dZONames.length()): null

16-05-2025T10:10:57 - [TEST_STEP][PASSED] - ii = dZONames.lastIndexOf("/"): null

16-05-2025T10:10:57 - [TEST_STEP][PASSED] - println("dZONames: " + dZONames): null

16-05-2025T10:10:57 - [TEST_STEP][PASSED] - dZONumOtk = dZONumOtk + 1: null

16-05-2025T10:10:57 - [TEST_STEP][PASSED] - println("dZONumOtk: " + dZONumOtk): null

16-05-2025T10:10:57 - [TEST_STEP][PASSED] - dZONames = dZONames.substring(dZONames.indexOf("/") + 1, dZONames.length()): null

16-05-2025T10:10:57 - [TEST_STEP][PASSED] - ii = dZONames.lastIndexOf("/"): null

16-05-2025T10:10:57 - [TEST_STEP][PASSED] - println("dZONames: " + dZONames): null

16-05-2025T10:10:57 - [TEST_STEP][PASSED] - dZONumOtk = dZONumOtk + 1: null

16-05-2025T10:10:57 - [TEST_STEP][PASSED] - println("dZONumOtk: " + dZONumOtk): null

16-05-2025T10:10:57 - [TEST_STEP][PASSED] - if (z.indexOf("//") > -1): null

16-05-2025T10:10:57 - [TEST_STEP][PASSED] - println("z: " + z): null

16-05-2025T10:10:57 - [TEST_STEP][PASSED] - for ([ii = 1, ii < dZONumOtk, (ii++)]): null

16-05-2025T10:10:57 - [TEST_STEP][PASSED] - i1 = z.indexOf("/") + 1: null

16-05-2025T10:10:57 - [TEST_STEP][PASSED] - z = z.substring(i1, z.length()): null

16-05-2025T10:10:57 - [TEST_STEP][PASSED] - println("ii: " + ii): null

16-05-2025T10:10:57 - [TEST_STEP][PASSED] - println("z: " + z): null

16-05-2025T10:10:57 - [TEST_STEP][PASSED] - i1 = z.indexOf("/") + 1: null

16-05-2025T10:10:57 - [TEST_STEP][PASSED] - z = z.substring(i1, z.length()): null

16-05-2025T10:10:57 - [TEST_STEP][PASSED] - println("ii: " + ii): null

16-05-2025T10:10:57 - [TEST_STEP][PASSED] - println("z: " + z): null

16-05-2025T10:10:57 - [TEST_STEP][PASSED] - i1 = z.indexOf("/") + 1: null

16-05-2025T10:10:57 - [TEST_STEP][PASSED] - z = z.substring(i1, z.length()): null

16-05-2025T10:10:57 - [TEST_STEP][PASSED] - println("ii: " + ii): null

16-05-2025T10:10:57 - [TEST_STEP][PASSED] - println("z: " + z): null

16-05-2025T10:10:57 - [TEST_STEP][PASSED] - i1 = z.indexOf("/") + 1: null

16-05-2025T10:10:57 - [TEST_STEP][PASSED] - z = z.substring(i1, z.length()): null

16-05-2025T10:10:57 - [TEST_STEP][PASSED] - println("ii: " + ii): null

16-05-2025T10:10:57 - [TEST_STEP][PASSED] - println("z: " + z): null

16-05-2025T10:10:57 - [TEST_STEP][PASSED] - i1 = z.indexOf("/") + 1: null

16-05-2025T10:10:57 - [TEST_STEP][PASSED] - z = z.substring(i1, z.length()): null

16-05-2025T10:10:57 - [TEST_STEP][PASSED] - println("ii: " + ii): null

16-05-2025T10:10:57 - [TEST_STEP][PASSED] - println("z: " + z): null

16-05-2025T10:10:57 - [TEST_STEP][PASSED] - i1 = z.indexOf("/") + 1: null

16-05-2025T10:10:57 - [TEST_STEP][PASSED] - z = z.substring(i1, z.length()): null

16-05-2025T10:10:57 - [TEST_STEP][PASSED] - println("ii: " + ii): null

16-05-2025T10:10:57 - [TEST_STEP][PASSED] - println("z: " + z): null

16-05-2025T10:10:57 - [TEST_STEP][PASSED] - i1 = z.indexOf("/") + 1: null

16-05-2025T10:10:57 - [TEST_STEP][PASSED] - z = z.substring(i1, z.length()): null

16-05-2025T10:10:57 - [TEST_STEP][PASSED] - println("ii: " + ii): null

16-05-2025T10:10:57 - [TEST_STEP][PASSED] - println("z: " + z): null

16-05-2025T10:10:57 - [TEST_STEP][PASSED] - z = z.substring(0, z.indexOf("/")): null

16-05-2025T10:10:57 - [TEST_STEP][PASSED] - println("z: " + z): null

16-05-2025T10:10:57 - [TEST_STEP][PASSED] - x = x + "/" + z: null

16-05-2025T10:10:57 - [TEST_STEP][PASSED] - x = x.replaceAll("[\r?
|
]", ""): null

16-05-2025T10:10:57 - [TEST_STEP][PASSED] - println("x =" + x): null

16-05-2025T10:10:57 - [TEST_STEP][PASSED] - return x: null

16-05-2025T10:10:57 - [TEST_STEP][PASSED] - println("yB: " + yB): null

16-05-2025T10:10:57 - [TEST_STEP][PASSED] - VseDZO = getText(findTestObject(path + "Список ДЗО")): Text of object 'Object Repository/Выполнение бизнес-плана/Выполнение бизнес-плана Балансы/Список ДЗО' is: '0.05
-0.99
-0.40
-1.51
-0.19
-0.25
-1.44
-1.52
Россети ФСК ЕЭС
Россети Волга
Россети Московский регион
Россети Северо-Запад
Россети Томск
Россети Урал (ГК)
Россети Юг (ГК)
Россети Янтарь
-2
-1
0
1
2
3
4
5
6
7'

16-05-2025T10:10:58 - [MESSAGE][PASSED] - Text of object 'Object Repository/Выполнение бизнес-плана/Выполнение бизнес-плана Балансы/Список ДЗО' is: '0.05
-0.99
-0.40
-1.51
-0.19
-0.25
-1.44
-1.52
Россети ФСК ЕЭС
Россети Волга
Россети Московский регион
Россети Северо-Запад
Россети Томск
Россети Урал (ГК)
Россети Юг (ГК)
Россети Янтарь
-2
-1
0
1
2
3
4
5
6
7'

16-05-2025T10:10:58 - [TEST_STEP][FAILED] - if (blockNum == 2): null

16-05-2025T10:10:58 - [TEST_STEP][FAILED] - if (verifyEqual(pRR, pRB) == false): null

16-05-2025T10:10:58 - [MESSAGE][FAILED] - Unable to verify equal between actual object 'ПАО Россети/5.63/8.24/177286590/162684396/14602194/279622401/263872604/15749796' and expected object 'ПАО Россети/5.01/8.20/136160386/124997975/11162411/236268268/224428885/11839383' (Root cause: com.kms.katalon.core.exception.StepFailedException: Actual object 'ПАО Россети/5.63/8.24/177286590/162684396/14602194/279622401/263872604/15749796' and expected object 'ПАО Россети/5.01/8.20/136160386/124997975/11162411/236268268/224428885/11839383' are not equal
	at com.kms.katalon.core.keyword.builtin.VerifyEqualKeyword$_verifyEqual_closure1.doCall(VerifyEqualKeyword.groovy:58)
	at com.kms.katalon.core.keyword.builtin.VerifyEqualKeyword$_verifyEqual_closure1.call(VerifyEqualKeyword.groovy)
	at com.kms.katalon.core.keyword.internal.KeywordMain.runKeyword(KeywordMain.groovy:75)
	at com.kms.katalon.core.keyword.builtin.VerifyEqualKeyword.verifyEqual(VerifyEqualKeyword.groovy:63)
	at com.kms.katalon.core.keyword.builtin.VerifyEqualKeyword.execute(VerifyEqualKeyword.groovy:44)
	at com.kms.katalon.core.keyword.internal.KeywordExecutor.executeKeywordForPlatform(KeywordExecutor.groovy:74)
	at com.kms.katalon.core.keyword.BuiltinKeywords.verifyEqual(BuiltinKeywords.groovy:146)
	at jdk.internal.reflect.GeneratedMethodAccessor24.invoke(Unknown Source)
	at java.base/jdk.internal.reflect.DelegatingMethodAccessorImpl.invoke(DelegatingMethodAccessorImpl.java:43)
	at Выполнение бизнес-плана сверка дашбордов.run(Выполнение бизнес-плана сверка дашбордов:577)
	at com.kms.katalon.core.main.ScriptEngine.run(ScriptEngine.java:194)
	at com.kms.katalon.core.main.ScriptEngine.runScriptAsRawText(ScriptEngine.java:119)
	at com.kms.katalon.core.main.TestCaseExecutor.runScript(TestCaseExecutor.java:448)
	at com.kms.katalon.core.main.TestCaseExecutor.doExecute(TestCaseExecutor.java:439)
	at com.kms.katalon.core.main.TestCaseExecutor.processExecutionPhase(TestCaseExecutor.java:418)
	at com.kms.katalon.core.main.TestCaseExecutor.accessMainPhase(TestCaseExecutor.java:410)
	at com.kms.katalon.core.main.TestCaseExecutor.execute(TestCaseExecutor.java:285)
	at com.kms.katalon.core.common.CommonExecutor.accessTestCaseMainPhase(CommonExecutor.java:65)
	at com.kms.katalon.core.main.TestSuiteExecutor.accessTestSuiteMainPhase(TestSuiteExecutor.java:150)
	at com.kms.katalon.core.main.TestSuiteExecutor.execute(TestSuiteExecutor.java:106)
	at com.kms.katalon.core.main.TestCaseMain.startTestSuite(TestCaseMain.java:180)
	at TempTestSuite1747369435659.run(TempTestSuite1747369435659.groovy:35)
	at java.base/jdk.internal.reflect.NativeMethodAccessorImpl.invoke0(Native Method)
	at java.base/jdk.internal.reflect.NativeMethodAccessorImpl.invoke(NativeMethodAccessorImpl.java:77)
	at java.base/jdk.internal.reflect.DelegatingMethodAccessorImpl.invoke(DelegatingMethodAccessorImpl.java:43)
)

16-05-2025T10:10:58 - [TEST_STEP][PASSED] - result = CompareDZOData(a = pRR, b = pRB, dZO, typeOfData, PercPlanR, PercPlanB, PercFactR, PercFactB, todaysDate, x, vidget, tabR, tabB, o1R, o1B): null

16-05-2025T10:10:58 - [TEST_STEP][PASSED] - ii2 = <not implemented yet for class: org.codehaus.groovy.ast.expr.EmptyExpression>: null

16-05-2025T10:10:58 - [TEST_STEP][FAILED] - if (verifyEqual(a, b) == false): null

16-05-2025T10:10:58 - [MESSAGE][FAILED] - Unable to verify equal between actual object 'ПАО Россети/5.63/8.24/177286590/162684396/14602194/279622401/263872604/15749796' and expected object 'ПАО Россети/5.01/8.20/136160386/124997975/11162411/236268268/224428885/11839383' (Root cause: com.kms.katalon.core.exception.StepFailedException: Actual object 'ПАО Россети/5.63/8.24/177286590/162684396/14602194/279622401/263872604/15749796' and expected object 'ПАО Россети/5.01/8.20/136160386/124997975/11162411/236268268/224428885/11839383' are not equal
	at com.kms.katalon.core.keyword.builtin.VerifyEqualKeyword$_verifyEqual_closure1.doCall(VerifyEqualKeyword.groovy:58)
	at com.kms.katalon.core.keyword.builtin.VerifyEqualKeyword$_verifyEqual_closure1.call(VerifyEqualKeyword.groovy)
	at com.kms.katalon.core.keyword.internal.KeywordMain.runKeyword(KeywordMain.groovy:75)
	at com.kms.katalon.core.keyword.builtin.VerifyEqualKeyword.verifyEqual(VerifyEqualKeyword.groovy:63)
	at com.kms.katalon.core.keyword.builtin.VerifyEqualKeyword.execute(VerifyEqualKeyword.groovy:44)
	at com.kms.katalon.core.keyword.internal.KeywordExecutor.executeKeywordForPlatform(KeywordExecutor.groovy:74)
	at com.kms.katalon.core.keyword.BuiltinKeywords.verifyEqual(BuiltinKeywords.groovy:146)
	at jdk.internal.reflect.GeneratedMethodAccessor24.invoke(Unknown Source)
	at java.base/jdk.internal.reflect.DelegatingMethodAccessorImpl.invoke(DelegatingMethodAccessorImpl.java:43)
	at Выполнение бизнес-плана сверка дашбордов.CompareDZOData(Выполнение бизнес-плана сверка дашбордов:673)
	at Выполнение бизнес-плана сверка дашбордов.run(Выполнение бизнес-плана сверка дашбордов:578)
	at com.kms.katalon.core.main.ScriptEngine.run(ScriptEngine.java:194)
	at com.kms.katalon.core.main.ScriptEngine.runScriptAsRawText(ScriptEngine.java:119)
	at com.kms.katalon.core.main.TestCaseExecutor.runScript(TestCaseExecutor.java:448)
	at com.kms.katalon.core.main.TestCaseExecutor.doExecute(TestCaseExecutor.java:439)
	at com.kms.katalon.core.main.TestCaseExecutor.processExecutionPhase(TestCaseExecutor.java:418)
	at com.kms.katalon.core.main.TestCaseExecutor.accessMainPhase(TestCaseExecutor.java:410)
	at com.kms.katalon.core.main.TestCaseExecutor.execute(TestCaseExecutor.java:285)
	at com.kms.katalon.core.common.CommonExecutor.accessTestCaseMainPhase(CommonExecutor.java:65)
	at com.kms.katalon.core.main.TestSuiteExecutor.accessTestSuiteMainPhase(TestSuiteExecutor.java:150)
	at com.kms.katalon.core.main.TestSuiteExecutor.execute(TestSuiteExecutor.java:106)
	at com.kms.katalon.core.main.TestCaseMain.startTestSuite(TestCaseMain.java:180)
	at TempTestSuite1747369435659.run(TempTestSuite1747369435659.groovy:35)
	at java.base/jdk.internal.reflect.NativeMethodAccessorImpl.invoke0(Native Method)
	at java.base/jdk.internal.reflect.NativeMethodAccessorImpl.invoke(NativeMethodAccessorImpl.java:77)
	at java.base/jdk.internal.reflect.DelegatingMethodAccessorImpl.invoke(DelegatingMethodAccessorImpl.java:43)
)

16-05-2025T10:10:58 - [TEST_STEP][PASSED] - vidget = "Уровень потерь электроэнергии": null

16-05-2025T10:10:58 - [TEST_STEP][PASSED] - typeOfData = "План": null

16-05-2025T10:10:58 - [TEST_STEP][PASSED] - PercPlanR = GetPercPlanR(x = a): null

16-05-2025T10:10:58 - [TEST_STEP][PASSED] - i1 = <not implemented yet for class: org.codehaus.groovy.ast.expr.EmptyExpression>: null

16-05-2025T10:10:58 - [TEST_STEP][PASSED] - i1 = x.indexOf("/") + 1: null

16-05-2025T10:10:58 - [TEST_STEP][PASSED] - if (i1 > -1): null

16-05-2025T10:10:58 - [TEST_STEP][PASSED] - x = x.substring(i1, x.length()): null

16-05-2025T10:10:58 - [TEST_STEP][PASSED] - i1 = x.indexOf("/"): null

16-05-2025T10:10:58 - [TEST_STEP][PASSED] - if (i1 > -1): null

16-05-2025T10:10:58 - [TEST_STEP][PASSED] - x = x.substring(0, i1): null

16-05-2025T10:10:58 - [TEST_STEP][PASSED] - return x: null

16-05-2025T10:10:58 - [TEST_STEP][PASSED] - PercPlanB = GetPercPlanB(x = b): null

16-05-2025T10:10:58 - [TEST_STEP][PASSED] - i1 = <not implemented yet for class: org.codehaus.groovy.ast.expr.EmptyExpression>: null

16-05-2025T10:10:58 - [TEST_STEP][PASSED] - i1 = x.indexOf("/") + 1: null

16-05-2025T10:10:58 - [TEST_STEP][PASSED] - if (i1 > -1): null

16-05-2025T10:10:58 - [TEST_STEP][PASSED] - x = x.substring(i1, x.length()): null

16-05-2025T10:10:58 - [TEST_STEP][PASSED] - i1 = x.indexOf("/"): null

16-05-2025T10:10:58 - [TEST_STEP][PASSED] - if (i1 > -1): null

16-05-2025T10:10:58 - [TEST_STEP][PASSED] - x = x.substring(0, i1): null

16-05-2025T10:10:58 - [TEST_STEP][FAILED] - return x: null

16-05-2025T10:10:58 - [TEST_STEP][FAILED] - if (verifyEqual(PercPlanR, PercPlanB) == false): null

16-05-2025T10:10:58 - [MESSAGE][FAILED] - Unable to verify equal between actual object '5.63' and expected object '5.01' (Root cause: com.kms.katalon.core.exception.StepFailedException: Actual object '5.63' and expected object '5.01' are not equal
	at com.kms.katalon.core.keyword.builtin.VerifyEqualKeyword$_verifyEqual_closure1.doCall(VerifyEqualKeyword.groovy:58)
	at com.kms.katalon.core.keyword.builtin.VerifyEqualKeyword$_verifyEqual_closure1.call(VerifyEqualKeyword.groovy)
	at com.kms.katalon.core.keyword.internal.KeywordMain.runKeyword(KeywordMain.groovy:75)
	at com.kms.katalon.core.keyword.builtin.VerifyEqualKeyword.verifyEqual(VerifyEqualKeyword.groovy:63)
	at com.kms.katalon.core.keyword.builtin.VerifyEqualKeyword.execute(VerifyEqualKeyword.groovy:44)
	at com.kms.katalon.core.keyword.internal.KeywordExecutor.executeKeywordForPlatform(KeywordExecutor.groovy:74)
	at com.kms.katalon.core.keyword.BuiltinKeywords.verifyEqual(BuiltinKeywords.groovy:146)
	at jdk.internal.reflect.GeneratedMethodAccessor24.invoke(Unknown Source)
	at java.base/jdk.internal.reflect.DelegatingMethodAccessorImpl.invoke(DelegatingMethodAccessorImpl.java:43)
	at Выполнение бизнес-плана сверка дашбордов.CompareDZOData(Выполнение бизнес-плана сверка дашбордов:682)
	at Выполнение бизнес-плана сверка дашбордов.run(Выполнение бизнес-плана сверка дашбордов:578)
	at com.kms.katalon.core.main.ScriptEngine.run(ScriptEngine.java:194)
	at com.kms.katalon.core.main.ScriptEngine.runScriptAsRawText(ScriptEngine.java:119)
	at com.kms.katalon.core.main.TestCaseExecutor.runScript(TestCaseExecutor.java:448)
	at com.kms.katalon.core.main.TestCaseExecutor.doExecute(TestCaseExecutor.java:439)
	at com.kms.katalon.core.main.TestCaseExecutor.processExecutionPhase(TestCaseExecutor.java:418)
	at com.kms.katalon.core.main.TestCaseExecutor.accessMainPhase(TestCaseExecutor.java:410)
	at com.kms.katalon.core.main.TestCaseExecutor.execute(TestCaseExecutor.java:285)
	at com.kms.katalon.core.common.CommonExecutor.accessTestCaseMainPhase(CommonExecutor.java:65)
	at com.kms.katalon.core.main.TestSuiteExecutor.accessTestSuiteMainPhase(TestSuiteExecutor.java:150)
	at com.kms.katalon.core.main.TestSuiteExecutor.execute(TestSuiteExecutor.java:106)
	at com.kms.katalon.core.main.TestCaseMain.startTestSuite(TestCaseMain.java:180)
	at TempTestSuite1747369435659.run(TempTestSuite1747369435659.groovy:35)
	at java.base/jdk.internal.reflect.NativeMethodAccessorImpl.invoke0(Native Method)
	at java.base/jdk.internal.reflect.NativeMethodAccessorImpl.invoke(NativeMethodAccessorImpl.java:77)
	at java.base/jdk.internal.reflect.DelegatingMethodAccessorImpl.invoke(DelegatingMethodAccessorImpl.java:43)
)

16-05-2025T10:10:58 - [TEST_STEP][PASSED] - result = WriteToExcel(typeOfData, todaysDate, PercPlanR, PercPlanB, PercFactR, PercFactB, x, tabR, tabB, o1R, o1B, vidget): null

16-05-2025T10:10:58 - [TEST_STEP][PASSED] - iii = dZO.indexOf("/"): null

16-05-2025T10:10:58 - [TEST_STEP][PASSED] - println(iii): null

16-05-2025T10:10:58 - [TEST_STEP][PASSED] - if (iii > -1): null

16-05-2025T10:10:58 - [TEST_STEP][PASSED] - dZO = dZO.substring(0, iii): null

16-05-2025T10:10:58 - [TEST_STEP][PASSED] - println(dZO): null

16-05-2025T10:10:58 - [TEST_STEP][PASSED] - println(PercPlanR): null

16-05-2025T10:10:58 - [TEST_STEP][PASSED] - println(PercPlanB): null

16-05-2025T10:10:58 - [TEST_STEP][PASSED] - println(PercFactR): null

16-05-2025T10:10:58 - [TEST_STEP][PASSED] - println(PercFactB): null

16-05-2025T10:10:58 - [TEST_STEP][PASSED] - println(tabR): null

16-05-2025T10:10:58 - [TEST_STEP][PASSED] - println(tabB): null

16-05-2025T10:10:58 - [TEST_STEP][PASSED] - println(o1R): null

16-05-2025T10:10:58 - [TEST_STEP][PASSED] - println(o1B): null

16-05-2025T10:10:58 - [TEST_STEP][PASSED] - PR = <not implemented yet for class: org.codehaus.groovy.ast.expr.EmptyExpression>: null

16-05-2025T10:10:58 - [TEST_STEP][PASSED] - FR = <not implemented yet for class: org.codehaus.groovy.ast.expr.EmptyExpression>: null

16-05-2025T10:10:58 - [TEST_STEP][PASSED] - PB = <not implemented yet for class: org.codehaus.groovy.ast.expr.EmptyExpression>: null

16-05-2025T10:10:58 - [TEST_STEP][PASSED] - FB = <not implemented yet for class: org.codehaus.groovy.ast.expr.EmptyExpression>: null

16-05-2025T10:10:58 - [TEST_STEP][PASSED] - TR = <not implemented yet for class: org.codehaus.groovy.ast.expr.EmptyExpression>: null

16-05-2025T10:10:58 - [TEST_STEP][PASSED] - TB = <not implemented yet for class: org.codehaus.groovy.ast.expr.EmptyExpression>: null

16-05-2025T10:10:58 - [TEST_STEP][PASSED] - sheetName = "Sheet1": null

16-05-2025T10:10:58 - [TEST_STEP][PASSED] - data = findTestData("PlanFact"): null

16-05-2025T10:10:58 - [TEST_STEP][PASSED] - n = data.getRowNumbers() + 1: null

16-05-2025T10:10:58 - [TEST_STEP][PASSED] - day = ")).toInteger(): null

16-05-2025T10:10:58 - [TEST_STEP][PASSED] - println(day): null

16-05-2025T10:10:58 - [TEST_STEP][PASSED] - month = ")).toInteger(): null

16-05-2025T10:10:58 - [TEST_STEP][PASSED] - println(month): null

16-05-2025T10:10:58 - [TEST_STEP][PASSED] - y = length()).toInteger(): null

16-05-2025T10:10:58 - [TEST_STEP][PASSED] - if (month < 3 && day < 30): null

16-05-2025T10:10:58 - [TEST_STEP][PASSED] - println(y): null

16-05-2025T10:10:58 - [TEST_STEP][PASSED] - m = getText(findTestObject("Выполнение бизнес-плана/Выполнение бизнес-плана Балансы/Фильтр Дата")): Text of object 'Object Repository/Выполнение бизнес-плана/Выполнение бизнес-плана Балансы/Фильтр Дата' is: '1 кв. 2025 года'

16-05-2025T10:10:58 - [MESSAGE][PASSED] - Text of object 'Object Repository/Выполнение бизнес-плана/Выполнение бизнес-плана Балансы/Фильтр Дата' is: '1 кв. 2025 года'

16-05-2025T10:10:58 - [TEST_STEP][PASSED] - if (toString().length() == 4): null

16-05-2025T10:10:58 - [TEST_STEP][PASSED] - m = m.substring(0, m.indexOf(y.toString())): null

16-05-2025T10:10:58 - [TEST_STEP][PASSED] - m = m.trim(): null

16-05-2025T10:10:58 - [TEST_STEP][PASSED] - if (m == ""): null

16-05-2025T10:10:58 - [TEST_STEP][PASSED] - dashboardName = "Выполнение бизнес-плана": null

16-05-2025T10:10:58 - [TEST_STEP][PASSED] - workbook01 = getWorkbook(excelFilePath): null

16-05-2025T10:10:58 - [TEST_STEP][PASSED] - sheet01 = getExcelSheet(workbook01, sheetName): null

16-05-2025T10:10:58 - [TEST_STEP][PASSED] - setValueToCellByIndex(sheet01, n, 0, dashboardName): null

16-05-2025T10:10:58 - [TEST_STEP][PASSED] - setValueToCellByIndex(sheet01, n, 1, dZO): null

16-05-2025T10:10:58 - [TEST_STEP][PASSED] - setValueToCellByIndex(sheet01, n, 2, typeOfData): null

16-05-2025T10:10:58 - [TEST_STEP][PASSED] - setValueToCellByIndex(sheet01, n, 3, typeOfData): null

16-05-2025T10:10:58 - [TEST_STEP][PASSED] - if (typeOfData == "План"): null

16-05-2025T10:10:58 - [TEST_STEP][PASSED] - if (PercPlanR == null): null

16-05-2025T10:10:58 - [TEST_STEP][PASSED] - else: null

16-05-2025T10:10:58 - [TEST_STEP][PASSED] - if (PercPlanR == "нет данных"): null

16-05-2025T10:10:58 - [TEST_STEP][PASSED] - else: null

16-05-2025T10:10:58 - [TEST_STEP][PASSED] - PR = PercPlanR.toDouble(): null

16-05-2025T10:10:58 - [TEST_STEP][PASSED] - setValueToCellByIndex(sheet01, n, 4, PR): null

16-05-2025T10:10:58 - [TEST_STEP][PASSED] - if (PercPlanB == null): null

16-05-2025T10:10:58 - [TEST_STEP][PASSED] - else: null

16-05-2025T10:10:58 - [TEST_STEP][PASSED] - if (PercPlanB == "нет данных"): null

16-05-2025T10:10:58 - [TEST_STEP][PASSED] - else: null

16-05-2025T10:10:58 - [TEST_STEP][PASSED] - PB = PercPlanB.toDouble(): null

16-05-2025T10:10:58 - [TEST_STEP][PASSED] - setValueToCellByIndex(sheet01, n, 5, PB): null

16-05-2025T10:10:58 - [TEST_STEP][PASSED] - setValueToCellByIndex(sheet01, n, 6, m): null

16-05-2025T10:10:58 - [TEST_STEP][PASSED] - setValueToCellByIndex(sheet01, n, 7, y): null

16-05-2025T10:10:58 - [TEST_STEP][PASSED] - setValueToCellByIndex(sheet01, n, 8, todaysDate): null

16-05-2025T10:10:58 - [TEST_STEP][PASSED] - n = n + 1: null

16-05-2025T10:10:58 - [TEST_STEP][PASSED] - saveWorkbook(excelFilePath, workbook01): null

16-05-2025T10:10:59 - [TEST_STEP][PASSED] - typeOfData = "Факт": null

16-05-2025T10:10:59 - [TEST_STEP][PASSED] - PercFactR = GetPercFactR(x = a): null

16-05-2025T10:10:59 - [TEST_STEP][PASSED] - i1 = <not implemented yet for class: org.codehaus.groovy.ast.expr.EmptyExpression>: null

16-05-2025T10:10:59 - [TEST_STEP][PASSED] - ii = <not implemented yet for class: org.codehaus.groovy.ast.expr.EmptyExpression>: null

16-05-2025T10:10:59 - [TEST_STEP][PASSED] - for ([ii = 1, ii < 3, (ii++)]): null

16-05-2025T10:10:59 - [TEST_STEP][PASSED] - i1 = x.indexOf("/") + 1: null

16-05-2025T10:10:59 - [TEST_STEP][PASSED] - if (i1 > -1): null

16-05-2025T10:10:59 - [TEST_STEP][PASSED] - x = x.substring(i1, x.length()): null

16-05-2025T10:10:59 - [TEST_STEP][PASSED] - println(x): null

16-05-2025T10:10:59 - [TEST_STEP][PASSED] - i1 = x.indexOf("/") + 1: null

16-05-2025T10:10:59 - [TEST_STEP][PASSED] - if (i1 > -1): null

16-05-2025T10:10:59 - [TEST_STEP][PASSED] - x = x.substring(i1, x.length()): null

16-05-2025T10:10:59 - [TEST_STEP][PASSED] - println(x): null

16-05-2025T10:10:59 - [TEST_STEP][PASSED] - i1 = x.indexOf("/"): null

16-05-2025T10:10:59 - [TEST_STEP][PASSED] - if (i1 > -1): null

16-05-2025T10:10:59 - [TEST_STEP][PASSED] - x = x.substring(0, i1): null

16-05-2025T10:10:59 - [TEST_STEP][PASSED] - println(x): null

16-05-2025T10:10:59 - [TEST_STEP][PASSED] - return x: null

16-05-2025T10:10:59 - [TEST_STEP][PASSED] - PercFactB = GetPercFactB(x = b): null

16-05-2025T10:10:59 - [TEST_STEP][PASSED] - i1 = <not implemented yet for class: org.codehaus.groovy.ast.expr.EmptyExpression>: null

16-05-2025T10:10:59 - [TEST_STEP][PASSED] - ii = <not implemented yet for class: org.codehaus.groovy.ast.expr.EmptyExpression>: null

16-05-2025T10:10:59 - [TEST_STEP][PASSED] - for ([ii = 1, ii < 3, (ii++)]): null

16-05-2025T10:10:59 - [TEST_STEP][PASSED] - i1 = x.indexOf("/") + 1: null

16-05-2025T10:10:59 - [TEST_STEP][PASSED] - if (i1 > -1): null

16-05-2025T10:10:59 - [TEST_STEP][PASSED] - x = x.substring(i1, x.length()): null

16-05-2025T10:10:59 - [TEST_STEP][PASSED] - println(x): null

16-05-2025T10:10:59 - [TEST_STEP][PASSED] - i1 = x.indexOf("/") + 1: null

16-05-2025T10:10:59 - [TEST_STEP][PASSED] - if (i1 > -1): null

16-05-2025T10:10:59 - [TEST_STEP][PASSED] - x = x.substring(i1, x.length()): null

16-05-2025T10:10:59 - [TEST_STEP][PASSED] - println(x): null

16-05-2025T10:10:59 - [TEST_STEP][PASSED] - i1 = x.indexOf("/"): null

16-05-2025T10:10:59 - [TEST_STEP][PASSED] - if (i1 > -1): null

16-05-2025T10:10:59 - [TEST_STEP][PASSED] - x = x.substring(0, i1): null

16-05-2025T10:10:59 - [TEST_STEP][PASSED] - println(x): null

16-05-2025T10:10:59 - [TEST_STEP][FAILED] - return x: null

16-05-2025T10:10:59 - [TEST_STEP][FAILED] - if (verifyEqual(PercFactR, PercFactB) == false): null

16-05-2025T10:10:59 - [MESSAGE][FAILED] - Unable to verify equal between actual object '8.24' and expected object '8.20' (Root cause: com.kms.katalon.core.exception.StepFailedException: Actual object '8.24' and expected object '8.20' are not equal
	at com.kms.katalon.core.keyword.builtin.VerifyEqualKeyword$_verifyEqual_closure1.doCall(VerifyEqualKeyword.groovy:58)
	at com.kms.katalon.core.keyword.builtin.VerifyEqualKeyword$_verifyEqual_closure1.call(VerifyEqualKeyword.groovy)
	at com.kms.katalon.core.keyword.internal.KeywordMain.runKeyword(KeywordMain.groovy:75)
	at com.kms.katalon.core.keyword.builtin.VerifyEqualKeyword.verifyEqual(VerifyEqualKeyword.groovy:63)
	at com.kms.katalon.core.keyword.builtin.VerifyEqualKeyword.execute(VerifyEqualKeyword.groovy:44)
	at com.kms.katalon.core.keyword.internal.KeywordExecutor.executeKeywordForPlatform(KeywordExecutor.groovy:74)
	at com.kms.katalon.core.keyword.BuiltinKeywords.verifyEqual(BuiltinKeywords.groovy:146)
	at jdk.internal.reflect.GeneratedMethodAccessor24.invoke(Unknown Source)
	at java.base/jdk.internal.reflect.DelegatingMethodAccessorImpl.invoke(DelegatingMethodAccessorImpl.java:43)
	at Выполнение бизнес-плана сверка дашбордов.CompareDZOData(Выполнение бизнес-плана сверка дашбордов:693)
	at Выполнение бизнес-плана сверка дашбордов.run(Выполнение бизнес-плана сверка дашбордов:578)
	at com.kms.katalon.core.main.ScriptEngine.run(ScriptEngine.java:194)
	at com.kms.katalon.core.main.ScriptEngine.runScriptAsRawText(ScriptEngine.java:119)
	at com.kms.katalon.core.main.TestCaseExecutor.runScript(TestCaseExecutor.java:448)
	at com.kms.katalon.core.main.TestCaseExecutor.doExecute(TestCaseExecutor.java:439)
	at com.kms.katalon.core.main.TestCaseExecutor.processExecutionPhase(TestCaseExecutor.java:418)
	at com.kms.katalon.core.main.TestCaseExecutor.accessMainPhase(TestCaseExecutor.java:410)
	at com.kms.katalon.core.main.TestCaseExecutor.execute(TestCaseExecutor.java:285)
	at com.kms.katalon.core.common.CommonExecutor.accessTestCaseMainPhase(CommonExecutor.java:65)
	at com.kms.katalon.core.main.TestSuiteExecutor.accessTestSuiteMainPhase(TestSuiteExecutor.java:150)
	at com.kms.katalon.core.main.TestSuiteExecutor.execute(TestSuiteExecutor.java:106)
	at com.kms.katalon.core.main.TestCaseMain.startTestSuite(TestCaseMain.java:180)
	at TempTestSuite1747369435659.run(TempTestSuite1747369435659.groovy:35)
	at java.base/jdk.internal.reflect.NativeMethodAccessorImpl.invoke0(Native Method)
	at java.base/jdk.internal.reflect.NativeMethodAccessorImpl.invoke(NativeMethodAccessorImpl.java:77)
	at java.base/jdk.internal.reflect.DelegatingMethodAccessorImpl.invoke(DelegatingMethodAccessorImpl.java:43)
)

16-05-2025T10:10:59 - [TEST_STEP][PASSED] - result = WriteToExcel(typeOfData, todaysDate, PercPlanR, PercPlanB, PercFactR, PercFactB, x, tabR, tabB, o1R, o1B, vidget): null

16-05-2025T10:10:59 - [TEST_STEP][PASSED] - iii = dZO.indexOf("/"): null

16-05-2025T10:10:59 - [TEST_STEP][PASSED] - println(iii): null

16-05-2025T10:10:59 - [TEST_STEP][PASSED] - if (iii > -1): null

16-05-2025T10:10:59 - [TEST_STEP][PASSED] - dZO = dZO.substring(0, iii): null

16-05-2025T10:10:59 - [TEST_STEP][PASSED] - println(dZO): null

16-05-2025T10:10:59 - [TEST_STEP][PASSED] - println(PercPlanR): null

16-05-2025T10:10:59 - [TEST_STEP][PASSED] - println(PercPlanB): null

16-05-2025T10:10:59 - [TEST_STEP][PASSED] - println(PercFactR): null

16-05-2025T10:10:59 - [TEST_STEP][PASSED] - println(PercFactB): null

16-05-2025T10:10:59 - [TEST_STEP][PASSED] - println(tabR): null

16-05-2025T10:10:59 - [TEST_STEP][PASSED] - println(tabB): null

16-05-2025T10:10:59 - [TEST_STEP][PASSED] - println(o1R): null

16-05-2025T10:10:59 - [TEST_STEP][PASSED] - println(o1B): null

16-05-2025T10:10:59 - [TEST_STEP][PASSED] - PR = <not implemented yet for class: org.codehaus.groovy.ast.expr.EmptyExpression>: null

16-05-2025T10:10:59 - [TEST_STEP][PASSED] - FR = <not implemented yet for class: org.codehaus.groovy.ast.expr.EmptyExpression>: null

16-05-2025T10:10:59 - [TEST_STEP][PASSED] - PB = <not implemented yet for class: org.codehaus.groovy.ast.expr.EmptyExpression>: null

16-05-2025T10:10:59 - [TEST_STEP][PASSED] - FB = <not implemented yet for class: org.codehaus.groovy.ast.expr.EmptyExpression>: null

16-05-2025T10:10:59 - [TEST_STEP][PASSED] - TR = <not implemented yet for class: org.codehaus.groovy.ast.expr.EmptyExpression>: null

16-05-2025T10:10:59 - [TEST_STEP][PASSED] - TB = <not implemented yet for class: org.codehaus.groovy.ast.expr.EmptyExpression>: null

16-05-2025T10:10:59 - [TEST_STEP][PASSED] - sheetName = "Sheet1": null

16-05-2025T10:10:59 - [TEST_STEP][PASSED] - data = findTestData("PlanFact"): null

16-05-2025T10:10:59 - [TEST_STEP][PASSED] - n = data.getRowNumbers() + 1: null

16-05-2025T10:10:59 - [TEST_STEP][PASSED] - day = ")).toInteger(): null

16-05-2025T10:10:59 - [TEST_STEP][PASSED] - println(day): null

16-05-2025T10:10:59 - [TEST_STEP][PASSED] - month = ")).toInteger(): null

16-05-2025T10:10:59 - [TEST_STEP][PASSED] - println(month): null

16-05-2025T10:10:59 - [TEST_STEP][PASSED] - y = length()).toInteger(): null

16-05-2025T10:10:59 - [TEST_STEP][PASSED] - if (month < 3 && day < 30): null

16-05-2025T10:10:59 - [TEST_STEP][PASSED] - println(y): null

16-05-2025T10:10:59 - [TEST_STEP][PASSED] - m = getText(findTestObject("Выполнение бизнес-плана/Выполнение бизнес-плана Балансы/Фильтр Дата")): Text of object 'Object Repository/Выполнение бизнес-плана/Выполнение бизнес-плана Балансы/Фильтр Дата' is: '1 кв. 2025 года'

16-05-2025T10:10:59 - [MESSAGE][PASSED] - Text of object 'Object Repository/Выполнение бизнес-плана/Выполнение бизнес-плана Балансы/Фильтр Дата' is: '1 кв. 2025 года'

16-05-2025T10:10:59 - [TEST_STEP][PASSED] - if (toString().length() == 4): null

16-05-2025T10:10:59 - [TEST_STEP][PASSED] - m = m.substring(0, m.indexOf(y.toString())): null

16-05-2025T10:10:59 - [TEST_STEP][PASSED] - m = m.trim(): null

16-05-2025T10:10:59 - [TEST_STEP][PASSED] - if (m == ""): null

16-05-2025T10:10:59 - [TEST_STEP][PASSED] - dashboardName = "Выполнение бизнес-плана": null

16-05-2025T10:10:59 - [TEST_STEP][PASSED] - workbook01 = getWorkbook(excelFilePath): null

16-05-2025T10:10:59 - [TEST_STEP][PASSED] - sheet01 = getExcelSheet(workbook01, sheetName): null

16-05-2025T10:10:59 - [TEST_STEP][PASSED] - setValueToCellByIndex(sheet01, n, 0, dashboardName): null

16-05-2025T10:10:59 - [TEST_STEP][PASSED] - setValueToCellByIndex(sheet01, n, 1, dZO): null

16-05-2025T10:10:59 - [TEST_STEP][PASSED] - setValueToCellByIndex(sheet01, n, 2, typeOfData): null

16-05-2025T10:10:59 - [TEST_STEP][PASSED] - setValueToCellByIndex(sheet01, n, 3, typeOfData): null

16-05-2025T10:10:59 - [TEST_STEP][PASSED] - if (typeOfData == "План"): null

16-05-2025T10:10:59 - [TEST_STEP][PASSED] - else if (typeOfData == "Факт"): null

16-05-2025T10:10:59 - [TEST_STEP][PASSED] - if (PercFactR == null): null

16-05-2025T10:10:59 - [TEST_STEP][PASSED] - else: null

16-05-2025T10:10:59 - [TEST_STEP][PASSED] - if (PercFactR == "нет данных"): null

16-05-2025T10:10:59 - [TEST_STEP][PASSED] - else: null

16-05-2025T10:10:59 - [TEST_STEP][PASSED] - FR = PercFactR.toDouble(): null

16-05-2025T10:10:59 - [TEST_STEP][PASSED] - setValueToCellByIndex(sheet01, n, 4, FR): null

16-05-2025T10:10:59 - [TEST_STEP][PASSED] - if (PercFactB == null): null

16-05-2025T10:10:59 - [TEST_STEP][PASSED] - else: null

16-05-2025T10:10:59 - [TEST_STEP][PASSED] - if (PercFactB == "нет данных"): null

16-05-2025T10:10:59 - [TEST_STEP][PASSED] - else: null

16-05-2025T10:10:59 - [TEST_STEP][PASSED] - FB = PercFactB.toDouble(): null

16-05-2025T10:10:59 - [TEST_STEP][PASSED] - setValueToCellByIndex(sheet01, n, 5, FB): null

16-05-2025T10:10:59 - [TEST_STEP][PASSED] - setValueToCellByIndex(sheet01, n, 6, m): null

16-05-2025T10:10:59 - [TEST_STEP][PASSED] - setValueToCellByIndex(sheet01, n, 7, y): null

16-05-2025T10:10:59 - [TEST_STEP][PASSED] - setValueToCellByIndex(sheet01, n, 8, todaysDate): null

16-05-2025T10:10:59 - [TEST_STEP][PASSED] - n = n + 1: null

16-05-2025T10:10:59 - [TEST_STEP][PASSED] - saveWorkbook(excelFilePath, workbook01): null

16-05-2025T10:10:59 - [TEST_STEP][PASSED] - vidget = "Показатели баланса электроэнергии по ДЗО – Факт": null

16-05-2025T10:10:59 - [TEST_STEP][PASSED] - typeOfData = "Факт Отпуск в сеть": null

16-05-2025T10:10:59 - [TEST_STEP][PASSED] - tabR = GetOvSFactR(x = a): null

16-05-2025T10:10:59 - [TEST_STEP][PASSED] - i1 = <not implemented yet for class: org.codehaus.groovy.ast.expr.EmptyExpression>: null

16-05-2025T10:10:59 - [TEST_STEP][PASSED] - ii = <not implemented yet for class: org.codehaus.groovy.ast.expr.EmptyExpression>: null

16-05-2025T10:10:59 - [TEST_STEP][PASSED] - for ([ii = 1, ii < 4, (ii++)]): null

16-05-2025T10:10:59 - [TEST_STEP][PASSED] - i1 = x.indexOf("/") + 1: null

16-05-2025T10:10:59 - [TEST_STEP][PASSED] - if (i1 > -1): null

16-05-2025T10:10:59 - [TEST_STEP][PASSED] - x = x.substring(i1, x.length()): null

16-05-2025T10:10:59 - [TEST_STEP][PASSED] - println(x): null

16-05-2025T10:10:59 - [TEST_STEP][PASSED] - i1 = x.indexOf("/") + 1: null

16-05-2025T10:10:59 - [TEST_STEP][PASSED] - if (i1 > -1): null

16-05-2025T10:10:59 - [TEST_STEP][PASSED] - x = x.substring(i1, x.length()): null

16-05-2025T10:10:59 - [TEST_STEP][PASSED] - println(x): null

16-05-2025T10:10:59 - [TEST_STEP][PASSED] - i1 = x.indexOf("/") + 1: null

16-05-2025T10:10:59 - [TEST_STEP][PASSED] - if (i1 > -1): null

16-05-2025T10:10:59 - [TEST_STEP][PASSED] - x = x.substring(i1, x.length()): null

16-05-2025T10:10:59 - [TEST_STEP][PASSED] - println(x): null

16-05-2025T10:10:59 - [TEST_STEP][PASSED] - i1 = x.indexOf("/"): null

16-05-2025T10:10:59 - [TEST_STEP][PASSED] - if (i1 > -1): null

16-05-2025T10:10:59 - [TEST_STEP][PASSED] - x = x.substring(0, i1): null

16-05-2025T10:10:59 - [TEST_STEP][PASSED] - println(x): null

16-05-2025T10:10:59 - [TEST_STEP][PASSED] - return x: null

16-05-2025T10:10:59 - [TEST_STEP][PASSED] - tabB = GetOvSFactB(x = b): null

16-05-2025T10:10:59 - [TEST_STEP][PASSED] - i1 = <not implemented yet for class: org.codehaus.groovy.ast.expr.EmptyExpression>: null

16-05-2025T10:10:59 - [TEST_STEP][PASSED] - ii = <not implemented yet for class: org.codehaus.groovy.ast.expr.EmptyExpression>: null

16-05-2025T10:10:59 - [TEST_STEP][PASSED] - for ([ii = 1, ii < 4, (ii++)]): null

16-05-2025T10:10:59 - [TEST_STEP][PASSED] - i1 = x.indexOf("/") + 1: null

16-05-2025T10:10:59 - [TEST_STEP][PASSED] - if (i1 > -1): null

16-05-2025T10:10:59 - [TEST_STEP][PASSED] - x = x.substring(i1, x.length()): null

16-05-2025T10:10:59 - [TEST_STEP][PASSED] - println(x): null

16-05-2025T10:10:59 - [TEST_STEP][PASSED] - i1 = x.indexOf("/") + 1: null

16-05-2025T10:10:59 - [TEST_STEP][PASSED] - if (i1 > -1): null

16-05-2025T10:10:59 - [TEST_STEP][PASSED] - x = x.substring(i1, x.length()): null

16-05-2025T10:10:59 - [TEST_STEP][PASSED] - println(x): null

16-05-2025T10:10:59 - [TEST_STEP][PASSED] - i1 = x.indexOf("/") + 1: null

16-05-2025T10:10:59 - [TEST_STEP][PASSED] - if (i1 > -1): null

16-05-2025T10:10:59 - [TEST_STEP][PASSED] - x = x.substring(i1, x.length()): null

16-05-2025T10:10:59 - [TEST_STEP][PASSED] - println(x): null

16-05-2025T10:10:59 - [TEST_STEP][PASSED] - i1 = x.indexOf("/"): null

16-05-2025T10:10:59 - [TEST_STEP][PASSED] - if (i1 > -1): null

16-05-2025T10:10:59 - [TEST_STEP][PASSED] - x = x.substring(0, i1): null

16-05-2025T10:10:59 - [TEST_STEP][PASSED] - println(x): null

16-05-2025T10:10:59 - [TEST_STEP][FAILED] - return x: null

16-05-2025T10:10:59 - [TEST_STEP][FAILED] - if (verifyEqual(tabR, tabB) == false): null

16-05-2025T10:10:59 - [MESSAGE][FAILED] - Unable to verify equal between actual object '177286590' and expected object '136160386' (Root cause: com.kms.katalon.core.exception.StepFailedException: Actual object '177286590' and expected object '136160386' are not equal
	at com.kms.katalon.core.keyword.builtin.VerifyEqualKeyword$_verifyEqual_closure1.doCall(VerifyEqualKeyword.groovy:58)
	at com.kms.katalon.core.keyword.builtin.VerifyEqualKeyword$_verifyEqual_closure1.call(VerifyEqualKeyword.groovy)
	at com.kms.katalon.core.keyword.internal.KeywordMain.runKeyword(KeywordMain.groovy:75)
	at com.kms.katalon.core.keyword.builtin.VerifyEqualKeyword.verifyEqual(VerifyEqualKeyword.groovy:63)
	at com.kms.katalon.core.keyword.builtin.VerifyEqualKeyword.execute(VerifyEqualKeyword.groovy:44)
	at com.kms.katalon.core.keyword.internal.KeywordExecutor.executeKeywordForPlatform(KeywordExecutor.groovy:74)
	at com.kms.katalon.core.keyword.BuiltinKeywords.verifyEqual(BuiltinKeywords.groovy:146)
	at jdk.internal.reflect.GeneratedMethodAccessor24.invoke(Unknown Source)
	at java.base/jdk.internal.reflect.DelegatingMethodAccessorImpl.invoke(DelegatingMethodAccessorImpl.java:43)
	at Выполнение бизнес-плана сверка дашбордов.CompareDZOData(Выполнение бизнес-плана сверка дашбордов:706)
	at Выполнение бизнес-плана сверка дашбордов.run(Выполнение бизнес-плана сверка дашбордов:578)
	at com.kms.katalon.core.main.ScriptEngine.run(ScriptEngine.java:194)
	at com.kms.katalon.core.main.ScriptEngine.runScriptAsRawText(ScriptEngine.java:119)
	at com.kms.katalon.core.main.TestCaseExecutor.runScript(TestCaseExecutor.java:448)
	at com.kms.katalon.core.main.TestCaseExecutor.doExecute(TestCaseExecutor.java:439)
	at com.kms.katalon.core.main.TestCaseExecutor.processExecutionPhase(TestCaseExecutor.java:418)
	at com.kms.katalon.core.main.TestCaseExecutor.accessMainPhase(TestCaseExecutor.java:410)
	at com.kms.katalon.core.main.TestCaseExecutor.execute(TestCaseExecutor.java:285)
	at com.kms.katalon.core.common.CommonExecutor.accessTestCaseMainPhase(CommonExecutor.java:65)
	at com.kms.katalon.core.main.TestSuiteExecutor.accessTestSuiteMainPhase(TestSuiteExecutor.java:150)
	at com.kms.katalon.core.main.TestSuiteExecutor.execute(TestSuiteExecutor.java:106)
	at com.kms.katalon.core.main.TestCaseMain.startTestSuite(TestCaseMain.java:180)
	at TempTestSuite1747369435659.run(TempTestSuite1747369435659.groovy:35)
	at java.base/jdk.internal.reflect.NativeMethodAccessorImpl.invoke0(Native Method)
	at java.base/jdk.internal.reflect.NativeMethodAccessorImpl.invoke(NativeMethodAccessorImpl.java:77)
	at java.base/jdk.internal.reflect.DelegatingMethodAccessorImpl.invoke(DelegatingMethodAccessorImpl.java:43)
)

16-05-2025T10:10:59 - [TEST_STEP][PASSED] - result = WriteToExcel(typeOfData, todaysDate, PercPlanR, PercPlanB, PercFactR, PercFactB, x, tabR, tabB, o1R, o1B, vidget): null

16-05-2025T10:10:59 - [TEST_STEP][PASSED] - iii = dZO.indexOf("/"): null

16-05-2025T10:10:59 - [TEST_STEP][PASSED] - println(iii): null

16-05-2025T10:10:59 - [TEST_STEP][PASSED] - if (iii > -1): null

16-05-2025T10:10:59 - [TEST_STEP][PASSED] - dZO = dZO.substring(0, iii): null

16-05-2025T10:10:59 - [TEST_STEP][PASSED] - println(dZO): null

16-05-2025T10:10:59 - [TEST_STEP][PASSED] - println(PercPlanR): null

16-05-2025T10:10:59 - [TEST_STEP][PASSED] - println(PercPlanB): null

16-05-2025T10:10:59 - [TEST_STEP][PASSED] - println(PercFactR): null

16-05-2025T10:10:59 - [TEST_STEP][PASSED] - println(PercFactB): null

16-05-2025T10:10:59 - [TEST_STEP][PASSED] - println(tabR): null

16-05-2025T10:10:59 - [TEST_STEP][PASSED] - println(tabB): null

16-05-2025T10:10:59 - [TEST_STEP][PASSED] - println(o1R): null

16-05-2025T10:10:59 - [TEST_STEP][PASSED] - println(o1B): null

16-05-2025T10:10:59 - [TEST_STEP][PASSED] - PR = <not implemented yet for class: org.codehaus.groovy.ast.expr.EmptyExpression>: null

16-05-2025T10:10:59 - [TEST_STEP][PASSED] - FR = <not implemented yet for class: org.codehaus.groovy.ast.expr.EmptyExpression>: null

16-05-2025T10:10:59 - [TEST_STEP][PASSED] - PB = <not implemented yet for class: org.codehaus.groovy.ast.expr.EmptyExpression>: null

16-05-2025T10:10:59 - [TEST_STEP][PASSED] - FB = <not implemented yet for class: org.codehaus.groovy.ast.expr.EmptyExpression>: null

16-05-2025T10:10:59 - [TEST_STEP][PASSED] - TR = <not implemented yet for class: org.codehaus.groovy.ast.expr.EmptyExpression>: null

16-05-2025T10:10:59 - [TEST_STEP][PASSED] - TB = <not implemented yet for class: org.codehaus.groovy.ast.expr.EmptyExpression>: null

16-05-2025T10:10:59 - [TEST_STEP][PASSED] - sheetName = "Sheet1": null

16-05-2025T10:10:59 - [TEST_STEP][PASSED] - data = findTestData("PlanFact"): null

16-05-2025T10:10:59 - [TEST_STEP][PASSED] - n = data.getRowNumbers() + 1: null

16-05-2025T10:10:59 - [TEST_STEP][PASSED] - day = ")).toInteger(): null

16-05-2025T10:10:59 - [TEST_STEP][PASSED] - println(day): null

16-05-2025T10:10:59 - [TEST_STEP][PASSED] - month = ")).toInteger(): null

16-05-2025T10:10:59 - [TEST_STEP][PASSED] - println(month): null

16-05-2025T10:10:59 - [TEST_STEP][PASSED] - y = length()).toInteger(): null

16-05-2025T10:10:59 - [TEST_STEP][PASSED] - if (month < 3 && day < 30): null

16-05-2025T10:10:59 - [TEST_STEP][PASSED] - println(y): null

16-05-2025T10:10:59 - [TEST_STEP][PASSED] - m = getText(findTestObject("Выполнение бизнес-плана/Выполнение бизнес-плана Балансы/Фильтр Дата")): Text of object 'Object Repository/Выполнение бизнес-плана/Выполнение бизнес-плана Балансы/Фильтр Дата' is: '1 кв. 2025 года'

16-05-2025T10:11:00 - [MESSAGE][PASSED] - Text of object 'Object Repository/Выполнение бизнес-плана/Выполнение бизнес-плана Балансы/Фильтр Дата' is: '1 кв. 2025 года'

16-05-2025T10:11:00 - [TEST_STEP][PASSED] - if (toString().length() == 4): null

16-05-2025T10:11:00 - [TEST_STEP][PASSED] - m = m.substring(0, m.indexOf(y.toString())): null

16-05-2025T10:11:00 - [TEST_STEP][PASSED] - m = m.trim(): null

16-05-2025T10:11:00 - [TEST_STEP][PASSED] - if (m == ""): null

16-05-2025T10:11:00 - [TEST_STEP][PASSED] - dashboardName = "Выполнение бизнес-плана": null

16-05-2025T10:11:00 - [TEST_STEP][PASSED] - workbook01 = getWorkbook(excelFilePath): null

16-05-2025T10:11:00 - [TEST_STEP][PASSED] - sheet01 = getExcelSheet(workbook01, sheetName): null

16-05-2025T10:11:00 - [TEST_STEP][PASSED] - setValueToCellByIndex(sheet01, n, 0, dashboardName): null

16-05-2025T10:11:00 - [TEST_STEP][PASSED] - setValueToCellByIndex(sheet01, n, 1, dZO): null

16-05-2025T10:11:00 - [TEST_STEP][PASSED] - setValueToCellByIndex(sheet01, n, 2, typeOfData): null

16-05-2025T10:11:00 - [TEST_STEP][PASSED] - setValueToCellByIndex(sheet01, n, 3, typeOfData): null

16-05-2025T10:11:00 - [TEST_STEP][PASSED] - if (typeOfData == "План"): null

16-05-2025T10:11:00 - [TEST_STEP][PASSED] - else if (typeOfData == "Факт"): null

16-05-2025T10:11:00 - [TEST_STEP][PASSED] - else if (vidget.contains("электроэнергии") == true): null

16-05-2025T10:11:00 - [TEST_STEP][PASSED] - if (tabR == null): null

16-05-2025T10:11:00 - [TEST_STEP][PASSED] - else: null

16-05-2025T10:11:00 - [TEST_STEP][PASSED] - if (tabR == "нет данных"): null

16-05-2025T10:11:00 - [TEST_STEP][PASSED] - else: null

16-05-2025T10:11:00 - [TEST_STEP][PASSED] - TR = tabR.toInteger(): null

16-05-2025T10:11:00 - [TEST_STEP][PASSED] - setValueToCellByIndex(sheet01, n, 4, TR): null

16-05-2025T10:11:00 - [TEST_STEP][PASSED] - if (tabB == null): null

16-05-2025T10:11:00 - [TEST_STEP][PASSED] - else: null

16-05-2025T10:11:00 - [TEST_STEP][PASSED] - if (tabB == "нет данных"): null

16-05-2025T10:11:00 - [TEST_STEP][PASSED] - else: null

16-05-2025T10:11:00 - [TEST_STEP][PASSED] - TB = tabB.toInteger(): null

16-05-2025T10:11:00 - [TEST_STEP][PASSED] - setValueToCellByIndex(sheet01, n, 5, TB): null

16-05-2025T10:11:00 - [TEST_STEP][PASSED] - setValueToCellByIndex(sheet01, n, 6, m): null

16-05-2025T10:11:00 - [TEST_STEP][PASSED] - setValueToCellByIndex(sheet01, n, 7, y): null

16-05-2025T10:11:00 - [TEST_STEP][PASSED] - setValueToCellByIndex(sheet01, n, 8, todaysDate): null

16-05-2025T10:11:00 - [TEST_STEP][PASSED] - n = n + 1: null

16-05-2025T10:11:00 - [TEST_STEP][PASSED] - saveWorkbook(excelFilePath, workbook01): null

16-05-2025T10:11:00 - [TEST_STEP][PASSED] - typeOfData = "Факт Отпуск из сети": null

16-05-2025T10:11:00 - [TEST_STEP][PASSED] - tabR = GetOiSFactR(x = a): null

16-05-2025T10:11:00 - [TEST_STEP][PASSED] - i1 = <not implemented yet for class: org.codehaus.groovy.ast.expr.EmptyExpression>: null

16-05-2025T10:11:00 - [TEST_STEP][PASSED] - ii = <not implemented yet for class: org.codehaus.groovy.ast.expr.EmptyExpression>: null

16-05-2025T10:11:00 - [TEST_STEP][PASSED] - for ([ii = 1, ii < 5, (ii++)]): null

16-05-2025T10:11:00 - [TEST_STEP][PASSED] - i1 = x.indexOf("/") + 1: null

16-05-2025T10:11:00 - [TEST_STEP][PASSED] - if (i1 > -1): null

16-05-2025T10:11:00 - [TEST_STEP][PASSED] - x = x.substring(i1, x.length()): null

16-05-2025T10:11:00 - [TEST_STEP][PASSED] - println(x): null

16-05-2025T10:11:00 - [TEST_STEP][PASSED] - i1 = x.indexOf("/") + 1: null

16-05-2025T10:11:00 - [TEST_STEP][PASSED] - if (i1 > -1): null

16-05-2025T10:11:00 - [TEST_STEP][PASSED] - x = x.substring(i1, x.length()): null

16-05-2025T10:11:00 - [TEST_STEP][PASSED] - println(x): null

16-05-2025T10:11:00 - [TEST_STEP][PASSED] - i1 = x.indexOf("/") + 1: null

16-05-2025T10:11:00 - [TEST_STEP][PASSED] - if (i1 > -1): null

16-05-2025T10:11:00 - [TEST_STEP][PASSED] - x = x.substring(i1, x.length()): null

16-05-2025T10:11:00 - [TEST_STEP][PASSED] - println(x): null

16-05-2025T10:11:00 - [TEST_STEP][PASSED] - i1 = x.indexOf("/") + 1: null

16-05-2025T10:11:00 - [TEST_STEP][PASSED] - if (i1 > -1): null

16-05-2025T10:11:00 - [TEST_STEP][PASSED] - x = x.substring(i1, x.length()): null

16-05-2025T10:11:00 - [TEST_STEP][PASSED] - println(x): null

16-05-2025T10:11:00 - [TEST_STEP][PASSED] - i1 = x.indexOf("/"): null

16-05-2025T10:11:00 - [TEST_STEP][PASSED] - if (i1 > -1): null

16-05-2025T10:11:00 - [TEST_STEP][PASSED] - x = x.substring(0, i1): null

16-05-2025T10:11:00 - [TEST_STEP][PASSED] - println(x): null

16-05-2025T10:11:00 - [TEST_STEP][PASSED] - return x: null

16-05-2025T10:11:00 - [TEST_STEP][PASSED] - tabB = GetOiSFactB(x = b): null

16-05-2025T10:11:00 - [TEST_STEP][PASSED] - i1 = <not implemented yet for class: org.codehaus.groovy.ast.expr.EmptyExpression>: null

16-05-2025T10:11:00 - [TEST_STEP][PASSED] - ii = <not implemented yet for class: org.codehaus.groovy.ast.expr.EmptyExpression>: null

16-05-2025T10:11:00 - [TEST_STEP][PASSED] - for ([ii = 1, ii < 5, (ii++)]): null

16-05-2025T10:11:00 - [TEST_STEP][PASSED] - i1 = x.indexOf("/") + 1: null

16-05-2025T10:11:00 - [TEST_STEP][PASSED] - if (i1 > -1): null

16-05-2025T10:11:00 - [TEST_STEP][PASSED] - x = x.substring(i1, x.length()): null

16-05-2025T10:11:00 - [TEST_STEP][PASSED] - println(x): null

16-05-2025T10:11:00 - [TEST_STEP][PASSED] - i1 = x.indexOf("/") + 1: null

16-05-2025T10:11:00 - [TEST_STEP][PASSED] - if (i1 > -1): null

16-05-2025T10:11:00 - [TEST_STEP][PASSED] - x = x.substring(i1, x.length()): null

16-05-2025T10:11:00 - [TEST_STEP][PASSED] - println(x): null

16-05-2025T10:11:00 - [TEST_STEP][PASSED] - i1 = x.indexOf("/") + 1: null

16-05-2025T10:11:00 - [TEST_STEP][PASSED] - if (i1 > -1): null

16-05-2025T10:11:00 - [TEST_STEP][PASSED] - x = x.substring(i1, x.length()): null

16-05-2025T10:11:00 - [TEST_STEP][PASSED] - println(x): null

16-05-2025T10:11:00 - [TEST_STEP][PASSED] - i1 = x.indexOf("/") + 1: null

16-05-2025T10:11:00 - [TEST_STEP][PASSED] - if (i1 > -1): null

16-05-2025T10:11:00 - [TEST_STEP][PASSED] - x = x.substring(i1, x.length()): null

16-05-2025T10:11:00 - [TEST_STEP][PASSED] - println(x): null

16-05-2025T10:11:00 - [TEST_STEP][PASSED] - i1 = x.indexOf("/"): null

16-05-2025T10:11:00 - [TEST_STEP][PASSED] - if (i1 > -1): null

16-05-2025T10:11:00 - [TEST_STEP][PASSED] - x = x.substring(0, i1): null

16-05-2025T10:11:00 - [TEST_STEP][PASSED] - println(x): null

16-05-2025T10:11:00 - [TEST_STEP][FAILED] - return x: null

16-05-2025T10:11:00 - [TEST_STEP][FAILED] - if (verifyEqual(tabR, tabB) == false): null

16-05-2025T10:11:00 - [MESSAGE][FAILED] - Unable to verify equal between actual object '162684396' and expected object '124997975' (Root cause: com.kms.katalon.core.exception.StepFailedException: Actual object '162684396' and expected object '124997975' are not equal
	at com.kms.katalon.core.keyword.builtin.VerifyEqualKeyword$_verifyEqual_closure1.doCall(VerifyEqualKeyword.groovy:58)
	at com.kms.katalon.core.keyword.builtin.VerifyEqualKeyword$_verifyEqual_closure1.call(VerifyEqualKeyword.groovy)
	at com.kms.katalon.core.keyword.internal.KeywordMain.runKeyword(KeywordMain.groovy:75)
	at com.kms.katalon.core.keyword.builtin.VerifyEqualKeyword.verifyEqual(VerifyEqualKeyword.groovy:63)
	at com.kms.katalon.core.keyword.builtin.VerifyEqualKeyword.execute(VerifyEqualKeyword.groovy:44)
	at com.kms.katalon.core.keyword.internal.KeywordExecutor.executeKeywordForPlatform(KeywordExecutor.groovy:74)
	at com.kms.katalon.core.keyword.BuiltinKeywords.verifyEqual(BuiltinKeywords.groovy:146)
	at jdk.internal.reflect.GeneratedMethodAccessor24.invoke(Unknown Source)
	at java.base/jdk.internal.reflect.DelegatingMethodAccessorImpl.invoke(DelegatingMethodAccessorImpl.java:43)
	at Выполнение бизнес-плана сверка дашбордов.CompareDZOData(Выполнение бизнес-плана сверка дашбордов:717)
	at Выполнение бизнес-плана сверка дашбордов.run(Выполнение бизнес-плана сверка дашбордов:578)
	at com.kms.katalon.core.main.ScriptEngine.run(ScriptEngine.java:194)
	at com.kms.katalon.core.main.ScriptEngine.runScriptAsRawText(ScriptEngine.java:119)
	at com.kms.katalon.core.main.TestCaseExecutor.runScript(TestCaseExecutor.java:448)
	at com.kms.katalon.core.main.TestCaseExecutor.doExecute(TestCaseExecutor.java:439)
	at com.kms.katalon.core.main.TestCaseExecutor.processExecutionPhase(TestCaseExecutor.java:418)
	at com.kms.katalon.core.main.TestCaseExecutor.accessMainPhase(TestCaseExecutor.java:410)
	at com.kms.katalon.core.main.TestCaseExecutor.execute(TestCaseExecutor.java:285)
	at com.kms.katalon.core.common.CommonExecutor.accessTestCaseMainPhase(CommonExecutor.java:65)
	at com.kms.katalon.core.main.TestSuiteExecutor.accessTestSuiteMainPhase(TestSuiteExecutor.java:150)
	at com.kms.katalon.core.main.TestSuiteExecutor.execute(TestSuiteExecutor.java:106)
	at com.kms.katalon.core.main.TestCaseMain.startTestSuite(TestCaseMain.java:180)
	at TempTestSuite1747369435659.run(TempTestSuite1747369435659.groovy:35)
	at java.base/jdk.internal.reflect.NativeMethodAccessorImpl.invoke0(Native Method)
	at java.base/jdk.internal.reflect.NativeMethodAccessorImpl.invoke(NativeMethodAccessorImpl.java:77)
	at java.base/jdk.internal.reflect.DelegatingMethodAccessorImpl.invoke(DelegatingMethodAccessorImpl.java:43)
)

16-05-2025T10:11:00 - [TEST_STEP][PASSED] - result = WriteToExcel(typeOfData, todaysDate, PercPlanR, PercPlanB, PercFactR, PercFactB, x, tabR, tabB, o1R, o1B, vidget): null

16-05-2025T10:11:00 - [TEST_STEP][PASSED] - iii = dZO.indexOf("/"): null

16-05-2025T10:11:00 - [TEST_STEP][PASSED] - println(iii): null

16-05-2025T10:11:00 - [TEST_STEP][PASSED] - if (iii > -1): null

16-05-2025T10:11:00 - [TEST_STEP][PASSED] - dZO = dZO.substring(0, iii): null

16-05-2025T10:11:00 - [TEST_STEP][PASSED] - println(dZO): null

16-05-2025T10:11:00 - [TEST_STEP][PASSED] - println(PercPlanR): null

16-05-2025T10:11:00 - [TEST_STEP][PASSED] - println(PercPlanB): null

16-05-2025T10:11:00 - [TEST_STEP][PASSED] - println(PercFactR): null

16-05-2025T10:11:00 - [TEST_STEP][PASSED] - println(PercFactB): null

16-05-2025T10:11:00 - [TEST_STEP][PASSED] - println(tabR): null

16-05-2025T10:11:00 - [TEST_STEP][PASSED] - println(tabB): null

16-05-2025T10:11:00 - [TEST_STEP][PASSED] - println(o1R): null

16-05-2025T10:11:00 - [TEST_STEP][PASSED] - println(o1B): null

16-05-2025T10:11:00 - [TEST_STEP][PASSED] - PR = <not implemented yet for class: org.codehaus.groovy.ast.expr.EmptyExpression>: null

16-05-2025T10:11:00 - [TEST_STEP][PASSED] - FR = <not implemented yet for class: org.codehaus.groovy.ast.expr.EmptyExpression>: null

16-05-2025T10:11:00 - [TEST_STEP][PASSED] - PB = <not implemented yet for class: org.codehaus.groovy.ast.expr.EmptyExpression>: null

16-05-2025T10:11:00 - [TEST_STEP][PASSED] - FB = <not implemented yet for class: org.codehaus.groovy.ast.expr.EmptyExpression>: null

16-05-2025T10:11:00 - [TEST_STEP][PASSED] - TR = <not implemented yet for class: org.codehaus.groovy.ast.expr.EmptyExpression>: null

16-05-2025T10:11:00 - [TEST_STEP][PASSED] - TB = <not implemented yet for class: org.codehaus.groovy.ast.expr.EmptyExpression>: null

16-05-2025T10:11:00 - [TEST_STEP][PASSED] - sheetName = "Sheet1": null

16-05-2025T10:11:00 - [TEST_STEP][PASSED] - data = findTestData("PlanFact"): null

16-05-2025T10:11:00 - [TEST_STEP][PASSED] - n = data.getRowNumbers() + 1: null

16-05-2025T10:11:00 - [TEST_STEP][PASSED] - day = ")).toInteger(): null

16-05-2025T10:11:00 - [TEST_STEP][PASSED] - println(day): null

16-05-2025T10:11:00 - [TEST_STEP][PASSED] - month = ")).toInteger(): null

16-05-2025T10:11:00 - [TEST_STEP][PASSED] - println(month): null

16-05-2025T10:11:00 - [TEST_STEP][PASSED] - y = length()).toInteger(): null

16-05-2025T10:11:00 - [TEST_STEP][PASSED] - if (month < 3 && day < 30): null

16-05-2025T10:11:00 - [TEST_STEP][PASSED] - println(y): null

16-05-2025T10:11:00 - [TEST_STEP][PASSED] - m = getText(findTestObject("Выполнение бизнес-плана/Выполнение бизнес-плана Балансы/Фильтр Дата")): Text of object 'Object Repository/Выполнение бизнес-плана/Выполнение бизнес-плана Балансы/Фильтр Дата' is: '1 кв. 2025 года'

16-05-2025T10:11:00 - [MESSAGE][PASSED] - Text of object 'Object Repository/Выполнение бизнес-плана/Выполнение бизнес-плана Балансы/Фильтр Дата' is: '1 кв. 2025 года'

16-05-2025T10:11:00 - [TEST_STEP][PASSED] - if (toString().length() == 4): null

16-05-2025T10:11:00 - [TEST_STEP][PASSED] - m = m.substring(0, m.indexOf(y.toString())): null

16-05-2025T10:11:00 - [TEST_STEP][PASSED] - m = m.trim(): null

16-05-2025T10:11:00 - [TEST_STEP][PASSED] - if (m == ""): null

16-05-2025T10:11:00 - [TEST_STEP][PASSED] - dashboardName = "Выполнение бизнес-плана": null

16-05-2025T10:11:00 - [TEST_STEP][PASSED] - workbook01 = getWorkbook(excelFilePath): null

16-05-2025T10:11:00 - [TEST_STEP][PASSED] - sheet01 = getExcelSheet(workbook01, sheetName): null

16-05-2025T10:11:00 - [TEST_STEP][PASSED] - setValueToCellByIndex(sheet01, n, 0, dashboardName): null

16-05-2025T10:11:00 - [TEST_STEP][PASSED] - setValueToCellByIndex(sheet01, n, 1, dZO): null

16-05-2025T10:11:00 - [TEST_STEP][PASSED] - setValueToCellByIndex(sheet01, n, 2, typeOfData): null

16-05-2025T10:11:00 - [TEST_STEP][PASSED] - setValueToCellByIndex(sheet01, n, 3, typeOfData): null

16-05-2025T10:11:00 - [TEST_STEP][PASSED] - if (typeOfData == "План"): null

16-05-2025T10:11:00 - [TEST_STEP][PASSED] - else if (typeOfData == "Факт"): null

16-05-2025T10:11:00 - [TEST_STEP][PASSED] - else if (vidget.contains("электроэнергии") == true): null

16-05-2025T10:11:00 - [TEST_STEP][PASSED] - if (tabR == null): null

16-05-2025T10:11:00 - [TEST_STEP][PASSED] - else: null

16-05-2025T10:11:00 - [TEST_STEP][PASSED] - if (tabR == "нет данных"): null

16-05-2025T10:11:00 - [TEST_STEP][PASSED] - else: null

16-05-2025T10:11:00 - [TEST_STEP][PASSED] - TR = tabR.toInteger(): null

16-05-2025T10:11:00 - [TEST_STEP][PASSED] - setValueToCellByIndex(sheet01, n, 4, TR): null

16-05-2025T10:11:00 - [TEST_STEP][PASSED] - if (tabB == null): null

16-05-2025T10:11:00 - [TEST_STEP][PASSED] - else: null

16-05-2025T10:11:00 - [TEST_STEP][PASSED] - if (tabB == "нет данных"): null

16-05-2025T10:11:00 - [TEST_STEP][PASSED] - else: null

16-05-2025T10:11:00 - [TEST_STEP][PASSED] - TB = tabB.toInteger(): null

16-05-2025T10:11:00 - [TEST_STEP][PASSED] - setValueToCellByIndex(sheet01, n, 5, TB): null

16-05-2025T10:11:00 - [TEST_STEP][PASSED] - setValueToCellByIndex(sheet01, n, 6, m): null

16-05-2025T10:11:00 - [TEST_STEP][PASSED] - setValueToCellByIndex(sheet01, n, 7, y): null

16-05-2025T10:11:00 - [TEST_STEP][PASSED] - setValueToCellByIndex(sheet01, n, 8, todaysDate): null

16-05-2025T10:11:00 - [TEST_STEP][PASSED] - n = n + 1: null

16-05-2025T10:11:00 - [TEST_STEP][PASSED] - saveWorkbook(excelFilePath, workbook01): null

16-05-2025T10:11:00 - [TEST_STEP][PASSED] - typeOfData = "Факт Потери": null

16-05-2025T10:11:00 - [TEST_STEP][PASSED] - tabR = GetPFactR(x = a): null

16-05-2025T10:11:00 - [TEST_STEP][PASSED] - i1 = <not implemented yet for class: org.codehaus.groovy.ast.expr.EmptyExpression>: null

16-05-2025T10:11:00 - [TEST_STEP][PASSED] - ii = <not implemented yet for class: org.codehaus.groovy.ast.expr.EmptyExpression>: null

16-05-2025T10:11:00 - [TEST_STEP][PASSED] - for ([ii = 1, ii < 6, (ii++)]): null

16-05-2025T10:11:00 - [TEST_STEP][PASSED] - i1 = x.indexOf("/") + 1: null

16-05-2025T10:11:00 - [TEST_STEP][PASSED] - if (i1 > -1): null

16-05-2025T10:11:00 - [TEST_STEP][PASSED] - x = x.substring(i1, x.length()): null

16-05-2025T10:11:00 - [TEST_STEP][PASSED] - println(x): null

16-05-2025T10:11:00 - [TEST_STEP][PASSED] - i1 = x.indexOf("/") + 1: null

16-05-2025T10:11:00 - [TEST_STEP][PASSED] - if (i1 > -1): null

16-05-2025T10:11:00 - [TEST_STEP][PASSED] - x = x.substring(i1, x.length()): null

16-05-2025T10:11:00 - [TEST_STEP][PASSED] - println(x): null

16-05-2025T10:11:00 - [TEST_STEP][PASSED] - i1 = x.indexOf("/") + 1: null

16-05-2025T10:11:00 - [TEST_STEP][PASSED] - if (i1 > -1): null

16-05-2025T10:11:00 - [TEST_STEP][PASSED] - x = x.substring(i1, x.length()): null

16-05-2025T10:11:00 - [TEST_STEP][PASSED] - println(x): null

16-05-2025T10:11:00 - [TEST_STEP][PASSED] - i1 = x.indexOf("/") + 1: null

16-05-2025T10:11:00 - [TEST_STEP][PASSED] - if (i1 > -1): null

16-05-2025T10:11:00 - [TEST_STEP][PASSED] - x = x.substring(i1, x.length()): null

16-05-2025T10:11:00 - [TEST_STEP][PASSED] - println(x): null

16-05-2025T10:11:00 - [TEST_STEP][PASSED] - i1 = x.indexOf("/") + 1: null

16-05-2025T10:11:00 - [TEST_STEP][PASSED] - if (i1 > -1): null

16-05-2025T10:11:00 - [TEST_STEP][PASSED] - x = x.substring(i1, x.length()): null

16-05-2025T10:11:00 - [TEST_STEP][PASSED] - println(x): null

16-05-2025T10:11:00 - [TEST_STEP][PASSED] - i1 = x.indexOf("/"): null

16-05-2025T10:11:00 - [TEST_STEP][PASSED] - if (i1 > -1): null

16-05-2025T10:11:00 - [TEST_STEP][PASSED] - x = x.substring(0, i1): null

16-05-2025T10:11:00 - [TEST_STEP][PASSED] - println(x): null

16-05-2025T10:11:00 - [TEST_STEP][PASSED] - return x: null

16-05-2025T10:11:00 - [TEST_STEP][PASSED] - tabB = GetPFactB(x = b): null

16-05-2025T10:11:00 - [TEST_STEP][PASSED] - i1 = <not implemented yet for class: org.codehaus.groovy.ast.expr.EmptyExpression>: null

16-05-2025T10:11:00 - [TEST_STEP][PASSED] - ii = <not implemented yet for class: org.codehaus.groovy.ast.expr.EmptyExpression>: null

16-05-2025T10:11:00 - [TEST_STEP][PASSED] - for ([ii = 1, ii < 6, (ii++)]): null

16-05-2025T10:11:00 - [TEST_STEP][PASSED] - i1 = x.indexOf("/") + 1: null

16-05-2025T10:11:00 - [TEST_STEP][PASSED] - if (i1 > -1): null

16-05-2025T10:11:00 - [TEST_STEP][PASSED] - x = x.substring(i1, x.length()): null

16-05-2025T10:11:00 - [TEST_STEP][PASSED] - println(x): null

16-05-2025T10:11:00 - [TEST_STEP][PASSED] - i1 = x.indexOf("/") + 1: null

16-05-2025T10:11:00 - [TEST_STEP][PASSED] - if (i1 > -1): null

16-05-2025T10:11:00 - [TEST_STEP][PASSED] - x = x.substring(i1, x.length()): null

16-05-2025T10:11:00 - [TEST_STEP][PASSED] - println(x): null

16-05-2025T10:11:00 - [TEST_STEP][PASSED] - i1 = x.indexOf("/") + 1: null

16-05-2025T10:11:00 - [TEST_STEP][PASSED] - if (i1 > -1): null

16-05-2025T10:11:00 - [TEST_STEP][PASSED] - x = x.substring(i1, x.length()): null

16-05-2025T10:11:00 - [TEST_STEP][PASSED] - println(x): null

16-05-2025T10:11:00 - [TEST_STEP][PASSED] - i1 = x.indexOf("/") + 1: null

16-05-2025T10:11:00 - [TEST_STEP][PASSED] - if (i1 > -1): null

16-05-2025T10:11:00 - [TEST_STEP][PASSED] - x = x.substring(i1, x.length()): null

16-05-2025T10:11:00 - [TEST_STEP][PASSED] - println(x): null

16-05-2025T10:11:00 - [TEST_STEP][PASSED] - i1 = x.indexOf("/") + 1: null

16-05-2025T10:11:00 - [TEST_STEP][PASSED] - if (i1 > -1): null

16-05-2025T10:11:00 - [TEST_STEP][PASSED] - x = x.substring(i1, x.length()): null

16-05-2025T10:11:00 - [TEST_STEP][PASSED] - println(x): null

16-05-2025T10:11:00 - [TEST_STEP][PASSED] - i1 = x.indexOf("/"): null

16-05-2025T10:11:00 - [TEST_STEP][PASSED] - if (i1 > -1): null

16-05-2025T10:11:00 - [TEST_STEP][PASSED] - x = x.substring(0, i1): null

16-05-2025T10:11:00 - [TEST_STEP][PASSED] - println(x): null

16-05-2025T10:11:00 - [TEST_STEP][FAILED] - return x: null

16-05-2025T10:11:00 - [TEST_STEP][PASSED] - println(tabR + "/" + tabB): null

16-05-2025T10:11:00 - [TEST_STEP][FAILED] - if (verifyEqual(tabR, tabB) == false): null

16-05-2025T10:11:00 - [MESSAGE][FAILED] - Unable to verify equal between actual object '14602194' and expected object '11162411' (Root cause: com.kms.katalon.core.exception.StepFailedException: Actual object '14602194' and expected object '11162411' are not equal
	at com.kms.katalon.core.keyword.builtin.VerifyEqualKeyword$_verifyEqual_closure1.doCall(VerifyEqualKeyword.groovy:58)
	at com.kms.katalon.core.keyword.builtin.VerifyEqualKeyword$_verifyEqual_closure1.call(VerifyEqualKeyword.groovy)
	at com.kms.katalon.core.keyword.internal.KeywordMain.runKeyword(KeywordMain.groovy:75)
	at com.kms.katalon.core.keyword.builtin.VerifyEqualKeyword.verifyEqual(VerifyEqualKeyword.groovy:63)
	at com.kms.katalon.core.keyword.builtin.VerifyEqualKeyword.execute(VerifyEqualKeyword.groovy:44)
	at com.kms.katalon.core.keyword.internal.KeywordExecutor.executeKeywordForPlatform(KeywordExecutor.groovy:74)
	at com.kms.katalon.core.keyword.BuiltinKeywords.verifyEqual(BuiltinKeywords.groovy:146)
	at jdk.internal.reflect.GeneratedMethodAccessor24.invoke(Unknown Source)
	at java.base/jdk.internal.reflect.DelegatingMethodAccessorImpl.invoke(DelegatingMethodAccessorImpl.java:43)
	at Выполнение бизнес-плана сверка дашбордов.CompareDZOData(Выполнение бизнес-плана сверка дашбордов:730)
	at Выполнение бизнес-плана сверка дашбордов.run(Выполнение бизнес-плана сверка дашбордов:578)
	at com.kms.katalon.core.main.ScriptEngine.run(ScriptEngine.java:194)
	at com.kms.katalon.core.main.ScriptEngine.runScriptAsRawText(ScriptEngine.java:119)
	at com.kms.katalon.core.main.TestCaseExecutor.runScript(TestCaseExecutor.java:448)
	at com.kms.katalon.core.main.TestCaseExecutor.doExecute(TestCaseExecutor.java:439)
	at com.kms.katalon.core.main.TestCaseExecutor.processExecutionPhase(TestCaseExecutor.java:418)
	at com.kms.katalon.core.main.TestCaseExecutor.accessMainPhase(TestCaseExecutor.java:410)
	at com.kms.katalon.core.main.TestCaseExecutor.execute(TestCaseExecutor.java:285)
	at com.kms.katalon.core.common.CommonExecutor.accessTestCaseMainPhase(CommonExecutor.java:65)
	at com.kms.katalon.core.main.TestSuiteExecutor.accessTestSuiteMainPhase(TestSuiteExecutor.java:150)
	at com.kms.katalon.core.main.TestSuiteExecutor.execute(TestSuiteExecutor.java:106)
	at com.kms.katalon.core.main.TestCaseMain.startTestSuite(TestCaseMain.java:180)
	at TempTestSuite1747369435659.run(TempTestSuite1747369435659.groovy:35)
	at java.base/jdk.internal.reflect.NativeMethodAccessorImpl.invoke0(Native Method)
	at java.base/jdk.internal.reflect.NativeMethodAccessorImpl.invoke(NativeMethodAccessorImpl.java:77)
	at java.base/jdk.internal.reflect.DelegatingMethodAccessorImpl.invoke(DelegatingMethodAccessorImpl.java:43)
)

16-05-2025T10:11:00 - [TEST_STEP][PASSED] - result = WriteToExcel(typeOfData, todaysDate, PercPlanR, PercPlanB, PercFactR, PercFactB, x, tabR, tabB, o1R, o1B, vidget): null

16-05-2025T10:11:00 - [TEST_STEP][PASSED] - iii = dZO.indexOf("/"): null

16-05-2025T10:11:00 - [TEST_STEP][PASSED] - println(iii): null

16-05-2025T10:11:00 - [TEST_STEP][PASSED] - if (iii > -1): null

16-05-2025T10:11:00 - [TEST_STEP][PASSED] - dZO = dZO.substring(0, iii): null

16-05-2025T10:11:00 - [TEST_STEP][PASSED] - println(dZO): null

16-05-2025T10:11:00 - [TEST_STEP][PASSED] - println(PercPlanR): null

16-05-2025T10:11:00 - [TEST_STEP][PASSED] - println(PercPlanB): null

16-05-2025T10:11:00 - [TEST_STEP][PASSED] - println(PercFactR): null

16-05-2025T10:11:00 - [TEST_STEP][PASSED] - println(PercFactB): null

16-05-2025T10:11:00 - [TEST_STEP][PASSED] - println(tabR): null

16-05-2025T10:11:00 - [TEST_STEP][PASSED] - println(tabB): null

16-05-2025T10:11:00 - [TEST_STEP][PASSED] - println(o1R): null

16-05-2025T10:11:00 - [TEST_STEP][PASSED] - println(o1B): null

16-05-2025T10:11:00 - [TEST_STEP][PASSED] - PR = <not implemented yet for class: org.codehaus.groovy.ast.expr.EmptyExpression>: null

16-05-2025T10:11:00 - [TEST_STEP][PASSED] - FR = <not implemented yet for class: org.codehaus.groovy.ast.expr.EmptyExpression>: null

16-05-2025T10:11:00 - [TEST_STEP][PASSED] - PB = <not implemented yet for class: org.codehaus.groovy.ast.expr.EmptyExpression>: null

16-05-2025T10:11:00 - [TEST_STEP][PASSED] - FB = <not implemented yet for class: org.codehaus.groovy.ast.expr.EmptyExpression>: null

16-05-2025T10:11:00 - [TEST_STEP][PASSED] - TR = <not implemented yet for class: org.codehaus.groovy.ast.expr.EmptyExpression>: null

16-05-2025T10:11:00 - [TEST_STEP][PASSED] - TB = <not implemented yet for class: org.codehaus.groovy.ast.expr.EmptyExpression>: null

16-05-2025T10:11:00 - [TEST_STEP][PASSED] - sheetName = "Sheet1": null

16-05-2025T10:11:00 - [TEST_STEP][PASSED] - data = findTestData("PlanFact"): null

16-05-2025T10:11:01 - [TEST_STEP][PASSED] - n = data.getRowNumbers() + 1: null

16-05-2025T10:11:01 - [TEST_STEP][PASSED] - day = ")).toInteger(): null

16-05-2025T10:11:01 - [TEST_STEP][PASSED] - println(day): null

16-05-2025T10:11:01 - [TEST_STEP][PASSED] - month = ")).toInteger(): null

16-05-2025T10:11:01 - [TEST_STEP][PASSED] - println(month): null

16-05-2025T10:11:01 - [TEST_STEP][PASSED] - y = length()).toInteger(): null

16-05-2025T10:11:01 - [TEST_STEP][PASSED] - if (month < 3 && day < 30): null

16-05-2025T10:11:01 - [TEST_STEP][PASSED] - println(y): null

16-05-2025T10:11:01 - [TEST_STEP][PASSED] - m = getText(findTestObject("Выполнение бизнес-плана/Выполнение бизнес-плана Балансы/Фильтр Дата")): Text of object 'Object Repository/Выполнение бизнес-плана/Выполнение бизнес-плана Балансы/Фильтр Дата' is: '1 кв. 2025 года'

16-05-2025T10:11:01 - [MESSAGE][PASSED] - Text of object 'Object Repository/Выполнение бизнес-плана/Выполнение бизнес-плана Балансы/Фильтр Дата' is: '1 кв. 2025 года'

16-05-2025T10:11:01 - [TEST_STEP][PASSED] - if (toString().length() == 4): null

16-05-2025T10:11:01 - [TEST_STEP][PASSED] - m = m.substring(0, m.indexOf(y.toString())): null

16-05-2025T10:11:01 - [TEST_STEP][PASSED] - m = m.trim(): null

16-05-2025T10:11:01 - [TEST_STEP][PASSED] - if (m == ""): null

16-05-2025T10:11:01 - [TEST_STEP][PASSED] - dashboardName = "Выполнение бизнес-плана": null

16-05-2025T10:11:01 - [TEST_STEP][PASSED] - workbook01 = getWorkbook(excelFilePath): null

16-05-2025T10:11:01 - [TEST_STEP][PASSED] - sheet01 = getExcelSheet(workbook01, sheetName): null

16-05-2025T10:11:01 - [TEST_STEP][PASSED] - setValueToCellByIndex(sheet01, n, 0, dashboardName): null

16-05-2025T10:11:01 - [TEST_STEP][PASSED] - setValueToCellByIndex(sheet01, n, 1, dZO): null

16-05-2025T10:11:01 - [TEST_STEP][PASSED] - setValueToCellByIndex(sheet01, n, 2, typeOfData): null

16-05-2025T10:11:01 - [TEST_STEP][PASSED] - setValueToCellByIndex(sheet01, n, 3, typeOfData): null

16-05-2025T10:11:01 - [TEST_STEP][PASSED] - if (typeOfData == "План"): null

16-05-2025T10:11:01 - [TEST_STEP][PASSED] - else if (typeOfData == "Факт"): null

16-05-2025T10:11:01 - [TEST_STEP][PASSED] - else if (vidget.contains("электроэнергии") == true): null

16-05-2025T10:11:01 - [TEST_STEP][PASSED] - if (tabR == null): null

16-05-2025T10:11:01 - [TEST_STEP][PASSED] - else: null

16-05-2025T10:11:01 - [TEST_STEP][PASSED] - if (tabR == "нет данных"): null

16-05-2025T10:11:01 - [TEST_STEP][PASSED] - else: null

16-05-2025T10:11:01 - [TEST_STEP][PASSED] - TR = tabR.toInteger(): null

16-05-2025T10:11:01 - [TEST_STEP][PASSED] - setValueToCellByIndex(sheet01, n, 4, TR): null

16-05-2025T10:11:01 - [TEST_STEP][PASSED] - if (tabB == null): null

16-05-2025T10:11:01 - [TEST_STEP][PASSED] - else: null

16-05-2025T10:11:01 - [TEST_STEP][PASSED] - if (tabB == "нет данных"): null

16-05-2025T10:11:01 - [TEST_STEP][PASSED] - else: null

16-05-2025T10:11:01 - [TEST_STEP][PASSED] - TB = tabB.toInteger(): null

16-05-2025T10:11:01 - [TEST_STEP][PASSED] - setValueToCellByIndex(sheet01, n, 5, TB): null

16-05-2025T10:11:01 - [TEST_STEP][PASSED] - setValueToCellByIndex(sheet01, n, 6, m): null

16-05-2025T10:11:01 - [TEST_STEP][PASSED] - setValueToCellByIndex(sheet01, n, 7, y): null

16-05-2025T10:11:01 - [TEST_STEP][PASSED] - setValueToCellByIndex(sheet01, n, 8, todaysDate): null

16-05-2025T10:11:01 - [TEST_STEP][PASSED] - n = n + 1: null

16-05-2025T10:11:01 - [TEST_STEP][PASSED] - saveWorkbook(excelFilePath, workbook01): null

16-05-2025T10:11:01 - [TEST_STEP][PASSED] - vidget = "Показатели баланса электроэнергии по ДЗО – План": null

16-05-2025T10:11:01 - [TEST_STEP][PASSED] - typeOfData = "План Отпуск в сеть": null

16-05-2025T10:11:01 - [TEST_STEP][PASSED] - tabR = GetOvSPlanR(x = a): null

16-05-2025T10:11:01 - [TEST_STEP][PASSED] - i1 = <not implemented yet for class: org.codehaus.groovy.ast.expr.EmptyExpression>: null

16-05-2025T10:11:01 - [TEST_STEP][PASSED] - ii = <not implemented yet for class: org.codehaus.groovy.ast.expr.EmptyExpression>: null

16-05-2025T10:11:01 - [TEST_STEP][PASSED] - for ([ii = 1, ii < 7, (ii++)]): null

16-05-2025T10:11:01 - [TEST_STEP][PASSED] - i1 = x.indexOf("/") + 1: null

16-05-2025T10:11:01 - [TEST_STEP][PASSED] - if (i1 > -1): null

16-05-2025T10:11:01 - [TEST_STEP][PASSED] - x = x.substring(i1, x.length()): null

16-05-2025T10:11:01 - [TEST_STEP][PASSED] - println(x): null

16-05-2025T10:11:01 - [TEST_STEP][PASSED] - i1 = x.indexOf("/") + 1: null

16-05-2025T10:11:01 - [TEST_STEP][PASSED] - if (i1 > -1): null

16-05-2025T10:11:01 - [TEST_STEP][PASSED] - x = x.substring(i1, x.length()): null

16-05-2025T10:11:01 - [TEST_STEP][PASSED] - println(x): null

16-05-2025T10:11:01 - [TEST_STEP][PASSED] - i1 = x.indexOf("/") + 1: null

16-05-2025T10:11:01 - [TEST_STEP][PASSED] - if (i1 > -1): null

16-05-2025T10:11:01 - [TEST_STEP][PASSED] - x = x.substring(i1, x.length()): null

16-05-2025T10:11:01 - [TEST_STEP][PASSED] - println(x): null

16-05-2025T10:11:01 - [TEST_STEP][PASSED] - i1 = x.indexOf("/") + 1: null

16-05-2025T10:11:01 - [TEST_STEP][PASSED] - if (i1 > -1): null

16-05-2025T10:11:01 - [TEST_STEP][PASSED] - x = x.substring(i1, x.length()): null

16-05-2025T10:11:01 - [TEST_STEP][PASSED] - println(x): null

16-05-2025T10:11:01 - [TEST_STEP][PASSED] - i1 = x.indexOf("/") + 1: null

16-05-2025T10:11:01 - [TEST_STEP][PASSED] - if (i1 > -1): null

16-05-2025T10:11:01 - [TEST_STEP][PASSED] - x = x.substring(i1, x.length()): null

16-05-2025T10:11:01 - [TEST_STEP][PASSED] - println(x): null

16-05-2025T10:11:01 - [TEST_STEP][PASSED] - i1 = x.indexOf("/") + 1: null

16-05-2025T10:11:01 - [TEST_STEP][PASSED] - if (i1 > -1): null

16-05-2025T10:11:01 - [TEST_STEP][PASSED] - x = x.substring(i1, x.length()): null

16-05-2025T10:11:01 - [TEST_STEP][PASSED] - println(x): null

16-05-2025T10:11:01 - [TEST_STEP][PASSED] - i1 = x.indexOf("/"): null

16-05-2025T10:11:01 - [TEST_STEP][PASSED] - if (i1 > -1): null

16-05-2025T10:11:01 - [TEST_STEP][PASSED] - x = x.substring(0, i1): null

16-05-2025T10:11:01 - [TEST_STEP][PASSED] - println(x): null

16-05-2025T10:11:01 - [TEST_STEP][PASSED] - return x: null

16-05-2025T10:11:01 - [TEST_STEP][PASSED] - tabB = GetOvSPlanB(x = b): null

16-05-2025T10:11:01 - [TEST_STEP][PASSED] - i1 = <not implemented yet for class: org.codehaus.groovy.ast.expr.EmptyExpression>: null

16-05-2025T10:11:01 - [TEST_STEP][PASSED] - ii = <not implemented yet for class: org.codehaus.groovy.ast.expr.EmptyExpression>: null

16-05-2025T10:11:01 - [TEST_STEP][PASSED] - for ([ii = 1, ii < 7, (ii++)]): null

16-05-2025T10:11:01 - [TEST_STEP][PASSED] - i1 = x.indexOf("/") + 1: null

16-05-2025T10:11:01 - [TEST_STEP][PASSED] - if (i1 > -1): null

16-05-2025T10:11:01 - [TEST_STEP][PASSED] - x = x.substring(i1, x.length()): null

16-05-2025T10:11:01 - [TEST_STEP][PASSED] - println(x): null

16-05-2025T10:11:01 - [TEST_STEP][PASSED] - i1 = x.indexOf("/") + 1: null

16-05-2025T10:11:01 - [TEST_STEP][PASSED] - if (i1 > -1): null

16-05-2025T10:11:01 - [TEST_STEP][PASSED] - x = x.substring(i1, x.length()): null

16-05-2025T10:11:01 - [TEST_STEP][PASSED] - println(x): null

16-05-2025T10:11:01 - [TEST_STEP][PASSED] - i1 = x.indexOf("/") + 1: null

16-05-2025T10:11:01 - [TEST_STEP][PASSED] - if (i1 > -1): null

16-05-2025T10:11:01 - [TEST_STEP][PASSED] - x = x.substring(i1, x.length()): null

16-05-2025T10:11:01 - [TEST_STEP][PASSED] - println(x): null

16-05-2025T10:11:01 - [TEST_STEP][PASSED] - i1 = x.indexOf("/") + 1: null

16-05-2025T10:11:01 - [TEST_STEP][PASSED] - if (i1 > -1): null

16-05-2025T10:11:01 - [TEST_STEP][PASSED] - x = x.substring(i1, x.length()): null

16-05-2025T10:11:01 - [TEST_STEP][PASSED] - println(x): null

16-05-2025T10:11:01 - [TEST_STEP][PASSED] - i1 = x.indexOf("/") + 1: null

16-05-2025T10:11:01 - [TEST_STEP][PASSED] - if (i1 > -1): null

16-05-2025T10:11:01 - [TEST_STEP][PASSED] - x = x.substring(i1, x.length()): null

16-05-2025T10:11:01 - [TEST_STEP][PASSED] - println(x): null

16-05-2025T10:11:01 - [TEST_STEP][PASSED] - i1 = x.indexOf("/") + 1: null

16-05-2025T10:11:01 - [TEST_STEP][PASSED] - if (i1 > -1): null

16-05-2025T10:11:01 - [TEST_STEP][PASSED] - x = x.substring(i1, x.length()): null

16-05-2025T10:11:01 - [TEST_STEP][PASSED] - println(x): null

16-05-2025T10:11:01 - [TEST_STEP][PASSED] - i1 = x.indexOf("/"): null

16-05-2025T10:11:01 - [TEST_STEP][PASSED] - if (i1 > -1): null

16-05-2025T10:11:01 - [TEST_STEP][PASSED] - x = x.substring(0, i1): null

16-05-2025T10:11:01 - [TEST_STEP][PASSED] - println(x): null

16-05-2025T10:11:01 - [TEST_STEP][FAILED] - return x: null

16-05-2025T10:11:01 - [TEST_STEP][PASSED] - println(tabR + "/" + tabB): null

16-05-2025T10:11:01 - [TEST_STEP][FAILED] - if (verifyEqual(tabR, tabB) == false): null

16-05-2025T10:11:01 - [MESSAGE][FAILED] - Unable to verify equal between actual object '279622401' and expected object '236268268' (Root cause: com.kms.katalon.core.exception.StepFailedException: Actual object '279622401' and expected object '236268268' are not equal
	at com.kms.katalon.core.keyword.builtin.VerifyEqualKeyword$_verifyEqual_closure1.doCall(VerifyEqualKeyword.groovy:58)
	at com.kms.katalon.core.keyword.builtin.VerifyEqualKeyword$_verifyEqual_closure1.call(VerifyEqualKeyword.groovy)
	at com.kms.katalon.core.keyword.internal.KeywordMain.runKeyword(KeywordMain.groovy:75)
	at com.kms.katalon.core.keyword.builtin.VerifyEqualKeyword.verifyEqual(VerifyEqualKeyword.groovy:63)
	at com.kms.katalon.core.keyword.builtin.VerifyEqualKeyword.execute(VerifyEqualKeyword.groovy:44)
	at com.kms.katalon.core.keyword.internal.KeywordExecutor.executeKeywordForPlatform(KeywordExecutor.groovy:74)
	at com.kms.katalon.core.keyword.BuiltinKeywords.verifyEqual(BuiltinKeywords.groovy:146)
	at jdk.internal.reflect.GeneratedMethodAccessor24.invoke(Unknown Source)
	at java.base/jdk.internal.reflect.DelegatingMethodAccessorImpl.invoke(DelegatingMethodAccessorImpl.java:43)
	at Выполнение бизнес-плана сверка дашбордов.CompareDZOData(Выполнение бизнес-плана сверка дашбордов:745)
	at Выполнение бизнес-плана сверка дашбордов.run(Выполнение бизнес-плана сверка дашбордов:578)
	at com.kms.katalon.core.main.ScriptEngine.run(ScriptEngine.java:194)
	at com.kms.katalon.core.main.ScriptEngine.runScriptAsRawText(ScriptEngine.java:119)
	at com.kms.katalon.core.main.TestCaseExecutor.runScript(TestCaseExecutor.java:448)
	at com.kms.katalon.core.main.TestCaseExecutor.doExecute(TestCaseExecutor.java:439)
	at com.kms.katalon.core.main.TestCaseExecutor.processExecutionPhase(TestCaseExecutor.java:418)
	at com.kms.katalon.core.main.TestCaseExecutor.accessMainPhase(TestCaseExecutor.java:410)
	at com.kms.katalon.core.main.TestCaseExecutor.execute(TestCaseExecutor.java:285)
	at com.kms.katalon.core.common.CommonExecutor.accessTestCaseMainPhase(CommonExecutor.java:65)
	at com.kms.katalon.core.main.TestSuiteExecutor.accessTestSuiteMainPhase(TestSuiteExecutor.java:150)
	at com.kms.katalon.core.main.TestSuiteExecutor.execute(TestSuiteExecutor.java:106)
	at com.kms.katalon.core.main.TestCaseMain.startTestSuite(TestCaseMain.java:180)
	at TempTestSuite1747369435659.run(TempTestSuite1747369435659.groovy:35)
	at java.base/jdk.internal.reflect.NativeMethodAccessorImpl.invoke0(Native Method)
	at java.base/jdk.internal.reflect.NativeMethodAccessorImpl.invoke(NativeMethodAccessorImpl.java:77)
	at java.base/jdk.internal.reflect.DelegatingMethodAccessorImpl.invoke(DelegatingMethodAccessorImpl.java:43)
)

16-05-2025T10:11:01 - [TEST_STEP][PASSED] - result = WriteToExcel(typeOfData, todaysDate, PercPlanR, PercPlanB, PercFactR, PercFactB, x, tabR, tabB, o1R, o1B, vidget): null

16-05-2025T10:11:01 - [TEST_STEP][PASSED] - iii = dZO.indexOf("/"): null

16-05-2025T10:11:01 - [TEST_STEP][PASSED] - println(iii): null

16-05-2025T10:11:01 - [TEST_STEP][PASSED] - if (iii > -1): null

16-05-2025T10:11:01 - [TEST_STEP][PASSED] - dZO = dZO.substring(0, iii): null

16-05-2025T10:11:01 - [TEST_STEP][PASSED] - println(dZO): null

16-05-2025T10:11:01 - [TEST_STEP][PASSED] - println(PercPlanR): null

16-05-2025T10:11:01 - [TEST_STEP][PASSED] - println(PercPlanB): null

16-05-2025T10:11:01 - [TEST_STEP][PASSED] - println(PercFactR): null

16-05-2025T10:11:01 - [TEST_STEP][PASSED] - println(PercFactB): null

16-05-2025T10:11:01 - [TEST_STEP][PASSED] - println(tabR): null

16-05-2025T10:11:01 - [TEST_STEP][PASSED] - println(tabB): null

16-05-2025T10:11:01 - [TEST_STEP][PASSED] - println(o1R): null

16-05-2025T10:11:01 - [TEST_STEP][PASSED] - println(o1B): null

16-05-2025T10:11:01 - [TEST_STEP][PASSED] - PR = <not implemented yet for class: org.codehaus.groovy.ast.expr.EmptyExpression>: null

16-05-2025T10:11:01 - [TEST_STEP][PASSED] - FR = <not implemented yet for class: org.codehaus.groovy.ast.expr.EmptyExpression>: null

16-05-2025T10:11:01 - [TEST_STEP][PASSED] - PB = <not implemented yet for class: org.codehaus.groovy.ast.expr.EmptyExpression>: null

16-05-2025T10:11:01 - [TEST_STEP][PASSED] - FB = <not implemented yet for class: org.codehaus.groovy.ast.expr.EmptyExpression>: null

16-05-2025T10:11:01 - [TEST_STEP][PASSED] - TR = <not implemented yet for class: org.codehaus.groovy.ast.expr.EmptyExpression>: null

16-05-2025T10:11:01 - [TEST_STEP][PASSED] - TB = <not implemented yet for class: org.codehaus.groovy.ast.expr.EmptyExpression>: null

16-05-2025T10:11:01 - [TEST_STEP][PASSED] - sheetName = "Sheet1": null

16-05-2025T10:11:01 - [TEST_STEP][PASSED] - data = findTestData("PlanFact"): null

16-05-2025T10:11:01 - [TEST_STEP][PASSED] - n = data.getRowNumbers() + 1: null

16-05-2025T10:11:01 - [TEST_STEP][PASSED] - day = ")).toInteger(): null

16-05-2025T10:11:01 - [TEST_STEP][PASSED] - println(day): null

16-05-2025T10:11:01 - [TEST_STEP][PASSED] - month = ")).toInteger(): null

16-05-2025T10:11:01 - [TEST_STEP][PASSED] - println(month): null

16-05-2025T10:11:01 - [TEST_STEP][PASSED] - y = length()).toInteger(): null

16-05-2025T10:11:01 - [TEST_STEP][PASSED] - if (month < 3 && day < 30): null

16-05-2025T10:11:01 - [TEST_STEP][PASSED] - println(y): null

16-05-2025T10:11:01 - [TEST_STEP][PASSED] - m = getText(findTestObject("Выполнение бизнес-плана/Выполнение бизнес-плана Балансы/Фильтр Дата")): Text of object 'Object Repository/Выполнение бизнес-плана/Выполнение бизнес-плана Балансы/Фильтр Дата' is: '1 кв. 2025 года'

16-05-2025T10:11:01 - [MESSAGE][PASSED] - Text of object 'Object Repository/Выполнение бизнес-плана/Выполнение бизнес-плана Балансы/Фильтр Дата' is: '1 кв. 2025 года'

16-05-2025T10:11:01 - [TEST_STEP][PASSED] - if (toString().length() == 4): null

16-05-2025T10:11:01 - [TEST_STEP][PASSED] - m = m.substring(0, m.indexOf(y.toString())): null

16-05-2025T10:11:01 - [TEST_STEP][PASSED] - m = m.trim(): null

16-05-2025T10:11:01 - [TEST_STEP][PASSED] - if (m == ""): null

16-05-2025T10:11:01 - [TEST_STEP][PASSED] - dashboardName = "Выполнение бизнес-плана": null

16-05-2025T10:11:01 - [TEST_STEP][PASSED] - workbook01 = getWorkbook(excelFilePath): null

16-05-2025T10:11:02 - [TEST_STEP][PASSED] - sheet01 = getExcelSheet(workbook01, sheetName): null

16-05-2025T10:11:02 - [TEST_STEP][PASSED] - setValueToCellByIndex(sheet01, n, 0, dashboardName): null

16-05-2025T10:11:02 - [TEST_STEP][PASSED] - setValueToCellByIndex(sheet01, n, 1, dZO): null

16-05-2025T10:11:02 - [TEST_STEP][PASSED] - setValueToCellByIndex(sheet01, n, 2, typeOfData): null

16-05-2025T10:11:02 - [TEST_STEP][PASSED] - setValueToCellByIndex(sheet01, n, 3, typeOfData): null

16-05-2025T10:11:02 - [TEST_STEP][PASSED] - if (typeOfData == "План"): null

16-05-2025T10:11:02 - [TEST_STEP][PASSED] - else if (typeOfData == "Факт"): null

16-05-2025T10:11:02 - [TEST_STEP][PASSED] - else if (vidget.contains("электроэнергии") == true): null

16-05-2025T10:11:02 - [TEST_STEP][PASSED] - if (tabR == null): null

16-05-2025T10:11:02 - [TEST_STEP][PASSED] - else: null

16-05-2025T10:11:02 - [TEST_STEP][PASSED] - if (tabR == "нет данных"): null

16-05-2025T10:11:02 - [TEST_STEP][PASSED] - else: null

16-05-2025T10:11:02 - [TEST_STEP][PASSED] - TR = tabR.toInteger(): null

16-05-2025T10:11:02 - [TEST_STEP][PASSED] - setValueToCellByIndex(sheet01, n, 4, TR): null

16-05-2025T10:11:02 - [TEST_STEP][PASSED] - if (tabB == null): null

16-05-2025T10:11:02 - [TEST_STEP][PASSED] - else: null

16-05-2025T10:11:02 - [TEST_STEP][PASSED] - if (tabB == "нет данных"): null

16-05-2025T10:11:02 - [TEST_STEP][PASSED] - else: null

16-05-2025T10:11:02 - [TEST_STEP][PASSED] - TB = tabB.toInteger(): null

16-05-2025T10:11:02 - [TEST_STEP][PASSED] - setValueToCellByIndex(sheet01, n, 5, TB): null

16-05-2025T10:11:02 - [TEST_STEP][PASSED] - setValueToCellByIndex(sheet01, n, 6, m): null

16-05-2025T10:11:02 - [TEST_STEP][PASSED] - setValueToCellByIndex(sheet01, n, 7, y): null

16-05-2025T10:11:02 - [TEST_STEP][PASSED] - setValueToCellByIndex(sheet01, n, 8, todaysDate): null

16-05-2025T10:11:02 - [TEST_STEP][PASSED] - n = n + 1: null

16-05-2025T10:11:02 - [TEST_STEP][PASSED] - saveWorkbook(excelFilePath, workbook01): null

16-05-2025T10:11:02 - [TEST_STEP][PASSED] - typeOfData = "План Отпуск из сети": null

16-05-2025T10:11:02 - [TEST_STEP][PASSED] - tabR = GetOiSPlanR(x = a): null

16-05-2025T10:11:02 - [TEST_STEP][PASSED] - i1 = <not implemented yet for class: org.codehaus.groovy.ast.expr.EmptyExpression>: null

16-05-2025T10:11:02 - [TEST_STEP][PASSED] - ii = <not implemented yet for class: org.codehaus.groovy.ast.expr.EmptyExpression>: null

16-05-2025T10:11:02 - [TEST_STEP][PASSED] - for ([ii = 1, ii < 8, (ii++)]): null

16-05-2025T10:11:02 - [TEST_STEP][PASSED] - i1 = x.indexOf("/") + 1: null

16-05-2025T10:11:02 - [TEST_STEP][PASSED] - if (i1 > -1): null

16-05-2025T10:11:02 - [TEST_STEP][PASSED] - x = x.substring(i1, x.length()): null

16-05-2025T10:11:02 - [TEST_STEP][PASSED] - println(x): null

16-05-2025T10:11:02 - [TEST_STEP][PASSED] - i1 = x.indexOf("/") + 1: null

16-05-2025T10:11:02 - [TEST_STEP][PASSED] - if (i1 > -1): null

16-05-2025T10:11:02 - [TEST_STEP][PASSED] - x = x.substring(i1, x.length()): null

16-05-2025T10:11:02 - [TEST_STEP][PASSED] - println(x): null

16-05-2025T10:11:02 - [TEST_STEP][PASSED] - i1 = x.indexOf("/") + 1: null

16-05-2025T10:11:02 - [TEST_STEP][PASSED] - if (i1 > -1): null

16-05-2025T10:11:02 - [TEST_STEP][PASSED] - x = x.substring(i1, x.length()): null

16-05-2025T10:11:02 - [TEST_STEP][PASSED] - println(x): null

16-05-2025T10:11:02 - [TEST_STEP][PASSED] - i1 = x.indexOf("/") + 1: null

16-05-2025T10:11:02 - [TEST_STEP][PASSED] - if (i1 > -1): null

16-05-2025T10:11:02 - [TEST_STEP][PASSED] - x = x.substring(i1, x.length()): null

16-05-2025T10:11:02 - [TEST_STEP][PASSED] - println(x): null

16-05-2025T10:11:02 - [TEST_STEP][PASSED] - i1 = x.indexOf("/") + 1: null

16-05-2025T10:11:02 - [TEST_STEP][PASSED] - if (i1 > -1): null

16-05-2025T10:11:02 - [TEST_STEP][PASSED] - x = x.substring(i1, x.length()): null

16-05-2025T10:11:02 - [TEST_STEP][PASSED] - println(x): null

16-05-2025T10:11:02 - [TEST_STEP][PASSED] - i1 = x.indexOf("/") + 1: null

16-05-2025T10:11:02 - [TEST_STEP][PASSED] - if (i1 > -1): null

16-05-2025T10:11:02 - [TEST_STEP][PASSED] - x = x.substring(i1, x.length()): null

16-05-2025T10:11:02 - [TEST_STEP][PASSED] - println(x): null

16-05-2025T10:11:02 - [TEST_STEP][PASSED] - i1 = x.indexOf("/") + 1: null

16-05-2025T10:11:02 - [TEST_STEP][PASSED] - if (i1 > -1): null

16-05-2025T10:11:02 - [TEST_STEP][PASSED] - x = x.substring(i1, x.length()): null

16-05-2025T10:11:02 - [TEST_STEP][PASSED] - println(x): null

16-05-2025T10:11:02 - [TEST_STEP][PASSED] - i1 = x.indexOf("/"): null

16-05-2025T10:11:02 - [TEST_STEP][PASSED] - if (i1 > -1): null

16-05-2025T10:11:02 - [TEST_STEP][PASSED] - x = x.substring(0, i1): null

16-05-2025T10:11:02 - [TEST_STEP][PASSED] - println(x): null

16-05-2025T10:11:02 - [TEST_STEP][PASSED] - return x: null

16-05-2025T10:11:02 - [TEST_STEP][PASSED] - tabB = GetOiSPlanB(x = b): null

16-05-2025T10:11:02 - [TEST_STEP][PASSED] - i1 = <not implemented yet for class: org.codehaus.groovy.ast.expr.EmptyExpression>: null

16-05-2025T10:11:02 - [TEST_STEP][PASSED] - ii = <not implemented yet for class: org.codehaus.groovy.ast.expr.EmptyExpression>: null

16-05-2025T10:11:02 - [TEST_STEP][PASSED] - for ([ii = 1, ii < 8, (ii++)]): null

16-05-2025T10:11:02 - [TEST_STEP][PASSED] - i1 = x.indexOf("/") + 1: null

16-05-2025T10:11:02 - [TEST_STEP][PASSED] - if (i1 > -1): null

16-05-2025T10:11:02 - [TEST_STEP][PASSED] - x = x.substring(i1, x.length()): null

16-05-2025T10:11:02 - [TEST_STEP][PASSED] - println(x): null

16-05-2025T10:11:02 - [TEST_STEP][PASSED] - i1 = x.indexOf("/") + 1: null

16-05-2025T10:11:02 - [TEST_STEP][PASSED] - if (i1 > -1): null

16-05-2025T10:11:02 - [TEST_STEP][PASSED] - x = x.substring(i1, x.length()): null

16-05-2025T10:11:02 - [TEST_STEP][PASSED] - println(x): null

16-05-2025T10:11:02 - [TEST_STEP][PASSED] - i1 = x.indexOf("/") + 1: null

16-05-2025T10:11:02 - [TEST_STEP][PASSED] - if (i1 > -1): null

16-05-2025T10:11:02 - [TEST_STEP][PASSED] - x = x.substring(i1, x.length()): null

16-05-2025T10:11:02 - [TEST_STEP][PASSED] - println(x): null

16-05-2025T10:11:02 - [TEST_STEP][PASSED] - i1 = x.indexOf("/") + 1: null

16-05-2025T10:11:02 - [TEST_STEP][PASSED] - if (i1 > -1): null

16-05-2025T10:11:02 - [TEST_STEP][PASSED] - x = x.substring(i1, x.length()): null

16-05-2025T10:11:02 - [TEST_STEP][PASSED] - println(x): null

16-05-2025T10:11:02 - [TEST_STEP][PASSED] - i1 = x.indexOf("/") + 1: null

16-05-2025T10:11:02 - [TEST_STEP][PASSED] - if (i1 > -1): null

16-05-2025T10:11:02 - [TEST_STEP][PASSED] - x = x.substring(i1, x.length()): null

16-05-2025T10:11:02 - [TEST_STEP][PASSED] - println(x): null

16-05-2025T10:11:02 - [TEST_STEP][PASSED] - i1 = x.indexOf("/") + 1: null

16-05-2025T10:11:02 - [TEST_STEP][PASSED] - if (i1 > -1): null

16-05-2025T10:11:02 - [TEST_STEP][PASSED] - x = x.substring(i1, x.length()): null

16-05-2025T10:11:02 - [TEST_STEP][PASSED] - println(x): null

16-05-2025T10:11:02 - [TEST_STEP][PASSED] - i1 = x.indexOf("/") + 1: null

16-05-2025T10:11:02 - [TEST_STEP][PASSED] - if (i1 > -1): null

16-05-2025T10:11:02 - [TEST_STEP][PASSED] - x = x.substring(i1, x.length()): null

16-05-2025T10:11:02 - [TEST_STEP][PASSED] - println(x): null

16-05-2025T10:11:02 - [TEST_STEP][PASSED] - i1 = x.indexOf("/"): null

16-05-2025T10:11:02 - [TEST_STEP][PASSED] - if (i1 > -1): null

16-05-2025T10:11:02 - [TEST_STEP][PASSED] - x = x.substring(0, i1): null

16-05-2025T10:11:02 - [TEST_STEP][PASSED] - println(x): null

16-05-2025T10:11:02 - [TEST_STEP][FAILED] - return x: null

16-05-2025T10:11:02 - [TEST_STEP][PASSED] - println(tabR + "/" + tabB): null

16-05-2025T10:11:02 - [TEST_STEP][FAILED] - if (verifyEqual(tabR, tabB) == false): null

16-05-2025T10:11:02 - [MESSAGE][FAILED] - Unable to verify equal between actual object '263872604' and expected object '224428885' (Root cause: com.kms.katalon.core.exception.StepFailedException: Actual object '263872604' and expected object '224428885' are not equal
	at com.kms.katalon.core.keyword.builtin.VerifyEqualKeyword$_verifyEqual_closure1.doCall(VerifyEqualKeyword.groovy:58)
	at com.kms.katalon.core.keyword.builtin.VerifyEqualKeyword$_verifyEqual_closure1.call(VerifyEqualKeyword.groovy)
	at com.kms.katalon.core.keyword.internal.KeywordMain.runKeyword(KeywordMain.groovy:75)
	at com.kms.katalon.core.keyword.builtin.VerifyEqualKeyword.verifyEqual(VerifyEqualKeyword.groovy:63)
	at com.kms.katalon.core.keyword.builtin.VerifyEqualKeyword.execute(VerifyEqualKeyword.groovy:44)
	at com.kms.katalon.core.keyword.internal.KeywordExecutor.executeKeywordForPlatform(KeywordExecutor.groovy:74)
	at com.kms.katalon.core.keyword.BuiltinKeywords.verifyEqual(BuiltinKeywords.groovy:146)
	at jdk.internal.reflect.GeneratedMethodAccessor24.invoke(Unknown Source)
	at java.base/jdk.internal.reflect.DelegatingMethodAccessorImpl.invoke(DelegatingMethodAccessorImpl.java:43)
	at Выполнение бизнес-плана сверка дашбордов.CompareDZOData(Выполнение бизнес-плана сверка дашбордов:758)
	at Выполнение бизнес-плана сверка дашбордов.run(Выполнение бизнес-плана сверка дашбордов:578)
	at com.kms.katalon.core.main.ScriptEngine.run(ScriptEngine.java:194)
	at com.kms.katalon.core.main.ScriptEngine.runScriptAsRawText(ScriptEngine.java:119)
	at com.kms.katalon.core.main.TestCaseExecutor.runScript(TestCaseExecutor.java:448)
	at com.kms.katalon.core.main.TestCaseExecutor.doExecute(TestCaseExecutor.java:439)
	at com.kms.katalon.core.main.TestCaseExecutor.processExecutionPhase(TestCaseExecutor.java:418)
	at com.kms.katalon.core.main.TestCaseExecutor.accessMainPhase(TestCaseExecutor.java:410)
	at com.kms.katalon.core.main.TestCaseExecutor.execute(TestCaseExecutor.java:285)
	at com.kms.katalon.core.common.CommonExecutor.accessTestCaseMainPhase(CommonExecutor.java:65)
	at com.kms.katalon.core.main.TestSuiteExecutor.accessTestSuiteMainPhase(TestSuiteExecutor.java:150)
	at com.kms.katalon.core.main.TestSuiteExecutor.execute(TestSuiteExecutor.java:106)
	at com.kms.katalon.core.main.TestCaseMain.startTestSuite(TestCaseMain.java:180)
	at TempTestSuite1747369435659.run(TempTestSuite1747369435659.groovy:35)
	at java.base/jdk.internal.reflect.NativeMethodAccessorImpl.invoke0(Native Method)
	at java.base/jdk.internal.reflect.NativeMethodAccessorImpl.invoke(NativeMethodAccessorImpl.java:77)
	at java.base/jdk.internal.reflect.DelegatingMethodAccessorImpl.invoke(DelegatingMethodAccessorImpl.java:43)
)

16-05-2025T10:11:02 - [TEST_STEP][PASSED] - result = WriteToExcel(typeOfData, todaysDate, PercPlanR, PercPlanB, PercFactR, PercFactB, x, tabR, tabB, o1R, o1B, vidget): null

16-05-2025T10:11:02 - [TEST_STEP][PASSED] - iii = dZO.indexOf("/"): null

16-05-2025T10:11:02 - [TEST_STEP][PASSED] - println(iii): null

16-05-2025T10:11:02 - [TEST_STEP][PASSED] - if (iii > -1): null

16-05-2025T10:11:02 - [TEST_STEP][PASSED] - dZO = dZO.substring(0, iii): null

16-05-2025T10:11:02 - [TEST_STEP][PASSED] - println(dZO): null

16-05-2025T10:11:02 - [TEST_STEP][PASSED] - println(PercPlanR): null

16-05-2025T10:11:02 - [TEST_STEP][PASSED] - println(PercPlanB): null

16-05-2025T10:11:02 - [TEST_STEP][PASSED] - println(PercFactR): null

16-05-2025T10:11:02 - [TEST_STEP][PASSED] - println(PercFactB): null

16-05-2025T10:11:02 - [TEST_STEP][PASSED] - println(tabR): null

16-05-2025T10:11:02 - [TEST_STEP][PASSED] - println(tabB): null

16-05-2025T10:11:02 - [TEST_STEP][PASSED] - println(o1R): null

16-05-2025T10:11:02 - [TEST_STEP][PASSED] - println(o1B): null

16-05-2025T10:11:02 - [TEST_STEP][PASSED] - PR = <not implemented yet for class: org.codehaus.groovy.ast.expr.EmptyExpression>: null

16-05-2025T10:11:02 - [TEST_STEP][PASSED] - FR = <not implemented yet for class: org.codehaus.groovy.ast.expr.EmptyExpression>: null

16-05-2025T10:11:02 - [TEST_STEP][PASSED] - PB = <not implemented yet for class: org.codehaus.groovy.ast.expr.EmptyExpression>: null

16-05-2025T10:11:02 - [TEST_STEP][PASSED] - FB = <not implemented yet for class: org.codehaus.groovy.ast.expr.EmptyExpression>: null

16-05-2025T10:11:02 - [TEST_STEP][PASSED] - TR = <not implemented yet for class: org.codehaus.groovy.ast.expr.EmptyExpression>: null

16-05-2025T10:11:02 - [TEST_STEP][PASSED] - TB = <not implemented yet for class: org.codehaus.groovy.ast.expr.EmptyExpression>: null

16-05-2025T10:11:02 - [TEST_STEP][PASSED] - sheetName = "Sheet1": null

16-05-2025T10:11:02 - [TEST_STEP][PASSED] - data = findTestData("PlanFact"): null

16-05-2025T10:11:02 - [TEST_STEP][PASSED] - n = data.getRowNumbers() + 1: null

16-05-2025T10:11:02 - [TEST_STEP][PASSED] - day = ")).toInteger(): null

16-05-2025T10:11:02 - [TEST_STEP][PASSED] - println(day): null

16-05-2025T10:11:02 - [TEST_STEP][PASSED] - month = ")).toInteger(): null

16-05-2025T10:11:02 - [TEST_STEP][PASSED] - println(month): null

16-05-2025T10:11:02 - [TEST_STEP][PASSED] - y = length()).toInteger(): null

16-05-2025T10:11:02 - [TEST_STEP][PASSED] - if (month < 3 && day < 30): null

16-05-2025T10:11:02 - [TEST_STEP][PASSED] - println(y): null

16-05-2025T10:11:02 - [TEST_STEP][PASSED] - m = getText(findTestObject("Выполнение бизнес-плана/Выполнение бизнес-плана Балансы/Фильтр Дата")): Text of object 'Object Repository/Выполнение бизнес-плана/Выполнение бизнес-плана Балансы/Фильтр Дата' is: '1 кв. 2025 года'

16-05-2025T10:11:02 - [MESSAGE][PASSED] - Text of object 'Object Repository/Выполнение бизнес-плана/Выполнение бизнес-плана Балансы/Фильтр Дата' is: '1 кв. 2025 года'

16-05-2025T10:11:02 - [TEST_STEP][PASSED] - if (toString().length() == 4): null

16-05-2025T10:11:02 - [TEST_STEP][PASSED] - m = m.substring(0, m.indexOf(y.toString())): null

16-05-2025T10:11:02 - [TEST_STEP][PASSED] - m = m.trim(): null

16-05-2025T10:11:02 - [TEST_STEP][PASSED] - if (m == ""): null

16-05-2025T10:11:02 - [TEST_STEP][PASSED] - dashboardName = "Выполнение бизнес-плана": null

16-05-2025T10:11:02 - [TEST_STEP][PASSED] - workbook01 = getWorkbook(excelFilePath): null

16-05-2025T10:11:02 - [TEST_STEP][PASSED] - sheet01 = getExcelSheet(workbook01, sheetName): null

16-05-2025T10:11:02 - [TEST_STEP][PASSED] - setValueToCellByIndex(sheet01, n, 0, dashboardName): null

16-05-2025T10:11:02 - [TEST_STEP][PASSED] - setValueToCellByIndex(sheet01, n, 1, dZO): null

16-05-2025T10:11:02 - [TEST_STEP][PASSED] - setValueToCellByIndex(sheet01, n, 2, typeOfData): null

16-05-2025T10:11:02 - [TEST_STEP][PASSED] - setValueToCellByIndex(sheet01, n, 3, typeOfData): null

16-05-2025T10:11:02 - [TEST_STEP][PASSED] - if (typeOfData == "План"): null

16-05-2025T10:11:02 - [TEST_STEP][PASSED] - else if (typeOfData == "Факт"): null

16-05-2025T10:11:02 - [TEST_STEP][PASSED] - else if (vidget.contains("электроэнергии") == true): null

16-05-2025T10:11:02 - [TEST_STEP][PASSED] - if (tabR == null): null

16-05-2025T10:11:02 - [TEST_STEP][PASSED] - else: null

16-05-2025T10:11:02 - [TEST_STEP][PASSED] - if (tabR == "нет данных"): null

16-05-2025T10:11:02 - [TEST_STEP][PASSED] - else: null

16-05-2025T10:11:02 - [TEST_STEP][PASSED] - TR = tabR.toInteger(): null

16-05-2025T10:11:02 - [TEST_STEP][PASSED] - setValueToCellByIndex(sheet01, n, 4, TR): null

16-05-2025T10:11:02 - [TEST_STEP][PASSED] - if (tabB == null): null

16-05-2025T10:11:02 - [TEST_STEP][PASSED] - else: null

16-05-2025T10:11:02 - [TEST_STEP][PASSED] - if (tabB == "нет данных"): null

16-05-2025T10:11:02 - [TEST_STEP][PASSED] - else: null

16-05-2025T10:11:02 - [TEST_STEP][PASSED] - TB = tabB.toInteger(): null

16-05-2025T10:11:02 - [TEST_STEP][PASSED] - setValueToCellByIndex(sheet01, n, 5, TB): null

16-05-2025T10:11:02 - [TEST_STEP][PASSED] - setValueToCellByIndex(sheet01, n, 6, m): null

16-05-2025T10:11:02 - [TEST_STEP][PASSED] - setValueToCellByIndex(sheet01, n, 7, y): null

16-05-2025T10:11:02 - [TEST_STEP][PASSED] - setValueToCellByIndex(sheet01, n, 8, todaysDate): null

16-05-2025T10:11:02 - [TEST_STEP][PASSED] - n = n + 1: null

16-05-2025T10:11:02 - [TEST_STEP][PASSED] - saveWorkbook(excelFilePath, workbook01): null

16-05-2025T10:11:02 - [TEST_STEP][PASSED] - typeOfData = "План Потери": null

16-05-2025T10:11:02 - [TEST_STEP][PASSED] - tabR = GetPPlanR(x = a): null

16-05-2025T10:11:02 - [TEST_STEP][PASSED] - i1 = <not implemented yet for class: org.codehaus.groovy.ast.expr.EmptyExpression>: null

16-05-2025T10:11:02 - [TEST_STEP][PASSED] - ii = <not implemented yet for class: org.codehaus.groovy.ast.expr.EmptyExpression>: null

16-05-2025T10:11:02 - [TEST_STEP][PASSED] - for ([ii = 1, ii < 9, (ii++)]): null

16-05-2025T10:11:02 - [TEST_STEP][PASSED] - i1 = x.indexOf("/") + 1: null

16-05-2025T10:11:02 - [TEST_STEP][PASSED] - if (i1 > -1): null

16-05-2025T10:11:02 - [TEST_STEP][PASSED] - x = x.substring(i1, x.length()): null

16-05-2025T10:11:02 - [TEST_STEP][PASSED] - println(x): null

16-05-2025T10:11:02 - [TEST_STEP][PASSED] - i1 = x.indexOf("/") + 1: null

16-05-2025T10:11:02 - [TEST_STEP][PASSED] - if (i1 > -1): null

16-05-2025T10:11:02 - [TEST_STEP][PASSED] - x = x.substring(i1, x.length()): null

16-05-2025T10:11:02 - [TEST_STEP][PASSED] - println(x): null

16-05-2025T10:11:02 - [TEST_STEP][PASSED] - i1 = x.indexOf("/") + 1: null

16-05-2025T10:11:02 - [TEST_STEP][PASSED] - if (i1 > -1): null

16-05-2025T10:11:02 - [TEST_STEP][PASSED] - x = x.substring(i1, x.length()): null

16-05-2025T10:11:02 - [TEST_STEP][PASSED] - println(x): null

16-05-2025T10:11:02 - [TEST_STEP][PASSED] - i1 = x.indexOf("/") + 1: null

16-05-2025T10:11:02 - [TEST_STEP][PASSED] - if (i1 > -1): null

16-05-2025T10:11:02 - [TEST_STEP][PASSED] - x = x.substring(i1, x.length()): null

16-05-2025T10:11:02 - [TEST_STEP][PASSED] - println(x): null

16-05-2025T10:11:02 - [TEST_STEP][PASSED] - i1 = x.indexOf("/") + 1: null

16-05-2025T10:11:02 - [TEST_STEP][PASSED] - if (i1 > -1): null

16-05-2025T10:11:02 - [TEST_STEP][PASSED] - x = x.substring(i1, x.length()): null

16-05-2025T10:11:02 - [TEST_STEP][PASSED] - println(x): null

16-05-2025T10:11:02 - [TEST_STEP][PASSED] - i1 = x.indexOf("/") + 1: null

16-05-2025T10:11:02 - [TEST_STEP][PASSED] - if (i1 > -1): null

16-05-2025T10:11:02 - [TEST_STEP][PASSED] - x = x.substring(i1, x.length()): null

16-05-2025T10:11:02 - [TEST_STEP][PASSED] - println(x): null

16-05-2025T10:11:02 - [TEST_STEP][PASSED] - i1 = x.indexOf("/") + 1: null

16-05-2025T10:11:02 - [TEST_STEP][PASSED] - if (i1 > -1): null

16-05-2025T10:11:02 - [TEST_STEP][PASSED] - x = x.substring(i1, x.length()): null

16-05-2025T10:11:02 - [TEST_STEP][PASSED] - println(x): null

16-05-2025T10:11:02 - [TEST_STEP][PASSED] - i1 = x.indexOf("/") + 1: null

16-05-2025T10:11:02 - [TEST_STEP][PASSED] - if (i1 > -1): null

16-05-2025T10:11:02 - [TEST_STEP][PASSED] - x = x.substring(i1, x.length()): null

16-05-2025T10:11:02 - [TEST_STEP][PASSED] - println(x): null

16-05-2025T10:11:02 - [TEST_STEP][PASSED] - i1 = x.indexOf("/"): null

16-05-2025T10:11:02 - [TEST_STEP][PASSED] - if (i1 > -1): null

16-05-2025T10:11:02 - [TEST_STEP][PASSED] - println(x): null

16-05-2025T10:11:02 - [TEST_STEP][PASSED] - return x: null

16-05-2025T10:11:02 - [TEST_STEP][PASSED] - tabB = GetPPlanB(x = b): null

16-05-2025T10:11:02 - [TEST_STEP][PASSED] - i1 = <not implemented yet for class: org.codehaus.groovy.ast.expr.EmptyExpression>: null

16-05-2025T10:11:02 - [TEST_STEP][PASSED] - ii = <not implemented yet for class: org.codehaus.groovy.ast.expr.EmptyExpression>: null

16-05-2025T10:11:02 - [TEST_STEP][PASSED] - for ([ii = 1, ii < 9, (ii++)]): null

16-05-2025T10:11:02 - [TEST_STEP][PASSED] - i1 = x.indexOf("/") + 1: null

16-05-2025T10:11:02 - [TEST_STEP][PASSED] - if (i1 > -1): null

16-05-2025T10:11:02 - [TEST_STEP][PASSED] - x = x.substring(i1, x.length()): null

16-05-2025T10:11:02 - [TEST_STEP][PASSED] - println(x): null

16-05-2025T10:11:02 - [TEST_STEP][PASSED] - i1 = x.indexOf("/") + 1: null

16-05-2025T10:11:02 - [TEST_STEP][PASSED] - if (i1 > -1): null

16-05-2025T10:11:02 - [TEST_STEP][PASSED] - x = x.substring(i1, x.length()): null

16-05-2025T10:11:02 - [TEST_STEP][PASSED] - println(x): null

16-05-2025T10:11:02 - [TEST_STEP][PASSED] - i1 = x.indexOf("/") + 1: null

16-05-2025T10:11:02 - [TEST_STEP][PASSED] - if (i1 > -1): null

16-05-2025T10:11:02 - [TEST_STEP][PASSED] - x = x.substring(i1, x.length()): null

16-05-2025T10:11:02 - [TEST_STEP][PASSED] - println(x): null

16-05-2025T10:11:02 - [TEST_STEP][PASSED] - i1 = x.indexOf("/") + 1: null

16-05-2025T10:11:02 - [TEST_STEP][PASSED] - if (i1 > -1): null

16-05-2025T10:11:02 - [TEST_STEP][PASSED] - x = x.substring(i1, x.length()): null

16-05-2025T10:11:02 - [TEST_STEP][PASSED] - println(x): null

16-05-2025T10:11:02 - [TEST_STEP][PASSED] - i1 = x.indexOf("/") + 1: null

16-05-2025T10:11:02 - [TEST_STEP][PASSED] - if (i1 > -1): null

16-05-2025T10:11:02 - [TEST_STEP][PASSED] - x = x.substring(i1, x.length()): null

16-05-2025T10:11:02 - [TEST_STEP][PASSED] - println(x): null

16-05-2025T10:11:02 - [TEST_STEP][PASSED] - i1 = x.indexOf("/") + 1: null

16-05-2025T10:11:02 - [TEST_STEP][PASSED] - if (i1 > -1): null

16-05-2025T10:11:02 - [TEST_STEP][PASSED] - x = x.substring(i1, x.length()): null

16-05-2025T10:11:02 - [TEST_STEP][PASSED] - println(x): null

16-05-2025T10:11:02 - [TEST_STEP][PASSED] - i1 = x.indexOf("/") + 1: null

16-05-2025T10:11:02 - [TEST_STEP][PASSED] - if (i1 > -1): null

16-05-2025T10:11:02 - [TEST_STEP][PASSED] - x = x.substring(i1, x.length()): null

16-05-2025T10:11:02 - [TEST_STEP][PASSED] - println(x): null

16-05-2025T10:11:02 - [TEST_STEP][PASSED] - i1 = x.indexOf("/") + 1: null

16-05-2025T10:11:02 - [TEST_STEP][PASSED] - if (i1 > -1): null

16-05-2025T10:11:02 - [TEST_STEP][PASSED] - x = x.substring(i1, x.length()): null

16-05-2025T10:11:02 - [TEST_STEP][PASSED] - println(x): null

16-05-2025T10:11:02 - [TEST_STEP][PASSED] - i1 = x.indexOf("/"): null

16-05-2025T10:11:02 - [TEST_STEP][PASSED] - if (i1 > -1): null

16-05-2025T10:11:02 - [TEST_STEP][PASSED] - println(x): null

16-05-2025T10:11:02 - [TEST_STEP][FAILED] - return x: null

16-05-2025T10:11:02 - [TEST_STEP][PASSED] - println(tabR + "/" + tabB): null

16-05-2025T10:11:02 - [TEST_STEP][FAILED] - if (verifyEqual(tabR, tabB) == false): null

16-05-2025T10:11:02 - [MESSAGE][FAILED] - Unable to verify equal between actual object '15749796' and expected object '11839383' (Root cause: com.kms.katalon.core.exception.StepFailedException: Actual object '15749796' and expected object '11839383' are not equal
	at com.kms.katalon.core.keyword.builtin.VerifyEqualKeyword$_verifyEqual_closure1.doCall(VerifyEqualKeyword.groovy:58)
	at com.kms.katalon.core.keyword.builtin.VerifyEqualKeyword$_verifyEqual_closure1.call(VerifyEqualKeyword.groovy)
	at com.kms.katalon.core.keyword.internal.KeywordMain.runKeyword(KeywordMain.groovy:75)
	at com.kms.katalon.core.keyword.builtin.VerifyEqualKeyword.verifyEqual(VerifyEqualKeyword.groovy:63)
	at com.kms.katalon.core.keyword.builtin.VerifyEqualKeyword.execute(VerifyEqualKeyword.groovy:44)
	at com.kms.katalon.core.keyword.internal.KeywordExecutor.executeKeywordForPlatform(KeywordExecutor.groovy:74)
	at com.kms.katalon.core.keyword.BuiltinKeywords.verifyEqual(BuiltinKeywords.groovy:146)
	at jdk.internal.reflect.GeneratedMethodAccessor24.invoke(Unknown Source)
	at java.base/jdk.internal.reflect.DelegatingMethodAccessorImpl.invoke(DelegatingMethodAccessorImpl.java:43)
	at Выполнение бизнес-плана сверка дашбордов.CompareDZOData(Выполнение бизнес-плана сверка дашбордов:771)
	at Выполнение бизнес-плана сверка дашбордов.run(Выполнение бизнес-плана сверка дашбордов:578)
	at com.kms.katalon.core.main.ScriptEngine.run(ScriptEngine.java:194)
	at com.kms.katalon.core.main.ScriptEngine.runScriptAsRawText(ScriptEngine.java:119)
	at com.kms.katalon.core.main.TestCaseExecutor.runScript(TestCaseExecutor.java:448)
	at com.kms.katalon.core.main.TestCaseExecutor.doExecute(TestCaseExecutor.java:439)
	at com.kms.katalon.core.main.TestCaseExecutor.processExecutionPhase(TestCaseExecutor.java:418)
	at com.kms.katalon.core.main.TestCaseExecutor.accessMainPhase(TestCaseExecutor.java:410)
	at com.kms.katalon.core.main.TestCaseExecutor.execute(TestCaseExecutor.java:285)
	at com.kms.katalon.core.common.CommonExecutor.accessTestCaseMainPhase(CommonExecutor.java:65)
	at com.kms.katalon.core.main.TestSuiteExecutor.accessTestSuiteMainPhase(TestSuiteExecutor.java:150)
	at com.kms.katalon.core.main.TestSuiteExecutor.execute(TestSuiteExecutor.java:106)
	at com.kms.katalon.core.main.TestCaseMain.startTestSuite(TestCaseMain.java:180)
	at TempTestSuite1747369435659.run(TempTestSuite1747369435659.groovy:35)
	at java.base/jdk.internal.reflect.NativeMethodAccessorImpl.invoke0(Native Method)
	at java.base/jdk.internal.reflect.NativeMethodAccessorImpl.invoke(NativeMethodAccessorImpl.java:77)
	at java.base/jdk.internal.reflect.DelegatingMethodAccessorImpl.invoke(DelegatingMethodAccessorImpl.java:43)
)

16-05-2025T10:11:02 - [TEST_STEP][PASSED] - result = WriteToExcel(typeOfData, todaysDate, PercPlanR, PercPlanB, PercFactR, PercFactB, x, tabR, tabB, o1R, o1B, vidget): null

16-05-2025T10:11:02 - [TEST_STEP][PASSED] - iii = dZO.indexOf("/"): null

16-05-2025T10:11:02 - [TEST_STEP][PASSED] - println(iii): null

16-05-2025T10:11:02 - [TEST_STEP][PASSED] - if (iii > -1): null

16-05-2025T10:11:02 - [TEST_STEP][PASSED] - dZO = dZO.substring(0, iii): null

16-05-2025T10:11:02 - [TEST_STEP][PASSED] - println(dZO): null

16-05-2025T10:11:02 - [TEST_STEP][PASSED] - println(PercPlanR): null

16-05-2025T10:11:02 - [TEST_STEP][PASSED] - println(PercPlanB): null

16-05-2025T10:11:02 - [TEST_STEP][PASSED] - println(PercFactR): null

16-05-2025T10:11:02 - [TEST_STEP][PASSED] - println(PercFactB): null

16-05-2025T10:11:02 - [TEST_STEP][PASSED] - println(tabR): null

16-05-2025T10:11:02 - [TEST_STEP][PASSED] - println(tabB): null

16-05-2025T10:11:02 - [TEST_STEP][PASSED] - println(o1R): null

16-05-2025T10:11:02 - [TEST_STEP][PASSED] - println(o1B): null

16-05-2025T10:11:02 - [TEST_STEP][PASSED] - PR = <not implemented yet for class: org.codehaus.groovy.ast.expr.EmptyExpression>: null

16-05-2025T10:11:02 - [TEST_STEP][PASSED] - FR = <not implemented yet for class: org.codehaus.groovy.ast.expr.EmptyExpression>: null

16-05-2025T10:11:02 - [TEST_STEP][PASSED] - PB = <not implemented yet for class: org.codehaus.groovy.ast.expr.EmptyExpression>: null

16-05-2025T10:11:02 - [TEST_STEP][PASSED] - FB = <not implemented yet for class: org.codehaus.groovy.ast.expr.EmptyExpression>: null

16-05-2025T10:11:02 - [TEST_STEP][PASSED] - TR = <not implemented yet for class: org.codehaus.groovy.ast.expr.EmptyExpression>: null

16-05-2025T10:11:02 - [TEST_STEP][PASSED] - TB = <not implemented yet for class: org.codehaus.groovy.ast.expr.EmptyExpression>: null

16-05-2025T10:11:02 - [TEST_STEP][PASSED] - sheetName = "Sheet1": null

16-05-2025T10:11:02 - [TEST_STEP][PASSED] - data = findTestData("PlanFact"): null

16-05-2025T10:11:02 - [TEST_STEP][PASSED] - n = data.getRowNumbers() + 1: null

16-05-2025T10:11:02 - [TEST_STEP][PASSED] - day = ")).toInteger(): null

16-05-2025T10:11:02 - [TEST_STEP][PASSED] - println(day): null

16-05-2025T10:11:02 - [TEST_STEP][PASSED] - month = ")).toInteger(): null

16-05-2025T10:11:02 - [TEST_STEP][PASSED] - println(month): null

16-05-2025T10:11:02 - [TEST_STEP][PASSED] - y = length()).toInteger(): null

16-05-2025T10:11:02 - [TEST_STEP][PASSED] - if (month < 3 && day < 30): null

16-05-2025T10:11:02 - [TEST_STEP][PASSED] - println(y): null

16-05-2025T10:11:02 - [TEST_STEP][PASSED] - m = getText(findTestObject("Выполнение бизнес-плана/Выполнение бизнес-плана Балансы/Фильтр Дата")): Text of object 'Object Repository/Выполнение бизнес-плана/Выполнение бизнес-плана Балансы/Фильтр Дата' is: '1 кв. 2025 года'

16-05-2025T10:11:03 - [MESSAGE][PASSED] - Text of object 'Object Repository/Выполнение бизнес-плана/Выполнение бизнес-плана Балансы/Фильтр Дата' is: '1 кв. 2025 года'

16-05-2025T10:11:03 - [TEST_STEP][PASSED] - if (toString().length() == 4): null

16-05-2025T10:11:03 - [TEST_STEP][PASSED] - m = m.substring(0, m.indexOf(y.toString())): null

16-05-2025T10:11:03 - [TEST_STEP][PASSED] - m = m.trim(): null

16-05-2025T10:11:03 - [TEST_STEP][PASSED] - if (m == ""): null

16-05-2025T10:11:03 - [TEST_STEP][PASSED] - dashboardName = "Выполнение бизнес-плана": null

16-05-2025T10:11:03 - [TEST_STEP][PASSED] - workbook01 = getWorkbook(excelFilePath): null

16-05-2025T10:11:03 - [TEST_STEP][PASSED] - sheet01 = getExcelSheet(workbook01, sheetName): null

16-05-2025T10:11:03 - [TEST_STEP][PASSED] - setValueToCellByIndex(sheet01, n, 0, dashboardName): null

16-05-2025T10:11:03 - [TEST_STEP][PASSED] - setValueToCellByIndex(sheet01, n, 1, dZO): null

16-05-2025T10:11:03 - [TEST_STEP][PASSED] - setValueToCellByIndex(sheet01, n, 2, typeOfData): null

16-05-2025T10:11:03 - [TEST_STEP][PASSED] - setValueToCellByIndex(sheet01, n, 3, typeOfData): null

16-05-2025T10:11:03 - [TEST_STEP][PASSED] - if (typeOfData == "План"): null

16-05-2025T10:11:03 - [TEST_STEP][PASSED] - else if (typeOfData == "Факт"): null

16-05-2025T10:11:03 - [TEST_STEP][PASSED] - else if (vidget.contains("электроэнергии") == true): null

16-05-2025T10:11:03 - [TEST_STEP][PASSED] - if (tabR == null): null

16-05-2025T10:11:03 - [TEST_STEP][PASSED] - else: null

16-05-2025T10:11:03 - [TEST_STEP][PASSED] - if (tabR == "нет данных"): null

16-05-2025T10:11:03 - [TEST_STEP][PASSED] - else: null

16-05-2025T10:11:03 - [TEST_STEP][PASSED] - TR = tabR.toInteger(): null

16-05-2025T10:11:03 - [TEST_STEP][PASSED] - setValueToCellByIndex(sheet01, n, 4, TR): null

16-05-2025T10:11:03 - [TEST_STEP][PASSED] - if (tabB == null): null

16-05-2025T10:11:03 - [TEST_STEP][PASSED] - else: null

16-05-2025T10:11:03 - [TEST_STEP][PASSED] - if (tabB == "нет данных"): null

16-05-2025T10:11:03 - [TEST_STEP][PASSED] - else: null

16-05-2025T10:11:03 - [TEST_STEP][PASSED] - TB = tabB.toInteger(): null

16-05-2025T10:11:03 - [TEST_STEP][PASSED] - setValueToCellByIndex(sheet01, n, 5, TB): null

16-05-2025T10:11:03 - [TEST_STEP][PASSED] - setValueToCellByIndex(sheet01, n, 6, m): null

16-05-2025T10:11:03 - [TEST_STEP][PASSED] - setValueToCellByIndex(sheet01, n, 7, y): null

16-05-2025T10:11:03 - [TEST_STEP][PASSED] - setValueToCellByIndex(sheet01, n, 8, todaysDate): null

16-05-2025T10:11:03 - [TEST_STEP][PASSED] - n = n + 1: null

16-05-2025T10:11:03 - [TEST_STEP][FAILED] - saveWorkbook(excelFilePath, workbook01): null

16-05-2025T10:11:03 - [TEST_STEP][PASSED] - ii2 = a.indexOf("ПАО"): null

16-05-2025T10:11:03 - [TEST_STEP][PASSED] - if (ii2 == -1): null

16-05-2025T10:11:03 - [TEST_STEP][PASSED] - if (verifyEqual(fR, fB) == false): Actual object 'Россети ФСК ЕЭС/3.79/3.84/164602454/158511723/6090730/167925540/161793849/6131691/-1.52' and expected object 'Россети ФСК ЕЭС/3.79/3.84/164602454/158511723/6090730/167925540/161793849/6131691/-1.52' are equal

16-05-2025T10:11:03 - [MESSAGE][PASSED] - Actual object 'Россети ФСК ЕЭС/3.79/3.84/164602454/158511723/6090730/167925540/161793849/6131691/-1.52' and expected object 'Россети ФСК ЕЭС/3.79/3.84/164602454/158511723/6090730/167925540/161793849/6131691/-1.52' are equal

16-05-2025T10:11:03 - [TEST_STEP][PASSED] - if (verifyEqual(tyR, tyB) == false): Actual object 'АО "Тываэнерго"/нет данных/нет данных/нет данных/нет данных/нет данных/нет данных/нет данных/нет данных/нет данных' and expected object 'АО "Тываэнерго"/нет данных/нет данных/нет данных/нет данных/нет данных/нет данных/нет данных/нет данных/нет данных' are equal

16-05-2025T10:11:03 - [MESSAGE][PASSED] - Actual object 'АО "Тываэнерго"/нет данных/нет данных/нет данных/нет данных/нет данных/нет данных/нет данных/нет данных/нет данных' and expected object 'АО "Тываэнерго"/нет данных/нет данных/нет данных/нет данных/нет данных/нет данных/нет данных/нет данных/нет данных' are equal

16-05-2025T10:11:03 - [TEST_STEP][PASSED] - if (verifyEqual(chR, chB) == false): Actual object 'Чеченэнергонет данных/нет данных/нет данных/нет данных/нет данных/нет данных/нет данных/нет данных/нет данных' and expected object 'Чеченэнергонет данных/нет данных/нет данных/нет данных/нет данных/нет данных/нет данных/нет данных/нет данных' are equal

16-05-2025T10:11:03 - [MESSAGE][PASSED] - Actual object 'Чеченэнергонет данных/нет данных/нет данных/нет данных/нет данных/нет данных/нет данных/нет данных/нет данных' and expected object 'Чеченэнергонет данных/нет данных/нет данных/нет данных/нет данных/нет данных/нет данных/нет данных/нет данных' are equal

16-05-2025T10:11:03 - [TEST_STEP][PASSED] - if (verifyEqual(vR, vB) == false): Actual object 'Россети Волга/7.22/6.22/4949974/4641851/308123/5172896/4799582/373314/-1.52' and expected object 'Россети Волга/7.22/6.22/4949974/4641851/308123/5172896/4799582/373314/-1.52' are equal

16-05-2025T10:11:03 - [MESSAGE][PASSED] - Actual object 'Россети Волга/7.22/6.22/4949974/4641851/308123/5172896/4799582/373314/-1.52' and expected object 'Россети Волга/7.22/6.22/4949974/4641851/308123/5172896/4799582/373314/-1.52' are equal

16-05-2025T10:11:03 - [TEST_STEP][PASSED] - if (verifyEqual(kR, kB) == false): Actual object 'Россети Кубань/нет данных/нет данных/нет данных/нет данных/нет данных/нет данных/нет данных/нет данных/нет данных' and expected object 'Россети Кубань/нет данных/нет данных/нет данных/нет данных/нет данных/нет данных/нет данных/нет данных/нет данных' are equal

16-05-2025T10:11:03 - [MESSAGE][PASSED] - Actual object 'Россети Кубань/нет данных/нет данных/нет данных/нет данных/нет данных/нет данных/нет данных/нет данных/нет данных' and expected object 'Россети Кубань/нет данных/нет данных/нет данных/нет данных/нет данных/нет данных/нет данных/нет данных/нет данных' are equal

16-05-2025T10:11:03 - [TEST_STEP][PASSED] - if (verifyEqual(lR, lB) == false): Actual object 'Россети Ленэнерго (ГК)/нет данных/нет данных/нет данных/нет данных/нет данных/нет данных/нет данных/нет данных/нет данных' and expected object 'Россети Ленэнерго (ГК)/нет данных/нет данных/нет данных/нет данных/нет данных/нет данных/нет данных/нет данных/нет данных' are equal

16-05-2025T10:11:03 - [MESSAGE][PASSED] - Actual object 'Россети Ленэнерго (ГК)/нет данных/нет данных/нет данных/нет данных/нет данных/нет данных/нет данных/нет данных/нет данных' and expected object 'Россети Ленэнерго (ГК)/нет данных/нет данных/нет данных/нет данных/нет данных/нет данных/нет данных/нет данных/нет данных' are equal

16-05-2025T10:11:03 - [TEST_STEP][PASSED] - if (verifyEqual(mR, mB) == false): Actual object 'Россети Московский регион/9.39/9.00/28695297/26113910/2581387/30256406/27414523/2841883/-1.52' and expected object 'Россети Московский регион/9.39/9.00/28695297/26113910/2581387/30256406/27414523/2841883/-1.52' are equal

16-05-2025T10:11:03 - [MESSAGE][PASSED] - Actual object 'Россети Московский регион/9.39/9.00/28695297/26113910/2581387/30256406/27414523/2841883/-1.52' and expected object 'Россети Московский регион/9.39/9.00/28695297/26113910/2581387/30256406/27414523/2841883/-1.52' are equal

16-05-2025T10:11:03 - [TEST_STEP][PASSED] - if (verifyEqual(sKR, sKB) == false): Actual object 'Россети Северный Кавказ (ГК)/нет данных/нет данных/нет данных/нет данных/нет данных/нет данных/нет данных/нет данных/нет данных' and expected object 'Россети Северный Кавказ (ГК)/нет данных/нет данных/нет данных/нет данных/нет данных/нет данных/нет данных/нет данных/нет данных' are equal

16-05-2025T10:11:03 - [MESSAGE][PASSED] - Actual object 'Россети Северный Кавказ (ГК)/нет данных/нет данных/нет данных/нет данных/нет данных/нет данных/нет данных/нет данных/нет данных' and expected object 'Россети Северный Кавказ (ГК)/нет данных/нет данных/нет данных/нет данных/нет данных/нет данных/нет данных/нет данных/нет данных' are equal

16-05-2025T10:11:03 - [TEST_STEP][PASSED] - if (verifyEqual(sZR, sZB) == false): Actual object 'Россети Северо-Запад/6.73/5.22/6258254/5931711/326542/6540566/6100575/439991/-1.52' and expected object 'Россети Северо-Запад/6.73/5.22/6258254/5931711/326542/6540566/6100575/439991/-1.52' are equal

16-05-2025T10:11:03 - [MESSAGE][PASSED] - Actual object 'Россети Северо-Запад/6.73/5.22/6258254/5931711/326542/6540566/6100575/439991/-1.52' and expected object 'Россети Северо-Запад/6.73/5.22/6258254/5931711/326542/6540566/6100575/439991/-1.52' are equal

16-05-2025T10:11:03 - [TEST_STEP][PASSED] - if (verifyEqual(siR, siB) == false): Actual object 'Россети Сибирь (ГК)/нет данных/нет данных/нет данных/нет данных/нет данных/нет данных/нет данных/нет данных/нет данных' and expected object 'Россети Сибирь (ГК)/нет данных/нет данных/нет данных/нет данных/нет данных/нет данных/нет данных/нет данных/нет данных' are equal

16-05-2025T10:11:03 - [MESSAGE][PASSED] - Actual object 'Россети Сибирь (ГК)/нет данных/нет данных/нет данных/нет данных/нет данных/нет данных/нет данных/нет данных/нет данных' and expected object 'Россети Сибирь (ГК)/нет данных/нет данных/нет данных/нет данных/нет данных/нет данных/нет данных/нет данных/нет данных' are equal

16-05-2025T10:11:03 - [TEST_STEP][PASSED] - if (verifyEqual(tomR, tomB) == false): Actual object 'Россети Томск/10.74/10.55/1364454/1220439/144015/1428476/1275060/153416/-1.52' and expected object 'Россети Томск/10.74/10.55/1364454/1220439/144015/1428476/1275060/153416/-1.52' are equal

16-05-2025T10:11:03 - [MESSAGE][PASSED] - Actual object 'Россети Томск/10.74/10.55/1364454/1220439/144015/1428476/1275060/153416/-1.52' and expected object 'Россети Томск/10.74/10.55/1364454/1220439/144015/1428476/1275060/153416/-1.52' are equal

16-05-2025T10:11:03 - [TEST_STEP][PASSED] - if (verifyEqual(tyumR, tyumB) == false): Actual object 'Россети Тюмень/нет данных/нет данных/нет данных/нет данных/нет данных/нет данных/нет данных/нет данных/нет данных' and expected object 'Россети Тюмень/нет данных/нет данных/нет данных/нет данных/нет данных/нет данных/нет данных/нет данных/нет данных' are equal

16-05-2025T10:11:03 - [MESSAGE][PASSED] - Actual object 'Россети Тюмень/нет данных/нет данных/нет данных/нет данных/нет данных/нет данных/нет данных/нет данных/нет данных' and expected object 'Россети Тюмень/нет данных/нет данных/нет данных/нет данных/нет данных/нет данных/нет данных/нет данных/нет данных' are equal

16-05-2025T10:11:03 - [TEST_STEP][FAILED] - if (verifyEqual(urR, urB) == false): null

16-05-2025T10:11:03 - [MESSAGE][FAILED] - Unable to verify equal between actual object 'Россети Урал (ГК)/6.88/6.63/19698947/18393144/1305803/20275424/18880336/1395088/-1.52' and expected object 'Россети Урал (ГК)/6.88/6.63/19698947/18393144/1305803/20275424/18878242/1397182/-1.52' (Root cause: com.kms.katalon.core.exception.StepFailedException: Actual object 'Россети Урал (ГК)/6.88/6.63/19698947/18393144/1305803/20275424/18880336/1395088/-1.52' and expected object 'Россети Урал (ГК)/6.88/6.63/19698947/18393144/1305803/20275424/18878242/1397182/-1.52' are not equal
	at com.kms.katalon.core.keyword.builtin.VerifyEqualKeyword$_verifyEqual_closure1.doCall(VerifyEqualKeyword.groovy:58)
	at com.kms.katalon.core.keyword.builtin.VerifyEqualKeyword$_verifyEqual_closure1.call(VerifyEqualKeyword.groovy)
	at com.kms.katalon.core.keyword.internal.KeywordMain.runKeyword(KeywordMain.groovy:75)
	at com.kms.katalon.core.keyword.builtin.VerifyEqualKeyword.verifyEqual(VerifyEqualKeyword.groovy:63)
	at com.kms.katalon.core.keyword.builtin.VerifyEqualKeyword.execute(VerifyEqualKeyword.groovy:44)
	at com.kms.katalon.core.keyword.internal.KeywordExecutor.executeKeywordForPlatform(KeywordExecutor.groovy:74)
	at com.kms.katalon.core.keyword.BuiltinKeywords.verifyEqual(BuiltinKeywords.groovy:146)
	at jdk.internal.reflect.GeneratedMethodAccessor24.invoke(Unknown Source)
	at java.base/jdk.internal.reflect.DelegatingMethodAccessorImpl.invoke(DelegatingMethodAccessorImpl.java:43)
	at Выполнение бизнес-плана сверка дашбордов.run(Выполнение бизнес-плана сверка дашбордов:642)
	at com.kms.katalon.core.main.ScriptEngine.run(ScriptEngine.java:194)
	at com.kms.katalon.core.main.ScriptEngine.runScriptAsRawText(ScriptEngine.java:119)
	at com.kms.katalon.core.main.TestCaseExecutor.runScript(TestCaseExecutor.java:448)
	at com.kms.katalon.core.main.TestCaseExecutor.doExecute(TestCaseExecutor.java:439)
	at com.kms.katalon.core.main.TestCaseExecutor.processExecutionPhase(TestCaseExecutor.java:418)
	at com.kms.katalon.core.main.TestCaseExecutor.accessMainPhase(TestCaseExecutor.java:410)
	at com.kms.katalon.core.main.TestCaseExecutor.execute(TestCaseExecutor.java:285)
	at com.kms.katalon.core.common.CommonExecutor.accessTestCaseMainPhase(CommonExecutor.java:65)
	at com.kms.katalon.core.main.TestSuiteExecutor.accessTestSuiteMainPhase(TestSuiteExecutor.java:150)
	at com.kms.katalon.core.main.TestSuiteExecutor.execute(TestSuiteExecutor.java:106)
	at com.kms.katalon.core.main.TestCaseMain.startTestSuite(TestCaseMain.java:180)
	at TempTestSuite1747369435659.run(TempTestSuite1747369435659.groovy:35)
	at java.base/jdk.internal.reflect.NativeMethodAccessorImpl.invoke0(Native Method)
	at java.base/jdk.internal.reflect.NativeMethodAccessorImpl.invoke(NativeMethodAccessorImpl.java:77)
	at java.base/jdk.internal.reflect.DelegatingMethodAccessorImpl.invoke(DelegatingMethodAccessorImpl.java:43)
)

16-05-2025T10:11:03 - [TEST_STEP][PASSED] - result = CompareDZOData(a = urR, b = urB, dZO, typeOfData, PercPlanR, PercPlanB, PercFactR, PercFactB, todaysDate, x, vidget, tabR, tabB, o1R, o1B): null

16-05-2025T10:11:03 - [TEST_STEP][PASSED] - ii2 = <not implemented yet for class: org.codehaus.groovy.ast.expr.EmptyExpression>: null

16-05-2025T10:11:03 - [TEST_STEP][FAILED] - if (verifyEqual(a, b) == false): null

16-05-2025T10:11:03 - [MESSAGE][FAILED] - Unable to verify equal between actual object 'Россети Урал (ГК)/6.88/6.63/19698947/18393144/1305803/20275424/18880336/1395088/-1.52' and expected object 'Россети Урал (ГК)/6.88/6.63/19698947/18393144/1305803/20275424/18878242/1397182/-1.52' (Root cause: com.kms.katalon.core.exception.StepFailedException: Actual object 'Россети Урал (ГК)/6.88/6.63/19698947/18393144/1305803/20275424/18880336/1395088/-1.52' and expected object 'Россети Урал (ГК)/6.88/6.63/19698947/18393144/1305803/20275424/18878242/1397182/-1.52' are not equal
	at com.kms.katalon.core.keyword.builtin.VerifyEqualKeyword$_verifyEqual_closure1.doCall(VerifyEqualKeyword.groovy:58)
	at com.kms.katalon.core.keyword.builtin.VerifyEqualKeyword$_verifyEqual_closure1.call(VerifyEqualKeyword.groovy)
	at com.kms.katalon.core.keyword.internal.KeywordMain.runKeyword(KeywordMain.groovy:75)
	at com.kms.katalon.core.keyword.builtin.VerifyEqualKeyword.verifyEqual(VerifyEqualKeyword.groovy:63)
	at com.kms.katalon.core.keyword.builtin.VerifyEqualKeyword.execute(VerifyEqualKeyword.groovy:44)
	at com.kms.katalon.core.keyword.internal.KeywordExecutor.executeKeywordForPlatform(KeywordExecutor.groovy:74)
	at com.kms.katalon.core.keyword.BuiltinKeywords.verifyEqual(BuiltinKeywords.groovy:146)
	at jdk.internal.reflect.GeneratedMethodAccessor24.invoke(Unknown Source)
	at java.base/jdk.internal.reflect.DelegatingMethodAccessorImpl.invoke(DelegatingMethodAccessorImpl.java:43)
	at Выполнение бизнес-плана сверка дашбордов.CompareDZOData(Выполнение бизнес-плана сверка дашбордов:673)
	at Выполнение бизнес-плана сверка дашбордов.run(Выполнение бизнес-плана сверка дашбордов:643)
	at com.kms.katalon.core.main.ScriptEngine.run(ScriptEngine.java:194)
	at com.kms.katalon.core.main.ScriptEngine.runScriptAsRawText(ScriptEngine.java:119)
	at com.kms.katalon.core.main.TestCaseExecutor.runScript(TestCaseExecutor.java:448)
	at com.kms.katalon.core.main.TestCaseExecutor.doExecute(TestCaseExecutor.java:439)
	at com.kms.katalon.core.main.TestCaseExecutor.processExecutionPhase(TestCaseExecutor.java:418)
	at com.kms.katalon.core.main.TestCaseExecutor.accessMainPhase(TestCaseExecutor.java:410)
	at com.kms.katalon.core.main.TestCaseExecutor.execute(TestCaseExecutor.java:285)
	at com.kms.katalon.core.common.CommonExecutor.accessTestCaseMainPhase(CommonExecutor.java:65)
	at com.kms.katalon.core.main.TestSuiteExecutor.accessTestSuiteMainPhase(TestSuiteExecutor.java:150)
	at com.kms.katalon.core.main.TestSuiteExecutor.execute(TestSuiteExecutor.java:106)
	at com.kms.katalon.core.main.TestCaseMain.startTestSuite(TestCaseMain.java:180)
	at TempTestSuite1747369435659.run(TempTestSuite1747369435659.groovy:35)
	at java.base/jdk.internal.reflect.NativeMethodAccessorImpl.invoke0(Native Method)
	at java.base/jdk.internal.reflect.NativeMethodAccessorImpl.invoke(NativeMethodAccessorImpl.java:77)
	at java.base/jdk.internal.reflect.DelegatingMethodAccessorImpl.invoke(DelegatingMethodAccessorImpl.java:43)
)

16-05-2025T10:11:03 - [TEST_STEP][PASSED] - vidget = "Уровень потерь электроэнергии": null

16-05-2025T10:11:03 - [TEST_STEP][PASSED] - typeOfData = "План": null

16-05-2025T10:11:03 - [TEST_STEP][PASSED] - PercPlanR = GetPercPlanR(x = a): null

16-05-2025T10:11:03 - [TEST_STEP][PASSED] - i1 = <not implemented yet for class: org.codehaus.groovy.ast.expr.EmptyExpression>: null

16-05-2025T10:11:03 - [TEST_STEP][PASSED] - i1 = x.indexOf("/") + 1: null

16-05-2025T10:11:03 - [TEST_STEP][PASSED] - if (i1 > -1): null

16-05-2025T10:11:03 - [TEST_STEP][PASSED] - x = x.substring(i1, x.length()): null

16-05-2025T10:11:03 - [TEST_STEP][PASSED] - i1 = x.indexOf("/"): null

16-05-2025T10:11:03 - [TEST_STEP][PASSED] - if (i1 > -1): null

16-05-2025T10:11:03 - [TEST_STEP][PASSED] - x = x.substring(0, i1): null

16-05-2025T10:11:03 - [TEST_STEP][PASSED] - return x: null

16-05-2025T10:11:03 - [TEST_STEP][PASSED] - PercPlanB = GetPercPlanB(x = b): null

16-05-2025T10:11:03 - [TEST_STEP][PASSED] - i1 = <not implemented yet for class: org.codehaus.groovy.ast.expr.EmptyExpression>: null

16-05-2025T10:11:03 - [TEST_STEP][PASSED] - i1 = x.indexOf("/") + 1: null

16-05-2025T10:11:03 - [TEST_STEP][PASSED] - if (i1 > -1): null

16-05-2025T10:11:03 - [TEST_STEP][PASSED] - x = x.substring(i1, x.length()): null

16-05-2025T10:11:03 - [TEST_STEP][PASSED] - i1 = x.indexOf("/"): null

16-05-2025T10:11:03 - [TEST_STEP][PASSED] - if (i1 > -1): null

16-05-2025T10:11:03 - [TEST_STEP][PASSED] - x = x.substring(0, i1): null

16-05-2025T10:11:03 - [TEST_STEP][PASSED] - return x: null

16-05-2025T10:11:03 - [TEST_STEP][PASSED] - if (verifyEqual(PercPlanR, PercPlanB) == false): Actual object '6.88' and expected object '6.88' are equal

16-05-2025T10:11:03 - [MESSAGE][PASSED] - Actual object '6.88' and expected object '6.88' are equal

16-05-2025T10:11:03 - [TEST_STEP][PASSED] - typeOfData = "Факт": null

16-05-2025T10:11:03 - [TEST_STEP][PASSED] - PercFactR = GetPercFactR(x = a): null

16-05-2025T10:11:03 - [TEST_STEP][PASSED] - i1 = <not implemented yet for class: org.codehaus.groovy.ast.expr.EmptyExpression>: null

16-05-2025T10:11:03 - [TEST_STEP][PASSED] - ii = <not implemented yet for class: org.codehaus.groovy.ast.expr.EmptyExpression>: null

16-05-2025T10:11:03 - [TEST_STEP][PASSED] - for ([ii = 1, ii < 3, (ii++)]): null

16-05-2025T10:11:03 - [TEST_STEP][PASSED] - i1 = x.indexOf("/") + 1: null

16-05-2025T10:11:03 - [TEST_STEP][PASSED] - if (i1 > -1): null

16-05-2025T10:11:03 - [TEST_STEP][PASSED] - x = x.substring(i1, x.length()): null

16-05-2025T10:11:03 - [TEST_STEP][PASSED] - println(x): null

16-05-2025T10:11:03 - [TEST_STEP][PASSED] - i1 = x.indexOf("/") + 1: null

16-05-2025T10:11:03 - [TEST_STEP][PASSED] - if (i1 > -1): null

16-05-2025T10:11:03 - [TEST_STEP][PASSED] - x = x.substring(i1, x.length()): null

16-05-2025T10:11:03 - [TEST_STEP][PASSED] - println(x): null

16-05-2025T10:11:03 - [TEST_STEP][PASSED] - i1 = x.indexOf("/"): null

16-05-2025T10:11:03 - [TEST_STEP][PASSED] - if (i1 > -1): null

16-05-2025T10:11:03 - [TEST_STEP][PASSED] - x = x.substring(0, i1): null

16-05-2025T10:11:03 - [TEST_STEP][PASSED] - println(x): null

16-05-2025T10:11:03 - [TEST_STEP][PASSED] - return x: null

16-05-2025T10:11:03 - [TEST_STEP][PASSED] - PercFactB = GetPercFactB(x = b): null

16-05-2025T10:11:03 - [TEST_STEP][PASSED] - i1 = <not implemented yet for class: org.codehaus.groovy.ast.expr.EmptyExpression>: null

16-05-2025T10:11:03 - [TEST_STEP][PASSED] - ii = <not implemented yet for class: org.codehaus.groovy.ast.expr.EmptyExpression>: null

16-05-2025T10:11:03 - [TEST_STEP][PASSED] - for ([ii = 1, ii < 3, (ii++)]): null

16-05-2025T10:11:03 - [TEST_STEP][PASSED] - i1 = x.indexOf("/") + 1: null

16-05-2025T10:11:03 - [TEST_STEP][PASSED] - if (i1 > -1): null

16-05-2025T10:11:03 - [TEST_STEP][PASSED] - x = x.substring(i1, x.length()): null

16-05-2025T10:11:03 - [TEST_STEP][PASSED] - println(x): null

16-05-2025T10:11:03 - [TEST_STEP][PASSED] - i1 = x.indexOf("/") + 1: null

16-05-2025T10:11:03 - [TEST_STEP][PASSED] - if (i1 > -1): null

16-05-2025T10:11:03 - [TEST_STEP][PASSED] - x = x.substring(i1, x.length()): null

16-05-2025T10:11:03 - [TEST_STEP][PASSED] - println(x): null

16-05-2025T10:11:03 - [TEST_STEP][PASSED] - i1 = x.indexOf("/"): null

16-05-2025T10:11:03 - [TEST_STEP][PASSED] - if (i1 > -1): null

16-05-2025T10:11:03 - [TEST_STEP][PASSED] - x = x.substring(0, i1): null

16-05-2025T10:11:03 - [TEST_STEP][PASSED] - println(x): null

16-05-2025T10:11:03 - [TEST_STEP][PASSED] - return x: null

16-05-2025T10:11:03 - [TEST_STEP][PASSED] - if (verifyEqual(PercFactR, PercFactB) == false): Actual object '6.63' and expected object '6.63' are equal

16-05-2025T10:11:03 - [MESSAGE][PASSED] - Actual object '6.63' and expected object '6.63' are equal

16-05-2025T10:11:03 - [TEST_STEP][PASSED] - vidget = "Показатели баланса электроэнергии по ДЗО – Факт": null

16-05-2025T10:11:03 - [TEST_STEP][PASSED] - typeOfData = "Факт Отпуск в сеть": null

16-05-2025T10:11:03 - [TEST_STEP][PASSED] - tabR = GetOvSFactR(x = a): null

16-05-2025T10:11:03 - [TEST_STEP][PASSED] - i1 = <not implemented yet for class: org.codehaus.groovy.ast.expr.EmptyExpression>: null

16-05-2025T10:11:03 - [TEST_STEP][PASSED] - ii = <not implemented yet for class: org.codehaus.groovy.ast.expr.EmptyExpression>: null

16-05-2025T10:11:03 - [TEST_STEP][PASSED] - for ([ii = 1, ii < 4, (ii++)]): null

16-05-2025T10:11:03 - [TEST_STEP][PASSED] - i1 = x.indexOf("/") + 1: null

16-05-2025T10:11:03 - [TEST_STEP][PASSED] - if (i1 > -1): null

16-05-2025T10:11:03 - [TEST_STEP][PASSED] - x = x.substring(i1, x.length()): null

16-05-2025T10:11:03 - [TEST_STEP][PASSED] - println(x): null

16-05-2025T10:11:03 - [TEST_STEP][PASSED] - i1 = x.indexOf("/") + 1: null

16-05-2025T10:11:03 - [TEST_STEP][PASSED] - if (i1 > -1): null

16-05-2025T10:11:03 - [TEST_STEP][PASSED] - x = x.substring(i1, x.length()): null

16-05-2025T10:11:03 - [TEST_STEP][PASSED] - println(x): null

16-05-2025T10:11:03 - [TEST_STEP][PASSED] - i1 = x.indexOf("/") + 1: null

16-05-2025T10:11:03 - [TEST_STEP][PASSED] - if (i1 > -1): null

16-05-2025T10:11:03 - [TEST_STEP][PASSED] - x = x.substring(i1, x.length()): null

16-05-2025T10:11:03 - [TEST_STEP][PASSED] - println(x): null

16-05-2025T10:11:03 - [TEST_STEP][PASSED] - i1 = x.indexOf("/"): null

16-05-2025T10:11:03 - [TEST_STEP][PASSED] - if (i1 > -1): null

16-05-2025T10:11:03 - [TEST_STEP][PASSED] - x = x.substring(0, i1): null

16-05-2025T10:11:03 - [TEST_STEP][PASSED] - println(x): null

16-05-2025T10:11:03 - [TEST_STEP][PASSED] - return x: null

16-05-2025T10:11:03 - [TEST_STEP][PASSED] - tabB = GetOvSFactB(x = b): null

16-05-2025T10:11:03 - [TEST_STEP][PASSED] - i1 = <not implemented yet for class: org.codehaus.groovy.ast.expr.EmptyExpression>: null

16-05-2025T10:11:03 - [TEST_STEP][PASSED] - ii = <not implemented yet for class: org.codehaus.groovy.ast.expr.EmptyExpression>: null

16-05-2025T10:11:03 - [TEST_STEP][PASSED] - for ([ii = 1, ii < 4, (ii++)]): null

16-05-2025T10:11:03 - [TEST_STEP][PASSED] - i1 = x.indexOf("/") + 1: null

16-05-2025T10:11:03 - [TEST_STEP][PASSED] - if (i1 > -1): null

16-05-2025T10:11:03 - [TEST_STEP][PASSED] - x = x.substring(i1, x.length()): null

16-05-2025T10:11:03 - [TEST_STEP][PASSED] - println(x): null

16-05-2025T10:11:03 - [TEST_STEP][PASSED] - i1 = x.indexOf("/") + 1: null

16-05-2025T10:11:03 - [TEST_STEP][PASSED] - if (i1 > -1): null

16-05-2025T10:11:03 - [TEST_STEP][PASSED] - x = x.substring(i1, x.length()): null

16-05-2025T10:11:03 - [TEST_STEP][PASSED] - println(x): null

16-05-2025T10:11:03 - [TEST_STEP][PASSED] - i1 = x.indexOf("/") + 1: null

16-05-2025T10:11:03 - [TEST_STEP][PASSED] - if (i1 > -1): null

16-05-2025T10:11:03 - [TEST_STEP][PASSED] - x = x.substring(i1, x.length()): null

16-05-2025T10:11:03 - [TEST_STEP][PASSED] - println(x): null

16-05-2025T10:11:03 - [TEST_STEP][PASSED] - i1 = x.indexOf("/"): null

16-05-2025T10:11:03 - [TEST_STEP][PASSED] - if (i1 > -1): null

16-05-2025T10:11:03 - [TEST_STEP][PASSED] - x = x.substring(0, i1): null

16-05-2025T10:11:03 - [TEST_STEP][PASSED] - println(x): null

16-05-2025T10:11:03 - [TEST_STEP][PASSED] - return x: null

16-05-2025T10:11:03 - [TEST_STEP][PASSED] - if (verifyEqual(tabR, tabB) == false): Actual object '19698947' and expected object '19698947' are equal

16-05-2025T10:11:03 - [MESSAGE][PASSED] - Actual object '19698947' and expected object '19698947' are equal

16-05-2025T10:11:03 - [TEST_STEP][PASSED] - typeOfData = "Факт Отпуск из сети": null

16-05-2025T10:11:03 - [TEST_STEP][PASSED] - tabR = GetOiSFactR(x = a): null

16-05-2025T10:11:03 - [TEST_STEP][PASSED] - i1 = <not implemented yet for class: org.codehaus.groovy.ast.expr.EmptyExpression>: null

16-05-2025T10:11:03 - [TEST_STEP][PASSED] - ii = <not implemented yet for class: org.codehaus.groovy.ast.expr.EmptyExpression>: null

16-05-2025T10:11:03 - [TEST_STEP][PASSED] - for ([ii = 1, ii < 5, (ii++)]): null

16-05-2025T10:11:03 - [TEST_STEP][PASSED] - i1 = x.indexOf("/") + 1: null

16-05-2025T10:11:03 - [TEST_STEP][PASSED] - if (i1 > -1): null

16-05-2025T10:11:03 - [TEST_STEP][PASSED] - x = x.substring(i1, x.length()): null

16-05-2025T10:11:03 - [TEST_STEP][PASSED] - println(x): null

16-05-2025T10:11:03 - [TEST_STEP][PASSED] - i1 = x.indexOf("/") + 1: null

16-05-2025T10:11:03 - [TEST_STEP][PASSED] - if (i1 > -1): null

16-05-2025T10:11:03 - [TEST_STEP][PASSED] - x = x.substring(i1, x.length()): null

16-05-2025T10:11:03 - [TEST_STEP][PASSED] - println(x): null

16-05-2025T10:11:03 - [TEST_STEP][PASSED] - i1 = x.indexOf("/") + 1: null

16-05-2025T10:11:03 - [TEST_STEP][PASSED] - if (i1 > -1): null

16-05-2025T10:11:03 - [TEST_STEP][PASSED] - x = x.substring(i1, x.length()): null

16-05-2025T10:11:03 - [TEST_STEP][PASSED] - println(x): null

16-05-2025T10:11:03 - [TEST_STEP][PASSED] - i1 = x.indexOf("/") + 1: null

16-05-2025T10:11:03 - [TEST_STEP][PASSED] - if (i1 > -1): null

16-05-2025T10:11:03 - [TEST_STEP][PASSED] - x = x.substring(i1, x.length()): null

16-05-2025T10:11:03 - [TEST_STEP][PASSED] - println(x): null

16-05-2025T10:11:03 - [TEST_STEP][PASSED] - i1 = x.indexOf("/"): null

16-05-2025T10:11:03 - [TEST_STEP][PASSED] - if (i1 > -1): null

16-05-2025T10:11:03 - [TEST_STEP][PASSED] - x = x.substring(0, i1): null

16-05-2025T10:11:03 - [TEST_STEP][PASSED] - println(x): null

16-05-2025T10:11:03 - [TEST_STEP][PASSED] - return x: null

16-05-2025T10:11:03 - [TEST_STEP][PASSED] - tabB = GetOiSFactB(x = b): null

16-05-2025T10:11:03 - [TEST_STEP][PASSED] - i1 = <not implemented yet for class: org.codehaus.groovy.ast.expr.EmptyExpression>: null

16-05-2025T10:11:03 - [TEST_STEP][PASSED] - ii = <not implemented yet for class: org.codehaus.groovy.ast.expr.EmptyExpression>: null

16-05-2025T10:11:03 - [TEST_STEP][PASSED] - for ([ii = 1, ii < 5, (ii++)]): null

16-05-2025T10:11:03 - [TEST_STEP][PASSED] - i1 = x.indexOf("/") + 1: null

16-05-2025T10:11:03 - [TEST_STEP][PASSED] - if (i1 > -1): null

16-05-2025T10:11:03 - [TEST_STEP][PASSED] - x = x.substring(i1, x.length()): null

16-05-2025T10:11:03 - [TEST_STEP][PASSED] - println(x): null

16-05-2025T10:11:03 - [TEST_STEP][PASSED] - i1 = x.indexOf("/") + 1: null

16-05-2025T10:11:03 - [TEST_STEP][PASSED] - if (i1 > -1): null

16-05-2025T10:11:03 - [TEST_STEP][PASSED] - x = x.substring(i1, x.length()): null

16-05-2025T10:11:03 - [TEST_STEP][PASSED] - println(x): null

16-05-2025T10:11:03 - [TEST_STEP][PASSED] - i1 = x.indexOf("/") + 1: null

16-05-2025T10:11:03 - [TEST_STEP][PASSED] - if (i1 > -1): null

16-05-2025T10:11:03 - [TEST_STEP][PASSED] - x = x.substring(i1, x.length()): null

16-05-2025T10:11:03 - [TEST_STEP][PASSED] - println(x): null

16-05-2025T10:11:03 - [TEST_STEP][PASSED] - i1 = x.indexOf("/") + 1: null

16-05-2025T10:11:03 - [TEST_STEP][PASSED] - if (i1 > -1): null

16-05-2025T10:11:03 - [TEST_STEP][PASSED] - x = x.substring(i1, x.length()): null

16-05-2025T10:11:03 - [TEST_STEP][PASSED] - println(x): null

16-05-2025T10:11:03 - [TEST_STEP][PASSED] - i1 = x.indexOf("/"): null

16-05-2025T10:11:03 - [TEST_STEP][PASSED] - if (i1 > -1): null

16-05-2025T10:11:03 - [TEST_STEP][PASSED] - x = x.substring(0, i1): null

16-05-2025T10:11:03 - [TEST_STEP][PASSED] - println(x): null

16-05-2025T10:11:03 - [TEST_STEP][PASSED] - return x: null

16-05-2025T10:11:03 - [TEST_STEP][PASSED] - if (verifyEqual(tabR, tabB) == false): Actual object '18393144' and expected object '18393144' are equal

16-05-2025T10:11:03 - [MESSAGE][PASSED] - Actual object '18393144' and expected object '18393144' are equal

16-05-2025T10:11:03 - [TEST_STEP][PASSED] - typeOfData = "Факт Потери": null

16-05-2025T10:11:03 - [TEST_STEP][PASSED] - tabR = GetPFactR(x = a): null

16-05-2025T10:11:03 - [TEST_STEP][PASSED] - i1 = <not implemented yet for class: org.codehaus.groovy.ast.expr.EmptyExpression>: null

16-05-2025T10:11:03 - [TEST_STEP][PASSED] - ii = <not implemented yet for class: org.codehaus.groovy.ast.expr.EmptyExpression>: null

16-05-2025T10:11:03 - [TEST_STEP][PASSED] - for ([ii = 1, ii < 6, (ii++)]): null

16-05-2025T10:11:03 - [TEST_STEP][PASSED] - i1 = x.indexOf("/") + 1: null

16-05-2025T10:11:03 - [TEST_STEP][PASSED] - if (i1 > -1): null

16-05-2025T10:11:03 - [TEST_STEP][PASSED] - x = x.substring(i1, x.length()): null

16-05-2025T10:11:03 - [TEST_STEP][PASSED] - println(x): null

16-05-2025T10:11:03 - [TEST_STEP][PASSED] - i1 = x.indexOf("/") + 1: null

16-05-2025T10:11:03 - [TEST_STEP][PASSED] - if (i1 > -1): null

16-05-2025T10:11:03 - [TEST_STEP][PASSED] - x = x.substring(i1, x.length()): null

16-05-2025T10:11:03 - [TEST_STEP][PASSED] - println(x): null

16-05-2025T10:11:03 - [TEST_STEP][PASSED] - i1 = x.indexOf("/") + 1: null

16-05-2025T10:11:03 - [TEST_STEP][PASSED] - if (i1 > -1): null

16-05-2025T10:11:03 - [TEST_STEP][PASSED] - x = x.substring(i1, x.length()): null

16-05-2025T10:11:03 - [TEST_STEP][PASSED] - println(x): null

16-05-2025T10:11:03 - [TEST_STEP][PASSED] - i1 = x.indexOf("/") + 1: null

16-05-2025T10:11:03 - [TEST_STEP][PASSED] - if (i1 > -1): null

16-05-2025T10:11:03 - [TEST_STEP][PASSED] - x = x.substring(i1, x.length()): null

16-05-2025T10:11:03 - [TEST_STEP][PASSED] - println(x): null

16-05-2025T10:11:03 - [TEST_STEP][PASSED] - i1 = x.indexOf("/") + 1: null

16-05-2025T10:11:03 - [TEST_STEP][PASSED] - if (i1 > -1): null

16-05-2025T10:11:03 - [TEST_STEP][PASSED] - x = x.substring(i1, x.length()): null

16-05-2025T10:11:03 - [TEST_STEP][PASSED] - println(x): null

16-05-2025T10:11:03 - [TEST_STEP][PASSED] - i1 = x.indexOf("/"): null

16-05-2025T10:11:03 - [TEST_STEP][PASSED] - if (i1 > -1): null

16-05-2025T10:11:03 - [TEST_STEP][PASSED] - x = x.substring(0, i1): null

16-05-2025T10:11:03 - [TEST_STEP][PASSED] - println(x): null

16-05-2025T10:11:03 - [TEST_STEP][PASSED] - return x: null

16-05-2025T10:11:03 - [TEST_STEP][PASSED] - tabB = GetPFactB(x = b): null

16-05-2025T10:11:03 - [TEST_STEP][PASSED] - i1 = <not implemented yet for class: org.codehaus.groovy.ast.expr.EmptyExpression>: null

16-05-2025T10:11:03 - [TEST_STEP][PASSED] - ii = <not implemented yet for class: org.codehaus.groovy.ast.expr.EmptyExpression>: null

16-05-2025T10:11:03 - [TEST_STEP][PASSED] - for ([ii = 1, ii < 6, (ii++)]): null

16-05-2025T10:11:03 - [TEST_STEP][PASSED] - i1 = x.indexOf("/") + 1: null

16-05-2025T10:11:03 - [TEST_STEP][PASSED] - if (i1 > -1): null

16-05-2025T10:11:03 - [TEST_STEP][PASSED] - x = x.substring(i1, x.length()): null

16-05-2025T10:11:03 - [TEST_STEP][PASSED] - println(x): null

16-05-2025T10:11:03 - [TEST_STEP][PASSED] - i1 = x.indexOf("/") + 1: null

16-05-2025T10:11:03 - [TEST_STEP][PASSED] - if (i1 > -1): null

16-05-2025T10:11:03 - [TEST_STEP][PASSED] - x = x.substring(i1, x.length()): null

16-05-2025T10:11:03 - [TEST_STEP][PASSED] - println(x): null

16-05-2025T10:11:03 - [TEST_STEP][PASSED] - i1 = x.indexOf("/") + 1: null

16-05-2025T10:11:03 - [TEST_STEP][PASSED] - if (i1 > -1): null

16-05-2025T10:11:03 - [TEST_STEP][PASSED] - x = x.substring(i1, x.length()): null

16-05-2025T10:11:03 - [TEST_STEP][PASSED] - println(x): null

16-05-2025T10:11:03 - [TEST_STEP][PASSED] - i1 = x.indexOf("/") + 1: null

16-05-2025T10:11:03 - [TEST_STEP][PASSED] - if (i1 > -1): null

16-05-2025T10:11:03 - [TEST_STEP][PASSED] - x = x.substring(i1, x.length()): null

16-05-2025T10:11:03 - [TEST_STEP][PASSED] - println(x): null

16-05-2025T10:11:03 - [TEST_STEP][PASSED] - i1 = x.indexOf("/") + 1: null

16-05-2025T10:11:03 - [TEST_STEP][PASSED] - if (i1 > -1): null

16-05-2025T10:11:03 - [TEST_STEP][PASSED] - x = x.substring(i1, x.length()): null

16-05-2025T10:11:03 - [TEST_STEP][PASSED] - println(x): null

16-05-2025T10:11:03 - [TEST_STEP][PASSED] - i1 = x.indexOf("/"): null

16-05-2025T10:11:03 - [TEST_STEP][PASSED] - if (i1 > -1): null

16-05-2025T10:11:03 - [TEST_STEP][PASSED] - x = x.substring(0, i1): null

16-05-2025T10:11:03 - [TEST_STEP][PASSED] - println(x): null

16-05-2025T10:11:03 - [TEST_STEP][PASSED] - return x: null

16-05-2025T10:11:03 - [TEST_STEP][PASSED] - println(tabR + "/" + tabB): null

16-05-2025T10:11:03 - [TEST_STEP][PASSED] - if (verifyEqual(tabR, tabB) == false): Actual object '1305803' and expected object '1305803' are equal

16-05-2025T10:11:03 - [MESSAGE][PASSED] - Actual object '1305803' and expected object '1305803' are equal

16-05-2025T10:11:03 - [TEST_STEP][PASSED] - vidget = "Показатели баланса электроэнергии по ДЗО – План": null

16-05-2025T10:11:03 - [TEST_STEP][PASSED] - typeOfData = "План Отпуск в сеть": null

16-05-2025T10:11:03 - [TEST_STEP][PASSED] - tabR = GetOvSPlanR(x = a): null

16-05-2025T10:11:03 - [TEST_STEP][PASSED] - i1 = <not implemented yet for class: org.codehaus.groovy.ast.expr.EmptyExpression>: null

16-05-2025T10:11:03 - [TEST_STEP][PASSED] - ii = <not implemented yet for class: org.codehaus.groovy.ast.expr.EmptyExpression>: null

16-05-2025T10:11:03 - [TEST_STEP][PASSED] - for ([ii = 1, ii < 7, (ii++)]): null

16-05-2025T10:11:03 - [TEST_STEP][PASSED] - i1 = x.indexOf("/") + 1: null

16-05-2025T10:11:03 - [TEST_STEP][PASSED] - if (i1 > -1): null

16-05-2025T10:11:03 - [TEST_STEP][PASSED] - x = x.substring(i1, x.length()): null

16-05-2025T10:11:03 - [TEST_STEP][PASSED] - println(x): null

16-05-2025T10:11:03 - [TEST_STEP][PASSED] - i1 = x.indexOf("/") + 1: null

16-05-2025T10:11:03 - [TEST_STEP][PASSED] - if (i1 > -1): null

16-05-2025T10:11:03 - [TEST_STEP][PASSED] - x = x.substring(i1, x.length()): null

16-05-2025T10:11:03 - [TEST_STEP][PASSED] - println(x): null

16-05-2025T10:11:03 - [TEST_STEP][PASSED] - i1 = x.indexOf("/") + 1: null

16-05-2025T10:11:03 - [TEST_STEP][PASSED] - if (i1 > -1): null

16-05-2025T10:11:03 - [TEST_STEP][PASSED] - x = x.substring(i1, x.length()): null

16-05-2025T10:11:03 - [TEST_STEP][PASSED] - println(x): null

16-05-2025T10:11:03 - [TEST_STEP][PASSED] - i1 = x.indexOf("/") + 1: null

16-05-2025T10:11:03 - [TEST_STEP][PASSED] - if (i1 > -1): null

16-05-2025T10:11:03 - [TEST_STEP][PASSED] - x = x.substring(i1, x.length()): null

16-05-2025T10:11:03 - [TEST_STEP][PASSED] - println(x): null

16-05-2025T10:11:03 - [TEST_STEP][PASSED] - i1 = x.indexOf("/") + 1: null

16-05-2025T10:11:03 - [TEST_STEP][PASSED] - if (i1 > -1): null

16-05-2025T10:11:03 - [TEST_STEP][PASSED] - x = x.substring(i1, x.length()): null

16-05-2025T10:11:03 - [TEST_STEP][PASSED] - println(x): null

16-05-2025T10:11:03 - [TEST_STEP][PASSED] - i1 = x.indexOf("/") + 1: null

16-05-2025T10:11:03 - [TEST_STEP][PASSED] - if (i1 > -1): null

16-05-2025T10:11:03 - [TEST_STEP][PASSED] - x = x.substring(i1, x.length()): null

16-05-2025T10:11:03 - [TEST_STEP][PASSED] - println(x): null

16-05-2025T10:11:03 - [TEST_STEP][PASSED] - i1 = x.indexOf("/"): null

16-05-2025T10:11:03 - [TEST_STEP][PASSED] - if (i1 > -1): null

16-05-2025T10:11:03 - [TEST_STEP][PASSED] - x = x.substring(0, i1): null

16-05-2025T10:11:03 - [TEST_STEP][PASSED] - println(x): null

16-05-2025T10:11:03 - [TEST_STEP][PASSED] - return x: null

16-05-2025T10:11:03 - [TEST_STEP][PASSED] - tabB = GetOvSPlanB(x = b): null

16-05-2025T10:11:03 - [TEST_STEP][PASSED] - i1 = <not implemented yet for class: org.codehaus.groovy.ast.expr.EmptyExpression>: null

16-05-2025T10:11:03 - [TEST_STEP][PASSED] - ii = <not implemented yet for class: org.codehaus.groovy.ast.expr.EmptyExpression>: null

16-05-2025T10:11:03 - [TEST_STEP][PASSED] - for ([ii = 1, ii < 7, (ii++)]): null

16-05-2025T10:11:03 - [TEST_STEP][PASSED] - i1 = x.indexOf("/") + 1: null

16-05-2025T10:11:03 - [TEST_STEP][PASSED] - if (i1 > -1): null

16-05-2025T10:11:03 - [TEST_STEP][PASSED] - x = x.substring(i1, x.length()): null

16-05-2025T10:11:03 - [TEST_STEP][PASSED] - println(x): null

16-05-2025T10:11:03 - [TEST_STEP][PASSED] - i1 = x.indexOf("/") + 1: null

16-05-2025T10:11:03 - [TEST_STEP][PASSED] - if (i1 > -1): null

16-05-2025T10:11:03 - [TEST_STEP][PASSED] - x = x.substring(i1, x.length()): null

16-05-2025T10:11:03 - [TEST_STEP][PASSED] - println(x): null

16-05-2025T10:11:03 - [TEST_STEP][PASSED] - i1 = x.indexOf("/") + 1: null

16-05-2025T10:11:03 - [TEST_STEP][PASSED] - if (i1 > -1): null

16-05-2025T10:11:03 - [TEST_STEP][PASSED] - x = x.substring(i1, x.length()): null

16-05-2025T10:11:03 - [TEST_STEP][PASSED] - println(x): null

16-05-2025T10:11:03 - [TEST_STEP][PASSED] - i1 = x.indexOf("/") + 1: null

16-05-2025T10:11:03 - [TEST_STEP][PASSED] - if (i1 > -1): null

16-05-2025T10:11:03 - [TEST_STEP][PASSED] - x = x.substring(i1, x.length()): null

16-05-2025T10:11:03 - [TEST_STEP][PASSED] - println(x): null

16-05-2025T10:11:03 - [TEST_STEP][PASSED] - i1 = x.indexOf("/") + 1: null

16-05-2025T10:11:03 - [TEST_STEP][PASSED] - if (i1 > -1): null

16-05-2025T10:11:03 - [TEST_STEP][PASSED] - x = x.substring(i1, x.length()): null

16-05-2025T10:11:03 - [TEST_STEP][PASSED] - println(x): null

16-05-2025T10:11:03 - [TEST_STEP][PASSED] - i1 = x.indexOf("/") + 1: null

16-05-2025T10:11:03 - [TEST_STEP][PASSED] - if (i1 > -1): null

16-05-2025T10:11:03 - [TEST_STEP][PASSED] - x = x.substring(i1, x.length()): null

16-05-2025T10:11:03 - [TEST_STEP][PASSED] - println(x): null

16-05-2025T10:11:03 - [TEST_STEP][PASSED] - i1 = x.indexOf("/"): null

16-05-2025T10:11:03 - [TEST_STEP][PASSED] - if (i1 > -1): null

16-05-2025T10:11:03 - [TEST_STEP][PASSED] - x = x.substring(0, i1): null

16-05-2025T10:11:03 - [TEST_STEP][PASSED] - println(x): null

16-05-2025T10:11:03 - [TEST_STEP][PASSED] - return x: null

16-05-2025T10:11:03 - [TEST_STEP][PASSED] - println(tabR + "/" + tabB): null

16-05-2025T10:11:03 - [TEST_STEP][PASSED] - if (verifyEqual(tabR, tabB) == false): Actual object '20275424' and expected object '20275424' are equal

16-05-2025T10:11:03 - [MESSAGE][PASSED] - Actual object '20275424' and expected object '20275424' are equal

16-05-2025T10:11:03 - [TEST_STEP][PASSED] - typeOfData = "План Отпуск из сети": null

16-05-2025T10:11:03 - [TEST_STEP][PASSED] - tabR = GetOiSPlanR(x = a): null

16-05-2025T10:11:03 - [TEST_STEP][PASSED] - i1 = <not implemented yet for class: org.codehaus.groovy.ast.expr.EmptyExpression>: null

16-05-2025T10:11:03 - [TEST_STEP][PASSED] - ii = <not implemented yet for class: org.codehaus.groovy.ast.expr.EmptyExpression>: null

16-05-2025T10:11:03 - [TEST_STEP][PASSED] - for ([ii = 1, ii < 8, (ii++)]): null

16-05-2025T10:11:03 - [TEST_STEP][PASSED] - i1 = x.indexOf("/") + 1: null

16-05-2025T10:11:03 - [TEST_STEP][PASSED] - if (i1 > -1): null

16-05-2025T10:11:03 - [TEST_STEP][PASSED] - x = x.substring(i1, x.length()): null

16-05-2025T10:11:03 - [TEST_STEP][PASSED] - println(x): null

16-05-2025T10:11:03 - [TEST_STEP][PASSED] - i1 = x.indexOf("/") + 1: null

16-05-2025T10:11:03 - [TEST_STEP][PASSED] - if (i1 > -1): null

16-05-2025T10:11:03 - [TEST_STEP][PASSED] - x = x.substring(i1, x.length()): null

16-05-2025T10:11:03 - [TEST_STEP][PASSED] - println(x): null

16-05-2025T10:11:03 - [TEST_STEP][PASSED] - i1 = x.indexOf("/") + 1: null

16-05-2025T10:11:03 - [TEST_STEP][PASSED] - if (i1 > -1): null

16-05-2025T10:11:03 - [TEST_STEP][PASSED] - x = x.substring(i1, x.length()): null

16-05-2025T10:11:03 - [TEST_STEP][PASSED] - println(x): null

16-05-2025T10:11:03 - [TEST_STEP][PASSED] - i1 = x.indexOf("/") + 1: null

16-05-2025T10:11:03 - [TEST_STEP][PASSED] - if (i1 > -1): null

16-05-2025T10:11:03 - [TEST_STEP][PASSED] - x = x.substring(i1, x.length()): null

16-05-2025T10:11:03 - [TEST_STEP][PASSED] - println(x): null

16-05-2025T10:11:03 - [TEST_STEP][PASSED] - i1 = x.indexOf("/") + 1: null

16-05-2025T10:11:03 - [TEST_STEP][PASSED] - if (i1 > -1): null

16-05-2025T10:11:03 - [TEST_STEP][PASSED] - x = x.substring(i1, x.length()): null

16-05-2025T10:11:03 - [TEST_STEP][PASSED] - println(x): null

16-05-2025T10:11:03 - [TEST_STEP][PASSED] - i1 = x.indexOf("/") + 1: null

16-05-2025T10:11:03 - [TEST_STEP][PASSED] - if (i1 > -1): null

16-05-2025T10:11:03 - [TEST_STEP][PASSED] - x = x.substring(i1, x.length()): null

16-05-2025T10:11:03 - [TEST_STEP][PASSED] - println(x): null

16-05-2025T10:11:03 - [TEST_STEP][PASSED] - i1 = x.indexOf("/") + 1: null

16-05-2025T10:11:03 - [TEST_STEP][PASSED] - if (i1 > -1): null

16-05-2025T10:11:03 - [TEST_STEP][PASSED] - x = x.substring(i1, x.length()): null

16-05-2025T10:11:03 - [TEST_STEP][PASSED] - println(x): null

16-05-2025T10:11:03 - [TEST_STEP][PASSED] - i1 = x.indexOf("/"): null

16-05-2025T10:11:03 - [TEST_STEP][PASSED] - if (i1 > -1): null

16-05-2025T10:11:03 - [TEST_STEP][PASSED] - x = x.substring(0, i1): null

16-05-2025T10:11:03 - [TEST_STEP][PASSED] - println(x): null

16-05-2025T10:11:03 - [TEST_STEP][PASSED] - return x: null

16-05-2025T10:11:03 - [TEST_STEP][PASSED] - tabB = GetOiSPlanB(x = b): null

16-05-2025T10:11:03 - [TEST_STEP][PASSED] - i1 = <not implemented yet for class: org.codehaus.groovy.ast.expr.EmptyExpression>: null

16-05-2025T10:11:03 - [TEST_STEP][PASSED] - ii = <not implemented yet for class: org.codehaus.groovy.ast.expr.EmptyExpression>: null

16-05-2025T10:11:03 - [TEST_STEP][PASSED] - for ([ii = 1, ii < 8, (ii++)]): null

16-05-2025T10:11:03 - [TEST_STEP][PASSED] - i1 = x.indexOf("/") + 1: null

16-05-2025T10:11:03 - [TEST_STEP][PASSED] - if (i1 > -1): null

16-05-2025T10:11:03 - [TEST_STEP][PASSED] - x = x.substring(i1, x.length()): null

16-05-2025T10:11:03 - [TEST_STEP][PASSED] - println(x): null

16-05-2025T10:11:03 - [TEST_STEP][PASSED] - i1 = x.indexOf("/") + 1: null

16-05-2025T10:11:03 - [TEST_STEP][PASSED] - if (i1 > -1): null

16-05-2025T10:11:03 - [TEST_STEP][PASSED] - x = x.substring(i1, x.length()): null

16-05-2025T10:11:03 - [TEST_STEP][PASSED] - println(x): null

16-05-2025T10:11:03 - [TEST_STEP][PASSED] - i1 = x.indexOf("/") + 1: null

16-05-2025T10:11:03 - [TEST_STEP][PASSED] - if (i1 > -1): null

16-05-2025T10:11:03 - [TEST_STEP][PASSED] - x = x.substring(i1, x.length()): null

16-05-2025T10:11:03 - [TEST_STEP][PASSED] - println(x): null

16-05-2025T10:11:03 - [TEST_STEP][PASSED] - i1 = x.indexOf("/") + 1: null

16-05-2025T10:11:03 - [TEST_STEP][PASSED] - if (i1 > -1): null

16-05-2025T10:11:03 - [TEST_STEP][PASSED] - x = x.substring(i1, x.length()): null

16-05-2025T10:11:03 - [TEST_STEP][PASSED] - println(x): null

16-05-2025T10:11:03 - [TEST_STEP][PASSED] - i1 = x.indexOf("/") + 1: null

16-05-2025T10:11:03 - [TEST_STEP][PASSED] - if (i1 > -1): null

16-05-2025T10:11:03 - [TEST_STEP][PASSED] - x = x.substring(i1, x.length()): null

16-05-2025T10:11:03 - [TEST_STEP][PASSED] - println(x): null

16-05-2025T10:11:03 - [TEST_STEP][PASSED] - i1 = x.indexOf("/") + 1: null

16-05-2025T10:11:03 - [TEST_STEP][PASSED] - if (i1 > -1): null

16-05-2025T10:11:03 - [TEST_STEP][PASSED] - x = x.substring(i1, x.length()): null

16-05-2025T10:11:03 - [TEST_STEP][PASSED] - println(x): null

16-05-2025T10:11:03 - [TEST_STEP][PASSED] - i1 = x.indexOf("/") + 1: null

16-05-2025T10:11:03 - [TEST_STEP][PASSED] - if (i1 > -1): null

16-05-2025T10:11:03 - [TEST_STEP][PASSED] - x = x.substring(i1, x.length()): null

16-05-2025T10:11:03 - [TEST_STEP][PASSED] - println(x): null

16-05-2025T10:11:03 - [TEST_STEP][PASSED] - i1 = x.indexOf("/"): null

16-05-2025T10:11:03 - [TEST_STEP][PASSED] - if (i1 > -1): null

16-05-2025T10:11:03 - [TEST_STEP][PASSED] - x = x.substring(0, i1): null

16-05-2025T10:11:03 - [TEST_STEP][PASSED] - println(x): null

16-05-2025T10:11:03 - [TEST_STEP][FAILED] - return x: null

16-05-2025T10:11:03 - [TEST_STEP][PASSED] - println(tabR + "/" + tabB): null

16-05-2025T10:11:03 - [TEST_STEP][FAILED] - if (verifyEqual(tabR, tabB) == false): null

16-05-2025T10:11:03 - [MESSAGE][FAILED] - Unable to verify equal between actual object '18880336' and expected object '18878242' (Root cause: com.kms.katalon.core.exception.StepFailedException: Actual object '18880336' and expected object '18878242' are not equal
	at com.kms.katalon.core.keyword.builtin.VerifyEqualKeyword$_verifyEqual_closure1.doCall(VerifyEqualKeyword.groovy:58)
	at com.kms.katalon.core.keyword.builtin.VerifyEqualKeyword$_verifyEqual_closure1.call(VerifyEqualKeyword.groovy)
	at com.kms.katalon.core.keyword.internal.KeywordMain.runKeyword(KeywordMain.groovy:75)
	at com.kms.katalon.core.keyword.builtin.VerifyEqualKeyword.verifyEqual(VerifyEqualKeyword.groovy:63)
	at com.kms.katalon.core.keyword.builtin.VerifyEqualKeyword.execute(VerifyEqualKeyword.groovy:44)
	at com.kms.katalon.core.keyword.internal.KeywordExecutor.executeKeywordForPlatform(KeywordExecutor.groovy:74)
	at com.kms.katalon.core.keyword.BuiltinKeywords.verifyEqual(BuiltinKeywords.groovy:146)
	at jdk.internal.reflect.GeneratedMethodAccessor24.invoke(Unknown Source)
	at java.base/jdk.internal.reflect.DelegatingMethodAccessorImpl.invoke(DelegatingMethodAccessorImpl.java:43)
	at Выполнение бизнес-плана сверка дашбордов.CompareDZOData(Выполнение бизнес-плана сверка дашбордов:758)
	at Выполнение бизнес-плана сверка дашбордов.run(Выполнение бизнес-плана сверка дашбордов:643)
	at com.kms.katalon.core.main.ScriptEngine.run(ScriptEngine.java:194)
	at com.kms.katalon.core.main.ScriptEngine.runScriptAsRawText(ScriptEngine.java:119)
	at com.kms.katalon.core.main.TestCaseExecutor.runScript(TestCaseExecutor.java:448)
	at com.kms.katalon.core.main.TestCaseExecutor.doExecute(TestCaseExecutor.java:439)
	at com.kms.katalon.core.main.TestCaseExecutor.processExecutionPhase(TestCaseExecutor.java:418)
	at com.kms.katalon.core.main.TestCaseExecutor.accessMainPhase(TestCaseExecutor.java:410)
	at com.kms.katalon.core.main.TestCaseExecutor.execute(TestCaseExecutor.java:285)
	at com.kms.katalon.core.common.CommonExecutor.accessTestCaseMainPhase(CommonExecutor.java:65)
	at com.kms.katalon.core.main.TestSuiteExecutor.accessTestSuiteMainPhase(TestSuiteExecutor.java:150)
	at com.kms.katalon.core.main.TestSuiteExecutor.execute(TestSuiteExecutor.java:106)
	at com.kms.katalon.core.main.TestCaseMain.startTestSuite(TestCaseMain.java:180)
	at TempTestSuite1747369435659.run(TempTestSuite1747369435659.groovy:35)
	at java.base/jdk.internal.reflect.NativeMethodAccessorImpl.invoke0(Native Method)
	at java.base/jdk.internal.reflect.NativeMethodAccessorImpl.invoke(NativeMethodAccessorImpl.java:77)
	at java.base/jdk.internal.reflect.DelegatingMethodAccessorImpl.invoke(DelegatingMethodAccessorImpl.java:43)
)

16-05-2025T10:11:03 - [TEST_STEP][PASSED] - result = WriteToExcel(typeOfData, todaysDate, PercPlanR, PercPlanB, PercFactR, PercFactB, x, tabR, tabB, o1R, o1B, vidget): null

16-05-2025T10:11:03 - [TEST_STEP][PASSED] - iii = dZO.indexOf("/"): null

16-05-2025T10:11:03 - [TEST_STEP][PASSED] - println(iii): null

16-05-2025T10:11:03 - [TEST_STEP][PASSED] - if (iii > -1): null

16-05-2025T10:11:03 - [TEST_STEP][PASSED] - dZO = dZO.substring(0, iii): null

16-05-2025T10:11:03 - [TEST_STEP][PASSED] - println(dZO): null

16-05-2025T10:11:03 - [TEST_STEP][PASSED] - println(PercPlanR): null

16-05-2025T10:11:03 - [TEST_STEP][PASSED] - println(PercPlanB): null

16-05-2025T10:11:03 - [TEST_STEP][PASSED] - println(PercFactR): null

16-05-2025T10:11:03 - [TEST_STEP][PASSED] - println(PercFactB): null

16-05-2025T10:11:03 - [TEST_STEP][PASSED] - println(tabR): null

16-05-2025T10:11:03 - [TEST_STEP][PASSED] - println(tabB): null

16-05-2025T10:11:03 - [TEST_STEP][PASSED] - println(o1R): null

16-05-2025T10:11:03 - [TEST_STEP][PASSED] - println(o1B): null

16-05-2025T10:11:03 - [TEST_STEP][PASSED] - PR = <not implemented yet for class: org.codehaus.groovy.ast.expr.EmptyExpression>: null

16-05-2025T10:11:03 - [TEST_STEP][PASSED] - FR = <not implemented yet for class: org.codehaus.groovy.ast.expr.EmptyExpression>: null

16-05-2025T10:11:03 - [TEST_STEP][PASSED] - PB = <not implemented yet for class: org.codehaus.groovy.ast.expr.EmptyExpression>: null

16-05-2025T10:11:03 - [TEST_STEP][PASSED] - FB = <not implemented yet for class: org.codehaus.groovy.ast.expr.EmptyExpression>: null

16-05-2025T10:11:03 - [TEST_STEP][PASSED] - TR = <not implemented yet for class: org.codehaus.groovy.ast.expr.EmptyExpression>: null

16-05-2025T10:11:03 - [TEST_STEP][PASSED] - TB = <not implemented yet for class: org.codehaus.groovy.ast.expr.EmptyExpression>: null

16-05-2025T10:11:03 - [TEST_STEP][PASSED] - sheetName = "Sheet1": null

16-05-2025T10:11:03 - [TEST_STEP][PASSED] - data = findTestData("PlanFact"): null

16-05-2025T10:11:03 - [TEST_STEP][PASSED] - n = data.getRowNumbers() + 1: null

16-05-2025T10:11:03 - [TEST_STEP][PASSED] - day = ")).toInteger(): null

16-05-2025T10:11:03 - [TEST_STEP][PASSED] - println(day): null

16-05-2025T10:11:03 - [TEST_STEP][PASSED] - month = ")).toInteger(): null

16-05-2025T10:11:03 - [TEST_STEP][PASSED] - println(month): null

16-05-2025T10:11:03 - [TEST_STEP][PASSED] - y = length()).toInteger(): null

16-05-2025T10:11:03 - [TEST_STEP][PASSED] - if (month < 3 && day < 30): null

16-05-2025T10:11:03 - [TEST_STEP][PASSED] - println(y): null

16-05-2025T10:11:03 - [TEST_STEP][PASSED] - m = getText(findTestObject("Выполнение бизнес-плана/Выполнение бизнес-плана Балансы/Фильтр Дата")): Text of object 'Object Repository/Выполнение бизнес-плана/Выполнение бизнес-плана Балансы/Фильтр Дата' is: '1 кв. 2025 года'

16-05-2025T10:11:03 - [MESSAGE][PASSED] - Text of object 'Object Repository/Выполнение бизнес-плана/Выполнение бизнес-плана Балансы/Фильтр Дата' is: '1 кв. 2025 года'

16-05-2025T10:11:03 - [TEST_STEP][PASSED] - if (toString().length() == 4): null

16-05-2025T10:11:03 - [TEST_STEP][PASSED] - m = m.substring(0, m.indexOf(y.toString())): null

16-05-2025T10:11:03 - [TEST_STEP][PASSED] - m = m.trim(): null

16-05-2025T10:11:03 - [TEST_STEP][PASSED] - if (m == ""): null

16-05-2025T10:11:03 - [TEST_STEP][PASSED] - dashboardName = "Выполнение бизнес-плана": null

16-05-2025T10:11:03 - [TEST_STEP][PASSED] - workbook01 = getWorkbook(excelFilePath): null

16-05-2025T10:11:04 - [TEST_STEP][PASSED] - sheet01 = getExcelSheet(workbook01, sheetName): null

16-05-2025T10:11:04 - [TEST_STEP][PASSED] - setValueToCellByIndex(sheet01, n, 0, dashboardName): null

16-05-2025T10:11:04 - [TEST_STEP][PASSED] - setValueToCellByIndex(sheet01, n, 1, dZO): null

16-05-2025T10:11:04 - [TEST_STEP][PASSED] - setValueToCellByIndex(sheet01, n, 2, typeOfData): null

16-05-2025T10:11:04 - [TEST_STEP][PASSED] - setValueToCellByIndex(sheet01, n, 3, typeOfData): null

16-05-2025T10:11:04 - [TEST_STEP][PASSED] - if (typeOfData == "План"): null

16-05-2025T10:11:04 - [TEST_STEP][PASSED] - else if (typeOfData == "Факт"): null

16-05-2025T10:11:04 - [TEST_STEP][PASSED] - else if (vidget.contains("электроэнергии") == true): null

16-05-2025T10:11:04 - [TEST_STEP][PASSED] - if (tabR == null): null

16-05-2025T10:11:04 - [TEST_STEP][PASSED] - else: null

16-05-2025T10:11:04 - [TEST_STEP][PASSED] - if (tabR == "нет данных"): null

16-05-2025T10:11:04 - [TEST_STEP][PASSED] - else: null

16-05-2025T10:11:04 - [TEST_STEP][PASSED] - TR = tabR.toInteger(): null

16-05-2025T10:11:04 - [TEST_STEP][PASSED] - setValueToCellByIndex(sheet01, n, 4, TR): null

16-05-2025T10:11:04 - [TEST_STEP][PASSED] - if (tabB == null): null

16-05-2025T10:11:04 - [TEST_STEP][PASSED] - else: null

16-05-2025T10:11:04 - [TEST_STEP][PASSED] - if (tabB == "нет данных"): null

16-05-2025T10:11:04 - [TEST_STEP][PASSED] - else: null

16-05-2025T10:11:04 - [TEST_STEP][PASSED] - TB = tabB.toInteger(): null

16-05-2025T10:11:04 - [TEST_STEP][PASSED] - setValueToCellByIndex(sheet01, n, 5, TB): null

16-05-2025T10:11:04 - [TEST_STEP][PASSED] - setValueToCellByIndex(sheet01, n, 6, m): null

16-05-2025T10:11:04 - [TEST_STEP][PASSED] - setValueToCellByIndex(sheet01, n, 7, y): null

16-05-2025T10:11:04 - [TEST_STEP][PASSED] - setValueToCellByIndex(sheet01, n, 8, todaysDate): null

16-05-2025T10:11:04 - [TEST_STEP][PASSED] - n = n + 1: null

16-05-2025T10:11:04 - [TEST_STEP][PASSED] - saveWorkbook(excelFilePath, workbook01): null

16-05-2025T10:11:04 - [TEST_STEP][PASSED] - typeOfData = "План Потери": null

16-05-2025T10:11:04 - [TEST_STEP][PASSED] - tabR = GetPPlanR(x = a): null

16-05-2025T10:11:04 - [TEST_STEP][PASSED] - i1 = <not implemented yet for class: org.codehaus.groovy.ast.expr.EmptyExpression>: null

16-05-2025T10:11:04 - [TEST_STEP][PASSED] - ii = <not implemented yet for class: org.codehaus.groovy.ast.expr.EmptyExpression>: null

16-05-2025T10:11:04 - [TEST_STEP][PASSED] - for ([ii = 1, ii < 9, (ii++)]): null

16-05-2025T10:11:04 - [TEST_STEP][PASSED] - i1 = x.indexOf("/") + 1: null

16-05-2025T10:11:04 - [TEST_STEP][PASSED] - if (i1 > -1): null

16-05-2025T10:11:04 - [TEST_STEP][PASSED] - x = x.substring(i1, x.length()): null

16-05-2025T10:11:04 - [TEST_STEP][PASSED] - println(x): null

16-05-2025T10:11:04 - [TEST_STEP][PASSED] - i1 = x.indexOf("/") + 1: null

16-05-2025T10:11:04 - [TEST_STEP][PASSED] - if (i1 > -1): null

16-05-2025T10:11:04 - [TEST_STEP][PASSED] - x = x.substring(i1, x.length()): null

16-05-2025T10:11:04 - [TEST_STEP][PASSED] - println(x): null

16-05-2025T10:11:04 - [TEST_STEP][PASSED] - i1 = x.indexOf("/") + 1: null

16-05-2025T10:11:04 - [TEST_STEP][PASSED] - if (i1 > -1): null

16-05-2025T10:11:04 - [TEST_STEP][PASSED] - x = x.substring(i1, x.length()): null

16-05-2025T10:11:04 - [TEST_STEP][PASSED] - println(x): null

16-05-2025T10:11:04 - [TEST_STEP][PASSED] - i1 = x.indexOf("/") + 1: null

16-05-2025T10:11:04 - [TEST_STEP][PASSED] - if (i1 > -1): null

16-05-2025T10:11:04 - [TEST_STEP][PASSED] - x = x.substring(i1, x.length()): null

16-05-2025T10:11:04 - [TEST_STEP][PASSED] - println(x): null

16-05-2025T10:11:04 - [TEST_STEP][PASSED] - i1 = x.indexOf("/") + 1: null

16-05-2025T10:11:04 - [TEST_STEP][PASSED] - if (i1 > -1): null

16-05-2025T10:11:04 - [TEST_STEP][PASSED] - x = x.substring(i1, x.length()): null

16-05-2025T10:11:04 - [TEST_STEP][PASSED] - println(x): null

16-05-2025T10:11:04 - [TEST_STEP][PASSED] - i1 = x.indexOf("/") + 1: null

16-05-2025T10:11:04 - [TEST_STEP][PASSED] - if (i1 > -1): null

16-05-2025T10:11:04 - [TEST_STEP][PASSED] - x = x.substring(i1, x.length()): null

16-05-2025T10:11:04 - [TEST_STEP][PASSED] - println(x): null

16-05-2025T10:11:04 - [TEST_STEP][PASSED] - i1 = x.indexOf("/") + 1: null

16-05-2025T10:11:04 - [TEST_STEP][PASSED] - if (i1 > -1): null

16-05-2025T10:11:04 - [TEST_STEP][PASSED] - x = x.substring(i1, x.length()): null

16-05-2025T10:11:04 - [TEST_STEP][PASSED] - println(x): null

16-05-2025T10:11:04 - [TEST_STEP][PASSED] - i1 = x.indexOf("/") + 1: null

16-05-2025T10:11:04 - [TEST_STEP][PASSED] - if (i1 > -1): null

16-05-2025T10:11:04 - [TEST_STEP][PASSED] - x = x.substring(i1, x.length()): null

16-05-2025T10:11:04 - [TEST_STEP][PASSED] - println(x): null

16-05-2025T10:11:04 - [TEST_STEP][PASSED] - i1 = x.indexOf("/"): null

16-05-2025T10:11:04 - [TEST_STEP][PASSED] - if (i1 > -1): null

16-05-2025T10:11:04 - [TEST_STEP][PASSED] - x = x.substring(0, i1): null

16-05-2025T10:11:04 - [TEST_STEP][PASSED] - println(x): null

16-05-2025T10:11:04 - [TEST_STEP][PASSED] - return x: null

16-05-2025T10:11:04 - [TEST_STEP][PASSED] - tabB = GetPPlanB(x = b): null

16-05-2025T10:11:04 - [TEST_STEP][PASSED] - i1 = <not implemented yet for class: org.codehaus.groovy.ast.expr.EmptyExpression>: null

16-05-2025T10:11:04 - [TEST_STEP][PASSED] - ii = <not implemented yet for class: org.codehaus.groovy.ast.expr.EmptyExpression>: null

16-05-2025T10:11:04 - [TEST_STEP][PASSED] - for ([ii = 1, ii < 9, (ii++)]): null

16-05-2025T10:11:04 - [TEST_STEP][PASSED] - i1 = x.indexOf("/") + 1: null

16-05-2025T10:11:04 - [TEST_STEP][PASSED] - if (i1 > -1): null

16-05-2025T10:11:04 - [TEST_STEP][PASSED] - x = x.substring(i1, x.length()): null

16-05-2025T10:11:04 - [TEST_STEP][PASSED] - println(x): null

16-05-2025T10:11:04 - [TEST_STEP][PASSED] - i1 = x.indexOf("/") + 1: null

16-05-2025T10:11:04 - [TEST_STEP][PASSED] - if (i1 > -1): null

16-05-2025T10:11:04 - [TEST_STEP][PASSED] - x = x.substring(i1, x.length()): null

16-05-2025T10:11:04 - [TEST_STEP][PASSED] - println(x): null

16-05-2025T10:11:04 - [TEST_STEP][PASSED] - i1 = x.indexOf("/") + 1: null

16-05-2025T10:11:04 - [TEST_STEP][PASSED] - if (i1 > -1): null

16-05-2025T10:11:04 - [TEST_STEP][PASSED] - x = x.substring(i1, x.length()): null

16-05-2025T10:11:04 - [TEST_STEP][PASSED] - println(x): null

16-05-2025T10:11:04 - [TEST_STEP][PASSED] - i1 = x.indexOf("/") + 1: null

16-05-2025T10:11:04 - [TEST_STEP][PASSED] - if (i1 > -1): null

16-05-2025T10:11:04 - [TEST_STEP][PASSED] - x = x.substring(i1, x.length()): null

16-05-2025T10:11:04 - [TEST_STEP][PASSED] - println(x): null

16-05-2025T10:11:04 - [TEST_STEP][PASSED] - i1 = x.indexOf("/") + 1: null

16-05-2025T10:11:04 - [TEST_STEP][PASSED] - if (i1 > -1): null

16-05-2025T10:11:04 - [TEST_STEP][PASSED] - x = x.substring(i1, x.length()): null

16-05-2025T10:11:04 - [TEST_STEP][PASSED] - println(x): null

16-05-2025T10:11:04 - [TEST_STEP][PASSED] - i1 = x.indexOf("/") + 1: null

16-05-2025T10:11:04 - [TEST_STEP][PASSED] - if (i1 > -1): null

16-05-2025T10:11:04 - [TEST_STEP][PASSED] - x = x.substring(i1, x.length()): null

16-05-2025T10:11:04 - [TEST_STEP][PASSED] - println(x): null

16-05-2025T10:11:04 - [TEST_STEP][PASSED] - i1 = x.indexOf("/") + 1: null

16-05-2025T10:11:04 - [TEST_STEP][PASSED] - if (i1 > -1): null

16-05-2025T10:11:04 - [TEST_STEP][PASSED] - x = x.substring(i1, x.length()): null

16-05-2025T10:11:04 - [TEST_STEP][PASSED] - println(x): null

16-05-2025T10:11:04 - [TEST_STEP][PASSED] - i1 = x.indexOf("/") + 1: null

16-05-2025T10:11:04 - [TEST_STEP][PASSED] - if (i1 > -1): null

16-05-2025T10:11:04 - [TEST_STEP][PASSED] - x = x.substring(i1, x.length()): null

16-05-2025T10:11:04 - [TEST_STEP][PASSED] - println(x): null

16-05-2025T10:11:04 - [TEST_STEP][PASSED] - i1 = x.indexOf("/"): null

16-05-2025T10:11:04 - [TEST_STEP][PASSED] - if (i1 > -1): null

16-05-2025T10:11:04 - [TEST_STEP][PASSED] - x = x.substring(0, i1): null

16-05-2025T10:11:04 - [TEST_STEP][PASSED] - println(x): null

16-05-2025T10:11:04 - [TEST_STEP][FAILED] - return x: null

16-05-2025T10:11:04 - [TEST_STEP][PASSED] - println(tabR + "/" + tabB): null

16-05-2025T10:11:04 - [TEST_STEP][FAILED] - if (verifyEqual(tabR, tabB) == false): null

16-05-2025T10:11:04 - [MESSAGE][FAILED] - Unable to verify equal between actual object '1395088' and expected object '1397182' (Root cause: com.kms.katalon.core.exception.StepFailedException: Actual object '1395088' and expected object '1397182' are not equal
	at com.kms.katalon.core.keyword.builtin.VerifyEqualKeyword$_verifyEqual_closure1.doCall(VerifyEqualKeyword.groovy:58)
	at com.kms.katalon.core.keyword.builtin.VerifyEqualKeyword$_verifyEqual_closure1.call(VerifyEqualKeyword.groovy)
	at com.kms.katalon.core.keyword.internal.KeywordMain.runKeyword(KeywordMain.groovy:75)
	at com.kms.katalon.core.keyword.builtin.VerifyEqualKeyword.verifyEqual(VerifyEqualKeyword.groovy:63)
	at com.kms.katalon.core.keyword.builtin.VerifyEqualKeyword.execute(VerifyEqualKeyword.groovy:44)
	at com.kms.katalon.core.keyword.internal.KeywordExecutor.executeKeywordForPlatform(KeywordExecutor.groovy:74)
	at com.kms.katalon.core.keyword.BuiltinKeywords.verifyEqual(BuiltinKeywords.groovy:146)
	at jdk.internal.reflect.GeneratedMethodAccessor24.invoke(Unknown Source)
	at java.base/jdk.internal.reflect.DelegatingMethodAccessorImpl.invoke(DelegatingMethodAccessorImpl.java:43)
	at Выполнение бизнес-плана сверка дашбордов.CompareDZOData(Выполнение бизнес-плана сверка дашбордов:771)
	at Выполнение бизнес-плана сверка дашбордов.run(Выполнение бизнес-плана сверка дашбордов:643)
	at com.kms.katalon.core.main.ScriptEngine.run(ScriptEngine.java:194)
	at com.kms.katalon.core.main.ScriptEngine.runScriptAsRawText(ScriptEngine.java:119)
	at com.kms.katalon.core.main.TestCaseExecutor.runScript(TestCaseExecutor.java:448)
	at com.kms.katalon.core.main.TestCaseExecutor.doExecute(TestCaseExecutor.java:439)
	at com.kms.katalon.core.main.TestCaseExecutor.processExecutionPhase(TestCaseExecutor.java:418)
	at com.kms.katalon.core.main.TestCaseExecutor.accessMainPhase(TestCaseExecutor.java:410)
	at com.kms.katalon.core.main.TestCaseExecutor.execute(TestCaseExecutor.java:285)
	at com.kms.katalon.core.common.CommonExecutor.accessTestCaseMainPhase(CommonExecutor.java:65)
	at com.kms.katalon.core.main.TestSuiteExecutor.accessTestSuiteMainPhase(TestSuiteExecutor.java:150)
	at com.kms.katalon.core.main.TestSuiteExecutor.execute(TestSuiteExecutor.java:106)
	at com.kms.katalon.core.main.TestCaseMain.startTestSuite(TestCaseMain.java:180)
	at TempTestSuite1747369435659.run(TempTestSuite1747369435659.groovy:35)
	at java.base/jdk.internal.reflect.NativeMethodAccessorImpl.invoke0(Native Method)
	at java.base/jdk.internal.reflect.NativeMethodAccessorImpl.invoke(NativeMethodAccessorImpl.java:77)
	at java.base/jdk.internal.reflect.DelegatingMethodAccessorImpl.invoke(DelegatingMethodAccessorImpl.java:43)
)

16-05-2025T10:11:04 - [TEST_STEP][PASSED] - result = WriteToExcel(typeOfData, todaysDate, PercPlanR, PercPlanB, PercFactR, PercFactB, x, tabR, tabB, o1R, o1B, vidget): null

16-05-2025T10:11:04 - [TEST_STEP][PASSED] - iii = dZO.indexOf("/"): null

16-05-2025T10:11:04 - [TEST_STEP][PASSED] - println(iii): null

16-05-2025T10:11:04 - [TEST_STEP][PASSED] - if (iii > -1): null

16-05-2025T10:11:04 - [TEST_STEP][PASSED] - dZO = dZO.substring(0, iii): null

16-05-2025T10:11:04 - [TEST_STEP][PASSED] - println(dZO): null

16-05-2025T10:11:04 - [TEST_STEP][PASSED] - println(PercPlanR): null

16-05-2025T10:11:04 - [TEST_STEP][PASSED] - println(PercPlanB): null

16-05-2025T10:11:04 - [TEST_STEP][PASSED] - println(PercFactR): null

16-05-2025T10:11:04 - [TEST_STEP][PASSED] - println(PercFactB): null

16-05-2025T10:11:04 - [TEST_STEP][PASSED] - println(tabR): null

16-05-2025T10:11:04 - [TEST_STEP][PASSED] - println(tabB): null

16-05-2025T10:11:04 - [TEST_STEP][PASSED] - println(o1R): null

16-05-2025T10:11:04 - [TEST_STEP][PASSED] - println(o1B): null

16-05-2025T10:11:04 - [TEST_STEP][PASSED] - PR = <not implemented yet for class: org.codehaus.groovy.ast.expr.EmptyExpression>: null

16-05-2025T10:11:04 - [TEST_STEP][PASSED] - FR = <not implemented yet for class: org.codehaus.groovy.ast.expr.EmptyExpression>: null

16-05-2025T10:11:04 - [TEST_STEP][PASSED] - PB = <not implemented yet for class: org.codehaus.groovy.ast.expr.EmptyExpression>: null

16-05-2025T10:11:04 - [TEST_STEP][PASSED] - FB = <not implemented yet for class: org.codehaus.groovy.ast.expr.EmptyExpression>: null

16-05-2025T10:11:04 - [TEST_STEP][PASSED] - TR = <not implemented yet for class: org.codehaus.groovy.ast.expr.EmptyExpression>: null

16-05-2025T10:11:04 - [TEST_STEP][PASSED] - TB = <not implemented yet for class: org.codehaus.groovy.ast.expr.EmptyExpression>: null

16-05-2025T10:11:04 - [TEST_STEP][PASSED] - sheetName = "Sheet1": null

16-05-2025T10:11:04 - [TEST_STEP][PASSED] - data = findTestData("PlanFact"): null

16-05-2025T10:11:04 - [TEST_STEP][PASSED] - n = data.getRowNumbers() + 1: null

16-05-2025T10:11:04 - [TEST_STEP][PASSED] - day = ")).toInteger(): null

16-05-2025T10:11:04 - [TEST_STEP][PASSED] - println(day): null

16-05-2025T10:11:04 - [TEST_STEP][PASSED] - month = ")).toInteger(): null

16-05-2025T10:11:04 - [TEST_STEP][PASSED] - println(month): null

16-05-2025T10:11:04 - [TEST_STEP][PASSED] - y = length()).toInteger(): null

16-05-2025T10:11:04 - [TEST_STEP][PASSED] - if (month < 3 && day < 30): null

16-05-2025T10:11:04 - [TEST_STEP][PASSED] - println(y): null

16-05-2025T10:11:04 - [TEST_STEP][PASSED] - m = getText(findTestObject("Выполнение бизнес-плана/Выполнение бизнес-плана Балансы/Фильтр Дата")): Text of object 'Object Repository/Выполнение бизнес-плана/Выполнение бизнес-плана Балансы/Фильтр Дата' is: '1 кв. 2025 года'

16-05-2025T10:11:04 - [MESSAGE][PASSED] - Text of object 'Object Repository/Выполнение бизнес-плана/Выполнение бизнес-плана Балансы/Фильтр Дата' is: '1 кв. 2025 года'

16-05-2025T10:11:04 - [TEST_STEP][PASSED] - if (toString().length() == 4): null

16-05-2025T10:11:04 - [TEST_STEP][PASSED] - m = m.substring(0, m.indexOf(y.toString())): null

16-05-2025T10:11:04 - [TEST_STEP][PASSED] - m = m.trim(): null

16-05-2025T10:11:04 - [TEST_STEP][PASSED] - if (m == ""): null

16-05-2025T10:11:04 - [TEST_STEP][PASSED] - dashboardName = "Выполнение бизнес-плана": null

16-05-2025T10:11:04 - [TEST_STEP][PASSED] - workbook01 = getWorkbook(excelFilePath): null

16-05-2025T10:11:04 - [TEST_STEP][PASSED] - sheet01 = getExcelSheet(workbook01, sheetName): null

16-05-2025T10:11:04 - [TEST_STEP][PASSED] - setValueToCellByIndex(sheet01, n, 0, dashboardName): null

16-05-2025T10:11:04 - [TEST_STEP][PASSED] - setValueToCellByIndex(sheet01, n, 1, dZO): null

16-05-2025T10:11:04 - [TEST_STEP][PASSED] - setValueToCellByIndex(sheet01, n, 2, typeOfData): null

16-05-2025T10:11:04 - [TEST_STEP][PASSED] - setValueToCellByIndex(sheet01, n, 3, typeOfData): null

16-05-2025T10:11:04 - [TEST_STEP][PASSED] - if (typeOfData == "План"): null

16-05-2025T10:11:04 - [TEST_STEP][PASSED] - else if (typeOfData == "Факт"): null

16-05-2025T10:11:04 - [TEST_STEP][PASSED] - else if (vidget.contains("электроэнергии") == true): null

16-05-2025T10:11:04 - [TEST_STEP][PASSED] - if (tabR == null): null

16-05-2025T10:11:04 - [TEST_STEP][PASSED] - else: null

16-05-2025T10:11:04 - [TEST_STEP][PASSED] - if (tabR == "нет данных"): null

16-05-2025T10:11:04 - [TEST_STEP][PASSED] - else: null

16-05-2025T10:11:04 - [TEST_STEP][PASSED] - TR = tabR.toInteger(): null

16-05-2025T10:11:04 - [TEST_STEP][PASSED] - setValueToCellByIndex(sheet01, n, 4, TR): null

16-05-2025T10:11:04 - [TEST_STEP][PASSED] - if (tabB == null): null

16-05-2025T10:11:04 - [TEST_STEP][PASSED] - else: null

16-05-2025T10:11:04 - [TEST_STEP][PASSED] - if (tabB == "нет данных"): null

16-05-2025T10:11:04 - [TEST_STEP][PASSED] - else: null

16-05-2025T10:11:04 - [TEST_STEP][PASSED] - TB = tabB.toInteger(): null

16-05-2025T10:11:04 - [TEST_STEP][PASSED] - setValueToCellByIndex(sheet01, n, 5, TB): null

16-05-2025T10:11:04 - [TEST_STEP][PASSED] - setValueToCellByIndex(sheet01, n, 6, m): null

16-05-2025T10:11:04 - [TEST_STEP][PASSED] - setValueToCellByIndex(sheet01, n, 7, y): null

16-05-2025T10:11:04 - [TEST_STEP][PASSED] - setValueToCellByIndex(sheet01, n, 8, todaysDate): null

16-05-2025T10:11:04 - [TEST_STEP][PASSED] - n = n + 1: null

16-05-2025T10:11:04 - [TEST_STEP][PASSED] - saveWorkbook(excelFilePath, workbook01): null

16-05-2025T10:11:04 - [TEST_STEP][PASSED] - ii2 = a.indexOf("ПАО"): null

16-05-2025T10:11:04 - [TEST_STEP][PASSED] - if (ii2 == -1): null

16-05-2025T10:11:04 - [TEST_STEP][PASSED] - vidget = "Отклонения фактического уровня потерь от бизнес-плана": null

16-05-2025T10:11:04 - [TEST_STEP][PASSED] - typeOfData = "Коэффициент": null

16-05-2025T10:11:04 - [TEST_STEP][PASSED] - o1R = Geto1R(x = a): null

16-05-2025T10:11:04 - [TEST_STEP][PASSED] - i1 = <not implemented yet for class: org.codehaus.groovy.ast.expr.EmptyExpression>: null

16-05-2025T10:11:04 - [TEST_STEP][PASSED] - ii = <not implemented yet for class: org.codehaus.groovy.ast.expr.EmptyExpression>: null

16-05-2025T10:11:04 - [TEST_STEP][PASSED] - for ([ii = 1, ii < 10, (ii++)]): null

16-05-2025T10:11:04 - [TEST_STEP][PASSED] - i1 = x.indexOf("/") + 1: null

16-05-2025T10:11:04 - [TEST_STEP][PASSED] - if (i1 > -1): null

16-05-2025T10:11:04 - [TEST_STEP][PASSED] - x = x.substring(i1, x.length()): null

16-05-2025T10:11:04 - [TEST_STEP][PASSED] - i1 = x.indexOf("/") + 1: null

16-05-2025T10:11:04 - [TEST_STEP][PASSED] - if (i1 > -1): null

16-05-2025T10:11:04 - [TEST_STEP][PASSED] - x = x.substring(i1, x.length()): null

16-05-2025T10:11:04 - [TEST_STEP][PASSED] - i1 = x.indexOf("/") + 1: null

16-05-2025T10:11:04 - [TEST_STEP][PASSED] - if (i1 > -1): null

16-05-2025T10:11:04 - [TEST_STEP][PASSED] - x = x.substring(i1, x.length()): null

16-05-2025T10:11:04 - [TEST_STEP][PASSED] - i1 = x.indexOf("/") + 1: null

16-05-2025T10:11:04 - [TEST_STEP][PASSED] - if (i1 > -1): null

16-05-2025T10:11:04 - [TEST_STEP][PASSED] - x = x.substring(i1, x.length()): null

16-05-2025T10:11:04 - [TEST_STEP][PASSED] - i1 = x.indexOf("/") + 1: null

16-05-2025T10:11:04 - [TEST_STEP][PASSED] - if (i1 > -1): null

16-05-2025T10:11:04 - [TEST_STEP][PASSED] - x = x.substring(i1, x.length()): null

16-05-2025T10:11:04 - [TEST_STEP][PASSED] - i1 = x.indexOf("/") + 1: null

16-05-2025T10:11:04 - [TEST_STEP][PASSED] - if (i1 > -1): null

16-05-2025T10:11:04 - [TEST_STEP][PASSED] - x = x.substring(i1, x.length()): null

16-05-2025T10:11:04 - [TEST_STEP][PASSED] - i1 = x.indexOf("/") + 1: null

16-05-2025T10:11:04 - [TEST_STEP][PASSED] - if (i1 > -1): null

16-05-2025T10:11:04 - [TEST_STEP][PASSED] - x = x.substring(i1, x.length()): null

16-05-2025T10:11:04 - [TEST_STEP][PASSED] - i1 = x.indexOf("/") + 1: null

16-05-2025T10:11:04 - [TEST_STEP][PASSED] - if (i1 > -1): null

16-05-2025T10:11:04 - [TEST_STEP][PASSED] - x = x.substring(i1, x.length()): null

16-05-2025T10:11:04 - [TEST_STEP][PASSED] - i1 = x.indexOf("/") + 1: null

16-05-2025T10:11:04 - [TEST_STEP][PASSED] - if (i1 > -1): null

16-05-2025T10:11:04 - [TEST_STEP][PASSED] - x = x.substring(i1, x.length()): null

16-05-2025T10:11:04 - [TEST_STEP][PASSED] - i1 = x.indexOf("/"): null

16-05-2025T10:11:04 - [TEST_STEP][PASSED] - if (i1 > -1): null

16-05-2025T10:11:04 - [TEST_STEP][PASSED] - println(x): null

16-05-2025T10:11:04 - [TEST_STEP][PASSED] - return x: null

16-05-2025T10:11:04 - [TEST_STEP][PASSED] - o1B = Geto1B(x = b): null

16-05-2025T10:11:04 - [TEST_STEP][PASSED] - i1 = <not implemented yet for class: org.codehaus.groovy.ast.expr.EmptyExpression>: null

16-05-2025T10:11:04 - [TEST_STEP][PASSED] - ii = <not implemented yet for class: org.codehaus.groovy.ast.expr.EmptyExpression>: null

16-05-2025T10:11:04 - [TEST_STEP][PASSED] - for ([ii = 1, ii < 10, (ii++)]): null

16-05-2025T10:11:04 - [TEST_STEP][PASSED] - i1 = x.indexOf("/") + 1: null

16-05-2025T10:11:04 - [TEST_STEP][PASSED] - if (i1 > -1): null

16-05-2025T10:11:04 - [TEST_STEP][PASSED] - x = x.substring(i1, x.length()): null

16-05-2025T10:11:04 - [TEST_STEP][PASSED] - i1 = x.indexOf("/") + 1: null

16-05-2025T10:11:04 - [TEST_STEP][PASSED] - if (i1 > -1): null

16-05-2025T10:11:04 - [TEST_STEP][PASSED] - x = x.substring(i1, x.length()): null

16-05-2025T10:11:04 - [TEST_STEP][PASSED] - i1 = x.indexOf("/") + 1: null

16-05-2025T10:11:04 - [TEST_STEP][PASSED] - if (i1 > -1): null

16-05-2025T10:11:04 - [TEST_STEP][PASSED] - x = x.substring(i1, x.length()): null

16-05-2025T10:11:04 - [TEST_STEP][PASSED] - i1 = x.indexOf("/") + 1: null

16-05-2025T10:11:04 - [TEST_STEP][PASSED] - if (i1 > -1): null

16-05-2025T10:11:04 - [TEST_STEP][PASSED] - x = x.substring(i1, x.length()): null

16-05-2025T10:11:04 - [TEST_STEP][PASSED] - i1 = x.indexOf("/") + 1: null

16-05-2025T10:11:04 - [TEST_STEP][PASSED] - if (i1 > -1): null

16-05-2025T10:11:04 - [TEST_STEP][PASSED] - x = x.substring(i1, x.length()): null

16-05-2025T10:11:04 - [TEST_STEP][PASSED] - i1 = x.indexOf("/") + 1: null

16-05-2025T10:11:04 - [TEST_STEP][PASSED] - if (i1 > -1): null

16-05-2025T10:11:04 - [TEST_STEP][PASSED] - x = x.substring(i1, x.length()): null

16-05-2025T10:11:04 - [TEST_STEP][PASSED] - i1 = x.indexOf("/") + 1: null

16-05-2025T10:11:04 - [TEST_STEP][PASSED] - if (i1 > -1): null

16-05-2025T10:11:04 - [TEST_STEP][PASSED] - x = x.substring(i1, x.length()): null

16-05-2025T10:11:04 - [TEST_STEP][PASSED] - i1 = x.indexOf("/") + 1: null

16-05-2025T10:11:04 - [TEST_STEP][PASSED] - if (i1 > -1): null

16-05-2025T10:11:04 - [TEST_STEP][PASSED] - x = x.substring(i1, x.length()): null

16-05-2025T10:11:04 - [TEST_STEP][PASSED] - i1 = x.indexOf("/") + 1: null

16-05-2025T10:11:04 - [TEST_STEP][PASSED] - if (i1 > -1): null

16-05-2025T10:11:04 - [TEST_STEP][PASSED] - x = x.substring(i1, x.length()): null

16-05-2025T10:11:04 - [TEST_STEP][PASSED] - i1 = x.indexOf("/"): null

16-05-2025T10:11:04 - [TEST_STEP][PASSED] - if (i1 > -1): null

16-05-2025T10:11:04 - [TEST_STEP][PASSED] - println(x): null

16-05-2025T10:11:04 - [TEST_STEP][PASSED] - return x: Actual object 'Россети Янтарь/10.39/8.87/901140/821181/79959/908608/814188/94420/-1.52' and expected object 'Россети Янтарь/10.39/8.87/901140/821181/79959/908608/814188/94420/-1.52' are equal

16-05-2025T10:11:04 - [TEST_STEP][PASSED] - println(o1R + "/" + o1B): null

16-05-2025T10:11:04 - [TEST_STEP][PASSED] - if (verifyEqual(PercFactR, PercFactB) == false): Actual object '6.63' and expected object '6.63' are equal

16-05-2025T10:11:04 - [MESSAGE][PASSED] - Actual object '6.63' and expected object '6.63' are equal

16-05-2025T10:11:04 - [TEST_STEP][PASSED] - if (verifyEqual(cenR, cenB) == false): Actual object 'Россети Центр (ГК)/нет данных/нет данных/нет данных/нет данных/нет данных/нет данных/нет данных/нет данных/нет данных' and expected object 'Россети Центр (ГК)/нет данных/нет данных/нет данных/нет данных/нет данных/нет данных/нет данных/нет данных/нет данных' are equal

16-05-2025T10:11:04 - [MESSAGE][PASSED] - Actual object 'Россети Центр (ГК)/нет данных/нет данных/нет данных/нет данных/нет данных/нет данных/нет данных/нет данных/нет данных' and expected object 'Россети Центр (ГК)/нет данных/нет данных/нет данных/нет данных/нет данных/нет данных/нет данных/нет данных/нет данных' are equal

16-05-2025T10:11:04 - [TEST_STEP][PASSED] - if (verifyEqual(cIPR, cIPB) == false): Actual object 'Россети Центр и Приволжье (ГК)/нет данных/нет данных/нет данных/нет данных/нет данных/нет данных/нет данных/нет данных/нет данных' and expected object 'Россети Центр и Приволжье (ГК)/нет данных/нет данных/нет данных/нет данных/нет данных/нет данных/нет данных/нет данных/нет данных' are equal

16-05-2025T10:11:04 - [MESSAGE][PASSED] - Actual object 'Россети Центр и Приволжье (ГК)/нет данных/нет данных/нет данных/нет данных/нет данных/нет данных/нет данных/нет данных/нет данных' and expected object 'Россети Центр и Приволжье (ГК)/нет данных/нет данных/нет данных/нет данных/нет данных/нет данных/нет данных/нет данных/нет данных' are equal

16-05-2025T10:11:04 - [TEST_STEP][PASSED] - if (verifyEqual(ugR, ugB) == false): Actual object 'Россети Юг (ГК)/10.84/9.40/3467484/3141633/325852/3760351/3352866/407485/-1.52' and expected object 'Россети Юг (ГК)/10.84/9.40/3467484/3141633/325852/3760351/3352866/407485/-1.52' are equal

16-05-2025T10:11:04 - [MESSAGE][PASSED] - Actual object 'Россети Юг (ГК)/10.84/9.40/3467484/3141633/325852/3760351/3352866/407485/-1.52' and expected object 'Россети Юг (ГК)/10.84/9.40/3467484/3141633/325852/3760351/3352866/407485/-1.52' are equal

16-05-2025T10:11:04 - [TEST_STEP][PASSED] - if (verifyEqual(yR, yB) == false): Actual object 'Россети Янтарь/10.39/8.87/901140/821181/79959/908608/814188/94420/-1.52' and expected object 'Россети Янтарь/10.39/8.87/901140/821181/79959/908608/814188/94420/-1.52' are equal

16-05-2025T10:11:04 - [MESSAGE][PASSED] - Actual object 'Россети Янтарь/10.39/8.87/901140/821181/79959/908608/814188/94420/-1.52' and expected object 'Россети Янтарь/10.39/8.87/901140/821181/79959/908608/814188/94420/-1.52' are equal

16-05-2025T10:11:04 - [TEST_STEP][PASSED] - closeBrowser(): Browser is closed

16-05-2025T10:11:05 - [MESSAGE][PASSED] - Browser is closed]]></system-out>
         <system-err><![CDATA[16-05-2025T10:03:40 - [TEST_CASE][FAILED] - Test Cases/Сверки дашбордов/Выполнение бизнес-плана сверка дашбордов: Test Cases/Сверки дашбордов/Выполнение бизнес-плана сверка дашбордов FAILED.
Reason:
com.kms.katalon.core.exception.StepFailedException: Unable to verify object is present (Root cause: com.kms.katalon.core.exception.StepFailedException: Unable to verify object is present
	at com.kms.katalon.core.webui.keyword.internal.WebUIKeywordMain.stepFailed(WebUIKeywordMain.groovy:64)
	at com.kms.katalon.core.webui.keyword.internal.WebUIKeywordMain.runKeyword(WebUIKeywordMain.groovy:26)
	at com.kms.katalon.core.webui.keyword.builtin.VerifyElementPresentKeyword.verifyElementPresent(VerifyElementPresentKeyword.groovy:92)
	at com.kms.katalon.core.webui.keyword.builtin.VerifyElementPresentKeyword.execute(VerifyElementPresentKeyword.groovy:68)
	at com.kms.katalon.core.keyword.internal.KeywordExecutor.executeKeywordForPlatform(KeywordExecutor.groovy:74)
	at com.kms.katalon.core.webui.keyword.WebUiBuiltInKeywords.verifyElementPresent(WebUiBuiltInKeywords.groovy:1503)
	at Выполнение бизнес-плана сверка дашбордов.GetAllPAOData(Выполнение бизнес-плана сверка дашбордов:862)
	at Выполнение бизнес-плана сверка дашбордов.run(Выполнение бизнес-плана сверка дашбордов:362)
	at com.kms.katalon.core.main.ScriptEngine.run(ScriptEngine.java:194)
	at com.kms.katalon.core.main.ScriptEngine.runScriptAsRawText(ScriptEngine.java:119)
	at com.kms.katalon.core.main.TestCaseExecutor.runScript(TestCaseExecutor.java:448)
	at com.kms.katalon.core.main.TestCaseExecutor.doExecute(TestCaseExecutor.java:439)
	at com.kms.katalon.core.main.TestCaseExecutor.processExecutionPhase(TestCaseExecutor.java:418)
	at com.kms.katalon.core.main.TestCaseExecutor.accessMainPhase(TestCaseExecutor.java:410)
	at com.kms.katalon.core.main.TestCaseExecutor.execute(TestCaseExecutor.java:285)
	at com.kms.katalon.core.common.CommonExecutor.accessTestCaseMainPhase(CommonExecutor.java:65)
	at com.kms.katalon.core.main.TestSuiteExecutor.accessTestSuiteMainPhase(TestSuiteExecutor.java:150)
	at com.kms.katalon.core.main.TestSuiteExecutor.execute(TestSuiteExecutor.java:106)
	at com.kms.katalon.core.main.TestCaseMain.startTestSuite(TestCaseMain.java:180)
	at TempTestSuite1747369435659.run(TempTestSuite1747369435659.groovy:35)
	at java.base/jdk.internal.reflect.NativeMethodAccessorImpl.invoke0(Native Method)
	at java.base/jdk.internal.reflect.NativeMethodAccessorImpl.invoke(NativeMethodAccessorImpl.java:77)
	at java.base/jdk.internal.reflect.DelegatingMethodAccessorImpl.invoke(DelegatingMethodAccessorImpl.java:43)
Caused by: java.lang.IllegalArgumentException: Object is null
	at com.kms.katalon.core.helper.KeywordHelper.checkTestObjectParameter(KeywordHelper.java:33)
	at com.kms.katalon.core.webui.keyword.builtin.VerifyElementPresentKeyword$_verifyElementPresent_closure1.doCall(VerifyElementPresentKeyword.groovy:76)
	at com.kms.katalon.core.webui.keyword.builtin.VerifyElementPresentKeyword$_verifyElementPresent_closure1.call(VerifyElementPresentKeyword.groovy)
	at com.kms.katalon.core.webui.keyword.internal.WebUIKeywordMain.runKeyword(WebUIKeywordMain.groovy:20)
	at com.kms.katalon.core.webui.keyword.builtin.VerifyElementPresentKeyword.verifyElementPresent(VerifyElementPresentKeyword.groovy:92)
	at com.kms.katalon.core.webui.keyword.builtin.VerifyElementPresentKeyword.execute(VerifyElementPresentKeyword.groovy:68)
	at com.kms.katalon.core.keyword.internal.KeywordExecutor.executeKeywordForPlatform(KeywordExecutor.groovy:74)
	at com.kms.katalon.core.webui.keyword.WebUiBuiltInKeywords.verifyElementPresent(WebUiBuiltInKeywords.groovy:1503)
	at Script1719299571342.GetAllPAOData(Script1719299571342.groovy:862)
	at Script1719299571342.run(Script1719299571342.groovy:362)
	... 15 more
)
	at com.kms.katalon.core.keyword.internal.KeywordMain.stepFailed(KeywordMain.groovy:39)
	at com.kms.katalon.core.webui.keyword.internal.WebUIKeywordMain.stepFailed(WebUIKeywordMain.groovy:64)
	at com.kms.katalon.core.webui.keyword.internal.WebUIKeywordMain.runKeyword(WebUIKeywordMain.groovy:26)
	at com.kms.katalon.core.webui.keyword.builtin.VerifyElementPresentKeyword.verifyElementPresent(VerifyElementPresentKeyword.groovy:92)
	at com.kms.katalon.core.webui.keyword.builtin.VerifyElementPresentKeyword.execute(VerifyElementPresentKeyword.groovy:68)
	at com.kms.katalon.core.keyword.internal.KeywordExecutor.executeKeywordForPlatform(KeywordExecutor.groovy:74)
	at com.kms.katalon.core.webui.keyword.WebUiBuiltInKeywords.verifyElementPresent(WebUiBuiltInKeywords.groovy:1503)
	at Выполнение бизнес-плана сверка дашбордов.GetAllPAOData(Выполнение бизнес-плана сверка дашбордов:862)
	at Выполнение бизнес-плана сверка дашбордов.run(Выполнение бизнес-плана сверка дашбордов:362)
	at com.kms.katalon.core.main.ScriptEngine.run(ScriptEngine.java:194)
	at com.kms.katalon.core.main.ScriptEngine.runScriptAsRawText(ScriptEngine.java:119)
	at com.kms.katalon.core.main.TestCaseExecutor.runScript(TestCaseExecutor.java:448)
	at com.kms.katalon.core.main.TestCaseExecutor.doExecute(TestCaseExecutor.java:439)
	at com.kms.katalon.core.main.TestCaseExecutor.processExecutionPhase(TestCaseExecutor.java:418)
	at com.kms.katalon.core.main.TestCaseExecutor.accessMainPhase(TestCaseExecutor.java:410)
	at com.kms.katalon.core.main.TestCaseExecutor.execute(TestCaseExecutor.java:285)
	at com.kms.katalon.core.common.CommonExecutor.accessTestCaseMainPhase(CommonExecutor.java:65)
	at com.kms.katalon.core.main.TestSuiteExecutor.accessTestSuiteMainPhase(TestSuiteExecutor.java:150)
	at com.kms.katalon.core.main.TestSuiteExecutor.execute(TestSuiteExecutor.java:106)
	at com.kms.katalon.core.main.TestCaseMain.startTestSuite(TestCaseMain.java:180)
	at TempTestSuite1747369435659.run(TempTestSuite1747369435659.groovy:35)
	at java.base/jdk.internal.reflect.NativeMethodAccessorImpl.invoke0(Native Method)
	at java.base/jdk.internal.reflect.NativeMethodAccessorImpl.invoke(NativeMethodAccessorImpl.java:77)
	at java.base/jdk.internal.reflect.DelegatingMethodAccessorImpl.invoke(DelegatingMethodAccessorImpl.java:43)
Caused by: com.kms.katalon.core.exception.StepFailedException: Unable to verify object is present
	... 23 more
Caused by: java.lang.IllegalArgumentException: Object is null
	at com.kms.katalon.core.helper.KeywordHelper.checkTestObjectParameter(KeywordHelper.java:33)
	at com.kms.katalon.core.webui.keyword.builtin.VerifyElementPresentKeyword$_verifyElementPresent_closure1.doCall(VerifyElementPresentKeyword.groovy:76)
	at com.kms.katalon.core.webui.keyword.builtin.VerifyElementPresentKeyword$_verifyElementPresent_closure1.call(VerifyElementPresentKeyword.groovy)
	at com.kms.katalon.core.webui.keyword.internal.WebUIKeywordMain.runKeyword(WebUIKeywordMain.groovy:20)
	... 21 more]]></system-err>
      </testcase>
      <testcase name="Test Cases/Сверки дашбордов/Выручка в рублях сверка дашбордов ПАО Россети" time="4641.681" classname="Test Cases/Сверки дашбордов/Выручка в рублях сверка дашбордов ПАО Россети" status="PASSED">
         <system-out><![CDATA[16-05-2025T10:11:05 - [TEST_CASE][PASSED] - Test Cases/Сверки дашбордов/Выручка в рублях сверка дашбордов ПАО Россети: Test Cases/Сверки дашбордов/Выручка в рублях сверка дашбордов ПАО Россети

16-05-2025T10:11:05 - [TEST_STEP][PASSED] - date = new java.util.Date(): null

16-05-2025T10:11:05 - [TEST_STEP][PASSED] - todaysDate = date.format("dd.MM.yyyy"): null

16-05-2025T10:11:05 - [TEST_STEP][PASSED] - println(todaysDate): null

16-05-2025T10:11:05 - [TEST_STEP][PASSED] - run = 1: null

16-05-2025T10:11:05 - [TEST_STEP][PASSED] - vir = 1: null

16-05-2025T10:11:05 - [TEST_STEP][PASSED] - block = 1: null

16-05-2025T10:11:05 - [TEST_STEP][PASSED] - vidget = <not implemented yet for class: org.codehaus.groovy.ast.expr.EmptyExpression>: null

16-05-2025T10:11:05 - [TEST_STEP][PASSED] - nameOfBlock = <not implemented yet for class: org.codehaus.groovy.ast.expr.EmptyExpression>: null

16-05-2025T10:11:05 - [TEST_STEP][PASSED] - typeOfData = <not implemented yet for class: org.codehaus.groovy.ast.expr.EmptyExpression>: null

16-05-2025T10:11:05 - [TEST_STEP][PASSED] - viruchka = <not implemented yet for class: org.codehaus.groovy.ast.expr.EmptyExpression>: null

16-05-2025T10:11:05 - [TEST_STEP][PASSED] - a = <not implemented yet for class: org.codehaus.groovy.ast.expr.EmptyExpression>: null

16-05-2025T10:11:05 - [TEST_STEP][PASSED] - b = <not implemented yet for class: org.codehaus.groovy.ast.expr.EmptyExpression>: null

16-05-2025T10:11:05 - [TEST_STEP][PASSED] - x = <not implemented yet for class: org.codehaus.groovy.ast.expr.EmptyExpression>: null

16-05-2025T10:11:05 - [TEST_STEP][PASSED] - y = <not implemented yet for class: org.codehaus.groovy.ast.expr.EmptyExpression>: null

16-05-2025T10:11:05 - [TEST_STEP][PASSED] - dZO = "ПАО Россети": null

16-05-2025T10:11:05 - [TEST_STEP][PASSED] - for ([run = 1, run < 3, (run++)]): null

16-05-2025T10:11:05 - [TEST_STEP][PASSED] - Script1742558545601.ViruchkaChange(run, vir, block, nameOfBlock, typeOfData, viruchka, vidget, todaysDate, a, b, dZO, x, y): null

16-05-2025T10:11:05 - [TEST_STEP][PASSED] - for ([vir = 1, vir < 4, (vir++)]): null

16-05-2025T10:11:05 - [TEST_STEP][PASSED] - Script1742558545601.Blocks(run, vir, block, nameOfBlock, typeOfData, viruchka, vidget, todaysDate, a, b, dZO, x, y): null

16-05-2025T10:11:05 - [TEST_STEP][PASSED] - i = <not implemented yet for class: org.codehaus.groovy.ast.expr.EmptyExpression>: null

16-05-2025T10:11:05 - [TEST_STEP][PASSED] - perc = "": null

16-05-2025T10:11:05 - [TEST_STEP][PASSED] - a1 = <not implemented yet for class: org.codehaus.groovy.ast.expr.EmptyExpression>: null

16-05-2025T10:11:05 - [TEST_STEP][PASSED] - a2 = <not implemented yet for class: org.codehaus.groovy.ast.expr.EmptyExpression>: null

16-05-2025T10:11:05 - [TEST_STEP][PASSED] - a30 = <not implemented yet for class: org.codehaus.groovy.ast.expr.EmptyExpression>: null

16-05-2025T10:11:05 - [TEST_STEP][PASSED] - a31 = <not implemented yet for class: org.codehaus.groovy.ast.expr.EmptyExpression>: null

16-05-2025T10:11:05 - [TEST_STEP][PASSED] - a32 = <not implemented yet for class: org.codehaus.groovy.ast.expr.EmptyExpression>: null

16-05-2025T10:11:05 - [TEST_STEP][PASSED] - a33 = <not implemented yet for class: org.codehaus.groovy.ast.expr.EmptyExpression>: null

16-05-2025T10:11:05 - [TEST_STEP][PASSED] - a34 = <not implemented yet for class: org.codehaus.groovy.ast.expr.EmptyExpression>: null

16-05-2025T10:11:05 - [TEST_STEP][PASSED] - a35 = <not implemented yet for class: org.codehaus.groovy.ast.expr.EmptyExpression>: null

16-05-2025T10:11:05 - [TEST_STEP][PASSED] - a36 = <not implemented yet for class: org.codehaus.groovy.ast.expr.EmptyExpression>: null

16-05-2025T10:11:05 - [TEST_STEP][PASSED] - a37 = <not implemented yet for class: org.codehaus.groovy.ast.expr.EmptyExpression>: null

16-05-2025T10:11:05 - [TEST_STEP][PASSED] - a38 = <not implemented yet for class: org.codehaus.groovy.ast.expr.EmptyExpression>: null

16-05-2025T10:11:05 - [TEST_STEP][PASSED] - a39 = <not implemented yet for class: org.codehaus.groovy.ast.expr.EmptyExpression>: null

16-05-2025T10:11:05 - [TEST_STEP][PASSED] - a310 = <not implemented yet for class: org.codehaus.groovy.ast.expr.EmptyExpression>: null

16-05-2025T10:11:05 - [TEST_STEP][PASSED] - a311 = <not implemented yet for class: org.codehaus.groovy.ast.expr.EmptyExpression>: null

16-05-2025T10:11:05 - [TEST_STEP][PASSED] - a312 = <not implemented yet for class: org.codehaus.groovy.ast.expr.EmptyExpression>: null

16-05-2025T10:11:05 - [TEST_STEP][PASSED] - a313 = <not implemented yet for class: org.codehaus.groovy.ast.expr.EmptyExpression>: null

16-05-2025T10:11:05 - [TEST_STEP][PASSED] - a314 = <not implemented yet for class: org.codehaus.groovy.ast.expr.EmptyExpression>: null

16-05-2025T10:11:05 - [TEST_STEP][PASSED] - a315 = <not implemented yet for class: org.codehaus.groovy.ast.expr.EmptyExpression>: null

16-05-2025T10:11:05 - [TEST_STEP][PASSED] - a316 = <not implemented yet for class: org.codehaus.groovy.ast.expr.EmptyExpression>: null

16-05-2025T10:11:05 - [TEST_STEP][PASSED] - a317 = <not implemented yet for class: org.codehaus.groovy.ast.expr.EmptyExpression>: null

16-05-2025T10:11:05 - [TEST_STEP][PASSED] - a318 = <not implemented yet for class: org.codehaus.groovy.ast.expr.EmptyExpression>: null

16-05-2025T10:11:05 - [TEST_STEP][PASSED] - b1 = <not implemented yet for class: org.codehaus.groovy.ast.expr.EmptyExpression>: null

16-05-2025T10:11:05 - [TEST_STEP][PASSED] - b2 = <not implemented yet for class: org.codehaus.groovy.ast.expr.EmptyExpression>: null

16-05-2025T10:11:05 - [TEST_STEP][PASSED] - b30 = <not implemented yet for class: org.codehaus.groovy.ast.expr.EmptyExpression>: null

16-05-2025T10:11:05 - [TEST_STEP][PASSED] - b31 = <not implemented yet for class: org.codehaus.groovy.ast.expr.EmptyExpression>: null

16-05-2025T10:11:05 - [TEST_STEP][PASSED] - b32 = <not implemented yet for class: org.codehaus.groovy.ast.expr.EmptyExpression>: null

16-05-2025T10:11:05 - [TEST_STEP][PASSED] - b33 = <not implemented yet for class: org.codehaus.groovy.ast.expr.EmptyExpression>: null

16-05-2025T10:11:05 - [TEST_STEP][PASSED] - b34 = <not implemented yet for class: org.codehaus.groovy.ast.expr.EmptyExpression>: null

16-05-2025T10:11:05 - [TEST_STEP][PASSED] - b35 = <not implemented yet for class: org.codehaus.groovy.ast.expr.EmptyExpression>: null

16-05-2025T10:11:05 - [TEST_STEP][PASSED] - b36 = <not implemented yet for class: org.codehaus.groovy.ast.expr.EmptyExpression>: null

16-05-2025T10:11:05 - [TEST_STEP][PASSED] - b37 = <not implemented yet for class: org.codehaus.groovy.ast.expr.EmptyExpression>: null

16-05-2025T10:11:05 - [TEST_STEP][PASSED] - b38 = <not implemented yet for class: org.codehaus.groovy.ast.expr.EmptyExpression>: null

16-05-2025T10:11:05 - [TEST_STEP][PASSED] - b39 = <not implemented yet for class: org.codehaus.groovy.ast.expr.EmptyExpression>: null

16-05-2025T10:11:05 - [TEST_STEP][PASSED] - b310 = <not implemented yet for class: org.codehaus.groovy.ast.expr.EmptyExpression>: null

16-05-2025T10:11:05 - [TEST_STEP][PASSED] - b311 = <not implemented yet for class: org.codehaus.groovy.ast.expr.EmptyExpression>: null

16-05-2025T10:11:05 - [TEST_STEP][PASSED] - b312 = <not implemented yet for class: org.codehaus.groovy.ast.expr.EmptyExpression>: null

16-05-2025T10:11:05 - [TEST_STEP][PASSED] - b313 = <not implemented yet for class: org.codehaus.groovy.ast.expr.EmptyExpression>: null

16-05-2025T10:11:05 - [TEST_STEP][PASSED] - b314 = <not implemented yet for class: org.codehaus.groovy.ast.expr.EmptyExpression>: null

16-05-2025T10:11:05 - [TEST_STEP][PASSED] - b315 = <not implemented yet for class: org.codehaus.groovy.ast.expr.EmptyExpression>: null

16-05-2025T10:11:05 - [TEST_STEP][PASSED] - b316 = <not implemented yet for class: org.codehaus.groovy.ast.expr.EmptyExpression>: null

16-05-2025T10:11:05 - [TEST_STEP][PASSED] - b317 = <not implemented yet for class: org.codehaus.groovy.ast.expr.EmptyExpression>: null

16-05-2025T10:11:05 - [TEST_STEP][PASSED] - b318 = <not implemented yet for class: org.codehaus.groovy.ast.expr.EmptyExpression>: null

16-05-2025T10:11:05 - [TEST_STEP][PASSED] - block = 1: null

16-05-2025T10:11:05 - [TEST_STEP][PASSED] - nameOfBlock = "": null

16-05-2025T10:11:05 - [TEST_STEP][PASSED] - Script1742558545601.PreSettings(run, vir, block, nameOfBlock, typeOfData, todaysDate): null

16-05-2025T10:11:05 - [TEST_STEP][PASSED] - openBrowser(""): Browser is opened with url: ''

16-05-2025T10:11:05 - [MESSAGE][INFO] - Starting 'Chrome' driver

16-05-2025T10:11:05 - [MESSAGE][INFO] - Action delay is set to 0 milliseconds

16-05-2025T10:11:06 - [MESSAGE][PASSED] - Browser is opened with url: ''

16-05-2025T10:11:06 - [TEST_STEP][PASSED] - refresh(): Refresh successfully

16-05-2025T10:11:06 - [MESSAGE][PASSED] - Refresh successfully

16-05-2025T10:11:06 - [TEST_STEP][PASSED] - delay(50): Delayed 50 second(s)

16-05-2025T10:11:56 - [MESSAGE][PASSED] - Delayed 50 second(s)

16-05-2025T10:11:56 - [TEST_STEP][PASSED] - println("run:" + run): null

16-05-2025T10:11:56 - [TEST_STEP][PASSED] - println("vir:" + vir): null

16-05-2025T10:11:56 - [TEST_STEP][PASSED] - println("block:" + block): null

16-05-2025T10:11:56 - [TEST_STEP][PASSED] - if (block == 1): null

16-05-2025T10:11:56 - [TEST_STEP][PASSED] - nameOfBlock = "": null

16-05-2025T10:11:56 - [TEST_STEP][PASSED] - println("nameOfBlock:" + nameOfBlock): null

16-05-2025T10:11:56 - [TEST_STEP][PASSED] - println("typeOfData:" + typeOfData): null

16-05-2025T10:11:56 - [TEST_STEP][PASSED] - println("todaysDate:" + todaysDate): null

16-05-2025T10:11:56 - [TEST_STEP][PASSED] - Script1742558545601.Autorization(block, nameOfBlock): null

16-05-2025T10:11:56 - [TEST_STEP][PASSED] - i = <not implemented yet for class: org.codehaus.groovy.ast.expr.EmptyExpression>: null

16-05-2025T10:11:56 - [TEST_STEP][PASSED] - ii = <not implemented yet for class: org.codehaus.groovy.ast.expr.EmptyExpression>: null

16-05-2025T10:11:56 - [TEST_STEP][PASSED] - urlData = <not implemented yet for class: org.codehaus.groovy.ast.expr.EmptyExpression>: null

16-05-2025T10:11:56 - [TEST_STEP][PASSED] - searchWord = <not implemented yet for class: org.codehaus.groovy.ast.expr.EmptyExpression>: null

16-05-2025T10:11:56 - [TEST_STEP][PASSED] - urlText = <not implemented yet for class: org.codehaus.groovy.ast.expr.EmptyExpression>: null

16-05-2025T10:11:56 - [TEST_STEP][PASSED] - println("block:" + block): null

16-05-2025T10:11:56 - [TEST_STEP][PASSED] - if (block == 1): null

16-05-2025T10:11:56 - [TEST_STEP][PASSED] - nameOfBlock = "": null

16-05-2025T10:11:56 - [TEST_STEP][PASSED] - println("nameOfBlock:" + nameOfBlock): null

16-05-2025T10:11:56 - [TEST_STEP][PASSED] - if (block == 1): Delayed 45 second(s)

16-05-2025T10:11:56 - [TEST_STEP][PASSED] - urlData = 2: null

16-05-2025T10:11:56 - [TEST_STEP][PASSED] - delay(45): Delayed 45 second(s)

16-05-2025T10:12:41 - [MESSAGE][PASSED] - Delayed 45 second(s)

16-05-2025T10:12:41 - [TEST_STEP][PASSED] - navigateToUrl(findTestData("PlanFact").getValue(10, urlData)): Navigate to 'https://bi.rosseti.digital/viewer?dashboardGuid=2301950b23be4ed89c1df75f2020051e&sheetGuid=b723206f698544fb87299f3095c00435&fit=true' successfully

16-05-2025T10:12:46 - [MESSAGE][PASSED] - Navigate to 'https://bi.rosseti.digital/viewer?dashboardGuid=2301950b23be4ed89c1df75f2020051e&sheetGuid=b723206f698544fb87299f3095c00435&fit=true' successfully

16-05-2025T10:12:46 - [TEST_STEP][PASSED] - urlText = getText(findTestObject("Страница авторизации/Text")): Text of object 'Object Repository/Страница авторизации/Text' is: 'Вход'

16-05-2025T10:12:46 - [MESSAGE][PASSED] - Text of object 'Object Repository/Страница авторизации/Text' is: 'Вход'

16-05-2025T10:12:46 - [TEST_STEP][PASSED] - searchWord = "Вход": null

16-05-2025T10:12:46 - [TEST_STEP][PASSED] - if (urlText == null || urlText.contains("ошибка") || urlText.contains(searchWord) == false): null

16-05-2025T10:12:46 - [TEST_STEP][PASSED] - if (verifyElementPresent(findTestObject("Страница авторизации/button_"), 30) == true): null

16-05-2025T10:12:47 - [MESSAGE][PASSED] - Object 'Object Repository/Страница авторизации/button_' is present

16-05-2025T10:12:47 - [TEST_STEP][PASSED] - setText(findTestObject("Страница авторизации/input__username"), findTestData("PlanFact").getValue(8, 1)): Text 'liazgina-di' is set on object 'Object Repository/Страница авторизации/input__username'

16-05-2025T10:12:47 - [MESSAGE][PASSED] - Text 'liazgina-di' is set on object 'Object Repository/Страница авторизации/input__username'

16-05-2025T10:12:47 - [TEST_STEP][PASSED] - setText(findTestObject("Страница авторизации/input__password"), findTestData("PlanFact").getValue(9, 1)): Text ')$%5srZ8o688Dm#q' is set on object 'Object Repository/Страница авторизации/input__password'

16-05-2025T10:12:48 - [MESSAGE][PASSED] - Text ')$%5srZ8o688Dm#q' is set on object 'Object Repository/Страница авторизации/input__password'

16-05-2025T10:12:48 - [TEST_STEP][PASSED] - click(findTestObject("Страница авторизации/button_")): Object: 'Object Repository/Страница авторизации/button_' is clicked on

16-05-2025T10:12:49 - [MESSAGE][PASSED] - Object: 'Object Repository/Страница авторизации/button_' is clicked on

16-05-2025T10:12:49 - [TEST_STEP][PASSED] - delay(45): Delayed 45 second(s)

16-05-2025T10:13:34 - [MESSAGE][PASSED] - Delayed 45 second(s)

16-05-2025T10:13:34 - [TEST_STEP][PASSED] - urlText = getText(findTestObject("Страница авторизации/Text")): Text of object 'Object Repository/Страница авторизации/Text' is: 'Период
1 кв. 2025 года
Выручка
Все
Выполнение плановых показателей по ПАО Россети за 1 кв. 2025 года
План
Факт
Динамика
2025 год
0 млн.руб.
50 000 млн.руб.
100 000 млн.руб.
150 000 млн.руб.
200 000 млн.руб.
250 000 млн.руб.
300 000 млн.руб.
350 000 млн.руб.
400 000 млн.руб.
450 000 млн.руб.
500 000 млн.руб.
550 000 млн.руб.
469 817
463 075
↓
ДЗО 
Все
Внутренний оборот - выручка за услуги по передаче электрической энергии, учтенная в выручке за электроэнергию для конечных потребителей, при выполнении ДЗО функций гарантирующего поставщика
Подписи данных
⬤Отклонение
АО "РЭС"
АО «Тываэнерго»
АО «Чеченэнерго»
Россети Волга
Россети Кубань
Россети Ленэнерго (ГК)
Россети Московский регион
Россети Северный Кавказ (ГК)
Россети Северо-Запад
Россети Сибирь (ГК)
Россети Томск
Россети Тюмень
Россети Урал (ГК)
Россети ФСК ЕЭС
Россети Центр
Россети Центр и Приволжье (ГК)
Россети Юг (ГК)
Россети Янтарь
-4 000 млн.руб.
-3 500 млн.руб.
-3 000 млн.руб.
-2 500 млн.руб.
-2 000 млн.руб.
-1 500 млн.руб.
-1 000 млн.руб.
- 500 млн.руб.
0 млн.руб.
500 млн.руб.
1 000 млн.руб.
1 500 млн.руб.
2 000 млн.руб.
-261
55
-27
-537
786
62
-3 345
-271
-253
876
-57
-2 765
-987
1 670
-805
-905
-11
31
млн.
%
Выручка
Отклонение выручки по ПАО Россети за 1 кв. 2025 года (факт/план, млн. руб)
ПАО Россети
-6 742.2 млн.руб.
 '

16-05-2025T10:13:35 - [MESSAGE][PASSED] - Text of object 'Object Repository/Страница авторизации/Text' is: 'Период
1 кв. 2025 года
Выручка
Все
Выполнение плановых показателей по ПАО Россети за 1 кв. 2025 года
План
Факт
Динамика
2025 год
0 млн.руб.
50 000 млн.руб.
100 000 млн.руб.
150 000 млн.руб.
200 000 млн.руб.
250 000 млн.руб.
300 000 млн.руб.
350 000 млн.руб.
400 000 млн.руб.
450 000 млн.руб.
500 000 млн.руб.
550 000 млн.руб.
469 817
463 075
↓
ДЗО 
Все
Внутренний оборот - выручка за услуги по передаче электрической энергии, учтенная в выручке за электроэнергию для конечных потребителей, при выполнении ДЗО функций гарантирующего поставщика
Подписи данных
⬤Отклонение
АО "РЭС"
АО «Тываэнерго»
АО «Чеченэнерго»
Россети Волга
Россети Кубань
Россети Ленэнерго (ГК)
Россети Московский регион
Россети Северный Кавказ (ГК)
Россети Северо-Запад
Россети Сибирь (ГК)
Россети Томск
Россети Тюмень
Россети Урал (ГК)
Россети ФСК ЕЭС
Россети Центр
Россети Центр и Приволжье (ГК)
Россети Юг (ГК)
Россети Янтарь
-4 000 млн.руб.
-3 500 млн.руб.
-3 000 млн.руб.
-2 500 млн.руб.
-2 000 млн.руб.
-1 500 млн.руб.
-1 000 млн.руб.
- 500 млн.руб.
0 млн.руб.
500 млн.руб.
1 000 млн.руб.
1 500 млн.руб.
2 000 млн.руб.
-261
55
-27
-537
786
62
-3 345
-271
-253
876
-57
-2 765
-987
1 670
-805
-905
-11
31
млн.
%
Выручка
Отклонение выручки по ПАО Россети за 1 кв. 2025 года (факт/план, млн. руб)
ПАО Россети
-6 742.2 млн.руб.
 '

16-05-2025T10:13:35 - [TEST_STEP][PASSED] - searchWord = "а": null

16-05-2025T10:13:35 - [TEST_STEP][PASSED] - if (urlText.contains("ошибка") || urlText.contains(searchWord) == false): null

16-05-2025T10:13:35 - [TEST_STEP][PASSED] - delay(45): Delayed 45 second(s)

16-05-2025T10:14:20 - [MESSAGE][PASSED] - Delayed 45 second(s)

16-05-2025T10:14:20 - [TEST_STEP][PASSED] - if (block == 2): null

16-05-2025T10:14:20 - [TEST_STEP][PASSED] - click(findTestObject("Выручка в рублях/Фильтр Период" + nameOfBlock)): Object: 'Object Repository/Выручка в рублях/Фильтр Период' is clicked on

16-05-2025T10:14:20 - [MESSAGE][PASSED] - Object: 'Object Repository/Выручка в рублях/Фильтр Период' is clicked on

16-05-2025T10:14:20 - [TEST_STEP][PASSED] - click(findTestObject("Выручка в рублях/Снять выделение в фильтре Дата" + nameOfBlock)): Object: 'Object Repository/Выручка в рублях/Снять выделение в фильтре Дата' is clicked on

16-05-2025T10:14:21 - [MESSAGE][PASSED] - Object: 'Object Repository/Выручка в рублях/Снять выделение в фильтре Дата' is clicked on

16-05-2025T10:14:21 - [TEST_STEP][PASSED] - click(findTestObject("Выручка в рублях/Применить в фильтре Дата" + nameOfBlock)): Object: 'Object Repository/Выручка в рублях/Применить в фильтре Дата' is clicked on

16-05-2025T10:14:21 - [MESSAGE][PASSED] - Object: 'Object Repository/Выручка в рублях/Применить в фильтре Дата' is clicked on

16-05-2025T10:14:21 - [TEST_STEP][PASSED] - delay(50): Delayed 50 second(s)

16-05-2025T10:15:11 - [MESSAGE][PASSED] - Delayed 50 second(s)

16-05-2025T10:15:11 - [TEST_STEP][PASSED] - click(findTestObject("Выручка в рублях/Фильтр Период" + nameOfBlock)): Object: 'Object Repository/Выручка в рублях/Фильтр Период' is clicked on

16-05-2025T10:15:12 - [MESSAGE][PASSED] - Object: 'Object Repository/Выручка в рублях/Фильтр Период' is clicked on

16-05-2025T10:15:12 - [TEST_STEP][PASSED] - click(findTestObject("Выручка в рублях/Снять выделение в фильтре Дата" + nameOfBlock)): Object: 'Object Repository/Выручка в рублях/Снять выделение в фильтре Дата' is clicked on

16-05-2025T10:15:12 - [MESSAGE][PASSED] - Object: 'Object Repository/Выручка в рублях/Снять выделение в фильтре Дата' is clicked on

16-05-2025T10:15:12 - [TEST_STEP][PASSED] - scrollToElement(findTestObject("Выручка в рублях/2025 список" + nameOfBlock), 30): Scroll to object 'Object Repository/Выручка в рублях/2025 список' successfully

16-05-2025T10:15:12 - [MESSAGE][PASSED] - Scroll to object 'Object Repository/Выручка в рублях/2025 список' successfully

16-05-2025T10:15:12 - [TEST_STEP][PASSED] - click(findTestObject("Выручка в рублях/2025 список" + nameOfBlock)): Object: 'Object Repository/Выручка в рублях/2025 список' is clicked on

16-05-2025T10:15:13 - [MESSAGE][PASSED] - Object: 'Object Repository/Выручка в рублях/2025 список' is clicked on

16-05-2025T10:15:13 - [TEST_STEP][PASSED] - scrollToElement(findTestObject("Выручка в рублях/1 квартал 2025 список" + nameOfBlock), 30): Scroll to object 'Object Repository/Выручка в рублях/1 квартал 2025 список' successfully

16-05-2025T10:15:13 - [MESSAGE][PASSED] - Scroll to object 'Object Repository/Выручка в рублях/1 квартал 2025 список' successfully

16-05-2025T10:15:13 - [TEST_STEP][PASSED] - click(findTestObject("Выручка в рублях/1 квартал 2025 выбрать" + nameOfBlock)): Object: 'Object Repository/Выручка в рублях/1 квартал 2025 выбрать' is clicked on

16-05-2025T10:15:14 - [MESSAGE][PASSED] - Object: 'Object Repository/Выручка в рублях/1 квартал 2025 выбрать' is clicked on

16-05-2025T10:15:14 - [TEST_STEP][PASSED] - scrollToElement(findTestObject("Выручка в рублях/Заголовок дашборда" + nameOfBlock), 30): Scroll to object 'Object Repository/Выручка в рублях/Заголовок дашборда' successfully

16-05-2025T10:15:14 - [MESSAGE][PASSED] - Scroll to object 'Object Repository/Выручка в рублях/Заголовок дашборда' successfully

16-05-2025T10:15:14 - [TEST_STEP][PASSED] - click(findTestObject("Выручка в рублях/Применить в фильтре Дата" + nameOfBlock)): Object: 'Object Repository/Выручка в рублях/Применить в фильтре Дата' is clicked on

16-05-2025T10:15:15 - [MESSAGE][PASSED] - Object: 'Object Repository/Выручка в рублях/Применить в фильтре Дата' is clicked on

16-05-2025T10:15:15 - [TEST_STEP][PASSED] - delay(55): Delayed 55 second(s)

16-05-2025T10:16:10 - [MESSAGE][PASSED] - Delayed 55 second(s)

16-05-2025T10:16:10 - [TEST_STEP][PASSED] - click(findTestObject("Выручка в рублях/Фильтр ДЗО" + nameOfBlock)): Object: 'Object Repository/Выручка в рублях/Фильтр ДЗО' is clicked on

16-05-2025T10:16:10 - [MESSAGE][PASSED] - Object: 'Object Repository/Выручка в рублях/Фильтр ДЗО' is clicked on

16-05-2025T10:16:10 - [TEST_STEP][PASSED] - click(findTestObject("Выручка в рублях/Снять выделение в фильтре ДЗО" + nameOfBlock)): Object: 'Object Repository/Выручка в рублях/Снять выделение в фильтре ДЗО' is clicked on

16-05-2025T10:16:11 - [MESSAGE][PASSED] - Object: 'Object Repository/Выручка в рублях/Снять выделение в фильтре ДЗО' is clicked on

16-05-2025T10:16:11 - [TEST_STEP][PASSED] - click(findTestObject("Выручка в рублях/Применить в фильтре ДЗО" + nameOfBlock)): Object: 'Object Repository/Выручка в рублях/Применить в фильтре ДЗО' is clicked on

16-05-2025T10:16:11 - [MESSAGE][PASSED] - Object: 'Object Repository/Выручка в рублях/Применить в фильтре ДЗО' is clicked on

16-05-2025T10:16:11 - [TEST_STEP][PASSED] - delay(50): Delayed 50 second(s)

16-05-2025T10:17:01 - [MESSAGE][PASSED] - Delayed 50 second(s)

16-05-2025T10:17:01 - [TEST_STEP][PASSED] - Script1742558545601.Tumbler(run, vir, block, nameOfBlock): null

16-05-2025T10:17:01 - [TEST_STEP][PASSED] - println("run:" + run): null

16-05-2025T10:17:01 - [TEST_STEP][PASSED] - println("vir:" + vir): null

16-05-2025T10:17:01 - [TEST_STEP][PASSED] - println("block:" + block): null

16-05-2025T10:17:01 - [TEST_STEP][PASSED] - println("nameOfBlock:" + nameOfBlock): null

16-05-2025T10:17:01 - [TEST_STEP][PASSED] - if (vir == 1): null

16-05-2025T10:17:01 - [TEST_STEP][PASSED] - if (run == 2): null

16-05-2025T10:17:01 - [TEST_STEP][PASSED] - click(findTestObject("Выручка в рублях/Фильтр ДЗО" + nameOfBlock)): Object: 'Object Repository/Выручка в рублях/Фильтр ДЗО' is clicked on

16-05-2025T10:17:01 - [MESSAGE][PASSED] - Object: 'Object Repository/Выручка в рублях/Фильтр ДЗО' is clicked on

16-05-2025T10:17:01 - [TEST_STEP][PASSED] - Script1742558545601.Rosseti(nameOfBlock): null

16-05-2025T10:17:01 - [TEST_STEP][PASSED] - println("nameOfBlock:" + nameOfBlock): null

16-05-2025T10:17:01 - [TEST_STEP][PASSED] - click(findTestObject("Выручка в рублях/ПАО Россети" + nameOfBlock)): Object: 'Object Repository/Выручка в рублях/ПАО Россети' is clicked on

16-05-2025T10:17:02 - [MESSAGE][PASSED] - Object: 'Object Repository/Выручка в рублях/ПАО Россети' is clicked on

16-05-2025T10:17:02 - [TEST_STEP][PASSED] - click(findTestObject("Выручка в рублях/Применить в фильтре ДЗО" + nameOfBlock)): Object: 'Object Repository/Выручка в рублях/Применить в фильтре ДЗО' is clicked on

16-05-2025T10:17:03 - [MESSAGE][PASSED] - Object: 'Object Repository/Выручка в рублях/Применить в фильтре ДЗО' is clicked on

16-05-2025T10:17:03 - [TEST_STEP][PASSED] - if (run == 2): null

16-05-2025T10:17:03 - [TEST_STEP][PASSED] - if (vir == 1 || vir == 2): Text of object 'Object Repository/Выручка в рублях/График План' is: '469 817'

16-05-2025T10:17:03 - [TEST_STEP][PASSED] - a1 = getText(findTestObject("Выручка в рублях/График План")): Text of object 'Object Repository/Выручка в рублях/График План' is: '469 817'

16-05-2025T10:17:04 - [MESSAGE][PASSED] - Text of object 'Object Repository/Выручка в рублях/График План' is: '469 817'

16-05-2025T10:17:04 - [TEST_STEP][PASSED] - if (vir == 1 || vir == 2): Text of object 'Object Repository/Выручка в рублях/График Факт' is: '463 075'

16-05-2025T10:17:04 - [TEST_STEP][PASSED] - a2 = getText(findTestObject("Выручка в рублях/График Факт")): Text of object 'Object Repository/Выручка в рублях/График Факт' is: '463 075'

16-05-2025T10:17:05 - [MESSAGE][PASSED] - Text of object 'Object Repository/Выручка в рублях/График Факт' is: '463 075'

16-05-2025T10:17:05 - [TEST_STEP][PASSED] - a30 = getText(findTestObject("Выручка в рублях/span1" + perc)): Text of object 'Object Repository/Выручка в рублях/span1' is: '-6 742.2 млн.руб.'

16-05-2025T10:17:05 - [MESSAGE][PASSED] - Text of object 'Object Repository/Выручка в рублях/span1' is: '-6 742.2 млн.руб.'

16-05-2025T10:17:05 - [TEST_STEP][PASSED] - i = a30.indexOf("млн.руб."): null

16-05-2025T10:17:05 - [TEST_STEP][PASSED] - if (i > -1): null

16-05-2025T10:17:05 - [TEST_STEP][PASSED] - a30 = a30.substring(0, i): null

16-05-2025T10:17:05 - [TEST_STEP][PASSED] - a30 = a30.replaceAll(" ", ""): null

16-05-2025T10:17:05 - [TEST_STEP][PASSED] - if (a30.contains("%")): null

16-05-2025T10:17:05 - [TEST_STEP][PASSED] - a30 = ").trim(): null

16-05-2025T10:17:05 - [TEST_STEP][PASSED] - println("a30: " + a30): null

16-05-2025T10:17:05 - [TEST_STEP][PASSED] - if (vir == 1): Text of object 'Object Repository/Выручка в рублях/span19' is: '31'

16-05-2025T10:17:05 - [TEST_STEP][PASSED] - a31 = ").trim(): Text of object 'Object Repository/Выручка в рублях/span2' is: '-261'

16-05-2025T10:17:05 - [MESSAGE][PASSED] - Text of object 'Object Repository/Выручка в рублях/span2' is: '-261'

16-05-2025T10:17:05 - [TEST_STEP][PASSED] - a32 = ").trim(): Text of object 'Object Repository/Выручка в рублях/span3' is: '55'

16-05-2025T10:17:06 - [MESSAGE][PASSED] - Text of object 'Object Repository/Выручка в рублях/span3' is: '55'

16-05-2025T10:17:06 - [TEST_STEP][PASSED] - a33 = ").trim(): Text of object 'Object Repository/Выручка в рублях/span4' is: '-27'

16-05-2025T10:17:06 - [MESSAGE][PASSED] - Text of object 'Object Repository/Выручка в рублях/span4' is: '-27'

16-05-2025T10:17:06 - [TEST_STEP][PASSED] - a34 = ").trim(): Text of object 'Object Repository/Выручка в рублях/span5' is: '-537'

16-05-2025T10:17:06 - [MESSAGE][PASSED] - Text of object 'Object Repository/Выручка в рублях/span5' is: '-537'

16-05-2025T10:17:06 - [TEST_STEP][PASSED] - a35 = ").trim(): Text of object 'Object Repository/Выручка в рублях/span6' is: '786'

16-05-2025T10:17:06 - [MESSAGE][PASSED] - Text of object 'Object Repository/Выручка в рублях/span6' is: '786'

16-05-2025T10:17:06 - [TEST_STEP][PASSED] - a36 = ").trim(): Text of object 'Object Repository/Выручка в рублях/span7' is: '62'

16-05-2025T10:17:07 - [MESSAGE][PASSED] - Text of object 'Object Repository/Выручка в рублях/span7' is: '62'

16-05-2025T10:17:07 - [TEST_STEP][PASSED] - a37 = ").trim(): Text of object 'Object Repository/Выручка в рублях/span8' is: '-3 345'

16-05-2025T10:17:07 - [MESSAGE][PASSED] - Text of object 'Object Repository/Выручка в рублях/span8' is: '-3 345'

16-05-2025T10:17:07 - [TEST_STEP][PASSED] - a38 = ").trim(): Text of object 'Object Repository/Выручка в рублях/span9' is: '-271'

16-05-2025T10:17:07 - [MESSAGE][PASSED] - Text of object 'Object Repository/Выручка в рублях/span9' is: '-271'

16-05-2025T10:17:07 - [TEST_STEP][PASSED] - a39 = ").trim(): Text of object 'Object Repository/Выручка в рублях/span10' is: '-253'

16-05-2025T10:17:08 - [MESSAGE][PASSED] - Text of object 'Object Repository/Выручка в рублях/span10' is: '-253'

16-05-2025T10:17:08 - [TEST_STEP][PASSED] - a310 = ").trim(): Text of object 'Object Repository/Выручка в рублях/span11' is: '876'

16-05-2025T10:17:08 - [MESSAGE][PASSED] - Text of object 'Object Repository/Выручка в рублях/span11' is: '876'

16-05-2025T10:17:08 - [TEST_STEP][PASSED] - a311 = ").trim(): Text of object 'Object Repository/Выручка в рублях/span12' is: '-57'

16-05-2025T10:17:08 - [MESSAGE][PASSED] - Text of object 'Object Repository/Выручка в рублях/span12' is: '-57'

16-05-2025T10:17:08 - [TEST_STEP][PASSED] - a312 = ").trim(): Text of object 'Object Repository/Выручка в рублях/span13' is: '-2 765'

16-05-2025T10:17:08 - [MESSAGE][PASSED] - Text of object 'Object Repository/Выручка в рублях/span13' is: '-2 765'

16-05-2025T10:17:08 - [TEST_STEP][PASSED] - a313 = ").trim(): Text of object 'Object Repository/Выручка в рублях/span14' is: '-987'

16-05-2025T10:17:09 - [MESSAGE][PASSED] - Text of object 'Object Repository/Выручка в рублях/span14' is: '-987'

16-05-2025T10:17:09 - [TEST_STEP][PASSED] - a314 = ").trim(): Text of object 'Object Repository/Выручка в рублях/span15' is: '1 670'

16-05-2025T10:17:09 - [MESSAGE][PASSED] - Text of object 'Object Repository/Выручка в рублях/span15' is: '1 670'

16-05-2025T10:17:09 - [TEST_STEP][PASSED] - a315 = ").trim(): Text of object 'Object Repository/Выручка в рублях/span16' is: '-805'

16-05-2025T10:17:09 - [MESSAGE][PASSED] - Text of object 'Object Repository/Выручка в рублях/span16' is: '-805'

16-05-2025T10:17:09 - [TEST_STEP][PASSED] - a316 = ").trim(): Text of object 'Object Repository/Выручка в рублях/span17' is: '-905'

16-05-2025T10:17:09 - [MESSAGE][PASSED] - Text of object 'Object Repository/Выручка в рублях/span17' is: '-905'

16-05-2025T10:17:09 - [TEST_STEP][PASSED] - a317 = ").trim(): Text of object 'Object Repository/Выручка в рублях/span18' is: '-11'

16-05-2025T10:17:10 - [MESSAGE][PASSED] - Text of object 'Object Repository/Выручка в рублях/span18' is: '-11'

16-05-2025T10:17:10 - [TEST_STEP][PASSED] - a318 = ").trim(): Text of object 'Object Repository/Выручка в рублях/span19' is: '31'

16-05-2025T10:17:10 - [MESSAGE][PASSED] - Text of object 'Object Repository/Выручка в рублях/span19' is: '31'

16-05-2025T10:17:10 - [TEST_STEP][PASSED] - block = 2: null

16-05-2025T10:17:10 - [TEST_STEP][PASSED] - nameOfBlock = " Выручка": null

16-05-2025T10:17:10 - [TEST_STEP][PASSED] - Script1742558545601.PreSettings(run, vir, block, nameOfBlock, typeOfData, todaysDate): null

16-05-2025T10:17:10 - [TEST_STEP][PASSED] - openBrowser(""): Browser is opened with url: ''

16-05-2025T10:17:10 - [MESSAGE][WARNING] - A browser is already opened. Closing browser and opening a new one

16-05-2025T10:17:10 - [MESSAGE][INFO] - Starting 'Chrome' driver

16-05-2025T10:17:10 - [MESSAGE][INFO] - Action delay is set to 0 milliseconds

16-05-2025T10:17:11 - [MESSAGE][PASSED] - Browser is opened with url: ''

16-05-2025T10:17:11 - [TEST_STEP][PASSED] - refresh(): Refresh successfully

16-05-2025T10:17:11 - [MESSAGE][PASSED] - Refresh successfully

16-05-2025T10:17:11 - [TEST_STEP][PASSED] - delay(50): Delayed 50 second(s)

16-05-2025T10:18:01 - [MESSAGE][PASSED] - Delayed 50 second(s)

16-05-2025T10:18:01 - [TEST_STEP][PASSED] - println("run:" + run): null

16-05-2025T10:18:01 - [TEST_STEP][PASSED] - println("vir:" + vir): null

16-05-2025T10:18:01 - [TEST_STEP][PASSED] - println("block:" + block): null

16-05-2025T10:18:01 - [TEST_STEP][PASSED] - if (block == 1): null

16-05-2025T10:18:01 - [TEST_STEP][PASSED] - else: null

16-05-2025T10:18:01 - [TEST_STEP][PASSED] - nameOfBlock = " Выручка": null

16-05-2025T10:18:01 - [TEST_STEP][PASSED] - println("nameOfBlock:" + nameOfBlock): null

16-05-2025T10:18:01 - [TEST_STEP][PASSED] - println("typeOfData:" + typeOfData): null

16-05-2025T10:18:01 - [TEST_STEP][PASSED] - println("todaysDate:" + todaysDate): null

16-05-2025T10:18:01 - [TEST_STEP][PASSED] - Script1742558545601.Autorization(block, nameOfBlock): null

16-05-2025T10:18:01 - [TEST_STEP][PASSED] - i = <not implemented yet for class: org.codehaus.groovy.ast.expr.EmptyExpression>: null

16-05-2025T10:18:01 - [TEST_STEP][PASSED] - ii = <not implemented yet for class: org.codehaus.groovy.ast.expr.EmptyExpression>: null

16-05-2025T10:18:01 - [TEST_STEP][PASSED] - urlData = <not implemented yet for class: org.codehaus.groovy.ast.expr.EmptyExpression>: null

16-05-2025T10:18:01 - [TEST_STEP][PASSED] - searchWord = <not implemented yet for class: org.codehaus.groovy.ast.expr.EmptyExpression>: null

16-05-2025T10:18:01 - [TEST_STEP][PASSED] - urlText = <not implemented yet for class: org.codehaus.groovy.ast.expr.EmptyExpression>: null

16-05-2025T10:18:01 - [TEST_STEP][PASSED] - println("block:" + block): null

16-05-2025T10:18:01 - [TEST_STEP][PASSED] - if (block == 1): null

16-05-2025T10:18:01 - [TEST_STEP][PASSED] - else: null

16-05-2025T10:18:01 - [TEST_STEP][PASSED] - delay(45): Delayed 45 second(s)

16-05-2025T10:18:46 - [MESSAGE][PASSED] - Delayed 45 second(s)

16-05-2025T10:18:46 - [TEST_STEP][PASSED] - nameOfBlock = " Выручка": null

16-05-2025T10:18:46 - [TEST_STEP][PASSED] - println("nameOfBlock:" + nameOfBlock): null

16-05-2025T10:18:46 - [TEST_STEP][PASSED] - if (block == 1): null

16-05-2025T10:18:46 - [TEST_STEP][PASSED] - else: Delayed 45 second(s)

16-05-2025T10:18:46 - [TEST_STEP][PASSED] - urlData = 9: null

16-05-2025T10:18:46 - [TEST_STEP][PASSED] - delay(45): Delayed 45 second(s)

16-05-2025T10:19:31 - [MESSAGE][PASSED] - Delayed 45 second(s)

16-05-2025T10:19:31 - [TEST_STEP][PASSED] - navigateToUrl(findTestData("PlanFact").getValue(10, urlData)): Navigate to 'https://bi.rosseti.digital/viewer?dashboardGuid=a1fd28b3785d443cbc4d7690a1d78e31&sheetGuid=86092a20c5984827a0c87b24cac76a50&fit=true' successfully

16-05-2025T10:19:33 - [MESSAGE][PASSED] - Navigate to 'https://bi.rosseti.digital/viewer?dashboardGuid=a1fd28b3785d443cbc4d7690a1d78e31&sheetGuid=86092a20c5984827a0c87b24cac76a50&fit=true' successfully

16-05-2025T10:19:33 - [TEST_STEP][PASSED] - urlText = getText(findTestObject("Страница авторизации/Text")): Text of object 'Object Repository/Страница авторизации/Text' is: 'Вход'

16-05-2025T10:19:34 - [MESSAGE][PASSED] - Text of object 'Object Repository/Страница авторизации/Text' is: 'Вход'

16-05-2025T10:19:34 - [TEST_STEP][PASSED] - searchWord = "Вход": null

16-05-2025T10:19:34 - [TEST_STEP][PASSED] - if (urlText == null || urlText.contains("ошибка") || urlText.contains(searchWord) == false): null

16-05-2025T10:19:34 - [TEST_STEP][PASSED] - if (verifyElementPresent(findTestObject("Страница авторизации/button_"), 30) == true): null

16-05-2025T10:19:34 - [MESSAGE][PASSED] - Object 'Object Repository/Страница авторизации/button_' is present

16-05-2025T10:19:34 - [TEST_STEP][PASSED] - setText(findTestObject("Страница авторизации/input__username"), findTestData("PlanFact").getValue(8, 1)): Text 'liazgina-di' is set on object 'Object Repository/Страница авторизации/input__username'

16-05-2025T10:19:35 - [MESSAGE][PASSED] - Text 'liazgina-di' is set on object 'Object Repository/Страница авторизации/input__username'

16-05-2025T10:19:35 - [TEST_STEP][PASSED] - setText(findTestObject("Страница авторизации/input__password"), findTestData("PlanFact").getValue(9, 1)): Text ')$%5srZ8o688Dm#q' is set on object 'Object Repository/Страница авторизации/input__password'

16-05-2025T10:19:36 - [MESSAGE][PASSED] - Text ')$%5srZ8o688Dm#q' is set on object 'Object Repository/Страница авторизации/input__password'

16-05-2025T10:19:36 - [TEST_STEP][PASSED] - click(findTestObject("Страница авторизации/button_")): Object: 'Object Repository/Страница авторизации/button_' is clicked on

16-05-2025T10:19:37 - [MESSAGE][PASSED] - Object: 'Object Repository/Страница авторизации/button_' is clicked on

16-05-2025T10:19:37 - [TEST_STEP][PASSED] - delay(45): Delayed 45 second(s)

16-05-2025T10:20:22 - [MESSAGE][PASSED] - Delayed 45 second(s)

16-05-2025T10:20:22 - [TEST_STEP][PASSED] - urlText = getText(findTestObject("Страница авторизации/Text")): Text of object 'Object Repository/Страница авторизации/Text' is: 'Период
Январь, Февраль, Март 2025 года
Выручка
Все
Выполнение плановых показателей по ПАО Россети за Январь, Февраль, Март 2025 года
План
Факт
Динамика
2025 год
0 млн.руб.
50 000 млн.руб.
100 000 млн.руб.
150 000 млн.руб.
200 000 млн.руб.
250 000 млн.руб.
300 000 млн.руб.
350 000 млн.руб.
400 000 млн.руб.
450 000 млн.руб.
500 000 млн.руб.
550 000 млн.руб.
469 817
463 075
↓
ДЗО 
Все
Подписи данных
⬤Отклонение
АО "РЭС"
АО «Тываэнерго»
АО «Чеченэнерго»
Россети Волга
Россети Кубань
Россети Ленэнерго (ГК)
Россети Московский регион
Россети Северный Кавказ (ГК)
Россети Северо-Запад
Россети Сибирь (ГК)
Россети Томск
Россети Тюмень
Россети Урал (ГК)
Россети ФСК ЕЭС
Россети Центр
Россети Центр и Приволжье (ГК)
Россети Юг (ГК)
Россети Янтарь
-4 000 млн.руб.
-3 500 млн.руб.
-3 000 млн.руб.
-2 500 млн.руб.
-2 000 млн.руб.
-1 500 млн.руб.
-1 000 млн.руб.
- 500 млн.руб.
0 млн.руб.
500 млн.руб.
1 000 млн.руб.
1 500 млн.руб.
2 000 млн.руб.
-261
55
-27
-537
786
62
-3 345
-271
-253
876
-57
-2 765
-987
1 670
-805
-905
-11
31
млн.
%
Выручка
Отклонение выручки по ПАО Россети за Январь, Февраль, Март 2025 года (факт/план, млн. руб)
ПАО Россети
-6 742.2 млн.руб.
Статус данных
ВЫБРАННЫЕ ЗНАЧЕНИЯ ФИЛЬТРОВ
ДЗО | ПЕРИОД
ПАО Россети: [«Выбраны все филиалы по всем ДЗО по всем категориям»]
2025: [Янв, Фев, Мар]
*Внутренний оборот'

16-05-2025T10:20:23 - [MESSAGE][PASSED] - Text of object 'Object Repository/Страница авторизации/Text' is: 'Период
Январь, Февраль, Март 2025 года
Выручка
Все
Выполнение плановых показателей по ПАО Россети за Январь, Февраль, Март 2025 года
План
Факт
Динамика
2025 год
0 млн.руб.
50 000 млн.руб.
100 000 млн.руб.
150 000 млн.руб.
200 000 млн.руб.
250 000 млн.руб.
300 000 млн.руб.
350 000 млн.руб.
400 000 млн.руб.
450 000 млн.руб.
500 000 млн.руб.
550 000 млн.руб.
469 817
463 075
↓
ДЗО 
Все
Подписи данных
⬤Отклонение
АО "РЭС"
АО «Тываэнерго»
АО «Чеченэнерго»
Россети Волга
Россети Кубань
Россети Ленэнерго (ГК)
Россети Московский регион
Россети Северный Кавказ (ГК)
Россети Северо-Запад
Россети Сибирь (ГК)
Россети Томск
Россети Тюмень
Россети Урал (ГК)
Россети ФСК ЕЭС
Россети Центр
Россети Центр и Приволжье (ГК)
Россети Юг (ГК)
Россети Янтарь
-4 000 млн.руб.
-3 500 млн.руб.
-3 000 млн.руб.
-2 500 млн.руб.
-2 000 млн.руб.
-1 500 млн.руб.
-1 000 млн.руб.
- 500 млн.руб.
0 млн.руб.
500 млн.руб.
1 000 млн.руб.
1 500 млн.руб.
2 000 млн.руб.
-261
55
-27
-537
786
62
-3 345
-271
-253
876
-57
-2 765
-987
1 670
-805
-905
-11
31
млн.
%
Выручка
Отклонение выручки по ПАО Россети за Январь, Февраль, Март 2025 года (факт/план, млн. руб)
ПАО Россети
-6 742.2 млн.руб.
Статус данных
ВЫБРАННЫЕ ЗНАЧЕНИЯ ФИЛЬТРОВ
ДЗО | ПЕРИОД
ПАО Россети: [«Выбраны все филиалы по всем ДЗО по всем категориям»]
2025: [Янв, Фев, Мар]
*Внутренний оборот'

16-05-2025T10:20:23 - [TEST_STEP][PASSED] - searchWord = "а": null

16-05-2025T10:20:23 - [TEST_STEP][PASSED] - if (urlText.contains("ошибка") || urlText.contains(searchWord) == false): null

16-05-2025T10:20:23 - [TEST_STEP][PASSED] - delay(45): Delayed 45 second(s)

16-05-2025T10:21:08 - [MESSAGE][PASSED] - Delayed 45 second(s)

16-05-2025T10:21:08 - [TEST_STEP][PASSED] - if (block == 2): null

16-05-2025T10:21:08 - [TEST_STEP][PASSED] - opoveshenie = getText(findTestObject("Выручка в рублях/Просьба обратить внимание")): Text of object 'Object Repository/Выручка в рублях/Просьба обратить внимание' is: ''

16-05-2025T10:21:08 - [MESSAGE][PASSED] - Text of object 'Object Repository/Выручка в рублях/Просьба обратить внимание' is: ''

16-05-2025T10:21:08 - [TEST_STEP][PASSED] - if (opoveshenie == "Просьба обратить внимание"): null

16-05-2025T10:21:08 - [TEST_STEP][PASSED] - click(findTestObject("Выручка в рублях/Фильтр Период" + nameOfBlock)): Object: 'Object Repository/Выручка в рублях/Фильтр Период Выручка' is clicked on

16-05-2025T10:21:08 - [MESSAGE][PASSED] - Object: 'Object Repository/Выручка в рублях/Фильтр Период Выручка' is clicked on

16-05-2025T10:21:08 - [TEST_STEP][PASSED] - click(findTestObject("Выручка в рублях/Снять выделение в фильтре Дата" + nameOfBlock)): Object: 'Object Repository/Выручка в рублях/Снять выделение в фильтре Дата Выручка' is clicked on

16-05-2025T10:21:09 - [MESSAGE][PASSED] - Object: 'Object Repository/Выручка в рублях/Снять выделение в фильтре Дата Выручка' is clicked on

16-05-2025T10:21:09 - [TEST_STEP][PASSED] - click(findTestObject("Выручка в рублях/Применить в фильтре Дата" + nameOfBlock)): Object: 'Object Repository/Выручка в рублях/Применить в фильтре Дата Выручка' is clicked on

16-05-2025T10:21:09 - [MESSAGE][PASSED] - Object: 'Object Repository/Выручка в рублях/Применить в фильтре Дата Выручка' is clicked on

16-05-2025T10:21:09 - [TEST_STEP][PASSED] - delay(50): Delayed 50 second(s)

16-05-2025T10:21:59 - [MESSAGE][PASSED] - Delayed 50 second(s)

16-05-2025T10:21:59 - [TEST_STEP][PASSED] - click(findTestObject("Выручка в рублях/Фильтр Период" + nameOfBlock)): Object: 'Object Repository/Выручка в рублях/Фильтр Период Выручка' is clicked on

16-05-2025T10:22:00 - [MESSAGE][PASSED] - Object: 'Object Repository/Выручка в рублях/Фильтр Период Выручка' is clicked on

16-05-2025T10:22:00 - [TEST_STEP][PASSED] - click(findTestObject("Выручка в рублях/Снять выделение в фильтре Дата" + nameOfBlock)): Object: 'Object Repository/Выручка в рублях/Снять выделение в фильтре Дата Выручка' is clicked on

16-05-2025T10:22:00 - [MESSAGE][PASSED] - Object: 'Object Repository/Выручка в рублях/Снять выделение в фильтре Дата Выручка' is clicked on

16-05-2025T10:22:00 - [TEST_STEP][PASSED] - scrollToElement(findTestObject("Выручка в рублях/2025 список" + nameOfBlock), 30): Scroll to object 'Object Repository/Выручка в рублях/2025 список Выручка' successfully

16-05-2025T10:22:01 - [MESSAGE][PASSED] - Scroll to object 'Object Repository/Выручка в рублях/2025 список Выручка' successfully

16-05-2025T10:22:01 - [TEST_STEP][PASSED] - click(findTestObject("Выручка в рублях/2025 список" + nameOfBlock)): Object: 'Object Repository/Выручка в рублях/2025 список Выручка' is clicked on

16-05-2025T10:22:01 - [MESSAGE][PASSED] - Object: 'Object Repository/Выручка в рублях/2025 список Выручка' is clicked on

16-05-2025T10:22:01 - [TEST_STEP][PASSED] - scrollToElement(findTestObject("Выручка в рублях/1 квартал 2025 список" + nameOfBlock), 30): Scroll to object 'Object Repository/Выручка в рублях/1 квартал 2025 список Выручка' successfully

16-05-2025T10:22:01 - [MESSAGE][PASSED] - Scroll to object 'Object Repository/Выручка в рублях/1 квартал 2025 список Выручка' successfully

16-05-2025T10:22:01 - [TEST_STEP][PASSED] - click(findTestObject("Выручка в рублях/1 квартал 2025 выбрать" + nameOfBlock)): Object: 'Object Repository/Выручка в рублях/1 квартал 2025 выбрать Выручка' is clicked on

16-05-2025T10:22:02 - [MESSAGE][PASSED] - Object: 'Object Repository/Выручка в рублях/1 квартал 2025 выбрать Выручка' is clicked on

16-05-2025T10:22:02 - [TEST_STEP][PASSED] - scrollToElement(findTestObject("Выручка в рублях/Заголовок дашборда" + nameOfBlock), 30): Scroll to object 'Object Repository/Выручка в рублях/Заголовок дашборда Выручка' successfully

16-05-2025T10:22:02 - [MESSAGE][PASSED] - Scroll to object 'Object Repository/Выручка в рублях/Заголовок дашборда Выручка' successfully

16-05-2025T10:22:02 - [TEST_STEP][PASSED] - click(findTestObject("Выручка в рублях/Применить в фильтре Дата" + nameOfBlock)): Object: 'Object Repository/Выручка в рублях/Применить в фильтре Дата Выручка' is clicked on

16-05-2025T10:22:03 - [MESSAGE][PASSED] - Object: 'Object Repository/Выручка в рублях/Применить в фильтре Дата Выручка' is clicked on

16-05-2025T10:22:03 - [TEST_STEP][PASSED] - delay(55): Delayed 55 second(s)

16-05-2025T10:22:58 - [MESSAGE][PASSED] - Delayed 55 second(s)

16-05-2025T10:22:58 - [TEST_STEP][PASSED] - click(findTestObject("Выручка в рублях/Фильтр ДЗО" + nameOfBlock)): Object: 'Object Repository/Выручка в рублях/Фильтр ДЗО Выручка' is clicked on

16-05-2025T10:22:58 - [MESSAGE][PASSED] - Object: 'Object Repository/Выручка в рублях/Фильтр ДЗО Выручка' is clicked on

16-05-2025T10:22:58 - [TEST_STEP][PASSED] - click(findTestObject("Выручка в рублях/Снять выделение в фильтре ДЗО" + nameOfBlock)): Object: 'Object Repository/Выручка в рублях/Снять выделение в фильтре ДЗО Выручка' is clicked on

16-05-2025T10:22:59 - [MESSAGE][PASSED] - Object: 'Object Repository/Выручка в рублях/Снять выделение в фильтре ДЗО Выручка' is clicked on

16-05-2025T10:22:59 - [TEST_STEP][PASSED] - click(findTestObject("Выручка в рублях/Применить в фильтре ДЗО" + nameOfBlock)): Object: 'Object Repository/Выручка в рублях/Применить в фильтре ДЗО Выручка' is clicked on

16-05-2025T10:22:59 - [MESSAGE][PASSED] - Object: 'Object Repository/Выручка в рублях/Применить в фильтре ДЗО Выручка' is clicked on

16-05-2025T10:22:59 - [TEST_STEP][PASSED] - delay(50): Delayed 50 second(s)

16-05-2025T10:23:49 - [MESSAGE][PASSED] - Delayed 50 second(s)

16-05-2025T10:23:49 - [TEST_STEP][PASSED] - Script1742558545601.Tumbler(run, vir, block, nameOfBlock): null

16-05-2025T10:23:49 - [TEST_STEP][PASSED] - println("run:" + run): null

16-05-2025T10:23:49 - [TEST_STEP][PASSED] - println("vir:" + vir): null

16-05-2025T10:23:49 - [TEST_STEP][PASSED] - println("block:" + block): null

16-05-2025T10:23:49 - [TEST_STEP][PASSED] - println("nameOfBlock:" + nameOfBlock): null

16-05-2025T10:23:49 - [TEST_STEP][PASSED] - if (vir == 1): null

16-05-2025T10:23:49 - [TEST_STEP][PASSED] - if (run == 2): null

16-05-2025T10:23:49 - [TEST_STEP][PASSED] - click(findTestObject("Выручка в рублях/Фильтр ДЗО" + nameOfBlock)): Object: 'Object Repository/Выручка в рублях/Фильтр ДЗО Выручка' is clicked on

16-05-2025T10:23:50 - [MESSAGE][PASSED] - Object: 'Object Repository/Выручка в рублях/Фильтр ДЗО Выручка' is clicked on

16-05-2025T10:23:50 - [TEST_STEP][PASSED] - Script1742558545601.Rosseti(nameOfBlock): null

16-05-2025T10:23:50 - [TEST_STEP][PASSED] - println("nameOfBlock:" + nameOfBlock): null

16-05-2025T10:23:50 - [TEST_STEP][PASSED] - click(findTestObject("Выручка в рублях/ПАО Россети" + nameOfBlock)): Object: 'Object Repository/Выручка в рублях/ПАО Россети Выручка' is clicked on

16-05-2025T10:23:50 - [MESSAGE][PASSED] - Object: 'Object Repository/Выручка в рублях/ПАО Россети Выручка' is clicked on

16-05-2025T10:23:50 - [TEST_STEP][PASSED] - click(findTestObject("Выручка в рублях/Применить в фильтре ДЗО" + nameOfBlock)): Object: 'Object Repository/Выручка в рублях/Применить в фильтре ДЗО Выручка' is clicked on

16-05-2025T10:23:51 - [MESSAGE][PASSED] - Object: 'Object Repository/Выручка в рублях/Применить в фильтре ДЗО Выручка' is clicked on

16-05-2025T10:23:51 - [TEST_STEP][PASSED] - if (vir == 1 || vir == 2): Text of object 'Object Repository/Выручка в рублях/График План Выручка' is: '469 817'

16-05-2025T10:23:51 - [TEST_STEP][PASSED] - b1 = getText(findTestObject("Выручка в рублях/График План Выручка")): Text of object 'Object Repository/Выручка в рублях/График План Выручка' is: '469 817'

16-05-2025T10:23:58 - [MESSAGE][PASSED] - Text of object 'Object Repository/Выручка в рублях/График План Выручка' is: '469 817'

16-05-2025T10:23:58 - [TEST_STEP][PASSED] - if (vir == 1 || vir == 2): Text of object 'Object Repository/Выручка в рублях/График Факт Выручка' is: '463 075'

16-05-2025T10:23:58 - [TEST_STEP][PASSED] - b2 = getText(findTestObject("Выручка в рублях/График Факт Выручка")): Text of object 'Object Repository/Выручка в рублях/График Факт Выручка' is: '463 075'

16-05-2025T10:23:58 - [MESSAGE][PASSED] - Text of object 'Object Repository/Выручка в рублях/График Факт Выручка' is: '463 075'

16-05-2025T10:23:58 - [TEST_STEP][PASSED] - b30 = getText(findTestObject("Выручка в рублях/span1" + perc)): Text of object 'Object Repository/Выручка в рублях/span1' is: '-6 742.2 млн.руб.'

16-05-2025T10:23:59 - [MESSAGE][PASSED] - Text of object 'Object Repository/Выручка в рублях/span1' is: '-6 742.2 млн.руб.'

16-05-2025T10:23:59 - [TEST_STEP][PASSED] - i = b30.indexOf("млн.руб."): null

16-05-2025T10:23:59 - [TEST_STEP][PASSED] - if (i > -1): null

16-05-2025T10:23:59 - [TEST_STEP][PASSED] - b30 = b30.substring(0, i): null

16-05-2025T10:23:59 - [TEST_STEP][PASSED] - b30 = b30.replaceAll(" ", ""): null

16-05-2025T10:23:59 - [TEST_STEP][PASSED] - if (b30.contains("%")): null

16-05-2025T10:23:59 - [TEST_STEP][PASSED] - b30 = ").trim(): null

16-05-2025T10:23:59 - [TEST_STEP][PASSED] - println("b30: " + b30): null

16-05-2025T10:23:59 - [TEST_STEP][PASSED] - if (vir == 1): Text of object 'Object Repository/Выручка в рублях/span19' is: '31'

16-05-2025T10:23:59 - [TEST_STEP][PASSED] - b31 = ").trim(): Text of object 'Object Repository/Выручка в рублях/span2' is: '-261'

16-05-2025T10:23:59 - [MESSAGE][PASSED] - Text of object 'Object Repository/Выручка в рублях/span2' is: '-261'

16-05-2025T10:23:59 - [TEST_STEP][PASSED] - b32 = ").trim(): Text of object 'Object Repository/Выручка в рублях/span3' is: '55'

16-05-2025T10:23:59 - [MESSAGE][PASSED] - Text of object 'Object Repository/Выручка в рублях/span3' is: '55'

16-05-2025T10:23:59 - [TEST_STEP][PASSED] - b33 = ").trim(): Text of object 'Object Repository/Выручка в рублях/span4' is: '-27'

16-05-2025T10:23:59 - [MESSAGE][PASSED] - Text of object 'Object Repository/Выручка в рублях/span4' is: '-27'

16-05-2025T10:23:59 - [TEST_STEP][PASSED] - b34 = ").trim(): Text of object 'Object Repository/Выручка в рублях/span5' is: '-537'

16-05-2025T10:24:00 - [MESSAGE][PASSED] - Text of object 'Object Repository/Выручка в рублях/span5' is: '-537'

16-05-2025T10:24:00 - [TEST_STEP][PASSED] - b35 = ").trim(): Text of object 'Object Repository/Выручка в рублях/span6' is: '786'

16-05-2025T10:24:00 - [MESSAGE][PASSED] - Text of object 'Object Repository/Выручка в рублях/span6' is: '786'

16-05-2025T10:24:00 - [TEST_STEP][PASSED] - b36 = ").trim(): Text of object 'Object Repository/Выручка в рублях/span7' is: '62'

16-05-2025T10:24:00 - [MESSAGE][PASSED] - Text of object 'Object Repository/Выручка в рублях/span7' is: '62'

16-05-2025T10:24:00 - [TEST_STEP][PASSED] - b37 = ").trim(): Text of object 'Object Repository/Выручка в рублях/span8' is: '-3 345'

16-05-2025T10:24:00 - [MESSAGE][PASSED] - Text of object 'Object Repository/Выручка в рублях/span8' is: '-3 345'

16-05-2025T10:24:00 - [TEST_STEP][PASSED] - b38 = ").trim(): Text of object 'Object Repository/Выручка в рублях/span9' is: '-271'

16-05-2025T10:24:01 - [MESSAGE][PASSED] - Text of object 'Object Repository/Выручка в рублях/span9' is: '-271'

16-05-2025T10:24:01 - [TEST_STEP][PASSED] - b39 = ").trim(): Text of object 'Object Repository/Выручка в рублях/span10' is: '-253'

16-05-2025T10:24:01 - [MESSAGE][PASSED] - Text of object 'Object Repository/Выручка в рублях/span10' is: '-253'

16-05-2025T10:24:01 - [TEST_STEP][PASSED] - b310 = ").trim(): Text of object 'Object Repository/Выручка в рублях/span11' is: '876'

16-05-2025T10:24:01 - [MESSAGE][PASSED] - Text of object 'Object Repository/Выручка в рублях/span11' is: '876'

16-05-2025T10:24:01 - [TEST_STEP][PASSED] - b311 = ").trim(): Text of object 'Object Repository/Выручка в рублях/span12' is: '-57'

16-05-2025T10:24:02 - [MESSAGE][PASSED] - Text of object 'Object Repository/Выручка в рублях/span12' is: '-57'

16-05-2025T10:24:02 - [TEST_STEP][PASSED] - b312 = ").trim(): Text of object 'Object Repository/Выручка в рублях/span13' is: '-2 765'

16-05-2025T10:24:02 - [MESSAGE][PASSED] - Text of object 'Object Repository/Выручка в рублях/span13' is: '-2 765'

16-05-2025T10:24:02 - [TEST_STEP][PASSED] - b313 = ").trim(): Text of object 'Object Repository/Выручка в рублях/span14' is: '-987'

16-05-2025T10:24:02 - [MESSAGE][PASSED] - Text of object 'Object Repository/Выручка в рублях/span14' is: '-987'

16-05-2025T10:24:02 - [TEST_STEP][PASSED] - b314 = ").trim(): Text of object 'Object Repository/Выручка в рублях/span15' is: '1 670'

16-05-2025T10:24:02 - [MESSAGE][PASSED] - Text of object 'Object Repository/Выручка в рублях/span15' is: '1 670'

16-05-2025T10:24:02 - [TEST_STEP][PASSED] - b315 = ").trim(): Text of object 'Object Repository/Выручка в рублях/span16' is: '-805'

16-05-2025T10:24:03 - [MESSAGE][PASSED] - Text of object 'Object Repository/Выручка в рублях/span16' is: '-805'

16-05-2025T10:24:03 - [TEST_STEP][PASSED] - b316 = ").trim(): Text of object 'Object Repository/Выручка в рублях/span17' is: '-905'

16-05-2025T10:24:03 - [MESSAGE][PASSED] - Text of object 'Object Repository/Выручка в рублях/span17' is: '-905'

16-05-2025T10:24:03 - [TEST_STEP][PASSED] - b317 = ").trim(): Text of object 'Object Repository/Выручка в рублях/span18' is: '-11'

16-05-2025T10:24:03 - [MESSAGE][PASSED] - Text of object 'Object Repository/Выручка в рублях/span18' is: '-11'

16-05-2025T10:24:03 - [TEST_STEP][PASSED] - b318 = ").trim(): Text of object 'Object Repository/Выручка в рублях/span19' is: '31'

16-05-2025T10:24:04 - [MESSAGE][PASSED] - Text of object 'Object Repository/Выручка в рублях/span19' is: '31'

16-05-2025T10:24:04 - [TEST_STEP][PASSED] - dZO = "ПАО Россети": null

16-05-2025T10:24:04 - [TEST_STEP][PASSED] - if (verifyEqual(a1, b1) == false): Actual object '469 817' and expected object '469 817' are equal

16-05-2025T10:24:04 - [MESSAGE][PASSED] - Actual object '469 817' and expected object '469 817' are equal

16-05-2025T10:24:04 - [TEST_STEP][PASSED] - if (verifyEqual(a2, b2) == false): Actual object '463 075' and expected object '463 075' are equal

16-05-2025T10:24:04 - [MESSAGE][PASSED] - Actual object '463 075' and expected object '463 075' are equal

16-05-2025T10:24:04 - [TEST_STEP][PASSED] - vidget = "Отклонения": null

16-05-2025T10:24:04 - [TEST_STEP][PASSED] - if (verifyEqual(a30, b30) == false): Actual object '-6742.2' and expected object '-6742.2' are equal

16-05-2025T10:24:04 - [MESSAGE][PASSED] - Actual object '-6742.2' and expected object '-6742.2' are equal

16-05-2025T10:24:04 - [TEST_STEP][PASSED] - dZO = "АО «РЭС»": null

16-05-2025T10:24:04 - [TEST_STEP][PASSED] - if (verifyEqual(a31, b31) == false): Actual object '-261' and expected object '-261' are equal

16-05-2025T10:24:04 - [MESSAGE][PASSED] - Actual object '-261' and expected object '-261' are equal

16-05-2025T10:24:04 - [TEST_STEP][PASSED] - dZO = "АО «Тываэнерго»": null

16-05-2025T10:24:04 - [TEST_STEP][PASSED] - if (verifyEqual(a32, b32) == false): Actual object '55' and expected object '55' are equal

16-05-2025T10:24:04 - [MESSAGE][PASSED] - Actual object '55' and expected object '55' are equal

16-05-2025T10:24:04 - [TEST_STEP][PASSED] - dZO = "АО «Чеченэнерго»": null

16-05-2025T10:24:04 - [TEST_STEP][PASSED] - if (verifyEqual(a33, b33) == false): Actual object '-27' and expected object '-27' are equal

16-05-2025T10:24:04 - [MESSAGE][PASSED] - Actual object '-27' and expected object '-27' are equal

16-05-2025T10:24:04 - [TEST_STEP][PASSED] - dZO = "Россети Волга": null

16-05-2025T10:24:04 - [TEST_STEP][PASSED] - if (verifyEqual(a34, b34) == false): Actual object '-537' and expected object '-537' are equal

16-05-2025T10:24:04 - [MESSAGE][PASSED] - Actual object '-537' and expected object '-537' are equal

16-05-2025T10:24:04 - [TEST_STEP][PASSED] - dZO = "Россети Кубань": null

16-05-2025T10:24:04 - [TEST_STEP][PASSED] - if (verifyEqual(a35, b35) == false): Actual object '786' and expected object '786' are equal

16-05-2025T10:24:04 - [MESSAGE][PASSED] - Actual object '786' and expected object '786' are equal

16-05-2025T10:24:04 - [TEST_STEP][PASSED] - dZO = "Россети Ленэнерго (ГК)": null

16-05-2025T10:24:04 - [TEST_STEP][PASSED] - if (verifyEqual(a36, b36) == false): Actual object '62' and expected object '62' are equal

16-05-2025T10:24:04 - [MESSAGE][PASSED] - Actual object '62' and expected object '62' are equal

16-05-2025T10:24:04 - [TEST_STEP][PASSED] - dZO = "Россети Московский регион": null

16-05-2025T10:24:04 - [TEST_STEP][PASSED] - if (verifyEqual(a37, b37) == false): Actual object '-3 345' and expected object '-3 345' are equal

16-05-2025T10:24:04 - [MESSAGE][PASSED] - Actual object '-3 345' and expected object '-3 345' are equal

16-05-2025T10:24:04 - [TEST_STEP][PASSED] - dZO = "Россети Северный Кавказ (ГК)": null

16-05-2025T10:24:04 - [TEST_STEP][PASSED] - if (verifyEqual(a38, b38) == false): Actual object '-271' and expected object '-271' are equal

16-05-2025T10:24:04 - [MESSAGE][PASSED] - Actual object '-271' and expected object '-271' are equal

16-05-2025T10:24:04 - [TEST_STEP][PASSED] - dZO = "Россети Северо-Запад": null

16-05-2025T10:24:04 - [TEST_STEP][PASSED] - if (verifyEqual(a39, b39) == false): Actual object '-253' and expected object '-253' are equal

16-05-2025T10:24:04 - [MESSAGE][PASSED] - Actual object '-253' and expected object '-253' are equal

16-05-2025T10:24:04 - [TEST_STEP][PASSED] - dZO = "Россети Сибирь (ГК)": null

16-05-2025T10:24:04 - [TEST_STEP][PASSED] - if (verifyEqual(a310, b310) == false): Actual object '876' and expected object '876' are equal

16-05-2025T10:24:04 - [MESSAGE][PASSED] - Actual object '876' and expected object '876' are equal

16-05-2025T10:24:04 - [TEST_STEP][PASSED] - dZO = "Россети Томск": null

16-05-2025T10:24:04 - [TEST_STEP][PASSED] - if (verifyEqual(a311, b311) == false): Actual object '-57' and expected object '-57' are equal

16-05-2025T10:24:04 - [MESSAGE][PASSED] - Actual object '-57' and expected object '-57' are equal

16-05-2025T10:24:04 - [TEST_STEP][PASSED] - dZO = "Россети Тюмень": null

16-05-2025T10:24:04 - [TEST_STEP][PASSED] - if (verifyEqual(a312, b312) == false): Actual object '-2 765' and expected object '-2 765' are equal

16-05-2025T10:24:04 - [MESSAGE][PASSED] - Actual object '-2 765' and expected object '-2 765' are equal

16-05-2025T10:24:04 - [TEST_STEP][PASSED] - dZO = "Россети Урал (ГК)": null

16-05-2025T10:24:04 - [TEST_STEP][PASSED] - if (verifyEqual(a313, b313) == false): Actual object '-987' and expected object '-987' are equal

16-05-2025T10:24:04 - [MESSAGE][PASSED] - Actual object '-987' and expected object '-987' are equal

16-05-2025T10:24:04 - [TEST_STEP][PASSED] - dZO = "Россети ФСК ЕЭС": null

16-05-2025T10:24:04 - [TEST_STEP][PASSED] - if (verifyEqual(a314, b314) == false): Actual object '1 670' and expected object '1 670' are equal

16-05-2025T10:24:04 - [MESSAGE][PASSED] - Actual object '1 670' and expected object '1 670' are equal

16-05-2025T10:24:04 - [TEST_STEP][PASSED] - dZO = "Россети Центр": null

16-05-2025T10:24:04 - [TEST_STEP][PASSED] - if (verifyEqual(a315, b315) == false): Actual object '-805' and expected object '-805' are equal

16-05-2025T10:24:04 - [MESSAGE][PASSED] - Actual object '-805' and expected object '-805' are equal

16-05-2025T10:24:04 - [TEST_STEP][PASSED] - dZO = "Россети Центр и Приволжье (ГК)": null

16-05-2025T10:24:04 - [TEST_STEP][PASSED] - if (verifyEqual(a316, b316) == false): Actual object '-905' and expected object '-905' are equal

16-05-2025T10:24:04 - [MESSAGE][PASSED] - Actual object '-905' and expected object '-905' are equal

16-05-2025T10:24:04 - [TEST_STEP][PASSED] - dZO = "Россети Юг (ГК)": null

16-05-2025T10:24:04 - [TEST_STEP][PASSED] - if (verifyEqual(a317, b317) == false): Actual object '-11' and expected object '-11' are equal

16-05-2025T10:24:04 - [MESSAGE][PASSED] - Actual object '-11' and expected object '-11' are equal

16-05-2025T10:24:04 - [TEST_STEP][PASSED] - dZO = "Россети Янтарь": null

16-05-2025T10:24:04 - [TEST_STEP][PASSED] - if (verifyEqual(a318, b318) == false): Actual object '31' and expected object '31' are equal

16-05-2025T10:24:04 - [MESSAGE][PASSED] - Actual object '31' and expected object '31' are equal

16-05-2025T10:24:04 - [TEST_STEP][PASSED] - closeBrowser(): null

16-05-2025T10:24:04 - [MESSAGE][PASSED] - Browser is closed

16-05-2025T10:24:04 - [TEST_STEP][PASSED] - Script1742558545601.Blocks(run, vir, block, nameOfBlock, typeOfData, viruchka, vidget, todaysDate, a, b, dZO, x, y): null

16-05-2025T10:24:04 - [TEST_STEP][PASSED] - i = <not implemented yet for class: org.codehaus.groovy.ast.expr.EmptyExpression>: null

16-05-2025T10:24:04 - [TEST_STEP][PASSED] - perc = "": null

16-05-2025T10:24:04 - [TEST_STEP][PASSED] - a1 = <not implemented yet for class: org.codehaus.groovy.ast.expr.EmptyExpression>: null

16-05-2025T10:24:04 - [TEST_STEP][PASSED] - a2 = <not implemented yet for class: org.codehaus.groovy.ast.expr.EmptyExpression>: null

16-05-2025T10:24:04 - [TEST_STEP][PASSED] - a30 = <not implemented yet for class: org.codehaus.groovy.ast.expr.EmptyExpression>: null

16-05-2025T10:24:04 - [TEST_STEP][PASSED] - a31 = <not implemented yet for class: org.codehaus.groovy.ast.expr.EmptyExpression>: null

16-05-2025T10:24:04 - [TEST_STEP][PASSED] - a32 = <not implemented yet for class: org.codehaus.groovy.ast.expr.EmptyExpression>: null

16-05-2025T10:24:04 - [TEST_STEP][PASSED] - a33 = <not implemented yet for class: org.codehaus.groovy.ast.expr.EmptyExpression>: null

16-05-2025T10:24:04 - [TEST_STEP][PASSED] - a34 = <not implemented yet for class: org.codehaus.groovy.ast.expr.EmptyExpression>: null

16-05-2025T10:24:04 - [TEST_STEP][PASSED] - a35 = <not implemented yet for class: org.codehaus.groovy.ast.expr.EmptyExpression>: null

16-05-2025T10:24:04 - [TEST_STEP][PASSED] - a36 = <not implemented yet for class: org.codehaus.groovy.ast.expr.EmptyExpression>: null

16-05-2025T10:24:04 - [TEST_STEP][PASSED] - a37 = <not implemented yet for class: org.codehaus.groovy.ast.expr.EmptyExpression>: null

16-05-2025T10:24:04 - [TEST_STEP][PASSED] - a38 = <not implemented yet for class: org.codehaus.groovy.ast.expr.EmptyExpression>: null

16-05-2025T10:24:04 - [TEST_STEP][PASSED] - a39 = <not implemented yet for class: org.codehaus.groovy.ast.expr.EmptyExpression>: null

16-05-2025T10:24:04 - [TEST_STEP][PASSED] - a310 = <not implemented yet for class: org.codehaus.groovy.ast.expr.EmptyExpression>: null

16-05-2025T10:24:04 - [TEST_STEP][PASSED] - a311 = <not implemented yet for class: org.codehaus.groovy.ast.expr.EmptyExpression>: null

16-05-2025T10:24:04 - [TEST_STEP][PASSED] - a312 = <not implemented yet for class: org.codehaus.groovy.ast.expr.EmptyExpression>: null

16-05-2025T10:24:04 - [TEST_STEP][PASSED] - a313 = <not implemented yet for class: org.codehaus.groovy.ast.expr.EmptyExpression>: null

16-05-2025T10:24:04 - [TEST_STEP][PASSED] - a314 = <not implemented yet for class: org.codehaus.groovy.ast.expr.EmptyExpression>: null

16-05-2025T10:24:04 - [TEST_STEP][PASSED] - a315 = <not implemented yet for class: org.codehaus.groovy.ast.expr.EmptyExpression>: null

16-05-2025T10:24:04 - [TEST_STEP][PASSED] - a316 = <not implemented yet for class: org.codehaus.groovy.ast.expr.EmptyExpression>: null

16-05-2025T10:24:04 - [TEST_STEP][PASSED] - a317 = <not implemented yet for class: org.codehaus.groovy.ast.expr.EmptyExpression>: null

16-05-2025T10:24:04 - [TEST_STEP][PASSED] - a318 = <not implemented yet for class: org.codehaus.groovy.ast.expr.EmptyExpression>: null

16-05-2025T10:24:04 - [TEST_STEP][PASSED] - b1 = <not implemented yet for class: org.codehaus.groovy.ast.expr.EmptyExpression>: null

16-05-2025T10:24:04 - [TEST_STEP][PASSED] - b2 = <not implemented yet for class: org.codehaus.groovy.ast.expr.EmptyExpression>: null

16-05-2025T10:24:04 - [TEST_STEP][PASSED] - b30 = <not implemented yet for class: org.codehaus.groovy.ast.expr.EmptyExpression>: null

16-05-2025T10:24:04 - [TEST_STEP][PASSED] - b31 = <not implemented yet for class: org.codehaus.groovy.ast.expr.EmptyExpression>: null

16-05-2025T10:24:04 - [TEST_STEP][PASSED] - b32 = <not implemented yet for class: org.codehaus.groovy.ast.expr.EmptyExpression>: null

16-05-2025T10:24:04 - [TEST_STEP][PASSED] - b33 = <not implemented yet for class: org.codehaus.groovy.ast.expr.EmptyExpression>: null

16-05-2025T10:24:04 - [TEST_STEP][PASSED] - b34 = <not implemented yet for class: org.codehaus.groovy.ast.expr.EmptyExpression>: null

16-05-2025T10:24:04 - [TEST_STEP][PASSED] - b35 = <not implemented yet for class: org.codehaus.groovy.ast.expr.EmptyExpression>: null

16-05-2025T10:24:04 - [TEST_STEP][PASSED] - b36 = <not implemented yet for class: org.codehaus.groovy.ast.expr.EmptyExpression>: null

16-05-2025T10:24:04 - [TEST_STEP][PASSED] - b37 = <not implemented yet for class: org.codehaus.groovy.ast.expr.EmptyExpression>: null

16-05-2025T10:24:04 - [TEST_STEP][PASSED] - b38 = <not implemented yet for class: org.codehaus.groovy.ast.expr.EmptyExpression>: null

16-05-2025T10:24:04 - [TEST_STEP][PASSED] - b39 = <not implemented yet for class: org.codehaus.groovy.ast.expr.EmptyExpression>: null

16-05-2025T10:24:04 - [TEST_STEP][PASSED] - b310 = <not implemented yet for class: org.codehaus.groovy.ast.expr.EmptyExpression>: null

16-05-2025T10:24:04 - [TEST_STEP][PASSED] - b311 = <not implemented yet for class: org.codehaus.groovy.ast.expr.EmptyExpression>: null

16-05-2025T10:24:04 - [TEST_STEP][PASSED] - b312 = <not implemented yet for class: org.codehaus.groovy.ast.expr.EmptyExpression>: null

16-05-2025T10:24:04 - [TEST_STEP][PASSED] - b313 = <not implemented yet for class: org.codehaus.groovy.ast.expr.EmptyExpression>: null

16-05-2025T10:24:04 - [TEST_STEP][PASSED] - b314 = <not implemented yet for class: org.codehaus.groovy.ast.expr.EmptyExpression>: null

16-05-2025T10:24:04 - [TEST_STEP][PASSED] - b315 = <not implemented yet for class: org.codehaus.groovy.ast.expr.EmptyExpression>: null

16-05-2025T10:24:04 - [TEST_STEP][PASSED] - b316 = <not implemented yet for class: org.codehaus.groovy.ast.expr.EmptyExpression>: null

16-05-2025T10:24:04 - [TEST_STEP][PASSED] - b317 = <not implemented yet for class: org.codehaus.groovy.ast.expr.EmptyExpression>: null

16-05-2025T10:24:04 - [TEST_STEP][PASSED] - b318 = <not implemented yet for class: org.codehaus.groovy.ast.expr.EmptyExpression>: null

16-05-2025T10:24:04 - [TEST_STEP][PASSED] - block = 1: null

16-05-2025T10:24:04 - [TEST_STEP][PASSED] - nameOfBlock = "": null

16-05-2025T10:24:04 - [TEST_STEP][PASSED] - Script1742558545601.PreSettings(run, vir, block, nameOfBlock, typeOfData, todaysDate): null

16-05-2025T10:24:04 - [TEST_STEP][PASSED] - openBrowser(""): Browser is opened with url: ''

16-05-2025T10:24:04 - [MESSAGE][INFO] - Starting 'Chrome' driver

16-05-2025T10:24:04 - [MESSAGE][INFO] - Action delay is set to 0 milliseconds

16-05-2025T10:24:05 - [MESSAGE][PASSED] - Browser is opened with url: ''

16-05-2025T10:24:05 - [TEST_STEP][PASSED] - refresh(): Refresh successfully

16-05-2025T10:24:05 - [MESSAGE][PASSED] - Refresh successfully

16-05-2025T10:24:05 - [TEST_STEP][PASSED] - delay(50): Delayed 50 second(s)

16-05-2025T10:24:55 - [MESSAGE][PASSED] - Delayed 50 second(s)

16-05-2025T10:24:55 - [TEST_STEP][PASSED] - println("run:" + run): null

16-05-2025T10:24:55 - [TEST_STEP][PASSED] - println("vir:" + vir): null

16-05-2025T10:24:55 - [TEST_STEP][PASSED] - println("block:" + block): null

16-05-2025T10:24:55 - [TEST_STEP][PASSED] - if (block == 1): null

16-05-2025T10:24:55 - [TEST_STEP][PASSED] - nameOfBlock = "": null

16-05-2025T10:24:55 - [TEST_STEP][PASSED] - println("nameOfBlock:" + nameOfBlock): null

16-05-2025T10:24:55 - [TEST_STEP][PASSED] - println("typeOfData:" + typeOfData): null

16-05-2025T10:24:55 - [TEST_STEP][PASSED] - println("todaysDate:" + todaysDate): null

16-05-2025T10:24:55 - [TEST_STEP][PASSED] - Script1742558545601.Autorization(block, nameOfBlock): null

16-05-2025T10:24:55 - [TEST_STEP][PASSED] - i = <not implemented yet for class: org.codehaus.groovy.ast.expr.EmptyExpression>: null

16-05-2025T10:24:55 - [TEST_STEP][PASSED] - ii = <not implemented yet for class: org.codehaus.groovy.ast.expr.EmptyExpression>: null

16-05-2025T10:24:55 - [TEST_STEP][PASSED] - urlData = <not implemented yet for class: org.codehaus.groovy.ast.expr.EmptyExpression>: null

16-05-2025T10:24:55 - [TEST_STEP][PASSED] - searchWord = <not implemented yet for class: org.codehaus.groovy.ast.expr.EmptyExpression>: null

16-05-2025T10:24:55 - [TEST_STEP][PASSED] - urlText = <not implemented yet for class: org.codehaus.groovy.ast.expr.EmptyExpression>: null

16-05-2025T10:24:55 - [TEST_STEP][PASSED] - println("block:" + block): null

16-05-2025T10:24:55 - [TEST_STEP][PASSED] - if (block == 1): null

16-05-2025T10:24:55 - [TEST_STEP][PASSED] - nameOfBlock = "": null

16-05-2025T10:24:55 - [TEST_STEP][PASSED] - println("nameOfBlock:" + nameOfBlock): null

16-05-2025T10:24:55 - [TEST_STEP][PASSED] - if (block == 1): Delayed 45 second(s)

16-05-2025T10:24:55 - [TEST_STEP][PASSED] - urlData = 2: null

16-05-2025T10:24:55 - [TEST_STEP][PASSED] - delay(45): Delayed 45 second(s)

16-05-2025T10:25:40 - [MESSAGE][PASSED] - Delayed 45 second(s)

16-05-2025T10:25:40 - [TEST_STEP][PASSED] - navigateToUrl(findTestData("PlanFact").getValue(10, urlData)): Navigate to 'https://bi.rosseti.digital/viewer?dashboardGuid=2301950b23be4ed89c1df75f2020051e&sheetGuid=b723206f698544fb87299f3095c00435&fit=true' successfully

16-05-2025T10:25:43 - [MESSAGE][PASSED] - Navigate to 'https://bi.rosseti.digital/viewer?dashboardGuid=2301950b23be4ed89c1df75f2020051e&sheetGuid=b723206f698544fb87299f3095c00435&fit=true' successfully

16-05-2025T10:25:43 - [TEST_STEP][PASSED] - urlText = getText(findTestObject("Страница авторизации/Text")): Text of object 'Object Repository/Страница авторизации/Text' is: 'Вход'

16-05-2025T10:25:43 - [MESSAGE][PASSED] - Text of object 'Object Repository/Страница авторизации/Text' is: 'Вход'

16-05-2025T10:25:43 - [TEST_STEP][PASSED] - searchWord = "Вход": null

16-05-2025T10:25:43 - [TEST_STEP][PASSED] - if (urlText == null || urlText.contains("ошибка") || urlText.contains(searchWord) == false): null

16-05-2025T10:25:43 - [TEST_STEP][PASSED] - if (verifyElementPresent(findTestObject("Страница авторизации/button_"), 30) == true): null

16-05-2025T10:25:43 - [MESSAGE][PASSED] - Object 'Object Repository/Страница авторизации/button_' is present

16-05-2025T10:25:43 - [TEST_STEP][PASSED] - setText(findTestObject("Страница авторизации/input__username"), findTestData("PlanFact").getValue(8, 1)): Text 'liazgina-di' is set on object 'Object Repository/Страница авторизации/input__username'

16-05-2025T10:25:44 - [MESSAGE][PASSED] - Text 'liazgina-di' is set on object 'Object Repository/Страница авторизации/input__username'

16-05-2025T10:25:44 - [TEST_STEP][PASSED] - setText(findTestObject("Страница авторизации/input__password"), findTestData("PlanFact").getValue(9, 1)): Text ')$%5srZ8o688Dm#q' is set on object 'Object Repository/Страница авторизации/input__password'

16-05-2025T10:25:45 - [MESSAGE][PASSED] - Text ')$%5srZ8o688Dm#q' is set on object 'Object Repository/Страница авторизации/input__password'

16-05-2025T10:25:45 - [TEST_STEP][PASSED] - click(findTestObject("Страница авторизации/button_")): Object: 'Object Repository/Страница авторизации/button_' is clicked on

16-05-2025T10:25:46 - [MESSAGE][PASSED] - Object: 'Object Repository/Страница авторизации/button_' is clicked on

16-05-2025T10:25:46 - [TEST_STEP][PASSED] - delay(45): Delayed 45 second(s)

16-05-2025T10:26:31 - [MESSAGE][PASSED] - Delayed 45 second(s)

16-05-2025T10:26:31 - [TEST_STEP][PASSED] - urlText = getText(findTestObject("Страница авторизации/Text")): Text of object 'Object Repository/Страница авторизации/Text' is: 'Период
1 кв. 2025 года
Выручка
Все
Выполнение плановых показателей по ПАО Россети за 1 кв. 2025 года
План
Факт
Динамика
2025 год
0 млн.руб.
50 000 млн.руб.
100 000 млн.руб.
150 000 млн.руб.
200 000 млн.руб.
250 000 млн.руб.
300 000 млн.руб.
350 000 млн.руб.
400 000 млн.руб.
450 000 млн.руб.
500 000 млн.руб.
550 000 млн.руб.
469 817
463 075
↓
ДЗО 
Все
Внутренний оборот - выручка за услуги по передаче электрической энергии, учтенная в выручке за электроэнергию для конечных потребителей, при выполнении ДЗО функций гарантирующего поставщика
Подписи данных
⬤Отклонение
АО "РЭС"
АО «Тываэнерго»
АО «Чеченэнерго»
Россети Волга
Россети Кубань
Россети Ленэнерго (ГК)
Россети Московский регион
Россети Северный Кавказ (ГК)
Россети Северо-Запад
Россети Сибирь (ГК)
Россети Томск
Россети Тюмень
Россети Урал (ГК)
Россети ФСК ЕЭС
Россети Центр
Россети Центр и Приволжье (ГК)
Россети Юг (ГК)
Россети Янтарь
-4 000 млн.руб.
-3 500 млн.руб.
-3 000 млн.руб.
-2 500 млн.руб.
-2 000 млн.руб.
-1 500 млн.руб.
-1 000 млн.руб.
- 500 млн.руб.
0 млн.руб.
500 млн.руб.
1 000 млн.руб.
1 500 млн.руб.
2 000 млн.руб.
-261
55
-27
-537
786
62
-3 345
-271
-253
876
-57
-2 765
-987
1 670
-805
-905
-11
31
млн.
%
Выручка
Отклонение выручки по ПАО Россети за 1 кв. 2025 года (факт/план, млн. руб)
ПАО Россети
-6 742.2 млн.руб.
 '

16-05-2025T10:26:31 - [MESSAGE][PASSED] - Text of object 'Object Repository/Страница авторизации/Text' is: 'Период
1 кв. 2025 года
Выручка
Все
Выполнение плановых показателей по ПАО Россети за 1 кв. 2025 года
План
Факт
Динамика
2025 год
0 млн.руб.
50 000 млн.руб.
100 000 млн.руб.
150 000 млн.руб.
200 000 млн.руб.
250 000 млн.руб.
300 000 млн.руб.
350 000 млн.руб.
400 000 млн.руб.
450 000 млн.руб.
500 000 млн.руб.
550 000 млн.руб.
469 817
463 075
↓
ДЗО 
Все
Внутренний оборот - выручка за услуги по передаче электрической энергии, учтенная в выручке за электроэнергию для конечных потребителей, при выполнении ДЗО функций гарантирующего поставщика
Подписи данных
⬤Отклонение
АО "РЭС"
АО «Тываэнерго»
АО «Чеченэнерго»
Россети Волга
Россети Кубань
Россети Ленэнерго (ГК)
Россети Московский регион
Россети Северный Кавказ (ГК)
Россети Северо-Запад
Россети Сибирь (ГК)
Россети Томск
Россети Тюмень
Россети Урал (ГК)
Россети ФСК ЕЭС
Россети Центр
Россети Центр и Приволжье (ГК)
Россети Юг (ГК)
Россети Янтарь
-4 000 млн.руб.
-3 500 млн.руб.
-3 000 млн.руб.
-2 500 млн.руб.
-2 000 млн.руб.
-1 500 млн.руб.
-1 000 млн.руб.
- 500 млн.руб.
0 млн.руб.
500 млн.руб.
1 000 млн.руб.
1 500 млн.руб.
2 000 млн.руб.
-261
55
-27
-537
786
62
-3 345
-271
-253
876
-57
-2 765
-987
1 670
-805
-905
-11
31
млн.
%
Выручка
Отклонение выручки по ПАО Россети за 1 кв. 2025 года (факт/план, млн. руб)
ПАО Россети
-6 742.2 млн.руб.
 '

16-05-2025T10:26:31 - [TEST_STEP][PASSED] - searchWord = "а": null

16-05-2025T10:26:31 - [TEST_STEP][PASSED] - if (urlText.contains("ошибка") || urlText.contains(searchWord) == false): null

16-05-2025T10:26:31 - [TEST_STEP][PASSED] - delay(45): Delayed 45 second(s)

16-05-2025T10:27:16 - [MESSAGE][PASSED] - Delayed 45 second(s)

16-05-2025T10:27:16 - [TEST_STEP][PASSED] - if (block == 2): null

16-05-2025T10:27:16 - [TEST_STEP][PASSED] - click(findTestObject("Выручка в рублях/Фильтр Период" + nameOfBlock)): Object: 'Object Repository/Выручка в рублях/Фильтр Период' is clicked on

16-05-2025T10:27:17 - [MESSAGE][PASSED] - Object: 'Object Repository/Выручка в рублях/Фильтр Период' is clicked on

16-05-2025T10:27:17 - [TEST_STEP][PASSED] - click(findTestObject("Выручка в рублях/Снять выделение в фильтре Дата" + nameOfBlock)): Object: 'Object Repository/Выручка в рублях/Снять выделение в фильтре Дата' is clicked on

16-05-2025T10:27:17 - [MESSAGE][PASSED] - Object: 'Object Repository/Выручка в рублях/Снять выделение в фильтре Дата' is clicked on

16-05-2025T10:27:17 - [TEST_STEP][PASSED] - click(findTestObject("Выручка в рублях/Применить в фильтре Дата" + nameOfBlock)): Object: 'Object Repository/Выручка в рублях/Применить в фильтре Дата' is clicked on

16-05-2025T10:27:18 - [MESSAGE][PASSED] - Object: 'Object Repository/Выручка в рублях/Применить в фильтре Дата' is clicked on

16-05-2025T10:27:18 - [TEST_STEP][PASSED] - delay(50): Delayed 50 second(s)

16-05-2025T10:28:08 - [MESSAGE][PASSED] - Delayed 50 second(s)

16-05-2025T10:28:08 - [TEST_STEP][PASSED] - click(findTestObject("Выручка в рублях/Фильтр Период" + nameOfBlock)): Object: 'Object Repository/Выручка в рублях/Фильтр Период' is clicked on

16-05-2025T10:28:08 - [MESSAGE][PASSED] - Object: 'Object Repository/Выручка в рублях/Фильтр Период' is clicked on

16-05-2025T10:28:08 - [TEST_STEP][PASSED] - click(findTestObject("Выручка в рублях/Снять выделение в фильтре Дата" + nameOfBlock)): Object: 'Object Repository/Выручка в рублях/Снять выделение в фильтре Дата' is clicked on

16-05-2025T10:28:09 - [MESSAGE][PASSED] - Object: 'Object Repository/Выручка в рублях/Снять выделение в фильтре Дата' is clicked on

16-05-2025T10:28:09 - [TEST_STEP][PASSED] - scrollToElement(findTestObject("Выручка в рублях/2025 список" + nameOfBlock), 30): Scroll to object 'Object Repository/Выручка в рублях/2025 список' successfully

16-05-2025T10:28:09 - [MESSAGE][PASSED] - Scroll to object 'Object Repository/Выручка в рублях/2025 список' successfully

16-05-2025T10:28:09 - [TEST_STEP][PASSED] - click(findTestObject("Выручка в рублях/2025 список" + nameOfBlock)): Object: 'Object Repository/Выручка в рублях/2025 список' is clicked on

16-05-2025T10:28:09 - [MESSAGE][PASSED] - Object: 'Object Repository/Выручка в рублях/2025 список' is clicked on

16-05-2025T10:28:09 - [TEST_STEP][PASSED] - scrollToElement(findTestObject("Выручка в рублях/1 квартал 2025 список" + nameOfBlock), 30): Scroll to object 'Object Repository/Выручка в рублях/1 квартал 2025 список' successfully

16-05-2025T10:28:10 - [MESSAGE][PASSED] - Scroll to object 'Object Repository/Выручка в рублях/1 квартал 2025 список' successfully

16-05-2025T10:28:10 - [TEST_STEP][PASSED] - click(findTestObject("Выручка в рублях/1 квартал 2025 выбрать" + nameOfBlock)): Object: 'Object Repository/Выручка в рублях/1 квартал 2025 выбрать' is clicked on

16-05-2025T10:28:10 - [MESSAGE][PASSED] - Object: 'Object Repository/Выручка в рублях/1 квартал 2025 выбрать' is clicked on

16-05-2025T10:28:10 - [TEST_STEP][PASSED] - scrollToElement(findTestObject("Выручка в рублях/Заголовок дашборда" + nameOfBlock), 30): Scroll to object 'Object Repository/Выручка в рублях/Заголовок дашборда' successfully

16-05-2025T10:28:11 - [MESSAGE][PASSED] - Scroll to object 'Object Repository/Выручка в рублях/Заголовок дашборда' successfully

16-05-2025T10:28:11 - [TEST_STEP][PASSED] - click(findTestObject("Выручка в рублях/Применить в фильтре Дата" + nameOfBlock)): Object: 'Object Repository/Выручка в рублях/Применить в фильтре Дата' is clicked on

16-05-2025T10:28:11 - [MESSAGE][PASSED] - Object: 'Object Repository/Выручка в рублях/Применить в фильтре Дата' is clicked on

16-05-2025T10:28:11 - [TEST_STEP][PASSED] - delay(55): Delayed 55 second(s)

16-05-2025T10:29:06 - [MESSAGE][PASSED] - Delayed 55 second(s)

16-05-2025T10:29:06 - [TEST_STEP][PASSED] - click(findTestObject("Выручка в рублях/Фильтр ДЗО" + nameOfBlock)): Object: 'Object Repository/Выручка в рублях/Фильтр ДЗО' is clicked on

16-05-2025T10:29:07 - [MESSAGE][PASSED] - Object: 'Object Repository/Выручка в рублях/Фильтр ДЗО' is clicked on

16-05-2025T10:29:07 - [TEST_STEP][PASSED] - click(findTestObject("Выручка в рублях/Снять выделение в фильтре ДЗО" + nameOfBlock)): Object: 'Object Repository/Выручка в рублях/Снять выделение в фильтре ДЗО' is clicked on

16-05-2025T10:29:07 - [MESSAGE][PASSED] - Object: 'Object Repository/Выручка в рублях/Снять выделение в фильтре ДЗО' is clicked on

16-05-2025T10:29:07 - [TEST_STEP][PASSED] - click(findTestObject("Выручка в рублях/Применить в фильтре ДЗО" + nameOfBlock)): Object: 'Object Repository/Выручка в рублях/Применить в фильтре ДЗО' is clicked on

16-05-2025T10:29:08 - [MESSAGE][PASSED] - Object: 'Object Repository/Выручка в рублях/Применить в фильтре ДЗО' is clicked on

16-05-2025T10:29:08 - [TEST_STEP][PASSED] - delay(50): Delayed 50 second(s)

16-05-2025T10:29:58 - [MESSAGE][PASSED] - Delayed 50 second(s)

16-05-2025T10:29:58 - [TEST_STEP][PASSED] - Script1742558545601.Tumbler(run, vir, block, nameOfBlock): null

16-05-2025T10:29:58 - [TEST_STEP][PASSED] - println("run:" + run): null

16-05-2025T10:29:58 - [TEST_STEP][PASSED] - println("vir:" + vir): null

16-05-2025T10:29:58 - [TEST_STEP][PASSED] - println("block:" + block): null

16-05-2025T10:29:58 - [TEST_STEP][PASSED] - println("nameOfBlock:" + nameOfBlock): null

16-05-2025T10:29:58 - [TEST_STEP][PASSED] - if (vir == 1): null

16-05-2025T10:29:58 - [TEST_STEP][PASSED] - else if (vir == 2): Object: 'Object Repository/Выручка в рублях/Применить в фильтре Выручка' is clicked on

16-05-2025T10:29:58 - [TEST_STEP][PASSED] - if (run == 2): null

16-05-2025T10:29:58 - [TEST_STEP][PASSED] - click(findTestObject("Выручка в рублях/Фильтр Выручка" + nameOfBlock)): Object: 'Object Repository/Выручка в рублях/Фильтр Выручка' is clicked on

16-05-2025T10:29:58 - [MESSAGE][PASSED] - Object: 'Object Repository/Выручка в рублях/Фильтр Выручка' is clicked on

16-05-2025T10:29:58 - [TEST_STEP][PASSED] - click(findTestObject("Выручка в рублях/Итого в фильтре Выручка" + nameOfBlock)): Object: 'Object Repository/Выручка в рублях/Итого в фильтре Выручка' is clicked on

16-05-2025T10:29:59 - [MESSAGE][PASSED] - Object: 'Object Repository/Выручка в рублях/Итого в фильтре Выручка' is clicked on

16-05-2025T10:29:59 - [TEST_STEP][PASSED] - click(findTestObject("Выручка в рублях/Применить в фильтре Выручка" + nameOfBlock)): Object: 'Object Repository/Выручка в рублях/Применить в фильтре Выручка' is clicked on

16-05-2025T10:29:59 - [MESSAGE][PASSED] - Object: 'Object Repository/Выручка в рублях/Применить в фильтре Выручка' is clicked on

16-05-2025T10:29:59 - [TEST_STEP][PASSED] - click(findTestObject("Выручка в рублях/Фильтр ДЗО" + nameOfBlock)): Object: 'Object Repository/Выручка в рублях/Фильтр ДЗО' is clicked on

16-05-2025T10:30:01 - [MESSAGE][PASSED] - Object: 'Object Repository/Выручка в рублях/Фильтр ДЗО' is clicked on

16-05-2025T10:30:01 - [TEST_STEP][PASSED] - Script1742558545601.Rosseti(nameOfBlock): null

16-05-2025T10:30:01 - [TEST_STEP][PASSED] - println("nameOfBlock:" + nameOfBlock): null

16-05-2025T10:30:01 - [TEST_STEP][PASSED] - click(findTestObject("Выручка в рублях/ПАО Россети" + nameOfBlock)): Object: 'Object Repository/Выручка в рублях/ПАО Россети' is clicked on

16-05-2025T10:30:01 - [MESSAGE][PASSED] - Object: 'Object Repository/Выручка в рублях/ПАО Россети' is clicked on

16-05-2025T10:30:01 - [TEST_STEP][PASSED] - click(findTestObject("Выручка в рублях/Применить в фильтре ДЗО" + nameOfBlock)): Object: 'Object Repository/Выручка в рублях/Применить в фильтре ДЗО' is clicked on

16-05-2025T10:30:02 - [MESSAGE][PASSED] - Object: 'Object Repository/Выручка в рублях/Применить в фильтре ДЗО' is clicked on

16-05-2025T10:30:02 - [TEST_STEP][PASSED] - if (run == 2): null

16-05-2025T10:30:02 - [TEST_STEP][PASSED] - if (vir == 1 || vir == 2): Text of object 'Object Repository/Выручка в рублях/График План' is: '461 942'

16-05-2025T10:30:02 - [TEST_STEP][PASSED] - a1 = getText(findTestObject("Выручка в рублях/График План")): Text of object 'Object Repository/Выручка в рублях/График План' is: '461 942'

16-05-2025T10:30:03 - [MESSAGE][PASSED] - Text of object 'Object Repository/Выручка в рублях/График План' is: '461 942'

16-05-2025T10:30:03 - [TEST_STEP][PASSED] - if (vir == 1 || vir == 2): Text of object 'Object Repository/Выручка в рублях/График Факт' is: '455 530'

16-05-2025T10:30:03 - [TEST_STEP][PASSED] - a2 = getText(findTestObject("Выручка в рублях/График Факт")): Text of object 'Object Repository/Выручка в рублях/График Факт' is: '455 530'

16-05-2025T10:30:03 - [MESSAGE][PASSED] - Text of object 'Object Repository/Выручка в рублях/График Факт' is: '455 530'

16-05-2025T10:30:03 - [TEST_STEP][PASSED] - a30 = getText(findTestObject("Выручка в рублях/span1" + perc)): Text of object 'Object Repository/Выручка в рублях/span1' is: '-6 411.9 млн.руб.'

16-05-2025T10:30:04 - [MESSAGE][PASSED] - Text of object 'Object Repository/Выручка в рублях/span1' is: '-6 411.9 млн.руб.'

16-05-2025T10:30:04 - [TEST_STEP][PASSED] - i = a30.indexOf("млн.руб."): null

16-05-2025T10:30:04 - [TEST_STEP][PASSED] - if (i > -1): null

16-05-2025T10:30:04 - [TEST_STEP][PASSED] - a30 = a30.substring(0, i): null

16-05-2025T10:30:04 - [TEST_STEP][PASSED] - a30 = a30.replaceAll(" ", ""): null

16-05-2025T10:30:04 - [TEST_STEP][PASSED] - if (a30.contains("%")): null

16-05-2025T10:30:04 - [TEST_STEP][PASSED] - a30 = ").trim(): null

16-05-2025T10:30:04 - [TEST_STEP][PASSED] - println("a30: " + a30): null

16-05-2025T10:30:04 - [TEST_STEP][PASSED] - if (vir == 1): null

16-05-2025T10:30:04 - [TEST_STEP][PASSED] - else if (vir == 2): Text of object 'Object Repository/Выручка в рублях/span18' is: '31'

16-05-2025T10:30:04 - [TEST_STEP][PASSED] - a31 = ").trim(): Text of object 'Object Repository/Выручка в рублях/span2' is: '-261'

16-05-2025T10:30:04 - [MESSAGE][PASSED] - Text of object 'Object Repository/Выручка в рублях/span2' is: '-261'

16-05-2025T10:30:04 - [TEST_STEP][PASSED] - a32 = ").trim(): Text of object 'Object Repository/Выручка в рублях/span3' is: '0'

16-05-2025T10:30:04 - [MESSAGE][PASSED] - Text of object 'Object Repository/Выручка в рублях/span3' is: '0'

16-05-2025T10:30:04 - [TEST_STEP][PASSED] - a34 = ").trim(): Text of object 'Object Repository/Выручка в рублях/span4' is: '-537'

16-05-2025T10:30:05 - [MESSAGE][PASSED] - Text of object 'Object Repository/Выручка в рублях/span4' is: '-537'

16-05-2025T10:30:05 - [TEST_STEP][PASSED] - a35 = ").trim(): Text of object 'Object Repository/Выручка в рублях/span5' is: '786'

16-05-2025T10:30:05 - [MESSAGE][PASSED] - Text of object 'Object Repository/Выручка в рублях/span5' is: '786'

16-05-2025T10:30:05 - [TEST_STEP][PASSED] - a36 = ").trim(): Text of object 'Object Repository/Выручка в рублях/span6' is: '62'

16-05-2025T10:30:05 - [MESSAGE][PASSED] - Text of object 'Object Repository/Выручка в рублях/span6' is: '62'

16-05-2025T10:30:05 - [TEST_STEP][PASSED] - a37 = ").trim(): Text of object 'Object Repository/Выручка в рублях/span7' is: '-3 345'

16-05-2025T10:30:05 - [MESSAGE][PASSED] - Text of object 'Object Repository/Выручка в рублях/span7' is: '-3 345'

16-05-2025T10:30:05 - [TEST_STEP][PASSED] - a38 = ").trim(): Text of object 'Object Repository/Выручка в рублях/span8' is: '88'

16-05-2025T10:30:06 - [MESSAGE][PASSED] - Text of object 'Object Repository/Выручка в рублях/span8' is: '88'

16-05-2025T10:30:06 - [TEST_STEP][PASSED] - a39 = ").trim(): Text of object 'Object Repository/Выручка в рублях/span9' is: '-253'

16-05-2025T10:30:06 - [MESSAGE][PASSED] - Text of object 'Object Repository/Выручка в рублях/span9' is: '-253'

16-05-2025T10:30:06 - [TEST_STEP][PASSED] - a310 = ").trim(): Text of object 'Object Repository/Выручка в рублях/span10' is: '876'

16-05-2025T10:30:06 - [MESSAGE][PASSED] - Text of object 'Object Repository/Выручка в рублях/span10' is: '876'

16-05-2025T10:30:06 - [TEST_STEP][PASSED] - a311 = ").trim(): Text of object 'Object Repository/Выручка в рублях/span11' is: '-57'

16-05-2025T10:30:07 - [MESSAGE][PASSED] - Text of object 'Object Repository/Выручка в рублях/span11' is: '-57'

16-05-2025T10:30:07 - [TEST_STEP][PASSED] - a312 = ").trim(): Text of object 'Object Repository/Выручка в рублях/span12' is: '-2 765'

16-05-2025T10:30:07 - [MESSAGE][PASSED] - Text of object 'Object Repository/Выручка в рублях/span12' is: '-2 765'

16-05-2025T10:30:07 - [TEST_STEP][PASSED] - a313 = ").trim(): Text of object 'Object Repository/Выручка в рублях/span13' is: '-987'

16-05-2025T10:30:07 - [MESSAGE][PASSED] - Text of object 'Object Repository/Выручка в рублях/span13' is: '-987'

16-05-2025T10:30:07 - [TEST_STEP][PASSED] - a314 = ").trim(): Text of object 'Object Repository/Выручка в рублях/span14' is: '1 670'

16-05-2025T10:30:07 - [MESSAGE][PASSED] - Text of object 'Object Repository/Выручка в рублях/span14' is: '1 670'

16-05-2025T10:30:07 - [TEST_STEP][PASSED] - a315 = ").trim(): Text of object 'Object Repository/Выручка в рублях/span15' is: '-805'

16-05-2025T10:30:08 - [MESSAGE][PASSED] - Text of object 'Object Repository/Выручка в рублях/span15' is: '-805'

16-05-2025T10:30:08 - [TEST_STEP][PASSED] - a316 = ").trim(): Text of object 'Object Repository/Выручка в рублях/span16' is: '-905'

16-05-2025T10:30:08 - [MESSAGE][PASSED] - Text of object 'Object Repository/Выручка в рублях/span16' is: '-905'

16-05-2025T10:30:08 - [TEST_STEP][PASSED] - a317 = ").trim(): Text of object 'Object Repository/Выручка в рублях/span17' is: '-11'

16-05-2025T10:30:08 - [MESSAGE][PASSED] - Text of object 'Object Repository/Выручка в рублях/span17' is: '-11'

16-05-2025T10:30:08 - [TEST_STEP][PASSED] - a318 = ").trim(): Text of object 'Object Repository/Выручка в рублях/span18' is: '31'

16-05-2025T10:30:09 - [MESSAGE][PASSED] - Text of object 'Object Repository/Выручка в рублях/span18' is: '31'

16-05-2025T10:30:09 - [TEST_STEP][PASSED] - block = 2: null

16-05-2025T10:30:09 - [TEST_STEP][PASSED] - nameOfBlock = " Выручка": null

16-05-2025T10:30:09 - [TEST_STEP][PASSED] - Script1742558545601.PreSettings(run, vir, block, nameOfBlock, typeOfData, todaysDate): null

16-05-2025T10:30:09 - [TEST_STEP][PASSED] - openBrowser(""): Browser is opened with url: ''

16-05-2025T10:30:09 - [MESSAGE][WARNING] - A browser is already opened. Closing browser and opening a new one

16-05-2025T10:30:09 - [MESSAGE][INFO] - Starting 'Chrome' driver

16-05-2025T10:30:09 - [MESSAGE][INFO] - Action delay is set to 0 milliseconds

16-05-2025T10:30:10 - [MESSAGE][PASSED] - Browser is opened with url: ''

16-05-2025T10:30:10 - [TEST_STEP][PASSED] - refresh(): Refresh successfully

16-05-2025T10:30:10 - [MESSAGE][PASSED] - Refresh successfully

16-05-2025T10:30:10 - [TEST_STEP][PASSED] - delay(50): Delayed 50 second(s)

16-05-2025T10:31:00 - [MESSAGE][PASSED] - Delayed 50 second(s)

16-05-2025T10:31:00 - [TEST_STEP][PASSED] - println("run:" + run): null

16-05-2025T10:31:00 - [TEST_STEP][PASSED] - println("vir:" + vir): null

16-05-2025T10:31:00 - [TEST_STEP][PASSED] - println("block:" + block): null

16-05-2025T10:31:00 - [TEST_STEP][PASSED] - if (block == 1): null

16-05-2025T10:31:00 - [TEST_STEP][PASSED] - else: null

16-05-2025T10:31:00 - [TEST_STEP][PASSED] - nameOfBlock = " Выручка": null

16-05-2025T10:31:00 - [TEST_STEP][PASSED] - println("nameOfBlock:" + nameOfBlock): null

16-05-2025T10:31:00 - [TEST_STEP][PASSED] - println("typeOfData:" + typeOfData): null

16-05-2025T10:31:00 - [TEST_STEP][PASSED] - println("todaysDate:" + todaysDate): null

16-05-2025T10:31:00 - [TEST_STEP][PASSED] - Script1742558545601.Autorization(block, nameOfBlock): null

16-05-2025T10:31:00 - [TEST_STEP][PASSED] - i = <not implemented yet for class: org.codehaus.groovy.ast.expr.EmptyExpression>: null

16-05-2025T10:31:00 - [TEST_STEP][PASSED] - ii = <not implemented yet for class: org.codehaus.groovy.ast.expr.EmptyExpression>: null

16-05-2025T10:31:00 - [TEST_STEP][PASSED] - urlData = <not implemented yet for class: org.codehaus.groovy.ast.expr.EmptyExpression>: null

16-05-2025T10:31:00 - [TEST_STEP][PASSED] - searchWord = <not implemented yet for class: org.codehaus.groovy.ast.expr.EmptyExpression>: null

16-05-2025T10:31:00 - [TEST_STEP][PASSED] - urlText = <not implemented yet for class: org.codehaus.groovy.ast.expr.EmptyExpression>: null

16-05-2025T10:31:00 - [TEST_STEP][PASSED] - println("block:" + block): null

16-05-2025T10:31:00 - [TEST_STEP][PASSED] - if (block == 1): null

16-05-2025T10:31:00 - [TEST_STEP][PASSED] - else: null

16-05-2025T10:31:00 - [TEST_STEP][PASSED] - delay(45): Delayed 45 second(s)

16-05-2025T10:31:45 - [MESSAGE][PASSED] - Delayed 45 second(s)

16-05-2025T10:31:45 - [TEST_STEP][PASSED] - nameOfBlock = " Выручка": null

16-05-2025T10:31:45 - [TEST_STEP][PASSED] - println("nameOfBlock:" + nameOfBlock): null

16-05-2025T10:31:45 - [TEST_STEP][PASSED] - if (block == 1): null

16-05-2025T10:31:45 - [TEST_STEP][PASSED] - else: Delayed 45 second(s)

16-05-2025T10:31:45 - [TEST_STEP][PASSED] - urlData = 9: null

16-05-2025T10:31:45 - [TEST_STEP][PASSED] - delay(45): Delayed 45 second(s)

16-05-2025T10:32:30 - [MESSAGE][PASSED] - Delayed 45 second(s)

16-05-2025T10:32:30 - [TEST_STEP][PASSED] - navigateToUrl(findTestData("PlanFact").getValue(10, urlData)): Navigate to 'https://bi.rosseti.digital/viewer?dashboardGuid=a1fd28b3785d443cbc4d7690a1d78e31&sheetGuid=86092a20c5984827a0c87b24cac76a50&fit=true' successfully

16-05-2025T10:32:33 - [MESSAGE][PASSED] - Navigate to 'https://bi.rosseti.digital/viewer?dashboardGuid=a1fd28b3785d443cbc4d7690a1d78e31&sheetGuid=86092a20c5984827a0c87b24cac76a50&fit=true' successfully

16-05-2025T10:32:33 - [TEST_STEP][PASSED] - urlText = getText(findTestObject("Страница авторизации/Text")): Text of object 'Object Repository/Страница авторизации/Text' is: 'Вход'

16-05-2025T10:32:33 - [MESSAGE][PASSED] - Text of object 'Object Repository/Страница авторизации/Text' is: 'Вход'

16-05-2025T10:32:33 - [TEST_STEP][PASSED] - searchWord = "Вход": null

16-05-2025T10:32:33 - [TEST_STEP][PASSED] - if (urlText == null || urlText.contains("ошибка") || urlText.contains(searchWord) == false): null

16-05-2025T10:32:33 - [TEST_STEP][PASSED] - if (verifyElementPresent(findTestObject("Страница авторизации/button_"), 30) == true): null

16-05-2025T10:32:34 - [MESSAGE][PASSED] - Object 'Object Repository/Страница авторизации/button_' is present

16-05-2025T10:32:34 - [TEST_STEP][PASSED] - setText(findTestObject("Страница авторизации/input__username"), findTestData("PlanFact").getValue(8, 1)): Text 'liazgina-di' is set on object 'Object Repository/Страница авторизации/input__username'

16-05-2025T10:32:34 - [MESSAGE][PASSED] - Text 'liazgina-di' is set on object 'Object Repository/Страница авторизации/input__username'

16-05-2025T10:32:34 - [TEST_STEP][PASSED] - setText(findTestObject("Страница авторизации/input__password"), findTestData("PlanFact").getValue(9, 1)): Text ')$%5srZ8o688Dm#q' is set on object 'Object Repository/Страница авторизации/input__password'

16-05-2025T10:32:35 - [MESSAGE][PASSED] - Text ')$%5srZ8o688Dm#q' is set on object 'Object Repository/Страница авторизации/input__password'

16-05-2025T10:32:35 - [TEST_STEP][PASSED] - click(findTestObject("Страница авторизации/button_")): Object: 'Object Repository/Страница авторизации/button_' is clicked on

16-05-2025T10:32:36 - [MESSAGE][PASSED] - Object: 'Object Repository/Страница авторизации/button_' is clicked on

16-05-2025T10:32:36 - [TEST_STEP][PASSED] - delay(45): Delayed 45 second(s)

16-05-2025T10:33:21 - [MESSAGE][PASSED] - Delayed 45 second(s)

16-05-2025T10:33:21 - [TEST_STEP][PASSED] - urlText = getText(findTestObject("Страница авторизации/Text")): Text of object 'Object Repository/Страница авторизации/Text' is: 'Период
Январь, Февраль, Март 2025 года
Выручка
Все
Выполнение плановых показателей, млн.руб.
План
Факт
Динамика
2025 год
0 млн.руб.
50 000 млн.руб.
100 000 млн.руб.
150 000 млн.руб.
200 000 млн.руб.
250 000 млн.руб.
300 000 млн.руб.
350 000 млн.руб.
400 000 млн.руб.
450 000 млн.руб.
500 000 млн.руб.
550 000 млн.руб.
469 817
463 075
↓
ДЗО 
Все
Подписи данных
⬤Отклонение
АО "РЭС"
АО «Тываэнерго»
АО «Чеченэнерго»
Россети Волга
Россети Кубань
Россети Ленэнерго (ГК)
Россети Московский регион
Россети Северный Кавказ (ГК)
Россети Северо-Запад
Россети Сибирь (ГК)
Россети Томск
Россети Тюмень
Россети Урал (ГК)
Россети ФСК ЕЭС
Россети Центр
Россети Центр и Приволжье (ГК)
Россети Юг (ГК)
Россети Янтарь
-4 000 млн.руб.
-3 500 млн.руб.
-3 000 млн.руб.
-2 500 млн.руб.
-2 000 млн.руб.
-1 500 млн.руб.
-1 000 млн.руб.
- 500 млн.руб.
0 млн.руб.
500 млн.руб.
1 000 млн.руб.
1 500 млн.руб.
2 000 млн.руб.
-261
55
-27
-537
786
62
-3 345
-271
-253
876
-57
-2 765
-987
1 670
-805
-905
-11
31
млн.
%
Выручка
Отклонение выручки по ПАО Россети за Январь, Февраль, Март 2025 года (факт/план, млн. руб)
ПАО Россети
-6 742.2 млн.руб.
Статус данных
ВЫБРАННЫЕ ЗНАЧЕНИЯ ФИЛЬТРОВ
ДЗО | ПЕРИОД
ПАО Россети: [«Выбраны все филиалы по всем ДЗО по всем категориям»]
2025: [Янв, Фев, Мар]
*Внутренний оборот'

16-05-2025T10:33:22 - [MESSAGE][PASSED] - Text of object 'Object Repository/Страница авторизации/Text' is: 'Период
Январь, Февраль, Март 2025 года
Выручка
Все
Выполнение плановых показателей, млн.руб.
План
Факт
Динамика
2025 год
0 млн.руб.
50 000 млн.руб.
100 000 млн.руб.
150 000 млн.руб.
200 000 млн.руб.
250 000 млн.руб.
300 000 млн.руб.
350 000 млн.руб.
400 000 млн.руб.
450 000 млн.руб.
500 000 млн.руб.
550 000 млн.руб.
469 817
463 075
↓
ДЗО 
Все
Подписи данных
⬤Отклонение
АО "РЭС"
АО «Тываэнерго»
АО «Чеченэнерго»
Россети Волга
Россети Кубань
Россети Ленэнерго (ГК)
Россети Московский регион
Россети Северный Кавказ (ГК)
Россети Северо-Запад
Россети Сибирь (ГК)
Россети Томск
Россети Тюмень
Россети Урал (ГК)
Россети ФСК ЕЭС
Россети Центр
Россети Центр и Приволжье (ГК)
Россети Юг (ГК)
Россети Янтарь
-4 000 млн.руб.
-3 500 млн.руб.
-3 000 млн.руб.
-2 500 млн.руб.
-2 000 млн.руб.
-1 500 млн.руб.
-1 000 млн.руб.
- 500 млн.руб.
0 млн.руб.
500 млн.руб.
1 000 млн.руб.
1 500 млн.руб.
2 000 млн.руб.
-261
55
-27
-537
786
62
-3 345
-271
-253
876
-57
-2 765
-987
1 670
-805
-905
-11
31
млн.
%
Выручка
Отклонение выручки по ПАО Россети за Январь, Февраль, Март 2025 года (факт/план, млн. руб)
ПАО Россети
-6 742.2 млн.руб.
Статус данных
ВЫБРАННЫЕ ЗНАЧЕНИЯ ФИЛЬТРОВ
ДЗО | ПЕРИОД
ПАО Россети: [«Выбраны все филиалы по всем ДЗО по всем категориям»]
2025: [Янв, Фев, Мар]
*Внутренний оборот'

16-05-2025T10:33:22 - [TEST_STEP][PASSED] - searchWord = "а": null

16-05-2025T10:33:22 - [TEST_STEP][PASSED] - if (urlText.contains("ошибка") || urlText.contains(searchWord) == false): null

16-05-2025T10:33:22 - [TEST_STEP][PASSED] - delay(45): Delayed 45 second(s)

16-05-2025T10:34:07 - [MESSAGE][PASSED] - Delayed 45 second(s)

16-05-2025T10:34:07 - [TEST_STEP][PASSED] - if (block == 2): null

16-05-2025T10:34:07 - [TEST_STEP][PASSED] - opoveshenie = getText(findTestObject("Выручка в рублях/Просьба обратить внимание")): Text of object 'Object Repository/Выручка в рублях/Просьба обратить внимание' is: ''

16-05-2025T10:34:07 - [MESSAGE][PASSED] - Text of object 'Object Repository/Выручка в рублях/Просьба обратить внимание' is: ''

16-05-2025T10:34:07 - [TEST_STEP][PASSED] - if (opoveshenie == "Просьба обратить внимание"): null

16-05-2025T10:34:07 - [TEST_STEP][PASSED] - click(findTestObject("Выручка в рублях/Фильтр Период" + nameOfBlock)): Object: 'Object Repository/Выручка в рублях/Фильтр Период Выручка' is clicked on

16-05-2025T10:34:07 - [MESSAGE][PASSED] - Object: 'Object Repository/Выручка в рублях/Фильтр Период Выручка' is clicked on

16-05-2025T10:34:07 - [TEST_STEP][PASSED] - click(findTestObject("Выручка в рублях/Снять выделение в фильтре Дата" + nameOfBlock)): Object: 'Object Repository/Выручка в рублях/Снять выделение в фильтре Дата Выручка' is clicked on

16-05-2025T10:34:08 - [MESSAGE][PASSED] - Object: 'Object Repository/Выручка в рублях/Снять выделение в фильтре Дата Выручка' is clicked on

16-05-2025T10:34:08 - [TEST_STEP][PASSED] - click(findTestObject("Выручка в рублях/Применить в фильтре Дата" + nameOfBlock)): Object: 'Object Repository/Выручка в рублях/Применить в фильтре Дата Выручка' is clicked on

16-05-2025T10:34:09 - [MESSAGE][PASSED] - Object: 'Object Repository/Выручка в рублях/Применить в фильтре Дата Выручка' is clicked on

16-05-2025T10:34:09 - [TEST_STEP][PASSED] - delay(50): Delayed 50 second(s)

16-05-2025T10:34:59 - [MESSAGE][PASSED] - Delayed 50 second(s)

16-05-2025T10:34:59 - [TEST_STEP][PASSED] - click(findTestObject("Выручка в рублях/Фильтр Период" + nameOfBlock)): Object: 'Object Repository/Выручка в рублях/Фильтр Период Выручка' is clicked on

16-05-2025T10:34:59 - [MESSAGE][PASSED] - Object: 'Object Repository/Выручка в рублях/Фильтр Период Выручка' is clicked on

16-05-2025T10:34:59 - [TEST_STEP][PASSED] - click(findTestObject("Выручка в рублях/Снять выделение в фильтре Дата" + nameOfBlock)): Object: 'Object Repository/Выручка в рублях/Снять выделение в фильтре Дата Выручка' is clicked on

16-05-2025T10:34:59 - [MESSAGE][PASSED] - Object: 'Object Repository/Выручка в рублях/Снять выделение в фильтре Дата Выручка' is clicked on

16-05-2025T10:34:59 - [TEST_STEP][PASSED] - scrollToElement(findTestObject("Выручка в рублях/2025 список" + nameOfBlock), 30): Scroll to object 'Object Repository/Выручка в рублях/2025 список Выручка' successfully

16-05-2025T10:35:00 - [MESSAGE][PASSED] - Scroll to object 'Object Repository/Выручка в рублях/2025 список Выручка' successfully

16-05-2025T10:35:00 - [TEST_STEP][PASSED] - click(findTestObject("Выручка в рублях/2025 список" + nameOfBlock)): Object: 'Object Repository/Выручка в рублях/2025 список Выручка' is clicked on

16-05-2025T10:35:00 - [MESSAGE][PASSED] - Object: 'Object Repository/Выручка в рублях/2025 список Выручка' is clicked on

16-05-2025T10:35:00 - [TEST_STEP][PASSED] - scrollToElement(findTestObject("Выручка в рублях/1 квартал 2025 список" + nameOfBlock), 30): Scroll to object 'Object Repository/Выручка в рублях/1 квартал 2025 список Выручка' successfully

16-05-2025T10:35:01 - [MESSAGE][PASSED] - Scroll to object 'Object Repository/Выручка в рублях/1 квартал 2025 список Выручка' successfully

16-05-2025T10:35:01 - [TEST_STEP][PASSED] - click(findTestObject("Выручка в рублях/1 квартал 2025 выбрать" + nameOfBlock)): Object: 'Object Repository/Выручка в рублях/1 квартал 2025 выбрать Выручка' is clicked on

16-05-2025T10:35:01 - [MESSAGE][PASSED] - Object: 'Object Repository/Выручка в рублях/1 квартал 2025 выбрать Выручка' is clicked on

16-05-2025T10:35:01 - [TEST_STEP][PASSED] - scrollToElement(findTestObject("Выручка в рублях/Заголовок дашборда" + nameOfBlock), 30): Scroll to object 'Object Repository/Выручка в рублях/Заголовок дашборда Выручка' successfully

16-05-2025T10:35:01 - [MESSAGE][PASSED] - Scroll to object 'Object Repository/Выручка в рублях/Заголовок дашборда Выручка' successfully

16-05-2025T10:35:01 - [TEST_STEP][PASSED] - click(findTestObject("Выручка в рублях/Применить в фильтре Дата" + nameOfBlock)): Object: 'Object Repository/Выручка в рублях/Применить в фильтре Дата Выручка' is clicked on

16-05-2025T10:35:02 - [MESSAGE][PASSED] - Object: 'Object Repository/Выручка в рублях/Применить в фильтре Дата Выручка' is clicked on

16-05-2025T10:35:02 - [TEST_STEP][PASSED] - delay(55): Delayed 55 second(s)

16-05-2025T10:35:57 - [MESSAGE][PASSED] - Delayed 55 second(s)

16-05-2025T10:35:57 - [TEST_STEP][PASSED] - click(findTestObject("Выручка в рублях/Фильтр ДЗО" + nameOfBlock)): Object: 'Object Repository/Выручка в рублях/Фильтр ДЗО Выручка' is clicked on

16-05-2025T10:35:57 - [MESSAGE][PASSED] - Object: 'Object Repository/Выручка в рублях/Фильтр ДЗО Выручка' is clicked on

16-05-2025T10:35:57 - [TEST_STEP][PASSED] - click(findTestObject("Выручка в рублях/Снять выделение в фильтре ДЗО" + nameOfBlock)): Object: 'Object Repository/Выручка в рублях/Снять выделение в фильтре ДЗО Выручка' is clicked on

16-05-2025T10:35:58 - [MESSAGE][PASSED] - Object: 'Object Repository/Выручка в рублях/Снять выделение в фильтре ДЗО Выручка' is clicked on

16-05-2025T10:35:58 - [TEST_STEP][PASSED] - click(findTestObject("Выручка в рублях/Применить в фильтре ДЗО" + nameOfBlock)): Object: 'Object Repository/Выручка в рублях/Применить в фильтре ДЗО Выручка' is clicked on

16-05-2025T10:35:58 - [MESSAGE][PASSED] - Object: 'Object Repository/Выручка в рублях/Применить в фильтре ДЗО Выручка' is clicked on

16-05-2025T10:35:58 - [TEST_STEP][PASSED] - delay(50): Delayed 50 second(s)

16-05-2025T10:36:48 - [MESSAGE][PASSED] - Delayed 50 second(s)

16-05-2025T10:36:48 - [TEST_STEP][PASSED] - Script1742558545601.Tumbler(run, vir, block, nameOfBlock): null

16-05-2025T10:36:48 - [TEST_STEP][PASSED] - println("run:" + run): null

16-05-2025T10:36:48 - [TEST_STEP][PASSED] - println("vir:" + vir): null

16-05-2025T10:36:48 - [TEST_STEP][PASSED] - println("block:" + block): null

16-05-2025T10:36:48 - [TEST_STEP][PASSED] - println("nameOfBlock:" + nameOfBlock): null

16-05-2025T10:36:48 - [TEST_STEP][PASSED] - if (vir == 1): null

16-05-2025T10:36:48 - [TEST_STEP][PASSED] - else if (vir == 2): Object: 'Object Repository/Выручка в рублях/Применить в фильтре Выручка Выручка' is clicked on

16-05-2025T10:36:48 - [TEST_STEP][PASSED] - if (run == 2): null

16-05-2025T10:36:48 - [TEST_STEP][PASSED] - click(findTestObject("Выручка в рублях/Фильтр Выручка" + nameOfBlock)): Object: 'Object Repository/Выручка в рублях/Фильтр Выручка Выручка' is clicked on

16-05-2025T10:36:49 - [MESSAGE][PASSED] - Object: 'Object Repository/Выручка в рублях/Фильтр Выручка Выручка' is clicked on

16-05-2025T10:36:49 - [TEST_STEP][PASSED] - click(findTestObject("Выручка в рублях/Итого в фильтре Выручка" + nameOfBlock)): Object: 'Object Repository/Выручка в рублях/Итого в фильтре Выручка Выручка' is clicked on

16-05-2025T10:36:49 - [MESSAGE][PASSED] - Object: 'Object Repository/Выручка в рублях/Итого в фильтре Выручка Выручка' is clicked on

16-05-2025T10:36:49 - [TEST_STEP][PASSED] - click(findTestObject("Выручка в рублях/Применить в фильтре Выручка" + nameOfBlock)): Object: 'Object Repository/Выручка в рублях/Применить в фильтре Выручка Выручка' is clicked on

16-05-2025T10:36:50 - [MESSAGE][PASSED] - Object: 'Object Repository/Выручка в рублях/Применить в фильтре Выручка Выручка' is clicked on

16-05-2025T10:36:50 - [TEST_STEP][PASSED] - click(findTestObject("Выручка в рублях/Фильтр ДЗО" + nameOfBlock)): Object: 'Object Repository/Выручка в рублях/Фильтр ДЗО Выручка' is clicked on

16-05-2025T10:36:52 - [MESSAGE][PASSED] - Object: 'Object Repository/Выручка в рублях/Фильтр ДЗО Выручка' is clicked on

16-05-2025T10:36:52 - [TEST_STEP][PASSED] - Script1742558545601.Rosseti(nameOfBlock): null

16-05-2025T10:36:52 - [TEST_STEP][PASSED] - println("nameOfBlock:" + nameOfBlock): null

16-05-2025T10:36:52 - [TEST_STEP][PASSED] - click(findTestObject("Выручка в рублях/ПАО Россети" + nameOfBlock)): Object: 'Object Repository/Выручка в рублях/ПАО Россети Выручка' is clicked on

16-05-2025T10:36:52 - [MESSAGE][PASSED] - Object: 'Object Repository/Выручка в рублях/ПАО Россети Выручка' is clicked on

16-05-2025T10:36:52 - [TEST_STEP][PASSED] - click(findTestObject("Выручка в рублях/Применить в фильтре ДЗО" + nameOfBlock)): Object: 'Object Repository/Выручка в рублях/Применить в фильтре ДЗО Выручка' is clicked on

16-05-2025T10:36:53 - [MESSAGE][PASSED] - Object: 'Object Repository/Выручка в рублях/Применить в фильтре ДЗО Выручка' is clicked on

16-05-2025T10:36:53 - [TEST_STEP][PASSED] - if (vir == 1 || vir == 2): Text of object 'Object Repository/Выручка в рублях/График План Выручка' is: '461 942'

16-05-2025T10:36:53 - [TEST_STEP][PASSED] - b1 = getText(findTestObject("Выручка в рублях/График План Выручка")): Text of object 'Object Repository/Выручка в рублях/График План Выручка' is: '461 942'

16-05-2025T10:36:54 - [MESSAGE][PASSED] - Text of object 'Object Repository/Выручка в рублях/График План Выручка' is: '461 942'

16-05-2025T10:36:54 - [TEST_STEP][PASSED] - if (vir == 1 || vir == 2): Text of object 'Object Repository/Выручка в рублях/График Факт Выручка' is: '455 530'

16-05-2025T10:36:54 - [TEST_STEP][PASSED] - b2 = getText(findTestObject("Выручка в рублях/График Факт Выручка")): Text of object 'Object Repository/Выручка в рублях/График Факт Выручка' is: '455 530'

16-05-2025T10:36:54 - [MESSAGE][PASSED] - Text of object 'Object Repository/Выручка в рублях/График Факт Выручка' is: '455 530'

16-05-2025T10:36:54 - [TEST_STEP][PASSED] - b30 = getText(findTestObject("Выручка в рублях/span1" + perc)): Text of object 'Object Repository/Выручка в рублях/span1' is: '-6 411.9 млн.руб.'

16-05-2025T10:36:55 - [MESSAGE][PASSED] - Text of object 'Object Repository/Выручка в рублях/span1' is: '-6 411.9 млн.руб.'

16-05-2025T10:36:55 - [TEST_STEP][PASSED] - i = b30.indexOf("млн.руб."): null

16-05-2025T10:36:55 - [TEST_STEP][PASSED] - if (i > -1): null

16-05-2025T10:36:55 - [TEST_STEP][PASSED] - b30 = b30.substring(0, i): null

16-05-2025T10:36:55 - [TEST_STEP][PASSED] - b30 = b30.replaceAll(" ", ""): null

16-05-2025T10:36:55 - [TEST_STEP][PASSED] - if (b30.contains("%")): null

16-05-2025T10:36:55 - [TEST_STEP][PASSED] - b30 = ").trim(): null

16-05-2025T10:36:55 - [TEST_STEP][PASSED] - println("b30: " + b30): null

16-05-2025T10:36:55 - [TEST_STEP][PASSED] - if (vir == 1): null

16-05-2025T10:36:55 - [TEST_STEP][PASSED] - else if (vir == 2): Text of object 'Object Repository/Выручка в рублях/span18' is: '31'

16-05-2025T10:36:55 - [TEST_STEP][PASSED] - b31 = ").trim(): Text of object 'Object Repository/Выручка в рублях/span2' is: '-261'

16-05-2025T10:36:55 - [MESSAGE][PASSED] - Text of object 'Object Repository/Выручка в рублях/span2' is: '-261'

16-05-2025T10:36:55 - [TEST_STEP][PASSED] - b32 = ").trim(): Text of object 'Object Repository/Выручка в рублях/span3' is: '0'

16-05-2025T10:36:55 - [MESSAGE][PASSED] - Text of object 'Object Repository/Выручка в рублях/span3' is: '0'

16-05-2025T10:36:55 - [TEST_STEP][PASSED] - b34 = ").trim(): Text of object 'Object Repository/Выручка в рублях/span4' is: '-537'

16-05-2025T10:36:55 - [MESSAGE][PASSED] - Text of object 'Object Repository/Выручка в рублях/span4' is: '-537'

16-05-2025T10:36:55 - [TEST_STEP][PASSED] - b35 = ").trim(): Text of object 'Object Repository/Выручка в рублях/span5' is: '786'

16-05-2025T10:36:56 - [MESSAGE][PASSED] - Text of object 'Object Repository/Выручка в рублях/span5' is: '786'

16-05-2025T10:36:56 - [TEST_STEP][PASSED] - b36 = ").trim(): Text of object 'Object Repository/Выручка в рублях/span6' is: '62'

16-05-2025T10:36:56 - [MESSAGE][PASSED] - Text of object 'Object Repository/Выручка в рублях/span6' is: '62'

16-05-2025T10:36:56 - [TEST_STEP][PASSED] - b37 = ").trim(): Text of object 'Object Repository/Выручка в рублях/span7' is: '-3 345'

16-05-2025T10:36:56 - [MESSAGE][PASSED] - Text of object 'Object Repository/Выручка в рублях/span7' is: '-3 345'

16-05-2025T10:36:56 - [TEST_STEP][PASSED] - b38 = ").trim(): Text of object 'Object Repository/Выручка в рублях/span8' is: '88'

16-05-2025T10:36:57 - [MESSAGE][PASSED] - Text of object 'Object Repository/Выручка в рублях/span8' is: '88'

16-05-2025T10:36:57 - [TEST_STEP][PASSED] - b39 = ").trim(): Text of object 'Object Repository/Выручка в рублях/span9' is: '-253'

16-05-2025T10:36:57 - [MESSAGE][PASSED] - Text of object 'Object Repository/Выручка в рублях/span9' is: '-253'

16-05-2025T10:36:57 - [TEST_STEP][PASSED] - b310 = ").trim(): Text of object 'Object Repository/Выручка в рублях/span10' is: '876'

16-05-2025T10:36:57 - [MESSAGE][PASSED] - Text of object 'Object Repository/Выручка в рублях/span10' is: '876'

16-05-2025T10:36:57 - [TEST_STEP][PASSED] - b311 = ").trim(): Text of object 'Object Repository/Выручка в рублях/span11' is: '-57'

16-05-2025T10:36:57 - [MESSAGE][PASSED] - Text of object 'Object Repository/Выручка в рублях/span11' is: '-57'

16-05-2025T10:36:57 - [TEST_STEP][PASSED] - b312 = ").trim(): Text of object 'Object Repository/Выручка в рублях/span12' is: '-2 765'

16-05-2025T10:36:58 - [MESSAGE][PASSED] - Text of object 'Object Repository/Выручка в рублях/span12' is: '-2 765'

16-05-2025T10:36:58 - [TEST_STEP][PASSED] - b313 = ").trim(): Text of object 'Object Repository/Выручка в рублях/span13' is: '-987'

16-05-2025T10:36:58 - [MESSAGE][PASSED] - Text of object 'Object Repository/Выручка в рублях/span13' is: '-987'

16-05-2025T10:36:58 - [TEST_STEP][PASSED] - b314 = ").trim(): Text of object 'Object Repository/Выручка в рублях/span14' is: '1 670'

16-05-2025T10:36:58 - [MESSAGE][PASSED] - Text of object 'Object Repository/Выручка в рублях/span14' is: '1 670'

16-05-2025T10:36:58 - [TEST_STEP][PASSED] - b315 = ").trim(): Text of object 'Object Repository/Выручка в рублях/span15' is: '-805'

16-05-2025T10:36:59 - [MESSAGE][PASSED] - Text of object 'Object Repository/Выручка в рублях/span15' is: '-805'

16-05-2025T10:36:59 - [TEST_STEP][PASSED] - b316 = ").trim(): Text of object 'Object Repository/Выручка в рублях/span16' is: '-905'

16-05-2025T10:36:59 - [MESSAGE][PASSED] - Text of object 'Object Repository/Выручка в рублях/span16' is: '-905'

16-05-2025T10:36:59 - [TEST_STEP][PASSED] - b317 = ").trim(): Text of object 'Object Repository/Выручка в рублях/span17' is: '-11'

16-05-2025T10:36:59 - [MESSAGE][PASSED] - Text of object 'Object Repository/Выручка в рублях/span17' is: '-11'

16-05-2025T10:36:59 - [TEST_STEP][PASSED] - b318 = ").trim(): Text of object 'Object Repository/Выручка в рублях/span18' is: '31'

16-05-2025T10:36:59 - [MESSAGE][PASSED] - Text of object 'Object Repository/Выручка в рублях/span18' is: '31'

16-05-2025T10:36:59 - [TEST_STEP][PASSED] - dZO = "ПАО Россети": null

16-05-2025T10:36:59 - [TEST_STEP][PASSED] - if (verifyEqual(a1, b1) == false): Actual object '461 942' and expected object '461 942' are equal

16-05-2025T10:36:59 - [MESSAGE][PASSED] - Actual object '461 942' and expected object '461 942' are equal

16-05-2025T10:36:59 - [TEST_STEP][PASSED] - if (verifyEqual(a2, b2) == false): Actual object '455 530' and expected object '455 530' are equal

16-05-2025T10:36:59 - [MESSAGE][PASSED] - Actual object '455 530' and expected object '455 530' are equal

16-05-2025T10:36:59 - [TEST_STEP][PASSED] - vidget = "Отклонения": null

16-05-2025T10:36:59 - [TEST_STEP][PASSED] - if (verifyEqual(a30, b30) == false): Actual object '-6411.9' and expected object '-6411.9' are equal

16-05-2025T10:36:59 - [MESSAGE][PASSED] - Actual object '-6411.9' and expected object '-6411.9' are equal

16-05-2025T10:36:59 - [TEST_STEP][PASSED] - dZO = "АО «РЭС»": null

16-05-2025T10:36:59 - [TEST_STEP][PASSED] - if (verifyEqual(a31, b31) == false): Actual object '-261' and expected object '-261' are equal

16-05-2025T10:36:59 - [MESSAGE][PASSED] - Actual object '-261' and expected object '-261' are equal

16-05-2025T10:36:59 - [TEST_STEP][PASSED] - dZO = "АО «Тываэнерго»": null

16-05-2025T10:36:59 - [TEST_STEP][PASSED] - if (verifyEqual(a32, b32) == false): Actual object '0' and expected object '0' are equal

16-05-2025T10:36:59 - [MESSAGE][PASSED] - Actual object '0' and expected object '0' are equal

16-05-2025T10:36:59 - [TEST_STEP][PASSED] - dZO = "АО «Чеченэнерго»": null

16-05-2025T10:36:59 - [TEST_STEP][PASSED] - if (verifyEqual(a33, b33) == false): Actual object 'null' and expected object 'null' are equal

16-05-2025T10:36:59 - [MESSAGE][PASSED] - Actual object 'null' and expected object 'null' are equal

16-05-2025T10:36:59 - [TEST_STEP][PASSED] - dZO = "Россети Волга": null

16-05-2025T10:36:59 - [TEST_STEP][PASSED] - if (verifyEqual(a34, b34) == false): Actual object '-537' and expected object '-537' are equal

16-05-2025T10:36:59 - [MESSAGE][PASSED] - Actual object '-537' and expected object '-537' are equal

16-05-2025T10:36:59 - [TEST_STEP][PASSED] - dZO = "Россети Кубань": null

16-05-2025T10:36:59 - [TEST_STEP][PASSED] - if (verifyEqual(a35, b35) == false): Actual object '786' and expected object '786' are equal

16-05-2025T10:36:59 - [MESSAGE][PASSED] - Actual object '786' and expected object '786' are equal

16-05-2025T10:36:59 - [TEST_STEP][PASSED] - dZO = "Россети Ленэнерго (ГК)": null

16-05-2025T10:36:59 - [TEST_STEP][PASSED] - if (verifyEqual(a36, b36) == false): Actual object '62' and expected object '62' are equal

16-05-2025T10:36:59 - [MESSAGE][PASSED] - Actual object '62' and expected object '62' are equal

16-05-2025T10:36:59 - [TEST_STEP][PASSED] - dZO = "Россети Московский регион": null

16-05-2025T10:36:59 - [TEST_STEP][PASSED] - if (verifyEqual(a37, b37) == false): Actual object '-3 345' and expected object '-3 345' are equal

16-05-2025T10:36:59 - [MESSAGE][PASSED] - Actual object '-3 345' and expected object '-3 345' are equal

16-05-2025T10:36:59 - [TEST_STEP][PASSED] - dZO = "Россети Северный Кавказ (ГК)": null

16-05-2025T10:36:59 - [TEST_STEP][PASSED] - if (verifyEqual(a38, b38) == false): Actual object '88' and expected object '88' are equal

16-05-2025T10:36:59 - [MESSAGE][PASSED] - Actual object '88' and expected object '88' are equal

16-05-2025T10:36:59 - [TEST_STEP][PASSED] - dZO = "Россети Северо-Запад": null

16-05-2025T10:36:59 - [TEST_STEP][PASSED] - if (verifyEqual(a39, b39) == false): Actual object '-253' and expected object '-253' are equal

16-05-2025T10:36:59 - [MESSAGE][PASSED] - Actual object '-253' and expected object '-253' are equal

16-05-2025T10:36:59 - [TEST_STEP][PASSED] - dZO = "Россети Сибирь (ГК)": null

16-05-2025T10:36:59 - [TEST_STEP][PASSED] - if (verifyEqual(a310, b310) == false): Actual object '876' and expected object '876' are equal

16-05-2025T10:36:59 - [MESSAGE][PASSED] - Actual object '876' and expected object '876' are equal

16-05-2025T10:36:59 - [TEST_STEP][PASSED] - dZO = "Россети Томск": null

16-05-2025T10:36:59 - [TEST_STEP][PASSED] - if (verifyEqual(a311, b311) == false): Actual object '-57' and expected object '-57' are equal

16-05-2025T10:36:59 - [MESSAGE][PASSED] - Actual object '-57' and expected object '-57' are equal

16-05-2025T10:36:59 - [TEST_STEP][PASSED] - dZO = "Россети Тюмень": null

16-05-2025T10:36:59 - [TEST_STEP][PASSED] - if (verifyEqual(a312, b312) == false): Actual object '-2 765' and expected object '-2 765' are equal

16-05-2025T10:36:59 - [MESSAGE][PASSED] - Actual object '-2 765' and expected object '-2 765' are equal

16-05-2025T10:36:59 - [TEST_STEP][PASSED] - dZO = "Россети Урал (ГК)": null

16-05-2025T10:36:59 - [TEST_STEP][PASSED] - if (verifyEqual(a313, b313) == false): Actual object '-987' and expected object '-987' are equal

16-05-2025T10:36:59 - [MESSAGE][PASSED] - Actual object '-987' and expected object '-987' are equal

16-05-2025T10:36:59 - [TEST_STEP][PASSED] - dZO = "Россети ФСК ЕЭС": null

16-05-2025T10:36:59 - [TEST_STEP][PASSED] - if (verifyEqual(a314, b314) == false): Actual object '1 670' and expected object '1 670' are equal

16-05-2025T10:36:59 - [MESSAGE][PASSED] - Actual object '1 670' and expected object '1 670' are equal

16-05-2025T10:36:59 - [TEST_STEP][PASSED] - dZO = "Россети Центр": null

16-05-2025T10:36:59 - [TEST_STEP][PASSED] - if (verifyEqual(a315, b315) == false): Actual object '-805' and expected object '-805' are equal

16-05-2025T10:36:59 - [MESSAGE][PASSED] - Actual object '-805' and expected object '-805' are equal

16-05-2025T10:36:59 - [TEST_STEP][PASSED] - dZO = "Россети Центр и Приволжье (ГК)": null

16-05-2025T10:36:59 - [TEST_STEP][PASSED] - if (verifyEqual(a316, b316) == false): Actual object '-905' and expected object '-905' are equal

16-05-2025T10:36:59 - [MESSAGE][PASSED] - Actual object '-905' and expected object '-905' are equal

16-05-2025T10:36:59 - [TEST_STEP][PASSED] - dZO = "Россети Юг (ГК)": null

16-05-2025T10:36:59 - [TEST_STEP][PASSED] - if (verifyEqual(a317, b317) == false): Actual object '-11' and expected object '-11' are equal

16-05-2025T10:36:59 - [MESSAGE][PASSED] - Actual object '-11' and expected object '-11' are equal

16-05-2025T10:36:59 - [TEST_STEP][PASSED] - dZO = "Россети Янтарь": null

16-05-2025T10:36:59 - [TEST_STEP][PASSED] - if (verifyEqual(a318, b318) == false): Actual object '31' and expected object '31' are equal

16-05-2025T10:36:59 - [MESSAGE][PASSED] - Actual object '31' and expected object '31' are equal

16-05-2025T10:36:59 - [TEST_STEP][PASSED] - closeBrowser(): null

16-05-2025T10:37:00 - [MESSAGE][PASSED] - Browser is closed

16-05-2025T10:37:00 - [TEST_STEP][PASSED] - Script1742558545601.Blocks(run, vir, block, nameOfBlock, typeOfData, viruchka, vidget, todaysDate, a, b, dZO, x, y): null

16-05-2025T10:37:00 - [TEST_STEP][PASSED] - i = <not implemented yet for class: org.codehaus.groovy.ast.expr.EmptyExpression>: null

16-05-2025T10:37:00 - [TEST_STEP][PASSED] - perc = "": null

16-05-2025T10:37:00 - [TEST_STEP][PASSED] - a1 = <not implemented yet for class: org.codehaus.groovy.ast.expr.EmptyExpression>: null

16-05-2025T10:37:00 - [TEST_STEP][PASSED] - a2 = <not implemented yet for class: org.codehaus.groovy.ast.expr.EmptyExpression>: null

16-05-2025T10:37:00 - [TEST_STEP][PASSED] - a30 = <not implemented yet for class: org.codehaus.groovy.ast.expr.EmptyExpression>: null

16-05-2025T10:37:00 - [TEST_STEP][PASSED] - a31 = <not implemented yet for class: org.codehaus.groovy.ast.expr.EmptyExpression>: null

16-05-2025T10:37:00 - [TEST_STEP][PASSED] - a32 = <not implemented yet for class: org.codehaus.groovy.ast.expr.EmptyExpression>: null

16-05-2025T10:37:00 - [TEST_STEP][PASSED] - a33 = <not implemented yet for class: org.codehaus.groovy.ast.expr.EmptyExpression>: null

16-05-2025T10:37:00 - [TEST_STEP][PASSED] - a34 = <not implemented yet for class: org.codehaus.groovy.ast.expr.EmptyExpression>: null

16-05-2025T10:37:00 - [TEST_STEP][PASSED] - a35 = <not implemented yet for class: org.codehaus.groovy.ast.expr.EmptyExpression>: null

16-05-2025T10:37:00 - [TEST_STEP][PASSED] - a36 = <not implemented yet for class: org.codehaus.groovy.ast.expr.EmptyExpression>: null

16-05-2025T10:37:00 - [TEST_STEP][PASSED] - a37 = <not implemented yet for class: org.codehaus.groovy.ast.expr.EmptyExpression>: null

16-05-2025T10:37:00 - [TEST_STEP][PASSED] - a38 = <not implemented yet for class: org.codehaus.groovy.ast.expr.EmptyExpression>: null

16-05-2025T10:37:00 - [TEST_STEP][PASSED] - a39 = <not implemented yet for class: org.codehaus.groovy.ast.expr.EmptyExpression>: null

16-05-2025T10:37:00 - [TEST_STEP][PASSED] - a310 = <not implemented yet for class: org.codehaus.groovy.ast.expr.EmptyExpression>: null

16-05-2025T10:37:00 - [TEST_STEP][PASSED] - a311 = <not implemented yet for class: org.codehaus.groovy.ast.expr.EmptyExpression>: null

16-05-2025T10:37:00 - [TEST_STEP][PASSED] - a312 = <not implemented yet for class: org.codehaus.groovy.ast.expr.EmptyExpression>: null

16-05-2025T10:37:00 - [TEST_STEP][PASSED] - a313 = <not implemented yet for class: org.codehaus.groovy.ast.expr.EmptyExpression>: null

16-05-2025T10:37:00 - [TEST_STEP][PASSED] - a314 = <not implemented yet for class: org.codehaus.groovy.ast.expr.EmptyExpression>: null

16-05-2025T10:37:00 - [TEST_STEP][PASSED] - a315 = <not implemented yet for class: org.codehaus.groovy.ast.expr.EmptyExpression>: null

16-05-2025T10:37:00 - [TEST_STEP][PASSED] - a316 = <not implemented yet for class: org.codehaus.groovy.ast.expr.EmptyExpression>: null

16-05-2025T10:37:00 - [TEST_STEP][PASSED] - a317 = <not implemented yet for class: org.codehaus.groovy.ast.expr.EmptyExpression>: null

16-05-2025T10:37:00 - [TEST_STEP][PASSED] - a318 = <not implemented yet for class: org.codehaus.groovy.ast.expr.EmptyExpression>: null

16-05-2025T10:37:00 - [TEST_STEP][PASSED] - b1 = <not implemented yet for class: org.codehaus.groovy.ast.expr.EmptyExpression>: null

16-05-2025T10:37:00 - [TEST_STEP][PASSED] - b2 = <not implemented yet for class: org.codehaus.groovy.ast.expr.EmptyExpression>: null

16-05-2025T10:37:00 - [TEST_STEP][PASSED] - b30 = <not implemented yet for class: org.codehaus.groovy.ast.expr.EmptyExpression>: null

16-05-2025T10:37:00 - [TEST_STEP][PASSED] - b31 = <not implemented yet for class: org.codehaus.groovy.ast.expr.EmptyExpression>: null

16-05-2025T10:37:00 - [TEST_STEP][PASSED] - b32 = <not implemented yet for class: org.codehaus.groovy.ast.expr.EmptyExpression>: null

16-05-2025T10:37:00 - [TEST_STEP][PASSED] - b33 = <not implemented yet for class: org.codehaus.groovy.ast.expr.EmptyExpression>: null

16-05-2025T10:37:00 - [TEST_STEP][PASSED] - b34 = <not implemented yet for class: org.codehaus.groovy.ast.expr.EmptyExpression>: null

16-05-2025T10:37:00 - [TEST_STEP][PASSED] - b35 = <not implemented yet for class: org.codehaus.groovy.ast.expr.EmptyExpression>: null

16-05-2025T10:37:00 - [TEST_STEP][PASSED] - b36 = <not implemented yet for class: org.codehaus.groovy.ast.expr.EmptyExpression>: null

16-05-2025T10:37:00 - [TEST_STEP][PASSED] - b37 = <not implemented yet for class: org.codehaus.groovy.ast.expr.EmptyExpression>: null

16-05-2025T10:37:00 - [TEST_STEP][PASSED] - b38 = <not implemented yet for class: org.codehaus.groovy.ast.expr.EmptyExpression>: null

16-05-2025T10:37:00 - [TEST_STEP][PASSED] - b39 = <not implemented yet for class: org.codehaus.groovy.ast.expr.EmptyExpression>: null

16-05-2025T10:37:00 - [TEST_STEP][PASSED] - b310 = <not implemented yet for class: org.codehaus.groovy.ast.expr.EmptyExpression>: null

16-05-2025T10:37:00 - [TEST_STEP][PASSED] - b311 = <not implemented yet for class: org.codehaus.groovy.ast.expr.EmptyExpression>: null

16-05-2025T10:37:00 - [TEST_STEP][PASSED] - b312 = <not implemented yet for class: org.codehaus.groovy.ast.expr.EmptyExpression>: null

16-05-2025T10:37:00 - [TEST_STEP][PASSED] - b313 = <not implemented yet for class: org.codehaus.groovy.ast.expr.EmptyExpression>: null

16-05-2025T10:37:00 - [TEST_STEP][PASSED] - b314 = <not implemented yet for class: org.codehaus.groovy.ast.expr.EmptyExpression>: null

16-05-2025T10:37:00 - [TEST_STEP][PASSED] - b315 = <not implemented yet for class: org.codehaus.groovy.ast.expr.EmptyExpression>: null

16-05-2025T10:37:00 - [TEST_STEP][PASSED] - b316 = <not implemented yet for class: org.codehaus.groovy.ast.expr.EmptyExpression>: null

16-05-2025T10:37:00 - [TEST_STEP][PASSED] - b317 = <not implemented yet for class: org.codehaus.groovy.ast.expr.EmptyExpression>: null

16-05-2025T10:37:00 - [TEST_STEP][PASSED] - b318 = <not implemented yet for class: org.codehaus.groovy.ast.expr.EmptyExpression>: null

16-05-2025T10:37:00 - [TEST_STEP][PASSED] - block = 1: null

16-05-2025T10:37:00 - [TEST_STEP][PASSED] - nameOfBlock = "": null

16-05-2025T10:37:00 - [TEST_STEP][PASSED] - Script1742558545601.PreSettings(run, vir, block, nameOfBlock, typeOfData, todaysDate): null

16-05-2025T10:37:00 - [TEST_STEP][PASSED] - openBrowser(""): Browser is opened with url: ''

16-05-2025T10:37:00 - [MESSAGE][INFO] - Starting 'Chrome' driver

16-05-2025T10:37:00 - [MESSAGE][INFO] - Action delay is set to 0 milliseconds

16-05-2025T10:37:01 - [MESSAGE][PASSED] - Browser is opened with url: ''

16-05-2025T10:37:01 - [TEST_STEP][PASSED] - refresh(): Refresh successfully

16-05-2025T10:37:01 - [MESSAGE][PASSED] - Refresh successfully

16-05-2025T10:37:01 - [TEST_STEP][PASSED] - delay(50): Delayed 50 second(s)

16-05-2025T10:37:51 - [MESSAGE][PASSED] - Delayed 50 second(s)

16-05-2025T10:37:51 - [TEST_STEP][PASSED] - println("run:" + run): null

16-05-2025T10:37:51 - [TEST_STEP][PASSED] - println("vir:" + vir): null

16-05-2025T10:37:51 - [TEST_STEP][PASSED] - println("block:" + block): null

16-05-2025T10:37:51 - [TEST_STEP][PASSED] - if (block == 1): null

16-05-2025T10:37:51 - [TEST_STEP][PASSED] - nameOfBlock = "": null

16-05-2025T10:37:51 - [TEST_STEP][PASSED] - println("nameOfBlock:" + nameOfBlock): null

16-05-2025T10:37:51 - [TEST_STEP][PASSED] - println("typeOfData:" + typeOfData): null

16-05-2025T10:37:51 - [TEST_STEP][PASSED] - println("todaysDate:" + todaysDate): null

16-05-2025T10:37:51 - [TEST_STEP][PASSED] - Script1742558545601.Autorization(block, nameOfBlock): null

16-05-2025T10:37:51 - [TEST_STEP][PASSED] - i = <not implemented yet for class: org.codehaus.groovy.ast.expr.EmptyExpression>: null

16-05-2025T10:37:51 - [TEST_STEP][PASSED] - ii = <not implemented yet for class: org.codehaus.groovy.ast.expr.EmptyExpression>: null

16-05-2025T10:37:51 - [TEST_STEP][PASSED] - urlData = <not implemented yet for class: org.codehaus.groovy.ast.expr.EmptyExpression>: null

16-05-2025T10:37:51 - [TEST_STEP][PASSED] - searchWord = <not implemented yet for class: org.codehaus.groovy.ast.expr.EmptyExpression>: null

16-05-2025T10:37:51 - [TEST_STEP][PASSED] - urlText = <not implemented yet for class: org.codehaus.groovy.ast.expr.EmptyExpression>: null

16-05-2025T10:37:51 - [TEST_STEP][PASSED] - println("block:" + block): null

16-05-2025T10:37:51 - [TEST_STEP][PASSED] - if (block == 1): null

16-05-2025T10:37:51 - [TEST_STEP][PASSED] - nameOfBlock = "": null

16-05-2025T10:37:51 - [TEST_STEP][PASSED] - println("nameOfBlock:" + nameOfBlock): null

16-05-2025T10:37:51 - [TEST_STEP][PASSED] - if (block == 1): Delayed 45 second(s)

16-05-2025T10:37:51 - [TEST_STEP][PASSED] - urlData = 2: null

16-05-2025T10:37:51 - [TEST_STEP][PASSED] - delay(45): Delayed 45 second(s)

16-05-2025T10:38:36 - [MESSAGE][PASSED] - Delayed 45 second(s)

16-05-2025T10:38:36 - [TEST_STEP][PASSED] - navigateToUrl(findTestData("PlanFact").getValue(10, urlData)): Navigate to 'https://bi.rosseti.digital/viewer?dashboardGuid=2301950b23be4ed89c1df75f2020051e&sheetGuid=b723206f698544fb87299f3095c00435&fit=true' successfully

16-05-2025T10:38:38 - [MESSAGE][PASSED] - Navigate to 'https://bi.rosseti.digital/viewer?dashboardGuid=2301950b23be4ed89c1df75f2020051e&sheetGuid=b723206f698544fb87299f3095c00435&fit=true' successfully

16-05-2025T10:38:38 - [TEST_STEP][PASSED] - urlText = getText(findTestObject("Страница авторизации/Text")): Text of object 'Object Repository/Страница авторизации/Text' is: 'Вход'

16-05-2025T10:38:39 - [MESSAGE][PASSED] - Text of object 'Object Repository/Страница авторизации/Text' is: 'Вход'

16-05-2025T10:38:39 - [TEST_STEP][PASSED] - searchWord = "Вход": null

16-05-2025T10:38:39 - [TEST_STEP][PASSED] - if (urlText == null || urlText.contains("ошибка") || urlText.contains(searchWord) == false): null

16-05-2025T10:38:39 - [TEST_STEP][PASSED] - if (verifyElementPresent(findTestObject("Страница авторизации/button_"), 30) == true): null

16-05-2025T10:38:39 - [MESSAGE][PASSED] - Object 'Object Repository/Страница авторизации/button_' is present

16-05-2025T10:38:39 - [TEST_STEP][PASSED] - setText(findTestObject("Страница авторизации/input__username"), findTestData("PlanFact").getValue(8, 1)): Text 'liazgina-di' is set on object 'Object Repository/Страница авторизации/input__username'

16-05-2025T10:38:40 - [MESSAGE][PASSED] - Text 'liazgina-di' is set on object 'Object Repository/Страница авторизации/input__username'

16-05-2025T10:38:40 - [TEST_STEP][PASSED] - setText(findTestObject("Страница авторизации/input__password"), findTestData("PlanFact").getValue(9, 1)): Text ')$%5srZ8o688Dm#q' is set on object 'Object Repository/Страница авторизации/input__password'

16-05-2025T10:38:40 - [MESSAGE][PASSED] - Text ')$%5srZ8o688Dm#q' is set on object 'Object Repository/Страница авторизации/input__password'

16-05-2025T10:38:40 - [TEST_STEP][PASSED] - click(findTestObject("Страница авторизации/button_")): Object: 'Object Repository/Страница авторизации/button_' is clicked on

16-05-2025T10:38:41 - [MESSAGE][PASSED] - Object: 'Object Repository/Страница авторизации/button_' is clicked on

16-05-2025T10:38:41 - [TEST_STEP][PASSED] - delay(45): Delayed 45 second(s)

16-05-2025T10:39:26 - [MESSAGE][PASSED] - Delayed 45 second(s)

16-05-2025T10:39:26 - [TEST_STEP][PASSED] - urlText = getText(findTestObject("Страница авторизации/Text")): Text of object 'Object Repository/Страница авторизации/Text' is: 'Период
1 кв. 2025 года
Выручка
Все
Выполнение плановых показателей по ПАО Россети за 1 кв. 2025 года
План
Факт
Динамика
2025 год
0 млн.руб.
50 000 млн.руб.
100 000 млн.руб.
150 000 млн.руб.
200 000 млн.руб.
250 000 млн.руб.
300 000 млн.руб.
350 000 млн.руб.
400 000 млн.руб.
450 000 млн.руб.
500 000 млн.руб.
550 000 млн.руб.
469 817
463 075
↓
ДЗО 
Все
Внутренний оборот - выручка за услуги по передаче электрической энергии, учтенная в выручке за электроэнергию для конечных потребителей, при выполнении ДЗО функций гарантирующего поставщика
Подписи данных
⬤Отклонение
АО "РЭС"
АО «Тываэнерго»
АО «Чеченэнерго»
Россети Волга
Россети Кубань
Россети Ленэнерго (ГК)
Россети Московский регион
Россети Северный Кавказ (ГК)
Россети Северо-Запад
Россети Сибирь (ГК)
Россети Томск
Россети Тюмень
Россети Урал (ГК)
Россети ФСК ЕЭС
Россети Центр
Россети Центр и Приволжье (ГК)
Россети Юг (ГК)
Россети Янтарь
-4 000 млн.руб.
-3 500 млн.руб.
-3 000 млн.руб.
-2 500 млн.руб.
-2 000 млн.руб.
-1 500 млн.руб.
-1 000 млн.руб.
- 500 млн.руб.
0 млн.руб.
500 млн.руб.
1 000 млн.руб.
1 500 млн.руб.
2 000 млн.руб.
-261
55
-27
-537
786
62
-3 345
-271
-253
876
-57
-2 765
-987
1 670
-805
-905
-11
31
млн.
%
Выручка
Отклонение выручки по ПАО Россети за 1 кв. 2025 года (факт/план, млн. руб)
ПАО Россети
-6 742.2 млн.руб.
 '

16-05-2025T10:39:27 - [MESSAGE][PASSED] - Text of object 'Object Repository/Страница авторизации/Text' is: 'Период
1 кв. 2025 года
Выручка
Все
Выполнение плановых показателей по ПАО Россети за 1 кв. 2025 года
План
Факт
Динамика
2025 год
0 млн.руб.
50 000 млн.руб.
100 000 млн.руб.
150 000 млн.руб.
200 000 млн.руб.
250 000 млн.руб.
300 000 млн.руб.
350 000 млн.руб.
400 000 млн.руб.
450 000 млн.руб.
500 000 млн.руб.
550 000 млн.руб.
469 817
463 075
↓
ДЗО 
Все
Внутренний оборот - выручка за услуги по передаче электрической энергии, учтенная в выручке за электроэнергию для конечных потребителей, при выполнении ДЗО функций гарантирующего поставщика
Подписи данных
⬤Отклонение
АО "РЭС"
АО «Тываэнерго»
АО «Чеченэнерго»
Россети Волга
Россети Кубань
Россети Ленэнерго (ГК)
Россети Московский регион
Россети Северный Кавказ (ГК)
Россети Северо-Запад
Россети Сибирь (ГК)
Россети Томск
Россети Тюмень
Россети Урал (ГК)
Россети ФСК ЕЭС
Россети Центр
Россети Центр и Приволжье (ГК)
Россети Юг (ГК)
Россети Янтарь
-4 000 млн.руб.
-3 500 млн.руб.
-3 000 млн.руб.
-2 500 млн.руб.
-2 000 млн.руб.
-1 500 млн.руб.
-1 000 млн.руб.
- 500 млн.руб.
0 млн.руб.
500 млн.руб.
1 000 млн.руб.
1 500 млн.руб.
2 000 млн.руб.
-261
55
-27
-537
786
62
-3 345
-271
-253
876
-57
-2 765
-987
1 670
-805
-905
-11
31
млн.
%
Выручка
Отклонение выручки по ПАО Россети за 1 кв. 2025 года (факт/план, млн. руб)
ПАО Россети
-6 742.2 млн.руб.
 '

16-05-2025T10:39:27 - [TEST_STEP][PASSED] - searchWord = "а": null

16-05-2025T10:39:27 - [TEST_STEP][PASSED] - if (urlText.contains("ошибка") || urlText.contains(searchWord) == false): null

16-05-2025T10:39:27 - [TEST_STEP][PASSED] - delay(45): Delayed 45 second(s)

16-05-2025T10:40:12 - [MESSAGE][PASSED] - Delayed 45 second(s)

16-05-2025T10:40:12 - [TEST_STEP][PASSED] - if (block == 2): null

16-05-2025T10:40:12 - [TEST_STEP][PASSED] - click(findTestObject("Выручка в рублях/Фильтр Период" + nameOfBlock)): Object: 'Object Repository/Выручка в рублях/Фильтр Период' is clicked on

16-05-2025T10:40:12 - [MESSAGE][PASSED] - Object: 'Object Repository/Выручка в рублях/Фильтр Период' is clicked on

16-05-2025T10:40:12 - [TEST_STEP][PASSED] - click(findTestObject("Выручка в рублях/Снять выделение в фильтре Дата" + nameOfBlock)): Object: 'Object Repository/Выручка в рублях/Снять выделение в фильтре Дата' is clicked on

16-05-2025T10:40:13 - [MESSAGE][PASSED] - Object: 'Object Repository/Выручка в рублях/Снять выделение в фильтре Дата' is clicked on

16-05-2025T10:40:13 - [TEST_STEP][PASSED] - click(findTestObject("Выручка в рублях/Применить в фильтре Дата" + nameOfBlock)): Object: 'Object Repository/Выручка в рублях/Применить в фильтре Дата' is clicked on

16-05-2025T10:40:14 - [MESSAGE][PASSED] - Object: 'Object Repository/Выручка в рублях/Применить в фильтре Дата' is clicked on

16-05-2025T10:40:14 - [TEST_STEP][PASSED] - delay(50): Delayed 50 second(s)

16-05-2025T10:41:04 - [MESSAGE][PASSED] - Delayed 50 second(s)

16-05-2025T10:41:04 - [TEST_STEP][PASSED] - click(findTestObject("Выручка в рублях/Фильтр Период" + nameOfBlock)): Object: 'Object Repository/Выручка в рублях/Фильтр Период' is clicked on

16-05-2025T10:41:04 - [MESSAGE][PASSED] - Object: 'Object Repository/Выручка в рублях/Фильтр Период' is clicked on

16-05-2025T10:41:04 - [TEST_STEP][PASSED] - click(findTestObject("Выручка в рублях/Снять выделение в фильтре Дата" + nameOfBlock)): Object: 'Object Repository/Выручка в рублях/Снять выделение в фильтре Дата' is clicked on

16-05-2025T10:41:04 - [MESSAGE][PASSED] - Object: 'Object Repository/Выручка в рублях/Снять выделение в фильтре Дата' is clicked on

16-05-2025T10:41:04 - [TEST_STEP][PASSED] - scrollToElement(findTestObject("Выручка в рублях/2025 список" + nameOfBlock), 30): Scroll to object 'Object Repository/Выручка в рублях/2025 список' successfully

16-05-2025T10:41:05 - [MESSAGE][PASSED] - Scroll to object 'Object Repository/Выручка в рублях/2025 список' successfully

16-05-2025T10:41:05 - [TEST_STEP][PASSED] - click(findTestObject("Выручка в рублях/2025 список" + nameOfBlock)): Object: 'Object Repository/Выручка в рублях/2025 список' is clicked on

16-05-2025T10:41:05 - [MESSAGE][PASSED] - Object: 'Object Repository/Выручка в рублях/2025 список' is clicked on

16-05-2025T10:41:05 - [TEST_STEP][PASSED] - scrollToElement(findTestObject("Выручка в рублях/1 квартал 2025 список" + nameOfBlock), 30): Scroll to object 'Object Repository/Выручка в рублях/1 квартал 2025 список' successfully

16-05-2025T10:41:06 - [MESSAGE][PASSED] - Scroll to object 'Object Repository/Выручка в рублях/1 квартал 2025 список' successfully

16-05-2025T10:41:06 - [TEST_STEP][PASSED] - click(findTestObject("Выручка в рублях/1 квартал 2025 выбрать" + nameOfBlock)): Object: 'Object Repository/Выручка в рублях/1 квартал 2025 выбрать' is clicked on

16-05-2025T10:41:06 - [MESSAGE][PASSED] - Object: 'Object Repository/Выручка в рублях/1 квартал 2025 выбрать' is clicked on

16-05-2025T10:41:06 - [TEST_STEP][PASSED] - scrollToElement(findTestObject("Выручка в рублях/Заголовок дашборда" + nameOfBlock), 30): Scroll to object 'Object Repository/Выручка в рублях/Заголовок дашборда' successfully

16-05-2025T10:41:06 - [MESSAGE][PASSED] - Scroll to object 'Object Repository/Выручка в рублях/Заголовок дашборда' successfully

16-05-2025T10:41:06 - [TEST_STEP][PASSED] - click(findTestObject("Выручка в рублях/Применить в фильтре Дата" + nameOfBlock)): Object: 'Object Repository/Выручка в рублях/Применить в фильтре Дата' is clicked on

16-05-2025T10:41:07 - [MESSAGE][PASSED] - Object: 'Object Repository/Выручка в рублях/Применить в фильтре Дата' is clicked on

16-05-2025T10:41:07 - [TEST_STEP][PASSED] - delay(55): Delayed 55 second(s)

16-05-2025T10:42:02 - [MESSAGE][PASSED] - Delayed 55 second(s)

16-05-2025T10:42:02 - [TEST_STEP][PASSED] - click(findTestObject("Выручка в рублях/Фильтр ДЗО" + nameOfBlock)): Object: 'Object Repository/Выручка в рублях/Фильтр ДЗО' is clicked on

16-05-2025T10:42:02 - [MESSAGE][PASSED] - Object: 'Object Repository/Выручка в рублях/Фильтр ДЗО' is clicked on

16-05-2025T10:42:02 - [TEST_STEP][PASSED] - click(findTestObject("Выручка в рублях/Снять выделение в фильтре ДЗО" + nameOfBlock)): Object: 'Object Repository/Выручка в рублях/Снять выделение в фильтре ДЗО' is clicked on

16-05-2025T10:42:03 - [MESSAGE][PASSED] - Object: 'Object Repository/Выручка в рублях/Снять выделение в фильтре ДЗО' is clicked on

16-05-2025T10:42:03 - [TEST_STEP][PASSED] - click(findTestObject("Выручка в рублях/Применить в фильтре ДЗО" + nameOfBlock)): Object: 'Object Repository/Выручка в рублях/Применить в фильтре ДЗО' is clicked on

16-05-2025T10:42:03 - [MESSAGE][PASSED] - Object: 'Object Repository/Выручка в рублях/Применить в фильтре ДЗО' is clicked on

16-05-2025T10:42:03 - [TEST_STEP][PASSED] - delay(50): Delayed 50 second(s)

16-05-2025T10:42:53 - [MESSAGE][PASSED] - Delayed 50 second(s)

16-05-2025T10:42:53 - [TEST_STEP][PASSED] - Script1742558545601.Tumbler(run, vir, block, nameOfBlock): null

16-05-2025T10:42:53 - [TEST_STEP][PASSED] - println("run:" + run): null

16-05-2025T10:42:53 - [TEST_STEP][PASSED] - println("vir:" + vir): null

16-05-2025T10:42:53 - [TEST_STEP][PASSED] - println("block:" + block): null

16-05-2025T10:42:53 - [TEST_STEP][PASSED] - println("nameOfBlock:" + nameOfBlock): null

16-05-2025T10:42:53 - [TEST_STEP][PASSED] - if (vir == 1): null

16-05-2025T10:42:53 - [TEST_STEP][PASSED] - else if (vir == 2): null

16-05-2025T10:42:53 - [TEST_STEP][PASSED] - else if (vir == 3): Object: 'Object Repository/Выручка в рублях/Применить в фильтре Выручка' is clicked on

16-05-2025T10:42:53 - [TEST_STEP][PASSED] - if (run == 2): null

16-05-2025T10:42:53 - [TEST_STEP][PASSED] - click(findTestObject("Выручка в рублях/Фильтр Выручка" + nameOfBlock)): Object: 'Object Repository/Выручка в рублях/Фильтр Выручка' is clicked on

16-05-2025T10:42:54 - [MESSAGE][PASSED] - Object: 'Object Repository/Выручка в рублях/Фильтр Выручка' is clicked on

16-05-2025T10:42:54 - [TEST_STEP][PASSED] - click(findTestObject("Выручка в рублях/Внутренний оборот в фильтре Выручка" + nameOfBlock)): Object: 'Object Repository/Выручка в рублях/Внутренний оборот в фильтре Выручка' is clicked on

16-05-2025T10:42:54 - [MESSAGE][PASSED] - Object: 'Object Repository/Выручка в рублях/Внутренний оборот в фильтре Выручка' is clicked on

16-05-2025T10:42:54 - [TEST_STEP][PASSED] - click(findTestObject("Выручка в рублях/Применить в фильтре Выручка" + nameOfBlock)): Object: 'Object Repository/Выручка в рублях/Применить в фильтре Выручка' is clicked on

16-05-2025T10:42:55 - [MESSAGE][PASSED] - Object: 'Object Repository/Выручка в рублях/Применить в фильтре Выручка' is clicked on

16-05-2025T10:42:55 - [TEST_STEP][PASSED] - click(findTestObject("Выручка в рублях/Фильтр ДЗО" + nameOfBlock)): Object: 'Object Repository/Выручка в рублях/Фильтр ДЗО' is clicked on

16-05-2025T10:42:56 - [MESSAGE][PASSED] - Object: 'Object Repository/Выручка в рублях/Фильтр ДЗО' is clicked on

16-05-2025T10:42:56 - [TEST_STEP][PASSED] - Script1742558545601.Rosseti(nameOfBlock): null

16-05-2025T10:42:56 - [TEST_STEP][PASSED] - println("nameOfBlock:" + nameOfBlock): null

16-05-2025T10:42:56 - [TEST_STEP][PASSED] - click(findTestObject("Выручка в рублях/ПАО Россети" + nameOfBlock)): Object: 'Object Repository/Выручка в рублях/ПАО Россети' is clicked on

16-05-2025T10:42:57 - [MESSAGE][PASSED] - Object: 'Object Repository/Выручка в рублях/ПАО Россети' is clicked on

16-05-2025T10:42:57 - [TEST_STEP][PASSED] - click(findTestObject("Выручка в рублях/Применить в фильтре ДЗО" + nameOfBlock)): Object: 'Object Repository/Выручка в рублях/Применить в фильтре ДЗО' is clicked on

16-05-2025T10:42:57 - [MESSAGE][PASSED] - Object: 'Object Repository/Выручка в рублях/Применить в фильтре ДЗО' is clicked on

16-05-2025T10:42:57 - [TEST_STEP][PASSED] - if (run == 2): null

16-05-2025T10:42:57 - [TEST_STEP][PASSED] - if (vir == 1 || vir == 2): null

16-05-2025T10:42:57 - [TEST_STEP][PASSED] - else: Text of object 'Object Repository/Выручка в рублях/vir3Plan' is: '7 875'

16-05-2025T10:42:57 - [TEST_STEP][PASSED] - a1 = getText(findTestObject("Выручка в рублях/vir3Plan")): Text of object 'Object Repository/Выручка в рублях/vir3Plan' is: '7 875'

16-05-2025T10:42:58 - [MESSAGE][PASSED] - Text of object 'Object Repository/Выручка в рублях/vir3Plan' is: '7 875'

16-05-2025T10:42:58 - [TEST_STEP][PASSED] - if (vir == 1 || vir == 2): null

16-05-2025T10:42:58 - [TEST_STEP][PASSED] - else: Text of object 'Object Repository/Выручка в рублях/vir3Fact' is: '7 544'

16-05-2025T10:42:58 - [TEST_STEP][PASSED] - a2 = getText(findTestObject("Выручка в рублях/vir3Fact")): Text of object 'Object Repository/Выручка в рублях/vir3Fact' is: '7 544'

16-05-2025T10:42:59 - [MESSAGE][PASSED] - Text of object 'Object Repository/Выручка в рублях/vir3Fact' is: '7 544'

16-05-2025T10:42:59 - [TEST_STEP][PASSED] - a30 = getText(findTestObject("Выручка в рублях/span1" + perc)): Text of object 'Object Repository/Выручка в рублях/span1' is: '-330.3 млн.руб.'

16-05-2025T10:42:59 - [MESSAGE][PASSED] - Text of object 'Object Repository/Выручка в рублях/span1' is: '-330.3 млн.руб.'

16-05-2025T10:42:59 - [TEST_STEP][PASSED] - i = a30.indexOf("млн.руб."): null

16-05-2025T10:42:59 - [TEST_STEP][PASSED] - if (i > -1): null

16-05-2025T10:42:59 - [TEST_STEP][PASSED] - a30 = a30.substring(0, i): null

16-05-2025T10:42:59 - [TEST_STEP][PASSED] - a30 = a30.replaceAll(" ", ""): null

16-05-2025T10:42:59 - [TEST_STEP][PASSED] - if (a30.contains("%")): null

16-05-2025T10:42:59 - [TEST_STEP][PASSED] - a30 = ").trim(): null

16-05-2025T10:42:59 - [TEST_STEP][PASSED] - println("a30: " + a30): null

16-05-2025T10:42:59 - [TEST_STEP][PASSED] - if (vir == 1): null

16-05-2025T10:42:59 - [TEST_STEP][PASSED] - else if (vir == 2): null

16-05-2025T10:42:59 - [TEST_STEP][PASSED] - else: Text of object 'Object Repository/Выручка в рублях/span5' is: '0'

16-05-2025T10:42:59 - [TEST_STEP][PASSED] - a32 = ").trim(): Text of object 'Object Repository/Выручка в рублях/span2' is: '55'

16-05-2025T10:42:59 - [MESSAGE][PASSED] - Text of object 'Object Repository/Выручка в рублях/span2' is: '55'

16-05-2025T10:42:59 - [TEST_STEP][PASSED] - a33 = ").trim(): Text of object 'Object Repository/Выручка в рублях/span3' is: '-27'

16-05-2025T10:43:00 - [MESSAGE][PASSED] - Text of object 'Object Repository/Выручка в рублях/span3' is: '-27'

16-05-2025T10:43:00 - [TEST_STEP][PASSED] - a38 = ").trim(): Text of object 'Object Repository/Выручка в рублях/span4' is: '-359'

16-05-2025T10:43:00 - [MESSAGE][PASSED] - Text of object 'Object Repository/Выручка в рублях/span4' is: '-359'

16-05-2025T10:43:00 - [TEST_STEP][PASSED] - a317 = ").trim(): Text of object 'Object Repository/Выручка в рублях/span5' is: '0'

16-05-2025T10:43:00 - [MESSAGE][PASSED] - Text of object 'Object Repository/Выручка в рублях/span5' is: '0'

16-05-2025T10:43:00 - [TEST_STEP][PASSED] - block = 2: null

16-05-2025T10:43:00 - [TEST_STEP][PASSED] - nameOfBlock = " Выручка": null

16-05-2025T10:43:00 - [TEST_STEP][PASSED] - Script1742558545601.PreSettings(run, vir, block, nameOfBlock, typeOfData, todaysDate): null

16-05-2025T10:43:00 - [TEST_STEP][PASSED] - openBrowser(""): Browser is opened with url: ''

16-05-2025T10:43:00 - [MESSAGE][WARNING] - A browser is already opened. Closing browser and opening a new one

16-05-2025T10:43:00 - [MESSAGE][INFO] - Starting 'Chrome' driver

16-05-2025T10:43:00 - [MESSAGE][INFO] - Action delay is set to 0 milliseconds

16-05-2025T10:43:01 - [MESSAGE][PASSED] - Browser is opened with url: ''

16-05-2025T10:43:01 - [TEST_STEP][PASSED] - refresh(): Refresh successfully

16-05-2025T10:43:01 - [MESSAGE][PASSED] - Refresh successfully

16-05-2025T10:43:01 - [TEST_STEP][PASSED] - delay(50): Delayed 50 second(s)

16-05-2025T10:43:51 - [MESSAGE][PASSED] - Delayed 50 second(s)

16-05-2025T10:43:51 - [TEST_STEP][PASSED] - println("run:" + run): null

16-05-2025T10:43:51 - [TEST_STEP][PASSED] - println("vir:" + vir): null

16-05-2025T10:43:51 - [TEST_STEP][PASSED] - println("block:" + block): null

16-05-2025T10:43:51 - [TEST_STEP][PASSED] - if (block == 1): null

16-05-2025T10:43:51 - [TEST_STEP][PASSED] - else: null

16-05-2025T10:43:51 - [TEST_STEP][PASSED] - nameOfBlock = " Выручка": null

16-05-2025T10:43:51 - [TEST_STEP][PASSED] - println("nameOfBlock:" + nameOfBlock): null

16-05-2025T10:43:51 - [TEST_STEP][PASSED] - println("typeOfData:" + typeOfData): null

16-05-2025T10:43:51 - [TEST_STEP][PASSED] - println("todaysDate:" + todaysDate): null

16-05-2025T10:43:51 - [TEST_STEP][PASSED] - Script1742558545601.Autorization(block, nameOfBlock): null

16-05-2025T10:43:51 - [TEST_STEP][PASSED] - i = <not implemented yet for class: org.codehaus.groovy.ast.expr.EmptyExpression>: null

16-05-2025T10:43:51 - [TEST_STEP][PASSED] - ii = <not implemented yet for class: org.codehaus.groovy.ast.expr.EmptyExpression>: null

16-05-2025T10:43:51 - [TEST_STEP][PASSED] - urlData = <not implemented yet for class: org.codehaus.groovy.ast.expr.EmptyExpression>: null

16-05-2025T10:43:51 - [TEST_STEP][PASSED] - searchWord = <not implemented yet for class: org.codehaus.groovy.ast.expr.EmptyExpression>: null

16-05-2025T10:43:51 - [TEST_STEP][PASSED] - urlText = <not implemented yet for class: org.codehaus.groovy.ast.expr.EmptyExpression>: null

16-05-2025T10:43:51 - [TEST_STEP][PASSED] - println("block:" + block): null

16-05-2025T10:43:51 - [TEST_STEP][PASSED] - if (block == 1): null

16-05-2025T10:43:51 - [TEST_STEP][PASSED] - else: null

16-05-2025T10:43:51 - [TEST_STEP][PASSED] - delay(45): Delayed 45 second(s)

16-05-2025T10:44:36 - [MESSAGE][PASSED] - Delayed 45 second(s)

16-05-2025T10:44:36 - [TEST_STEP][PASSED] - nameOfBlock = " Выручка": null

16-05-2025T10:44:36 - [TEST_STEP][PASSED] - println("nameOfBlock:" + nameOfBlock): null

16-05-2025T10:44:36 - [TEST_STEP][PASSED] - if (block == 1): null

16-05-2025T10:44:36 - [TEST_STEP][PASSED] - else: Delayed 45 second(s)

16-05-2025T10:44:36 - [TEST_STEP][PASSED] - urlData = 9: null

16-05-2025T10:44:36 - [TEST_STEP][PASSED] - delay(45): Delayed 45 second(s)

16-05-2025T10:45:21 - [MESSAGE][PASSED] - Delayed 45 second(s)

16-05-2025T10:45:21 - [TEST_STEP][PASSED] - navigateToUrl(findTestData("PlanFact").getValue(10, urlData)): Navigate to 'https://bi.rosseti.digital/viewer?dashboardGuid=a1fd28b3785d443cbc4d7690a1d78e31&sheetGuid=86092a20c5984827a0c87b24cac76a50&fit=true' successfully

16-05-2025T10:45:24 - [MESSAGE][PASSED] - Navigate to 'https://bi.rosseti.digital/viewer?dashboardGuid=a1fd28b3785d443cbc4d7690a1d78e31&sheetGuid=86092a20c5984827a0c87b24cac76a50&fit=true' successfully

16-05-2025T10:45:24 - [TEST_STEP][PASSED] - urlText = getText(findTestObject("Страница авторизации/Text")): Text of object 'Object Repository/Страница авторизации/Text' is: 'Вход'

16-05-2025T10:45:25 - [MESSAGE][PASSED] - Text of object 'Object Repository/Страница авторизации/Text' is: 'Вход'

16-05-2025T10:45:25 - [TEST_STEP][PASSED] - searchWord = "Вход": null

16-05-2025T10:45:25 - [TEST_STEP][PASSED] - if (urlText == null || urlText.contains("ошибка") || urlText.contains(searchWord) == false): null

16-05-2025T10:45:25 - [TEST_STEP][PASSED] - if (verifyElementPresent(findTestObject("Страница авторизации/button_"), 30) == true): null

16-05-2025T10:45:25 - [MESSAGE][PASSED] - Object 'Object Repository/Страница авторизации/button_' is present

16-05-2025T10:45:25 - [TEST_STEP][PASSED] - setText(findTestObject("Страница авторизации/input__username"), findTestData("PlanFact").getValue(8, 1)): Text 'liazgina-di' is set on object 'Object Repository/Страница авторизации/input__username'

16-05-2025T10:45:26 - [MESSAGE][PASSED] - Text 'liazgina-di' is set on object 'Object Repository/Страница авторизации/input__username'

16-05-2025T10:45:26 - [TEST_STEP][PASSED] - setText(findTestObject("Страница авторизации/input__password"), findTestData("PlanFact").getValue(9, 1)): Text ')$%5srZ8o688Dm#q' is set on object 'Object Repository/Страница авторизации/input__password'

16-05-2025T10:45:26 - [MESSAGE][PASSED] - Text ')$%5srZ8o688Dm#q' is set on object 'Object Repository/Страница авторизации/input__password'

16-05-2025T10:45:26 - [TEST_STEP][PASSED] - click(findTestObject("Страница авторизации/button_")): Object: 'Object Repository/Страница авторизации/button_' is clicked on

16-05-2025T10:45:27 - [MESSAGE][PASSED] - Object: 'Object Repository/Страница авторизации/button_' is clicked on

16-05-2025T10:45:27 - [TEST_STEP][PASSED] - delay(45): Delayed 45 second(s)

16-05-2025T10:46:12 - [MESSAGE][PASSED] - Delayed 45 second(s)

16-05-2025T10:46:12 - [TEST_STEP][PASSED] - urlText = getText(findTestObject("Страница авторизации/Text")): Text of object 'Object Repository/Страница авторизации/Text' is: 'Период
Январь, Февраль, Март 2025 года
Выручка
Все
Выполнение плановых показателей по ПАО Россети за Январь, Февраль, Март 2025 года
План
Факт
Динамика
2025 год
0 млн.руб.
50 000 млн.руб.
100 000 млн.руб.
150 000 млн.руб.
200 000 млн.руб.
250 000 млн.руб.
300 000 млн.руб.
350 000 млн.руб.
400 000 млн.руб.
450 000 млн.руб.
500 000 млн.руб.
550 000 млн.руб.
469 817
463 075
↓
ДЗО 
Все
Подписи данных
⬤Отклонение
АО "РЭС"
АО «Тываэнерго»
АО «Чеченэнерго»
Россети Волга
Россети Кубань
Россети Ленэнерго (ГК)
Россети Московский регион
Россети Северный Кавказ (ГК)
Россети Северо-Запад
Россети Сибирь (ГК)
Россети Томск
Россети Тюмень
Россети Урал (ГК)
Россети ФСК ЕЭС
Россети Центр
Россети Центр и Приволжье (ГК)
Россети Юг (ГК)
Россети Янтарь
-4 000 млн.руб.
-3 500 млн.руб.
-3 000 млн.руб.
-2 500 млн.руб.
-2 000 млн.руб.
-1 500 млн.руб.
-1 000 млн.руб.
- 500 млн.руб.
0 млн.руб.
500 млн.руб.
1 000 млн.руб.
1 500 млн.руб.
2 000 млн.руб.
-261
55
-27
-537
786
62
-3 345
-271
-253
876
-57
-2 765
-987
1 670
-805
-905
-11
31
млн.
%
Выручка
Отклонение выручки по ПАО Россети за Январь, Февраль, Март 2025 года (факт/план, млн. руб)
ПАО Россети
-6 742.2 млн.руб.
Статус данных
ВЫБРАННЫЕ ЗНАЧЕНИЯ ФИЛЬТРОВ
ДЗО | ПЕРИОД
ПАО Россети: [«Выбраны все филиалы по всем ДЗО по всем категориям»]
2025: [Янв, Фев, Мар]
*Внутренний оборот'

16-05-2025T10:46:13 - [MESSAGE][PASSED] - Text of object 'Object Repository/Страница авторизации/Text' is: 'Период
Январь, Февраль, Март 2025 года
Выручка
Все
Выполнение плановых показателей по ПАО Россети за Январь, Февраль, Март 2025 года
План
Факт
Динамика
2025 год
0 млн.руб.
50 000 млн.руб.
100 000 млн.руб.
150 000 млн.руб.
200 000 млн.руб.
250 000 млн.руб.
300 000 млн.руб.
350 000 млн.руб.
400 000 млн.руб.
450 000 млн.руб.
500 000 млн.руб.
550 000 млн.руб.
469 817
463 075
↓
ДЗО 
Все
Подписи данных
⬤Отклонение
АО "РЭС"
АО «Тываэнерго»
АО «Чеченэнерго»
Россети Волга
Россети Кубань
Россети Ленэнерго (ГК)
Россети Московский регион
Россети Северный Кавказ (ГК)
Россети Северо-Запад
Россети Сибирь (ГК)
Россети Томск
Россети Тюмень
Россети Урал (ГК)
Россети ФСК ЕЭС
Россети Центр
Россети Центр и Приволжье (ГК)
Россети Юг (ГК)
Россети Янтарь
-4 000 млн.руб.
-3 500 млн.руб.
-3 000 млн.руб.
-2 500 млн.руб.
-2 000 млн.руб.
-1 500 млн.руб.
-1 000 млн.руб.
- 500 млн.руб.
0 млн.руб.
500 млн.руб.
1 000 млн.руб.
1 500 млн.руб.
2 000 млн.руб.
-261
55
-27
-537
786
62
-3 345
-271
-253
876
-57
-2 765
-987
1 670
-805
-905
-11
31
млн.
%
Выручка
Отклонение выручки по ПАО Россети за Январь, Февраль, Март 2025 года (факт/план, млн. руб)
ПАО Россети
-6 742.2 млн.руб.
Статус данных
ВЫБРАННЫЕ ЗНАЧЕНИЯ ФИЛЬТРОВ
ДЗО | ПЕРИОД
ПАО Россети: [«Выбраны все филиалы по всем ДЗО по всем категориям»]
2025: [Янв, Фев, Мар]
*Внутренний оборот'

16-05-2025T10:46:13 - [TEST_STEP][PASSED] - searchWord = "а": null

16-05-2025T10:46:13 - [TEST_STEP][PASSED] - if (urlText.contains("ошибка") || urlText.contains(searchWord) == false): null

16-05-2025T10:46:13 - [TEST_STEP][PASSED] - delay(45): Delayed 45 second(s)

16-05-2025T10:46:58 - [MESSAGE][PASSED] - Delayed 45 second(s)

16-05-2025T10:46:58 - [TEST_STEP][PASSED] - if (block == 2): null

16-05-2025T10:46:58 - [TEST_STEP][PASSED] - opoveshenie = getText(findTestObject("Выручка в рублях/Просьба обратить внимание")): Text of object 'Object Repository/Выручка в рублях/Просьба обратить внимание' is: ''

16-05-2025T10:46:59 - [MESSAGE][PASSED] - Text of object 'Object Repository/Выручка в рублях/Просьба обратить внимание' is: ''

16-05-2025T10:46:59 - [TEST_STEP][PASSED] - if (opoveshenie == "Просьба обратить внимание"): null

16-05-2025T10:46:59 - [TEST_STEP][PASSED] - click(findTestObject("Выручка в рублях/Фильтр Период" + nameOfBlock)): Object: 'Object Repository/Выручка в рублях/Фильтр Период Выручка' is clicked on

16-05-2025T10:46:59 - [MESSAGE][PASSED] - Object: 'Object Repository/Выручка в рублях/Фильтр Период Выручка' is clicked on

16-05-2025T10:46:59 - [TEST_STEP][PASSED] - click(findTestObject("Выручка в рублях/Снять выделение в фильтре Дата" + nameOfBlock)): Object: 'Object Repository/Выручка в рублях/Снять выделение в фильтре Дата Выручка' is clicked on

16-05-2025T10:46:59 - [MESSAGE][PASSED] - Object: 'Object Repository/Выручка в рублях/Снять выделение в фильтре Дата Выручка' is clicked on

16-05-2025T10:46:59 - [TEST_STEP][PASSED] - click(findTestObject("Выручка в рублях/Применить в фильтре Дата" + nameOfBlock)): Object: 'Object Repository/Выручка в рублях/Применить в фильтре Дата Выручка' is clicked on

16-05-2025T10:47:00 - [MESSAGE][PASSED] - Object: 'Object Repository/Выручка в рублях/Применить в фильтре Дата Выручка' is clicked on

16-05-2025T10:47:00 - [TEST_STEP][PASSED] - delay(50): Delayed 50 second(s)

16-05-2025T10:47:50 - [MESSAGE][PASSED] - Delayed 50 second(s)

16-05-2025T10:47:50 - [TEST_STEP][PASSED] - click(findTestObject("Выручка в рублях/Фильтр Период" + nameOfBlock)): Object: 'Object Repository/Выручка в рублях/Фильтр Период Выручка' is clicked on

16-05-2025T10:47:50 - [MESSAGE][PASSED] - Object: 'Object Repository/Выручка в рублях/Фильтр Период Выручка' is clicked on

16-05-2025T10:47:50 - [TEST_STEP][PASSED] - click(findTestObject("Выручка в рублях/Снять выделение в фильтре Дата" + nameOfBlock)): Object: 'Object Repository/Выручка в рублях/Снять выделение в фильтре Дата Выручка' is clicked on

16-05-2025T10:47:51 - [MESSAGE][PASSED] - Object: 'Object Repository/Выручка в рублях/Снять выделение в фильтре Дата Выручка' is clicked on

16-05-2025T10:47:51 - [TEST_STEP][PASSED] - scrollToElement(findTestObject("Выручка в рублях/2025 список" + nameOfBlock), 30): Scroll to object 'Object Repository/Выручка в рублях/2025 список Выручка' successfully

16-05-2025T10:47:51 - [MESSAGE][PASSED] - Scroll to object 'Object Repository/Выручка в рублях/2025 список Выручка' successfully

16-05-2025T10:47:51 - [TEST_STEP][PASSED] - click(findTestObject("Выручка в рублях/2025 список" + nameOfBlock)): Object: 'Object Repository/Выручка в рублях/2025 список Выручка' is clicked on

16-05-2025T10:47:52 - [MESSAGE][PASSED] - Object: 'Object Repository/Выручка в рублях/2025 список Выручка' is clicked on

16-05-2025T10:47:52 - [TEST_STEP][PASSED] - scrollToElement(findTestObject("Выручка в рублях/1 квартал 2025 список" + nameOfBlock), 30): Scroll to object 'Object Repository/Выручка в рублях/1 квартал 2025 список Выручка' successfully

16-05-2025T10:47:52 - [MESSAGE][PASSED] - Scroll to object 'Object Repository/Выручка в рублях/1 квартал 2025 список Выручка' successfully

16-05-2025T10:47:52 - [TEST_STEP][PASSED] - click(findTestObject("Выручка в рублях/1 квартал 2025 выбрать" + nameOfBlock)): Object: 'Object Repository/Выручка в рублях/1 квартал 2025 выбрать Выручка' is clicked on

16-05-2025T10:47:52 - [MESSAGE][PASSED] - Object: 'Object Repository/Выручка в рублях/1 квартал 2025 выбрать Выручка' is clicked on

16-05-2025T10:47:52 - [TEST_STEP][PASSED] - scrollToElement(findTestObject("Выручка в рублях/Заголовок дашборда" + nameOfBlock), 30): Scroll to object 'Object Repository/Выручка в рублях/Заголовок дашборда Выручка' successfully

16-05-2025T10:47:53 - [MESSAGE][PASSED] - Scroll to object 'Object Repository/Выручка в рублях/Заголовок дашборда Выручка' successfully

16-05-2025T10:47:53 - [TEST_STEP][PASSED] - click(findTestObject("Выручка в рублях/Применить в фильтре Дата" + nameOfBlock)): Object: 'Object Repository/Выручка в рублях/Применить в фильтре Дата Выручка' is clicked on

16-05-2025T10:47:53 - [MESSAGE][PASSED] - Object: 'Object Repository/Выручка в рублях/Применить в фильтре Дата Выручка' is clicked on

16-05-2025T10:47:53 - [TEST_STEP][PASSED] - delay(55): Delayed 55 second(s)

16-05-2025T10:48:48 - [MESSAGE][PASSED] - Delayed 55 second(s)

16-05-2025T10:48:48 - [TEST_STEP][PASSED] - click(findTestObject("Выручка в рублях/Фильтр ДЗО" + nameOfBlock)): Object: 'Object Repository/Выручка в рублях/Фильтр ДЗО Выручка' is clicked on

16-05-2025T10:48:49 - [MESSAGE][PASSED] - Object: 'Object Repository/Выручка в рублях/Фильтр ДЗО Выручка' is clicked on

16-05-2025T10:48:49 - [TEST_STEP][PASSED] - click(findTestObject("Выручка в рублях/Снять выделение в фильтре ДЗО" + nameOfBlock)): Object: 'Object Repository/Выручка в рублях/Снять выделение в фильтре ДЗО Выручка' is clicked on

16-05-2025T10:48:49 - [MESSAGE][PASSED] - Object: 'Object Repository/Выручка в рублях/Снять выделение в фильтре ДЗО Выручка' is clicked on

16-05-2025T10:48:49 - [TEST_STEP][PASSED] - click(findTestObject("Выручка в рублях/Применить в фильтре ДЗО" + nameOfBlock)): Object: 'Object Repository/Выручка в рублях/Применить в фильтре ДЗО Выручка' is clicked on

16-05-2025T10:48:50 - [MESSAGE][PASSED] - Object: 'Object Repository/Выручка в рублях/Применить в фильтре ДЗО Выручка' is clicked on

16-05-2025T10:48:50 - [TEST_STEP][PASSED] - delay(50): Delayed 50 second(s)

16-05-2025T10:49:40 - [MESSAGE][PASSED] - Delayed 50 second(s)

16-05-2025T10:49:40 - [TEST_STEP][PASSED] - Script1742558545601.Tumbler(run, vir, block, nameOfBlock): null

16-05-2025T10:49:40 - [TEST_STEP][PASSED] - println("run:" + run): null

16-05-2025T10:49:40 - [TEST_STEP][PASSED] - println("vir:" + vir): null

16-05-2025T10:49:40 - [TEST_STEP][PASSED] - println("block:" + block): null

16-05-2025T10:49:40 - [TEST_STEP][PASSED] - println("nameOfBlock:" + nameOfBlock): null

16-05-2025T10:49:40 - [TEST_STEP][PASSED] - if (vir == 1): null

16-05-2025T10:49:40 - [TEST_STEP][PASSED] - else if (vir == 2): null

16-05-2025T10:49:40 - [TEST_STEP][PASSED] - else if (vir == 3): Object: 'Object Repository/Выручка в рублях/Применить в фильтре Выручка Выручка' is clicked on

16-05-2025T10:49:40 - [TEST_STEP][PASSED] - if (run == 2): null

16-05-2025T10:49:40 - [TEST_STEP][PASSED] - click(findTestObject("Выручка в рублях/Фильтр Выручка" + nameOfBlock)): Object: 'Object Repository/Выручка в рублях/Фильтр Выручка Выручка' is clicked on

16-05-2025T10:49:40 - [MESSAGE][PASSED] - Object: 'Object Repository/Выручка в рублях/Фильтр Выручка Выручка' is clicked on

16-05-2025T10:49:40 - [TEST_STEP][PASSED] - click(findTestObject("Выручка в рублях/Внутренний оборот в фильтре Выручка" + nameOfBlock)): Object: 'Object Repository/Выручка в рублях/Внутренний оборот в фильтре Выручка Выручка' is clicked on

16-05-2025T10:49:41 - [MESSAGE][PASSED] - Object: 'Object Repository/Выручка в рублях/Внутренний оборот в фильтре Выручка Выручка' is clicked on

16-05-2025T10:49:41 - [TEST_STEP][PASSED] - click(findTestObject("Выручка в рублях/Применить в фильтре Выручка" + nameOfBlock)): Object: 'Object Repository/Выручка в рублях/Применить в фильтре Выручка Выручка' is clicked on

16-05-2025T10:49:42 - [MESSAGE][PASSED] - Object: 'Object Repository/Выручка в рублях/Применить в фильтре Выручка Выручка' is clicked on

16-05-2025T10:49:42 - [TEST_STEP][PASSED] - click(findTestObject("Выручка в рублях/Фильтр ДЗО" + nameOfBlock)): Object: 'Object Repository/Выручка в рублях/Фильтр ДЗО Выручка' is clicked on

16-05-2025T10:49:44 - [MESSAGE][PASSED] - Object: 'Object Repository/Выручка в рублях/Фильтр ДЗО Выручка' is clicked on

16-05-2025T10:49:44 - [TEST_STEP][PASSED] - Script1742558545601.Rosseti(nameOfBlock): null

16-05-2025T10:49:44 - [TEST_STEP][PASSED] - println("nameOfBlock:" + nameOfBlock): null

16-05-2025T10:49:44 - [TEST_STEP][PASSED] - click(findTestObject("Выручка в рублях/ПАО Россети" + nameOfBlock)): Object: 'Object Repository/Выручка в рублях/ПАО Россети Выручка' is clicked on

16-05-2025T10:49:44 - [MESSAGE][PASSED] - Object: 'Object Repository/Выручка в рублях/ПАО Россети Выручка' is clicked on

16-05-2025T10:49:44 - [TEST_STEP][PASSED] - click(findTestObject("Выручка в рублях/Применить в фильтре ДЗО" + nameOfBlock)): Object: 'Object Repository/Выручка в рублях/Применить в фильтре ДЗО Выручка' is clicked on

16-05-2025T10:49:45 - [MESSAGE][PASSED] - Object: 'Object Repository/Выручка в рублях/Применить в фильтре ДЗО Выручка' is clicked on

16-05-2025T10:49:45 - [TEST_STEP][PASSED] - if (vir == 1 || vir == 2): null

16-05-2025T10:49:45 - [TEST_STEP][PASSED] - else: Text of object 'Object Repository/Выручка в рублях/vir3Plan Выручка' is: '7 875'

16-05-2025T10:49:45 - [TEST_STEP][PASSED] - b1 = getText(findTestObject("Выручка в рублях/vir3Plan Выручка")): Text of object 'Object Repository/Выручка в рублях/vir3Plan Выручка' is: '7 875'

16-05-2025T10:49:46 - [MESSAGE][PASSED] - Text of object 'Object Repository/Выручка в рублях/vir3Plan Выручка' is: '7 875'

16-05-2025T10:49:46 - [TEST_STEP][PASSED] - if (vir == 1 || vir == 2): null

16-05-2025T10:49:46 - [TEST_STEP][PASSED] - else: Text of object 'Object Repository/Выручка в рублях/vir3Fact Выручка' is: '7 544'

16-05-2025T10:49:46 - [TEST_STEP][PASSED] - b2 = getText(findTestObject("Выручка в рублях/vir3Fact Выручка")): Text of object 'Object Repository/Выручка в рублях/vir3Fact Выручка' is: '7 544'

16-05-2025T10:49:46 - [MESSAGE][PASSED] - Text of object 'Object Repository/Выручка в рублях/vir3Fact Выручка' is: '7 544'

16-05-2025T10:49:46 - [TEST_STEP][PASSED] - b30 = getText(findTestObject("Выручка в рублях/span1" + perc)): Text of object 'Object Repository/Выручка в рублях/span1' is: '-330.3 млн.руб.'

16-05-2025T10:49:47 - [MESSAGE][PASSED] - Text of object 'Object Repository/Выручка в рублях/span1' is: '-330.3 млн.руб.'

16-05-2025T10:49:47 - [TEST_STEP][PASSED] - i = b30.indexOf("млн.руб."): null

16-05-2025T10:49:47 - [TEST_STEP][PASSED] - if (i > -1): null

16-05-2025T10:49:47 - [TEST_STEP][PASSED] - b30 = b30.substring(0, i): null

16-05-2025T10:49:47 - [TEST_STEP][PASSED] - b30 = b30.replaceAll(" ", ""): null

16-05-2025T10:49:47 - [TEST_STEP][PASSED] - if (b30.contains("%")): null

16-05-2025T10:49:47 - [TEST_STEP][PASSED] - b30 = ").trim(): null

16-05-2025T10:49:47 - [TEST_STEP][PASSED] - println("b30: " + b30): null

16-05-2025T10:49:47 - [TEST_STEP][PASSED] - if (vir == 1): null

16-05-2025T10:49:47 - [TEST_STEP][PASSED] - else if (vir == 2): null

16-05-2025T10:49:47 - [TEST_STEP][PASSED] - else: Text of object 'Object Repository/Выручка в рублях/span5' is: '0'

16-05-2025T10:49:47 - [TEST_STEP][PASSED] - b32 = ").trim(): Text of object 'Object Repository/Выручка в рублях/span2' is: '55'

16-05-2025T10:49:47 - [MESSAGE][PASSED] - Text of object 'Object Repository/Выручка в рублях/span2' is: '55'

16-05-2025T10:49:47 - [TEST_STEP][PASSED] - b33 = ").trim(): Text of object 'Object Repository/Выручка в рублях/span3' is: '-27'

16-05-2025T10:49:47 - [MESSAGE][PASSED] - Text of object 'Object Repository/Выручка в рублях/span3' is: '-27'

16-05-2025T10:49:47 - [TEST_STEP][PASSED] - b38 = ").trim(): Text of object 'Object Repository/Выручка в рублях/span4' is: '-359'

16-05-2025T10:49:48 - [MESSAGE][PASSED] - Text of object 'Object Repository/Выручка в рублях/span4' is: '-359'

16-05-2025T10:49:48 - [TEST_STEP][PASSED] - b317 = ").trim(): Text of object 'Object Repository/Выручка в рублях/span5' is: '0'

16-05-2025T10:49:48 - [MESSAGE][PASSED] - Text of object 'Object Repository/Выручка в рублях/span5' is: '0'

16-05-2025T10:49:48 - [TEST_STEP][PASSED] - dZO = "ПАО Россети": null

16-05-2025T10:49:48 - [TEST_STEP][PASSED] - if (verifyEqual(a1, b1) == false): Actual object '7 875' and expected object '7 875' are equal

16-05-2025T10:49:48 - [MESSAGE][PASSED] - Actual object '7 875' and expected object '7 875' are equal

16-05-2025T10:49:48 - [TEST_STEP][PASSED] - if (verifyEqual(a2, b2) == false): Actual object '7 544' and expected object '7 544' are equal

16-05-2025T10:49:48 - [MESSAGE][PASSED] - Actual object '7 544' and expected object '7 544' are equal

16-05-2025T10:49:48 - [TEST_STEP][PASSED] - vidget = "Отклонения": null

16-05-2025T10:49:48 - [TEST_STEP][PASSED] - if (verifyEqual(a30, b30) == false): Actual object '-330.3' and expected object '-330.3' are equal

16-05-2025T10:49:48 - [MESSAGE][PASSED] - Actual object '-330.3' and expected object '-330.3' are equal

16-05-2025T10:49:48 - [TEST_STEP][PASSED] - dZO = "АО «РЭС»": null

16-05-2025T10:49:48 - [TEST_STEP][PASSED] - if (verifyEqual(a31, b31) == false): Actual object 'null' and expected object 'null' are equal

16-05-2025T10:49:48 - [MESSAGE][PASSED] - Actual object 'null' and expected object 'null' are equal

16-05-2025T10:49:48 - [TEST_STEP][PASSED] - dZO = "АО «Тываэнерго»": null

16-05-2025T10:49:48 - [TEST_STEP][PASSED] - if (verifyEqual(a32, b32) == false): Actual object '55' and expected object '55' are equal

16-05-2025T10:49:48 - [MESSAGE][PASSED] - Actual object '55' and expected object '55' are equal

16-05-2025T10:49:48 - [TEST_STEP][PASSED] - dZO = "АО «Чеченэнерго»": null

16-05-2025T10:49:48 - [TEST_STEP][PASSED] - if (verifyEqual(a33, b33) == false): Actual object '-27' and expected object '-27' are equal

16-05-2025T10:49:48 - [MESSAGE][PASSED] - Actual object '-27' and expected object '-27' are equal

16-05-2025T10:49:48 - [TEST_STEP][PASSED] - dZO = "Россети Волга": null

16-05-2025T10:49:48 - [TEST_STEP][PASSED] - if (verifyEqual(a34, b34) == false): Actual object 'null' and expected object 'null' are equal

16-05-2025T10:49:48 - [MESSAGE][PASSED] - Actual object 'null' and expected object 'null' are equal

16-05-2025T10:49:48 - [TEST_STEP][PASSED] - dZO = "Россети Кубань": null

16-05-2025T10:49:48 - [TEST_STEP][PASSED] - if (verifyEqual(a35, b35) == false): Actual object 'null' and expected object 'null' are equal

16-05-2025T10:49:48 - [MESSAGE][PASSED] - Actual object 'null' and expected object 'null' are equal

16-05-2025T10:49:48 - [TEST_STEP][PASSED] - dZO = "Россети Ленэнерго (ГК)": null

16-05-2025T10:49:48 - [TEST_STEP][PASSED] - if (verifyEqual(a36, b36) == false): Actual object 'null' and expected object 'null' are equal

16-05-2025T10:49:48 - [MESSAGE][PASSED] - Actual object 'null' and expected object 'null' are equal

16-05-2025T10:49:48 - [TEST_STEP][PASSED] - dZO = "Россети Московский регион": null

16-05-2025T10:49:48 - [TEST_STEP][PASSED] - if (verifyEqual(a37, b37) == false): Actual object 'null' and expected object 'null' are equal

16-05-2025T10:49:48 - [MESSAGE][PASSED] - Actual object 'null' and expected object 'null' are equal

16-05-2025T10:49:48 - [TEST_STEP][PASSED] - dZO = "Россети Северный Кавказ (ГК)": null

16-05-2025T10:49:48 - [TEST_STEP][PASSED] - if (verifyEqual(a38, b38) == false): Actual object '-359' and expected object '-359' are equal

16-05-2025T10:49:48 - [MESSAGE][PASSED] - Actual object '-359' and expected object '-359' are equal

16-05-2025T10:49:48 - [TEST_STEP][PASSED] - dZO = "Россети Северо-Запад": null

16-05-2025T10:49:48 - [TEST_STEP][PASSED] - if (verifyEqual(a39, b39) == false): Actual object 'null' and expected object 'null' are equal

16-05-2025T10:49:48 - [MESSAGE][PASSED] - Actual object 'null' and expected object 'null' are equal

16-05-2025T10:49:48 - [TEST_STEP][PASSED] - dZO = "Россети Сибирь (ГК)": null

16-05-2025T10:49:48 - [TEST_STEP][PASSED] - if (verifyEqual(a310, b310) == false): Actual object 'null' and expected object 'null' are equal

16-05-2025T10:49:48 - [MESSAGE][PASSED] - Actual object 'null' and expected object 'null' are equal

16-05-2025T10:49:48 - [TEST_STEP][PASSED] - dZO = "Россети Томск": null

16-05-2025T10:49:48 - [TEST_STEP][PASSED] - if (verifyEqual(a311, b311) == false): Actual object 'null' and expected object 'null' are equal

16-05-2025T10:49:48 - [MESSAGE][PASSED] - Actual object 'null' and expected object 'null' are equal

16-05-2025T10:49:48 - [TEST_STEP][PASSED] - dZO = "Россети Тюмень": null

16-05-2025T10:49:48 - [TEST_STEP][PASSED] - if (verifyEqual(a312, b312) == false): Actual object 'null' and expected object 'null' are equal

16-05-2025T10:49:48 - [MESSAGE][PASSED] - Actual object 'null' and expected object 'null' are equal

16-05-2025T10:49:48 - [TEST_STEP][PASSED] - dZO = "Россети Урал (ГК)": null

16-05-2025T10:49:48 - [TEST_STEP][PASSED] - if (verifyEqual(a313, b313) == false): Actual object 'null' and expected object 'null' are equal

16-05-2025T10:49:48 - [MESSAGE][PASSED] - Actual object 'null' and expected object 'null' are equal

16-05-2025T10:49:48 - [TEST_STEP][PASSED] - dZO = "Россети ФСК ЕЭС": null

16-05-2025T10:49:48 - [TEST_STEP][PASSED] - if (verifyEqual(a314, b314) == false): Actual object 'null' and expected object 'null' are equal

16-05-2025T10:49:48 - [MESSAGE][PASSED] - Actual object 'null' and expected object 'null' are equal

16-05-2025T10:49:48 - [TEST_STEP][PASSED] - dZO = "Россети Центр": null

16-05-2025T10:49:48 - [TEST_STEP][PASSED] - if (verifyEqual(a315, b315) == false): Actual object 'null' and expected object 'null' are equal

16-05-2025T10:49:48 - [MESSAGE][PASSED] - Actual object 'null' and expected object 'null' are equal

16-05-2025T10:49:48 - [TEST_STEP][PASSED] - dZO = "Россети Центр и Приволжье (ГК)": null

16-05-2025T10:49:48 - [TEST_STEP][PASSED] - if (verifyEqual(a316, b316) == false): Actual object 'null' and expected object 'null' are equal

16-05-2025T10:49:48 - [MESSAGE][PASSED] - Actual object 'null' and expected object 'null' are equal

16-05-2025T10:49:48 - [TEST_STEP][PASSED] - dZO = "Россети Юг (ГК)": null

16-05-2025T10:49:48 - [TEST_STEP][PASSED] - if (verifyEqual(a317, b317) == false): Actual object '0' and expected object '0' are equal

16-05-2025T10:49:48 - [MESSAGE][PASSED] - Actual object '0' and expected object '0' are equal

16-05-2025T10:49:48 - [TEST_STEP][PASSED] - dZO = "Россети Янтарь": null

16-05-2025T10:49:48 - [TEST_STEP][PASSED] - if (verifyEqual(a318, b318) == false): Actual object 'null' and expected object 'null' are equal

16-05-2025T10:49:48 - [MESSAGE][PASSED] - Actual object 'null' and expected object 'null' are equal

16-05-2025T10:49:48 - [TEST_STEP][PASSED] - closeBrowser(): null

16-05-2025T10:49:48 - [MESSAGE][PASSED] - Browser is closed

16-05-2025T10:49:48 - [TEST_STEP][PASSED] - Script1742558545601.ViruchkaChange(run, vir, block, nameOfBlock, typeOfData, viruchka, vidget, todaysDate, a, b, dZO, x, y): null

16-05-2025T10:49:48 - [TEST_STEP][PASSED] - for ([vir = 1, vir < 4, (vir++)]): null

16-05-2025T10:49:48 - [TEST_STEP][PASSED] - Script1742558545601.Blocks(run, vir, block, nameOfBlock, typeOfData, viruchka, vidget, todaysDate, a, b, dZO, x, y): null

16-05-2025T10:49:48 - [TEST_STEP][PASSED] - i = <not implemented yet for class: org.codehaus.groovy.ast.expr.EmptyExpression>: null

16-05-2025T10:49:48 - [TEST_STEP][PASSED] - perc = "": null

16-05-2025T10:49:48 - [TEST_STEP][PASSED] - a1 = <not implemented yet for class: org.codehaus.groovy.ast.expr.EmptyExpression>: null

16-05-2025T10:49:48 - [TEST_STEP][PASSED] - a2 = <not implemented yet for class: org.codehaus.groovy.ast.expr.EmptyExpression>: null

16-05-2025T10:49:48 - [TEST_STEP][PASSED] - a30 = <not implemented yet for class: org.codehaus.groovy.ast.expr.EmptyExpression>: null

16-05-2025T10:49:48 - [TEST_STEP][PASSED] - a31 = <not implemented yet for class: org.codehaus.groovy.ast.expr.EmptyExpression>: null

16-05-2025T10:49:48 - [TEST_STEP][PASSED] - a32 = <not implemented yet for class: org.codehaus.groovy.ast.expr.EmptyExpression>: null

16-05-2025T10:49:48 - [TEST_STEP][PASSED] - a33 = <not implemented yet for class: org.codehaus.groovy.ast.expr.EmptyExpression>: null

16-05-2025T10:49:48 - [TEST_STEP][PASSED] - a34 = <not implemented yet for class: org.codehaus.groovy.ast.expr.EmptyExpression>: null

16-05-2025T10:49:48 - [TEST_STEP][PASSED] - a35 = <not implemented yet for class: org.codehaus.groovy.ast.expr.EmptyExpression>: null

16-05-2025T10:49:48 - [TEST_STEP][PASSED] - a36 = <not implemented yet for class: org.codehaus.groovy.ast.expr.EmptyExpression>: null

16-05-2025T10:49:48 - [TEST_STEP][PASSED] - a37 = <not implemented yet for class: org.codehaus.groovy.ast.expr.EmptyExpression>: null

16-05-2025T10:49:48 - [TEST_STEP][PASSED] - a38 = <not implemented yet for class: org.codehaus.groovy.ast.expr.EmptyExpression>: null

16-05-2025T10:49:48 - [TEST_STEP][PASSED] - a39 = <not implemented yet for class: org.codehaus.groovy.ast.expr.EmptyExpression>: null

16-05-2025T10:49:48 - [TEST_STEP][PASSED] - a310 = <not implemented yet for class: org.codehaus.groovy.ast.expr.EmptyExpression>: null

16-05-2025T10:49:48 - [TEST_STEP][PASSED] - a311 = <not implemented yet for class: org.codehaus.groovy.ast.expr.EmptyExpression>: null

16-05-2025T10:49:48 - [TEST_STEP][PASSED] - a312 = <not implemented yet for class: org.codehaus.groovy.ast.expr.EmptyExpression>: null

16-05-2025T10:49:48 - [TEST_STEP][PASSED] - a313 = <not implemented yet for class: org.codehaus.groovy.ast.expr.EmptyExpression>: null

16-05-2025T10:49:48 - [TEST_STEP][PASSED] - a314 = <not implemented yet for class: org.codehaus.groovy.ast.expr.EmptyExpression>: null

16-05-2025T10:49:48 - [TEST_STEP][PASSED] - a315 = <not implemented yet for class: org.codehaus.groovy.ast.expr.EmptyExpression>: null

16-05-2025T10:49:48 - [TEST_STEP][PASSED] - a316 = <not implemented yet for class: org.codehaus.groovy.ast.expr.EmptyExpression>: null

16-05-2025T10:49:48 - [TEST_STEP][PASSED] - a317 = <not implemented yet for class: org.codehaus.groovy.ast.expr.EmptyExpression>: null

16-05-2025T10:49:48 - [TEST_STEP][PASSED] - a318 = <not implemented yet for class: org.codehaus.groovy.ast.expr.EmptyExpression>: null

16-05-2025T10:49:48 - [TEST_STEP][PASSED] - b1 = <not implemented yet for class: org.codehaus.groovy.ast.expr.EmptyExpression>: null

16-05-2025T10:49:48 - [TEST_STEP][PASSED] - b2 = <not implemented yet for class: org.codehaus.groovy.ast.expr.EmptyExpression>: null

16-05-2025T10:49:48 - [TEST_STEP][PASSED] - b30 = <not implemented yet for class: org.codehaus.groovy.ast.expr.EmptyExpression>: null

16-05-2025T10:49:48 - [TEST_STEP][PASSED] - b31 = <not implemented yet for class: org.codehaus.groovy.ast.expr.EmptyExpression>: null

16-05-2025T10:49:48 - [TEST_STEP][PASSED] - b32 = <not implemented yet for class: org.codehaus.groovy.ast.expr.EmptyExpression>: null

16-05-2025T10:49:48 - [TEST_STEP][PASSED] - b33 = <not implemented yet for class: org.codehaus.groovy.ast.expr.EmptyExpression>: null

16-05-2025T10:49:48 - [TEST_STEP][PASSED] - b34 = <not implemented yet for class: org.codehaus.groovy.ast.expr.EmptyExpression>: null

16-05-2025T10:49:48 - [TEST_STEP][PASSED] - b35 = <not implemented yet for class: org.codehaus.groovy.ast.expr.EmptyExpression>: null

16-05-2025T10:49:48 - [TEST_STEP][PASSED] - b36 = <not implemented yet for class: org.codehaus.groovy.ast.expr.EmptyExpression>: null

16-05-2025T10:49:48 - [TEST_STEP][PASSED] - b37 = <not implemented yet for class: org.codehaus.groovy.ast.expr.EmptyExpression>: null

16-05-2025T10:49:48 - [TEST_STEP][PASSED] - b38 = <not implemented yet for class: org.codehaus.groovy.ast.expr.EmptyExpression>: null

16-05-2025T10:49:48 - [TEST_STEP][PASSED] - b39 = <not implemented yet for class: org.codehaus.groovy.ast.expr.EmptyExpression>: null

16-05-2025T10:49:48 - [TEST_STEP][PASSED] - b310 = <not implemented yet for class: org.codehaus.groovy.ast.expr.EmptyExpression>: null

16-05-2025T10:49:48 - [TEST_STEP][PASSED] - b311 = <not implemented yet for class: org.codehaus.groovy.ast.expr.EmptyExpression>: null

16-05-2025T10:49:48 - [TEST_STEP][PASSED] - b312 = <not implemented yet for class: org.codehaus.groovy.ast.expr.EmptyExpression>: null

16-05-2025T10:49:48 - [TEST_STEP][PASSED] - b313 = <not implemented yet for class: org.codehaus.groovy.ast.expr.EmptyExpression>: null

16-05-2025T10:49:48 - [TEST_STEP][PASSED] - b314 = <not implemented yet for class: org.codehaus.groovy.ast.expr.EmptyExpression>: null

16-05-2025T10:49:48 - [TEST_STEP][PASSED] - b315 = <not implemented yet for class: org.codehaus.groovy.ast.expr.EmptyExpression>: null

16-05-2025T10:49:48 - [TEST_STEP][PASSED] - b316 = <not implemented yet for class: org.codehaus.groovy.ast.expr.EmptyExpression>: null

16-05-2025T10:49:48 - [TEST_STEP][PASSED] - b317 = <not implemented yet for class: org.codehaus.groovy.ast.expr.EmptyExpression>: null

16-05-2025T10:49:48 - [TEST_STEP][PASSED] - b318 = <not implemented yet for class: org.codehaus.groovy.ast.expr.EmptyExpression>: null

16-05-2025T10:49:48 - [TEST_STEP][PASSED] - block = 1: null

16-05-2025T10:49:48 - [TEST_STEP][PASSED] - nameOfBlock = "": null

16-05-2025T10:49:48 - [TEST_STEP][PASSED] - Script1742558545601.PreSettings(run, vir, block, nameOfBlock, typeOfData, todaysDate): null

16-05-2025T10:49:48 - [TEST_STEP][PASSED] - openBrowser(""): Browser is opened with url: ''

16-05-2025T10:49:48 - [MESSAGE][INFO] - Starting 'Chrome' driver

16-05-2025T10:49:48 - [MESSAGE][INFO] - Action delay is set to 0 milliseconds

16-05-2025T10:49:49 - [MESSAGE][PASSED] - Browser is opened with url: ''

16-05-2025T10:49:49 - [TEST_STEP][PASSED] - refresh(): Refresh successfully

16-05-2025T10:49:49 - [MESSAGE][PASSED] - Refresh successfully

16-05-2025T10:49:49 - [TEST_STEP][PASSED] - delay(50): Delayed 50 second(s)

16-05-2025T10:50:39 - [MESSAGE][PASSED] - Delayed 50 second(s)

16-05-2025T10:50:39 - [TEST_STEP][PASSED] - println("run:" + run): null

16-05-2025T10:50:39 - [TEST_STEP][PASSED] - println("vir:" + vir): null

16-05-2025T10:50:39 - [TEST_STEP][PASSED] - println("block:" + block): null

16-05-2025T10:50:39 - [TEST_STEP][PASSED] - if (block == 1): null

16-05-2025T10:50:39 - [TEST_STEP][PASSED] - nameOfBlock = "": null

16-05-2025T10:50:39 - [TEST_STEP][PASSED] - println("nameOfBlock:" + nameOfBlock): null

16-05-2025T10:50:39 - [TEST_STEP][PASSED] - println("typeOfData:" + typeOfData): null

16-05-2025T10:50:39 - [TEST_STEP][PASSED] - println("todaysDate:" + todaysDate): null

16-05-2025T10:50:39 - [TEST_STEP][PASSED] - Script1742558545601.Autorization(block, nameOfBlock): null

16-05-2025T10:50:39 - [TEST_STEP][PASSED] - i = <not implemented yet for class: org.codehaus.groovy.ast.expr.EmptyExpression>: null

16-05-2025T10:50:39 - [TEST_STEP][PASSED] - ii = <not implemented yet for class: org.codehaus.groovy.ast.expr.EmptyExpression>: null

16-05-2025T10:50:39 - [TEST_STEP][PASSED] - urlData = <not implemented yet for class: org.codehaus.groovy.ast.expr.EmptyExpression>: null

16-05-2025T10:50:39 - [TEST_STEP][PASSED] - searchWord = <not implemented yet for class: org.codehaus.groovy.ast.expr.EmptyExpression>: null

16-05-2025T10:50:39 - [TEST_STEP][PASSED] - urlText = <not implemented yet for class: org.codehaus.groovy.ast.expr.EmptyExpression>: null

16-05-2025T10:50:39 - [TEST_STEP][PASSED] - println("block:" + block): null

16-05-2025T10:50:39 - [TEST_STEP][PASSED] - if (block == 1): null

16-05-2025T10:50:39 - [TEST_STEP][PASSED] - nameOfBlock = "": null

16-05-2025T10:50:39 - [TEST_STEP][PASSED] - println("nameOfBlock:" + nameOfBlock): null

16-05-2025T10:50:39 - [TEST_STEP][PASSED] - if (block == 1): Delayed 45 second(s)

16-05-2025T10:50:39 - [TEST_STEP][PASSED] - urlData = 2: null

16-05-2025T10:50:39 - [TEST_STEP][PASSED] - delay(45): Delayed 45 second(s)

16-05-2025T10:51:24 - [MESSAGE][PASSED] - Delayed 45 second(s)

16-05-2025T10:51:24 - [TEST_STEP][PASSED] - navigateToUrl(findTestData("PlanFact").getValue(10, urlData)): Navigate to 'https://bi.rosseti.digital/viewer?dashboardGuid=2301950b23be4ed89c1df75f2020051e&sheetGuid=b723206f698544fb87299f3095c00435&fit=true' successfully

16-05-2025T10:51:27 - [MESSAGE][PASSED] - Navigate to 'https://bi.rosseti.digital/viewer?dashboardGuid=2301950b23be4ed89c1df75f2020051e&sheetGuid=b723206f698544fb87299f3095c00435&fit=true' successfully

16-05-2025T10:51:27 - [TEST_STEP][PASSED] - urlText = getText(findTestObject("Страница авторизации/Text")): Text of object 'Object Repository/Страница авторизации/Text' is: 'Вход'

16-05-2025T10:51:28 - [MESSAGE][PASSED] - Text of object 'Object Repository/Страница авторизации/Text' is: 'Вход'

16-05-2025T10:51:28 - [TEST_STEP][PASSED] - searchWord = "Вход": null

16-05-2025T10:51:28 - [TEST_STEP][PASSED] - if (urlText == null || urlText.contains("ошибка") || urlText.contains(searchWord) == false): null

16-05-2025T10:51:28 - [TEST_STEP][PASSED] - if (verifyElementPresent(findTestObject("Страница авторизации/button_"), 30) == true): null

16-05-2025T10:51:28 - [MESSAGE][PASSED] - Object 'Object Repository/Страница авторизации/button_' is present

16-05-2025T10:51:28 - [TEST_STEP][PASSED] - setText(findTestObject("Страница авторизации/input__username"), findTestData("PlanFact").getValue(8, 1)): Text 'liazgina-di' is set on object 'Object Repository/Страница авторизации/input__username'

16-05-2025T10:51:29 - [MESSAGE][PASSED] - Text 'liazgina-di' is set on object 'Object Repository/Страница авторизации/input__username'

16-05-2025T10:51:29 - [TEST_STEP][PASSED] - setText(findTestObject("Страница авторизации/input__password"), findTestData("PlanFact").getValue(9, 1)): Text ')$%5srZ8o688Dm#q' is set on object 'Object Repository/Страница авторизации/input__password'

16-05-2025T10:51:29 - [MESSAGE][PASSED] - Text ')$%5srZ8o688Dm#q' is set on object 'Object Repository/Страница авторизации/input__password'

16-05-2025T10:51:29 - [TEST_STEP][PASSED] - click(findTestObject("Страница авторизации/button_")): Object: 'Object Repository/Страница авторизации/button_' is clicked on

16-05-2025T10:51:30 - [MESSAGE][PASSED] - Object: 'Object Repository/Страница авторизации/button_' is clicked on

16-05-2025T10:51:30 - [TEST_STEP][PASSED] - delay(45): Delayed 45 second(s)

16-05-2025T10:52:15 - [MESSAGE][PASSED] - Delayed 45 second(s)

16-05-2025T10:52:15 - [TEST_STEP][PASSED] - urlText = getText(findTestObject("Страница авторизации/Text")): Text of object 'Object Repository/Страница авторизации/Text' is: 'Период
1 кв. 2025 года
Выручка
Все
Выполнение плановых показателей по ПАО Россети за 1 кв. 2025 года
План
Факт
Динамика
2025 год
0 млн.руб.
50 000 млн.руб.
100 000 млн.руб.
150 000 млн.руб.
200 000 млн.руб.
250 000 млн.руб.
300 000 млн.руб.
350 000 млн.руб.
400 000 млн.руб.
450 000 млн.руб.
500 000 млн.руб.
550 000 млн.руб.
469 817
463 075
↓
ДЗО 
Все
Внутренний оборот - выручка за услуги по передаче электрической энергии, учтенная в выручке за электроэнергию для конечных потребителей, при выполнении ДЗО функций гарантирующего поставщика
Подписи данных
⬤Отклонение
АО "РЭС"
АО «Тываэнерго»
АО «Чеченэнерго»
Россети Волга
Россети Кубань
Россети Ленэнерго (ГК)
Россети Московский регион
Россети Северный Кавказ (ГК)
Россети Северо-Запад
Россети Сибирь (ГК)
Россети Томск
Россети Тюмень
Россети Урал (ГК)
Россети ФСК ЕЭС
Россети Центр
Россети Центр и Приволжье (ГК)
Россети Юг (ГК)
Россети Янтарь
-4 000 млн.руб.
-3 500 млн.руб.
-3 000 млн.руб.
-2 500 млн.руб.
-2 000 млн.руб.
-1 500 млн.руб.
-1 000 млн.руб.
- 500 млн.руб.
0 млн.руб.
500 млн.руб.
1 000 млн.руб.
1 500 млн.руб.
2 000 млн.руб.
-261
55
-27
-537
786
62
-3 345
-271
-253
876
-57
-2 765
-987
1 670
-805
-905
-11
31
млн.
%
Выручка
Отклонение выручки по ПАО Россети за 1 кв. 2025 года (факт/план, млн. руб)
ПАО Россети
-6 742.2 млн.руб.
 '

16-05-2025T10:52:16 - [MESSAGE][PASSED] - Text of object 'Object Repository/Страница авторизации/Text' is: 'Период
1 кв. 2025 года
Выручка
Все
Выполнение плановых показателей по ПАО Россети за 1 кв. 2025 года
План
Факт
Динамика
2025 год
0 млн.руб.
50 000 млн.руб.
100 000 млн.руб.
150 000 млн.руб.
200 000 млн.руб.
250 000 млн.руб.
300 000 млн.руб.
350 000 млн.руб.
400 000 млн.руб.
450 000 млн.руб.
500 000 млн.руб.
550 000 млн.руб.
469 817
463 075
↓
ДЗО 
Все
Внутренний оборот - выручка за услуги по передаче электрической энергии, учтенная в выручке за электроэнергию для конечных потребителей, при выполнении ДЗО функций гарантирующего поставщика
Подписи данных
⬤Отклонение
АО "РЭС"
АО «Тываэнерго»
АО «Чеченэнерго»
Россети Волга
Россети Кубань
Россети Ленэнерго (ГК)
Россети Московский регион
Россети Северный Кавказ (ГК)
Россети Северо-Запад
Россети Сибирь (ГК)
Россети Томск
Россети Тюмень
Россети Урал (ГК)
Россети ФСК ЕЭС
Россети Центр
Россети Центр и Приволжье (ГК)
Россети Юг (ГК)
Россети Янтарь
-4 000 млн.руб.
-3 500 млн.руб.
-3 000 млн.руб.
-2 500 млн.руб.
-2 000 млн.руб.
-1 500 млн.руб.
-1 000 млн.руб.
- 500 млн.руб.
0 млн.руб.
500 млн.руб.
1 000 млн.руб.
1 500 млн.руб.
2 000 млн.руб.
-261
55
-27
-537
786
62
-3 345
-271
-253
876
-57
-2 765
-987
1 670
-805
-905
-11
31
млн.
%
Выручка
Отклонение выручки по ПАО Россети за 1 кв. 2025 года (факт/план, млн. руб)
ПАО Россети
-6 742.2 млн.руб.
 '

16-05-2025T10:52:16 - [TEST_STEP][PASSED] - searchWord = "а": null

16-05-2025T10:52:16 - [TEST_STEP][PASSED] - if (urlText.contains("ошибка") || urlText.contains(searchWord) == false): null

16-05-2025T10:52:16 - [TEST_STEP][PASSED] - delay(45): Delayed 45 second(s)

16-05-2025T10:53:01 - [MESSAGE][PASSED] - Delayed 45 second(s)

16-05-2025T10:53:01 - [TEST_STEP][PASSED] - if (block == 2): null

16-05-2025T10:53:01 - [TEST_STEP][PASSED] - click(findTestObject("Выручка в рублях/Фильтр Период" + nameOfBlock)): Object: 'Object Repository/Выручка в рублях/Фильтр Период' is clicked on

16-05-2025T10:53:01 - [MESSAGE][PASSED] - Object: 'Object Repository/Выручка в рублях/Фильтр Период' is clicked on

16-05-2025T10:53:01 - [TEST_STEP][PASSED] - click(findTestObject("Выручка в рублях/Снять выделение в фильтре Дата" + nameOfBlock)): Object: 'Object Repository/Выручка в рублях/Снять выделение в фильтре Дата' is clicked on

16-05-2025T10:53:02 - [MESSAGE][PASSED] - Object: 'Object Repository/Выручка в рублях/Снять выделение в фильтре Дата' is clicked on

16-05-2025T10:53:02 - [TEST_STEP][PASSED] - click(findTestObject("Выручка в рублях/Применить в фильтре Дата" + nameOfBlock)): Object: 'Object Repository/Выручка в рублях/Применить в фильтре Дата' is clicked on

16-05-2025T10:53:02 - [MESSAGE][PASSED] - Object: 'Object Repository/Выручка в рублях/Применить в фильтре Дата' is clicked on

16-05-2025T10:53:02 - [TEST_STEP][PASSED] - delay(50): Delayed 50 second(s)

16-05-2025T10:53:52 - [MESSAGE][PASSED] - Delayed 50 second(s)

16-05-2025T10:53:52 - [TEST_STEP][PASSED] - click(findTestObject("Выручка в рублях/Фильтр Период" + nameOfBlock)): Object: 'Object Repository/Выручка в рублях/Фильтр Период' is clicked on

16-05-2025T10:53:53 - [MESSAGE][PASSED] - Object: 'Object Repository/Выручка в рублях/Фильтр Период' is clicked on

16-05-2025T10:53:53 - [TEST_STEP][PASSED] - click(findTestObject("Выручка в рублях/Снять выделение в фильтре Дата" + nameOfBlock)): Object: 'Object Repository/Выручка в рублях/Снять выделение в фильтре Дата' is clicked on

16-05-2025T10:53:53 - [MESSAGE][PASSED] - Object: 'Object Repository/Выручка в рублях/Снять выделение в фильтре Дата' is clicked on

16-05-2025T10:53:53 - [TEST_STEP][PASSED] - scrollToElement(findTestObject("Выручка в рублях/2025 список" + nameOfBlock), 30): Scroll to object 'Object Repository/Выручка в рублях/2025 список' successfully

16-05-2025T10:53:54 - [MESSAGE][PASSED] - Scroll to object 'Object Repository/Выручка в рублях/2025 список' successfully

16-05-2025T10:53:54 - [TEST_STEP][PASSED] - click(findTestObject("Выручка в рублях/2025 список" + nameOfBlock)): Object: 'Object Repository/Выручка в рублях/2025 список' is clicked on

16-05-2025T10:53:54 - [MESSAGE][PASSED] - Object: 'Object Repository/Выручка в рублях/2025 список' is clicked on

16-05-2025T10:53:54 - [TEST_STEP][PASSED] - scrollToElement(findTestObject("Выручка в рублях/1 квартал 2025 список" + nameOfBlock), 30): Scroll to object 'Object Repository/Выручка в рублях/1 квартал 2025 список' successfully

16-05-2025T10:53:54 - [MESSAGE][PASSED] - Scroll to object 'Object Repository/Выручка в рублях/1 квартал 2025 список' successfully

16-05-2025T10:53:54 - [TEST_STEP][PASSED] - click(findTestObject("Выручка в рублях/1 квартал 2025 выбрать" + nameOfBlock)): Object: 'Object Repository/Выручка в рублях/1 квартал 2025 выбрать' is clicked on

16-05-2025T10:53:55 - [MESSAGE][PASSED] - Object: 'Object Repository/Выручка в рублях/1 квартал 2025 выбрать' is clicked on

16-05-2025T10:53:55 - [TEST_STEP][PASSED] - scrollToElement(findTestObject("Выручка в рублях/Заголовок дашборда" + nameOfBlock), 30): Scroll to object 'Object Repository/Выручка в рублях/Заголовок дашборда' successfully

16-05-2025T10:53:55 - [MESSAGE][PASSED] - Scroll to object 'Object Repository/Выручка в рублях/Заголовок дашборда' successfully

16-05-2025T10:53:55 - [TEST_STEP][PASSED] - click(findTestObject("Выручка в рублях/Применить в фильтре Дата" + nameOfBlock)): Object: 'Object Repository/Выручка в рублях/Применить в фильтре Дата' is clicked on

16-05-2025T10:53:56 - [MESSAGE][PASSED] - Object: 'Object Repository/Выручка в рублях/Применить в фильтре Дата' is clicked on

16-05-2025T10:53:56 - [TEST_STEP][PASSED] - delay(55): Delayed 55 second(s)

16-05-2025T10:54:51 - [MESSAGE][PASSED] - Delayed 55 second(s)

16-05-2025T10:54:51 - [TEST_STEP][PASSED] - click(findTestObject("Выручка в рублях/Фильтр ДЗО" + nameOfBlock)): Object: 'Object Repository/Выручка в рублях/Фильтр ДЗО' is clicked on

16-05-2025T10:54:51 - [MESSAGE][PASSED] - Object: 'Object Repository/Выручка в рублях/Фильтр ДЗО' is clicked on

16-05-2025T10:54:51 - [TEST_STEP][PASSED] - click(findTestObject("Выручка в рублях/Снять выделение в фильтре ДЗО" + nameOfBlock)): Object: 'Object Repository/Выручка в рублях/Снять выделение в фильтре ДЗО' is clicked on

16-05-2025T10:54:52 - [MESSAGE][PASSED] - Object: 'Object Repository/Выручка в рублях/Снять выделение в фильтре ДЗО' is clicked on

16-05-2025T10:54:52 - [TEST_STEP][PASSED] - click(findTestObject("Выручка в рублях/Применить в фильтре ДЗО" + nameOfBlock)): Object: 'Object Repository/Выручка в рублях/Применить в фильтре ДЗО' is clicked on

16-05-2025T10:54:52 - [MESSAGE][PASSED] - Object: 'Object Repository/Выручка в рублях/Применить в фильтре ДЗО' is clicked on

16-05-2025T10:54:52 - [TEST_STEP][PASSED] - delay(50): Delayed 50 second(s)

16-05-2025T10:55:42 - [MESSAGE][PASSED] - Delayed 50 second(s)

16-05-2025T10:55:42 - [TEST_STEP][PASSED] - Script1742558545601.Tumbler(run, vir, block, nameOfBlock): null

16-05-2025T10:55:42 - [TEST_STEP][PASSED] - println("run:" + run): null

16-05-2025T10:55:42 - [TEST_STEP][PASSED] - println("vir:" + vir): null

16-05-2025T10:55:42 - [TEST_STEP][PASSED] - println("block:" + block): null

16-05-2025T10:55:42 - [TEST_STEP][PASSED] - println("nameOfBlock:" + nameOfBlock): null

16-05-2025T10:55:42 - [TEST_STEP][PASSED] - if (vir == 1): Object: 'Object Repository/Выручка в рублях/Переключить отображение с млн на проценты Выручка в рублях' is clicked on

16-05-2025T10:55:42 - [TEST_STEP][PASSED] - if (run == 2): Object: 'Object Repository/Выручка в рублях/Переключить отображение с млн на проценты Выручка в рублях' is clicked on

16-05-2025T10:55:42 - [TEST_STEP][PASSED] - click(findTestObject("Выручка в рублях/Переключить отображение с млн на проценты Выручка в рублях" + nameOfBlock)): Object: 'Object Repository/Выручка в рублях/Переключить отображение с млн на проценты Выручка в рублях' is clicked on

16-05-2025T10:55:43 - [MESSAGE][PASSED] - Object: 'Object Repository/Выручка в рублях/Переключить отображение с млн на проценты Выручка в рублях' is clicked on

16-05-2025T10:55:43 - [TEST_STEP][PASSED] - click(findTestObject("Выручка в рублях/Фильтр ДЗО" + nameOfBlock)): Object: 'Object Repository/Выручка в рублях/Фильтр ДЗО' is clicked on

16-05-2025T10:55:43 - [MESSAGE][PASSED] - Object: 'Object Repository/Выручка в рублях/Фильтр ДЗО' is clicked on

16-05-2025T10:55:43 - [TEST_STEP][PASSED] - Script1742558545601.Rosseti(nameOfBlock): null

16-05-2025T10:55:43 - [TEST_STEP][PASSED] - println("nameOfBlock:" + nameOfBlock): null

16-05-2025T10:55:43 - [TEST_STEP][PASSED] - click(findTestObject("Выручка в рублях/ПАО Россети" + nameOfBlock)): Object: 'Object Repository/Выручка в рублях/ПАО Россети' is clicked on

16-05-2025T10:55:43 - [MESSAGE][PASSED] - Object: 'Object Repository/Выручка в рублях/ПАО Россети' is clicked on

16-05-2025T10:55:43 - [TEST_STEP][PASSED] - click(findTestObject("Выручка в рублях/Применить в фильтре ДЗО" + nameOfBlock)): Object: 'Object Repository/Выручка в рублях/Применить в фильтре ДЗО' is clicked on

16-05-2025T10:55:44 - [MESSAGE][PASSED] - Object: 'Object Repository/Выручка в рублях/Применить в фильтре ДЗО' is clicked on

16-05-2025T10:55:44 - [TEST_STEP][PASSED] - if (run == 2): null

16-05-2025T10:55:44 - [TEST_STEP][PASSED] - perc = " Perc": null

16-05-2025T10:55:44 - [TEST_STEP][PASSED] - if (vir == 1 || vir == 2): Text of object 'Object Repository/Выручка в рублях/График План' is: '469 817'

16-05-2025T10:55:44 - [TEST_STEP][PASSED] - a1 = getText(findTestObject("Выручка в рублях/График План")): Text of object 'Object Repository/Выручка в рублях/График План' is: '469 817'

16-05-2025T10:55:46 - [MESSAGE][PASSED] - Text of object 'Object Repository/Выручка в рублях/График План' is: '469 817'

16-05-2025T10:55:46 - [TEST_STEP][PASSED] - if (vir == 1 || vir == 2): Text of object 'Object Repository/Выручка в рублях/График Факт' is: '463 075'

16-05-2025T10:55:46 - [TEST_STEP][PASSED] - a2 = getText(findTestObject("Выручка в рублях/График Факт")): Text of object 'Object Repository/Выручка в рублях/График Факт' is: '463 075'

16-05-2025T10:55:46 - [MESSAGE][PASSED] - Text of object 'Object Repository/Выручка в рублях/График Факт' is: '463 075'

16-05-2025T10:55:46 - [TEST_STEP][PASSED] - a30 = getText(findTestObject("Выручка в рублях/span1" + perc)): Text of object 'Object Repository/Выручка в рублях/span1 Perc' is: '-1.43 %'

16-05-2025T10:55:46 - [MESSAGE][PASSED] - Text of object 'Object Repository/Выручка в рублях/span1 Perc' is: '-1.43 %'

16-05-2025T10:55:46 - [TEST_STEP][PASSED] - i = a30.indexOf("млн.руб."): null

16-05-2025T10:55:46 - [TEST_STEP][PASSED] - if (i > -1): null

16-05-2025T10:55:46 - [TEST_STEP][PASSED] - if (a30.contains("%")): null

16-05-2025T10:55:46 - [TEST_STEP][PASSED] - a30 = a30.replaceAll("%", ""): null

16-05-2025T10:55:46 - [TEST_STEP][PASSED] - a30 = ").trim(): null

16-05-2025T10:55:46 - [TEST_STEP][PASSED] - println("a30: " + a30): null

16-05-2025T10:55:46 - [TEST_STEP][PASSED] - if (vir == 1): Text of object 'Object Repository/Выручка в рублях/span19 Perc' is: '1.02 %'

16-05-2025T10:55:46 - [TEST_STEP][PASSED] - a31 = ").trim(): Text of object 'Object Repository/Выручка в рублях/span2 Perc' is: '-3.9 %'

16-05-2025T10:55:47 - [MESSAGE][PASSED] - Text of object 'Object Repository/Выручка в рублях/span2 Perc' is: '-3.9 %'

16-05-2025T10:55:47 - [TEST_STEP][PASSED] - a32 = ").trim(): Text of object 'Object Repository/Выручка в рублях/span3 Perc' is: '7.4 %'

16-05-2025T10:55:47 - [MESSAGE][PASSED] - Text of object 'Object Repository/Выручка в рублях/span3 Perc' is: '7.4 %'

16-05-2025T10:55:47 - [TEST_STEP][PASSED] - a33 = ").trim(): Text of object 'Object Repository/Выручка в рублях/span4 Perc' is: '-1.94 %'

16-05-2025T10:55:47 - [MESSAGE][PASSED] - Text of object 'Object Repository/Выручка в рублях/span4 Perc' is: '-1.94 %'

16-05-2025T10:55:47 - [TEST_STEP][PASSED] - a34 = ").trim(): Text of object 'Object Repository/Выручка в рублях/span5 Perc' is: '-1.71 %'

16-05-2025T10:55:47 - [MESSAGE][PASSED] - Text of object 'Object Repository/Выручка в рублях/span5 Perc' is: '-1.71 %'

16-05-2025T10:55:47 - [TEST_STEP][PASSED] - a35 = ").trim(): Text of object 'Object Repository/Выручка в рублях/span6 Perc' is: '3.65 %'

16-05-2025T10:55:48 - [MESSAGE][PASSED] - Text of object 'Object Repository/Выручка в рублях/span6 Perc' is: '3.65 %'

16-05-2025T10:55:48 - [TEST_STEP][PASSED] - a36 = ").trim(): Text of object 'Object Repository/Выручка в рублях/span7 Perc' is: '0.19 %'

16-05-2025T10:55:48 - [MESSAGE][PASSED] - Text of object 'Object Repository/Выручка в рублях/span7 Perc' is: '0.19 %'

16-05-2025T10:55:48 - [TEST_STEP][PASSED] - a37 = ").trim(): Text of object 'Object Repository/Выручка в рублях/span8 Perc' is: '-5.06 %'

16-05-2025T10:55:48 - [MESSAGE][PASSED] - Text of object 'Object Repository/Выручка в рублях/span8 Perc' is: '-5.06 %'

16-05-2025T10:55:48 - [TEST_STEP][PASSED] - a38 = ").trim(): Text of object 'Object Repository/Выручка в рублях/span9 Perc' is: '-2.25 %'

16-05-2025T10:55:49 - [MESSAGE][PASSED] - Text of object 'Object Repository/Выручка в рублях/span9 Perc' is: '-2.25 %'

16-05-2025T10:55:49 - [TEST_STEP][PASSED] - a39 = ").trim(): Text of object 'Object Repository/Выручка в рублях/span10 Perc' is: '-1.28 %'

16-05-2025T10:55:49 - [MESSAGE][PASSED] - Text of object 'Object Repository/Выручка в рублях/span10 Perc' is: '-1.28 %'

16-05-2025T10:55:49 - [TEST_STEP][PASSED] - a310 = ").trim(): Text of object 'Object Repository/Выручка в рублях/span11 Perc' is: '2.77 %'

16-05-2025T10:55:49 - [MESSAGE][PASSED] - Text of object 'Object Repository/Выручка в рублях/span11 Perc' is: '2.77 %'

16-05-2025T10:55:49 - [TEST_STEP][PASSED] - a311 = ").trim(): Text of object 'Object Repository/Выручка в рублях/span12 Perc' is: '-1.88 %'

16-05-2025T10:55:49 - [MESSAGE][PASSED] - Text of object 'Object Repository/Выручка в рублях/span12 Perc' is: '-1.88 %'

16-05-2025T10:55:49 - [TEST_STEP][PASSED] - a312 = ").trim(): Text of object 'Object Repository/Выручка в рублях/span13 Perc' is: '-9.44 %'

16-05-2025T10:55:50 - [MESSAGE][PASSED] - Text of object 'Object Repository/Выручка в рублях/span13 Perc' is: '-9.44 %'

16-05-2025T10:55:50 - [TEST_STEP][PASSED] - a313 = ").trim(): Text of object 'Object Repository/Выручка в рублях/span14 Perc' is: '-3.15 %'

16-05-2025T10:55:50 - [MESSAGE][PASSED] - Text of object 'Object Repository/Выручка в рублях/span14 Perc' is: '-3.15 %'

16-05-2025T10:55:50 - [TEST_STEP][PASSED] - a314 = ").trim(): Text of object 'Object Repository/Выручка в рублях/span15 Perc' is: '1.98 %'

16-05-2025T10:55:50 - [MESSAGE][PASSED] - Text of object 'Object Repository/Выручка в рублях/span15 Perc' is: '1.98 %'

16-05-2025T10:55:50 - [TEST_STEP][PASSED] - a315 = ").trim(): Text of object 'Object Repository/Выручка в рублях/span16 Perc' is: '-2.23 %'

16-05-2025T10:55:50 - [MESSAGE][PASSED] - Text of object 'Object Repository/Выручка в рублях/span16 Perc' is: '-2.23 %'

16-05-2025T10:55:50 - [TEST_STEP][PASSED] - a316 = ").trim(): Text of object 'Object Repository/Выручка в рублях/span17 Perc' is: '-2.34 %'

16-05-2025T10:55:51 - [MESSAGE][PASSED] - Text of object 'Object Repository/Выручка в рублях/span17 Perc' is: '-2.34 %'

16-05-2025T10:55:51 - [TEST_STEP][PASSED] - a317 = ").trim(): Text of object 'Object Repository/Выручка в рублях/span18 Perc' is: '-0.05 %'

16-05-2025T10:55:51 - [MESSAGE][PASSED] - Text of object 'Object Repository/Выручка в рублях/span18 Perc' is: '-0.05 %'

16-05-2025T10:55:51 - [TEST_STEP][PASSED] - a318 = ").trim(): Text of object 'Object Repository/Выручка в рублях/span19 Perc' is: '1.02 %'

16-05-2025T10:55:51 - [MESSAGE][PASSED] - Text of object 'Object Repository/Выручка в рублях/span19 Perc' is: '1.02 %'

16-05-2025T10:55:51 - [TEST_STEP][PASSED] - block = 2: null

16-05-2025T10:55:51 - [TEST_STEP][PASSED] - nameOfBlock = " Выручка": null

16-05-2025T10:55:51 - [TEST_STEP][PASSED] - Script1742558545601.PreSettings(run, vir, block, nameOfBlock, typeOfData, todaysDate): null

16-05-2025T10:55:51 - [TEST_STEP][PASSED] - openBrowser(""): Browser is opened with url: ''

16-05-2025T10:55:51 - [MESSAGE][WARNING] - A browser is already opened. Closing browser and opening a new one

16-05-2025T10:55:52 - [MESSAGE][INFO] - Starting 'Chrome' driver

16-05-2025T10:55:52 - [MESSAGE][INFO] - Action delay is set to 0 milliseconds

16-05-2025T10:55:52 - [MESSAGE][PASSED] - Browser is opened with url: ''

16-05-2025T10:55:52 - [TEST_STEP][PASSED] - refresh(): Refresh successfully

16-05-2025T10:55:52 - [MESSAGE][PASSED] - Refresh successfully

16-05-2025T10:55:52 - [TEST_STEP][PASSED] - delay(50): Delayed 50 second(s)

16-05-2025T10:56:42 - [MESSAGE][PASSED] - Delayed 50 second(s)

16-05-2025T10:56:42 - [TEST_STEP][PASSED] - println("run:" + run): null

16-05-2025T10:56:42 - [TEST_STEP][PASSED] - println("vir:" + vir): null

16-05-2025T10:56:42 - [TEST_STEP][PASSED] - println("block:" + block): null

16-05-2025T10:56:42 - [TEST_STEP][PASSED] - if (block == 1): null

16-05-2025T10:56:42 - [TEST_STEP][PASSED] - else: null

16-05-2025T10:56:42 - [TEST_STEP][PASSED] - nameOfBlock = " Выручка": null

16-05-2025T10:56:42 - [TEST_STEP][PASSED] - println("nameOfBlock:" + nameOfBlock): null

16-05-2025T10:56:42 - [TEST_STEP][PASSED] - println("typeOfData:" + typeOfData): null

16-05-2025T10:56:42 - [TEST_STEP][PASSED] - println("todaysDate:" + todaysDate): null

16-05-2025T10:56:42 - [TEST_STEP][PASSED] - Script1742558545601.Autorization(block, nameOfBlock): null

16-05-2025T10:56:42 - [TEST_STEP][PASSED] - i = <not implemented yet for class: org.codehaus.groovy.ast.expr.EmptyExpression>: null

16-05-2025T10:56:42 - [TEST_STEP][PASSED] - ii = <not implemented yet for class: org.codehaus.groovy.ast.expr.EmptyExpression>: null

16-05-2025T10:56:42 - [TEST_STEP][PASSED] - urlData = <not implemented yet for class: org.codehaus.groovy.ast.expr.EmptyExpression>: null

16-05-2025T10:56:42 - [TEST_STEP][PASSED] - searchWord = <not implemented yet for class: org.codehaus.groovy.ast.expr.EmptyExpression>: null

16-05-2025T10:56:42 - [TEST_STEP][PASSED] - urlText = <not implemented yet for class: org.codehaus.groovy.ast.expr.EmptyExpression>: null

16-05-2025T10:56:42 - [TEST_STEP][PASSED] - println("block:" + block): null

16-05-2025T10:56:42 - [TEST_STEP][PASSED] - if (block == 1): null

16-05-2025T10:56:42 - [TEST_STEP][PASSED] - else: null

16-05-2025T10:56:42 - [TEST_STEP][PASSED] - delay(45): Delayed 45 second(s)

16-05-2025T10:57:27 - [MESSAGE][PASSED] - Delayed 45 second(s)

16-05-2025T10:57:27 - [TEST_STEP][PASSED] - nameOfBlock = " Выручка": null

16-05-2025T10:57:27 - [TEST_STEP][PASSED] - println("nameOfBlock:" + nameOfBlock): null

16-05-2025T10:57:27 - [TEST_STEP][PASSED] - if (block == 1): null

16-05-2025T10:57:27 - [TEST_STEP][PASSED] - else: Delayed 45 second(s)

16-05-2025T10:57:27 - [TEST_STEP][PASSED] - urlData = 9: null

16-05-2025T10:57:27 - [TEST_STEP][PASSED] - delay(45): Delayed 45 second(s)

16-05-2025T10:58:12 - [MESSAGE][PASSED] - Delayed 45 second(s)

16-05-2025T10:58:12 - [TEST_STEP][PASSED] - navigateToUrl(findTestData("PlanFact").getValue(10, urlData)): Navigate to 'https://bi.rosseti.digital/viewer?dashboardGuid=a1fd28b3785d443cbc4d7690a1d78e31&sheetGuid=86092a20c5984827a0c87b24cac76a50&fit=true' successfully

16-05-2025T10:58:17 - [MESSAGE][PASSED] - Navigate to 'https://bi.rosseti.digital/viewer?dashboardGuid=a1fd28b3785d443cbc4d7690a1d78e31&sheetGuid=86092a20c5984827a0c87b24cac76a50&fit=true' successfully

16-05-2025T10:58:17 - [TEST_STEP][PASSED] - urlText = getText(findTestObject("Страница авторизации/Text")): Text of object 'Object Repository/Страница авторизации/Text' is: 'Вход'

16-05-2025T10:58:18 - [MESSAGE][PASSED] - Text of object 'Object Repository/Страница авторизации/Text' is: 'Вход'

16-05-2025T10:58:18 - [TEST_STEP][PASSED] - searchWord = "Вход": null

16-05-2025T10:58:18 - [TEST_STEP][PASSED] - if (urlText == null || urlText.contains("ошибка") || urlText.contains(searchWord) == false): null

16-05-2025T10:58:18 - [TEST_STEP][PASSED] - if (verifyElementPresent(findTestObject("Страница авторизации/button_"), 30) == true): null

16-05-2025T10:58:18 - [MESSAGE][PASSED] - Object 'Object Repository/Страница авторизации/button_' is present

16-05-2025T10:58:18 - [TEST_STEP][PASSED] - setText(findTestObject("Страница авторизации/input__username"), findTestData("PlanFact").getValue(8, 1)): Text 'liazgina-di' is set on object 'Object Repository/Страница авторизации/input__username'

16-05-2025T10:58:19 - [MESSAGE][PASSED] - Text 'liazgina-di' is set on object 'Object Repository/Страница авторизации/input__username'

16-05-2025T10:58:19 - [TEST_STEP][PASSED] - setText(findTestObject("Страница авторизации/input__password"), findTestData("PlanFact").getValue(9, 1)): Text ')$%5srZ8o688Dm#q' is set on object 'Object Repository/Страница авторизации/input__password'

16-05-2025T10:58:19 - [MESSAGE][PASSED] - Text ')$%5srZ8o688Dm#q' is set on object 'Object Repository/Страница авторизации/input__password'

16-05-2025T10:58:19 - [TEST_STEP][PASSED] - click(findTestObject("Страница авторизации/button_")): Object: 'Object Repository/Страница авторизации/button_' is clicked on

16-05-2025T10:58:21 - [MESSAGE][PASSED] - Object: 'Object Repository/Страница авторизации/button_' is clicked on

16-05-2025T10:58:21 - [TEST_STEP][PASSED] - delay(45): Delayed 45 second(s)

16-05-2025T10:59:06 - [MESSAGE][PASSED] - Delayed 45 second(s)

16-05-2025T10:59:06 - [TEST_STEP][PASSED] - urlText = getText(findTestObject("Страница авторизации/Text")): Text of object 'Object Repository/Страница авторизации/Text' is: 'Период
Январь, Февраль, Март 2025 года
Выручка
Все
Выполнение плановых показателей, млн.руб.
План
Факт
Динамика
2025 год
0 млн.руб.
50 000 млн.руб.
100 000 млн.руб.
150 000 млн.руб.
200 000 млн.руб.
250 000 млн.руб.
300 000 млн.руб.
350 000 млн.руб.
400 000 млн.руб.
450 000 млн.руб.
500 000 млн.руб.
550 000 млн.руб.
469 817
463 075
↓
ДЗО 
Все
Подписи данных
⬤Отклонение
АО "РЭС"
АО «Тываэнерго»
АО «Чеченэнерго»
Россети Волга
Россети Кубань
Россети Ленэнерго (ГК)
Россети Московский регион
Россети Северный Кавказ (ГК)
Россети Северо-Запад
Россети Сибирь (ГК)
Россети Томск
Россети Тюмень
Россети Урал (ГК)
Россети ФСК ЕЭС
Россети Центр
Россети Центр и Приволжье (ГК)
Россети Юг (ГК)
Россети Янтарь
-4 000 млн.руб.
-3 500 млн.руб.
-3 000 млн.руб.
-2 500 млн.руб.
-2 000 млн.руб.
-1 500 млн.руб.
-1 000 млн.руб.
- 500 млн.руб.
0 млн.руб.
500 млн.руб.
1 000 млн.руб.
1 500 млн.руб.
2 000 млн.руб.
-261
55
-27
-537
786
62
-3 345
-271
-253
876
-57
-2 765
-987
1 670
-805
-905
-11
31
млн.
%
Выручка
Отклонение выручки по ПАО Россети за Январь, Февраль, Март 2025 года (факт/план, млн. руб)
ПАО Россети
-6 742.2 млн.руб.
Статус данных
ВЫБРАННЫЕ ЗНАЧЕНИЯ ФИЛЬТРОВ
ДЗО | ПЕРИОД
ПАО Россети: [«Выбраны все филиалы по всем ДЗО по всем категориям»]
2025: [Янв, Фев, Мар]
*Внутренний оборот'

16-05-2025T10:59:06 - [MESSAGE][PASSED] - Text of object 'Object Repository/Страница авторизации/Text' is: 'Период
Январь, Февраль, Март 2025 года
Выручка
Все
Выполнение плановых показателей, млн.руб.
План
Факт
Динамика
2025 год
0 млн.руб.
50 000 млн.руб.
100 000 млн.руб.
150 000 млн.руб.
200 000 млн.руб.
250 000 млн.руб.
300 000 млн.руб.
350 000 млн.руб.
400 000 млн.руб.
450 000 млн.руб.
500 000 млн.руб.
550 000 млн.руб.
469 817
463 075
↓
ДЗО 
Все
Подписи данных
⬤Отклонение
АО "РЭС"
АО «Тываэнерго»
АО «Чеченэнерго»
Россети Волга
Россети Кубань
Россети Ленэнерго (ГК)
Россети Московский регион
Россети Северный Кавказ (ГК)
Россети Северо-Запад
Россети Сибирь (ГК)
Россети Томск
Россети Тюмень
Россети Урал (ГК)
Россети ФСК ЕЭС
Россети Центр
Россети Центр и Приволжье (ГК)
Россети Юг (ГК)
Россети Янтарь
-4 000 млн.руб.
-3 500 млн.руб.
-3 000 млн.руб.
-2 500 млн.руб.
-2 000 млн.руб.
-1 500 млн.руб.
-1 000 млн.руб.
- 500 млн.руб.
0 млн.руб.
500 млн.руб.
1 000 млн.руб.
1 500 млн.руб.
2 000 млн.руб.
-261
55
-27
-537
786
62
-3 345
-271
-253
876
-57
-2 765
-987
1 670
-805
-905
-11
31
млн.
%
Выручка
Отклонение выручки по ПАО Россети за Январь, Февраль, Март 2025 года (факт/план, млн. руб)
ПАО Россети
-6 742.2 млн.руб.
Статус данных
ВЫБРАННЫЕ ЗНАЧЕНИЯ ФИЛЬТРОВ
ДЗО | ПЕРИОД
ПАО Россети: [«Выбраны все филиалы по всем ДЗО по всем категориям»]
2025: [Янв, Фев, Мар]
*Внутренний оборот'

16-05-2025T10:59:06 - [TEST_STEP][PASSED] - searchWord = "а": null

16-05-2025T10:59:06 - [TEST_STEP][PASSED] - if (urlText.contains("ошибка") || urlText.contains(searchWord) == false): null

16-05-2025T10:59:06 - [TEST_STEP][PASSED] - delay(45): Delayed 45 second(s)

16-05-2025T10:59:51 - [MESSAGE][PASSED] - Delayed 45 second(s)

16-05-2025T10:59:51 - [TEST_STEP][PASSED] - if (block == 2): null

16-05-2025T10:59:51 - [TEST_STEP][PASSED] - opoveshenie = getText(findTestObject("Выручка в рублях/Просьба обратить внимание")): Text of object 'Object Repository/Выручка в рублях/Просьба обратить внимание' is: ''

16-05-2025T10:59:52 - [MESSAGE][PASSED] - Text of object 'Object Repository/Выручка в рублях/Просьба обратить внимание' is: ''

16-05-2025T10:59:52 - [TEST_STEP][PASSED] - if (opoveshenie == "Просьба обратить внимание"): null

16-05-2025T10:59:52 - [TEST_STEP][PASSED] - click(findTestObject("Выручка в рублях/Фильтр Период" + nameOfBlock)): Object: 'Object Repository/Выручка в рублях/Фильтр Период Выручка' is clicked on

16-05-2025T10:59:52 - [MESSAGE][PASSED] - Object: 'Object Repository/Выручка в рублях/Фильтр Период Выручка' is clicked on

16-05-2025T10:59:52 - [TEST_STEP][PASSED] - click(findTestObject("Выручка в рублях/Снять выделение в фильтре Дата" + nameOfBlock)): Object: 'Object Repository/Выручка в рублях/Снять выделение в фильтре Дата Выручка' is clicked on

16-05-2025T10:59:53 - [MESSAGE][PASSED] - Object: 'Object Repository/Выручка в рублях/Снять выделение в фильтре Дата Выручка' is clicked on

16-05-2025T10:59:53 - [TEST_STEP][PASSED] - click(findTestObject("Выручка в рублях/Применить в фильтре Дата" + nameOfBlock)): Object: 'Object Repository/Выручка в рублях/Применить в фильтре Дата Выручка' is clicked on

16-05-2025T10:59:53 - [MESSAGE][PASSED] - Object: 'Object Repository/Выручка в рублях/Применить в фильтре Дата Выручка' is clicked on

16-05-2025T10:59:53 - [TEST_STEP][PASSED] - delay(50): Delayed 50 second(s)

16-05-2025T11:00:43 - [MESSAGE][PASSED] - Delayed 50 second(s)

16-05-2025T11:00:43 - [TEST_STEP][PASSED] - click(findTestObject("Выручка в рублях/Фильтр Период" + nameOfBlock)): Object: 'Object Repository/Выручка в рублях/Фильтр Период Выручка' is clicked on

16-05-2025T11:00:43 - [MESSAGE][PASSED] - Object: 'Object Repository/Выручка в рублях/Фильтр Период Выручка' is clicked on

16-05-2025T11:00:43 - [TEST_STEP][PASSED] - click(findTestObject("Выручка в рублях/Снять выделение в фильтре Дата" + nameOfBlock)): Object: 'Object Repository/Выручка в рублях/Снять выделение в фильтре Дата Выручка' is clicked on

16-05-2025T11:00:44 - [MESSAGE][PASSED] - Object: 'Object Repository/Выручка в рублях/Снять выделение в фильтре Дата Выручка' is clicked on

16-05-2025T11:00:44 - [TEST_STEP][PASSED] - scrollToElement(findTestObject("Выручка в рублях/2025 список" + nameOfBlock), 30): Scroll to object 'Object Repository/Выручка в рублях/2025 список Выручка' successfully

16-05-2025T11:00:44 - [MESSAGE][PASSED] - Scroll to object 'Object Repository/Выручка в рублях/2025 список Выручка' successfully

16-05-2025T11:00:44 - [TEST_STEP][PASSED] - click(findTestObject("Выручка в рублях/2025 список" + nameOfBlock)): Object: 'Object Repository/Выручка в рублях/2025 список Выручка' is clicked on

16-05-2025T11:00:45 - [MESSAGE][PASSED] - Object: 'Object Repository/Выручка в рублях/2025 список Выручка' is clicked on

16-05-2025T11:00:45 - [TEST_STEP][PASSED] - scrollToElement(findTestObject("Выручка в рублях/1 квартал 2025 список" + nameOfBlock), 30): Scroll to object 'Object Repository/Выручка в рублях/1 квартал 2025 список Выручка' successfully

16-05-2025T11:00:45 - [MESSAGE][PASSED] - Scroll to object 'Object Repository/Выручка в рублях/1 квартал 2025 список Выручка' successfully

16-05-2025T11:00:45 - [TEST_STEP][PASSED] - click(findTestObject("Выручка в рублях/1 квартал 2025 выбрать" + nameOfBlock)): Object: 'Object Repository/Выручка в рублях/1 квартал 2025 выбрать Выручка' is clicked on

16-05-2025T11:00:45 - [MESSAGE][PASSED] - Object: 'Object Repository/Выручка в рублях/1 квартал 2025 выбрать Выручка' is clicked on

16-05-2025T11:00:45 - [TEST_STEP][PASSED] - scrollToElement(findTestObject("Выручка в рублях/Заголовок дашборда" + nameOfBlock), 30): Scroll to object 'Object Repository/Выручка в рублях/Заголовок дашборда Выручка' successfully

16-05-2025T11:00:46 - [MESSAGE][PASSED] - Scroll to object 'Object Repository/Выручка в рублях/Заголовок дашборда Выручка' successfully

16-05-2025T11:00:46 - [TEST_STEP][PASSED] - click(findTestObject("Выручка в рублях/Применить в фильтре Дата" + nameOfBlock)): Object: 'Object Repository/Выручка в рублях/Применить в фильтре Дата Выручка' is clicked on

16-05-2025T11:00:46 - [MESSAGE][PASSED] - Object: 'Object Repository/Выручка в рублях/Применить в фильтре Дата Выручка' is clicked on

16-05-2025T11:00:46 - [TEST_STEP][PASSED] - delay(55): Delayed 55 second(s)

16-05-2025T11:01:41 - [MESSAGE][PASSED] - Delayed 55 second(s)

16-05-2025T11:01:41 - [TEST_STEP][PASSED] - click(findTestObject("Выручка в рублях/Фильтр ДЗО" + nameOfBlock)): Object: 'Object Repository/Выручка в рублях/Фильтр ДЗО Выручка' is clicked on

16-05-2025T11:01:42 - [MESSAGE][PASSED] - Object: 'Object Repository/Выручка в рублях/Фильтр ДЗО Выручка' is clicked on

16-05-2025T11:01:42 - [TEST_STEP][PASSED] - click(findTestObject("Выручка в рублях/Снять выделение в фильтре ДЗО" + nameOfBlock)): Object: 'Object Repository/Выручка в рублях/Снять выделение в фильтре ДЗО Выручка' is clicked on

16-05-2025T11:01:42 - [MESSAGE][PASSED] - Object: 'Object Repository/Выручка в рублях/Снять выделение в фильтре ДЗО Выручка' is clicked on

16-05-2025T11:01:42 - [TEST_STEP][PASSED] - click(findTestObject("Выручка в рублях/Применить в фильтре ДЗО" + nameOfBlock)): Object: 'Object Repository/Выручка в рублях/Применить в фильтре ДЗО Выручка' is clicked on

16-05-2025T11:01:43 - [MESSAGE][PASSED] - Object: 'Object Repository/Выручка в рублях/Применить в фильтре ДЗО Выручка' is clicked on

16-05-2025T11:01:43 - [TEST_STEP][PASSED] - delay(50): Delayed 50 second(s)

16-05-2025T11:02:33 - [MESSAGE][PASSED] - Delayed 50 second(s)

16-05-2025T11:02:33 - [TEST_STEP][PASSED] - Script1742558545601.Tumbler(run, vir, block, nameOfBlock): null

16-05-2025T11:02:33 - [TEST_STEP][PASSED] - println("run:" + run): null

16-05-2025T11:02:33 - [TEST_STEP][PASSED] - println("vir:" + vir): null

16-05-2025T11:02:33 - [TEST_STEP][PASSED] - println("block:" + block): null

16-05-2025T11:02:33 - [TEST_STEP][PASSED] - println("nameOfBlock:" + nameOfBlock): null

16-05-2025T11:02:33 - [TEST_STEP][PASSED] - if (vir == 1): Object: 'Object Repository/Выручка в рублях/Переключить отображение с млн на проценты Выручка в рублях Выручка' is clicked on

16-05-2025T11:02:33 - [TEST_STEP][PASSED] - if (run == 2): Object: 'Object Repository/Выручка в рублях/Переключить отображение с млн на проценты Выручка в рублях Выручка' is clicked on

16-05-2025T11:02:33 - [TEST_STEP][PASSED] - click(findTestObject("Выручка в рублях/Переключить отображение с млн на проценты Выручка в рублях" + nameOfBlock)): Object: 'Object Repository/Выручка в рублях/Переключить отображение с млн на проценты Выручка в рублях Выручка' is clicked on

16-05-2025T11:02:33 - [MESSAGE][PASSED] - Object: 'Object Repository/Выручка в рублях/Переключить отображение с млн на проценты Выручка в рублях Выручка' is clicked on

16-05-2025T11:02:33 - [TEST_STEP][PASSED] - click(findTestObject("Выручка в рублях/Фильтр ДЗО" + nameOfBlock)): Object: 'Object Repository/Выручка в рублях/Фильтр ДЗО Выручка' is clicked on

16-05-2025T11:02:34 - [MESSAGE][PASSED] - Object: 'Object Repository/Выручка в рублях/Фильтр ДЗО Выручка' is clicked on

16-05-2025T11:02:34 - [TEST_STEP][PASSED] - Script1742558545601.Rosseti(nameOfBlock): null

16-05-2025T11:02:34 - [TEST_STEP][PASSED] - println("nameOfBlock:" + nameOfBlock): null

16-05-2025T11:02:34 - [TEST_STEP][PASSED] - click(findTestObject("Выручка в рублях/ПАО Россети" + nameOfBlock)): Object: 'Object Repository/Выручка в рублях/ПАО Россети Выручка' is clicked on

16-05-2025T11:02:34 - [MESSAGE][PASSED] - Object: 'Object Repository/Выручка в рублях/ПАО Россети Выручка' is clicked on

16-05-2025T11:02:34 - [TEST_STEP][PASSED] - click(findTestObject("Выручка в рублях/Применить в фильтре ДЗО" + nameOfBlock)): Object: 'Object Repository/Выручка в рублях/Применить в фильтре ДЗО Выручка' is clicked on

16-05-2025T11:02:35 - [MESSAGE][PASSED] - Object: 'Object Repository/Выручка в рублях/Применить в фильтре ДЗО Выручка' is clicked on

16-05-2025T11:02:35 - [TEST_STEP][PASSED] - if (vir == 1 || vir == 2): Text of object 'Object Repository/Выручка в рублях/График План Выручка' is: '469 817'

16-05-2025T11:02:35 - [TEST_STEP][PASSED] - b1 = getText(findTestObject("Выручка в рублях/График План Выручка")): Text of object 'Object Repository/Выручка в рублях/График План Выручка' is: '469 817'

16-05-2025T11:02:36 - [MESSAGE][PASSED] - Text of object 'Object Repository/Выручка в рублях/График План Выручка' is: '469 817'

16-05-2025T11:02:36 - [TEST_STEP][PASSED] - if (vir == 1 || vir == 2): Text of object 'Object Repository/Выручка в рублях/График Факт Выручка' is: '463 075'

16-05-2025T11:02:36 - [TEST_STEP][PASSED] - b2 = getText(findTestObject("Выручка в рублях/График Факт Выручка")): Text of object 'Object Repository/Выручка в рублях/График Факт Выручка' is: '463 075'

16-05-2025T11:02:37 - [MESSAGE][PASSED] - Text of object 'Object Repository/Выручка в рублях/График Факт Выручка' is: '463 075'

16-05-2025T11:02:37 - [TEST_STEP][PASSED] - b30 = getText(findTestObject("Выручка в рублях/span1" + perc)): Text of object 'Object Repository/Выручка в рублях/span1 Perc' is: '-1.43 %'

16-05-2025T11:02:37 - [MESSAGE][PASSED] - Text of object 'Object Repository/Выручка в рублях/span1 Perc' is: '-1.43 %'

16-05-2025T11:02:37 - [TEST_STEP][PASSED] - i = b30.indexOf("млн.руб."): null

16-05-2025T11:02:37 - [TEST_STEP][PASSED] - if (i > -1): null

16-05-2025T11:02:37 - [TEST_STEP][PASSED] - if (b30.contains("%")): null

16-05-2025T11:02:37 - [TEST_STEP][PASSED] - b30 = b30.replaceAll("%", ""): null

16-05-2025T11:02:37 - [TEST_STEP][PASSED] - b30 = ").trim(): null

16-05-2025T11:02:37 - [TEST_STEP][PASSED] - println("b30: " + b30): null

16-05-2025T11:02:37 - [TEST_STEP][PASSED] - if (vir == 1): Text of object 'Object Repository/Выручка в рублях/span19 Perc' is: '1.02 %'

16-05-2025T11:02:37 - [TEST_STEP][PASSED] - b31 = ").trim(): Text of object 'Object Repository/Выручка в рублях/span2 Perc' is: '-3.9 %'

16-05-2025T11:02:37 - [MESSAGE][PASSED] - Text of object 'Object Repository/Выручка в рублях/span2 Perc' is: '-3.9 %'

16-05-2025T11:02:37 - [TEST_STEP][PASSED] - b32 = ").trim(): Text of object 'Object Repository/Выручка в рублях/span3 Perc' is: '7.4 %'

16-05-2025T11:02:38 - [MESSAGE][PASSED] - Text of object 'Object Repository/Выручка в рублях/span3 Perc' is: '7.4 %'

16-05-2025T11:02:38 - [TEST_STEP][PASSED] - b33 = ").trim(): Text of object 'Object Repository/Выручка в рублях/span4 Perc' is: '-1.94 %'

16-05-2025T11:02:38 - [MESSAGE][PASSED] - Text of object 'Object Repository/Выручка в рублях/span4 Perc' is: '-1.94 %'

16-05-2025T11:02:38 - [TEST_STEP][PASSED] - b34 = ").trim(): Text of object 'Object Repository/Выручка в рублях/span5 Perc' is: '-1.71 %'

16-05-2025T11:02:38 - [MESSAGE][PASSED] - Text of object 'Object Repository/Выручка в рублях/span5 Perc' is: '-1.71 %'

16-05-2025T11:02:38 - [TEST_STEP][PASSED] - b35 = ").trim(): Text of object 'Object Repository/Выручка в рублях/span6 Perc' is: '3.65 %'

16-05-2025T11:02:38 - [MESSAGE][PASSED] - Text of object 'Object Repository/Выручка в рублях/span6 Perc' is: '3.65 %'

16-05-2025T11:02:38 - [TEST_STEP][PASSED] - b36 = ").trim(): Text of object 'Object Repository/Выручка в рублях/span7 Perc' is: '0.19 %'

16-05-2025T11:02:39 - [MESSAGE][PASSED] - Text of object 'Object Repository/Выручка в рублях/span7 Perc' is: '0.19 %'

16-05-2025T11:02:39 - [TEST_STEP][PASSED] - b37 = ").trim(): Text of object 'Object Repository/Выручка в рублях/span8 Perc' is: '-5.06 %'

16-05-2025T11:02:39 - [MESSAGE][PASSED] - Text of object 'Object Repository/Выручка в рублях/span8 Perc' is: '-5.06 %'

16-05-2025T11:02:39 - [TEST_STEP][PASSED] - b38 = ").trim(): Text of object 'Object Repository/Выручка в рублях/span9 Perc' is: '-2.25 %'

16-05-2025T11:02:39 - [MESSAGE][PASSED] - Text of object 'Object Repository/Выручка в рублях/span9 Perc' is: '-2.25 %'

16-05-2025T11:02:39 - [TEST_STEP][PASSED] - b39 = ").trim(): Text of object 'Object Repository/Выручка в рублях/span10 Perc' is: '-1.28 %'

16-05-2025T11:02:40 - [MESSAGE][PASSED] - Text of object 'Object Repository/Выручка в рублях/span10 Perc' is: '-1.28 %'

16-05-2025T11:02:40 - [TEST_STEP][PASSED] - b310 = ").trim(): Text of object 'Object Repository/Выручка в рублях/span11 Perc' is: '2.77 %'

16-05-2025T11:02:40 - [MESSAGE][PASSED] - Text of object 'Object Repository/Выручка в рублях/span11 Perc' is: '2.77 %'

16-05-2025T11:02:40 - [TEST_STEP][PASSED] - b311 = ").trim(): Text of object 'Object Repository/Выручка в рублях/span12 Perc' is: '-1.88 %'

16-05-2025T11:02:40 - [MESSAGE][PASSED] - Text of object 'Object Repository/Выручка в рублях/span12 Perc' is: '-1.88 %'

16-05-2025T11:02:40 - [TEST_STEP][PASSED] - b312 = ").trim(): Text of object 'Object Repository/Выручка в рублях/span13 Perc' is: '-9.44 %'

16-05-2025T11:02:40 - [MESSAGE][PASSED] - Text of object 'Object Repository/Выручка в рублях/span13 Perc' is: '-9.44 %'

16-05-2025T11:02:40 - [TEST_STEP][PASSED] - b313 = ").trim(): Text of object 'Object Repository/Выручка в рублях/span14 Perc' is: '-3.15 %'

16-05-2025T11:02:41 - [MESSAGE][PASSED] - Text of object 'Object Repository/Выручка в рублях/span14 Perc' is: '-3.15 %'

16-05-2025T11:02:41 - [TEST_STEP][PASSED] - b314 = ").trim(): Text of object 'Object Repository/Выручка в рублях/span15 Perc' is: '1.98 %'

16-05-2025T11:02:41 - [MESSAGE][PASSED] - Text of object 'Object Repository/Выручка в рублях/span15 Perc' is: '1.98 %'

16-05-2025T11:02:41 - [TEST_STEP][PASSED] - b315 = ").trim(): Text of object 'Object Repository/Выручка в рублях/span16 Perc' is: '-2.23 %'

16-05-2025T11:02:41 - [MESSAGE][PASSED] - Text of object 'Object Repository/Выручка в рублях/span16 Perc' is: '-2.23 %'

16-05-2025T11:02:41 - [TEST_STEP][PASSED] - b316 = ").trim(): Text of object 'Object Repository/Выручка в рублях/span17 Perc' is: '-2.34 %'

16-05-2025T11:02:42 - [MESSAGE][PASSED] - Text of object 'Object Repository/Выручка в рублях/span17 Perc' is: '-2.34 %'

16-05-2025T11:02:42 - [TEST_STEP][PASSED] - b317 = ").trim(): Text of object 'Object Repository/Выручка в рублях/span18 Perc' is: '-0.05 %'

16-05-2025T11:02:42 - [MESSAGE][PASSED] - Text of object 'Object Repository/Выручка в рублях/span18 Perc' is: '-0.05 %'

16-05-2025T11:02:42 - [TEST_STEP][PASSED] - b318 = ").trim(): Text of object 'Object Repository/Выручка в рублях/span19 Perc' is: '1.02 %'

16-05-2025T11:02:42 - [MESSAGE][PASSED] - Text of object 'Object Repository/Выручка в рублях/span19 Perc' is: '1.02 %'

16-05-2025T11:02:42 - [TEST_STEP][PASSED] - dZO = "ПАО Россети": null

16-05-2025T11:02:42 - [TEST_STEP][PASSED] - if (verifyEqual(a1, b1) == false): Actual object '469 817' and expected object '469 817' are equal

16-05-2025T11:02:42 - [MESSAGE][PASSED] - Actual object '469 817' and expected object '469 817' are equal

16-05-2025T11:02:42 - [TEST_STEP][PASSED] - if (verifyEqual(a2, b2) == false): Actual object '463 075' and expected object '463 075' are equal

16-05-2025T11:02:42 - [MESSAGE][PASSED] - Actual object '463 075' and expected object '463 075' are equal

16-05-2025T11:02:42 - [TEST_STEP][PASSED] - vidget = "Отклонения": null

16-05-2025T11:02:42 - [TEST_STEP][PASSED] - if (verifyEqual(a30, b30) == false): Actual object '-1.43' and expected object '-1.43' are equal

16-05-2025T11:02:42 - [MESSAGE][PASSED] - Actual object '-1.43' and expected object '-1.43' are equal

16-05-2025T11:02:42 - [TEST_STEP][PASSED] - dZO = "АО «РЭС»": null

16-05-2025T11:02:42 - [TEST_STEP][PASSED] - if (verifyEqual(a31, b31) == false): Actual object '-3.9' and expected object '-3.9' are equal

16-05-2025T11:02:42 - [MESSAGE][PASSED] - Actual object '-3.9' and expected object '-3.9' are equal

16-05-2025T11:02:42 - [TEST_STEP][PASSED] - dZO = "АО «Тываэнерго»": null

16-05-2025T11:02:42 - [TEST_STEP][PASSED] - if (verifyEqual(a32, b32) == false): Actual object '7.4' and expected object '7.4' are equal

16-05-2025T11:02:42 - [MESSAGE][PASSED] - Actual object '7.4' and expected object '7.4' are equal

16-05-2025T11:02:42 - [TEST_STEP][PASSED] - dZO = "АО «Чеченэнерго»": null

16-05-2025T11:02:42 - [TEST_STEP][PASSED] - if (verifyEqual(a33, b33) == false): Actual object '-1.94' and expected object '-1.94' are equal

16-05-2025T11:02:42 - [MESSAGE][PASSED] - Actual object '-1.94' and expected object '-1.94' are equal

16-05-2025T11:02:42 - [TEST_STEP][PASSED] - dZO = "Россети Волга": null

16-05-2025T11:02:42 - [TEST_STEP][PASSED] - if (verifyEqual(a34, b34) == false): Actual object '-1.71' and expected object '-1.71' are equal

16-05-2025T11:02:42 - [MESSAGE][PASSED] - Actual object '-1.71' and expected object '-1.71' are equal

16-05-2025T11:02:42 - [TEST_STEP][PASSED] - dZO = "Россети Кубань": null

16-05-2025T11:02:42 - [TEST_STEP][PASSED] - if (verifyEqual(a35, b35) == false): Actual object '3.65' and expected object '3.65' are equal

16-05-2025T11:02:42 - [MESSAGE][PASSED] - Actual object '3.65' and expected object '3.65' are equal

16-05-2025T11:02:42 - [TEST_STEP][PASSED] - dZO = "Россети Ленэнерго (ГК)": null

16-05-2025T11:02:42 - [TEST_STEP][PASSED] - if (verifyEqual(a36, b36) == false): Actual object '0.19' and expected object '0.19' are equal

16-05-2025T11:02:42 - [MESSAGE][PASSED] - Actual object '0.19' and expected object '0.19' are equal

16-05-2025T11:02:42 - [TEST_STEP][PASSED] - dZO = "Россети Московский регион": null

16-05-2025T11:02:42 - [TEST_STEP][PASSED] - if (verifyEqual(a37, b37) == false): Actual object '-5.06' and expected object '-5.06' are equal

16-05-2025T11:02:42 - [MESSAGE][PASSED] - Actual object '-5.06' and expected object '-5.06' are equal

16-05-2025T11:02:42 - [TEST_STEP][PASSED] - dZO = "Россети Северный Кавказ (ГК)": null

16-05-2025T11:02:42 - [TEST_STEP][PASSED] - if (verifyEqual(a38, b38) == false): Actual object '-2.25' and expected object '-2.25' are equal

16-05-2025T11:02:42 - [MESSAGE][PASSED] - Actual object '-2.25' and expected object '-2.25' are equal

16-05-2025T11:02:42 - [TEST_STEP][PASSED] - dZO = "Россети Северо-Запад": null

16-05-2025T11:02:42 - [TEST_STEP][PASSED] - if (verifyEqual(a39, b39) == false): Actual object '-1.28' and expected object '-1.28' are equal

16-05-2025T11:02:42 - [MESSAGE][PASSED] - Actual object '-1.28' and expected object '-1.28' are equal

16-05-2025T11:02:42 - [TEST_STEP][PASSED] - dZO = "Россети Сибирь (ГК)": null

16-05-2025T11:02:42 - [TEST_STEP][PASSED] - if (verifyEqual(a310, b310) == false): Actual object '2.77' and expected object '2.77' are equal

16-05-2025T11:02:42 - [MESSAGE][PASSED] - Actual object '2.77' and expected object '2.77' are equal

16-05-2025T11:02:42 - [TEST_STEP][PASSED] - dZO = "Россети Томск": null

16-05-2025T11:02:42 - [TEST_STEP][PASSED] - if (verifyEqual(a311, b311) == false): Actual object '-1.88' and expected object '-1.88' are equal

16-05-2025T11:02:42 - [MESSAGE][PASSED] - Actual object '-1.88' and expected object '-1.88' are equal

16-05-2025T11:02:42 - [TEST_STEP][PASSED] - dZO = "Россети Тюмень": null

16-05-2025T11:02:42 - [TEST_STEP][PASSED] - if (verifyEqual(a312, b312) == false): Actual object '-9.44' and expected object '-9.44' are equal

16-05-2025T11:02:42 - [MESSAGE][PASSED] - Actual object '-9.44' and expected object '-9.44' are equal

16-05-2025T11:02:42 - [TEST_STEP][PASSED] - dZO = "Россети Урал (ГК)": null

16-05-2025T11:02:42 - [TEST_STEP][PASSED] - if (verifyEqual(a313, b313) == false): Actual object '-3.15' and expected object '-3.15' are equal

16-05-2025T11:02:42 - [MESSAGE][PASSED] - Actual object '-3.15' and expected object '-3.15' are equal

16-05-2025T11:02:42 - [TEST_STEP][PASSED] - dZO = "Россети ФСК ЕЭС": null

16-05-2025T11:02:42 - [TEST_STEP][PASSED] - if (verifyEqual(a314, b314) == false): Actual object '1.98' and expected object '1.98' are equal

16-05-2025T11:02:42 - [MESSAGE][PASSED] - Actual object '1.98' and expected object '1.98' are equal

16-05-2025T11:02:42 - [TEST_STEP][PASSED] - dZO = "Россети Центр": null

16-05-2025T11:02:42 - [TEST_STEP][PASSED] - if (verifyEqual(a315, b315) == false): Actual object '-2.23' and expected object '-2.23' are equal

16-05-2025T11:02:42 - [MESSAGE][PASSED] - Actual object '-2.23' and expected object '-2.23' are equal

16-05-2025T11:02:42 - [TEST_STEP][PASSED] - dZO = "Россети Центр и Приволжье (ГК)": null

16-05-2025T11:02:42 - [TEST_STEP][PASSED] - if (verifyEqual(a316, b316) == false): Actual object '-2.34' and expected object '-2.34' are equal

16-05-2025T11:02:42 - [MESSAGE][PASSED] - Actual object '-2.34' and expected object '-2.34' are equal

16-05-2025T11:02:42 - [TEST_STEP][PASSED] - dZO = "Россети Юг (ГК)": null

16-05-2025T11:02:42 - [TEST_STEP][PASSED] - if (verifyEqual(a317, b317) == false): Actual object '-0.05' and expected object '-0.05' are equal

16-05-2025T11:02:42 - [MESSAGE][PASSED] - Actual object '-0.05' and expected object '-0.05' are equal

16-05-2025T11:02:42 - [TEST_STEP][PASSED] - dZO = "Россети Янтарь": null

16-05-2025T11:02:42 - [TEST_STEP][PASSED] - if (verifyEqual(a318, b318) == false): Actual object '1.02' and expected object '1.02' are equal

16-05-2025T11:02:42 - [MESSAGE][PASSED] - Actual object '1.02' and expected object '1.02' are equal

16-05-2025T11:02:42 - [TEST_STEP][PASSED] - closeBrowser(): null

16-05-2025T11:02:42 - [MESSAGE][PASSED] - Browser is closed

16-05-2025T11:02:42 - [TEST_STEP][PASSED] - Script1742558545601.Blocks(run, vir, block, nameOfBlock, typeOfData, viruchka, vidget, todaysDate, a, b, dZO, x, y): null

16-05-2025T11:02:42 - [TEST_STEP][PASSED] - i = <not implemented yet for class: org.codehaus.groovy.ast.expr.EmptyExpression>: null

16-05-2025T11:02:42 - [TEST_STEP][PASSED] - perc = "": null

16-05-2025T11:02:42 - [TEST_STEP][PASSED] - a1 = <not implemented yet for class: org.codehaus.groovy.ast.expr.EmptyExpression>: null

16-05-2025T11:02:42 - [TEST_STEP][PASSED] - a2 = <not implemented yet for class: org.codehaus.groovy.ast.expr.EmptyExpression>: null

16-05-2025T11:02:42 - [TEST_STEP][PASSED] - a30 = <not implemented yet for class: org.codehaus.groovy.ast.expr.EmptyExpression>: null

16-05-2025T11:02:42 - [TEST_STEP][PASSED] - a31 = <not implemented yet for class: org.codehaus.groovy.ast.expr.EmptyExpression>: null

16-05-2025T11:02:42 - [TEST_STEP][PASSED] - a32 = <not implemented yet for class: org.codehaus.groovy.ast.expr.EmptyExpression>: null

16-05-2025T11:02:42 - [TEST_STEP][PASSED] - a33 = <not implemented yet for class: org.codehaus.groovy.ast.expr.EmptyExpression>: null

16-05-2025T11:02:42 - [TEST_STEP][PASSED] - a34 = <not implemented yet for class: org.codehaus.groovy.ast.expr.EmptyExpression>: null

16-05-2025T11:02:42 - [TEST_STEP][PASSED] - a35 = <not implemented yet for class: org.codehaus.groovy.ast.expr.EmptyExpression>: null

16-05-2025T11:02:42 - [TEST_STEP][PASSED] - a36 = <not implemented yet for class: org.codehaus.groovy.ast.expr.EmptyExpression>: null

16-05-2025T11:02:42 - [TEST_STEP][PASSED] - a37 = <not implemented yet for class: org.codehaus.groovy.ast.expr.EmptyExpression>: null

16-05-2025T11:02:42 - [TEST_STEP][PASSED] - a38 = <not implemented yet for class: org.codehaus.groovy.ast.expr.EmptyExpression>: null

16-05-2025T11:02:42 - [TEST_STEP][PASSED] - a39 = <not implemented yet for class: org.codehaus.groovy.ast.expr.EmptyExpression>: null

16-05-2025T11:02:42 - [TEST_STEP][PASSED] - a310 = <not implemented yet for class: org.codehaus.groovy.ast.expr.EmptyExpression>: null

16-05-2025T11:02:42 - [TEST_STEP][PASSED] - a311 = <not implemented yet for class: org.codehaus.groovy.ast.expr.EmptyExpression>: null

16-05-2025T11:02:42 - [TEST_STEP][PASSED] - a312 = <not implemented yet for class: org.codehaus.groovy.ast.expr.EmptyExpression>: null

16-05-2025T11:02:42 - [TEST_STEP][PASSED] - a313 = <not implemented yet for class: org.codehaus.groovy.ast.expr.EmptyExpression>: null

16-05-2025T11:02:42 - [TEST_STEP][PASSED] - a314 = <not implemented yet for class: org.codehaus.groovy.ast.expr.EmptyExpression>: null

16-05-2025T11:02:42 - [TEST_STEP][PASSED] - a315 = <not implemented yet for class: org.codehaus.groovy.ast.expr.EmptyExpression>: null

16-05-2025T11:02:42 - [TEST_STEP][PASSED] - a316 = <not implemented yet for class: org.codehaus.groovy.ast.expr.EmptyExpression>: null

16-05-2025T11:02:42 - [TEST_STEP][PASSED] - a317 = <not implemented yet for class: org.codehaus.groovy.ast.expr.EmptyExpression>: null

16-05-2025T11:02:42 - [TEST_STEP][PASSED] - a318 = <not implemented yet for class: org.codehaus.groovy.ast.expr.EmptyExpression>: null

16-05-2025T11:02:42 - [TEST_STEP][PASSED] - b1 = <not implemented yet for class: org.codehaus.groovy.ast.expr.EmptyExpression>: null

16-05-2025T11:02:42 - [TEST_STEP][PASSED] - b2 = <not implemented yet for class: org.codehaus.groovy.ast.expr.EmptyExpression>: null

16-05-2025T11:02:42 - [TEST_STEP][PASSED] - b30 = <not implemented yet for class: org.codehaus.groovy.ast.expr.EmptyExpression>: null

16-05-2025T11:02:42 - [TEST_STEP][PASSED] - b31 = <not implemented yet for class: org.codehaus.groovy.ast.expr.EmptyExpression>: null

16-05-2025T11:02:42 - [TEST_STEP][PASSED] - b32 = <not implemented yet for class: org.codehaus.groovy.ast.expr.EmptyExpression>: null

16-05-2025T11:02:42 - [TEST_STEP][PASSED] - b33 = <not implemented yet for class: org.codehaus.groovy.ast.expr.EmptyExpression>: null

16-05-2025T11:02:42 - [TEST_STEP][PASSED] - b34 = <not implemented yet for class: org.codehaus.groovy.ast.expr.EmptyExpression>: null

16-05-2025T11:02:42 - [TEST_STEP][PASSED] - b35 = <not implemented yet for class: org.codehaus.groovy.ast.expr.EmptyExpression>: null

16-05-2025T11:02:42 - [TEST_STEP][PASSED] - b36 = <not implemented yet for class: org.codehaus.groovy.ast.expr.EmptyExpression>: null

16-05-2025T11:02:42 - [TEST_STEP][PASSED] - b37 = <not implemented yet for class: org.codehaus.groovy.ast.expr.EmptyExpression>: null

16-05-2025T11:02:42 - [TEST_STEP][PASSED] - b38 = <not implemented yet for class: org.codehaus.groovy.ast.expr.EmptyExpression>: null

16-05-2025T11:02:42 - [TEST_STEP][PASSED] - b39 = <not implemented yet for class: org.codehaus.groovy.ast.expr.EmptyExpression>: null

16-05-2025T11:02:42 - [TEST_STEP][PASSED] - b310 = <not implemented yet for class: org.codehaus.groovy.ast.expr.EmptyExpression>: null

16-05-2025T11:02:42 - [TEST_STEP][PASSED] - b311 = <not implemented yet for class: org.codehaus.groovy.ast.expr.EmptyExpression>: null

16-05-2025T11:02:42 - [TEST_STEP][PASSED] - b312 = <not implemented yet for class: org.codehaus.groovy.ast.expr.EmptyExpression>: null

16-05-2025T11:02:42 - [TEST_STEP][PASSED] - b313 = <not implemented yet for class: org.codehaus.groovy.ast.expr.EmptyExpression>: null

16-05-2025T11:02:42 - [TEST_STEP][PASSED] - b314 = <not implemented yet for class: org.codehaus.groovy.ast.expr.EmptyExpression>: null

16-05-2025T11:02:42 - [TEST_STEP][PASSED] - b315 = <not implemented yet for class: org.codehaus.groovy.ast.expr.EmptyExpression>: null

16-05-2025T11:02:42 - [TEST_STEP][PASSED] - b316 = <not implemented yet for class: org.codehaus.groovy.ast.expr.EmptyExpression>: null

16-05-2025T11:02:42 - [TEST_STEP][PASSED] - b317 = <not implemented yet for class: org.codehaus.groovy.ast.expr.EmptyExpression>: null

16-05-2025T11:02:42 - [TEST_STEP][PASSED] - b318 = <not implemented yet for class: org.codehaus.groovy.ast.expr.EmptyExpression>: null

16-05-2025T11:02:42 - [TEST_STEP][PASSED] - block = 1: null

16-05-2025T11:02:42 - [TEST_STEP][PASSED] - nameOfBlock = "": null

16-05-2025T11:02:42 - [TEST_STEP][PASSED] - Script1742558545601.PreSettings(run, vir, block, nameOfBlock, typeOfData, todaysDate): null

16-05-2025T11:02:42 - [TEST_STEP][PASSED] - openBrowser(""): Browser is opened with url: ''

16-05-2025T11:02:42 - [MESSAGE][INFO] - Starting 'Chrome' driver

16-05-2025T11:02:42 - [MESSAGE][INFO] - Action delay is set to 0 milliseconds

16-05-2025T11:02:43 - [MESSAGE][PASSED] - Browser is opened with url: ''

16-05-2025T11:02:43 - [TEST_STEP][PASSED] - refresh(): Refresh successfully

16-05-2025T11:02:43 - [MESSAGE][PASSED] - Refresh successfully

16-05-2025T11:02:43 - [TEST_STEP][PASSED] - delay(50): Delayed 50 second(s)

16-05-2025T11:03:33 - [MESSAGE][PASSED] - Delayed 50 second(s)

16-05-2025T11:03:33 - [TEST_STEP][PASSED] - println("run:" + run): null

16-05-2025T11:03:33 - [TEST_STEP][PASSED] - println("vir:" + vir): null

16-05-2025T11:03:33 - [TEST_STEP][PASSED] - println("block:" + block): null

16-05-2025T11:03:33 - [TEST_STEP][PASSED] - if (block == 1): null

16-05-2025T11:03:33 - [TEST_STEP][PASSED] - nameOfBlock = "": null

16-05-2025T11:03:33 - [TEST_STEP][PASSED] - println("nameOfBlock:" + nameOfBlock): null

16-05-2025T11:03:33 - [TEST_STEP][PASSED] - println("typeOfData:" + typeOfData): null

16-05-2025T11:03:33 - [TEST_STEP][PASSED] - println("todaysDate:" + todaysDate): null

16-05-2025T11:03:33 - [TEST_STEP][PASSED] - Script1742558545601.Autorization(block, nameOfBlock): null

16-05-2025T11:03:33 - [TEST_STEP][PASSED] - i = <not implemented yet for class: org.codehaus.groovy.ast.expr.EmptyExpression>: null

16-05-2025T11:03:33 - [TEST_STEP][PASSED] - ii = <not implemented yet for class: org.codehaus.groovy.ast.expr.EmptyExpression>: null

16-05-2025T11:03:33 - [TEST_STEP][PASSED] - urlData = <not implemented yet for class: org.codehaus.groovy.ast.expr.EmptyExpression>: null

16-05-2025T11:03:33 - [TEST_STEP][PASSED] - searchWord = <not implemented yet for class: org.codehaus.groovy.ast.expr.EmptyExpression>: null

16-05-2025T11:03:33 - [TEST_STEP][PASSED] - urlText = <not implemented yet for class: org.codehaus.groovy.ast.expr.EmptyExpression>: null

16-05-2025T11:03:33 - [TEST_STEP][PASSED] - println("block:" + block): null

16-05-2025T11:03:33 - [TEST_STEP][PASSED] - if (block == 1): null

16-05-2025T11:03:33 - [TEST_STEP][PASSED] - nameOfBlock = "": null

16-05-2025T11:03:33 - [TEST_STEP][PASSED] - println("nameOfBlock:" + nameOfBlock): null

16-05-2025T11:03:33 - [TEST_STEP][PASSED] - if (block == 1): Delayed 45 second(s)

16-05-2025T11:03:33 - [TEST_STEP][PASSED] - urlData = 2: null

16-05-2025T11:03:33 - [TEST_STEP][PASSED] - delay(45): Delayed 45 second(s)

16-05-2025T11:04:18 - [MESSAGE][PASSED] - Delayed 45 second(s)

16-05-2025T11:04:18 - [TEST_STEP][PASSED] - navigateToUrl(findTestData("PlanFact").getValue(10, urlData)): Navigate to 'https://bi.rosseti.digital/viewer?dashboardGuid=2301950b23be4ed89c1df75f2020051e&sheetGuid=b723206f698544fb87299f3095c00435&fit=true' successfully

16-05-2025T11:04:20 - [MESSAGE][PASSED] - Navigate to 'https://bi.rosseti.digital/viewer?dashboardGuid=2301950b23be4ed89c1df75f2020051e&sheetGuid=b723206f698544fb87299f3095c00435&fit=true' successfully

16-05-2025T11:04:20 - [TEST_STEP][PASSED] - urlText = getText(findTestObject("Страница авторизации/Text")): Text of object 'Object Repository/Страница авторизации/Text' is: 'Вход'

16-05-2025T11:04:21 - [MESSAGE][PASSED] - Text of object 'Object Repository/Страница авторизации/Text' is: 'Вход'

16-05-2025T11:04:21 - [TEST_STEP][PASSED] - searchWord = "Вход": null

16-05-2025T11:04:21 - [TEST_STEP][PASSED] - if (urlText == null || urlText.contains("ошибка") || urlText.contains(searchWord) == false): null

16-05-2025T11:04:21 - [TEST_STEP][PASSED] - if (verifyElementPresent(findTestObject("Страница авторизации/button_"), 30) == true): null

16-05-2025T11:04:22 - [MESSAGE][PASSED] - Object 'Object Repository/Страница авторизации/button_' is present

16-05-2025T11:04:22 - [TEST_STEP][PASSED] - setText(findTestObject("Страница авторизации/input__username"), findTestData("PlanFact").getValue(8, 1)): Text 'liazgina-di' is set on object 'Object Repository/Страница авторизации/input__username'

16-05-2025T11:04:22 - [MESSAGE][PASSED] - Text 'liazgina-di' is set on object 'Object Repository/Страница авторизации/input__username'

16-05-2025T11:04:22 - [TEST_STEP][PASSED] - setText(findTestObject("Страница авторизации/input__password"), findTestData("PlanFact").getValue(9, 1)): Text ')$%5srZ8o688Dm#q' is set on object 'Object Repository/Страница авторизации/input__password'

16-05-2025T11:04:23 - [MESSAGE][PASSED] - Text ')$%5srZ8o688Dm#q' is set on object 'Object Repository/Страница авторизации/input__password'

16-05-2025T11:04:23 - [TEST_STEP][PASSED] - click(findTestObject("Страница авторизации/button_")): Object: 'Object Repository/Страница авторизации/button_' is clicked on

16-05-2025T11:04:24 - [MESSAGE][PASSED] - Object: 'Object Repository/Страница авторизации/button_' is clicked on

16-05-2025T11:04:24 - [TEST_STEP][PASSED] - delay(45): Delayed 45 second(s)

16-05-2025T11:05:09 - [MESSAGE][PASSED] - Delayed 45 second(s)

16-05-2025T11:05:09 - [TEST_STEP][PASSED] - urlText = getText(findTestObject("Страница авторизации/Text")): Text of object 'Object Repository/Страница авторизации/Text' is: 'Период
1 кв. 2025 года
Выручка
Все
Выполнение плановых показателей по ПАО Россети за 1 кв. 2025 года
План
Факт
Динамика
2025 год
0 млн.руб.
50 000 млн.руб.
100 000 млн.руб.
150 000 млн.руб.
200 000 млн.руб.
250 000 млн.руб.
300 000 млн.руб.
350 000 млн.руб.
400 000 млн.руб.
450 000 млн.руб.
500 000 млн.руб.
550 000 млн.руб.
469 817
463 075
↓
ДЗО 
Все
Внутренний оборот - выручка за услуги по передаче электрической энергии, учтенная в выручке за электроэнергию для конечных потребителей, при выполнении ДЗО функций гарантирующего поставщика
Подписи данных
⬤Отклонение
АО "РЭС"
АО «Тываэнерго»
АО «Чеченэнерго»
Россети Волга
Россети Кубань
Россети Ленэнерго (ГК)
Россети Московский регион
Россети Северный Кавказ (ГК)
Россети Северо-Запад
Россети Сибирь (ГК)
Россети Томск
Россети Тюмень
Россети Урал (ГК)
Россети ФСК ЕЭС
Россети Центр
Россети Центр и Приволжье (ГК)
Россети Юг (ГК)
Россети Янтарь
-4 000 млн.руб.
-3 500 млн.руб.
-3 000 млн.руб.
-2 500 млн.руб.
-2 000 млн.руб.
-1 500 млн.руб.
-1 000 млн.руб.
- 500 млн.руб.
0 млн.руб.
500 млн.руб.
1 000 млн.руб.
1 500 млн.руб.
2 000 млн.руб.
-261
55
-27
-537
786
62
-3 345
-271
-253
876
-57
-2 765
-987
1 670
-805
-905
-11
31
млн.
%
Выручка
Отклонение выручки по ПАО Россети за 1 кв. 2025 года (факт/план, млн. руб)
ПАО Россети
-6 742.2 млн.руб.
 '

16-05-2025T11:05:10 - [MESSAGE][PASSED] - Text of object 'Object Repository/Страница авторизации/Text' is: 'Период
1 кв. 2025 года
Выручка
Все
Выполнение плановых показателей по ПАО Россети за 1 кв. 2025 года
План
Факт
Динамика
2025 год
0 млн.руб.
50 000 млн.руб.
100 000 млн.руб.
150 000 млн.руб.
200 000 млн.руб.
250 000 млн.руб.
300 000 млн.руб.
350 000 млн.руб.
400 000 млн.руб.
450 000 млн.руб.
500 000 млн.руб.
550 000 млн.руб.
469 817
463 075
↓
ДЗО 
Все
Внутренний оборот - выручка за услуги по передаче электрической энергии, учтенная в выручке за электроэнергию для конечных потребителей, при выполнении ДЗО функций гарантирующего поставщика
Подписи данных
⬤Отклонение
АО "РЭС"
АО «Тываэнерго»
АО «Чеченэнерго»
Россети Волга
Россети Кубань
Россети Ленэнерго (ГК)
Россети Московский регион
Россети Северный Кавказ (ГК)
Россети Северо-Запад
Россети Сибирь (ГК)
Россети Томск
Россети Тюмень
Россети Урал (ГК)
Россети ФСК ЕЭС
Россети Центр
Россети Центр и Приволжье (ГК)
Россети Юг (ГК)
Россети Янтарь
-4 000 млн.руб.
-3 500 млн.руб.
-3 000 млн.руб.
-2 500 млн.руб.
-2 000 млн.руб.
-1 500 млн.руб.
-1 000 млн.руб.
- 500 млн.руб.
0 млн.руб.
500 млн.руб.
1 000 млн.руб.
1 500 млн.руб.
2 000 млн.руб.
-261
55
-27
-537
786
62
-3 345
-271
-253
876
-57
-2 765
-987
1 670
-805
-905
-11
31
млн.
%
Выручка
Отклонение выручки по ПАО Россети за 1 кв. 2025 года (факт/план, млн. руб)
ПАО Россети
-6 742.2 млн.руб.
 '

16-05-2025T11:05:10 - [TEST_STEP][PASSED] - searchWord = "а": null

16-05-2025T11:05:10 - [TEST_STEP][PASSED] - if (urlText.contains("ошибка") || urlText.contains(searchWord) == false): null

16-05-2025T11:05:10 - [TEST_STEP][PASSED] - delay(45): Delayed 45 second(s)

16-05-2025T11:05:55 - [MESSAGE][PASSED] - Delayed 45 second(s)

16-05-2025T11:05:55 - [TEST_STEP][PASSED] - if (block == 2): null

16-05-2025T11:05:55 - [TEST_STEP][PASSED] - click(findTestObject("Выручка в рублях/Фильтр Период" + nameOfBlock)): Object: 'Object Repository/Выручка в рублях/Фильтр Период' is clicked on

16-05-2025T11:05:55 - [MESSAGE][PASSED] - Object: 'Object Repository/Выручка в рублях/Фильтр Период' is clicked on

16-05-2025T11:05:55 - [TEST_STEP][PASSED] - click(findTestObject("Выручка в рублях/Снять выделение в фильтре Дата" + nameOfBlock)): Object: 'Object Repository/Выручка в рублях/Снять выделение в фильтре Дата' is clicked on

16-05-2025T11:05:56 - [MESSAGE][PASSED] - Object: 'Object Repository/Выручка в рублях/Снять выделение в фильтре Дата' is clicked on

16-05-2025T11:05:56 - [TEST_STEP][PASSED] - click(findTestObject("Выручка в рублях/Применить в фильтре Дата" + nameOfBlock)): Object: 'Object Repository/Выручка в рублях/Применить в фильтре Дата' is clicked on

16-05-2025T11:05:56 - [MESSAGE][PASSED] - Object: 'Object Repository/Выручка в рублях/Применить в фильтре Дата' is clicked on

16-05-2025T11:05:56 - [TEST_STEP][PASSED] - delay(50): Delayed 50 second(s)

16-05-2025T11:06:46 - [MESSAGE][PASSED] - Delayed 50 second(s)

16-05-2025T11:06:46 - [TEST_STEP][PASSED] - click(findTestObject("Выручка в рублях/Фильтр Период" + nameOfBlock)): Object: 'Object Repository/Выручка в рублях/Фильтр Период' is clicked on

16-05-2025T11:06:46 - [MESSAGE][PASSED] - Object: 'Object Repository/Выручка в рублях/Фильтр Период' is clicked on

16-05-2025T11:06:46 - [TEST_STEP][PASSED] - click(findTestObject("Выручка в рублях/Снять выделение в фильтре Дата" + nameOfBlock)): Object: 'Object Repository/Выручка в рублях/Снять выделение в фильтре Дата' is clicked on

16-05-2025T11:06:47 - [MESSAGE][PASSED] - Object: 'Object Repository/Выручка в рублях/Снять выделение в фильтре Дата' is clicked on

16-05-2025T11:06:47 - [TEST_STEP][PASSED] - scrollToElement(findTestObject("Выручка в рублях/2025 список" + nameOfBlock), 30): Scroll to object 'Object Repository/Выручка в рублях/2025 список' successfully

16-05-2025T11:06:47 - [MESSAGE][PASSED] - Scroll to object 'Object Repository/Выручка в рублях/2025 список' successfully

16-05-2025T11:06:47 - [TEST_STEP][PASSED] - click(findTestObject("Выручка в рублях/2025 список" + nameOfBlock)): Object: 'Object Repository/Выручка в рублях/2025 список' is clicked on

16-05-2025T11:06:48 - [MESSAGE][PASSED] - Object: 'Object Repository/Выручка в рублях/2025 список' is clicked on

16-05-2025T11:06:48 - [TEST_STEP][PASSED] - scrollToElement(findTestObject("Выручка в рублях/1 квартал 2025 список" + nameOfBlock), 30): Scroll to object 'Object Repository/Выручка в рублях/1 квартал 2025 список' successfully

16-05-2025T11:06:48 - [MESSAGE][PASSED] - Scroll to object 'Object Repository/Выручка в рублях/1 квартал 2025 список' successfully

16-05-2025T11:06:48 - [TEST_STEP][PASSED] - click(findTestObject("Выручка в рублях/1 квартал 2025 выбрать" + nameOfBlock)): Object: 'Object Repository/Выручка в рублях/1 квартал 2025 выбрать' is clicked on

16-05-2025T11:06:48 - [MESSAGE][PASSED] - Object: 'Object Repository/Выручка в рублях/1 квартал 2025 выбрать' is clicked on

16-05-2025T11:06:48 - [TEST_STEP][PASSED] - scrollToElement(findTestObject("Выручка в рублях/Заголовок дашборда" + nameOfBlock), 30): Scroll to object 'Object Repository/Выручка в рублях/Заголовок дашборда' successfully

16-05-2025T11:06:49 - [MESSAGE][PASSED] - Scroll to object 'Object Repository/Выручка в рублях/Заголовок дашборда' successfully

16-05-2025T11:06:49 - [TEST_STEP][PASSED] - click(findTestObject("Выручка в рублях/Применить в фильтре Дата" + nameOfBlock)): Object: 'Object Repository/Выручка в рублях/Применить в фильтре Дата' is clicked on

16-05-2025T11:06:49 - [MESSAGE][PASSED] - Object: 'Object Repository/Выручка в рублях/Применить в фильтре Дата' is clicked on

16-05-2025T11:06:49 - [TEST_STEP][PASSED] - delay(55): Delayed 55 second(s)

16-05-2025T11:07:44 - [MESSAGE][PASSED] - Delayed 55 second(s)

16-05-2025T11:07:44 - [TEST_STEP][PASSED] - click(findTestObject("Выручка в рублях/Фильтр ДЗО" + nameOfBlock)): Object: 'Object Repository/Выручка в рублях/Фильтр ДЗО' is clicked on

16-05-2025T11:07:45 - [MESSAGE][PASSED] - Object: 'Object Repository/Выручка в рублях/Фильтр ДЗО' is clicked on

16-05-2025T11:07:45 - [TEST_STEP][PASSED] - click(findTestObject("Выручка в рублях/Снять выделение в фильтре ДЗО" + nameOfBlock)): Object: 'Object Repository/Выручка в рублях/Снять выделение в фильтре ДЗО' is clicked on

16-05-2025T11:07:45 - [MESSAGE][PASSED] - Object: 'Object Repository/Выручка в рублях/Снять выделение в фильтре ДЗО' is clicked on

16-05-2025T11:07:45 - [TEST_STEP][PASSED] - click(findTestObject("Выручка в рублях/Применить в фильтре ДЗО" + nameOfBlock)): Object: 'Object Repository/Выручка в рублях/Применить в фильтре ДЗО' is clicked on

16-05-2025T11:07:46 - [MESSAGE][PASSED] - Object: 'Object Repository/Выручка в рублях/Применить в фильтре ДЗО' is clicked on

16-05-2025T11:07:46 - [TEST_STEP][PASSED] - delay(50): Delayed 50 second(s)

16-05-2025T11:08:36 - [MESSAGE][PASSED] - Delayed 50 second(s)

16-05-2025T11:08:36 - [TEST_STEP][PASSED] - Script1742558545601.Tumbler(run, vir, block, nameOfBlock): null

16-05-2025T11:08:36 - [TEST_STEP][PASSED] - println("run:" + run): null

16-05-2025T11:08:36 - [TEST_STEP][PASSED] - println("vir:" + vir): null

16-05-2025T11:08:36 - [TEST_STEP][PASSED] - println("block:" + block): null

16-05-2025T11:08:36 - [TEST_STEP][PASSED] - println("nameOfBlock:" + nameOfBlock): null

16-05-2025T11:08:36 - [TEST_STEP][PASSED] - if (vir == 1): null

16-05-2025T11:08:36 - [TEST_STEP][PASSED] - else if (vir == 2): Object: 'Object Repository/Выручка в рублях/Применить в фильтре Выручка' is clicked on

16-05-2025T11:08:36 - [TEST_STEP][PASSED] - if (run == 2): Object: 'Object Repository/Выручка в рублях/Переключить отображение с млн на проценты Выручка в рублях' is clicked on

16-05-2025T11:08:36 - [TEST_STEP][PASSED] - click(findTestObject("Выручка в рублях/Переключить отображение с млн на проценты Выручка в рублях" + nameOfBlock)): Object: 'Object Repository/Выручка в рублях/Переключить отображение с млн на проценты Выручка в рублях' is clicked on

16-05-2025T11:08:36 - [MESSAGE][PASSED] - Object: 'Object Repository/Выручка в рублях/Переключить отображение с млн на проценты Выручка в рублях' is clicked on

16-05-2025T11:08:36 - [TEST_STEP][PASSED] - click(findTestObject("Выручка в рублях/Фильтр Выручка" + nameOfBlock)): Object: 'Object Repository/Выручка в рублях/Фильтр Выручка' is clicked on

16-05-2025T11:08:36 - [MESSAGE][PASSED] - Object: 'Object Repository/Выручка в рублях/Фильтр Выручка' is clicked on

16-05-2025T11:08:36 - [TEST_STEP][PASSED] - click(findTestObject("Выручка в рублях/Итого в фильтре Выручка" + nameOfBlock)): Object: 'Object Repository/Выручка в рублях/Итого в фильтре Выручка' is clicked on

16-05-2025T11:08:37 - [MESSAGE][PASSED] - Object: 'Object Repository/Выручка в рублях/Итого в фильтре Выручка' is clicked on

16-05-2025T11:08:37 - [TEST_STEP][PASSED] - click(findTestObject("Выручка в рублях/Применить в фильтре Выручка" + nameOfBlock)): Object: 'Object Repository/Выручка в рублях/Применить в фильтре Выручка' is clicked on

16-05-2025T11:08:38 - [MESSAGE][PASSED] - Object: 'Object Repository/Выручка в рублях/Применить в фильтре Выручка' is clicked on

16-05-2025T11:08:38 - [TEST_STEP][PASSED] - click(findTestObject("Выручка в рублях/Фильтр ДЗО" + nameOfBlock)): Object: 'Object Repository/Выручка в рублях/Фильтр ДЗО' is clicked on

16-05-2025T11:08:39 - [MESSAGE][PASSED] - Object: 'Object Repository/Выручка в рублях/Фильтр ДЗО' is clicked on

16-05-2025T11:08:39 - [TEST_STEP][PASSED] - Script1742558545601.Rosseti(nameOfBlock): null

16-05-2025T11:08:39 - [TEST_STEP][PASSED] - println("nameOfBlock:" + nameOfBlock): null

16-05-2025T11:08:39 - [TEST_STEP][PASSED] - click(findTestObject("Выручка в рублях/ПАО Россети" + nameOfBlock)): Object: 'Object Repository/Выручка в рублях/ПАО Россети' is clicked on

16-05-2025T11:08:40 - [MESSAGE][PASSED] - Object: 'Object Repository/Выручка в рублях/ПАО Россети' is clicked on

16-05-2025T11:08:40 - [TEST_STEP][PASSED] - click(findTestObject("Выручка в рублях/Применить в фильтре ДЗО" + nameOfBlock)): Object: 'Object Repository/Выручка в рублях/Применить в фильтре ДЗО' is clicked on

16-05-2025T11:08:40 - [MESSAGE][PASSED] - Object: 'Object Repository/Выручка в рублях/Применить в фильтре ДЗО' is clicked on

16-05-2025T11:08:40 - [TEST_STEP][PASSED] - if (run == 2): null

16-05-2025T11:08:40 - [TEST_STEP][PASSED] - perc = " Perc": null

16-05-2025T11:08:40 - [TEST_STEP][PASSED] - if (vir == 1 || vir == 2): Text of object 'Object Repository/Выручка в рублях/График План' is: '461 942'

16-05-2025T11:08:40 - [TEST_STEP][PASSED] - a1 = getText(findTestObject("Выручка в рублях/График План")): Text of object 'Object Repository/Выручка в рублях/График План' is: '461 942'

16-05-2025T11:08:41 - [MESSAGE][PASSED] - Text of object 'Object Repository/Выручка в рублях/График План' is: '461 942'

16-05-2025T11:08:41 - [TEST_STEP][PASSED] - if (vir == 1 || vir == 2): Text of object 'Object Repository/Выручка в рублях/График Факт' is: '455 530'

16-05-2025T11:08:41 - [TEST_STEP][PASSED] - a2 = getText(findTestObject("Выручка в рублях/График Факт")): Text of object 'Object Repository/Выручка в рублях/График Факт' is: '455 530'

16-05-2025T11:08:42 - [MESSAGE][PASSED] - Text of object 'Object Repository/Выручка в рублях/График Факт' is: '455 530'

16-05-2025T11:08:42 - [TEST_STEP][PASSED] - a30 = getText(findTestObject("Выручка в рублях/span1" + perc)): Text of object 'Object Repository/Выручка в рублях/span1 Perc' is: '-1.39 %'

16-05-2025T11:08:42 - [MESSAGE][PASSED] - Text of object 'Object Repository/Выручка в рублях/span1 Perc' is: '-1.39 %'

16-05-2025T11:08:42 - [TEST_STEP][PASSED] - i = a30.indexOf("млн.руб."): null

16-05-2025T11:08:42 - [TEST_STEP][PASSED] - if (i > -1): null

16-05-2025T11:08:42 - [TEST_STEP][PASSED] - if (a30.contains("%")): null

16-05-2025T11:08:42 - [TEST_STEP][PASSED] - a30 = a30.replaceAll("%", ""): null

16-05-2025T11:08:42 - [TEST_STEP][PASSED] - a30 = ").trim(): null

16-05-2025T11:08:42 - [TEST_STEP][PASSED] - println("a30: " + a30): null

16-05-2025T11:08:42 - [TEST_STEP][PASSED] - if (vir == 1): null

16-05-2025T11:08:42 - [TEST_STEP][PASSED] - else if (vir == 2): Text of object 'Object Repository/Выручка в рублях/span18 Perc' is: '1.02 %'

16-05-2025T11:08:42 - [TEST_STEP][PASSED] - a31 = ").trim(): Text of object 'Object Repository/Выручка в рублях/span2 Perc' is: '-3.9 %'

16-05-2025T11:08:42 - [MESSAGE][PASSED] - Text of object 'Object Repository/Выручка в рублях/span2 Perc' is: '-3.9 %'

16-05-2025T11:08:42 - [TEST_STEP][PASSED] - a32 = ").trim(): Text of object 'Object Repository/Выручка в рублях/span3 Perc' is: '0.02 %'

16-05-2025T11:08:43 - [MESSAGE][PASSED] - Text of object 'Object Repository/Выручка в рублях/span3 Perc' is: '0.02 %'

16-05-2025T11:08:43 - [TEST_STEP][PASSED] - a34 = ").trim(): Text of object 'Object Repository/Выручка в рублях/span4 Perc' is: '-1.71 %'

16-05-2025T11:08:43 - [MESSAGE][PASSED] - Text of object 'Object Repository/Выручка в рублях/span4 Perc' is: '-1.71 %'

16-05-2025T11:08:43 - [TEST_STEP][PASSED] - a35 = ").trim(): Text of object 'Object Repository/Выручка в рублях/span5 Perc' is: '3.65 %'

16-05-2025T11:08:43 - [MESSAGE][PASSED] - Text of object 'Object Repository/Выручка в рублях/span5 Perc' is: '3.65 %'

16-05-2025T11:08:43 - [TEST_STEP][PASSED] - a36 = ").trim(): Text of object 'Object Repository/Выручка в рублях/span6 Perc' is: '0.19 %'

16-05-2025T11:08:43 - [MESSAGE][PASSED] - Text of object 'Object Repository/Выручка в рублях/span6 Perc' is: '0.19 %'

16-05-2025T11:08:43 - [TEST_STEP][PASSED] - a37 = ").trim(): Text of object 'Object Repository/Выручка в рублях/span7 Perc' is: '-5.06 %'

16-05-2025T11:08:44 - [MESSAGE][PASSED] - Text of object 'Object Repository/Выручка в рублях/span7 Perc' is: '-5.06 %'

16-05-2025T11:08:44 - [TEST_STEP][PASSED] - a38 = ").trim(): Text of object 'Object Repository/Выручка в рублях/span8 Perc' is: '1.44 %'

16-05-2025T11:08:44 - [MESSAGE][PASSED] - Text of object 'Object Repository/Выручка в рублях/span8 Perc' is: '1.44 %'

16-05-2025T11:08:44 - [TEST_STEP][PASSED] - a39 = ").trim(): Text of object 'Object Repository/Выручка в рублях/span9 Perc' is: '-1.28 %'

16-05-2025T11:08:44 - [MESSAGE][PASSED] - Text of object 'Object Repository/Выручка в рублях/span9 Perc' is: '-1.28 %'

16-05-2025T11:08:44 - [TEST_STEP][PASSED] - a310 = ").trim(): Text of object 'Object Repository/Выручка в рублях/span10 Perc' is: '2.77 %'

16-05-2025T11:08:45 - [MESSAGE][PASSED] - Text of object 'Object Repository/Выручка в рублях/span10 Perc' is: '2.77 %'

16-05-2025T11:08:45 - [TEST_STEP][PASSED] - a311 = ").trim(): Text of object 'Object Repository/Выручка в рублях/span11 Perc' is: '-1.88 %'

16-05-2025T11:08:45 - [MESSAGE][PASSED] - Text of object 'Object Repository/Выручка в рублях/span11 Perc' is: '-1.88 %'

16-05-2025T11:08:45 - [TEST_STEP][PASSED] - a312 = ").trim(): Text of object 'Object Repository/Выручка в рублях/span12 Perc' is: '-9.44 %'

16-05-2025T11:08:45 - [MESSAGE][PASSED] - Text of object 'Object Repository/Выручка в рублях/span12 Perc' is: '-9.44 %'

16-05-2025T11:08:45 - [TEST_STEP][PASSED] - a313 = ").trim(): Text of object 'Object Repository/Выручка в рублях/span13 Perc' is: '-3.15 %'

16-05-2025T11:08:45 - [MESSAGE][PASSED] - Text of object 'Object Repository/Выручка в рублях/span13 Perc' is: '-3.15 %'

16-05-2025T11:08:45 - [TEST_STEP][PASSED] - a314 = ").trim(): Text of object 'Object Repository/Выручка в рублях/span14 Perc' is: '1.98 %'

16-05-2025T11:08:46 - [MESSAGE][PASSED] - Text of object 'Object Repository/Выручка в рублях/span14 Perc' is: '1.98 %'

16-05-2025T11:08:46 - [TEST_STEP][PASSED] - a315 = ").trim(): Text of object 'Object Repository/Выручка в рублях/span15 Perc' is: '-2.23 %'

16-05-2025T11:08:46 - [MESSAGE][PASSED] - Text of object 'Object Repository/Выручка в рублях/span15 Perc' is: '-2.23 %'

16-05-2025T11:08:46 - [TEST_STEP][PASSED] - a316 = ").trim(): Text of object 'Object Repository/Выручка в рублях/span16 Perc' is: '-2.34 %'

16-05-2025T11:08:46 - [MESSAGE][PASSED] - Text of object 'Object Repository/Выручка в рублях/span16 Perc' is: '-2.34 %'

16-05-2025T11:08:46 - [TEST_STEP][PASSED] - a317 = ").trim(): Text of object 'Object Repository/Выручка в рублях/span17 Perc' is: '-0.06 %'

16-05-2025T11:08:47 - [MESSAGE][PASSED] - Text of object 'Object Repository/Выручка в рублях/span17 Perc' is: '-0.06 %'

16-05-2025T11:08:47 - [TEST_STEP][PASSED] - a318 = ").trim(): Text of object 'Object Repository/Выручка в рублях/span18 Perc' is: '1.02 %'

16-05-2025T11:08:47 - [MESSAGE][PASSED] - Text of object 'Object Repository/Выручка в рублях/span18 Perc' is: '1.02 %'

16-05-2025T11:08:47 - [TEST_STEP][PASSED] - block = 2: null

16-05-2025T11:08:47 - [TEST_STEP][PASSED] - nameOfBlock = " Выручка": null

16-05-2025T11:08:47 - [TEST_STEP][PASSED] - Script1742558545601.PreSettings(run, vir, block, nameOfBlock, typeOfData, todaysDate): null

16-05-2025T11:08:47 - [TEST_STEP][PASSED] - openBrowser(""): Browser is opened with url: ''

16-05-2025T11:08:47 - [MESSAGE][WARNING] - A browser is already opened. Closing browser and opening a new one

16-05-2025T11:08:47 - [MESSAGE][INFO] - Starting 'Chrome' driver

16-05-2025T11:08:47 - [MESSAGE][INFO] - Action delay is set to 0 milliseconds

16-05-2025T11:08:48 - [MESSAGE][PASSED] - Browser is opened with url: ''

16-05-2025T11:08:48 - [TEST_STEP][PASSED] - refresh(): Refresh successfully

16-05-2025T11:08:48 - [MESSAGE][PASSED] - Refresh successfully

16-05-2025T11:08:48 - [TEST_STEP][PASSED] - delay(50): Delayed 50 second(s)

16-05-2025T11:09:38 - [MESSAGE][PASSED] - Delayed 50 second(s)

16-05-2025T11:09:38 - [TEST_STEP][PASSED] - println("run:" + run): null

16-05-2025T11:09:38 - [TEST_STEP][PASSED] - println("vir:" + vir): null

16-05-2025T11:09:38 - [TEST_STEP][PASSED] - println("block:" + block): null

16-05-2025T11:09:38 - [TEST_STEP][PASSED] - if (block == 1): null

16-05-2025T11:09:38 - [TEST_STEP][PASSED] - else: null

16-05-2025T11:09:38 - [TEST_STEP][PASSED] - nameOfBlock = " Выручка": null

16-05-2025T11:09:38 - [TEST_STEP][PASSED] - println("nameOfBlock:" + nameOfBlock): null

16-05-2025T11:09:38 - [TEST_STEP][PASSED] - println("typeOfData:" + typeOfData): null

16-05-2025T11:09:38 - [TEST_STEP][PASSED] - println("todaysDate:" + todaysDate): null

16-05-2025T11:09:38 - [TEST_STEP][PASSED] - Script1742558545601.Autorization(block, nameOfBlock): null

16-05-2025T11:09:38 - [TEST_STEP][PASSED] - i = <not implemented yet for class: org.codehaus.groovy.ast.expr.EmptyExpression>: null

16-05-2025T11:09:38 - [TEST_STEP][PASSED] - ii = <not implemented yet for class: org.codehaus.groovy.ast.expr.EmptyExpression>: null

16-05-2025T11:09:38 - [TEST_STEP][PASSED] - urlData = <not implemented yet for class: org.codehaus.groovy.ast.expr.EmptyExpression>: null

16-05-2025T11:09:38 - [TEST_STEP][PASSED] - searchWord = <not implemented yet for class: org.codehaus.groovy.ast.expr.EmptyExpression>: null

16-05-2025T11:09:38 - [TEST_STEP][PASSED] - urlText = <not implemented yet for class: org.codehaus.groovy.ast.expr.EmptyExpression>: null

16-05-2025T11:09:38 - [TEST_STEP][PASSED] - println("block:" + block): null

16-05-2025T11:09:38 - [TEST_STEP][PASSED] - if (block == 1): null

16-05-2025T11:09:38 - [TEST_STEP][PASSED] - else: null

16-05-2025T11:09:38 - [TEST_STEP][PASSED] - delay(45): Delayed 45 second(s)

16-05-2025T11:10:23 - [MESSAGE][PASSED] - Delayed 45 second(s)

16-05-2025T11:10:23 - [TEST_STEP][PASSED] - nameOfBlock = " Выручка": null

16-05-2025T11:10:23 - [TEST_STEP][PASSED] - println("nameOfBlock:" + nameOfBlock): null

16-05-2025T11:10:23 - [TEST_STEP][PASSED] - if (block == 1): null

16-05-2025T11:10:23 - [TEST_STEP][PASSED] - else: Delayed 45 second(s)

16-05-2025T11:10:23 - [TEST_STEP][PASSED] - urlData = 9: null

16-05-2025T11:10:23 - [TEST_STEP][PASSED] - delay(45): Delayed 45 second(s)

16-05-2025T11:11:08 - [MESSAGE][PASSED] - Delayed 45 second(s)

16-05-2025T11:11:08 - [TEST_STEP][PASSED] - navigateToUrl(findTestData("PlanFact").getValue(10, urlData)): Navigate to 'https://bi.rosseti.digital/viewer?dashboardGuid=a1fd28b3785d443cbc4d7690a1d78e31&sheetGuid=86092a20c5984827a0c87b24cac76a50&fit=true' successfully

16-05-2025T11:11:10 - [MESSAGE][PASSED] - Navigate to 'https://bi.rosseti.digital/viewer?dashboardGuid=a1fd28b3785d443cbc4d7690a1d78e31&sheetGuid=86092a20c5984827a0c87b24cac76a50&fit=true' successfully

16-05-2025T11:11:10 - [TEST_STEP][PASSED] - urlText = getText(findTestObject("Страница авторизации/Text")): Text of object 'Object Repository/Страница авторизации/Text' is: 'Вход'

16-05-2025T11:11:11 - [MESSAGE][PASSED] - Text of object 'Object Repository/Страница авторизации/Text' is: 'Вход'

16-05-2025T11:11:11 - [TEST_STEP][PASSED] - searchWord = "Вход": null

16-05-2025T11:11:11 - [TEST_STEP][PASSED] - if (urlText == null || urlText.contains("ошибка") || urlText.contains(searchWord) == false): null

16-05-2025T11:11:11 - [TEST_STEP][PASSED] - if (verifyElementPresent(findTestObject("Страница авторизации/button_"), 30) == true): null

16-05-2025T11:11:11 - [MESSAGE][PASSED] - Object 'Object Repository/Страница авторизации/button_' is present

16-05-2025T11:11:11 - [TEST_STEP][PASSED] - setText(findTestObject("Страница авторизации/input__username"), findTestData("PlanFact").getValue(8, 1)): Text 'liazgina-di' is set on object 'Object Repository/Страница авторизации/input__username'

16-05-2025T11:11:12 - [MESSAGE][PASSED] - Text 'liazgina-di' is set on object 'Object Repository/Страница авторизации/input__username'

16-05-2025T11:11:12 - [TEST_STEP][PASSED] - setText(findTestObject("Страница авторизации/input__password"), findTestData("PlanFact").getValue(9, 1)): Text ')$%5srZ8o688Dm#q' is set on object 'Object Repository/Страница авторизации/input__password'

16-05-2025T11:11:13 - [MESSAGE][PASSED] - Text ')$%5srZ8o688Dm#q' is set on object 'Object Repository/Страница авторизации/input__password'

16-05-2025T11:11:13 - [TEST_STEP][PASSED] - click(findTestObject("Страница авторизации/button_")): Object: 'Object Repository/Страница авторизации/button_' is clicked on

16-05-2025T11:11:14 - [MESSAGE][PASSED] - Object: 'Object Repository/Страница авторизации/button_' is clicked on

16-05-2025T11:11:14 - [TEST_STEP][PASSED] - delay(45): Delayed 45 second(s)

16-05-2025T11:11:59 - [MESSAGE][PASSED] - Delayed 45 second(s)

16-05-2025T11:11:59 - [TEST_STEP][PASSED] - urlText = getText(findTestObject("Страница авторизации/Text")): Text of object 'Object Repository/Страница авторизации/Text' is: 'Период
Январь, Февраль, Март 2025 года
Выручка
Все
Выполнение плановых показателей, млн.руб.
План
Факт
Динамика
2025 год
0 млн.руб.
50 000 млн.руб.
100 000 млн.руб.
150 000 млн.руб.
200 000 млн.руб.
250 000 млн.руб.
300 000 млн.руб.
350 000 млн.руб.
400 000 млн.руб.
450 000 млн.руб.
500 000 млн.руб.
550 000 млн.руб.
469 817
463 075
↓
ДЗО 
Все
Подписи данных
⬤Отклонение
АО "РЭС"
АО «Тываэнерго»
АО «Чеченэнерго»
Россети Волга
Россети Кубань
Россети Ленэнерго (ГК)
Россети Московский регион
Россети Северный Кавказ (ГК)
Россети Северо-Запад
Россети Сибирь (ГК)
Россети Томск
Россети Тюмень
Россети Урал (ГК)
Россети ФСК ЕЭС
Россети Центр
Россети Центр и Приволжье (ГК)
Россети Юг (ГК)
Россети Янтарь
-4 000 млн.руб.
-3 500 млн.руб.
-3 000 млн.руб.
-2 500 млн.руб.
-2 000 млн.руб.
-1 500 млн.руб.
-1 000 млн.руб.
- 500 млн.руб.
0 млн.руб.
500 млн.руб.
1 000 млн.руб.
1 500 млн.руб.
2 000 млн.руб.
-261
55
-27
-537
786
62
-3 345
-271
-253
876
-57
-2 765
-987
1 670
-805
-905
-11
31
млн.
%
Выручка
Отклонение выручки по ПАО Россети за Январь, Февраль, Март 2025 года (факт/план, млн. руб)
ПАО Россети
-6 742.2 млн.руб.
Статус данных
ВЫБРАННЫЕ ЗНАЧЕНИЯ ФИЛЬТРОВ
ДЗО | ПЕРИОД
ПАО Россети: [«Выбраны все филиалы по всем ДЗО по всем категориям»]
2025: [Янв, Фев, Мар]
*Внутренний оборот'

16-05-2025T11:11:59 - [MESSAGE][PASSED] - Text of object 'Object Repository/Страница авторизации/Text' is: 'Период
Январь, Февраль, Март 2025 года
Выручка
Все
Выполнение плановых показателей, млн.руб.
План
Факт
Динамика
2025 год
0 млн.руб.
50 000 млн.руб.
100 000 млн.руб.
150 000 млн.руб.
200 000 млн.руб.
250 000 млн.руб.
300 000 млн.руб.
350 000 млн.руб.
400 000 млн.руб.
450 000 млн.руб.
500 000 млн.руб.
550 000 млн.руб.
469 817
463 075
↓
ДЗО 
Все
Подписи данных
⬤Отклонение
АО "РЭС"
АО «Тываэнерго»
АО «Чеченэнерго»
Россети Волга
Россети Кубань
Россети Ленэнерго (ГК)
Россети Московский регион
Россети Северный Кавказ (ГК)
Россети Северо-Запад
Россети Сибирь (ГК)
Россети Томск
Россети Тюмень
Россети Урал (ГК)
Россети ФСК ЕЭС
Россети Центр
Россети Центр и Приволжье (ГК)
Россети Юг (ГК)
Россети Янтарь
-4 000 млн.руб.
-3 500 млн.руб.
-3 000 млн.руб.
-2 500 млн.руб.
-2 000 млн.руб.
-1 500 млн.руб.
-1 000 млн.руб.
- 500 млн.руб.
0 млн.руб.
500 млн.руб.
1 000 млн.руб.
1 500 млн.руб.
2 000 млн.руб.
-261
55
-27
-537
786
62
-3 345
-271
-253
876
-57
-2 765
-987
1 670
-805
-905
-11
31
млн.
%
Выручка
Отклонение выручки по ПАО Россети за Январь, Февраль, Март 2025 года (факт/план, млн. руб)
ПАО Россети
-6 742.2 млн.руб.
Статус данных
ВЫБРАННЫЕ ЗНАЧЕНИЯ ФИЛЬТРОВ
ДЗО | ПЕРИОД
ПАО Россети: [«Выбраны все филиалы по всем ДЗО по всем категориям»]
2025: [Янв, Фев, Мар]
*Внутренний оборот'

16-05-2025T11:11:59 - [TEST_STEP][PASSED] - searchWord = "а": null

16-05-2025T11:11:59 - [TEST_STEP][PASSED] - if (urlText.contains("ошибка") || urlText.contains(searchWord) == false): null

16-05-2025T11:11:59 - [TEST_STEP][PASSED] - delay(45): Delayed 45 second(s)

16-05-2025T11:12:44 - [MESSAGE][PASSED] - Delayed 45 second(s)

16-05-2025T11:12:44 - [TEST_STEP][PASSED] - if (block == 2): null

16-05-2025T11:12:44 - [TEST_STEP][PASSED] - opoveshenie = getText(findTestObject("Выручка в рублях/Просьба обратить внимание")): Text of object 'Object Repository/Выручка в рублях/Просьба обратить внимание' is: ''

16-05-2025T11:12:45 - [MESSAGE][PASSED] - Text of object 'Object Repository/Выручка в рублях/Просьба обратить внимание' is: ''

16-05-2025T11:12:45 - [TEST_STEP][PASSED] - if (opoveshenie == "Просьба обратить внимание"): null

16-05-2025T11:12:45 - [TEST_STEP][PASSED] - click(findTestObject("Выручка в рублях/Фильтр Период" + nameOfBlock)): Object: 'Object Repository/Выручка в рублях/Фильтр Период Выручка' is clicked on

16-05-2025T11:12:45 - [MESSAGE][PASSED] - Object: 'Object Repository/Выручка в рублях/Фильтр Период Выручка' is clicked on

16-05-2025T11:12:45 - [TEST_STEP][PASSED] - click(findTestObject("Выручка в рублях/Снять выделение в фильтре Дата" + nameOfBlock)): Object: 'Object Repository/Выручка в рублях/Снять выделение в фильтре Дата Выручка' is clicked on

16-05-2025T11:12:46 - [MESSAGE][PASSED] - Object: 'Object Repository/Выручка в рублях/Снять выделение в фильтре Дата Выручка' is clicked on

16-05-2025T11:12:46 - [TEST_STEP][PASSED] - click(findTestObject("Выручка в рублях/Применить в фильтре Дата" + nameOfBlock)): Object: 'Object Repository/Выручка в рублях/Применить в фильтре Дата Выручка' is clicked on

16-05-2025T11:12:46 - [MESSAGE][PASSED] - Object: 'Object Repository/Выручка в рублях/Применить в фильтре Дата Выручка' is clicked on

16-05-2025T11:12:46 - [TEST_STEP][PASSED] - delay(50): Delayed 50 second(s)

16-05-2025T11:13:36 - [MESSAGE][PASSED] - Delayed 50 second(s)

16-05-2025T11:13:36 - [TEST_STEP][PASSED] - click(findTestObject("Выручка в рублях/Фильтр Период" + nameOfBlock)): Object: 'Object Repository/Выручка в рублях/Фильтр Период Выручка' is clicked on

16-05-2025T11:13:37 - [MESSAGE][PASSED] - Object: 'Object Repository/Выручка в рублях/Фильтр Период Выручка' is clicked on

16-05-2025T11:13:37 - [TEST_STEP][PASSED] - click(findTestObject("Выручка в рублях/Снять выделение в фильтре Дата" + nameOfBlock)): Object: 'Object Repository/Выручка в рублях/Снять выделение в фильтре Дата Выручка' is clicked on

16-05-2025T11:13:37 - [MESSAGE][PASSED] - Object: 'Object Repository/Выручка в рублях/Снять выделение в фильтре Дата Выручка' is clicked on

16-05-2025T11:13:37 - [TEST_STEP][PASSED] - scrollToElement(findTestObject("Выручка в рублях/2025 список" + nameOfBlock), 30): Scroll to object 'Object Repository/Выручка в рублях/2025 список Выручка' successfully

16-05-2025T11:13:37 - [MESSAGE][PASSED] - Scroll to object 'Object Repository/Выручка в рублях/2025 список Выручка' successfully

16-05-2025T11:13:37 - [TEST_STEP][PASSED] - click(findTestObject("Выручка в рублях/2025 список" + nameOfBlock)): Object: 'Object Repository/Выручка в рублях/2025 список Выручка' is clicked on

16-05-2025T11:13:38 - [MESSAGE][PASSED] - Object: 'Object Repository/Выручка в рублях/2025 список Выручка' is clicked on

16-05-2025T11:13:38 - [TEST_STEP][PASSED] - scrollToElement(findTestObject("Выручка в рублях/1 квартал 2025 список" + nameOfBlock), 30): Scroll to object 'Object Repository/Выручка в рублях/1 квартал 2025 список Выручка' successfully

16-05-2025T11:13:38 - [MESSAGE][PASSED] - Scroll to object 'Object Repository/Выручка в рублях/1 квартал 2025 список Выручка' successfully

16-05-2025T11:13:38 - [TEST_STEP][PASSED] - click(findTestObject("Выручка в рублях/1 квартал 2025 выбрать" + nameOfBlock)): Object: 'Object Repository/Выручка в рублях/1 квартал 2025 выбрать Выручка' is clicked on

16-05-2025T11:13:39 - [MESSAGE][PASSED] - Object: 'Object Repository/Выручка в рублях/1 квартал 2025 выбрать Выручка' is clicked on

16-05-2025T11:13:39 - [TEST_STEP][PASSED] - scrollToElement(findTestObject("Выручка в рублях/Заголовок дашборда" + nameOfBlock), 30): Scroll to object 'Object Repository/Выручка в рублях/Заголовок дашборда Выручка' successfully

16-05-2025T11:13:39 - [MESSAGE][PASSED] - Scroll to object 'Object Repository/Выручка в рублях/Заголовок дашборда Выручка' successfully

16-05-2025T11:13:39 - [TEST_STEP][PASSED] - click(findTestObject("Выручка в рублях/Применить в фильтре Дата" + nameOfBlock)): Object: 'Object Repository/Выручка в рублях/Применить в фильтре Дата Выручка' is clicked on

16-05-2025T11:13:40 - [MESSAGE][PASSED] - Object: 'Object Repository/Выручка в рублях/Применить в фильтре Дата Выручка' is clicked on

16-05-2025T11:13:40 - [TEST_STEP][PASSED] - delay(55): Delayed 55 second(s)

16-05-2025T11:14:35 - [MESSAGE][PASSED] - Delayed 55 second(s)

16-05-2025T11:14:35 - [TEST_STEP][PASSED] - click(findTestObject("Выручка в рублях/Фильтр ДЗО" + nameOfBlock)): Object: 'Object Repository/Выручка в рублях/Фильтр ДЗО Выручка' is clicked on

16-05-2025T11:14:35 - [MESSAGE][PASSED] - Object: 'Object Repository/Выручка в рублях/Фильтр ДЗО Выручка' is clicked on

16-05-2025T11:14:35 - [TEST_STEP][PASSED] - click(findTestObject("Выручка в рублях/Снять выделение в фильтре ДЗО" + nameOfBlock)): Object: 'Object Repository/Выручка в рублях/Снять выделение в фильтре ДЗО Выручка' is clicked on

16-05-2025T11:14:36 - [MESSAGE][PASSED] - Object: 'Object Repository/Выручка в рублях/Снять выделение в фильтре ДЗО Выручка' is clicked on

16-05-2025T11:14:36 - [TEST_STEP][PASSED] - click(findTestObject("Выручка в рублях/Применить в фильтре ДЗО" + nameOfBlock)): Object: 'Object Repository/Выручка в рублях/Применить в фильтре ДЗО Выручка' is clicked on

16-05-2025T11:14:36 - [MESSAGE][PASSED] - Object: 'Object Repository/Выручка в рублях/Применить в фильтре ДЗО Выручка' is clicked on

16-05-2025T11:14:36 - [TEST_STEP][PASSED] - delay(50): Delayed 50 second(s)

16-05-2025T11:15:26 - [MESSAGE][PASSED] - Delayed 50 second(s)

16-05-2025T11:15:26 - [TEST_STEP][PASSED] - Script1742558545601.Tumbler(run, vir, block, nameOfBlock): null

16-05-2025T11:15:26 - [TEST_STEP][PASSED] - println("run:" + run): null

16-05-2025T11:15:26 - [TEST_STEP][PASSED] - println("vir:" + vir): null

16-05-2025T11:15:26 - [TEST_STEP][PASSED] - println("block:" + block): null

16-05-2025T11:15:26 - [TEST_STEP][PASSED] - println("nameOfBlock:" + nameOfBlock): null

16-05-2025T11:15:26 - [TEST_STEP][PASSED] - if (vir == 1): null

16-05-2025T11:15:26 - [TEST_STEP][PASSED] - else if (vir == 2): Object: 'Object Repository/Выручка в рублях/Применить в фильтре Выручка Выручка' is clicked on

16-05-2025T11:15:26 - [TEST_STEP][PASSED] - if (run == 2): Object: 'Object Repository/Выручка в рублях/Переключить отображение с млн на проценты Выручка в рублях Выручка' is clicked on

16-05-2025T11:15:26 - [TEST_STEP][PASSED] - click(findTestObject("Выручка в рублях/Переключить отображение с млн на проценты Выручка в рублях" + nameOfBlock)): Object: 'Object Repository/Выручка в рублях/Переключить отображение с млн на проценты Выручка в рублях Выручка' is clicked on

16-05-2025T11:15:26 - [MESSAGE][PASSED] - Object: 'Object Repository/Выручка в рублях/Переключить отображение с млн на проценты Выручка в рублях Выручка' is clicked on

16-05-2025T11:15:26 - [TEST_STEP][PASSED] - click(findTestObject("Выручка в рублях/Фильтр Выручка" + nameOfBlock)): Object: 'Object Repository/Выручка в рублях/Фильтр Выручка Выручка' is clicked on

16-05-2025T11:15:27 - [MESSAGE][PASSED] - Object: 'Object Repository/Выручка в рублях/Фильтр Выручка Выручка' is clicked on

16-05-2025T11:15:27 - [TEST_STEP][PASSED] - click(findTestObject("Выручка в рублях/Итого в фильтре Выручка" + nameOfBlock)): Object: 'Object Repository/Выручка в рублях/Итого в фильтре Выручка Выручка' is clicked on

16-05-2025T11:15:27 - [MESSAGE][PASSED] - Object: 'Object Repository/Выручка в рублях/Итого в фильтре Выручка Выручка' is clicked on

16-05-2025T11:15:27 - [TEST_STEP][PASSED] - click(findTestObject("Выручка в рублях/Применить в фильтре Выручка" + nameOfBlock)): Object: 'Object Repository/Выручка в рублях/Применить в фильтре Выручка Выручка' is clicked on

16-05-2025T11:15:28 - [MESSAGE][PASSED] - Object: 'Object Repository/Выручка в рублях/Применить в фильтре Выручка Выручка' is clicked on

16-05-2025T11:15:28 - [TEST_STEP][PASSED] - click(findTestObject("Выручка в рублях/Фильтр ДЗО" + nameOfBlock)): Object: 'Object Repository/Выручка в рублях/Фильтр ДЗО Выручка' is clicked on

16-05-2025T11:15:30 - [MESSAGE][PASSED] - Object: 'Object Repository/Выручка в рублях/Фильтр ДЗО Выручка' is clicked on

16-05-2025T11:15:30 - [TEST_STEP][PASSED] - Script1742558545601.Rosseti(nameOfBlock): null

16-05-2025T11:15:30 - [TEST_STEP][PASSED] - println("nameOfBlock:" + nameOfBlock): null

16-05-2025T11:15:30 - [TEST_STEP][PASSED] - click(findTestObject("Выручка в рублях/ПАО Россети" + nameOfBlock)): Object: 'Object Repository/Выручка в рублях/ПАО Россети Выручка' is clicked on

16-05-2025T11:15:30 - [MESSAGE][PASSED] - Object: 'Object Repository/Выручка в рублях/ПАО Россети Выручка' is clicked on

16-05-2025T11:15:30 - [TEST_STEP][PASSED] - click(findTestObject("Выручка в рублях/Применить в фильтре ДЗО" + nameOfBlock)): Object: 'Object Repository/Выручка в рублях/Применить в фильтре ДЗО Выручка' is clicked on

16-05-2025T11:15:31 - [MESSAGE][PASSED] - Object: 'Object Repository/Выручка в рублях/Применить в фильтре ДЗО Выручка' is clicked on

16-05-2025T11:15:31 - [TEST_STEP][PASSED] - if (vir == 1 || vir == 2): Text of object 'Object Repository/Выручка в рублях/График План Выручка' is: '461 942'

16-05-2025T11:15:31 - [TEST_STEP][PASSED] - b1 = getText(findTestObject("Выручка в рублях/График План Выручка")): Text of object 'Object Repository/Выручка в рублях/График План Выручка' is: '461 942'

16-05-2025T11:15:32 - [MESSAGE][PASSED] - Text of object 'Object Repository/Выручка в рублях/График План Выручка' is: '461 942'

16-05-2025T11:15:32 - [TEST_STEP][PASSED] - if (vir == 1 || vir == 2): Text of object 'Object Repository/Выручка в рублях/График Факт Выручка' is: '455 530'

16-05-2025T11:15:32 - [TEST_STEP][PASSED] - b2 = getText(findTestObject("Выручка в рублях/График Факт Выручка")): Text of object 'Object Repository/Выручка в рублях/График Факт Выручка' is: '455 530'

16-05-2025T11:15:32 - [MESSAGE][PASSED] - Text of object 'Object Repository/Выручка в рублях/График Факт Выручка' is: '455 530'

16-05-2025T11:15:32 - [TEST_STEP][PASSED] - b30 = getText(findTestObject("Выручка в рублях/span1" + perc)): Text of object 'Object Repository/Выручка в рублях/span1 Perc' is: '-1.39 %'

16-05-2025T11:15:33 - [MESSAGE][PASSED] - Text of object 'Object Repository/Выручка в рублях/span1 Perc' is: '-1.39 %'

16-05-2025T11:15:33 - [TEST_STEP][PASSED] - i = b30.indexOf("млн.руб."): null

16-05-2025T11:15:33 - [TEST_STEP][PASSED] - if (i > -1): null

16-05-2025T11:15:33 - [TEST_STEP][PASSED] - if (b30.contains("%")): null

16-05-2025T11:15:33 - [TEST_STEP][PASSED] - b30 = b30.replaceAll("%", ""): null

16-05-2025T11:15:33 - [TEST_STEP][PASSED] - b30 = ").trim(): null

16-05-2025T11:15:33 - [TEST_STEP][PASSED] - println("b30: " + b30): null

16-05-2025T11:15:33 - [TEST_STEP][PASSED] - if (vir == 1): null

16-05-2025T11:15:33 - [TEST_STEP][PASSED] - else if (vir == 2): Text of object 'Object Repository/Выручка в рублях/span18 Perc' is: '1.02 %'

16-05-2025T11:15:33 - [TEST_STEP][PASSED] - b31 = ").trim(): Text of object 'Object Repository/Выручка в рублях/span2 Perc' is: '-3.9 %'

16-05-2025T11:15:33 - [MESSAGE][PASSED] - Text of object 'Object Repository/Выручка в рублях/span2 Perc' is: '-3.9 %'

16-05-2025T11:15:33 - [TEST_STEP][PASSED] - b32 = ").trim(): Text of object 'Object Repository/Выручка в рублях/span3 Perc' is: '0.02 %'

16-05-2025T11:15:33 - [MESSAGE][PASSED] - Text of object 'Object Repository/Выручка в рублях/span3 Perc' is: '0.02 %'

16-05-2025T11:15:33 - [TEST_STEP][PASSED] - b34 = ").trim(): Text of object 'Object Repository/Выручка в рублях/span4 Perc' is: '-1.71 %'

16-05-2025T11:15:34 - [MESSAGE][PASSED] - Text of object 'Object Repository/Выручка в рублях/span4 Perc' is: '-1.71 %'

16-05-2025T11:15:34 - [TEST_STEP][PASSED] - b35 = ").trim(): Text of object 'Object Repository/Выручка в рублях/span5 Perc' is: '3.65 %'

16-05-2025T11:15:34 - [MESSAGE][PASSED] - Text of object 'Object Repository/Выручка в рублях/span5 Perc' is: '3.65 %'

16-05-2025T11:15:34 - [TEST_STEP][PASSED] - b36 = ").trim(): Text of object 'Object Repository/Выручка в рублях/span6 Perc' is: '0.19 %'

16-05-2025T11:15:34 - [MESSAGE][PASSED] - Text of object 'Object Repository/Выручка в рублях/span6 Perc' is: '0.19 %'

16-05-2025T11:15:34 - [TEST_STEP][PASSED] - b37 = ").trim(): Text of object 'Object Repository/Выручка в рублях/span7 Perc' is: '-5.06 %'

16-05-2025T11:15:34 - [MESSAGE][PASSED] - Text of object 'Object Repository/Выручка в рублях/span7 Perc' is: '-5.06 %'

16-05-2025T11:15:34 - [TEST_STEP][PASSED] - b38 = ").trim(): Text of object 'Object Repository/Выручка в рублях/span8 Perc' is: '1.44 %'

16-05-2025T11:15:35 - [MESSAGE][PASSED] - Text of object 'Object Repository/Выручка в рублях/span8 Perc' is: '1.44 %'

16-05-2025T11:15:35 - [TEST_STEP][PASSED] - b39 = ").trim(): Text of object 'Object Repository/Выручка в рублях/span9 Perc' is: '-1.28 %'

16-05-2025T11:15:35 - [MESSAGE][PASSED] - Text of object 'Object Repository/Выручка в рублях/span9 Perc' is: '-1.28 %'

16-05-2025T11:15:35 - [TEST_STEP][PASSED] - b310 = ").trim(): Text of object 'Object Repository/Выручка в рублях/span10 Perc' is: '2.77 %'

16-05-2025T11:15:35 - [MESSAGE][PASSED] - Text of object 'Object Repository/Выручка в рублях/span10 Perc' is: '2.77 %'

16-05-2025T11:15:35 - [TEST_STEP][PASSED] - b311 = ").trim(): Text of object 'Object Repository/Выручка в рублях/span11 Perc' is: '-1.88 %'

16-05-2025T11:15:36 - [MESSAGE][PASSED] - Text of object 'Object Repository/Выручка в рублях/span11 Perc' is: '-1.88 %'

16-05-2025T11:15:36 - [TEST_STEP][PASSED] - b312 = ").trim(): Text of object 'Object Repository/Выручка в рублях/span12 Perc' is: '-9.44 %'

16-05-2025T11:15:36 - [MESSAGE][PASSED] - Text of object 'Object Repository/Выручка в рублях/span12 Perc' is: '-9.44 %'

16-05-2025T11:15:36 - [TEST_STEP][PASSED] - b313 = ").trim(): Text of object 'Object Repository/Выручка в рублях/span13 Perc' is: '-3.15 %'

16-05-2025T11:15:36 - [MESSAGE][PASSED] - Text of object 'Object Repository/Выручка в рублях/span13 Perc' is: '-3.15 %'

16-05-2025T11:15:36 - [TEST_STEP][PASSED] - b314 = ").trim(): Text of object 'Object Repository/Выручка в рублях/span14 Perc' is: '1.98 %'

16-05-2025T11:15:36 - [MESSAGE][PASSED] - Text of object 'Object Repository/Выручка в рублях/span14 Perc' is: '1.98 %'

16-05-2025T11:15:36 - [TEST_STEP][PASSED] - b315 = ").trim(): Text of object 'Object Repository/Выручка в рублях/span15 Perc' is: '-2.23 %'

16-05-2025T11:15:37 - [MESSAGE][PASSED] - Text of object 'Object Repository/Выручка в рублях/span15 Perc' is: '-2.23 %'

16-05-2025T11:15:37 - [TEST_STEP][PASSED] - b316 = ").trim(): Text of object 'Object Repository/Выручка в рублях/span16 Perc' is: '-2.34 %'

16-05-2025T11:15:37 - [MESSAGE][PASSED] - Text of object 'Object Repository/Выручка в рублях/span16 Perc' is: '-2.34 %'

16-05-2025T11:15:37 - [TEST_STEP][PASSED] - b317 = ").trim(): Text of object 'Object Repository/Выручка в рублях/span17 Perc' is: '-0.06 %'

16-05-2025T11:15:37 - [MESSAGE][PASSED] - Text of object 'Object Repository/Выручка в рублях/span17 Perc' is: '-0.06 %'

16-05-2025T11:15:37 - [TEST_STEP][PASSED] - b318 = ").trim(): Text of object 'Object Repository/Выручка в рублях/span18 Perc' is: '1.02 %'

16-05-2025T11:15:38 - [MESSAGE][PASSED] - Text of object 'Object Repository/Выручка в рублях/span18 Perc' is: '1.02 %'

16-05-2025T11:15:38 - [TEST_STEP][PASSED] - dZO = "ПАО Россети": null

16-05-2025T11:15:38 - [TEST_STEP][PASSED] - if (verifyEqual(a1, b1) == false): Actual object '461 942' and expected object '461 942' are equal

16-05-2025T11:15:38 - [MESSAGE][PASSED] - Actual object '461 942' and expected object '461 942' are equal

16-05-2025T11:15:38 - [TEST_STEP][PASSED] - if (verifyEqual(a2, b2) == false): Actual object '455 530' and expected object '455 530' are equal

16-05-2025T11:15:38 - [MESSAGE][PASSED] - Actual object '455 530' and expected object '455 530' are equal

16-05-2025T11:15:38 - [TEST_STEP][PASSED] - vidget = "Отклонения": null

16-05-2025T11:15:38 - [TEST_STEP][PASSED] - if (verifyEqual(a30, b30) == false): Actual object '-1.39' and expected object '-1.39' are equal

16-05-2025T11:15:38 - [MESSAGE][PASSED] - Actual object '-1.39' and expected object '-1.39' are equal

16-05-2025T11:15:38 - [TEST_STEP][PASSED] - dZO = "АО «РЭС»": null

16-05-2025T11:15:38 - [TEST_STEP][PASSED] - if (verifyEqual(a31, b31) == false): Actual object '-3.9' and expected object '-3.9' are equal

16-05-2025T11:15:38 - [MESSAGE][PASSED] - Actual object '-3.9' and expected object '-3.9' are equal

16-05-2025T11:15:38 - [TEST_STEP][PASSED] - dZO = "АО «Тываэнерго»": null

16-05-2025T11:15:38 - [TEST_STEP][PASSED] - if (verifyEqual(a32, b32) == false): Actual object '0.02' and expected object '0.02' are equal

16-05-2025T11:15:38 - [MESSAGE][PASSED] - Actual object '0.02' and expected object '0.02' are equal

16-05-2025T11:15:38 - [TEST_STEP][PASSED] - dZO = "АО «Чеченэнерго»": null

16-05-2025T11:15:38 - [TEST_STEP][PASSED] - if (verifyEqual(a33, b33) == false): Actual object 'null' and expected object 'null' are equal

16-05-2025T11:15:38 - [MESSAGE][PASSED] - Actual object 'null' and expected object 'null' are equal

16-05-2025T11:15:38 - [TEST_STEP][PASSED] - dZO = "Россети Волга": null

16-05-2025T11:15:38 - [TEST_STEP][PASSED] - if (verifyEqual(a34, b34) == false): Actual object '-1.71' and expected object '-1.71' are equal

16-05-2025T11:15:38 - [MESSAGE][PASSED] - Actual object '-1.71' and expected object '-1.71' are equal

16-05-2025T11:15:38 - [TEST_STEP][PASSED] - dZO = "Россети Кубань": null

16-05-2025T11:15:38 - [TEST_STEP][PASSED] - if (verifyEqual(a35, b35) == false): Actual object '3.65' and expected object '3.65' are equal

16-05-2025T11:15:38 - [MESSAGE][PASSED] - Actual object '3.65' and expected object '3.65' are equal

16-05-2025T11:15:38 - [TEST_STEP][PASSED] - dZO = "Россети Ленэнерго (ГК)": null

16-05-2025T11:15:38 - [TEST_STEP][PASSED] - if (verifyEqual(a36, b36) == false): Actual object '0.19' and expected object '0.19' are equal

16-05-2025T11:15:38 - [MESSAGE][PASSED] - Actual object '0.19' and expected object '0.19' are equal

16-05-2025T11:15:38 - [TEST_STEP][PASSED] - dZO = "Россети Московский регион": null

16-05-2025T11:15:38 - [TEST_STEP][PASSED] - if (verifyEqual(a37, b37) == false): Actual object '-5.06' and expected object '-5.06' are equal

16-05-2025T11:15:38 - [MESSAGE][PASSED] - Actual object '-5.06' and expected object '-5.06' are equal

16-05-2025T11:15:38 - [TEST_STEP][PASSED] - dZO = "Россети Северный Кавказ (ГК)": null

16-05-2025T11:15:38 - [TEST_STEP][PASSED] - if (verifyEqual(a38, b38) == false): Actual object '1.44' and expected object '1.44' are equal

16-05-2025T11:15:38 - [MESSAGE][PASSED] - Actual object '1.44' and expected object '1.44' are equal

16-05-2025T11:15:38 - [TEST_STEP][PASSED] - dZO = "Россети Северо-Запад": null

16-05-2025T11:15:38 - [TEST_STEP][PASSED] - if (verifyEqual(a39, b39) == false): Actual object '-1.28' and expected object '-1.28' are equal

16-05-2025T11:15:38 - [MESSAGE][PASSED] - Actual object '-1.28' and expected object '-1.28' are equal

16-05-2025T11:15:38 - [TEST_STEP][PASSED] - dZO = "Россети Сибирь (ГК)": null

16-05-2025T11:15:38 - [TEST_STEP][PASSED] - if (verifyEqual(a310, b310) == false): Actual object '2.77' and expected object '2.77' are equal

16-05-2025T11:15:38 - [MESSAGE][PASSED] - Actual object '2.77' and expected object '2.77' are equal

16-05-2025T11:15:38 - [TEST_STEP][PASSED] - dZO = "Россети Томск": null

16-05-2025T11:15:38 - [TEST_STEP][PASSED] - if (verifyEqual(a311, b311) == false): Actual object '-1.88' and expected object '-1.88' are equal

16-05-2025T11:15:38 - [MESSAGE][PASSED] - Actual object '-1.88' and expected object '-1.88' are equal

16-05-2025T11:15:38 - [TEST_STEP][PASSED] - dZO = "Россети Тюмень": null

16-05-2025T11:15:38 - [TEST_STEP][PASSED] - if (verifyEqual(a312, b312) == false): Actual object '-9.44' and expected object '-9.44' are equal

16-05-2025T11:15:38 - [MESSAGE][PASSED] - Actual object '-9.44' and expected object '-9.44' are equal

16-05-2025T11:15:38 - [TEST_STEP][PASSED] - dZO = "Россети Урал (ГК)": null

16-05-2025T11:15:38 - [TEST_STEP][PASSED] - if (verifyEqual(a313, b313) == false): Actual object '-3.15' and expected object '-3.15' are equal

16-05-2025T11:15:38 - [MESSAGE][PASSED] - Actual object '-3.15' and expected object '-3.15' are equal

16-05-2025T11:15:38 - [TEST_STEP][PASSED] - dZO = "Россети ФСК ЕЭС": null

16-05-2025T11:15:38 - [TEST_STEP][PASSED] - if (verifyEqual(a314, b314) == false): Actual object '1.98' and expected object '1.98' are equal

16-05-2025T11:15:38 - [MESSAGE][PASSED] - Actual object '1.98' and expected object '1.98' are equal

16-05-2025T11:15:38 - [TEST_STEP][PASSED] - dZO = "Россети Центр": null

16-05-2025T11:15:38 - [TEST_STEP][PASSED] - if (verifyEqual(a315, b315) == false): Actual object '-2.23' and expected object '-2.23' are equal

16-05-2025T11:15:38 - [MESSAGE][PASSED] - Actual object '-2.23' and expected object '-2.23' are equal

16-05-2025T11:15:38 - [TEST_STEP][PASSED] - dZO = "Россети Центр и Приволжье (ГК)": null

16-05-2025T11:15:38 - [TEST_STEP][PASSED] - if (verifyEqual(a316, b316) == false): Actual object '-2.34' and expected object '-2.34' are equal

16-05-2025T11:15:38 - [MESSAGE][PASSED] - Actual object '-2.34' and expected object '-2.34' are equal

16-05-2025T11:15:38 - [TEST_STEP][PASSED] - dZO = "Россети Юг (ГК)": null

16-05-2025T11:15:38 - [TEST_STEP][PASSED] - if (verifyEqual(a317, b317) == false): Actual object '-0.06' and expected object '-0.06' are equal

16-05-2025T11:15:38 - [MESSAGE][PASSED] - Actual object '-0.06' and expected object '-0.06' are equal

16-05-2025T11:15:38 - [TEST_STEP][PASSED] - dZO = "Россети Янтарь": null

16-05-2025T11:15:38 - [TEST_STEP][PASSED] - if (verifyEqual(a318, b318) == false): Actual object '1.02' and expected object '1.02' are equal

16-05-2025T11:15:38 - [MESSAGE][PASSED] - Actual object '1.02' and expected object '1.02' are equal

16-05-2025T11:15:38 - [TEST_STEP][PASSED] - closeBrowser(): null

16-05-2025T11:15:38 - [MESSAGE][PASSED] - Browser is closed

16-05-2025T11:15:38 - [TEST_STEP][PASSED] - Script1742558545601.Blocks(run, vir, block, nameOfBlock, typeOfData, viruchka, vidget, todaysDate, a, b, dZO, x, y): null

16-05-2025T11:15:38 - [TEST_STEP][PASSED] - i = <not implemented yet for class: org.codehaus.groovy.ast.expr.EmptyExpression>: null

16-05-2025T11:15:38 - [TEST_STEP][PASSED] - perc = "": null

16-05-2025T11:15:38 - [TEST_STEP][PASSED] - a1 = <not implemented yet for class: org.codehaus.groovy.ast.expr.EmptyExpression>: null

16-05-2025T11:15:38 - [TEST_STEP][PASSED] - a2 = <not implemented yet for class: org.codehaus.groovy.ast.expr.EmptyExpression>: null

16-05-2025T11:15:38 - [TEST_STEP][PASSED] - a30 = <not implemented yet for class: org.codehaus.groovy.ast.expr.EmptyExpression>: null

16-05-2025T11:15:38 - [TEST_STEP][PASSED] - a31 = <not implemented yet for class: org.codehaus.groovy.ast.expr.EmptyExpression>: null

16-05-2025T11:15:38 - [TEST_STEP][PASSED] - a32 = <not implemented yet for class: org.codehaus.groovy.ast.expr.EmptyExpression>: null

16-05-2025T11:15:38 - [TEST_STEP][PASSED] - a33 = <not implemented yet for class: org.codehaus.groovy.ast.expr.EmptyExpression>: null

16-05-2025T11:15:38 - [TEST_STEP][PASSED] - a34 = <not implemented yet for class: org.codehaus.groovy.ast.expr.EmptyExpression>: null

16-05-2025T11:15:38 - [TEST_STEP][PASSED] - a35 = <not implemented yet for class: org.codehaus.groovy.ast.expr.EmptyExpression>: null

16-05-2025T11:15:38 - [TEST_STEP][PASSED] - a36 = <not implemented yet for class: org.codehaus.groovy.ast.expr.EmptyExpression>: null

16-05-2025T11:15:38 - [TEST_STEP][PASSED] - a37 = <not implemented yet for class: org.codehaus.groovy.ast.expr.EmptyExpression>: null

16-05-2025T11:15:38 - [TEST_STEP][PASSED] - a38 = <not implemented yet for class: org.codehaus.groovy.ast.expr.EmptyExpression>: null

16-05-2025T11:15:38 - [TEST_STEP][PASSED] - a39 = <not implemented yet for class: org.codehaus.groovy.ast.expr.EmptyExpression>: null

16-05-2025T11:15:38 - [TEST_STEP][PASSED] - a310 = <not implemented yet for class: org.codehaus.groovy.ast.expr.EmptyExpression>: null

16-05-2025T11:15:38 - [TEST_STEP][PASSED] - a311 = <not implemented yet for class: org.codehaus.groovy.ast.expr.EmptyExpression>: null

16-05-2025T11:15:38 - [TEST_STEP][PASSED] - a312 = <not implemented yet for class: org.codehaus.groovy.ast.expr.EmptyExpression>: null

16-05-2025T11:15:38 - [TEST_STEP][PASSED] - a313 = <not implemented yet for class: org.codehaus.groovy.ast.expr.EmptyExpression>: null

16-05-2025T11:15:38 - [TEST_STEP][PASSED] - a314 = <not implemented yet for class: org.codehaus.groovy.ast.expr.EmptyExpression>: null

16-05-2025T11:15:38 - [TEST_STEP][PASSED] - a315 = <not implemented yet for class: org.codehaus.groovy.ast.expr.EmptyExpression>: null

16-05-2025T11:15:38 - [TEST_STEP][PASSED] - a316 = <not implemented yet for class: org.codehaus.groovy.ast.expr.EmptyExpression>: null

16-05-2025T11:15:38 - [TEST_STEP][PASSED] - a317 = <not implemented yet for class: org.codehaus.groovy.ast.expr.EmptyExpression>: null

16-05-2025T11:15:38 - [TEST_STEP][PASSED] - a318 = <not implemented yet for class: org.codehaus.groovy.ast.expr.EmptyExpression>: null

16-05-2025T11:15:38 - [TEST_STEP][PASSED] - b1 = <not implemented yet for class: org.codehaus.groovy.ast.expr.EmptyExpression>: null

16-05-2025T11:15:38 - [TEST_STEP][PASSED] - b2 = <not implemented yet for class: org.codehaus.groovy.ast.expr.EmptyExpression>: null

16-05-2025T11:15:38 - [TEST_STEP][PASSED] - b30 = <not implemented yet for class: org.codehaus.groovy.ast.expr.EmptyExpression>: null

16-05-2025T11:15:38 - [TEST_STEP][PASSED] - b31 = <not implemented yet for class: org.codehaus.groovy.ast.expr.EmptyExpression>: null

16-05-2025T11:15:38 - [TEST_STEP][PASSED] - b32 = <not implemented yet for class: org.codehaus.groovy.ast.expr.EmptyExpression>: null

16-05-2025T11:15:38 - [TEST_STEP][PASSED] - b33 = <not implemented yet for class: org.codehaus.groovy.ast.expr.EmptyExpression>: null

16-05-2025T11:15:38 - [TEST_STEP][PASSED] - b34 = <not implemented yet for class: org.codehaus.groovy.ast.expr.EmptyExpression>: null

16-05-2025T11:15:38 - [TEST_STEP][PASSED] - b35 = <not implemented yet for class: org.codehaus.groovy.ast.expr.EmptyExpression>: null

16-05-2025T11:15:38 - [TEST_STEP][PASSED] - b36 = <not implemented yet for class: org.codehaus.groovy.ast.expr.EmptyExpression>: null

16-05-2025T11:15:38 - [TEST_STEP][PASSED] - b37 = <not implemented yet for class: org.codehaus.groovy.ast.expr.EmptyExpression>: null

16-05-2025T11:15:38 - [TEST_STEP][PASSED] - b38 = <not implemented yet for class: org.codehaus.groovy.ast.expr.EmptyExpression>: null

16-05-2025T11:15:38 - [TEST_STEP][PASSED] - b39 = <not implemented yet for class: org.codehaus.groovy.ast.expr.EmptyExpression>: null

16-05-2025T11:15:38 - [TEST_STEP][PASSED] - b310 = <not implemented yet for class: org.codehaus.groovy.ast.expr.EmptyExpression>: null

16-05-2025T11:15:38 - [TEST_STEP][PASSED] - b311 = <not implemented yet for class: org.codehaus.groovy.ast.expr.EmptyExpression>: null

16-05-2025T11:15:38 - [TEST_STEP][PASSED] - b312 = <not implemented yet for class: org.codehaus.groovy.ast.expr.EmptyExpression>: null

16-05-2025T11:15:38 - [TEST_STEP][PASSED] - b313 = <not implemented yet for class: org.codehaus.groovy.ast.expr.EmptyExpression>: null

16-05-2025T11:15:38 - [TEST_STEP][PASSED] - b314 = <not implemented yet for class: org.codehaus.groovy.ast.expr.EmptyExpression>: null

16-05-2025T11:15:38 - [TEST_STEP][PASSED] - b315 = <not implemented yet for class: org.codehaus.groovy.ast.expr.EmptyExpression>: null

16-05-2025T11:15:38 - [TEST_STEP][PASSED] - b316 = <not implemented yet for class: org.codehaus.groovy.ast.expr.EmptyExpression>: null

16-05-2025T11:15:38 - [TEST_STEP][PASSED] - b317 = <not implemented yet for class: org.codehaus.groovy.ast.expr.EmptyExpression>: null

16-05-2025T11:15:38 - [TEST_STEP][PASSED] - b318 = <not implemented yet for class: org.codehaus.groovy.ast.expr.EmptyExpression>: null

16-05-2025T11:15:38 - [TEST_STEP][PASSED] - block = 1: null

16-05-2025T11:15:38 - [TEST_STEP][PASSED] - nameOfBlock = "": null

16-05-2025T11:15:38 - [TEST_STEP][PASSED] - Script1742558545601.PreSettings(run, vir, block, nameOfBlock, typeOfData, todaysDate): null

16-05-2025T11:15:38 - [TEST_STEP][PASSED] - openBrowser(""): Browser is opened with url: ''

16-05-2025T11:15:38 - [MESSAGE][INFO] - Starting 'Chrome' driver

16-05-2025T11:15:38 - [MESSAGE][INFO] - Action delay is set to 0 milliseconds

16-05-2025T11:15:39 - [MESSAGE][PASSED] - Browser is opened with url: ''

16-05-2025T11:15:39 - [TEST_STEP][PASSED] - refresh(): Refresh successfully

16-05-2025T11:15:39 - [MESSAGE][PASSED] - Refresh successfully

16-05-2025T11:15:39 - [TEST_STEP][PASSED] - delay(50): Delayed 50 second(s)

16-05-2025T11:16:29 - [MESSAGE][PASSED] - Delayed 50 second(s)

16-05-2025T11:16:29 - [TEST_STEP][PASSED] - println("run:" + run): null

16-05-2025T11:16:29 - [TEST_STEP][PASSED] - println("vir:" + vir): null

16-05-2025T11:16:29 - [TEST_STEP][PASSED] - println("block:" + block): null

16-05-2025T11:16:29 - [TEST_STEP][PASSED] - if (block == 1): null

16-05-2025T11:16:29 - [TEST_STEP][PASSED] - nameOfBlock = "": null

16-05-2025T11:16:29 - [TEST_STEP][PASSED] - println("nameOfBlock:" + nameOfBlock): null

16-05-2025T11:16:29 - [TEST_STEP][PASSED] - println("typeOfData:" + typeOfData): null

16-05-2025T11:16:29 - [TEST_STEP][PASSED] - println("todaysDate:" + todaysDate): null

16-05-2025T11:16:29 - [TEST_STEP][PASSED] - Script1742558545601.Autorization(block, nameOfBlock): null

16-05-2025T11:16:29 - [TEST_STEP][PASSED] - i = <not implemented yet for class: org.codehaus.groovy.ast.expr.EmptyExpression>: null

16-05-2025T11:16:29 - [TEST_STEP][PASSED] - ii = <not implemented yet for class: org.codehaus.groovy.ast.expr.EmptyExpression>: null

16-05-2025T11:16:29 - [TEST_STEP][PASSED] - urlData = <not implemented yet for class: org.codehaus.groovy.ast.expr.EmptyExpression>: null

16-05-2025T11:16:29 - [TEST_STEP][PASSED] - searchWord = <not implemented yet for class: org.codehaus.groovy.ast.expr.EmptyExpression>: null

16-05-2025T11:16:29 - [TEST_STEP][PASSED] - urlText = <not implemented yet for class: org.codehaus.groovy.ast.expr.EmptyExpression>: null

16-05-2025T11:16:29 - [TEST_STEP][PASSED] - println("block:" + block): null

16-05-2025T11:16:29 - [TEST_STEP][PASSED] - if (block == 1): null

16-05-2025T11:16:29 - [TEST_STEP][PASSED] - nameOfBlock = "": null

16-05-2025T11:16:29 - [TEST_STEP][PASSED] - println("nameOfBlock:" + nameOfBlock): null

16-05-2025T11:16:29 - [TEST_STEP][PASSED] - if (block == 1): Delayed 45 second(s)

16-05-2025T11:16:29 - [TEST_STEP][PASSED] - urlData = 2: null

16-05-2025T11:16:29 - [TEST_STEP][PASSED] - delay(45): Delayed 45 second(s)

16-05-2025T11:17:14 - [MESSAGE][PASSED] - Delayed 45 second(s)

16-05-2025T11:17:14 - [TEST_STEP][PASSED] - navigateToUrl(findTestData("PlanFact").getValue(10, urlData)): Navigate to 'https://bi.rosseti.digital/viewer?dashboardGuid=2301950b23be4ed89c1df75f2020051e&sheetGuid=b723206f698544fb87299f3095c00435&fit=true' successfully

16-05-2025T11:17:17 - [MESSAGE][PASSED] - Navigate to 'https://bi.rosseti.digital/viewer?dashboardGuid=2301950b23be4ed89c1df75f2020051e&sheetGuid=b723206f698544fb87299f3095c00435&fit=true' successfully

16-05-2025T11:17:17 - [TEST_STEP][PASSED] - urlText = getText(findTestObject("Страница авторизации/Text")): Text of object 'Object Repository/Страница авторизации/Text' is: 'Вход'

16-05-2025T11:17:17 - [MESSAGE][PASSED] - Text of object 'Object Repository/Страница авторизации/Text' is: 'Вход'

16-05-2025T11:17:17 - [TEST_STEP][PASSED] - searchWord = "Вход": null

16-05-2025T11:17:17 - [TEST_STEP][PASSED] - if (urlText == null || urlText.contains("ошибка") || urlText.contains(searchWord) == false): null

16-05-2025T11:17:17 - [TEST_STEP][PASSED] - if (verifyElementPresent(findTestObject("Страница авторизации/button_"), 30) == true): null

16-05-2025T11:17:18 - [MESSAGE][PASSED] - Object 'Object Repository/Страница авторизации/button_' is present

16-05-2025T11:17:18 - [TEST_STEP][PASSED] - setText(findTestObject("Страница авторизации/input__username"), findTestData("PlanFact").getValue(8, 1)): Text 'liazgina-di' is set on object 'Object Repository/Страница авторизации/input__username'

16-05-2025T11:17:18 - [MESSAGE][PASSED] - Text 'liazgina-di' is set on object 'Object Repository/Страница авторизации/input__username'

16-05-2025T11:17:18 - [TEST_STEP][PASSED] - setText(findTestObject("Страница авторизации/input__password"), findTestData("PlanFact").getValue(9, 1)): Text ')$%5srZ8o688Dm#q' is set on object 'Object Repository/Страница авторизации/input__password'

16-05-2025T11:17:19 - [MESSAGE][PASSED] - Text ')$%5srZ8o688Dm#q' is set on object 'Object Repository/Страница авторизации/input__password'

16-05-2025T11:17:19 - [TEST_STEP][PASSED] - click(findTestObject("Страница авторизации/button_")): Object: 'Object Repository/Страница авторизации/button_' is clicked on

16-05-2025T11:17:20 - [MESSAGE][PASSED] - Object: 'Object Repository/Страница авторизации/button_' is clicked on

16-05-2025T11:17:20 - [TEST_STEP][PASSED] - delay(45): Delayed 45 second(s)

16-05-2025T11:18:05 - [MESSAGE][PASSED] - Delayed 45 second(s)

16-05-2025T11:18:05 - [TEST_STEP][PASSED] - urlText = getText(findTestObject("Страница авторизации/Text")): Text of object 'Object Repository/Страница авторизации/Text' is: 'Период
1 кв. 2025 года
Выручка
Все
Выполнение плановых показателей по ПАО Россети за 1 кв. 2025 года
План
Факт
Динамика
2025 год
0 млн.руб.
50 000 млн.руб.
100 000 млн.руб.
150 000 млн.руб.
200 000 млн.руб.
250 000 млн.руб.
300 000 млн.руб.
350 000 млн.руб.
400 000 млн.руб.
450 000 млн.руб.
500 000 млн.руб.
550 000 млн.руб.
469 817
463 075
↓
ДЗО 
Все
Внутренний оборот - выручка за услуги по передаче электрической энергии, учтенная в выручке за электроэнергию для конечных потребителей, при выполнении ДЗО функций гарантирующего поставщика
Подписи данных
⬤Отклонение
АО "РЭС"
АО «Тываэнерго»
АО «Чеченэнерго»
Россети Волга
Россети Кубань
Россети Ленэнерго (ГК)
Россети Московский регион
Россети Северный Кавказ (ГК)
Россети Северо-Запад
Россети Сибирь (ГК)
Россети Томск
Россети Тюмень
Россети Урал (ГК)
Россети ФСК ЕЭС
Россети Центр
Россети Центр и Приволжье (ГК)
Россети Юг (ГК)
Россети Янтарь
-4 000 млн.руб.
-3 500 млн.руб.
-3 000 млн.руб.
-2 500 млн.руб.
-2 000 млн.руб.
-1 500 млн.руб.
-1 000 млн.руб.
- 500 млн.руб.
0 млн.руб.
500 млн.руб.
1 000 млн.руб.
1 500 млн.руб.
2 000 млн.руб.
-261
55
-27
-537
786
62
-3 345
-271
-253
876
-57
-2 765
-987
1 670
-805
-905
-11
31
млн.
%
Выручка
Отклонение выручки по ПАО Россети за 1 кв. 2025 года (факт/план, млн. руб)
ПАО Россети
-6 742.2 млн.руб.
 '

16-05-2025T11:18:06 - [MESSAGE][PASSED] - Text of object 'Object Repository/Страница авторизации/Text' is: 'Период
1 кв. 2025 года
Выручка
Все
Выполнение плановых показателей по ПАО Россети за 1 кв. 2025 года
План
Факт
Динамика
2025 год
0 млн.руб.
50 000 млн.руб.
100 000 млн.руб.
150 000 млн.руб.
200 000 млн.руб.
250 000 млн.руб.
300 000 млн.руб.
350 000 млн.руб.
400 000 млн.руб.
450 000 млн.руб.
500 000 млн.руб.
550 000 млн.руб.
469 817
463 075
↓
ДЗО 
Все
Внутренний оборот - выручка за услуги по передаче электрической энергии, учтенная в выручке за электроэнергию для конечных потребителей, при выполнении ДЗО функций гарантирующего поставщика
Подписи данных
⬤Отклонение
АО "РЭС"
АО «Тываэнерго»
АО «Чеченэнерго»
Россети Волга
Россети Кубань
Россети Ленэнерго (ГК)
Россети Московский регион
Россети Северный Кавказ (ГК)
Россети Северо-Запад
Россети Сибирь (ГК)
Россети Томск
Россети Тюмень
Россети Урал (ГК)
Россети ФСК ЕЭС
Россети Центр
Россети Центр и Приволжье (ГК)
Россети Юг (ГК)
Россети Янтарь
-4 000 млн.руб.
-3 500 млн.руб.
-3 000 млн.руб.
-2 500 млн.руб.
-2 000 млн.руб.
-1 500 млн.руб.
-1 000 млн.руб.
- 500 млн.руб.
0 млн.руб.
500 млн.руб.
1 000 млн.руб.
1 500 млн.руб.
2 000 млн.руб.
-261
55
-27
-537
786
62
-3 345
-271
-253
876
-57
-2 765
-987
1 670
-805
-905
-11
31
млн.
%
Выручка
Отклонение выручки по ПАО Россети за 1 кв. 2025 года (факт/план, млн. руб)
ПАО Россети
-6 742.2 млн.руб.
 '

16-05-2025T11:18:06 - [TEST_STEP][PASSED] - searchWord = "а": null

16-05-2025T11:18:06 - [TEST_STEP][PASSED] - if (urlText.contains("ошибка") || urlText.contains(searchWord) == false): null

16-05-2025T11:18:06 - [TEST_STEP][PASSED] - delay(45): Delayed 45 second(s)

16-05-2025T11:18:51 - [MESSAGE][PASSED] - Delayed 45 second(s)

16-05-2025T11:18:51 - [TEST_STEP][PASSED] - if (block == 2): null

16-05-2025T11:18:51 - [TEST_STEP][PASSED] - click(findTestObject("Выручка в рублях/Фильтр Период" + nameOfBlock)): Object: 'Object Repository/Выручка в рублях/Фильтр Период' is clicked on

16-05-2025T11:18:51 - [MESSAGE][PASSED] - Object: 'Object Repository/Выручка в рублях/Фильтр Период' is clicked on

16-05-2025T11:18:51 - [TEST_STEP][PASSED] - click(findTestObject("Выручка в рублях/Снять выделение в фильтре Дата" + nameOfBlock)): Object: 'Object Repository/Выручка в рублях/Снять выделение в фильтре Дата' is clicked on

16-05-2025T11:18:52 - [MESSAGE][PASSED] - Object: 'Object Repository/Выручка в рублях/Снять выделение в фильтре Дата' is clicked on

16-05-2025T11:18:52 - [TEST_STEP][PASSED] - click(findTestObject("Выручка в рублях/Применить в фильтре Дата" + nameOfBlock)): Object: 'Object Repository/Выручка в рублях/Применить в фильтре Дата' is clicked on

16-05-2025T11:18:52 - [MESSAGE][PASSED] - Object: 'Object Repository/Выручка в рублях/Применить в фильтре Дата' is clicked on

16-05-2025T11:18:52 - [TEST_STEP][PASSED] - delay(50): Delayed 50 second(s)

16-05-2025T11:19:42 - [MESSAGE][PASSED] - Delayed 50 second(s)

16-05-2025T11:19:42 - [TEST_STEP][PASSED] - click(findTestObject("Выручка в рублях/Фильтр Период" + nameOfBlock)): Object: 'Object Repository/Выручка в рублях/Фильтр Период' is clicked on

16-05-2025T11:19:43 - [MESSAGE][PASSED] - Object: 'Object Repository/Выручка в рублях/Фильтр Период' is clicked on

16-05-2025T11:19:43 - [TEST_STEP][PASSED] - click(findTestObject("Выручка в рублях/Снять выделение в фильтре Дата" + nameOfBlock)): Object: 'Object Repository/Выручка в рублях/Снять выделение в фильтре Дата' is clicked on

16-05-2025T11:19:43 - [MESSAGE][PASSED] - Object: 'Object Repository/Выручка в рублях/Снять выделение в фильтре Дата' is clicked on

16-05-2025T11:19:43 - [TEST_STEP][PASSED] - scrollToElement(findTestObject("Выручка в рублях/2025 список" + nameOfBlock), 30): Scroll to object 'Object Repository/Выручка в рублях/2025 список' successfully

16-05-2025T11:19:43 - [MESSAGE][PASSED] - Scroll to object 'Object Repository/Выручка в рублях/2025 список' successfully

16-05-2025T11:19:43 - [TEST_STEP][PASSED] - click(findTestObject("Выручка в рублях/2025 список" + nameOfBlock)): Object: 'Object Repository/Выручка в рублях/2025 список' is clicked on

16-05-2025T11:19:44 - [MESSAGE][PASSED] - Object: 'Object Repository/Выручка в рублях/2025 список' is clicked on

16-05-2025T11:19:44 - [TEST_STEP][PASSED] - scrollToElement(findTestObject("Выручка в рублях/1 квартал 2025 список" + nameOfBlock), 30): Scroll to object 'Object Repository/Выручка в рублях/1 квартал 2025 список' successfully

16-05-2025T11:19:44 - [MESSAGE][PASSED] - Scroll to object 'Object Repository/Выручка в рублях/1 квартал 2025 список' successfully

16-05-2025T11:19:44 - [TEST_STEP][PASSED] - click(findTestObject("Выручка в рублях/1 квартал 2025 выбрать" + nameOfBlock)): Object: 'Object Repository/Выручка в рублях/1 квартал 2025 выбрать' is clicked on

16-05-2025T11:19:45 - [MESSAGE][PASSED] - Object: 'Object Repository/Выручка в рублях/1 квартал 2025 выбрать' is clicked on

16-05-2025T11:19:45 - [TEST_STEP][PASSED] - scrollToElement(findTestObject("Выручка в рублях/Заголовок дашборда" + nameOfBlock), 30): Scroll to object 'Object Repository/Выручка в рублях/Заголовок дашборда' successfully

16-05-2025T11:19:45 - [MESSAGE][PASSED] - Scroll to object 'Object Repository/Выручка в рублях/Заголовок дашборда' successfully

16-05-2025T11:19:45 - [TEST_STEP][PASSED] - click(findTestObject("Выручка в рублях/Применить в фильтре Дата" + nameOfBlock)): Object: 'Object Repository/Выручка в рублях/Применить в фильтре Дата' is clicked on

16-05-2025T11:19:46 - [MESSAGE][PASSED] - Object: 'Object Repository/Выручка в рублях/Применить в фильтре Дата' is clicked on

16-05-2025T11:19:46 - [TEST_STEP][PASSED] - delay(55): Delayed 55 second(s)

16-05-2025T11:20:41 - [MESSAGE][PASSED] - Delayed 55 second(s)

16-05-2025T11:20:41 - [TEST_STEP][PASSED] - click(findTestObject("Выручка в рублях/Фильтр ДЗО" + nameOfBlock)): Object: 'Object Repository/Выручка в рублях/Фильтр ДЗО' is clicked on

16-05-2025T11:20:41 - [MESSAGE][PASSED] - Object: 'Object Repository/Выручка в рублях/Фильтр ДЗО' is clicked on

16-05-2025T11:20:41 - [TEST_STEP][PASSED] - click(findTestObject("Выручка в рублях/Снять выделение в фильтре ДЗО" + nameOfBlock)): Object: 'Object Repository/Выручка в рублях/Снять выделение в фильтре ДЗО' is clicked on

16-05-2025T11:20:41 - [MESSAGE][PASSED] - Object: 'Object Repository/Выручка в рублях/Снять выделение в фильтре ДЗО' is clicked on

16-05-2025T11:20:41 - [TEST_STEP][PASSED] - click(findTestObject("Выручка в рублях/Применить в фильтре ДЗО" + nameOfBlock)): Object: 'Object Repository/Выручка в рублях/Применить в фильтре ДЗО' is clicked on

16-05-2025T11:20:42 - [MESSAGE][PASSED] - Object: 'Object Repository/Выручка в рублях/Применить в фильтре ДЗО' is clicked on

16-05-2025T11:20:42 - [TEST_STEP][PASSED] - delay(50): Delayed 50 second(s)

16-05-2025T11:21:32 - [MESSAGE][PASSED] - Delayed 50 second(s)

16-05-2025T11:21:32 - [TEST_STEP][PASSED] - Script1742558545601.Tumbler(run, vir, block, nameOfBlock): null

16-05-2025T11:21:32 - [TEST_STEP][PASSED] - println("run:" + run): null

16-05-2025T11:21:32 - [TEST_STEP][PASSED] - println("vir:" + vir): null

16-05-2025T11:21:32 - [TEST_STEP][PASSED] - println("block:" + block): null

16-05-2025T11:21:32 - [TEST_STEP][PASSED] - println("nameOfBlock:" + nameOfBlock): null

16-05-2025T11:21:32 - [TEST_STEP][PASSED] - if (vir == 1): null

16-05-2025T11:21:32 - [TEST_STEP][PASSED] - else if (vir == 2): null

16-05-2025T11:21:32 - [TEST_STEP][PASSED] - else if (vir == 3): Object: 'Object Repository/Выручка в рублях/Применить в фильтре Выручка' is clicked on

16-05-2025T11:21:32 - [TEST_STEP][PASSED] - if (run == 2): Object: 'Object Repository/Выручка в рублях/Переключить отображение с млн на проценты Выручка в рублях' is clicked on

16-05-2025T11:21:32 - [TEST_STEP][PASSED] - click(findTestObject("Выручка в рублях/Переключить отображение с млн на проценты Выручка в рублях" + nameOfBlock)): Object: 'Object Repository/Выручка в рублях/Переключить отображение с млн на проценты Выручка в рублях' is clicked on

16-05-2025T11:21:32 - [MESSAGE][PASSED] - Object: 'Object Repository/Выручка в рублях/Переключить отображение с млн на проценты Выручка в рублях' is clicked on

16-05-2025T11:21:32 - [TEST_STEP][PASSED] - click(findTestObject("Выручка в рублях/Фильтр Выручка" + nameOfBlock)): Object: 'Object Repository/Выручка в рублях/Фильтр Выручка' is clicked on

16-05-2025T11:21:33 - [MESSAGE][PASSED] - Object: 'Object Repository/Выручка в рублях/Фильтр Выручка' is clicked on

16-05-2025T11:21:33 - [TEST_STEP][PASSED] - click(findTestObject("Выручка в рублях/Внутренний оборот в фильтре Выручка" + nameOfBlock)): Object: 'Object Repository/Выручка в рублях/Внутренний оборот в фильтре Выручка' is clicked on

16-05-2025T11:21:33 - [MESSAGE][PASSED] - Object: 'Object Repository/Выручка в рублях/Внутренний оборот в фильтре Выручка' is clicked on

16-05-2025T11:21:33 - [TEST_STEP][PASSED] - click(findTestObject("Выручка в рублях/Применить в фильтре Выручка" + nameOfBlock)): Object: 'Object Repository/Выручка в рублях/Применить в фильтре Выручка' is clicked on

16-05-2025T11:21:34 - [MESSAGE][PASSED] - Object: 'Object Repository/Выручка в рублях/Применить в фильтре Выручка' is clicked on

16-05-2025T11:21:34 - [TEST_STEP][PASSED] - click(findTestObject("Выручка в рублях/Фильтр ДЗО" + nameOfBlock)): Object: 'Object Repository/Выручка в рублях/Фильтр ДЗО' is clicked on

16-05-2025T11:21:35 - [MESSAGE][PASSED] - Object: 'Object Repository/Выручка в рублях/Фильтр ДЗО' is clicked on

16-05-2025T11:21:35 - [TEST_STEP][PASSED] - Script1742558545601.Rosseti(nameOfBlock): null

16-05-2025T11:21:35 - [TEST_STEP][PASSED] - println("nameOfBlock:" + nameOfBlock): null

16-05-2025T11:21:35 - [TEST_STEP][PASSED] - click(findTestObject("Выручка в рублях/ПАО Россети" + nameOfBlock)): Object: 'Object Repository/Выручка в рублях/ПАО Россети' is clicked on

16-05-2025T11:21:36 - [MESSAGE][PASSED] - Object: 'Object Repository/Выручка в рублях/ПАО Россети' is clicked on

16-05-2025T11:21:36 - [TEST_STEP][PASSED] - click(findTestObject("Выручка в рублях/Применить в фильтре ДЗО" + nameOfBlock)): Object: 'Object Repository/Выручка в рублях/Применить в фильтре ДЗО' is clicked on

16-05-2025T11:21:36 - [MESSAGE][PASSED] - Object: 'Object Repository/Выручка в рублях/Применить в фильтре ДЗО' is clicked on

16-05-2025T11:21:36 - [TEST_STEP][PASSED] - if (run == 2): null

16-05-2025T11:21:36 - [TEST_STEP][PASSED] - perc = " Perc": null

16-05-2025T11:21:36 - [TEST_STEP][PASSED] - if (vir == 1 || vir == 2): null

16-05-2025T11:21:36 - [TEST_STEP][PASSED] - else: Text of object 'Object Repository/Выручка в рублях/vir3Plan' is: '7 875'

16-05-2025T11:21:36 - [TEST_STEP][PASSED] - a1 = getText(findTestObject("Выручка в рублях/vir3Plan")): Text of object 'Object Repository/Выручка в рублях/vir3Plan' is: '7 875'

16-05-2025T11:21:38 - [MESSAGE][PASSED] - Text of object 'Object Repository/Выручка в рублях/vir3Plan' is: '7 875'

16-05-2025T11:21:38 - [TEST_STEP][PASSED] - if (vir == 1 || vir == 2): null

16-05-2025T11:21:38 - [TEST_STEP][PASSED] - else: Text of object 'Object Repository/Выручка в рублях/vir3Fact' is: '7 544'

16-05-2025T11:21:38 - [TEST_STEP][PASSED] - a2 = getText(findTestObject("Выручка в рублях/vir3Fact")): Text of object 'Object Repository/Выручка в рублях/vir3Fact' is: '7 544'

16-05-2025T11:21:38 - [MESSAGE][PASSED] - Text of object 'Object Repository/Выручка в рублях/vir3Fact' is: '7 544'

16-05-2025T11:21:38 - [TEST_STEP][PASSED] - a30 = getText(findTestObject("Выручка в рублях/span1" + perc)): Text of object 'Object Repository/Выручка в рублях/span1 Perc' is: '-4.19 %'

16-05-2025T11:21:38 - [MESSAGE][PASSED] - Text of object 'Object Repository/Выручка в рублях/span1 Perc' is: '-4.19 %'

16-05-2025T11:21:38 - [TEST_STEP][PASSED] - i = a30.indexOf("млн.руб."): null

16-05-2025T11:21:38 - [TEST_STEP][PASSED] - if (i > -1): null

16-05-2025T11:21:38 - [TEST_STEP][PASSED] - if (a30.contains("%")): null

16-05-2025T11:21:38 - [TEST_STEP][PASSED] - a30 = a30.replaceAll("%", ""): null

16-05-2025T11:21:38 - [TEST_STEP][PASSED] - a30 = ").trim(): null

16-05-2025T11:21:38 - [TEST_STEP][PASSED] - println("a30: " + a30): null

16-05-2025T11:21:38 - [TEST_STEP][PASSED] - if (vir == 1): null

16-05-2025T11:21:38 - [TEST_STEP][PASSED] - else if (vir == 2): null

16-05-2025T11:21:38 - [TEST_STEP][PASSED] - else: Text of object 'Object Repository/Выручка в рублях/span5 Perc' is: '0.3 %'

16-05-2025T11:21:38 - [TEST_STEP][PASSED] - a32 = ").trim(): Text of object 'Object Repository/Выручка в рублях/span2 Perc' is: '13.65 %'

16-05-2025T11:21:38 - [MESSAGE][PASSED] - Text of object 'Object Repository/Выручка в рублях/span2 Perc' is: '13.65 %'

16-05-2025T11:21:38 - [TEST_STEP][PASSED] - a33 = ").trim(): Text of object 'Object Repository/Выручка в рублях/span3 Perc' is: '-1.94 %'

16-05-2025T11:21:39 - [MESSAGE][PASSED] - Text of object 'Object Repository/Выручка в рублях/span3 Perc' is: '-1.94 %'

16-05-2025T11:21:39 - [TEST_STEP][PASSED] - a38 = ").trim(): Text of object 'Object Repository/Выручка в рублях/span4 Perc' is: '-6.07 %'

16-05-2025T11:21:39 - [MESSAGE][PASSED] - Text of object 'Object Repository/Выручка в рублях/span4 Perc' is: '-6.07 %'

16-05-2025T11:21:39 - [TEST_STEP][PASSED] - a317 = ").trim(): Text of object 'Object Repository/Выручка в рублях/span5 Perc' is: '0.3 %'

16-05-2025T11:21:39 - [MESSAGE][PASSED] - Text of object 'Object Repository/Выручка в рублях/span5 Perc' is: '0.3 %'

16-05-2025T11:21:39 - [TEST_STEP][PASSED] - block = 2: null

16-05-2025T11:21:39 - [TEST_STEP][PASSED] - nameOfBlock = " Выручка": null

16-05-2025T11:21:39 - [TEST_STEP][PASSED] - Script1742558545601.PreSettings(run, vir, block, nameOfBlock, typeOfData, todaysDate): null

16-05-2025T11:21:39 - [TEST_STEP][PASSED] - openBrowser(""): Browser is opened with url: ''

16-05-2025T11:21:39 - [MESSAGE][WARNING] - A browser is already opened. Closing browser and opening a new one

16-05-2025T11:21:40 - [MESSAGE][INFO] - Starting 'Chrome' driver

16-05-2025T11:21:40 - [MESSAGE][INFO] - Action delay is set to 0 milliseconds

16-05-2025T11:21:40 - [MESSAGE][PASSED] - Browser is opened with url: ''

16-05-2025T11:21:40 - [TEST_STEP][PASSED] - refresh(): Refresh successfully

16-05-2025T11:21:40 - [MESSAGE][PASSED] - Refresh successfully

16-05-2025T11:21:40 - [TEST_STEP][PASSED] - delay(50): Delayed 50 second(s)

16-05-2025T11:22:30 - [MESSAGE][PASSED] - Delayed 50 second(s)

16-05-2025T11:22:30 - [TEST_STEP][PASSED] - println("run:" + run): null

16-05-2025T11:22:30 - [TEST_STEP][PASSED] - println("vir:" + vir): null

16-05-2025T11:22:30 - [TEST_STEP][PASSED] - println("block:" + block): null

16-05-2025T11:22:30 - [TEST_STEP][PASSED] - if (block == 1): null

16-05-2025T11:22:30 - [TEST_STEP][PASSED] - else: null

16-05-2025T11:22:30 - [TEST_STEP][PASSED] - nameOfBlock = " Выручка": null

16-05-2025T11:22:30 - [TEST_STEP][PASSED] - println("nameOfBlock:" + nameOfBlock): null

16-05-2025T11:22:30 - [TEST_STEP][PASSED] - println("typeOfData:" + typeOfData): null

16-05-2025T11:22:30 - [TEST_STEP][PASSED] - println("todaysDate:" + todaysDate): null

16-05-2025T11:22:30 - [TEST_STEP][PASSED] - Script1742558545601.Autorization(block, nameOfBlock): null

16-05-2025T11:22:30 - [TEST_STEP][PASSED] - i = <not implemented yet for class: org.codehaus.groovy.ast.expr.EmptyExpression>: null

16-05-2025T11:22:30 - [TEST_STEP][PASSED] - ii = <not implemented yet for class: org.codehaus.groovy.ast.expr.EmptyExpression>: null

16-05-2025T11:22:30 - [TEST_STEP][PASSED] - urlData = <not implemented yet for class: org.codehaus.groovy.ast.expr.EmptyExpression>: null

16-05-2025T11:22:30 - [TEST_STEP][PASSED] - searchWord = <not implemented yet for class: org.codehaus.groovy.ast.expr.EmptyExpression>: null

16-05-2025T11:22:30 - [TEST_STEP][PASSED] - urlText = <not implemented yet for class: org.codehaus.groovy.ast.expr.EmptyExpression>: null

16-05-2025T11:22:30 - [TEST_STEP][PASSED] - println("block:" + block): null

16-05-2025T11:22:30 - [TEST_STEP][PASSED] - if (block == 1): null

16-05-2025T11:22:30 - [TEST_STEP][PASSED] - else: null

16-05-2025T11:22:30 - [TEST_STEP][PASSED] - delay(45): Delayed 45 second(s)

16-05-2025T11:23:15 - [MESSAGE][PASSED] - Delayed 45 second(s)

16-05-2025T11:23:15 - [TEST_STEP][PASSED] - nameOfBlock = " Выручка": null

16-05-2025T11:23:15 - [TEST_STEP][PASSED] - println("nameOfBlock:" + nameOfBlock): null

16-05-2025T11:23:15 - [TEST_STEP][PASSED] - if (block == 1): null

16-05-2025T11:23:15 - [TEST_STEP][PASSED] - else: Delayed 45 second(s)

16-05-2025T11:23:15 - [TEST_STEP][PASSED] - urlData = 9: null

16-05-2025T11:23:15 - [TEST_STEP][PASSED] - delay(45): Delayed 45 second(s)

16-05-2025T11:24:00 - [MESSAGE][PASSED] - Delayed 45 second(s)

16-05-2025T11:24:00 - [TEST_STEP][PASSED] - navigateToUrl(findTestData("PlanFact").getValue(10, urlData)): Navigate to 'https://bi.rosseti.digital/viewer?dashboardGuid=a1fd28b3785d443cbc4d7690a1d78e31&sheetGuid=86092a20c5984827a0c87b24cac76a50&fit=true' successfully

16-05-2025T11:24:02 - [MESSAGE][PASSED] - Navigate to 'https://bi.rosseti.digital/viewer?dashboardGuid=a1fd28b3785d443cbc4d7690a1d78e31&sheetGuid=86092a20c5984827a0c87b24cac76a50&fit=true' successfully

16-05-2025T11:24:02 - [TEST_STEP][PASSED] - urlText = getText(findTestObject("Страница авторизации/Text")): Text of object 'Object Repository/Страница авторизации/Text' is: 'Вход'

16-05-2025T11:24:03 - [MESSAGE][PASSED] - Text of object 'Object Repository/Страница авторизации/Text' is: 'Вход'

16-05-2025T11:24:03 - [TEST_STEP][PASSED] - searchWord = "Вход": null

16-05-2025T11:24:03 - [TEST_STEP][PASSED] - if (urlText == null || urlText.contains("ошибка") || urlText.contains(searchWord) == false): null

16-05-2025T11:24:03 - [TEST_STEP][PASSED] - if (verifyElementPresent(findTestObject("Страница авторизации/button_"), 30) == true): null

16-05-2025T11:24:04 - [MESSAGE][PASSED] - Object 'Object Repository/Страница авторизации/button_' is present

16-05-2025T11:24:04 - [TEST_STEP][PASSED] - setText(findTestObject("Страница авторизации/input__username"), findTestData("PlanFact").getValue(8, 1)): Text 'liazgina-di' is set on object 'Object Repository/Страница авторизации/input__username'

16-05-2025T11:24:04 - [MESSAGE][PASSED] - Text 'liazgina-di' is set on object 'Object Repository/Страница авторизации/input__username'

16-05-2025T11:24:04 - [TEST_STEP][PASSED] - setText(findTestObject("Страница авторизации/input__password"), findTestData("PlanFact").getValue(9, 1)): Text ')$%5srZ8o688Dm#q' is set on object 'Object Repository/Страница авторизации/input__password'

16-05-2025T11:24:05 - [MESSAGE][PASSED] - Text ')$%5srZ8o688Dm#q' is set on object 'Object Repository/Страница авторизации/input__password'

16-05-2025T11:24:05 - [TEST_STEP][PASSED] - click(findTestObject("Страница авторизации/button_")): Object: 'Object Repository/Страница авторизации/button_' is clicked on

16-05-2025T11:24:06 - [MESSAGE][PASSED] - Object: 'Object Repository/Страница авторизации/button_' is clicked on

16-05-2025T11:24:06 - [TEST_STEP][PASSED] - delay(45): Delayed 45 second(s)

16-05-2025T11:24:51 - [MESSAGE][PASSED] - Delayed 45 second(s)

16-05-2025T11:24:51 - [TEST_STEP][PASSED] - urlText = getText(findTestObject("Страница авторизации/Text")): Text of object 'Object Repository/Страница авторизации/Text' is: 'Период
Январь, Февраль, Март 2025 года
Выручка
Все
Выполнение плановых показателей, млн.руб.
План
Факт
Динамика
2025 год
0 млн.руб.
50 000 млн.руб.
100 000 млн.руб.
150 000 млн.руб.
200 000 млн.руб.
250 000 млн.руб.
300 000 млн.руб.
350 000 млн.руб.
400 000 млн.руб.
450 000 млн.руб.
500 000 млн.руб.
550 000 млн.руб.
469 817
463 075
↓
ДЗО 
Все
Подписи данных
⬤Отклонение
АО "РЭС"
АО «Тываэнерго»
АО «Чеченэнерго»
Россети Волга
Россети Кубань
Россети Ленэнерго (ГК)
Россети Московский регион
Россети Северный Кавказ (ГК)
Россети Северо-Запад
Россети Сибирь (ГК)
Россети Томск
Россети Тюмень
Россети Урал (ГК)
Россети ФСК ЕЭС
Россети Центр
Россети Центр и Приволжье (ГК)
Россети Юг (ГК)
Россети Янтарь
-4 000 млн.руб.
-3 500 млн.руб.
-3 000 млн.руб.
-2 500 млн.руб.
-2 000 млн.руб.
-1 500 млн.руб.
-1 000 млн.руб.
- 500 млн.руб.
0 млн.руб.
500 млн.руб.
1 000 млн.руб.
1 500 млн.руб.
2 000 млн.руб.
-261
55
-27
-537
786
62
-3 345
-271
-253
876
-57
-2 765
-987
1 670
-805
-905
-11
31
млн.
%
Выручка
Отклонение выручки по ПАО Россети за Январь, Февраль, Март 2025 года (факт/план, млн. руб)
ПАО Россети
-6 742.2 млн.руб.
Статус данных
ВЫБРАННЫЕ ЗНАЧЕНИЯ ФИЛЬТРОВ
ДЗО | ПЕРИОД
ПАО Россети: [«Выбраны все филиалы по всем ДЗО по всем категориям»]
2025: [Янв, Фев, Мар]
*Внутренний оборот'

16-05-2025T11:24:52 - [MESSAGE][PASSED] - Text of object 'Object Repository/Страница авторизации/Text' is: 'Период
Январь, Февраль, Март 2025 года
Выручка
Все
Выполнение плановых показателей, млн.руб.
План
Факт
Динамика
2025 год
0 млн.руб.
50 000 млн.руб.
100 000 млн.руб.
150 000 млн.руб.
200 000 млн.руб.
250 000 млн.руб.
300 000 млн.руб.
350 000 млн.руб.
400 000 млн.руб.
450 000 млн.руб.
500 000 млн.руб.
550 000 млн.руб.
469 817
463 075
↓
ДЗО 
Все
Подписи данных
⬤Отклонение
АО "РЭС"
АО «Тываэнерго»
АО «Чеченэнерго»
Россети Волга
Россети Кубань
Россети Ленэнерго (ГК)
Россети Московский регион
Россети Северный Кавказ (ГК)
Россети Северо-Запад
Россети Сибирь (ГК)
Россети Томск
Россети Тюмень
Россети Урал (ГК)
Россети ФСК ЕЭС
Россети Центр
Россети Центр и Приволжье (ГК)
Россети Юг (ГК)
Россети Янтарь
-4 000 млн.руб.
-3 500 млн.руб.
-3 000 млн.руб.
-2 500 млн.руб.
-2 000 млн.руб.
-1 500 млн.руб.
-1 000 млн.руб.
- 500 млн.руб.
0 млн.руб.
500 млн.руб.
1 000 млн.руб.
1 500 млн.руб.
2 000 млн.руб.
-261
55
-27
-537
786
62
-3 345
-271
-253
876
-57
-2 765
-987
1 670
-805
-905
-11
31
млн.
%
Выручка
Отклонение выручки по ПАО Россети за Январь, Февраль, Март 2025 года (факт/план, млн. руб)
ПАО Россети
-6 742.2 млн.руб.
Статус данных
ВЫБРАННЫЕ ЗНАЧЕНИЯ ФИЛЬТРОВ
ДЗО | ПЕРИОД
ПАО Россети: [«Выбраны все филиалы по всем ДЗО по всем категориям»]
2025: [Янв, Фев, Мар]
*Внутренний оборот'

16-05-2025T11:24:52 - [TEST_STEP][PASSED] - searchWord = "а": null

16-05-2025T11:24:52 - [TEST_STEP][PASSED] - if (urlText.contains("ошибка") || urlText.contains(searchWord) == false): null

16-05-2025T11:24:52 - [TEST_STEP][PASSED] - delay(45): Delayed 45 second(s)

16-05-2025T11:25:37 - [MESSAGE][PASSED] - Delayed 45 second(s)

16-05-2025T11:25:37 - [TEST_STEP][PASSED] - if (block == 2): null

16-05-2025T11:25:37 - [TEST_STEP][PASSED] - opoveshenie = getText(findTestObject("Выручка в рублях/Просьба обратить внимание")): Text of object 'Object Repository/Выручка в рублях/Просьба обратить внимание' is: ''

16-05-2025T11:25:37 - [MESSAGE][PASSED] - Text of object 'Object Repository/Выручка в рублях/Просьба обратить внимание' is: ''

16-05-2025T11:25:37 - [TEST_STEP][PASSED] - if (opoveshenie == "Просьба обратить внимание"): null

16-05-2025T11:25:37 - [TEST_STEP][PASSED] - click(findTestObject("Выручка в рублях/Фильтр Период" + nameOfBlock)): Object: 'Object Repository/Выручка в рублях/Фильтр Период Выручка' is clicked on

16-05-2025T11:25:37 - [MESSAGE][PASSED] - Object: 'Object Repository/Выручка в рублях/Фильтр Период Выручка' is clicked on

16-05-2025T11:25:37 - [TEST_STEP][PASSED] - click(findTestObject("Выручка в рублях/Снять выделение в фильтре Дата" + nameOfBlock)): Object: 'Object Repository/Выручка в рублях/Снять выделение в фильтре Дата Выручка' is clicked on

16-05-2025T11:25:38 - [MESSAGE][PASSED] - Object: 'Object Repository/Выручка в рублях/Снять выделение в фильтре Дата Выручка' is clicked on

16-05-2025T11:25:38 - [TEST_STEP][PASSED] - click(findTestObject("Выручка в рублях/Применить в фильтре Дата" + nameOfBlock)): Object: 'Object Repository/Выручка в рублях/Применить в фильтре Дата Выручка' is clicked on

16-05-2025T11:25:39 - [MESSAGE][PASSED] - Object: 'Object Repository/Выручка в рублях/Применить в фильтре Дата Выручка' is clicked on

16-05-2025T11:25:39 - [TEST_STEP][PASSED] - delay(50): Delayed 50 second(s)

16-05-2025T11:26:29 - [MESSAGE][PASSED] - Delayed 50 second(s)

16-05-2025T11:26:29 - [TEST_STEP][PASSED] - click(findTestObject("Выручка в рублях/Фильтр Период" + nameOfBlock)): Object: 'Object Repository/Выручка в рублях/Фильтр Период Выручка' is clicked on

16-05-2025T11:26:29 - [MESSAGE][PASSED] - Object: 'Object Repository/Выручка в рублях/Фильтр Период Выручка' is clicked on

16-05-2025T11:26:29 - [TEST_STEP][PASSED] - click(findTestObject("Выручка в рублях/Снять выделение в фильтре Дата" + nameOfBlock)): Object: 'Object Repository/Выручка в рублях/Снять выделение в фильтре Дата Выручка' is clicked on

16-05-2025T11:26:29 - [MESSAGE][PASSED] - Object: 'Object Repository/Выручка в рублях/Снять выделение в фильтре Дата Выручка' is clicked on

16-05-2025T11:26:29 - [TEST_STEP][PASSED] - scrollToElement(findTestObject("Выручка в рублях/2025 список" + nameOfBlock), 30): Scroll to object 'Object Repository/Выручка в рублях/2025 список Выручка' successfully

16-05-2025T11:26:30 - [MESSAGE][PASSED] - Scroll to object 'Object Repository/Выручка в рублях/2025 список Выручка' successfully

16-05-2025T11:26:30 - [TEST_STEP][PASSED] - click(findTestObject("Выручка в рублях/2025 список" + nameOfBlock)): Object: 'Object Repository/Выручка в рублях/2025 список Выручка' is clicked on

16-05-2025T11:26:30 - [MESSAGE][PASSED] - Object: 'Object Repository/Выручка в рублях/2025 список Выручка' is clicked on

16-05-2025T11:26:30 - [TEST_STEP][PASSED] - scrollToElement(findTestObject("Выручка в рублях/1 квартал 2025 список" + nameOfBlock), 30): Scroll to object 'Object Repository/Выручка в рублях/1 квартал 2025 список Выручка' successfully

16-05-2025T11:26:31 - [MESSAGE][PASSED] - Scroll to object 'Object Repository/Выручка в рублях/1 квартал 2025 список Выручка' successfully

16-05-2025T11:26:31 - [TEST_STEP][PASSED] - click(findTestObject("Выручка в рублях/1 квартал 2025 выбрать" + nameOfBlock)): Object: 'Object Repository/Выручка в рублях/1 квартал 2025 выбрать Выручка' is clicked on

16-05-2025T11:26:31 - [MESSAGE][PASSED] - Object: 'Object Repository/Выручка в рублях/1 квартал 2025 выбрать Выручка' is clicked on

16-05-2025T11:26:31 - [TEST_STEP][PASSED] - scrollToElement(findTestObject("Выручка в рублях/Заголовок дашборда" + nameOfBlock), 30): Scroll to object 'Object Repository/Выручка в рублях/Заголовок дашборда Выручка' successfully

16-05-2025T11:26:31 - [MESSAGE][PASSED] - Scroll to object 'Object Repository/Выручка в рублях/Заголовок дашборда Выручка' successfully

16-05-2025T11:26:31 - [TEST_STEP][PASSED] - click(findTestObject("Выручка в рублях/Применить в фильтре Дата" + nameOfBlock)): Object: 'Object Repository/Выручка в рублях/Применить в фильтре Дата Выручка' is clicked on

16-05-2025T11:26:32 - [MESSAGE][PASSED] - Object: 'Object Repository/Выручка в рублях/Применить в фильтре Дата Выручка' is clicked on

16-05-2025T11:26:32 - [TEST_STEP][PASSED] - delay(55): Delayed 55 second(s)

16-05-2025T11:27:27 - [MESSAGE][PASSED] - Delayed 55 second(s)

16-05-2025T11:27:27 - [TEST_STEP][PASSED] - click(findTestObject("Выручка в рублях/Фильтр ДЗО" + nameOfBlock)): Object: 'Object Repository/Выручка в рублях/Фильтр ДЗО Выручка' is clicked on

16-05-2025T11:27:27 - [MESSAGE][PASSED] - Object: 'Object Repository/Выручка в рублях/Фильтр ДЗО Выручка' is clicked on

16-05-2025T11:27:27 - [TEST_STEP][PASSED] - click(findTestObject("Выручка в рублях/Снять выделение в фильтре ДЗО" + nameOfBlock)): Object: 'Object Repository/Выручка в рублях/Снять выделение в фильтре ДЗО Выручка' is clicked on

16-05-2025T11:27:28 - [MESSAGE][PASSED] - Object: 'Object Repository/Выручка в рублях/Снять выделение в фильтре ДЗО Выручка' is clicked on

16-05-2025T11:27:28 - [TEST_STEP][PASSED] - click(findTestObject("Выручка в рублях/Применить в фильтре ДЗО" + nameOfBlock)): Object: 'Object Repository/Выручка в рублях/Применить в фильтре ДЗО Выручка' is clicked on

16-05-2025T11:27:28 - [MESSAGE][PASSED] - Object: 'Object Repository/Выручка в рублях/Применить в фильтре ДЗО Выручка' is clicked on

16-05-2025T11:27:28 - [TEST_STEP][PASSED] - delay(50): Delayed 50 second(s)

16-05-2025T11:28:18 - [MESSAGE][PASSED] - Delayed 50 second(s)

16-05-2025T11:28:18 - [TEST_STEP][PASSED] - Script1742558545601.Tumbler(run, vir, block, nameOfBlock): null

16-05-2025T11:28:18 - [TEST_STEP][PASSED] - println("run:" + run): null

16-05-2025T11:28:18 - [TEST_STEP][PASSED] - println("vir:" + vir): null

16-05-2025T11:28:18 - [TEST_STEP][PASSED] - println("block:" + block): null

16-05-2025T11:28:18 - [TEST_STEP][PASSED] - println("nameOfBlock:" + nameOfBlock): null

16-05-2025T11:28:18 - [TEST_STEP][PASSED] - if (vir == 1): null

16-05-2025T11:28:18 - [TEST_STEP][PASSED] - else if (vir == 2): null

16-05-2025T11:28:18 - [TEST_STEP][PASSED] - else if (vir == 3): Object: 'Object Repository/Выручка в рублях/Применить в фильтре Выручка Выручка' is clicked on

16-05-2025T11:28:18 - [TEST_STEP][PASSED] - if (run == 2): Object: 'Object Repository/Выручка в рублях/Переключить отображение с млн на проценты Выручка в рублях Выручка' is clicked on

16-05-2025T11:28:18 - [TEST_STEP][PASSED] - click(findTestObject("Выручка в рублях/Переключить отображение с млн на проценты Выручка в рублях" + nameOfBlock)): Object: 'Object Repository/Выручка в рублях/Переключить отображение с млн на проценты Выручка в рублях Выручка' is clicked on

16-05-2025T11:28:19 - [MESSAGE][PASSED] - Object: 'Object Repository/Выручка в рублях/Переключить отображение с млн на проценты Выручка в рублях Выручка' is clicked on

16-05-2025T11:28:19 - [TEST_STEP][PASSED] - click(findTestObject("Выручка в рублях/Фильтр Выручка" + nameOfBlock)): Object: 'Object Repository/Выручка в рублях/Фильтр Выручка Выручка' is clicked on

16-05-2025T11:28:19 - [MESSAGE][PASSED] - Object: 'Object Repository/Выручка в рублях/Фильтр Выручка Выручка' is clicked on

16-05-2025T11:28:19 - [TEST_STEP][PASSED] - click(findTestObject("Выручка в рублях/Внутренний оборот в фильтре Выручка" + nameOfBlock)): Object: 'Object Repository/Выручка в рублях/Внутренний оборот в фильтре Выручка Выручка' is clicked on

16-05-2025T11:28:20 - [MESSAGE][PASSED] - Object: 'Object Repository/Выручка в рублях/Внутренний оборот в фильтре Выручка Выручка' is clicked on

16-05-2025T11:28:20 - [TEST_STEP][PASSED] - click(findTestObject("Выручка в рублях/Применить в фильтре Выручка" + nameOfBlock)): Object: 'Object Repository/Выручка в рублях/Применить в фильтре Выручка Выручка' is clicked on

16-05-2025T11:28:20 - [MESSAGE][PASSED] - Object: 'Object Repository/Выручка в рублях/Применить в фильтре Выручка Выручка' is clicked on

16-05-2025T11:28:20 - [TEST_STEP][PASSED] - click(findTestObject("Выручка в рублях/Фильтр ДЗО" + nameOfBlock)): Object: 'Object Repository/Выручка в рублях/Фильтр ДЗО Выручка' is clicked on

16-05-2025T11:28:22 - [MESSAGE][PASSED] - Object: 'Object Repository/Выручка в рублях/Фильтр ДЗО Выручка' is clicked on

16-05-2025T11:28:22 - [TEST_STEP][PASSED] - Script1742558545601.Rosseti(nameOfBlock): null

16-05-2025T11:28:22 - [TEST_STEP][PASSED] - println("nameOfBlock:" + nameOfBlock): null

16-05-2025T11:28:22 - [TEST_STEP][PASSED] - click(findTestObject("Выручка в рублях/ПАО Россети" + nameOfBlock)): Object: 'Object Repository/Выручка в рублях/ПАО Россети Выручка' is clicked on

16-05-2025T11:28:23 - [MESSAGE][PASSED] - Object: 'Object Repository/Выручка в рублях/ПАО Россети Выручка' is clicked on

16-05-2025T11:28:23 - [TEST_STEP][PASSED] - click(findTestObject("Выручка в рублях/Применить в фильтре ДЗО" + nameOfBlock)): Object: 'Object Repository/Выручка в рублях/Применить в фильтре ДЗО Выручка' is clicked on

16-05-2025T11:28:23 - [MESSAGE][PASSED] - Object: 'Object Repository/Выручка в рублях/Применить в фильтре ДЗО Выручка' is clicked on

16-05-2025T11:28:23 - [TEST_STEP][PASSED] - if (vir == 1 || vir == 2): null

16-05-2025T11:28:23 - [TEST_STEP][PASSED] - else: Text of object 'Object Repository/Выручка в рублях/vir3Plan Выручка' is: '7 875'

16-05-2025T11:28:23 - [TEST_STEP][PASSED] - b1 = getText(findTestObject("Выручка в рублях/vir3Plan Выручка")): Text of object 'Object Repository/Выручка в рублях/vir3Plan Выручка' is: '7 875'

16-05-2025T11:28:24 - [MESSAGE][PASSED] - Text of object 'Object Repository/Выручка в рублях/vir3Plan Выручка' is: '7 875'

16-05-2025T11:28:24 - [TEST_STEP][PASSED] - if (vir == 1 || vir == 2): null

16-05-2025T11:28:24 - [TEST_STEP][PASSED] - else: Text of object 'Object Repository/Выручка в рублях/vir3Fact Выручка' is: '7 544'

16-05-2025T11:28:24 - [TEST_STEP][PASSED] - b2 = getText(findTestObject("Выручка в рублях/vir3Fact Выручка")): Text of object 'Object Repository/Выручка в рублях/vir3Fact Выручка' is: '7 544'

16-05-2025T11:28:25 - [MESSAGE][PASSED] - Text of object 'Object Repository/Выручка в рублях/vir3Fact Выручка' is: '7 544'

16-05-2025T11:28:25 - [TEST_STEP][PASSED] - b30 = getText(findTestObject("Выручка в рублях/span1" + perc)): Text of object 'Object Repository/Выручка в рублях/span1 Perc' is: '-4.19 %'

16-05-2025T11:28:25 - [MESSAGE][PASSED] - Text of object 'Object Repository/Выручка в рублях/span1 Perc' is: '-4.19 %'

16-05-2025T11:28:25 - [TEST_STEP][PASSED] - i = b30.indexOf("млн.руб."): null

16-05-2025T11:28:25 - [TEST_STEP][PASSED] - if (i > -1): null

16-05-2025T11:28:25 - [TEST_STEP][PASSED] - if (b30.contains("%")): null

16-05-2025T11:28:25 - [TEST_STEP][PASSED] - b30 = b30.replaceAll("%", ""): null

16-05-2025T11:28:25 - [TEST_STEP][PASSED] - b30 = ").trim(): null

16-05-2025T11:28:25 - [TEST_STEP][PASSED] - println("b30: " + b30): null

16-05-2025T11:28:25 - [TEST_STEP][PASSED] - if (vir == 1): null

16-05-2025T11:28:25 - [TEST_STEP][PASSED] - else if (vir == 2): null

16-05-2025T11:28:25 - [TEST_STEP][PASSED] - else: Text of object 'Object Repository/Выручка в рублях/span5 Perc' is: '0.3 %'

16-05-2025T11:28:25 - [TEST_STEP][PASSED] - b32 = ").trim(): Text of object 'Object Repository/Выручка в рублях/span2 Perc' is: '13.65 %'

16-05-2025T11:28:25 - [MESSAGE][PASSED] - Text of object 'Object Repository/Выручка в рублях/span2 Perc' is: '13.65 %'

16-05-2025T11:28:25 - [TEST_STEP][PASSED] - b33 = ").trim(): Text of object 'Object Repository/Выручка в рублях/span3 Perc' is: '-1.94 %'

16-05-2025T11:28:25 - [MESSAGE][PASSED] - Text of object 'Object Repository/Выручка в рублях/span3 Perc' is: '-1.94 %'

16-05-2025T11:28:25 - [TEST_STEP][PASSED] - b38 = ").trim(): Text of object 'Object Repository/Выручка в рублях/span4 Perc' is: '-6.07 %'

16-05-2025T11:28:26 - [MESSAGE][PASSED] - Text of object 'Object Repository/Выручка в рублях/span4 Perc' is: '-6.07 %'

16-05-2025T11:28:26 - [TEST_STEP][PASSED] - b317 = ").trim(): Text of object 'Object Repository/Выручка в рублях/span5 Perc' is: '0.3 %'

16-05-2025T11:28:26 - [MESSAGE][PASSED] - Text of object 'Object Repository/Выручка в рублях/span5 Perc' is: '0.3 %'

16-05-2025T11:28:26 - [TEST_STEP][PASSED] - dZO = "ПАО Россети": null

16-05-2025T11:28:26 - [TEST_STEP][PASSED] - if (verifyEqual(a1, b1) == false): Actual object '7 875' and expected object '7 875' are equal

16-05-2025T11:28:26 - [MESSAGE][PASSED] - Actual object '7 875' and expected object '7 875' are equal

16-05-2025T11:28:26 - [TEST_STEP][PASSED] - if (verifyEqual(a2, b2) == false): Actual object '7 544' and expected object '7 544' are equal

16-05-2025T11:28:26 - [MESSAGE][PASSED] - Actual object '7 544' and expected object '7 544' are equal

16-05-2025T11:28:26 - [TEST_STEP][PASSED] - vidget = "Отклонения": null

16-05-2025T11:28:26 - [TEST_STEP][PASSED] - if (verifyEqual(a30, b30) == false): Actual object '-4.19' and expected object '-4.19' are equal

16-05-2025T11:28:26 - [MESSAGE][PASSED] - Actual object '-4.19' and expected object '-4.19' are equal

16-05-2025T11:28:26 - [TEST_STEP][PASSED] - dZO = "АО «РЭС»": null

16-05-2025T11:28:26 - [TEST_STEP][PASSED] - if (verifyEqual(a31, b31) == false): Actual object 'null' and expected object 'null' are equal

16-05-2025T11:28:26 - [MESSAGE][PASSED] - Actual object 'null' and expected object 'null' are equal

16-05-2025T11:28:26 - [TEST_STEP][PASSED] - dZO = "АО «Тываэнерго»": null

16-05-2025T11:28:26 - [TEST_STEP][PASSED] - if (verifyEqual(a32, b32) == false): Actual object '13.65' and expected object '13.65' are equal

16-05-2025T11:28:26 - [MESSAGE][PASSED] - Actual object '13.65' and expected object '13.65' are equal

16-05-2025T11:28:26 - [TEST_STEP][PASSED] - dZO = "АО «Чеченэнерго»": null

16-05-2025T11:28:26 - [TEST_STEP][PASSED] - if (verifyEqual(a33, b33) == false): Actual object '-1.94' and expected object '-1.94' are equal

16-05-2025T11:28:26 - [MESSAGE][PASSED] - Actual object '-1.94' and expected object '-1.94' are equal

16-05-2025T11:28:26 - [TEST_STEP][PASSED] - dZO = "Россети Волга": null

16-05-2025T11:28:26 - [TEST_STEP][PASSED] - if (verifyEqual(a34, b34) == false): Actual object 'null' and expected object 'null' are equal

16-05-2025T11:28:26 - [MESSAGE][PASSED] - Actual object 'null' and expected object 'null' are equal

16-05-2025T11:28:26 - [TEST_STEP][PASSED] - dZO = "Россети Кубань": null

16-05-2025T11:28:26 - [TEST_STEP][PASSED] - if (verifyEqual(a35, b35) == false): Actual object 'null' and expected object 'null' are equal

16-05-2025T11:28:26 - [MESSAGE][PASSED] - Actual object 'null' and expected object 'null' are equal

16-05-2025T11:28:26 - [TEST_STEP][PASSED] - dZO = "Россети Ленэнерго (ГК)": null

16-05-2025T11:28:26 - [TEST_STEP][PASSED] - if (verifyEqual(a36, b36) == false): Actual object 'null' and expected object 'null' are equal

16-05-2025T11:28:26 - [MESSAGE][PASSED] - Actual object 'null' and expected object 'null' are equal

16-05-2025T11:28:26 - [TEST_STEP][PASSED] - dZO = "Россети Московский регион": null

16-05-2025T11:28:26 - [TEST_STEP][PASSED] - if (verifyEqual(a37, b37) == false): Actual object 'null' and expected object 'null' are equal

16-05-2025T11:28:26 - [MESSAGE][PASSED] - Actual object 'null' and expected object 'null' are equal

16-05-2025T11:28:26 - [TEST_STEP][PASSED] - dZO = "Россети Северный Кавказ (ГК)": null

16-05-2025T11:28:26 - [TEST_STEP][PASSED] - if (verifyEqual(a38, b38) == false): Actual object '-6.07' and expected object '-6.07' are equal

16-05-2025T11:28:26 - [MESSAGE][PASSED] - Actual object '-6.07' and expected object '-6.07' are equal

16-05-2025T11:28:26 - [TEST_STEP][PASSED] - dZO = "Россети Северо-Запад": null

16-05-2025T11:28:26 - [TEST_STEP][PASSED] - if (verifyEqual(a39, b39) == false): Actual object 'null' and expected object 'null' are equal

16-05-2025T11:28:26 - [MESSAGE][PASSED] - Actual object 'null' and expected object 'null' are equal

16-05-2025T11:28:26 - [TEST_STEP][PASSED] - dZO = "Россети Сибирь (ГК)": null

16-05-2025T11:28:26 - [TEST_STEP][PASSED] - if (verifyEqual(a310, b310) == false): Actual object 'null' and expected object 'null' are equal

16-05-2025T11:28:26 - [MESSAGE][PASSED] - Actual object 'null' and expected object 'null' are equal

16-05-2025T11:28:26 - [TEST_STEP][PASSED] - dZO = "Россети Томск": null

16-05-2025T11:28:26 - [TEST_STEP][PASSED] - if (verifyEqual(a311, b311) == false): Actual object 'null' and expected object 'null' are equal

16-05-2025T11:28:26 - [MESSAGE][PASSED] - Actual object 'null' and expected object 'null' are equal

16-05-2025T11:28:26 - [TEST_STEP][PASSED] - dZO = "Россети Тюмень": null

16-05-2025T11:28:26 - [TEST_STEP][PASSED] - if (verifyEqual(a312, b312) == false): Actual object 'null' and expected object 'null' are equal

16-05-2025T11:28:26 - [MESSAGE][PASSED] - Actual object 'null' and expected object 'null' are equal

16-05-2025T11:28:26 - [TEST_STEP][PASSED] - dZO = "Россети Урал (ГК)": null

16-05-2025T11:28:26 - [TEST_STEP][PASSED] - if (verifyEqual(a313, b313) == false): Actual object 'null' and expected object 'null' are equal

16-05-2025T11:28:26 - [MESSAGE][PASSED] - Actual object 'null' and expected object 'null' are equal

16-05-2025T11:28:26 - [TEST_STEP][PASSED] - dZO = "Россети ФСК ЕЭС": null

16-05-2025T11:28:26 - [TEST_STEP][PASSED] - if (verifyEqual(a314, b314) == false): Actual object 'null' and expected object 'null' are equal

16-05-2025T11:28:26 - [MESSAGE][PASSED] - Actual object 'null' and expected object 'null' are equal

16-05-2025T11:28:26 - [TEST_STEP][PASSED] - dZO = "Россети Центр": null

16-05-2025T11:28:26 - [TEST_STEP][PASSED] - if (verifyEqual(a315, b315) == false): Actual object 'null' and expected object 'null' are equal

16-05-2025T11:28:26 - [MESSAGE][PASSED] - Actual object 'null' and expected object 'null' are equal

16-05-2025T11:28:26 - [TEST_STEP][PASSED] - dZO = "Россети Центр и Приволжье (ГК)": null

16-05-2025T11:28:26 - [TEST_STEP][PASSED] - if (verifyEqual(a316, b316) == false): Actual object 'null' and expected object 'null' are equal

16-05-2025T11:28:26 - [MESSAGE][PASSED] - Actual object 'null' and expected object 'null' are equal

16-05-2025T11:28:26 - [TEST_STEP][PASSED] - dZO = "Россети Юг (ГК)": null

16-05-2025T11:28:26 - [TEST_STEP][PASSED] - if (verifyEqual(a317, b317) == false): Actual object '0.3' and expected object '0.3' are equal

16-05-2025T11:28:26 - [MESSAGE][PASSED] - Actual object '0.3' and expected object '0.3' are equal

16-05-2025T11:28:26 - [TEST_STEP][PASSED] - dZO = "Россети Янтарь": null

16-05-2025T11:28:26 - [TEST_STEP][PASSED] - if (verifyEqual(a318, b318) == false): Actual object 'null' and expected object 'null' are equal

16-05-2025T11:28:26 - [MESSAGE][PASSED] - Actual object 'null' and expected object 'null' are equal

16-05-2025T11:28:26 - [TEST_STEP][PASSED] - closeBrowser(): Browser is closed

16-05-2025T11:28:26 - [MESSAGE][PASSED] - Browser is closed]]></system-out>
         <system-err><![CDATA[]]></system-err>
      </testcase>
      <testcase name="Test Cases/Сверки дашбордов/Выручка по ДЗО сверка дашбордов" time="139.915" classname="Test Cases/Сверки дашбордов/Выручка по ДЗО сверка дашбордов" status="PASSED">
         <system-out><![CDATA[16-05-2025T11:28:26 - [TEST_CASE][PASSED] - Test Cases/Сверки дашбордов/Выручка по ДЗО сверка дашбордов: Test Cases/Сверки дашбордов/Выручка по ДЗО сверка дашбордов

16-05-2025T11:28:26 - [TEST_STEP][PASSED] - date = new java.util.Date(): null

16-05-2025T11:28:26 - [TEST_STEP][PASSED] - todaysDate = date.format("dd.MM.yyyy"): null

16-05-2025T11:28:26 - [TEST_STEP][PASSED] - println(todaysDate): null

16-05-2025T11:28:27 - [TEST_STEP][PASSED] - openBrowser(""): Browser is opened with url: ''

16-05-2025T11:28:27 - [MESSAGE][INFO] - Starting 'Chrome' driver

16-05-2025T11:28:27 - [MESSAGE][INFO] - Action delay is set to 0 milliseconds

16-05-2025T11:28:28 - [MESSAGE][PASSED] - Browser is opened with url: ''

16-05-2025T11:28:28 - [TEST_STEP][PASSED] - navigateToUrl(findTestData("PlanFact").getValue(10, 5)): Navigate to 'https://bi.rosseti.digital/viewer?dashboardGuid=2301950b23be4ed89c1df75f2020051e&sheetGuid=31530aa0b6664c09b016b7f2ab9d853e&fit=true' successfully

16-05-2025T11:28:30 - [MESSAGE][PASSED] - Navigate to 'https://bi.rosseti.digital/viewer?dashboardGuid=2301950b23be4ed89c1df75f2020051e&sheetGuid=31530aa0b6664c09b016b7f2ab9d853e&fit=true' successfully

16-05-2025T11:28:30 - [TEST_STEP][PASSED] - setText(findTestObject("Страница авторизации/input__username"), findTestData("PlanFact").getValue(8, 1)): Text 'liazgina-di' is set on object 'Object Repository/Страница авторизации/input__username'

16-05-2025T11:28:31 - [MESSAGE][PASSED] - Text 'liazgina-di' is set on object 'Object Repository/Страница авторизации/input__username'

16-05-2025T11:28:31 - [TEST_STEP][PASSED] - setText(findTestObject("Страница авторизации/input__password"), findTestData("PlanFact").getValue(9, 1)): Text ')$%5srZ8o688Dm#q' is set on object 'Object Repository/Страница авторизации/input__password'

16-05-2025T11:28:32 - [MESSAGE][PASSED] - Text ')$%5srZ8o688Dm#q' is set on object 'Object Repository/Страница авторизации/input__password'

16-05-2025T11:28:32 - [TEST_STEP][PASSED] - click(findTestObject("Страница авторизации/button_")): Object: 'Object Repository/Страница авторизации/button_' is clicked on

16-05-2025T11:28:33 - [MESSAGE][PASSED] - Object: 'Object Repository/Страница авторизации/button_' is clicked on

16-05-2025T11:28:33 - [TEST_STEP][PASSED] - delay(30): Delayed 30 second(s)

16-05-2025T11:29:03 - [MESSAGE][PASSED] - Delayed 30 second(s)

16-05-2025T11:29:03 - [TEST_STEP][PASSED] - click(findTestObject("Выручка по ДЗО/Фильтр Дата")): Object: 'Object Repository/Выручка по ДЗО/Фильтр Дата' is clicked on

16-05-2025T11:29:03 - [MESSAGE][PASSED] - Object: 'Object Repository/Выручка по ДЗО/Фильтр Дата' is clicked on

16-05-2025T11:29:03 - [TEST_STEP][PASSED] - click(findTestObject("Выручка по ДЗО/Снять выделение в фильтре Дата")): Object: 'Object Repository/Выручка по ДЗО/Снять выделение в фильтре Дата' is clicked on

16-05-2025T11:29:04 - [MESSAGE][PASSED] - Object: 'Object Repository/Выручка по ДЗО/Снять выделение в фильтре Дата' is clicked on

16-05-2025T11:29:04 - [TEST_STEP][PASSED] - click(findTestObject("Выручка по ДЗО/Применить в фильтре Дата")): Object: 'Object Repository/Выручка по ДЗО/Применить в фильтре Дата' is clicked on

16-05-2025T11:29:04 - [MESSAGE][PASSED] - Object: 'Object Repository/Выручка по ДЗО/Применить в фильтре Дата' is clicked on

16-05-2025T11:29:04 - [TEST_STEP][PASSED] - click(findTestObject("Выручка по ДЗО/Фильтр Дата")): Object: 'Object Repository/Выручка по ДЗО/Фильтр Дата' is clicked on

16-05-2025T11:29:05 - [MESSAGE][PASSED] - Object: 'Object Repository/Выручка по ДЗО/Фильтр Дата' is clicked on

16-05-2025T11:29:05 - [TEST_STEP][PASSED] - click(findTestObject("Выручка по ДЗО/Снять выделение в фильтре Дата")): Object: 'Object Repository/Выручка по ДЗО/Снять выделение в фильтре Дата' is clicked on

16-05-2025T11:29:06 - [MESSAGE][PASSED] - Object: 'Object Repository/Выручка по ДЗО/Снять выделение в фильтре Дата' is clicked on

16-05-2025T11:29:06 - [TEST_STEP][PASSED] - scrollToElement(findTestObject("Выручка по ДЗО/2025 список"), 30): Scroll to object 'Object Repository/Выручка по ДЗО/2025 список' successfully

16-05-2025T11:29:06 - [MESSAGE][PASSED] - Scroll to object 'Object Repository/Выручка по ДЗО/2025 список' successfully

16-05-2025T11:29:06 - [TEST_STEP][PASSED] - click(findTestObject("Выручка по ДЗО/2025 список")): Object: 'Object Repository/Выручка по ДЗО/2025 список' is clicked on

16-05-2025T11:29:07 - [MESSAGE][PASSED] - Object: 'Object Repository/Выручка по ДЗО/2025 список' is clicked on

16-05-2025T11:29:07 - [TEST_STEP][PASSED] - scrollToElement(findTestObject("Выручка по ДЗО/1 квартал 2025 список"), 30): Scroll to object 'Object Repository/Выручка по ДЗО/1 квартал 2025 список' successfully

16-05-2025T11:29:07 - [MESSAGE][PASSED] - Scroll to object 'Object Repository/Выручка по ДЗО/1 квартал 2025 список' successfully

16-05-2025T11:29:07 - [TEST_STEP][PASSED] - click(findTestObject("Выручка по ДЗО/1 квартал 2025 выбрать"), CONTINUE_ON_FAILURE): Object: 'Object Repository/Выручка по ДЗО/1 квартал 2025 выбрать' is clicked on

16-05-2025T11:29:07 - [MESSAGE][PASSED] - Object: 'Object Repository/Выручка по ДЗО/1 квартал 2025 выбрать' is clicked on

16-05-2025T11:29:07 - [TEST_STEP][PASSED] - scrollToElement(findTestObject("Выручка по ДЗО/Заголовок дашборда"), 30): Scroll to object 'Object Repository/Выручка по ДЗО/Заголовок дашборда' successfully

16-05-2025T11:29:08 - [MESSAGE][PASSED] - Scroll to object 'Object Repository/Выручка по ДЗО/Заголовок дашборда' successfully

16-05-2025T11:29:08 - [TEST_STEP][PASSED] - click(findTestObject("Выручка по ДЗО/Применить в фильтре Дата")): Object: 'Object Repository/Выручка по ДЗО/Применить в фильтре Дата' is clicked on

16-05-2025T11:29:08 - [MESSAGE][PASSED] - Object: 'Object Repository/Выручка по ДЗО/Применить в фильтре Дата' is clicked on

16-05-2025T11:29:08 - [TEST_STEP][PASSED] - delay(30): Delayed 30 second(s)

16-05-2025T11:29:38 - [MESSAGE][PASSED] - Delayed 30 second(s)

16-05-2025T11:29:38 - [TEST_STEP][PASSED] - a1 = getText(findTestObject("Выручка по ДЗО/График1 Выполнение плановых показателей Блок руководителя")): Text of object 'Object Repository/Выручка по ДЗО/График1 Выполнение плановых показателей Блок руководителя' is: '6 689 6 689
748 748
1 389 1 389
31 428 31 428
21 543 21 543
33 021 33 021
66 175 66 175
12 049 12 049
19 821 19 821
31 646 31 646
3 059 3 059
29 304 29 304
31 312 31 312
84 173 84 173
35 644 35 644
38 734 38 734
20 064 20 064
3 016 3 016
6 428 6 428
804 804
1 362 1 362
30 891 30 891
22 329 22 329
33 083 33 083
62 829 62 829
11 778 11 778
19 568 19 568
32 523 32 523
3 002 3 002
26 539 26 539
30 325 30 325
85 844 85 844
34 839 34 839
37 830 37 830
20 053 20 053
3 047 3 047
План
Факт
АО "РЭС"
АО «Тываэнерго»
АО «Чеченэнерго»
Россети Волга
Россети Кубань
Россети Ленэнерго (ГК)
Россети Московский регион
Россети Северный Кавказ (ГК)
Россети Северо-Запад
Россети Сибирь (ГК)
Россети Томск
Россети Тюмень
Россети Урал (ГК)
Россети ФСК ЕЭС
Россети Центр
Россети Центр и Приволжье (ГК)
Россети Юг (ГК)
Россети Янтарь
0 млн. руб.
10 000 млн. руб.
20 000 млн. руб.
30 000 млн. руб.
40 000 млн. руб.
50 000 млн. руб.
60 000 млн. руб.
70 000 млн. руб.
80 000 млн. руб.
90 000 млн. руб.
100 000 млн. руб.'

16-05-2025T11:29:39 - [MESSAGE][PASSED] - Text of object 'Object Repository/Выручка по ДЗО/График1 Выполнение плановых показателей Блок руководителя' is: '6 689 6 689
748 748
1 389 1 389
31 428 31 428
21 543 21 543
33 021 33 021
66 175 66 175
12 049 12 049
19 821 19 821
31 646 31 646
3 059 3 059
29 304 29 304
31 312 31 312
84 173 84 173
35 644 35 644
38 734 38 734
20 064 20 064
3 016 3 016
6 428 6 428
804 804
1 362 1 362
30 891 30 891
22 329 22 329
33 083 33 083
62 829 62 829
11 778 11 778
19 568 19 568
32 523 32 523
3 002 3 002
26 539 26 539
30 325 30 325
85 844 85 844
34 839 34 839
37 830 37 830
20 053 20 053
3 047 3 047
План
Факт
АО "РЭС"
АО «Тываэнерго»
АО «Чеченэнерго»
Россети Волга
Россети Кубань
Россети Ленэнерго (ГК)
Россети Московский регион
Россети Северный Кавказ (ГК)
Россети Северо-Запад
Россети Сибирь (ГК)
Россети Томск
Россети Тюмень
Россети Урал (ГК)
Россети ФСК ЕЭС
Россети Центр
Россети Центр и Приволжье (ГК)
Россети Юг (ГК)
Россети Янтарь
0 млн. руб.
10 000 млн. руб.
20 000 млн. руб.
30 000 млн. руб.
40 000 млн. руб.
50 000 млн. руб.
60 000 млн. руб.
70 000 млн. руб.
80 000 млн. руб.
90 000 млн. руб.
100 000 млн. руб.'

16-05-2025T11:29:39 - [TEST_STEP][PASSED] - println("a1: " + a1): null

16-05-2025T11:29:39 - [TEST_STEP][PASSED] - i = a1.indexOf("План"): null

16-05-2025T11:29:39 - [TEST_STEP][PASSED] - a1 = a1.substring(0, i): null

16-05-2025T11:29:39 - [TEST_STEP][PASSED] - println("a1: " + a1): null

16-05-2025T11:29:39 - [TEST_STEP][PASSED] - a2 = getText(findTestObject("Выручка по ДЗО/График2 Выполнение плановых показателей Блок руководителя")): Text of object 'Object Repository/Выручка по ДЗО/График2 Выполнение плановых показателей Блок руководителя' is: '1,39%1,39%
0,17%0,17%
0,29%0,29%
6,67%6,67%
4,82%4,82%
7,14%7,14%
13,57%13,57%
2,54%2,54%
4,23%4,23%
7,02%7,02%
0,65%0,65%
5,73%5,73%
6,55%6,55%
18,54%18,54%
7,52%7,52%
8,17%8,17%
4,33%4,33%
0,66%0,66%
АО "РЭС"
АО «Тываэнерго»
АО «Чеченэнерго»
Россети Волга
Россети Кубань
Россети Ленэнерго (ГК)
Россети Московский регион
Россети Северный Кавказ (ГК)
Россети Северо-Запад
Россети Сибирь (ГК)
Россети Томск
Россети Тюмень
Россети Урал (ГК)
Россети ФСК ЕЭС
Россети Центр
Россети Центр и Приволжье (ГК)
Россети Юг (ГК)
Россети Янтарь
Россети Центр и Приволжье (ГК): 37 829 526,4'

16-05-2025T11:29:39 - [MESSAGE][PASSED] - Text of object 'Object Repository/Выручка по ДЗО/График2 Выполнение плановых показателей Блок руководителя' is: '1,39%1,39%
0,17%0,17%
0,29%0,29%
6,67%6,67%
4,82%4,82%
7,14%7,14%
13,57%13,57%
2,54%2,54%
4,23%4,23%
7,02%7,02%
0,65%0,65%
5,73%5,73%
6,55%6,55%
18,54%18,54%
7,52%7,52%
8,17%8,17%
4,33%4,33%
0,66%0,66%
АО "РЭС"
АО «Тываэнерго»
АО «Чеченэнерго»
Россети Волга
Россети Кубань
Россети Ленэнерго (ГК)
Россети Московский регион
Россети Северный Кавказ (ГК)
Россети Северо-Запад
Россети Сибирь (ГК)
Россети Томск
Россети Тюмень
Россети Урал (ГК)
Россети ФСК ЕЭС
Россети Центр
Россети Центр и Приволжье (ГК)
Россети Юг (ГК)
Россети Янтарь
Россети Центр и Приволжье (ГК): 37 829 526,4'

16-05-2025T11:29:39 - [TEST_STEP][PASSED] - println("a2: " + a2): null

16-05-2025T11:29:39 - [TEST_STEP][PASSED] - i = a2.indexOf("АО «Тываэнерго»"): null

16-05-2025T11:29:39 - [TEST_STEP][PASSED] - a2 = a2.substring(0, i): null

16-05-2025T11:29:39 - [TEST_STEP][PASSED] - navigateToUrl(findTestData("PlanFact").getValue(10, 10)): Navigate to 'https://bi.rosseti.digital/viewer?dashboardGuid=a1fd28b3785d443cbc4d7690a1d78e31&sheetGuid=4a2f47326819444da0508dec5c59e502&fit=true' successfully

16-05-2025T11:29:39 - [MESSAGE][PASSED] - Navigate to 'https://bi.rosseti.digital/viewer?dashboardGuid=a1fd28b3785d443cbc4d7690a1d78e31&sheetGuid=4a2f47326819444da0508dec5c59e502&fit=true' successfully

16-05-2025T11:29:39 - [TEST_STEP][PASSED] - delay(30): Delayed 30 second(s)

16-05-2025T11:30:10 - [MESSAGE][PASSED] - Delayed 30 second(s)

16-05-2025T11:30:10 - [TEST_STEP][PASSED] - click(findTestObject("Выручка по ДЗО/Фильтр Дата Выручка")): Object: 'Object Repository/Выручка по ДЗО/Фильтр Дата Выручка' is clicked on

16-05-2025T11:30:10 - [MESSAGE][PASSED] - Object: 'Object Repository/Выручка по ДЗО/Фильтр Дата Выручка' is clicked on

16-05-2025T11:30:10 - [TEST_STEP][PASSED] - click(findTestObject("Выручка по ДЗО/Снять выделение в фильтре Дата Выручка")): Object: 'Object Repository/Выручка по ДЗО/Снять выделение в фильтре Дата Выручка' is clicked on

16-05-2025T11:30:10 - [MESSAGE][PASSED] - Object: 'Object Repository/Выручка по ДЗО/Снять выделение в фильтре Дата Выручка' is clicked on

16-05-2025T11:30:10 - [TEST_STEP][PASSED] - click(findTestObject("Выручка по ДЗО/Применить в фильтре Дата Выручка")): Object: 'Object Repository/Выручка по ДЗО/Применить в фильтре Дата Выручка' is clicked on

16-05-2025T11:30:11 - [MESSAGE][PASSED] - Object: 'Object Repository/Выручка по ДЗО/Применить в фильтре Дата Выручка' is clicked on

16-05-2025T11:30:11 - [TEST_STEP][PASSED] - click(findTestObject("Выручка по ДЗО/Фильтр Дата Выручка")): Object: 'Object Repository/Выручка по ДЗО/Фильтр Дата Выручка' is clicked on

16-05-2025T11:30:12 - [MESSAGE][PASSED] - Object: 'Object Repository/Выручка по ДЗО/Фильтр Дата Выручка' is clicked on

16-05-2025T11:30:12 - [TEST_STEP][PASSED] - click(findTestObject("Выручка по ДЗО/Снять выделение в фильтре Дата Выручка")): Object: 'Object Repository/Выручка по ДЗО/Снять выделение в фильтре Дата Выручка' is clicked on

16-05-2025T11:30:13 - [MESSAGE][PASSED] - Object: 'Object Repository/Выручка по ДЗО/Снять выделение в фильтре Дата Выручка' is clicked on

16-05-2025T11:30:13 - [TEST_STEP][PASSED] - scrollToElement(findTestObject("Выручка по ДЗО/2025 список Выручка"), 30): Scroll to object 'Object Repository/Выручка по ДЗО/2025 список Выручка' successfully

16-05-2025T11:30:13 - [MESSAGE][PASSED] - Scroll to object 'Object Repository/Выручка по ДЗО/2025 список Выручка' successfully

16-05-2025T11:30:13 - [TEST_STEP][PASSED] - click(findTestObject("Выручка по ДЗО/2025 список Выручка")): Object: 'Object Repository/Выручка по ДЗО/2025 список Выручка' is clicked on

16-05-2025T11:30:13 - [MESSAGE][PASSED] - Object: 'Object Repository/Выручка по ДЗО/2025 список Выручка' is clicked on

16-05-2025T11:30:13 - [TEST_STEP][PASSED] - scrollToElement(findTestObject("Выручка по ДЗО/1 квартал 2025 список Выручка"), 30): Scroll to object 'Object Repository/Выручка по ДЗО/1 квартал 2025 список Выручка' successfully

16-05-2025T11:30:14 - [MESSAGE][PASSED] - Scroll to object 'Object Repository/Выручка по ДЗО/1 квартал 2025 список Выручка' successfully

16-05-2025T11:30:14 - [TEST_STEP][PASSED] - click(findTestObject("Выручка по ДЗО/1 квартал 2025 выбрать Выручка"), CONTINUE_ON_FAILURE): Object: 'Object Repository/Выручка по ДЗО/1 квартал 2025 выбрать Выручка' is clicked on

16-05-2025T11:30:14 - [MESSAGE][PASSED] - Object: 'Object Repository/Выручка по ДЗО/1 квартал 2025 выбрать Выручка' is clicked on

16-05-2025T11:30:14 - [TEST_STEP][PASSED] - scrollToElement(findTestObject("Выручка по ДЗО/Заголовок дашборда Выручка"), 30): Scroll to object 'Object Repository/Выручка по ДЗО/Заголовок дашборда Выручка' successfully

16-05-2025T11:30:15 - [MESSAGE][PASSED] - Scroll to object 'Object Repository/Выручка по ДЗО/Заголовок дашборда Выручка' successfully

16-05-2025T11:30:15 - [TEST_STEP][PASSED] - click(findTestObject("Выручка по ДЗО/Применить в фильтре Дата Выручка")): Object: 'Object Repository/Выручка по ДЗО/Применить в фильтре Дата Выручка' is clicked on

16-05-2025T11:30:15 - [MESSAGE][PASSED] - Object: 'Object Repository/Выручка по ДЗО/Применить в фильтре Дата Выручка' is clicked on

16-05-2025T11:30:15 - [TEST_STEP][PASSED] - delay(30): Delayed 30 second(s)

16-05-2025T11:30:45 - [MESSAGE][PASSED] - Delayed 30 second(s)

16-05-2025T11:30:45 - [TEST_STEP][PASSED] - b1 = getText(findTestObject("Выручка по ДЗО/График1 Выполнение плановых показателей Выручка")): Text of object 'Object Repository/Выручка по ДЗО/График1 Выполнение плановых показателей Выручка' is: '6 689 6 689
748 748
1 389 1 389
31 428 31 428
21 543 21 543
33 021 33 021
66 175 66 175
12 049 12 049
19 821 19 821
31 646 31 646
3 059 3 059
29 304 29 304
31 312 31 312
84 173 84 173
35 644 35 644
38 734 38 734
20 064 20 064
3 016 3 016
6 428 6 428
804 804
1 362 1 362
30 891 30 891
22 329 22 329
33 083 33 083
62 829 62 829
11 778 11 778
19 568 19 568
32 523 32 523
3 002 3 002
26 539 26 539
30 325 30 325
85 844 85 844
34 839 34 839
37 830 37 830
20 053 20 053
3 047 3 047
План
Факт
АО "РЭС"
АО «Тываэнерго»
АО «Чеченэнерго»
Россети Волга
Россети Кубань
Россети Ленэнерго (ГК)
Россети Московский регион
Россети Северный Кавказ (ГК)
Россети Северо-Запад
Россети Сибирь (ГК)
Россети Томск
Россети Тюмень
Россети Урал (ГК)
Россети ФСК ЕЭС
Россети Центр
Россети Центр и Приволжье (ГК)
Россети Юг (ГК)
Россети Янтарь
0 млн. руб.
10 000 млн. руб.
20 000 млн. руб.
30 000 млн. руб.
40 000 млн. руб.
50 000 млн. руб.
60 000 млн. руб.
70 000 млн. руб.
80 000 млн. руб.
90 000 млн. руб.
100 000 млн. руб.
Россети Московский регион: 66 174 713,58'

16-05-2025T11:30:46 - [MESSAGE][PASSED] - Text of object 'Object Repository/Выручка по ДЗО/График1 Выполнение плановых показателей Выручка' is: '6 689 6 689
748 748
1 389 1 389
31 428 31 428
21 543 21 543
33 021 33 021
66 175 66 175
12 049 12 049
19 821 19 821
31 646 31 646
3 059 3 059
29 304 29 304
31 312 31 312
84 173 84 173
35 644 35 644
38 734 38 734
20 064 20 064
3 016 3 016
6 428 6 428
804 804
1 362 1 362
30 891 30 891
22 329 22 329
33 083 33 083
62 829 62 829
11 778 11 778
19 568 19 568
32 523 32 523
3 002 3 002
26 539 26 539
30 325 30 325
85 844 85 844
34 839 34 839
37 830 37 830
20 053 20 053
3 047 3 047
План
Факт
АО "РЭС"
АО «Тываэнерго»
АО «Чеченэнерго»
Россети Волга
Россети Кубань
Россети Ленэнерго (ГК)
Россети Московский регион
Россети Северный Кавказ (ГК)
Россети Северо-Запад
Россети Сибирь (ГК)
Россети Томск
Россети Тюмень
Россети Урал (ГК)
Россети ФСК ЕЭС
Россети Центр
Россети Центр и Приволжье (ГК)
Россети Юг (ГК)
Россети Янтарь
0 млн. руб.
10 000 млн. руб.
20 000 млн. руб.
30 000 млн. руб.
40 000 млн. руб.
50 000 млн. руб.
60 000 млн. руб.
70 000 млн. руб.
80 000 млн. руб.
90 000 млн. руб.
100 000 млн. руб.
Россети Московский регион: 66 174 713,58'

16-05-2025T11:30:46 - [TEST_STEP][PASSED] - println("b1: " + b1): null

16-05-2025T11:30:46 - [TEST_STEP][PASSED] - i = b1.indexOf("План"): null

16-05-2025T11:30:46 - [TEST_STEP][PASSED] - b1 = b1.substring(0, i): null

16-05-2025T11:30:46 - [TEST_STEP][PASSED] - println("b1: " + b1): null

16-05-2025T11:30:46 - [TEST_STEP][PASSED] - b2 = getText(findTestObject("Выручка по ДЗО/График2 Выполнение плановых показателей Выручка")): Text of object 'Object Repository/Выручка по ДЗО/График2 Выполнение плановых показателей Выручка' is: '1,39%1,39%
0,17%0,17%
0,29%0,29%
6,67%6,67%
4,82%4,82%
7,14%7,14%
13,57%13,57%
2,54%2,54%
4,23%4,23%
7,02%7,02%
0,65%0,65%
5,73%5,73%
6,55%6,55%
18,54%18,54%
7,52%7,52%
8,17%8,17%
4,33%4,33%
0,66%0,66%
АО "РЭС"
АО «Тываэнерго»
АО «Чеченэнерго»
Россети Волга
Россети Кубань
Россети Ленэнерго (ГК)
Россети Московский регион
Россети Северный Кавказ (ГК)
Россети Северо-Запад
Россети Сибирь (ГК)
Россети Томск
Россети Тюмень
Россети Урал (ГК)
Россети ФСК ЕЭС
Россети Центр
Россети Центр и Приволжье (ГК)
Россети Юг (ГК)
Россети Янтарь'

16-05-2025T11:30:46 - [MESSAGE][PASSED] - Text of object 'Object Repository/Выручка по ДЗО/График2 Выполнение плановых показателей Выручка' is: '1,39%1,39%
0,17%0,17%
0,29%0,29%
6,67%6,67%
4,82%4,82%
7,14%7,14%
13,57%13,57%
2,54%2,54%
4,23%4,23%
7,02%7,02%
0,65%0,65%
5,73%5,73%
6,55%6,55%
18,54%18,54%
7,52%7,52%
8,17%8,17%
4,33%4,33%
0,66%0,66%
АО "РЭС"
АО «Тываэнерго»
АО «Чеченэнерго»
Россети Волга
Россети Кубань
Россети Ленэнерго (ГК)
Россети Московский регион
Россети Северный Кавказ (ГК)
Россети Северо-Запад
Россети Сибирь (ГК)
Россети Томск
Россети Тюмень
Россети Урал (ГК)
Россети ФСК ЕЭС
Россети Центр
Россети Центр и Приволжье (ГК)
Россети Юг (ГК)
Россети Янтарь'

16-05-2025T11:30:46 - [TEST_STEP][PASSED] - i = b2.indexOf("АО «Тываэнерго»"): null

16-05-2025T11:30:46 - [TEST_STEP][PASSED] - b2 = b2.substring(0, i): null

16-05-2025T11:30:46 - [TEST_STEP][PASSED] - println(b2): null

16-05-2025T11:30:46 - [TEST_STEP][PASSED] - verifyEqual(a1, b1): Actual object '6 689 6 689
748 748
1 389 1 389
31 428 31 428
21 543 21 543
33 021 33 021
66 175 66 175
12 049 12 049
19 821 19 821
31 646 31 646
3 059 3 059
29 304 29 304
31 312 31 312
84 173 84 173
35 644 35 644
38 734 38 734
20 064 20 064
3 016 3 016
6 428 6 428
804 804
1 362 1 362
30 891 30 891
22 329 22 329
33 083 33 083
62 829 62 829
11 778 11 778
19 568 19 568
32 523 32 523
3 002 3 002
26 539 26 539
30 325 30 325
85 844 85 844
34 839 34 839
37 830 37 830
20 053 20 053
3 047 3 047
' and expected object '6 689 6 689
748 748
1 389 1 389
31 428 31 428
21 543 21 543
33 021 33 021
66 175 66 175
12 049 12 049
19 821 19 821
31 646 31 646
3 059 3 059
29 304 29 304
31 312 31 312
84 173 84 173
35 644 35 644
38 734 38 734
20 064 20 064
3 016 3 016
6 428 6 428
804 804
1 362 1 362
30 891 30 891
22 329 22 329
33 083 33 083
62 829 62 829
11 778 11 778
19 568 19 568
32 523 32 523
3 002 3 002
26 539 26 539
30 325 30 325
85 844 85 844
34 839 34 839
37 830 37 830
20 053 20 053
3 047 3 047
' are equal

16-05-2025T11:30:46 - [MESSAGE][PASSED] - Actual object '6 689 6 689
748 748
1 389 1 389
31 428 31 428
21 543 21 543
33 021 33 021
66 175 66 175
12 049 12 049
19 821 19 821
31 646 31 646
3 059 3 059
29 304 29 304
31 312 31 312
84 173 84 173
35 644 35 644
38 734 38 734
20 064 20 064
3 016 3 016
6 428 6 428
804 804
1 362 1 362
30 891 30 891
22 329 22 329
33 083 33 083
62 829 62 829
11 778 11 778
19 568 19 568
32 523 32 523
3 002 3 002
26 539 26 539
30 325 30 325
85 844 85 844
34 839 34 839
37 830 37 830
20 053 20 053
3 047 3 047
' and expected object '6 689 6 689
748 748
1 389 1 389
31 428 31 428
21 543 21 543
33 021 33 021
66 175 66 175
12 049 12 049
19 821 19 821
31 646 31 646
3 059 3 059
29 304 29 304
31 312 31 312
84 173 84 173
35 644 35 644
38 734 38 734
20 064 20 064
3 016 3 016
6 428 6 428
804 804
1 362 1 362
30 891 30 891
22 329 22 329
33 083 33 083
62 829 62 829
11 778 11 778
19 568 19 568
32 523 32 523
3 002 3 002
26 539 26 539
30 325 30 325
85 844 85 844
34 839 34 839
37 830 37 830
20 053 20 053
3 047 3 047
' are equal

16-05-2025T11:30:46 - [TEST_STEP][PASSED] - if (verifyEqual(a1, b1) == true): Actual object '6 689 6 689
748 748
1 389 1 389
31 428 31 428
21 543 21 543
33 021 33 021
66 175 66 175
12 049 12 049
19 821 19 821
31 646 31 646
3 059 3 059
29 304 29 304
31 312 31 312
84 173 84 173
35 644 35 644
38 734 38 734
20 064 20 064
3 016 3 016
6 428 6 428
804 804
1 362 1 362
30 891 30 891
22 329 22 329
33 083 33 083
62 829 62 829
11 778 11 778
19 568 19 568
32 523 32 523
3 002 3 002
26 539 26 539
30 325 30 325
85 844 85 844
34 839 34 839
37 830 37 830
20 053 20 053
3 047 3 047
' and expected object '6 689 6 689
748 748
1 389 1 389
31 428 31 428
21 543 21 543
33 021 33 021
66 175 66 175
12 049 12 049
19 821 19 821
31 646 31 646
3 059 3 059
29 304 29 304
31 312 31 312
84 173 84 173
35 644 35 644
38 734 38 734
20 064 20 064
3 016 3 016
6 428 6 428
804 804
1 362 1 362
30 891 30 891
22 329 22 329
33 083 33 083
62 829 62 829
11 778 11 778
19 568 19 568
32 523 32 523
3 002 3 002
26 539 26 539
30 325 30 325
85 844 85 844
34 839 34 839
37 830 37 830
20 053 20 053
3 047 3 047
' are equal

16-05-2025T11:30:46 - [MESSAGE][PASSED] - Actual object '6 689 6 689
748 748
1 389 1 389
31 428 31 428
21 543 21 543
33 021 33 021
66 175 66 175
12 049 12 049
19 821 19 821
31 646 31 646
3 059 3 059
29 304 29 304
31 312 31 312
84 173 84 173
35 644 35 644
38 734 38 734
20 064 20 064
3 016 3 016
6 428 6 428
804 804
1 362 1 362
30 891 30 891
22 329 22 329
33 083 33 083
62 829 62 829
11 778 11 778
19 568 19 568
32 523 32 523
3 002 3 002
26 539 26 539
30 325 30 325
85 844 85 844
34 839 34 839
37 830 37 830
20 053 20 053
3 047 3 047
' and expected object '6 689 6 689
748 748
1 389 1 389
31 428 31 428
21 543 21 543
33 021 33 021
66 175 66 175
12 049 12 049
19 821 19 821
31 646 31 646
3 059 3 059
29 304 29 304
31 312 31 312
84 173 84 173
35 644 35 644
38 734 38 734
20 064 20 064
3 016 3 016
6 428 6 428
804 804
1 362 1 362
30 891 30 891
22 329 22 329
33 083 33 083
62 829 62 829
11 778 11 778
19 568 19 568
32 523 32 523
3 002 3 002
26 539 26 539
30 325 30 325
85 844 85 844
34 839 34 839
37 830 37 830
20 053 20 053
3 047 3 047
' are equal

16-05-2025T11:30:46 - [TEST_STEP][PASSED] - verifyEqual(a2, b2): Actual object '1,39%1,39%
0,17%0,17%
0,29%0,29%
6,67%6,67%
4,82%4,82%
7,14%7,14%
13,57%13,57%
2,54%2,54%
4,23%4,23%
7,02%7,02%
0,65%0,65%
5,73%5,73%
6,55%6,55%
18,54%18,54%
7,52%7,52%
8,17%8,17%
4,33%4,33%
0,66%0,66%
АО "РЭС"
' and expected object '1,39%1,39%
0,17%0,17%
0,29%0,29%
6,67%6,67%
4,82%4,82%
7,14%7,14%
13,57%13,57%
2,54%2,54%
4,23%4,23%
7,02%7,02%
0,65%0,65%
5,73%5,73%
6,55%6,55%
18,54%18,54%
7,52%7,52%
8,17%8,17%
4,33%4,33%
0,66%0,66%
АО "РЭС"
' are equal

16-05-2025T11:30:46 - [MESSAGE][PASSED] - Actual object '1,39%1,39%
0,17%0,17%
0,29%0,29%
6,67%6,67%
4,82%4,82%
7,14%7,14%
13,57%13,57%
2,54%2,54%
4,23%4,23%
7,02%7,02%
0,65%0,65%
5,73%5,73%
6,55%6,55%
18,54%18,54%
7,52%7,52%
8,17%8,17%
4,33%4,33%
0,66%0,66%
АО "РЭС"
' and expected object '1,39%1,39%
0,17%0,17%
0,29%0,29%
6,67%6,67%
4,82%4,82%
7,14%7,14%
13,57%13,57%
2,54%2,54%
4,23%4,23%
7,02%7,02%
0,65%0,65%
5,73%5,73%
6,55%6,55%
18,54%18,54%
7,52%7,52%
8,17%8,17%
4,33%4,33%
0,66%0,66%
АО "РЭС"
' are equal

16-05-2025T11:30:46 - [TEST_STEP][PASSED] - if (verifyEqual(a2, b2) == true): Actual object '1,39%1,39%
0,17%0,17%
0,29%0,29%
6,67%6,67%
4,82%4,82%
7,14%7,14%
13,57%13,57%
2,54%2,54%
4,23%4,23%
7,02%7,02%
0,65%0,65%
5,73%5,73%
6,55%6,55%
18,54%18,54%
7,52%7,52%
8,17%8,17%
4,33%4,33%
0,66%0,66%
АО "РЭС"
' and expected object '1,39%1,39%
0,17%0,17%
0,29%0,29%
6,67%6,67%
4,82%4,82%
7,14%7,14%
13,57%13,57%
2,54%2,54%
4,23%4,23%
7,02%7,02%
0,65%0,65%
5,73%5,73%
6,55%6,55%
18,54%18,54%
7,52%7,52%
8,17%8,17%
4,33%4,33%
0,66%0,66%
АО "РЭС"
' are equal

16-05-2025T11:30:46 - [MESSAGE][PASSED] - Actual object '1,39%1,39%
0,17%0,17%
0,29%0,29%
6,67%6,67%
4,82%4,82%
7,14%7,14%
13,57%13,57%
2,54%2,54%
4,23%4,23%
7,02%7,02%
0,65%0,65%
5,73%5,73%
6,55%6,55%
18,54%18,54%
7,52%7,52%
8,17%8,17%
4,33%4,33%
0,66%0,66%
АО "РЭС"
' and expected object '1,39%1,39%
0,17%0,17%
0,29%0,29%
6,67%6,67%
4,82%4,82%
7,14%7,14%
13,57%13,57%
2,54%2,54%
4,23%4,23%
7,02%7,02%
0,65%0,65%
5,73%5,73%
6,55%6,55%
18,54%18,54%
7,52%7,52%
8,17%8,17%
4,33%4,33%
0,66%0,66%
АО "РЭС"
' are equal

16-05-2025T11:30:46 - [TEST_STEP][PASSED] - closeBrowser(): Browser is closed

16-05-2025T11:30:46 - [MESSAGE][PASSED] - Browser is closed]]></system-out>
         <system-err><![CDATA[]]></system-err>
      </testcase>
      <testcase name="Test Cases/Сверки дашбордов/Прогноз по отраслям сверка дашбордов" time="1140.852" classname="Test Cases/Сверки дашбордов/Прогноз по отраслям сверка дашбордов" status="PASSED">
         <system-out><![CDATA[16-05-2025T11:30:46 - [TEST_CASE][PASSED] - Test Cases/Сверки дашбордов/Прогноз по отраслям сверка дашбордов: Test Cases/Сверки дашбордов/Прогноз по отраслям сверка дашбордов

16-05-2025T11:30:46 - [TEST_STEP][PASSED] - date = new java.util.Date(): null

16-05-2025T11:30:46 - [TEST_STEP][PASSED] - todaysDate = date.format("dd.MM.yyyy"): null

16-05-2025T11:30:46 - [TEST_STEP][PASSED] - println(todaysDate): null

16-05-2025T11:30:46 - [TEST_STEP][PASSED] - typeOfData = <not implemented yet for class: org.codehaus.groovy.ast.expr.EmptyExpression>: null

16-05-2025T11:30:46 - [TEST_STEP][PASSED] - filterSravnenie = <not implemented yet for class: org.codehaus.groovy.ast.expr.EmptyExpression>: null

16-05-2025T11:30:46 - [TEST_STEP][PASSED] - kpoOtpusk = <not implemented yet for class: org.codehaus.groovy.ast.expr.EmptyExpression>: null

16-05-2025T11:30:46 - [TEST_STEP][PASSED] - openBrowser(""): Browser is opened with url: ''

16-05-2025T11:30:46 - [MESSAGE][INFO] - Starting 'Chrome' driver

16-05-2025T11:30:46 - [MESSAGE][INFO] - Action delay is set to 0 milliseconds

16-05-2025T11:30:47 - [MESSAGE][PASSED] - Browser is opened with url: ''

16-05-2025T11:30:47 - [TEST_STEP][PASSED] - navigateToUrl(findTestData("PlanFact").getValue(10, 6)): Navigate to 'https://bi.rosseti.digital/viewer?dashboardGuid=d6acb5b1a7114a9791b34de39263106e&sheetGuid=0b6d261d7f7b4424a967aa8f3a724189&fit=true' successfully

16-05-2025T11:30:50 - [MESSAGE][PASSED] - Navigate to 'https://bi.rosseti.digital/viewer?dashboardGuid=d6acb5b1a7114a9791b34de39263106e&sheetGuid=0b6d261d7f7b4424a967aa8f3a724189&fit=true' successfully

16-05-2025T11:30:50 - [TEST_STEP][PASSED] - setText(findTestObject("Страница авторизации/input__username"), findTestData("PlanFact").getValue(8, 1)): Text 'liazgina-di' is set on object 'Object Repository/Страница авторизации/input__username'

16-05-2025T11:30:51 - [MESSAGE][PASSED] - Text 'liazgina-di' is set on object 'Object Repository/Страница авторизации/input__username'

16-05-2025T11:30:51 - [TEST_STEP][PASSED] - setText(findTestObject("Страница авторизации/input__password"), findTestData("PlanFact").getValue(9, 1)): Text ')$%5srZ8o688Dm#q' is set on object 'Object Repository/Страница авторизации/input__password'

16-05-2025T11:30:52 - [MESSAGE][PASSED] - Text ')$%5srZ8o688Dm#q' is set on object 'Object Repository/Страница авторизации/input__password'

16-05-2025T11:30:52 - [TEST_STEP][PASSED] - click(findTestObject("Страница авторизации/button_")): Object: 'Object Repository/Страница авторизации/button_' is clicked on

16-05-2025T11:30:53 - [MESSAGE][PASSED] - Object: 'Object Repository/Страница авторизации/button_' is clicked on

16-05-2025T11:30:53 - [TEST_STEP][PASSED] - delay(50): Delayed 50 second(s)

16-05-2025T11:31:43 - [MESSAGE][PASSED] - Delayed 50 second(s)

16-05-2025T11:31:43 - [TEST_STEP][PASSED] - click(findTestObject("Прогноз по отраслям/Фильтр Месяц")): Object: 'Object Repository/Прогноз по отраслям/Фильтр Месяц' is clicked on

16-05-2025T11:31:43 - [MESSAGE][PASSED] - Object: 'Object Repository/Прогноз по отраслям/Фильтр Месяц' is clicked on

16-05-2025T11:31:43 - [TEST_STEP][PASSED] - scrollToElement(findTestObject("Прогноз по отраслям/Ноябрь"), 30): Scroll to object 'Object Repository/Прогноз по отраслям/Ноябрь' successfully

16-05-2025T11:31:44 - [MESSAGE][PASSED] - Scroll to object 'Object Repository/Прогноз по отраслям/Ноябрь' successfully

16-05-2025T11:31:44 - [TEST_STEP][PASSED] - click(findTestObject("Прогноз по отраслям/Ноябрь"), CONTINUE_ON_FAILURE): Object: 'Object Repository/Прогноз по отраслям/Ноябрь' is clicked on

16-05-2025T11:31:44 - [MESSAGE][PASSED] - Object: 'Object Repository/Прогноз по отраслям/Ноябрь' is clicked on

16-05-2025T11:31:44 - [TEST_STEP][PASSED] - scrollToElement(findTestObject("Прогноз по отраслям/Заголовок дашборда"), 30): Scroll to object 'Object Repository/Прогноз по отраслям/Заголовок дашборда' successfully

16-05-2025T11:31:46 - [MESSAGE][PASSED] - Scroll to object 'Object Repository/Прогноз по отраслям/Заголовок дашборда' successfully

16-05-2025T11:31:46 - [TEST_STEP][PASSED] - click(findTestObject("Прогноз по отраслям/Фильтр Сравнение с")): Object: 'Object Repository/Прогноз по отраслям/Фильтр Сравнение с' is clicked on

16-05-2025T11:31:46 - [MESSAGE][PASSED] - Object: 'Object Repository/Прогноз по отраслям/Фильтр Сравнение с' is clicked on

16-05-2025T11:31:46 - [TEST_STEP][PASSED] - click(findTestObject("Прогноз по отраслям/Факт прошлого года")): Object: 'Object Repository/Прогноз по отраслям/Факт прошлого года' is clicked on

16-05-2025T11:31:47 - [MESSAGE][PASSED] - Object: 'Object Repository/Прогноз по отраслям/Факт прошлого года' is clicked on

16-05-2025T11:31:47 - [TEST_STEP][PASSED] - click(findTestObject("Прогноз по отраслям/Фильтр КПО-Отпуск")): Object: 'Object Repository/Прогноз по отраслям/Фильтр КПО-Отпуск' is clicked on

16-05-2025T11:31:48 - [MESSAGE][PASSED] - Object: 'Object Repository/Прогноз по отраслям/Фильтр КПО-Отпуск' is clicked on

16-05-2025T11:31:48 - [TEST_STEP][PASSED] - click(findTestObject("Прогноз по отраслям/Отпуск")): Object: 'Object Repository/Прогноз по отраслям/Отпуск' is clicked on

16-05-2025T11:31:49 - [MESSAGE][PASSED] - Object: 'Object Repository/Прогноз по отраслям/Отпуск' is clicked on

16-05-2025T11:31:49 - [TEST_STEP][PASSED] - delay(40): Delayed 40 second(s)

16-05-2025T11:32:29 - [MESSAGE][PASSED] - Delayed 40 second(s)

16-05-2025T11:32:29 - [TEST_STEP][PASSED] - a1 = getText(findTestObject("Прогноз по отраслям/Виджеты дашборда")): Text of object 'Object Repository/Прогноз по отраслям/Виджеты дашборда' is: 'Год 
2023 год
Сравнение с 
Факт прошлого года
Динамика электропотребления, млрд. кВт.ч. по ПАО Россети на 2023 год
12 12
186 186
36 36
50 50
10 10
19 19
0 0
17 17
85 85
19 19
82 82
604 604
10 10
197 197
37 37
48 48
10 10
15 15
4 4
18 18
80 80
19 19
82 82
608 608
Факт прошлого года
Ожидаемое (прогноз по конца года)
Интер РАО (дляФСК)
Промышленныепотребители
Транспорт
Нефтедобыча
Нефтепереработка
Нефтепроводы
Газопроводы
Сельскоехозяйство ипищеваяпромышленность
Непромышленныепотребители
Государственные(муниципальные)организации ипрочиебюджетныепотребители
Население иприравненныегруппыпотребителей
Территориальныесетевыеорганизации
Выручка по ПАО Россети на 2023 год
5 5
285 285
72 72
72 72
18 18
22 22
0 0
50 50
201 201
61 61
190 190
227 227
6 6
331 331
82 82
77 77
20 20
20 20
3 3
57 57
220 220
68 68
214 214
258 258
Факт прошлого года
Ожидаемое (прогноз по конца года)
Интер РАО (дляФСК)
Промышленныепотребители
Транспорт
Нефтедобыча
Нефтепереработка
Нефтепроводы
Газопроводы
Сельскоехозяйство ипищеваяпромышленность
Непромышленныепотребители
Государственные(муниципальные)организации ипрочиебюджетныепотребители
Население иприравненныегруппыпотребителей
Территориальныесетевыеорганизации
Отклонения по ПАО Россети на 2023 год
-18.5% -18.5%
5.9% 5.9%
3.6% 3.6%
-3.9% -3.9%
0.9% 0.9%
-20.7% -20.7%
3 313.2% 3 313.2%
3.8% 3.8%
-5.6% -5.6%
1.3% 1.3%
-0.9% -0.9%
0.7% 0.7%
⬤ Отклонение, %
Интер РАО (для ФСК)
Промышленные потребители
Транспорт
Нефтедобыча
Нефтепереработка
Нефтепроводы
Газопроводы
Сельское хозяйство и пищевая пр…
Непромышленные потребители
Государственные (муниципальные…
Население и приравненные групп…
Территориальные сетевые органи…
Выручка отклонения по ПАО Россети на 2023 год
7.7% 7.7%
16.0% 16.0%
13.2% 13.2%
6.7% 6.7%
13.3% 13.3%
-7.7% -7.7%
1 331.5% 1 331.5%
14.2% 14.2%
9.9% 9.9%
12.0% 12.0%
12.4% 12.4%
13.7% 13.7%
⬤ Отклонение, %
Интер РАО (для ФСК)
Промышленные потребители
Транспорт
Нефтедобыча
Нефтепереработка
Нефтепроводы
Газопроводы
Сельское хозяйство и пищевая пр…
Непромышленные потребители
Государственные (муниципальные…
Население и приравненные групп…
Территориальные сетевые органи…
абс.
%
Прогноз на месяц 
Ноябрь
КПО/Отпуск из сети 
Отпуск из сети, млн. кВт.ч
Организация 
Все
Прогноз электропотребления и выручки за услуги по передаче в разрезе отраслей'

16-05-2025T11:32:30 - [MESSAGE][PASSED] - Text of object 'Object Repository/Прогноз по отраслям/Виджеты дашборда' is: 'Год 
2023 год
Сравнение с 
Факт прошлого года
Динамика электропотребления, млрд. кВт.ч. по ПАО Россети на 2023 год
12 12
186 186
36 36
50 50
10 10
19 19
0 0
17 17
85 85
19 19
82 82
604 604
10 10
197 197
37 37
48 48
10 10
15 15
4 4
18 18
80 80
19 19
82 82
608 608
Факт прошлого года
Ожидаемое (прогноз по конца года)
Интер РАО (дляФСК)
Промышленныепотребители
Транспорт
Нефтедобыча
Нефтепереработка
Нефтепроводы
Газопроводы
Сельскоехозяйство ипищеваяпромышленность
Непромышленныепотребители
Государственные(муниципальные)организации ипрочиебюджетныепотребители
Население иприравненныегруппыпотребителей
Территориальныесетевыеорганизации
Выручка по ПАО Россети на 2023 год
5 5
285 285
72 72
72 72
18 18
22 22
0 0
50 50
201 201
61 61
190 190
227 227
6 6
331 331
82 82
77 77
20 20
20 20
3 3
57 57
220 220
68 68
214 214
258 258
Факт прошлого года
Ожидаемое (прогноз по конца года)
Интер РАО (дляФСК)
Промышленныепотребители
Транспорт
Нефтедобыча
Нефтепереработка
Нефтепроводы
Газопроводы
Сельскоехозяйство ипищеваяпромышленность
Непромышленныепотребители
Государственные(муниципальные)организации ипрочиебюджетныепотребители
Население иприравненныегруппыпотребителей
Территориальныесетевыеорганизации
Отклонения по ПАО Россети на 2023 год
-18.5% -18.5%
5.9% 5.9%
3.6% 3.6%
-3.9% -3.9%
0.9% 0.9%
-20.7% -20.7%
3 313.2% 3 313.2%
3.8% 3.8%
-5.6% -5.6%
1.3% 1.3%
-0.9% -0.9%
0.7% 0.7%
⬤ Отклонение, %
Интер РАО (для ФСК)
Промышленные потребители
Транспорт
Нефтедобыча
Нефтепереработка
Нефтепроводы
Газопроводы
Сельское хозяйство и пищевая пр…
Непромышленные потребители
Государственные (муниципальные…
Население и приравненные групп…
Территориальные сетевые органи…
Выручка отклонения по ПАО Россети на 2023 год
7.7% 7.7%
16.0% 16.0%
13.2% 13.2%
6.7% 6.7%
13.3% 13.3%
-7.7% -7.7%
1 331.5% 1 331.5%
14.2% 14.2%
9.9% 9.9%
12.0% 12.0%
12.4% 12.4%
13.7% 13.7%
⬤ Отклонение, %
Интер РАО (для ФСК)
Промышленные потребители
Транспорт
Нефтедобыча
Нефтепереработка
Нефтепроводы
Газопроводы
Сельское хозяйство и пищевая пр…
Непромышленные потребители
Государственные (муниципальные…
Население и приравненные групп…
Территориальные сетевые органи…
абс.
%
Прогноз на месяц 
Ноябрь
КПО/Отпуск из сети 
Отпуск из сети, млн. кВт.ч
Организация 
Все
Прогноз электропотребления и выручки за услуги по передаче в разрезе отраслей'

16-05-2025T11:32:30 - [TEST_STEP][PASSED] - a1 = a1.replaceAll("[^0-9]", ""): null

16-05-2025T11:32:30 - [TEST_STEP][PASSED] - println("a1:" + a1): null

16-05-2025T11:32:30 - [TEST_STEP][PASSED] - click(findTestObject("Прогноз по отраслям/Фильтр Сравнение с")): Object: 'Object Repository/Прогноз по отраслям/Фильтр Сравнение с' is clicked on

16-05-2025T11:32:30 - [MESSAGE][PASSED] - Object: 'Object Repository/Прогноз по отраслям/Фильтр Сравнение с' is clicked on

16-05-2025T11:32:30 - [TEST_STEP][PASSED] - click(findTestObject("Прогноз по отраслям/План")): Object: 'Object Repository/Прогноз по отраслям/План' is clicked on

16-05-2025T11:32:31 - [MESSAGE][PASSED] - Object: 'Object Repository/Прогноз по отраслям/План' is clicked on

16-05-2025T11:32:31 - [TEST_STEP][PASSED] - delay(40): Delayed 40 second(s)

16-05-2025T11:33:11 - [MESSAGE][PASSED] - Delayed 40 second(s)

16-05-2025T11:33:11 - [TEST_STEP][PASSED] - a2 = getText(findTestObject("Прогноз по отраслям/Виджеты дашборда")): Text of object 'Object Repository/Прогноз по отраслям/Виджеты дашборда' is: 'Год 
2023 год
Сравнение с 
План
Динамика электропотребления, млрд. кВт.ч. по ПАО Россети на 2023 год
10 10
190 190
36 36
14 14
9 9
14 14
4 4
17 17
80 80
19 19
82 82
588 588
10 10
197 197
37 37
48 48
10 10
15 15
4 4
18 18
80 80
19 19
82 82
608 608
План
Ожидаемое (прогноз по конца года)
Интер РАО (дляФСК)
Промышленныепотребители
Транспорт
Нефтедобыча
Нефтепереработка
Нефтепроводы
Газопроводы
Сельскоехозяйство ипищеваяпромышленность
Непромышленныепотребители
Государственные(муниципальные)организации ипрочиебюджетныепотребители
Население иприравненныегруппыпотребителей
Территориальныесетевыеорганизации
Выручка по ПАО Россети на 2023 год
5 5
319 319
81 81
16 16
16 16
20 20
2 2
56 56
215 215
67 67
218 218
239 239
6 6
331 331
82 82
77 77
20 20
20 20
3 3
57 57
220 220
68 68
214 214
258 258
План
Ожидаемое (прогноз по конца года)
Интер РАО (дляФСК)
Промышленныепотребители
Транспорт
Нефтедобыча
Нефтепереработка
Нефтепроводы
Газопроводы
Сельскоехозяйство ипищеваяпромышленность
Непромышленныепотребители
Государственные(муниципальные)организации ипрочиебюджетныепотребители
Население иприравненныегруппыпотребителей
Территориальныесетевыеорганизации
Отклонения по ПАО Россети на 2023 год
-4.7% -4.7%
3.8% 3.8%
1.9% 1.9%
230.3% 230.3%
10.9% 10.9%
4.2% 4.2%
21.7% 21.7%
3.9% 3.9%
-0.6% -0.6%
1.6% 1.6%
-1.0% -1.0%
3.3% 3.3%
⬤ Отклонение, %
Интер РАО (для ФСК)
Промышленные потребители
Транспорт
Нефтедобыча
Нефтепереработка
Нефтепроводы
Газопроводы
Сельское хозяйство и пищевая пр…
Непромышленные потребители
Государственные (муниципальные…
Население и приравненные групп…
Территориальные сетевые органи…
Выручка отклонения по ПАО Россети на 2023 год
15.6% 15.6%
3.8% 3.8%
1.2% 1.2%
398.2% 398.2%
26.9% 26.9%
-0.6% -0.6%
26.9% 26.9%
1.5% 1.5%
2.7% 2.7%
2.0% 2.0%
-2.0% -2.0%
7.9% 7.9%
⬤ Отклонение, %
Интер РАО (для ФСК)
Промышленные потребители
Транспорт
Нефтедобыча
Нефтепереработка
Нефтепроводы
Газопроводы
Сельское хозяйство и пищевая пр…
Непромышленные потребители
Государственные (муниципальные…
Население и приравненные групп…
Территориальные сетевые органи…
абс.
%
Прогноз на месяц 
Ноябрь
КПО/Отпуск из сети 
Отпуск из сети, млн. кВт.ч
Организация 
Все
Прогноз электропотребления и выручки за услуги по передаче в разрезе отраслей'

16-05-2025T11:33:11 - [MESSAGE][PASSED] - Text of object 'Object Repository/Прогноз по отраслям/Виджеты дашборда' is: 'Год 
2023 год
Сравнение с 
План
Динамика электропотребления, млрд. кВт.ч. по ПАО Россети на 2023 год
10 10
190 190
36 36
14 14
9 9
14 14
4 4
17 17
80 80
19 19
82 82
588 588
10 10
197 197
37 37
48 48
10 10
15 15
4 4
18 18
80 80
19 19
82 82
608 608
План
Ожидаемое (прогноз по конца года)
Интер РАО (дляФСК)
Промышленныепотребители
Транспорт
Нефтедобыча
Нефтепереработка
Нефтепроводы
Газопроводы
Сельскоехозяйство ипищеваяпромышленность
Непромышленныепотребители
Государственные(муниципальные)организации ипрочиебюджетныепотребители
Население иприравненныегруппыпотребителей
Территориальныесетевыеорганизации
Выручка по ПАО Россети на 2023 год
5 5
319 319
81 81
16 16
16 16
20 20
2 2
56 56
215 215
67 67
218 218
239 239
6 6
331 331
82 82
77 77
20 20
20 20
3 3
57 57
220 220
68 68
214 214
258 258
План
Ожидаемое (прогноз по конца года)
Интер РАО (дляФСК)
Промышленныепотребители
Транспорт
Нефтедобыча
Нефтепереработка
Нефтепроводы
Газопроводы
Сельскоехозяйство ипищеваяпромышленность
Непромышленныепотребители
Государственные(муниципальные)организации ипрочиебюджетныепотребители
Население иприравненныегруппыпотребителей
Территориальныесетевыеорганизации
Отклонения по ПАО Россети на 2023 год
-4.7% -4.7%
3.8% 3.8%
1.9% 1.9%
230.3% 230.3%
10.9% 10.9%
4.2% 4.2%
21.7% 21.7%
3.9% 3.9%
-0.6% -0.6%
1.6% 1.6%
-1.0% -1.0%
3.3% 3.3%
⬤ Отклонение, %
Интер РАО (для ФСК)
Промышленные потребители
Транспорт
Нефтедобыча
Нефтепереработка
Нефтепроводы
Газопроводы
Сельское хозяйство и пищевая пр…
Непромышленные потребители
Государственные (муниципальные…
Население и приравненные групп…
Территориальные сетевые органи…
Выручка отклонения по ПАО Россети на 2023 год
15.6% 15.6%
3.8% 3.8%
1.2% 1.2%
398.2% 398.2%
26.9% 26.9%
-0.6% -0.6%
26.9% 26.9%
1.5% 1.5%
2.7% 2.7%
2.0% 2.0%
-2.0% -2.0%
7.9% 7.9%
⬤ Отклонение, %
Интер РАО (для ФСК)
Промышленные потребители
Транспорт
Нефтедобыча
Нефтепереработка
Нефтепроводы
Газопроводы
Сельское хозяйство и пищевая пр…
Непромышленные потребители
Государственные (муниципальные…
Население и приравненные групп…
Территориальные сетевые органи…
абс.
%
Прогноз на месяц 
Ноябрь
КПО/Отпуск из сети 
Отпуск из сети, млн. кВт.ч
Организация 
Все
Прогноз электропотребления и выручки за услуги по передаче в разрезе отраслей'

16-05-2025T11:33:11 - [TEST_STEP][PASSED] - a2 = a2.replaceAll("[^0-9]", ""): null

16-05-2025T11:33:11 - [TEST_STEP][PASSED] - println("a2:" + a2): null

16-05-2025T11:33:11 - [TEST_STEP][PASSED] - click(findTestObject("Прогноз по отраслям/Фильтр Сравнение с")): Object: 'Object Repository/Прогноз по отраслям/Фильтр Сравнение с' is clicked on

16-05-2025T11:33:12 - [MESSAGE][PASSED] - Object: 'Object Repository/Прогноз по отраслям/Фильтр Сравнение с' is clicked on

16-05-2025T11:33:12 - [TEST_STEP][PASSED] - click(findTestObject("Прогноз по отраслям/План СУ")): Object: 'Object Repository/Прогноз по отраслям/План СУ' is clicked on

16-05-2025T11:33:13 - [MESSAGE][PASSED] - Object: 'Object Repository/Прогноз по отраслям/План СУ' is clicked on

16-05-2025T11:33:13 - [TEST_STEP][PASSED] - delay(40): Delayed 40 second(s)

16-05-2025T11:33:53 - [MESSAGE][PASSED] - Delayed 40 second(s)

16-05-2025T11:33:53 - [TEST_STEP][PASSED] - a3 = getText(findTestObject("Прогноз по отраслям/Виджеты дашборда")): Text of object 'Object Repository/Прогноз по отраслям/Виджеты дашборда' is: 'Год 
2023 год
Сравнение с 
План/СУ
Динамика электропотребления, млрд. кВт.ч. по ПАО Россети на 2023 год
10 10
181 181
36 36
15 15
9 9
14 14
4 4
16 16
86 86
19 19
79 79
586 586
10 10
197 197
37 37
48 48
10 10
15 15
4 4
18 18
80 80
19 19
82 82
608 608
СУ
Ожидаемое (прогноз по конца года)
Интер РАО (дляФСК)
Промышленныепотребители
Транспорт
Нефтедобыча
Нефтепереработка
Нефтепроводы
Газопроводы
Сельскоехозяйство ипищеваяпромышленность
Непромышленныепотребители
Государственные(муниципальные)организации ипрочиебюджетныепотребители
Население иприравненныегруппыпотребителей
Территориальныесетевыеорганизации
Выручка по ПАО Россети на 2023 год
6 6
331 331
82 82
77 77
20 20
20 20
3 3
57 57
220 220
68 68
214 214
258 258
Ожидаемое (прогноз по конца года)
Интер РАО (дляФСК)
Промышленныепотребители
Транспорт
Нефтедобыча
Нефтепереработка
Нефтепроводы
Газопроводы
Сельскоехозяйство ипищеваяпромышленность
Непромышленныепотребители
Государственные(муниципальные)организации ипрочиебюджетныепотребители
Население иприравненныегруппыпотребителей
Территориальныесетевыеорганизации
Отклонения по ПАО Россети на 2023 год
2.5% 2.5%
8.9% 8.9%
3.5% 3.5%
221.4% 221.4%
12.8% 12.8%
6.9% 6.9%
13.5% 13.5%
8.1% 8.1%
-6.9% -6.9%
2.3% 2.3%
3.1% 3.1%
3.8% 3.8%
⬤ Отклонение, %
Интер РАО (для ФСК)
Промышленные потребители
Транспорт
Нефтедобыча
Нефтепереработка
Нефтепроводы
Газопроводы
Сельское хозяйство и пищевая пр…
Непромышленные потребители
Государственные (муниципальные…
Население и приравненные групп…
Территориальные сетевые органи…
Выручка отклонения по ПАО Россети на 2023 год
⬤ Отклонение, %
Интер РАО (для ФСК)
Промышленные потребители
Транспорт
Нефтедобыча
Нефтепереработка
Нефтепроводы
Газопроводы
Сельское хозяйство и пищевая пр…
Непромышленные потребители
Государственные (муниципальные…
Население и приравненные групп…
Территориальные сетевые органи…
абс.
%
Прогноз на месяц 
Ноябрь
КПО/Отпуск из сети 
Отпуск из сети, млн. кВт.ч
Организация 
Все
Прогноз электропотребления и выручки за услуги по передаче в разрезе отраслей'

16-05-2025T11:33:53 - [MESSAGE][PASSED] - Text of object 'Object Repository/Прогноз по отраслям/Виджеты дашборда' is: 'Год 
2023 год
Сравнение с 
План/СУ
Динамика электропотребления, млрд. кВт.ч. по ПАО Россети на 2023 год
10 10
181 181
36 36
15 15
9 9
14 14
4 4
16 16
86 86
19 19
79 79
586 586
10 10
197 197
37 37
48 48
10 10
15 15
4 4
18 18
80 80
19 19
82 82
608 608
СУ
Ожидаемое (прогноз по конца года)
Интер РАО (дляФСК)
Промышленныепотребители
Транспорт
Нефтедобыча
Нефтепереработка
Нефтепроводы
Газопроводы
Сельскоехозяйство ипищеваяпромышленность
Непромышленныепотребители
Государственные(муниципальные)организации ипрочиебюджетныепотребители
Население иприравненныегруппыпотребителей
Территориальныесетевыеорганизации
Выручка по ПАО Россети на 2023 год
6 6
331 331
82 82
77 77
20 20
20 20
3 3
57 57
220 220
68 68
214 214
258 258
Ожидаемое (прогноз по конца года)
Интер РАО (дляФСК)
Промышленныепотребители
Транспорт
Нефтедобыча
Нефтепереработка
Нефтепроводы
Газопроводы
Сельскоехозяйство ипищеваяпромышленность
Непромышленныепотребители
Государственные(муниципальные)организации ипрочиебюджетныепотребители
Население иприравненныегруппыпотребителей
Территориальныесетевыеорганизации
Отклонения по ПАО Россети на 2023 год
2.5% 2.5%
8.9% 8.9%
3.5% 3.5%
221.4% 221.4%
12.8% 12.8%
6.9% 6.9%
13.5% 13.5%
8.1% 8.1%
-6.9% -6.9%
2.3% 2.3%
3.1% 3.1%
3.8% 3.8%
⬤ Отклонение, %
Интер РАО (для ФСК)
Промышленные потребители
Транспорт
Нефтедобыча
Нефтепереработка
Нефтепроводы
Газопроводы
Сельское хозяйство и пищевая пр…
Непромышленные потребители
Государственные (муниципальные…
Население и приравненные групп…
Территориальные сетевые органи…
Выручка отклонения по ПАО Россети на 2023 год
⬤ Отклонение, %
Интер РАО (для ФСК)
Промышленные потребители
Транспорт
Нефтедобыча
Нефтепереработка
Нефтепроводы
Газопроводы
Сельское хозяйство и пищевая пр…
Непромышленные потребители
Государственные (муниципальные…
Население и приравненные групп…
Территориальные сетевые органи…
абс.
%
Прогноз на месяц 
Ноябрь
КПО/Отпуск из сети 
Отпуск из сети, млн. кВт.ч
Организация 
Все
Прогноз электропотребления и выручки за услуги по передаче в разрезе отраслей'

16-05-2025T11:33:53 - [TEST_STEP][PASSED] - a3 = a3.replaceAll("[^0-9]", ""): null

16-05-2025T11:33:53 - [TEST_STEP][PASSED] - println("a3:" + a3): null

16-05-2025T11:33:53 - [TEST_STEP][PASSED] - click(findTestObject("Прогноз по отраслям/Фильтр Сравнение с")): Object: 'Object Repository/Прогноз по отраслям/Фильтр Сравнение с' is clicked on

16-05-2025T11:33:53 - [MESSAGE][PASSED] - Object: 'Object Repository/Прогноз по отраслям/Фильтр Сравнение с' is clicked on

16-05-2025T11:33:53 - [TEST_STEP][PASSED] - click(findTestObject("Прогноз по отраслям/Факт прошлого года")): Object: 'Object Repository/Прогноз по отраслям/Факт прошлого года' is clicked on

16-05-2025T11:33:54 - [MESSAGE][PASSED] - Object: 'Object Repository/Прогноз по отраслям/Факт прошлого года' is clicked on

16-05-2025T11:33:54 - [TEST_STEP][PASSED] - click(findTestObject("Прогноз по отраслям/Фильтр КПО-Отпуск")): Object: 'Object Repository/Прогноз по отраслям/Фильтр КПО-Отпуск' is clicked on

16-05-2025T11:33:56 - [MESSAGE][PASSED] - Object: 'Object Repository/Прогноз по отраслям/Фильтр КПО-Отпуск' is clicked on

16-05-2025T11:33:56 - [TEST_STEP][PASSED] - click(findTestObject("Прогноз по отраслям/КПО")): Object: 'Object Repository/Прогноз по отраслям/КПО' is clicked on

16-05-2025T11:33:57 - [MESSAGE][PASSED] - Object: 'Object Repository/Прогноз по отраслям/КПО' is clicked on

16-05-2025T11:33:57 - [TEST_STEP][PASSED] - delay(40): Delayed 40 second(s)

16-05-2025T11:34:37 - [MESSAGE][PASSED] - Delayed 40 second(s)

16-05-2025T11:34:37 - [TEST_STEP][PASSED] - a4 = getText(findTestObject("Прогноз по отраслям/Виджеты дашборда")): Text of object 'Object Repository/Прогноз по отраслям/Виджеты дашборда' is: 'Год 
2023 год
Сравнение с 
Факт прошлого года
Динамика электропотребления, млрд. кВт.ч. по ПАО Россети на 2023 год
0 0
120 120
38 38
41 41
8 8
10 10
0 0
19 19
77 77
25 25
122 122
61 61
0 0
120 120
39 39
39 39
8 8
8 8
1 1
20 20
78 78
26 26
121 121
60 60
Факт прошлого года
Ожидаемое (прогноз по конца года)
Интер РАО (дляФСК)
Промышленныепотребители
Транспорт
Нефтедобыча
Нефтепереработка
Нефтепроводы
Газопроводы
Сельскоехозяйство ипищеваяпромышленность
Непромышленныепотребители
Государственные(муниципальные)организации ипрочиебюджетныепотребители
Население иприравненныегруппыпотребителей
Территориальныесетевыеорганизации
Выручка по ПАО Россети на 2023 год
5 5
285 285
72 72
72 72
18 18
22 22
0 0
50 50
201 201
61 61
190 190
227 227
6 6
331 331
82 82
77 77
20 20
20 20
3 3
57 57
220 220
68 68
214 214
258 258
Факт прошлого года
Ожидаемое (прогноз по конца года)
Интер РАО (дляФСК)
Промышленныепотребители
Транспорт
Нефтедобыча
Нефтепереработка
Нефтепроводы
Газопроводы
Сельскоехозяйство ипищеваяпромышленность
Непромышленныепотребители
Государственные(муниципальные)организации ипрочиебюджетныепотребители
Население иприравненныегруппыпотребителей
Территориальныесетевыеорганизации
Отклонения по ПАО Россети на 2023 год
0.5% 0.5%
0.9% 0.9%
-5.9% -5.9%
3.1% 3.1%
-17.9% -17.9%
578.4% 578.4%
2.3% 2.3%
1.8% 1.8%
2.1% 2.1%
-0.9% -0.9%
-0.2% -0.2%
⬤ Отклонение, %
Интер РАО (для ФСК)
Промышленные потребители
Транспорт
Нефтедобыча
Нефтепереработка
Нефтепроводы
Газопроводы
Сельское хозяйство и пищевая пр…
Непромышленные потребители
Государственные (муниципальные…
Население и приравненные групп…
Территориальные сетевые органи…
Выручка отклонения по ПАО Россети на 2023 год
7.7% 7.7%
16.0% 16.0%
13.2% 13.2%
6.7% 6.7%
13.3% 13.3%
-7.7% -7.7%
1 331.5% 1 331.5%
14.2% 14.2%
9.9% 9.9%
12.0% 12.0%
12.4% 12.4%
13.7% 13.7%
⬤ Отклонение, %
Интер РАО (для ФСК)
Промышленные потребители
Транспорт
Нефтедобыча
Нефтепереработка
Нефтепроводы
Газопроводы
Сельское хозяйство и пищевая пр…
Непромышленные потребители
Государственные (муниципальные…
Население и приравненные групп…
Территориальные сетевые органи…
абс.
%
Прогноз на месяц 
Ноябрь
КПО/Отпуск из сети 
Котловой полезный отпуск, млн. кВт.ч
Организация 
Все
Прогноз электропотребления и выручки за услуги по передаче в разрезе отраслей'

16-05-2025T11:34:38 - [MESSAGE][PASSED] - Text of object 'Object Repository/Прогноз по отраслям/Виджеты дашборда' is: 'Год 
2023 год
Сравнение с 
Факт прошлого года
Динамика электропотребления, млрд. кВт.ч. по ПАО Россети на 2023 год
0 0
120 120
38 38
41 41
8 8
10 10
0 0
19 19
77 77
25 25
122 122
61 61
0 0
120 120
39 39
39 39
8 8
8 8
1 1
20 20
78 78
26 26
121 121
60 60
Факт прошлого года
Ожидаемое (прогноз по конца года)
Интер РАО (дляФСК)
Промышленныепотребители
Транспорт
Нефтедобыча
Нефтепереработка
Нефтепроводы
Газопроводы
Сельскоехозяйство ипищеваяпромышленность
Непромышленныепотребители
Государственные(муниципальные)организации ипрочиебюджетныепотребители
Население иприравненныегруппыпотребителей
Территориальныесетевыеорганизации
Выручка по ПАО Россети на 2023 год
5 5
285 285
72 72
72 72
18 18
22 22
0 0
50 50
201 201
61 61
190 190
227 227
6 6
331 331
82 82
77 77
20 20
20 20
3 3
57 57
220 220
68 68
214 214
258 258
Факт прошлого года
Ожидаемое (прогноз по конца года)
Интер РАО (дляФСК)
Промышленныепотребители
Транспорт
Нефтедобыча
Нефтепереработка
Нефтепроводы
Газопроводы
Сельскоехозяйство ипищеваяпромышленность
Непромышленныепотребители
Государственные(муниципальные)организации ипрочиебюджетныепотребители
Население иприравненныегруппыпотребителей
Территориальныесетевыеорганизации
Отклонения по ПАО Россети на 2023 год
0.5% 0.5%
0.9% 0.9%
-5.9% -5.9%
3.1% 3.1%
-17.9% -17.9%
578.4% 578.4%
2.3% 2.3%
1.8% 1.8%
2.1% 2.1%
-0.9% -0.9%
-0.2% -0.2%
⬤ Отклонение, %
Интер РАО (для ФСК)
Промышленные потребители
Транспорт
Нефтедобыча
Нефтепереработка
Нефтепроводы
Газопроводы
Сельское хозяйство и пищевая пр…
Непромышленные потребители
Государственные (муниципальные…
Население и приравненные групп…
Территориальные сетевые органи…
Выручка отклонения по ПАО Россети на 2023 год
7.7% 7.7%
16.0% 16.0%
13.2% 13.2%
6.7% 6.7%
13.3% 13.3%
-7.7% -7.7%
1 331.5% 1 331.5%
14.2% 14.2%
9.9% 9.9%
12.0% 12.0%
12.4% 12.4%
13.7% 13.7%
⬤ Отклонение, %
Интер РАО (для ФСК)
Промышленные потребители
Транспорт
Нефтедобыча
Нефтепереработка
Нефтепроводы
Газопроводы
Сельское хозяйство и пищевая пр…
Непромышленные потребители
Государственные (муниципальные…
Население и приравненные групп…
Территориальные сетевые органи…
абс.
%
Прогноз на месяц 
Ноябрь
КПО/Отпуск из сети 
Котловой полезный отпуск, млн. кВт.ч
Организация 
Все
Прогноз электропотребления и выручки за услуги по передаче в разрезе отраслей'

16-05-2025T11:34:38 - [TEST_STEP][PASSED] - a4 = a4.replaceAll("[^0-9]", ""): null

16-05-2025T11:34:38 - [TEST_STEP][PASSED] - println("a4:" + a4): null

16-05-2025T11:34:38 - [TEST_STEP][PASSED] - click(findTestObject("Прогноз по отраслям/Фильтр Сравнение с")): Object: 'Object Repository/Прогноз по отраслям/Фильтр Сравнение с' is clicked on

16-05-2025T11:34:38 - [MESSAGE][PASSED] - Object: 'Object Repository/Прогноз по отраслям/Фильтр Сравнение с' is clicked on

16-05-2025T11:34:38 - [TEST_STEP][PASSED] - click(findTestObject("Прогноз по отраслям/План")): Object: 'Object Repository/Прогноз по отраслям/План' is clicked on

16-05-2025T11:34:39 - [MESSAGE][PASSED] - Object: 'Object Repository/Прогноз по отраслям/План' is clicked on

16-05-2025T11:34:39 - [TEST_STEP][PASSED] - delay(40): Delayed 40 second(s)

16-05-2025T11:35:19 - [MESSAGE][PASSED] - Delayed 40 second(s)

16-05-2025T11:35:19 - [TEST_STEP][PASSED] - a5 = getText(findTestObject("Прогноз по отраслям/Виджеты дашборда")): Text of object 'Object Repository/Прогноз по отраслям/Виджеты дашборда' is: 'Год 
2023 год
Сравнение с 
План
Динамика электропотребления, млрд. кВт.ч. по ПАО Россети на 2023 год
0 0
119 119
37 37
7 7
7 7
8 8
1 1
19 19
75 75
25 25
123 123
55 55
0 0
120 120
39 39
39 39
8 8
8 8
1 1
20 20
78 78
26 26
121 121
60 60
План
Ожидаемое (прогноз по конца года)
Интер РАО (дляФСК)
Промышленныепотребители
Транспорт
Нефтедобыча
Нефтепереработка
Нефтепроводы
Газопроводы
Сельскоехозяйство ипищеваяпромышленность
Непромышленныепотребители
Государственные(муниципальные)организации ипрочиебюджетныепотребители
Население иприравненныегруппыпотребителей
Территориальныесетевыеорганизации
Выручка по ПАО Россети на 2023 год
5 5
319 319
81 81
16 16
16 16
20 20
2 2
56 56
215 215
67 67
218 218
239 239
6 6
331 331
82 82
77 77
20 20
20 20
3 3
57 57
220 220
68 68
214 214
258 258
План
Ожидаемое (прогноз по конца года)
Интер РАО (дляФСК)
Промышленныепотребители
Транспорт
Нефтедобыча
Нефтепереработка
Нефтепроводы
Газопроводы
Сельскоехозяйство ипищеваяпромышленность
Непромышленныепотребители
Государственные(муниципальные)организации ипрочиебюджетныепотребители
Население иприравненныегруппыпотребителей
Территориальныесетевыеорганизации
Отклонения по ПАО Россети на 2023 год
1.2% 1.2%
3.2% 3.2%
492.1% 492.1%
18.1% 18.1%
4.4% 4.4%
11.9% 11.9%
1.2% 1.2%
4.1% 4.1%
2.4% 2.4%
-1.4% -1.4%
9.7% 9.7%
⬤ Отклонение, %
Интер РАО (для ФСК)
Промышленные потребители
Транспорт
Нефтедобыча
Нефтепереработка
Нефтепроводы
Газопроводы
Сельское хозяйство и пищевая пр…
Непромышленные потребители
Государственные (муниципальные…
Население и приравненные групп…
Территориальные сетевые органи…
Выручка отклонения по ПАО Россети на 2023 год
15.6% 15.6%
3.8% 3.8%
1.2% 1.2%
398.2% 398.2%
26.9% 26.9%
-0.6% -0.6%
26.9% 26.9%
1.5% 1.5%
2.7% 2.7%
2.0% 2.0%
-2.0% -2.0%
7.9% 7.9%
⬤ Отклонение, %
Интер РАО (для ФСК)
Промышленные потребители
Транспорт
Нефтедобыча
Нефтепереработка
Нефтепроводы
Газопроводы
Сельское хозяйство и пищевая пр…
Непромышленные потребители
Государственные (муниципальные…
Население и приравненные групп…
Территориальные сетевые органи…
абс.
%
Прогноз на месяц 
Ноябрь
КПО/Отпуск из сети 
Котловой полезный отпуск, млн. кВт.ч
Организация 
Все
Прогноз электропотребления и выручки за услуги по передаче в разрезе отраслей'

16-05-2025T11:35:19 - [MESSAGE][PASSED] - Text of object 'Object Repository/Прогноз по отраслям/Виджеты дашборда' is: 'Год 
2023 год
Сравнение с 
План
Динамика электропотребления, млрд. кВт.ч. по ПАО Россети на 2023 год
0 0
119 119
37 37
7 7
7 7
8 8
1 1
19 19
75 75
25 25
123 123
55 55
0 0
120 120
39 39
39 39
8 8
8 8
1 1
20 20
78 78
26 26
121 121
60 60
План
Ожидаемое (прогноз по конца года)
Интер РАО (дляФСК)
Промышленныепотребители
Транспорт
Нефтедобыча
Нефтепереработка
Нефтепроводы
Газопроводы
Сельскоехозяйство ипищеваяпромышленность
Непромышленныепотребители
Государственные(муниципальные)организации ипрочиебюджетныепотребители
Население иприравненныегруппыпотребителей
Территориальныесетевыеорганизации
Выручка по ПАО Россети на 2023 год
5 5
319 319
81 81
16 16
16 16
20 20
2 2
56 56
215 215
67 67
218 218
239 239
6 6
331 331
82 82
77 77
20 20
20 20
3 3
57 57
220 220
68 68
214 214
258 258
План
Ожидаемое (прогноз по конца года)
Интер РАО (дляФСК)
Промышленныепотребители
Транспорт
Нефтедобыча
Нефтепереработка
Нефтепроводы
Газопроводы
Сельскоехозяйство ипищеваяпромышленность
Непромышленныепотребители
Государственные(муниципальные)организации ипрочиебюджетныепотребители
Население иприравненныегруппыпотребителей
Территориальныесетевыеорганизации
Отклонения по ПАО Россети на 2023 год
1.2% 1.2%
3.2% 3.2%
492.1% 492.1%
18.1% 18.1%
4.4% 4.4%
11.9% 11.9%
1.2% 1.2%
4.1% 4.1%
2.4% 2.4%
-1.4% -1.4%
9.7% 9.7%
⬤ Отклонение, %
Интер РАО (для ФСК)
Промышленные потребители
Транспорт
Нефтедобыча
Нефтепереработка
Нефтепроводы
Газопроводы
Сельское хозяйство и пищевая пр…
Непромышленные потребители
Государственные (муниципальные…
Население и приравненные групп…
Территориальные сетевые органи…
Выручка отклонения по ПАО Россети на 2023 год
15.6% 15.6%
3.8% 3.8%
1.2% 1.2%
398.2% 398.2%
26.9% 26.9%
-0.6% -0.6%
26.9% 26.9%
1.5% 1.5%
2.7% 2.7%
2.0% 2.0%
-2.0% -2.0%
7.9% 7.9%
⬤ Отклонение, %
Интер РАО (для ФСК)
Промышленные потребители
Транспорт
Нефтедобыча
Нефтепереработка
Нефтепроводы
Газопроводы
Сельское хозяйство и пищевая пр…
Непромышленные потребители
Государственные (муниципальные…
Население и приравненные групп…
Территориальные сетевые органи…
абс.
%
Прогноз на месяц 
Ноябрь
КПО/Отпуск из сети 
Котловой полезный отпуск, млн. кВт.ч
Организация 
Все
Прогноз электропотребления и выручки за услуги по передаче в разрезе отраслей'

16-05-2025T11:35:19 - [TEST_STEP][PASSED] - println("a5:" + a5): null

16-05-2025T11:35:19 - [TEST_STEP][PASSED] - a5 = a5.replaceAll("[^0-9]", ""): null

16-05-2025T11:35:19 - [TEST_STEP][PASSED] - println("a5:" + a5): null

16-05-2025T11:35:19 - [TEST_STEP][PASSED] - click(findTestObject("Прогноз по отраслям/Фильтр Сравнение с")): Object: 'Object Repository/Прогноз по отраслям/Фильтр Сравнение с' is clicked on

16-05-2025T11:35:20 - [MESSAGE][PASSED] - Object: 'Object Repository/Прогноз по отраслям/Фильтр Сравнение с' is clicked on

16-05-2025T11:35:20 - [TEST_STEP][PASSED] - click(findTestObject("Прогноз по отраслям/План СУ")): Object: 'Object Repository/Прогноз по отраслям/План СУ' is clicked on

16-05-2025T11:35:21 - [MESSAGE][PASSED] - Object: 'Object Repository/Прогноз по отраслям/План СУ' is clicked on

16-05-2025T11:35:21 - [TEST_STEP][PASSED] - delay(40): Delayed 40 second(s)

16-05-2025T11:36:01 - [MESSAGE][PASSED] - Delayed 40 second(s)

16-05-2025T11:36:01 - [TEST_STEP][PASSED] - a6 = getText(findTestObject("Прогноз по отраслям/Виджеты дашборда")): Text of object 'Object Repository/Прогноз по отраслям/Виджеты дашборда' is: 'Год 
2023 год
Сравнение с 
План/СУ
Динамика электропотребления, млрд. кВт.ч. по ПАО Россети на 2023 год
0 0
0 0
0 0
0 0
0 0
0 0
0 0
0 0
0 0
0 0
0 0
0 0
0 0
120 120
39 39
39 39
8 8
8 8
1 1
20 20
78 78
26 26
121 121
60 60
СУ
Ожидаемое (прогноз по конца года)
Интер РАО (дляФСК)
Промышленныепотребители
Транспорт
Нефтедобыча
Нефтепереработка
Нефтепроводы
Газопроводы
Сельскоехозяйство ипищеваяпромышленность
Непромышленныепотребители
Государственные(муниципальные)организации ипрочиебюджетныепотребители
Население иприравненныегруппыпотребителей
Территориальныесетевыеорганизации
Выручка по ПАО Россети на 2023 год
6 6
331 331
82 82
77 77
20 20
20 20
3 3
57 57
220 220
68 68
214 214
258 258
Ожидаемое (прогноз по конца года)
Интер РАО (дляФСК)
Промышленныепотребители
Транспорт
Нефтедобыча
Нефтепереработка
Нефтепроводы
Газопроводы
Сельскоехозяйство ипищеваяпромышленность
Непромышленныепотребители
Государственные(муниципальные)организации ипрочиебюджетныепотребители
Население иприравненныегруппыпотребителей
Территориальныесетевыеорганизации
Отклонения по ПАО Россети на 2023 год
⬤ Отклонение, %
Интер РАО (для ФСК)
Промышленные потребители
Транспорт
Нефтедобыча
Нефтепереработка
Нефтепроводы
Газопроводы
Сельское хозяйство и пищевая пр…
Непромышленные потребители
Государственные (муниципальные…
Население и приравненные групп…
Территориальные сетевые органи…
Выручка отклонения по ПАО Россети на 2023 год
⬤ Отклонение, %
Интер РАО (для ФСК)
Промышленные потребители
Транспорт
Нефтедобыча
Нефтепереработка
Нефтепроводы
Газопроводы
Сельское хозяйство и пищевая пр…
Непромышленные потребители
Государственные (муниципальные…
Население и приравненные групп…
Территориальные сетевые органи…
абс.
%
Прогноз на месяц 
Ноябрь
КПО/Отпуск из сети 
Котловой полезный отпуск, млн. кВт.ч
Организация 
Все
Прогноз электропотребления и выручки за услуги по передаче в разрезе отраслей'

16-05-2025T11:36:01 - [MESSAGE][PASSED] - Text of object 'Object Repository/Прогноз по отраслям/Виджеты дашборда' is: 'Год 
2023 год
Сравнение с 
План/СУ
Динамика электропотребления, млрд. кВт.ч. по ПАО Россети на 2023 год
0 0
0 0
0 0
0 0
0 0
0 0
0 0
0 0
0 0
0 0
0 0
0 0
0 0
120 120
39 39
39 39
8 8
8 8
1 1
20 20
78 78
26 26
121 121
60 60
СУ
Ожидаемое (прогноз по конца года)
Интер РАО (дляФСК)
Промышленныепотребители
Транспорт
Нефтедобыча
Нефтепереработка
Нефтепроводы
Газопроводы
Сельскоехозяйство ипищеваяпромышленность
Непромышленныепотребители
Государственные(муниципальные)организации ипрочиебюджетныепотребители
Население иприравненныегруппыпотребителей
Территориальныесетевыеорганизации
Выручка по ПАО Россети на 2023 год
6 6
331 331
82 82
77 77
20 20
20 20
3 3
57 57
220 220
68 68
214 214
258 258
Ожидаемое (прогноз по конца года)
Интер РАО (дляФСК)
Промышленныепотребители
Транспорт
Нефтедобыча
Нефтепереработка
Нефтепроводы
Газопроводы
Сельскоехозяйство ипищеваяпромышленность
Непромышленныепотребители
Государственные(муниципальные)организации ипрочиебюджетныепотребители
Население иприравненныегруппыпотребителей
Территориальныесетевыеорганизации
Отклонения по ПАО Россети на 2023 год
⬤ Отклонение, %
Интер РАО (для ФСК)
Промышленные потребители
Транспорт
Нефтедобыча
Нефтепереработка
Нефтепроводы
Газопроводы
Сельское хозяйство и пищевая пр…
Непромышленные потребители
Государственные (муниципальные…
Население и приравненные групп…
Территориальные сетевые органи…
Выручка отклонения по ПАО Россети на 2023 год
⬤ Отклонение, %
Интер РАО (для ФСК)
Промышленные потребители
Транспорт
Нефтедобыча
Нефтепереработка
Нефтепроводы
Газопроводы
Сельское хозяйство и пищевая пр…
Непромышленные потребители
Государственные (муниципальные…
Население и приравненные групп…
Территориальные сетевые органи…
абс.
%
Прогноз на месяц 
Ноябрь
КПО/Отпуск из сети 
Котловой полезный отпуск, млн. кВт.ч
Организация 
Все
Прогноз электропотребления и выручки за услуги по передаче в разрезе отраслей'

16-05-2025T11:36:01 - [TEST_STEP][PASSED] - a6 = a6.replaceAll("[^0-9]", ""): null

16-05-2025T11:36:01 - [TEST_STEP][PASSED] - println("a6:" + a6): null

16-05-2025T11:36:01 - [TEST_STEP][PASSED] - click(findTestObject("Прогноз по отраслям/Переключить отображение с процентов на абс Блок руководителя")): Object: 'Object Repository/Прогноз по отраслям/Переключить отображение с процентов на абс Блок руководителя' is clicked on

16-05-2025T11:36:01 - [MESSAGE][PASSED] - Object: 'Object Repository/Прогноз по отраслям/Переключить отображение с процентов на абс Блок руководителя' is clicked on

16-05-2025T11:36:01 - [TEST_STEP][PASSED] - click(findTestObject("Прогноз по отраслям/Фильтр Сравнение с")): Object: 'Object Repository/Прогноз по отраслям/Фильтр Сравнение с' is clicked on

16-05-2025T11:36:02 - [MESSAGE][PASSED] - Object: 'Object Repository/Прогноз по отраслям/Фильтр Сравнение с' is clicked on

16-05-2025T11:36:02 - [TEST_STEP][PASSED] - click(findTestObject("Прогноз по отраслям/Факт прошлого года")): Object: 'Object Repository/Прогноз по отраслям/Факт прошлого года' is clicked on

16-05-2025T11:36:03 - [MESSAGE][PASSED] - Object: 'Object Repository/Прогноз по отраслям/Факт прошлого года' is clicked on

16-05-2025T11:36:03 - [TEST_STEP][PASSED] - click(findTestObject("Прогноз по отраслям/Фильтр КПО-Отпуск")): Object: 'Object Repository/Прогноз по отраслям/Фильтр КПО-Отпуск' is clicked on

16-05-2025T11:36:04 - [MESSAGE][PASSED] - Object: 'Object Repository/Прогноз по отраслям/Фильтр КПО-Отпуск' is clicked on

16-05-2025T11:36:04 - [TEST_STEP][PASSED] - click(findTestObject("Прогноз по отраслям/Отпуск")): Object: 'Object Repository/Прогноз по отраслям/Отпуск' is clicked on

16-05-2025T11:36:05 - [MESSAGE][PASSED] - Object: 'Object Repository/Прогноз по отраслям/Отпуск' is clicked on

16-05-2025T11:36:05 - [TEST_STEP][PASSED] - delay(40): Delayed 40 second(s)

16-05-2025T11:36:45 - [MESSAGE][PASSED] - Delayed 40 second(s)

16-05-2025T11:36:45 - [TEST_STEP][PASSED] - a7 = getText(findTestObject("Прогноз по отраслям/Виджеты дашборда")): Text of object 'Object Repository/Прогноз по отраслям/Виджеты дашборда' is: 'Год 
2023 год
Сравнение с 
Факт прошлого года
Отклонения по ПАО Россети на 2023 год
-2 263.5 -2 263.5
11 054.6 11 054.6
1 280.2 1 280.2
-1 947.5 -1 947.5
90.9 90.9
-3 845.0 -3 845.0
4 162.1 4 162.1
651.7 651.7
-4 727.7 -4 727.7
256.5 256.5
-723.9 -723.9
4 292.3 4 292.3
⬤ Отклонение, млн. кВт.ч
Интер РАО (для ФСК)
Промышленные потребители
Транспорт
Нефтедобыча
Нефтепереработка
Нефтепроводы
Газопроводы
Сельское хозяйство и пищевая пр…
Непромышленные потребители
Государственные (муниципальные…
Население и приравненные групп…
Территориальные сетевые органи…
Выручка отклонения по ПАО Россети на 2023 год
421.3 421.3
45 574.9 45 574.9
9 547.5 9 547.5
4 889.3 4 889.3
2 337.4 2 337.4
-1 682.6 -1 682.6
2 919.4 2 919.4
7 110.2 7 110.2
19 840.8 19 840.8
7 289.5 7 289.5
23 664.8 23 664.8
31 028.3 31 028.3
⬤ Отклонение, млн. руб.
Интер РАО (для ФСК)
Промышленные потребители
Транспорт
Нефтедобыча
Нефтепереработка
Нефтепроводы
Газопроводы
Сельское хозяйство и пищевая пр…
Непромышленные потребители
Государственные (муниципальные…
Население и приравненные групп…
Территориальные сетевые органи…
Динамика электропотребления, млрд. кВт.ч. по ПАО Россети на 2023 год
12 12
186 186
36 36
50 50
10 10
19 19
0 0
17 17
85 85
19 19
82 82
604 604
10 10
197 197
37 37
48 48
10 10
15 15
4 4
18 18
80 80
19 19
82 82
608 608
Факт прошлого года
Ожидаемое (прогноз по конца года)
Интер РАО (дляФСК)
Промышленныепотребители
Транспорт
Нефтедобыча
Нефтепереработка
Нефтепроводы
Газопроводы
Сельскоехозяйство ипищеваяпромышленность
Непромышленныепотребители
Государственные(муниципальные)организации ипрочиебюджетныепотребители
Население иприравненныегруппыпотребителей
Территориальныесетевыеорганизации
Выручка по ПАО Россети на 2023 год
5 5
285 285
72 72
72 72
18 18
22 22
0 0
50 50
201 201
61 61
190 190
227 227
6 6
331 331
82 82
77 77
20 20
20 20
3 3
57 57
220 220
68 68
214 214
258 258
Факт прошлого года
Ожидаемое (прогноз по конца года)
Интер РАО (дляФСК)
Промышленныепотребители
Транспорт
Нефтедобыча
Нефтепереработка
Нефтепроводы
Газопроводы
Сельскоехозяйство ипищеваяпромышленность
Непромышленныепотребители
Государственные(муниципальные)организации ипрочиебюджетныепотребители
Население иприравненныегруппыпотребителей
Территориальныесетевыеорганизации
абс.
%
Прогноз на месяц 
Ноябрь
КПО/Отпуск из сети 
Отпуск из сети, млн. кВт.ч
Организация 
Все
Прогноз электропотребления и выручки за услуги по передаче в разрезе отраслей'

16-05-2025T11:36:45 - [MESSAGE][PASSED] - Text of object 'Object Repository/Прогноз по отраслям/Виджеты дашборда' is: 'Год 
2023 год
Сравнение с 
Факт прошлого года
Отклонения по ПАО Россети на 2023 год
-2 263.5 -2 263.5
11 054.6 11 054.6
1 280.2 1 280.2
-1 947.5 -1 947.5
90.9 90.9
-3 845.0 -3 845.0
4 162.1 4 162.1
651.7 651.7
-4 727.7 -4 727.7
256.5 256.5
-723.9 -723.9
4 292.3 4 292.3
⬤ Отклонение, млн. кВт.ч
Интер РАО (для ФСК)
Промышленные потребители
Транспорт
Нефтедобыча
Нефтепереработка
Нефтепроводы
Газопроводы
Сельское хозяйство и пищевая пр…
Непромышленные потребители
Государственные (муниципальные…
Население и приравненные групп…
Территориальные сетевые органи…
Выручка отклонения по ПАО Россети на 2023 год
421.3 421.3
45 574.9 45 574.9
9 547.5 9 547.5
4 889.3 4 889.3
2 337.4 2 337.4
-1 682.6 -1 682.6
2 919.4 2 919.4
7 110.2 7 110.2
19 840.8 19 840.8
7 289.5 7 289.5
23 664.8 23 664.8
31 028.3 31 028.3
⬤ Отклонение, млн. руб.
Интер РАО (для ФСК)
Промышленные потребители
Транспорт
Нефтедобыча
Нефтепереработка
Нефтепроводы
Газопроводы
Сельское хозяйство и пищевая пр…
Непромышленные потребители
Государственные (муниципальные…
Население и приравненные групп…
Территориальные сетевые органи…
Динамика электропотребления, млрд. кВт.ч. по ПАО Россети на 2023 год
12 12
186 186
36 36
50 50
10 10
19 19
0 0
17 17
85 85
19 19
82 82
604 604
10 10
197 197
37 37
48 48
10 10
15 15
4 4
18 18
80 80
19 19
82 82
608 608
Факт прошлого года
Ожидаемое (прогноз по конца года)
Интер РАО (дляФСК)
Промышленныепотребители
Транспорт
Нефтедобыча
Нефтепереработка
Нефтепроводы
Газопроводы
Сельскоехозяйство ипищеваяпромышленность
Непромышленныепотребители
Государственные(муниципальные)организации ипрочиебюджетныепотребители
Население иприравненныегруппыпотребителей
Территориальныесетевыеорганизации
Выручка по ПАО Россети на 2023 год
5 5
285 285
72 72
72 72
18 18
22 22
0 0
50 50
201 201
61 61
190 190
227 227
6 6
331 331
82 82
77 77
20 20
20 20
3 3
57 57
220 220
68 68
214 214
258 258
Факт прошлого года
Ожидаемое (прогноз по конца года)
Интер РАО (дляФСК)
Промышленныепотребители
Транспорт
Нефтедобыча
Нефтепереработка
Нефтепроводы
Газопроводы
Сельскоехозяйство ипищеваяпромышленность
Непромышленныепотребители
Государственные(муниципальные)организации ипрочиебюджетныепотребители
Население иприравненныегруппыпотребителей
Территориальныесетевыеорганизации
абс.
%
Прогноз на месяц 
Ноябрь
КПО/Отпуск из сети 
Отпуск из сети, млн. кВт.ч
Организация 
Все
Прогноз электропотребления и выручки за услуги по передаче в разрезе отраслей'

16-05-2025T11:36:45 - [TEST_STEP][PASSED] - a7 = a7.replaceAll("[^0-9]", ""): null

16-05-2025T11:36:45 - [TEST_STEP][PASSED] - println("a7:" + a7): null

16-05-2025T11:36:45 - [TEST_STEP][PASSED] - click(findTestObject("Прогноз по отраслям/Фильтр Сравнение с")): Object: 'Object Repository/Прогноз по отраслям/Фильтр Сравнение с' is clicked on

16-05-2025T11:36:46 - [MESSAGE][PASSED] - Object: 'Object Repository/Прогноз по отраслям/Фильтр Сравнение с' is clicked on

16-05-2025T11:36:46 - [TEST_STEP][PASSED] - click(findTestObject("Прогноз по отраслям/План")): Object: 'Object Repository/Прогноз по отраслям/План' is clicked on

16-05-2025T11:36:47 - [MESSAGE][PASSED] - Object: 'Object Repository/Прогноз по отраслям/План' is clicked on

16-05-2025T11:36:47 - [TEST_STEP][PASSED] - delay(40): Delayed 40 second(s)

16-05-2025T11:37:27 - [MESSAGE][PASSED] - Delayed 40 second(s)

16-05-2025T11:37:27 - [TEST_STEP][PASSED] - a8 = getText(findTestObject("Прогноз по отраслям/Виджеты дашборда")): Text of object 'Object Repository/Прогноз по отраслям/Виджеты дашборда' is: 'Год 
2023 год
Сравнение с 
План
Отклонения по ПАО Россети на 2023 год
-492.2 -492.2
7 165.1 7 165.1
689.3 689.3
33 271.7 33 271.7
986.4 986.4
593.8 593.8
764.0 764.0
670.4 670.4
-592.4 -592.4
308.8 308.8
-940.9 -940.9
19 604.1 19 604.1
⬤ Отклонение, млн. кВт.ч
Интер РАО (для ФСК)
Промышленные потребители
Транспорт
Нефтедобыча
Нефтепереработка
Нефтепроводы
Газопроводы
Сельское хозяйство и пищевая пр…
Непромышленные потребители
Государственные (муниципальные…
Население и приравненные групп…
Территориальные сетевые органи…
Выручка отклонения по ПАО Россети на 2023 год
794.9 794.9
12 195.0 12 195.0
972.7 972.7
61 803.9 61 803.9
4 222.3 4 222.3
-121.8 -121.8
666.2 666.2
873.2 873.2
5 809.6 5 809.6
1 342.6 1 342.6
-4 463.2 -4 463.2
18 375.5 18 375.5
⬤ Отклонение, млн. руб.
Интер РАО (для ФСК)
Промышленные потребители
Транспорт
Нефтедобыча
Нефтепереработка
Нефтепроводы
Газопроводы
Сельское хозяйство и пищевая пр…
Непромышленные потребители
Государственные (муниципальные…
Население и приравненные групп…
Территориальные сетевые органи…
Динамика электропотребления, млрд. кВт.ч. по ПАО Россети на 2023 год
10 10
190 190
36 36
14 14
9 9
14 14
4 4
17 17
80 80
19 19
82 82
588 588
10 10
197 197
37 37
48 48
10 10
15 15
4 4
18 18
80 80
19 19
82 82
608 608
План
Ожидаемое (прогноз по конца года)
Интер РАО (дляФСК)
Промышленныепотребители
Транспорт
Нефтедобыча
Нефтепереработка
Нефтепроводы
Газопроводы
Сельскоехозяйство ипищеваяпромышленность
Непромышленныепотребители
Государственные(муниципальные)организации ипрочиебюджетныепотребители
Население иприравненныегруппыпотребителей
Территориальныесетевыеорганизации
Выручка по ПАО Россети на 2023 год
5 5
319 319
81 81
16 16
16 16
20 20
2 2
56 56
215 215
67 67
218 218
239 239
6 6
331 331
82 82
77 77
20 20
20 20
3 3
57 57
220 220
68 68
214 214
258 258
План
Ожидаемое (прогноз по конца года)
Интер РАО (дляФСК)
Промышленныепотребители
Транспорт
Нефтедобыча
Нефтепереработка
Нефтепроводы
Газопроводы
Сельскоехозяйство ипищеваяпромышленность
Непромышленныепотребители
Государственные(муниципальные)организации ипрочиебюджетныепотребители
Население иприравненныегруппыпотребителей
Территориальныесетевыеорганизации
абс.
%
Прогноз на месяц 
Ноябрь
КПО/Отпуск из сети 
Отпуск из сети, млн. кВт.ч
Организация 
Все
Прогноз электропотребления и выручки за услуги по передаче в разрезе отраслей'

16-05-2025T11:37:27 - [MESSAGE][PASSED] - Text of object 'Object Repository/Прогноз по отраслям/Виджеты дашборда' is: 'Год 
2023 год
Сравнение с 
План
Отклонения по ПАО Россети на 2023 год
-492.2 -492.2
7 165.1 7 165.1
689.3 689.3
33 271.7 33 271.7
986.4 986.4
593.8 593.8
764.0 764.0
670.4 670.4
-592.4 -592.4
308.8 308.8
-940.9 -940.9
19 604.1 19 604.1
⬤ Отклонение, млн. кВт.ч
Интер РАО (для ФСК)
Промышленные потребители
Транспорт
Нефтедобыча
Нефтепереработка
Нефтепроводы
Газопроводы
Сельское хозяйство и пищевая пр…
Непромышленные потребители
Государственные (муниципальные…
Население и приравненные групп…
Территориальные сетевые органи…
Выручка отклонения по ПАО Россети на 2023 год
794.9 794.9
12 195.0 12 195.0
972.7 972.7
61 803.9 61 803.9
4 222.3 4 222.3
-121.8 -121.8
666.2 666.2
873.2 873.2
5 809.6 5 809.6
1 342.6 1 342.6
-4 463.2 -4 463.2
18 375.5 18 375.5
⬤ Отклонение, млн. руб.
Интер РАО (для ФСК)
Промышленные потребители
Транспорт
Нефтедобыча
Нефтепереработка
Нефтепроводы
Газопроводы
Сельское хозяйство и пищевая пр…
Непромышленные потребители
Государственные (муниципальные…
Население и приравненные групп…
Территориальные сетевые органи…
Динамика электропотребления, млрд. кВт.ч. по ПАО Россети на 2023 год
10 10
190 190
36 36
14 14
9 9
14 14
4 4
17 17
80 80
19 19
82 82
588 588
10 10
197 197
37 37
48 48
10 10
15 15
4 4
18 18
80 80
19 19
82 82
608 608
План
Ожидаемое (прогноз по конца года)
Интер РАО (дляФСК)
Промышленныепотребители
Транспорт
Нефтедобыча
Нефтепереработка
Нефтепроводы
Газопроводы
Сельскоехозяйство ипищеваяпромышленность
Непромышленныепотребители
Государственные(муниципальные)организации ипрочиебюджетныепотребители
Население иприравненныегруппыпотребителей
Территориальныесетевыеорганизации
Выручка по ПАО Россети на 2023 год
5 5
319 319
81 81
16 16
16 16
20 20
2 2
56 56
215 215
67 67
218 218
239 239
6 6
331 331
82 82
77 77
20 20
20 20
3 3
57 57
220 220
68 68
214 214
258 258
План
Ожидаемое (прогноз по конца года)
Интер РАО (дляФСК)
Промышленныепотребители
Транспорт
Нефтедобыча
Нефтепереработка
Нефтепроводы
Газопроводы
Сельскоехозяйство ипищеваяпромышленность
Непромышленныепотребители
Государственные(муниципальные)организации ипрочиебюджетныепотребители
Население иприравненныегруппыпотребителей
Территориальныесетевыеорганизации
абс.
%
Прогноз на месяц 
Ноябрь
КПО/Отпуск из сети 
Отпуск из сети, млн. кВт.ч
Организация 
Все
Прогноз электропотребления и выручки за услуги по передаче в разрезе отраслей'

16-05-2025T11:37:27 - [TEST_STEP][PASSED] - a8 = a8.replaceAll("[^0-9]", ""): null

16-05-2025T11:37:27 - [TEST_STEP][PASSED] - println("a8:" + a8): null

16-05-2025T11:37:27 - [TEST_STEP][PASSED] - click(findTestObject("Прогноз по отраслям/Фильтр Сравнение с")): Object: 'Object Repository/Прогноз по отраслям/Фильтр Сравнение с' is clicked on

16-05-2025T11:37:27 - [MESSAGE][PASSED] - Object: 'Object Repository/Прогноз по отраслям/Фильтр Сравнение с' is clicked on

16-05-2025T11:37:27 - [TEST_STEP][PASSED] - click(findTestObject("Прогноз по отраслям/План СУ")): Object: 'Object Repository/Прогноз по отраслям/План СУ' is clicked on

16-05-2025T11:37:28 - [MESSAGE][PASSED] - Object: 'Object Repository/Прогноз по отраслям/План СУ' is clicked on

16-05-2025T11:37:28 - [TEST_STEP][PASSED] - delay(40): Delayed 40 second(s)

16-05-2025T11:38:08 - [MESSAGE][PASSED] - Delayed 40 second(s)

16-05-2025T11:38:08 - [TEST_STEP][PASSED] - a9 = getText(findTestObject("Прогноз по отраслям/Виджеты дашборда")): Text of object 'Object Repository/Прогноз по отраслям/Виджеты дашборда' is: 'Год 
2023 год
Сравнение с 
План/СУ
Отклонения по ПАО Россети на 2023 год
243.5 243.5
16 024.4 16 024.4
1 255.1 1 255.1
32 869.9 32 869.9
1 135.7 1 135.7
950.0 950.0
511.1 511.1
1 324.2 1 324.2
-5 962.8 -5 962.8
433.5 433.5
2 431.5 2 431.5
22 321.4 22 321.4
⬤ Отклонение, млн. кВт.ч
Интер РАО (для ФСК)
Промышленные потребители
Транспорт
Нефтедобыча
Нефтепереработка
Нефтепроводы
Газопроводы
Сельское хозяйство и пищевая пр…
Непромышленные потребители
Государственные (муниципальные…
Население и приравненные групп…
Территориальные сетевые органи…
Выручка отклонения по ПАО Россети на 2023 год
⬤ Отклонение, млн. руб.
Интер РАО (для ФСК)
Промышленные потребители
Транспорт
Нефтедобыча
Нефтепереработка
Нефтепроводы
Газопроводы
Сельское хозяйство и пищевая пр…
Непромышленные потребители
Государственные (муниципальные…
Население и приравненные групп…
Территориальные сетевые органи…
Динамика электропотребления, млрд. кВт.ч. по ПАО Россети на 2023 год
10 10
181 181
36 36
15 15
9 9
14 14
4 4
16 16
86 86
19 19
79 79
586 586
10 10
197 197
37 37
48 48
10 10
15 15
4 4
18 18
80 80
19 19
82 82
608 608
СУ
Ожидаемое (прогноз по конца года)
Интер РАО (дляФСК)
Промышленныепотребители
Транспорт
Нефтедобыча
Нефтепереработка
Нефтепроводы
Газопроводы
Сельскоехозяйство ипищеваяпромышленность
Непромышленныепотребители
Государственные(муниципальные)организации ипрочиебюджетныепотребители
Население иприравненныегруппыпотребителей
Территориальныесетевыеорганизации
Выручка по ПАО Россети на 2023 год
6 6
331 331
82 82
77 77
20 20
20 20
3 3
57 57
220 220
68 68
214 214
258 258
Ожидаемое (прогноз по конца года)
Интер РАО (дляФСК)
Промышленныепотребители
Транспорт
Нефтедобыча
Нефтепереработка
Нефтепроводы
Газопроводы
Сельскоехозяйство ипищеваяпромышленность
Непромышленныепотребители
Государственные(муниципальные)организации ипрочиебюджетныепотребители
Население иприравненныегруппыпотребителей
Территориальныесетевыеорганизации
абс.
%
Прогноз на месяц 
Ноябрь
КПО/Отпуск из сети 
Отпуск из сети, млн. кВт.ч
Организация 
Все
Прогноз электропотребления и выручки за услуги по передаче в разрезе отраслей'

16-05-2025T11:38:09 - [MESSAGE][PASSED] - Text of object 'Object Repository/Прогноз по отраслям/Виджеты дашборда' is: 'Год 
2023 год
Сравнение с 
План/СУ
Отклонения по ПАО Россети на 2023 год
243.5 243.5
16 024.4 16 024.4
1 255.1 1 255.1
32 869.9 32 869.9
1 135.7 1 135.7
950.0 950.0
511.1 511.1
1 324.2 1 324.2
-5 962.8 -5 962.8
433.5 433.5
2 431.5 2 431.5
22 321.4 22 321.4
⬤ Отклонение, млн. кВт.ч
Интер РАО (для ФСК)
Промышленные потребители
Транспорт
Нефтедобыча
Нефтепереработка
Нефтепроводы
Газопроводы
Сельское хозяйство и пищевая пр…
Непромышленные потребители
Государственные (муниципальные…
Население и приравненные групп…
Территориальные сетевые органи…
Выручка отклонения по ПАО Россети на 2023 год
⬤ Отклонение, млн. руб.
Интер РАО (для ФСК)
Промышленные потребители
Транспорт
Нефтедобыча
Нефтепереработка
Нефтепроводы
Газопроводы
Сельское хозяйство и пищевая пр…
Непромышленные потребители
Государственные (муниципальные…
Население и приравненные групп…
Территориальные сетевые органи…
Динамика электропотребления, млрд. кВт.ч. по ПАО Россети на 2023 год
10 10
181 181
36 36
15 15
9 9
14 14
4 4
16 16
86 86
19 19
79 79
586 586
10 10
197 197
37 37
48 48
10 10
15 15
4 4
18 18
80 80
19 19
82 82
608 608
СУ
Ожидаемое (прогноз по конца года)
Интер РАО (дляФСК)
Промышленныепотребители
Транспорт
Нефтедобыча
Нефтепереработка
Нефтепроводы
Газопроводы
Сельскоехозяйство ипищеваяпромышленность
Непромышленныепотребители
Государственные(муниципальные)организации ипрочиебюджетныепотребители
Население иприравненныегруппыпотребителей
Территориальныесетевыеорганизации
Выручка по ПАО Россети на 2023 год
6 6
331 331
82 82
77 77
20 20
20 20
3 3
57 57
220 220
68 68
214 214
258 258
Ожидаемое (прогноз по конца года)
Интер РАО (дляФСК)
Промышленныепотребители
Транспорт
Нефтедобыча
Нефтепереработка
Нефтепроводы
Газопроводы
Сельскоехозяйство ипищеваяпромышленность
Непромышленныепотребители
Государственные(муниципальные)организации ипрочиебюджетныепотребители
Население иприравненныегруппыпотребителей
Территориальныесетевыеорганизации
абс.
%
Прогноз на месяц 
Ноябрь
КПО/Отпуск из сети 
Отпуск из сети, млн. кВт.ч
Организация 
Все
Прогноз электропотребления и выручки за услуги по передаче в разрезе отраслей'

16-05-2025T11:38:09 - [TEST_STEP][PASSED] - a9 = a9.replaceAll("[^0-9]", ""): null

16-05-2025T11:38:09 - [TEST_STEP][PASSED] - println("a9:" + a9): null

16-05-2025T11:38:09 - [TEST_STEP][PASSED] - click(findTestObject("Прогноз по отраслям/Фильтр Сравнение с")): Object: 'Object Repository/Прогноз по отраслям/Фильтр Сравнение с' is clicked on

16-05-2025T11:38:09 - [MESSAGE][PASSED] - Object: 'Object Repository/Прогноз по отраслям/Фильтр Сравнение с' is clicked on

16-05-2025T11:38:09 - [TEST_STEP][PASSED] - click(findTestObject("Прогноз по отраслям/Факт прошлого года")): Object: 'Object Repository/Прогноз по отраслям/Факт прошлого года' is clicked on

16-05-2025T11:38:10 - [MESSAGE][PASSED] - Object: 'Object Repository/Прогноз по отраслям/Факт прошлого года' is clicked on

16-05-2025T11:38:10 - [TEST_STEP][PASSED] - click(findTestObject("Прогноз по отраслям/Фильтр КПО-Отпуск")): Object: 'Object Repository/Прогноз по отраслям/Фильтр КПО-Отпуск' is clicked on

16-05-2025T11:38:11 - [MESSAGE][PASSED] - Object: 'Object Repository/Прогноз по отраслям/Фильтр КПО-Отпуск' is clicked on

16-05-2025T11:38:11 - [TEST_STEP][PASSED] - click(findTestObject("Прогноз по отраслям/КПО")): Object: 'Object Repository/Прогноз по отраслям/КПО' is clicked on

16-05-2025T11:38:12 - [MESSAGE][PASSED] - Object: 'Object Repository/Прогноз по отраслям/КПО' is clicked on

16-05-2025T11:38:12 - [TEST_STEP][PASSED] - delay(40): Delayed 40 second(s)

16-05-2025T11:38:52 - [MESSAGE][PASSED] - Delayed 40 second(s)

16-05-2025T11:38:52 - [TEST_STEP][PASSED] - a10 = getText(findTestObject("Прогноз по отраслям/Виджеты дашборда")): Text of object 'Object Repository/Прогноз по отраслям/Виджеты дашборда' is: 'Год 
2023 год
Сравнение с 
Факт прошлого года
Отклонения по ПАО Россети на 2023 год
0.0 0.0
646.5 646.5
341.1 341.1
-2 455.6 -2 455.6
245.6 245.6
-1 796.0 -1 796.0
676.2 676.2
452.4 452.4
1 386.2 1 386.2
527.5 527.5
-1 130.4 -1 130.4
-128.7 -128.7
⬤ Отклонение, млн. кВт.ч
Интер РАО (для ФСК)
Промышленные потребители
Транспорт
Нефтедобыча
Нефтепереработка
Нефтепроводы
Газопроводы
Сельское хозяйство и пищевая пр…
Непромышленные потребители
Государственные (муниципальные…
Население и приравненные групп…
Территориальные сетевые органи…
Выручка отклонения по ПАО Россети на 2023 год
421.3 421.3
45 574.9 45 574.9
9 547.5 9 547.5
4 889.3 4 889.3
2 337.4 2 337.4
-1 682.6 -1 682.6
2 919.4 2 919.4
7 110.2 7 110.2
19 840.8 19 840.8
7 289.5 7 289.5
23 664.8 23 664.8
31 028.3 31 028.3
⬤ Отклонение, млн. руб.
Интер РАО (для ФСК)
Промышленные потребители
Транспорт
Нефтедобыча
Нефтепереработка
Нефтепроводы
Газопроводы
Сельское хозяйство и пищевая пр…
Непромышленные потребители
Государственные (муниципальные…
Население и приравненные групп…
Территориальные сетевые органи…
Динамика электропотребления, млрд. кВт.ч. по ПАО Россети на 2023 год
0 0
120 120
38 38
41 41
8 8
10 10
0 0
19 19
77 77
25 25
122 122
61 61
0 0
120 120
39 39
39 39
8 8
8 8
1 1
20 20
78 78
26 26
121 121
60 60
Факт прошлого года
Ожидаемое (прогноз по конца года)
Интер РАО (дляФСК)
Промышленныепотребители
Транспорт
Нефтедобыча
Нефтепереработка
Нефтепроводы
Газопроводы
Сельскоехозяйство ипищеваяпромышленность
Непромышленныепотребители
Государственные(муниципальные)организации ипрочиебюджетныепотребители
Население иприравненныегруппыпотребителей
Территориальныесетевыеорганизации
Выручка по ПАО Россети на 2023 год
5 5
285 285
72 72
72 72
18 18
22 22
0 0
50 50
201 201
61 61
190 190
227 227
6 6
331 331
82 82
77 77
20 20
20 20
3 3
57 57
220 220
68 68
214 214
258 258
Факт прошлого года
Ожидаемое (прогноз по конца года)
Интер РАО (дляФСК)
Промышленныепотребители
Транспорт
Нефтедобыча
Нефтепереработка
Нефтепроводы
Газопроводы
Сельскоехозяйство ипищеваяпромышленность
Непромышленныепотребители
Государственные(муниципальные)организации ипрочиебюджетныепотребители
Население иприравненныегруппыпотребителей
Территориальныесетевыеорганизации
абс.
%
Прогноз на месяц 
Ноябрь
КПО/Отпуск из сети 
Котловой полезный отпуск, млн. кВт.ч
Организация 
Все
Прогноз электропотребления и выручки за услуги по передаче в разрезе отраслей'

16-05-2025T11:38:53 - [MESSAGE][PASSED] - Text of object 'Object Repository/Прогноз по отраслям/Виджеты дашборда' is: 'Год 
2023 год
Сравнение с 
Факт прошлого года
Отклонения по ПАО Россети на 2023 год
0.0 0.0
646.5 646.5
341.1 341.1
-2 455.6 -2 455.6
245.6 245.6
-1 796.0 -1 796.0
676.2 676.2
452.4 452.4
1 386.2 1 386.2
527.5 527.5
-1 130.4 -1 130.4
-128.7 -128.7
⬤ Отклонение, млн. кВт.ч
Интер РАО (для ФСК)
Промышленные потребители
Транспорт
Нефтедобыча
Нефтепереработка
Нефтепроводы
Газопроводы
Сельское хозяйство и пищевая пр…
Непромышленные потребители
Государственные (муниципальные…
Население и приравненные групп…
Территориальные сетевые органи…
Выручка отклонения по ПАО Россети на 2023 год
421.3 421.3
45 574.9 45 574.9
9 547.5 9 547.5
4 889.3 4 889.3
2 337.4 2 337.4
-1 682.6 -1 682.6
2 919.4 2 919.4
7 110.2 7 110.2
19 840.8 19 840.8
7 289.5 7 289.5
23 664.8 23 664.8
31 028.3 31 028.3
⬤ Отклонение, млн. руб.
Интер РАО (для ФСК)
Промышленные потребители
Транспорт
Нефтедобыча
Нефтепереработка
Нефтепроводы
Газопроводы
Сельское хозяйство и пищевая пр…
Непромышленные потребители
Государственные (муниципальные…
Население и приравненные групп…
Территориальные сетевые органи…
Динамика электропотребления, млрд. кВт.ч. по ПАО Россети на 2023 год
0 0
120 120
38 38
41 41
8 8
10 10
0 0
19 19
77 77
25 25
122 122
61 61
0 0
120 120
39 39
39 39
8 8
8 8
1 1
20 20
78 78
26 26
121 121
60 60
Факт прошлого года
Ожидаемое (прогноз по конца года)
Интер РАО (дляФСК)
Промышленныепотребители
Транспорт
Нефтедобыча
Нефтепереработка
Нефтепроводы
Газопроводы
Сельскоехозяйство ипищеваяпромышленность
Непромышленныепотребители
Государственные(муниципальные)организации ипрочиебюджетныепотребители
Население иприравненныегруппыпотребителей
Территориальныесетевыеорганизации
Выручка по ПАО Россети на 2023 год
5 5
285 285
72 72
72 72
18 18
22 22
0 0
50 50
201 201
61 61
190 190
227 227
6 6
331 331
82 82
77 77
20 20
20 20
3 3
57 57
220 220
68 68
214 214
258 258
Факт прошлого года
Ожидаемое (прогноз по конца года)
Интер РАО (дляФСК)
Промышленныепотребители
Транспорт
Нефтедобыча
Нефтепереработка
Нефтепроводы
Газопроводы
Сельскоехозяйство ипищеваяпромышленность
Непромышленныепотребители
Государственные(муниципальные)организации ипрочиебюджетныепотребители
Население иприравненныегруппыпотребителей
Территориальныесетевыеорганизации
абс.
%
Прогноз на месяц 
Ноябрь
КПО/Отпуск из сети 
Котловой полезный отпуск, млн. кВт.ч
Организация 
Все
Прогноз электропотребления и выручки за услуги по передаче в разрезе отраслей'

16-05-2025T11:38:53 - [TEST_STEP][PASSED] - a10 = a10.replaceAll("[^0-9]", ""): null

16-05-2025T11:38:53 - [TEST_STEP][PASSED] - println("a10:" + a10): null

16-05-2025T11:38:53 - [TEST_STEP][PASSED] - click(findTestObject("Прогноз по отраслям/Фильтр Сравнение с")): Object: 'Object Repository/Прогноз по отраслям/Фильтр Сравнение с' is clicked on

16-05-2025T11:38:53 - [MESSAGE][PASSED] - Object: 'Object Repository/Прогноз по отраслям/Фильтр Сравнение с' is clicked on

16-05-2025T11:38:53 - [TEST_STEP][PASSED] - click(findTestObject("Прогноз по отраслям/План")): Object: 'Object Repository/Прогноз по отраслям/План' is clicked on

16-05-2025T11:38:54 - [MESSAGE][PASSED] - Object: 'Object Repository/Прогноз по отраслям/План' is clicked on

16-05-2025T11:38:54 - [TEST_STEP][PASSED] - delay(40): Delayed 40 second(s)

16-05-2025T11:39:34 - [MESSAGE][PASSED] - Delayed 40 second(s)

16-05-2025T11:39:34 - [TEST_STEP][PASSED] - a11 = getText(findTestObject("Прогноз по отраслям/Виджеты дашборда")): Text of object 'Object Repository/Прогноз по отраслям/Виджеты дашборда' is: 'Год 
2023 год
Сравнение с 
План
Отклонения по ПАО Россети на 2023 год
0.0 0.0
1 471.7 1 471.7
1 186.5 1 186.5
32 445.2 32 445.2
1 268.3 1 268.3
349.4 349.4
84.3 84.3
239.8 239.8
2 969.4 2 969.4
589.2 589.2
-1 798.4 -1 798.4
5 359.3 5 359.3
⬤ Отклонение, млн. кВт.ч
Интер РАО (для ФСК)
Промышленные потребители
Транспорт
Нефтедобыча
Нефтепереработка
Нефтепроводы
Газопроводы
Сельское хозяйство и пищевая пр…
Непромышленные потребители
Государственные (муниципальные…
Население и приравненные групп…
Территориальные сетевые органи…
Выручка отклонения по ПАО Россети на 2023 год
794.9 794.9
12 195.0 12 195.0
972.7 972.7
61 803.9 61 803.9
4 222.3 4 222.3
-121.8 -121.8
666.2 666.2
873.2 873.2
5 809.6 5 809.6
1 342.6 1 342.6
-4 463.2 -4 463.2
18 375.5 18 375.5
⬤ Отклонение, млн. руб.
Интер РАО (для ФСК)
Промышленные потребители
Транспорт
Нефтедобыча
Нефтепереработка
Нефтепроводы
Газопроводы
Сельское хозяйство и пищевая пр…
Непромышленные потребители
Государственные (муниципальные…
Население и приравненные групп…
Территориальные сетевые органи…
Динамика электропотребления, млрд. кВт.ч. по ПАО Россети на 2023 год
0 0
119 119
37 37
7 7
7 7
8 8
1 1
19 19
75 75
25 25
123 123
55 55
0 0
120 120
39 39
39 39
8 8
8 8
1 1
20 20
78 78
26 26
121 121
60 60
План
Ожидаемое (прогноз по конца года)
Интер РАО (дляФСК)
Промышленныепотребители
Транспорт
Нефтедобыча
Нефтепереработка
Нефтепроводы
Газопроводы
Сельскоехозяйство ипищеваяпромышленность
Непромышленныепотребители
Государственные(муниципальные)организации ипрочиебюджетныепотребители
Население иприравненныегруппыпотребителей
Территориальныесетевыеорганизации
Выручка по ПАО Россети на 2023 год
5 5
319 319
81 81
16 16
16 16
20 20
2 2
56 56
215 215
67 67
218 218
239 239
6 6
331 331
82 82
77 77
20 20
20 20
3 3
57 57
220 220
68 68
214 214
258 258
План
Ожидаемое (прогноз по конца года)
Интер РАО (дляФСК)
Промышленныепотребители
Транспорт
Нефтедобыча
Нефтепереработка
Нефтепроводы
Газопроводы
Сельскоехозяйство ипищеваяпромышленность
Непромышленныепотребители
Государственные(муниципальные)организации ипрочиебюджетныепотребители
Население иприравненныегруппыпотребителей
Территориальныесетевыеорганизации
абс.
%
Прогноз на месяц 
Ноябрь
КПО/Отпуск из сети 
Котловой полезный отпуск, млн. кВт.ч
Организация 
Все
Прогноз электропотребления и выручки за услуги по передаче в разрезе отраслей'

16-05-2025T11:39:34 - [MESSAGE][PASSED] - Text of object 'Object Repository/Прогноз по отраслям/Виджеты дашборда' is: 'Год 
2023 год
Сравнение с 
План
Отклонения по ПАО Россети на 2023 год
0.0 0.0
1 471.7 1 471.7
1 186.5 1 186.5
32 445.2 32 445.2
1 268.3 1 268.3
349.4 349.4
84.3 84.3
239.8 239.8
2 969.4 2 969.4
589.2 589.2
-1 798.4 -1 798.4
5 359.3 5 359.3
⬤ Отклонение, млн. кВт.ч
Интер РАО (для ФСК)
Промышленные потребители
Транспорт
Нефтедобыча
Нефтепереработка
Нефтепроводы
Газопроводы
Сельское хозяйство и пищевая пр…
Непромышленные потребители
Государственные (муниципальные…
Население и приравненные групп…
Территориальные сетевые органи…
Выручка отклонения по ПАО Россети на 2023 год
794.9 794.9
12 195.0 12 195.0
972.7 972.7
61 803.9 61 803.9
4 222.3 4 222.3
-121.8 -121.8
666.2 666.2
873.2 873.2
5 809.6 5 809.6
1 342.6 1 342.6
-4 463.2 -4 463.2
18 375.5 18 375.5
⬤ Отклонение, млн. руб.
Интер РАО (для ФСК)
Промышленные потребители
Транспорт
Нефтедобыча
Нефтепереработка
Нефтепроводы
Газопроводы
Сельское хозяйство и пищевая пр…
Непромышленные потребители
Государственные (муниципальные…
Население и приравненные групп…
Территориальные сетевые органи…
Динамика электропотребления, млрд. кВт.ч. по ПАО Россети на 2023 год
0 0
119 119
37 37
7 7
7 7
8 8
1 1
19 19
75 75
25 25
123 123
55 55
0 0
120 120
39 39
39 39
8 8
8 8
1 1
20 20
78 78
26 26
121 121
60 60
План
Ожидаемое (прогноз по конца года)
Интер РАО (дляФСК)
Промышленныепотребители
Транспорт
Нефтедобыча
Нефтепереработка
Нефтепроводы
Газопроводы
Сельскоехозяйство ипищеваяпромышленность
Непромышленныепотребители
Государственные(муниципальные)организации ипрочиебюджетныепотребители
Население иприравненныегруппыпотребителей
Территориальныесетевыеорганизации
Выручка по ПАО Россети на 2023 год
5 5
319 319
81 81
16 16
16 16
20 20
2 2
56 56
215 215
67 67
218 218
239 239
6 6
331 331
82 82
77 77
20 20
20 20
3 3
57 57
220 220
68 68
214 214
258 258
План
Ожидаемое (прогноз по конца года)
Интер РАО (дляФСК)
Промышленныепотребители
Транспорт
Нефтедобыча
Нефтепереработка
Нефтепроводы
Газопроводы
Сельскоехозяйство ипищеваяпромышленность
Непромышленныепотребители
Государственные(муниципальные)организации ипрочиебюджетныепотребители
Население иприравненныегруппыпотребителей
Территориальныесетевыеорганизации
абс.
%
Прогноз на месяц 
Ноябрь
КПО/Отпуск из сети 
Котловой полезный отпуск, млн. кВт.ч
Организация 
Все
Прогноз электропотребления и выручки за услуги по передаче в разрезе отраслей'

16-05-2025T11:39:34 - [TEST_STEP][PASSED] - println("a11:" + a11): null

16-05-2025T11:39:34 - [TEST_STEP][PASSED] - a11 = a11.replaceAll("[^0-9]", ""): null

16-05-2025T11:39:34 - [TEST_STEP][PASSED] - println("a11:" + a11): null

16-05-2025T11:39:34 - [TEST_STEP][PASSED] - click(findTestObject("Прогноз по отраслям/Фильтр Сравнение с")): Object: 'Object Repository/Прогноз по отраслям/Фильтр Сравнение с' is clicked on

16-05-2025T11:39:35 - [MESSAGE][PASSED] - Object: 'Object Repository/Прогноз по отраслям/Фильтр Сравнение с' is clicked on

16-05-2025T11:39:35 - [TEST_STEP][PASSED] - click(findTestObject("Прогноз по отраслям/План СУ")): Object: 'Object Repository/Прогноз по отраслям/План СУ' is clicked on

16-05-2025T11:39:36 - [MESSAGE][PASSED] - Object: 'Object Repository/Прогноз по отраслям/План СУ' is clicked on

16-05-2025T11:39:36 - [TEST_STEP][PASSED] - delay(40): Delayed 40 second(s)

16-05-2025T11:40:16 - [MESSAGE][PASSED] - Delayed 40 second(s)

16-05-2025T11:40:16 - [TEST_STEP][PASSED] - a12 = getText(findTestObject("Прогноз по отраслям/Виджеты дашборда")): Text of object 'Object Repository/Прогноз по отраслям/Виджеты дашборда' is: 'Год 
2023 год
Сравнение с 
План/СУ
Отклонения по ПАО Россети на 2023 год
0.0 0.0
120 322.6 120 322.6
38 655.4 38 655.4
39 037.8 39 037.8
8 291.7 8 291.7
8 259.5 8 259.5
793.1 793.1
19 706.6 19 706.6
78 310.2 78 310.2
25 579.5 25 579.5
121 219.7 121 219.7
60 414.9 60 414.9
⬤ Отклонение, млн. кВт.ч
Интер РАО (для ФСК)
Промышленные потребители
Транспорт
Нефтедобыча
Нефтепереработка
Нефтепроводы
Газопроводы
Сельское хозяйство и пищевая пр…
Непромышленные потребители
Государственные (муниципальные…
Население и приравненные групп…
Территориальные сетевые органи…
Выручка отклонения по ПАО Россети на 2023 год
⬤ Отклонение, млн. руб.
Интер РАО (для ФСК)
Промышленные потребители
Транспорт
Нефтедобыча
Нефтепереработка
Нефтепроводы
Газопроводы
Сельское хозяйство и пищевая пр…
Непромышленные потребители
Государственные (муниципальные…
Население и приравненные групп…
Территориальные сетевые органи…
Динамика электропотребления, млрд. кВт.ч. по ПАО Россети на 2023 год
0 0
0 0
0 0
0 0
0 0
0 0
0 0
0 0
0 0
0 0
0 0
0 0
0 0
120 120
39 39
39 39
8 8
8 8
1 1
20 20
78 78
26 26
121 121
60 60
СУ
Ожидаемое (прогноз по конца года)
Интер РАО (дляФСК)
Промышленныепотребители
Транспорт
Нефтедобыча
Нефтепереработка
Нефтепроводы
Газопроводы
Сельскоехозяйство ипищеваяпромышленность
Непромышленныепотребители
Государственные(муниципальные)организации ипрочиебюджетныепотребители
Население иприравненныегруппыпотребителей
Территориальныесетевыеорганизации
Выручка по ПАО Россети на 2023 год
6 6
331 331
82 82
77 77
20 20
20 20
3 3
57 57
220 220
68 68
214 214
258 258
Ожидаемое (прогноз по конца года)
Интер РАО (дляФСК)
Промышленныепотребители
Транспорт
Нефтедобыча
Нефтепереработка
Нефтепроводы
Газопроводы
Сельскоехозяйство ипищеваяпромышленность
Непромышленныепотребители
Государственные(муниципальные)организации ипрочиебюджетныепотребители
Население иприравненныегруппыпотребителей
Территориальныесетевыеорганизации
абс.
%
Прогноз на месяц 
Ноябрь
КПО/Отпуск из сети 
Котловой полезный отпуск, млн. кВт.ч
Организация 
Все
Прогноз электропотребления и выручки за услуги по передаче в разрезе отраслей'

16-05-2025T11:40:16 - [MESSAGE][PASSED] - Text of object 'Object Repository/Прогноз по отраслям/Виджеты дашборда' is: 'Год 
2023 год
Сравнение с 
План/СУ
Отклонения по ПАО Россети на 2023 год
0.0 0.0
120 322.6 120 322.6
38 655.4 38 655.4
39 037.8 39 037.8
8 291.7 8 291.7
8 259.5 8 259.5
793.1 793.1
19 706.6 19 706.6
78 310.2 78 310.2
25 579.5 25 579.5
121 219.7 121 219.7
60 414.9 60 414.9
⬤ Отклонение, млн. кВт.ч
Интер РАО (для ФСК)
Промышленные потребители
Транспорт
Нефтедобыча
Нефтепереработка
Нефтепроводы
Газопроводы
Сельское хозяйство и пищевая пр…
Непромышленные потребители
Государственные (муниципальные…
Население и приравненные групп…
Территориальные сетевые органи…
Выручка отклонения по ПАО Россети на 2023 год
⬤ Отклонение, млн. руб.
Интер РАО (для ФСК)
Промышленные потребители
Транспорт
Нефтедобыча
Нефтепереработка
Нефтепроводы
Газопроводы
Сельское хозяйство и пищевая пр…
Непромышленные потребители
Государственные (муниципальные…
Население и приравненные групп…
Территориальные сетевые органи…
Динамика электропотребления, млрд. кВт.ч. по ПАО Россети на 2023 год
0 0
0 0
0 0
0 0
0 0
0 0
0 0
0 0
0 0
0 0
0 0
0 0
0 0
120 120
39 39
39 39
8 8
8 8
1 1
20 20
78 78
26 26
121 121
60 60
СУ
Ожидаемое (прогноз по конца года)
Интер РАО (дляФСК)
Промышленныепотребители
Транспорт
Нефтедобыча
Нефтепереработка
Нефтепроводы
Газопроводы
Сельскоехозяйство ипищеваяпромышленность
Непромышленныепотребители
Государственные(муниципальные)организации ипрочиебюджетныепотребители
Население иприравненныегруппыпотребителей
Территориальныесетевыеорганизации
Выручка по ПАО Россети на 2023 год
6 6
331 331
82 82
77 77
20 20
20 20
3 3
57 57
220 220
68 68
214 214
258 258
Ожидаемое (прогноз по конца года)
Интер РАО (дляФСК)
Промышленныепотребители
Транспорт
Нефтедобыча
Нефтепереработка
Нефтепроводы
Газопроводы
Сельскоехозяйство ипищеваяпромышленность
Непромышленныепотребители
Государственные(муниципальные)организации ипрочиебюджетныепотребители
Население иприравненныегруппыпотребителей
Территориальныесетевыеорганизации
абс.
%
Прогноз на месяц 
Ноябрь
КПО/Отпуск из сети 
Котловой полезный отпуск, млн. кВт.ч
Организация 
Все
Прогноз электропотребления и выручки за услуги по передаче в разрезе отраслей'

16-05-2025T11:40:16 - [TEST_STEP][PASSED] - a12 = a12.replaceAll("[^0-9]", ""): null

16-05-2025T11:40:16 - [TEST_STEP][PASSED] - println("a12:" + a12): null

16-05-2025T11:40:16 - [TEST_STEP][PASSED] - navigateToUrl(findTestData("PlanFact").getValue(10, 12)): Navigate to 'https://bi.rosseti.digital/viewer?dashboardGuid=d218b6eb1b7845df8f1994d6a65c072b&sheetGuid=3059d1e0f28043ee8c80901707e9c246&fit=true' successfully

16-05-2025T11:40:17 - [MESSAGE][PASSED] - Navigate to 'https://bi.rosseti.digital/viewer?dashboardGuid=d218b6eb1b7845df8f1994d6a65c072b&sheetGuid=3059d1e0f28043ee8c80901707e9c246&fit=true' successfully

16-05-2025T11:40:17 - [TEST_STEP][PASSED] - delay(50): Delayed 50 second(s)

16-05-2025T11:41:07 - [MESSAGE][PASSED] - Delayed 50 second(s)

16-05-2025T11:41:07 - [TEST_STEP][PASSED] - click(findTestObject("Прогноз по отраслям/Фильтр месяц Стресс")): Object: 'Object Repository/Прогноз по отраслям/Фильтр месяц Стресс' is clicked on

16-05-2025T11:41:07 - [MESSAGE][PASSED] - Object: 'Object Repository/Прогноз по отраслям/Фильтр месяц Стресс' is clicked on

16-05-2025T11:41:07 - [TEST_STEP][PASSED] - scrollToElement(findTestObject("Прогноз по отраслям/Ноябрь Стресс"), 30): Scroll to object 'Object Repository/Прогноз по отраслям/Ноябрь Стресс' successfully

16-05-2025T11:41:07 - [MESSAGE][PASSED] - Scroll to object 'Object Repository/Прогноз по отраслям/Ноябрь Стресс' successfully

16-05-2025T11:41:07 - [TEST_STEP][PASSED] - click(findTestObject("Прогноз по отраслям/Ноябрь Стресс")): Object: 'Object Repository/Прогноз по отраслям/Ноябрь Стресс' is clicked on

16-05-2025T11:41:09 - [MESSAGE][PASSED] - Object: 'Object Repository/Прогноз по отраслям/Ноябрь Стресс' is clicked on

16-05-2025T11:41:09 - [TEST_STEP][PASSED] - scrollToElement(findTestObject("Прогноз по отраслям/Заголовок дашборда Стресс"), 30): Scroll to object 'Object Repository/Прогноз по отраслям/Заголовок дашборда Стресс' successfully

16-05-2025T11:41:10 - [MESSAGE][PASSED] - Scroll to object 'Object Repository/Прогноз по отраслям/Заголовок дашборда Стресс' successfully

16-05-2025T11:41:10 - [TEST_STEP][PASSED] - click(findTestObject("Прогноз по отраслям/Фильтр Сравнение с Стресс")): Object: 'Object Repository/Прогноз по отраслям/Фильтр Сравнение с Стресс' is clicked on

16-05-2025T11:41:10 - [MESSAGE][PASSED] - Object: 'Object Repository/Прогноз по отраслям/Фильтр Сравнение с Стресс' is clicked on

16-05-2025T11:41:10 - [TEST_STEP][PASSED] - click(findTestObject("Прогноз по отраслям/Факт прошлого года Стресс")): Object: 'Object Repository/Прогноз по отраслям/Факт прошлого года Стресс' is clicked on

16-05-2025T11:41:12 - [MESSAGE][PASSED] - Object: 'Object Repository/Прогноз по отраслям/Факт прошлого года Стресс' is clicked on

16-05-2025T11:41:12 - [TEST_STEP][PASSED] - click(findTestObject("Прогноз по отраслям/Фильтр КПО-Отпуск Стресс")): Object: 'Object Repository/Прогноз по отраслям/Фильтр КПО-Отпуск Стресс' is clicked on

16-05-2025T11:41:13 - [MESSAGE][PASSED] - Object: 'Object Repository/Прогноз по отраслям/Фильтр КПО-Отпуск Стресс' is clicked on

16-05-2025T11:41:13 - [TEST_STEP][PASSED] - click(findTestObject("Прогноз по отраслям/Отпуск Стресс")): Object: 'Object Repository/Прогноз по отраслям/Отпуск Стресс' is clicked on

16-05-2025T11:41:14 - [MESSAGE][PASSED] - Object: 'Object Repository/Прогноз по отраслям/Отпуск Стресс' is clicked on

16-05-2025T11:41:14 - [TEST_STEP][PASSED] - delay(40): Delayed 40 second(s)

16-05-2025T11:41:54 - [MESSAGE][PASSED] - Delayed 40 second(s)

16-05-2025T11:41:54 - [TEST_STEP][PASSED] - b1 = getText(findTestObject("Прогноз по отраслям/Виджеты дашборда")): Text of object 'Object Repository/Прогноз по отраслям/Виджеты дашборда' is: 'Год 
2023 год
Сравнение с 
Факт прошлого года
Динамика электропотребления, млрд. кВт.ч., по ПАО Россети на 2023 год
12 12
186 186
36 36
50 50
10 10
19 19
0 0
17 17
85 85
19 19
82 82
604 604
10 10
197 197
37 37
48 48
10 10
15 15
4 4
18 18
80 80
19 19
82 82
608 608
Факт прошлого года
Ожидаемое (прогноз до конца года)
Интер РАО(для ФСК)
Промышленныепотребители
Транспорт
Нефтедобыча
Нефтеперераб…
Нефтепроводы
Газопроводы
Сельское хозя…
Непромышлен…
Государственн…
Население иприравненныегруппыпотребителей
Территориальн…
Выручка, млрд. руб, по ПАО Россети на 2023 год
5 5
285 285
72 72
72 72
18 18
22 22
0 0
50 50
201 201
61 61
190 190
227 227
6 6
331 331
82 82
77 77
20 20
20 20
3 3
57 57
220 220
68 68
214 214
258 258
Факт прошлого года
Ожидаемое (прогноз до конца года)
Интер РАО(для ФСК)
Промышленныепотребители
Транспорт
Нефтедобыча
Нефтеперераб…
Нефтепроводы
Газопроводы
Сельское хозя…
Непромышлен…
Государственн…
Население иприравненныегруппыпотребителей
Территориальн…
Отклонения по ПАО Россети на 2023 год
-18.5% -18.5%
5.9% 5.9%
3.6% 3.6%
-3.9% -3.9%
0.9% 0.9%
-20.7% -20.7%
3 313.2% 3 313.2%
3.8% 3.8%
-5.6% -5.6%
1.3% 1.3%
-0.9% -0.9%
0.7% 0.7%
⬤ Отклонение, %
Интер РАО (для ФСК)
Промышленные потребители
Транспорт
Нефтедобыча
Нефтепереработка
Нефтепроводы
Газопроводы
Сельское хозяйство и пищевая про…
Непромышленные потребители
Государственные (муниципальные)…
Население и приравненные группы…
Территориальные сетевые организ…
Выручка отклонения по ПАО Россети на 2023 год
7.7% 7.7%
16.0% 16.0%
13.2% 13.2%
6.7% 6.7%
13.3% 13.3%
-7.7% -7.7%
1 331.5% 1 331.5%
14.2% 14.2%
9.9% 9.9%
12.0% 12.0%
12.4% 12.4%
13.7% 13.7%
⬤ Отклонение, %
Интер РАО (для ФСК)
Промышленные потребители
Транспорт
Нефтедобыча
Нефтепереработка
Нефтепроводы
Газопроводы
Сельское хозяйство и пищевая про…
Непромышленные потребители
Государственные (муниципальные)…
Население и приравненные группы…
Территориальные сетевые организ…
абс.
%
Прогноз на месяц 
Ноябрь
КПО/Отпуск из сети 
Отпуск из сети, млн. кВт.ч
Организация 
Все
Прогноз электропотребления и выручки за услуги по передаче в разрезе отраслей'

16-05-2025T11:41:55 - [MESSAGE][PASSED] - Text of object 'Object Repository/Прогноз по отраслям/Виджеты дашборда' is: 'Год 
2023 год
Сравнение с 
Факт прошлого года
Динамика электропотребления, млрд. кВт.ч., по ПАО Россети на 2023 год
12 12
186 186
36 36
50 50
10 10
19 19
0 0
17 17
85 85
19 19
82 82
604 604
10 10
197 197
37 37
48 48
10 10
15 15
4 4
18 18
80 80
19 19
82 82
608 608
Факт прошлого года
Ожидаемое (прогноз до конца года)
Интер РАО(для ФСК)
Промышленныепотребители
Транспорт
Нефтедобыча
Нефтеперераб…
Нефтепроводы
Газопроводы
Сельское хозя…
Непромышлен…
Государственн…
Население иприравненныегруппыпотребителей
Территориальн…
Выручка, млрд. руб, по ПАО Россети на 2023 год
5 5
285 285
72 72
72 72
18 18
22 22
0 0
50 50
201 201
61 61
190 190
227 227
6 6
331 331
82 82
77 77
20 20
20 20
3 3
57 57
220 220
68 68
214 214
258 258
Факт прошлого года
Ожидаемое (прогноз до конца года)
Интер РАО(для ФСК)
Промышленныепотребители
Транспорт
Нефтедобыча
Нефтеперераб…
Нефтепроводы
Газопроводы
Сельское хозя…
Непромышлен…
Государственн…
Население иприравненныегруппыпотребителей
Территориальн…
Отклонения по ПАО Россети на 2023 год
-18.5% -18.5%
5.9% 5.9%
3.6% 3.6%
-3.9% -3.9%
0.9% 0.9%
-20.7% -20.7%
3 313.2% 3 313.2%
3.8% 3.8%
-5.6% -5.6%
1.3% 1.3%
-0.9% -0.9%
0.7% 0.7%
⬤ Отклонение, %
Интер РАО (для ФСК)
Промышленные потребители
Транспорт
Нефтедобыча
Нефтепереработка
Нефтепроводы
Газопроводы
Сельское хозяйство и пищевая про…
Непромышленные потребители
Государственные (муниципальные)…
Население и приравненные группы…
Территориальные сетевые организ…
Выручка отклонения по ПАО Россети на 2023 год
7.7% 7.7%
16.0% 16.0%
13.2% 13.2%
6.7% 6.7%
13.3% 13.3%
-7.7% -7.7%
1 331.5% 1 331.5%
14.2% 14.2%
9.9% 9.9%
12.0% 12.0%
12.4% 12.4%
13.7% 13.7%
⬤ Отклонение, %
Интер РАО (для ФСК)
Промышленные потребители
Транспорт
Нефтедобыча
Нефтепереработка
Нефтепроводы
Газопроводы
Сельское хозяйство и пищевая про…
Непромышленные потребители
Государственные (муниципальные)…
Население и приравненные группы…
Территориальные сетевые организ…
абс.
%
Прогноз на месяц 
Ноябрь
КПО/Отпуск из сети 
Отпуск из сети, млн. кВт.ч
Организация 
Все
Прогноз электропотребления и выручки за услуги по передаче в разрезе отраслей'

16-05-2025T11:41:55 - [TEST_STEP][PASSED] - b1 = b1.replaceAll("[^0-9]", ""): null

16-05-2025T11:41:55 - [TEST_STEP][PASSED] - println("b1:" + b1): null

16-05-2025T11:41:55 - [TEST_STEP][PASSED] - click(findTestObject("Прогноз по отраслям/Фильтр Сравнение с Стресс")): Object: 'Object Repository/Прогноз по отраслям/Фильтр Сравнение с Стресс' is clicked on

16-05-2025T11:41:55 - [MESSAGE][PASSED] - Object: 'Object Repository/Прогноз по отраслям/Фильтр Сравнение с Стресс' is clicked on

16-05-2025T11:41:55 - [TEST_STEP][PASSED] - click(findTestObject("Прогноз по отраслям/План Стресс")): Object: 'Object Repository/Прогноз по отраслям/План Стресс' is clicked on

16-05-2025T11:41:56 - [MESSAGE][PASSED] - Object: 'Object Repository/Прогноз по отраслям/План Стресс' is clicked on

16-05-2025T11:41:56 - [TEST_STEP][PASSED] - delay(40): Delayed 40 second(s)

16-05-2025T11:42:36 - [MESSAGE][PASSED] - Delayed 40 second(s)

16-05-2025T11:42:36 - [TEST_STEP][PASSED] - b2 = getText(findTestObject("Прогноз по отраслям/Виджеты дашборда")): Text of object 'Object Repository/Прогноз по отраслям/Виджеты дашборда' is: 'Год 
2023 год
Сравнение с 
План
Динамика электропотребления, млрд. кВт.ч., по ПАО Россети на 2023 год
10 10
190 190
36 36
14 14
9 9
14 14
4 4
17 17
80 80
19 19
82 82
588 588
10 10
197 197
37 37
48 48
10 10
15 15
4 4
18 18
80 80
19 19
82 82
608 608
План
Ожидаемое (прогноз до конца года)
Интер РАО(для ФСК)
Промышленныепотребители
Транспорт
Нефтедобыча
Нефтеперераб…
Нефтепроводы
Газопроводы
Сельское хозя…
Непромышлен…
Государственн…
Население иприравненныегруппыпотребителей
Территориальн…
Выручка, млрд. руб, по ПАО Россети на 2023 год
5 5
319 319
81 81
16 16
16 16
20 20
2 2
56 56
215 215
67 67
218 218
239 239
6 6
331 331
82 82
77 77
20 20
20 20
3 3
57 57
220 220
68 68
214 214
258 258
План
Ожидаемое (прогноз до конца года)
Интер РАО(для ФСК)
Промышленныепотребители
Транспорт
Нефтедобыча
Нефтеперераб…
Нефтепроводы
Газопроводы
Сельское хозя…
Непромышлен…
Государственн…
Население иприравненныегруппыпотребителей
Территориальн…
Отклонения по ПАО Россети на 2023 год
-4.7% -4.7%
3.8% 3.8%
1.9% 1.9%
230.3% 230.3%
10.9% 10.9%
4.2% 4.2%
21.7% 21.7%
3.9% 3.9%
-0.6% -0.6%
1.6% 1.6%
-1.0% -1.0%
3.3% 3.3%
⬤ Отклонение, %
Интер РАО (для ФСК)
Промышленные потребители
Транспорт
Нефтедобыча
Нефтепереработка
Нефтепроводы
Газопроводы
Сельское хозяйство и пищевая про…
Непромышленные потребители
Государственные (муниципальные)…
Население и приравненные группы…
Территориальные сетевые организ…
Выручка отклонения по ПАО Россети на 2023 год
15.6% 15.6%
3.8% 3.8%
1.2% 1.2%
398.2% 398.2%
26.9% 26.9%
-0.6% -0.6%
26.9% 26.9%
1.5% 1.5%
2.7% 2.7%
2.0% 2.0%
-2.0% -2.0%
7.9% 7.9%
⬤ Отклонение, %
Интер РАО (для ФСК)
Промышленные потребители
Транспорт
Нефтедобыча
Нефтепереработка
Нефтепроводы
Газопроводы
Сельское хозяйство и пищевая про…
Непромышленные потребители
Государственные (муниципальные)…
Население и приравненные группы…
Территориальные сетевые организ…
абс.
%
Прогноз на месяц 
Ноябрь
КПО/Отпуск из сети 
Отпуск из сети, млн. кВт.ч
Организация 
Все
Прогноз электропотребления и выручки за услуги по передаче в разрезе отраслей'

16-05-2025T11:42:37 - [MESSAGE][PASSED] - Text of object 'Object Repository/Прогноз по отраслям/Виджеты дашборда' is: 'Год 
2023 год
Сравнение с 
План
Динамика электропотребления, млрд. кВт.ч., по ПАО Россети на 2023 год
10 10
190 190
36 36
14 14
9 9
14 14
4 4
17 17
80 80
19 19
82 82
588 588
10 10
197 197
37 37
48 48
10 10
15 15
4 4
18 18
80 80
19 19
82 82
608 608
План
Ожидаемое (прогноз до конца года)
Интер РАО(для ФСК)
Промышленныепотребители
Транспорт
Нефтедобыча
Нефтеперераб…
Нефтепроводы
Газопроводы
Сельское хозя…
Непромышлен…
Государственн…
Население иприравненныегруппыпотребителей
Территориальн…
Выручка, млрд. руб, по ПАО Россети на 2023 год
5 5
319 319
81 81
16 16
16 16
20 20
2 2
56 56
215 215
67 67
218 218
239 239
6 6
331 331
82 82
77 77
20 20
20 20
3 3
57 57
220 220
68 68
214 214
258 258
План
Ожидаемое (прогноз до конца года)
Интер РАО(для ФСК)
Промышленныепотребители
Транспорт
Нефтедобыча
Нефтеперераб…
Нефтепроводы
Газопроводы
Сельское хозя…
Непромышлен…
Государственн…
Население иприравненныегруппыпотребителей
Территориальн…
Отклонения по ПАО Россети на 2023 год
-4.7% -4.7%
3.8% 3.8%
1.9% 1.9%
230.3% 230.3%
10.9% 10.9%
4.2% 4.2%
21.7% 21.7%
3.9% 3.9%
-0.6% -0.6%
1.6% 1.6%
-1.0% -1.0%
3.3% 3.3%
⬤ Отклонение, %
Интер РАО (для ФСК)
Промышленные потребители
Транспорт
Нефтедобыча
Нефтепереработка
Нефтепроводы
Газопроводы
Сельское хозяйство и пищевая про…
Непромышленные потребители
Государственные (муниципальные)…
Население и приравненные группы…
Территориальные сетевые организ…
Выручка отклонения по ПАО Россети на 2023 год
15.6% 15.6%
3.8% 3.8%
1.2% 1.2%
398.2% 398.2%
26.9% 26.9%
-0.6% -0.6%
26.9% 26.9%
1.5% 1.5%
2.7% 2.7%
2.0% 2.0%
-2.0% -2.0%
7.9% 7.9%
⬤ Отклонение, %
Интер РАО (для ФСК)
Промышленные потребители
Транспорт
Нефтедобыча
Нефтепереработка
Нефтепроводы
Газопроводы
Сельское хозяйство и пищевая про…
Непромышленные потребители
Государственные (муниципальные)…
Население и приравненные группы…
Территориальные сетевые организ…
абс.
%
Прогноз на месяц 
Ноябрь
КПО/Отпуск из сети 
Отпуск из сети, млн. кВт.ч
Организация 
Все
Прогноз электропотребления и выручки за услуги по передаче в разрезе отраслей'

16-05-2025T11:42:37 - [TEST_STEP][PASSED] - b2 = b2.replaceAll("[^0-9]", ""): null

16-05-2025T11:42:37 - [TEST_STEP][PASSED] - println("b2:" + b2): null

16-05-2025T11:42:37 - [TEST_STEP][PASSED] - click(findTestObject("Прогноз по отраслям/Фильтр Сравнение с Стресс")): Object: 'Object Repository/Прогноз по отраслям/Фильтр Сравнение с Стресс' is clicked on

16-05-2025T11:42:37 - [MESSAGE][PASSED] - Object: 'Object Repository/Прогноз по отраслям/Фильтр Сравнение с Стресс' is clicked on

16-05-2025T11:42:37 - [TEST_STEP][PASSED] - click(findTestObject("Прогноз по отраслям/План СУ Стресс")): Object: 'Object Repository/Прогноз по отраслям/План СУ Стресс' is clicked on

16-05-2025T11:42:38 - [MESSAGE][PASSED] - Object: 'Object Repository/Прогноз по отраслям/План СУ Стресс' is clicked on

16-05-2025T11:42:38 - [TEST_STEP][PASSED] - delay(40): Delayed 40 second(s)

16-05-2025T11:43:18 - [MESSAGE][PASSED] - Delayed 40 second(s)

16-05-2025T11:43:18 - [TEST_STEP][PASSED] - b3 = getText(findTestObject("Прогноз по отраслям/Виджеты дашборда")): Text of object 'Object Repository/Прогноз по отраслям/Виджеты дашборда' is: 'Год 
2023 год
Сравнение с 
План/СУ
Динамика электропотребления, млрд. кВт.ч., по ПАО Россети на 2023 год
10 10
181 181
36 36
15 15
9 9
14 14
4 4
16 16
86 86
19 19
79 79
586 586
10 10
197 197
37 37
48 48
10 10
15 15
4 4
18 18
80 80
19 19
82 82
608 608
СУ
Ожидаемое (прогноз до конца года)
Интер РАО(для ФСК)
Промышленныепотребители
Транспорт
Нефтедобыча
Нефтеперераб…
Нефтепроводы
Газопроводы
Сельское хозя…
Непромышлен…
Государственн…
Население иприравненныегруппыпотребителей
Территориальн…
Выручка, млрд. руб, по ПАО Россети на 2023 год
6 6
331 331
82 82
77 77
20 20
20 20
3 3
57 57
220 220
68 68
214 214
258 258
Ожидаемое (прогноз до конца года)
Интер РАО(для ФСК)
Промышленныепотребители
Транспорт
Нефтедобыча
Нефтеперераб…
Нефтепроводы
Газопроводы
Сельское хозя…
Непромышлен…
Государственн…
Население иприравненныегруппыпотребителей
Территориальн…
Отклонения по ПАО Россети на 2023 год
2.5% 2.5%
8.9% 8.9%
3.5% 3.5%
221.4% 221.4%
12.8% 12.8%
6.9% 6.9%
13.5% 13.5%
8.1% 8.1%
-6.9% -6.9%
2.3% 2.3%
3.1% 3.1%
3.8% 3.8%
⬤ Отклонение, %
Интер РАО (для ФСК)
Промышленные потребители
Транспорт
Нефтедобыча
Нефтепереработка
Нефтепроводы
Газопроводы
Сельское хозяйство и пищевая про…
Непромышленные потребители
Государственные (муниципальные)…
Население и приравненные группы…
Территориальные сетевые организ…
Выручка отклонения по ПАО Россети на 2023 год
⬤ Отклонение, %
Интер РАО (для ФСК)
Промышленные потребители
Транспорт
Нефтедобыча
Нефтепереработка
Нефтепроводы
Газопроводы
Сельское хозяйство и пищевая про…
Непромышленные потребители
Государственные (муниципальные)…
Население и приравненные группы…
Территориальные сетевые организ…
абс.
%
Прогноз на месяц 
Ноябрь
КПО/Отпуск из сети 
Отпуск из сети, млн. кВт.ч
Организация 
Все
Прогноз электропотребления и выручки за услуги по передаче в разрезе отраслей'

16-05-2025T11:43:19 - [MESSAGE][PASSED] - Text of object 'Object Repository/Прогноз по отраслям/Виджеты дашборда' is: 'Год 
2023 год
Сравнение с 
План/СУ
Динамика электропотребления, млрд. кВт.ч., по ПАО Россети на 2023 год
10 10
181 181
36 36
15 15
9 9
14 14
4 4
16 16
86 86
19 19
79 79
586 586
10 10
197 197
37 37
48 48
10 10
15 15
4 4
18 18
80 80
19 19
82 82
608 608
СУ
Ожидаемое (прогноз до конца года)
Интер РАО(для ФСК)
Промышленныепотребители
Транспорт
Нефтедобыча
Нефтеперераб…
Нефтепроводы
Газопроводы
Сельское хозя…
Непромышлен…
Государственн…
Население иприравненныегруппыпотребителей
Территориальн…
Выручка, млрд. руб, по ПАО Россети на 2023 год
6 6
331 331
82 82
77 77
20 20
20 20
3 3
57 57
220 220
68 68
214 214
258 258
Ожидаемое (прогноз до конца года)
Интер РАО(для ФСК)
Промышленныепотребители
Транспорт
Нефтедобыча
Нефтеперераб…
Нефтепроводы
Газопроводы
Сельское хозя…
Непромышлен…
Государственн…
Население иприравненныегруппыпотребителей
Территориальн…
Отклонения по ПАО Россети на 2023 год
2.5% 2.5%
8.9% 8.9%
3.5% 3.5%
221.4% 221.4%
12.8% 12.8%
6.9% 6.9%
13.5% 13.5%
8.1% 8.1%
-6.9% -6.9%
2.3% 2.3%
3.1% 3.1%
3.8% 3.8%
⬤ Отклонение, %
Интер РАО (для ФСК)
Промышленные потребители
Транспорт
Нефтедобыча
Нефтепереработка
Нефтепроводы
Газопроводы
Сельское хозяйство и пищевая про…
Непромышленные потребители
Государственные (муниципальные)…
Население и приравненные группы…
Территориальные сетевые организ…
Выручка отклонения по ПАО Россети на 2023 год
⬤ Отклонение, %
Интер РАО (для ФСК)
Промышленные потребители
Транспорт
Нефтедобыча
Нефтепереработка
Нефтепроводы
Газопроводы
Сельское хозяйство и пищевая про…
Непромышленные потребители
Государственные (муниципальные)…
Население и приравненные группы…
Территориальные сетевые организ…
абс.
%
Прогноз на месяц 
Ноябрь
КПО/Отпуск из сети 
Отпуск из сети, млн. кВт.ч
Организация 
Все
Прогноз электропотребления и выручки за услуги по передаче в разрезе отраслей'

16-05-2025T11:43:19 - [TEST_STEP][PASSED] - b3 = b3.replaceAll("[^0-9]", ""): null

16-05-2025T11:43:19 - [TEST_STEP][PASSED] - println("b3:" + b3): null

16-05-2025T11:43:19 - [TEST_STEP][PASSED] - click(findTestObject("Прогноз по отраслям/Фильтр Сравнение с Стресс")): Object: 'Object Repository/Прогноз по отраслям/Фильтр Сравнение с Стресс' is clicked on

16-05-2025T11:43:19 - [MESSAGE][PASSED] - Object: 'Object Repository/Прогноз по отраслям/Фильтр Сравнение с Стресс' is clicked on

16-05-2025T11:43:19 - [TEST_STEP][PASSED] - click(findTestObject("Прогноз по отраслям/Факт прошлого года Стресс")): Object: 'Object Repository/Прогноз по отраслям/Факт прошлого года Стресс' is clicked on

16-05-2025T11:43:21 - [MESSAGE][PASSED] - Object: 'Object Repository/Прогноз по отраслям/Факт прошлого года Стресс' is clicked on

16-05-2025T11:43:21 - [TEST_STEP][PASSED] - click(findTestObject("Прогноз по отраслям/Фильтр КПО-Отпуск Стресс")): Object: 'Object Repository/Прогноз по отраслям/Фильтр КПО-Отпуск Стресс' is clicked on

16-05-2025T11:43:22 - [MESSAGE][PASSED] - Object: 'Object Repository/Прогноз по отраслям/Фильтр КПО-Отпуск Стресс' is clicked on

16-05-2025T11:43:22 - [TEST_STEP][PASSED] - click(findTestObject("Прогноз по отраслям/КПО Стресс")): Object: 'Object Repository/Прогноз по отраслям/КПО Стресс' is clicked on

16-05-2025T11:43:23 - [MESSAGE][PASSED] - Object: 'Object Repository/Прогноз по отраслям/КПО Стресс' is clicked on

16-05-2025T11:43:23 - [TEST_STEP][PASSED] - delay(40): Delayed 40 second(s)

16-05-2025T11:44:03 - [MESSAGE][PASSED] - Delayed 40 second(s)

16-05-2025T11:44:03 - [TEST_STEP][PASSED] - b4 = getText(findTestObject("Прогноз по отраслям/Виджеты дашборда")): Text of object 'Object Repository/Прогноз по отраслям/Виджеты дашборда' is: 'Год 
2023 год
Сравнение с 
Факт прошлого года
Динамика электропотребления, млрд. кВт.ч., по ПАО Россети на 2023 год
0 0
120 120
38 38
41 41
8 8
10 10
0 0
19 19
77 77
25 25
122 122
61 61
0 0
120 120
39 39
39 39
8 8
8 8
1 1
20 20
78 78
26 26
121 121
60 60
Факт прошлого года
Ожидаемое (прогноз до конца года)
Интер РАО(для ФСК)
Промышленныепотребители
Транспорт
Нефтедобыча
Нефтеперераб…
Нефтепроводы
Газопроводы
Сельское хозя…
Непромышлен…
Государственн…
Население иприравненныегруппыпотребителей
Территориальн…
Выручка, млрд. руб, по ПАО Россети на 2023 год
5 5
285 285
72 72
72 72
18 18
22 22
0 0
50 50
201 201
61 61
190 190
227 227
6 6
331 331
82 82
77 77
20 20
20 20
3 3
57 57
220 220
68 68
214 214
258 258
Факт прошлого года
Ожидаемое (прогноз до конца года)
Интер РАО(для ФСК)
Промышленныепотребители
Транспорт
Нефтедобыча
Нефтеперераб…
Нефтепроводы
Газопроводы
Сельское хозя…
Непромышлен…
Государственн…
Население иприравненныегруппыпотребителей
Территориальн…
Отклонения по ПАО Россети на 2023 год
0.5% 0.5%
0.9% 0.9%
-5.9% -5.9%
3.1% 3.1%
-17.9% -17.9%
578.4% 578.4%
2.3% 2.3%
1.8% 1.8%
2.1% 2.1%
-0.9% -0.9%
-0.2% -0.2%
⬤ Отклонение, %
Интер РАО (для ФСК)
Промышленные потребители
Транспорт
Нефтедобыча
Нефтепереработка
Нефтепроводы
Газопроводы
Сельское хозяйство и пищевая про…
Непромышленные потребители
Государственные (муниципальные)…
Население и приравненные группы…
Территориальные сетевые организ…
Выручка отклонения по ПАО Россети на 2023 год
7.7% 7.7%
16.0% 16.0%
13.2% 13.2%
6.7% 6.7%
13.3% 13.3%
-7.7% -7.7%
1 331.5% 1 331.5%
14.2% 14.2%
9.9% 9.9%
12.0% 12.0%
12.4% 12.4%
13.7% 13.7%
⬤ Отклонение, %
Интер РАО (для ФСК)
Промышленные потребители
Транспорт
Нефтедобыча
Нефтепереработка
Нефтепроводы
Газопроводы
Сельское хозяйство и пищевая про…
Непромышленные потребители
Государственные (муниципальные)…
Население и приравненные группы…
Территориальные сетевые организ…
абс.
%
Прогноз на месяц 
Ноябрь
КПО/Отпуск из сети 
Котловой полезный отпуск, млн. кВт.ч
Организация 
Все
Прогноз электропотребления и выручки за услуги по передаче в разрезе отраслей'

16-05-2025T11:44:04 - [MESSAGE][PASSED] - Text of object 'Object Repository/Прогноз по отраслям/Виджеты дашборда' is: 'Год 
2023 год
Сравнение с 
Факт прошлого года
Динамика электропотребления, млрд. кВт.ч., по ПАО Россети на 2023 год
0 0
120 120
38 38
41 41
8 8
10 10
0 0
19 19
77 77
25 25
122 122
61 61
0 0
120 120
39 39
39 39
8 8
8 8
1 1
20 20
78 78
26 26
121 121
60 60
Факт прошлого года
Ожидаемое (прогноз до конца года)
Интер РАО(для ФСК)
Промышленныепотребители
Транспорт
Нефтедобыча
Нефтеперераб…
Нефтепроводы
Газопроводы
Сельское хозя…
Непромышлен…
Государственн…
Население иприравненныегруппыпотребителей
Территориальн…
Выручка, млрд. руб, по ПАО Россети на 2023 год
5 5
285 285
72 72
72 72
18 18
22 22
0 0
50 50
201 201
61 61
190 190
227 227
6 6
331 331
82 82
77 77
20 20
20 20
3 3
57 57
220 220
68 68
214 214
258 258
Факт прошлого года
Ожидаемое (прогноз до конца года)
Интер РАО(для ФСК)
Промышленныепотребители
Транспорт
Нефтедобыча
Нефтеперераб…
Нефтепроводы
Газопроводы
Сельское хозя…
Непромышлен…
Государственн…
Население иприравненныегруппыпотребителей
Территориальн…
Отклонения по ПАО Россети на 2023 год
0.5% 0.5%
0.9% 0.9%
-5.9% -5.9%
3.1% 3.1%
-17.9% -17.9%
578.4% 578.4%
2.3% 2.3%
1.8% 1.8%
2.1% 2.1%
-0.9% -0.9%
-0.2% -0.2%
⬤ Отклонение, %
Интер РАО (для ФСК)
Промышленные потребители
Транспорт
Нефтедобыча
Нефтепереработка
Нефтепроводы
Газопроводы
Сельское хозяйство и пищевая про…
Непромышленные потребители
Государственные (муниципальные)…
Население и приравненные группы…
Территориальные сетевые организ…
Выручка отклонения по ПАО Россети на 2023 год
7.7% 7.7%
16.0% 16.0%
13.2% 13.2%
6.7% 6.7%
13.3% 13.3%
-7.7% -7.7%
1 331.5% 1 331.5%
14.2% 14.2%
9.9% 9.9%
12.0% 12.0%
12.4% 12.4%
13.7% 13.7%
⬤ Отклонение, %
Интер РАО (для ФСК)
Промышленные потребители
Транспорт
Нефтедобыча
Нефтепереработка
Нефтепроводы
Газопроводы
Сельское хозяйство и пищевая про…
Непромышленные потребители
Государственные (муниципальные)…
Население и приравненные группы…
Территориальные сетевые организ…
абс.
%
Прогноз на месяц 
Ноябрь
КПО/Отпуск из сети 
Котловой полезный отпуск, млн. кВт.ч
Организация 
Все
Прогноз электропотребления и выручки за услуги по передаче в разрезе отраслей'

16-05-2025T11:44:04 - [TEST_STEP][PASSED] - b4 = b4.replaceAll("[^0-9]", ""): null

16-05-2025T11:44:04 - [TEST_STEP][PASSED] - println("b4:" + b4): null

16-05-2025T11:44:04 - [TEST_STEP][PASSED] - click(findTestObject("Прогноз по отраслям/Фильтр Сравнение с Стресс")): Object: 'Object Repository/Прогноз по отраслям/Фильтр Сравнение с Стресс' is clicked on

16-05-2025T11:44:04 - [MESSAGE][PASSED] - Object: 'Object Repository/Прогноз по отраслям/Фильтр Сравнение с Стресс' is clicked on

16-05-2025T11:44:04 - [TEST_STEP][PASSED] - click(findTestObject("Прогноз по отраслям/План Стресс")): Object: 'Object Repository/Прогноз по отраслям/План Стресс' is clicked on

16-05-2025T11:44:05 - [MESSAGE][PASSED] - Object: 'Object Repository/Прогноз по отраслям/План Стресс' is clicked on

16-05-2025T11:44:05 - [TEST_STEP][PASSED] - delay(40): Delayed 40 second(s)

16-05-2025T11:44:45 - [MESSAGE][PASSED] - Delayed 40 second(s)

16-05-2025T11:44:45 - [TEST_STEP][PASSED] - b5 = getText(findTestObject("Прогноз по отраслям/Виджеты дашборда")): Text of object 'Object Repository/Прогноз по отраслям/Виджеты дашборда' is: 'Год 
2023 год
Сравнение с 
План
Динамика электропотребления, млрд. кВт.ч., по ПАО Россети на 2023 год
0 0
119 119
37 37
7 7
7 7
8 8
1 1
19 19
75 75
25 25
123 123
55 55
0 0
120 120
39 39
39 39
8 8
8 8
1 1
20 20
78 78
26 26
121 121
60 60
План
Ожидаемое (прогноз до конца года)
Интер РАО(для ФСК)
Промышленныепотребители
Транспорт
Нефтедобыча
Нефтеперераб…
Нефтепроводы
Газопроводы
Сельское хозя…
Непромышлен…
Государственн…
Население иприравненныегруппыпотребителей
Территориальн…
Выручка, млрд. руб, по ПАО Россети на 2023 год
5 5
319 319
81 81
16 16
16 16
20 20
2 2
56 56
215 215
67 67
218 218
239 239
6 6
331 331
82 82
77 77
20 20
20 20
3 3
57 57
220 220
68 68
214 214
258 258
План
Ожидаемое (прогноз до конца года)
Интер РАО(для ФСК)
Промышленныепотребители
Транспорт
Нефтедобыча
Нефтеперераб…
Нефтепроводы
Газопроводы
Сельское хозя…
Непромышлен…
Государственн…
Население иприравненныегруппыпотребителей
Территориальн…
Отклонения по ПАО Россети на 2023 год
1.2% 1.2%
3.2% 3.2%
492.1% 492.1%
18.1% 18.1%
4.4% 4.4%
11.9% 11.9%
1.2% 1.2%
4.1% 4.1%
2.4% 2.4%
-1.4% -1.4%
9.7% 9.7%
⬤ Отклонение, %
Интер РАО (для ФСК)
Промышленные потребители
Транспорт
Нефтедобыча
Нефтепереработка
Нефтепроводы
Газопроводы
Сельское хозяйство и пищевая про…
Непромышленные потребители
Государственные (муниципальные)…
Население и приравненные группы…
Территориальные сетевые организ…
Выручка отклонения по ПАО Россети на 2023 год
15.6% 15.6%
3.8% 3.8%
1.2% 1.2%
398.2% 398.2%
26.9% 26.9%
-0.6% -0.6%
26.9% 26.9%
1.5% 1.5%
2.7% 2.7%
2.0% 2.0%
-2.0% -2.0%
7.9% 7.9%
⬤ Отклонение, %
Интер РАО (для ФСК)
Промышленные потребители
Транспорт
Нефтедобыча
Нефтепереработка
Нефтепроводы
Газопроводы
Сельское хозяйство и пищевая про…
Непромышленные потребители
Государственные (муниципальные)…
Население и приравненные группы…
Территориальные сетевые организ…
абс.
%
Прогноз на месяц 
Ноябрь
КПО/Отпуск из сети 
Котловой полезный отпуск, млн. кВт.ч
Организация 
Все
Прогноз электропотребления и выручки за услуги по передаче в разрезе отраслей'

16-05-2025T11:44:46 - [MESSAGE][PASSED] - Text of object 'Object Repository/Прогноз по отраслям/Виджеты дашборда' is: 'Год 
2023 год
Сравнение с 
План
Динамика электропотребления, млрд. кВт.ч., по ПАО Россети на 2023 год
0 0
119 119
37 37
7 7
7 7
8 8
1 1
19 19
75 75
25 25
123 123
55 55
0 0
120 120
39 39
39 39
8 8
8 8
1 1
20 20
78 78
26 26
121 121
60 60
План
Ожидаемое (прогноз до конца года)
Интер РАО(для ФСК)
Промышленныепотребители
Транспорт
Нефтедобыча
Нефтеперераб…
Нефтепроводы
Газопроводы
Сельское хозя…
Непромышлен…
Государственн…
Население иприравненныегруппыпотребителей
Территориальн…
Выручка, млрд. руб, по ПАО Россети на 2023 год
5 5
319 319
81 81
16 16
16 16
20 20
2 2
56 56
215 215
67 67
218 218
239 239
6 6
331 331
82 82
77 77
20 20
20 20
3 3
57 57
220 220
68 68
214 214
258 258
План
Ожидаемое (прогноз до конца года)
Интер РАО(для ФСК)
Промышленныепотребители
Транспорт
Нефтедобыча
Нефтеперераб…
Нефтепроводы
Газопроводы
Сельское хозя…
Непромышлен…
Государственн…
Население иприравненныегруппыпотребителей
Территориальн…
Отклонения по ПАО Россети на 2023 год
1.2% 1.2%
3.2% 3.2%
492.1% 492.1%
18.1% 18.1%
4.4% 4.4%
11.9% 11.9%
1.2% 1.2%
4.1% 4.1%
2.4% 2.4%
-1.4% -1.4%
9.7% 9.7%
⬤ Отклонение, %
Интер РАО (для ФСК)
Промышленные потребители
Транспорт
Нефтедобыча
Нефтепереработка
Нефтепроводы
Газопроводы
Сельское хозяйство и пищевая про…
Непромышленные потребители
Государственные (муниципальные)…
Население и приравненные группы…
Территориальные сетевые организ…
Выручка отклонения по ПАО Россети на 2023 год
15.6% 15.6%
3.8% 3.8%
1.2% 1.2%
398.2% 398.2%
26.9% 26.9%
-0.6% -0.6%
26.9% 26.9%
1.5% 1.5%
2.7% 2.7%
2.0% 2.0%
-2.0% -2.0%
7.9% 7.9%
⬤ Отклонение, %
Интер РАО (для ФСК)
Промышленные потребители
Транспорт
Нефтедобыча
Нефтепереработка
Нефтепроводы
Газопроводы
Сельское хозяйство и пищевая про…
Непромышленные потребители
Государственные (муниципальные)…
Население и приравненные группы…
Территориальные сетевые организ…
абс.
%
Прогноз на месяц 
Ноябрь
КПО/Отпуск из сети 
Котловой полезный отпуск, млн. кВт.ч
Организация 
Все
Прогноз электропотребления и выручки за услуги по передаче в разрезе отраслей'

16-05-2025T11:44:46 - [TEST_STEP][PASSED] - println("b5:" + b5): null

16-05-2025T11:44:46 - [TEST_STEP][PASSED] - b5 = b5.replaceAll("[^0-9]", ""): null

16-05-2025T11:44:46 - [TEST_STEP][PASSED] - println("b5:" + b5): null

16-05-2025T11:44:46 - [TEST_STEP][PASSED] - click(findTestObject("Прогноз по отраслям/Фильтр Сравнение с Стресс")): Object: 'Object Repository/Прогноз по отраслям/Фильтр Сравнение с Стресс' is clicked on

16-05-2025T11:44:46 - [MESSAGE][PASSED] - Object: 'Object Repository/Прогноз по отраслям/Фильтр Сравнение с Стресс' is clicked on

16-05-2025T11:44:46 - [TEST_STEP][PASSED] - click(findTestObject("Прогноз по отраслям/План СУ Стресс")): Object: 'Object Repository/Прогноз по отраслям/План СУ Стресс' is clicked on

16-05-2025T11:44:48 - [MESSAGE][PASSED] - Object: 'Object Repository/Прогноз по отраслям/План СУ Стресс' is clicked on

16-05-2025T11:44:48 - [TEST_STEP][PASSED] - delay(40): Delayed 40 second(s)

16-05-2025T11:45:28 - [MESSAGE][PASSED] - Delayed 40 second(s)

16-05-2025T11:45:28 - [TEST_STEP][PASSED] - b6 = getText(findTestObject("Прогноз по отраслям/Виджеты дашборда")): Text of object 'Object Repository/Прогноз по отраслям/Виджеты дашборда' is: 'Год 
2023 год
Сравнение с 
План/СУ
Динамика электропотребления, млрд. кВт.ч., по ПАО Россети на 2023 год
0 0
0 0
0 0
0 0
0 0
0 0
0 0
0 0
0 0
0 0
0 0
0 0
0 0
120 120
39 39
39 39
8 8
8 8
1 1
20 20
78 78
26 26
121 121
60 60
СУ
Ожидаемое (прогноз до конца года)
Интер РАО(для ФСК)
Промышленныепотребители
Транспорт
Нефтедобыча
Нефтеперераб…
Нефтепроводы
Газопроводы
Сельское хозя…
Непромышлен…
Государственн…
Население иприравненныегруппыпотребителей
Территориальн…
Выручка, млрд. руб, по ПАО Россети на 2023 год
6 6
331 331
82 82
77 77
20 20
20 20
3 3
57 57
220 220
68 68
214 214
258 258
Ожидаемое (прогноз до конца года)
Интер РАО(для ФСК)
Промышленныепотребители
Транспорт
Нефтедобыча
Нефтеперераб…
Нефтепроводы
Газопроводы
Сельское хозя…
Непромышлен…
Государственн…
Население иприравненныегруппыпотребителей
Территориальн…
Отклонения по ПАО Россети на 2023 год
⬤ Отклонение, %
Интер РАО (для ФСК)
Промышленные потребители
Транспорт
Нефтедобыча
Нефтепереработка
Нефтепроводы
Газопроводы
Сельское хозяйство и пищевая про…
Непромышленные потребители
Государственные (муниципальные)…
Население и приравненные группы…
Территориальные сетевые организ…
Выручка отклонения по ПАО Россети на 2023 год
⬤ Отклонение, %
Интер РАО (для ФСК)
Промышленные потребители
Транспорт
Нефтедобыча
Нефтепереработка
Нефтепроводы
Газопроводы
Сельское хозяйство и пищевая про…
Непромышленные потребители
Государственные (муниципальные)…
Население и приравненные группы…
Территориальные сетевые организ…
абс.
%
Прогноз на месяц 
Ноябрь
КПО/Отпуск из сети 
Котловой полезный отпуск, млн. кВт.ч
Организация 
Все
Прогноз электропотребления и выручки за услуги по передаче в разрезе отраслей'

16-05-2025T11:45:28 - [MESSAGE][PASSED] - Text of object 'Object Repository/Прогноз по отраслям/Виджеты дашборда' is: 'Год 
2023 год
Сравнение с 
План/СУ
Динамика электропотребления, млрд. кВт.ч., по ПАО Россети на 2023 год
0 0
0 0
0 0
0 0
0 0
0 0
0 0
0 0
0 0
0 0
0 0
0 0
0 0
120 120
39 39
39 39
8 8
8 8
1 1
20 20
78 78
26 26
121 121
60 60
СУ
Ожидаемое (прогноз до конца года)
Интер РАО(для ФСК)
Промышленныепотребители
Транспорт
Нефтедобыча
Нефтеперераб…
Нефтепроводы
Газопроводы
Сельское хозя…
Непромышлен…
Государственн…
Население иприравненныегруппыпотребителей
Территориальн…
Выручка, млрд. руб, по ПАО Россети на 2023 год
6 6
331 331
82 82
77 77
20 20
20 20
3 3
57 57
220 220
68 68
214 214
258 258
Ожидаемое (прогноз до конца года)
Интер РАО(для ФСК)
Промышленныепотребители
Транспорт
Нефтедобыча
Нефтеперераб…
Нефтепроводы
Газопроводы
Сельское хозя…
Непромышлен…
Государственн…
Население иприравненныегруппыпотребителей
Территориальн…
Отклонения по ПАО Россети на 2023 год
⬤ Отклонение, %
Интер РАО (для ФСК)
Промышленные потребители
Транспорт
Нефтедобыча
Нефтепереработка
Нефтепроводы
Газопроводы
Сельское хозяйство и пищевая про…
Непромышленные потребители
Государственные (муниципальные)…
Население и приравненные группы…
Территориальные сетевые организ…
Выручка отклонения по ПАО Россети на 2023 год
⬤ Отклонение, %
Интер РАО (для ФСК)
Промышленные потребители
Транспорт
Нефтедобыча
Нефтепереработка
Нефтепроводы
Газопроводы
Сельское хозяйство и пищевая про…
Непромышленные потребители
Государственные (муниципальные)…
Население и приравненные группы…
Территориальные сетевые организ…
абс.
%
Прогноз на месяц 
Ноябрь
КПО/Отпуск из сети 
Котловой полезный отпуск, млн. кВт.ч
Организация 
Все
Прогноз электропотребления и выручки за услуги по передаче в разрезе отраслей'

16-05-2025T11:45:28 - [TEST_STEP][PASSED] - b6 = b6.replaceAll("[^0-9]", ""): null

16-05-2025T11:45:28 - [TEST_STEP][PASSED] - println("b6:" + b6): null

16-05-2025T11:45:28 - [TEST_STEP][PASSED] - click(findTestObject("Прогноз по отраслям/Переключить отображение с процентов на абс Стресс-сценарий")): Object: 'Object Repository/Прогноз по отраслям/Переключить отображение с процентов на абс Стресс-сценарий' is clicked on

16-05-2025T11:45:29 - [MESSAGE][PASSED] - Object: 'Object Repository/Прогноз по отраслям/Переключить отображение с процентов на абс Стресс-сценарий' is clicked on

16-05-2025T11:45:29 - [TEST_STEP][PASSED] - click(findTestObject("Прогноз по отраслям/Фильтр Сравнение с Стресс")): Object: 'Object Repository/Прогноз по отраслям/Фильтр Сравнение с Стресс' is clicked on

16-05-2025T11:45:29 - [MESSAGE][PASSED] - Object: 'Object Repository/Прогноз по отраслям/Фильтр Сравнение с Стресс' is clicked on

16-05-2025T11:45:29 - [TEST_STEP][PASSED] - click(findTestObject("Прогноз по отраслям/Факт прошлого года Стресс")): Object: 'Object Repository/Прогноз по отраслям/Факт прошлого года Стресс' is clicked on

16-05-2025T11:45:30 - [MESSAGE][PASSED] - Object: 'Object Repository/Прогноз по отраслям/Факт прошлого года Стресс' is clicked on

16-05-2025T11:45:30 - [TEST_STEP][PASSED] - click(findTestObject("Прогноз по отраслям/Фильтр КПО-Отпуск Стресс")): Object: 'Object Repository/Прогноз по отраслям/Фильтр КПО-Отпуск Стресс' is clicked on

16-05-2025T11:45:31 - [MESSAGE][PASSED] - Object: 'Object Repository/Прогноз по отраслям/Фильтр КПО-Отпуск Стресс' is clicked on

16-05-2025T11:45:31 - [TEST_STEP][PASSED] - click(findTestObject("Прогноз по отраслям/Отпуск Стресс")): Object: 'Object Repository/Прогноз по отраслям/Отпуск Стресс' is clicked on

16-05-2025T11:45:32 - [MESSAGE][PASSED] - Object: 'Object Repository/Прогноз по отраслям/Отпуск Стресс' is clicked on

16-05-2025T11:45:32 - [TEST_STEP][PASSED] - delay(40): Delayed 40 second(s)

16-05-2025T11:46:12 - [MESSAGE][PASSED] - Delayed 40 second(s)

16-05-2025T11:46:12 - [TEST_STEP][PASSED] - b7 = getText(findTestObject("Прогноз по отраслям/Виджеты дашборда")): Text of object 'Object Repository/Прогноз по отраслям/Виджеты дашборда' is: 'Год 
2023 год
Сравнение с 
Факт прошлого года
Отклонения по ПАО Россети на 2023 год
-2 263.5 -2 263.5
11 054.6 11 054.6
1 280.2 1 280.2
-1 947.5 -1 947.5
90.9 90.9
-3 845.0 -3 845.0
4 162.1 4 162.1
651.7 651.7
-4 727.7 -4 727.7
256.5 256.5
-723.9 -723.9
4 292.3 4 292.3
⬤ Отклонение, млн. кВт.ч
Интер РАО (для ФСК)
Промышленные потребители
Транспорт
Нефтедобыча
Нефтепереработка
Нефтепроводы
Газопроводы
Сельское хозяйство и пищевая про…
Непромышленные потребители
Государственные (муниципальные…
Население и приравненные группы…
Территориальные сетевые организ…
Выручка отклонения по ПАО Россети на 2023 год
421.3 421.3
45 574.9 45 574.9
9 547.5 9 547.5
4 889.3 4 889.3
2 337.4 2 337.4
-1 682.6 -1 682.6
2 919.4 2 919.4
7 110.2 7 110.2
19 840.8 19 840.8
7 289.5 7 289.5
23 664.8 23 664.8
31 028.3 31 028.3
⬤ Отклонение, млн. руб
Интер РАО (для ФСК)
Промышленные потребители
Транспорт
Нефтедобыча
Нефтепереработка
Нефтепроводы
Газопроводы
Сельское хозяйство и пищевая про…
Непромышленные потребители
Государственные (муниципальные…
Население и приравненные группы…
Территориальные сетевые организ…
Динамика электропотребления, млрд. кВт.ч., по ПАО Россети на 2023 год
12 12
186 186
36 36
50 50
10 10
19 19
0 0
17 17
85 85
19 19
82 82
604 604
10 10
197 197
37 37
48 48
10 10
15 15
4 4
18 18
80 80
19 19
82 82
608 608
Факт прошлого года
Ожидаемое (прогноз до конца года)
Интер РАО(для ФСК)
Промышленныепотребители
Транспорт
Нефтедобыча
Нефтеперераб…
Нефтепроводы
Газопроводы
Сельское хозя…
Непромышлен…
Государственн…
Население иприравненныегруппыпотребителей
Территориальн…
Выручка, млрд. руб, по ПАО Россети на 2023 год
5 5
285 285
72 72
72 72
18 18
22 22
0 0
50 50
201 201
61 61
190 190
227 227
6 6
331 331
82 82
77 77
20 20
20 20
3 3
57 57
220 220
68 68
214 214
258 258
Факт прошлого года
Ожидаемое (прогноз до конца года)
Интер РАО(для ФСК)
Промышленныепотребители
Транспорт
Нефтедобыча
Нефтеперераб…
Нефтепроводы
Газопроводы
Сельское хозя…
Непромышлен…
Государственн…
Население иприравненныегруппыпотребителей
Территориальн…
абс.
%
Прогноз на месяц 
Ноябрь
КПО/Отпуск из сети 
Отпуск из сети, млн. кВт.ч
Организация 
Все
Прогноз электропотребления и выручки за услуги по передаче в разрезе отраслей'

16-05-2025T11:46:13 - [MESSAGE][PASSED] - Text of object 'Object Repository/Прогноз по отраслям/Виджеты дашборда' is: 'Год 
2023 год
Сравнение с 
Факт прошлого года
Отклонения по ПАО Россети на 2023 год
-2 263.5 -2 263.5
11 054.6 11 054.6
1 280.2 1 280.2
-1 947.5 -1 947.5
90.9 90.9
-3 845.0 -3 845.0
4 162.1 4 162.1
651.7 651.7
-4 727.7 -4 727.7
256.5 256.5
-723.9 -723.9
4 292.3 4 292.3
⬤ Отклонение, млн. кВт.ч
Интер РАО (для ФСК)
Промышленные потребители
Транспорт
Нефтедобыча
Нефтепереработка
Нефтепроводы
Газопроводы
Сельское хозяйство и пищевая про…
Непромышленные потребители
Государственные (муниципальные…
Население и приравненные группы…
Территориальные сетевые организ…
Выручка отклонения по ПАО Россети на 2023 год
421.3 421.3
45 574.9 45 574.9
9 547.5 9 547.5
4 889.3 4 889.3
2 337.4 2 337.4
-1 682.6 -1 682.6
2 919.4 2 919.4
7 110.2 7 110.2
19 840.8 19 840.8
7 289.5 7 289.5
23 664.8 23 664.8
31 028.3 31 028.3
⬤ Отклонение, млн. руб
Интер РАО (для ФСК)
Промышленные потребители
Транспорт
Нефтедобыча
Нефтепереработка
Нефтепроводы
Газопроводы
Сельское хозяйство и пищевая про…
Непромышленные потребители
Государственные (муниципальные…
Население и приравненные группы…
Территориальные сетевые организ…
Динамика электропотребления, млрд. кВт.ч., по ПАО Россети на 2023 год
12 12
186 186
36 36
50 50
10 10
19 19
0 0
17 17
85 85
19 19
82 82
604 604
10 10
197 197
37 37
48 48
10 10
15 15
4 4
18 18
80 80
19 19
82 82
608 608
Факт прошлого года
Ожидаемое (прогноз до конца года)
Интер РАО(для ФСК)
Промышленныепотребители
Транспорт
Нефтедобыча
Нефтеперераб…
Нефтепроводы
Газопроводы
Сельское хозя…
Непромышлен…
Государственн…
Население иприравненныегруппыпотребителей
Территориальн…
Выручка, млрд. руб, по ПАО Россети на 2023 год
5 5
285 285
72 72
72 72
18 18
22 22
0 0
50 50
201 201
61 61
190 190
227 227
6 6
331 331
82 82
77 77
20 20
20 20
3 3
57 57
220 220
68 68
214 214
258 258
Факт прошлого года
Ожидаемое (прогноз до конца года)
Интер РАО(для ФСК)
Промышленныепотребители
Транспорт
Нефтедобыча
Нефтеперераб…
Нефтепроводы
Газопроводы
Сельское хозя…
Непромышлен…
Государственн…
Население иприравненныегруппыпотребителей
Территориальн…
абс.
%
Прогноз на месяц 
Ноябрь
КПО/Отпуск из сети 
Отпуск из сети, млн. кВт.ч
Организация 
Все
Прогноз электропотребления и выручки за услуги по передаче в разрезе отраслей'

16-05-2025T11:46:13 - [TEST_STEP][PASSED] - b7 = b7.replaceAll("[^0-9]", ""): null

16-05-2025T11:46:13 - [TEST_STEP][PASSED] - println("b7:" + b7): null

16-05-2025T11:46:13 - [TEST_STEP][PASSED] - click(findTestObject("Прогноз по отраслям/Фильтр Сравнение с Стресс")): Object: 'Object Repository/Прогноз по отраслям/Фильтр Сравнение с Стресс' is clicked on

16-05-2025T11:46:13 - [MESSAGE][PASSED] - Object: 'Object Repository/Прогноз по отраслям/Фильтр Сравнение с Стресс' is clicked on

16-05-2025T11:46:13 - [TEST_STEP][PASSED] - click(findTestObject("Прогноз по отраслям/План Стресс")): Object: 'Object Repository/Прогноз по отраслям/План Стресс' is clicked on

16-05-2025T11:46:15 - [MESSAGE][PASSED] - Object: 'Object Repository/Прогноз по отраслям/План Стресс' is clicked on

16-05-2025T11:46:15 - [TEST_STEP][PASSED] - delay(40): Delayed 40 second(s)

16-05-2025T11:46:55 - [MESSAGE][PASSED] - Delayed 40 second(s)

16-05-2025T11:46:55 - [TEST_STEP][PASSED] - b8 = getText(findTestObject("Прогноз по отраслям/Виджеты дашборда")): Text of object 'Object Repository/Прогноз по отраслям/Виджеты дашборда' is: 'Год 
2023 год
Сравнение с 
План
Отклонения по ПАО Россети на 2023 год
-492.2 -492.2
7 165.1 7 165.1
689.3 689.3
33 271.7 33 271.7
986.4 986.4
593.8 593.8
764.0 764.0
670.4 670.4
-592.4 -592.4
308.8 308.8
-940.9 -940.9
19 604.1 19 604.1
⬤ Отклонение, млн. кВт.ч
Интер РАО (для ФСК)
Промышленные потребители
Транспорт
Нефтедобыча
Нефтепереработка
Нефтепроводы
Газопроводы
Сельское хозяйство и пищевая про…
Непромышленные потребители
Государственные (муниципальные…
Население и приравненные группы…
Территориальные сетевые организ…
Выручка отклонения по ПАО Россети на 2023 год
794.9 794.9
12 195.0 12 195.0
972.7 972.7
61 803.9 61 803.9
4 222.3 4 222.3
-121.8 -121.8
666.2 666.2
873.2 873.2
5 809.6 5 809.6
1 342.6 1 342.6
-4 463.2 -4 463.2
18 375.5 18 375.5
⬤ Отклонение, млн. руб
Интер РАО (для ФСК)
Промышленные потребители
Транспорт
Нефтедобыча
Нефтепереработка
Нефтепроводы
Газопроводы
Сельское хозяйство и пищевая про…
Непромышленные потребители
Государственные (муниципальные…
Население и приравненные группы…
Территориальные сетевые организ…
Динамика электропотребления, млрд. кВт.ч., по ПАО Россети на 2023 год
10 10
190 190
36 36
14 14
9 9
14 14
4 4
17 17
80 80
19 19
82 82
588 588
10 10
197 197
37 37
48 48
10 10
15 15
4 4
18 18
80 80
19 19
82 82
608 608
План
Ожидаемое (прогноз до конца года)
Интер РАО(для ФСК)
Промышленныепотребители
Транспорт
Нефтедобыча
Нефтеперераб…
Нефтепроводы
Газопроводы
Сельское хозя…
Непромышлен…
Государственн…
Население иприравненныегруппыпотребителей
Территориальн…
Выручка, млрд. руб, по ПАО Россети на 2023 год
5 5
319 319
81 81
16 16
16 16
20 20
2 2
56 56
215 215
67 67
218 218
239 239
6 6
331 331
82 82
77 77
20 20
20 20
3 3
57 57
220 220
68 68
214 214
258 258
План
Ожидаемое (прогноз до конца года)
Интер РАО(для ФСК)
Промышленныепотребители
Транспорт
Нефтедобыча
Нефтеперераб…
Нефтепроводы
Газопроводы
Сельское хозя…
Непромышлен…
Государственн…
Население иприравненныегруппыпотребителей
Территориальн…
абс.
%
Прогноз на месяц 
Ноябрь
КПО/Отпуск из сети 
Отпуск из сети, млн. кВт.ч
Организация 
Все
Прогноз электропотребления и выручки за услуги по передаче в разрезе отраслей'

16-05-2025T11:46:55 - [MESSAGE][PASSED] - Text of object 'Object Repository/Прогноз по отраслям/Виджеты дашборда' is: 'Год 
2023 год
Сравнение с 
План
Отклонения по ПАО Россети на 2023 год
-492.2 -492.2
7 165.1 7 165.1
689.3 689.3
33 271.7 33 271.7
986.4 986.4
593.8 593.8
764.0 764.0
670.4 670.4
-592.4 -592.4
308.8 308.8
-940.9 -940.9
19 604.1 19 604.1
⬤ Отклонение, млн. кВт.ч
Интер РАО (для ФСК)
Промышленные потребители
Транспорт
Нефтедобыча
Нефтепереработка
Нефтепроводы
Газопроводы
Сельское хозяйство и пищевая про…
Непромышленные потребители
Государственные (муниципальные…
Население и приравненные группы…
Территориальные сетевые организ…
Выручка отклонения по ПАО Россети на 2023 год
794.9 794.9
12 195.0 12 195.0
972.7 972.7
61 803.9 61 803.9
4 222.3 4 222.3
-121.8 -121.8
666.2 666.2
873.2 873.2
5 809.6 5 809.6
1 342.6 1 342.6
-4 463.2 -4 463.2
18 375.5 18 375.5
⬤ Отклонение, млн. руб
Интер РАО (для ФСК)
Промышленные потребители
Транспорт
Нефтедобыча
Нефтепереработка
Нефтепроводы
Газопроводы
Сельское хозяйство и пищевая про…
Непромышленные потребители
Государственные (муниципальные…
Население и приравненные группы…
Территориальные сетевые организ…
Динамика электропотребления, млрд. кВт.ч., по ПАО Россети на 2023 год
10 10
190 190
36 36
14 14
9 9
14 14
4 4
17 17
80 80
19 19
82 82
588 588
10 10
197 197
37 37
48 48
10 10
15 15
4 4
18 18
80 80
19 19
82 82
608 608
План
Ожидаемое (прогноз до конца года)
Интер РАО(для ФСК)
Промышленныепотребители
Транспорт
Нефтедобыча
Нефтеперераб…
Нефтепроводы
Газопроводы
Сельское хозя…
Непромышлен…
Государственн…
Население иприравненныегруппыпотребителей
Территориальн…
Выручка, млрд. руб, по ПАО Россети на 2023 год
5 5
319 319
81 81
16 16
16 16
20 20
2 2
56 56
215 215
67 67
218 218
239 239
6 6
331 331
82 82
77 77
20 20
20 20
3 3
57 57
220 220
68 68
214 214
258 258
План
Ожидаемое (прогноз до конца года)
Интер РАО(для ФСК)
Промышленныепотребители
Транспорт
Нефтедобыча
Нефтеперераб…
Нефтепроводы
Газопроводы
Сельское хозя…
Непромышлен…
Государственн…
Население иприравненныегруппыпотребителей
Территориальн…
абс.
%
Прогноз на месяц 
Ноябрь
КПО/Отпуск из сети 
Отпуск из сети, млн. кВт.ч
Организация 
Все
Прогноз электропотребления и выручки за услуги по передаче в разрезе отраслей'

16-05-2025T11:46:55 - [TEST_STEP][PASSED] - b8 = b8.replaceAll("[^0-9]", ""): null

16-05-2025T11:46:55 - [TEST_STEP][PASSED] - println("b8:" + b8): null

16-05-2025T11:46:55 - [TEST_STEP][PASSED] - click(findTestObject("Прогноз по отраслям/Фильтр Сравнение с Стресс")): Object: 'Object Repository/Прогноз по отраслям/Фильтр Сравнение с Стресс' is clicked on

16-05-2025T11:46:56 - [MESSAGE][PASSED] - Object: 'Object Repository/Прогноз по отраслям/Фильтр Сравнение с Стресс' is clicked on

16-05-2025T11:46:56 - [TEST_STEP][PASSED] - click(findTestObject("Прогноз по отраслям/План СУ Стресс")): Object: 'Object Repository/Прогноз по отраслям/План СУ Стресс' is clicked on

16-05-2025T11:46:57 - [MESSAGE][PASSED] - Object: 'Object Repository/Прогноз по отраслям/План СУ Стресс' is clicked on

16-05-2025T11:46:57 - [TEST_STEP][PASSED] - delay(40): Delayed 40 second(s)

16-05-2025T11:47:37 - [MESSAGE][PASSED] - Delayed 40 second(s)

16-05-2025T11:47:37 - [TEST_STEP][PASSED] - b9 = getText(findTestObject("Прогноз по отраслям/Виджеты дашборда")): Text of object 'Object Repository/Прогноз по отраслям/Виджеты дашборда' is: 'Год 
2023 год
Сравнение с 
План/СУ
Отклонения по ПАО Россети на 2023 год
243.5 243.5
16 024.4 16 024.4
1 255.1 1 255.1
32 869.9 32 869.9
1 135.7 1 135.7
950.0 950.0
511.1 511.1
1 324.2 1 324.2
-5 962.8 -5 962.8
433.5 433.5
2 431.5 2 431.5
22 321.4 22 321.4
⬤ Отклонение, млн. кВт.ч
Интер РАО (для ФСК)
Промышленные потребители
Транспорт
Нефтедобыча
Нефтепереработка
Нефтепроводы
Газопроводы
Сельское хозяйство и пищевая про…
Непромышленные потребители
Государственные (муниципальные…
Население и приравненные группы…
Территориальные сетевые организ…
Выручка отклонения по ПАО Россети на 2023 год
⬤ Отклонение, млн. руб
Интер РАО (для ФСК)
Промышленные потребители
Транспорт
Нефтедобыча
Нефтепереработка
Нефтепроводы
Газопроводы
Сельское хозяйство и пищевая про…
Непромышленные потребители
Государственные (муниципальные…
Население и приравненные группы…
Территориальные сетевые организ…
Динамика электропотребления, млрд. кВт.ч., по ПАО Россети на 2023 год
10 10
181 181
36 36
15 15
9 9
14 14
4 4
16 16
86 86
19 19
79 79
586 586
10 10
197 197
37 37
48 48
10 10
15 15
4 4
18 18
80 80
19 19
82 82
608 608
СУ
Ожидаемое (прогноз до конца года)
Интер РАО(для ФСК)
Промышленныепотребители
Транспорт
Нефтедобыча
Нефтеперераб…
Нефтепроводы
Газопроводы
Сельское хозя…
Непромышлен…
Государственн…
Население иприравненныегруппыпотребителей
Территориальн…
Выручка, млрд. руб, по ПАО Россети на 2023 год
6 6
331 331
82 82
77 77
20 20
20 20
3 3
57 57
220 220
68 68
214 214
258 258
Ожидаемое (прогноз до конца года)
Интер РАО(для ФСК)
Промышленныепотребители
Транспорт
Нефтедобыча
Нефтеперераб…
Нефтепроводы
Газопроводы
Сельское хозя…
Непромышлен…
Государственн…
Население иприравненныегруппыпотребителей
Территориальн…
абс.
%
Прогноз на месяц 
Ноябрь
КПО/Отпуск из сети 
Отпуск из сети, млн. кВт.ч
Организация 
Все
Прогноз электропотребления и выручки за услуги по передаче в разрезе отраслей'

16-05-2025T11:47:38 - [MESSAGE][PASSED] - Text of object 'Object Repository/Прогноз по отраслям/Виджеты дашборда' is: 'Год 
2023 год
Сравнение с 
План/СУ
Отклонения по ПАО Россети на 2023 год
243.5 243.5
16 024.4 16 024.4
1 255.1 1 255.1
32 869.9 32 869.9
1 135.7 1 135.7
950.0 950.0
511.1 511.1
1 324.2 1 324.2
-5 962.8 -5 962.8
433.5 433.5
2 431.5 2 431.5
22 321.4 22 321.4
⬤ Отклонение, млн. кВт.ч
Интер РАО (для ФСК)
Промышленные потребители
Транспорт
Нефтедобыча
Нефтепереработка
Нефтепроводы
Газопроводы
Сельское хозяйство и пищевая про…
Непромышленные потребители
Государственные (муниципальные…
Население и приравненные группы…
Территориальные сетевые организ…
Выручка отклонения по ПАО Россети на 2023 год
⬤ Отклонение, млн. руб
Интер РАО (для ФСК)
Промышленные потребители
Транспорт
Нефтедобыча
Нефтепереработка
Нефтепроводы
Газопроводы
Сельское хозяйство и пищевая про…
Непромышленные потребители
Государственные (муниципальные…
Население и приравненные группы…
Территориальные сетевые организ…
Динамика электропотребления, млрд. кВт.ч., по ПАО Россети на 2023 год
10 10
181 181
36 36
15 15
9 9
14 14
4 4
16 16
86 86
19 19
79 79
586 586
10 10
197 197
37 37
48 48
10 10
15 15
4 4
18 18
80 80
19 19
82 82
608 608
СУ
Ожидаемое (прогноз до конца года)
Интер РАО(для ФСК)
Промышленныепотребители
Транспорт
Нефтедобыча
Нефтеперераб…
Нефтепроводы
Газопроводы
Сельское хозя…
Непромышлен…
Государственн…
Население иприравненныегруппыпотребителей
Территориальн…
Выручка, млрд. руб, по ПАО Россети на 2023 год
6 6
331 331
82 82
77 77
20 20
20 20
3 3
57 57
220 220
68 68
214 214
258 258
Ожидаемое (прогноз до конца года)
Интер РАО(для ФСК)
Промышленныепотребители
Транспорт
Нефтедобыча
Нефтеперераб…
Нефтепроводы
Газопроводы
Сельское хозя…
Непромышлен…
Государственн…
Население иприравненныегруппыпотребителей
Территориальн…
абс.
%
Прогноз на месяц 
Ноябрь
КПО/Отпуск из сети 
Отпуск из сети, млн. кВт.ч
Организация 
Все
Прогноз электропотребления и выручки за услуги по передаче в разрезе отраслей'

16-05-2025T11:47:38 - [TEST_STEP][PASSED] - b9 = b9.replaceAll("[^0-9]", ""): null

16-05-2025T11:47:38 - [TEST_STEP][PASSED] - println("b9:" + b9): null

16-05-2025T11:47:38 - [TEST_STEP][PASSED] - click(findTestObject("Прогноз по отраслям/Фильтр Сравнение с Стресс")): Object: 'Object Repository/Прогноз по отраслям/Фильтр Сравнение с Стресс' is clicked on

16-05-2025T11:47:38 - [MESSAGE][PASSED] - Object: 'Object Repository/Прогноз по отраслям/Фильтр Сравнение с Стресс' is clicked on

16-05-2025T11:47:38 - [TEST_STEP][PASSED] - click(findTestObject("Прогноз по отраслям/Факт прошлого года Стресс")): Object: 'Object Repository/Прогноз по отраслям/Факт прошлого года Стресс' is clicked on

16-05-2025T11:47:39 - [MESSAGE][PASSED] - Object: 'Object Repository/Прогноз по отраслям/Факт прошлого года Стресс' is clicked on

16-05-2025T11:47:39 - [TEST_STEP][PASSED] - click(findTestObject("Прогноз по отраслям/Фильтр КПО-Отпуск Стресс")): Object: 'Object Repository/Прогноз по отраслям/Фильтр КПО-Отпуск Стресс' is clicked on

16-05-2025T11:47:40 - [MESSAGE][PASSED] - Object: 'Object Repository/Прогноз по отраслям/Фильтр КПО-Отпуск Стресс' is clicked on

16-05-2025T11:47:40 - [TEST_STEP][PASSED] - click(findTestObject("Прогноз по отраслям/КПО Стресс")): Object: 'Object Repository/Прогноз по отраслям/КПО Стресс' is clicked on

16-05-2025T11:47:41 - [MESSAGE][PASSED] - Object: 'Object Repository/Прогноз по отраслям/КПО Стресс' is clicked on

16-05-2025T11:47:41 - [TEST_STEP][PASSED] - delay(40): Delayed 40 second(s)

16-05-2025T11:48:21 - [MESSAGE][PASSED] - Delayed 40 second(s)

16-05-2025T11:48:21 - [TEST_STEP][PASSED] - b10 = getText(findTestObject("Прогноз по отраслям/Виджеты дашборда")): Text of object 'Object Repository/Прогноз по отраслям/Виджеты дашборда' is: 'Год 
2023 год
Сравнение с 
Факт прошлого года
Отклонения по ПАО Россети на 2023 год
0.0 0.0
646.5 646.5
341.1 341.1
-2 455.6 -2 455.6
245.6 245.6
-1 796.0 -1 796.0
676.2 676.2
452.4 452.4
1 386.2 1 386.2
527.5 527.5
-1 130.4 -1 130.4
-128.7 -128.7
⬤ Отклонение, млн. кВт.ч
Интер РАО (для ФСК)
Промышленные потребители
Транспорт
Нефтедобыча
Нефтепереработка
Нефтепроводы
Газопроводы
Сельское хозяйство и пищевая про…
Непромышленные потребители
Государственные (муниципальные…
Население и приравненные группы…
Территориальные сетевые организ…
Выручка отклонения по ПАО Россети на 2023 год
421.3 421.3
45 574.9 45 574.9
9 547.5 9 547.5
4 889.3 4 889.3
2 337.4 2 337.4
-1 682.6 -1 682.6
2 919.4 2 919.4
7 110.2 7 110.2
19 840.8 19 840.8
7 289.5 7 289.5
23 664.8 23 664.8
31 028.3 31 028.3
⬤ Отклонение, млн. руб
Интер РАО (для ФСК)
Промышленные потребители
Транспорт
Нефтедобыча
Нефтепереработка
Нефтепроводы
Газопроводы
Сельское хозяйство и пищевая про…
Непромышленные потребители
Государственные (муниципальные…
Население и приравненные группы…
Территориальные сетевые организ…
Динамика электропотребления, млрд. кВт.ч., по ПАО Россети на 2023 год
0 0
120 120
38 38
41 41
8 8
10 10
0 0
19 19
77 77
25 25
122 122
61 61
0 0
120 120
39 39
39 39
8 8
8 8
1 1
20 20
78 78
26 26
121 121
60 60
Факт прошлого года
Ожидаемое (прогноз до конца года)
Интер РАО(для ФСК)
Промышленныепотребители
Транспорт
Нефтедобыча
Нефтеперераб…
Нефтепроводы
Газопроводы
Сельское хозя…
Непромышлен…
Государственн…
Население иприравненныегруппыпотребителей
Территориальн…
Выручка, млрд. руб, по ПАО Россети на 2023 год
5 5
285 285
72 72
72 72
18 18
22 22
0 0
50 50
201 201
61 61
190 190
227 227
6 6
331 331
82 82
77 77
20 20
20 20
3 3
57 57
220 220
68 68
214 214
258 258
Факт прошлого года
Ожидаемое (прогноз до конца года)
Интер РАО(для ФСК)
Промышленныепотребители
Транспорт
Нефтедобыча
Нефтеперераб…
Нефтепроводы
Газопроводы
Сельское хозя…
Непромышлен…
Государственн…
Население иприравненныегруппыпотребителей
Территориальн…
абс.
%
Прогноз на месяц 
Ноябрь
КПО/Отпуск из сети 
Котловой полезный отпуск, млн. кВт.ч
Организация 
Все
Прогноз электропотребления и выручки за услуги по передаче в разрезе отраслей'

16-05-2025T11:48:22 - [MESSAGE][PASSED] - Text of object 'Object Repository/Прогноз по отраслям/Виджеты дашборда' is: 'Год 
2023 год
Сравнение с 
Факт прошлого года
Отклонения по ПАО Россети на 2023 год
0.0 0.0
646.5 646.5
341.1 341.1
-2 455.6 -2 455.6
245.6 245.6
-1 796.0 -1 796.0
676.2 676.2
452.4 452.4
1 386.2 1 386.2
527.5 527.5
-1 130.4 -1 130.4
-128.7 -128.7
⬤ Отклонение, млн. кВт.ч
Интер РАО (для ФСК)
Промышленные потребители
Транспорт
Нефтедобыча
Нефтепереработка
Нефтепроводы
Газопроводы
Сельское хозяйство и пищевая про…
Непромышленные потребители
Государственные (муниципальные…
Население и приравненные группы…
Территориальные сетевые организ…
Выручка отклонения по ПАО Россети на 2023 год
421.3 421.3
45 574.9 45 574.9
9 547.5 9 547.5
4 889.3 4 889.3
2 337.4 2 337.4
-1 682.6 -1 682.6
2 919.4 2 919.4
7 110.2 7 110.2
19 840.8 19 840.8
7 289.5 7 289.5
23 664.8 23 664.8
31 028.3 31 028.3
⬤ Отклонение, млн. руб
Интер РАО (для ФСК)
Промышленные потребители
Транспорт
Нефтедобыча
Нефтепереработка
Нефтепроводы
Газопроводы
Сельское хозяйство и пищевая про…
Непромышленные потребители
Государственные (муниципальные…
Население и приравненные группы…
Территориальные сетевые организ…
Динамика электропотребления, млрд. кВт.ч., по ПАО Россети на 2023 год
0 0
120 120
38 38
41 41
8 8
10 10
0 0
19 19
77 77
25 25
122 122
61 61
0 0
120 120
39 39
39 39
8 8
8 8
1 1
20 20
78 78
26 26
121 121
60 60
Факт прошлого года
Ожидаемое (прогноз до конца года)
Интер РАО(для ФСК)
Промышленныепотребители
Транспорт
Нефтедобыча
Нефтеперераб…
Нефтепроводы
Газопроводы
Сельское хозя…
Непромышлен…
Государственн…
Население иприравненныегруппыпотребителей
Территориальн…
Выручка, млрд. руб, по ПАО Россети на 2023 год
5 5
285 285
72 72
72 72
18 18
22 22
0 0
50 50
201 201
61 61
190 190
227 227
6 6
331 331
82 82
77 77
20 20
20 20
3 3
57 57
220 220
68 68
214 214
258 258
Факт прошлого года
Ожидаемое (прогноз до конца года)
Интер РАО(для ФСК)
Промышленныепотребители
Транспорт
Нефтедобыча
Нефтеперераб…
Нефтепроводы
Газопроводы
Сельское хозя…
Непромышлен…
Государственн…
Население иприравненныегруппыпотребителей
Территориальн…
абс.
%
Прогноз на месяц 
Ноябрь
КПО/Отпуск из сети 
Котловой полезный отпуск, млн. кВт.ч
Организация 
Все
Прогноз электропотребления и выручки за услуги по передаче в разрезе отраслей'

16-05-2025T11:48:22 - [TEST_STEP][PASSED] - b10 = b10.replaceAll("[^0-9]", ""): null

16-05-2025T11:48:22 - [TEST_STEP][PASSED] - println("b10:" + b10): null

16-05-2025T11:48:22 - [TEST_STEP][PASSED] - click(findTestObject("Прогноз по отраслям/Фильтр Сравнение с Стресс")): Object: 'Object Repository/Прогноз по отраслям/Фильтр Сравнение с Стресс' is clicked on

16-05-2025T11:48:22 - [MESSAGE][PASSED] - Object: 'Object Repository/Прогноз по отраслям/Фильтр Сравнение с Стресс' is clicked on

16-05-2025T11:48:22 - [TEST_STEP][PASSED] - click(findTestObject("Прогноз по отраслям/План Стресс")): Object: 'Object Repository/Прогноз по отраслям/План Стресс' is clicked on

16-05-2025T11:48:24 - [MESSAGE][PASSED] - Object: 'Object Repository/Прогноз по отраслям/План Стресс' is clicked on

16-05-2025T11:48:24 - [TEST_STEP][PASSED] - delay(40): Delayed 40 second(s)

16-05-2025T11:49:04 - [MESSAGE][PASSED] - Delayed 40 second(s)

16-05-2025T11:49:04 - [TEST_STEP][PASSED] - b11 = getText(findTestObject("Прогноз по отраслям/Виджеты дашборда")): Text of object 'Object Repository/Прогноз по отраслям/Виджеты дашборда' is: 'Год 
2023 год
Сравнение с 
План
Отклонения по ПАО Россети на 2023 год
0.0 0.0
1 471.7 1 471.7
1 186.5 1 186.5
32 445.2 32 445.2
1 268.3 1 268.3
349.4 349.4
84.3 84.3
239.8 239.8
2 969.4 2 969.4
589.2 589.2
-1 798.4 -1 798.4
5 359.3 5 359.3
⬤ Отклонение, млн. кВт.ч
Интер РАО (для ФСК)
Промышленные потребители
Транспорт
Нефтедобыча
Нефтепереработка
Нефтепроводы
Газопроводы
Сельское хозяйство и пищевая про…
Непромышленные потребители
Государственные (муниципальные…
Население и приравненные группы…
Территориальные сетевые организ…
Выручка отклонения по ПАО Россети на 2023 год
794.9 794.9
12 195.0 12 195.0
972.7 972.7
61 803.9 61 803.9
4 222.3 4 222.3
-121.8 -121.8
666.2 666.2
873.2 873.2
5 809.6 5 809.6
1 342.6 1 342.6
-4 463.2 -4 463.2
18 375.5 18 375.5
⬤ Отклонение, млн. руб
Интер РАО (для ФСК)
Промышленные потребители
Транспорт
Нефтедобыча
Нефтепереработка
Нефтепроводы
Газопроводы
Сельское хозяйство и пищевая про…
Непромышленные потребители
Государственные (муниципальные…
Население и приравненные группы…
Территориальные сетевые организ…
Динамика электропотребления, млрд. кВт.ч., по ПАО Россети на 2023 год
0 0
119 119
37 37
7 7
7 7
8 8
1 1
19 19
75 75
25 25
123 123
55 55
0 0
120 120
39 39
39 39
8 8
8 8
1 1
20 20
78 78
26 26
121 121
60 60
План
Ожидаемое (прогноз до конца года)
Интер РАО(для ФСК)
Промышленныепотребители
Транспорт
Нефтедобыча
Нефтеперераб…
Нефтепроводы
Газопроводы
Сельское хозя…
Непромышлен…
Государственн…
Население иприравненныегруппыпотребителей
Территориальн…
Выручка, млрд. руб, по ПАО Россети на 2023 год
5 5
319 319
81 81
16 16
16 16
20 20
2 2
56 56
215 215
67 67
218 218
239 239
6 6
331 331
82 82
77 77
20 20
20 20
3 3
57 57
220 220
68 68
214 214
258 258
План
Ожидаемое (прогноз до конца года)
Интер РАО(для ФСК)
Промышленныепотребители
Транспорт
Нефтедобыча
Нефтеперераб…
Нефтепроводы
Газопроводы
Сельское хозя…
Непромышлен…
Государственн…
Население иприравненныегруппыпотребителей
Территориальн…
абс.
%
Прогноз на месяц 
Ноябрь
КПО/Отпуск из сети 
Котловой полезный отпуск, млн. кВт.ч
Организация 
Все
Прогноз электропотребления и выручки за услуги по передаче в разрезе отраслей'

16-05-2025T11:49:04 - [MESSAGE][PASSED] - Text of object 'Object Repository/Прогноз по отраслям/Виджеты дашборда' is: 'Год 
2023 год
Сравнение с 
План
Отклонения по ПАО Россети на 2023 год
0.0 0.0
1 471.7 1 471.7
1 186.5 1 186.5
32 445.2 32 445.2
1 268.3 1 268.3
349.4 349.4
84.3 84.3
239.8 239.8
2 969.4 2 969.4
589.2 589.2
-1 798.4 -1 798.4
5 359.3 5 359.3
⬤ Отклонение, млн. кВт.ч
Интер РАО (для ФСК)
Промышленные потребители
Транспорт
Нефтедобыча
Нефтепереработка
Нефтепроводы
Газопроводы
Сельское хозяйство и пищевая про…
Непромышленные потребители
Государственные (муниципальные…
Население и приравненные группы…
Территориальные сетевые организ…
Выручка отклонения по ПАО Россети на 2023 год
794.9 794.9
12 195.0 12 195.0
972.7 972.7
61 803.9 61 803.9
4 222.3 4 222.3
-121.8 -121.8
666.2 666.2
873.2 873.2
5 809.6 5 809.6
1 342.6 1 342.6
-4 463.2 -4 463.2
18 375.5 18 375.5
⬤ Отклонение, млн. руб
Интер РАО (для ФСК)
Промышленные потребители
Транспорт
Нефтедобыча
Нефтепереработка
Нефтепроводы
Газопроводы
Сельское хозяйство и пищевая про…
Непромышленные потребители
Государственные (муниципальные…
Население и приравненные группы…
Территориальные сетевые организ…
Динамика электропотребления, млрд. кВт.ч., по ПАО Россети на 2023 год
0 0
119 119
37 37
7 7
7 7
8 8
1 1
19 19
75 75
25 25
123 123
55 55
0 0
120 120
39 39
39 39
8 8
8 8
1 1
20 20
78 78
26 26
121 121
60 60
План
Ожидаемое (прогноз до конца года)
Интер РАО(для ФСК)
Промышленныепотребители
Транспорт
Нефтедобыча
Нефтеперераб…
Нефтепроводы
Газопроводы
Сельское хозя…
Непромышлен…
Государственн…
Население иприравненныегруппыпотребителей
Территориальн…
Выручка, млрд. руб, по ПАО Россети на 2023 год
5 5
319 319
81 81
16 16
16 16
20 20
2 2
56 56
215 215
67 67
218 218
239 239
6 6
331 331
82 82
77 77
20 20
20 20
3 3
57 57
220 220
68 68
214 214
258 258
План
Ожидаемое (прогноз до конца года)
Интер РАО(для ФСК)
Промышленныепотребители
Транспорт
Нефтедобыча
Нефтеперераб…
Нефтепроводы
Газопроводы
Сельское хозя…
Непромышлен…
Государственн…
Население иприравненныегруппыпотребителей
Территориальн…
абс.
%
Прогноз на месяц 
Ноябрь
КПО/Отпуск из сети 
Котловой полезный отпуск, млн. кВт.ч
Организация 
Все
Прогноз электропотребления и выручки за услуги по передаче в разрезе отраслей'

16-05-2025T11:49:04 - [TEST_STEP][PASSED] - println("b11:" + b11): null

16-05-2025T11:49:04 - [TEST_STEP][PASSED] - b11 = b11.replaceAll("[^0-9]", ""): null

16-05-2025T11:49:04 - [TEST_STEP][PASSED] - println("b11:" + b11): null

16-05-2025T11:49:04 - [TEST_STEP][PASSED] - click(findTestObject("Прогноз по отраслям/Фильтр Сравнение с Стресс")): Object: 'Object Repository/Прогноз по отраслям/Фильтр Сравнение с Стресс' is clicked on

16-05-2025T11:49:05 - [MESSAGE][PASSED] - Object: 'Object Repository/Прогноз по отраслям/Фильтр Сравнение с Стресс' is clicked on

16-05-2025T11:49:05 - [TEST_STEP][PASSED] - click(findTestObject("Прогноз по отраслям/План СУ Стресс")): Object: 'Object Repository/Прогноз по отраслям/План СУ Стресс' is clicked on

16-05-2025T11:49:06 - [MESSAGE][PASSED] - Object: 'Object Repository/Прогноз по отраслям/План СУ Стресс' is clicked on

16-05-2025T11:49:06 - [TEST_STEP][PASSED] - delay(40): Delayed 40 second(s)

16-05-2025T11:49:46 - [MESSAGE][PASSED] - Delayed 40 second(s)

16-05-2025T11:49:46 - [TEST_STEP][PASSED] - b12 = getText(findTestObject("Прогноз по отраслям/Виджеты дашборда")): Text of object 'Object Repository/Прогноз по отраслям/Виджеты дашборда' is: 'Год 
2023 год
Сравнение с 
План/СУ
Отклонения по ПАО Россети на 2023 год
0.0 0.0
120 322.6 120 322.6
38 655.4 38 655.4
39 037.8 39 037.8
8 291.7 8 291.7
8 259.5 8 259.5
793.1 793.1
19 706.6 19 706.6
78 310.2 78 310.2
25 579.5 25 579.5
121 219.7 121 219.7
60 414.9 60 414.9
⬤ Отклонение, млн. кВт.ч
Интер РАО (для ФСК)
Промышленные потребители
Транспорт
Нефтедобыча
Нефтепереработка
Нефтепроводы
Газопроводы
Сельское хозяйство и пищевая про…
Непромышленные потребители
Государственные (муниципальные…
Население и приравненные группы…
Территориальные сетевые организ…
Выручка отклонения по ПАО Россети на 2023 год
⬤ Отклонение, млн. руб
Интер РАО (для ФСК)
Промышленные потребители
Транспорт
Нефтедобыча
Нефтепереработка
Нефтепроводы
Газопроводы
Сельское хозяйство и пищевая про…
Непромышленные потребители
Государственные (муниципальные…
Население и приравненные группы…
Территориальные сетевые организ…
Динамика электропотребления, млрд. кВт.ч., по ПАО Россети на 2023 год
0 0
0 0
0 0
0 0
0 0
0 0
0 0
0 0
0 0
0 0
0 0
0 0
0 0
120 120
39 39
39 39
8 8
8 8
1 1
20 20
78 78
26 26
121 121
60 60
СУ
Ожидаемое (прогноз до конца года)
Интер РАО(для ФСК)
Промышленныепотребители
Транспорт
Нефтедобыча
Нефтеперераб…
Нефтепроводы
Газопроводы
Сельское хозя…
Непромышлен…
Государственн…
Население иприравненныегруппыпотребителей
Территориальн…
Выручка, млрд. руб, по ПАО Россети на 2023 год
6 6
331 331
82 82
77 77
20 20
20 20
3 3
57 57
220 220
68 68
214 214
258 258
Ожидаемое (прогноз до конца года)
Интер РАО(для ФСК)
Промышленныепотребители
Транспорт
Нефтедобыча
Нефтеперераб…
Нефтепроводы
Газопроводы
Сельское хозя…
Непромышлен…
Государственн…
Население иприравненныегруппыпотребителей
Территориальн…
абс.
%
Прогноз на месяц 
Ноябрь
КПО/Отпуск из сети 
Котловой полезный отпуск, млн. кВт.ч
Организация 
Все
Прогноз электропотребления и выручки за услуги по передаче в разрезе отраслей'

16-05-2025T11:49:47 - [MESSAGE][PASSED] - Text of object 'Object Repository/Прогноз по отраслям/Виджеты дашборда' is: 'Год 
2023 год
Сравнение с 
План/СУ
Отклонения по ПАО Россети на 2023 год
0.0 0.0
120 322.6 120 322.6
38 655.4 38 655.4
39 037.8 39 037.8
8 291.7 8 291.7
8 259.5 8 259.5
793.1 793.1
19 706.6 19 706.6
78 310.2 78 310.2
25 579.5 25 579.5
121 219.7 121 219.7
60 414.9 60 414.9
⬤ Отклонение, млн. кВт.ч
Интер РАО (для ФСК)
Промышленные потребители
Транспорт
Нефтедобыча
Нефтепереработка
Нефтепроводы
Газопроводы
Сельское хозяйство и пищевая про…
Непромышленные потребители
Государственные (муниципальные…
Население и приравненные группы…
Территориальные сетевые организ…
Выручка отклонения по ПАО Россети на 2023 год
⬤ Отклонение, млн. руб
Интер РАО (для ФСК)
Промышленные потребители
Транспорт
Нефтедобыча
Нефтепереработка
Нефтепроводы
Газопроводы
Сельское хозяйство и пищевая про…
Непромышленные потребители
Государственные (муниципальные…
Население и приравненные группы…
Территориальные сетевые организ…
Динамика электропотребления, млрд. кВт.ч., по ПАО Россети на 2023 год
0 0
0 0
0 0
0 0
0 0
0 0
0 0
0 0
0 0
0 0
0 0
0 0
0 0
120 120
39 39
39 39
8 8
8 8
1 1
20 20
78 78
26 26
121 121
60 60
СУ
Ожидаемое (прогноз до конца года)
Интер РАО(для ФСК)
Промышленныепотребители
Транспорт
Нефтедобыча
Нефтеперераб…
Нефтепроводы
Газопроводы
Сельское хозя…
Непромышлен…
Государственн…
Население иприравненныегруппыпотребителей
Территориальн…
Выручка, млрд. руб, по ПАО Россети на 2023 год
6 6
331 331
82 82
77 77
20 20
20 20
3 3
57 57
220 220
68 68
214 214
258 258
Ожидаемое (прогноз до конца года)
Интер РАО(для ФСК)
Промышленныепотребители
Транспорт
Нефтедобыча
Нефтеперераб…
Нефтепроводы
Газопроводы
Сельское хозя…
Непромышлен…
Государственн…
Население иприравненныегруппыпотребителей
Территориальн…
абс.
%
Прогноз на месяц 
Ноябрь
КПО/Отпуск из сети 
Котловой полезный отпуск, млн. кВт.ч
Организация 
Все
Прогноз электропотребления и выручки за услуги по передаче в разрезе отраслей'

16-05-2025T11:49:47 - [TEST_STEP][PASSED] - b12 = b12.replaceAll("[^0-9]", ""): null

16-05-2025T11:49:47 - [TEST_STEP][PASSED] - println("b12:" + b12): null

16-05-2025T11:49:47 - [TEST_STEP][PASSED] - if (verifyEqual(a1, b1) == true): Actual object '20232023121218618636365050101019190017178585191982826046041010197197373748481010151544181880801919828260860820235528528572727272181822220050502012016161190190227227663313318282777720202020335757220220686821421425825820231851855959363639390909207207331323313238385656131309090707202377771601601321326767133133777713315133151421429999120120124124137137' and expected object '20232023121218618636365050101019190017178585191982826046041010197197373748481010151544181880801919828260860820235528528572727272181822220050502012016161190190227227663313318282777720202020335757220220686821421425825820231851855959363639390909207207331323313238385656131309090707202377771601601321326767133133777713315133151421429999120120124124137137' are equal

16-05-2025T11:49:47 - [MESSAGE][PASSED] - Actual object '20232023121218618636365050101019190017178585191982826046041010197197373748481010151544181880801919828260860820235528528572727272181822220050502012016161190190227227663313318282777720202020335757220220686821421425825820231851855959363639390909207207331323313238385656131309090707202377771601601321326767133133777713315133151421429999120120124124137137' and expected object '20232023121218618636365050101019190017178585191982826046041010197197373748481010151544181880801919828260860820235528528572727272181822220050502012016161190190227227663313318282777720202020335757220220686821421425825820231851855959363639390909207207331323313238385656131309090707202377771601601321326767133133777713315133151421429999120120124124137137' are equal

16-05-2025T11:49:47 - [TEST_STEP][PASSED] - if (verifyEqual(a2, b2) == true): Actual object '202320231010190190363614149914144417178080191982825885881010197197373748481010151544181880801919828260860820235531931981811616161620202256562152156767218218239239663313318282777720202020335757220220686821421425825820234747383819192303230310910942422172173939060616161010333320231561563838121239823982269269060626926915152727202020207979' and expected object '202320231010190190363614149914144417178080191982825885881010197197373748481010151544181880801919828260860820235531931981811616161620202256562152156767218218239239663313318282777720202020335757220220686821421425825820234747383819192303230310910942422172173939060616161010333320231561563838121239823982269269060626926915152727202020207979' are equal

16-05-2025T11:49:47 - [MESSAGE][PASSED] - Actual object '202320231010190190363614149914144417178080191982825885881010197197373748481010151544181880801919828260860820235531931981811616161620202256562152156767218218239239663313318282777720202020335757220220686821421425825820234747383819192303230310910942422172173939060616161010333320231561563838121239823982269269060626926915152727202020207979' and expected object '202320231010190190363614149914144417178080191982825885881010197197373748481010151544181880801919828260860820235531931981811616161620202256562152156767218218239239663313318282777720202020335757220220686821421425825820234747383819192303230310910942422172173939060616161010333320231561563838121239823982269269060626926915152727202020207979' are equal

16-05-2025T11:49:47 - [TEST_STEP][PASSED] - if (verifyEqual(a3, b3) == true): Actual object '2023202310101811813636151599141444161686861919797958658610101971973737484810101515441818808019198282608608202366331331828277772020202033575722022068682142142582582023252589893535221422141281286969135135818169692323313138382023' and expected object '2023202310101811813636151599141444161686861919797958658610101971973737484810101515441818808019198282608608202366331331828277772020202033575722022068682142142582582023252589893535221422141281286969135135818169692323313138382023' are equal

16-05-2025T11:49:47 - [MESSAGE][PASSED] - Actual object '2023202310101811813636151599141444161686861919797958658610101971973737484810101515441818808019198282608608202366331331828277772020202033575722022068682142142582582023252589893535221422141281286969135135818169692323313138382023' and expected object '2023202310101811813636151599141444161686861919797958658610101971973737484810101515441818808019198282608608202366331331828277772020202033575722022068682142142582582023252589893535221422141281286969135135818169692323313138382023' are equal

16-05-2025T11:49:47 - [TEST_STEP][PASSED] - if (verifyEqual(a4, b4) == true): Actual object '20232023001201203838414188101000191977772525122122616100120120393939398888112020787826261211216060202355285285727272721818222200505020120161611901902272276633133182827777202020203357572202206868214214258258202305050909595931311791795784578423231818212109090202202377771601601321326767133133777713315133151421429999120120124124137137' and expected object '20232023001201203838414188101000191977772525122122616100120120393939398888112020787826261211216060202355285285727272721818222200505020120161611901902272276633133182827777202020203357572202206868214214258258202305050909595931311791795784578423231818212109090202202377771601601321326767133133777713315133151421429999120120124124137137' are equal

16-05-2025T11:49:47 - [MESSAGE][PASSED] - Actual object '20232023001201203838414188101000191977772525122122616100120120393939398888112020787826261211216060202355285285727272721818222200505020120161611901902272276633133182827777202020203357572202206868214214258258202305050909595931311791795784578423231818212109090202202377771601601321326767133133777713315133151421429999120120124124137137' and expected object '20232023001201203838414188101000191977772525122122616100120120393939398888112020787826261211216060202355285285727272721818222200505020120161611901902272276633133182827777202020203357572202206868214214258258202305050909595931311791795784578423231818212109090202202377771601601321326767133133777713315133151421429999120120124124137137' are equal

16-05-2025T11:49:47 - [TEST_STEP][PASSED] - if (verifyEqual(a5, b5) == true): Actual object '20232023001191193737777788111919757525251231235555001201203939393988881120207878262612112160602023553193198181161616162020225656215215676721821823923966331331828277772020202033575722022068682142142582582023121232324921492118118144441191191212414124241414979720231561563838121239823982269269060626926915152727202020207979' and expected object '20232023001191193737777788111919757525251231235555001201203939393988881120207878262612112160602023553193198181161616162020225656215215676721821823923966331331828277772020202033575722022068682142142582582023121232324921492118118144441191191212414124241414979720231561563838121239823982269269060626926915152727202020207979' are equal

16-05-2025T11:49:47 - [MESSAGE][PASSED] - Actual object '20232023001191193737777788111919757525251231235555001201203939393988881120207878262612112160602023553193198181161616162020225656215215676721821823923966331331828277772020202033575722022068682142142582582023121232324921492118118144441191191212414124241414979720231561563838121239823982269269060626926915152727202020207979' and expected object '20232023001191193737777788111919757525251231235555001201203939393988881120207878262612112160602023553193198181161616162020225656215215676721821823923966331331828277772020202033575722022068682142142582582023121232324921492118118144441191191212414124241414979720231561563838121239823982269269060626926915152727202020207979' are equal

16-05-2025T11:49:47 - [TEST_STEP][PASSED] - if (verifyEqual(a6, b6) == true): Actual object '20232023000000000000000000000000001201203939393988881120207878262612112160602023663313318282777720202020335757220220686821421425825820232023' and expected object '20232023000000000000000000000000001201203939393988881120207878262612112160602023663313318282777720202020335757220220686821421425825820232023' are equal

16-05-2025T11:49:47 - [MESSAGE][PASSED] - Actual object '20232023000000000000000000000000001201203939393988881120207878262612112160602023663313318282777720202020335757220220686821421425825820232023' and expected object '20232023000000000000000000000000001201203939393988881120207878262612112160602023663313318282777720202020335757220220686821421425825820232023' are equal

16-05-2025T11:49:47 - [TEST_STEP][PASSED] - if (verifyEqual(a7, b7) == true): Actual object '202320232263522635110546110546128021280219475194759099093845038450416214162165176517472774727725652565723972394292342923202342134213455749455749954759547548893488932337423374168261682629194291947110271102198408198408728957289523664823664831028331028320231212186186363650501010191900171785851919828260460410101971973737484810101515441818808019198282608608202355285285727272721818222200505020120161611901902272276633133182827777202020203357572202206868214214258258' and expected object '202320232263522635110546110546128021280219475194759099093845038450416214162165176517472774727725652565723972394292342923202342134213455749455749954759547548893488932337423374168261682629194291947110271102198408198408728957289523664823664831028331028320231212186186363650501010191900171785851919828260460410101971973737484810101515441818808019198282608608202355285285727272721818222200505020120161611901902272276633133182827777202020203357572202206868214214258258' are equal

16-05-2025T11:49:47 - [MESSAGE][PASSED] - Actual object '202320232263522635110546110546128021280219475194759099093845038450416214162165176517472774727725652565723972394292342923202342134213455749455749954759547548893488932337423374168261682629194291947110271102198408198408728957289523664823664831028331028320231212186186363650501010191900171785851919828260460410101971973737484810101515441818808019198282608608202355285285727272721818222200505020120161611901902272276633133182827777202020203357572202206868214214258258' and expected object '202320232263522635110546110546128021280219475194759099093845038450416214162165176517472774727725652565723972394292342923202342134213455749455749954759547548893488932337423374168261682629194291947110271102198408198408728957289523664823664831028331028320231212186186363650501010191900171785851919828260460410101971973737484810101515441818808019198282608608202355285285727272721818222200505020120161611901902272276633133182827777202020203357572202206868214214258258' are equal

16-05-2025T11:49:47 - [TEST_STEP][PASSED] - if (verifyEqual(a8, b8) == true): Actual object '202320234922492271651716516893689333271733271798649864593859387640764067046704592459243088308894099409196041196041202379497949121950121950972797276180396180394222342223121812186662666287328732580965809613426134264463244632183755183755202310101901903636141499141444171780801919828258858810101971973737484810101515441818808019198282608608202355319319818116161616202022565621521567672182182392396633133182827777202020203357572202206868214214258258' and expected object '202320234922492271651716516893689333271733271798649864593859387640764067046704592459243088308894099409196041196041202379497949121950121950972797276180396180394222342223121812186662666287328732580965809613426134264463244632183755183755202310101901903636141499141444171780801919828258858810101971973737484810101515441818808019198282608608202355319319818116161616202022565621521567672182182392396633133182827777202020203357572202206868214214258258' are equal

16-05-2025T11:49:47 - [MESSAGE][PASSED] - Actual object '202320234922492271651716516893689333271733271798649864593859387640764067046704592459243088308894099409196041196041202379497949121950121950972797276180396180394222342223121812186662666287328732580965809613426134264463244632183755183755202310101901903636141499141444171780801919828258858810101971973737484810101515441818808019198282608608202355319319818116161616202022565621521567672182182392396633133182827777202020203357572202206868214214258258' and expected object '202320234922492271651716516893689333271733271798649864593859387640764067046704592459243088308894099409196041196041202379497949121950121950972797276180396180394222342223121812186662666287328732580965809613426134264463244632183755183755202310101901903636141499141444171780801919828258858810101971973737484810101515441818808019198282608608202355319319818116161616202022565621521567672182182392396633133182827777202020203357572202206868214214258258' are equal

16-05-2025T11:49:47 - [TEST_STEP][PASSED] - if (verifyEqual(a9, b9) == true): Actual object '202320232435243516024416024412551125513286993286991135711357950095005111511113242132425962859628433543352431524315223214223214202320231010181181363615159914144416168686191979795865861010197197373748481010151544181880801919828260860820236633133182827777202020203357572202206868214214258258' and expected object '202320232435243516024416024412551125513286993286991135711357950095005111511113242132425962859628433543352431524315223214223214202320231010181181363615159914144416168686191979795865861010197197373748481010151544181880801919828260860820236633133182827777202020203357572202206868214214258258' are equal

16-05-2025T11:49:47 - [MESSAGE][PASSED] - Actual object '202320232435243516024416024412551125513286993286991135711357950095005111511113242132425962859628433543352431524315223214223214202320231010181181363615159914144416168686191979795865861010197197373748481010151544181880801919828260860820236633133182827777202020203357572202206868214214258258' and expected object '202320232435243516024416024412551125513286993286991135711357950095005111511113242132425962859628433543352431524315223214223214202320231010181181363615159914144416168686191979795865861010197197373748481010151544181880801919828260860820236633133182827777202020203357572202206868214214258258' are equal

16-05-2025T11:49:47 - [TEST_STEP][PASSED] - if (verifyEqual(a10, b10) == true): Actual object '20232023000064656465341134112455624556245624561796017960676267624524452413862138625275527511304113041287128720234213421345574945574995475954754889348893233742337416826168262919429194711027110219840819840872895728952366482366483102833102832023001201203838414188101000191977772525122122616100120120393939398888112020787826261211216060202355285285727272721818222200505020120161611901902272276633133182827777202020203357572202206868214214258258' and expected object '20232023000064656465341134112455624556245624561796017960676267624524452413862138625275527511304113041287128720234213421345574945574995475954754889348893233742337416826168262919429194711027110219840819840872895728952366482366483102833102832023001201203838414188101000191977772525122122616100120120393939398888112020787826261211216060202355285285727272721818222200505020120161611901902272276633133182827777202020203357572202206868214214258258' are equal

16-05-2025T11:49:47 - [MESSAGE][PASSED] - Actual object '20232023000064656465341134112455624556245624561796017960676267624524452413862138625275527511304113041287128720234213421345574945574995475954754889348893233742337416826168262919429194711027110219840819840872895728952366482366483102833102832023001201203838414188101000191977772525122122616100120120393939398888112020787826261211216060202355285285727272721818222200505020120161611901902272276633133182827777202020203357572202206868214214258258' and expected object '20232023000064656465341134112455624556245624561796017960676267624524452413862138625275527511304113041287128720234213421345574945574995475954754889348893233742337416826168262919429194711027110219840819840872895728952366482366483102833102832023001201203838414188101000191977772525122122616100120120393939398888112020787826261211216060202355285285727272721818222200505020120161611901902272276633133182827777202020203357572202206868214214258258' are equal

16-05-2025T11:49:47 - [TEST_STEP][PASSED] - if (verifyEqual(a11, b11) == true): Actual object '202320230000147171471711865118653244523244521268312683349434948438432398239829694296945892589217984179845359353593202379497949121950121950972797276180396180394222342223121812186662666287328732580965809613426134264463244632183755183755202300119119373777778811191975752525123123555500120120393939398888112020787826261211216060202355319319818116161616202022565621521567672182182392396633133182827777202020203357572202206868214214258258' and expected object '202320230000147171471711865118653244523244521268312683349434948438432398239829694296945892589217984179845359353593202379497949121950121950972797276180396180394222342223121812186662666287328732580965809613426134264463244632183755183755202300119119373777778811191975752525123123555500120120393939398888112020787826261211216060202355319319818116161616202022565621521567672182182392396633133182827777202020203357572202206868214214258258' are equal

16-05-2025T11:49:47 - [MESSAGE][PASSED] - Actual object '202320230000147171471711865118653244523244521268312683349434948438432398239829694296945892589217984179845359353593202379497949121950121950972797276180396180394222342223121812186662666287328732580965809613426134264463244632183755183755202300119119373777778811191975752525123123555500120120393939398888112020787826261211216060202355319319818116161616202022565621521567672182182392396633133182827777202020203357572202206868214214258258' and expected object '202320230000147171471711865118653244523244521268312683349434948438432398239829694296945892589217984179845359353593202379497949121950121950972797276180396180394222342223121812186662666287328732580965809613426134264463244632183755183755202300119119373777778811191975752525123123555500120120393939398888112020787826261211216060202355319319818116161616202022565621521567672182182392396633133182827777202020203357572202206868214214258258' are equal

16-05-2025T11:49:47 - [TEST_STEP][PASSED] - if (verifyEqual(a12, b12) == true): Actual object '20232023000012032261203226386554386554390378390378829178291782595825957931793119706619706678310278310225579525579512121971212197604149604149202320230000000000000000000000000012012039393939888811202078782626121121606020236633133182827777202020203357572202206868214214258258' and expected object '20232023000012032261203226386554386554390378390378829178291782595825957931793119706619706678310278310225579525579512121971212197604149604149202320230000000000000000000000000012012039393939888811202078782626121121606020236633133182827777202020203357572202206868214214258258' are equal

16-05-2025T11:49:47 - [MESSAGE][PASSED] - Actual object '20232023000012032261203226386554386554390378390378829178291782595825957931793119706619706678310278310225579525579512121971212197604149604149202320230000000000000000000000000012012039393939888811202078782626121121606020236633133182827777202020203357572202206868214214258258' and expected object '20232023000012032261203226386554386554390378390378829178291782595825957931793119706619706678310278310225579525579512121971212197604149604149202320230000000000000000000000000012012039393939888811202078782626121121606020236633133182827777202020203357572202206868214214258258' are equal

16-05-2025T11:49:47 - [TEST_STEP][PASSED] - closeBrowser(): Browser is closed

16-05-2025T11:49:47 - [MESSAGE][PASSED] - Browser is closed]]></system-out>
         <system-err><![CDATA[]]></system-err>
      </testcase>
      <testcase name="Test Cases/Сверки дашбордов/Факторный анализ сверка дашбордов" time="140.051" classname="Test Cases/Сверки дашбордов/Факторный анализ сверка дашбордов" status="PASSED">
         <system-out><![CDATA[16-05-2025T11:49:47 - [TEST_CASE][PASSED] - Test Cases/Сверки дашбордов/Факторный анализ сверка дашбордов: Test Cases/Сверки дашбордов/Факторный анализ сверка дашбордов

16-05-2025T11:49:47 - [TEST_STEP][PASSED] - date = new java.util.Date(): null

16-05-2025T11:49:47 - [TEST_STEP][PASSED] - todaysDate = date.format("dd.MM.yyyy"): null

16-05-2025T11:49:47 - [TEST_STEP][PASSED] - typeOfData = <not implemented yet for class: org.codehaus.groovy.ast.expr.EmptyExpression>: null

16-05-2025T11:49:47 - [TEST_STEP][PASSED] - otobrajeniyeDannyh = <not implemented yet for class: org.codehaus.groovy.ast.expr.EmptyExpression>: null

16-05-2025T11:49:47 - [TEST_STEP][PASSED] - println(todaysDate): null

16-05-2025T11:49:47 - [TEST_STEP][PASSED] - vidget = <not implemented yet for class: org.codehaus.groovy.ast.expr.EmptyExpression>: null

16-05-2025T11:49:47 - [TEST_STEP][PASSED] - x = <not implemented yet for class: org.codehaus.groovy.ast.expr.EmptyExpression>: null

16-05-2025T11:49:47 - [TEST_STEP][PASSED] - y = <not implemented yet for class: org.codehaus.groovy.ast.expr.EmptyExpression>: null

16-05-2025T11:49:47 - [TEST_STEP][PASSED] - DZO = <not implemented yet for class: org.codehaus.groovy.ast.expr.EmptyExpression>: null

16-05-2025T11:49:47 - [TEST_STEP][PASSED] - openBrowser(""): Browser is opened with url: ''

16-05-2025T11:49:47 - [MESSAGE][INFO] - Starting 'Chrome' driver

16-05-2025T11:49:47 - [MESSAGE][INFO] - Action delay is set to 0 milliseconds

16-05-2025T11:49:48 - [MESSAGE][PASSED] - Browser is opened with url: ''

16-05-2025T11:49:48 - [TEST_STEP][PASSED] - run = 1: null

16-05-2025T11:49:48 - [TEST_STEP][PASSED] - for ([run = 1, run < 3, (run++)]): null

16-05-2025T11:49:48 - [TEST_STEP][PASSED] - Script1719551244403.Test(run, todaysDate, typeOfData, otobrajeniyeDannyh, x, y, vidget, DZO): null

16-05-2025T11:49:48 - [TEST_STEP][PASSED] - navigateToUrl(findTestData("PlanFact").getValue(10, 3)): Navigate to 'https://bi.rosseti.digital/viewer?dashboardGuid=2301950b23be4ed89c1df75f2020051e&sheetGuid=ccd7d7486b3d4e6fa0ee9b1eaebed46c&fit=true' successfully

16-05-2025T11:49:50 - [MESSAGE][PASSED] - Navigate to 'https://bi.rosseti.digital/viewer?dashboardGuid=2301950b23be4ed89c1df75f2020051e&sheetGuid=ccd7d7486b3d4e6fa0ee9b1eaebed46c&fit=true' successfully

16-05-2025T11:49:50 - [TEST_STEP][PASSED] - Script1719551244403.Autorization(run): null

16-05-2025T11:49:50 - [TEST_STEP][PASSED] - delay(10): Delayed 10 second(s)

16-05-2025T11:50:00 - [MESSAGE][PASSED] - Delayed 10 second(s)

16-05-2025T11:50:00 - [TEST_STEP][PASSED] - if (run == 1): Delayed 10 second(s)

16-05-2025T11:50:00 - [TEST_STEP][PASSED] - setText(findTestObject("Страница авторизации/input__username"), findTestData("PlanFact").getValue(8, 1)): Text 'liazgina-di' is set on object 'Object Repository/Страница авторизации/input__username'

16-05-2025T11:50:01 - [MESSAGE][PASSED] - Text 'liazgina-di' is set on object 'Object Repository/Страница авторизации/input__username'

16-05-2025T11:50:01 - [TEST_STEP][PASSED] - setText(findTestObject("Страница авторизации/input__password"), findTestData("PlanFact").getValue(9, 1)): Text ')$%5srZ8o688Dm#q' is set on object 'Object Repository/Страница авторизации/input__password'

16-05-2025T11:50:02 - [MESSAGE][PASSED] - Text ')$%5srZ8o688Dm#q' is set on object 'Object Repository/Страница авторизации/input__password'

16-05-2025T11:50:02 - [TEST_STEP][PASSED] - click(findTestObject("Страница авторизации/button_")): Object: 'Object Repository/Страница авторизации/button_' is clicked on

16-05-2025T11:50:03 - [MESSAGE][PASSED] - Object: 'Object Repository/Страница авторизации/button_' is clicked on

16-05-2025T11:50:03 - [TEST_STEP][PASSED] - delay(10): Delayed 10 second(s)

16-05-2025T11:50:13 - [MESSAGE][PASSED] - Delayed 10 second(s)

16-05-2025T11:50:13 - [TEST_STEP][PASSED] - i = <not implemented yet for class: org.codehaus.groovy.ast.expr.EmptyExpression>: null

16-05-2025T11:50:13 - [TEST_STEP][PASSED] - ii = <not implemented yet for class: org.codehaus.groovy.ast.expr.EmptyExpression>: null

16-05-2025T11:50:13 - [TEST_STEP][PASSED] - a = <not implemented yet for class: org.codehaus.groovy.ast.expr.EmptyExpression>: null

16-05-2025T11:50:13 - [TEST_STEP][PASSED] - a1 = <not implemented yet for class: org.codehaus.groovy.ast.expr.EmptyExpression>: null

16-05-2025T11:50:13 - [TEST_STEP][PASSED] - a2 = <not implemented yet for class: org.codehaus.groovy.ast.expr.EmptyExpression>: null

16-05-2025T11:50:13 - [TEST_STEP][PASSED] - click(findTestObject("Факторный анализ/Фильтр Период")): Object: 'Object Repository/Факторный анализ/Фильтр Период' is clicked on

16-05-2025T11:50:13 - [MESSAGE][PASSED] - Object: 'Object Repository/Факторный анализ/Фильтр Период' is clicked on

16-05-2025T11:50:13 - [TEST_STEP][PASSED] - click(findTestObject("Факторный анализ/Снять выделение в фильтре Дата")): Object: 'Object Repository/Факторный анализ/Снять выделение в фильтре Дата' is clicked on

16-05-2025T11:50:14 - [MESSAGE][PASSED] - Object: 'Object Repository/Факторный анализ/Снять выделение в фильтре Дата' is clicked on

16-05-2025T11:50:14 - [TEST_STEP][PASSED] - click(findTestObject("Факторный анализ/Применить в фильтре Дата")): Object: 'Object Repository/Факторный анализ/Применить в фильтре Дата' is clicked on

16-05-2025T11:50:14 - [MESSAGE][PASSED] - Object: 'Object Repository/Факторный анализ/Применить в фильтре Дата' is clicked on

16-05-2025T11:50:14 - [TEST_STEP][PASSED] - delay(10): Delayed 10 second(s)

16-05-2025T11:50:24 - [MESSAGE][PASSED] - Delayed 10 second(s)

16-05-2025T11:50:24 - [TEST_STEP][PASSED] - click(findTestObject("Факторный анализ/Фильтр Период")): Object: 'Object Repository/Факторный анализ/Фильтр Период' is clicked on

16-05-2025T11:50:25 - [MESSAGE][PASSED] - Object: 'Object Repository/Факторный анализ/Фильтр Период' is clicked on

16-05-2025T11:50:25 - [TEST_STEP][PASSED] - click(findTestObject("Факторный анализ/Снять выделение в фильтре Дата")): Object: 'Object Repository/Факторный анализ/Снять выделение в фильтре Дата' is clicked on

16-05-2025T11:50:25 - [MESSAGE][PASSED] - Object: 'Object Repository/Факторный анализ/Снять выделение в фильтре Дата' is clicked on

16-05-2025T11:50:25 - [TEST_STEP][PASSED] - scrollToElement(findTestObject("Факторный анализ/2025 список"), 30): Scroll to object 'Object Repository/Факторный анализ/2025 список' successfully

16-05-2025T11:50:25 - [MESSAGE][PASSED] - Scroll to object 'Object Repository/Факторный анализ/2025 список' successfully

16-05-2025T11:50:25 - [TEST_STEP][PASSED] - click(findTestObject("Факторный анализ/2025 список")): Object: 'Object Repository/Факторный анализ/2025 список' is clicked on

16-05-2025T11:50:26 - [MESSAGE][PASSED] - Object: 'Object Repository/Факторный анализ/2025 список' is clicked on

16-05-2025T11:50:26 - [TEST_STEP][PASSED] - scrollToElement(findTestObject("Факторный анализ/1 квартал 2025 список"), 30): Scroll to object 'Object Repository/Факторный анализ/1 квартал 2025 список' successfully

16-05-2025T11:50:26 - [MESSAGE][PASSED] - Scroll to object 'Object Repository/Факторный анализ/1 квартал 2025 список' successfully

16-05-2025T11:50:26 - [TEST_STEP][PASSED] - click(findTestObject("Факторный анализ/1 квартал 2025 выбрать"), CONTINUE_ON_FAILURE): Object: 'Object Repository/Факторный анализ/1 квартал 2025 выбрать' is clicked on

16-05-2025T11:50:27 - [MESSAGE][PASSED] - Object: 'Object Repository/Факторный анализ/1 квартал 2025 выбрать' is clicked on

16-05-2025T11:50:27 - [TEST_STEP][PASSED] - scrollToElement(findTestObject("Факторный анализ/Заголовок дашборда"), 30): Scroll to object 'Object Repository/Факторный анализ/Заголовок дашборда' successfully

16-05-2025T11:50:27 - [MESSAGE][PASSED] - Scroll to object 'Object Repository/Факторный анализ/Заголовок дашборда' successfully

16-05-2025T11:50:27 - [TEST_STEP][PASSED] - click(findTestObject("Факторный анализ/Применить в фильтре Дата")): Object: 'Object Repository/Факторный анализ/Применить в фильтре Дата' is clicked on

16-05-2025T11:50:28 - [MESSAGE][PASSED] - Object: 'Object Repository/Факторный анализ/Применить в фильтре Дата' is clicked on

16-05-2025T11:50:28 - [TEST_STEP][PASSED] - if (run == 1): null

16-05-2025T11:50:28 - [TEST_STEP][PASSED] - a = getText(findTestObject("Факторный анализ/Отклонения выручки по факторам Блок руководителя")): Text of object 'Object Repository/Факторный анализ/Отклонения выручки по факторам Блок руководителя' is: '-10 795-10 795
4 0534 053
Отклонение (объём услуг)
Отклонение (средний тариф)
ПАО Россети'

16-05-2025T11:50:29 - [MESSAGE][PASSED] - Text of object 'Object Repository/Факторный анализ/Отклонения выручки по факторам Блок руководителя' is: '-10 795-10 795
4 0534 053
Отклонение (объём услуг)
Отклонение (средний тариф)
ПАО Россети'

16-05-2025T11:50:29 - [TEST_STEP][PASSED] - a = a.replaceAll("[\r?
|
]", "/"): null

16-05-2025T11:50:29 - [TEST_STEP][PASSED] - i = a.indexOf("Отклонение"): null

16-05-2025T11:50:29 - [TEST_STEP][PASSED] - if (i > -1): null

16-05-2025T11:50:29 - [TEST_STEP][PASSED] - i = i: null

16-05-2025T11:50:29 - [TEST_STEP][PASSED] - a = substring(0, i).trim(): null

16-05-2025T11:50:29 - [TEST_STEP][PASSED] - println("a: " + a): null

16-05-2025T11:50:29 - [TEST_STEP][PASSED] - i = a.indexOf("/"): null

16-05-2025T11:50:29 - [TEST_STEP][PASSED] - if (i > -1): null

16-05-2025T11:50:29 - [TEST_STEP][PASSED] - a1 = a.substring(0, i): null

16-05-2025T11:50:29 - [TEST_STEP][PASSED] - println("a1: " + a1): null

16-05-2025T11:50:29 - [TEST_STEP][PASSED] - a2 = a.substring(a1.length() + 1, a.length()): null

16-05-2025T11:50:29 - [TEST_STEP][PASSED] - println("a2: " + a2): null

16-05-2025T11:50:29 - [TEST_STEP][PASSED] - i = a1.length() / 2: null

16-05-2025T11:50:29 - [TEST_STEP][PASSED] - if (i > -1): null

16-05-2025T11:50:29 - [TEST_STEP][PASSED] - a1 = replaceAll("\s+", "").trim(): null

16-05-2025T11:50:29 - [TEST_STEP][PASSED] - println("a1: " + a1): null

16-05-2025T11:50:29 - [TEST_STEP][PASSED] - i = a2.length() / 2: null

16-05-2025T11:50:29 - [TEST_STEP][PASSED] - if (i > -1): null

16-05-2025T11:50:29 - [TEST_STEP][PASSED] - a2 = replaceAll("\s+", "").trim(): null

16-05-2025T11:50:29 - [TEST_STEP][PASSED] - println("a2: " + a2): null

16-05-2025T11:50:29 - [TEST_STEP][PASSED] - tableA = getText(findTestObject("Факторный анализ/AllTable1")).replaceAll("[\r?
|
]", "/"): Text of object 'Object Repository/Факторный анализ/AllTable1' is: 'ДЗО
Филиал
Отклонение (объём услуг)
Отклонение (средний тариф)
АО "РЭС" АО "РЭС" - 245 -16
АО «Тываэнерго» АО "Тываэнерго" 39 17
АО «Чеченэнерго» АО «Чеченэнерго» -8 -19
Россети Волга Мордовэнерго - 165 -11
Оренбургэнерго - 207 -48
Пензаэнерго -61 -1
Самарские РС - 328 413
Саратовские РС - 213 -34
Ульяновские РС 96 -22
Чувашэнерго 7 36
Россети Кубань Кубаньэнерго 319 467
Россети Ленэнерго (ГК) Ленинградская область - 274 501
г. Санкт-Петербург - 135 -30
Россети Московский регион Московская область -2 728 26
г. Москва - 739 96
Россети Северный Кавказ (ГК) Дагэнерго - 409 86
Ингушэнерго - 145 41
Каббалкэнерго 55 -4
Карачаево-Черкесскэнерго 50 -22
Севкавказэнерго -5 -24
Ставропольэнерго 23 84
Россети Северо-Запад Архангельский филиал -69 52
Вологодский филиал -44 43
Карельский филиал -17 -65
Мурманский филиал 24 -84
Новгородский филиал 10 21
Псковский филиал -55 30
филиал в Республике Коми - 136 39
Россети Сибирь (ГК) Алтайэнерго 47 24
Бурятэнерго 52 -32
ГАЭС 23 4
Красноярскэнерго 299 26
Кузбассэнерго-РЭС -85 499
Омскэнерго 40 -69
Хакасэнерго -9 -53
Читаэнерго 23 88
Россети Томск Томская распределительная компания - 100 42
Россети Тюмень Россети Тюмень -2 270 - 495
Россети Урал (ГК) Пермэнерго - 357 1
Свердловэнерго - 199 -32
Челябэнерго - 323 -77
Россети ФСК ЕЭС Итого по ФСК ЕЭС - 451 2 121
Россети Центр Белгородэнерго -74 30
Брянскэнерго -66 -2
Воронежэнерго - 100 37
Костромаэнерго -73 -1
Курскэнерго -21 41
Липецкэнерго - 216 43
Орелэнерго -39 4
Смоленскэнерго -41 4
Тамбовэнерго -25 -5
Тверьэнерго - 164 -10
Ярэнерго - 130 4
Россети Центр и Приволжье (ГК) Владимирэнерго - 188 -31
Ивэнерго 4 -31
Калугаэнерго -57 41
Кировэнерго -64 14
Мариэнерго -39 29
Нижновэнерго - 287 49
Рязаньэнерго - 201 45
Тулэнерго - 131 -64
Удмуртэнерго -55 61
Россети Юг (ГК) АО «ВМЭС» -7 15
Астраханьэнерго -22 -15
Волгоградэнерго - 314 22
Калмэнерго 20 -5
Ростовэнерго 153 143
Россети Янтарь Россети Янтарь 15 15'

16-05-2025T11:50:29 - [MESSAGE][PASSED] - Text of object 'Object Repository/Факторный анализ/AllTable1' is: 'ДЗО
Филиал
Отклонение (объём услуг)
Отклонение (средний тариф)
АО "РЭС" АО "РЭС" - 245 -16
АО «Тываэнерго» АО "Тываэнерго" 39 17
АО «Чеченэнерго» АО «Чеченэнерго» -8 -19
Россети Волга Мордовэнерго - 165 -11
Оренбургэнерго - 207 -48
Пензаэнерго -61 -1
Самарские РС - 328 413
Саратовские РС - 213 -34
Ульяновские РС 96 -22
Чувашэнерго 7 36
Россети Кубань Кубаньэнерго 319 467
Россети Ленэнерго (ГК) Ленинградская область - 274 501
г. Санкт-Петербург - 135 -30
Россети Московский регион Московская область -2 728 26
г. Москва - 739 96
Россети Северный Кавказ (ГК) Дагэнерго - 409 86
Ингушэнерго - 145 41
Каббалкэнерго 55 -4
Карачаево-Черкесскэнерго 50 -22
Севкавказэнерго -5 -24
Ставропольэнерго 23 84
Россети Северо-Запад Архангельский филиал -69 52
Вологодский филиал -44 43
Карельский филиал -17 -65
Мурманский филиал 24 -84
Новгородский филиал 10 21
Псковский филиал -55 30
филиал в Республике Коми - 136 39
Россети Сибирь (ГК) Алтайэнерго 47 24
Бурятэнерго 52 -32
ГАЭС 23 4
Красноярскэнерго 299 26
Кузбассэнерго-РЭС -85 499
Омскэнерго 40 -69
Хакасэнерго -9 -53
Читаэнерго 23 88
Россети Томск Томская распределительная компания - 100 42
Россети Тюмень Россети Тюмень -2 270 - 495
Россети Урал (ГК) Пермэнерго - 357 1
Свердловэнерго - 199 -32
Челябэнерго - 323 -77
Россети ФСК ЕЭС Итого по ФСК ЕЭС - 451 2 121
Россети Центр Белгородэнерго -74 30
Брянскэнерго -66 -2
Воронежэнерго - 100 37
Костромаэнерго -73 -1
Курскэнерго -21 41
Липецкэнерго - 216 43
Орелэнерго -39 4
Смоленскэнерго -41 4
Тамбовэнерго -25 -5
Тверьэнерго - 164 -10
Ярэнерго - 130 4
Россети Центр и Приволжье (ГК) Владимирэнерго - 188 -31
Ивэнерго 4 -31
Калугаэнерго -57 41
Кировэнерго -64 14
Мариэнерго -39 29
Нижновэнерго - 287 49
Рязаньэнерго - 201 45
Тулэнерго - 131 -64
Удмуртэнерго -55 61
Россети Юг (ГК) АО «ВМЭС» -7 15
Астраханьэнерго -22 -15
Волгоградэнерго - 314 22
Калмэнерго 20 -5
Ростовэнерго 153 143
Россети Янтарь Россети Янтарь 15 15'

16-05-2025T11:50:29 - [TEST_STEP][PASSED] - println("tableA: " + tableA): null

16-05-2025T11:50:29 - [TEST_STEP][PASSED] - for ([i = 1, i < 5, (i++)]): null

16-05-2025T11:50:29 - [TEST_STEP][PASSED] - ii = tableA.indexOf("/") + 1: null

16-05-2025T11:50:29 - [TEST_STEP][PASSED] - tableA = tableA.substring(ii, tableA.length()): null

16-05-2025T11:50:29 - [TEST_STEP][PASSED] - ii = tableA.indexOf("/") + 1: null

16-05-2025T11:50:29 - [TEST_STEP][PASSED] - tableA = tableA.substring(ii, tableA.length()): null

16-05-2025T11:50:29 - [TEST_STEP][PASSED] - ii = tableA.indexOf("/") + 1: null

16-05-2025T11:50:29 - [TEST_STEP][PASSED] - tableA = tableA.substring(ii, tableA.length()): null

16-05-2025T11:50:29 - [TEST_STEP][PASSED] - ii = tableA.indexOf("/") + 1: null

16-05-2025T11:50:29 - [TEST_STEP][PASSED] - tableA = tableA.substring(ii, tableA.length()): null

16-05-2025T11:50:29 - [TEST_STEP][PASSED] - println("tableA: " + tableA): null

16-05-2025T11:50:29 - [TEST_STEP][PASSED] - ResA = Script1719551244403.GetData(x = tableA): null

16-05-2025T11:50:29 - [TEST_STEP][PASSED] - i2 = <not implemented yet for class: org.codehaus.groovy.ast.expr.EmptyExpression>: null

16-05-2025T11:50:29 - [TEST_STEP][PASSED] - i2 = x.indexOf("/") + 1: null

16-05-2025T11:50:29 - [TEST_STEP][PASSED] - x = /]", "").trim(): null

16-05-2025T11:50:29 - [TEST_STEP][PASSED] - return x: null

16-05-2025T11:50:29 - [TEST_STEP][PASSED] - println("ResA: " + ResA): null

16-05-2025T11:50:29 - [TEST_STEP][PASSED] - tableA = Script1719551244403.NewDZO(x = tableA): null

16-05-2025T11:50:29 - [TEST_STEP][PASSED] - i3 = <not implemented yet for class: org.codehaus.groovy.ast.expr.EmptyExpression>: null

16-05-2025T11:50:29 - [TEST_STEP][PASSED] - i3 = x.indexOf("/") + 1: null

16-05-2025T11:50:29 - [TEST_STEP][PASSED] - x = x.substring(i3, x.length()): null

16-05-2025T11:50:29 - [TEST_STEP][PASSED] - return x: null

16-05-2025T11:50:29 - [TEST_STEP][PASSED] - TyA = Script1719551244403.GetData(x = tableA): null

16-05-2025T11:50:29 - [TEST_STEP][PASSED] - i2 = <not implemented yet for class: org.codehaus.groovy.ast.expr.EmptyExpression>: null

16-05-2025T11:50:29 - [TEST_STEP][PASSED] - i2 = x.indexOf("/") + 1: null

16-05-2025T11:50:29 - [TEST_STEP][PASSED] - x = /]", "").trim(): null

16-05-2025T11:50:29 - [TEST_STEP][PASSED] - return x: null

16-05-2025T11:50:29 - [TEST_STEP][PASSED] - println("TyA: " + TyA): null

16-05-2025T11:50:29 - [TEST_STEP][PASSED] - tableA = Script1719551244403.NewDZO(x = tableA): null

16-05-2025T11:50:29 - [TEST_STEP][PASSED] - i3 = <not implemented yet for class: org.codehaus.groovy.ast.expr.EmptyExpression>: null

16-05-2025T11:50:29 - [TEST_STEP][PASSED] - i3 = x.indexOf("/") + 1: null

16-05-2025T11:50:29 - [TEST_STEP][PASSED] - x = x.substring(i3, x.length()): null

16-05-2025T11:50:29 - [TEST_STEP][PASSED] - return x: null

16-05-2025T11:50:29 - [TEST_STEP][PASSED] - ChA = Script1719551244403.GetData(x = tableA): null

16-05-2025T11:50:29 - [TEST_STEP][PASSED] - i2 = <not implemented yet for class: org.codehaus.groovy.ast.expr.EmptyExpression>: null

16-05-2025T11:50:29 - [TEST_STEP][PASSED] - i2 = x.indexOf("/") + 1: null

16-05-2025T11:50:29 - [TEST_STEP][PASSED] - x = /]", "").trim(): null

16-05-2025T11:50:29 - [TEST_STEP][PASSED] - return x: null

16-05-2025T11:50:29 - [TEST_STEP][PASSED] - println("ChA: " + ChA): null

16-05-2025T11:50:29 - [TEST_STEP][PASSED] - tableA = Script1719551244403.NewDZO(x = tableA): null

16-05-2025T11:50:29 - [TEST_STEP][PASSED] - i3 = <not implemented yet for class: org.codehaus.groovy.ast.expr.EmptyExpression>: null

16-05-2025T11:50:29 - [TEST_STEP][PASSED] - i3 = x.indexOf("/") + 1: null

16-05-2025T11:50:29 - [TEST_STEP][PASSED] - x = x.substring(i3, x.length()): null

16-05-2025T11:50:29 - [TEST_STEP][PASSED] - return x: null

16-05-2025T11:50:29 - [TEST_STEP][PASSED] - i = tableA.indexOf("Кубань"): null

16-05-2025T11:50:29 - [TEST_STEP][PASSED] - VA = /]", "").trim(): null

16-05-2025T11:50:29 - [TEST_STEP][PASSED] - println("VA: " + VA): null

16-05-2025T11:50:29 - [TEST_STEP][PASSED] - for ([i = 1, i < 8, (i++)]): null

16-05-2025T11:50:29 - [TEST_STEP][PASSED] - tableA = Script1719551244403.NewDZO(x = tableA): null

16-05-2025T11:50:29 - [TEST_STEP][PASSED] - i3 = <not implemented yet for class: org.codehaus.groovy.ast.expr.EmptyExpression>: null

16-05-2025T11:50:29 - [TEST_STEP][PASSED] - i3 = x.indexOf("/") + 1: null

16-05-2025T11:50:29 - [TEST_STEP][PASSED] - x = x.substring(i3, x.length()): null

16-05-2025T11:50:29 - [TEST_STEP][PASSED] - return x: null

16-05-2025T11:50:29 - [TEST_STEP][PASSED] - tableA = Script1719551244403.NewDZO(x = tableA): null

16-05-2025T11:50:29 - [TEST_STEP][PASSED] - i3 = <not implemented yet for class: org.codehaus.groovy.ast.expr.EmptyExpression>: null

16-05-2025T11:50:29 - [TEST_STEP][PASSED] - i3 = x.indexOf("/") + 1: null

16-05-2025T11:50:29 - [TEST_STEP][PASSED] - x = x.substring(i3, x.length()): null

16-05-2025T11:50:29 - [TEST_STEP][PASSED] - return x: null

16-05-2025T11:50:29 - [TEST_STEP][PASSED] - tableA = Script1719551244403.NewDZO(x = tableA): null

16-05-2025T11:50:29 - [TEST_STEP][PASSED] - i3 = <not implemented yet for class: org.codehaus.groovy.ast.expr.EmptyExpression>: null

16-05-2025T11:50:29 - [TEST_STEP][PASSED] - i3 = x.indexOf("/") + 1: null

16-05-2025T11:50:29 - [TEST_STEP][PASSED] - x = x.substring(i3, x.length()): null

16-05-2025T11:50:29 - [TEST_STEP][PASSED] - return x: null

16-05-2025T11:50:29 - [TEST_STEP][PASSED] - tableA = Script1719551244403.NewDZO(x = tableA): null

16-05-2025T11:50:29 - [TEST_STEP][PASSED] - i3 = <not implemented yet for class: org.codehaus.groovy.ast.expr.EmptyExpression>: null

16-05-2025T11:50:29 - [TEST_STEP][PASSED] - i3 = x.indexOf("/") + 1: null

16-05-2025T11:50:29 - [TEST_STEP][PASSED] - x = x.substring(i3, x.length()): null

16-05-2025T11:50:29 - [TEST_STEP][PASSED] - return x: null

16-05-2025T11:50:29 - [TEST_STEP][PASSED] - tableA = Script1719551244403.NewDZO(x = tableA): null

16-05-2025T11:50:29 - [TEST_STEP][PASSED] - i3 = <not implemented yet for class: org.codehaus.groovy.ast.expr.EmptyExpression>: null

16-05-2025T11:50:29 - [TEST_STEP][PASSED] - i3 = x.indexOf("/") + 1: null

16-05-2025T11:50:29 - [TEST_STEP][PASSED] - x = x.substring(i3, x.length()): null

16-05-2025T11:50:29 - [TEST_STEP][PASSED] - return x: null

16-05-2025T11:50:29 - [TEST_STEP][PASSED] - tableA = Script1719551244403.NewDZO(x = tableA): null

16-05-2025T11:50:29 - [TEST_STEP][PASSED] - i3 = <not implemented yet for class: org.codehaus.groovy.ast.expr.EmptyExpression>: null

16-05-2025T11:50:29 - [TEST_STEP][PASSED] - i3 = x.indexOf("/") + 1: null

16-05-2025T11:50:29 - [TEST_STEP][PASSED] - x = x.substring(i3, x.length()): null

16-05-2025T11:50:29 - [TEST_STEP][PASSED] - return x: null

16-05-2025T11:50:29 - [TEST_STEP][PASSED] - tableA = Script1719551244403.NewDZO(x = tableA): null

16-05-2025T11:50:29 - [TEST_STEP][PASSED] - i3 = <not implemented yet for class: org.codehaus.groovy.ast.expr.EmptyExpression>: null

16-05-2025T11:50:29 - [TEST_STEP][PASSED] - i3 = x.indexOf("/") + 1: null

16-05-2025T11:50:29 - [TEST_STEP][PASSED] - x = x.substring(i3, x.length()): null

16-05-2025T11:50:29 - [TEST_STEP][PASSED] - return x: null

16-05-2025T11:50:29 - [TEST_STEP][PASSED] - i = tableA.indexOf("Ленэнерго"): null

16-05-2025T11:50:29 - [TEST_STEP][PASSED] - KuA = Script1719551244403.GetData(x = tableA): null

16-05-2025T11:50:29 - [TEST_STEP][PASSED] - i2 = <not implemented yet for class: org.codehaus.groovy.ast.expr.EmptyExpression>: null

16-05-2025T11:50:29 - [TEST_STEP][PASSED] - i2 = x.indexOf("/") + 1: null

16-05-2025T11:50:29 - [TEST_STEP][PASSED] - x = /]", "").trim(): null

16-05-2025T11:50:29 - [TEST_STEP][PASSED] - return x: null

16-05-2025T11:50:29 - [TEST_STEP][PASSED] - println("KuA: " + KuA): null

16-05-2025T11:50:29 - [TEST_STEP][PASSED] - tableA = Script1719551244403.NewDZO(x = tableA): null

16-05-2025T11:50:29 - [TEST_STEP][PASSED] - i3 = <not implemented yet for class: org.codehaus.groovy.ast.expr.EmptyExpression>: null

16-05-2025T11:50:29 - [TEST_STEP][PASSED] - i3 = x.indexOf("/") + 1: null

16-05-2025T11:50:29 - [TEST_STEP][PASSED] - x = x.substring(i3, x.length()): null

16-05-2025T11:50:29 - [TEST_STEP][PASSED] - return x: null

16-05-2025T11:50:29 - [TEST_STEP][PASSED] - i = tableA.indexOf("Московский"): null

16-05-2025T11:50:29 - [TEST_STEP][PASSED] - LenA = /]", "").trim(): null

16-05-2025T11:50:29 - [TEST_STEP][PASSED] - println("LenA: " + LenA): null

16-05-2025T11:50:29 - [TEST_STEP][PASSED] - tableA = Script1719551244403.NewDZO(x = tableA): null

16-05-2025T11:50:29 - [TEST_STEP][PASSED] - i3 = <not implemented yet for class: org.codehaus.groovy.ast.expr.EmptyExpression>: null

16-05-2025T11:50:29 - [TEST_STEP][PASSED] - i3 = x.indexOf("/") + 1: null

16-05-2025T11:50:29 - [TEST_STEP][PASSED] - x = x.substring(i3, x.length()): null

16-05-2025T11:50:29 - [TEST_STEP][PASSED] - return x: null

16-05-2025T11:50:29 - [TEST_STEP][PASSED] - tableA = Script1719551244403.NewDZO(x = tableA): null

16-05-2025T11:50:29 - [TEST_STEP][PASSED] - i3 = <not implemented yet for class: org.codehaus.groovy.ast.expr.EmptyExpression>: null

16-05-2025T11:50:29 - [TEST_STEP][PASSED] - i3 = x.indexOf("/") + 1: null

16-05-2025T11:50:29 - [TEST_STEP][PASSED] - x = x.substring(i3, x.length()): null

16-05-2025T11:50:29 - [TEST_STEP][PASSED] - return x: null

16-05-2025T11:50:29 - [TEST_STEP][PASSED] - i = tableA.indexOf("Кавказ"): null

16-05-2025T11:50:29 - [TEST_STEP][PASSED] - MosA = /]", "").trim(): null

16-05-2025T11:50:29 - [TEST_STEP][PASSED] - println("MosA: " + MosA): null

16-05-2025T11:50:29 - [TEST_STEP][PASSED] - for ([i = 1, i < 3, (i++)]): null

16-05-2025T11:50:29 - [TEST_STEP][PASSED] - tableA = Script1719551244403.NewDZO(x = tableA): null

16-05-2025T11:50:29 - [TEST_STEP][PASSED] - i3 = <not implemented yet for class: org.codehaus.groovy.ast.expr.EmptyExpression>: null

16-05-2025T11:50:29 - [TEST_STEP][PASSED] - i3 = x.indexOf("/") + 1: null

16-05-2025T11:50:29 - [TEST_STEP][PASSED] - x = x.substring(i3, x.length()): null

16-05-2025T11:50:29 - [TEST_STEP][PASSED] - return x: null

16-05-2025T11:50:29 - [TEST_STEP][PASSED] - tableA = Script1719551244403.NewDZO(x = tableA): null

16-05-2025T11:50:29 - [TEST_STEP][PASSED] - i3 = <not implemented yet for class: org.codehaus.groovy.ast.expr.EmptyExpression>: null

16-05-2025T11:50:29 - [TEST_STEP][PASSED] - i3 = x.indexOf("/") + 1: null

16-05-2025T11:50:29 - [TEST_STEP][PASSED] - x = x.substring(i3, x.length()): null

16-05-2025T11:50:29 - [TEST_STEP][PASSED] - return x: null

16-05-2025T11:50:29 - [TEST_STEP][PASSED] - i = tableA.indexOf("Запад") - 1: null

16-05-2025T11:50:29 - [TEST_STEP][PASSED] - SKA = /]", "").trim(): null

16-05-2025T11:50:29 - [TEST_STEP][PASSED] - println("SKA: " + SKA): null

16-05-2025T11:50:29 - [TEST_STEP][PASSED] - for ([i = 1, i < 7, (i++)]): null

16-05-2025T11:50:29 - [TEST_STEP][PASSED] - tableA = Script1719551244403.NewDZO(x = tableA): null

16-05-2025T11:50:29 - [TEST_STEP][PASSED] - i3 = <not implemented yet for class: org.codehaus.groovy.ast.expr.EmptyExpression>: null

16-05-2025T11:50:29 - [TEST_STEP][PASSED] - i3 = x.indexOf("/") + 1: null

16-05-2025T11:50:29 - [TEST_STEP][PASSED] - x = x.substring(i3, x.length()): null

16-05-2025T11:50:29 - [TEST_STEP][PASSED] - return x: null

16-05-2025T11:50:29 - [TEST_STEP][PASSED] - tableA = Script1719551244403.NewDZO(x = tableA): null

16-05-2025T11:50:29 - [TEST_STEP][PASSED] - i3 = <not implemented yet for class: org.codehaus.groovy.ast.expr.EmptyExpression>: null

16-05-2025T11:50:29 - [TEST_STEP][PASSED] - i3 = x.indexOf("/") + 1: null

16-05-2025T11:50:29 - [TEST_STEP][PASSED] - x = x.substring(i3, x.length()): null

16-05-2025T11:50:29 - [TEST_STEP][PASSED] - return x: null

16-05-2025T11:50:29 - [TEST_STEP][PASSED] - tableA = Script1719551244403.NewDZO(x = tableA): null

16-05-2025T11:50:29 - [TEST_STEP][PASSED] - i3 = <not implemented yet for class: org.codehaus.groovy.ast.expr.EmptyExpression>: null

16-05-2025T11:50:29 - [TEST_STEP][PASSED] - i3 = x.indexOf("/") + 1: null

16-05-2025T11:50:29 - [TEST_STEP][PASSED] - x = x.substring(i3, x.length()): null

16-05-2025T11:50:29 - [TEST_STEP][PASSED] - return x: null

16-05-2025T11:50:29 - [TEST_STEP][PASSED] - tableA = Script1719551244403.NewDZO(x = tableA): null

16-05-2025T11:50:29 - [TEST_STEP][PASSED] - i3 = <not implemented yet for class: org.codehaus.groovy.ast.expr.EmptyExpression>: null

16-05-2025T11:50:29 - [TEST_STEP][PASSED] - i3 = x.indexOf("/") + 1: null

16-05-2025T11:50:29 - [TEST_STEP][PASSED] - x = x.substring(i3, x.length()): null

16-05-2025T11:50:29 - [TEST_STEP][PASSED] - return x: null

16-05-2025T11:50:29 - [TEST_STEP][PASSED] - tableA = Script1719551244403.NewDZO(x = tableA): null

16-05-2025T11:50:29 - [TEST_STEP][PASSED] - i3 = <not implemented yet for class: org.codehaus.groovy.ast.expr.EmptyExpression>: null

16-05-2025T11:50:29 - [TEST_STEP][PASSED] - i3 = x.indexOf("/") + 1: null

16-05-2025T11:50:29 - [TEST_STEP][PASSED] - x = x.substring(i3, x.length()): null

16-05-2025T11:50:29 - [TEST_STEP][PASSED] - return x: null

16-05-2025T11:50:29 - [TEST_STEP][PASSED] - tableA = Script1719551244403.NewDZO(x = tableA): null

16-05-2025T11:50:29 - [TEST_STEP][PASSED] - i3 = <not implemented yet for class: org.codehaus.groovy.ast.expr.EmptyExpression>: null

16-05-2025T11:50:29 - [TEST_STEP][PASSED] - i3 = x.indexOf("/") + 1: null

16-05-2025T11:50:29 - [TEST_STEP][PASSED] - x = x.substring(i3, x.length()): null

16-05-2025T11:50:29 - [TEST_STEP][PASSED] - return x: null

16-05-2025T11:50:29 - [TEST_STEP][PASSED] - i = tableA.indexOf("Сибирь"): null

16-05-2025T11:50:29 - [TEST_STEP][PASSED] - SZA = /]", "").trim(): null

16-05-2025T11:50:29 - [TEST_STEP][PASSED] - println("SZA: " + SZA): null

16-05-2025T11:50:29 - [TEST_STEP][PASSED] - for ([i = 1, i < 8, (i++)]): null

16-05-2025T11:50:29 - [TEST_STEP][PASSED] - tableA = Script1719551244403.NewDZO(x = tableA): null

16-05-2025T11:50:29 - [TEST_STEP][PASSED] - i3 = <not implemented yet for class: org.codehaus.groovy.ast.expr.EmptyExpression>: null

16-05-2025T11:50:29 - [TEST_STEP][PASSED] - i3 = x.indexOf("/") + 1: null

16-05-2025T11:50:29 - [TEST_STEP][PASSED] - x = x.substring(i3, x.length()): null

16-05-2025T11:50:29 - [TEST_STEP][PASSED] - return x: null

16-05-2025T11:50:29 - [TEST_STEP][PASSED] - tableA = Script1719551244403.NewDZO(x = tableA): null

16-05-2025T11:50:29 - [TEST_STEP][PASSED] - i3 = <not implemented yet for class: org.codehaus.groovy.ast.expr.EmptyExpression>: null

16-05-2025T11:50:29 - [TEST_STEP][PASSED] - i3 = x.indexOf("/") + 1: null

16-05-2025T11:50:29 - [TEST_STEP][PASSED] - x = x.substring(i3, x.length()): null

16-05-2025T11:50:29 - [TEST_STEP][PASSED] - return x: null

16-05-2025T11:50:29 - [TEST_STEP][PASSED] - tableA = Script1719551244403.NewDZO(x = tableA): null

16-05-2025T11:50:29 - [TEST_STEP][PASSED] - i3 = <not implemented yet for class: org.codehaus.groovy.ast.expr.EmptyExpression>: null

16-05-2025T11:50:29 - [TEST_STEP][PASSED] - i3 = x.indexOf("/") + 1: null

16-05-2025T11:50:29 - [TEST_STEP][PASSED] - x = x.substring(i3, x.length()): null

16-05-2025T11:50:29 - [TEST_STEP][PASSED] - return x: null

16-05-2025T11:50:29 - [TEST_STEP][PASSED] - tableA = Script1719551244403.NewDZO(x = tableA): null

16-05-2025T11:50:29 - [TEST_STEP][PASSED] - i3 = <not implemented yet for class: org.codehaus.groovy.ast.expr.EmptyExpression>: null

16-05-2025T11:50:29 - [TEST_STEP][PASSED] - i3 = x.indexOf("/") + 1: null

16-05-2025T11:50:29 - [TEST_STEP][PASSED] - x = x.substring(i3, x.length()): null

16-05-2025T11:50:29 - [TEST_STEP][PASSED] - return x: null

16-05-2025T11:50:29 - [TEST_STEP][PASSED] - tableA = Script1719551244403.NewDZO(x = tableA): null

16-05-2025T11:50:29 - [TEST_STEP][PASSED] - i3 = <not implemented yet for class: org.codehaus.groovy.ast.expr.EmptyExpression>: null

16-05-2025T11:50:29 - [TEST_STEP][PASSED] - i3 = x.indexOf("/") + 1: null

16-05-2025T11:50:29 - [TEST_STEP][PASSED] - x = x.substring(i3, x.length()): null

16-05-2025T11:50:29 - [TEST_STEP][PASSED] - return x: null

16-05-2025T11:50:29 - [TEST_STEP][PASSED] - tableA = Script1719551244403.NewDZO(x = tableA): null

16-05-2025T11:50:29 - [TEST_STEP][PASSED] - i3 = <not implemented yet for class: org.codehaus.groovy.ast.expr.EmptyExpression>: null

16-05-2025T11:50:29 - [TEST_STEP][PASSED] - i3 = x.indexOf("/") + 1: null

16-05-2025T11:50:29 - [TEST_STEP][PASSED] - x = x.substring(i3, x.length()): null

16-05-2025T11:50:29 - [TEST_STEP][PASSED] - return x: null

16-05-2025T11:50:29 - [TEST_STEP][PASSED] - tableA = Script1719551244403.NewDZO(x = tableA): null

16-05-2025T11:50:29 - [TEST_STEP][PASSED] - i3 = <not implemented yet for class: org.codehaus.groovy.ast.expr.EmptyExpression>: null

16-05-2025T11:50:29 - [TEST_STEP][PASSED] - i3 = x.indexOf("/") + 1: null

16-05-2025T11:50:29 - [TEST_STEP][PASSED] - x = x.substring(i3, x.length()): null

16-05-2025T11:50:29 - [TEST_STEP][PASSED] - return x: null

16-05-2025T11:50:29 - [TEST_STEP][PASSED] - i = tableA.indexOf("Томск"): null

16-05-2025T11:50:29 - [TEST_STEP][PASSED] - SiA = /]", "").trim(): null

16-05-2025T11:50:29 - [TEST_STEP][PASSED] - println("SiA: " + SiA): null

16-05-2025T11:50:29 - [TEST_STEP][PASSED] - for ([i = 1, i < 9, (i++)]): null

16-05-2025T11:50:29 - [TEST_STEP][PASSED] - tableA = Script1719551244403.NewDZO(x = tableA): null

16-05-2025T11:50:29 - [TEST_STEP][PASSED] - i3 = <not implemented yet for class: org.codehaus.groovy.ast.expr.EmptyExpression>: null

16-05-2025T11:50:29 - [TEST_STEP][PASSED] - i3 = x.indexOf("/") + 1: null

16-05-2025T11:50:29 - [TEST_STEP][PASSED] - x = x.substring(i3, x.length()): null

16-05-2025T11:50:29 - [TEST_STEP][PASSED] - return x: null

16-05-2025T11:50:29 - [TEST_STEP][PASSED] - tableA = Script1719551244403.NewDZO(x = tableA): null

16-05-2025T11:50:29 - [TEST_STEP][PASSED] - i3 = <not implemented yet for class: org.codehaus.groovy.ast.expr.EmptyExpression>: null

16-05-2025T11:50:29 - [TEST_STEP][PASSED] - i3 = x.indexOf("/") + 1: null

16-05-2025T11:50:29 - [TEST_STEP][PASSED] - x = x.substring(i3, x.length()): null

16-05-2025T11:50:29 - [TEST_STEP][PASSED] - return x: null

16-05-2025T11:50:29 - [TEST_STEP][PASSED] - tableA = Script1719551244403.NewDZO(x = tableA): null

16-05-2025T11:50:29 - [TEST_STEP][PASSED] - i3 = <not implemented yet for class: org.codehaus.groovy.ast.expr.EmptyExpression>: null

16-05-2025T11:50:29 - [TEST_STEP][PASSED] - i3 = x.indexOf("/") + 1: null

16-05-2025T11:50:29 - [TEST_STEP][PASSED] - x = x.substring(i3, x.length()): null

16-05-2025T11:50:29 - [TEST_STEP][PASSED] - return x: null

16-05-2025T11:50:29 - [TEST_STEP][PASSED] - tableA = Script1719551244403.NewDZO(x = tableA): null

16-05-2025T11:50:29 - [TEST_STEP][PASSED] - i3 = <not implemented yet for class: org.codehaus.groovy.ast.expr.EmptyExpression>: null

16-05-2025T11:50:29 - [TEST_STEP][PASSED] - i3 = x.indexOf("/") + 1: null

16-05-2025T11:50:29 - [TEST_STEP][PASSED] - x = x.substring(i3, x.length()): null

16-05-2025T11:50:29 - [TEST_STEP][PASSED] - return x: null

16-05-2025T11:50:29 - [TEST_STEP][PASSED] - tableA = Script1719551244403.NewDZO(x = tableA): null

16-05-2025T11:50:29 - [TEST_STEP][PASSED] - i3 = <not implemented yet for class: org.codehaus.groovy.ast.expr.EmptyExpression>: null

16-05-2025T11:50:29 - [TEST_STEP][PASSED] - i3 = x.indexOf("/") + 1: null

16-05-2025T11:50:29 - [TEST_STEP][PASSED] - x = x.substring(i3, x.length()): null

16-05-2025T11:50:29 - [TEST_STEP][PASSED] - return x: null

16-05-2025T11:50:29 - [TEST_STEP][PASSED] - tableA = Script1719551244403.NewDZO(x = tableA): null

16-05-2025T11:50:29 - [TEST_STEP][PASSED] - i3 = <not implemented yet for class: org.codehaus.groovy.ast.expr.EmptyExpression>: null

16-05-2025T11:50:29 - [TEST_STEP][PASSED] - i3 = x.indexOf("/") + 1: null

16-05-2025T11:50:29 - [TEST_STEP][PASSED] - x = x.substring(i3, x.length()): null

16-05-2025T11:50:29 - [TEST_STEP][PASSED] - return x: null

16-05-2025T11:50:29 - [TEST_STEP][PASSED] - tableA = Script1719551244403.NewDZO(x = tableA): null

16-05-2025T11:50:29 - [TEST_STEP][PASSED] - i3 = <not implemented yet for class: org.codehaus.groovy.ast.expr.EmptyExpression>: null

16-05-2025T11:50:29 - [TEST_STEP][PASSED] - i3 = x.indexOf("/") + 1: null

16-05-2025T11:50:29 - [TEST_STEP][PASSED] - x = x.substring(i3, x.length()): null

16-05-2025T11:50:29 - [TEST_STEP][PASSED] - return x: null

16-05-2025T11:50:29 - [TEST_STEP][PASSED] - tableA = Script1719551244403.NewDZO(x = tableA): null

16-05-2025T11:50:29 - [TEST_STEP][PASSED] - i3 = <not implemented yet for class: org.codehaus.groovy.ast.expr.EmptyExpression>: null

16-05-2025T11:50:29 - [TEST_STEP][PASSED] - i3 = x.indexOf("/") + 1: null

16-05-2025T11:50:29 - [TEST_STEP][PASSED] - x = x.substring(i3, x.length()): null

16-05-2025T11:50:29 - [TEST_STEP][PASSED] - return x: null

16-05-2025T11:50:29 - [TEST_STEP][PASSED] - i = tableA.indexOf("Тюмень"): null

16-05-2025T11:50:29 - [TEST_STEP][PASSED] - ToA = /]", "").trim(): null

16-05-2025T11:50:29 - [TEST_STEP][PASSED] - println("ToA: " + ToA): null

16-05-2025T11:50:29 - [TEST_STEP][PASSED] - tableA = Script1719551244403.NewDZO(x = tableA): null

16-05-2025T11:50:29 - [TEST_STEP][PASSED] - i3 = <not implemented yet for class: org.codehaus.groovy.ast.expr.EmptyExpression>: null

16-05-2025T11:50:29 - [TEST_STEP][PASSED] - i3 = x.indexOf("/") + 1: null

16-05-2025T11:50:29 - [TEST_STEP][PASSED] - x = x.substring(i3, x.length()): null

16-05-2025T11:50:29 - [TEST_STEP][PASSED] - return x: null

16-05-2025T11:50:29 - [TEST_STEP][PASSED] - TyuA = /]", "").trim(): null

16-05-2025T11:50:29 - [TEST_STEP][PASSED] - println("TyuA: " + TyuA): null

16-05-2025T11:50:29 - [TEST_STEP][PASSED] - tableA = Script1719551244403.NewDZO(x = tableA): null

16-05-2025T11:50:29 - [TEST_STEP][PASSED] - i3 = <not implemented yet for class: org.codehaus.groovy.ast.expr.EmptyExpression>: null

16-05-2025T11:50:29 - [TEST_STEP][PASSED] - i3 = x.indexOf("/") + 1: null

16-05-2025T11:50:29 - [TEST_STEP][PASSED] - x = x.substring(i3, x.length()): null

16-05-2025T11:50:29 - [TEST_STEP][PASSED] - return x: null

16-05-2025T11:50:29 - [TEST_STEP][PASSED] - i = tableA.indexOf("ЕЭС"): null

16-05-2025T11:50:29 - [TEST_STEP][PASSED] - UrA = /]", "").trim(): null

16-05-2025T11:50:29 - [TEST_STEP][PASSED] - println("UrA: " + UrA): null

16-05-2025T11:50:29 - [TEST_STEP][PASSED] - for ([i = 1, i < 4, (i++)]): null

16-05-2025T11:50:29 - [TEST_STEP][PASSED] - tableA = Script1719551244403.NewDZO(x = tableA): null

16-05-2025T11:50:29 - [TEST_STEP][PASSED] - i3 = <not implemented yet for class: org.codehaus.groovy.ast.expr.EmptyExpression>: null

16-05-2025T11:50:29 - [TEST_STEP][PASSED] - i3 = x.indexOf("/") + 1: null

16-05-2025T11:50:29 - [TEST_STEP][PASSED] - x = x.substring(i3, x.length()): null

16-05-2025T11:50:29 - [TEST_STEP][PASSED] - return x: null

16-05-2025T11:50:29 - [TEST_STEP][PASSED] - tableA = Script1719551244403.NewDZO(x = tableA): null

16-05-2025T11:50:29 - [TEST_STEP][PASSED] - i3 = <not implemented yet for class: org.codehaus.groovy.ast.expr.EmptyExpression>: null

16-05-2025T11:50:29 - [TEST_STEP][PASSED] - i3 = x.indexOf("/") + 1: null

16-05-2025T11:50:29 - [TEST_STEP][PASSED] - x = x.substring(i3, x.length()): null

16-05-2025T11:50:29 - [TEST_STEP][PASSED] - return x: null

16-05-2025T11:50:29 - [TEST_STEP][PASSED] - tableA = Script1719551244403.NewDZO(x = tableA): null

16-05-2025T11:50:29 - [TEST_STEP][PASSED] - i3 = <not implemented yet for class: org.codehaus.groovy.ast.expr.EmptyExpression>: null

16-05-2025T11:50:29 - [TEST_STEP][PASSED] - i3 = x.indexOf("/") + 1: null

16-05-2025T11:50:29 - [TEST_STEP][PASSED] - x = x.substring(i3, x.length()): null

16-05-2025T11:50:29 - [TEST_STEP][PASSED] - return x: null

16-05-2025T11:50:29 - [TEST_STEP][PASSED] - i = tableA.indexOf("Центр"): null

16-05-2025T11:50:29 - [TEST_STEP][PASSED] - FSKA = /]", "").trim(): null

16-05-2025T11:50:29 - [TEST_STEP][PASSED] - println("FSKA: " + FSKA): null

16-05-2025T11:50:29 - [TEST_STEP][PASSED] - tableA = Script1719551244403.NewDZO(x = tableA): null

16-05-2025T11:50:29 - [TEST_STEP][PASSED] - i3 = <not implemented yet for class: org.codehaus.groovy.ast.expr.EmptyExpression>: null

16-05-2025T11:50:29 - [TEST_STEP][PASSED] - i3 = x.indexOf("/") + 1: null

16-05-2025T11:50:29 - [TEST_STEP][PASSED] - x = x.substring(i3, x.length()): null

16-05-2025T11:50:29 - [TEST_STEP][PASSED] - return x: null

16-05-2025T11:50:29 - [TEST_STEP][PASSED] - i = tableA.indexOf("Приволжье"): null

16-05-2025T11:50:29 - [TEST_STEP][PASSED] - CenA = /]", "").trim(): null

16-05-2025T11:50:29 - [TEST_STEP][PASSED] - println("CenA: " + CenA): null

16-05-2025T11:50:29 - [TEST_STEP][PASSED] - for ([i = 1, i < 12, (i++)]): null

16-05-2025T11:50:29 - [TEST_STEP][PASSED] - tableA = Script1719551244403.NewDZO(x = tableA): null

16-05-2025T11:50:30 - [TEST_STEP][PASSED] - i3 = <not implemented yet for class: org.codehaus.groovy.ast.expr.EmptyExpression>: null

16-05-2025T11:50:30 - [TEST_STEP][PASSED] - i3 = x.indexOf("/") + 1: null

16-05-2025T11:50:30 - [TEST_STEP][PASSED] - x = x.substring(i3, x.length()): null

16-05-2025T11:50:30 - [TEST_STEP][PASSED] - return x: null

16-05-2025T11:50:30 - [TEST_STEP][PASSED] - tableA = Script1719551244403.NewDZO(x = tableA): null

16-05-2025T11:50:30 - [TEST_STEP][PASSED] - i3 = <not implemented yet for class: org.codehaus.groovy.ast.expr.EmptyExpression>: null

16-05-2025T11:50:30 - [TEST_STEP][PASSED] - i3 = x.indexOf("/") + 1: null

16-05-2025T11:50:30 - [TEST_STEP][PASSED] - x = x.substring(i3, x.length()): null

16-05-2025T11:50:30 - [TEST_STEP][PASSED] - return x: null

16-05-2025T11:50:30 - [TEST_STEP][PASSED] - tableA = Script1719551244403.NewDZO(x = tableA): null

16-05-2025T11:50:30 - [TEST_STEP][PASSED] - i3 = <not implemented yet for class: org.codehaus.groovy.ast.expr.EmptyExpression>: null

16-05-2025T11:50:30 - [TEST_STEP][PASSED] - i3 = x.indexOf("/") + 1: null

16-05-2025T11:50:30 - [TEST_STEP][PASSED] - x = x.substring(i3, x.length()): null

16-05-2025T11:50:30 - [TEST_STEP][PASSED] - return x: null

16-05-2025T11:50:30 - [TEST_STEP][PASSED] - tableA = Script1719551244403.NewDZO(x = tableA): null

16-05-2025T11:50:30 - [TEST_STEP][PASSED] - i3 = <not implemented yet for class: org.codehaus.groovy.ast.expr.EmptyExpression>: null

16-05-2025T11:50:30 - [TEST_STEP][PASSED] - i3 = x.indexOf("/") + 1: null

16-05-2025T11:50:30 - [TEST_STEP][PASSED] - x = x.substring(i3, x.length()): null

16-05-2025T11:50:30 - [TEST_STEP][PASSED] - return x: null

16-05-2025T11:50:30 - [TEST_STEP][PASSED] - tableA = Script1719551244403.NewDZO(x = tableA): null

16-05-2025T11:50:30 - [TEST_STEP][PASSED] - i3 = <not implemented yet for class: org.codehaus.groovy.ast.expr.EmptyExpression>: null

16-05-2025T11:50:30 - [TEST_STEP][PASSED] - i3 = x.indexOf("/") + 1: null

16-05-2025T11:50:30 - [TEST_STEP][PASSED] - x = x.substring(i3, x.length()): null

16-05-2025T11:50:30 - [TEST_STEP][PASSED] - return x: null

16-05-2025T11:50:30 - [TEST_STEP][PASSED] - tableA = Script1719551244403.NewDZO(x = tableA): null

16-05-2025T11:50:30 - [TEST_STEP][PASSED] - i3 = <not implemented yet for class: org.codehaus.groovy.ast.expr.EmptyExpression>: null

16-05-2025T11:50:30 - [TEST_STEP][PASSED] - i3 = x.indexOf("/") + 1: null

16-05-2025T11:50:30 - [TEST_STEP][PASSED] - x = x.substring(i3, x.length()): null

16-05-2025T11:50:30 - [TEST_STEP][PASSED] - return x: null

16-05-2025T11:50:30 - [TEST_STEP][PASSED] - tableA = Script1719551244403.NewDZO(x = tableA): null

16-05-2025T11:50:30 - [TEST_STEP][PASSED] - i3 = <not implemented yet for class: org.codehaus.groovy.ast.expr.EmptyExpression>: null

16-05-2025T11:50:30 - [TEST_STEP][PASSED] - i3 = x.indexOf("/") + 1: null

16-05-2025T11:50:30 - [TEST_STEP][PASSED] - x = x.substring(i3, x.length()): null

16-05-2025T11:50:30 - [TEST_STEP][PASSED] - return x: null

16-05-2025T11:50:30 - [TEST_STEP][PASSED] - tableA = Script1719551244403.NewDZO(x = tableA): null

16-05-2025T11:50:30 - [TEST_STEP][PASSED] - i3 = <not implemented yet for class: org.codehaus.groovy.ast.expr.EmptyExpression>: null

16-05-2025T11:50:30 - [TEST_STEP][PASSED] - i3 = x.indexOf("/") + 1: null

16-05-2025T11:50:30 - [TEST_STEP][PASSED] - x = x.substring(i3, x.length()): null

16-05-2025T11:50:30 - [TEST_STEP][PASSED] - return x: null

16-05-2025T11:50:30 - [TEST_STEP][PASSED] - tableA = Script1719551244403.NewDZO(x = tableA): null

16-05-2025T11:50:30 - [TEST_STEP][PASSED] - i3 = <not implemented yet for class: org.codehaus.groovy.ast.expr.EmptyExpression>: null

16-05-2025T11:50:30 - [TEST_STEP][PASSED] - i3 = x.indexOf("/") + 1: null

16-05-2025T11:50:30 - [TEST_STEP][PASSED] - x = x.substring(i3, x.length()): null

16-05-2025T11:50:30 - [TEST_STEP][PASSED] - return x: null

16-05-2025T11:50:30 - [TEST_STEP][PASSED] - tableA = Script1719551244403.NewDZO(x = tableA): null

16-05-2025T11:50:30 - [TEST_STEP][PASSED] - i3 = <not implemented yet for class: org.codehaus.groovy.ast.expr.EmptyExpression>: null

16-05-2025T11:50:30 - [TEST_STEP][PASSED] - i3 = x.indexOf("/") + 1: null

16-05-2025T11:50:30 - [TEST_STEP][PASSED] - x = x.substring(i3, x.length()): null

16-05-2025T11:50:30 - [TEST_STEP][PASSED] - return x: null

16-05-2025T11:50:30 - [TEST_STEP][PASSED] - tableA = Script1719551244403.NewDZO(x = tableA): null

16-05-2025T11:50:30 - [TEST_STEP][PASSED] - i3 = <not implemented yet for class: org.codehaus.groovy.ast.expr.EmptyExpression>: null

16-05-2025T11:50:30 - [TEST_STEP][PASSED] - i3 = x.indexOf("/") + 1: null

16-05-2025T11:50:30 - [TEST_STEP][PASSED] - x = x.substring(i3, x.length()): null

16-05-2025T11:50:30 - [TEST_STEP][PASSED] - return x: null

16-05-2025T11:50:30 - [TEST_STEP][PASSED] - i = tableA.indexOf("Юг"): null

16-05-2025T11:50:30 - [TEST_STEP][PASSED] - CiPA = /]", "").trim(): null

16-05-2025T11:50:30 - [TEST_STEP][PASSED] - println("CiPA: " + CiPA): null

16-05-2025T11:50:30 - [TEST_STEP][PASSED] - for ([i = 1, i < 10, (i++)]): null

16-05-2025T11:50:30 - [TEST_STEP][PASSED] - tableA = Script1719551244403.NewDZO(x = tableA): null

16-05-2025T11:50:30 - [TEST_STEP][PASSED] - i3 = <not implemented yet for class: org.codehaus.groovy.ast.expr.EmptyExpression>: null

16-05-2025T11:50:30 - [TEST_STEP][PASSED] - i3 = x.indexOf("/") + 1: null

16-05-2025T11:50:30 - [TEST_STEP][PASSED] - x = x.substring(i3, x.length()): null

16-05-2025T11:50:30 - [TEST_STEP][PASSED] - return x: null

16-05-2025T11:50:30 - [TEST_STEP][PASSED] - tableA = Script1719551244403.NewDZO(x = tableA): null

16-05-2025T11:50:30 - [TEST_STEP][PASSED] - i3 = <not implemented yet for class: org.codehaus.groovy.ast.expr.EmptyExpression>: null

16-05-2025T11:50:30 - [TEST_STEP][PASSED] - i3 = x.indexOf("/") + 1: null

16-05-2025T11:50:30 - [TEST_STEP][PASSED] - x = x.substring(i3, x.length()): null

16-05-2025T11:50:30 - [TEST_STEP][PASSED] - return x: null

16-05-2025T11:50:30 - [TEST_STEP][PASSED] - tableA = Script1719551244403.NewDZO(x = tableA): null

16-05-2025T11:50:30 - [TEST_STEP][PASSED] - i3 = <not implemented yet for class: org.codehaus.groovy.ast.expr.EmptyExpression>: null

16-05-2025T11:50:30 - [TEST_STEP][PASSED] - i3 = x.indexOf("/") + 1: null

16-05-2025T11:50:30 - [TEST_STEP][PASSED] - x = x.substring(i3, x.length()): null

16-05-2025T11:50:30 - [TEST_STEP][PASSED] - return x: null

16-05-2025T11:50:30 - [TEST_STEP][PASSED] - tableA = Script1719551244403.NewDZO(x = tableA): null

16-05-2025T11:50:30 - [TEST_STEP][PASSED] - i3 = <not implemented yet for class: org.codehaus.groovy.ast.expr.EmptyExpression>: null

16-05-2025T11:50:30 - [TEST_STEP][PASSED] - i3 = x.indexOf("/") + 1: null

16-05-2025T11:50:30 - [TEST_STEP][PASSED] - x = x.substring(i3, x.length()): null

16-05-2025T11:50:30 - [TEST_STEP][PASSED] - return x: null

16-05-2025T11:50:30 - [TEST_STEP][PASSED] - tableA = Script1719551244403.NewDZO(x = tableA): null

16-05-2025T11:50:30 - [TEST_STEP][PASSED] - i3 = <not implemented yet for class: org.codehaus.groovy.ast.expr.EmptyExpression>: null

16-05-2025T11:50:30 - [TEST_STEP][PASSED] - i3 = x.indexOf("/") + 1: null

16-05-2025T11:50:30 - [TEST_STEP][PASSED] - x = x.substring(i3, x.length()): null

16-05-2025T11:50:30 - [TEST_STEP][PASSED] - return x: null

16-05-2025T11:50:30 - [TEST_STEP][PASSED] - tableA = Script1719551244403.NewDZO(x = tableA): null

16-05-2025T11:50:30 - [TEST_STEP][PASSED] - i3 = <not implemented yet for class: org.codehaus.groovy.ast.expr.EmptyExpression>: null

16-05-2025T11:50:30 - [TEST_STEP][PASSED] - i3 = x.indexOf("/") + 1: null

16-05-2025T11:50:30 - [TEST_STEP][PASSED] - x = x.substring(i3, x.length()): null

16-05-2025T11:50:30 - [TEST_STEP][PASSED] - return x: null

16-05-2025T11:50:30 - [TEST_STEP][PASSED] - tableA = Script1719551244403.NewDZO(x = tableA): null

16-05-2025T11:50:30 - [TEST_STEP][PASSED] - i3 = <not implemented yet for class: org.codehaus.groovy.ast.expr.EmptyExpression>: null

16-05-2025T11:50:30 - [TEST_STEP][PASSED] - i3 = x.indexOf("/") + 1: null

16-05-2025T11:50:30 - [TEST_STEP][PASSED] - x = x.substring(i3, x.length()): null

16-05-2025T11:50:30 - [TEST_STEP][PASSED] - return x: null

16-05-2025T11:50:30 - [TEST_STEP][PASSED] - tableA = Script1719551244403.NewDZO(x = tableA): null

16-05-2025T11:50:30 - [TEST_STEP][PASSED] - i3 = <not implemented yet for class: org.codehaus.groovy.ast.expr.EmptyExpression>: null

16-05-2025T11:50:30 - [TEST_STEP][PASSED] - i3 = x.indexOf("/") + 1: null

16-05-2025T11:50:30 - [TEST_STEP][PASSED] - x = x.substring(i3, x.length()): null

16-05-2025T11:50:30 - [TEST_STEP][PASSED] - return x: null

16-05-2025T11:50:30 - [TEST_STEP][PASSED] - tableA = Script1719551244403.NewDZO(x = tableA): null

16-05-2025T11:50:30 - [TEST_STEP][PASSED] - i3 = <not implemented yet for class: org.codehaus.groovy.ast.expr.EmptyExpression>: null

16-05-2025T11:50:30 - [TEST_STEP][PASSED] - i3 = x.indexOf("/") + 1: null

16-05-2025T11:50:30 - [TEST_STEP][PASSED] - x = x.substring(i3, x.length()): null

16-05-2025T11:50:30 - [TEST_STEP][PASSED] - return x: null

16-05-2025T11:50:30 - [TEST_STEP][PASSED] - i = tableA.indexOf("Янтарь"): null

16-05-2025T11:50:30 - [TEST_STEP][PASSED] - UgA = /]", "").trim(): null

16-05-2025T11:50:30 - [TEST_STEP][PASSED] - println("UgA: " + UgA): null

16-05-2025T11:50:30 - [TEST_STEP][PASSED] - i = tableA.lastIndexOf("/"): null

16-05-2025T11:50:30 - [TEST_STEP][PASSED] - YaA = /]", "").trim(): null

16-05-2025T11:50:30 - [TEST_STEP][PASSED] - println("YaA: " + YaA): null

16-05-2025T11:50:30 - [TEST_STEP][PASSED] - delay(10): Delayed 10 second(s)

16-05-2025T11:50:40 - [MESSAGE][PASSED] - Delayed 10 second(s)

16-05-2025T11:50:40 - [TEST_STEP][PASSED] - navigateToUrl(findTestData("PlanFact").getValue(10, 11)): Navigate to 'https://bi.rosseti.digital/viewer?dashboardGuid=a1fd28b3785d443cbc4d7690a1d78e31&sheetGuid=d3a0ddec2e914cb380b20dca74903099&fit=true' successfully

16-05-2025T11:50:40 - [MESSAGE][PASSED] - Navigate to 'https://bi.rosseti.digital/viewer?dashboardGuid=a1fd28b3785d443cbc4d7690a1d78e31&sheetGuid=d3a0ddec2e914cb380b20dca74903099&fit=true' successfully

16-05-2025T11:50:40 - [TEST_STEP][PASSED] - b = <not implemented yet for class: org.codehaus.groovy.ast.expr.EmptyExpression>: null

16-05-2025T11:50:40 - [TEST_STEP][PASSED] - b1 = <not implemented yet for class: org.codehaus.groovy.ast.expr.EmptyExpression>: null

16-05-2025T11:50:40 - [TEST_STEP][PASSED] - b2 = <not implemented yet for class: org.codehaus.groovy.ast.expr.EmptyExpression>: null

16-05-2025T11:50:40 - [TEST_STEP][PASSED] - click(findTestObject("Факторный анализ/Фильтр Дата Выручка")): Object: 'Object Repository/Факторный анализ/Фильтр Дата Выручка' is clicked on

16-05-2025T11:50:47 - [MESSAGE][PASSED] - Object: 'Object Repository/Факторный анализ/Фильтр Дата Выручка' is clicked on

16-05-2025T11:50:47 - [TEST_STEP][PASSED] - click(findTestObject("Факторный анализ/Снять выделение в фильтре Дата Выручка")): Object: 'Object Repository/Факторный анализ/Снять выделение в фильтре Дата Выручка' is clicked on

16-05-2025T11:50:48 - [MESSAGE][PASSED] - Object: 'Object Repository/Факторный анализ/Снять выделение в фильтре Дата Выручка' is clicked on

16-05-2025T11:50:48 - [TEST_STEP][PASSED] - click(findTestObject("Факторный анализ/Применить в фильтре Дата Выручка")): Object: 'Object Repository/Факторный анализ/Применить в фильтре Дата Выручка' is clicked on

16-05-2025T11:50:48 - [MESSAGE][PASSED] - Object: 'Object Repository/Факторный анализ/Применить в фильтре Дата Выручка' is clicked on

16-05-2025T11:50:48 - [TEST_STEP][PASSED] - delay(10): Delayed 10 second(s)

16-05-2025T11:50:58 - [MESSAGE][PASSED] - Delayed 10 second(s)

16-05-2025T11:50:58 - [TEST_STEP][PASSED] - click(findTestObject("Факторный анализ/Фильтр Дата Выручка")): Object: 'Object Repository/Факторный анализ/Фильтр Дата Выручка' is clicked on

16-05-2025T11:50:59 - [MESSAGE][PASSED] - Object: 'Object Repository/Факторный анализ/Фильтр Дата Выручка' is clicked on

16-05-2025T11:50:59 - [TEST_STEP][PASSED] - click(findTestObject("Факторный анализ/Снять выделение в фильтре Дата Выручка")): Object: 'Object Repository/Факторный анализ/Снять выделение в фильтре Дата Выручка' is clicked on

16-05-2025T11:50:59 - [MESSAGE][PASSED] - Object: 'Object Repository/Факторный анализ/Снять выделение в фильтре Дата Выручка' is clicked on

16-05-2025T11:50:59 - [TEST_STEP][PASSED] - scrollToElement(findTestObject("Факторный анализ/2025 список Выручка"), 30): Scroll to object 'Object Repository/Факторный анализ/2025 список Выручка' successfully

16-05-2025T11:50:59 - [MESSAGE][PASSED] - Scroll to object 'Object Repository/Факторный анализ/2025 список Выручка' successfully

16-05-2025T11:50:59 - [TEST_STEP][PASSED] - click(findTestObject("Факторный анализ/2025 список Выручка")): Object: 'Object Repository/Факторный анализ/2025 список Выручка' is clicked on

16-05-2025T11:51:00 - [MESSAGE][PASSED] - Object: 'Object Repository/Факторный анализ/2025 список Выручка' is clicked on

16-05-2025T11:51:00 - [TEST_STEP][PASSED] - scrollToElement(findTestObject("Факторный анализ/1 квартал 2025 список Выручка"), 30): Scroll to object 'Object Repository/Факторный анализ/1 квартал 2025 список Выручка' successfully

16-05-2025T11:51:00 - [MESSAGE][PASSED] - Scroll to object 'Object Repository/Факторный анализ/1 квартал 2025 список Выручка' successfully

16-05-2025T11:51:00 - [TEST_STEP][PASSED] - click(findTestObject("Факторный анализ/1 квартал 2025 выбрать Выручка"), CONTINUE_ON_FAILURE): Object: 'Object Repository/Факторный анализ/1 квартал 2025 выбрать Выручка' is clicked on

16-05-2025T11:51:01 - [MESSAGE][PASSED] - Object: 'Object Repository/Факторный анализ/1 квартал 2025 выбрать Выручка' is clicked on

16-05-2025T11:51:01 - [TEST_STEP][PASSED] - scrollToElement(findTestObject("Факторный анализ/Заголовок дашборда Выручка"), 30): Scroll to object 'Object Repository/Факторный анализ/Заголовок дашборда Выручка' successfully

16-05-2025T11:51:01 - [MESSAGE][PASSED] - Scroll to object 'Object Repository/Факторный анализ/Заголовок дашборда Выручка' successfully

16-05-2025T11:51:01 - [TEST_STEP][PASSED] - click(findTestObject("Факторный анализ/Применить в фильтре Дата Выручка")): Object: 'Object Repository/Факторный анализ/Применить в фильтре Дата Выручка' is clicked on

16-05-2025T11:51:02 - [MESSAGE][PASSED] - Object: 'Object Repository/Факторный анализ/Применить в фильтре Дата Выручка' is clicked on

16-05-2025T11:51:02 - [TEST_STEP][PASSED] - if (run == 1): null

16-05-2025T11:51:02 - [TEST_STEP][PASSED] - b = getText(findTestObject("Факторный анализ/Отклонения выручки по факторам Выручка")): Text of object 'Object Repository/Факторный анализ/Отклонения выручки по факторам Выручка' is: 'Период
1 кв. 2025 года
ДЗО 
Все
Подписи данных
Филиал
Месяц
Факторный анализ
ВЫБРАННЫЕ ЗНАЧЕНИЯ ФИЛЬТРОВ
ДЗО | ПЕРИОД
ПАО Россети: [«Выбраны все филиалы по всем ДЗО по всем категориям»]
2025: [Янв, Фев, Мар]
Отклонения выручки по факторам по выбранным ДЗО, руб
-10 795-10 795
4 0534 053
Отклонение (объём услуг) филиал без Nan
Отклонение (средний тариф) филиал без Nan
ПАО Россети
Всего отклонения по факторам по ПАО Россети за 1 кв. 2025 года
ДЗО
Филиал
Отклонение (объём услуг) филиал без Nan
Отклонение (средний тариф) филиал без Nan
АО "РЭС" АО "РЭС" - 245 -16
АО «Тываэнерго» АО "Тываэнерго" 39 17
АО «Чеченэнерго» АО «Чеченэнерго» -8 -19
Россети Волга Мордовэнерго - 165 -11
Оренбургэнерго - 207 -48
Пензаэнерго -61 -1
Самарские РС - 328 413
Саратовские РС - 213 -34
Ульяновские РС 96 -22
Чувашэнерго 7 36
Россети Кубань Кубаньэнерго 319 467
Россети Ленэнерго (ГК) Ленинградская область - 274 501
г. Санкт-Петербург - 135 -30
Россети Московский регион Московская область -2 728 26
г. Москва - 739 96
Россети Северный Кавказ (ГК) Дагэнерго - 409 86
Ингушэнерго - 145 41
Каббалкэнерго 55 -4
Карачаево-Черкесскэнерго 50 -22
Севкавказэнерго -5 -24
Ставропольэнерго 23 84
Россети Северо-Запад Архангельский филиал -69 52
Вологодский филиал -44 43
Карельский филиал -17 -65
Мурманский филиал 24 -84
Новгородский филиал 10 21
Псковский филиал -55 30
филиал в Республике Коми - 136 39
Россети Сибирь (ГК) Алтайэнерго 47 24
Бурятэнерго 52 -32
ГАЭС 23 4
Красноярскэнерго 299 26
Кузбассэнерго-РЭС -85 499
Омскэнерго 40 -69
Хакасэнерго -9 -53
Читаэнерго 23 88
Россети Томск Томская распределительная компания - 100 42
Россети Тюмень Россети Тюмень -2 270 - 495
Россети Урал (ГК) Пермэнерго - 357 1
Свердловэнерго - 199 -32
Челябэнерго - 323 -77
Россети ФСК ЕЭС Итого по ФСК ЕЭС - 451 2 121
Россети Центр Белгородэнерго -74 30
Брянскэнерго -66 -2
Воронежэнерго - 100 37
Костромаэнерго -73 -1
Курскэнерго -21 41
Липецкэнерго - 216 43
Орелэнерго -39 4
Смоленскэнерго -41 4
Тамбовэнерго -25 -5
Тверьэнерго - 164 -10
Ярэнерго - 130 4
Россети Центр и Приволжье (ГК) Владимирэнерго - 188 -31
Ивэнерго 4 -31
Калугаэнерго -57 41
Кировэнерго -64 14
Мариэнерго -39 29
Нижновэнерго - 287 49
Рязаньэнерго - 201 45
Тулэнерго - 131 -64
Удмуртэнерго -55 61
Россети Юг (ГК) АО «ВМЭС» -7 15
Астраханьэнерго -22 -15
Волгоградэнерго - 314 22
Калмэнерго 20 -5
Ростовэнерго 153 143
Россети Янтарь Россети Янтарь 15 15
Итого отклонения по группе компаний: -6 742 млн.руб.'

16-05-2025T11:51:03 - [MESSAGE][PASSED] - Text of object 'Object Repository/Факторный анализ/Отклонения выручки по факторам Выручка' is: 'Период
1 кв. 2025 года
ДЗО 
Все
Подписи данных
Филиал
Месяц
Факторный анализ
ВЫБРАННЫЕ ЗНАЧЕНИЯ ФИЛЬТРОВ
ДЗО | ПЕРИОД
ПАО Россети: [«Выбраны все филиалы по всем ДЗО по всем категориям»]
2025: [Янв, Фев, Мар]
Отклонения выручки по факторам по выбранным ДЗО, руб
-10 795-10 795
4 0534 053
Отклонение (объём услуг) филиал без Nan
Отклонение (средний тариф) филиал без Nan
ПАО Россети
Всего отклонения по факторам по ПАО Россети за 1 кв. 2025 года
ДЗО
Филиал
Отклонение (объём услуг) филиал без Nan
Отклонение (средний тариф) филиал без Nan
АО "РЭС" АО "РЭС" - 245 -16
АО «Тываэнерго» АО "Тываэнерго" 39 17
АО «Чеченэнерго» АО «Чеченэнерго» -8 -19
Россети Волга Мордовэнерго - 165 -11
Оренбургэнерго - 207 -48
Пензаэнерго -61 -1
Самарские РС - 328 413
Саратовские РС - 213 -34
Ульяновские РС 96 -22
Чувашэнерго 7 36
Россети Кубань Кубаньэнерго 319 467
Россети Ленэнерго (ГК) Ленинградская область - 274 501
г. Санкт-Петербург - 135 -30
Россети Московский регион Московская область -2 728 26
г. Москва - 739 96
Россети Северный Кавказ (ГК) Дагэнерго - 409 86
Ингушэнерго - 145 41
Каббалкэнерго 55 -4
Карачаево-Черкесскэнерго 50 -22
Севкавказэнерго -5 -24
Ставропольэнерго 23 84
Россети Северо-Запад Архангельский филиал -69 52
Вологодский филиал -44 43
Карельский филиал -17 -65
Мурманский филиал 24 -84
Новгородский филиал 10 21
Псковский филиал -55 30
филиал в Республике Коми - 136 39
Россети Сибирь (ГК) Алтайэнерго 47 24
Бурятэнерго 52 -32
ГАЭС 23 4
Красноярскэнерго 299 26
Кузбассэнерго-РЭС -85 499
Омскэнерго 40 -69
Хакасэнерго -9 -53
Читаэнерго 23 88
Россети Томск Томская распределительная компания - 100 42
Россети Тюмень Россети Тюмень -2 270 - 495
Россети Урал (ГК) Пермэнерго - 357 1
Свердловэнерго - 199 -32
Челябэнерго - 323 -77
Россети ФСК ЕЭС Итого по ФСК ЕЭС - 451 2 121
Россети Центр Белгородэнерго -74 30
Брянскэнерго -66 -2
Воронежэнерго - 100 37
Костромаэнерго -73 -1
Курскэнерго -21 41
Липецкэнерго - 216 43
Орелэнерго -39 4
Смоленскэнерго -41 4
Тамбовэнерго -25 -5
Тверьэнерго - 164 -10
Ярэнерго - 130 4
Россети Центр и Приволжье (ГК) Владимирэнерго - 188 -31
Ивэнерго 4 -31
Калугаэнерго -57 41
Кировэнерго -64 14
Мариэнерго -39 29
Нижновэнерго - 287 49
Рязаньэнерго - 201 45
Тулэнерго - 131 -64
Удмуртэнерго -55 61
Россети Юг (ГК) АО «ВМЭС» -7 15
Астраханьэнерго -22 -15
Волгоградэнерго - 314 22
Калмэнерго 20 -5
Ростовэнерго 153 143
Россети Янтарь Россети Янтарь 15 15
Итого отклонения по группе компаний: -6 742 млн.руб.'

16-05-2025T11:51:03 - [TEST_STEP][PASSED] - i = b.indexOf("ДЗО, руб") + 8: null

16-05-2025T11:51:03 - [TEST_STEP][PASSED] - if (i > -1): null

16-05-2025T11:51:03 - [TEST_STEP][PASSED] - b = b.substring(i, b.length()): null

16-05-2025T11:51:03 - [TEST_STEP][PASSED] - i = b.indexOf("Отклонение"): null

16-05-2025T11:51:03 - [TEST_STEP][PASSED] - if (i > -1): null

16-05-2025T11:51:03 - [TEST_STEP][PASSED] - b = substring(0, i).trim(): null

16-05-2025T11:51:03 - [TEST_STEP][PASSED] - b = b.replaceAll("[\r?
|
]", "/"): null

16-05-2025T11:51:03 - [TEST_STEP][PASSED] - println("b: " + b): null

16-05-2025T11:51:03 - [TEST_STEP][PASSED] - i = b.indexOf("/"): null

16-05-2025T11:51:03 - [TEST_STEP][PASSED] - if (i > -1): null

16-05-2025T11:51:03 - [TEST_STEP][PASSED] - b1 = b.substring(0, i): null

16-05-2025T11:51:03 - [TEST_STEP][PASSED] - println("b1: " + b1): null

16-05-2025T11:51:03 - [TEST_STEP][PASSED] - b2 = b.substring(b1.length() + 1, b.length()): null

16-05-2025T11:51:03 - [TEST_STEP][PASSED] - println("b2: " + b2): null

16-05-2025T11:51:03 - [TEST_STEP][PASSED] - i = b1.length() / 2: null

16-05-2025T11:51:03 - [TEST_STEP][PASSED] - if (i > -1): null

16-05-2025T11:51:03 - [TEST_STEP][PASSED] - b1 = replaceAll("\s+", "").trim(): null

16-05-2025T11:51:03 - [TEST_STEP][PASSED] - println("b1: " + b1): null

16-05-2025T11:51:03 - [TEST_STEP][PASSED] - i = b2.length() / 2: null

16-05-2025T11:51:03 - [TEST_STEP][PASSED] - if (i > -1): null

16-05-2025T11:51:03 - [TEST_STEP][PASSED] - b2 = replaceAll("\s+", "").trim(): null

16-05-2025T11:51:03 - [TEST_STEP][PASSED] - println("b2: " + b2): null

16-05-2025T11:51:03 - [TEST_STEP][PASSED] - vidget = "Отклонения выручки по факторам": null

16-05-2025T11:51:03 - [TEST_STEP][PASSED] - DZO = "ПАО Россети": null

16-05-2025T11:51:03 - [TEST_STEP][PASSED] - typeOfData = "Отклонение (объём услуг)": null

16-05-2025T11:51:03 - [TEST_STEP][PASSED] - Script1719551244403.Compare(x = a1, y = b1, run, typeOfData, otobrajeniyeDannyh, todaysDate, vidget, DZO): null

16-05-2025T11:51:03 - [TEST_STEP][PASSED] - if (verifyEqual(x, y) == true): Actual object '-10795' and expected object '-10795' are equal

16-05-2025T11:51:03 - [MESSAGE][PASSED] - Actual object '-10795' and expected object '-10795' are equal

16-05-2025T11:51:03 - [TEST_STEP][PASSED] - typeOfData = "Отклонение (средний тариф)": null

16-05-2025T11:51:03 - [TEST_STEP][PASSED] - Script1719551244403.Compare(x = a2, y = b2, run, typeOfData, otobrajeniyeDannyh, todaysDate, vidget, DZO): null

16-05-2025T11:51:03 - [TEST_STEP][PASSED] - if (verifyEqual(x, y) == true): Actual object '4053' and expected object '4053' are equal

16-05-2025T11:51:03 - [MESSAGE][PASSED] - Actual object '4053' and expected object '4053' are equal

16-05-2025T11:51:03 - [TEST_STEP][PASSED] - tableB = getText(findTestObject("Факторный анализ/AllTable1 Выручка")).replaceAll("[\r?
|
]", "/"): Text of object 'Object Repository/Факторный анализ/AllTable1 Выручка' is: 'ДЗО
Филиал
Отклонение (объём услуг) филиал без Nan
Отклонение (средний тариф) филиал без Nan
АО "РЭС" АО "РЭС" - 245 -16
АО «Тываэнерго» АО "Тываэнерго" 39 17
АО «Чеченэнерго» АО «Чеченэнерго» -8 -19
Россети Волга Мордовэнерго - 165 -11
Оренбургэнерго - 207 -48
Пензаэнерго -61 -1
Самарские РС - 328 413
Саратовские РС - 213 -34
Ульяновские РС 96 -22
Чувашэнерго 7 36
Россети Кубань Кубаньэнерго 319 467
Россети Ленэнерго (ГК) Ленинградская область - 274 501
г. Санкт-Петербург - 135 -30
Россети Московский регион Московская область -2 728 26
г. Москва - 739 96
Россети Северный Кавказ (ГК) Дагэнерго - 409 86
Ингушэнерго - 145 41
Каббалкэнерго 55 -4
Карачаево-Черкесскэнерго 50 -22
Севкавказэнерго -5 -24
Ставропольэнерго 23 84
Россети Северо-Запад Архангельский филиал -69 52
Вологодский филиал -44 43
Карельский филиал -17 -65
Мурманский филиал 24 -84
Новгородский филиал 10 21
Псковский филиал -55 30
филиал в Республике Коми - 136 39
Россети Сибирь (ГК) Алтайэнерго 47 24
Бурятэнерго 52 -32
ГАЭС 23 4
Красноярскэнерго 299 26
Кузбассэнерго-РЭС -85 499
Омскэнерго 40 -69
Хакасэнерго -9 -53
Читаэнерго 23 88
Россети Томск Томская распределительная компания - 100 42
Россети Тюмень Россети Тюмень -2 270 - 495
Россети Урал (ГК) Пермэнерго - 357 1
Свердловэнерго - 199 -32
Челябэнерго - 323 -77
Россети ФСК ЕЭС Итого по ФСК ЕЭС - 451 2 121
Россети Центр Белгородэнерго -74 30
Брянскэнерго -66 -2
Воронежэнерго - 100 37
Костромаэнерго -73 -1
Курскэнерго -21 41
Липецкэнерго - 216 43
Орелэнерго -39 4
Смоленскэнерго -41 4
Тамбовэнерго -25 -5
Тверьэнерго - 164 -10
Ярэнерго - 130 4
Россети Центр и Приволжье (ГК) Владимирэнерго - 188 -31
Ивэнерго 4 -31
Калугаэнерго -57 41
Кировэнерго -64 14
Мариэнерго -39 29
Нижновэнерго - 287 49
Рязаньэнерго - 201 45
Тулэнерго - 131 -64
Удмуртэнерго -55 61
Россети Юг (ГК) АО «ВМЭС» -7 15
Астраханьэнерго -22 -15
Волгоградэнерго - 314 22
Калмэнерго 20 -5
Ростовэнерго 153 143
Россети Янтарь Россети Янтарь 15 15'

16-05-2025T11:51:04 - [MESSAGE][PASSED] - Text of object 'Object Repository/Факторный анализ/AllTable1 Выручка' is: 'ДЗО
Филиал
Отклонение (объём услуг) филиал без Nan
Отклонение (средний тариф) филиал без Nan
АО "РЭС" АО "РЭС" - 245 -16
АО «Тываэнерго» АО "Тываэнерго" 39 17
АО «Чеченэнерго» АО «Чеченэнерго» -8 -19
Россети Волга Мордовэнерго - 165 -11
Оренбургэнерго - 207 -48
Пензаэнерго -61 -1
Самарские РС - 328 413
Саратовские РС - 213 -34
Ульяновские РС 96 -22
Чувашэнерго 7 36
Россети Кубань Кубаньэнерго 319 467
Россети Ленэнерго (ГК) Ленинградская область - 274 501
г. Санкт-Петербург - 135 -30
Россети Московский регион Московская область -2 728 26
г. Москва - 739 96
Россети Северный Кавказ (ГК) Дагэнерго - 409 86
Ингушэнерго - 145 41
Каббалкэнерго 55 -4
Карачаево-Черкесскэнерго 50 -22
Севкавказэнерго -5 -24
Ставропольэнерго 23 84
Россети Северо-Запад Архангельский филиал -69 52
Вологодский филиал -44 43
Карельский филиал -17 -65
Мурманский филиал 24 -84
Новгородский филиал 10 21
Псковский филиал -55 30
филиал в Республике Коми - 136 39
Россети Сибирь (ГК) Алтайэнерго 47 24
Бурятэнерго 52 -32
ГАЭС 23 4
Красноярскэнерго 299 26
Кузбассэнерго-РЭС -85 499
Омскэнерго 40 -69
Хакасэнерго -9 -53
Читаэнерго 23 88
Россети Томск Томская распределительная компания - 100 42
Россети Тюмень Россети Тюмень -2 270 - 495
Россети Урал (ГК) Пермэнерго - 357 1
Свердловэнерго - 199 -32
Челябэнерго - 323 -77
Россети ФСК ЕЭС Итого по ФСК ЕЭС - 451 2 121
Россети Центр Белгородэнерго -74 30
Брянскэнерго -66 -2
Воронежэнерго - 100 37
Костромаэнерго -73 -1
Курскэнерго -21 41
Липецкэнерго - 216 43
Орелэнерго -39 4
Смоленскэнерго -41 4
Тамбовэнерго -25 -5
Тверьэнерго - 164 -10
Ярэнерго - 130 4
Россети Центр и Приволжье (ГК) Владимирэнерго - 188 -31
Ивэнерго 4 -31
Калугаэнерго -57 41
Кировэнерго -64 14
Мариэнерго -39 29
Нижновэнерго - 287 49
Рязаньэнерго - 201 45
Тулэнерго - 131 -64
Удмуртэнерго -55 61
Россети Юг (ГК) АО «ВМЭС» -7 15
Астраханьэнерго -22 -15
Волгоградэнерго - 314 22
Калмэнерго 20 -5
Ростовэнерго 153 143
Россети Янтарь Россети Янтарь 15 15'

16-05-2025T11:51:04 - [TEST_STEP][PASSED] - println("tableB: " + tableB): null

16-05-2025T11:51:04 - [TEST_STEP][PASSED] - for ([i = 1, i < 5, (i++)]): null

16-05-2025T11:51:04 - [TEST_STEP][PASSED] - ii = tableB.indexOf("/") + 1: null

16-05-2025T11:51:04 - [TEST_STEP][PASSED] - tableB = tableB.substring(ii, tableB.length()): null

16-05-2025T11:51:04 - [TEST_STEP][PASSED] - ii = tableB.indexOf("/") + 1: null

16-05-2025T11:51:04 - [TEST_STEP][PASSED] - tableB = tableB.substring(ii, tableB.length()): null

16-05-2025T11:51:04 - [TEST_STEP][PASSED] - ii = tableB.indexOf("/") + 1: null

16-05-2025T11:51:04 - [TEST_STEP][PASSED] - tableB = tableB.substring(ii, tableB.length()): null

16-05-2025T11:51:04 - [TEST_STEP][PASSED] - ii = tableB.indexOf("/") + 1: null

16-05-2025T11:51:04 - [TEST_STEP][PASSED] - tableB = tableB.substring(ii, tableB.length()): null

16-05-2025T11:51:04 - [TEST_STEP][PASSED] - println("tableB: " + tableB): null

16-05-2025T11:51:04 - [TEST_STEP][PASSED] - ResB = Script1719551244403.GetData(x = tableB): null

16-05-2025T11:51:04 - [TEST_STEP][PASSED] - i2 = <not implemented yet for class: org.codehaus.groovy.ast.expr.EmptyExpression>: null

16-05-2025T11:51:04 - [TEST_STEP][PASSED] - i2 = x.indexOf("/") + 1: null

16-05-2025T11:51:04 - [TEST_STEP][PASSED] - x = /]", "").trim(): null

16-05-2025T11:51:04 - [TEST_STEP][PASSED] - return x: null

16-05-2025T11:51:04 - [TEST_STEP][PASSED] - println("ResB: " + ResB): null

16-05-2025T11:51:04 - [TEST_STEP][PASSED] - tableB = Script1719551244403.NewDZO(x = tableB): null

16-05-2025T11:51:04 - [TEST_STEP][PASSED] - i3 = <not implemented yet for class: org.codehaus.groovy.ast.expr.EmptyExpression>: null

16-05-2025T11:51:04 - [TEST_STEP][PASSED] - i3 = x.indexOf("/") + 1: null

16-05-2025T11:51:04 - [TEST_STEP][PASSED] - x = x.substring(i3, x.length()): null

16-05-2025T11:51:04 - [TEST_STEP][PASSED] - return x: null

16-05-2025T11:51:04 - [TEST_STEP][PASSED] - TyB = Script1719551244403.GetData(x = tableB): null

16-05-2025T11:51:04 - [TEST_STEP][PASSED] - i2 = <not implemented yet for class: org.codehaus.groovy.ast.expr.EmptyExpression>: null

16-05-2025T11:51:04 - [TEST_STEP][PASSED] - i2 = x.indexOf("/") + 1: null

16-05-2025T11:51:04 - [TEST_STEP][PASSED] - x = /]", "").trim(): null

16-05-2025T11:51:04 - [TEST_STEP][PASSED] - return x: null

16-05-2025T11:51:04 - [TEST_STEP][PASSED] - println("TyB: " + TyB): null

16-05-2025T11:51:04 - [TEST_STEP][PASSED] - tableB = Script1719551244403.NewDZO(x = tableB): null

16-05-2025T11:51:04 - [TEST_STEP][PASSED] - i3 = <not implemented yet for class: org.codehaus.groovy.ast.expr.EmptyExpression>: null

16-05-2025T11:51:04 - [TEST_STEP][PASSED] - i3 = x.indexOf("/") + 1: null

16-05-2025T11:51:04 - [TEST_STEP][PASSED] - x = x.substring(i3, x.length()): null

16-05-2025T11:51:04 - [TEST_STEP][PASSED] - return x: null

16-05-2025T11:51:04 - [TEST_STEP][PASSED] - ChB = Script1719551244403.GetData(x = tableB): null

16-05-2025T11:51:04 - [TEST_STEP][PASSED] - i2 = <not implemented yet for class: org.codehaus.groovy.ast.expr.EmptyExpression>: null

16-05-2025T11:51:04 - [TEST_STEP][PASSED] - i2 = x.indexOf("/") + 1: null

16-05-2025T11:51:04 - [TEST_STEP][PASSED] - x = /]", "").trim(): null

16-05-2025T11:51:04 - [TEST_STEP][PASSED] - return x: null

16-05-2025T11:51:04 - [TEST_STEP][PASSED] - println("ChB: " + ChB): null

16-05-2025T11:51:04 - [TEST_STEP][PASSED] - tableB = Script1719551244403.NewDZO(x = tableB): null

16-05-2025T11:51:04 - [TEST_STEP][PASSED] - i3 = <not implemented yet for class: org.codehaus.groovy.ast.expr.EmptyExpression>: null

16-05-2025T11:51:04 - [TEST_STEP][PASSED] - i3 = x.indexOf("/") + 1: null

16-05-2025T11:51:04 - [TEST_STEP][PASSED] - x = x.substring(i3, x.length()): null

16-05-2025T11:51:04 - [TEST_STEP][PASSED] - return x: null

16-05-2025T11:51:04 - [TEST_STEP][PASSED] - i = tableB.indexOf("Кубань"): null

16-05-2025T11:51:04 - [TEST_STEP][PASSED] - VB = /]", "").trim(): null

16-05-2025T11:51:04 - [TEST_STEP][PASSED] - println("VB: " + VB): null

16-05-2025T11:51:04 - [TEST_STEP][PASSED] - for ([i = 1, i < 8, (i++)]): null

16-05-2025T11:51:04 - [TEST_STEP][PASSED] - tableB = Script1719551244403.NewDZO(x = tableB): null

16-05-2025T11:51:04 - [TEST_STEP][PASSED] - i3 = <not implemented yet for class: org.codehaus.groovy.ast.expr.EmptyExpression>: null

16-05-2025T11:51:04 - [TEST_STEP][PASSED] - i3 = x.indexOf("/") + 1: null

16-05-2025T11:51:04 - [TEST_STEP][PASSED] - x = x.substring(i3, x.length()): null

16-05-2025T11:51:04 - [TEST_STEP][PASSED] - return x: null

16-05-2025T11:51:04 - [TEST_STEP][PASSED] - tableB = Script1719551244403.NewDZO(x = tableB): null

16-05-2025T11:51:04 - [TEST_STEP][PASSED] - i3 = <not implemented yet for class: org.codehaus.groovy.ast.expr.EmptyExpression>: null

16-05-2025T11:51:04 - [TEST_STEP][PASSED] - i3 = x.indexOf("/") + 1: null

16-05-2025T11:51:04 - [TEST_STEP][PASSED] - x = x.substring(i3, x.length()): null

16-05-2025T11:51:04 - [TEST_STEP][PASSED] - return x: null

16-05-2025T11:51:04 - [TEST_STEP][PASSED] - tableB = Script1719551244403.NewDZO(x = tableB): null

16-05-2025T11:51:04 - [TEST_STEP][PASSED] - i3 = <not implemented yet for class: org.codehaus.groovy.ast.expr.EmptyExpression>: null

16-05-2025T11:51:04 - [TEST_STEP][PASSED] - i3 = x.indexOf("/") + 1: null

16-05-2025T11:51:04 - [TEST_STEP][PASSED] - x = x.substring(i3, x.length()): null

16-05-2025T11:51:04 - [TEST_STEP][PASSED] - return x: null

16-05-2025T11:51:04 - [TEST_STEP][PASSED] - tableB = Script1719551244403.NewDZO(x = tableB): null

16-05-2025T11:51:04 - [TEST_STEP][PASSED] - i3 = <not implemented yet for class: org.codehaus.groovy.ast.expr.EmptyExpression>: null

16-05-2025T11:51:04 - [TEST_STEP][PASSED] - i3 = x.indexOf("/") + 1: null

16-05-2025T11:51:04 - [TEST_STEP][PASSED] - x = x.substring(i3, x.length()): null

16-05-2025T11:51:04 - [TEST_STEP][PASSED] - return x: null

16-05-2025T11:51:04 - [TEST_STEP][PASSED] - tableB = Script1719551244403.NewDZO(x = tableB): null

16-05-2025T11:51:04 - [TEST_STEP][PASSED] - i3 = <not implemented yet for class: org.codehaus.groovy.ast.expr.EmptyExpression>: null

16-05-2025T11:51:04 - [TEST_STEP][PASSED] - i3 = x.indexOf("/") + 1: null

16-05-2025T11:51:04 - [TEST_STEP][PASSED] - x = x.substring(i3, x.length()): null

16-05-2025T11:51:04 - [TEST_STEP][PASSED] - return x: null

16-05-2025T11:51:04 - [TEST_STEP][PASSED] - tableB = Script1719551244403.NewDZO(x = tableB): null

16-05-2025T11:51:04 - [TEST_STEP][PASSED] - i3 = <not implemented yet for class: org.codehaus.groovy.ast.expr.EmptyExpression>: null

16-05-2025T11:51:04 - [TEST_STEP][PASSED] - i3 = x.indexOf("/") + 1: null

16-05-2025T11:51:04 - [TEST_STEP][PASSED] - x = x.substring(i3, x.length()): null

16-05-2025T11:51:04 - [TEST_STEP][PASSED] - return x: null

16-05-2025T11:51:04 - [TEST_STEP][PASSED] - tableB = Script1719551244403.NewDZO(x = tableB): null

16-05-2025T11:51:04 - [TEST_STEP][PASSED] - i3 = <not implemented yet for class: org.codehaus.groovy.ast.expr.EmptyExpression>: null

16-05-2025T11:51:04 - [TEST_STEP][PASSED] - i3 = x.indexOf("/") + 1: null

16-05-2025T11:51:04 - [TEST_STEP][PASSED] - x = x.substring(i3, x.length()): null

16-05-2025T11:51:04 - [TEST_STEP][PASSED] - return x: null

16-05-2025T11:51:04 - [TEST_STEP][PASSED] - i = tableB.indexOf("Ленэнерго"): null

16-05-2025T11:51:04 - [TEST_STEP][PASSED] - KuB = Script1719551244403.GetData(x = tableB): null

16-05-2025T11:51:04 - [TEST_STEP][PASSED] - i2 = <not implemented yet for class: org.codehaus.groovy.ast.expr.EmptyExpression>: null

16-05-2025T11:51:04 - [TEST_STEP][PASSED] - i2 = x.indexOf("/") + 1: null

16-05-2025T11:51:04 - [TEST_STEP][PASSED] - x = /]", "").trim(): null

16-05-2025T11:51:04 - [TEST_STEP][PASSED] - return x: null

16-05-2025T11:51:04 - [TEST_STEP][PASSED] - println("KuB: " + KuB): null

16-05-2025T11:51:04 - [TEST_STEP][PASSED] - tableB = Script1719551244403.NewDZO(x = tableB): null

16-05-2025T11:51:04 - [TEST_STEP][PASSED] - i3 = <not implemented yet for class: org.codehaus.groovy.ast.expr.EmptyExpression>: null

16-05-2025T11:51:04 - [TEST_STEP][PASSED] - i3 = x.indexOf("/") + 1: null

16-05-2025T11:51:04 - [TEST_STEP][PASSED] - x = x.substring(i3, x.length()): null

16-05-2025T11:51:04 - [TEST_STEP][PASSED] - return x: null

16-05-2025T11:51:04 - [TEST_STEP][PASSED] - i = tableB.indexOf("Московский"): null

16-05-2025T11:51:04 - [TEST_STEP][PASSED] - LenB = /]", "").trim(): null

16-05-2025T11:51:04 - [TEST_STEP][PASSED] - println("LenB: " + LenB): null

16-05-2025T11:51:04 - [TEST_STEP][PASSED] - tableB = Script1719551244403.NewDZO(x = tableB): null

16-05-2025T11:51:04 - [TEST_STEP][PASSED] - i3 = <not implemented yet for class: org.codehaus.groovy.ast.expr.EmptyExpression>: null

16-05-2025T11:51:04 - [TEST_STEP][PASSED] - i3 = x.indexOf("/") + 1: null

16-05-2025T11:51:04 - [TEST_STEP][PASSED] - x = x.substring(i3, x.length()): null

16-05-2025T11:51:04 - [TEST_STEP][PASSED] - return x: null

16-05-2025T11:51:04 - [TEST_STEP][PASSED] - tableB = Script1719551244403.NewDZO(x = tableB): null

16-05-2025T11:51:04 - [TEST_STEP][PASSED] - i3 = <not implemented yet for class: org.codehaus.groovy.ast.expr.EmptyExpression>: null

16-05-2025T11:51:04 - [TEST_STEP][PASSED] - i3 = x.indexOf("/") + 1: null

16-05-2025T11:51:04 - [TEST_STEP][PASSED] - x = x.substring(i3, x.length()): null

16-05-2025T11:51:04 - [TEST_STEP][PASSED] - return x: null

16-05-2025T11:51:04 - [TEST_STEP][PASSED] - i = tableB.indexOf("Кавказ"): null

16-05-2025T11:51:04 - [TEST_STEP][PASSED] - MosB = /]", "").trim(): null

16-05-2025T11:51:04 - [TEST_STEP][PASSED] - println("MosB: " + MosB): null

16-05-2025T11:51:04 - [TEST_STEP][PASSED] - for ([i = 1, i < 3, (i++)]): null

16-05-2025T11:51:04 - [TEST_STEP][PASSED] - tableB = Script1719551244403.NewDZO(x = tableB): null

16-05-2025T11:51:04 - [TEST_STEP][PASSED] - i3 = <not implemented yet for class: org.codehaus.groovy.ast.expr.EmptyExpression>: null

16-05-2025T11:51:04 - [TEST_STEP][PASSED] - i3 = x.indexOf("/") + 1: null

16-05-2025T11:51:04 - [TEST_STEP][PASSED] - x = x.substring(i3, x.length()): null

16-05-2025T11:51:04 - [TEST_STEP][PASSED] - return x: null

16-05-2025T11:51:04 - [TEST_STEP][PASSED] - tableB = Script1719551244403.NewDZO(x = tableB): null

16-05-2025T11:51:04 - [TEST_STEP][PASSED] - i3 = <not implemented yet for class: org.codehaus.groovy.ast.expr.EmptyExpression>: null

16-05-2025T11:51:04 - [TEST_STEP][PASSED] - i3 = x.indexOf("/") + 1: null

16-05-2025T11:51:04 - [TEST_STEP][PASSED] - x = x.substring(i3, x.length()): null

16-05-2025T11:51:04 - [TEST_STEP][PASSED] - return x: null

16-05-2025T11:51:04 - [TEST_STEP][PASSED] - i = tableB.indexOf("Запад") - 1: null

16-05-2025T11:51:04 - [TEST_STEP][PASSED] - SKB = /]", "").trim(): null

16-05-2025T11:51:04 - [TEST_STEP][PASSED] - println("SKB: " + SKB): null

16-05-2025T11:51:04 - [TEST_STEP][PASSED] - for ([i = 1, i < 7, (i++)]): null

16-05-2025T11:51:04 - [TEST_STEP][PASSED] - tableB = Script1719551244403.NewDZO(x = tableB): null

16-05-2025T11:51:04 - [TEST_STEP][PASSED] - i3 = <not implemented yet for class: org.codehaus.groovy.ast.expr.EmptyExpression>: null

16-05-2025T11:51:04 - [TEST_STEP][PASSED] - i3 = x.indexOf("/") + 1: null

16-05-2025T11:51:04 - [TEST_STEP][PASSED] - x = x.substring(i3, x.length()): null

16-05-2025T11:51:04 - [TEST_STEP][PASSED] - return x: null

16-05-2025T11:51:04 - [TEST_STEP][PASSED] - tableB = Script1719551244403.NewDZO(x = tableB): null

16-05-2025T11:51:04 - [TEST_STEP][PASSED] - i3 = <not implemented yet for class: org.codehaus.groovy.ast.expr.EmptyExpression>: null

16-05-2025T11:51:04 - [TEST_STEP][PASSED] - i3 = x.indexOf("/") + 1: null

16-05-2025T11:51:04 - [TEST_STEP][PASSED] - x = x.substring(i3, x.length()): null

16-05-2025T11:51:04 - [TEST_STEP][PASSED] - return x: null

16-05-2025T11:51:04 - [TEST_STEP][PASSED] - tableB = Script1719551244403.NewDZO(x = tableB): null

16-05-2025T11:51:04 - [TEST_STEP][PASSED] - i3 = <not implemented yet for class: org.codehaus.groovy.ast.expr.EmptyExpression>: null

16-05-2025T11:51:04 - [TEST_STEP][PASSED] - i3 = x.indexOf("/") + 1: null

16-05-2025T11:51:04 - [TEST_STEP][PASSED] - x = x.substring(i3, x.length()): null

16-05-2025T11:51:04 - [TEST_STEP][PASSED] - return x: null

16-05-2025T11:51:04 - [TEST_STEP][PASSED] - tableB = Script1719551244403.NewDZO(x = tableB): null

16-05-2025T11:51:04 - [TEST_STEP][PASSED] - i3 = <not implemented yet for class: org.codehaus.groovy.ast.expr.EmptyExpression>: null

16-05-2025T11:51:04 - [TEST_STEP][PASSED] - i3 = x.indexOf("/") + 1: null

16-05-2025T11:51:04 - [TEST_STEP][PASSED] - x = x.substring(i3, x.length()): null

16-05-2025T11:51:04 - [TEST_STEP][PASSED] - return x: null

16-05-2025T11:51:04 - [TEST_STEP][PASSED] - tableB = Script1719551244403.NewDZO(x = tableB): null

16-05-2025T11:51:04 - [TEST_STEP][PASSED] - i3 = <not implemented yet for class: org.codehaus.groovy.ast.expr.EmptyExpression>: null

16-05-2025T11:51:04 - [TEST_STEP][PASSED] - i3 = x.indexOf("/") + 1: null

16-05-2025T11:51:04 - [TEST_STEP][PASSED] - x = x.substring(i3, x.length()): null

16-05-2025T11:51:04 - [TEST_STEP][PASSED] - return x: null

16-05-2025T11:51:04 - [TEST_STEP][PASSED] - tableB = Script1719551244403.NewDZO(x = tableB): null

16-05-2025T11:51:04 - [TEST_STEP][PASSED] - i3 = <not implemented yet for class: org.codehaus.groovy.ast.expr.EmptyExpression>: null

16-05-2025T11:51:04 - [TEST_STEP][PASSED] - i3 = x.indexOf("/") + 1: null

16-05-2025T11:51:04 - [TEST_STEP][PASSED] - x = x.substring(i3, x.length()): null

16-05-2025T11:51:04 - [TEST_STEP][PASSED] - return x: null

16-05-2025T11:51:04 - [TEST_STEP][PASSED] - i = tableB.indexOf("Сибирь"): null

16-05-2025T11:51:04 - [TEST_STEP][PASSED] - SZB = /]", "").trim(): null

16-05-2025T11:51:04 - [TEST_STEP][PASSED] - println("SZB: " + SZB): null

16-05-2025T11:51:04 - [TEST_STEP][PASSED] - for ([i = 1, i < 8, (i++)]): null

16-05-2025T11:51:04 - [TEST_STEP][PASSED] - tableB = Script1719551244403.NewDZO(x = tableB): null

16-05-2025T11:51:04 - [TEST_STEP][PASSED] - i3 = <not implemented yet for class: org.codehaus.groovy.ast.expr.EmptyExpression>: null

16-05-2025T11:51:04 - [TEST_STEP][PASSED] - i3 = x.indexOf("/") + 1: null

16-05-2025T11:51:04 - [TEST_STEP][PASSED] - x = x.substring(i3, x.length()): null

16-05-2025T11:51:04 - [TEST_STEP][PASSED] - return x: null

16-05-2025T11:51:04 - [TEST_STEP][PASSED] - tableB = Script1719551244403.NewDZO(x = tableB): null

16-05-2025T11:51:04 - [TEST_STEP][PASSED] - i3 = <not implemented yet for class: org.codehaus.groovy.ast.expr.EmptyExpression>: null

16-05-2025T11:51:04 - [TEST_STEP][PASSED] - i3 = x.indexOf("/") + 1: null

16-05-2025T11:51:04 - [TEST_STEP][PASSED] - x = x.substring(i3, x.length()): null

16-05-2025T11:51:04 - [TEST_STEP][PASSED] - return x: null

16-05-2025T11:51:04 - [TEST_STEP][PASSED] - tableB = Script1719551244403.NewDZO(x = tableB): null

16-05-2025T11:51:04 - [TEST_STEP][PASSED] - i3 = <not implemented yet for class: org.codehaus.groovy.ast.expr.EmptyExpression>: null

16-05-2025T11:51:04 - [TEST_STEP][PASSED] - i3 = x.indexOf("/") + 1: null

16-05-2025T11:51:04 - [TEST_STEP][PASSED] - x = x.substring(i3, x.length()): null

16-05-2025T11:51:04 - [TEST_STEP][PASSED] - return x: null

16-05-2025T11:51:04 - [TEST_STEP][PASSED] - tableB = Script1719551244403.NewDZO(x = tableB): null

16-05-2025T11:51:04 - [TEST_STEP][PASSED] - i3 = <not implemented yet for class: org.codehaus.groovy.ast.expr.EmptyExpression>: null

16-05-2025T11:51:04 - [TEST_STEP][PASSED] - i3 = x.indexOf("/") + 1: null

16-05-2025T11:51:04 - [TEST_STEP][PASSED] - x = x.substring(i3, x.length()): null

16-05-2025T11:51:04 - [TEST_STEP][PASSED] - return x: null

16-05-2025T11:51:04 - [TEST_STEP][PASSED] - tableB = Script1719551244403.NewDZO(x = tableB): null

16-05-2025T11:51:04 - [TEST_STEP][PASSED] - i3 = <not implemented yet for class: org.codehaus.groovy.ast.expr.EmptyExpression>: null

16-05-2025T11:51:04 - [TEST_STEP][PASSED] - i3 = x.indexOf("/") + 1: null

16-05-2025T11:51:04 - [TEST_STEP][PASSED] - x = x.substring(i3, x.length()): null

16-05-2025T11:51:04 - [TEST_STEP][PASSED] - return x: null

16-05-2025T11:51:04 - [TEST_STEP][PASSED] - tableB = Script1719551244403.NewDZO(x = tableB): null

16-05-2025T11:51:04 - [TEST_STEP][PASSED] - i3 = <not implemented yet for class: org.codehaus.groovy.ast.expr.EmptyExpression>: null

16-05-2025T11:51:04 - [TEST_STEP][PASSED] - i3 = x.indexOf("/") + 1: null

16-05-2025T11:51:04 - [TEST_STEP][PASSED] - x = x.substring(i3, x.length()): null

16-05-2025T11:51:04 - [TEST_STEP][PASSED] - return x: null

16-05-2025T11:51:04 - [TEST_STEP][PASSED] - tableB = Script1719551244403.NewDZO(x = tableB): null

16-05-2025T11:51:04 - [TEST_STEP][PASSED] - i3 = <not implemented yet for class: org.codehaus.groovy.ast.expr.EmptyExpression>: null

16-05-2025T11:51:04 - [TEST_STEP][PASSED] - i3 = x.indexOf("/") + 1: null

16-05-2025T11:51:04 - [TEST_STEP][PASSED] - x = x.substring(i3, x.length()): null

16-05-2025T11:51:04 - [TEST_STEP][PASSED] - return x: null

16-05-2025T11:51:04 - [TEST_STEP][PASSED] - i = tableB.indexOf("Томск"): null

16-05-2025T11:51:04 - [TEST_STEP][PASSED] - SiB = /]", "").trim(): null

16-05-2025T11:51:04 - [TEST_STEP][PASSED] - println("SiB: " + SiB): null

16-05-2025T11:51:04 - [TEST_STEP][PASSED] - for ([i = 1, i < 9, (i++)]): null

16-05-2025T11:51:04 - [TEST_STEP][PASSED] - tableB = Script1719551244403.NewDZO(x = tableB): null

16-05-2025T11:51:04 - [TEST_STEP][PASSED] - i3 = <not implemented yet for class: org.codehaus.groovy.ast.expr.EmptyExpression>: null

16-05-2025T11:51:04 - [TEST_STEP][PASSED] - i3 = x.indexOf("/") + 1: null

16-05-2025T11:51:04 - [TEST_STEP][PASSED] - x = x.substring(i3, x.length()): null

16-05-2025T11:51:04 - [TEST_STEP][PASSED] - return x: null

16-05-2025T11:51:04 - [TEST_STEP][PASSED] - tableB = Script1719551244403.NewDZO(x = tableB): null

16-05-2025T11:51:04 - [TEST_STEP][PASSED] - i3 = <not implemented yet for class: org.codehaus.groovy.ast.expr.EmptyExpression>: null

16-05-2025T11:51:04 - [TEST_STEP][PASSED] - i3 = x.indexOf("/") + 1: null

16-05-2025T11:51:04 - [TEST_STEP][PASSED] - x = x.substring(i3, x.length()): null

16-05-2025T11:51:04 - [TEST_STEP][PASSED] - return x: null

16-05-2025T11:51:04 - [TEST_STEP][PASSED] - tableB = Script1719551244403.NewDZO(x = tableB): null

16-05-2025T11:51:04 - [TEST_STEP][PASSED] - i3 = <not implemented yet for class: org.codehaus.groovy.ast.expr.EmptyExpression>: null

16-05-2025T11:51:04 - [TEST_STEP][PASSED] - i3 = x.indexOf("/") + 1: null

16-05-2025T11:51:04 - [TEST_STEP][PASSED] - x = x.substring(i3, x.length()): null

16-05-2025T11:51:04 - [TEST_STEP][PASSED] - return x: null

16-05-2025T11:51:04 - [TEST_STEP][PASSED] - tableB = Script1719551244403.NewDZO(x = tableB): null

16-05-2025T11:51:04 - [TEST_STEP][PASSED] - i3 = <not implemented yet for class: org.codehaus.groovy.ast.expr.EmptyExpression>: null

16-05-2025T11:51:04 - [TEST_STEP][PASSED] - i3 = x.indexOf("/") + 1: null

16-05-2025T11:51:04 - [TEST_STEP][PASSED] - x = x.substring(i3, x.length()): null

16-05-2025T11:51:04 - [TEST_STEP][PASSED] - return x: null

16-05-2025T11:51:04 - [TEST_STEP][PASSED] - tableB = Script1719551244403.NewDZO(x = tableB): null

16-05-2025T11:51:04 - [TEST_STEP][PASSED] - i3 = <not implemented yet for class: org.codehaus.groovy.ast.expr.EmptyExpression>: null

16-05-2025T11:51:04 - [TEST_STEP][PASSED] - i3 = x.indexOf("/") + 1: null

16-05-2025T11:51:04 - [TEST_STEP][PASSED] - x = x.substring(i3, x.length()): null

16-05-2025T11:51:04 - [TEST_STEP][PASSED] - return x: null

16-05-2025T11:51:04 - [TEST_STEP][PASSED] - tableB = Script1719551244403.NewDZO(x = tableB): null

16-05-2025T11:51:04 - [TEST_STEP][PASSED] - i3 = <not implemented yet for class: org.codehaus.groovy.ast.expr.EmptyExpression>: null

16-05-2025T11:51:04 - [TEST_STEP][PASSED] - i3 = x.indexOf("/") + 1: null

16-05-2025T11:51:04 - [TEST_STEP][PASSED] - x = x.substring(i3, x.length()): null

16-05-2025T11:51:04 - [TEST_STEP][PASSED] - return x: null

16-05-2025T11:51:04 - [TEST_STEP][PASSED] - tableB = Script1719551244403.NewDZO(x = tableB): null

16-05-2025T11:51:04 - [TEST_STEP][PASSED] - i3 = <not implemented yet for class: org.codehaus.groovy.ast.expr.EmptyExpression>: null

16-05-2025T11:51:04 - [TEST_STEP][PASSED] - i3 = x.indexOf("/") + 1: null

16-05-2025T11:51:04 - [TEST_STEP][PASSED] - x = x.substring(i3, x.length()): null

16-05-2025T11:51:04 - [TEST_STEP][PASSED] - return x: null

16-05-2025T11:51:04 - [TEST_STEP][PASSED] - tableB = Script1719551244403.NewDZO(x = tableB): null

16-05-2025T11:51:04 - [TEST_STEP][PASSED] - i3 = <not implemented yet for class: org.codehaus.groovy.ast.expr.EmptyExpression>: null

16-05-2025T11:51:04 - [TEST_STEP][PASSED] - i3 = x.indexOf("/") + 1: null

16-05-2025T11:51:04 - [TEST_STEP][PASSED] - x = x.substring(i3, x.length()): null

16-05-2025T11:51:04 - [TEST_STEP][PASSED] - return x: null

16-05-2025T11:51:04 - [TEST_STEP][PASSED] - i = tableB.indexOf("Тюмень"): null

16-05-2025T11:51:04 - [TEST_STEP][PASSED] - ToB = /]", "").trim(): null

16-05-2025T11:51:04 - [TEST_STEP][PASSED] - println("ToB: " + ToB): null

16-05-2025T11:51:04 - [TEST_STEP][PASSED] - tableB = Script1719551244403.NewDZO(x = tableB): null

16-05-2025T11:51:04 - [TEST_STEP][PASSED] - i3 = <not implemented yet for class: org.codehaus.groovy.ast.expr.EmptyExpression>: null

16-05-2025T11:51:04 - [TEST_STEP][PASSED] - i3 = x.indexOf("/") + 1: null

16-05-2025T11:51:04 - [TEST_STEP][PASSED] - x = x.substring(i3, x.length()): null

16-05-2025T11:51:04 - [TEST_STEP][PASSED] - return x: null

16-05-2025T11:51:04 - [TEST_STEP][PASSED] - TyuB = /]", "").trim(): null

16-05-2025T11:51:04 - [TEST_STEP][PASSED] - println("TyuB: " + TyuB): null

16-05-2025T11:51:04 - [TEST_STEP][PASSED] - tableB = Script1719551244403.NewDZO(x = tableB): null

16-05-2025T11:51:04 - [TEST_STEP][PASSED] - i3 = <not implemented yet for class: org.codehaus.groovy.ast.expr.EmptyExpression>: null

16-05-2025T11:51:04 - [TEST_STEP][PASSED] - i3 = x.indexOf("/") + 1: null

16-05-2025T11:51:04 - [TEST_STEP][PASSED] - x = x.substring(i3, x.length()): null

16-05-2025T11:51:04 - [TEST_STEP][PASSED] - return x: null

16-05-2025T11:51:04 - [TEST_STEP][PASSED] - i = tableB.indexOf("ЕЭС"): null

16-05-2025T11:51:04 - [TEST_STEP][PASSED] - UrB = /]", "").trim(): null

16-05-2025T11:51:04 - [TEST_STEP][PASSED] - println("UrB: " + UrB): null

16-05-2025T11:51:04 - [TEST_STEP][PASSED] - for ([i = 1, i < 4, (i++)]): null

16-05-2025T11:51:04 - [TEST_STEP][PASSED] - tableB = Script1719551244403.NewDZO(x = tableB): null

16-05-2025T11:51:04 - [TEST_STEP][PASSED] - i3 = <not implemented yet for class: org.codehaus.groovy.ast.expr.EmptyExpression>: null

16-05-2025T11:51:04 - [TEST_STEP][PASSED] - i3 = x.indexOf("/") + 1: null

16-05-2025T11:51:04 - [TEST_STEP][PASSED] - x = x.substring(i3, x.length()): null

16-05-2025T11:51:04 - [TEST_STEP][PASSED] - return x: null

16-05-2025T11:51:04 - [TEST_STEP][PASSED] - tableB = Script1719551244403.NewDZO(x = tableB): null

16-05-2025T11:51:04 - [TEST_STEP][PASSED] - i3 = <not implemented yet for class: org.codehaus.groovy.ast.expr.EmptyExpression>: null

16-05-2025T11:51:04 - [TEST_STEP][PASSED] - i3 = x.indexOf("/") + 1: null

16-05-2025T11:51:04 - [TEST_STEP][PASSED] - x = x.substring(i3, x.length()): null

16-05-2025T11:51:04 - [TEST_STEP][PASSED] - return x: null

16-05-2025T11:51:04 - [TEST_STEP][PASSED] - tableB = Script1719551244403.NewDZO(x = tableB): null

16-05-2025T11:51:04 - [TEST_STEP][PASSED] - i3 = <not implemented yet for class: org.codehaus.groovy.ast.expr.EmptyExpression>: null

16-05-2025T11:51:04 - [TEST_STEP][PASSED] - i3 = x.indexOf("/") + 1: null

16-05-2025T11:51:04 - [TEST_STEP][PASSED] - x = x.substring(i3, x.length()): null

16-05-2025T11:51:04 - [TEST_STEP][PASSED] - return x: null

16-05-2025T11:51:04 - [TEST_STEP][PASSED] - i = tableB.indexOf("Центр"): null

16-05-2025T11:51:04 - [TEST_STEP][PASSED] - FSKB = /]", "").trim(): null

16-05-2025T11:51:04 - [TEST_STEP][PASSED] - println("FSKB: " + FSKB): null

16-05-2025T11:51:04 - [TEST_STEP][PASSED] - tableB = Script1719551244403.NewDZO(x = tableB): null

16-05-2025T11:51:04 - [TEST_STEP][PASSED] - i3 = <not implemented yet for class: org.codehaus.groovy.ast.expr.EmptyExpression>: null

16-05-2025T11:51:04 - [TEST_STEP][PASSED] - i3 = x.indexOf("/") + 1: null

16-05-2025T11:51:04 - [TEST_STEP][PASSED] - x = x.substring(i3, x.length()): null

16-05-2025T11:51:04 - [TEST_STEP][PASSED] - return x: null

16-05-2025T11:51:04 - [TEST_STEP][PASSED] - i = tableB.indexOf("Приволжье"): null

16-05-2025T11:51:04 - [TEST_STEP][PASSED] - CenB = /]", "").trim(): null

16-05-2025T11:51:04 - [TEST_STEP][PASSED] - println("CenB: " + CenB): null

16-05-2025T11:51:04 - [TEST_STEP][PASSED] - for ([i = 1, i < 12, (i++)]): null

16-05-2025T11:51:04 - [TEST_STEP][PASSED] - tableB = Script1719551244403.NewDZO(x = tableB): null

16-05-2025T11:51:04 - [TEST_STEP][PASSED] - i3 = <not implemented yet for class: org.codehaus.groovy.ast.expr.EmptyExpression>: null

16-05-2025T11:51:04 - [TEST_STEP][PASSED] - i3 = x.indexOf("/") + 1: null

16-05-2025T11:51:04 - [TEST_STEP][PASSED] - x = x.substring(i3, x.length()): null

16-05-2025T11:51:04 - [TEST_STEP][PASSED] - return x: null

16-05-2025T11:51:04 - [TEST_STEP][PASSED] - tableB = Script1719551244403.NewDZO(x = tableB): null

16-05-2025T11:51:04 - [TEST_STEP][PASSED] - i3 = <not implemented yet for class: org.codehaus.groovy.ast.expr.EmptyExpression>: null

16-05-2025T11:51:04 - [TEST_STEP][PASSED] - i3 = x.indexOf("/") + 1: null

16-05-2025T11:51:04 - [TEST_STEP][PASSED] - x = x.substring(i3, x.length()): null

16-05-2025T11:51:04 - [TEST_STEP][PASSED] - return x: null

16-05-2025T11:51:04 - [TEST_STEP][PASSED] - tableB = Script1719551244403.NewDZO(x = tableB): null

16-05-2025T11:51:04 - [TEST_STEP][PASSED] - i3 = <not implemented yet for class: org.codehaus.groovy.ast.expr.EmptyExpression>: null

16-05-2025T11:51:04 - [TEST_STEP][PASSED] - i3 = x.indexOf("/") + 1: null

16-05-2025T11:51:04 - [TEST_STEP][PASSED] - x = x.substring(i3, x.length()): null

16-05-2025T11:51:04 - [TEST_STEP][PASSED] - return x: null

16-05-2025T11:51:04 - [TEST_STEP][PASSED] - tableB = Script1719551244403.NewDZO(x = tableB): null

16-05-2025T11:51:04 - [TEST_STEP][PASSED] - i3 = <not implemented yet for class: org.codehaus.groovy.ast.expr.EmptyExpression>: null

16-05-2025T11:51:04 - [TEST_STEP][PASSED] - i3 = x.indexOf("/") + 1: null

16-05-2025T11:51:04 - [TEST_STEP][PASSED] - x = x.substring(i3, x.length()): null

16-05-2025T11:51:04 - [TEST_STEP][PASSED] - return x: null

16-05-2025T11:51:04 - [TEST_STEP][PASSED] - tableB = Script1719551244403.NewDZO(x = tableB): null

16-05-2025T11:51:04 - [TEST_STEP][PASSED] - i3 = <not implemented yet for class: org.codehaus.groovy.ast.expr.EmptyExpression>: null

16-05-2025T11:51:04 - [TEST_STEP][PASSED] - i3 = x.indexOf("/") + 1: null

16-05-2025T11:51:04 - [TEST_STEP][PASSED] - x = x.substring(i3, x.length()): null

16-05-2025T11:51:04 - [TEST_STEP][PASSED] - return x: null

16-05-2025T11:51:04 - [TEST_STEP][PASSED] - tableB = Script1719551244403.NewDZO(x = tableB): null

16-05-2025T11:51:04 - [TEST_STEP][PASSED] - i3 = <not implemented yet for class: org.codehaus.groovy.ast.expr.EmptyExpression>: null

16-05-2025T11:51:04 - [TEST_STEP][PASSED] - i3 = x.indexOf("/") + 1: null

16-05-2025T11:51:04 - [TEST_STEP][PASSED] - x = x.substring(i3, x.length()): null

16-05-2025T11:51:04 - [TEST_STEP][PASSED] - return x: null

16-05-2025T11:51:04 - [TEST_STEP][PASSED] - tableB = Script1719551244403.NewDZO(x = tableB): null

16-05-2025T11:51:04 - [TEST_STEP][PASSED] - i3 = <not implemented yet for class: org.codehaus.groovy.ast.expr.EmptyExpression>: null

16-05-2025T11:51:04 - [TEST_STEP][PASSED] - i3 = x.indexOf("/") + 1: null

16-05-2025T11:51:04 - [TEST_STEP][PASSED] - x = x.substring(i3, x.length()): null

16-05-2025T11:51:04 - [TEST_STEP][PASSED] - return x: null

16-05-2025T11:51:04 - [TEST_STEP][PASSED] - tableB = Script1719551244403.NewDZO(x = tableB): null

16-05-2025T11:51:04 - [TEST_STEP][PASSED] - i3 = <not implemented yet for class: org.codehaus.groovy.ast.expr.EmptyExpression>: null

16-05-2025T11:51:04 - [TEST_STEP][PASSED] - i3 = x.indexOf("/") + 1: null

16-05-2025T11:51:04 - [TEST_STEP][PASSED] - x = x.substring(i3, x.length()): null

16-05-2025T11:51:04 - [TEST_STEP][PASSED] - return x: null

16-05-2025T11:51:04 - [TEST_STEP][PASSED] - tableB = Script1719551244403.NewDZO(x = tableB): null

16-05-2025T11:51:04 - [TEST_STEP][PASSED] - i3 = <not implemented yet for class: org.codehaus.groovy.ast.expr.EmptyExpression>: null

16-05-2025T11:51:04 - [TEST_STEP][PASSED] - i3 = x.indexOf("/") + 1: null

16-05-2025T11:51:04 - [TEST_STEP][PASSED] - x = x.substring(i3, x.length()): null

16-05-2025T11:51:04 - [TEST_STEP][PASSED] - return x: null

16-05-2025T11:51:04 - [TEST_STEP][PASSED] - tableB = Script1719551244403.NewDZO(x = tableB): null

16-05-2025T11:51:04 - [TEST_STEP][PASSED] - i3 = <not implemented yet for class: org.codehaus.groovy.ast.expr.EmptyExpression>: null

16-05-2025T11:51:04 - [TEST_STEP][PASSED] - i3 = x.indexOf("/") + 1: null

16-05-2025T11:51:04 - [TEST_STEP][PASSED] - x = x.substring(i3, x.length()): null

16-05-2025T11:51:04 - [TEST_STEP][PASSED] - return x: null

16-05-2025T11:51:04 - [TEST_STEP][PASSED] - tableB = Script1719551244403.NewDZO(x = tableB): null

16-05-2025T11:51:04 - [TEST_STEP][PASSED] - i3 = <not implemented yet for class: org.codehaus.groovy.ast.expr.EmptyExpression>: null

16-05-2025T11:51:04 - [TEST_STEP][PASSED] - i3 = x.indexOf("/") + 1: null

16-05-2025T11:51:04 - [TEST_STEP][PASSED] - x = x.substring(i3, x.length()): null

16-05-2025T11:51:04 - [TEST_STEP][PASSED] - return x: null

16-05-2025T11:51:04 - [TEST_STEP][PASSED] - i = tableB.indexOf("Юг"): null

16-05-2025T11:51:04 - [TEST_STEP][PASSED] - CiPB = /]", "").trim(): null

16-05-2025T11:51:04 - [TEST_STEP][PASSED] - println("CiPB: " + CiPB): null

16-05-2025T11:51:04 - [TEST_STEP][PASSED] - for ([i = 1, i < 10, (i++)]): null

16-05-2025T11:51:04 - [TEST_STEP][PASSED] - tableB = Script1719551244403.NewDZO(x = tableB): null

16-05-2025T11:51:04 - [TEST_STEP][PASSED] - i3 = <not implemented yet for class: org.codehaus.groovy.ast.expr.EmptyExpression>: null

16-05-2025T11:51:04 - [TEST_STEP][PASSED] - i3 = x.indexOf("/") + 1: null

16-05-2025T11:51:04 - [TEST_STEP][PASSED] - x = x.substring(i3, x.length()): null

16-05-2025T11:51:04 - [TEST_STEP][PASSED] - return x: null

16-05-2025T11:51:04 - [TEST_STEP][PASSED] - tableB = Script1719551244403.NewDZO(x = tableB): null

16-05-2025T11:51:04 - [TEST_STEP][PASSED] - i3 = <not implemented yet for class: org.codehaus.groovy.ast.expr.EmptyExpression>: null

16-05-2025T11:51:04 - [TEST_STEP][PASSED] - i3 = x.indexOf("/") + 1: null

16-05-2025T11:51:04 - [TEST_STEP][PASSED] - x = x.substring(i3, x.length()): null

16-05-2025T11:51:04 - [TEST_STEP][PASSED] - return x: null

16-05-2025T11:51:04 - [TEST_STEP][PASSED] - tableB = Script1719551244403.NewDZO(x = tableB): null

16-05-2025T11:51:04 - [TEST_STEP][PASSED] - i3 = <not implemented yet for class: org.codehaus.groovy.ast.expr.EmptyExpression>: null

16-05-2025T11:51:04 - [TEST_STEP][PASSED] - i3 = x.indexOf("/") + 1: null

16-05-2025T11:51:04 - [TEST_STEP][PASSED] - x = x.substring(i3, x.length()): null

16-05-2025T11:51:04 - [TEST_STEP][PASSED] - return x: null

16-05-2025T11:51:04 - [TEST_STEP][PASSED] - tableB = Script1719551244403.NewDZO(x = tableB): null

16-05-2025T11:51:04 - [TEST_STEP][PASSED] - i3 = <not implemented yet for class: org.codehaus.groovy.ast.expr.EmptyExpression>: null

16-05-2025T11:51:04 - [TEST_STEP][PASSED] - i3 = x.indexOf("/") + 1: null

16-05-2025T11:51:04 - [TEST_STEP][PASSED] - x = x.substring(i3, x.length()): null

16-05-2025T11:51:04 - [TEST_STEP][PASSED] - return x: null

16-05-2025T11:51:04 - [TEST_STEP][PASSED] - tableB = Script1719551244403.NewDZO(x = tableB): null

16-05-2025T11:51:04 - [TEST_STEP][PASSED] - i3 = <not implemented yet for class: org.codehaus.groovy.ast.expr.EmptyExpression>: null

16-05-2025T11:51:04 - [TEST_STEP][PASSED] - i3 = x.indexOf("/") + 1: null

16-05-2025T11:51:04 - [TEST_STEP][PASSED] - x = x.substring(i3, x.length()): null

16-05-2025T11:51:04 - [TEST_STEP][PASSED] - return x: null

16-05-2025T11:51:04 - [TEST_STEP][PASSED] - tableB = Script1719551244403.NewDZO(x = tableB): null

16-05-2025T11:51:04 - [TEST_STEP][PASSED] - i3 = <not implemented yet for class: org.codehaus.groovy.ast.expr.EmptyExpression>: null

16-05-2025T11:51:04 - [TEST_STEP][PASSED] - i3 = x.indexOf("/") + 1: null

16-05-2025T11:51:04 - [TEST_STEP][PASSED] - x = x.substring(i3, x.length()): null

16-05-2025T11:51:04 - [TEST_STEP][PASSED] - return x: null

16-05-2025T11:51:04 - [TEST_STEP][PASSED] - tableB = Script1719551244403.NewDZO(x = tableB): null

16-05-2025T11:51:04 - [TEST_STEP][PASSED] - i3 = <not implemented yet for class: org.codehaus.groovy.ast.expr.EmptyExpression>: null

16-05-2025T11:51:04 - [TEST_STEP][PASSED] - i3 = x.indexOf("/") + 1: null

16-05-2025T11:51:04 - [TEST_STEP][PASSED] - x = x.substring(i3, x.length()): null

16-05-2025T11:51:04 - [TEST_STEP][PASSED] - return x: null

16-05-2025T11:51:04 - [TEST_STEP][PASSED] - tableB = Script1719551244403.NewDZO(x = tableB): null

16-05-2025T11:51:04 - [TEST_STEP][PASSED] - i3 = <not implemented yet for class: org.codehaus.groovy.ast.expr.EmptyExpression>: null

16-05-2025T11:51:04 - [TEST_STEP][PASSED] - i3 = x.indexOf("/") + 1: null

16-05-2025T11:51:04 - [TEST_STEP][PASSED] - x = x.substring(i3, x.length()): null

16-05-2025T11:51:04 - [TEST_STEP][PASSED] - return x: null

16-05-2025T11:51:04 - [TEST_STEP][PASSED] - tableB = Script1719551244403.NewDZO(x = tableB): null

16-05-2025T11:51:04 - [TEST_STEP][PASSED] - i3 = <not implemented yet for class: org.codehaus.groovy.ast.expr.EmptyExpression>: null

16-05-2025T11:51:04 - [TEST_STEP][PASSED] - i3 = x.indexOf("/") + 1: null

16-05-2025T11:51:04 - [TEST_STEP][PASSED] - x = x.substring(i3, x.length()): null

16-05-2025T11:51:04 - [TEST_STEP][PASSED] - return x: null

16-05-2025T11:51:04 - [TEST_STEP][PASSED] - i = tableB.indexOf("Янтарь"): null

16-05-2025T11:51:04 - [TEST_STEP][PASSED] - UgB = /]", "").trim(): null

16-05-2025T11:51:04 - [TEST_STEP][PASSED] - println("UgB: " + UgB): null

16-05-2025T11:51:04 - [TEST_STEP][PASSED] - i = tableB.lastIndexOf("/"): null

16-05-2025T11:51:04 - [TEST_STEP][PASSED] - YaB = /]", "").trim(): null

16-05-2025T11:51:04 - [TEST_STEP][PASSED] - println("YaB: " + YaB): null

16-05-2025T11:51:04 - [TEST_STEP][PASSED] - vidget = "Отклонения выручки по факторам": null

16-05-2025T11:51:04 - [TEST_STEP][PASSED] - if (run == 2): null

16-05-2025T11:51:04 - [TEST_STEP][PASSED] - Script1719551244403.Test(run, todaysDate, typeOfData, otobrajeniyeDannyh, x, y, vidget, DZO): null

16-05-2025T11:51:04 - [TEST_STEP][PASSED] - navigateToUrl(findTestData("PlanFact").getValue(10, 3)): Navigate to 'https://bi.rosseti.digital/viewer?dashboardGuid=2301950b23be4ed89c1df75f2020051e&sheetGuid=ccd7d7486b3d4e6fa0ee9b1eaebed46c&fit=true' successfully

16-05-2025T11:51:04 - [MESSAGE][PASSED] - Navigate to 'https://bi.rosseti.digital/viewer?dashboardGuid=2301950b23be4ed89c1df75f2020051e&sheetGuid=ccd7d7486b3d4e6fa0ee9b1eaebed46c&fit=true' successfully

16-05-2025T11:51:04 - [TEST_STEP][PASSED] - Script1719551244403.Autorization(run): null

16-05-2025T11:51:04 - [TEST_STEP][PASSED] - delay(10): Delayed 10 second(s)

16-05-2025T11:51:14 - [MESSAGE][PASSED] - Delayed 10 second(s)

16-05-2025T11:51:14 - [TEST_STEP][PASSED] - if (run == 1): null

16-05-2025T11:51:14 - [TEST_STEP][PASSED] - i = <not implemented yet for class: org.codehaus.groovy.ast.expr.EmptyExpression>: null

16-05-2025T11:51:14 - [TEST_STEP][PASSED] - ii = <not implemented yet for class: org.codehaus.groovy.ast.expr.EmptyExpression>: null

16-05-2025T11:51:14 - [TEST_STEP][PASSED] - a = <not implemented yet for class: org.codehaus.groovy.ast.expr.EmptyExpression>: null

16-05-2025T11:51:14 - [TEST_STEP][PASSED] - a1 = <not implemented yet for class: org.codehaus.groovy.ast.expr.EmptyExpression>: null

16-05-2025T11:51:14 - [TEST_STEP][PASSED] - a2 = <not implemented yet for class: org.codehaus.groovy.ast.expr.EmptyExpression>: null

16-05-2025T11:51:14 - [TEST_STEP][PASSED] - click(findTestObject("Факторный анализ/Фильтр Период")): Object: 'Object Repository/Факторный анализ/Фильтр Период' is clicked on

16-05-2025T11:51:14 - [MESSAGE][PASSED] - Object: 'Object Repository/Факторный анализ/Фильтр Период' is clicked on

16-05-2025T11:51:14 - [TEST_STEP][PASSED] - click(findTestObject("Факторный анализ/Снять выделение в фильтре Дата")): Object: 'Object Repository/Факторный анализ/Снять выделение в фильтре Дата' is clicked on

16-05-2025T11:51:15 - [MESSAGE][PASSED] - Object: 'Object Repository/Факторный анализ/Снять выделение в фильтре Дата' is clicked on

16-05-2025T11:51:15 - [TEST_STEP][PASSED] - click(findTestObject("Факторный анализ/Применить в фильтре Дата")): Object: 'Object Repository/Факторный анализ/Применить в фильтре Дата' is clicked on

16-05-2025T11:51:16 - [MESSAGE][PASSED] - Object: 'Object Repository/Факторный анализ/Применить в фильтре Дата' is clicked on

16-05-2025T11:51:16 - [TEST_STEP][PASSED] - delay(10): Delayed 10 second(s)

16-05-2025T11:51:26 - [MESSAGE][PASSED] - Delayed 10 second(s)

16-05-2025T11:51:26 - [TEST_STEP][PASSED] - click(findTestObject("Факторный анализ/Фильтр Период")): Object: 'Object Repository/Факторный анализ/Фильтр Период' is clicked on

16-05-2025T11:51:26 - [MESSAGE][PASSED] - Object: 'Object Repository/Факторный анализ/Фильтр Период' is clicked on

16-05-2025T11:51:26 - [TEST_STEP][PASSED] - click(findTestObject("Факторный анализ/Снять выделение в фильтре Дата")): Object: 'Object Repository/Факторный анализ/Снять выделение в фильтре Дата' is clicked on

16-05-2025T11:51:26 - [MESSAGE][PASSED] - Object: 'Object Repository/Факторный анализ/Снять выделение в фильтре Дата' is clicked on

16-05-2025T11:51:26 - [TEST_STEP][PASSED] - scrollToElement(findTestObject("Факторный анализ/2025 список"), 30): Scroll to object 'Object Repository/Факторный анализ/2025 список' successfully

16-05-2025T11:51:27 - [MESSAGE][PASSED] - Scroll to object 'Object Repository/Факторный анализ/2025 список' successfully

16-05-2025T11:51:27 - [TEST_STEP][PASSED] - click(findTestObject("Факторный анализ/2025 список")): Object: 'Object Repository/Факторный анализ/2025 список' is clicked on

16-05-2025T11:51:27 - [MESSAGE][PASSED] - Object: 'Object Repository/Факторный анализ/2025 список' is clicked on

16-05-2025T11:51:27 - [TEST_STEP][PASSED] - scrollToElement(findTestObject("Факторный анализ/1 квартал 2025 список"), 30): Scroll to object 'Object Repository/Факторный анализ/1 квартал 2025 список' successfully

16-05-2025T11:51:28 - [MESSAGE][PASSED] - Scroll to object 'Object Repository/Факторный анализ/1 квартал 2025 список' successfully

16-05-2025T11:51:28 - [TEST_STEP][PASSED] - click(findTestObject("Факторный анализ/1 квартал 2025 выбрать"), CONTINUE_ON_FAILURE): Object: 'Object Repository/Факторный анализ/1 квартал 2025 выбрать' is clicked on

16-05-2025T11:51:28 - [MESSAGE][PASSED] - Object: 'Object Repository/Факторный анализ/1 квартал 2025 выбрать' is clicked on

16-05-2025T11:51:28 - [TEST_STEP][PASSED] - scrollToElement(findTestObject("Факторный анализ/Заголовок дашборда"), 30): Scroll to object 'Object Repository/Факторный анализ/Заголовок дашборда' successfully

16-05-2025T11:51:28 - [MESSAGE][PASSED] - Scroll to object 'Object Repository/Факторный анализ/Заголовок дашборда' successfully

16-05-2025T11:51:28 - [TEST_STEP][PASSED] - click(findTestObject("Факторный анализ/Применить в фильтре Дата")): Object: 'Object Repository/Факторный анализ/Применить в фильтре Дата' is clicked on

16-05-2025T11:51:29 - [MESSAGE][PASSED] - Object: 'Object Repository/Факторный анализ/Применить в фильтре Дата' is clicked on

16-05-2025T11:51:29 - [TEST_STEP][PASSED] - if (run == 1): null

16-05-2025T11:51:29 - [TEST_STEP][PASSED] - else: null

16-05-2025T11:51:29 - [TEST_STEP][PASSED] - click(findTestObject("Факторный анализ/Переключить отображение с филиала на месяц Блок руководителя")): Object: 'Object Repository/Факторный анализ/Переключить отображение с филиала на месяц Блок руководителя' is clicked on

16-05-2025T11:51:30 - [MESSAGE][PASSED] - Object: 'Object Repository/Факторный анализ/Переключить отображение с филиала на месяц Блок руководителя' is clicked on

16-05-2025T11:51:30 - [TEST_STEP][PASSED] - a1 = replaceAll("\s+", "").trim(): Text of object 'Object Repository/Факторный анализ/span1 Блок руководителя' is: '-12 527'

16-05-2025T11:51:30 - [MESSAGE][PASSED] - Text of object 'Object Repository/Факторный анализ/span1 Блок руководителя' is: '-12 527'

16-05-2025T11:51:30 - [TEST_STEP][PASSED] - a2 = replaceAll("\s+", "").trim(): Text of object 'Object Repository/Факторный анализ/span2 Блок руководителя' is: '5 794'

16-05-2025T11:51:31 - [MESSAGE][PASSED] - Text of object 'Object Repository/Факторный анализ/span2 Блок руководителя' is: '5 794'

16-05-2025T11:51:31 - [TEST_STEP][PASSED] - println("a1: " + a1): null

16-05-2025T11:51:31 - [TEST_STEP][PASSED] - println("a2: " + a2): null

16-05-2025T11:51:31 - [TEST_STEP][PASSED] - tableA = getText(findTestObject("Факторный анализ/AllTable1")).replaceAll("[\r?
|
]", "/"): Text of object 'Object Repository/Факторный анализ/AllTable1' is: 'ДЗО
Филиал
Отклонение (объём услуг)
Отклонение (средний тариф)
АО "РЭС" АО "РЭС" - 245 -16
АО «Тываэнерго» АО "Тываэнерго" 39 17
АО «Чеченэнерго» АО «Чеченэнерго» -8 -19
Россети Волга Мордовэнерго - 165 -11
Оренбургэнерго - 207 -48
Пензаэнерго -61 -1
Самарские РС - 328 413
Саратовские РС - 213 -34
Ульяновские РС 96 -22
Чувашэнерго 7 36
Россети Кубань Кубаньэнерго 319 467
Россети Ленэнерго (ГК) Ленинградская область - 274 501
г. Санкт-Петербург - 135 -30
Россети Московский регион Московская область -2 728 26
г. Москва - 739 96
Россети Северный Кавказ (ГК) Дагэнерго - 409 86
Ингушэнерго - 145 41
Каббалкэнерго 55 -4
Карачаево-Черкесскэнерго 50 -22
Севкавказэнерго -5 -24
Ставропольэнерго 23 84
Россети Северо-Запад Архангельский филиал -69 52
Вологодский филиал -44 43
Карельский филиал -17 -65
Мурманский филиал 24 -84
Новгородский филиал 10 21
Псковский филиал -55 30
филиал в Республике Коми - 136 39
Россети Сибирь (ГК) Алтайэнерго 47 24
Бурятэнерго 52 -32
ГАЭС 23 4
Красноярскэнерго 299 26
Кузбассэнерго-РЭС -85 499
Омскэнерго 40 -69
Хакасэнерго -9 -53
Читаэнерго 23 88
Россети Томск Томская распределительная компания - 100 42
Россети Тюмень Россети Тюмень -2 270 - 495
Россети Урал (ГК) Пермэнерго - 357 1
Свердловэнерго - 199 -32
Челябэнерго - 323 -77
Россети ФСК ЕЭС Итого по ФСК ЕЭС - 451 2 121
Россети Центр Белгородэнерго -74 30
Брянскэнерго -66 -2
Воронежэнерго - 100 37
Костромаэнерго -73 -1
Курскэнерго -21 41
Липецкэнерго - 216 43
Орелэнерго -39 4
Смоленскэнерго -41 4
Тамбовэнерго -25 -5
Тверьэнерго - 164 -10
Ярэнерго - 130 4
Россети Центр и Приволжье (ГК) Владимирэнерго - 188 -31
Ивэнерго 4 -31
Калугаэнерго -57 41
Кировэнерго -64 14
Мариэнерго -39 29
Нижновэнерго - 287 49
Рязаньэнерго - 201 45
Тулэнерго - 131 -64
Удмуртэнерго -55 61
Россети Юг (ГК) АО «ВМЭС» -7 15
Астраханьэнерго -22 -15
Волгоградэнерго - 314 22
Калмэнерго 20 -5
Ростовэнерго 153 143
Россети Янтарь Россети Янтарь 15 15'

16-05-2025T11:51:31 - [MESSAGE][PASSED] - Text of object 'Object Repository/Факторный анализ/AllTable1' is: 'ДЗО
Филиал
Отклонение (объём услуг)
Отклонение (средний тариф)
АО "РЭС" АО "РЭС" - 245 -16
АО «Тываэнерго» АО "Тываэнерго" 39 17
АО «Чеченэнерго» АО «Чеченэнерго» -8 -19
Россети Волга Мордовэнерго - 165 -11
Оренбургэнерго - 207 -48
Пензаэнерго -61 -1
Самарские РС - 328 413
Саратовские РС - 213 -34
Ульяновские РС 96 -22
Чувашэнерго 7 36
Россети Кубань Кубаньэнерго 319 467
Россети Ленэнерго (ГК) Ленинградская область - 274 501
г. Санкт-Петербург - 135 -30
Россети Московский регион Московская область -2 728 26
г. Москва - 739 96
Россети Северный Кавказ (ГК) Дагэнерго - 409 86
Ингушэнерго - 145 41
Каббалкэнерго 55 -4
Карачаево-Черкесскэнерго 50 -22
Севкавказэнерго -5 -24
Ставропольэнерго 23 84
Россети Северо-Запад Архангельский филиал -69 52
Вологодский филиал -44 43
Карельский филиал -17 -65
Мурманский филиал 24 -84
Новгородский филиал 10 21
Псковский филиал -55 30
филиал в Республике Коми - 136 39
Россети Сибирь (ГК) Алтайэнерго 47 24
Бурятэнерго 52 -32
ГАЭС 23 4
Красноярскэнерго 299 26
Кузбассэнерго-РЭС -85 499
Омскэнерго 40 -69
Хакасэнерго -9 -53
Читаэнерго 23 88
Россети Томск Томская распределительная компания - 100 42
Россети Тюмень Россети Тюмень -2 270 - 495
Россети Урал (ГК) Пермэнерго - 357 1
Свердловэнерго - 199 -32
Челябэнерго - 323 -77
Россети ФСК ЕЭС Итого по ФСК ЕЭС - 451 2 121
Россети Центр Белгородэнерго -74 30
Брянскэнерго -66 -2
Воронежэнерго - 100 37
Костромаэнерго -73 -1
Курскэнерго -21 41
Липецкэнерго - 216 43
Орелэнерго -39 4
Смоленскэнерго -41 4
Тамбовэнерго -25 -5
Тверьэнерго - 164 -10
Ярэнерго - 130 4
Россети Центр и Приволжье (ГК) Владимирэнерго - 188 -31
Ивэнерго 4 -31
Калугаэнерго -57 41
Кировэнерго -64 14
Мариэнерго -39 29
Нижновэнерго - 287 49
Рязаньэнерго - 201 45
Тулэнерго - 131 -64
Удмуртэнерго -55 61
Россети Юг (ГК) АО «ВМЭС» -7 15
Астраханьэнерго -22 -15
Волгоградэнерго - 314 22
Калмэнерго 20 -5
Ростовэнерго 153 143
Россети Янтарь Россети Янтарь 15 15'

16-05-2025T11:51:31 - [TEST_STEP][PASSED] - println("tableA: " + tableA): null

16-05-2025T11:51:31 - [TEST_STEP][PASSED] - for ([i = 1, i < 5, (i++)]): null

16-05-2025T11:51:31 - [TEST_STEP][PASSED] - ii = tableA.indexOf("/") + 1: null

16-05-2025T11:51:31 - [TEST_STEP][PASSED] - tableA = tableA.substring(ii, tableA.length()): null

16-05-2025T11:51:31 - [TEST_STEP][PASSED] - ii = tableA.indexOf("/") + 1: null

16-05-2025T11:51:31 - [TEST_STEP][PASSED] - tableA = tableA.substring(ii, tableA.length()): null

16-05-2025T11:51:31 - [TEST_STEP][PASSED] - ii = tableA.indexOf("/") + 1: null

16-05-2025T11:51:31 - [TEST_STEP][PASSED] - tableA = tableA.substring(ii, tableA.length()): null

16-05-2025T11:51:31 - [TEST_STEP][PASSED] - ii = tableA.indexOf("/") + 1: null

16-05-2025T11:51:31 - [TEST_STEP][PASSED] - tableA = tableA.substring(ii, tableA.length()): null

16-05-2025T11:51:31 - [TEST_STEP][PASSED] - println("tableA: " + tableA): null

16-05-2025T11:51:31 - [TEST_STEP][PASSED] - ResA = Script1719551244403.GetData(x = tableA): null

16-05-2025T11:51:31 - [TEST_STEP][PASSED] - i2 = <not implemented yet for class: org.codehaus.groovy.ast.expr.EmptyExpression>: null

16-05-2025T11:51:31 - [TEST_STEP][PASSED] - i2 = x.indexOf("/") + 1: null

16-05-2025T11:51:31 - [TEST_STEP][PASSED] - x = /]", "").trim(): null

16-05-2025T11:51:31 - [TEST_STEP][PASSED] - return x: null

16-05-2025T11:51:31 - [TEST_STEP][PASSED] - println("ResA: " + ResA): null

16-05-2025T11:51:31 - [TEST_STEP][PASSED] - tableA = Script1719551244403.NewDZO(x = tableA): null

16-05-2025T11:51:31 - [TEST_STEP][PASSED] - i3 = <not implemented yet for class: org.codehaus.groovy.ast.expr.EmptyExpression>: null

16-05-2025T11:51:31 - [TEST_STEP][PASSED] - i3 = x.indexOf("/") + 1: null

16-05-2025T11:51:31 - [TEST_STEP][PASSED] - x = x.substring(i3, x.length()): null

16-05-2025T11:51:31 - [TEST_STEP][PASSED] - return x: null

16-05-2025T11:51:31 - [TEST_STEP][PASSED] - TyA = Script1719551244403.GetData(x = tableA): null

16-05-2025T11:51:31 - [TEST_STEP][PASSED] - i2 = <not implemented yet for class: org.codehaus.groovy.ast.expr.EmptyExpression>: null

16-05-2025T11:51:31 - [TEST_STEP][PASSED] - i2 = x.indexOf("/") + 1: null

16-05-2025T11:51:31 - [TEST_STEP][PASSED] - x = /]", "").trim(): null

16-05-2025T11:51:31 - [TEST_STEP][PASSED] - return x: null

16-05-2025T11:51:31 - [TEST_STEP][PASSED] - println("TyA: " + TyA): null

16-05-2025T11:51:31 - [TEST_STEP][PASSED] - tableA = Script1719551244403.NewDZO(x = tableA): null

16-05-2025T11:51:31 - [TEST_STEP][PASSED] - i3 = <not implemented yet for class: org.codehaus.groovy.ast.expr.EmptyExpression>: null

16-05-2025T11:51:31 - [TEST_STEP][PASSED] - i3 = x.indexOf("/") + 1: null

16-05-2025T11:51:31 - [TEST_STEP][PASSED] - x = x.substring(i3, x.length()): null

16-05-2025T11:51:31 - [TEST_STEP][PASSED] - return x: null

16-05-2025T11:51:31 - [TEST_STEP][PASSED] - ChA = Script1719551244403.GetData(x = tableA): null

16-05-2025T11:51:31 - [TEST_STEP][PASSED] - i2 = <not implemented yet for class: org.codehaus.groovy.ast.expr.EmptyExpression>: null

16-05-2025T11:51:31 - [TEST_STEP][PASSED] - i2 = x.indexOf("/") + 1: null

16-05-2025T11:51:31 - [TEST_STEP][PASSED] - x = /]", "").trim(): null

16-05-2025T11:51:31 - [TEST_STEP][PASSED] - return x: null

16-05-2025T11:51:31 - [TEST_STEP][PASSED] - println("ChA: " + ChA): null

16-05-2025T11:51:31 - [TEST_STEP][PASSED] - tableA = Script1719551244403.NewDZO(x = tableA): null

16-05-2025T11:51:31 - [TEST_STEP][PASSED] - i3 = <not implemented yet for class: org.codehaus.groovy.ast.expr.EmptyExpression>: null

16-05-2025T11:51:31 - [TEST_STEP][PASSED] - i3 = x.indexOf("/") + 1: null

16-05-2025T11:51:31 - [TEST_STEP][PASSED] - x = x.substring(i3, x.length()): null

16-05-2025T11:51:31 - [TEST_STEP][PASSED] - return x: null

16-05-2025T11:51:31 - [TEST_STEP][PASSED] - i = tableA.indexOf("Кубань"): null

16-05-2025T11:51:31 - [TEST_STEP][PASSED] - VA = /]", "").trim(): null

16-05-2025T11:51:31 - [TEST_STEP][PASSED] - println("VA: " + VA): null

16-05-2025T11:51:31 - [TEST_STEP][PASSED] - for ([i = 1, i < 8, (i++)]): null

16-05-2025T11:51:31 - [TEST_STEP][PASSED] - tableA = Script1719551244403.NewDZO(x = tableA): null

16-05-2025T11:51:31 - [TEST_STEP][PASSED] - i3 = <not implemented yet for class: org.codehaus.groovy.ast.expr.EmptyExpression>: null

16-05-2025T11:51:31 - [TEST_STEP][PASSED] - i3 = x.indexOf("/") + 1: null

16-05-2025T11:51:31 - [TEST_STEP][PASSED] - x = x.substring(i3, x.length()): null

16-05-2025T11:51:31 - [TEST_STEP][PASSED] - return x: null

16-05-2025T11:51:31 - [TEST_STEP][PASSED] - tableA = Script1719551244403.NewDZO(x = tableA): null

16-05-2025T11:51:31 - [TEST_STEP][PASSED] - i3 = <not implemented yet for class: org.codehaus.groovy.ast.expr.EmptyExpression>: null

16-05-2025T11:51:31 - [TEST_STEP][PASSED] - i3 = x.indexOf("/") + 1: null

16-05-2025T11:51:31 - [TEST_STEP][PASSED] - x = x.substring(i3, x.length()): null

16-05-2025T11:51:31 - [TEST_STEP][PASSED] - return x: null

16-05-2025T11:51:31 - [TEST_STEP][PASSED] - tableA = Script1719551244403.NewDZO(x = tableA): null

16-05-2025T11:51:31 - [TEST_STEP][PASSED] - i3 = <not implemented yet for class: org.codehaus.groovy.ast.expr.EmptyExpression>: null

16-05-2025T11:51:31 - [TEST_STEP][PASSED] - i3 = x.indexOf("/") + 1: null

16-05-2025T11:51:31 - [TEST_STEP][PASSED] - x = x.substring(i3, x.length()): null

16-05-2025T11:51:31 - [TEST_STEP][PASSED] - return x: null

16-05-2025T11:51:31 - [TEST_STEP][PASSED] - tableA = Script1719551244403.NewDZO(x = tableA): null

16-05-2025T11:51:31 - [TEST_STEP][PASSED] - i3 = <not implemented yet for class: org.codehaus.groovy.ast.expr.EmptyExpression>: null

16-05-2025T11:51:31 - [TEST_STEP][PASSED] - i3 = x.indexOf("/") + 1: null

16-05-2025T11:51:31 - [TEST_STEP][PASSED] - x = x.substring(i3, x.length()): null

16-05-2025T11:51:31 - [TEST_STEP][PASSED] - return x: null

16-05-2025T11:51:31 - [TEST_STEP][PASSED] - tableA = Script1719551244403.NewDZO(x = tableA): null

16-05-2025T11:51:31 - [TEST_STEP][PASSED] - i3 = <not implemented yet for class: org.codehaus.groovy.ast.expr.EmptyExpression>: null

16-05-2025T11:51:31 - [TEST_STEP][PASSED] - i3 = x.indexOf("/") + 1: null

16-05-2025T11:51:31 - [TEST_STEP][PASSED] - x = x.substring(i3, x.length()): null

16-05-2025T11:51:31 - [TEST_STEP][PASSED] - return x: null

16-05-2025T11:51:31 - [TEST_STEP][PASSED] - tableA = Script1719551244403.NewDZO(x = tableA): null

16-05-2025T11:51:31 - [TEST_STEP][PASSED] - i3 = <not implemented yet for class: org.codehaus.groovy.ast.expr.EmptyExpression>: null

16-05-2025T11:51:31 - [TEST_STEP][PASSED] - i3 = x.indexOf("/") + 1: null

16-05-2025T11:51:31 - [TEST_STEP][PASSED] - x = x.substring(i3, x.length()): null

16-05-2025T11:51:31 - [TEST_STEP][PASSED] - return x: null

16-05-2025T11:51:31 - [TEST_STEP][PASSED] - tableA = Script1719551244403.NewDZO(x = tableA): null

16-05-2025T11:51:31 - [TEST_STEP][PASSED] - i3 = <not implemented yet for class: org.codehaus.groovy.ast.expr.EmptyExpression>: null

16-05-2025T11:51:31 - [TEST_STEP][PASSED] - i3 = x.indexOf("/") + 1: null

16-05-2025T11:51:31 - [TEST_STEP][PASSED] - x = x.substring(i3, x.length()): null

16-05-2025T11:51:31 - [TEST_STEP][PASSED] - return x: null

16-05-2025T11:51:31 - [TEST_STEP][PASSED] - i = tableA.indexOf("Ленэнерго"): null

16-05-2025T11:51:31 - [TEST_STEP][PASSED] - KuA = Script1719551244403.GetData(x = tableA): null

16-05-2025T11:51:31 - [TEST_STEP][PASSED] - i2 = <not implemented yet for class: org.codehaus.groovy.ast.expr.EmptyExpression>: null

16-05-2025T11:51:31 - [TEST_STEP][PASSED] - i2 = x.indexOf("/") + 1: null

16-05-2025T11:51:31 - [TEST_STEP][PASSED] - x = /]", "").trim(): null

16-05-2025T11:51:31 - [TEST_STEP][PASSED] - return x: null

16-05-2025T11:51:31 - [TEST_STEP][PASSED] - println("KuA: " + KuA): null

16-05-2025T11:51:31 - [TEST_STEP][PASSED] - tableA = Script1719551244403.NewDZO(x = tableA): null

16-05-2025T11:51:31 - [TEST_STEP][PASSED] - i3 = <not implemented yet for class: org.codehaus.groovy.ast.expr.EmptyExpression>: null

16-05-2025T11:51:31 - [TEST_STEP][PASSED] - i3 = x.indexOf("/") + 1: null

16-05-2025T11:51:31 - [TEST_STEP][PASSED] - x = x.substring(i3, x.length()): null

16-05-2025T11:51:31 - [TEST_STEP][PASSED] - return x: null

16-05-2025T11:51:31 - [TEST_STEP][PASSED] - i = tableA.indexOf("Московский"): null

16-05-2025T11:51:31 - [TEST_STEP][PASSED] - LenA = /]", "").trim(): null

16-05-2025T11:51:31 - [TEST_STEP][PASSED] - println("LenA: " + LenA): null

16-05-2025T11:51:31 - [TEST_STEP][PASSED] - tableA = Script1719551244403.NewDZO(x = tableA): null

16-05-2025T11:51:31 - [TEST_STEP][PASSED] - i3 = <not implemented yet for class: org.codehaus.groovy.ast.expr.EmptyExpression>: null

16-05-2025T11:51:31 - [TEST_STEP][PASSED] - i3 = x.indexOf("/") + 1: null

16-05-2025T11:51:31 - [TEST_STEP][PASSED] - x = x.substring(i3, x.length()): null

16-05-2025T11:51:31 - [TEST_STEP][PASSED] - return x: null

16-05-2025T11:51:31 - [TEST_STEP][PASSED] - tableA = Script1719551244403.NewDZO(x = tableA): null

16-05-2025T11:51:31 - [TEST_STEP][PASSED] - i3 = <not implemented yet for class: org.codehaus.groovy.ast.expr.EmptyExpression>: null

16-05-2025T11:51:31 - [TEST_STEP][PASSED] - i3 = x.indexOf("/") + 1: null

16-05-2025T11:51:31 - [TEST_STEP][PASSED] - x = x.substring(i3, x.length()): null

16-05-2025T11:51:31 - [TEST_STEP][PASSED] - return x: null

16-05-2025T11:51:31 - [TEST_STEP][PASSED] - i = tableA.indexOf("Кавказ"): null

16-05-2025T11:51:31 - [TEST_STEP][PASSED] - MosA = /]", "").trim(): null

16-05-2025T11:51:31 - [TEST_STEP][PASSED] - println("MosA: " + MosA): null

16-05-2025T11:51:31 - [TEST_STEP][PASSED] - for ([i = 1, i < 3, (i++)]): null

16-05-2025T11:51:31 - [TEST_STEP][PASSED] - tableA = Script1719551244403.NewDZO(x = tableA): null

16-05-2025T11:51:31 - [TEST_STEP][PASSED] - i3 = <not implemented yet for class: org.codehaus.groovy.ast.expr.EmptyExpression>: null

16-05-2025T11:51:31 - [TEST_STEP][PASSED] - i3 = x.indexOf("/") + 1: null

16-05-2025T11:51:31 - [TEST_STEP][PASSED] - x = x.substring(i3, x.length()): null

16-05-2025T11:51:31 - [TEST_STEP][PASSED] - return x: null

16-05-2025T11:51:31 - [TEST_STEP][PASSED] - tableA = Script1719551244403.NewDZO(x = tableA): null

16-05-2025T11:51:31 - [TEST_STEP][PASSED] - i3 = <not implemented yet for class: org.codehaus.groovy.ast.expr.EmptyExpression>: null

16-05-2025T11:51:31 - [TEST_STEP][PASSED] - i3 = x.indexOf("/") + 1: null

16-05-2025T11:51:31 - [TEST_STEP][PASSED] - x = x.substring(i3, x.length()): null

16-05-2025T11:51:31 - [TEST_STEP][PASSED] - return x: null

16-05-2025T11:51:31 - [TEST_STEP][PASSED] - i = tableA.indexOf("Запад") - 1: null

16-05-2025T11:51:31 - [TEST_STEP][PASSED] - SKA = /]", "").trim(): null

16-05-2025T11:51:31 - [TEST_STEP][PASSED] - println("SKA: " + SKA): null

16-05-2025T11:51:31 - [TEST_STEP][PASSED] - for ([i = 1, i < 7, (i++)]): null

16-05-2025T11:51:31 - [TEST_STEP][PASSED] - tableA = Script1719551244403.NewDZO(x = tableA): null

16-05-2025T11:51:31 - [TEST_STEP][PASSED] - i3 = <not implemented yet for class: org.codehaus.groovy.ast.expr.EmptyExpression>: null

16-05-2025T11:51:31 - [TEST_STEP][PASSED] - i3 = x.indexOf("/") + 1: null

16-05-2025T11:51:31 - [TEST_STEP][PASSED] - x = x.substring(i3, x.length()): null

16-05-2025T11:51:31 - [TEST_STEP][PASSED] - return x: null

16-05-2025T11:51:31 - [TEST_STEP][PASSED] - tableA = Script1719551244403.NewDZO(x = tableA): null

16-05-2025T11:51:31 - [TEST_STEP][PASSED] - i3 = <not implemented yet for class: org.codehaus.groovy.ast.expr.EmptyExpression>: null

16-05-2025T11:51:31 - [TEST_STEP][PASSED] - i3 = x.indexOf("/") + 1: null

16-05-2025T11:51:31 - [TEST_STEP][PASSED] - x = x.substring(i3, x.length()): null

16-05-2025T11:51:31 - [TEST_STEP][PASSED] - return x: null

16-05-2025T11:51:31 - [TEST_STEP][PASSED] - tableA = Script1719551244403.NewDZO(x = tableA): null

16-05-2025T11:51:31 - [TEST_STEP][PASSED] - i3 = <not implemented yet for class: org.codehaus.groovy.ast.expr.EmptyExpression>: null

16-05-2025T11:51:31 - [TEST_STEP][PASSED] - i3 = x.indexOf("/") + 1: null

16-05-2025T11:51:31 - [TEST_STEP][PASSED] - x = x.substring(i3, x.length()): null

16-05-2025T11:51:31 - [TEST_STEP][PASSED] - return x: null

16-05-2025T11:51:31 - [TEST_STEP][PASSED] - tableA = Script1719551244403.NewDZO(x = tableA): null

16-05-2025T11:51:31 - [TEST_STEP][PASSED] - i3 = <not implemented yet for class: org.codehaus.groovy.ast.expr.EmptyExpression>: null

16-05-2025T11:51:31 - [TEST_STEP][PASSED] - i3 = x.indexOf("/") + 1: null

16-05-2025T11:51:31 - [TEST_STEP][PASSED] - x = x.substring(i3, x.length()): null

16-05-2025T11:51:31 - [TEST_STEP][PASSED] - return x: null

16-05-2025T11:51:31 - [TEST_STEP][PASSED] - tableA = Script1719551244403.NewDZO(x = tableA): null

16-05-2025T11:51:31 - [TEST_STEP][PASSED] - i3 = <not implemented yet for class: org.codehaus.groovy.ast.expr.EmptyExpression>: null

16-05-2025T11:51:31 - [TEST_STEP][PASSED] - i3 = x.indexOf("/") + 1: null

16-05-2025T11:51:31 - [TEST_STEP][PASSED] - x = x.substring(i3, x.length()): null

16-05-2025T11:51:31 - [TEST_STEP][PASSED] - return x: null

16-05-2025T11:51:31 - [TEST_STEP][PASSED] - tableA = Script1719551244403.NewDZO(x = tableA): null

16-05-2025T11:51:31 - [TEST_STEP][PASSED] - i3 = <not implemented yet for class: org.codehaus.groovy.ast.expr.EmptyExpression>: null

16-05-2025T11:51:31 - [TEST_STEP][PASSED] - i3 = x.indexOf("/") + 1: null

16-05-2025T11:51:31 - [TEST_STEP][PASSED] - x = x.substring(i3, x.length()): null

16-05-2025T11:51:31 - [TEST_STEP][PASSED] - return x: null

16-05-2025T11:51:31 - [TEST_STEP][PASSED] - i = tableA.indexOf("Сибирь"): null

16-05-2025T11:51:31 - [TEST_STEP][PASSED] - SZA = /]", "").trim(): null

16-05-2025T11:51:31 - [TEST_STEP][PASSED] - println("SZA: " + SZA): null

16-05-2025T11:51:31 - [TEST_STEP][PASSED] - for ([i = 1, i < 8, (i++)]): null

16-05-2025T11:51:31 - [TEST_STEP][PASSED] - tableA = Script1719551244403.NewDZO(x = tableA): null

16-05-2025T11:51:31 - [TEST_STEP][PASSED] - i3 = <not implemented yet for class: org.codehaus.groovy.ast.expr.EmptyExpression>: null

16-05-2025T11:51:31 - [TEST_STEP][PASSED] - i3 = x.indexOf("/") + 1: null

16-05-2025T11:51:31 - [TEST_STEP][PASSED] - x = x.substring(i3, x.length()): null

16-05-2025T11:51:31 - [TEST_STEP][PASSED] - return x: null

16-05-2025T11:51:31 - [TEST_STEP][PASSED] - tableA = Script1719551244403.NewDZO(x = tableA): null

16-05-2025T11:51:31 - [TEST_STEP][PASSED] - i3 = <not implemented yet for class: org.codehaus.groovy.ast.expr.EmptyExpression>: null

16-05-2025T11:51:31 - [TEST_STEP][PASSED] - i3 = x.indexOf("/") + 1: null

16-05-2025T11:51:31 - [TEST_STEP][PASSED] - x = x.substring(i3, x.length()): null

16-05-2025T11:51:31 - [TEST_STEP][PASSED] - return x: null

16-05-2025T11:51:31 - [TEST_STEP][PASSED] - tableA = Script1719551244403.NewDZO(x = tableA): null

16-05-2025T11:51:31 - [TEST_STEP][PASSED] - i3 = <not implemented yet for class: org.codehaus.groovy.ast.expr.EmptyExpression>: null

16-05-2025T11:51:31 - [TEST_STEP][PASSED] - i3 = x.indexOf("/") + 1: null

16-05-2025T11:51:31 - [TEST_STEP][PASSED] - x = x.substring(i3, x.length()): null

16-05-2025T11:51:31 - [TEST_STEP][PASSED] - return x: null

16-05-2025T11:51:31 - [TEST_STEP][PASSED] - tableA = Script1719551244403.NewDZO(x = tableA): null

16-05-2025T11:51:31 - [TEST_STEP][PASSED] - i3 = <not implemented yet for class: org.codehaus.groovy.ast.expr.EmptyExpression>: null

16-05-2025T11:51:31 - [TEST_STEP][PASSED] - i3 = x.indexOf("/") + 1: null

16-05-2025T11:51:31 - [TEST_STEP][PASSED] - x = x.substring(i3, x.length()): null

16-05-2025T11:51:31 - [TEST_STEP][PASSED] - return x: null

16-05-2025T11:51:31 - [TEST_STEP][PASSED] - tableA = Script1719551244403.NewDZO(x = tableA): null

16-05-2025T11:51:31 - [TEST_STEP][PASSED] - i3 = <not implemented yet for class: org.codehaus.groovy.ast.expr.EmptyExpression>: null

16-05-2025T11:51:31 - [TEST_STEP][PASSED] - i3 = x.indexOf("/") + 1: null

16-05-2025T11:51:31 - [TEST_STEP][PASSED] - x = x.substring(i3, x.length()): null

16-05-2025T11:51:31 - [TEST_STEP][PASSED] - return x: null

16-05-2025T11:51:31 - [TEST_STEP][PASSED] - tableA = Script1719551244403.NewDZO(x = tableA): null

16-05-2025T11:51:31 - [TEST_STEP][PASSED] - i3 = <not implemented yet for class: org.codehaus.groovy.ast.expr.EmptyExpression>: null

16-05-2025T11:51:31 - [TEST_STEP][PASSED] - i3 = x.indexOf("/") + 1: null

16-05-2025T11:51:31 - [TEST_STEP][PASSED] - x = x.substring(i3, x.length()): null

16-05-2025T11:51:31 - [TEST_STEP][PASSED] - return x: null

16-05-2025T11:51:31 - [TEST_STEP][PASSED] - tableA = Script1719551244403.NewDZO(x = tableA): null

16-05-2025T11:51:31 - [TEST_STEP][PASSED] - i3 = <not implemented yet for class: org.codehaus.groovy.ast.expr.EmptyExpression>: null

16-05-2025T11:51:31 - [TEST_STEP][PASSED] - i3 = x.indexOf("/") + 1: null

16-05-2025T11:51:31 - [TEST_STEP][PASSED] - x = x.substring(i3, x.length()): null

16-05-2025T11:51:31 - [TEST_STEP][PASSED] - return x: null

16-05-2025T11:51:31 - [TEST_STEP][PASSED] - i = tableA.indexOf("Томск"): null

16-05-2025T11:51:31 - [TEST_STEP][PASSED] - SiA = /]", "").trim(): null

16-05-2025T11:51:31 - [TEST_STEP][PASSED] - println("SiA: " + SiA): null

16-05-2025T11:51:31 - [TEST_STEP][PASSED] - for ([i = 1, i < 9, (i++)]): null

16-05-2025T11:51:31 - [TEST_STEP][PASSED] - tableA = Script1719551244403.NewDZO(x = tableA): null

16-05-2025T11:51:31 - [TEST_STEP][PASSED] - i3 = <not implemented yet for class: org.codehaus.groovy.ast.expr.EmptyExpression>: null

16-05-2025T11:51:31 - [TEST_STEP][PASSED] - i3 = x.indexOf("/") + 1: null

16-05-2025T11:51:31 - [TEST_STEP][PASSED] - x = x.substring(i3, x.length()): null

16-05-2025T11:51:31 - [TEST_STEP][PASSED] - return x: null

16-05-2025T11:51:31 - [TEST_STEP][PASSED] - tableA = Script1719551244403.NewDZO(x = tableA): null

16-05-2025T11:51:31 - [TEST_STEP][PASSED] - i3 = <not implemented yet for class: org.codehaus.groovy.ast.expr.EmptyExpression>: null

16-05-2025T11:51:31 - [TEST_STEP][PASSED] - i3 = x.indexOf("/") + 1: null

16-05-2025T11:51:31 - [TEST_STEP][PASSED] - x = x.substring(i3, x.length()): null

16-05-2025T11:51:31 - [TEST_STEP][PASSED] - return x: null

16-05-2025T11:51:31 - [TEST_STEP][PASSED] - tableA = Script1719551244403.NewDZO(x = tableA): null

16-05-2025T11:51:31 - [TEST_STEP][PASSED] - i3 = <not implemented yet for class: org.codehaus.groovy.ast.expr.EmptyExpression>: null

16-05-2025T11:51:31 - [TEST_STEP][PASSED] - i3 = x.indexOf("/") + 1: null

16-05-2025T11:51:31 - [TEST_STEP][PASSED] - x = x.substring(i3, x.length()): null

16-05-2025T11:51:31 - [TEST_STEP][PASSED] - return x: null

16-05-2025T11:51:31 - [TEST_STEP][PASSED] - tableA = Script1719551244403.NewDZO(x = tableA): null

16-05-2025T11:51:31 - [TEST_STEP][PASSED] - i3 = <not implemented yet for class: org.codehaus.groovy.ast.expr.EmptyExpression>: null

16-05-2025T11:51:31 - [TEST_STEP][PASSED] - i3 = x.indexOf("/") + 1: null

16-05-2025T11:51:31 - [TEST_STEP][PASSED] - x = x.substring(i3, x.length()): null

16-05-2025T11:51:31 - [TEST_STEP][PASSED] - return x: null

16-05-2025T11:51:31 - [TEST_STEP][PASSED] - tableA = Script1719551244403.NewDZO(x = tableA): null

16-05-2025T11:51:31 - [TEST_STEP][PASSED] - i3 = <not implemented yet for class: org.codehaus.groovy.ast.expr.EmptyExpression>: null

16-05-2025T11:51:31 - [TEST_STEP][PASSED] - i3 = x.indexOf("/") + 1: null

16-05-2025T11:51:31 - [TEST_STEP][PASSED] - x = x.substring(i3, x.length()): null

16-05-2025T11:51:31 - [TEST_STEP][PASSED] - return x: null

16-05-2025T11:51:31 - [TEST_STEP][PASSED] - tableA = Script1719551244403.NewDZO(x = tableA): null

16-05-2025T11:51:31 - [TEST_STEP][PASSED] - i3 = <not implemented yet for class: org.codehaus.groovy.ast.expr.EmptyExpression>: null

16-05-2025T11:51:31 - [TEST_STEP][PASSED] - i3 = x.indexOf("/") + 1: null

16-05-2025T11:51:31 - [TEST_STEP][PASSED] - x = x.substring(i3, x.length()): null

16-05-2025T11:51:31 - [TEST_STEP][PASSED] - return x: null

16-05-2025T11:51:31 - [TEST_STEP][PASSED] - tableA = Script1719551244403.NewDZO(x = tableA): null

16-05-2025T11:51:31 - [TEST_STEP][PASSED] - i3 = <not implemented yet for class: org.codehaus.groovy.ast.expr.EmptyExpression>: null

16-05-2025T11:51:31 - [TEST_STEP][PASSED] - i3 = x.indexOf("/") + 1: null

16-05-2025T11:51:31 - [TEST_STEP][PASSED] - x = x.substring(i3, x.length()): null

16-05-2025T11:51:31 - [TEST_STEP][PASSED] - return x: null

16-05-2025T11:51:31 - [TEST_STEP][PASSED] - tableA = Script1719551244403.NewDZO(x = tableA): null

16-05-2025T11:51:31 - [TEST_STEP][PASSED] - i3 = <not implemented yet for class: org.codehaus.groovy.ast.expr.EmptyExpression>: null

16-05-2025T11:51:31 - [TEST_STEP][PASSED] - i3 = x.indexOf("/") + 1: null

16-05-2025T11:51:31 - [TEST_STEP][PASSED] - x = x.substring(i3, x.length()): null

16-05-2025T11:51:31 - [TEST_STEP][PASSED] - return x: null

16-05-2025T11:51:31 - [TEST_STEP][PASSED] - i = tableA.indexOf("Тюмень"): null

16-05-2025T11:51:31 - [TEST_STEP][PASSED] - ToA = /]", "").trim(): null

16-05-2025T11:51:31 - [TEST_STEP][PASSED] - println("ToA: " + ToA): null

16-05-2025T11:51:31 - [TEST_STEP][PASSED] - tableA = Script1719551244403.NewDZO(x = tableA): null

16-05-2025T11:51:31 - [TEST_STEP][PASSED] - i3 = <not implemented yet for class: org.codehaus.groovy.ast.expr.EmptyExpression>: null

16-05-2025T11:51:31 - [TEST_STEP][PASSED] - i3 = x.indexOf("/") + 1: null

16-05-2025T11:51:31 - [TEST_STEP][PASSED] - x = x.substring(i3, x.length()): null

16-05-2025T11:51:31 - [TEST_STEP][PASSED] - return x: null

16-05-2025T11:51:31 - [TEST_STEP][PASSED] - TyuA = /]", "").trim(): null

16-05-2025T11:51:31 - [TEST_STEP][PASSED] - println("TyuA: " + TyuA): null

16-05-2025T11:51:31 - [TEST_STEP][PASSED] - tableA = Script1719551244403.NewDZO(x = tableA): null

16-05-2025T11:51:31 - [TEST_STEP][PASSED] - i3 = <not implemented yet for class: org.codehaus.groovy.ast.expr.EmptyExpression>: null

16-05-2025T11:51:31 - [TEST_STEP][PASSED] - i3 = x.indexOf("/") + 1: null

16-05-2025T11:51:31 - [TEST_STEP][PASSED] - x = x.substring(i3, x.length()): null

16-05-2025T11:51:31 - [TEST_STEP][PASSED] - return x: null

16-05-2025T11:51:31 - [TEST_STEP][PASSED] - i = tableA.indexOf("ЕЭС"): null

16-05-2025T11:51:31 - [TEST_STEP][PASSED] - UrA = /]", "").trim(): null

16-05-2025T11:51:31 - [TEST_STEP][PASSED] - println("UrA: " + UrA): null

16-05-2025T11:51:31 - [TEST_STEP][PASSED] - for ([i = 1, i < 4, (i++)]): null

16-05-2025T11:51:31 - [TEST_STEP][PASSED] - tableA = Script1719551244403.NewDZO(x = tableA): null

16-05-2025T11:51:31 - [TEST_STEP][PASSED] - i3 = <not implemented yet for class: org.codehaus.groovy.ast.expr.EmptyExpression>: null

16-05-2025T11:51:31 - [TEST_STEP][PASSED] - i3 = x.indexOf("/") + 1: null

16-05-2025T11:51:31 - [TEST_STEP][PASSED] - x = x.substring(i3, x.length()): null

16-05-2025T11:51:31 - [TEST_STEP][PASSED] - return x: null

16-05-2025T11:51:31 - [TEST_STEP][PASSED] - tableA = Script1719551244403.NewDZO(x = tableA): null

16-05-2025T11:51:31 - [TEST_STEP][PASSED] - i3 = <not implemented yet for class: org.codehaus.groovy.ast.expr.EmptyExpression>: null

16-05-2025T11:51:31 - [TEST_STEP][PASSED] - i3 = x.indexOf("/") + 1: null

16-05-2025T11:51:31 - [TEST_STEP][PASSED] - x = x.substring(i3, x.length()): null

16-05-2025T11:51:31 - [TEST_STEP][PASSED] - return x: null

16-05-2025T11:51:31 - [TEST_STEP][PASSED] - tableA = Script1719551244403.NewDZO(x = tableA): null

16-05-2025T11:51:31 - [TEST_STEP][PASSED] - i3 = <not implemented yet for class: org.codehaus.groovy.ast.expr.EmptyExpression>: null

16-05-2025T11:51:31 - [TEST_STEP][PASSED] - i3 = x.indexOf("/") + 1: null

16-05-2025T11:51:31 - [TEST_STEP][PASSED] - x = x.substring(i3, x.length()): null

16-05-2025T11:51:31 - [TEST_STEP][PASSED] - return x: null

16-05-2025T11:51:31 - [TEST_STEP][PASSED] - i = tableA.indexOf("Центр"): null

16-05-2025T11:51:31 - [TEST_STEP][PASSED] - FSKA = /]", "").trim(): null

16-05-2025T11:51:31 - [TEST_STEP][PASSED] - println("FSKA: " + FSKA): null

16-05-2025T11:51:31 - [TEST_STEP][PASSED] - tableA = Script1719551244403.NewDZO(x = tableA): null

16-05-2025T11:51:31 - [TEST_STEP][PASSED] - i3 = <not implemented yet for class: org.codehaus.groovy.ast.expr.EmptyExpression>: null

16-05-2025T11:51:31 - [TEST_STEP][PASSED] - i3 = x.indexOf("/") + 1: null

16-05-2025T11:51:31 - [TEST_STEP][PASSED] - x = x.substring(i3, x.length()): null

16-05-2025T11:51:31 - [TEST_STEP][PASSED] - return x: null

16-05-2025T11:51:31 - [TEST_STEP][PASSED] - i = tableA.indexOf("Приволжье"): null

16-05-2025T11:51:31 - [TEST_STEP][PASSED] - CenA = /]", "").trim(): null

16-05-2025T11:51:31 - [TEST_STEP][PASSED] - println("CenA: " + CenA): null

16-05-2025T11:51:31 - [TEST_STEP][PASSED] - for ([i = 1, i < 12, (i++)]): null

16-05-2025T11:51:31 - [TEST_STEP][PASSED] - tableA = Script1719551244403.NewDZO(x = tableA): null

16-05-2025T11:51:31 - [TEST_STEP][PASSED] - i3 = <not implemented yet for class: org.codehaus.groovy.ast.expr.EmptyExpression>: null

16-05-2025T11:51:31 - [TEST_STEP][PASSED] - i3 = x.indexOf("/") + 1: null

16-05-2025T11:51:31 - [TEST_STEP][PASSED] - x = x.substring(i3, x.length()): null

16-05-2025T11:51:31 - [TEST_STEP][PASSED] - return x: null

16-05-2025T11:51:31 - [TEST_STEP][PASSED] - tableA = Script1719551244403.NewDZO(x = tableA): null

16-05-2025T11:51:31 - [TEST_STEP][PASSED] - i3 = <not implemented yet for class: org.codehaus.groovy.ast.expr.EmptyExpression>: null

16-05-2025T11:51:31 - [TEST_STEP][PASSED] - i3 = x.indexOf("/") + 1: null

16-05-2025T11:51:31 - [TEST_STEP][PASSED] - x = x.substring(i3, x.length()): null

16-05-2025T11:51:31 - [TEST_STEP][PASSED] - return x: null

16-05-2025T11:51:31 - [TEST_STEP][PASSED] - tableA = Script1719551244403.NewDZO(x = tableA): null

16-05-2025T11:51:31 - [TEST_STEP][PASSED] - i3 = <not implemented yet for class: org.codehaus.groovy.ast.expr.EmptyExpression>: null

16-05-2025T11:51:31 - [TEST_STEP][PASSED] - i3 = x.indexOf("/") + 1: null

16-05-2025T11:51:31 - [TEST_STEP][PASSED] - x = x.substring(i3, x.length()): null

16-05-2025T11:51:31 - [TEST_STEP][PASSED] - return x: null

16-05-2025T11:51:31 - [TEST_STEP][PASSED] - tableA = Script1719551244403.NewDZO(x = tableA): null

16-05-2025T11:51:31 - [TEST_STEP][PASSED] - i3 = <not implemented yet for class: org.codehaus.groovy.ast.expr.EmptyExpression>: null

16-05-2025T11:51:31 - [TEST_STEP][PASSED] - i3 = x.indexOf("/") + 1: null

16-05-2025T11:51:31 - [TEST_STEP][PASSED] - x = x.substring(i3, x.length()): null

16-05-2025T11:51:31 - [TEST_STEP][PASSED] - return x: null

16-05-2025T11:51:31 - [TEST_STEP][PASSED] - tableA = Script1719551244403.NewDZO(x = tableA): null

16-05-2025T11:51:31 - [TEST_STEP][PASSED] - i3 = <not implemented yet for class: org.codehaus.groovy.ast.expr.EmptyExpression>: null

16-05-2025T11:51:31 - [TEST_STEP][PASSED] - i3 = x.indexOf("/") + 1: null

16-05-2025T11:51:31 - [TEST_STEP][PASSED] - x = x.substring(i3, x.length()): null

16-05-2025T11:51:31 - [TEST_STEP][PASSED] - return x: null

16-05-2025T11:51:31 - [TEST_STEP][PASSED] - tableA = Script1719551244403.NewDZO(x = tableA): null

16-05-2025T11:51:31 - [TEST_STEP][PASSED] - i3 = <not implemented yet for class: org.codehaus.groovy.ast.expr.EmptyExpression>: null

16-05-2025T11:51:31 - [TEST_STEP][PASSED] - i3 = x.indexOf("/") + 1: null

16-05-2025T11:51:31 - [TEST_STEP][PASSED] - x = x.substring(i3, x.length()): null

16-05-2025T11:51:31 - [TEST_STEP][PASSED] - return x: null

16-05-2025T11:51:31 - [TEST_STEP][PASSED] - tableA = Script1719551244403.NewDZO(x = tableA): null

16-05-2025T11:51:31 - [TEST_STEP][PASSED] - i3 = <not implemented yet for class: org.codehaus.groovy.ast.expr.EmptyExpression>: null

16-05-2025T11:51:31 - [TEST_STEP][PASSED] - i3 = x.indexOf("/") + 1: null

16-05-2025T11:51:31 - [TEST_STEP][PASSED] - x = x.substring(i3, x.length()): null

16-05-2025T11:51:31 - [TEST_STEP][PASSED] - return x: null

16-05-2025T11:51:31 - [TEST_STEP][PASSED] - tableA = Script1719551244403.NewDZO(x = tableA): null

16-05-2025T11:51:31 - [TEST_STEP][PASSED] - i3 = <not implemented yet for class: org.codehaus.groovy.ast.expr.EmptyExpression>: null

16-05-2025T11:51:31 - [TEST_STEP][PASSED] - i3 = x.indexOf("/") + 1: null

16-05-2025T11:51:31 - [TEST_STEP][PASSED] - x = x.substring(i3, x.length()): null

16-05-2025T11:51:31 - [TEST_STEP][PASSED] - return x: null

16-05-2025T11:51:31 - [TEST_STEP][PASSED] - tableA = Script1719551244403.NewDZO(x = tableA): null

16-05-2025T11:51:31 - [TEST_STEP][PASSED] - i3 = <not implemented yet for class: org.codehaus.groovy.ast.expr.EmptyExpression>: null

16-05-2025T11:51:31 - [TEST_STEP][PASSED] - i3 = x.indexOf("/") + 1: null

16-05-2025T11:51:31 - [TEST_STEP][PASSED] - x = x.substring(i3, x.length()): null

16-05-2025T11:51:31 - [TEST_STEP][PASSED] - return x: null

16-05-2025T11:51:31 - [TEST_STEP][PASSED] - tableA = Script1719551244403.NewDZO(x = tableA): null

16-05-2025T11:51:31 - [TEST_STEP][PASSED] - i3 = <not implemented yet for class: org.codehaus.groovy.ast.expr.EmptyExpression>: null

16-05-2025T11:51:31 - [TEST_STEP][PASSED] - i3 = x.indexOf("/") + 1: null

16-05-2025T11:51:31 - [TEST_STEP][PASSED] - x = x.substring(i3, x.length()): null

16-05-2025T11:51:31 - [TEST_STEP][PASSED] - return x: null

16-05-2025T11:51:31 - [TEST_STEP][PASSED] - tableA = Script1719551244403.NewDZO(x = tableA): null

16-05-2025T11:51:31 - [TEST_STEP][PASSED] - i3 = <not implemented yet for class: org.codehaus.groovy.ast.expr.EmptyExpression>: null

16-05-2025T11:51:31 - [TEST_STEP][PASSED] - i3 = x.indexOf("/") + 1: null

16-05-2025T11:51:31 - [TEST_STEP][PASSED] - x = x.substring(i3, x.length()): null

16-05-2025T11:51:31 - [TEST_STEP][PASSED] - return x: null

16-05-2025T11:51:31 - [TEST_STEP][PASSED] - i = tableA.indexOf("Юг"): null

16-05-2025T11:51:31 - [TEST_STEP][PASSED] - CiPA = /]", "").trim(): null

16-05-2025T11:51:31 - [TEST_STEP][PASSED] - println("CiPA: " + CiPA): null

16-05-2025T11:51:31 - [TEST_STEP][PASSED] - for ([i = 1, i < 10, (i++)]): null

16-05-2025T11:51:31 - [TEST_STEP][PASSED] - tableA = Script1719551244403.NewDZO(x = tableA): null

16-05-2025T11:51:31 - [TEST_STEP][PASSED] - i3 = <not implemented yet for class: org.codehaus.groovy.ast.expr.EmptyExpression>: null

16-05-2025T11:51:31 - [TEST_STEP][PASSED] - i3 = x.indexOf("/") + 1: null

16-05-2025T11:51:31 - [TEST_STEP][PASSED] - x = x.substring(i3, x.length()): null

16-05-2025T11:51:31 - [TEST_STEP][PASSED] - return x: null

16-05-2025T11:51:31 - [TEST_STEP][PASSED] - tableA = Script1719551244403.NewDZO(x = tableA): null

16-05-2025T11:51:31 - [TEST_STEP][PASSED] - i3 = <not implemented yet for class: org.codehaus.groovy.ast.expr.EmptyExpression>: null

16-05-2025T11:51:31 - [TEST_STEP][PASSED] - i3 = x.indexOf("/") + 1: null

16-05-2025T11:51:31 - [TEST_STEP][PASSED] - x = x.substring(i3, x.length()): null

16-05-2025T11:51:31 - [TEST_STEP][PASSED] - return x: null

16-05-2025T11:51:31 - [TEST_STEP][PASSED] - tableA = Script1719551244403.NewDZO(x = tableA): null

16-05-2025T11:51:31 - [TEST_STEP][PASSED] - i3 = <not implemented yet for class: org.codehaus.groovy.ast.expr.EmptyExpression>: null

16-05-2025T11:51:31 - [TEST_STEP][PASSED] - i3 = x.indexOf("/") + 1: null

16-05-2025T11:51:31 - [TEST_STEP][PASSED] - x = x.substring(i3, x.length()): null

16-05-2025T11:51:31 - [TEST_STEP][PASSED] - return x: null

16-05-2025T11:51:31 - [TEST_STEP][PASSED] - tableA = Script1719551244403.NewDZO(x = tableA): null

16-05-2025T11:51:31 - [TEST_STEP][PASSED] - i3 = <not implemented yet for class: org.codehaus.groovy.ast.expr.EmptyExpression>: null

16-05-2025T11:51:31 - [TEST_STEP][PASSED] - i3 = x.indexOf("/") + 1: null

16-05-2025T11:51:31 - [TEST_STEP][PASSED] - x = x.substring(i3, x.length()): null

16-05-2025T11:51:31 - [TEST_STEP][PASSED] - return x: null

16-05-2025T11:51:31 - [TEST_STEP][PASSED] - tableA = Script1719551244403.NewDZO(x = tableA): null

16-05-2025T11:51:31 - [TEST_STEP][PASSED] - i3 = <not implemented yet for class: org.codehaus.groovy.ast.expr.EmptyExpression>: null

16-05-2025T11:51:31 - [TEST_STEP][PASSED] - i3 = x.indexOf("/") + 1: null

16-05-2025T11:51:31 - [TEST_STEP][PASSED] - x = x.substring(i3, x.length()): null

16-05-2025T11:51:31 - [TEST_STEP][PASSED] - return x: null

16-05-2025T11:51:31 - [TEST_STEP][PASSED] - tableA = Script1719551244403.NewDZO(x = tableA): null

16-05-2025T11:51:31 - [TEST_STEP][PASSED] - i3 = <not implemented yet for class: org.codehaus.groovy.ast.expr.EmptyExpression>: null

16-05-2025T11:51:31 - [TEST_STEP][PASSED] - i3 = x.indexOf("/") + 1: null

16-05-2025T11:51:31 - [TEST_STEP][PASSED] - x = x.substring(i3, x.length()): null

16-05-2025T11:51:31 - [TEST_STEP][PASSED] - return x: null

16-05-2025T11:51:31 - [TEST_STEP][PASSED] - tableA = Script1719551244403.NewDZO(x = tableA): null

16-05-2025T11:51:31 - [TEST_STEP][PASSED] - i3 = <not implemented yet for class: org.codehaus.groovy.ast.expr.EmptyExpression>: null

16-05-2025T11:51:31 - [TEST_STEP][PASSED] - i3 = x.indexOf("/") + 1: null

16-05-2025T11:51:31 - [TEST_STEP][PASSED] - x = x.substring(i3, x.length()): null

16-05-2025T11:51:31 - [TEST_STEP][PASSED] - return x: null

16-05-2025T11:51:31 - [TEST_STEP][PASSED] - tableA = Script1719551244403.NewDZO(x = tableA): null

16-05-2025T11:51:31 - [TEST_STEP][PASSED] - i3 = <not implemented yet for class: org.codehaus.groovy.ast.expr.EmptyExpression>: null

16-05-2025T11:51:31 - [TEST_STEP][PASSED] - i3 = x.indexOf("/") + 1: null

16-05-2025T11:51:31 - [TEST_STEP][PASSED] - x = x.substring(i3, x.length()): null

16-05-2025T11:51:31 - [TEST_STEP][PASSED] - return x: null

16-05-2025T11:51:31 - [TEST_STEP][PASSED] - tableA = Script1719551244403.NewDZO(x = tableA): null

16-05-2025T11:51:31 - [TEST_STEP][PASSED] - i3 = <not implemented yet for class: org.codehaus.groovy.ast.expr.EmptyExpression>: null

16-05-2025T11:51:31 - [TEST_STEP][PASSED] - i3 = x.indexOf("/") + 1: null

16-05-2025T11:51:31 - [TEST_STEP][PASSED] - x = x.substring(i3, x.length()): null

16-05-2025T11:51:31 - [TEST_STEP][PASSED] - return x: null

16-05-2025T11:51:31 - [TEST_STEP][PASSED] - i = tableA.indexOf("Янтарь"): null

16-05-2025T11:51:31 - [TEST_STEP][PASSED] - UgA = /]", "").trim(): null

16-05-2025T11:51:31 - [TEST_STEP][PASSED] - println("UgA: " + UgA): null

16-05-2025T11:51:31 - [TEST_STEP][PASSED] - i = tableA.lastIndexOf("/"): null

16-05-2025T11:51:31 - [TEST_STEP][PASSED] - YaA = /]", "").trim(): null

16-05-2025T11:51:31 - [TEST_STEP][PASSED] - println("YaA: " + YaA): null

16-05-2025T11:51:31 - [TEST_STEP][PASSED] - delay(10): Delayed 10 second(s)

16-05-2025T11:51:41 - [MESSAGE][PASSED] - Delayed 10 second(s)

16-05-2025T11:51:41 - [TEST_STEP][PASSED] - navigateToUrl(findTestData("PlanFact").getValue(10, 11)): Navigate to 'https://bi.rosseti.digital/viewer?dashboardGuid=a1fd28b3785d443cbc4d7690a1d78e31&sheetGuid=d3a0ddec2e914cb380b20dca74903099&fit=true' successfully

16-05-2025T11:51:42 - [MESSAGE][PASSED] - Navigate to 'https://bi.rosseti.digital/viewer?dashboardGuid=a1fd28b3785d443cbc4d7690a1d78e31&sheetGuid=d3a0ddec2e914cb380b20dca74903099&fit=true' successfully

16-05-2025T11:51:42 - [TEST_STEP][PASSED] - b = <not implemented yet for class: org.codehaus.groovy.ast.expr.EmptyExpression>: null

16-05-2025T11:51:42 - [TEST_STEP][PASSED] - b1 = <not implemented yet for class: org.codehaus.groovy.ast.expr.EmptyExpression>: null

16-05-2025T11:51:42 - [TEST_STEP][PASSED] - b2 = <not implemented yet for class: org.codehaus.groovy.ast.expr.EmptyExpression>: null

16-05-2025T11:51:42 - [TEST_STEP][PASSED] - click(findTestObject("Факторный анализ/Фильтр Дата Выручка")): Object: 'Object Repository/Факторный анализ/Фильтр Дата Выручка' is clicked on

16-05-2025T11:51:50 - [MESSAGE][PASSED] - Object: 'Object Repository/Факторный анализ/Фильтр Дата Выручка' is clicked on

16-05-2025T11:51:50 - [TEST_STEP][PASSED] - click(findTestObject("Факторный анализ/Снять выделение в фильтре Дата Выручка")): Object: 'Object Repository/Факторный анализ/Снять выделение в фильтре Дата Выручка' is clicked on

16-05-2025T11:51:50 - [MESSAGE][PASSED] - Object: 'Object Repository/Факторный анализ/Снять выделение в фильтре Дата Выручка' is clicked on

16-05-2025T11:51:50 - [TEST_STEP][PASSED] - click(findTestObject("Факторный анализ/Применить в фильтре Дата Выручка")): Object: 'Object Repository/Факторный анализ/Применить в фильтре Дата Выручка' is clicked on

16-05-2025T11:51:51 - [MESSAGE][PASSED] - Object: 'Object Repository/Факторный анализ/Применить в фильтре Дата Выручка' is clicked on

16-05-2025T11:51:51 - [TEST_STEP][PASSED] - delay(10): Delayed 10 second(s)

16-05-2025T11:52:01 - [MESSAGE][PASSED] - Delayed 10 second(s)

16-05-2025T11:52:01 - [TEST_STEP][PASSED] - click(findTestObject("Факторный анализ/Фильтр Дата Выручка")): Object: 'Object Repository/Факторный анализ/Фильтр Дата Выручка' is clicked on

16-05-2025T11:52:01 - [MESSAGE][PASSED] - Object: 'Object Repository/Факторный анализ/Фильтр Дата Выручка' is clicked on

16-05-2025T11:52:01 - [TEST_STEP][PASSED] - click(findTestObject("Факторный анализ/Снять выделение в фильтре Дата Выручка")): Object: 'Object Repository/Факторный анализ/Снять выделение в фильтре Дата Выручка' is clicked on

16-05-2025T11:52:02 - [MESSAGE][PASSED] - Object: 'Object Repository/Факторный анализ/Снять выделение в фильтре Дата Выручка' is clicked on

16-05-2025T11:52:02 - [TEST_STEP][PASSED] - scrollToElement(findTestObject("Факторный анализ/2025 список Выручка"), 30): Scroll to object 'Object Repository/Факторный анализ/2025 список Выручка' successfully

16-05-2025T11:52:02 - [MESSAGE][PASSED] - Scroll to object 'Object Repository/Факторный анализ/2025 список Выручка' successfully

16-05-2025T11:52:02 - [TEST_STEP][PASSED] - click(findTestObject("Факторный анализ/2025 список Выручка")): Object: 'Object Repository/Факторный анализ/2025 список Выручка' is clicked on

16-05-2025T11:52:02 - [MESSAGE][PASSED] - Object: 'Object Repository/Факторный анализ/2025 список Выручка' is clicked on

16-05-2025T11:52:02 - [TEST_STEP][PASSED] - scrollToElement(findTestObject("Факторный анализ/1 квартал 2025 список Выручка"), 30): Scroll to object 'Object Repository/Факторный анализ/1 квартал 2025 список Выручка' successfully

16-05-2025T11:52:03 - [MESSAGE][PASSED] - Scroll to object 'Object Repository/Факторный анализ/1 квартал 2025 список Выручка' successfully

16-05-2025T11:52:03 - [TEST_STEP][PASSED] - click(findTestObject("Факторный анализ/1 квартал 2025 выбрать Выручка"), CONTINUE_ON_FAILURE): Object: 'Object Repository/Факторный анализ/1 квартал 2025 выбрать Выручка' is clicked on

16-05-2025T11:52:03 - [MESSAGE][PASSED] - Object: 'Object Repository/Факторный анализ/1 квартал 2025 выбрать Выручка' is clicked on

16-05-2025T11:52:03 - [TEST_STEP][PASSED] - scrollToElement(findTestObject("Факторный анализ/Заголовок дашборда Выручка"), 30): Scroll to object 'Object Repository/Факторный анализ/Заголовок дашборда Выручка' successfully

16-05-2025T11:52:04 - [MESSAGE][PASSED] - Scroll to object 'Object Repository/Факторный анализ/Заголовок дашборда Выручка' successfully

16-05-2025T11:52:04 - [TEST_STEP][PASSED] - click(findTestObject("Факторный анализ/Применить в фильтре Дата Выручка")): Object: 'Object Repository/Факторный анализ/Применить в фильтре Дата Выручка' is clicked on

16-05-2025T11:52:04 - [MESSAGE][PASSED] - Object: 'Object Repository/Факторный анализ/Применить в фильтре Дата Выручка' is clicked on

16-05-2025T11:52:04 - [TEST_STEP][PASSED] - if (run == 1): null

16-05-2025T11:52:04 - [TEST_STEP][PASSED] - else: null

16-05-2025T11:52:04 - [TEST_STEP][PASSED] - click(findTestObject("Факторный анализ/Переключить отображение с филиала на месяц Выручка")): Object: 'Object Repository/Факторный анализ/Переключить отображение с филиала на месяц Выручка' is clicked on

16-05-2025T11:52:06 - [MESSAGE][PASSED] - Object: 'Object Repository/Факторный анализ/Переключить отображение с филиала на месяц Выручка' is clicked on

16-05-2025T11:52:06 - [TEST_STEP][PASSED] - b1 = replaceAll("\s+", "").trim(): Text of object 'Object Repository/Факторный анализ/span1 Выручка' is: '-12 527'

16-05-2025T11:52:06 - [MESSAGE][PASSED] - Text of object 'Object Repository/Факторный анализ/span1 Выручка' is: '-12 527'

16-05-2025T11:52:06 - [TEST_STEP][PASSED] - b2 = replaceAll("\s+", "").trim(): Text of object 'Object Repository/Факторный анализ/span2 Выручка' is: '5 794'

16-05-2025T11:52:06 - [MESSAGE][PASSED] - Text of object 'Object Repository/Факторный анализ/span2 Выручка' is: '5 794'

16-05-2025T11:52:06 - [TEST_STEP][PASSED] - println("b1: " + b1): null

16-05-2025T11:52:06 - [TEST_STEP][PASSED] - println("b2: " + b2): null

16-05-2025T11:52:06 - [TEST_STEP][PASSED] - vidget = "Отклонения выручки по факторам": null

16-05-2025T11:52:06 - [TEST_STEP][PASSED] - DZO = "ПАО Россети": null

16-05-2025T11:52:06 - [TEST_STEP][PASSED] - typeOfData = "Отклонение (объём услуг)": null

16-05-2025T11:52:06 - [TEST_STEP][PASSED] - Script1719551244403.Compare(x = a1, y = b1, run, typeOfData, otobrajeniyeDannyh, todaysDate, vidget, DZO): null

16-05-2025T11:52:06 - [TEST_STEP][PASSED] - if (verifyEqual(x, y) == true): Actual object '-12527' and expected object '-12527' are equal

16-05-2025T11:52:06 - [MESSAGE][PASSED] - Actual object '-12527' and expected object '-12527' are equal

16-05-2025T11:52:06 - [TEST_STEP][PASSED] - typeOfData = "Отклонение (средний тариф)": null

16-05-2025T11:52:06 - [TEST_STEP][PASSED] - Script1719551244403.Compare(x = a2, y = b2, run, typeOfData, otobrajeniyeDannyh, todaysDate, vidget, DZO): null

16-05-2025T11:52:06 - [TEST_STEP][PASSED] - if (verifyEqual(x, y) == true): Actual object '5794' and expected object '5794' are equal

16-05-2025T11:52:06 - [MESSAGE][PASSED] - Actual object '5794' and expected object '5794' are equal

16-05-2025T11:52:06 - [TEST_STEP][PASSED] - tableB = getText(findTestObject("Факторный анализ/AllTable1 Выручка")).replaceAll("[\r?
|
]", "/"): Text of object 'Object Repository/Факторный анализ/AllTable1 Выручка' is: 'ДЗО
Филиал
Отклонение (объём услуг) филиал без Nan
Отклонение (средний тариф) филиал без Nan
АО "РЭС" АО "РЭС" - 245 -16
АО «Тываэнерго» АО "Тываэнерго" 39 17
АО «Чеченэнерго» АО «Чеченэнерго» -8 -19
Россети Волга Мордовэнерго - 165 -11
Оренбургэнерго - 207 -48
Пензаэнерго -61 -1
Самарские РС - 328 413
Саратовские РС - 213 -34
Ульяновские РС 96 -22
Чувашэнерго 7 36
Россети Кубань Кубаньэнерго 319 467
Россети Ленэнерго (ГК) Ленинградская область - 274 501
г. Санкт-Петербург - 135 -30
Россети Московский регион Московская область -2 728 26
г. Москва - 739 96
Россети Северный Кавказ (ГК) Дагэнерго - 409 86
Ингушэнерго - 145 41
Каббалкэнерго 55 -4
Карачаево-Черкесскэнерго 50 -22
Севкавказэнерго -5 -24
Ставропольэнерго 23 84
Россети Северо-Запад Архангельский филиал -69 52
Вологодский филиал -44 43
Карельский филиал -17 -65
Мурманский филиал 24 -84
Новгородский филиал 10 21
Псковский филиал -55 30
филиал в Республике Коми - 136 39
Россети Сибирь (ГК) Алтайэнерго 47 24
Бурятэнерго 52 -32
ГАЭС 23 4
Красноярскэнерго 299 26
Кузбассэнерго-РЭС -85 499
Омскэнерго 40 -69
Хакасэнерго -9 -53
Читаэнерго 23 88
Россети Томск Томская распределительная компания - 100 42
Россети Тюмень Россети Тюмень -2 270 - 495
Россети Урал (ГК) Пермэнерго - 357 1
Свердловэнерго - 199 -32
Челябэнерго - 323 -77
Россети ФСК ЕЭС Итого по ФСК ЕЭС - 451 2 121
Россети Центр Белгородэнерго -74 30
Брянскэнерго -66 -2
Воронежэнерго - 100 37
Костромаэнерго -73 -1
Курскэнерго -21 41
Липецкэнерго - 216 43
Орелэнерго -39 4
Смоленскэнерго -41 4
Тамбовэнерго -25 -5
Тверьэнерго - 164 -10
Ярэнерго - 130 4
Россети Центр и Приволжье (ГК) Владимирэнерго - 188 -31
Ивэнерго 4 -31
Калугаэнерго -57 41
Кировэнерго -64 14
Мариэнерго -39 29
Нижновэнерго - 287 49
Рязаньэнерго - 201 45
Тулэнерго - 131 -64
Удмуртэнерго -55 61
Россети Юг (ГК) АО «ВМЭС» -7 15
Астраханьэнерго -22 -15
Волгоградэнерго - 314 22
Калмэнерго 20 -5
Ростовэнерго 153 143
Россети Янтарь Россети Янтарь 15 15'

16-05-2025T11:52:07 - [MESSAGE][PASSED] - Text of object 'Object Repository/Факторный анализ/AllTable1 Выручка' is: 'ДЗО
Филиал
Отклонение (объём услуг) филиал без Nan
Отклонение (средний тариф) филиал без Nan
АО "РЭС" АО "РЭС" - 245 -16
АО «Тываэнерго» АО "Тываэнерго" 39 17
АО «Чеченэнерго» АО «Чеченэнерго» -8 -19
Россети Волга Мордовэнерго - 165 -11
Оренбургэнерго - 207 -48
Пензаэнерго -61 -1
Самарские РС - 328 413
Саратовские РС - 213 -34
Ульяновские РС 96 -22
Чувашэнерго 7 36
Россети Кубань Кубаньэнерго 319 467
Россети Ленэнерго (ГК) Ленинградская область - 274 501
г. Санкт-Петербург - 135 -30
Россети Московский регион Московская область -2 728 26
г. Москва - 739 96
Россети Северный Кавказ (ГК) Дагэнерго - 409 86
Ингушэнерго - 145 41
Каббалкэнерго 55 -4
Карачаево-Черкесскэнерго 50 -22
Севкавказэнерго -5 -24
Ставропольэнерго 23 84
Россети Северо-Запад Архангельский филиал -69 52
Вологодский филиал -44 43
Карельский филиал -17 -65
Мурманский филиал 24 -84
Новгородский филиал 10 21
Псковский филиал -55 30
филиал в Республике Коми - 136 39
Россети Сибирь (ГК) Алтайэнерго 47 24
Бурятэнерго 52 -32
ГАЭС 23 4
Красноярскэнерго 299 26
Кузбассэнерго-РЭС -85 499
Омскэнерго 40 -69
Хакасэнерго -9 -53
Читаэнерго 23 88
Россети Томск Томская распределительная компания - 100 42
Россети Тюмень Россети Тюмень -2 270 - 495
Россети Урал (ГК) Пермэнерго - 357 1
Свердловэнерго - 199 -32
Челябэнерго - 323 -77
Россети ФСК ЕЭС Итого по ФСК ЕЭС - 451 2 121
Россети Центр Белгородэнерго -74 30
Брянскэнерго -66 -2
Воронежэнерго - 100 37
Костромаэнерго -73 -1
Курскэнерго -21 41
Липецкэнерго - 216 43
Орелэнерго -39 4
Смоленскэнерго -41 4
Тамбовэнерго -25 -5
Тверьэнерго - 164 -10
Ярэнерго - 130 4
Россети Центр и Приволжье (ГК) Владимирэнерго - 188 -31
Ивэнерго 4 -31
Калугаэнерго -57 41
Кировэнерго -64 14
Мариэнерго -39 29
Нижновэнерго - 287 49
Рязаньэнерго - 201 45
Тулэнерго - 131 -64
Удмуртэнерго -55 61
Россети Юг (ГК) АО «ВМЭС» -7 15
Астраханьэнерго -22 -15
Волгоградэнерго - 314 22
Калмэнерго 20 -5
Ростовэнерго 153 143
Россети Янтарь Россети Янтарь 15 15'

16-05-2025T11:52:07 - [TEST_STEP][PASSED] - println("tableB: " + tableB): null

16-05-2025T11:52:07 - [TEST_STEP][PASSED] - for ([i = 1, i < 5, (i++)]): null

16-05-2025T11:52:07 - [TEST_STEP][PASSED] - ii = tableB.indexOf("/") + 1: null

16-05-2025T11:52:07 - [TEST_STEP][PASSED] - tableB = tableB.substring(ii, tableB.length()): null

16-05-2025T11:52:07 - [TEST_STEP][PASSED] - ii = tableB.indexOf("/") + 1: null

16-05-2025T11:52:07 - [TEST_STEP][PASSED] - tableB = tableB.substring(ii, tableB.length()): null

16-05-2025T11:52:07 - [TEST_STEP][PASSED] - ii = tableB.indexOf("/") + 1: null

16-05-2025T11:52:07 - [TEST_STEP][PASSED] - tableB = tableB.substring(ii, tableB.length()): null

16-05-2025T11:52:07 - [TEST_STEP][PASSED] - ii = tableB.indexOf("/") + 1: null

16-05-2025T11:52:07 - [TEST_STEP][PASSED] - tableB = tableB.substring(ii, tableB.length()): null

16-05-2025T11:52:07 - [TEST_STEP][PASSED] - println("tableB: " + tableB): null

16-05-2025T11:52:07 - [TEST_STEP][PASSED] - ResB = Script1719551244403.GetData(x = tableB): null

16-05-2025T11:52:07 - [TEST_STEP][PASSED] - i2 = <not implemented yet for class: org.codehaus.groovy.ast.expr.EmptyExpression>: null

16-05-2025T11:52:07 - [TEST_STEP][PASSED] - i2 = x.indexOf("/") + 1: null

16-05-2025T11:52:07 - [TEST_STEP][PASSED] - x = /]", "").trim(): null

16-05-2025T11:52:07 - [TEST_STEP][PASSED] - return x: null

16-05-2025T11:52:07 - [TEST_STEP][PASSED] - println("ResB: " + ResB): null

16-05-2025T11:52:07 - [TEST_STEP][PASSED] - tableB = Script1719551244403.NewDZO(x = tableB): null

16-05-2025T11:52:07 - [TEST_STEP][PASSED] - i3 = <not implemented yet for class: org.codehaus.groovy.ast.expr.EmptyExpression>: null

16-05-2025T11:52:07 - [TEST_STEP][PASSED] - i3 = x.indexOf("/") + 1: null

16-05-2025T11:52:07 - [TEST_STEP][PASSED] - x = x.substring(i3, x.length()): null

16-05-2025T11:52:07 - [TEST_STEP][PASSED] - return x: null

16-05-2025T11:52:07 - [TEST_STEP][PASSED] - TyB = Script1719551244403.GetData(x = tableB): null

16-05-2025T11:52:07 - [TEST_STEP][PASSED] - i2 = <not implemented yet for class: org.codehaus.groovy.ast.expr.EmptyExpression>: null

16-05-2025T11:52:07 - [TEST_STEP][PASSED] - i2 = x.indexOf("/") + 1: null

16-05-2025T11:52:07 - [TEST_STEP][PASSED] - x = /]", "").trim(): null

16-05-2025T11:52:07 - [TEST_STEP][PASSED] - return x: null

16-05-2025T11:52:07 - [TEST_STEP][PASSED] - println("TyB: " + TyB): null

16-05-2025T11:52:07 - [TEST_STEP][PASSED] - tableB = Script1719551244403.NewDZO(x = tableB): null

16-05-2025T11:52:07 - [TEST_STEP][PASSED] - i3 = <not implemented yet for class: org.codehaus.groovy.ast.expr.EmptyExpression>: null

16-05-2025T11:52:07 - [TEST_STEP][PASSED] - i3 = x.indexOf("/") + 1: null

16-05-2025T11:52:07 - [TEST_STEP][PASSED] - x = x.substring(i3, x.length()): null

16-05-2025T11:52:07 - [TEST_STEP][PASSED] - return x: null

16-05-2025T11:52:07 - [TEST_STEP][PASSED] - ChB = Script1719551244403.GetData(x = tableB): null

16-05-2025T11:52:07 - [TEST_STEP][PASSED] - i2 = <not implemented yet for class: org.codehaus.groovy.ast.expr.EmptyExpression>: null

16-05-2025T11:52:07 - [TEST_STEP][PASSED] - i2 = x.indexOf("/") + 1: null

16-05-2025T11:52:07 - [TEST_STEP][PASSED] - x = /]", "").trim(): null

16-05-2025T11:52:07 - [TEST_STEP][PASSED] - return x: null

16-05-2025T11:52:07 - [TEST_STEP][PASSED] - println("ChB: " + ChB): null

16-05-2025T11:52:07 - [TEST_STEP][PASSED] - tableB = Script1719551244403.NewDZO(x = tableB): null

16-05-2025T11:52:07 - [TEST_STEP][PASSED] - i3 = <not implemented yet for class: org.codehaus.groovy.ast.expr.EmptyExpression>: null

16-05-2025T11:52:07 - [TEST_STEP][PASSED] - i3 = x.indexOf("/") + 1: null

16-05-2025T11:52:07 - [TEST_STEP][PASSED] - x = x.substring(i3, x.length()): null

16-05-2025T11:52:07 - [TEST_STEP][PASSED] - return x: null

16-05-2025T11:52:07 - [TEST_STEP][PASSED] - i = tableB.indexOf("Кубань"): null

16-05-2025T11:52:07 - [TEST_STEP][PASSED] - VB = /]", "").trim(): null

16-05-2025T11:52:07 - [TEST_STEP][PASSED] - println("VB: " + VB): null

16-05-2025T11:52:07 - [TEST_STEP][PASSED] - for ([i = 1, i < 8, (i++)]): null

16-05-2025T11:52:07 - [TEST_STEP][PASSED] - tableB = Script1719551244403.NewDZO(x = tableB): null

16-05-2025T11:52:07 - [TEST_STEP][PASSED] - i3 = <not implemented yet for class: org.codehaus.groovy.ast.expr.EmptyExpression>: null

16-05-2025T11:52:07 - [TEST_STEP][PASSED] - i3 = x.indexOf("/") + 1: null

16-05-2025T11:52:07 - [TEST_STEP][PASSED] - x = x.substring(i3, x.length()): null

16-05-2025T11:52:07 - [TEST_STEP][PASSED] - return x: null

16-05-2025T11:52:07 - [TEST_STEP][PASSED] - tableB = Script1719551244403.NewDZO(x = tableB): null

16-05-2025T11:52:07 - [TEST_STEP][PASSED] - i3 = <not implemented yet for class: org.codehaus.groovy.ast.expr.EmptyExpression>: null

16-05-2025T11:52:07 - [TEST_STEP][PASSED] - i3 = x.indexOf("/") + 1: null

16-05-2025T11:52:07 - [TEST_STEP][PASSED] - x = x.substring(i3, x.length()): null

16-05-2025T11:52:07 - [TEST_STEP][PASSED] - return x: null

16-05-2025T11:52:07 - [TEST_STEP][PASSED] - tableB = Script1719551244403.NewDZO(x = tableB): null

16-05-2025T11:52:07 - [TEST_STEP][PASSED] - i3 = <not implemented yet for class: org.codehaus.groovy.ast.expr.EmptyExpression>: null

16-05-2025T11:52:07 - [TEST_STEP][PASSED] - i3 = x.indexOf("/") + 1: null

16-05-2025T11:52:07 - [TEST_STEP][PASSED] - x = x.substring(i3, x.length()): null

16-05-2025T11:52:07 - [TEST_STEP][PASSED] - return x: null

16-05-2025T11:52:07 - [TEST_STEP][PASSED] - tableB = Script1719551244403.NewDZO(x = tableB): null

16-05-2025T11:52:07 - [TEST_STEP][PASSED] - i3 = <not implemented yet for class: org.codehaus.groovy.ast.expr.EmptyExpression>: null

16-05-2025T11:52:07 - [TEST_STEP][PASSED] - i3 = x.indexOf("/") + 1: null

16-05-2025T11:52:07 - [TEST_STEP][PASSED] - x = x.substring(i3, x.length()): null

16-05-2025T11:52:07 - [TEST_STEP][PASSED] - return x: null

16-05-2025T11:52:07 - [TEST_STEP][PASSED] - tableB = Script1719551244403.NewDZO(x = tableB): null

16-05-2025T11:52:07 - [TEST_STEP][PASSED] - i3 = <not implemented yet for class: org.codehaus.groovy.ast.expr.EmptyExpression>: null

16-05-2025T11:52:07 - [TEST_STEP][PASSED] - i3 = x.indexOf("/") + 1: null

16-05-2025T11:52:07 - [TEST_STEP][PASSED] - x = x.substring(i3, x.length()): null

16-05-2025T11:52:07 - [TEST_STEP][PASSED] - return x: null

16-05-2025T11:52:07 - [TEST_STEP][PASSED] - tableB = Script1719551244403.NewDZO(x = tableB): null

16-05-2025T11:52:07 - [TEST_STEP][PASSED] - i3 = <not implemented yet for class: org.codehaus.groovy.ast.expr.EmptyExpression>: null

16-05-2025T11:52:07 - [TEST_STEP][PASSED] - i3 = x.indexOf("/") + 1: null

16-05-2025T11:52:07 - [TEST_STEP][PASSED] - x = x.substring(i3, x.length()): null

16-05-2025T11:52:07 - [TEST_STEP][PASSED] - return x: null

16-05-2025T11:52:07 - [TEST_STEP][PASSED] - tableB = Script1719551244403.NewDZO(x = tableB): null

16-05-2025T11:52:07 - [TEST_STEP][PASSED] - i3 = <not implemented yet for class: org.codehaus.groovy.ast.expr.EmptyExpression>: null

16-05-2025T11:52:07 - [TEST_STEP][PASSED] - i3 = x.indexOf("/") + 1: null

16-05-2025T11:52:07 - [TEST_STEP][PASSED] - x = x.substring(i3, x.length()): null

16-05-2025T11:52:07 - [TEST_STEP][PASSED] - return x: null

16-05-2025T11:52:07 - [TEST_STEP][PASSED] - i = tableB.indexOf("Ленэнерго"): null

16-05-2025T11:52:07 - [TEST_STEP][PASSED] - KuB = Script1719551244403.GetData(x = tableB): null

16-05-2025T11:52:07 - [TEST_STEP][PASSED] - i2 = <not implemented yet for class: org.codehaus.groovy.ast.expr.EmptyExpression>: null

16-05-2025T11:52:07 - [TEST_STEP][PASSED] - i2 = x.indexOf("/") + 1: null

16-05-2025T11:52:07 - [TEST_STEP][PASSED] - x = /]", "").trim(): null

16-05-2025T11:52:07 - [TEST_STEP][PASSED] - return x: null

16-05-2025T11:52:07 - [TEST_STEP][PASSED] - println("KuB: " + KuB): null

16-05-2025T11:52:07 - [TEST_STEP][PASSED] - tableB = Script1719551244403.NewDZO(x = tableB): null

16-05-2025T11:52:07 - [TEST_STEP][PASSED] - i3 = <not implemented yet for class: org.codehaus.groovy.ast.expr.EmptyExpression>: null

16-05-2025T11:52:07 - [TEST_STEP][PASSED] - i3 = x.indexOf("/") + 1: null

16-05-2025T11:52:07 - [TEST_STEP][PASSED] - x = x.substring(i3, x.length()): null

16-05-2025T11:52:07 - [TEST_STEP][PASSED] - return x: null

16-05-2025T11:52:07 - [TEST_STEP][PASSED] - i = tableB.indexOf("Московский"): null

16-05-2025T11:52:07 - [TEST_STEP][PASSED] - LenB = /]", "").trim(): null

16-05-2025T11:52:07 - [TEST_STEP][PASSED] - println("LenB: " + LenB): null

16-05-2025T11:52:07 - [TEST_STEP][PASSED] - tableB = Script1719551244403.NewDZO(x = tableB): null

16-05-2025T11:52:07 - [TEST_STEP][PASSED] - i3 = <not implemented yet for class: org.codehaus.groovy.ast.expr.EmptyExpression>: null

16-05-2025T11:52:07 - [TEST_STEP][PASSED] - i3 = x.indexOf("/") + 1: null

16-05-2025T11:52:07 - [TEST_STEP][PASSED] - x = x.substring(i3, x.length()): null

16-05-2025T11:52:07 - [TEST_STEP][PASSED] - return x: null

16-05-2025T11:52:07 - [TEST_STEP][PASSED] - tableB = Script1719551244403.NewDZO(x = tableB): null

16-05-2025T11:52:07 - [TEST_STEP][PASSED] - i3 = <not implemented yet for class: org.codehaus.groovy.ast.expr.EmptyExpression>: null

16-05-2025T11:52:07 - [TEST_STEP][PASSED] - i3 = x.indexOf("/") + 1: null

16-05-2025T11:52:07 - [TEST_STEP][PASSED] - x = x.substring(i3, x.length()): null

16-05-2025T11:52:07 - [TEST_STEP][PASSED] - return x: null

16-05-2025T11:52:07 - [TEST_STEP][PASSED] - i = tableB.indexOf("Кавказ"): null

16-05-2025T11:52:07 - [TEST_STEP][PASSED] - MosB = /]", "").trim(): null

16-05-2025T11:52:07 - [TEST_STEP][PASSED] - println("MosB: " + MosB): null

16-05-2025T11:52:07 - [TEST_STEP][PASSED] - for ([i = 1, i < 3, (i++)]): null

16-05-2025T11:52:07 - [TEST_STEP][PASSED] - tableB = Script1719551244403.NewDZO(x = tableB): null

16-05-2025T11:52:07 - [TEST_STEP][PASSED] - i3 = <not implemented yet for class: org.codehaus.groovy.ast.expr.EmptyExpression>: null

16-05-2025T11:52:07 - [TEST_STEP][PASSED] - i3 = x.indexOf("/") + 1: null

16-05-2025T11:52:07 - [TEST_STEP][PASSED] - x = x.substring(i3, x.length()): null

16-05-2025T11:52:07 - [TEST_STEP][PASSED] - return x: null

16-05-2025T11:52:07 - [TEST_STEP][PASSED] - tableB = Script1719551244403.NewDZO(x = tableB): null

16-05-2025T11:52:07 - [TEST_STEP][PASSED] - i3 = <not implemented yet for class: org.codehaus.groovy.ast.expr.EmptyExpression>: null

16-05-2025T11:52:07 - [TEST_STEP][PASSED] - i3 = x.indexOf("/") + 1: null

16-05-2025T11:52:07 - [TEST_STEP][PASSED] - x = x.substring(i3, x.length()): null

16-05-2025T11:52:07 - [TEST_STEP][PASSED] - return x: null

16-05-2025T11:52:07 - [TEST_STEP][PASSED] - i = tableB.indexOf("Запад") - 1: null

16-05-2025T11:52:07 - [TEST_STEP][PASSED] - SKB = /]", "").trim(): null

16-05-2025T11:52:07 - [TEST_STEP][PASSED] - println("SKB: " + SKB): null

16-05-2025T11:52:07 - [TEST_STEP][PASSED] - for ([i = 1, i < 7, (i++)]): null

16-05-2025T11:52:07 - [TEST_STEP][PASSED] - tableB = Script1719551244403.NewDZO(x = tableB): null

16-05-2025T11:52:07 - [TEST_STEP][PASSED] - i3 = <not implemented yet for class: org.codehaus.groovy.ast.expr.EmptyExpression>: null

16-05-2025T11:52:07 - [TEST_STEP][PASSED] - i3 = x.indexOf("/") + 1: null

16-05-2025T11:52:07 - [TEST_STEP][PASSED] - x = x.substring(i3, x.length()): null

16-05-2025T11:52:07 - [TEST_STEP][PASSED] - return x: null

16-05-2025T11:52:07 - [TEST_STEP][PASSED] - tableB = Script1719551244403.NewDZO(x = tableB): null

16-05-2025T11:52:07 - [TEST_STEP][PASSED] - i3 = <not implemented yet for class: org.codehaus.groovy.ast.expr.EmptyExpression>: null

16-05-2025T11:52:07 - [TEST_STEP][PASSED] - i3 = x.indexOf("/") + 1: null

16-05-2025T11:52:07 - [TEST_STEP][PASSED] - x = x.substring(i3, x.length()): null

16-05-2025T11:52:07 - [TEST_STEP][PASSED] - return x: null

16-05-2025T11:52:07 - [TEST_STEP][PASSED] - tableB = Script1719551244403.NewDZO(x = tableB): null

16-05-2025T11:52:07 - [TEST_STEP][PASSED] - i3 = <not implemented yet for class: org.codehaus.groovy.ast.expr.EmptyExpression>: null

16-05-2025T11:52:07 - [TEST_STEP][PASSED] - i3 = x.indexOf("/") + 1: null

16-05-2025T11:52:07 - [TEST_STEP][PASSED] - x = x.substring(i3, x.length()): null

16-05-2025T11:52:07 - [TEST_STEP][PASSED] - return x: null

16-05-2025T11:52:07 - [TEST_STEP][PASSED] - tableB = Script1719551244403.NewDZO(x = tableB): null

16-05-2025T11:52:07 - [TEST_STEP][PASSED] - i3 = <not implemented yet for class: org.codehaus.groovy.ast.expr.EmptyExpression>: null

16-05-2025T11:52:07 - [TEST_STEP][PASSED] - i3 = x.indexOf("/") + 1: null

16-05-2025T11:52:07 - [TEST_STEP][PASSED] - x = x.substring(i3, x.length()): null

16-05-2025T11:52:07 - [TEST_STEP][PASSED] - return x: null

16-05-2025T11:52:07 - [TEST_STEP][PASSED] - tableB = Script1719551244403.NewDZO(x = tableB): null

16-05-2025T11:52:07 - [TEST_STEP][PASSED] - i3 = <not implemented yet for class: org.codehaus.groovy.ast.expr.EmptyExpression>: null

16-05-2025T11:52:07 - [TEST_STEP][PASSED] - i3 = x.indexOf("/") + 1: null

16-05-2025T11:52:07 - [TEST_STEP][PASSED] - x = x.substring(i3, x.length()): null

16-05-2025T11:52:07 - [TEST_STEP][PASSED] - return x: null

16-05-2025T11:52:07 - [TEST_STEP][PASSED] - tableB = Script1719551244403.NewDZO(x = tableB): null

16-05-2025T11:52:07 - [TEST_STEP][PASSED] - i3 = <not implemented yet for class: org.codehaus.groovy.ast.expr.EmptyExpression>: null

16-05-2025T11:52:07 - [TEST_STEP][PASSED] - i3 = x.indexOf("/") + 1: null

16-05-2025T11:52:07 - [TEST_STEP][PASSED] - x = x.substring(i3, x.length()): null

16-05-2025T11:52:07 - [TEST_STEP][PASSED] - return x: null

16-05-2025T11:52:07 - [TEST_STEP][PASSED] - i = tableB.indexOf("Сибирь"): null

16-05-2025T11:52:07 - [TEST_STEP][PASSED] - SZB = /]", "").trim(): null

16-05-2025T11:52:07 - [TEST_STEP][PASSED] - println("SZB: " + SZB): null

16-05-2025T11:52:07 - [TEST_STEP][PASSED] - for ([i = 1, i < 8, (i++)]): null

16-05-2025T11:52:07 - [TEST_STEP][PASSED] - tableB = Script1719551244403.NewDZO(x = tableB): null

16-05-2025T11:52:07 - [TEST_STEP][PASSED] - i3 = <not implemented yet for class: org.codehaus.groovy.ast.expr.EmptyExpression>: null

16-05-2025T11:52:07 - [TEST_STEP][PASSED] - i3 = x.indexOf("/") + 1: null

16-05-2025T11:52:07 - [TEST_STEP][PASSED] - x = x.substring(i3, x.length()): null

16-05-2025T11:52:07 - [TEST_STEP][PASSED] - return x: null

16-05-2025T11:52:07 - [TEST_STEP][PASSED] - tableB = Script1719551244403.NewDZO(x = tableB): null

16-05-2025T11:52:07 - [TEST_STEP][PASSED] - i3 = <not implemented yet for class: org.codehaus.groovy.ast.expr.EmptyExpression>: null

16-05-2025T11:52:07 - [TEST_STEP][PASSED] - i3 = x.indexOf("/") + 1: null

16-05-2025T11:52:07 - [TEST_STEP][PASSED] - x = x.substring(i3, x.length()): null

16-05-2025T11:52:07 - [TEST_STEP][PASSED] - return x: null

16-05-2025T11:52:07 - [TEST_STEP][PASSED] - tableB = Script1719551244403.NewDZO(x = tableB): null

16-05-2025T11:52:07 - [TEST_STEP][PASSED] - i3 = <not implemented yet for class: org.codehaus.groovy.ast.expr.EmptyExpression>: null

16-05-2025T11:52:07 - [TEST_STEP][PASSED] - i3 = x.indexOf("/") + 1: null

16-05-2025T11:52:07 - [TEST_STEP][PASSED] - x = x.substring(i3, x.length()): null

16-05-2025T11:52:07 - [TEST_STEP][PASSED] - return x: null

16-05-2025T11:52:07 - [TEST_STEP][PASSED] - tableB = Script1719551244403.NewDZO(x = tableB): null

16-05-2025T11:52:07 - [TEST_STEP][PASSED] - i3 = <not implemented yet for class: org.codehaus.groovy.ast.expr.EmptyExpression>: null

16-05-2025T11:52:07 - [TEST_STEP][PASSED] - i3 = x.indexOf("/") + 1: null

16-05-2025T11:52:07 - [TEST_STEP][PASSED] - x = x.substring(i3, x.length()): null

16-05-2025T11:52:07 - [TEST_STEP][PASSED] - return x: null

16-05-2025T11:52:07 - [TEST_STEP][PASSED] - tableB = Script1719551244403.NewDZO(x = tableB): null

16-05-2025T11:52:07 - [TEST_STEP][PASSED] - i3 = <not implemented yet for class: org.codehaus.groovy.ast.expr.EmptyExpression>: null

16-05-2025T11:52:07 - [TEST_STEP][PASSED] - i3 = x.indexOf("/") + 1: null

16-05-2025T11:52:07 - [TEST_STEP][PASSED] - x = x.substring(i3, x.length()): null

16-05-2025T11:52:07 - [TEST_STEP][PASSED] - return x: null

16-05-2025T11:52:07 - [TEST_STEP][PASSED] - tableB = Script1719551244403.NewDZO(x = tableB): null

16-05-2025T11:52:07 - [TEST_STEP][PASSED] - i3 = <not implemented yet for class: org.codehaus.groovy.ast.expr.EmptyExpression>: null

16-05-2025T11:52:07 - [TEST_STEP][PASSED] - i3 = x.indexOf("/") + 1: null

16-05-2025T11:52:07 - [TEST_STEP][PASSED] - x = x.substring(i3, x.length()): null

16-05-2025T11:52:07 - [TEST_STEP][PASSED] - return x: null

16-05-2025T11:52:07 - [TEST_STEP][PASSED] - tableB = Script1719551244403.NewDZO(x = tableB): null

16-05-2025T11:52:07 - [TEST_STEP][PASSED] - i3 = <not implemented yet for class: org.codehaus.groovy.ast.expr.EmptyExpression>: null

16-05-2025T11:52:07 - [TEST_STEP][PASSED] - i3 = x.indexOf("/") + 1: null

16-05-2025T11:52:07 - [TEST_STEP][PASSED] - x = x.substring(i3, x.length()): null

16-05-2025T11:52:07 - [TEST_STEP][PASSED] - return x: null

16-05-2025T11:52:07 - [TEST_STEP][PASSED] - i = tableB.indexOf("Томск"): null

16-05-2025T11:52:07 - [TEST_STEP][PASSED] - SiB = /]", "").trim(): null

16-05-2025T11:52:07 - [TEST_STEP][PASSED] - println("SiB: " + SiB): null

16-05-2025T11:52:07 - [TEST_STEP][PASSED] - for ([i = 1, i < 9, (i++)]): null

16-05-2025T11:52:07 - [TEST_STEP][PASSED] - tableB = Script1719551244403.NewDZO(x = tableB): null

16-05-2025T11:52:07 - [TEST_STEP][PASSED] - i3 = <not implemented yet for class: org.codehaus.groovy.ast.expr.EmptyExpression>: null

16-05-2025T11:52:07 - [TEST_STEP][PASSED] - i3 = x.indexOf("/") + 1: null

16-05-2025T11:52:07 - [TEST_STEP][PASSED] - x = x.substring(i3, x.length()): null

16-05-2025T11:52:07 - [TEST_STEP][PASSED] - return x: null

16-05-2025T11:52:07 - [TEST_STEP][PASSED] - tableB = Script1719551244403.NewDZO(x = tableB): null

16-05-2025T11:52:07 - [TEST_STEP][PASSED] - i3 = <not implemented yet for class: org.codehaus.groovy.ast.expr.EmptyExpression>: null

16-05-2025T11:52:07 - [TEST_STEP][PASSED] - i3 = x.indexOf("/") + 1: null

16-05-2025T11:52:07 - [TEST_STEP][PASSED] - x = x.substring(i3, x.length()): null

16-05-2025T11:52:07 - [TEST_STEP][PASSED] - return x: null

16-05-2025T11:52:07 - [TEST_STEP][PASSED] - tableB = Script1719551244403.NewDZO(x = tableB): null

16-05-2025T11:52:07 - [TEST_STEP][PASSED] - i3 = <not implemented yet for class: org.codehaus.groovy.ast.expr.EmptyExpression>: null

16-05-2025T11:52:07 - [TEST_STEP][PASSED] - i3 = x.indexOf("/") + 1: null

16-05-2025T11:52:07 - [TEST_STEP][PASSED] - x = x.substring(i3, x.length()): null

16-05-2025T11:52:07 - [TEST_STEP][PASSED] - return x: null

16-05-2025T11:52:07 - [TEST_STEP][PASSED] - tableB = Script1719551244403.NewDZO(x = tableB): null

16-05-2025T11:52:07 - [TEST_STEP][PASSED] - i3 = <not implemented yet for class: org.codehaus.groovy.ast.expr.EmptyExpression>: null

16-05-2025T11:52:07 - [TEST_STEP][PASSED] - i3 = x.indexOf("/") + 1: null

16-05-2025T11:52:07 - [TEST_STEP][PASSED] - x = x.substring(i3, x.length()): null

16-05-2025T11:52:07 - [TEST_STEP][PASSED] - return x: null

16-05-2025T11:52:07 - [TEST_STEP][PASSED] - tableB = Script1719551244403.NewDZO(x = tableB): null

16-05-2025T11:52:07 - [TEST_STEP][PASSED] - i3 = <not implemented yet for class: org.codehaus.groovy.ast.expr.EmptyExpression>: null

16-05-2025T11:52:07 - [TEST_STEP][PASSED] - i3 = x.indexOf("/") + 1: null

16-05-2025T11:52:07 - [TEST_STEP][PASSED] - x = x.substring(i3, x.length()): null

16-05-2025T11:52:07 - [TEST_STEP][PASSED] - return x: null

16-05-2025T11:52:07 - [TEST_STEP][PASSED] - tableB = Script1719551244403.NewDZO(x = tableB): null

16-05-2025T11:52:07 - [TEST_STEP][PASSED] - i3 = <not implemented yet for class: org.codehaus.groovy.ast.expr.EmptyExpression>: null

16-05-2025T11:52:07 - [TEST_STEP][PASSED] - i3 = x.indexOf("/") + 1: null

16-05-2025T11:52:07 - [TEST_STEP][PASSED] - x = x.substring(i3, x.length()): null

16-05-2025T11:52:07 - [TEST_STEP][PASSED] - return x: null

16-05-2025T11:52:07 - [TEST_STEP][PASSED] - tableB = Script1719551244403.NewDZO(x = tableB): null

16-05-2025T11:52:07 - [TEST_STEP][PASSED] - i3 = <not implemented yet for class: org.codehaus.groovy.ast.expr.EmptyExpression>: null

16-05-2025T11:52:07 - [TEST_STEP][PASSED] - i3 = x.indexOf("/") + 1: null

16-05-2025T11:52:07 - [TEST_STEP][PASSED] - x = x.substring(i3, x.length()): null

16-05-2025T11:52:07 - [TEST_STEP][PASSED] - return x: null

16-05-2025T11:52:07 - [TEST_STEP][PASSED] - tableB = Script1719551244403.NewDZO(x = tableB): null

16-05-2025T11:52:07 - [TEST_STEP][PASSED] - i3 = <not implemented yet for class: org.codehaus.groovy.ast.expr.EmptyExpression>: null

16-05-2025T11:52:07 - [TEST_STEP][PASSED] - i3 = x.indexOf("/") + 1: null

16-05-2025T11:52:07 - [TEST_STEP][PASSED] - x = x.substring(i3, x.length()): null

16-05-2025T11:52:07 - [TEST_STEP][PASSED] - return x: null

16-05-2025T11:52:07 - [TEST_STEP][PASSED] - i = tableB.indexOf("Тюмень"): null

16-05-2025T11:52:07 - [TEST_STEP][PASSED] - ToB = /]", "").trim(): null

16-05-2025T11:52:07 - [TEST_STEP][PASSED] - println("ToB: " + ToB): null

16-05-2025T11:52:07 - [TEST_STEP][PASSED] - tableB = Script1719551244403.NewDZO(x = tableB): null

16-05-2025T11:52:07 - [TEST_STEP][PASSED] - i3 = <not implemented yet for class: org.codehaus.groovy.ast.expr.EmptyExpression>: null

16-05-2025T11:52:07 - [TEST_STEP][PASSED] - i3 = x.indexOf("/") + 1: null

16-05-2025T11:52:07 - [TEST_STEP][PASSED] - x = x.substring(i3, x.length()): null

16-05-2025T11:52:07 - [TEST_STEP][PASSED] - return x: null

16-05-2025T11:52:07 - [TEST_STEP][PASSED] - TyuB = /]", "").trim(): null

16-05-2025T11:52:07 - [TEST_STEP][PASSED] - println("TyuB: " + TyuB): null

16-05-2025T11:52:07 - [TEST_STEP][PASSED] - tableB = Script1719551244403.NewDZO(x = tableB): null

16-05-2025T11:52:07 - [TEST_STEP][PASSED] - i3 = <not implemented yet for class: org.codehaus.groovy.ast.expr.EmptyExpression>: null

16-05-2025T11:52:07 - [TEST_STEP][PASSED] - i3 = x.indexOf("/") + 1: null

16-05-2025T11:52:07 - [TEST_STEP][PASSED] - x = x.substring(i3, x.length()): null

16-05-2025T11:52:07 - [TEST_STEP][PASSED] - return x: null

16-05-2025T11:52:07 - [TEST_STEP][PASSED] - i = tableB.indexOf("ЕЭС"): null

16-05-2025T11:52:07 - [TEST_STEP][PASSED] - UrB = /]", "").trim(): null

16-05-2025T11:52:07 - [TEST_STEP][PASSED] - println("UrB: " + UrB): null

16-05-2025T11:52:07 - [TEST_STEP][PASSED] - for ([i = 1, i < 4, (i++)]): null

16-05-2025T11:52:07 - [TEST_STEP][PASSED] - tableB = Script1719551244403.NewDZO(x = tableB): null

16-05-2025T11:52:07 - [TEST_STEP][PASSED] - i3 = <not implemented yet for class: org.codehaus.groovy.ast.expr.EmptyExpression>: null

16-05-2025T11:52:07 - [TEST_STEP][PASSED] - i3 = x.indexOf("/") + 1: null

16-05-2025T11:52:07 - [TEST_STEP][PASSED] - x = x.substring(i3, x.length()): null

16-05-2025T11:52:07 - [TEST_STEP][PASSED] - return x: null

16-05-2025T11:52:07 - [TEST_STEP][PASSED] - tableB = Script1719551244403.NewDZO(x = tableB): null

16-05-2025T11:52:07 - [TEST_STEP][PASSED] - i3 = <not implemented yet for class: org.codehaus.groovy.ast.expr.EmptyExpression>: null

16-05-2025T11:52:07 - [TEST_STEP][PASSED] - i3 = x.indexOf("/") + 1: null

16-05-2025T11:52:07 - [TEST_STEP][PASSED] - x = x.substring(i3, x.length()): null

16-05-2025T11:52:07 - [TEST_STEP][PASSED] - return x: null

16-05-2025T11:52:07 - [TEST_STEP][PASSED] - tableB = Script1719551244403.NewDZO(x = tableB): null

16-05-2025T11:52:07 - [TEST_STEP][PASSED] - i3 = <not implemented yet for class: org.codehaus.groovy.ast.expr.EmptyExpression>: null

16-05-2025T11:52:07 - [TEST_STEP][PASSED] - i3 = x.indexOf("/") + 1: null

16-05-2025T11:52:07 - [TEST_STEP][PASSED] - x = x.substring(i3, x.length()): null

16-05-2025T11:52:07 - [TEST_STEP][PASSED] - return x: null

16-05-2025T11:52:07 - [TEST_STEP][PASSED] - i = tableB.indexOf("Центр"): null

16-05-2025T11:52:07 - [TEST_STEP][PASSED] - FSKB = /]", "").trim(): null

16-05-2025T11:52:07 - [TEST_STEP][PASSED] - println("FSKB: " + FSKB): null

16-05-2025T11:52:07 - [TEST_STEP][PASSED] - tableB = Script1719551244403.NewDZO(x = tableB): null

16-05-2025T11:52:07 - [TEST_STEP][PASSED] - i3 = <not implemented yet for class: org.codehaus.groovy.ast.expr.EmptyExpression>: null

16-05-2025T11:52:07 - [TEST_STEP][PASSED] - i3 = x.indexOf("/") + 1: null

16-05-2025T11:52:07 - [TEST_STEP][PASSED] - x = x.substring(i3, x.length()): null

16-05-2025T11:52:07 - [TEST_STEP][PASSED] - return x: null

16-05-2025T11:52:07 - [TEST_STEP][PASSED] - i = tableB.indexOf("Приволжье"): null

16-05-2025T11:52:07 - [TEST_STEP][PASSED] - CenB = /]", "").trim(): null

16-05-2025T11:52:07 - [TEST_STEP][PASSED] - println("CenB: " + CenB): null

16-05-2025T11:52:07 - [TEST_STEP][PASSED] - for ([i = 1, i < 12, (i++)]): null

16-05-2025T11:52:07 - [TEST_STEP][PASSED] - tableB = Script1719551244403.NewDZO(x = tableB): null

16-05-2025T11:52:07 - [TEST_STEP][PASSED] - i3 = <not implemented yet for class: org.codehaus.groovy.ast.expr.EmptyExpression>: null

16-05-2025T11:52:07 - [TEST_STEP][PASSED] - i3 = x.indexOf("/") + 1: null

16-05-2025T11:52:07 - [TEST_STEP][PASSED] - x = x.substring(i3, x.length()): null

16-05-2025T11:52:07 - [TEST_STEP][PASSED] - return x: null

16-05-2025T11:52:07 - [TEST_STEP][PASSED] - tableB = Script1719551244403.NewDZO(x = tableB): null

16-05-2025T11:52:07 - [TEST_STEP][PASSED] - i3 = <not implemented yet for class: org.codehaus.groovy.ast.expr.EmptyExpression>: null

16-05-2025T11:52:07 - [TEST_STEP][PASSED] - i3 = x.indexOf("/") + 1: null

16-05-2025T11:52:07 - [TEST_STEP][PASSED] - x = x.substring(i3, x.length()): null

16-05-2025T11:52:07 - [TEST_STEP][PASSED] - return x: null

16-05-2025T11:52:07 - [TEST_STEP][PASSED] - tableB = Script1719551244403.NewDZO(x = tableB): null

16-05-2025T11:52:07 - [TEST_STEP][PASSED] - i3 = <not implemented yet for class: org.codehaus.groovy.ast.expr.EmptyExpression>: null

16-05-2025T11:52:07 - [TEST_STEP][PASSED] - i3 = x.indexOf("/") + 1: null

16-05-2025T11:52:07 - [TEST_STEP][PASSED] - x = x.substring(i3, x.length()): null

16-05-2025T11:52:07 - [TEST_STEP][PASSED] - return x: null

16-05-2025T11:52:07 - [TEST_STEP][PASSED] - tableB = Script1719551244403.NewDZO(x = tableB): null

16-05-2025T11:52:07 - [TEST_STEP][PASSED] - i3 = <not implemented yet for class: org.codehaus.groovy.ast.expr.EmptyExpression>: null

16-05-2025T11:52:07 - [TEST_STEP][PASSED] - i3 = x.indexOf("/") + 1: null

16-05-2025T11:52:07 - [TEST_STEP][PASSED] - x = x.substring(i3, x.length()): null

16-05-2025T11:52:07 - [TEST_STEP][PASSED] - return x: null

16-05-2025T11:52:07 - [TEST_STEP][PASSED] - tableB = Script1719551244403.NewDZO(x = tableB): null

16-05-2025T11:52:07 - [TEST_STEP][PASSED] - i3 = <not implemented yet for class: org.codehaus.groovy.ast.expr.EmptyExpression>: null

16-05-2025T11:52:07 - [TEST_STEP][PASSED] - i3 = x.indexOf("/") + 1: null

16-05-2025T11:52:07 - [TEST_STEP][PASSED] - x = x.substring(i3, x.length()): null

16-05-2025T11:52:07 - [TEST_STEP][PASSED] - return x: null

16-05-2025T11:52:07 - [TEST_STEP][PASSED] - tableB = Script1719551244403.NewDZO(x = tableB): null

16-05-2025T11:52:07 - [TEST_STEP][PASSED] - i3 = <not implemented yet for class: org.codehaus.groovy.ast.expr.EmptyExpression>: null

16-05-2025T11:52:07 - [TEST_STEP][PASSED] - i3 = x.indexOf("/") + 1: null

16-05-2025T11:52:07 - [TEST_STEP][PASSED] - x = x.substring(i3, x.length()): null

16-05-2025T11:52:07 - [TEST_STEP][PASSED] - return x: null

16-05-2025T11:52:07 - [TEST_STEP][PASSED] - tableB = Script1719551244403.NewDZO(x = tableB): null

16-05-2025T11:52:07 - [TEST_STEP][PASSED] - i3 = <not implemented yet for class: org.codehaus.groovy.ast.expr.EmptyExpression>: null

16-05-2025T11:52:07 - [TEST_STEP][PASSED] - i3 = x.indexOf("/") + 1: null

16-05-2025T11:52:07 - [TEST_STEP][PASSED] - x = x.substring(i3, x.length()): null

16-05-2025T11:52:07 - [TEST_STEP][PASSED] - return x: null

16-05-2025T11:52:07 - [TEST_STEP][PASSED] - tableB = Script1719551244403.NewDZO(x = tableB): null

16-05-2025T11:52:07 - [TEST_STEP][PASSED] - i3 = <not implemented yet for class: org.codehaus.groovy.ast.expr.EmptyExpression>: null

16-05-2025T11:52:07 - [TEST_STEP][PASSED] - i3 = x.indexOf("/") + 1: null

16-05-2025T11:52:07 - [TEST_STEP][PASSED] - x = x.substring(i3, x.length()): null

16-05-2025T11:52:07 - [TEST_STEP][PASSED] - return x: null

16-05-2025T11:52:07 - [TEST_STEP][PASSED] - tableB = Script1719551244403.NewDZO(x = tableB): null

16-05-2025T11:52:07 - [TEST_STEP][PASSED] - i3 = <not implemented yet for class: org.codehaus.groovy.ast.expr.EmptyExpression>: null

16-05-2025T11:52:07 - [TEST_STEP][PASSED] - i3 = x.indexOf("/") + 1: null

16-05-2025T11:52:07 - [TEST_STEP][PASSED] - x = x.substring(i3, x.length()): null

16-05-2025T11:52:07 - [TEST_STEP][PASSED] - return x: null

16-05-2025T11:52:07 - [TEST_STEP][PASSED] - tableB = Script1719551244403.NewDZO(x = tableB): null

16-05-2025T11:52:07 - [TEST_STEP][PASSED] - i3 = <not implemented yet for class: org.codehaus.groovy.ast.expr.EmptyExpression>: null

16-05-2025T11:52:07 - [TEST_STEP][PASSED] - i3 = x.indexOf("/") + 1: null

16-05-2025T11:52:07 - [TEST_STEP][PASSED] - x = x.substring(i3, x.length()): null

16-05-2025T11:52:07 - [TEST_STEP][PASSED] - return x: null

16-05-2025T11:52:07 - [TEST_STEP][PASSED] - tableB = Script1719551244403.NewDZO(x = tableB): null

16-05-2025T11:52:07 - [TEST_STEP][PASSED] - i3 = <not implemented yet for class: org.codehaus.groovy.ast.expr.EmptyExpression>: null

16-05-2025T11:52:07 - [TEST_STEP][PASSED] - i3 = x.indexOf("/") + 1: null

16-05-2025T11:52:07 - [TEST_STEP][PASSED] - x = x.substring(i3, x.length()): null

16-05-2025T11:52:07 - [TEST_STEP][PASSED] - return x: null

16-05-2025T11:52:07 - [TEST_STEP][PASSED] - i = tableB.indexOf("Юг"): null

16-05-2025T11:52:07 - [TEST_STEP][PASSED] - CiPB = /]", "").trim(): null

16-05-2025T11:52:07 - [TEST_STEP][PASSED] - println("CiPB: " + CiPB): null

16-05-2025T11:52:07 - [TEST_STEP][PASSED] - for ([i = 1, i < 10, (i++)]): null

16-05-2025T11:52:07 - [TEST_STEP][PASSED] - tableB = Script1719551244403.NewDZO(x = tableB): null

16-05-2025T11:52:07 - [TEST_STEP][PASSED] - i3 = <not implemented yet for class: org.codehaus.groovy.ast.expr.EmptyExpression>: null

16-05-2025T11:52:07 - [TEST_STEP][PASSED] - i3 = x.indexOf("/") + 1: null

16-05-2025T11:52:07 - [TEST_STEP][PASSED] - x = x.substring(i3, x.length()): null

16-05-2025T11:52:07 - [TEST_STEP][PASSED] - return x: null

16-05-2025T11:52:07 - [TEST_STEP][PASSED] - tableB = Script1719551244403.NewDZO(x = tableB): null

16-05-2025T11:52:07 - [TEST_STEP][PASSED] - i3 = <not implemented yet for class: org.codehaus.groovy.ast.expr.EmptyExpression>: null

16-05-2025T11:52:07 - [TEST_STEP][PASSED] - i3 = x.indexOf("/") + 1: null

16-05-2025T11:52:07 - [TEST_STEP][PASSED] - x = x.substring(i3, x.length()): null

16-05-2025T11:52:07 - [TEST_STEP][PASSED] - return x: null

16-05-2025T11:52:07 - [TEST_STEP][PASSED] - tableB = Script1719551244403.NewDZO(x = tableB): null

16-05-2025T11:52:07 - [TEST_STEP][PASSED] - i3 = <not implemented yet for class: org.codehaus.groovy.ast.expr.EmptyExpression>: null

16-05-2025T11:52:07 - [TEST_STEP][PASSED] - i3 = x.indexOf("/") + 1: null

16-05-2025T11:52:07 - [TEST_STEP][PASSED] - x = x.substring(i3, x.length()): null

16-05-2025T11:52:07 - [TEST_STEP][PASSED] - return x: null

16-05-2025T11:52:07 - [TEST_STEP][PASSED] - tableB = Script1719551244403.NewDZO(x = tableB): null

16-05-2025T11:52:07 - [TEST_STEP][PASSED] - i3 = <not implemented yet for class: org.codehaus.groovy.ast.expr.EmptyExpression>: null

16-05-2025T11:52:07 - [TEST_STEP][PASSED] - i3 = x.indexOf("/") + 1: null

16-05-2025T11:52:07 - [TEST_STEP][PASSED] - x = x.substring(i3, x.length()): null

16-05-2025T11:52:07 - [TEST_STEP][PASSED] - return x: null

16-05-2025T11:52:07 - [TEST_STEP][PASSED] - tableB = Script1719551244403.NewDZO(x = tableB): null

16-05-2025T11:52:07 - [TEST_STEP][PASSED] - i3 = <not implemented yet for class: org.codehaus.groovy.ast.expr.EmptyExpression>: null

16-05-2025T11:52:07 - [TEST_STEP][PASSED] - i3 = x.indexOf("/") + 1: null

16-05-2025T11:52:07 - [TEST_STEP][PASSED] - x = x.substring(i3, x.length()): null

16-05-2025T11:52:07 - [TEST_STEP][PASSED] - return x: null

16-05-2025T11:52:07 - [TEST_STEP][PASSED] - tableB = Script1719551244403.NewDZO(x = tableB): null

16-05-2025T11:52:07 - [TEST_STEP][PASSED] - i3 = <not implemented yet for class: org.codehaus.groovy.ast.expr.EmptyExpression>: null

16-05-2025T11:52:07 - [TEST_STEP][PASSED] - i3 = x.indexOf("/") + 1: null

16-05-2025T11:52:07 - [TEST_STEP][PASSED] - x = x.substring(i3, x.length()): null

16-05-2025T11:52:07 - [TEST_STEP][PASSED] - return x: null

16-05-2025T11:52:07 - [TEST_STEP][PASSED] - tableB = Script1719551244403.NewDZO(x = tableB): null

16-05-2025T11:52:07 - [TEST_STEP][PASSED] - i3 = <not implemented yet for class: org.codehaus.groovy.ast.expr.EmptyExpression>: null

16-05-2025T11:52:07 - [TEST_STEP][PASSED] - i3 = x.indexOf("/") + 1: null

16-05-2025T11:52:07 - [TEST_STEP][PASSED] - x = x.substring(i3, x.length()): null

16-05-2025T11:52:07 - [TEST_STEP][PASSED] - return x: null

16-05-2025T11:52:07 - [TEST_STEP][PASSED] - tableB = Script1719551244403.NewDZO(x = tableB): null

16-05-2025T11:52:07 - [TEST_STEP][PASSED] - i3 = <not implemented yet for class: org.codehaus.groovy.ast.expr.EmptyExpression>: null

16-05-2025T11:52:07 - [TEST_STEP][PASSED] - i3 = x.indexOf("/") + 1: null

16-05-2025T11:52:07 - [TEST_STEP][PASSED] - x = x.substring(i3, x.length()): null

16-05-2025T11:52:07 - [TEST_STEP][PASSED] - return x: null

16-05-2025T11:52:07 - [TEST_STEP][PASSED] - tableB = Script1719551244403.NewDZO(x = tableB): null

16-05-2025T11:52:07 - [TEST_STEP][PASSED] - i3 = <not implemented yet for class: org.codehaus.groovy.ast.expr.EmptyExpression>: null

16-05-2025T11:52:07 - [TEST_STEP][PASSED] - i3 = x.indexOf("/") + 1: null

16-05-2025T11:52:07 - [TEST_STEP][PASSED] - x = x.substring(i3, x.length()): null

16-05-2025T11:52:07 - [TEST_STEP][PASSED] - return x: null

16-05-2025T11:52:07 - [TEST_STEP][PASSED] - i = tableB.indexOf("Янтарь"): null

16-05-2025T11:52:07 - [TEST_STEP][PASSED] - UgB = /]", "").trim(): null

16-05-2025T11:52:07 - [TEST_STEP][PASSED] - println("UgB: " + UgB): null

16-05-2025T11:52:07 - [TEST_STEP][PASSED] - i = tableB.lastIndexOf("/"): null

16-05-2025T11:52:07 - [TEST_STEP][PASSED] - YaB = /]", "").trim(): null

16-05-2025T11:52:07 - [TEST_STEP][PASSED] - println("YaB: " + YaB): null

16-05-2025T11:52:07 - [TEST_STEP][PASSED] - vidget = "Отклонения выручки по факторам": null

16-05-2025T11:52:07 - [TEST_STEP][PASSED] - if (run == 2): null

16-05-2025T11:52:07 - [TEST_STEP][PASSED] - DZO = "АО "РЭС"": null

16-05-2025T11:52:07 - [TEST_STEP][PASSED] - Script1719551244403.CompareDZO(x = ResA, y = ResB, run, typeOfData, otobrajeniyeDannyh, todaysDate, vidget, DZO): null

16-05-2025T11:52:07 - [TEST_STEP][PASSED] - x1 = x: null

16-05-2025T11:52:07 - [TEST_STEP][PASSED] - y1 = y: null

16-05-2025T11:52:07 - [TEST_STEP][PASSED] - i1 = <not implemented yet for class: org.codehaus.groovy.ast.expr.EmptyExpression>: null

16-05-2025T11:52:07 - [TEST_STEP][PASSED] - if (verifyEqual(x, y) == true): null

16-05-2025T11:52:07 - [MESSAGE][PASSED] - Actual object '- 245 -16' and expected object '- 245 -16' are equal

16-05-2025T11:52:07 - [TEST_STEP][PASSED] - DZO = "АО «Тываэнерго»": null

16-05-2025T11:52:07 - [TEST_STEP][PASSED] - Script1719551244403.CompareDZO(x = TyA, y = TyB, run, typeOfData, otobrajeniyeDannyh, todaysDate, vidget, DZO): null

16-05-2025T11:52:07 - [TEST_STEP][PASSED] - x1 = x: null

16-05-2025T11:52:07 - [TEST_STEP][PASSED] - y1 = y: null

16-05-2025T11:52:07 - [TEST_STEP][PASSED] - i1 = <not implemented yet for class: org.codehaus.groovy.ast.expr.EmptyExpression>: null

16-05-2025T11:52:07 - [TEST_STEP][PASSED] - if (verifyEqual(x, y) == true): null

16-05-2025T11:52:07 - [MESSAGE][PASSED] - Actual object '39 17' and expected object '39 17' are equal

16-05-2025T11:52:07 - [TEST_STEP][PASSED] - DZO = "АО «Чеченэнерго»": null

16-05-2025T11:52:07 - [TEST_STEP][PASSED] - Script1719551244403.CompareDZO(x = ChA, y = ChB, run, typeOfData, otobrajeniyeDannyh, todaysDate, vidget, DZO): null

16-05-2025T11:52:07 - [TEST_STEP][PASSED] - x1 = x: null

16-05-2025T11:52:07 - [TEST_STEP][PASSED] - y1 = y: null

16-05-2025T11:52:07 - [TEST_STEP][PASSED] - i1 = <not implemented yet for class: org.codehaus.groovy.ast.expr.EmptyExpression>: null

16-05-2025T11:52:07 - [TEST_STEP][PASSED] - if (verifyEqual(x, y) == true): null

16-05-2025T11:52:07 - [MESSAGE][PASSED] - Actual object '-8 -19' and expected object '-8 -19' are equal

16-05-2025T11:52:07 - [TEST_STEP][PASSED] - DZO = "Россети Волга": null

16-05-2025T11:52:07 - [TEST_STEP][PASSED] - Script1719551244403.CompareDZO(x = VA, y = VB, run, typeOfData, otobrajeniyeDannyh, todaysDate, vidget, DZO): null

16-05-2025T11:52:07 - [TEST_STEP][PASSED] - x1 = x: null

16-05-2025T11:52:07 - [TEST_STEP][PASSED] - y1 = y: null

16-05-2025T11:52:07 - [TEST_STEP][PASSED] - i1 = <not implemented yet for class: org.codehaus.groovy.ast.expr.EmptyExpression>: null

16-05-2025T11:52:07 - [TEST_STEP][PASSED] - if (verifyEqual(x, y) == true): null

16-05-2025T11:52:07 - [MESSAGE][PASSED] - Actual object '-165 -11 -207 -48 -61 -1 -328 413 -213 -34 96 -22 7 36' and expected object '-165 -11 -207 -48 -61 -1 -328 413 -213 -34 96 -22 7 36' are equal

16-05-2025T11:52:07 - [TEST_STEP][PASSED] - DZO = "Россети Кубань": null

16-05-2025T11:52:07 - [TEST_STEP][PASSED] - Script1719551244403.CompareDZO(x = KuA, y = KuB, run, typeOfData, otobrajeniyeDannyh, todaysDate, vidget, DZO): null

16-05-2025T11:52:07 - [TEST_STEP][PASSED] - x1 = x: null

16-05-2025T11:52:07 - [TEST_STEP][PASSED] - y1 = y: null

16-05-2025T11:52:07 - [TEST_STEP][PASSED] - i1 = <not implemented yet for class: org.codehaus.groovy.ast.expr.EmptyExpression>: null

16-05-2025T11:52:07 - [TEST_STEP][PASSED] - if (verifyEqual(x, y) == true): null

16-05-2025T11:52:07 - [MESSAGE][PASSED] - Actual object '319 467' and expected object '319 467' are equal

16-05-2025T11:52:07 - [TEST_STEP][PASSED] - DZO = "Московский регион": null

16-05-2025T11:52:07 - [TEST_STEP][PASSED] - Script1719551244403.CompareDZO(x = MosA, y = MosB, run, typeOfData, otobrajeniyeDannyh, todaysDate, vidget, DZO): null

16-05-2025T11:52:07 - [TEST_STEP][PASSED] - x1 = x: null

16-05-2025T11:52:07 - [TEST_STEP][PASSED] - y1 = y: null

16-05-2025T11:52:07 - [TEST_STEP][PASSED] - i1 = <not implemented yet for class: org.codehaus.groovy.ast.expr.EmptyExpression>: null

16-05-2025T11:52:07 - [TEST_STEP][PASSED] - if (verifyEqual(x, y) == true): null

16-05-2025T11:52:07 - [MESSAGE][PASSED] - Actual object '-2 728 26 -739 96' and expected object '-2 728 26 -739 96' are equal

16-05-2025T11:52:07 - [TEST_STEP][PASSED] - DZO = "Россети Ленэнерго (ГК)": null

16-05-2025T11:52:07 - [TEST_STEP][PASSED] - Script1719551244403.CompareDZO(x = LenA, y = LenB, run, typeOfData, otobrajeniyeDannyh, todaysDate, vidget, DZO): null

16-05-2025T11:52:07 - [TEST_STEP][PASSED] - x1 = x: null

16-05-2025T11:52:07 - [TEST_STEP][PASSED] - y1 = y: null

16-05-2025T11:52:07 - [TEST_STEP][PASSED] - i1 = <not implemented yet for class: org.codehaus.groovy.ast.expr.EmptyExpression>: null

16-05-2025T11:52:07 - [TEST_STEP][PASSED] - if (verifyEqual(x, y) == true): null

16-05-2025T11:52:07 - [MESSAGE][PASSED] - Actual object '-274 501 -135 -30' and expected object '-274 501 -135 -30' are equal

16-05-2025T11:52:07 - [TEST_STEP][PASSED] - DZO = "Россети Северный Кавказ (ГК)": null

16-05-2025T11:52:07 - [TEST_STEP][PASSED] - Script1719551244403.CompareDZO(x = SKA, y = SKB, run, typeOfData, otobrajeniyeDannyh, todaysDate, vidget, DZO): null

16-05-2025T11:52:07 - [TEST_STEP][PASSED] - x1 = x: null

16-05-2025T11:52:07 - [TEST_STEP][PASSED] - y1 = y: null

16-05-2025T11:52:07 - [TEST_STEP][PASSED] - i1 = <not implemented yet for class: org.codehaus.groovy.ast.expr.EmptyExpression>: null

16-05-2025T11:52:07 - [TEST_STEP][PASSED] - if (verifyEqual(x, y) == true): null

16-05-2025T11:52:07 - [MESSAGE][PASSED] - Actual object '-409 86 -145 41 55 -4-50 -22 -5 -24 23 84' and expected object '-409 86 -145 41 55 -4-50 -22 -5 -24 23 84' are equal

16-05-2025T11:52:07 - [TEST_STEP][PASSED] - DZO = "Россети Северо-Запад": null

16-05-2025T11:52:07 - [TEST_STEP][PASSED] - Script1719551244403.CompareDZO(x = SZA, y = SZB, run, typeOfData, otobrajeniyeDannyh, todaysDate, vidget, DZO): null

16-05-2025T11:52:07 - [TEST_STEP][PASSED] - x1 = x: null

16-05-2025T11:52:07 - [TEST_STEP][PASSED] - y1 = y: null

16-05-2025T11:52:07 - [TEST_STEP][PASSED] - i1 = <not implemented yet for class: org.codehaus.groovy.ast.expr.EmptyExpression>: null

16-05-2025T11:52:07 - [TEST_STEP][PASSED] - if (verifyEqual(x, y) == true): null

16-05-2025T11:52:07 - [MESSAGE][PASSED] - Actual object '-69 52 -44 43 -17 -65 24 -84 10 21 -55 30 -136 39' and expected object '-69 52 -44 43 -17 -65 24 -84 10 21 -55 30 -136 39' are equal

16-05-2025T11:52:07 - [TEST_STEP][PASSED] - DZO = "Россети Сибирь (ГК)": null

16-05-2025T11:52:07 - [TEST_STEP][PASSED] - Script1719551244403.CompareDZO(x = SiA, y = SiB, run, typeOfData, otobrajeniyeDannyh, todaysDate, vidget, DZO): null

16-05-2025T11:52:07 - [TEST_STEP][PASSED] - x1 = x: null

16-05-2025T11:52:07 - [TEST_STEP][PASSED] - y1 = y: null

16-05-2025T11:52:07 - [TEST_STEP][PASSED] - i1 = <not implemented yet for class: org.codehaus.groovy.ast.expr.EmptyExpression>: null

16-05-2025T11:52:07 - [TEST_STEP][PASSED] - if (verifyEqual(x, y) == true): null

16-05-2025T11:52:07 - [MESSAGE][PASSED] - Actual object '47 24 52 -32 23 4 299 26-85 499 40 -69 -9 -53 23 88' and expected object '47 24 52 -32 23 4 299 26-85 499 40 -69 -9 -53 23 88' are equal

16-05-2025T11:52:07 - [TEST_STEP][PASSED] - DZO = "Россети Томск": null

16-05-2025T11:52:07 - [TEST_STEP][PASSED] - Script1719551244403.CompareDZO(x = ToA, y = ToB, run, typeOfData, otobrajeniyeDannyh, todaysDate, vidget, DZO): null

16-05-2025T11:52:07 - [TEST_STEP][PASSED] - x1 = x: null

16-05-2025T11:52:07 - [TEST_STEP][PASSED] - y1 = y: null

16-05-2025T11:52:07 - [TEST_STEP][PASSED] - i1 = <not implemented yet for class: org.codehaus.groovy.ast.expr.EmptyExpression>: null

16-05-2025T11:52:07 - [TEST_STEP][PASSED] - if (verifyEqual(x, y) == true): null

16-05-2025T11:52:07 - [MESSAGE][PASSED] - Actual object '-100 42' and expected object '-100 42' are equal

16-05-2025T11:52:07 - [TEST_STEP][PASSED] - DZO = "Россети Тюмень": null

16-05-2025T11:52:07 - [TEST_STEP][PASSED] - Script1719551244403.CompareDZO(x = TyuA, y = TyuB, run, typeOfData, otobrajeniyeDannyh, todaysDate, vidget, DZO): null

16-05-2025T11:52:07 - [TEST_STEP][PASSED] - x1 = x: null

16-05-2025T11:52:07 - [TEST_STEP][PASSED] - y1 = y: null

16-05-2025T11:52:07 - [TEST_STEP][PASSED] - i1 = <not implemented yet for class: org.codehaus.groovy.ast.expr.EmptyExpression>: null

16-05-2025T11:52:07 - [TEST_STEP][PASSED] - if (verifyEqual(x, y) == true): null

16-05-2025T11:52:07 - [MESSAGE][PASSED] - Actual object '-2 270 -495' and expected object '-2 270 -495' are equal

16-05-2025T11:52:07 - [TEST_STEP][PASSED] - DZO = "Россети Урал (ГК)": null

16-05-2025T11:52:07 - [TEST_STEP][PASSED] - Script1719551244403.CompareDZO(x = UrA, y = UrB, run, typeOfData, otobrajeniyeDannyh, todaysDate, vidget, DZO): null

16-05-2025T11:52:07 - [TEST_STEP][PASSED] - x1 = x: null

16-05-2025T11:52:07 - [TEST_STEP][PASSED] - y1 = y: null

16-05-2025T11:52:07 - [TEST_STEP][PASSED] - i1 = <not implemented yet for class: org.codehaus.groovy.ast.expr.EmptyExpression>: null

16-05-2025T11:52:07 - [TEST_STEP][PASSED] - if (verifyEqual(x, y) == true): null

16-05-2025T11:52:07 - [MESSAGE][PASSED] - Actual object '-357 1 -199 -32 -323 -77' and expected object '-357 1 -199 -32 -323 -77' are equal

16-05-2025T11:52:07 - [TEST_STEP][PASSED] - DZO = "Россети ФСК ЕЭС": null

16-05-2025T11:52:07 - [TEST_STEP][PASSED] - Script1719551244403.CompareDZO(x = FSKA, y = FSKB, run, typeOfData, otobrajeniyeDannyh, todaysDate, vidget, DZO): null

16-05-2025T11:52:07 - [TEST_STEP][PASSED] - x1 = x: null

16-05-2025T11:52:07 - [TEST_STEP][PASSED] - y1 = y: null

16-05-2025T11:52:07 - [TEST_STEP][PASSED] - i1 = <not implemented yet for class: org.codehaus.groovy.ast.expr.EmptyExpression>: null

16-05-2025T11:52:07 - [TEST_STEP][PASSED] - if (verifyEqual(x, y) == true): null

16-05-2025T11:52:07 - [MESSAGE][PASSED] - Actual object '-451 2 121' and expected object '-451 2 121' are equal

16-05-2025T11:52:07 - [TEST_STEP][PASSED] - DZO = "Центр": null

16-05-2025T11:52:07 - [TEST_STEP][PASSED] - Script1719551244403.CompareDZO(x = CenA, y = CenB, run, typeOfData, otobrajeniyeDannyh, todaysDate, vidget, DZO): null

16-05-2025T11:52:07 - [TEST_STEP][PASSED] - x1 = x: null

16-05-2025T11:52:07 - [TEST_STEP][PASSED] - y1 = y: null

16-05-2025T11:52:07 - [TEST_STEP][PASSED] - i1 = <not implemented yet for class: org.codehaus.groovy.ast.expr.EmptyExpression>: null

16-05-2025T11:52:07 - [TEST_STEP][PASSED] - if (verifyEqual(x, y) == true): null

16-05-2025T11:52:07 - [MESSAGE][PASSED] - Actual object '-74 30 -66 -2 -100 37 -73 -1 -21 41 -216 43 -39 4 -41 4 -25 -5 -164 -10 -130 4' and expected object '-74 30 -66 -2 -100 37 -73 -1 -21 41 -216 43 -39 4 -41 4 -25 -5 -164 -10 -130 4' are equal

16-05-2025T11:52:07 - [TEST_STEP][PASSED] - DZO = "Центр и Приволжье (ГК)": null

16-05-2025T11:52:07 - [TEST_STEP][PASSED] - Script1719551244403.CompareDZO(x = CiPA, y = CiPB, run, typeOfData, otobrajeniyeDannyh, todaysDate, vidget, DZO): null

16-05-2025T11:52:07 - [TEST_STEP][PASSED] - x1 = x: null

16-05-2025T11:52:07 - [TEST_STEP][PASSED] - y1 = y: null

16-05-2025T11:52:07 - [TEST_STEP][PASSED] - i1 = <not implemented yet for class: org.codehaus.groovy.ast.expr.EmptyExpression>: null

16-05-2025T11:52:07 - [TEST_STEP][PASSED] - if (verifyEqual(x, y) == true): null

16-05-2025T11:52:07 - [MESSAGE][PASSED] - Actual object '-188 -31 4 -31 -57 41 -64 14 -39 29 -287 49 -201 45 -131 -64 -55 61' and expected object '-188 -31 4 -31 -57 41 -64 14 -39 29 -287 49 -201 45 -131 -64 -55 61' are equal

16-05-2025T11:52:07 - [TEST_STEP][PASSED] - DZO = "Россети Юг (ГК)": null

16-05-2025T11:52:07 - [TEST_STEP][PASSED] - Script1719551244403.CompareDZO(x = UgA, y = UgB, run, typeOfData, otobrajeniyeDannyh, todaysDate, vidget, DZO): null

16-05-2025T11:52:07 - [TEST_STEP][PASSED] - x1 = x: null

16-05-2025T11:52:07 - [TEST_STEP][PASSED] - y1 = y: null

16-05-2025T11:52:07 - [TEST_STEP][PASSED] - i1 = <not implemented yet for class: org.codehaus.groovy.ast.expr.EmptyExpression>: null

16-05-2025T11:52:07 - [TEST_STEP][PASSED] - if (verifyEqual(x, y) == true): null

16-05-2025T11:52:07 - [MESSAGE][PASSED] - Actual object '-7 15 -22 -15 -314 22 20 -5 153 143' and expected object '-7 15 -22 -15 -314 22 20 -5 153 143' are equal

16-05-2025T11:52:07 - [TEST_STEP][PASSED] - DZO = "Россети Янтарь": null

16-05-2025T11:52:07 - [TEST_STEP][PASSED] - Script1719551244403.CompareDZO(x = YaA, y = YaB, run, typeOfData, otobrajeniyeDannyh, todaysDate, vidget, DZO): null

16-05-2025T11:52:07 - [TEST_STEP][PASSED] - x1 = x: null

16-05-2025T11:52:07 - [TEST_STEP][PASSED] - y1 = y: null

16-05-2025T11:52:07 - [TEST_STEP][PASSED] - i1 = <not implemented yet for class: org.codehaus.groovy.ast.expr.EmptyExpression>: null

16-05-2025T11:52:07 - [TEST_STEP][PASSED] - if (verifyEqual(x, y) == true): Actual object '15 15' and expected object '15 15' are equal

16-05-2025T11:52:07 - [MESSAGE][PASSED] - Actual object '15 15' and expected object '15 15' are equal

16-05-2025T11:52:07 - [TEST_STEP][PASSED] - closeBrowser(): Browser is closed

16-05-2025T11:52:07 - [MESSAGE][PASSED] - Browser is closed]]></system-out>
         <system-err><![CDATA[]]></system-err>
      </testcase>
      <testcase name="Test Cases/Выполнение бизнес-плана/Выполнение бизнес-плана Сверка ПАО Россети все филиалы" time="1016.832" classname="Test Cases/Выполнение бизнес-плана/Выполнение бизнес-плана Сверка ПАО Россети все филиалы" status="FAILED">
         <failure type="FAILED" message="Test Cases/Выполнение бизнес-плана/Выполнение бизнес-плана Сверка ПАО Россети все филиалы FAILED.&#xa;Reason:&#xa;com.kms.katalon.core.exception.StepFailedException: Unable to verify equal between actual object '6' and expected object '0' (Root cause: com.kms.katalon.core.exception.StepFailedException: Actual object '6' and expected object '0' are not equal&#xa;	at com.kms.katalon.core.keyword.builtin.VerifyEqualKeyword$_verifyEqual_closure1.doCall(VerifyEqualKeyword.groovy:58)&#xa;	at com.kms.katalon.core.keyword.builtin.VerifyEqualKeyword$_verifyEqual_closure1.call(VerifyEqualKeyword.groovy)&#xa;	at com.kms.katalon.core.keyword.internal.KeywordMain.runKeyword(KeywordMain.groovy:75)&#xa;	at com.kms.katalon.core.keyword.builtin.VerifyEqualKeyword.verifyEqual(VerifyEqualKeyword.groovy:63)&#xa;	at com.kms.katalon.core.keyword.builtin.VerifyEqualKeyword.execute(VerifyEqualKeyword.groovy:44)&#xa;	at com.kms.katalon.core.keyword.internal.KeywordExecutor.executeKeywordForPlatform(KeywordExecutor.groovy:74)&#xa;	at com.kms.katalon.core.keyword.BuiltinKeywords.verifyEqual(BuiltinKeywords.groovy:146)&#xa;	at jdk.internal.reflect.GeneratedMethodAccessor24.invoke(Unknown Source)&#xa;	at java.base/jdk.internal.reflect.DelegatingMethodAccessorImpl.invoke(DelegatingMethodAccessorImpl.java:43)&#xa;	at Выполнение бизнес-плана Сверка ПАО Россети все филиалы.Numbers(Выполнение бизнес-плана Сверка ПАО Россети все филиалы:740)&#xa;	at Выполнение бизнес-плана Сверка ПАО Россети все филиалы.run(Выполнение бизнес-плана Сверка ПАО Россети все филиалы:168)&#xa;	at com.kms.katalon.core.main.ScriptEngine.run(ScriptEngine.java:194)&#xa;	at com.kms.katalon.core.main.ScriptEngine.runScriptAsRawText(ScriptEngine.java:119)&#xa;	at com.kms.katalon.core.main.TestCaseExecutor.runScript(TestCaseExecutor.java:448)&#xa;	at com.kms.katalon.core.main.TestCaseExecutor.doExecute(TestCaseExecutor.java:439)&#xa;	at com.kms.katalon.core.main.TestCaseExecutor.processExecutionPhase(TestCaseExecutor.java:418)&#xa;	at com.kms.katalon.core.main.TestCaseExecutor.accessMainPhase(TestCaseExecutor.java:410)&#xa;	at com.kms.katalon.core.main.TestCaseExecutor.execute(TestCaseExecutor.java:285)&#xa;	at com.kms.katalon.core.common.CommonExecutor.accessTestCaseMainPhase(CommonExecutor.java:65)&#xa;	at com.kms.katalon.core.main.TestSuiteExecutor.accessTestSuiteMainPhase(TestSuiteExecutor.java:150)&#xa;	at com.kms.katalon.core.main.TestSuiteExecutor.execute(TestSuiteExecutor.java:106)&#xa;	at com.kms.katalon.core.main.TestCaseMain.startTestSuite(TestCaseMain.java:180)&#xa;	at TempTestSuite1747369435659.run(TempTestSuite1747369435659.groovy:35)&#xa;	at java.base/jdk.internal.reflect.NativeMethodAccessorImpl.invoke0(Native Method)&#xa;	at java.base/jdk.internal.reflect.NativeMethodAccessorImpl.invoke(NativeMethodAccessorImpl.java:77)&#xa;	at java.base/jdk.internal.reflect.DelegatingMethodAccessorImpl.invoke(DelegatingMethodAccessorImpl.java:43)&#xa;)&#xa;	at com.kms.katalon.core.keyword.internal.KeywordMain.stepFailed(KeywordMain.groovy:39)&#xa;	at com.kms.katalon.core.keyword.internal.KeywordMain.stepFailed(KeywordMain.groovy)&#xa;	at com.kms.katalon.core.keyword.internal.KeywordMain.runKeyword(KeywordMain.groovy:77)&#xa;	at com.kms.katalon.core.keyword.builtin.VerifyEqualKeyword.verifyEqual(VerifyEqualKeyword.groovy:63)&#xa;	at com.kms.katalon.core.keyword.builtin.VerifyEqualKeyword.execute(VerifyEqualKeyword.groovy:44)&#xa;	at com.kms.katalon.core.keyword.internal.KeywordExecutor.executeKeywordForPlatform(KeywordExecutor.groovy:74)&#xa;	at com.kms.katalon.core.keyword.BuiltinKeywords.verifyEqual(BuiltinKeywords.groovy:146)&#xa;	at jdk.internal.reflect.GeneratedMethodAccessor24.invoke(Unknown Source)&#xa;	at java.base/jdk.internal.reflect.DelegatingMethodAccessorImpl.invoke(DelegatingMethodAccessorImpl.java:43)&#xa;	at Выполнение бизнес-плана Сверка ПАО Россети все филиалы.Numbers(Выполнение бизнес-плана Сверка ПАО Россети все филиалы:740)&#xa;	at Выполнение бизнес-плана Сверка ПАО Россети все филиалы.run(Выполнение бизнес-плана Сверка ПАО Россети все филиалы:168)&#xa;	at com.kms.katalon.core.main.ScriptEngine.run(ScriptEngine.java:194)&#xa;	at com.kms.katalon.core.main.ScriptEngine.runScriptAsRawText(ScriptEngine.java:119)&#xa;	at com.kms.katalon.core.main.TestCaseExecutor.runScript(TestCaseExecutor.java:448)&#xa;	at com.kms.katalon.core.main.TestCaseExecutor.doExecute(TestCaseExecutor.java:439)&#xa;	at com.kms.katalon.core.main.TestCaseExecutor.processExecutionPhase(TestCaseExecutor.java:418)&#xa;	at com.kms.katalon.core.main.TestCaseExecutor.accessMainPhase(TestCaseExecutor.java:410)&#xa;	at com.kms.katalon.core.main.TestCaseExecutor.execute(TestCaseExecutor.java:285)&#xa;	at com.kms.katalon.core.common.CommonExecutor.accessTestCaseMainPhase(CommonExecutor.java:65)&#xa;	at com.kms.katalon.core.main.TestSuiteExecutor.accessTestSuiteMainPhase(TestSuiteExecutor.java:150)&#xa;	at com.kms.katalon.core.main.TestSuiteExecutor.execute(TestSuiteExecutor.java:106)&#xa;	at com.kms.katalon.core.main.TestCaseMain.startTestSuite(TestCaseMain.java:180)&#xa;	at TempTestSuite1747369435659.run(TempTestSuite1747369435659.groovy:35)&#xa;	at java.base/jdk.internal.reflect.NativeMethodAccessorImpl.invoke0(Native Method)&#xa;	at java.base/jdk.internal.reflect.NativeMethodAccessorImpl.invoke(NativeMethodAccessorImpl.java:77)&#xa;	at java.base/jdk.internal.reflect.DelegatingMethodAccessorImpl.invoke(DelegatingMethodAccessorImpl.java:43)&#xa;Caused by: com.kms.katalon.core.exception.StepFailedException: Actual object '6' and expected object '0' are not equal&#xa;	at com.kms.katalon.core.keyword.builtin.VerifyEqualKeyword$_verifyEqual_closure1.doCall(VerifyEqualKeyword.groovy:58)&#xa;	at com.kms.katalon.core.keyword.builtin.VerifyEqualKeyword$_verifyEqual_closure1.call(VerifyEqualKeyword.groovy)&#xa;	at com.kms.katalon.core.keyword.internal.KeywordMain.runKeyword(KeywordMain.groovy:75)&#xa;	... 23 more&#xa;"/>
         <system-out><![CDATA[16-05-2025T11:52:07 - [TEST_CASE][FAILED] - Test Cases/Выполнение бизнес-плана/Выполнение бизнес-плана Сверка ПАО Россети все филиалы: Test Cases/Выполнение бизнес-плана/Выполнение бизнес-плана Сверка ПАО Россети все филиалы FAILED.
Reason:
com.kms.katalon.core.exception.StepFailedException: Unable to verify equal between actual object '6' and expected object '0' (Root cause: com.kms.katalon.core.exception.StepFailedException: Actual object '6' and expected object '0' are not equal
	at com.kms.katalon.core.keyword.builtin.VerifyEqualKeyword$_verifyEqual_closure1.doCall(VerifyEqualKeyword.groovy:58)
	at com.kms.katalon.core.keyword.builtin.VerifyEqualKeyword$_verifyEqual_closure1.call(VerifyEqualKeyword.groovy)
	at com.kms.katalon.core.keyword.internal.KeywordMain.runKeyword(KeywordMain.groovy:75)
	at com.kms.katalon.core.keyword.builtin.VerifyEqualKeyword.verifyEqual(VerifyEqualKeyword.groovy:63)
	at com.kms.katalon.core.keyword.builtin.VerifyEqualKeyword.execute(VerifyEqualKeyword.groovy:44)
	at com.kms.katalon.core.keyword.internal.KeywordExecutor.executeKeywordForPlatform(KeywordExecutor.groovy:74)
	at com.kms.katalon.core.keyword.BuiltinKeywords.verifyEqual(BuiltinKeywords.groovy:146)
	at jdk.internal.reflect.GeneratedMethodAccessor24.invoke(Unknown Source)
	at java.base/jdk.internal.reflect.DelegatingMethodAccessorImpl.invoke(DelegatingMethodAccessorImpl.java:43)
	at Выполнение бизнес-плана Сверка ПАО Россети все филиалы.Numbers(Выполнение бизнес-плана Сверка ПАО Россети все филиалы:740)
	at Выполнение бизнес-плана Сверка ПАО Россети все филиалы.run(Выполнение бизнес-плана Сверка ПАО Россети все филиалы:168)
	at com.kms.katalon.core.main.ScriptEngine.run(ScriptEngine.java:194)
	at com.kms.katalon.core.main.ScriptEngine.runScriptAsRawText(ScriptEngine.java:119)
	at com.kms.katalon.core.main.TestCaseExecutor.runScript(TestCaseExecutor.java:448)
	at com.kms.katalon.core.main.TestCaseExecutor.doExecute(TestCaseExecutor.java:439)
	at com.kms.katalon.core.main.TestCaseExecutor.processExecutionPhase(TestCaseExecutor.java:418)
	at com.kms.katalon.core.main.TestCaseExecutor.accessMainPhase(TestCaseExecutor.java:410)
	at com.kms.katalon.core.main.TestCaseExecutor.execute(TestCaseExecutor.java:285)
	at com.kms.katalon.core.common.CommonExecutor.accessTestCaseMainPhase(CommonExecutor.java:65)
	at com.kms.katalon.core.main.TestSuiteExecutor.accessTestSuiteMainPhase(TestSuiteExecutor.java:150)
	at com.kms.katalon.core.main.TestSuiteExecutor.execute(TestSuiteExecutor.java:106)
	at com.kms.katalon.core.main.TestCaseMain.startTestSuite(TestCaseMain.java:180)
	at TempTestSuite1747369435659.run(TempTestSuite1747369435659.groovy:35)
	at java.base/jdk.internal.reflect.NativeMethodAccessorImpl.invoke0(Native Method)
	at java.base/jdk.internal.reflect.NativeMethodAccessorImpl.invoke(NativeMethodAccessorImpl.java:77)
	at java.base/jdk.internal.reflect.DelegatingMethodAccessorImpl.invoke(DelegatingMethodAccessorImpl.java:43)
)
	at com.kms.katalon.core.keyword.internal.KeywordMain.stepFailed(KeywordMain.groovy:39)
	at com.kms.katalon.core.keyword.internal.KeywordMain.stepFailed(KeywordMain.groovy)
	at com.kms.katalon.core.keyword.internal.KeywordMain.runKeyword(KeywordMain.groovy:77)
	at com.kms.katalon.core.keyword.builtin.VerifyEqualKeyword.verifyEqual(VerifyEqualKeyword.groovy:63)
	at com.kms.katalon.core.keyword.builtin.VerifyEqualKeyword.execute(VerifyEqualKeyword.groovy:44)
	at com.kms.katalon.core.keyword.internal.KeywordExecutor.executeKeywordForPlatform(KeywordExecutor.groovy:74)
	at com.kms.katalon.core.keyword.BuiltinKeywords.verifyEqual(BuiltinKeywords.groovy:146)
	at jdk.internal.reflect.GeneratedMethodAccessor24.invoke(Unknown Source)
	at java.base/jdk.internal.reflect.DelegatingMethodAccessorImpl.invoke(DelegatingMethodAccessorImpl.java:43)
	at Выполнение бизнес-плана Сверка ПАО Россети все филиалы.Numbers(Выполнение бизнес-плана Сверка ПАО Россети все филиалы:740)
	at Выполнение бизнес-плана Сверка ПАО Россети все филиалы.run(Выполнение бизнес-плана Сверка ПАО Россети все филиалы:168)
	at com.kms.katalon.core.main.ScriptEngine.run(ScriptEngine.java:194)
	at com.kms.katalon.core.main.ScriptEngine.runScriptAsRawText(ScriptEngine.java:119)
	at com.kms.katalon.core.main.TestCaseExecutor.runScript(TestCaseExecutor.java:448)
	at com.kms.katalon.core.main.TestCaseExecutor.doExecute(TestCaseExecutor.java:439)
	at com.kms.katalon.core.main.TestCaseExecutor.processExecutionPhase(TestCaseExecutor.java:418)
	at com.kms.katalon.core.main.TestCaseExecutor.accessMainPhase(TestCaseExecutor.java:410)
	at com.kms.katalon.core.main.TestCaseExecutor.execute(TestCaseExecutor.java:285)
	at com.kms.katalon.core.common.CommonExecutor.accessTestCaseMainPhase(CommonExecutor.java:65)
	at com.kms.katalon.core.main.TestSuiteExecutor.accessTestSuiteMainPhase(TestSuiteExecutor.java:150)
	at com.kms.katalon.core.main.TestSuiteExecutor.execute(TestSuiteExecutor.java:106)
	at com.kms.katalon.core.main.TestCaseMain.startTestSuite(TestCaseMain.java:180)
	at TempTestSuite1747369435659.run(TempTestSuite1747369435659.groovy:35)
	at java.base/jdk.internal.reflect.NativeMethodAccessorImpl.invoke0(Native Method)
	at java.base/jdk.internal.reflect.NativeMethodAccessorImpl.invoke(NativeMethodAccessorImpl.java:77)
	at java.base/jdk.internal.reflect.DelegatingMethodAccessorImpl.invoke(DelegatingMethodAccessorImpl.java:43)
Caused by: com.kms.katalon.core.exception.StepFailedException: Actual object '6' and expected object '0' are not equal
	at com.kms.katalon.core.keyword.builtin.VerifyEqualKeyword$_verifyEqual_closure1.doCall(VerifyEqualKeyword.groovy:58)
	at com.kms.katalon.core.keyword.builtin.VerifyEqualKeyword$_verifyEqual_closure1.call(VerifyEqualKeyword.groovy)
	at com.kms.katalon.core.keyword.internal.KeywordMain.runKeyword(KeywordMain.groovy:75)
	... 23 more


16-05-2025T11:52:08 - [TEST_STEP][PASSED] - openBrowser(""): Browser is opened with url: ''

16-05-2025T11:52:08 - [MESSAGE][INFO] - Starting 'Chrome' driver

16-05-2025T11:52:08 - [MESSAGE][INFO] - Action delay is set to 0 milliseconds

16-05-2025T11:52:08 - [MESSAGE][PASSED] - Browser is opened with url: ''

16-05-2025T11:52:08 - [TEST_STEP][PASSED] - date = new java.util.Date(): null

16-05-2025T11:52:08 - [TEST_STEP][PASSED] - todaysDate = date.format("dd.MM.yyyy"): null

16-05-2025T11:52:08 - [TEST_STEP][PASSED] - dZO = <not implemented yet for class: org.codehaus.groovy.ast.expr.EmptyExpression>: null

16-05-2025T11:52:08 - [TEST_STEP][PASSED] - a = <not implemented yet for class: org.codehaus.groovy.ast.expr.EmptyExpression>: null

16-05-2025T11:52:08 - [TEST_STEP][PASSED] - fileperc = <not implemented yet for class: org.codehaus.groovy.ast.expr.EmptyExpression>: null

16-05-2025T11:52:08 - [TEST_STEP][PASSED] - pageperc = <not implemented yet for class: org.codehaus.groovy.ast.expr.EmptyExpression>: null

16-05-2025T11:52:08 - [TEST_STEP][PASSED] - pageInt = <not implemented yet for class: org.codehaus.groovy.ast.expr.EmptyExpression>: null

16-05-2025T11:52:08 - [TEST_STEP][PASSED] - fileInt = <not implemented yet for class: org.codehaus.groovy.ast.expr.EmptyExpression>: null

16-05-2025T11:52:09 - [TEST_STEP][PASSED] - pageDouble = <not implemented yet for class: org.codehaus.groovy.ast.expr.EmptyExpression>: null

16-05-2025T11:52:09 - [TEST_STEP][PASSED] - fileDouble = <not implemented yet for class: org.codehaus.groovy.ast.expr.EmptyExpression>: null

16-05-2025T11:52:09 - [TEST_STEP][PASSED] - typeOfData = <not implemented yet for class: org.codehaus.groovy.ast.expr.EmptyExpression>: null

16-05-2025T11:52:09 - [TEST_STEP][PASSED] - dzoNum = 0: null

16-05-2025T11:52:09 - [TEST_STEP][PASSED] - filialNum = 0: null

16-05-2025T11:52:09 - [TEST_STEP][PASSED] - urlText = <not implemented yet for class: org.codehaus.groovy.ast.expr.EmptyExpression>: null

16-05-2025T11:52:09 - [TEST_STEP][PASSED] - searchWord = <not implemented yet for class: org.codehaus.groovy.ast.expr.EmptyExpression>: null

16-05-2025T11:52:09 - [TEST_STEP][PASSED] - i = <not implemented yet for class: org.codehaus.groovy.ast.expr.EmptyExpression>: null

16-05-2025T11:52:09 - [TEST_STEP][PASSED] - ii = <not implemented yet for class: org.codehaus.groovy.ast.expr.EmptyExpression>: null

16-05-2025T11:52:09 - [TEST_STEP][PASSED] - navigateToUrl(findTestData("PlanFact").getValue(10, 1)): Navigate to 'https://bi.rosseti.digital/viewer?dashboardGuid=d154a8eaf6824e2b9de1bb04dd061c18&sheetGuid=1305e8ce744049e1abdacea1ea397a26&fit=true' successfully

16-05-2025T11:52:11 - [MESSAGE][PASSED] - Navigate to 'https://bi.rosseti.digital/viewer?dashboardGuid=d154a8eaf6824e2b9de1bb04dd061c18&sheetGuid=1305e8ce744049e1abdacea1ea397a26&fit=true' successfully

16-05-2025T11:52:11 - [TEST_STEP][PASSED] - urlText = getText(findTestObject("Страница авторизации/Text")): Text of object 'Object Repository/Страница авторизации/Text' is: 'Вход'

16-05-2025T11:52:12 - [MESSAGE][PASSED] - Text of object 'Object Repository/Страница авторизации/Text' is: 'Вход'

16-05-2025T11:52:12 - [TEST_STEP][PASSED] - delay(20): Delayed 20 second(s)

16-05-2025T11:52:32 - [MESSAGE][PASSED] - Delayed 20 second(s)

16-05-2025T11:52:32 - [TEST_STEP][PASSED] - searchWord = "Вход": null

16-05-2025T11:52:32 - [TEST_STEP][PASSED] - if (urlText.contains(searchWord) == false): null

16-05-2025T11:52:32 - [TEST_STEP][PASSED] - setText(findTestObject("Страница авторизации/input__username"), findTestData("PlanFact").getValue(8, 1)): Text 'liazgina-di' is set on object 'Object Repository/Страница авторизации/input__username'

16-05-2025T11:52:32 - [MESSAGE][PASSED] - Text 'liazgina-di' is set on object 'Object Repository/Страница авторизации/input__username'

16-05-2025T11:52:32 - [TEST_STEP][PASSED] - setText(findTestObject("Страница авторизации/input__password"), findTestData("PlanFact").getValue(9, 1)): Text ')$%5srZ8o688Dm#q' is set on object 'Object Repository/Страница авторизации/input__password'

16-05-2025T11:52:33 - [MESSAGE][PASSED] - Text ')$%5srZ8o688Dm#q' is set on object 'Object Repository/Страница авторизации/input__password'

16-05-2025T11:52:33 - [TEST_STEP][PASSED] - click(findTestObject("Страница авторизации/button_")): Object: 'Object Repository/Страница авторизации/button_' is clicked on

16-05-2025T11:52:34 - [MESSAGE][PASSED] - Object: 'Object Repository/Страница авторизации/button_' is clicked on

16-05-2025T11:52:34 - [TEST_STEP][PASSED] - delay(50): Delayed 50 second(s)

16-05-2025T11:53:24 - [MESSAGE][PASSED] - Delayed 50 second(s)

16-05-2025T11:53:24 - [TEST_STEP][PASSED] - searchWord = "ДЗО": null

16-05-2025T11:53:24 - [TEST_STEP][PASSED] - urlText = getText(findTestObject("Страница авторизации/Text")): Text of object 'Object Repository/Страница авторизации/Text' is: 'ДЗО 
ПАО Россети
Период
1 кв. 2025 года
Отклонения фактического уровня потерь от бизнес-плана, п.п.
0.05
-0.99
-0.40
-1.51
-0.19
-0.38
-0.25
-1.05
-0.60
-1.44
-1.52
Россети ФСК ЕЭС
Россети Волга
Россети Московскийрегион
Россети Северо-Запад
Россети Томск
Россети Тюмень
Россети Урал (ГК)
Россети Центр (ГК)
Россети Центр иПриволжье (ГК)
Россети Юг (ГК)
Россети Янтарь
-2
0
2
4
6
8

Уровень потерь электроэнергии
Россети ФСК ЕЭС
Россети Волга
Россети Московский регион
Россети Северо-Запад
Россети Томск
Россети Урал (ГК)
Россети Юг (ГК)
Россети Янтарь
0
10
20
30
40
50
60
70
3.79
7.22
|
9.39
|
6.73
|
10.74
|
6.88
|
10.84
|
10.39
|
3.84
|
6.22
9.00
5.22
10.55
6.63
9.40
8.87
п.п.
2.60
Итого
0
1
2
3
%
5.63 5.63
8.24 8.24
План
Факт
1
100

● Бизнес-план выполнен● ●● Превышение бизнес-плана
Отклонения фактического уровня потерь от бизнес-плана за 3 месяца (нарастающим итогом), п.п.
-0.0-0.0
-1.0-1.0
-0.4-0.4
-2.5-2.5
-0.3-0.3
-0.2-0.2
-0.3-0.3
-2.6-2.6
-1.9-1.9
-1.4-1.4
-2.4-2.4
0.10.1
-0.7-0.7
-1.5-1.5
-0.2-0.2
-0.4-0.4
-0.5-0.5
-1.8-1.8
-1.5-1.5
-1.5-1.5
0.10.1
-1.0-1.0
-0.4-0.4
-1.5-1.5
-0.2-0.2
-0.4-0.4
-0.3-0.3
-1.0-1.0
-0.6-0.6
-1.4-1.4
-1.5-1.5
Россети ФСКЕЭС
АО«Тываэнерго»
АО«Чеченэнерго»
Россети Волга
РоссетиКубань
РоссетиЛенэнерго(ГК)
РоссетиМосковскийрегион
РоссетиСеверныйКавказ (ГК)
Россети Северо-Запад
Россети Сибирь(ГК)
Россети Томск
Россети Тюмень
Россети Урал(ГК)
Россети Центр
Россети Центри Приволжье(ГК)
Россети Юг (Г…
РоссетиЯнтарь
-2
0
-4
2
п.п.
Отклонения фактического уровня потерь от бизнес-плана за 3 месяца (нарастающим итогом)
-3.4-3.4
-2.5-2.5
-6.0-6.0
-1.5-1.5
-0.6-0.6
-1.6-1.6
-1.4-1.4
-4.5-4.5
-1.8-1.8
-1.9-1.9
-5.3-5.3
-1.1-1.1
-0.5-0.5
-0.7-0.7
-0.9-0.9
-2.8-2.8
-1.2-1.2
-0.8-0.8
-4.0-4.0
-1.1-1.1
-0.4-0.4
-0.5-0.5
-0.2-0.2
-1.5-1.5
Итого по ФСК ЕЭС
АО "Тываэнерго"
АО «ВМЭС»
АО «Воронежская горэлектросеть»
АО «Тульские городские электрические сети»
АО «Чеченэнерго»
АО «Ярославская электросетевая компания»
АО ЕЭСК
Алтайэнерго
Архангельский филиал
Астраханьэнерго
Белгородэнерго
Брянскэнерго
Бурятэнерго
Владимирэнерго
Волгоградэнерго
Вологодский филиал
Воронежэнерго
Дагэнерго
Ивэнерго
Ингушэнерго
-8
0

Статус данных
Просьба обратить внимание
— все данные не занесены
Факт
План
Итого – Факт
Отпуск в сеть 177 286 590
Отпуск из сети 162 684 396
Потери 14 602 194
Итого – План
Отпуск в сеть 279 622 401
Отпуск из сети 263 872 604
Потери 15 749 796
Выполнение бизнес-плана в части показателя «Уровень потерь электроэнергии»
Показатели баланса электроэнергии по ДЗО – Факт 
164 602 454 4 949 974 28 695 297 6 258 254 1 364 454 19 698 947 3 467 484 901 140
158 511 723 4 641 851 26 113 910 5 931 711 1 220 439 18 393 144 3 141 633 821 181
6 090 730 308 123 2 581 387 326 542 144 015 1 305 803 325 852 79 959
Показатели баланса электроэнергии по ДЗО – План
167 925 540 5 172 896 30 256 406 6 540 566 1 428 476 20 275 424 3 760 351 908 608
161 793 849 4 799 582 27 414 523 6 100 575 1 275 060 18 880 336 3 352 866 814 188
6 131 691 373 314 2 841 883 439 991 153 416 1 395 088 407 485 94 420'

16-05-2025T11:53:26 - [MESSAGE][PASSED] - Text of object 'Object Repository/Страница авторизации/Text' is: 'ДЗО 
ПАО Россети
Период
1 кв. 2025 года
Отклонения фактического уровня потерь от бизнес-плана, п.п.
0.05
-0.99
-0.40
-1.51
-0.19
-0.38
-0.25
-1.05
-0.60
-1.44
-1.52
Россети ФСК ЕЭС
Россети Волга
Россети Московскийрегион
Россети Северо-Запад
Россети Томск
Россети Тюмень
Россети Урал (ГК)
Россети Центр (ГК)
Россети Центр иПриволжье (ГК)
Россети Юг (ГК)
Россети Янтарь
-2
0
2
4
6
8

Уровень потерь электроэнергии
Россети ФСК ЕЭС
Россети Волга
Россети Московский регион
Россети Северо-Запад
Россети Томск
Россети Урал (ГК)
Россети Юг (ГК)
Россети Янтарь
0
10
20
30
40
50
60
70
3.79
7.22
|
9.39
|
6.73
|
10.74
|
6.88
|
10.84
|
10.39
|
3.84
|
6.22
9.00
5.22
10.55
6.63
9.40
8.87
п.п.
2.60
Итого
0
1
2
3
%
5.63 5.63
8.24 8.24
План
Факт
1
100

● Бизнес-план выполнен● ●● Превышение бизнес-плана
Отклонения фактического уровня потерь от бизнес-плана за 3 месяца (нарастающим итогом), п.п.
-0.0-0.0
-1.0-1.0
-0.4-0.4
-2.5-2.5
-0.3-0.3
-0.2-0.2
-0.3-0.3
-2.6-2.6
-1.9-1.9
-1.4-1.4
-2.4-2.4
0.10.1
-0.7-0.7
-1.5-1.5
-0.2-0.2
-0.4-0.4
-0.5-0.5
-1.8-1.8
-1.5-1.5
-1.5-1.5
0.10.1
-1.0-1.0
-0.4-0.4
-1.5-1.5
-0.2-0.2
-0.4-0.4
-0.3-0.3
-1.0-1.0
-0.6-0.6
-1.4-1.4
-1.5-1.5
Россети ФСКЕЭС
АО«Тываэнерго»
АО«Чеченэнерго»
Россети Волга
РоссетиКубань
РоссетиЛенэнерго(ГК)
РоссетиМосковскийрегион
РоссетиСеверныйКавказ (ГК)
Россети Северо-Запад
Россети Сибирь(ГК)
Россети Томск
Россети Тюмень
Россети Урал(ГК)
Россети Центр
Россети Центри Приволжье(ГК)
Россети Юг (Г…
РоссетиЯнтарь
-2
0
-4
2
п.п.
Отклонения фактического уровня потерь от бизнес-плана за 3 месяца (нарастающим итогом)
-3.4-3.4
-2.5-2.5
-6.0-6.0
-1.5-1.5
-0.6-0.6
-1.6-1.6
-1.4-1.4
-4.5-4.5
-1.8-1.8
-1.9-1.9
-5.3-5.3
-1.1-1.1
-0.5-0.5
-0.7-0.7
-0.9-0.9
-2.8-2.8
-1.2-1.2
-0.8-0.8
-4.0-4.0
-1.1-1.1
-0.4-0.4
-0.5-0.5
-0.2-0.2
-1.5-1.5
Итого по ФСК ЕЭС
АО "Тываэнерго"
АО «ВМЭС»
АО «Воронежская горэлектросеть»
АО «Тульские городские электрические сети»
АО «Чеченэнерго»
АО «Ярославская электросетевая компания»
АО ЕЭСК
Алтайэнерго
Архангельский филиал
Астраханьэнерго
Белгородэнерго
Брянскэнерго
Бурятэнерго
Владимирэнерго
Волгоградэнерго
Вологодский филиал
Воронежэнерго
Дагэнерго
Ивэнерго
Ингушэнерго
-8
0

Статус данных
Просьба обратить внимание
— все данные не занесены
Факт
План
Итого – Факт
Отпуск в сеть 177 286 590
Отпуск из сети 162 684 396
Потери 14 602 194
Итого – План
Отпуск в сеть 279 622 401
Отпуск из сети 263 872 604
Потери 15 749 796
Выполнение бизнес-плана в части показателя «Уровень потерь электроэнергии»
Показатели баланса электроэнергии по ДЗО – Факт 
164 602 454 4 949 974 28 695 297 6 258 254 1 364 454 19 698 947 3 467 484 901 140
158 511 723 4 641 851 26 113 910 5 931 711 1 220 439 18 393 144 3 141 633 821 181
6 090 730 308 123 2 581 387 326 542 144 015 1 305 803 325 852 79 959
Показатели баланса электроэнергии по ДЗО – План
167 925 540 5 172 896 30 256 406 6 540 566 1 428 476 20 275 424 3 760 351 908 608
161 793 849 4 799 582 27 414 523 6 100 575 1 275 060 18 880 336 3 352 866 814 188
6 131 691 373 314 2 841 883 439 991 153 416 1 395 088 407 485 94 420'

16-05-2025T11:53:26 - [TEST_STEP][PASSED] - if (urlText.contains("ошибка") || urlText.contains(searchWord) == false): null

16-05-2025T11:53:26 - [TEST_STEP][PASSED] - Script1718980020443.ZakrytOpoveshenie(): null

16-05-2025T11:53:26 - [TEST_STEP][PASSED] - delay(10): Delayed 10 second(s)

16-05-2025T11:53:36 - [MESSAGE][PASSED] - Delayed 10 second(s)

16-05-2025T11:53:36 - [TEST_STEP][PASSED] - opoveshenie = getText(findTestObject("Выполнение бизнес-плана/Просьба обратить внимание")): Text of object 'Object Repository/Выполнение бизнес-плана/Просьба обратить внимание' is: 'Просьба обратить внимание'

16-05-2025T11:53:36 - [MESSAGE][PASSED] - Text of object 'Object Repository/Выполнение бизнес-плана/Просьба обратить внимание' is: 'Просьба обратить внимание'

16-05-2025T11:53:36 - [TEST_STEP][PASSED] - println(opoveshenie): null

16-05-2025T11:53:36 - [TEST_STEP][PASSED] - if (opoveshenie == "Просьба обратить внимание"): Object: 'Object Repository/Выполнение бизнес-плана/Закрыть оповещение' is clicked on

16-05-2025T11:53:36 - [TEST_STEP][PASSED] - click(findTestObject("Выполнение бизнес-плана/Закрыть оповещение")): Object: 'Object Repository/Выполнение бизнес-плана/Закрыть оповещение' is clicked on

16-05-2025T11:53:37 - [MESSAGE][PASSED] - Object: 'Object Repository/Выполнение бизнес-плана/Закрыть оповещение' is clicked on

16-05-2025T11:53:37 - [TEST_STEP][PASSED] - click(findTestObject("Object Repository/Выполнение бизнес-плана/Фильтр Дата")): Object: 'Object Repository/Выполнение бизнес-плана/Фильтр Дата' is clicked on

16-05-2025T11:53:37 - [MESSAGE][PASSED] - Object: 'Object Repository/Выполнение бизнес-плана/Фильтр Дата' is clicked on

16-05-2025T11:53:37 - [TEST_STEP][PASSED] - click(findTestObject("Выполнение бизнес-плана/Снять выделение в фильтре Дата")): Object: 'Object Repository/Выполнение бизнес-плана/Снять выделение в фильтре Дата' is clicked on

16-05-2025T11:53:38 - [MESSAGE][PASSED] - Object: 'Object Repository/Выполнение бизнес-плана/Снять выделение в фильтре Дата' is clicked on

16-05-2025T11:53:38 - [TEST_STEP][PASSED] - click(findTestObject("Object Repository/Выполнение бизнес-плана/Применить в фильтре Дата")): Object: 'Object Repository/Выполнение бизнес-плана/Применить в фильтре Дата' is clicked on

16-05-2025T11:53:38 - [MESSAGE][PASSED] - Object: 'Object Repository/Выполнение бизнес-плана/Применить в фильтре Дата' is clicked on

16-05-2025T11:53:38 - [TEST_STEP][PASSED] - delay(50): Delayed 50 second(s)

16-05-2025T11:54:28 - [MESSAGE][PASSED] - Delayed 50 second(s)

16-05-2025T11:54:28 - [TEST_STEP][PASSED] - Script1718980020443.ZakrytOpoveshenie(): null

16-05-2025T11:54:28 - [TEST_STEP][PASSED] - delay(10): Delayed 10 second(s)

16-05-2025T11:54:38 - [MESSAGE][PASSED] - Delayed 10 second(s)

16-05-2025T11:54:38 - [TEST_STEP][PASSED] - opoveshenie = getText(findTestObject("Выполнение бизнес-плана/Просьба обратить внимание")): Text of object 'Object Repository/Выполнение бизнес-плана/Просьба обратить внимание' is: 'Просьба обратить внимание'

16-05-2025T11:54:39 - [MESSAGE][PASSED] - Text of object 'Object Repository/Выполнение бизнес-плана/Просьба обратить внимание' is: 'Просьба обратить внимание'

16-05-2025T11:54:39 - [TEST_STEP][PASSED] - println(opoveshenie): null

16-05-2025T11:54:39 - [TEST_STEP][PASSED] - if (opoveshenie == "Просьба обратить внимание"): Object: 'Object Repository/Выполнение бизнес-плана/Закрыть оповещение' is clicked on

16-05-2025T11:54:39 - [TEST_STEP][PASSED] - click(findTestObject("Выполнение бизнес-плана/Закрыть оповещение")): Object: 'Object Repository/Выполнение бизнес-плана/Закрыть оповещение' is clicked on

16-05-2025T11:54:39 - [MESSAGE][PASSED] - Object: 'Object Repository/Выполнение бизнес-плана/Закрыть оповещение' is clicked on

16-05-2025T11:54:39 - [TEST_STEP][PASSED] - click(findTestObject("Object Repository/Выполнение бизнес-плана/Фильтр Дата")): Object: 'Object Repository/Выполнение бизнес-плана/Фильтр Дата' is clicked on

16-05-2025T11:54:39 - [MESSAGE][PASSED] - Object: 'Object Repository/Выполнение бизнес-плана/Фильтр Дата' is clicked on

16-05-2025T11:54:39 - [TEST_STEP][PASSED] - scrollToElement(findTestObject("Выполнение бизнес-плана/2025 список"), 30): Scroll to object 'Object Repository/Выполнение бизнес-плана/2025 список' successfully

16-05-2025T11:54:40 - [MESSAGE][PASSED] - Scroll to object 'Object Repository/Выполнение бизнес-плана/2025 список' successfully

16-05-2025T11:54:40 - [TEST_STEP][PASSED] - click(findTestObject("Выполнение бизнес-плана/2025 список"), CONTINUE_ON_FAILURE): Object: 'Object Repository/Выполнение бизнес-плана/2025 список' is clicked on

16-05-2025T11:54:41 - [MESSAGE][PASSED] - Object: 'Object Repository/Выполнение бизнес-плана/2025 список' is clicked on

16-05-2025T11:54:41 - [TEST_STEP][PASSED] - scrollToElement(findTestObject("Выполнение бизнес-плана/1 квартал 2025 список"), 30): Scroll to object 'Object Repository/Выполнение бизнес-плана/1 квартал 2025 список' successfully

16-05-2025T11:54:41 - [MESSAGE][PASSED] - Scroll to object 'Object Repository/Выполнение бизнес-плана/1 квартал 2025 список' successfully

16-05-2025T11:54:41 - [TEST_STEP][PASSED] - click(findTestObject("Выполнение бизнес-плана/1 квартал 2025"), CONTINUE_ON_FAILURE): Object: 'Object Repository/Выполнение бизнес-плана/1 квартал 2025' is clicked on

16-05-2025T11:54:41 - [MESSAGE][PASSED] - Object: 'Object Repository/Выполнение бизнес-плана/1 квартал 2025' is clicked on

16-05-2025T11:54:41 - [TEST_STEP][PASSED] - scrollToElement(findTestObject("Выполнение бизнес-плана/Заголовок дашборда"), 30): Scroll to object 'Object Repository/Выполнение бизнес-плана/Заголовок дашборда' successfully

16-05-2025T11:54:42 - [MESSAGE][PASSED] - Scroll to object 'Object Repository/Выполнение бизнес-плана/Заголовок дашборда' successfully

16-05-2025T11:54:42 - [TEST_STEP][PASSED] - click(findTestObject("Object Repository/Выполнение бизнес-плана/Применить в фильтре Дата")): Object: 'Object Repository/Выполнение бизнес-плана/Применить в фильтре Дата' is clicked on

16-05-2025T11:54:43 - [MESSAGE][PASSED] - Object: 'Object Repository/Выполнение бизнес-плана/Применить в фильтре Дата' is clicked on

16-05-2025T11:54:43 - [TEST_STEP][PASSED] - delay(50): Delayed 50 second(s)

16-05-2025T11:55:33 - [MESSAGE][PASSED] - Delayed 50 second(s)

16-05-2025T11:55:33 - [TEST_STEP][PASSED] - Script1718980020443.ZakrytOpoveshenie(): null

16-05-2025T11:55:33 - [TEST_STEP][PASSED] - delay(10): Delayed 10 second(s)

16-05-2025T11:55:43 - [MESSAGE][PASSED] - Delayed 10 second(s)

16-05-2025T11:55:43 - [TEST_STEP][PASSED] - opoveshenie = getText(findTestObject("Выполнение бизнес-плана/Просьба обратить внимание")): Text of object 'Object Repository/Выполнение бизнес-плана/Просьба обратить внимание' is: 'Просьба обратить внимание'

16-05-2025T11:55:43 - [MESSAGE][PASSED] - Text of object 'Object Repository/Выполнение бизнес-плана/Просьба обратить внимание' is: 'Просьба обратить внимание'

16-05-2025T11:55:43 - [TEST_STEP][PASSED] - println(opoveshenie): null

16-05-2025T11:55:43 - [TEST_STEP][PASSED] - if (opoveshenie == "Просьба обратить внимание"): Object: 'Object Repository/Выполнение бизнес-плана/Закрыть оповещение' is clicked on

16-05-2025T11:55:43 - [TEST_STEP][PASSED] - click(findTestObject("Выполнение бизнес-плана/Закрыть оповещение")): Object: 'Object Repository/Выполнение бизнес-плана/Закрыть оповещение' is clicked on

16-05-2025T11:55:43 - [MESSAGE][PASSED] - Object: 'Object Repository/Выполнение бизнес-плана/Закрыть оповещение' is clicked on

16-05-2025T11:55:43 - [TEST_STEP][PASSED] - delay(30): Delayed 30 second(s)

16-05-2025T11:56:13 - [MESSAGE][PASSED] - Delayed 30 second(s)

16-05-2025T11:56:13 - [TEST_STEP][PASSED] - Script1718980020443.OpenFilter(): null

16-05-2025T11:56:13 - [TEST_STEP][PASSED] - click(findTestObject("Object Repository/Выполнение бизнес-плана/Фильтр ДЗО")): Object: 'Object Repository/Выполнение бизнес-плана/Фильтр ДЗО' is clicked on

16-05-2025T11:56:14 - [MESSAGE][PASSED] - Object: 'Object Repository/Выполнение бизнес-плана/Фильтр ДЗО' is clicked on

16-05-2025T11:56:14 - [TEST_STEP][PASSED] - click(findTestObject("Выполнение бизнес-плана/Снять выделение в фильтре ДЗО")): Object: 'Object Repository/Выполнение бизнес-плана/Снять выделение в фильтре ДЗО' is clicked on

16-05-2025T11:56:14 - [MESSAGE][PASSED] - Object: 'Object Repository/Выполнение бизнес-плана/Снять выделение в фильтре ДЗО' is clicked on

16-05-2025T11:56:14 - [TEST_STEP][PASSED] - click(findTestObject("Выполнение бизнес-плана/Раскрыть список ПАО Россети в фильтре ДЗО")): Object: 'Object Repository/Выполнение бизнес-плана/Раскрыть список ПАО Россети в фильтре ДЗО' is clicked on

16-05-2025T11:56:15 - [MESSAGE][PASSED] - Object: 'Object Repository/Выполнение бизнес-плана/Раскрыть список ПАО Россети в фильтре ДЗО' is clicked on

16-05-2025T11:56:15 - [TEST_STEP][PASSED] - click(findTestObject("Выполнение бизнес-плана/ПАО Россети")): Object: 'Object Repository/Выполнение бизнес-плана/ПАО Россети' is clicked on

16-05-2025T11:56:15 - [MESSAGE][PASSED] - Object: 'Object Repository/Выполнение бизнес-плана/ПАО Россети' is clicked on

16-05-2025T11:56:15 - [TEST_STEP][PASSED] - click(findTestObject("Object Repository/Выполнение бизнес-плана/Применить в фильтре ДЗО")): Object: 'Object Repository/Выполнение бизнес-плана/Применить в фильтре ДЗО' is clicked on

16-05-2025T11:56:16 - [MESSAGE][PASSED] - Object: 'Object Repository/Выполнение бизнес-плана/Применить в фильтре ДЗО' is clicked on

16-05-2025T11:56:16 - [TEST_STEP][PASSED] - delay(30): Delayed 30 second(s)

16-05-2025T11:56:46 - [MESSAGE][PASSED] - Delayed 30 second(s)

16-05-2025T11:56:46 - [TEST_STEP][PASSED] - x1 = getText(findTestObject("Выполнение бизнес-плана/Список ДЗО старый")): Text of object 'Object Repository/Выполнение бизнес-плана/Список ДЗО старый' is: 'Россети ФСК ЕЭС
Россети Волга
Россети Московский регион
Россети Северо-Запад
Россети Томск
Россети Урал (ГК)
Россети Юг (ГК)
Россети Янтарь
0
10
20
30
40
50
60
70'

16-05-2025T11:56:46 - [MESSAGE][PASSED] - Text of object 'Object Repository/Выполнение бизнес-плана/Список ДЗО старый' is: 'Россети ФСК ЕЭС
Россети Волга
Россети Московский регион
Россети Северо-Запад
Россети Томск
Россети Урал (ГК)
Россети Юг (ГК)
Россети Янтарь
0
10
20
30
40
50
60
70'

16-05-2025T11:56:46 - [TEST_STEP][PASSED] - dZO = "ПАО Россети": null

16-05-2025T11:56:46 - [TEST_STEP][PASSED] - a = 84: null

16-05-2025T11:56:46 - [TEST_STEP][PASSED] - Script1718980020443.Numbers(a, typeOfData, todaysDate, pageInt, fileInt, pageDouble, fileDouble, dZO, dzoNum, filialNum): null

16-05-2025T11:56:46 - [TEST_STEP][PASSED] - println(dzoNum): null

16-05-2025T11:56:46 - [TEST_STEP][PASSED] - planFact = <not implemented yet for class: org.codehaus.groovy.ast.expr.EmptyExpression>: null

16-05-2025T11:56:46 - [TEST_STEP][PASSED] - page = <not implemented yet for class: org.codehaus.groovy.ast.expr.EmptyExpression>: null

16-05-2025T11:56:46 - [TEST_STEP][PASSED] - page1 = <not implemented yet for class: org.codehaus.groovy.ast.expr.EmptyExpression>: null

16-05-2025T11:56:46 - [TEST_STEP][PASSED] - page2 = <not implemented yet for class: org.codehaus.groovy.ast.expr.EmptyExpression>: null

16-05-2025T11:56:46 - [TEST_STEP][PASSED] - filialNumberInRow = <not implemented yet for class: org.codehaus.groovy.ast.expr.EmptyExpression>: null

16-05-2025T11:56:46 - [TEST_STEP][PASSED] - filialsDzoNames = <not implemented yet for class: org.codehaus.groovy.ast.expr.EmptyExpression>: null

16-05-2025T11:56:46 - [TEST_STEP][PASSED] - numberOfFilials = <not implemented yet for class: org.codehaus.groovy.ast.expr.EmptyExpression>: null

16-05-2025T11:56:46 - [TEST_STEP][PASSED] - numberOfSpaces = <not implemented yet for class: org.codehaus.groovy.ast.expr.EmptyExpression>: null

16-05-2025T11:56:46 - [TEST_STEP][PASSED] - file = <not implemented yet for class: org.codehaus.groovy.ast.expr.EmptyExpression>: null

16-05-2025T11:56:46 - [TEST_STEP][PASSED] - otpusk = <not implemented yet for class: org.codehaus.groovy.ast.expr.EmptyExpression>: null

16-05-2025T11:56:46 - [TEST_STEP][PASSED] - poteri = <not implemented yet for class: org.codehaus.groovy.ast.expr.EmptyExpression>: null

16-05-2025T11:56:46 - [TEST_STEP][PASSED] - dataFolder = "Выполнение бизнес-плана/Значения со страницы Выполнение бизнес-плана/": null

16-05-2025T11:56:46 - [TEST_STEP][PASSED] - path = <not implemented yet for class: org.codehaus.groovy.ast.expr.EmptyExpression>: null

16-05-2025T11:56:46 - [TEST_STEP][PASSED] - typeOfDataMain = <not implemented yet for class: org.codehaus.groovy.ast.expr.EmptyExpression>: null

16-05-2025T11:56:46 - [TEST_STEP][PASSED] - fileOtpuskVSet = <not implemented yet for class: org.codehaus.groovy.ast.expr.EmptyExpression>: null

16-05-2025T11:56:46 - [TEST_STEP][PASSED] - pageOtpuskVSet = <not implemented yet for class: org.codehaus.groovy.ast.expr.EmptyExpression>: null

16-05-2025T11:56:46 - [TEST_STEP][PASSED] - filePoteri = <not implemented yet for class: org.codehaus.groovy.ast.expr.EmptyExpression>: null

16-05-2025T11:56:46 - [TEST_STEP][PASSED] - pagePoteri = <not implemented yet for class: org.codehaus.groovy.ast.expr.EmptyExpression>: null

16-05-2025T11:56:46 - [TEST_STEP][PASSED] - compare = <not implemented yet for class: org.codehaus.groovy.ast.expr.EmptyExpression>: null

16-05-2025T11:56:46 - [TEST_STEP][PASSED] - b = <not implemented yet for class: org.codehaus.groovy.ast.expr.EmptyExpression>: null

16-05-2025T11:56:46 - [TEST_STEP][PASSED] - i = <not implemented yet for class: org.codehaus.groovy.ast.expr.EmptyExpression>: null

16-05-2025T11:56:46 - [TEST_STEP][PASSED] - ii = <not implemented yet for class: org.codehaus.groovy.ast.expr.EmptyExpression>: null

16-05-2025T11:56:46 - [TEST_STEP][PASSED] - c = <not implemented yet for class: org.codehaus.groovy.ast.expr.EmptyExpression>: null

16-05-2025T11:56:46 - [TEST_STEP][PASSED] - numberOfErrors = 0: null

16-05-2025T11:56:46 - [TEST_STEP][PASSED] - if (a == 82): null

16-05-2025T11:56:46 - [TEST_STEP][PASSED] - b = findTestData("PlanFact").getValue(1, a): null

16-05-2025T11:56:46 - [TEST_STEP][PASSED] - i = b.indexOf(" (ГК)"): null

16-05-2025T11:56:46 - [TEST_STEP][PASSED] - if (i > -1): null

16-05-2025T11:56:46 - [TEST_STEP][PASSED] - i = b.indexOf("О ""): null

16-05-2025T11:56:46 - [TEST_STEP][PASSED] - if (i > -1): null

16-05-2025T11:56:46 - [TEST_STEP][PASSED] - i = b.indexOf("О «"): null

16-05-2025T11:56:46 - [TEST_STEP][PASSED] - if (i > -1): null

16-05-2025T11:56:46 - [TEST_STEP][PASSED] - i = b.indexOf("г. "): null

16-05-2025T11:56:46 - [TEST_STEP][PASSED] - if (i > -1): null

16-05-2025T11:56:46 - [TEST_STEP][PASSED] - b = b.trim(): null

16-05-2025T11:56:46 - [TEST_STEP][PASSED] - println(b): null

16-05-2025T11:56:46 - [TEST_STEP][PASSED] - for ([planFact = 1, planFact < 3, (planFact++)]): null

16-05-2025T11:56:46 - [TEST_STEP][PASSED] - if (planFact == 1): null

16-05-2025T11:56:46 - [TEST_STEP][PASSED] - typeOfDataMain = "Факт": null

16-05-2025T11:56:46 - [TEST_STEP][PASSED] - otpusk = findTestData("PlanFact").getValue(5, a): null

16-05-2025T11:56:46 - [TEST_STEP][PASSED] - poteri = findTestData("PlanFact").getValue(6, a): null

16-05-2025T11:56:46 - [TEST_STEP][PASSED] - otpusk = otpusk.replaceAll("\s+", ""): null

16-05-2025T11:56:46 - [TEST_STEP][PASSED] - poteri = poteri.replaceAll("\s+", ""): null

16-05-2025T11:56:46 - [TEST_STEP][PASSED] - typeOfData = typeOfDataMain + " Отпуск в сеть": null

16-05-2025T11:56:46 - [TEST_STEP][PASSED] - if (a == 82): null

16-05-2025T11:56:46 - [TEST_STEP][PASSED] - else if (a == 84): null

16-05-2025T11:56:46 - [TEST_STEP][PASSED] - path = dataFolder + typeOfData + " за отчётный период " + "ПАО Россети": null

16-05-2025T11:56:46 - [TEST_STEP][PASSED] - println(path): null

16-05-2025T11:56:46 - [TEST_STEP][PASSED] - page = getText(findTestObject(path)): Text of object 'Object Repository/Выполнение бизнес-плана/Значения со страницы Выполнение бизнес-плана/Факт Отпуск в сеть за отчётный период ПАО Россети' is: '177 286 590'

16-05-2025T11:56:47 - [MESSAGE][PASSED] - Text of object 'Object Repository/Выполнение бизнес-плана/Значения со страницы Выполнение бизнес-плана/Факт Отпуск в сеть за отчётный период ПАО Россети' is: '177 286 590'

16-05-2025T11:56:47 - [TEST_STEP][PASSED] - if (page == "" || page == null): null

16-05-2025T11:56:47 - [TEST_STEP][PASSED] - else: null

16-05-2025T11:56:47 - [TEST_STEP][PASSED] - page = page.replaceAll("\s+", ""): null

16-05-2025T11:56:47 - [TEST_STEP][PASSED] - if (page == "undefined"): null

16-05-2025T11:56:47 - [TEST_STEP][PASSED] - fileOtpuskVSet = otpusk.toInteger(): null

16-05-2025T11:56:47 - [TEST_STEP][PASSED] - pageOtpuskVSet = page.toInteger(): null

16-05-2025T11:56:47 - [TEST_STEP][PASSED] - typeOfData = typeOfDataMain + " Потери": null

16-05-2025T11:56:47 - [TEST_STEP][PASSED] - if (a == 82): null

16-05-2025T11:56:47 - [TEST_STEP][PASSED] - else if (a == 84): null

16-05-2025T11:56:47 - [TEST_STEP][PASSED] - path = dataFolder + typeOfData + " за отчётный период " + "ПАО Россети": null

16-05-2025T11:56:47 - [TEST_STEP][PASSED] - page = getText(findTestObject(path)): Text of object 'Object Repository/Выполнение бизнес-плана/Значения со страницы Выполнение бизнес-плана/Факт Потери за отчётный период ПАО Россети' is: '14 602 194'

16-05-2025T11:56:47 - [MESSAGE][PASSED] - Text of object 'Object Repository/Выполнение бизнес-плана/Значения со страницы Выполнение бизнес-плана/Факт Потери за отчётный период ПАО Россети' is: '14 602 194'

16-05-2025T11:56:47 - [TEST_STEP][PASSED] - if (page == "" || page == null): null

16-05-2025T11:56:47 - [TEST_STEP][PASSED] - else: null

16-05-2025T11:56:47 - [TEST_STEP][PASSED] - page = page.replaceAll("\s+", ""): null

16-05-2025T11:56:47 - [TEST_STEP][PASSED] - if (page == "undefined"): null

16-05-2025T11:56:47 - [TEST_STEP][PASSED] - filePoteri = poteri.toInteger(): null

16-05-2025T11:56:47 - [TEST_STEP][PASSED] - pagePoteri = page.toInteger(): null

16-05-2025T11:56:47 - [TEST_STEP][PASSED] - compare = pageOtpuskVSet: null

16-05-2025T11:56:47 - [TEST_STEP][PASSED] - if (pageOtpuskVSet != null): null

16-05-2025T11:56:47 - [TEST_STEP][PASSED] - if (compare == fileOtpuskVSet): null

16-05-2025T11:56:47 - [TEST_STEP][PASSED] - else if (compare > fileOtpuskVSet): null

16-05-2025T11:56:47 - [TEST_STEP][PASSED] - else if (compare < fileOtpuskVSet): null

16-05-2025T11:56:47 - [TEST_STEP][PASSED] - compare = compare + 1: null

16-05-2025T11:56:47 - [TEST_STEP][PASSED] - if (compare == fileOtpuskVSet): null

16-05-2025T11:56:47 - [TEST_STEP][PASSED] - else: null

16-05-2025T11:56:47 - [TEST_STEP][PASSED] - numberOfErrors = numberOfErrors + 1: null

16-05-2025T11:56:47 - [TEST_STEP][PASSED] - pageInt = pageOtpuskVSet: null

16-05-2025T11:56:47 - [TEST_STEP][PASSED] - fileInt = fileOtpuskVSet: null

16-05-2025T11:56:47 - [TEST_STEP][PASSED] - typeOfData = typeOfDataMain + " Отпуск в сеть": null

16-05-2025T11:56:47 - [TEST_STEP][PASSED] - Script1718980020443.WriteToExcel(a, typeOfData, todaysDate, pageInt, fileInt, pageDouble, fileDouble, dZO): null

16-05-2025T11:56:47 - [TEST_STEP][PASSED] - sheetName = "Sheet1": null

16-05-2025T11:56:47 - [TEST_STEP][PASSED] - data = findTestData("PlanFact"): null

16-05-2025T11:56:47 - [TEST_STEP][PASSED] - n = data.getRowNumbers() + 1: null

16-05-2025T11:56:47 - [TEST_STEP][PASSED] - day = ")).toInteger(): null

16-05-2025T11:56:47 - [TEST_STEP][PASSED] - println(day): null

16-05-2025T11:56:47 - [TEST_STEP][PASSED] - month = ")).toInteger(): null

16-05-2025T11:56:47 - [TEST_STEP][PASSED] - println(month): null

16-05-2025T11:56:47 - [TEST_STEP][PASSED] - y = <not implemented yet for class: org.codehaus.groovy.ast.expr.EmptyExpression>: null

16-05-2025T11:56:47 - [TEST_STEP][PASSED] - iy = <not implemented yet for class: org.codehaus.groovy.ast.expr.EmptyExpression>: null

16-05-2025T11:56:47 - [TEST_STEP][PASSED] - m = getText(findTestObject("Выполнение бизнес-плана/Период")): Text of object 'Object Repository/Выполнение бизнес-плана/Период' is: '1 кв. 2025 года'

16-05-2025T11:56:47 - [MESSAGE][PASSED] - Text of object 'Object Repository/Выполнение бизнес-плана/Период' is: '1 кв. 2025 года'

16-05-2025T11:56:47 - [TEST_STEP][PASSED] - iy = m.indexOf("20"): null

16-05-2025T11:56:47 - [TEST_STEP][PASSED] - if (iy > -1): null

16-05-2025T11:56:47 - [TEST_STEP][PASSED] - y = substring(iy, iy + 4).toInteger(): null

16-05-2025T11:56:47 - [TEST_STEP][PASSED] - println(y): null

16-05-2025T11:56:47 - [TEST_STEP][PASSED] - if (toString().length() == 4): null

16-05-2025T11:56:47 - [TEST_STEP][PASSED] - m = m.substring(0, m.indexOf(y.toString())): null

16-05-2025T11:56:47 - [TEST_STEP][PASSED] - m = m.trim(): null

16-05-2025T11:56:47 - [TEST_STEP][PASSED] - if (m == ""): null

16-05-2025T11:56:47 - [TEST_STEP][PASSED] - dashboardName = "Выполнение бизнес-плана": null

16-05-2025T11:56:47 - [TEST_STEP][PASSED] - workbook01 = getWorkbook(excelFilePath): null

16-05-2025T11:56:48 - [TEST_STEP][PASSED] - sheet01 = getExcelSheet(workbook01, sheetName): null

16-05-2025T11:56:48 - [TEST_STEP][PASSED] - setValueToCellByIndex(sheet01, n, 0, dashboardName): null

16-05-2025T11:56:48 - [TEST_STEP][PASSED] - setValueToCellByIndex(sheet01, n, 1, dZO): null

16-05-2025T11:56:48 - [TEST_STEP][PASSED] - setValueToCellByIndex(sheet01, n, 2, typeOfData): null

16-05-2025T11:56:48 - [TEST_STEP][PASSED] - if (typeOfData == "Факт в процентах" || typeOfData == "План в процентах"): null

16-05-2025T11:56:48 - [TEST_STEP][PASSED] - else: null

16-05-2025T11:56:48 - [TEST_STEP][PASSED] - setValueToCellByIndex(sheet01, n, 3, fileInt): null

16-05-2025T11:56:48 - [TEST_STEP][PASSED] - setValueToCellByIndex(sheet01, n, 4, pageInt): null

16-05-2025T11:56:48 - [TEST_STEP][PASSED] - setValueToCellByIndex(sheet01, n, 5, m): null

16-05-2025T11:56:48 - [TEST_STEP][PASSED] - setValueToCellByIndex(sheet01, n, 6, y): null

16-05-2025T11:56:48 - [TEST_STEP][PASSED] - setValueToCellByIndex(sheet01, n, 7, todaysDate): null

16-05-2025T11:56:48 - [TEST_STEP][PASSED] - n = n + 1: null

16-05-2025T11:56:48 - [TEST_STEP][PASSED] - saveWorkbook(excelFilePath, workbook01): null

16-05-2025T11:56:48 - [TEST_STEP][PASSED] - compare = pagePoteri: null

16-05-2025T11:56:48 - [TEST_STEP][PASSED] - if (pageOtpuskVSet != null): null

16-05-2025T11:56:48 - [TEST_STEP][PASSED] - if (compare == filePoteri): null

16-05-2025T11:56:48 - [TEST_STEP][PASSED] - else if (compare > filePoteri): null

16-05-2025T11:56:48 - [TEST_STEP][PASSED] - else if (compare < filePoteri): null

16-05-2025T11:56:48 - [TEST_STEP][PASSED] - compare = compare + 1: null

16-05-2025T11:56:48 - [TEST_STEP][PASSED] - if (compare == filePoteri): null

16-05-2025T11:56:48 - [TEST_STEP][PASSED] - else: null

16-05-2025T11:56:48 - [TEST_STEP][PASSED] - numberOfErrors = numberOfErrors + 1: null

16-05-2025T11:56:48 - [TEST_STEP][PASSED] - pageInt = pagePoteri: null

16-05-2025T11:56:48 - [TEST_STEP][PASSED] - fileInt = filePoteri: null

16-05-2025T11:56:48 - [TEST_STEP][PASSED] - typeOfData = typeOfDataMain + " Потери": null

16-05-2025T11:56:48 - [TEST_STEP][PASSED] - Script1718980020443.WriteToExcel(a, typeOfData, todaysDate, pageInt, fileInt, pageDouble, fileDouble, dZO): null

16-05-2025T11:56:48 - [TEST_STEP][PASSED] - sheetName = "Sheet1": null

16-05-2025T11:56:48 - [TEST_STEP][PASSED] - data = findTestData("PlanFact"): null

16-05-2025T11:56:48 - [TEST_STEP][PASSED] - n = data.getRowNumbers() + 1: null

16-05-2025T11:56:48 - [TEST_STEP][PASSED] - day = ")).toInteger(): null

16-05-2025T11:56:48 - [TEST_STEP][PASSED] - println(day): null

16-05-2025T11:56:48 - [TEST_STEP][PASSED] - month = ")).toInteger(): null

16-05-2025T11:56:48 - [TEST_STEP][PASSED] - println(month): null

16-05-2025T11:56:48 - [TEST_STEP][PASSED] - y = <not implemented yet for class: org.codehaus.groovy.ast.expr.EmptyExpression>: null

16-05-2025T11:56:48 - [TEST_STEP][PASSED] - iy = <not implemented yet for class: org.codehaus.groovy.ast.expr.EmptyExpression>: null

16-05-2025T11:56:48 - [TEST_STEP][PASSED] - m = getText(findTestObject("Выполнение бизнес-плана/Период")): Text of object 'Object Repository/Выполнение бизнес-плана/Период' is: '1 кв. 2025 года'

16-05-2025T11:56:48 - [MESSAGE][PASSED] - Text of object 'Object Repository/Выполнение бизнес-плана/Период' is: '1 кв. 2025 года'

16-05-2025T11:56:48 - [TEST_STEP][PASSED] - iy = m.indexOf("20"): null

16-05-2025T11:56:48 - [TEST_STEP][PASSED] - if (iy > -1): null

16-05-2025T11:56:48 - [TEST_STEP][PASSED] - y = substring(iy, iy + 4).toInteger(): null

16-05-2025T11:56:48 - [TEST_STEP][PASSED] - println(y): null

16-05-2025T11:56:48 - [TEST_STEP][PASSED] - if (toString().length() == 4): null

16-05-2025T11:56:48 - [TEST_STEP][PASSED] - m = m.substring(0, m.indexOf(y.toString())): null

16-05-2025T11:56:48 - [TEST_STEP][PASSED] - m = m.trim(): null

16-05-2025T11:56:48 - [TEST_STEP][PASSED] - if (m == ""): null

16-05-2025T11:56:48 - [TEST_STEP][PASSED] - dashboardName = "Выполнение бизнес-плана": null

16-05-2025T11:56:48 - [TEST_STEP][PASSED] - workbook01 = getWorkbook(excelFilePath): null

16-05-2025T11:56:48 - [TEST_STEP][PASSED] - sheet01 = getExcelSheet(workbook01, sheetName): null

16-05-2025T11:56:48 - [TEST_STEP][PASSED] - setValueToCellByIndex(sheet01, n, 0, dashboardName): null

16-05-2025T11:56:48 - [TEST_STEP][PASSED] - setValueToCellByIndex(sheet01, n, 1, dZO): null

16-05-2025T11:56:48 - [TEST_STEP][PASSED] - setValueToCellByIndex(sheet01, n, 2, typeOfData): null

16-05-2025T11:56:48 - [TEST_STEP][PASSED] - if (typeOfData == "Факт в процентах" || typeOfData == "План в процентах"): null

16-05-2025T11:56:48 - [TEST_STEP][PASSED] - else: null

16-05-2025T11:56:48 - [TEST_STEP][PASSED] - setValueToCellByIndex(sheet01, n, 3, fileInt): null

16-05-2025T11:56:48 - [TEST_STEP][PASSED] - setValueToCellByIndex(sheet01, n, 4, pageInt): null

16-05-2025T11:56:48 - [TEST_STEP][PASSED] - setValueToCellByIndex(sheet01, n, 5, m): null

16-05-2025T11:56:48 - [TEST_STEP][PASSED] - setValueToCellByIndex(sheet01, n, 6, y): null

16-05-2025T11:56:48 - [TEST_STEP][PASSED] - setValueToCellByIndex(sheet01, n, 7, todaysDate): null

16-05-2025T11:56:48 - [TEST_STEP][PASSED] - n = n + 1: null

16-05-2025T11:56:48 - [TEST_STEP][PASSED] - saveWorkbook(excelFilePath, workbook01): null

16-05-2025T11:56:48 - [TEST_STEP][PASSED] - if (planFact == 2): null

16-05-2025T11:56:48 - [TEST_STEP][PASSED] - if (planFact == 1): null

16-05-2025T11:56:48 - [TEST_STEP][PASSED] - else if (planFact == 2): null

16-05-2025T11:56:48 - [TEST_STEP][PASSED] - click(findTestObject("Выполнение бизнес-плана/Кнопка План")): Object: 'Object Repository/Выполнение бизнес-плана/Кнопка План' is clicked on

16-05-2025T11:56:49 - [MESSAGE][PASSED] - Object: 'Object Repository/Выполнение бизнес-плана/Кнопка План' is clicked on

16-05-2025T11:56:49 - [TEST_STEP][PASSED] - typeOfDataMain = "План": null

16-05-2025T11:56:49 - [TEST_STEP][PASSED] - otpusk = findTestData("PlanFact").getValue(2, a): null

16-05-2025T11:56:49 - [TEST_STEP][PASSED] - poteri = findTestData("PlanFact").getValue(3, a): null

16-05-2025T11:56:49 - [TEST_STEP][PASSED] - otpusk = otpusk.replaceAll("\s+", ""): null

16-05-2025T11:56:49 - [TEST_STEP][PASSED] - poteri = poteri.replaceAll("\s+", ""): null

16-05-2025T11:56:49 - [TEST_STEP][PASSED] - typeOfData = typeOfDataMain + " Отпуск в сеть": null

16-05-2025T11:56:49 - [TEST_STEP][PASSED] - if (a == 82): null

16-05-2025T11:56:49 - [TEST_STEP][PASSED] - else if (a == 84): null

16-05-2025T11:56:49 - [TEST_STEP][PASSED] - path = dataFolder + typeOfData + " за отчётный период " + "ПАО Россети": null

16-05-2025T11:56:49 - [TEST_STEP][PASSED] - println(path): null

16-05-2025T11:56:49 - [TEST_STEP][PASSED] - page = getText(findTestObject(path)): Text of object 'Object Repository/Выполнение бизнес-плана/Значения со страницы Выполнение бизнес-плана/План Отпуск в сеть за отчётный период ПАО Россети' is: '279 622 401'

16-05-2025T11:56:49 - [MESSAGE][PASSED] - Text of object 'Object Repository/Выполнение бизнес-плана/Значения со страницы Выполнение бизнес-плана/План Отпуск в сеть за отчётный период ПАО Россети' is: '279 622 401'

16-05-2025T11:56:49 - [TEST_STEP][PASSED] - if (page == "" || page == null): null

16-05-2025T11:56:49 - [TEST_STEP][PASSED] - else: null

16-05-2025T11:56:49 - [TEST_STEP][PASSED] - page = page.replaceAll("\s+", ""): null

16-05-2025T11:56:49 - [TEST_STEP][PASSED] - if (page == "undefined"): null

16-05-2025T11:56:49 - [TEST_STEP][PASSED] - fileOtpuskVSet = otpusk.toInteger(): null

16-05-2025T11:56:49 - [TEST_STEP][PASSED] - pageOtpuskVSet = page.toInteger(): null

16-05-2025T11:56:49 - [TEST_STEP][PASSED] - typeOfData = typeOfDataMain + " Потери": null

16-05-2025T11:56:49 - [TEST_STEP][PASSED] - if (a == 82): null

16-05-2025T11:56:49 - [TEST_STEP][PASSED] - else if (a == 84): null

16-05-2025T11:56:49 - [TEST_STEP][PASSED] - path = dataFolder + typeOfData + " за отчётный период " + "ПАО Россети": null

16-05-2025T11:56:49 - [TEST_STEP][PASSED] - page = getText(findTestObject(path)): Text of object 'Object Repository/Выполнение бизнес-плана/Значения со страницы Выполнение бизнес-плана/План Потери за отчётный период ПАО Россети' is: '15 749 796'

16-05-2025T11:56:49 - [MESSAGE][PASSED] - Text of object 'Object Repository/Выполнение бизнес-плана/Значения со страницы Выполнение бизнес-плана/План Потери за отчётный период ПАО Россети' is: '15 749 796'

16-05-2025T11:56:49 - [TEST_STEP][PASSED] - if (page == "" || page == null): null

16-05-2025T11:56:49 - [TEST_STEP][PASSED] - else: null

16-05-2025T11:56:49 - [TEST_STEP][PASSED] - page = page.replaceAll("\s+", ""): null

16-05-2025T11:56:49 - [TEST_STEP][PASSED] - if (page == "undefined"): null

16-05-2025T11:56:49 - [TEST_STEP][PASSED] - filePoteri = poteri.toInteger(): null

16-05-2025T11:56:49 - [TEST_STEP][PASSED] - pagePoteri = page.toInteger(): null

16-05-2025T11:56:49 - [TEST_STEP][PASSED] - compare = pageOtpuskVSet: null

16-05-2025T11:56:49 - [TEST_STEP][PASSED] - if (pageOtpuskVSet != null): null

16-05-2025T11:56:49 - [TEST_STEP][PASSED] - if (compare == fileOtpuskVSet): null

16-05-2025T11:56:49 - [TEST_STEP][PASSED] - else if (compare > fileOtpuskVSet): null

16-05-2025T11:56:49 - [TEST_STEP][PASSED] - compare = compare - 1: null

16-05-2025T11:56:49 - [TEST_STEP][PASSED] - if (compare == fileOtpuskVSet): null

16-05-2025T11:56:49 - [TEST_STEP][PASSED] - else: null

16-05-2025T11:56:49 - [TEST_STEP][PASSED] - numberOfErrors = numberOfErrors + 1: null

16-05-2025T11:56:49 - [TEST_STEP][PASSED] - pageInt = pageOtpuskVSet: null

16-05-2025T11:56:49 - [TEST_STEP][PASSED] - fileInt = fileOtpuskVSet: null

16-05-2025T11:56:49 - [TEST_STEP][PASSED] - typeOfData = typeOfDataMain + " Отпуск в сеть": null

16-05-2025T11:56:49 - [TEST_STEP][PASSED] - Script1718980020443.WriteToExcel(a, typeOfData, todaysDate, pageInt, fileInt, pageDouble, fileDouble, dZO): null

16-05-2025T11:56:49 - [TEST_STEP][PASSED] - sheetName = "Sheet1": null

16-05-2025T11:56:49 - [TEST_STEP][PASSED] - data = findTestData("PlanFact"): null

16-05-2025T11:56:50 - [TEST_STEP][PASSED] - n = data.getRowNumbers() + 1: null

16-05-2025T11:56:50 - [TEST_STEP][PASSED] - day = ")).toInteger(): null

16-05-2025T11:56:50 - [TEST_STEP][PASSED] - println(day): null

16-05-2025T11:56:50 - [TEST_STEP][PASSED] - month = ")).toInteger(): null

16-05-2025T11:56:50 - [TEST_STEP][PASSED] - println(month): null

16-05-2025T11:56:50 - [TEST_STEP][PASSED] - y = <not implemented yet for class: org.codehaus.groovy.ast.expr.EmptyExpression>: null

16-05-2025T11:56:50 - [TEST_STEP][PASSED] - iy = <not implemented yet for class: org.codehaus.groovy.ast.expr.EmptyExpression>: null

16-05-2025T11:56:50 - [TEST_STEP][PASSED] - m = getText(findTestObject("Выполнение бизнес-плана/Период")): Text of object 'Object Repository/Выполнение бизнес-плана/Период' is: '1 кв. 2025 года'

16-05-2025T11:56:50 - [MESSAGE][PASSED] - Text of object 'Object Repository/Выполнение бизнес-плана/Период' is: '1 кв. 2025 года'

16-05-2025T11:56:50 - [TEST_STEP][PASSED] - iy = m.indexOf("20"): null

16-05-2025T11:56:50 - [TEST_STEP][PASSED] - if (iy > -1): null

16-05-2025T11:56:50 - [TEST_STEP][PASSED] - y = substring(iy, iy + 4).toInteger(): null

16-05-2025T11:56:50 - [TEST_STEP][PASSED] - println(y): null

16-05-2025T11:56:50 - [TEST_STEP][PASSED] - if (toString().length() == 4): null

16-05-2025T11:56:50 - [TEST_STEP][PASSED] - m = m.substring(0, m.indexOf(y.toString())): null

16-05-2025T11:56:50 - [TEST_STEP][PASSED] - m = m.trim(): null

16-05-2025T11:56:50 - [TEST_STEP][PASSED] - if (m == ""): null

16-05-2025T11:56:50 - [TEST_STEP][PASSED] - dashboardName = "Выполнение бизнес-плана": null

16-05-2025T11:56:50 - [TEST_STEP][PASSED] - workbook01 = getWorkbook(excelFilePath): null

16-05-2025T11:56:50 - [TEST_STEP][PASSED] - sheet01 = getExcelSheet(workbook01, sheetName): null

16-05-2025T11:56:50 - [TEST_STEP][PASSED] - setValueToCellByIndex(sheet01, n, 0, dashboardName): null

16-05-2025T11:56:50 - [TEST_STEP][PASSED] - setValueToCellByIndex(sheet01, n, 1, dZO): null

16-05-2025T11:56:50 - [TEST_STEP][PASSED] - setValueToCellByIndex(sheet01, n, 2, typeOfData): null

16-05-2025T11:56:50 - [TEST_STEP][PASSED] - if (typeOfData == "Факт в процентах" || typeOfData == "План в процентах"): null

16-05-2025T11:56:50 - [TEST_STEP][PASSED] - else: null

16-05-2025T11:56:50 - [TEST_STEP][PASSED] - setValueToCellByIndex(sheet01, n, 3, fileInt): null

16-05-2025T11:56:50 - [TEST_STEP][PASSED] - setValueToCellByIndex(sheet01, n, 4, pageInt): null

16-05-2025T11:56:50 - [TEST_STEP][PASSED] - setValueToCellByIndex(sheet01, n, 5, m): null

16-05-2025T11:56:50 - [TEST_STEP][PASSED] - setValueToCellByIndex(sheet01, n, 6, y): null

16-05-2025T11:56:50 - [TEST_STEP][PASSED] - setValueToCellByIndex(sheet01, n, 7, todaysDate): null

16-05-2025T11:56:50 - [TEST_STEP][PASSED] - n = n + 1: null

16-05-2025T11:56:50 - [TEST_STEP][PASSED] - saveWorkbook(excelFilePath, workbook01): null

16-05-2025T11:56:50 - [TEST_STEP][PASSED] - compare = pagePoteri: null

16-05-2025T11:56:50 - [TEST_STEP][PASSED] - if (pageOtpuskVSet != null): null

16-05-2025T11:56:50 - [TEST_STEP][PASSED] - if (compare == filePoteri): null

16-05-2025T11:56:50 - [TEST_STEP][PASSED] - else if (compare > filePoteri): null

16-05-2025T11:56:50 - [TEST_STEP][PASSED] - else if (compare < filePoteri): null

16-05-2025T11:56:50 - [TEST_STEP][PASSED] - compare = compare + 1: null

16-05-2025T11:56:50 - [TEST_STEP][PASSED] - if (compare == filePoteri): null

16-05-2025T11:56:50 - [TEST_STEP][PASSED] - else: null

16-05-2025T11:56:50 - [TEST_STEP][PASSED] - numberOfErrors = numberOfErrors + 1: null

16-05-2025T11:56:50 - [TEST_STEP][PASSED] - pageInt = pagePoteri: null

16-05-2025T11:56:50 - [TEST_STEP][PASSED] - fileInt = filePoteri: null

16-05-2025T11:56:50 - [TEST_STEP][PASSED] - typeOfData = typeOfDataMain + " Потери": null

16-05-2025T11:56:50 - [TEST_STEP][PASSED] - Script1718980020443.WriteToExcel(a, typeOfData, todaysDate, pageInt, fileInt, pageDouble, fileDouble, dZO): null

16-05-2025T11:56:50 - [TEST_STEP][PASSED] - sheetName = "Sheet1": null

16-05-2025T11:56:50 - [TEST_STEP][PASSED] - data = findTestData("PlanFact"): null

16-05-2025T11:56:50 - [TEST_STEP][PASSED] - n = data.getRowNumbers() + 1: null

16-05-2025T11:56:50 - [TEST_STEP][PASSED] - day = ")).toInteger(): null

16-05-2025T11:56:50 - [TEST_STEP][PASSED] - println(day): null

16-05-2025T11:56:50 - [TEST_STEP][PASSED] - month = ")).toInteger(): null

16-05-2025T11:56:50 - [TEST_STEP][PASSED] - println(month): null

16-05-2025T11:56:50 - [TEST_STEP][PASSED] - y = <not implemented yet for class: org.codehaus.groovy.ast.expr.EmptyExpression>: null

16-05-2025T11:56:50 - [TEST_STEP][PASSED] - iy = <not implemented yet for class: org.codehaus.groovy.ast.expr.EmptyExpression>: null

16-05-2025T11:56:50 - [TEST_STEP][PASSED] - m = getText(findTestObject("Выполнение бизнес-плана/Период")): Text of object 'Object Repository/Выполнение бизнес-плана/Период' is: '1 кв. 2025 года'

16-05-2025T11:56:50 - [MESSAGE][PASSED] - Text of object 'Object Repository/Выполнение бизнес-плана/Период' is: '1 кв. 2025 года'

16-05-2025T11:56:50 - [TEST_STEP][PASSED] - iy = m.indexOf("20"): null

16-05-2025T11:56:50 - [TEST_STEP][PASSED] - if (iy > -1): null

16-05-2025T11:56:50 - [TEST_STEP][PASSED] - y = substring(iy, iy + 4).toInteger(): null

16-05-2025T11:56:50 - [TEST_STEP][PASSED] - println(y): null

16-05-2025T11:56:50 - [TEST_STEP][PASSED] - if (toString().length() == 4): null

16-05-2025T11:56:50 - [TEST_STEP][PASSED] - m = m.substring(0, m.indexOf(y.toString())): null

16-05-2025T11:56:50 - [TEST_STEP][PASSED] - m = m.trim(): null

16-05-2025T11:56:50 - [TEST_STEP][PASSED] - if (m == ""): null

16-05-2025T11:56:50 - [TEST_STEP][PASSED] - dashboardName = "Выполнение бизнес-плана": null

16-05-2025T11:56:50 - [TEST_STEP][PASSED] - workbook01 = getWorkbook(excelFilePath): null

16-05-2025T11:56:51 - [TEST_STEP][PASSED] - sheet01 = getExcelSheet(workbook01, sheetName): null

16-05-2025T11:56:51 - [TEST_STEP][PASSED] - setValueToCellByIndex(sheet01, n, 0, dashboardName): null

16-05-2025T11:56:51 - [TEST_STEP][PASSED] - setValueToCellByIndex(sheet01, n, 1, dZO): null

16-05-2025T11:56:51 - [TEST_STEP][PASSED] - setValueToCellByIndex(sheet01, n, 2, typeOfData): null

16-05-2025T11:56:51 - [TEST_STEP][PASSED] - if (typeOfData == "Факт в процентах" || typeOfData == "План в процентах"): null

16-05-2025T11:56:51 - [TEST_STEP][PASSED] - else: null

16-05-2025T11:56:51 - [TEST_STEP][PASSED] - setValueToCellByIndex(sheet01, n, 3, fileInt): null

16-05-2025T11:56:51 - [TEST_STEP][PASSED] - setValueToCellByIndex(sheet01, n, 4, pageInt): null

16-05-2025T11:56:51 - [TEST_STEP][PASSED] - setValueToCellByIndex(sheet01, n, 5, m): null

16-05-2025T11:56:51 - [TEST_STEP][PASSED] - setValueToCellByIndex(sheet01, n, 6, y): null

16-05-2025T11:56:51 - [TEST_STEP][PASSED] - setValueToCellByIndex(sheet01, n, 7, todaysDate): null

16-05-2025T11:56:51 - [TEST_STEP][PASSED] - n = n + 1: null

16-05-2025T11:56:51 - [TEST_STEP][PASSED] - saveWorkbook(excelFilePath, workbook01): Object: 'Object Repository/Выполнение бизнес-плана/Кнопка Факт' is clicked on

16-05-2025T11:56:51 - [TEST_STEP][PASSED] - if (planFact == 2): Object: 'Object Repository/Выполнение бизнес-плана/Кнопка Факт' is clicked on

16-05-2025T11:56:51 - [TEST_STEP][PASSED] - click(findTestObject("Выполнение бизнес-плана/Кнопка Факт")): Object: 'Object Repository/Выполнение бизнес-плана/Кнопка Факт' is clicked on

16-05-2025T11:56:51 - [MESSAGE][PASSED] - Object: 'Object Repository/Выполнение бизнес-плана/Кнопка Факт' is clicked on

16-05-2025T11:56:51 - [TEST_STEP][PASSED] - println("a=" + a): null

16-05-2025T11:56:51 - [TEST_STEP][PASSED] - if (a == 84 || a == 82): null

16-05-2025T11:56:51 - [TEST_STEP][PASSED] - page = getText(findTestObject("Выполнение бизнес-плана/textPlanFact")): Text of object 'Object Repository/Выполнение бизнес-плана/textPlanFact' is: '%
5.63 5.63
8.24 8.24
План
Факт
1
100'

16-05-2025T11:56:51 - [MESSAGE][PASSED] - Text of object 'Object Repository/Выполнение бизнес-плана/textPlanFact' is: '%
5.63 5.63
8.24 8.24
План
Факт
1
100'

16-05-2025T11:56:51 - [TEST_STEP][PASSED] - page = page.replaceAll("\n", "_"): null

16-05-2025T11:56:51 - [TEST_STEP][PASSED] - page = page.substring(page.indexOf("_") + 1, page.length()): null

16-05-2025T11:56:51 - [TEST_STEP][PASSED] - page1 = page.substring(0, page.indexOf("_")): null

16-05-2025T11:56:51 - [TEST_STEP][PASSED] - page1 = page.substring(0, page.indexOf(" ")): null

16-05-2025T11:56:51 - [TEST_STEP][PASSED] - page2 = page.substring(page.indexOf("_") + 1, page.length()): null

16-05-2025T11:56:51 - [TEST_STEP][PASSED] - page2 = page2.substring(0, page.indexOf("_")): null

16-05-2025T11:56:51 - [TEST_STEP][PASSED] - page2 = page2.substring(0, page.indexOf(" ")): null

16-05-2025T11:56:51 - [TEST_STEP][PASSED] - println("page1: " + page1): null

16-05-2025T11:56:51 - [TEST_STEP][PASSED] - println("page2: " + page2): null

16-05-2025T11:56:51 - [TEST_STEP][PASSED] - file = findTestData("PlanFact").getValue(4, a): null

16-05-2025T11:56:52 - [TEST_STEP][PASSED] - file = file.replace(",", "."): null

16-05-2025T11:56:52 - [TEST_STEP][PASSED] - println("file Plan: " + file): null

16-05-2025T11:56:52 - [TEST_STEP][PASSED] - typeOfData = "План в процентах": null

16-05-2025T11:56:52 - [TEST_STEP][PASSED] - fileDouble = file.toDouble(): null

16-05-2025T11:56:52 - [TEST_STEP][PASSED] - pageDouble = page1.toDouble(): null

16-05-2025T11:56:52 - [TEST_STEP][PASSED] - if (fileDouble != pageDouble): null

16-05-2025T11:56:52 - [TEST_STEP][PASSED] - numberOfErrors = numberOfErrors + 1: null

16-05-2025T11:56:52 - [TEST_STEP][PASSED] - Script1718980020443.WriteToExcel(a, typeOfData, todaysDate, pageInt, fileInt, pageDouble, fileDouble, dZO): null

16-05-2025T11:56:52 - [TEST_STEP][PASSED] - sheetName = "Sheet1": null

16-05-2025T11:56:52 - [TEST_STEP][PASSED] - data = findTestData("PlanFact"): null

16-05-2025T11:56:52 - [TEST_STEP][PASSED] - n = data.getRowNumbers() + 1: null

16-05-2025T11:56:52 - [TEST_STEP][PASSED] - day = ")).toInteger(): null

16-05-2025T11:56:52 - [TEST_STEP][PASSED] - println(day): null

16-05-2025T11:56:52 - [TEST_STEP][PASSED] - month = ")).toInteger(): null

16-05-2025T11:56:52 - [TEST_STEP][PASSED] - println(month): null

16-05-2025T11:56:52 - [TEST_STEP][PASSED] - y = <not implemented yet for class: org.codehaus.groovy.ast.expr.EmptyExpression>: null

16-05-2025T11:56:52 - [TEST_STEP][PASSED] - iy = <not implemented yet for class: org.codehaus.groovy.ast.expr.EmptyExpression>: null

16-05-2025T11:56:52 - [TEST_STEP][PASSED] - m = getText(findTestObject("Выполнение бизнес-плана/Период")): Text of object 'Object Repository/Выполнение бизнес-плана/Период' is: '1 кв. 2025 года'

16-05-2025T11:56:52 - [MESSAGE][PASSED] - Text of object 'Object Repository/Выполнение бизнес-плана/Период' is: '1 кв. 2025 года'

16-05-2025T11:56:52 - [TEST_STEP][PASSED] - iy = m.indexOf("20"): null

16-05-2025T11:56:52 - [TEST_STEP][PASSED] - if (iy > -1): null

16-05-2025T11:56:52 - [TEST_STEP][PASSED] - y = substring(iy, iy + 4).toInteger(): null

16-05-2025T11:56:52 - [TEST_STEP][PASSED] - println(y): null

16-05-2025T11:56:52 - [TEST_STEP][PASSED] - if (toString().length() == 4): null

16-05-2025T11:56:52 - [TEST_STEP][PASSED] - m = m.substring(0, m.indexOf(y.toString())): null

16-05-2025T11:56:52 - [TEST_STEP][PASSED] - m = m.trim(): null

16-05-2025T11:56:52 - [TEST_STEP][PASSED] - if (m == ""): null

16-05-2025T11:56:52 - [TEST_STEP][PASSED] - dashboardName = "Выполнение бизнес-плана": null

16-05-2025T11:56:52 - [TEST_STEP][PASSED] - workbook01 = getWorkbook(excelFilePath): null

16-05-2025T11:56:52 - [TEST_STEP][PASSED] - sheet01 = getExcelSheet(workbook01, sheetName): null

16-05-2025T11:56:52 - [TEST_STEP][PASSED] - setValueToCellByIndex(sheet01, n, 0, dashboardName): null

16-05-2025T11:56:52 - [TEST_STEP][PASSED] - setValueToCellByIndex(sheet01, n, 1, dZO): null

16-05-2025T11:56:52 - [TEST_STEP][PASSED] - setValueToCellByIndex(sheet01, n, 2, typeOfData): null

16-05-2025T11:56:52 - [TEST_STEP][PASSED] - if (typeOfData == "Факт в процентах" || typeOfData == "План в процентах"): null

16-05-2025T11:56:52 - [TEST_STEP][PASSED] - setValueToCellByIndex(sheet01, n, 3, fileDouble): null

16-05-2025T11:56:52 - [TEST_STEP][PASSED] - setValueToCellByIndex(sheet01, n, 4, pageDouble): null

16-05-2025T11:56:52 - [TEST_STEP][PASSED] - setValueToCellByIndex(sheet01, n, 5, m): null

16-05-2025T11:56:52 - [TEST_STEP][PASSED] - setValueToCellByIndex(sheet01, n, 6, y): null

16-05-2025T11:56:52 - [TEST_STEP][PASSED] - setValueToCellByIndex(sheet01, n, 7, todaysDate): null

16-05-2025T11:56:52 - [TEST_STEP][PASSED] - n = n + 1: null

16-05-2025T11:56:52 - [TEST_STEP][PASSED] - saveWorkbook(excelFilePath, workbook01): null

16-05-2025T11:56:52 - [TEST_STEP][PASSED] - file = findTestData("PlanFact").getValue(7, a): null

16-05-2025T11:56:52 - [TEST_STEP][PASSED] - file = file.replace(",", "."): null

16-05-2025T11:56:52 - [TEST_STEP][PASSED] - println("file Fact: " + file): null

16-05-2025T11:56:52 - [TEST_STEP][PASSED] - fileDouble = file.toDouble(): null

16-05-2025T11:56:52 - [TEST_STEP][PASSED] - typeOfData = "Факт в процентах": null

16-05-2025T11:56:52 - [TEST_STEP][PASSED] - fileDouble = file.toDouble(): null

16-05-2025T11:56:52 - [TEST_STEP][PASSED] - pageDouble = page2.toDouble(): null

16-05-2025T11:56:52 - [TEST_STEP][PASSED] - if (fileDouble != pageDouble): null

16-05-2025T11:56:52 - [TEST_STEP][PASSED] - numberOfErrors = numberOfErrors + 1: null

16-05-2025T11:56:52 - [TEST_STEP][PASSED] - Script1718980020443.WriteToExcel(a, typeOfData, todaysDate, pageInt, fileInt, pageDouble, fileDouble, dZO): null

16-05-2025T11:56:52 - [TEST_STEP][PASSED] - sheetName = "Sheet1": null

16-05-2025T11:56:52 - [TEST_STEP][PASSED] - data = findTestData("PlanFact"): null

16-05-2025T11:56:52 - [TEST_STEP][PASSED] - n = data.getRowNumbers() + 1: null

16-05-2025T11:56:52 - [TEST_STEP][PASSED] - day = ")).toInteger(): null

16-05-2025T11:56:52 - [TEST_STEP][PASSED] - println(day): null

16-05-2025T11:56:52 - [TEST_STEP][PASSED] - month = ")).toInteger(): null

16-05-2025T11:56:52 - [TEST_STEP][PASSED] - println(month): null

16-05-2025T11:56:52 - [TEST_STEP][PASSED] - y = <not implemented yet for class: org.codehaus.groovy.ast.expr.EmptyExpression>: null

16-05-2025T11:56:52 - [TEST_STEP][PASSED] - iy = <not implemented yet for class: org.codehaus.groovy.ast.expr.EmptyExpression>: null

16-05-2025T11:56:52 - [TEST_STEP][PASSED] - m = getText(findTestObject("Выполнение бизнес-плана/Период")): Text of object 'Object Repository/Выполнение бизнес-плана/Период' is: '1 кв. 2025 года'

16-05-2025T11:56:53 - [MESSAGE][PASSED] - Text of object 'Object Repository/Выполнение бизнес-плана/Период' is: '1 кв. 2025 года'

16-05-2025T11:56:53 - [TEST_STEP][PASSED] - iy = m.indexOf("20"): null

16-05-2025T11:56:53 - [TEST_STEP][PASSED] - if (iy > -1): null

16-05-2025T11:56:53 - [TEST_STEP][PASSED] - y = substring(iy, iy + 4).toInteger(): null

16-05-2025T11:56:53 - [TEST_STEP][PASSED] - println(y): null

16-05-2025T11:56:53 - [TEST_STEP][PASSED] - if (toString().length() == 4): null

16-05-2025T11:56:53 - [TEST_STEP][PASSED] - m = m.substring(0, m.indexOf(y.toString())): null

16-05-2025T11:56:53 - [TEST_STEP][PASSED] - m = m.trim(): null

16-05-2025T11:56:53 - [TEST_STEP][PASSED] - if (m == ""): null

16-05-2025T11:56:53 - [TEST_STEP][PASSED] - dashboardName = "Выполнение бизнес-плана": null

16-05-2025T11:56:53 - [TEST_STEP][PASSED] - workbook01 = getWorkbook(excelFilePath): null

16-05-2025T11:56:53 - [TEST_STEP][PASSED] - sheet01 = getExcelSheet(workbook01, sheetName): null

16-05-2025T11:56:53 - [TEST_STEP][PASSED] - setValueToCellByIndex(sheet01, n, 0, dashboardName): null

16-05-2025T11:56:53 - [TEST_STEP][PASSED] - setValueToCellByIndex(sheet01, n, 1, dZO): null

16-05-2025T11:56:53 - [TEST_STEP][PASSED] - setValueToCellByIndex(sheet01, n, 2, typeOfData): null

16-05-2025T11:56:53 - [TEST_STEP][PASSED] - if (typeOfData == "Факт в процентах" || typeOfData == "План в процентах"): null

16-05-2025T11:56:53 - [TEST_STEP][PASSED] - setValueToCellByIndex(sheet01, n, 3, fileDouble): null

16-05-2025T11:56:53 - [TEST_STEP][PASSED] - setValueToCellByIndex(sheet01, n, 4, pageDouble): null

16-05-2025T11:56:53 - [TEST_STEP][PASSED] - setValueToCellByIndex(sheet01, n, 5, m): null

16-05-2025T11:56:53 - [TEST_STEP][PASSED] - setValueToCellByIndex(sheet01, n, 6, y): null

16-05-2025T11:56:53 - [TEST_STEP][PASSED] - setValueToCellByIndex(sheet01, n, 7, todaysDate): null

16-05-2025T11:56:53 - [TEST_STEP][PASSED] - n = n + 1: null

16-05-2025T11:56:53 - [TEST_STEP][PASSED] - saveWorkbook(excelFilePath, workbook01): null

16-05-2025T11:56:53 - [TEST_STEP][FAILED] - if (verifyEqual(numberOfErrors, 0) == false): null

16-05-2025T11:56:53 - [MESSAGE][FAILED] - Unable to verify equal between actual object '6' and expected object '0' (Root cause: com.kms.katalon.core.exception.StepFailedException: Actual object '6' and expected object '0' are not equal
	at com.kms.katalon.core.keyword.builtin.VerifyEqualKeyword$_verifyEqual_closure1.doCall(VerifyEqualKeyword.groovy:58)
	at com.kms.katalon.core.keyword.builtin.VerifyEqualKeyword$_verifyEqual_closure1.call(VerifyEqualKeyword.groovy)
	at com.kms.katalon.core.keyword.internal.KeywordMain.runKeyword(KeywordMain.groovy:75)
	at com.kms.katalon.core.keyword.builtin.VerifyEqualKeyword.verifyEqual(VerifyEqualKeyword.groovy:63)
	at com.kms.katalon.core.keyword.builtin.VerifyEqualKeyword.execute(VerifyEqualKeyword.groovy:44)
	at com.kms.katalon.core.keyword.internal.KeywordExecutor.executeKeywordForPlatform(KeywordExecutor.groovy:74)
	at com.kms.katalon.core.keyword.BuiltinKeywords.verifyEqual(BuiltinKeywords.groovy:146)
	at jdk.internal.reflect.GeneratedMethodAccessor24.invoke(Unknown Source)
	at java.base/jdk.internal.reflect.DelegatingMethodAccessorImpl.invoke(DelegatingMethodAccessorImpl.java:43)
	at Выполнение бизнес-плана Сверка ПАО Россети все филиалы.Numbers(Выполнение бизнес-плана Сверка ПАО Россети все филиалы:740)
	at Выполнение бизнес-плана Сверка ПАО Россети все филиалы.run(Выполнение бизнес-плана Сверка ПАО Россети все филиалы:168)
	at com.kms.katalon.core.main.ScriptEngine.run(ScriptEngine.java:194)
	at com.kms.katalon.core.main.ScriptEngine.runScriptAsRawText(ScriptEngine.java:119)
	at com.kms.katalon.core.main.TestCaseExecutor.runScript(TestCaseExecutor.java:448)
	at com.kms.katalon.core.main.TestCaseExecutor.doExecute(TestCaseExecutor.java:439)
	at com.kms.katalon.core.main.TestCaseExecutor.processExecutionPhase(TestCaseExecutor.java:418)
	at com.kms.katalon.core.main.TestCaseExecutor.accessMainPhase(TestCaseExecutor.java:410)
	at com.kms.katalon.core.main.TestCaseExecutor.execute(TestCaseExecutor.java:285)
	at com.kms.katalon.core.common.CommonExecutor.accessTestCaseMainPhase(CommonExecutor.java:65)
	at com.kms.katalon.core.main.TestSuiteExecutor.accessTestSuiteMainPhase(TestSuiteExecutor.java:150)
	at com.kms.katalon.core.main.TestSuiteExecutor.execute(TestSuiteExecutor.java:106)
	at com.kms.katalon.core.main.TestCaseMain.startTestSuite(TestCaseMain.java:180)
	at TempTestSuite1747369435659.run(TempTestSuite1747369435659.groovy:35)
	at java.base/jdk.internal.reflect.NativeMethodAccessorImpl.invoke0(Native Method)
	at java.base/jdk.internal.reflect.NativeMethodAccessorImpl.invoke(NativeMethodAccessorImpl.java:77)
	at java.base/jdk.internal.reflect.DelegatingMethodAccessorImpl.invoke(DelegatingMethodAccessorImpl.java:43)
)

16-05-2025T11:56:53 - [TEST_STEP][PASSED] - println(numberOfErrors): null

16-05-2025T11:56:53 - [TEST_STEP][PASSED] - println("a=" + a): null

16-05-2025T11:56:53 - [TEST_STEP][PASSED] - if (a == 28 || a == 77 || a == 74 || a == 65 || a == 36 || a == 44 || a == 54 || a == 1 || a == 18 || a == 59): null

16-05-2025T11:56:53 - [TEST_STEP][PASSED] - if (a == 82): null

16-05-2025T11:56:53 - [TEST_STEP][PASSED] - dZO = "Россети ФСК ЕЭС": null

16-05-2025T11:56:53 - [TEST_STEP][PASSED] - a = 83: null

16-05-2025T11:56:53 - [TEST_STEP][PASSED] - if (x1.contains("ЕЭС")): null

16-05-2025T11:56:53 - [TEST_STEP][PASSED] - dzoNum = dzoNum + 1: null

16-05-2025T11:56:53 - [TEST_STEP][PASSED] - println(dzoNum): null

16-05-2025T11:56:53 - [TEST_STEP][PASSED] - Script1718980020443.Numbers(a, typeOfData, todaysDate, pageInt, fileInt, pageDouble, fileDouble, dZO, dzoNum, filialNum): null

16-05-2025T11:56:53 - [TEST_STEP][PASSED] - println(dzoNum): null

16-05-2025T11:56:53 - [TEST_STEP][PASSED] - planFact = <not implemented yet for class: org.codehaus.groovy.ast.expr.EmptyExpression>: null

16-05-2025T11:56:53 - [TEST_STEP][PASSED] - page = <not implemented yet for class: org.codehaus.groovy.ast.expr.EmptyExpression>: null

16-05-2025T11:56:53 - [TEST_STEP][PASSED] - page1 = <not implemented yet for class: org.codehaus.groovy.ast.expr.EmptyExpression>: null

16-05-2025T11:56:53 - [TEST_STEP][PASSED] - page2 = <not implemented yet for class: org.codehaus.groovy.ast.expr.EmptyExpression>: null

16-05-2025T11:56:53 - [TEST_STEP][PASSED] - filialNumberInRow = <not implemented yet for class: org.codehaus.groovy.ast.expr.EmptyExpression>: null

16-05-2025T11:56:53 - [TEST_STEP][PASSED] - filialsDzoNames = <not implemented yet for class: org.codehaus.groovy.ast.expr.EmptyExpression>: null

16-05-2025T11:56:53 - [TEST_STEP][PASSED] - numberOfFilials = <not implemented yet for class: org.codehaus.groovy.ast.expr.EmptyExpression>: null

16-05-2025T11:56:53 - [TEST_STEP][PASSED] - numberOfSpaces = <not implemented yet for class: org.codehaus.groovy.ast.expr.EmptyExpression>: null

16-05-2025T11:56:53 - [TEST_STEP][PASSED] - file = <not implemented yet for class: org.codehaus.groovy.ast.expr.EmptyExpression>: null

16-05-2025T11:56:53 - [TEST_STEP][PASSED] - otpusk = <not implemented yet for class: org.codehaus.groovy.ast.expr.EmptyExpression>: null

16-05-2025T11:56:53 - [TEST_STEP][PASSED] - poteri = <not implemented yet for class: org.codehaus.groovy.ast.expr.EmptyExpression>: null

16-05-2025T11:56:53 - [TEST_STEP][PASSED] - dataFolder = "Выполнение бизнес-плана/Значения со страницы Выполнение бизнес-плана/": null

16-05-2025T11:56:53 - [TEST_STEP][PASSED] - path = <not implemented yet for class: org.codehaus.groovy.ast.expr.EmptyExpression>: null

16-05-2025T11:56:53 - [TEST_STEP][PASSED] - typeOfDataMain = <not implemented yet for class: org.codehaus.groovy.ast.expr.EmptyExpression>: null

16-05-2025T11:56:53 - [TEST_STEP][PASSED] - fileOtpuskVSet = <not implemented yet for class: org.codehaus.groovy.ast.expr.EmptyExpression>: null

16-05-2025T11:56:53 - [TEST_STEP][PASSED] - pageOtpuskVSet = <not implemented yet for class: org.codehaus.groovy.ast.expr.EmptyExpression>: null

16-05-2025T11:56:53 - [TEST_STEP][PASSED] - filePoteri = <not implemented yet for class: org.codehaus.groovy.ast.expr.EmptyExpression>: null

16-05-2025T11:56:53 - [TEST_STEP][PASSED] - pagePoteri = <not implemented yet for class: org.codehaus.groovy.ast.expr.EmptyExpression>: null

16-05-2025T11:56:53 - [TEST_STEP][PASSED] - compare = <not implemented yet for class: org.codehaus.groovy.ast.expr.EmptyExpression>: null

16-05-2025T11:56:53 - [TEST_STEP][PASSED] - b = <not implemented yet for class: org.codehaus.groovy.ast.expr.EmptyExpression>: null

16-05-2025T11:56:53 - [TEST_STEP][PASSED] - i = <not implemented yet for class: org.codehaus.groovy.ast.expr.EmptyExpression>: null

16-05-2025T11:56:53 - [TEST_STEP][PASSED] - ii = <not implemented yet for class: org.codehaus.groovy.ast.expr.EmptyExpression>: null

16-05-2025T11:56:53 - [TEST_STEP][PASSED] - c = <not implemented yet for class: org.codehaus.groovy.ast.expr.EmptyExpression>: null

16-05-2025T11:56:53 - [TEST_STEP][PASSED] - numberOfErrors = 0: null

16-05-2025T11:56:53 - [TEST_STEP][PASSED] - if (a == 82): null

16-05-2025T11:56:53 - [TEST_STEP][PASSED] - b = findTestData("PlanFact").getValue(1, a): null

16-05-2025T11:56:53 - [TEST_STEP][PASSED] - i = b.indexOf(" (ГК)"): null

16-05-2025T11:56:53 - [TEST_STEP][PASSED] - if (i > -1): null

16-05-2025T11:56:53 - [TEST_STEP][PASSED] - i = b.indexOf("О ""): null

16-05-2025T11:56:53 - [TEST_STEP][PASSED] - if (i > -1): null

16-05-2025T11:56:53 - [TEST_STEP][PASSED] - i = b.indexOf("О «"): null

16-05-2025T11:56:53 - [TEST_STEP][PASSED] - if (i > -1): null

16-05-2025T11:56:53 - [TEST_STEP][PASSED] - i = b.indexOf("г. "): null

16-05-2025T11:56:53 - [TEST_STEP][PASSED] - if (i > -1): null

16-05-2025T11:56:53 - [TEST_STEP][PASSED] - b = b.trim(): null

16-05-2025T11:56:53 - [TEST_STEP][PASSED] - println(b): null

16-05-2025T11:56:53 - [TEST_STEP][PASSED] - for ([planFact = 1, planFact < 3, (planFact++)]): Object: 'Object Repository/Выполнение бизнес-плана/Кнопка Факт' is clicked on

16-05-2025T11:56:53 - [TEST_STEP][PASSED] - if (planFact == 1): null

16-05-2025T11:56:53 - [TEST_STEP][PASSED] - typeOfDataMain = "Факт": null

16-05-2025T11:56:53 - [TEST_STEP][PASSED] - otpusk = findTestData("PlanFact").getValue(5, a): null

16-05-2025T11:56:53 - [TEST_STEP][PASSED] - poteri = findTestData("PlanFact").getValue(6, a): null

16-05-2025T11:56:53 - [TEST_STEP][PASSED] - otpusk = otpusk.replaceAll("\s+", ""): null

16-05-2025T11:56:53 - [TEST_STEP][PASSED] - poteri = poteri.replaceAll("\s+", ""): null

16-05-2025T11:56:53 - [TEST_STEP][PASSED] - typeOfData = typeOfDataMain + " Отпуск в сеть": null

16-05-2025T11:56:53 - [TEST_STEP][PASSED] - if (a == 82): null

16-05-2025T11:56:53 - [TEST_STEP][PASSED] - else if (a == 84): null

16-05-2025T11:56:53 - [TEST_STEP][PASSED] - else if (a == 83 || a == 52 || a == 72 || a == 28 || a == 73 || a == 77 || a == 74 || a == 65 || a == 36 || a == 44 || a == 53 || a == 80 || a == 54 || a == 1 || a == 18 || a == 59 || a == 81): null

16-05-2025T11:56:53 - [TEST_STEP][PASSED] - path = dataFolder + "Table Data/" + typeOfData + " за отчётный период " + dzoNum: null

16-05-2025T11:56:53 - [TEST_STEP][PASSED] - println(path): null

16-05-2025T11:56:53 - [TEST_STEP][PASSED] - page = getText(findTestObject(path)): Text of object 'Object Repository/Выполнение бизнес-плана/Значения со страницы Выполнение бизнес-плана/Table Data/Факт Отпуск в сеть за отчётный период 1' is: '164 602 454'

16-05-2025T11:56:53 - [MESSAGE][PASSED] - Text of object 'Object Repository/Выполнение бизнес-плана/Значения со страницы Выполнение бизнес-плана/Table Data/Факт Отпуск в сеть за отчётный период 1' is: '164 602 454'

16-05-2025T11:56:53 - [TEST_STEP][PASSED] - if (page == "" || page == null): null

16-05-2025T11:56:53 - [TEST_STEP][PASSED] - else: null

16-05-2025T11:56:53 - [TEST_STEP][PASSED] - page = page.replaceAll("\s+", ""): null

16-05-2025T11:56:53 - [TEST_STEP][PASSED] - if (page == "undefined"): null

16-05-2025T11:56:53 - [TEST_STEP][PASSED] - fileOtpuskVSet = otpusk.toInteger(): null

16-05-2025T11:56:53 - [TEST_STEP][PASSED] - pageOtpuskVSet = page.toInteger(): null

16-05-2025T11:56:53 - [TEST_STEP][PASSED] - typeOfData = typeOfDataMain + " Потери": null

16-05-2025T11:56:53 - [TEST_STEP][PASSED] - if (a == 82): null

16-05-2025T11:56:53 - [TEST_STEP][PASSED] - else if (a == 84): null

16-05-2025T11:56:53 - [TEST_STEP][PASSED] - else if (a == 83 || a == 52 || a == 72 || a == 28 || a == 73 || a == 77 || a == 74 || a == 65 || a == 36 || a == 44 || a == 53 || a == 80 || a == 54 || a == 1 || a == 18 || a == 59 || a == 81): null

16-05-2025T11:56:53 - [TEST_STEP][PASSED] - path = dataFolder + "Table Data/" + typeOfData + " за отчётный период " + dzoNum: null

16-05-2025T11:56:53 - [TEST_STEP][PASSED] - page = getText(findTestObject(path)): Text of object 'Object Repository/Выполнение бизнес-плана/Значения со страницы Выполнение бизнес-плана/Table Data/Факт Потери за отчётный период 1' is: '6 090 730'

16-05-2025T11:56:54 - [MESSAGE][PASSED] - Text of object 'Object Repository/Выполнение бизнес-плана/Значения со страницы Выполнение бизнес-плана/Table Data/Факт Потери за отчётный период 1' is: '6 090 730'

16-05-2025T11:56:54 - [TEST_STEP][PASSED] - if (page == "" || page == null): null

16-05-2025T11:56:54 - [TEST_STEP][PASSED] - else: null

16-05-2025T11:56:54 - [TEST_STEP][PASSED] - page = page.replaceAll("\s+", ""): null

16-05-2025T11:56:54 - [TEST_STEP][PASSED] - if (page == "undefined"): null

16-05-2025T11:56:54 - [TEST_STEP][PASSED] - filePoteri = poteri.toInteger(): null

16-05-2025T11:56:54 - [TEST_STEP][PASSED] - pagePoteri = page.toInteger(): null

16-05-2025T11:56:54 - [TEST_STEP][PASSED] - compare = pageOtpuskVSet: null

16-05-2025T11:56:54 - [TEST_STEP][PASSED] - if (pageOtpuskVSet != null): null

16-05-2025T11:56:54 - [TEST_STEP][PASSED] - if (compare == fileOtpuskVSet): null

16-05-2025T11:56:54 - [TEST_STEP][PASSED] - if (compare == fileOtpuskVSet): null

16-05-2025T11:56:54 - [TEST_STEP][PASSED] - compare = pagePoteri: null

16-05-2025T11:56:54 - [TEST_STEP][PASSED] - if (pageOtpuskVSet != null): null

16-05-2025T11:56:54 - [TEST_STEP][PASSED] - if (compare == filePoteri): null

16-05-2025T11:56:54 - [TEST_STEP][PASSED] - if (compare == filePoteri): null

16-05-2025T11:56:54 - [TEST_STEP][PASSED] - if (planFact == 2): null

16-05-2025T11:56:54 - [TEST_STEP][PASSED] - if (planFact == 1): null

16-05-2025T11:56:54 - [TEST_STEP][PASSED] - else if (planFact == 2): null

16-05-2025T11:56:54 - [TEST_STEP][PASSED] - click(findTestObject("Выполнение бизнес-плана/Кнопка План")): Object: 'Object Repository/Выполнение бизнес-плана/Кнопка План' is clicked on

16-05-2025T11:56:54 - [MESSAGE][PASSED] - Object: 'Object Repository/Выполнение бизнес-плана/Кнопка План' is clicked on

16-05-2025T11:56:54 - [TEST_STEP][PASSED] - typeOfDataMain = "План": null

16-05-2025T11:56:54 - [TEST_STEP][PASSED] - otpusk = findTestData("PlanFact").getValue(2, a): null

16-05-2025T11:56:54 - [TEST_STEP][PASSED] - poteri = findTestData("PlanFact").getValue(3, a): null

16-05-2025T11:56:54 - [TEST_STEP][PASSED] - otpusk = otpusk.replaceAll("\s+", ""): null

16-05-2025T11:56:54 - [TEST_STEP][PASSED] - poteri = poteri.replaceAll("\s+", ""): null

16-05-2025T11:56:54 - [TEST_STEP][PASSED] - typeOfData = typeOfDataMain + " Отпуск в сеть": null

16-05-2025T11:56:54 - [TEST_STEP][PASSED] - if (a == 82): null

16-05-2025T11:56:54 - [TEST_STEP][PASSED] - else if (a == 84): null

16-05-2025T11:56:54 - [TEST_STEP][PASSED] - else if (a == 83 || a == 52 || a == 72 || a == 28 || a == 73 || a == 77 || a == 74 || a == 65 || a == 36 || a == 44 || a == 53 || a == 80 || a == 54 || a == 1 || a == 18 || a == 59 || a == 81): null

16-05-2025T11:56:54 - [TEST_STEP][PASSED] - path = dataFolder + "Table Data/" + typeOfData + " за отчётный период " + dzoNum: null

16-05-2025T11:56:54 - [TEST_STEP][PASSED] - println(path): null

16-05-2025T11:56:54 - [TEST_STEP][PASSED] - page = getText(findTestObject(path)): Text of object 'Object Repository/Выполнение бизнес-плана/Значения со страницы Выполнение бизнес-плана/Table Data/План Отпуск в сеть за отчётный период 1' is: '167 925 540'

16-05-2025T11:56:54 - [MESSAGE][PASSED] - Text of object 'Object Repository/Выполнение бизнес-плана/Значения со страницы Выполнение бизнес-плана/Table Data/План Отпуск в сеть за отчётный период 1' is: '167 925 540'

16-05-2025T11:56:54 - [TEST_STEP][PASSED] - if (page == "" || page == null): null

16-05-2025T11:56:54 - [TEST_STEP][PASSED] - else: null

16-05-2025T11:56:54 - [TEST_STEP][PASSED] - page = page.replaceAll("\s+", ""): null

16-05-2025T11:56:54 - [TEST_STEP][PASSED] - if (page == "undefined"): null

16-05-2025T11:56:54 - [TEST_STEP][PASSED] - fileOtpuskVSet = otpusk.toInteger(): null

16-05-2025T11:56:54 - [TEST_STEP][PASSED] - pageOtpuskVSet = page.toInteger(): null

16-05-2025T11:56:54 - [TEST_STEP][PASSED] - typeOfData = typeOfDataMain + " Потери": null

16-05-2025T11:56:54 - [TEST_STEP][PASSED] - if (a == 82): null

16-05-2025T11:56:54 - [TEST_STEP][PASSED] - else if (a == 84): null

16-05-2025T11:56:54 - [TEST_STEP][PASSED] - else if (a == 83 || a == 52 || a == 72 || a == 28 || a == 73 || a == 77 || a == 74 || a == 65 || a == 36 || a == 44 || a == 53 || a == 80 || a == 54 || a == 1 || a == 18 || a == 59 || a == 81): null

16-05-2025T11:56:54 - [TEST_STEP][PASSED] - path = dataFolder + "Table Data/" + typeOfData + " за отчётный период " + dzoNum: null

16-05-2025T11:56:54 - [TEST_STEP][PASSED] - page = getText(findTestObject(path)): Text of object 'Object Repository/Выполнение бизнес-плана/Значения со страницы Выполнение бизнес-плана/Table Data/План Потери за отчётный период 1' is: '6 131 691'

16-05-2025T11:56:55 - [MESSAGE][PASSED] - Text of object 'Object Repository/Выполнение бизнес-плана/Значения со страницы Выполнение бизнес-плана/Table Data/План Потери за отчётный период 1' is: '6 131 691'

16-05-2025T11:56:55 - [TEST_STEP][PASSED] - if (page == "" || page == null): null

16-05-2025T11:56:55 - [TEST_STEP][PASSED] - else: null

16-05-2025T11:56:55 - [TEST_STEP][PASSED] - page = page.replaceAll("\s+", ""): null

16-05-2025T11:56:55 - [TEST_STEP][PASSED] - if (page == "undefined"): null

16-05-2025T11:56:55 - [TEST_STEP][PASSED] - filePoteri = poteri.toInteger(): null

16-05-2025T11:56:55 - [TEST_STEP][PASSED] - pagePoteri = page.toInteger(): null

16-05-2025T11:56:55 - [TEST_STEP][PASSED] - compare = pageOtpuskVSet: null

16-05-2025T11:56:55 - [TEST_STEP][PASSED] - if (pageOtpuskVSet != null): null

16-05-2025T11:56:55 - [TEST_STEP][PASSED] - if (compare == fileOtpuskVSet): null

16-05-2025T11:56:55 - [TEST_STEP][PASSED] - if (compare == fileOtpuskVSet): null

16-05-2025T11:56:55 - [TEST_STEP][PASSED] - compare = pagePoteri: null

16-05-2025T11:56:55 - [TEST_STEP][PASSED] - if (pageOtpuskVSet != null): null

16-05-2025T11:56:55 - [TEST_STEP][PASSED] - if (compare == filePoteri): null

16-05-2025T11:56:55 - [TEST_STEP][PASSED] - if (compare == filePoteri): null

16-05-2025T11:56:55 - [TEST_STEP][PASSED] - if (planFact == 2): Object: 'Object Repository/Выполнение бизнес-плана/Кнопка Факт' is clicked on

16-05-2025T11:56:55 - [TEST_STEP][PASSED] - click(findTestObject("Выполнение бизнес-плана/Кнопка Факт")): Object: 'Object Repository/Выполнение бизнес-плана/Кнопка Факт' is clicked on

16-05-2025T11:56:55 - [MESSAGE][PASSED] - Object: 'Object Repository/Выполнение бизнес-плана/Кнопка Факт' is clicked on

16-05-2025T11:56:55 - [TEST_STEP][PASSED] - println("a=" + a): null

16-05-2025T11:56:55 - [TEST_STEP][PASSED] - if (a == 84 || a == 82): null

16-05-2025T11:56:55 - [TEST_STEP][PASSED] - else if (a == 83 || a == 52 || a == 72 || a == 28 || a == 73 || a == 77 || a == 74 || a == 65 || a == 36 || a == 44 || a == 53 || a == 80 || a == 54 || a == 1 || a == 18 || a == 59 || a == 81): null

16-05-2025T11:56:55 - [TEST_STEP][PASSED] - page1 = getText(findTestObject("Object Repository/Выполнение бизнес-плана/spanPlan" + dzoNum)): Text of object 'Object Repository/Выполнение бизнес-плана/spanPlan1' is: '3.79'

16-05-2025T11:56:55 - [MESSAGE][PASSED] - Text of object 'Object Repository/Выполнение бизнес-плана/spanPlan1' is: '3.79'

16-05-2025T11:56:55 - [TEST_STEP][PASSED] - page1 = page1.replace("|", ""): null

16-05-2025T11:56:55 - [TEST_STEP][PASSED] - page2 = getText(findTestObject("Object Repository/Выполнение бизнес-плана/spanFact" + dzoNum)): Text of object 'Object Repository/Выполнение бизнес-плана/spanFact1' is: '3.84
|'

16-05-2025T11:56:55 - [MESSAGE][PASSED] - Text of object 'Object Repository/Выполнение бизнес-плана/spanFact1' is: '3.84
|'

16-05-2025T11:56:55 - [TEST_STEP][PASSED] - page2 = page2.replace("|", ""): null

16-05-2025T11:56:55 - [TEST_STEP][PASSED] - println("page1: " + page1): null

16-05-2025T11:56:55 - [TEST_STEP][PASSED] - println("page2: " + page2): null

16-05-2025T11:56:55 - [TEST_STEP][PASSED] - file = findTestData("PlanFact").getValue(4, a): null

16-05-2025T11:56:56 - [TEST_STEP][PASSED] - file = file.replace(",", "."): null

16-05-2025T11:56:56 - [TEST_STEP][PASSED] - println("file Plan: " + file): null

16-05-2025T11:56:56 - [TEST_STEP][PASSED] - typeOfData = "План в процентах": null

16-05-2025T11:56:56 - [TEST_STEP][PASSED] - fileDouble = file.toDouble(): null

16-05-2025T11:56:56 - [TEST_STEP][PASSED] - pageDouble = page1.toDouble(): null

16-05-2025T11:56:56 - [TEST_STEP][PASSED] - if (fileDouble != pageDouble): null

16-05-2025T11:56:56 - [TEST_STEP][PASSED] - file = findTestData("PlanFact").getValue(7, a): null

16-05-2025T11:56:56 - [TEST_STEP][PASSED] - file = file.replace(",", "."): null

16-05-2025T11:56:56 - [TEST_STEP][PASSED] - println("file Fact: " + file): null

16-05-2025T11:56:56 - [TEST_STEP][PASSED] - fileDouble = file.toDouble(): null

16-05-2025T11:56:56 - [TEST_STEP][PASSED] - typeOfData = "Факт в процентах": null

16-05-2025T11:56:56 - [TEST_STEP][PASSED] - fileDouble = file.toDouble(): null

16-05-2025T11:56:56 - [TEST_STEP][PASSED] - pageDouble = page2.toDouble(): null

16-05-2025T11:56:56 - [TEST_STEP][PASSED] - if (fileDouble != pageDouble): null

16-05-2025T11:56:56 - [TEST_STEP][PASSED] - if (verifyEqual(numberOfErrors, 0) == false): Actual object '0' and expected object '0' are equal

16-05-2025T11:56:56 - [MESSAGE][PASSED] - Actual object '0' and expected object '0' are equal

16-05-2025T11:56:56 - [TEST_STEP][PASSED] - if (a == 82): null

16-05-2025T11:56:56 - [TEST_STEP][PASSED] - println(dzoNum): null

16-05-2025T11:56:56 - [TEST_STEP][PASSED] - dZO = "РаспредКомплекс": null

16-05-2025T11:56:56 - [TEST_STEP][PASSED] - a = 82: null

16-05-2025T11:56:56 - [TEST_STEP][PASSED] - Script1718980020443.Numbers(a, typeOfData, todaysDate, pageInt, fileInt, pageDouble, fileDouble, dZO, dzoNum, filialNum): null

16-05-2025T11:56:56 - [TEST_STEP][PASSED] - println(dzoNum): null

16-05-2025T11:56:56 - [TEST_STEP][PASSED] - planFact = <not implemented yet for class: org.codehaus.groovy.ast.expr.EmptyExpression>: null

16-05-2025T11:56:56 - [TEST_STEP][PASSED] - page = <not implemented yet for class: org.codehaus.groovy.ast.expr.EmptyExpression>: null

16-05-2025T11:56:56 - [TEST_STEP][PASSED] - page1 = <not implemented yet for class: org.codehaus.groovy.ast.expr.EmptyExpression>: null

16-05-2025T11:56:56 - [TEST_STEP][PASSED] - page2 = <not implemented yet for class: org.codehaus.groovy.ast.expr.EmptyExpression>: null

16-05-2025T11:56:56 - [TEST_STEP][PASSED] - filialNumberInRow = <not implemented yet for class: org.codehaus.groovy.ast.expr.EmptyExpression>: null

16-05-2025T11:56:56 - [TEST_STEP][PASSED] - filialsDzoNames = <not implemented yet for class: org.codehaus.groovy.ast.expr.EmptyExpression>: null

16-05-2025T11:56:56 - [TEST_STEP][PASSED] - numberOfFilials = <not implemented yet for class: org.codehaus.groovy.ast.expr.EmptyExpression>: null

16-05-2025T11:56:56 - [TEST_STEP][PASSED] - numberOfSpaces = <not implemented yet for class: org.codehaus.groovy.ast.expr.EmptyExpression>: null

16-05-2025T11:56:56 - [TEST_STEP][PASSED] - file = <not implemented yet for class: org.codehaus.groovy.ast.expr.EmptyExpression>: null

16-05-2025T11:56:56 - [TEST_STEP][PASSED] - otpusk = <not implemented yet for class: org.codehaus.groovy.ast.expr.EmptyExpression>: null

16-05-2025T11:56:56 - [TEST_STEP][PASSED] - poteri = <not implemented yet for class: org.codehaus.groovy.ast.expr.EmptyExpression>: null

16-05-2025T11:56:56 - [TEST_STEP][PASSED] - dataFolder = "Выполнение бизнес-плана/Значения со страницы Выполнение бизнес-плана/": null

16-05-2025T11:56:56 - [TEST_STEP][PASSED] - path = <not implemented yet for class: org.codehaus.groovy.ast.expr.EmptyExpression>: null

16-05-2025T11:56:56 - [TEST_STEP][PASSED] - typeOfDataMain = <not implemented yet for class: org.codehaus.groovy.ast.expr.EmptyExpression>: null

16-05-2025T11:56:56 - [TEST_STEP][PASSED] - fileOtpuskVSet = <not implemented yet for class: org.codehaus.groovy.ast.expr.EmptyExpression>: null

16-05-2025T11:56:56 - [TEST_STEP][PASSED] - pageOtpuskVSet = <not implemented yet for class: org.codehaus.groovy.ast.expr.EmptyExpression>: null

16-05-2025T11:56:56 - [TEST_STEP][PASSED] - filePoteri = <not implemented yet for class: org.codehaus.groovy.ast.expr.EmptyExpression>: null

16-05-2025T11:56:56 - [TEST_STEP][PASSED] - pagePoteri = <not implemented yet for class: org.codehaus.groovy.ast.expr.EmptyExpression>: null

16-05-2025T11:56:56 - [TEST_STEP][PASSED] - compare = <not implemented yet for class: org.codehaus.groovy.ast.expr.EmptyExpression>: null

16-05-2025T11:56:56 - [TEST_STEP][PASSED] - b = <not implemented yet for class: org.codehaus.groovy.ast.expr.EmptyExpression>: null

16-05-2025T11:56:56 - [TEST_STEP][PASSED] - i = <not implemented yet for class: org.codehaus.groovy.ast.expr.EmptyExpression>: null

16-05-2025T11:56:56 - [TEST_STEP][PASSED] - ii = <not implemented yet for class: org.codehaus.groovy.ast.expr.EmptyExpression>: null

16-05-2025T11:56:56 - [TEST_STEP][PASSED] - c = <not implemented yet for class: org.codehaus.groovy.ast.expr.EmptyExpression>: null

16-05-2025T11:56:56 - [TEST_STEP][PASSED] - numberOfErrors = 0: null

16-05-2025T11:56:56 - [TEST_STEP][PASSED] - if (a == 82): null

16-05-2025T11:56:56 - [TEST_STEP][PASSED] - Script1718980020443.OpenFilter(): null

16-05-2025T11:56:56 - [TEST_STEP][PASSED] - click(findTestObject("Object Repository/Выполнение бизнес-плана/Фильтр ДЗО")): Object: 'Object Repository/Выполнение бизнес-плана/Фильтр ДЗО' is clicked on

16-05-2025T11:56:56 - [MESSAGE][PASSED] - Object: 'Object Repository/Выполнение бизнес-плана/Фильтр ДЗО' is clicked on

16-05-2025T11:56:56 - [TEST_STEP][PASSED] - click(findTestObject("Выполнение бизнес-плана/Снять выделение в фильтре ДЗО")): null

16-05-2025T11:56:57 - [MESSAGE][PASSED] - Object: 'Object Repository/Выполнение бизнес-плана/Снять выделение в фильтре ДЗО' is clicked on

16-05-2025T11:56:57 - [TEST_STEP][PASSED] - click(findTestObject("Выполнение бизнес-плана/Раскрыть список ПАО Россети в фильтре ДЗО")): Object: 'Object Repository/Выполнение бизнес-плана/Раскрыть список ПАО Россети в фильтре ДЗО' is clicked on

16-05-2025T11:56:57 - [MESSAGE][PASSED] - Object: 'Object Repository/Выполнение бизнес-плана/Раскрыть список ПАО Россети в фильтре ДЗО' is clicked on

16-05-2025T11:56:57 - [TEST_STEP][PASSED] - click(findTestObject("Выполнение бизнес-плана/РаспредКомплекс")): Object: 'Object Repository/Выполнение бизнес-плана/РаспредКомплекс' is clicked on

16-05-2025T11:56:57 - [MESSAGE][PASSED] - Object: 'Object Repository/Выполнение бизнес-плана/РаспредКомплекс' is clicked on

16-05-2025T11:56:57 - [TEST_STEP][PASSED] - Script1718980020443.CloseFilter(): null

16-05-2025T11:56:57 - [TEST_STEP][PASSED] - scrollToElement(findTestObject("Выполнение бизнес-плана/Заголовок дашборда"), 30): Scroll to object 'Object Repository/Выполнение бизнес-плана/Заголовок дашборда' successfully

16-05-2025T11:56:58 - [MESSAGE][PASSED] - Scroll to object 'Object Repository/Выполнение бизнес-плана/Заголовок дашборда' successfully

16-05-2025T11:56:58 - [TEST_STEP][PASSED] - click(findTestObject("Object Repository/Выполнение бизнес-плана/Применить в фильтре ДЗО")): null

16-05-2025T11:56:59 - [MESSAGE][PASSED] - Object: 'Object Repository/Выполнение бизнес-плана/Применить в фильтре ДЗО' is clicked on

16-05-2025T11:56:59 - [TEST_STEP][PASSED] - delay(5): Delayed 5 second(s)

16-05-2025T11:57:04 - [MESSAGE][PASSED] - Delayed 5 second(s)

16-05-2025T11:57:04 - [TEST_STEP][PASSED] - b = findTestData("PlanFact").getValue(1, a): null

16-05-2025T11:57:04 - [TEST_STEP][PASSED] - i = b.indexOf(" (ГК)"): null

16-05-2025T11:57:04 - [TEST_STEP][PASSED] - if (i > -1): null

16-05-2025T11:57:04 - [TEST_STEP][PASSED] - i = b.indexOf("О ""): null

16-05-2025T11:57:04 - [TEST_STEP][PASSED] - if (i > -1): null

16-05-2025T11:57:04 - [TEST_STEP][PASSED] - i = b.indexOf("О «"): null

16-05-2025T11:57:04 - [TEST_STEP][PASSED] - if (i > -1): null

16-05-2025T11:57:04 - [TEST_STEP][PASSED] - i = b.indexOf("г. "): null

16-05-2025T11:57:04 - [TEST_STEP][PASSED] - if (i > -1): null

16-05-2025T11:57:04 - [TEST_STEP][PASSED] - b = b.trim(): null

16-05-2025T11:57:04 - [TEST_STEP][PASSED] - println(b): null

16-05-2025T11:57:04 - [TEST_STEP][PASSED] - for ([planFact = 1, planFact < 3, (planFact++)]): null

16-05-2025T11:57:04 - [TEST_STEP][PASSED] - if (planFact == 1): null

16-05-2025T11:57:04 - [TEST_STEP][PASSED] - typeOfDataMain = "Факт": null

16-05-2025T11:57:04 - [TEST_STEP][PASSED] - otpusk = findTestData("PlanFact").getValue(5, a): null

16-05-2025T11:57:04 - [TEST_STEP][PASSED] - poteri = findTestData("PlanFact").getValue(6, a): null

16-05-2025T11:57:04 - [TEST_STEP][PASSED] - otpusk = otpusk.replaceAll("\s+", ""): null

16-05-2025T11:57:04 - [TEST_STEP][PASSED] - poteri = poteri.replaceAll("\s+", ""): null

16-05-2025T11:57:04 - [TEST_STEP][PASSED] - typeOfData = typeOfDataMain + " Отпуск в сеть": null

16-05-2025T11:57:04 - [TEST_STEP][PASSED] - if (a == 82): null

16-05-2025T11:57:04 - [TEST_STEP][PASSED] - path = dataFolder + typeOfData + " за отчётный период " + "РаспредКомплекс": null

16-05-2025T11:57:04 - [TEST_STEP][PASSED] - println(path): null

16-05-2025T11:57:04 - [TEST_STEP][PASSED] - page = getText(findTestObject(path)): Text of object 'Object Repository/Выполнение бизнес-плана/Значения со страницы Выполнение бизнес-плана/Факт Отпуск в сеть за отчётный период РаспредКомплекс' is: '106 461 754'

16-05-2025T11:57:09 - [MESSAGE][PASSED] - Text of object 'Object Repository/Выполнение бизнес-плана/Значения со страницы Выполнение бизнес-плана/Факт Отпуск в сеть за отчётный период РаспредКомплекс' is: '106 461 754'

16-05-2025T11:57:09 - [TEST_STEP][PASSED] - if (page == "" || page == null): null

16-05-2025T11:57:09 - [TEST_STEP][PASSED] - else: null

16-05-2025T11:57:09 - [TEST_STEP][PASSED] - page = page.replaceAll("\s+", ""): null

16-05-2025T11:57:09 - [TEST_STEP][PASSED] - if (page == "undefined"): null

16-05-2025T11:57:09 - [TEST_STEP][PASSED] - fileOtpuskVSet = otpusk.toInteger(): null

16-05-2025T11:57:09 - [TEST_STEP][PASSED] - pageOtpuskVSet = page.toInteger(): null

16-05-2025T11:57:09 - [TEST_STEP][PASSED] - typeOfData = typeOfDataMain + " Потери": null

16-05-2025T11:57:09 - [TEST_STEP][PASSED] - if (a == 82): null

16-05-2025T11:57:09 - [TEST_STEP][PASSED] - path = dataFolder + typeOfData + " за отчётный период " + "РаспредКомплекс": null

16-05-2025T11:57:09 - [TEST_STEP][PASSED] - page = getText(findTestObject(path)): Text of object 'Object Repository/Выполнение бизнес-плана/Значения со страницы Выполнение бизнес-плана/Факт Потери за отчётный период РаспредКомплекс' is: '8 511 464'

16-05-2025T11:57:10 - [MESSAGE][PASSED] - Text of object 'Object Repository/Выполнение бизнес-плана/Значения со страницы Выполнение бизнес-плана/Факт Потери за отчётный период РаспредКомплекс' is: '8 511 464'

16-05-2025T11:57:10 - [TEST_STEP][PASSED] - if (page == "" || page == null): null

16-05-2025T11:57:10 - [TEST_STEP][PASSED] - else: null

16-05-2025T11:57:10 - [TEST_STEP][PASSED] - page = page.replaceAll("\s+", ""): null

16-05-2025T11:57:10 - [TEST_STEP][PASSED] - if (page == "undefined"): null

16-05-2025T11:57:10 - [TEST_STEP][PASSED] - filePoteri = poteri.toInteger(): null

16-05-2025T11:57:10 - [TEST_STEP][PASSED] - pagePoteri = page.toInteger(): null

16-05-2025T11:57:10 - [TEST_STEP][PASSED] - compare = pageOtpuskVSet: null

16-05-2025T11:57:10 - [TEST_STEP][PASSED] - if (pageOtpuskVSet != null): null

16-05-2025T11:57:10 - [TEST_STEP][PASSED] - if (compare == fileOtpuskVSet): null

16-05-2025T11:57:10 - [TEST_STEP][PASSED] - else if (compare > fileOtpuskVSet): null

16-05-2025T11:57:10 - [TEST_STEP][PASSED] - else if (compare < fileOtpuskVSet): null

16-05-2025T11:57:10 - [TEST_STEP][PASSED] - compare = compare + 1: null

16-05-2025T11:57:10 - [TEST_STEP][PASSED] - if (compare == fileOtpuskVSet): null

16-05-2025T11:57:10 - [TEST_STEP][PASSED] - else: null

16-05-2025T11:57:10 - [TEST_STEP][PASSED] - numberOfErrors = numberOfErrors + 1: null

16-05-2025T11:57:10 - [TEST_STEP][PASSED] - pageInt = pageOtpuskVSet: null

16-05-2025T11:57:10 - [TEST_STEP][PASSED] - fileInt = fileOtpuskVSet: null

16-05-2025T11:57:10 - [TEST_STEP][PASSED] - typeOfData = typeOfDataMain + " Отпуск в сеть": null

16-05-2025T11:57:10 - [TEST_STEP][PASSED] - Script1718980020443.WriteToExcel(a, typeOfData, todaysDate, pageInt, fileInt, pageDouble, fileDouble, dZO): null

16-05-2025T11:57:10 - [TEST_STEP][PASSED] - sheetName = "Sheet1": null

16-05-2025T11:57:10 - [TEST_STEP][PASSED] - data = findTestData("PlanFact"): null

16-05-2025T11:57:10 - [TEST_STEP][PASSED] - n = data.getRowNumbers() + 1: null

16-05-2025T11:57:10 - [TEST_STEP][PASSED] - day = ")).toInteger(): null

16-05-2025T11:57:10 - [TEST_STEP][PASSED] - println(day): null

16-05-2025T11:57:10 - [TEST_STEP][PASSED] - month = ")).toInteger(): null

16-05-2025T11:57:10 - [TEST_STEP][PASSED] - println(month): null

16-05-2025T11:57:10 - [TEST_STEP][PASSED] - y = <not implemented yet for class: org.codehaus.groovy.ast.expr.EmptyExpression>: null

16-05-2025T11:57:10 - [TEST_STEP][PASSED] - iy = <not implemented yet for class: org.codehaus.groovy.ast.expr.EmptyExpression>: null

16-05-2025T11:57:10 - [TEST_STEP][PASSED] - m = getText(findTestObject("Выполнение бизнес-плана/Период")): Text of object 'Object Repository/Выполнение бизнес-плана/Период' is: '1 кв. 2025 года'

16-05-2025T11:57:10 - [MESSAGE][PASSED] - Text of object 'Object Repository/Выполнение бизнес-плана/Период' is: '1 кв. 2025 года'

16-05-2025T11:57:10 - [TEST_STEP][PASSED] - iy = m.indexOf("20"): null

16-05-2025T11:57:10 - [TEST_STEP][PASSED] - if (iy > -1): null

16-05-2025T11:57:10 - [TEST_STEP][PASSED] - y = substring(iy, iy + 4).toInteger(): null

16-05-2025T11:57:10 - [TEST_STEP][PASSED] - println(y): null

16-05-2025T11:57:10 - [TEST_STEP][PASSED] - if (toString().length() == 4): null

16-05-2025T11:57:10 - [TEST_STEP][PASSED] - m = m.substring(0, m.indexOf(y.toString())): null

16-05-2025T11:57:10 - [TEST_STEP][PASSED] - m = m.trim(): null

16-05-2025T11:57:10 - [TEST_STEP][PASSED] - if (m == ""): null

16-05-2025T11:57:10 - [TEST_STEP][PASSED] - dashboardName = "Выполнение бизнес-плана": null

16-05-2025T11:57:10 - [TEST_STEP][PASSED] - workbook01 = getWorkbook(excelFilePath): null

16-05-2025T11:57:10 - [TEST_STEP][PASSED] - sheet01 = getExcelSheet(workbook01, sheetName): null

16-05-2025T11:57:10 - [TEST_STEP][PASSED] - setValueToCellByIndex(sheet01, n, 0, dashboardName): null

16-05-2025T11:57:10 - [TEST_STEP][PASSED] - setValueToCellByIndex(sheet01, n, 1, dZO): null

16-05-2025T11:57:10 - [TEST_STEP][PASSED] - setValueToCellByIndex(sheet01, n, 2, typeOfData): null

16-05-2025T11:57:10 - [TEST_STEP][PASSED] - if (typeOfData == "Факт в процентах" || typeOfData == "План в процентах"): null

16-05-2025T11:57:10 - [TEST_STEP][PASSED] - else: null

16-05-2025T11:57:10 - [TEST_STEP][PASSED] - setValueToCellByIndex(sheet01, n, 3, fileInt): null

16-05-2025T11:57:10 - [TEST_STEP][PASSED] - setValueToCellByIndex(sheet01, n, 4, pageInt): null

16-05-2025T11:57:10 - [TEST_STEP][PASSED] - setValueToCellByIndex(sheet01, n, 5, m): null

16-05-2025T11:57:10 - [TEST_STEP][PASSED] - setValueToCellByIndex(sheet01, n, 6, y): null

16-05-2025T11:57:10 - [TEST_STEP][PASSED] - setValueToCellByIndex(sheet01, n, 7, todaysDate): null

16-05-2025T11:57:10 - [TEST_STEP][PASSED] - n = n + 1: null

16-05-2025T11:57:10 - [TEST_STEP][PASSED] - saveWorkbook(excelFilePath, workbook01): null

16-05-2025T11:57:11 - [TEST_STEP][PASSED] - compare = pagePoteri: null

16-05-2025T11:57:11 - [TEST_STEP][PASSED] - if (pageOtpuskVSet != null): null

16-05-2025T11:57:11 - [TEST_STEP][PASSED] - if (compare == filePoteri): null

16-05-2025T11:57:11 - [TEST_STEP][PASSED] - else if (compare > filePoteri): null

16-05-2025T11:57:11 - [TEST_STEP][PASSED] - else if (compare < filePoteri): null

16-05-2025T11:57:11 - [TEST_STEP][PASSED] - compare = compare + 1: null

16-05-2025T11:57:11 - [TEST_STEP][PASSED] - if (compare == filePoteri): null

16-05-2025T11:57:11 - [TEST_STEP][PASSED] - else: null

16-05-2025T11:57:11 - [TEST_STEP][PASSED] - numberOfErrors = numberOfErrors + 1: null

16-05-2025T11:57:11 - [TEST_STEP][PASSED] - pageInt = pagePoteri: null

16-05-2025T11:57:11 - [TEST_STEP][PASSED] - fileInt = filePoteri: null

16-05-2025T11:57:11 - [TEST_STEP][PASSED] - typeOfData = typeOfDataMain + " Потери": null

16-05-2025T11:57:11 - [TEST_STEP][PASSED] - Script1718980020443.WriteToExcel(a, typeOfData, todaysDate, pageInt, fileInt, pageDouble, fileDouble, dZO): null

16-05-2025T11:57:11 - [TEST_STEP][PASSED] - sheetName = "Sheet1": null

16-05-2025T11:57:11 - [TEST_STEP][PASSED] - data = findTestData("PlanFact"): null

16-05-2025T11:57:11 - [TEST_STEP][PASSED] - n = data.getRowNumbers() + 1: null

16-05-2025T11:57:11 - [TEST_STEP][PASSED] - day = ")).toInteger(): null

16-05-2025T11:57:11 - [TEST_STEP][PASSED] - println(day): null

16-05-2025T11:57:11 - [TEST_STEP][PASSED] - month = ")).toInteger(): null

16-05-2025T11:57:11 - [TEST_STEP][PASSED] - println(month): null

16-05-2025T11:57:11 - [TEST_STEP][PASSED] - y = <not implemented yet for class: org.codehaus.groovy.ast.expr.EmptyExpression>: null

16-05-2025T11:57:11 - [TEST_STEP][PASSED] - iy = <not implemented yet for class: org.codehaus.groovy.ast.expr.EmptyExpression>: null

16-05-2025T11:57:11 - [TEST_STEP][PASSED] - m = getText(findTestObject("Выполнение бизнес-плана/Период")): Text of object 'Object Repository/Выполнение бизнес-плана/Период' is: '1 кв. 2025 года'

16-05-2025T11:57:11 - [MESSAGE][PASSED] - Text of object 'Object Repository/Выполнение бизнес-плана/Период' is: '1 кв. 2025 года'

16-05-2025T11:57:11 - [TEST_STEP][PASSED] - iy = m.indexOf("20"): null

16-05-2025T11:57:11 - [TEST_STEP][PASSED] - if (iy > -1): null

16-05-2025T11:57:11 - [TEST_STEP][PASSED] - y = substring(iy, iy + 4).toInteger(): null

16-05-2025T11:57:11 - [TEST_STEP][PASSED] - println(y): null

16-05-2025T11:57:11 - [TEST_STEP][PASSED] - if (toString().length() == 4): null

16-05-2025T11:57:11 - [TEST_STEP][PASSED] - m = m.substring(0, m.indexOf(y.toString())): null

16-05-2025T11:57:11 - [TEST_STEP][PASSED] - m = m.trim(): null

16-05-2025T11:57:11 - [TEST_STEP][PASSED] - if (m == ""): null

16-05-2025T11:57:11 - [TEST_STEP][PASSED] - dashboardName = "Выполнение бизнес-плана": null

16-05-2025T11:57:11 - [TEST_STEP][PASSED] - workbook01 = getWorkbook(excelFilePath): null

16-05-2025T11:57:11 - [TEST_STEP][PASSED] - sheet01 = getExcelSheet(workbook01, sheetName): null

16-05-2025T11:57:11 - [TEST_STEP][PASSED] - setValueToCellByIndex(sheet01, n, 0, dashboardName): null

16-05-2025T11:57:11 - [TEST_STEP][PASSED] - setValueToCellByIndex(sheet01, n, 1, dZO): null

16-05-2025T11:57:11 - [TEST_STEP][PASSED] - setValueToCellByIndex(sheet01, n, 2, typeOfData): null

16-05-2025T11:57:11 - [TEST_STEP][PASSED] - if (typeOfData == "Факт в процентах" || typeOfData == "План в процентах"): null

16-05-2025T11:57:11 - [TEST_STEP][PASSED] - else: null

16-05-2025T11:57:11 - [TEST_STEP][PASSED] - setValueToCellByIndex(sheet01, n, 3, fileInt): null

16-05-2025T11:57:11 - [TEST_STEP][PASSED] - setValueToCellByIndex(sheet01, n, 4, pageInt): null

16-05-2025T11:57:11 - [TEST_STEP][PASSED] - setValueToCellByIndex(sheet01, n, 5, m): null

16-05-2025T11:57:11 - [TEST_STEP][PASSED] - setValueToCellByIndex(sheet01, n, 6, y): null

16-05-2025T11:57:11 - [TEST_STEP][PASSED] - setValueToCellByIndex(sheet01, n, 7, todaysDate): null

16-05-2025T11:57:11 - [TEST_STEP][PASSED] - n = n + 1: null

16-05-2025T11:57:11 - [TEST_STEP][PASSED] - saveWorkbook(excelFilePath, workbook01): null

16-05-2025T11:57:11 - [TEST_STEP][PASSED] - if (planFact == 2): null

16-05-2025T11:57:11 - [TEST_STEP][PASSED] - if (planFact == 1): null

16-05-2025T11:57:11 - [TEST_STEP][PASSED] - else if (planFact == 2): null

16-05-2025T11:57:11 - [TEST_STEP][PASSED] - click(findTestObject("Выполнение бизнес-плана/Кнопка План")): Object: 'Object Repository/Выполнение бизнес-плана/Кнопка План' is clicked on

16-05-2025T11:57:12 - [MESSAGE][PASSED] - Object: 'Object Repository/Выполнение бизнес-плана/Кнопка План' is clicked on

16-05-2025T11:57:12 - [TEST_STEP][PASSED] - typeOfDataMain = "План": null

16-05-2025T11:57:12 - [TEST_STEP][PASSED] - otpusk = findTestData("PlanFact").getValue(2, a): null

16-05-2025T11:57:12 - [TEST_STEP][PASSED] - poteri = findTestData("PlanFact").getValue(3, a): null

16-05-2025T11:57:12 - [TEST_STEP][PASSED] - otpusk = otpusk.replaceAll("\s+", ""): null

16-05-2025T11:57:12 - [TEST_STEP][PASSED] - poteri = poteri.replaceAll("\s+", ""): null

16-05-2025T11:57:12 - [TEST_STEP][PASSED] - typeOfData = typeOfDataMain + " Отпуск в сеть": null

16-05-2025T11:57:12 - [TEST_STEP][PASSED] - if (a == 82): null

16-05-2025T11:57:12 - [TEST_STEP][PASSED] - path = dataFolder + typeOfData + " за отчётный период " + "РаспредКомплекс": null

16-05-2025T11:57:12 - [TEST_STEP][PASSED] - println(path): null

16-05-2025T11:57:12 - [TEST_STEP][PASSED] - page = getText(findTestObject(path)): Text of object 'Object Repository/Выполнение бизнес-плана/Значения со страницы Выполнение бизнес-плана/План Отпуск в сеть за отчётный период РаспредКомплекс' is: '111 696 861'

16-05-2025T11:57:12 - [MESSAGE][PASSED] - Text of object 'Object Repository/Выполнение бизнес-плана/Значения со страницы Выполнение бизнес-плана/План Отпуск в сеть за отчётный период РаспредКомплекс' is: '111 696 861'

16-05-2025T11:57:12 - [TEST_STEP][PASSED] - if (page == "" || page == null): null

16-05-2025T11:57:12 - [TEST_STEP][PASSED] - else: null

16-05-2025T11:57:12 - [TEST_STEP][PASSED] - page = page.replaceAll("\s+", ""): null

16-05-2025T11:57:12 - [TEST_STEP][PASSED] - if (page == "undefined"): null

16-05-2025T11:57:12 - [TEST_STEP][PASSED] - fileOtpuskVSet = otpusk.toInteger(): null

16-05-2025T11:57:12 - [TEST_STEP][PASSED] - pageOtpuskVSet = page.toInteger(): null

16-05-2025T11:57:12 - [TEST_STEP][PASSED] - typeOfData = typeOfDataMain + " Потери": null

16-05-2025T11:57:12 - [TEST_STEP][PASSED] - if (a == 82): null

16-05-2025T11:57:12 - [TEST_STEP][PASSED] - path = dataFolder + typeOfData + " за отчётный период " + "РаспредКомплекс": null

16-05-2025T11:57:12 - [TEST_STEP][PASSED] - page = getText(findTestObject(path)): Text of object 'Object Repository/Выполнение бизнес-плана/Значения со страницы Выполнение бизнес-плана/План Потери за отчётный период РаспредКомплекс' is: '9 618 105'

16-05-2025T11:57:12 - [MESSAGE][PASSED] - Text of object 'Object Repository/Выполнение бизнес-плана/Значения со страницы Выполнение бизнес-плана/План Потери за отчётный период РаспредКомплекс' is: '9 618 105'

16-05-2025T11:57:12 - [TEST_STEP][PASSED] - if (page == "" || page == null): null

16-05-2025T11:57:12 - [TEST_STEP][PASSED] - else: null

16-05-2025T11:57:12 - [TEST_STEP][PASSED] - page = page.replaceAll("\s+", ""): null

16-05-2025T11:57:12 - [TEST_STEP][PASSED] - if (page == "undefined"): null

16-05-2025T11:57:12 - [TEST_STEP][PASSED] - filePoteri = poteri.toInteger(): null

16-05-2025T11:57:12 - [TEST_STEP][PASSED] - pagePoteri = page.toInteger(): null

16-05-2025T11:57:12 - [TEST_STEP][PASSED] - compare = pageOtpuskVSet: null

16-05-2025T11:57:12 - [TEST_STEP][PASSED] - if (pageOtpuskVSet != null): null

16-05-2025T11:57:12 - [TEST_STEP][PASSED] - if (compare == fileOtpuskVSet): null

16-05-2025T11:57:12 - [TEST_STEP][PASSED] - else if (compare > fileOtpuskVSet): null

16-05-2025T11:57:12 - [TEST_STEP][PASSED] - else if (compare < fileOtpuskVSet): null

16-05-2025T11:57:12 - [TEST_STEP][PASSED] - compare = compare + 1: null

16-05-2025T11:57:12 - [TEST_STEP][PASSED] - if (compare == fileOtpuskVSet): null

16-05-2025T11:57:12 - [TEST_STEP][PASSED] - else: null

16-05-2025T11:57:12 - [TEST_STEP][PASSED] - numberOfErrors = numberOfErrors + 1: null

16-05-2025T11:57:12 - [TEST_STEP][PASSED] - pageInt = pageOtpuskVSet: null

16-05-2025T11:57:12 - [TEST_STEP][PASSED] - fileInt = fileOtpuskVSet: null

16-05-2025T11:57:12 - [TEST_STEP][PASSED] - typeOfData = typeOfDataMain + " Отпуск в сеть": null

16-05-2025T11:57:12 - [TEST_STEP][PASSED] - Script1718980020443.WriteToExcel(a, typeOfData, todaysDate, pageInt, fileInt, pageDouble, fileDouble, dZO): null

16-05-2025T11:57:12 - [TEST_STEP][PASSED] - sheetName = "Sheet1": null

16-05-2025T11:57:12 - [TEST_STEP][PASSED] - data = findTestData("PlanFact"): null

16-05-2025T11:57:12 - [TEST_STEP][PASSED] - n = data.getRowNumbers() + 1: null

16-05-2025T11:57:12 - [TEST_STEP][PASSED] - day = ")).toInteger(): null

16-05-2025T11:57:12 - [TEST_STEP][PASSED] - println(day): null

16-05-2025T11:57:12 - [TEST_STEP][PASSED] - month = ")).toInteger(): null

16-05-2025T11:57:12 - [TEST_STEP][PASSED] - println(month): null

16-05-2025T11:57:12 - [TEST_STEP][PASSED] - y = <not implemented yet for class: org.codehaus.groovy.ast.expr.EmptyExpression>: null

16-05-2025T11:57:12 - [TEST_STEP][PASSED] - iy = <not implemented yet for class: org.codehaus.groovy.ast.expr.EmptyExpression>: null

16-05-2025T11:57:12 - [TEST_STEP][PASSED] - m = getText(findTestObject("Выполнение бизнес-плана/Период")): Text of object 'Object Repository/Выполнение бизнес-плана/Период' is: '1 кв. 2025 года'

16-05-2025T11:57:13 - [MESSAGE][PASSED] - Text of object 'Object Repository/Выполнение бизнес-плана/Период' is: '1 кв. 2025 года'

16-05-2025T11:57:13 - [TEST_STEP][PASSED] - iy = m.indexOf("20"): null

16-05-2025T11:57:13 - [TEST_STEP][PASSED] - if (iy > -1): null

16-05-2025T11:57:13 - [TEST_STEP][PASSED] - y = substring(iy, iy + 4).toInteger(): null

16-05-2025T11:57:13 - [TEST_STEP][PASSED] - println(y): null

16-05-2025T11:57:13 - [TEST_STEP][PASSED] - if (toString().length() == 4): null

16-05-2025T11:57:13 - [TEST_STEP][PASSED] - m = m.substring(0, m.indexOf(y.toString())): null

16-05-2025T11:57:13 - [TEST_STEP][PASSED] - m = m.trim(): null

16-05-2025T11:57:13 - [TEST_STEP][PASSED] - if (m == ""): null

16-05-2025T11:57:13 - [TEST_STEP][PASSED] - dashboardName = "Выполнение бизнес-плана": null

16-05-2025T11:57:13 - [TEST_STEP][PASSED] - workbook01 = getWorkbook(excelFilePath): null

16-05-2025T11:57:13 - [TEST_STEP][PASSED] - sheet01 = getExcelSheet(workbook01, sheetName): null

16-05-2025T11:57:13 - [TEST_STEP][PASSED] - setValueToCellByIndex(sheet01, n, 0, dashboardName): null

16-05-2025T11:57:13 - [TEST_STEP][PASSED] - setValueToCellByIndex(sheet01, n, 1, dZO): null

16-05-2025T11:57:13 - [TEST_STEP][PASSED] - setValueToCellByIndex(sheet01, n, 2, typeOfData): null

16-05-2025T11:57:13 - [TEST_STEP][PASSED] - if (typeOfData == "Факт в процентах" || typeOfData == "План в процентах"): null

16-05-2025T11:57:13 - [TEST_STEP][PASSED] - else: null

16-05-2025T11:57:13 - [TEST_STEP][PASSED] - setValueToCellByIndex(sheet01, n, 3, fileInt): null

16-05-2025T11:57:13 - [TEST_STEP][PASSED] - setValueToCellByIndex(sheet01, n, 4, pageInt): null

16-05-2025T11:57:13 - [TEST_STEP][PASSED] - setValueToCellByIndex(sheet01, n, 5, m): null

16-05-2025T11:57:13 - [TEST_STEP][PASSED] - setValueToCellByIndex(sheet01, n, 6, y): null

16-05-2025T11:57:13 - [TEST_STEP][PASSED] - setValueToCellByIndex(sheet01, n, 7, todaysDate): null

16-05-2025T11:57:13 - [TEST_STEP][PASSED] - n = n + 1: null

16-05-2025T11:57:13 - [TEST_STEP][PASSED] - saveWorkbook(excelFilePath, workbook01): null

16-05-2025T11:57:13 - [TEST_STEP][PASSED] - compare = pagePoteri: null

16-05-2025T11:57:13 - [TEST_STEP][PASSED] - if (pageOtpuskVSet != null): null

16-05-2025T11:57:13 - [TEST_STEP][PASSED] - if (compare == filePoteri): null

16-05-2025T11:57:13 - [TEST_STEP][PASSED] - else if (compare > filePoteri): null

16-05-2025T11:57:13 - [TEST_STEP][PASSED] - else if (compare < filePoteri): null

16-05-2025T11:57:13 - [TEST_STEP][PASSED] - compare = compare + 1: null

16-05-2025T11:57:13 - [TEST_STEP][PASSED] - if (compare == filePoteri): null

16-05-2025T11:57:13 - [TEST_STEP][PASSED] - else: null

16-05-2025T11:57:13 - [TEST_STEP][PASSED] - numberOfErrors = numberOfErrors + 1: null

16-05-2025T11:57:13 - [TEST_STEP][PASSED] - pageInt = pagePoteri: null

16-05-2025T11:57:13 - [TEST_STEP][PASSED] - fileInt = filePoteri: null

16-05-2025T11:57:13 - [TEST_STEP][PASSED] - typeOfData = typeOfDataMain + " Потери": null

16-05-2025T11:57:13 - [TEST_STEP][PASSED] - Script1718980020443.WriteToExcel(a, typeOfData, todaysDate, pageInt, fileInt, pageDouble, fileDouble, dZO): null

16-05-2025T11:57:13 - [TEST_STEP][PASSED] - sheetName = "Sheet1": null

16-05-2025T11:57:13 - [TEST_STEP][PASSED] - data = findTestData("PlanFact"): null

16-05-2025T11:57:13 - [TEST_STEP][PASSED] - n = data.getRowNumbers() + 1: null

16-05-2025T11:57:13 - [TEST_STEP][PASSED] - day = ")).toInteger(): null

16-05-2025T11:57:13 - [TEST_STEP][PASSED] - println(day): null

16-05-2025T11:57:13 - [TEST_STEP][PASSED] - month = ")).toInteger(): null

16-05-2025T11:57:13 - [TEST_STEP][PASSED] - println(month): null

16-05-2025T11:57:13 - [TEST_STEP][PASSED] - y = <not implemented yet for class: org.codehaus.groovy.ast.expr.EmptyExpression>: null

16-05-2025T11:57:13 - [TEST_STEP][PASSED] - iy = <not implemented yet for class: org.codehaus.groovy.ast.expr.EmptyExpression>: null

16-05-2025T11:57:13 - [TEST_STEP][PASSED] - m = getText(findTestObject("Выполнение бизнес-плана/Период")): Text of object 'Object Repository/Выполнение бизнес-плана/Период' is: '1 кв. 2025 года'

16-05-2025T11:57:13 - [MESSAGE][PASSED] - Text of object 'Object Repository/Выполнение бизнес-плана/Период' is: '1 кв. 2025 года'

16-05-2025T11:57:13 - [TEST_STEP][PASSED] - iy = m.indexOf("20"): null

16-05-2025T11:57:13 - [TEST_STEP][PASSED] - if (iy > -1): null

16-05-2025T11:57:13 - [TEST_STEP][PASSED] - y = substring(iy, iy + 4).toInteger(): null

16-05-2025T11:57:13 - [TEST_STEP][PASSED] - println(y): null

16-05-2025T11:57:13 - [TEST_STEP][PASSED] - if (toString().length() == 4): null

16-05-2025T11:57:13 - [TEST_STEP][PASSED] - m = m.substring(0, m.indexOf(y.toString())): null

16-05-2025T11:57:13 - [TEST_STEP][PASSED] - m = m.trim(): null

16-05-2025T11:57:13 - [TEST_STEP][PASSED] - if (m == ""): null

16-05-2025T11:57:13 - [TEST_STEP][PASSED] - dashboardName = "Выполнение бизнес-плана": null

16-05-2025T11:57:13 - [TEST_STEP][PASSED] - workbook01 = getWorkbook(excelFilePath): null

16-05-2025T11:57:13 - [TEST_STEP][PASSED] - sheet01 = getExcelSheet(workbook01, sheetName): null

16-05-2025T11:57:13 - [TEST_STEP][PASSED] - setValueToCellByIndex(sheet01, n, 0, dashboardName): null

16-05-2025T11:57:13 - [TEST_STEP][PASSED] - setValueToCellByIndex(sheet01, n, 1, dZO): null

16-05-2025T11:57:13 - [TEST_STEP][PASSED] - setValueToCellByIndex(sheet01, n, 2, typeOfData): null

16-05-2025T11:57:13 - [TEST_STEP][PASSED] - if (typeOfData == "Факт в процентах" || typeOfData == "План в процентах"): null

16-05-2025T11:57:13 - [TEST_STEP][PASSED] - else: null

16-05-2025T11:57:13 - [TEST_STEP][PASSED] - setValueToCellByIndex(sheet01, n, 3, fileInt): null

16-05-2025T11:57:13 - [TEST_STEP][PASSED] - setValueToCellByIndex(sheet01, n, 4, pageInt): null

16-05-2025T11:57:13 - [TEST_STEP][PASSED] - setValueToCellByIndex(sheet01, n, 5, m): null

16-05-2025T11:57:13 - [TEST_STEP][PASSED] - setValueToCellByIndex(sheet01, n, 6, y): null

16-05-2025T11:57:13 - [TEST_STEP][PASSED] - setValueToCellByIndex(sheet01, n, 7, todaysDate): null

16-05-2025T11:57:13 - [TEST_STEP][PASSED] - n = n + 1: null

16-05-2025T11:57:13 - [TEST_STEP][PASSED] - saveWorkbook(excelFilePath, workbook01): Object: 'Object Repository/Выполнение бизнес-плана/Кнопка Факт' is clicked on

16-05-2025T11:57:13 - [TEST_STEP][PASSED] - if (planFact == 2): Object: 'Object Repository/Выполнение бизнес-плана/Кнопка Факт' is clicked on

16-05-2025T11:57:13 - [TEST_STEP][PASSED] - click(findTestObject("Выполнение бизнес-плана/Кнопка Факт")): Object: 'Object Repository/Выполнение бизнес-плана/Кнопка Факт' is clicked on

16-05-2025T11:57:14 - [MESSAGE][PASSED] - Object: 'Object Repository/Выполнение бизнес-плана/Кнопка Факт' is clicked on

16-05-2025T11:57:14 - [TEST_STEP][PASSED] - println("a=" + a): null

16-05-2025T11:57:14 - [TEST_STEP][PASSED] - if (a == 84 || a == 82): null

16-05-2025T11:57:14 - [TEST_STEP][PASSED] - page = getText(findTestObject("Выполнение бизнес-плана/textPlanFact")): Text of object 'Object Repository/Выполнение бизнес-плана/textPlanFact' is: '%
8.61 8.61
7.99 7.99
План
Факт
1
100'

16-05-2025T11:57:14 - [MESSAGE][PASSED] - Text of object 'Object Repository/Выполнение бизнес-плана/textPlanFact' is: '%
8.61 8.61
7.99 7.99
План
Факт
1
100'

16-05-2025T11:57:14 - [TEST_STEP][PASSED] - page = page.replaceAll("\n", "_"): null

16-05-2025T11:57:14 - [TEST_STEP][PASSED] - page = page.substring(page.indexOf("_") + 1, page.length()): null

16-05-2025T11:57:14 - [TEST_STEP][PASSED] - page1 = page.substring(0, page.indexOf("_")): null

16-05-2025T11:57:14 - [TEST_STEP][PASSED] - page1 = page.substring(0, page.indexOf(" ")): null

16-05-2025T11:57:14 - [TEST_STEP][PASSED] - page2 = page.substring(page.indexOf("_") + 1, page.length()): null

16-05-2025T11:57:14 - [TEST_STEP][PASSED] - page2 = page2.substring(0, page.indexOf("_")): null

16-05-2025T11:57:14 - [TEST_STEP][PASSED] - page2 = page2.substring(0, page.indexOf(" ")): null

16-05-2025T11:57:14 - [TEST_STEP][PASSED] - println("page1: " + page1): null

16-05-2025T11:57:14 - [TEST_STEP][PASSED] - println("page2: " + page2): null

16-05-2025T11:57:14 - [TEST_STEP][PASSED] - file = findTestData("PlanFact").getValue(4, a): null

16-05-2025T11:57:14 - [TEST_STEP][PASSED] - file = file.replace(",", "."): null

16-05-2025T11:57:14 - [TEST_STEP][PASSED] - println("file Plan: " + file): null

16-05-2025T11:57:14 - [TEST_STEP][PASSED] - typeOfData = "План в процентах": null

16-05-2025T11:57:14 - [TEST_STEP][PASSED] - fileDouble = file.toDouble(): null

16-05-2025T11:57:14 - [TEST_STEP][PASSED] - pageDouble = page1.toDouble(): null

16-05-2025T11:57:14 - [TEST_STEP][PASSED] - if (fileDouble != pageDouble): null

16-05-2025T11:57:14 - [TEST_STEP][PASSED] - numberOfErrors = numberOfErrors + 1: null

16-05-2025T11:57:14 - [TEST_STEP][PASSED] - Script1718980020443.WriteToExcel(a, typeOfData, todaysDate, pageInt, fileInt, pageDouble, fileDouble, dZO): null

16-05-2025T11:57:14 - [TEST_STEP][PASSED] - sheetName = "Sheet1": null

16-05-2025T11:57:14 - [TEST_STEP][PASSED] - data = findTestData("PlanFact"): null

16-05-2025T11:57:14 - [TEST_STEP][PASSED] - n = data.getRowNumbers() + 1: null

16-05-2025T11:57:14 - [TEST_STEP][PASSED] - day = ")).toInteger(): null

16-05-2025T11:57:14 - [TEST_STEP][PASSED] - println(day): null

16-05-2025T11:57:14 - [TEST_STEP][PASSED] - month = ")).toInteger(): null

16-05-2025T11:57:14 - [TEST_STEP][PASSED] - println(month): null

16-05-2025T11:57:14 - [TEST_STEP][PASSED] - y = <not implemented yet for class: org.codehaus.groovy.ast.expr.EmptyExpression>: null

16-05-2025T11:57:14 - [TEST_STEP][PASSED] - iy = <not implemented yet for class: org.codehaus.groovy.ast.expr.EmptyExpression>: null

16-05-2025T11:57:14 - [TEST_STEP][PASSED] - m = getText(findTestObject("Выполнение бизнес-плана/Период")): Text of object 'Object Repository/Выполнение бизнес-плана/Период' is: '1 кв. 2025 года'

16-05-2025T11:57:14 - [MESSAGE][PASSED] - Text of object 'Object Repository/Выполнение бизнес-плана/Период' is: '1 кв. 2025 года'

16-05-2025T11:57:14 - [TEST_STEP][PASSED] - iy = m.indexOf("20"): null

16-05-2025T11:57:14 - [TEST_STEP][PASSED] - if (iy > -1): null

16-05-2025T11:57:14 - [TEST_STEP][PASSED] - y = substring(iy, iy + 4).toInteger(): null

16-05-2025T11:57:14 - [TEST_STEP][PASSED] - println(y): null

16-05-2025T11:57:14 - [TEST_STEP][PASSED] - if (toString().length() == 4): null

16-05-2025T11:57:14 - [TEST_STEP][PASSED] - m = m.substring(0, m.indexOf(y.toString())): null

16-05-2025T11:57:14 - [TEST_STEP][PASSED] - m = m.trim(): null

16-05-2025T11:57:14 - [TEST_STEP][PASSED] - if (m == ""): null

16-05-2025T11:57:14 - [TEST_STEP][PASSED] - dashboardName = "Выполнение бизнес-плана": null

16-05-2025T11:57:14 - [TEST_STEP][PASSED] - workbook01 = getWorkbook(excelFilePath): null

16-05-2025T11:57:15 - [TEST_STEP][PASSED] - sheet01 = getExcelSheet(workbook01, sheetName): null

16-05-2025T11:57:15 - [TEST_STEP][PASSED] - setValueToCellByIndex(sheet01, n, 0, dashboardName): null

16-05-2025T11:57:15 - [TEST_STEP][PASSED] - setValueToCellByIndex(sheet01, n, 1, dZO): null

16-05-2025T11:57:15 - [TEST_STEP][PASSED] - setValueToCellByIndex(sheet01, n, 2, typeOfData): null

16-05-2025T11:57:15 - [TEST_STEP][PASSED] - if (typeOfData == "Факт в процентах" || typeOfData == "План в процентах"): null

16-05-2025T11:57:15 - [TEST_STEP][PASSED] - setValueToCellByIndex(sheet01, n, 3, fileDouble): null

16-05-2025T11:57:15 - [TEST_STEP][PASSED] - setValueToCellByIndex(sheet01, n, 4, pageDouble): null

16-05-2025T11:57:15 - [TEST_STEP][PASSED] - setValueToCellByIndex(sheet01, n, 5, m): null

16-05-2025T11:57:15 - [TEST_STEP][PASSED] - setValueToCellByIndex(sheet01, n, 6, y): null

16-05-2025T11:57:15 - [TEST_STEP][PASSED] - setValueToCellByIndex(sheet01, n, 7, todaysDate): null

16-05-2025T11:57:15 - [TEST_STEP][PASSED] - n = n + 1: null

16-05-2025T11:57:15 - [TEST_STEP][PASSED] - saveWorkbook(excelFilePath, workbook01): null

16-05-2025T11:57:15 - [TEST_STEP][PASSED] - file = findTestData("PlanFact").getValue(7, a): null

16-05-2025T11:57:15 - [TEST_STEP][PASSED] - file = file.replace(",", "."): null

16-05-2025T11:57:15 - [TEST_STEP][PASSED] - println("file Fact: " + file): null

16-05-2025T11:57:15 - [TEST_STEP][PASSED] - fileDouble = file.toDouble(): null

16-05-2025T11:57:15 - [TEST_STEP][PASSED] - typeOfData = "Факт в процентах": null

16-05-2025T11:57:15 - [TEST_STEP][PASSED] - fileDouble = file.toDouble(): null

16-05-2025T11:57:15 - [TEST_STEP][PASSED] - pageDouble = page2.toDouble(): null

16-05-2025T11:57:15 - [TEST_STEP][PASSED] - if (fileDouble != pageDouble): null

16-05-2025T11:57:15 - [TEST_STEP][PASSED] - numberOfErrors = numberOfErrors + 1: null

16-05-2025T11:57:15 - [TEST_STEP][PASSED] - Script1718980020443.WriteToExcel(a, typeOfData, todaysDate, pageInt, fileInt, pageDouble, fileDouble, dZO): null

16-05-2025T11:57:15 - [TEST_STEP][PASSED] - sheetName = "Sheet1": null

16-05-2025T11:57:15 - [TEST_STEP][PASSED] - data = findTestData("PlanFact"): null

16-05-2025T11:57:15 - [TEST_STEP][PASSED] - n = data.getRowNumbers() + 1: null

16-05-2025T11:57:15 - [TEST_STEP][PASSED] - day = ")).toInteger(): null

16-05-2025T11:57:15 - [TEST_STEP][PASSED] - println(day): null

16-05-2025T11:57:15 - [TEST_STEP][PASSED] - month = ")).toInteger(): null

16-05-2025T11:57:15 - [TEST_STEP][PASSED] - println(month): null

16-05-2025T11:57:15 - [TEST_STEP][PASSED] - y = <not implemented yet for class: org.codehaus.groovy.ast.expr.EmptyExpression>: null

16-05-2025T11:57:15 - [TEST_STEP][PASSED] - iy = <not implemented yet for class: org.codehaus.groovy.ast.expr.EmptyExpression>: null

16-05-2025T11:57:15 - [TEST_STEP][PASSED] - m = getText(findTestObject("Выполнение бизнес-плана/Период")): Text of object 'Object Repository/Выполнение бизнес-плана/Период' is: '1 кв. 2025 года'

16-05-2025T11:57:15 - [MESSAGE][PASSED] - Text of object 'Object Repository/Выполнение бизнес-плана/Период' is: '1 кв. 2025 года'

16-05-2025T11:57:15 - [TEST_STEP][PASSED] - iy = m.indexOf("20"): null

16-05-2025T11:57:15 - [TEST_STEP][PASSED] - if (iy > -1): null

16-05-2025T11:57:15 - [TEST_STEP][PASSED] - y = substring(iy, iy + 4).toInteger(): null

16-05-2025T11:57:15 - [TEST_STEP][PASSED] - println(y): null

16-05-2025T11:57:15 - [TEST_STEP][PASSED] - if (toString().length() == 4): null

16-05-2025T11:57:15 - [TEST_STEP][PASSED] - m = m.substring(0, m.indexOf(y.toString())): null

16-05-2025T11:57:15 - [TEST_STEP][PASSED] - m = m.trim(): null

16-05-2025T11:57:15 - [TEST_STEP][PASSED] - if (m == ""): null

16-05-2025T11:57:15 - [TEST_STEP][PASSED] - dashboardName = "Выполнение бизнес-плана": null

16-05-2025T11:57:15 - [TEST_STEP][PASSED] - workbook01 = getWorkbook(excelFilePath): null

16-05-2025T11:57:15 - [TEST_STEP][PASSED] - sheet01 = getExcelSheet(workbook01, sheetName): null

16-05-2025T11:57:15 - [TEST_STEP][PASSED] - setValueToCellByIndex(sheet01, n, 0, dashboardName): null

16-05-2025T11:57:15 - [TEST_STEP][PASSED] - setValueToCellByIndex(sheet01, n, 1, dZO): null

16-05-2025T11:57:15 - [TEST_STEP][PASSED] - setValueToCellByIndex(sheet01, n, 2, typeOfData): null

16-05-2025T11:57:15 - [TEST_STEP][PASSED] - if (typeOfData == "Факт в процентах" || typeOfData == "План в процентах"): null

16-05-2025T11:57:15 - [TEST_STEP][PASSED] - setValueToCellByIndex(sheet01, n, 3, fileDouble): null

16-05-2025T11:57:15 - [TEST_STEP][PASSED] - setValueToCellByIndex(sheet01, n, 4, pageDouble): null

16-05-2025T11:57:15 - [TEST_STEP][PASSED] - setValueToCellByIndex(sheet01, n, 5, m): null

16-05-2025T11:57:15 - [TEST_STEP][PASSED] - setValueToCellByIndex(sheet01, n, 6, y): null

16-05-2025T11:57:15 - [TEST_STEP][PASSED] - setValueToCellByIndex(sheet01, n, 7, todaysDate): null

16-05-2025T11:57:15 - [TEST_STEP][PASSED] - n = n + 1: null

16-05-2025T11:57:15 - [TEST_STEP][PASSED] - saveWorkbook(excelFilePath, workbook01): null

16-05-2025T11:57:15 - [TEST_STEP][FAILED] - if (verifyEqual(numberOfErrors, 0) == false): null

16-05-2025T11:57:15 - [MESSAGE][FAILED] - Unable to verify equal between actual object '6' and expected object '0' (Root cause: com.kms.katalon.core.exception.StepFailedException: Actual object '6' and expected object '0' are not equal
	at com.kms.katalon.core.keyword.builtin.VerifyEqualKeyword$_verifyEqual_closure1.doCall(VerifyEqualKeyword.groovy:58)
	at com.kms.katalon.core.keyword.builtin.VerifyEqualKeyword$_verifyEqual_closure1.call(VerifyEqualKeyword.groovy)
	at com.kms.katalon.core.keyword.internal.KeywordMain.runKeyword(KeywordMain.groovy:75)
	at com.kms.katalon.core.keyword.builtin.VerifyEqualKeyword.verifyEqual(VerifyEqualKeyword.groovy:63)
	at com.kms.katalon.core.keyword.builtin.VerifyEqualKeyword.execute(VerifyEqualKeyword.groovy:44)
	at com.kms.katalon.core.keyword.internal.KeywordExecutor.executeKeywordForPlatform(KeywordExecutor.groovy:74)
	at com.kms.katalon.core.keyword.BuiltinKeywords.verifyEqual(BuiltinKeywords.groovy:146)
	at jdk.internal.reflect.GeneratedMethodAccessor24.invoke(Unknown Source)
	at java.base/jdk.internal.reflect.DelegatingMethodAccessorImpl.invoke(DelegatingMethodAccessorImpl.java:43)
	at Выполнение бизнес-плана Сверка ПАО Россети все филиалы.Numbers(Выполнение бизнес-плана Сверка ПАО Россети все филиалы:740)
	at Выполнение бизнес-плана Сверка ПАО Россети все филиалы.run(Выполнение бизнес-плана Сверка ПАО Россети все филиалы:190)
	at com.kms.katalon.core.main.ScriptEngine.run(ScriptEngine.java:194)
	at com.kms.katalon.core.main.ScriptEngine.runScriptAsRawText(ScriptEngine.java:119)
	at com.kms.katalon.core.main.TestCaseExecutor.runScript(TestCaseExecutor.java:448)
	at com.kms.katalon.core.main.TestCaseExecutor.doExecute(TestCaseExecutor.java:439)
	at com.kms.katalon.core.main.TestCaseExecutor.processExecutionPhase(TestCaseExecutor.java:418)
	at com.kms.katalon.core.main.TestCaseExecutor.accessMainPhase(TestCaseExecutor.java:410)
	at com.kms.katalon.core.main.TestCaseExecutor.execute(TestCaseExecutor.java:285)
	at com.kms.katalon.core.common.CommonExecutor.accessTestCaseMainPhase(CommonExecutor.java:65)
	at com.kms.katalon.core.main.TestSuiteExecutor.accessTestSuiteMainPhase(TestSuiteExecutor.java:150)
	at com.kms.katalon.core.main.TestSuiteExecutor.execute(TestSuiteExecutor.java:106)
	at com.kms.katalon.core.main.TestCaseMain.startTestSuite(TestCaseMain.java:180)
	at TempTestSuite1747369435659.run(TempTestSuite1747369435659.groovy:35)
	at java.base/jdk.internal.reflect.NativeMethodAccessorImpl.invoke0(Native Method)
	at java.base/jdk.internal.reflect.NativeMethodAccessorImpl.invoke(NativeMethodAccessorImpl.java:77)
	at java.base/jdk.internal.reflect.DelegatingMethodAccessorImpl.invoke(DelegatingMethodAccessorImpl.java:43)
)

16-05-2025T11:57:15 - [TEST_STEP][PASSED] - println(numberOfErrors): null

16-05-2025T11:57:15 - [TEST_STEP][PASSED] - println("a=" + a): null

16-05-2025T11:57:15 - [TEST_STEP][PASSED] - if (a == 28 || a == 77 || a == 74 || a == 65 || a == 36 || a == 44 || a == 54 || a == 1 || a == 18 || a == 59): null

16-05-2025T11:57:15 - [TEST_STEP][PASSED] - if (a == 82): null

16-05-2025T11:57:15 - [TEST_STEP][PASSED] - Script1718980020443.OpenFilter(): null

16-05-2025T11:57:15 - [TEST_STEP][PASSED] - click(findTestObject("Object Repository/Выполнение бизнес-плана/Фильтр ДЗО")): Object: 'Object Repository/Выполнение бизнес-плана/Фильтр ДЗО' is clicked on

16-05-2025T11:57:16 - [MESSAGE][PASSED] - Object: 'Object Repository/Выполнение бизнес-плана/Фильтр ДЗО' is clicked on

16-05-2025T11:57:16 - [TEST_STEP][PASSED] - click(findTestObject("Выполнение бизнес-плана/Снять выделение в фильтре ДЗО")): null

16-05-2025T11:57:16 - [MESSAGE][PASSED] - Object: 'Object Repository/Выполнение бизнес-плана/Снять выделение в фильтре ДЗО' is clicked on

16-05-2025T11:57:16 - [TEST_STEP][PASSED] - Script1718980020443.CloseFilter(): null

16-05-2025T11:57:16 - [TEST_STEP][PASSED] - scrollToElement(findTestObject("Выполнение бизнес-плана/Заголовок дашборда"), 30): Scroll to object 'Object Repository/Выполнение бизнес-плана/Заголовок дашборда' successfully

16-05-2025T11:57:17 - [MESSAGE][PASSED] - Scroll to object 'Object Repository/Выполнение бизнес-плана/Заголовок дашборда' successfully

16-05-2025T11:57:17 - [TEST_STEP][PASSED] - click(findTestObject("Object Repository/Выполнение бизнес-плана/Применить в фильтре ДЗО")): null

16-05-2025T11:57:17 - [MESSAGE][PASSED] - Object: 'Object Repository/Выполнение бизнес-плана/Применить в фильтре ДЗО' is clicked on

16-05-2025T11:57:17 - [TEST_STEP][PASSED] - delay(20): Delayed 20 second(s)

16-05-2025T11:57:37 - [MESSAGE][PASSED] - Delayed 20 second(s)

16-05-2025T11:57:37 - [TEST_STEP][PASSED] - dZO = "АО «Тываэнерго»": null

16-05-2025T11:57:37 - [TEST_STEP][PASSED] - a = 52: null

16-05-2025T11:57:37 - [TEST_STEP][PASSED] - if (x1.contains("Тываэнерго")): null

16-05-2025T11:57:37 - [TEST_STEP][PASSED] - else: null

16-05-2025T11:57:37 - [TEST_STEP][PASSED] - Script1718980020443.NoData(a, typeOfData, todaysDate, fileInt, fileDouble, dZO): null

16-05-2025T11:57:37 - [TEST_STEP][PASSED] - println(a): null

16-05-2025T11:57:37 - [TEST_STEP][PASSED] - println(todaysDate): null

16-05-2025T11:57:37 - [TEST_STEP][PASSED] - println(fileInt): null

16-05-2025T11:57:37 - [TEST_STEP][PASSED] - println(fileDouble): null

16-05-2025T11:57:37 - [TEST_STEP][PASSED] - println(dZO): null

16-05-2025T11:57:37 - [TEST_STEP][PASSED] - typeOfData = "Факт Отпуск в сеть": null

16-05-2025T11:57:37 - [TEST_STEP][PASSED] - fileInt = replaceAll("\s+", "").toInteger(): null

16-05-2025T11:57:37 - [TEST_STEP][PASSED] - Script1718980020443.WriteToExcelNoData(a, typeOfData, todaysDate, fileInt, fileDouble, dZO): null

16-05-2025T11:57:37 - [TEST_STEP][PASSED] - sheetName = "Sheet1": null

16-05-2025T11:57:37 - [TEST_STEP][PASSED] - data = findTestData("PlanFact"): null

16-05-2025T11:57:38 - [TEST_STEP][PASSED] - n = data.getRowNumbers() + 1: null

16-05-2025T11:57:38 - [TEST_STEP][PASSED] - day = ")).toInteger(): null

16-05-2025T11:57:38 - [TEST_STEP][PASSED] - println(day): null

16-05-2025T11:57:38 - [TEST_STEP][PASSED] - month = ")).toInteger(): null

16-05-2025T11:57:38 - [TEST_STEP][PASSED] - println(month): null

16-05-2025T11:57:38 - [TEST_STEP][PASSED] - y = <not implemented yet for class: org.codehaus.groovy.ast.expr.EmptyExpression>: null

16-05-2025T11:57:38 - [TEST_STEP][PASSED] - iy = <not implemented yet for class: org.codehaus.groovy.ast.expr.EmptyExpression>: null

16-05-2025T11:57:38 - [TEST_STEP][PASSED] - m = getText(findTestObject("Выполнение бизнес-плана/Период")): Text of object 'Object Repository/Выполнение бизнес-плана/Период' is: '1 кв. 2025 года'

16-05-2025T11:57:38 - [MESSAGE][PASSED] - Text of object 'Object Repository/Выполнение бизнес-плана/Период' is: '1 кв. 2025 года'

16-05-2025T11:57:38 - [TEST_STEP][PASSED] - iy = m.indexOf("20"): null

16-05-2025T11:57:38 - [TEST_STEP][PASSED] - if (iy > -1): null

16-05-2025T11:57:38 - [TEST_STEP][PASSED] - y = substring(iy, iy + 4).toInteger(): null

16-05-2025T11:57:38 - [TEST_STEP][PASSED] - println(y): null

16-05-2025T11:57:38 - [TEST_STEP][PASSED] - if (toString().length() == 4): null

16-05-2025T11:57:38 - [TEST_STEP][PASSED] - m = m.substring(0, m.indexOf(y.toString())): null

16-05-2025T11:57:38 - [TEST_STEP][PASSED] - m = m.trim(): null

16-05-2025T11:57:38 - [TEST_STEP][PASSED] - if (m == ""): null

16-05-2025T11:57:38 - [TEST_STEP][PASSED] - dashboardName = "Выполнение бизнес-плана": null

16-05-2025T11:57:38 - [TEST_STEP][PASSED] - workbook01 = getWorkbook(excelFilePath): null

16-05-2025T11:57:38 - [TEST_STEP][PASSED] - sheet01 = getExcelSheet(workbook01, sheetName): null

16-05-2025T11:57:38 - [TEST_STEP][PASSED] - setValueToCellByIndex(sheet01, n, 0, dashboardName): null

16-05-2025T11:57:38 - [TEST_STEP][PASSED] - setValueToCellByIndex(sheet01, n, 1, dZO): null

16-05-2025T11:57:38 - [TEST_STEP][PASSED] - setValueToCellByIndex(sheet01, n, 2, typeOfData): null

16-05-2025T11:57:38 - [TEST_STEP][PASSED] - if (typeOfData == "Факт в процентах" || typeOfData == "План в процентах"): null

16-05-2025T11:57:38 - [TEST_STEP][PASSED] - else: null

16-05-2025T11:57:38 - [TEST_STEP][PASSED] - setValueToCellByIndex(sheet01, n, 3, fileInt): null

16-05-2025T11:57:38 - [TEST_STEP][PASSED] - setValueToCellByIndex(sheet01, n, 4, "нет данных"): null

16-05-2025T11:57:38 - [TEST_STEP][PASSED] - setValueToCellByIndex(sheet01, n, 5, m): null

16-05-2025T11:57:38 - [TEST_STEP][PASSED] - setValueToCellByIndex(sheet01, n, 6, y): null

16-05-2025T11:57:38 - [TEST_STEP][PASSED] - setValueToCellByIndex(sheet01, n, 7, todaysDate): null

16-05-2025T11:57:38 - [TEST_STEP][PASSED] - n = n + 1: null

16-05-2025T11:57:38 - [TEST_STEP][PASSED] - saveWorkbook(excelFilePath, workbook01): null

16-05-2025T11:57:38 - [TEST_STEP][PASSED] - typeOfData = "Факт Потери": null

16-05-2025T11:57:38 - [TEST_STEP][PASSED] - fileInt = replaceAll("\s+", "").toInteger(): null

16-05-2025T11:57:38 - [TEST_STEP][PASSED] - Script1718980020443.WriteToExcelNoData(a, typeOfData, todaysDate, fileInt, fileDouble, dZO): null

16-05-2025T11:57:38 - [TEST_STEP][PASSED] - sheetName = "Sheet1": null

16-05-2025T11:57:38 - [TEST_STEP][PASSED] - data = findTestData("PlanFact"): null

16-05-2025T11:57:38 - [TEST_STEP][PASSED] - n = data.getRowNumbers() + 1: null

16-05-2025T11:57:38 - [TEST_STEP][PASSED] - day = ")).toInteger(): null

16-05-2025T11:57:38 - [TEST_STEP][PASSED] - println(day): null

16-05-2025T11:57:38 - [TEST_STEP][PASSED] - month = ")).toInteger(): null

16-05-2025T11:57:38 - [TEST_STEP][PASSED] - println(month): null

16-05-2025T11:57:38 - [TEST_STEP][PASSED] - y = <not implemented yet for class: org.codehaus.groovy.ast.expr.EmptyExpression>: null

16-05-2025T11:57:38 - [TEST_STEP][PASSED] - iy = <not implemented yet for class: org.codehaus.groovy.ast.expr.EmptyExpression>: null

16-05-2025T11:57:38 - [TEST_STEP][PASSED] - m = getText(findTestObject("Выполнение бизнес-плана/Период")): Text of object 'Object Repository/Выполнение бизнес-плана/Период' is: '1 кв. 2025 года'

16-05-2025T11:57:38 - [MESSAGE][PASSED] - Text of object 'Object Repository/Выполнение бизнес-плана/Период' is: '1 кв. 2025 года'

16-05-2025T11:57:38 - [TEST_STEP][PASSED] - iy = m.indexOf("20"): null

16-05-2025T11:57:38 - [TEST_STEP][PASSED] - if (iy > -1): null

16-05-2025T11:57:38 - [TEST_STEP][PASSED] - y = substring(iy, iy + 4).toInteger(): null

16-05-2025T11:57:38 - [TEST_STEP][PASSED] - println(y): null

16-05-2025T11:57:38 - [TEST_STEP][PASSED] - if (toString().length() == 4): null

16-05-2025T11:57:38 - [TEST_STEP][PASSED] - m = m.substring(0, m.indexOf(y.toString())): null

16-05-2025T11:57:38 - [TEST_STEP][PASSED] - m = m.trim(): null

16-05-2025T11:57:38 - [TEST_STEP][PASSED] - if (m == ""): null

16-05-2025T11:57:38 - [TEST_STEP][PASSED] - dashboardName = "Выполнение бизнес-плана": null

16-05-2025T11:57:38 - [TEST_STEP][PASSED] - workbook01 = getWorkbook(excelFilePath): null

16-05-2025T11:57:39 - [TEST_STEP][PASSED] - sheet01 = getExcelSheet(workbook01, sheetName): null

16-05-2025T11:57:39 - [TEST_STEP][PASSED] - setValueToCellByIndex(sheet01, n, 0, dashboardName): null

16-05-2025T11:57:39 - [TEST_STEP][PASSED] - setValueToCellByIndex(sheet01, n, 1, dZO): null

16-05-2025T11:57:39 - [TEST_STEP][PASSED] - setValueToCellByIndex(sheet01, n, 2, typeOfData): null

16-05-2025T11:57:39 - [TEST_STEP][PASSED] - if (typeOfData == "Факт в процентах" || typeOfData == "План в процентах"): null

16-05-2025T11:57:39 - [TEST_STEP][PASSED] - else: null

16-05-2025T11:57:39 - [TEST_STEP][PASSED] - setValueToCellByIndex(sheet01, n, 3, fileInt): null

16-05-2025T11:57:39 - [TEST_STEP][PASSED] - setValueToCellByIndex(sheet01, n, 4, "нет данных"): null

16-05-2025T11:57:39 - [TEST_STEP][PASSED] - setValueToCellByIndex(sheet01, n, 5, m): null

16-05-2025T11:57:39 - [TEST_STEP][PASSED] - setValueToCellByIndex(sheet01, n, 6, y): null

16-05-2025T11:57:39 - [TEST_STEP][PASSED] - setValueToCellByIndex(sheet01, n, 7, todaysDate): null

16-05-2025T11:57:39 - [TEST_STEP][PASSED] - n = n + 1: null

16-05-2025T11:57:39 - [TEST_STEP][PASSED] - saveWorkbook(excelFilePath, workbook01): null

16-05-2025T11:57:39 - [TEST_STEP][PASSED] - typeOfData = "План Отпуск в сеть": null

16-05-2025T11:57:39 - [TEST_STEP][PASSED] - fileInt = replaceAll("\s+", "").toInteger(): null

16-05-2025T11:57:39 - [TEST_STEP][PASSED] - Script1718980020443.WriteToExcelNoData(a, typeOfData, todaysDate, fileInt, fileDouble, dZO): null

16-05-2025T11:57:39 - [TEST_STEP][PASSED] - sheetName = "Sheet1": null

16-05-2025T11:57:39 - [TEST_STEP][PASSED] - data = findTestData("PlanFact"): null

16-05-2025T11:57:39 - [TEST_STEP][PASSED] - n = data.getRowNumbers() + 1: null

16-05-2025T11:57:39 - [TEST_STEP][PASSED] - day = ")).toInteger(): null

16-05-2025T11:57:39 - [TEST_STEP][PASSED] - println(day): null

16-05-2025T11:57:39 - [TEST_STEP][PASSED] - month = ")).toInteger(): null

16-05-2025T11:57:39 - [TEST_STEP][PASSED] - println(month): null

16-05-2025T11:57:39 - [TEST_STEP][PASSED] - y = <not implemented yet for class: org.codehaus.groovy.ast.expr.EmptyExpression>: null

16-05-2025T11:57:39 - [TEST_STEP][PASSED] - iy = <not implemented yet for class: org.codehaus.groovy.ast.expr.EmptyExpression>: null

16-05-2025T11:57:39 - [TEST_STEP][PASSED] - m = getText(findTestObject("Выполнение бизнес-плана/Период")): Text of object 'Object Repository/Выполнение бизнес-плана/Период' is: '1 кв. 2025 года'

16-05-2025T11:57:39 - [MESSAGE][PASSED] - Text of object 'Object Repository/Выполнение бизнес-плана/Период' is: '1 кв. 2025 года'

16-05-2025T11:57:39 - [TEST_STEP][PASSED] - iy = m.indexOf("20"): null

16-05-2025T11:57:39 - [TEST_STEP][PASSED] - if (iy > -1): null

16-05-2025T11:57:39 - [TEST_STEP][PASSED] - y = substring(iy, iy + 4).toInteger(): null

16-05-2025T11:57:39 - [TEST_STEP][PASSED] - println(y): null

16-05-2025T11:57:39 - [TEST_STEP][PASSED] - if (toString().length() == 4): null

16-05-2025T11:57:39 - [TEST_STEP][PASSED] - m = m.substring(0, m.indexOf(y.toString())): null

16-05-2025T11:57:39 - [TEST_STEP][PASSED] - m = m.trim(): null

16-05-2025T11:57:39 - [TEST_STEP][PASSED] - if (m == ""): null

16-05-2025T11:57:39 - [TEST_STEP][PASSED] - dashboardName = "Выполнение бизнес-плана": null

16-05-2025T11:57:39 - [TEST_STEP][PASSED] - workbook01 = getWorkbook(excelFilePath): null

16-05-2025T11:57:39 - [TEST_STEP][PASSED] - sheet01 = getExcelSheet(workbook01, sheetName): null

16-05-2025T11:57:39 - [TEST_STEP][PASSED] - setValueToCellByIndex(sheet01, n, 0, dashboardName): null

16-05-2025T11:57:39 - [TEST_STEP][PASSED] - setValueToCellByIndex(sheet01, n, 1, dZO): null

16-05-2025T11:57:39 - [TEST_STEP][PASSED] - setValueToCellByIndex(sheet01, n, 2, typeOfData): null

16-05-2025T11:57:39 - [TEST_STEP][PASSED] - if (typeOfData == "Факт в процентах" || typeOfData == "План в процентах"): null

16-05-2025T11:57:39 - [TEST_STEP][PASSED] - else: null

16-05-2025T11:57:39 - [TEST_STEP][PASSED] - setValueToCellByIndex(sheet01, n, 3, fileInt): null

16-05-2025T11:57:39 - [TEST_STEP][PASSED] - setValueToCellByIndex(sheet01, n, 4, "нет данных"): null

16-05-2025T11:57:39 - [TEST_STEP][PASSED] - setValueToCellByIndex(sheet01, n, 5, m): null

16-05-2025T11:57:39 - [TEST_STEP][PASSED] - setValueToCellByIndex(sheet01, n, 6, y): null

16-05-2025T11:57:39 - [TEST_STEP][PASSED] - setValueToCellByIndex(sheet01, n, 7, todaysDate): null

16-05-2025T11:57:39 - [TEST_STEP][PASSED] - n = n + 1: null

16-05-2025T11:57:39 - [TEST_STEP][PASSED] - saveWorkbook(excelFilePath, workbook01): null

16-05-2025T11:57:39 - [TEST_STEP][PASSED] - typeOfData = "План Потери": null

16-05-2025T11:57:39 - [TEST_STEP][PASSED] - fileInt = replaceAll("\s+", "").toInteger(): null

16-05-2025T11:57:39 - [TEST_STEP][PASSED] - Script1718980020443.WriteToExcelNoData(a, typeOfData, todaysDate, fileInt, fileDouble, dZO): null

16-05-2025T11:57:39 - [TEST_STEP][PASSED] - sheetName = "Sheet1": null

16-05-2025T11:57:39 - [TEST_STEP][PASSED] - data = findTestData("PlanFact"): null

16-05-2025T11:57:40 - [TEST_STEP][PASSED] - n = data.getRowNumbers() + 1: null

16-05-2025T11:57:40 - [TEST_STEP][PASSED] - day = ")).toInteger(): null

16-05-2025T11:57:40 - [TEST_STEP][PASSED] - println(day): null

16-05-2025T11:57:40 - [TEST_STEP][PASSED] - month = ")).toInteger(): null

16-05-2025T11:57:40 - [TEST_STEP][PASSED] - println(month): null

16-05-2025T11:57:40 - [TEST_STEP][PASSED] - y = <not implemented yet for class: org.codehaus.groovy.ast.expr.EmptyExpression>: null

16-05-2025T11:57:40 - [TEST_STEP][PASSED] - iy = <not implemented yet for class: org.codehaus.groovy.ast.expr.EmptyExpression>: null

16-05-2025T11:57:40 - [TEST_STEP][PASSED] - m = getText(findTestObject("Выполнение бизнес-плана/Период")): Text of object 'Object Repository/Выполнение бизнес-плана/Период' is: '1 кв. 2025 года'

16-05-2025T11:57:40 - [MESSAGE][PASSED] - Text of object 'Object Repository/Выполнение бизнес-плана/Период' is: '1 кв. 2025 года'

16-05-2025T11:57:40 - [TEST_STEP][PASSED] - iy = m.indexOf("20"): null

16-05-2025T11:57:40 - [TEST_STEP][PASSED] - if (iy > -1): null

16-05-2025T11:57:40 - [TEST_STEP][PASSED] - y = substring(iy, iy + 4).toInteger(): null

16-05-2025T11:57:40 - [TEST_STEP][PASSED] - println(y): null

16-05-2025T11:57:40 - [TEST_STEP][PASSED] - if (toString().length() == 4): null

16-05-2025T11:57:40 - [TEST_STEP][PASSED] - m = m.substring(0, m.indexOf(y.toString())): null

16-05-2025T11:57:40 - [TEST_STEP][PASSED] - m = m.trim(): null

16-05-2025T11:57:40 - [TEST_STEP][PASSED] - if (m == ""): null

16-05-2025T11:57:40 - [TEST_STEP][PASSED] - dashboardName = "Выполнение бизнес-плана": null

16-05-2025T11:57:40 - [TEST_STEP][PASSED] - workbook01 = getWorkbook(excelFilePath): null

16-05-2025T11:57:40 - [TEST_STEP][PASSED] - sheet01 = getExcelSheet(workbook01, sheetName): null

16-05-2025T11:57:40 - [TEST_STEP][PASSED] - setValueToCellByIndex(sheet01, n, 0, dashboardName): null

16-05-2025T11:57:40 - [TEST_STEP][PASSED] - setValueToCellByIndex(sheet01, n, 1, dZO): null

16-05-2025T11:57:40 - [TEST_STEP][PASSED] - setValueToCellByIndex(sheet01, n, 2, typeOfData): null

16-05-2025T11:57:40 - [TEST_STEP][PASSED] - if (typeOfData == "Факт в процентах" || typeOfData == "План в процентах"): null

16-05-2025T11:57:40 - [TEST_STEP][PASSED] - else: null

16-05-2025T11:57:40 - [TEST_STEP][PASSED] - setValueToCellByIndex(sheet01, n, 3, fileInt): null

16-05-2025T11:57:40 - [TEST_STEP][PASSED] - setValueToCellByIndex(sheet01, n, 4, "нет данных"): null

16-05-2025T11:57:40 - [TEST_STEP][PASSED] - setValueToCellByIndex(sheet01, n, 5, m): null

16-05-2025T11:57:40 - [TEST_STEP][PASSED] - setValueToCellByIndex(sheet01, n, 6, y): null

16-05-2025T11:57:40 - [TEST_STEP][PASSED] - setValueToCellByIndex(sheet01, n, 7, todaysDate): null

16-05-2025T11:57:40 - [TEST_STEP][PASSED] - n = n + 1: null

16-05-2025T11:57:40 - [TEST_STEP][PASSED] - saveWorkbook(excelFilePath, workbook01): null

16-05-2025T11:57:40 - [TEST_STEP][PASSED] - typeOfData = "План в процентах": null

16-05-2025T11:57:40 - [TEST_STEP][PASSED] - fileDouble = ").toDouble(): null

16-05-2025T11:57:40 - [TEST_STEP][PASSED] - Script1718980020443.WriteToExcelNoData(a, typeOfData, todaysDate, fileInt, fileDouble, dZO): null

16-05-2025T11:57:40 - [TEST_STEP][PASSED] - sheetName = "Sheet1": null

16-05-2025T11:57:40 - [TEST_STEP][PASSED] - data = findTestData("PlanFact"): null

16-05-2025T11:57:40 - [TEST_STEP][PASSED] - n = data.getRowNumbers() + 1: null

16-05-2025T11:57:40 - [TEST_STEP][PASSED] - day = ")).toInteger(): null

16-05-2025T11:57:40 - [TEST_STEP][PASSED] - println(day): null

16-05-2025T11:57:40 - [TEST_STEP][PASSED] - month = ")).toInteger(): null

16-05-2025T11:57:40 - [TEST_STEP][PASSED] - println(month): null

16-05-2025T11:57:40 - [TEST_STEP][PASSED] - y = <not implemented yet for class: org.codehaus.groovy.ast.expr.EmptyExpression>: null

16-05-2025T11:57:40 - [TEST_STEP][PASSED] - iy = <not implemented yet for class: org.codehaus.groovy.ast.expr.EmptyExpression>: null

16-05-2025T11:57:40 - [TEST_STEP][PASSED] - m = getText(findTestObject("Выполнение бизнес-плана/Период")): Text of object 'Object Repository/Выполнение бизнес-плана/Период' is: '1 кв. 2025 года'

16-05-2025T11:57:41 - [MESSAGE][PASSED] - Text of object 'Object Repository/Выполнение бизнес-плана/Период' is: '1 кв. 2025 года'

16-05-2025T11:57:41 - [TEST_STEP][PASSED] - iy = m.indexOf("20"): null

16-05-2025T11:57:41 - [TEST_STEP][PASSED] - if (iy > -1): null

16-05-2025T11:57:41 - [TEST_STEP][PASSED] - y = substring(iy, iy + 4).toInteger(): null

16-05-2025T11:57:41 - [TEST_STEP][PASSED] - println(y): null

16-05-2025T11:57:41 - [TEST_STEP][PASSED] - if (toString().length() == 4): null

16-05-2025T11:57:41 - [TEST_STEP][PASSED] - m = m.substring(0, m.indexOf(y.toString())): null

16-05-2025T11:57:41 - [TEST_STEP][PASSED] - m = m.trim(): null

16-05-2025T11:57:41 - [TEST_STEP][PASSED] - if (m == ""): null

16-05-2025T11:57:41 - [TEST_STEP][PASSED] - dashboardName = "Выполнение бизнес-плана": null

16-05-2025T11:57:41 - [TEST_STEP][PASSED] - workbook01 = getWorkbook(excelFilePath): null

16-05-2025T11:57:41 - [TEST_STEP][PASSED] - sheet01 = getExcelSheet(workbook01, sheetName): null

16-05-2025T11:57:41 - [TEST_STEP][PASSED] - setValueToCellByIndex(sheet01, n, 0, dashboardName): null

16-05-2025T11:57:41 - [TEST_STEP][PASSED] - setValueToCellByIndex(sheet01, n, 1, dZO): null

16-05-2025T11:57:41 - [TEST_STEP][PASSED] - setValueToCellByIndex(sheet01, n, 2, typeOfData): null

16-05-2025T11:57:41 - [TEST_STEP][PASSED] - if (typeOfData == "Факт в процентах" || typeOfData == "План в процентах"): null

16-05-2025T11:57:41 - [TEST_STEP][PASSED] - setValueToCellByIndex(sheet01, n, 3, fileDouble): null

16-05-2025T11:57:41 - [TEST_STEP][PASSED] - setValueToCellByIndex(sheet01, n, 4, "нет данных"): null

16-05-2025T11:57:41 - [TEST_STEP][PASSED] - setValueToCellByIndex(sheet01, n, 5, m): null

16-05-2025T11:57:41 - [TEST_STEP][PASSED] - setValueToCellByIndex(sheet01, n, 6, y): null

16-05-2025T11:57:41 - [TEST_STEP][PASSED] - setValueToCellByIndex(sheet01, n, 7, todaysDate): null

16-05-2025T11:57:41 - [TEST_STEP][PASSED] - n = n + 1: null

16-05-2025T11:57:41 - [TEST_STEP][PASSED] - saveWorkbook(excelFilePath, workbook01): null

16-05-2025T11:57:41 - [TEST_STEP][PASSED] - typeOfData = "Факт в процентах": null

16-05-2025T11:57:41 - [TEST_STEP][PASSED] - fileDouble = ").toDouble(): null

16-05-2025T11:57:41 - [TEST_STEP][PASSED] - Script1718980020443.WriteToExcelNoData(a, typeOfData, todaysDate, fileInt, fileDouble, dZO): null

16-05-2025T11:57:41 - [TEST_STEP][PASSED] - sheetName = "Sheet1": null

16-05-2025T11:57:41 - [TEST_STEP][PASSED] - data = findTestData("PlanFact"): null

16-05-2025T11:57:41 - [TEST_STEP][PASSED] - n = data.getRowNumbers() + 1: null

16-05-2025T11:57:41 - [TEST_STEP][PASSED] - day = ")).toInteger(): null

16-05-2025T11:57:41 - [TEST_STEP][PASSED] - println(day): null

16-05-2025T11:57:41 - [TEST_STEP][PASSED] - month = ")).toInteger(): null

16-05-2025T11:57:41 - [TEST_STEP][PASSED] - println(month): null

16-05-2025T11:57:41 - [TEST_STEP][PASSED] - y = <not implemented yet for class: org.codehaus.groovy.ast.expr.EmptyExpression>: null

16-05-2025T11:57:41 - [TEST_STEP][PASSED] - iy = <not implemented yet for class: org.codehaus.groovy.ast.expr.EmptyExpression>: null

16-05-2025T11:57:41 - [TEST_STEP][PASSED] - m = getText(findTestObject("Выполнение бизнес-плана/Период")): Text of object 'Object Repository/Выполнение бизнес-плана/Период' is: '1 кв. 2025 года'

16-05-2025T11:57:41 - [MESSAGE][PASSED] - Text of object 'Object Repository/Выполнение бизнес-плана/Период' is: '1 кв. 2025 года'

16-05-2025T11:57:41 - [TEST_STEP][PASSED] - iy = m.indexOf("20"): null

16-05-2025T11:57:41 - [TEST_STEP][PASSED] - if (iy > -1): null

16-05-2025T11:57:41 - [TEST_STEP][PASSED] - y = substring(iy, iy + 4).toInteger(): null

16-05-2025T11:57:41 - [TEST_STEP][PASSED] - println(y): null

16-05-2025T11:57:41 - [TEST_STEP][PASSED] - if (toString().length() == 4): null

16-05-2025T11:57:41 - [TEST_STEP][PASSED] - m = m.substring(0, m.indexOf(y.toString())): null

16-05-2025T11:57:41 - [TEST_STEP][PASSED] - m = m.trim(): null

16-05-2025T11:57:41 - [TEST_STEP][PASSED] - if (m == ""): null

16-05-2025T11:57:41 - [TEST_STEP][PASSED] - dashboardName = "Выполнение бизнес-плана": null

16-05-2025T11:57:41 - [TEST_STEP][PASSED] - workbook01 = getWorkbook(excelFilePath): null

16-05-2025T11:57:41 - [TEST_STEP][PASSED] - sheet01 = getExcelSheet(workbook01, sheetName): null

16-05-2025T11:57:41 - [TEST_STEP][PASSED] - setValueToCellByIndex(sheet01, n, 0, dashboardName): null

16-05-2025T11:57:41 - [TEST_STEP][PASSED] - setValueToCellByIndex(sheet01, n, 1, dZO): null

16-05-2025T11:57:41 - [TEST_STEP][PASSED] - setValueToCellByIndex(sheet01, n, 2, typeOfData): null

16-05-2025T11:57:41 - [TEST_STEP][PASSED] - if (typeOfData == "Факт в процентах" || typeOfData == "План в процентах"): null

16-05-2025T11:57:41 - [TEST_STEP][PASSED] - setValueToCellByIndex(sheet01, n, 3, fileDouble): null

16-05-2025T11:57:41 - [TEST_STEP][PASSED] - setValueToCellByIndex(sheet01, n, 4, "нет данных"): null

16-05-2025T11:57:41 - [TEST_STEP][PASSED] - setValueToCellByIndex(sheet01, n, 5, m): null

16-05-2025T11:57:41 - [TEST_STEP][PASSED] - setValueToCellByIndex(sheet01, n, 6, y): null

16-05-2025T11:57:41 - [TEST_STEP][PASSED] - setValueToCellByIndex(sheet01, n, 7, todaysDate): null

16-05-2025T11:57:41 - [TEST_STEP][PASSED] - n = n + 1: null

16-05-2025T11:57:41 - [TEST_STEP][PASSED] - saveWorkbook(excelFilePath, workbook01): null

16-05-2025T11:57:41 - [TEST_STEP][PASSED] - println(dzoNum): null

16-05-2025T11:57:41 - [TEST_STEP][PASSED] - dZO = "АО «Чеченэнерго»": null

16-05-2025T11:57:41 - [TEST_STEP][PASSED] - a = 72: null

16-05-2025T11:57:41 - [TEST_STEP][PASSED] - if (x1.contains("Чеченэнерго")): null

16-05-2025T11:57:41 - [TEST_STEP][PASSED] - else: null

16-05-2025T11:57:41 - [TEST_STEP][PASSED] - Script1718980020443.NoData(a, typeOfData, todaysDate, fileInt, fileDouble, dZO): null

16-05-2025T11:57:41 - [TEST_STEP][PASSED] - println(a): null

16-05-2025T11:57:41 - [TEST_STEP][PASSED] - println(todaysDate): null

16-05-2025T11:57:41 - [TEST_STEP][PASSED] - println(fileInt): null

16-05-2025T11:57:41 - [TEST_STEP][PASSED] - println(fileDouble): null

16-05-2025T11:57:41 - [TEST_STEP][PASSED] - println(dZO): null

16-05-2025T11:57:41 - [TEST_STEP][PASSED] - typeOfData = "Факт Отпуск в сеть": null

16-05-2025T11:57:41 - [TEST_STEP][PASSED] - fileInt = replaceAll("\s+", "").toInteger(): null

16-05-2025T11:57:41 - [TEST_STEP][PASSED] - Script1718980020443.WriteToExcelNoData(a, typeOfData, todaysDate, fileInt, fileDouble, dZO): null

16-05-2025T11:57:41 - [TEST_STEP][PASSED] - sheetName = "Sheet1": null

16-05-2025T11:57:41 - [TEST_STEP][PASSED] - data = findTestData("PlanFact"): null

16-05-2025T11:57:42 - [TEST_STEP][PASSED] - n = data.getRowNumbers() + 1: null

16-05-2025T11:57:42 - [TEST_STEP][PASSED] - day = ")).toInteger(): null

16-05-2025T11:57:42 - [TEST_STEP][PASSED] - println(day): null

16-05-2025T11:57:42 - [TEST_STEP][PASSED] - month = ")).toInteger(): null

16-05-2025T11:57:42 - [TEST_STEP][PASSED] - println(month): null

16-05-2025T11:57:42 - [TEST_STEP][PASSED] - y = <not implemented yet for class: org.codehaus.groovy.ast.expr.EmptyExpression>: null

16-05-2025T11:57:42 - [TEST_STEP][PASSED] - iy = <not implemented yet for class: org.codehaus.groovy.ast.expr.EmptyExpression>: null

16-05-2025T11:57:42 - [TEST_STEP][PASSED] - m = getText(findTestObject("Выполнение бизнес-плана/Период")): Text of object 'Object Repository/Выполнение бизнес-плана/Период' is: '1 кв. 2025 года'

16-05-2025T11:57:42 - [MESSAGE][PASSED] - Text of object 'Object Repository/Выполнение бизнес-плана/Период' is: '1 кв. 2025 года'

16-05-2025T11:57:42 - [TEST_STEP][PASSED] - iy = m.indexOf("20"): null

16-05-2025T11:57:42 - [TEST_STEP][PASSED] - if (iy > -1): null

16-05-2025T11:57:42 - [TEST_STEP][PASSED] - y = substring(iy, iy + 4).toInteger(): null

16-05-2025T11:57:42 - [TEST_STEP][PASSED] - println(y): null

16-05-2025T11:57:42 - [TEST_STEP][PASSED] - if (toString().length() == 4): null

16-05-2025T11:57:42 - [TEST_STEP][PASSED] - m = m.substring(0, m.indexOf(y.toString())): null

16-05-2025T11:57:42 - [TEST_STEP][PASSED] - m = m.trim(): null

16-05-2025T11:57:42 - [TEST_STEP][PASSED] - if (m == ""): null

16-05-2025T11:57:42 - [TEST_STEP][PASSED] - dashboardName = "Выполнение бизнес-плана": null

16-05-2025T11:57:42 - [TEST_STEP][PASSED] - workbook01 = getWorkbook(excelFilePath): null

16-05-2025T11:57:42 - [TEST_STEP][PASSED] - sheet01 = getExcelSheet(workbook01, sheetName): null

16-05-2025T11:57:42 - [TEST_STEP][PASSED] - setValueToCellByIndex(sheet01, n, 0, dashboardName): null

16-05-2025T11:57:42 - [TEST_STEP][PASSED] - setValueToCellByIndex(sheet01, n, 1, dZO): null

16-05-2025T11:57:42 - [TEST_STEP][PASSED] - setValueToCellByIndex(sheet01, n, 2, typeOfData): null

16-05-2025T11:57:42 - [TEST_STEP][PASSED] - if (typeOfData == "Факт в процентах" || typeOfData == "План в процентах"): null

16-05-2025T11:57:42 - [TEST_STEP][PASSED] - else: null

16-05-2025T11:57:42 - [TEST_STEP][PASSED] - setValueToCellByIndex(sheet01, n, 3, fileInt): null

16-05-2025T11:57:42 - [TEST_STEP][PASSED] - setValueToCellByIndex(sheet01, n, 4, "нет данных"): null

16-05-2025T11:57:42 - [TEST_STEP][PASSED] - setValueToCellByIndex(sheet01, n, 5, m): null

16-05-2025T11:57:42 - [TEST_STEP][PASSED] - setValueToCellByIndex(sheet01, n, 6, y): null

16-05-2025T11:57:42 - [TEST_STEP][PASSED] - setValueToCellByIndex(sheet01, n, 7, todaysDate): null

16-05-2025T11:57:42 - [TEST_STEP][PASSED] - n = n + 1: null

16-05-2025T11:57:42 - [TEST_STEP][PASSED] - saveWorkbook(excelFilePath, workbook01): null

16-05-2025T11:57:42 - [TEST_STEP][PASSED] - typeOfData = "Факт Потери": null

16-05-2025T11:57:42 - [TEST_STEP][PASSED] - fileInt = replaceAll("\s+", "").toInteger(): null

16-05-2025T11:57:42 - [TEST_STEP][PASSED] - Script1718980020443.WriteToExcelNoData(a, typeOfData, todaysDate, fileInt, fileDouble, dZO): null

16-05-2025T11:57:42 - [TEST_STEP][PASSED] - sheetName = "Sheet1": null

16-05-2025T11:57:42 - [TEST_STEP][PASSED] - data = findTestData("PlanFact"): null

16-05-2025T11:57:42 - [TEST_STEP][PASSED] - n = data.getRowNumbers() + 1: null

16-05-2025T11:57:42 - [TEST_STEP][PASSED] - day = ")).toInteger(): null

16-05-2025T11:57:42 - [TEST_STEP][PASSED] - println(day): null

16-05-2025T11:57:42 - [TEST_STEP][PASSED] - month = ")).toInteger(): null

16-05-2025T11:57:42 - [TEST_STEP][PASSED] - println(month): null

16-05-2025T11:57:42 - [TEST_STEP][PASSED] - y = <not implemented yet for class: org.codehaus.groovy.ast.expr.EmptyExpression>: null

16-05-2025T11:57:42 - [TEST_STEP][PASSED] - iy = <not implemented yet for class: org.codehaus.groovy.ast.expr.EmptyExpression>: null

16-05-2025T11:57:42 - [TEST_STEP][PASSED] - m = getText(findTestObject("Выполнение бизнес-плана/Период")): Text of object 'Object Repository/Выполнение бизнес-плана/Период' is: '1 кв. 2025 года'

16-05-2025T11:57:43 - [MESSAGE][PASSED] - Text of object 'Object Repository/Выполнение бизнес-плана/Период' is: '1 кв. 2025 года'

16-05-2025T11:57:43 - [TEST_STEP][PASSED] - iy = m.indexOf("20"): null

16-05-2025T11:57:43 - [TEST_STEP][PASSED] - if (iy > -1): null

16-05-2025T11:57:43 - [TEST_STEP][PASSED] - y = substring(iy, iy + 4).toInteger(): null

16-05-2025T11:57:43 - [TEST_STEP][PASSED] - println(y): null

16-05-2025T11:57:43 - [TEST_STEP][PASSED] - if (toString().length() == 4): null

16-05-2025T11:57:43 - [TEST_STEP][PASSED] - m = m.substring(0, m.indexOf(y.toString())): null

16-05-2025T11:57:43 - [TEST_STEP][PASSED] - m = m.trim(): null

16-05-2025T11:57:43 - [TEST_STEP][PASSED] - if (m == ""): null

16-05-2025T11:57:43 - [TEST_STEP][PASSED] - dashboardName = "Выполнение бизнес-плана": null

16-05-2025T11:57:43 - [TEST_STEP][PASSED] - workbook01 = getWorkbook(excelFilePath): null

16-05-2025T11:57:43 - [TEST_STEP][PASSED] - sheet01 = getExcelSheet(workbook01, sheetName): null

16-05-2025T11:57:43 - [TEST_STEP][PASSED] - setValueToCellByIndex(sheet01, n, 0, dashboardName): null

16-05-2025T11:57:43 - [TEST_STEP][PASSED] - setValueToCellByIndex(sheet01, n, 1, dZO): null

16-05-2025T11:57:43 - [TEST_STEP][PASSED] - setValueToCellByIndex(sheet01, n, 2, typeOfData): null

16-05-2025T11:57:43 - [TEST_STEP][PASSED] - if (typeOfData == "Факт в процентах" || typeOfData == "План в процентах"): null

16-05-2025T11:57:43 - [TEST_STEP][PASSED] - else: null

16-05-2025T11:57:43 - [TEST_STEP][PASSED] - setValueToCellByIndex(sheet01, n, 3, fileInt): null

16-05-2025T11:57:43 - [TEST_STEP][PASSED] - setValueToCellByIndex(sheet01, n, 4, "нет данных"): null

16-05-2025T11:57:43 - [TEST_STEP][PASSED] - setValueToCellByIndex(sheet01, n, 5, m): null

16-05-2025T11:57:43 - [TEST_STEP][PASSED] - setValueToCellByIndex(sheet01, n, 6, y): null

16-05-2025T11:57:43 - [TEST_STEP][PASSED] - setValueToCellByIndex(sheet01, n, 7, todaysDate): null

16-05-2025T11:57:43 - [TEST_STEP][PASSED] - n = n + 1: null

16-05-2025T11:57:43 - [TEST_STEP][PASSED] - saveWorkbook(excelFilePath, workbook01): null

16-05-2025T11:57:43 - [TEST_STEP][PASSED] - typeOfData = "План Отпуск в сеть": null

16-05-2025T11:57:43 - [TEST_STEP][PASSED] - fileInt = replaceAll("\s+", "").toInteger(): null

16-05-2025T11:57:43 - [TEST_STEP][PASSED] - Script1718980020443.WriteToExcelNoData(a, typeOfData, todaysDate, fileInt, fileDouble, dZO): null

16-05-2025T11:57:43 - [TEST_STEP][PASSED] - sheetName = "Sheet1": null

16-05-2025T11:57:43 - [TEST_STEP][PASSED] - data = findTestData("PlanFact"): null

16-05-2025T11:57:43 - [TEST_STEP][PASSED] - n = data.getRowNumbers() + 1: null

16-05-2025T11:57:43 - [TEST_STEP][PASSED] - day = ")).toInteger(): null

16-05-2025T11:57:43 - [TEST_STEP][PASSED] - println(day): null

16-05-2025T11:57:43 - [TEST_STEP][PASSED] - month = ")).toInteger(): null

16-05-2025T11:57:43 - [TEST_STEP][PASSED] - println(month): null

16-05-2025T11:57:43 - [TEST_STEP][PASSED] - y = <not implemented yet for class: org.codehaus.groovy.ast.expr.EmptyExpression>: null

16-05-2025T11:57:43 - [TEST_STEP][PASSED] - iy = <not implemented yet for class: org.codehaus.groovy.ast.expr.EmptyExpression>: null

16-05-2025T11:57:43 - [TEST_STEP][PASSED] - m = getText(findTestObject("Выполнение бизнес-плана/Период")): Text of object 'Object Repository/Выполнение бизнес-плана/Период' is: '1 кв. 2025 года'

16-05-2025T11:57:43 - [MESSAGE][PASSED] - Text of object 'Object Repository/Выполнение бизнес-плана/Период' is: '1 кв. 2025 года'

16-05-2025T11:57:43 - [TEST_STEP][PASSED] - iy = m.indexOf("20"): null

16-05-2025T11:57:43 - [TEST_STEP][PASSED] - if (iy > -1): null

16-05-2025T11:57:43 - [TEST_STEP][PASSED] - y = substring(iy, iy + 4).toInteger(): null

16-05-2025T11:57:43 - [TEST_STEP][PASSED] - println(y): null

16-05-2025T11:57:43 - [TEST_STEP][PASSED] - if (toString().length() == 4): null

16-05-2025T11:57:43 - [TEST_STEP][PASSED] - m = m.substring(0, m.indexOf(y.toString())): null

16-05-2025T11:57:43 - [TEST_STEP][PASSED] - m = m.trim(): null

16-05-2025T11:57:43 - [TEST_STEP][PASSED] - if (m == ""): null

16-05-2025T11:57:43 - [TEST_STEP][PASSED] - dashboardName = "Выполнение бизнес-плана": null

16-05-2025T11:57:43 - [TEST_STEP][PASSED] - workbook01 = getWorkbook(excelFilePath): null

16-05-2025T11:57:43 - [TEST_STEP][PASSED] - sheet01 = getExcelSheet(workbook01, sheetName): null

16-05-2025T11:57:43 - [TEST_STEP][PASSED] - setValueToCellByIndex(sheet01, n, 0, dashboardName): null

16-05-2025T11:57:43 - [TEST_STEP][PASSED] - setValueToCellByIndex(sheet01, n, 1, dZO): null

16-05-2025T11:57:43 - [TEST_STEP][PASSED] - setValueToCellByIndex(sheet01, n, 2, typeOfData): null

16-05-2025T11:57:43 - [TEST_STEP][PASSED] - if (typeOfData == "Факт в процентах" || typeOfData == "План в процентах"): null

16-05-2025T11:57:43 - [TEST_STEP][PASSED] - else: null

16-05-2025T11:57:43 - [TEST_STEP][PASSED] - setValueToCellByIndex(sheet01, n, 3, fileInt): null

16-05-2025T11:57:43 - [TEST_STEP][PASSED] - setValueToCellByIndex(sheet01, n, 4, "нет данных"): null

16-05-2025T11:57:43 - [TEST_STEP][PASSED] - setValueToCellByIndex(sheet01, n, 5, m): null

16-05-2025T11:57:43 - [TEST_STEP][PASSED] - setValueToCellByIndex(sheet01, n, 6, y): null

16-05-2025T11:57:43 - [TEST_STEP][PASSED] - setValueToCellByIndex(sheet01, n, 7, todaysDate): null

16-05-2025T11:57:43 - [TEST_STEP][PASSED] - n = n + 1: null

16-05-2025T11:57:43 - [TEST_STEP][PASSED] - saveWorkbook(excelFilePath, workbook01): null

16-05-2025T11:57:43 - [TEST_STEP][PASSED] - typeOfData = "План Потери": null

16-05-2025T11:57:43 - [TEST_STEP][PASSED] - fileInt = replaceAll("\s+", "").toInteger(): null

16-05-2025T11:57:44 - [TEST_STEP][PASSED] - Script1718980020443.WriteToExcelNoData(a, typeOfData, todaysDate, fileInt, fileDouble, dZO): null

16-05-2025T11:57:44 - [TEST_STEP][PASSED] - sheetName = "Sheet1": null

16-05-2025T11:57:44 - [TEST_STEP][PASSED] - data = findTestData("PlanFact"): null

16-05-2025T11:57:44 - [TEST_STEP][PASSED] - n = data.getRowNumbers() + 1: null

16-05-2025T11:57:44 - [TEST_STEP][PASSED] - day = ")).toInteger(): null

16-05-2025T11:57:44 - [TEST_STEP][PASSED] - println(day): null

16-05-2025T11:57:44 - [TEST_STEP][PASSED] - month = ")).toInteger(): null

16-05-2025T11:57:44 - [TEST_STEP][PASSED] - println(month): null

16-05-2025T11:57:44 - [TEST_STEP][PASSED] - y = <not implemented yet for class: org.codehaus.groovy.ast.expr.EmptyExpression>: null

16-05-2025T11:57:44 - [TEST_STEP][PASSED] - iy = <not implemented yet for class: org.codehaus.groovy.ast.expr.EmptyExpression>: null

16-05-2025T11:57:44 - [TEST_STEP][PASSED] - m = getText(findTestObject("Выполнение бизнес-плана/Период")): Text of object 'Object Repository/Выполнение бизнес-плана/Период' is: '1 кв. 2025 года'

16-05-2025T11:57:44 - [MESSAGE][PASSED] - Text of object 'Object Repository/Выполнение бизнес-плана/Период' is: '1 кв. 2025 года'

16-05-2025T11:57:44 - [TEST_STEP][PASSED] - iy = m.indexOf("20"): null

16-05-2025T11:57:44 - [TEST_STEP][PASSED] - if (iy > -1): null

16-05-2025T11:57:44 - [TEST_STEP][PASSED] - y = substring(iy, iy + 4).toInteger(): null

16-05-2025T11:57:44 - [TEST_STEP][PASSED] - println(y): null

16-05-2025T11:57:44 - [TEST_STEP][PASSED] - if (toString().length() == 4): null

16-05-2025T11:57:44 - [TEST_STEP][PASSED] - m = m.substring(0, m.indexOf(y.toString())): null

16-05-2025T11:57:44 - [TEST_STEP][PASSED] - m = m.trim(): null

16-05-2025T11:57:44 - [TEST_STEP][PASSED] - if (m == ""): null

16-05-2025T11:57:44 - [TEST_STEP][PASSED] - dashboardName = "Выполнение бизнес-плана": null

16-05-2025T11:57:44 - [TEST_STEP][PASSED] - workbook01 = getWorkbook(excelFilePath): null

16-05-2025T11:57:44 - [TEST_STEP][PASSED] - sheet01 = getExcelSheet(workbook01, sheetName): null

16-05-2025T11:57:44 - [TEST_STEP][PASSED] - setValueToCellByIndex(sheet01, n, 0, dashboardName): null

16-05-2025T11:57:44 - [TEST_STEP][PASSED] - setValueToCellByIndex(sheet01, n, 1, dZO): null

16-05-2025T11:57:44 - [TEST_STEP][PASSED] - setValueToCellByIndex(sheet01, n, 2, typeOfData): null

16-05-2025T11:57:44 - [TEST_STEP][PASSED] - if (typeOfData == "Факт в процентах" || typeOfData == "План в процентах"): null

16-05-2025T11:57:44 - [TEST_STEP][PASSED] - else: null

16-05-2025T11:57:44 - [TEST_STEP][PASSED] - setValueToCellByIndex(sheet01, n, 3, fileInt): null

16-05-2025T11:57:44 - [TEST_STEP][PASSED] - setValueToCellByIndex(sheet01, n, 4, "нет данных"): null

16-05-2025T11:57:44 - [TEST_STEP][PASSED] - setValueToCellByIndex(sheet01, n, 5, m): null

16-05-2025T11:57:44 - [TEST_STEP][PASSED] - setValueToCellByIndex(sheet01, n, 6, y): null

16-05-2025T11:57:44 - [TEST_STEP][PASSED] - setValueToCellByIndex(sheet01, n, 7, todaysDate): null

16-05-2025T11:57:44 - [TEST_STEP][PASSED] - n = n + 1: null

16-05-2025T11:57:44 - [TEST_STEP][PASSED] - saveWorkbook(excelFilePath, workbook01): null

16-05-2025T11:57:44 - [TEST_STEP][PASSED] - typeOfData = "План в процентах": null

16-05-2025T11:57:44 - [TEST_STEP][PASSED] - fileDouble = ").toDouble(): null

16-05-2025T11:57:44 - [TEST_STEP][PASSED] - Script1718980020443.WriteToExcelNoData(a, typeOfData, todaysDate, fileInt, fileDouble, dZO): null

16-05-2025T11:57:44 - [TEST_STEP][PASSED] - sheetName = "Sheet1": null

16-05-2025T11:57:44 - [TEST_STEP][PASSED] - data = findTestData("PlanFact"): null

16-05-2025T11:57:44 - [TEST_STEP][PASSED] - n = data.getRowNumbers() + 1: null

16-05-2025T11:57:44 - [TEST_STEP][PASSED] - day = ")).toInteger(): null

16-05-2025T11:57:44 - [TEST_STEP][PASSED] - println(day): null

16-05-2025T11:57:44 - [TEST_STEP][PASSED] - month = ")).toInteger(): null

16-05-2025T11:57:44 - [TEST_STEP][PASSED] - println(month): null

16-05-2025T11:57:44 - [TEST_STEP][PASSED] - y = <not implemented yet for class: org.codehaus.groovy.ast.expr.EmptyExpression>: null

16-05-2025T11:57:44 - [TEST_STEP][PASSED] - iy = <not implemented yet for class: org.codehaus.groovy.ast.expr.EmptyExpression>: null

16-05-2025T11:57:44 - [TEST_STEP][PASSED] - m = getText(findTestObject("Выполнение бизнес-плана/Период")): Text of object 'Object Repository/Выполнение бизнес-плана/Период' is: '1 кв. 2025 года'

16-05-2025T11:57:44 - [MESSAGE][PASSED] - Text of object 'Object Repository/Выполнение бизнес-плана/Период' is: '1 кв. 2025 года'

16-05-2025T11:57:44 - [TEST_STEP][PASSED] - iy = m.indexOf("20"): null

16-05-2025T11:57:44 - [TEST_STEP][PASSED] - if (iy > -1): null

16-05-2025T11:57:44 - [TEST_STEP][PASSED] - y = substring(iy, iy + 4).toInteger(): null

16-05-2025T11:57:44 - [TEST_STEP][PASSED] - println(y): null

16-05-2025T11:57:44 - [TEST_STEP][PASSED] - if (toString().length() == 4): null

16-05-2025T11:57:44 - [TEST_STEP][PASSED] - m = m.substring(0, m.indexOf(y.toString())): null

16-05-2025T11:57:44 - [TEST_STEP][PASSED] - m = m.trim(): null

16-05-2025T11:57:44 - [TEST_STEP][PASSED] - if (m == ""): null

16-05-2025T11:57:44 - [TEST_STEP][PASSED] - dashboardName = "Выполнение бизнес-плана": null

16-05-2025T11:57:44 - [TEST_STEP][PASSED] - workbook01 = getWorkbook(excelFilePath): null

16-05-2025T11:57:45 - [TEST_STEP][PASSED] - sheet01 = getExcelSheet(workbook01, sheetName): null

16-05-2025T11:57:45 - [TEST_STEP][PASSED] - setValueToCellByIndex(sheet01, n, 0, dashboardName): null

16-05-2025T11:57:45 - [TEST_STEP][PASSED] - setValueToCellByIndex(sheet01, n, 1, dZO): null

16-05-2025T11:57:45 - [TEST_STEP][PASSED] - setValueToCellByIndex(sheet01, n, 2, typeOfData): null

16-05-2025T11:57:45 - [TEST_STEP][PASSED] - if (typeOfData == "Факт в процентах" || typeOfData == "План в процентах"): null

16-05-2025T11:57:45 - [TEST_STEP][PASSED] - setValueToCellByIndex(sheet01, n, 3, fileDouble): null

16-05-2025T11:57:45 - [TEST_STEP][PASSED] - setValueToCellByIndex(sheet01, n, 4, "нет данных"): null

16-05-2025T11:57:45 - [TEST_STEP][PASSED] - setValueToCellByIndex(sheet01, n, 5, m): null

16-05-2025T11:57:45 - [TEST_STEP][PASSED] - setValueToCellByIndex(sheet01, n, 6, y): null

16-05-2025T11:57:45 - [TEST_STEP][PASSED] - setValueToCellByIndex(sheet01, n, 7, todaysDate): null

16-05-2025T11:57:45 - [TEST_STEP][PASSED] - n = n + 1: null

16-05-2025T11:57:45 - [TEST_STEP][PASSED] - saveWorkbook(excelFilePath, workbook01): null

16-05-2025T11:57:45 - [TEST_STEP][PASSED] - typeOfData = "Факт в процентах": null

16-05-2025T11:57:45 - [TEST_STEP][PASSED] - fileDouble = ").toDouble(): null

16-05-2025T11:57:45 - [TEST_STEP][PASSED] - Script1718980020443.WriteToExcelNoData(a, typeOfData, todaysDate, fileInt, fileDouble, dZO): null

16-05-2025T11:57:45 - [TEST_STEP][PASSED] - sheetName = "Sheet1": null

16-05-2025T11:57:45 - [TEST_STEP][PASSED] - data = findTestData("PlanFact"): null

16-05-2025T11:57:45 - [TEST_STEP][PASSED] - n = data.getRowNumbers() + 1: null

16-05-2025T11:57:45 - [TEST_STEP][PASSED] - day = ")).toInteger(): null

16-05-2025T11:57:45 - [TEST_STEP][PASSED] - println(day): null

16-05-2025T11:57:45 - [TEST_STEP][PASSED] - month = ")).toInteger(): null

16-05-2025T11:57:45 - [TEST_STEP][PASSED] - println(month): null

16-05-2025T11:57:45 - [TEST_STEP][PASSED] - y = <not implemented yet for class: org.codehaus.groovy.ast.expr.EmptyExpression>: null

16-05-2025T11:57:45 - [TEST_STEP][PASSED] - iy = <not implemented yet for class: org.codehaus.groovy.ast.expr.EmptyExpression>: null

16-05-2025T11:57:45 - [TEST_STEP][PASSED] - m = getText(findTestObject("Выполнение бизнес-плана/Период")): Text of object 'Object Repository/Выполнение бизнес-плана/Период' is: '1 кв. 2025 года'

16-05-2025T11:57:45 - [MESSAGE][PASSED] - Text of object 'Object Repository/Выполнение бизнес-плана/Период' is: '1 кв. 2025 года'

16-05-2025T11:57:45 - [TEST_STEP][PASSED] - iy = m.indexOf("20"): null

16-05-2025T11:57:45 - [TEST_STEP][PASSED] - if (iy > -1): null

16-05-2025T11:57:45 - [TEST_STEP][PASSED] - y = substring(iy, iy + 4).toInteger(): null

16-05-2025T11:57:45 - [TEST_STEP][PASSED] - println(y): null

16-05-2025T11:57:45 - [TEST_STEP][PASSED] - if (toString().length() == 4): null

16-05-2025T11:57:45 - [TEST_STEP][PASSED] - m = m.substring(0, m.indexOf(y.toString())): null

16-05-2025T11:57:45 - [TEST_STEP][PASSED] - m = m.trim(): null

16-05-2025T11:57:45 - [TEST_STEP][PASSED] - if (m == ""): null

16-05-2025T11:57:45 - [TEST_STEP][PASSED] - dashboardName = "Выполнение бизнес-плана": null

16-05-2025T11:57:45 - [TEST_STEP][PASSED] - workbook01 = getWorkbook(excelFilePath): null

16-05-2025T11:57:45 - [TEST_STEP][PASSED] - sheet01 = getExcelSheet(workbook01, sheetName): null

16-05-2025T11:57:45 - [TEST_STEP][PASSED] - setValueToCellByIndex(sheet01, n, 0, dashboardName): null

16-05-2025T11:57:45 - [TEST_STEP][PASSED] - setValueToCellByIndex(sheet01, n, 1, dZO): null

16-05-2025T11:57:45 - [TEST_STEP][PASSED] - setValueToCellByIndex(sheet01, n, 2, typeOfData): null

16-05-2025T11:57:45 - [TEST_STEP][PASSED] - if (typeOfData == "Факт в процентах" || typeOfData == "План в процентах"): null

16-05-2025T11:57:45 - [TEST_STEP][PASSED] - setValueToCellByIndex(sheet01, n, 3, fileDouble): null

16-05-2025T11:57:45 - [TEST_STEP][PASSED] - setValueToCellByIndex(sheet01, n, 4, "нет данных"): null

16-05-2025T11:57:45 - [TEST_STEP][PASSED] - setValueToCellByIndex(sheet01, n, 5, m): null

16-05-2025T11:57:45 - [TEST_STEP][PASSED] - setValueToCellByIndex(sheet01, n, 6, y): null

16-05-2025T11:57:45 - [TEST_STEP][PASSED] - setValueToCellByIndex(sheet01, n, 7, todaysDate): null

16-05-2025T11:57:45 - [TEST_STEP][PASSED] - n = n + 1: null

16-05-2025T11:57:45 - [TEST_STEP][PASSED] - saveWorkbook(excelFilePath, workbook01): null

16-05-2025T11:57:45 - [TEST_STEP][PASSED] - println(dzoNum): null

16-05-2025T11:57:45 - [TEST_STEP][PASSED] - a = 28: null

16-05-2025T11:57:45 - [TEST_STEP][PASSED] - dZO = "Россети Волга": null

16-05-2025T11:57:45 - [TEST_STEP][PASSED] - if (x1.contains("Волга")): null

16-05-2025T11:57:45 - [TEST_STEP][PASSED] - dzoNum = dzoNum + 1: null

16-05-2025T11:57:45 - [TEST_STEP][PASSED] - Script1718980020443.Numbers(a, typeOfData, todaysDate, pageInt, fileInt, pageDouble, fileDouble, dZO, dzoNum, filialNum): null

16-05-2025T11:57:45 - [TEST_STEP][PASSED] - println(dzoNum): null

16-05-2025T11:57:45 - [TEST_STEP][PASSED] - planFact = <not implemented yet for class: org.codehaus.groovy.ast.expr.EmptyExpression>: null

16-05-2025T11:57:45 - [TEST_STEP][PASSED] - page = <not implemented yet for class: org.codehaus.groovy.ast.expr.EmptyExpression>: null

16-05-2025T11:57:45 - [TEST_STEP][PASSED] - page1 = <not implemented yet for class: org.codehaus.groovy.ast.expr.EmptyExpression>: null

16-05-2025T11:57:45 - [TEST_STEP][PASSED] - page2 = <not implemented yet for class: org.codehaus.groovy.ast.expr.EmptyExpression>: null

16-05-2025T11:57:45 - [TEST_STEP][PASSED] - filialNumberInRow = <not implemented yet for class: org.codehaus.groovy.ast.expr.EmptyExpression>: null

16-05-2025T11:57:45 - [TEST_STEP][PASSED] - filialsDzoNames = <not implemented yet for class: org.codehaus.groovy.ast.expr.EmptyExpression>: null

16-05-2025T11:57:45 - [TEST_STEP][PASSED] - numberOfFilials = <not implemented yet for class: org.codehaus.groovy.ast.expr.EmptyExpression>: null

16-05-2025T11:57:45 - [TEST_STEP][PASSED] - numberOfSpaces = <not implemented yet for class: org.codehaus.groovy.ast.expr.EmptyExpression>: null

16-05-2025T11:57:45 - [TEST_STEP][PASSED] - file = <not implemented yet for class: org.codehaus.groovy.ast.expr.EmptyExpression>: null

16-05-2025T11:57:45 - [TEST_STEP][PASSED] - otpusk = <not implemented yet for class: org.codehaus.groovy.ast.expr.EmptyExpression>: null

16-05-2025T11:57:45 - [TEST_STEP][PASSED] - poteri = <not implemented yet for class: org.codehaus.groovy.ast.expr.EmptyExpression>: null

16-05-2025T11:57:45 - [TEST_STEP][PASSED] - dataFolder = "Выполнение бизнес-плана/Значения со страницы Выполнение бизнес-плана/": null

16-05-2025T11:57:45 - [TEST_STEP][PASSED] - path = <not implemented yet for class: org.codehaus.groovy.ast.expr.EmptyExpression>: null

16-05-2025T11:57:45 - [TEST_STEP][PASSED] - typeOfDataMain = <not implemented yet for class: org.codehaus.groovy.ast.expr.EmptyExpression>: null

16-05-2025T11:57:45 - [TEST_STEP][PASSED] - fileOtpuskVSet = <not implemented yet for class: org.codehaus.groovy.ast.expr.EmptyExpression>: null

16-05-2025T11:57:45 - [TEST_STEP][PASSED] - pageOtpuskVSet = <not implemented yet for class: org.codehaus.groovy.ast.expr.EmptyExpression>: null

16-05-2025T11:57:45 - [TEST_STEP][PASSED] - filePoteri = <not implemented yet for class: org.codehaus.groovy.ast.expr.EmptyExpression>: null

16-05-2025T11:57:45 - [TEST_STEP][PASSED] - pagePoteri = <not implemented yet for class: org.codehaus.groovy.ast.expr.EmptyExpression>: null

16-05-2025T11:57:45 - [TEST_STEP][PASSED] - compare = <not implemented yet for class: org.codehaus.groovy.ast.expr.EmptyExpression>: null

16-05-2025T11:57:45 - [TEST_STEP][PASSED] - b = <not implemented yet for class: org.codehaus.groovy.ast.expr.EmptyExpression>: null

16-05-2025T11:57:45 - [TEST_STEP][PASSED] - i = <not implemented yet for class: org.codehaus.groovy.ast.expr.EmptyExpression>: null

16-05-2025T11:57:45 - [TEST_STEP][PASSED] - ii = <not implemented yet for class: org.codehaus.groovy.ast.expr.EmptyExpression>: null

16-05-2025T11:57:45 - [TEST_STEP][PASSED] - c = <not implemented yet for class: org.codehaus.groovy.ast.expr.EmptyExpression>: null

16-05-2025T11:57:45 - [TEST_STEP][PASSED] - numberOfErrors = 0: null

16-05-2025T11:57:45 - [TEST_STEP][PASSED] - if (a == 82): null

16-05-2025T11:57:45 - [TEST_STEP][PASSED] - b = findTestData("PlanFact").getValue(1, a): null

16-05-2025T11:57:45 - [TEST_STEP][PASSED] - i = b.indexOf(" (ГК)"): null

16-05-2025T11:57:45 - [TEST_STEP][PASSED] - if (i > -1): null

16-05-2025T11:57:45 - [TEST_STEP][PASSED] - b = b.substring(0, i): null

16-05-2025T11:57:45 - [TEST_STEP][PASSED] - i = b.indexOf("О ""): null

16-05-2025T11:57:45 - [TEST_STEP][PASSED] - if (i > -1): null

16-05-2025T11:57:45 - [TEST_STEP][PASSED] - i = b.indexOf("О «"): null

16-05-2025T11:57:45 - [TEST_STEP][PASSED] - if (i > -1): null

16-05-2025T11:57:45 - [TEST_STEP][PASSED] - i = b.indexOf("г. "): null

16-05-2025T11:57:45 - [TEST_STEP][PASSED] - if (i > -1): null

16-05-2025T11:57:45 - [TEST_STEP][PASSED] - b = b.trim(): null

16-05-2025T11:57:45 - [TEST_STEP][PASSED] - println(b): null

16-05-2025T11:57:45 - [TEST_STEP][PASSED] - for ([planFact = 1, planFact < 3, (planFact++)]): null

16-05-2025T11:57:45 - [TEST_STEP][PASSED] - if (planFact == 1): null

16-05-2025T11:57:45 - [TEST_STEP][PASSED] - typeOfDataMain = "Факт": null

16-05-2025T11:57:45 - [TEST_STEP][PASSED] - otpusk = findTestData("PlanFact").getValue(5, a): null

16-05-2025T11:57:45 - [TEST_STEP][PASSED] - poteri = findTestData("PlanFact").getValue(6, a): null

16-05-2025T11:57:46 - [TEST_STEP][PASSED] - otpusk = otpusk.replaceAll("\s+", ""): null

16-05-2025T11:57:46 - [TEST_STEP][PASSED] - poteri = poteri.replaceAll("\s+", ""): null

16-05-2025T11:57:46 - [TEST_STEP][PASSED] - typeOfData = typeOfDataMain + " Отпуск в сеть": null

16-05-2025T11:57:46 - [TEST_STEP][PASSED] - if (a == 82): null

16-05-2025T11:57:46 - [TEST_STEP][PASSED] - else if (a == 84): null

16-05-2025T11:57:46 - [TEST_STEP][PASSED] - else if (a == 83 || a == 52 || a == 72 || a == 28 || a == 73 || a == 77 || a == 74 || a == 65 || a == 36 || a == 44 || a == 53 || a == 80 || a == 54 || a == 1 || a == 18 || a == 59 || a == 81): null

16-05-2025T11:57:46 - [TEST_STEP][PASSED] - path = dataFolder + "Table Data/" + typeOfData + " за отчётный период " + dzoNum: null

16-05-2025T11:57:46 - [TEST_STEP][PASSED] - println(path): null

16-05-2025T11:57:46 - [TEST_STEP][PASSED] - page = getText(findTestObject(path)): Text of object 'Object Repository/Выполнение бизнес-плана/Значения со страницы Выполнение бизнес-плана/Table Data/Факт Отпуск в сеть за отчётный период 2' is: '4 949 974'

16-05-2025T11:57:46 - [MESSAGE][PASSED] - Text of object 'Object Repository/Выполнение бизнес-плана/Значения со страницы Выполнение бизнес-плана/Table Data/Факт Отпуск в сеть за отчётный период 2' is: '4 949 974'

16-05-2025T11:57:46 - [TEST_STEP][PASSED] - if (page == "" || page == null): null

16-05-2025T11:57:46 - [TEST_STEP][PASSED] - else: null

16-05-2025T11:57:46 - [TEST_STEP][PASSED] - page = page.replaceAll("\s+", ""): null

16-05-2025T11:57:46 - [TEST_STEP][PASSED] - if (page == "undefined"): null

16-05-2025T11:57:46 - [TEST_STEP][PASSED] - fileOtpuskVSet = otpusk.toInteger(): null

16-05-2025T11:57:46 - [TEST_STEP][PASSED] - pageOtpuskVSet = page.toInteger(): null

16-05-2025T11:57:46 - [TEST_STEP][PASSED] - typeOfData = typeOfDataMain + " Потери": null

16-05-2025T11:57:46 - [TEST_STEP][PASSED] - if (a == 82): null

16-05-2025T11:57:46 - [TEST_STEP][PASSED] - else if (a == 84): null

16-05-2025T11:57:46 - [TEST_STEP][PASSED] - else if (a == 83 || a == 52 || a == 72 || a == 28 || a == 73 || a == 77 || a == 74 || a == 65 || a == 36 || a == 44 || a == 53 || a == 80 || a == 54 || a == 1 || a == 18 || a == 59 || a == 81): null

16-05-2025T11:57:46 - [TEST_STEP][PASSED] - path = dataFolder + "Table Data/" + typeOfData + " за отчётный период " + dzoNum: null

16-05-2025T11:57:46 - [TEST_STEP][PASSED] - page = getText(findTestObject(path)): Text of object 'Object Repository/Выполнение бизнес-плана/Значения со страницы Выполнение бизнес-плана/Table Data/Факт Потери за отчётный период 2' is: '308 123'

16-05-2025T11:57:46 - [MESSAGE][PASSED] - Text of object 'Object Repository/Выполнение бизнес-плана/Значения со страницы Выполнение бизнес-плана/Table Data/Факт Потери за отчётный период 2' is: '308 123'

16-05-2025T11:57:46 - [TEST_STEP][PASSED] - if (page == "" || page == null): null

16-05-2025T11:57:46 - [TEST_STEP][PASSED] - else: null

16-05-2025T11:57:46 - [TEST_STEP][PASSED] - page = page.replaceAll("\s+", ""): null

16-05-2025T11:57:46 - [TEST_STEP][PASSED] - if (page == "undefined"): null

16-05-2025T11:57:46 - [TEST_STEP][PASSED] - filePoteri = poteri.toInteger(): null

16-05-2025T11:57:46 - [TEST_STEP][PASSED] - pagePoteri = page.toInteger(): null

16-05-2025T11:57:46 - [TEST_STEP][PASSED] - compare = pageOtpuskVSet: null

16-05-2025T11:57:46 - [TEST_STEP][PASSED] - if (pageOtpuskVSet != null): null

16-05-2025T11:57:46 - [TEST_STEP][PASSED] - if (compare == fileOtpuskVSet): null

16-05-2025T11:57:46 - [TEST_STEP][PASSED] - else if (compare > fileOtpuskVSet): null

16-05-2025T11:57:46 - [TEST_STEP][PASSED] - else if (compare < fileOtpuskVSet): null

16-05-2025T11:57:46 - [TEST_STEP][PASSED] - compare = compare + 1: null

16-05-2025T11:57:46 - [TEST_STEP][PASSED] - if (compare == fileOtpuskVSet): null

16-05-2025T11:57:46 - [TEST_STEP][PASSED] - else: null

16-05-2025T11:57:46 - [TEST_STEP][PASSED] - numberOfErrors = numberOfErrors + 1: null

16-05-2025T11:57:46 - [TEST_STEP][PASSED] - pageInt = pageOtpuskVSet: null

16-05-2025T11:57:46 - [TEST_STEP][PASSED] - fileInt = fileOtpuskVSet: null

16-05-2025T11:57:46 - [TEST_STEP][PASSED] - typeOfData = typeOfDataMain + " Отпуск в сеть": null

16-05-2025T11:57:46 - [TEST_STEP][PASSED] - Script1718980020443.WriteToExcel(a, typeOfData, todaysDate, pageInt, fileInt, pageDouble, fileDouble, dZO): null

16-05-2025T11:57:46 - [TEST_STEP][PASSED] - sheetName = "Sheet1": null

16-05-2025T11:57:46 - [TEST_STEP][PASSED] - data = findTestData("PlanFact"): null

16-05-2025T11:57:46 - [TEST_STEP][PASSED] - n = data.getRowNumbers() + 1: null

16-05-2025T11:57:46 - [TEST_STEP][PASSED] - day = ")).toInteger(): null

16-05-2025T11:57:46 - [TEST_STEP][PASSED] - println(day): null

16-05-2025T11:57:46 - [TEST_STEP][PASSED] - month = ")).toInteger(): null

16-05-2025T11:57:46 - [TEST_STEP][PASSED] - println(month): null

16-05-2025T11:57:46 - [TEST_STEP][PASSED] - y = <not implemented yet for class: org.codehaus.groovy.ast.expr.EmptyExpression>: null

16-05-2025T11:57:46 - [TEST_STEP][PASSED] - iy = <not implemented yet for class: org.codehaus.groovy.ast.expr.EmptyExpression>: null

16-05-2025T11:57:46 - [TEST_STEP][PASSED] - m = getText(findTestObject("Выполнение бизнес-плана/Период")): Text of object 'Object Repository/Выполнение бизнес-плана/Период' is: '1 кв. 2025 года'

16-05-2025T11:57:46 - [MESSAGE][PASSED] - Text of object 'Object Repository/Выполнение бизнес-плана/Период' is: '1 кв. 2025 года'

16-05-2025T11:57:46 - [TEST_STEP][PASSED] - iy = m.indexOf("20"): null

16-05-2025T11:57:46 - [TEST_STEP][PASSED] - if (iy > -1): null

16-05-2025T11:57:46 - [TEST_STEP][PASSED] - y = substring(iy, iy + 4).toInteger(): null

16-05-2025T11:57:46 - [TEST_STEP][PASSED] - println(y): null

16-05-2025T11:57:46 - [TEST_STEP][PASSED] - if (toString().length() == 4): null

16-05-2025T11:57:46 - [TEST_STEP][PASSED] - m = m.substring(0, m.indexOf(y.toString())): null

16-05-2025T11:57:46 - [TEST_STEP][PASSED] - m = m.trim(): null

16-05-2025T11:57:46 - [TEST_STEP][PASSED] - if (m == ""): null

16-05-2025T11:57:46 - [TEST_STEP][PASSED] - dashboardName = "Выполнение бизнес-плана": null

16-05-2025T11:57:46 - [TEST_STEP][PASSED] - workbook01 = getWorkbook(excelFilePath): null

16-05-2025T11:57:46 - [TEST_STEP][PASSED] - sheet01 = getExcelSheet(workbook01, sheetName): null

16-05-2025T11:57:46 - [TEST_STEP][PASSED] - setValueToCellByIndex(sheet01, n, 0, dashboardName): null

16-05-2025T11:57:46 - [TEST_STEP][PASSED] - setValueToCellByIndex(sheet01, n, 1, dZO): null

16-05-2025T11:57:46 - [TEST_STEP][PASSED] - setValueToCellByIndex(sheet01, n, 2, typeOfData): null

16-05-2025T11:57:46 - [TEST_STEP][PASSED] - if (typeOfData == "Факт в процентах" || typeOfData == "План в процентах"): null

16-05-2025T11:57:46 - [TEST_STEP][PASSED] - else: null

16-05-2025T11:57:46 - [TEST_STEP][PASSED] - setValueToCellByIndex(sheet01, n, 3, fileInt): null

16-05-2025T11:57:46 - [TEST_STEP][PASSED] - setValueToCellByIndex(sheet01, n, 4, pageInt): null

16-05-2025T11:57:46 - [TEST_STEP][PASSED] - setValueToCellByIndex(sheet01, n, 5, m): null

16-05-2025T11:57:46 - [TEST_STEP][PASSED] - setValueToCellByIndex(sheet01, n, 6, y): null

16-05-2025T11:57:46 - [TEST_STEP][PASSED] - setValueToCellByIndex(sheet01, n, 7, todaysDate): null

16-05-2025T11:57:46 - [TEST_STEP][PASSED] - n = n + 1: null

16-05-2025T11:57:46 - [TEST_STEP][PASSED] - saveWorkbook(excelFilePath, workbook01): null

16-05-2025T11:57:47 - [TEST_STEP][PASSED] - compare = pagePoteri: null

16-05-2025T11:57:47 - [TEST_STEP][PASSED] - if (pageOtpuskVSet != null): null

16-05-2025T11:57:47 - [TEST_STEP][PASSED] - if (compare == filePoteri): null

16-05-2025T11:57:47 - [TEST_STEP][PASSED] - else if (compare > filePoteri): null

16-05-2025T11:57:47 - [TEST_STEP][PASSED] - else if (compare < filePoteri): null

16-05-2025T11:57:47 - [TEST_STEP][PASSED] - compare = compare + 1: null

16-05-2025T11:57:47 - [TEST_STEP][PASSED] - if (compare == filePoteri): null

16-05-2025T11:57:47 - [TEST_STEP][PASSED] - else: null

16-05-2025T11:57:47 - [TEST_STEP][PASSED] - numberOfErrors = numberOfErrors + 1: null

16-05-2025T11:57:47 - [TEST_STEP][PASSED] - pageInt = pagePoteri: null

16-05-2025T11:57:47 - [TEST_STEP][PASSED] - fileInt = filePoteri: null

16-05-2025T11:57:47 - [TEST_STEP][PASSED] - typeOfData = typeOfDataMain + " Потери": null

16-05-2025T11:57:47 - [TEST_STEP][PASSED] - Script1718980020443.WriteToExcel(a, typeOfData, todaysDate, pageInt, fileInt, pageDouble, fileDouble, dZO): null

16-05-2025T11:57:47 - [TEST_STEP][PASSED] - sheetName = "Sheet1": null

16-05-2025T11:57:47 - [TEST_STEP][PASSED] - data = findTestData("PlanFact"): null

16-05-2025T11:57:47 - [TEST_STEP][PASSED] - n = data.getRowNumbers() + 1: null

16-05-2025T11:57:47 - [TEST_STEP][PASSED] - day = ")).toInteger(): null

16-05-2025T11:57:47 - [TEST_STEP][PASSED] - println(day): null

16-05-2025T11:57:47 - [TEST_STEP][PASSED] - month = ")).toInteger(): null

16-05-2025T11:57:47 - [TEST_STEP][PASSED] - println(month): null

16-05-2025T11:57:47 - [TEST_STEP][PASSED] - y = <not implemented yet for class: org.codehaus.groovy.ast.expr.EmptyExpression>: null

16-05-2025T11:57:47 - [TEST_STEP][PASSED] - iy = <not implemented yet for class: org.codehaus.groovy.ast.expr.EmptyExpression>: null

16-05-2025T11:57:47 - [TEST_STEP][PASSED] - m = getText(findTestObject("Выполнение бизнес-плана/Период")): Text of object 'Object Repository/Выполнение бизнес-плана/Период' is: '1 кв. 2025 года'

16-05-2025T11:57:47 - [MESSAGE][PASSED] - Text of object 'Object Repository/Выполнение бизнес-плана/Период' is: '1 кв. 2025 года'

16-05-2025T11:57:47 - [TEST_STEP][PASSED] - iy = m.indexOf("20"): null

16-05-2025T11:57:47 - [TEST_STEP][PASSED] - if (iy > -1): null

16-05-2025T11:57:47 - [TEST_STEP][PASSED] - y = substring(iy, iy + 4).toInteger(): null

16-05-2025T11:57:47 - [TEST_STEP][PASSED] - println(y): null

16-05-2025T11:57:47 - [TEST_STEP][PASSED] - if (toString().length() == 4): null

16-05-2025T11:57:47 - [TEST_STEP][PASSED] - m = m.substring(0, m.indexOf(y.toString())): null

16-05-2025T11:57:47 - [TEST_STEP][PASSED] - m = m.trim(): null

16-05-2025T11:57:47 - [TEST_STEP][PASSED] - if (m == ""): null

16-05-2025T11:57:47 - [TEST_STEP][PASSED] - dashboardName = "Выполнение бизнес-плана": null

16-05-2025T11:57:47 - [TEST_STEP][PASSED] - workbook01 = getWorkbook(excelFilePath): null

16-05-2025T11:57:47 - [TEST_STEP][PASSED] - sheet01 = getExcelSheet(workbook01, sheetName): null

16-05-2025T11:57:47 - [TEST_STEP][PASSED] - setValueToCellByIndex(sheet01, n, 0, dashboardName): null

16-05-2025T11:57:47 - [TEST_STEP][PASSED] - setValueToCellByIndex(sheet01, n, 1, dZO): null

16-05-2025T11:57:47 - [TEST_STEP][PASSED] - setValueToCellByIndex(sheet01, n, 2, typeOfData): null

16-05-2025T11:57:47 - [TEST_STEP][PASSED] - if (typeOfData == "Факт в процентах" || typeOfData == "План в процентах"): null

16-05-2025T11:57:47 - [TEST_STEP][PASSED] - else: null

16-05-2025T11:57:47 - [TEST_STEP][PASSED] - setValueToCellByIndex(sheet01, n, 3, fileInt): null

16-05-2025T11:57:47 - [TEST_STEP][PASSED] - setValueToCellByIndex(sheet01, n, 4, pageInt): null

16-05-2025T11:57:47 - [TEST_STEP][PASSED] - setValueToCellByIndex(sheet01, n, 5, m): null

16-05-2025T11:57:47 - [TEST_STEP][PASSED] - setValueToCellByIndex(sheet01, n, 6, y): null

16-05-2025T11:57:47 - [TEST_STEP][PASSED] - setValueToCellByIndex(sheet01, n, 7, todaysDate): null

16-05-2025T11:57:47 - [TEST_STEP][PASSED] - n = n + 1: null

16-05-2025T11:57:47 - [TEST_STEP][PASSED] - saveWorkbook(excelFilePath, workbook01): null

16-05-2025T11:57:47 - [TEST_STEP][PASSED] - if (planFact == 2): null

16-05-2025T11:57:47 - [TEST_STEP][PASSED] - if (planFact == 1): null

16-05-2025T11:57:47 - [TEST_STEP][PASSED] - else if (planFact == 2): null

16-05-2025T11:57:47 - [TEST_STEP][PASSED] - click(findTestObject("Выполнение бизнес-плана/Кнопка План")): Object: 'Object Repository/Выполнение бизнес-плана/Кнопка План' is clicked on

16-05-2025T11:57:48 - [MESSAGE][PASSED] - Object: 'Object Repository/Выполнение бизнес-плана/Кнопка План' is clicked on

16-05-2025T11:57:48 - [TEST_STEP][PASSED] - typeOfDataMain = "План": null

16-05-2025T11:57:48 - [TEST_STEP][PASSED] - otpusk = findTestData("PlanFact").getValue(2, a): null

16-05-2025T11:57:48 - [TEST_STEP][PASSED] - poteri = findTestData("PlanFact").getValue(3, a): null

16-05-2025T11:57:48 - [TEST_STEP][PASSED] - otpusk = otpusk.replaceAll("\s+", ""): null

16-05-2025T11:57:48 - [TEST_STEP][PASSED] - poteri = poteri.replaceAll("\s+", ""): null

16-05-2025T11:57:48 - [TEST_STEP][PASSED] - typeOfData = typeOfDataMain + " Отпуск в сеть": null

16-05-2025T11:57:48 - [TEST_STEP][PASSED] - if (a == 82): null

16-05-2025T11:57:48 - [TEST_STEP][PASSED] - else if (a == 84): null

16-05-2025T11:57:48 - [TEST_STEP][PASSED] - else if (a == 83 || a == 52 || a == 72 || a == 28 || a == 73 || a == 77 || a == 74 || a == 65 || a == 36 || a == 44 || a == 53 || a == 80 || a == 54 || a == 1 || a == 18 || a == 59 || a == 81): null

16-05-2025T11:57:48 - [TEST_STEP][PASSED] - path = dataFolder + "Table Data/" + typeOfData + " за отчётный период " + dzoNum: null

16-05-2025T11:57:48 - [TEST_STEP][PASSED] - println(path): null

16-05-2025T11:57:48 - [TEST_STEP][PASSED] - page = getText(findTestObject(path)): Text of object 'Object Repository/Выполнение бизнес-плана/Значения со страницы Выполнение бизнес-плана/Table Data/План Отпуск в сеть за отчётный период 2' is: '5 172 896'

16-05-2025T11:57:48 - [MESSAGE][PASSED] - Text of object 'Object Repository/Выполнение бизнес-плана/Значения со страницы Выполнение бизнес-плана/Table Data/План Отпуск в сеть за отчётный период 2' is: '5 172 896'

16-05-2025T11:57:48 - [TEST_STEP][PASSED] - if (page == "" || page == null): null

16-05-2025T11:57:48 - [TEST_STEP][PASSED] - else: null

16-05-2025T11:57:48 - [TEST_STEP][PASSED] - page = page.replaceAll("\s+", ""): null

16-05-2025T11:57:48 - [TEST_STEP][PASSED] - if (page == "undefined"): null

16-05-2025T11:57:48 - [TEST_STEP][PASSED] - fileOtpuskVSet = otpusk.toInteger(): null

16-05-2025T11:57:48 - [TEST_STEP][PASSED] - pageOtpuskVSet = page.toInteger(): null

16-05-2025T11:57:48 - [TEST_STEP][PASSED] - typeOfData = typeOfDataMain + " Потери": null

16-05-2025T11:57:48 - [TEST_STEP][PASSED] - if (a == 82): null

16-05-2025T11:57:48 - [TEST_STEP][PASSED] - else if (a == 84): null

16-05-2025T11:57:48 - [TEST_STEP][PASSED] - else if (a == 83 || a == 52 || a == 72 || a == 28 || a == 73 || a == 77 || a == 74 || a == 65 || a == 36 || a == 44 || a == 53 || a == 80 || a == 54 || a == 1 || a == 18 || a == 59 || a == 81): null

16-05-2025T11:57:48 - [TEST_STEP][PASSED] - path = dataFolder + "Table Data/" + typeOfData + " за отчётный период " + dzoNum: null

16-05-2025T11:57:48 - [TEST_STEP][PASSED] - page = getText(findTestObject(path)): Text of object 'Object Repository/Выполнение бизнес-плана/Значения со страницы Выполнение бизнес-плана/Table Data/План Потери за отчётный период 2' is: '373 314'

16-05-2025T11:57:48 - [MESSAGE][PASSED] - Text of object 'Object Repository/Выполнение бизнес-плана/Значения со страницы Выполнение бизнес-плана/Table Data/План Потери за отчётный период 2' is: '373 314'

16-05-2025T11:57:48 - [TEST_STEP][PASSED] - if (page == "" || page == null): null

16-05-2025T11:57:48 - [TEST_STEP][PASSED] - else: null

16-05-2025T11:57:48 - [TEST_STEP][PASSED] - page = page.replaceAll("\s+", ""): null

16-05-2025T11:57:48 - [TEST_STEP][PASSED] - if (page == "undefined"): null

16-05-2025T11:57:48 - [TEST_STEP][PASSED] - filePoteri = poteri.toInteger(): null

16-05-2025T11:57:48 - [TEST_STEP][PASSED] - pagePoteri = page.toInteger(): null

16-05-2025T11:57:48 - [TEST_STEP][PASSED] - compare = pageOtpuskVSet: null

16-05-2025T11:57:48 - [TEST_STEP][PASSED] - if (pageOtpuskVSet != null): null

16-05-2025T11:57:48 - [TEST_STEP][PASSED] - if (compare == fileOtpuskVSet): null

16-05-2025T11:57:48 - [TEST_STEP][PASSED] - else if (compare > fileOtpuskVSet): null

16-05-2025T11:57:48 - [TEST_STEP][PASSED] - else if (compare < fileOtpuskVSet): null

16-05-2025T11:57:48 - [TEST_STEP][PASSED] - compare = compare + 1: null

16-05-2025T11:57:48 - [TEST_STEP][PASSED] - if (compare == fileOtpuskVSet): null

16-05-2025T11:57:48 - [TEST_STEP][PASSED] - else: null

16-05-2025T11:57:48 - [TEST_STEP][PASSED] - numberOfErrors = numberOfErrors + 1: null

16-05-2025T11:57:48 - [TEST_STEP][PASSED] - pageInt = pageOtpuskVSet: null

16-05-2025T11:57:48 - [TEST_STEP][PASSED] - fileInt = fileOtpuskVSet: null

16-05-2025T11:57:48 - [TEST_STEP][PASSED] - typeOfData = typeOfDataMain + " Отпуск в сеть": null

16-05-2025T11:57:48 - [TEST_STEP][PASSED] - Script1718980020443.WriteToExcel(a, typeOfData, todaysDate, pageInt, fileInt, pageDouble, fileDouble, dZO): null

16-05-2025T11:57:48 - [TEST_STEP][PASSED] - sheetName = "Sheet1": null

16-05-2025T11:57:48 - [TEST_STEP][PASSED] - data = findTestData("PlanFact"): null

16-05-2025T11:57:48 - [TEST_STEP][PASSED] - n = data.getRowNumbers() + 1: null

16-05-2025T11:57:48 - [TEST_STEP][PASSED] - day = ")).toInteger(): null

16-05-2025T11:57:48 - [TEST_STEP][PASSED] - println(day): null

16-05-2025T11:57:48 - [TEST_STEP][PASSED] - month = ")).toInteger(): null

16-05-2025T11:57:48 - [TEST_STEP][PASSED] - println(month): null

16-05-2025T11:57:48 - [TEST_STEP][PASSED] - y = <not implemented yet for class: org.codehaus.groovy.ast.expr.EmptyExpression>: null

16-05-2025T11:57:48 - [TEST_STEP][PASSED] - iy = <not implemented yet for class: org.codehaus.groovy.ast.expr.EmptyExpression>: null

16-05-2025T11:57:48 - [TEST_STEP][PASSED] - m = getText(findTestObject("Выполнение бизнес-плана/Период")): Text of object 'Object Repository/Выполнение бизнес-плана/Период' is: '1 кв. 2025 года'

16-05-2025T11:57:49 - [MESSAGE][PASSED] - Text of object 'Object Repository/Выполнение бизнес-плана/Период' is: '1 кв. 2025 года'

16-05-2025T11:57:49 - [TEST_STEP][PASSED] - iy = m.indexOf("20"): null

16-05-2025T11:57:49 - [TEST_STEP][PASSED] - if (iy > -1): null

16-05-2025T11:57:49 - [TEST_STEP][PASSED] - y = substring(iy, iy + 4).toInteger(): null

16-05-2025T11:57:49 - [TEST_STEP][PASSED] - println(y): null

16-05-2025T11:57:49 - [TEST_STEP][PASSED] - if (toString().length() == 4): null

16-05-2025T11:57:49 - [TEST_STEP][PASSED] - m = m.substring(0, m.indexOf(y.toString())): null

16-05-2025T11:57:49 - [TEST_STEP][PASSED] - m = m.trim(): null

16-05-2025T11:57:49 - [TEST_STEP][PASSED] - if (m == ""): null

16-05-2025T11:57:49 - [TEST_STEP][PASSED] - dashboardName = "Выполнение бизнес-плана": null

16-05-2025T11:57:49 - [TEST_STEP][PASSED] - workbook01 = getWorkbook(excelFilePath): null

16-05-2025T11:57:49 - [TEST_STEP][PASSED] - sheet01 = getExcelSheet(workbook01, sheetName): null

16-05-2025T11:57:49 - [TEST_STEP][PASSED] - setValueToCellByIndex(sheet01, n, 0, dashboardName): null

16-05-2025T11:57:49 - [TEST_STEP][PASSED] - setValueToCellByIndex(sheet01, n, 1, dZO): null

16-05-2025T11:57:49 - [TEST_STEP][PASSED] - setValueToCellByIndex(sheet01, n, 2, typeOfData): null

16-05-2025T11:57:49 - [TEST_STEP][PASSED] - if (typeOfData == "Факт в процентах" || typeOfData == "План в процентах"): null

16-05-2025T11:57:49 - [TEST_STEP][PASSED] - else: null

16-05-2025T11:57:49 - [TEST_STEP][PASSED] - setValueToCellByIndex(sheet01, n, 3, fileInt): null

16-05-2025T11:57:49 - [TEST_STEP][PASSED] - setValueToCellByIndex(sheet01, n, 4, pageInt): null

16-05-2025T11:57:49 - [TEST_STEP][PASSED] - setValueToCellByIndex(sheet01, n, 5, m): null

16-05-2025T11:57:49 - [TEST_STEP][PASSED] - setValueToCellByIndex(sheet01, n, 6, y): null

16-05-2025T11:57:49 - [TEST_STEP][PASSED] - setValueToCellByIndex(sheet01, n, 7, todaysDate): null

16-05-2025T11:57:49 - [TEST_STEP][PASSED] - n = n + 1: null

16-05-2025T11:57:49 - [TEST_STEP][PASSED] - saveWorkbook(excelFilePath, workbook01): null

16-05-2025T11:57:49 - [TEST_STEP][PASSED] - compare = pagePoteri: null

16-05-2025T11:57:49 - [TEST_STEP][PASSED] - if (pageOtpuskVSet != null): null

16-05-2025T11:57:49 - [TEST_STEP][PASSED] - if (compare == filePoteri): null

16-05-2025T11:57:49 - [TEST_STEP][PASSED] - else if (compare > filePoteri): null

16-05-2025T11:57:49 - [TEST_STEP][PASSED] - else if (compare < filePoteri): null

16-05-2025T11:57:49 - [TEST_STEP][PASSED] - compare = compare + 1: null

16-05-2025T11:57:49 - [TEST_STEP][PASSED] - if (compare == filePoteri): null

16-05-2025T11:57:49 - [TEST_STEP][PASSED] - else: null

16-05-2025T11:57:49 - [TEST_STEP][PASSED] - numberOfErrors = numberOfErrors + 1: null

16-05-2025T11:57:49 - [TEST_STEP][PASSED] - pageInt = pagePoteri: null

16-05-2025T11:57:49 - [TEST_STEP][PASSED] - fileInt = filePoteri: null

16-05-2025T11:57:49 - [TEST_STEP][PASSED] - typeOfData = typeOfDataMain + " Потери": null

16-05-2025T11:57:49 - [TEST_STEP][PASSED] - Script1718980020443.WriteToExcel(a, typeOfData, todaysDate, pageInt, fileInt, pageDouble, fileDouble, dZO): null

16-05-2025T11:57:49 - [TEST_STEP][PASSED] - sheetName = "Sheet1": null

16-05-2025T11:57:49 - [TEST_STEP][PASSED] - data = findTestData("PlanFact"): null

16-05-2025T11:57:49 - [TEST_STEP][PASSED] - n = data.getRowNumbers() + 1: null

16-05-2025T11:57:49 - [TEST_STEP][PASSED] - day = ")).toInteger(): null

16-05-2025T11:57:49 - [TEST_STEP][PASSED] - println(day): null

16-05-2025T11:57:49 - [TEST_STEP][PASSED] - month = ")).toInteger(): null

16-05-2025T11:57:49 - [TEST_STEP][PASSED] - println(month): null

16-05-2025T11:57:49 - [TEST_STEP][PASSED] - y = <not implemented yet for class: org.codehaus.groovy.ast.expr.EmptyExpression>: null

16-05-2025T11:57:49 - [TEST_STEP][PASSED] - iy = <not implemented yet for class: org.codehaus.groovy.ast.expr.EmptyExpression>: null

16-05-2025T11:57:49 - [TEST_STEP][PASSED] - m = getText(findTestObject("Выполнение бизнес-плана/Период")): Text of object 'Object Repository/Выполнение бизнес-плана/Период' is: '1 кв. 2025 года'

16-05-2025T11:57:49 - [MESSAGE][PASSED] - Text of object 'Object Repository/Выполнение бизнес-плана/Период' is: '1 кв. 2025 года'

16-05-2025T11:57:49 - [TEST_STEP][PASSED] - iy = m.indexOf("20"): null

16-05-2025T11:57:49 - [TEST_STEP][PASSED] - if (iy > -1): null

16-05-2025T11:57:49 - [TEST_STEP][PASSED] - y = substring(iy, iy + 4).toInteger(): null

16-05-2025T11:57:49 - [TEST_STEP][PASSED] - println(y): null

16-05-2025T11:57:49 - [TEST_STEP][PASSED] - if (toString().length() == 4): null

16-05-2025T11:57:49 - [TEST_STEP][PASSED] - m = m.substring(0, m.indexOf(y.toString())): null

16-05-2025T11:57:49 - [TEST_STEP][PASSED] - m = m.trim(): null

16-05-2025T11:57:49 - [TEST_STEP][PASSED] - if (m == ""): null

16-05-2025T11:57:49 - [TEST_STEP][PASSED] - dashboardName = "Выполнение бизнес-плана": null

16-05-2025T11:57:49 - [TEST_STEP][PASSED] - workbook01 = getWorkbook(excelFilePath): null

16-05-2025T11:57:49 - [TEST_STEP][PASSED] - sheet01 = getExcelSheet(workbook01, sheetName): null

16-05-2025T11:57:49 - [TEST_STEP][PASSED] - setValueToCellByIndex(sheet01, n, 0, dashboardName): null

16-05-2025T11:57:49 - [TEST_STEP][PASSED] - setValueToCellByIndex(sheet01, n, 1, dZO): null

16-05-2025T11:57:49 - [TEST_STEP][PASSED] - setValueToCellByIndex(sheet01, n, 2, typeOfData): null

16-05-2025T11:57:49 - [TEST_STEP][PASSED] - if (typeOfData == "Факт в процентах" || typeOfData == "План в процентах"): null

16-05-2025T11:57:49 - [TEST_STEP][PASSED] - else: null

16-05-2025T11:57:49 - [TEST_STEP][PASSED] - setValueToCellByIndex(sheet01, n, 3, fileInt): null

16-05-2025T11:57:49 - [TEST_STEP][PASSED] - setValueToCellByIndex(sheet01, n, 4, pageInt): null

16-05-2025T11:57:49 - [TEST_STEP][PASSED] - setValueToCellByIndex(sheet01, n, 5, m): null

16-05-2025T11:57:49 - [TEST_STEP][PASSED] - setValueToCellByIndex(sheet01, n, 6, y): null

16-05-2025T11:57:49 - [TEST_STEP][PASSED] - setValueToCellByIndex(sheet01, n, 7, todaysDate): null

16-05-2025T11:57:49 - [TEST_STEP][PASSED] - n = n + 1: null

16-05-2025T11:57:49 - [TEST_STEP][PASSED] - saveWorkbook(excelFilePath, workbook01): Object: 'Object Repository/Выполнение бизнес-плана/Кнопка Факт' is clicked on

16-05-2025T11:57:50 - [TEST_STEP][PASSED] - if (planFact == 2): Object: 'Object Repository/Выполнение бизнес-плана/Кнопка Факт' is clicked on

16-05-2025T11:57:50 - [TEST_STEP][PASSED] - click(findTestObject("Выполнение бизнес-плана/Кнопка Факт")): Object: 'Object Repository/Выполнение бизнес-плана/Кнопка Факт' is clicked on

16-05-2025T11:57:50 - [MESSAGE][PASSED] - Object: 'Object Repository/Выполнение бизнес-плана/Кнопка Факт' is clicked on

16-05-2025T11:57:50 - [TEST_STEP][PASSED] - println("a=" + a): null

16-05-2025T11:57:50 - [TEST_STEP][PASSED] - if (a == 84 || a == 82): null

16-05-2025T11:57:50 - [TEST_STEP][PASSED] - else if (a == 83 || a == 52 || a == 72 || a == 28 || a == 73 || a == 77 || a == 74 || a == 65 || a == 36 || a == 44 || a == 53 || a == 80 || a == 54 || a == 1 || a == 18 || a == 59 || a == 81): null

16-05-2025T11:57:50 - [TEST_STEP][PASSED] - page1 = getText(findTestObject("Object Repository/Выполнение бизнес-плана/spanPlan" + dzoNum)): Text of object 'Object Repository/Выполнение бизнес-плана/spanPlan2' is: '7.22
|'

16-05-2025T11:57:50 - [MESSAGE][PASSED] - Text of object 'Object Repository/Выполнение бизнес-плана/spanPlan2' is: '7.22
|'

16-05-2025T11:57:50 - [TEST_STEP][PASSED] - page1 = page1.replace("|", ""): null

16-05-2025T11:57:50 - [TEST_STEP][PASSED] - page2 = getText(findTestObject("Object Repository/Выполнение бизнес-плана/spanFact" + dzoNum)): Text of object 'Object Repository/Выполнение бизнес-плана/spanFact2' is: '6.22'

16-05-2025T11:57:50 - [MESSAGE][PASSED] - Text of object 'Object Repository/Выполнение бизнес-плана/spanFact2' is: '6.22'

16-05-2025T11:57:50 - [TEST_STEP][PASSED] - page2 = page2.replace("|", ""): null

16-05-2025T11:57:50 - [TEST_STEP][PASSED] - println("page1: " + page1): null

16-05-2025T11:57:50 - [TEST_STEP][PASSED] - println("page2: " + page2): null

16-05-2025T11:57:50 - [TEST_STEP][PASSED] - file = findTestData("PlanFact").getValue(4, a): null

16-05-2025T11:57:50 - [TEST_STEP][PASSED] - file = file.replace(",", "."): null

16-05-2025T11:57:50 - [TEST_STEP][PASSED] - println("file Plan: " + file): null

16-05-2025T11:57:50 - [TEST_STEP][PASSED] - typeOfData = "План в процентах": null

16-05-2025T11:57:50 - [TEST_STEP][PASSED] - fileDouble = file.toDouble(): null

16-05-2025T11:57:50 - [TEST_STEP][PASSED] - pageDouble = page1.toDouble(): null

16-05-2025T11:57:50 - [TEST_STEP][PASSED] - if (fileDouble != pageDouble): null

16-05-2025T11:57:50 - [TEST_STEP][PASSED] - numberOfErrors = numberOfErrors + 1: null

16-05-2025T11:57:50 - [TEST_STEP][PASSED] - Script1718980020443.WriteToExcel(a, typeOfData, todaysDate, pageInt, fileInt, pageDouble, fileDouble, dZO): null

16-05-2025T11:57:50 - [TEST_STEP][PASSED] - sheetName = "Sheet1": null

16-05-2025T11:57:50 - [TEST_STEP][PASSED] - data = findTestData("PlanFact"): null

16-05-2025T11:57:51 - [TEST_STEP][PASSED] - n = data.getRowNumbers() + 1: null

16-05-2025T11:57:51 - [TEST_STEP][PASSED] - day = ")).toInteger(): null

16-05-2025T11:57:51 - [TEST_STEP][PASSED] - println(day): null

16-05-2025T11:57:51 - [TEST_STEP][PASSED] - month = ")).toInteger(): null

16-05-2025T11:57:51 - [TEST_STEP][PASSED] - println(month): null

16-05-2025T11:57:51 - [TEST_STEP][PASSED] - y = <not implemented yet for class: org.codehaus.groovy.ast.expr.EmptyExpression>: null

16-05-2025T11:57:51 - [TEST_STEP][PASSED] - iy = <not implemented yet for class: org.codehaus.groovy.ast.expr.EmptyExpression>: null

16-05-2025T11:57:51 - [TEST_STEP][PASSED] - m = getText(findTestObject("Выполнение бизнес-плана/Период")): Text of object 'Object Repository/Выполнение бизнес-плана/Период' is: '1 кв. 2025 года'

16-05-2025T11:57:51 - [MESSAGE][PASSED] - Text of object 'Object Repository/Выполнение бизнес-плана/Период' is: '1 кв. 2025 года'

16-05-2025T11:57:51 - [TEST_STEP][PASSED] - iy = m.indexOf("20"): null

16-05-2025T11:57:51 - [TEST_STEP][PASSED] - if (iy > -1): null

16-05-2025T11:57:51 - [TEST_STEP][PASSED] - y = substring(iy, iy + 4).toInteger(): null

16-05-2025T11:57:51 - [TEST_STEP][PASSED] - println(y): null

16-05-2025T11:57:51 - [TEST_STEP][PASSED] - if (toString().length() == 4): null

16-05-2025T11:57:51 - [TEST_STEP][PASSED] - m = m.substring(0, m.indexOf(y.toString())): null

16-05-2025T11:57:51 - [TEST_STEP][PASSED] - m = m.trim(): null

16-05-2025T11:57:51 - [TEST_STEP][PASSED] - if (m == ""): null

16-05-2025T11:57:51 - [TEST_STEP][PASSED] - dashboardName = "Выполнение бизнес-плана": null

16-05-2025T11:57:51 - [TEST_STEP][PASSED] - workbook01 = getWorkbook(excelFilePath): null

16-05-2025T11:57:51 - [TEST_STEP][PASSED] - sheet01 = getExcelSheet(workbook01, sheetName): null

16-05-2025T11:57:51 - [TEST_STEP][PASSED] - setValueToCellByIndex(sheet01, n, 0, dashboardName): null

16-05-2025T11:57:51 - [TEST_STEP][PASSED] - setValueToCellByIndex(sheet01, n, 1, dZO): null

16-05-2025T11:57:51 - [TEST_STEP][PASSED] - setValueToCellByIndex(sheet01, n, 2, typeOfData): null

16-05-2025T11:57:51 - [TEST_STEP][PASSED] - if (typeOfData == "Факт в процентах" || typeOfData == "План в процентах"): null

16-05-2025T11:57:51 - [TEST_STEP][PASSED] - setValueToCellByIndex(sheet01, n, 3, fileDouble): null

16-05-2025T11:57:51 - [TEST_STEP][PASSED] - setValueToCellByIndex(sheet01, n, 4, pageDouble): null

16-05-2025T11:57:51 - [TEST_STEP][PASSED] - setValueToCellByIndex(sheet01, n, 5, m): null

16-05-2025T11:57:51 - [TEST_STEP][PASSED] - setValueToCellByIndex(sheet01, n, 6, y): null

16-05-2025T11:57:51 - [TEST_STEP][PASSED] - setValueToCellByIndex(sheet01, n, 7, todaysDate): null

16-05-2025T11:57:51 - [TEST_STEP][PASSED] - n = n + 1: null

16-05-2025T11:57:51 - [TEST_STEP][PASSED] - saveWorkbook(excelFilePath, workbook01): null

16-05-2025T11:57:51 - [TEST_STEP][PASSED] - file = findTestData("PlanFact").getValue(7, a): null

16-05-2025T11:57:51 - [TEST_STEP][PASSED] - file = file.replace(",", "."): null

16-05-2025T11:57:51 - [TEST_STEP][PASSED] - println("file Fact: " + file): null

16-05-2025T11:57:51 - [TEST_STEP][PASSED] - fileDouble = file.toDouble(): null

16-05-2025T11:57:51 - [TEST_STEP][PASSED] - typeOfData = "Факт в процентах": null

16-05-2025T11:57:51 - [TEST_STEP][PASSED] - fileDouble = file.toDouble(): null

16-05-2025T11:57:51 - [TEST_STEP][PASSED] - pageDouble = page2.toDouble(): null

16-05-2025T11:57:51 - [TEST_STEP][PASSED] - if (fileDouble != pageDouble): null

16-05-2025T11:57:51 - [TEST_STEP][PASSED] - numberOfErrors = numberOfErrors + 1: null

16-05-2025T11:57:51 - [TEST_STEP][PASSED] - Script1718980020443.WriteToExcel(a, typeOfData, todaysDate, pageInt, fileInt, pageDouble, fileDouble, dZO): null

16-05-2025T11:57:51 - [TEST_STEP][PASSED] - sheetName = "Sheet1": null

16-05-2025T11:57:51 - [TEST_STEP][PASSED] - data = findTestData("PlanFact"): null

16-05-2025T11:57:51 - [TEST_STEP][PASSED] - n = data.getRowNumbers() + 1: null

16-05-2025T11:57:51 - [TEST_STEP][PASSED] - day = ")).toInteger(): null

16-05-2025T11:57:51 - [TEST_STEP][PASSED] - println(day): null

16-05-2025T11:57:51 - [TEST_STEP][PASSED] - month = ")).toInteger(): null

16-05-2025T11:57:51 - [TEST_STEP][PASSED] - println(month): null

16-05-2025T11:57:51 - [TEST_STEP][PASSED] - y = <not implemented yet for class: org.codehaus.groovy.ast.expr.EmptyExpression>: null

16-05-2025T11:57:51 - [TEST_STEP][PASSED] - iy = <not implemented yet for class: org.codehaus.groovy.ast.expr.EmptyExpression>: null

16-05-2025T11:57:51 - [TEST_STEP][PASSED] - m = getText(findTestObject("Выполнение бизнес-плана/Период")): Text of object 'Object Repository/Выполнение бизнес-плана/Период' is: '1 кв. 2025 года'

16-05-2025T11:57:51 - [MESSAGE][PASSED] - Text of object 'Object Repository/Выполнение бизнес-плана/Период' is: '1 кв. 2025 года'

16-05-2025T11:57:51 - [TEST_STEP][PASSED] - iy = m.indexOf("20"): null

16-05-2025T11:57:51 - [TEST_STEP][PASSED] - if (iy > -1): null

16-05-2025T11:57:51 - [TEST_STEP][PASSED] - y = substring(iy, iy + 4).toInteger(): null

16-05-2025T11:57:51 - [TEST_STEP][PASSED] - println(y): null

16-05-2025T11:57:51 - [TEST_STEP][PASSED] - if (toString().length() == 4): null

16-05-2025T11:57:52 - [TEST_STEP][PASSED] - m = m.substring(0, m.indexOf(y.toString())): null

16-05-2025T11:57:52 - [TEST_STEP][PASSED] - m = m.trim(): null

16-05-2025T11:57:52 - [TEST_STEP][PASSED] - if (m == ""): null

16-05-2025T11:57:52 - [TEST_STEP][PASSED] - dashboardName = "Выполнение бизнес-плана": null

16-05-2025T11:57:52 - [TEST_STEP][PASSED] - workbook01 = getWorkbook(excelFilePath): null

16-05-2025T11:57:52 - [TEST_STEP][PASSED] - sheet01 = getExcelSheet(workbook01, sheetName): null

16-05-2025T11:57:52 - [TEST_STEP][PASSED] - setValueToCellByIndex(sheet01, n, 0, dashboardName): null

16-05-2025T11:57:52 - [TEST_STEP][PASSED] - setValueToCellByIndex(sheet01, n, 1, dZO): null

16-05-2025T11:57:52 - [TEST_STEP][PASSED] - setValueToCellByIndex(sheet01, n, 2, typeOfData): null

16-05-2025T11:57:52 - [TEST_STEP][PASSED] - if (typeOfData == "Факт в процентах" || typeOfData == "План в процентах"): null

16-05-2025T11:57:52 - [TEST_STEP][PASSED] - setValueToCellByIndex(sheet01, n, 3, fileDouble): null

16-05-2025T11:57:52 - [TEST_STEP][PASSED] - setValueToCellByIndex(sheet01, n, 4, pageDouble): null

16-05-2025T11:57:52 - [TEST_STEP][PASSED] - setValueToCellByIndex(sheet01, n, 5, m): null

16-05-2025T11:57:52 - [TEST_STEP][PASSED] - setValueToCellByIndex(sheet01, n, 6, y): null

16-05-2025T11:57:52 - [TEST_STEP][PASSED] - setValueToCellByIndex(sheet01, n, 7, todaysDate): null

16-05-2025T11:57:52 - [TEST_STEP][PASSED] - n = n + 1: null

16-05-2025T11:57:52 - [TEST_STEP][PASSED] - saveWorkbook(excelFilePath, workbook01): null

16-05-2025T11:57:52 - [TEST_STEP][FAILED] - if (verifyEqual(numberOfErrors, 0) == false): null

16-05-2025T11:57:52 - [MESSAGE][FAILED] - Unable to verify equal between actual object '6' and expected object '0' (Root cause: com.kms.katalon.core.exception.StepFailedException: Actual object '6' and expected object '0' are not equal
	at com.kms.katalon.core.keyword.builtin.VerifyEqualKeyword$_verifyEqual_closure1.doCall(VerifyEqualKeyword.groovy:58)
	at com.kms.katalon.core.keyword.builtin.VerifyEqualKeyword$_verifyEqual_closure1.call(VerifyEqualKeyword.groovy)
	at com.kms.katalon.core.keyword.internal.KeywordMain.runKeyword(KeywordMain.groovy:75)
	at com.kms.katalon.core.keyword.builtin.VerifyEqualKeyword.verifyEqual(VerifyEqualKeyword.groovy:63)
	at com.kms.katalon.core.keyword.builtin.VerifyEqualKeyword.execute(VerifyEqualKeyword.groovy:44)
	at com.kms.katalon.core.keyword.internal.KeywordExecutor.executeKeywordForPlatform(KeywordExecutor.groovy:74)
	at com.kms.katalon.core.keyword.BuiltinKeywords.verifyEqual(BuiltinKeywords.groovy:146)
	at jdk.internal.reflect.GeneratedMethodAccessor24.invoke(Unknown Source)
	at java.base/jdk.internal.reflect.DelegatingMethodAccessorImpl.invoke(DelegatingMethodAccessorImpl.java:43)
	at Выполнение бизнес-плана Сверка ПАО Россети все филиалы.Numbers(Выполнение бизнес-плана Сверка ПАО Россети все филиалы:740)
	at Выполнение бизнес-плана Сверка ПАО Россети все филиалы.run(Выполнение бизнес-плана Сверка ПАО Россети все филиалы:227)
	at com.kms.katalon.core.main.ScriptEngine.run(ScriptEngine.java:194)
	at com.kms.katalon.core.main.ScriptEngine.runScriptAsRawText(ScriptEngine.java:119)
	at com.kms.katalon.core.main.TestCaseExecutor.runScript(TestCaseExecutor.java:448)
	at com.kms.katalon.core.main.TestCaseExecutor.doExecute(TestCaseExecutor.java:439)
	at com.kms.katalon.core.main.TestCaseExecutor.processExecutionPhase(TestCaseExecutor.java:418)
	at com.kms.katalon.core.main.TestCaseExecutor.accessMainPhase(TestCaseExecutor.java:410)
	at com.kms.katalon.core.main.TestCaseExecutor.execute(TestCaseExecutor.java:285)
	at com.kms.katalon.core.common.CommonExecutor.accessTestCaseMainPhase(CommonExecutor.java:65)
	at com.kms.katalon.core.main.TestSuiteExecutor.accessTestSuiteMainPhase(TestSuiteExecutor.java:150)
	at com.kms.katalon.core.main.TestSuiteExecutor.execute(TestSuiteExecutor.java:106)
	at com.kms.katalon.core.main.TestCaseMain.startTestSuite(TestCaseMain.java:180)
	at TempTestSuite1747369435659.run(TempTestSuite1747369435659.groovy:35)
	at java.base/jdk.internal.reflect.NativeMethodAccessorImpl.invoke0(Native Method)
	at java.base/jdk.internal.reflect.NativeMethodAccessorImpl.invoke(NativeMethodAccessorImpl.java:77)
	at java.base/jdk.internal.reflect.DelegatingMethodAccessorImpl.invoke(DelegatingMethodAccessorImpl.java:43)
)

16-05-2025T11:57:52 - [TEST_STEP][PASSED] - println(numberOfErrors): null

16-05-2025T11:57:52 - [TEST_STEP][PASSED] - println("a=" + a): null

16-05-2025T11:57:52 - [TEST_STEP][PASSED] - if (a == 28 || a == 77 || a == 74 || a == 65 || a == 36 || a == 44 || a == 54 || a == 1 || a == 18 || a == 59): null

16-05-2025T11:57:52 - [TEST_STEP][PASSED] - Script1718980020443.Filials(a, typeOfData, todaysDate, pageInt, fileInt, pageDouble, fileDouble, dZO, dzoNum, filialNum): null

16-05-2025T11:57:52 - [TEST_STEP][PASSED] - i = <not implemented yet for class: org.codehaus.groovy.ast.expr.EmptyExpression>: null

16-05-2025T11:57:52 - [TEST_STEP][PASSED] - c = <not implemented yet for class: org.codehaus.groovy.ast.expr.EmptyExpression>: null

16-05-2025T11:57:52 - [TEST_STEP][PASSED] - page = <not implemented yet for class: org.codehaus.groovy.ast.expr.EmptyExpression>: null

16-05-2025T11:57:52 - [TEST_STEP][PASSED] - println(dZO): null

16-05-2025T11:57:52 - [TEST_STEP][PASSED] - reducedDZO = <not implemented yet for class: org.codehaus.groovy.ast.expr.EmptyExpression>: null

16-05-2025T11:57:52 - [TEST_STEP][PASSED] - reducedDZO = dZO.substring(dZO.indexOf(" ") + 1, dZO.length()): null

16-05-2025T11:57:52 - [TEST_STEP][PASSED] - if (reducedDZO.contains(" ")): null

16-05-2025T11:57:52 - [TEST_STEP][PASSED] - println(reducedDZO): null

16-05-2025T11:57:52 - [TEST_STEP][PASSED] - dzoCut = <not implemented yet for class: org.codehaus.groovy.ast.expr.EmptyExpression>: null

16-05-2025T11:57:52 - [TEST_STEP][PASSED] - Script1718980020443.DZO(a): null

16-05-2025T11:57:52 - [TEST_STEP][PASSED] - delay(30): Delayed 30 second(s)

16-05-2025T11:58:22 - [MESSAGE][PASSED] - Delayed 30 second(s)

16-05-2025T11:58:22 - [TEST_STEP][PASSED] - Script1718980020443.OpenFilter(): null

16-05-2025T11:58:22 - [TEST_STEP][PASSED] - click(findTestObject("Object Repository/Выполнение бизнес-плана/Фильтр ДЗО")): Object: 'Object Repository/Выполнение бизнес-плана/Фильтр ДЗО' is clicked on

16-05-2025T11:58:22 - [MESSAGE][PASSED] - Object: 'Object Repository/Выполнение бизнес-плана/Фильтр ДЗО' is clicked on

16-05-2025T11:58:22 - [TEST_STEP][PASSED] - click(findTestObject("Выполнение бизнес-плана/Снять выделение в фильтре ДЗО")): Object: 'Object Repository/Выполнение бизнес-плана/Снять выделение в фильтре ДЗО' is clicked on

16-05-2025T11:58:23 - [MESSAGE][PASSED] - Object: 'Object Repository/Выполнение бизнес-плана/Снять выделение в фильтре ДЗО' is clicked on

16-05-2025T11:58:23 - [TEST_STEP][PASSED] - Script1718980020443.OpenRSK(): null

16-05-2025T11:58:23 - [TEST_STEP][PASSED] - click(findTestObject("Выполнение бизнес-плана/Раскрыть список ПАО Россети в фильтре ДЗО")): Object: 'Object Repository/Выполнение бизнес-плана/Раскрыть список ПАО Россети в фильтре ДЗО' is clicked on

16-05-2025T11:58:23 - [MESSAGE][PASSED] - Object: 'Object Repository/Выполнение бизнес-плана/Раскрыть список ПАО Россети в фильтре ДЗО' is clicked on

16-05-2025T11:58:23 - [TEST_STEP][PASSED] - click(findTestObject("Выполнение бизнес-плана/Раскрыть список РаспредКомплекс в фильтре ДЗО")): Object: 'Object Repository/Выполнение бизнес-плана/Раскрыть список РаспредКомплекс в фильтре ДЗО' is clicked on

16-05-2025T11:58:23 - [MESSAGE][PASSED] - Object: 'Object Repository/Выполнение бизнес-плана/Раскрыть список РаспредКомплекс в фильтре ДЗО' is clicked on

16-05-2025T11:58:23 - [TEST_STEP][PASSED] - if (a == 28): Object: 'Object Repository/Выполнение бизнес-плана/Россети Волга' is clicked on

16-05-2025T11:58:23 - [TEST_STEP][PASSED] - scrollToElement(findTestObject("Общие объекты/Раскрыть список Россети Волга"), 30): Scroll to object 'Object Repository/Общие объекты/Раскрыть список Россети Волга' successfully

16-05-2025T11:58:24 - [MESSAGE][PASSED] - Scroll to object 'Object Repository/Общие объекты/Раскрыть список Россети Волга' successfully

16-05-2025T11:58:24 - [TEST_STEP][PASSED] - click(findTestObject("Выполнение бизнес-плана/Россети Волга")): Object: 'Object Repository/Выполнение бизнес-плана/Россети Волга' is clicked on

16-05-2025T11:58:24 - [MESSAGE][PASSED] - Object: 'Object Repository/Выполнение бизнес-плана/Россети Волга' is clicked on

16-05-2025T11:58:24 - [TEST_STEP][PASSED] - if (a == 77): null

16-05-2025T11:58:24 - [TEST_STEP][PASSED] - if (a == 74): null

16-05-2025T11:58:24 - [TEST_STEP][PASSED] - if (a == 65): null

16-05-2025T11:58:24 - [TEST_STEP][PASSED] - if (a == 36): null

16-05-2025T11:58:24 - [TEST_STEP][PASSED] - if (a == 44): null

16-05-2025T11:58:24 - [TEST_STEP][PASSED] - if (a == 54): null

16-05-2025T11:58:24 - [TEST_STEP][PASSED] - if (a == 1): null

16-05-2025T11:58:24 - [TEST_STEP][PASSED] - if (a == 18): null

16-05-2025T11:58:24 - [TEST_STEP][PASSED] - if (a == 59): null

16-05-2025T11:58:24 - [TEST_STEP][PASSED] - Script1718980020443.CloseFilter(): null

16-05-2025T11:58:24 - [TEST_STEP][PASSED] - scrollToElement(findTestObject("Выполнение бизнес-плана/Заголовок дашборда"), 30): Scroll to object 'Object Repository/Выполнение бизнес-плана/Заголовок дашборда' successfully

16-05-2025T11:58:25 - [MESSAGE][PASSED] - Scroll to object 'Object Repository/Выполнение бизнес-плана/Заголовок дашборда' successfully

16-05-2025T11:58:25 - [TEST_STEP][PASSED] - click(findTestObject("Object Repository/Выполнение бизнес-плана/Применить в фильтре ДЗО")): Object: 'Object Repository/Выполнение бизнес-плана/Применить в фильтре ДЗО' is clicked on

16-05-2025T11:58:25 - [MESSAGE][PASSED] - Object: 'Object Repository/Выполнение бизнес-плана/Применить в фильтре ДЗО' is clicked on

16-05-2025T11:58:25 - [TEST_STEP][PASSED] - delay(30): Delayed 30 second(s)

16-05-2025T11:58:55 - [MESSAGE][PASSED] - Delayed 30 second(s)

16-05-2025T11:58:55 - [TEST_STEP][PASSED] - Script1718980020443.ZakrytOpoveshenie(): null

16-05-2025T11:58:55 - [TEST_STEP][PASSED] - delay(10): Delayed 10 second(s)

16-05-2025T11:59:05 - [MESSAGE][PASSED] - Delayed 10 second(s)

16-05-2025T11:59:05 - [TEST_STEP][PASSED] - opoveshenie = getText(findTestObject("Выполнение бизнес-плана/Просьба обратить внимание")): Text of object 'Object Repository/Выполнение бизнес-плана/Просьба обратить внимание' is: ''

16-05-2025T11:59:06 - [MESSAGE][PASSED] - Text of object 'Object Repository/Выполнение бизнес-плана/Просьба обратить внимание' is: ''

16-05-2025T11:59:06 - [TEST_STEP][PASSED] - println(opoveshenie): null

16-05-2025T11:59:06 - [TEST_STEP][PASSED] - if (opoveshenie == "Просьба обратить внимание"): null

16-05-2025T11:59:06 - [TEST_STEP][PASSED] - page = getText(findTestObject("Object Repository/Выполнение бизнес-плана/Filials")): Text of object 'Object Repository/Выполнение бизнес-плана/Filials' is: 'Россети Волга
0
10
20
30
40
50
60
70'

16-05-2025T11:59:06 - [MESSAGE][PASSED] - Text of object 'Object Repository/Выполнение бизнес-плана/Filials' is: 'Россети Волга
0
10
20
30
40
50
60
70'

16-05-2025T11:59:06 - [TEST_STEP][PASSED] - println(page): null

16-05-2025T11:59:06 - [TEST_STEP][PASSED] - c = page.indexOf(reducedDZO): null

16-05-2025T11:59:06 - [TEST_STEP][PASSED] - if (c > -1): null

16-05-2025T11:59:06 - [TEST_STEP][PASSED] - click(findTestObject("Выполнение бизнес-плана/список")): Object: 'Object Repository/Выполнение бизнес-плана/список' is clicked on

16-05-2025T11:59:06 - [MESSAGE][PASSED] - Object: 'Object Repository/Выполнение бизнес-плана/список' is clicked on

16-05-2025T11:59:06 - [TEST_STEP][PASSED] - delay(10): Delayed 10 second(s)

16-05-2025T11:59:16 - [MESSAGE][PASSED] - Delayed 10 second(s)

16-05-2025T11:59:16 - [TEST_STEP][PASSED] - click(findTestObject("Выполнение бизнес-плана/Раскрытие списка")): Object: 'Object Repository/Выполнение бизнес-плана/Раскрытие списка' is clicked on

16-05-2025T11:59:17 - [MESSAGE][PASSED] - Object: 'Object Repository/Выполнение бизнес-плана/Раскрытие списка' is clicked on

16-05-2025T11:59:17 - [TEST_STEP][PASSED] - delay(10): Delayed 10 second(s)

16-05-2025T11:59:27 - [MESSAGE][PASSED] - Delayed 10 second(s)

16-05-2025T11:59:27 - [TEST_STEP][PASSED] - page = getText(findTestObject("Object Repository/Выполнение бизнес-плана/Filials")): Text of object 'Object Repository/Выполнение бизнес-плана/Filials' is: 'Мордовэнерго
Оренбургэнерго
Пензаэнерго
Самарские РС
Саратовские РС
Ульяновские РС
Чувашэнерго
0
10
20
30
40
50
60
70'

16-05-2025T11:59:27 - [MESSAGE][PASSED] - Text of object 'Object Repository/Выполнение бизнес-плана/Filials' is: 'Мордовэнерго
Оренбургэнерго
Пензаэнерго
Самарские РС
Саратовские РС
Ульяновские РС
Чувашэнерго
0
10
20
30
40
50
60
70'

16-05-2025T11:59:27 - [TEST_STEP][PASSED] - println(page): null

16-05-2025T11:59:27 - [TEST_STEP][PASSED] - c = page.indexOf(reducedDZO): null

16-05-2025T11:59:27 - [TEST_STEP][PASSED] - x2 = getText(findTestObject("Выполнение бизнес-плана/Список ДЗО старый")): Text of object 'Object Repository/Выполнение бизнес-плана/Список ДЗО старый' is: 'Мордовэнерго
Оренбургэнерго
Пензаэнерго
Самарские РС
Саратовские РС
Ульяновские РС
Чувашэнерго
0
10
20
30
40
50
60
70'

16-05-2025T11:59:27 - [MESSAGE][PASSED] - Text of object 'Object Repository/Выполнение бизнес-плана/Список ДЗО старый' is: 'Мордовэнерго
Оренбургэнерго
Пензаэнерго
Самарские РС
Саратовские РС
Ульяновские РС
Чувашэнерго
0
10
20
30
40
50
60
70'

16-05-2025T11:59:27 - [TEST_STEP][PASSED] - if (a == 28): null

16-05-2025T11:59:27 - [TEST_STEP][PASSED] - dZO = "Мордовэнерго": null

16-05-2025T11:59:27 - [TEST_STEP][PASSED] - a = 29: null

16-05-2025T11:59:27 - [TEST_STEP][PASSED] - if (x2.contains(dZO)): null

16-05-2025T11:59:27 - [TEST_STEP][PASSED] - filialNum = filialNum + 1: null

16-05-2025T11:59:27 - [TEST_STEP][PASSED] - Script1718980020443.Numbers(a, typeOfData, todaysDate, pageInt, fileInt, pageDouble, fileDouble, dZO, dzoNum, filialNum): null

16-05-2025T11:59:27 - [TEST_STEP][PASSED] - println(dzoNum): null

16-05-2025T11:59:27 - [TEST_STEP][PASSED] - planFact = <not implemented yet for class: org.codehaus.groovy.ast.expr.EmptyExpression>: null

16-05-2025T11:59:27 - [TEST_STEP][PASSED] - page = <not implemented yet for class: org.codehaus.groovy.ast.expr.EmptyExpression>: null

16-05-2025T11:59:27 - [TEST_STEP][PASSED] - page1 = <not implemented yet for class: org.codehaus.groovy.ast.expr.EmptyExpression>: null

16-05-2025T11:59:27 - [TEST_STEP][PASSED] - page2 = <not implemented yet for class: org.codehaus.groovy.ast.expr.EmptyExpression>: null

16-05-2025T11:59:27 - [TEST_STEP][PASSED] - filialNumberInRow = <not implemented yet for class: org.codehaus.groovy.ast.expr.EmptyExpression>: null

16-05-2025T11:59:27 - [TEST_STEP][PASSED] - filialsDzoNames = <not implemented yet for class: org.codehaus.groovy.ast.expr.EmptyExpression>: null

16-05-2025T11:59:27 - [TEST_STEP][PASSED] - numberOfFilials = <not implemented yet for class: org.codehaus.groovy.ast.expr.EmptyExpression>: null

16-05-2025T11:59:27 - [TEST_STEP][PASSED] - numberOfSpaces = <not implemented yet for class: org.codehaus.groovy.ast.expr.EmptyExpression>: null

16-05-2025T11:59:27 - [TEST_STEP][PASSED] - file = <not implemented yet for class: org.codehaus.groovy.ast.expr.EmptyExpression>: null

16-05-2025T11:59:27 - [TEST_STEP][PASSED] - otpusk = <not implemented yet for class: org.codehaus.groovy.ast.expr.EmptyExpression>: null

16-05-2025T11:59:27 - [TEST_STEP][PASSED] - poteri = <not implemented yet for class: org.codehaus.groovy.ast.expr.EmptyExpression>: null

16-05-2025T11:59:27 - [TEST_STEP][PASSED] - dataFolder = "Выполнение бизнес-плана/Значения со страницы Выполнение бизнес-плана/": null

16-05-2025T11:59:27 - [TEST_STEP][PASSED] - path = <not implemented yet for class: org.codehaus.groovy.ast.expr.EmptyExpression>: null

16-05-2025T11:59:27 - [TEST_STEP][PASSED] - typeOfDataMain = <not implemented yet for class: org.codehaus.groovy.ast.expr.EmptyExpression>: null

16-05-2025T11:59:27 - [TEST_STEP][PASSED] - fileOtpuskVSet = <not implemented yet for class: org.codehaus.groovy.ast.expr.EmptyExpression>: null

16-05-2025T11:59:27 - [TEST_STEP][PASSED] - pageOtpuskVSet = <not implemented yet for class: org.codehaus.groovy.ast.expr.EmptyExpression>: null

16-05-2025T11:59:27 - [TEST_STEP][PASSED] - filePoteri = <not implemented yet for class: org.codehaus.groovy.ast.expr.EmptyExpression>: null

16-05-2025T11:59:27 - [TEST_STEP][PASSED] - pagePoteri = <not implemented yet for class: org.codehaus.groovy.ast.expr.EmptyExpression>: null

16-05-2025T11:59:27 - [TEST_STEP][PASSED] - compare = <not implemented yet for class: org.codehaus.groovy.ast.expr.EmptyExpression>: null

16-05-2025T11:59:27 - [TEST_STEP][PASSED] - b = <not implemented yet for class: org.codehaus.groovy.ast.expr.EmptyExpression>: null

16-05-2025T11:59:27 - [TEST_STEP][PASSED] - i = <not implemented yet for class: org.codehaus.groovy.ast.expr.EmptyExpression>: null

16-05-2025T11:59:27 - [TEST_STEP][PASSED] - ii = <not implemented yet for class: org.codehaus.groovy.ast.expr.EmptyExpression>: null

16-05-2025T11:59:27 - [TEST_STEP][PASSED] - c = <not implemented yet for class: org.codehaus.groovy.ast.expr.EmptyExpression>: null

16-05-2025T11:59:27 - [TEST_STEP][PASSED] - numberOfErrors = 0: null

16-05-2025T11:59:27 - [TEST_STEP][PASSED] - if (a == 82): null

16-05-2025T11:59:27 - [TEST_STEP][PASSED] - b = findTestData("PlanFact").getValue(1, a): null

16-05-2025T11:59:27 - [TEST_STEP][PASSED] - i = b.indexOf(" (ГК)"): null

16-05-2025T11:59:27 - [TEST_STEP][PASSED] - if (i > -1): null

16-05-2025T11:59:27 - [TEST_STEP][PASSED] - i = b.indexOf("О ""): null

16-05-2025T11:59:27 - [TEST_STEP][PASSED] - if (i > -1): null

16-05-2025T11:59:27 - [TEST_STEP][PASSED] - i = b.indexOf("О «"): null

16-05-2025T11:59:27 - [TEST_STEP][PASSED] - if (i > -1): null

16-05-2025T11:59:27 - [TEST_STEP][PASSED] - i = b.indexOf("г. "): null

16-05-2025T11:59:27 - [TEST_STEP][PASSED] - if (i > -1): null

16-05-2025T11:59:27 - [TEST_STEP][PASSED] - b = b.trim(): null

16-05-2025T11:59:27 - [TEST_STEP][PASSED] - println(b): null

16-05-2025T11:59:27 - [TEST_STEP][PASSED] - for ([planFact = 1, planFact < 3, (planFact++)]): null

16-05-2025T11:59:27 - [TEST_STEP][PASSED] - if (planFact == 1): null

16-05-2025T11:59:27 - [TEST_STEP][PASSED] - typeOfDataMain = "Факт": null

16-05-2025T11:59:27 - [TEST_STEP][PASSED] - otpusk = findTestData("PlanFact").getValue(5, a): null

16-05-2025T11:59:28 - [TEST_STEP][PASSED] - poteri = findTestData("PlanFact").getValue(6, a): null

16-05-2025T11:59:28 - [TEST_STEP][PASSED] - otpusk = otpusk.replaceAll("\s+", ""): null

16-05-2025T11:59:28 - [TEST_STEP][PASSED] - poteri = poteri.replaceAll("\s+", ""): null

16-05-2025T11:59:28 - [TEST_STEP][PASSED] - typeOfData = typeOfDataMain + " Отпуск в сеть": null

16-05-2025T11:59:28 - [TEST_STEP][PASSED] - if (a == 82): null

16-05-2025T11:59:28 - [TEST_STEP][PASSED] - else if (a == 84): null

16-05-2025T11:59:28 - [TEST_STEP][PASSED] - else if (a == 83 || a == 52 || a == 72 || a == 28 || a == 73 || a == 77 || a == 74 || a == 65 || a == 36 || a == 44 || a == 53 || a == 80 || a == 54 || a == 1 || a == 18 || a == 59 || a == 81): null

16-05-2025T11:59:28 - [TEST_STEP][PASSED] - else: null

16-05-2025T11:59:28 - [TEST_STEP][PASSED] - path = dataFolder + typeOfData + " за отчётный период " + b: null

16-05-2025T11:59:28 - [TEST_STEP][PASSED] - println(path): null

16-05-2025T11:59:28 - [TEST_STEP][PASSED] - page = getText(findTestObject(path)): Text of object 'Object Repository/Выполнение бизнес-плана/Значения со страницы Выполнение бизнес-плана/Факт Отпуск в сеть за отчётный период Мордовэнерго' is: '215 041'

16-05-2025T11:59:28 - [MESSAGE][PASSED] - Text of object 'Object Repository/Выполнение бизнес-плана/Значения со страницы Выполнение бизнес-плана/Факт Отпуск в сеть за отчётный период Мордовэнерго' is: '215 041'

16-05-2025T11:59:28 - [TEST_STEP][PASSED] - if (page == "" || page == null): null

16-05-2025T11:59:28 - [TEST_STEP][PASSED] - else: null

16-05-2025T11:59:28 - [TEST_STEP][PASSED] - page = page.replaceAll("\s+", ""): null

16-05-2025T11:59:28 - [TEST_STEP][PASSED] - if (page == "undefined"): null

16-05-2025T11:59:28 - [TEST_STEP][PASSED] - fileOtpuskVSet = otpusk.toInteger(): null

16-05-2025T11:59:28 - [TEST_STEP][PASSED] - pageOtpuskVSet = page.toInteger(): null

16-05-2025T11:59:28 - [TEST_STEP][PASSED] - typeOfData = typeOfDataMain + " Потери": null

16-05-2025T11:59:28 - [TEST_STEP][PASSED] - if (a == 82): null

16-05-2025T11:59:28 - [TEST_STEP][PASSED] - else if (a == 84): null

16-05-2025T11:59:28 - [TEST_STEP][PASSED] - else if (a == 83 || a == 52 || a == 72 || a == 28 || a == 73 || a == 77 || a == 74 || a == 65 || a == 36 || a == 44 || a == 53 || a == 80 || a == 54 || a == 1 || a == 18 || a == 59 || a == 81): null

16-05-2025T11:59:28 - [TEST_STEP][PASSED] - else: null

16-05-2025T11:59:28 - [TEST_STEP][PASSED] - path = dataFolder + typeOfData + " за отчётный период " + b: null

16-05-2025T11:59:28 - [TEST_STEP][PASSED] - page = getText(findTestObject(path)): Text of object 'Object Repository/Выполнение бизнес-плана/Значения со страницы Выполнение бизнес-плана/Факт Потери за отчётный период Мордовэнерго' is: '17 067'

16-05-2025T11:59:28 - [MESSAGE][PASSED] - Text of object 'Object Repository/Выполнение бизнес-плана/Значения со страницы Выполнение бизнес-плана/Факт Потери за отчётный период Мордовэнерго' is: '17 067'

16-05-2025T11:59:28 - [TEST_STEP][PASSED] - if (page == "" || page == null): null

16-05-2025T11:59:28 - [TEST_STEP][PASSED] - else: null

16-05-2025T11:59:28 - [TEST_STEP][PASSED] - page = page.replaceAll("\s+", ""): null

16-05-2025T11:59:28 - [TEST_STEP][PASSED] - if (page == "undefined"): null

16-05-2025T11:59:28 - [TEST_STEP][PASSED] - filePoteri = poteri.toInteger(): null

16-05-2025T11:59:28 - [TEST_STEP][PASSED] - pagePoteri = page.toInteger(): null

16-05-2025T11:59:28 - [TEST_STEP][PASSED] - compare = pageOtpuskVSet: null

16-05-2025T11:59:28 - [TEST_STEP][PASSED] - if (pageOtpuskVSet != null): null

16-05-2025T11:59:28 - [TEST_STEP][PASSED] - if (compare == fileOtpuskVSet): null

16-05-2025T11:59:28 - [TEST_STEP][PASSED] - else if (compare > fileOtpuskVSet): null

16-05-2025T11:59:28 - [TEST_STEP][PASSED] - else if (compare < fileOtpuskVSet): null

16-05-2025T11:59:28 - [TEST_STEP][PASSED] - compare = compare + 1: null

16-05-2025T11:59:28 - [TEST_STEP][PASSED] - if (compare == fileOtpuskVSet): null

16-05-2025T11:59:28 - [TEST_STEP][PASSED] - else: null

16-05-2025T11:59:28 - [TEST_STEP][PASSED] - numberOfErrors = numberOfErrors + 1: null

16-05-2025T11:59:28 - [TEST_STEP][PASSED] - pageInt = pageOtpuskVSet: null

16-05-2025T11:59:28 - [TEST_STEP][PASSED] - fileInt = fileOtpuskVSet: null

16-05-2025T11:59:28 - [TEST_STEP][PASSED] - typeOfData = typeOfDataMain + " Отпуск в сеть": null

16-05-2025T11:59:28 - [TEST_STEP][PASSED] - Script1718980020443.WriteToExcel(a, typeOfData, todaysDate, pageInt, fileInt, pageDouble, fileDouble, dZO): null

16-05-2025T11:59:28 - [TEST_STEP][PASSED] - sheetName = "Sheet1": null

16-05-2025T11:59:28 - [TEST_STEP][PASSED] - data = findTestData("PlanFact"): null

16-05-2025T11:59:28 - [TEST_STEP][PASSED] - n = data.getRowNumbers() + 1: null

16-05-2025T11:59:28 - [TEST_STEP][PASSED] - day = ")).toInteger(): null

16-05-2025T11:59:28 - [TEST_STEP][PASSED] - println(day): null

16-05-2025T11:59:28 - [TEST_STEP][PASSED] - month = ")).toInteger(): null

16-05-2025T11:59:28 - [TEST_STEP][PASSED] - println(month): null

16-05-2025T11:59:28 - [TEST_STEP][PASSED] - y = <not implemented yet for class: org.codehaus.groovy.ast.expr.EmptyExpression>: null

16-05-2025T11:59:28 - [TEST_STEP][PASSED] - iy = <not implemented yet for class: org.codehaus.groovy.ast.expr.EmptyExpression>: null

16-05-2025T11:59:28 - [TEST_STEP][PASSED] - m = getText(findTestObject("Выполнение бизнес-плана/Период")): Text of object 'Object Repository/Выполнение бизнес-плана/Период' is: '1 кв. 2025 года'

16-05-2025T11:59:29 - [MESSAGE][PASSED] - Text of object 'Object Repository/Выполнение бизнес-плана/Период' is: '1 кв. 2025 года'

16-05-2025T11:59:29 - [TEST_STEP][PASSED] - iy = m.indexOf("20"): null

16-05-2025T11:59:29 - [TEST_STEP][PASSED] - if (iy > -1): null

16-05-2025T11:59:29 - [TEST_STEP][PASSED] - y = substring(iy, iy + 4).toInteger(): null

16-05-2025T11:59:29 - [TEST_STEP][PASSED] - println(y): null

16-05-2025T11:59:29 - [TEST_STEP][PASSED] - if (toString().length() == 4): null

16-05-2025T11:59:29 - [TEST_STEP][PASSED] - m = m.substring(0, m.indexOf(y.toString())): null

16-05-2025T11:59:29 - [TEST_STEP][PASSED] - m = m.trim(): null

16-05-2025T11:59:29 - [TEST_STEP][PASSED] - if (m == ""): null

16-05-2025T11:59:29 - [TEST_STEP][PASSED] - dashboardName = "Выполнение бизнес-плана": null

16-05-2025T11:59:29 - [TEST_STEP][PASSED] - workbook01 = getWorkbook(excelFilePath): null

16-05-2025T11:59:29 - [TEST_STEP][PASSED] - sheet01 = getExcelSheet(workbook01, sheetName): null

16-05-2025T11:59:29 - [TEST_STEP][PASSED] - setValueToCellByIndex(sheet01, n, 0, dashboardName): null

16-05-2025T11:59:29 - [TEST_STEP][PASSED] - setValueToCellByIndex(sheet01, n, 1, dZO): null

16-05-2025T11:59:29 - [TEST_STEP][PASSED] - setValueToCellByIndex(sheet01, n, 2, typeOfData): null

16-05-2025T11:59:29 - [TEST_STEP][PASSED] - if (typeOfData == "Факт в процентах" || typeOfData == "План в процентах"): null

16-05-2025T11:59:29 - [TEST_STEP][PASSED] - else: null

16-05-2025T11:59:29 - [TEST_STEP][PASSED] - setValueToCellByIndex(sheet01, n, 3, fileInt): null

16-05-2025T11:59:29 - [TEST_STEP][PASSED] - setValueToCellByIndex(sheet01, n, 4, pageInt): null

16-05-2025T11:59:29 - [TEST_STEP][PASSED] - setValueToCellByIndex(sheet01, n, 5, m): null

16-05-2025T11:59:29 - [TEST_STEP][PASSED] - setValueToCellByIndex(sheet01, n, 6, y): null

16-05-2025T11:59:29 - [TEST_STEP][PASSED] - setValueToCellByIndex(sheet01, n, 7, todaysDate): null

16-05-2025T11:59:29 - [TEST_STEP][PASSED] - n = n + 1: null

16-05-2025T11:59:29 - [TEST_STEP][PASSED] - saveWorkbook(excelFilePath, workbook01): null

16-05-2025T11:59:29 - [TEST_STEP][PASSED] - compare = pagePoteri: null

16-05-2025T11:59:29 - [TEST_STEP][PASSED] - if (pageOtpuskVSet != null): null

16-05-2025T11:59:29 - [TEST_STEP][PASSED] - if (compare == filePoteri): null

16-05-2025T11:59:29 - [TEST_STEP][PASSED] - else if (compare > filePoteri): null

16-05-2025T11:59:29 - [TEST_STEP][PASSED] - else if (compare < filePoteri): null

16-05-2025T11:59:29 - [TEST_STEP][PASSED] - compare = compare + 1: null

16-05-2025T11:59:29 - [TEST_STEP][PASSED] - if (compare == filePoteri): null

16-05-2025T11:59:29 - [TEST_STEP][PASSED] - else: null

16-05-2025T11:59:29 - [TEST_STEP][PASSED] - numberOfErrors = numberOfErrors + 1: null

16-05-2025T11:59:29 - [TEST_STEP][PASSED] - pageInt = pagePoteri: null

16-05-2025T11:59:29 - [TEST_STEP][PASSED] - fileInt = filePoteri: null

16-05-2025T11:59:29 - [TEST_STEP][PASSED] - typeOfData = typeOfDataMain + " Потери": null

16-05-2025T11:59:29 - [TEST_STEP][PASSED] - Script1718980020443.WriteToExcel(a, typeOfData, todaysDate, pageInt, fileInt, pageDouble, fileDouble, dZO): null

16-05-2025T11:59:29 - [TEST_STEP][PASSED] - sheetName = "Sheet1": null

16-05-2025T11:59:29 - [TEST_STEP][PASSED] - data = findTestData("PlanFact"): null

16-05-2025T11:59:29 - [TEST_STEP][PASSED] - n = data.getRowNumbers() + 1: null

16-05-2025T11:59:29 - [TEST_STEP][PASSED] - day = ")).toInteger(): null

16-05-2025T11:59:29 - [TEST_STEP][PASSED] - println(day): null

16-05-2025T11:59:29 - [TEST_STEP][PASSED] - month = ")).toInteger(): null

16-05-2025T11:59:29 - [TEST_STEP][PASSED] - println(month): null

16-05-2025T11:59:29 - [TEST_STEP][PASSED] - y = <not implemented yet for class: org.codehaus.groovy.ast.expr.EmptyExpression>: null

16-05-2025T11:59:29 - [TEST_STEP][PASSED] - iy = <not implemented yet for class: org.codehaus.groovy.ast.expr.EmptyExpression>: null

16-05-2025T11:59:29 - [TEST_STEP][PASSED] - m = getText(findTestObject("Выполнение бизнес-плана/Период")): Text of object 'Object Repository/Выполнение бизнес-плана/Период' is: '1 кв. 2025 года'

16-05-2025T11:59:29 - [MESSAGE][PASSED] - Text of object 'Object Repository/Выполнение бизнес-плана/Период' is: '1 кв. 2025 года'

16-05-2025T11:59:29 - [TEST_STEP][PASSED] - iy = m.indexOf("20"): null

16-05-2025T11:59:29 - [TEST_STEP][PASSED] - if (iy > -1): null

16-05-2025T11:59:29 - [TEST_STEP][PASSED] - y = substring(iy, iy + 4).toInteger(): null

16-05-2025T11:59:29 - [TEST_STEP][PASSED] - println(y): null

16-05-2025T11:59:29 - [TEST_STEP][PASSED] - if (toString().length() == 4): null

16-05-2025T11:59:29 - [TEST_STEP][PASSED] - m = m.substring(0, m.indexOf(y.toString())): null

16-05-2025T11:59:29 - [TEST_STEP][PASSED] - m = m.trim(): null

16-05-2025T11:59:29 - [TEST_STEP][PASSED] - if (m == ""): null

16-05-2025T11:59:29 - [TEST_STEP][PASSED] - dashboardName = "Выполнение бизнес-плана": null

16-05-2025T11:59:29 - [TEST_STEP][PASSED] - workbook01 = getWorkbook(excelFilePath): null

16-05-2025T11:59:29 - [TEST_STEP][PASSED] - sheet01 = getExcelSheet(workbook01, sheetName): null

16-05-2025T11:59:29 - [TEST_STEP][PASSED] - setValueToCellByIndex(sheet01, n, 0, dashboardName): null

16-05-2025T11:59:29 - [TEST_STEP][PASSED] - setValueToCellByIndex(sheet01, n, 1, dZO): null

16-05-2025T11:59:29 - [TEST_STEP][PASSED] - setValueToCellByIndex(sheet01, n, 2, typeOfData): null

16-05-2025T11:59:29 - [TEST_STEP][PASSED] - if (typeOfData == "Факт в процентах" || typeOfData == "План в процентах"): null

16-05-2025T11:59:29 - [TEST_STEP][PASSED] - else: null

16-05-2025T11:59:29 - [TEST_STEP][PASSED] - setValueToCellByIndex(sheet01, n, 3, fileInt): null

16-05-2025T11:59:29 - [TEST_STEP][PASSED] - setValueToCellByIndex(sheet01, n, 4, pageInt): null

16-05-2025T11:59:29 - [TEST_STEP][PASSED] - setValueToCellByIndex(sheet01, n, 5, m): null

16-05-2025T11:59:29 - [TEST_STEP][PASSED] - setValueToCellByIndex(sheet01, n, 6, y): null

16-05-2025T11:59:29 - [TEST_STEP][PASSED] - setValueToCellByIndex(sheet01, n, 7, todaysDate): null

16-05-2025T11:59:29 - [TEST_STEP][PASSED] - n = n + 1: null

16-05-2025T11:59:29 - [TEST_STEP][PASSED] - saveWorkbook(excelFilePath, workbook01): null

16-05-2025T11:59:30 - [TEST_STEP][PASSED] - if (planFact == 2): null

16-05-2025T11:59:30 - [TEST_STEP][PASSED] - if (planFact == 1): null

16-05-2025T11:59:30 - [TEST_STEP][PASSED] - else if (planFact == 2): null

16-05-2025T11:59:30 - [TEST_STEP][PASSED] - click(findTestObject("Выполнение бизнес-плана/Кнопка План")): Object: 'Object Repository/Выполнение бизнес-плана/Кнопка План' is clicked on

16-05-2025T11:59:30 - [MESSAGE][PASSED] - Object: 'Object Repository/Выполнение бизнес-плана/Кнопка План' is clicked on

16-05-2025T11:59:30 - [TEST_STEP][PASSED] - typeOfDataMain = "План": null

16-05-2025T11:59:30 - [TEST_STEP][PASSED] - otpusk = findTestData("PlanFact").getValue(2, a): null

16-05-2025T11:59:30 - [TEST_STEP][PASSED] - poteri = findTestData("PlanFact").getValue(3, a): null

16-05-2025T11:59:30 - [TEST_STEP][PASSED] - otpusk = otpusk.replaceAll("\s+", ""): null

16-05-2025T11:59:30 - [TEST_STEP][PASSED] - poteri = poteri.replaceAll("\s+", ""): null

16-05-2025T11:59:30 - [TEST_STEP][PASSED] - typeOfData = typeOfDataMain + " Отпуск в сеть": null

16-05-2025T11:59:30 - [TEST_STEP][PASSED] - if (a == 82): null

16-05-2025T11:59:30 - [TEST_STEP][PASSED] - else if (a == 84): null

16-05-2025T11:59:30 - [TEST_STEP][PASSED] - else if (a == 83 || a == 52 || a == 72 || a == 28 || a == 73 || a == 77 || a == 74 || a == 65 || a == 36 || a == 44 || a == 53 || a == 80 || a == 54 || a == 1 || a == 18 || a == 59 || a == 81): null

16-05-2025T11:59:30 - [TEST_STEP][PASSED] - else: null

16-05-2025T11:59:30 - [TEST_STEP][PASSED] - path = dataFolder + typeOfData + " за отчётный период " + b: null

16-05-2025T11:59:30 - [TEST_STEP][PASSED] - println(path): null

16-05-2025T11:59:30 - [TEST_STEP][PASSED] - page = getText(findTestObject(path)): Text of object 'Object Repository/Выполнение бизнес-плана/Значения со страницы Выполнение бизнес-плана/План Отпуск в сеть за отчётный период Мордовэнерго' is: '229 662'

16-05-2025T11:59:30 - [MESSAGE][PASSED] - Text of object 'Object Repository/Выполнение бизнес-плана/Значения со страницы Выполнение бизнес-плана/План Отпуск в сеть за отчётный период Мордовэнерго' is: '229 662'

16-05-2025T11:59:30 - [TEST_STEP][PASSED] - if (page == "" || page == null): null

16-05-2025T11:59:30 - [TEST_STEP][PASSED] - else: null

16-05-2025T11:59:30 - [TEST_STEP][PASSED] - page = page.replaceAll("\s+", ""): null

16-05-2025T11:59:30 - [TEST_STEP][PASSED] - if (page == "undefined"): null

16-05-2025T11:59:30 - [TEST_STEP][PASSED] - fileOtpuskVSet = otpusk.toInteger(): null

16-05-2025T11:59:30 - [TEST_STEP][PASSED] - pageOtpuskVSet = page.toInteger(): null

16-05-2025T11:59:30 - [TEST_STEP][PASSED] - typeOfData = typeOfDataMain + " Потери": null

16-05-2025T11:59:30 - [TEST_STEP][PASSED] - if (a == 82): null

16-05-2025T11:59:30 - [TEST_STEP][PASSED] - else if (a == 84): null

16-05-2025T11:59:30 - [TEST_STEP][PASSED] - else if (a == 83 || a == 52 || a == 72 || a == 28 || a == 73 || a == 77 || a == 74 || a == 65 || a == 36 || a == 44 || a == 53 || a == 80 || a == 54 || a == 1 || a == 18 || a == 59 || a == 81): null

16-05-2025T11:59:30 - [TEST_STEP][PASSED] - else: null

16-05-2025T11:59:30 - [TEST_STEP][PASSED] - path = dataFolder + typeOfData + " за отчётный период " + b: null

16-05-2025T11:59:30 - [TEST_STEP][PASSED] - page = getText(findTestObject(path)): Text of object 'Object Repository/Выполнение бизнес-плана/Значения со страницы Выполнение бизнес-плана/План Потери за отчётный период Мордовэнерго' is: '20 787'

16-05-2025T11:59:31 - [MESSAGE][PASSED] - Text of object 'Object Repository/Выполнение бизнес-плана/Значения со страницы Выполнение бизнес-плана/План Потери за отчётный период Мордовэнерго' is: '20 787'

16-05-2025T11:59:31 - [TEST_STEP][PASSED] - if (page == "" || page == null): null

16-05-2025T11:59:31 - [TEST_STEP][PASSED] - else: null

16-05-2025T11:59:31 - [TEST_STEP][PASSED] - page = page.replaceAll("\s+", ""): null

16-05-2025T11:59:31 - [TEST_STEP][PASSED] - if (page == "undefined"): null

16-05-2025T11:59:31 - [TEST_STEP][PASSED] - filePoteri = poteri.toInteger(): null

16-05-2025T11:59:31 - [TEST_STEP][PASSED] - pagePoteri = page.toInteger(): null

16-05-2025T11:59:31 - [TEST_STEP][PASSED] - compare = pageOtpuskVSet: null

16-05-2025T11:59:31 - [TEST_STEP][PASSED] - if (pageOtpuskVSet != null): null

16-05-2025T11:59:31 - [TEST_STEP][PASSED] - if (compare == fileOtpuskVSet): null

16-05-2025T11:59:31 - [TEST_STEP][PASSED] - else if (compare > fileOtpuskVSet): null

16-05-2025T11:59:31 - [TEST_STEP][PASSED] - else if (compare < fileOtpuskVSet): null

16-05-2025T11:59:31 - [TEST_STEP][PASSED] - compare = compare + 1: null

16-05-2025T11:59:31 - [TEST_STEP][PASSED] - if (compare == fileOtpuskVSet): null

16-05-2025T11:59:31 - [TEST_STEP][PASSED] - else: null

16-05-2025T11:59:31 - [TEST_STEP][PASSED] - numberOfErrors = numberOfErrors + 1: null

16-05-2025T11:59:31 - [TEST_STEP][PASSED] - pageInt = pageOtpuskVSet: null

16-05-2025T11:59:31 - [TEST_STEP][PASSED] - fileInt = fileOtpuskVSet: null

16-05-2025T11:59:31 - [TEST_STEP][PASSED] - typeOfData = typeOfDataMain + " Отпуск в сеть": null

16-05-2025T11:59:31 - [TEST_STEP][PASSED] - Script1718980020443.WriteToExcel(a, typeOfData, todaysDate, pageInt, fileInt, pageDouble, fileDouble, dZO): null

16-05-2025T11:59:31 - [TEST_STEP][PASSED] - sheetName = "Sheet1": null

16-05-2025T11:59:31 - [TEST_STEP][PASSED] - data = findTestData("PlanFact"): null

16-05-2025T11:59:31 - [TEST_STEP][PASSED] - n = data.getRowNumbers() + 1: null

16-05-2025T11:59:31 - [TEST_STEP][PASSED] - day = ")).toInteger(): null

16-05-2025T11:59:31 - [TEST_STEP][PASSED] - println(day): null

16-05-2025T11:59:31 - [TEST_STEP][PASSED] - month = ")).toInteger(): null

16-05-2025T11:59:31 - [TEST_STEP][PASSED] - println(month): null

16-05-2025T11:59:31 - [TEST_STEP][PASSED] - y = <not implemented yet for class: org.codehaus.groovy.ast.expr.EmptyExpression>: null

16-05-2025T11:59:31 - [TEST_STEP][PASSED] - iy = <not implemented yet for class: org.codehaus.groovy.ast.expr.EmptyExpression>: null

16-05-2025T11:59:31 - [TEST_STEP][PASSED] - m = getText(findTestObject("Выполнение бизнес-плана/Период")): Text of object 'Object Repository/Выполнение бизнес-плана/Период' is: '1 кв. 2025 года'

16-05-2025T11:59:31 - [MESSAGE][PASSED] - Text of object 'Object Repository/Выполнение бизнес-плана/Период' is: '1 кв. 2025 года'

16-05-2025T11:59:31 - [TEST_STEP][PASSED] - iy = m.indexOf("20"): null

16-05-2025T11:59:31 - [TEST_STEP][PASSED] - if (iy > -1): null

16-05-2025T11:59:31 - [TEST_STEP][PASSED] - y = substring(iy, iy + 4).toInteger(): null

16-05-2025T11:59:31 - [TEST_STEP][PASSED] - println(y): null

16-05-2025T11:59:31 - [TEST_STEP][PASSED] - if (toString().length() == 4): null

16-05-2025T11:59:31 - [TEST_STEP][PASSED] - m = m.substring(0, m.indexOf(y.toString())): null

16-05-2025T11:59:31 - [TEST_STEP][PASSED] - m = m.trim(): null

16-05-2025T11:59:31 - [TEST_STEP][PASSED] - if (m == ""): null

16-05-2025T11:59:31 - [TEST_STEP][PASSED] - dashboardName = "Выполнение бизнес-плана": null

16-05-2025T11:59:31 - [TEST_STEP][PASSED] - workbook01 = getWorkbook(excelFilePath): null

16-05-2025T11:59:31 - [TEST_STEP][PASSED] - sheet01 = getExcelSheet(workbook01, sheetName): null

16-05-2025T11:59:31 - [TEST_STEP][PASSED] - setValueToCellByIndex(sheet01, n, 0, dashboardName): null

16-05-2025T11:59:31 - [TEST_STEP][PASSED] - setValueToCellByIndex(sheet01, n, 1, dZO): null

16-05-2025T11:59:31 - [TEST_STEP][PASSED] - setValueToCellByIndex(sheet01, n, 2, typeOfData): null

16-05-2025T11:59:31 - [TEST_STEP][PASSED] - if (typeOfData == "Факт в процентах" || typeOfData == "План в процентах"): null

16-05-2025T11:59:31 - [TEST_STEP][PASSED] - else: null

16-05-2025T11:59:31 - [TEST_STEP][PASSED] - setValueToCellByIndex(sheet01, n, 3, fileInt): null

16-05-2025T11:59:31 - [TEST_STEP][PASSED] - setValueToCellByIndex(sheet01, n, 4, pageInt): null

16-05-2025T11:59:31 - [TEST_STEP][PASSED] - setValueToCellByIndex(sheet01, n, 5, m): null

16-05-2025T11:59:31 - [TEST_STEP][PASSED] - setValueToCellByIndex(sheet01, n, 6, y): null

16-05-2025T11:59:31 - [TEST_STEP][PASSED] - setValueToCellByIndex(sheet01, n, 7, todaysDate): null

16-05-2025T11:59:31 - [TEST_STEP][PASSED] - n = n + 1: null

16-05-2025T11:59:31 - [TEST_STEP][PASSED] - saveWorkbook(excelFilePath, workbook01): null

16-05-2025T11:59:31 - [TEST_STEP][PASSED] - compare = pagePoteri: null

16-05-2025T11:59:31 - [TEST_STEP][PASSED] - if (pageOtpuskVSet != null): null

16-05-2025T11:59:31 - [TEST_STEP][PASSED] - if (compare == filePoteri): null

16-05-2025T11:59:31 - [TEST_STEP][PASSED] - else if (compare > filePoteri): null

16-05-2025T11:59:31 - [TEST_STEP][PASSED] - else if (compare < filePoteri): null

16-05-2025T11:59:31 - [TEST_STEP][PASSED] - compare = compare + 1: null

16-05-2025T11:59:31 - [TEST_STEP][PASSED] - if (compare == filePoteri): null

16-05-2025T11:59:31 - [TEST_STEP][PASSED] - else: null

16-05-2025T11:59:31 - [TEST_STEP][PASSED] - numberOfErrors = numberOfErrors + 1: null

16-05-2025T11:59:31 - [TEST_STEP][PASSED] - pageInt = pagePoteri: null

16-05-2025T11:59:31 - [TEST_STEP][PASSED] - fileInt = filePoteri: null

16-05-2025T11:59:31 - [TEST_STEP][PASSED] - typeOfData = typeOfDataMain + " Потери": null

16-05-2025T11:59:31 - [TEST_STEP][PASSED] - Script1718980020443.WriteToExcel(a, typeOfData, todaysDate, pageInt, fileInt, pageDouble, fileDouble, dZO): null

16-05-2025T11:59:31 - [TEST_STEP][PASSED] - sheetName = "Sheet1": null

16-05-2025T11:59:31 - [TEST_STEP][PASSED] - data = findTestData("PlanFact"): null

16-05-2025T11:59:31 - [TEST_STEP][PASSED] - n = data.getRowNumbers() + 1: null

16-05-2025T11:59:31 - [TEST_STEP][PASSED] - day = ")).toInteger(): null

16-05-2025T11:59:31 - [TEST_STEP][PASSED] - println(day): null

16-05-2025T11:59:31 - [TEST_STEP][PASSED] - month = ")).toInteger(): null

16-05-2025T11:59:31 - [TEST_STEP][PASSED] - println(month): null

16-05-2025T11:59:31 - [TEST_STEP][PASSED] - y = <not implemented yet for class: org.codehaus.groovy.ast.expr.EmptyExpression>: null

16-05-2025T11:59:31 - [TEST_STEP][PASSED] - iy = <not implemented yet for class: org.codehaus.groovy.ast.expr.EmptyExpression>: null

16-05-2025T11:59:31 - [TEST_STEP][PASSED] - m = getText(findTestObject("Выполнение бизнес-плана/Период")): Text of object 'Object Repository/Выполнение бизнес-плана/Период' is: '1 кв. 2025 года'

16-05-2025T11:59:32 - [MESSAGE][PASSED] - Text of object 'Object Repository/Выполнение бизнес-плана/Период' is: '1 кв. 2025 года'

16-05-2025T11:59:32 - [TEST_STEP][PASSED] - iy = m.indexOf("20"): null

16-05-2025T11:59:32 - [TEST_STEP][PASSED] - if (iy > -1): null

16-05-2025T11:59:32 - [TEST_STEP][PASSED] - y = substring(iy, iy + 4).toInteger(): null

16-05-2025T11:59:32 - [TEST_STEP][PASSED] - println(y): null

16-05-2025T11:59:32 - [TEST_STEP][PASSED] - if (toString().length() == 4): null

16-05-2025T11:59:32 - [TEST_STEP][PASSED] - m = m.substring(0, m.indexOf(y.toString())): null

16-05-2025T11:59:32 - [TEST_STEP][PASSED] - m = m.trim(): null

16-05-2025T11:59:32 - [TEST_STEP][PASSED] - if (m == ""): null

16-05-2025T11:59:32 - [TEST_STEP][PASSED] - dashboardName = "Выполнение бизнес-плана": null

16-05-2025T11:59:32 - [TEST_STEP][PASSED] - workbook01 = getWorkbook(excelFilePath): null

16-05-2025T11:59:32 - [TEST_STEP][PASSED] - sheet01 = getExcelSheet(workbook01, sheetName): null

16-05-2025T11:59:32 - [TEST_STEP][PASSED] - setValueToCellByIndex(sheet01, n, 0, dashboardName): null

16-05-2025T11:59:32 - [TEST_STEP][PASSED] - setValueToCellByIndex(sheet01, n, 1, dZO): null

16-05-2025T11:59:32 - [TEST_STEP][PASSED] - setValueToCellByIndex(sheet01, n, 2, typeOfData): null

16-05-2025T11:59:32 - [TEST_STEP][PASSED] - if (typeOfData == "Факт в процентах" || typeOfData == "План в процентах"): null

16-05-2025T11:59:32 - [TEST_STEP][PASSED] - else: null

16-05-2025T11:59:32 - [TEST_STEP][PASSED] - setValueToCellByIndex(sheet01, n, 3, fileInt): null

16-05-2025T11:59:32 - [TEST_STEP][PASSED] - setValueToCellByIndex(sheet01, n, 4, pageInt): null

16-05-2025T11:59:32 - [TEST_STEP][PASSED] - setValueToCellByIndex(sheet01, n, 5, m): null

16-05-2025T11:59:32 - [TEST_STEP][PASSED] - setValueToCellByIndex(sheet01, n, 6, y): null

16-05-2025T11:59:32 - [TEST_STEP][PASSED] - setValueToCellByIndex(sheet01, n, 7, todaysDate): null

16-05-2025T11:59:32 - [TEST_STEP][PASSED] - n = n + 1: null

16-05-2025T11:59:32 - [TEST_STEP][PASSED] - saveWorkbook(excelFilePath, workbook01): Object: 'Object Repository/Выполнение бизнес-плана/Кнопка Факт' is clicked on

16-05-2025T11:59:32 - [TEST_STEP][PASSED] - if (planFact == 2): Object: 'Object Repository/Выполнение бизнес-плана/Кнопка Факт' is clicked on

16-05-2025T11:59:32 - [TEST_STEP][PASSED] - click(findTestObject("Выполнение бизнес-плана/Кнопка Факт")): Object: 'Object Repository/Выполнение бизнес-плана/Кнопка Факт' is clicked on

16-05-2025T11:59:32 - [MESSAGE][PASSED] - Object: 'Object Repository/Выполнение бизнес-плана/Кнопка Факт' is clicked on

16-05-2025T11:59:32 - [TEST_STEP][PASSED] - println("a=" + a): null

16-05-2025T11:59:32 - [TEST_STEP][PASSED] - if (a == 84 || a == 82): null

16-05-2025T11:59:32 - [TEST_STEP][PASSED] - else if (a == 83 || a == 52 || a == 72 || a == 28 || a == 73 || a == 77 || a == 74 || a == 65 || a == 36 || a == 44 || a == 53 || a == 80 || a == 54 || a == 1 || a == 18 || a == 59 || a == 81): null

16-05-2025T11:59:32 - [TEST_STEP][PASSED] - else: null

16-05-2025T11:59:32 - [TEST_STEP][PASSED] - page1 = getText(findTestObject("Object Repository/Выполнение бизнес-плана/spanPlan" + filialNum)): Text of object 'Object Repository/Выполнение бизнес-плана/spanPlan1' is: '9.05
|'

16-05-2025T11:59:33 - [MESSAGE][PASSED] - Text of object 'Object Repository/Выполнение бизнес-плана/spanPlan1' is: '9.05
|'

16-05-2025T11:59:33 - [TEST_STEP][PASSED] - page1 = page1.replace("|", ""): null

16-05-2025T11:59:33 - [TEST_STEP][PASSED] - page2 = getText(findTestObject("Object Repository/Выполнение бизнес-плана/spanFact" + filialNum)): Text of object 'Object Repository/Выполнение бизнес-плана/spanFact1' is: '7.94
|'

16-05-2025T11:59:33 - [MESSAGE][PASSED] - Text of object 'Object Repository/Выполнение бизнес-плана/spanFact1' is: '7.94
|'

16-05-2025T11:59:33 - [TEST_STEP][PASSED] - page2 = page2.replace("|", ""): null

16-05-2025T11:59:33 - [TEST_STEP][PASSED] - println("page1: " + page1): null

16-05-2025T11:59:33 - [TEST_STEP][PASSED] - println("page2: " + page2): null

16-05-2025T11:59:33 - [TEST_STEP][PASSED] - file = findTestData("PlanFact").getValue(4, a): null

16-05-2025T11:59:33 - [TEST_STEP][PASSED] - file = file.replace(",", "."): null

16-05-2025T11:59:33 - [TEST_STEP][PASSED] - println("file Plan: " + file): null

16-05-2025T11:59:33 - [TEST_STEP][PASSED] - typeOfData = "План в процентах": null

16-05-2025T11:59:33 - [TEST_STEP][PASSED] - fileDouble = file.toDouble(): null

16-05-2025T11:59:33 - [TEST_STEP][PASSED] - pageDouble = page1.toDouble(): null

16-05-2025T11:59:33 - [TEST_STEP][PASSED] - if (fileDouble != pageDouble): null

16-05-2025T11:59:33 - [TEST_STEP][PASSED] - numberOfErrors = numberOfErrors + 1: null

16-05-2025T11:59:33 - [TEST_STEP][PASSED] - Script1718980020443.WriteToExcel(a, typeOfData, todaysDate, pageInt, fileInt, pageDouble, fileDouble, dZO): null

16-05-2025T11:59:33 - [TEST_STEP][PASSED] - sheetName = "Sheet1": null

16-05-2025T11:59:33 - [TEST_STEP][PASSED] - data = findTestData("PlanFact"): null

16-05-2025T11:59:33 - [TEST_STEP][PASSED] - n = data.getRowNumbers() + 1: null

16-05-2025T11:59:33 - [TEST_STEP][PASSED] - day = ")).toInteger(): null

16-05-2025T11:59:33 - [TEST_STEP][PASSED] - println(day): null

16-05-2025T11:59:33 - [TEST_STEP][PASSED] - month = ")).toInteger(): null

16-05-2025T11:59:33 - [TEST_STEP][PASSED] - println(month): null

16-05-2025T11:59:33 - [TEST_STEP][PASSED] - y = <not implemented yet for class: org.codehaus.groovy.ast.expr.EmptyExpression>: null

16-05-2025T11:59:33 - [TEST_STEP][PASSED] - iy = <not implemented yet for class: org.codehaus.groovy.ast.expr.EmptyExpression>: null

16-05-2025T11:59:33 - [TEST_STEP][PASSED] - m = getText(findTestObject("Выполнение бизнес-плана/Период")): Text of object 'Object Repository/Выполнение бизнес-плана/Период' is: '1 кв. 2025 года'

16-05-2025T11:59:33 - [MESSAGE][PASSED] - Text of object 'Object Repository/Выполнение бизнес-плана/Период' is: '1 кв. 2025 года'

16-05-2025T11:59:33 - [TEST_STEP][PASSED] - iy = m.indexOf("20"): null

16-05-2025T11:59:33 - [TEST_STEP][PASSED] - if (iy > -1): null

16-05-2025T11:59:33 - [TEST_STEP][PASSED] - y = substring(iy, iy + 4).toInteger(): null

16-05-2025T11:59:33 - [TEST_STEP][PASSED] - println(y): null

16-05-2025T11:59:33 - [TEST_STEP][PASSED] - if (toString().length() == 4): null

16-05-2025T11:59:33 - [TEST_STEP][PASSED] - m = m.substring(0, m.indexOf(y.toString())): null

16-05-2025T11:59:33 - [TEST_STEP][PASSED] - m = m.trim(): null

16-05-2025T11:59:33 - [TEST_STEP][PASSED] - if (m == ""): null

16-05-2025T11:59:33 - [TEST_STEP][PASSED] - dashboardName = "Выполнение бизнес-плана": null

16-05-2025T11:59:33 - [TEST_STEP][PASSED] - workbook01 = getWorkbook(excelFilePath): null

16-05-2025T11:59:33 - [TEST_STEP][PASSED] - sheet01 = getExcelSheet(workbook01, sheetName): null

16-05-2025T11:59:33 - [TEST_STEP][PASSED] - setValueToCellByIndex(sheet01, n, 0, dashboardName): null

16-05-2025T11:59:33 - [TEST_STEP][PASSED] - setValueToCellByIndex(sheet01, n, 1, dZO): null

16-05-2025T11:59:33 - [TEST_STEP][PASSED] - setValueToCellByIndex(sheet01, n, 2, typeOfData): null

16-05-2025T11:59:33 - [TEST_STEP][PASSED] - if (typeOfData == "Факт в процентах" || typeOfData == "План в процентах"): null

16-05-2025T11:59:33 - [TEST_STEP][PASSED] - setValueToCellByIndex(sheet01, n, 3, fileDouble): null

16-05-2025T11:59:33 - [TEST_STEP][PASSED] - setValueToCellByIndex(sheet01, n, 4, pageDouble): null

16-05-2025T11:59:33 - [TEST_STEP][PASSED] - setValueToCellByIndex(sheet01, n, 5, m): null

16-05-2025T11:59:33 - [TEST_STEP][PASSED] - setValueToCellByIndex(sheet01, n, 6, y): null

16-05-2025T11:59:33 - [TEST_STEP][PASSED] - setValueToCellByIndex(sheet01, n, 7, todaysDate): null

16-05-2025T11:59:33 - [TEST_STEP][PASSED] - n = n + 1: null

16-05-2025T11:59:33 - [TEST_STEP][PASSED] - saveWorkbook(excelFilePath, workbook01): null

16-05-2025T11:59:34 - [TEST_STEP][PASSED] - file = findTestData("PlanFact").getValue(7, a): null

16-05-2025T11:59:34 - [TEST_STEP][PASSED] - file = file.replace(",", "."): null

16-05-2025T11:59:34 - [TEST_STEP][PASSED] - println("file Fact: " + file): null

16-05-2025T11:59:34 - [TEST_STEP][PASSED] - fileDouble = file.toDouble(): null

16-05-2025T11:59:34 - [TEST_STEP][PASSED] - typeOfData = "Факт в процентах": null

16-05-2025T11:59:34 - [TEST_STEP][PASSED] - fileDouble = file.toDouble(): null

16-05-2025T11:59:34 - [TEST_STEP][PASSED] - pageDouble = page2.toDouble(): null

16-05-2025T11:59:34 - [TEST_STEP][PASSED] - if (fileDouble != pageDouble): null

16-05-2025T11:59:34 - [TEST_STEP][PASSED] - numberOfErrors = numberOfErrors + 1: null

16-05-2025T11:59:34 - [TEST_STEP][PASSED] - Script1718980020443.WriteToExcel(a, typeOfData, todaysDate, pageInt, fileInt, pageDouble, fileDouble, dZO): null

16-05-2025T11:59:34 - [TEST_STEP][PASSED] - sheetName = "Sheet1": null

16-05-2025T11:59:34 - [TEST_STEP][PASSED] - data = findTestData("PlanFact"): null

16-05-2025T11:59:34 - [TEST_STEP][PASSED] - n = data.getRowNumbers() + 1: null

16-05-2025T11:59:34 - [TEST_STEP][PASSED] - day = ")).toInteger(): null

16-05-2025T11:59:34 - [TEST_STEP][PASSED] - println(day): null

16-05-2025T11:59:34 - [TEST_STEP][PASSED] - month = ")).toInteger(): null

16-05-2025T11:59:34 - [TEST_STEP][PASSED] - println(month): null

16-05-2025T11:59:34 - [TEST_STEP][PASSED] - y = <not implemented yet for class: org.codehaus.groovy.ast.expr.EmptyExpression>: null

16-05-2025T11:59:34 - [TEST_STEP][PASSED] - iy = <not implemented yet for class: org.codehaus.groovy.ast.expr.EmptyExpression>: null

16-05-2025T11:59:34 - [TEST_STEP][PASSED] - m = getText(findTestObject("Выполнение бизнес-плана/Период")): Text of object 'Object Repository/Выполнение бизнес-плана/Период' is: '1 кв. 2025 года'

16-05-2025T11:59:34 - [MESSAGE][PASSED] - Text of object 'Object Repository/Выполнение бизнес-плана/Период' is: '1 кв. 2025 года'

16-05-2025T11:59:34 - [TEST_STEP][PASSED] - iy = m.indexOf("20"): null

16-05-2025T11:59:34 - [TEST_STEP][PASSED] - if (iy > -1): null

16-05-2025T11:59:34 - [TEST_STEP][PASSED] - y = substring(iy, iy + 4).toInteger(): null

16-05-2025T11:59:34 - [TEST_STEP][PASSED] - println(y): null

16-05-2025T11:59:34 - [TEST_STEP][PASSED] - if (toString().length() == 4): null

16-05-2025T11:59:34 - [TEST_STEP][PASSED] - m = m.substring(0, m.indexOf(y.toString())): null

16-05-2025T11:59:34 - [TEST_STEP][PASSED] - m = m.trim(): null

16-05-2025T11:59:34 - [TEST_STEP][PASSED] - if (m == ""): null

16-05-2025T11:59:34 - [TEST_STEP][PASSED] - dashboardName = "Выполнение бизнес-плана": null

16-05-2025T11:59:34 - [TEST_STEP][PASSED] - workbook01 = getWorkbook(excelFilePath): null

16-05-2025T11:59:34 - [TEST_STEP][PASSED] - sheet01 = getExcelSheet(workbook01, sheetName): null

16-05-2025T11:59:34 - [TEST_STEP][PASSED] - setValueToCellByIndex(sheet01, n, 0, dashboardName): null

16-05-2025T11:59:34 - [TEST_STEP][PASSED] - setValueToCellByIndex(sheet01, n, 1, dZO): null

16-05-2025T11:59:34 - [TEST_STEP][PASSED] - setValueToCellByIndex(sheet01, n, 2, typeOfData): null

16-05-2025T11:59:34 - [TEST_STEP][PASSED] - if (typeOfData == "Факт в процентах" || typeOfData == "План в процентах"): null

16-05-2025T11:59:34 - [TEST_STEP][PASSED] - setValueToCellByIndex(sheet01, n, 3, fileDouble): null

16-05-2025T11:59:34 - [TEST_STEP][PASSED] - setValueToCellByIndex(sheet01, n, 4, pageDouble): null

16-05-2025T11:59:34 - [TEST_STEP][PASSED] - setValueToCellByIndex(sheet01, n, 5, m): null

16-05-2025T11:59:34 - [TEST_STEP][PASSED] - setValueToCellByIndex(sheet01, n, 6, y): null

16-05-2025T11:59:34 - [TEST_STEP][PASSED] - setValueToCellByIndex(sheet01, n, 7, todaysDate): null

16-05-2025T11:59:34 - [TEST_STEP][PASSED] - n = n + 1: null

16-05-2025T11:59:34 - [TEST_STEP][PASSED] - saveWorkbook(excelFilePath, workbook01): null

16-05-2025T11:59:34 - [TEST_STEP][FAILED] - if (verifyEqual(numberOfErrors, 0) == false): null

16-05-2025T11:59:34 - [MESSAGE][FAILED] - Unable to verify equal between actual object '6' and expected object '0' (Root cause: com.kms.katalon.core.exception.StepFailedException: Actual object '6' and expected object '0' are not equal
	at com.kms.katalon.core.keyword.builtin.VerifyEqualKeyword$_verifyEqual_closure1.doCall(VerifyEqualKeyword.groovy:58)
	at com.kms.katalon.core.keyword.builtin.VerifyEqualKeyword$_verifyEqual_closure1.call(VerifyEqualKeyword.groovy)
	at com.kms.katalon.core.keyword.internal.KeywordMain.runKeyword(KeywordMain.groovy:75)
	at com.kms.katalon.core.keyword.builtin.VerifyEqualKeyword.verifyEqual(VerifyEqualKeyword.groovy:63)
	at com.kms.katalon.core.keyword.builtin.VerifyEqualKeyword.execute(VerifyEqualKeyword.groovy:44)
	at com.kms.katalon.core.keyword.internal.KeywordExecutor.executeKeywordForPlatform(KeywordExecutor.groovy:74)
	at com.kms.katalon.core.keyword.BuiltinKeywords.verifyEqual(BuiltinKeywords.groovy:146)
	at jdk.internal.reflect.GeneratedMethodAccessor24.invoke(Unknown Source)
	at java.base/jdk.internal.reflect.DelegatingMethodAccessorImpl.invoke(DelegatingMethodAccessorImpl.java:43)
	at Выполнение бизнес-плана Сверка ПАО Россети все филиалы.Numbers(Выполнение бизнес-плана Сверка ПАО Россети все филиалы:740)
	at Выполнение бизнес-плана Сверка ПАО Россети все филиалы.Filials(Выполнение бизнес-плана Сверка ПАО Россети все филиалы:923)
	at Выполнение бизнес-плана Сверка ПАО Россети все филиалы.Numbers(Выполнение бизнес-плана Сверка ПАО Россети все филиалы:747)
	at Выполнение бизнес-плана Сверка ПАО Россети все филиалы.run(Выполнение бизнес-плана Сверка ПАО Россети все филиалы:227)
	at com.kms.katalon.core.main.ScriptEngine.run(ScriptEngine.java:194)
	at com.kms.katalon.core.main.ScriptEngine.runScriptAsRawText(ScriptEngine.java:119)
	at com.kms.katalon.core.main.TestCaseExecutor.runScript(TestCaseExecutor.java:448)
	at com.kms.katalon.core.main.TestCaseExecutor.doExecute(TestCaseExecutor.java:439)
	at com.kms.katalon.core.main.TestCaseExecutor.processExecutionPhase(TestCaseExecutor.java:418)
	at com.kms.katalon.core.main.TestCaseExecutor.accessMainPhase(TestCaseExecutor.java:410)
	at com.kms.katalon.core.main.TestCaseExecutor.execute(TestCaseExecutor.java:285)
	at com.kms.katalon.core.common.CommonExecutor.accessTestCaseMainPhase(CommonExecutor.java:65)
	at com.kms.katalon.core.main.TestSuiteExecutor.accessTestSuiteMainPhase(TestSuiteExecutor.java:150)
	at com.kms.katalon.core.main.TestSuiteExecutor.execute(TestSuiteExecutor.java:106)
	at com.kms.katalon.core.main.TestCaseMain.startTestSuite(TestCaseMain.java:180)
	at TempTestSuite1747369435659.run(TempTestSuite1747369435659.groovy:35)
	at java.base/jdk.internal.reflect.NativeMethodAccessorImpl.invoke0(Native Method)
	at java.base/jdk.internal.reflect.NativeMethodAccessorImpl.invoke(NativeMethodAccessorImpl.java:77)
	at java.base/jdk.internal.reflect.DelegatingMethodAccessorImpl.invoke(DelegatingMethodAccessorImpl.java:43)
)

16-05-2025T11:59:34 - [TEST_STEP][PASSED] - println(numberOfErrors): null

16-05-2025T11:59:34 - [TEST_STEP][PASSED] - println("a=" + a): null

16-05-2025T11:59:34 - [TEST_STEP][PASSED] - if (a == 28 || a == 77 || a == 74 || a == 65 || a == 36 || a == 44 || a == 54 || a == 1 || a == 18 || a == 59): null

16-05-2025T11:59:34 - [TEST_STEP][PASSED] - if (a == 82): null

16-05-2025T11:59:34 - [TEST_STEP][PASSED] - dZO = "Оренбургэнерго": null

16-05-2025T11:59:34 - [TEST_STEP][PASSED] - a = 30: null

16-05-2025T11:59:34 - [TEST_STEP][PASSED] - if (x2.contains(dZO)): null

16-05-2025T11:59:34 - [TEST_STEP][PASSED] - filialNum = filialNum + 1: null

16-05-2025T11:59:34 - [TEST_STEP][PASSED] - Script1718980020443.Numbers(a, typeOfData, todaysDate, pageInt, fileInt, pageDouble, fileDouble, dZO, dzoNum, filialNum): null

16-05-2025T11:59:34 - [TEST_STEP][PASSED] - println(dzoNum): null

16-05-2025T11:59:34 - [TEST_STEP][PASSED] - planFact = <not implemented yet for class: org.codehaus.groovy.ast.expr.EmptyExpression>: null

16-05-2025T11:59:34 - [TEST_STEP][PASSED] - page = <not implemented yet for class: org.codehaus.groovy.ast.expr.EmptyExpression>: null

16-05-2025T11:59:34 - [TEST_STEP][PASSED] - page1 = <not implemented yet for class: org.codehaus.groovy.ast.expr.EmptyExpression>: null

16-05-2025T11:59:34 - [TEST_STEP][PASSED] - page2 = <not implemented yet for class: org.codehaus.groovy.ast.expr.EmptyExpression>: null

16-05-2025T11:59:34 - [TEST_STEP][PASSED] - filialNumberInRow = <not implemented yet for class: org.codehaus.groovy.ast.expr.EmptyExpression>: null

16-05-2025T11:59:34 - [TEST_STEP][PASSED] - filialsDzoNames = <not implemented yet for class: org.codehaus.groovy.ast.expr.EmptyExpression>: null

16-05-2025T11:59:34 - [TEST_STEP][PASSED] - numberOfFilials = <not implemented yet for class: org.codehaus.groovy.ast.expr.EmptyExpression>: null

16-05-2025T11:59:34 - [TEST_STEP][PASSED] - numberOfSpaces = <not implemented yet for class: org.codehaus.groovy.ast.expr.EmptyExpression>: null

16-05-2025T11:59:34 - [TEST_STEP][PASSED] - file = <not implemented yet for class: org.codehaus.groovy.ast.expr.EmptyExpression>: null

16-05-2025T11:59:34 - [TEST_STEP][PASSED] - otpusk = <not implemented yet for class: org.codehaus.groovy.ast.expr.EmptyExpression>: null

16-05-2025T11:59:34 - [TEST_STEP][PASSED] - poteri = <not implemented yet for class: org.codehaus.groovy.ast.expr.EmptyExpression>: null

16-05-2025T11:59:34 - [TEST_STEP][PASSED] - dataFolder = "Выполнение бизнес-плана/Значения со страницы Выполнение бизнес-плана/": null

16-05-2025T11:59:34 - [TEST_STEP][PASSED] - path = <not implemented yet for class: org.codehaus.groovy.ast.expr.EmptyExpression>: null

16-05-2025T11:59:34 - [TEST_STEP][PASSED] - typeOfDataMain = <not implemented yet for class: org.codehaus.groovy.ast.expr.EmptyExpression>: null

16-05-2025T11:59:34 - [TEST_STEP][PASSED] - fileOtpuskVSet = <not implemented yet for class: org.codehaus.groovy.ast.expr.EmptyExpression>: null

16-05-2025T11:59:34 - [TEST_STEP][PASSED] - pageOtpuskVSet = <not implemented yet for class: org.codehaus.groovy.ast.expr.EmptyExpression>: null

16-05-2025T11:59:34 - [TEST_STEP][PASSED] - filePoteri = <not implemented yet for class: org.codehaus.groovy.ast.expr.EmptyExpression>: null

16-05-2025T11:59:34 - [TEST_STEP][PASSED] - pagePoteri = <not implemented yet for class: org.codehaus.groovy.ast.expr.EmptyExpression>: null

16-05-2025T11:59:34 - [TEST_STEP][PASSED] - compare = <not implemented yet for class: org.codehaus.groovy.ast.expr.EmptyExpression>: null

16-05-2025T11:59:34 - [TEST_STEP][PASSED] - b = <not implemented yet for class: org.codehaus.groovy.ast.expr.EmptyExpression>: null

16-05-2025T11:59:34 - [TEST_STEP][PASSED] - i = <not implemented yet for class: org.codehaus.groovy.ast.expr.EmptyExpression>: null

16-05-2025T11:59:34 - [TEST_STEP][PASSED] - ii = <not implemented yet for class: org.codehaus.groovy.ast.expr.EmptyExpression>: null

16-05-2025T11:59:34 - [TEST_STEP][PASSED] - c = <not implemented yet for class: org.codehaus.groovy.ast.expr.EmptyExpression>: null

16-05-2025T11:59:34 - [TEST_STEP][PASSED] - numberOfErrors = 0: null

16-05-2025T11:59:34 - [TEST_STEP][PASSED] - if (a == 82): null

16-05-2025T11:59:34 - [TEST_STEP][PASSED] - b = findTestData("PlanFact").getValue(1, a): null

16-05-2025T11:59:34 - [TEST_STEP][PASSED] - i = b.indexOf(" (ГК)"): null

16-05-2025T11:59:34 - [TEST_STEP][PASSED] - if (i > -1): null

16-05-2025T11:59:34 - [TEST_STEP][PASSED] - i = b.indexOf("О ""): null

16-05-2025T11:59:34 - [TEST_STEP][PASSED] - if (i > -1): null

16-05-2025T11:59:34 - [TEST_STEP][PASSED] - i = b.indexOf("О «"): null

16-05-2025T11:59:34 - [TEST_STEP][PASSED] - if (i > -1): null

16-05-2025T11:59:34 - [TEST_STEP][PASSED] - i = b.indexOf("г. "): null

16-05-2025T11:59:34 - [TEST_STEP][PASSED] - if (i > -1): null

16-05-2025T11:59:34 - [TEST_STEP][PASSED] - b = b.trim(): null

16-05-2025T11:59:34 - [TEST_STEP][PASSED] - println(b): null

16-05-2025T11:59:34 - [TEST_STEP][PASSED] - for ([planFact = 1, planFact < 3, (planFact++)]): null

16-05-2025T11:59:34 - [TEST_STEP][PASSED] - if (planFact == 1): null

16-05-2025T11:59:34 - [TEST_STEP][PASSED] - typeOfDataMain = "Факт": null

16-05-2025T11:59:34 - [TEST_STEP][PASSED] - otpusk = findTestData("PlanFact").getValue(5, a): null

16-05-2025T11:59:34 - [TEST_STEP][PASSED] - poteri = findTestData("PlanFact").getValue(6, a): null

16-05-2025T11:59:35 - [TEST_STEP][PASSED] - otpusk = otpusk.replaceAll("\s+", ""): null

16-05-2025T11:59:35 - [TEST_STEP][PASSED] - poteri = poteri.replaceAll("\s+", ""): null

16-05-2025T11:59:35 - [TEST_STEP][PASSED] - typeOfData = typeOfDataMain + " Отпуск в сеть": null

16-05-2025T11:59:35 - [TEST_STEP][PASSED] - if (a == 82): null

16-05-2025T11:59:35 - [TEST_STEP][PASSED] - else if (a == 84): null

16-05-2025T11:59:35 - [TEST_STEP][PASSED] - else if (a == 83 || a == 52 || a == 72 || a == 28 || a == 73 || a == 77 || a == 74 || a == 65 || a == 36 || a == 44 || a == 53 || a == 80 || a == 54 || a == 1 || a == 18 || a == 59 || a == 81): null

16-05-2025T11:59:35 - [TEST_STEP][PASSED] - else: null

16-05-2025T11:59:35 - [TEST_STEP][PASSED] - path = dataFolder + typeOfData + " за отчётный период " + b: null

16-05-2025T11:59:35 - [TEST_STEP][PASSED] - println(path): null

16-05-2025T11:59:35 - [TEST_STEP][PASSED] - page = getText(findTestObject(path)): Text of object 'Object Repository/Выполнение бизнес-плана/Значения со страницы Выполнение бизнес-плана/Факт Отпуск в сеть за отчётный период Оренбургэнерго' is: '877 952'

16-05-2025T11:59:35 - [MESSAGE][PASSED] - Text of object 'Object Repository/Выполнение бизнес-плана/Значения со страницы Выполнение бизнес-плана/Факт Отпуск в сеть за отчётный период Оренбургэнерго' is: '877 952'

16-05-2025T11:59:35 - [TEST_STEP][PASSED] - if (page == "" || page == null): null

16-05-2025T11:59:35 - [TEST_STEP][PASSED] - else: null

16-05-2025T11:59:35 - [TEST_STEP][PASSED] - page = page.replaceAll("\s+", ""): null

16-05-2025T11:59:35 - [TEST_STEP][PASSED] - if (page == "undefined"): null

16-05-2025T11:59:35 - [TEST_STEP][PASSED] - fileOtpuskVSet = otpusk.toInteger(): null

16-05-2025T11:59:35 - [TEST_STEP][PASSED] - pageOtpuskVSet = page.toInteger(): null

16-05-2025T11:59:35 - [TEST_STEP][PASSED] - typeOfData = typeOfDataMain + " Потери": null

16-05-2025T11:59:35 - [TEST_STEP][PASSED] - if (a == 82): null

16-05-2025T11:59:35 - [TEST_STEP][PASSED] - else if (a == 84): null

16-05-2025T11:59:35 - [TEST_STEP][PASSED] - else if (a == 83 || a == 52 || a == 72 || a == 28 || a == 73 || a == 77 || a == 74 || a == 65 || a == 36 || a == 44 || a == 53 || a == 80 || a == 54 || a == 1 || a == 18 || a == 59 || a == 81): null

16-05-2025T11:59:35 - [TEST_STEP][PASSED] - else: null

16-05-2025T11:59:35 - [TEST_STEP][PASSED] - path = dataFolder + typeOfData + " за отчётный период " + b: null

16-05-2025T11:59:35 - [TEST_STEP][PASSED] - page = getText(findTestObject(path)): Text of object 'Object Repository/Выполнение бизнес-плана/Значения со страницы Выполнение бизнес-плана/Факт Потери за отчётный период Оренбургэнерго' is: '79 955'

16-05-2025T11:59:35 - [MESSAGE][PASSED] - Text of object 'Object Repository/Выполнение бизнес-плана/Значения со страницы Выполнение бизнес-плана/Факт Потери за отчётный период Оренбургэнерго' is: '79 955'

16-05-2025T11:59:35 - [TEST_STEP][PASSED] - if (page == "" || page == null): null

16-05-2025T11:59:35 - [TEST_STEP][PASSED] - else: null

16-05-2025T11:59:35 - [TEST_STEP][PASSED] - page = page.replaceAll("\s+", ""): null

16-05-2025T11:59:35 - [TEST_STEP][PASSED] - if (page == "undefined"): null

16-05-2025T11:59:35 - [TEST_STEP][PASSED] - filePoteri = poteri.toInteger(): null

16-05-2025T11:59:35 - [TEST_STEP][PASSED] - pagePoteri = page.toInteger(): null

16-05-2025T11:59:35 - [TEST_STEP][PASSED] - compare = pageOtpuskVSet: null

16-05-2025T11:59:35 - [TEST_STEP][PASSED] - if (pageOtpuskVSet != null): null

16-05-2025T11:59:35 - [TEST_STEP][PASSED] - if (compare == fileOtpuskVSet): null

16-05-2025T11:59:35 - [TEST_STEP][PASSED] - else if (compare > fileOtpuskVSet): null

16-05-2025T11:59:35 - [TEST_STEP][PASSED] - else if (compare < fileOtpuskVSet): null

16-05-2025T11:59:35 - [TEST_STEP][PASSED] - compare = compare + 1: null

16-05-2025T11:59:35 - [TEST_STEP][PASSED] - if (compare == fileOtpuskVSet): null

16-05-2025T11:59:35 - [TEST_STEP][PASSED] - else: null

16-05-2025T11:59:35 - [TEST_STEP][PASSED] - numberOfErrors = numberOfErrors + 1: null

16-05-2025T11:59:35 - [TEST_STEP][PASSED] - pageInt = pageOtpuskVSet: null

16-05-2025T11:59:35 - [TEST_STEP][PASSED] - fileInt = fileOtpuskVSet: null

16-05-2025T11:59:35 - [TEST_STEP][PASSED] - typeOfData = typeOfDataMain + " Отпуск в сеть": null

16-05-2025T11:59:35 - [TEST_STEP][PASSED] - Script1718980020443.WriteToExcel(a, typeOfData, todaysDate, pageInt, fileInt, pageDouble, fileDouble, dZO): null

16-05-2025T11:59:35 - [TEST_STEP][PASSED] - sheetName = "Sheet1": null

16-05-2025T11:59:35 - [TEST_STEP][PASSED] - data = findTestData("PlanFact"): null

16-05-2025T11:59:35 - [TEST_STEP][PASSED] - n = data.getRowNumbers() + 1: null

16-05-2025T11:59:35 - [TEST_STEP][PASSED] - day = ")).toInteger(): null

16-05-2025T11:59:35 - [TEST_STEP][PASSED] - println(day): null

16-05-2025T11:59:35 - [TEST_STEP][PASSED] - month = ")).toInteger(): null

16-05-2025T11:59:35 - [TEST_STEP][PASSED] - println(month): null

16-05-2025T11:59:35 - [TEST_STEP][PASSED] - y = <not implemented yet for class: org.codehaus.groovy.ast.expr.EmptyExpression>: null

16-05-2025T11:59:35 - [TEST_STEP][PASSED] - iy = <not implemented yet for class: org.codehaus.groovy.ast.expr.EmptyExpression>: null

16-05-2025T11:59:35 - [TEST_STEP][PASSED] - m = getText(findTestObject("Выполнение бизнес-плана/Период")): Text of object 'Object Repository/Выполнение бизнес-плана/Период' is: '1 кв. 2025 года'

16-05-2025T11:59:35 - [MESSAGE][PASSED] - Text of object 'Object Repository/Выполнение бизнес-плана/Период' is: '1 кв. 2025 года'

16-05-2025T11:59:35 - [TEST_STEP][PASSED] - iy = m.indexOf("20"): null

16-05-2025T11:59:35 - [TEST_STEP][PASSED] - if (iy > -1): null

16-05-2025T11:59:35 - [TEST_STEP][PASSED] - y = substring(iy, iy + 4).toInteger(): null

16-05-2025T11:59:35 - [TEST_STEP][PASSED] - println(y): null

16-05-2025T11:59:35 - [TEST_STEP][PASSED] - if (toString().length() == 4): null

16-05-2025T11:59:35 - [TEST_STEP][PASSED] - m = m.substring(0, m.indexOf(y.toString())): null

16-05-2025T11:59:35 - [TEST_STEP][PASSED] - m = m.trim(): null

16-05-2025T11:59:35 - [TEST_STEP][PASSED] - if (m == ""): null

16-05-2025T11:59:35 - [TEST_STEP][PASSED] - dashboardName = "Выполнение бизнес-плана": null

16-05-2025T11:59:35 - [TEST_STEP][PASSED] - workbook01 = getWorkbook(excelFilePath): null

16-05-2025T11:59:35 - [TEST_STEP][PASSED] - sheet01 = getExcelSheet(workbook01, sheetName): null

16-05-2025T11:59:35 - [TEST_STEP][PASSED] - setValueToCellByIndex(sheet01, n, 0, dashboardName): null

16-05-2025T11:59:35 - [TEST_STEP][PASSED] - setValueToCellByIndex(sheet01, n, 1, dZO): null

16-05-2025T11:59:35 - [TEST_STEP][PASSED] - setValueToCellByIndex(sheet01, n, 2, typeOfData): null

16-05-2025T11:59:35 - [TEST_STEP][PASSED] - if (typeOfData == "Факт в процентах" || typeOfData == "План в процентах"): null

16-05-2025T11:59:35 - [TEST_STEP][PASSED] - else: null

16-05-2025T11:59:35 - [TEST_STEP][PASSED] - setValueToCellByIndex(sheet01, n, 3, fileInt): null

16-05-2025T11:59:35 - [TEST_STEP][PASSED] - setValueToCellByIndex(sheet01, n, 4, pageInt): null

16-05-2025T11:59:35 - [TEST_STEP][PASSED] - setValueToCellByIndex(sheet01, n, 5, m): null

16-05-2025T11:59:35 - [TEST_STEP][PASSED] - setValueToCellByIndex(sheet01, n, 6, y): null

16-05-2025T11:59:35 - [TEST_STEP][PASSED] - setValueToCellByIndex(sheet01, n, 7, todaysDate): null

16-05-2025T11:59:35 - [TEST_STEP][PASSED] - n = n + 1: null

16-05-2025T11:59:35 - [TEST_STEP][PASSED] - saveWorkbook(excelFilePath, workbook01): null

16-05-2025T11:59:36 - [TEST_STEP][PASSED] - compare = pagePoteri: null

16-05-2025T11:59:36 - [TEST_STEP][PASSED] - if (pageOtpuskVSet != null): null

16-05-2025T11:59:36 - [TEST_STEP][PASSED] - if (compare == filePoteri): null

16-05-2025T11:59:36 - [TEST_STEP][PASSED] - else if (compare > filePoteri): null

16-05-2025T11:59:36 - [TEST_STEP][PASSED] - else if (compare < filePoteri): null

16-05-2025T11:59:36 - [TEST_STEP][PASSED] - compare = compare + 1: null

16-05-2025T11:59:36 - [TEST_STEP][PASSED] - if (compare == filePoteri): null

16-05-2025T11:59:36 - [TEST_STEP][PASSED] - else: null

16-05-2025T11:59:36 - [TEST_STEP][PASSED] - numberOfErrors = numberOfErrors + 1: null

16-05-2025T11:59:36 - [TEST_STEP][PASSED] - pageInt = pagePoteri: null

16-05-2025T11:59:36 - [TEST_STEP][PASSED] - fileInt = filePoteri: null

16-05-2025T11:59:36 - [TEST_STEP][PASSED] - typeOfData = typeOfDataMain + " Потери": null

16-05-2025T11:59:36 - [TEST_STEP][PASSED] - Script1718980020443.WriteToExcel(a, typeOfData, todaysDate, pageInt, fileInt, pageDouble, fileDouble, dZO): null

16-05-2025T11:59:36 - [TEST_STEP][PASSED] - sheetName = "Sheet1": null

16-05-2025T11:59:36 - [TEST_STEP][PASSED] - data = findTestData("PlanFact"): null

16-05-2025T11:59:36 - [TEST_STEP][PASSED] - n = data.getRowNumbers() + 1: null

16-05-2025T11:59:36 - [TEST_STEP][PASSED] - day = ")).toInteger(): null

16-05-2025T11:59:36 - [TEST_STEP][PASSED] - println(day): null

16-05-2025T11:59:36 - [TEST_STEP][PASSED] - month = ")).toInteger(): null

16-05-2025T11:59:36 - [TEST_STEP][PASSED] - println(month): null

16-05-2025T11:59:36 - [TEST_STEP][PASSED] - y = <not implemented yet for class: org.codehaus.groovy.ast.expr.EmptyExpression>: null

16-05-2025T11:59:36 - [TEST_STEP][PASSED] - iy = <not implemented yet for class: org.codehaus.groovy.ast.expr.EmptyExpression>: null

16-05-2025T11:59:36 - [TEST_STEP][PASSED] - m = getText(findTestObject("Выполнение бизнес-плана/Период")): Text of object 'Object Repository/Выполнение бизнес-плана/Период' is: '1 кв. 2025 года'

16-05-2025T11:59:36 - [MESSAGE][PASSED] - Text of object 'Object Repository/Выполнение бизнес-плана/Период' is: '1 кв. 2025 года'

16-05-2025T11:59:36 - [TEST_STEP][PASSED] - iy = m.indexOf("20"): null

16-05-2025T11:59:36 - [TEST_STEP][PASSED] - if (iy > -1): null

16-05-2025T11:59:36 - [TEST_STEP][PASSED] - y = substring(iy, iy + 4).toInteger(): null

16-05-2025T11:59:36 - [TEST_STEP][PASSED] - println(y): null

16-05-2025T11:59:36 - [TEST_STEP][PASSED] - if (toString().length() == 4): null

16-05-2025T11:59:36 - [TEST_STEP][PASSED] - m = m.substring(0, m.indexOf(y.toString())): null

16-05-2025T11:59:36 - [TEST_STEP][PASSED] - m = m.trim(): null

16-05-2025T11:59:36 - [TEST_STEP][PASSED] - if (m == ""): null

16-05-2025T11:59:36 - [TEST_STEP][PASSED] - dashboardName = "Выполнение бизнес-плана": null

16-05-2025T11:59:36 - [TEST_STEP][PASSED] - workbook01 = getWorkbook(excelFilePath): null

16-05-2025T11:59:36 - [TEST_STEP][PASSED] - sheet01 = getExcelSheet(workbook01, sheetName): null

16-05-2025T11:59:36 - [TEST_STEP][PASSED] - setValueToCellByIndex(sheet01, n, 0, dashboardName): null

16-05-2025T11:59:36 - [TEST_STEP][PASSED] - setValueToCellByIndex(sheet01, n, 1, dZO): null

16-05-2025T11:59:36 - [TEST_STEP][PASSED] - setValueToCellByIndex(sheet01, n, 2, typeOfData): null

16-05-2025T11:59:36 - [TEST_STEP][PASSED] - if (typeOfData == "Факт в процентах" || typeOfData == "План в процентах"): null

16-05-2025T11:59:36 - [TEST_STEP][PASSED] - else: null

16-05-2025T11:59:36 - [TEST_STEP][PASSED] - setValueToCellByIndex(sheet01, n, 3, fileInt): null

16-05-2025T11:59:36 - [TEST_STEP][PASSED] - setValueToCellByIndex(sheet01, n, 4, pageInt): null

16-05-2025T11:59:36 - [TEST_STEP][PASSED] - setValueToCellByIndex(sheet01, n, 5, m): null

16-05-2025T11:59:36 - [TEST_STEP][PASSED] - setValueToCellByIndex(sheet01, n, 6, y): null

16-05-2025T11:59:36 - [TEST_STEP][PASSED] - setValueToCellByIndex(sheet01, n, 7, todaysDate): null

16-05-2025T11:59:36 - [TEST_STEP][PASSED] - n = n + 1: null

16-05-2025T11:59:36 - [TEST_STEP][PASSED] - saveWorkbook(excelFilePath, workbook01): null

16-05-2025T11:59:36 - [TEST_STEP][PASSED] - if (planFact == 2): null

16-05-2025T11:59:36 - [TEST_STEP][PASSED] - if (planFact == 1): null

16-05-2025T11:59:36 - [TEST_STEP][PASSED] - else if (planFact == 2): null

16-05-2025T11:59:36 - [TEST_STEP][PASSED] - click(findTestObject("Выполнение бизнес-плана/Кнопка План")): Object: 'Object Repository/Выполнение бизнес-плана/Кнопка План' is clicked on

16-05-2025T11:59:37 - [MESSAGE][PASSED] - Object: 'Object Repository/Выполнение бизнес-плана/Кнопка План' is clicked on

16-05-2025T11:59:37 - [TEST_STEP][PASSED] - typeOfDataMain = "План": null

16-05-2025T11:59:37 - [TEST_STEP][PASSED] - otpusk = findTestData("PlanFact").getValue(2, a): null

16-05-2025T11:59:37 - [TEST_STEP][PASSED] - poteri = findTestData("PlanFact").getValue(3, a): null

16-05-2025T11:59:37 - [TEST_STEP][PASSED] - otpusk = otpusk.replaceAll("\s+", ""): null

16-05-2025T11:59:37 - [TEST_STEP][PASSED] - poteri = poteri.replaceAll("\s+", ""): null

16-05-2025T11:59:37 - [TEST_STEP][PASSED] - typeOfData = typeOfDataMain + " Отпуск в сеть": null

16-05-2025T11:59:37 - [TEST_STEP][PASSED] - if (a == 82): null

16-05-2025T11:59:37 - [TEST_STEP][PASSED] - else if (a == 84): null

16-05-2025T11:59:37 - [TEST_STEP][PASSED] - else if (a == 83 || a == 52 || a == 72 || a == 28 || a == 73 || a == 77 || a == 74 || a == 65 || a == 36 || a == 44 || a == 53 || a == 80 || a == 54 || a == 1 || a == 18 || a == 59 || a == 81): null

16-05-2025T11:59:37 - [TEST_STEP][PASSED] - else: null

16-05-2025T11:59:37 - [TEST_STEP][PASSED] - path = dataFolder + typeOfData + " за отчётный период " + b: null

16-05-2025T11:59:37 - [TEST_STEP][PASSED] - println(path): null

16-05-2025T11:59:37 - [TEST_STEP][PASSED] - page = getText(findTestObject(path)): Text of object 'Object Repository/Выполнение бизнес-плана/Значения со страницы Выполнение бизнес-плана/План Отпуск в сеть за отчётный период Оренбургэнерго' is: '909 574'

16-05-2025T11:59:37 - [MESSAGE][PASSED] - Text of object 'Object Repository/Выполнение бизнес-плана/Значения со страницы Выполнение бизнес-плана/План Отпуск в сеть за отчётный период Оренбургэнерго' is: '909 574'

16-05-2025T11:59:37 - [TEST_STEP][PASSED] - if (page == "" || page == null): null

16-05-2025T11:59:37 - [TEST_STEP][PASSED] - else: null

16-05-2025T11:59:37 - [TEST_STEP][PASSED] - page = page.replaceAll("\s+", ""): null

16-05-2025T11:59:37 - [TEST_STEP][PASSED] - if (page == "undefined"): null

16-05-2025T11:59:37 - [TEST_STEP][PASSED] - fileOtpuskVSet = otpusk.toInteger(): null

16-05-2025T11:59:37 - [TEST_STEP][PASSED] - pageOtpuskVSet = page.toInteger(): null

16-05-2025T11:59:37 - [TEST_STEP][PASSED] - typeOfData = typeOfDataMain + " Потери": null

16-05-2025T11:59:37 - [TEST_STEP][PASSED] - if (a == 82): null

16-05-2025T11:59:37 - [TEST_STEP][PASSED] - else if (a == 84): null

16-05-2025T11:59:37 - [TEST_STEP][PASSED] - else if (a == 83 || a == 52 || a == 72 || a == 28 || a == 73 || a == 77 || a == 74 || a == 65 || a == 36 || a == 44 || a == 53 || a == 80 || a == 54 || a == 1 || a == 18 || a == 59 || a == 81): null

16-05-2025T11:59:37 - [TEST_STEP][PASSED] - else: null

16-05-2025T11:59:37 - [TEST_STEP][PASSED] - path = dataFolder + typeOfData + " за отчётный период " + b: null

16-05-2025T11:59:37 - [TEST_STEP][PASSED] - page = getText(findTestObject(path)): Text of object 'Object Repository/Выполнение бизнес-плана/Значения со страницы Выполнение бизнес-плана/План Потери за отчётный период Оренбургэнерго' is: '94 703'

16-05-2025T11:59:37 - [MESSAGE][PASSED] - Text of object 'Object Repository/Выполнение бизнес-плана/Значения со страницы Выполнение бизнес-плана/План Потери за отчётный период Оренбургэнерго' is: '94 703'

16-05-2025T11:59:37 - [TEST_STEP][PASSED] - if (page == "" || page == null): null

16-05-2025T11:59:37 - [TEST_STEP][PASSED] - else: null

16-05-2025T11:59:37 - [TEST_STEP][PASSED] - page = page.replaceAll("\s+", ""): null

16-05-2025T11:59:37 - [TEST_STEP][PASSED] - if (page == "undefined"): null

16-05-2025T11:59:37 - [TEST_STEP][PASSED] - filePoteri = poteri.toInteger(): null

16-05-2025T11:59:37 - [TEST_STEP][PASSED] - pagePoteri = page.toInteger(): null

16-05-2025T11:59:37 - [TEST_STEP][PASSED] - compare = pageOtpuskVSet: null

16-05-2025T11:59:37 - [TEST_STEP][PASSED] - if (pageOtpuskVSet != null): null

16-05-2025T11:59:37 - [TEST_STEP][PASSED] - if (compare == fileOtpuskVSet): null

16-05-2025T11:59:37 - [TEST_STEP][PASSED] - else if (compare > fileOtpuskVSet): null

16-05-2025T11:59:37 - [TEST_STEP][PASSED] - else if (compare < fileOtpuskVSet): null

16-05-2025T11:59:37 - [TEST_STEP][PASSED] - compare = compare + 1: null

16-05-2025T11:59:37 - [TEST_STEP][PASSED] - if (compare == fileOtpuskVSet): null

16-05-2025T11:59:37 - [TEST_STEP][PASSED] - else: null

16-05-2025T11:59:37 - [TEST_STEP][PASSED] - numberOfErrors = numberOfErrors + 1: null

16-05-2025T11:59:37 - [TEST_STEP][PASSED] - pageInt = pageOtpuskVSet: null

16-05-2025T11:59:37 - [TEST_STEP][PASSED] - fileInt = fileOtpuskVSet: null

16-05-2025T11:59:37 - [TEST_STEP][PASSED] - typeOfData = typeOfDataMain + " Отпуск в сеть": null

16-05-2025T11:59:37 - [TEST_STEP][PASSED] - Script1718980020443.WriteToExcel(a, typeOfData, todaysDate, pageInt, fileInt, pageDouble, fileDouble, dZO): null

16-05-2025T11:59:37 - [TEST_STEP][PASSED] - sheetName = "Sheet1": null

16-05-2025T11:59:37 - [TEST_STEP][PASSED] - data = findTestData("PlanFact"): null

16-05-2025T11:59:37 - [TEST_STEP][PASSED] - n = data.getRowNumbers() + 1: null

16-05-2025T11:59:37 - [TEST_STEP][PASSED] - day = ")).toInteger(): null

16-05-2025T11:59:37 - [TEST_STEP][PASSED] - println(day): null

16-05-2025T11:59:37 - [TEST_STEP][PASSED] - month = ")).toInteger(): null

16-05-2025T11:59:37 - [TEST_STEP][PASSED] - println(month): null

16-05-2025T11:59:37 - [TEST_STEP][PASSED] - y = <not implemented yet for class: org.codehaus.groovy.ast.expr.EmptyExpression>: null

16-05-2025T11:59:37 - [TEST_STEP][PASSED] - iy = <not implemented yet for class: org.codehaus.groovy.ast.expr.EmptyExpression>: null

16-05-2025T11:59:37 - [TEST_STEP][PASSED] - m = getText(findTestObject("Выполнение бизнес-плана/Период")): Text of object 'Object Repository/Выполнение бизнес-плана/Период' is: '1 кв. 2025 года'

16-05-2025T11:59:38 - [MESSAGE][PASSED] - Text of object 'Object Repository/Выполнение бизнес-плана/Период' is: '1 кв. 2025 года'

16-05-2025T11:59:38 - [TEST_STEP][PASSED] - iy = m.indexOf("20"): null

16-05-2025T11:59:38 - [TEST_STEP][PASSED] - if (iy > -1): null

16-05-2025T11:59:38 - [TEST_STEP][PASSED] - y = substring(iy, iy + 4).toInteger(): null

16-05-2025T11:59:38 - [TEST_STEP][PASSED] - println(y): null

16-05-2025T11:59:38 - [TEST_STEP][PASSED] - if (toString().length() == 4): null

16-05-2025T11:59:38 - [TEST_STEP][PASSED] - m = m.substring(0, m.indexOf(y.toString())): null

16-05-2025T11:59:38 - [TEST_STEP][PASSED] - m = m.trim(): null

16-05-2025T11:59:38 - [TEST_STEP][PASSED] - if (m == ""): null

16-05-2025T11:59:38 - [TEST_STEP][PASSED] - dashboardName = "Выполнение бизнес-плана": null

16-05-2025T11:59:38 - [TEST_STEP][PASSED] - workbook01 = getWorkbook(excelFilePath): null

16-05-2025T11:59:38 - [TEST_STEP][PASSED] - sheet01 = getExcelSheet(workbook01, sheetName): null

16-05-2025T11:59:38 - [TEST_STEP][PASSED] - setValueToCellByIndex(sheet01, n, 0, dashboardName): null

16-05-2025T11:59:38 - [TEST_STEP][PASSED] - setValueToCellByIndex(sheet01, n, 1, dZO): null

16-05-2025T11:59:38 - [TEST_STEP][PASSED] - setValueToCellByIndex(sheet01, n, 2, typeOfData): null

16-05-2025T11:59:38 - [TEST_STEP][PASSED] - if (typeOfData == "Факт в процентах" || typeOfData == "План в процентах"): null

16-05-2025T11:59:38 - [TEST_STEP][PASSED] - else: null

16-05-2025T11:59:38 - [TEST_STEP][PASSED] - setValueToCellByIndex(sheet01, n, 3, fileInt): null

16-05-2025T11:59:38 - [TEST_STEP][PASSED] - setValueToCellByIndex(sheet01, n, 4, pageInt): null

16-05-2025T11:59:38 - [TEST_STEP][PASSED] - setValueToCellByIndex(sheet01, n, 5, m): null

16-05-2025T11:59:38 - [TEST_STEP][PASSED] - setValueToCellByIndex(sheet01, n, 6, y): null

16-05-2025T11:59:38 - [TEST_STEP][PASSED] - setValueToCellByIndex(sheet01, n, 7, todaysDate): null

16-05-2025T11:59:38 - [TEST_STEP][PASSED] - n = n + 1: null

16-05-2025T11:59:38 - [TEST_STEP][PASSED] - saveWorkbook(excelFilePath, workbook01): null

16-05-2025T11:59:38 - [TEST_STEP][PASSED] - compare = pagePoteri: null

16-05-2025T11:59:38 - [TEST_STEP][PASSED] - if (pageOtpuskVSet != null): null

16-05-2025T11:59:38 - [TEST_STEP][PASSED] - if (compare == filePoteri): null

16-05-2025T11:59:38 - [TEST_STEP][PASSED] - else if (compare > filePoteri): null

16-05-2025T11:59:38 - [TEST_STEP][PASSED] - else if (compare < filePoteri): null

16-05-2025T11:59:38 - [TEST_STEP][PASSED] - compare = compare + 1: null

16-05-2025T11:59:38 - [TEST_STEP][PASSED] - if (compare == filePoteri): null

16-05-2025T11:59:38 - [TEST_STEP][PASSED] - else: null

16-05-2025T11:59:38 - [TEST_STEP][PASSED] - numberOfErrors = numberOfErrors + 1: null

16-05-2025T11:59:38 - [TEST_STEP][PASSED] - pageInt = pagePoteri: null

16-05-2025T11:59:38 - [TEST_STEP][PASSED] - fileInt = filePoteri: null

16-05-2025T11:59:38 - [TEST_STEP][PASSED] - typeOfData = typeOfDataMain + " Потери": null

16-05-2025T11:59:38 - [TEST_STEP][PASSED] - Script1718980020443.WriteToExcel(a, typeOfData, todaysDate, pageInt, fileInt, pageDouble, fileDouble, dZO): null

16-05-2025T11:59:38 - [TEST_STEP][PASSED] - sheetName = "Sheet1": null

16-05-2025T11:59:38 - [TEST_STEP][PASSED] - data = findTestData("PlanFact"): null

16-05-2025T11:59:38 - [TEST_STEP][PASSED] - n = data.getRowNumbers() + 1: null

16-05-2025T11:59:38 - [TEST_STEP][PASSED] - day = ")).toInteger(): null

16-05-2025T11:59:38 - [TEST_STEP][PASSED] - println(day): null

16-05-2025T11:59:38 - [TEST_STEP][PASSED] - month = ")).toInteger(): null

16-05-2025T11:59:38 - [TEST_STEP][PASSED] - println(month): null

16-05-2025T11:59:38 - [TEST_STEP][PASSED] - y = <not implemented yet for class: org.codehaus.groovy.ast.expr.EmptyExpression>: null

16-05-2025T11:59:38 - [TEST_STEP][PASSED] - iy = <not implemented yet for class: org.codehaus.groovy.ast.expr.EmptyExpression>: null

16-05-2025T11:59:38 - [TEST_STEP][PASSED] - m = getText(findTestObject("Выполнение бизнес-плана/Период")): Text of object 'Object Repository/Выполнение бизнес-плана/Период' is: '1 кв. 2025 года'

16-05-2025T11:59:38 - [MESSAGE][PASSED] - Text of object 'Object Repository/Выполнение бизнес-плана/Период' is: '1 кв. 2025 года'

16-05-2025T11:59:38 - [TEST_STEP][PASSED] - iy = m.indexOf("20"): null

16-05-2025T11:59:38 - [TEST_STEP][PASSED] - if (iy > -1): null

16-05-2025T11:59:38 - [TEST_STEP][PASSED] - y = substring(iy, iy + 4).toInteger(): null

16-05-2025T11:59:38 - [TEST_STEP][PASSED] - println(y): null

16-05-2025T11:59:38 - [TEST_STEP][PASSED] - if (toString().length() == 4): null

16-05-2025T11:59:38 - [TEST_STEP][PASSED] - m = m.substring(0, m.indexOf(y.toString())): null

16-05-2025T11:59:38 - [TEST_STEP][PASSED] - m = m.trim(): null

16-05-2025T11:59:38 - [TEST_STEP][PASSED] - if (m == ""): null

16-05-2025T11:59:38 - [TEST_STEP][PASSED] - dashboardName = "Выполнение бизнес-плана": null

16-05-2025T11:59:38 - [TEST_STEP][PASSED] - workbook01 = getWorkbook(excelFilePath): null

16-05-2025T11:59:39 - [TEST_STEP][PASSED] - sheet01 = getExcelSheet(workbook01, sheetName): null

16-05-2025T11:59:39 - [TEST_STEP][PASSED] - setValueToCellByIndex(sheet01, n, 0, dashboardName): null

16-05-2025T11:59:39 - [TEST_STEP][PASSED] - setValueToCellByIndex(sheet01, n, 1, dZO): null

16-05-2025T11:59:39 - [TEST_STEP][PASSED] - setValueToCellByIndex(sheet01, n, 2, typeOfData): null

16-05-2025T11:59:39 - [TEST_STEP][PASSED] - if (typeOfData == "Факт в процентах" || typeOfData == "План в процентах"): null

16-05-2025T11:59:39 - [TEST_STEP][PASSED] - else: null

16-05-2025T11:59:39 - [TEST_STEP][PASSED] - setValueToCellByIndex(sheet01, n, 3, fileInt): null

16-05-2025T11:59:39 - [TEST_STEP][PASSED] - setValueToCellByIndex(sheet01, n, 4, pageInt): null

16-05-2025T11:59:39 - [TEST_STEP][PASSED] - setValueToCellByIndex(sheet01, n, 5, m): null

16-05-2025T11:59:39 - [TEST_STEP][PASSED] - setValueToCellByIndex(sheet01, n, 6, y): null

16-05-2025T11:59:39 - [TEST_STEP][PASSED] - setValueToCellByIndex(sheet01, n, 7, todaysDate): null

16-05-2025T11:59:39 - [TEST_STEP][PASSED] - n = n + 1: null

16-05-2025T11:59:39 - [TEST_STEP][PASSED] - saveWorkbook(excelFilePath, workbook01): Object: 'Object Repository/Выполнение бизнес-плана/Кнопка Факт' is clicked on

16-05-2025T11:59:39 - [TEST_STEP][PASSED] - if (planFact == 2): Object: 'Object Repository/Выполнение бизнес-плана/Кнопка Факт' is clicked on

16-05-2025T11:59:39 - [TEST_STEP][PASSED] - click(findTestObject("Выполнение бизнес-плана/Кнопка Факт")): Object: 'Object Repository/Выполнение бизнес-плана/Кнопка Факт' is clicked on

16-05-2025T11:59:39 - [MESSAGE][PASSED] - Object: 'Object Repository/Выполнение бизнес-плана/Кнопка Факт' is clicked on

16-05-2025T11:59:39 - [TEST_STEP][PASSED] - println("a=" + a): null

16-05-2025T11:59:39 - [TEST_STEP][PASSED] - if (a == 84 || a == 82): null

16-05-2025T11:59:39 - [TEST_STEP][PASSED] - else if (a == 83 || a == 52 || a == 72 || a == 28 || a == 73 || a == 77 || a == 74 || a == 65 || a == 36 || a == 44 || a == 53 || a == 80 || a == 54 || a == 1 || a == 18 || a == 59 || a == 81): null

16-05-2025T11:59:39 - [TEST_STEP][PASSED] - else: null

16-05-2025T11:59:39 - [TEST_STEP][PASSED] - page1 = getText(findTestObject("Object Repository/Выполнение бизнес-плана/spanPlan" + filialNum)): Text of object 'Object Repository/Выполнение бизнес-плана/spanPlan2' is: '10.41
|'

16-05-2025T11:59:39 - [MESSAGE][PASSED] - Text of object 'Object Repository/Выполнение бизнес-плана/spanPlan2' is: '10.41
|'

16-05-2025T11:59:39 - [TEST_STEP][PASSED] - page1 = page1.replace("|", ""): null

16-05-2025T11:59:39 - [TEST_STEP][PASSED] - page2 = getText(findTestObject("Object Repository/Выполнение бизнес-плана/spanFact" + filialNum)): Text of object 'Object Repository/Выполнение бизнес-плана/spanFact2' is: '9.11
|'

16-05-2025T11:59:40 - [MESSAGE][PASSED] - Text of object 'Object Repository/Выполнение бизнес-плана/spanFact2' is: '9.11
|'

16-05-2025T11:59:40 - [TEST_STEP][PASSED] - page2 = page2.replace("|", ""): null

16-05-2025T11:59:40 - [TEST_STEP][PASSED] - println("page1: " + page1): null

16-05-2025T11:59:40 - [TEST_STEP][PASSED] - println("page2: " + page2): null

16-05-2025T11:59:40 - [TEST_STEP][PASSED] - file = findTestData("PlanFact").getValue(4, a): null

16-05-2025T11:59:40 - [TEST_STEP][PASSED] - file = file.replace(",", "."): null

16-05-2025T11:59:40 - [TEST_STEP][PASSED] - println("file Plan: " + file): null

16-05-2025T11:59:40 - [TEST_STEP][PASSED] - typeOfData = "План в процентах": null

16-05-2025T11:59:40 - [TEST_STEP][PASSED] - fileDouble = file.toDouble(): null

16-05-2025T11:59:40 - [TEST_STEP][PASSED] - pageDouble = page1.toDouble(): null

16-05-2025T11:59:40 - [TEST_STEP][PASSED] - if (fileDouble != pageDouble): null

16-05-2025T11:59:40 - [TEST_STEP][PASSED] - numberOfErrors = numberOfErrors + 1: null

16-05-2025T11:59:40 - [TEST_STEP][PASSED] - Script1718980020443.WriteToExcel(a, typeOfData, todaysDate, pageInt, fileInt, pageDouble, fileDouble, dZO): null

16-05-2025T11:59:40 - [TEST_STEP][PASSED] - sheetName = "Sheet1": null

16-05-2025T11:59:40 - [TEST_STEP][PASSED] - data = findTestData("PlanFact"): null

16-05-2025T11:59:40 - [TEST_STEP][PASSED] - n = data.getRowNumbers() + 1: null

16-05-2025T11:59:40 - [TEST_STEP][PASSED] - day = ")).toInteger(): null

16-05-2025T11:59:40 - [TEST_STEP][PASSED] - println(day): null

16-05-2025T11:59:40 - [TEST_STEP][PASSED] - month = ")).toInteger(): null

16-05-2025T11:59:40 - [TEST_STEP][PASSED] - println(month): null

16-05-2025T11:59:40 - [TEST_STEP][PASSED] - y = <not implemented yet for class: org.codehaus.groovy.ast.expr.EmptyExpression>: null

16-05-2025T11:59:40 - [TEST_STEP][PASSED] - iy = <not implemented yet for class: org.codehaus.groovy.ast.expr.EmptyExpression>: null

16-05-2025T11:59:40 - [TEST_STEP][PASSED] - m = getText(findTestObject("Выполнение бизнес-плана/Период")): Text of object 'Object Repository/Выполнение бизнес-плана/Период' is: '1 кв. 2025 года'

16-05-2025T11:59:40 - [MESSAGE][PASSED] - Text of object 'Object Repository/Выполнение бизнес-плана/Период' is: '1 кв. 2025 года'

16-05-2025T11:59:40 - [TEST_STEP][PASSED] - iy = m.indexOf("20"): null

16-05-2025T11:59:40 - [TEST_STEP][PASSED] - if (iy > -1): null

16-05-2025T11:59:40 - [TEST_STEP][PASSED] - y = substring(iy, iy + 4).toInteger(): null

16-05-2025T11:59:40 - [TEST_STEP][PASSED] - println(y): null

16-05-2025T11:59:40 - [TEST_STEP][PASSED] - if (toString().length() == 4): null

16-05-2025T11:59:40 - [TEST_STEP][PASSED] - m = m.substring(0, m.indexOf(y.toString())): null

16-05-2025T11:59:40 - [TEST_STEP][PASSED] - m = m.trim(): null

16-05-2025T11:59:40 - [TEST_STEP][PASSED] - if (m == ""): null

16-05-2025T11:59:40 - [TEST_STEP][PASSED] - dashboardName = "Выполнение бизнес-плана": null

16-05-2025T11:59:40 - [TEST_STEP][PASSED] - workbook01 = getWorkbook(excelFilePath): null

16-05-2025T11:59:40 - [TEST_STEP][PASSED] - sheet01 = getExcelSheet(workbook01, sheetName): null

16-05-2025T11:59:40 - [TEST_STEP][PASSED] - setValueToCellByIndex(sheet01, n, 0, dashboardName): null

16-05-2025T11:59:40 - [TEST_STEP][PASSED] - setValueToCellByIndex(sheet01, n, 1, dZO): null

16-05-2025T11:59:40 - [TEST_STEP][PASSED] - setValueToCellByIndex(sheet01, n, 2, typeOfData): null

16-05-2025T11:59:40 - [TEST_STEP][PASSED] - if (typeOfData == "Факт в процентах" || typeOfData == "План в процентах"): null

16-05-2025T11:59:40 - [TEST_STEP][PASSED] - setValueToCellByIndex(sheet01, n, 3, fileDouble): null

16-05-2025T11:59:40 - [TEST_STEP][PASSED] - setValueToCellByIndex(sheet01, n, 4, pageDouble): null

16-05-2025T11:59:40 - [TEST_STEP][PASSED] - setValueToCellByIndex(sheet01, n, 5, m): null

16-05-2025T11:59:40 - [TEST_STEP][PASSED] - setValueToCellByIndex(sheet01, n, 6, y): null

16-05-2025T11:59:40 - [TEST_STEP][PASSED] - setValueToCellByIndex(sheet01, n, 7, todaysDate): null

16-05-2025T11:59:40 - [TEST_STEP][PASSED] - n = n + 1: null

16-05-2025T11:59:40 - [TEST_STEP][PASSED] - saveWorkbook(excelFilePath, workbook01): null

16-05-2025T11:59:40 - [TEST_STEP][PASSED] - file = findTestData("PlanFact").getValue(7, a): null

16-05-2025T11:59:40 - [TEST_STEP][PASSED] - file = file.replace(",", "."): null

16-05-2025T11:59:40 - [TEST_STEP][PASSED] - println("file Fact: " + file): null

16-05-2025T11:59:40 - [TEST_STEP][PASSED] - fileDouble = file.toDouble(): null

16-05-2025T11:59:40 - [TEST_STEP][PASSED] - typeOfData = "Факт в процентах": null

16-05-2025T11:59:40 - [TEST_STEP][PASSED] - fileDouble = file.toDouble(): null

16-05-2025T11:59:40 - [TEST_STEP][PASSED] - pageDouble = page2.toDouble(): null

16-05-2025T11:59:40 - [TEST_STEP][PASSED] - if (fileDouble != pageDouble): null

16-05-2025T11:59:40 - [TEST_STEP][PASSED] - numberOfErrors = numberOfErrors + 1: null

16-05-2025T11:59:40 - [TEST_STEP][PASSED] - Script1718980020443.WriteToExcel(a, typeOfData, todaysDate, pageInt, fileInt, pageDouble, fileDouble, dZO): null

16-05-2025T11:59:40 - [TEST_STEP][PASSED] - sheetName = "Sheet1": null

16-05-2025T11:59:40 - [TEST_STEP][PASSED] - data = findTestData("PlanFact"): null

16-05-2025T11:59:40 - [TEST_STEP][PASSED] - n = data.getRowNumbers() + 1: null

16-05-2025T11:59:40 - [TEST_STEP][PASSED] - day = ")).toInteger(): null

16-05-2025T11:59:40 - [TEST_STEP][PASSED] - println(day): null

16-05-2025T11:59:40 - [TEST_STEP][PASSED] - month = ")).toInteger(): null

16-05-2025T11:59:40 - [TEST_STEP][PASSED] - println(month): null

16-05-2025T11:59:40 - [TEST_STEP][PASSED] - y = <not implemented yet for class: org.codehaus.groovy.ast.expr.EmptyExpression>: null

16-05-2025T11:59:40 - [TEST_STEP][PASSED] - iy = <not implemented yet for class: org.codehaus.groovy.ast.expr.EmptyExpression>: null

16-05-2025T11:59:40 - [TEST_STEP][PASSED] - m = getText(findTestObject("Выполнение бизнес-плана/Период")): Text of object 'Object Repository/Выполнение бизнес-плана/Период' is: '1 кв. 2025 года'

16-05-2025T11:59:41 - [MESSAGE][PASSED] - Text of object 'Object Repository/Выполнение бизнес-плана/Период' is: '1 кв. 2025 года'

16-05-2025T11:59:41 - [TEST_STEP][PASSED] - iy = m.indexOf("20"): null

16-05-2025T11:59:41 - [TEST_STEP][PASSED] - if (iy > -1): null

16-05-2025T11:59:41 - [TEST_STEP][PASSED] - y = substring(iy, iy + 4).toInteger(): null

16-05-2025T11:59:41 - [TEST_STEP][PASSED] - println(y): null

16-05-2025T11:59:41 - [TEST_STEP][PASSED] - if (toString().length() == 4): null

16-05-2025T11:59:41 - [TEST_STEP][PASSED] - m = m.substring(0, m.indexOf(y.toString())): null

16-05-2025T11:59:41 - [TEST_STEP][PASSED] - m = m.trim(): null

16-05-2025T11:59:41 - [TEST_STEP][PASSED] - if (m == ""): null

16-05-2025T11:59:41 - [TEST_STEP][PASSED] - dashboardName = "Выполнение бизнес-плана": null

16-05-2025T11:59:41 - [TEST_STEP][PASSED] - workbook01 = getWorkbook(excelFilePath): null

16-05-2025T11:59:41 - [TEST_STEP][PASSED] - sheet01 = getExcelSheet(workbook01, sheetName): null

16-05-2025T11:59:41 - [TEST_STEP][PASSED] - setValueToCellByIndex(sheet01, n, 0, dashboardName): null

16-05-2025T11:59:41 - [TEST_STEP][PASSED] - setValueToCellByIndex(sheet01, n, 1, dZO): null

16-05-2025T11:59:41 - [TEST_STEP][PASSED] - setValueToCellByIndex(sheet01, n, 2, typeOfData): null

16-05-2025T11:59:41 - [TEST_STEP][PASSED] - if (typeOfData == "Факт в процентах" || typeOfData == "План в процентах"): null

16-05-2025T11:59:41 - [TEST_STEP][PASSED] - setValueToCellByIndex(sheet01, n, 3, fileDouble): null

16-05-2025T11:59:41 - [TEST_STEP][PASSED] - setValueToCellByIndex(sheet01, n, 4, pageDouble): null

16-05-2025T11:59:41 - [TEST_STEP][PASSED] - setValueToCellByIndex(sheet01, n, 5, m): null

16-05-2025T11:59:41 - [TEST_STEP][PASSED] - setValueToCellByIndex(sheet01, n, 6, y): null

16-05-2025T11:59:41 - [TEST_STEP][PASSED] - setValueToCellByIndex(sheet01, n, 7, todaysDate): null

16-05-2025T11:59:41 - [TEST_STEP][PASSED] - n = n + 1: null

16-05-2025T11:59:41 - [TEST_STEP][PASSED] - saveWorkbook(excelFilePath, workbook01): null

16-05-2025T11:59:41 - [TEST_STEP][FAILED] - if (verifyEqual(numberOfErrors, 0) == false): null

16-05-2025T11:59:41 - [MESSAGE][FAILED] - Unable to verify equal between actual object '6' and expected object '0' (Root cause: com.kms.katalon.core.exception.StepFailedException: Actual object '6' and expected object '0' are not equal
	at com.kms.katalon.core.keyword.builtin.VerifyEqualKeyword$_verifyEqual_closure1.doCall(VerifyEqualKeyword.groovy:58)
	at com.kms.katalon.core.keyword.builtin.VerifyEqualKeyword$_verifyEqual_closure1.call(VerifyEqualKeyword.groovy)
	at com.kms.katalon.core.keyword.internal.KeywordMain.runKeyword(KeywordMain.groovy:75)
	at com.kms.katalon.core.keyword.builtin.VerifyEqualKeyword.verifyEqual(VerifyEqualKeyword.groovy:63)
	at com.kms.katalon.core.keyword.builtin.VerifyEqualKeyword.execute(VerifyEqualKeyword.groovy:44)
	at com.kms.katalon.core.keyword.internal.KeywordExecutor.executeKeywordForPlatform(KeywordExecutor.groovy:74)
	at com.kms.katalon.core.keyword.BuiltinKeywords.verifyEqual(BuiltinKeywords.groovy:146)
	at jdk.internal.reflect.GeneratedMethodAccessor24.invoke(Unknown Source)
	at java.base/jdk.internal.reflect.DelegatingMethodAccessorImpl.invoke(DelegatingMethodAccessorImpl.java:43)
	at Выполнение бизнес-плана Сверка ПАО Россети все филиалы.Numbers(Выполнение бизнес-плана Сверка ПАО Россети все филиалы:740)
	at Выполнение бизнес-плана Сверка ПАО Россети все филиалы.Filials(Выполнение бизнес-плана Сверка ПАО Россети все филиалы:935)
	at Выполнение бизнес-плана Сверка ПАО Россети все филиалы.Numbers(Выполнение бизнес-плана Сверка ПАО Россети все филиалы:747)
	at Выполнение бизнес-плана Сверка ПАО Россети все филиалы.run(Выполнение бизнес-плана Сверка ПАО Россети все филиалы:227)
	at com.kms.katalon.core.main.ScriptEngine.run(ScriptEngine.java:194)
	at com.kms.katalon.core.main.ScriptEngine.runScriptAsRawText(ScriptEngine.java:119)
	at com.kms.katalon.core.main.TestCaseExecutor.runScript(TestCaseExecutor.java:448)
	at com.kms.katalon.core.main.TestCaseExecutor.doExecute(TestCaseExecutor.java:439)
	at com.kms.katalon.core.main.TestCaseExecutor.processExecutionPhase(TestCaseExecutor.java:418)
	at com.kms.katalon.core.main.TestCaseExecutor.accessMainPhase(TestCaseExecutor.java:410)
	at com.kms.katalon.core.main.TestCaseExecutor.execute(TestCaseExecutor.java:285)
	at com.kms.katalon.core.common.CommonExecutor.accessTestCaseMainPhase(CommonExecutor.java:65)
	at com.kms.katalon.core.main.TestSuiteExecutor.accessTestSuiteMainPhase(TestSuiteExecutor.java:150)
	at com.kms.katalon.core.main.TestSuiteExecutor.execute(TestSuiteExecutor.java:106)
	at com.kms.katalon.core.main.TestCaseMain.startTestSuite(TestCaseMain.java:180)
	at TempTestSuite1747369435659.run(TempTestSuite1747369435659.groovy:35)
	at java.base/jdk.internal.reflect.NativeMethodAccessorImpl.invoke0(Native Method)
	at java.base/jdk.internal.reflect.NativeMethodAccessorImpl.invoke(NativeMethodAccessorImpl.java:77)
	at java.base/jdk.internal.reflect.DelegatingMethodAccessorImpl.invoke(DelegatingMethodAccessorImpl.java:43)
)

16-05-2025T11:59:41 - [TEST_STEP][PASSED] - println(numberOfErrors): null

16-05-2025T11:59:41 - [TEST_STEP][PASSED] - println("a=" + a): null

16-05-2025T11:59:41 - [TEST_STEP][PASSED] - if (a == 28 || a == 77 || a == 74 || a == 65 || a == 36 || a == 44 || a == 54 || a == 1 || a == 18 || a == 59): null

16-05-2025T11:59:41 - [TEST_STEP][PASSED] - if (a == 82): null

16-05-2025T11:59:41 - [TEST_STEP][PASSED] - dZO = "Пензаэнерго": null

16-05-2025T11:59:41 - [TEST_STEP][PASSED] - a = 31: null

16-05-2025T11:59:41 - [TEST_STEP][PASSED] - if (x2.contains(dZO)): null

16-05-2025T11:59:41 - [TEST_STEP][PASSED] - filialNum = filialNum + 1: null

16-05-2025T11:59:41 - [TEST_STEP][PASSED] - Script1718980020443.Numbers(a, typeOfData, todaysDate, pageInt, fileInt, pageDouble, fileDouble, dZO, dzoNum, filialNum): null

16-05-2025T11:59:41 - [TEST_STEP][PASSED] - println(dzoNum): null

16-05-2025T11:59:41 - [TEST_STEP][PASSED] - planFact = <not implemented yet for class: org.codehaus.groovy.ast.expr.EmptyExpression>: null

16-05-2025T11:59:41 - [TEST_STEP][PASSED] - page = <not implemented yet for class: org.codehaus.groovy.ast.expr.EmptyExpression>: null

16-05-2025T11:59:41 - [TEST_STEP][PASSED] - page1 = <not implemented yet for class: org.codehaus.groovy.ast.expr.EmptyExpression>: null

16-05-2025T11:59:41 - [TEST_STEP][PASSED] - page2 = <not implemented yet for class: org.codehaus.groovy.ast.expr.EmptyExpression>: null

16-05-2025T11:59:41 - [TEST_STEP][PASSED] - filialNumberInRow = <not implemented yet for class: org.codehaus.groovy.ast.expr.EmptyExpression>: null

16-05-2025T11:59:41 - [TEST_STEP][PASSED] - filialsDzoNames = <not implemented yet for class: org.codehaus.groovy.ast.expr.EmptyExpression>: null

16-05-2025T11:59:41 - [TEST_STEP][PASSED] - numberOfFilials = <not implemented yet for class: org.codehaus.groovy.ast.expr.EmptyExpression>: null

16-05-2025T11:59:41 - [TEST_STEP][PASSED] - numberOfSpaces = <not implemented yet for class: org.codehaus.groovy.ast.expr.EmptyExpression>: null

16-05-2025T11:59:41 - [TEST_STEP][PASSED] - file = <not implemented yet for class: org.codehaus.groovy.ast.expr.EmptyExpression>: null

16-05-2025T11:59:41 - [TEST_STEP][PASSED] - otpusk = <not implemented yet for class: org.codehaus.groovy.ast.expr.EmptyExpression>: null

16-05-2025T11:59:41 - [TEST_STEP][PASSED] - poteri = <not implemented yet for class: org.codehaus.groovy.ast.expr.EmptyExpression>: null

16-05-2025T11:59:41 - [TEST_STEP][PASSED] - dataFolder = "Выполнение бизнес-плана/Значения со страницы Выполнение бизнес-плана/": null

16-05-2025T11:59:41 - [TEST_STEP][PASSED] - path = <not implemented yet for class: org.codehaus.groovy.ast.expr.EmptyExpression>: null

16-05-2025T11:59:41 - [TEST_STEP][PASSED] - typeOfDataMain = <not implemented yet for class: org.codehaus.groovy.ast.expr.EmptyExpression>: null

16-05-2025T11:59:41 - [TEST_STEP][PASSED] - fileOtpuskVSet = <not implemented yet for class: org.codehaus.groovy.ast.expr.EmptyExpression>: null

16-05-2025T11:59:41 - [TEST_STEP][PASSED] - pageOtpuskVSet = <not implemented yet for class: org.codehaus.groovy.ast.expr.EmptyExpression>: null

16-05-2025T11:59:41 - [TEST_STEP][PASSED] - filePoteri = <not implemented yet for class: org.codehaus.groovy.ast.expr.EmptyExpression>: null

16-05-2025T11:59:41 - [TEST_STEP][PASSED] - pagePoteri = <not implemented yet for class: org.codehaus.groovy.ast.expr.EmptyExpression>: null

16-05-2025T11:59:41 - [TEST_STEP][PASSED] - compare = <not implemented yet for class: org.codehaus.groovy.ast.expr.EmptyExpression>: null

16-05-2025T11:59:41 - [TEST_STEP][PASSED] - b = <not implemented yet for class: org.codehaus.groovy.ast.expr.EmptyExpression>: null

16-05-2025T11:59:41 - [TEST_STEP][PASSED] - i = <not implemented yet for class: org.codehaus.groovy.ast.expr.EmptyExpression>: null

16-05-2025T11:59:41 - [TEST_STEP][PASSED] - ii = <not implemented yet for class: org.codehaus.groovy.ast.expr.EmptyExpression>: null

16-05-2025T11:59:41 - [TEST_STEP][PASSED] - c = <not implemented yet for class: org.codehaus.groovy.ast.expr.EmptyExpression>: null

16-05-2025T11:59:41 - [TEST_STEP][PASSED] - numberOfErrors = 0: null

16-05-2025T11:59:41 - [TEST_STEP][PASSED] - if (a == 82): null

16-05-2025T11:59:41 - [TEST_STEP][PASSED] - b = findTestData("PlanFact").getValue(1, a): null

16-05-2025T11:59:41 - [TEST_STEP][PASSED] - i = b.indexOf(" (ГК)"): null

16-05-2025T11:59:41 - [TEST_STEP][PASSED] - if (i > -1): null

16-05-2025T11:59:41 - [TEST_STEP][PASSED] - i = b.indexOf("О ""): null

16-05-2025T11:59:41 - [TEST_STEP][PASSED] - if (i > -1): null

16-05-2025T11:59:41 - [TEST_STEP][PASSED] - i = b.indexOf("О «"): null

16-05-2025T11:59:41 - [TEST_STEP][PASSED] - if (i > -1): null

16-05-2025T11:59:41 - [TEST_STEP][PASSED] - i = b.indexOf("г. "): null

16-05-2025T11:59:41 - [TEST_STEP][PASSED] - if (i > -1): null

16-05-2025T11:59:41 - [TEST_STEP][PASSED] - b = b.trim(): null

16-05-2025T11:59:41 - [TEST_STEP][PASSED] - println(b): null

16-05-2025T11:59:41 - [TEST_STEP][PASSED] - for ([planFact = 1, planFact < 3, (planFact++)]): null

16-05-2025T11:59:41 - [TEST_STEP][PASSED] - if (planFact == 1): null

16-05-2025T11:59:41 - [TEST_STEP][PASSED] - typeOfDataMain = "Факт": null

16-05-2025T11:59:41 - [TEST_STEP][PASSED] - otpusk = findTestData("PlanFact").getValue(5, a): null

16-05-2025T11:59:41 - [TEST_STEP][PASSED] - poteri = findTestData("PlanFact").getValue(6, a): null

16-05-2025T11:59:41 - [TEST_STEP][PASSED] - otpusk = otpusk.replaceAll("\s+", ""): null

16-05-2025T11:59:41 - [TEST_STEP][PASSED] - poteri = poteri.replaceAll("\s+", ""): null

16-05-2025T11:59:41 - [TEST_STEP][PASSED] - typeOfData = typeOfDataMain + " Отпуск в сеть": null

16-05-2025T11:59:41 - [TEST_STEP][PASSED] - if (a == 82): null

16-05-2025T11:59:41 - [TEST_STEP][PASSED] - else if (a == 84): null

16-05-2025T11:59:41 - [TEST_STEP][PASSED] - else if (a == 83 || a == 52 || a == 72 || a == 28 || a == 73 || a == 77 || a == 74 || a == 65 || a == 36 || a == 44 || a == 53 || a == 80 || a == 54 || a == 1 || a == 18 || a == 59 || a == 81): null

16-05-2025T11:59:41 - [TEST_STEP][PASSED] - else: null

16-05-2025T11:59:41 - [TEST_STEP][PASSED] - path = dataFolder + typeOfData + " за отчётный период " + b: null

16-05-2025T11:59:41 - [TEST_STEP][PASSED] - println(path): null

16-05-2025T11:59:41 - [TEST_STEP][PASSED] - page = getText(findTestObject(path)): Text of object 'Object Repository/Выполнение бизнес-плана/Значения со страницы Выполнение бизнес-плана/Факт Отпуск в сеть за отчётный период Пензаэнерго' is: '400 272'

16-05-2025T11:59:42 - [MESSAGE][PASSED] - Text of object 'Object Repository/Выполнение бизнес-плана/Значения со страницы Выполнение бизнес-плана/Факт Отпуск в сеть за отчётный период Пензаэнерго' is: '400 272'

16-05-2025T11:59:42 - [TEST_STEP][PASSED] - if (page == "" || page == null): null

16-05-2025T11:59:42 - [TEST_STEP][PASSED] - else: null

16-05-2025T11:59:42 - [TEST_STEP][PASSED] - page = page.replaceAll("\s+", ""): null

16-05-2025T11:59:42 - [TEST_STEP][PASSED] - if (page == "undefined"): null

16-05-2025T11:59:42 - [TEST_STEP][PASSED] - fileOtpuskVSet = otpusk.toInteger(): null

16-05-2025T11:59:42 - [TEST_STEP][PASSED] - pageOtpuskVSet = page.toInteger(): null

16-05-2025T11:59:42 - [TEST_STEP][PASSED] - typeOfData = typeOfDataMain + " Потери": null

16-05-2025T11:59:42 - [TEST_STEP][PASSED] - if (a == 82): null

16-05-2025T11:59:42 - [TEST_STEP][PASSED] - else if (a == 84): null

16-05-2025T11:59:42 - [TEST_STEP][PASSED] - else if (a == 83 || a == 52 || a == 72 || a == 28 || a == 73 || a == 77 || a == 74 || a == 65 || a == 36 || a == 44 || a == 53 || a == 80 || a == 54 || a == 1 || a == 18 || a == 59 || a == 81): null

16-05-2025T11:59:42 - [TEST_STEP][PASSED] - else: null

16-05-2025T11:59:42 - [TEST_STEP][PASSED] - path = dataFolder + typeOfData + " за отчётный период " + b: null

16-05-2025T11:59:42 - [TEST_STEP][PASSED] - page = getText(findTestObject(path)): Text of object 'Object Repository/Выполнение бизнес-плана/Значения со страницы Выполнение бизнес-плана/Факт Потери за отчётный период Пензаэнерго' is: '30 811'

16-05-2025T11:59:42 - [MESSAGE][PASSED] - Text of object 'Object Repository/Выполнение бизнес-плана/Значения со страницы Выполнение бизнес-плана/Факт Потери за отчётный период Пензаэнерго' is: '30 811'

16-05-2025T11:59:42 - [TEST_STEP][PASSED] - if (page == "" || page == null): null

16-05-2025T11:59:42 - [TEST_STEP][PASSED] - else: null

16-05-2025T11:59:42 - [TEST_STEP][PASSED] - page = page.replaceAll("\s+", ""): null

16-05-2025T11:59:42 - [TEST_STEP][PASSED] - if (page == "undefined"): null

16-05-2025T11:59:42 - [TEST_STEP][PASSED] - filePoteri = poteri.toInteger(): null

16-05-2025T11:59:42 - [TEST_STEP][PASSED] - pagePoteri = page.toInteger(): null

16-05-2025T11:59:42 - [TEST_STEP][PASSED] - compare = pageOtpuskVSet: null

16-05-2025T11:59:42 - [TEST_STEP][PASSED] - if (pageOtpuskVSet != null): null

16-05-2025T11:59:42 - [TEST_STEP][PASSED] - if (compare == fileOtpuskVSet): null

16-05-2025T11:59:42 - [TEST_STEP][PASSED] - else if (compare > fileOtpuskVSet): null

16-05-2025T11:59:42 - [TEST_STEP][PASSED] - else if (compare < fileOtpuskVSet): null

16-05-2025T11:59:42 - [TEST_STEP][PASSED] - compare = compare + 1: null

16-05-2025T11:59:42 - [TEST_STEP][PASSED] - if (compare == fileOtpuskVSet): null

16-05-2025T11:59:42 - [TEST_STEP][PASSED] - else: null

16-05-2025T11:59:42 - [TEST_STEP][PASSED] - numberOfErrors = numberOfErrors + 1: null

16-05-2025T11:59:42 - [TEST_STEP][PASSED] - pageInt = pageOtpuskVSet: null

16-05-2025T11:59:42 - [TEST_STEP][PASSED] - fileInt = fileOtpuskVSet: null

16-05-2025T11:59:42 - [TEST_STEP][PASSED] - typeOfData = typeOfDataMain + " Отпуск в сеть": null

16-05-2025T11:59:42 - [TEST_STEP][PASSED] - Script1718980020443.WriteToExcel(a, typeOfData, todaysDate, pageInt, fileInt, pageDouble, fileDouble, dZO): null

16-05-2025T11:59:42 - [TEST_STEP][PASSED] - sheetName = "Sheet1": null

16-05-2025T11:59:42 - [TEST_STEP][PASSED] - data = findTestData("PlanFact"): null

16-05-2025T11:59:42 - [TEST_STEP][PASSED] - n = data.getRowNumbers() + 1: null

16-05-2025T11:59:42 - [TEST_STEP][PASSED] - day = ")).toInteger(): null

16-05-2025T11:59:42 - [TEST_STEP][PASSED] - println(day): null

16-05-2025T11:59:42 - [TEST_STEP][PASSED] - month = ")).toInteger(): null

16-05-2025T11:59:42 - [TEST_STEP][PASSED] - println(month): null

16-05-2025T11:59:42 - [TEST_STEP][PASSED] - y = <not implemented yet for class: org.codehaus.groovy.ast.expr.EmptyExpression>: null

16-05-2025T11:59:42 - [TEST_STEP][PASSED] - iy = <not implemented yet for class: org.codehaus.groovy.ast.expr.EmptyExpression>: null

16-05-2025T11:59:42 - [TEST_STEP][PASSED] - m = getText(findTestObject("Выполнение бизнес-плана/Период")): Text of object 'Object Repository/Выполнение бизнес-плана/Период' is: '1 кв. 2025 года'

16-05-2025T11:59:42 - [MESSAGE][PASSED] - Text of object 'Object Repository/Выполнение бизнес-плана/Период' is: '1 кв. 2025 года'

16-05-2025T11:59:42 - [TEST_STEP][PASSED] - iy = m.indexOf("20"): null

16-05-2025T11:59:42 - [TEST_STEP][PASSED] - if (iy > -1): null

16-05-2025T11:59:42 - [TEST_STEP][PASSED] - y = substring(iy, iy + 4).toInteger(): null

16-05-2025T11:59:42 - [TEST_STEP][PASSED] - println(y): null

16-05-2025T11:59:42 - [TEST_STEP][PASSED] - if (toString().length() == 4): null

16-05-2025T11:59:42 - [TEST_STEP][PASSED] - m = m.substring(0, m.indexOf(y.toString())): null

16-05-2025T11:59:42 - [TEST_STEP][PASSED] - m = m.trim(): null

16-05-2025T11:59:42 - [TEST_STEP][PASSED] - if (m == ""): null

16-05-2025T11:59:42 - [TEST_STEP][PASSED] - dashboardName = "Выполнение бизнес-плана": null

16-05-2025T11:59:42 - [TEST_STEP][PASSED] - workbook01 = getWorkbook(excelFilePath): null

16-05-2025T11:59:42 - [TEST_STEP][PASSED] - sheet01 = getExcelSheet(workbook01, sheetName): null

16-05-2025T11:59:42 - [TEST_STEP][PASSED] - setValueToCellByIndex(sheet01, n, 0, dashboardName): null

16-05-2025T11:59:42 - [TEST_STEP][PASSED] - setValueToCellByIndex(sheet01, n, 1, dZO): null

16-05-2025T11:59:42 - [TEST_STEP][PASSED] - setValueToCellByIndex(sheet01, n, 2, typeOfData): null

16-05-2025T11:59:42 - [TEST_STEP][PASSED] - if (typeOfData == "Факт в процентах" || typeOfData == "План в процентах"): null

16-05-2025T11:59:42 - [TEST_STEP][PASSED] - else: null

16-05-2025T11:59:42 - [TEST_STEP][PASSED] - setValueToCellByIndex(sheet01, n, 3, fileInt): null

16-05-2025T11:59:42 - [TEST_STEP][PASSED] - setValueToCellByIndex(sheet01, n, 4, pageInt): null

16-05-2025T11:59:42 - [TEST_STEP][PASSED] - setValueToCellByIndex(sheet01, n, 5, m): null

16-05-2025T11:59:42 - [TEST_STEP][PASSED] - setValueToCellByIndex(sheet01, n, 6, y): null

16-05-2025T11:59:42 - [TEST_STEP][PASSED] - setValueToCellByIndex(sheet01, n, 7, todaysDate): null

16-05-2025T11:59:42 - [TEST_STEP][PASSED] - n = n + 1: null

16-05-2025T11:59:42 - [TEST_STEP][PASSED] - saveWorkbook(excelFilePath, workbook01): null

16-05-2025T11:59:42 - [TEST_STEP][PASSED] - compare = pagePoteri: null

16-05-2025T11:59:42 - [TEST_STEP][PASSED] - if (pageOtpuskVSet != null): null

16-05-2025T11:59:42 - [TEST_STEP][PASSED] - if (compare == filePoteri): null

16-05-2025T11:59:42 - [TEST_STEP][PASSED] - else if (compare > filePoteri): null

16-05-2025T11:59:42 - [TEST_STEP][PASSED] - else if (compare < filePoteri): null

16-05-2025T11:59:42 - [TEST_STEP][PASSED] - compare = compare + 1: null

16-05-2025T11:59:42 - [TEST_STEP][PASSED] - if (compare == filePoteri): null

16-05-2025T11:59:42 - [TEST_STEP][PASSED] - else: null

16-05-2025T11:59:42 - [TEST_STEP][PASSED] - numberOfErrors = numberOfErrors + 1: null

16-05-2025T11:59:42 - [TEST_STEP][PASSED] - pageInt = pagePoteri: null

16-05-2025T11:59:42 - [TEST_STEP][PASSED] - fileInt = filePoteri: null

16-05-2025T11:59:42 - [TEST_STEP][PASSED] - typeOfData = typeOfDataMain + " Потери": null

16-05-2025T11:59:42 - [TEST_STEP][PASSED] - Script1718980020443.WriteToExcel(a, typeOfData, todaysDate, pageInt, fileInt, pageDouble, fileDouble, dZO): null

16-05-2025T11:59:42 - [TEST_STEP][PASSED] - sheetName = "Sheet1": null

16-05-2025T11:59:42 - [TEST_STEP][PASSED] - data = findTestData("PlanFact"): null

16-05-2025T11:59:43 - [TEST_STEP][PASSED] - n = data.getRowNumbers() + 1: null

16-05-2025T11:59:43 - [TEST_STEP][PASSED] - day = ")).toInteger(): null

16-05-2025T11:59:43 - [TEST_STEP][PASSED] - println(day): null

16-05-2025T11:59:43 - [TEST_STEP][PASSED] - month = ")).toInteger(): null

16-05-2025T11:59:43 - [TEST_STEP][PASSED] - println(month): null

16-05-2025T11:59:43 - [TEST_STEP][PASSED] - y = <not implemented yet for class: org.codehaus.groovy.ast.expr.EmptyExpression>: null

16-05-2025T11:59:43 - [TEST_STEP][PASSED] - iy = <not implemented yet for class: org.codehaus.groovy.ast.expr.EmptyExpression>: null

16-05-2025T11:59:43 - [TEST_STEP][PASSED] - m = getText(findTestObject("Выполнение бизнес-плана/Период")): Text of object 'Object Repository/Выполнение бизнес-плана/Период' is: '1 кв. 2025 года'

16-05-2025T11:59:43 - [MESSAGE][PASSED] - Text of object 'Object Repository/Выполнение бизнес-плана/Период' is: '1 кв. 2025 года'

16-05-2025T11:59:43 - [TEST_STEP][PASSED] - iy = m.indexOf("20"): null

16-05-2025T11:59:43 - [TEST_STEP][PASSED] - if (iy > -1): null

16-05-2025T11:59:43 - [TEST_STEP][PASSED] - y = substring(iy, iy + 4).toInteger(): null

16-05-2025T11:59:43 - [TEST_STEP][PASSED] - println(y): null

16-05-2025T11:59:43 - [TEST_STEP][PASSED] - if (toString().length() == 4): null

16-05-2025T11:59:43 - [TEST_STEP][PASSED] - m = m.substring(0, m.indexOf(y.toString())): null

16-05-2025T11:59:43 - [TEST_STEP][PASSED] - m = m.trim(): null

16-05-2025T11:59:43 - [TEST_STEP][PASSED] - if (m == ""): null

16-05-2025T11:59:43 - [TEST_STEP][PASSED] - dashboardName = "Выполнение бизнес-плана": null

16-05-2025T11:59:43 - [TEST_STEP][PASSED] - workbook01 = getWorkbook(excelFilePath): null

16-05-2025T11:59:43 - [TEST_STEP][PASSED] - sheet01 = getExcelSheet(workbook01, sheetName): null

16-05-2025T11:59:43 - [TEST_STEP][PASSED] - setValueToCellByIndex(sheet01, n, 0, dashboardName): null

16-05-2025T11:59:43 - [TEST_STEP][PASSED] - setValueToCellByIndex(sheet01, n, 1, dZO): null

16-05-2025T11:59:43 - [TEST_STEP][PASSED] - setValueToCellByIndex(sheet01, n, 2, typeOfData): null

16-05-2025T11:59:43 - [TEST_STEP][PASSED] - if (typeOfData == "Факт в процентах" || typeOfData == "План в процентах"): null

16-05-2025T11:59:43 - [TEST_STEP][PASSED] - else: null

16-05-2025T11:59:43 - [TEST_STEP][PASSED] - setValueToCellByIndex(sheet01, n, 3, fileInt): null

16-05-2025T11:59:43 - [TEST_STEP][PASSED] - setValueToCellByIndex(sheet01, n, 4, pageInt): null

16-05-2025T11:59:43 - [TEST_STEP][PASSED] - setValueToCellByIndex(sheet01, n, 5, m): null

16-05-2025T11:59:43 - [TEST_STEP][PASSED] - setValueToCellByIndex(sheet01, n, 6, y): null

16-05-2025T11:59:43 - [TEST_STEP][PASSED] - setValueToCellByIndex(sheet01, n, 7, todaysDate): null

16-05-2025T11:59:43 - [TEST_STEP][PASSED] - n = n + 1: null

16-05-2025T11:59:43 - [TEST_STEP][PASSED] - saveWorkbook(excelFilePath, workbook01): null

16-05-2025T11:59:43 - [TEST_STEP][PASSED] - if (planFact == 2): null

16-05-2025T11:59:43 - [TEST_STEP][PASSED] - if (planFact == 1): null

16-05-2025T11:59:43 - [TEST_STEP][PASSED] - else if (planFact == 2): null

16-05-2025T11:59:43 - [TEST_STEP][PASSED] - click(findTestObject("Выполнение бизнес-плана/Кнопка План")): Object: 'Object Repository/Выполнение бизнес-плана/Кнопка План' is clicked on

16-05-2025T11:59:43 - [MESSAGE][PASSED] - Object: 'Object Repository/Выполнение бизнес-плана/Кнопка План' is clicked on

16-05-2025T11:59:43 - [TEST_STEP][PASSED] - typeOfDataMain = "План": null

16-05-2025T11:59:43 - [TEST_STEP][PASSED] - otpusk = findTestData("PlanFact").getValue(2, a): null

16-05-2025T11:59:43 - [TEST_STEP][PASSED] - poteri = findTestData("PlanFact").getValue(3, a): null

16-05-2025T11:59:44 - [TEST_STEP][PASSED] - otpusk = otpusk.replaceAll("\s+", ""): null

16-05-2025T11:59:44 - [TEST_STEP][PASSED] - poteri = poteri.replaceAll("\s+", ""): null

16-05-2025T11:59:44 - [TEST_STEP][PASSED] - typeOfData = typeOfDataMain + " Отпуск в сеть": null

16-05-2025T11:59:44 - [TEST_STEP][PASSED] - if (a == 82): null

16-05-2025T11:59:44 - [TEST_STEP][PASSED] - else if (a == 84): null

16-05-2025T11:59:44 - [TEST_STEP][PASSED] - else if (a == 83 || a == 52 || a == 72 || a == 28 || a == 73 || a == 77 || a == 74 || a == 65 || a == 36 || a == 44 || a == 53 || a == 80 || a == 54 || a == 1 || a == 18 || a == 59 || a == 81): null

16-05-2025T11:59:44 - [TEST_STEP][PASSED] - else: null

16-05-2025T11:59:44 - [TEST_STEP][PASSED] - path = dataFolder + typeOfData + " за отчётный период " + b: null

16-05-2025T11:59:44 - [TEST_STEP][PASSED] - println(path): null

16-05-2025T11:59:44 - [TEST_STEP][PASSED] - page = getText(findTestObject(path)): Text of object 'Object Repository/Выполнение бизнес-плана/Значения со страницы Выполнение бизнес-плана/План Отпуск в сеть за отчётный период Пензаэнерго' is: '419 717'

16-05-2025T11:59:44 - [MESSAGE][PASSED] - Text of object 'Object Repository/Выполнение бизнес-плана/Значения со страницы Выполнение бизнес-плана/План Отпуск в сеть за отчётный период Пензаэнерго' is: '419 717'

16-05-2025T11:59:44 - [TEST_STEP][PASSED] - if (page == "" || page == null): null

16-05-2025T11:59:44 - [TEST_STEP][PASSED] - else: null

16-05-2025T11:59:44 - [TEST_STEP][PASSED] - page = page.replaceAll("\s+", ""): null

16-05-2025T11:59:44 - [TEST_STEP][PASSED] - if (page == "undefined"): null

16-05-2025T11:59:44 - [TEST_STEP][PASSED] - fileOtpuskVSet = otpusk.toInteger(): null

16-05-2025T11:59:44 - [TEST_STEP][PASSED] - pageOtpuskVSet = page.toInteger(): null

16-05-2025T11:59:44 - [TEST_STEP][PASSED] - typeOfData = typeOfDataMain + " Потери": null

16-05-2025T11:59:44 - [TEST_STEP][PASSED] - if (a == 82): null

16-05-2025T11:59:44 - [TEST_STEP][PASSED] - else if (a == 84): null

16-05-2025T11:59:44 - [TEST_STEP][PASSED] - else if (a == 83 || a == 52 || a == 72 || a == 28 || a == 73 || a == 77 || a == 74 || a == 65 || a == 36 || a == 44 || a == 53 || a == 80 || a == 54 || a == 1 || a == 18 || a == 59 || a == 81): null

16-05-2025T11:59:44 - [TEST_STEP][PASSED] - else: null

16-05-2025T11:59:44 - [TEST_STEP][PASSED] - path = dataFolder + typeOfData + " за отчётный период " + b: null

16-05-2025T11:59:44 - [TEST_STEP][PASSED] - page = getText(findTestObject(path)): Text of object 'Object Repository/Выполнение бизнес-плана/Значения со страницы Выполнение бизнес-плана/План Потери за отчётный период Пензаэнерго' is: '36 456'

16-05-2025T11:59:44 - [MESSAGE][PASSED] - Text of object 'Object Repository/Выполнение бизнес-плана/Значения со страницы Выполнение бизнес-плана/План Потери за отчётный период Пензаэнерго' is: '36 456'

16-05-2025T11:59:44 - [TEST_STEP][PASSED] - if (page == "" || page == null): null

16-05-2025T11:59:44 - [TEST_STEP][PASSED] - else: null

16-05-2025T11:59:44 - [TEST_STEP][PASSED] - page = page.replaceAll("\s+", ""): null

16-05-2025T11:59:44 - [TEST_STEP][PASSED] - if (page == "undefined"): null

16-05-2025T11:59:44 - [TEST_STEP][PASSED] - filePoteri = poteri.toInteger(): null

16-05-2025T11:59:44 - [TEST_STEP][PASSED] - pagePoteri = page.toInteger(): null

16-05-2025T11:59:44 - [TEST_STEP][PASSED] - compare = pageOtpuskVSet: null

16-05-2025T11:59:44 - [TEST_STEP][PASSED] - if (pageOtpuskVSet != null): null

16-05-2025T11:59:44 - [TEST_STEP][PASSED] - if (compare == fileOtpuskVSet): null

16-05-2025T11:59:44 - [TEST_STEP][PASSED] - else if (compare > fileOtpuskVSet): null

16-05-2025T11:59:44 - [TEST_STEP][PASSED] - else if (compare < fileOtpuskVSet): null

16-05-2025T11:59:44 - [TEST_STEP][PASSED] - compare = compare + 1: null

16-05-2025T11:59:44 - [TEST_STEP][PASSED] - if (compare == fileOtpuskVSet): null

16-05-2025T11:59:44 - [TEST_STEP][PASSED] - else: null

16-05-2025T11:59:44 - [TEST_STEP][PASSED] - numberOfErrors = numberOfErrors + 1: null

16-05-2025T11:59:44 - [TEST_STEP][PASSED] - pageInt = pageOtpuskVSet: null

16-05-2025T11:59:44 - [TEST_STEP][PASSED] - fileInt = fileOtpuskVSet: null

16-05-2025T11:59:44 - [TEST_STEP][PASSED] - typeOfData = typeOfDataMain + " Отпуск в сеть": null

16-05-2025T11:59:44 - [TEST_STEP][PASSED] - Script1718980020443.WriteToExcel(a, typeOfData, todaysDate, pageInt, fileInt, pageDouble, fileDouble, dZO): null

16-05-2025T11:59:44 - [TEST_STEP][PASSED] - sheetName = "Sheet1": null

16-05-2025T11:59:44 - [TEST_STEP][PASSED] - data = findTestData("PlanFact"): null

16-05-2025T11:59:44 - [TEST_STEP][PASSED] - n = data.getRowNumbers() + 1: null

16-05-2025T11:59:44 - [TEST_STEP][PASSED] - day = ")).toInteger(): null

16-05-2025T11:59:44 - [TEST_STEP][PASSED] - println(day): null

16-05-2025T11:59:44 - [TEST_STEP][PASSED] - month = ")).toInteger(): null

16-05-2025T11:59:44 - [TEST_STEP][PASSED] - println(month): null

16-05-2025T11:59:44 - [TEST_STEP][PASSED] - y = <not implemented yet for class: org.codehaus.groovy.ast.expr.EmptyExpression>: null

16-05-2025T11:59:44 - [TEST_STEP][PASSED] - iy = <not implemented yet for class: org.codehaus.groovy.ast.expr.EmptyExpression>: null

16-05-2025T11:59:44 - [TEST_STEP][PASSED] - m = getText(findTestObject("Выполнение бизнес-плана/Период")): Text of object 'Object Repository/Выполнение бизнес-плана/Период' is: '1 кв. 2025 года'

16-05-2025T11:59:44 - [MESSAGE][PASSED] - Text of object 'Object Repository/Выполнение бизнес-плана/Период' is: '1 кв. 2025 года'

16-05-2025T11:59:44 - [TEST_STEP][PASSED] - iy = m.indexOf("20"): null

16-05-2025T11:59:44 - [TEST_STEP][PASSED] - if (iy > -1): null

16-05-2025T11:59:44 - [TEST_STEP][PASSED] - y = substring(iy, iy + 4).toInteger(): null

16-05-2025T11:59:44 - [TEST_STEP][PASSED] - println(y): null

16-05-2025T11:59:44 - [TEST_STEP][PASSED] - if (toString().length() == 4): null

16-05-2025T11:59:44 - [TEST_STEP][PASSED] - m = m.substring(0, m.indexOf(y.toString())): null

16-05-2025T11:59:44 - [TEST_STEP][PASSED] - m = m.trim(): null

16-05-2025T11:59:44 - [TEST_STEP][PASSED] - if (m == ""): null

16-05-2025T11:59:44 - [TEST_STEP][PASSED] - dashboardName = "Выполнение бизнес-плана": null

16-05-2025T11:59:44 - [TEST_STEP][PASSED] - workbook01 = getWorkbook(excelFilePath): null

16-05-2025T11:59:45 - [TEST_STEP][PASSED] - sheet01 = getExcelSheet(workbook01, sheetName): null

16-05-2025T11:59:45 - [TEST_STEP][PASSED] - setValueToCellByIndex(sheet01, n, 0, dashboardName): null

16-05-2025T11:59:45 - [TEST_STEP][PASSED] - setValueToCellByIndex(sheet01, n, 1, dZO): null

16-05-2025T11:59:45 - [TEST_STEP][PASSED] - setValueToCellByIndex(sheet01, n, 2, typeOfData): null

16-05-2025T11:59:45 - [TEST_STEP][PASSED] - if (typeOfData == "Факт в процентах" || typeOfData == "План в процентах"): null

16-05-2025T11:59:45 - [TEST_STEP][PASSED] - else: null

16-05-2025T11:59:45 - [TEST_STEP][PASSED] - setValueToCellByIndex(sheet01, n, 3, fileInt): null

16-05-2025T11:59:45 - [TEST_STEP][PASSED] - setValueToCellByIndex(sheet01, n, 4, pageInt): null

16-05-2025T11:59:45 - [TEST_STEP][PASSED] - setValueToCellByIndex(sheet01, n, 5, m): null

16-05-2025T11:59:45 - [TEST_STEP][PASSED] - setValueToCellByIndex(sheet01, n, 6, y): null

16-05-2025T11:59:45 - [TEST_STEP][PASSED] - setValueToCellByIndex(sheet01, n, 7, todaysDate): null

16-05-2025T11:59:45 - [TEST_STEP][PASSED] - n = n + 1: null

16-05-2025T11:59:45 - [TEST_STEP][PASSED] - saveWorkbook(excelFilePath, workbook01): null

16-05-2025T11:59:45 - [TEST_STEP][PASSED] - compare = pagePoteri: null

16-05-2025T11:59:45 - [TEST_STEP][PASSED] - if (pageOtpuskVSet != null): null

16-05-2025T11:59:45 - [TEST_STEP][PASSED] - if (compare == filePoteri): null

16-05-2025T11:59:45 - [TEST_STEP][PASSED] - else if (compare > filePoteri): null

16-05-2025T11:59:45 - [TEST_STEP][PASSED] - else if (compare < filePoteri): null

16-05-2025T11:59:45 - [TEST_STEP][PASSED] - compare = compare + 1: null

16-05-2025T11:59:45 - [TEST_STEP][PASSED] - if (compare == filePoteri): null

16-05-2025T11:59:45 - [TEST_STEP][PASSED] - else: null

16-05-2025T11:59:45 - [TEST_STEP][PASSED] - numberOfErrors = numberOfErrors + 1: null

16-05-2025T11:59:45 - [TEST_STEP][PASSED] - pageInt = pagePoteri: null

16-05-2025T11:59:45 - [TEST_STEP][PASSED] - fileInt = filePoteri: null

16-05-2025T11:59:45 - [TEST_STEP][PASSED] - typeOfData = typeOfDataMain + " Потери": null

16-05-2025T11:59:45 - [TEST_STEP][PASSED] - Script1718980020443.WriteToExcel(a, typeOfData, todaysDate, pageInt, fileInt, pageDouble, fileDouble, dZO): null

16-05-2025T11:59:45 - [TEST_STEP][PASSED] - sheetName = "Sheet1": null

16-05-2025T11:59:45 - [TEST_STEP][PASSED] - data = findTestData("PlanFact"): null

16-05-2025T11:59:45 - [TEST_STEP][PASSED] - n = data.getRowNumbers() + 1: null

16-05-2025T11:59:45 - [TEST_STEP][PASSED] - day = ")).toInteger(): null

16-05-2025T11:59:45 - [TEST_STEP][PASSED] - println(day): null

16-05-2025T11:59:45 - [TEST_STEP][PASSED] - month = ")).toInteger(): null

16-05-2025T11:59:45 - [TEST_STEP][PASSED] - println(month): null

16-05-2025T11:59:45 - [TEST_STEP][PASSED] - y = <not implemented yet for class: org.codehaus.groovy.ast.expr.EmptyExpression>: null

16-05-2025T11:59:45 - [TEST_STEP][PASSED] - iy = <not implemented yet for class: org.codehaus.groovy.ast.expr.EmptyExpression>: null

16-05-2025T11:59:45 - [TEST_STEP][PASSED] - m = getText(findTestObject("Выполнение бизнес-плана/Период")): Text of object 'Object Repository/Выполнение бизнес-плана/Период' is: '1 кв. 2025 года'

16-05-2025T11:59:45 - [MESSAGE][PASSED] - Text of object 'Object Repository/Выполнение бизнес-плана/Период' is: '1 кв. 2025 года'

16-05-2025T11:59:45 - [TEST_STEP][PASSED] - iy = m.indexOf("20"): null

16-05-2025T11:59:45 - [TEST_STEP][PASSED] - if (iy > -1): null

16-05-2025T11:59:45 - [TEST_STEP][PASSED] - y = substring(iy, iy + 4).toInteger(): null

16-05-2025T11:59:45 - [TEST_STEP][PASSED] - println(y): null

16-05-2025T11:59:45 - [TEST_STEP][PASSED] - if (toString().length() == 4): null

16-05-2025T11:59:45 - [TEST_STEP][PASSED] - m = m.substring(0, m.indexOf(y.toString())): null

16-05-2025T11:59:45 - [TEST_STEP][PASSED] - m = m.trim(): null

16-05-2025T11:59:45 - [TEST_STEP][PASSED] - if (m == ""): null

16-05-2025T11:59:45 - [TEST_STEP][PASSED] - dashboardName = "Выполнение бизнес-плана": null

16-05-2025T11:59:45 - [TEST_STEP][PASSED] - workbook01 = getWorkbook(excelFilePath): null

16-05-2025T11:59:45 - [TEST_STEP][PASSED] - sheet01 = getExcelSheet(workbook01, sheetName): null

16-05-2025T11:59:45 - [TEST_STEP][PASSED] - setValueToCellByIndex(sheet01, n, 0, dashboardName): null

16-05-2025T11:59:45 - [TEST_STEP][PASSED] - setValueToCellByIndex(sheet01, n, 1, dZO): null

16-05-2025T11:59:45 - [TEST_STEP][PASSED] - setValueToCellByIndex(sheet01, n, 2, typeOfData): null

16-05-2025T11:59:45 - [TEST_STEP][PASSED] - if (typeOfData == "Факт в процентах" || typeOfData == "План в процентах"): null

16-05-2025T11:59:45 - [TEST_STEP][PASSED] - else: null

16-05-2025T11:59:45 - [TEST_STEP][PASSED] - setValueToCellByIndex(sheet01, n, 3, fileInt): null

16-05-2025T11:59:45 - [TEST_STEP][PASSED] - setValueToCellByIndex(sheet01, n, 4, pageInt): null

16-05-2025T11:59:45 - [TEST_STEP][PASSED] - setValueToCellByIndex(sheet01, n, 5, m): null

16-05-2025T11:59:45 - [TEST_STEP][PASSED] - setValueToCellByIndex(sheet01, n, 6, y): null

16-05-2025T11:59:45 - [TEST_STEP][PASSED] - setValueToCellByIndex(sheet01, n, 7, todaysDate): null

16-05-2025T11:59:45 - [TEST_STEP][PASSED] - n = n + 1: null

16-05-2025T11:59:45 - [TEST_STEP][PASSED] - saveWorkbook(excelFilePath, workbook01): Object: 'Object Repository/Выполнение бизнес-плана/Кнопка Факт' is clicked on

16-05-2025T11:59:45 - [TEST_STEP][PASSED] - if (planFact == 2): Object: 'Object Repository/Выполнение бизнес-плана/Кнопка Факт' is clicked on

16-05-2025T11:59:45 - [TEST_STEP][PASSED] - click(findTestObject("Выполнение бизнес-плана/Кнопка Факт")): Object: 'Object Repository/Выполнение бизнес-плана/Кнопка Факт' is clicked on

16-05-2025T11:59:46 - [MESSAGE][PASSED] - Object: 'Object Repository/Выполнение бизнес-плана/Кнопка Факт' is clicked on

16-05-2025T11:59:46 - [TEST_STEP][PASSED] - println("a=" + a): null

16-05-2025T11:59:46 - [TEST_STEP][PASSED] - if (a == 84 || a == 82): null

16-05-2025T11:59:46 - [TEST_STEP][PASSED] - else if (a == 83 || a == 52 || a == 72 || a == 28 || a == 73 || a == 77 || a == 74 || a == 65 || a == 36 || a == 44 || a == 53 || a == 80 || a == 54 || a == 1 || a == 18 || a == 59 || a == 81): null

16-05-2025T11:59:46 - [TEST_STEP][PASSED] - else: null

16-05-2025T11:59:46 - [TEST_STEP][PASSED] - page1 = getText(findTestObject("Object Repository/Выполнение бизнес-плана/spanPlan" + filialNum)): Text of object 'Object Repository/Выполнение бизнес-плана/spanPlan3' is: '8.69
|'

16-05-2025T11:59:46 - [MESSAGE][PASSED] - Text of object 'Object Repository/Выполнение бизнес-плана/spanPlan3' is: '8.69
|'

16-05-2025T11:59:46 - [TEST_STEP][PASSED] - page1 = page1.replace("|", ""): null

16-05-2025T11:59:46 - [TEST_STEP][PASSED] - page2 = getText(findTestObject("Object Repository/Выполнение бизнес-плана/spanFact" + filialNum)): Text of object 'Object Repository/Выполнение бизнес-плана/spanFact3' is: '7.70
|'

16-05-2025T11:59:46 - [MESSAGE][PASSED] - Text of object 'Object Repository/Выполнение бизнес-плана/spanFact3' is: '7.70
|'

16-05-2025T11:59:46 - [TEST_STEP][PASSED] - page2 = page2.replace("|", ""): null

16-05-2025T11:59:46 - [TEST_STEP][PASSED] - println("page1: " + page1): null

16-05-2025T11:59:46 - [TEST_STEP][PASSED] - println("page2: " + page2): null

16-05-2025T11:59:46 - [TEST_STEP][PASSED] - file = findTestData("PlanFact").getValue(4, a): null

16-05-2025T11:59:46 - [TEST_STEP][PASSED] - file = file.replace(",", "."): null

16-05-2025T11:59:46 - [TEST_STEP][PASSED] - println("file Plan: " + file): null

16-05-2025T11:59:46 - [TEST_STEP][PASSED] - typeOfData = "План в процентах": null

16-05-2025T11:59:46 - [TEST_STEP][PASSED] - fileDouble = file.toDouble(): null

16-05-2025T11:59:46 - [TEST_STEP][PASSED] - pageDouble = page1.toDouble(): null

16-05-2025T11:59:46 - [TEST_STEP][PASSED] - if (fileDouble != pageDouble): null

16-05-2025T11:59:46 - [TEST_STEP][PASSED] - numberOfErrors = numberOfErrors + 1: null

16-05-2025T11:59:46 - [TEST_STEP][PASSED] - Script1718980020443.WriteToExcel(a, typeOfData, todaysDate, pageInt, fileInt, pageDouble, fileDouble, dZO): null

16-05-2025T11:59:46 - [TEST_STEP][PASSED] - sheetName = "Sheet1": null

16-05-2025T11:59:46 - [TEST_STEP][PASSED] - data = findTestData("PlanFact"): null

16-05-2025T11:59:46 - [TEST_STEP][PASSED] - n = data.getRowNumbers() + 1: null

16-05-2025T11:59:46 - [TEST_STEP][PASSED] - day = ")).toInteger(): null

16-05-2025T11:59:46 - [TEST_STEP][PASSED] - println(day): null

16-05-2025T11:59:46 - [TEST_STEP][PASSED] - month = ")).toInteger(): null

16-05-2025T11:59:46 - [TEST_STEP][PASSED] - println(month): null

16-05-2025T11:59:46 - [TEST_STEP][PASSED] - y = <not implemented yet for class: org.codehaus.groovy.ast.expr.EmptyExpression>: null

16-05-2025T11:59:46 - [TEST_STEP][PASSED] - iy = <not implemented yet for class: org.codehaus.groovy.ast.expr.EmptyExpression>: null

16-05-2025T11:59:46 - [TEST_STEP][PASSED] - m = getText(findTestObject("Выполнение бизнес-плана/Период")): Text of object 'Object Repository/Выполнение бизнес-плана/Период' is: '1 кв. 2025 года'

16-05-2025T11:59:47 - [MESSAGE][PASSED] - Text of object 'Object Repository/Выполнение бизнес-плана/Период' is: '1 кв. 2025 года'

16-05-2025T11:59:47 - [TEST_STEP][PASSED] - iy = m.indexOf("20"): null

16-05-2025T11:59:47 - [TEST_STEP][PASSED] - if (iy > -1): null

16-05-2025T11:59:47 - [TEST_STEP][PASSED] - y = substring(iy, iy + 4).toInteger(): null

16-05-2025T11:59:47 - [TEST_STEP][PASSED] - println(y): null

16-05-2025T11:59:47 - [TEST_STEP][PASSED] - if (toString().length() == 4): null

16-05-2025T11:59:47 - [TEST_STEP][PASSED] - m = m.substring(0, m.indexOf(y.toString())): null

16-05-2025T11:59:47 - [TEST_STEP][PASSED] - m = m.trim(): null

16-05-2025T11:59:47 - [TEST_STEP][PASSED] - if (m == ""): null

16-05-2025T11:59:47 - [TEST_STEP][PASSED] - dashboardName = "Выполнение бизнес-плана": null

16-05-2025T11:59:47 - [TEST_STEP][PASSED] - workbook01 = getWorkbook(excelFilePath): null

16-05-2025T11:59:47 - [TEST_STEP][PASSED] - sheet01 = getExcelSheet(workbook01, sheetName): null

16-05-2025T11:59:47 - [TEST_STEP][PASSED] - setValueToCellByIndex(sheet01, n, 0, dashboardName): null

16-05-2025T11:59:47 - [TEST_STEP][PASSED] - setValueToCellByIndex(sheet01, n, 1, dZO): null

16-05-2025T11:59:47 - [TEST_STEP][PASSED] - setValueToCellByIndex(sheet01, n, 2, typeOfData): null

16-05-2025T11:59:47 - [TEST_STEP][PASSED] - if (typeOfData == "Факт в процентах" || typeOfData == "План в процентах"): null

16-05-2025T11:59:47 - [TEST_STEP][PASSED] - setValueToCellByIndex(sheet01, n, 3, fileDouble): null

16-05-2025T11:59:47 - [TEST_STEP][PASSED] - setValueToCellByIndex(sheet01, n, 4, pageDouble): null

16-05-2025T11:59:47 - [TEST_STEP][PASSED] - setValueToCellByIndex(sheet01, n, 5, m): null

16-05-2025T11:59:47 - [TEST_STEP][PASSED] - setValueToCellByIndex(sheet01, n, 6, y): null

16-05-2025T11:59:47 - [TEST_STEP][PASSED] - setValueToCellByIndex(sheet01, n, 7, todaysDate): null

16-05-2025T11:59:47 - [TEST_STEP][PASSED] - n = n + 1: null

16-05-2025T11:59:47 - [TEST_STEP][PASSED] - saveWorkbook(excelFilePath, workbook01): null

16-05-2025T11:59:47 - [TEST_STEP][PASSED] - file = findTestData("PlanFact").getValue(7, a): null

16-05-2025T11:59:47 - [TEST_STEP][PASSED] - file = file.replace(",", "."): null

16-05-2025T11:59:47 - [TEST_STEP][PASSED] - println("file Fact: " + file): null

16-05-2025T11:59:47 - [TEST_STEP][PASSED] - fileDouble = file.toDouble(): null

16-05-2025T11:59:47 - [TEST_STEP][PASSED] - typeOfData = "Факт в процентах": null

16-05-2025T11:59:47 - [TEST_STEP][PASSED] - fileDouble = file.toDouble(): null

16-05-2025T11:59:47 - [TEST_STEP][PASSED] - pageDouble = page2.toDouble(): null

16-05-2025T11:59:47 - [TEST_STEP][PASSED] - if (fileDouble != pageDouble): null

16-05-2025T11:59:47 - [TEST_STEP][PASSED] - numberOfErrors = numberOfErrors + 1: null

16-05-2025T11:59:47 - [TEST_STEP][PASSED] - Script1718980020443.WriteToExcel(a, typeOfData, todaysDate, pageInt, fileInt, pageDouble, fileDouble, dZO): null

16-05-2025T11:59:47 - [TEST_STEP][PASSED] - sheetName = "Sheet1": null

16-05-2025T11:59:47 - [TEST_STEP][PASSED] - data = findTestData("PlanFact"): null

16-05-2025T11:59:47 - [TEST_STEP][PASSED] - n = data.getRowNumbers() + 1: null

16-05-2025T11:59:47 - [TEST_STEP][PASSED] - day = ")).toInteger(): null

16-05-2025T11:59:47 - [TEST_STEP][PASSED] - println(day): null

16-05-2025T11:59:47 - [TEST_STEP][PASSED] - month = ")).toInteger(): null

16-05-2025T11:59:47 - [TEST_STEP][PASSED] - println(month): null

16-05-2025T11:59:47 - [TEST_STEP][PASSED] - y = <not implemented yet for class: org.codehaus.groovy.ast.expr.EmptyExpression>: null

16-05-2025T11:59:47 - [TEST_STEP][PASSED] - iy = <not implemented yet for class: org.codehaus.groovy.ast.expr.EmptyExpression>: null

16-05-2025T11:59:47 - [TEST_STEP][PASSED] - m = getText(findTestObject("Выполнение бизнес-плана/Период")): Text of object 'Object Repository/Выполнение бизнес-плана/Период' is: '1 кв. 2025 года'

16-05-2025T11:59:48 - [MESSAGE][PASSED] - Text of object 'Object Repository/Выполнение бизнес-плана/Период' is: '1 кв. 2025 года'

16-05-2025T11:59:48 - [TEST_STEP][PASSED] - iy = m.indexOf("20"): null

16-05-2025T11:59:48 - [TEST_STEP][PASSED] - if (iy > -1): null

16-05-2025T11:59:48 - [TEST_STEP][PASSED] - y = substring(iy, iy + 4).toInteger(): null

16-05-2025T11:59:48 - [TEST_STEP][PASSED] - println(y): null

16-05-2025T11:59:48 - [TEST_STEP][PASSED] - if (toString().length() == 4): null

16-05-2025T11:59:48 - [TEST_STEP][PASSED] - m = m.substring(0, m.indexOf(y.toString())): null

16-05-2025T11:59:48 - [TEST_STEP][PASSED] - m = m.trim(): null

16-05-2025T11:59:48 - [TEST_STEP][PASSED] - if (m == ""): null

16-05-2025T11:59:48 - [TEST_STEP][PASSED] - dashboardName = "Выполнение бизнес-плана": null

16-05-2025T11:59:48 - [TEST_STEP][PASSED] - workbook01 = getWorkbook(excelFilePath): null

16-05-2025T11:59:48 - [TEST_STEP][PASSED] - sheet01 = getExcelSheet(workbook01, sheetName): null

16-05-2025T11:59:48 - [TEST_STEP][PASSED] - setValueToCellByIndex(sheet01, n, 0, dashboardName): null

16-05-2025T11:59:48 - [TEST_STEP][PASSED] - setValueToCellByIndex(sheet01, n, 1, dZO): null

16-05-2025T11:59:48 - [TEST_STEP][PASSED] - setValueToCellByIndex(sheet01, n, 2, typeOfData): null

16-05-2025T11:59:48 - [TEST_STEP][PASSED] - if (typeOfData == "Факт в процентах" || typeOfData == "План в процентах"): null

16-05-2025T11:59:48 - [TEST_STEP][PASSED] - setValueToCellByIndex(sheet01, n, 3, fileDouble): null

16-05-2025T11:59:48 - [TEST_STEP][PASSED] - setValueToCellByIndex(sheet01, n, 4, pageDouble): null

16-05-2025T11:59:48 - [TEST_STEP][PASSED] - setValueToCellByIndex(sheet01, n, 5, m): null

16-05-2025T11:59:48 - [TEST_STEP][PASSED] - setValueToCellByIndex(sheet01, n, 6, y): null

16-05-2025T11:59:48 - [TEST_STEP][PASSED] - setValueToCellByIndex(sheet01, n, 7, todaysDate): null

16-05-2025T11:59:48 - [TEST_STEP][PASSED] - n = n + 1: null

16-05-2025T11:59:48 - [TEST_STEP][PASSED] - saveWorkbook(excelFilePath, workbook01): null

16-05-2025T11:59:48 - [TEST_STEP][FAILED] - if (verifyEqual(numberOfErrors, 0) == false): null

16-05-2025T11:59:48 - [MESSAGE][FAILED] - Unable to verify equal between actual object '6' and expected object '0' (Root cause: com.kms.katalon.core.exception.StepFailedException: Actual object '6' and expected object '0' are not equal
	at com.kms.katalon.core.keyword.builtin.VerifyEqualKeyword$_verifyEqual_closure1.doCall(VerifyEqualKeyword.groovy:58)
	at com.kms.katalon.core.keyword.builtin.VerifyEqualKeyword$_verifyEqual_closure1.call(VerifyEqualKeyword.groovy)
	at com.kms.katalon.core.keyword.internal.KeywordMain.runKeyword(KeywordMain.groovy:75)
	at com.kms.katalon.core.keyword.builtin.VerifyEqualKeyword.verifyEqual(VerifyEqualKeyword.groovy:63)
	at com.kms.katalon.core.keyword.builtin.VerifyEqualKeyword.execute(VerifyEqualKeyword.groovy:44)
	at com.kms.katalon.core.keyword.internal.KeywordExecutor.executeKeywordForPlatform(KeywordExecutor.groovy:74)
	at com.kms.katalon.core.keyword.BuiltinKeywords.verifyEqual(BuiltinKeywords.groovy:146)
	at jdk.internal.reflect.GeneratedMethodAccessor24.invoke(Unknown Source)
	at java.base/jdk.internal.reflect.DelegatingMethodAccessorImpl.invoke(DelegatingMethodAccessorImpl.java:43)
	at Выполнение бизнес-плана Сверка ПАО Россети все филиалы.Numbers(Выполнение бизнес-плана Сверка ПАО Россети все филиалы:740)
	at Выполнение бизнес-плана Сверка ПАО Россети все филиалы.Filials(Выполнение бизнес-плана Сверка ПАО Россети все филиалы:947)
	at Выполнение бизнес-плана Сверка ПАО Россети все филиалы.Numbers(Выполнение бизнес-плана Сверка ПАО Россети все филиалы:747)
	at Выполнение бизнес-плана Сверка ПАО Россети все филиалы.run(Выполнение бизнес-плана Сверка ПАО Россети все филиалы:227)
	at com.kms.katalon.core.main.ScriptEngine.run(ScriptEngine.java:194)
	at com.kms.katalon.core.main.ScriptEngine.runScriptAsRawText(ScriptEngine.java:119)
	at com.kms.katalon.core.main.TestCaseExecutor.runScript(TestCaseExecutor.java:448)
	at com.kms.katalon.core.main.TestCaseExecutor.doExecute(TestCaseExecutor.java:439)
	at com.kms.katalon.core.main.TestCaseExecutor.processExecutionPhase(TestCaseExecutor.java:418)
	at com.kms.katalon.core.main.TestCaseExecutor.accessMainPhase(TestCaseExecutor.java:410)
	at com.kms.katalon.core.main.TestCaseExecutor.execute(TestCaseExecutor.java:285)
	at com.kms.katalon.core.common.CommonExecutor.accessTestCaseMainPhase(CommonExecutor.java:65)
	at com.kms.katalon.core.main.TestSuiteExecutor.accessTestSuiteMainPhase(TestSuiteExecutor.java:150)
	at com.kms.katalon.core.main.TestSuiteExecutor.execute(TestSuiteExecutor.java:106)
	at com.kms.katalon.core.main.TestCaseMain.startTestSuite(TestCaseMain.java:180)
	at TempTestSuite1747369435659.run(TempTestSuite1747369435659.groovy:35)
	at java.base/jdk.internal.reflect.NativeMethodAccessorImpl.invoke0(Native Method)
	at java.base/jdk.internal.reflect.NativeMethodAccessorImpl.invoke(NativeMethodAccessorImpl.java:77)
	at java.base/jdk.internal.reflect.DelegatingMethodAccessorImpl.invoke(DelegatingMethodAccessorImpl.java:43)
)

16-05-2025T11:59:48 - [TEST_STEP][PASSED] - println(numberOfErrors): null

16-05-2025T11:59:48 - [TEST_STEP][PASSED] - println("a=" + a): null

16-05-2025T11:59:48 - [TEST_STEP][PASSED] - if (a == 28 || a == 77 || a == 74 || a == 65 || a == 36 || a == 44 || a == 54 || a == 1 || a == 18 || a == 59): null

16-05-2025T11:59:48 - [TEST_STEP][PASSED] - if (a == 82): null

16-05-2025T11:59:48 - [TEST_STEP][PASSED] - dZO = "Самарские РС": null

16-05-2025T11:59:48 - [TEST_STEP][PASSED] - a = 32: null

16-05-2025T11:59:48 - [TEST_STEP][PASSED] - dzoCut = dZO.substring(0, 10): null

16-05-2025T11:59:48 - [TEST_STEP][PASSED] - if (x2.contains(dzoCut)): null

16-05-2025T11:59:48 - [TEST_STEP][PASSED] - filialNum = filialNum + 1: null

16-05-2025T11:59:48 - [TEST_STEP][PASSED] - Script1718980020443.Numbers(a, typeOfData, todaysDate, pageInt, fileInt, pageDouble, fileDouble, dZO, dzoNum, filialNum): null

16-05-2025T11:59:48 - [TEST_STEP][PASSED] - println(dzoNum): null

16-05-2025T11:59:48 - [TEST_STEP][PASSED] - planFact = <not implemented yet for class: org.codehaus.groovy.ast.expr.EmptyExpression>: null

16-05-2025T11:59:48 - [TEST_STEP][PASSED] - page = <not implemented yet for class: org.codehaus.groovy.ast.expr.EmptyExpression>: null

16-05-2025T11:59:48 - [TEST_STEP][PASSED] - page1 = <not implemented yet for class: org.codehaus.groovy.ast.expr.EmptyExpression>: null

16-05-2025T11:59:48 - [TEST_STEP][PASSED] - page2 = <not implemented yet for class: org.codehaus.groovy.ast.expr.EmptyExpression>: null

16-05-2025T11:59:48 - [TEST_STEP][PASSED] - filialNumberInRow = <not implemented yet for class: org.codehaus.groovy.ast.expr.EmptyExpression>: null

16-05-2025T11:59:48 - [TEST_STEP][PASSED] - filialsDzoNames = <not implemented yet for class: org.codehaus.groovy.ast.expr.EmptyExpression>: null

16-05-2025T11:59:48 - [TEST_STEP][PASSED] - numberOfFilials = <not implemented yet for class: org.codehaus.groovy.ast.expr.EmptyExpression>: null

16-05-2025T11:59:48 - [TEST_STEP][PASSED] - numberOfSpaces = <not implemented yet for class: org.codehaus.groovy.ast.expr.EmptyExpression>: null

16-05-2025T11:59:48 - [TEST_STEP][PASSED] - file = <not implemented yet for class: org.codehaus.groovy.ast.expr.EmptyExpression>: null

16-05-2025T11:59:48 - [TEST_STEP][PASSED] - otpusk = <not implemented yet for class: org.codehaus.groovy.ast.expr.EmptyExpression>: null

16-05-2025T11:59:48 - [TEST_STEP][PASSED] - poteri = <not implemented yet for class: org.codehaus.groovy.ast.expr.EmptyExpression>: null

16-05-2025T11:59:48 - [TEST_STEP][PASSED] - dataFolder = "Выполнение бизнес-плана/Значения со страницы Выполнение бизнес-плана/": null

16-05-2025T11:59:48 - [TEST_STEP][PASSED] - path = <not implemented yet for class: org.codehaus.groovy.ast.expr.EmptyExpression>: null

16-05-2025T11:59:48 - [TEST_STEP][PASSED] - typeOfDataMain = <not implemented yet for class: org.codehaus.groovy.ast.expr.EmptyExpression>: null

16-05-2025T11:59:48 - [TEST_STEP][PASSED] - fileOtpuskVSet = <not implemented yet for class: org.codehaus.groovy.ast.expr.EmptyExpression>: null

16-05-2025T11:59:48 - [TEST_STEP][PASSED] - pageOtpuskVSet = <not implemented yet for class: org.codehaus.groovy.ast.expr.EmptyExpression>: null

16-05-2025T11:59:48 - [TEST_STEP][PASSED] - filePoteri = <not implemented yet for class: org.codehaus.groovy.ast.expr.EmptyExpression>: null

16-05-2025T11:59:48 - [TEST_STEP][PASSED] - pagePoteri = <not implemented yet for class: org.codehaus.groovy.ast.expr.EmptyExpression>: null

16-05-2025T11:59:48 - [TEST_STEP][PASSED] - compare = <not implemented yet for class: org.codehaus.groovy.ast.expr.EmptyExpression>: null

16-05-2025T11:59:48 - [TEST_STEP][PASSED] - b = <not implemented yet for class: org.codehaus.groovy.ast.expr.EmptyExpression>: null

16-05-2025T11:59:48 - [TEST_STEP][PASSED] - i = <not implemented yet for class: org.codehaus.groovy.ast.expr.EmptyExpression>: null

16-05-2025T11:59:48 - [TEST_STEP][PASSED] - ii = <not implemented yet for class: org.codehaus.groovy.ast.expr.EmptyExpression>: null

16-05-2025T11:59:48 - [TEST_STEP][PASSED] - c = <not implemented yet for class: org.codehaus.groovy.ast.expr.EmptyExpression>: null

16-05-2025T11:59:48 - [TEST_STEP][PASSED] - numberOfErrors = 0: null

16-05-2025T11:59:48 - [TEST_STEP][PASSED] - if (a == 82): null

16-05-2025T11:59:48 - [TEST_STEP][PASSED] - b = findTestData("PlanFact").getValue(1, a): null

16-05-2025T11:59:48 - [TEST_STEP][PASSED] - i = b.indexOf(" (ГК)"): null

16-05-2025T11:59:48 - [TEST_STEP][PASSED] - if (i > -1): null

16-05-2025T11:59:48 - [TEST_STEP][PASSED] - i = b.indexOf("О ""): null

16-05-2025T11:59:48 - [TEST_STEP][PASSED] - if (i > -1): null

16-05-2025T11:59:48 - [TEST_STEP][PASSED] - i = b.indexOf("О «"): null

16-05-2025T11:59:48 - [TEST_STEP][PASSED] - if (i > -1): null

16-05-2025T11:59:48 - [TEST_STEP][PASSED] - i = b.indexOf("г. "): null

16-05-2025T11:59:48 - [TEST_STEP][PASSED] - if (i > -1): null

16-05-2025T11:59:48 - [TEST_STEP][PASSED] - b = b.trim(): null

16-05-2025T11:59:48 - [TEST_STEP][PASSED] - println(b): null

16-05-2025T11:59:48 - [TEST_STEP][PASSED] - for ([planFact = 1, planFact < 3, (planFact++)]): null

16-05-2025T11:59:48 - [TEST_STEP][PASSED] - if (planFact == 1): null

16-05-2025T11:59:48 - [TEST_STEP][PASSED] - typeOfDataMain = "Факт": null

16-05-2025T11:59:48 - [TEST_STEP][PASSED] - otpusk = findTestData("PlanFact").getValue(5, a): null

16-05-2025T11:59:48 - [TEST_STEP][PASSED] - poteri = findTestData("PlanFact").getValue(6, a): null

16-05-2025T11:59:48 - [TEST_STEP][PASSED] - otpusk = otpusk.replaceAll("\s+", ""): null

16-05-2025T11:59:48 - [TEST_STEP][PASSED] - poteri = poteri.replaceAll("\s+", ""): null

16-05-2025T11:59:48 - [TEST_STEP][PASSED] - typeOfData = typeOfDataMain + " Отпуск в сеть": null

16-05-2025T11:59:48 - [TEST_STEP][PASSED] - if (a == 82): null

16-05-2025T11:59:48 - [TEST_STEP][PASSED] - else if (a == 84): null

16-05-2025T11:59:48 - [TEST_STEP][PASSED] - else if (a == 83 || a == 52 || a == 72 || a == 28 || a == 73 || a == 77 || a == 74 || a == 65 || a == 36 || a == 44 || a == 53 || a == 80 || a == 54 || a == 1 || a == 18 || a == 59 || a == 81): null

16-05-2025T11:59:48 - [TEST_STEP][PASSED] - else: null

16-05-2025T11:59:48 - [TEST_STEP][PASSED] - path = dataFolder + typeOfData + " за отчётный период " + b: null

16-05-2025T11:59:48 - [TEST_STEP][PASSED] - println(path): null

16-05-2025T11:59:48 - [TEST_STEP][PASSED] - page = getText(findTestObject(path)): Text of object 'Object Repository/Выполнение бизнес-плана/Значения со страницы Выполнение бизнес-плана/Факт Отпуск в сеть за отчётный период Самарские РС' is: '1 727 126'

16-05-2025T11:59:48 - [MESSAGE][PASSED] - Text of object 'Object Repository/Выполнение бизнес-плана/Значения со страницы Выполнение бизнес-плана/Факт Отпуск в сеть за отчётный период Самарские РС' is: '1 727 126'

16-05-2025T11:59:48 - [TEST_STEP][PASSED] - if (page == "" || page == null): null

16-05-2025T11:59:48 - [TEST_STEP][PASSED] - else: null

16-05-2025T11:59:48 - [TEST_STEP][PASSED] - page = page.replaceAll("\s+", ""): null

16-05-2025T11:59:48 - [TEST_STEP][PASSED] - if (page == "undefined"): null

16-05-2025T11:59:48 - [TEST_STEP][PASSED] - fileOtpuskVSet = otpusk.toInteger(): null

16-05-2025T11:59:48 - [TEST_STEP][PASSED] - pageOtpuskVSet = page.toInteger(): null

16-05-2025T11:59:48 - [TEST_STEP][PASSED] - typeOfData = typeOfDataMain + " Потери": null

16-05-2025T11:59:48 - [TEST_STEP][PASSED] - if (a == 82): null

16-05-2025T11:59:48 - [TEST_STEP][PASSED] - else if (a == 84): null

16-05-2025T11:59:48 - [TEST_STEP][PASSED] - else if (a == 83 || a == 52 || a == 72 || a == 28 || a == 73 || a == 77 || a == 74 || a == 65 || a == 36 || a == 44 || a == 53 || a == 80 || a == 54 || a == 1 || a == 18 || a == 59 || a == 81): null

16-05-2025T11:59:48 - [TEST_STEP][PASSED] - else: null

16-05-2025T11:59:48 - [TEST_STEP][PASSED] - path = dataFolder + typeOfData + " за отчётный период " + b: null

16-05-2025T11:59:48 - [TEST_STEP][PASSED] - page = getText(findTestObject(path)): Text of object 'Object Repository/Выполнение бизнес-плана/Значения со страницы Выполнение бизнес-плана/Факт Потери за отчётный период Самарские РС' is: '76 830'

16-05-2025T11:59:49 - [MESSAGE][PASSED] - Text of object 'Object Repository/Выполнение бизнес-плана/Значения со страницы Выполнение бизнес-плана/Факт Потери за отчётный период Самарские РС' is: '76 830'

16-05-2025T11:59:49 - [TEST_STEP][PASSED] - if (page == "" || page == null): null

16-05-2025T11:59:49 - [TEST_STEP][PASSED] - else: null

16-05-2025T11:59:49 - [TEST_STEP][PASSED] - page = page.replaceAll("\s+", ""): null

16-05-2025T11:59:49 - [TEST_STEP][PASSED] - if (page == "undefined"): null

16-05-2025T11:59:49 - [TEST_STEP][PASSED] - filePoteri = poteri.toInteger(): null

16-05-2025T11:59:49 - [TEST_STEP][PASSED] - pagePoteri = page.toInteger(): null

16-05-2025T11:59:49 - [TEST_STEP][PASSED] - compare = pageOtpuskVSet: null

16-05-2025T11:59:49 - [TEST_STEP][PASSED] - if (pageOtpuskVSet != null): null

16-05-2025T11:59:49 - [TEST_STEP][PASSED] - if (compare == fileOtpuskVSet): null

16-05-2025T11:59:49 - [TEST_STEP][PASSED] - else if (compare > fileOtpuskVSet): null

16-05-2025T11:59:49 - [TEST_STEP][PASSED] - else if (compare < fileOtpuskVSet): null

16-05-2025T11:59:49 - [TEST_STEP][PASSED] - compare = compare + 1: null

16-05-2025T11:59:49 - [TEST_STEP][PASSED] - if (compare == fileOtpuskVSet): null

16-05-2025T11:59:49 - [TEST_STEP][PASSED] - else: null

16-05-2025T11:59:49 - [TEST_STEP][PASSED] - numberOfErrors = numberOfErrors + 1: null

16-05-2025T11:59:49 - [TEST_STEP][PASSED] - pageInt = pageOtpuskVSet: null

16-05-2025T11:59:49 - [TEST_STEP][PASSED] - fileInt = fileOtpuskVSet: null

16-05-2025T11:59:49 - [TEST_STEP][PASSED] - typeOfData = typeOfDataMain + " Отпуск в сеть": null

16-05-2025T11:59:49 - [TEST_STEP][PASSED] - Script1718980020443.WriteToExcel(a, typeOfData, todaysDate, pageInt, fileInt, pageDouble, fileDouble, dZO): null

16-05-2025T11:59:49 - [TEST_STEP][PASSED] - sheetName = "Sheet1": null

16-05-2025T11:59:49 - [TEST_STEP][PASSED] - data = findTestData("PlanFact"): null

16-05-2025T11:59:49 - [TEST_STEP][PASSED] - n = data.getRowNumbers() + 1: null

16-05-2025T11:59:49 - [TEST_STEP][PASSED] - day = ")).toInteger(): null

16-05-2025T11:59:49 - [TEST_STEP][PASSED] - println(day): null

16-05-2025T11:59:49 - [TEST_STEP][PASSED] - month = ")).toInteger(): null

16-05-2025T11:59:49 - [TEST_STEP][PASSED] - println(month): null

16-05-2025T11:59:49 - [TEST_STEP][PASSED] - y = <not implemented yet for class: org.codehaus.groovy.ast.expr.EmptyExpression>: null

16-05-2025T11:59:49 - [TEST_STEP][PASSED] - iy = <not implemented yet for class: org.codehaus.groovy.ast.expr.EmptyExpression>: null

16-05-2025T11:59:49 - [TEST_STEP][PASSED] - m = getText(findTestObject("Выполнение бизнес-плана/Период")): Text of object 'Object Repository/Выполнение бизнес-плана/Период' is: '1 кв. 2025 года'

16-05-2025T11:59:49 - [MESSAGE][PASSED] - Text of object 'Object Repository/Выполнение бизнес-плана/Период' is: '1 кв. 2025 года'

16-05-2025T11:59:49 - [TEST_STEP][PASSED] - iy = m.indexOf("20"): null

16-05-2025T11:59:49 - [TEST_STEP][PASSED] - if (iy > -1): null

16-05-2025T11:59:49 - [TEST_STEP][PASSED] - y = substring(iy, iy + 4).toInteger(): null

16-05-2025T11:59:49 - [TEST_STEP][PASSED] - println(y): null

16-05-2025T11:59:49 - [TEST_STEP][PASSED] - if (toString().length() == 4): null

16-05-2025T11:59:49 - [TEST_STEP][PASSED] - m = m.substring(0, m.indexOf(y.toString())): null

16-05-2025T11:59:49 - [TEST_STEP][PASSED] - m = m.trim(): null

16-05-2025T11:59:49 - [TEST_STEP][PASSED] - if (m == ""): null

16-05-2025T11:59:49 - [TEST_STEP][PASSED] - dashboardName = "Выполнение бизнес-плана": null

16-05-2025T11:59:49 - [TEST_STEP][PASSED] - workbook01 = getWorkbook(excelFilePath): null

16-05-2025T11:59:49 - [TEST_STEP][PASSED] - sheet01 = getExcelSheet(workbook01, sheetName): null

16-05-2025T11:59:49 - [TEST_STEP][PASSED] - setValueToCellByIndex(sheet01, n, 0, dashboardName): null

16-05-2025T11:59:49 - [TEST_STEP][PASSED] - setValueToCellByIndex(sheet01, n, 1, dZO): null

16-05-2025T11:59:49 - [TEST_STEP][PASSED] - setValueToCellByIndex(sheet01, n, 2, typeOfData): null

16-05-2025T11:59:49 - [TEST_STEP][PASSED] - if (typeOfData == "Факт в процентах" || typeOfData == "План в процентах"): null

16-05-2025T11:59:49 - [TEST_STEP][PASSED] - else: null

16-05-2025T11:59:49 - [TEST_STEP][PASSED] - setValueToCellByIndex(sheet01, n, 3, fileInt): null

16-05-2025T11:59:49 - [TEST_STEP][PASSED] - setValueToCellByIndex(sheet01, n, 4, pageInt): null

16-05-2025T11:59:49 - [TEST_STEP][PASSED] - setValueToCellByIndex(sheet01, n, 5, m): null

16-05-2025T11:59:49 - [TEST_STEP][PASSED] - setValueToCellByIndex(sheet01, n, 6, y): null

16-05-2025T11:59:49 - [TEST_STEP][PASSED] - setValueToCellByIndex(sheet01, n, 7, todaysDate): null

16-05-2025T11:59:49 - [TEST_STEP][PASSED] - n = n + 1: null

16-05-2025T11:59:49 - [TEST_STEP][PASSED] - saveWorkbook(excelFilePath, workbook01): null

16-05-2025T11:59:49 - [TEST_STEP][PASSED] - compare = pagePoteri: null

16-05-2025T11:59:49 - [TEST_STEP][PASSED] - if (pageOtpuskVSet != null): null

16-05-2025T11:59:49 - [TEST_STEP][PASSED] - if (compare == filePoteri): null

16-05-2025T11:59:49 - [TEST_STEP][PASSED] - else if (compare > filePoteri): null

16-05-2025T11:59:49 - [TEST_STEP][PASSED] - else if (compare < filePoteri): null

16-05-2025T11:59:49 - [TEST_STEP][PASSED] - compare = compare + 1: null

16-05-2025T11:59:49 - [TEST_STEP][PASSED] - if (compare == filePoteri): null

16-05-2025T11:59:49 - [TEST_STEP][PASSED] - else: null

16-05-2025T11:59:49 - [TEST_STEP][PASSED] - numberOfErrors = numberOfErrors + 1: null

16-05-2025T11:59:49 - [TEST_STEP][PASSED] - pageInt = pagePoteri: null

16-05-2025T11:59:49 - [TEST_STEP][PASSED] - fileInt = filePoteri: null

16-05-2025T11:59:49 - [TEST_STEP][PASSED] - typeOfData = typeOfDataMain + " Потери": null

16-05-2025T11:59:49 - [TEST_STEP][PASSED] - Script1718980020443.WriteToExcel(a, typeOfData, todaysDate, pageInt, fileInt, pageDouble, fileDouble, dZO): null

16-05-2025T11:59:49 - [TEST_STEP][PASSED] - sheetName = "Sheet1": null

16-05-2025T11:59:49 - [TEST_STEP][PASSED] - data = findTestData("PlanFact"): null

16-05-2025T11:59:49 - [TEST_STEP][PASSED] - n = data.getRowNumbers() + 1: null

16-05-2025T11:59:49 - [TEST_STEP][PASSED] - day = ")).toInteger(): null

16-05-2025T11:59:49 - [TEST_STEP][PASSED] - println(day): null

16-05-2025T11:59:49 - [TEST_STEP][PASSED] - month = ")).toInteger(): null

16-05-2025T11:59:49 - [TEST_STEP][PASSED] - println(month): null

16-05-2025T11:59:49 - [TEST_STEP][PASSED] - y = <not implemented yet for class: org.codehaus.groovy.ast.expr.EmptyExpression>: null

16-05-2025T11:59:49 - [TEST_STEP][PASSED] - iy = <not implemented yet for class: org.codehaus.groovy.ast.expr.EmptyExpression>: null

16-05-2025T11:59:49 - [TEST_STEP][PASSED] - m = getText(findTestObject("Выполнение бизнес-плана/Период")): Text of object 'Object Repository/Выполнение бизнес-плана/Период' is: '1 кв. 2025 года'

16-05-2025T11:59:50 - [MESSAGE][PASSED] - Text of object 'Object Repository/Выполнение бизнес-плана/Период' is: '1 кв. 2025 года'

16-05-2025T11:59:50 - [TEST_STEP][PASSED] - iy = m.indexOf("20"): null

16-05-2025T11:59:50 - [TEST_STEP][PASSED] - if (iy > -1): null

16-05-2025T11:59:50 - [TEST_STEP][PASSED] - y = substring(iy, iy + 4).toInteger(): null

16-05-2025T11:59:50 - [TEST_STEP][PASSED] - println(y): null

16-05-2025T11:59:50 - [TEST_STEP][PASSED] - if (toString().length() == 4): null

16-05-2025T11:59:50 - [TEST_STEP][PASSED] - m = m.substring(0, m.indexOf(y.toString())): null

16-05-2025T11:59:50 - [TEST_STEP][PASSED] - m = m.trim(): null

16-05-2025T11:59:50 - [TEST_STEP][PASSED] - if (m == ""): null

16-05-2025T11:59:50 - [TEST_STEP][PASSED] - dashboardName = "Выполнение бизнес-плана": null

16-05-2025T11:59:50 - [TEST_STEP][PASSED] - workbook01 = getWorkbook(excelFilePath): null

16-05-2025T11:59:50 - [TEST_STEP][PASSED] - sheet01 = getExcelSheet(workbook01, sheetName): null

16-05-2025T11:59:50 - [TEST_STEP][PASSED] - setValueToCellByIndex(sheet01, n, 0, dashboardName): null

16-05-2025T11:59:50 - [TEST_STEP][PASSED] - setValueToCellByIndex(sheet01, n, 1, dZO): null

16-05-2025T11:59:50 - [TEST_STEP][PASSED] - setValueToCellByIndex(sheet01, n, 2, typeOfData): null

16-05-2025T11:59:50 - [TEST_STEP][PASSED] - if (typeOfData == "Факт в процентах" || typeOfData == "План в процентах"): null

16-05-2025T11:59:50 - [TEST_STEP][PASSED] - else: null

16-05-2025T11:59:50 - [TEST_STEP][PASSED] - setValueToCellByIndex(sheet01, n, 3, fileInt): null

16-05-2025T11:59:50 - [TEST_STEP][PASSED] - setValueToCellByIndex(sheet01, n, 4, pageInt): null

16-05-2025T11:59:50 - [TEST_STEP][PASSED] - setValueToCellByIndex(sheet01, n, 5, m): null

16-05-2025T11:59:50 - [TEST_STEP][PASSED] - setValueToCellByIndex(sheet01, n, 6, y): null

16-05-2025T11:59:50 - [TEST_STEP][PASSED] - setValueToCellByIndex(sheet01, n, 7, todaysDate): null

16-05-2025T11:59:50 - [TEST_STEP][PASSED] - n = n + 1: null

16-05-2025T11:59:50 - [TEST_STEP][PASSED] - saveWorkbook(excelFilePath, workbook01): null

16-05-2025T11:59:50 - [TEST_STEP][PASSED] - if (planFact == 2): null

16-05-2025T11:59:50 - [TEST_STEP][PASSED] - if (planFact == 1): null

16-05-2025T11:59:50 - [TEST_STEP][PASSED] - else if (planFact == 2): null

16-05-2025T11:59:50 - [TEST_STEP][PASSED] - click(findTestObject("Выполнение бизнес-плана/Кнопка План")): Object: 'Object Repository/Выполнение бизнес-плана/Кнопка План' is clicked on

16-05-2025T11:59:50 - [MESSAGE][PASSED] - Object: 'Object Repository/Выполнение бизнес-плана/Кнопка План' is clicked on

16-05-2025T11:59:50 - [TEST_STEP][PASSED] - typeOfDataMain = "План": null

16-05-2025T11:59:50 - [TEST_STEP][PASSED] - otpusk = findTestData("PlanFact").getValue(2, a): null

16-05-2025T11:59:50 - [TEST_STEP][PASSED] - poteri = findTestData("PlanFact").getValue(3, a): null

16-05-2025T11:59:50 - [TEST_STEP][PASSED] - otpusk = otpusk.replaceAll("\s+", ""): null

16-05-2025T11:59:50 - [TEST_STEP][PASSED] - poteri = poteri.replaceAll("\s+", ""): null

16-05-2025T11:59:50 - [TEST_STEP][PASSED] - typeOfData = typeOfDataMain + " Отпуск в сеть": null

16-05-2025T11:59:50 - [TEST_STEP][PASSED] - if (a == 82): null

16-05-2025T11:59:50 - [TEST_STEP][PASSED] - else if (a == 84): null

16-05-2025T11:59:50 - [TEST_STEP][PASSED] - else if (a == 83 || a == 52 || a == 72 || a == 28 || a == 73 || a == 77 || a == 74 || a == 65 || a == 36 || a == 44 || a == 53 || a == 80 || a == 54 || a == 1 || a == 18 || a == 59 || a == 81): null

16-05-2025T11:59:50 - [TEST_STEP][PASSED] - else: null

16-05-2025T11:59:50 - [TEST_STEP][PASSED] - path = dataFolder + typeOfData + " за отчётный период " + b: null

16-05-2025T11:59:50 - [TEST_STEP][PASSED] - println(path): null

16-05-2025T11:59:50 - [TEST_STEP][PASSED] - page = getText(findTestObject(path)): Text of object 'Object Repository/Выполнение бизнес-плана/Значения со страницы Выполнение бизнес-плана/План Отпуск в сеть за отчётный период Самарские РС' is: '1 801 121'

16-05-2025T11:59:51 - [MESSAGE][PASSED] - Text of object 'Object Repository/Выполнение бизнес-плана/Значения со страницы Выполнение бизнес-плана/План Отпуск в сеть за отчётный период Самарские РС' is: '1 801 121'

16-05-2025T11:59:51 - [TEST_STEP][PASSED] - if (page == "" || page == null): null

16-05-2025T11:59:51 - [TEST_STEP][PASSED] - else: null

16-05-2025T11:59:51 - [TEST_STEP][PASSED] - page = page.replaceAll("\s+", ""): null

16-05-2025T11:59:51 - [TEST_STEP][PASSED] - if (page == "undefined"): null

16-05-2025T11:59:51 - [TEST_STEP][PASSED] - fileOtpuskVSet = otpusk.toInteger(): null

16-05-2025T11:59:51 - [TEST_STEP][PASSED] - pageOtpuskVSet = page.toInteger(): null

16-05-2025T11:59:51 - [TEST_STEP][PASSED] - typeOfData = typeOfDataMain + " Потери": null

16-05-2025T11:59:51 - [TEST_STEP][PASSED] - if (a == 82): null

16-05-2025T11:59:51 - [TEST_STEP][PASSED] - else if (a == 84): null

16-05-2025T11:59:51 - [TEST_STEP][PASSED] - else if (a == 83 || a == 52 || a == 72 || a == 28 || a == 73 || a == 77 || a == 74 || a == 65 || a == 36 || a == 44 || a == 53 || a == 80 || a == 54 || a == 1 || a == 18 || a == 59 || a == 81): null

16-05-2025T11:59:51 - [TEST_STEP][PASSED] - else: null

16-05-2025T11:59:51 - [TEST_STEP][PASSED] - path = dataFolder + typeOfData + " за отчётный период " + b: null

16-05-2025T11:59:51 - [TEST_STEP][PASSED] - page = getText(findTestObject(path)): Text of object 'Object Repository/Выполнение бизнес-плана/Значения со страницы Выполнение бизнес-плана/План Потери за отчётный период Самарские РС' is: '85 467'

16-05-2025T11:59:51 - [MESSAGE][PASSED] - Text of object 'Object Repository/Выполнение бизнес-плана/Значения со страницы Выполнение бизнес-плана/План Потери за отчётный период Самарские РС' is: '85 467'

16-05-2025T11:59:51 - [TEST_STEP][PASSED] - if (page == "" || page == null): null

16-05-2025T11:59:51 - [TEST_STEP][PASSED] - else: null

16-05-2025T11:59:51 - [TEST_STEP][PASSED] - page = page.replaceAll("\s+", ""): null

16-05-2025T11:59:51 - [TEST_STEP][PASSED] - if (page == "undefined"): null

16-05-2025T11:59:51 - [TEST_STEP][PASSED] - filePoteri = poteri.toInteger(): null

16-05-2025T11:59:51 - [TEST_STEP][PASSED] - pagePoteri = page.toInteger(): null

16-05-2025T11:59:51 - [TEST_STEP][PASSED] - compare = pageOtpuskVSet: null

16-05-2025T11:59:51 - [TEST_STEP][PASSED] - if (pageOtpuskVSet != null): null

16-05-2025T11:59:51 - [TEST_STEP][PASSED] - if (compare == fileOtpuskVSet): null

16-05-2025T11:59:51 - [TEST_STEP][PASSED] - else if (compare > fileOtpuskVSet): null

16-05-2025T11:59:51 - [TEST_STEP][PASSED] - else if (compare < fileOtpuskVSet): null

16-05-2025T11:59:51 - [TEST_STEP][PASSED] - compare = compare + 1: null

16-05-2025T11:59:51 - [TEST_STEP][PASSED] - if (compare == fileOtpuskVSet): null

16-05-2025T11:59:51 - [TEST_STEP][PASSED] - else: null

16-05-2025T11:59:51 - [TEST_STEP][PASSED] - numberOfErrors = numberOfErrors + 1: null

16-05-2025T11:59:51 - [TEST_STEP][PASSED] - pageInt = pageOtpuskVSet: null

16-05-2025T11:59:51 - [TEST_STEP][PASSED] - fileInt = fileOtpuskVSet: null

16-05-2025T11:59:51 - [TEST_STEP][PASSED] - typeOfData = typeOfDataMain + " Отпуск в сеть": null

16-05-2025T11:59:51 - [TEST_STEP][PASSED] - Script1718980020443.WriteToExcel(a, typeOfData, todaysDate, pageInt, fileInt, pageDouble, fileDouble, dZO): null

16-05-2025T11:59:51 - [TEST_STEP][PASSED] - sheetName = "Sheet1": null

16-05-2025T11:59:51 - [TEST_STEP][PASSED] - data = findTestData("PlanFact"): null

16-05-2025T11:59:51 - [TEST_STEP][PASSED] - n = data.getRowNumbers() + 1: null

16-05-2025T11:59:51 - [TEST_STEP][PASSED] - day = ")).toInteger(): null

16-05-2025T11:59:51 - [TEST_STEP][PASSED] - println(day): null

16-05-2025T11:59:51 - [TEST_STEP][PASSED] - month = ")).toInteger(): null

16-05-2025T11:59:51 - [TEST_STEP][PASSED] - println(month): null

16-05-2025T11:59:51 - [TEST_STEP][PASSED] - y = <not implemented yet for class: org.codehaus.groovy.ast.expr.EmptyExpression>: null

16-05-2025T11:59:51 - [TEST_STEP][PASSED] - iy = <not implemented yet for class: org.codehaus.groovy.ast.expr.EmptyExpression>: null

16-05-2025T11:59:51 - [TEST_STEP][PASSED] - m = getText(findTestObject("Выполнение бизнес-плана/Период")): Text of object 'Object Repository/Выполнение бизнес-плана/Период' is: '1 кв. 2025 года'

16-05-2025T11:59:51 - [MESSAGE][PASSED] - Text of object 'Object Repository/Выполнение бизнес-плана/Период' is: '1 кв. 2025 года'

16-05-2025T11:59:51 - [TEST_STEP][PASSED] - iy = m.indexOf("20"): null

16-05-2025T11:59:51 - [TEST_STEP][PASSED] - if (iy > -1): null

16-05-2025T11:59:51 - [TEST_STEP][PASSED] - y = substring(iy, iy + 4).toInteger(): null

16-05-2025T11:59:51 - [TEST_STEP][PASSED] - println(y): null

16-05-2025T11:59:51 - [TEST_STEP][PASSED] - if (toString().length() == 4): null

16-05-2025T11:59:51 - [TEST_STEP][PASSED] - m = m.substring(0, m.indexOf(y.toString())): null

16-05-2025T11:59:51 - [TEST_STEP][PASSED] - m = m.trim(): null

16-05-2025T11:59:51 - [TEST_STEP][PASSED] - if (m == ""): null

16-05-2025T11:59:51 - [TEST_STEP][PASSED] - dashboardName = "Выполнение бизнес-плана": null

16-05-2025T11:59:51 - [TEST_STEP][PASSED] - workbook01 = getWorkbook(excelFilePath): null

16-05-2025T11:59:51 - [TEST_STEP][PASSED] - sheet01 = getExcelSheet(workbook01, sheetName): null

16-05-2025T11:59:51 - [TEST_STEP][PASSED] - setValueToCellByIndex(sheet01, n, 0, dashboardName): null

16-05-2025T11:59:51 - [TEST_STEP][PASSED] - setValueToCellByIndex(sheet01, n, 1, dZO): null

16-05-2025T11:59:51 - [TEST_STEP][PASSED] - setValueToCellByIndex(sheet01, n, 2, typeOfData): null

16-05-2025T11:59:51 - [TEST_STEP][PASSED] - if (typeOfData == "Факт в процентах" || typeOfData == "План в процентах"): null

16-05-2025T11:59:51 - [TEST_STEP][PASSED] - else: null

16-05-2025T11:59:51 - [TEST_STEP][PASSED] - setValueToCellByIndex(sheet01, n, 3, fileInt): null

16-05-2025T11:59:51 - [TEST_STEP][PASSED] - setValueToCellByIndex(sheet01, n, 4, pageInt): null

16-05-2025T11:59:51 - [TEST_STEP][PASSED] - setValueToCellByIndex(sheet01, n, 5, m): null

16-05-2025T11:59:51 - [TEST_STEP][PASSED] - setValueToCellByIndex(sheet01, n, 6, y): null

16-05-2025T11:59:51 - [TEST_STEP][PASSED] - setValueToCellByIndex(sheet01, n, 7, todaysDate): null

16-05-2025T11:59:51 - [TEST_STEP][PASSED] - n = n + 1: null

16-05-2025T11:59:51 - [TEST_STEP][PASSED] - saveWorkbook(excelFilePath, workbook01): null

16-05-2025T11:59:52 - [TEST_STEP][PASSED] - compare = pagePoteri: null

16-05-2025T11:59:52 - [TEST_STEP][PASSED] - if (pageOtpuskVSet != null): null

16-05-2025T11:59:52 - [TEST_STEP][PASSED] - if (compare == filePoteri): null

16-05-2025T11:59:52 - [TEST_STEP][PASSED] - else if (compare > filePoteri): null

16-05-2025T11:59:52 - [TEST_STEP][PASSED] - else if (compare < filePoteri): null

16-05-2025T11:59:52 - [TEST_STEP][PASSED] - compare = compare + 1: null

16-05-2025T11:59:52 - [TEST_STEP][PASSED] - if (compare == filePoteri): null

16-05-2025T11:59:52 - [TEST_STEP][PASSED] - else: null

16-05-2025T11:59:52 - [TEST_STEP][PASSED] - numberOfErrors = numberOfErrors + 1: null

16-05-2025T11:59:52 - [TEST_STEP][PASSED] - pageInt = pagePoteri: null

16-05-2025T11:59:52 - [TEST_STEP][PASSED] - fileInt = filePoteri: null

16-05-2025T11:59:52 - [TEST_STEP][PASSED] - typeOfData = typeOfDataMain + " Потери": null

16-05-2025T11:59:52 - [TEST_STEP][PASSED] - Script1718980020443.WriteToExcel(a, typeOfData, todaysDate, pageInt, fileInt, pageDouble, fileDouble, dZO): null

16-05-2025T11:59:52 - [TEST_STEP][PASSED] - sheetName = "Sheet1": null

16-05-2025T11:59:52 - [TEST_STEP][PASSED] - data = findTestData("PlanFact"): null

16-05-2025T11:59:52 - [TEST_STEP][PASSED] - n = data.getRowNumbers() + 1: null

16-05-2025T11:59:52 - [TEST_STEP][PASSED] - day = ")).toInteger(): null

16-05-2025T11:59:52 - [TEST_STEP][PASSED] - println(day): null

16-05-2025T11:59:52 - [TEST_STEP][PASSED] - month = ")).toInteger(): null

16-05-2025T11:59:52 - [TEST_STEP][PASSED] - println(month): null

16-05-2025T11:59:52 - [TEST_STEP][PASSED] - y = <not implemented yet for class: org.codehaus.groovy.ast.expr.EmptyExpression>: null

16-05-2025T11:59:52 - [TEST_STEP][PASSED] - iy = <not implemented yet for class: org.codehaus.groovy.ast.expr.EmptyExpression>: null

16-05-2025T11:59:52 - [TEST_STEP][PASSED] - m = getText(findTestObject("Выполнение бизнес-плана/Период")): Text of object 'Object Repository/Выполнение бизнес-плана/Период' is: '1 кв. 2025 года'

16-05-2025T11:59:52 - [MESSAGE][PASSED] - Text of object 'Object Repository/Выполнение бизнес-плана/Период' is: '1 кв. 2025 года'

16-05-2025T11:59:52 - [TEST_STEP][PASSED] - iy = m.indexOf("20"): null

16-05-2025T11:59:52 - [TEST_STEP][PASSED] - if (iy > -1): null

16-05-2025T11:59:52 - [TEST_STEP][PASSED] - y = substring(iy, iy + 4).toInteger(): null

16-05-2025T11:59:52 - [TEST_STEP][PASSED] - println(y): null

16-05-2025T11:59:52 - [TEST_STEP][PASSED] - if (toString().length() == 4): null

16-05-2025T11:59:52 - [TEST_STEP][PASSED] - m = m.substring(0, m.indexOf(y.toString())): null

16-05-2025T11:59:52 - [TEST_STEP][PASSED] - m = m.trim(): null

16-05-2025T11:59:52 - [TEST_STEP][PASSED] - if (m == ""): null

16-05-2025T11:59:52 - [TEST_STEP][PASSED] - dashboardName = "Выполнение бизнес-плана": null

16-05-2025T11:59:52 - [TEST_STEP][PASSED] - workbook01 = getWorkbook(excelFilePath): null

16-05-2025T11:59:52 - [TEST_STEP][PASSED] - sheet01 = getExcelSheet(workbook01, sheetName): null

16-05-2025T11:59:52 - [TEST_STEP][PASSED] - setValueToCellByIndex(sheet01, n, 0, dashboardName): null

16-05-2025T11:59:52 - [TEST_STEP][PASSED] - setValueToCellByIndex(sheet01, n, 1, dZO): null

16-05-2025T11:59:52 - [TEST_STEP][PASSED] - setValueToCellByIndex(sheet01, n, 2, typeOfData): null

16-05-2025T11:59:52 - [TEST_STEP][PASSED] - if (typeOfData == "Факт в процентах" || typeOfData == "План в процентах"): null

16-05-2025T11:59:52 - [TEST_STEP][PASSED] - else: null

16-05-2025T11:59:52 - [TEST_STEP][PASSED] - setValueToCellByIndex(sheet01, n, 3, fileInt): null

16-05-2025T11:59:52 - [TEST_STEP][PASSED] - setValueToCellByIndex(sheet01, n, 4, pageInt): null

16-05-2025T11:59:52 - [TEST_STEP][PASSED] - setValueToCellByIndex(sheet01, n, 5, m): null

16-05-2025T11:59:52 - [TEST_STEP][PASSED] - setValueToCellByIndex(sheet01, n, 6, y): null

16-05-2025T11:59:52 - [TEST_STEP][PASSED] - setValueToCellByIndex(sheet01, n, 7, todaysDate): null

16-05-2025T11:59:52 - [TEST_STEP][PASSED] - n = n + 1: null

16-05-2025T11:59:52 - [TEST_STEP][PASSED] - saveWorkbook(excelFilePath, workbook01): Object: 'Object Repository/Выполнение бизнес-плана/Кнопка Факт' is clicked on

16-05-2025T11:59:52 - [TEST_STEP][PASSED] - if (planFact == 2): Object: 'Object Repository/Выполнение бизнес-плана/Кнопка Факт' is clicked on

16-05-2025T11:59:52 - [TEST_STEP][PASSED] - click(findTestObject("Выполнение бизнес-плана/Кнопка Факт")): Object: 'Object Repository/Выполнение бизнес-плана/Кнопка Факт' is clicked on

16-05-2025T11:59:53 - [MESSAGE][PASSED] - Object: 'Object Repository/Выполнение бизнес-плана/Кнопка Факт' is clicked on

16-05-2025T11:59:53 - [TEST_STEP][PASSED] - println("a=" + a): null

16-05-2025T11:59:53 - [TEST_STEP][PASSED] - if (a == 84 || a == 82): null

16-05-2025T11:59:53 - [TEST_STEP][PASSED] - else if (a == 83 || a == 52 || a == 72 || a == 28 || a == 73 || a == 77 || a == 74 || a == 65 || a == 36 || a == 44 || a == 53 || a == 80 || a == 54 || a == 1 || a == 18 || a == 59 || a == 81): null

16-05-2025T11:59:53 - [TEST_STEP][PASSED] - else: null

16-05-2025T11:59:53 - [TEST_STEP][PASSED] - page1 = getText(findTestObject("Object Repository/Выполнение бизнес-плана/spanPlan" + filialNum)): Text of object 'Object Repository/Выполнение бизнес-плана/spanPlan4' is: '4.75
|'

16-05-2025T11:59:53 - [MESSAGE][PASSED] - Text of object 'Object Repository/Выполнение бизнес-плана/spanPlan4' is: '4.75
|'

16-05-2025T11:59:53 - [TEST_STEP][PASSED] - page1 = page1.replace("|", ""): null

16-05-2025T11:59:53 - [TEST_STEP][PASSED] - page2 = getText(findTestObject("Object Repository/Выполнение бизнес-плана/spanFact" + filialNum)): Text of object 'Object Repository/Выполнение бизнес-плана/spanFact4' is: '4.45
|'

16-05-2025T11:59:53 - [MESSAGE][PASSED] - Text of object 'Object Repository/Выполнение бизнес-плана/spanFact4' is: '4.45
|'

16-05-2025T11:59:53 - [TEST_STEP][PASSED] - page2 = page2.replace("|", ""): null

16-05-2025T11:59:53 - [TEST_STEP][PASSED] - println("page1: " + page1): null

16-05-2025T11:59:53 - [TEST_STEP][PASSED] - println("page2: " + page2): null

16-05-2025T11:59:53 - [TEST_STEP][PASSED] - file = findTestData("PlanFact").getValue(4, a): null

16-05-2025T11:59:53 - [TEST_STEP][PASSED] - file = file.replace(",", "."): null

16-05-2025T11:59:53 - [TEST_STEP][PASSED] - println("file Plan: " + file): null

16-05-2025T11:59:53 - [TEST_STEP][PASSED] - typeOfData = "План в процентах": null

16-05-2025T11:59:53 - [TEST_STEP][PASSED] - fileDouble = file.toDouble(): null

16-05-2025T11:59:53 - [TEST_STEP][PASSED] - pageDouble = page1.toDouble(): null

16-05-2025T11:59:53 - [TEST_STEP][PASSED] - if (fileDouble != pageDouble): null

16-05-2025T11:59:53 - [TEST_STEP][PASSED] - numberOfErrors = numberOfErrors + 1: null

16-05-2025T11:59:53 - [TEST_STEP][PASSED] - Script1718980020443.WriteToExcel(a, typeOfData, todaysDate, pageInt, fileInt, pageDouble, fileDouble, dZO): null

16-05-2025T11:59:53 - [TEST_STEP][PASSED] - sheetName = "Sheet1": null

16-05-2025T11:59:53 - [TEST_STEP][PASSED] - data = findTestData("PlanFact"): null

16-05-2025T11:59:53 - [TEST_STEP][PASSED] - n = data.getRowNumbers() + 1: null

16-05-2025T11:59:53 - [TEST_STEP][PASSED] - day = ")).toInteger(): null

16-05-2025T11:59:53 - [TEST_STEP][PASSED] - println(day): null

16-05-2025T11:59:53 - [TEST_STEP][PASSED] - month = ")).toInteger(): null

16-05-2025T11:59:53 - [TEST_STEP][PASSED] - println(month): null

16-05-2025T11:59:53 - [TEST_STEP][PASSED] - y = <not implemented yet for class: org.codehaus.groovy.ast.expr.EmptyExpression>: null

16-05-2025T11:59:53 - [TEST_STEP][PASSED] - iy = <not implemented yet for class: org.codehaus.groovy.ast.expr.EmptyExpression>: null

16-05-2025T11:59:53 - [TEST_STEP][PASSED] - m = getText(findTestObject("Выполнение бизнес-плана/Период")): Text of object 'Object Repository/Выполнение бизнес-плана/Период' is: '1 кв. 2025 года'

16-05-2025T11:59:54 - [MESSAGE][PASSED] - Text of object 'Object Repository/Выполнение бизнес-плана/Период' is: '1 кв. 2025 года'

16-05-2025T11:59:54 - [TEST_STEP][PASSED] - iy = m.indexOf("20"): null

16-05-2025T11:59:54 - [TEST_STEP][PASSED] - if (iy > -1): null

16-05-2025T11:59:54 - [TEST_STEP][PASSED] - y = substring(iy, iy + 4).toInteger(): null

16-05-2025T11:59:54 - [TEST_STEP][PASSED] - println(y): null

16-05-2025T11:59:54 - [TEST_STEP][PASSED] - if (toString().length() == 4): null

16-05-2025T11:59:54 - [TEST_STEP][PASSED] - m = m.substring(0, m.indexOf(y.toString())): null

16-05-2025T11:59:54 - [TEST_STEP][PASSED] - m = m.trim(): null

16-05-2025T11:59:54 - [TEST_STEP][PASSED] - if (m == ""): null

16-05-2025T11:59:54 - [TEST_STEP][PASSED] - dashboardName = "Выполнение бизнес-плана": null

16-05-2025T11:59:54 - [TEST_STEP][PASSED] - workbook01 = getWorkbook(excelFilePath): null

16-05-2025T11:59:54 - [TEST_STEP][PASSED] - sheet01 = getExcelSheet(workbook01, sheetName): null

16-05-2025T11:59:54 - [TEST_STEP][PASSED] - setValueToCellByIndex(sheet01, n, 0, dashboardName): null

16-05-2025T11:59:54 - [TEST_STEP][PASSED] - setValueToCellByIndex(sheet01, n, 1, dZO): null

16-05-2025T11:59:54 - [TEST_STEP][PASSED] - setValueToCellByIndex(sheet01, n, 2, typeOfData): null

16-05-2025T11:59:54 - [TEST_STEP][PASSED] - if (typeOfData == "Факт в процентах" || typeOfData == "План в процентах"): null

16-05-2025T11:59:54 - [TEST_STEP][PASSED] - setValueToCellByIndex(sheet01, n, 3, fileDouble): null

16-05-2025T11:59:54 - [TEST_STEP][PASSED] - setValueToCellByIndex(sheet01, n, 4, pageDouble): null

16-05-2025T11:59:54 - [TEST_STEP][PASSED] - setValueToCellByIndex(sheet01, n, 5, m): null

16-05-2025T11:59:54 - [TEST_STEP][PASSED] - setValueToCellByIndex(sheet01, n, 6, y): null

16-05-2025T11:59:54 - [TEST_STEP][PASSED] - setValueToCellByIndex(sheet01, n, 7, todaysDate): null

16-05-2025T11:59:54 - [TEST_STEP][PASSED] - n = n + 1: null

16-05-2025T11:59:54 - [TEST_STEP][PASSED] - saveWorkbook(excelFilePath, workbook01): null

16-05-2025T11:59:54 - [TEST_STEP][PASSED] - file = findTestData("PlanFact").getValue(7, a): null

16-05-2025T11:59:54 - [TEST_STEP][PASSED] - file = file.replace(",", "."): null

16-05-2025T11:59:54 - [TEST_STEP][PASSED] - println("file Fact: " + file): null

16-05-2025T11:59:54 - [TEST_STEP][PASSED] - fileDouble = file.toDouble(): null

16-05-2025T11:59:54 - [TEST_STEP][PASSED] - typeOfData = "Факт в процентах": null

16-05-2025T11:59:54 - [TEST_STEP][PASSED] - fileDouble = file.toDouble(): null

16-05-2025T11:59:54 - [TEST_STEP][PASSED] - pageDouble = page2.toDouble(): null

16-05-2025T11:59:54 - [TEST_STEP][PASSED] - if (fileDouble != pageDouble): null

16-05-2025T11:59:54 - [TEST_STEP][PASSED] - numberOfErrors = numberOfErrors + 1: null

16-05-2025T11:59:54 - [TEST_STEP][PASSED] - Script1718980020443.WriteToExcel(a, typeOfData, todaysDate, pageInt, fileInt, pageDouble, fileDouble, dZO): null

16-05-2025T11:59:54 - [TEST_STEP][PASSED] - sheetName = "Sheet1": null

16-05-2025T11:59:54 - [TEST_STEP][PASSED] - data = findTestData("PlanFact"): null

16-05-2025T11:59:54 - [TEST_STEP][PASSED] - n = data.getRowNumbers() + 1: null

16-05-2025T11:59:54 - [TEST_STEP][PASSED] - day = ")).toInteger(): null

16-05-2025T11:59:54 - [TEST_STEP][PASSED] - println(day): null

16-05-2025T11:59:54 - [TEST_STEP][PASSED] - month = ")).toInteger(): null

16-05-2025T11:59:54 - [TEST_STEP][PASSED] - println(month): null

16-05-2025T11:59:54 - [TEST_STEP][PASSED] - y = <not implemented yet for class: org.codehaus.groovy.ast.expr.EmptyExpression>: null

16-05-2025T11:59:54 - [TEST_STEP][PASSED] - iy = <not implemented yet for class: org.codehaus.groovy.ast.expr.EmptyExpression>: null

16-05-2025T11:59:54 - [TEST_STEP][PASSED] - m = getText(findTestObject("Выполнение бизнес-плана/Период")): Text of object 'Object Repository/Выполнение бизнес-плана/Период' is: '1 кв. 2025 года'

16-05-2025T11:59:54 - [MESSAGE][PASSED] - Text of object 'Object Repository/Выполнение бизнес-плана/Период' is: '1 кв. 2025 года'

16-05-2025T11:59:54 - [TEST_STEP][PASSED] - iy = m.indexOf("20"): null

16-05-2025T11:59:54 - [TEST_STEP][PASSED] - if (iy > -1): null

16-05-2025T11:59:54 - [TEST_STEP][PASSED] - y = substring(iy, iy + 4).toInteger(): null

16-05-2025T11:59:54 - [TEST_STEP][PASSED] - println(y): null

16-05-2025T11:59:54 - [TEST_STEP][PASSED] - if (toString().length() == 4): null

16-05-2025T11:59:54 - [TEST_STEP][PASSED] - m = m.substring(0, m.indexOf(y.toString())): null

16-05-2025T11:59:54 - [TEST_STEP][PASSED] - m = m.trim(): null

16-05-2025T11:59:54 - [TEST_STEP][PASSED] - if (m == ""): null

16-05-2025T11:59:54 - [TEST_STEP][PASSED] - dashboardName = "Выполнение бизнес-плана": null

16-05-2025T11:59:54 - [TEST_STEP][PASSED] - workbook01 = getWorkbook(excelFilePath): null

16-05-2025T11:59:54 - [TEST_STEP][PASSED] - sheet01 = getExcelSheet(workbook01, sheetName): null

16-05-2025T11:59:54 - [TEST_STEP][PASSED] - setValueToCellByIndex(sheet01, n, 0, dashboardName): null

16-05-2025T11:59:54 - [TEST_STEP][PASSED] - setValueToCellByIndex(sheet01, n, 1, dZO): null

16-05-2025T11:59:54 - [TEST_STEP][PASSED] - setValueToCellByIndex(sheet01, n, 2, typeOfData): null

16-05-2025T11:59:54 - [TEST_STEP][PASSED] - if (typeOfData == "Факт в процентах" || typeOfData == "План в процентах"): null

16-05-2025T11:59:54 - [TEST_STEP][PASSED] - setValueToCellByIndex(sheet01, n, 3, fileDouble): null

16-05-2025T11:59:54 - [TEST_STEP][PASSED] - setValueToCellByIndex(sheet01, n, 4, pageDouble): null

16-05-2025T11:59:54 - [TEST_STEP][PASSED] - setValueToCellByIndex(sheet01, n, 5, m): null

16-05-2025T11:59:54 - [TEST_STEP][PASSED] - setValueToCellByIndex(sheet01, n, 6, y): null

16-05-2025T11:59:54 - [TEST_STEP][PASSED] - setValueToCellByIndex(sheet01, n, 7, todaysDate): null

16-05-2025T11:59:54 - [TEST_STEP][PASSED] - n = n + 1: null

16-05-2025T11:59:54 - [TEST_STEP][PASSED] - saveWorkbook(excelFilePath, workbook01): null

16-05-2025T11:59:55 - [TEST_STEP][FAILED] - if (verifyEqual(numberOfErrors, 0) == false): null

16-05-2025T11:59:55 - [MESSAGE][FAILED] - Unable to verify equal between actual object '6' and expected object '0' (Root cause: com.kms.katalon.core.exception.StepFailedException: Actual object '6' and expected object '0' are not equal
	at com.kms.katalon.core.keyword.builtin.VerifyEqualKeyword$_verifyEqual_closure1.doCall(VerifyEqualKeyword.groovy:58)
	at com.kms.katalon.core.keyword.builtin.VerifyEqualKeyword$_verifyEqual_closure1.call(VerifyEqualKeyword.groovy)
	at com.kms.katalon.core.keyword.internal.KeywordMain.runKeyword(KeywordMain.groovy:75)
	at com.kms.katalon.core.keyword.builtin.VerifyEqualKeyword.verifyEqual(VerifyEqualKeyword.groovy:63)
	at com.kms.katalon.core.keyword.builtin.VerifyEqualKeyword.execute(VerifyEqualKeyword.groovy:44)
	at com.kms.katalon.core.keyword.internal.KeywordExecutor.executeKeywordForPlatform(KeywordExecutor.groovy:74)
	at com.kms.katalon.core.keyword.BuiltinKeywords.verifyEqual(BuiltinKeywords.groovy:146)
	at jdk.internal.reflect.GeneratedMethodAccessor24.invoke(Unknown Source)
	at java.base/jdk.internal.reflect.DelegatingMethodAccessorImpl.invoke(DelegatingMethodAccessorImpl.java:43)
	at Выполнение бизнес-плана Сверка ПАО Россети все филиалы.Numbers(Выполнение бизнес-плана Сверка ПАО Россети все филиалы:740)
	at Выполнение бизнес-плана Сверка ПАО Россети все филиалы.Filials(Выполнение бизнес-плана Сверка ПАО Россети все филиалы:961)
	at Выполнение бизнес-плана Сверка ПАО Россети все филиалы.Numbers(Выполнение бизнес-плана Сверка ПАО Россети все филиалы:747)
	at Выполнение бизнес-плана Сверка ПАО Россети все филиалы.run(Выполнение бизнес-плана Сверка ПАО Россети все филиалы:227)
	at com.kms.katalon.core.main.ScriptEngine.run(ScriptEngine.java:194)
	at com.kms.katalon.core.main.ScriptEngine.runScriptAsRawText(ScriptEngine.java:119)
	at com.kms.katalon.core.main.TestCaseExecutor.runScript(TestCaseExecutor.java:448)
	at com.kms.katalon.core.main.TestCaseExecutor.doExecute(TestCaseExecutor.java:439)
	at com.kms.katalon.core.main.TestCaseExecutor.processExecutionPhase(TestCaseExecutor.java:418)
	at com.kms.katalon.core.main.TestCaseExecutor.accessMainPhase(TestCaseExecutor.java:410)
	at com.kms.katalon.core.main.TestCaseExecutor.execute(TestCaseExecutor.java:285)
	at com.kms.katalon.core.common.CommonExecutor.accessTestCaseMainPhase(CommonExecutor.java:65)
	at com.kms.katalon.core.main.TestSuiteExecutor.accessTestSuiteMainPhase(TestSuiteExecutor.java:150)
	at com.kms.katalon.core.main.TestSuiteExecutor.execute(TestSuiteExecutor.java:106)
	at com.kms.katalon.core.main.TestCaseMain.startTestSuite(TestCaseMain.java:180)
	at TempTestSuite1747369435659.run(TempTestSuite1747369435659.groovy:35)
	at java.base/jdk.internal.reflect.NativeMethodAccessorImpl.invoke0(Native Method)
	at java.base/jdk.internal.reflect.NativeMethodAccessorImpl.invoke(NativeMethodAccessorImpl.java:77)
	at java.base/jdk.internal.reflect.DelegatingMethodAccessorImpl.invoke(DelegatingMethodAccessorImpl.java:43)
)

16-05-2025T11:59:55 - [TEST_STEP][PASSED] - println(numberOfErrors): null

16-05-2025T11:59:55 - [TEST_STEP][PASSED] - println("a=" + a): null

16-05-2025T11:59:55 - [TEST_STEP][PASSED] - if (a == 28 || a == 77 || a == 74 || a == 65 || a == 36 || a == 44 || a == 54 || a == 1 || a == 18 || a == 59): null

16-05-2025T11:59:55 - [TEST_STEP][PASSED] - if (a == 82): null

16-05-2025T11:59:55 - [TEST_STEP][PASSED] - dZO = "Саратовские РС": null

16-05-2025T11:59:55 - [TEST_STEP][PASSED] - a = 33: null

16-05-2025T11:59:55 - [TEST_STEP][PASSED] - dzoCut = dZO.substring(0, 10): null

16-05-2025T11:59:55 - [TEST_STEP][PASSED] - if (x2.contains(dzoCut)): null

16-05-2025T11:59:55 - [TEST_STEP][PASSED] - filialNum = filialNum + 1: null

16-05-2025T11:59:55 - [TEST_STEP][PASSED] - Script1718980020443.Numbers(a, typeOfData, todaysDate, pageInt, fileInt, pageDouble, fileDouble, dZO, dzoNum, filialNum): null

16-05-2025T11:59:55 - [TEST_STEP][PASSED] - println(dzoNum): null

16-05-2025T11:59:55 - [TEST_STEP][PASSED] - planFact = <not implemented yet for class: org.codehaus.groovy.ast.expr.EmptyExpression>: null

16-05-2025T11:59:55 - [TEST_STEP][PASSED] - page = <not implemented yet for class: org.codehaus.groovy.ast.expr.EmptyExpression>: null

16-05-2025T11:59:55 - [TEST_STEP][PASSED] - page1 = <not implemented yet for class: org.codehaus.groovy.ast.expr.EmptyExpression>: null

16-05-2025T11:59:55 - [TEST_STEP][PASSED] - page2 = <not implemented yet for class: org.codehaus.groovy.ast.expr.EmptyExpression>: null

16-05-2025T11:59:55 - [TEST_STEP][PASSED] - filialNumberInRow = <not implemented yet for class: org.codehaus.groovy.ast.expr.EmptyExpression>: null

16-05-2025T11:59:55 - [TEST_STEP][PASSED] - filialsDzoNames = <not implemented yet for class: org.codehaus.groovy.ast.expr.EmptyExpression>: null

16-05-2025T11:59:55 - [TEST_STEP][PASSED] - numberOfFilials = <not implemented yet for class: org.codehaus.groovy.ast.expr.EmptyExpression>: null

16-05-2025T11:59:55 - [TEST_STEP][PASSED] - numberOfSpaces = <not implemented yet for class: org.codehaus.groovy.ast.expr.EmptyExpression>: null

16-05-2025T11:59:55 - [TEST_STEP][PASSED] - file = <not implemented yet for class: org.codehaus.groovy.ast.expr.EmptyExpression>: null

16-05-2025T11:59:55 - [TEST_STEP][PASSED] - otpusk = <not implemented yet for class: org.codehaus.groovy.ast.expr.EmptyExpression>: null

16-05-2025T11:59:55 - [TEST_STEP][PASSED] - poteri = <not implemented yet for class: org.codehaus.groovy.ast.expr.EmptyExpression>: null

16-05-2025T11:59:55 - [TEST_STEP][PASSED] - dataFolder = "Выполнение бизнес-плана/Значения со страницы Выполнение бизнес-плана/": null

16-05-2025T11:59:55 - [TEST_STEP][PASSED] - path = <not implemented yet for class: org.codehaus.groovy.ast.expr.EmptyExpression>: null

16-05-2025T11:59:55 - [TEST_STEP][PASSED] - typeOfDataMain = <not implemented yet for class: org.codehaus.groovy.ast.expr.EmptyExpression>: null

16-05-2025T11:59:55 - [TEST_STEP][PASSED] - fileOtpuskVSet = <not implemented yet for class: org.codehaus.groovy.ast.expr.EmptyExpression>: null

16-05-2025T11:59:55 - [TEST_STEP][PASSED] - pageOtpuskVSet = <not implemented yet for class: org.codehaus.groovy.ast.expr.EmptyExpression>: null

16-05-2025T11:59:55 - [TEST_STEP][PASSED] - filePoteri = <not implemented yet for class: org.codehaus.groovy.ast.expr.EmptyExpression>: null

16-05-2025T11:59:55 - [TEST_STEP][PASSED] - pagePoteri = <not implemented yet for class: org.codehaus.groovy.ast.expr.EmptyExpression>: null

16-05-2025T11:59:55 - [TEST_STEP][PASSED] - compare = <not implemented yet for class: org.codehaus.groovy.ast.expr.EmptyExpression>: null

16-05-2025T11:59:55 - [TEST_STEP][PASSED] - b = <not implemented yet for class: org.codehaus.groovy.ast.expr.EmptyExpression>: null

16-05-2025T11:59:55 - [TEST_STEP][PASSED] - i = <not implemented yet for class: org.codehaus.groovy.ast.expr.EmptyExpression>: null

16-05-2025T11:59:55 - [TEST_STEP][PASSED] - ii = <not implemented yet for class: org.codehaus.groovy.ast.expr.EmptyExpression>: null

16-05-2025T11:59:55 - [TEST_STEP][PASSED] - c = <not implemented yet for class: org.codehaus.groovy.ast.expr.EmptyExpression>: null

16-05-2025T11:59:55 - [TEST_STEP][PASSED] - numberOfErrors = 0: null

16-05-2025T11:59:55 - [TEST_STEP][PASSED] - if (a == 82): null

16-05-2025T11:59:55 - [TEST_STEP][PASSED] - b = findTestData("PlanFact").getValue(1, a): null

16-05-2025T11:59:55 - [TEST_STEP][PASSED] - i = b.indexOf(" (ГК)"): null

16-05-2025T11:59:55 - [TEST_STEP][PASSED] - if (i > -1): null

16-05-2025T11:59:55 - [TEST_STEP][PASSED] - i = b.indexOf("О ""): null

16-05-2025T11:59:55 - [TEST_STEP][PASSED] - if (i > -1): null

16-05-2025T11:59:55 - [TEST_STEP][PASSED] - i = b.indexOf("О «"): null

16-05-2025T11:59:55 - [TEST_STEP][PASSED] - if (i > -1): null

16-05-2025T11:59:55 - [TEST_STEP][PASSED] - i = b.indexOf("г. "): null

16-05-2025T11:59:55 - [TEST_STEP][PASSED] - if (i > -1): null

16-05-2025T11:59:55 - [TEST_STEP][PASSED] - b = b.trim(): null

16-05-2025T11:59:55 - [TEST_STEP][PASSED] - println(b): null

16-05-2025T11:59:55 - [TEST_STEP][PASSED] - for ([planFact = 1, planFact < 3, (planFact++)]): null

16-05-2025T11:59:55 - [TEST_STEP][PASSED] - if (planFact == 1): null

16-05-2025T11:59:55 - [TEST_STEP][PASSED] - typeOfDataMain = "Факт": null

16-05-2025T11:59:55 - [TEST_STEP][PASSED] - otpusk = findTestData("PlanFact").getValue(5, a): null

16-05-2025T11:59:55 - [TEST_STEP][PASSED] - poteri = findTestData("PlanFact").getValue(6, a): null

16-05-2025T11:59:55 - [TEST_STEP][PASSED] - otpusk = otpusk.replaceAll("\s+", ""): null

16-05-2025T11:59:55 - [TEST_STEP][PASSED] - poteri = poteri.replaceAll("\s+", ""): null

16-05-2025T11:59:55 - [TEST_STEP][PASSED] - typeOfData = typeOfDataMain + " Отпуск в сеть": null

16-05-2025T11:59:55 - [TEST_STEP][PASSED] - if (a == 82): null

16-05-2025T11:59:55 - [TEST_STEP][PASSED] - else if (a == 84): null

16-05-2025T11:59:55 - [TEST_STEP][PASSED] - else if (a == 83 || a == 52 || a == 72 || a == 28 || a == 73 || a == 77 || a == 74 || a == 65 || a == 36 || a == 44 || a == 53 || a == 80 || a == 54 || a == 1 || a == 18 || a == 59 || a == 81): null

16-05-2025T11:59:55 - [TEST_STEP][PASSED] - else: null

16-05-2025T11:59:55 - [TEST_STEP][PASSED] - path = dataFolder + typeOfData + " за отчётный период " + b: null

16-05-2025T11:59:55 - [TEST_STEP][PASSED] - println(path): null

16-05-2025T11:59:55 - [TEST_STEP][PASSED] - page = getText(findTestObject(path)): Text of object 'Object Repository/Выполнение бизнес-плана/Значения со страницы Выполнение бизнес-плана/Факт Отпуск в сеть за отчётный период Саратовские РС' is: '880 001'

16-05-2025T11:59:55 - [MESSAGE][PASSED] - Text of object 'Object Repository/Выполнение бизнес-плана/Значения со страницы Выполнение бизнес-плана/Факт Отпуск в сеть за отчётный период Саратовские РС' is: '880 001'

16-05-2025T11:59:55 - [TEST_STEP][PASSED] - if (page == "" || page == null): null

16-05-2025T11:59:55 - [TEST_STEP][PASSED] - else: null

16-05-2025T11:59:55 - [TEST_STEP][PASSED] - page = page.replaceAll("\s+", ""): null

16-05-2025T11:59:55 - [TEST_STEP][PASSED] - if (page == "undefined"): null

16-05-2025T11:59:55 - [TEST_STEP][PASSED] - fileOtpuskVSet = otpusk.toInteger(): null

16-05-2025T11:59:55 - [TEST_STEP][PASSED] - pageOtpuskVSet = page.toInteger(): null

16-05-2025T11:59:55 - [TEST_STEP][PASSED] - typeOfData = typeOfDataMain + " Потери": null

16-05-2025T11:59:55 - [TEST_STEP][PASSED] - if (a == 82): null

16-05-2025T11:59:55 - [TEST_STEP][PASSED] - else if (a == 84): null

16-05-2025T11:59:55 - [TEST_STEP][PASSED] - else if (a == 83 || a == 52 || a == 72 || a == 28 || a == 73 || a == 77 || a == 74 || a == 65 || a == 36 || a == 44 || a == 53 || a == 80 || a == 54 || a == 1 || a == 18 || a == 59 || a == 81): null

16-05-2025T11:59:55 - [TEST_STEP][PASSED] - else: null

16-05-2025T11:59:55 - [TEST_STEP][PASSED] - path = dataFolder + typeOfData + " за отчётный период " + b: null

16-05-2025T11:59:55 - [TEST_STEP][PASSED] - page = getText(findTestObject(path)): Text of object 'Object Repository/Выполнение бизнес-плана/Значения со страницы Выполнение бизнес-плана/Факт Потери за отчётный период Саратовские РС' is: '51 219'

16-05-2025T11:59:55 - [MESSAGE][PASSED] - Text of object 'Object Repository/Выполнение бизнес-плана/Значения со страницы Выполнение бизнес-плана/Факт Потери за отчётный период Саратовские РС' is: '51 219'

16-05-2025T11:59:55 - [TEST_STEP][PASSED] - if (page == "" || page == null): null

16-05-2025T11:59:55 - [TEST_STEP][PASSED] - else: null

16-05-2025T11:59:55 - [TEST_STEP][PASSED] - page = page.replaceAll("\s+", ""): null

16-05-2025T11:59:55 - [TEST_STEP][PASSED] - if (page == "undefined"): null

16-05-2025T11:59:55 - [TEST_STEP][PASSED] - filePoteri = poteri.toInteger(): null

16-05-2025T11:59:55 - [TEST_STEP][PASSED] - pagePoteri = page.toInteger(): null

16-05-2025T11:59:55 - [TEST_STEP][PASSED] - compare = pageOtpuskVSet: null

16-05-2025T11:59:55 - [TEST_STEP][PASSED] - if (pageOtpuskVSet != null): null

16-05-2025T11:59:55 - [TEST_STEP][PASSED] - if (compare == fileOtpuskVSet): null

16-05-2025T11:59:55 - [TEST_STEP][PASSED] - else if (compare > fileOtpuskVSet): null

16-05-2025T11:59:55 - [TEST_STEP][PASSED] - else if (compare < fileOtpuskVSet): null

16-05-2025T11:59:55 - [TEST_STEP][PASSED] - compare = compare + 1: null

16-05-2025T11:59:55 - [TEST_STEP][PASSED] - if (compare == fileOtpuskVSet): null

16-05-2025T11:59:55 - [TEST_STEP][PASSED] - else: null

16-05-2025T11:59:55 - [TEST_STEP][PASSED] - numberOfErrors = numberOfErrors + 1: null

16-05-2025T11:59:55 - [TEST_STEP][PASSED] - pageInt = pageOtpuskVSet: null

16-05-2025T11:59:55 - [TEST_STEP][PASSED] - fileInt = fileOtpuskVSet: null

16-05-2025T11:59:55 - [TEST_STEP][PASSED] - typeOfData = typeOfDataMain + " Отпуск в сеть": null

16-05-2025T11:59:55 - [TEST_STEP][PASSED] - Script1718980020443.WriteToExcel(a, typeOfData, todaysDate, pageInt, fileInt, pageDouble, fileDouble, dZO): null

16-05-2025T11:59:55 - [TEST_STEP][PASSED] - sheetName = "Sheet1": null

16-05-2025T11:59:55 - [TEST_STEP][PASSED] - data = findTestData("PlanFact"): null

16-05-2025T11:59:55 - [TEST_STEP][PASSED] - n = data.getRowNumbers() + 1: null

16-05-2025T11:59:55 - [TEST_STEP][PASSED] - day = ")).toInteger(): null

16-05-2025T11:59:55 - [TEST_STEP][PASSED] - println(day): null

16-05-2025T11:59:55 - [TEST_STEP][PASSED] - month = ")).toInteger(): null

16-05-2025T11:59:55 - [TEST_STEP][PASSED] - println(month): null

16-05-2025T11:59:55 - [TEST_STEP][PASSED] - y = <not implemented yet for class: org.codehaus.groovy.ast.expr.EmptyExpression>: null

16-05-2025T11:59:55 - [TEST_STEP][PASSED] - iy = <not implemented yet for class: org.codehaus.groovy.ast.expr.EmptyExpression>: null

16-05-2025T11:59:55 - [TEST_STEP][PASSED] - m = getText(findTestObject("Выполнение бизнес-плана/Период")): Text of object 'Object Repository/Выполнение бизнес-плана/Период' is: '1 кв. 2025 года'

16-05-2025T11:59:56 - [MESSAGE][PASSED] - Text of object 'Object Repository/Выполнение бизнес-плана/Период' is: '1 кв. 2025 года'

16-05-2025T11:59:56 - [TEST_STEP][PASSED] - iy = m.indexOf("20"): null

16-05-2025T11:59:56 - [TEST_STEP][PASSED] - if (iy > -1): null

16-05-2025T11:59:56 - [TEST_STEP][PASSED] - y = substring(iy, iy + 4).toInteger(): null

16-05-2025T11:59:56 - [TEST_STEP][PASSED] - println(y): null

16-05-2025T11:59:56 - [TEST_STEP][PASSED] - if (toString().length() == 4): null

16-05-2025T11:59:56 - [TEST_STEP][PASSED] - m = m.substring(0, m.indexOf(y.toString())): null

16-05-2025T11:59:56 - [TEST_STEP][PASSED] - m = m.trim(): null

16-05-2025T11:59:56 - [TEST_STEP][PASSED] - if (m == ""): null

16-05-2025T11:59:56 - [TEST_STEP][PASSED] - dashboardName = "Выполнение бизнес-плана": null

16-05-2025T11:59:56 - [TEST_STEP][PASSED] - workbook01 = getWorkbook(excelFilePath): null

16-05-2025T11:59:56 - [TEST_STEP][PASSED] - sheet01 = getExcelSheet(workbook01, sheetName): null

16-05-2025T11:59:56 - [TEST_STEP][PASSED] - setValueToCellByIndex(sheet01, n, 0, dashboardName): null

16-05-2025T11:59:56 - [TEST_STEP][PASSED] - setValueToCellByIndex(sheet01, n, 1, dZO): null

16-05-2025T11:59:56 - [TEST_STEP][PASSED] - setValueToCellByIndex(sheet01, n, 2, typeOfData): null

16-05-2025T11:59:56 - [TEST_STEP][PASSED] - if (typeOfData == "Факт в процентах" || typeOfData == "План в процентах"): null

16-05-2025T11:59:56 - [TEST_STEP][PASSED] - else: null

16-05-2025T11:59:56 - [TEST_STEP][PASSED] - setValueToCellByIndex(sheet01, n, 3, fileInt): null

16-05-2025T11:59:56 - [TEST_STEP][PASSED] - setValueToCellByIndex(sheet01, n, 4, pageInt): null

16-05-2025T11:59:56 - [TEST_STEP][PASSED] - setValueToCellByIndex(sheet01, n, 5, m): null

16-05-2025T11:59:56 - [TEST_STEP][PASSED] - setValueToCellByIndex(sheet01, n, 6, y): null

16-05-2025T11:59:56 - [TEST_STEP][PASSED] - setValueToCellByIndex(sheet01, n, 7, todaysDate): null

16-05-2025T11:59:56 - [TEST_STEP][PASSED] - n = n + 1: null

16-05-2025T11:59:56 - [TEST_STEP][PASSED] - saveWorkbook(excelFilePath, workbook01): null

16-05-2025T11:59:56 - [TEST_STEP][PASSED] - compare = pagePoteri: null

16-05-2025T11:59:56 - [TEST_STEP][PASSED] - if (pageOtpuskVSet != null): null

16-05-2025T11:59:56 - [TEST_STEP][PASSED] - if (compare == filePoteri): null

16-05-2025T11:59:56 - [TEST_STEP][PASSED] - else if (compare > filePoteri): null

16-05-2025T11:59:56 - [TEST_STEP][PASSED] - else if (compare < filePoteri): null

16-05-2025T11:59:56 - [TEST_STEP][PASSED] - compare = compare + 1: null

16-05-2025T11:59:56 - [TEST_STEP][PASSED] - if (compare == filePoteri): null

16-05-2025T11:59:56 - [TEST_STEP][PASSED] - else: null

16-05-2025T11:59:56 - [TEST_STEP][PASSED] - numberOfErrors = numberOfErrors + 1: null

16-05-2025T11:59:56 - [TEST_STEP][PASSED] - pageInt = pagePoteri: null

16-05-2025T11:59:56 - [TEST_STEP][PASSED] - fileInt = filePoteri: null

16-05-2025T11:59:56 - [TEST_STEP][PASSED] - typeOfData = typeOfDataMain + " Потери": null

16-05-2025T11:59:56 - [TEST_STEP][PASSED] - Script1718980020443.WriteToExcel(a, typeOfData, todaysDate, pageInt, fileInt, pageDouble, fileDouble, dZO): null

16-05-2025T11:59:56 - [TEST_STEP][PASSED] - sheetName = "Sheet1": null

16-05-2025T11:59:56 - [TEST_STEP][PASSED] - data = findTestData("PlanFact"): null

16-05-2025T11:59:56 - [TEST_STEP][PASSED] - n = data.getRowNumbers() + 1: null

16-05-2025T11:59:56 - [TEST_STEP][PASSED] - day = ")).toInteger(): null

16-05-2025T11:59:56 - [TEST_STEP][PASSED] - println(day): null

16-05-2025T11:59:56 - [TEST_STEP][PASSED] - month = ")).toInteger(): null

16-05-2025T11:59:56 - [TEST_STEP][PASSED] - println(month): null

16-05-2025T11:59:56 - [TEST_STEP][PASSED] - y = <not implemented yet for class: org.codehaus.groovy.ast.expr.EmptyExpression>: null

16-05-2025T11:59:56 - [TEST_STEP][PASSED] - iy = <not implemented yet for class: org.codehaus.groovy.ast.expr.EmptyExpression>: null

16-05-2025T11:59:56 - [TEST_STEP][PASSED] - m = getText(findTestObject("Выполнение бизнес-плана/Период")): Text of object 'Object Repository/Выполнение бизнес-плана/Период' is: '1 кв. 2025 года'

16-05-2025T11:59:56 - [MESSAGE][PASSED] - Text of object 'Object Repository/Выполнение бизнес-плана/Период' is: '1 кв. 2025 года'

16-05-2025T11:59:56 - [TEST_STEP][PASSED] - iy = m.indexOf("20"): null

16-05-2025T11:59:56 - [TEST_STEP][PASSED] - if (iy > -1): null

16-05-2025T11:59:56 - [TEST_STEP][PASSED] - y = substring(iy, iy + 4).toInteger(): null

16-05-2025T11:59:56 - [TEST_STEP][PASSED] - println(y): null

16-05-2025T11:59:56 - [TEST_STEP][PASSED] - if (toString().length() == 4): null

16-05-2025T11:59:56 - [TEST_STEP][PASSED] - m = m.substring(0, m.indexOf(y.toString())): null

16-05-2025T11:59:56 - [TEST_STEP][PASSED] - m = m.trim(): null

16-05-2025T11:59:56 - [TEST_STEP][PASSED] - if (m == ""): null

16-05-2025T11:59:56 - [TEST_STEP][PASSED] - dashboardName = "Выполнение бизнес-плана": null

16-05-2025T11:59:56 - [TEST_STEP][PASSED] - workbook01 = getWorkbook(excelFilePath): null

16-05-2025T11:59:56 - [TEST_STEP][PASSED] - sheet01 = getExcelSheet(workbook01, sheetName): null

16-05-2025T11:59:56 - [TEST_STEP][PASSED] - setValueToCellByIndex(sheet01, n, 0, dashboardName): null

16-05-2025T11:59:56 - [TEST_STEP][PASSED] - setValueToCellByIndex(sheet01, n, 1, dZO): null

16-05-2025T11:59:56 - [TEST_STEP][PASSED] - setValueToCellByIndex(sheet01, n, 2, typeOfData): null

16-05-2025T11:59:56 - [TEST_STEP][PASSED] - if (typeOfData == "Факт в процентах" || typeOfData == "План в процентах"): null

16-05-2025T11:59:56 - [TEST_STEP][PASSED] - else: null

16-05-2025T11:59:56 - [TEST_STEP][PASSED] - setValueToCellByIndex(sheet01, n, 3, fileInt): null

16-05-2025T11:59:56 - [TEST_STEP][PASSED] - setValueToCellByIndex(sheet01, n, 4, pageInt): null

16-05-2025T11:59:56 - [TEST_STEP][PASSED] - setValueToCellByIndex(sheet01, n, 5, m): null

16-05-2025T11:59:56 - [TEST_STEP][PASSED] - setValueToCellByIndex(sheet01, n, 6, y): null

16-05-2025T11:59:56 - [TEST_STEP][PASSED] - setValueToCellByIndex(sheet01, n, 7, todaysDate): null

16-05-2025T11:59:56 - [TEST_STEP][PASSED] - n = n + 1: null

16-05-2025T11:59:56 - [TEST_STEP][PASSED] - saveWorkbook(excelFilePath, workbook01): null

16-05-2025T11:59:57 - [TEST_STEP][PASSED] - if (planFact == 2): null

16-05-2025T11:59:57 - [TEST_STEP][PASSED] - if (planFact == 1): null

16-05-2025T11:59:57 - [TEST_STEP][PASSED] - else if (planFact == 2): null

16-05-2025T11:59:57 - [TEST_STEP][PASSED] - click(findTestObject("Выполнение бизнес-плана/Кнопка План")): Object: 'Object Repository/Выполнение бизнес-плана/Кнопка План' is clicked on

16-05-2025T11:59:57 - [MESSAGE][PASSED] - Object: 'Object Repository/Выполнение бизнес-плана/Кнопка План' is clicked on

16-05-2025T11:59:57 - [TEST_STEP][PASSED] - typeOfDataMain = "План": null

16-05-2025T11:59:57 - [TEST_STEP][PASSED] - otpusk = findTestData("PlanFact").getValue(2, a): null

16-05-2025T11:59:57 - [TEST_STEP][PASSED] - poteri = findTestData("PlanFact").getValue(3, a): null

16-05-2025T11:59:57 - [TEST_STEP][PASSED] - otpusk = otpusk.replaceAll("\s+", ""): null

16-05-2025T11:59:57 - [TEST_STEP][PASSED] - poteri = poteri.replaceAll("\s+", ""): null

16-05-2025T11:59:57 - [TEST_STEP][PASSED] - typeOfData = typeOfDataMain + " Отпуск в сеть": null

16-05-2025T11:59:57 - [TEST_STEP][PASSED] - if (a == 82): null

16-05-2025T11:59:57 - [TEST_STEP][PASSED] - else if (a == 84): null

16-05-2025T11:59:57 - [TEST_STEP][PASSED] - else if (a == 83 || a == 52 || a == 72 || a == 28 || a == 73 || a == 77 || a == 74 || a == 65 || a == 36 || a == 44 || a == 53 || a == 80 || a == 54 || a == 1 || a == 18 || a == 59 || a == 81): null

16-05-2025T11:59:57 - [TEST_STEP][PASSED] - else: null

16-05-2025T11:59:57 - [TEST_STEP][PASSED] - path = dataFolder + typeOfData + " за отчётный период " + b: null

16-05-2025T11:59:57 - [TEST_STEP][PASSED] - println(path): null

16-05-2025T11:59:57 - [TEST_STEP][PASSED] - page = getText(findTestObject(path)): Text of object 'Object Repository/Выполнение бизнес-плана/Значения со страницы Выполнение бизнес-плана/План Отпуск в сеть за отчётный период Саратовские РС' is: '925 980'

16-05-2025T11:59:57 - [MESSAGE][PASSED] - Text of object 'Object Repository/Выполнение бизнес-плана/Значения со страницы Выполнение бизнес-плана/План Отпуск в сеть за отчётный период Саратовские РС' is: '925 980'

16-05-2025T11:59:57 - [TEST_STEP][PASSED] - if (page == "" || page == null): null

16-05-2025T11:59:57 - [TEST_STEP][PASSED] - else: null

16-05-2025T11:59:57 - [TEST_STEP][PASSED] - page = page.replaceAll("\s+", ""): null

16-05-2025T11:59:57 - [TEST_STEP][PASSED] - if (page == "undefined"): null

16-05-2025T11:59:57 - [TEST_STEP][PASSED] - fileOtpuskVSet = otpusk.toInteger(): null

16-05-2025T11:59:57 - [TEST_STEP][PASSED] - pageOtpuskVSet = page.toInteger(): null

16-05-2025T11:59:57 - [TEST_STEP][PASSED] - typeOfData = typeOfDataMain + " Потери": null

16-05-2025T11:59:57 - [TEST_STEP][PASSED] - if (a == 82): null

16-05-2025T11:59:57 - [TEST_STEP][PASSED] - else if (a == 84): null

16-05-2025T11:59:57 - [TEST_STEP][PASSED] - else if (a == 83 || a == 52 || a == 72 || a == 28 || a == 73 || a == 77 || a == 74 || a == 65 || a == 36 || a == 44 || a == 53 || a == 80 || a == 54 || a == 1 || a == 18 || a == 59 || a == 81): null

16-05-2025T11:59:57 - [TEST_STEP][PASSED] - else: null

16-05-2025T11:59:57 - [TEST_STEP][PASSED] - path = dataFolder + typeOfData + " за отчётный период " + b: null

16-05-2025T11:59:57 - [TEST_STEP][PASSED] - page = getText(findTestObject(path)): Text of object 'Object Repository/Выполнение бизнес-плана/Значения со страницы Выполнение бизнес-плана/План Потери за отчётный период Саратовские РС' is: '64 175'

16-05-2025T11:59:58 - [MESSAGE][PASSED] - Text of object 'Object Repository/Выполнение бизнес-плана/Значения со страницы Выполнение бизнес-плана/План Потери за отчётный период Саратовские РС' is: '64 175'

16-05-2025T11:59:58 - [TEST_STEP][PASSED] - if (page == "" || page == null): null

16-05-2025T11:59:58 - [TEST_STEP][PASSED] - else: null

16-05-2025T11:59:58 - [TEST_STEP][PASSED] - page = page.replaceAll("\s+", ""): null

16-05-2025T11:59:58 - [TEST_STEP][PASSED] - if (page == "undefined"): null

16-05-2025T11:59:58 - [TEST_STEP][PASSED] - filePoteri = poteri.toInteger(): null

16-05-2025T11:59:58 - [TEST_STEP][PASSED] - pagePoteri = page.toInteger(): null

16-05-2025T11:59:58 - [TEST_STEP][PASSED] - compare = pageOtpuskVSet: null

16-05-2025T11:59:58 - [TEST_STEP][PASSED] - if (pageOtpuskVSet != null): null

16-05-2025T11:59:58 - [TEST_STEP][PASSED] - if (compare == fileOtpuskVSet): null

16-05-2025T11:59:58 - [TEST_STEP][PASSED] - else if (compare > fileOtpuskVSet): null

16-05-2025T11:59:58 - [TEST_STEP][PASSED] - else if (compare < fileOtpuskVSet): null

16-05-2025T11:59:58 - [TEST_STEP][PASSED] - compare = compare + 1: null

16-05-2025T11:59:58 - [TEST_STEP][PASSED] - if (compare == fileOtpuskVSet): null

16-05-2025T11:59:58 - [TEST_STEP][PASSED] - else: null

16-05-2025T11:59:58 - [TEST_STEP][PASSED] - numberOfErrors = numberOfErrors + 1: null

16-05-2025T11:59:58 - [TEST_STEP][PASSED] - pageInt = pageOtpuskVSet: null

16-05-2025T11:59:58 - [TEST_STEP][PASSED] - fileInt = fileOtpuskVSet: null

16-05-2025T11:59:58 - [TEST_STEP][PASSED] - typeOfData = typeOfDataMain + " Отпуск в сеть": null

16-05-2025T11:59:58 - [TEST_STEP][PASSED] - Script1718980020443.WriteToExcel(a, typeOfData, todaysDate, pageInt, fileInt, pageDouble, fileDouble, dZO): null

16-05-2025T11:59:58 - [TEST_STEP][PASSED] - sheetName = "Sheet1": null

16-05-2025T11:59:58 - [TEST_STEP][PASSED] - data = findTestData("PlanFact"): null

16-05-2025T11:59:58 - [TEST_STEP][PASSED] - n = data.getRowNumbers() + 1: null

16-05-2025T11:59:58 - [TEST_STEP][PASSED] - day = ")).toInteger(): null

16-05-2025T11:59:58 - [TEST_STEP][PASSED] - println(day): null

16-05-2025T11:59:58 - [TEST_STEP][PASSED] - month = ")).toInteger(): null

16-05-2025T11:59:58 - [TEST_STEP][PASSED] - println(month): null

16-05-2025T11:59:58 - [TEST_STEP][PASSED] - y = <not implemented yet for class: org.codehaus.groovy.ast.expr.EmptyExpression>: null

16-05-2025T11:59:58 - [TEST_STEP][PASSED] - iy = <not implemented yet for class: org.codehaus.groovy.ast.expr.EmptyExpression>: null

16-05-2025T11:59:58 - [TEST_STEP][PASSED] - m = getText(findTestObject("Выполнение бизнес-плана/Период")): Text of object 'Object Repository/Выполнение бизнес-плана/Период' is: '1 кв. 2025 года'

16-05-2025T11:59:58 - [MESSAGE][PASSED] - Text of object 'Object Repository/Выполнение бизнес-плана/Период' is: '1 кв. 2025 года'

16-05-2025T11:59:58 - [TEST_STEP][PASSED] - iy = m.indexOf("20"): null

16-05-2025T11:59:58 - [TEST_STEP][PASSED] - if (iy > -1): null

16-05-2025T11:59:58 - [TEST_STEP][PASSED] - y = substring(iy, iy + 4).toInteger(): null

16-05-2025T11:59:58 - [TEST_STEP][PASSED] - println(y): null

16-05-2025T11:59:58 - [TEST_STEP][PASSED] - if (toString().length() == 4): null

16-05-2025T11:59:58 - [TEST_STEP][PASSED] - m = m.substring(0, m.indexOf(y.toString())): null

16-05-2025T11:59:58 - [TEST_STEP][PASSED] - m = m.trim(): null

16-05-2025T11:59:58 - [TEST_STEP][PASSED] - if (m == ""): null

16-05-2025T11:59:58 - [TEST_STEP][PASSED] - dashboardName = "Выполнение бизнес-плана": null

16-05-2025T11:59:58 - [TEST_STEP][PASSED] - workbook01 = getWorkbook(excelFilePath): null

16-05-2025T11:59:58 - [TEST_STEP][PASSED] - sheet01 = getExcelSheet(workbook01, sheetName): null

16-05-2025T11:59:58 - [TEST_STEP][PASSED] - setValueToCellByIndex(sheet01, n, 0, dashboardName): null

16-05-2025T11:59:58 - [TEST_STEP][PASSED] - setValueToCellByIndex(sheet01, n, 1, dZO): null

16-05-2025T11:59:58 - [TEST_STEP][PASSED] - setValueToCellByIndex(sheet01, n, 2, typeOfData): null

16-05-2025T11:59:58 - [TEST_STEP][PASSED] - if (typeOfData == "Факт в процентах" || typeOfData == "План в процентах"): null

16-05-2025T11:59:58 - [TEST_STEP][PASSED] - else: null

16-05-2025T11:59:58 - [TEST_STEP][PASSED] - setValueToCellByIndex(sheet01, n, 3, fileInt): null

16-05-2025T11:59:58 - [TEST_STEP][PASSED] - setValueToCellByIndex(sheet01, n, 4, pageInt): null

16-05-2025T11:59:58 - [TEST_STEP][PASSED] - setValueToCellByIndex(sheet01, n, 5, m): null

16-05-2025T11:59:58 - [TEST_STEP][PASSED] - setValueToCellByIndex(sheet01, n, 6, y): null

16-05-2025T11:59:58 - [TEST_STEP][PASSED] - setValueToCellByIndex(sheet01, n, 7, todaysDate): null

16-05-2025T11:59:58 - [TEST_STEP][PASSED] - n = n + 1: null

16-05-2025T11:59:58 - [TEST_STEP][PASSED] - saveWorkbook(excelFilePath, workbook01): null

16-05-2025T11:59:58 - [TEST_STEP][PASSED] - compare = pagePoteri: null

16-05-2025T11:59:58 - [TEST_STEP][PASSED] - if (pageOtpuskVSet != null): null

16-05-2025T11:59:58 - [TEST_STEP][PASSED] - if (compare == filePoteri): null

16-05-2025T11:59:58 - [TEST_STEP][PASSED] - else if (compare > filePoteri): null

16-05-2025T11:59:58 - [TEST_STEP][PASSED] - else if (compare < filePoteri): null

16-05-2025T11:59:58 - [TEST_STEP][PASSED] - compare = compare + 1: null

16-05-2025T11:59:58 - [TEST_STEP][PASSED] - if (compare == filePoteri): null

16-05-2025T11:59:58 - [TEST_STEP][PASSED] - else: null

16-05-2025T11:59:58 - [TEST_STEP][PASSED] - numberOfErrors = numberOfErrors + 1: null

16-05-2025T11:59:58 - [TEST_STEP][PASSED] - pageInt = pagePoteri: null

16-05-2025T11:59:58 - [TEST_STEP][PASSED] - fileInt = filePoteri: null

16-05-2025T11:59:58 - [TEST_STEP][PASSED] - typeOfData = typeOfDataMain + " Потери": null

16-05-2025T11:59:58 - [TEST_STEP][PASSED] - Script1718980020443.WriteToExcel(a, typeOfData, todaysDate, pageInt, fileInt, pageDouble, fileDouble, dZO): null

16-05-2025T11:59:58 - [TEST_STEP][PASSED] - sheetName = "Sheet1": null

16-05-2025T11:59:58 - [TEST_STEP][PASSED] - data = findTestData("PlanFact"): null

16-05-2025T11:59:59 - [TEST_STEP][PASSED] - n = data.getRowNumbers() + 1: null

16-05-2025T11:59:59 - [TEST_STEP][PASSED] - day = ")).toInteger(): null

16-05-2025T11:59:59 - [TEST_STEP][PASSED] - println(day): null

16-05-2025T11:59:59 - [TEST_STEP][PASSED] - month = ")).toInteger(): null

16-05-2025T11:59:59 - [TEST_STEP][PASSED] - println(month): null

16-05-2025T11:59:59 - [TEST_STEP][PASSED] - y = <not implemented yet for class: org.codehaus.groovy.ast.expr.EmptyExpression>: null

16-05-2025T11:59:59 - [TEST_STEP][PASSED] - iy = <not implemented yet for class: org.codehaus.groovy.ast.expr.EmptyExpression>: null

16-05-2025T11:59:59 - [TEST_STEP][PASSED] - m = getText(findTestObject("Выполнение бизнес-плана/Период")): Text of object 'Object Repository/Выполнение бизнес-плана/Период' is: '1 кв. 2025 года'

16-05-2025T11:59:59 - [MESSAGE][PASSED] - Text of object 'Object Repository/Выполнение бизнес-плана/Период' is: '1 кв. 2025 года'

16-05-2025T11:59:59 - [TEST_STEP][PASSED] - iy = m.indexOf("20"): null

16-05-2025T11:59:59 - [TEST_STEP][PASSED] - if (iy > -1): null

16-05-2025T11:59:59 - [TEST_STEP][PASSED] - y = substring(iy, iy + 4).toInteger(): null

16-05-2025T11:59:59 - [TEST_STEP][PASSED] - println(y): null

16-05-2025T11:59:59 - [TEST_STEP][PASSED] - if (toString().length() == 4): null

16-05-2025T11:59:59 - [TEST_STEP][PASSED] - m = m.substring(0, m.indexOf(y.toString())): null

16-05-2025T11:59:59 - [TEST_STEP][PASSED] - m = m.trim(): null

16-05-2025T11:59:59 - [TEST_STEP][PASSED] - if (m == ""): null

16-05-2025T11:59:59 - [TEST_STEP][PASSED] - dashboardName = "Выполнение бизнес-плана": null

16-05-2025T11:59:59 - [TEST_STEP][PASSED] - workbook01 = getWorkbook(excelFilePath): null

16-05-2025T11:59:59 - [TEST_STEP][PASSED] - sheet01 = getExcelSheet(workbook01, sheetName): null

16-05-2025T11:59:59 - [TEST_STEP][PASSED] - setValueToCellByIndex(sheet01, n, 0, dashboardName): null

16-05-2025T11:59:59 - [TEST_STEP][PASSED] - setValueToCellByIndex(sheet01, n, 1, dZO): null

16-05-2025T11:59:59 - [TEST_STEP][PASSED] - setValueToCellByIndex(sheet01, n, 2, typeOfData): null

16-05-2025T11:59:59 - [TEST_STEP][PASSED] - if (typeOfData == "Факт в процентах" || typeOfData == "План в процентах"): null

16-05-2025T11:59:59 - [TEST_STEP][PASSED] - else: null

16-05-2025T11:59:59 - [TEST_STEP][PASSED] - setValueToCellByIndex(sheet01, n, 3, fileInt): null

16-05-2025T11:59:59 - [TEST_STEP][PASSED] - setValueToCellByIndex(sheet01, n, 4, pageInt): null

16-05-2025T11:59:59 - [TEST_STEP][PASSED] - setValueToCellByIndex(sheet01, n, 5, m): null

16-05-2025T11:59:59 - [TEST_STEP][PASSED] - setValueToCellByIndex(sheet01, n, 6, y): null

16-05-2025T11:59:59 - [TEST_STEP][PASSED] - setValueToCellByIndex(sheet01, n, 7, todaysDate): null

16-05-2025T11:59:59 - [TEST_STEP][PASSED] - n = n + 1: null

16-05-2025T11:59:59 - [TEST_STEP][PASSED] - saveWorkbook(excelFilePath, workbook01): Object: 'Object Repository/Выполнение бизнес-плана/Кнопка Факт' is clicked on

16-05-2025T11:59:59 - [TEST_STEP][PASSED] - if (planFact == 2): Object: 'Object Repository/Выполнение бизнес-плана/Кнопка Факт' is clicked on

16-05-2025T11:59:59 - [TEST_STEP][PASSED] - click(findTestObject("Выполнение бизнес-плана/Кнопка Факт")): Object: 'Object Repository/Выполнение бизнес-плана/Кнопка Факт' is clicked on

16-05-2025T11:59:59 - [MESSAGE][PASSED] - Object: 'Object Repository/Выполнение бизнес-плана/Кнопка Факт' is clicked on

16-05-2025T11:59:59 - [TEST_STEP][PASSED] - println("a=" + a): null

16-05-2025T11:59:59 - [TEST_STEP][PASSED] - if (a == 84 || a == 82): null

16-05-2025T11:59:59 - [TEST_STEP][PASSED] - else if (a == 83 || a == 52 || a == 72 || a == 28 || a == 73 || a == 77 || a == 74 || a == 65 || a == 36 || a == 44 || a == 53 || a == 80 || a == 54 || a == 1 || a == 18 || a == 59 || a == 81): null

16-05-2025T11:59:59 - [TEST_STEP][PASSED] - else: null

16-05-2025T11:59:59 - [TEST_STEP][PASSED] - page1 = getText(findTestObject("Object Repository/Выполнение бизнес-плана/spanPlan" + filialNum)): Text of object 'Object Repository/Выполнение бизнес-плана/spanPlan5' is: '6.93
|'

16-05-2025T12:00:00 - [MESSAGE][PASSED] - Text of object 'Object Repository/Выполнение бизнес-плана/spanPlan5' is: '6.93
|'

16-05-2025T12:00:00 - [TEST_STEP][PASSED] - page1 = page1.replace("|", ""): null

16-05-2025T12:00:00 - [TEST_STEP][PASSED] - page2 = getText(findTestObject("Object Repository/Выполнение бизнес-плана/spanFact" + filialNum)): Text of object 'Object Repository/Выполнение бизнес-плана/spanFact5' is: '5.82
|'

16-05-2025T12:00:00 - [MESSAGE][PASSED] - Text of object 'Object Repository/Выполнение бизнес-плана/spanFact5' is: '5.82
|'

16-05-2025T12:00:00 - [TEST_STEP][PASSED] - page2 = page2.replace("|", ""): null

16-05-2025T12:00:00 - [TEST_STEP][PASSED] - println("page1: " + page1): null

16-05-2025T12:00:00 - [TEST_STEP][PASSED] - println("page2: " + page2): null

16-05-2025T12:00:00 - [TEST_STEP][PASSED] - file = findTestData("PlanFact").getValue(4, a): null

16-05-2025T12:00:00 - [TEST_STEP][PASSED] - file = file.replace(",", "."): null

16-05-2025T12:00:00 - [TEST_STEP][PASSED] - println("file Plan: " + file): null

16-05-2025T12:00:00 - [TEST_STEP][PASSED] - typeOfData = "План в процентах": null

16-05-2025T12:00:00 - [TEST_STEP][PASSED] - fileDouble = file.toDouble(): null

16-05-2025T12:00:00 - [TEST_STEP][PASSED] - pageDouble = page1.toDouble(): null

16-05-2025T12:00:00 - [TEST_STEP][PASSED] - if (fileDouble != pageDouble): null

16-05-2025T12:00:00 - [TEST_STEP][PASSED] - numberOfErrors = numberOfErrors + 1: null

16-05-2025T12:00:00 - [TEST_STEP][PASSED] - Script1718980020443.WriteToExcel(a, typeOfData, todaysDate, pageInt, fileInt, pageDouble, fileDouble, dZO): null

16-05-2025T12:00:00 - [TEST_STEP][PASSED] - sheetName = "Sheet1": null

16-05-2025T12:00:00 - [TEST_STEP][PASSED] - data = findTestData("PlanFact"): null

16-05-2025T12:00:00 - [TEST_STEP][PASSED] - n = data.getRowNumbers() + 1: null

16-05-2025T12:00:00 - [TEST_STEP][PASSED] - day = ")).toInteger(): null

16-05-2025T12:00:00 - [TEST_STEP][PASSED] - println(day): null

16-05-2025T12:00:00 - [TEST_STEP][PASSED] - month = ")).toInteger(): null

16-05-2025T12:00:00 - [TEST_STEP][PASSED] - println(month): null

16-05-2025T12:00:00 - [TEST_STEP][PASSED] - y = <not implemented yet for class: org.codehaus.groovy.ast.expr.EmptyExpression>: null

16-05-2025T12:00:00 - [TEST_STEP][PASSED] - iy = <not implemented yet for class: org.codehaus.groovy.ast.expr.EmptyExpression>: null

16-05-2025T12:00:00 - [TEST_STEP][PASSED] - m = getText(findTestObject("Выполнение бизнес-плана/Период")): Text of object 'Object Repository/Выполнение бизнес-плана/Период' is: '1 кв. 2025 года'

16-05-2025T12:00:01 - [MESSAGE][PASSED] - Text of object 'Object Repository/Выполнение бизнес-плана/Период' is: '1 кв. 2025 года'

16-05-2025T12:00:01 - [TEST_STEP][PASSED] - iy = m.indexOf("20"): null

16-05-2025T12:00:01 - [TEST_STEP][PASSED] - if (iy > -1): null

16-05-2025T12:00:01 - [TEST_STEP][PASSED] - y = substring(iy, iy + 4).toInteger(): null

16-05-2025T12:00:01 - [TEST_STEP][PASSED] - println(y): null

16-05-2025T12:00:01 - [TEST_STEP][PASSED] - if (toString().length() == 4): null

16-05-2025T12:00:01 - [TEST_STEP][PASSED] - m = m.substring(0, m.indexOf(y.toString())): null

16-05-2025T12:00:01 - [TEST_STEP][PASSED] - m = m.trim(): null

16-05-2025T12:00:01 - [TEST_STEP][PASSED] - if (m == ""): null

16-05-2025T12:00:01 - [TEST_STEP][PASSED] - dashboardName = "Выполнение бизнес-плана": null

16-05-2025T12:00:01 - [TEST_STEP][PASSED] - workbook01 = getWorkbook(excelFilePath): null

16-05-2025T12:00:01 - [TEST_STEP][PASSED] - sheet01 = getExcelSheet(workbook01, sheetName): null

16-05-2025T12:00:01 - [TEST_STEP][PASSED] - setValueToCellByIndex(sheet01, n, 0, dashboardName): null

16-05-2025T12:00:01 - [TEST_STEP][PASSED] - setValueToCellByIndex(sheet01, n, 1, dZO): null

16-05-2025T12:00:01 - [TEST_STEP][PASSED] - setValueToCellByIndex(sheet01, n, 2, typeOfData): null

16-05-2025T12:00:01 - [TEST_STEP][PASSED] - if (typeOfData == "Факт в процентах" || typeOfData == "План в процентах"): null

16-05-2025T12:00:01 - [TEST_STEP][PASSED] - setValueToCellByIndex(sheet01, n, 3, fileDouble): null

16-05-2025T12:00:01 - [TEST_STEP][PASSED] - setValueToCellByIndex(sheet01, n, 4, pageDouble): null

16-05-2025T12:00:01 - [TEST_STEP][PASSED] - setValueToCellByIndex(sheet01, n, 5, m): null

16-05-2025T12:00:01 - [TEST_STEP][PASSED] - setValueToCellByIndex(sheet01, n, 6, y): null

16-05-2025T12:00:01 - [TEST_STEP][PASSED] - setValueToCellByIndex(sheet01, n, 7, todaysDate): null

16-05-2025T12:00:01 - [TEST_STEP][PASSED] - n = n + 1: null

16-05-2025T12:00:01 - [TEST_STEP][PASSED] - saveWorkbook(excelFilePath, workbook01): null

16-05-2025T12:00:01 - [TEST_STEP][PASSED] - file = findTestData("PlanFact").getValue(7, a): null

16-05-2025T12:00:01 - [TEST_STEP][PASSED] - file = file.replace(",", "."): null

16-05-2025T12:00:01 - [TEST_STEP][PASSED] - println("file Fact: " + file): null

16-05-2025T12:00:01 - [TEST_STEP][PASSED] - fileDouble = file.toDouble(): null

16-05-2025T12:00:01 - [TEST_STEP][PASSED] - typeOfData = "Факт в процентах": null

16-05-2025T12:00:01 - [TEST_STEP][PASSED] - fileDouble = file.toDouble(): null

16-05-2025T12:00:01 - [TEST_STEP][PASSED] - pageDouble = page2.toDouble(): null

16-05-2025T12:00:01 - [TEST_STEP][PASSED] - if (fileDouble != pageDouble): null

16-05-2025T12:00:01 - [TEST_STEP][FAILED] - if (verifyEqual(numberOfErrors, 0) == false): null

16-05-2025T12:00:01 - [MESSAGE][FAILED] - Unable to verify equal between actual object '5' and expected object '0' (Root cause: com.kms.katalon.core.exception.StepFailedException: Actual object '5' and expected object '0' are not equal
	at com.kms.katalon.core.keyword.builtin.VerifyEqualKeyword$_verifyEqual_closure1.doCall(VerifyEqualKeyword.groovy:58)
	at com.kms.katalon.core.keyword.builtin.VerifyEqualKeyword$_verifyEqual_closure1.call(VerifyEqualKeyword.groovy)
	at com.kms.katalon.core.keyword.internal.KeywordMain.runKeyword(KeywordMain.groovy:75)
	at com.kms.katalon.core.keyword.builtin.VerifyEqualKeyword.verifyEqual(VerifyEqualKeyword.groovy:63)
	at com.kms.katalon.core.keyword.builtin.VerifyEqualKeyword.execute(VerifyEqualKeyword.groovy:44)
	at com.kms.katalon.core.keyword.internal.KeywordExecutor.executeKeywordForPlatform(KeywordExecutor.groovy:74)
	at com.kms.katalon.core.keyword.BuiltinKeywords.verifyEqual(BuiltinKeywords.groovy:146)
	at jdk.internal.reflect.GeneratedMethodAccessor24.invoke(Unknown Source)
	at java.base/jdk.internal.reflect.DelegatingMethodAccessorImpl.invoke(DelegatingMethodAccessorImpl.java:43)
	at Выполнение бизнес-плана Сверка ПАО Россети все филиалы.Numbers(Выполнение бизнес-плана Сверка ПАО Россети все филиалы:740)
	at Выполнение бизнес-плана Сверка ПАО Россети все филиалы.Filials(Выполнение бизнес-плана Сверка ПАО Россети все филиалы:975)
	at Выполнение бизнес-плана Сверка ПАО Россети все филиалы.Numbers(Выполнение бизнес-плана Сверка ПАО Россети все филиалы:747)
	at Выполнение бизнес-плана Сверка ПАО Россети все филиалы.run(Выполнение бизнес-плана Сверка ПАО Россети все филиалы:227)
	at com.kms.katalon.core.main.ScriptEngine.run(ScriptEngine.java:194)
	at com.kms.katalon.core.main.ScriptEngine.runScriptAsRawText(ScriptEngine.java:119)
	at com.kms.katalon.core.main.TestCaseExecutor.runScript(TestCaseExecutor.java:448)
	at com.kms.katalon.core.main.TestCaseExecutor.doExecute(TestCaseExecutor.java:439)
	at com.kms.katalon.core.main.TestCaseExecutor.processExecutionPhase(TestCaseExecutor.java:418)
	at com.kms.katalon.core.main.TestCaseExecutor.accessMainPhase(TestCaseExecutor.java:410)
	at com.kms.katalon.core.main.TestCaseExecutor.execute(TestCaseExecutor.java:285)
	at com.kms.katalon.core.common.CommonExecutor.accessTestCaseMainPhase(CommonExecutor.java:65)
	at com.kms.katalon.core.main.TestSuiteExecutor.accessTestSuiteMainPhase(TestSuiteExecutor.java:150)
	at com.kms.katalon.core.main.TestSuiteExecutor.execute(TestSuiteExecutor.java:106)
	at com.kms.katalon.core.main.TestCaseMain.startTestSuite(TestCaseMain.java:180)
	at TempTestSuite1747369435659.run(TempTestSuite1747369435659.groovy:35)
	at java.base/jdk.internal.reflect.NativeMethodAccessorImpl.invoke0(Native Method)
	at java.base/jdk.internal.reflect.NativeMethodAccessorImpl.invoke(NativeMethodAccessorImpl.java:77)
	at java.base/jdk.internal.reflect.DelegatingMethodAccessorImpl.invoke(DelegatingMethodAccessorImpl.java:43)
)

16-05-2025T12:00:01 - [TEST_STEP][PASSED] - println(numberOfErrors): null

16-05-2025T12:00:01 - [TEST_STEP][PASSED] - println("a=" + a): null

16-05-2025T12:00:01 - [TEST_STEP][PASSED] - if (a == 28 || a == 77 || a == 74 || a == 65 || a == 36 || a == 44 || a == 54 || a == 1 || a == 18 || a == 59): null

16-05-2025T12:00:01 - [TEST_STEP][PASSED] - if (a == 82): null

16-05-2025T12:00:01 - [TEST_STEP][PASSED] - dZO = "Ульяновские РС": null

16-05-2025T12:00:01 - [TEST_STEP][PASSED] - a = 34: null

16-05-2025T12:00:01 - [TEST_STEP][PASSED] - dzoCut = dZO.substring(0, 10): null

16-05-2025T12:00:01 - [TEST_STEP][PASSED] - if (x2.contains(dzoCut)): null

16-05-2025T12:00:01 - [TEST_STEP][PASSED] - filialNum = filialNum + 1: null

16-05-2025T12:00:01 - [TEST_STEP][PASSED] - Script1718980020443.Numbers(a, typeOfData, todaysDate, pageInt, fileInt, pageDouble, fileDouble, dZO, dzoNum, filialNum): null

16-05-2025T12:00:01 - [TEST_STEP][PASSED] - println(dzoNum): null

16-05-2025T12:00:01 - [TEST_STEP][PASSED] - planFact = <not implemented yet for class: org.codehaus.groovy.ast.expr.EmptyExpression>: null

16-05-2025T12:00:01 - [TEST_STEP][PASSED] - page = <not implemented yet for class: org.codehaus.groovy.ast.expr.EmptyExpression>: null

16-05-2025T12:00:01 - [TEST_STEP][PASSED] - page1 = <not implemented yet for class: org.codehaus.groovy.ast.expr.EmptyExpression>: null

16-05-2025T12:00:01 - [TEST_STEP][PASSED] - page2 = <not implemented yet for class: org.codehaus.groovy.ast.expr.EmptyExpression>: null

16-05-2025T12:00:01 - [TEST_STEP][PASSED] - filialNumberInRow = <not implemented yet for class: org.codehaus.groovy.ast.expr.EmptyExpression>: null

16-05-2025T12:00:01 - [TEST_STEP][PASSED] - filialsDzoNames = <not implemented yet for class: org.codehaus.groovy.ast.expr.EmptyExpression>: null

16-05-2025T12:00:01 - [TEST_STEP][PASSED] - numberOfFilials = <not implemented yet for class: org.codehaus.groovy.ast.expr.EmptyExpression>: null

16-05-2025T12:00:01 - [TEST_STEP][PASSED] - numberOfSpaces = <not implemented yet for class: org.codehaus.groovy.ast.expr.EmptyExpression>: null

16-05-2025T12:00:01 - [TEST_STEP][PASSED] - file = <not implemented yet for class: org.codehaus.groovy.ast.expr.EmptyExpression>: null

16-05-2025T12:00:01 - [TEST_STEP][PASSED] - otpusk = <not implemented yet for class: org.codehaus.groovy.ast.expr.EmptyExpression>: null

16-05-2025T12:00:01 - [TEST_STEP][PASSED] - poteri = <not implemented yet for class: org.codehaus.groovy.ast.expr.EmptyExpression>: null

16-05-2025T12:00:01 - [TEST_STEP][PASSED] - dataFolder = "Выполнение бизнес-плана/Значения со страницы Выполнение бизнес-плана/": null

16-05-2025T12:00:01 - [TEST_STEP][PASSED] - path = <not implemented yet for class: org.codehaus.groovy.ast.expr.EmptyExpression>: null

16-05-2025T12:00:01 - [TEST_STEP][PASSED] - typeOfDataMain = <not implemented yet for class: org.codehaus.groovy.ast.expr.EmptyExpression>: null

16-05-2025T12:00:01 - [TEST_STEP][PASSED] - fileOtpuskVSet = <not implemented yet for class: org.codehaus.groovy.ast.expr.EmptyExpression>: null

16-05-2025T12:00:01 - [TEST_STEP][PASSED] - pageOtpuskVSet = <not implemented yet for class: org.codehaus.groovy.ast.expr.EmptyExpression>: null

16-05-2025T12:00:01 - [TEST_STEP][PASSED] - filePoteri = <not implemented yet for class: org.codehaus.groovy.ast.expr.EmptyExpression>: null

16-05-2025T12:00:01 - [TEST_STEP][PASSED] - pagePoteri = <not implemented yet for class: org.codehaus.groovy.ast.expr.EmptyExpression>: null

16-05-2025T12:00:01 - [TEST_STEP][PASSED] - compare = <not implemented yet for class: org.codehaus.groovy.ast.expr.EmptyExpression>: null

16-05-2025T12:00:01 - [TEST_STEP][PASSED] - b = <not implemented yet for class: org.codehaus.groovy.ast.expr.EmptyExpression>: null

16-05-2025T12:00:01 - [TEST_STEP][PASSED] - i = <not implemented yet for class: org.codehaus.groovy.ast.expr.EmptyExpression>: null

16-05-2025T12:00:01 - [TEST_STEP][PASSED] - ii = <not implemented yet for class: org.codehaus.groovy.ast.expr.EmptyExpression>: null

16-05-2025T12:00:01 - [TEST_STEP][PASSED] - c = <not implemented yet for class: org.codehaus.groovy.ast.expr.EmptyExpression>: null

16-05-2025T12:00:01 - [TEST_STEP][PASSED] - numberOfErrors = 0: null

16-05-2025T12:00:01 - [TEST_STEP][PASSED] - if (a == 82): null

16-05-2025T12:00:01 - [TEST_STEP][PASSED] - b = findTestData("PlanFact").getValue(1, a): null

16-05-2025T12:00:01 - [TEST_STEP][PASSED] - i = b.indexOf(" (ГК)"): null

16-05-2025T12:00:01 - [TEST_STEP][PASSED] - if (i > -1): null

16-05-2025T12:00:01 - [TEST_STEP][PASSED] - i = b.indexOf("О ""): null

16-05-2025T12:00:01 - [TEST_STEP][PASSED] - if (i > -1): null

16-05-2025T12:00:01 - [TEST_STEP][PASSED] - i = b.indexOf("О «"): null

16-05-2025T12:00:01 - [TEST_STEP][PASSED] - if (i > -1): null

16-05-2025T12:00:01 - [TEST_STEP][PASSED] - i = b.indexOf("г. "): null

16-05-2025T12:00:01 - [TEST_STEP][PASSED] - if (i > -1): null

16-05-2025T12:00:01 - [TEST_STEP][PASSED] - b = b.trim(): null

16-05-2025T12:00:01 - [TEST_STEP][PASSED] - println(b): null

16-05-2025T12:00:01 - [TEST_STEP][PASSED] - for ([planFact = 1, planFact < 3, (planFact++)]): null

16-05-2025T12:00:01 - [TEST_STEP][PASSED] - if (planFact == 1): null

16-05-2025T12:00:01 - [TEST_STEP][PASSED] - typeOfDataMain = "Факт": null

16-05-2025T12:00:01 - [TEST_STEP][PASSED] - otpusk = findTestData("PlanFact").getValue(5, a): null

16-05-2025T12:00:01 - [TEST_STEP][PASSED] - poteri = findTestData("PlanFact").getValue(6, a): null

16-05-2025T12:00:01 - [TEST_STEP][PASSED] - otpusk = otpusk.replaceAll("\s+", ""): null

16-05-2025T12:00:01 - [TEST_STEP][PASSED] - poteri = poteri.replaceAll("\s+", ""): null

16-05-2025T12:00:01 - [TEST_STEP][PASSED] - typeOfData = typeOfDataMain + " Отпуск в сеть": null

16-05-2025T12:00:01 - [TEST_STEP][PASSED] - if (a == 82): null

16-05-2025T12:00:01 - [TEST_STEP][PASSED] - else if (a == 84): null

16-05-2025T12:00:01 - [TEST_STEP][PASSED] - else if (a == 83 || a == 52 || a == 72 || a == 28 || a == 73 || a == 77 || a == 74 || a == 65 || a == 36 || a == 44 || a == 53 || a == 80 || a == 54 || a == 1 || a == 18 || a == 59 || a == 81): null

16-05-2025T12:00:01 - [TEST_STEP][PASSED] - else: null

16-05-2025T12:00:01 - [TEST_STEP][PASSED] - path = dataFolder + typeOfData + " за отчётный период " + b: null

16-05-2025T12:00:01 - [TEST_STEP][PASSED] - println(path): null

16-05-2025T12:00:01 - [TEST_STEP][PASSED] - page = getText(findTestObject(path)): Text of object 'Object Repository/Выполнение бизнес-плана/Значения со страницы Выполнение бизнес-плана/Факт Отпуск в сеть за отчётный период Ульяновские РС' is: '426 120'

16-05-2025T12:00:01 - [MESSAGE][PASSED] - Text of object 'Object Repository/Выполнение бизнес-плана/Значения со страницы Выполнение бизнес-плана/Факт Отпуск в сеть за отчётный период Ульяновские РС' is: '426 120'

16-05-2025T12:00:01 - [TEST_STEP][PASSED] - if (page == "" || page == null): null

16-05-2025T12:00:01 - [TEST_STEP][PASSED] - else: null

16-05-2025T12:00:01 - [TEST_STEP][PASSED] - page = page.replaceAll("\s+", ""): null

16-05-2025T12:00:01 - [TEST_STEP][PASSED] - if (page == "undefined"): null

16-05-2025T12:00:01 - [TEST_STEP][PASSED] - fileOtpuskVSet = otpusk.toInteger(): null

16-05-2025T12:00:01 - [TEST_STEP][PASSED] - pageOtpuskVSet = page.toInteger(): null

16-05-2025T12:00:01 - [TEST_STEP][PASSED] - typeOfData = typeOfDataMain + " Потери": null

16-05-2025T12:00:01 - [TEST_STEP][PASSED] - if (a == 82): null

16-05-2025T12:00:01 - [TEST_STEP][PASSED] - else if (a == 84): null

16-05-2025T12:00:01 - [TEST_STEP][PASSED] - else if (a == 83 || a == 52 || a == 72 || a == 28 || a == 73 || a == 77 || a == 74 || a == 65 || a == 36 || a == 44 || a == 53 || a == 80 || a == 54 || a == 1 || a == 18 || a == 59 || a == 81): null

16-05-2025T12:00:01 - [TEST_STEP][PASSED] - else: null

16-05-2025T12:00:01 - [TEST_STEP][PASSED] - path = dataFolder + typeOfData + " за отчётный период " + b: null

16-05-2025T12:00:01 - [TEST_STEP][PASSED] - page = getText(findTestObject(path)): Text of object 'Object Repository/Выполнение бизнес-плана/Значения со страницы Выполнение бизнес-плана/Факт Потери за отчётный период Ульяновские РС' is: '23 552'

16-05-2025T12:00:02 - [MESSAGE][PASSED] - Text of object 'Object Repository/Выполнение бизнес-плана/Значения со страницы Выполнение бизнес-плана/Факт Потери за отчётный период Ульяновские РС' is: '23 552'

16-05-2025T12:00:02 - [TEST_STEP][PASSED] - if (page == "" || page == null): null

16-05-2025T12:00:02 - [TEST_STEP][PASSED] - else: null

16-05-2025T12:00:02 - [TEST_STEP][PASSED] - page = page.replaceAll("\s+", ""): null

16-05-2025T12:00:02 - [TEST_STEP][PASSED] - if (page == "undefined"): null

16-05-2025T12:00:02 - [TEST_STEP][PASSED] - filePoteri = poteri.toInteger(): null

16-05-2025T12:00:02 - [TEST_STEP][PASSED] - pagePoteri = page.toInteger(): null

16-05-2025T12:00:02 - [TEST_STEP][PASSED] - compare = pageOtpuskVSet: null

16-05-2025T12:00:02 - [TEST_STEP][PASSED] - if (pageOtpuskVSet != null): null

16-05-2025T12:00:02 - [TEST_STEP][PASSED] - if (compare == fileOtpuskVSet): null

16-05-2025T12:00:02 - [TEST_STEP][PASSED] - else if (compare > fileOtpuskVSet): null

16-05-2025T12:00:02 - [TEST_STEP][PASSED] - else if (compare < fileOtpuskVSet): null

16-05-2025T12:00:02 - [TEST_STEP][PASSED] - compare = compare + 1: null

16-05-2025T12:00:02 - [TEST_STEP][PASSED] - if (compare == fileOtpuskVSet): null

16-05-2025T12:00:02 - [TEST_STEP][PASSED] - else: null

16-05-2025T12:00:02 - [TEST_STEP][PASSED] - numberOfErrors = numberOfErrors + 1: null

16-05-2025T12:00:02 - [TEST_STEP][PASSED] - pageInt = pageOtpuskVSet: null

16-05-2025T12:00:02 - [TEST_STEP][PASSED] - fileInt = fileOtpuskVSet: null

16-05-2025T12:00:02 - [TEST_STEP][PASSED] - typeOfData = typeOfDataMain + " Отпуск в сеть": null

16-05-2025T12:00:02 - [TEST_STEP][PASSED] - Script1718980020443.WriteToExcel(a, typeOfData, todaysDate, pageInt, fileInt, pageDouble, fileDouble, dZO): null

16-05-2025T12:00:02 - [TEST_STEP][PASSED] - sheetName = "Sheet1": null

16-05-2025T12:00:02 - [TEST_STEP][PASSED] - data = findTestData("PlanFact"): null

16-05-2025T12:00:02 - [TEST_STEP][PASSED] - n = data.getRowNumbers() + 1: null

16-05-2025T12:00:02 - [TEST_STEP][PASSED] - day = ")).toInteger(): null

16-05-2025T12:00:02 - [TEST_STEP][PASSED] - println(day): null

16-05-2025T12:00:02 - [TEST_STEP][PASSED] - month = ")).toInteger(): null

16-05-2025T12:00:02 - [TEST_STEP][PASSED] - println(month): null

16-05-2025T12:00:02 - [TEST_STEP][PASSED] - y = <not implemented yet for class: org.codehaus.groovy.ast.expr.EmptyExpression>: null

16-05-2025T12:00:02 - [TEST_STEP][PASSED] - iy = <not implemented yet for class: org.codehaus.groovy.ast.expr.EmptyExpression>: null

16-05-2025T12:00:02 - [TEST_STEP][PASSED] - m = getText(findTestObject("Выполнение бизнес-плана/Период")): Text of object 'Object Repository/Выполнение бизнес-плана/Период' is: '1 кв. 2025 года'

16-05-2025T12:00:02 - [MESSAGE][PASSED] - Text of object 'Object Repository/Выполнение бизнес-плана/Период' is: '1 кв. 2025 года'

16-05-2025T12:00:02 - [TEST_STEP][PASSED] - iy = m.indexOf("20"): null

16-05-2025T12:00:02 - [TEST_STEP][PASSED] - if (iy > -1): null

16-05-2025T12:00:02 - [TEST_STEP][PASSED] - y = substring(iy, iy + 4).toInteger(): null

16-05-2025T12:00:02 - [TEST_STEP][PASSED] - println(y): null

16-05-2025T12:00:02 - [TEST_STEP][PASSED] - if (toString().length() == 4): null

16-05-2025T12:00:02 - [TEST_STEP][PASSED] - m = m.substring(0, m.indexOf(y.toString())): null

16-05-2025T12:00:02 - [TEST_STEP][PASSED] - m = m.trim(): null

16-05-2025T12:00:02 - [TEST_STEP][PASSED] - if (m == ""): null

16-05-2025T12:00:02 - [TEST_STEP][PASSED] - dashboardName = "Выполнение бизнес-плана": null

16-05-2025T12:00:02 - [TEST_STEP][PASSED] - workbook01 = getWorkbook(excelFilePath): null

16-05-2025T12:00:02 - [TEST_STEP][PASSED] - sheet01 = getExcelSheet(workbook01, sheetName): null

16-05-2025T12:00:02 - [TEST_STEP][PASSED] - setValueToCellByIndex(sheet01, n, 0, dashboardName): null

16-05-2025T12:00:02 - [TEST_STEP][PASSED] - setValueToCellByIndex(sheet01, n, 1, dZO): null

16-05-2025T12:00:02 - [TEST_STEP][PASSED] - setValueToCellByIndex(sheet01, n, 2, typeOfData): null

16-05-2025T12:00:02 - [TEST_STEP][PASSED] - if (typeOfData == "Факт в процентах" || typeOfData == "План в процентах"): null

16-05-2025T12:00:02 - [TEST_STEP][PASSED] - else: null

16-05-2025T12:00:02 - [TEST_STEP][PASSED] - setValueToCellByIndex(sheet01, n, 3, fileInt): null

16-05-2025T12:00:02 - [TEST_STEP][PASSED] - setValueToCellByIndex(sheet01, n, 4, pageInt): null

16-05-2025T12:00:02 - [TEST_STEP][PASSED] - setValueToCellByIndex(sheet01, n, 5, m): null

16-05-2025T12:00:02 - [TEST_STEP][PASSED] - setValueToCellByIndex(sheet01, n, 6, y): null

16-05-2025T12:00:02 - [TEST_STEP][PASSED] - setValueToCellByIndex(sheet01, n, 7, todaysDate): null

16-05-2025T12:00:02 - [TEST_STEP][PASSED] - n = n + 1: null

16-05-2025T12:00:02 - [TEST_STEP][PASSED] - saveWorkbook(excelFilePath, workbook01): null

16-05-2025T12:00:02 - [TEST_STEP][PASSED] - compare = pagePoteri: null

16-05-2025T12:00:02 - [TEST_STEP][PASSED] - if (pageOtpuskVSet != null): null

16-05-2025T12:00:02 - [TEST_STEP][PASSED] - if (compare == filePoteri): null

16-05-2025T12:00:02 - [TEST_STEP][PASSED] - else if (compare > filePoteri): null

16-05-2025T12:00:02 - [TEST_STEP][PASSED] - else if (compare < filePoteri): null

16-05-2025T12:00:02 - [TEST_STEP][PASSED] - compare = compare + 1: null

16-05-2025T12:00:02 - [TEST_STEP][PASSED] - if (compare == filePoteri): null

16-05-2025T12:00:02 - [TEST_STEP][PASSED] - else: null

16-05-2025T12:00:02 - [TEST_STEP][PASSED] - numberOfErrors = numberOfErrors + 1: null

16-05-2025T12:00:02 - [TEST_STEP][PASSED] - pageInt = pagePoteri: null

16-05-2025T12:00:02 - [TEST_STEP][PASSED] - fileInt = filePoteri: null

16-05-2025T12:00:02 - [TEST_STEP][PASSED] - typeOfData = typeOfDataMain + " Потери": null

16-05-2025T12:00:02 - [TEST_STEP][PASSED] - Script1718980020443.WriteToExcel(a, typeOfData, todaysDate, pageInt, fileInt, pageDouble, fileDouble, dZO): null

16-05-2025T12:00:02 - [TEST_STEP][PASSED] - sheetName = "Sheet1": null

16-05-2025T12:00:02 - [TEST_STEP][PASSED] - data = findTestData("PlanFact"): null

16-05-2025T12:00:02 - [TEST_STEP][PASSED] - n = data.getRowNumbers() + 1: null

16-05-2025T12:00:02 - [TEST_STEP][PASSED] - day = ")).toInteger(): null

16-05-2025T12:00:02 - [TEST_STEP][PASSED] - println(day): null

16-05-2025T12:00:02 - [TEST_STEP][PASSED] - month = ")).toInteger(): null

16-05-2025T12:00:02 - [TEST_STEP][PASSED] - println(month): null

16-05-2025T12:00:02 - [TEST_STEP][PASSED] - y = <not implemented yet for class: org.codehaus.groovy.ast.expr.EmptyExpression>: null

16-05-2025T12:00:02 - [TEST_STEP][PASSED] - iy = <not implemented yet for class: org.codehaus.groovy.ast.expr.EmptyExpression>: null

16-05-2025T12:00:02 - [TEST_STEP][PASSED] - m = getText(findTestObject("Выполнение бизнес-плана/Период")): Text of object 'Object Repository/Выполнение бизнес-плана/Период' is: '1 кв. 2025 года'

16-05-2025T12:00:03 - [MESSAGE][PASSED] - Text of object 'Object Repository/Выполнение бизнес-плана/Период' is: '1 кв. 2025 года'

16-05-2025T12:00:03 - [TEST_STEP][PASSED] - iy = m.indexOf("20"): null

16-05-2025T12:00:03 - [TEST_STEP][PASSED] - if (iy > -1): null

16-05-2025T12:00:03 - [TEST_STEP][PASSED] - y = substring(iy, iy + 4).toInteger(): null

16-05-2025T12:00:03 - [TEST_STEP][PASSED] - println(y): null

16-05-2025T12:00:03 - [TEST_STEP][PASSED] - if (toString().length() == 4): null

16-05-2025T12:00:03 - [TEST_STEP][PASSED] - m = m.substring(0, m.indexOf(y.toString())): null

16-05-2025T12:00:03 - [TEST_STEP][PASSED] - m = m.trim(): null

16-05-2025T12:00:03 - [TEST_STEP][PASSED] - if (m == ""): null

16-05-2025T12:00:03 - [TEST_STEP][PASSED] - dashboardName = "Выполнение бизнес-плана": null

16-05-2025T12:00:03 - [TEST_STEP][PASSED] - workbook01 = getWorkbook(excelFilePath): null

16-05-2025T12:00:03 - [TEST_STEP][PASSED] - sheet01 = getExcelSheet(workbook01, sheetName): null

16-05-2025T12:00:03 - [TEST_STEP][PASSED] - setValueToCellByIndex(sheet01, n, 0, dashboardName): null

16-05-2025T12:00:03 - [TEST_STEP][PASSED] - setValueToCellByIndex(sheet01, n, 1, dZO): null

16-05-2025T12:00:03 - [TEST_STEP][PASSED] - setValueToCellByIndex(sheet01, n, 2, typeOfData): null

16-05-2025T12:00:03 - [TEST_STEP][PASSED] - if (typeOfData == "Факт в процентах" || typeOfData == "План в процентах"): null

16-05-2025T12:00:03 - [TEST_STEP][PASSED] - else: null

16-05-2025T12:00:03 - [TEST_STEP][PASSED] - setValueToCellByIndex(sheet01, n, 3, fileInt): null

16-05-2025T12:00:03 - [TEST_STEP][PASSED] - setValueToCellByIndex(sheet01, n, 4, pageInt): null

16-05-2025T12:00:03 - [TEST_STEP][PASSED] - setValueToCellByIndex(sheet01, n, 5, m): null

16-05-2025T12:00:03 - [TEST_STEP][PASSED] - setValueToCellByIndex(sheet01, n, 6, y): null

16-05-2025T12:00:03 - [TEST_STEP][PASSED] - setValueToCellByIndex(sheet01, n, 7, todaysDate): null

16-05-2025T12:00:03 - [TEST_STEP][PASSED] - n = n + 1: null

16-05-2025T12:00:03 - [TEST_STEP][PASSED] - saveWorkbook(excelFilePath, workbook01): null

16-05-2025T12:00:03 - [TEST_STEP][PASSED] - if (planFact == 2): null

16-05-2025T12:00:03 - [TEST_STEP][PASSED] - if (planFact == 1): null

16-05-2025T12:00:03 - [TEST_STEP][PASSED] - else if (planFact == 2): null

16-05-2025T12:00:03 - [TEST_STEP][PASSED] - click(findTestObject("Выполнение бизнес-плана/Кнопка План")): Object: 'Object Repository/Выполнение бизнес-плана/Кнопка План' is clicked on

16-05-2025T12:00:03 - [MESSAGE][PASSED] - Object: 'Object Repository/Выполнение бизнес-плана/Кнопка План' is clicked on

16-05-2025T12:00:03 - [TEST_STEP][PASSED] - typeOfDataMain = "План": null

16-05-2025T12:00:03 - [TEST_STEP][PASSED] - otpusk = findTestData("PlanFact").getValue(2, a): null

16-05-2025T12:00:03 - [TEST_STEP][PASSED] - poteri = findTestData("PlanFact").getValue(3, a): null

16-05-2025T12:00:03 - [TEST_STEP][PASSED] - otpusk = otpusk.replaceAll("\s+", ""): null

16-05-2025T12:00:03 - [TEST_STEP][PASSED] - poteri = poteri.replaceAll("\s+", ""): null

16-05-2025T12:00:03 - [TEST_STEP][PASSED] - typeOfData = typeOfDataMain + " Отпуск в сеть": null

16-05-2025T12:00:03 - [TEST_STEP][PASSED] - if (a == 82): null

16-05-2025T12:00:03 - [TEST_STEP][PASSED] - else if (a == 84): null

16-05-2025T12:00:03 - [TEST_STEP][PASSED] - else if (a == 83 || a == 52 || a == 72 || a == 28 || a == 73 || a == 77 || a == 74 || a == 65 || a == 36 || a == 44 || a == 53 || a == 80 || a == 54 || a == 1 || a == 18 || a == 59 || a == 81): null

16-05-2025T12:00:03 - [TEST_STEP][PASSED] - else: null

16-05-2025T12:00:03 - [TEST_STEP][PASSED] - path = dataFolder + typeOfData + " за отчётный период " + b: null

16-05-2025T12:00:03 - [TEST_STEP][PASSED] - println(path): null

16-05-2025T12:00:03 - [TEST_STEP][PASSED] - page = getText(findTestObject(path)): Text of object 'Object Repository/Выполнение бизнес-плана/Значения со страницы Выполнение бизнес-плана/План Отпуск в сеть за отчётный период Ульяновские РС' is: '439 261'

16-05-2025T12:00:04 - [MESSAGE][PASSED] - Text of object 'Object Repository/Выполнение бизнес-плана/Значения со страницы Выполнение бизнес-плана/План Отпуск в сеть за отчётный период Ульяновские РС' is: '439 261'

16-05-2025T12:00:04 - [TEST_STEP][PASSED] - if (page == "" || page == null): null

16-05-2025T12:00:04 - [TEST_STEP][PASSED] - else: null

16-05-2025T12:00:04 - [TEST_STEP][PASSED] - page = page.replaceAll("\s+", ""): null

16-05-2025T12:00:04 - [TEST_STEP][PASSED] - if (page == "undefined"): null

16-05-2025T12:00:04 - [TEST_STEP][PASSED] - fileOtpuskVSet = otpusk.toInteger(): null

16-05-2025T12:00:04 - [TEST_STEP][PASSED] - pageOtpuskVSet = page.toInteger(): null

16-05-2025T12:00:04 - [TEST_STEP][PASSED] - typeOfData = typeOfDataMain + " Потери": null

16-05-2025T12:00:04 - [TEST_STEP][PASSED] - if (a == 82): null

16-05-2025T12:00:04 - [TEST_STEP][PASSED] - else if (a == 84): null

16-05-2025T12:00:04 - [TEST_STEP][PASSED] - else if (a == 83 || a == 52 || a == 72 || a == 28 || a == 73 || a == 77 || a == 74 || a == 65 || a == 36 || a == 44 || a == 53 || a == 80 || a == 54 || a == 1 || a == 18 || a == 59 || a == 81): null

16-05-2025T12:00:04 - [TEST_STEP][PASSED] - else: null

16-05-2025T12:00:04 - [TEST_STEP][PASSED] - path = dataFolder + typeOfData + " за отчётный период " + b: null

16-05-2025T12:00:04 - [TEST_STEP][PASSED] - page = getText(findTestObject(path)): Text of object 'Object Repository/Выполнение бизнес-плана/Значения со страницы Выполнение бизнес-плана/План Потери за отчётный период Ульяновские РС' is: '32 541'

16-05-2025T12:00:04 - [MESSAGE][PASSED] - Text of object 'Object Repository/Выполнение бизнес-плана/Значения со страницы Выполнение бизнес-плана/План Потери за отчётный период Ульяновские РС' is: '32 541'

16-05-2025T12:00:04 - [TEST_STEP][PASSED] - if (page == "" || page == null): null

16-05-2025T12:00:04 - [TEST_STEP][PASSED] - else: null

16-05-2025T12:00:04 - [TEST_STEP][PASSED] - page = page.replaceAll("\s+", ""): null

16-05-2025T12:00:04 - [TEST_STEP][PASSED] - if (page == "undefined"): null

16-05-2025T12:00:04 - [TEST_STEP][PASSED] - filePoteri = poteri.toInteger(): null

16-05-2025T12:00:04 - [TEST_STEP][PASSED] - pagePoteri = page.toInteger(): null

16-05-2025T12:00:04 - [TEST_STEP][PASSED] - compare = pageOtpuskVSet: null

16-05-2025T12:00:04 - [TEST_STEP][PASSED] - if (pageOtpuskVSet != null): null

16-05-2025T12:00:04 - [TEST_STEP][PASSED] - if (compare == fileOtpuskVSet): null

16-05-2025T12:00:04 - [TEST_STEP][PASSED] - else if (compare > fileOtpuskVSet): null

16-05-2025T12:00:04 - [TEST_STEP][PASSED] - else if (compare < fileOtpuskVSet): null

16-05-2025T12:00:04 - [TEST_STEP][PASSED] - compare = compare + 1: null

16-05-2025T12:00:04 - [TEST_STEP][PASSED] - if (compare == fileOtpuskVSet): null

16-05-2025T12:00:04 - [TEST_STEP][PASSED] - else: null

16-05-2025T12:00:04 - [TEST_STEP][PASSED] - numberOfErrors = numberOfErrors + 1: null

16-05-2025T12:00:04 - [TEST_STEP][PASSED] - pageInt = pageOtpuskVSet: null

16-05-2025T12:00:04 - [TEST_STEP][PASSED] - fileInt = fileOtpuskVSet: null

16-05-2025T12:00:04 - [TEST_STEP][PASSED] - typeOfData = typeOfDataMain + " Отпуск в сеть": null

16-05-2025T12:00:04 - [TEST_STEP][PASSED] - Script1718980020443.WriteToExcel(a, typeOfData, todaysDate, pageInt, fileInt, pageDouble, fileDouble, dZO): null

16-05-2025T12:00:04 - [TEST_STEP][PASSED] - sheetName = "Sheet1": null

16-05-2025T12:00:04 - [TEST_STEP][PASSED] - data = findTestData("PlanFact"): null

16-05-2025T12:00:04 - [TEST_STEP][PASSED] - n = data.getRowNumbers() + 1: null

16-05-2025T12:00:04 - [TEST_STEP][PASSED] - day = ")).toInteger(): null

16-05-2025T12:00:04 - [TEST_STEP][PASSED] - println(day): null

16-05-2025T12:00:04 - [TEST_STEP][PASSED] - month = ")).toInteger(): null

16-05-2025T12:00:04 - [TEST_STEP][PASSED] - println(month): null

16-05-2025T12:00:04 - [TEST_STEP][PASSED] - y = <not implemented yet for class: org.codehaus.groovy.ast.expr.EmptyExpression>: null

16-05-2025T12:00:04 - [TEST_STEP][PASSED] - iy = <not implemented yet for class: org.codehaus.groovy.ast.expr.EmptyExpression>: null

16-05-2025T12:00:04 - [TEST_STEP][PASSED] - m = getText(findTestObject("Выполнение бизнес-плана/Период")): Text of object 'Object Repository/Выполнение бизнес-плана/Период' is: '1 кв. 2025 года'

16-05-2025T12:00:04 - [MESSAGE][PASSED] - Text of object 'Object Repository/Выполнение бизнес-плана/Период' is: '1 кв. 2025 года'

16-05-2025T12:00:04 - [TEST_STEP][PASSED] - iy = m.indexOf("20"): null

16-05-2025T12:00:04 - [TEST_STEP][PASSED] - if (iy > -1): null

16-05-2025T12:00:04 - [TEST_STEP][PASSED] - y = substring(iy, iy + 4).toInteger(): null

16-05-2025T12:00:04 - [TEST_STEP][PASSED] - println(y): null

16-05-2025T12:00:04 - [TEST_STEP][PASSED] - if (toString().length() == 4): null

16-05-2025T12:00:04 - [TEST_STEP][PASSED] - m = m.substring(0, m.indexOf(y.toString())): null

16-05-2025T12:00:04 - [TEST_STEP][PASSED] - m = m.trim(): null

16-05-2025T12:00:04 - [TEST_STEP][PASSED] - if (m == ""): null

16-05-2025T12:00:04 - [TEST_STEP][PASSED] - dashboardName = "Выполнение бизнес-плана": null

16-05-2025T12:00:04 - [TEST_STEP][PASSED] - workbook01 = getWorkbook(excelFilePath): null

16-05-2025T12:00:04 - [TEST_STEP][PASSED] - sheet01 = getExcelSheet(workbook01, sheetName): null

16-05-2025T12:00:04 - [TEST_STEP][PASSED] - setValueToCellByIndex(sheet01, n, 0, dashboardName): null

16-05-2025T12:00:04 - [TEST_STEP][PASSED] - setValueToCellByIndex(sheet01, n, 1, dZO): null

16-05-2025T12:00:04 - [TEST_STEP][PASSED] - setValueToCellByIndex(sheet01, n, 2, typeOfData): null

16-05-2025T12:00:04 - [TEST_STEP][PASSED] - if (typeOfData == "Факт в процентах" || typeOfData == "План в процентах"): null

16-05-2025T12:00:04 - [TEST_STEP][PASSED] - else: null

16-05-2025T12:00:04 - [TEST_STEP][PASSED] - setValueToCellByIndex(sheet01, n, 3, fileInt): null

16-05-2025T12:00:04 - [TEST_STEP][PASSED] - setValueToCellByIndex(sheet01, n, 4, pageInt): null

16-05-2025T12:00:04 - [TEST_STEP][PASSED] - setValueToCellByIndex(sheet01, n, 5, m): null

16-05-2025T12:00:04 - [TEST_STEP][PASSED] - setValueToCellByIndex(sheet01, n, 6, y): null

16-05-2025T12:00:04 - [TEST_STEP][PASSED] - setValueToCellByIndex(sheet01, n, 7, todaysDate): null

16-05-2025T12:00:04 - [TEST_STEP][PASSED] - n = n + 1: null

16-05-2025T12:00:04 - [TEST_STEP][PASSED] - saveWorkbook(excelFilePath, workbook01): null

16-05-2025T12:00:05 - [TEST_STEP][PASSED] - compare = pagePoteri: null

16-05-2025T12:00:05 - [TEST_STEP][PASSED] - if (pageOtpuskVSet != null): null

16-05-2025T12:00:05 - [TEST_STEP][PASSED] - if (compare == filePoteri): null

16-05-2025T12:00:05 - [TEST_STEP][PASSED] - else if (compare > filePoteri): null

16-05-2025T12:00:05 - [TEST_STEP][PASSED] - else if (compare < filePoteri): null

16-05-2025T12:00:05 - [TEST_STEP][PASSED] - compare = compare + 1: null

16-05-2025T12:00:05 - [TEST_STEP][PASSED] - if (compare == filePoteri): null

16-05-2025T12:00:05 - [TEST_STEP][PASSED] - else: null

16-05-2025T12:00:05 - [TEST_STEP][PASSED] - numberOfErrors = numberOfErrors + 1: null

16-05-2025T12:00:05 - [TEST_STEP][PASSED] - pageInt = pagePoteri: null

16-05-2025T12:00:05 - [TEST_STEP][PASSED] - fileInt = filePoteri: null

16-05-2025T12:00:05 - [TEST_STEP][PASSED] - typeOfData = typeOfDataMain + " Потери": null

16-05-2025T12:00:05 - [TEST_STEP][PASSED] - Script1718980020443.WriteToExcel(a, typeOfData, todaysDate, pageInt, fileInt, pageDouble, fileDouble, dZO): null

16-05-2025T12:00:05 - [TEST_STEP][PASSED] - sheetName = "Sheet1": null

16-05-2025T12:00:05 - [TEST_STEP][PASSED] - data = findTestData("PlanFact"): null

16-05-2025T12:00:05 - [TEST_STEP][PASSED] - n = data.getRowNumbers() + 1: null

16-05-2025T12:00:05 - [TEST_STEP][PASSED] - day = ")).toInteger(): null

16-05-2025T12:00:05 - [TEST_STEP][PASSED] - println(day): null

16-05-2025T12:00:05 - [TEST_STEP][PASSED] - month = ")).toInteger(): null

16-05-2025T12:00:05 - [TEST_STEP][PASSED] - println(month): null

16-05-2025T12:00:05 - [TEST_STEP][PASSED] - y = <not implemented yet for class: org.codehaus.groovy.ast.expr.EmptyExpression>: null

16-05-2025T12:00:05 - [TEST_STEP][PASSED] - iy = <not implemented yet for class: org.codehaus.groovy.ast.expr.EmptyExpression>: null

16-05-2025T12:00:05 - [TEST_STEP][PASSED] - m = getText(findTestObject("Выполнение бизнес-плана/Период")): Text of object 'Object Repository/Выполнение бизнес-плана/Период' is: '1 кв. 2025 года'

16-05-2025T12:00:05 - [MESSAGE][PASSED] - Text of object 'Object Repository/Выполнение бизнес-плана/Период' is: '1 кв. 2025 года'

16-05-2025T12:00:05 - [TEST_STEP][PASSED] - iy = m.indexOf("20"): null

16-05-2025T12:00:05 - [TEST_STEP][PASSED] - if (iy > -1): null

16-05-2025T12:00:05 - [TEST_STEP][PASSED] - y = substring(iy, iy + 4).toInteger(): null

16-05-2025T12:00:05 - [TEST_STEP][PASSED] - println(y): null

16-05-2025T12:00:05 - [TEST_STEP][PASSED] - if (toString().length() == 4): null

16-05-2025T12:00:05 - [TEST_STEP][PASSED] - m = m.substring(0, m.indexOf(y.toString())): null

16-05-2025T12:00:05 - [TEST_STEP][PASSED] - m = m.trim(): null

16-05-2025T12:00:05 - [TEST_STEP][PASSED] - if (m == ""): null

16-05-2025T12:00:05 - [TEST_STEP][PASSED] - dashboardName = "Выполнение бизнес-плана": null

16-05-2025T12:00:05 - [TEST_STEP][PASSED] - workbook01 = getWorkbook(excelFilePath): null

16-05-2025T12:00:05 - [TEST_STEP][PASSED] - sheet01 = getExcelSheet(workbook01, sheetName): null

16-05-2025T12:00:05 - [TEST_STEP][PASSED] - setValueToCellByIndex(sheet01, n, 0, dashboardName): null

16-05-2025T12:00:05 - [TEST_STEP][PASSED] - setValueToCellByIndex(sheet01, n, 1, dZO): null

16-05-2025T12:00:05 - [TEST_STEP][PASSED] - setValueToCellByIndex(sheet01, n, 2, typeOfData): null

16-05-2025T12:00:05 - [TEST_STEP][PASSED] - if (typeOfData == "Факт в процентах" || typeOfData == "План в процентах"): null

16-05-2025T12:00:05 - [TEST_STEP][PASSED] - else: null

16-05-2025T12:00:05 - [TEST_STEP][PASSED] - setValueToCellByIndex(sheet01, n, 3, fileInt): null

16-05-2025T12:00:05 - [TEST_STEP][PASSED] - setValueToCellByIndex(sheet01, n, 4, pageInt): null

16-05-2025T12:00:05 - [TEST_STEP][PASSED] - setValueToCellByIndex(sheet01, n, 5, m): null

16-05-2025T12:00:05 - [TEST_STEP][PASSED] - setValueToCellByIndex(sheet01, n, 6, y): null

16-05-2025T12:00:05 - [TEST_STEP][PASSED] - setValueToCellByIndex(sheet01, n, 7, todaysDate): null

16-05-2025T12:00:05 - [TEST_STEP][PASSED] - n = n + 1: null

16-05-2025T12:00:05 - [TEST_STEP][PASSED] - saveWorkbook(excelFilePath, workbook01): Object: 'Object Repository/Выполнение бизнес-плана/Кнопка Факт' is clicked on

16-05-2025T12:00:05 - [TEST_STEP][PASSED] - if (planFact == 2): Object: 'Object Repository/Выполнение бизнес-плана/Кнопка Факт' is clicked on

16-05-2025T12:00:05 - [TEST_STEP][PASSED] - click(findTestObject("Выполнение бизнес-плана/Кнопка Факт")): Object: 'Object Repository/Выполнение бизнес-плана/Кнопка Факт' is clicked on

16-05-2025T12:00:06 - [MESSAGE][PASSED] - Object: 'Object Repository/Выполнение бизнес-плана/Кнопка Факт' is clicked on

16-05-2025T12:00:06 - [TEST_STEP][PASSED] - println("a=" + a): null

16-05-2025T12:00:06 - [TEST_STEP][PASSED] - if (a == 84 || a == 82): null

16-05-2025T12:00:06 - [TEST_STEP][PASSED] - else if (a == 83 || a == 52 || a == 72 || a == 28 || a == 73 || a == 77 || a == 74 || a == 65 || a == 36 || a == 44 || a == 53 || a == 80 || a == 54 || a == 1 || a == 18 || a == 59 || a == 81): null

16-05-2025T12:00:06 - [TEST_STEP][PASSED] - else: null

16-05-2025T12:00:06 - [TEST_STEP][PASSED] - page1 = getText(findTestObject("Object Repository/Выполнение бизнес-плана/spanPlan" + filialNum)): Text of object 'Object Repository/Выполнение бизнес-плана/spanPlan6' is: '7.41
|'

16-05-2025T12:00:06 - [MESSAGE][PASSED] - Text of object 'Object Repository/Выполнение бизнес-плана/spanPlan6' is: '7.41
|'

16-05-2025T12:00:06 - [TEST_STEP][PASSED] - page1 = page1.replace("|", ""): null

16-05-2025T12:00:06 - [TEST_STEP][PASSED] - page2 = getText(findTestObject("Object Repository/Выполнение бизнес-плана/spanFact" + filialNum)): Text of object 'Object Repository/Выполнение бизнес-плана/spanFact6' is: '5.53
|'

16-05-2025T12:00:06 - [MESSAGE][PASSED] - Text of object 'Object Repository/Выполнение бизнес-плана/spanFact6' is: '5.53
|'

16-05-2025T12:00:06 - [TEST_STEP][PASSED] - page2 = page2.replace("|", ""): null

16-05-2025T12:00:06 - [TEST_STEP][PASSED] - println("page1: " + page1): null

16-05-2025T12:00:06 - [TEST_STEP][PASSED] - println("page2: " + page2): null

16-05-2025T12:00:06 - [TEST_STEP][PASSED] - file = findTestData("PlanFact").getValue(4, a): null

16-05-2025T12:00:06 - [TEST_STEP][PASSED] - file = file.replace(",", "."): null

16-05-2025T12:00:06 - [TEST_STEP][PASSED] - println("file Plan: " + file): null

16-05-2025T12:00:06 - [TEST_STEP][PASSED] - typeOfData = "План в процентах": null

16-05-2025T12:00:06 - [TEST_STEP][PASSED] - fileDouble = file.toDouble(): null

16-05-2025T12:00:06 - [TEST_STEP][PASSED] - pageDouble = page1.toDouble(): null

16-05-2025T12:00:06 - [TEST_STEP][PASSED] - if (fileDouble != pageDouble): null

16-05-2025T12:00:06 - [TEST_STEP][PASSED] - numberOfErrors = numberOfErrors + 1: null

16-05-2025T12:00:06 - [TEST_STEP][PASSED] - Script1718980020443.WriteToExcel(a, typeOfData, todaysDate, pageInt, fileInt, pageDouble, fileDouble, dZO): null

16-05-2025T12:00:06 - [TEST_STEP][PASSED] - sheetName = "Sheet1": null

16-05-2025T12:00:06 - [TEST_STEP][PASSED] - data = findTestData("PlanFact"): null

16-05-2025T12:00:06 - [TEST_STEP][PASSED] - n = data.getRowNumbers() + 1: null

16-05-2025T12:00:06 - [TEST_STEP][PASSED] - day = ")).toInteger(): null

16-05-2025T12:00:06 - [TEST_STEP][PASSED] - println(day): null

16-05-2025T12:00:06 - [TEST_STEP][PASSED] - month = ")).toInteger(): null

16-05-2025T12:00:06 - [TEST_STEP][PASSED] - println(month): null

16-05-2025T12:00:06 - [TEST_STEP][PASSED] - y = <not implemented yet for class: org.codehaus.groovy.ast.expr.EmptyExpression>: null

16-05-2025T12:00:06 - [TEST_STEP][PASSED] - iy = <not implemented yet for class: org.codehaus.groovy.ast.expr.EmptyExpression>: null

16-05-2025T12:00:06 - [TEST_STEP][PASSED] - m = getText(findTestObject("Выполнение бизнес-плана/Период")): Text of object 'Object Repository/Выполнение бизнес-плана/Период' is: '1 кв. 2025 года'

16-05-2025T12:00:07 - [MESSAGE][PASSED] - Text of object 'Object Repository/Выполнение бизнес-плана/Период' is: '1 кв. 2025 года'

16-05-2025T12:00:07 - [TEST_STEP][PASSED] - iy = m.indexOf("20"): null

16-05-2025T12:00:07 - [TEST_STEP][PASSED] - if (iy > -1): null

16-05-2025T12:00:07 - [TEST_STEP][PASSED] - y = substring(iy, iy + 4).toInteger(): null

16-05-2025T12:00:07 - [TEST_STEP][PASSED] - println(y): null

16-05-2025T12:00:07 - [TEST_STEP][PASSED] - if (toString().length() == 4): null

16-05-2025T12:00:07 - [TEST_STEP][PASSED] - m = m.substring(0, m.indexOf(y.toString())): null

16-05-2025T12:00:07 - [TEST_STEP][PASSED] - m = m.trim(): null

16-05-2025T12:00:07 - [TEST_STEP][PASSED] - if (m == ""): null

16-05-2025T12:00:07 - [TEST_STEP][PASSED] - dashboardName = "Выполнение бизнес-плана": null

16-05-2025T12:00:07 - [TEST_STEP][PASSED] - workbook01 = getWorkbook(excelFilePath): null

16-05-2025T12:00:07 - [TEST_STEP][PASSED] - sheet01 = getExcelSheet(workbook01, sheetName): null

16-05-2025T12:00:07 - [TEST_STEP][PASSED] - setValueToCellByIndex(sheet01, n, 0, dashboardName): null

16-05-2025T12:00:07 - [TEST_STEP][PASSED] - setValueToCellByIndex(sheet01, n, 1, dZO): null

16-05-2025T12:00:07 - [TEST_STEP][PASSED] - setValueToCellByIndex(sheet01, n, 2, typeOfData): null

16-05-2025T12:00:07 - [TEST_STEP][PASSED] - if (typeOfData == "Факт в процентах" || typeOfData == "План в процентах"): null

16-05-2025T12:00:07 - [TEST_STEP][PASSED] - setValueToCellByIndex(sheet01, n, 3, fileDouble): null

16-05-2025T12:00:07 - [TEST_STEP][PASSED] - setValueToCellByIndex(sheet01, n, 4, pageDouble): null

16-05-2025T12:00:07 - [TEST_STEP][PASSED] - setValueToCellByIndex(sheet01, n, 5, m): null

16-05-2025T12:00:07 - [TEST_STEP][PASSED] - setValueToCellByIndex(sheet01, n, 6, y): null

16-05-2025T12:00:07 - [TEST_STEP][PASSED] - setValueToCellByIndex(sheet01, n, 7, todaysDate): null

16-05-2025T12:00:07 - [TEST_STEP][PASSED] - n = n + 1: null

16-05-2025T12:00:07 - [TEST_STEP][PASSED] - saveWorkbook(excelFilePath, workbook01): null

16-05-2025T12:00:07 - [TEST_STEP][PASSED] - file = findTestData("PlanFact").getValue(7, a): null

16-05-2025T12:00:07 - [TEST_STEP][PASSED] - file = file.replace(",", "."): null

16-05-2025T12:00:07 - [TEST_STEP][PASSED] - println("file Fact: " + file): null

16-05-2025T12:00:07 - [TEST_STEP][PASSED] - fileDouble = file.toDouble(): null

16-05-2025T12:00:07 - [TEST_STEP][PASSED] - typeOfData = "Факт в процентах": null

16-05-2025T12:00:07 - [TEST_STEP][PASSED] - fileDouble = file.toDouble(): null

16-05-2025T12:00:07 - [TEST_STEP][PASSED] - pageDouble = page2.toDouble(): null

16-05-2025T12:00:07 - [TEST_STEP][PASSED] - if (fileDouble != pageDouble): null

16-05-2025T12:00:07 - [TEST_STEP][PASSED] - numberOfErrors = numberOfErrors + 1: null

16-05-2025T12:00:07 - [TEST_STEP][PASSED] - Script1718980020443.WriteToExcel(a, typeOfData, todaysDate, pageInt, fileInt, pageDouble, fileDouble, dZO): null

16-05-2025T12:00:07 - [TEST_STEP][PASSED] - sheetName = "Sheet1": null

16-05-2025T12:00:07 - [TEST_STEP][PASSED] - data = findTestData("PlanFact"): null

16-05-2025T12:00:07 - [TEST_STEP][PASSED] - n = data.getRowNumbers() + 1: null

16-05-2025T12:00:07 - [TEST_STEP][PASSED] - day = ")).toInteger(): null

16-05-2025T12:00:07 - [TEST_STEP][PASSED] - println(day): null

16-05-2025T12:00:07 - [TEST_STEP][PASSED] - month = ")).toInteger(): null

16-05-2025T12:00:07 - [TEST_STEP][PASSED] - println(month): null

16-05-2025T12:00:07 - [TEST_STEP][PASSED] - y = <not implemented yet for class: org.codehaus.groovy.ast.expr.EmptyExpression>: null

16-05-2025T12:00:07 - [TEST_STEP][PASSED] - iy = <not implemented yet for class: org.codehaus.groovy.ast.expr.EmptyExpression>: null

16-05-2025T12:00:07 - [TEST_STEP][PASSED] - m = getText(findTestObject("Выполнение бизнес-плана/Период")): Text of object 'Object Repository/Выполнение бизнес-плана/Период' is: '1 кв. 2025 года'

16-05-2025T12:00:07 - [MESSAGE][PASSED] - Text of object 'Object Repository/Выполнение бизнес-плана/Период' is: '1 кв. 2025 года'

16-05-2025T12:00:07 - [TEST_STEP][PASSED] - iy = m.indexOf("20"): null

16-05-2025T12:00:07 - [TEST_STEP][PASSED] - if (iy > -1): null

16-05-2025T12:00:07 - [TEST_STEP][PASSED] - y = substring(iy, iy + 4).toInteger(): null

16-05-2025T12:00:07 - [TEST_STEP][PASSED] - println(y): null

16-05-2025T12:00:07 - [TEST_STEP][PASSED] - if (toString().length() == 4): null

16-05-2025T12:00:07 - [TEST_STEP][PASSED] - m = m.substring(0, m.indexOf(y.toString())): null

16-05-2025T12:00:07 - [TEST_STEP][PASSED] - m = m.trim(): null

16-05-2025T12:00:07 - [TEST_STEP][PASSED] - if (m == ""): null

16-05-2025T12:00:07 - [TEST_STEP][PASSED] - dashboardName = "Выполнение бизнес-плана": null

16-05-2025T12:00:07 - [TEST_STEP][PASSED] - workbook01 = getWorkbook(excelFilePath): null

16-05-2025T12:00:07 - [TEST_STEP][PASSED] - sheet01 = getExcelSheet(workbook01, sheetName): null

16-05-2025T12:00:07 - [TEST_STEP][PASSED] - setValueToCellByIndex(sheet01, n, 0, dashboardName): null

16-05-2025T12:00:07 - [TEST_STEP][PASSED] - setValueToCellByIndex(sheet01, n, 1, dZO): null

16-05-2025T12:00:07 - [TEST_STEP][PASSED] - setValueToCellByIndex(sheet01, n, 2, typeOfData): null

16-05-2025T12:00:07 - [TEST_STEP][PASSED] - if (typeOfData == "Факт в процентах" || typeOfData == "План в процентах"): null

16-05-2025T12:00:07 - [TEST_STEP][PASSED] - setValueToCellByIndex(sheet01, n, 3, fileDouble): null

16-05-2025T12:00:07 - [TEST_STEP][PASSED] - setValueToCellByIndex(sheet01, n, 4, pageDouble): null

16-05-2025T12:00:07 - [TEST_STEP][PASSED] - setValueToCellByIndex(sheet01, n, 5, m): null

16-05-2025T12:00:07 - [TEST_STEP][PASSED] - setValueToCellByIndex(sheet01, n, 6, y): null

16-05-2025T12:00:07 - [TEST_STEP][PASSED] - setValueToCellByIndex(sheet01, n, 7, todaysDate): null

16-05-2025T12:00:07 - [TEST_STEP][PASSED] - n = n + 1: null

16-05-2025T12:00:07 - [TEST_STEP][PASSED] - saveWorkbook(excelFilePath, workbook01): null

16-05-2025T12:00:08 - [TEST_STEP][FAILED] - if (verifyEqual(numberOfErrors, 0) == false): null

16-05-2025T12:00:08 - [MESSAGE][FAILED] - Unable to verify equal between actual object '6' and expected object '0' (Root cause: com.kms.katalon.core.exception.StepFailedException: Actual object '6' and expected object '0' are not equal
	at com.kms.katalon.core.keyword.builtin.VerifyEqualKeyword$_verifyEqual_closure1.doCall(VerifyEqualKeyword.groovy:58)
	at com.kms.katalon.core.keyword.builtin.VerifyEqualKeyword$_verifyEqual_closure1.call(VerifyEqualKeyword.groovy)
	at com.kms.katalon.core.keyword.internal.KeywordMain.runKeyword(KeywordMain.groovy:75)
	at com.kms.katalon.core.keyword.builtin.VerifyEqualKeyword.verifyEqual(VerifyEqualKeyword.groovy:63)
	at com.kms.katalon.core.keyword.builtin.VerifyEqualKeyword.execute(VerifyEqualKeyword.groovy:44)
	at com.kms.katalon.core.keyword.internal.KeywordExecutor.executeKeywordForPlatform(KeywordExecutor.groovy:74)
	at com.kms.katalon.core.keyword.BuiltinKeywords.verifyEqual(BuiltinKeywords.groovy:146)
	at jdk.internal.reflect.GeneratedMethodAccessor24.invoke(Unknown Source)
	at java.base/jdk.internal.reflect.DelegatingMethodAccessorImpl.invoke(DelegatingMethodAccessorImpl.java:43)
	at Выполнение бизнес-плана Сверка ПАО Россети все филиалы.Numbers(Выполнение бизнес-плана Сверка ПАО Россети все филиалы:740)
	at Выполнение бизнес-плана Сверка ПАО Россети все филиалы.Filials(Выполнение бизнес-плана Сверка ПАО Россети все филиалы:989)
	at Выполнение бизнес-плана Сверка ПАО Россети все филиалы.Numbers(Выполнение бизнес-плана Сверка ПАО Россети все филиалы:747)
	at Выполнение бизнес-плана Сверка ПАО Россети все филиалы.run(Выполнение бизнес-плана Сверка ПАО Россети все филиалы:227)
	at com.kms.katalon.core.main.ScriptEngine.run(ScriptEngine.java:194)
	at com.kms.katalon.core.main.ScriptEngine.runScriptAsRawText(ScriptEngine.java:119)
	at com.kms.katalon.core.main.TestCaseExecutor.runScript(TestCaseExecutor.java:448)
	at com.kms.katalon.core.main.TestCaseExecutor.doExecute(TestCaseExecutor.java:439)
	at com.kms.katalon.core.main.TestCaseExecutor.processExecutionPhase(TestCaseExecutor.java:418)
	at com.kms.katalon.core.main.TestCaseExecutor.accessMainPhase(TestCaseExecutor.java:410)
	at com.kms.katalon.core.main.TestCaseExecutor.execute(TestCaseExecutor.java:285)
	at com.kms.katalon.core.common.CommonExecutor.accessTestCaseMainPhase(CommonExecutor.java:65)
	at com.kms.katalon.core.main.TestSuiteExecutor.accessTestSuiteMainPhase(TestSuiteExecutor.java:150)
	at com.kms.katalon.core.main.TestSuiteExecutor.execute(TestSuiteExecutor.java:106)
	at com.kms.katalon.core.main.TestCaseMain.startTestSuite(TestCaseMain.java:180)
	at TempTestSuite1747369435659.run(TempTestSuite1747369435659.groovy:35)
	at java.base/jdk.internal.reflect.NativeMethodAccessorImpl.invoke0(Native Method)
	at java.base/jdk.internal.reflect.NativeMethodAccessorImpl.invoke(NativeMethodAccessorImpl.java:77)
	at java.base/jdk.internal.reflect.DelegatingMethodAccessorImpl.invoke(DelegatingMethodAccessorImpl.java:43)
)

16-05-2025T12:00:08 - [TEST_STEP][PASSED] - println(numberOfErrors): null

16-05-2025T12:00:08 - [TEST_STEP][PASSED] - println("a=" + a): null

16-05-2025T12:00:08 - [TEST_STEP][PASSED] - if (a == 28 || a == 77 || a == 74 || a == 65 || a == 36 || a == 44 || a == 54 || a == 1 || a == 18 || a == 59): null

16-05-2025T12:00:08 - [TEST_STEP][PASSED] - if (a == 82): null

16-05-2025T12:00:08 - [TEST_STEP][PASSED] - dZO = "Чувашэнерго": null

16-05-2025T12:00:08 - [TEST_STEP][PASSED] - a = 35: null

16-05-2025T12:00:08 - [TEST_STEP][PASSED] - if (x2.contains(dZO)): null

16-05-2025T12:00:08 - [TEST_STEP][PASSED] - filialNum = filialNum + 1: null

16-05-2025T12:00:08 - [TEST_STEP][PASSED] - Script1718980020443.Numbers(a, typeOfData, todaysDate, pageInt, fileInt, pageDouble, fileDouble, dZO, dzoNum, filialNum): null

16-05-2025T12:00:08 - [TEST_STEP][PASSED] - println(dzoNum): null

16-05-2025T12:00:08 - [TEST_STEP][PASSED] - planFact = <not implemented yet for class: org.codehaus.groovy.ast.expr.EmptyExpression>: null

16-05-2025T12:00:08 - [TEST_STEP][PASSED] - page = <not implemented yet for class: org.codehaus.groovy.ast.expr.EmptyExpression>: null

16-05-2025T12:00:08 - [TEST_STEP][PASSED] - page1 = <not implemented yet for class: org.codehaus.groovy.ast.expr.EmptyExpression>: null

16-05-2025T12:00:08 - [TEST_STEP][PASSED] - page2 = <not implemented yet for class: org.codehaus.groovy.ast.expr.EmptyExpression>: null

16-05-2025T12:00:08 - [TEST_STEP][PASSED] - filialNumberInRow = <not implemented yet for class: org.codehaus.groovy.ast.expr.EmptyExpression>: null

16-05-2025T12:00:08 - [TEST_STEP][PASSED] - filialsDzoNames = <not implemented yet for class: org.codehaus.groovy.ast.expr.EmptyExpression>: null

16-05-2025T12:00:08 - [TEST_STEP][PASSED] - numberOfFilials = <not implemented yet for class: org.codehaus.groovy.ast.expr.EmptyExpression>: null

16-05-2025T12:00:08 - [TEST_STEP][PASSED] - numberOfSpaces = <not implemented yet for class: org.codehaus.groovy.ast.expr.EmptyExpression>: null

16-05-2025T12:00:08 - [TEST_STEP][PASSED] - file = <not implemented yet for class: org.codehaus.groovy.ast.expr.EmptyExpression>: null

16-05-2025T12:00:08 - [TEST_STEP][PASSED] - otpusk = <not implemented yet for class: org.codehaus.groovy.ast.expr.EmptyExpression>: null

16-05-2025T12:00:08 - [TEST_STEP][PASSED] - poteri = <not implemented yet for class: org.codehaus.groovy.ast.expr.EmptyExpression>: null

16-05-2025T12:00:08 - [TEST_STEP][PASSED] - dataFolder = "Выполнение бизнес-плана/Значения со страницы Выполнение бизнес-плана/": null

16-05-2025T12:00:08 - [TEST_STEP][PASSED] - path = <not implemented yet for class: org.codehaus.groovy.ast.expr.EmptyExpression>: null

16-05-2025T12:00:08 - [TEST_STEP][PASSED] - typeOfDataMain = <not implemented yet for class: org.codehaus.groovy.ast.expr.EmptyExpression>: null

16-05-2025T12:00:08 - [TEST_STEP][PASSED] - fileOtpuskVSet = <not implemented yet for class: org.codehaus.groovy.ast.expr.EmptyExpression>: null

16-05-2025T12:00:08 - [TEST_STEP][PASSED] - pageOtpuskVSet = <not implemented yet for class: org.codehaus.groovy.ast.expr.EmptyExpression>: null

16-05-2025T12:00:08 - [TEST_STEP][PASSED] - filePoteri = <not implemented yet for class: org.codehaus.groovy.ast.expr.EmptyExpression>: null

16-05-2025T12:00:08 - [TEST_STEP][PASSED] - pagePoteri = <not implemented yet for class: org.codehaus.groovy.ast.expr.EmptyExpression>: null

16-05-2025T12:00:08 - [TEST_STEP][PASSED] - compare = <not implemented yet for class: org.codehaus.groovy.ast.expr.EmptyExpression>: null

16-05-2025T12:00:08 - [TEST_STEP][PASSED] - b = <not implemented yet for class: org.codehaus.groovy.ast.expr.EmptyExpression>: null

16-05-2025T12:00:08 - [TEST_STEP][PASSED] - i = <not implemented yet for class: org.codehaus.groovy.ast.expr.EmptyExpression>: null

16-05-2025T12:00:08 - [TEST_STEP][PASSED] - ii = <not implemented yet for class: org.codehaus.groovy.ast.expr.EmptyExpression>: null

16-05-2025T12:00:08 - [TEST_STEP][PASSED] - c = <not implemented yet for class: org.codehaus.groovy.ast.expr.EmptyExpression>: null

16-05-2025T12:00:08 - [TEST_STEP][PASSED] - numberOfErrors = 0: null

16-05-2025T12:00:08 - [TEST_STEP][PASSED] - if (a == 82): null

16-05-2025T12:00:08 - [TEST_STEP][PASSED] - b = findTestData("PlanFact").getValue(1, a): null

16-05-2025T12:00:08 - [TEST_STEP][PASSED] - i = b.indexOf(" (ГК)"): null

16-05-2025T12:00:08 - [TEST_STEP][PASSED] - if (i > -1): null

16-05-2025T12:00:08 - [TEST_STEP][PASSED] - i = b.indexOf("О ""): null

16-05-2025T12:00:08 - [TEST_STEP][PASSED] - if (i > -1): null

16-05-2025T12:00:08 - [TEST_STEP][PASSED] - i = b.indexOf("О «"): null

16-05-2025T12:00:08 - [TEST_STEP][PASSED] - if (i > -1): null

16-05-2025T12:00:08 - [TEST_STEP][PASSED] - i = b.indexOf("г. "): null

16-05-2025T12:00:08 - [TEST_STEP][PASSED] - if (i > -1): null

16-05-2025T12:00:08 - [TEST_STEP][PASSED] - b = b.trim(): null

16-05-2025T12:00:08 - [TEST_STEP][PASSED] - println(b): null

16-05-2025T12:00:08 - [TEST_STEP][PASSED] - for ([planFact = 1, planFact < 3, (planFact++)]): null

16-05-2025T12:00:08 - [TEST_STEP][PASSED] - if (planFact == 1): null

16-05-2025T12:00:08 - [TEST_STEP][PASSED] - typeOfDataMain = "Факт": null

16-05-2025T12:00:08 - [TEST_STEP][PASSED] - otpusk = findTestData("PlanFact").getValue(5, a): null

16-05-2025T12:00:08 - [TEST_STEP][PASSED] - poteri = findTestData("PlanFact").getValue(6, a): null

16-05-2025T12:00:08 - [TEST_STEP][PASSED] - otpusk = otpusk.replaceAll("\s+", ""): null

16-05-2025T12:00:08 - [TEST_STEP][PASSED] - poteri = poteri.replaceAll("\s+", ""): null

16-05-2025T12:00:08 - [TEST_STEP][PASSED] - typeOfData = typeOfDataMain + " Отпуск в сеть": null

16-05-2025T12:00:08 - [TEST_STEP][PASSED] - if (a == 82): null

16-05-2025T12:00:08 - [TEST_STEP][PASSED] - else if (a == 84): null

16-05-2025T12:00:08 - [TEST_STEP][PASSED] - else if (a == 83 || a == 52 || a == 72 || a == 28 || a == 73 || a == 77 || a == 74 || a == 65 || a == 36 || a == 44 || a == 53 || a == 80 || a == 54 || a == 1 || a == 18 || a == 59 || a == 81): null

16-05-2025T12:00:08 - [TEST_STEP][PASSED] - else: null

16-05-2025T12:00:08 - [TEST_STEP][PASSED] - path = dataFolder + typeOfData + " за отчётный период " + b: null

16-05-2025T12:00:08 - [TEST_STEP][PASSED] - println(path): null

16-05-2025T12:00:08 - [TEST_STEP][PASSED] - page = getText(findTestObject(path)): Text of object 'Object Repository/Выполнение бизнес-плана/Значения со страницы Выполнение бизнес-плана/Факт Отпуск в сеть за отчётный период Чувашэнерго' is: '423 462'

16-05-2025T12:00:08 - [MESSAGE][PASSED] - Text of object 'Object Repository/Выполнение бизнес-плана/Значения со страницы Выполнение бизнес-плана/Факт Отпуск в сеть за отчётный период Чувашэнерго' is: '423 462'

16-05-2025T12:00:08 - [TEST_STEP][PASSED] - if (page == "" || page == null): null

16-05-2025T12:00:08 - [TEST_STEP][PASSED] - else: null

16-05-2025T12:00:08 - [TEST_STEP][PASSED] - page = page.replaceAll("\s+", ""): null

16-05-2025T12:00:08 - [TEST_STEP][PASSED] - if (page == "undefined"): null

16-05-2025T12:00:08 - [TEST_STEP][PASSED] - fileOtpuskVSet = otpusk.toInteger(): null

16-05-2025T12:00:08 - [TEST_STEP][PASSED] - pageOtpuskVSet = page.toInteger(): null

16-05-2025T12:00:08 - [TEST_STEP][PASSED] - typeOfData = typeOfDataMain + " Потери": null

16-05-2025T12:00:08 - [TEST_STEP][PASSED] - if (a == 82): null

16-05-2025T12:00:08 - [TEST_STEP][PASSED] - else if (a == 84): null

16-05-2025T12:00:08 - [TEST_STEP][PASSED] - else if (a == 83 || a == 52 || a == 72 || a == 28 || a == 73 || a == 77 || a == 74 || a == 65 || a == 36 || a == 44 || a == 53 || a == 80 || a == 54 || a == 1 || a == 18 || a == 59 || a == 81): null

16-05-2025T12:00:08 - [TEST_STEP][PASSED] - else: null

16-05-2025T12:00:08 - [TEST_STEP][PASSED] - path = dataFolder + typeOfData + " за отчётный период " + b: null

16-05-2025T12:00:08 - [TEST_STEP][PASSED] - page = getText(findTestObject(path)): Text of object 'Object Repository/Выполнение бизнес-плана/Значения со страницы Выполнение бизнес-плана/Факт Потери за отчётный период Чувашэнерго' is: '28 690'

16-05-2025T12:00:08 - [MESSAGE][PASSED] - Text of object 'Object Repository/Выполнение бизнес-плана/Значения со страницы Выполнение бизнес-плана/Факт Потери за отчётный период Чувашэнерго' is: '28 690'

16-05-2025T12:00:08 - [TEST_STEP][PASSED] - if (page == "" || page == null): null

16-05-2025T12:00:08 - [TEST_STEP][PASSED] - else: null

16-05-2025T12:00:08 - [TEST_STEP][PASSED] - page = page.replaceAll("\s+", ""): null

16-05-2025T12:00:08 - [TEST_STEP][PASSED] - if (page == "undefined"): null

16-05-2025T12:00:08 - [TEST_STEP][PASSED] - filePoteri = poteri.toInteger(): null

16-05-2025T12:00:08 - [TEST_STEP][PASSED] - pagePoteri = page.toInteger(): null

16-05-2025T12:00:08 - [TEST_STEP][PASSED] - compare = pageOtpuskVSet: null

16-05-2025T12:00:08 - [TEST_STEP][PASSED] - if (pageOtpuskVSet != null): null

16-05-2025T12:00:08 - [TEST_STEP][PASSED] - if (compare == fileOtpuskVSet): null

16-05-2025T12:00:08 - [TEST_STEP][PASSED] - else if (compare > fileOtpuskVSet): null

16-05-2025T12:00:08 - [TEST_STEP][PASSED] - else if (compare < fileOtpuskVSet): null

16-05-2025T12:00:08 - [TEST_STEP][PASSED] - compare = compare + 1: null

16-05-2025T12:00:08 - [TEST_STEP][PASSED] - if (compare == fileOtpuskVSet): null

16-05-2025T12:00:08 - [TEST_STEP][PASSED] - else: null

16-05-2025T12:00:08 - [TEST_STEP][PASSED] - numberOfErrors = numberOfErrors + 1: null

16-05-2025T12:00:08 - [TEST_STEP][PASSED] - pageInt = pageOtpuskVSet: null

16-05-2025T12:00:08 - [TEST_STEP][PASSED] - fileInt = fileOtpuskVSet: null

16-05-2025T12:00:08 - [TEST_STEP][PASSED] - typeOfData = typeOfDataMain + " Отпуск в сеть": null

16-05-2025T12:00:08 - [TEST_STEP][PASSED] - Script1718980020443.WriteToExcel(a, typeOfData, todaysDate, pageInt, fileInt, pageDouble, fileDouble, dZO): null

16-05-2025T12:00:08 - [TEST_STEP][PASSED] - sheetName = "Sheet1": null

16-05-2025T12:00:08 - [TEST_STEP][PASSED] - data = findTestData("PlanFact"): null

16-05-2025T12:00:09 - [TEST_STEP][PASSED] - n = data.getRowNumbers() + 1: null

16-05-2025T12:00:09 - [TEST_STEP][PASSED] - day = ")).toInteger(): null

16-05-2025T12:00:09 - [TEST_STEP][PASSED] - println(day): null

16-05-2025T12:00:09 - [TEST_STEP][PASSED] - month = ")).toInteger(): null

16-05-2025T12:00:09 - [TEST_STEP][PASSED] - println(month): null

16-05-2025T12:00:09 - [TEST_STEP][PASSED] - y = <not implemented yet for class: org.codehaus.groovy.ast.expr.EmptyExpression>: null

16-05-2025T12:00:09 - [TEST_STEP][PASSED] - iy = <not implemented yet for class: org.codehaus.groovy.ast.expr.EmptyExpression>: null

16-05-2025T12:00:09 - [TEST_STEP][PASSED] - m = getText(findTestObject("Выполнение бизнес-плана/Период")): Text of object 'Object Repository/Выполнение бизнес-плана/Период' is: '1 кв. 2025 года'

16-05-2025T12:00:09 - [MESSAGE][PASSED] - Text of object 'Object Repository/Выполнение бизнес-плана/Период' is: '1 кв. 2025 года'

16-05-2025T12:00:09 - [TEST_STEP][PASSED] - iy = m.indexOf("20"): null

16-05-2025T12:00:09 - [TEST_STEP][PASSED] - if (iy > -1): null

16-05-2025T12:00:09 - [TEST_STEP][PASSED] - y = substring(iy, iy + 4).toInteger(): null

16-05-2025T12:00:09 - [TEST_STEP][PASSED] - println(y): null

16-05-2025T12:00:09 - [TEST_STEP][PASSED] - if (toString().length() == 4): null

16-05-2025T12:00:09 - [TEST_STEP][PASSED] - m = m.substring(0, m.indexOf(y.toString())): null

16-05-2025T12:00:09 - [TEST_STEP][PASSED] - m = m.trim(): null

16-05-2025T12:00:09 - [TEST_STEP][PASSED] - if (m == ""): null

16-05-2025T12:00:09 - [TEST_STEP][PASSED] - dashboardName = "Выполнение бизнес-плана": null

16-05-2025T12:00:09 - [TEST_STEP][PASSED] - workbook01 = getWorkbook(excelFilePath): null

16-05-2025T12:00:09 - [TEST_STEP][PASSED] - sheet01 = getExcelSheet(workbook01, sheetName): null

16-05-2025T12:00:09 - [TEST_STEP][PASSED] - setValueToCellByIndex(sheet01, n, 0, dashboardName): null

16-05-2025T12:00:09 - [TEST_STEP][PASSED] - setValueToCellByIndex(sheet01, n, 1, dZO): null

16-05-2025T12:00:09 - [TEST_STEP][PASSED] - setValueToCellByIndex(sheet01, n, 2, typeOfData): null

16-05-2025T12:00:09 - [TEST_STEP][PASSED] - if (typeOfData == "Факт в процентах" || typeOfData == "План в процентах"): null

16-05-2025T12:00:09 - [TEST_STEP][PASSED] - else: null

16-05-2025T12:00:09 - [TEST_STEP][PASSED] - setValueToCellByIndex(sheet01, n, 3, fileInt): null

16-05-2025T12:00:09 - [TEST_STEP][PASSED] - setValueToCellByIndex(sheet01, n, 4, pageInt): null

16-05-2025T12:00:09 - [TEST_STEP][PASSED] - setValueToCellByIndex(sheet01, n, 5, m): null

16-05-2025T12:00:09 - [TEST_STEP][PASSED] - setValueToCellByIndex(sheet01, n, 6, y): null

16-05-2025T12:00:09 - [TEST_STEP][PASSED] - setValueToCellByIndex(sheet01, n, 7, todaysDate): null

16-05-2025T12:00:09 - [TEST_STEP][PASSED] - n = n + 1: null

16-05-2025T12:00:09 - [TEST_STEP][PASSED] - saveWorkbook(excelFilePath, workbook01): null

16-05-2025T12:00:09 - [TEST_STEP][PASSED] - compare = pagePoteri: null

16-05-2025T12:00:09 - [TEST_STEP][PASSED] - if (pageOtpuskVSet != null): null

16-05-2025T12:00:09 - [TEST_STEP][PASSED] - if (compare == filePoteri): null

16-05-2025T12:00:09 - [TEST_STEP][PASSED] - else if (compare > filePoteri): null

16-05-2025T12:00:09 - [TEST_STEP][PASSED] - else if (compare < filePoteri): null

16-05-2025T12:00:09 - [TEST_STEP][PASSED] - compare = compare + 1: null

16-05-2025T12:00:09 - [TEST_STEP][PASSED] - if (compare == filePoteri): null

16-05-2025T12:00:09 - [TEST_STEP][PASSED] - else: null

16-05-2025T12:00:09 - [TEST_STEP][PASSED] - numberOfErrors = numberOfErrors + 1: null

16-05-2025T12:00:09 - [TEST_STEP][PASSED] - pageInt = pagePoteri: null

16-05-2025T12:00:09 - [TEST_STEP][PASSED] - fileInt = filePoteri: null

16-05-2025T12:00:09 - [TEST_STEP][PASSED] - typeOfData = typeOfDataMain + " Потери": null

16-05-2025T12:00:09 - [TEST_STEP][PASSED] - Script1718980020443.WriteToExcel(a, typeOfData, todaysDate, pageInt, fileInt, pageDouble, fileDouble, dZO): null

16-05-2025T12:00:09 - [TEST_STEP][PASSED] - sheetName = "Sheet1": null

16-05-2025T12:00:09 - [TEST_STEP][PASSED] - data = findTestData("PlanFact"): null

16-05-2025T12:00:09 - [TEST_STEP][PASSED] - n = data.getRowNumbers() + 1: null

16-05-2025T12:00:09 - [TEST_STEP][PASSED] - day = ")).toInteger(): null

16-05-2025T12:00:09 - [TEST_STEP][PASSED] - println(day): null

16-05-2025T12:00:09 - [TEST_STEP][PASSED] - month = ")).toInteger(): null

16-05-2025T12:00:09 - [TEST_STEP][PASSED] - println(month): null

16-05-2025T12:00:09 - [TEST_STEP][PASSED] - y = <not implemented yet for class: org.codehaus.groovy.ast.expr.EmptyExpression>: null

16-05-2025T12:00:09 - [TEST_STEP][PASSED] - iy = <not implemented yet for class: org.codehaus.groovy.ast.expr.EmptyExpression>: null

16-05-2025T12:00:09 - [TEST_STEP][PASSED] - m = getText(findTestObject("Выполнение бизнес-плана/Период")): Text of object 'Object Repository/Выполнение бизнес-плана/Период' is: '1 кв. 2025 года'

16-05-2025T12:00:10 - [MESSAGE][PASSED] - Text of object 'Object Repository/Выполнение бизнес-плана/Период' is: '1 кв. 2025 года'

16-05-2025T12:00:10 - [TEST_STEP][PASSED] - iy = m.indexOf("20"): null

16-05-2025T12:00:10 - [TEST_STEP][PASSED] - if (iy > -1): null

16-05-2025T12:00:10 - [TEST_STEP][PASSED] - y = substring(iy, iy + 4).toInteger(): null

16-05-2025T12:00:10 - [TEST_STEP][PASSED] - println(y): null

16-05-2025T12:00:10 - [TEST_STEP][PASSED] - if (toString().length() == 4): null

16-05-2025T12:00:10 - [TEST_STEP][PASSED] - m = m.substring(0, m.indexOf(y.toString())): null

16-05-2025T12:00:10 - [TEST_STEP][PASSED] - m = m.trim(): null

16-05-2025T12:00:10 - [TEST_STEP][PASSED] - if (m == ""): null

16-05-2025T12:00:10 - [TEST_STEP][PASSED] - dashboardName = "Выполнение бизнес-плана": null

16-05-2025T12:00:10 - [TEST_STEP][PASSED] - workbook01 = getWorkbook(excelFilePath): null

16-05-2025T12:00:10 - [TEST_STEP][PASSED] - sheet01 = getExcelSheet(workbook01, sheetName): null

16-05-2025T12:00:10 - [TEST_STEP][PASSED] - setValueToCellByIndex(sheet01, n, 0, dashboardName): null

16-05-2025T12:00:10 - [TEST_STEP][PASSED] - setValueToCellByIndex(sheet01, n, 1, dZO): null

16-05-2025T12:00:10 - [TEST_STEP][PASSED] - setValueToCellByIndex(sheet01, n, 2, typeOfData): null

16-05-2025T12:00:10 - [TEST_STEP][PASSED] - if (typeOfData == "Факт в процентах" || typeOfData == "План в процентах"): null

16-05-2025T12:00:10 - [TEST_STEP][PASSED] - else: null

16-05-2025T12:00:10 - [TEST_STEP][PASSED] - setValueToCellByIndex(sheet01, n, 3, fileInt): null

16-05-2025T12:00:10 - [TEST_STEP][PASSED] - setValueToCellByIndex(sheet01, n, 4, pageInt): null

16-05-2025T12:00:10 - [TEST_STEP][PASSED] - setValueToCellByIndex(sheet01, n, 5, m): null

16-05-2025T12:00:10 - [TEST_STEP][PASSED] - setValueToCellByIndex(sheet01, n, 6, y): null

16-05-2025T12:00:10 - [TEST_STEP][PASSED] - setValueToCellByIndex(sheet01, n, 7, todaysDate): null

16-05-2025T12:00:10 - [TEST_STEP][PASSED] - n = n + 1: null

16-05-2025T12:00:10 - [TEST_STEP][PASSED] - saveWorkbook(excelFilePath, workbook01): null

16-05-2025T12:00:10 - [TEST_STEP][PASSED] - if (planFact == 2): null

16-05-2025T12:00:10 - [TEST_STEP][PASSED] - if (planFact == 1): null

16-05-2025T12:00:10 - [TEST_STEP][PASSED] - else if (planFact == 2): null

16-05-2025T12:00:10 - [TEST_STEP][PASSED] - click(findTestObject("Выполнение бизнес-плана/Кнопка План")): Object: 'Object Repository/Выполнение бизнес-плана/Кнопка План' is clicked on

16-05-2025T12:00:10 - [MESSAGE][PASSED] - Object: 'Object Repository/Выполнение бизнес-плана/Кнопка План' is clicked on

16-05-2025T12:00:10 - [TEST_STEP][PASSED] - typeOfDataMain = "План": null

16-05-2025T12:00:10 - [TEST_STEP][PASSED] - otpusk = findTestData("PlanFact").getValue(2, a): null

16-05-2025T12:00:10 - [TEST_STEP][PASSED] - poteri = findTestData("PlanFact").getValue(3, a): null

16-05-2025T12:00:10 - [TEST_STEP][PASSED] - otpusk = otpusk.replaceAll("\s+", ""): null

16-05-2025T12:00:10 - [TEST_STEP][PASSED] - poteri = poteri.replaceAll("\s+", ""): null

16-05-2025T12:00:10 - [TEST_STEP][PASSED] - typeOfData = typeOfDataMain + " Отпуск в сеть": null

16-05-2025T12:00:10 - [TEST_STEP][PASSED] - if (a == 82): null

16-05-2025T12:00:10 - [TEST_STEP][PASSED] - else if (a == 84): null

16-05-2025T12:00:10 - [TEST_STEP][PASSED] - else if (a == 83 || a == 52 || a == 72 || a == 28 || a == 73 || a == 77 || a == 74 || a == 65 || a == 36 || a == 44 || a == 53 || a == 80 || a == 54 || a == 1 || a == 18 || a == 59 || a == 81): null

16-05-2025T12:00:10 - [TEST_STEP][PASSED] - else: null

16-05-2025T12:00:10 - [TEST_STEP][PASSED] - path = dataFolder + typeOfData + " за отчётный период " + b: null

16-05-2025T12:00:10 - [TEST_STEP][PASSED] - println(path): null

16-05-2025T12:00:10 - [TEST_STEP][PASSED] - page = getText(findTestObject(path)): Text of object 'Object Repository/Выполнение бизнес-плана/Значения со страницы Выполнение бизнес-плана/План Отпуск в сеть за отчётный период Чувашэнерго' is: '447 582'

16-05-2025T12:00:11 - [MESSAGE][PASSED] - Text of object 'Object Repository/Выполнение бизнес-плана/Значения со страницы Выполнение бизнес-плана/План Отпуск в сеть за отчётный период Чувашэнерго' is: '447 582'

16-05-2025T12:00:11 - [TEST_STEP][PASSED] - if (page == "" || page == null): null

16-05-2025T12:00:11 - [TEST_STEP][PASSED] - else: null

16-05-2025T12:00:11 - [TEST_STEP][PASSED] - page = page.replaceAll("\s+", ""): null

16-05-2025T12:00:11 - [TEST_STEP][PASSED] - if (page == "undefined"): null

16-05-2025T12:00:11 - [TEST_STEP][PASSED] - fileOtpuskVSet = otpusk.toInteger(): null

16-05-2025T12:00:11 - [TEST_STEP][PASSED] - pageOtpuskVSet = page.toInteger(): null

16-05-2025T12:00:11 - [TEST_STEP][PASSED] - typeOfData = typeOfDataMain + " Потери": null

16-05-2025T12:00:11 - [TEST_STEP][PASSED] - if (a == 82): null

16-05-2025T12:00:11 - [TEST_STEP][PASSED] - else if (a == 84): null

16-05-2025T12:00:11 - [TEST_STEP][PASSED] - else if (a == 83 || a == 52 || a == 72 || a == 28 || a == 73 || a == 77 || a == 74 || a == 65 || a == 36 || a == 44 || a == 53 || a == 80 || a == 54 || a == 1 || a == 18 || a == 59 || a == 81): null

16-05-2025T12:00:11 - [TEST_STEP][PASSED] - else: null

16-05-2025T12:00:11 - [TEST_STEP][PASSED] - path = dataFolder + typeOfData + " за отчётный период " + b: null

16-05-2025T12:00:11 - [TEST_STEP][PASSED] - page = getText(findTestObject(path)): Text of object 'Object Repository/Выполнение бизнес-плана/Значения со страницы Выполнение бизнес-плана/План Потери за отчётный период Чувашэнерго' is: '39 185'

16-05-2025T12:00:11 - [MESSAGE][PASSED] - Text of object 'Object Repository/Выполнение бизнес-плана/Значения со страницы Выполнение бизнес-плана/План Потери за отчётный период Чувашэнерго' is: '39 185'

16-05-2025T12:00:11 - [TEST_STEP][PASSED] - if (page == "" || page == null): null

16-05-2025T12:00:11 - [TEST_STEP][PASSED] - else: null

16-05-2025T12:00:11 - [TEST_STEP][PASSED] - page = page.replaceAll("\s+", ""): null

16-05-2025T12:00:11 - [TEST_STEP][PASSED] - if (page == "undefined"): null

16-05-2025T12:00:11 - [TEST_STEP][PASSED] - filePoteri = poteri.toInteger(): null

16-05-2025T12:00:11 - [TEST_STEP][PASSED] - pagePoteri = page.toInteger(): null

16-05-2025T12:00:11 - [TEST_STEP][PASSED] - compare = pageOtpuskVSet: null

16-05-2025T12:00:11 - [TEST_STEP][PASSED] - if (pageOtpuskVSet != null): null

16-05-2025T12:00:11 - [TEST_STEP][PASSED] - if (compare == fileOtpuskVSet): null

16-05-2025T12:00:11 - [TEST_STEP][PASSED] - else if (compare > fileOtpuskVSet): null

16-05-2025T12:00:11 - [TEST_STEP][PASSED] - else if (compare < fileOtpuskVSet): null

16-05-2025T12:00:11 - [TEST_STEP][PASSED] - compare = compare + 1: null

16-05-2025T12:00:11 - [TEST_STEP][PASSED] - if (compare == fileOtpuskVSet): null

16-05-2025T12:00:11 - [TEST_STEP][PASSED] - else: null

16-05-2025T12:00:11 - [TEST_STEP][PASSED] - numberOfErrors = numberOfErrors + 1: null

16-05-2025T12:00:11 - [TEST_STEP][PASSED] - pageInt = pageOtpuskVSet: null

16-05-2025T12:00:11 - [TEST_STEP][PASSED] - fileInt = fileOtpuskVSet: null

16-05-2025T12:00:11 - [TEST_STEP][PASSED] - typeOfData = typeOfDataMain + " Отпуск в сеть": null

16-05-2025T12:00:11 - [TEST_STEP][PASSED] - Script1718980020443.WriteToExcel(a, typeOfData, todaysDate, pageInt, fileInt, pageDouble, fileDouble, dZO): null

16-05-2025T12:00:11 - [TEST_STEP][PASSED] - sheetName = "Sheet1": null

16-05-2025T12:00:11 - [TEST_STEP][PASSED] - data = findTestData("PlanFact"): null

16-05-2025T12:00:11 - [TEST_STEP][PASSED] - n = data.getRowNumbers() + 1: null

16-05-2025T12:00:11 - [TEST_STEP][PASSED] - day = ")).toInteger(): null

16-05-2025T12:00:11 - [TEST_STEP][PASSED] - println(day): null

16-05-2025T12:00:11 - [TEST_STEP][PASSED] - month = ")).toInteger(): null

16-05-2025T12:00:11 - [TEST_STEP][PASSED] - println(month): null

16-05-2025T12:00:11 - [TEST_STEP][PASSED] - y = <not implemented yet for class: org.codehaus.groovy.ast.expr.EmptyExpression>: null

16-05-2025T12:00:11 - [TEST_STEP][PASSED] - iy = <not implemented yet for class: org.codehaus.groovy.ast.expr.EmptyExpression>: null

16-05-2025T12:00:11 - [TEST_STEP][PASSED] - m = getText(findTestObject("Выполнение бизнес-плана/Период")): Text of object 'Object Repository/Выполнение бизнес-плана/Период' is: '1 кв. 2025 года'

16-05-2025T12:00:11 - [MESSAGE][PASSED] - Text of object 'Object Repository/Выполнение бизнес-плана/Период' is: '1 кв. 2025 года'

16-05-2025T12:00:11 - [TEST_STEP][PASSED] - iy = m.indexOf("20"): null

16-05-2025T12:00:11 - [TEST_STEP][PASSED] - if (iy > -1): null

16-05-2025T12:00:11 - [TEST_STEP][PASSED] - y = substring(iy, iy + 4).toInteger(): null

16-05-2025T12:00:11 - [TEST_STEP][PASSED] - println(y): null

16-05-2025T12:00:11 - [TEST_STEP][PASSED] - if (toString().length() == 4): null

16-05-2025T12:00:11 - [TEST_STEP][PASSED] - m = m.substring(0, m.indexOf(y.toString())): null

16-05-2025T12:00:11 - [TEST_STEP][PASSED] - m = m.trim(): null

16-05-2025T12:00:11 - [TEST_STEP][PASSED] - if (m == ""): null

16-05-2025T12:00:11 - [TEST_STEP][PASSED] - dashboardName = "Выполнение бизнес-плана": null

16-05-2025T12:00:11 - [TEST_STEP][PASSED] - workbook01 = getWorkbook(excelFilePath): null

16-05-2025T12:00:11 - [TEST_STEP][PASSED] - sheet01 = getExcelSheet(workbook01, sheetName): null

16-05-2025T12:00:11 - [TEST_STEP][PASSED] - setValueToCellByIndex(sheet01, n, 0, dashboardName): null

16-05-2025T12:00:11 - [TEST_STEP][PASSED] - setValueToCellByIndex(sheet01, n, 1, dZO): null

16-05-2025T12:00:11 - [TEST_STEP][PASSED] - setValueToCellByIndex(sheet01, n, 2, typeOfData): null

16-05-2025T12:00:11 - [TEST_STEP][PASSED] - if (typeOfData == "Факт в процентах" || typeOfData == "План в процентах"): null

16-05-2025T12:00:11 - [TEST_STEP][PASSED] - else: null

16-05-2025T12:00:11 - [TEST_STEP][PASSED] - setValueToCellByIndex(sheet01, n, 3, fileInt): null

16-05-2025T12:00:11 - [TEST_STEP][PASSED] - setValueToCellByIndex(sheet01, n, 4, pageInt): null

16-05-2025T12:00:11 - [TEST_STEP][PASSED] - setValueToCellByIndex(sheet01, n, 5, m): null

16-05-2025T12:00:11 - [TEST_STEP][PASSED] - setValueToCellByIndex(sheet01, n, 6, y): null

16-05-2025T12:00:11 - [TEST_STEP][PASSED] - setValueToCellByIndex(sheet01, n, 7, todaysDate): null

16-05-2025T12:00:11 - [TEST_STEP][PASSED] - n = n + 1: null

16-05-2025T12:00:11 - [TEST_STEP][PASSED] - saveWorkbook(excelFilePath, workbook01): null

16-05-2025T12:00:12 - [TEST_STEP][PASSED] - compare = pagePoteri: null

16-05-2025T12:00:12 - [TEST_STEP][PASSED] - if (pageOtpuskVSet != null): null

16-05-2025T12:00:12 - [TEST_STEP][PASSED] - if (compare == filePoteri): null

16-05-2025T12:00:12 - [TEST_STEP][PASSED] - else if (compare > filePoteri): null

16-05-2025T12:00:12 - [TEST_STEP][PASSED] - else if (compare < filePoteri): null

16-05-2025T12:00:12 - [TEST_STEP][PASSED] - compare = compare + 1: null

16-05-2025T12:00:12 - [TEST_STEP][PASSED] - if (compare == filePoteri): null

16-05-2025T12:00:12 - [TEST_STEP][PASSED] - else: null

16-05-2025T12:00:12 - [TEST_STEP][PASSED] - numberOfErrors = numberOfErrors + 1: null

16-05-2025T12:00:12 - [TEST_STEP][PASSED] - pageInt = pagePoteri: null

16-05-2025T12:00:12 - [TEST_STEP][PASSED] - fileInt = filePoteri: null

16-05-2025T12:00:12 - [TEST_STEP][PASSED] - typeOfData = typeOfDataMain + " Потери": null

16-05-2025T12:00:12 - [TEST_STEP][PASSED] - Script1718980020443.WriteToExcel(a, typeOfData, todaysDate, pageInt, fileInt, pageDouble, fileDouble, dZO): null

16-05-2025T12:00:12 - [TEST_STEP][PASSED] - sheetName = "Sheet1": null

16-05-2025T12:00:12 - [TEST_STEP][PASSED] - data = findTestData("PlanFact"): null

16-05-2025T12:00:12 - [TEST_STEP][PASSED] - n = data.getRowNumbers() + 1: null

16-05-2025T12:00:12 - [TEST_STEP][PASSED] - day = ")).toInteger(): null

16-05-2025T12:00:12 - [TEST_STEP][PASSED] - println(day): null

16-05-2025T12:00:12 - [TEST_STEP][PASSED] - month = ")).toInteger(): null

16-05-2025T12:00:12 - [TEST_STEP][PASSED] - println(month): null

16-05-2025T12:00:12 - [TEST_STEP][PASSED] - y = <not implemented yet for class: org.codehaus.groovy.ast.expr.EmptyExpression>: null

16-05-2025T12:00:12 - [TEST_STEP][PASSED] - iy = <not implemented yet for class: org.codehaus.groovy.ast.expr.EmptyExpression>: null

16-05-2025T12:00:12 - [TEST_STEP][PASSED] - m = getText(findTestObject("Выполнение бизнес-плана/Период")): Text of object 'Object Repository/Выполнение бизнес-плана/Период' is: '1 кв. 2025 года'

16-05-2025T12:00:12 - [MESSAGE][PASSED] - Text of object 'Object Repository/Выполнение бизнес-плана/Период' is: '1 кв. 2025 года'

16-05-2025T12:00:12 - [TEST_STEP][PASSED] - iy = m.indexOf("20"): null

16-05-2025T12:00:12 - [TEST_STEP][PASSED] - if (iy > -1): null

16-05-2025T12:00:12 - [TEST_STEP][PASSED] - y = substring(iy, iy + 4).toInteger(): null

16-05-2025T12:00:12 - [TEST_STEP][PASSED] - println(y): null

16-05-2025T12:00:12 - [TEST_STEP][PASSED] - if (toString().length() == 4): null

16-05-2025T12:00:12 - [TEST_STEP][PASSED] - m = m.substring(0, m.indexOf(y.toString())): null

16-05-2025T12:00:12 - [TEST_STEP][PASSED] - m = m.trim(): null

16-05-2025T12:00:12 - [TEST_STEP][PASSED] - if (m == ""): null

16-05-2025T12:00:12 - [TEST_STEP][PASSED] - dashboardName = "Выполнение бизнес-плана": null

16-05-2025T12:00:12 - [TEST_STEP][PASSED] - workbook01 = getWorkbook(excelFilePath): null

16-05-2025T12:00:12 - [TEST_STEP][PASSED] - sheet01 = getExcelSheet(workbook01, sheetName): null

16-05-2025T12:00:12 - [TEST_STEP][PASSED] - setValueToCellByIndex(sheet01, n, 0, dashboardName): null

16-05-2025T12:00:12 - [TEST_STEP][PASSED] - setValueToCellByIndex(sheet01, n, 1, dZO): null

16-05-2025T12:00:12 - [TEST_STEP][PASSED] - setValueToCellByIndex(sheet01, n, 2, typeOfData): null

16-05-2025T12:00:12 - [TEST_STEP][PASSED] - if (typeOfData == "Факт в процентах" || typeOfData == "План в процентах"): null

16-05-2025T12:00:12 - [TEST_STEP][PASSED] - else: null

16-05-2025T12:00:12 - [TEST_STEP][PASSED] - setValueToCellByIndex(sheet01, n, 3, fileInt): null

16-05-2025T12:00:12 - [TEST_STEP][PASSED] - setValueToCellByIndex(sheet01, n, 4, pageInt): null

16-05-2025T12:00:12 - [TEST_STEP][PASSED] - setValueToCellByIndex(sheet01, n, 5, m): null

16-05-2025T12:00:12 - [TEST_STEP][PASSED] - setValueToCellByIndex(sheet01, n, 6, y): null

16-05-2025T12:00:12 - [TEST_STEP][PASSED] - setValueToCellByIndex(sheet01, n, 7, todaysDate): null

16-05-2025T12:00:12 - [TEST_STEP][PASSED] - n = n + 1: null

16-05-2025T12:00:12 - [TEST_STEP][PASSED] - saveWorkbook(excelFilePath, workbook01): Object: 'Object Repository/Выполнение бизнес-плана/Кнопка Факт' is clicked on

16-05-2025T12:00:12 - [TEST_STEP][PASSED] - if (planFact == 2): Object: 'Object Repository/Выполнение бизнес-плана/Кнопка Факт' is clicked on

16-05-2025T12:00:12 - [TEST_STEP][PASSED] - click(findTestObject("Выполнение бизнес-плана/Кнопка Факт")): Object: 'Object Repository/Выполнение бизнес-плана/Кнопка Факт' is clicked on

16-05-2025T12:00:12 - [MESSAGE][PASSED] - Object: 'Object Repository/Выполнение бизнес-плана/Кнопка Факт' is clicked on

16-05-2025T12:00:12 - [TEST_STEP][PASSED] - println("a=" + a): null

16-05-2025T12:00:12 - [TEST_STEP][PASSED] - if (a == 84 || a == 82): null

16-05-2025T12:00:12 - [TEST_STEP][PASSED] - else if (a == 83 || a == 52 || a == 72 || a == 28 || a == 73 || a == 77 || a == 74 || a == 65 || a == 36 || a == 44 || a == 53 || a == 80 || a == 54 || a == 1 || a == 18 || a == 59 || a == 81): null

16-05-2025T12:00:12 - [TEST_STEP][PASSED] - else: null

16-05-2025T12:00:12 - [TEST_STEP][PASSED] - page1 = getText(findTestObject("Object Repository/Выполнение бизнес-плана/spanPlan" + filialNum)): Text of object 'Object Repository/Выполнение бизнес-плана/spanPlan7' is: '8.75
|'

16-05-2025T12:00:13 - [MESSAGE][PASSED] - Text of object 'Object Repository/Выполнение бизнес-плана/spanPlan7' is: '8.75
|'

16-05-2025T12:00:13 - [TEST_STEP][PASSED] - page1 = page1.replace("|", ""): null

16-05-2025T12:00:13 - [TEST_STEP][PASSED] - page2 = getText(findTestObject("Object Repository/Выполнение бизнес-плана/spanFact" + filialNum)): Text of object 'Object Repository/Выполнение бизнес-плана/spanFact7' is: '6.78
|'

16-05-2025T12:00:13 - [MESSAGE][PASSED] - Text of object 'Object Repository/Выполнение бизнес-плана/spanFact7' is: '6.78
|'

16-05-2025T12:00:13 - [TEST_STEP][PASSED] - page2 = page2.replace("|", ""): null

16-05-2025T12:00:13 - [TEST_STEP][PASSED] - println("page1: " + page1): null

16-05-2025T12:00:13 - [TEST_STEP][PASSED] - println("page2: " + page2): null

16-05-2025T12:00:13 - [TEST_STEP][PASSED] - file = findTestData("PlanFact").getValue(4, a): null

16-05-2025T12:00:13 - [TEST_STEP][PASSED] - file = file.replace(",", "."): null

16-05-2025T12:00:13 - [TEST_STEP][PASSED] - println("file Plan: " + file): null

16-05-2025T12:00:13 - [TEST_STEP][PASSED] - typeOfData = "План в процентах": null

16-05-2025T12:00:13 - [TEST_STEP][PASSED] - fileDouble = file.toDouble(): null

16-05-2025T12:00:13 - [TEST_STEP][PASSED] - pageDouble = page1.toDouble(): null

16-05-2025T12:00:13 - [TEST_STEP][PASSED] - if (fileDouble != pageDouble): null

16-05-2025T12:00:13 - [TEST_STEP][PASSED] - numberOfErrors = numberOfErrors + 1: null

16-05-2025T12:00:13 - [TEST_STEP][PASSED] - Script1718980020443.WriteToExcel(a, typeOfData, todaysDate, pageInt, fileInt, pageDouble, fileDouble, dZO): null

16-05-2025T12:00:13 - [TEST_STEP][PASSED] - sheetName = "Sheet1": null

16-05-2025T12:00:13 - [TEST_STEP][PASSED] - data = findTestData("PlanFact"): null

16-05-2025T12:00:13 - [TEST_STEP][PASSED] - n = data.getRowNumbers() + 1: null

16-05-2025T12:00:13 - [TEST_STEP][PASSED] - day = ")).toInteger(): null

16-05-2025T12:00:13 - [TEST_STEP][PASSED] - println(day): null

16-05-2025T12:00:13 - [TEST_STEP][PASSED] - month = ")).toInteger(): null

16-05-2025T12:00:13 - [TEST_STEP][PASSED] - println(month): null

16-05-2025T12:00:13 - [TEST_STEP][PASSED] - y = <not implemented yet for class: org.codehaus.groovy.ast.expr.EmptyExpression>: null

16-05-2025T12:00:13 - [TEST_STEP][PASSED] - iy = <not implemented yet for class: org.codehaus.groovy.ast.expr.EmptyExpression>: null

16-05-2025T12:00:13 - [TEST_STEP][PASSED] - m = getText(findTestObject("Выполнение бизнес-плана/Период")): Text of object 'Object Repository/Выполнение бизнес-плана/Период' is: '1 кв. 2025 года'

16-05-2025T12:00:13 - [MESSAGE][PASSED] - Text of object 'Object Repository/Выполнение бизнес-плана/Период' is: '1 кв. 2025 года'

16-05-2025T12:00:13 - [TEST_STEP][PASSED] - iy = m.indexOf("20"): null

16-05-2025T12:00:13 - [TEST_STEP][PASSED] - if (iy > -1): null

16-05-2025T12:00:13 - [TEST_STEP][PASSED] - y = substring(iy, iy + 4).toInteger(): null

16-05-2025T12:00:13 - [TEST_STEP][PASSED] - println(y): null

16-05-2025T12:00:13 - [TEST_STEP][PASSED] - if (toString().length() == 4): null

16-05-2025T12:00:13 - [TEST_STEP][PASSED] - m = m.substring(0, m.indexOf(y.toString())): null

16-05-2025T12:00:13 - [TEST_STEP][PASSED] - m = m.trim(): null

16-05-2025T12:00:13 - [TEST_STEP][PASSED] - if (m == ""): null

16-05-2025T12:00:13 - [TEST_STEP][PASSED] - dashboardName = "Выполнение бизнес-плана": null

16-05-2025T12:00:13 - [TEST_STEP][PASSED] - workbook01 = getWorkbook(excelFilePath): null

16-05-2025T12:00:14 - [TEST_STEP][PASSED] - sheet01 = getExcelSheet(workbook01, sheetName): null

16-05-2025T12:00:14 - [TEST_STEP][PASSED] - setValueToCellByIndex(sheet01, n, 0, dashboardName): null

16-05-2025T12:00:14 - [TEST_STEP][PASSED] - setValueToCellByIndex(sheet01, n, 1, dZO): null

16-05-2025T12:00:14 - [TEST_STEP][PASSED] - setValueToCellByIndex(sheet01, n, 2, typeOfData): null

16-05-2025T12:00:14 - [TEST_STEP][PASSED] - if (typeOfData == "Факт в процентах" || typeOfData == "План в процентах"): null

16-05-2025T12:00:14 - [TEST_STEP][PASSED] - setValueToCellByIndex(sheet01, n, 3, fileDouble): null

16-05-2025T12:00:14 - [TEST_STEP][PASSED] - setValueToCellByIndex(sheet01, n, 4, pageDouble): null

16-05-2025T12:00:14 - [TEST_STEP][PASSED] - setValueToCellByIndex(sheet01, n, 5, m): null

16-05-2025T12:00:14 - [TEST_STEP][PASSED] - setValueToCellByIndex(sheet01, n, 6, y): null

16-05-2025T12:00:14 - [TEST_STEP][PASSED] - setValueToCellByIndex(sheet01, n, 7, todaysDate): null

16-05-2025T12:00:14 - [TEST_STEP][PASSED] - n = n + 1: null

16-05-2025T12:00:14 - [TEST_STEP][PASSED] - saveWorkbook(excelFilePath, workbook01): null

16-05-2025T12:00:14 - [TEST_STEP][PASSED] - file = findTestData("PlanFact").getValue(7, a): null

16-05-2025T12:00:14 - [TEST_STEP][PASSED] - file = file.replace(",", "."): null

16-05-2025T12:00:14 - [TEST_STEP][PASSED] - println("file Fact: " + file): null

16-05-2025T12:00:14 - [TEST_STEP][PASSED] - fileDouble = file.toDouble(): null

16-05-2025T12:00:14 - [TEST_STEP][PASSED] - typeOfData = "Факт в процентах": null

16-05-2025T12:00:14 - [TEST_STEP][PASSED] - fileDouble = file.toDouble(): null

16-05-2025T12:00:14 - [TEST_STEP][PASSED] - pageDouble = page2.toDouble(): null

16-05-2025T12:00:14 - [TEST_STEP][PASSED] - if (fileDouble != pageDouble): null

16-05-2025T12:00:14 - [TEST_STEP][PASSED] - numberOfErrors = numberOfErrors + 1: null

16-05-2025T12:00:14 - [TEST_STEP][PASSED] - Script1718980020443.WriteToExcel(a, typeOfData, todaysDate, pageInt, fileInt, pageDouble, fileDouble, dZO): null

16-05-2025T12:00:14 - [TEST_STEP][PASSED] - sheetName = "Sheet1": null

16-05-2025T12:00:14 - [TEST_STEP][PASSED] - data = findTestData("PlanFact"): null

16-05-2025T12:00:14 - [TEST_STEP][PASSED] - n = data.getRowNumbers() + 1: null

16-05-2025T12:00:14 - [TEST_STEP][PASSED] - day = ")).toInteger(): null

16-05-2025T12:00:14 - [TEST_STEP][PASSED] - println(day): null

16-05-2025T12:00:14 - [TEST_STEP][PASSED] - month = ")).toInteger(): null

16-05-2025T12:00:14 - [TEST_STEP][PASSED] - println(month): null

16-05-2025T12:00:14 - [TEST_STEP][PASSED] - y = <not implemented yet for class: org.codehaus.groovy.ast.expr.EmptyExpression>: null

16-05-2025T12:00:14 - [TEST_STEP][PASSED] - iy = <not implemented yet for class: org.codehaus.groovy.ast.expr.EmptyExpression>: null

16-05-2025T12:00:14 - [TEST_STEP][PASSED] - m = getText(findTestObject("Выполнение бизнес-плана/Период")): Text of object 'Object Repository/Выполнение бизнес-плана/Период' is: '1 кв. 2025 года'

16-05-2025T12:00:14 - [MESSAGE][PASSED] - Text of object 'Object Repository/Выполнение бизнес-плана/Период' is: '1 кв. 2025 года'

16-05-2025T12:00:14 - [TEST_STEP][PASSED] - iy = m.indexOf("20"): null

16-05-2025T12:00:14 - [TEST_STEP][PASSED] - if (iy > -1): null

16-05-2025T12:00:14 - [TEST_STEP][PASSED] - y = substring(iy, iy + 4).toInteger(): null

16-05-2025T12:00:14 - [TEST_STEP][PASSED] - println(y): null

16-05-2025T12:00:14 - [TEST_STEP][PASSED] - if (toString().length() == 4): null

16-05-2025T12:00:14 - [TEST_STEP][PASSED] - m = m.substring(0, m.indexOf(y.toString())): null

16-05-2025T12:00:14 - [TEST_STEP][PASSED] - m = m.trim(): null

16-05-2025T12:00:14 - [TEST_STEP][PASSED] - if (m == ""): null

16-05-2025T12:00:14 - [TEST_STEP][PASSED] - dashboardName = "Выполнение бизнес-плана": null

16-05-2025T12:00:14 - [TEST_STEP][PASSED] - workbook01 = getWorkbook(excelFilePath): null

16-05-2025T12:00:14 - [TEST_STEP][PASSED] - sheet01 = getExcelSheet(workbook01, sheetName): null

16-05-2025T12:00:14 - [TEST_STEP][PASSED] - setValueToCellByIndex(sheet01, n, 0, dashboardName): null

16-05-2025T12:00:14 - [TEST_STEP][PASSED] - setValueToCellByIndex(sheet01, n, 1, dZO): null

16-05-2025T12:00:14 - [TEST_STEP][PASSED] - setValueToCellByIndex(sheet01, n, 2, typeOfData): null

16-05-2025T12:00:14 - [TEST_STEP][PASSED] - if (typeOfData == "Факт в процентах" || typeOfData == "План в процентах"): null

16-05-2025T12:00:14 - [TEST_STEP][PASSED] - setValueToCellByIndex(sheet01, n, 3, fileDouble): null

16-05-2025T12:00:14 - [TEST_STEP][PASSED] - setValueToCellByIndex(sheet01, n, 4, pageDouble): null

16-05-2025T12:00:14 - [TEST_STEP][PASSED] - setValueToCellByIndex(sheet01, n, 5, m): null

16-05-2025T12:00:14 - [TEST_STEP][PASSED] - setValueToCellByIndex(sheet01, n, 6, y): null

16-05-2025T12:00:14 - [TEST_STEP][PASSED] - setValueToCellByIndex(sheet01, n, 7, todaysDate): null

16-05-2025T12:00:14 - [TEST_STEP][PASSED] - n = n + 1: null

16-05-2025T12:00:14 - [TEST_STEP][PASSED] - saveWorkbook(excelFilePath, workbook01): null

16-05-2025T12:00:14 - [TEST_STEP][FAILED] - if (verifyEqual(numberOfErrors, 0) == false): null

16-05-2025T12:00:14 - [MESSAGE][FAILED] - Unable to verify equal between actual object '6' and expected object '0' (Root cause: com.kms.katalon.core.exception.StepFailedException: Actual object '6' and expected object '0' are not equal
	at com.kms.katalon.core.keyword.builtin.VerifyEqualKeyword$_verifyEqual_closure1.doCall(VerifyEqualKeyword.groovy:58)
	at com.kms.katalon.core.keyword.builtin.VerifyEqualKeyword$_verifyEqual_closure1.call(VerifyEqualKeyword.groovy)
	at com.kms.katalon.core.keyword.internal.KeywordMain.runKeyword(KeywordMain.groovy:75)
	at com.kms.katalon.core.keyword.builtin.VerifyEqualKeyword.verifyEqual(VerifyEqualKeyword.groovy:63)
	at com.kms.katalon.core.keyword.builtin.VerifyEqualKeyword.execute(VerifyEqualKeyword.groovy:44)
	at com.kms.katalon.core.keyword.internal.KeywordExecutor.executeKeywordForPlatform(KeywordExecutor.groovy:74)
	at com.kms.katalon.core.keyword.BuiltinKeywords.verifyEqual(BuiltinKeywords.groovy:146)
	at jdk.internal.reflect.GeneratedMethodAccessor24.invoke(Unknown Source)
	at java.base/jdk.internal.reflect.DelegatingMethodAccessorImpl.invoke(DelegatingMethodAccessorImpl.java:43)
	at Выполнение бизнес-плана Сверка ПАО Россети все филиалы.Numbers(Выполнение бизнес-плана Сверка ПАО Россети все филиалы:740)
	at Выполнение бизнес-плана Сверка ПАО Россети все филиалы.Filials(Выполнение бизнес-плана Сверка ПАО Россети все филиалы:1001)
	at Выполнение бизнес-плана Сверка ПАО Россети все филиалы.Numbers(Выполнение бизнес-плана Сверка ПАО Россети все филиалы:747)
	at Выполнение бизнес-плана Сверка ПАО Россети все филиалы.run(Выполнение бизнес-плана Сверка ПАО Россети все филиалы:227)
	at com.kms.katalon.core.main.ScriptEngine.run(ScriptEngine.java:194)
	at com.kms.katalon.core.main.ScriptEngine.runScriptAsRawText(ScriptEngine.java:119)
	at com.kms.katalon.core.main.TestCaseExecutor.runScript(TestCaseExecutor.java:448)
	at com.kms.katalon.core.main.TestCaseExecutor.doExecute(TestCaseExecutor.java:439)
	at com.kms.katalon.core.main.TestCaseExecutor.processExecutionPhase(TestCaseExecutor.java:418)
	at com.kms.katalon.core.main.TestCaseExecutor.accessMainPhase(TestCaseExecutor.java:410)
	at com.kms.katalon.core.main.TestCaseExecutor.execute(TestCaseExecutor.java:285)
	at com.kms.katalon.core.common.CommonExecutor.accessTestCaseMainPhase(CommonExecutor.java:65)
	at com.kms.katalon.core.main.TestSuiteExecutor.accessTestSuiteMainPhase(TestSuiteExecutor.java:150)
	at com.kms.katalon.core.main.TestSuiteExecutor.execute(TestSuiteExecutor.java:106)
	at com.kms.katalon.core.main.TestCaseMain.startTestSuite(TestCaseMain.java:180)
	at TempTestSuite1747369435659.run(TempTestSuite1747369435659.groovy:35)
	at java.base/jdk.internal.reflect.NativeMethodAccessorImpl.invoke0(Native Method)
	at java.base/jdk.internal.reflect.NativeMethodAccessorImpl.invoke(NativeMethodAccessorImpl.java:77)
	at java.base/jdk.internal.reflect.DelegatingMethodAccessorImpl.invoke(DelegatingMethodAccessorImpl.java:43)
)

16-05-2025T12:00:14 - [TEST_STEP][PASSED] - println(numberOfErrors): null

16-05-2025T12:00:14 - [TEST_STEP][PASSED] - println("a=" + a): null

16-05-2025T12:00:14 - [TEST_STEP][PASSED] - if (a == 28 || a == 77 || a == 74 || a == 65 || a == 36 || a == 44 || a == 54 || a == 1 || a == 18 || a == 59): null

16-05-2025T12:00:14 - [TEST_STEP][PASSED] - if (a == 82): null

16-05-2025T12:00:14 - [TEST_STEP][PASSED] - filialNum = 0: null

16-05-2025T12:00:14 - [TEST_STEP][PASSED] - if (a == 77): null

16-05-2025T12:00:14 - [TEST_STEP][PASSED] - if (a == 74): null

16-05-2025T12:00:14 - [TEST_STEP][PASSED] - if (a == 65): null

16-05-2025T12:00:14 - [TEST_STEP][PASSED] - if (a == 1): null

16-05-2025T12:00:14 - [TEST_STEP][PASSED] - if (a == 18): null

16-05-2025T12:00:14 - [TEST_STEP][PASSED] - if (a == 36): null

16-05-2025T12:00:14 - [TEST_STEP][PASSED] - if (a == 44): null

16-05-2025T12:00:14 - [TEST_STEP][PASSED] - if (a == 54): null

16-05-2025T12:00:14 - [TEST_STEP][PASSED] - if (a == 59): null

16-05-2025T12:00:14 - [TEST_STEP][PASSED] - Script1718980020443.OpenFilter(): null

16-05-2025T12:00:14 - [TEST_STEP][PASSED] - click(findTestObject("Object Repository/Выполнение бизнес-плана/Фильтр ДЗО")): Object: 'Object Repository/Выполнение бизнес-плана/Фильтр ДЗО' is clicked on

16-05-2025T12:00:15 - [MESSAGE][PASSED] - Object: 'Object Repository/Выполнение бизнес-плана/Фильтр ДЗО' is clicked on

16-05-2025T12:00:15 - [TEST_STEP][PASSED] - click(findTestObject("Выполнение бизнес-плана/Снять выделение в фильтре ДЗО")): Object: 'Object Repository/Выполнение бизнес-плана/Снять выделение в фильтре ДЗО' is clicked on

16-05-2025T12:00:15 - [MESSAGE][PASSED] - Object: 'Object Repository/Выполнение бизнес-плана/Снять выделение в фильтре ДЗО' is clicked on

16-05-2025T12:00:15 - [TEST_STEP][PASSED] - Script1718980020443.CloseFilter(): null

16-05-2025T12:00:15 - [TEST_STEP][PASSED] - scrollToElement(findTestObject("Выполнение бизнес-плана/Заголовок дашборда"), 30): Scroll to object 'Object Repository/Выполнение бизнес-плана/Заголовок дашборда' successfully

16-05-2025T12:00:16 - [MESSAGE][PASSED] - Scroll to object 'Object Repository/Выполнение бизнес-плана/Заголовок дашборда' successfully

16-05-2025T12:00:16 - [TEST_STEP][PASSED] - click(findTestObject("Object Repository/Выполнение бизнес-плана/Применить в фильтре ДЗО")): Object: 'Object Repository/Выполнение бизнес-плана/Применить в фильтре ДЗО' is clicked on

16-05-2025T12:00:17 - [MESSAGE][PASSED] - Object: 'Object Repository/Выполнение бизнес-плана/Применить в фильтре ДЗО' is clicked on

16-05-2025T12:00:17 - [TEST_STEP][PASSED] - delay(20): Delayed 20 second(s)

16-05-2025T12:00:37 - [MESSAGE][PASSED] - Delayed 20 second(s)

16-05-2025T12:00:37 - [TEST_STEP][PASSED] - if (a == 82): null

16-05-2025T12:00:37 - [TEST_STEP][PASSED] - println(dzoNum): null

16-05-2025T12:00:37 - [TEST_STEP][PASSED] - dZO = "Россети Кубань": null

16-05-2025T12:00:37 - [TEST_STEP][PASSED] - a = 73: null

16-05-2025T12:00:37 - [TEST_STEP][PASSED] - if (x1.contains("Кубань")): null

16-05-2025T12:00:37 - [TEST_STEP][PASSED] - else: null

16-05-2025T12:00:37 - [TEST_STEP][PASSED] - Script1718980020443.NoData(a, typeOfData, todaysDate, fileInt, fileDouble, dZO): null

16-05-2025T12:00:37 - [TEST_STEP][PASSED] - println(a): null

16-05-2025T12:00:37 - [TEST_STEP][PASSED] - println(todaysDate): null

16-05-2025T12:00:37 - [TEST_STEP][PASSED] - println(fileInt): null

16-05-2025T12:00:37 - [TEST_STEP][PASSED] - println(fileDouble): null

16-05-2025T12:00:37 - [TEST_STEP][PASSED] - println(dZO): null

16-05-2025T12:00:37 - [TEST_STEP][PASSED] - typeOfData = "Факт Отпуск в сеть": null

16-05-2025T12:00:37 - [TEST_STEP][PASSED] - fileInt = replaceAll("\s+", "").toInteger(): null

16-05-2025T12:00:37 - [TEST_STEP][PASSED] - Script1718980020443.WriteToExcelNoData(a, typeOfData, todaysDate, fileInt, fileDouble, dZO): null

16-05-2025T12:00:37 - [TEST_STEP][PASSED] - sheetName = "Sheet1": null

16-05-2025T12:00:37 - [TEST_STEP][PASSED] - data = findTestData("PlanFact"): null

16-05-2025T12:00:37 - [TEST_STEP][PASSED] - n = data.getRowNumbers() + 1: null

16-05-2025T12:00:37 - [TEST_STEP][PASSED] - day = ")).toInteger(): null

16-05-2025T12:00:37 - [TEST_STEP][PASSED] - println(day): null

16-05-2025T12:00:37 - [TEST_STEP][PASSED] - month = ")).toInteger(): null

16-05-2025T12:00:37 - [TEST_STEP][PASSED] - println(month): null

16-05-2025T12:00:37 - [TEST_STEP][PASSED] - y = <not implemented yet for class: org.codehaus.groovy.ast.expr.EmptyExpression>: null

16-05-2025T12:00:37 - [TEST_STEP][PASSED] - iy = <not implemented yet for class: org.codehaus.groovy.ast.expr.EmptyExpression>: null

16-05-2025T12:00:37 - [TEST_STEP][PASSED] - m = getText(findTestObject("Выполнение бизнес-плана/Период")): Text of object 'Object Repository/Выполнение бизнес-плана/Период' is: '1 кв. 2025 года'

16-05-2025T12:00:38 - [MESSAGE][PASSED] - Text of object 'Object Repository/Выполнение бизнес-плана/Период' is: '1 кв. 2025 года'

16-05-2025T12:00:38 - [TEST_STEP][PASSED] - iy = m.indexOf("20"): null

16-05-2025T12:00:38 - [TEST_STEP][PASSED] - if (iy > -1): null

16-05-2025T12:00:38 - [TEST_STEP][PASSED] - y = substring(iy, iy + 4).toInteger(): null

16-05-2025T12:00:38 - [TEST_STEP][PASSED] - println(y): null

16-05-2025T12:00:38 - [TEST_STEP][PASSED] - if (toString().length() == 4): null

16-05-2025T12:00:38 - [TEST_STEP][PASSED] - m = m.substring(0, m.indexOf(y.toString())): null

16-05-2025T12:00:38 - [TEST_STEP][PASSED] - m = m.trim(): null

16-05-2025T12:00:38 - [TEST_STEP][PASSED] - if (m == ""): null

16-05-2025T12:00:38 - [TEST_STEP][PASSED] - dashboardName = "Выполнение бизнес-плана": null

16-05-2025T12:00:38 - [TEST_STEP][PASSED] - workbook01 = getWorkbook(excelFilePath): null

16-05-2025T12:00:38 - [TEST_STEP][PASSED] - sheet01 = getExcelSheet(workbook01, sheetName): null

16-05-2025T12:00:38 - [TEST_STEP][PASSED] - setValueToCellByIndex(sheet01, n, 0, dashboardName): null

16-05-2025T12:00:38 - [TEST_STEP][PASSED] - setValueToCellByIndex(sheet01, n, 1, dZO): null

16-05-2025T12:00:38 - [TEST_STEP][PASSED] - setValueToCellByIndex(sheet01, n, 2, typeOfData): null

16-05-2025T12:00:38 - [TEST_STEP][PASSED] - if (typeOfData == "Факт в процентах" || typeOfData == "План в процентах"): null

16-05-2025T12:00:38 - [TEST_STEP][PASSED] - else: null

16-05-2025T12:00:38 - [TEST_STEP][PASSED] - setValueToCellByIndex(sheet01, n, 3, fileInt): null

16-05-2025T12:00:38 - [TEST_STEP][PASSED] - setValueToCellByIndex(sheet01, n, 4, "нет данных"): null

16-05-2025T12:00:38 - [TEST_STEP][PASSED] - setValueToCellByIndex(sheet01, n, 5, m): null

16-05-2025T12:00:38 - [TEST_STEP][PASSED] - setValueToCellByIndex(sheet01, n, 6, y): null

16-05-2025T12:00:38 - [TEST_STEP][PASSED] - setValueToCellByIndex(sheet01, n, 7, todaysDate): null

16-05-2025T12:00:38 - [TEST_STEP][PASSED] - n = n + 1: null

16-05-2025T12:00:38 - [TEST_STEP][PASSED] - saveWorkbook(excelFilePath, workbook01): null

16-05-2025T12:00:38 - [TEST_STEP][PASSED] - typeOfData = "Факт Потери": null

16-05-2025T12:00:38 - [TEST_STEP][PASSED] - fileInt = replaceAll("\s+", "").toInteger(): null

16-05-2025T12:00:38 - [TEST_STEP][PASSED] - Script1718980020443.WriteToExcelNoData(a, typeOfData, todaysDate, fileInt, fileDouble, dZO): null

16-05-2025T12:00:38 - [TEST_STEP][PASSED] - sheetName = "Sheet1": null

16-05-2025T12:00:38 - [TEST_STEP][PASSED] - data = findTestData("PlanFact"): null

16-05-2025T12:00:38 - [TEST_STEP][PASSED] - n = data.getRowNumbers() + 1: null

16-05-2025T12:00:38 - [TEST_STEP][PASSED] - day = ")).toInteger(): null

16-05-2025T12:00:38 - [TEST_STEP][PASSED] - println(day): null

16-05-2025T12:00:38 - [TEST_STEP][PASSED] - month = ")).toInteger(): null

16-05-2025T12:00:38 - [TEST_STEP][PASSED] - println(month): null

16-05-2025T12:00:38 - [TEST_STEP][PASSED] - y = <not implemented yet for class: org.codehaus.groovy.ast.expr.EmptyExpression>: null

16-05-2025T12:00:38 - [TEST_STEP][PASSED] - iy = <not implemented yet for class: org.codehaus.groovy.ast.expr.EmptyExpression>: null

16-05-2025T12:00:38 - [TEST_STEP][PASSED] - m = getText(findTestObject("Выполнение бизнес-плана/Период")): Text of object 'Object Repository/Выполнение бизнес-плана/Период' is: '1 кв. 2025 года'

16-05-2025T12:00:39 - [MESSAGE][PASSED] - Text of object 'Object Repository/Выполнение бизнес-плана/Период' is: '1 кв. 2025 года'

16-05-2025T12:00:39 - [TEST_STEP][PASSED] - iy = m.indexOf("20"): null

16-05-2025T12:00:39 - [TEST_STEP][PASSED] - if (iy > -1): null

16-05-2025T12:00:39 - [TEST_STEP][PASSED] - y = substring(iy, iy + 4).toInteger(): null

16-05-2025T12:00:39 - [TEST_STEP][PASSED] - println(y): null

16-05-2025T12:00:39 - [TEST_STEP][PASSED] - if (toString().length() == 4): null

16-05-2025T12:00:39 - [TEST_STEP][PASSED] - m = m.substring(0, m.indexOf(y.toString())): null

16-05-2025T12:00:39 - [TEST_STEP][PASSED] - m = m.trim(): null

16-05-2025T12:00:39 - [TEST_STEP][PASSED] - if (m == ""): null

16-05-2025T12:00:39 - [TEST_STEP][PASSED] - dashboardName = "Выполнение бизнес-плана": null

16-05-2025T12:00:39 - [TEST_STEP][PASSED] - workbook01 = getWorkbook(excelFilePath): null

16-05-2025T12:00:39 - [TEST_STEP][PASSED] - sheet01 = getExcelSheet(workbook01, sheetName): null

16-05-2025T12:00:39 - [TEST_STEP][PASSED] - setValueToCellByIndex(sheet01, n, 0, dashboardName): null

16-05-2025T12:00:39 - [TEST_STEP][PASSED] - setValueToCellByIndex(sheet01, n, 1, dZO): null

16-05-2025T12:00:39 - [TEST_STEP][PASSED] - setValueToCellByIndex(sheet01, n, 2, typeOfData): null

16-05-2025T12:00:39 - [TEST_STEP][PASSED] - if (typeOfData == "Факт в процентах" || typeOfData == "План в процентах"): null

16-05-2025T12:00:39 - [TEST_STEP][PASSED] - else: null

16-05-2025T12:00:39 - [TEST_STEP][PASSED] - setValueToCellByIndex(sheet01, n, 3, fileInt): null

16-05-2025T12:00:39 - [TEST_STEP][PASSED] - setValueToCellByIndex(sheet01, n, 4, "нет данных"): null

16-05-2025T12:00:39 - [TEST_STEP][PASSED] - setValueToCellByIndex(sheet01, n, 5, m): null

16-05-2025T12:00:39 - [TEST_STEP][PASSED] - setValueToCellByIndex(sheet01, n, 6, y): null

16-05-2025T12:00:39 - [TEST_STEP][PASSED] - setValueToCellByIndex(sheet01, n, 7, todaysDate): null

16-05-2025T12:00:39 - [TEST_STEP][PASSED] - n = n + 1: null

16-05-2025T12:00:39 - [TEST_STEP][PASSED] - saveWorkbook(excelFilePath, workbook01): null

16-05-2025T12:00:39 - [TEST_STEP][PASSED] - typeOfData = "План Отпуск в сеть": null

16-05-2025T12:00:39 - [TEST_STEP][PASSED] - fileInt = replaceAll("\s+", "").toInteger(): null

16-05-2025T12:00:39 - [TEST_STEP][PASSED] - Script1718980020443.WriteToExcelNoData(a, typeOfData, todaysDate, fileInt, fileDouble, dZO): null

16-05-2025T12:00:39 - [TEST_STEP][PASSED] - sheetName = "Sheet1": null

16-05-2025T12:00:39 - [TEST_STEP][PASSED] - data = findTestData("PlanFact"): null

16-05-2025T12:00:39 - [TEST_STEP][PASSED] - n = data.getRowNumbers() + 1: null

16-05-2025T12:00:39 - [TEST_STEP][PASSED] - day = ")).toInteger(): null

16-05-2025T12:00:39 - [TEST_STEP][PASSED] - println(day): null

16-05-2025T12:00:39 - [TEST_STEP][PASSED] - month = ")).toInteger(): null

16-05-2025T12:00:39 - [TEST_STEP][PASSED] - println(month): null

16-05-2025T12:00:39 - [TEST_STEP][PASSED] - y = <not implemented yet for class: org.codehaus.groovy.ast.expr.EmptyExpression>: null

16-05-2025T12:00:39 - [TEST_STEP][PASSED] - iy = <not implemented yet for class: org.codehaus.groovy.ast.expr.EmptyExpression>: null

16-05-2025T12:00:39 - [TEST_STEP][PASSED] - m = getText(findTestObject("Выполнение бизнес-плана/Период")): Text of object 'Object Repository/Выполнение бизнес-плана/Период' is: '1 кв. 2025 года'

16-05-2025T12:00:40 - [MESSAGE][PASSED] - Text of object 'Object Repository/Выполнение бизнес-плана/Период' is: '1 кв. 2025 года'

16-05-2025T12:00:40 - [TEST_STEP][PASSED] - iy = m.indexOf("20"): null

16-05-2025T12:00:40 - [TEST_STEP][PASSED] - if (iy > -1): null

16-05-2025T12:00:40 - [TEST_STEP][PASSED] - y = substring(iy, iy + 4).toInteger(): null

16-05-2025T12:00:40 - [TEST_STEP][PASSED] - println(y): null

16-05-2025T12:00:40 - [TEST_STEP][PASSED] - if (toString().length() == 4): null

16-05-2025T12:00:40 - [TEST_STEP][PASSED] - m = m.substring(0, m.indexOf(y.toString())): null

16-05-2025T12:00:40 - [TEST_STEP][PASSED] - m = m.trim(): null

16-05-2025T12:00:40 - [TEST_STEP][PASSED] - if (m == ""): null

16-05-2025T12:00:40 - [TEST_STEP][PASSED] - dashboardName = "Выполнение бизнес-плана": null

16-05-2025T12:00:40 - [TEST_STEP][PASSED] - workbook01 = getWorkbook(excelFilePath): null

16-05-2025T12:00:40 - [TEST_STEP][PASSED] - sheet01 = getExcelSheet(workbook01, sheetName): null

16-05-2025T12:00:40 - [TEST_STEP][PASSED] - setValueToCellByIndex(sheet01, n, 0, dashboardName): null

16-05-2025T12:00:40 - [TEST_STEP][PASSED] - setValueToCellByIndex(sheet01, n, 1, dZO): null

16-05-2025T12:00:40 - [TEST_STEP][PASSED] - setValueToCellByIndex(sheet01, n, 2, typeOfData): null

16-05-2025T12:00:40 - [TEST_STEP][PASSED] - if (typeOfData == "Факт в процентах" || typeOfData == "План в процентах"): null

16-05-2025T12:00:40 - [TEST_STEP][PASSED] - else: null

16-05-2025T12:00:40 - [TEST_STEP][PASSED] - setValueToCellByIndex(sheet01, n, 3, fileInt): null

16-05-2025T12:00:40 - [TEST_STEP][PASSED] - setValueToCellByIndex(sheet01, n, 4, "нет данных"): null

16-05-2025T12:00:40 - [TEST_STEP][PASSED] - setValueToCellByIndex(sheet01, n, 5, m): null

16-05-2025T12:00:40 - [TEST_STEP][PASSED] - setValueToCellByIndex(sheet01, n, 6, y): null

16-05-2025T12:00:40 - [TEST_STEP][PASSED] - setValueToCellByIndex(sheet01, n, 7, todaysDate): null

16-05-2025T12:00:40 - [TEST_STEP][PASSED] - n = n + 1: null

16-05-2025T12:00:40 - [TEST_STEP][PASSED] - saveWorkbook(excelFilePath, workbook01): null

16-05-2025T12:00:40 - [TEST_STEP][PASSED] - typeOfData = "План Потери": null

16-05-2025T12:00:40 - [TEST_STEP][PASSED] - fileInt = replaceAll("\s+", "").toInteger(): null

16-05-2025T12:00:40 - [TEST_STEP][PASSED] - Script1718980020443.WriteToExcelNoData(a, typeOfData, todaysDate, fileInt, fileDouble, dZO): null

16-05-2025T12:00:40 - [TEST_STEP][PASSED] - sheetName = "Sheet1": null

16-05-2025T12:00:40 - [TEST_STEP][PASSED] - data = findTestData("PlanFact"): null

16-05-2025T12:00:40 - [TEST_STEP][PASSED] - n = data.getRowNumbers() + 1: null

16-05-2025T12:00:40 - [TEST_STEP][PASSED] - day = ")).toInteger(): null

16-05-2025T12:00:40 - [TEST_STEP][PASSED] - println(day): null

16-05-2025T12:00:40 - [TEST_STEP][PASSED] - month = ")).toInteger(): null

16-05-2025T12:00:40 - [TEST_STEP][PASSED] - println(month): null

16-05-2025T12:00:40 - [TEST_STEP][PASSED] - y = <not implemented yet for class: org.codehaus.groovy.ast.expr.EmptyExpression>: null

16-05-2025T12:00:40 - [TEST_STEP][PASSED] - iy = <not implemented yet for class: org.codehaus.groovy.ast.expr.EmptyExpression>: null

16-05-2025T12:00:40 - [TEST_STEP][PASSED] - m = getText(findTestObject("Выполнение бизнес-плана/Период")): Text of object 'Object Repository/Выполнение бизнес-плана/Период' is: '1 кв. 2025 года'

16-05-2025T12:00:40 - [MESSAGE][PASSED] - Text of object 'Object Repository/Выполнение бизнес-плана/Период' is: '1 кв. 2025 года'

16-05-2025T12:00:40 - [TEST_STEP][PASSED] - iy = m.indexOf("20"): null

16-05-2025T12:00:40 - [TEST_STEP][PASSED] - if (iy > -1): null

16-05-2025T12:00:40 - [TEST_STEP][PASSED] - y = substring(iy, iy + 4).toInteger(): null

16-05-2025T12:00:40 - [TEST_STEP][PASSED] - println(y): null

16-05-2025T12:00:40 - [TEST_STEP][PASSED] - if (toString().length() == 4): null

16-05-2025T12:00:40 - [TEST_STEP][PASSED] - m = m.substring(0, m.indexOf(y.toString())): null

16-05-2025T12:00:40 - [TEST_STEP][PASSED] - m = m.trim(): null

16-05-2025T12:00:40 - [TEST_STEP][PASSED] - if (m == ""): null

16-05-2025T12:00:40 - [TEST_STEP][PASSED] - dashboardName = "Выполнение бизнес-плана": null

16-05-2025T12:00:40 - [TEST_STEP][PASSED] - workbook01 = getWorkbook(excelFilePath): null

16-05-2025T12:00:40 - [TEST_STEP][PASSED] - sheet01 = getExcelSheet(workbook01, sheetName): null

16-05-2025T12:00:40 - [TEST_STEP][PASSED] - setValueToCellByIndex(sheet01, n, 0, dashboardName): null

16-05-2025T12:00:40 - [TEST_STEP][PASSED] - setValueToCellByIndex(sheet01, n, 1, dZO): null

16-05-2025T12:00:40 - [TEST_STEP][PASSED] - setValueToCellByIndex(sheet01, n, 2, typeOfData): null

16-05-2025T12:00:40 - [TEST_STEP][PASSED] - if (typeOfData == "Факт в процентах" || typeOfData == "План в процентах"): null

16-05-2025T12:00:40 - [TEST_STEP][PASSED] - else: null

16-05-2025T12:00:40 - [TEST_STEP][PASSED] - setValueToCellByIndex(sheet01, n, 3, fileInt): null

16-05-2025T12:00:40 - [TEST_STEP][PASSED] - setValueToCellByIndex(sheet01, n, 4, "нет данных"): null

16-05-2025T12:00:40 - [TEST_STEP][PASSED] - setValueToCellByIndex(sheet01, n, 5, m): null

16-05-2025T12:00:40 - [TEST_STEP][PASSED] - setValueToCellByIndex(sheet01, n, 6, y): null

16-05-2025T12:00:40 - [TEST_STEP][PASSED] - setValueToCellByIndex(sheet01, n, 7, todaysDate): null

16-05-2025T12:00:40 - [TEST_STEP][PASSED] - n = n + 1: null

16-05-2025T12:00:40 - [TEST_STEP][PASSED] - saveWorkbook(excelFilePath, workbook01): null

16-05-2025T12:00:41 - [TEST_STEP][PASSED] - typeOfData = "План в процентах": null

16-05-2025T12:00:41 - [TEST_STEP][PASSED] - fileDouble = ").toDouble(): null

16-05-2025T12:00:41 - [TEST_STEP][PASSED] - Script1718980020443.WriteToExcelNoData(a, typeOfData, todaysDate, fileInt, fileDouble, dZO): null

16-05-2025T12:00:41 - [TEST_STEP][PASSED] - sheetName = "Sheet1": null

16-05-2025T12:00:41 - [TEST_STEP][PASSED] - data = findTestData("PlanFact"): null

16-05-2025T12:00:41 - [TEST_STEP][PASSED] - n = data.getRowNumbers() + 1: null

16-05-2025T12:00:41 - [TEST_STEP][PASSED] - day = ")).toInteger(): null

16-05-2025T12:00:41 - [TEST_STEP][PASSED] - println(day): null

16-05-2025T12:00:41 - [TEST_STEP][PASSED] - month = ")).toInteger(): null

16-05-2025T12:00:41 - [TEST_STEP][PASSED] - println(month): null

16-05-2025T12:00:41 - [TEST_STEP][PASSED] - y = <not implemented yet for class: org.codehaus.groovy.ast.expr.EmptyExpression>: null

16-05-2025T12:00:41 - [TEST_STEP][PASSED] - iy = <not implemented yet for class: org.codehaus.groovy.ast.expr.EmptyExpression>: null

16-05-2025T12:00:41 - [TEST_STEP][PASSED] - m = getText(findTestObject("Выполнение бизнес-плана/Период")): Text of object 'Object Repository/Выполнение бизнес-плана/Период' is: '1 кв. 2025 года'

16-05-2025T12:00:41 - [MESSAGE][PASSED] - Text of object 'Object Repository/Выполнение бизнес-плана/Период' is: '1 кв. 2025 года'

16-05-2025T12:00:41 - [TEST_STEP][PASSED] - iy = m.indexOf("20"): null

16-05-2025T12:00:41 - [TEST_STEP][PASSED] - if (iy > -1): null

16-05-2025T12:00:41 - [TEST_STEP][PASSED] - y = substring(iy, iy + 4).toInteger(): null

16-05-2025T12:00:41 - [TEST_STEP][PASSED] - println(y): null

16-05-2025T12:00:41 - [TEST_STEP][PASSED] - if (toString().length() == 4): null

16-05-2025T12:00:41 - [TEST_STEP][PASSED] - m = m.substring(0, m.indexOf(y.toString())): null

16-05-2025T12:00:41 - [TEST_STEP][PASSED] - m = m.trim(): null

16-05-2025T12:00:41 - [TEST_STEP][PASSED] - if (m == ""): null

16-05-2025T12:00:41 - [TEST_STEP][PASSED] - dashboardName = "Выполнение бизнес-плана": null

16-05-2025T12:00:41 - [TEST_STEP][PASSED] - workbook01 = getWorkbook(excelFilePath): null

16-05-2025T12:00:41 - [TEST_STEP][PASSED] - sheet01 = getExcelSheet(workbook01, sheetName): null

16-05-2025T12:00:41 - [TEST_STEP][PASSED] - setValueToCellByIndex(sheet01, n, 0, dashboardName): null

16-05-2025T12:00:41 - [TEST_STEP][PASSED] - setValueToCellByIndex(sheet01, n, 1, dZO): null

16-05-2025T12:00:41 - [TEST_STEP][PASSED] - setValueToCellByIndex(sheet01, n, 2, typeOfData): null

16-05-2025T12:00:41 - [TEST_STEP][PASSED] - if (typeOfData == "Факт в процентах" || typeOfData == "План в процентах"): null

16-05-2025T12:00:41 - [TEST_STEP][PASSED] - setValueToCellByIndex(sheet01, n, 3, fileDouble): null

16-05-2025T12:00:41 - [TEST_STEP][PASSED] - setValueToCellByIndex(sheet01, n, 4, "нет данных"): null

16-05-2025T12:00:41 - [TEST_STEP][PASSED] - setValueToCellByIndex(sheet01, n, 5, m): null

16-05-2025T12:00:41 - [TEST_STEP][PASSED] - setValueToCellByIndex(sheet01, n, 6, y): null

16-05-2025T12:00:41 - [TEST_STEP][PASSED] - setValueToCellByIndex(sheet01, n, 7, todaysDate): null

16-05-2025T12:00:41 - [TEST_STEP][PASSED] - n = n + 1: null

16-05-2025T12:00:41 - [TEST_STEP][PASSED] - saveWorkbook(excelFilePath, workbook01): null

16-05-2025T12:00:41 - [TEST_STEP][PASSED] - typeOfData = "Факт в процентах": null

16-05-2025T12:00:41 - [TEST_STEP][PASSED] - fileDouble = ").toDouble(): null

16-05-2025T12:00:41 - [TEST_STEP][PASSED] - Script1718980020443.WriteToExcelNoData(a, typeOfData, todaysDate, fileInt, fileDouble, dZO): null

16-05-2025T12:00:41 - [TEST_STEP][PASSED] - sheetName = "Sheet1": null

16-05-2025T12:00:41 - [TEST_STEP][PASSED] - data = findTestData("PlanFact"): null

16-05-2025T12:00:41 - [TEST_STEP][PASSED] - n = data.getRowNumbers() + 1: null

16-05-2025T12:00:41 - [TEST_STEP][PASSED] - day = ")).toInteger(): null

16-05-2025T12:00:41 - [TEST_STEP][PASSED] - println(day): null

16-05-2025T12:00:41 - [TEST_STEP][PASSED] - month = ")).toInteger(): null

16-05-2025T12:00:41 - [TEST_STEP][PASSED] - println(month): null

16-05-2025T12:00:41 - [TEST_STEP][PASSED] - y = <not implemented yet for class: org.codehaus.groovy.ast.expr.EmptyExpression>: null

16-05-2025T12:00:41 - [TEST_STEP][PASSED] - iy = <not implemented yet for class: org.codehaus.groovy.ast.expr.EmptyExpression>: null

16-05-2025T12:00:41 - [TEST_STEP][PASSED] - m = getText(findTestObject("Выполнение бизнес-плана/Период")): Text of object 'Object Repository/Выполнение бизнес-плана/Период' is: '1 кв. 2025 года'

16-05-2025T12:00:42 - [MESSAGE][PASSED] - Text of object 'Object Repository/Выполнение бизнес-плана/Период' is: '1 кв. 2025 года'

16-05-2025T12:00:42 - [TEST_STEP][PASSED] - iy = m.indexOf("20"): null

16-05-2025T12:00:42 - [TEST_STEP][PASSED] - if (iy > -1): null

16-05-2025T12:00:42 - [TEST_STEP][PASSED] - y = substring(iy, iy + 4).toInteger(): null

16-05-2025T12:00:42 - [TEST_STEP][PASSED] - println(y): null

16-05-2025T12:00:42 - [TEST_STEP][PASSED] - if (toString().length() == 4): null

16-05-2025T12:00:42 - [TEST_STEP][PASSED] - m = m.substring(0, m.indexOf(y.toString())): null

16-05-2025T12:00:42 - [TEST_STEP][PASSED] - m = m.trim(): null

16-05-2025T12:00:42 - [TEST_STEP][PASSED] - if (m == ""): null

16-05-2025T12:00:42 - [TEST_STEP][PASSED] - dashboardName = "Выполнение бизнес-плана": null

16-05-2025T12:00:42 - [TEST_STEP][PASSED] - workbook01 = getWorkbook(excelFilePath): null

16-05-2025T12:00:42 - [TEST_STEP][PASSED] - sheet01 = getExcelSheet(workbook01, sheetName): null

16-05-2025T12:00:42 - [TEST_STEP][PASSED] - setValueToCellByIndex(sheet01, n, 0, dashboardName): null

16-05-2025T12:00:42 - [TEST_STEP][PASSED] - setValueToCellByIndex(sheet01, n, 1, dZO): null

16-05-2025T12:00:42 - [TEST_STEP][PASSED] - setValueToCellByIndex(sheet01, n, 2, typeOfData): null

16-05-2025T12:00:42 - [TEST_STEP][PASSED] - if (typeOfData == "Факт в процентах" || typeOfData == "План в процентах"): null

16-05-2025T12:00:42 - [TEST_STEP][PASSED] - setValueToCellByIndex(sheet01, n, 3, fileDouble): null

16-05-2025T12:00:42 - [TEST_STEP][PASSED] - setValueToCellByIndex(sheet01, n, 4, "нет данных"): null

16-05-2025T12:00:42 - [TEST_STEP][PASSED] - setValueToCellByIndex(sheet01, n, 5, m): null

16-05-2025T12:00:42 - [TEST_STEP][PASSED] - setValueToCellByIndex(sheet01, n, 6, y): null

16-05-2025T12:00:42 - [TEST_STEP][PASSED] - setValueToCellByIndex(sheet01, n, 7, todaysDate): null

16-05-2025T12:00:42 - [TEST_STEP][PASSED] - n = n + 1: null

16-05-2025T12:00:42 - [TEST_STEP][PASSED] - saveWorkbook(excelFilePath, workbook01): null

16-05-2025T12:00:42 - [TEST_STEP][PASSED] - println(dzoNum): null

16-05-2025T12:00:42 - [TEST_STEP][PASSED] - dZO = "Россети Ленэнерго": null

16-05-2025T12:00:42 - [TEST_STEP][PASSED] - a = 77: null

16-05-2025T12:00:42 - [TEST_STEP][PASSED] - if (x1.contains("Ленэнерго")): null

16-05-2025T12:00:42 - [TEST_STEP][PASSED] - else: null

16-05-2025T12:00:42 - [TEST_STEP][PASSED] - Script1718980020443.NoData(a, typeOfData, todaysDate, fileInt, fileDouble, dZO): null

16-05-2025T12:00:42 - [TEST_STEP][PASSED] - println(a): null

16-05-2025T12:00:42 - [TEST_STEP][PASSED] - println(todaysDate): null

16-05-2025T12:00:42 - [TEST_STEP][PASSED] - println(fileInt): null

16-05-2025T12:00:42 - [TEST_STEP][PASSED] - println(fileDouble): null

16-05-2025T12:00:42 - [TEST_STEP][PASSED] - println(dZO): null

16-05-2025T12:00:42 - [TEST_STEP][PASSED] - typeOfData = "Факт Отпуск в сеть": null

16-05-2025T12:00:42 - [TEST_STEP][PASSED] - fileInt = replaceAll("\s+", "").toInteger(): null

16-05-2025T12:00:42 - [TEST_STEP][PASSED] - Script1718980020443.WriteToExcelNoData(a, typeOfData, todaysDate, fileInt, fileDouble, dZO): null

16-05-2025T12:00:42 - [TEST_STEP][PASSED] - sheetName = "Sheet1": null

16-05-2025T12:00:42 - [TEST_STEP][PASSED] - data = findTestData("PlanFact"): null

16-05-2025T12:00:42 - [TEST_STEP][PASSED] - n = data.getRowNumbers() + 1: null

16-05-2025T12:00:42 - [TEST_STEP][PASSED] - day = ")).toInteger(): null

16-05-2025T12:00:42 - [TEST_STEP][PASSED] - println(day): null

16-05-2025T12:00:42 - [TEST_STEP][PASSED] - month = ")).toInteger(): null

16-05-2025T12:00:42 - [TEST_STEP][PASSED] - println(month): null

16-05-2025T12:00:42 - [TEST_STEP][PASSED] - y = <not implemented yet for class: org.codehaus.groovy.ast.expr.EmptyExpression>: null

16-05-2025T12:00:42 - [TEST_STEP][PASSED] - iy = <not implemented yet for class: org.codehaus.groovy.ast.expr.EmptyExpression>: null

16-05-2025T12:00:42 - [TEST_STEP][PASSED] - m = getText(findTestObject("Выполнение бизнес-плана/Период")): Text of object 'Object Repository/Выполнение бизнес-плана/Период' is: '1 кв. 2025 года'

16-05-2025T12:00:42 - [MESSAGE][PASSED] - Text of object 'Object Repository/Выполнение бизнес-плана/Период' is: '1 кв. 2025 года'

16-05-2025T12:00:42 - [TEST_STEP][PASSED] - iy = m.indexOf("20"): null

16-05-2025T12:00:42 - [TEST_STEP][PASSED] - if (iy > -1): null

16-05-2025T12:00:42 - [TEST_STEP][PASSED] - y = substring(iy, iy + 4).toInteger(): null

16-05-2025T12:00:42 - [TEST_STEP][PASSED] - println(y): null

16-05-2025T12:00:42 - [TEST_STEP][PASSED] - if (toString().length() == 4): null

16-05-2025T12:00:42 - [TEST_STEP][PASSED] - m = m.substring(0, m.indexOf(y.toString())): null

16-05-2025T12:00:42 - [TEST_STEP][PASSED] - m = m.trim(): null

16-05-2025T12:00:42 - [TEST_STEP][PASSED] - if (m == ""): null

16-05-2025T12:00:42 - [TEST_STEP][PASSED] - dashboardName = "Выполнение бизнес-плана": null

16-05-2025T12:00:42 - [TEST_STEP][PASSED] - workbook01 = getWorkbook(excelFilePath): null

16-05-2025T12:00:42 - [TEST_STEP][PASSED] - sheet01 = getExcelSheet(workbook01, sheetName): null

16-05-2025T12:00:42 - [TEST_STEP][PASSED] - setValueToCellByIndex(sheet01, n, 0, dashboardName): null

16-05-2025T12:00:42 - [TEST_STEP][PASSED] - setValueToCellByIndex(sheet01, n, 1, dZO): null

16-05-2025T12:00:42 - [TEST_STEP][PASSED] - setValueToCellByIndex(sheet01, n, 2, typeOfData): null

16-05-2025T12:00:42 - [TEST_STEP][PASSED] - if (typeOfData == "Факт в процентах" || typeOfData == "План в процентах"): null

16-05-2025T12:00:42 - [TEST_STEP][PASSED] - else: null

16-05-2025T12:00:42 - [TEST_STEP][PASSED] - setValueToCellByIndex(sheet01, n, 3, fileInt): null

16-05-2025T12:00:42 - [TEST_STEP][PASSED] - setValueToCellByIndex(sheet01, n, 4, "нет данных"): null

16-05-2025T12:00:42 - [TEST_STEP][PASSED] - setValueToCellByIndex(sheet01, n, 5, m): null

16-05-2025T12:00:42 - [TEST_STEP][PASSED] - setValueToCellByIndex(sheet01, n, 6, y): null

16-05-2025T12:00:42 - [TEST_STEP][PASSED] - setValueToCellByIndex(sheet01, n, 7, todaysDate): null

16-05-2025T12:00:42 - [TEST_STEP][PASSED] - n = n + 1: null

16-05-2025T12:00:42 - [TEST_STEP][PASSED] - saveWorkbook(excelFilePath, workbook01): null

16-05-2025T12:00:43 - [TEST_STEP][PASSED] - typeOfData = "Факт Потери": null

16-05-2025T12:00:43 - [TEST_STEP][PASSED] - fileInt = replaceAll("\s+", "").toInteger(): null

16-05-2025T12:00:43 - [TEST_STEP][PASSED] - Script1718980020443.WriteToExcelNoData(a, typeOfData, todaysDate, fileInt, fileDouble, dZO): null

16-05-2025T12:00:43 - [TEST_STEP][PASSED] - sheetName = "Sheet1": null

16-05-2025T12:00:43 - [TEST_STEP][PASSED] - data = findTestData("PlanFact"): null

16-05-2025T12:00:43 - [TEST_STEP][PASSED] - n = data.getRowNumbers() + 1: null

16-05-2025T12:00:43 - [TEST_STEP][PASSED] - day = ")).toInteger(): null

16-05-2025T12:00:43 - [TEST_STEP][PASSED] - println(day): null

16-05-2025T12:00:43 - [TEST_STEP][PASSED] - month = ")).toInteger(): null

16-05-2025T12:00:43 - [TEST_STEP][PASSED] - println(month): null

16-05-2025T12:00:43 - [TEST_STEP][PASSED] - y = <not implemented yet for class: org.codehaus.groovy.ast.expr.EmptyExpression>: null

16-05-2025T12:00:43 - [TEST_STEP][PASSED] - iy = <not implemented yet for class: org.codehaus.groovy.ast.expr.EmptyExpression>: null

16-05-2025T12:00:43 - [TEST_STEP][PASSED] - m = getText(findTestObject("Выполнение бизнес-плана/Период")): Text of object 'Object Repository/Выполнение бизнес-плана/Период' is: '1 кв. 2025 года'

16-05-2025T12:00:43 - [MESSAGE][PASSED] - Text of object 'Object Repository/Выполнение бизнес-плана/Период' is: '1 кв. 2025 года'

16-05-2025T12:00:43 - [TEST_STEP][PASSED] - iy = m.indexOf("20"): null

16-05-2025T12:00:43 - [TEST_STEP][PASSED] - if (iy > -1): null

16-05-2025T12:00:43 - [TEST_STEP][PASSED] - y = substring(iy, iy + 4).toInteger(): null

16-05-2025T12:00:43 - [TEST_STEP][PASSED] - println(y): null

16-05-2025T12:00:43 - [TEST_STEP][PASSED] - if (toString().length() == 4): null

16-05-2025T12:00:43 - [TEST_STEP][PASSED] - m = m.substring(0, m.indexOf(y.toString())): null

16-05-2025T12:00:43 - [TEST_STEP][PASSED] - m = m.trim(): null

16-05-2025T12:00:43 - [TEST_STEP][PASSED] - if (m == ""): null

16-05-2025T12:00:43 - [TEST_STEP][PASSED] - dashboardName = "Выполнение бизнес-плана": null

16-05-2025T12:00:43 - [TEST_STEP][PASSED] - workbook01 = getWorkbook(excelFilePath): null

16-05-2025T12:00:43 - [TEST_STEP][PASSED] - sheet01 = getExcelSheet(workbook01, sheetName): null

16-05-2025T12:00:43 - [TEST_STEP][PASSED] - setValueToCellByIndex(sheet01, n, 0, dashboardName): null

16-05-2025T12:00:43 - [TEST_STEP][PASSED] - setValueToCellByIndex(sheet01, n, 1, dZO): null

16-05-2025T12:00:43 - [TEST_STEP][PASSED] - setValueToCellByIndex(sheet01, n, 2, typeOfData): null

16-05-2025T12:00:43 - [TEST_STEP][PASSED] - if (typeOfData == "Факт в процентах" || typeOfData == "План в процентах"): null

16-05-2025T12:00:43 - [TEST_STEP][PASSED] - else: null

16-05-2025T12:00:43 - [TEST_STEP][PASSED] - setValueToCellByIndex(sheet01, n, 3, fileInt): null

16-05-2025T12:00:43 - [TEST_STEP][PASSED] - setValueToCellByIndex(sheet01, n, 4, "нет данных"): null

16-05-2025T12:00:43 - [TEST_STEP][PASSED] - setValueToCellByIndex(sheet01, n, 5, m): null

16-05-2025T12:00:43 - [TEST_STEP][PASSED] - setValueToCellByIndex(sheet01, n, 6, y): null

16-05-2025T12:00:43 - [TEST_STEP][PASSED] - setValueToCellByIndex(sheet01, n, 7, todaysDate): null

16-05-2025T12:00:43 - [TEST_STEP][PASSED] - n = n + 1: null

16-05-2025T12:00:43 - [TEST_STEP][PASSED] - saveWorkbook(excelFilePath, workbook01): null

16-05-2025T12:00:43 - [TEST_STEP][PASSED] - typeOfData = "План Отпуск в сеть": null

16-05-2025T12:00:43 - [TEST_STEP][PASSED] - fileInt = replaceAll("\s+", "").toInteger(): null

16-05-2025T12:00:43 - [TEST_STEP][PASSED] - Script1718980020443.WriteToExcelNoData(a, typeOfData, todaysDate, fileInt, fileDouble, dZO): null

16-05-2025T12:00:43 - [TEST_STEP][PASSED] - sheetName = "Sheet1": null

16-05-2025T12:00:43 - [TEST_STEP][PASSED] - data = findTestData("PlanFact"): null

16-05-2025T12:00:43 - [TEST_STEP][PASSED] - n = data.getRowNumbers() + 1: null

16-05-2025T12:00:43 - [TEST_STEP][PASSED] - day = ")).toInteger(): null

16-05-2025T12:00:43 - [TEST_STEP][PASSED] - println(day): null

16-05-2025T12:00:43 - [TEST_STEP][PASSED] - month = ")).toInteger(): null

16-05-2025T12:00:43 - [TEST_STEP][PASSED] - println(month): null

16-05-2025T12:00:43 - [TEST_STEP][PASSED] - y = <not implemented yet for class: org.codehaus.groovy.ast.expr.EmptyExpression>: null

16-05-2025T12:00:43 - [TEST_STEP][PASSED] - iy = <not implemented yet for class: org.codehaus.groovy.ast.expr.EmptyExpression>: null

16-05-2025T12:00:43 - [TEST_STEP][PASSED] - m = getText(findTestObject("Выполнение бизнес-плана/Период")): Text of object 'Object Repository/Выполнение бизнес-плана/Период' is: '1 кв. 2025 года'

16-05-2025T12:00:44 - [MESSAGE][PASSED] - Text of object 'Object Repository/Выполнение бизнес-плана/Период' is: '1 кв. 2025 года'

16-05-2025T12:00:44 - [TEST_STEP][PASSED] - iy = m.indexOf("20"): null

16-05-2025T12:00:44 - [TEST_STEP][PASSED] - if (iy > -1): null

16-05-2025T12:00:44 - [TEST_STEP][PASSED] - y = substring(iy, iy + 4).toInteger(): null

16-05-2025T12:00:44 - [TEST_STEP][PASSED] - println(y): null

16-05-2025T12:00:44 - [TEST_STEP][PASSED] - if (toString().length() == 4): null

16-05-2025T12:00:44 - [TEST_STEP][PASSED] - m = m.substring(0, m.indexOf(y.toString())): null

16-05-2025T12:00:44 - [TEST_STEP][PASSED] - m = m.trim(): null

16-05-2025T12:00:44 - [TEST_STEP][PASSED] - if (m == ""): null

16-05-2025T12:00:44 - [TEST_STEP][PASSED] - dashboardName = "Выполнение бизнес-плана": null

16-05-2025T12:00:44 - [TEST_STEP][PASSED] - workbook01 = getWorkbook(excelFilePath): null

16-05-2025T12:00:44 - [TEST_STEP][PASSED] - sheet01 = getExcelSheet(workbook01, sheetName): null

16-05-2025T12:00:44 - [TEST_STEP][PASSED] - setValueToCellByIndex(sheet01, n, 0, dashboardName): null

16-05-2025T12:00:44 - [TEST_STEP][PASSED] - setValueToCellByIndex(sheet01, n, 1, dZO): null

16-05-2025T12:00:44 - [TEST_STEP][PASSED] - setValueToCellByIndex(sheet01, n, 2, typeOfData): null

16-05-2025T12:00:44 - [TEST_STEP][PASSED] - if (typeOfData == "Факт в процентах" || typeOfData == "План в процентах"): null

16-05-2025T12:00:44 - [TEST_STEP][PASSED] - else: null

16-05-2025T12:00:44 - [TEST_STEP][PASSED] - setValueToCellByIndex(sheet01, n, 3, fileInt): null

16-05-2025T12:00:44 - [TEST_STEP][PASSED] - setValueToCellByIndex(sheet01, n, 4, "нет данных"): null

16-05-2025T12:00:44 - [TEST_STEP][PASSED] - setValueToCellByIndex(sheet01, n, 5, m): null

16-05-2025T12:00:44 - [TEST_STEP][PASSED] - setValueToCellByIndex(sheet01, n, 6, y): null

16-05-2025T12:00:44 - [TEST_STEP][PASSED] - setValueToCellByIndex(sheet01, n, 7, todaysDate): null

16-05-2025T12:00:44 - [TEST_STEP][PASSED] - n = n + 1: null

16-05-2025T12:00:44 - [TEST_STEP][PASSED] - saveWorkbook(excelFilePath, workbook01): null

16-05-2025T12:00:44 - [TEST_STEP][PASSED] - typeOfData = "План Потери": null

16-05-2025T12:00:44 - [TEST_STEP][PASSED] - fileInt = replaceAll("\s+", "").toInteger(): null

16-05-2025T12:00:44 - [TEST_STEP][PASSED] - Script1718980020443.WriteToExcelNoData(a, typeOfData, todaysDate, fileInt, fileDouble, dZO): null

16-05-2025T12:00:44 - [TEST_STEP][PASSED] - sheetName = "Sheet1": null

16-05-2025T12:00:44 - [TEST_STEP][PASSED] - data = findTestData("PlanFact"): null

16-05-2025T12:00:44 - [TEST_STEP][PASSED] - n = data.getRowNumbers() + 1: null

16-05-2025T12:00:44 - [TEST_STEP][PASSED] - day = ")).toInteger(): null

16-05-2025T12:00:44 - [TEST_STEP][PASSED] - println(day): null

16-05-2025T12:00:44 - [TEST_STEP][PASSED] - month = ")).toInteger(): null

16-05-2025T12:00:44 - [TEST_STEP][PASSED] - println(month): null

16-05-2025T12:00:44 - [TEST_STEP][PASSED] - y = <not implemented yet for class: org.codehaus.groovy.ast.expr.EmptyExpression>: null

16-05-2025T12:00:44 - [TEST_STEP][PASSED] - iy = <not implemented yet for class: org.codehaus.groovy.ast.expr.EmptyExpression>: null

16-05-2025T12:00:44 - [TEST_STEP][PASSED] - m = getText(findTestObject("Выполнение бизнес-плана/Период")): Text of object 'Object Repository/Выполнение бизнес-плана/Период' is: '1 кв. 2025 года'

16-05-2025T12:00:44 - [MESSAGE][PASSED] - Text of object 'Object Repository/Выполнение бизнес-плана/Период' is: '1 кв. 2025 года'

16-05-2025T12:00:44 - [TEST_STEP][PASSED] - iy = m.indexOf("20"): null

16-05-2025T12:00:44 - [TEST_STEP][PASSED] - if (iy > -1): null

16-05-2025T12:00:44 - [TEST_STEP][PASSED] - y = substring(iy, iy + 4).toInteger(): null

16-05-2025T12:00:44 - [TEST_STEP][PASSED] - println(y): null

16-05-2025T12:00:44 - [TEST_STEP][PASSED] - if (toString().length() == 4): null

16-05-2025T12:00:44 - [TEST_STEP][PASSED] - m = m.substring(0, m.indexOf(y.toString())): null

16-05-2025T12:00:44 - [TEST_STEP][PASSED] - m = m.trim(): null

16-05-2025T12:00:44 - [TEST_STEP][PASSED] - if (m == ""): null

16-05-2025T12:00:44 - [TEST_STEP][PASSED] - dashboardName = "Выполнение бизнес-плана": null

16-05-2025T12:00:44 - [TEST_STEP][PASSED] - workbook01 = getWorkbook(excelFilePath): null

16-05-2025T12:00:44 - [TEST_STEP][PASSED] - sheet01 = getExcelSheet(workbook01, sheetName): null

16-05-2025T12:00:44 - [TEST_STEP][PASSED] - setValueToCellByIndex(sheet01, n, 0, dashboardName): null

16-05-2025T12:00:44 - [TEST_STEP][PASSED] - setValueToCellByIndex(sheet01, n, 1, dZO): null

16-05-2025T12:00:44 - [TEST_STEP][PASSED] - setValueToCellByIndex(sheet01, n, 2, typeOfData): null

16-05-2025T12:00:44 - [TEST_STEP][PASSED] - if (typeOfData == "Факт в процентах" || typeOfData == "План в процентах"): null

16-05-2025T12:00:44 - [TEST_STEP][PASSED] - else: null

16-05-2025T12:00:44 - [TEST_STEP][PASSED] - setValueToCellByIndex(sheet01, n, 3, fileInt): null

16-05-2025T12:00:44 - [TEST_STEP][PASSED] - setValueToCellByIndex(sheet01, n, 4, "нет данных"): null

16-05-2025T12:00:44 - [TEST_STEP][PASSED] - setValueToCellByIndex(sheet01, n, 5, m): null

16-05-2025T12:00:44 - [TEST_STEP][PASSED] - setValueToCellByIndex(sheet01, n, 6, y): null

16-05-2025T12:00:44 - [TEST_STEP][PASSED] - setValueToCellByIndex(sheet01, n, 7, todaysDate): null

16-05-2025T12:00:44 - [TEST_STEP][PASSED] - n = n + 1: null

16-05-2025T12:00:44 - [TEST_STEP][PASSED] - saveWorkbook(excelFilePath, workbook01): null

16-05-2025T12:00:45 - [TEST_STEP][PASSED] - typeOfData = "План в процентах": null

16-05-2025T12:00:45 - [TEST_STEP][PASSED] - fileDouble = ").toDouble(): null

16-05-2025T12:00:45 - [TEST_STEP][PASSED] - Script1718980020443.WriteToExcelNoData(a, typeOfData, todaysDate, fileInt, fileDouble, dZO): null

16-05-2025T12:00:45 - [TEST_STEP][PASSED] - sheetName = "Sheet1": null

16-05-2025T12:00:45 - [TEST_STEP][PASSED] - data = findTestData("PlanFact"): null

16-05-2025T12:00:45 - [TEST_STEP][PASSED] - n = data.getRowNumbers() + 1: null

16-05-2025T12:00:45 - [TEST_STEP][PASSED] - day = ")).toInteger(): null

16-05-2025T12:00:45 - [TEST_STEP][PASSED] - println(day): null

16-05-2025T12:00:45 - [TEST_STEP][PASSED] - month = ")).toInteger(): null

16-05-2025T12:00:45 - [TEST_STEP][PASSED] - println(month): null

16-05-2025T12:00:45 - [TEST_STEP][PASSED] - y = <not implemented yet for class: org.codehaus.groovy.ast.expr.EmptyExpression>: null

16-05-2025T12:00:45 - [TEST_STEP][PASSED] - iy = <not implemented yet for class: org.codehaus.groovy.ast.expr.EmptyExpression>: null

16-05-2025T12:00:45 - [TEST_STEP][PASSED] - m = getText(findTestObject("Выполнение бизнес-плана/Период")): Text of object 'Object Repository/Выполнение бизнес-плана/Период' is: '1 кв. 2025 года'

16-05-2025T12:00:45 - [MESSAGE][PASSED] - Text of object 'Object Repository/Выполнение бизнес-плана/Период' is: '1 кв. 2025 года'

16-05-2025T12:00:45 - [TEST_STEP][PASSED] - iy = m.indexOf("20"): null

16-05-2025T12:00:45 - [TEST_STEP][PASSED] - if (iy > -1): null

16-05-2025T12:00:45 - [TEST_STEP][PASSED] - y = substring(iy, iy + 4).toInteger(): null

16-05-2025T12:00:45 - [TEST_STEP][PASSED] - println(y): null

16-05-2025T12:00:45 - [TEST_STEP][PASSED] - if (toString().length() == 4): null

16-05-2025T12:00:45 - [TEST_STEP][PASSED] - m = m.substring(0, m.indexOf(y.toString())): null

16-05-2025T12:00:45 - [TEST_STEP][PASSED] - m = m.trim(): null

16-05-2025T12:00:45 - [TEST_STEP][PASSED] - if (m == ""): null

16-05-2025T12:00:45 - [TEST_STEP][PASSED] - dashboardName = "Выполнение бизнес-плана": null

16-05-2025T12:00:45 - [TEST_STEP][PASSED] - workbook01 = getWorkbook(excelFilePath): null

16-05-2025T12:00:45 - [TEST_STEP][PASSED] - sheet01 = getExcelSheet(workbook01, sheetName): null

16-05-2025T12:00:45 - [TEST_STEP][PASSED] - setValueToCellByIndex(sheet01, n, 0, dashboardName): null

16-05-2025T12:00:45 - [TEST_STEP][PASSED] - setValueToCellByIndex(sheet01, n, 1, dZO): null

16-05-2025T12:00:45 - [TEST_STEP][PASSED] - setValueToCellByIndex(sheet01, n, 2, typeOfData): null

16-05-2025T12:00:45 - [TEST_STEP][PASSED] - if (typeOfData == "Факт в процентах" || typeOfData == "План в процентах"): null

16-05-2025T12:00:45 - [TEST_STEP][PASSED] - setValueToCellByIndex(sheet01, n, 3, fileDouble): null

16-05-2025T12:00:45 - [TEST_STEP][PASSED] - setValueToCellByIndex(sheet01, n, 4, "нет данных"): null

16-05-2025T12:00:45 - [TEST_STEP][PASSED] - setValueToCellByIndex(sheet01, n, 5, m): null

16-05-2025T12:00:45 - [TEST_STEP][PASSED] - setValueToCellByIndex(sheet01, n, 6, y): null

16-05-2025T12:00:45 - [TEST_STEP][PASSED] - setValueToCellByIndex(sheet01, n, 7, todaysDate): null

16-05-2025T12:00:45 - [TEST_STEP][PASSED] - n = n + 1: null

16-05-2025T12:00:45 - [TEST_STEP][PASSED] - saveWorkbook(excelFilePath, workbook01): null

16-05-2025T12:00:45 - [TEST_STEP][PASSED] - typeOfData = "Факт в процентах": null

16-05-2025T12:00:45 - [TEST_STEP][PASSED] - fileDouble = ").toDouble(): null

16-05-2025T12:00:45 - [TEST_STEP][PASSED] - Script1718980020443.WriteToExcelNoData(a, typeOfData, todaysDate, fileInt, fileDouble, dZO): null

16-05-2025T12:00:45 - [TEST_STEP][PASSED] - sheetName = "Sheet1": null

16-05-2025T12:00:45 - [TEST_STEP][PASSED] - data = findTestData("PlanFact"): null

16-05-2025T12:00:45 - [TEST_STEP][PASSED] - n = data.getRowNumbers() + 1: null

16-05-2025T12:00:45 - [TEST_STEP][PASSED] - day = ")).toInteger(): null

16-05-2025T12:00:45 - [TEST_STEP][PASSED] - println(day): null

16-05-2025T12:00:45 - [TEST_STEP][PASSED] - month = ")).toInteger(): null

16-05-2025T12:00:45 - [TEST_STEP][PASSED] - println(month): null

16-05-2025T12:00:45 - [TEST_STEP][PASSED] - y = <not implemented yet for class: org.codehaus.groovy.ast.expr.EmptyExpression>: null

16-05-2025T12:00:45 - [TEST_STEP][PASSED] - iy = <not implemented yet for class: org.codehaus.groovy.ast.expr.EmptyExpression>: null

16-05-2025T12:00:45 - [TEST_STEP][PASSED] - m = getText(findTestObject("Выполнение бизнес-плана/Период")): Text of object 'Object Repository/Выполнение бизнес-плана/Период' is: '1 кв. 2025 года'

16-05-2025T12:00:46 - [MESSAGE][PASSED] - Text of object 'Object Repository/Выполнение бизнес-плана/Период' is: '1 кв. 2025 года'

16-05-2025T12:00:46 - [TEST_STEP][PASSED] - iy = m.indexOf("20"): null

16-05-2025T12:00:46 - [TEST_STEP][PASSED] - if (iy > -1): null

16-05-2025T12:00:46 - [TEST_STEP][PASSED] - y = substring(iy, iy + 4).toInteger(): null

16-05-2025T12:00:46 - [TEST_STEP][PASSED] - println(y): null

16-05-2025T12:00:46 - [TEST_STEP][PASSED] - if (toString().length() == 4): null

16-05-2025T12:00:46 - [TEST_STEP][PASSED] - m = m.substring(0, m.indexOf(y.toString())): null

16-05-2025T12:00:46 - [TEST_STEP][PASSED] - m = m.trim(): null

16-05-2025T12:00:46 - [TEST_STEP][PASSED] - if (m == ""): null

16-05-2025T12:00:46 - [TEST_STEP][PASSED] - dashboardName = "Выполнение бизнес-плана": null

16-05-2025T12:00:46 - [TEST_STEP][PASSED] - workbook01 = getWorkbook(excelFilePath): null

16-05-2025T12:00:46 - [TEST_STEP][PASSED] - sheet01 = getExcelSheet(workbook01, sheetName): null

16-05-2025T12:00:46 - [TEST_STEP][PASSED] - setValueToCellByIndex(sheet01, n, 0, dashboardName): null

16-05-2025T12:00:46 - [TEST_STEP][PASSED] - setValueToCellByIndex(sheet01, n, 1, dZO): null

16-05-2025T12:00:46 - [TEST_STEP][PASSED] - setValueToCellByIndex(sheet01, n, 2, typeOfData): null

16-05-2025T12:00:46 - [TEST_STEP][PASSED] - if (typeOfData == "Факт в процентах" || typeOfData == "План в процентах"): null

16-05-2025T12:00:46 - [TEST_STEP][PASSED] - setValueToCellByIndex(sheet01, n, 3, fileDouble): null

16-05-2025T12:00:46 - [TEST_STEP][PASSED] - setValueToCellByIndex(sheet01, n, 4, "нет данных"): null

16-05-2025T12:00:46 - [TEST_STEP][PASSED] - setValueToCellByIndex(sheet01, n, 5, m): null

16-05-2025T12:00:46 - [TEST_STEP][PASSED] - setValueToCellByIndex(sheet01, n, 6, y): null

16-05-2025T12:00:46 - [TEST_STEP][PASSED] - setValueToCellByIndex(sheet01, n, 7, todaysDate): null

16-05-2025T12:00:46 - [TEST_STEP][PASSED] - n = n + 1: null

16-05-2025T12:00:46 - [TEST_STEP][PASSED] - saveWorkbook(excelFilePath, workbook01): null

16-05-2025T12:00:46 - [TEST_STEP][PASSED] - println(dzoNum): null

16-05-2025T12:00:46 - [TEST_STEP][PASSED] - dZO = "Россети Московский регион": null

16-05-2025T12:00:46 - [TEST_STEP][PASSED] - a = 74: null

16-05-2025T12:00:46 - [TEST_STEP][PASSED] - if (x1.contains("Московский")): null

16-05-2025T12:00:46 - [TEST_STEP][PASSED] - dzoNum = dzoNum + 1: null

16-05-2025T12:00:46 - [TEST_STEP][PASSED] - Script1718980020443.Numbers(a, typeOfData, todaysDate, pageInt, fileInt, pageDouble, fileDouble, dZO, dzoNum, filialNum): null

16-05-2025T12:00:46 - [TEST_STEP][PASSED] - println(dzoNum): null

16-05-2025T12:00:46 - [TEST_STEP][PASSED] - planFact = <not implemented yet for class: org.codehaus.groovy.ast.expr.EmptyExpression>: null

16-05-2025T12:00:46 - [TEST_STEP][PASSED] - page = <not implemented yet for class: org.codehaus.groovy.ast.expr.EmptyExpression>: null

16-05-2025T12:00:46 - [TEST_STEP][PASSED] - page1 = <not implemented yet for class: org.codehaus.groovy.ast.expr.EmptyExpression>: null

16-05-2025T12:00:46 - [TEST_STEP][PASSED] - page2 = <not implemented yet for class: org.codehaus.groovy.ast.expr.EmptyExpression>: null

16-05-2025T12:00:46 - [TEST_STEP][PASSED] - filialNumberInRow = <not implemented yet for class: org.codehaus.groovy.ast.expr.EmptyExpression>: null

16-05-2025T12:00:46 - [TEST_STEP][PASSED] - filialsDzoNames = <not implemented yet for class: org.codehaus.groovy.ast.expr.EmptyExpression>: null

16-05-2025T12:00:46 - [TEST_STEP][PASSED] - numberOfFilials = <not implemented yet for class: org.codehaus.groovy.ast.expr.EmptyExpression>: null

16-05-2025T12:00:46 - [TEST_STEP][PASSED] - numberOfSpaces = <not implemented yet for class: org.codehaus.groovy.ast.expr.EmptyExpression>: null

16-05-2025T12:00:46 - [TEST_STEP][PASSED] - file = <not implemented yet for class: org.codehaus.groovy.ast.expr.EmptyExpression>: null

16-05-2025T12:00:46 - [TEST_STEP][PASSED] - otpusk = <not implemented yet for class: org.codehaus.groovy.ast.expr.EmptyExpression>: null

16-05-2025T12:00:46 - [TEST_STEP][PASSED] - poteri = <not implemented yet for class: org.codehaus.groovy.ast.expr.EmptyExpression>: null

16-05-2025T12:00:46 - [TEST_STEP][PASSED] - dataFolder = "Выполнение бизнес-плана/Значения со страницы Выполнение бизнес-плана/": null

16-05-2025T12:00:46 - [TEST_STEP][PASSED] - path = <not implemented yet for class: org.codehaus.groovy.ast.expr.EmptyExpression>: null

16-05-2025T12:00:46 - [TEST_STEP][PASSED] - typeOfDataMain = <not implemented yet for class: org.codehaus.groovy.ast.expr.EmptyExpression>: null

16-05-2025T12:00:46 - [TEST_STEP][PASSED] - fileOtpuskVSet = <not implemented yet for class: org.codehaus.groovy.ast.expr.EmptyExpression>: null

16-05-2025T12:00:46 - [TEST_STEP][PASSED] - pageOtpuskVSet = <not implemented yet for class: org.codehaus.groovy.ast.expr.EmptyExpression>: null

16-05-2025T12:00:46 - [TEST_STEP][PASSED] - filePoteri = <not implemented yet for class: org.codehaus.groovy.ast.expr.EmptyExpression>: null

16-05-2025T12:00:46 - [TEST_STEP][PASSED] - pagePoteri = <not implemented yet for class: org.codehaus.groovy.ast.expr.EmptyExpression>: null

16-05-2025T12:00:46 - [TEST_STEP][PASSED] - compare = <not implemented yet for class: org.codehaus.groovy.ast.expr.EmptyExpression>: null

16-05-2025T12:00:46 - [TEST_STEP][PASSED] - b = <not implemented yet for class: org.codehaus.groovy.ast.expr.EmptyExpression>: null

16-05-2025T12:00:46 - [TEST_STEP][PASSED] - i = <not implemented yet for class: org.codehaus.groovy.ast.expr.EmptyExpression>: null

16-05-2025T12:00:46 - [TEST_STEP][PASSED] - ii = <not implemented yet for class: org.codehaus.groovy.ast.expr.EmptyExpression>: null

16-05-2025T12:00:46 - [TEST_STEP][PASSED] - c = <not implemented yet for class: org.codehaus.groovy.ast.expr.EmptyExpression>: null

16-05-2025T12:00:46 - [TEST_STEP][PASSED] - numberOfErrors = 0: null

16-05-2025T12:00:46 - [TEST_STEP][PASSED] - if (a == 82): null

16-05-2025T12:00:46 - [TEST_STEP][PASSED] - b = findTestData("PlanFact").getValue(1, a): null

16-05-2025T12:00:46 - [TEST_STEP][PASSED] - i = b.indexOf(" (ГК)"): null

16-05-2025T12:00:46 - [TEST_STEP][PASSED] - if (i > -1): null

16-05-2025T12:00:46 - [TEST_STEP][PASSED] - i = b.indexOf("О ""): null

16-05-2025T12:00:46 - [TEST_STEP][PASSED] - if (i > -1): null

16-05-2025T12:00:46 - [TEST_STEP][PASSED] - i = b.indexOf("О «"): null

16-05-2025T12:00:46 - [TEST_STEP][PASSED] - if (i > -1): null

16-05-2025T12:00:46 - [TEST_STEP][PASSED] - i = b.indexOf("г. "): null

16-05-2025T12:00:46 - [TEST_STEP][PASSED] - if (i > -1): null

16-05-2025T12:00:46 - [TEST_STEP][PASSED] - b = b.trim(): null

16-05-2025T12:00:46 - [TEST_STEP][PASSED] - println(b): null

16-05-2025T12:00:46 - [TEST_STEP][PASSED] - for ([planFact = 1, planFact < 3, (planFact++)]): Object: 'Object Repository/Выполнение бизнес-плана/Кнопка Факт' is clicked on

16-05-2025T12:00:46 - [TEST_STEP][PASSED] - if (planFact == 1): null

16-05-2025T12:00:46 - [TEST_STEP][PASSED] - typeOfDataMain = "Факт": null

16-05-2025T12:00:46 - [TEST_STEP][PASSED] - otpusk = findTestData("PlanFact").getValue(5, a): null

16-05-2025T12:00:46 - [TEST_STEP][PASSED] - poteri = findTestData("PlanFact").getValue(6, a): null

16-05-2025T12:00:46 - [TEST_STEP][PASSED] - otpusk = otpusk.replaceAll("\s+", ""): null

16-05-2025T12:00:46 - [TEST_STEP][PASSED] - poteri = poteri.replaceAll("\s+", ""): null

16-05-2025T12:00:46 - [TEST_STEP][PASSED] - typeOfData = typeOfDataMain + " Отпуск в сеть": null

16-05-2025T12:00:46 - [TEST_STEP][PASSED] - if (a == 82): null

16-05-2025T12:00:46 - [TEST_STEP][PASSED] - else if (a == 84): null

16-05-2025T12:00:46 - [TEST_STEP][PASSED] - else if (a == 83 || a == 52 || a == 72 || a == 28 || a == 73 || a == 77 || a == 74 || a == 65 || a == 36 || a == 44 || a == 53 || a == 80 || a == 54 || a == 1 || a == 18 || a == 59 || a == 81): null

16-05-2025T12:00:46 - [TEST_STEP][PASSED] - path = dataFolder + "Table Data/" + typeOfData + " за отчётный период " + dzoNum: null

16-05-2025T12:00:46 - [TEST_STEP][PASSED] - println(path): null

16-05-2025T12:00:46 - [TEST_STEP][PASSED] - page = getText(findTestObject(path)): Text of object 'Object Repository/Выполнение бизнес-плана/Значения со страницы Выполнение бизнес-плана/Table Data/Факт Отпуск в сеть за отчётный период 3' is: '28 695 297'

16-05-2025T12:00:46 - [MESSAGE][PASSED] - Text of object 'Object Repository/Выполнение бизнес-плана/Значения со страницы Выполнение бизнес-плана/Table Data/Факт Отпуск в сеть за отчётный период 3' is: '28 695 297'

16-05-2025T12:00:46 - [TEST_STEP][PASSED] - if (page == "" || page == null): null

16-05-2025T12:00:46 - [TEST_STEP][PASSED] - else: null

16-05-2025T12:00:46 - [TEST_STEP][PASSED] - page = page.replaceAll("\s+", ""): null

16-05-2025T12:00:46 - [TEST_STEP][PASSED] - if (page == "undefined"): null

16-05-2025T12:00:46 - [TEST_STEP][PASSED] - fileOtpuskVSet = otpusk.toInteger(): null

16-05-2025T12:00:46 - [TEST_STEP][PASSED] - pageOtpuskVSet = page.toInteger(): null

16-05-2025T12:00:46 - [TEST_STEP][PASSED] - typeOfData = typeOfDataMain + " Потери": null

16-05-2025T12:00:46 - [TEST_STEP][PASSED] - if (a == 82): null

16-05-2025T12:00:46 - [TEST_STEP][PASSED] - else if (a == 84): null

16-05-2025T12:00:46 - [TEST_STEP][PASSED] - else if (a == 83 || a == 52 || a == 72 || a == 28 || a == 73 || a == 77 || a == 74 || a == 65 || a == 36 || a == 44 || a == 53 || a == 80 || a == 54 || a == 1 || a == 18 || a == 59 || a == 81): null

16-05-2025T12:00:46 - [TEST_STEP][PASSED] - path = dataFolder + "Table Data/" + typeOfData + " за отчётный период " + dzoNum: null

16-05-2025T12:00:46 - [TEST_STEP][PASSED] - page = getText(findTestObject(path)): Text of object 'Object Repository/Выполнение бизнес-плана/Значения со страницы Выполнение бизнес-плана/Table Data/Факт Потери за отчётный период 3' is: '2 581 387'

16-05-2025T12:00:47 - [MESSAGE][PASSED] - Text of object 'Object Repository/Выполнение бизнес-плана/Значения со страницы Выполнение бизнес-плана/Table Data/Факт Потери за отчётный период 3' is: '2 581 387'

16-05-2025T12:00:47 - [TEST_STEP][PASSED] - if (page == "" || page == null): null

16-05-2025T12:00:47 - [TEST_STEP][PASSED] - else: null

16-05-2025T12:00:47 - [TEST_STEP][PASSED] - page = page.replaceAll("\s+", ""): null

16-05-2025T12:00:47 - [TEST_STEP][PASSED] - if (page == "undefined"): null

16-05-2025T12:00:47 - [TEST_STEP][PASSED] - filePoteri = poteri.toInteger(): null

16-05-2025T12:00:47 - [TEST_STEP][PASSED] - pagePoteri = page.toInteger(): null

16-05-2025T12:00:47 - [TEST_STEP][PASSED] - compare = pageOtpuskVSet: null

16-05-2025T12:00:47 - [TEST_STEP][PASSED] - if (pageOtpuskVSet != null): null

16-05-2025T12:00:47 - [TEST_STEP][PASSED] - if (compare == fileOtpuskVSet): null

16-05-2025T12:00:47 - [TEST_STEP][PASSED] - if (compare == fileOtpuskVSet): null

16-05-2025T12:00:47 - [TEST_STEP][PASSED] - compare = pagePoteri: null

16-05-2025T12:00:47 - [TEST_STEP][PASSED] - if (pageOtpuskVSet != null): null

16-05-2025T12:00:47 - [TEST_STEP][PASSED] - if (compare == filePoteri): null

16-05-2025T12:00:47 - [TEST_STEP][PASSED] - if (compare == filePoteri): null

16-05-2025T12:00:47 - [TEST_STEP][PASSED] - if (planFact == 2): null

16-05-2025T12:00:47 - [TEST_STEP][PASSED] - if (planFact == 1): null

16-05-2025T12:00:47 - [TEST_STEP][PASSED] - else if (planFact == 2): null

16-05-2025T12:00:47 - [TEST_STEP][PASSED] - click(findTestObject("Выполнение бизнес-плана/Кнопка План")): Object: 'Object Repository/Выполнение бизнес-плана/Кнопка План' is clicked on

16-05-2025T12:00:47 - [MESSAGE][PASSED] - Object: 'Object Repository/Выполнение бизнес-плана/Кнопка План' is clicked on

16-05-2025T12:00:47 - [TEST_STEP][PASSED] - typeOfDataMain = "План": null

16-05-2025T12:00:47 - [TEST_STEP][PASSED] - otpusk = findTestData("PlanFact").getValue(2, a): null

16-05-2025T12:00:47 - [TEST_STEP][PASSED] - poteri = findTestData("PlanFact").getValue(3, a): null

16-05-2025T12:00:47 - [TEST_STEP][PASSED] - otpusk = otpusk.replaceAll("\s+", ""): null

16-05-2025T12:00:47 - [TEST_STEP][PASSED] - poteri = poteri.replaceAll("\s+", ""): null

16-05-2025T12:00:47 - [TEST_STEP][PASSED] - typeOfData = typeOfDataMain + " Отпуск в сеть": null

16-05-2025T12:00:47 - [TEST_STEP][PASSED] - if (a == 82): null

16-05-2025T12:00:47 - [TEST_STEP][PASSED] - else if (a == 84): null

16-05-2025T12:00:47 - [TEST_STEP][PASSED] - else if (a == 83 || a == 52 || a == 72 || a == 28 || a == 73 || a == 77 || a == 74 || a == 65 || a == 36 || a == 44 || a == 53 || a == 80 || a == 54 || a == 1 || a == 18 || a == 59 || a == 81): null

16-05-2025T12:00:47 - [TEST_STEP][PASSED] - path = dataFolder + "Table Data/" + typeOfData + " за отчётный период " + dzoNum: null

16-05-2025T12:00:47 - [TEST_STEP][PASSED] - println(path): null

16-05-2025T12:00:47 - [TEST_STEP][PASSED] - page = getText(findTestObject(path)): Text of object 'Object Repository/Выполнение бизнес-плана/Значения со страницы Выполнение бизнес-плана/Table Data/План Отпуск в сеть за отчётный период 3' is: '30 256 406'

16-05-2025T12:00:47 - [MESSAGE][PASSED] - Text of object 'Object Repository/Выполнение бизнес-плана/Значения со страницы Выполнение бизнес-плана/Table Data/План Отпуск в сеть за отчётный период 3' is: '30 256 406'

16-05-2025T12:00:47 - [TEST_STEP][PASSED] - if (page == "" || page == null): null

16-05-2025T12:00:47 - [TEST_STEP][PASSED] - else: null

16-05-2025T12:00:47 - [TEST_STEP][PASSED] - page = page.replaceAll("\s+", ""): null

16-05-2025T12:00:47 - [TEST_STEP][PASSED] - if (page == "undefined"): null

16-05-2025T12:00:47 - [TEST_STEP][PASSED] - fileOtpuskVSet = otpusk.toInteger(): null

16-05-2025T12:00:47 - [TEST_STEP][PASSED] - pageOtpuskVSet = page.toInteger(): null

16-05-2025T12:00:47 - [TEST_STEP][PASSED] - typeOfData = typeOfDataMain + " Потери": null

16-05-2025T12:00:47 - [TEST_STEP][PASSED] - if (a == 82): null

16-05-2025T12:00:47 - [TEST_STEP][PASSED] - else if (a == 84): null

16-05-2025T12:00:47 - [TEST_STEP][PASSED] - else if (a == 83 || a == 52 || a == 72 || a == 28 || a == 73 || a == 77 || a == 74 || a == 65 || a == 36 || a == 44 || a == 53 || a == 80 || a == 54 || a == 1 || a == 18 || a == 59 || a == 81): null

16-05-2025T12:00:47 - [TEST_STEP][PASSED] - path = dataFolder + "Table Data/" + typeOfData + " за отчётный период " + dzoNum: null

16-05-2025T12:00:47 - [TEST_STEP][PASSED] - page = getText(findTestObject(path)): Text of object 'Object Repository/Выполнение бизнес-плана/Значения со страницы Выполнение бизнес-плана/Table Data/План Потери за отчётный период 3' is: '2 841 883'

16-05-2025T12:00:48 - [MESSAGE][PASSED] - Text of object 'Object Repository/Выполнение бизнес-плана/Значения со страницы Выполнение бизнес-плана/Table Data/План Потери за отчётный период 3' is: '2 841 883'

16-05-2025T12:00:48 - [TEST_STEP][PASSED] - if (page == "" || page == null): null

16-05-2025T12:00:48 - [TEST_STEP][PASSED] - else: null

16-05-2025T12:00:48 - [TEST_STEP][PASSED] - page = page.replaceAll("\s+", ""): null

16-05-2025T12:00:48 - [TEST_STEP][PASSED] - if (page == "undefined"): null

16-05-2025T12:00:48 - [TEST_STEP][PASSED] - filePoteri = poteri.toInteger(): null

16-05-2025T12:00:48 - [TEST_STEP][PASSED] - pagePoteri = page.toInteger(): null

16-05-2025T12:00:48 - [TEST_STEP][PASSED] - compare = pageOtpuskVSet: null

16-05-2025T12:00:48 - [TEST_STEP][PASSED] - if (pageOtpuskVSet != null): null

16-05-2025T12:00:48 - [TEST_STEP][PASSED] - if (compare == fileOtpuskVSet): null

16-05-2025T12:00:48 - [TEST_STEP][PASSED] - if (compare == fileOtpuskVSet): null

16-05-2025T12:00:48 - [TEST_STEP][PASSED] - compare = pagePoteri: null

16-05-2025T12:00:48 - [TEST_STEP][PASSED] - if (pageOtpuskVSet != null): null

16-05-2025T12:00:48 - [TEST_STEP][PASSED] - if (compare == filePoteri): null

16-05-2025T12:00:48 - [TEST_STEP][PASSED] - if (compare == filePoteri): null

16-05-2025T12:00:48 - [TEST_STEP][PASSED] - if (planFact == 2): Object: 'Object Repository/Выполнение бизнес-плана/Кнопка Факт' is clicked on

16-05-2025T12:00:48 - [TEST_STEP][PASSED] - click(findTestObject("Выполнение бизнес-плана/Кнопка Факт")): Object: 'Object Repository/Выполнение бизнес-плана/Кнопка Факт' is clicked on

16-05-2025T12:00:48 - [MESSAGE][PASSED] - Object: 'Object Repository/Выполнение бизнес-плана/Кнопка Факт' is clicked on

16-05-2025T12:00:48 - [TEST_STEP][PASSED] - println("a=" + a): null

16-05-2025T12:00:48 - [TEST_STEP][PASSED] - if (a == 84 || a == 82): null

16-05-2025T12:00:48 - [TEST_STEP][PASSED] - else if (a == 83 || a == 52 || a == 72 || a == 28 || a == 73 || a == 77 || a == 74 || a == 65 || a == 36 || a == 44 || a == 53 || a == 80 || a == 54 || a == 1 || a == 18 || a == 59 || a == 81): null

16-05-2025T12:00:48 - [TEST_STEP][PASSED] - page1 = getText(findTestObject("Object Repository/Выполнение бизнес-плана/spanPlan" + dzoNum)): Text of object 'Object Repository/Выполнение бизнес-плана/spanPlan3' is: '9.39
|'

16-05-2025T12:00:48 - [MESSAGE][PASSED] - Text of object 'Object Repository/Выполнение бизнес-плана/spanPlan3' is: '9.39
|'

16-05-2025T12:00:48 - [TEST_STEP][PASSED] - page1 = page1.replace("|", ""): null

16-05-2025T12:00:48 - [TEST_STEP][PASSED] - page2 = getText(findTestObject("Object Repository/Выполнение бизнес-плана/spanFact" + dzoNum)): Text of object 'Object Repository/Выполнение бизнес-плана/spanFact3' is: '9.00'

16-05-2025T12:00:49 - [MESSAGE][PASSED] - Text of object 'Object Repository/Выполнение бизнес-плана/spanFact3' is: '9.00'

16-05-2025T12:00:49 - [TEST_STEP][PASSED] - page2 = page2.replace("|", ""): null

16-05-2025T12:00:49 - [TEST_STEP][PASSED] - println("page1: " + page1): null

16-05-2025T12:00:49 - [TEST_STEP][PASSED] - println("page2: " + page2): null

16-05-2025T12:00:49 - [TEST_STEP][PASSED] - file = findTestData("PlanFact").getValue(4, a): null

16-05-2025T12:00:49 - [TEST_STEP][PASSED] - file = file.replace(",", "."): null

16-05-2025T12:00:49 - [TEST_STEP][PASSED] - println("file Plan: " + file): null

16-05-2025T12:00:49 - [TEST_STEP][PASSED] - typeOfData = "План в процентах": null

16-05-2025T12:00:49 - [TEST_STEP][PASSED] - fileDouble = file.toDouble(): null

16-05-2025T12:00:49 - [TEST_STEP][PASSED] - pageDouble = page1.toDouble(): null

16-05-2025T12:00:49 - [TEST_STEP][PASSED] - if (fileDouble != pageDouble): null

16-05-2025T12:00:49 - [TEST_STEP][PASSED] - file = findTestData("PlanFact").getValue(7, a): null

16-05-2025T12:00:49 - [TEST_STEP][PASSED] - file = file.replace(",", "."): null

16-05-2025T12:00:49 - [TEST_STEP][PASSED] - println("file Fact: " + file): null

16-05-2025T12:00:49 - [TEST_STEP][PASSED] - fileDouble = file.toDouble(): null

16-05-2025T12:00:49 - [TEST_STEP][PASSED] - typeOfData = "Факт в процентах": null

16-05-2025T12:00:49 - [TEST_STEP][PASSED] - fileDouble = file.toDouble(): null

16-05-2025T12:00:49 - [TEST_STEP][PASSED] - pageDouble = page2.toDouble(): null

16-05-2025T12:00:49 - [TEST_STEP][PASSED] - if (fileDouble != pageDouble): null

16-05-2025T12:00:49 - [TEST_STEP][PASSED] - if (verifyEqual(numberOfErrors, 0) == false): Actual object '0' and expected object '0' are equal

16-05-2025T12:00:49 - [MESSAGE][PASSED] - Actual object '0' and expected object '0' are equal

16-05-2025T12:00:49 - [TEST_STEP][PASSED] - if (a == 82): null

16-05-2025T12:00:49 - [TEST_STEP][PASSED] - println(dzoNum): null

16-05-2025T12:00:49 - [TEST_STEP][PASSED] - dZO = "Россети Северный Кавказ": null

16-05-2025T12:00:49 - [TEST_STEP][PASSED] - a = 65: null

16-05-2025T12:00:49 - [TEST_STEP][PASSED] - if (x1.contains("Кавказ")): null

16-05-2025T12:00:49 - [TEST_STEP][PASSED] - else: null

16-05-2025T12:00:49 - [TEST_STEP][PASSED] - Script1718980020443.NoData(a, typeOfData, todaysDate, fileInt, fileDouble, dZO): null

16-05-2025T12:00:49 - [TEST_STEP][PASSED] - println(a): null

16-05-2025T12:00:49 - [TEST_STEP][PASSED] - println(todaysDate): null

16-05-2025T12:00:49 - [TEST_STEP][PASSED] - println(fileInt): null

16-05-2025T12:00:49 - [TEST_STEP][PASSED] - println(fileDouble): null

16-05-2025T12:00:49 - [TEST_STEP][PASSED] - println(dZO): null

16-05-2025T12:00:49 - [TEST_STEP][PASSED] - typeOfData = "Факт Отпуск в сеть": null

16-05-2025T12:00:49 - [TEST_STEP][PASSED] - fileInt = replaceAll("\s+", "").toInteger(): null

16-05-2025T12:00:49 - [TEST_STEP][PASSED] - Script1718980020443.WriteToExcelNoData(a, typeOfData, todaysDate, fileInt, fileDouble, dZO): null

16-05-2025T12:00:49 - [TEST_STEP][PASSED] - sheetName = "Sheet1": null

16-05-2025T12:00:49 - [TEST_STEP][PASSED] - data = findTestData("PlanFact"): null

16-05-2025T12:00:49 - [TEST_STEP][PASSED] - n = data.getRowNumbers() + 1: null

16-05-2025T12:00:49 - [TEST_STEP][PASSED] - day = ")).toInteger(): null

16-05-2025T12:00:49 - [TEST_STEP][PASSED] - println(day): null

16-05-2025T12:00:49 - [TEST_STEP][PASSED] - month = ")).toInteger(): null

16-05-2025T12:00:49 - [TEST_STEP][PASSED] - println(month): null

16-05-2025T12:00:49 - [TEST_STEP][PASSED] - y = <not implemented yet for class: org.codehaus.groovy.ast.expr.EmptyExpression>: null

16-05-2025T12:00:49 - [TEST_STEP][PASSED] - iy = <not implemented yet for class: org.codehaus.groovy.ast.expr.EmptyExpression>: null

16-05-2025T12:00:49 - [TEST_STEP][PASSED] - m = getText(findTestObject("Выполнение бизнес-плана/Период")): Text of object 'Object Repository/Выполнение бизнес-плана/Период' is: '1 кв. 2025 года'

16-05-2025T12:00:49 - [MESSAGE][PASSED] - Text of object 'Object Repository/Выполнение бизнес-плана/Период' is: '1 кв. 2025 года'

16-05-2025T12:00:49 - [TEST_STEP][PASSED] - iy = m.indexOf("20"): null

16-05-2025T12:00:49 - [TEST_STEP][PASSED] - if (iy > -1): null

16-05-2025T12:00:49 - [TEST_STEP][PASSED] - y = substring(iy, iy + 4).toInteger(): null

16-05-2025T12:00:49 - [TEST_STEP][PASSED] - println(y): null

16-05-2025T12:00:49 - [TEST_STEP][PASSED] - if (toString().length() == 4): null

16-05-2025T12:00:49 - [TEST_STEP][PASSED] - m = m.substring(0, m.indexOf(y.toString())): null

16-05-2025T12:00:49 - [TEST_STEP][PASSED] - m = m.trim(): null

16-05-2025T12:00:49 - [TEST_STEP][PASSED] - if (m == ""): null

16-05-2025T12:00:49 - [TEST_STEP][PASSED] - dashboardName = "Выполнение бизнес-плана": null

16-05-2025T12:00:49 - [TEST_STEP][PASSED] - workbook01 = getWorkbook(excelFilePath): null

16-05-2025T12:00:49 - [TEST_STEP][PASSED] - sheet01 = getExcelSheet(workbook01, sheetName): null

16-05-2025T12:00:49 - [TEST_STEP][PASSED] - setValueToCellByIndex(sheet01, n, 0, dashboardName): null

16-05-2025T12:00:49 - [TEST_STEP][PASSED] - setValueToCellByIndex(sheet01, n, 1, dZO): null

16-05-2025T12:00:49 - [TEST_STEP][PASSED] - setValueToCellByIndex(sheet01, n, 2, typeOfData): null

16-05-2025T12:00:49 - [TEST_STEP][PASSED] - if (typeOfData == "Факт в процентах" || typeOfData == "План в процентах"): null

16-05-2025T12:00:49 - [TEST_STEP][PASSED] - else: null

16-05-2025T12:00:49 - [TEST_STEP][PASSED] - setValueToCellByIndex(sheet01, n, 3, fileInt): null

16-05-2025T12:00:49 - [TEST_STEP][PASSED] - setValueToCellByIndex(sheet01, n, 4, "нет данных"): null

16-05-2025T12:00:49 - [TEST_STEP][PASSED] - setValueToCellByIndex(sheet01, n, 5, m): null

16-05-2025T12:00:49 - [TEST_STEP][PASSED] - setValueToCellByIndex(sheet01, n, 6, y): null

16-05-2025T12:00:49 - [TEST_STEP][PASSED] - setValueToCellByIndex(sheet01, n, 7, todaysDate): null

16-05-2025T12:00:49 - [TEST_STEP][PASSED] - n = n + 1: null

16-05-2025T12:00:49 - [TEST_STEP][PASSED] - saveWorkbook(excelFilePath, workbook01): null

16-05-2025T12:00:49 - [TEST_STEP][PASSED] - typeOfData = "Факт Потери": null

16-05-2025T12:00:49 - [TEST_STEP][PASSED] - fileInt = replaceAll("\s+", "").toInteger(): null

16-05-2025T12:00:49 - [TEST_STEP][PASSED] - Script1718980020443.WriteToExcelNoData(a, typeOfData, todaysDate, fileInt, fileDouble, dZO): null

16-05-2025T12:00:49 - [TEST_STEP][PASSED] - sheetName = "Sheet1": null

16-05-2025T12:00:49 - [TEST_STEP][PASSED] - data = findTestData("PlanFact"): null

16-05-2025T12:00:49 - [TEST_STEP][PASSED] - n = data.getRowNumbers() + 1: null

16-05-2025T12:00:49 - [TEST_STEP][PASSED] - day = ")).toInteger(): null

16-05-2025T12:00:49 - [TEST_STEP][PASSED] - println(day): null

16-05-2025T12:00:49 - [TEST_STEP][PASSED] - month = ")).toInteger(): null

16-05-2025T12:00:49 - [TEST_STEP][PASSED] - println(month): null

16-05-2025T12:00:49 - [TEST_STEP][PASSED] - y = <not implemented yet for class: org.codehaus.groovy.ast.expr.EmptyExpression>: null

16-05-2025T12:00:49 - [TEST_STEP][PASSED] - iy = <not implemented yet for class: org.codehaus.groovy.ast.expr.EmptyExpression>: null

16-05-2025T12:00:49 - [TEST_STEP][PASSED] - m = getText(findTestObject("Выполнение бизнес-плана/Период")): Text of object 'Object Repository/Выполнение бизнес-плана/Период' is: '1 кв. 2025 года'

16-05-2025T12:00:50 - [MESSAGE][PASSED] - Text of object 'Object Repository/Выполнение бизнес-плана/Период' is: '1 кв. 2025 года'

16-05-2025T12:00:50 - [TEST_STEP][PASSED] - iy = m.indexOf("20"): null

16-05-2025T12:00:50 - [TEST_STEP][PASSED] - if (iy > -1): null

16-05-2025T12:00:50 - [TEST_STEP][PASSED] - y = substring(iy, iy + 4).toInteger(): null

16-05-2025T12:00:50 - [TEST_STEP][PASSED] - println(y): null

16-05-2025T12:00:50 - [TEST_STEP][PASSED] - if (toString().length() == 4): null

16-05-2025T12:00:50 - [TEST_STEP][PASSED] - m = m.substring(0, m.indexOf(y.toString())): null

16-05-2025T12:00:50 - [TEST_STEP][PASSED] - m = m.trim(): null

16-05-2025T12:00:50 - [TEST_STEP][PASSED] - if (m == ""): null

16-05-2025T12:00:50 - [TEST_STEP][PASSED] - dashboardName = "Выполнение бизнес-плана": null

16-05-2025T12:00:50 - [TEST_STEP][PASSED] - workbook01 = getWorkbook(excelFilePath): null

16-05-2025T12:00:50 - [TEST_STEP][PASSED] - sheet01 = getExcelSheet(workbook01, sheetName): null

16-05-2025T12:00:50 - [TEST_STEP][PASSED] - setValueToCellByIndex(sheet01, n, 0, dashboardName): null

16-05-2025T12:00:50 - [TEST_STEP][PASSED] - setValueToCellByIndex(sheet01, n, 1, dZO): null

16-05-2025T12:00:50 - [TEST_STEP][PASSED] - setValueToCellByIndex(sheet01, n, 2, typeOfData): null

16-05-2025T12:00:50 - [TEST_STEP][PASSED] - if (typeOfData == "Факт в процентах" || typeOfData == "План в процентах"): null

16-05-2025T12:00:50 - [TEST_STEP][PASSED] - else: null

16-05-2025T12:00:50 - [TEST_STEP][PASSED] - setValueToCellByIndex(sheet01, n, 3, fileInt): null

16-05-2025T12:00:50 - [TEST_STEP][PASSED] - setValueToCellByIndex(sheet01, n, 4, "нет данных"): null

16-05-2025T12:00:50 - [TEST_STEP][PASSED] - setValueToCellByIndex(sheet01, n, 5, m): null

16-05-2025T12:00:50 - [TEST_STEP][PASSED] - setValueToCellByIndex(sheet01, n, 6, y): null

16-05-2025T12:00:50 - [TEST_STEP][PASSED] - setValueToCellByIndex(sheet01, n, 7, todaysDate): null

16-05-2025T12:00:50 - [TEST_STEP][PASSED] - n = n + 1: null

16-05-2025T12:00:50 - [TEST_STEP][PASSED] - saveWorkbook(excelFilePath, workbook01): null

16-05-2025T12:00:50 - [TEST_STEP][PASSED] - typeOfData = "План Отпуск в сеть": null

16-05-2025T12:00:50 - [TEST_STEP][PASSED] - fileInt = replaceAll("\s+", "").toInteger(): null

16-05-2025T12:00:50 - [TEST_STEP][PASSED] - Script1718980020443.WriteToExcelNoData(a, typeOfData, todaysDate, fileInt, fileDouble, dZO): null

16-05-2025T12:00:50 - [TEST_STEP][PASSED] - sheetName = "Sheet1": null

16-05-2025T12:00:50 - [TEST_STEP][PASSED] - data = findTestData("PlanFact"): null

16-05-2025T12:00:50 - [TEST_STEP][PASSED] - n = data.getRowNumbers() + 1: null

16-05-2025T12:00:50 - [TEST_STEP][PASSED] - day = ")).toInteger(): null

16-05-2025T12:00:50 - [TEST_STEP][PASSED] - println(day): null

16-05-2025T12:00:50 - [TEST_STEP][PASSED] - month = ")).toInteger(): null

16-05-2025T12:00:50 - [TEST_STEP][PASSED] - println(month): null

16-05-2025T12:00:50 - [TEST_STEP][PASSED] - y = <not implemented yet for class: org.codehaus.groovy.ast.expr.EmptyExpression>: null

16-05-2025T12:00:50 - [TEST_STEP][PASSED] - iy = <not implemented yet for class: org.codehaus.groovy.ast.expr.EmptyExpression>: null

16-05-2025T12:00:50 - [TEST_STEP][PASSED] - m = getText(findTestObject("Выполнение бизнес-плана/Период")): Text of object 'Object Repository/Выполнение бизнес-плана/Период' is: '1 кв. 2025 года'

16-05-2025T12:00:50 - [MESSAGE][PASSED] - Text of object 'Object Repository/Выполнение бизнес-плана/Период' is: '1 кв. 2025 года'

16-05-2025T12:00:50 - [TEST_STEP][PASSED] - iy = m.indexOf("20"): null

16-05-2025T12:00:50 - [TEST_STEP][PASSED] - if (iy > -1): null

16-05-2025T12:00:50 - [TEST_STEP][PASSED] - y = substring(iy, iy + 4).toInteger(): null

16-05-2025T12:00:50 - [TEST_STEP][PASSED] - println(y): null

16-05-2025T12:00:50 - [TEST_STEP][PASSED] - if (toString().length() == 4): null

16-05-2025T12:00:50 - [TEST_STEP][PASSED] - m = m.substring(0, m.indexOf(y.toString())): null

16-05-2025T12:00:50 - [TEST_STEP][PASSED] - m = m.trim(): null

16-05-2025T12:00:50 - [TEST_STEP][PASSED] - if (m == ""): null

16-05-2025T12:00:50 - [TEST_STEP][PASSED] - dashboardName = "Выполнение бизнес-плана": null

16-05-2025T12:00:50 - [TEST_STEP][PASSED] - workbook01 = getWorkbook(excelFilePath): null

16-05-2025T12:00:50 - [TEST_STEP][PASSED] - sheet01 = getExcelSheet(workbook01, sheetName): null

16-05-2025T12:00:50 - [TEST_STEP][PASSED] - setValueToCellByIndex(sheet01, n, 0, dashboardName): null

16-05-2025T12:00:50 - [TEST_STEP][PASSED] - setValueToCellByIndex(sheet01, n, 1, dZO): null

16-05-2025T12:00:50 - [TEST_STEP][PASSED] - setValueToCellByIndex(sheet01, n, 2, typeOfData): null

16-05-2025T12:00:50 - [TEST_STEP][PASSED] - if (typeOfData == "Факт в процентах" || typeOfData == "План в процентах"): null

16-05-2025T12:00:50 - [TEST_STEP][PASSED] - else: null

16-05-2025T12:00:50 - [TEST_STEP][PASSED] - setValueToCellByIndex(sheet01, n, 3, fileInt): null

16-05-2025T12:00:50 - [TEST_STEP][PASSED] - setValueToCellByIndex(sheet01, n, 4, "нет данных"): null

16-05-2025T12:00:50 - [TEST_STEP][PASSED] - setValueToCellByIndex(sheet01, n, 5, m): null

16-05-2025T12:00:50 - [TEST_STEP][PASSED] - setValueToCellByIndex(sheet01, n, 6, y): null

16-05-2025T12:00:50 - [TEST_STEP][PASSED] - setValueToCellByIndex(sheet01, n, 7, todaysDate): null

16-05-2025T12:00:50 - [TEST_STEP][PASSED] - n = n + 1: null

16-05-2025T12:00:50 - [TEST_STEP][PASSED] - saveWorkbook(excelFilePath, workbook01): null

16-05-2025T12:00:51 - [TEST_STEP][PASSED] - typeOfData = "План Потери": null

16-05-2025T12:00:51 - [TEST_STEP][PASSED] - fileInt = replaceAll("\s+", "").toInteger(): null

16-05-2025T12:00:51 - [TEST_STEP][PASSED] - Script1718980020443.WriteToExcelNoData(a, typeOfData, todaysDate, fileInt, fileDouble, dZO): null

16-05-2025T12:00:51 - [TEST_STEP][PASSED] - sheetName = "Sheet1": null

16-05-2025T12:00:51 - [TEST_STEP][PASSED] - data = findTestData("PlanFact"): null

16-05-2025T12:00:51 - [TEST_STEP][PASSED] - n = data.getRowNumbers() + 1: null

16-05-2025T12:00:51 - [TEST_STEP][PASSED] - day = ")).toInteger(): null

16-05-2025T12:00:51 - [TEST_STEP][PASSED] - println(day): null

16-05-2025T12:00:51 - [TEST_STEP][PASSED] - month = ")).toInteger(): null

16-05-2025T12:00:51 - [TEST_STEP][PASSED] - println(month): null

16-05-2025T12:00:51 - [TEST_STEP][PASSED] - y = <not implemented yet for class: org.codehaus.groovy.ast.expr.EmptyExpression>: null

16-05-2025T12:00:51 - [TEST_STEP][PASSED] - iy = <not implemented yet for class: org.codehaus.groovy.ast.expr.EmptyExpression>: null

16-05-2025T12:00:51 - [TEST_STEP][PASSED] - m = getText(findTestObject("Выполнение бизнес-плана/Период")): Text of object 'Object Repository/Выполнение бизнес-плана/Период' is: '1 кв. 2025 года'

16-05-2025T12:00:51 - [MESSAGE][PASSED] - Text of object 'Object Repository/Выполнение бизнес-плана/Период' is: '1 кв. 2025 года'

16-05-2025T12:00:51 - [TEST_STEP][PASSED] - iy = m.indexOf("20"): null

16-05-2025T12:00:51 - [TEST_STEP][PASSED] - if (iy > -1): null

16-05-2025T12:00:51 - [TEST_STEP][PASSED] - y = substring(iy, iy + 4).toInteger(): null

16-05-2025T12:00:51 - [TEST_STEP][PASSED] - println(y): null

16-05-2025T12:00:51 - [TEST_STEP][PASSED] - if (toString().length() == 4): null

16-05-2025T12:00:51 - [TEST_STEP][PASSED] - m = m.substring(0, m.indexOf(y.toString())): null

16-05-2025T12:00:51 - [TEST_STEP][PASSED] - m = m.trim(): null

16-05-2025T12:00:51 - [TEST_STEP][PASSED] - if (m == ""): null

16-05-2025T12:00:51 - [TEST_STEP][PASSED] - dashboardName = "Выполнение бизнес-плана": null

16-05-2025T12:00:51 - [TEST_STEP][PASSED] - workbook01 = getWorkbook(excelFilePath): null

16-05-2025T12:00:51 - [TEST_STEP][PASSED] - sheet01 = getExcelSheet(workbook01, sheetName): null

16-05-2025T12:00:51 - [TEST_STEP][PASSED] - setValueToCellByIndex(sheet01, n, 0, dashboardName): null

16-05-2025T12:00:51 - [TEST_STEP][PASSED] - setValueToCellByIndex(sheet01, n, 1, dZO): null

16-05-2025T12:00:51 - [TEST_STEP][PASSED] - setValueToCellByIndex(sheet01, n, 2, typeOfData): null

16-05-2025T12:00:51 - [TEST_STEP][PASSED] - if (typeOfData == "Факт в процентах" || typeOfData == "План в процентах"): null

16-05-2025T12:00:51 - [TEST_STEP][PASSED] - else: null

16-05-2025T12:00:51 - [TEST_STEP][PASSED] - setValueToCellByIndex(sheet01, n, 3, fileInt): null

16-05-2025T12:00:51 - [TEST_STEP][PASSED] - setValueToCellByIndex(sheet01, n, 4, "нет данных"): null

16-05-2025T12:00:51 - [TEST_STEP][PASSED] - setValueToCellByIndex(sheet01, n, 5, m): null

16-05-2025T12:00:51 - [TEST_STEP][PASSED] - setValueToCellByIndex(sheet01, n, 6, y): null

16-05-2025T12:00:51 - [TEST_STEP][PASSED] - setValueToCellByIndex(sheet01, n, 7, todaysDate): null

16-05-2025T12:00:51 - [TEST_STEP][PASSED] - n = n + 1: null

16-05-2025T12:00:51 - [TEST_STEP][PASSED] - saveWorkbook(excelFilePath, workbook01): null

16-05-2025T12:00:51 - [TEST_STEP][PASSED] - typeOfData = "План в процентах": null

16-05-2025T12:00:51 - [TEST_STEP][PASSED] - fileDouble = ").toDouble(): null

16-05-2025T12:00:51 - [TEST_STEP][PASSED] - Script1718980020443.WriteToExcelNoData(a, typeOfData, todaysDate, fileInt, fileDouble, dZO): null

16-05-2025T12:00:51 - [TEST_STEP][PASSED] - sheetName = "Sheet1": null

16-05-2025T12:00:51 - [TEST_STEP][PASSED] - data = findTestData("PlanFact"): null

16-05-2025T12:00:51 - [TEST_STEP][PASSED] - n = data.getRowNumbers() + 1: null

16-05-2025T12:00:51 - [TEST_STEP][PASSED] - day = ")).toInteger(): null

16-05-2025T12:00:51 - [TEST_STEP][PASSED] - println(day): null

16-05-2025T12:00:51 - [TEST_STEP][PASSED] - month = ")).toInteger(): null

16-05-2025T12:00:51 - [TEST_STEP][PASSED] - println(month): null

16-05-2025T12:00:51 - [TEST_STEP][PASSED] - y = <not implemented yet for class: org.codehaus.groovy.ast.expr.EmptyExpression>: null

16-05-2025T12:00:51 - [TEST_STEP][PASSED] - iy = <not implemented yet for class: org.codehaus.groovy.ast.expr.EmptyExpression>: null

16-05-2025T12:00:51 - [TEST_STEP][PASSED] - m = getText(findTestObject("Выполнение бизнес-плана/Период")): Text of object 'Object Repository/Выполнение бизнес-плана/Период' is: '1 кв. 2025 года'

16-05-2025T12:00:52 - [MESSAGE][PASSED] - Text of object 'Object Repository/Выполнение бизнес-плана/Период' is: '1 кв. 2025 года'

16-05-2025T12:00:52 - [TEST_STEP][PASSED] - iy = m.indexOf("20"): null

16-05-2025T12:00:52 - [TEST_STEP][PASSED] - if (iy > -1): null

16-05-2025T12:00:52 - [TEST_STEP][PASSED] - y = substring(iy, iy + 4).toInteger(): null

16-05-2025T12:00:52 - [TEST_STEP][PASSED] - println(y): null

16-05-2025T12:00:52 - [TEST_STEP][PASSED] - if (toString().length() == 4): null

16-05-2025T12:00:52 - [TEST_STEP][PASSED] - m = m.substring(0, m.indexOf(y.toString())): null

16-05-2025T12:00:52 - [TEST_STEP][PASSED] - m = m.trim(): null

16-05-2025T12:00:52 - [TEST_STEP][PASSED] - if (m == ""): null

16-05-2025T12:00:52 - [TEST_STEP][PASSED] - dashboardName = "Выполнение бизнес-плана": null

16-05-2025T12:00:52 - [TEST_STEP][PASSED] - workbook01 = getWorkbook(excelFilePath): null

16-05-2025T12:00:52 - [TEST_STEP][PASSED] - sheet01 = getExcelSheet(workbook01, sheetName): null

16-05-2025T12:00:52 - [TEST_STEP][PASSED] - setValueToCellByIndex(sheet01, n, 0, dashboardName): null

16-05-2025T12:00:52 - [TEST_STEP][PASSED] - setValueToCellByIndex(sheet01, n, 1, dZO): null

16-05-2025T12:00:52 - [TEST_STEP][PASSED] - setValueToCellByIndex(sheet01, n, 2, typeOfData): null

16-05-2025T12:00:52 - [TEST_STEP][PASSED] - if (typeOfData == "Факт в процентах" || typeOfData == "План в процентах"): null

16-05-2025T12:00:52 - [TEST_STEP][PASSED] - setValueToCellByIndex(sheet01, n, 3, fileDouble): null

16-05-2025T12:00:52 - [TEST_STEP][PASSED] - setValueToCellByIndex(sheet01, n, 4, "нет данных"): null

16-05-2025T12:00:52 - [TEST_STEP][PASSED] - setValueToCellByIndex(sheet01, n, 5, m): null

16-05-2025T12:00:52 - [TEST_STEP][PASSED] - setValueToCellByIndex(sheet01, n, 6, y): null

16-05-2025T12:00:52 - [TEST_STEP][PASSED] - setValueToCellByIndex(sheet01, n, 7, todaysDate): null

16-05-2025T12:00:52 - [TEST_STEP][PASSED] - n = n + 1: null

16-05-2025T12:00:52 - [TEST_STEP][PASSED] - saveWorkbook(excelFilePath, workbook01): null

16-05-2025T12:00:52 - [TEST_STEP][PASSED] - typeOfData = "Факт в процентах": null

16-05-2025T12:00:52 - [TEST_STEP][PASSED] - fileDouble = ").toDouble(): null

16-05-2025T12:00:52 - [TEST_STEP][PASSED] - Script1718980020443.WriteToExcelNoData(a, typeOfData, todaysDate, fileInt, fileDouble, dZO): null

16-05-2025T12:00:52 - [TEST_STEP][PASSED] - sheetName = "Sheet1": null

16-05-2025T12:00:52 - [TEST_STEP][PASSED] - data = findTestData("PlanFact"): null

16-05-2025T12:00:52 - [TEST_STEP][PASSED] - n = data.getRowNumbers() + 1: null

16-05-2025T12:00:52 - [TEST_STEP][PASSED] - day = ")).toInteger(): null

16-05-2025T12:00:52 - [TEST_STEP][PASSED] - println(day): null

16-05-2025T12:00:52 - [TEST_STEP][PASSED] - month = ")).toInteger(): null

16-05-2025T12:00:52 - [TEST_STEP][PASSED] - println(month): null

16-05-2025T12:00:52 - [TEST_STEP][PASSED] - y = <not implemented yet for class: org.codehaus.groovy.ast.expr.EmptyExpression>: null

16-05-2025T12:00:52 - [TEST_STEP][PASSED] - iy = <not implemented yet for class: org.codehaus.groovy.ast.expr.EmptyExpression>: null

16-05-2025T12:00:52 - [TEST_STEP][PASSED] - m = getText(findTestObject("Выполнение бизнес-плана/Период")): Text of object 'Object Repository/Выполнение бизнес-плана/Период' is: '1 кв. 2025 года'

16-05-2025T12:00:52 - [MESSAGE][PASSED] - Text of object 'Object Repository/Выполнение бизнес-плана/Период' is: '1 кв. 2025 года'

16-05-2025T12:00:52 - [TEST_STEP][PASSED] - iy = m.indexOf("20"): null

16-05-2025T12:00:52 - [TEST_STEP][PASSED] - if (iy > -1): null

16-05-2025T12:00:52 - [TEST_STEP][PASSED] - y = substring(iy, iy + 4).toInteger(): null

16-05-2025T12:00:52 - [TEST_STEP][PASSED] - println(y): null

16-05-2025T12:00:52 - [TEST_STEP][PASSED] - if (toString().length() == 4): null

16-05-2025T12:00:52 - [TEST_STEP][PASSED] - m = m.substring(0, m.indexOf(y.toString())): null

16-05-2025T12:00:52 - [TEST_STEP][PASSED] - m = m.trim(): null

16-05-2025T12:00:52 - [TEST_STEP][PASSED] - if (m == ""): null

16-05-2025T12:00:52 - [TEST_STEP][PASSED] - dashboardName = "Выполнение бизнес-плана": null

16-05-2025T12:00:52 - [TEST_STEP][PASSED] - workbook01 = getWorkbook(excelFilePath): null

16-05-2025T12:00:52 - [TEST_STEP][PASSED] - sheet01 = getExcelSheet(workbook01, sheetName): null

16-05-2025T12:00:52 - [TEST_STEP][PASSED] - setValueToCellByIndex(sheet01, n, 0, dashboardName): null

16-05-2025T12:00:52 - [TEST_STEP][PASSED] - setValueToCellByIndex(sheet01, n, 1, dZO): null

16-05-2025T12:00:52 - [TEST_STEP][PASSED] - setValueToCellByIndex(sheet01, n, 2, typeOfData): null

16-05-2025T12:00:52 - [TEST_STEP][PASSED] - if (typeOfData == "Факт в процентах" || typeOfData == "План в процентах"): null

16-05-2025T12:00:52 - [TEST_STEP][PASSED] - setValueToCellByIndex(sheet01, n, 3, fileDouble): null

16-05-2025T12:00:52 - [TEST_STEP][PASSED] - setValueToCellByIndex(sheet01, n, 4, "нет данных"): null

16-05-2025T12:00:52 - [TEST_STEP][PASSED] - setValueToCellByIndex(sheet01, n, 5, m): null

16-05-2025T12:00:52 - [TEST_STEP][PASSED] - setValueToCellByIndex(sheet01, n, 6, y): null

16-05-2025T12:00:52 - [TEST_STEP][PASSED] - setValueToCellByIndex(sheet01, n, 7, todaysDate): null

16-05-2025T12:00:52 - [TEST_STEP][PASSED] - n = n + 1: null

16-05-2025T12:00:52 - [TEST_STEP][PASSED] - saveWorkbook(excelFilePath, workbook01): null

16-05-2025T12:00:53 - [TEST_STEP][PASSED] - println(dzoNum): null

16-05-2025T12:00:53 - [TEST_STEP][PASSED] - dZO = "Россети Северо-Запад": null

16-05-2025T12:00:53 - [TEST_STEP][PASSED] - a = 36: null

16-05-2025T12:00:53 - [TEST_STEP][PASSED] - if (x1.contains("Северо-Запад")): null

16-05-2025T12:00:53 - [TEST_STEP][PASSED] - dzoNum = dzoNum + 1: null

16-05-2025T12:00:53 - [TEST_STEP][PASSED] - Script1718980020443.Numbers(a, typeOfData, todaysDate, pageInt, fileInt, pageDouble, fileDouble, dZO, dzoNum, filialNum): null

16-05-2025T12:00:53 - [TEST_STEP][PASSED] - println(dzoNum): null

16-05-2025T12:00:53 - [TEST_STEP][PASSED] - planFact = <not implemented yet for class: org.codehaus.groovy.ast.expr.EmptyExpression>: null

16-05-2025T12:00:53 - [TEST_STEP][PASSED] - page = <not implemented yet for class: org.codehaus.groovy.ast.expr.EmptyExpression>: null

16-05-2025T12:00:53 - [TEST_STEP][PASSED] - page1 = <not implemented yet for class: org.codehaus.groovy.ast.expr.EmptyExpression>: null

16-05-2025T12:00:53 - [TEST_STEP][PASSED] - page2 = <not implemented yet for class: org.codehaus.groovy.ast.expr.EmptyExpression>: null

16-05-2025T12:00:53 - [TEST_STEP][PASSED] - filialNumberInRow = <not implemented yet for class: org.codehaus.groovy.ast.expr.EmptyExpression>: null

16-05-2025T12:00:53 - [TEST_STEP][PASSED] - filialsDzoNames = <not implemented yet for class: org.codehaus.groovy.ast.expr.EmptyExpression>: null

16-05-2025T12:00:53 - [TEST_STEP][PASSED] - numberOfFilials = <not implemented yet for class: org.codehaus.groovy.ast.expr.EmptyExpression>: null

16-05-2025T12:00:53 - [TEST_STEP][PASSED] - numberOfSpaces = <not implemented yet for class: org.codehaus.groovy.ast.expr.EmptyExpression>: null

16-05-2025T12:00:53 - [TEST_STEP][PASSED] - file = <not implemented yet for class: org.codehaus.groovy.ast.expr.EmptyExpression>: null

16-05-2025T12:00:53 - [TEST_STEP][PASSED] - otpusk = <not implemented yet for class: org.codehaus.groovy.ast.expr.EmptyExpression>: null

16-05-2025T12:00:53 - [TEST_STEP][PASSED] - poteri = <not implemented yet for class: org.codehaus.groovy.ast.expr.EmptyExpression>: null

16-05-2025T12:00:53 - [TEST_STEP][PASSED] - dataFolder = "Выполнение бизнес-плана/Значения со страницы Выполнение бизнес-плана/": null

16-05-2025T12:00:53 - [TEST_STEP][PASSED] - path = <not implemented yet for class: org.codehaus.groovy.ast.expr.EmptyExpression>: null

16-05-2025T12:00:53 - [TEST_STEP][PASSED] - typeOfDataMain = <not implemented yet for class: org.codehaus.groovy.ast.expr.EmptyExpression>: null

16-05-2025T12:00:53 - [TEST_STEP][PASSED] - fileOtpuskVSet = <not implemented yet for class: org.codehaus.groovy.ast.expr.EmptyExpression>: null

16-05-2025T12:00:53 - [TEST_STEP][PASSED] - pageOtpuskVSet = <not implemented yet for class: org.codehaus.groovy.ast.expr.EmptyExpression>: null

16-05-2025T12:00:53 - [TEST_STEP][PASSED] - filePoteri = <not implemented yet for class: org.codehaus.groovy.ast.expr.EmptyExpression>: null

16-05-2025T12:00:53 - [TEST_STEP][PASSED] - pagePoteri = <not implemented yet for class: org.codehaus.groovy.ast.expr.EmptyExpression>: null

16-05-2025T12:00:53 - [TEST_STEP][PASSED] - compare = <not implemented yet for class: org.codehaus.groovy.ast.expr.EmptyExpression>: null

16-05-2025T12:00:53 - [TEST_STEP][PASSED] - b = <not implemented yet for class: org.codehaus.groovy.ast.expr.EmptyExpression>: null

16-05-2025T12:00:53 - [TEST_STEP][PASSED] - i = <not implemented yet for class: org.codehaus.groovy.ast.expr.EmptyExpression>: null

16-05-2025T12:00:53 - [TEST_STEP][PASSED] - ii = <not implemented yet for class: org.codehaus.groovy.ast.expr.EmptyExpression>: null

16-05-2025T12:00:53 - [TEST_STEP][PASSED] - c = <not implemented yet for class: org.codehaus.groovy.ast.expr.EmptyExpression>: null

16-05-2025T12:00:53 - [TEST_STEP][PASSED] - numberOfErrors = 0: null

16-05-2025T12:00:53 - [TEST_STEP][PASSED] - if (a == 82): null

16-05-2025T12:00:53 - [TEST_STEP][PASSED] - b = findTestData("PlanFact").getValue(1, a): null

16-05-2025T12:00:53 - [TEST_STEP][PASSED] - i = b.indexOf(" (ГК)"): null

16-05-2025T12:00:53 - [TEST_STEP][PASSED] - if (i > -1): null

16-05-2025T12:00:53 - [TEST_STEP][PASSED] - i = b.indexOf("О ""): null

16-05-2025T12:00:53 - [TEST_STEP][PASSED] - if (i > -1): null

16-05-2025T12:00:53 - [TEST_STEP][PASSED] - i = b.indexOf("О «"): null

16-05-2025T12:00:53 - [TEST_STEP][PASSED] - if (i > -1): null

16-05-2025T12:00:53 - [TEST_STEP][PASSED] - i = b.indexOf("г. "): null

16-05-2025T12:00:53 - [TEST_STEP][PASSED] - if (i > -1): null

16-05-2025T12:00:53 - [TEST_STEP][PASSED] - b = b.trim(): null

16-05-2025T12:00:53 - [TEST_STEP][PASSED] - println(b): null

16-05-2025T12:00:53 - [TEST_STEP][PASSED] - for ([planFact = 1, planFact < 3, (planFact++)]): null

16-05-2025T12:00:53 - [TEST_STEP][PASSED] - if (planFact == 1): null

16-05-2025T12:00:53 - [TEST_STEP][PASSED] - typeOfDataMain = "Факт": null

16-05-2025T12:00:53 - [TEST_STEP][PASSED] - otpusk = findTestData("PlanFact").getValue(5, a): null

16-05-2025T12:00:53 - [TEST_STEP][PASSED] - poteri = findTestData("PlanFact").getValue(6, a): null

16-05-2025T12:00:53 - [TEST_STEP][PASSED] - otpusk = otpusk.replaceAll("\s+", ""): null

16-05-2025T12:00:53 - [TEST_STEP][PASSED] - poteri = poteri.replaceAll("\s+", ""): null

16-05-2025T12:00:53 - [TEST_STEP][PASSED] - typeOfData = typeOfDataMain + " Отпуск в сеть": null

16-05-2025T12:00:53 - [TEST_STEP][PASSED] - if (a == 82): null

16-05-2025T12:00:53 - [TEST_STEP][PASSED] - else if (a == 84): null

16-05-2025T12:00:53 - [TEST_STEP][PASSED] - else if (a == 83 || a == 52 || a == 72 || a == 28 || a == 73 || a == 77 || a == 74 || a == 65 || a == 36 || a == 44 || a == 53 || a == 80 || a == 54 || a == 1 || a == 18 || a == 59 || a == 81): null

16-05-2025T12:00:53 - [TEST_STEP][PASSED] - path = dataFolder + "Table Data/" + typeOfData + " за отчётный период " + dzoNum: null

16-05-2025T12:00:53 - [TEST_STEP][PASSED] - println(path): null

16-05-2025T12:00:53 - [TEST_STEP][PASSED] - page = getText(findTestObject(path)): Text of object 'Object Repository/Выполнение бизнес-плана/Значения со страницы Выполнение бизнес-плана/Table Data/Факт Отпуск в сеть за отчётный период 4' is: '6 258 254'

16-05-2025T12:00:53 - [MESSAGE][PASSED] - Text of object 'Object Repository/Выполнение бизнес-плана/Значения со страницы Выполнение бизнес-плана/Table Data/Факт Отпуск в сеть за отчётный период 4' is: '6 258 254'

16-05-2025T12:00:53 - [TEST_STEP][PASSED] - if (page == "" || page == null): null

16-05-2025T12:00:53 - [TEST_STEP][PASSED] - else: null

16-05-2025T12:00:53 - [TEST_STEP][PASSED] - page = page.replaceAll("\s+", ""): null

16-05-2025T12:00:53 - [TEST_STEP][PASSED] - if (page == "undefined"): null

16-05-2025T12:00:53 - [TEST_STEP][PASSED] - fileOtpuskVSet = otpusk.toInteger(): null

16-05-2025T12:00:53 - [TEST_STEP][PASSED] - pageOtpuskVSet = page.toInteger(): null

16-05-2025T12:00:53 - [TEST_STEP][PASSED] - typeOfData = typeOfDataMain + " Потери": null

16-05-2025T12:00:53 - [TEST_STEP][PASSED] - if (a == 82): null

16-05-2025T12:00:53 - [TEST_STEP][PASSED] - else if (a == 84): null

16-05-2025T12:00:53 - [TEST_STEP][PASSED] - else if (a == 83 || a == 52 || a == 72 || a == 28 || a == 73 || a == 77 || a == 74 || a == 65 || a == 36 || a == 44 || a == 53 || a == 80 || a == 54 || a == 1 || a == 18 || a == 59 || a == 81): null

16-05-2025T12:00:53 - [TEST_STEP][PASSED] - path = dataFolder + "Table Data/" + typeOfData + " за отчётный период " + dzoNum: null

16-05-2025T12:00:53 - [TEST_STEP][PASSED] - page = getText(findTestObject(path)): Text of object 'Object Repository/Выполнение бизнес-плана/Значения со страницы Выполнение бизнес-плана/Table Data/Факт Потери за отчётный период 4' is: '326 542'

16-05-2025T12:00:53 - [MESSAGE][PASSED] - Text of object 'Object Repository/Выполнение бизнес-плана/Значения со страницы Выполнение бизнес-плана/Table Data/Факт Потери за отчётный период 4' is: '326 542'

16-05-2025T12:00:53 - [TEST_STEP][PASSED] - if (page == "" || page == null): null

16-05-2025T12:00:53 - [TEST_STEP][PASSED] - else: null

16-05-2025T12:00:53 - [TEST_STEP][PASSED] - page = page.replaceAll("\s+", ""): null

16-05-2025T12:00:53 - [TEST_STEP][PASSED] - if (page == "undefined"): null

16-05-2025T12:00:53 - [TEST_STEP][PASSED] - filePoteri = poteri.toInteger(): null

16-05-2025T12:00:53 - [TEST_STEP][PASSED] - pagePoteri = page.toInteger(): null

16-05-2025T12:00:53 - [TEST_STEP][PASSED] - compare = pageOtpuskVSet: null

16-05-2025T12:00:53 - [TEST_STEP][PASSED] - if (pageOtpuskVSet != null): null

16-05-2025T12:00:53 - [TEST_STEP][PASSED] - if (compare == fileOtpuskVSet): null

16-05-2025T12:00:53 - [TEST_STEP][PASSED] - else if (compare > fileOtpuskVSet): null

16-05-2025T12:00:53 - [TEST_STEP][PASSED] - else if (compare < fileOtpuskVSet): null

16-05-2025T12:00:53 - [TEST_STEP][PASSED] - compare = compare + 1: null

16-05-2025T12:00:53 - [TEST_STEP][PASSED] - if (compare == fileOtpuskVSet): null

16-05-2025T12:00:53 - [TEST_STEP][PASSED] - else: null

16-05-2025T12:00:53 - [TEST_STEP][PASSED] - numberOfErrors = numberOfErrors + 1: null

16-05-2025T12:00:53 - [TEST_STEP][PASSED] - pageInt = pageOtpuskVSet: null

16-05-2025T12:00:53 - [TEST_STEP][PASSED] - fileInt = fileOtpuskVSet: null

16-05-2025T12:00:53 - [TEST_STEP][PASSED] - typeOfData = typeOfDataMain + " Отпуск в сеть": null

16-05-2025T12:00:53 - [TEST_STEP][PASSED] - Script1718980020443.WriteToExcel(a, typeOfData, todaysDate, pageInt, fileInt, pageDouble, fileDouble, dZO): null

16-05-2025T12:00:53 - [TEST_STEP][PASSED] - sheetName = "Sheet1": null

16-05-2025T12:00:53 - [TEST_STEP][PASSED] - data = findTestData("PlanFact"): null

16-05-2025T12:00:54 - [TEST_STEP][PASSED] - n = data.getRowNumbers() + 1: null

16-05-2025T12:00:54 - [TEST_STEP][PASSED] - day = ")).toInteger(): null

16-05-2025T12:00:54 - [TEST_STEP][PASSED] - println(day): null

16-05-2025T12:00:54 - [TEST_STEP][PASSED] - month = ")).toInteger(): null

16-05-2025T12:00:54 - [TEST_STEP][PASSED] - println(month): null

16-05-2025T12:00:54 - [TEST_STEP][PASSED] - y = <not implemented yet for class: org.codehaus.groovy.ast.expr.EmptyExpression>: null

16-05-2025T12:00:54 - [TEST_STEP][PASSED] - iy = <not implemented yet for class: org.codehaus.groovy.ast.expr.EmptyExpression>: null

16-05-2025T12:00:54 - [TEST_STEP][PASSED] - m = getText(findTestObject("Выполнение бизнес-плана/Период")): Text of object 'Object Repository/Выполнение бизнес-плана/Период' is: '1 кв. 2025 года'

16-05-2025T12:00:54 - [MESSAGE][PASSED] - Text of object 'Object Repository/Выполнение бизнес-плана/Период' is: '1 кв. 2025 года'

16-05-2025T12:00:54 - [TEST_STEP][PASSED] - iy = m.indexOf("20"): null

16-05-2025T12:00:54 - [TEST_STEP][PASSED] - if (iy > -1): null

16-05-2025T12:00:54 - [TEST_STEP][PASSED] - y = substring(iy, iy + 4).toInteger(): null

16-05-2025T12:00:54 - [TEST_STEP][PASSED] - println(y): null

16-05-2025T12:00:54 - [TEST_STEP][PASSED] - if (toString().length() == 4): null

16-05-2025T12:00:54 - [TEST_STEP][PASSED] - m = m.substring(0, m.indexOf(y.toString())): null

16-05-2025T12:00:54 - [TEST_STEP][PASSED] - m = m.trim(): null

16-05-2025T12:00:54 - [TEST_STEP][PASSED] - if (m == ""): null

16-05-2025T12:00:54 - [TEST_STEP][PASSED] - dashboardName = "Выполнение бизнес-плана": null

16-05-2025T12:00:54 - [TEST_STEP][PASSED] - workbook01 = getWorkbook(excelFilePath): null

16-05-2025T12:00:54 - [TEST_STEP][PASSED] - sheet01 = getExcelSheet(workbook01, sheetName): null

16-05-2025T12:00:54 - [TEST_STEP][PASSED] - setValueToCellByIndex(sheet01, n, 0, dashboardName): null

16-05-2025T12:00:54 - [TEST_STEP][PASSED] - setValueToCellByIndex(sheet01, n, 1, dZO): null

16-05-2025T12:00:54 - [TEST_STEP][PASSED] - setValueToCellByIndex(sheet01, n, 2, typeOfData): null

16-05-2025T12:00:54 - [TEST_STEP][PASSED] - if (typeOfData == "Факт в процентах" || typeOfData == "План в процентах"): null

16-05-2025T12:00:54 - [TEST_STEP][PASSED] - else: null

16-05-2025T12:00:54 - [TEST_STEP][PASSED] - setValueToCellByIndex(sheet01, n, 3, fileInt): null

16-05-2025T12:00:54 - [TEST_STEP][PASSED] - setValueToCellByIndex(sheet01, n, 4, pageInt): null

16-05-2025T12:00:54 - [TEST_STEP][PASSED] - setValueToCellByIndex(sheet01, n, 5, m): null

16-05-2025T12:00:54 - [TEST_STEP][PASSED] - setValueToCellByIndex(sheet01, n, 6, y): null

16-05-2025T12:00:54 - [TEST_STEP][PASSED] - setValueToCellByIndex(sheet01, n, 7, todaysDate): null

16-05-2025T12:00:54 - [TEST_STEP][PASSED] - n = n + 1: null

16-05-2025T12:00:54 - [TEST_STEP][PASSED] - saveWorkbook(excelFilePath, workbook01): null

16-05-2025T12:00:54 - [TEST_STEP][PASSED] - compare = pagePoteri: null

16-05-2025T12:00:54 - [TEST_STEP][PASSED] - if (pageOtpuskVSet != null): null

16-05-2025T12:00:54 - [TEST_STEP][PASSED] - if (compare == filePoteri): null

16-05-2025T12:00:54 - [TEST_STEP][PASSED] - else if (compare > filePoteri): null

16-05-2025T12:00:54 - [TEST_STEP][PASSED] - else if (compare < filePoteri): null

16-05-2025T12:00:54 - [TEST_STEP][PASSED] - compare = compare + 1: null

16-05-2025T12:00:54 - [TEST_STEP][PASSED] - if (compare == filePoteri): null

16-05-2025T12:00:54 - [TEST_STEP][PASSED] - else: null

16-05-2025T12:00:54 - [TEST_STEP][PASSED] - numberOfErrors = numberOfErrors + 1: null

16-05-2025T12:00:54 - [TEST_STEP][PASSED] - pageInt = pagePoteri: null

16-05-2025T12:00:54 - [TEST_STEP][PASSED] - fileInt = filePoteri: null

16-05-2025T12:00:54 - [TEST_STEP][PASSED] - typeOfData = typeOfDataMain + " Потери": null

16-05-2025T12:00:54 - [TEST_STEP][PASSED] - Script1718980020443.WriteToExcel(a, typeOfData, todaysDate, pageInt, fileInt, pageDouble, fileDouble, dZO): null

16-05-2025T12:00:54 - [TEST_STEP][PASSED] - sheetName = "Sheet1": null

16-05-2025T12:00:54 - [TEST_STEP][PASSED] - data = findTestData("PlanFact"): null

16-05-2025T12:00:54 - [TEST_STEP][PASSED] - n = data.getRowNumbers() + 1: null

16-05-2025T12:00:54 - [TEST_STEP][PASSED] - day = ")).toInteger(): null

16-05-2025T12:00:54 - [TEST_STEP][PASSED] - println(day): null

16-05-2025T12:00:54 - [TEST_STEP][PASSED] - month = ")).toInteger(): null

16-05-2025T12:00:54 - [TEST_STEP][PASSED] - println(month): null

16-05-2025T12:00:54 - [TEST_STEP][PASSED] - y = <not implemented yet for class: org.codehaus.groovy.ast.expr.EmptyExpression>: null

16-05-2025T12:00:54 - [TEST_STEP][PASSED] - iy = <not implemented yet for class: org.codehaus.groovy.ast.expr.EmptyExpression>: null

16-05-2025T12:00:54 - [TEST_STEP][PASSED] - m = getText(findTestObject("Выполнение бизнес-плана/Период")): Text of object 'Object Repository/Выполнение бизнес-плана/Период' is: '1 кв. 2025 года'

16-05-2025T12:00:54 - [MESSAGE][PASSED] - Text of object 'Object Repository/Выполнение бизнес-плана/Период' is: '1 кв. 2025 года'

16-05-2025T12:00:54 - [TEST_STEP][PASSED] - iy = m.indexOf("20"): null

16-05-2025T12:00:54 - [TEST_STEP][PASSED] - if (iy > -1): null

16-05-2025T12:00:54 - [TEST_STEP][PASSED] - y = substring(iy, iy + 4).toInteger(): null

16-05-2025T12:00:54 - [TEST_STEP][PASSED] - println(y): null

16-05-2025T12:00:54 - [TEST_STEP][PASSED] - if (toString().length() == 4): null

16-05-2025T12:00:54 - [TEST_STEP][PASSED] - m = m.substring(0, m.indexOf(y.toString())): null

16-05-2025T12:00:54 - [TEST_STEP][PASSED] - m = m.trim(): null

16-05-2025T12:00:54 - [TEST_STEP][PASSED] - if (m == ""): null

16-05-2025T12:00:54 - [TEST_STEP][PASSED] - dashboardName = "Выполнение бизнес-плана": null

16-05-2025T12:00:54 - [TEST_STEP][PASSED] - workbook01 = getWorkbook(excelFilePath): null

16-05-2025T12:00:55 - [TEST_STEP][PASSED] - sheet01 = getExcelSheet(workbook01, sheetName): null

16-05-2025T12:00:55 - [TEST_STEP][PASSED] - setValueToCellByIndex(sheet01, n, 0, dashboardName): null

16-05-2025T12:00:55 - [TEST_STEP][PASSED] - setValueToCellByIndex(sheet01, n, 1, dZO): null

16-05-2025T12:00:55 - [TEST_STEP][PASSED] - setValueToCellByIndex(sheet01, n, 2, typeOfData): null

16-05-2025T12:00:55 - [TEST_STEP][PASSED] - if (typeOfData == "Факт в процентах" || typeOfData == "План в процентах"): null

16-05-2025T12:00:55 - [TEST_STEP][PASSED] - else: null

16-05-2025T12:00:55 - [TEST_STEP][PASSED] - setValueToCellByIndex(sheet01, n, 3, fileInt): null

16-05-2025T12:00:55 - [TEST_STEP][PASSED] - setValueToCellByIndex(sheet01, n, 4, pageInt): null

16-05-2025T12:00:55 - [TEST_STEP][PASSED] - setValueToCellByIndex(sheet01, n, 5, m): null

16-05-2025T12:00:55 - [TEST_STEP][PASSED] - setValueToCellByIndex(sheet01, n, 6, y): null

16-05-2025T12:00:55 - [TEST_STEP][PASSED] - setValueToCellByIndex(sheet01, n, 7, todaysDate): null

16-05-2025T12:00:55 - [TEST_STEP][PASSED] - n = n + 1: null

16-05-2025T12:00:55 - [TEST_STEP][PASSED] - saveWorkbook(excelFilePath, workbook01): null

16-05-2025T12:00:55 - [TEST_STEP][PASSED] - if (planFact == 2): null

16-05-2025T12:00:55 - [TEST_STEP][PASSED] - if (planFact == 1): null

16-05-2025T12:00:55 - [TEST_STEP][PASSED] - else if (planFact == 2): null

16-05-2025T12:00:55 - [TEST_STEP][PASSED] - click(findTestObject("Выполнение бизнес-плана/Кнопка План")): Object: 'Object Repository/Выполнение бизнес-плана/Кнопка План' is clicked on

16-05-2025T12:00:55 - [MESSAGE][PASSED] - Object: 'Object Repository/Выполнение бизнес-плана/Кнопка План' is clicked on

16-05-2025T12:00:55 - [TEST_STEP][PASSED] - typeOfDataMain = "План": null

16-05-2025T12:00:55 - [TEST_STEP][PASSED] - otpusk = findTestData("PlanFact").getValue(2, a): null

16-05-2025T12:00:55 - [TEST_STEP][PASSED] - poteri = findTestData("PlanFact").getValue(3, a): null

16-05-2025T12:00:55 - [TEST_STEP][PASSED] - otpusk = otpusk.replaceAll("\s+", ""): null

16-05-2025T12:00:55 - [TEST_STEP][PASSED] - poteri = poteri.replaceAll("\s+", ""): null

16-05-2025T12:00:55 - [TEST_STEP][PASSED] - typeOfData = typeOfDataMain + " Отпуск в сеть": null

16-05-2025T12:00:55 - [TEST_STEP][PASSED] - if (a == 82): null

16-05-2025T12:00:55 - [TEST_STEP][PASSED] - else if (a == 84): null

16-05-2025T12:00:55 - [TEST_STEP][PASSED] - else if (a == 83 || a == 52 || a == 72 || a == 28 || a == 73 || a == 77 || a == 74 || a == 65 || a == 36 || a == 44 || a == 53 || a == 80 || a == 54 || a == 1 || a == 18 || a == 59 || a == 81): null

16-05-2025T12:00:55 - [TEST_STEP][PASSED] - path = dataFolder + "Table Data/" + typeOfData + " за отчётный период " + dzoNum: null

16-05-2025T12:00:55 - [TEST_STEP][PASSED] - println(path): null

16-05-2025T12:00:55 - [TEST_STEP][PASSED] - page = getText(findTestObject(path)): Text of object 'Object Repository/Выполнение бизнес-плана/Значения со страницы Выполнение бизнес-плана/Table Data/План Отпуск в сеть за отчётный период 4' is: '6 540 566'

16-05-2025T12:00:55 - [MESSAGE][PASSED] - Text of object 'Object Repository/Выполнение бизнес-плана/Значения со страницы Выполнение бизнес-плана/Table Data/План Отпуск в сеть за отчётный период 4' is: '6 540 566'

16-05-2025T12:00:55 - [TEST_STEP][PASSED] - if (page == "" || page == null): null

16-05-2025T12:00:55 - [TEST_STEP][PASSED] - else: null

16-05-2025T12:00:55 - [TEST_STEP][PASSED] - page = page.replaceAll("\s+", ""): null

16-05-2025T12:00:55 - [TEST_STEP][PASSED] - if (page == "undefined"): null

16-05-2025T12:00:55 - [TEST_STEP][PASSED] - fileOtpuskVSet = otpusk.toInteger(): null

16-05-2025T12:00:55 - [TEST_STEP][PASSED] - pageOtpuskVSet = page.toInteger(): null

16-05-2025T12:00:55 - [TEST_STEP][PASSED] - typeOfData = typeOfDataMain + " Потери": null

16-05-2025T12:00:55 - [TEST_STEP][PASSED] - if (a == 82): null

16-05-2025T12:00:55 - [TEST_STEP][PASSED] - else if (a == 84): null

16-05-2025T12:00:55 - [TEST_STEP][PASSED] - else if (a == 83 || a == 52 || a == 72 || a == 28 || a == 73 || a == 77 || a == 74 || a == 65 || a == 36 || a == 44 || a == 53 || a == 80 || a == 54 || a == 1 || a == 18 || a == 59 || a == 81): null

16-05-2025T12:00:55 - [TEST_STEP][PASSED] - path = dataFolder + "Table Data/" + typeOfData + " за отчётный период " + dzoNum: null

16-05-2025T12:00:55 - [TEST_STEP][PASSED] - page = getText(findTestObject(path)): Text of object 'Object Repository/Выполнение бизнес-плана/Значения со страницы Выполнение бизнес-плана/Table Data/План Потери за отчётный период 4' is: '439 991'

16-05-2025T12:00:56 - [MESSAGE][PASSED] - Text of object 'Object Repository/Выполнение бизнес-плана/Значения со страницы Выполнение бизнес-плана/Table Data/План Потери за отчётный период 4' is: '439 991'

16-05-2025T12:00:56 - [TEST_STEP][PASSED] - if (page == "" || page == null): null

16-05-2025T12:00:56 - [TEST_STEP][PASSED] - else: null

16-05-2025T12:00:56 - [TEST_STEP][PASSED] - page = page.replaceAll("\s+", ""): null

16-05-2025T12:00:56 - [TEST_STEP][PASSED] - if (page == "undefined"): null

16-05-2025T12:00:56 - [TEST_STEP][PASSED] - filePoteri = poteri.toInteger(): null

16-05-2025T12:00:56 - [TEST_STEP][PASSED] - pagePoteri = page.toInteger(): null

16-05-2025T12:00:56 - [TEST_STEP][PASSED] - compare = pageOtpuskVSet: null

16-05-2025T12:00:56 - [TEST_STEP][PASSED] - if (pageOtpuskVSet != null): null

16-05-2025T12:00:56 - [TEST_STEP][PASSED] - if (compare == fileOtpuskVSet): null

16-05-2025T12:00:56 - [TEST_STEP][PASSED] - else if (compare > fileOtpuskVSet): null

16-05-2025T12:00:56 - [TEST_STEP][PASSED] - else if (compare < fileOtpuskVSet): null

16-05-2025T12:00:56 - [TEST_STEP][PASSED] - compare = compare + 1: null

16-05-2025T12:00:56 - [TEST_STEP][PASSED] - if (compare == fileOtpuskVSet): null

16-05-2025T12:00:56 - [TEST_STEP][PASSED] - else: null

16-05-2025T12:00:56 - [TEST_STEP][PASSED] - numberOfErrors = numberOfErrors + 1: null

16-05-2025T12:00:56 - [TEST_STEP][PASSED] - pageInt = pageOtpuskVSet: null

16-05-2025T12:00:56 - [TEST_STEP][PASSED] - fileInt = fileOtpuskVSet: null

16-05-2025T12:00:56 - [TEST_STEP][PASSED] - typeOfData = typeOfDataMain + " Отпуск в сеть": null

16-05-2025T12:00:56 - [TEST_STEP][PASSED] - Script1718980020443.WriteToExcel(a, typeOfData, todaysDate, pageInt, fileInt, pageDouble, fileDouble, dZO): null

16-05-2025T12:00:56 - [TEST_STEP][PASSED] - sheetName = "Sheet1": null

16-05-2025T12:00:56 - [TEST_STEP][PASSED] - data = findTestData("PlanFact"): null

16-05-2025T12:00:56 - [TEST_STEP][PASSED] - n = data.getRowNumbers() + 1: null

16-05-2025T12:00:56 - [TEST_STEP][PASSED] - day = ")).toInteger(): null

16-05-2025T12:00:56 - [TEST_STEP][PASSED] - println(day): null

16-05-2025T12:00:56 - [TEST_STEP][PASSED] - month = ")).toInteger(): null

16-05-2025T12:00:56 - [TEST_STEP][PASSED] - println(month): null

16-05-2025T12:00:56 - [TEST_STEP][PASSED] - y = <not implemented yet for class: org.codehaus.groovy.ast.expr.EmptyExpression>: null

16-05-2025T12:00:56 - [TEST_STEP][PASSED] - iy = <not implemented yet for class: org.codehaus.groovy.ast.expr.EmptyExpression>: null

16-05-2025T12:00:56 - [TEST_STEP][PASSED] - m = getText(findTestObject("Выполнение бизнес-плана/Период")): Text of object 'Object Repository/Выполнение бизнес-плана/Период' is: '1 кв. 2025 года'

16-05-2025T12:00:56 - [MESSAGE][PASSED] - Text of object 'Object Repository/Выполнение бизнес-плана/Период' is: '1 кв. 2025 года'

16-05-2025T12:00:56 - [TEST_STEP][PASSED] - iy = m.indexOf("20"): null

16-05-2025T12:00:56 - [TEST_STEP][PASSED] - if (iy > -1): null

16-05-2025T12:00:56 - [TEST_STEP][PASSED] - y = substring(iy, iy + 4).toInteger(): null

16-05-2025T12:00:56 - [TEST_STEP][PASSED] - println(y): null

16-05-2025T12:00:56 - [TEST_STEP][PASSED] - if (toString().length() == 4): null

16-05-2025T12:00:56 - [TEST_STEP][PASSED] - m = m.substring(0, m.indexOf(y.toString())): null

16-05-2025T12:00:56 - [TEST_STEP][PASSED] - m = m.trim(): null

16-05-2025T12:00:56 - [TEST_STEP][PASSED] - if (m == ""): null

16-05-2025T12:00:56 - [TEST_STEP][PASSED] - dashboardName = "Выполнение бизнес-плана": null

16-05-2025T12:00:56 - [TEST_STEP][PASSED] - workbook01 = getWorkbook(excelFilePath): null

16-05-2025T12:00:56 - [TEST_STEP][PASSED] - sheet01 = getExcelSheet(workbook01, sheetName): null

16-05-2025T12:00:56 - [TEST_STEP][PASSED] - setValueToCellByIndex(sheet01, n, 0, dashboardName): null

16-05-2025T12:00:56 - [TEST_STEP][PASSED] - setValueToCellByIndex(sheet01, n, 1, dZO): null

16-05-2025T12:00:56 - [TEST_STEP][PASSED] - setValueToCellByIndex(sheet01, n, 2, typeOfData): null

16-05-2025T12:00:56 - [TEST_STEP][PASSED] - if (typeOfData == "Факт в процентах" || typeOfData == "План в процентах"): null

16-05-2025T12:00:56 - [TEST_STEP][PASSED] - else: null

16-05-2025T12:00:56 - [TEST_STEP][PASSED] - setValueToCellByIndex(sheet01, n, 3, fileInt): null

16-05-2025T12:00:56 - [TEST_STEP][PASSED] - setValueToCellByIndex(sheet01, n, 4, pageInt): null

16-05-2025T12:00:56 - [TEST_STEP][PASSED] - setValueToCellByIndex(sheet01, n, 5, m): null

16-05-2025T12:00:56 - [TEST_STEP][PASSED] - setValueToCellByIndex(sheet01, n, 6, y): null

16-05-2025T12:00:56 - [TEST_STEP][PASSED] - setValueToCellByIndex(sheet01, n, 7, todaysDate): null

16-05-2025T12:00:56 - [TEST_STEP][PASSED] - n = n + 1: null

16-05-2025T12:00:56 - [TEST_STEP][PASSED] - saveWorkbook(excelFilePath, workbook01): null

16-05-2025T12:00:57 - [TEST_STEP][PASSED] - compare = pagePoteri: null

16-05-2025T12:00:57 - [TEST_STEP][PASSED] - if (pageOtpuskVSet != null): null

16-05-2025T12:00:57 - [TEST_STEP][PASSED] - if (compare == filePoteri): null

16-05-2025T12:00:57 - [TEST_STEP][PASSED] - else if (compare > filePoteri): null

16-05-2025T12:00:57 - [TEST_STEP][PASSED] - else if (compare < filePoteri): null

16-05-2025T12:00:57 - [TEST_STEP][PASSED] - compare = compare + 1: null

16-05-2025T12:00:57 - [TEST_STEP][PASSED] - if (compare == filePoteri): null

16-05-2025T12:00:57 - [TEST_STEP][PASSED] - else: null

16-05-2025T12:00:57 - [TEST_STEP][PASSED] - numberOfErrors = numberOfErrors + 1: null

16-05-2025T12:00:57 - [TEST_STEP][PASSED] - pageInt = pagePoteri: null

16-05-2025T12:00:57 - [TEST_STEP][PASSED] - fileInt = filePoteri: null

16-05-2025T12:00:57 - [TEST_STEP][PASSED] - typeOfData = typeOfDataMain + " Потери": null

16-05-2025T12:00:57 - [TEST_STEP][PASSED] - Script1718980020443.WriteToExcel(a, typeOfData, todaysDate, pageInt, fileInt, pageDouble, fileDouble, dZO): null

16-05-2025T12:00:57 - [TEST_STEP][PASSED] - sheetName = "Sheet1": null

16-05-2025T12:00:57 - [TEST_STEP][PASSED] - data = findTestData("PlanFact"): null

16-05-2025T12:00:57 - [TEST_STEP][PASSED] - n = data.getRowNumbers() + 1: null

16-05-2025T12:00:57 - [TEST_STEP][PASSED] - day = ")).toInteger(): null

16-05-2025T12:00:57 - [TEST_STEP][PASSED] - println(day): null

16-05-2025T12:00:57 - [TEST_STEP][PASSED] - month = ")).toInteger(): null

16-05-2025T12:00:57 - [TEST_STEP][PASSED] - println(month): null

16-05-2025T12:00:57 - [TEST_STEP][PASSED] - y = <not implemented yet for class: org.codehaus.groovy.ast.expr.EmptyExpression>: null

16-05-2025T12:00:57 - [TEST_STEP][PASSED] - iy = <not implemented yet for class: org.codehaus.groovy.ast.expr.EmptyExpression>: null

16-05-2025T12:00:57 - [TEST_STEP][PASSED] - m = getText(findTestObject("Выполнение бизнес-плана/Период")): Text of object 'Object Repository/Выполнение бизнес-плана/Период' is: '1 кв. 2025 года'

16-05-2025T12:00:57 - [MESSAGE][PASSED] - Text of object 'Object Repository/Выполнение бизнес-плана/Период' is: '1 кв. 2025 года'

16-05-2025T12:00:57 - [TEST_STEP][PASSED] - iy = m.indexOf("20"): null

16-05-2025T12:00:57 - [TEST_STEP][PASSED] - if (iy > -1): null

16-05-2025T12:00:57 - [TEST_STEP][PASSED] - y = substring(iy, iy + 4).toInteger(): null

16-05-2025T12:00:57 - [TEST_STEP][PASSED] - println(y): null

16-05-2025T12:00:57 - [TEST_STEP][PASSED] - if (toString().length() == 4): null

16-05-2025T12:00:57 - [TEST_STEP][PASSED] - m = m.substring(0, m.indexOf(y.toString())): null

16-05-2025T12:00:57 - [TEST_STEP][PASSED] - m = m.trim(): null

16-05-2025T12:00:57 - [TEST_STEP][PASSED] - if (m == ""): null

16-05-2025T12:00:57 - [TEST_STEP][PASSED] - dashboardName = "Выполнение бизнес-плана": null

16-05-2025T12:00:57 - [TEST_STEP][PASSED] - workbook01 = getWorkbook(excelFilePath): null

16-05-2025T12:00:57 - [TEST_STEP][PASSED] - sheet01 = getExcelSheet(workbook01, sheetName): null

16-05-2025T12:00:57 - [TEST_STEP][PASSED] - setValueToCellByIndex(sheet01, n, 0, dashboardName): null

16-05-2025T12:00:57 - [TEST_STEP][PASSED] - setValueToCellByIndex(sheet01, n, 1, dZO): null

16-05-2025T12:00:57 - [TEST_STEP][PASSED] - setValueToCellByIndex(sheet01, n, 2, typeOfData): null

16-05-2025T12:00:57 - [TEST_STEP][PASSED] - if (typeOfData == "Факт в процентах" || typeOfData == "План в процентах"): null

16-05-2025T12:00:57 - [TEST_STEP][PASSED] - else: null

16-05-2025T12:00:57 - [TEST_STEP][PASSED] - setValueToCellByIndex(sheet01, n, 3, fileInt): null

16-05-2025T12:00:57 - [TEST_STEP][PASSED] - setValueToCellByIndex(sheet01, n, 4, pageInt): null

16-05-2025T12:00:57 - [TEST_STEP][PASSED] - setValueToCellByIndex(sheet01, n, 5, m): null

16-05-2025T12:00:57 - [TEST_STEP][PASSED] - setValueToCellByIndex(sheet01, n, 6, y): null

16-05-2025T12:00:57 - [TEST_STEP][PASSED] - setValueToCellByIndex(sheet01, n, 7, todaysDate): null

16-05-2025T12:00:57 - [TEST_STEP][PASSED] - n = n + 1: null

16-05-2025T12:00:57 - [TEST_STEP][PASSED] - saveWorkbook(excelFilePath, workbook01): Object: 'Object Repository/Выполнение бизнес-плана/Кнопка Факт' is clicked on

16-05-2025T12:00:57 - [TEST_STEP][PASSED] - if (planFact == 2): Object: 'Object Repository/Выполнение бизнес-плана/Кнопка Факт' is clicked on

16-05-2025T12:00:57 - [TEST_STEP][PASSED] - click(findTestObject("Выполнение бизнес-плана/Кнопка Факт")): Object: 'Object Repository/Выполнение бизнес-плана/Кнопка Факт' is clicked on

16-05-2025T12:00:57 - [MESSAGE][PASSED] - Object: 'Object Repository/Выполнение бизнес-плана/Кнопка Факт' is clicked on

16-05-2025T12:00:57 - [TEST_STEP][PASSED] - println("a=" + a): null

16-05-2025T12:00:57 - [TEST_STEP][PASSED] - if (a == 84 || a == 82): null

16-05-2025T12:00:57 - [TEST_STEP][PASSED] - else if (a == 83 || a == 52 || a == 72 || a == 28 || a == 73 || a == 77 || a == 74 || a == 65 || a == 36 || a == 44 || a == 53 || a == 80 || a == 54 || a == 1 || a == 18 || a == 59 || a == 81): null

16-05-2025T12:00:57 - [TEST_STEP][PASSED] - page1 = getText(findTestObject("Object Repository/Выполнение бизнес-плана/spanPlan" + dzoNum)): Text of object 'Object Repository/Выполнение бизнес-плана/spanPlan4' is: '6.73
|'

16-05-2025T12:00:58 - [MESSAGE][PASSED] - Text of object 'Object Repository/Выполнение бизнес-плана/spanPlan4' is: '6.73
|'

16-05-2025T12:00:58 - [TEST_STEP][PASSED] - page1 = page1.replace("|", ""): null

16-05-2025T12:00:58 - [TEST_STEP][PASSED] - page2 = getText(findTestObject("Object Repository/Выполнение бизнес-плана/spanFact" + dzoNum)): Text of object 'Object Repository/Выполнение бизнес-плана/spanFact4' is: '5.22'

16-05-2025T12:00:58 - [MESSAGE][PASSED] - Text of object 'Object Repository/Выполнение бизнес-плана/spanFact4' is: '5.22'

16-05-2025T12:00:58 - [TEST_STEP][PASSED] - page2 = page2.replace("|", ""): null

16-05-2025T12:00:58 - [TEST_STEP][PASSED] - println("page1: " + page1): null

16-05-2025T12:00:58 - [TEST_STEP][PASSED] - println("page2: " + page2): null

16-05-2025T12:00:58 - [TEST_STEP][PASSED] - file = findTestData("PlanFact").getValue(4, a): null

16-05-2025T12:00:58 - [TEST_STEP][PASSED] - file = file.replace(",", "."): null

16-05-2025T12:00:58 - [TEST_STEP][PASSED] - println("file Plan: " + file): null

16-05-2025T12:00:58 - [TEST_STEP][PASSED] - typeOfData = "План в процентах": null

16-05-2025T12:00:58 - [TEST_STEP][PASSED] - fileDouble = file.toDouble(): null

16-05-2025T12:00:58 - [TEST_STEP][PASSED] - pageDouble = page1.toDouble(): null

16-05-2025T12:00:58 - [TEST_STEP][PASSED] - if (fileDouble != pageDouble): null

16-05-2025T12:00:58 - [TEST_STEP][PASSED] - numberOfErrors = numberOfErrors + 1: null

16-05-2025T12:00:58 - [TEST_STEP][PASSED] - Script1718980020443.WriteToExcel(a, typeOfData, todaysDate, pageInt, fileInt, pageDouble, fileDouble, dZO): null

16-05-2025T12:00:58 - [TEST_STEP][PASSED] - sheetName = "Sheet1": null

16-05-2025T12:00:58 - [TEST_STEP][PASSED] - data = findTestData("PlanFact"): null

16-05-2025T12:00:58 - [TEST_STEP][PASSED] - n = data.getRowNumbers() + 1: null

16-05-2025T12:00:58 - [TEST_STEP][PASSED] - day = ")).toInteger(): null

16-05-2025T12:00:58 - [TEST_STEP][PASSED] - println(day): null

16-05-2025T12:00:58 - [TEST_STEP][PASSED] - month = ")).toInteger(): null

16-05-2025T12:00:58 - [TEST_STEP][PASSED] - println(month): null

16-05-2025T12:00:58 - [TEST_STEP][PASSED] - y = <not implemented yet for class: org.codehaus.groovy.ast.expr.EmptyExpression>: null

16-05-2025T12:00:58 - [TEST_STEP][PASSED] - iy = <not implemented yet for class: org.codehaus.groovy.ast.expr.EmptyExpression>: null

16-05-2025T12:00:58 - [TEST_STEP][PASSED] - m = getText(findTestObject("Выполнение бизнес-плана/Период")): Text of object 'Object Repository/Выполнение бизнес-плана/Период' is: '1 кв. 2025 года'

16-05-2025T12:00:58 - [MESSAGE][PASSED] - Text of object 'Object Repository/Выполнение бизнес-плана/Период' is: '1 кв. 2025 года'

16-05-2025T12:00:58 - [TEST_STEP][PASSED] - iy = m.indexOf("20"): null

16-05-2025T12:00:58 - [TEST_STEP][PASSED] - if (iy > -1): null

16-05-2025T12:00:58 - [TEST_STEP][PASSED] - y = substring(iy, iy + 4).toInteger(): null

16-05-2025T12:00:58 - [TEST_STEP][PASSED] - println(y): null

16-05-2025T12:00:58 - [TEST_STEP][PASSED] - if (toString().length() == 4): null

16-05-2025T12:00:58 - [TEST_STEP][PASSED] - m = m.substring(0, m.indexOf(y.toString())): null

16-05-2025T12:00:58 - [TEST_STEP][PASSED] - m = m.trim(): null

16-05-2025T12:00:58 - [TEST_STEP][PASSED] - if (m == ""): null

16-05-2025T12:00:58 - [TEST_STEP][PASSED] - dashboardName = "Выполнение бизнес-плана": null

16-05-2025T12:00:58 - [TEST_STEP][PASSED] - workbook01 = getWorkbook(excelFilePath): null

16-05-2025T12:00:58 - [TEST_STEP][PASSED] - sheet01 = getExcelSheet(workbook01, sheetName): null

16-05-2025T12:00:58 - [TEST_STEP][PASSED] - setValueToCellByIndex(sheet01, n, 0, dashboardName): null

16-05-2025T12:00:58 - [TEST_STEP][PASSED] - setValueToCellByIndex(sheet01, n, 1, dZO): null

16-05-2025T12:00:58 - [TEST_STEP][PASSED] - setValueToCellByIndex(sheet01, n, 2, typeOfData): null

16-05-2025T12:00:58 - [TEST_STEP][PASSED] - if (typeOfData == "Факт в процентах" || typeOfData == "План в процентах"): null

16-05-2025T12:00:58 - [TEST_STEP][PASSED] - setValueToCellByIndex(sheet01, n, 3, fileDouble): null

16-05-2025T12:00:58 - [TEST_STEP][PASSED] - setValueToCellByIndex(sheet01, n, 4, pageDouble): null

16-05-2025T12:00:58 - [TEST_STEP][PASSED] - setValueToCellByIndex(sheet01, n, 5, m): null

16-05-2025T12:00:58 - [TEST_STEP][PASSED] - setValueToCellByIndex(sheet01, n, 6, y): null

16-05-2025T12:00:58 - [TEST_STEP][PASSED] - setValueToCellByIndex(sheet01, n, 7, todaysDate): null

16-05-2025T12:00:58 - [TEST_STEP][PASSED] - n = n + 1: null

16-05-2025T12:00:58 - [TEST_STEP][PASSED] - saveWorkbook(excelFilePath, workbook01): null

16-05-2025T12:00:59 - [TEST_STEP][PASSED] - file = findTestData("PlanFact").getValue(7, a): null

16-05-2025T12:00:59 - [TEST_STEP][PASSED] - file = file.replace(",", "."): null

16-05-2025T12:00:59 - [TEST_STEP][PASSED] - println("file Fact: " + file): null

16-05-2025T12:00:59 - [TEST_STEP][PASSED] - fileDouble = file.toDouble(): null

16-05-2025T12:00:59 - [TEST_STEP][PASSED] - typeOfData = "Факт в процентах": null

16-05-2025T12:00:59 - [TEST_STEP][PASSED] - fileDouble = file.toDouble(): null

16-05-2025T12:00:59 - [TEST_STEP][PASSED] - pageDouble = page2.toDouble(): null

16-05-2025T12:00:59 - [TEST_STEP][PASSED] - if (fileDouble != pageDouble): null

16-05-2025T12:00:59 - [TEST_STEP][PASSED] - numberOfErrors = numberOfErrors + 1: null

16-05-2025T12:00:59 - [TEST_STEP][PASSED] - Script1718980020443.WriteToExcel(a, typeOfData, todaysDate, pageInt, fileInt, pageDouble, fileDouble, dZO): null

16-05-2025T12:00:59 - [TEST_STEP][PASSED] - sheetName = "Sheet1": null

16-05-2025T12:00:59 - [TEST_STEP][PASSED] - data = findTestData("PlanFact"): null

16-05-2025T12:00:59 - [TEST_STEP][PASSED] - n = data.getRowNumbers() + 1: null

16-05-2025T12:00:59 - [TEST_STEP][PASSED] - day = ")).toInteger(): null

16-05-2025T12:00:59 - [TEST_STEP][PASSED] - println(day): null

16-05-2025T12:00:59 - [TEST_STEP][PASSED] - month = ")).toInteger(): null

16-05-2025T12:00:59 - [TEST_STEP][PASSED] - println(month): null

16-05-2025T12:00:59 - [TEST_STEP][PASSED] - y = <not implemented yet for class: org.codehaus.groovy.ast.expr.EmptyExpression>: null

16-05-2025T12:00:59 - [TEST_STEP][PASSED] - iy = <not implemented yet for class: org.codehaus.groovy.ast.expr.EmptyExpression>: null

16-05-2025T12:00:59 - [TEST_STEP][PASSED] - m = getText(findTestObject("Выполнение бизнес-плана/Период")): Text of object 'Object Repository/Выполнение бизнес-плана/Период' is: '1 кв. 2025 года'

16-05-2025T12:00:59 - [MESSAGE][PASSED] - Text of object 'Object Repository/Выполнение бизнес-плана/Период' is: '1 кв. 2025 года'

16-05-2025T12:00:59 - [TEST_STEP][PASSED] - iy = m.indexOf("20"): null

16-05-2025T12:00:59 - [TEST_STEP][PASSED] - if (iy > -1): null

16-05-2025T12:00:59 - [TEST_STEP][PASSED] - y = substring(iy, iy + 4).toInteger(): null

16-05-2025T12:00:59 - [TEST_STEP][PASSED] - println(y): null

16-05-2025T12:00:59 - [TEST_STEP][PASSED] - if (toString().length() == 4): null

16-05-2025T12:00:59 - [TEST_STEP][PASSED] - m = m.substring(0, m.indexOf(y.toString())): null

16-05-2025T12:00:59 - [TEST_STEP][PASSED] - m = m.trim(): null

16-05-2025T12:00:59 - [TEST_STEP][PASSED] - if (m == ""): null

16-05-2025T12:00:59 - [TEST_STEP][PASSED] - dashboardName = "Выполнение бизнес-плана": null

16-05-2025T12:00:59 - [TEST_STEP][PASSED] - workbook01 = getWorkbook(excelFilePath): null

16-05-2025T12:00:59 - [TEST_STEP][PASSED] - sheet01 = getExcelSheet(workbook01, sheetName): null

16-05-2025T12:00:59 - [TEST_STEP][PASSED] - setValueToCellByIndex(sheet01, n, 0, dashboardName): null

16-05-2025T12:00:59 - [TEST_STEP][PASSED] - setValueToCellByIndex(sheet01, n, 1, dZO): null

16-05-2025T12:00:59 - [TEST_STEP][PASSED] - setValueToCellByIndex(sheet01, n, 2, typeOfData): null

16-05-2025T12:00:59 - [TEST_STEP][PASSED] - if (typeOfData == "Факт в процентах" || typeOfData == "План в процентах"): null

16-05-2025T12:00:59 - [TEST_STEP][PASSED] - setValueToCellByIndex(sheet01, n, 3, fileDouble): null

16-05-2025T12:00:59 - [TEST_STEP][PASSED] - setValueToCellByIndex(sheet01, n, 4, pageDouble): null

16-05-2025T12:00:59 - [TEST_STEP][PASSED] - setValueToCellByIndex(sheet01, n, 5, m): null

16-05-2025T12:00:59 - [TEST_STEP][PASSED] - setValueToCellByIndex(sheet01, n, 6, y): null

16-05-2025T12:00:59 - [TEST_STEP][PASSED] - setValueToCellByIndex(sheet01, n, 7, todaysDate): null

16-05-2025T12:00:59 - [TEST_STEP][PASSED] - n = n + 1: null

16-05-2025T12:00:59 - [TEST_STEP][PASSED] - saveWorkbook(excelFilePath, workbook01): null

16-05-2025T12:00:59 - [TEST_STEP][FAILED] - if (verifyEqual(numberOfErrors, 0) == false): null

16-05-2025T12:00:59 - [MESSAGE][FAILED] - Unable to verify equal between actual object '6' and expected object '0' (Root cause: com.kms.katalon.core.exception.StepFailedException: Actual object '6' and expected object '0' are not equal
	at com.kms.katalon.core.keyword.builtin.VerifyEqualKeyword$_verifyEqual_closure1.doCall(VerifyEqualKeyword.groovy:58)
	at com.kms.katalon.core.keyword.builtin.VerifyEqualKeyword$_verifyEqual_closure1.call(VerifyEqualKeyword.groovy)
	at com.kms.katalon.core.keyword.internal.KeywordMain.runKeyword(KeywordMain.groovy:75)
	at com.kms.katalon.core.keyword.builtin.VerifyEqualKeyword.verifyEqual(VerifyEqualKeyword.groovy:63)
	at com.kms.katalon.core.keyword.builtin.VerifyEqualKeyword.execute(VerifyEqualKeyword.groovy:44)
	at com.kms.katalon.core.keyword.internal.KeywordExecutor.executeKeywordForPlatform(KeywordExecutor.groovy:74)
	at com.kms.katalon.core.keyword.BuiltinKeywords.verifyEqual(BuiltinKeywords.groovy:146)
	at jdk.internal.reflect.GeneratedMethodAccessor24.invoke(Unknown Source)
	at java.base/jdk.internal.reflect.DelegatingMethodAccessorImpl.invoke(DelegatingMethodAccessorImpl.java:43)
	at Выполнение бизнес-плана Сверка ПАО Россети все филиалы.Numbers(Выполнение бизнес-плана Сверка ПАО Россети все филиалы:740)
	at Выполнение бизнес-плана Сверка ПАО Россети все филиалы.run(Выполнение бизнес-плана Сверка ПАО Россети все филиалы:297)
	at com.kms.katalon.core.main.ScriptEngine.run(ScriptEngine.java:194)
	at com.kms.katalon.core.main.ScriptEngine.runScriptAsRawText(ScriptEngine.java:119)
	at com.kms.katalon.core.main.TestCaseExecutor.runScript(TestCaseExecutor.java:448)
	at com.kms.katalon.core.main.TestCaseExecutor.doExecute(TestCaseExecutor.java:439)
	at com.kms.katalon.core.main.TestCaseExecutor.processExecutionPhase(TestCaseExecutor.java:418)
	at com.kms.katalon.core.main.TestCaseExecutor.accessMainPhase(TestCaseExecutor.java:410)
	at com.kms.katalon.core.main.TestCaseExecutor.execute(TestCaseExecutor.java:285)
	at com.kms.katalon.core.common.CommonExecutor.accessTestCaseMainPhase(CommonExecutor.java:65)
	at com.kms.katalon.core.main.TestSuiteExecutor.accessTestSuiteMainPhase(TestSuiteExecutor.java:150)
	at com.kms.katalon.core.main.TestSuiteExecutor.execute(TestSuiteExecutor.java:106)
	at com.kms.katalon.core.main.TestCaseMain.startTestSuite(TestCaseMain.java:180)
	at TempTestSuite1747369435659.run(TempTestSuite1747369435659.groovy:35)
	at java.base/jdk.internal.reflect.NativeMethodAccessorImpl.invoke0(Native Method)
	at java.base/jdk.internal.reflect.NativeMethodAccessorImpl.invoke(NativeMethodAccessorImpl.java:77)
	at java.base/jdk.internal.reflect.DelegatingMethodAccessorImpl.invoke(DelegatingMethodAccessorImpl.java:43)
)

16-05-2025T12:00:59 - [TEST_STEP][PASSED] - println(numberOfErrors): null

16-05-2025T12:00:59 - [TEST_STEP][PASSED] - println("a=" + a): null

16-05-2025T12:00:59 - [TEST_STEP][PASSED] - if (a == 28 || a == 77 || a == 74 || a == 65 || a == 36 || a == 44 || a == 54 || a == 1 || a == 18 || a == 59): null

16-05-2025T12:00:59 - [TEST_STEP][PASSED] - Script1718980020443.Filials(a, typeOfData, todaysDate, pageInt, fileInt, pageDouble, fileDouble, dZO, dzoNum, filialNum): null

16-05-2025T12:00:59 - [TEST_STEP][PASSED] - i = <not implemented yet for class: org.codehaus.groovy.ast.expr.EmptyExpression>: null

16-05-2025T12:00:59 - [TEST_STEP][PASSED] - c = <not implemented yet for class: org.codehaus.groovy.ast.expr.EmptyExpression>: null

16-05-2025T12:00:59 - [TEST_STEP][PASSED] - page = <not implemented yet for class: org.codehaus.groovy.ast.expr.EmptyExpression>: null

16-05-2025T12:00:59 - [TEST_STEP][PASSED] - println(dZO): null

16-05-2025T12:00:59 - [TEST_STEP][PASSED] - reducedDZO = <not implemented yet for class: org.codehaus.groovy.ast.expr.EmptyExpression>: null

16-05-2025T12:00:59 - [TEST_STEP][PASSED] - reducedDZO = dZO.substring(dZO.indexOf(" ") + 1, dZO.length()): null

16-05-2025T12:00:59 - [TEST_STEP][PASSED] - if (reducedDZO.contains(" ")): null

16-05-2025T12:00:59 - [TEST_STEP][PASSED] - println(reducedDZO): null

16-05-2025T12:00:59 - [TEST_STEP][PASSED] - dzoCut = <not implemented yet for class: org.codehaus.groovy.ast.expr.EmptyExpression>: null

16-05-2025T12:00:59 - [TEST_STEP][PASSED] - Script1718980020443.DZO(a): null

16-05-2025T12:00:59 - [TEST_STEP][PASSED] - delay(30): Delayed 30 second(s)

16-05-2025T12:01:29 - [MESSAGE][PASSED] - Delayed 30 second(s)

16-05-2025T12:01:29 - [TEST_STEP][PASSED] - Script1718980020443.OpenFilter(): null

16-05-2025T12:01:29 - [TEST_STEP][PASSED] - click(findTestObject("Object Repository/Выполнение бизнес-плана/Фильтр ДЗО")): Object: 'Object Repository/Выполнение бизнес-плана/Фильтр ДЗО' is clicked on

16-05-2025T12:01:30 - [MESSAGE][PASSED] - Object: 'Object Repository/Выполнение бизнес-плана/Фильтр ДЗО' is clicked on

16-05-2025T12:01:30 - [TEST_STEP][PASSED] - click(findTestObject("Выполнение бизнес-плана/Снять выделение в фильтре ДЗО")): Object: 'Object Repository/Выполнение бизнес-плана/Снять выделение в фильтре ДЗО' is clicked on

16-05-2025T12:01:30 - [MESSAGE][PASSED] - Object: 'Object Repository/Выполнение бизнес-плана/Снять выделение в фильтре ДЗО' is clicked on

16-05-2025T12:01:30 - [TEST_STEP][PASSED] - Script1718980020443.OpenRSK(): null

16-05-2025T12:01:30 - [TEST_STEP][PASSED] - click(findTestObject("Выполнение бизнес-плана/Раскрыть список ПАО Россети в фильтре ДЗО")): Object: 'Object Repository/Выполнение бизнес-плана/Раскрыть список ПАО Россети в фильтре ДЗО' is clicked on

16-05-2025T12:01:31 - [MESSAGE][PASSED] - Object: 'Object Repository/Выполнение бизнес-плана/Раскрыть список ПАО Россети в фильтре ДЗО' is clicked on

16-05-2025T12:01:31 - [TEST_STEP][PASSED] - click(findTestObject("Выполнение бизнес-плана/Раскрыть список РаспредКомплекс в фильтре ДЗО")): Object: 'Object Repository/Выполнение бизнес-плана/Раскрыть список РаспредКомплекс в фильтре ДЗО' is clicked on

16-05-2025T12:01:31 - [MESSAGE][PASSED] - Object: 'Object Repository/Выполнение бизнес-плана/Раскрыть список РаспредКомплекс в фильтре ДЗО' is clicked on

16-05-2025T12:01:31 - [TEST_STEP][PASSED] - if (a == 28): null

16-05-2025T12:01:31 - [TEST_STEP][PASSED] - if (a == 77): null

16-05-2025T12:01:31 - [TEST_STEP][PASSED] - if (a == 74): null

16-05-2025T12:01:31 - [TEST_STEP][PASSED] - if (a == 65): null

16-05-2025T12:01:31 - [TEST_STEP][PASSED] - if (a == 36): Object: 'Object Repository/Выполнение бизнес-плана/Россети Северо-Запад' is clicked on

16-05-2025T12:01:31 - [TEST_STEP][PASSED] - scrollToElement(findTestObject("Общие объекты/Раскрыть список Россети Северо-Запад"), 30): Scroll to object 'Object Repository/Общие объекты/Раскрыть список Россети Северо-Запад' successfully

16-05-2025T12:01:31 - [MESSAGE][PASSED] - Scroll to object 'Object Repository/Общие объекты/Раскрыть список Россети Северо-Запад' successfully

16-05-2025T12:01:31 - [TEST_STEP][PASSED] - click(findTestObject("Выполнение бизнес-плана/Россети Северо-Запад")): Object: 'Object Repository/Выполнение бизнес-плана/Россети Северо-Запад' is clicked on

16-05-2025T12:01:32 - [MESSAGE][PASSED] - Object: 'Object Repository/Выполнение бизнес-плана/Россети Северо-Запад' is clicked on

16-05-2025T12:01:32 - [TEST_STEP][PASSED] - if (a == 44): null

16-05-2025T12:01:32 - [TEST_STEP][PASSED] - if (a == 54): null

16-05-2025T12:01:32 - [TEST_STEP][PASSED] - if (a == 1): null

16-05-2025T12:01:32 - [TEST_STEP][PASSED] - if (a == 18): null

16-05-2025T12:01:32 - [TEST_STEP][PASSED] - if (a == 59): null

16-05-2025T12:01:32 - [TEST_STEP][PASSED] - Script1718980020443.CloseFilter(): null

16-05-2025T12:01:32 - [TEST_STEP][PASSED] - scrollToElement(findTestObject("Выполнение бизнес-плана/Заголовок дашборда"), 30): Scroll to object 'Object Repository/Выполнение бизнес-плана/Заголовок дашборда' successfully

16-05-2025T12:01:32 - [MESSAGE][PASSED] - Scroll to object 'Object Repository/Выполнение бизнес-плана/Заголовок дашборда' successfully

16-05-2025T12:01:32 - [TEST_STEP][PASSED] - click(findTestObject("Object Repository/Выполнение бизнес-плана/Применить в фильтре ДЗО")): Object: 'Object Repository/Выполнение бизнес-плана/Применить в фильтре ДЗО' is clicked on

16-05-2025T12:01:33 - [MESSAGE][PASSED] - Object: 'Object Repository/Выполнение бизнес-плана/Применить в фильтре ДЗО' is clicked on

16-05-2025T12:01:33 - [TEST_STEP][PASSED] - delay(30): Delayed 30 second(s)

16-05-2025T12:02:03 - [MESSAGE][PASSED] - Delayed 30 second(s)

16-05-2025T12:02:03 - [TEST_STEP][PASSED] - Script1718980020443.ZakrytOpoveshenie(): null

16-05-2025T12:02:03 - [TEST_STEP][PASSED] - delay(10): Delayed 10 second(s)

16-05-2025T12:02:13 - [MESSAGE][PASSED] - Delayed 10 second(s)

16-05-2025T12:02:13 - [TEST_STEP][PASSED] - opoveshenie = getText(findTestObject("Выполнение бизнес-плана/Просьба обратить внимание")): Text of object 'Object Repository/Выполнение бизнес-плана/Просьба обратить внимание' is: ''

16-05-2025T12:02:13 - [MESSAGE][PASSED] - Text of object 'Object Repository/Выполнение бизнес-плана/Просьба обратить внимание' is: ''

16-05-2025T12:02:13 - [TEST_STEP][PASSED] - println(opoveshenie): null

16-05-2025T12:02:13 - [TEST_STEP][PASSED] - if (opoveshenie == "Просьба обратить внимание"): null

16-05-2025T12:02:13 - [TEST_STEP][PASSED] - page = getText(findTestObject("Object Repository/Выполнение бизнес-плана/Filials")): Text of object 'Object Repository/Выполнение бизнес-плана/Filials' is: 'Россети Северо-Запад
0
10
20
30
40
50
60
70'

16-05-2025T12:02:14 - [MESSAGE][PASSED] - Text of object 'Object Repository/Выполнение бизнес-плана/Filials' is: 'Россети Северо-Запад
0
10
20
30
40
50
60
70'

16-05-2025T12:02:14 - [TEST_STEP][PASSED] - println(page): null

16-05-2025T12:02:14 - [TEST_STEP][PASSED] - c = page.indexOf(reducedDZO): null

16-05-2025T12:02:14 - [TEST_STEP][PASSED] - if (c > -1): null

16-05-2025T12:02:14 - [TEST_STEP][PASSED] - click(findTestObject("Выполнение бизнес-плана/список")): Object: 'Object Repository/Выполнение бизнес-плана/список' is clicked on

16-05-2025T12:02:14 - [MESSAGE][PASSED] - Object: 'Object Repository/Выполнение бизнес-плана/список' is clicked on

16-05-2025T12:02:14 - [TEST_STEP][PASSED] - delay(10): Delayed 10 second(s)

16-05-2025T12:02:24 - [MESSAGE][PASSED] - Delayed 10 second(s)

16-05-2025T12:02:24 - [TEST_STEP][PASSED] - click(findTestObject("Выполнение бизнес-плана/Раскрытие списка")): Object: 'Object Repository/Выполнение бизнес-плана/Раскрытие списка' is clicked on

16-05-2025T12:02:25 - [MESSAGE][PASSED] - Object: 'Object Repository/Выполнение бизнес-плана/Раскрытие списка' is clicked on

16-05-2025T12:02:25 - [TEST_STEP][PASSED] - delay(10): Delayed 10 second(s)

16-05-2025T12:02:35 - [MESSAGE][PASSED] - Delayed 10 second(s)

16-05-2025T12:02:35 - [TEST_STEP][PASSED] - page = getText(findTestObject("Object Repository/Выполнение бизнес-плана/Filials")): Text of object 'Object Repository/Выполнение бизнес-плана/Filials' is: 'Архангельский филиал
Вологодский филиал
Карельский филиал
Мурманский филиал
Новгородский филиал
Псковский филиал
филиал в Республике Коми
0
10
20
30
40
50
60
70'

16-05-2025T12:02:35 - [MESSAGE][PASSED] - Text of object 'Object Repository/Выполнение бизнес-плана/Filials' is: 'Архангельский филиал
Вологодский филиал
Карельский филиал
Мурманский филиал
Новгородский филиал
Псковский филиал
филиал в Республике Коми
0
10
20
30
40
50
60
70'

16-05-2025T12:02:35 - [TEST_STEP][PASSED] - println(page): null

16-05-2025T12:02:35 - [TEST_STEP][PASSED] - c = page.indexOf(reducedDZO): null

16-05-2025T12:02:35 - [TEST_STEP][PASSED] - x2 = getText(findTestObject("Выполнение бизнес-плана/Список ДЗО старый")): Text of object 'Object Repository/Выполнение бизнес-плана/Список ДЗО старый' is: 'Архангельский филиал
Вологодский филиал
Карельский филиал
Мурманский филиал
Новгородский филиал
Псковский филиал
филиал в Республике Коми
0
10
20
30
40
50
60
70'

16-05-2025T12:02:35 - [MESSAGE][PASSED] - Text of object 'Object Repository/Выполнение бизнес-плана/Список ДЗО старый' is: 'Архангельский филиал
Вологодский филиал
Карельский филиал
Мурманский филиал
Новгородский филиал
Псковский филиал
филиал в Республике Коми
0
10
20
30
40
50
60
70'

16-05-2025T12:02:35 - [TEST_STEP][PASSED] - if (a == 28): null

16-05-2025T12:02:35 - [TEST_STEP][PASSED] - if (a == 77): null

16-05-2025T12:02:35 - [TEST_STEP][PASSED] - if (a == 74): null

16-05-2025T12:02:35 - [TEST_STEP][PASSED] - if (a == 65): null

16-05-2025T12:02:35 - [TEST_STEP][PASSED] - if (a == 1): null

16-05-2025T12:02:35 - [TEST_STEP][PASSED] - if (a == 18): null

16-05-2025T12:02:35 - [TEST_STEP][PASSED] - if (a == 36): null

16-05-2025T12:02:35 - [TEST_STEP][PASSED] - dZO = "Архангельский филиал": null

16-05-2025T12:02:35 - [TEST_STEP][PASSED] - a = 37: null

16-05-2025T12:02:35 - [TEST_STEP][PASSED] - dzoCut = dZO.substring(0, 10): null

16-05-2025T12:02:35 - [TEST_STEP][PASSED] - if (x2.contains(dzoCut)): null

16-05-2025T12:02:35 - [TEST_STEP][PASSED] - filialNum = filialNum + 1: null

16-05-2025T12:02:35 - [TEST_STEP][PASSED] - Script1718980020443.Numbers(a, typeOfData, todaysDate, pageInt, fileInt, pageDouble, fileDouble, dZO, dzoNum, filialNum): null

16-05-2025T12:02:35 - [TEST_STEP][PASSED] - println(dzoNum): null

16-05-2025T12:02:35 - [TEST_STEP][PASSED] - planFact = <not implemented yet for class: org.codehaus.groovy.ast.expr.EmptyExpression>: null

16-05-2025T12:02:35 - [TEST_STEP][PASSED] - page = <not implemented yet for class: org.codehaus.groovy.ast.expr.EmptyExpression>: null

16-05-2025T12:02:35 - [TEST_STEP][PASSED] - page1 = <not implemented yet for class: org.codehaus.groovy.ast.expr.EmptyExpression>: null

16-05-2025T12:02:35 - [TEST_STEP][PASSED] - page2 = <not implemented yet for class: org.codehaus.groovy.ast.expr.EmptyExpression>: null

16-05-2025T12:02:35 - [TEST_STEP][PASSED] - filialNumberInRow = <not implemented yet for class: org.codehaus.groovy.ast.expr.EmptyExpression>: null

16-05-2025T12:02:35 - [TEST_STEP][PASSED] - filialsDzoNames = <not implemented yet for class: org.codehaus.groovy.ast.expr.EmptyExpression>: null

16-05-2025T12:02:35 - [TEST_STEP][PASSED] - numberOfFilials = <not implemented yet for class: org.codehaus.groovy.ast.expr.EmptyExpression>: null

16-05-2025T12:02:35 - [TEST_STEP][PASSED] - numberOfSpaces = <not implemented yet for class: org.codehaus.groovy.ast.expr.EmptyExpression>: null

16-05-2025T12:02:35 - [TEST_STEP][PASSED] - file = <not implemented yet for class: org.codehaus.groovy.ast.expr.EmptyExpression>: null

16-05-2025T12:02:35 - [TEST_STEP][PASSED] - otpusk = <not implemented yet for class: org.codehaus.groovy.ast.expr.EmptyExpression>: null

16-05-2025T12:02:35 - [TEST_STEP][PASSED] - poteri = <not implemented yet for class: org.codehaus.groovy.ast.expr.EmptyExpression>: null

16-05-2025T12:02:35 - [TEST_STEP][PASSED] - dataFolder = "Выполнение бизнес-плана/Значения со страницы Выполнение бизнес-плана/": null

16-05-2025T12:02:35 - [TEST_STEP][PASSED] - path = <not implemented yet for class: org.codehaus.groovy.ast.expr.EmptyExpression>: null

16-05-2025T12:02:35 - [TEST_STEP][PASSED] - typeOfDataMain = <not implemented yet for class: org.codehaus.groovy.ast.expr.EmptyExpression>: null

16-05-2025T12:02:35 - [TEST_STEP][PASSED] - fileOtpuskVSet = <not implemented yet for class: org.codehaus.groovy.ast.expr.EmptyExpression>: null

16-05-2025T12:02:35 - [TEST_STEP][PASSED] - pageOtpuskVSet = <not implemented yet for class: org.codehaus.groovy.ast.expr.EmptyExpression>: null

16-05-2025T12:02:35 - [TEST_STEP][PASSED] - filePoteri = <not implemented yet for class: org.codehaus.groovy.ast.expr.EmptyExpression>: null

16-05-2025T12:02:35 - [TEST_STEP][PASSED] - pagePoteri = <not implemented yet for class: org.codehaus.groovy.ast.expr.EmptyExpression>: null

16-05-2025T12:02:35 - [TEST_STEP][PASSED] - compare = <not implemented yet for class: org.codehaus.groovy.ast.expr.EmptyExpression>: null

16-05-2025T12:02:35 - [TEST_STEP][PASSED] - b = <not implemented yet for class: org.codehaus.groovy.ast.expr.EmptyExpression>: null

16-05-2025T12:02:35 - [TEST_STEP][PASSED] - i = <not implemented yet for class: org.codehaus.groovy.ast.expr.EmptyExpression>: null

16-05-2025T12:02:35 - [TEST_STEP][PASSED] - ii = <not implemented yet for class: org.codehaus.groovy.ast.expr.EmptyExpression>: null

16-05-2025T12:02:35 - [TEST_STEP][PASSED] - c = <not implemented yet for class: org.codehaus.groovy.ast.expr.EmptyExpression>: null

16-05-2025T12:02:35 - [TEST_STEP][PASSED] - numberOfErrors = 0: null

16-05-2025T12:02:35 - [TEST_STEP][PASSED] - if (a == 82): null

16-05-2025T12:02:35 - [TEST_STEP][PASSED] - b = findTestData("PlanFact").getValue(1, a): null

16-05-2025T12:02:35 - [TEST_STEP][PASSED] - i = b.indexOf(" (ГК)"): null

16-05-2025T12:02:35 - [TEST_STEP][PASSED] - if (i > -1): null

16-05-2025T12:02:35 - [TEST_STEP][PASSED] - i = b.indexOf("О ""): null

16-05-2025T12:02:35 - [TEST_STEP][PASSED] - if (i > -1): null

16-05-2025T12:02:35 - [TEST_STEP][PASSED] - i = b.indexOf("О «"): null

16-05-2025T12:02:35 - [TEST_STEP][PASSED] - if (i > -1): null

16-05-2025T12:02:35 - [TEST_STEP][PASSED] - i = b.indexOf("г. "): null

16-05-2025T12:02:35 - [TEST_STEP][PASSED] - if (i > -1): null

16-05-2025T12:02:35 - [TEST_STEP][PASSED] - b = b.trim(): null

16-05-2025T12:02:35 - [TEST_STEP][PASSED] - println(b): null

16-05-2025T12:02:35 - [TEST_STEP][PASSED] - for ([planFact = 1, planFact < 3, (planFact++)]): null

16-05-2025T12:02:35 - [TEST_STEP][PASSED] - if (planFact == 1): null

16-05-2025T12:02:35 - [TEST_STEP][PASSED] - typeOfDataMain = "Факт": null

16-05-2025T12:02:35 - [TEST_STEP][PASSED] - otpusk = findTestData("PlanFact").getValue(5, a): null

16-05-2025T12:02:35 - [TEST_STEP][PASSED] - poteri = findTestData("PlanFact").getValue(6, a): null

16-05-2025T12:02:35 - [TEST_STEP][PASSED] - otpusk = otpusk.replaceAll("\s+", ""): null

16-05-2025T12:02:35 - [TEST_STEP][PASSED] - poteri = poteri.replaceAll("\s+", ""): null

16-05-2025T12:02:35 - [TEST_STEP][PASSED] - typeOfData = typeOfDataMain + " Отпуск в сеть": null

16-05-2025T12:02:35 - [TEST_STEP][PASSED] - if (a == 82): null

16-05-2025T12:02:35 - [TEST_STEP][PASSED] - else if (a == 84): null

16-05-2025T12:02:35 - [TEST_STEP][PASSED] - else if (a == 83 || a == 52 || a == 72 || a == 28 || a == 73 || a == 77 || a == 74 || a == 65 || a == 36 || a == 44 || a == 53 || a == 80 || a == 54 || a == 1 || a == 18 || a == 59 || a == 81): null

16-05-2025T12:02:35 - [TEST_STEP][PASSED] - else: null

16-05-2025T12:02:35 - [TEST_STEP][PASSED] - path = dataFolder + typeOfData + " за отчётный период " + b: null

16-05-2025T12:02:35 - [TEST_STEP][PASSED] - println(path): null

16-05-2025T12:02:35 - [TEST_STEP][PASSED] - page = getText(findTestObject(path)): Text of object 'Object Repository/Выполнение бизнес-плана/Значения со страницы Выполнение бизнес-плана/Факт Отпуск в сеть за отчётный период Архангельский филиал' is: '691 238'

16-05-2025T12:02:36 - [MESSAGE][PASSED] - Text of object 'Object Repository/Выполнение бизнес-плана/Значения со страницы Выполнение бизнес-плана/Факт Отпуск в сеть за отчётный период Архангельский филиал' is: '691 238'

16-05-2025T12:02:36 - [TEST_STEP][PASSED] - if (page == "" || page == null): null

16-05-2025T12:02:36 - [TEST_STEP][PASSED] - else: null

16-05-2025T12:02:36 - [TEST_STEP][PASSED] - page = page.replaceAll("\s+", ""): null

16-05-2025T12:02:36 - [TEST_STEP][PASSED] - if (page == "undefined"): null

16-05-2025T12:02:36 - [TEST_STEP][PASSED] - fileOtpuskVSet = otpusk.toInteger(): null

16-05-2025T12:02:36 - [TEST_STEP][PASSED] - pageOtpuskVSet = page.toInteger(): null

16-05-2025T12:02:36 - [TEST_STEP][PASSED] - typeOfData = typeOfDataMain + " Потери": null

16-05-2025T12:02:36 - [TEST_STEP][PASSED] - if (a == 82): null

16-05-2025T12:02:36 - [TEST_STEP][PASSED] - else if (a == 84): null

16-05-2025T12:02:36 - [TEST_STEP][PASSED] - else if (a == 83 || a == 52 || a == 72 || a == 28 || a == 73 || a == 77 || a == 74 || a == 65 || a == 36 || a == 44 || a == 53 || a == 80 || a == 54 || a == 1 || a == 18 || a == 59 || a == 81): null

16-05-2025T12:02:36 - [TEST_STEP][PASSED] - else: null

16-05-2025T12:02:36 - [TEST_STEP][PASSED] - path = dataFolder + typeOfData + " за отчётный период " + b: null

16-05-2025T12:02:36 - [TEST_STEP][PASSED] - page = getText(findTestObject(path)): Text of object 'Object Repository/Выполнение бизнес-плана/Значения со страницы Выполнение бизнес-плана/Факт Потери за отчётный период Архангельский филиал' is: '39 341'

16-05-2025T12:02:36 - [MESSAGE][PASSED] - Text of object 'Object Repository/Выполнение бизнес-плана/Значения со страницы Выполнение бизнес-плана/Факт Потери за отчётный период Архангельский филиал' is: '39 341'

16-05-2025T12:02:36 - [TEST_STEP][PASSED] - if (page == "" || page == null): null

16-05-2025T12:02:36 - [TEST_STEP][PASSED] - else: null

16-05-2025T12:02:36 - [TEST_STEP][PASSED] - page = page.replaceAll("\s+", ""): null

16-05-2025T12:02:36 - [TEST_STEP][PASSED] - if (page == "undefined"): null

16-05-2025T12:02:36 - [TEST_STEP][PASSED] - filePoteri = poteri.toInteger(): null

16-05-2025T12:02:36 - [TEST_STEP][PASSED] - pagePoteri = page.toInteger(): null

16-05-2025T12:02:36 - [TEST_STEP][PASSED] - compare = pageOtpuskVSet: null

16-05-2025T12:02:36 - [TEST_STEP][PASSED] - if (pageOtpuskVSet != null): null

16-05-2025T12:02:36 - [TEST_STEP][PASSED] - if (compare == fileOtpuskVSet): null

16-05-2025T12:02:36 - [TEST_STEP][PASSED] - else if (compare > fileOtpuskVSet): null

16-05-2025T12:02:36 - [TEST_STEP][PASSED] - else if (compare < fileOtpuskVSet): null

16-05-2025T12:02:36 - [TEST_STEP][PASSED] - compare = compare + 1: null

16-05-2025T12:02:36 - [TEST_STEP][PASSED] - if (compare == fileOtpuskVSet): null

16-05-2025T12:02:36 - [TEST_STEP][PASSED] - else: null

16-05-2025T12:02:36 - [TEST_STEP][PASSED] - numberOfErrors = numberOfErrors + 1: null

16-05-2025T12:02:36 - [TEST_STEP][PASSED] - pageInt = pageOtpuskVSet: null

16-05-2025T12:02:36 - [TEST_STEP][PASSED] - fileInt = fileOtpuskVSet: null

16-05-2025T12:02:36 - [TEST_STEP][PASSED] - typeOfData = typeOfDataMain + " Отпуск в сеть": null

16-05-2025T12:02:36 - [TEST_STEP][PASSED] - Script1718980020443.WriteToExcel(a, typeOfData, todaysDate, pageInt, fileInt, pageDouble, fileDouble, dZO): null

16-05-2025T12:02:36 - [TEST_STEP][PASSED] - sheetName = "Sheet1": null

16-05-2025T12:02:36 - [TEST_STEP][PASSED] - data = findTestData("PlanFact"): null

16-05-2025T12:02:36 - [TEST_STEP][PASSED] - n = data.getRowNumbers() + 1: null

16-05-2025T12:02:36 - [TEST_STEP][PASSED] - day = ")).toInteger(): null

16-05-2025T12:02:36 - [TEST_STEP][PASSED] - println(day): null

16-05-2025T12:02:36 - [TEST_STEP][PASSED] - month = ")).toInteger(): null

16-05-2025T12:02:36 - [TEST_STEP][PASSED] - println(month): null

16-05-2025T12:02:36 - [TEST_STEP][PASSED] - y = <not implemented yet for class: org.codehaus.groovy.ast.expr.EmptyExpression>: null

16-05-2025T12:02:36 - [TEST_STEP][PASSED] - iy = <not implemented yet for class: org.codehaus.groovy.ast.expr.EmptyExpression>: null

16-05-2025T12:02:36 - [TEST_STEP][PASSED] - m = getText(findTestObject("Выполнение бизнес-плана/Период")): Text of object 'Object Repository/Выполнение бизнес-плана/Период' is: '1 кв. 2025 года'

16-05-2025T12:02:36 - [MESSAGE][PASSED] - Text of object 'Object Repository/Выполнение бизнес-плана/Период' is: '1 кв. 2025 года'

16-05-2025T12:02:36 - [TEST_STEP][PASSED] - iy = m.indexOf("20"): null

16-05-2025T12:02:36 - [TEST_STEP][PASSED] - if (iy > -1): null

16-05-2025T12:02:36 - [TEST_STEP][PASSED] - y = substring(iy, iy + 4).toInteger(): null

16-05-2025T12:02:36 - [TEST_STEP][PASSED] - println(y): null

16-05-2025T12:02:36 - [TEST_STEP][PASSED] - if (toString().length() == 4): null

16-05-2025T12:02:36 - [TEST_STEP][PASSED] - m = m.substring(0, m.indexOf(y.toString())): null

16-05-2025T12:02:36 - [TEST_STEP][PASSED] - m = m.trim(): null

16-05-2025T12:02:36 - [TEST_STEP][PASSED] - if (m == ""): null

16-05-2025T12:02:36 - [TEST_STEP][PASSED] - dashboardName = "Выполнение бизнес-плана": null

16-05-2025T12:02:36 - [TEST_STEP][PASSED] - workbook01 = getWorkbook(excelFilePath): null

16-05-2025T12:02:36 - [TEST_STEP][PASSED] - sheet01 = getExcelSheet(workbook01, sheetName): null

16-05-2025T12:02:36 - [TEST_STEP][PASSED] - setValueToCellByIndex(sheet01, n, 0, dashboardName): null

16-05-2025T12:02:36 - [TEST_STEP][PASSED] - setValueToCellByIndex(sheet01, n, 1, dZO): null

16-05-2025T12:02:36 - [TEST_STEP][PASSED] - setValueToCellByIndex(sheet01, n, 2, typeOfData): null

16-05-2025T12:02:36 - [TEST_STEP][PASSED] - if (typeOfData == "Факт в процентах" || typeOfData == "План в процентах"): null

16-05-2025T12:02:36 - [TEST_STEP][PASSED] - else: null

16-05-2025T12:02:36 - [TEST_STEP][PASSED] - setValueToCellByIndex(sheet01, n, 3, fileInt): null

16-05-2025T12:02:36 - [TEST_STEP][PASSED] - setValueToCellByIndex(sheet01, n, 4, pageInt): null

16-05-2025T12:02:36 - [TEST_STEP][PASSED] - setValueToCellByIndex(sheet01, n, 5, m): null

16-05-2025T12:02:36 - [TEST_STEP][PASSED] - setValueToCellByIndex(sheet01, n, 6, y): null

16-05-2025T12:02:36 - [TEST_STEP][PASSED] - setValueToCellByIndex(sheet01, n, 7, todaysDate): null

16-05-2025T12:02:36 - [TEST_STEP][PASSED] - n = n + 1: null

16-05-2025T12:02:36 - [TEST_STEP][PASSED] - saveWorkbook(excelFilePath, workbook01): null

16-05-2025T12:02:37 - [TEST_STEP][PASSED] - compare = pagePoteri: null

16-05-2025T12:02:37 - [TEST_STEP][PASSED] - if (pageOtpuskVSet != null): null

16-05-2025T12:02:37 - [TEST_STEP][PASSED] - if (compare == filePoteri): null

16-05-2025T12:02:37 - [TEST_STEP][PASSED] - else if (compare > filePoteri): null

16-05-2025T12:02:37 - [TEST_STEP][PASSED] - else if (compare < filePoteri): null

16-05-2025T12:02:37 - [TEST_STEP][PASSED] - compare = compare + 1: null

16-05-2025T12:02:37 - [TEST_STEP][PASSED] - if (compare == filePoteri): null

16-05-2025T12:02:37 - [TEST_STEP][PASSED] - else: null

16-05-2025T12:02:37 - [TEST_STEP][PASSED] - numberOfErrors = numberOfErrors + 1: null

16-05-2025T12:02:37 - [TEST_STEP][PASSED] - pageInt = pagePoteri: null

16-05-2025T12:02:37 - [TEST_STEP][PASSED] - fileInt = filePoteri: null

16-05-2025T12:02:37 - [TEST_STEP][PASSED] - typeOfData = typeOfDataMain + " Потери": null

16-05-2025T12:02:37 - [TEST_STEP][PASSED] - Script1718980020443.WriteToExcel(a, typeOfData, todaysDate, pageInt, fileInt, pageDouble, fileDouble, dZO): null

16-05-2025T12:02:37 - [TEST_STEP][PASSED] - sheetName = "Sheet1": null

16-05-2025T12:02:37 - [TEST_STEP][PASSED] - data = findTestData("PlanFact"): null

16-05-2025T12:02:37 - [TEST_STEP][PASSED] - n = data.getRowNumbers() + 1: null

16-05-2025T12:02:37 - [TEST_STEP][PASSED] - day = ")).toInteger(): null

16-05-2025T12:02:37 - [TEST_STEP][PASSED] - println(day): null

16-05-2025T12:02:37 - [TEST_STEP][PASSED] - month = ")).toInteger(): null

16-05-2025T12:02:37 - [TEST_STEP][PASSED] - println(month): null

16-05-2025T12:02:37 - [TEST_STEP][PASSED] - y = <not implemented yet for class: org.codehaus.groovy.ast.expr.EmptyExpression>: null

16-05-2025T12:02:37 - [TEST_STEP][PASSED] - iy = <not implemented yet for class: org.codehaus.groovy.ast.expr.EmptyExpression>: null

16-05-2025T12:02:37 - [TEST_STEP][PASSED] - m = getText(findTestObject("Выполнение бизнес-плана/Период")): Text of object 'Object Repository/Выполнение бизнес-плана/Период' is: '1 кв. 2025 года'

16-05-2025T12:02:37 - [MESSAGE][PASSED] - Text of object 'Object Repository/Выполнение бизнес-плана/Период' is: '1 кв. 2025 года'

16-05-2025T12:02:37 - [TEST_STEP][PASSED] - iy = m.indexOf("20"): null

16-05-2025T12:02:37 - [TEST_STEP][PASSED] - if (iy > -1): null

16-05-2025T12:02:37 - [TEST_STEP][PASSED] - y = substring(iy, iy + 4).toInteger(): null

16-05-2025T12:02:37 - [TEST_STEP][PASSED] - println(y): null

16-05-2025T12:02:37 - [TEST_STEP][PASSED] - if (toString().length() == 4): null

16-05-2025T12:02:37 - [TEST_STEP][PASSED] - m = m.substring(0, m.indexOf(y.toString())): null

16-05-2025T12:02:37 - [TEST_STEP][PASSED] - m = m.trim(): null

16-05-2025T12:02:37 - [TEST_STEP][PASSED] - if (m == ""): null

16-05-2025T12:02:37 - [TEST_STEP][PASSED] - dashboardName = "Выполнение бизнес-плана": null

16-05-2025T12:02:37 - [TEST_STEP][PASSED] - workbook01 = getWorkbook(excelFilePath): null

16-05-2025T12:02:37 - [TEST_STEP][PASSED] - sheet01 = getExcelSheet(workbook01, sheetName): null

16-05-2025T12:02:37 - [TEST_STEP][PASSED] - setValueToCellByIndex(sheet01, n, 0, dashboardName): null

16-05-2025T12:02:37 - [TEST_STEP][PASSED] - setValueToCellByIndex(sheet01, n, 1, dZO): null

16-05-2025T12:02:37 - [TEST_STEP][PASSED] - setValueToCellByIndex(sheet01, n, 2, typeOfData): null

16-05-2025T12:02:37 - [TEST_STEP][PASSED] - if (typeOfData == "Факт в процентах" || typeOfData == "План в процентах"): null

16-05-2025T12:02:37 - [TEST_STEP][PASSED] - else: null

16-05-2025T12:02:37 - [TEST_STEP][PASSED] - setValueToCellByIndex(sheet01, n, 3, fileInt): null

16-05-2025T12:02:37 - [TEST_STEP][PASSED] - setValueToCellByIndex(sheet01, n, 4, pageInt): null

16-05-2025T12:02:37 - [TEST_STEP][PASSED] - setValueToCellByIndex(sheet01, n, 5, m): null

16-05-2025T12:02:37 - [TEST_STEP][PASSED] - setValueToCellByIndex(sheet01, n, 6, y): null

16-05-2025T12:02:37 - [TEST_STEP][PASSED] - setValueToCellByIndex(sheet01, n, 7, todaysDate): null

16-05-2025T12:02:37 - [TEST_STEP][PASSED] - n = n + 1: null

16-05-2025T12:02:37 - [TEST_STEP][PASSED] - saveWorkbook(excelFilePath, workbook01): null

16-05-2025T12:02:37 - [TEST_STEP][PASSED] - if (planFact == 2): null

16-05-2025T12:02:37 - [TEST_STEP][PASSED] - if (planFact == 1): null

16-05-2025T12:02:37 - [TEST_STEP][PASSED] - else if (planFact == 2): null

16-05-2025T12:02:37 - [TEST_STEP][PASSED] - click(findTestObject("Выполнение бизнес-плана/Кнопка План")): Object: 'Object Repository/Выполнение бизнес-плана/Кнопка План' is clicked on

16-05-2025T12:02:38 - [MESSAGE][PASSED] - Object: 'Object Repository/Выполнение бизнес-плана/Кнопка План' is clicked on

16-05-2025T12:02:38 - [TEST_STEP][PASSED] - typeOfDataMain = "План": null

16-05-2025T12:02:38 - [TEST_STEP][PASSED] - otpusk = findTestData("PlanFact").getValue(2, a): null

16-05-2025T12:02:38 - [TEST_STEP][PASSED] - poteri = findTestData("PlanFact").getValue(3, a): null

16-05-2025T12:02:38 - [TEST_STEP][PASSED] - otpusk = otpusk.replaceAll("\s+", ""): null

16-05-2025T12:02:38 - [TEST_STEP][PASSED] - poteri = poteri.replaceAll("\s+", ""): null

16-05-2025T12:02:38 - [TEST_STEP][PASSED] - typeOfData = typeOfDataMain + " Отпуск в сеть": null

16-05-2025T12:02:38 - [TEST_STEP][PASSED] - if (a == 82): null

16-05-2025T12:02:38 - [TEST_STEP][PASSED] - else if (a == 84): null

16-05-2025T12:02:38 - [TEST_STEP][PASSED] - else if (a == 83 || a == 52 || a == 72 || a == 28 || a == 73 || a == 77 || a == 74 || a == 65 || a == 36 || a == 44 || a == 53 || a == 80 || a == 54 || a == 1 || a == 18 || a == 59 || a == 81): null

16-05-2025T12:02:38 - [TEST_STEP][PASSED] - else: null

16-05-2025T12:02:38 - [TEST_STEP][PASSED] - path = dataFolder + typeOfData + " за отчётный период " + b: null

16-05-2025T12:02:38 - [TEST_STEP][PASSED] - println(path): null

16-05-2025T12:02:38 - [TEST_STEP][PASSED] - page = getText(findTestObject(path)): Text of object 'Object Repository/Выполнение бизнес-плана/Значения со страницы Выполнение бизнес-плана/План Отпуск в сеть за отчётный период Архангельский филиал' is: '745 514'

16-05-2025T12:02:38 - [MESSAGE][PASSED] - Text of object 'Object Repository/Выполнение бизнес-плана/Значения со страницы Выполнение бизнес-плана/План Отпуск в сеть за отчётный период Архангельский филиал' is: '745 514'

16-05-2025T12:02:38 - [TEST_STEP][PASSED] - if (page == "" || page == null): null

16-05-2025T12:02:38 - [TEST_STEP][PASSED] - else: null

16-05-2025T12:02:38 - [TEST_STEP][PASSED] - page = page.replaceAll("\s+", ""): null

16-05-2025T12:02:38 - [TEST_STEP][PASSED] - if (page == "undefined"): null

16-05-2025T12:02:38 - [TEST_STEP][PASSED] - fileOtpuskVSet = otpusk.toInteger(): null

16-05-2025T12:02:38 - [TEST_STEP][PASSED] - pageOtpuskVSet = page.toInteger(): null

16-05-2025T12:02:38 - [TEST_STEP][PASSED] - typeOfData = typeOfDataMain + " Потери": null

16-05-2025T12:02:38 - [TEST_STEP][PASSED] - if (a == 82): null

16-05-2025T12:02:38 - [TEST_STEP][PASSED] - else if (a == 84): null

16-05-2025T12:02:38 - [TEST_STEP][PASSED] - else if (a == 83 || a == 52 || a == 72 || a == 28 || a == 73 || a == 77 || a == 74 || a == 65 || a == 36 || a == 44 || a == 53 || a == 80 || a == 54 || a == 1 || a == 18 || a == 59 || a == 81): null

16-05-2025T12:02:38 - [TEST_STEP][PASSED] - else: null

16-05-2025T12:02:38 - [TEST_STEP][PASSED] - path = dataFolder + typeOfData + " за отчётный период " + b: null

16-05-2025T12:02:38 - [TEST_STEP][PASSED] - page = getText(findTestObject(path)): Text of object 'Object Repository/Выполнение бизнес-плана/Значения со страницы Выполнение бизнес-плана/План Потери за отчётный период Архангельский филиал' is: '64 507'

16-05-2025T12:02:38 - [MESSAGE][PASSED] - Text of object 'Object Repository/Выполнение бизнес-плана/Значения со страницы Выполнение бизнес-плана/План Потери за отчётный период Архангельский филиал' is: '64 507'

16-05-2025T12:02:38 - [TEST_STEP][PASSED] - if (page == "" || page == null): null

16-05-2025T12:02:38 - [TEST_STEP][PASSED] - else: null

16-05-2025T12:02:38 - [TEST_STEP][PASSED] - page = page.replaceAll("\s+", ""): null

16-05-2025T12:02:38 - [TEST_STEP][PASSED] - if (page == "undefined"): null

16-05-2025T12:02:38 - [TEST_STEP][PASSED] - filePoteri = poteri.toInteger(): null

16-05-2025T12:02:38 - [TEST_STEP][PASSED] - pagePoteri = page.toInteger(): null

16-05-2025T12:02:38 - [TEST_STEP][PASSED] - compare = pageOtpuskVSet: null

16-05-2025T12:02:38 - [TEST_STEP][PASSED] - if (pageOtpuskVSet != null): null

16-05-2025T12:02:38 - [TEST_STEP][PASSED] - if (compare == fileOtpuskVSet): null

16-05-2025T12:02:38 - [TEST_STEP][PASSED] - else if (compare > fileOtpuskVSet): null

16-05-2025T12:02:38 - [TEST_STEP][PASSED] - else if (compare < fileOtpuskVSet): null

16-05-2025T12:02:38 - [TEST_STEP][PASSED] - compare = compare + 1: null

16-05-2025T12:02:38 - [TEST_STEP][PASSED] - if (compare == fileOtpuskVSet): null

16-05-2025T12:02:38 - [TEST_STEP][PASSED] - else: null

16-05-2025T12:02:38 - [TEST_STEP][PASSED] - numberOfErrors = numberOfErrors + 1: null

16-05-2025T12:02:38 - [TEST_STEP][PASSED] - pageInt = pageOtpuskVSet: null

16-05-2025T12:02:38 - [TEST_STEP][PASSED] - fileInt = fileOtpuskVSet: null

16-05-2025T12:02:38 - [TEST_STEP][PASSED] - typeOfData = typeOfDataMain + " Отпуск в сеть": null

16-05-2025T12:02:38 - [TEST_STEP][PASSED] - Script1718980020443.WriteToExcel(a, typeOfData, todaysDate, pageInt, fileInt, pageDouble, fileDouble, dZO): null

16-05-2025T12:02:38 - [TEST_STEP][PASSED] - sheetName = "Sheet1": null

16-05-2025T12:02:38 - [TEST_STEP][PASSED] - data = findTestData("PlanFact"): null

16-05-2025T12:02:38 - [TEST_STEP][PASSED] - n = data.getRowNumbers() + 1: null

16-05-2025T12:02:38 - [TEST_STEP][PASSED] - day = ")).toInteger(): null

16-05-2025T12:02:38 - [TEST_STEP][PASSED] - println(day): null

16-05-2025T12:02:38 - [TEST_STEP][PASSED] - month = ")).toInteger(): null

16-05-2025T12:02:38 - [TEST_STEP][PASSED] - println(month): null

16-05-2025T12:02:38 - [TEST_STEP][PASSED] - y = <not implemented yet for class: org.codehaus.groovy.ast.expr.EmptyExpression>: null

16-05-2025T12:02:38 - [TEST_STEP][PASSED] - iy = <not implemented yet for class: org.codehaus.groovy.ast.expr.EmptyExpression>: null

16-05-2025T12:02:38 - [TEST_STEP][PASSED] - m = getText(findTestObject("Выполнение бизнес-плана/Период")): Text of object 'Object Repository/Выполнение бизнес-плана/Период' is: '1 кв. 2025 года'

16-05-2025T12:02:39 - [MESSAGE][PASSED] - Text of object 'Object Repository/Выполнение бизнес-плана/Период' is: '1 кв. 2025 года'

16-05-2025T12:02:39 - [TEST_STEP][PASSED] - iy = m.indexOf("20"): null

16-05-2025T12:02:39 - [TEST_STEP][PASSED] - if (iy > -1): null

16-05-2025T12:02:39 - [TEST_STEP][PASSED] - y = substring(iy, iy + 4).toInteger(): null

16-05-2025T12:02:39 - [TEST_STEP][PASSED] - println(y): null

16-05-2025T12:02:39 - [TEST_STEP][PASSED] - if (toString().length() == 4): null

16-05-2025T12:02:39 - [TEST_STEP][PASSED] - m = m.substring(0, m.indexOf(y.toString())): null

16-05-2025T12:02:39 - [TEST_STEP][PASSED] - m = m.trim(): null

16-05-2025T12:02:39 - [TEST_STEP][PASSED] - if (m == ""): null

16-05-2025T12:02:39 - [TEST_STEP][PASSED] - dashboardName = "Выполнение бизнес-плана": null

16-05-2025T12:02:39 - [TEST_STEP][PASSED] - workbook01 = getWorkbook(excelFilePath): null

16-05-2025T12:02:39 - [TEST_STEP][PASSED] - sheet01 = getExcelSheet(workbook01, sheetName): null

16-05-2025T12:02:39 - [TEST_STEP][PASSED] - setValueToCellByIndex(sheet01, n, 0, dashboardName): null

16-05-2025T12:02:39 - [TEST_STEP][PASSED] - setValueToCellByIndex(sheet01, n, 1, dZO): null

16-05-2025T12:02:39 - [TEST_STEP][PASSED] - setValueToCellByIndex(sheet01, n, 2, typeOfData): null

16-05-2025T12:02:39 - [TEST_STEP][PASSED] - if (typeOfData == "Факт в процентах" || typeOfData == "План в процентах"): null

16-05-2025T12:02:39 - [TEST_STEP][PASSED] - else: null

16-05-2025T12:02:39 - [TEST_STEP][PASSED] - setValueToCellByIndex(sheet01, n, 3, fileInt): null

16-05-2025T12:02:39 - [TEST_STEP][PASSED] - setValueToCellByIndex(sheet01, n, 4, pageInt): null

16-05-2025T12:02:39 - [TEST_STEP][PASSED] - setValueToCellByIndex(sheet01, n, 5, m): null

16-05-2025T12:02:39 - [TEST_STEP][PASSED] - setValueToCellByIndex(sheet01, n, 6, y): null

16-05-2025T12:02:39 - [TEST_STEP][PASSED] - setValueToCellByIndex(sheet01, n, 7, todaysDate): null

16-05-2025T12:02:39 - [TEST_STEP][PASSED] - n = n + 1: null

16-05-2025T12:02:39 - [TEST_STEP][PASSED] - saveWorkbook(excelFilePath, workbook01): null

16-05-2025T12:02:39 - [TEST_STEP][PASSED] - compare = pagePoteri: null

16-05-2025T12:02:39 - [TEST_STEP][PASSED] - if (pageOtpuskVSet != null): null

16-05-2025T12:02:39 - [TEST_STEP][PASSED] - if (compare == filePoteri): null

16-05-2025T12:02:39 - [TEST_STEP][PASSED] - else if (compare > filePoteri): null

16-05-2025T12:02:39 - [TEST_STEP][PASSED] - else if (compare < filePoteri): null

16-05-2025T12:02:39 - [TEST_STEP][PASSED] - compare = compare + 1: null

16-05-2025T12:02:39 - [TEST_STEP][PASSED] - if (compare == filePoteri): null

16-05-2025T12:02:39 - [TEST_STEP][PASSED] - else: null

16-05-2025T12:02:39 - [TEST_STEP][PASSED] - numberOfErrors = numberOfErrors + 1: null

16-05-2025T12:02:39 - [TEST_STEP][PASSED] - pageInt = pagePoteri: null

16-05-2025T12:02:39 - [TEST_STEP][PASSED] - fileInt = filePoteri: null

16-05-2025T12:02:39 - [TEST_STEP][PASSED] - typeOfData = typeOfDataMain + " Потери": null

16-05-2025T12:02:39 - [TEST_STEP][PASSED] - Script1718980020443.WriteToExcel(a, typeOfData, todaysDate, pageInt, fileInt, pageDouble, fileDouble, dZO): null

16-05-2025T12:02:39 - [TEST_STEP][PASSED] - sheetName = "Sheet1": null

16-05-2025T12:02:39 - [TEST_STEP][PASSED] - data = findTestData("PlanFact"): null

16-05-2025T12:02:39 - [TEST_STEP][PASSED] - n = data.getRowNumbers() + 1: null

16-05-2025T12:02:39 - [TEST_STEP][PASSED] - day = ")).toInteger(): null

16-05-2025T12:02:39 - [TEST_STEP][PASSED] - println(day): null

16-05-2025T12:02:39 - [TEST_STEP][PASSED] - month = ")).toInteger(): null

16-05-2025T12:02:39 - [TEST_STEP][PASSED] - println(month): null

16-05-2025T12:02:39 - [TEST_STEP][PASSED] - y = <not implemented yet for class: org.codehaus.groovy.ast.expr.EmptyExpression>: null

16-05-2025T12:02:39 - [TEST_STEP][PASSED] - iy = <not implemented yet for class: org.codehaus.groovy.ast.expr.EmptyExpression>: null

16-05-2025T12:02:39 - [TEST_STEP][PASSED] - m = getText(findTestObject("Выполнение бизнес-плана/Период")): Text of object 'Object Repository/Выполнение бизнес-плана/Период' is: '1 кв. 2025 года'

16-05-2025T12:02:39 - [MESSAGE][PASSED] - Text of object 'Object Repository/Выполнение бизнес-плана/Период' is: '1 кв. 2025 года'

16-05-2025T12:02:39 - [TEST_STEP][PASSED] - iy = m.indexOf("20"): null

16-05-2025T12:02:39 - [TEST_STEP][PASSED] - if (iy > -1): null

16-05-2025T12:02:39 - [TEST_STEP][PASSED] - y = substring(iy, iy + 4).toInteger(): null

16-05-2025T12:02:39 - [TEST_STEP][PASSED] - println(y): null

16-05-2025T12:02:39 - [TEST_STEP][PASSED] - if (toString().length() == 4): null

16-05-2025T12:02:39 - [TEST_STEP][PASSED] - m = m.substring(0, m.indexOf(y.toString())): null

16-05-2025T12:02:39 - [TEST_STEP][PASSED] - m = m.trim(): null

16-05-2025T12:02:39 - [TEST_STEP][PASSED] - if (m == ""): null

16-05-2025T12:02:39 - [TEST_STEP][PASSED] - dashboardName = "Выполнение бизнес-плана": null

16-05-2025T12:02:39 - [TEST_STEP][PASSED] - workbook01 = getWorkbook(excelFilePath): null

16-05-2025T12:02:39 - [TEST_STEP][PASSED] - sheet01 = getExcelSheet(workbook01, sheetName): null

16-05-2025T12:02:39 - [TEST_STEP][PASSED] - setValueToCellByIndex(sheet01, n, 0, dashboardName): null

16-05-2025T12:02:39 - [TEST_STEP][PASSED] - setValueToCellByIndex(sheet01, n, 1, dZO): null

16-05-2025T12:02:39 - [TEST_STEP][PASSED] - setValueToCellByIndex(sheet01, n, 2, typeOfData): null

16-05-2025T12:02:39 - [TEST_STEP][PASSED] - if (typeOfData == "Факт в процентах" || typeOfData == "План в процентах"): null

16-05-2025T12:02:39 - [TEST_STEP][PASSED] - else: null

16-05-2025T12:02:39 - [TEST_STEP][PASSED] - setValueToCellByIndex(sheet01, n, 3, fileInt): null

16-05-2025T12:02:39 - [TEST_STEP][PASSED] - setValueToCellByIndex(sheet01, n, 4, pageInt): null

16-05-2025T12:02:39 - [TEST_STEP][PASSED] - setValueToCellByIndex(sheet01, n, 5, m): null

16-05-2025T12:02:39 - [TEST_STEP][PASSED] - setValueToCellByIndex(sheet01, n, 6, y): null

16-05-2025T12:02:39 - [TEST_STEP][PASSED] - setValueToCellByIndex(sheet01, n, 7, todaysDate): null

16-05-2025T12:02:39 - [TEST_STEP][PASSED] - n = n + 1: null

16-05-2025T12:02:39 - [TEST_STEP][PASSED] - saveWorkbook(excelFilePath, workbook01): Object: 'Object Repository/Выполнение бизнес-плана/Кнопка Факт' is clicked on

16-05-2025T12:02:40 - [TEST_STEP][PASSED] - if (planFact == 2): Object: 'Object Repository/Выполнение бизнес-плана/Кнопка Факт' is clicked on

16-05-2025T12:02:40 - [TEST_STEP][PASSED] - click(findTestObject("Выполнение бизнес-плана/Кнопка Факт")): Object: 'Object Repository/Выполнение бизнес-плана/Кнопка Факт' is clicked on

16-05-2025T12:02:40 - [MESSAGE][PASSED] - Object: 'Object Repository/Выполнение бизнес-плана/Кнопка Факт' is clicked on

16-05-2025T12:02:40 - [TEST_STEP][PASSED] - println("a=" + a): null

16-05-2025T12:02:40 - [TEST_STEP][PASSED] - if (a == 84 || a == 82): null

16-05-2025T12:02:40 - [TEST_STEP][PASSED] - else if (a == 83 || a == 52 || a == 72 || a == 28 || a == 73 || a == 77 || a == 74 || a == 65 || a == 36 || a == 44 || a == 53 || a == 80 || a == 54 || a == 1 || a == 18 || a == 59 || a == 81): null

16-05-2025T12:02:40 - [TEST_STEP][PASSED] - else: null

16-05-2025T12:02:40 - [TEST_STEP][PASSED] - page1 = getText(findTestObject("Object Repository/Выполнение бизнес-плана/spanPlan" + filialNum)): Text of object 'Object Repository/Выполнение бизнес-плана/spanPlan1' is: '8.65
|'

16-05-2025T12:02:40 - [MESSAGE][PASSED] - Text of object 'Object Repository/Выполнение бизнес-плана/spanPlan1' is: '8.65
|'

16-05-2025T12:02:40 - [TEST_STEP][PASSED] - page1 = page1.replace("|", ""): null

16-05-2025T12:02:40 - [TEST_STEP][PASSED] - page2 = getText(findTestObject("Object Repository/Выполнение бизнес-плана/spanFact" + filialNum)): Text of object 'Object Repository/Выполнение бизнес-плана/spanFact1' is: '5.69
|'

16-05-2025T12:02:41 - [MESSAGE][PASSED] - Text of object 'Object Repository/Выполнение бизнес-плана/spanFact1' is: '5.69
|'

16-05-2025T12:02:41 - [TEST_STEP][PASSED] - page2 = page2.replace("|", ""): null

16-05-2025T12:02:41 - [TEST_STEP][PASSED] - println("page1: " + page1): null

16-05-2025T12:02:41 - [TEST_STEP][PASSED] - println("page2: " + page2): null

16-05-2025T12:02:41 - [TEST_STEP][PASSED] - file = findTestData("PlanFact").getValue(4, a): null

16-05-2025T12:02:41 - [TEST_STEP][PASSED] - file = file.replace(",", "."): null

16-05-2025T12:02:41 - [TEST_STEP][PASSED] - println("file Plan: " + file): null

16-05-2025T12:02:41 - [TEST_STEP][PASSED] - typeOfData = "План в процентах": null

16-05-2025T12:02:41 - [TEST_STEP][PASSED] - fileDouble = file.toDouble(): null

16-05-2025T12:02:41 - [TEST_STEP][PASSED] - pageDouble = page1.toDouble(): null

16-05-2025T12:02:41 - [TEST_STEP][PASSED] - if (fileDouble != pageDouble): null

16-05-2025T12:02:41 - [TEST_STEP][PASSED] - numberOfErrors = numberOfErrors + 1: null

16-05-2025T12:02:41 - [TEST_STEP][PASSED] - Script1718980020443.WriteToExcel(a, typeOfData, todaysDate, pageInt, fileInt, pageDouble, fileDouble, dZO): null

16-05-2025T12:02:41 - [TEST_STEP][PASSED] - sheetName = "Sheet1": null

16-05-2025T12:02:41 - [TEST_STEP][PASSED] - data = findTestData("PlanFact"): null

16-05-2025T12:02:41 - [TEST_STEP][PASSED] - n = data.getRowNumbers() + 1: null

16-05-2025T12:02:41 - [TEST_STEP][PASSED] - day = ")).toInteger(): null

16-05-2025T12:02:41 - [TEST_STEP][PASSED] - println(day): null

16-05-2025T12:02:41 - [TEST_STEP][PASSED] - month = ")).toInteger(): null

16-05-2025T12:02:41 - [TEST_STEP][PASSED] - println(month): null

16-05-2025T12:02:41 - [TEST_STEP][PASSED] - y = <not implemented yet for class: org.codehaus.groovy.ast.expr.EmptyExpression>: null

16-05-2025T12:02:41 - [TEST_STEP][PASSED] - iy = <not implemented yet for class: org.codehaus.groovy.ast.expr.EmptyExpression>: null

16-05-2025T12:02:41 - [TEST_STEP][PASSED] - m = getText(findTestObject("Выполнение бизнес-плана/Период")): Text of object 'Object Repository/Выполнение бизнес-плана/Период' is: '1 кв. 2025 года'

16-05-2025T12:02:41 - [MESSAGE][PASSED] - Text of object 'Object Repository/Выполнение бизнес-плана/Период' is: '1 кв. 2025 года'

16-05-2025T12:02:41 - [TEST_STEP][PASSED] - iy = m.indexOf("20"): null

16-05-2025T12:02:41 - [TEST_STEP][PASSED] - if (iy > -1): null

16-05-2025T12:02:41 - [TEST_STEP][PASSED] - y = substring(iy, iy + 4).toInteger(): null

16-05-2025T12:02:41 - [TEST_STEP][PASSED] - println(y): null

16-05-2025T12:02:41 - [TEST_STEP][PASSED] - if (toString().length() == 4): null

16-05-2025T12:02:41 - [TEST_STEP][PASSED] - m = m.substring(0, m.indexOf(y.toString())): null

16-05-2025T12:02:41 - [TEST_STEP][PASSED] - m = m.trim(): null

16-05-2025T12:02:41 - [TEST_STEP][PASSED] - if (m == ""): null

16-05-2025T12:02:41 - [TEST_STEP][PASSED] - dashboardName = "Выполнение бизнес-плана": null

16-05-2025T12:02:41 - [TEST_STEP][PASSED] - workbook01 = getWorkbook(excelFilePath): null

16-05-2025T12:02:41 - [TEST_STEP][PASSED] - sheet01 = getExcelSheet(workbook01, sheetName): null

16-05-2025T12:02:41 - [TEST_STEP][PASSED] - setValueToCellByIndex(sheet01, n, 0, dashboardName): null

16-05-2025T12:02:41 - [TEST_STEP][PASSED] - setValueToCellByIndex(sheet01, n, 1, dZO): null

16-05-2025T12:02:41 - [TEST_STEP][PASSED] - setValueToCellByIndex(sheet01, n, 2, typeOfData): null

16-05-2025T12:02:41 - [TEST_STEP][PASSED] - if (typeOfData == "Факт в процентах" || typeOfData == "План в процентах"): null

16-05-2025T12:02:41 - [TEST_STEP][PASSED] - setValueToCellByIndex(sheet01, n, 3, fileDouble): null

16-05-2025T12:02:41 - [TEST_STEP][PASSED] - setValueToCellByIndex(sheet01, n, 4, pageDouble): null

16-05-2025T12:02:41 - [TEST_STEP][PASSED] - setValueToCellByIndex(sheet01, n, 5, m): null

16-05-2025T12:02:41 - [TEST_STEP][PASSED] - setValueToCellByIndex(sheet01, n, 6, y): null

16-05-2025T12:02:41 - [TEST_STEP][PASSED] - setValueToCellByIndex(sheet01, n, 7, todaysDate): null

16-05-2025T12:02:41 - [TEST_STEP][PASSED] - n = n + 1: null

16-05-2025T12:02:41 - [TEST_STEP][PASSED] - saveWorkbook(excelFilePath, workbook01): null

16-05-2025T12:02:41 - [TEST_STEP][PASSED] - file = findTestData("PlanFact").getValue(7, a): null

16-05-2025T12:02:41 - [TEST_STEP][PASSED] - file = file.replace(",", "."): null

16-05-2025T12:02:41 - [TEST_STEP][PASSED] - println("file Fact: " + file): null

16-05-2025T12:02:41 - [TEST_STEP][PASSED] - fileDouble = file.toDouble(): null

16-05-2025T12:02:41 - [TEST_STEP][PASSED] - typeOfData = "Факт в процентах": null

16-05-2025T12:02:41 - [TEST_STEP][PASSED] - fileDouble = file.toDouble(): null

16-05-2025T12:02:41 - [TEST_STEP][PASSED] - pageDouble = page2.toDouble(): null

16-05-2025T12:02:41 - [TEST_STEP][PASSED] - if (fileDouble != pageDouble): null

16-05-2025T12:02:41 - [TEST_STEP][PASSED] - numberOfErrors = numberOfErrors + 1: null

16-05-2025T12:02:41 - [TEST_STEP][PASSED] - Script1718980020443.WriteToExcel(a, typeOfData, todaysDate, pageInt, fileInt, pageDouble, fileDouble, dZO): null

16-05-2025T12:02:41 - [TEST_STEP][PASSED] - sheetName = "Sheet1": null

16-05-2025T12:02:41 - [TEST_STEP][PASSED] - data = findTestData("PlanFact"): null

16-05-2025T12:02:41 - [TEST_STEP][PASSED] - n = data.getRowNumbers() + 1: null

16-05-2025T12:02:41 - [TEST_STEP][PASSED] - day = ")).toInteger(): null

16-05-2025T12:02:41 - [TEST_STEP][PASSED] - println(day): null

16-05-2025T12:02:41 - [TEST_STEP][PASSED] - month = ")).toInteger(): null

16-05-2025T12:02:41 - [TEST_STEP][PASSED] - println(month): null

16-05-2025T12:02:41 - [TEST_STEP][PASSED] - y = <not implemented yet for class: org.codehaus.groovy.ast.expr.EmptyExpression>: null

16-05-2025T12:02:41 - [TEST_STEP][PASSED] - iy = <not implemented yet for class: org.codehaus.groovy.ast.expr.EmptyExpression>: null

16-05-2025T12:02:41 - [TEST_STEP][PASSED] - m = getText(findTestObject("Выполнение бизнес-плана/Период")): Text of object 'Object Repository/Выполнение бизнес-плана/Период' is: '1 кв. 2025 года'

16-05-2025T12:02:42 - [MESSAGE][PASSED] - Text of object 'Object Repository/Выполнение бизнес-плана/Период' is: '1 кв. 2025 года'

16-05-2025T12:02:42 - [TEST_STEP][PASSED] - iy = m.indexOf("20"): null

16-05-2025T12:02:42 - [TEST_STEP][PASSED] - if (iy > -1): null

16-05-2025T12:02:42 - [TEST_STEP][PASSED] - y = substring(iy, iy + 4).toInteger(): null

16-05-2025T12:02:42 - [TEST_STEP][PASSED] - println(y): null

16-05-2025T12:02:42 - [TEST_STEP][PASSED] - if (toString().length() == 4): null

16-05-2025T12:02:42 - [TEST_STEP][PASSED] - m = m.substring(0, m.indexOf(y.toString())): null

16-05-2025T12:02:42 - [TEST_STEP][PASSED] - m = m.trim(): null

16-05-2025T12:02:42 - [TEST_STEP][PASSED] - if (m == ""): null

16-05-2025T12:02:42 - [TEST_STEP][PASSED] - dashboardName = "Выполнение бизнес-плана": null

16-05-2025T12:02:42 - [TEST_STEP][PASSED] - workbook01 = getWorkbook(excelFilePath): null

16-05-2025T12:02:42 - [TEST_STEP][PASSED] - sheet01 = getExcelSheet(workbook01, sheetName): null

16-05-2025T12:02:42 - [TEST_STEP][PASSED] - setValueToCellByIndex(sheet01, n, 0, dashboardName): null

16-05-2025T12:02:42 - [TEST_STEP][PASSED] - setValueToCellByIndex(sheet01, n, 1, dZO): null

16-05-2025T12:02:42 - [TEST_STEP][PASSED] - setValueToCellByIndex(sheet01, n, 2, typeOfData): null

16-05-2025T12:02:42 - [TEST_STEP][PASSED] - if (typeOfData == "Факт в процентах" || typeOfData == "План в процентах"): null

16-05-2025T12:02:42 - [TEST_STEP][PASSED] - setValueToCellByIndex(sheet01, n, 3, fileDouble): null

16-05-2025T12:02:42 - [TEST_STEP][PASSED] - setValueToCellByIndex(sheet01, n, 4, pageDouble): null

16-05-2025T12:02:42 - [TEST_STEP][PASSED] - setValueToCellByIndex(sheet01, n, 5, m): null

16-05-2025T12:02:42 - [TEST_STEP][PASSED] - setValueToCellByIndex(sheet01, n, 6, y): null

16-05-2025T12:02:42 - [TEST_STEP][PASSED] - setValueToCellByIndex(sheet01, n, 7, todaysDate): null

16-05-2025T12:02:42 - [TEST_STEP][PASSED] - n = n + 1: null

16-05-2025T12:02:42 - [TEST_STEP][PASSED] - saveWorkbook(excelFilePath, workbook01): null

16-05-2025T12:02:42 - [TEST_STEP][FAILED] - if (verifyEqual(numberOfErrors, 0) == false): null

16-05-2025T12:02:42 - [MESSAGE][FAILED] - Unable to verify equal between actual object '6' and expected object '0' (Root cause: com.kms.katalon.core.exception.StepFailedException: Actual object '6' and expected object '0' are not equal
	at com.kms.katalon.core.keyword.builtin.VerifyEqualKeyword$_verifyEqual_closure1.doCall(VerifyEqualKeyword.groovy:58)
	at com.kms.katalon.core.keyword.builtin.VerifyEqualKeyword$_verifyEqual_closure1.call(VerifyEqualKeyword.groovy)
	at com.kms.katalon.core.keyword.internal.KeywordMain.runKeyword(KeywordMain.groovy:75)
	at com.kms.katalon.core.keyword.builtin.VerifyEqualKeyword.verifyEqual(VerifyEqualKeyword.groovy:63)
	at com.kms.katalon.core.keyword.builtin.VerifyEqualKeyword.execute(VerifyEqualKeyword.groovy:44)
	at com.kms.katalon.core.keyword.internal.KeywordExecutor.executeKeywordForPlatform(KeywordExecutor.groovy:74)
	at com.kms.katalon.core.keyword.BuiltinKeywords.verifyEqual(BuiltinKeywords.groovy:146)
	at jdk.internal.reflect.GeneratedMethodAccessor24.invoke(Unknown Source)
	at java.base/jdk.internal.reflect.DelegatingMethodAccessorImpl.invoke(DelegatingMethodAccessorImpl.java:43)
	at Выполнение бизнес-плана Сверка ПАО Россети все филиалы.Numbers(Выполнение бизнес-плана Сверка ПАО Россети все филиалы:740)
	at Выполнение бизнес-плана Сверка ПАО Россети все филиалы.Filials(Выполнение бизнес-плана Сверка ПАО Россети все филиалы:1469)
	at Выполнение бизнес-плана Сверка ПАО Россети все филиалы.Numbers(Выполнение бизнес-плана Сверка ПАО Россети все филиалы:747)
	at Выполнение бизнес-плана Сверка ПАО Россети все филиалы.run(Выполнение бизнес-плана Сверка ПАО Россети все филиалы:297)
	at com.kms.katalon.core.main.ScriptEngine.run(ScriptEngine.java:194)
	at com.kms.katalon.core.main.ScriptEngine.runScriptAsRawText(ScriptEngine.java:119)
	at com.kms.katalon.core.main.TestCaseExecutor.runScript(TestCaseExecutor.java:448)
	at com.kms.katalon.core.main.TestCaseExecutor.doExecute(TestCaseExecutor.java:439)
	at com.kms.katalon.core.main.TestCaseExecutor.processExecutionPhase(TestCaseExecutor.java:418)
	at com.kms.katalon.core.main.TestCaseExecutor.accessMainPhase(TestCaseExecutor.java:410)
	at com.kms.katalon.core.main.TestCaseExecutor.execute(TestCaseExecutor.java:285)
	at com.kms.katalon.core.common.CommonExecutor.accessTestCaseMainPhase(CommonExecutor.java:65)
	at com.kms.katalon.core.main.TestSuiteExecutor.accessTestSuiteMainPhase(TestSuiteExecutor.java:150)
	at com.kms.katalon.core.main.TestSuiteExecutor.execute(TestSuiteExecutor.java:106)
	at com.kms.katalon.core.main.TestCaseMain.startTestSuite(TestCaseMain.java:180)
	at TempTestSuite1747369435659.run(TempTestSuite1747369435659.groovy:35)
	at java.base/jdk.internal.reflect.NativeMethodAccessorImpl.invoke0(Native Method)
	at java.base/jdk.internal.reflect.NativeMethodAccessorImpl.invoke(NativeMethodAccessorImpl.java:77)
	at java.base/jdk.internal.reflect.DelegatingMethodAccessorImpl.invoke(DelegatingMethodAccessorImpl.java:43)
)

16-05-2025T12:02:42 - [TEST_STEP][PASSED] - println(numberOfErrors): null

16-05-2025T12:02:42 - [TEST_STEP][PASSED] - println("a=" + a): null

16-05-2025T12:02:42 - [TEST_STEP][PASSED] - if (a == 28 || a == 77 || a == 74 || a == 65 || a == 36 || a == 44 || a == 54 || a == 1 || a == 18 || a == 59): null

16-05-2025T12:02:42 - [TEST_STEP][PASSED] - if (a == 82): null

16-05-2025T12:02:42 - [TEST_STEP][PASSED] - dZO = "Вологодский филиал": null

16-05-2025T12:02:42 - [TEST_STEP][PASSED] - a = 38: null

16-05-2025T12:02:42 - [TEST_STEP][PASSED] - dzoCut = dZO.substring(0, 10): null

16-05-2025T12:02:42 - [TEST_STEP][PASSED] - if (x2.contains(dzoCut)): null

16-05-2025T12:02:42 - [TEST_STEP][PASSED] - filialNum = filialNum + 1: null

16-05-2025T12:02:42 - [TEST_STEP][PASSED] - Script1718980020443.Numbers(a, typeOfData, todaysDate, pageInt, fileInt, pageDouble, fileDouble, dZO, dzoNum, filialNum): null

16-05-2025T12:02:42 - [TEST_STEP][PASSED] - println(dzoNum): null

16-05-2025T12:02:42 - [TEST_STEP][PASSED] - planFact = <not implemented yet for class: org.codehaus.groovy.ast.expr.EmptyExpression>: null

16-05-2025T12:02:42 - [TEST_STEP][PASSED] - page = <not implemented yet for class: org.codehaus.groovy.ast.expr.EmptyExpression>: null

16-05-2025T12:02:42 - [TEST_STEP][PASSED] - page1 = <not implemented yet for class: org.codehaus.groovy.ast.expr.EmptyExpression>: null

16-05-2025T12:02:42 - [TEST_STEP][PASSED] - page2 = <not implemented yet for class: org.codehaus.groovy.ast.expr.EmptyExpression>: null

16-05-2025T12:02:42 - [TEST_STEP][PASSED] - filialNumberInRow = <not implemented yet for class: org.codehaus.groovy.ast.expr.EmptyExpression>: null

16-05-2025T12:02:42 - [TEST_STEP][PASSED] - filialsDzoNames = <not implemented yet for class: org.codehaus.groovy.ast.expr.EmptyExpression>: null

16-05-2025T12:02:42 - [TEST_STEP][PASSED] - numberOfFilials = <not implemented yet for class: org.codehaus.groovy.ast.expr.EmptyExpression>: null

16-05-2025T12:02:42 - [TEST_STEP][PASSED] - numberOfSpaces = <not implemented yet for class: org.codehaus.groovy.ast.expr.EmptyExpression>: null

16-05-2025T12:02:42 - [TEST_STEP][PASSED] - file = <not implemented yet for class: org.codehaus.groovy.ast.expr.EmptyExpression>: null

16-05-2025T12:02:42 - [TEST_STEP][PASSED] - otpusk = <not implemented yet for class: org.codehaus.groovy.ast.expr.EmptyExpression>: null

16-05-2025T12:02:42 - [TEST_STEP][PASSED] - poteri = <not implemented yet for class: org.codehaus.groovy.ast.expr.EmptyExpression>: null

16-05-2025T12:02:42 - [TEST_STEP][PASSED] - dataFolder = "Выполнение бизнес-плана/Значения со страницы Выполнение бизнес-плана/": null

16-05-2025T12:02:42 - [TEST_STEP][PASSED] - path = <not implemented yet for class: org.codehaus.groovy.ast.expr.EmptyExpression>: null

16-05-2025T12:02:42 - [TEST_STEP][PASSED] - typeOfDataMain = <not implemented yet for class: org.codehaus.groovy.ast.expr.EmptyExpression>: null

16-05-2025T12:02:42 - [TEST_STEP][PASSED] - fileOtpuskVSet = <not implemented yet for class: org.codehaus.groovy.ast.expr.EmptyExpression>: null

16-05-2025T12:02:42 - [TEST_STEP][PASSED] - pageOtpuskVSet = <not implemented yet for class: org.codehaus.groovy.ast.expr.EmptyExpression>: null

16-05-2025T12:02:42 - [TEST_STEP][PASSED] - filePoteri = <not implemented yet for class: org.codehaus.groovy.ast.expr.EmptyExpression>: null

16-05-2025T12:02:42 - [TEST_STEP][PASSED] - pagePoteri = <not implemented yet for class: org.codehaus.groovy.ast.expr.EmptyExpression>: null

16-05-2025T12:02:42 - [TEST_STEP][PASSED] - compare = <not implemented yet for class: org.codehaus.groovy.ast.expr.EmptyExpression>: null

16-05-2025T12:02:42 - [TEST_STEP][PASSED] - b = <not implemented yet for class: org.codehaus.groovy.ast.expr.EmptyExpression>: null

16-05-2025T12:02:42 - [TEST_STEP][PASSED] - i = <not implemented yet for class: org.codehaus.groovy.ast.expr.EmptyExpression>: null

16-05-2025T12:02:42 - [TEST_STEP][PASSED] - ii = <not implemented yet for class: org.codehaus.groovy.ast.expr.EmptyExpression>: null

16-05-2025T12:02:42 - [TEST_STEP][PASSED] - c = <not implemented yet for class: org.codehaus.groovy.ast.expr.EmptyExpression>: null

16-05-2025T12:02:42 - [TEST_STEP][PASSED] - numberOfErrors = 0: null

16-05-2025T12:02:42 - [TEST_STEP][PASSED] - if (a == 82): null

16-05-2025T12:02:42 - [TEST_STEP][PASSED] - b = findTestData("PlanFact").getValue(1, a): null

16-05-2025T12:02:42 - [TEST_STEP][PASSED] - i = b.indexOf(" (ГК)"): null

16-05-2025T12:02:42 - [TEST_STEP][PASSED] - if (i > -1): null

16-05-2025T12:02:42 - [TEST_STEP][PASSED] - i = b.indexOf("О ""): null

16-05-2025T12:02:42 - [TEST_STEP][PASSED] - if (i > -1): null

16-05-2025T12:02:42 - [TEST_STEP][PASSED] - i = b.indexOf("О «"): null

16-05-2025T12:02:42 - [TEST_STEP][PASSED] - if (i > -1): null

16-05-2025T12:02:42 - [TEST_STEP][PASSED] - i = b.indexOf("г. "): null

16-05-2025T12:02:42 - [TEST_STEP][PASSED] - if (i > -1): null

16-05-2025T12:02:42 - [TEST_STEP][PASSED] - b = b.trim(): null

16-05-2025T12:02:42 - [TEST_STEP][PASSED] - println(b): null

16-05-2025T12:02:42 - [TEST_STEP][PASSED] - for ([planFact = 1, planFact < 3, (planFact++)]): null

16-05-2025T12:02:42 - [TEST_STEP][PASSED] - if (planFact == 1): null

16-05-2025T12:02:42 - [TEST_STEP][PASSED] - typeOfDataMain = "Факт": null

16-05-2025T12:02:42 - [TEST_STEP][PASSED] - otpusk = findTestData("PlanFact").getValue(5, a): null

16-05-2025T12:02:42 - [TEST_STEP][PASSED] - poteri = findTestData("PlanFact").getValue(6, a): null

16-05-2025T12:02:42 - [TEST_STEP][PASSED] - otpusk = otpusk.replaceAll("\s+", ""): null

16-05-2025T12:02:42 - [TEST_STEP][PASSED] - poteri = poteri.replaceAll("\s+", ""): null

16-05-2025T12:02:42 - [TEST_STEP][PASSED] - typeOfData = typeOfDataMain + " Отпуск в сеть": null

16-05-2025T12:02:42 - [TEST_STEP][PASSED] - if (a == 82): null

16-05-2025T12:02:42 - [TEST_STEP][PASSED] - else if (a == 84): null

16-05-2025T12:02:42 - [TEST_STEP][PASSED] - else if (a == 83 || a == 52 || a == 72 || a == 28 || a == 73 || a == 77 || a == 74 || a == 65 || a == 36 || a == 44 || a == 53 || a == 80 || a == 54 || a == 1 || a == 18 || a == 59 || a == 81): null

16-05-2025T12:02:42 - [TEST_STEP][PASSED] - else: null

16-05-2025T12:02:42 - [TEST_STEP][PASSED] - path = dataFolder + typeOfData + " за отчётный период " + b: null

16-05-2025T12:02:42 - [TEST_STEP][PASSED] - println(path): null

16-05-2025T12:02:42 - [TEST_STEP][PASSED] - page = getText(findTestObject(path)): Text of object 'Object Repository/Выполнение бизнес-плана/Значения со страницы Выполнение бизнес-плана/Факт Отпуск в сеть за отчётный период Вологодский филиал' is: '851 165'

16-05-2025T12:02:43 - [MESSAGE][PASSED] - Text of object 'Object Repository/Выполнение бизнес-плана/Значения со страницы Выполнение бизнес-плана/Факт Отпуск в сеть за отчётный период Вологодский филиал' is: '851 165'

16-05-2025T12:02:43 - [TEST_STEP][PASSED] - if (page == "" || page == null): null

16-05-2025T12:02:43 - [TEST_STEP][PASSED] - else: null

16-05-2025T12:02:43 - [TEST_STEP][PASSED] - page = page.replaceAll("\s+", ""): null

16-05-2025T12:02:43 - [TEST_STEP][PASSED] - if (page == "undefined"): null

16-05-2025T12:02:43 - [TEST_STEP][PASSED] - fileOtpuskVSet = otpusk.toInteger(): null

16-05-2025T12:02:43 - [TEST_STEP][PASSED] - pageOtpuskVSet = page.toInteger(): null

16-05-2025T12:02:43 - [TEST_STEP][PASSED] - typeOfData = typeOfDataMain + " Потери": null

16-05-2025T12:02:43 - [TEST_STEP][PASSED] - if (a == 82): null

16-05-2025T12:02:43 - [TEST_STEP][PASSED] - else if (a == 84): null

16-05-2025T12:02:43 - [TEST_STEP][PASSED] - else if (a == 83 || a == 52 || a == 72 || a == 28 || a == 73 || a == 77 || a == 74 || a == 65 || a == 36 || a == 44 || a == 53 || a == 80 || a == 54 || a == 1 || a == 18 || a == 59 || a == 81): null

16-05-2025T12:02:43 - [TEST_STEP][PASSED] - else: null

16-05-2025T12:02:43 - [TEST_STEP][PASSED] - path = dataFolder + typeOfData + " за отчётный период " + b: null

16-05-2025T12:02:43 - [TEST_STEP][PASSED] - page = getText(findTestObject(path)): Text of object 'Object Repository/Выполнение бизнес-плана/Значения со страницы Выполнение бизнес-плана/Факт Потери за отчётный период Вологодский филиал' is: '43 709'

16-05-2025T12:02:43 - [MESSAGE][PASSED] - Text of object 'Object Repository/Выполнение бизнес-плана/Значения со страницы Выполнение бизнес-плана/Факт Потери за отчётный период Вологодский филиал' is: '43 709'

16-05-2025T12:02:43 - [TEST_STEP][PASSED] - if (page == "" || page == null): null

16-05-2025T12:02:43 - [TEST_STEP][PASSED] - else: null

16-05-2025T12:02:43 - [TEST_STEP][PASSED] - page = page.replaceAll("\s+", ""): null

16-05-2025T12:02:43 - [TEST_STEP][PASSED] - if (page == "undefined"): null

16-05-2025T12:02:43 - [TEST_STEP][PASSED] - filePoteri = poteri.toInteger(): null

16-05-2025T12:02:43 - [TEST_STEP][PASSED] - pagePoteri = page.toInteger(): null

16-05-2025T12:02:43 - [TEST_STEP][PASSED] - compare = pageOtpuskVSet: null

16-05-2025T12:02:43 - [TEST_STEP][PASSED] - if (pageOtpuskVSet != null): null

16-05-2025T12:02:43 - [TEST_STEP][PASSED] - if (compare == fileOtpuskVSet): null

16-05-2025T12:02:43 - [TEST_STEP][PASSED] - else if (compare > fileOtpuskVSet): null

16-05-2025T12:02:43 - [TEST_STEP][PASSED] - else if (compare < fileOtpuskVSet): null

16-05-2025T12:02:43 - [TEST_STEP][PASSED] - compare = compare + 1: null

16-05-2025T12:02:43 - [TEST_STEP][PASSED] - if (compare == fileOtpuskVSet): null

16-05-2025T12:02:43 - [TEST_STEP][PASSED] - else: null

16-05-2025T12:02:43 - [TEST_STEP][PASSED] - numberOfErrors = numberOfErrors + 1: null

16-05-2025T12:02:43 - [TEST_STEP][PASSED] - pageInt = pageOtpuskVSet: null

16-05-2025T12:02:43 - [TEST_STEP][PASSED] - fileInt = fileOtpuskVSet: null

16-05-2025T12:02:43 - [TEST_STEP][PASSED] - typeOfData = typeOfDataMain + " Отпуск в сеть": null

16-05-2025T12:02:43 - [TEST_STEP][PASSED] - Script1718980020443.WriteToExcel(a, typeOfData, todaysDate, pageInt, fileInt, pageDouble, fileDouble, dZO): null

16-05-2025T12:02:43 - [TEST_STEP][PASSED] - sheetName = "Sheet1": null

16-05-2025T12:02:43 - [TEST_STEP][PASSED] - data = findTestData("PlanFact"): null

16-05-2025T12:02:43 - [TEST_STEP][PASSED] - n = data.getRowNumbers() + 1: null

16-05-2025T12:02:43 - [TEST_STEP][PASSED] - day = ")).toInteger(): null

16-05-2025T12:02:43 - [TEST_STEP][PASSED] - println(day): null

16-05-2025T12:02:43 - [TEST_STEP][PASSED] - month = ")).toInteger(): null

16-05-2025T12:02:43 - [TEST_STEP][PASSED] - println(month): null

16-05-2025T12:02:43 - [TEST_STEP][PASSED] - y = <not implemented yet for class: org.codehaus.groovy.ast.expr.EmptyExpression>: null

16-05-2025T12:02:43 - [TEST_STEP][PASSED] - iy = <not implemented yet for class: org.codehaus.groovy.ast.expr.EmptyExpression>: null

16-05-2025T12:02:43 - [TEST_STEP][PASSED] - m = getText(findTestObject("Выполнение бизнес-плана/Период")): Text of object 'Object Repository/Выполнение бизнес-плана/Период' is: '1 кв. 2025 года'

16-05-2025T12:02:43 - [MESSAGE][PASSED] - Text of object 'Object Repository/Выполнение бизнес-плана/Период' is: '1 кв. 2025 года'

16-05-2025T12:02:43 - [TEST_STEP][PASSED] - iy = m.indexOf("20"): null

16-05-2025T12:02:43 - [TEST_STEP][PASSED] - if (iy > -1): null

16-05-2025T12:02:43 - [TEST_STEP][PASSED] - y = substring(iy, iy + 4).toInteger(): null

16-05-2025T12:02:43 - [TEST_STEP][PASSED] - println(y): null

16-05-2025T12:02:43 - [TEST_STEP][PASSED] - if (toString().length() == 4): null

16-05-2025T12:02:43 - [TEST_STEP][PASSED] - m = m.substring(0, m.indexOf(y.toString())): null

16-05-2025T12:02:43 - [TEST_STEP][PASSED] - m = m.trim(): null

16-05-2025T12:02:43 - [TEST_STEP][PASSED] - if (m == ""): null

16-05-2025T12:02:43 - [TEST_STEP][PASSED] - dashboardName = "Выполнение бизнес-плана": null

16-05-2025T12:02:43 - [TEST_STEP][PASSED] - workbook01 = getWorkbook(excelFilePath): null

16-05-2025T12:02:43 - [TEST_STEP][PASSED] - sheet01 = getExcelSheet(workbook01, sheetName): null

16-05-2025T12:02:43 - [TEST_STEP][PASSED] - setValueToCellByIndex(sheet01, n, 0, dashboardName): null

16-05-2025T12:02:43 - [TEST_STEP][PASSED] - setValueToCellByIndex(sheet01, n, 1, dZO): null

16-05-2025T12:02:43 - [TEST_STEP][PASSED] - setValueToCellByIndex(sheet01, n, 2, typeOfData): null

16-05-2025T12:02:43 - [TEST_STEP][PASSED] - if (typeOfData == "Факт в процентах" || typeOfData == "План в процентах"): null

16-05-2025T12:02:43 - [TEST_STEP][PASSED] - else: null

16-05-2025T12:02:43 - [TEST_STEP][PASSED] - setValueToCellByIndex(sheet01, n, 3, fileInt): null

16-05-2025T12:02:43 - [TEST_STEP][PASSED] - setValueToCellByIndex(sheet01, n, 4, pageInt): null

16-05-2025T12:02:43 - [TEST_STEP][PASSED] - setValueToCellByIndex(sheet01, n, 5, m): null

16-05-2025T12:02:43 - [TEST_STEP][PASSED] - setValueToCellByIndex(sheet01, n, 6, y): null

16-05-2025T12:02:43 - [TEST_STEP][PASSED] - setValueToCellByIndex(sheet01, n, 7, todaysDate): null

16-05-2025T12:02:43 - [TEST_STEP][PASSED] - n = n + 1: null

16-05-2025T12:02:43 - [TEST_STEP][PASSED] - saveWorkbook(excelFilePath, workbook01): null

16-05-2025T12:02:44 - [TEST_STEP][PASSED] - compare = pagePoteri: null

16-05-2025T12:02:44 - [TEST_STEP][PASSED] - if (pageOtpuskVSet != null): null

16-05-2025T12:02:44 - [TEST_STEP][PASSED] - if (compare == filePoteri): null

16-05-2025T12:02:44 - [TEST_STEP][PASSED] - else if (compare > filePoteri): null

16-05-2025T12:02:44 - [TEST_STEP][PASSED] - else if (compare < filePoteri): null

16-05-2025T12:02:44 - [TEST_STEP][PASSED] - compare = compare + 1: null

16-05-2025T12:02:44 - [TEST_STEP][PASSED] - if (compare == filePoteri): null

16-05-2025T12:02:44 - [TEST_STEP][PASSED] - else: null

16-05-2025T12:02:44 - [TEST_STEP][PASSED] - numberOfErrors = numberOfErrors + 1: null

16-05-2025T12:02:44 - [TEST_STEP][PASSED] - pageInt = pagePoteri: null

16-05-2025T12:02:44 - [TEST_STEP][PASSED] - fileInt = filePoteri: null

16-05-2025T12:02:44 - [TEST_STEP][PASSED] - typeOfData = typeOfDataMain + " Потери": null

16-05-2025T12:02:44 - [TEST_STEP][PASSED] - Script1718980020443.WriteToExcel(a, typeOfData, todaysDate, pageInt, fileInt, pageDouble, fileDouble, dZO): null

16-05-2025T12:02:44 - [TEST_STEP][PASSED] - sheetName = "Sheet1": null

16-05-2025T12:02:44 - [TEST_STEP][PASSED] - data = findTestData("PlanFact"): null

16-05-2025T12:02:44 - [TEST_STEP][PASSED] - n = data.getRowNumbers() + 1: null

16-05-2025T12:02:44 - [TEST_STEP][PASSED] - day = ")).toInteger(): null

16-05-2025T12:02:44 - [TEST_STEP][PASSED] - println(day): null

16-05-2025T12:02:44 - [TEST_STEP][PASSED] - month = ")).toInteger(): null

16-05-2025T12:02:44 - [TEST_STEP][PASSED] - println(month): null

16-05-2025T12:02:44 - [TEST_STEP][PASSED] - y = <not implemented yet for class: org.codehaus.groovy.ast.expr.EmptyExpression>: null

16-05-2025T12:02:44 - [TEST_STEP][PASSED] - iy = <not implemented yet for class: org.codehaus.groovy.ast.expr.EmptyExpression>: null

16-05-2025T12:02:44 - [TEST_STEP][PASSED] - m = getText(findTestObject("Выполнение бизнес-плана/Период")): Text of object 'Object Repository/Выполнение бизнес-плана/Период' is: '1 кв. 2025 года'

16-05-2025T12:02:44 - [MESSAGE][PASSED] - Text of object 'Object Repository/Выполнение бизнес-плана/Период' is: '1 кв. 2025 года'

16-05-2025T12:02:44 - [TEST_STEP][PASSED] - iy = m.indexOf("20"): null

16-05-2025T12:02:44 - [TEST_STEP][PASSED] - if (iy > -1): null

16-05-2025T12:02:44 - [TEST_STEP][PASSED] - y = substring(iy, iy + 4).toInteger(): null

16-05-2025T12:02:44 - [TEST_STEP][PASSED] - println(y): null

16-05-2025T12:02:44 - [TEST_STEP][PASSED] - if (toString().length() == 4): null

16-05-2025T12:02:44 - [TEST_STEP][PASSED] - m = m.substring(0, m.indexOf(y.toString())): null

16-05-2025T12:02:44 - [TEST_STEP][PASSED] - m = m.trim(): null

16-05-2025T12:02:44 - [TEST_STEP][PASSED] - if (m == ""): null

16-05-2025T12:02:44 - [TEST_STEP][PASSED] - dashboardName = "Выполнение бизнес-плана": null

16-05-2025T12:02:44 - [TEST_STEP][PASSED] - workbook01 = getWorkbook(excelFilePath): null

16-05-2025T12:02:44 - [TEST_STEP][PASSED] - sheet01 = getExcelSheet(workbook01, sheetName): null

16-05-2025T12:02:44 - [TEST_STEP][PASSED] - setValueToCellByIndex(sheet01, n, 0, dashboardName): null

16-05-2025T12:02:44 - [TEST_STEP][PASSED] - setValueToCellByIndex(sheet01, n, 1, dZO): null

16-05-2025T12:02:44 - [TEST_STEP][PASSED] - setValueToCellByIndex(sheet01, n, 2, typeOfData): null

16-05-2025T12:02:44 - [TEST_STEP][PASSED] - if (typeOfData == "Факт в процентах" || typeOfData == "План в процентах"): null

16-05-2025T12:02:44 - [TEST_STEP][PASSED] - else: null

16-05-2025T12:02:44 - [TEST_STEP][PASSED] - setValueToCellByIndex(sheet01, n, 3, fileInt): null

16-05-2025T12:02:44 - [TEST_STEP][PASSED] - setValueToCellByIndex(sheet01, n, 4, pageInt): null

16-05-2025T12:02:44 - [TEST_STEP][PASSED] - setValueToCellByIndex(sheet01, n, 5, m): null

16-05-2025T12:02:44 - [TEST_STEP][PASSED] - setValueToCellByIndex(sheet01, n, 6, y): null

16-05-2025T12:02:44 - [TEST_STEP][PASSED] - setValueToCellByIndex(sheet01, n, 7, todaysDate): null

16-05-2025T12:02:44 - [TEST_STEP][PASSED] - n = n + 1: null

16-05-2025T12:02:44 - [TEST_STEP][PASSED] - saveWorkbook(excelFilePath, workbook01): null

16-05-2025T12:02:44 - [TEST_STEP][PASSED] - if (planFact == 2): null

16-05-2025T12:02:44 - [TEST_STEP][PASSED] - if (planFact == 1): null

16-05-2025T12:02:44 - [TEST_STEP][PASSED] - else if (planFact == 2): null

16-05-2025T12:02:44 - [TEST_STEP][PASSED] - click(findTestObject("Выполнение бизнес-плана/Кнопка План")): Object: 'Object Repository/Выполнение бизнес-плана/Кнопка План' is clicked on

16-05-2025T12:02:45 - [MESSAGE][PASSED] - Object: 'Object Repository/Выполнение бизнес-плана/Кнопка План' is clicked on

16-05-2025T12:02:45 - [TEST_STEP][PASSED] - typeOfDataMain = "План": null

16-05-2025T12:02:45 - [TEST_STEP][PASSED] - otpusk = findTestData("PlanFact").getValue(2, a): null

16-05-2025T12:02:45 - [TEST_STEP][PASSED] - poteri = findTestData("PlanFact").getValue(3, a): null

16-05-2025T12:02:45 - [TEST_STEP][PASSED] - otpusk = otpusk.replaceAll("\s+", ""): null

16-05-2025T12:02:45 - [TEST_STEP][PASSED] - poteri = poteri.replaceAll("\s+", ""): null

16-05-2025T12:02:45 - [TEST_STEP][PASSED] - typeOfData = typeOfDataMain + " Отпуск в сеть": null

16-05-2025T12:02:45 - [TEST_STEP][PASSED] - if (a == 82): null

16-05-2025T12:02:45 - [TEST_STEP][PASSED] - else if (a == 84): null

16-05-2025T12:02:45 - [TEST_STEP][PASSED] - else if (a == 83 || a == 52 || a == 72 || a == 28 || a == 73 || a == 77 || a == 74 || a == 65 || a == 36 || a == 44 || a == 53 || a == 80 || a == 54 || a == 1 || a == 18 || a == 59 || a == 81): null

16-05-2025T12:02:45 - [TEST_STEP][PASSED] - else: null

16-05-2025T12:02:45 - [TEST_STEP][PASSED] - path = dataFolder + typeOfData + " за отчётный период " + b: null

16-05-2025T12:02:45 - [TEST_STEP][PASSED] - println(path): null

16-05-2025T12:02:45 - [TEST_STEP][PASSED] - page = getText(findTestObject(path)): Text of object 'Object Repository/Выполнение бизнес-плана/Значения со страницы Выполнение бизнес-плана/План Отпуск в сеть за отчётный период Вологодский филиал' is: '906 995'

16-05-2025T12:02:45 - [MESSAGE][PASSED] - Text of object 'Object Repository/Выполнение бизнес-плана/Значения со страницы Выполнение бизнес-плана/План Отпуск в сеть за отчётный период Вологодский филиал' is: '906 995'

16-05-2025T12:02:45 - [TEST_STEP][PASSED] - if (page == "" || page == null): null

16-05-2025T12:02:45 - [TEST_STEP][PASSED] - else: null

16-05-2025T12:02:45 - [TEST_STEP][PASSED] - page = page.replaceAll("\s+", ""): null

16-05-2025T12:02:45 - [TEST_STEP][PASSED] - if (page == "undefined"): null

16-05-2025T12:02:45 - [TEST_STEP][PASSED] - fileOtpuskVSet = otpusk.toInteger(): null

16-05-2025T12:02:45 - [TEST_STEP][PASSED] - pageOtpuskVSet = page.toInteger(): null

16-05-2025T12:02:45 - [TEST_STEP][PASSED] - typeOfData = typeOfDataMain + " Потери": null

16-05-2025T12:02:45 - [TEST_STEP][PASSED] - if (a == 82): null

16-05-2025T12:02:45 - [TEST_STEP][PASSED] - else if (a == 84): null

16-05-2025T12:02:45 - [TEST_STEP][PASSED] - else if (a == 83 || a == 52 || a == 72 || a == 28 || a == 73 || a == 77 || a == 74 || a == 65 || a == 36 || a == 44 || a == 53 || a == 80 || a == 54 || a == 1 || a == 18 || a == 59 || a == 81): null

16-05-2025T12:02:45 - [TEST_STEP][PASSED] - else: null

16-05-2025T12:02:45 - [TEST_STEP][PASSED] - path = dataFolder + typeOfData + " за отчётный период " + b: null

16-05-2025T12:02:45 - [TEST_STEP][PASSED] - page = getText(findTestObject(path)): Text of object 'Object Repository/Выполнение бизнес-плана/Значения со страницы Выполнение бизнес-плана/План Потери за отчётный период Вологодский филиал' is: '72 678'

16-05-2025T12:02:45 - [MESSAGE][PASSED] - Text of object 'Object Repository/Выполнение бизнес-плана/Значения со страницы Выполнение бизнес-плана/План Потери за отчётный период Вологодский филиал' is: '72 678'

16-05-2025T12:02:45 - [TEST_STEP][PASSED] - if (page == "" || page == null): null

16-05-2025T12:02:45 - [TEST_STEP][PASSED] - else: null

16-05-2025T12:02:45 - [TEST_STEP][PASSED] - page = page.replaceAll("\s+", ""): null

16-05-2025T12:02:45 - [TEST_STEP][PASSED] - if (page == "undefined"): null

16-05-2025T12:02:45 - [TEST_STEP][PASSED] - filePoteri = poteri.toInteger(): null

16-05-2025T12:02:45 - [TEST_STEP][PASSED] - pagePoteri = page.toInteger(): null

16-05-2025T12:02:45 - [TEST_STEP][PASSED] - compare = pageOtpuskVSet: null

16-05-2025T12:02:45 - [TEST_STEP][PASSED] - if (pageOtpuskVSet != null): null

16-05-2025T12:02:45 - [TEST_STEP][PASSED] - if (compare == fileOtpuskVSet): null

16-05-2025T12:02:45 - [TEST_STEP][PASSED] - else if (compare > fileOtpuskVSet): null

16-05-2025T12:02:45 - [TEST_STEP][PASSED] - else if (compare < fileOtpuskVSet): null

16-05-2025T12:02:45 - [TEST_STEP][PASSED] - compare = compare + 1: null

16-05-2025T12:02:45 - [TEST_STEP][PASSED] - if (compare == fileOtpuskVSet): null

16-05-2025T12:02:45 - [TEST_STEP][PASSED] - else: null

16-05-2025T12:02:45 - [TEST_STEP][PASSED] - numberOfErrors = numberOfErrors + 1: null

16-05-2025T12:02:45 - [TEST_STEP][PASSED] - pageInt = pageOtpuskVSet: null

16-05-2025T12:02:45 - [TEST_STEP][PASSED] - fileInt = fileOtpuskVSet: null

16-05-2025T12:02:45 - [TEST_STEP][PASSED] - typeOfData = typeOfDataMain + " Отпуск в сеть": null

16-05-2025T12:02:45 - [TEST_STEP][PASSED] - Script1718980020443.WriteToExcel(a, typeOfData, todaysDate, pageInt, fileInt, pageDouble, fileDouble, dZO): null

16-05-2025T12:02:45 - [TEST_STEP][PASSED] - sheetName = "Sheet1": null

16-05-2025T12:02:45 - [TEST_STEP][PASSED] - data = findTestData("PlanFact"): null

16-05-2025T12:02:45 - [TEST_STEP][PASSED] - n = data.getRowNumbers() + 1: null

16-05-2025T12:02:45 - [TEST_STEP][PASSED] - day = ")).toInteger(): null

16-05-2025T12:02:45 - [TEST_STEP][PASSED] - println(day): null

16-05-2025T12:02:45 - [TEST_STEP][PASSED] - month = ")).toInteger(): null

16-05-2025T12:02:45 - [TEST_STEP][PASSED] - println(month): null

16-05-2025T12:02:45 - [TEST_STEP][PASSED] - y = <not implemented yet for class: org.codehaus.groovy.ast.expr.EmptyExpression>: null

16-05-2025T12:02:45 - [TEST_STEP][PASSED] - iy = <not implemented yet for class: org.codehaus.groovy.ast.expr.EmptyExpression>: null

16-05-2025T12:02:45 - [TEST_STEP][PASSED] - m = getText(findTestObject("Выполнение бизнес-плана/Период")): Text of object 'Object Repository/Выполнение бизнес-плана/Период' is: '1 кв. 2025 года'

16-05-2025T12:02:46 - [MESSAGE][PASSED] - Text of object 'Object Repository/Выполнение бизнес-плана/Период' is: '1 кв. 2025 года'

16-05-2025T12:02:46 - [TEST_STEP][PASSED] - iy = m.indexOf("20"): null

16-05-2025T12:02:46 - [TEST_STEP][PASSED] - if (iy > -1): null

16-05-2025T12:02:46 - [TEST_STEP][PASSED] - y = substring(iy, iy + 4).toInteger(): null

16-05-2025T12:02:46 - [TEST_STEP][PASSED] - println(y): null

16-05-2025T12:02:46 - [TEST_STEP][PASSED] - if (toString().length() == 4): null

16-05-2025T12:02:46 - [TEST_STEP][PASSED] - m = m.substring(0, m.indexOf(y.toString())): null

16-05-2025T12:02:46 - [TEST_STEP][PASSED] - m = m.trim(): null

16-05-2025T12:02:46 - [TEST_STEP][PASSED] - if (m == ""): null

16-05-2025T12:02:46 - [TEST_STEP][PASSED] - dashboardName = "Выполнение бизнес-плана": null

16-05-2025T12:02:46 - [TEST_STEP][PASSED] - workbook01 = getWorkbook(excelFilePath): null

16-05-2025T12:02:46 - [TEST_STEP][PASSED] - sheet01 = getExcelSheet(workbook01, sheetName): null

16-05-2025T12:02:46 - [TEST_STEP][PASSED] - setValueToCellByIndex(sheet01, n, 0, dashboardName): null

16-05-2025T12:02:46 - [TEST_STEP][PASSED] - setValueToCellByIndex(sheet01, n, 1, dZO): null

16-05-2025T12:02:46 - [TEST_STEP][PASSED] - setValueToCellByIndex(sheet01, n, 2, typeOfData): null

16-05-2025T12:02:46 - [TEST_STEP][PASSED] - if (typeOfData == "Факт в процентах" || typeOfData == "План в процентах"): null

16-05-2025T12:02:46 - [TEST_STEP][PASSED] - else: null

16-05-2025T12:02:46 - [TEST_STEP][PASSED] - setValueToCellByIndex(sheet01, n, 3, fileInt): null

16-05-2025T12:02:46 - [TEST_STEP][PASSED] - setValueToCellByIndex(sheet01, n, 4, pageInt): null

16-05-2025T12:02:46 - [TEST_STEP][PASSED] - setValueToCellByIndex(sheet01, n, 5, m): null

16-05-2025T12:02:46 - [TEST_STEP][PASSED] - setValueToCellByIndex(sheet01, n, 6, y): null

16-05-2025T12:02:46 - [TEST_STEP][PASSED] - setValueToCellByIndex(sheet01, n, 7, todaysDate): null

16-05-2025T12:02:46 - [TEST_STEP][PASSED] - n = n + 1: null

16-05-2025T12:02:46 - [TEST_STEP][PASSED] - saveWorkbook(excelFilePath, workbook01): null

16-05-2025T12:02:46 - [TEST_STEP][PASSED] - compare = pagePoteri: null

16-05-2025T12:02:46 - [TEST_STEP][PASSED] - if (pageOtpuskVSet != null): null

16-05-2025T12:02:46 - [TEST_STEP][PASSED] - if (compare == filePoteri): null

16-05-2025T12:02:46 - [TEST_STEP][PASSED] - else if (compare > filePoteri): null

16-05-2025T12:02:46 - [TEST_STEP][PASSED] - else if (compare < filePoteri): null

16-05-2025T12:02:46 - [TEST_STEP][PASSED] - compare = compare + 1: null

16-05-2025T12:02:46 - [TEST_STEP][PASSED] - if (compare == filePoteri): null

16-05-2025T12:02:46 - [TEST_STEP][PASSED] - else: null

16-05-2025T12:02:46 - [TEST_STEP][PASSED] - numberOfErrors = numberOfErrors + 1: null

16-05-2025T12:02:46 - [TEST_STEP][PASSED] - pageInt = pagePoteri: null

16-05-2025T12:02:46 - [TEST_STEP][PASSED] - fileInt = filePoteri: null

16-05-2025T12:02:46 - [TEST_STEP][PASSED] - typeOfData = typeOfDataMain + " Потери": null

16-05-2025T12:02:46 - [TEST_STEP][PASSED] - Script1718980020443.WriteToExcel(a, typeOfData, todaysDate, pageInt, fileInt, pageDouble, fileDouble, dZO): null

16-05-2025T12:02:46 - [TEST_STEP][PASSED] - sheetName = "Sheet1": null

16-05-2025T12:02:46 - [TEST_STEP][PASSED] - data = findTestData("PlanFact"): null

16-05-2025T12:02:46 - [TEST_STEP][PASSED] - n = data.getRowNumbers() + 1: null

16-05-2025T12:02:46 - [TEST_STEP][PASSED] - day = ")).toInteger(): null

16-05-2025T12:02:46 - [TEST_STEP][PASSED] - println(day): null

16-05-2025T12:02:46 - [TEST_STEP][PASSED] - month = ")).toInteger(): null

16-05-2025T12:02:46 - [TEST_STEP][PASSED] - println(month): null

16-05-2025T12:02:46 - [TEST_STEP][PASSED] - y = <not implemented yet for class: org.codehaus.groovy.ast.expr.EmptyExpression>: null

16-05-2025T12:02:46 - [TEST_STEP][PASSED] - iy = <not implemented yet for class: org.codehaus.groovy.ast.expr.EmptyExpression>: null

16-05-2025T12:02:46 - [TEST_STEP][PASSED] - m = getText(findTestObject("Выполнение бизнес-плана/Период")): Text of object 'Object Repository/Выполнение бизнес-плана/Период' is: '1 кв. 2025 года'

16-05-2025T12:02:46 - [MESSAGE][PASSED] - Text of object 'Object Repository/Выполнение бизнес-плана/Период' is: '1 кв. 2025 года'

16-05-2025T12:02:46 - [TEST_STEP][PASSED] - iy = m.indexOf("20"): null

16-05-2025T12:02:46 - [TEST_STEP][PASSED] - if (iy > -1): null

16-05-2025T12:02:46 - [TEST_STEP][PASSED] - y = substring(iy, iy + 4).toInteger(): null

16-05-2025T12:02:46 - [TEST_STEP][PASSED] - println(y): null

16-05-2025T12:02:46 - [TEST_STEP][PASSED] - if (toString().length() == 4): null

16-05-2025T12:02:46 - [TEST_STEP][PASSED] - m = m.substring(0, m.indexOf(y.toString())): null

16-05-2025T12:02:46 - [TEST_STEP][PASSED] - m = m.trim(): null

16-05-2025T12:02:46 - [TEST_STEP][PASSED] - if (m == ""): null

16-05-2025T12:02:46 - [TEST_STEP][PASSED] - dashboardName = "Выполнение бизнес-плана": null

16-05-2025T12:02:46 - [TEST_STEP][PASSED] - workbook01 = getWorkbook(excelFilePath): null

16-05-2025T12:02:46 - [TEST_STEP][PASSED] - sheet01 = getExcelSheet(workbook01, sheetName): null

16-05-2025T12:02:46 - [TEST_STEP][PASSED] - setValueToCellByIndex(sheet01, n, 0, dashboardName): null

16-05-2025T12:02:46 - [TEST_STEP][PASSED] - setValueToCellByIndex(sheet01, n, 1, dZO): null

16-05-2025T12:02:46 - [TEST_STEP][PASSED] - setValueToCellByIndex(sheet01, n, 2, typeOfData): null

16-05-2025T12:02:46 - [TEST_STEP][PASSED] - if (typeOfData == "Факт в процентах" || typeOfData == "План в процентах"): null

16-05-2025T12:02:46 - [TEST_STEP][PASSED] - else: null

16-05-2025T12:02:46 - [TEST_STEP][PASSED] - setValueToCellByIndex(sheet01, n, 3, fileInt): null

16-05-2025T12:02:46 - [TEST_STEP][PASSED] - setValueToCellByIndex(sheet01, n, 4, pageInt): null

16-05-2025T12:02:46 - [TEST_STEP][PASSED] - setValueToCellByIndex(sheet01, n, 5, m): null

16-05-2025T12:02:46 - [TEST_STEP][PASSED] - setValueToCellByIndex(sheet01, n, 6, y): null

16-05-2025T12:02:46 - [TEST_STEP][PASSED] - setValueToCellByIndex(sheet01, n, 7, todaysDate): null

16-05-2025T12:02:46 - [TEST_STEP][PASSED] - n = n + 1: null

16-05-2025T12:02:46 - [TEST_STEP][PASSED] - saveWorkbook(excelFilePath, workbook01): Object: 'Object Repository/Выполнение бизнес-плана/Кнопка Факт' is clicked on

16-05-2025T12:02:47 - [TEST_STEP][PASSED] - if (planFact == 2): Object: 'Object Repository/Выполнение бизнес-плана/Кнопка Факт' is clicked on

16-05-2025T12:02:47 - [TEST_STEP][PASSED] - click(findTestObject("Выполнение бизнес-плана/Кнопка Факт")): Object: 'Object Repository/Выполнение бизнес-плана/Кнопка Факт' is clicked on

16-05-2025T12:02:47 - [MESSAGE][PASSED] - Object: 'Object Repository/Выполнение бизнес-плана/Кнопка Факт' is clicked on

16-05-2025T12:02:47 - [TEST_STEP][PASSED] - println("a=" + a): null

16-05-2025T12:02:47 - [TEST_STEP][PASSED] - if (a == 84 || a == 82): null

16-05-2025T12:02:47 - [TEST_STEP][PASSED] - else if (a == 83 || a == 52 || a == 72 || a == 28 || a == 73 || a == 77 || a == 74 || a == 65 || a == 36 || a == 44 || a == 53 || a == 80 || a == 54 || a == 1 || a == 18 || a == 59 || a == 81): null

16-05-2025T12:02:47 - [TEST_STEP][PASSED] - else: null

16-05-2025T12:02:47 - [TEST_STEP][PASSED] - page1 = getText(findTestObject("Object Repository/Выполнение бизнес-плана/spanPlan" + filialNum)): Text of object 'Object Repository/Выполнение бизнес-плана/spanPlan2' is: '8.01
|'

16-05-2025T12:02:47 - [MESSAGE][PASSED] - Text of object 'Object Repository/Выполнение бизнес-плана/spanPlan2' is: '8.01
|'

16-05-2025T12:02:47 - [TEST_STEP][PASSED] - page1 = page1.replace("|", ""): null

16-05-2025T12:02:47 - [TEST_STEP][PASSED] - page2 = getText(findTestObject("Object Repository/Выполнение бизнес-плана/spanFact" + filialNum)): Text of object 'Object Repository/Выполнение бизнес-плана/spanFact2' is: '5.14
|'

16-05-2025T12:02:48 - [MESSAGE][PASSED] - Text of object 'Object Repository/Выполнение бизнес-плана/spanFact2' is: '5.14
|'

16-05-2025T12:02:48 - [TEST_STEP][PASSED] - page2 = page2.replace("|", ""): null

16-05-2025T12:02:48 - [TEST_STEP][PASSED] - println("page1: " + page1): null

16-05-2025T12:02:48 - [TEST_STEP][PASSED] - println("page2: " + page2): null

16-05-2025T12:02:48 - [TEST_STEP][PASSED] - file = findTestData("PlanFact").getValue(4, a): null

16-05-2025T12:02:48 - [TEST_STEP][PASSED] - file = file.replace(",", "."): null

16-05-2025T12:02:48 - [TEST_STEP][PASSED] - println("file Plan: " + file): null

16-05-2025T12:02:48 - [TEST_STEP][PASSED] - typeOfData = "План в процентах": null

16-05-2025T12:02:48 - [TEST_STEP][PASSED] - fileDouble = file.toDouble(): null

16-05-2025T12:02:48 - [TEST_STEP][PASSED] - pageDouble = page1.toDouble(): null

16-05-2025T12:02:48 - [TEST_STEP][PASSED] - if (fileDouble != pageDouble): null

16-05-2025T12:02:48 - [TEST_STEP][PASSED] - numberOfErrors = numberOfErrors + 1: null

16-05-2025T12:02:48 - [TEST_STEP][PASSED] - Script1718980020443.WriteToExcel(a, typeOfData, todaysDate, pageInt, fileInt, pageDouble, fileDouble, dZO): null

16-05-2025T12:02:48 - [TEST_STEP][PASSED] - sheetName = "Sheet1": null

16-05-2025T12:02:48 - [TEST_STEP][PASSED] - data = findTestData("PlanFact"): null

16-05-2025T12:02:48 - [TEST_STEP][PASSED] - n = data.getRowNumbers() + 1: null

16-05-2025T12:02:48 - [TEST_STEP][PASSED] - day = ")).toInteger(): null

16-05-2025T12:02:48 - [TEST_STEP][PASSED] - println(day): null

16-05-2025T12:02:48 - [TEST_STEP][PASSED] - month = ")).toInteger(): null

16-05-2025T12:02:48 - [TEST_STEP][PASSED] - println(month): null

16-05-2025T12:02:48 - [TEST_STEP][PASSED] - y = <not implemented yet for class: org.codehaus.groovy.ast.expr.EmptyExpression>: null

16-05-2025T12:02:48 - [TEST_STEP][PASSED] - iy = <not implemented yet for class: org.codehaus.groovy.ast.expr.EmptyExpression>: null

16-05-2025T12:02:48 - [TEST_STEP][PASSED] - m = getText(findTestObject("Выполнение бизнес-плана/Период")): Text of object 'Object Repository/Выполнение бизнес-плана/Период' is: '1 кв. 2025 года'

16-05-2025T12:02:48 - [MESSAGE][PASSED] - Text of object 'Object Repository/Выполнение бизнес-плана/Период' is: '1 кв. 2025 года'

16-05-2025T12:02:48 - [TEST_STEP][PASSED] - iy = m.indexOf("20"): null

16-05-2025T12:02:48 - [TEST_STEP][PASSED] - if (iy > -1): null

16-05-2025T12:02:48 - [TEST_STEP][PASSED] - y = substring(iy, iy + 4).toInteger(): null

16-05-2025T12:02:48 - [TEST_STEP][PASSED] - println(y): null

16-05-2025T12:02:48 - [TEST_STEP][PASSED] - if (toString().length() == 4): null

16-05-2025T12:02:48 - [TEST_STEP][PASSED] - m = m.substring(0, m.indexOf(y.toString())): null

16-05-2025T12:02:48 - [TEST_STEP][PASSED] - m = m.trim(): null

16-05-2025T12:02:48 - [TEST_STEP][PASSED] - if (m == ""): null

16-05-2025T12:02:48 - [TEST_STEP][PASSED] - dashboardName = "Выполнение бизнес-плана": null

16-05-2025T12:02:48 - [TEST_STEP][PASSED] - workbook01 = getWorkbook(excelFilePath): null

16-05-2025T12:02:48 - [TEST_STEP][PASSED] - sheet01 = getExcelSheet(workbook01, sheetName): null

16-05-2025T12:02:48 - [TEST_STEP][PASSED] - setValueToCellByIndex(sheet01, n, 0, dashboardName): null

16-05-2025T12:02:48 - [TEST_STEP][PASSED] - setValueToCellByIndex(sheet01, n, 1, dZO): null

16-05-2025T12:02:48 - [TEST_STEP][PASSED] - setValueToCellByIndex(sheet01, n, 2, typeOfData): null

16-05-2025T12:02:48 - [TEST_STEP][PASSED] - if (typeOfData == "Факт в процентах" || typeOfData == "План в процентах"): null

16-05-2025T12:02:48 - [TEST_STEP][PASSED] - setValueToCellByIndex(sheet01, n, 3, fileDouble): null

16-05-2025T12:02:48 - [TEST_STEP][PASSED] - setValueToCellByIndex(sheet01, n, 4, pageDouble): null

16-05-2025T12:02:48 - [TEST_STEP][PASSED] - setValueToCellByIndex(sheet01, n, 5, m): null

16-05-2025T12:02:48 - [TEST_STEP][PASSED] - setValueToCellByIndex(sheet01, n, 6, y): null

16-05-2025T12:02:48 - [TEST_STEP][PASSED] - setValueToCellByIndex(sheet01, n, 7, todaysDate): null

16-05-2025T12:02:48 - [TEST_STEP][PASSED] - n = n + 1: null

16-05-2025T12:02:48 - [TEST_STEP][PASSED] - saveWorkbook(excelFilePath, workbook01): null

16-05-2025T12:02:48 - [TEST_STEP][PASSED] - file = findTestData("PlanFact").getValue(7, a): null

16-05-2025T12:02:48 - [TEST_STEP][PASSED] - file = file.replace(",", "."): null

16-05-2025T12:02:48 - [TEST_STEP][PASSED] - println("file Fact: " + file): null

16-05-2025T12:02:48 - [TEST_STEP][PASSED] - fileDouble = file.toDouble(): null

16-05-2025T12:02:48 - [TEST_STEP][PASSED] - typeOfData = "Факт в процентах": null

16-05-2025T12:02:48 - [TEST_STEP][PASSED] - fileDouble = file.toDouble(): null

16-05-2025T12:02:48 - [TEST_STEP][PASSED] - pageDouble = page2.toDouble(): null

16-05-2025T12:02:48 - [TEST_STEP][PASSED] - if (fileDouble != pageDouble): null

16-05-2025T12:02:48 - [TEST_STEP][PASSED] - numberOfErrors = numberOfErrors + 1: null

16-05-2025T12:02:48 - [TEST_STEP][PASSED] - Script1718980020443.WriteToExcel(a, typeOfData, todaysDate, pageInt, fileInt, pageDouble, fileDouble, dZO): null

16-05-2025T12:02:48 - [TEST_STEP][PASSED] - sheetName = "Sheet1": null

16-05-2025T12:02:48 - [TEST_STEP][PASSED] - data = findTestData("PlanFact"): null

16-05-2025T12:02:48 - [TEST_STEP][PASSED] - n = data.getRowNumbers() + 1: null

16-05-2025T12:02:48 - [TEST_STEP][PASSED] - day = ")).toInteger(): null

16-05-2025T12:02:48 - [TEST_STEP][PASSED] - println(day): null

16-05-2025T12:02:48 - [TEST_STEP][PASSED] - month = ")).toInteger(): null

16-05-2025T12:02:48 - [TEST_STEP][PASSED] - println(month): null

16-05-2025T12:02:48 - [TEST_STEP][PASSED] - y = <not implemented yet for class: org.codehaus.groovy.ast.expr.EmptyExpression>: null

16-05-2025T12:02:48 - [TEST_STEP][PASSED] - iy = <not implemented yet for class: org.codehaus.groovy.ast.expr.EmptyExpression>: null

16-05-2025T12:02:48 - [TEST_STEP][PASSED] - m = getText(findTestObject("Выполнение бизнес-плана/Период")): Text of object 'Object Repository/Выполнение бизнес-плана/Период' is: '1 кв. 2025 года'

16-05-2025T12:02:49 - [MESSAGE][PASSED] - Text of object 'Object Repository/Выполнение бизнес-плана/Период' is: '1 кв. 2025 года'

16-05-2025T12:02:49 - [TEST_STEP][PASSED] - iy = m.indexOf("20"): null

16-05-2025T12:02:49 - [TEST_STEP][PASSED] - if (iy > -1): null

16-05-2025T12:02:49 - [TEST_STEP][PASSED] - y = substring(iy, iy + 4).toInteger(): null

16-05-2025T12:02:49 - [TEST_STEP][PASSED] - println(y): null

16-05-2025T12:02:49 - [TEST_STEP][PASSED] - if (toString().length() == 4): null

16-05-2025T12:02:49 - [TEST_STEP][PASSED] - m = m.substring(0, m.indexOf(y.toString())): null

16-05-2025T12:02:49 - [TEST_STEP][PASSED] - m = m.trim(): null

16-05-2025T12:02:49 - [TEST_STEP][PASSED] - if (m == ""): null

16-05-2025T12:02:49 - [TEST_STEP][PASSED] - dashboardName = "Выполнение бизнес-плана": null

16-05-2025T12:02:49 - [TEST_STEP][PASSED] - workbook01 = getWorkbook(excelFilePath): null

16-05-2025T12:02:49 - [TEST_STEP][PASSED] - sheet01 = getExcelSheet(workbook01, sheetName): null

16-05-2025T12:02:49 - [TEST_STEP][PASSED] - setValueToCellByIndex(sheet01, n, 0, dashboardName): null

16-05-2025T12:02:49 - [TEST_STEP][PASSED] - setValueToCellByIndex(sheet01, n, 1, dZO): null

16-05-2025T12:02:49 - [TEST_STEP][PASSED] - setValueToCellByIndex(sheet01, n, 2, typeOfData): null

16-05-2025T12:02:49 - [TEST_STEP][PASSED] - if (typeOfData == "Факт в процентах" || typeOfData == "План в процентах"): null

16-05-2025T12:02:49 - [TEST_STEP][PASSED] - setValueToCellByIndex(sheet01, n, 3, fileDouble): null

16-05-2025T12:02:49 - [TEST_STEP][PASSED] - setValueToCellByIndex(sheet01, n, 4, pageDouble): null

16-05-2025T12:02:49 - [TEST_STEP][PASSED] - setValueToCellByIndex(sheet01, n, 5, m): null

16-05-2025T12:02:49 - [TEST_STEP][PASSED] - setValueToCellByIndex(sheet01, n, 6, y): null

16-05-2025T12:02:49 - [TEST_STEP][PASSED] - setValueToCellByIndex(sheet01, n, 7, todaysDate): null

16-05-2025T12:02:49 - [TEST_STEP][PASSED] - n = n + 1: null

16-05-2025T12:02:49 - [TEST_STEP][PASSED] - saveWorkbook(excelFilePath, workbook01): null

16-05-2025T12:02:49 - [TEST_STEP][FAILED] - if (verifyEqual(numberOfErrors, 0) == false): null

16-05-2025T12:02:49 - [MESSAGE][FAILED] - Unable to verify equal between actual object '6' and expected object '0' (Root cause: com.kms.katalon.core.exception.StepFailedException: Actual object '6' and expected object '0' are not equal
	at com.kms.katalon.core.keyword.builtin.VerifyEqualKeyword$_verifyEqual_closure1.doCall(VerifyEqualKeyword.groovy:58)
	at com.kms.katalon.core.keyword.builtin.VerifyEqualKeyword$_verifyEqual_closure1.call(VerifyEqualKeyword.groovy)
	at com.kms.katalon.core.keyword.internal.KeywordMain.runKeyword(KeywordMain.groovy:75)
	at com.kms.katalon.core.keyword.builtin.VerifyEqualKeyword.verifyEqual(VerifyEqualKeyword.groovy:63)
	at com.kms.katalon.core.keyword.builtin.VerifyEqualKeyword.execute(VerifyEqualKeyword.groovy:44)
	at com.kms.katalon.core.keyword.internal.KeywordExecutor.executeKeywordForPlatform(KeywordExecutor.groovy:74)
	at com.kms.katalon.core.keyword.BuiltinKeywords.verifyEqual(BuiltinKeywords.groovy:146)
	at jdk.internal.reflect.GeneratedMethodAccessor24.invoke(Unknown Source)
	at java.base/jdk.internal.reflect.DelegatingMethodAccessorImpl.invoke(DelegatingMethodAccessorImpl.java:43)
	at Выполнение бизнес-плана Сверка ПАО Россети все филиалы.Numbers(Выполнение бизнес-плана Сверка ПАО Россети все филиалы:740)
	at Выполнение бизнес-плана Сверка ПАО Россети все филиалы.Filials(Выполнение бизнес-плана Сверка ПАО Россети все филиалы:1483)
	at Выполнение бизнес-плана Сверка ПАО Россети все филиалы.Numbers(Выполнение бизнес-плана Сверка ПАО Россети все филиалы:747)
	at Выполнение бизнес-плана Сверка ПАО Россети все филиалы.run(Выполнение бизнес-плана Сверка ПАО Россети все филиалы:297)
	at com.kms.katalon.core.main.ScriptEngine.run(ScriptEngine.java:194)
	at com.kms.katalon.core.main.ScriptEngine.runScriptAsRawText(ScriptEngine.java:119)
	at com.kms.katalon.core.main.TestCaseExecutor.runScript(TestCaseExecutor.java:448)
	at com.kms.katalon.core.main.TestCaseExecutor.doExecute(TestCaseExecutor.java:439)
	at com.kms.katalon.core.main.TestCaseExecutor.processExecutionPhase(TestCaseExecutor.java:418)
	at com.kms.katalon.core.main.TestCaseExecutor.accessMainPhase(TestCaseExecutor.java:410)
	at com.kms.katalon.core.main.TestCaseExecutor.execute(TestCaseExecutor.java:285)
	at com.kms.katalon.core.common.CommonExecutor.accessTestCaseMainPhase(CommonExecutor.java:65)
	at com.kms.katalon.core.main.TestSuiteExecutor.accessTestSuiteMainPhase(TestSuiteExecutor.java:150)
	at com.kms.katalon.core.main.TestSuiteExecutor.execute(TestSuiteExecutor.java:106)
	at com.kms.katalon.core.main.TestCaseMain.startTestSuite(TestCaseMain.java:180)
	at TempTestSuite1747369435659.run(TempTestSuite1747369435659.groovy:35)
	at java.base/jdk.internal.reflect.NativeMethodAccessorImpl.invoke0(Native Method)
	at java.base/jdk.internal.reflect.NativeMethodAccessorImpl.invoke(NativeMethodAccessorImpl.java:77)
	at java.base/jdk.internal.reflect.DelegatingMethodAccessorImpl.invoke(DelegatingMethodAccessorImpl.java:43)
)

16-05-2025T12:02:49 - [TEST_STEP][PASSED] - println(numberOfErrors): null

16-05-2025T12:02:49 - [TEST_STEP][PASSED] - println("a=" + a): null

16-05-2025T12:02:49 - [TEST_STEP][PASSED] - if (a == 28 || a == 77 || a == 74 || a == 65 || a == 36 || a == 44 || a == 54 || a == 1 || a == 18 || a == 59): null

16-05-2025T12:02:49 - [TEST_STEP][PASSED] - if (a == 82): null

16-05-2025T12:02:49 - [TEST_STEP][PASSED] - dZO = "Карельский филиал": null

16-05-2025T12:02:49 - [TEST_STEP][PASSED] - a = 39: null

16-05-2025T12:02:49 - [TEST_STEP][PASSED] - dzoCut = dZO.substring(0, 10): null

16-05-2025T12:02:49 - [TEST_STEP][PASSED] - if (x2.contains(dzoCut)): null

16-05-2025T12:02:49 - [TEST_STEP][PASSED] - filialNum = filialNum + 1: null

16-05-2025T12:02:49 - [TEST_STEP][PASSED] - Script1718980020443.Numbers(a, typeOfData, todaysDate, pageInt, fileInt, pageDouble, fileDouble, dZO, dzoNum, filialNum): null

16-05-2025T12:02:49 - [TEST_STEP][PASSED] - println(dzoNum): null

16-05-2025T12:02:49 - [TEST_STEP][PASSED] - planFact = <not implemented yet for class: org.codehaus.groovy.ast.expr.EmptyExpression>: null

16-05-2025T12:02:49 - [TEST_STEP][PASSED] - page = <not implemented yet for class: org.codehaus.groovy.ast.expr.EmptyExpression>: null

16-05-2025T12:02:49 - [TEST_STEP][PASSED] - page1 = <not implemented yet for class: org.codehaus.groovy.ast.expr.EmptyExpression>: null

16-05-2025T12:02:49 - [TEST_STEP][PASSED] - page2 = <not implemented yet for class: org.codehaus.groovy.ast.expr.EmptyExpression>: null

16-05-2025T12:02:49 - [TEST_STEP][PASSED] - filialNumberInRow = <not implemented yet for class: org.codehaus.groovy.ast.expr.EmptyExpression>: null

16-05-2025T12:02:49 - [TEST_STEP][PASSED] - filialsDzoNames = <not implemented yet for class: org.codehaus.groovy.ast.expr.EmptyExpression>: null

16-05-2025T12:02:49 - [TEST_STEP][PASSED] - numberOfFilials = <not implemented yet for class: org.codehaus.groovy.ast.expr.EmptyExpression>: null

16-05-2025T12:02:49 - [TEST_STEP][PASSED] - numberOfSpaces = <not implemented yet for class: org.codehaus.groovy.ast.expr.EmptyExpression>: null

16-05-2025T12:02:49 - [TEST_STEP][PASSED] - file = <not implemented yet for class: org.codehaus.groovy.ast.expr.EmptyExpression>: null

16-05-2025T12:02:49 - [TEST_STEP][PASSED] - otpusk = <not implemented yet for class: org.codehaus.groovy.ast.expr.EmptyExpression>: null

16-05-2025T12:02:49 - [TEST_STEP][PASSED] - poteri = <not implemented yet for class: org.codehaus.groovy.ast.expr.EmptyExpression>: null

16-05-2025T12:02:49 - [TEST_STEP][PASSED] - dataFolder = "Выполнение бизнес-плана/Значения со страницы Выполнение бизнес-плана/": null

16-05-2025T12:02:49 - [TEST_STEP][PASSED] - path = <not implemented yet for class: org.codehaus.groovy.ast.expr.EmptyExpression>: null

16-05-2025T12:02:49 - [TEST_STEP][PASSED] - typeOfDataMain = <not implemented yet for class: org.codehaus.groovy.ast.expr.EmptyExpression>: null

16-05-2025T12:02:49 - [TEST_STEP][PASSED] - fileOtpuskVSet = <not implemented yet for class: org.codehaus.groovy.ast.expr.EmptyExpression>: null

16-05-2025T12:02:49 - [TEST_STEP][PASSED] - pageOtpuskVSet = <not implemented yet for class: org.codehaus.groovy.ast.expr.EmptyExpression>: null

16-05-2025T12:02:49 - [TEST_STEP][PASSED] - filePoteri = <not implemented yet for class: org.codehaus.groovy.ast.expr.EmptyExpression>: null

16-05-2025T12:02:49 - [TEST_STEP][PASSED] - pagePoteri = <not implemented yet for class: org.codehaus.groovy.ast.expr.EmptyExpression>: null

16-05-2025T12:02:49 - [TEST_STEP][PASSED] - compare = <not implemented yet for class: org.codehaus.groovy.ast.expr.EmptyExpression>: null

16-05-2025T12:02:49 - [TEST_STEP][PASSED] - b = <not implemented yet for class: org.codehaus.groovy.ast.expr.EmptyExpression>: null

16-05-2025T12:02:49 - [TEST_STEP][PASSED] - i = <not implemented yet for class: org.codehaus.groovy.ast.expr.EmptyExpression>: null

16-05-2025T12:02:49 - [TEST_STEP][PASSED] - ii = <not implemented yet for class: org.codehaus.groovy.ast.expr.EmptyExpression>: null

16-05-2025T12:02:49 - [TEST_STEP][PASSED] - c = <not implemented yet for class: org.codehaus.groovy.ast.expr.EmptyExpression>: null

16-05-2025T12:02:49 - [TEST_STEP][PASSED] - numberOfErrors = 0: null

16-05-2025T12:02:49 - [TEST_STEP][PASSED] - if (a == 82): null

16-05-2025T12:02:49 - [TEST_STEP][PASSED] - b = findTestData("PlanFact").getValue(1, a): null

16-05-2025T12:02:49 - [TEST_STEP][PASSED] - i = b.indexOf(" (ГК)"): null

16-05-2025T12:02:49 - [TEST_STEP][PASSED] - if (i > -1): null

16-05-2025T12:02:49 - [TEST_STEP][PASSED] - i = b.indexOf("О ""): null

16-05-2025T12:02:49 - [TEST_STEP][PASSED] - if (i > -1): null

16-05-2025T12:02:49 - [TEST_STEP][PASSED] - i = b.indexOf("О «"): null

16-05-2025T12:02:49 - [TEST_STEP][PASSED] - if (i > -1): null

16-05-2025T12:02:49 - [TEST_STEP][PASSED] - i = b.indexOf("г. "): null

16-05-2025T12:02:49 - [TEST_STEP][PASSED] - if (i > -1): null

16-05-2025T12:02:49 - [TEST_STEP][PASSED] - b = b.trim(): null

16-05-2025T12:02:49 - [TEST_STEP][PASSED] - println(b): null

16-05-2025T12:02:49 - [TEST_STEP][PASSED] - for ([planFact = 1, planFact < 3, (planFact++)]): null

16-05-2025T12:02:49 - [TEST_STEP][PASSED] - if (planFact == 1): null

16-05-2025T12:02:49 - [TEST_STEP][PASSED] - typeOfDataMain = "Факт": null

16-05-2025T12:02:49 - [TEST_STEP][PASSED] - otpusk = findTestData("PlanFact").getValue(5, a): null

16-05-2025T12:02:49 - [TEST_STEP][PASSED] - poteri = findTestData("PlanFact").getValue(6, a): null

16-05-2025T12:02:49 - [TEST_STEP][PASSED] - otpusk = otpusk.replaceAll("\s+", ""): null

16-05-2025T12:02:49 - [TEST_STEP][PASSED] - poteri = poteri.replaceAll("\s+", ""): null

16-05-2025T12:02:49 - [TEST_STEP][PASSED] - typeOfData = typeOfDataMain + " Отпуск в сеть": null

16-05-2025T12:02:49 - [TEST_STEP][PASSED] - if (a == 82): null

16-05-2025T12:02:49 - [TEST_STEP][PASSED] - else if (a == 84): null

16-05-2025T12:02:49 - [TEST_STEP][PASSED] - else if (a == 83 || a == 52 || a == 72 || a == 28 || a == 73 || a == 77 || a == 74 || a == 65 || a == 36 || a == 44 || a == 53 || a == 80 || a == 54 || a == 1 || a == 18 || a == 59 || a == 81): null

16-05-2025T12:02:49 - [TEST_STEP][PASSED] - else: null

16-05-2025T12:02:49 - [TEST_STEP][PASSED] - path = dataFolder + typeOfData + " за отчётный период " + b: null

16-05-2025T12:02:49 - [TEST_STEP][PASSED] - println(path): null

16-05-2025T12:02:49 - [TEST_STEP][PASSED] - page = getText(findTestObject(path)): Text of object 'Object Repository/Выполнение бизнес-плана/Значения со страницы Выполнение бизнес-плана/Факт Отпуск в сеть за отчётный период Карельский филиал' is: '815 020'

16-05-2025T12:02:49 - [MESSAGE][PASSED] - Text of object 'Object Repository/Выполнение бизнес-плана/Значения со страницы Выполнение бизнес-плана/Факт Отпуск в сеть за отчётный период Карельский филиал' is: '815 020'

16-05-2025T12:02:49 - [TEST_STEP][PASSED] - if (page == "" || page == null): null

16-05-2025T12:02:49 - [TEST_STEP][PASSED] - else: null

16-05-2025T12:02:49 - [TEST_STEP][PASSED] - page = page.replaceAll("\s+", ""): null

16-05-2025T12:02:49 - [TEST_STEP][PASSED] - if (page == "undefined"): null

16-05-2025T12:02:49 - [TEST_STEP][PASSED] - fileOtpuskVSet = otpusk.toInteger(): null

16-05-2025T12:02:49 - [TEST_STEP][PASSED] - pageOtpuskVSet = page.toInteger(): null

16-05-2025T12:02:49 - [TEST_STEP][PASSED] - typeOfData = typeOfDataMain + " Потери": null

16-05-2025T12:02:49 - [TEST_STEP][PASSED] - if (a == 82): null

16-05-2025T12:02:49 - [TEST_STEP][PASSED] - else if (a == 84): null

16-05-2025T12:02:49 - [TEST_STEP][PASSED] - else if (a == 83 || a == 52 || a == 72 || a == 28 || a == 73 || a == 77 || a == 74 || a == 65 || a == 36 || a == 44 || a == 53 || a == 80 || a == 54 || a == 1 || a == 18 || a == 59 || a == 81): null

16-05-2025T12:02:49 - [TEST_STEP][PASSED] - else: null

16-05-2025T12:02:49 - [TEST_STEP][PASSED] - path = dataFolder + typeOfData + " за отчётный период " + b: null

16-05-2025T12:02:49 - [TEST_STEP][PASSED] - page = getText(findTestObject(path)): Text of object 'Object Repository/Выполнение бизнес-плана/Значения со страницы Выполнение бизнес-плана/Факт Потери за отчётный период Карельский филиал' is: '36 305'

16-05-2025T12:02:50 - [MESSAGE][PASSED] - Text of object 'Object Repository/Выполнение бизнес-плана/Значения со страницы Выполнение бизнес-плана/Факт Потери за отчётный период Карельский филиал' is: '36 305'

16-05-2025T12:02:50 - [TEST_STEP][PASSED] - if (page == "" || page == null): null

16-05-2025T12:02:50 - [TEST_STEP][PASSED] - else: null

16-05-2025T12:02:50 - [TEST_STEP][PASSED] - page = page.replaceAll("\s+", ""): null

16-05-2025T12:02:50 - [TEST_STEP][PASSED] - if (page == "undefined"): null

16-05-2025T12:02:50 - [TEST_STEP][PASSED] - filePoteri = poteri.toInteger(): null

16-05-2025T12:02:50 - [TEST_STEP][PASSED] - pagePoteri = page.toInteger(): null

16-05-2025T12:02:50 - [TEST_STEP][PASSED] - compare = pageOtpuskVSet: null

16-05-2025T12:02:50 - [TEST_STEP][PASSED] - if (pageOtpuskVSet != null): null

16-05-2025T12:02:50 - [TEST_STEP][PASSED] - if (compare == fileOtpuskVSet): null

16-05-2025T12:02:50 - [TEST_STEP][PASSED] - else if (compare > fileOtpuskVSet): null

16-05-2025T12:02:50 - [TEST_STEP][PASSED] - else if (compare < fileOtpuskVSet): null

16-05-2025T12:02:50 - [TEST_STEP][PASSED] - compare = compare + 1: null

16-05-2025T12:02:50 - [TEST_STEP][PASSED] - if (compare == fileOtpuskVSet): null

16-05-2025T12:02:50 - [TEST_STEP][PASSED] - else: null

16-05-2025T12:02:50 - [TEST_STEP][PASSED] - numberOfErrors = numberOfErrors + 1: null

16-05-2025T12:02:50 - [TEST_STEP][PASSED] - pageInt = pageOtpuskVSet: null

16-05-2025T12:02:50 - [TEST_STEP][PASSED] - fileInt = fileOtpuskVSet: null

16-05-2025T12:02:50 - [TEST_STEP][PASSED] - typeOfData = typeOfDataMain + " Отпуск в сеть": null

16-05-2025T12:02:50 - [TEST_STEP][PASSED] - Script1718980020443.WriteToExcel(a, typeOfData, todaysDate, pageInt, fileInt, pageDouble, fileDouble, dZO): null

16-05-2025T12:02:50 - [TEST_STEP][PASSED] - sheetName = "Sheet1": null

16-05-2025T12:02:50 - [TEST_STEP][PASSED] - data = findTestData("PlanFact"): null

16-05-2025T12:02:50 - [TEST_STEP][PASSED] - n = data.getRowNumbers() + 1: null

16-05-2025T12:02:50 - [TEST_STEP][PASSED] - day = ")).toInteger(): null

16-05-2025T12:02:50 - [TEST_STEP][PASSED] - println(day): null

16-05-2025T12:02:50 - [TEST_STEP][PASSED] - month = ")).toInteger(): null

16-05-2025T12:02:50 - [TEST_STEP][PASSED] - println(month): null

16-05-2025T12:02:50 - [TEST_STEP][PASSED] - y = <not implemented yet for class: org.codehaus.groovy.ast.expr.EmptyExpression>: null

16-05-2025T12:02:50 - [TEST_STEP][PASSED] - iy = <not implemented yet for class: org.codehaus.groovy.ast.expr.EmptyExpression>: null

16-05-2025T12:02:50 - [TEST_STEP][PASSED] - m = getText(findTestObject("Выполнение бизнес-плана/Период")): Text of object 'Object Repository/Выполнение бизнес-плана/Период' is: '1 кв. 2025 года'

16-05-2025T12:02:50 - [MESSAGE][PASSED] - Text of object 'Object Repository/Выполнение бизнес-плана/Период' is: '1 кв. 2025 года'

16-05-2025T12:02:50 - [TEST_STEP][PASSED] - iy = m.indexOf("20"): null

16-05-2025T12:02:50 - [TEST_STEP][PASSED] - if (iy > -1): null

16-05-2025T12:02:50 - [TEST_STEP][PASSED] - y = substring(iy, iy + 4).toInteger(): null

16-05-2025T12:02:50 - [TEST_STEP][PASSED] - println(y): null

16-05-2025T12:02:50 - [TEST_STEP][PASSED] - if (toString().length() == 4): null

16-05-2025T12:02:50 - [TEST_STEP][PASSED] - m = m.substring(0, m.indexOf(y.toString())): null

16-05-2025T12:02:50 - [TEST_STEP][PASSED] - m = m.trim(): null

16-05-2025T12:02:50 - [TEST_STEP][PASSED] - if (m == ""): null

16-05-2025T12:02:50 - [TEST_STEP][PASSED] - dashboardName = "Выполнение бизнес-плана": null

16-05-2025T12:02:50 - [TEST_STEP][PASSED] - workbook01 = getWorkbook(excelFilePath): null

16-05-2025T12:02:50 - [TEST_STEP][PASSED] - sheet01 = getExcelSheet(workbook01, sheetName): null

16-05-2025T12:02:50 - [TEST_STEP][PASSED] - setValueToCellByIndex(sheet01, n, 0, dashboardName): null

16-05-2025T12:02:50 - [TEST_STEP][PASSED] - setValueToCellByIndex(sheet01, n, 1, dZO): null

16-05-2025T12:02:50 - [TEST_STEP][PASSED] - setValueToCellByIndex(sheet01, n, 2, typeOfData): null

16-05-2025T12:02:50 - [TEST_STEP][PASSED] - if (typeOfData == "Факт в процентах" || typeOfData == "План в процентах"): null

16-05-2025T12:02:50 - [TEST_STEP][PASSED] - else: null

16-05-2025T12:02:50 - [TEST_STEP][PASSED] - setValueToCellByIndex(sheet01, n, 3, fileInt): null

16-05-2025T12:02:50 - [TEST_STEP][PASSED] - setValueToCellByIndex(sheet01, n, 4, pageInt): null

16-05-2025T12:02:50 - [TEST_STEP][PASSED] - setValueToCellByIndex(sheet01, n, 5, m): null

16-05-2025T12:02:50 - [TEST_STEP][PASSED] - setValueToCellByIndex(sheet01, n, 6, y): null

16-05-2025T12:02:50 - [TEST_STEP][PASSED] - setValueToCellByIndex(sheet01, n, 7, todaysDate): null

16-05-2025T12:02:50 - [TEST_STEP][PASSED] - n = n + 1: null

16-05-2025T12:02:50 - [TEST_STEP][PASSED] - saveWorkbook(excelFilePath, workbook01): null

16-05-2025T12:02:51 - [TEST_STEP][PASSED] - compare = pagePoteri: null

16-05-2025T12:02:51 - [TEST_STEP][PASSED] - if (pageOtpuskVSet != null): null

16-05-2025T12:02:51 - [TEST_STEP][PASSED] - if (compare == filePoteri): null

16-05-2025T12:02:51 - [TEST_STEP][PASSED] - else if (compare > filePoteri): null

16-05-2025T12:02:51 - [TEST_STEP][PASSED] - else if (compare < filePoteri): null

16-05-2025T12:02:51 - [TEST_STEP][PASSED] - compare = compare + 1: null

16-05-2025T12:02:51 - [TEST_STEP][PASSED] - if (compare == filePoteri): null

16-05-2025T12:02:51 - [TEST_STEP][PASSED] - else: null

16-05-2025T12:02:51 - [TEST_STEP][PASSED] - numberOfErrors = numberOfErrors + 1: null

16-05-2025T12:02:51 - [TEST_STEP][PASSED] - pageInt = pagePoteri: null

16-05-2025T12:02:51 - [TEST_STEP][PASSED] - fileInt = filePoteri: null

16-05-2025T12:02:51 - [TEST_STEP][PASSED] - typeOfData = typeOfDataMain + " Потери": null

16-05-2025T12:02:51 - [TEST_STEP][PASSED] - Script1718980020443.WriteToExcel(a, typeOfData, todaysDate, pageInt, fileInt, pageDouble, fileDouble, dZO): null

16-05-2025T12:02:51 - [TEST_STEP][PASSED] - sheetName = "Sheet1": null

16-05-2025T12:02:51 - [TEST_STEP][PASSED] - data = findTestData("PlanFact"): null

16-05-2025T12:02:51 - [TEST_STEP][PASSED] - n = data.getRowNumbers() + 1: null

16-05-2025T12:02:51 - [TEST_STEP][PASSED] - day = ")).toInteger(): null

16-05-2025T12:02:51 - [TEST_STEP][PASSED] - println(day): null

16-05-2025T12:02:51 - [TEST_STEP][PASSED] - month = ")).toInteger(): null

16-05-2025T12:02:51 - [TEST_STEP][PASSED] - println(month): null

16-05-2025T12:02:51 - [TEST_STEP][PASSED] - y = <not implemented yet for class: org.codehaus.groovy.ast.expr.EmptyExpression>: null

16-05-2025T12:02:51 - [TEST_STEP][PASSED] - iy = <not implemented yet for class: org.codehaus.groovy.ast.expr.EmptyExpression>: null

16-05-2025T12:02:51 - [TEST_STEP][PASSED] - m = getText(findTestObject("Выполнение бизнес-плана/Период")): Text of object 'Object Repository/Выполнение бизнес-плана/Период' is: '1 кв. 2025 года'

16-05-2025T12:02:51 - [MESSAGE][PASSED] - Text of object 'Object Repository/Выполнение бизнес-плана/Период' is: '1 кв. 2025 года'

16-05-2025T12:02:51 - [TEST_STEP][PASSED] - iy = m.indexOf("20"): null

16-05-2025T12:02:51 - [TEST_STEP][PASSED] - if (iy > -1): null

16-05-2025T12:02:51 - [TEST_STEP][PASSED] - y = substring(iy, iy + 4).toInteger(): null

16-05-2025T12:02:51 - [TEST_STEP][PASSED] - println(y): null

16-05-2025T12:02:51 - [TEST_STEP][PASSED] - if (toString().length() == 4): null

16-05-2025T12:02:51 - [TEST_STEP][PASSED] - m = m.substring(0, m.indexOf(y.toString())): null

16-05-2025T12:02:51 - [TEST_STEP][PASSED] - m = m.trim(): null

16-05-2025T12:02:51 - [TEST_STEP][PASSED] - if (m == ""): null

16-05-2025T12:02:51 - [TEST_STEP][PASSED] - dashboardName = "Выполнение бизнес-плана": null

16-05-2025T12:02:51 - [TEST_STEP][PASSED] - workbook01 = getWorkbook(excelFilePath): null

16-05-2025T12:02:51 - [TEST_STEP][PASSED] - sheet01 = getExcelSheet(workbook01, sheetName): null

16-05-2025T12:02:51 - [TEST_STEP][PASSED] - setValueToCellByIndex(sheet01, n, 0, dashboardName): null

16-05-2025T12:02:51 - [TEST_STEP][PASSED] - setValueToCellByIndex(sheet01, n, 1, dZO): null

16-05-2025T12:02:51 - [TEST_STEP][PASSED] - setValueToCellByIndex(sheet01, n, 2, typeOfData): null

16-05-2025T12:02:51 - [TEST_STEP][PASSED] - if (typeOfData == "Факт в процентах" || typeOfData == "План в процентах"): null

16-05-2025T12:02:51 - [TEST_STEP][PASSED] - else: null

16-05-2025T12:02:51 - [TEST_STEP][PASSED] - setValueToCellByIndex(sheet01, n, 3, fileInt): null

16-05-2025T12:02:51 - [TEST_STEP][PASSED] - setValueToCellByIndex(sheet01, n, 4, pageInt): null

16-05-2025T12:02:51 - [TEST_STEP][PASSED] - setValueToCellByIndex(sheet01, n, 5, m): null

16-05-2025T12:02:51 - [TEST_STEP][PASSED] - setValueToCellByIndex(sheet01, n, 6, y): null

16-05-2025T12:02:51 - [TEST_STEP][PASSED] - setValueToCellByIndex(sheet01, n, 7, todaysDate): null

16-05-2025T12:02:51 - [TEST_STEP][PASSED] - n = n + 1: null

16-05-2025T12:02:51 - [TEST_STEP][PASSED] - saveWorkbook(excelFilePath, workbook01): null

16-05-2025T12:02:51 - [TEST_STEP][PASSED] - if (planFact == 2): null

16-05-2025T12:02:51 - [TEST_STEP][PASSED] - if (planFact == 1): null

16-05-2025T12:02:51 - [TEST_STEP][PASSED] - else if (planFact == 2): null

16-05-2025T12:02:51 - [TEST_STEP][PASSED] - click(findTestObject("Выполнение бизнес-плана/Кнопка План")): Object: 'Object Repository/Выполнение бизнес-плана/Кнопка План' is clicked on

16-05-2025T12:02:51 - [MESSAGE][PASSED] - Object: 'Object Repository/Выполнение бизнес-плана/Кнопка План' is clicked on

16-05-2025T12:02:51 - [TEST_STEP][PASSED] - typeOfDataMain = "План": null

16-05-2025T12:02:51 - [TEST_STEP][PASSED] - otpusk = findTestData("PlanFact").getValue(2, a): null

16-05-2025T12:02:52 - [TEST_STEP][PASSED] - poteri = findTestData("PlanFact").getValue(3, a): null

16-05-2025T12:02:52 - [TEST_STEP][PASSED] - otpusk = otpusk.replaceAll("\s+", ""): null

16-05-2025T12:02:52 - [TEST_STEP][PASSED] - poteri = poteri.replaceAll("\s+", ""): null

16-05-2025T12:02:52 - [TEST_STEP][PASSED] - typeOfData = typeOfDataMain + " Отпуск в сеть": null

16-05-2025T12:02:52 - [TEST_STEP][PASSED] - if (a == 82): null

16-05-2025T12:02:52 - [TEST_STEP][PASSED] - else if (a == 84): null

16-05-2025T12:02:52 - [TEST_STEP][PASSED] - else if (a == 83 || a == 52 || a == 72 || a == 28 || a == 73 || a == 77 || a == 74 || a == 65 || a == 36 || a == 44 || a == 53 || a == 80 || a == 54 || a == 1 || a == 18 || a == 59 || a == 81): null

16-05-2025T12:02:52 - [TEST_STEP][PASSED] - else: null

16-05-2025T12:02:52 - [TEST_STEP][PASSED] - path = dataFolder + typeOfData + " за отчётный период " + b: null

16-05-2025T12:02:52 - [TEST_STEP][PASSED] - println(path): null

16-05-2025T12:02:52 - [TEST_STEP][PASSED] - page = getText(findTestObject(path)): Text of object 'Object Repository/Выполнение бизнес-плана/Значения со страницы Выполнение бизнес-плана/План Отпуск в сеть за отчётный период Карельский филиал' is: '865 251'

16-05-2025T12:02:52 - [MESSAGE][PASSED] - Text of object 'Object Repository/Выполнение бизнес-плана/Значения со страницы Выполнение бизнес-плана/План Отпуск в сеть за отчётный период Карельский филиал' is: '865 251'

16-05-2025T12:02:52 - [TEST_STEP][PASSED] - if (page == "" || page == null): null

16-05-2025T12:02:52 - [TEST_STEP][PASSED] - else: null

16-05-2025T12:02:52 - [TEST_STEP][PASSED] - page = page.replaceAll("\s+", ""): null

16-05-2025T12:02:52 - [TEST_STEP][PASSED] - if (page == "undefined"): null

16-05-2025T12:02:52 - [TEST_STEP][PASSED] - fileOtpuskVSet = otpusk.toInteger(): null

16-05-2025T12:02:52 - [TEST_STEP][PASSED] - pageOtpuskVSet = page.toInteger(): null

16-05-2025T12:02:52 - [TEST_STEP][PASSED] - typeOfData = typeOfDataMain + " Потери": null

16-05-2025T12:02:52 - [TEST_STEP][PASSED] - if (a == 82): null

16-05-2025T12:02:52 - [TEST_STEP][PASSED] - else if (a == 84): null

16-05-2025T12:02:52 - [TEST_STEP][PASSED] - else if (a == 83 || a == 52 || a == 72 || a == 28 || a == 73 || a == 77 || a == 74 || a == 65 || a == 36 || a == 44 || a == 53 || a == 80 || a == 54 || a == 1 || a == 18 || a == 59 || a == 81): null

16-05-2025T12:02:52 - [TEST_STEP][PASSED] - else: null

16-05-2025T12:02:52 - [TEST_STEP][PASSED] - path = dataFolder + typeOfData + " за отчётный период " + b: null

16-05-2025T12:02:52 - [TEST_STEP][PASSED] - page = getText(findTestObject(path)): Text of object 'Object Repository/Выполнение бизнес-плана/Значения со страницы Выполнение бизнес-плана/План Потери за отчётный период Карельский филиал' is: '45 381'

16-05-2025T12:02:52 - [MESSAGE][PASSED] - Text of object 'Object Repository/Выполнение бизнес-плана/Значения со страницы Выполнение бизнес-плана/План Потери за отчётный период Карельский филиал' is: '45 381'

16-05-2025T12:02:52 - [TEST_STEP][PASSED] - if (page == "" || page == null): null

16-05-2025T12:02:52 - [TEST_STEP][PASSED] - else: null

16-05-2025T12:02:52 - [TEST_STEP][PASSED] - page = page.replaceAll("\s+", ""): null

16-05-2025T12:02:52 - [TEST_STEP][PASSED] - if (page == "undefined"): null

16-05-2025T12:02:52 - [TEST_STEP][PASSED] - filePoteri = poteri.toInteger(): null

16-05-2025T12:02:52 - [TEST_STEP][PASSED] - pagePoteri = page.toInteger(): null

16-05-2025T12:02:52 - [TEST_STEP][PASSED] - compare = pageOtpuskVSet: null

16-05-2025T12:02:52 - [TEST_STEP][PASSED] - if (pageOtpuskVSet != null): null

16-05-2025T12:02:52 - [TEST_STEP][PASSED] - if (compare == fileOtpuskVSet): null

16-05-2025T12:02:52 - [TEST_STEP][PASSED] - else if (compare > fileOtpuskVSet): null

16-05-2025T12:02:52 - [TEST_STEP][PASSED] - else if (compare < fileOtpuskVSet): null

16-05-2025T12:02:52 - [TEST_STEP][PASSED] - compare = compare + 1: null

16-05-2025T12:02:52 - [TEST_STEP][PASSED] - if (compare == fileOtpuskVSet): null

16-05-2025T12:02:52 - [TEST_STEP][PASSED] - else: null

16-05-2025T12:02:52 - [TEST_STEP][PASSED] - numberOfErrors = numberOfErrors + 1: null

16-05-2025T12:02:52 - [TEST_STEP][PASSED] - pageInt = pageOtpuskVSet: null

16-05-2025T12:02:52 - [TEST_STEP][PASSED] - fileInt = fileOtpuskVSet: null

16-05-2025T12:02:52 - [TEST_STEP][PASSED] - typeOfData = typeOfDataMain + " Отпуск в сеть": null

16-05-2025T12:02:52 - [TEST_STEP][PASSED] - Script1718980020443.WriteToExcel(a, typeOfData, todaysDate, pageInt, fileInt, pageDouble, fileDouble, dZO): null

16-05-2025T12:02:52 - [TEST_STEP][PASSED] - sheetName = "Sheet1": null

16-05-2025T12:02:52 - [TEST_STEP][PASSED] - data = findTestData("PlanFact"): null

16-05-2025T12:02:52 - [TEST_STEP][PASSED] - n = data.getRowNumbers() + 1: null

16-05-2025T12:02:52 - [TEST_STEP][PASSED] - day = ")).toInteger(): null

16-05-2025T12:02:52 - [TEST_STEP][PASSED] - println(day): null

16-05-2025T12:02:52 - [TEST_STEP][PASSED] - month = ")).toInteger(): null

16-05-2025T12:02:52 - [TEST_STEP][PASSED] - println(month): null

16-05-2025T12:02:52 - [TEST_STEP][PASSED] - y = <not implemented yet for class: org.codehaus.groovy.ast.expr.EmptyExpression>: null

16-05-2025T12:02:52 - [TEST_STEP][PASSED] - iy = <not implemented yet for class: org.codehaus.groovy.ast.expr.EmptyExpression>: null

16-05-2025T12:02:52 - [TEST_STEP][PASSED] - m = getText(findTestObject("Выполнение бизнес-плана/Период")): Text of object 'Object Repository/Выполнение бизнес-плана/Период' is: '1 кв. 2025 года'

16-05-2025T12:02:53 - [MESSAGE][PASSED] - Text of object 'Object Repository/Выполнение бизнес-плана/Период' is: '1 кв. 2025 года'

16-05-2025T12:02:53 - [TEST_STEP][PASSED] - iy = m.indexOf("20"): null

16-05-2025T12:02:53 - [TEST_STEP][PASSED] - if (iy > -1): null

16-05-2025T12:02:53 - [TEST_STEP][PASSED] - y = substring(iy, iy + 4).toInteger(): null

16-05-2025T12:02:53 - [TEST_STEP][PASSED] - println(y): null

16-05-2025T12:02:53 - [TEST_STEP][PASSED] - if (toString().length() == 4): null

16-05-2025T12:02:53 - [TEST_STEP][PASSED] - m = m.substring(0, m.indexOf(y.toString())): null

16-05-2025T12:02:53 - [TEST_STEP][PASSED] - m = m.trim(): null

16-05-2025T12:02:53 - [TEST_STEP][PASSED] - if (m == ""): null

16-05-2025T12:02:53 - [TEST_STEP][PASSED] - dashboardName = "Выполнение бизнес-плана": null

16-05-2025T12:02:53 - [TEST_STEP][PASSED] - workbook01 = getWorkbook(excelFilePath): null

16-05-2025T12:02:53 - [TEST_STEP][PASSED] - sheet01 = getExcelSheet(workbook01, sheetName): null

16-05-2025T12:02:53 - [TEST_STEP][PASSED] - setValueToCellByIndex(sheet01, n, 0, dashboardName): null

16-05-2025T12:02:53 - [TEST_STEP][PASSED] - setValueToCellByIndex(sheet01, n, 1, dZO): null

16-05-2025T12:02:53 - [TEST_STEP][PASSED] - setValueToCellByIndex(sheet01, n, 2, typeOfData): null

16-05-2025T12:02:53 - [TEST_STEP][PASSED] - if (typeOfData == "Факт в процентах" || typeOfData == "План в процентах"): null

16-05-2025T12:02:53 - [TEST_STEP][PASSED] - else: null

16-05-2025T12:02:53 - [TEST_STEP][PASSED] - setValueToCellByIndex(sheet01, n, 3, fileInt): null

16-05-2025T12:02:53 - [TEST_STEP][PASSED] - setValueToCellByIndex(sheet01, n, 4, pageInt): null

16-05-2025T12:02:53 - [TEST_STEP][PASSED] - setValueToCellByIndex(sheet01, n, 5, m): null

16-05-2025T12:02:53 - [TEST_STEP][PASSED] - setValueToCellByIndex(sheet01, n, 6, y): null

16-05-2025T12:02:53 - [TEST_STEP][PASSED] - setValueToCellByIndex(sheet01, n, 7, todaysDate): null

16-05-2025T12:02:53 - [TEST_STEP][PASSED] - n = n + 1: null

16-05-2025T12:02:53 - [TEST_STEP][PASSED] - saveWorkbook(excelFilePath, workbook01): null

16-05-2025T12:02:53 - [TEST_STEP][PASSED] - compare = pagePoteri: null

16-05-2025T12:02:53 - [TEST_STEP][PASSED] - if (pageOtpuskVSet != null): null

16-05-2025T12:02:53 - [TEST_STEP][PASSED] - if (compare == filePoteri): null

16-05-2025T12:02:53 - [TEST_STEP][PASSED] - else if (compare > filePoteri): null

16-05-2025T12:02:53 - [TEST_STEP][PASSED] - else if (compare < filePoteri): null

16-05-2025T12:02:53 - [TEST_STEP][PASSED] - compare = compare + 1: null

16-05-2025T12:02:53 - [TEST_STEP][PASSED] - if (compare == filePoteri): null

16-05-2025T12:02:53 - [TEST_STEP][PASSED] - else: null

16-05-2025T12:02:53 - [TEST_STEP][PASSED] - numberOfErrors = numberOfErrors + 1: null

16-05-2025T12:02:53 - [TEST_STEP][PASSED] - pageInt = pagePoteri: null

16-05-2025T12:02:53 - [TEST_STEP][PASSED] - fileInt = filePoteri: null

16-05-2025T12:02:53 - [TEST_STEP][PASSED] - typeOfData = typeOfDataMain + " Потери": null

16-05-2025T12:02:53 - [TEST_STEP][PASSED] - Script1718980020443.WriteToExcel(a, typeOfData, todaysDate, pageInt, fileInt, pageDouble, fileDouble, dZO): null

16-05-2025T12:02:53 - [TEST_STEP][PASSED] - sheetName = "Sheet1": null

16-05-2025T12:02:53 - [TEST_STEP][PASSED] - data = findTestData("PlanFact"): null

16-05-2025T12:02:53 - [TEST_STEP][PASSED] - n = data.getRowNumbers() + 1: null

16-05-2025T12:02:53 - [TEST_STEP][PASSED] - day = ")).toInteger(): null

16-05-2025T12:02:53 - [TEST_STEP][PASSED] - println(day): null

16-05-2025T12:02:53 - [TEST_STEP][PASSED] - month = ")).toInteger(): null

16-05-2025T12:02:53 - [TEST_STEP][PASSED] - println(month): null

16-05-2025T12:02:53 - [TEST_STEP][PASSED] - y = <not implemented yet for class: org.codehaus.groovy.ast.expr.EmptyExpression>: null

16-05-2025T12:02:53 - [TEST_STEP][PASSED] - iy = <not implemented yet for class: org.codehaus.groovy.ast.expr.EmptyExpression>: null

16-05-2025T12:02:53 - [TEST_STEP][PASSED] - m = getText(findTestObject("Выполнение бизнес-плана/Период")): Text of object 'Object Repository/Выполнение бизнес-плана/Период' is: '1 кв. 2025 года'

16-05-2025T12:02:53 - [MESSAGE][PASSED] - Text of object 'Object Repository/Выполнение бизнес-плана/Период' is: '1 кв. 2025 года'

16-05-2025T12:02:53 - [TEST_STEP][PASSED] - iy = m.indexOf("20"): null

16-05-2025T12:02:53 - [TEST_STEP][PASSED] - if (iy > -1): null

16-05-2025T12:02:53 - [TEST_STEP][PASSED] - y = substring(iy, iy + 4).toInteger(): null

16-05-2025T12:02:53 - [TEST_STEP][PASSED] - println(y): null

16-05-2025T12:02:53 - [TEST_STEP][PASSED] - if (toString().length() == 4): null

16-05-2025T12:02:53 - [TEST_STEP][PASSED] - m = m.substring(0, m.indexOf(y.toString())): null

16-05-2025T12:02:53 - [TEST_STEP][PASSED] - m = m.trim(): null

16-05-2025T12:02:53 - [TEST_STEP][PASSED] - if (m == ""): null

16-05-2025T12:02:53 - [TEST_STEP][PASSED] - dashboardName = "Выполнение бизнес-плана": null

16-05-2025T12:02:53 - [TEST_STEP][PASSED] - workbook01 = getWorkbook(excelFilePath): null

16-05-2025T12:02:53 - [TEST_STEP][PASSED] - sheet01 = getExcelSheet(workbook01, sheetName): null

16-05-2025T12:02:53 - [TEST_STEP][PASSED] - setValueToCellByIndex(sheet01, n, 0, dashboardName): null

16-05-2025T12:02:53 - [TEST_STEP][PASSED] - setValueToCellByIndex(sheet01, n, 1, dZO): null

16-05-2025T12:02:53 - [TEST_STEP][PASSED] - setValueToCellByIndex(sheet01, n, 2, typeOfData): null

16-05-2025T12:02:53 - [TEST_STEP][PASSED] - if (typeOfData == "Факт в процентах" || typeOfData == "План в процентах"): null

16-05-2025T12:02:53 - [TEST_STEP][PASSED] - else: null

16-05-2025T12:02:53 - [TEST_STEP][PASSED] - setValueToCellByIndex(sheet01, n, 3, fileInt): null

16-05-2025T12:02:53 - [TEST_STEP][PASSED] - setValueToCellByIndex(sheet01, n, 4, pageInt): null

16-05-2025T12:02:53 - [TEST_STEP][PASSED] - setValueToCellByIndex(sheet01, n, 5, m): null

16-05-2025T12:02:53 - [TEST_STEP][PASSED] - setValueToCellByIndex(sheet01, n, 6, y): null

16-05-2025T12:02:53 - [TEST_STEP][PASSED] - setValueToCellByIndex(sheet01, n, 7, todaysDate): null

16-05-2025T12:02:53 - [TEST_STEP][PASSED] - n = n + 1: null

16-05-2025T12:02:53 - [TEST_STEP][PASSED] - saveWorkbook(excelFilePath, workbook01): Object: 'Object Repository/Выполнение бизнес-плана/Кнопка Факт' is clicked on

16-05-2025T12:02:54 - [TEST_STEP][PASSED] - if (planFact == 2): Object: 'Object Repository/Выполнение бизнес-плана/Кнопка Факт' is clicked on

16-05-2025T12:02:54 - [TEST_STEP][PASSED] - click(findTestObject("Выполнение бизнес-плана/Кнопка Факт")): Object: 'Object Repository/Выполнение бизнес-плана/Кнопка Факт' is clicked on

16-05-2025T12:02:54 - [MESSAGE][PASSED] - Object: 'Object Repository/Выполнение бизнес-плана/Кнопка Факт' is clicked on

16-05-2025T12:02:54 - [TEST_STEP][PASSED] - println("a=" + a): null

16-05-2025T12:02:54 - [TEST_STEP][PASSED] - if (a == 84 || a == 82): null

16-05-2025T12:02:54 - [TEST_STEP][PASSED] - else if (a == 83 || a == 52 || a == 72 || a == 28 || a == 73 || a == 77 || a == 74 || a == 65 || a == 36 || a == 44 || a == 53 || a == 80 || a == 54 || a == 1 || a == 18 || a == 59 || a == 81): null

16-05-2025T12:02:54 - [TEST_STEP][PASSED] - else: null

16-05-2025T12:02:54 - [TEST_STEP][PASSED] - page1 = getText(findTestObject("Object Repository/Выполнение бизнес-плана/spanPlan" + filialNum)): Text of object 'Object Repository/Выполнение бизнес-плана/spanPlan3' is: '5.24
|'

16-05-2025T12:02:54 - [MESSAGE][PASSED] - Text of object 'Object Repository/Выполнение бизнес-плана/spanPlan3' is: '5.24
|'

16-05-2025T12:02:54 - [TEST_STEP][PASSED] - page1 = page1.replace("|", ""): null

16-05-2025T12:02:54 - [TEST_STEP][PASSED] - page2 = getText(findTestObject("Object Repository/Выполнение бизнес-плана/spanFact" + filialNum)): Text of object 'Object Repository/Выполнение бизнес-плана/spanFact3' is: '4.45
|'

16-05-2025T12:02:54 - [MESSAGE][PASSED] - Text of object 'Object Repository/Выполнение бизнес-плана/spanFact3' is: '4.45
|'

16-05-2025T12:02:54 - [TEST_STEP][PASSED] - page2 = page2.replace("|", ""): null

16-05-2025T12:02:54 - [TEST_STEP][PASSED] - println("page1: " + page1): null

16-05-2025T12:02:54 - [TEST_STEP][PASSED] - println("page2: " + page2): null

16-05-2025T12:02:54 - [TEST_STEP][PASSED] - file = findTestData("PlanFact").getValue(4, a): null

16-05-2025T12:02:54 - [TEST_STEP][PASSED] - file = file.replace(",", "."): null

16-05-2025T12:02:54 - [TEST_STEP][PASSED] - println("file Plan: " + file): null

16-05-2025T12:02:54 - [TEST_STEP][PASSED] - typeOfData = "План в процентах": null

16-05-2025T12:02:54 - [TEST_STEP][PASSED] - fileDouble = file.toDouble(): null

16-05-2025T12:02:54 - [TEST_STEP][PASSED] - pageDouble = page1.toDouble(): null

16-05-2025T12:02:54 - [TEST_STEP][PASSED] - if (fileDouble != pageDouble): null

16-05-2025T12:02:54 - [TEST_STEP][PASSED] - numberOfErrors = numberOfErrors + 1: null

16-05-2025T12:02:54 - [TEST_STEP][PASSED] - Script1718980020443.WriteToExcel(a, typeOfData, todaysDate, pageInt, fileInt, pageDouble, fileDouble, dZO): null

16-05-2025T12:02:54 - [TEST_STEP][PASSED] - sheetName = "Sheet1": null

16-05-2025T12:02:54 - [TEST_STEP][PASSED] - data = findTestData("PlanFact"): null

16-05-2025T12:02:55 - [TEST_STEP][PASSED] - n = data.getRowNumbers() + 1: null

16-05-2025T12:02:55 - [TEST_STEP][PASSED] - day = ")).toInteger(): null

16-05-2025T12:02:55 - [TEST_STEP][PASSED] - println(day): null

16-05-2025T12:02:55 - [TEST_STEP][PASSED] - month = ")).toInteger(): null

16-05-2025T12:02:55 - [TEST_STEP][PASSED] - println(month): null

16-05-2025T12:02:55 - [TEST_STEP][PASSED] - y = <not implemented yet for class: org.codehaus.groovy.ast.expr.EmptyExpression>: null

16-05-2025T12:02:55 - [TEST_STEP][PASSED] - iy = <not implemented yet for class: org.codehaus.groovy.ast.expr.EmptyExpression>: null

16-05-2025T12:02:55 - [TEST_STEP][PASSED] - m = getText(findTestObject("Выполнение бизнес-плана/Период")): Text of object 'Object Repository/Выполнение бизнес-плана/Период' is: '1 кв. 2025 года'

16-05-2025T12:02:55 - [MESSAGE][PASSED] - Text of object 'Object Repository/Выполнение бизнес-плана/Период' is: '1 кв. 2025 года'

16-05-2025T12:02:55 - [TEST_STEP][PASSED] - iy = m.indexOf("20"): null

16-05-2025T12:02:55 - [TEST_STEP][PASSED] - if (iy > -1): null

16-05-2025T12:02:55 - [TEST_STEP][PASSED] - y = substring(iy, iy + 4).toInteger(): null

16-05-2025T12:02:55 - [TEST_STEP][PASSED] - println(y): null

16-05-2025T12:02:55 - [TEST_STEP][PASSED] - if (toString().length() == 4): null

16-05-2025T12:02:55 - [TEST_STEP][PASSED] - m = m.substring(0, m.indexOf(y.toString())): null

16-05-2025T12:02:55 - [TEST_STEP][PASSED] - m = m.trim(): null

16-05-2025T12:02:55 - [TEST_STEP][PASSED] - if (m == ""): null

16-05-2025T12:02:55 - [TEST_STEP][PASSED] - dashboardName = "Выполнение бизнес-плана": null

16-05-2025T12:02:55 - [TEST_STEP][PASSED] - workbook01 = getWorkbook(excelFilePath): null

16-05-2025T12:02:55 - [TEST_STEP][PASSED] - sheet01 = getExcelSheet(workbook01, sheetName): null

16-05-2025T12:02:55 - [TEST_STEP][PASSED] - setValueToCellByIndex(sheet01, n, 0, dashboardName): null

16-05-2025T12:02:55 - [TEST_STEP][PASSED] - setValueToCellByIndex(sheet01, n, 1, dZO): null

16-05-2025T12:02:55 - [TEST_STEP][PASSED] - setValueToCellByIndex(sheet01, n, 2, typeOfData): null

16-05-2025T12:02:55 - [TEST_STEP][PASSED] - if (typeOfData == "Факт в процентах" || typeOfData == "План в процентах"): null

16-05-2025T12:02:55 - [TEST_STEP][PASSED] - setValueToCellByIndex(sheet01, n, 3, fileDouble): null

16-05-2025T12:02:55 - [TEST_STEP][PASSED] - setValueToCellByIndex(sheet01, n, 4, pageDouble): null

16-05-2025T12:02:55 - [TEST_STEP][PASSED] - setValueToCellByIndex(sheet01, n, 5, m): null

16-05-2025T12:02:55 - [TEST_STEP][PASSED] - setValueToCellByIndex(sheet01, n, 6, y): null

16-05-2025T12:02:55 - [TEST_STEP][PASSED] - setValueToCellByIndex(sheet01, n, 7, todaysDate): null

16-05-2025T12:02:55 - [TEST_STEP][PASSED] - n = n + 1: null

16-05-2025T12:02:55 - [TEST_STEP][PASSED] - saveWorkbook(excelFilePath, workbook01): null

16-05-2025T12:02:55 - [TEST_STEP][PASSED] - file = findTestData("PlanFact").getValue(7, a): null

16-05-2025T12:02:55 - [TEST_STEP][PASSED] - file = file.replace(",", "."): null

16-05-2025T12:02:55 - [TEST_STEP][PASSED] - println("file Fact: " + file): null

16-05-2025T12:02:55 - [TEST_STEP][PASSED] - fileDouble = file.toDouble(): null

16-05-2025T12:02:55 - [TEST_STEP][PASSED] - typeOfData = "Факт в процентах": null

16-05-2025T12:02:55 - [TEST_STEP][PASSED] - fileDouble = file.toDouble(): null

16-05-2025T12:02:55 - [TEST_STEP][PASSED] - pageDouble = page2.toDouble(): null

16-05-2025T12:02:55 - [TEST_STEP][PASSED] - if (fileDouble != pageDouble): null

16-05-2025T12:02:55 - [TEST_STEP][PASSED] - numberOfErrors = numberOfErrors + 1: null

16-05-2025T12:02:55 - [TEST_STEP][PASSED] - Script1718980020443.WriteToExcel(a, typeOfData, todaysDate, pageInt, fileInt, pageDouble, fileDouble, dZO): null

16-05-2025T12:02:55 - [TEST_STEP][PASSED] - sheetName = "Sheet1": null

16-05-2025T12:02:55 - [TEST_STEP][PASSED] - data = findTestData("PlanFact"): null

16-05-2025T12:02:55 - [TEST_STEP][PASSED] - n = data.getRowNumbers() + 1: null

16-05-2025T12:02:55 - [TEST_STEP][PASSED] - day = ")).toInteger(): null

16-05-2025T12:02:55 - [TEST_STEP][PASSED] - println(day): null

16-05-2025T12:02:55 - [TEST_STEP][PASSED] - month = ")).toInteger(): null

16-05-2025T12:02:55 - [TEST_STEP][PASSED] - println(month): null

16-05-2025T12:02:55 - [TEST_STEP][PASSED] - y = <not implemented yet for class: org.codehaus.groovy.ast.expr.EmptyExpression>: null

16-05-2025T12:02:55 - [TEST_STEP][PASSED] - iy = <not implemented yet for class: org.codehaus.groovy.ast.expr.EmptyExpression>: null

16-05-2025T12:02:55 - [TEST_STEP][PASSED] - m = getText(findTestObject("Выполнение бизнес-плана/Период")): Text of object 'Object Repository/Выполнение бизнес-плана/Период' is: '1 кв. 2025 года'

16-05-2025T12:02:56 - [MESSAGE][PASSED] - Text of object 'Object Repository/Выполнение бизнес-плана/Период' is: '1 кв. 2025 года'

16-05-2025T12:02:56 - [TEST_STEP][PASSED] - iy = m.indexOf("20"): null

16-05-2025T12:02:56 - [TEST_STEP][PASSED] - if (iy > -1): null

16-05-2025T12:02:56 - [TEST_STEP][PASSED] - y = substring(iy, iy + 4).toInteger(): null

16-05-2025T12:02:56 - [TEST_STEP][PASSED] - println(y): null

16-05-2025T12:02:56 - [TEST_STEP][PASSED] - if (toString().length() == 4): null

16-05-2025T12:02:56 - [TEST_STEP][PASSED] - m = m.substring(0, m.indexOf(y.toString())): null

16-05-2025T12:02:56 - [TEST_STEP][PASSED] - m = m.trim(): null

16-05-2025T12:02:56 - [TEST_STEP][PASSED] - if (m == ""): null

16-05-2025T12:02:56 - [TEST_STEP][PASSED] - dashboardName = "Выполнение бизнес-плана": null

16-05-2025T12:02:56 - [TEST_STEP][PASSED] - workbook01 = getWorkbook(excelFilePath): null

16-05-2025T12:02:56 - [TEST_STEP][PASSED] - sheet01 = getExcelSheet(workbook01, sheetName): null

16-05-2025T12:02:56 - [TEST_STEP][PASSED] - setValueToCellByIndex(sheet01, n, 0, dashboardName): null

16-05-2025T12:02:56 - [TEST_STEP][PASSED] - setValueToCellByIndex(sheet01, n, 1, dZO): null

16-05-2025T12:02:56 - [TEST_STEP][PASSED] - setValueToCellByIndex(sheet01, n, 2, typeOfData): null

16-05-2025T12:02:56 - [TEST_STEP][PASSED] - if (typeOfData == "Факт в процентах" || typeOfData == "План в процентах"): null

16-05-2025T12:02:56 - [TEST_STEP][PASSED] - setValueToCellByIndex(sheet01, n, 3, fileDouble): null

16-05-2025T12:02:56 - [TEST_STEP][PASSED] - setValueToCellByIndex(sheet01, n, 4, pageDouble): null

16-05-2025T12:02:56 - [TEST_STEP][PASSED] - setValueToCellByIndex(sheet01, n, 5, m): null

16-05-2025T12:02:56 - [TEST_STEP][PASSED] - setValueToCellByIndex(sheet01, n, 6, y): null

16-05-2025T12:02:56 - [TEST_STEP][PASSED] - setValueToCellByIndex(sheet01, n, 7, todaysDate): null

16-05-2025T12:02:56 - [TEST_STEP][PASSED] - n = n + 1: null

16-05-2025T12:02:56 - [TEST_STEP][PASSED] - saveWorkbook(excelFilePath, workbook01): null

16-05-2025T12:02:56 - [TEST_STEP][FAILED] - if (verifyEqual(numberOfErrors, 0) == false): null

16-05-2025T12:02:56 - [MESSAGE][FAILED] - Unable to verify equal between actual object '6' and expected object '0' (Root cause: com.kms.katalon.core.exception.StepFailedException: Actual object '6' and expected object '0' are not equal
	at com.kms.katalon.core.keyword.builtin.VerifyEqualKeyword$_verifyEqual_closure1.doCall(VerifyEqualKeyword.groovy:58)
	at com.kms.katalon.core.keyword.builtin.VerifyEqualKeyword$_verifyEqual_closure1.call(VerifyEqualKeyword.groovy)
	at com.kms.katalon.core.keyword.internal.KeywordMain.runKeyword(KeywordMain.groovy:75)
	at com.kms.katalon.core.keyword.builtin.VerifyEqualKeyword.verifyEqual(VerifyEqualKeyword.groovy:63)
	at com.kms.katalon.core.keyword.builtin.VerifyEqualKeyword.execute(VerifyEqualKeyword.groovy:44)
	at com.kms.katalon.core.keyword.internal.KeywordExecutor.executeKeywordForPlatform(KeywordExecutor.groovy:74)
	at com.kms.katalon.core.keyword.BuiltinKeywords.verifyEqual(BuiltinKeywords.groovy:146)
	at jdk.internal.reflect.GeneratedMethodAccessor24.invoke(Unknown Source)
	at java.base/jdk.internal.reflect.DelegatingMethodAccessorImpl.invoke(DelegatingMethodAccessorImpl.java:43)
	at Выполнение бизнес-плана Сверка ПАО Россети все филиалы.Numbers(Выполнение бизнес-плана Сверка ПАО Россети все филиалы:740)
	at Выполнение бизнес-плана Сверка ПАО Россети все филиалы.Filials(Выполнение бизнес-плана Сверка ПАО Россети все филиалы:1497)
	at Выполнение бизнес-плана Сверка ПАО Россети все филиалы.Numbers(Выполнение бизнес-плана Сверка ПАО Россети все филиалы:747)
	at Выполнение бизнес-плана Сверка ПАО Россети все филиалы.run(Выполнение бизнес-плана Сверка ПАО Россети все филиалы:297)
	at com.kms.katalon.core.main.ScriptEngine.run(ScriptEngine.java:194)
	at com.kms.katalon.core.main.ScriptEngine.runScriptAsRawText(ScriptEngine.java:119)
	at com.kms.katalon.core.main.TestCaseExecutor.runScript(TestCaseExecutor.java:448)
	at com.kms.katalon.core.main.TestCaseExecutor.doExecute(TestCaseExecutor.java:439)
	at com.kms.katalon.core.main.TestCaseExecutor.processExecutionPhase(TestCaseExecutor.java:418)
	at com.kms.katalon.core.main.TestCaseExecutor.accessMainPhase(TestCaseExecutor.java:410)
	at com.kms.katalon.core.main.TestCaseExecutor.execute(TestCaseExecutor.java:285)
	at com.kms.katalon.core.common.CommonExecutor.accessTestCaseMainPhase(CommonExecutor.java:65)
	at com.kms.katalon.core.main.TestSuiteExecutor.accessTestSuiteMainPhase(TestSuiteExecutor.java:150)
	at com.kms.katalon.core.main.TestSuiteExecutor.execute(TestSuiteExecutor.java:106)
	at com.kms.katalon.core.main.TestCaseMain.startTestSuite(TestCaseMain.java:180)
	at TempTestSuite1747369435659.run(TempTestSuite1747369435659.groovy:35)
	at java.base/jdk.internal.reflect.NativeMethodAccessorImpl.invoke0(Native Method)
	at java.base/jdk.internal.reflect.NativeMethodAccessorImpl.invoke(NativeMethodAccessorImpl.java:77)
	at java.base/jdk.internal.reflect.DelegatingMethodAccessorImpl.invoke(DelegatingMethodAccessorImpl.java:43)
)

16-05-2025T12:02:56 - [TEST_STEP][PASSED] - println(numberOfErrors): null

16-05-2025T12:02:56 - [TEST_STEP][PASSED] - println("a=" + a): null

16-05-2025T12:02:56 - [TEST_STEP][PASSED] - if (a == 28 || a == 77 || a == 74 || a == 65 || a == 36 || a == 44 || a == 54 || a == 1 || a == 18 || a == 59): null

16-05-2025T12:02:56 - [TEST_STEP][PASSED] - if (a == 82): null

16-05-2025T12:02:56 - [TEST_STEP][PASSED] - dZO = "Мурманский филиал": null

16-05-2025T12:02:56 - [TEST_STEP][PASSED] - a = 40: null

16-05-2025T12:02:56 - [TEST_STEP][PASSED] - dzoCut = dZO.substring(0, 10): null

16-05-2025T12:02:56 - [TEST_STEP][PASSED] - if (x2.contains(dzoCut)): null

16-05-2025T12:02:56 - [TEST_STEP][PASSED] - filialNum = filialNum + 1: null

16-05-2025T12:02:56 - [TEST_STEP][PASSED] - Script1718980020443.Numbers(a, typeOfData, todaysDate, pageInt, fileInt, pageDouble, fileDouble, dZO, dzoNum, filialNum): null

16-05-2025T12:02:56 - [TEST_STEP][PASSED] - println(dzoNum): null

16-05-2025T12:02:56 - [TEST_STEP][PASSED] - planFact = <not implemented yet for class: org.codehaus.groovy.ast.expr.EmptyExpression>: null

16-05-2025T12:02:56 - [TEST_STEP][PASSED] - page = <not implemented yet for class: org.codehaus.groovy.ast.expr.EmptyExpression>: null

16-05-2025T12:02:56 - [TEST_STEP][PASSED] - page1 = <not implemented yet for class: org.codehaus.groovy.ast.expr.EmptyExpression>: null

16-05-2025T12:02:56 - [TEST_STEP][PASSED] - page2 = <not implemented yet for class: org.codehaus.groovy.ast.expr.EmptyExpression>: null

16-05-2025T12:02:56 - [TEST_STEP][PASSED] - filialNumberInRow = <not implemented yet for class: org.codehaus.groovy.ast.expr.EmptyExpression>: null

16-05-2025T12:02:56 - [TEST_STEP][PASSED] - filialsDzoNames = <not implemented yet for class: org.codehaus.groovy.ast.expr.EmptyExpression>: null

16-05-2025T12:02:56 - [TEST_STEP][PASSED] - numberOfFilials = <not implemented yet for class: org.codehaus.groovy.ast.expr.EmptyExpression>: null

16-05-2025T12:02:56 - [TEST_STEP][PASSED] - numberOfSpaces = <not implemented yet for class: org.codehaus.groovy.ast.expr.EmptyExpression>: null

16-05-2025T12:02:56 - [TEST_STEP][PASSED] - file = <not implemented yet for class: org.codehaus.groovy.ast.expr.EmptyExpression>: null

16-05-2025T12:02:56 - [TEST_STEP][PASSED] - otpusk = <not implemented yet for class: org.codehaus.groovy.ast.expr.EmptyExpression>: null

16-05-2025T12:02:56 - [TEST_STEP][PASSED] - poteri = <not implemented yet for class: org.codehaus.groovy.ast.expr.EmptyExpression>: null

16-05-2025T12:02:56 - [TEST_STEP][PASSED] - dataFolder = "Выполнение бизнес-плана/Значения со страницы Выполнение бизнес-плана/": null

16-05-2025T12:02:56 - [TEST_STEP][PASSED] - path = <not implemented yet for class: org.codehaus.groovy.ast.expr.EmptyExpression>: null

16-05-2025T12:02:56 - [TEST_STEP][PASSED] - typeOfDataMain = <not implemented yet for class: org.codehaus.groovy.ast.expr.EmptyExpression>: null

16-05-2025T12:02:56 - [TEST_STEP][PASSED] - fileOtpuskVSet = <not implemented yet for class: org.codehaus.groovy.ast.expr.EmptyExpression>: null

16-05-2025T12:02:56 - [TEST_STEP][PASSED] - pageOtpuskVSet = <not implemented yet for class: org.codehaus.groovy.ast.expr.EmptyExpression>: null

16-05-2025T12:02:56 - [TEST_STEP][PASSED] - filePoteri = <not implemented yet for class: org.codehaus.groovy.ast.expr.EmptyExpression>: null

16-05-2025T12:02:56 - [TEST_STEP][PASSED] - pagePoteri = <not implemented yet for class: org.codehaus.groovy.ast.expr.EmptyExpression>: null

16-05-2025T12:02:56 - [TEST_STEP][PASSED] - compare = <not implemented yet for class: org.codehaus.groovy.ast.expr.EmptyExpression>: null

16-05-2025T12:02:56 - [TEST_STEP][PASSED] - b = <not implemented yet for class: org.codehaus.groovy.ast.expr.EmptyExpression>: null

16-05-2025T12:02:56 - [TEST_STEP][PASSED] - i = <not implemented yet for class: org.codehaus.groovy.ast.expr.EmptyExpression>: null

16-05-2025T12:02:56 - [TEST_STEP][PASSED] - ii = <not implemented yet for class: org.codehaus.groovy.ast.expr.EmptyExpression>: null

16-05-2025T12:02:56 - [TEST_STEP][PASSED] - c = <not implemented yet for class: org.codehaus.groovy.ast.expr.EmptyExpression>: null

16-05-2025T12:02:56 - [TEST_STEP][PASSED] - numberOfErrors = 0: null

16-05-2025T12:02:56 - [TEST_STEP][PASSED] - if (a == 82): null

16-05-2025T12:02:56 - [TEST_STEP][PASSED] - b = findTestData("PlanFact").getValue(1, a): null

16-05-2025T12:02:56 - [TEST_STEP][PASSED] - i = b.indexOf(" (ГК)"): null

16-05-2025T12:02:56 - [TEST_STEP][PASSED] - if (i > -1): null

16-05-2025T12:02:56 - [TEST_STEP][PASSED] - i = b.indexOf("О ""): null

16-05-2025T12:02:56 - [TEST_STEP][PASSED] - if (i > -1): null

16-05-2025T12:02:56 - [TEST_STEP][PASSED] - i = b.indexOf("О «"): null

16-05-2025T12:02:56 - [TEST_STEP][PASSED] - if (i > -1): null

16-05-2025T12:02:56 - [TEST_STEP][PASSED] - i = b.indexOf("г. "): null

16-05-2025T12:02:56 - [TEST_STEP][PASSED] - if (i > -1): null

16-05-2025T12:02:56 - [TEST_STEP][PASSED] - b = b.trim(): null

16-05-2025T12:02:56 - [TEST_STEP][PASSED] - println(b): null

16-05-2025T12:02:56 - [TEST_STEP][PASSED] - for ([planFact = 1, planFact < 3, (planFact++)]): null

16-05-2025T12:02:56 - [TEST_STEP][PASSED] - if (planFact == 1): null

16-05-2025T12:02:56 - [TEST_STEP][PASSED] - typeOfDataMain = "Факт": null

16-05-2025T12:02:56 - [TEST_STEP][PASSED] - otpusk = findTestData("PlanFact").getValue(5, a): null

16-05-2025T12:02:56 - [TEST_STEP][PASSED] - poteri = findTestData("PlanFact").getValue(6, a): null

16-05-2025T12:02:56 - [TEST_STEP][PASSED] - otpusk = otpusk.replaceAll("\s+", ""): null

16-05-2025T12:02:56 - [TEST_STEP][PASSED] - poteri = poteri.replaceAll("\s+", ""): null

16-05-2025T12:02:56 - [TEST_STEP][PASSED] - typeOfData = typeOfDataMain + " Отпуск в сеть": null

16-05-2025T12:02:56 - [TEST_STEP][PASSED] - if (a == 82): null

16-05-2025T12:02:56 - [TEST_STEP][PASSED] - else if (a == 84): null

16-05-2025T12:02:56 - [TEST_STEP][PASSED] - else if (a == 83 || a == 52 || a == 72 || a == 28 || a == 73 || a == 77 || a == 74 || a == 65 || a == 36 || a == 44 || a == 53 || a == 80 || a == 54 || a == 1 || a == 18 || a == 59 || a == 81): null

16-05-2025T12:02:56 - [TEST_STEP][PASSED] - else: null

16-05-2025T12:02:56 - [TEST_STEP][PASSED] - path = dataFolder + typeOfData + " за отчётный период " + b: null

16-05-2025T12:02:56 - [TEST_STEP][PASSED] - println(path): null

16-05-2025T12:02:56 - [TEST_STEP][PASSED] - page = getText(findTestObject(path)): Text of object 'Object Repository/Выполнение бизнес-плана/Значения со страницы Выполнение бизнес-плана/Факт Отпуск в сеть за отчётный период Мурманский филиал' is: '1 905 940'

16-05-2025T12:02:56 - [MESSAGE][PASSED] - Text of object 'Object Repository/Выполнение бизнес-плана/Значения со страницы Выполнение бизнес-плана/Факт Отпуск в сеть за отчётный период Мурманский филиал' is: '1 905 940'

16-05-2025T12:02:56 - [TEST_STEP][PASSED] - if (page == "" || page == null): null

16-05-2025T12:02:56 - [TEST_STEP][PASSED] - else: null

16-05-2025T12:02:56 - [TEST_STEP][PASSED] - page = page.replaceAll("\s+", ""): null

16-05-2025T12:02:56 - [TEST_STEP][PASSED] - if (page == "undefined"): null

16-05-2025T12:02:56 - [TEST_STEP][PASSED] - fileOtpuskVSet = otpusk.toInteger(): null

16-05-2025T12:02:56 - [TEST_STEP][PASSED] - pageOtpuskVSet = page.toInteger(): null

16-05-2025T12:02:56 - [TEST_STEP][PASSED] - typeOfData = typeOfDataMain + " Потери": null

16-05-2025T12:02:56 - [TEST_STEP][PASSED] - if (a == 82): null

16-05-2025T12:02:56 - [TEST_STEP][PASSED] - else if (a == 84): null

16-05-2025T12:02:56 - [TEST_STEP][PASSED] - else if (a == 83 || a == 52 || a == 72 || a == 28 || a == 73 || a == 77 || a == 74 || a == 65 || a == 36 || a == 44 || a == 53 || a == 80 || a == 54 || a == 1 || a == 18 || a == 59 || a == 81): null

16-05-2025T12:02:56 - [TEST_STEP][PASSED] - else: null

16-05-2025T12:02:56 - [TEST_STEP][PASSED] - path = dataFolder + typeOfData + " за отчётный период " + b: null

16-05-2025T12:02:56 - [TEST_STEP][PASSED] - page = getText(findTestObject(path)): Text of object 'Object Repository/Выполнение бизнес-плана/Значения со страницы Выполнение бизнес-плана/Факт Потери за отчётный период Мурманский филиал' is: '48 924'

16-05-2025T12:02:57 - [MESSAGE][PASSED] - Text of object 'Object Repository/Выполнение бизнес-плана/Значения со страницы Выполнение бизнес-плана/Факт Потери за отчётный период Мурманский филиал' is: '48 924'

16-05-2025T12:02:57 - [TEST_STEP][PASSED] - if (page == "" || page == null): null

16-05-2025T12:02:57 - [TEST_STEP][PASSED] - else: null

16-05-2025T12:02:57 - [TEST_STEP][PASSED] - page = page.replaceAll("\s+", ""): null

16-05-2025T12:02:57 - [TEST_STEP][PASSED] - if (page == "undefined"): null

16-05-2025T12:02:57 - [TEST_STEP][PASSED] - filePoteri = poteri.toInteger(): null

16-05-2025T12:02:57 - [TEST_STEP][PASSED] - pagePoteri = page.toInteger(): null

16-05-2025T12:02:57 - [TEST_STEP][PASSED] - compare = pageOtpuskVSet: null

16-05-2025T12:02:57 - [TEST_STEP][PASSED] - if (pageOtpuskVSet != null): null

16-05-2025T12:02:57 - [TEST_STEP][PASSED] - if (compare == fileOtpuskVSet): null

16-05-2025T12:02:57 - [TEST_STEP][PASSED] - else if (compare > fileOtpuskVSet): null

16-05-2025T12:02:57 - [TEST_STEP][PASSED] - else if (compare < fileOtpuskVSet): null

16-05-2025T12:02:57 - [TEST_STEP][PASSED] - compare = compare + 1: null

16-05-2025T12:02:57 - [TEST_STEP][PASSED] - if (compare == fileOtpuskVSet): null

16-05-2025T12:02:57 - [TEST_STEP][PASSED] - else: null

16-05-2025T12:02:57 - [TEST_STEP][PASSED] - numberOfErrors = numberOfErrors + 1: null

16-05-2025T12:02:57 - [TEST_STEP][PASSED] - pageInt = pageOtpuskVSet: null

16-05-2025T12:02:57 - [TEST_STEP][PASSED] - fileInt = fileOtpuskVSet: null

16-05-2025T12:02:57 - [TEST_STEP][PASSED] - typeOfData = typeOfDataMain + " Отпуск в сеть": null

16-05-2025T12:02:57 - [TEST_STEP][PASSED] - Script1718980020443.WriteToExcel(a, typeOfData, todaysDate, pageInt, fileInt, pageDouble, fileDouble, dZO): null

16-05-2025T12:02:57 - [TEST_STEP][PASSED] - sheetName = "Sheet1": null

16-05-2025T12:02:57 - [TEST_STEP][PASSED] - data = findTestData("PlanFact"): null

16-05-2025T12:02:57 - [TEST_STEP][PASSED] - n = data.getRowNumbers() + 1: null

16-05-2025T12:02:57 - [TEST_STEP][PASSED] - day = ")).toInteger(): null

16-05-2025T12:02:57 - [TEST_STEP][PASSED] - println(day): null

16-05-2025T12:02:57 - [TEST_STEP][PASSED] - month = ")).toInteger(): null

16-05-2025T12:02:57 - [TEST_STEP][PASSED] - println(month): null

16-05-2025T12:02:57 - [TEST_STEP][PASSED] - y = <not implemented yet for class: org.codehaus.groovy.ast.expr.EmptyExpression>: null

16-05-2025T12:02:57 - [TEST_STEP][PASSED] - iy = <not implemented yet for class: org.codehaus.groovy.ast.expr.EmptyExpression>: null

16-05-2025T12:02:57 - [TEST_STEP][PASSED] - m = getText(findTestObject("Выполнение бизнес-плана/Период")): Text of object 'Object Repository/Выполнение бизнес-плана/Период' is: '1 кв. 2025 года'

16-05-2025T12:02:57 - [MESSAGE][PASSED] - Text of object 'Object Repository/Выполнение бизнес-плана/Период' is: '1 кв. 2025 года'

16-05-2025T12:02:57 - [TEST_STEP][PASSED] - iy = m.indexOf("20"): null

16-05-2025T12:02:57 - [TEST_STEP][PASSED] - if (iy > -1): null

16-05-2025T12:02:57 - [TEST_STEP][PASSED] - y = substring(iy, iy + 4).toInteger(): null

16-05-2025T12:02:57 - [TEST_STEP][PASSED] - println(y): null

16-05-2025T12:02:57 - [TEST_STEP][PASSED] - if (toString().length() == 4): null

16-05-2025T12:02:57 - [TEST_STEP][PASSED] - m = m.substring(0, m.indexOf(y.toString())): null

16-05-2025T12:02:57 - [TEST_STEP][PASSED] - m = m.trim(): null

16-05-2025T12:02:57 - [TEST_STEP][PASSED] - if (m == ""): null

16-05-2025T12:02:57 - [TEST_STEP][PASSED] - dashboardName = "Выполнение бизнес-плана": null

16-05-2025T12:02:57 - [TEST_STEP][PASSED] - workbook01 = getWorkbook(excelFilePath): null

16-05-2025T12:02:57 - [TEST_STEP][PASSED] - sheet01 = getExcelSheet(workbook01, sheetName): null

16-05-2025T12:02:57 - [TEST_STEP][PASSED] - setValueToCellByIndex(sheet01, n, 0, dashboardName): null

16-05-2025T12:02:57 - [TEST_STEP][PASSED] - setValueToCellByIndex(sheet01, n, 1, dZO): null

16-05-2025T12:02:57 - [TEST_STEP][PASSED] - setValueToCellByIndex(sheet01, n, 2, typeOfData): null

16-05-2025T12:02:57 - [TEST_STEP][PASSED] - if (typeOfData == "Факт в процентах" || typeOfData == "План в процентах"): null

16-05-2025T12:02:57 - [TEST_STEP][PASSED] - else: null

16-05-2025T12:02:57 - [TEST_STEP][PASSED] - setValueToCellByIndex(sheet01, n, 3, fileInt): null

16-05-2025T12:02:57 - [TEST_STEP][PASSED] - setValueToCellByIndex(sheet01, n, 4, pageInt): null

16-05-2025T12:02:57 - [TEST_STEP][PASSED] - setValueToCellByIndex(sheet01, n, 5, m): null

16-05-2025T12:02:57 - [TEST_STEP][PASSED] - setValueToCellByIndex(sheet01, n, 6, y): null

16-05-2025T12:02:57 - [TEST_STEP][PASSED] - setValueToCellByIndex(sheet01, n, 7, todaysDate): null

16-05-2025T12:02:57 - [TEST_STEP][PASSED] - n = n + 1: null

16-05-2025T12:02:57 - [TEST_STEP][PASSED] - saveWorkbook(excelFilePath, workbook01): null

16-05-2025T12:02:57 - [TEST_STEP][PASSED] - compare = pagePoteri: null

16-05-2025T12:02:57 - [TEST_STEP][PASSED] - if (pageOtpuskVSet != null): null

16-05-2025T12:02:57 - [TEST_STEP][PASSED] - if (compare == filePoteri): null

16-05-2025T12:02:57 - [TEST_STEP][PASSED] - else if (compare > filePoteri): null

16-05-2025T12:02:57 - [TEST_STEP][PASSED] - else if (compare < filePoteri): null

16-05-2025T12:02:57 - [TEST_STEP][PASSED] - compare = compare + 1: null

16-05-2025T12:02:57 - [TEST_STEP][PASSED] - if (compare == filePoteri): null

16-05-2025T12:02:57 - [TEST_STEP][PASSED] - else: null

16-05-2025T12:02:57 - [TEST_STEP][PASSED] - numberOfErrors = numberOfErrors + 1: null

16-05-2025T12:02:57 - [TEST_STEP][PASSED] - pageInt = pagePoteri: null

16-05-2025T12:02:57 - [TEST_STEP][PASSED] - fileInt = filePoteri: null

16-05-2025T12:02:57 - [TEST_STEP][PASSED] - typeOfData = typeOfDataMain + " Потери": null

16-05-2025T12:02:57 - [TEST_STEP][PASSED] - Script1718980020443.WriteToExcel(a, typeOfData, todaysDate, pageInt, fileInt, pageDouble, fileDouble, dZO): null

16-05-2025T12:02:57 - [TEST_STEP][PASSED] - sheetName = "Sheet1": null

16-05-2025T12:02:57 - [TEST_STEP][PASSED] - data = findTestData("PlanFact"): null

16-05-2025T12:02:57 - [TEST_STEP][PASSED] - n = data.getRowNumbers() + 1: null

16-05-2025T12:02:57 - [TEST_STEP][PASSED] - day = ")).toInteger(): null

16-05-2025T12:02:57 - [TEST_STEP][PASSED] - println(day): null

16-05-2025T12:02:57 - [TEST_STEP][PASSED] - month = ")).toInteger(): null

16-05-2025T12:02:57 - [TEST_STEP][PASSED] - println(month): null

16-05-2025T12:02:57 - [TEST_STEP][PASSED] - y = <not implemented yet for class: org.codehaus.groovy.ast.expr.EmptyExpression>: null

16-05-2025T12:02:57 - [TEST_STEP][PASSED] - iy = <not implemented yet for class: org.codehaus.groovy.ast.expr.EmptyExpression>: null

16-05-2025T12:02:57 - [TEST_STEP][PASSED] - m = getText(findTestObject("Выполнение бизнес-плана/Период")): Text of object 'Object Repository/Выполнение бизнес-плана/Период' is: '1 кв. 2025 года'

16-05-2025T12:02:58 - [MESSAGE][PASSED] - Text of object 'Object Repository/Выполнение бизнес-плана/Период' is: '1 кв. 2025 года'

16-05-2025T12:02:58 - [TEST_STEP][PASSED] - iy = m.indexOf("20"): null

16-05-2025T12:02:58 - [TEST_STEP][PASSED] - if (iy > -1): null

16-05-2025T12:02:58 - [TEST_STEP][PASSED] - y = substring(iy, iy + 4).toInteger(): null

16-05-2025T12:02:58 - [TEST_STEP][PASSED] - println(y): null

16-05-2025T12:02:58 - [TEST_STEP][PASSED] - if (toString().length() == 4): null

16-05-2025T12:02:58 - [TEST_STEP][PASSED] - m = m.substring(0, m.indexOf(y.toString())): null

16-05-2025T12:02:58 - [TEST_STEP][PASSED] - m = m.trim(): null

16-05-2025T12:02:58 - [TEST_STEP][PASSED] - if (m == ""): null

16-05-2025T12:02:58 - [TEST_STEP][PASSED] - dashboardName = "Выполнение бизнес-плана": null

16-05-2025T12:02:58 - [TEST_STEP][PASSED] - workbook01 = getWorkbook(excelFilePath): null

16-05-2025T12:02:58 - [TEST_STEP][PASSED] - sheet01 = getExcelSheet(workbook01, sheetName): null

16-05-2025T12:02:58 - [TEST_STEP][PASSED] - setValueToCellByIndex(sheet01, n, 0, dashboardName): null

16-05-2025T12:02:58 - [TEST_STEP][PASSED] - setValueToCellByIndex(sheet01, n, 1, dZO): null

16-05-2025T12:02:58 - [TEST_STEP][PASSED] - setValueToCellByIndex(sheet01, n, 2, typeOfData): null

16-05-2025T12:02:58 - [TEST_STEP][PASSED] - if (typeOfData == "Факт в процентах" || typeOfData == "План в процентах"): null

16-05-2025T12:02:58 - [TEST_STEP][PASSED] - else: null

16-05-2025T12:02:58 - [TEST_STEP][PASSED] - setValueToCellByIndex(sheet01, n, 3, fileInt): null

16-05-2025T12:02:58 - [TEST_STEP][PASSED] - setValueToCellByIndex(sheet01, n, 4, pageInt): null

16-05-2025T12:02:58 - [TEST_STEP][PASSED] - setValueToCellByIndex(sheet01, n, 5, m): null

16-05-2025T12:02:58 - [TEST_STEP][PASSED] - setValueToCellByIndex(sheet01, n, 6, y): null

16-05-2025T12:02:58 - [TEST_STEP][PASSED] - setValueToCellByIndex(sheet01, n, 7, todaysDate): null

16-05-2025T12:02:58 - [TEST_STEP][PASSED] - n = n + 1: null

16-05-2025T12:02:58 - [TEST_STEP][PASSED] - saveWorkbook(excelFilePath, workbook01): null

16-05-2025T12:02:58 - [TEST_STEP][PASSED] - if (planFact == 2): null

16-05-2025T12:02:58 - [TEST_STEP][PASSED] - if (planFact == 1): null

16-05-2025T12:02:58 - [TEST_STEP][PASSED] - else if (planFact == 2): null

16-05-2025T12:02:58 - [TEST_STEP][PASSED] - click(findTestObject("Выполнение бизнес-плана/Кнопка План")): Object: 'Object Repository/Выполнение бизнес-плана/Кнопка План' is clicked on

16-05-2025T12:02:58 - [MESSAGE][PASSED] - Object: 'Object Repository/Выполнение бизнес-плана/Кнопка План' is clicked on

16-05-2025T12:02:58 - [TEST_STEP][PASSED] - typeOfDataMain = "План": null

16-05-2025T12:02:58 - [TEST_STEP][PASSED] - otpusk = findTestData("PlanFact").getValue(2, a): null

16-05-2025T12:02:58 - [TEST_STEP][PASSED] - poteri = findTestData("PlanFact").getValue(3, a): null

16-05-2025T12:02:58 - [TEST_STEP][PASSED] - otpusk = otpusk.replaceAll("\s+", ""): null

16-05-2025T12:02:58 - [TEST_STEP][PASSED] - poteri = poteri.replaceAll("\s+", ""): null

16-05-2025T12:02:58 - [TEST_STEP][PASSED] - typeOfData = typeOfDataMain + " Отпуск в сеть": null

16-05-2025T12:02:58 - [TEST_STEP][PASSED] - if (a == 82): null

16-05-2025T12:02:58 - [TEST_STEP][PASSED] - else if (a == 84): null

16-05-2025T12:02:58 - [TEST_STEP][PASSED] - else if (a == 83 || a == 52 || a == 72 || a == 28 || a == 73 || a == 77 || a == 74 || a == 65 || a == 36 || a == 44 || a == 53 || a == 80 || a == 54 || a == 1 || a == 18 || a == 59 || a == 81): null

16-05-2025T12:02:58 - [TEST_STEP][PASSED] - else: null

16-05-2025T12:02:58 - [TEST_STEP][PASSED] - path = dataFolder + typeOfData + " за отчётный период " + b: null

16-05-2025T12:02:58 - [TEST_STEP][PASSED] - println(path): null

16-05-2025T12:02:58 - [TEST_STEP][PASSED] - page = getText(findTestObject(path)): Text of object 'Object Repository/Выполнение бизнес-плана/Значения со страницы Выполнение бизнес-плана/План Отпуск в сеть за отчётный период Мурманский филиал' is: '1 921 701'

16-05-2025T12:02:59 - [MESSAGE][PASSED] - Text of object 'Object Repository/Выполнение бизнес-плана/Значения со страницы Выполнение бизнес-плана/План Отпуск в сеть за отчётный период Мурманский филиал' is: '1 921 701'

16-05-2025T12:02:59 - [TEST_STEP][PASSED] - if (page == "" || page == null): null

16-05-2025T12:02:59 - [TEST_STEP][PASSED] - else: null

16-05-2025T12:02:59 - [TEST_STEP][PASSED] - page = page.replaceAll("\s+", ""): null

16-05-2025T12:02:59 - [TEST_STEP][PASSED] - if (page == "undefined"): null

16-05-2025T12:02:59 - [TEST_STEP][PASSED] - fileOtpuskVSet = otpusk.toInteger(): null

16-05-2025T12:02:59 - [TEST_STEP][PASSED] - pageOtpuskVSet = page.toInteger(): null

16-05-2025T12:02:59 - [TEST_STEP][PASSED] - typeOfData = typeOfDataMain + " Потери": null

16-05-2025T12:02:59 - [TEST_STEP][PASSED] - if (a == 82): null

16-05-2025T12:02:59 - [TEST_STEP][PASSED] - else if (a == 84): null

16-05-2025T12:02:59 - [TEST_STEP][PASSED] - else if (a == 83 || a == 52 || a == 72 || a == 28 || a == 73 || a == 77 || a == 74 || a == 65 || a == 36 || a == 44 || a == 53 || a == 80 || a == 54 || a == 1 || a == 18 || a == 59 || a == 81): null

16-05-2025T12:02:59 - [TEST_STEP][PASSED] - else: null

16-05-2025T12:02:59 - [TEST_STEP][PASSED] - path = dataFolder + typeOfData + " за отчётный период " + b: null

16-05-2025T12:02:59 - [TEST_STEP][PASSED] - page = getText(findTestObject(path)): Text of object 'Object Repository/Выполнение бизнес-плана/Значения со страницы Выполнение бизнес-плана/План Потери за отчётный период Мурманский филиал' is: '61 558'

16-05-2025T12:02:59 - [MESSAGE][PASSED] - Text of object 'Object Repository/Выполнение бизнес-плана/Значения со страницы Выполнение бизнес-плана/План Потери за отчётный период Мурманский филиал' is: '61 558'

16-05-2025T12:02:59 - [TEST_STEP][PASSED] - if (page == "" || page == null): null

16-05-2025T12:02:59 - [TEST_STEP][PASSED] - else: null

16-05-2025T12:02:59 - [TEST_STEP][PASSED] - page = page.replaceAll("\s+", ""): null

16-05-2025T12:02:59 - [TEST_STEP][PASSED] - if (page == "undefined"): null

16-05-2025T12:02:59 - [TEST_STEP][PASSED] - filePoteri = poteri.toInteger(): null

16-05-2025T12:02:59 - [TEST_STEP][PASSED] - pagePoteri = page.toInteger(): null

16-05-2025T12:02:59 - [TEST_STEP][PASSED] - compare = pageOtpuskVSet: null

16-05-2025T12:02:59 - [TEST_STEP][PASSED] - if (pageOtpuskVSet != null): null

16-05-2025T12:02:59 - [TEST_STEP][PASSED] - if (compare == fileOtpuskVSet): null

16-05-2025T12:02:59 - [TEST_STEP][PASSED] - else if (compare > fileOtpuskVSet): null

16-05-2025T12:02:59 - [TEST_STEP][PASSED] - else if (compare < fileOtpuskVSet): null

16-05-2025T12:02:59 - [TEST_STEP][PASSED] - compare = compare + 1: null

16-05-2025T12:02:59 - [TEST_STEP][PASSED] - if (compare == fileOtpuskVSet): null

16-05-2025T12:02:59 - [TEST_STEP][PASSED] - else: null

16-05-2025T12:02:59 - [TEST_STEP][PASSED] - numberOfErrors = numberOfErrors + 1: null

16-05-2025T12:02:59 - [TEST_STEP][PASSED] - pageInt = pageOtpuskVSet: null

16-05-2025T12:02:59 - [TEST_STEP][PASSED] - fileInt = fileOtpuskVSet: null

16-05-2025T12:02:59 - [TEST_STEP][PASSED] - typeOfData = typeOfDataMain + " Отпуск в сеть": null

16-05-2025T12:02:59 - [TEST_STEP][PASSED] - Script1718980020443.WriteToExcel(a, typeOfData, todaysDate, pageInt, fileInt, pageDouble, fileDouble, dZO): null

16-05-2025T12:02:59 - [TEST_STEP][PASSED] - sheetName = "Sheet1": null

16-05-2025T12:02:59 - [TEST_STEP][PASSED] - data = findTestData("PlanFact"): null

16-05-2025T12:02:59 - [TEST_STEP][PASSED] - n = data.getRowNumbers() + 1: null

16-05-2025T12:02:59 - [TEST_STEP][PASSED] - day = ")).toInteger(): null

16-05-2025T12:02:59 - [TEST_STEP][PASSED] - println(day): null

16-05-2025T12:02:59 - [TEST_STEP][PASSED] - month = ")).toInteger(): null

16-05-2025T12:02:59 - [TEST_STEP][PASSED] - println(month): null

16-05-2025T12:02:59 - [TEST_STEP][PASSED] - y = <not implemented yet for class: org.codehaus.groovy.ast.expr.EmptyExpression>: null

16-05-2025T12:02:59 - [TEST_STEP][PASSED] - iy = <not implemented yet for class: org.codehaus.groovy.ast.expr.EmptyExpression>: null

16-05-2025T12:02:59 - [TEST_STEP][PASSED] - m = getText(findTestObject("Выполнение бизнес-плана/Период")): Text of object 'Object Repository/Выполнение бизнес-плана/Период' is: '1 кв. 2025 года'

16-05-2025T12:02:59 - [MESSAGE][PASSED] - Text of object 'Object Repository/Выполнение бизнес-плана/Период' is: '1 кв. 2025 года'

16-05-2025T12:02:59 - [TEST_STEP][PASSED] - iy = m.indexOf("20"): null

16-05-2025T12:02:59 - [TEST_STEP][PASSED] - if (iy > -1): null

16-05-2025T12:02:59 - [TEST_STEP][PASSED] - y = substring(iy, iy + 4).toInteger(): null

16-05-2025T12:02:59 - [TEST_STEP][PASSED] - println(y): null

16-05-2025T12:02:59 - [TEST_STEP][PASSED] - if (toString().length() == 4): null

16-05-2025T12:02:59 - [TEST_STEP][PASSED] - m = m.substring(0, m.indexOf(y.toString())): null

16-05-2025T12:02:59 - [TEST_STEP][PASSED] - m = m.trim(): null

16-05-2025T12:02:59 - [TEST_STEP][PASSED] - if (m == ""): null

16-05-2025T12:02:59 - [TEST_STEP][PASSED] - dashboardName = "Выполнение бизнес-плана": null

16-05-2025T12:02:59 - [TEST_STEP][PASSED] - workbook01 = getWorkbook(excelFilePath): null

16-05-2025T12:02:59 - [TEST_STEP][PASSED] - sheet01 = getExcelSheet(workbook01, sheetName): null

16-05-2025T12:02:59 - [TEST_STEP][PASSED] - setValueToCellByIndex(sheet01, n, 0, dashboardName): null

16-05-2025T12:02:59 - [TEST_STEP][PASSED] - setValueToCellByIndex(sheet01, n, 1, dZO): null

16-05-2025T12:02:59 - [TEST_STEP][PASSED] - setValueToCellByIndex(sheet01, n, 2, typeOfData): null

16-05-2025T12:02:59 - [TEST_STEP][PASSED] - if (typeOfData == "Факт в процентах" || typeOfData == "План в процентах"): null

16-05-2025T12:02:59 - [TEST_STEP][PASSED] - else: null

16-05-2025T12:02:59 - [TEST_STEP][PASSED] - setValueToCellByIndex(sheet01, n, 3, fileInt): null

16-05-2025T12:02:59 - [TEST_STEP][PASSED] - setValueToCellByIndex(sheet01, n, 4, pageInt): null

16-05-2025T12:02:59 - [TEST_STEP][PASSED] - setValueToCellByIndex(sheet01, n, 5, m): null

16-05-2025T12:02:59 - [TEST_STEP][PASSED] - setValueToCellByIndex(sheet01, n, 6, y): null

16-05-2025T12:02:59 - [TEST_STEP][PASSED] - setValueToCellByIndex(sheet01, n, 7, todaysDate): null

16-05-2025T12:02:59 - [TEST_STEP][PASSED] - n = n + 1: null

16-05-2025T12:02:59 - [TEST_STEP][PASSED] - saveWorkbook(excelFilePath, workbook01): null

16-05-2025T12:03:00 - [TEST_STEP][PASSED] - compare = pagePoteri: null

16-05-2025T12:03:00 - [TEST_STEP][PASSED] - if (pageOtpuskVSet != null): null

16-05-2025T12:03:00 - [TEST_STEP][PASSED] - if (compare == filePoteri): null

16-05-2025T12:03:00 - [TEST_STEP][PASSED] - else if (compare > filePoteri): null

16-05-2025T12:03:00 - [TEST_STEP][PASSED] - else if (compare < filePoteri): null

16-05-2025T12:03:00 - [TEST_STEP][PASSED] - compare = compare + 1: null

16-05-2025T12:03:00 - [TEST_STEP][PASSED] - if (compare == filePoteri): null

16-05-2025T12:03:00 - [TEST_STEP][PASSED] - else: null

16-05-2025T12:03:00 - [TEST_STEP][PASSED] - numberOfErrors = numberOfErrors + 1: null

16-05-2025T12:03:00 - [TEST_STEP][PASSED] - pageInt = pagePoteri: null

16-05-2025T12:03:00 - [TEST_STEP][PASSED] - fileInt = filePoteri: null

16-05-2025T12:03:00 - [TEST_STEP][PASSED] - typeOfData = typeOfDataMain + " Потери": null

16-05-2025T12:03:00 - [TEST_STEP][PASSED] - Script1718980020443.WriteToExcel(a, typeOfData, todaysDate, pageInt, fileInt, pageDouble, fileDouble, dZO): null

16-05-2025T12:03:00 - [TEST_STEP][PASSED] - sheetName = "Sheet1": null

16-05-2025T12:03:00 - [TEST_STEP][PASSED] - data = findTestData("PlanFact"): null

16-05-2025T12:03:00 - [TEST_STEP][PASSED] - n = data.getRowNumbers() + 1: null

16-05-2025T12:03:00 - [TEST_STEP][PASSED] - day = ")).toInteger(): null

16-05-2025T12:03:00 - [TEST_STEP][PASSED] - println(day): null

16-05-2025T12:03:00 - [TEST_STEP][PASSED] - month = ")).toInteger(): null

16-05-2025T12:03:00 - [TEST_STEP][PASSED] - println(month): null

16-05-2025T12:03:00 - [TEST_STEP][PASSED] - y = <not implemented yet for class: org.codehaus.groovy.ast.expr.EmptyExpression>: null

16-05-2025T12:03:00 - [TEST_STEP][PASSED] - iy = <not implemented yet for class: org.codehaus.groovy.ast.expr.EmptyExpression>: null

16-05-2025T12:03:00 - [TEST_STEP][PASSED] - m = getText(findTestObject("Выполнение бизнес-плана/Период")): Text of object 'Object Repository/Выполнение бизнес-плана/Период' is: '1 кв. 2025 года'

16-05-2025T12:03:00 - [MESSAGE][PASSED] - Text of object 'Object Repository/Выполнение бизнес-плана/Период' is: '1 кв. 2025 года'

16-05-2025T12:03:00 - [TEST_STEP][PASSED] - iy = m.indexOf("20"): null

16-05-2025T12:03:00 - [TEST_STEP][PASSED] - if (iy > -1): null

16-05-2025T12:03:00 - [TEST_STEP][PASSED] - y = substring(iy, iy + 4).toInteger(): null

16-05-2025T12:03:00 - [TEST_STEP][PASSED] - println(y): null

16-05-2025T12:03:00 - [TEST_STEP][PASSED] - if (toString().length() == 4): null

16-05-2025T12:03:00 - [TEST_STEP][PASSED] - m = m.substring(0, m.indexOf(y.toString())): null

16-05-2025T12:03:00 - [TEST_STEP][PASSED] - m = m.trim(): null

16-05-2025T12:03:00 - [TEST_STEP][PASSED] - if (m == ""): null

16-05-2025T12:03:00 - [TEST_STEP][PASSED] - dashboardName = "Выполнение бизнес-плана": null

16-05-2025T12:03:00 - [TEST_STEP][PASSED] - workbook01 = getWorkbook(excelFilePath): null

16-05-2025T12:03:00 - [TEST_STEP][PASSED] - sheet01 = getExcelSheet(workbook01, sheetName): null

16-05-2025T12:03:00 - [TEST_STEP][PASSED] - setValueToCellByIndex(sheet01, n, 0, dashboardName): null

16-05-2025T12:03:00 - [TEST_STEP][PASSED] - setValueToCellByIndex(sheet01, n, 1, dZO): null

16-05-2025T12:03:00 - [TEST_STEP][PASSED] - setValueToCellByIndex(sheet01, n, 2, typeOfData): null

16-05-2025T12:03:00 - [TEST_STEP][PASSED] - if (typeOfData == "Факт в процентах" || typeOfData == "План в процентах"): null

16-05-2025T12:03:00 - [TEST_STEP][PASSED] - else: null

16-05-2025T12:03:00 - [TEST_STEP][PASSED] - setValueToCellByIndex(sheet01, n, 3, fileInt): null

16-05-2025T12:03:00 - [TEST_STEP][PASSED] - setValueToCellByIndex(sheet01, n, 4, pageInt): null

16-05-2025T12:03:00 - [TEST_STEP][PASSED] - setValueToCellByIndex(sheet01, n, 5, m): null

16-05-2025T12:03:00 - [TEST_STEP][PASSED] - setValueToCellByIndex(sheet01, n, 6, y): null

16-05-2025T12:03:00 - [TEST_STEP][PASSED] - setValueToCellByIndex(sheet01, n, 7, todaysDate): null

16-05-2025T12:03:00 - [TEST_STEP][PASSED] - n = n + 1: null

16-05-2025T12:03:00 - [TEST_STEP][PASSED] - saveWorkbook(excelFilePath, workbook01): Object: 'Object Repository/Выполнение бизнес-плана/Кнопка Факт' is clicked on

16-05-2025T12:03:00 - [TEST_STEP][PASSED] - if (planFact == 2): Object: 'Object Repository/Выполнение бизнес-плана/Кнопка Факт' is clicked on

16-05-2025T12:03:00 - [TEST_STEP][PASSED] - click(findTestObject("Выполнение бизнес-плана/Кнопка Факт")): Object: 'Object Repository/Выполнение бизнес-плана/Кнопка Факт' is clicked on

16-05-2025T12:03:01 - [MESSAGE][PASSED] - Object: 'Object Repository/Выполнение бизнес-плана/Кнопка Факт' is clicked on

16-05-2025T12:03:01 - [TEST_STEP][PASSED] - println("a=" + a): null

16-05-2025T12:03:01 - [TEST_STEP][PASSED] - if (a == 84 || a == 82): null

16-05-2025T12:03:01 - [TEST_STEP][PASSED] - else if (a == 83 || a == 52 || a == 72 || a == 28 || a == 73 || a == 77 || a == 74 || a == 65 || a == 36 || a == 44 || a == 53 || a == 80 || a == 54 || a == 1 || a == 18 || a == 59 || a == 81): null

16-05-2025T12:03:01 - [TEST_STEP][PASSED] - else: null

16-05-2025T12:03:01 - [TEST_STEP][PASSED] - page1 = getText(findTestObject("Object Repository/Выполнение бизнес-плана/spanPlan" + filialNum)): Text of object 'Object Repository/Выполнение бизнес-плана/spanPlan4' is: '3.20
|'

16-05-2025T12:03:01 - [MESSAGE][PASSED] - Text of object 'Object Repository/Выполнение бизнес-плана/spanPlan4' is: '3.20
|'

16-05-2025T12:03:01 - [TEST_STEP][PASSED] - page1 = page1.replace("|", ""): null

16-05-2025T12:03:01 - [TEST_STEP][PASSED] - page2 = getText(findTestObject("Object Repository/Выполнение бизнес-плана/spanFact" + filialNum)): Text of object 'Object Repository/Выполнение бизнес-плана/spanFact4' is: '2.57
|'

16-05-2025T12:03:01 - [MESSAGE][PASSED] - Text of object 'Object Repository/Выполнение бизнес-плана/spanFact4' is: '2.57
|'

16-05-2025T12:03:01 - [TEST_STEP][PASSED] - page2 = page2.replace("|", ""): null

16-05-2025T12:03:01 - [TEST_STEP][PASSED] - println("page1: " + page1): null

16-05-2025T12:03:01 - [TEST_STEP][PASSED] - println("page2: " + page2): null

16-05-2025T12:03:01 - [TEST_STEP][PASSED] - file = findTestData("PlanFact").getValue(4, a): null

16-05-2025T12:03:01 - [TEST_STEP][PASSED] - file = file.replace(",", "."): null

16-05-2025T12:03:01 - [TEST_STEP][PASSED] - println("file Plan: " + file): null

16-05-2025T12:03:01 - [TEST_STEP][PASSED] - typeOfData = "План в процентах": null

16-05-2025T12:03:01 - [TEST_STEP][PASSED] - fileDouble = file.toDouble(): null

16-05-2025T12:03:01 - [TEST_STEP][PASSED] - pageDouble = page1.toDouble(): null

16-05-2025T12:03:01 - [TEST_STEP][PASSED] - if (fileDouble != pageDouble): null

16-05-2025T12:03:01 - [TEST_STEP][PASSED] - file = findTestData("PlanFact").getValue(7, a): null

16-05-2025T12:03:01 - [TEST_STEP][PASSED] - file = file.replace(",", "."): null

16-05-2025T12:03:01 - [TEST_STEP][PASSED] - println("file Fact: " + file): null

16-05-2025T12:03:01 - [TEST_STEP][PASSED] - fileDouble = file.toDouble(): null

16-05-2025T12:03:01 - [TEST_STEP][PASSED] - typeOfData = "Факт в процентах": null

16-05-2025T12:03:01 - [TEST_STEP][PASSED] - fileDouble = file.toDouble(): null

16-05-2025T12:03:01 - [TEST_STEP][PASSED] - pageDouble = page2.toDouble(): null

16-05-2025T12:03:01 - [TEST_STEP][PASSED] - if (fileDouble != pageDouble): null

16-05-2025T12:03:01 - [TEST_STEP][PASSED] - numberOfErrors = numberOfErrors + 1: null

16-05-2025T12:03:01 - [TEST_STEP][PASSED] - Script1718980020443.WriteToExcel(a, typeOfData, todaysDate, pageInt, fileInt, pageDouble, fileDouble, dZO): null

16-05-2025T12:03:01 - [TEST_STEP][PASSED] - sheetName = "Sheet1": null

16-05-2025T12:03:01 - [TEST_STEP][PASSED] - data = findTestData("PlanFact"): null

16-05-2025T12:03:01 - [TEST_STEP][PASSED] - n = data.getRowNumbers() + 1: null

16-05-2025T12:03:01 - [TEST_STEP][PASSED] - day = ")).toInteger(): null

16-05-2025T12:03:01 - [TEST_STEP][PASSED] - println(day): null

16-05-2025T12:03:01 - [TEST_STEP][PASSED] - month = ")).toInteger(): null

16-05-2025T12:03:01 - [TEST_STEP][PASSED] - println(month): null

16-05-2025T12:03:01 - [TEST_STEP][PASSED] - y = <not implemented yet for class: org.codehaus.groovy.ast.expr.EmptyExpression>: null

16-05-2025T12:03:01 - [TEST_STEP][PASSED] - iy = <not implemented yet for class: org.codehaus.groovy.ast.expr.EmptyExpression>: null

16-05-2025T12:03:01 - [TEST_STEP][PASSED] - m = getText(findTestObject("Выполнение бизнес-плана/Период")): Text of object 'Object Repository/Выполнение бизнес-плана/Период' is: '1 кв. 2025 года'

16-05-2025T12:03:02 - [MESSAGE][PASSED] - Text of object 'Object Repository/Выполнение бизнес-плана/Период' is: '1 кв. 2025 года'

16-05-2025T12:03:02 - [TEST_STEP][PASSED] - iy = m.indexOf("20"): null

16-05-2025T12:03:02 - [TEST_STEP][PASSED] - if (iy > -1): null

16-05-2025T12:03:02 - [TEST_STEP][PASSED] - y = substring(iy, iy + 4).toInteger(): null

16-05-2025T12:03:02 - [TEST_STEP][PASSED] - println(y): null

16-05-2025T12:03:02 - [TEST_STEP][PASSED] - if (toString().length() == 4): null

16-05-2025T12:03:02 - [TEST_STEP][PASSED] - m = m.substring(0, m.indexOf(y.toString())): null

16-05-2025T12:03:02 - [TEST_STEP][PASSED] - m = m.trim(): null

16-05-2025T12:03:02 - [TEST_STEP][PASSED] - if (m == ""): null

16-05-2025T12:03:02 - [TEST_STEP][PASSED] - dashboardName = "Выполнение бизнес-плана": null

16-05-2025T12:03:02 - [TEST_STEP][PASSED] - workbook01 = getWorkbook(excelFilePath): null

16-05-2025T12:03:02 - [TEST_STEP][PASSED] - sheet01 = getExcelSheet(workbook01, sheetName): null

16-05-2025T12:03:02 - [TEST_STEP][PASSED] - setValueToCellByIndex(sheet01, n, 0, dashboardName): null

16-05-2025T12:03:02 - [TEST_STEP][PASSED] - setValueToCellByIndex(sheet01, n, 1, dZO): null

16-05-2025T12:03:02 - [TEST_STEP][PASSED] - setValueToCellByIndex(sheet01, n, 2, typeOfData): null

16-05-2025T12:03:02 - [TEST_STEP][PASSED] - if (typeOfData == "Факт в процентах" || typeOfData == "План в процентах"): null

16-05-2025T12:03:02 - [TEST_STEP][PASSED] - setValueToCellByIndex(sheet01, n, 3, fileDouble): null

16-05-2025T12:03:02 - [TEST_STEP][PASSED] - setValueToCellByIndex(sheet01, n, 4, pageDouble): null

16-05-2025T12:03:02 - [TEST_STEP][PASSED] - setValueToCellByIndex(sheet01, n, 5, m): null

16-05-2025T12:03:02 - [TEST_STEP][PASSED] - setValueToCellByIndex(sheet01, n, 6, y): null

16-05-2025T12:03:02 - [TEST_STEP][PASSED] - setValueToCellByIndex(sheet01, n, 7, todaysDate): null

16-05-2025T12:03:02 - [TEST_STEP][PASSED] - n = n + 1: null

16-05-2025T12:03:02 - [TEST_STEP][PASSED] - saveWorkbook(excelFilePath, workbook01): null

16-05-2025T12:03:02 - [TEST_STEP][FAILED] - if (verifyEqual(numberOfErrors, 0) == false): null

16-05-2025T12:03:02 - [MESSAGE][FAILED] - Unable to verify equal between actual object '5' and expected object '0' (Root cause: com.kms.katalon.core.exception.StepFailedException: Actual object '5' and expected object '0' are not equal
	at com.kms.katalon.core.keyword.builtin.VerifyEqualKeyword$_verifyEqual_closure1.doCall(VerifyEqualKeyword.groovy:58)
	at com.kms.katalon.core.keyword.builtin.VerifyEqualKeyword$_verifyEqual_closure1.call(VerifyEqualKeyword.groovy)
	at com.kms.katalon.core.keyword.internal.KeywordMain.runKeyword(KeywordMain.groovy:75)
	at com.kms.katalon.core.keyword.builtin.VerifyEqualKeyword.verifyEqual(VerifyEqualKeyword.groovy:63)
	at com.kms.katalon.core.keyword.builtin.VerifyEqualKeyword.execute(VerifyEqualKeyword.groovy:44)
	at com.kms.katalon.core.keyword.internal.KeywordExecutor.executeKeywordForPlatform(KeywordExecutor.groovy:74)
	at com.kms.katalon.core.keyword.BuiltinKeywords.verifyEqual(BuiltinKeywords.groovy:146)
	at jdk.internal.reflect.GeneratedMethodAccessor24.invoke(Unknown Source)
	at java.base/jdk.internal.reflect.DelegatingMethodAccessorImpl.invoke(DelegatingMethodAccessorImpl.java:43)
	at Выполнение бизнес-плана Сверка ПАО Россети все филиалы.Numbers(Выполнение бизнес-плана Сверка ПАО Россети все филиалы:740)
	at Выполнение бизнес-плана Сверка ПАО Россети все филиалы.Filials(Выполнение бизнес-плана Сверка ПАО Россети все филиалы:1511)
	at Выполнение бизнес-плана Сверка ПАО Россети все филиалы.Numbers(Выполнение бизнес-плана Сверка ПАО Россети все филиалы:747)
	at Выполнение бизнес-плана Сверка ПАО Россети все филиалы.run(Выполнение бизнес-плана Сверка ПАО Россети все филиалы:297)
	at com.kms.katalon.core.main.ScriptEngine.run(ScriptEngine.java:194)
	at com.kms.katalon.core.main.ScriptEngine.runScriptAsRawText(ScriptEngine.java:119)
	at com.kms.katalon.core.main.TestCaseExecutor.runScript(TestCaseExecutor.java:448)
	at com.kms.katalon.core.main.TestCaseExecutor.doExecute(TestCaseExecutor.java:439)
	at com.kms.katalon.core.main.TestCaseExecutor.processExecutionPhase(TestCaseExecutor.java:418)
	at com.kms.katalon.core.main.TestCaseExecutor.accessMainPhase(TestCaseExecutor.java:410)
	at com.kms.katalon.core.main.TestCaseExecutor.execute(TestCaseExecutor.java:285)
	at com.kms.katalon.core.common.CommonExecutor.accessTestCaseMainPhase(CommonExecutor.java:65)
	at com.kms.katalon.core.main.TestSuiteExecutor.accessTestSuiteMainPhase(TestSuiteExecutor.java:150)
	at com.kms.katalon.core.main.TestSuiteExecutor.execute(TestSuiteExecutor.java:106)
	at com.kms.katalon.core.main.TestCaseMain.startTestSuite(TestCaseMain.java:180)
	at TempTestSuite1747369435659.run(TempTestSuite1747369435659.groovy:35)
	at java.base/jdk.internal.reflect.NativeMethodAccessorImpl.invoke0(Native Method)
	at java.base/jdk.internal.reflect.NativeMethodAccessorImpl.invoke(NativeMethodAccessorImpl.java:77)
	at java.base/jdk.internal.reflect.DelegatingMethodAccessorImpl.invoke(DelegatingMethodAccessorImpl.java:43)
)

16-05-2025T12:03:02 - [TEST_STEP][PASSED] - println(numberOfErrors): null

16-05-2025T12:03:02 - [TEST_STEP][PASSED] - println("a=" + a): null

16-05-2025T12:03:02 - [TEST_STEP][PASSED] - if (a == 28 || a == 77 || a == 74 || a == 65 || a == 36 || a == 44 || a == 54 || a == 1 || a == 18 || a == 59): null

16-05-2025T12:03:02 - [TEST_STEP][PASSED] - if (a == 82): null

16-05-2025T12:03:02 - [TEST_STEP][PASSED] - dZO = "Новгородский филиал": null

16-05-2025T12:03:02 - [TEST_STEP][PASSED] - a = 42: null

16-05-2025T12:03:02 - [TEST_STEP][PASSED] - dzoCut = dZO.substring(0, 10): null

16-05-2025T12:03:02 - [TEST_STEP][PASSED] - if (x2.contains(dzoCut)): null

16-05-2025T12:03:02 - [TEST_STEP][PASSED] - filialNum = filialNum + 1: null

16-05-2025T12:03:02 - [TEST_STEP][PASSED] - Script1718980020443.Numbers(a, typeOfData, todaysDate, pageInt, fileInt, pageDouble, fileDouble, dZO, dzoNum, filialNum): null

16-05-2025T12:03:02 - [TEST_STEP][PASSED] - println(dzoNum): null

16-05-2025T12:03:02 - [TEST_STEP][PASSED] - planFact = <not implemented yet for class: org.codehaus.groovy.ast.expr.EmptyExpression>: null

16-05-2025T12:03:02 - [TEST_STEP][PASSED] - page = <not implemented yet for class: org.codehaus.groovy.ast.expr.EmptyExpression>: null

16-05-2025T12:03:02 - [TEST_STEP][PASSED] - page1 = <not implemented yet for class: org.codehaus.groovy.ast.expr.EmptyExpression>: null

16-05-2025T12:03:02 - [TEST_STEP][PASSED] - page2 = <not implemented yet for class: org.codehaus.groovy.ast.expr.EmptyExpression>: null

16-05-2025T12:03:02 - [TEST_STEP][PASSED] - filialNumberInRow = <not implemented yet for class: org.codehaus.groovy.ast.expr.EmptyExpression>: null

16-05-2025T12:03:02 - [TEST_STEP][PASSED] - filialsDzoNames = <not implemented yet for class: org.codehaus.groovy.ast.expr.EmptyExpression>: null

16-05-2025T12:03:02 - [TEST_STEP][PASSED] - numberOfFilials = <not implemented yet for class: org.codehaus.groovy.ast.expr.EmptyExpression>: null

16-05-2025T12:03:02 - [TEST_STEP][PASSED] - numberOfSpaces = <not implemented yet for class: org.codehaus.groovy.ast.expr.EmptyExpression>: null

16-05-2025T12:03:02 - [TEST_STEP][PASSED] - file = <not implemented yet for class: org.codehaus.groovy.ast.expr.EmptyExpression>: null

16-05-2025T12:03:02 - [TEST_STEP][PASSED] - otpusk = <not implemented yet for class: org.codehaus.groovy.ast.expr.EmptyExpression>: null

16-05-2025T12:03:02 - [TEST_STEP][PASSED] - poteri = <not implemented yet for class: org.codehaus.groovy.ast.expr.EmptyExpression>: null

16-05-2025T12:03:02 - [TEST_STEP][PASSED] - dataFolder = "Выполнение бизнес-плана/Значения со страницы Выполнение бизнес-плана/": null

16-05-2025T12:03:02 - [TEST_STEP][PASSED] - path = <not implemented yet for class: org.codehaus.groovy.ast.expr.EmptyExpression>: null

16-05-2025T12:03:02 - [TEST_STEP][PASSED] - typeOfDataMain = <not implemented yet for class: org.codehaus.groovy.ast.expr.EmptyExpression>: null

16-05-2025T12:03:02 - [TEST_STEP][PASSED] - fileOtpuskVSet = <not implemented yet for class: org.codehaus.groovy.ast.expr.EmptyExpression>: null

16-05-2025T12:03:02 - [TEST_STEP][PASSED] - pageOtpuskVSet = <not implemented yet for class: org.codehaus.groovy.ast.expr.EmptyExpression>: null

16-05-2025T12:03:02 - [TEST_STEP][PASSED] - filePoteri = <not implemented yet for class: org.codehaus.groovy.ast.expr.EmptyExpression>: null

16-05-2025T12:03:02 - [TEST_STEP][PASSED] - pagePoteri = <not implemented yet for class: org.codehaus.groovy.ast.expr.EmptyExpression>: null

16-05-2025T12:03:02 - [TEST_STEP][PASSED] - compare = <not implemented yet for class: org.codehaus.groovy.ast.expr.EmptyExpression>: null

16-05-2025T12:03:02 - [TEST_STEP][PASSED] - b = <not implemented yet for class: org.codehaus.groovy.ast.expr.EmptyExpression>: null

16-05-2025T12:03:02 - [TEST_STEP][PASSED] - i = <not implemented yet for class: org.codehaus.groovy.ast.expr.EmptyExpression>: null

16-05-2025T12:03:02 - [TEST_STEP][PASSED] - ii = <not implemented yet for class: org.codehaus.groovy.ast.expr.EmptyExpression>: null

16-05-2025T12:03:02 - [TEST_STEP][PASSED] - c = <not implemented yet for class: org.codehaus.groovy.ast.expr.EmptyExpression>: null

16-05-2025T12:03:02 - [TEST_STEP][PASSED] - numberOfErrors = 0: null

16-05-2025T12:03:02 - [TEST_STEP][PASSED] - if (a == 82): null

16-05-2025T12:03:02 - [TEST_STEP][PASSED] - b = findTestData("PlanFact").getValue(1, a): null

16-05-2025T12:03:02 - [TEST_STEP][PASSED] - i = b.indexOf(" (ГК)"): null

16-05-2025T12:03:02 - [TEST_STEP][PASSED] - if (i > -1): null

16-05-2025T12:03:02 - [TEST_STEP][PASSED] - i = b.indexOf("О ""): null

16-05-2025T12:03:02 - [TEST_STEP][PASSED] - if (i > -1): null

16-05-2025T12:03:02 - [TEST_STEP][PASSED] - i = b.indexOf("О «"): null

16-05-2025T12:03:02 - [TEST_STEP][PASSED] - if (i > -1): null

16-05-2025T12:03:02 - [TEST_STEP][PASSED] - i = b.indexOf("г. "): null

16-05-2025T12:03:02 - [TEST_STEP][PASSED] - if (i > -1): null

16-05-2025T12:03:02 - [TEST_STEP][PASSED] - b = b.trim(): null

16-05-2025T12:03:02 - [TEST_STEP][PASSED] - println(b): null

16-05-2025T12:03:02 - [TEST_STEP][PASSED] - for ([planFact = 1, planFact < 3, (planFact++)]): null

16-05-2025T12:03:02 - [TEST_STEP][PASSED] - if (planFact == 1): null

16-05-2025T12:03:02 - [TEST_STEP][PASSED] - typeOfDataMain = "Факт": null

16-05-2025T12:03:02 - [TEST_STEP][PASSED] - otpusk = findTestData("PlanFact").getValue(5, a): null

16-05-2025T12:03:02 - [TEST_STEP][PASSED] - poteri = findTestData("PlanFact").getValue(6, a): null

16-05-2025T12:03:02 - [TEST_STEP][PASSED] - otpusk = otpusk.replaceAll("\s+", ""): null

16-05-2025T12:03:02 - [TEST_STEP][PASSED] - poteri = poteri.replaceAll("\s+", ""): null

16-05-2025T12:03:02 - [TEST_STEP][PASSED] - typeOfData = typeOfDataMain + " Отпуск в сеть": null

16-05-2025T12:03:02 - [TEST_STEP][PASSED] - if (a == 82): null

16-05-2025T12:03:02 - [TEST_STEP][PASSED] - else if (a == 84): null

16-05-2025T12:03:02 - [TEST_STEP][PASSED] - else if (a == 83 || a == 52 || a == 72 || a == 28 || a == 73 || a == 77 || a == 74 || a == 65 || a == 36 || a == 44 || a == 53 || a == 80 || a == 54 || a == 1 || a == 18 || a == 59 || a == 81): null

16-05-2025T12:03:02 - [TEST_STEP][PASSED] - else: null

16-05-2025T12:03:02 - [TEST_STEP][PASSED] - path = dataFolder + typeOfData + " за отчётный период " + b: null

16-05-2025T12:03:02 - [TEST_STEP][PASSED] - println(path): null

16-05-2025T12:03:02 - [TEST_STEP][PASSED] - page = getText(findTestObject(path)): Text of object 'Object Repository/Выполнение бизнес-плана/Значения со страницы Выполнение бизнес-плана/Факт Отпуск в сеть за отчётный период Новгородский филиал' is: '718 684'

16-05-2025T12:03:03 - [MESSAGE][PASSED] - Text of object 'Object Repository/Выполнение бизнес-плана/Значения со страницы Выполнение бизнес-плана/Факт Отпуск в сеть за отчётный период Новгородский филиал' is: '718 684'

16-05-2025T12:03:03 - [TEST_STEP][PASSED] - if (page == "" || page == null): null

16-05-2025T12:03:03 - [TEST_STEP][PASSED] - else: null

16-05-2025T12:03:03 - [TEST_STEP][PASSED] - page = page.replaceAll("\s+", ""): null

16-05-2025T12:03:03 - [TEST_STEP][PASSED] - if (page == "undefined"): null

16-05-2025T12:03:03 - [TEST_STEP][PASSED] - fileOtpuskVSet = otpusk.toInteger(): null

16-05-2025T12:03:03 - [TEST_STEP][PASSED] - pageOtpuskVSet = page.toInteger(): null

16-05-2025T12:03:03 - [TEST_STEP][PASSED] - typeOfData = typeOfDataMain + " Потери": null

16-05-2025T12:03:03 - [TEST_STEP][PASSED] - if (a == 82): null

16-05-2025T12:03:03 - [TEST_STEP][PASSED] - else if (a == 84): null

16-05-2025T12:03:03 - [TEST_STEP][PASSED] - else if (a == 83 || a == 52 || a == 72 || a == 28 || a == 73 || a == 77 || a == 74 || a == 65 || a == 36 || a == 44 || a == 53 || a == 80 || a == 54 || a == 1 || a == 18 || a == 59 || a == 81): null

16-05-2025T12:03:03 - [TEST_STEP][PASSED] - else: null

16-05-2025T12:03:03 - [TEST_STEP][PASSED] - path = dataFolder + typeOfData + " за отчётный период " + b: null

16-05-2025T12:03:03 - [TEST_STEP][PASSED] - page = getText(findTestObject(path)): Text of object 'Object Repository/Выполнение бизнес-плана/Значения со страницы Выполнение бизнес-плана/Факт Потери за отчётный период Новгородский филиал' is: '65 881'

16-05-2025T12:03:03 - [MESSAGE][PASSED] - Text of object 'Object Repository/Выполнение бизнес-плана/Значения со страницы Выполнение бизнес-плана/Факт Потери за отчётный период Новгородский филиал' is: '65 881'

16-05-2025T12:03:03 - [TEST_STEP][PASSED] - if (page == "" || page == null): null

16-05-2025T12:03:03 - [TEST_STEP][PASSED] - else: null

16-05-2025T12:03:03 - [TEST_STEP][PASSED] - page = page.replaceAll("\s+", ""): null

16-05-2025T12:03:03 - [TEST_STEP][PASSED] - if (page == "undefined"): null

16-05-2025T12:03:03 - [TEST_STEP][PASSED] - filePoteri = poteri.toInteger(): null

16-05-2025T12:03:03 - [TEST_STEP][PASSED] - pagePoteri = page.toInteger(): null

16-05-2025T12:03:03 - [TEST_STEP][PASSED] - compare = pageOtpuskVSet: null

16-05-2025T12:03:03 - [TEST_STEP][PASSED] - if (pageOtpuskVSet != null): null

16-05-2025T12:03:03 - [TEST_STEP][PASSED] - if (compare == fileOtpuskVSet): null

16-05-2025T12:03:03 - [TEST_STEP][PASSED] - else if (compare > fileOtpuskVSet): null

16-05-2025T12:03:03 - [TEST_STEP][PASSED] - else if (compare < fileOtpuskVSet): null

16-05-2025T12:03:03 - [TEST_STEP][PASSED] - compare = compare + 1: null

16-05-2025T12:03:03 - [TEST_STEP][PASSED] - if (compare == fileOtpuskVSet): null

16-05-2025T12:03:03 - [TEST_STEP][PASSED] - else: null

16-05-2025T12:03:03 - [TEST_STEP][PASSED] - numberOfErrors = numberOfErrors + 1: null

16-05-2025T12:03:03 - [TEST_STEP][PASSED] - pageInt = pageOtpuskVSet: null

16-05-2025T12:03:03 - [TEST_STEP][PASSED] - fileInt = fileOtpuskVSet: null

16-05-2025T12:03:03 - [TEST_STEP][PASSED] - typeOfData = typeOfDataMain + " Отпуск в сеть": null

16-05-2025T12:03:03 - [TEST_STEP][PASSED] - Script1718980020443.WriteToExcel(a, typeOfData, todaysDate, pageInt, fileInt, pageDouble, fileDouble, dZO): null

16-05-2025T12:03:03 - [TEST_STEP][PASSED] - sheetName = "Sheet1": null

16-05-2025T12:03:03 - [TEST_STEP][PASSED] - data = findTestData("PlanFact"): null

16-05-2025T12:03:03 - [TEST_STEP][PASSED] - n = data.getRowNumbers() + 1: null

16-05-2025T12:03:03 - [TEST_STEP][PASSED] - day = ")).toInteger(): null

16-05-2025T12:03:03 - [TEST_STEP][PASSED] - println(day): null

16-05-2025T12:03:03 - [TEST_STEP][PASSED] - month = ")).toInteger(): null

16-05-2025T12:03:03 - [TEST_STEP][PASSED] - println(month): null

16-05-2025T12:03:03 - [TEST_STEP][PASSED] - y = <not implemented yet for class: org.codehaus.groovy.ast.expr.EmptyExpression>: null

16-05-2025T12:03:03 - [TEST_STEP][PASSED] - iy = <not implemented yet for class: org.codehaus.groovy.ast.expr.EmptyExpression>: null

16-05-2025T12:03:03 - [TEST_STEP][PASSED] - m = getText(findTestObject("Выполнение бизнес-плана/Период")): Text of object 'Object Repository/Выполнение бизнес-плана/Период' is: '1 кв. 2025 года'

16-05-2025T12:03:03 - [MESSAGE][PASSED] - Text of object 'Object Repository/Выполнение бизнес-плана/Период' is: '1 кв. 2025 года'

16-05-2025T12:03:03 - [TEST_STEP][PASSED] - iy = m.indexOf("20"): null

16-05-2025T12:03:03 - [TEST_STEP][PASSED] - if (iy > -1): null

16-05-2025T12:03:03 - [TEST_STEP][PASSED] - y = substring(iy, iy + 4).toInteger(): null

16-05-2025T12:03:03 - [TEST_STEP][PASSED] - println(y): null

16-05-2025T12:03:03 - [TEST_STEP][PASSED] - if (toString().length() == 4): null

16-05-2025T12:03:03 - [TEST_STEP][PASSED] - m = m.substring(0, m.indexOf(y.toString())): null

16-05-2025T12:03:03 - [TEST_STEP][PASSED] - m = m.trim(): null

16-05-2025T12:03:03 - [TEST_STEP][PASSED] - if (m == ""): null

16-05-2025T12:03:03 - [TEST_STEP][PASSED] - dashboardName = "Выполнение бизнес-плана": null

16-05-2025T12:03:03 - [TEST_STEP][PASSED] - workbook01 = getWorkbook(excelFilePath): null

16-05-2025T12:03:03 - [TEST_STEP][PASSED] - sheet01 = getExcelSheet(workbook01, sheetName): null

16-05-2025T12:03:03 - [TEST_STEP][PASSED] - setValueToCellByIndex(sheet01, n, 0, dashboardName): null

16-05-2025T12:03:03 - [TEST_STEP][PASSED] - setValueToCellByIndex(sheet01, n, 1, dZO): null

16-05-2025T12:03:03 - [TEST_STEP][PASSED] - setValueToCellByIndex(sheet01, n, 2, typeOfData): null

16-05-2025T12:03:03 - [TEST_STEP][PASSED] - if (typeOfData == "Факт в процентах" || typeOfData == "План в процентах"): null

16-05-2025T12:03:03 - [TEST_STEP][PASSED] - else: null

16-05-2025T12:03:03 - [TEST_STEP][PASSED] - setValueToCellByIndex(sheet01, n, 3, fileInt): null

16-05-2025T12:03:03 - [TEST_STEP][PASSED] - setValueToCellByIndex(sheet01, n, 4, pageInt): null

16-05-2025T12:03:03 - [TEST_STEP][PASSED] - setValueToCellByIndex(sheet01, n, 5, m): null

16-05-2025T12:03:03 - [TEST_STEP][PASSED] - setValueToCellByIndex(sheet01, n, 6, y): null

16-05-2025T12:03:03 - [TEST_STEP][PASSED] - setValueToCellByIndex(sheet01, n, 7, todaysDate): null

16-05-2025T12:03:03 - [TEST_STEP][PASSED] - n = n + 1: null

16-05-2025T12:03:03 - [TEST_STEP][PASSED] - saveWorkbook(excelFilePath, workbook01): null

16-05-2025T12:03:04 - [TEST_STEP][PASSED] - compare = pagePoteri: null

16-05-2025T12:03:04 - [TEST_STEP][PASSED] - if (pageOtpuskVSet != null): null

16-05-2025T12:03:04 - [TEST_STEP][PASSED] - if (compare == filePoteri): null

16-05-2025T12:03:04 - [TEST_STEP][PASSED] - else if (compare > filePoteri): null

16-05-2025T12:03:04 - [TEST_STEP][PASSED] - else if (compare < filePoteri): null

16-05-2025T12:03:04 - [TEST_STEP][PASSED] - compare = compare + 1: null

16-05-2025T12:03:04 - [TEST_STEP][PASSED] - if (compare == filePoteri): null

16-05-2025T12:03:04 - [TEST_STEP][PASSED] - else: null

16-05-2025T12:03:04 - [TEST_STEP][PASSED] - numberOfErrors = numberOfErrors + 1: null

16-05-2025T12:03:04 - [TEST_STEP][PASSED] - pageInt = pagePoteri: null

16-05-2025T12:03:04 - [TEST_STEP][PASSED] - fileInt = filePoteri: null

16-05-2025T12:03:04 - [TEST_STEP][PASSED] - typeOfData = typeOfDataMain + " Потери": null

16-05-2025T12:03:04 - [TEST_STEP][PASSED] - Script1718980020443.WriteToExcel(a, typeOfData, todaysDate, pageInt, fileInt, pageDouble, fileDouble, dZO): null

16-05-2025T12:03:04 - [TEST_STEP][PASSED] - sheetName = "Sheet1": null

16-05-2025T12:03:04 - [TEST_STEP][PASSED] - data = findTestData("PlanFact"): null

16-05-2025T12:03:04 - [TEST_STEP][PASSED] - n = data.getRowNumbers() + 1: null

16-05-2025T12:03:04 - [TEST_STEP][PASSED] - day = ")).toInteger(): null

16-05-2025T12:03:04 - [TEST_STEP][PASSED] - println(day): null

16-05-2025T12:03:04 - [TEST_STEP][PASSED] - month = ")).toInteger(): null

16-05-2025T12:03:04 - [TEST_STEP][PASSED] - println(month): null

16-05-2025T12:03:04 - [TEST_STEP][PASSED] - y = <not implemented yet for class: org.codehaus.groovy.ast.expr.EmptyExpression>: null

16-05-2025T12:03:04 - [TEST_STEP][PASSED] - iy = <not implemented yet for class: org.codehaus.groovy.ast.expr.EmptyExpression>: null

16-05-2025T12:03:04 - [TEST_STEP][PASSED] - m = getText(findTestObject("Выполнение бизнес-плана/Период")): Text of object 'Object Repository/Выполнение бизнес-плана/Период' is: '1 кв. 2025 года'

16-05-2025T12:03:04 - [MESSAGE][PASSED] - Text of object 'Object Repository/Выполнение бизнес-плана/Период' is: '1 кв. 2025 года'

16-05-2025T12:03:04 - [TEST_STEP][PASSED] - iy = m.indexOf("20"): null

16-05-2025T12:03:04 - [TEST_STEP][PASSED] - if (iy > -1): null

16-05-2025T12:03:04 - [TEST_STEP][PASSED] - y = substring(iy, iy + 4).toInteger(): null

16-05-2025T12:03:04 - [TEST_STEP][PASSED] - println(y): null

16-05-2025T12:03:04 - [TEST_STEP][PASSED] - if (toString().length() == 4): null

16-05-2025T12:03:04 - [TEST_STEP][PASSED] - m = m.substring(0, m.indexOf(y.toString())): null

16-05-2025T12:03:04 - [TEST_STEP][PASSED] - m = m.trim(): null

16-05-2025T12:03:04 - [TEST_STEP][PASSED] - if (m == ""): null

16-05-2025T12:03:04 - [TEST_STEP][PASSED] - dashboardName = "Выполнение бизнес-плана": null

16-05-2025T12:03:04 - [TEST_STEP][PASSED] - workbook01 = getWorkbook(excelFilePath): null

16-05-2025T12:03:04 - [TEST_STEP][PASSED] - sheet01 = getExcelSheet(workbook01, sheetName): null

16-05-2025T12:03:04 - [TEST_STEP][PASSED] - setValueToCellByIndex(sheet01, n, 0, dashboardName): null

16-05-2025T12:03:04 - [TEST_STEP][PASSED] - setValueToCellByIndex(sheet01, n, 1, dZO): null

16-05-2025T12:03:04 - [TEST_STEP][PASSED] - setValueToCellByIndex(sheet01, n, 2, typeOfData): null

16-05-2025T12:03:04 - [TEST_STEP][PASSED] - if (typeOfData == "Факт в процентах" || typeOfData == "План в процентах"): null

16-05-2025T12:03:04 - [TEST_STEP][PASSED] - else: null

16-05-2025T12:03:04 - [TEST_STEP][PASSED] - setValueToCellByIndex(sheet01, n, 3, fileInt): null

16-05-2025T12:03:04 - [TEST_STEP][PASSED] - setValueToCellByIndex(sheet01, n, 4, pageInt): null

16-05-2025T12:03:04 - [TEST_STEP][PASSED] - setValueToCellByIndex(sheet01, n, 5, m): null

16-05-2025T12:03:04 - [TEST_STEP][PASSED] - setValueToCellByIndex(sheet01, n, 6, y): null

16-05-2025T12:03:04 - [TEST_STEP][PASSED] - setValueToCellByIndex(sheet01, n, 7, todaysDate): null

16-05-2025T12:03:04 - [TEST_STEP][PASSED] - n = n + 1: null

16-05-2025T12:03:04 - [TEST_STEP][PASSED] - saveWorkbook(excelFilePath, workbook01): null

16-05-2025T12:03:04 - [TEST_STEP][PASSED] - if (planFact == 2): null

16-05-2025T12:03:04 - [TEST_STEP][PASSED] - if (planFact == 1): null

16-05-2025T12:03:04 - [TEST_STEP][PASSED] - else if (planFact == 2): null

16-05-2025T12:03:04 - [TEST_STEP][PASSED] - click(findTestObject("Выполнение бизнес-плана/Кнопка План")): Object: 'Object Repository/Выполнение бизнес-плана/Кнопка План' is clicked on

16-05-2025T12:03:05 - [MESSAGE][PASSED] - Object: 'Object Repository/Выполнение бизнес-плана/Кнопка План' is clicked on

16-05-2025T12:03:05 - [TEST_STEP][PASSED] - typeOfDataMain = "План": null

16-05-2025T12:03:05 - [TEST_STEP][PASSED] - otpusk = findTestData("PlanFact").getValue(2, a): null

16-05-2025T12:03:05 - [TEST_STEP][PASSED] - poteri = findTestData("PlanFact").getValue(3, a): null

16-05-2025T12:03:05 - [TEST_STEP][PASSED] - otpusk = otpusk.replaceAll("\s+", ""): null

16-05-2025T12:03:05 - [TEST_STEP][PASSED] - poteri = poteri.replaceAll("\s+", ""): null

16-05-2025T12:03:05 - [TEST_STEP][PASSED] - typeOfData = typeOfDataMain + " Отпуск в сеть": null

16-05-2025T12:03:05 - [TEST_STEP][PASSED] - if (a == 82): null

16-05-2025T12:03:05 - [TEST_STEP][PASSED] - else if (a == 84): null

16-05-2025T12:03:05 - [TEST_STEP][PASSED] - else if (a == 83 || a == 52 || a == 72 || a == 28 || a == 73 || a == 77 || a == 74 || a == 65 || a == 36 || a == 44 || a == 53 || a == 80 || a == 54 || a == 1 || a == 18 || a == 59 || a == 81): null

16-05-2025T12:03:05 - [TEST_STEP][PASSED] - else: null

16-05-2025T12:03:05 - [TEST_STEP][PASSED] - path = dataFolder + typeOfData + " за отчётный период " + b: null

16-05-2025T12:03:05 - [TEST_STEP][PASSED] - println(path): null

16-05-2025T12:03:05 - [TEST_STEP][PASSED] - page = getText(findTestObject(path)): Text of object 'Object Repository/Выполнение бизнес-плана/Значения со страницы Выполнение бизнес-плана/План Отпуск в сеть за отчётный период Новгородский филиал' is: '756 366'

16-05-2025T12:03:05 - [MESSAGE][PASSED] - Text of object 'Object Repository/Выполнение бизнес-плана/Значения со страницы Выполнение бизнес-плана/План Отпуск в сеть за отчётный период Новгородский филиал' is: '756 366'

16-05-2025T12:03:05 - [TEST_STEP][PASSED] - if (page == "" || page == null): null

16-05-2025T12:03:05 - [TEST_STEP][PASSED] - else: null

16-05-2025T12:03:05 - [TEST_STEP][PASSED] - page = page.replaceAll("\s+", ""): null

16-05-2025T12:03:05 - [TEST_STEP][PASSED] - if (page == "undefined"): null

16-05-2025T12:03:05 - [TEST_STEP][PASSED] - fileOtpuskVSet = otpusk.toInteger(): null

16-05-2025T12:03:05 - [TEST_STEP][PASSED] - pageOtpuskVSet = page.toInteger(): null

16-05-2025T12:03:05 - [TEST_STEP][PASSED] - typeOfData = typeOfDataMain + " Потери": null

16-05-2025T12:03:05 - [TEST_STEP][PASSED] - if (a == 82): null

16-05-2025T12:03:05 - [TEST_STEP][PASSED] - else if (a == 84): null

16-05-2025T12:03:05 - [TEST_STEP][PASSED] - else if (a == 83 || a == 52 || a == 72 || a == 28 || a == 73 || a == 77 || a == 74 || a == 65 || a == 36 || a == 44 || a == 53 || a == 80 || a == 54 || a == 1 || a == 18 || a == 59 || a == 81): null

16-05-2025T12:03:05 - [TEST_STEP][PASSED] - else: null

16-05-2025T12:03:05 - [TEST_STEP][PASSED] - path = dataFolder + typeOfData + " за отчётный период " + b: null

16-05-2025T12:03:05 - [TEST_STEP][PASSED] - page = getText(findTestObject(path)): Text of object 'Object Repository/Выполнение бизнес-плана/Значения со страницы Выполнение бизнес-плана/План Потери за отчётный период Новгородский филиал' is: '81 519'

16-05-2025T12:03:05 - [MESSAGE][PASSED] - Text of object 'Object Repository/Выполнение бизнес-плана/Значения со страницы Выполнение бизнес-плана/План Потери за отчётный период Новгородский филиал' is: '81 519'

16-05-2025T12:03:05 - [TEST_STEP][PASSED] - if (page == "" || page == null): null

16-05-2025T12:03:05 - [TEST_STEP][PASSED] - else: null

16-05-2025T12:03:05 - [TEST_STEP][PASSED] - page = page.replaceAll("\s+", ""): null

16-05-2025T12:03:05 - [TEST_STEP][PASSED] - if (page == "undefined"): null

16-05-2025T12:03:05 - [TEST_STEP][PASSED] - filePoteri = poteri.toInteger(): null

16-05-2025T12:03:05 - [TEST_STEP][PASSED] - pagePoteri = page.toInteger(): null

16-05-2025T12:03:05 - [TEST_STEP][PASSED] - compare = pageOtpuskVSet: null

16-05-2025T12:03:05 - [TEST_STEP][PASSED] - if (pageOtpuskVSet != null): null

16-05-2025T12:03:05 - [TEST_STEP][PASSED] - if (compare == fileOtpuskVSet): null

16-05-2025T12:03:05 - [TEST_STEP][PASSED] - else if (compare > fileOtpuskVSet): null

16-05-2025T12:03:05 - [TEST_STEP][PASSED] - else if (compare < fileOtpuskVSet): null

16-05-2025T12:03:05 - [TEST_STEP][PASSED] - compare = compare + 1: null

16-05-2025T12:03:05 - [TEST_STEP][PASSED] - if (compare == fileOtpuskVSet): null

16-05-2025T12:03:05 - [TEST_STEP][PASSED] - else: null

16-05-2025T12:03:05 - [TEST_STEP][PASSED] - numberOfErrors = numberOfErrors + 1: null

16-05-2025T12:03:05 - [TEST_STEP][PASSED] - pageInt = pageOtpuskVSet: null

16-05-2025T12:03:05 - [TEST_STEP][PASSED] - fileInt = fileOtpuskVSet: null

16-05-2025T12:03:05 - [TEST_STEP][PASSED] - typeOfData = typeOfDataMain + " Отпуск в сеть": null

16-05-2025T12:03:05 - [TEST_STEP][PASSED] - Script1718980020443.WriteToExcel(a, typeOfData, todaysDate, pageInt, fileInt, pageDouble, fileDouble, dZO): null

16-05-2025T12:03:05 - [TEST_STEP][PASSED] - sheetName = "Sheet1": null

16-05-2025T12:03:05 - [TEST_STEP][PASSED] - data = findTestData("PlanFact"): null

16-05-2025T12:03:05 - [TEST_STEP][PASSED] - n = data.getRowNumbers() + 1: null

16-05-2025T12:03:05 - [TEST_STEP][PASSED] - day = ")).toInteger(): null

16-05-2025T12:03:05 - [TEST_STEP][PASSED] - println(day): null

16-05-2025T12:03:05 - [TEST_STEP][PASSED] - month = ")).toInteger(): null

16-05-2025T12:03:05 - [TEST_STEP][PASSED] - println(month): null

16-05-2025T12:03:05 - [TEST_STEP][PASSED] - y = <not implemented yet for class: org.codehaus.groovy.ast.expr.EmptyExpression>: null

16-05-2025T12:03:05 - [TEST_STEP][PASSED] - iy = <not implemented yet for class: org.codehaus.groovy.ast.expr.EmptyExpression>: null

16-05-2025T12:03:05 - [TEST_STEP][PASSED] - m = getText(findTestObject("Выполнение бизнес-плана/Период")): Text of object 'Object Repository/Выполнение бизнес-плана/Период' is: '1 кв. 2025 года'

16-05-2025T12:03:06 - [MESSAGE][PASSED] - Text of object 'Object Repository/Выполнение бизнес-плана/Период' is: '1 кв. 2025 года'

16-05-2025T12:03:06 - [TEST_STEP][PASSED] - iy = m.indexOf("20"): null

16-05-2025T12:03:06 - [TEST_STEP][PASSED] - if (iy > -1): null

16-05-2025T12:03:06 - [TEST_STEP][PASSED] - y = substring(iy, iy + 4).toInteger(): null

16-05-2025T12:03:06 - [TEST_STEP][PASSED] - println(y): null

16-05-2025T12:03:06 - [TEST_STEP][PASSED] - if (toString().length() == 4): null

16-05-2025T12:03:06 - [TEST_STEP][PASSED] - m = m.substring(0, m.indexOf(y.toString())): null

16-05-2025T12:03:06 - [TEST_STEP][PASSED] - m = m.trim(): null

16-05-2025T12:03:06 - [TEST_STEP][PASSED] - if (m == ""): null

16-05-2025T12:03:06 - [TEST_STEP][PASSED] - dashboardName = "Выполнение бизнес-плана": null

16-05-2025T12:03:06 - [TEST_STEP][PASSED] - workbook01 = getWorkbook(excelFilePath): null

16-05-2025T12:03:06 - [TEST_STEP][PASSED] - sheet01 = getExcelSheet(workbook01, sheetName): null

16-05-2025T12:03:06 - [TEST_STEP][PASSED] - setValueToCellByIndex(sheet01, n, 0, dashboardName): null

16-05-2025T12:03:06 - [TEST_STEP][PASSED] - setValueToCellByIndex(sheet01, n, 1, dZO): null

16-05-2025T12:03:06 - [TEST_STEP][PASSED] - setValueToCellByIndex(sheet01, n, 2, typeOfData): null

16-05-2025T12:03:06 - [TEST_STEP][PASSED] - if (typeOfData == "Факт в процентах" || typeOfData == "План в процентах"): null

16-05-2025T12:03:06 - [TEST_STEP][PASSED] - else: null

16-05-2025T12:03:06 - [TEST_STEP][PASSED] - setValueToCellByIndex(sheet01, n, 3, fileInt): null

16-05-2025T12:03:06 - [TEST_STEP][PASSED] - setValueToCellByIndex(sheet01, n, 4, pageInt): null

16-05-2025T12:03:06 - [TEST_STEP][PASSED] - setValueToCellByIndex(sheet01, n, 5, m): null

16-05-2025T12:03:06 - [TEST_STEP][PASSED] - setValueToCellByIndex(sheet01, n, 6, y): null

16-05-2025T12:03:06 - [TEST_STEP][PASSED] - setValueToCellByIndex(sheet01, n, 7, todaysDate): null

16-05-2025T12:03:06 - [TEST_STEP][PASSED] - n = n + 1: null

16-05-2025T12:03:06 - [TEST_STEP][PASSED] - saveWorkbook(excelFilePath, workbook01): null

16-05-2025T12:03:06 - [TEST_STEP][PASSED] - compare = pagePoteri: null

16-05-2025T12:03:06 - [TEST_STEP][PASSED] - if (pageOtpuskVSet != null): null

16-05-2025T12:03:06 - [TEST_STEP][PASSED] - if (compare == filePoteri): null

16-05-2025T12:03:06 - [TEST_STEP][PASSED] - else if (compare > filePoteri): null

16-05-2025T12:03:06 - [TEST_STEP][PASSED] - else if (compare < filePoteri): null

16-05-2025T12:03:06 - [TEST_STEP][PASSED] - compare = compare + 1: null

16-05-2025T12:03:06 - [TEST_STEP][PASSED] - if (compare == filePoteri): null

16-05-2025T12:03:06 - [TEST_STEP][PASSED] - else: null

16-05-2025T12:03:06 - [TEST_STEP][PASSED] - numberOfErrors = numberOfErrors + 1: null

16-05-2025T12:03:06 - [TEST_STEP][PASSED] - pageInt = pagePoteri: null

16-05-2025T12:03:06 - [TEST_STEP][PASSED] - fileInt = filePoteri: null

16-05-2025T12:03:06 - [TEST_STEP][PASSED] - typeOfData = typeOfDataMain + " Потери": null

16-05-2025T12:03:06 - [TEST_STEP][PASSED] - Script1718980020443.WriteToExcel(a, typeOfData, todaysDate, pageInt, fileInt, pageDouble, fileDouble, dZO): null

16-05-2025T12:03:06 - [TEST_STEP][PASSED] - sheetName = "Sheet1": null

16-05-2025T12:03:06 - [TEST_STEP][PASSED] - data = findTestData("PlanFact"): null

16-05-2025T12:03:06 - [TEST_STEP][PASSED] - n = data.getRowNumbers() + 1: null

16-05-2025T12:03:06 - [TEST_STEP][PASSED] - day = ")).toInteger(): null

16-05-2025T12:03:06 - [TEST_STEP][PASSED] - println(day): null

16-05-2025T12:03:06 - [TEST_STEP][PASSED] - month = ")).toInteger(): null

16-05-2025T12:03:06 - [TEST_STEP][PASSED] - println(month): null

16-05-2025T12:03:06 - [TEST_STEP][PASSED] - y = <not implemented yet for class: org.codehaus.groovy.ast.expr.EmptyExpression>: null

16-05-2025T12:03:06 - [TEST_STEP][PASSED] - iy = <not implemented yet for class: org.codehaus.groovy.ast.expr.EmptyExpression>: null

16-05-2025T12:03:06 - [TEST_STEP][PASSED] - m = getText(findTestObject("Выполнение бизнес-плана/Период")): Text of object 'Object Repository/Выполнение бизнес-плана/Период' is: '1 кв. 2025 года'

16-05-2025T12:03:06 - [MESSAGE][PASSED] - Text of object 'Object Repository/Выполнение бизнес-плана/Период' is: '1 кв. 2025 года'

16-05-2025T12:03:06 - [TEST_STEP][PASSED] - iy = m.indexOf("20"): null

16-05-2025T12:03:06 - [TEST_STEP][PASSED] - if (iy > -1): null

16-05-2025T12:03:06 - [TEST_STEP][PASSED] - y = substring(iy, iy + 4).toInteger(): null

16-05-2025T12:03:06 - [TEST_STEP][PASSED] - println(y): null

16-05-2025T12:03:06 - [TEST_STEP][PASSED] - if (toString().length() == 4): null

16-05-2025T12:03:06 - [TEST_STEP][PASSED] - m = m.substring(0, m.indexOf(y.toString())): null

16-05-2025T12:03:06 - [TEST_STEP][PASSED] - m = m.trim(): null

16-05-2025T12:03:06 - [TEST_STEP][PASSED] - if (m == ""): null

16-05-2025T12:03:06 - [TEST_STEP][PASSED] - dashboardName = "Выполнение бизнес-плана": null

16-05-2025T12:03:06 - [TEST_STEP][PASSED] - workbook01 = getWorkbook(excelFilePath): null

16-05-2025T12:03:06 - [TEST_STEP][PASSED] - sheet01 = getExcelSheet(workbook01, sheetName): null

16-05-2025T12:03:06 - [TEST_STEP][PASSED] - setValueToCellByIndex(sheet01, n, 0, dashboardName): null

16-05-2025T12:03:06 - [TEST_STEP][PASSED] - setValueToCellByIndex(sheet01, n, 1, dZO): null

16-05-2025T12:03:06 - [TEST_STEP][PASSED] - setValueToCellByIndex(sheet01, n, 2, typeOfData): null

16-05-2025T12:03:06 - [TEST_STEP][PASSED] - if (typeOfData == "Факт в процентах" || typeOfData == "План в процентах"): null

16-05-2025T12:03:06 - [TEST_STEP][PASSED] - else: null

16-05-2025T12:03:06 - [TEST_STEP][PASSED] - setValueToCellByIndex(sheet01, n, 3, fileInt): null

16-05-2025T12:03:06 - [TEST_STEP][PASSED] - setValueToCellByIndex(sheet01, n, 4, pageInt): null

16-05-2025T12:03:06 - [TEST_STEP][PASSED] - setValueToCellByIndex(sheet01, n, 5, m): null

16-05-2025T12:03:06 - [TEST_STEP][PASSED] - setValueToCellByIndex(sheet01, n, 6, y): null

16-05-2025T12:03:06 - [TEST_STEP][PASSED] - setValueToCellByIndex(sheet01, n, 7, todaysDate): null

16-05-2025T12:03:06 - [TEST_STEP][PASSED] - n = n + 1: null

16-05-2025T12:03:06 - [TEST_STEP][PASSED] - saveWorkbook(excelFilePath, workbook01): Object: 'Object Repository/Выполнение бизнес-плана/Кнопка Факт' is clicked on

16-05-2025T12:03:06 - [TEST_STEP][PASSED] - if (planFact == 2): Object: 'Object Repository/Выполнение бизнес-плана/Кнопка Факт' is clicked on

16-05-2025T12:03:06 - [TEST_STEP][PASSED] - click(findTestObject("Выполнение бизнес-плана/Кнопка Факт")): Object: 'Object Repository/Выполнение бизнес-плана/Кнопка Факт' is clicked on

16-05-2025T12:03:07 - [MESSAGE][PASSED] - Object: 'Object Repository/Выполнение бизнес-плана/Кнопка Факт' is clicked on

16-05-2025T12:03:07 - [TEST_STEP][PASSED] - println("a=" + a): null

16-05-2025T12:03:07 - [TEST_STEP][PASSED] - if (a == 84 || a == 82): null

16-05-2025T12:03:07 - [TEST_STEP][PASSED] - else if (a == 83 || a == 52 || a == 72 || a == 28 || a == 73 || a == 77 || a == 74 || a == 65 || a == 36 || a == 44 || a == 53 || a == 80 || a == 54 || a == 1 || a == 18 || a == 59 || a == 81): null

16-05-2025T12:03:07 - [TEST_STEP][PASSED] - else: null

16-05-2025T12:03:07 - [TEST_STEP][PASSED] - page1 = getText(findTestObject("Object Repository/Выполнение бизнес-плана/spanPlan" + filialNum)): Text of object 'Object Repository/Выполнение бизнес-плана/spanPlan5' is: '10.78
|'

16-05-2025T12:03:07 - [MESSAGE][PASSED] - Text of object 'Object Repository/Выполнение бизнес-плана/spanPlan5' is: '10.78
|'

16-05-2025T12:03:07 - [TEST_STEP][PASSED] - page1 = page1.replace("|", ""): null

16-05-2025T12:03:07 - [TEST_STEP][PASSED] - page2 = getText(findTestObject("Object Repository/Выполнение бизнес-плана/spanFact" + filialNum)): Text of object 'Object Repository/Выполнение бизнес-плана/spanFact5' is: '9.17
|'

16-05-2025T12:03:07 - [MESSAGE][PASSED] - Text of object 'Object Repository/Выполнение бизнес-плана/spanFact5' is: '9.17
|'

16-05-2025T12:03:07 - [TEST_STEP][PASSED] - page2 = page2.replace("|", ""): null

16-05-2025T12:03:07 - [TEST_STEP][PASSED] - println("page1: " + page1): null

16-05-2025T12:03:07 - [TEST_STEP][PASSED] - println("page2: " + page2): null

16-05-2025T12:03:07 - [TEST_STEP][PASSED] - file = findTestData("PlanFact").getValue(4, a): null

16-05-2025T12:03:07 - [TEST_STEP][PASSED] - file = file.replace(",", "."): null

16-05-2025T12:03:07 - [TEST_STEP][PASSED] - println("file Plan: " + file): null

16-05-2025T12:03:07 - [TEST_STEP][PASSED] - typeOfData = "План в процентах": null

16-05-2025T12:03:07 - [TEST_STEP][PASSED] - fileDouble = file.toDouble(): null

16-05-2025T12:03:07 - [TEST_STEP][PASSED] - pageDouble = page1.toDouble(): null

16-05-2025T12:03:07 - [TEST_STEP][PASSED] - if (fileDouble != pageDouble): null

16-05-2025T12:03:07 - [TEST_STEP][PASSED] - numberOfErrors = numberOfErrors + 1: null

16-05-2025T12:03:07 - [TEST_STEP][PASSED] - Script1718980020443.WriteToExcel(a, typeOfData, todaysDate, pageInt, fileInt, pageDouble, fileDouble, dZO): null

16-05-2025T12:03:07 - [TEST_STEP][PASSED] - sheetName = "Sheet1": null

16-05-2025T12:03:07 - [TEST_STEP][PASSED] - data = findTestData("PlanFact"): null

16-05-2025T12:03:07 - [TEST_STEP][PASSED] - n = data.getRowNumbers() + 1: null

16-05-2025T12:03:07 - [TEST_STEP][PASSED] - day = ")).toInteger(): null

16-05-2025T12:03:07 - [TEST_STEP][PASSED] - println(day): null

16-05-2025T12:03:07 - [TEST_STEP][PASSED] - month = ")).toInteger(): null

16-05-2025T12:03:07 - [TEST_STEP][PASSED] - println(month): null

16-05-2025T12:03:07 - [TEST_STEP][PASSED] - y = <not implemented yet for class: org.codehaus.groovy.ast.expr.EmptyExpression>: null

16-05-2025T12:03:07 - [TEST_STEP][PASSED] - iy = <not implemented yet for class: org.codehaus.groovy.ast.expr.EmptyExpression>: null

16-05-2025T12:03:07 - [TEST_STEP][PASSED] - m = getText(findTestObject("Выполнение бизнес-плана/Период")): Text of object 'Object Repository/Выполнение бизнес-плана/Период' is: '1 кв. 2025 года'

16-05-2025T12:03:08 - [MESSAGE][PASSED] - Text of object 'Object Repository/Выполнение бизнес-плана/Период' is: '1 кв. 2025 года'

16-05-2025T12:03:08 - [TEST_STEP][PASSED] - iy = m.indexOf("20"): null

16-05-2025T12:03:08 - [TEST_STEP][PASSED] - if (iy > -1): null

16-05-2025T12:03:08 - [TEST_STEP][PASSED] - y = substring(iy, iy + 4).toInteger(): null

16-05-2025T12:03:08 - [TEST_STEP][PASSED] - println(y): null

16-05-2025T12:03:08 - [TEST_STEP][PASSED] - if (toString().length() == 4): null

16-05-2025T12:03:08 - [TEST_STEP][PASSED] - m = m.substring(0, m.indexOf(y.toString())): null

16-05-2025T12:03:08 - [TEST_STEP][PASSED] - m = m.trim(): null

16-05-2025T12:03:08 - [TEST_STEP][PASSED] - if (m == ""): null

16-05-2025T12:03:08 - [TEST_STEP][PASSED] - dashboardName = "Выполнение бизнес-плана": null

16-05-2025T12:03:08 - [TEST_STEP][PASSED] - workbook01 = getWorkbook(excelFilePath): null

16-05-2025T12:03:08 - [TEST_STEP][PASSED] - sheet01 = getExcelSheet(workbook01, sheetName): null

16-05-2025T12:03:08 - [TEST_STEP][PASSED] - setValueToCellByIndex(sheet01, n, 0, dashboardName): null

16-05-2025T12:03:08 - [TEST_STEP][PASSED] - setValueToCellByIndex(sheet01, n, 1, dZO): null

16-05-2025T12:03:08 - [TEST_STEP][PASSED] - setValueToCellByIndex(sheet01, n, 2, typeOfData): null

16-05-2025T12:03:08 - [TEST_STEP][PASSED] - if (typeOfData == "Факт в процентах" || typeOfData == "План в процентах"): null

16-05-2025T12:03:08 - [TEST_STEP][PASSED] - setValueToCellByIndex(sheet01, n, 3, fileDouble): null

16-05-2025T12:03:08 - [TEST_STEP][PASSED] - setValueToCellByIndex(sheet01, n, 4, pageDouble): null

16-05-2025T12:03:08 - [TEST_STEP][PASSED] - setValueToCellByIndex(sheet01, n, 5, m): null

16-05-2025T12:03:08 - [TEST_STEP][PASSED] - setValueToCellByIndex(sheet01, n, 6, y): null

16-05-2025T12:03:08 - [TEST_STEP][PASSED] - setValueToCellByIndex(sheet01, n, 7, todaysDate): null

16-05-2025T12:03:08 - [TEST_STEP][PASSED] - n = n + 1: null

16-05-2025T12:03:08 - [TEST_STEP][PASSED] - saveWorkbook(excelFilePath, workbook01): null

16-05-2025T12:03:08 - [TEST_STEP][PASSED] - file = findTestData("PlanFact").getValue(7, a): null

16-05-2025T12:03:08 - [TEST_STEP][PASSED] - file = file.replace(",", "."): null

16-05-2025T12:03:08 - [TEST_STEP][PASSED] - println("file Fact: " + file): null

16-05-2025T12:03:08 - [TEST_STEP][PASSED] - fileDouble = file.toDouble(): null

16-05-2025T12:03:08 - [TEST_STEP][PASSED] - typeOfData = "Факт в процентах": null

16-05-2025T12:03:08 - [TEST_STEP][PASSED] - fileDouble = file.toDouble(): null

16-05-2025T12:03:08 - [TEST_STEP][PASSED] - pageDouble = page2.toDouble(): null

16-05-2025T12:03:08 - [TEST_STEP][PASSED] - if (fileDouble != pageDouble): null

16-05-2025T12:03:08 - [TEST_STEP][PASSED] - numberOfErrors = numberOfErrors + 1: null

16-05-2025T12:03:08 - [TEST_STEP][PASSED] - Script1718980020443.WriteToExcel(a, typeOfData, todaysDate, pageInt, fileInt, pageDouble, fileDouble, dZO): null

16-05-2025T12:03:08 - [TEST_STEP][PASSED] - sheetName = "Sheet1": null

16-05-2025T12:03:08 - [TEST_STEP][PASSED] - data = findTestData("PlanFact"): null

16-05-2025T12:03:08 - [TEST_STEP][PASSED] - n = data.getRowNumbers() + 1: null

16-05-2025T12:03:08 - [TEST_STEP][PASSED] - day = ")).toInteger(): null

16-05-2025T12:03:08 - [TEST_STEP][PASSED] - println(day): null

16-05-2025T12:03:08 - [TEST_STEP][PASSED] - month = ")).toInteger(): null

16-05-2025T12:03:08 - [TEST_STEP][PASSED] - println(month): null

16-05-2025T12:03:08 - [TEST_STEP][PASSED] - y = <not implemented yet for class: org.codehaus.groovy.ast.expr.EmptyExpression>: null

16-05-2025T12:03:08 - [TEST_STEP][PASSED] - iy = <not implemented yet for class: org.codehaus.groovy.ast.expr.EmptyExpression>: null

16-05-2025T12:03:08 - [TEST_STEP][PASSED] - m = getText(findTestObject("Выполнение бизнес-плана/Период")): Text of object 'Object Repository/Выполнение бизнес-плана/Период' is: '1 кв. 2025 года'

16-05-2025T12:03:09 - [MESSAGE][PASSED] - Text of object 'Object Repository/Выполнение бизнес-плана/Период' is: '1 кв. 2025 года'

16-05-2025T12:03:09 - [TEST_STEP][PASSED] - iy = m.indexOf("20"): null

16-05-2025T12:03:09 - [TEST_STEP][PASSED] - if (iy > -1): null

16-05-2025T12:03:09 - [TEST_STEP][PASSED] - y = substring(iy, iy + 4).toInteger(): null

16-05-2025T12:03:09 - [TEST_STEP][PASSED] - println(y): null

16-05-2025T12:03:09 - [TEST_STEP][PASSED] - if (toString().length() == 4): null

16-05-2025T12:03:09 - [TEST_STEP][PASSED] - m = m.substring(0, m.indexOf(y.toString())): null

16-05-2025T12:03:09 - [TEST_STEP][PASSED] - m = m.trim(): null

16-05-2025T12:03:09 - [TEST_STEP][PASSED] - if (m == ""): null

16-05-2025T12:03:09 - [TEST_STEP][PASSED] - dashboardName = "Выполнение бизнес-плана": null

16-05-2025T12:03:09 - [TEST_STEP][PASSED] - workbook01 = getWorkbook(excelFilePath): null

16-05-2025T12:03:09 - [TEST_STEP][PASSED] - sheet01 = getExcelSheet(workbook01, sheetName): null

16-05-2025T12:03:09 - [TEST_STEP][PASSED] - setValueToCellByIndex(sheet01, n, 0, dashboardName): null

16-05-2025T12:03:09 - [TEST_STEP][PASSED] - setValueToCellByIndex(sheet01, n, 1, dZO): null

16-05-2025T12:03:09 - [TEST_STEP][PASSED] - setValueToCellByIndex(sheet01, n, 2, typeOfData): null

16-05-2025T12:03:09 - [TEST_STEP][PASSED] - if (typeOfData == "Факт в процентах" || typeOfData == "План в процентах"): null

16-05-2025T12:03:09 - [TEST_STEP][PASSED] - setValueToCellByIndex(sheet01, n, 3, fileDouble): null

16-05-2025T12:03:09 - [TEST_STEP][PASSED] - setValueToCellByIndex(sheet01, n, 4, pageDouble): null

16-05-2025T12:03:09 - [TEST_STEP][PASSED] - setValueToCellByIndex(sheet01, n, 5, m): null

16-05-2025T12:03:09 - [TEST_STEP][PASSED] - setValueToCellByIndex(sheet01, n, 6, y): null

16-05-2025T12:03:09 - [TEST_STEP][PASSED] - setValueToCellByIndex(sheet01, n, 7, todaysDate): null

16-05-2025T12:03:09 - [TEST_STEP][PASSED] - n = n + 1: null

16-05-2025T12:03:09 - [TEST_STEP][PASSED] - saveWorkbook(excelFilePath, workbook01): null

16-05-2025T12:03:09 - [TEST_STEP][FAILED] - if (verifyEqual(numberOfErrors, 0) == false): null

16-05-2025T12:03:09 - [MESSAGE][FAILED] - Unable to verify equal between actual object '6' and expected object '0' (Root cause: com.kms.katalon.core.exception.StepFailedException: Actual object '6' and expected object '0' are not equal
	at com.kms.katalon.core.keyword.builtin.VerifyEqualKeyword$_verifyEqual_closure1.doCall(VerifyEqualKeyword.groovy:58)
	at com.kms.katalon.core.keyword.builtin.VerifyEqualKeyword$_verifyEqual_closure1.call(VerifyEqualKeyword.groovy)
	at com.kms.katalon.core.keyword.internal.KeywordMain.runKeyword(KeywordMain.groovy:75)
	at com.kms.katalon.core.keyword.builtin.VerifyEqualKeyword.verifyEqual(VerifyEqualKeyword.groovy:63)
	at com.kms.katalon.core.keyword.builtin.VerifyEqualKeyword.execute(VerifyEqualKeyword.groovy:44)
	at com.kms.katalon.core.keyword.internal.KeywordExecutor.executeKeywordForPlatform(KeywordExecutor.groovy:74)
	at com.kms.katalon.core.keyword.BuiltinKeywords.verifyEqual(BuiltinKeywords.groovy:146)
	at jdk.internal.reflect.GeneratedMethodAccessor24.invoke(Unknown Source)
	at java.base/jdk.internal.reflect.DelegatingMethodAccessorImpl.invoke(DelegatingMethodAccessorImpl.java:43)
	at Выполнение бизнес-плана Сверка ПАО Россети все филиалы.Numbers(Выполнение бизнес-плана Сверка ПАО Россети все филиалы:740)
	at Выполнение бизнес-плана Сверка ПАО Россети все филиалы.Filials(Выполнение бизнес-плана Сверка ПАО Россети все филиалы:1525)
	at Выполнение бизнес-плана Сверка ПАО Россети все филиалы.Numbers(Выполнение бизнес-плана Сверка ПАО Россети все филиалы:747)
	at Выполнение бизнес-плана Сверка ПАО Россети все филиалы.run(Выполнение бизнес-плана Сверка ПАО Россети все филиалы:297)
	at com.kms.katalon.core.main.ScriptEngine.run(ScriptEngine.java:194)
	at com.kms.katalon.core.main.ScriptEngine.runScriptAsRawText(ScriptEngine.java:119)
	at com.kms.katalon.core.main.TestCaseExecutor.runScript(TestCaseExecutor.java:448)
	at com.kms.katalon.core.main.TestCaseExecutor.doExecute(TestCaseExecutor.java:439)
	at com.kms.katalon.core.main.TestCaseExecutor.processExecutionPhase(TestCaseExecutor.java:418)
	at com.kms.katalon.core.main.TestCaseExecutor.accessMainPhase(TestCaseExecutor.java:410)
	at com.kms.katalon.core.main.TestCaseExecutor.execute(TestCaseExecutor.java:285)
	at com.kms.katalon.core.common.CommonExecutor.accessTestCaseMainPhase(CommonExecutor.java:65)
	at com.kms.katalon.core.main.TestSuiteExecutor.accessTestSuiteMainPhase(TestSuiteExecutor.java:150)
	at com.kms.katalon.core.main.TestSuiteExecutor.execute(TestSuiteExecutor.java:106)
	at com.kms.katalon.core.main.TestCaseMain.startTestSuite(TestCaseMain.java:180)
	at TempTestSuite1747369435659.run(TempTestSuite1747369435659.groovy:35)
	at java.base/jdk.internal.reflect.NativeMethodAccessorImpl.invoke0(Native Method)
	at java.base/jdk.internal.reflect.NativeMethodAccessorImpl.invoke(NativeMethodAccessorImpl.java:77)
	at java.base/jdk.internal.reflect.DelegatingMethodAccessorImpl.invoke(DelegatingMethodAccessorImpl.java:43)
)

16-05-2025T12:03:09 - [TEST_STEP][PASSED] - println(numberOfErrors): null

16-05-2025T12:03:09 - [TEST_STEP][PASSED] - println("a=" + a): null

16-05-2025T12:03:09 - [TEST_STEP][PASSED] - if (a == 28 || a == 77 || a == 74 || a == 65 || a == 36 || a == 44 || a == 54 || a == 1 || a == 18 || a == 59): null

16-05-2025T12:03:09 - [TEST_STEP][PASSED] - if (a == 82): null

16-05-2025T12:03:09 - [TEST_STEP][PASSED] - dZO = "Псковский филиал": null

16-05-2025T12:03:09 - [TEST_STEP][PASSED] - a = 43: null

16-05-2025T12:03:09 - [TEST_STEP][PASSED] - dzoCut = dZO.substring(0, 10): null

16-05-2025T12:03:09 - [TEST_STEP][PASSED] - if (x2.contains(dzoCut)): null

16-05-2025T12:03:09 - [TEST_STEP][PASSED] - filialNum = filialNum + 1: null

16-05-2025T12:03:09 - [TEST_STEP][PASSED] - Script1718980020443.Numbers(a, typeOfData, todaysDate, pageInt, fileInt, pageDouble, fileDouble, dZO, dzoNum, filialNum): null

16-05-2025T12:03:09 - [TEST_STEP][PASSED] - println(dzoNum): null

16-05-2025T12:03:09 - [TEST_STEP][PASSED] - planFact = <not implemented yet for class: org.codehaus.groovy.ast.expr.EmptyExpression>: null

16-05-2025T12:03:09 - [TEST_STEP][PASSED] - page = <not implemented yet for class: org.codehaus.groovy.ast.expr.EmptyExpression>: null

16-05-2025T12:03:09 - [TEST_STEP][PASSED] - page1 = <not implemented yet for class: org.codehaus.groovy.ast.expr.EmptyExpression>: null

16-05-2025T12:03:09 - [TEST_STEP][PASSED] - page2 = <not implemented yet for class: org.codehaus.groovy.ast.expr.EmptyExpression>: null

16-05-2025T12:03:09 - [TEST_STEP][PASSED] - filialNumberInRow = <not implemented yet for class: org.codehaus.groovy.ast.expr.EmptyExpression>: null

16-05-2025T12:03:09 - [TEST_STEP][PASSED] - filialsDzoNames = <not implemented yet for class: org.codehaus.groovy.ast.expr.EmptyExpression>: null

16-05-2025T12:03:09 - [TEST_STEP][PASSED] - numberOfFilials = <not implemented yet for class: org.codehaus.groovy.ast.expr.EmptyExpression>: null

16-05-2025T12:03:09 - [TEST_STEP][PASSED] - numberOfSpaces = <not implemented yet for class: org.codehaus.groovy.ast.expr.EmptyExpression>: null

16-05-2025T12:03:09 - [TEST_STEP][PASSED] - file = <not implemented yet for class: org.codehaus.groovy.ast.expr.EmptyExpression>: null

16-05-2025T12:03:09 - [TEST_STEP][PASSED] - otpusk = <not implemented yet for class: org.codehaus.groovy.ast.expr.EmptyExpression>: null

16-05-2025T12:03:09 - [TEST_STEP][PASSED] - poteri = <not implemented yet for class: org.codehaus.groovy.ast.expr.EmptyExpression>: null

16-05-2025T12:03:09 - [TEST_STEP][PASSED] - dataFolder = "Выполнение бизнес-плана/Значения со страницы Выполнение бизнес-плана/": null

16-05-2025T12:03:09 - [TEST_STEP][PASSED] - path = <not implemented yet for class: org.codehaus.groovy.ast.expr.EmptyExpression>: null

16-05-2025T12:03:09 - [TEST_STEP][PASSED] - typeOfDataMain = <not implemented yet for class: org.codehaus.groovy.ast.expr.EmptyExpression>: null

16-05-2025T12:03:09 - [TEST_STEP][PASSED] - fileOtpuskVSet = <not implemented yet for class: org.codehaus.groovy.ast.expr.EmptyExpression>: null

16-05-2025T12:03:09 - [TEST_STEP][PASSED] - pageOtpuskVSet = <not implemented yet for class: org.codehaus.groovy.ast.expr.EmptyExpression>: null

16-05-2025T12:03:09 - [TEST_STEP][PASSED] - filePoteri = <not implemented yet for class: org.codehaus.groovy.ast.expr.EmptyExpression>: null

16-05-2025T12:03:09 - [TEST_STEP][PASSED] - pagePoteri = <not implemented yet for class: org.codehaus.groovy.ast.expr.EmptyExpression>: null

16-05-2025T12:03:09 - [TEST_STEP][PASSED] - compare = <not implemented yet for class: org.codehaus.groovy.ast.expr.EmptyExpression>: null

16-05-2025T12:03:09 - [TEST_STEP][PASSED] - b = <not implemented yet for class: org.codehaus.groovy.ast.expr.EmptyExpression>: null

16-05-2025T12:03:09 - [TEST_STEP][PASSED] - i = <not implemented yet for class: org.codehaus.groovy.ast.expr.EmptyExpression>: null

16-05-2025T12:03:09 - [TEST_STEP][PASSED] - ii = <not implemented yet for class: org.codehaus.groovy.ast.expr.EmptyExpression>: null

16-05-2025T12:03:09 - [TEST_STEP][PASSED] - c = <not implemented yet for class: org.codehaus.groovy.ast.expr.EmptyExpression>: null

16-05-2025T12:03:09 - [TEST_STEP][PASSED] - numberOfErrors = 0: null

16-05-2025T12:03:09 - [TEST_STEP][PASSED] - if (a == 82): null

16-05-2025T12:03:09 - [TEST_STEP][PASSED] - b = findTestData("PlanFact").getValue(1, a): null

16-05-2025T12:03:09 - [TEST_STEP][PASSED] - i = b.indexOf(" (ГК)"): null

16-05-2025T12:03:09 - [TEST_STEP][PASSED] - if (i > -1): null

16-05-2025T12:03:09 - [TEST_STEP][PASSED] - i = b.indexOf("О ""): null

16-05-2025T12:03:09 - [TEST_STEP][PASSED] - if (i > -1): null

16-05-2025T12:03:09 - [TEST_STEP][PASSED] - i = b.indexOf("О «"): null

16-05-2025T12:03:09 - [TEST_STEP][PASSED] - if (i > -1): null

16-05-2025T12:03:09 - [TEST_STEP][PASSED] - i = b.indexOf("г. "): null

16-05-2025T12:03:09 - [TEST_STEP][PASSED] - if (i > -1): null

16-05-2025T12:03:09 - [TEST_STEP][PASSED] - b = b.trim(): null

16-05-2025T12:03:09 - [TEST_STEP][PASSED] - println(b): null

16-05-2025T12:03:09 - [TEST_STEP][PASSED] - for ([planFact = 1, planFact < 3, (planFact++)]): null

16-05-2025T12:03:09 - [TEST_STEP][PASSED] - if (planFact == 1): null

16-05-2025T12:03:09 - [TEST_STEP][PASSED] - typeOfDataMain = "Факт": null

16-05-2025T12:03:09 - [TEST_STEP][PASSED] - otpusk = findTestData("PlanFact").getValue(5, a): null

16-05-2025T12:03:09 - [TEST_STEP][PASSED] - poteri = findTestData("PlanFact").getValue(6, a): null

16-05-2025T12:03:09 - [TEST_STEP][PASSED] - otpusk = otpusk.replaceAll("\s+", ""): null

16-05-2025T12:03:09 - [TEST_STEP][PASSED] - poteri = poteri.replaceAll("\s+", ""): null

16-05-2025T12:03:09 - [TEST_STEP][PASSED] - typeOfData = typeOfDataMain + " Отпуск в сеть": null

16-05-2025T12:03:09 - [TEST_STEP][PASSED] - if (a == 82): null

16-05-2025T12:03:09 - [TEST_STEP][PASSED] - else if (a == 84): null

16-05-2025T12:03:09 - [TEST_STEP][PASSED] - else if (a == 83 || a == 52 || a == 72 || a == 28 || a == 73 || a == 77 || a == 74 || a == 65 || a == 36 || a == 44 || a == 53 || a == 80 || a == 54 || a == 1 || a == 18 || a == 59 || a == 81): null

16-05-2025T12:03:09 - [TEST_STEP][PASSED] - else: null

16-05-2025T12:03:09 - [TEST_STEP][PASSED] - path = dataFolder + typeOfData + " за отчётный период " + b: null

16-05-2025T12:03:09 - [TEST_STEP][PASSED] - println(path): null

16-05-2025T12:03:09 - [TEST_STEP][PASSED] - page = getText(findTestObject(path)): Text of object 'Object Repository/Выполнение бизнес-плана/Значения со страницы Выполнение бизнес-плана/Факт Отпуск в сеть за отчётный период Псковский филиал' is: '439 305'

16-05-2025T12:03:09 - [MESSAGE][PASSED] - Text of object 'Object Repository/Выполнение бизнес-плана/Значения со страницы Выполнение бизнес-плана/Факт Отпуск в сеть за отчётный период Псковский филиал' is: '439 305'

16-05-2025T12:03:09 - [TEST_STEP][PASSED] - if (page == "" || page == null): null

16-05-2025T12:03:09 - [TEST_STEP][PASSED] - else: null

16-05-2025T12:03:09 - [TEST_STEP][PASSED] - page = page.replaceAll("\s+", ""): null

16-05-2025T12:03:09 - [TEST_STEP][PASSED] - if (page == "undefined"): null

16-05-2025T12:03:09 - [TEST_STEP][PASSED] - fileOtpuskVSet = otpusk.toInteger(): null

16-05-2025T12:03:09 - [TEST_STEP][PASSED] - pageOtpuskVSet = page.toInteger(): null

16-05-2025T12:03:09 - [TEST_STEP][PASSED] - typeOfData = typeOfDataMain + " Потери": null

16-05-2025T12:03:09 - [TEST_STEP][PASSED] - if (a == 82): null

16-05-2025T12:03:09 - [TEST_STEP][PASSED] - else if (a == 84): null

16-05-2025T12:03:09 - [TEST_STEP][PASSED] - else if (a == 83 || a == 52 || a == 72 || a == 28 || a == 73 || a == 77 || a == 74 || a == 65 || a == 36 || a == 44 || a == 53 || a == 80 || a == 54 || a == 1 || a == 18 || a == 59 || a == 81): null

16-05-2025T12:03:09 - [TEST_STEP][PASSED] - else: null

16-05-2025T12:03:09 - [TEST_STEP][PASSED] - path = dataFolder + typeOfData + " за отчётный период " + b: null

16-05-2025T12:03:09 - [TEST_STEP][PASSED] - page = getText(findTestObject(path)): Text of object 'Object Repository/Выполнение бизнес-плана/Значения со страницы Выполнение бизнес-плана/Факт Потери за отчётный период Псковский филиал' is: '47 090'

16-05-2025T12:03:10 - [MESSAGE][PASSED] - Text of object 'Object Repository/Выполнение бизнес-плана/Значения со страницы Выполнение бизнес-плана/Факт Потери за отчётный период Псковский филиал' is: '47 090'

16-05-2025T12:03:10 - [TEST_STEP][PASSED] - if (page == "" || page == null): null

16-05-2025T12:03:10 - [TEST_STEP][PASSED] - else: null

16-05-2025T12:03:10 - [TEST_STEP][PASSED] - page = page.replaceAll("\s+", ""): null

16-05-2025T12:03:10 - [TEST_STEP][PASSED] - if (page == "undefined"): null

16-05-2025T12:03:10 - [TEST_STEP][PASSED] - filePoteri = poteri.toInteger(): null

16-05-2025T12:03:10 - [TEST_STEP][PASSED] - pagePoteri = page.toInteger(): null

16-05-2025T12:03:10 - [TEST_STEP][PASSED] - compare = pageOtpuskVSet: null

16-05-2025T12:03:10 - [TEST_STEP][PASSED] - if (pageOtpuskVSet != null): null

16-05-2025T12:03:10 - [TEST_STEP][PASSED] - if (compare == fileOtpuskVSet): null

16-05-2025T12:03:10 - [TEST_STEP][PASSED] - else if (compare > fileOtpuskVSet): null

16-05-2025T12:03:10 - [TEST_STEP][PASSED] - else if (compare < fileOtpuskVSet): null

16-05-2025T12:03:10 - [TEST_STEP][PASSED] - compare = compare + 1: null

16-05-2025T12:03:10 - [TEST_STEP][PASSED] - if (compare == fileOtpuskVSet): null

16-05-2025T12:03:10 - [TEST_STEP][PASSED] - else: null

16-05-2025T12:03:10 - [TEST_STEP][PASSED] - numberOfErrors = numberOfErrors + 1: null

16-05-2025T12:03:10 - [TEST_STEP][PASSED] - pageInt = pageOtpuskVSet: null

16-05-2025T12:03:10 - [TEST_STEP][PASSED] - fileInt = fileOtpuskVSet: null

16-05-2025T12:03:10 - [TEST_STEP][PASSED] - typeOfData = typeOfDataMain + " Отпуск в сеть": null

16-05-2025T12:03:10 - [TEST_STEP][PASSED] - Script1718980020443.WriteToExcel(a, typeOfData, todaysDate, pageInt, fileInt, pageDouble, fileDouble, dZO): null

16-05-2025T12:03:10 - [TEST_STEP][PASSED] - sheetName = "Sheet1": null

16-05-2025T12:03:10 - [TEST_STEP][PASSED] - data = findTestData("PlanFact"): null

16-05-2025T12:03:10 - [TEST_STEP][PASSED] - n = data.getRowNumbers() + 1: null

16-05-2025T12:03:10 - [TEST_STEP][PASSED] - day = ")).toInteger(): null

16-05-2025T12:03:10 - [TEST_STEP][PASSED] - println(day): null

16-05-2025T12:03:10 - [TEST_STEP][PASSED] - month = ")).toInteger(): null

16-05-2025T12:03:10 - [TEST_STEP][PASSED] - println(month): null

16-05-2025T12:03:10 - [TEST_STEP][PASSED] - y = <not implemented yet for class: org.codehaus.groovy.ast.expr.EmptyExpression>: null

16-05-2025T12:03:10 - [TEST_STEP][PASSED] - iy = <not implemented yet for class: org.codehaus.groovy.ast.expr.EmptyExpression>: null

16-05-2025T12:03:10 - [TEST_STEP][PASSED] - m = getText(findTestObject("Выполнение бизнес-плана/Период")): Text of object 'Object Repository/Выполнение бизнес-плана/Период' is: '1 кв. 2025 года'

16-05-2025T12:03:10 - [MESSAGE][PASSED] - Text of object 'Object Repository/Выполнение бизнес-плана/Период' is: '1 кв. 2025 года'

16-05-2025T12:03:10 - [TEST_STEP][PASSED] - iy = m.indexOf("20"): null

16-05-2025T12:03:10 - [TEST_STEP][PASSED] - if (iy > -1): null

16-05-2025T12:03:10 - [TEST_STEP][PASSED] - y = substring(iy, iy + 4).toInteger(): null

16-05-2025T12:03:10 - [TEST_STEP][PASSED] - println(y): null

16-05-2025T12:03:10 - [TEST_STEP][PASSED] - if (toString().length() == 4): null

16-05-2025T12:03:10 - [TEST_STEP][PASSED] - m = m.substring(0, m.indexOf(y.toString())): null

16-05-2025T12:03:10 - [TEST_STEP][PASSED] - m = m.trim(): null

16-05-2025T12:03:10 - [TEST_STEP][PASSED] - if (m == ""): null

16-05-2025T12:03:10 - [TEST_STEP][PASSED] - dashboardName = "Выполнение бизнес-плана": null

16-05-2025T12:03:10 - [TEST_STEP][PASSED] - workbook01 = getWorkbook(excelFilePath): null

16-05-2025T12:03:10 - [TEST_STEP][PASSED] - sheet01 = getExcelSheet(workbook01, sheetName): null

16-05-2025T12:03:10 - [TEST_STEP][PASSED] - setValueToCellByIndex(sheet01, n, 0, dashboardName): null

16-05-2025T12:03:10 - [TEST_STEP][PASSED] - setValueToCellByIndex(sheet01, n, 1, dZO): null

16-05-2025T12:03:10 - [TEST_STEP][PASSED] - setValueToCellByIndex(sheet01, n, 2, typeOfData): null

16-05-2025T12:03:10 - [TEST_STEP][PASSED] - if (typeOfData == "Факт в процентах" || typeOfData == "План в процентах"): null

16-05-2025T12:03:10 - [TEST_STEP][PASSED] - else: null

16-05-2025T12:03:10 - [TEST_STEP][PASSED] - setValueToCellByIndex(sheet01, n, 3, fileInt): null

16-05-2025T12:03:10 - [TEST_STEP][PASSED] - setValueToCellByIndex(sheet01, n, 4, pageInt): null

16-05-2025T12:03:10 - [TEST_STEP][PASSED] - setValueToCellByIndex(sheet01, n, 5, m): null

16-05-2025T12:03:10 - [TEST_STEP][PASSED] - setValueToCellByIndex(sheet01, n, 6, y): null

16-05-2025T12:03:10 - [TEST_STEP][PASSED] - setValueToCellByIndex(sheet01, n, 7, todaysDate): null

16-05-2025T12:03:10 - [TEST_STEP][PASSED] - n = n + 1: null

16-05-2025T12:03:10 - [TEST_STEP][PASSED] - saveWorkbook(excelFilePath, workbook01): null

16-05-2025T12:03:10 - [TEST_STEP][PASSED] - compare = pagePoteri: null

16-05-2025T12:03:10 - [TEST_STEP][PASSED] - if (pageOtpuskVSet != null): null

16-05-2025T12:03:10 - [TEST_STEP][PASSED] - if (compare == filePoteri): null

16-05-2025T12:03:10 - [TEST_STEP][PASSED] - else if (compare > filePoteri): null

16-05-2025T12:03:10 - [TEST_STEP][PASSED] - else if (compare < filePoteri): null

16-05-2025T12:03:10 - [TEST_STEP][PASSED] - compare = compare + 1: null

16-05-2025T12:03:10 - [TEST_STEP][PASSED] - if (compare == filePoteri): null

16-05-2025T12:03:10 - [TEST_STEP][PASSED] - else: null

16-05-2025T12:03:10 - [TEST_STEP][PASSED] - numberOfErrors = numberOfErrors + 1: null

16-05-2025T12:03:10 - [TEST_STEP][PASSED] - pageInt = pagePoteri: null

16-05-2025T12:03:10 - [TEST_STEP][PASSED] - fileInt = filePoteri: null

16-05-2025T12:03:10 - [TEST_STEP][PASSED] - typeOfData = typeOfDataMain + " Потери": null

16-05-2025T12:03:10 - [TEST_STEP][PASSED] - Script1718980020443.WriteToExcel(a, typeOfData, todaysDate, pageInt, fileInt, pageDouble, fileDouble, dZO): null

16-05-2025T12:03:10 - [TEST_STEP][PASSED] - sheetName = "Sheet1": null

16-05-2025T12:03:10 - [TEST_STEP][PASSED] - data = findTestData("PlanFact"): null

16-05-2025T12:03:10 - [TEST_STEP][PASSED] - n = data.getRowNumbers() + 1: null

16-05-2025T12:03:10 - [TEST_STEP][PASSED] - day = ")).toInteger(): null

16-05-2025T12:03:10 - [TEST_STEP][PASSED] - println(day): null

16-05-2025T12:03:10 - [TEST_STEP][PASSED] - month = ")).toInteger(): null

16-05-2025T12:03:10 - [TEST_STEP][PASSED] - println(month): null

16-05-2025T12:03:10 - [TEST_STEP][PASSED] - y = <not implemented yet for class: org.codehaus.groovy.ast.expr.EmptyExpression>: null

16-05-2025T12:03:10 - [TEST_STEP][PASSED] - iy = <not implemented yet for class: org.codehaus.groovy.ast.expr.EmptyExpression>: null

16-05-2025T12:03:10 - [TEST_STEP][PASSED] - m = getText(findTestObject("Выполнение бизнес-плана/Период")): Text of object 'Object Repository/Выполнение бизнес-плана/Период' is: '1 кв. 2025 года'

16-05-2025T12:03:11 - [MESSAGE][PASSED] - Text of object 'Object Repository/Выполнение бизнес-плана/Период' is: '1 кв. 2025 года'

16-05-2025T12:03:11 - [TEST_STEP][PASSED] - iy = m.indexOf("20"): null

16-05-2025T12:03:11 - [TEST_STEP][PASSED] - if (iy > -1): null

16-05-2025T12:03:11 - [TEST_STEP][PASSED] - y = substring(iy, iy + 4).toInteger(): null

16-05-2025T12:03:11 - [TEST_STEP][PASSED] - println(y): null

16-05-2025T12:03:11 - [TEST_STEP][PASSED] - if (toString().length() == 4): null

16-05-2025T12:03:11 - [TEST_STEP][PASSED] - m = m.substring(0, m.indexOf(y.toString())): null

16-05-2025T12:03:11 - [TEST_STEP][PASSED] - m = m.trim(): null

16-05-2025T12:03:11 - [TEST_STEP][PASSED] - if (m == ""): null

16-05-2025T12:03:11 - [TEST_STEP][PASSED] - dashboardName = "Выполнение бизнес-плана": null

16-05-2025T12:03:11 - [TEST_STEP][PASSED] - workbook01 = getWorkbook(excelFilePath): null

16-05-2025T12:03:11 - [TEST_STEP][PASSED] - sheet01 = getExcelSheet(workbook01, sheetName): null

16-05-2025T12:03:11 - [TEST_STEP][PASSED] - setValueToCellByIndex(sheet01, n, 0, dashboardName): null

16-05-2025T12:03:11 - [TEST_STEP][PASSED] - setValueToCellByIndex(sheet01, n, 1, dZO): null

16-05-2025T12:03:11 - [TEST_STEP][PASSED] - setValueToCellByIndex(sheet01, n, 2, typeOfData): null

16-05-2025T12:03:11 - [TEST_STEP][PASSED] - if (typeOfData == "Факт в процентах" || typeOfData == "План в процентах"): null

16-05-2025T12:03:11 - [TEST_STEP][PASSED] - else: null

16-05-2025T12:03:11 - [TEST_STEP][PASSED] - setValueToCellByIndex(sheet01, n, 3, fileInt): null

16-05-2025T12:03:11 - [TEST_STEP][PASSED] - setValueToCellByIndex(sheet01, n, 4, pageInt): null

16-05-2025T12:03:11 - [TEST_STEP][PASSED] - setValueToCellByIndex(sheet01, n, 5, m): null

16-05-2025T12:03:11 - [TEST_STEP][PASSED] - setValueToCellByIndex(sheet01, n, 6, y): null

16-05-2025T12:03:11 - [TEST_STEP][PASSED] - setValueToCellByIndex(sheet01, n, 7, todaysDate): null

16-05-2025T12:03:11 - [TEST_STEP][PASSED] - n = n + 1: null

16-05-2025T12:03:11 - [TEST_STEP][PASSED] - saveWorkbook(excelFilePath, workbook01): null

16-05-2025T12:03:11 - [TEST_STEP][PASSED] - if (planFact == 2): null

16-05-2025T12:03:11 - [TEST_STEP][PASSED] - if (planFact == 1): null

16-05-2025T12:03:11 - [TEST_STEP][PASSED] - else if (planFact == 2): null

16-05-2025T12:03:11 - [TEST_STEP][PASSED] - click(findTestObject("Выполнение бизнес-плана/Кнопка План")): Object: 'Object Repository/Выполнение бизнес-плана/Кнопка План' is clicked on

16-05-2025T12:03:11 - [MESSAGE][PASSED] - Object: 'Object Repository/Выполнение бизнес-плана/Кнопка План' is clicked on

16-05-2025T12:03:11 - [TEST_STEP][PASSED] - typeOfDataMain = "План": null

16-05-2025T12:03:11 - [TEST_STEP][PASSED] - otpusk = findTestData("PlanFact").getValue(2, a): null

16-05-2025T12:03:11 - [TEST_STEP][PASSED] - poteri = findTestData("PlanFact").getValue(3, a): null

16-05-2025T12:03:11 - [TEST_STEP][PASSED] - otpusk = otpusk.replaceAll("\s+", ""): null

16-05-2025T12:03:11 - [TEST_STEP][PASSED] - poteri = poteri.replaceAll("\s+", ""): null

16-05-2025T12:03:11 - [TEST_STEP][PASSED] - typeOfData = typeOfDataMain + " Отпуск в сеть": null

16-05-2025T12:03:11 - [TEST_STEP][PASSED] - if (a == 82): null

16-05-2025T12:03:11 - [TEST_STEP][PASSED] - else if (a == 84): null

16-05-2025T12:03:11 - [TEST_STEP][PASSED] - else if (a == 83 || a == 52 || a == 72 || a == 28 || a == 73 || a == 77 || a == 74 || a == 65 || a == 36 || a == 44 || a == 53 || a == 80 || a == 54 || a == 1 || a == 18 || a == 59 || a == 81): null

16-05-2025T12:03:11 - [TEST_STEP][PASSED] - else: null

16-05-2025T12:03:11 - [TEST_STEP][PASSED] - path = dataFolder + typeOfData + " за отчётный период " + b: null

16-05-2025T12:03:11 - [TEST_STEP][PASSED] - println(path): null

16-05-2025T12:03:11 - [TEST_STEP][PASSED] - page = getText(findTestObject(path)): Text of object 'Object Repository/Выполнение бизнес-плана/Значения со страницы Выполнение бизнес-плана/План Отпуск в сеть за отчётный период Псковский филиал' is: '463 130'

16-05-2025T12:03:12 - [MESSAGE][PASSED] - Text of object 'Object Repository/Выполнение бизнес-плана/Значения со страницы Выполнение бизнес-плана/План Отпуск в сеть за отчётный период Псковский филиал' is: '463 130'

16-05-2025T12:03:12 - [TEST_STEP][PASSED] - if (page == "" || page == null): null

16-05-2025T12:03:12 - [TEST_STEP][PASSED] - else: null

16-05-2025T12:03:12 - [TEST_STEP][PASSED] - page = page.replaceAll("\s+", ""): null

16-05-2025T12:03:12 - [TEST_STEP][PASSED] - if (page == "undefined"): null

16-05-2025T12:03:12 - [TEST_STEP][PASSED] - fileOtpuskVSet = otpusk.toInteger(): null

16-05-2025T12:03:12 - [TEST_STEP][PASSED] - pageOtpuskVSet = page.toInteger(): null

16-05-2025T12:03:12 - [TEST_STEP][PASSED] - typeOfData = typeOfDataMain + " Потери": null

16-05-2025T12:03:12 - [TEST_STEP][PASSED] - if (a == 82): null

16-05-2025T12:03:12 - [TEST_STEP][PASSED] - else if (a == 84): null

16-05-2025T12:03:12 - [TEST_STEP][PASSED] - else if (a == 83 || a == 52 || a == 72 || a == 28 || a == 73 || a == 77 || a == 74 || a == 65 || a == 36 || a == 44 || a == 53 || a == 80 || a == 54 || a == 1 || a == 18 || a == 59 || a == 81): null

16-05-2025T12:03:12 - [TEST_STEP][PASSED] - else: null

16-05-2025T12:03:12 - [TEST_STEP][PASSED] - path = dataFolder + typeOfData + " за отчётный период " + b: null

16-05-2025T12:03:12 - [TEST_STEP][PASSED] - page = getText(findTestObject(path)): Text of object 'Object Repository/Выполнение бизнес-плана/Значения со страницы Выполнение бизнес-плана/План Потери за отчётный период Псковский филиал' is: '56 534'

16-05-2025T12:03:12 - [MESSAGE][PASSED] - Text of object 'Object Repository/Выполнение бизнес-плана/Значения со страницы Выполнение бизнес-плана/План Потери за отчётный период Псковский филиал' is: '56 534'

16-05-2025T12:03:12 - [TEST_STEP][PASSED] - if (page == "" || page == null): null

16-05-2025T12:03:12 - [TEST_STEP][PASSED] - else: null

16-05-2025T12:03:12 - [TEST_STEP][PASSED] - page = page.replaceAll("\s+", ""): null

16-05-2025T12:03:12 - [TEST_STEP][PASSED] - if (page == "undefined"): null

16-05-2025T12:03:12 - [TEST_STEP][PASSED] - filePoteri = poteri.toInteger(): null

16-05-2025T12:03:12 - [TEST_STEP][PASSED] - pagePoteri = page.toInteger(): null

16-05-2025T12:03:12 - [TEST_STEP][PASSED] - compare = pageOtpuskVSet: null

16-05-2025T12:03:12 - [TEST_STEP][PASSED] - if (pageOtpuskVSet != null): null

16-05-2025T12:03:12 - [TEST_STEP][PASSED] - if (compare == fileOtpuskVSet): null

16-05-2025T12:03:12 - [TEST_STEP][PASSED] - else if (compare > fileOtpuskVSet): null

16-05-2025T12:03:12 - [TEST_STEP][PASSED] - else if (compare < fileOtpuskVSet): null

16-05-2025T12:03:12 - [TEST_STEP][PASSED] - compare = compare + 1: null

16-05-2025T12:03:12 - [TEST_STEP][PASSED] - if (compare == fileOtpuskVSet): null

16-05-2025T12:03:12 - [TEST_STEP][PASSED] - else: null

16-05-2025T12:03:12 - [TEST_STEP][PASSED] - numberOfErrors = numberOfErrors + 1: null

16-05-2025T12:03:12 - [TEST_STEP][PASSED] - pageInt = pageOtpuskVSet: null

16-05-2025T12:03:12 - [TEST_STEP][PASSED] - fileInt = fileOtpuskVSet: null

16-05-2025T12:03:12 - [TEST_STEP][PASSED] - typeOfData = typeOfDataMain + " Отпуск в сеть": null

16-05-2025T12:03:12 - [TEST_STEP][PASSED] - Script1718980020443.WriteToExcel(a, typeOfData, todaysDate, pageInt, fileInt, pageDouble, fileDouble, dZO): null

16-05-2025T12:03:12 - [TEST_STEP][PASSED] - sheetName = "Sheet1": null

16-05-2025T12:03:12 - [TEST_STEP][PASSED] - data = findTestData("PlanFact"): null

16-05-2025T12:03:12 - [TEST_STEP][PASSED] - n = data.getRowNumbers() + 1: null

16-05-2025T12:03:12 - [TEST_STEP][PASSED] - day = ")).toInteger(): null

16-05-2025T12:03:12 - [TEST_STEP][PASSED] - println(day): null

16-05-2025T12:03:12 - [TEST_STEP][PASSED] - month = ")).toInteger(): null

16-05-2025T12:03:12 - [TEST_STEP][PASSED] - println(month): null

16-05-2025T12:03:12 - [TEST_STEP][PASSED] - y = <not implemented yet for class: org.codehaus.groovy.ast.expr.EmptyExpression>: null

16-05-2025T12:03:12 - [TEST_STEP][PASSED] - iy = <not implemented yet for class: org.codehaus.groovy.ast.expr.EmptyExpression>: null

16-05-2025T12:03:12 - [TEST_STEP][PASSED] - m = getText(findTestObject("Выполнение бизнес-плана/Период")): Text of object 'Object Repository/Выполнение бизнес-плана/Период' is: '1 кв. 2025 года'

16-05-2025T12:03:12 - [MESSAGE][PASSED] - Text of object 'Object Repository/Выполнение бизнес-плана/Период' is: '1 кв. 2025 года'

16-05-2025T12:03:12 - [TEST_STEP][PASSED] - iy = m.indexOf("20"): null

16-05-2025T12:03:12 - [TEST_STEP][PASSED] - if (iy > -1): null

16-05-2025T12:03:12 - [TEST_STEP][PASSED] - y = substring(iy, iy + 4).toInteger(): null

16-05-2025T12:03:12 - [TEST_STEP][PASSED] - println(y): null

16-05-2025T12:03:12 - [TEST_STEP][PASSED] - if (toString().length() == 4): null

16-05-2025T12:03:12 - [TEST_STEP][PASSED] - m = m.substring(0, m.indexOf(y.toString())): null

16-05-2025T12:03:12 - [TEST_STEP][PASSED] - m = m.trim(): null

16-05-2025T12:03:12 - [TEST_STEP][PASSED] - if (m == ""): null

16-05-2025T12:03:12 - [TEST_STEP][PASSED] - dashboardName = "Выполнение бизнес-плана": null

16-05-2025T12:03:12 - [TEST_STEP][PASSED] - workbook01 = getWorkbook(excelFilePath): null

16-05-2025T12:03:12 - [TEST_STEP][PASSED] - sheet01 = getExcelSheet(workbook01, sheetName): null

16-05-2025T12:03:12 - [TEST_STEP][PASSED] - setValueToCellByIndex(sheet01, n, 0, dashboardName): null

16-05-2025T12:03:12 - [TEST_STEP][PASSED] - setValueToCellByIndex(sheet01, n, 1, dZO): null

16-05-2025T12:03:12 - [TEST_STEP][PASSED] - setValueToCellByIndex(sheet01, n, 2, typeOfData): null

16-05-2025T12:03:12 - [TEST_STEP][PASSED] - if (typeOfData == "Факт в процентах" || typeOfData == "План в процентах"): null

16-05-2025T12:03:12 - [TEST_STEP][PASSED] - else: null

16-05-2025T12:03:12 - [TEST_STEP][PASSED] - setValueToCellByIndex(sheet01, n, 3, fileInt): null

16-05-2025T12:03:12 - [TEST_STEP][PASSED] - setValueToCellByIndex(sheet01, n, 4, pageInt): null

16-05-2025T12:03:12 - [TEST_STEP][PASSED] - setValueToCellByIndex(sheet01, n, 5, m): null

16-05-2025T12:03:12 - [TEST_STEP][PASSED] - setValueToCellByIndex(sheet01, n, 6, y): null

16-05-2025T12:03:12 - [TEST_STEP][PASSED] - setValueToCellByIndex(sheet01, n, 7, todaysDate): null

16-05-2025T12:03:12 - [TEST_STEP][PASSED] - n = n + 1: null

16-05-2025T12:03:12 - [TEST_STEP][PASSED] - saveWorkbook(excelFilePath, workbook01): null

16-05-2025T12:03:13 - [TEST_STEP][PASSED] - compare = pagePoteri: null

16-05-2025T12:03:13 - [TEST_STEP][PASSED] - if (pageOtpuskVSet != null): null

16-05-2025T12:03:13 - [TEST_STEP][PASSED] - if (compare == filePoteri): null

16-05-2025T12:03:13 - [TEST_STEP][PASSED] - else if (compare > filePoteri): null

16-05-2025T12:03:13 - [TEST_STEP][PASSED] - else if (compare < filePoteri): null

16-05-2025T12:03:13 - [TEST_STEP][PASSED] - compare = compare + 1: null

16-05-2025T12:03:13 - [TEST_STEP][PASSED] - if (compare == filePoteri): null

16-05-2025T12:03:13 - [TEST_STEP][PASSED] - else: null

16-05-2025T12:03:13 - [TEST_STEP][PASSED] - numberOfErrors = numberOfErrors + 1: null

16-05-2025T12:03:13 - [TEST_STEP][PASSED] - pageInt = pagePoteri: null

16-05-2025T12:03:13 - [TEST_STEP][PASSED] - fileInt = filePoteri: null

16-05-2025T12:03:13 - [TEST_STEP][PASSED] - typeOfData = typeOfDataMain + " Потери": null

16-05-2025T12:03:13 - [TEST_STEP][PASSED] - Script1718980020443.WriteToExcel(a, typeOfData, todaysDate, pageInt, fileInt, pageDouble, fileDouble, dZO): null

16-05-2025T12:03:13 - [TEST_STEP][PASSED] - sheetName = "Sheet1": null

16-05-2025T12:03:13 - [TEST_STEP][PASSED] - data = findTestData("PlanFact"): null

16-05-2025T12:03:13 - [TEST_STEP][PASSED] - n = data.getRowNumbers() + 1: null

16-05-2025T12:03:13 - [TEST_STEP][PASSED] - day = ")).toInteger(): null

16-05-2025T12:03:13 - [TEST_STEP][PASSED] - println(day): null

16-05-2025T12:03:13 - [TEST_STEP][PASSED] - month = ")).toInteger(): null

16-05-2025T12:03:13 - [TEST_STEP][PASSED] - println(month): null

16-05-2025T12:03:13 - [TEST_STEP][PASSED] - y = <not implemented yet for class: org.codehaus.groovy.ast.expr.EmptyExpression>: null

16-05-2025T12:03:13 - [TEST_STEP][PASSED] - iy = <not implemented yet for class: org.codehaus.groovy.ast.expr.EmptyExpression>: null

16-05-2025T12:03:13 - [TEST_STEP][PASSED] - m = getText(findTestObject("Выполнение бизнес-плана/Период")): Text of object 'Object Repository/Выполнение бизнес-плана/Период' is: '1 кв. 2025 года'

16-05-2025T12:03:13 - [MESSAGE][PASSED] - Text of object 'Object Repository/Выполнение бизнес-плана/Период' is: '1 кв. 2025 года'

16-05-2025T12:03:13 - [TEST_STEP][PASSED] - iy = m.indexOf("20"): null

16-05-2025T12:03:13 - [TEST_STEP][PASSED] - if (iy > -1): null

16-05-2025T12:03:13 - [TEST_STEP][PASSED] - y = substring(iy, iy + 4).toInteger(): null

16-05-2025T12:03:13 - [TEST_STEP][PASSED] - println(y): null

16-05-2025T12:03:13 - [TEST_STEP][PASSED] - if (toString().length() == 4): null

16-05-2025T12:03:13 - [TEST_STEP][PASSED] - m = m.substring(0, m.indexOf(y.toString())): null

16-05-2025T12:03:13 - [TEST_STEP][PASSED] - m = m.trim(): null

16-05-2025T12:03:13 - [TEST_STEP][PASSED] - if (m == ""): null

16-05-2025T12:03:13 - [TEST_STEP][PASSED] - dashboardName = "Выполнение бизнес-плана": null

16-05-2025T12:03:13 - [TEST_STEP][PASSED] - workbook01 = getWorkbook(excelFilePath): null

16-05-2025T12:03:13 - [TEST_STEP][PASSED] - sheet01 = getExcelSheet(workbook01, sheetName): null

16-05-2025T12:03:13 - [TEST_STEP][PASSED] - setValueToCellByIndex(sheet01, n, 0, dashboardName): null

16-05-2025T12:03:13 - [TEST_STEP][PASSED] - setValueToCellByIndex(sheet01, n, 1, dZO): null

16-05-2025T12:03:13 - [TEST_STEP][PASSED] - setValueToCellByIndex(sheet01, n, 2, typeOfData): null

16-05-2025T12:03:13 - [TEST_STEP][PASSED] - if (typeOfData == "Факт в процентах" || typeOfData == "План в процентах"): null

16-05-2025T12:03:13 - [TEST_STEP][PASSED] - else: null

16-05-2025T12:03:13 - [TEST_STEP][PASSED] - setValueToCellByIndex(sheet01, n, 3, fileInt): null

16-05-2025T12:03:13 - [TEST_STEP][PASSED] - setValueToCellByIndex(sheet01, n, 4, pageInt): null

16-05-2025T12:03:13 - [TEST_STEP][PASSED] - setValueToCellByIndex(sheet01, n, 5, m): null

16-05-2025T12:03:13 - [TEST_STEP][PASSED] - setValueToCellByIndex(sheet01, n, 6, y): null

16-05-2025T12:03:13 - [TEST_STEP][PASSED] - setValueToCellByIndex(sheet01, n, 7, todaysDate): null

16-05-2025T12:03:13 - [TEST_STEP][PASSED] - n = n + 1: null

16-05-2025T12:03:13 - [TEST_STEP][PASSED] - saveWorkbook(excelFilePath, workbook01): Object: 'Object Repository/Выполнение бизнес-плана/Кнопка Факт' is clicked on

16-05-2025T12:03:13 - [TEST_STEP][PASSED] - if (planFact == 2): Object: 'Object Repository/Выполнение бизнес-плана/Кнопка Факт' is clicked on

16-05-2025T12:03:13 - [TEST_STEP][PASSED] - click(findTestObject("Выполнение бизнес-плана/Кнопка Факт")): Object: 'Object Repository/Выполнение бизнес-плана/Кнопка Факт' is clicked on

16-05-2025T12:03:14 - [MESSAGE][PASSED] - Object: 'Object Repository/Выполнение бизнес-плана/Кнопка Факт' is clicked on

16-05-2025T12:03:14 - [TEST_STEP][PASSED] - println("a=" + a): null

16-05-2025T12:03:14 - [TEST_STEP][PASSED] - if (a == 84 || a == 82): null

16-05-2025T12:03:14 - [TEST_STEP][PASSED] - else if (a == 83 || a == 52 || a == 72 || a == 28 || a == 73 || a == 77 || a == 74 || a == 65 || a == 36 || a == 44 || a == 53 || a == 80 || a == 54 || a == 1 || a == 18 || a == 59 || a == 81): null

16-05-2025T12:03:14 - [TEST_STEP][PASSED] - else: null

16-05-2025T12:03:14 - [TEST_STEP][PASSED] - page1 = getText(findTestObject("Object Repository/Выполнение бизнес-плана/spanPlan" + filialNum)): Text of object 'Object Repository/Выполнение бизнес-плана/spanPlan6' is: '12.21
|'

16-05-2025T12:03:14 - [MESSAGE][PASSED] - Text of object 'Object Repository/Выполнение бизнес-плана/spanPlan6' is: '12.21
|'

16-05-2025T12:03:14 - [TEST_STEP][PASSED] - page1 = page1.replace("|", ""): null

16-05-2025T12:03:14 - [TEST_STEP][PASSED] - page2 = getText(findTestObject("Object Repository/Выполнение бизнес-плана/spanFact" + filialNum)): Text of object 'Object Repository/Выполнение бизнес-плана/spanFact6' is: '10.72
|'

16-05-2025T12:03:14 - [MESSAGE][PASSED] - Text of object 'Object Repository/Выполнение бизнес-плана/spanFact6' is: '10.72
|'

16-05-2025T12:03:14 - [TEST_STEP][PASSED] - page2 = page2.replace("|", ""): null

16-05-2025T12:03:14 - [TEST_STEP][PASSED] - println("page1: " + page1): null

16-05-2025T12:03:14 - [TEST_STEP][PASSED] - println("page2: " + page2): null

16-05-2025T12:03:14 - [TEST_STEP][PASSED] - file = findTestData("PlanFact").getValue(4, a): null

16-05-2025T12:03:14 - [TEST_STEP][PASSED] - file = file.replace(",", "."): null

16-05-2025T12:03:14 - [TEST_STEP][PASSED] - println("file Plan: " + file): null

16-05-2025T12:03:14 - [TEST_STEP][PASSED] - typeOfData = "План в процентах": null

16-05-2025T12:03:14 - [TEST_STEP][PASSED] - fileDouble = file.toDouble(): null

16-05-2025T12:03:14 - [TEST_STEP][PASSED] - pageDouble = page1.toDouble(): null

16-05-2025T12:03:14 - [TEST_STEP][PASSED] - if (fileDouble != pageDouble): null

16-05-2025T12:03:14 - [TEST_STEP][PASSED] - numberOfErrors = numberOfErrors + 1: null

16-05-2025T12:03:14 - [TEST_STEP][PASSED] - Script1718980020443.WriteToExcel(a, typeOfData, todaysDate, pageInt, fileInt, pageDouble, fileDouble, dZO): null

16-05-2025T12:03:14 - [TEST_STEP][PASSED] - sheetName = "Sheet1": null

16-05-2025T12:03:14 - [TEST_STEP][PASSED] - data = findTestData("PlanFact"): null

16-05-2025T12:03:14 - [TEST_STEP][PASSED] - n = data.getRowNumbers() + 1: null

16-05-2025T12:03:14 - [TEST_STEP][PASSED] - day = ")).toInteger(): null

16-05-2025T12:03:14 - [TEST_STEP][PASSED] - println(day): null

16-05-2025T12:03:14 - [TEST_STEP][PASSED] - month = ")).toInteger(): null

16-05-2025T12:03:14 - [TEST_STEP][PASSED] - println(month): null

16-05-2025T12:03:14 - [TEST_STEP][PASSED] - y = <not implemented yet for class: org.codehaus.groovy.ast.expr.EmptyExpression>: null

16-05-2025T12:03:14 - [TEST_STEP][PASSED] - iy = <not implemented yet for class: org.codehaus.groovy.ast.expr.EmptyExpression>: null

16-05-2025T12:03:14 - [TEST_STEP][PASSED] - m = getText(findTestObject("Выполнение бизнес-плана/Период")): Text of object 'Object Repository/Выполнение бизнес-плана/Период' is: '1 кв. 2025 года'

16-05-2025T12:03:15 - [MESSAGE][PASSED] - Text of object 'Object Repository/Выполнение бизнес-плана/Период' is: '1 кв. 2025 года'

16-05-2025T12:03:15 - [TEST_STEP][PASSED] - iy = m.indexOf("20"): null

16-05-2025T12:03:15 - [TEST_STEP][PASSED] - if (iy > -1): null

16-05-2025T12:03:15 - [TEST_STEP][PASSED] - y = substring(iy, iy + 4).toInteger(): null

16-05-2025T12:03:15 - [TEST_STEP][PASSED] - println(y): null

16-05-2025T12:03:15 - [TEST_STEP][PASSED] - if (toString().length() == 4): null

16-05-2025T12:03:15 - [TEST_STEP][PASSED] - m = m.substring(0, m.indexOf(y.toString())): null

16-05-2025T12:03:15 - [TEST_STEP][PASSED] - m = m.trim(): null

16-05-2025T12:03:15 - [TEST_STEP][PASSED] - if (m == ""): null

16-05-2025T12:03:15 - [TEST_STEP][PASSED] - dashboardName = "Выполнение бизнес-плана": null

16-05-2025T12:03:15 - [TEST_STEP][PASSED] - workbook01 = getWorkbook(excelFilePath): null

16-05-2025T12:03:15 - [TEST_STEP][PASSED] - sheet01 = getExcelSheet(workbook01, sheetName): null

16-05-2025T12:03:15 - [TEST_STEP][PASSED] - setValueToCellByIndex(sheet01, n, 0, dashboardName): null

16-05-2025T12:03:15 - [TEST_STEP][PASSED] - setValueToCellByIndex(sheet01, n, 1, dZO): null

16-05-2025T12:03:15 - [TEST_STEP][PASSED] - setValueToCellByIndex(sheet01, n, 2, typeOfData): null

16-05-2025T12:03:15 - [TEST_STEP][PASSED] - if (typeOfData == "Факт в процентах" || typeOfData == "План в процентах"): null

16-05-2025T12:03:15 - [TEST_STEP][PASSED] - setValueToCellByIndex(sheet01, n, 3, fileDouble): null

16-05-2025T12:03:15 - [TEST_STEP][PASSED] - setValueToCellByIndex(sheet01, n, 4, pageDouble): null

16-05-2025T12:03:15 - [TEST_STEP][PASSED] - setValueToCellByIndex(sheet01, n, 5, m): null

16-05-2025T12:03:15 - [TEST_STEP][PASSED] - setValueToCellByIndex(sheet01, n, 6, y): null

16-05-2025T12:03:15 - [TEST_STEP][PASSED] - setValueToCellByIndex(sheet01, n, 7, todaysDate): null

16-05-2025T12:03:15 - [TEST_STEP][PASSED] - n = n + 1: null

16-05-2025T12:03:15 - [TEST_STEP][PASSED] - saveWorkbook(excelFilePath, workbook01): null

16-05-2025T12:03:15 - [TEST_STEP][PASSED] - file = findTestData("PlanFact").getValue(7, a): null

16-05-2025T12:03:15 - [TEST_STEP][PASSED] - file = file.replace(",", "."): null

16-05-2025T12:03:15 - [TEST_STEP][PASSED] - println("file Fact: " + file): null

16-05-2025T12:03:15 - [TEST_STEP][PASSED] - fileDouble = file.toDouble(): null

16-05-2025T12:03:15 - [TEST_STEP][PASSED] - typeOfData = "Факт в процентах": null

16-05-2025T12:03:15 - [TEST_STEP][PASSED] - fileDouble = file.toDouble(): null

16-05-2025T12:03:15 - [TEST_STEP][PASSED] - pageDouble = page2.toDouble(): null

16-05-2025T12:03:15 - [TEST_STEP][PASSED] - if (fileDouble != pageDouble): null

16-05-2025T12:03:15 - [TEST_STEP][PASSED] - numberOfErrors = numberOfErrors + 1: null

16-05-2025T12:03:15 - [TEST_STEP][PASSED] - Script1718980020443.WriteToExcel(a, typeOfData, todaysDate, pageInt, fileInt, pageDouble, fileDouble, dZO): null

16-05-2025T12:03:15 - [TEST_STEP][PASSED] - sheetName = "Sheet1": null

16-05-2025T12:03:15 - [TEST_STEP][PASSED] - data = findTestData("PlanFact"): null

16-05-2025T12:03:15 - [TEST_STEP][PASSED] - n = data.getRowNumbers() + 1: null

16-05-2025T12:03:15 - [TEST_STEP][PASSED] - day = ")).toInteger(): null

16-05-2025T12:03:15 - [TEST_STEP][PASSED] - println(day): null

16-05-2025T12:03:15 - [TEST_STEP][PASSED] - month = ")).toInteger(): null

16-05-2025T12:03:15 - [TEST_STEP][PASSED] - println(month): null

16-05-2025T12:03:15 - [TEST_STEP][PASSED] - y = <not implemented yet for class: org.codehaus.groovy.ast.expr.EmptyExpression>: null

16-05-2025T12:03:15 - [TEST_STEP][PASSED] - iy = <not implemented yet for class: org.codehaus.groovy.ast.expr.EmptyExpression>: null

16-05-2025T12:03:15 - [TEST_STEP][PASSED] - m = getText(findTestObject("Выполнение бизнес-плана/Период")): Text of object 'Object Repository/Выполнение бизнес-плана/Период' is: '1 кв. 2025 года'

16-05-2025T12:03:15 - [MESSAGE][PASSED] - Text of object 'Object Repository/Выполнение бизнес-плана/Период' is: '1 кв. 2025 года'

16-05-2025T12:03:15 - [TEST_STEP][PASSED] - iy = m.indexOf("20"): null

16-05-2025T12:03:15 - [TEST_STEP][PASSED] - if (iy > -1): null

16-05-2025T12:03:15 - [TEST_STEP][PASSED] - y = substring(iy, iy + 4).toInteger(): null

16-05-2025T12:03:15 - [TEST_STEP][PASSED] - println(y): null

16-05-2025T12:03:15 - [TEST_STEP][PASSED] - if (toString().length() == 4): null

16-05-2025T12:03:15 - [TEST_STEP][PASSED] - m = m.substring(0, m.indexOf(y.toString())): null

16-05-2025T12:03:15 - [TEST_STEP][PASSED] - m = m.trim(): null

16-05-2025T12:03:15 - [TEST_STEP][PASSED] - if (m == ""): null

16-05-2025T12:03:15 - [TEST_STEP][PASSED] - dashboardName = "Выполнение бизнес-плана": null

16-05-2025T12:03:15 - [TEST_STEP][PASSED] - workbook01 = getWorkbook(excelFilePath): null

16-05-2025T12:03:15 - [TEST_STEP][PASSED] - sheet01 = getExcelSheet(workbook01, sheetName): null

16-05-2025T12:03:15 - [TEST_STEP][PASSED] - setValueToCellByIndex(sheet01, n, 0, dashboardName): null

16-05-2025T12:03:15 - [TEST_STEP][PASSED] - setValueToCellByIndex(sheet01, n, 1, dZO): null

16-05-2025T12:03:15 - [TEST_STEP][PASSED] - setValueToCellByIndex(sheet01, n, 2, typeOfData): null

16-05-2025T12:03:15 - [TEST_STEP][PASSED] - if (typeOfData == "Факт в процентах" || typeOfData == "План в процентах"): null

16-05-2025T12:03:15 - [TEST_STEP][PASSED] - setValueToCellByIndex(sheet01, n, 3, fileDouble): null

16-05-2025T12:03:15 - [TEST_STEP][PASSED] - setValueToCellByIndex(sheet01, n, 4, pageDouble): null

16-05-2025T12:03:15 - [TEST_STEP][PASSED] - setValueToCellByIndex(sheet01, n, 5, m): null

16-05-2025T12:03:15 - [TEST_STEP][PASSED] - setValueToCellByIndex(sheet01, n, 6, y): null

16-05-2025T12:03:15 - [TEST_STEP][PASSED] - setValueToCellByIndex(sheet01, n, 7, todaysDate): null

16-05-2025T12:03:15 - [TEST_STEP][PASSED] - n = n + 1: null

16-05-2025T12:03:15 - [TEST_STEP][PASSED] - saveWorkbook(excelFilePath, workbook01): null

16-05-2025T12:03:16 - [TEST_STEP][FAILED] - if (verifyEqual(numberOfErrors, 0) == false): null

16-05-2025T12:03:16 - [MESSAGE][FAILED] - Unable to verify equal between actual object '6' and expected object '0' (Root cause: com.kms.katalon.core.exception.StepFailedException: Actual object '6' and expected object '0' are not equal
	at com.kms.katalon.core.keyword.builtin.VerifyEqualKeyword$_verifyEqual_closure1.doCall(VerifyEqualKeyword.groovy:58)
	at com.kms.katalon.core.keyword.builtin.VerifyEqualKeyword$_verifyEqual_closure1.call(VerifyEqualKeyword.groovy)
	at com.kms.katalon.core.keyword.internal.KeywordMain.runKeyword(KeywordMain.groovy:75)
	at com.kms.katalon.core.keyword.builtin.VerifyEqualKeyword.verifyEqual(VerifyEqualKeyword.groovy:63)
	at com.kms.katalon.core.keyword.builtin.VerifyEqualKeyword.execute(VerifyEqualKeyword.groovy:44)
	at com.kms.katalon.core.keyword.internal.KeywordExecutor.executeKeywordForPlatform(KeywordExecutor.groovy:74)
	at com.kms.katalon.core.keyword.BuiltinKeywords.verifyEqual(BuiltinKeywords.groovy:146)
	at jdk.internal.reflect.GeneratedMethodAccessor24.invoke(Unknown Source)
	at java.base/jdk.internal.reflect.DelegatingMethodAccessorImpl.invoke(DelegatingMethodAccessorImpl.java:43)
	at Выполнение бизнес-плана Сверка ПАО Россети все филиалы.Numbers(Выполнение бизнес-плана Сверка ПАО Россети все филиалы:740)
	at Выполнение бизнес-плана Сверка ПАО Россети все филиалы.Filials(Выполнение бизнес-плана Сверка ПАО Россети все филиалы:1539)
	at Выполнение бизнес-плана Сверка ПАО Россети все филиалы.Numbers(Выполнение бизнес-плана Сверка ПАО Россети все филиалы:747)
	at Выполнение бизнес-плана Сверка ПАО Россети все филиалы.run(Выполнение бизнес-плана Сверка ПАО Россети все филиалы:297)
	at com.kms.katalon.core.main.ScriptEngine.run(ScriptEngine.java:194)
	at com.kms.katalon.core.main.ScriptEngine.runScriptAsRawText(ScriptEngine.java:119)
	at com.kms.katalon.core.main.TestCaseExecutor.runScript(TestCaseExecutor.java:448)
	at com.kms.katalon.core.main.TestCaseExecutor.doExecute(TestCaseExecutor.java:439)
	at com.kms.katalon.core.main.TestCaseExecutor.processExecutionPhase(TestCaseExecutor.java:418)
	at com.kms.katalon.core.main.TestCaseExecutor.accessMainPhase(TestCaseExecutor.java:410)
	at com.kms.katalon.core.main.TestCaseExecutor.execute(TestCaseExecutor.java:285)
	at com.kms.katalon.core.common.CommonExecutor.accessTestCaseMainPhase(CommonExecutor.java:65)
	at com.kms.katalon.core.main.TestSuiteExecutor.accessTestSuiteMainPhase(TestSuiteExecutor.java:150)
	at com.kms.katalon.core.main.TestSuiteExecutor.execute(TestSuiteExecutor.java:106)
	at com.kms.katalon.core.main.TestCaseMain.startTestSuite(TestCaseMain.java:180)
	at TempTestSuite1747369435659.run(TempTestSuite1747369435659.groovy:35)
	at java.base/jdk.internal.reflect.NativeMethodAccessorImpl.invoke0(Native Method)
	at java.base/jdk.internal.reflect.NativeMethodAccessorImpl.invoke(NativeMethodAccessorImpl.java:77)
	at java.base/jdk.internal.reflect.DelegatingMethodAccessorImpl.invoke(DelegatingMethodAccessorImpl.java:43)
)

16-05-2025T12:03:16 - [TEST_STEP][PASSED] - println(numberOfErrors): null

16-05-2025T12:03:16 - [TEST_STEP][PASSED] - println("a=" + a): null

16-05-2025T12:03:16 - [TEST_STEP][PASSED] - if (a == 28 || a == 77 || a == 74 || a == 65 || a == 36 || a == 44 || a == 54 || a == 1 || a == 18 || a == 59): null

16-05-2025T12:03:16 - [TEST_STEP][PASSED] - if (a == 82): null

16-05-2025T12:03:16 - [TEST_STEP][PASSED] - dZO = "филиал в Республике Коми": null

16-05-2025T12:03:16 - [TEST_STEP][PASSED] - a = 41: null

16-05-2025T12:03:16 - [TEST_STEP][PASSED] - if (x2.contains("Коми")): null

16-05-2025T12:03:16 - [TEST_STEP][PASSED] - filialNum = filialNum + 1: null

16-05-2025T12:03:16 - [TEST_STEP][PASSED] - Script1718980020443.Numbers(a, typeOfData, todaysDate, pageInt, fileInt, pageDouble, fileDouble, dZO, dzoNum, filialNum): null

16-05-2025T12:03:16 - [TEST_STEP][PASSED] - println(dzoNum): null

16-05-2025T12:03:16 - [TEST_STEP][PASSED] - planFact = <not implemented yet for class: org.codehaus.groovy.ast.expr.EmptyExpression>: null

16-05-2025T12:03:16 - [TEST_STEP][PASSED] - page = <not implemented yet for class: org.codehaus.groovy.ast.expr.EmptyExpression>: null

16-05-2025T12:03:16 - [TEST_STEP][PASSED] - page1 = <not implemented yet for class: org.codehaus.groovy.ast.expr.EmptyExpression>: null

16-05-2025T12:03:16 - [TEST_STEP][PASSED] - page2 = <not implemented yet for class: org.codehaus.groovy.ast.expr.EmptyExpression>: null

16-05-2025T12:03:16 - [TEST_STEP][PASSED] - filialNumberInRow = <not implemented yet for class: org.codehaus.groovy.ast.expr.EmptyExpression>: null

16-05-2025T12:03:16 - [TEST_STEP][PASSED] - filialsDzoNames = <not implemented yet for class: org.codehaus.groovy.ast.expr.EmptyExpression>: null

16-05-2025T12:03:16 - [TEST_STEP][PASSED] - numberOfFilials = <not implemented yet for class: org.codehaus.groovy.ast.expr.EmptyExpression>: null

16-05-2025T12:03:16 - [TEST_STEP][PASSED] - numberOfSpaces = <not implemented yet for class: org.codehaus.groovy.ast.expr.EmptyExpression>: null

16-05-2025T12:03:16 - [TEST_STEP][PASSED] - file = <not implemented yet for class: org.codehaus.groovy.ast.expr.EmptyExpression>: null

16-05-2025T12:03:16 - [TEST_STEP][PASSED] - otpusk = <not implemented yet for class: org.codehaus.groovy.ast.expr.EmptyExpression>: null

16-05-2025T12:03:16 - [TEST_STEP][PASSED] - poteri = <not implemented yet for class: org.codehaus.groovy.ast.expr.EmptyExpression>: null

16-05-2025T12:03:16 - [TEST_STEP][PASSED] - dataFolder = "Выполнение бизнес-плана/Значения со страницы Выполнение бизнес-плана/": null

16-05-2025T12:03:16 - [TEST_STEP][PASSED] - path = <not implemented yet for class: org.codehaus.groovy.ast.expr.EmptyExpression>: null

16-05-2025T12:03:16 - [TEST_STEP][PASSED] - typeOfDataMain = <not implemented yet for class: org.codehaus.groovy.ast.expr.EmptyExpression>: null

16-05-2025T12:03:16 - [TEST_STEP][PASSED] - fileOtpuskVSet = <not implemented yet for class: org.codehaus.groovy.ast.expr.EmptyExpression>: null

16-05-2025T12:03:16 - [TEST_STEP][PASSED] - pageOtpuskVSet = <not implemented yet for class: org.codehaus.groovy.ast.expr.EmptyExpression>: null

16-05-2025T12:03:16 - [TEST_STEP][PASSED] - filePoteri = <not implemented yet for class: org.codehaus.groovy.ast.expr.EmptyExpression>: null

16-05-2025T12:03:16 - [TEST_STEP][PASSED] - pagePoteri = <not implemented yet for class: org.codehaus.groovy.ast.expr.EmptyExpression>: null

16-05-2025T12:03:16 - [TEST_STEP][PASSED] - compare = <not implemented yet for class: org.codehaus.groovy.ast.expr.EmptyExpression>: null

16-05-2025T12:03:16 - [TEST_STEP][PASSED] - b = <not implemented yet for class: org.codehaus.groovy.ast.expr.EmptyExpression>: null

16-05-2025T12:03:16 - [TEST_STEP][PASSED] - i = <not implemented yet for class: org.codehaus.groovy.ast.expr.EmptyExpression>: null

16-05-2025T12:03:16 - [TEST_STEP][PASSED] - ii = <not implemented yet for class: org.codehaus.groovy.ast.expr.EmptyExpression>: null

16-05-2025T12:03:16 - [TEST_STEP][PASSED] - c = <not implemented yet for class: org.codehaus.groovy.ast.expr.EmptyExpression>: null

16-05-2025T12:03:16 - [TEST_STEP][PASSED] - numberOfErrors = 0: null

16-05-2025T12:03:16 - [TEST_STEP][PASSED] - if (a == 82): null

16-05-2025T12:03:16 - [TEST_STEP][PASSED] - b = findTestData("PlanFact").getValue(1, a): null

16-05-2025T12:03:16 - [TEST_STEP][PASSED] - i = b.indexOf(" (ГК)"): null

16-05-2025T12:03:16 - [TEST_STEP][PASSED] - if (i > -1): null

16-05-2025T12:03:16 - [TEST_STEP][PASSED] - i = b.indexOf("О ""): null

16-05-2025T12:03:16 - [TEST_STEP][PASSED] - if (i > -1): null

16-05-2025T12:03:16 - [TEST_STEP][PASSED] - i = b.indexOf("О «"): null

16-05-2025T12:03:16 - [TEST_STEP][PASSED] - if (i > -1): null

16-05-2025T12:03:16 - [TEST_STEP][PASSED] - i = b.indexOf("г. "): null

16-05-2025T12:03:16 - [TEST_STEP][PASSED] - if (i > -1): null

16-05-2025T12:03:16 - [TEST_STEP][PASSED] - b = b.trim(): null

16-05-2025T12:03:16 - [TEST_STEP][PASSED] - println(b): null

16-05-2025T12:03:16 - [TEST_STEP][PASSED] - for ([planFact = 1, planFact < 3, (planFact++)]): null

16-05-2025T12:03:16 - [TEST_STEP][PASSED] - if (planFact == 1): null

16-05-2025T12:03:16 - [TEST_STEP][PASSED] - typeOfDataMain = "Факт": null

16-05-2025T12:03:16 - [TEST_STEP][PASSED] - otpusk = findTestData("PlanFact").getValue(5, a): null

16-05-2025T12:03:16 - [TEST_STEP][PASSED] - poteri = findTestData("PlanFact").getValue(6, a): null

16-05-2025T12:03:16 - [TEST_STEP][PASSED] - otpusk = otpusk.replaceAll("\s+", ""): null

16-05-2025T12:03:16 - [TEST_STEP][PASSED] - poteri = poteri.replaceAll("\s+", ""): null

16-05-2025T12:03:16 - [TEST_STEP][PASSED] - typeOfData = typeOfDataMain + " Отпуск в сеть": null

16-05-2025T12:03:16 - [TEST_STEP][PASSED] - if (a == 82): null

16-05-2025T12:03:16 - [TEST_STEP][PASSED] - else if (a == 84): null

16-05-2025T12:03:16 - [TEST_STEP][PASSED] - else if (a == 83 || a == 52 || a == 72 || a == 28 || a == 73 || a == 77 || a == 74 || a == 65 || a == 36 || a == 44 || a == 53 || a == 80 || a == 54 || a == 1 || a == 18 || a == 59 || a == 81): null

16-05-2025T12:03:16 - [TEST_STEP][PASSED] - else: null

16-05-2025T12:03:16 - [TEST_STEP][PASSED] - path = dataFolder + typeOfData + " за отчётный период " + b: null

16-05-2025T12:03:16 - [TEST_STEP][PASSED] - println(path): null

16-05-2025T12:03:16 - [TEST_STEP][PASSED] - page = getText(findTestObject(path)): Text of object 'Object Repository/Выполнение бизнес-плана/Значения со страницы Выполнение бизнес-плана/Факт Отпуск в сеть за отчётный период филиал в Республике Коми' is: '836 902'

16-05-2025T12:03:16 - [MESSAGE][PASSED] - Text of object 'Object Repository/Выполнение бизнес-плана/Значения со страницы Выполнение бизнес-плана/Факт Отпуск в сеть за отчётный период филиал в Республике Коми' is: '836 902'

16-05-2025T12:03:16 - [TEST_STEP][PASSED] - if (page == "" || page == null): null

16-05-2025T12:03:16 - [TEST_STEP][PASSED] - else: null

16-05-2025T12:03:16 - [TEST_STEP][PASSED] - page = page.replaceAll("\s+", ""): null

16-05-2025T12:03:16 - [TEST_STEP][PASSED] - if (page == "undefined"): null

16-05-2025T12:03:16 - [TEST_STEP][PASSED] - fileOtpuskVSet = otpusk.toInteger(): null

16-05-2025T12:03:16 - [TEST_STEP][PASSED] - pageOtpuskVSet = page.toInteger(): null

16-05-2025T12:03:16 - [TEST_STEP][PASSED] - typeOfData = typeOfDataMain + " Потери": null

16-05-2025T12:03:16 - [TEST_STEP][PASSED] - if (a == 82): null

16-05-2025T12:03:16 - [TEST_STEP][PASSED] - else if (a == 84): null

16-05-2025T12:03:16 - [TEST_STEP][PASSED] - else if (a == 83 || a == 52 || a == 72 || a == 28 || a == 73 || a == 77 || a == 74 || a == 65 || a == 36 || a == 44 || a == 53 || a == 80 || a == 54 || a == 1 || a == 18 || a == 59 || a == 81): null

16-05-2025T12:03:16 - [TEST_STEP][PASSED] - else: null

16-05-2025T12:03:16 - [TEST_STEP][PASSED] - path = dataFolder + typeOfData + " за отчётный период " + b: null

16-05-2025T12:03:16 - [TEST_STEP][PASSED] - page = getText(findTestObject(path)): Text of object 'Object Repository/Выполнение бизнес-плана/Значения со страницы Выполнение бизнес-плана/Факт Потери за отчётный период филиал в Республике Коми' is: '45 293'

16-05-2025T12:03:16 - [MESSAGE][PASSED] - Text of object 'Object Repository/Выполнение бизнес-плана/Значения со страницы Выполнение бизнес-плана/Факт Потери за отчётный период филиал в Республике Коми' is: '45 293'

16-05-2025T12:03:16 - [TEST_STEP][PASSED] - if (page == "" || page == null): null

16-05-2025T12:03:16 - [TEST_STEP][PASSED] - else: null

16-05-2025T12:03:16 - [TEST_STEP][PASSED] - page = page.replaceAll("\s+", ""): null

16-05-2025T12:03:16 - [TEST_STEP][PASSED] - if (page == "undefined"): null

16-05-2025T12:03:16 - [TEST_STEP][PASSED] - filePoteri = poteri.toInteger(): null

16-05-2025T12:03:16 - [TEST_STEP][PASSED] - pagePoteri = page.toInteger(): null

16-05-2025T12:03:16 - [TEST_STEP][PASSED] - compare = pageOtpuskVSet: null

16-05-2025T12:03:16 - [TEST_STEP][PASSED] - if (pageOtpuskVSet != null): null

16-05-2025T12:03:16 - [TEST_STEP][PASSED] - if (compare == fileOtpuskVSet): null

16-05-2025T12:03:16 - [TEST_STEP][PASSED] - else if (compare > fileOtpuskVSet): null

16-05-2025T12:03:16 - [TEST_STEP][PASSED] - else if (compare < fileOtpuskVSet): null

16-05-2025T12:03:16 - [TEST_STEP][PASSED] - compare = compare + 1: null

16-05-2025T12:03:16 - [TEST_STEP][PASSED] - if (compare == fileOtpuskVSet): null

16-05-2025T12:03:16 - [TEST_STEP][PASSED] - else: null

16-05-2025T12:03:16 - [TEST_STEP][PASSED] - numberOfErrors = numberOfErrors + 1: null

16-05-2025T12:03:16 - [TEST_STEP][PASSED] - pageInt = pageOtpuskVSet: null

16-05-2025T12:03:16 - [TEST_STEP][PASSED] - fileInt = fileOtpuskVSet: null

16-05-2025T12:03:16 - [TEST_STEP][PASSED] - typeOfData = typeOfDataMain + " Отпуск в сеть": null

16-05-2025T12:03:16 - [TEST_STEP][PASSED] - Script1718980020443.WriteToExcel(a, typeOfData, todaysDate, pageInt, fileInt, pageDouble, fileDouble, dZO): null

16-05-2025T12:03:16 - [TEST_STEP][PASSED] - sheetName = "Sheet1": null

16-05-2025T12:03:16 - [TEST_STEP][PASSED] - data = findTestData("PlanFact"): null

16-05-2025T12:03:16 - [TEST_STEP][PASSED] - n = data.getRowNumbers() + 1: null

16-05-2025T12:03:16 - [TEST_STEP][PASSED] - day = ")).toInteger(): null

16-05-2025T12:03:16 - [TEST_STEP][PASSED] - println(day): null

16-05-2025T12:03:16 - [TEST_STEP][PASSED] - month = ")).toInteger(): null

16-05-2025T12:03:16 - [TEST_STEP][PASSED] - println(month): null

16-05-2025T12:03:16 - [TEST_STEP][PASSED] - y = <not implemented yet for class: org.codehaus.groovy.ast.expr.EmptyExpression>: null

16-05-2025T12:03:16 - [TEST_STEP][PASSED] - iy = <not implemented yet for class: org.codehaus.groovy.ast.expr.EmptyExpression>: null

16-05-2025T12:03:16 - [TEST_STEP][PASSED] - m = getText(findTestObject("Выполнение бизнес-плана/Период")): Text of object 'Object Repository/Выполнение бизнес-плана/Период' is: '1 кв. 2025 года'

16-05-2025T12:03:17 - [MESSAGE][PASSED] - Text of object 'Object Repository/Выполнение бизнес-плана/Период' is: '1 кв. 2025 года'

16-05-2025T12:03:17 - [TEST_STEP][PASSED] - iy = m.indexOf("20"): null

16-05-2025T12:03:17 - [TEST_STEP][PASSED] - if (iy > -1): null

16-05-2025T12:03:17 - [TEST_STEP][PASSED] - y = substring(iy, iy + 4).toInteger(): null

16-05-2025T12:03:17 - [TEST_STEP][PASSED] - println(y): null

16-05-2025T12:03:17 - [TEST_STEP][PASSED] - if (toString().length() == 4): null

16-05-2025T12:03:17 - [TEST_STEP][PASSED] - m = m.substring(0, m.indexOf(y.toString())): null

16-05-2025T12:03:17 - [TEST_STEP][PASSED] - m = m.trim(): null

16-05-2025T12:03:17 - [TEST_STEP][PASSED] - if (m == ""): null

16-05-2025T12:03:17 - [TEST_STEP][PASSED] - dashboardName = "Выполнение бизнес-плана": null

16-05-2025T12:03:17 - [TEST_STEP][PASSED] - workbook01 = getWorkbook(excelFilePath): null

16-05-2025T12:03:17 - [TEST_STEP][PASSED] - sheet01 = getExcelSheet(workbook01, sheetName): null

16-05-2025T12:03:17 - [TEST_STEP][PASSED] - setValueToCellByIndex(sheet01, n, 0, dashboardName): null

16-05-2025T12:03:17 - [TEST_STEP][PASSED] - setValueToCellByIndex(sheet01, n, 1, dZO): null

16-05-2025T12:03:17 - [TEST_STEP][PASSED] - setValueToCellByIndex(sheet01, n, 2, typeOfData): null

16-05-2025T12:03:17 - [TEST_STEP][PASSED] - if (typeOfData == "Факт в процентах" || typeOfData == "План в процентах"): null

16-05-2025T12:03:17 - [TEST_STEP][PASSED] - else: null

16-05-2025T12:03:17 - [TEST_STEP][PASSED] - setValueToCellByIndex(sheet01, n, 3, fileInt): null

16-05-2025T12:03:17 - [TEST_STEP][PASSED] - setValueToCellByIndex(sheet01, n, 4, pageInt): null

16-05-2025T12:03:17 - [TEST_STEP][PASSED] - setValueToCellByIndex(sheet01, n, 5, m): null

16-05-2025T12:03:17 - [TEST_STEP][PASSED] - setValueToCellByIndex(sheet01, n, 6, y): null

16-05-2025T12:03:17 - [TEST_STEP][PASSED] - setValueToCellByIndex(sheet01, n, 7, todaysDate): null

16-05-2025T12:03:17 - [TEST_STEP][PASSED] - n = n + 1: null

16-05-2025T12:03:17 - [TEST_STEP][PASSED] - saveWorkbook(excelFilePath, workbook01): null

16-05-2025T12:03:17 - [TEST_STEP][PASSED] - compare = pagePoteri: null

16-05-2025T12:03:17 - [TEST_STEP][PASSED] - if (pageOtpuskVSet != null): null

16-05-2025T12:03:17 - [TEST_STEP][PASSED] - if (compare == filePoteri): null

16-05-2025T12:03:17 - [TEST_STEP][PASSED] - else if (compare > filePoteri): null

16-05-2025T12:03:17 - [TEST_STEP][PASSED] - else if (compare < filePoteri): null

16-05-2025T12:03:17 - [TEST_STEP][PASSED] - compare = compare + 1: null

16-05-2025T12:03:17 - [TEST_STEP][PASSED] - if (compare == filePoteri): null

16-05-2025T12:03:17 - [TEST_STEP][PASSED] - else: null

16-05-2025T12:03:17 - [TEST_STEP][PASSED] - numberOfErrors = numberOfErrors + 1: null

16-05-2025T12:03:17 - [TEST_STEP][PASSED] - pageInt = pagePoteri: null

16-05-2025T12:03:17 - [TEST_STEP][PASSED] - fileInt = filePoteri: null

16-05-2025T12:03:17 - [TEST_STEP][PASSED] - typeOfData = typeOfDataMain + " Потери": null

16-05-2025T12:03:17 - [TEST_STEP][PASSED] - Script1718980020443.WriteToExcel(a, typeOfData, todaysDate, pageInt, fileInt, pageDouble, fileDouble, dZO): null

16-05-2025T12:03:17 - [TEST_STEP][PASSED] - sheetName = "Sheet1": null

16-05-2025T12:03:17 - [TEST_STEP][PASSED] - data = findTestData("PlanFact"): null

16-05-2025T12:03:17 - [TEST_STEP][PASSED] - n = data.getRowNumbers() + 1: null

16-05-2025T12:03:17 - [TEST_STEP][PASSED] - day = ")).toInteger(): null

16-05-2025T12:03:17 - [TEST_STEP][PASSED] - println(day): null

16-05-2025T12:03:17 - [TEST_STEP][PASSED] - month = ")).toInteger(): null

16-05-2025T12:03:17 - [TEST_STEP][PASSED] - println(month): null

16-05-2025T12:03:17 - [TEST_STEP][PASSED] - y = <not implemented yet for class: org.codehaus.groovy.ast.expr.EmptyExpression>: null

16-05-2025T12:03:17 - [TEST_STEP][PASSED] - iy = <not implemented yet for class: org.codehaus.groovy.ast.expr.EmptyExpression>: null

16-05-2025T12:03:17 - [TEST_STEP][PASSED] - m = getText(findTestObject("Выполнение бизнес-плана/Период")): Text of object 'Object Repository/Выполнение бизнес-плана/Период' is: '1 кв. 2025 года'

16-05-2025T12:03:17 - [MESSAGE][PASSED] - Text of object 'Object Repository/Выполнение бизнес-плана/Период' is: '1 кв. 2025 года'

16-05-2025T12:03:17 - [TEST_STEP][PASSED] - iy = m.indexOf("20"): null

16-05-2025T12:03:17 - [TEST_STEP][PASSED] - if (iy > -1): null

16-05-2025T12:03:17 - [TEST_STEP][PASSED] - y = substring(iy, iy + 4).toInteger(): null

16-05-2025T12:03:17 - [TEST_STEP][PASSED] - println(y): null

16-05-2025T12:03:17 - [TEST_STEP][PASSED] - if (toString().length() == 4): null

16-05-2025T12:03:17 - [TEST_STEP][PASSED] - m = m.substring(0, m.indexOf(y.toString())): null

16-05-2025T12:03:17 - [TEST_STEP][PASSED] - m = m.trim(): null

16-05-2025T12:03:17 - [TEST_STEP][PASSED] - if (m == ""): null

16-05-2025T12:03:17 - [TEST_STEP][PASSED] - dashboardName = "Выполнение бизнес-плана": null

16-05-2025T12:03:17 - [TEST_STEP][PASSED] - workbook01 = getWorkbook(excelFilePath): null

16-05-2025T12:03:18 - [TEST_STEP][PASSED] - sheet01 = getExcelSheet(workbook01, sheetName): null

16-05-2025T12:03:18 - [TEST_STEP][PASSED] - setValueToCellByIndex(sheet01, n, 0, dashboardName): null

16-05-2025T12:03:18 - [TEST_STEP][PASSED] - setValueToCellByIndex(sheet01, n, 1, dZO): null

16-05-2025T12:03:18 - [TEST_STEP][PASSED] - setValueToCellByIndex(sheet01, n, 2, typeOfData): null

16-05-2025T12:03:18 - [TEST_STEP][PASSED] - if (typeOfData == "Факт в процентах" || typeOfData == "План в процентах"): null

16-05-2025T12:03:18 - [TEST_STEP][PASSED] - else: null

16-05-2025T12:03:18 - [TEST_STEP][PASSED] - setValueToCellByIndex(sheet01, n, 3, fileInt): null

16-05-2025T12:03:18 - [TEST_STEP][PASSED] - setValueToCellByIndex(sheet01, n, 4, pageInt): null

16-05-2025T12:03:18 - [TEST_STEP][PASSED] - setValueToCellByIndex(sheet01, n, 5, m): null

16-05-2025T12:03:18 - [TEST_STEP][PASSED] - setValueToCellByIndex(sheet01, n, 6, y): null

16-05-2025T12:03:18 - [TEST_STEP][PASSED] - setValueToCellByIndex(sheet01, n, 7, todaysDate): null

16-05-2025T12:03:18 - [TEST_STEP][PASSED] - n = n + 1: null

16-05-2025T12:03:18 - [TEST_STEP][PASSED] - saveWorkbook(excelFilePath, workbook01): null

16-05-2025T12:03:18 - [TEST_STEP][PASSED] - if (planFact == 2): null

16-05-2025T12:03:18 - [TEST_STEP][PASSED] - if (planFact == 1): null

16-05-2025T12:03:18 - [TEST_STEP][PASSED] - else if (planFact == 2): null

16-05-2025T12:03:18 - [TEST_STEP][PASSED] - click(findTestObject("Выполнение бизнес-плана/Кнопка План")): Object: 'Object Repository/Выполнение бизнес-плана/Кнопка План' is clicked on

16-05-2025T12:03:18 - [MESSAGE][PASSED] - Object: 'Object Repository/Выполнение бизнес-плана/Кнопка План' is clicked on

16-05-2025T12:03:18 - [TEST_STEP][PASSED] - typeOfDataMain = "План": null

16-05-2025T12:03:18 - [TEST_STEP][PASSED] - otpusk = findTestData("PlanFact").getValue(2, a): null

16-05-2025T12:03:18 - [TEST_STEP][PASSED] - poteri = findTestData("PlanFact").getValue(3, a): null

16-05-2025T12:03:18 - [TEST_STEP][PASSED] - otpusk = otpusk.replaceAll("\s+", ""): null

16-05-2025T12:03:18 - [TEST_STEP][PASSED] - poteri = poteri.replaceAll("\s+", ""): null

16-05-2025T12:03:18 - [TEST_STEP][PASSED] - typeOfData = typeOfDataMain + " Отпуск в сеть": null

16-05-2025T12:03:18 - [TEST_STEP][PASSED] - if (a == 82): null

16-05-2025T12:03:18 - [TEST_STEP][PASSED] - else if (a == 84): null

16-05-2025T12:03:18 - [TEST_STEP][PASSED] - else if (a == 83 || a == 52 || a == 72 || a == 28 || a == 73 || a == 77 || a == 74 || a == 65 || a == 36 || a == 44 || a == 53 || a == 80 || a == 54 || a == 1 || a == 18 || a == 59 || a == 81): null

16-05-2025T12:03:18 - [TEST_STEP][PASSED] - else: null

16-05-2025T12:03:18 - [TEST_STEP][PASSED] - path = dataFolder + typeOfData + " за отчётный период " + b: null

16-05-2025T12:03:18 - [TEST_STEP][PASSED] - println(path): null

16-05-2025T12:03:18 - [TEST_STEP][PASSED] - page = getText(findTestObject(path)): Text of object 'Object Repository/Выполнение бизнес-плана/Значения со страницы Выполнение бизнес-плана/План Отпуск в сеть за отчётный период филиал в Республике Коми' is: '881 608'

16-05-2025T12:03:18 - [MESSAGE][PASSED] - Text of object 'Object Repository/Выполнение бизнес-плана/Значения со страницы Выполнение бизнес-плана/План Отпуск в сеть за отчётный период филиал в Республике Коми' is: '881 608'

16-05-2025T12:03:18 - [TEST_STEP][PASSED] - if (page == "" || page == null): null

16-05-2025T12:03:18 - [TEST_STEP][PASSED] - else: null

16-05-2025T12:03:18 - [TEST_STEP][PASSED] - page = page.replaceAll("\s+", ""): null

16-05-2025T12:03:18 - [TEST_STEP][PASSED] - if (page == "undefined"): null

16-05-2025T12:03:18 - [TEST_STEP][PASSED] - fileOtpuskVSet = otpusk.toInteger(): null

16-05-2025T12:03:18 - [TEST_STEP][PASSED] - pageOtpuskVSet = page.toInteger(): null

16-05-2025T12:03:18 - [TEST_STEP][PASSED] - typeOfData = typeOfDataMain + " Потери": null

16-05-2025T12:03:18 - [TEST_STEP][PASSED] - if (a == 82): null

16-05-2025T12:03:18 - [TEST_STEP][PASSED] - else if (a == 84): null

16-05-2025T12:03:18 - [TEST_STEP][PASSED] - else if (a == 83 || a == 52 || a == 72 || a == 28 || a == 73 || a == 77 || a == 74 || a == 65 || a == 36 || a == 44 || a == 53 || a == 80 || a == 54 || a == 1 || a == 18 || a == 59 || a == 81): null

16-05-2025T12:03:18 - [TEST_STEP][PASSED] - else: null

16-05-2025T12:03:18 - [TEST_STEP][PASSED] - path = dataFolder + typeOfData + " за отчётный период " + b: null

16-05-2025T12:03:18 - [TEST_STEP][PASSED] - page = getText(findTestObject(path)): Text of object 'Object Repository/Выполнение бизнес-плана/Значения со страницы Выполнение бизнес-плана/План Потери за отчётный период филиал в Республике Коми' is: '57 813'

16-05-2025T12:03:19 - [MESSAGE][PASSED] - Text of object 'Object Repository/Выполнение бизнес-плана/Значения со страницы Выполнение бизнес-плана/План Потери за отчётный период филиал в Республике Коми' is: '57 813'

16-05-2025T12:03:19 - [TEST_STEP][PASSED] - if (page == "" || page == null): null

16-05-2025T12:03:19 - [TEST_STEP][PASSED] - else: null

16-05-2025T12:03:19 - [TEST_STEP][PASSED] - page = page.replaceAll("\s+", ""): null

16-05-2025T12:03:19 - [TEST_STEP][PASSED] - if (page == "undefined"): null

16-05-2025T12:03:19 - [TEST_STEP][PASSED] - filePoteri = poteri.toInteger(): null

16-05-2025T12:03:19 - [TEST_STEP][PASSED] - pagePoteri = page.toInteger(): null

16-05-2025T12:03:19 - [TEST_STEP][PASSED] - compare = pageOtpuskVSet: null

16-05-2025T12:03:19 - [TEST_STEP][PASSED] - if (pageOtpuskVSet != null): null

16-05-2025T12:03:19 - [TEST_STEP][PASSED] - if (compare == fileOtpuskVSet): null

16-05-2025T12:03:19 - [TEST_STEP][PASSED] - else if (compare > fileOtpuskVSet): null

16-05-2025T12:03:19 - [TEST_STEP][PASSED] - else if (compare < fileOtpuskVSet): null

16-05-2025T12:03:19 - [TEST_STEP][PASSED] - compare = compare + 1: null

16-05-2025T12:03:19 - [TEST_STEP][PASSED] - if (compare == fileOtpuskVSet): null

16-05-2025T12:03:19 - [TEST_STEP][PASSED] - else: null

16-05-2025T12:03:19 - [TEST_STEP][PASSED] - numberOfErrors = numberOfErrors + 1: null

16-05-2025T12:03:19 - [TEST_STEP][PASSED] - pageInt = pageOtpuskVSet: null

16-05-2025T12:03:19 - [TEST_STEP][PASSED] - fileInt = fileOtpuskVSet: null

16-05-2025T12:03:19 - [TEST_STEP][PASSED] - typeOfData = typeOfDataMain + " Отпуск в сеть": null

16-05-2025T12:03:19 - [TEST_STEP][PASSED] - Script1718980020443.WriteToExcel(a, typeOfData, todaysDate, pageInt, fileInt, pageDouble, fileDouble, dZO): null

16-05-2025T12:03:19 - [TEST_STEP][PASSED] - sheetName = "Sheet1": null

16-05-2025T12:03:19 - [TEST_STEP][PASSED] - data = findTestData("PlanFact"): null

16-05-2025T12:03:19 - [TEST_STEP][PASSED] - n = data.getRowNumbers() + 1: null

16-05-2025T12:03:19 - [TEST_STEP][PASSED] - day = ")).toInteger(): null

16-05-2025T12:03:19 - [TEST_STEP][PASSED] - println(day): null

16-05-2025T12:03:19 - [TEST_STEP][PASSED] - month = ")).toInteger(): null

16-05-2025T12:03:19 - [TEST_STEP][PASSED] - println(month): null

16-05-2025T12:03:19 - [TEST_STEP][PASSED] - y = <not implemented yet for class: org.codehaus.groovy.ast.expr.EmptyExpression>: null

16-05-2025T12:03:19 - [TEST_STEP][PASSED] - iy = <not implemented yet for class: org.codehaus.groovy.ast.expr.EmptyExpression>: null

16-05-2025T12:03:19 - [TEST_STEP][PASSED] - m = getText(findTestObject("Выполнение бизнес-плана/Период")): Text of object 'Object Repository/Выполнение бизнес-плана/Период' is: '1 кв. 2025 года'

16-05-2025T12:03:19 - [MESSAGE][PASSED] - Text of object 'Object Repository/Выполнение бизнес-плана/Период' is: '1 кв. 2025 года'

16-05-2025T12:03:19 - [TEST_STEP][PASSED] - iy = m.indexOf("20"): null

16-05-2025T12:03:19 - [TEST_STEP][PASSED] - if (iy > -1): null

16-05-2025T12:03:19 - [TEST_STEP][PASSED] - y = substring(iy, iy + 4).toInteger(): null

16-05-2025T12:03:19 - [TEST_STEP][PASSED] - println(y): null

16-05-2025T12:03:19 - [TEST_STEP][PASSED] - if (toString().length() == 4): null

16-05-2025T12:03:19 - [TEST_STEP][PASSED] - m = m.substring(0, m.indexOf(y.toString())): null

16-05-2025T12:03:19 - [TEST_STEP][PASSED] - m = m.trim(): null

16-05-2025T12:03:19 - [TEST_STEP][PASSED] - if (m == ""): null

16-05-2025T12:03:19 - [TEST_STEP][PASSED] - dashboardName = "Выполнение бизнес-плана": null

16-05-2025T12:03:19 - [TEST_STEP][PASSED] - workbook01 = getWorkbook(excelFilePath): null

16-05-2025T12:03:19 - [TEST_STEP][PASSED] - sheet01 = getExcelSheet(workbook01, sheetName): null

16-05-2025T12:03:19 - [TEST_STEP][PASSED] - setValueToCellByIndex(sheet01, n, 0, dashboardName): null

16-05-2025T12:03:19 - [TEST_STEP][PASSED] - setValueToCellByIndex(sheet01, n, 1, dZO): null

16-05-2025T12:03:19 - [TEST_STEP][PASSED] - setValueToCellByIndex(sheet01, n, 2, typeOfData): null

16-05-2025T12:03:19 - [TEST_STEP][PASSED] - if (typeOfData == "Факт в процентах" || typeOfData == "План в процентах"): null

16-05-2025T12:03:19 - [TEST_STEP][PASSED] - else: null

16-05-2025T12:03:19 - [TEST_STEP][PASSED] - setValueToCellByIndex(sheet01, n, 3, fileInt): null

16-05-2025T12:03:19 - [TEST_STEP][PASSED] - setValueToCellByIndex(sheet01, n, 4, pageInt): null

16-05-2025T12:03:19 - [TEST_STEP][PASSED] - setValueToCellByIndex(sheet01, n, 5, m): null

16-05-2025T12:03:19 - [TEST_STEP][PASSED] - setValueToCellByIndex(sheet01, n, 6, y): null

16-05-2025T12:03:19 - [TEST_STEP][PASSED] - setValueToCellByIndex(sheet01, n, 7, todaysDate): null

16-05-2025T12:03:19 - [TEST_STEP][PASSED] - n = n + 1: null

16-05-2025T12:03:19 - [TEST_STEP][PASSED] - saveWorkbook(excelFilePath, workbook01): null

16-05-2025T12:03:19 - [TEST_STEP][PASSED] - compare = pagePoteri: null

16-05-2025T12:03:19 - [TEST_STEP][PASSED] - if (pageOtpuskVSet != null): null

16-05-2025T12:03:19 - [TEST_STEP][PASSED] - if (compare == filePoteri): null

16-05-2025T12:03:19 - [TEST_STEP][PASSED] - else if (compare > filePoteri): null

16-05-2025T12:03:19 - [TEST_STEP][PASSED] - else if (compare < filePoteri): null

16-05-2025T12:03:19 - [TEST_STEP][PASSED] - compare = compare + 1: null

16-05-2025T12:03:19 - [TEST_STEP][PASSED] - if (compare == filePoteri): null

16-05-2025T12:03:19 - [TEST_STEP][PASSED] - else: null

16-05-2025T12:03:19 - [TEST_STEP][PASSED] - numberOfErrors = numberOfErrors + 1: null

16-05-2025T12:03:19 - [TEST_STEP][PASSED] - pageInt = pagePoteri: null

16-05-2025T12:03:19 - [TEST_STEP][PASSED] - fileInt = filePoteri: null

16-05-2025T12:03:19 - [TEST_STEP][PASSED] - typeOfData = typeOfDataMain + " Потери": null

16-05-2025T12:03:19 - [TEST_STEP][PASSED] - Script1718980020443.WriteToExcel(a, typeOfData, todaysDate, pageInt, fileInt, pageDouble, fileDouble, dZO): null

16-05-2025T12:03:19 - [TEST_STEP][PASSED] - sheetName = "Sheet1": null

16-05-2025T12:03:19 - [TEST_STEP][PASSED] - data = findTestData("PlanFact"): null

16-05-2025T12:03:19 - [TEST_STEP][PASSED] - n = data.getRowNumbers() + 1: null

16-05-2025T12:03:19 - [TEST_STEP][PASSED] - day = ")).toInteger(): null

16-05-2025T12:03:19 - [TEST_STEP][PASSED] - println(day): null

16-05-2025T12:03:19 - [TEST_STEP][PASSED] - month = ")).toInteger(): null

16-05-2025T12:03:19 - [TEST_STEP][PASSED] - println(month): null

16-05-2025T12:03:19 - [TEST_STEP][PASSED] - y = <not implemented yet for class: org.codehaus.groovy.ast.expr.EmptyExpression>: null

16-05-2025T12:03:19 - [TEST_STEP][PASSED] - iy = <not implemented yet for class: org.codehaus.groovy.ast.expr.EmptyExpression>: null

16-05-2025T12:03:19 - [TEST_STEP][PASSED] - m = getText(findTestObject("Выполнение бизнес-плана/Период")): Text of object 'Object Repository/Выполнение бизнес-плана/Период' is: '1 кв. 2025 года'

16-05-2025T12:03:20 - [MESSAGE][PASSED] - Text of object 'Object Repository/Выполнение бизнес-плана/Период' is: '1 кв. 2025 года'

16-05-2025T12:03:20 - [TEST_STEP][PASSED] - iy = m.indexOf("20"): null

16-05-2025T12:03:20 - [TEST_STEP][PASSED] - if (iy > -1): null

16-05-2025T12:03:20 - [TEST_STEP][PASSED] - y = substring(iy, iy + 4).toInteger(): null

16-05-2025T12:03:20 - [TEST_STEP][PASSED] - println(y): null

16-05-2025T12:03:20 - [TEST_STEP][PASSED] - if (toString().length() == 4): null

16-05-2025T12:03:20 - [TEST_STEP][PASSED] - m = m.substring(0, m.indexOf(y.toString())): null

16-05-2025T12:03:20 - [TEST_STEP][PASSED] - m = m.trim(): null

16-05-2025T12:03:20 - [TEST_STEP][PASSED] - if (m == ""): null

16-05-2025T12:03:20 - [TEST_STEP][PASSED] - dashboardName = "Выполнение бизнес-плана": null

16-05-2025T12:03:20 - [TEST_STEP][PASSED] - workbook01 = getWorkbook(excelFilePath): null

16-05-2025T12:03:20 - [TEST_STEP][PASSED] - sheet01 = getExcelSheet(workbook01, sheetName): null

16-05-2025T12:03:20 - [TEST_STEP][PASSED] - setValueToCellByIndex(sheet01, n, 0, dashboardName): null

16-05-2025T12:03:20 - [TEST_STEP][PASSED] - setValueToCellByIndex(sheet01, n, 1, dZO): null

16-05-2025T12:03:20 - [TEST_STEP][PASSED] - setValueToCellByIndex(sheet01, n, 2, typeOfData): null

16-05-2025T12:03:20 - [TEST_STEP][PASSED] - if (typeOfData == "Факт в процентах" || typeOfData == "План в процентах"): null

16-05-2025T12:03:20 - [TEST_STEP][PASSED] - else: null

16-05-2025T12:03:20 - [TEST_STEP][PASSED] - setValueToCellByIndex(sheet01, n, 3, fileInt): null

16-05-2025T12:03:20 - [TEST_STEP][PASSED] - setValueToCellByIndex(sheet01, n, 4, pageInt): null

16-05-2025T12:03:20 - [TEST_STEP][PASSED] - setValueToCellByIndex(sheet01, n, 5, m): null

16-05-2025T12:03:20 - [TEST_STEP][PASSED] - setValueToCellByIndex(sheet01, n, 6, y): null

16-05-2025T12:03:20 - [TEST_STEP][PASSED] - setValueToCellByIndex(sheet01, n, 7, todaysDate): null

16-05-2025T12:03:20 - [TEST_STEP][PASSED] - n = n + 1: null

16-05-2025T12:03:20 - [TEST_STEP][PASSED] - saveWorkbook(excelFilePath, workbook01): Object: 'Object Repository/Выполнение бизнес-плана/Кнопка Факт' is clicked on

16-05-2025T12:03:20 - [TEST_STEP][PASSED] - if (planFact == 2): Object: 'Object Repository/Выполнение бизнес-плана/Кнопка Факт' is clicked on

16-05-2025T12:03:20 - [TEST_STEP][PASSED] - click(findTestObject("Выполнение бизнес-плана/Кнопка Факт")): Object: 'Object Repository/Выполнение бизнес-плана/Кнопка Факт' is clicked on

16-05-2025T12:03:20 - [MESSAGE][PASSED] - Object: 'Object Repository/Выполнение бизнес-плана/Кнопка Факт' is clicked on

16-05-2025T12:03:20 - [TEST_STEP][PASSED] - println("a=" + a): null

16-05-2025T12:03:20 - [TEST_STEP][PASSED] - if (a == 84 || a == 82): null

16-05-2025T12:03:20 - [TEST_STEP][PASSED] - else if (a == 83 || a == 52 || a == 72 || a == 28 || a == 73 || a == 77 || a == 74 || a == 65 || a == 36 || a == 44 || a == 53 || a == 80 || a == 54 || a == 1 || a == 18 || a == 59 || a == 81): null

16-05-2025T12:03:20 - [TEST_STEP][PASSED] - else: null

16-05-2025T12:03:20 - [TEST_STEP][PASSED] - page1 = getText(findTestObject("Object Repository/Выполнение бизнес-плана/spanPlan" + filialNum)): Text of object 'Object Repository/Выполнение бизнес-плана/spanPlan7' is: '6.56
|'

16-05-2025T12:03:21 - [MESSAGE][PASSED] - Text of object 'Object Repository/Выполнение бизнес-плана/spanPlan7' is: '6.56
|'

16-05-2025T12:03:21 - [TEST_STEP][PASSED] - page1 = page1.replace("|", ""): null

16-05-2025T12:03:21 - [TEST_STEP][PASSED] - page2 = getText(findTestObject("Object Repository/Выполнение бизнес-плана/spanFact" + filialNum)): Text of object 'Object Repository/Выполнение бизнес-плана/spanFact7' is: '5.41
|'

16-05-2025T12:03:21 - [MESSAGE][PASSED] - Text of object 'Object Repository/Выполнение бизнес-плана/spanFact7' is: '5.41
|'

16-05-2025T12:03:21 - [TEST_STEP][PASSED] - page2 = page2.replace("|", ""): null

16-05-2025T12:03:21 - [TEST_STEP][PASSED] - println("page1: " + page1): null

16-05-2025T12:03:21 - [TEST_STEP][PASSED] - println("page2: " + page2): null

16-05-2025T12:03:21 - [TEST_STEP][PASSED] - file = findTestData("PlanFact").getValue(4, a): null

16-05-2025T12:03:21 - [TEST_STEP][PASSED] - file = file.replace(",", "."): null

16-05-2025T12:03:21 - [TEST_STEP][PASSED] - println("file Plan: " + file): null

16-05-2025T12:03:21 - [TEST_STEP][PASSED] - typeOfData = "План в процентах": null

16-05-2025T12:03:21 - [TEST_STEP][PASSED] - fileDouble = file.toDouble(): null

16-05-2025T12:03:21 - [TEST_STEP][PASSED] - pageDouble = page1.toDouble(): null

16-05-2025T12:03:21 - [TEST_STEP][PASSED] - if (fileDouble != pageDouble): null

16-05-2025T12:03:21 - [TEST_STEP][PASSED] - numberOfErrors = numberOfErrors + 1: null

16-05-2025T12:03:21 - [TEST_STEP][PASSED] - Script1718980020443.WriteToExcel(a, typeOfData, todaysDate, pageInt, fileInt, pageDouble, fileDouble, dZO): null

16-05-2025T12:03:21 - [TEST_STEP][PASSED] - sheetName = "Sheet1": null

16-05-2025T12:03:21 - [TEST_STEP][PASSED] - data = findTestData("PlanFact"): null

16-05-2025T12:03:21 - [TEST_STEP][PASSED] - n = data.getRowNumbers() + 1: null

16-05-2025T12:03:21 - [TEST_STEP][PASSED] - day = ")).toInteger(): null

16-05-2025T12:03:21 - [TEST_STEP][PASSED] - println(day): null

16-05-2025T12:03:21 - [TEST_STEP][PASSED] - month = ")).toInteger(): null

16-05-2025T12:03:21 - [TEST_STEP][PASSED] - println(month): null

16-05-2025T12:03:21 - [TEST_STEP][PASSED] - y = <not implemented yet for class: org.codehaus.groovy.ast.expr.EmptyExpression>: null

16-05-2025T12:03:21 - [TEST_STEP][PASSED] - iy = <not implemented yet for class: org.codehaus.groovy.ast.expr.EmptyExpression>: null

16-05-2025T12:03:21 - [TEST_STEP][PASSED] - m = getText(findTestObject("Выполнение бизнес-плана/Период")): Text of object 'Object Repository/Выполнение бизнес-плана/Период' is: '1 кв. 2025 года'

16-05-2025T12:03:21 - [MESSAGE][PASSED] - Text of object 'Object Repository/Выполнение бизнес-плана/Период' is: '1 кв. 2025 года'

16-05-2025T12:03:21 - [TEST_STEP][PASSED] - iy = m.indexOf("20"): null

16-05-2025T12:03:21 - [TEST_STEP][PASSED] - if (iy > -1): null

16-05-2025T12:03:21 - [TEST_STEP][PASSED] - y = substring(iy, iy + 4).toInteger(): null

16-05-2025T12:03:21 - [TEST_STEP][PASSED] - println(y): null

16-05-2025T12:03:21 - [TEST_STEP][PASSED] - if (toString().length() == 4): null

16-05-2025T12:03:21 - [TEST_STEP][PASSED] - m = m.substring(0, m.indexOf(y.toString())): null

16-05-2025T12:03:21 - [TEST_STEP][PASSED] - m = m.trim(): null

16-05-2025T12:03:21 - [TEST_STEP][PASSED] - if (m == ""): null

16-05-2025T12:03:21 - [TEST_STEP][PASSED] - dashboardName = "Выполнение бизнес-плана": null

16-05-2025T12:03:21 - [TEST_STEP][PASSED] - workbook01 = getWorkbook(excelFilePath): null

16-05-2025T12:03:21 - [TEST_STEP][PASSED] - sheet01 = getExcelSheet(workbook01, sheetName): null

16-05-2025T12:03:21 - [TEST_STEP][PASSED] - setValueToCellByIndex(sheet01, n, 0, dashboardName): null

16-05-2025T12:03:21 - [TEST_STEP][PASSED] - setValueToCellByIndex(sheet01, n, 1, dZO): null

16-05-2025T12:03:21 - [TEST_STEP][PASSED] - setValueToCellByIndex(sheet01, n, 2, typeOfData): null

16-05-2025T12:03:21 - [TEST_STEP][PASSED] - if (typeOfData == "Факт в процентах" || typeOfData == "План в процентах"): null

16-05-2025T12:03:21 - [TEST_STEP][PASSED] - setValueToCellByIndex(sheet01, n, 3, fileDouble): null

16-05-2025T12:03:21 - [TEST_STEP][PASSED] - setValueToCellByIndex(sheet01, n, 4, pageDouble): null

16-05-2025T12:03:21 - [TEST_STEP][PASSED] - setValueToCellByIndex(sheet01, n, 5, m): null

16-05-2025T12:03:21 - [TEST_STEP][PASSED] - setValueToCellByIndex(sheet01, n, 6, y): null

16-05-2025T12:03:21 - [TEST_STEP][PASSED] - setValueToCellByIndex(sheet01, n, 7, todaysDate): null

16-05-2025T12:03:21 - [TEST_STEP][PASSED] - n = n + 1: null

16-05-2025T12:03:21 - [TEST_STEP][PASSED] - saveWorkbook(excelFilePath, workbook01): null

16-05-2025T12:03:22 - [TEST_STEP][PASSED] - file = findTestData("PlanFact").getValue(7, a): null

16-05-2025T12:03:22 - [TEST_STEP][PASSED] - file = file.replace(",", "."): null

16-05-2025T12:03:22 - [TEST_STEP][PASSED] - println("file Fact: " + file): null

16-05-2025T12:03:22 - [TEST_STEP][PASSED] - fileDouble = file.toDouble(): null

16-05-2025T12:03:22 - [TEST_STEP][PASSED] - typeOfData = "Факт в процентах": null

16-05-2025T12:03:22 - [TEST_STEP][PASSED] - fileDouble = file.toDouble(): null

16-05-2025T12:03:22 - [TEST_STEP][PASSED] - pageDouble = page2.toDouble(): null

16-05-2025T12:03:22 - [TEST_STEP][PASSED] - if (fileDouble != pageDouble): null

16-05-2025T12:03:22 - [TEST_STEP][PASSED] - numberOfErrors = numberOfErrors + 1: null

16-05-2025T12:03:22 - [TEST_STEP][PASSED] - Script1718980020443.WriteToExcel(a, typeOfData, todaysDate, pageInt, fileInt, pageDouble, fileDouble, dZO): null

16-05-2025T12:03:22 - [TEST_STEP][PASSED] - sheetName = "Sheet1": null

16-05-2025T12:03:22 - [TEST_STEP][PASSED] - data = findTestData("PlanFact"): null

16-05-2025T12:03:22 - [TEST_STEP][PASSED] - n = data.getRowNumbers() + 1: null

16-05-2025T12:03:22 - [TEST_STEP][PASSED] - day = ")).toInteger(): null

16-05-2025T12:03:22 - [TEST_STEP][PASSED] - println(day): null

16-05-2025T12:03:22 - [TEST_STEP][PASSED] - month = ")).toInteger(): null

16-05-2025T12:03:22 - [TEST_STEP][PASSED] - println(month): null

16-05-2025T12:03:22 - [TEST_STEP][PASSED] - y = <not implemented yet for class: org.codehaus.groovy.ast.expr.EmptyExpression>: null

16-05-2025T12:03:22 - [TEST_STEP][PASSED] - iy = <not implemented yet for class: org.codehaus.groovy.ast.expr.EmptyExpression>: null

16-05-2025T12:03:22 - [TEST_STEP][PASSED] - m = getText(findTestObject("Выполнение бизнес-плана/Период")): Text of object 'Object Repository/Выполнение бизнес-плана/Период' is: '1 кв. 2025 года'

16-05-2025T12:03:22 - [MESSAGE][PASSED] - Text of object 'Object Repository/Выполнение бизнес-плана/Период' is: '1 кв. 2025 года'

16-05-2025T12:03:22 - [TEST_STEP][PASSED] - iy = m.indexOf("20"): null

16-05-2025T12:03:22 - [TEST_STEP][PASSED] - if (iy > -1): null

16-05-2025T12:03:22 - [TEST_STEP][PASSED] - y = substring(iy, iy + 4).toInteger(): null

16-05-2025T12:03:22 - [TEST_STEP][PASSED] - println(y): null

16-05-2025T12:03:22 - [TEST_STEP][PASSED] - if (toString().length() == 4): null

16-05-2025T12:03:22 - [TEST_STEP][PASSED] - m = m.substring(0, m.indexOf(y.toString())): null

16-05-2025T12:03:22 - [TEST_STEP][PASSED] - m = m.trim(): null

16-05-2025T12:03:22 - [TEST_STEP][PASSED] - if (m == ""): null

16-05-2025T12:03:22 - [TEST_STEP][PASSED] - dashboardName = "Выполнение бизнес-плана": null

16-05-2025T12:03:22 - [TEST_STEP][PASSED] - workbook01 = getWorkbook(excelFilePath): null

16-05-2025T12:03:22 - [TEST_STEP][PASSED] - sheet01 = getExcelSheet(workbook01, sheetName): null

16-05-2025T12:03:22 - [TEST_STEP][PASSED] - setValueToCellByIndex(sheet01, n, 0, dashboardName): null

16-05-2025T12:03:22 - [TEST_STEP][PASSED] - setValueToCellByIndex(sheet01, n, 1, dZO): null

16-05-2025T12:03:22 - [TEST_STEP][PASSED] - setValueToCellByIndex(sheet01, n, 2, typeOfData): null

16-05-2025T12:03:22 - [TEST_STEP][PASSED] - if (typeOfData == "Факт в процентах" || typeOfData == "План в процентах"): null

16-05-2025T12:03:22 - [TEST_STEP][PASSED] - setValueToCellByIndex(sheet01, n, 3, fileDouble): null

16-05-2025T12:03:22 - [TEST_STEP][PASSED] - setValueToCellByIndex(sheet01, n, 4, pageDouble): null

16-05-2025T12:03:22 - [TEST_STEP][PASSED] - setValueToCellByIndex(sheet01, n, 5, m): null

16-05-2025T12:03:22 - [TEST_STEP][PASSED] - setValueToCellByIndex(sheet01, n, 6, y): null

16-05-2025T12:03:22 - [TEST_STEP][PASSED] - setValueToCellByIndex(sheet01, n, 7, todaysDate): null

16-05-2025T12:03:22 - [TEST_STEP][PASSED] - n = n + 1: null

16-05-2025T12:03:22 - [TEST_STEP][PASSED] - saveWorkbook(excelFilePath, workbook01): null

16-05-2025T12:03:22 - [TEST_STEP][FAILED] - if (verifyEqual(numberOfErrors, 0) == false): null

16-05-2025T12:03:22 - [MESSAGE][FAILED] - Unable to verify equal between actual object '6' and expected object '0' (Root cause: com.kms.katalon.core.exception.StepFailedException: Actual object '6' and expected object '0' are not equal
	at com.kms.katalon.core.keyword.builtin.VerifyEqualKeyword$_verifyEqual_closure1.doCall(VerifyEqualKeyword.groovy:58)
	at com.kms.katalon.core.keyword.builtin.VerifyEqualKeyword$_verifyEqual_closure1.call(VerifyEqualKeyword.groovy)
	at com.kms.katalon.core.keyword.internal.KeywordMain.runKeyword(KeywordMain.groovy:75)
	at com.kms.katalon.core.keyword.builtin.VerifyEqualKeyword.verifyEqual(VerifyEqualKeyword.groovy:63)
	at com.kms.katalon.core.keyword.builtin.VerifyEqualKeyword.execute(VerifyEqualKeyword.groovy:44)
	at com.kms.katalon.core.keyword.internal.KeywordExecutor.executeKeywordForPlatform(KeywordExecutor.groovy:74)
	at com.kms.katalon.core.keyword.BuiltinKeywords.verifyEqual(BuiltinKeywords.groovy:146)
	at jdk.internal.reflect.GeneratedMethodAccessor24.invoke(Unknown Source)
	at java.base/jdk.internal.reflect.DelegatingMethodAccessorImpl.invoke(DelegatingMethodAccessorImpl.java:43)
	at Выполнение бизнес-плана Сверка ПАО Россети все филиалы.Numbers(Выполнение бизнес-плана Сверка ПАО Россети все филиалы:740)
	at Выполнение бизнес-плана Сверка ПАО Россети все филиалы.Filials(Выполнение бизнес-плана Сверка ПАО Россети все филиалы:1551)
	at Выполнение бизнес-плана Сверка ПАО Россети все филиалы.Numbers(Выполнение бизнес-плана Сверка ПАО Россети все филиалы:747)
	at Выполнение бизнес-плана Сверка ПАО Россети все филиалы.run(Выполнение бизнес-плана Сверка ПАО Россети все филиалы:297)
	at com.kms.katalon.core.main.ScriptEngine.run(ScriptEngine.java:194)
	at com.kms.katalon.core.main.ScriptEngine.runScriptAsRawText(ScriptEngine.java:119)
	at com.kms.katalon.core.main.TestCaseExecutor.runScript(TestCaseExecutor.java:448)
	at com.kms.katalon.core.main.TestCaseExecutor.doExecute(TestCaseExecutor.java:439)
	at com.kms.katalon.core.main.TestCaseExecutor.processExecutionPhase(TestCaseExecutor.java:418)
	at com.kms.katalon.core.main.TestCaseExecutor.accessMainPhase(TestCaseExecutor.java:410)
	at com.kms.katalon.core.main.TestCaseExecutor.execute(TestCaseExecutor.java:285)
	at com.kms.katalon.core.common.CommonExecutor.accessTestCaseMainPhase(CommonExecutor.java:65)
	at com.kms.katalon.core.main.TestSuiteExecutor.accessTestSuiteMainPhase(TestSuiteExecutor.java:150)
	at com.kms.katalon.core.main.TestSuiteExecutor.execute(TestSuiteExecutor.java:106)
	at com.kms.katalon.core.main.TestCaseMain.startTestSuite(TestCaseMain.java:180)
	at TempTestSuite1747369435659.run(TempTestSuite1747369435659.groovy:35)
	at java.base/jdk.internal.reflect.NativeMethodAccessorImpl.invoke0(Native Method)
	at java.base/jdk.internal.reflect.NativeMethodAccessorImpl.invoke(NativeMethodAccessorImpl.java:77)
	at java.base/jdk.internal.reflect.DelegatingMethodAccessorImpl.invoke(DelegatingMethodAccessorImpl.java:43)
)

16-05-2025T12:03:22 - [TEST_STEP][PASSED] - println(numberOfErrors): null

16-05-2025T12:03:22 - [TEST_STEP][PASSED] - println("a=" + a): null

16-05-2025T12:03:22 - [TEST_STEP][PASSED] - if (a == 28 || a == 77 || a == 74 || a == 65 || a == 36 || a == 44 || a == 54 || a == 1 || a == 18 || a == 59): null

16-05-2025T12:03:22 - [TEST_STEP][PASSED] - if (a == 82): null

16-05-2025T12:03:22 - [TEST_STEP][PASSED] - filialNum = 0: null

16-05-2025T12:03:22 - [TEST_STEP][PASSED] - if (a == 44): null

16-05-2025T12:03:22 - [TEST_STEP][PASSED] - if (a == 54): null

16-05-2025T12:03:22 - [TEST_STEP][PASSED] - if (a == 59): null

16-05-2025T12:03:22 - [TEST_STEP][PASSED] - Script1718980020443.OpenFilter(): null

16-05-2025T12:03:22 - [TEST_STEP][PASSED] - click(findTestObject("Object Repository/Выполнение бизнес-плана/Фильтр ДЗО")): Object: 'Object Repository/Выполнение бизнес-плана/Фильтр ДЗО' is clicked on

16-05-2025T12:03:23 - [MESSAGE][PASSED] - Object: 'Object Repository/Выполнение бизнес-плана/Фильтр ДЗО' is clicked on

16-05-2025T12:03:23 - [TEST_STEP][PASSED] - click(findTestObject("Выполнение бизнес-плана/Снять выделение в фильтре ДЗО")): Object: 'Object Repository/Выполнение бизнес-плана/Снять выделение в фильтре ДЗО' is clicked on

16-05-2025T12:03:23 - [MESSAGE][PASSED] - Object: 'Object Repository/Выполнение бизнес-плана/Снять выделение в фильтре ДЗО' is clicked on

16-05-2025T12:03:23 - [TEST_STEP][PASSED] - Script1718980020443.CloseFilter(): null

16-05-2025T12:03:23 - [TEST_STEP][PASSED] - scrollToElement(findTestObject("Выполнение бизнес-плана/Заголовок дашборда"), 30): Scroll to object 'Object Repository/Выполнение бизнес-плана/Заголовок дашборда' successfully

16-05-2025T12:03:24 - [MESSAGE][PASSED] - Scroll to object 'Object Repository/Выполнение бизнес-плана/Заголовок дашборда' successfully

16-05-2025T12:03:24 - [TEST_STEP][PASSED] - click(findTestObject("Object Repository/Выполнение бизнес-плана/Применить в фильтре ДЗО")): Object: 'Object Repository/Выполнение бизнес-плана/Применить в фильтре ДЗО' is clicked on

16-05-2025T12:03:25 - [MESSAGE][PASSED] - Object: 'Object Repository/Выполнение бизнес-плана/Применить в фильтре ДЗО' is clicked on

16-05-2025T12:03:25 - [TEST_STEP][PASSED] - delay(20): Delayed 20 second(s)

16-05-2025T12:03:45 - [MESSAGE][PASSED] - Delayed 20 second(s)

16-05-2025T12:03:45 - [TEST_STEP][PASSED] - if (a == 82): null

16-05-2025T12:03:45 - [TEST_STEP][PASSED] - println(dzoNum): null

16-05-2025T12:03:45 - [TEST_STEP][PASSED] - dZO = "Россети Сибирь": null

16-05-2025T12:03:45 - [TEST_STEP][PASSED] - a = 44: null

16-05-2025T12:03:45 - [TEST_STEP][PASSED] - if (x1.contains("Сибирь")): null

16-05-2025T12:03:45 - [TEST_STEP][PASSED] - else: null

16-05-2025T12:03:45 - [TEST_STEP][PASSED] - Script1718980020443.NoData(a, typeOfData, todaysDate, fileInt, fileDouble, dZO): null

16-05-2025T12:03:45 - [TEST_STEP][PASSED] - println(a): null

16-05-2025T12:03:45 - [TEST_STEP][PASSED] - println(todaysDate): null

16-05-2025T12:03:45 - [TEST_STEP][PASSED] - println(fileInt): null

16-05-2025T12:03:45 - [TEST_STEP][PASSED] - println(fileDouble): null

16-05-2025T12:03:45 - [TEST_STEP][PASSED] - println(dZO): null

16-05-2025T12:03:45 - [TEST_STEP][PASSED] - typeOfData = "Факт Отпуск в сеть": null

16-05-2025T12:03:45 - [TEST_STEP][PASSED] - fileInt = replaceAll("\s+", "").toInteger(): null

16-05-2025T12:03:45 - [TEST_STEP][PASSED] - Script1718980020443.WriteToExcelNoData(a, typeOfData, todaysDate, fileInt, fileDouble, dZO): null

16-05-2025T12:03:45 - [TEST_STEP][PASSED] - sheetName = "Sheet1": null

16-05-2025T12:03:45 - [TEST_STEP][PASSED] - data = findTestData("PlanFact"): null

16-05-2025T12:03:45 - [TEST_STEP][PASSED] - n = data.getRowNumbers() + 1: null

16-05-2025T12:03:45 - [TEST_STEP][PASSED] - day = ")).toInteger(): null

16-05-2025T12:03:45 - [TEST_STEP][PASSED] - println(day): null

16-05-2025T12:03:45 - [TEST_STEP][PASSED] - month = ")).toInteger(): null

16-05-2025T12:03:45 - [TEST_STEP][PASSED] - println(month): null

16-05-2025T12:03:45 - [TEST_STEP][PASSED] - y = <not implemented yet for class: org.codehaus.groovy.ast.expr.EmptyExpression>: null

16-05-2025T12:03:45 - [TEST_STEP][PASSED] - iy = <not implemented yet for class: org.codehaus.groovy.ast.expr.EmptyExpression>: null

16-05-2025T12:03:45 - [TEST_STEP][PASSED] - m = getText(findTestObject("Выполнение бизнес-плана/Период")): Text of object 'Object Repository/Выполнение бизнес-плана/Период' is: '1 кв. 2025 года'

16-05-2025T12:03:45 - [MESSAGE][PASSED] - Text of object 'Object Repository/Выполнение бизнес-плана/Период' is: '1 кв. 2025 года'

16-05-2025T12:03:45 - [TEST_STEP][PASSED] - iy = m.indexOf("20"): null

16-05-2025T12:03:45 - [TEST_STEP][PASSED] - if (iy > -1): null

16-05-2025T12:03:45 - [TEST_STEP][PASSED] - y = substring(iy, iy + 4).toInteger(): null

16-05-2025T12:03:45 - [TEST_STEP][PASSED] - println(y): null

16-05-2025T12:03:45 - [TEST_STEP][PASSED] - if (toString().length() == 4): null

16-05-2025T12:03:45 - [TEST_STEP][PASSED] - m = m.substring(0, m.indexOf(y.toString())): null

16-05-2025T12:03:45 - [TEST_STEP][PASSED] - m = m.trim(): null

16-05-2025T12:03:45 - [TEST_STEP][PASSED] - if (m == ""): null

16-05-2025T12:03:45 - [TEST_STEP][PASSED] - dashboardName = "Выполнение бизнес-плана": null

16-05-2025T12:03:45 - [TEST_STEP][PASSED] - workbook01 = getWorkbook(excelFilePath): null

16-05-2025T12:03:45 - [TEST_STEP][PASSED] - sheet01 = getExcelSheet(workbook01, sheetName): null

16-05-2025T12:03:45 - [TEST_STEP][PASSED] - setValueToCellByIndex(sheet01, n, 0, dashboardName): null

16-05-2025T12:03:45 - [TEST_STEP][PASSED] - setValueToCellByIndex(sheet01, n, 1, dZO): null

16-05-2025T12:03:45 - [TEST_STEP][PASSED] - setValueToCellByIndex(sheet01, n, 2, typeOfData): null

16-05-2025T12:03:45 - [TEST_STEP][PASSED] - if (typeOfData == "Факт в процентах" || typeOfData == "План в процентах"): null

16-05-2025T12:03:45 - [TEST_STEP][PASSED] - else: null

16-05-2025T12:03:45 - [TEST_STEP][PASSED] - setValueToCellByIndex(sheet01, n, 3, fileInt): null

16-05-2025T12:03:45 - [TEST_STEP][PASSED] - setValueToCellByIndex(sheet01, n, 4, "нет данных"): null

16-05-2025T12:03:45 - [TEST_STEP][PASSED] - setValueToCellByIndex(sheet01, n, 5, m): null

16-05-2025T12:03:45 - [TEST_STEP][PASSED] - setValueToCellByIndex(sheet01, n, 6, y): null

16-05-2025T12:03:45 - [TEST_STEP][PASSED] - setValueToCellByIndex(sheet01, n, 7, todaysDate): null

16-05-2025T12:03:45 - [TEST_STEP][PASSED] - n = n + 1: null

16-05-2025T12:03:45 - [TEST_STEP][PASSED] - saveWorkbook(excelFilePath, workbook01): null

16-05-2025T12:03:45 - [TEST_STEP][PASSED] - typeOfData = "Факт Потери": null

16-05-2025T12:03:45 - [TEST_STEP][PASSED] - fileInt = replaceAll("\s+", "").toInteger(): null

16-05-2025T12:03:45 - [TEST_STEP][PASSED] - Script1718980020443.WriteToExcelNoData(a, typeOfData, todaysDate, fileInt, fileDouble, dZO): null

16-05-2025T12:03:45 - [TEST_STEP][PASSED] - sheetName = "Sheet1": null

16-05-2025T12:03:45 - [TEST_STEP][PASSED] - data = findTestData("PlanFact"): null

16-05-2025T12:03:45 - [TEST_STEP][PASSED] - n = data.getRowNumbers() + 1: null

16-05-2025T12:03:45 - [TEST_STEP][PASSED] - day = ")).toInteger(): null

16-05-2025T12:03:45 - [TEST_STEP][PASSED] - println(day): null

16-05-2025T12:03:45 - [TEST_STEP][PASSED] - month = ")).toInteger(): null

16-05-2025T12:03:45 - [TEST_STEP][PASSED] - println(month): null

16-05-2025T12:03:45 - [TEST_STEP][PASSED] - y = <not implemented yet for class: org.codehaus.groovy.ast.expr.EmptyExpression>: null

16-05-2025T12:03:45 - [TEST_STEP][PASSED] - iy = <not implemented yet for class: org.codehaus.groovy.ast.expr.EmptyExpression>: null

16-05-2025T12:03:45 - [TEST_STEP][PASSED] - m = getText(findTestObject("Выполнение бизнес-плана/Период")): Text of object 'Object Repository/Выполнение бизнес-плана/Период' is: '1 кв. 2025 года'

16-05-2025T12:03:46 - [MESSAGE][PASSED] - Text of object 'Object Repository/Выполнение бизнес-плана/Период' is: '1 кв. 2025 года'

16-05-2025T12:03:46 - [TEST_STEP][PASSED] - iy = m.indexOf("20"): null

16-05-2025T12:03:46 - [TEST_STEP][PASSED] - if (iy > -1): null

16-05-2025T12:03:46 - [TEST_STEP][PASSED] - y = substring(iy, iy + 4).toInteger(): null

16-05-2025T12:03:46 - [TEST_STEP][PASSED] - println(y): null

16-05-2025T12:03:46 - [TEST_STEP][PASSED] - if (toString().length() == 4): null

16-05-2025T12:03:46 - [TEST_STEP][PASSED] - m = m.substring(0, m.indexOf(y.toString())): null

16-05-2025T12:03:46 - [TEST_STEP][PASSED] - m = m.trim(): null

16-05-2025T12:03:46 - [TEST_STEP][PASSED] - if (m == ""): null

16-05-2025T12:03:46 - [TEST_STEP][PASSED] - dashboardName = "Выполнение бизнес-плана": null

16-05-2025T12:03:46 - [TEST_STEP][PASSED] - workbook01 = getWorkbook(excelFilePath): null

16-05-2025T12:03:46 - [TEST_STEP][PASSED] - sheet01 = getExcelSheet(workbook01, sheetName): null

16-05-2025T12:03:46 - [TEST_STEP][PASSED] - setValueToCellByIndex(sheet01, n, 0, dashboardName): null

16-05-2025T12:03:46 - [TEST_STEP][PASSED] - setValueToCellByIndex(sheet01, n, 1, dZO): null

16-05-2025T12:03:46 - [TEST_STEP][PASSED] - setValueToCellByIndex(sheet01, n, 2, typeOfData): null

16-05-2025T12:03:46 - [TEST_STEP][PASSED] - if (typeOfData == "Факт в процентах" || typeOfData == "План в процентах"): null

16-05-2025T12:03:46 - [TEST_STEP][PASSED] - else: null

16-05-2025T12:03:46 - [TEST_STEP][PASSED] - setValueToCellByIndex(sheet01, n, 3, fileInt): null

16-05-2025T12:03:46 - [TEST_STEP][PASSED] - setValueToCellByIndex(sheet01, n, 4, "нет данных"): null

16-05-2025T12:03:46 - [TEST_STEP][PASSED] - setValueToCellByIndex(sheet01, n, 5, m): null

16-05-2025T12:03:46 - [TEST_STEP][PASSED] - setValueToCellByIndex(sheet01, n, 6, y): null

16-05-2025T12:03:46 - [TEST_STEP][PASSED] - setValueToCellByIndex(sheet01, n, 7, todaysDate): null

16-05-2025T12:03:46 - [TEST_STEP][PASSED] - n = n + 1: null

16-05-2025T12:03:46 - [TEST_STEP][PASSED] - saveWorkbook(excelFilePath, workbook01): null

16-05-2025T12:03:46 - [TEST_STEP][PASSED] - typeOfData = "План Отпуск в сеть": null

16-05-2025T12:03:46 - [TEST_STEP][PASSED] - fileInt = replaceAll("\s+", "").toInteger(): null

16-05-2025T12:03:46 - [TEST_STEP][PASSED] - Script1718980020443.WriteToExcelNoData(a, typeOfData, todaysDate, fileInt, fileDouble, dZO): null

16-05-2025T12:03:46 - [TEST_STEP][PASSED] - sheetName = "Sheet1": null

16-05-2025T12:03:46 - [TEST_STEP][PASSED] - data = findTestData("PlanFact"): null

16-05-2025T12:03:46 - [TEST_STEP][PASSED] - n = data.getRowNumbers() + 1: null

16-05-2025T12:03:46 - [TEST_STEP][PASSED] - day = ")).toInteger(): null

16-05-2025T12:03:46 - [TEST_STEP][PASSED] - println(day): null

16-05-2025T12:03:46 - [TEST_STEP][PASSED] - month = ")).toInteger(): null

16-05-2025T12:03:46 - [TEST_STEP][PASSED] - println(month): null

16-05-2025T12:03:46 - [TEST_STEP][PASSED] - y = <not implemented yet for class: org.codehaus.groovy.ast.expr.EmptyExpression>: null

16-05-2025T12:03:46 - [TEST_STEP][PASSED] - iy = <not implemented yet for class: org.codehaus.groovy.ast.expr.EmptyExpression>: null

16-05-2025T12:03:46 - [TEST_STEP][PASSED] - m = getText(findTestObject("Выполнение бизнес-плана/Период")): Text of object 'Object Repository/Выполнение бизнес-плана/Период' is: '1 кв. 2025 года'

16-05-2025T12:03:46 - [MESSAGE][PASSED] - Text of object 'Object Repository/Выполнение бизнес-плана/Период' is: '1 кв. 2025 года'

16-05-2025T12:03:46 - [TEST_STEP][PASSED] - iy = m.indexOf("20"): null

16-05-2025T12:03:46 - [TEST_STEP][PASSED] - if (iy > -1): null

16-05-2025T12:03:46 - [TEST_STEP][PASSED] - y = substring(iy, iy + 4).toInteger(): null

16-05-2025T12:03:46 - [TEST_STEP][PASSED] - println(y): null

16-05-2025T12:03:46 - [TEST_STEP][PASSED] - if (toString().length() == 4): null

16-05-2025T12:03:46 - [TEST_STEP][PASSED] - m = m.substring(0, m.indexOf(y.toString())): null

16-05-2025T12:03:46 - [TEST_STEP][PASSED] - m = m.trim(): null

16-05-2025T12:03:46 - [TEST_STEP][PASSED] - if (m == ""): null

16-05-2025T12:03:46 - [TEST_STEP][PASSED] - dashboardName = "Выполнение бизнес-плана": null

16-05-2025T12:03:46 - [TEST_STEP][PASSED] - workbook01 = getWorkbook(excelFilePath): null

16-05-2025T12:03:46 - [TEST_STEP][PASSED] - sheet01 = getExcelSheet(workbook01, sheetName): null

16-05-2025T12:03:46 - [TEST_STEP][PASSED] - setValueToCellByIndex(sheet01, n, 0, dashboardName): null

16-05-2025T12:03:46 - [TEST_STEP][PASSED] - setValueToCellByIndex(sheet01, n, 1, dZO): null

16-05-2025T12:03:46 - [TEST_STEP][PASSED] - setValueToCellByIndex(sheet01, n, 2, typeOfData): null

16-05-2025T12:03:46 - [TEST_STEP][PASSED] - if (typeOfData == "Факт в процентах" || typeOfData == "План в процентах"): null

16-05-2025T12:03:46 - [TEST_STEP][PASSED] - else: null

16-05-2025T12:03:46 - [TEST_STEP][PASSED] - setValueToCellByIndex(sheet01, n, 3, fileInt): null

16-05-2025T12:03:46 - [TEST_STEP][PASSED] - setValueToCellByIndex(sheet01, n, 4, "нет данных"): null

16-05-2025T12:03:46 - [TEST_STEP][PASSED] - setValueToCellByIndex(sheet01, n, 5, m): null

16-05-2025T12:03:46 - [TEST_STEP][PASSED] - setValueToCellByIndex(sheet01, n, 6, y): null

16-05-2025T12:03:46 - [TEST_STEP][PASSED] - setValueToCellByIndex(sheet01, n, 7, todaysDate): null

16-05-2025T12:03:46 - [TEST_STEP][PASSED] - n = n + 1: null

16-05-2025T12:03:46 - [TEST_STEP][PASSED] - saveWorkbook(excelFilePath, workbook01): null

16-05-2025T12:03:47 - [TEST_STEP][PASSED] - typeOfData = "План Потери": null

16-05-2025T12:03:47 - [TEST_STEP][PASSED] - fileInt = replaceAll("\s+", "").toInteger(): null

16-05-2025T12:03:47 - [TEST_STEP][PASSED] - Script1718980020443.WriteToExcelNoData(a, typeOfData, todaysDate, fileInt, fileDouble, dZO): null

16-05-2025T12:03:47 - [TEST_STEP][PASSED] - sheetName = "Sheet1": null

16-05-2025T12:03:47 - [TEST_STEP][PASSED] - data = findTestData("PlanFact"): null

16-05-2025T12:03:47 - [TEST_STEP][PASSED] - n = data.getRowNumbers() + 1: null

16-05-2025T12:03:47 - [TEST_STEP][PASSED] - day = ")).toInteger(): null

16-05-2025T12:03:47 - [TEST_STEP][PASSED] - println(day): null

16-05-2025T12:03:47 - [TEST_STEP][PASSED] - month = ")).toInteger(): null

16-05-2025T12:03:47 - [TEST_STEP][PASSED] - println(month): null

16-05-2025T12:03:47 - [TEST_STEP][PASSED] - y = <not implemented yet for class: org.codehaus.groovy.ast.expr.EmptyExpression>: null

16-05-2025T12:03:47 - [TEST_STEP][PASSED] - iy = <not implemented yet for class: org.codehaus.groovy.ast.expr.EmptyExpression>: null

16-05-2025T12:03:47 - [TEST_STEP][PASSED] - m = getText(findTestObject("Выполнение бизнес-плана/Период")): Text of object 'Object Repository/Выполнение бизнес-плана/Период' is: '1 кв. 2025 года'

16-05-2025T12:03:47 - [MESSAGE][PASSED] - Text of object 'Object Repository/Выполнение бизнес-плана/Период' is: '1 кв. 2025 года'

16-05-2025T12:03:47 - [TEST_STEP][PASSED] - iy = m.indexOf("20"): null

16-05-2025T12:03:47 - [TEST_STEP][PASSED] - if (iy > -1): null

16-05-2025T12:03:47 - [TEST_STEP][PASSED] - y = substring(iy, iy + 4).toInteger(): null

16-05-2025T12:03:47 - [TEST_STEP][PASSED] - println(y): null

16-05-2025T12:03:47 - [TEST_STEP][PASSED] - if (toString().length() == 4): null

16-05-2025T12:03:47 - [TEST_STEP][PASSED] - m = m.substring(0, m.indexOf(y.toString())): null

16-05-2025T12:03:47 - [TEST_STEP][PASSED] - m = m.trim(): null

16-05-2025T12:03:47 - [TEST_STEP][PASSED] - if (m == ""): null

16-05-2025T12:03:47 - [TEST_STEP][PASSED] - dashboardName = "Выполнение бизнес-плана": null

16-05-2025T12:03:47 - [TEST_STEP][PASSED] - workbook01 = getWorkbook(excelFilePath): null

16-05-2025T12:03:47 - [TEST_STEP][PASSED] - sheet01 = getExcelSheet(workbook01, sheetName): null

16-05-2025T12:03:47 - [TEST_STEP][PASSED] - setValueToCellByIndex(sheet01, n, 0, dashboardName): null

16-05-2025T12:03:47 - [TEST_STEP][PASSED] - setValueToCellByIndex(sheet01, n, 1, dZO): null

16-05-2025T12:03:47 - [TEST_STEP][PASSED] - setValueToCellByIndex(sheet01, n, 2, typeOfData): null

16-05-2025T12:03:47 - [TEST_STEP][PASSED] - if (typeOfData == "Факт в процентах" || typeOfData == "План в процентах"): null

16-05-2025T12:03:47 - [TEST_STEP][PASSED] - else: null

16-05-2025T12:03:47 - [TEST_STEP][PASSED] - setValueToCellByIndex(sheet01, n, 3, fileInt): null

16-05-2025T12:03:47 - [TEST_STEP][PASSED] - setValueToCellByIndex(sheet01, n, 4, "нет данных"): null

16-05-2025T12:03:47 - [TEST_STEP][PASSED] - setValueToCellByIndex(sheet01, n, 5, m): null

16-05-2025T12:03:47 - [TEST_STEP][PASSED] - setValueToCellByIndex(sheet01, n, 6, y): null

16-05-2025T12:03:47 - [TEST_STEP][PASSED] - setValueToCellByIndex(sheet01, n, 7, todaysDate): null

16-05-2025T12:03:47 - [TEST_STEP][PASSED] - n = n + 1: null

16-05-2025T12:03:47 - [TEST_STEP][PASSED] - saveWorkbook(excelFilePath, workbook01): null

16-05-2025T12:03:47 - [TEST_STEP][PASSED] - typeOfData = "План в процентах": null

16-05-2025T12:03:47 - [TEST_STEP][PASSED] - fileDouble = ").toDouble(): null

16-05-2025T12:03:47 - [TEST_STEP][PASSED] - Script1718980020443.WriteToExcelNoData(a, typeOfData, todaysDate, fileInt, fileDouble, dZO): null

16-05-2025T12:03:47 - [TEST_STEP][PASSED] - sheetName = "Sheet1": null

16-05-2025T12:03:47 - [TEST_STEP][PASSED] - data = findTestData("PlanFact"): null

16-05-2025T12:03:47 - [TEST_STEP][PASSED] - n = data.getRowNumbers() + 1: null

16-05-2025T12:03:47 - [TEST_STEP][PASSED] - day = ")).toInteger(): null

16-05-2025T12:03:47 - [TEST_STEP][PASSED] - println(day): null

16-05-2025T12:03:47 - [TEST_STEP][PASSED] - month = ")).toInteger(): null

16-05-2025T12:03:47 - [TEST_STEP][PASSED] - println(month): null

16-05-2025T12:03:47 - [TEST_STEP][PASSED] - y = <not implemented yet for class: org.codehaus.groovy.ast.expr.EmptyExpression>: null

16-05-2025T12:03:47 - [TEST_STEP][PASSED] - iy = <not implemented yet for class: org.codehaus.groovy.ast.expr.EmptyExpression>: null

16-05-2025T12:03:47 - [TEST_STEP][PASSED] - m = getText(findTestObject("Выполнение бизнес-плана/Период")): Text of object 'Object Repository/Выполнение бизнес-плана/Период' is: '1 кв. 2025 года'

16-05-2025T12:03:48 - [MESSAGE][PASSED] - Text of object 'Object Repository/Выполнение бизнес-плана/Период' is: '1 кв. 2025 года'

16-05-2025T12:03:48 - [TEST_STEP][PASSED] - iy = m.indexOf("20"): null

16-05-2025T12:03:48 - [TEST_STEP][PASSED] - if (iy > -1): null

16-05-2025T12:03:48 - [TEST_STEP][PASSED] - y = substring(iy, iy + 4).toInteger(): null

16-05-2025T12:03:48 - [TEST_STEP][PASSED] - println(y): null

16-05-2025T12:03:48 - [TEST_STEP][PASSED] - if (toString().length() == 4): null

16-05-2025T12:03:48 - [TEST_STEP][PASSED] - m = m.substring(0, m.indexOf(y.toString())): null

16-05-2025T12:03:48 - [TEST_STEP][PASSED] - m = m.trim(): null

16-05-2025T12:03:48 - [TEST_STEP][PASSED] - if (m == ""): null

16-05-2025T12:03:48 - [TEST_STEP][PASSED] - dashboardName = "Выполнение бизнес-плана": null

16-05-2025T12:03:48 - [TEST_STEP][PASSED] - workbook01 = getWorkbook(excelFilePath): null

16-05-2025T12:03:48 - [TEST_STEP][PASSED] - sheet01 = getExcelSheet(workbook01, sheetName): null

16-05-2025T12:03:48 - [TEST_STEP][PASSED] - setValueToCellByIndex(sheet01, n, 0, dashboardName): null

16-05-2025T12:03:48 - [TEST_STEP][PASSED] - setValueToCellByIndex(sheet01, n, 1, dZO): null

16-05-2025T12:03:48 - [TEST_STEP][PASSED] - setValueToCellByIndex(sheet01, n, 2, typeOfData): null

16-05-2025T12:03:48 - [TEST_STEP][PASSED] - if (typeOfData == "Факт в процентах" || typeOfData == "План в процентах"): null

16-05-2025T12:03:48 - [TEST_STEP][PASSED] - setValueToCellByIndex(sheet01, n, 3, fileDouble): null

16-05-2025T12:03:48 - [TEST_STEP][PASSED] - setValueToCellByIndex(sheet01, n, 4, "нет данных"): null

16-05-2025T12:03:48 - [TEST_STEP][PASSED] - setValueToCellByIndex(sheet01, n, 5, m): null

16-05-2025T12:03:48 - [TEST_STEP][PASSED] - setValueToCellByIndex(sheet01, n, 6, y): null

16-05-2025T12:03:48 - [TEST_STEP][PASSED] - setValueToCellByIndex(sheet01, n, 7, todaysDate): null

16-05-2025T12:03:48 - [TEST_STEP][PASSED] - n = n + 1: null

16-05-2025T12:03:48 - [TEST_STEP][PASSED] - saveWorkbook(excelFilePath, workbook01): null

16-05-2025T12:03:48 - [TEST_STEP][PASSED] - typeOfData = "Факт в процентах": null

16-05-2025T12:03:48 - [TEST_STEP][PASSED] - fileDouble = ").toDouble(): null

16-05-2025T12:03:48 - [TEST_STEP][PASSED] - Script1718980020443.WriteToExcelNoData(a, typeOfData, todaysDate, fileInt, fileDouble, dZO): null

16-05-2025T12:03:48 - [TEST_STEP][PASSED] - sheetName = "Sheet1": null

16-05-2025T12:03:48 - [TEST_STEP][PASSED] - data = findTestData("PlanFact"): null

16-05-2025T12:03:48 - [TEST_STEP][PASSED] - n = data.getRowNumbers() + 1: null

16-05-2025T12:03:48 - [TEST_STEP][PASSED] - day = ")).toInteger(): null

16-05-2025T12:03:48 - [TEST_STEP][PASSED] - println(day): null

16-05-2025T12:03:48 - [TEST_STEP][PASSED] - month = ")).toInteger(): null

16-05-2025T12:03:48 - [TEST_STEP][PASSED] - println(month): null

16-05-2025T12:03:48 - [TEST_STEP][PASSED] - y = <not implemented yet for class: org.codehaus.groovy.ast.expr.EmptyExpression>: null

16-05-2025T12:03:48 - [TEST_STEP][PASSED] - iy = <not implemented yet for class: org.codehaus.groovy.ast.expr.EmptyExpression>: null

16-05-2025T12:03:48 - [TEST_STEP][PASSED] - m = getText(findTestObject("Выполнение бизнес-плана/Период")): Text of object 'Object Repository/Выполнение бизнес-плана/Период' is: '1 кв. 2025 года'

16-05-2025T12:03:48 - [MESSAGE][PASSED] - Text of object 'Object Repository/Выполнение бизнес-плана/Период' is: '1 кв. 2025 года'

16-05-2025T12:03:48 - [TEST_STEP][PASSED] - iy = m.indexOf("20"): null

16-05-2025T12:03:48 - [TEST_STEP][PASSED] - if (iy > -1): null

16-05-2025T12:03:48 - [TEST_STEP][PASSED] - y = substring(iy, iy + 4).toInteger(): null

16-05-2025T12:03:48 - [TEST_STEP][PASSED] - println(y): null

16-05-2025T12:03:48 - [TEST_STEP][PASSED] - if (toString().length() == 4): null

16-05-2025T12:03:48 - [TEST_STEP][PASSED] - m = m.substring(0, m.indexOf(y.toString())): null

16-05-2025T12:03:48 - [TEST_STEP][PASSED] - m = m.trim(): null

16-05-2025T12:03:48 - [TEST_STEP][PASSED] - if (m == ""): null

16-05-2025T12:03:48 - [TEST_STEP][PASSED] - dashboardName = "Выполнение бизнес-плана": null

16-05-2025T12:03:48 - [TEST_STEP][PASSED] - workbook01 = getWorkbook(excelFilePath): null

16-05-2025T12:03:48 - [TEST_STEP][PASSED] - sheet01 = getExcelSheet(workbook01, sheetName): null

16-05-2025T12:03:48 - [TEST_STEP][PASSED] - setValueToCellByIndex(sheet01, n, 0, dashboardName): null

16-05-2025T12:03:48 - [TEST_STEP][PASSED] - setValueToCellByIndex(sheet01, n, 1, dZO): null

16-05-2025T12:03:48 - [TEST_STEP][PASSED] - setValueToCellByIndex(sheet01, n, 2, typeOfData): null

16-05-2025T12:03:48 - [TEST_STEP][PASSED] - if (typeOfData == "Факт в процентах" || typeOfData == "План в процентах"): null

16-05-2025T12:03:48 - [TEST_STEP][PASSED] - setValueToCellByIndex(sheet01, n, 3, fileDouble): null

16-05-2025T12:03:48 - [TEST_STEP][PASSED] - setValueToCellByIndex(sheet01, n, 4, "нет данных"): null

16-05-2025T12:03:48 - [TEST_STEP][PASSED] - setValueToCellByIndex(sheet01, n, 5, m): null

16-05-2025T12:03:48 - [TEST_STEP][PASSED] - setValueToCellByIndex(sheet01, n, 6, y): null

16-05-2025T12:03:48 - [TEST_STEP][PASSED] - setValueToCellByIndex(sheet01, n, 7, todaysDate): null

16-05-2025T12:03:48 - [TEST_STEP][PASSED] - n = n + 1: null

16-05-2025T12:03:48 - [TEST_STEP][PASSED] - saveWorkbook(excelFilePath, workbook01): null

16-05-2025T12:03:48 - [TEST_STEP][PASSED] - println(dzoNum): null

16-05-2025T12:03:48 - [TEST_STEP][PASSED] - dZO = "Россети Томск": null

16-05-2025T12:03:48 - [TEST_STEP][PASSED] - a = 53: null

16-05-2025T12:03:48 - [TEST_STEP][PASSED] - if (x1.contains("Томск")): null

16-05-2025T12:03:48 - [TEST_STEP][PASSED] - dzoNum = dzoNum + 1: null

16-05-2025T12:03:48 - [TEST_STEP][PASSED] - Script1718980020443.Numbers(a, typeOfData, todaysDate, pageInt, fileInt, pageDouble, fileDouble, dZO, dzoNum, filialNum): null

16-05-2025T12:03:48 - [TEST_STEP][PASSED] - println(dzoNum): null

16-05-2025T12:03:48 - [TEST_STEP][PASSED] - planFact = <not implemented yet for class: org.codehaus.groovy.ast.expr.EmptyExpression>: null

16-05-2025T12:03:48 - [TEST_STEP][PASSED] - page = <not implemented yet for class: org.codehaus.groovy.ast.expr.EmptyExpression>: null

16-05-2025T12:03:48 - [TEST_STEP][PASSED] - page1 = <not implemented yet for class: org.codehaus.groovy.ast.expr.EmptyExpression>: null

16-05-2025T12:03:48 - [TEST_STEP][PASSED] - page2 = <not implemented yet for class: org.codehaus.groovy.ast.expr.EmptyExpression>: null

16-05-2025T12:03:48 - [TEST_STEP][PASSED] - filialNumberInRow = <not implemented yet for class: org.codehaus.groovy.ast.expr.EmptyExpression>: null

16-05-2025T12:03:48 - [TEST_STEP][PASSED] - filialsDzoNames = <not implemented yet for class: org.codehaus.groovy.ast.expr.EmptyExpression>: null

16-05-2025T12:03:48 - [TEST_STEP][PASSED] - numberOfFilials = <not implemented yet for class: org.codehaus.groovy.ast.expr.EmptyExpression>: null

16-05-2025T12:03:48 - [TEST_STEP][PASSED] - numberOfSpaces = <not implemented yet for class: org.codehaus.groovy.ast.expr.EmptyExpression>: null

16-05-2025T12:03:48 - [TEST_STEP][PASSED] - file = <not implemented yet for class: org.codehaus.groovy.ast.expr.EmptyExpression>: null

16-05-2025T12:03:48 - [TEST_STEP][PASSED] - otpusk = <not implemented yet for class: org.codehaus.groovy.ast.expr.EmptyExpression>: null

16-05-2025T12:03:48 - [TEST_STEP][PASSED] - poteri = <not implemented yet for class: org.codehaus.groovy.ast.expr.EmptyExpression>: null

16-05-2025T12:03:48 - [TEST_STEP][PASSED] - dataFolder = "Выполнение бизнес-плана/Значения со страницы Выполнение бизнес-плана/": null

16-05-2025T12:03:48 - [TEST_STEP][PASSED] - path = <not implemented yet for class: org.codehaus.groovy.ast.expr.EmptyExpression>: null

16-05-2025T12:03:48 - [TEST_STEP][PASSED] - typeOfDataMain = <not implemented yet for class: org.codehaus.groovy.ast.expr.EmptyExpression>: null

16-05-2025T12:03:48 - [TEST_STEP][PASSED] - fileOtpuskVSet = <not implemented yet for class: org.codehaus.groovy.ast.expr.EmptyExpression>: null

16-05-2025T12:03:48 - [TEST_STEP][PASSED] - pageOtpuskVSet = <not implemented yet for class: org.codehaus.groovy.ast.expr.EmptyExpression>: null

16-05-2025T12:03:48 - [TEST_STEP][PASSED] - filePoteri = <not implemented yet for class: org.codehaus.groovy.ast.expr.EmptyExpression>: null

16-05-2025T12:03:48 - [TEST_STEP][PASSED] - pagePoteri = <not implemented yet for class: org.codehaus.groovy.ast.expr.EmptyExpression>: null

16-05-2025T12:03:48 - [TEST_STEP][PASSED] - compare = <not implemented yet for class: org.codehaus.groovy.ast.expr.EmptyExpression>: null

16-05-2025T12:03:48 - [TEST_STEP][PASSED] - b = <not implemented yet for class: org.codehaus.groovy.ast.expr.EmptyExpression>: null

16-05-2025T12:03:48 - [TEST_STEP][PASSED] - i = <not implemented yet for class: org.codehaus.groovy.ast.expr.EmptyExpression>: null

16-05-2025T12:03:48 - [TEST_STEP][PASSED] - ii = <not implemented yet for class: org.codehaus.groovy.ast.expr.EmptyExpression>: null

16-05-2025T12:03:48 - [TEST_STEP][PASSED] - c = <not implemented yet for class: org.codehaus.groovy.ast.expr.EmptyExpression>: null

16-05-2025T12:03:48 - [TEST_STEP][PASSED] - numberOfErrors = 0: null

16-05-2025T12:03:48 - [TEST_STEP][PASSED] - if (a == 82): null

16-05-2025T12:03:48 - [TEST_STEP][PASSED] - b = findTestData("PlanFact").getValue(1, a): null

16-05-2025T12:03:49 - [TEST_STEP][PASSED] - i = b.indexOf(" (ГК)"): null

16-05-2025T12:03:49 - [TEST_STEP][PASSED] - if (i > -1): null

16-05-2025T12:03:49 - [TEST_STEP][PASSED] - i = b.indexOf("О ""): null

16-05-2025T12:03:49 - [TEST_STEP][PASSED] - if (i > -1): null

16-05-2025T12:03:49 - [TEST_STEP][PASSED] - i = b.indexOf("О «"): null

16-05-2025T12:03:49 - [TEST_STEP][PASSED] - if (i > -1): null

16-05-2025T12:03:49 - [TEST_STEP][PASSED] - i = b.indexOf("г. "): null

16-05-2025T12:03:49 - [TEST_STEP][PASSED] - if (i > -1): null

16-05-2025T12:03:49 - [TEST_STEP][PASSED] - b = b.trim(): null

16-05-2025T12:03:49 - [TEST_STEP][PASSED] - println(b): null

16-05-2025T12:03:49 - [TEST_STEP][PASSED] - for ([planFact = 1, planFact < 3, (planFact++)]): Object: 'Object Repository/Выполнение бизнес-плана/Кнопка Факт' is clicked on

16-05-2025T12:03:49 - [TEST_STEP][PASSED] - if (planFact == 1): null

16-05-2025T12:03:49 - [TEST_STEP][PASSED] - typeOfDataMain = "Факт": null

16-05-2025T12:03:49 - [TEST_STEP][PASSED] - otpusk = findTestData("PlanFact").getValue(5, a): null

16-05-2025T12:03:49 - [TEST_STEP][PASSED] - poteri = findTestData("PlanFact").getValue(6, a): null

16-05-2025T12:03:49 - [TEST_STEP][PASSED] - otpusk = otpusk.replaceAll("\s+", ""): null

16-05-2025T12:03:49 - [TEST_STEP][PASSED] - poteri = poteri.replaceAll("\s+", ""): null

16-05-2025T12:03:49 - [TEST_STEP][PASSED] - typeOfData = typeOfDataMain + " Отпуск в сеть": null

16-05-2025T12:03:49 - [TEST_STEP][PASSED] - if (a == 82): null

16-05-2025T12:03:49 - [TEST_STEP][PASSED] - else if (a == 84): null

16-05-2025T12:03:49 - [TEST_STEP][PASSED] - else if (a == 83 || a == 52 || a == 72 || a == 28 || a == 73 || a == 77 || a == 74 || a == 65 || a == 36 || a == 44 || a == 53 || a == 80 || a == 54 || a == 1 || a == 18 || a == 59 || a == 81): null

16-05-2025T12:03:49 - [TEST_STEP][PASSED] - path = dataFolder + "Table Data/" + typeOfData + " за отчётный период " + dzoNum: null

16-05-2025T12:03:49 - [TEST_STEP][PASSED] - println(path): null

16-05-2025T12:03:49 - [TEST_STEP][PASSED] - page = getText(findTestObject(path)): Text of object 'Object Repository/Выполнение бизнес-плана/Значения со страницы Выполнение бизнес-плана/Table Data/Факт Отпуск в сеть за отчётный период 5' is: '1 364 454'

16-05-2025T12:03:49 - [MESSAGE][PASSED] - Text of object 'Object Repository/Выполнение бизнес-плана/Значения со страницы Выполнение бизнес-плана/Table Data/Факт Отпуск в сеть за отчётный период 5' is: '1 364 454'

16-05-2025T12:03:49 - [TEST_STEP][PASSED] - if (page == "" || page == null): null

16-05-2025T12:03:49 - [TEST_STEP][PASSED] - else: null

16-05-2025T12:03:49 - [TEST_STEP][PASSED] - page = page.replaceAll("\s+", ""): null

16-05-2025T12:03:49 - [TEST_STEP][PASSED] - if (page == "undefined"): null

16-05-2025T12:03:49 - [TEST_STEP][PASSED] - fileOtpuskVSet = otpusk.toInteger(): null

16-05-2025T12:03:49 - [TEST_STEP][PASSED] - pageOtpuskVSet = page.toInteger(): null

16-05-2025T12:03:49 - [TEST_STEP][PASSED] - typeOfData = typeOfDataMain + " Потери": null

16-05-2025T12:03:49 - [TEST_STEP][PASSED] - if (a == 82): null

16-05-2025T12:03:49 - [TEST_STEP][PASSED] - else if (a == 84): null

16-05-2025T12:03:49 - [TEST_STEP][PASSED] - else if (a == 83 || a == 52 || a == 72 || a == 28 || a == 73 || a == 77 || a == 74 || a == 65 || a == 36 || a == 44 || a == 53 || a == 80 || a == 54 || a == 1 || a == 18 || a == 59 || a == 81): null

16-05-2025T12:03:49 - [TEST_STEP][PASSED] - path = dataFolder + "Table Data/" + typeOfData + " за отчётный период " + dzoNum: null

16-05-2025T12:03:49 - [TEST_STEP][PASSED] - page = getText(findTestObject(path)): Text of object 'Object Repository/Выполнение бизнес-плана/Значения со страницы Выполнение бизнес-плана/Table Data/Факт Потери за отчётный период 5' is: '144 015'

16-05-2025T12:03:49 - [MESSAGE][PASSED] - Text of object 'Object Repository/Выполнение бизнес-плана/Значения со страницы Выполнение бизнес-плана/Table Data/Факт Потери за отчётный период 5' is: '144 015'

16-05-2025T12:03:49 - [TEST_STEP][PASSED] - if (page == "" || page == null): null

16-05-2025T12:03:49 - [TEST_STEP][PASSED] - else: null

16-05-2025T12:03:49 - [TEST_STEP][PASSED] - page = page.replaceAll("\s+", ""): null

16-05-2025T12:03:49 - [TEST_STEP][PASSED] - if (page == "undefined"): null

16-05-2025T12:03:49 - [TEST_STEP][PASSED] - filePoteri = poteri.toInteger(): null

16-05-2025T12:03:49 - [TEST_STEP][PASSED] - pagePoteri = page.toInteger(): null

16-05-2025T12:03:49 - [TEST_STEP][PASSED] - compare = pageOtpuskVSet: null

16-05-2025T12:03:49 - [TEST_STEP][PASSED] - if (pageOtpuskVSet != null): null

16-05-2025T12:03:49 - [TEST_STEP][PASSED] - if (compare == fileOtpuskVSet): null

16-05-2025T12:03:49 - [TEST_STEP][PASSED] - if (compare == fileOtpuskVSet): null

16-05-2025T12:03:49 - [TEST_STEP][PASSED] - compare = pagePoteri: null

16-05-2025T12:03:49 - [TEST_STEP][PASSED] - if (pageOtpuskVSet != null): null

16-05-2025T12:03:49 - [TEST_STEP][PASSED] - if (compare == filePoteri): null

16-05-2025T12:03:49 - [TEST_STEP][PASSED] - if (compare == filePoteri): null

16-05-2025T12:03:49 - [TEST_STEP][PASSED] - if (planFact == 2): null

16-05-2025T12:03:49 - [TEST_STEP][PASSED] - if (planFact == 1): null

16-05-2025T12:03:49 - [TEST_STEP][PASSED] - else if (planFact == 2): null

16-05-2025T12:03:49 - [TEST_STEP][PASSED] - click(findTestObject("Выполнение бизнес-плана/Кнопка План")): Object: 'Object Repository/Выполнение бизнес-плана/Кнопка План' is clicked on

16-05-2025T12:03:50 - [MESSAGE][PASSED] - Object: 'Object Repository/Выполнение бизнес-плана/Кнопка План' is clicked on

16-05-2025T12:03:50 - [TEST_STEP][PASSED] - typeOfDataMain = "План": null

16-05-2025T12:03:50 - [TEST_STEP][PASSED] - otpusk = findTestData("PlanFact").getValue(2, a): null

16-05-2025T12:03:50 - [TEST_STEP][PASSED] - poteri = findTestData("PlanFact").getValue(3, a): null

16-05-2025T12:03:50 - [TEST_STEP][PASSED] - otpusk = otpusk.replaceAll("\s+", ""): null

16-05-2025T12:03:50 - [TEST_STEP][PASSED] - poteri = poteri.replaceAll("\s+", ""): null

16-05-2025T12:03:50 - [TEST_STEP][PASSED] - typeOfData = typeOfDataMain + " Отпуск в сеть": null

16-05-2025T12:03:50 - [TEST_STEP][PASSED] - if (a == 82): null

16-05-2025T12:03:50 - [TEST_STEP][PASSED] - else if (a == 84): null

16-05-2025T12:03:50 - [TEST_STEP][PASSED] - else if (a == 83 || a == 52 || a == 72 || a == 28 || a == 73 || a == 77 || a == 74 || a == 65 || a == 36 || a == 44 || a == 53 || a == 80 || a == 54 || a == 1 || a == 18 || a == 59 || a == 81): null

16-05-2025T12:03:50 - [TEST_STEP][PASSED] - path = dataFolder + "Table Data/" + typeOfData + " за отчётный период " + dzoNum: null

16-05-2025T12:03:50 - [TEST_STEP][PASSED] - println(path): null

16-05-2025T12:03:50 - [TEST_STEP][PASSED] - page = getText(findTestObject(path)): Text of object 'Object Repository/Выполнение бизнес-плана/Значения со страницы Выполнение бизнес-плана/Table Data/План Отпуск в сеть за отчётный период 5' is: '1 428 476'

16-05-2025T12:03:50 - [MESSAGE][PASSED] - Text of object 'Object Repository/Выполнение бизнес-плана/Значения со страницы Выполнение бизнес-плана/Table Data/План Отпуск в сеть за отчётный период 5' is: '1 428 476'

16-05-2025T12:03:50 - [TEST_STEP][PASSED] - if (page == "" || page == null): null

16-05-2025T12:03:50 - [TEST_STEP][PASSED] - else: null

16-05-2025T12:03:50 - [TEST_STEP][PASSED] - page = page.replaceAll("\s+", ""): null

16-05-2025T12:03:50 - [TEST_STEP][PASSED] - if (page == "undefined"): null

16-05-2025T12:03:50 - [TEST_STEP][PASSED] - fileOtpuskVSet = otpusk.toInteger(): null

16-05-2025T12:03:50 - [TEST_STEP][PASSED] - pageOtpuskVSet = page.toInteger(): null

16-05-2025T12:03:50 - [TEST_STEP][PASSED] - typeOfData = typeOfDataMain + " Потери": null

16-05-2025T12:03:50 - [TEST_STEP][PASSED] - if (a == 82): null

16-05-2025T12:03:50 - [TEST_STEP][PASSED] - else if (a == 84): null

16-05-2025T12:03:50 - [TEST_STEP][PASSED] - else if (a == 83 || a == 52 || a == 72 || a == 28 || a == 73 || a == 77 || a == 74 || a == 65 || a == 36 || a == 44 || a == 53 || a == 80 || a == 54 || a == 1 || a == 18 || a == 59 || a == 81): null

16-05-2025T12:03:50 - [TEST_STEP][PASSED] - path = dataFolder + "Table Data/" + typeOfData + " за отчётный период " + dzoNum: null

16-05-2025T12:03:50 - [TEST_STEP][PASSED] - page = getText(findTestObject(path)): Text of object 'Object Repository/Выполнение бизнес-плана/Значения со страницы Выполнение бизнес-плана/Table Data/План Потери за отчётный период 5' is: '153 416'

16-05-2025T12:03:50 - [MESSAGE][PASSED] - Text of object 'Object Repository/Выполнение бизнес-плана/Значения со страницы Выполнение бизнес-плана/Table Data/План Потери за отчётный период 5' is: '153 416'

16-05-2025T12:03:50 - [TEST_STEP][PASSED] - if (page == "" || page == null): null

16-05-2025T12:03:50 - [TEST_STEP][PASSED] - else: null

16-05-2025T12:03:50 - [TEST_STEP][PASSED] - page = page.replaceAll("\s+", ""): null

16-05-2025T12:03:50 - [TEST_STEP][PASSED] - if (page == "undefined"): null

16-05-2025T12:03:50 - [TEST_STEP][PASSED] - filePoteri = poteri.toInteger(): null

16-05-2025T12:03:50 - [TEST_STEP][PASSED] - pagePoteri = page.toInteger(): null

16-05-2025T12:03:50 - [TEST_STEP][PASSED] - compare = pageOtpuskVSet: null

16-05-2025T12:03:50 - [TEST_STEP][PASSED] - if (pageOtpuskVSet != null): null

16-05-2025T12:03:50 - [TEST_STEP][PASSED] - if (compare == fileOtpuskVSet): null

16-05-2025T12:03:50 - [TEST_STEP][PASSED] - if (compare == fileOtpuskVSet): null

16-05-2025T12:03:50 - [TEST_STEP][PASSED] - compare = pagePoteri: null

16-05-2025T12:03:50 - [TEST_STEP][PASSED] - if (pageOtpuskVSet != null): null

16-05-2025T12:03:50 - [TEST_STEP][PASSED] - if (compare == filePoteri): null

16-05-2025T12:03:50 - [TEST_STEP][PASSED] - if (compare == filePoteri): null

16-05-2025T12:03:50 - [TEST_STEP][PASSED] - if (planFact == 2): Object: 'Object Repository/Выполнение бизнес-плана/Кнопка Факт' is clicked on

16-05-2025T12:03:50 - [TEST_STEP][PASSED] - click(findTestObject("Выполнение бизнес-плана/Кнопка Факт")): Object: 'Object Repository/Выполнение бизнес-плана/Кнопка Факт' is clicked on

16-05-2025T12:03:51 - [MESSAGE][PASSED] - Object: 'Object Repository/Выполнение бизнес-плана/Кнопка Факт' is clicked on

16-05-2025T12:03:51 - [TEST_STEP][PASSED] - println("a=" + a): null

16-05-2025T12:03:51 - [TEST_STEP][PASSED] - if (a == 84 || a == 82): null

16-05-2025T12:03:51 - [TEST_STEP][PASSED] - else if (a == 83 || a == 52 || a == 72 || a == 28 || a == 73 || a == 77 || a == 74 || a == 65 || a == 36 || a == 44 || a == 53 || a == 80 || a == 54 || a == 1 || a == 18 || a == 59 || a == 81): null

16-05-2025T12:03:51 - [TEST_STEP][PASSED] - page1 = getText(findTestObject("Object Repository/Выполнение бизнес-плана/spanPlan" + dzoNum)): Text of object 'Object Repository/Выполнение бизнес-плана/spanPlan5' is: '10.74
|'

16-05-2025T12:03:51 - [MESSAGE][PASSED] - Text of object 'Object Repository/Выполнение бизнес-плана/spanPlan5' is: '10.74
|'

16-05-2025T12:03:51 - [TEST_STEP][PASSED] - page1 = page1.replace("|", ""): null

16-05-2025T12:03:51 - [TEST_STEP][PASSED] - page2 = getText(findTestObject("Object Repository/Выполнение бизнес-плана/spanFact" + dzoNum)): Text of object 'Object Repository/Выполнение бизнес-плана/spanFact5' is: '10.55'

16-05-2025T12:03:51 - [MESSAGE][PASSED] - Text of object 'Object Repository/Выполнение бизнес-плана/spanFact5' is: '10.55'

16-05-2025T12:03:51 - [TEST_STEP][PASSED] - page2 = page2.replace("|", ""): null

16-05-2025T12:03:51 - [TEST_STEP][PASSED] - println("page1: " + page1): null

16-05-2025T12:03:51 - [TEST_STEP][PASSED] - println("page2: " + page2): null

16-05-2025T12:03:51 - [TEST_STEP][PASSED] - file = findTestData("PlanFact").getValue(4, a): null

16-05-2025T12:03:51 - [TEST_STEP][PASSED] - file = file.replace(",", "."): null

16-05-2025T12:03:51 - [TEST_STEP][PASSED] - println("file Plan: " + file): null

16-05-2025T12:03:51 - [TEST_STEP][PASSED] - typeOfData = "План в процентах": null

16-05-2025T12:03:51 - [TEST_STEP][PASSED] - fileDouble = file.toDouble(): null

16-05-2025T12:03:51 - [TEST_STEP][PASSED] - pageDouble = page1.toDouble(): null

16-05-2025T12:03:51 - [TEST_STEP][PASSED] - if (fileDouble != pageDouble): null

16-05-2025T12:03:51 - [TEST_STEP][PASSED] - file = findTestData("PlanFact").getValue(7, a): null

16-05-2025T12:03:51 - [TEST_STEP][PASSED] - file = file.replace(",", "."): null

16-05-2025T12:03:51 - [TEST_STEP][PASSED] - println("file Fact: " + file): null

16-05-2025T12:03:51 - [TEST_STEP][PASSED] - fileDouble = file.toDouble(): null

16-05-2025T12:03:51 - [TEST_STEP][PASSED] - typeOfData = "Факт в процентах": null

16-05-2025T12:03:51 - [TEST_STEP][PASSED] - fileDouble = file.toDouble(): null

16-05-2025T12:03:51 - [TEST_STEP][PASSED] - pageDouble = page2.toDouble(): null

16-05-2025T12:03:51 - [TEST_STEP][PASSED] - if (fileDouble != pageDouble): null

16-05-2025T12:03:51 - [TEST_STEP][PASSED] - if (verifyEqual(numberOfErrors, 0) == false): Actual object '0' and expected object '0' are equal

16-05-2025T12:03:51 - [MESSAGE][PASSED] - Actual object '0' and expected object '0' are equal

16-05-2025T12:03:51 - [TEST_STEP][PASSED] - if (a == 82): null

16-05-2025T12:03:51 - [TEST_STEP][PASSED] - println(dzoNum): null

16-05-2025T12:03:51 - [TEST_STEP][PASSED] - dZO = "Россети Тюмень": null

16-05-2025T12:03:51 - [TEST_STEP][PASSED] - a = 80: null

16-05-2025T12:03:51 - [TEST_STEP][PASSED] - if (x1.contains("Тюмень")): null

16-05-2025T12:03:51 - [TEST_STEP][PASSED] - else: null

16-05-2025T12:03:51 - [TEST_STEP][PASSED] - Script1718980020443.NoData(a, typeOfData, todaysDate, fileInt, fileDouble, dZO): null

16-05-2025T12:03:51 - [TEST_STEP][PASSED] - println(a): null

16-05-2025T12:03:51 - [TEST_STEP][PASSED] - println(todaysDate): null

16-05-2025T12:03:51 - [TEST_STEP][PASSED] - println(fileInt): null

16-05-2025T12:03:51 - [TEST_STEP][PASSED] - println(fileDouble): null

16-05-2025T12:03:51 - [TEST_STEP][PASSED] - println(dZO): null

16-05-2025T12:03:51 - [TEST_STEP][PASSED] - typeOfData = "Факт Отпуск в сеть": null

16-05-2025T12:03:51 - [TEST_STEP][PASSED] - fileInt = replaceAll("\s+", "").toInteger(): null

16-05-2025T12:03:51 - [TEST_STEP][PASSED] - Script1718980020443.WriteToExcelNoData(a, typeOfData, todaysDate, fileInt, fileDouble, dZO): null

16-05-2025T12:03:51 - [TEST_STEP][PASSED] - sheetName = "Sheet1": null

16-05-2025T12:03:51 - [TEST_STEP][PASSED] - data = findTestData("PlanFact"): null

16-05-2025T12:03:51 - [TEST_STEP][PASSED] - n = data.getRowNumbers() + 1: null

16-05-2025T12:03:51 - [TEST_STEP][PASSED] - day = ")).toInteger(): null

16-05-2025T12:03:51 - [TEST_STEP][PASSED] - println(day): null

16-05-2025T12:03:51 - [TEST_STEP][PASSED] - month = ")).toInteger(): null

16-05-2025T12:03:51 - [TEST_STEP][PASSED] - println(month): null

16-05-2025T12:03:51 - [TEST_STEP][PASSED] - y = <not implemented yet for class: org.codehaus.groovy.ast.expr.EmptyExpression>: null

16-05-2025T12:03:51 - [TEST_STEP][PASSED] - iy = <not implemented yet for class: org.codehaus.groovy.ast.expr.EmptyExpression>: null

16-05-2025T12:03:51 - [TEST_STEP][PASSED] - m = getText(findTestObject("Выполнение бизнес-плана/Период")): Text of object 'Object Repository/Выполнение бизнес-плана/Период' is: '1 кв. 2025 года'

16-05-2025T12:03:52 - [MESSAGE][PASSED] - Text of object 'Object Repository/Выполнение бизнес-плана/Период' is: '1 кв. 2025 года'

16-05-2025T12:03:52 - [TEST_STEP][PASSED] - iy = m.indexOf("20"): null

16-05-2025T12:03:52 - [TEST_STEP][PASSED] - if (iy > -1): null

16-05-2025T12:03:52 - [TEST_STEP][PASSED] - y = substring(iy, iy + 4).toInteger(): null

16-05-2025T12:03:52 - [TEST_STEP][PASSED] - println(y): null

16-05-2025T12:03:52 - [TEST_STEP][PASSED] - if (toString().length() == 4): null

16-05-2025T12:03:52 - [TEST_STEP][PASSED] - m = m.substring(0, m.indexOf(y.toString())): null

16-05-2025T12:03:52 - [TEST_STEP][PASSED] - m = m.trim(): null

16-05-2025T12:03:52 - [TEST_STEP][PASSED] - if (m == ""): null

16-05-2025T12:03:52 - [TEST_STEP][PASSED] - dashboardName = "Выполнение бизнес-плана": null

16-05-2025T12:03:52 - [TEST_STEP][PASSED] - workbook01 = getWorkbook(excelFilePath): null

16-05-2025T12:03:52 - [TEST_STEP][PASSED] - sheet01 = getExcelSheet(workbook01, sheetName): null

16-05-2025T12:03:52 - [TEST_STEP][PASSED] - setValueToCellByIndex(sheet01, n, 0, dashboardName): null

16-05-2025T12:03:52 - [TEST_STEP][PASSED] - setValueToCellByIndex(sheet01, n, 1, dZO): null

16-05-2025T12:03:52 - [TEST_STEP][PASSED] - setValueToCellByIndex(sheet01, n, 2, typeOfData): null

16-05-2025T12:03:52 - [TEST_STEP][PASSED] - if (typeOfData == "Факт в процентах" || typeOfData == "План в процентах"): null

16-05-2025T12:03:52 - [TEST_STEP][PASSED] - else: null

16-05-2025T12:03:52 - [TEST_STEP][PASSED] - setValueToCellByIndex(sheet01, n, 3, fileInt): null

16-05-2025T12:03:52 - [TEST_STEP][PASSED] - setValueToCellByIndex(sheet01, n, 4, "нет данных"): null

16-05-2025T12:03:52 - [TEST_STEP][PASSED] - setValueToCellByIndex(sheet01, n, 5, m): null

16-05-2025T12:03:52 - [TEST_STEP][PASSED] - setValueToCellByIndex(sheet01, n, 6, y): null

16-05-2025T12:03:52 - [TEST_STEP][PASSED] - setValueToCellByIndex(sheet01, n, 7, todaysDate): null

16-05-2025T12:03:52 - [TEST_STEP][PASSED] - n = n + 1: null

16-05-2025T12:03:52 - [TEST_STEP][PASSED] - saveWorkbook(excelFilePath, workbook01): null

16-05-2025T12:03:52 - [TEST_STEP][PASSED] - typeOfData = "Факт Потери": null

16-05-2025T12:03:52 - [TEST_STEP][PASSED] - fileInt = replaceAll("\s+", "").toInteger(): null

16-05-2025T12:03:52 - [TEST_STEP][PASSED] - Script1718980020443.WriteToExcelNoData(a, typeOfData, todaysDate, fileInt, fileDouble, dZO): null

16-05-2025T12:03:52 - [TEST_STEP][PASSED] - sheetName = "Sheet1": null

16-05-2025T12:03:52 - [TEST_STEP][PASSED] - data = findTestData("PlanFact"): null

16-05-2025T12:03:52 - [TEST_STEP][PASSED] - n = data.getRowNumbers() + 1: null

16-05-2025T12:03:52 - [TEST_STEP][PASSED] - day = ")).toInteger(): null

16-05-2025T12:03:52 - [TEST_STEP][PASSED] - println(day): null

16-05-2025T12:03:52 - [TEST_STEP][PASSED] - month = ")).toInteger(): null

16-05-2025T12:03:52 - [TEST_STEP][PASSED] - println(month): null

16-05-2025T12:03:52 - [TEST_STEP][PASSED] - y = <not implemented yet for class: org.codehaus.groovy.ast.expr.EmptyExpression>: null

16-05-2025T12:03:52 - [TEST_STEP][PASSED] - iy = <not implemented yet for class: org.codehaus.groovy.ast.expr.EmptyExpression>: null

16-05-2025T12:03:52 - [TEST_STEP][PASSED] - m = getText(findTestObject("Выполнение бизнес-плана/Период")): Text of object 'Object Repository/Выполнение бизнес-плана/Период' is: '1 кв. 2025 года'

16-05-2025T12:03:52 - [MESSAGE][PASSED] - Text of object 'Object Repository/Выполнение бизнес-плана/Период' is: '1 кв. 2025 года'

16-05-2025T12:03:52 - [TEST_STEP][PASSED] - iy = m.indexOf("20"): null

16-05-2025T12:03:52 - [TEST_STEP][PASSED] - if (iy > -1): null

16-05-2025T12:03:52 - [TEST_STEP][PASSED] - y = substring(iy, iy + 4).toInteger(): null

16-05-2025T12:03:52 - [TEST_STEP][PASSED] - println(y): null

16-05-2025T12:03:52 - [TEST_STEP][PASSED] - if (toString().length() == 4): null

16-05-2025T12:03:52 - [TEST_STEP][PASSED] - m = m.substring(0, m.indexOf(y.toString())): null

16-05-2025T12:03:52 - [TEST_STEP][PASSED] - m = m.trim(): null

16-05-2025T12:03:52 - [TEST_STEP][PASSED] - if (m == ""): null

16-05-2025T12:03:52 - [TEST_STEP][PASSED] - dashboardName = "Выполнение бизнес-плана": null

16-05-2025T12:03:52 - [TEST_STEP][PASSED] - workbook01 = getWorkbook(excelFilePath): null

16-05-2025T12:03:52 - [TEST_STEP][PASSED] - sheet01 = getExcelSheet(workbook01, sheetName): null

16-05-2025T12:03:52 - [TEST_STEP][PASSED] - setValueToCellByIndex(sheet01, n, 0, dashboardName): null

16-05-2025T12:03:52 - [TEST_STEP][PASSED] - setValueToCellByIndex(sheet01, n, 1, dZO): null

16-05-2025T12:03:52 - [TEST_STEP][PASSED] - setValueToCellByIndex(sheet01, n, 2, typeOfData): null

16-05-2025T12:03:52 - [TEST_STEP][PASSED] - if (typeOfData == "Факт в процентах" || typeOfData == "План в процентах"): null

16-05-2025T12:03:52 - [TEST_STEP][PASSED] - else: null

16-05-2025T12:03:52 - [TEST_STEP][PASSED] - setValueToCellByIndex(sheet01, n, 3, fileInt): null

16-05-2025T12:03:52 - [TEST_STEP][PASSED] - setValueToCellByIndex(sheet01, n, 4, "нет данных"): null

16-05-2025T12:03:52 - [TEST_STEP][PASSED] - setValueToCellByIndex(sheet01, n, 5, m): null

16-05-2025T12:03:52 - [TEST_STEP][PASSED] - setValueToCellByIndex(sheet01, n, 6, y): null

16-05-2025T12:03:52 - [TEST_STEP][PASSED] - setValueToCellByIndex(sheet01, n, 7, todaysDate): null

16-05-2025T12:03:52 - [TEST_STEP][PASSED] - n = n + 1: null

16-05-2025T12:03:52 - [TEST_STEP][PASSED] - saveWorkbook(excelFilePath, workbook01): null

16-05-2025T12:03:53 - [TEST_STEP][PASSED] - typeOfData = "План Отпуск в сеть": null

16-05-2025T12:03:53 - [TEST_STEP][PASSED] - fileInt = replaceAll("\s+", "").toInteger(): null

16-05-2025T12:03:53 - [TEST_STEP][PASSED] - Script1718980020443.WriteToExcelNoData(a, typeOfData, todaysDate, fileInt, fileDouble, dZO): null

16-05-2025T12:03:53 - [TEST_STEP][PASSED] - sheetName = "Sheet1": null

16-05-2025T12:03:53 - [TEST_STEP][PASSED] - data = findTestData("PlanFact"): null

16-05-2025T12:03:53 - [TEST_STEP][PASSED] - n = data.getRowNumbers() + 1: null

16-05-2025T12:03:53 - [TEST_STEP][PASSED] - day = ")).toInteger(): null

16-05-2025T12:03:53 - [TEST_STEP][PASSED] - println(day): null

16-05-2025T12:03:53 - [TEST_STEP][PASSED] - month = ")).toInteger(): null

16-05-2025T12:03:53 - [TEST_STEP][PASSED] - println(month): null

16-05-2025T12:03:53 - [TEST_STEP][PASSED] - y = <not implemented yet for class: org.codehaus.groovy.ast.expr.EmptyExpression>: null

16-05-2025T12:03:53 - [TEST_STEP][PASSED] - iy = <not implemented yet for class: org.codehaus.groovy.ast.expr.EmptyExpression>: null

16-05-2025T12:03:53 - [TEST_STEP][PASSED] - m = getText(findTestObject("Выполнение бизнес-плана/Период")): Text of object 'Object Repository/Выполнение бизнес-плана/Период' is: '1 кв. 2025 года'

16-05-2025T12:03:53 - [MESSAGE][PASSED] - Text of object 'Object Repository/Выполнение бизнес-плана/Период' is: '1 кв. 2025 года'

16-05-2025T12:03:53 - [TEST_STEP][PASSED] - iy = m.indexOf("20"): null

16-05-2025T12:03:53 - [TEST_STEP][PASSED] - if (iy > -1): null

16-05-2025T12:03:53 - [TEST_STEP][PASSED] - y = substring(iy, iy + 4).toInteger(): null

16-05-2025T12:03:53 - [TEST_STEP][PASSED] - println(y): null

16-05-2025T12:03:53 - [TEST_STEP][PASSED] - if (toString().length() == 4): null

16-05-2025T12:03:53 - [TEST_STEP][PASSED] - m = m.substring(0, m.indexOf(y.toString())): null

16-05-2025T12:03:53 - [TEST_STEP][PASSED] - m = m.trim(): null

16-05-2025T12:03:53 - [TEST_STEP][PASSED] - if (m == ""): null

16-05-2025T12:03:53 - [TEST_STEP][PASSED] - dashboardName = "Выполнение бизнес-плана": null

16-05-2025T12:03:53 - [TEST_STEP][PASSED] - workbook01 = getWorkbook(excelFilePath): null

16-05-2025T12:03:53 - [TEST_STEP][PASSED] - sheet01 = getExcelSheet(workbook01, sheetName): null

16-05-2025T12:03:53 - [TEST_STEP][PASSED] - setValueToCellByIndex(sheet01, n, 0, dashboardName): null

16-05-2025T12:03:53 - [TEST_STEP][PASSED] - setValueToCellByIndex(sheet01, n, 1, dZO): null

16-05-2025T12:03:53 - [TEST_STEP][PASSED] - setValueToCellByIndex(sheet01, n, 2, typeOfData): null

16-05-2025T12:03:53 - [TEST_STEP][PASSED] - if (typeOfData == "Факт в процентах" || typeOfData == "План в процентах"): null

16-05-2025T12:03:53 - [TEST_STEP][PASSED] - else: null

16-05-2025T12:03:53 - [TEST_STEP][PASSED] - setValueToCellByIndex(sheet01, n, 3, fileInt): null

16-05-2025T12:03:53 - [TEST_STEP][PASSED] - setValueToCellByIndex(sheet01, n, 4, "нет данных"): null

16-05-2025T12:03:53 - [TEST_STEP][PASSED] - setValueToCellByIndex(sheet01, n, 5, m): null

16-05-2025T12:03:53 - [TEST_STEP][PASSED] - setValueToCellByIndex(sheet01, n, 6, y): null

16-05-2025T12:03:53 - [TEST_STEP][PASSED] - setValueToCellByIndex(sheet01, n, 7, todaysDate): null

16-05-2025T12:03:53 - [TEST_STEP][PASSED] - n = n + 1: null

16-05-2025T12:03:53 - [TEST_STEP][PASSED] - saveWorkbook(excelFilePath, workbook01): null

16-05-2025T12:03:53 - [TEST_STEP][PASSED] - typeOfData = "План Потери": null

16-05-2025T12:03:53 - [TEST_STEP][PASSED] - fileInt = replaceAll("\s+", "").toInteger(): null

16-05-2025T12:03:53 - [TEST_STEP][PASSED] - Script1718980020443.WriteToExcelNoData(a, typeOfData, todaysDate, fileInt, fileDouble, dZO): null

16-05-2025T12:03:53 - [TEST_STEP][PASSED] - sheetName = "Sheet1": null

16-05-2025T12:03:53 - [TEST_STEP][PASSED] - data = findTestData("PlanFact"): null

16-05-2025T12:03:54 - [TEST_STEP][PASSED] - n = data.getRowNumbers() + 1: null

16-05-2025T12:03:54 - [TEST_STEP][PASSED] - day = ")).toInteger(): null

16-05-2025T12:03:54 - [TEST_STEP][PASSED] - println(day): null

16-05-2025T12:03:54 - [TEST_STEP][PASSED] - month = ")).toInteger(): null

16-05-2025T12:03:54 - [TEST_STEP][PASSED] - println(month): null

16-05-2025T12:03:54 - [TEST_STEP][PASSED] - y = <not implemented yet for class: org.codehaus.groovy.ast.expr.EmptyExpression>: null

16-05-2025T12:03:54 - [TEST_STEP][PASSED] - iy = <not implemented yet for class: org.codehaus.groovy.ast.expr.EmptyExpression>: null

16-05-2025T12:03:54 - [TEST_STEP][PASSED] - m = getText(findTestObject("Выполнение бизнес-плана/Период")): Text of object 'Object Repository/Выполнение бизнес-плана/Период' is: '1 кв. 2025 года'

16-05-2025T12:03:54 - [MESSAGE][PASSED] - Text of object 'Object Repository/Выполнение бизнес-плана/Период' is: '1 кв. 2025 года'

16-05-2025T12:03:54 - [TEST_STEP][PASSED] - iy = m.indexOf("20"): null

16-05-2025T12:03:54 - [TEST_STEP][PASSED] - if (iy > -1): null

16-05-2025T12:03:54 - [TEST_STEP][PASSED] - y = substring(iy, iy + 4).toInteger(): null

16-05-2025T12:03:54 - [TEST_STEP][PASSED] - println(y): null

16-05-2025T12:03:54 - [TEST_STEP][PASSED] - if (toString().length() == 4): null

16-05-2025T12:03:54 - [TEST_STEP][PASSED] - m = m.substring(0, m.indexOf(y.toString())): null

16-05-2025T12:03:54 - [TEST_STEP][PASSED] - m = m.trim(): null

16-05-2025T12:03:54 - [TEST_STEP][PASSED] - if (m == ""): null

16-05-2025T12:03:54 - [TEST_STEP][PASSED] - dashboardName = "Выполнение бизнес-плана": null

16-05-2025T12:03:54 - [TEST_STEP][PASSED] - workbook01 = getWorkbook(excelFilePath): null

16-05-2025T12:03:54 - [TEST_STEP][PASSED] - sheet01 = getExcelSheet(workbook01, sheetName): null

16-05-2025T12:03:54 - [TEST_STEP][PASSED] - setValueToCellByIndex(sheet01, n, 0, dashboardName): null

16-05-2025T12:03:54 - [TEST_STEP][PASSED] - setValueToCellByIndex(sheet01, n, 1, dZO): null

16-05-2025T12:03:54 - [TEST_STEP][PASSED] - setValueToCellByIndex(sheet01, n, 2, typeOfData): null

16-05-2025T12:03:54 - [TEST_STEP][PASSED] - if (typeOfData == "Факт в процентах" || typeOfData == "План в процентах"): null

16-05-2025T12:03:54 - [TEST_STEP][PASSED] - else: null

16-05-2025T12:03:54 - [TEST_STEP][PASSED] - setValueToCellByIndex(sheet01, n, 3, fileInt): null

16-05-2025T12:03:54 - [TEST_STEP][PASSED] - setValueToCellByIndex(sheet01, n, 4, "нет данных"): null

16-05-2025T12:03:54 - [TEST_STEP][PASSED] - setValueToCellByIndex(sheet01, n, 5, m): null

16-05-2025T12:03:54 - [TEST_STEP][PASSED] - setValueToCellByIndex(sheet01, n, 6, y): null

16-05-2025T12:03:54 - [TEST_STEP][PASSED] - setValueToCellByIndex(sheet01, n, 7, todaysDate): null

16-05-2025T12:03:54 - [TEST_STEP][PASSED] - n = n + 1: null

16-05-2025T12:03:54 - [TEST_STEP][PASSED] - saveWorkbook(excelFilePath, workbook01): null

16-05-2025T12:03:54 - [TEST_STEP][PASSED] - typeOfData = "План в процентах": null

16-05-2025T12:03:54 - [TEST_STEP][PASSED] - fileDouble = ").toDouble(): null

16-05-2025T12:03:54 - [TEST_STEP][PASSED] - Script1718980020443.WriteToExcelNoData(a, typeOfData, todaysDate, fileInt, fileDouble, dZO): null

16-05-2025T12:03:54 - [TEST_STEP][PASSED] - sheetName = "Sheet1": null

16-05-2025T12:03:54 - [TEST_STEP][PASSED] - data = findTestData("PlanFact"): null

16-05-2025T12:03:54 - [TEST_STEP][PASSED] - n = data.getRowNumbers() + 1: null

16-05-2025T12:03:54 - [TEST_STEP][PASSED] - day = ")).toInteger(): null

16-05-2025T12:03:54 - [TEST_STEP][PASSED] - println(day): null

16-05-2025T12:03:54 - [TEST_STEP][PASSED] - month = ")).toInteger(): null

16-05-2025T12:03:54 - [TEST_STEP][PASSED] - println(month): null

16-05-2025T12:03:54 - [TEST_STEP][PASSED] - y = <not implemented yet for class: org.codehaus.groovy.ast.expr.EmptyExpression>: null

16-05-2025T12:03:54 - [TEST_STEP][PASSED] - iy = <not implemented yet for class: org.codehaus.groovy.ast.expr.EmptyExpression>: null

16-05-2025T12:03:54 - [TEST_STEP][PASSED] - m = getText(findTestObject("Выполнение бизнес-плана/Период")): Text of object 'Object Repository/Выполнение бизнес-плана/Период' is: '1 кв. 2025 года'

16-05-2025T12:03:54 - [MESSAGE][PASSED] - Text of object 'Object Repository/Выполнение бизнес-плана/Период' is: '1 кв. 2025 года'

16-05-2025T12:03:54 - [TEST_STEP][PASSED] - iy = m.indexOf("20"): null

16-05-2025T12:03:54 - [TEST_STEP][PASSED] - if (iy > -1): null

16-05-2025T12:03:54 - [TEST_STEP][PASSED] - y = substring(iy, iy + 4).toInteger(): null

16-05-2025T12:03:54 - [TEST_STEP][PASSED] - println(y): null

16-05-2025T12:03:54 - [TEST_STEP][PASSED] - if (toString().length() == 4): null

16-05-2025T12:03:54 - [TEST_STEP][PASSED] - m = m.substring(0, m.indexOf(y.toString())): null

16-05-2025T12:03:54 - [TEST_STEP][PASSED] - m = m.trim(): null

16-05-2025T12:03:54 - [TEST_STEP][PASSED] - if (m == ""): null

16-05-2025T12:03:54 - [TEST_STEP][PASSED] - dashboardName = "Выполнение бизнес-плана": null

16-05-2025T12:03:54 - [TEST_STEP][PASSED] - workbook01 = getWorkbook(excelFilePath): null

16-05-2025T12:03:55 - [TEST_STEP][PASSED] - sheet01 = getExcelSheet(workbook01, sheetName): null

16-05-2025T12:03:55 - [TEST_STEP][PASSED] - setValueToCellByIndex(sheet01, n, 0, dashboardName): null

16-05-2025T12:03:55 - [TEST_STEP][PASSED] - setValueToCellByIndex(sheet01, n, 1, dZO): null

16-05-2025T12:03:55 - [TEST_STEP][PASSED] - setValueToCellByIndex(sheet01, n, 2, typeOfData): null

16-05-2025T12:03:55 - [TEST_STEP][PASSED] - if (typeOfData == "Факт в процентах" || typeOfData == "План в процентах"): null

16-05-2025T12:03:55 - [TEST_STEP][PASSED] - setValueToCellByIndex(sheet01, n, 3, fileDouble): null

16-05-2025T12:03:55 - [TEST_STEP][PASSED] - setValueToCellByIndex(sheet01, n, 4, "нет данных"): null

16-05-2025T12:03:55 - [TEST_STEP][PASSED] - setValueToCellByIndex(sheet01, n, 5, m): null

16-05-2025T12:03:55 - [TEST_STEP][PASSED] - setValueToCellByIndex(sheet01, n, 6, y): null

16-05-2025T12:03:55 - [TEST_STEP][PASSED] - setValueToCellByIndex(sheet01, n, 7, todaysDate): null

16-05-2025T12:03:55 - [TEST_STEP][PASSED] - n = n + 1: null

16-05-2025T12:03:55 - [TEST_STEP][PASSED] - saveWorkbook(excelFilePath, workbook01): null

16-05-2025T12:03:55 - [TEST_STEP][PASSED] - typeOfData = "Факт в процентах": null

16-05-2025T12:03:55 - [TEST_STEP][PASSED] - fileDouble = ").toDouble(): null

16-05-2025T12:03:55 - [TEST_STEP][PASSED] - Script1718980020443.WriteToExcelNoData(a, typeOfData, todaysDate, fileInt, fileDouble, dZO): null

16-05-2025T12:03:55 - [TEST_STEP][PASSED] - sheetName = "Sheet1": null

16-05-2025T12:03:55 - [TEST_STEP][PASSED] - data = findTestData("PlanFact"): null

16-05-2025T12:03:55 - [TEST_STEP][PASSED] - n = data.getRowNumbers() + 1: null

16-05-2025T12:03:55 - [TEST_STEP][PASSED] - day = ")).toInteger(): null

16-05-2025T12:03:55 - [TEST_STEP][PASSED] - println(day): null

16-05-2025T12:03:55 - [TEST_STEP][PASSED] - month = ")).toInteger(): null

16-05-2025T12:03:55 - [TEST_STEP][PASSED] - println(month): null

16-05-2025T12:03:55 - [TEST_STEP][PASSED] - y = <not implemented yet for class: org.codehaus.groovy.ast.expr.EmptyExpression>: null

16-05-2025T12:03:55 - [TEST_STEP][PASSED] - iy = <not implemented yet for class: org.codehaus.groovy.ast.expr.EmptyExpression>: null

16-05-2025T12:03:55 - [TEST_STEP][PASSED] - m = getText(findTestObject("Выполнение бизнес-плана/Период")): Text of object 'Object Repository/Выполнение бизнес-плана/Период' is: '1 кв. 2025 года'

16-05-2025T12:03:55 - [MESSAGE][PASSED] - Text of object 'Object Repository/Выполнение бизнес-плана/Период' is: '1 кв. 2025 года'

16-05-2025T12:03:55 - [TEST_STEP][PASSED] - iy = m.indexOf("20"): null

16-05-2025T12:03:55 - [TEST_STEP][PASSED] - if (iy > -1): null

16-05-2025T12:03:55 - [TEST_STEP][PASSED] - y = substring(iy, iy + 4).toInteger(): null

16-05-2025T12:03:55 - [TEST_STEP][PASSED] - println(y): null

16-05-2025T12:03:55 - [TEST_STEP][PASSED] - if (toString().length() == 4): null

16-05-2025T12:03:55 - [TEST_STEP][PASSED] - m = m.substring(0, m.indexOf(y.toString())): null

16-05-2025T12:03:55 - [TEST_STEP][PASSED] - m = m.trim(): null

16-05-2025T12:03:55 - [TEST_STEP][PASSED] - if (m == ""): null

16-05-2025T12:03:55 - [TEST_STEP][PASSED] - dashboardName = "Выполнение бизнес-плана": null

16-05-2025T12:03:55 - [TEST_STEP][PASSED] - workbook01 = getWorkbook(excelFilePath): null

16-05-2025T12:03:55 - [TEST_STEP][PASSED] - sheet01 = getExcelSheet(workbook01, sheetName): null

16-05-2025T12:03:55 - [TEST_STEP][PASSED] - setValueToCellByIndex(sheet01, n, 0, dashboardName): null

16-05-2025T12:03:55 - [TEST_STEP][PASSED] - setValueToCellByIndex(sheet01, n, 1, dZO): null

16-05-2025T12:03:55 - [TEST_STEP][PASSED] - setValueToCellByIndex(sheet01, n, 2, typeOfData): null

16-05-2025T12:03:55 - [TEST_STEP][PASSED] - if (typeOfData == "Факт в процентах" || typeOfData == "План в процентах"): null

16-05-2025T12:03:55 - [TEST_STEP][PASSED] - setValueToCellByIndex(sheet01, n, 3, fileDouble): null

16-05-2025T12:03:55 - [TEST_STEP][PASSED] - setValueToCellByIndex(sheet01, n, 4, "нет данных"): null

16-05-2025T12:03:55 - [TEST_STEP][PASSED] - setValueToCellByIndex(sheet01, n, 5, m): null

16-05-2025T12:03:55 - [TEST_STEP][PASSED] - setValueToCellByIndex(sheet01, n, 6, y): null

16-05-2025T12:03:55 - [TEST_STEP][PASSED] - setValueToCellByIndex(sheet01, n, 7, todaysDate): null

16-05-2025T12:03:55 - [TEST_STEP][PASSED] - n = n + 1: null

16-05-2025T12:03:55 - [TEST_STEP][PASSED] - saveWorkbook(excelFilePath, workbook01): null

16-05-2025T12:03:55 - [TEST_STEP][PASSED] - println(dzoNum): null

16-05-2025T12:03:55 - [TEST_STEP][PASSED] - dZO = "Россети Урал (ГК)": null

16-05-2025T12:03:55 - [TEST_STEP][PASSED] - a = 54: null

16-05-2025T12:03:55 - [TEST_STEP][PASSED] - if (x1.contains("Урал")): null

16-05-2025T12:03:55 - [TEST_STEP][PASSED] - dzoNum = dzoNum + 1: null

16-05-2025T12:03:55 - [TEST_STEP][PASSED] - Script1718980020443.Numbers(a, typeOfData, todaysDate, pageInt, fileInt, pageDouble, fileDouble, dZO, dzoNum, filialNum): null

16-05-2025T12:03:55 - [TEST_STEP][PASSED] - println(dzoNum): null

16-05-2025T12:03:55 - [TEST_STEP][PASSED] - planFact = <not implemented yet for class: org.codehaus.groovy.ast.expr.EmptyExpression>: null

16-05-2025T12:03:55 - [TEST_STEP][PASSED] - page = <not implemented yet for class: org.codehaus.groovy.ast.expr.EmptyExpression>: null

16-05-2025T12:03:55 - [TEST_STEP][PASSED] - page1 = <not implemented yet for class: org.codehaus.groovy.ast.expr.EmptyExpression>: null

16-05-2025T12:03:55 - [TEST_STEP][PASSED] - page2 = <not implemented yet for class: org.codehaus.groovy.ast.expr.EmptyExpression>: null

16-05-2025T12:03:55 - [TEST_STEP][PASSED] - filialNumberInRow = <not implemented yet for class: org.codehaus.groovy.ast.expr.EmptyExpression>: null

16-05-2025T12:03:55 - [TEST_STEP][PASSED] - filialsDzoNames = <not implemented yet for class: org.codehaus.groovy.ast.expr.EmptyExpression>: null

16-05-2025T12:03:55 - [TEST_STEP][PASSED] - numberOfFilials = <not implemented yet for class: org.codehaus.groovy.ast.expr.EmptyExpression>: null

16-05-2025T12:03:55 - [TEST_STEP][PASSED] - numberOfSpaces = <not implemented yet for class: org.codehaus.groovy.ast.expr.EmptyExpression>: null

16-05-2025T12:03:55 - [TEST_STEP][PASSED] - file = <not implemented yet for class: org.codehaus.groovy.ast.expr.EmptyExpression>: null

16-05-2025T12:03:55 - [TEST_STEP][PASSED] - otpusk = <not implemented yet for class: org.codehaus.groovy.ast.expr.EmptyExpression>: null

16-05-2025T12:03:55 - [TEST_STEP][PASSED] - poteri = <not implemented yet for class: org.codehaus.groovy.ast.expr.EmptyExpression>: null

16-05-2025T12:03:55 - [TEST_STEP][PASSED] - dataFolder = "Выполнение бизнес-плана/Значения со страницы Выполнение бизнес-плана/": null

16-05-2025T12:03:55 - [TEST_STEP][PASSED] - path = <not implemented yet for class: org.codehaus.groovy.ast.expr.EmptyExpression>: null

16-05-2025T12:03:55 - [TEST_STEP][PASSED] - typeOfDataMain = <not implemented yet for class: org.codehaus.groovy.ast.expr.EmptyExpression>: null

16-05-2025T12:03:55 - [TEST_STEP][PASSED] - fileOtpuskVSet = <not implemented yet for class: org.codehaus.groovy.ast.expr.EmptyExpression>: null

16-05-2025T12:03:55 - [TEST_STEP][PASSED] - pageOtpuskVSet = <not implemented yet for class: org.codehaus.groovy.ast.expr.EmptyExpression>: null

16-05-2025T12:03:55 - [TEST_STEP][PASSED] - filePoteri = <not implemented yet for class: org.codehaus.groovy.ast.expr.EmptyExpression>: null

16-05-2025T12:03:55 - [TEST_STEP][PASSED] - pagePoteri = <not implemented yet for class: org.codehaus.groovy.ast.expr.EmptyExpression>: null

16-05-2025T12:03:55 - [TEST_STEP][PASSED] - compare = <not implemented yet for class: org.codehaus.groovy.ast.expr.EmptyExpression>: null

16-05-2025T12:03:55 - [TEST_STEP][PASSED] - b = <not implemented yet for class: org.codehaus.groovy.ast.expr.EmptyExpression>: null

16-05-2025T12:03:55 - [TEST_STEP][PASSED] - i = <not implemented yet for class: org.codehaus.groovy.ast.expr.EmptyExpression>: null

16-05-2025T12:03:55 - [TEST_STEP][PASSED] - ii = <not implemented yet for class: org.codehaus.groovy.ast.expr.EmptyExpression>: null

16-05-2025T12:03:55 - [TEST_STEP][PASSED] - c = <not implemented yet for class: org.codehaus.groovy.ast.expr.EmptyExpression>: null

16-05-2025T12:03:55 - [TEST_STEP][PASSED] - numberOfErrors = 0: null

16-05-2025T12:03:55 - [TEST_STEP][PASSED] - if (a == 82): null

16-05-2025T12:03:55 - [TEST_STEP][PASSED] - b = findTestData("PlanFact").getValue(1, a): null

16-05-2025T12:03:55 - [TEST_STEP][PASSED] - i = b.indexOf(" (ГК)"): null

16-05-2025T12:03:55 - [TEST_STEP][PASSED] - if (i > -1): null

16-05-2025T12:03:55 - [TEST_STEP][PASSED] - b = b.substring(0, i): null

16-05-2025T12:03:55 - [TEST_STEP][PASSED] - i = b.indexOf("О ""): null

16-05-2025T12:03:55 - [TEST_STEP][PASSED] - if (i > -1): null

16-05-2025T12:03:55 - [TEST_STEP][PASSED] - i = b.indexOf("О «"): null

16-05-2025T12:03:55 - [TEST_STEP][PASSED] - if (i > -1): null

16-05-2025T12:03:55 - [TEST_STEP][PASSED] - i = b.indexOf("г. "): null

16-05-2025T12:03:55 - [TEST_STEP][PASSED] - if (i > -1): null

16-05-2025T12:03:55 - [TEST_STEP][PASSED] - b = b.trim(): null

16-05-2025T12:03:55 - [TEST_STEP][PASSED] - println(b): null

16-05-2025T12:03:55 - [TEST_STEP][PASSED] - for ([planFact = 1, planFact < 3, (planFact++)]): null

16-05-2025T12:03:55 - [TEST_STEP][PASSED] - if (planFact == 1): null

16-05-2025T12:03:55 - [TEST_STEP][PASSED] - typeOfDataMain = "Факт": null

16-05-2025T12:03:55 - [TEST_STEP][PASSED] - otpusk = findTestData("PlanFact").getValue(5, a): null

16-05-2025T12:03:56 - [TEST_STEP][PASSED] - poteri = findTestData("PlanFact").getValue(6, a): null

16-05-2025T12:03:56 - [TEST_STEP][PASSED] - otpusk = otpusk.replaceAll("\s+", ""): null

16-05-2025T12:03:56 - [TEST_STEP][PASSED] - poteri = poteri.replaceAll("\s+", ""): null

16-05-2025T12:03:56 - [TEST_STEP][PASSED] - typeOfData = typeOfDataMain + " Отпуск в сеть": null

16-05-2025T12:03:56 - [TEST_STEP][PASSED] - if (a == 82): null

16-05-2025T12:03:56 - [TEST_STEP][PASSED] - else if (a == 84): null

16-05-2025T12:03:56 - [TEST_STEP][PASSED] - else if (a == 83 || a == 52 || a == 72 || a == 28 || a == 73 || a == 77 || a == 74 || a == 65 || a == 36 || a == 44 || a == 53 || a == 80 || a == 54 || a == 1 || a == 18 || a == 59 || a == 81): null

16-05-2025T12:03:56 - [TEST_STEP][PASSED] - path = dataFolder + "Table Data/" + typeOfData + " за отчётный период " + dzoNum: null

16-05-2025T12:03:56 - [TEST_STEP][PASSED] - println(path): null

16-05-2025T12:03:56 - [TEST_STEP][PASSED] - page = getText(findTestObject(path)): Text of object 'Object Repository/Выполнение бизнес-плана/Значения со страницы Выполнение бизнес-плана/Table Data/Факт Отпуск в сеть за отчётный период 6' is: '19 698 947'

16-05-2025T12:03:56 - [MESSAGE][PASSED] - Text of object 'Object Repository/Выполнение бизнес-плана/Значения со страницы Выполнение бизнес-плана/Table Data/Факт Отпуск в сеть за отчётный период 6' is: '19 698 947'

16-05-2025T12:03:56 - [TEST_STEP][PASSED] - if (page == "" || page == null): null

16-05-2025T12:03:56 - [TEST_STEP][PASSED] - else: null

16-05-2025T12:03:56 - [TEST_STEP][PASSED] - page = page.replaceAll("\s+", ""): null

16-05-2025T12:03:56 - [TEST_STEP][PASSED] - if (page == "undefined"): null

16-05-2025T12:03:56 - [TEST_STEP][PASSED] - fileOtpuskVSet = otpusk.toInteger(): null

16-05-2025T12:03:56 - [TEST_STEP][PASSED] - pageOtpuskVSet = page.toInteger(): null

16-05-2025T12:03:56 - [TEST_STEP][PASSED] - typeOfData = typeOfDataMain + " Потери": null

16-05-2025T12:03:56 - [TEST_STEP][PASSED] - if (a == 82): null

16-05-2025T12:03:56 - [TEST_STEP][PASSED] - else if (a == 84): null

16-05-2025T12:03:56 - [TEST_STEP][PASSED] - else if (a == 83 || a == 52 || a == 72 || a == 28 || a == 73 || a == 77 || a == 74 || a == 65 || a == 36 || a == 44 || a == 53 || a == 80 || a == 54 || a == 1 || a == 18 || a == 59 || a == 81): null

16-05-2025T12:03:56 - [TEST_STEP][PASSED] - path = dataFolder + "Table Data/" + typeOfData + " за отчётный период " + dzoNum: null

16-05-2025T12:03:56 - [TEST_STEP][PASSED] - page = getText(findTestObject(path)): Text of object 'Object Repository/Выполнение бизнес-плана/Значения со страницы Выполнение бизнес-плана/Table Data/Факт Потери за отчётный период 6' is: '1 305 803'

16-05-2025T12:03:56 - [MESSAGE][PASSED] - Text of object 'Object Repository/Выполнение бизнес-плана/Значения со страницы Выполнение бизнес-плана/Table Data/Факт Потери за отчётный период 6' is: '1 305 803'

16-05-2025T12:03:56 - [TEST_STEP][PASSED] - if (page == "" || page == null): null

16-05-2025T12:03:56 - [TEST_STEP][PASSED] - else: null

16-05-2025T12:03:56 - [TEST_STEP][PASSED] - page = page.replaceAll("\s+", ""): null

16-05-2025T12:03:56 - [TEST_STEP][PASSED] - if (page == "undefined"): null

16-05-2025T12:03:56 - [TEST_STEP][PASSED] - filePoteri = poteri.toInteger(): null

16-05-2025T12:03:56 - [TEST_STEP][PASSED] - pagePoteri = page.toInteger(): null

16-05-2025T12:03:56 - [TEST_STEP][PASSED] - compare = pageOtpuskVSet: null

16-05-2025T12:03:56 - [TEST_STEP][PASSED] - if (pageOtpuskVSet != null): null

16-05-2025T12:03:56 - [TEST_STEP][PASSED] - if (compare == fileOtpuskVSet): null

16-05-2025T12:03:56 - [TEST_STEP][PASSED] - if (compare == fileOtpuskVSet): null

16-05-2025T12:03:56 - [TEST_STEP][PASSED] - compare = pagePoteri: null

16-05-2025T12:03:56 - [TEST_STEP][PASSED] - if (pageOtpuskVSet != null): null

16-05-2025T12:03:56 - [TEST_STEP][PASSED] - if (compare == filePoteri): null

16-05-2025T12:03:56 - [TEST_STEP][PASSED] - if (compare == filePoteri): null

16-05-2025T12:03:56 - [TEST_STEP][PASSED] - if (planFact == 2): null

16-05-2025T12:03:56 - [TEST_STEP][PASSED] - if (planFact == 1): null

16-05-2025T12:03:56 - [TEST_STEP][PASSED] - else if (planFact == 2): null

16-05-2025T12:03:56 - [TEST_STEP][PASSED] - click(findTestObject("Выполнение бизнес-плана/Кнопка План")): Object: 'Object Repository/Выполнение бизнес-плана/Кнопка План' is clicked on

16-05-2025T12:03:56 - [MESSAGE][PASSED] - Object: 'Object Repository/Выполнение бизнес-плана/Кнопка План' is clicked on

16-05-2025T12:03:56 - [TEST_STEP][PASSED] - typeOfDataMain = "План": null

16-05-2025T12:03:56 - [TEST_STEP][PASSED] - otpusk = findTestData("PlanFact").getValue(2, a): null

16-05-2025T12:03:57 - [TEST_STEP][PASSED] - poteri = findTestData("PlanFact").getValue(3, a): null

16-05-2025T12:03:57 - [TEST_STEP][PASSED] - otpusk = otpusk.replaceAll("\s+", ""): null

16-05-2025T12:03:57 - [TEST_STEP][PASSED] - poteri = poteri.replaceAll("\s+", ""): null

16-05-2025T12:03:57 - [TEST_STEP][PASSED] - typeOfData = typeOfDataMain + " Отпуск в сеть": null

16-05-2025T12:03:57 - [TEST_STEP][PASSED] - if (a == 82): null

16-05-2025T12:03:57 - [TEST_STEP][PASSED] - else if (a == 84): null

16-05-2025T12:03:57 - [TEST_STEP][PASSED] - else if (a == 83 || a == 52 || a == 72 || a == 28 || a == 73 || a == 77 || a == 74 || a == 65 || a == 36 || a == 44 || a == 53 || a == 80 || a == 54 || a == 1 || a == 18 || a == 59 || a == 81): null

16-05-2025T12:03:57 - [TEST_STEP][PASSED] - path = dataFolder + "Table Data/" + typeOfData + " за отчётный период " + dzoNum: null

16-05-2025T12:03:57 - [TEST_STEP][PASSED] - println(path): null

16-05-2025T12:03:57 - [TEST_STEP][PASSED] - page = getText(findTestObject(path)): Text of object 'Object Repository/Выполнение бизнес-плана/Значения со страницы Выполнение бизнес-плана/Table Data/План Отпуск в сеть за отчётный период 6' is: '20 275 424'

16-05-2025T12:03:57 - [MESSAGE][PASSED] - Text of object 'Object Repository/Выполнение бизнес-плана/Значения со страницы Выполнение бизнес-плана/Table Data/План Отпуск в сеть за отчётный период 6' is: '20 275 424'

16-05-2025T12:03:57 - [TEST_STEP][PASSED] - if (page == "" || page == null): null

16-05-2025T12:03:57 - [TEST_STEP][PASSED] - else: null

16-05-2025T12:03:57 - [TEST_STEP][PASSED] - page = page.replaceAll("\s+", ""): null

16-05-2025T12:03:57 - [TEST_STEP][PASSED] - if (page == "undefined"): null

16-05-2025T12:03:57 - [TEST_STEP][PASSED] - fileOtpuskVSet = otpusk.toInteger(): null

16-05-2025T12:03:57 - [TEST_STEP][PASSED] - pageOtpuskVSet = page.toInteger(): null

16-05-2025T12:03:57 - [TEST_STEP][PASSED] - typeOfData = typeOfDataMain + " Потери": null

16-05-2025T12:03:57 - [TEST_STEP][PASSED] - if (a == 82): null

16-05-2025T12:03:57 - [TEST_STEP][PASSED] - else if (a == 84): null

16-05-2025T12:03:57 - [TEST_STEP][PASSED] - else if (a == 83 || a == 52 || a == 72 || a == 28 || a == 73 || a == 77 || a == 74 || a == 65 || a == 36 || a == 44 || a == 53 || a == 80 || a == 54 || a == 1 || a == 18 || a == 59 || a == 81): null

16-05-2025T12:03:57 - [TEST_STEP][PASSED] - path = dataFolder + "Table Data/" + typeOfData + " за отчётный период " + dzoNum: null

16-05-2025T12:03:57 - [TEST_STEP][PASSED] - page = getText(findTestObject(path)): Text of object 'Object Repository/Выполнение бизнес-плана/Значения со страницы Выполнение бизнес-плана/Table Data/План Потери за отчётный период 6' is: '1 395 088'

16-05-2025T12:03:57 - [MESSAGE][PASSED] - Text of object 'Object Repository/Выполнение бизнес-плана/Значения со страницы Выполнение бизнес-плана/Table Data/План Потери за отчётный период 6' is: '1 395 088'

16-05-2025T12:03:57 - [TEST_STEP][PASSED] - if (page == "" || page == null): null

16-05-2025T12:03:57 - [TEST_STEP][PASSED] - else: null

16-05-2025T12:03:57 - [TEST_STEP][PASSED] - page = page.replaceAll("\s+", ""): null

16-05-2025T12:03:57 - [TEST_STEP][PASSED] - if (page == "undefined"): null

16-05-2025T12:03:57 - [TEST_STEP][PASSED] - filePoteri = poteri.toInteger(): null

16-05-2025T12:03:57 - [TEST_STEP][PASSED] - pagePoteri = page.toInteger(): null

16-05-2025T12:03:57 - [TEST_STEP][PASSED] - compare = pageOtpuskVSet: null

16-05-2025T12:03:57 - [TEST_STEP][PASSED] - if (pageOtpuskVSet != null): null

16-05-2025T12:03:57 - [TEST_STEP][PASSED] - if (compare == fileOtpuskVSet): null

16-05-2025T12:03:57 - [TEST_STEP][PASSED] - if (compare == fileOtpuskVSet): null

16-05-2025T12:03:57 - [TEST_STEP][PASSED] - compare = pagePoteri: null

16-05-2025T12:03:57 - [TEST_STEP][PASSED] - if (pageOtpuskVSet != null): null

16-05-2025T12:03:57 - [TEST_STEP][PASSED] - if (compare == filePoteri): null

16-05-2025T12:03:57 - [TEST_STEP][PASSED] - else if (compare > filePoteri): null

16-05-2025T12:03:57 - [TEST_STEP][PASSED] - else if (compare < filePoteri): null

16-05-2025T12:03:57 - [TEST_STEP][PASSED] - compare = compare + 1: null

16-05-2025T12:03:57 - [TEST_STEP][PASSED] - if (compare == filePoteri): null

16-05-2025T12:03:57 - [TEST_STEP][PASSED] - else: null

16-05-2025T12:03:57 - [TEST_STEP][PASSED] - numberOfErrors = numberOfErrors + 1: null

16-05-2025T12:03:57 - [TEST_STEP][PASSED] - pageInt = pagePoteri: null

16-05-2025T12:03:57 - [TEST_STEP][PASSED] - fileInt = filePoteri: null

16-05-2025T12:03:57 - [TEST_STEP][PASSED] - typeOfData = typeOfDataMain + " Потери": null

16-05-2025T12:03:57 - [TEST_STEP][PASSED] - Script1718980020443.WriteToExcel(a, typeOfData, todaysDate, pageInt, fileInt, pageDouble, fileDouble, dZO): null

16-05-2025T12:03:57 - [TEST_STEP][PASSED] - sheetName = "Sheet1": null

16-05-2025T12:03:57 - [TEST_STEP][PASSED] - data = findTestData("PlanFact"): null

16-05-2025T12:03:57 - [TEST_STEP][PASSED] - n = data.getRowNumbers() + 1: null

16-05-2025T12:03:57 - [TEST_STEP][PASSED] - day = ")).toInteger(): null

16-05-2025T12:03:57 - [TEST_STEP][PASSED] - println(day): null

16-05-2025T12:03:57 - [TEST_STEP][PASSED] - month = ")).toInteger(): null

16-05-2025T12:03:57 - [TEST_STEP][PASSED] - println(month): null

16-05-2025T12:03:57 - [TEST_STEP][PASSED] - y = <not implemented yet for class: org.codehaus.groovy.ast.expr.EmptyExpression>: null

16-05-2025T12:03:57 - [TEST_STEP][PASSED] - iy = <not implemented yet for class: org.codehaus.groovy.ast.expr.EmptyExpression>: null

16-05-2025T12:03:57 - [TEST_STEP][PASSED] - m = getText(findTestObject("Выполнение бизнес-плана/Период")): Text of object 'Object Repository/Выполнение бизнес-плана/Период' is: '1 кв. 2025 года'

16-05-2025T12:03:58 - [MESSAGE][PASSED] - Text of object 'Object Repository/Выполнение бизнес-плана/Период' is: '1 кв. 2025 года'

16-05-2025T12:03:58 - [TEST_STEP][PASSED] - iy = m.indexOf("20"): null

16-05-2025T12:03:58 - [TEST_STEP][PASSED] - if (iy > -1): null

16-05-2025T12:03:58 - [TEST_STEP][PASSED] - y = substring(iy, iy + 4).toInteger(): null

16-05-2025T12:03:58 - [TEST_STEP][PASSED] - println(y): null

16-05-2025T12:03:58 - [TEST_STEP][PASSED] - if (toString().length() == 4): null

16-05-2025T12:03:58 - [TEST_STEP][PASSED] - m = m.substring(0, m.indexOf(y.toString())): null

16-05-2025T12:03:58 - [TEST_STEP][PASSED] - m = m.trim(): null

16-05-2025T12:03:58 - [TEST_STEP][PASSED] - if (m == ""): null

16-05-2025T12:03:58 - [TEST_STEP][PASSED] - dashboardName = "Выполнение бизнес-плана": null

16-05-2025T12:03:58 - [TEST_STEP][PASSED] - workbook01 = getWorkbook(excelFilePath): null

16-05-2025T12:03:58 - [TEST_STEP][PASSED] - sheet01 = getExcelSheet(workbook01, sheetName): null

16-05-2025T12:03:58 - [TEST_STEP][PASSED] - setValueToCellByIndex(sheet01, n, 0, dashboardName): null

16-05-2025T12:03:58 - [TEST_STEP][PASSED] - setValueToCellByIndex(sheet01, n, 1, dZO): null

16-05-2025T12:03:58 - [TEST_STEP][PASSED] - setValueToCellByIndex(sheet01, n, 2, typeOfData): null

16-05-2025T12:03:58 - [TEST_STEP][PASSED] - if (typeOfData == "Факт в процентах" || typeOfData == "План в процентах"): null

16-05-2025T12:03:58 - [TEST_STEP][PASSED] - else: null

16-05-2025T12:03:58 - [TEST_STEP][PASSED] - setValueToCellByIndex(sheet01, n, 3, fileInt): null

16-05-2025T12:03:58 - [TEST_STEP][PASSED] - setValueToCellByIndex(sheet01, n, 4, pageInt): null

16-05-2025T12:03:58 - [TEST_STEP][PASSED] - setValueToCellByIndex(sheet01, n, 5, m): null

16-05-2025T12:03:58 - [TEST_STEP][PASSED] - setValueToCellByIndex(sheet01, n, 6, y): null

16-05-2025T12:03:58 - [TEST_STEP][PASSED] - setValueToCellByIndex(sheet01, n, 7, todaysDate): null

16-05-2025T12:03:58 - [TEST_STEP][PASSED] - n = n + 1: null

16-05-2025T12:03:58 - [TEST_STEP][PASSED] - saveWorkbook(excelFilePath, workbook01): Object: 'Object Repository/Выполнение бизнес-плана/Кнопка Факт' is clicked on

16-05-2025T12:03:58 - [TEST_STEP][PASSED] - if (planFact == 2): Object: 'Object Repository/Выполнение бизнес-плана/Кнопка Факт' is clicked on

16-05-2025T12:03:58 - [TEST_STEP][PASSED] - click(findTestObject("Выполнение бизнес-плана/Кнопка Факт")): Object: 'Object Repository/Выполнение бизнес-плана/Кнопка Факт' is clicked on

16-05-2025T12:03:58 - [MESSAGE][PASSED] - Object: 'Object Repository/Выполнение бизнес-плана/Кнопка Факт' is clicked on

16-05-2025T12:03:58 - [TEST_STEP][PASSED] - println("a=" + a): null

16-05-2025T12:03:58 - [TEST_STEP][PASSED] - if (a == 84 || a == 82): null

16-05-2025T12:03:58 - [TEST_STEP][PASSED] - else if (a == 83 || a == 52 || a == 72 || a == 28 || a == 73 || a == 77 || a == 74 || a == 65 || a == 36 || a == 44 || a == 53 || a == 80 || a == 54 || a == 1 || a == 18 || a == 59 || a == 81): null

16-05-2025T12:03:58 - [TEST_STEP][PASSED] - page1 = getText(findTestObject("Object Repository/Выполнение бизнес-плана/spanPlan" + dzoNum)): Text of object 'Object Repository/Выполнение бизнес-плана/spanPlan6' is: '6.88
|'

16-05-2025T12:03:58 - [MESSAGE][PASSED] - Text of object 'Object Repository/Выполнение бизнес-плана/spanPlan6' is: '6.88
|'

16-05-2025T12:03:58 - [TEST_STEP][PASSED] - page1 = page1.replace("|", ""): null

16-05-2025T12:03:58 - [TEST_STEP][PASSED] - page2 = getText(findTestObject("Object Repository/Выполнение бизнес-плана/spanFact" + dzoNum)): Text of object 'Object Repository/Выполнение бизнес-плана/spanFact6' is: '6.63'

16-05-2025T12:03:59 - [MESSAGE][PASSED] - Text of object 'Object Repository/Выполнение бизнес-плана/spanFact6' is: '6.63'

16-05-2025T12:03:59 - [TEST_STEP][PASSED] - page2 = page2.replace("|", ""): null

16-05-2025T12:03:59 - [TEST_STEP][PASSED] - println("page1: " + page1): null

16-05-2025T12:03:59 - [TEST_STEP][PASSED] - println("page2: " + page2): null

16-05-2025T12:03:59 - [TEST_STEP][PASSED] - file = findTestData("PlanFact").getValue(4, a): null

16-05-2025T12:03:59 - [TEST_STEP][PASSED] - file = file.replace(",", "."): null

16-05-2025T12:03:59 - [TEST_STEP][PASSED] - println("file Plan: " + file): null

16-05-2025T12:03:59 - [TEST_STEP][PASSED] - typeOfData = "План в процентах": null

16-05-2025T12:03:59 - [TEST_STEP][PASSED] - fileDouble = file.toDouble(): null

16-05-2025T12:03:59 - [TEST_STEP][PASSED] - pageDouble = page1.toDouble(): null

16-05-2025T12:03:59 - [TEST_STEP][PASSED] - if (fileDouble != pageDouble): null

16-05-2025T12:03:59 - [TEST_STEP][PASSED] - numberOfErrors = numberOfErrors + 1: null

16-05-2025T12:03:59 - [TEST_STEP][PASSED] - Script1718980020443.WriteToExcel(a, typeOfData, todaysDate, pageInt, fileInt, pageDouble, fileDouble, dZO): null

16-05-2025T12:03:59 - [TEST_STEP][PASSED] - sheetName = "Sheet1": null

16-05-2025T12:03:59 - [TEST_STEP][PASSED] - data = findTestData("PlanFact"): null

16-05-2025T12:03:59 - [TEST_STEP][PASSED] - n = data.getRowNumbers() + 1: null

16-05-2025T12:03:59 - [TEST_STEP][PASSED] - day = ")).toInteger(): null

16-05-2025T12:03:59 - [TEST_STEP][PASSED] - println(day): null

16-05-2025T12:03:59 - [TEST_STEP][PASSED] - month = ")).toInteger(): null

16-05-2025T12:03:59 - [TEST_STEP][PASSED] - println(month): null

16-05-2025T12:03:59 - [TEST_STEP][PASSED] - y = <not implemented yet for class: org.codehaus.groovy.ast.expr.EmptyExpression>: null

16-05-2025T12:03:59 - [TEST_STEP][PASSED] - iy = <not implemented yet for class: org.codehaus.groovy.ast.expr.EmptyExpression>: null

16-05-2025T12:03:59 - [TEST_STEP][PASSED] - m = getText(findTestObject("Выполнение бизнес-плана/Период")): Text of object 'Object Repository/Выполнение бизнес-плана/Период' is: '1 кв. 2025 года'

16-05-2025T12:03:59 - [MESSAGE][PASSED] - Text of object 'Object Repository/Выполнение бизнес-плана/Период' is: '1 кв. 2025 года'

16-05-2025T12:03:59 - [TEST_STEP][PASSED] - iy = m.indexOf("20"): null

16-05-2025T12:03:59 - [TEST_STEP][PASSED] - if (iy > -1): null

16-05-2025T12:03:59 - [TEST_STEP][PASSED] - y = substring(iy, iy + 4).toInteger(): null

16-05-2025T12:03:59 - [TEST_STEP][PASSED] - println(y): null

16-05-2025T12:03:59 - [TEST_STEP][PASSED] - if (toString().length() == 4): null

16-05-2025T12:03:59 - [TEST_STEP][PASSED] - m = m.substring(0, m.indexOf(y.toString())): null

16-05-2025T12:03:59 - [TEST_STEP][PASSED] - m = m.trim(): null

16-05-2025T12:03:59 - [TEST_STEP][PASSED] - if (m == ""): null

16-05-2025T12:03:59 - [TEST_STEP][PASSED] - dashboardName = "Выполнение бизнес-плана": null

16-05-2025T12:03:59 - [TEST_STEP][PASSED] - workbook01 = getWorkbook(excelFilePath): null

16-05-2025T12:03:59 - [TEST_STEP][PASSED] - sheet01 = getExcelSheet(workbook01, sheetName): null

16-05-2025T12:03:59 - [TEST_STEP][PASSED] - setValueToCellByIndex(sheet01, n, 0, dashboardName): null

16-05-2025T12:03:59 - [TEST_STEP][PASSED] - setValueToCellByIndex(sheet01, n, 1, dZO): null

16-05-2025T12:03:59 - [TEST_STEP][PASSED] - setValueToCellByIndex(sheet01, n, 2, typeOfData): null

16-05-2025T12:03:59 - [TEST_STEP][PASSED] - if (typeOfData == "Факт в процентах" || typeOfData == "План в процентах"): null

16-05-2025T12:03:59 - [TEST_STEP][PASSED] - setValueToCellByIndex(sheet01, n, 3, fileDouble): null

16-05-2025T12:03:59 - [TEST_STEP][PASSED] - setValueToCellByIndex(sheet01, n, 4, pageDouble): null

16-05-2025T12:03:59 - [TEST_STEP][PASSED] - setValueToCellByIndex(sheet01, n, 5, m): null

16-05-2025T12:03:59 - [TEST_STEP][PASSED] - setValueToCellByIndex(sheet01, n, 6, y): null

16-05-2025T12:03:59 - [TEST_STEP][PASSED] - setValueToCellByIndex(sheet01, n, 7, todaysDate): null

16-05-2025T12:03:59 - [TEST_STEP][PASSED] - n = n + 1: null

16-05-2025T12:03:59 - [TEST_STEP][PASSED] - saveWorkbook(excelFilePath, workbook01): null

16-05-2025T12:03:59 - [TEST_STEP][PASSED] - file = findTestData("PlanFact").getValue(7, a): null

16-05-2025T12:03:59 - [TEST_STEP][PASSED] - file = file.replace(",", "."): null

16-05-2025T12:03:59 - [TEST_STEP][PASSED] - println("file Fact: " + file): null

16-05-2025T12:03:59 - [TEST_STEP][PASSED] - fileDouble = file.toDouble(): null

16-05-2025T12:03:59 - [TEST_STEP][PASSED] - typeOfData = "Факт в процентах": null

16-05-2025T12:03:59 - [TEST_STEP][PASSED] - fileDouble = file.toDouble(): null

16-05-2025T12:03:59 - [TEST_STEP][PASSED] - pageDouble = page2.toDouble(): null

16-05-2025T12:03:59 - [TEST_STEP][PASSED] - if (fileDouble != pageDouble): null

16-05-2025T12:03:59 - [TEST_STEP][FAILED] - if (verifyEqual(numberOfErrors, 0) == false): null

16-05-2025T12:03:59 - [MESSAGE][FAILED] - Unable to verify equal between actual object '2' and expected object '0' (Root cause: com.kms.katalon.core.exception.StepFailedException: Actual object '2' and expected object '0' are not equal
	at com.kms.katalon.core.keyword.builtin.VerifyEqualKeyword$_verifyEqual_closure1.doCall(VerifyEqualKeyword.groovy:58)
	at com.kms.katalon.core.keyword.builtin.VerifyEqualKeyword$_verifyEqual_closure1.call(VerifyEqualKeyword.groovy)
	at com.kms.katalon.core.keyword.internal.KeywordMain.runKeyword(KeywordMain.groovy:75)
	at com.kms.katalon.core.keyword.builtin.VerifyEqualKeyword.verifyEqual(VerifyEqualKeyword.groovy:63)
	at com.kms.katalon.core.keyword.builtin.VerifyEqualKeyword.execute(VerifyEqualKeyword.groovy:44)
	at com.kms.katalon.core.keyword.internal.KeywordExecutor.executeKeywordForPlatform(KeywordExecutor.groovy:74)
	at com.kms.katalon.core.keyword.BuiltinKeywords.verifyEqual(BuiltinKeywords.groovy:146)
	at jdk.internal.reflect.GeneratedMethodAccessor24.invoke(Unknown Source)
	at java.base/jdk.internal.reflect.DelegatingMethodAccessorImpl.invoke(DelegatingMethodAccessorImpl.java:43)
	at Выполнение бизнес-плана Сверка ПАО Россети все филиалы.Numbers(Выполнение бизнес-плана Сверка ПАО Россети все филиалы:740)
	at Выполнение бизнес-плана Сверка ПАО Россети все филиалы.run(Выполнение бизнес-плана Сверка ПАО Россети все филиалы:353)
	at com.kms.katalon.core.main.ScriptEngine.run(ScriptEngine.java:194)
	at com.kms.katalon.core.main.ScriptEngine.runScriptAsRawText(ScriptEngine.java:119)
	at com.kms.katalon.core.main.TestCaseExecutor.runScript(TestCaseExecutor.java:448)
	at com.kms.katalon.core.main.TestCaseExecutor.doExecute(TestCaseExecutor.java:439)
	at com.kms.katalon.core.main.TestCaseExecutor.processExecutionPhase(TestCaseExecutor.java:418)
	at com.kms.katalon.core.main.TestCaseExecutor.accessMainPhase(TestCaseExecutor.java:410)
	at com.kms.katalon.core.main.TestCaseExecutor.execute(TestCaseExecutor.java:285)
	at com.kms.katalon.core.common.CommonExecutor.accessTestCaseMainPhase(CommonExecutor.java:65)
	at com.kms.katalon.core.main.TestSuiteExecutor.accessTestSuiteMainPhase(TestSuiteExecutor.java:150)
	at com.kms.katalon.core.main.TestSuiteExecutor.execute(TestSuiteExecutor.java:106)
	at com.kms.katalon.core.main.TestCaseMain.startTestSuite(TestCaseMain.java:180)
	at TempTestSuite1747369435659.run(TempTestSuite1747369435659.groovy:35)
	at java.base/jdk.internal.reflect.NativeMethodAccessorImpl.invoke0(Native Method)
	at java.base/jdk.internal.reflect.NativeMethodAccessorImpl.invoke(NativeMethodAccessorImpl.java:77)
	at java.base/jdk.internal.reflect.DelegatingMethodAccessorImpl.invoke(DelegatingMethodAccessorImpl.java:43)
)

16-05-2025T12:03:59 - [TEST_STEP][PASSED] - println(numberOfErrors): null

16-05-2025T12:03:59 - [TEST_STEP][PASSED] - println("a=" + a): null

16-05-2025T12:03:59 - [TEST_STEP][PASSED] - if (a == 28 || a == 77 || a == 74 || a == 65 || a == 36 || a == 44 || a == 54 || a == 1 || a == 18 || a == 59): null

16-05-2025T12:03:59 - [TEST_STEP][PASSED] - Script1718980020443.Filials(a, typeOfData, todaysDate, pageInt, fileInt, pageDouble, fileDouble, dZO, dzoNum, filialNum): null

16-05-2025T12:03:59 - [TEST_STEP][PASSED] - i = <not implemented yet for class: org.codehaus.groovy.ast.expr.EmptyExpression>: null

16-05-2025T12:03:59 - [TEST_STEP][PASSED] - c = <not implemented yet for class: org.codehaus.groovy.ast.expr.EmptyExpression>: null

16-05-2025T12:03:59 - [TEST_STEP][PASSED] - page = <not implemented yet for class: org.codehaus.groovy.ast.expr.EmptyExpression>: null

16-05-2025T12:03:59 - [TEST_STEP][PASSED] - println(dZO): null

16-05-2025T12:03:59 - [TEST_STEP][PASSED] - reducedDZO = <not implemented yet for class: org.codehaus.groovy.ast.expr.EmptyExpression>: null

16-05-2025T12:03:59 - [TEST_STEP][PASSED] - reducedDZO = dZO.substring(dZO.indexOf(" ") + 1, dZO.length()): null

16-05-2025T12:03:59 - [TEST_STEP][PASSED] - if (reducedDZO.contains(" ")): null

16-05-2025T12:03:59 - [TEST_STEP][PASSED] - reducedDZO = reducedDZO.substring(reducedDZO.indexOf(" ") + 1, reducedDZO.length()): null

16-05-2025T12:03:59 - [TEST_STEP][PASSED] - if (reducedDZO.contains(" ")): null

16-05-2025T12:03:59 - [TEST_STEP][PASSED] - println(reducedDZO): null

16-05-2025T12:03:59 - [TEST_STEP][PASSED] - dzoCut = <not implemented yet for class: org.codehaus.groovy.ast.expr.EmptyExpression>: null

16-05-2025T12:03:59 - [TEST_STEP][PASSED] - Script1718980020443.DZO(a): null

16-05-2025T12:03:59 - [TEST_STEP][PASSED] - delay(30): Delayed 30 second(s)

16-05-2025T12:04:29 - [MESSAGE][PASSED] - Delayed 30 second(s)

16-05-2025T12:04:29 - [TEST_STEP][PASSED] - Script1718980020443.OpenFilter(): null

16-05-2025T12:04:29 - [TEST_STEP][PASSED] - click(findTestObject("Object Repository/Выполнение бизнес-плана/Фильтр ДЗО")): Object: 'Object Repository/Выполнение бизнес-плана/Фильтр ДЗО' is clicked on

16-05-2025T12:04:30 - [MESSAGE][PASSED] - Object: 'Object Repository/Выполнение бизнес-плана/Фильтр ДЗО' is clicked on

16-05-2025T12:04:30 - [TEST_STEP][PASSED] - click(findTestObject("Выполнение бизнес-плана/Снять выделение в фильтре ДЗО")): Object: 'Object Repository/Выполнение бизнес-плана/Снять выделение в фильтре ДЗО' is clicked on

16-05-2025T12:04:30 - [MESSAGE][PASSED] - Object: 'Object Repository/Выполнение бизнес-плана/Снять выделение в фильтре ДЗО' is clicked on

16-05-2025T12:04:30 - [TEST_STEP][PASSED] - Script1718980020443.OpenRSK(): null

16-05-2025T12:04:30 - [TEST_STEP][PASSED] - click(findTestObject("Выполнение бизнес-плана/Раскрыть список ПАО Россети в фильтре ДЗО")): Object: 'Object Repository/Выполнение бизнес-плана/Раскрыть список ПАО Россети в фильтре ДЗО' is clicked on

16-05-2025T12:04:31 - [MESSAGE][PASSED] - Object: 'Object Repository/Выполнение бизнес-плана/Раскрыть список ПАО Россети в фильтре ДЗО' is clicked on

16-05-2025T12:04:31 - [TEST_STEP][PASSED] - click(findTestObject("Выполнение бизнес-плана/Раскрыть список РаспредКомплекс в фильтре ДЗО")): Object: 'Object Repository/Выполнение бизнес-плана/Раскрыть список РаспредКомплекс в фильтре ДЗО' is clicked on

16-05-2025T12:04:31 - [MESSAGE][PASSED] - Object: 'Object Repository/Выполнение бизнес-плана/Раскрыть список РаспредКомплекс в фильтре ДЗО' is clicked on

16-05-2025T12:04:31 - [TEST_STEP][PASSED] - if (a == 28): null

16-05-2025T12:04:31 - [TEST_STEP][PASSED] - if (a == 77): null

16-05-2025T12:04:31 - [TEST_STEP][PASSED] - if (a == 74): null

16-05-2025T12:04:31 - [TEST_STEP][PASSED] - if (a == 65): null

16-05-2025T12:04:31 - [TEST_STEP][PASSED] - if (a == 36): null

16-05-2025T12:04:31 - [TEST_STEP][PASSED] - if (a == 44): null

16-05-2025T12:04:31 - [TEST_STEP][PASSED] - if (a == 54): Object: 'Object Repository/Выполнение бизнес-плана/Россети Урал' is clicked on

16-05-2025T12:04:31 - [TEST_STEP][PASSED] - scrollToElement(findTestObject("Общие объекты/Раскрыть список Россети Урал"), 30): Scroll to object 'Object Repository/Общие объекты/Раскрыть список Россети Урал' successfully

16-05-2025T12:04:31 - [MESSAGE][PASSED] - Scroll to object 'Object Repository/Общие объекты/Раскрыть список Россети Урал' successfully

16-05-2025T12:04:31 - [TEST_STEP][PASSED] - click(findTestObject("Выполнение бизнес-плана/Россети Урал")): Object: 'Object Repository/Выполнение бизнес-плана/Россети Урал' is clicked on

16-05-2025T12:04:32 - [MESSAGE][PASSED] - Object: 'Object Repository/Выполнение бизнес-плана/Россети Урал' is clicked on

16-05-2025T12:04:32 - [TEST_STEP][PASSED] - if (a == 1): null

16-05-2025T12:04:32 - [TEST_STEP][PASSED] - if (a == 18): null

16-05-2025T12:04:32 - [TEST_STEP][PASSED] - if (a == 59): null

16-05-2025T12:04:32 - [TEST_STEP][PASSED] - Script1718980020443.CloseFilter(): null

16-05-2025T12:04:32 - [TEST_STEP][PASSED] - scrollToElement(findTestObject("Выполнение бизнес-плана/Заголовок дашборда"), 30): Scroll to object 'Object Repository/Выполнение бизнес-плана/Заголовок дашборда' successfully

16-05-2025T12:04:32 - [MESSAGE][PASSED] - Scroll to object 'Object Repository/Выполнение бизнес-плана/Заголовок дашборда' successfully

16-05-2025T12:04:32 - [TEST_STEP][PASSED] - click(findTestObject("Object Repository/Выполнение бизнес-плана/Применить в фильтре ДЗО")): Object: 'Object Repository/Выполнение бизнес-плана/Применить в фильтре ДЗО' is clicked on

16-05-2025T12:04:33 - [MESSAGE][PASSED] - Object: 'Object Repository/Выполнение бизнес-плана/Применить в фильтре ДЗО' is clicked on

16-05-2025T12:04:33 - [TEST_STEP][PASSED] - delay(30): Delayed 30 second(s)

16-05-2025T12:05:03 - [MESSAGE][PASSED] - Delayed 30 second(s)

16-05-2025T12:05:03 - [TEST_STEP][PASSED] - Script1718980020443.ZakrytOpoveshenie(): null

16-05-2025T12:05:03 - [TEST_STEP][PASSED] - delay(10): Delayed 10 second(s)

16-05-2025T12:05:13 - [MESSAGE][PASSED] - Delayed 10 second(s)

16-05-2025T12:05:13 - [TEST_STEP][PASSED] - opoveshenie = getText(findTestObject("Выполнение бизнес-плана/Просьба обратить внимание")): Text of object 'Object Repository/Выполнение бизнес-плана/Просьба обратить внимание' is: ''

16-05-2025T12:05:14 - [MESSAGE][PASSED] - Text of object 'Object Repository/Выполнение бизнес-плана/Просьба обратить внимание' is: ''

16-05-2025T12:05:14 - [TEST_STEP][PASSED] - println(opoveshenie): null

16-05-2025T12:05:14 - [TEST_STEP][PASSED] - if (opoveshenie == "Просьба обратить внимание"): null

16-05-2025T12:05:14 - [TEST_STEP][PASSED] - page = getText(findTestObject("Object Repository/Выполнение бизнес-плана/Filials")): Text of object 'Object Repository/Выполнение бизнес-плана/Filials' is: 'Россети Урал (ГК)
0
10
20
30
40
50
60
70'

16-05-2025T12:05:14 - [MESSAGE][PASSED] - Text of object 'Object Repository/Выполнение бизнес-плана/Filials' is: 'Россети Урал (ГК)
0
10
20
30
40
50
60
70'

16-05-2025T12:05:14 - [TEST_STEP][PASSED] - println(page): null

16-05-2025T12:05:14 - [TEST_STEP][PASSED] - c = page.indexOf(reducedDZO): null

16-05-2025T12:05:14 - [TEST_STEP][PASSED] - if (c > -1): null

16-05-2025T12:05:14 - [TEST_STEP][PASSED] - click(findTestObject("Выполнение бизнес-плана/список")): Object: 'Object Repository/Выполнение бизнес-плана/список' is clicked on

16-05-2025T12:05:14 - [MESSAGE][PASSED] - Object: 'Object Repository/Выполнение бизнес-плана/список' is clicked on

16-05-2025T12:05:14 - [TEST_STEP][PASSED] - delay(10): Delayed 10 second(s)

16-05-2025T12:05:24 - [MESSAGE][PASSED] - Delayed 10 second(s)

16-05-2025T12:05:24 - [TEST_STEP][PASSED] - click(findTestObject("Выполнение бизнес-плана/Раскрытие списка")): Object: 'Object Repository/Выполнение бизнес-плана/Раскрытие списка' is clicked on

16-05-2025T12:05:25 - [MESSAGE][PASSED] - Object: 'Object Repository/Выполнение бизнес-плана/Раскрытие списка' is clicked on

16-05-2025T12:05:25 - [TEST_STEP][PASSED] - delay(10): Delayed 10 second(s)

16-05-2025T12:05:35 - [MESSAGE][PASSED] - Delayed 10 second(s)

16-05-2025T12:05:35 - [TEST_STEP][PASSED] - page = getText(findTestObject("Object Repository/Выполнение бизнес-плана/Filials")): Text of object 'Object Repository/Выполнение бизнес-плана/Filials' is: 'АО ЕЭСК
Пермэнерго
Свердловэнерго
Челябэнерго
0
10
20
30
40
50
60
70'

16-05-2025T12:05:35 - [MESSAGE][PASSED] - Text of object 'Object Repository/Выполнение бизнес-плана/Filials' is: 'АО ЕЭСК
Пермэнерго
Свердловэнерго
Челябэнерго
0
10
20
30
40
50
60
70'

16-05-2025T12:05:35 - [TEST_STEP][PASSED] - println(page): null

16-05-2025T12:05:35 - [TEST_STEP][PASSED] - c = page.indexOf(reducedDZO): null

16-05-2025T12:05:35 - [TEST_STEP][PASSED] - x2 = getText(findTestObject("Выполнение бизнес-плана/Список ДЗО старый")): Text of object 'Object Repository/Выполнение бизнес-плана/Список ДЗО старый' is: 'АО ЕЭСК
Пермэнерго
Свердловэнерго
Челябэнерго
0
10
20
30
40
50
60
70'

16-05-2025T12:05:35 - [MESSAGE][PASSED] - Text of object 'Object Repository/Выполнение бизнес-плана/Список ДЗО старый' is: 'АО ЕЭСК
Пермэнерго
Свердловэнерго
Челябэнерго
0
10
20
30
40
50
60
70'

16-05-2025T12:05:35 - [TEST_STEP][PASSED] - if (a == 28): null

16-05-2025T12:05:35 - [TEST_STEP][PASSED] - if (a == 77): null

16-05-2025T12:05:35 - [TEST_STEP][PASSED] - if (a == 74): null

16-05-2025T12:05:35 - [TEST_STEP][PASSED] - if (a == 65): null

16-05-2025T12:05:35 - [TEST_STEP][PASSED] - if (a == 1): null

16-05-2025T12:05:35 - [TEST_STEP][PASSED] - if (a == 18): null

16-05-2025T12:05:35 - [TEST_STEP][PASSED] - if (a == 36): null

16-05-2025T12:05:35 - [TEST_STEP][PASSED] - if (a == 44): null

16-05-2025T12:05:35 - [TEST_STEP][PASSED] - if (a == 54): null

16-05-2025T12:05:35 - [TEST_STEP][PASSED] - dZO = "АО ЕЭСК": null

16-05-2025T12:05:35 - [TEST_STEP][PASSED] - a = 58: null

16-05-2025T12:05:35 - [TEST_STEP][PASSED] - dzoCut = dZO.substring(3, dZO.length()): null

16-05-2025T12:05:35 - [TEST_STEP][PASSED] - if (x2.contains(dzoCut)): null

16-05-2025T12:05:35 - [TEST_STEP][PASSED] - filialNum = filialNum + 1: null

16-05-2025T12:05:35 - [TEST_STEP][PASSED] - Script1718980020443.Numbers(a, typeOfData, todaysDate, pageInt, fileInt, pageDouble, fileDouble, dZO, dzoNum, filialNum): null

16-05-2025T12:05:35 - [TEST_STEP][PASSED] - println(dzoNum): null

16-05-2025T12:05:35 - [TEST_STEP][PASSED] - planFact = <not implemented yet for class: org.codehaus.groovy.ast.expr.EmptyExpression>: null

16-05-2025T12:05:35 - [TEST_STEP][PASSED] - page = <not implemented yet for class: org.codehaus.groovy.ast.expr.EmptyExpression>: null

16-05-2025T12:05:35 - [TEST_STEP][PASSED] - page1 = <not implemented yet for class: org.codehaus.groovy.ast.expr.EmptyExpression>: null

16-05-2025T12:05:35 - [TEST_STEP][PASSED] - page2 = <not implemented yet for class: org.codehaus.groovy.ast.expr.EmptyExpression>: null

16-05-2025T12:05:35 - [TEST_STEP][PASSED] - filialNumberInRow = <not implemented yet for class: org.codehaus.groovy.ast.expr.EmptyExpression>: null

16-05-2025T12:05:35 - [TEST_STEP][PASSED] - filialsDzoNames = <not implemented yet for class: org.codehaus.groovy.ast.expr.EmptyExpression>: null

16-05-2025T12:05:35 - [TEST_STEP][PASSED] - numberOfFilials = <not implemented yet for class: org.codehaus.groovy.ast.expr.EmptyExpression>: null

16-05-2025T12:05:35 - [TEST_STEP][PASSED] - numberOfSpaces = <not implemented yet for class: org.codehaus.groovy.ast.expr.EmptyExpression>: null

16-05-2025T12:05:35 - [TEST_STEP][PASSED] - file = <not implemented yet for class: org.codehaus.groovy.ast.expr.EmptyExpression>: null

16-05-2025T12:05:35 - [TEST_STEP][PASSED] - otpusk = <not implemented yet for class: org.codehaus.groovy.ast.expr.EmptyExpression>: null

16-05-2025T12:05:35 - [TEST_STEP][PASSED] - poteri = <not implemented yet for class: org.codehaus.groovy.ast.expr.EmptyExpression>: null

16-05-2025T12:05:35 - [TEST_STEP][PASSED] - dataFolder = "Выполнение бизнес-плана/Значения со страницы Выполнение бизнес-плана/": null

16-05-2025T12:05:35 - [TEST_STEP][PASSED] - path = <not implemented yet for class: org.codehaus.groovy.ast.expr.EmptyExpression>: null

16-05-2025T12:05:35 - [TEST_STEP][PASSED] - typeOfDataMain = <not implemented yet for class: org.codehaus.groovy.ast.expr.EmptyExpression>: null

16-05-2025T12:05:35 - [TEST_STEP][PASSED] - fileOtpuskVSet = <not implemented yet for class: org.codehaus.groovy.ast.expr.EmptyExpression>: null

16-05-2025T12:05:35 - [TEST_STEP][PASSED] - pageOtpuskVSet = <not implemented yet for class: org.codehaus.groovy.ast.expr.EmptyExpression>: null

16-05-2025T12:05:35 - [TEST_STEP][PASSED] - filePoteri = <not implemented yet for class: org.codehaus.groovy.ast.expr.EmptyExpression>: null

16-05-2025T12:05:35 - [TEST_STEP][PASSED] - pagePoteri = <not implemented yet for class: org.codehaus.groovy.ast.expr.EmptyExpression>: null

16-05-2025T12:05:35 - [TEST_STEP][PASSED] - compare = <not implemented yet for class: org.codehaus.groovy.ast.expr.EmptyExpression>: null

16-05-2025T12:05:35 - [TEST_STEP][PASSED] - b = <not implemented yet for class: org.codehaus.groovy.ast.expr.EmptyExpression>: null

16-05-2025T12:05:35 - [TEST_STEP][PASSED] - i = <not implemented yet for class: org.codehaus.groovy.ast.expr.EmptyExpression>: null

16-05-2025T12:05:35 - [TEST_STEP][PASSED] - ii = <not implemented yet for class: org.codehaus.groovy.ast.expr.EmptyExpression>: null

16-05-2025T12:05:35 - [TEST_STEP][PASSED] - c = <not implemented yet for class: org.codehaus.groovy.ast.expr.EmptyExpression>: null

16-05-2025T12:05:35 - [TEST_STEP][PASSED] - numberOfErrors = 0: null

16-05-2025T12:05:35 - [TEST_STEP][PASSED] - if (a == 82): null

16-05-2025T12:05:35 - [TEST_STEP][PASSED] - b = findTestData("PlanFact").getValue(1, a): null

16-05-2025T12:05:35 - [TEST_STEP][PASSED] - i = b.indexOf(" (ГК)"): null

16-05-2025T12:05:35 - [TEST_STEP][PASSED] - if (i > -1): null

16-05-2025T12:05:35 - [TEST_STEP][PASSED] - i = b.indexOf("О ""): null

16-05-2025T12:05:35 - [TEST_STEP][PASSED] - if (i > -1): null

16-05-2025T12:05:35 - [TEST_STEP][PASSED] - i = b.indexOf("О «"): null

16-05-2025T12:05:35 - [TEST_STEP][PASSED] - if (i > -1): null

16-05-2025T12:05:35 - [TEST_STEP][PASSED] - i = b.indexOf("г. "): null

16-05-2025T12:05:35 - [TEST_STEP][PASSED] - if (i > -1): null

16-05-2025T12:05:35 - [TEST_STEP][PASSED] - b = b.trim(): null

16-05-2025T12:05:35 - [TEST_STEP][PASSED] - println(b): null

16-05-2025T12:05:35 - [TEST_STEP][PASSED] - for ([planFact = 1, planFact < 3, (planFact++)]): Object: 'Object Repository/Выполнение бизнес-плана/Кнопка Факт' is clicked on

16-05-2025T12:05:35 - [TEST_STEP][PASSED] - if (planFact == 1): null

16-05-2025T12:05:35 - [TEST_STEP][PASSED] - typeOfDataMain = "Факт": null

16-05-2025T12:05:35 - [TEST_STEP][PASSED] - otpusk = findTestData("PlanFact").getValue(5, a): null

16-05-2025T12:05:35 - [TEST_STEP][PASSED] - poteri = findTestData("PlanFact").getValue(6, a): null

16-05-2025T12:05:35 - [TEST_STEP][PASSED] - otpusk = otpusk.replaceAll("\s+", ""): null

16-05-2025T12:05:35 - [TEST_STEP][PASSED] - poteri = poteri.replaceAll("\s+", ""): null

16-05-2025T12:05:35 - [TEST_STEP][PASSED] - typeOfData = typeOfDataMain + " Отпуск в сеть": null

16-05-2025T12:05:35 - [TEST_STEP][PASSED] - if (a == 82): null

16-05-2025T12:05:35 - [TEST_STEP][PASSED] - else if (a == 84): null

16-05-2025T12:05:35 - [TEST_STEP][PASSED] - else if (a == 83 || a == 52 || a == 72 || a == 28 || a == 73 || a == 77 || a == 74 || a == 65 || a == 36 || a == 44 || a == 53 || a == 80 || a == 54 || a == 1 || a == 18 || a == 59 || a == 81): null

16-05-2025T12:05:35 - [TEST_STEP][PASSED] - else: null

16-05-2025T12:05:35 - [TEST_STEP][PASSED] - path = dataFolder + typeOfData + " за отчётный период " + b: null

16-05-2025T12:05:35 - [TEST_STEP][PASSED] - println(path): null

16-05-2025T12:05:35 - [TEST_STEP][PASSED] - page = getText(findTestObject(path)): Text of object 'Object Repository/Выполнение бизнес-плана/Значения со страницы Выполнение бизнес-плана/Факт Отпуск в сеть за отчётный период АО ЕЭСК' is: '2 098 930'

16-05-2025T12:05:36 - [MESSAGE][PASSED] - Text of object 'Object Repository/Выполнение бизнес-плана/Значения со страницы Выполнение бизнес-плана/Факт Отпуск в сеть за отчётный период АО ЕЭСК' is: '2 098 930'

16-05-2025T12:05:36 - [TEST_STEP][PASSED] - if (page == "" || page == null): null

16-05-2025T12:05:36 - [TEST_STEP][PASSED] - else: null

16-05-2025T12:05:36 - [TEST_STEP][PASSED] - page = page.replaceAll("\s+", ""): null

16-05-2025T12:05:36 - [TEST_STEP][PASSED] - if (page == "undefined"): null

16-05-2025T12:05:36 - [TEST_STEP][PASSED] - fileOtpuskVSet = otpusk.toInteger(): null

16-05-2025T12:05:36 - [TEST_STEP][PASSED] - pageOtpuskVSet = page.toInteger(): null

16-05-2025T12:05:36 - [TEST_STEP][PASSED] - typeOfData = typeOfDataMain + " Потери": null

16-05-2025T12:05:36 - [TEST_STEP][PASSED] - if (a == 82): null

16-05-2025T12:05:36 - [TEST_STEP][PASSED] - else if (a == 84): null

16-05-2025T12:05:36 - [TEST_STEP][PASSED] - else if (a == 83 || a == 52 || a == 72 || a == 28 || a == 73 || a == 77 || a == 74 || a == 65 || a == 36 || a == 44 || a == 53 || a == 80 || a == 54 || a == 1 || a == 18 || a == 59 || a == 81): null

16-05-2025T12:05:36 - [TEST_STEP][PASSED] - else: null

16-05-2025T12:05:36 - [TEST_STEP][PASSED] - path = dataFolder + typeOfData + " за отчётный период " + b: null

16-05-2025T12:05:36 - [TEST_STEP][PASSED] - page = getText(findTestObject(path)): Text of object 'Object Repository/Выполнение бизнес-плана/Значения со страницы Выполнение бизнес-плана/Факт Потери за отчётный период АО ЕЭСК' is: '141 651'

16-05-2025T12:05:36 - [MESSAGE][PASSED] - Text of object 'Object Repository/Выполнение бизнес-плана/Значения со страницы Выполнение бизнес-плана/Факт Потери за отчётный период АО ЕЭСК' is: '141 651'

16-05-2025T12:05:36 - [TEST_STEP][PASSED] - if (page == "" || page == null): null

16-05-2025T12:05:36 - [TEST_STEP][PASSED] - else: null

16-05-2025T12:05:36 - [TEST_STEP][PASSED] - page = page.replaceAll("\s+", ""): null

16-05-2025T12:05:36 - [TEST_STEP][PASSED] - if (page == "undefined"): null

16-05-2025T12:05:36 - [TEST_STEP][PASSED] - filePoteri = poteri.toInteger(): null

16-05-2025T12:05:36 - [TEST_STEP][PASSED] - pagePoteri = page.toInteger(): null

16-05-2025T12:05:36 - [TEST_STEP][PASSED] - compare = pageOtpuskVSet: null

16-05-2025T12:05:36 - [TEST_STEP][PASSED] - if (pageOtpuskVSet != null): null

16-05-2025T12:05:36 - [TEST_STEP][PASSED] - if (compare == fileOtpuskVSet): null

16-05-2025T12:05:36 - [TEST_STEP][PASSED] - if (compare == fileOtpuskVSet): null

16-05-2025T12:05:36 - [TEST_STEP][PASSED] - compare = pagePoteri: null

16-05-2025T12:05:36 - [TEST_STEP][PASSED] - if (pageOtpuskVSet != null): null

16-05-2025T12:05:36 - [TEST_STEP][PASSED] - if (compare == filePoteri): null

16-05-2025T12:05:36 - [TEST_STEP][PASSED] - if (compare == filePoteri): null

16-05-2025T12:05:36 - [TEST_STEP][PASSED] - if (planFact == 2): null

16-05-2025T12:05:36 - [TEST_STEP][PASSED] - if (planFact == 1): null

16-05-2025T12:05:36 - [TEST_STEP][PASSED] - else if (planFact == 2): null

16-05-2025T12:05:36 - [TEST_STEP][PASSED] - click(findTestObject("Выполнение бизнес-плана/Кнопка План")): Object: 'Object Repository/Выполнение бизнес-плана/Кнопка План' is clicked on

16-05-2025T12:05:36 - [MESSAGE][PASSED] - Object: 'Object Repository/Выполнение бизнес-плана/Кнопка План' is clicked on

16-05-2025T12:05:36 - [TEST_STEP][PASSED] - typeOfDataMain = "План": null

16-05-2025T12:05:36 - [TEST_STEP][PASSED] - otpusk = findTestData("PlanFact").getValue(2, a): null

16-05-2025T12:05:36 - [TEST_STEP][PASSED] - poteri = findTestData("PlanFact").getValue(3, a): null

16-05-2025T12:05:37 - [TEST_STEP][PASSED] - otpusk = otpusk.replaceAll("\s+", ""): null

16-05-2025T12:05:37 - [TEST_STEP][PASSED] - poteri = poteri.replaceAll("\s+", ""): null

16-05-2025T12:05:37 - [TEST_STEP][PASSED] - typeOfData = typeOfDataMain + " Отпуск в сеть": null

16-05-2025T12:05:37 - [TEST_STEP][PASSED] - if (a == 82): null

16-05-2025T12:05:37 - [TEST_STEP][PASSED] - else if (a == 84): null

16-05-2025T12:05:37 - [TEST_STEP][PASSED] - else if (a == 83 || a == 52 || a == 72 || a == 28 || a == 73 || a == 77 || a == 74 || a == 65 || a == 36 || a == 44 || a == 53 || a == 80 || a == 54 || a == 1 || a == 18 || a == 59 || a == 81): null

16-05-2025T12:05:37 - [TEST_STEP][PASSED] - else: null

16-05-2025T12:05:37 - [TEST_STEP][PASSED] - path = dataFolder + typeOfData + " за отчётный период " + b: null

16-05-2025T12:05:37 - [TEST_STEP][PASSED] - println(path): null

16-05-2025T12:05:37 - [TEST_STEP][PASSED] - page = getText(findTestObject(path)): Text of object 'Object Repository/Выполнение бизнес-плана/Значения со страницы Выполнение бизнес-плана/План Отпуск в сеть за отчётный период АО ЕЭСК' is: '2 114 497'

16-05-2025T12:05:37 - [MESSAGE][PASSED] - Text of object 'Object Repository/Выполнение бизнес-плана/Значения со страницы Выполнение бизнес-плана/План Отпуск в сеть за отчётный период АО ЕЭСК' is: '2 114 497'

16-05-2025T12:05:37 - [TEST_STEP][PASSED] - if (page == "" || page == null): null

16-05-2025T12:05:37 - [TEST_STEP][PASSED] - else: null

16-05-2025T12:05:37 - [TEST_STEP][PASSED] - page = page.replaceAll("\s+", ""): null

16-05-2025T12:05:37 - [TEST_STEP][PASSED] - if (page == "undefined"): null

16-05-2025T12:05:37 - [TEST_STEP][PASSED] - fileOtpuskVSet = otpusk.toInteger(): null

16-05-2025T12:05:37 - [TEST_STEP][PASSED] - pageOtpuskVSet = page.toInteger(): null

16-05-2025T12:05:37 - [TEST_STEP][PASSED] - typeOfData = typeOfDataMain + " Потери": null

16-05-2025T12:05:37 - [TEST_STEP][PASSED] - if (a == 82): null

16-05-2025T12:05:37 - [TEST_STEP][PASSED] - else if (a == 84): null

16-05-2025T12:05:37 - [TEST_STEP][PASSED] - else if (a == 83 || a == 52 || a == 72 || a == 28 || a == 73 || a == 77 || a == 74 || a == 65 || a == 36 || a == 44 || a == 53 || a == 80 || a == 54 || a == 1 || a == 18 || a == 59 || a == 81): null

16-05-2025T12:05:37 - [TEST_STEP][PASSED] - else: null

16-05-2025T12:05:37 - [TEST_STEP][PASSED] - path = dataFolder + typeOfData + " за отчётный период " + b: null

16-05-2025T12:05:37 - [TEST_STEP][PASSED] - page = getText(findTestObject(path)): Text of object 'Object Repository/Выполнение бизнес-плана/Значения со страницы Выполнение бизнес-плана/План Потери за отчётный период АО ЕЭСК' is: '155 498'

16-05-2025T12:05:37 - [MESSAGE][PASSED] - Text of object 'Object Repository/Выполнение бизнес-плана/Значения со страницы Выполнение бизнес-плана/План Потери за отчётный период АО ЕЭСК' is: '155 498'

16-05-2025T12:05:37 - [TEST_STEP][PASSED] - if (page == "" || page == null): null

16-05-2025T12:05:37 - [TEST_STEP][PASSED] - else: null

16-05-2025T12:05:37 - [TEST_STEP][PASSED] - page = page.replaceAll("\s+", ""): null

16-05-2025T12:05:37 - [TEST_STEP][PASSED] - if (page == "undefined"): null

16-05-2025T12:05:37 - [TEST_STEP][PASSED] - filePoteri = poteri.toInteger(): null

16-05-2025T12:05:37 - [TEST_STEP][PASSED] - pagePoteri = page.toInteger(): null

16-05-2025T12:05:37 - [TEST_STEP][PASSED] - compare = pageOtpuskVSet: null

16-05-2025T12:05:37 - [TEST_STEP][PASSED] - if (pageOtpuskVSet != null): null

16-05-2025T12:05:37 - [TEST_STEP][PASSED] - if (compare == fileOtpuskVSet): null

16-05-2025T12:05:37 - [TEST_STEP][PASSED] - if (compare == fileOtpuskVSet): null

16-05-2025T12:05:37 - [TEST_STEP][PASSED] - compare = pagePoteri: null

16-05-2025T12:05:37 - [TEST_STEP][PASSED] - if (pageOtpuskVSet != null): null

16-05-2025T12:05:37 - [TEST_STEP][PASSED] - if (compare == filePoteri): null

16-05-2025T12:05:37 - [TEST_STEP][PASSED] - if (compare == filePoteri): null

16-05-2025T12:05:37 - [TEST_STEP][PASSED] - if (planFact == 2): Object: 'Object Repository/Выполнение бизнес-плана/Кнопка Факт' is clicked on

16-05-2025T12:05:37 - [TEST_STEP][PASSED] - click(findTestObject("Выполнение бизнес-плана/Кнопка Факт")): Object: 'Object Repository/Выполнение бизнес-плана/Кнопка Факт' is clicked on

16-05-2025T12:05:37 - [MESSAGE][PASSED] - Object: 'Object Repository/Выполнение бизнес-плана/Кнопка Факт' is clicked on

16-05-2025T12:05:37 - [TEST_STEP][PASSED] - println("a=" + a): null

16-05-2025T12:05:37 - [TEST_STEP][PASSED] - if (a == 84 || a == 82): null

16-05-2025T12:05:37 - [TEST_STEP][PASSED] - else if (a == 83 || a == 52 || a == 72 || a == 28 || a == 73 || a == 77 || a == 74 || a == 65 || a == 36 || a == 44 || a == 53 || a == 80 || a == 54 || a == 1 || a == 18 || a == 59 || a == 81): null

16-05-2025T12:05:37 - [TEST_STEP][PASSED] - else: null

16-05-2025T12:05:37 - [TEST_STEP][PASSED] - page1 = getText(findTestObject("Object Repository/Выполнение бизнес-плана/spanPlan" + filialNum)): Text of object 'Object Repository/Выполнение бизнес-плана/spanPlan1' is: '7.35
|'

16-05-2025T12:05:38 - [MESSAGE][PASSED] - Text of object 'Object Repository/Выполнение бизнес-плана/spanPlan1' is: '7.35
|'

16-05-2025T12:05:38 - [TEST_STEP][PASSED] - page1 = page1.replace("|", ""): null

16-05-2025T12:05:38 - [TEST_STEP][PASSED] - page2 = getText(findTestObject("Object Repository/Выполнение бизнес-плана/spanFact" + filialNum)): Text of object 'Object Repository/Выполнение бизнес-плана/spanFact1' is: '6.75
|'

16-05-2025T12:05:38 - [MESSAGE][PASSED] - Text of object 'Object Repository/Выполнение бизнес-плана/spanFact1' is: '6.75
|'

16-05-2025T12:05:38 - [TEST_STEP][PASSED] - page2 = page2.replace("|", ""): null

16-05-2025T12:05:38 - [TEST_STEP][PASSED] - println("page1: " + page1): null

16-05-2025T12:05:38 - [TEST_STEP][PASSED] - println("page2: " + page2): null

16-05-2025T12:05:38 - [TEST_STEP][PASSED] - file = findTestData("PlanFact").getValue(4, a): null

16-05-2025T12:05:38 - [TEST_STEP][PASSED] - file = file.replace(",", "."): null

16-05-2025T12:05:38 - [TEST_STEP][PASSED] - println("file Plan: " + file): null

16-05-2025T12:05:38 - [TEST_STEP][PASSED] - typeOfData = "План в процентах": null

16-05-2025T12:05:38 - [TEST_STEP][PASSED] - fileDouble = file.toDouble(): null

16-05-2025T12:05:38 - [TEST_STEP][PASSED] - pageDouble = page1.toDouble(): null

16-05-2025T12:05:38 - [TEST_STEP][PASSED] - if (fileDouble != pageDouble): null

16-05-2025T12:05:38 - [TEST_STEP][PASSED] - file = findTestData("PlanFact").getValue(7, a): null

16-05-2025T12:05:38 - [TEST_STEP][PASSED] - file = file.replace(",", "."): null

16-05-2025T12:05:38 - [TEST_STEP][PASSED] - println("file Fact: " + file): null

16-05-2025T12:05:38 - [TEST_STEP][PASSED] - fileDouble = file.toDouble(): null

16-05-2025T12:05:38 - [TEST_STEP][PASSED] - typeOfData = "Факт в процентах": null

16-05-2025T12:05:38 - [TEST_STEP][PASSED] - fileDouble = file.toDouble(): null

16-05-2025T12:05:38 - [TEST_STEP][PASSED] - pageDouble = page2.toDouble(): null

16-05-2025T12:05:38 - [TEST_STEP][PASSED] - if (fileDouble != pageDouble): null

16-05-2025T12:05:38 - [TEST_STEP][PASSED] - if (verifyEqual(numberOfErrors, 0) == false): Actual object '0' and expected object '0' are equal

16-05-2025T12:05:38 - [MESSAGE][PASSED] - Actual object '0' and expected object '0' are equal

16-05-2025T12:05:38 - [TEST_STEP][PASSED] - if (a == 82): null

16-05-2025T12:05:38 - [TEST_STEP][PASSED] - dZO = "Пермэнерго": null

16-05-2025T12:05:38 - [TEST_STEP][PASSED] - a = 55: null

16-05-2025T12:05:38 - [TEST_STEP][PASSED] - if (x2.contains(dZO)): null

16-05-2025T12:05:38 - [TEST_STEP][PASSED] - filialNum = filialNum + 1: null

16-05-2025T12:05:38 - [TEST_STEP][PASSED] - Script1718980020443.Numbers(a, typeOfData, todaysDate, pageInt, fileInt, pageDouble, fileDouble, dZO, dzoNum, filialNum): null

16-05-2025T12:05:38 - [TEST_STEP][PASSED] - println(dzoNum): null

16-05-2025T12:05:38 - [TEST_STEP][PASSED] - planFact = <not implemented yet for class: org.codehaus.groovy.ast.expr.EmptyExpression>: null

16-05-2025T12:05:38 - [TEST_STEP][PASSED] - page = <not implemented yet for class: org.codehaus.groovy.ast.expr.EmptyExpression>: null

16-05-2025T12:05:38 - [TEST_STEP][PASSED] - page1 = <not implemented yet for class: org.codehaus.groovy.ast.expr.EmptyExpression>: null

16-05-2025T12:05:38 - [TEST_STEP][PASSED] - page2 = <not implemented yet for class: org.codehaus.groovy.ast.expr.EmptyExpression>: null

16-05-2025T12:05:38 - [TEST_STEP][PASSED] - filialNumberInRow = <not implemented yet for class: org.codehaus.groovy.ast.expr.EmptyExpression>: null

16-05-2025T12:05:38 - [TEST_STEP][PASSED] - filialsDzoNames = <not implemented yet for class: org.codehaus.groovy.ast.expr.EmptyExpression>: null

16-05-2025T12:05:38 - [TEST_STEP][PASSED] - numberOfFilials = <not implemented yet for class: org.codehaus.groovy.ast.expr.EmptyExpression>: null

16-05-2025T12:05:38 - [TEST_STEP][PASSED] - numberOfSpaces = <not implemented yet for class: org.codehaus.groovy.ast.expr.EmptyExpression>: null

16-05-2025T12:05:38 - [TEST_STEP][PASSED] - file = <not implemented yet for class: org.codehaus.groovy.ast.expr.EmptyExpression>: null

16-05-2025T12:05:38 - [TEST_STEP][PASSED] - otpusk = <not implemented yet for class: org.codehaus.groovy.ast.expr.EmptyExpression>: null

16-05-2025T12:05:38 - [TEST_STEP][PASSED] - poteri = <not implemented yet for class: org.codehaus.groovy.ast.expr.EmptyExpression>: null

16-05-2025T12:05:38 - [TEST_STEP][PASSED] - dataFolder = "Выполнение бизнес-плана/Значения со страницы Выполнение бизнес-плана/": null

16-05-2025T12:05:38 - [TEST_STEP][PASSED] - path = <not implemented yet for class: org.codehaus.groovy.ast.expr.EmptyExpression>: null

16-05-2025T12:05:38 - [TEST_STEP][PASSED] - typeOfDataMain = <not implemented yet for class: org.codehaus.groovy.ast.expr.EmptyExpression>: null

16-05-2025T12:05:38 - [TEST_STEP][PASSED] - fileOtpuskVSet = <not implemented yet for class: org.codehaus.groovy.ast.expr.EmptyExpression>: null

16-05-2025T12:05:38 - [TEST_STEP][PASSED] - pageOtpuskVSet = <not implemented yet for class: org.codehaus.groovy.ast.expr.EmptyExpression>: null

16-05-2025T12:05:38 - [TEST_STEP][PASSED] - filePoteri = <not implemented yet for class: org.codehaus.groovy.ast.expr.EmptyExpression>: null

16-05-2025T12:05:38 - [TEST_STEP][PASSED] - pagePoteri = <not implemented yet for class: org.codehaus.groovy.ast.expr.EmptyExpression>: null

16-05-2025T12:05:38 - [TEST_STEP][PASSED] - compare = <not implemented yet for class: org.codehaus.groovy.ast.expr.EmptyExpression>: null

16-05-2025T12:05:38 - [TEST_STEP][PASSED] - b = <not implemented yet for class: org.codehaus.groovy.ast.expr.EmptyExpression>: null

16-05-2025T12:05:38 - [TEST_STEP][PASSED] - i = <not implemented yet for class: org.codehaus.groovy.ast.expr.EmptyExpression>: null

16-05-2025T12:05:38 - [TEST_STEP][PASSED] - ii = <not implemented yet for class: org.codehaus.groovy.ast.expr.EmptyExpression>: null

16-05-2025T12:05:38 - [TEST_STEP][PASSED] - c = <not implemented yet for class: org.codehaus.groovy.ast.expr.EmptyExpression>: null

16-05-2025T12:05:38 - [TEST_STEP][PASSED] - numberOfErrors = 0: null

16-05-2025T12:05:38 - [TEST_STEP][PASSED] - if (a == 82): null

16-05-2025T12:05:38 - [TEST_STEP][PASSED] - b = findTestData("PlanFact").getValue(1, a): null

16-05-2025T12:05:38 - [TEST_STEP][PASSED] - i = b.indexOf(" (ГК)"): null

16-05-2025T12:05:38 - [TEST_STEP][PASSED] - if (i > -1): null

16-05-2025T12:05:38 - [TEST_STEP][PASSED] - i = b.indexOf("О ""): null

16-05-2025T12:05:38 - [TEST_STEP][PASSED] - if (i > -1): null

16-05-2025T12:05:38 - [TEST_STEP][PASSED] - i = b.indexOf("О «"): null

16-05-2025T12:05:38 - [TEST_STEP][PASSED] - if (i > -1): null

16-05-2025T12:05:38 - [TEST_STEP][PASSED] - i = b.indexOf("г. "): null

16-05-2025T12:05:38 - [TEST_STEP][PASSED] - if (i > -1): null

16-05-2025T12:05:38 - [TEST_STEP][PASSED] - b = b.trim(): null

16-05-2025T12:05:38 - [TEST_STEP][PASSED] - println(b): null

16-05-2025T12:05:38 - [TEST_STEP][PASSED] - for ([planFact = 1, planFact < 3, (planFact++)]): Object: 'Object Repository/Выполнение бизнес-плана/Кнопка Факт' is clicked on

16-05-2025T12:05:38 - [TEST_STEP][PASSED] - if (planFact == 1): null

16-05-2025T12:05:38 - [TEST_STEP][PASSED] - typeOfDataMain = "Факт": null

16-05-2025T12:05:38 - [TEST_STEP][PASSED] - otpusk = findTestData("PlanFact").getValue(5, a): null

16-05-2025T12:05:38 - [TEST_STEP][PASSED] - poteri = findTestData("PlanFact").getValue(6, a): null

16-05-2025T12:05:38 - [TEST_STEP][PASSED] - otpusk = otpusk.replaceAll("\s+", ""): null

16-05-2025T12:05:38 - [TEST_STEP][PASSED] - poteri = poteri.replaceAll("\s+", ""): null

16-05-2025T12:05:38 - [TEST_STEP][PASSED] - typeOfData = typeOfDataMain + " Отпуск в сеть": null

16-05-2025T12:05:38 - [TEST_STEP][PASSED] - if (a == 82): null

16-05-2025T12:05:38 - [TEST_STEP][PASSED] - else if (a == 84): null

16-05-2025T12:05:38 - [TEST_STEP][PASSED] - else if (a == 83 || a == 52 || a == 72 || a == 28 || a == 73 || a == 77 || a == 74 || a == 65 || a == 36 || a == 44 || a == 53 || a == 80 || a == 54 || a == 1 || a == 18 || a == 59 || a == 81): null

16-05-2025T12:05:38 - [TEST_STEP][PASSED] - else: null

16-05-2025T12:05:38 - [TEST_STEP][PASSED] - path = dataFolder + typeOfData + " за отчётный период " + b: null

16-05-2025T12:05:38 - [TEST_STEP][PASSED] - println(path): null

16-05-2025T12:05:38 - [TEST_STEP][PASSED] - page = getText(findTestObject(path)): Text of object 'Object Repository/Выполнение бизнес-плана/Значения со страницы Выполнение бизнес-плана/Факт Отпуск в сеть за отчётный период Пермэнерго' is: '4 677 607'

16-05-2025T12:05:39 - [MESSAGE][PASSED] - Text of object 'Object Repository/Выполнение бизнес-плана/Значения со страницы Выполнение бизнес-плана/Факт Отпуск в сеть за отчётный период Пермэнерго' is: '4 677 607'

16-05-2025T12:05:39 - [TEST_STEP][PASSED] - if (page == "" || page == null): null

16-05-2025T12:05:39 - [TEST_STEP][PASSED] - else: null

16-05-2025T12:05:39 - [TEST_STEP][PASSED] - page = page.replaceAll("\s+", ""): null

16-05-2025T12:05:39 - [TEST_STEP][PASSED] - if (page == "undefined"): null

16-05-2025T12:05:39 - [TEST_STEP][PASSED] - fileOtpuskVSet = otpusk.toInteger(): null

16-05-2025T12:05:39 - [TEST_STEP][PASSED] - pageOtpuskVSet = page.toInteger(): null

16-05-2025T12:05:39 - [TEST_STEP][PASSED] - typeOfData = typeOfDataMain + " Потери": null

16-05-2025T12:05:39 - [TEST_STEP][PASSED] - if (a == 82): null

16-05-2025T12:05:39 - [TEST_STEP][PASSED] - else if (a == 84): null

16-05-2025T12:05:39 - [TEST_STEP][PASSED] - else if (a == 83 || a == 52 || a == 72 || a == 28 || a == 73 || a == 77 || a == 74 || a == 65 || a == 36 || a == 44 || a == 53 || a == 80 || a == 54 || a == 1 || a == 18 || a == 59 || a == 81): null

16-05-2025T12:05:39 - [TEST_STEP][PASSED] - else: null

16-05-2025T12:05:39 - [TEST_STEP][PASSED] - path = dataFolder + typeOfData + " за отчётный период " + b: null

16-05-2025T12:05:39 - [TEST_STEP][PASSED] - page = getText(findTestObject(path)): Text of object 'Object Repository/Выполнение бизнес-плана/Значения со страницы Выполнение бизнес-плана/Факт Потери за отчётный период Пермэнерго' is: '407 493'

16-05-2025T12:05:39 - [MESSAGE][PASSED] - Text of object 'Object Repository/Выполнение бизнес-плана/Значения со страницы Выполнение бизнес-плана/Факт Потери за отчётный период Пермэнерго' is: '407 493'

16-05-2025T12:05:39 - [TEST_STEP][PASSED] - if (page == "" || page == null): null

16-05-2025T12:05:39 - [TEST_STEP][PASSED] - else: null

16-05-2025T12:05:39 - [TEST_STEP][PASSED] - page = page.replaceAll("\s+", ""): null

16-05-2025T12:05:39 - [TEST_STEP][PASSED] - if (page == "undefined"): null

16-05-2025T12:05:39 - [TEST_STEP][PASSED] - filePoteri = poteri.toInteger(): null

16-05-2025T12:05:39 - [TEST_STEP][PASSED] - pagePoteri = page.toInteger(): null

16-05-2025T12:05:39 - [TEST_STEP][PASSED] - compare = pageOtpuskVSet: null

16-05-2025T12:05:39 - [TEST_STEP][PASSED] - if (pageOtpuskVSet != null): null

16-05-2025T12:05:39 - [TEST_STEP][PASSED] - if (compare == fileOtpuskVSet): null

16-05-2025T12:05:39 - [TEST_STEP][PASSED] - if (compare == fileOtpuskVSet): null

16-05-2025T12:05:39 - [TEST_STEP][PASSED] - compare = pagePoteri: null

16-05-2025T12:05:39 - [TEST_STEP][PASSED] - if (pageOtpuskVSet != null): null

16-05-2025T12:05:39 - [TEST_STEP][PASSED] - if (compare == filePoteri): null

16-05-2025T12:05:39 - [TEST_STEP][PASSED] - if (compare == filePoteri): null

16-05-2025T12:05:39 - [TEST_STEP][PASSED] - if (planFact == 2): null

16-05-2025T12:05:39 - [TEST_STEP][PASSED] - if (planFact == 1): null

16-05-2025T12:05:39 - [TEST_STEP][PASSED] - else if (planFact == 2): null

16-05-2025T12:05:39 - [TEST_STEP][PASSED] - click(findTestObject("Выполнение бизнес-плана/Кнопка План")): Object: 'Object Repository/Выполнение бизнес-плана/Кнопка План' is clicked on

16-05-2025T12:05:39 - [MESSAGE][PASSED] - Object: 'Object Repository/Выполнение бизнес-плана/Кнопка План' is clicked on

16-05-2025T12:05:39 - [TEST_STEP][PASSED] - typeOfDataMain = "План": null

16-05-2025T12:05:39 - [TEST_STEP][PASSED] - otpusk = findTestData("PlanFact").getValue(2, a): null

16-05-2025T12:05:39 - [TEST_STEP][PASSED] - poteri = findTestData("PlanFact").getValue(3, a): null

16-05-2025T12:05:39 - [TEST_STEP][PASSED] - otpusk = otpusk.replaceAll("\s+", ""): null

16-05-2025T12:05:39 - [TEST_STEP][PASSED] - poteri = poteri.replaceAll("\s+", ""): null

16-05-2025T12:05:39 - [TEST_STEP][PASSED] - typeOfData = typeOfDataMain + " Отпуск в сеть": null

16-05-2025T12:05:39 - [TEST_STEP][PASSED] - if (a == 82): null

16-05-2025T12:05:39 - [TEST_STEP][PASSED] - else if (a == 84): null

16-05-2025T12:05:39 - [TEST_STEP][PASSED] - else if (a == 83 || a == 52 || a == 72 || a == 28 || a == 73 || a == 77 || a == 74 || a == 65 || a == 36 || a == 44 || a == 53 || a == 80 || a == 54 || a == 1 || a == 18 || a == 59 || a == 81): null

16-05-2025T12:05:39 - [TEST_STEP][PASSED] - else: null

16-05-2025T12:05:39 - [TEST_STEP][PASSED] - path = dataFolder + typeOfData + " за отчётный период " + b: null

16-05-2025T12:05:39 - [TEST_STEP][PASSED] - println(path): null

16-05-2025T12:05:39 - [TEST_STEP][PASSED] - page = getText(findTestObject(path)): Text of object 'Object Repository/Выполнение бизнес-плана/Значения со страницы Выполнение бизнес-плана/План Отпуск в сеть за отчётный период Пермэнерго' is: '4 856 997'

16-05-2025T12:05:40 - [MESSAGE][PASSED] - Text of object 'Object Repository/Выполнение бизнес-плана/Значения со страницы Выполнение бизнес-плана/План Отпуск в сеть за отчётный период Пермэнерго' is: '4 856 997'

16-05-2025T12:05:40 - [TEST_STEP][PASSED] - if (page == "" || page == null): null

16-05-2025T12:05:40 - [TEST_STEP][PASSED] - else: null

16-05-2025T12:05:40 - [TEST_STEP][PASSED] - page = page.replaceAll("\s+", ""): null

16-05-2025T12:05:40 - [TEST_STEP][PASSED] - if (page == "undefined"): null

16-05-2025T12:05:40 - [TEST_STEP][PASSED] - fileOtpuskVSet = otpusk.toInteger(): null

16-05-2025T12:05:40 - [TEST_STEP][PASSED] - pageOtpuskVSet = page.toInteger(): null

16-05-2025T12:05:40 - [TEST_STEP][PASSED] - typeOfData = typeOfDataMain + " Потери": null

16-05-2025T12:05:40 - [TEST_STEP][PASSED] - if (a == 82): null

16-05-2025T12:05:40 - [TEST_STEP][PASSED] - else if (a == 84): null

16-05-2025T12:05:40 - [TEST_STEP][PASSED] - else if (a == 83 || a == 52 || a == 72 || a == 28 || a == 73 || a == 77 || a == 74 || a == 65 || a == 36 || a == 44 || a == 53 || a == 80 || a == 54 || a == 1 || a == 18 || a == 59 || a == 81): null

16-05-2025T12:05:40 - [TEST_STEP][PASSED] - else: null

16-05-2025T12:05:40 - [TEST_STEP][PASSED] - path = dataFolder + typeOfData + " за отчётный период " + b: null

16-05-2025T12:05:40 - [TEST_STEP][PASSED] - page = getText(findTestObject(path)): Text of object 'Object Repository/Выполнение бизнес-плана/Значения со страницы Выполнение бизнес-плана/План Потери за отчётный период Пермэнерго' is: '427 647'

16-05-2025T12:05:40 - [MESSAGE][PASSED] - Text of object 'Object Repository/Выполнение бизнес-плана/Значения со страницы Выполнение бизнес-плана/План Потери за отчётный период Пермэнерго' is: '427 647'

16-05-2025T12:05:40 - [TEST_STEP][PASSED] - if (page == "" || page == null): null

16-05-2025T12:05:40 - [TEST_STEP][PASSED] - else: null

16-05-2025T12:05:40 - [TEST_STEP][PASSED] - page = page.replaceAll("\s+", ""): null

16-05-2025T12:05:40 - [TEST_STEP][PASSED] - if (page == "undefined"): null

16-05-2025T12:05:40 - [TEST_STEP][PASSED] - filePoteri = poteri.toInteger(): null

16-05-2025T12:05:40 - [TEST_STEP][PASSED] - pagePoteri = page.toInteger(): null

16-05-2025T12:05:40 - [TEST_STEP][PASSED] - compare = pageOtpuskVSet: null

16-05-2025T12:05:40 - [TEST_STEP][PASSED] - if (pageOtpuskVSet != null): null

16-05-2025T12:05:40 - [TEST_STEP][PASSED] - if (compare == fileOtpuskVSet): null

16-05-2025T12:05:40 - [TEST_STEP][PASSED] - if (compare == fileOtpuskVSet): null

16-05-2025T12:05:40 - [TEST_STEP][PASSED] - compare = pagePoteri: null

16-05-2025T12:05:40 - [TEST_STEP][PASSED] - if (pageOtpuskVSet != null): null

16-05-2025T12:05:40 - [TEST_STEP][PASSED] - if (compare == filePoteri): null

16-05-2025T12:05:40 - [TEST_STEP][PASSED] - if (compare == filePoteri): null

16-05-2025T12:05:40 - [TEST_STEP][PASSED] - if (planFact == 2): Object: 'Object Repository/Выполнение бизнес-плана/Кнопка Факт' is clicked on

16-05-2025T12:05:40 - [TEST_STEP][PASSED] - click(findTestObject("Выполнение бизнес-плана/Кнопка Факт")): Object: 'Object Repository/Выполнение бизнес-плана/Кнопка Факт' is clicked on

16-05-2025T12:05:40 - [MESSAGE][PASSED] - Object: 'Object Repository/Выполнение бизнес-плана/Кнопка Факт' is clicked on

16-05-2025T12:05:40 - [TEST_STEP][PASSED] - println("a=" + a): null

16-05-2025T12:05:40 - [TEST_STEP][PASSED] - if (a == 84 || a == 82): null

16-05-2025T12:05:40 - [TEST_STEP][PASSED] - else if (a == 83 || a == 52 || a == 72 || a == 28 || a == 73 || a == 77 || a == 74 || a == 65 || a == 36 || a == 44 || a == 53 || a == 80 || a == 54 || a == 1 || a == 18 || a == 59 || a == 81): null

16-05-2025T12:05:40 - [TEST_STEP][PASSED] - else: null

16-05-2025T12:05:40 - [TEST_STEP][PASSED] - page1 = getText(findTestObject("Object Repository/Выполнение бизнес-плана/spanPlan" + filialNum)): Text of object 'Object Repository/Выполнение бизнес-плана/spanPlan2' is: '8.80
|'

16-05-2025T12:05:41 - [MESSAGE][PASSED] - Text of object 'Object Repository/Выполнение бизнес-плана/spanPlan2' is: '8.80
|'

16-05-2025T12:05:41 - [TEST_STEP][PASSED] - page1 = page1.replace("|", ""): null

16-05-2025T12:05:41 - [TEST_STEP][PASSED] - page2 = getText(findTestObject("Object Repository/Выполнение бизнес-плана/spanFact" + filialNum)): Text of object 'Object Repository/Выполнение бизнес-плана/spanFact2' is: '8.71
|'

16-05-2025T12:05:41 - [MESSAGE][PASSED] - Text of object 'Object Repository/Выполнение бизнес-плана/spanFact2' is: '8.71
|'

16-05-2025T12:05:41 - [TEST_STEP][PASSED] - page2 = page2.replace("|", ""): null

16-05-2025T12:05:41 - [TEST_STEP][PASSED] - println("page1: " + page1): null

16-05-2025T12:05:41 - [TEST_STEP][PASSED] - println("page2: " + page2): null

16-05-2025T12:05:41 - [TEST_STEP][PASSED] - file = findTestData("PlanFact").getValue(4, a): null

16-05-2025T12:05:41 - [TEST_STEP][PASSED] - file = file.replace(",", "."): null

16-05-2025T12:05:41 - [TEST_STEP][PASSED] - println("file Plan: " + file): null

16-05-2025T12:05:41 - [TEST_STEP][PASSED] - typeOfData = "План в процентах": null

16-05-2025T12:05:41 - [TEST_STEP][PASSED] - fileDouble = file.toDouble(): null

16-05-2025T12:05:41 - [TEST_STEP][PASSED] - pageDouble = page1.toDouble(): null

16-05-2025T12:05:41 - [TEST_STEP][PASSED] - if (fileDouble != pageDouble): null

16-05-2025T12:05:41 - [TEST_STEP][PASSED] - file = findTestData("PlanFact").getValue(7, a): null

16-05-2025T12:05:41 - [TEST_STEP][PASSED] - file = file.replace(",", "."): null

16-05-2025T12:05:41 - [TEST_STEP][PASSED] - println("file Fact: " + file): null

16-05-2025T12:05:41 - [TEST_STEP][PASSED] - fileDouble = file.toDouble(): null

16-05-2025T12:05:41 - [TEST_STEP][PASSED] - typeOfData = "Факт в процентах": null

16-05-2025T12:05:41 - [TEST_STEP][PASSED] - fileDouble = file.toDouble(): null

16-05-2025T12:05:41 - [TEST_STEP][PASSED] - pageDouble = page2.toDouble(): null

16-05-2025T12:05:41 - [TEST_STEP][PASSED] - if (fileDouble != pageDouble): null

16-05-2025T12:05:41 - [TEST_STEP][PASSED] - if (verifyEqual(numberOfErrors, 0) == false): Actual object '0' and expected object '0' are equal

16-05-2025T12:05:41 - [MESSAGE][PASSED] - Actual object '0' and expected object '0' are equal

16-05-2025T12:05:41 - [TEST_STEP][PASSED] - if (a == 82): null

16-05-2025T12:05:41 - [TEST_STEP][PASSED] - dZO = "Свердловэнерго": null

16-05-2025T12:05:41 - [TEST_STEP][PASSED] - a = 56: null

16-05-2025T12:05:41 - [TEST_STEP][PASSED] - if (x2.contains(dZO)): null

16-05-2025T12:05:41 - [TEST_STEP][PASSED] - filialNum = filialNum + 1: null

16-05-2025T12:05:41 - [TEST_STEP][PASSED] - Script1718980020443.Numbers(a, typeOfData, todaysDate, pageInt, fileInt, pageDouble, fileDouble, dZO, dzoNum, filialNum): null

16-05-2025T12:05:41 - [TEST_STEP][PASSED] - println(dzoNum): null

16-05-2025T12:05:41 - [TEST_STEP][PASSED] - planFact = <not implemented yet for class: org.codehaus.groovy.ast.expr.EmptyExpression>: null

16-05-2025T12:05:41 - [TEST_STEP][PASSED] - page = <not implemented yet for class: org.codehaus.groovy.ast.expr.EmptyExpression>: null

16-05-2025T12:05:41 - [TEST_STEP][PASSED] - page1 = <not implemented yet for class: org.codehaus.groovy.ast.expr.EmptyExpression>: null

16-05-2025T12:05:41 - [TEST_STEP][PASSED] - page2 = <not implemented yet for class: org.codehaus.groovy.ast.expr.EmptyExpression>: null

16-05-2025T12:05:41 - [TEST_STEP][PASSED] - filialNumberInRow = <not implemented yet for class: org.codehaus.groovy.ast.expr.EmptyExpression>: null

16-05-2025T12:05:41 - [TEST_STEP][PASSED] - filialsDzoNames = <not implemented yet for class: org.codehaus.groovy.ast.expr.EmptyExpression>: null

16-05-2025T12:05:41 - [TEST_STEP][PASSED] - numberOfFilials = <not implemented yet for class: org.codehaus.groovy.ast.expr.EmptyExpression>: null

16-05-2025T12:05:41 - [TEST_STEP][PASSED] - numberOfSpaces = <not implemented yet for class: org.codehaus.groovy.ast.expr.EmptyExpression>: null

16-05-2025T12:05:41 - [TEST_STEP][PASSED] - file = <not implemented yet for class: org.codehaus.groovy.ast.expr.EmptyExpression>: null

16-05-2025T12:05:41 - [TEST_STEP][PASSED] - otpusk = <not implemented yet for class: org.codehaus.groovy.ast.expr.EmptyExpression>: null

16-05-2025T12:05:41 - [TEST_STEP][PASSED] - poteri = <not implemented yet for class: org.codehaus.groovy.ast.expr.EmptyExpression>: null

16-05-2025T12:05:41 - [TEST_STEP][PASSED] - dataFolder = "Выполнение бизнес-плана/Значения со страницы Выполнение бизнес-плана/": null

16-05-2025T12:05:41 - [TEST_STEP][PASSED] - path = <not implemented yet for class: org.codehaus.groovy.ast.expr.EmptyExpression>: null

16-05-2025T12:05:41 - [TEST_STEP][PASSED] - typeOfDataMain = <not implemented yet for class: org.codehaus.groovy.ast.expr.EmptyExpression>: null

16-05-2025T12:05:41 - [TEST_STEP][PASSED] - fileOtpuskVSet = <not implemented yet for class: org.codehaus.groovy.ast.expr.EmptyExpression>: null

16-05-2025T12:05:41 - [TEST_STEP][PASSED] - pageOtpuskVSet = <not implemented yet for class: org.codehaus.groovy.ast.expr.EmptyExpression>: null

16-05-2025T12:05:41 - [TEST_STEP][PASSED] - filePoteri = <not implemented yet for class: org.codehaus.groovy.ast.expr.EmptyExpression>: null

16-05-2025T12:05:41 - [TEST_STEP][PASSED] - pagePoteri = <not implemented yet for class: org.codehaus.groovy.ast.expr.EmptyExpression>: null

16-05-2025T12:05:41 - [TEST_STEP][PASSED] - compare = <not implemented yet for class: org.codehaus.groovy.ast.expr.EmptyExpression>: null

16-05-2025T12:05:41 - [TEST_STEP][PASSED] - b = <not implemented yet for class: org.codehaus.groovy.ast.expr.EmptyExpression>: null

16-05-2025T12:05:41 - [TEST_STEP][PASSED] - i = <not implemented yet for class: org.codehaus.groovy.ast.expr.EmptyExpression>: null

16-05-2025T12:05:41 - [TEST_STEP][PASSED] - ii = <not implemented yet for class: org.codehaus.groovy.ast.expr.EmptyExpression>: null

16-05-2025T12:05:41 - [TEST_STEP][PASSED] - c = <not implemented yet for class: org.codehaus.groovy.ast.expr.EmptyExpression>: null

16-05-2025T12:05:41 - [TEST_STEP][PASSED] - numberOfErrors = 0: null

16-05-2025T12:05:41 - [TEST_STEP][PASSED] - if (a == 82): null

16-05-2025T12:05:41 - [TEST_STEP][PASSED] - b = findTestData("PlanFact").getValue(1, a): null

16-05-2025T12:05:41 - [TEST_STEP][PASSED] - i = b.indexOf(" (ГК)"): null

16-05-2025T12:05:41 - [TEST_STEP][PASSED] - if (i > -1): null

16-05-2025T12:05:41 - [TEST_STEP][PASSED] - i = b.indexOf("О ""): null

16-05-2025T12:05:41 - [TEST_STEP][PASSED] - if (i > -1): null

16-05-2025T12:05:41 - [TEST_STEP][PASSED] - i = b.indexOf("О «"): null

16-05-2025T12:05:41 - [TEST_STEP][PASSED] - if (i > -1): null

16-05-2025T12:05:41 - [TEST_STEP][PASSED] - i = b.indexOf("г. "): null

16-05-2025T12:05:41 - [TEST_STEP][PASSED] - if (i > -1): null

16-05-2025T12:05:41 - [TEST_STEP][PASSED] - b = b.trim(): null

16-05-2025T12:05:41 - [TEST_STEP][PASSED] - println(b): null

16-05-2025T12:05:41 - [TEST_STEP][PASSED] - for ([planFact = 1, planFact < 3, (planFact++)]): null

16-05-2025T12:05:41 - [TEST_STEP][PASSED] - if (planFact == 1): null

16-05-2025T12:05:41 - [TEST_STEP][PASSED] - typeOfDataMain = "Факт": null

16-05-2025T12:05:41 - [TEST_STEP][PASSED] - otpusk = findTestData("PlanFact").getValue(5, a): null

16-05-2025T12:05:41 - [TEST_STEP][PASSED] - poteri = findTestData("PlanFact").getValue(6, a): null

16-05-2025T12:05:41 - [TEST_STEP][PASSED] - otpusk = otpusk.replaceAll("\s+", ""): null

16-05-2025T12:05:41 - [TEST_STEP][PASSED] - poteri = poteri.replaceAll("\s+", ""): null

16-05-2025T12:05:41 - [TEST_STEP][PASSED] - typeOfData = typeOfDataMain + " Отпуск в сеть": null

16-05-2025T12:05:41 - [TEST_STEP][PASSED] - if (a == 82): null

16-05-2025T12:05:41 - [TEST_STEP][PASSED] - else if (a == 84): null

16-05-2025T12:05:41 - [TEST_STEP][PASSED] - else if (a == 83 || a == 52 || a == 72 || a == 28 || a == 73 || a == 77 || a == 74 || a == 65 || a == 36 || a == 44 || a == 53 || a == 80 || a == 54 || a == 1 || a == 18 || a == 59 || a == 81): null

16-05-2025T12:05:41 - [TEST_STEP][PASSED] - else: null

16-05-2025T12:05:41 - [TEST_STEP][PASSED] - path = dataFolder + typeOfData + " за отчётный период " + b: null

16-05-2025T12:05:41 - [TEST_STEP][PASSED] - println(path): null

16-05-2025T12:05:41 - [TEST_STEP][PASSED] - page = getText(findTestObject(path)): Text of object 'Object Repository/Выполнение бизнес-плана/Значения со страницы Выполнение бизнес-плана/Факт Отпуск в сеть за отчётный период Свердловэнерго' is: '8 083 853'

16-05-2025T12:05:42 - [MESSAGE][PASSED] - Text of object 'Object Repository/Выполнение бизнес-плана/Значения со страницы Выполнение бизнес-плана/Факт Отпуск в сеть за отчётный период Свердловэнерго' is: '8 083 853'

16-05-2025T12:05:42 - [TEST_STEP][PASSED] - if (page == "" || page == null): null

16-05-2025T12:05:42 - [TEST_STEP][PASSED] - else: null

16-05-2025T12:05:42 - [TEST_STEP][PASSED] - page = page.replaceAll("\s+", ""): null

16-05-2025T12:05:42 - [TEST_STEP][PASSED] - if (page == "undefined"): null

16-05-2025T12:05:42 - [TEST_STEP][PASSED] - fileOtpuskVSet = otpusk.toInteger(): null

16-05-2025T12:05:42 - [TEST_STEP][PASSED] - pageOtpuskVSet = page.toInteger(): null

16-05-2025T12:05:42 - [TEST_STEP][PASSED] - typeOfData = typeOfDataMain + " Потери": null

16-05-2025T12:05:42 - [TEST_STEP][PASSED] - if (a == 82): null

16-05-2025T12:05:42 - [TEST_STEP][PASSED] - else if (a == 84): null

16-05-2025T12:05:42 - [TEST_STEP][PASSED] - else if (a == 83 || a == 52 || a == 72 || a == 28 || a == 73 || a == 77 || a == 74 || a == 65 || a == 36 || a == 44 || a == 53 || a == 80 || a == 54 || a == 1 || a == 18 || a == 59 || a == 81): null

16-05-2025T12:05:42 - [TEST_STEP][PASSED] - else: null

16-05-2025T12:05:42 - [TEST_STEP][PASSED] - path = dataFolder + typeOfData + " за отчётный период " + b: null

16-05-2025T12:05:42 - [TEST_STEP][PASSED] - page = getText(findTestObject(path)): Text of object 'Object Repository/Выполнение бизнес-плана/Значения со страницы Выполнение бизнес-плана/Факт Потери за отчётный период Свердловэнерго' is: '393 329'

16-05-2025T12:05:42 - [MESSAGE][PASSED] - Text of object 'Object Repository/Выполнение бизнес-плана/Значения со страницы Выполнение бизнес-плана/Факт Потери за отчётный период Свердловэнерго' is: '393 329'

16-05-2025T12:05:42 - [TEST_STEP][PASSED] - if (page == "" || page == null): null

16-05-2025T12:05:42 - [TEST_STEP][PASSED] - else: null

16-05-2025T12:05:42 - [TEST_STEP][PASSED] - page = page.replaceAll("\s+", ""): null

16-05-2025T12:05:42 - [TEST_STEP][PASSED] - if (page == "undefined"): null

16-05-2025T12:05:42 - [TEST_STEP][PASSED] - filePoteri = poteri.toInteger(): null

16-05-2025T12:05:42 - [TEST_STEP][PASSED] - pagePoteri = page.toInteger(): null

16-05-2025T12:05:42 - [TEST_STEP][PASSED] - compare = pageOtpuskVSet: null

16-05-2025T12:05:42 - [TEST_STEP][PASSED] - if (pageOtpuskVSet != null): null

16-05-2025T12:05:42 - [TEST_STEP][PASSED] - if (compare == fileOtpuskVSet): null

16-05-2025T12:05:42 - [TEST_STEP][PASSED] - if (compare == fileOtpuskVSet): null

16-05-2025T12:05:42 - [TEST_STEP][PASSED] - compare = pagePoteri: null

16-05-2025T12:05:42 - [TEST_STEP][PASSED] - if (pageOtpuskVSet != null): null

16-05-2025T12:05:42 - [TEST_STEP][PASSED] - if (compare == filePoteri): null

16-05-2025T12:05:42 - [TEST_STEP][PASSED] - if (compare == filePoteri): null

16-05-2025T12:05:42 - [TEST_STEP][PASSED] - if (planFact == 2): null

16-05-2025T12:05:42 - [TEST_STEP][PASSED] - if (planFact == 1): null

16-05-2025T12:05:42 - [TEST_STEP][PASSED] - else if (planFact == 2): null

16-05-2025T12:05:42 - [TEST_STEP][PASSED] - click(findTestObject("Выполнение бизнес-плана/Кнопка План")): Object: 'Object Repository/Выполнение бизнес-плана/Кнопка План' is clicked on

16-05-2025T12:05:42 - [MESSAGE][PASSED] - Object: 'Object Repository/Выполнение бизнес-плана/Кнопка План' is clicked on

16-05-2025T12:05:42 - [TEST_STEP][PASSED] - typeOfDataMain = "План": null

16-05-2025T12:05:42 - [TEST_STEP][PASSED] - otpusk = findTestData("PlanFact").getValue(2, a): null

16-05-2025T12:05:42 - [TEST_STEP][PASSED] - poteri = findTestData("PlanFact").getValue(3, a): null

16-05-2025T12:05:42 - [TEST_STEP][PASSED] - otpusk = otpusk.replaceAll("\s+", ""): null

16-05-2025T12:05:42 - [TEST_STEP][PASSED] - poteri = poteri.replaceAll("\s+", ""): null

16-05-2025T12:05:42 - [TEST_STEP][PASSED] - typeOfData = typeOfDataMain + " Отпуск в сеть": null

16-05-2025T12:05:42 - [TEST_STEP][PASSED] - if (a == 82): null

16-05-2025T12:05:42 - [TEST_STEP][PASSED] - else if (a == 84): null

16-05-2025T12:05:42 - [TEST_STEP][PASSED] - else if (a == 83 || a == 52 || a == 72 || a == 28 || a == 73 || a == 77 || a == 74 || a == 65 || a == 36 || a == 44 || a == 53 || a == 80 || a == 54 || a == 1 || a == 18 || a == 59 || a == 81): null

16-05-2025T12:05:42 - [TEST_STEP][PASSED] - else: null

16-05-2025T12:05:42 - [TEST_STEP][PASSED] - path = dataFolder + typeOfData + " за отчётный период " + b: null

16-05-2025T12:05:42 - [TEST_STEP][PASSED] - println(path): null

16-05-2025T12:05:42 - [TEST_STEP][PASSED] - page = getText(findTestObject(path)): Text of object 'Object Repository/Выполнение бизнес-плана/Значения со страницы Выполнение бизнес-плана/План Отпуск в сеть за отчётный период Свердловэнерго' is: '8 275 763'

16-05-2025T12:05:43 - [MESSAGE][PASSED] - Text of object 'Object Repository/Выполнение бизнес-плана/Значения со страницы Выполнение бизнес-плана/План Отпуск в сеть за отчётный период Свердловэнерго' is: '8 275 763'

16-05-2025T12:05:43 - [TEST_STEP][PASSED] - if (page == "" || page == null): null

16-05-2025T12:05:43 - [TEST_STEP][PASSED] - else: null

16-05-2025T12:05:43 - [TEST_STEP][PASSED] - page = page.replaceAll("\s+", ""): null

16-05-2025T12:05:43 - [TEST_STEP][PASSED] - if (page == "undefined"): null

16-05-2025T12:05:43 - [TEST_STEP][PASSED] - fileOtpuskVSet = otpusk.toInteger(): null

16-05-2025T12:05:43 - [TEST_STEP][PASSED] - pageOtpuskVSet = page.toInteger(): null

16-05-2025T12:05:43 - [TEST_STEP][PASSED] - typeOfData = typeOfDataMain + " Потери": null

16-05-2025T12:05:43 - [TEST_STEP][PASSED] - if (a == 82): null

16-05-2025T12:05:43 - [TEST_STEP][PASSED] - else if (a == 84): null

16-05-2025T12:05:43 - [TEST_STEP][PASSED] - else if (a == 83 || a == 52 || a == 72 || a == 28 || a == 73 || a == 77 || a == 74 || a == 65 || a == 36 || a == 44 || a == 53 || a == 80 || a == 54 || a == 1 || a == 18 || a == 59 || a == 81): null

16-05-2025T12:05:43 - [TEST_STEP][PASSED] - else: null

16-05-2025T12:05:43 - [TEST_STEP][PASSED] - path = dataFolder + typeOfData + " за отчётный период " + b: null

16-05-2025T12:05:43 - [TEST_STEP][PASSED] - page = getText(findTestObject(path)): Text of object 'Object Repository/Выполнение бизнес-плана/Значения со страницы Выполнение бизнес-плана/План Потери за отчётный период Свердловэнерго' is: '409 844'

16-05-2025T12:05:43 - [MESSAGE][PASSED] - Text of object 'Object Repository/Выполнение бизнес-плана/Значения со страницы Выполнение бизнес-плана/План Потери за отчётный период Свердловэнерго' is: '409 844'

16-05-2025T12:05:43 - [TEST_STEP][PASSED] - if (page == "" || page == null): null

16-05-2025T12:05:43 - [TEST_STEP][PASSED] - else: null

16-05-2025T12:05:43 - [TEST_STEP][PASSED] - page = page.replaceAll("\s+", ""): null

16-05-2025T12:05:43 - [TEST_STEP][PASSED] - if (page == "undefined"): null

16-05-2025T12:05:43 - [TEST_STEP][PASSED] - filePoteri = poteri.toInteger(): null

16-05-2025T12:05:43 - [TEST_STEP][PASSED] - pagePoteri = page.toInteger(): null

16-05-2025T12:05:43 - [TEST_STEP][PASSED] - compare = pageOtpuskVSet: null

16-05-2025T12:05:43 - [TEST_STEP][PASSED] - if (pageOtpuskVSet != null): null

16-05-2025T12:05:43 - [TEST_STEP][PASSED] - if (compare == fileOtpuskVSet): null

16-05-2025T12:05:43 - [TEST_STEP][PASSED] - if (compare == fileOtpuskVSet): null

16-05-2025T12:05:43 - [TEST_STEP][PASSED] - compare = pagePoteri: null

16-05-2025T12:05:43 - [TEST_STEP][PASSED] - if (pageOtpuskVSet != null): null

16-05-2025T12:05:43 - [TEST_STEP][PASSED] - if (compare == filePoteri): null

16-05-2025T12:05:43 - [TEST_STEP][PASSED] - else if (compare > filePoteri): null

16-05-2025T12:05:43 - [TEST_STEP][PASSED] - else if (compare < filePoteri): null

16-05-2025T12:05:43 - [TEST_STEP][PASSED] - compare = compare + 1: null

16-05-2025T12:05:43 - [TEST_STEP][PASSED] - if (compare == filePoteri): null

16-05-2025T12:05:43 - [TEST_STEP][PASSED] - else: null

16-05-2025T12:05:43 - [TEST_STEP][PASSED] - numberOfErrors = numberOfErrors + 1: null

16-05-2025T12:05:43 - [TEST_STEP][PASSED] - pageInt = pagePoteri: null

16-05-2025T12:05:43 - [TEST_STEP][PASSED] - fileInt = filePoteri: null

16-05-2025T12:05:43 - [TEST_STEP][PASSED] - typeOfData = typeOfDataMain + " Потери": null

16-05-2025T12:05:43 - [TEST_STEP][PASSED] - Script1718980020443.WriteToExcel(a, typeOfData, todaysDate, pageInt, fileInt, pageDouble, fileDouble, dZO): null

16-05-2025T12:05:43 - [TEST_STEP][PASSED] - sheetName = "Sheet1": null

16-05-2025T12:05:43 - [TEST_STEP][PASSED] - data = findTestData("PlanFact"): null

16-05-2025T12:05:43 - [TEST_STEP][PASSED] - n = data.getRowNumbers() + 1: null

16-05-2025T12:05:43 - [TEST_STEP][PASSED] - day = ")).toInteger(): null

16-05-2025T12:05:43 - [TEST_STEP][PASSED] - println(day): null

16-05-2025T12:05:43 - [TEST_STEP][PASSED] - month = ")).toInteger(): null

16-05-2025T12:05:43 - [TEST_STEP][PASSED] - println(month): null

16-05-2025T12:05:43 - [TEST_STEP][PASSED] - y = <not implemented yet for class: org.codehaus.groovy.ast.expr.EmptyExpression>: null

16-05-2025T12:05:43 - [TEST_STEP][PASSED] - iy = <not implemented yet for class: org.codehaus.groovy.ast.expr.EmptyExpression>: null

16-05-2025T12:05:43 - [TEST_STEP][PASSED] - m = getText(findTestObject("Выполнение бизнес-плана/Период")): Text of object 'Object Repository/Выполнение бизнес-плана/Период' is: '1 кв. 2025 года'

16-05-2025T12:05:43 - [MESSAGE][PASSED] - Text of object 'Object Repository/Выполнение бизнес-плана/Период' is: '1 кв. 2025 года'

16-05-2025T12:05:43 - [TEST_STEP][PASSED] - iy = m.indexOf("20"): null

16-05-2025T12:05:43 - [TEST_STEP][PASSED] - if (iy > -1): null

16-05-2025T12:05:43 - [TEST_STEP][PASSED] - y = substring(iy, iy + 4).toInteger(): null

16-05-2025T12:05:43 - [TEST_STEP][PASSED] - println(y): null

16-05-2025T12:05:43 - [TEST_STEP][PASSED] - if (toString().length() == 4): null

16-05-2025T12:05:43 - [TEST_STEP][PASSED] - m = m.substring(0, m.indexOf(y.toString())): null

16-05-2025T12:05:43 - [TEST_STEP][PASSED] - m = m.trim(): null

16-05-2025T12:05:43 - [TEST_STEP][PASSED] - if (m == ""): null

16-05-2025T12:05:43 - [TEST_STEP][PASSED] - dashboardName = "Выполнение бизнес-плана": null

16-05-2025T12:05:43 - [TEST_STEP][PASSED] - workbook01 = getWorkbook(excelFilePath): null

16-05-2025T12:05:43 - [TEST_STEP][PASSED] - sheet01 = getExcelSheet(workbook01, sheetName): null

16-05-2025T12:05:43 - [TEST_STEP][PASSED] - setValueToCellByIndex(sheet01, n, 0, dashboardName): null

16-05-2025T12:05:43 - [TEST_STEP][PASSED] - setValueToCellByIndex(sheet01, n, 1, dZO): null

16-05-2025T12:05:43 - [TEST_STEP][PASSED] - setValueToCellByIndex(sheet01, n, 2, typeOfData): null

16-05-2025T12:05:43 - [TEST_STEP][PASSED] - if (typeOfData == "Факт в процентах" || typeOfData == "План в процентах"): null

16-05-2025T12:05:43 - [TEST_STEP][PASSED] - else: null

16-05-2025T12:05:43 - [TEST_STEP][PASSED] - setValueToCellByIndex(sheet01, n, 3, fileInt): null

16-05-2025T12:05:43 - [TEST_STEP][PASSED] - setValueToCellByIndex(sheet01, n, 4, pageInt): null

16-05-2025T12:05:43 - [TEST_STEP][PASSED] - setValueToCellByIndex(sheet01, n, 5, m): null

16-05-2025T12:05:43 - [TEST_STEP][PASSED] - setValueToCellByIndex(sheet01, n, 6, y): null

16-05-2025T12:05:43 - [TEST_STEP][PASSED] - setValueToCellByIndex(sheet01, n, 7, todaysDate): null

16-05-2025T12:05:43 - [TEST_STEP][PASSED] - n = n + 1: null

16-05-2025T12:05:43 - [TEST_STEP][PASSED] - saveWorkbook(excelFilePath, workbook01): Object: 'Object Repository/Выполнение бизнес-плана/Кнопка Факт' is clicked on

16-05-2025T12:05:44 - [TEST_STEP][PASSED] - if (planFact == 2): Object: 'Object Repository/Выполнение бизнес-плана/Кнопка Факт' is clicked on

16-05-2025T12:05:44 - [TEST_STEP][PASSED] - click(findTestObject("Выполнение бизнес-плана/Кнопка Факт")): Object: 'Object Repository/Выполнение бизнес-плана/Кнопка Факт' is clicked on

16-05-2025T12:05:44 - [MESSAGE][PASSED] - Object: 'Object Repository/Выполнение бизнес-плана/Кнопка Факт' is clicked on

16-05-2025T12:05:44 - [TEST_STEP][PASSED] - println("a=" + a): null

16-05-2025T12:05:44 - [TEST_STEP][PASSED] - if (a == 84 || a == 82): null

16-05-2025T12:05:44 - [TEST_STEP][PASSED] - else if (a == 83 || a == 52 || a == 72 || a == 28 || a == 73 || a == 77 || a == 74 || a == 65 || a == 36 || a == 44 || a == 53 || a == 80 || a == 54 || a == 1 || a == 18 || a == 59 || a == 81): null

16-05-2025T12:05:44 - [TEST_STEP][PASSED] - else: null

16-05-2025T12:05:44 - [TEST_STEP][PASSED] - page1 = getText(findTestObject("Object Repository/Выполнение бизнес-плана/spanPlan" + filialNum)): Text of object 'Object Repository/Выполнение бизнес-плана/spanPlan3' is: '4.95
|'

16-05-2025T12:05:44 - [MESSAGE][PASSED] - Text of object 'Object Repository/Выполнение бизнес-плана/spanPlan3' is: '4.95
|'

16-05-2025T12:05:44 - [TEST_STEP][PASSED] - page1 = page1.replace("|", ""): null

16-05-2025T12:05:44 - [TEST_STEP][PASSED] - page2 = getText(findTestObject("Object Repository/Выполнение бизнес-плана/spanFact" + filialNum)): Text of object 'Object Repository/Выполнение бизнес-плана/spanFact3' is: '4.87
|'

16-05-2025T12:05:44 - [MESSAGE][PASSED] - Text of object 'Object Repository/Выполнение бизнес-плана/spanFact3' is: '4.87
|'

16-05-2025T12:05:44 - [TEST_STEP][PASSED] - page2 = page2.replace("|", ""): null

16-05-2025T12:05:44 - [TEST_STEP][PASSED] - println("page1: " + page1): null

16-05-2025T12:05:44 - [TEST_STEP][PASSED] - println("page2: " + page2): null

16-05-2025T12:05:44 - [TEST_STEP][PASSED] - file = findTestData("PlanFact").getValue(4, a): null

16-05-2025T12:05:44 - [TEST_STEP][PASSED] - file = file.replace(",", "."): null

16-05-2025T12:05:44 - [TEST_STEP][PASSED] - println("file Plan: " + file): null

16-05-2025T12:05:44 - [TEST_STEP][PASSED] - typeOfData = "План в процентах": null

16-05-2025T12:05:44 - [TEST_STEP][PASSED] - fileDouble = file.toDouble(): null

16-05-2025T12:05:44 - [TEST_STEP][PASSED] - pageDouble = page1.toDouble(): null

16-05-2025T12:05:44 - [TEST_STEP][PASSED] - if (fileDouble != pageDouble): null

16-05-2025T12:05:44 - [TEST_STEP][PASSED] - numberOfErrors = numberOfErrors + 1: null

16-05-2025T12:05:44 - [TEST_STEP][PASSED] - Script1718980020443.WriteToExcel(a, typeOfData, todaysDate, pageInt, fileInt, pageDouble, fileDouble, dZO): null

16-05-2025T12:05:44 - [TEST_STEP][PASSED] - sheetName = "Sheet1": null

16-05-2025T12:05:44 - [TEST_STEP][PASSED] - data = findTestData("PlanFact"): null

16-05-2025T12:05:45 - [TEST_STEP][PASSED] - n = data.getRowNumbers() + 1: null

16-05-2025T12:05:45 - [TEST_STEP][PASSED] - day = ")).toInteger(): null

16-05-2025T12:05:45 - [TEST_STEP][PASSED] - println(day): null

16-05-2025T12:05:45 - [TEST_STEP][PASSED] - month = ")).toInteger(): null

16-05-2025T12:05:45 - [TEST_STEP][PASSED] - println(month): null

16-05-2025T12:05:45 - [TEST_STEP][PASSED] - y = <not implemented yet for class: org.codehaus.groovy.ast.expr.EmptyExpression>: null

16-05-2025T12:05:45 - [TEST_STEP][PASSED] - iy = <not implemented yet for class: org.codehaus.groovy.ast.expr.EmptyExpression>: null

16-05-2025T12:05:45 - [TEST_STEP][PASSED] - m = getText(findTestObject("Выполнение бизнес-плана/Период")): Text of object 'Object Repository/Выполнение бизнес-плана/Период' is: '1 кв. 2025 года'

16-05-2025T12:05:45 - [MESSAGE][PASSED] - Text of object 'Object Repository/Выполнение бизнес-плана/Период' is: '1 кв. 2025 года'

16-05-2025T12:05:45 - [TEST_STEP][PASSED] - iy = m.indexOf("20"): null

16-05-2025T12:05:45 - [TEST_STEP][PASSED] - if (iy > -1): null

16-05-2025T12:05:45 - [TEST_STEP][PASSED] - y = substring(iy, iy + 4).toInteger(): null

16-05-2025T12:05:45 - [TEST_STEP][PASSED] - println(y): null

16-05-2025T12:05:45 - [TEST_STEP][PASSED] - if (toString().length() == 4): null

16-05-2025T12:05:45 - [TEST_STEP][PASSED] - m = m.substring(0, m.indexOf(y.toString())): null

16-05-2025T12:05:45 - [TEST_STEP][PASSED] - m = m.trim(): null

16-05-2025T12:05:45 - [TEST_STEP][PASSED] - if (m == ""): null

16-05-2025T12:05:45 - [TEST_STEP][PASSED] - dashboardName = "Выполнение бизнес-плана": null

16-05-2025T12:05:45 - [TEST_STEP][PASSED] - workbook01 = getWorkbook(excelFilePath): null

16-05-2025T12:05:45 - [TEST_STEP][PASSED] - sheet01 = getExcelSheet(workbook01, sheetName): null

16-05-2025T12:05:45 - [TEST_STEP][PASSED] - setValueToCellByIndex(sheet01, n, 0, dashboardName): null

16-05-2025T12:05:45 - [TEST_STEP][PASSED] - setValueToCellByIndex(sheet01, n, 1, dZO): null

16-05-2025T12:05:45 - [TEST_STEP][PASSED] - setValueToCellByIndex(sheet01, n, 2, typeOfData): null

16-05-2025T12:05:45 - [TEST_STEP][PASSED] - if (typeOfData == "Факт в процентах" || typeOfData == "План в процентах"): null

16-05-2025T12:05:45 - [TEST_STEP][PASSED] - setValueToCellByIndex(sheet01, n, 3, fileDouble): null

16-05-2025T12:05:45 - [TEST_STEP][PASSED] - setValueToCellByIndex(sheet01, n, 4, pageDouble): null

16-05-2025T12:05:45 - [TEST_STEP][PASSED] - setValueToCellByIndex(sheet01, n, 5, m): null

16-05-2025T12:05:45 - [TEST_STEP][PASSED] - setValueToCellByIndex(sheet01, n, 6, y): null

16-05-2025T12:05:45 - [TEST_STEP][PASSED] - setValueToCellByIndex(sheet01, n, 7, todaysDate): null

16-05-2025T12:05:45 - [TEST_STEP][PASSED] - n = n + 1: null

16-05-2025T12:05:45 - [TEST_STEP][PASSED] - saveWorkbook(excelFilePath, workbook01): null

16-05-2025T12:05:45 - [TEST_STEP][PASSED] - file = findTestData("PlanFact").getValue(7, a): null

16-05-2025T12:05:45 - [TEST_STEP][PASSED] - file = file.replace(",", "."): null

16-05-2025T12:05:45 - [TEST_STEP][PASSED] - println("file Fact: " + file): null

16-05-2025T12:05:45 - [TEST_STEP][PASSED] - fileDouble = file.toDouble(): null

16-05-2025T12:05:45 - [TEST_STEP][PASSED] - typeOfData = "Факт в процентах": null

16-05-2025T12:05:45 - [TEST_STEP][PASSED] - fileDouble = file.toDouble(): null

16-05-2025T12:05:45 - [TEST_STEP][PASSED] - pageDouble = page2.toDouble(): null

16-05-2025T12:05:45 - [TEST_STEP][PASSED] - if (fileDouble != pageDouble): null

16-05-2025T12:05:45 - [TEST_STEP][FAILED] - if (verifyEqual(numberOfErrors, 0) == false): null

16-05-2025T12:05:45 - [MESSAGE][FAILED] - Unable to verify equal between actual object '2' and expected object '0' (Root cause: com.kms.katalon.core.exception.StepFailedException: Actual object '2' and expected object '0' are not equal
	at com.kms.katalon.core.keyword.builtin.VerifyEqualKeyword$_verifyEqual_closure1.doCall(VerifyEqualKeyword.groovy:58)
	at com.kms.katalon.core.keyword.builtin.VerifyEqualKeyword$_verifyEqual_closure1.call(VerifyEqualKeyword.groovy)
	at com.kms.katalon.core.keyword.internal.KeywordMain.runKeyword(KeywordMain.groovy:75)
	at com.kms.katalon.core.keyword.builtin.VerifyEqualKeyword.verifyEqual(VerifyEqualKeyword.groovy:63)
	at com.kms.katalon.core.keyword.builtin.VerifyEqualKeyword.execute(VerifyEqualKeyword.groovy:44)
	at com.kms.katalon.core.keyword.internal.KeywordExecutor.executeKeywordForPlatform(KeywordExecutor.groovy:74)
	at com.kms.katalon.core.keyword.BuiltinKeywords.verifyEqual(BuiltinKeywords.groovy:146)
	at jdk.internal.reflect.GeneratedMethodAccessor24.invoke(Unknown Source)
	at java.base/jdk.internal.reflect.DelegatingMethodAccessorImpl.invoke(DelegatingMethodAccessorImpl.java:43)
	at Выполнение бизнес-плана Сверка ПАО Россети все филиалы.Numbers(Выполнение бизнес-плана Сверка ПАО Россети все филиалы:740)
	at Выполнение бизнес-плана Сверка ПАО Россети все филиалы.Filials(Выполнение бизнес-плана Сверка ПАО Россети все филиалы:1681)
	at Выполнение бизнес-плана Сверка ПАО Россети все филиалы.Numbers(Выполнение бизнес-плана Сверка ПАО Россети все филиалы:747)
	at Выполнение бизнес-плана Сверка ПАО Россети все филиалы.run(Выполнение бизнес-плана Сверка ПАО Россети все филиалы:353)
	at com.kms.katalon.core.main.ScriptEngine.run(ScriptEngine.java:194)
	at com.kms.katalon.core.main.ScriptEngine.runScriptAsRawText(ScriptEngine.java:119)
	at com.kms.katalon.core.main.TestCaseExecutor.runScript(TestCaseExecutor.java:448)
	at com.kms.katalon.core.main.TestCaseExecutor.doExecute(TestCaseExecutor.java:439)
	at com.kms.katalon.core.main.TestCaseExecutor.processExecutionPhase(TestCaseExecutor.java:418)
	at com.kms.katalon.core.main.TestCaseExecutor.accessMainPhase(TestCaseExecutor.java:410)
	at com.kms.katalon.core.main.TestCaseExecutor.execute(TestCaseExecutor.java:285)
	at com.kms.katalon.core.common.CommonExecutor.accessTestCaseMainPhase(CommonExecutor.java:65)
	at com.kms.katalon.core.main.TestSuiteExecutor.accessTestSuiteMainPhase(TestSuiteExecutor.java:150)
	at com.kms.katalon.core.main.TestSuiteExecutor.execute(TestSuiteExecutor.java:106)
	at com.kms.katalon.core.main.TestCaseMain.startTestSuite(TestCaseMain.java:180)
	at TempTestSuite1747369435659.run(TempTestSuite1747369435659.groovy:35)
	at java.base/jdk.internal.reflect.NativeMethodAccessorImpl.invoke0(Native Method)
	at java.base/jdk.internal.reflect.NativeMethodAccessorImpl.invoke(NativeMethodAccessorImpl.java:77)
	at java.base/jdk.internal.reflect.DelegatingMethodAccessorImpl.invoke(DelegatingMethodAccessorImpl.java:43)
)

16-05-2025T12:05:45 - [TEST_STEP][PASSED] - println(numberOfErrors): null

16-05-2025T12:05:45 - [TEST_STEP][PASSED] - println("a=" + a): null

16-05-2025T12:05:45 - [TEST_STEP][PASSED] - if (a == 28 || a == 77 || a == 74 || a == 65 || a == 36 || a == 44 || a == 54 || a == 1 || a == 18 || a == 59): null

16-05-2025T12:05:45 - [TEST_STEP][PASSED] - if (a == 82): null

16-05-2025T12:05:45 - [TEST_STEP][PASSED] - dZO = "Челябэнерго": null

16-05-2025T12:05:45 - [TEST_STEP][PASSED] - a = 57: null

16-05-2025T12:05:45 - [TEST_STEP][PASSED] - if (x2.contains(dZO)): null

16-05-2025T12:05:45 - [TEST_STEP][PASSED] - filialNum = filialNum + 1: null

16-05-2025T12:05:45 - [TEST_STEP][PASSED] - Script1718980020443.Numbers(a, typeOfData, todaysDate, pageInt, fileInt, pageDouble, fileDouble, dZO, dzoNum, filialNum): null

16-05-2025T12:05:45 - [TEST_STEP][PASSED] - println(dzoNum): null

16-05-2025T12:05:45 - [TEST_STEP][PASSED] - planFact = <not implemented yet for class: org.codehaus.groovy.ast.expr.EmptyExpression>: null

16-05-2025T12:05:45 - [TEST_STEP][PASSED] - page = <not implemented yet for class: org.codehaus.groovy.ast.expr.EmptyExpression>: null

16-05-2025T12:05:45 - [TEST_STEP][PASSED] - page1 = <not implemented yet for class: org.codehaus.groovy.ast.expr.EmptyExpression>: null

16-05-2025T12:05:45 - [TEST_STEP][PASSED] - page2 = <not implemented yet for class: org.codehaus.groovy.ast.expr.EmptyExpression>: null

16-05-2025T12:05:45 - [TEST_STEP][PASSED] - filialNumberInRow = <not implemented yet for class: org.codehaus.groovy.ast.expr.EmptyExpression>: null

16-05-2025T12:05:45 - [TEST_STEP][PASSED] - filialsDzoNames = <not implemented yet for class: org.codehaus.groovy.ast.expr.EmptyExpression>: null

16-05-2025T12:05:45 - [TEST_STEP][PASSED] - numberOfFilials = <not implemented yet for class: org.codehaus.groovy.ast.expr.EmptyExpression>: null

16-05-2025T12:05:45 - [TEST_STEP][PASSED] - numberOfSpaces = <not implemented yet for class: org.codehaus.groovy.ast.expr.EmptyExpression>: null

16-05-2025T12:05:45 - [TEST_STEP][PASSED] - file = <not implemented yet for class: org.codehaus.groovy.ast.expr.EmptyExpression>: null

16-05-2025T12:05:45 - [TEST_STEP][PASSED] - otpusk = <not implemented yet for class: org.codehaus.groovy.ast.expr.EmptyExpression>: null

16-05-2025T12:05:45 - [TEST_STEP][PASSED] - poteri = <not implemented yet for class: org.codehaus.groovy.ast.expr.EmptyExpression>: null

16-05-2025T12:05:45 - [TEST_STEP][PASSED] - dataFolder = "Выполнение бизнес-плана/Значения со страницы Выполнение бизнес-плана/": null

16-05-2025T12:05:45 - [TEST_STEP][PASSED] - path = <not implemented yet for class: org.codehaus.groovy.ast.expr.EmptyExpression>: null

16-05-2025T12:05:45 - [TEST_STEP][PASSED] - typeOfDataMain = <not implemented yet for class: org.codehaus.groovy.ast.expr.EmptyExpression>: null

16-05-2025T12:05:45 - [TEST_STEP][PASSED] - fileOtpuskVSet = <not implemented yet for class: org.codehaus.groovy.ast.expr.EmptyExpression>: null

16-05-2025T12:05:45 - [TEST_STEP][PASSED] - pageOtpuskVSet = <not implemented yet for class: org.codehaus.groovy.ast.expr.EmptyExpression>: null

16-05-2025T12:05:45 - [TEST_STEP][PASSED] - filePoteri = <not implemented yet for class: org.codehaus.groovy.ast.expr.EmptyExpression>: null

16-05-2025T12:05:45 - [TEST_STEP][PASSED] - pagePoteri = <not implemented yet for class: org.codehaus.groovy.ast.expr.EmptyExpression>: null

16-05-2025T12:05:45 - [TEST_STEP][PASSED] - compare = <not implemented yet for class: org.codehaus.groovy.ast.expr.EmptyExpression>: null

16-05-2025T12:05:45 - [TEST_STEP][PASSED] - b = <not implemented yet for class: org.codehaus.groovy.ast.expr.EmptyExpression>: null

16-05-2025T12:05:45 - [TEST_STEP][PASSED] - i = <not implemented yet for class: org.codehaus.groovy.ast.expr.EmptyExpression>: null

16-05-2025T12:05:45 - [TEST_STEP][PASSED] - ii = <not implemented yet for class: org.codehaus.groovy.ast.expr.EmptyExpression>: null

16-05-2025T12:05:45 - [TEST_STEP][PASSED] - c = <not implemented yet for class: org.codehaus.groovy.ast.expr.EmptyExpression>: null

16-05-2025T12:05:45 - [TEST_STEP][PASSED] - numberOfErrors = 0: null

16-05-2025T12:05:45 - [TEST_STEP][PASSED] - if (a == 82): null

16-05-2025T12:05:45 - [TEST_STEP][PASSED] - b = findTestData("PlanFact").getValue(1, a): null

16-05-2025T12:05:45 - [TEST_STEP][PASSED] - i = b.indexOf(" (ГК)"): null

16-05-2025T12:05:45 - [TEST_STEP][PASSED] - if (i > -1): null

16-05-2025T12:05:45 - [TEST_STEP][PASSED] - i = b.indexOf("О ""): null

16-05-2025T12:05:45 - [TEST_STEP][PASSED] - if (i > -1): null

16-05-2025T12:05:45 - [TEST_STEP][PASSED] - i = b.indexOf("О «"): null

16-05-2025T12:05:45 - [TEST_STEP][PASSED] - if (i > -1): null

16-05-2025T12:05:45 - [TEST_STEP][PASSED] - i = b.indexOf("г. "): null

16-05-2025T12:05:45 - [TEST_STEP][PASSED] - if (i > -1): null

16-05-2025T12:05:45 - [TEST_STEP][PASSED] - b = b.trim(): null

16-05-2025T12:05:45 - [TEST_STEP][PASSED] - println(b): null

16-05-2025T12:05:45 - [TEST_STEP][PASSED] - for ([planFact = 1, planFact < 3, (planFact++)]): Object: 'Object Repository/Выполнение бизнес-плана/Кнопка Факт' is clicked on

16-05-2025T12:05:45 - [TEST_STEP][PASSED] - if (planFact == 1): null

16-05-2025T12:05:45 - [TEST_STEP][PASSED] - typeOfDataMain = "Факт": null

16-05-2025T12:05:45 - [TEST_STEP][PASSED] - otpusk = findTestData("PlanFact").getValue(5, a): null

16-05-2025T12:05:45 - [TEST_STEP][PASSED] - poteri = findTestData("PlanFact").getValue(6, a): null

16-05-2025T12:05:45 - [TEST_STEP][PASSED] - otpusk = otpusk.replaceAll("\s+", ""): null

16-05-2025T12:05:45 - [TEST_STEP][PASSED] - poteri = poteri.replaceAll("\s+", ""): null

16-05-2025T12:05:45 - [TEST_STEP][PASSED] - typeOfData = typeOfDataMain + " Отпуск в сеть": null

16-05-2025T12:05:45 - [TEST_STEP][PASSED] - if (a == 82): null

16-05-2025T12:05:45 - [TEST_STEP][PASSED] - else if (a == 84): null

16-05-2025T12:05:45 - [TEST_STEP][PASSED] - else if (a == 83 || a == 52 || a == 72 || a == 28 || a == 73 || a == 77 || a == 74 || a == 65 || a == 36 || a == 44 || a == 53 || a == 80 || a == 54 || a == 1 || a == 18 || a == 59 || a == 81): null

16-05-2025T12:05:45 - [TEST_STEP][PASSED] - else: null

16-05-2025T12:05:45 - [TEST_STEP][PASSED] - path = dataFolder + typeOfData + " за отчётный период " + b: null

16-05-2025T12:05:45 - [TEST_STEP][PASSED] - println(path): null

16-05-2025T12:05:45 - [TEST_STEP][PASSED] - page = getText(findTestObject(path)): Text of object 'Object Repository/Выполнение бизнес-плана/Значения со страницы Выполнение бизнес-плана/Факт Отпуск в сеть за отчётный период Челябэнерго' is: '4 838 556'

16-05-2025T12:05:46 - [MESSAGE][PASSED] - Text of object 'Object Repository/Выполнение бизнес-плана/Значения со страницы Выполнение бизнес-плана/Факт Отпуск в сеть за отчётный период Челябэнерго' is: '4 838 556'

16-05-2025T12:05:46 - [TEST_STEP][PASSED] - if (page == "" || page == null): null

16-05-2025T12:05:46 - [TEST_STEP][PASSED] - else: null

16-05-2025T12:05:46 - [TEST_STEP][PASSED] - page = page.replaceAll("\s+", ""): null

16-05-2025T12:05:46 - [TEST_STEP][PASSED] - if (page == "undefined"): null

16-05-2025T12:05:46 - [TEST_STEP][PASSED] - fileOtpuskVSet = otpusk.toInteger(): null

16-05-2025T12:05:46 - [TEST_STEP][PASSED] - pageOtpuskVSet = page.toInteger(): null

16-05-2025T12:05:46 - [TEST_STEP][PASSED] - typeOfData = typeOfDataMain + " Потери": null

16-05-2025T12:05:46 - [TEST_STEP][PASSED] - if (a == 82): null

16-05-2025T12:05:46 - [TEST_STEP][PASSED] - else if (a == 84): null

16-05-2025T12:05:46 - [TEST_STEP][PASSED] - else if (a == 83 || a == 52 || a == 72 || a == 28 || a == 73 || a == 77 || a == 74 || a == 65 || a == 36 || a == 44 || a == 53 || a == 80 || a == 54 || a == 1 || a == 18 || a == 59 || a == 81): null

16-05-2025T12:05:46 - [TEST_STEP][PASSED] - else: null

16-05-2025T12:05:46 - [TEST_STEP][PASSED] - path = dataFolder + typeOfData + " за отчётный период " + b: null

16-05-2025T12:05:46 - [TEST_STEP][PASSED] - page = getText(findTestObject(path)): Text of object 'Object Repository/Выполнение бизнес-плана/Значения со страницы Выполнение бизнес-плана/Факт Потери за отчётный период Челябэнерго' is: '363 330'

16-05-2025T12:05:46 - [MESSAGE][PASSED] - Text of object 'Object Repository/Выполнение бизнес-плана/Значения со страницы Выполнение бизнес-плана/Факт Потери за отчётный период Челябэнерго' is: '363 330'

16-05-2025T12:05:46 - [TEST_STEP][PASSED] - if (page == "" || page == null): null

16-05-2025T12:05:46 - [TEST_STEP][PASSED] - else: null

16-05-2025T12:05:46 - [TEST_STEP][PASSED] - page = page.replaceAll("\s+", ""): null

16-05-2025T12:05:46 - [TEST_STEP][PASSED] - if (page == "undefined"): null

16-05-2025T12:05:46 - [TEST_STEP][PASSED] - filePoteri = poteri.toInteger(): null

16-05-2025T12:05:46 - [TEST_STEP][PASSED] - pagePoteri = page.toInteger(): null

16-05-2025T12:05:46 - [TEST_STEP][PASSED] - compare = pageOtpuskVSet: null

16-05-2025T12:05:46 - [TEST_STEP][PASSED] - if (pageOtpuskVSet != null): null

16-05-2025T12:05:46 - [TEST_STEP][PASSED] - if (compare == fileOtpuskVSet): null

16-05-2025T12:05:46 - [TEST_STEP][PASSED] - if (compare == fileOtpuskVSet): null

16-05-2025T12:05:46 - [TEST_STEP][PASSED] - compare = pagePoteri: null

16-05-2025T12:05:46 - [TEST_STEP][PASSED] - if (pageOtpuskVSet != null): null

16-05-2025T12:05:46 - [TEST_STEP][PASSED] - if (compare == filePoteri): null

16-05-2025T12:05:46 - [TEST_STEP][PASSED] - if (compare == filePoteri): null

16-05-2025T12:05:46 - [TEST_STEP][PASSED] - if (planFact == 2): null

16-05-2025T12:05:46 - [TEST_STEP][PASSED] - if (planFact == 1): null

16-05-2025T12:05:46 - [TEST_STEP][PASSED] - else if (planFact == 2): null

16-05-2025T12:05:46 - [TEST_STEP][PASSED] - click(findTestObject("Выполнение бизнес-плана/Кнопка План")): Object: 'Object Repository/Выполнение бизнес-плана/Кнопка План' is clicked on

16-05-2025T12:05:46 - [MESSAGE][PASSED] - Object: 'Object Repository/Выполнение бизнес-плана/Кнопка План' is clicked on

16-05-2025T12:05:46 - [TEST_STEP][PASSED] - typeOfDataMain = "План": null

16-05-2025T12:05:46 - [TEST_STEP][PASSED] - otpusk = findTestData("PlanFact").getValue(2, a): null

16-05-2025T12:05:46 - [TEST_STEP][PASSED] - poteri = findTestData("PlanFact").getValue(3, a): null

16-05-2025T12:05:46 - [TEST_STEP][PASSED] - otpusk = otpusk.replaceAll("\s+", ""): null

16-05-2025T12:05:46 - [TEST_STEP][PASSED] - poteri = poteri.replaceAll("\s+", ""): null

16-05-2025T12:05:46 - [TEST_STEP][PASSED] - typeOfData = typeOfDataMain + " Отпуск в сеть": null

16-05-2025T12:05:46 - [TEST_STEP][PASSED] - if (a == 82): null

16-05-2025T12:05:46 - [TEST_STEP][PASSED] - else if (a == 84): null

16-05-2025T12:05:46 - [TEST_STEP][PASSED] - else if (a == 83 || a == 52 || a == 72 || a == 28 || a == 73 || a == 77 || a == 74 || a == 65 || a == 36 || a == 44 || a == 53 || a == 80 || a == 54 || a == 1 || a == 18 || a == 59 || a == 81): null

16-05-2025T12:05:46 - [TEST_STEP][PASSED] - else: null

16-05-2025T12:05:46 - [TEST_STEP][PASSED] - path = dataFolder + typeOfData + " за отчётный период " + b: null

16-05-2025T12:05:46 - [TEST_STEP][PASSED] - println(path): null

16-05-2025T12:05:46 - [TEST_STEP][PASSED] - page = getText(findTestObject(path)): Text of object 'Object Repository/Выполнение бизнес-плана/Значения со страницы Выполнение бизнес-плана/План Отпуск в сеть за отчётный период Челябэнерго' is: '5 028 167'

16-05-2025T12:05:47 - [MESSAGE][PASSED] - Text of object 'Object Repository/Выполнение бизнес-плана/Значения со страницы Выполнение бизнес-плана/План Отпуск в сеть за отчётный период Челябэнерго' is: '5 028 167'

16-05-2025T12:05:47 - [TEST_STEP][PASSED] - if (page == "" || page == null): null

16-05-2025T12:05:47 - [TEST_STEP][PASSED] - else: null

16-05-2025T12:05:47 - [TEST_STEP][PASSED] - page = page.replaceAll("\s+", ""): null

16-05-2025T12:05:47 - [TEST_STEP][PASSED] - if (page == "undefined"): null

16-05-2025T12:05:47 - [TEST_STEP][PASSED] - fileOtpuskVSet = otpusk.toInteger(): null

16-05-2025T12:05:47 - [TEST_STEP][PASSED] - pageOtpuskVSet = page.toInteger(): null

16-05-2025T12:05:47 - [TEST_STEP][PASSED] - typeOfData = typeOfDataMain + " Потери": null

16-05-2025T12:05:47 - [TEST_STEP][PASSED] - if (a == 82): null

16-05-2025T12:05:47 - [TEST_STEP][PASSED] - else if (a == 84): null

16-05-2025T12:05:47 - [TEST_STEP][PASSED] - else if (a == 83 || a == 52 || a == 72 || a == 28 || a == 73 || a == 77 || a == 74 || a == 65 || a == 36 || a == 44 || a == 53 || a == 80 || a == 54 || a == 1 || a == 18 || a == 59 || a == 81): null

16-05-2025T12:05:47 - [TEST_STEP][PASSED] - else: null

16-05-2025T12:05:47 - [TEST_STEP][PASSED] - path = dataFolder + typeOfData + " за отчётный период " + b: null

16-05-2025T12:05:47 - [TEST_STEP][PASSED] - page = getText(findTestObject(path)): Text of object 'Object Repository/Выполнение бизнес-плана/Значения со страницы Выполнение бизнес-плана/План Потери за отчётный период Челябэнерго' is: '402 099'

16-05-2025T12:05:47 - [MESSAGE][PASSED] - Text of object 'Object Repository/Выполнение бизнес-плана/Значения со страницы Выполнение бизнес-плана/План Потери за отчётный период Челябэнерго' is: '402 099'

16-05-2025T12:05:47 - [TEST_STEP][PASSED] - if (page == "" || page == null): null

16-05-2025T12:05:47 - [TEST_STEP][PASSED] - else: null

16-05-2025T12:05:47 - [TEST_STEP][PASSED] - page = page.replaceAll("\s+", ""): null

16-05-2025T12:05:47 - [TEST_STEP][PASSED] - if (page == "undefined"): null

16-05-2025T12:05:47 - [TEST_STEP][PASSED] - filePoteri = poteri.toInteger(): null

16-05-2025T12:05:47 - [TEST_STEP][PASSED] - pagePoteri = page.toInteger(): null

16-05-2025T12:05:47 - [TEST_STEP][PASSED] - compare = pageOtpuskVSet: null

16-05-2025T12:05:47 - [TEST_STEP][PASSED] - if (pageOtpuskVSet != null): null

16-05-2025T12:05:47 - [TEST_STEP][PASSED] - if (compare == fileOtpuskVSet): null

16-05-2025T12:05:47 - [TEST_STEP][PASSED] - if (compare == fileOtpuskVSet): null

16-05-2025T12:05:47 - [TEST_STEP][PASSED] - compare = pagePoteri: null

16-05-2025T12:05:47 - [TEST_STEP][PASSED] - if (pageOtpuskVSet != null): null

16-05-2025T12:05:47 - [TEST_STEP][PASSED] - if (compare == filePoteri): null

16-05-2025T12:05:47 - [TEST_STEP][PASSED] - if (compare == filePoteri): null

16-05-2025T12:05:47 - [TEST_STEP][PASSED] - if (planFact == 2): Object: 'Object Repository/Выполнение бизнес-плана/Кнопка Факт' is clicked on

16-05-2025T12:05:47 - [TEST_STEP][PASSED] - click(findTestObject("Выполнение бизнес-плана/Кнопка Факт")): Object: 'Object Repository/Выполнение бизнес-плана/Кнопка Факт' is clicked on

16-05-2025T12:05:47 - [MESSAGE][PASSED] - Object: 'Object Repository/Выполнение бизнес-плана/Кнопка Факт' is clicked on

16-05-2025T12:05:47 - [TEST_STEP][PASSED] - println("a=" + a): null

16-05-2025T12:05:47 - [TEST_STEP][PASSED] - if (a == 84 || a == 82): null

16-05-2025T12:05:47 - [TEST_STEP][PASSED] - else if (a == 83 || a == 52 || a == 72 || a == 28 || a == 73 || a == 77 || a == 74 || a == 65 || a == 36 || a == 44 || a == 53 || a == 80 || a == 54 || a == 1 || a == 18 || a == 59 || a == 81): null

16-05-2025T12:05:47 - [TEST_STEP][PASSED] - else: null

16-05-2025T12:05:47 - [TEST_STEP][PASSED] - page1 = getText(findTestObject("Object Repository/Выполнение бизнес-плана/spanPlan" + filialNum)): Text of object 'Object Repository/Выполнение бизнес-плана/spanPlan4' is: '8.00
|'

16-05-2025T12:05:48 - [MESSAGE][PASSED] - Text of object 'Object Repository/Выполнение бизнес-плана/spanPlan4' is: '8.00
|'

16-05-2025T12:05:48 - [TEST_STEP][PASSED] - page1 = page1.replace("|", ""): null

16-05-2025T12:05:48 - [TEST_STEP][PASSED] - page2 = getText(findTestObject("Object Repository/Выполнение бизнес-плана/spanFact" + filialNum)): Text of object 'Object Repository/Выполнение бизнес-плана/spanFact4' is: '7.51
|'

16-05-2025T12:05:48 - [MESSAGE][PASSED] - Text of object 'Object Repository/Выполнение бизнес-плана/spanFact4' is: '7.51
|'

16-05-2025T12:05:48 - [TEST_STEP][PASSED] - page2 = page2.replace("|", ""): null

16-05-2025T12:05:48 - [TEST_STEP][PASSED] - println("page1: " + page1): null

16-05-2025T12:05:48 - [TEST_STEP][PASSED] - println("page2: " + page2): null

16-05-2025T12:05:48 - [TEST_STEP][PASSED] - file = findTestData("PlanFact").getValue(4, a): null

16-05-2025T12:05:48 - [TEST_STEP][PASSED] - file = file.replace(",", "."): null

16-05-2025T12:05:48 - [TEST_STEP][PASSED] - println("file Plan: " + file): null

16-05-2025T12:05:48 - [TEST_STEP][PASSED] - typeOfData = "План в процентах": null

16-05-2025T12:05:48 - [TEST_STEP][PASSED] - fileDouble = file.toDouble(): null

16-05-2025T12:05:48 - [TEST_STEP][PASSED] - pageDouble = page1.toDouble(): null

16-05-2025T12:05:48 - [TEST_STEP][PASSED] - if (fileDouble != pageDouble): null

16-05-2025T12:05:48 - [TEST_STEP][PASSED] - file = findTestData("PlanFact").getValue(7, a): null

16-05-2025T12:05:48 - [TEST_STEP][PASSED] - file = file.replace(",", "."): null

16-05-2025T12:05:48 - [TEST_STEP][PASSED] - println("file Fact: " + file): null

16-05-2025T12:05:48 - [TEST_STEP][PASSED] - fileDouble = file.toDouble(): null

16-05-2025T12:05:48 - [TEST_STEP][PASSED] - typeOfData = "Факт в процентах": null

16-05-2025T12:05:48 - [TEST_STEP][PASSED] - fileDouble = file.toDouble(): null

16-05-2025T12:05:48 - [TEST_STEP][PASSED] - pageDouble = page2.toDouble(): null

16-05-2025T12:05:48 - [TEST_STEP][PASSED] - if (fileDouble != pageDouble): null

16-05-2025T12:05:48 - [TEST_STEP][PASSED] - if (verifyEqual(numberOfErrors, 0) == false): Actual object '0' and expected object '0' are equal

16-05-2025T12:05:48 - [MESSAGE][PASSED] - Actual object '0' and expected object '0' are equal

16-05-2025T12:05:48 - [TEST_STEP][PASSED] - if (a == 82): null

16-05-2025T12:05:48 - [TEST_STEP][PASSED] - filialNum = 0: null

16-05-2025T12:05:48 - [TEST_STEP][PASSED] - if (a == 59): null

16-05-2025T12:05:48 - [TEST_STEP][PASSED] - Script1718980020443.OpenFilter(): null

16-05-2025T12:05:48 - [TEST_STEP][PASSED] - click(findTestObject("Object Repository/Выполнение бизнес-плана/Фильтр ДЗО")): Object: 'Object Repository/Выполнение бизнес-плана/Фильтр ДЗО' is clicked on

16-05-2025T12:05:48 - [MESSAGE][PASSED] - Object: 'Object Repository/Выполнение бизнес-плана/Фильтр ДЗО' is clicked on

16-05-2025T12:05:48 - [TEST_STEP][PASSED] - click(findTestObject("Выполнение бизнес-плана/Снять выделение в фильтре ДЗО")): Object: 'Object Repository/Выполнение бизнес-плана/Снять выделение в фильтре ДЗО' is clicked on

16-05-2025T12:05:49 - [MESSAGE][PASSED] - Object: 'Object Repository/Выполнение бизнес-плана/Снять выделение в фильтре ДЗО' is clicked on

16-05-2025T12:05:49 - [TEST_STEP][PASSED] - Script1718980020443.CloseFilter(): null

16-05-2025T12:05:49 - [TEST_STEP][PASSED] - scrollToElement(findTestObject("Выполнение бизнес-плана/Заголовок дашборда"), 30): Scroll to object 'Object Repository/Выполнение бизнес-плана/Заголовок дашборда' successfully

16-05-2025T12:05:49 - [MESSAGE][PASSED] - Scroll to object 'Object Repository/Выполнение бизнес-плана/Заголовок дашборда' successfully

16-05-2025T12:05:49 - [TEST_STEP][PASSED] - click(findTestObject("Object Repository/Выполнение бизнес-плана/Применить в фильтре ДЗО")): Object: 'Object Repository/Выполнение бизнес-плана/Применить в фильтре ДЗО' is clicked on

16-05-2025T12:05:50 - [MESSAGE][PASSED] - Object: 'Object Repository/Выполнение бизнес-плана/Применить в фильтре ДЗО' is clicked on

16-05-2025T12:05:50 - [TEST_STEP][PASSED] - delay(20): Delayed 20 second(s)

16-05-2025T12:06:10 - [MESSAGE][PASSED] - Delayed 20 second(s)

16-05-2025T12:06:10 - [TEST_STEP][PASSED] - if (a == 82): null

16-05-2025T12:06:10 - [TEST_STEP][PASSED] - println(dzoNum): null

16-05-2025T12:06:10 - [TEST_STEP][PASSED] - dZO = "Россети Центр (ГК)": null

16-05-2025T12:06:10 - [TEST_STEP][PASSED] - a = 1: null

16-05-2025T12:06:10 - [TEST_STEP][PASSED] - if (x1.contains("Центр (ГК)") || x1.contains("Центр(ГК)")): null

16-05-2025T12:06:10 - [TEST_STEP][PASSED] - else: null

16-05-2025T12:06:10 - [TEST_STEP][PASSED] - Script1718980020443.NoData(a, typeOfData, todaysDate, fileInt, fileDouble, dZO): null

16-05-2025T12:06:10 - [TEST_STEP][PASSED] - println(a): null

16-05-2025T12:06:10 - [TEST_STEP][PASSED] - println(todaysDate): null

16-05-2025T12:06:10 - [TEST_STEP][PASSED] - println(fileInt): null

16-05-2025T12:06:10 - [TEST_STEP][PASSED] - println(fileDouble): null

16-05-2025T12:06:10 - [TEST_STEP][PASSED] - println(dZO): null

16-05-2025T12:06:10 - [TEST_STEP][PASSED] - typeOfData = "Факт Отпуск в сеть": null

16-05-2025T12:06:10 - [TEST_STEP][PASSED] - fileInt = replaceAll("\s+", "").toInteger(): null

16-05-2025T12:06:10 - [TEST_STEP][PASSED] - Script1718980020443.WriteToExcelNoData(a, typeOfData, todaysDate, fileInt, fileDouble, dZO): null

16-05-2025T12:06:10 - [TEST_STEP][PASSED] - sheetName = "Sheet1": null

16-05-2025T12:06:10 - [TEST_STEP][PASSED] - data = findTestData("PlanFact"): null

16-05-2025T12:06:10 - [TEST_STEP][PASSED] - n = data.getRowNumbers() + 1: null

16-05-2025T12:06:10 - [TEST_STEP][PASSED] - day = ")).toInteger(): null

16-05-2025T12:06:10 - [TEST_STEP][PASSED] - println(day): null

16-05-2025T12:06:10 - [TEST_STEP][PASSED] - month = ")).toInteger(): null

16-05-2025T12:06:10 - [TEST_STEP][PASSED] - println(month): null

16-05-2025T12:06:10 - [TEST_STEP][PASSED] - y = <not implemented yet for class: org.codehaus.groovy.ast.expr.EmptyExpression>: null

16-05-2025T12:06:10 - [TEST_STEP][PASSED] - iy = <not implemented yet for class: org.codehaus.groovy.ast.expr.EmptyExpression>: null

16-05-2025T12:06:10 - [TEST_STEP][PASSED] - m = getText(findTestObject("Выполнение бизнес-плана/Период")): Text of object 'Object Repository/Выполнение бизнес-плана/Период' is: '1 кв. 2025 года'

16-05-2025T12:06:11 - [MESSAGE][PASSED] - Text of object 'Object Repository/Выполнение бизнес-плана/Период' is: '1 кв. 2025 года'

16-05-2025T12:06:11 - [TEST_STEP][PASSED] - iy = m.indexOf("20"): null

16-05-2025T12:06:11 - [TEST_STEP][PASSED] - if (iy > -1): null

16-05-2025T12:06:11 - [TEST_STEP][PASSED] - y = substring(iy, iy + 4).toInteger(): null

16-05-2025T12:06:11 - [TEST_STEP][PASSED] - println(y): null

16-05-2025T12:06:11 - [TEST_STEP][PASSED] - if (toString().length() == 4): null

16-05-2025T12:06:11 - [TEST_STEP][PASSED] - m = m.substring(0, m.indexOf(y.toString())): null

16-05-2025T12:06:11 - [TEST_STEP][PASSED] - m = m.trim(): null

16-05-2025T12:06:11 - [TEST_STEP][PASSED] - if (m == ""): null

16-05-2025T12:06:11 - [TEST_STEP][PASSED] - dashboardName = "Выполнение бизнес-плана": null

16-05-2025T12:06:11 - [TEST_STEP][PASSED] - workbook01 = getWorkbook(excelFilePath): null

16-05-2025T12:06:11 - [TEST_STEP][PASSED] - sheet01 = getExcelSheet(workbook01, sheetName): null

16-05-2025T12:06:11 - [TEST_STEP][PASSED] - setValueToCellByIndex(sheet01, n, 0, dashboardName): null

16-05-2025T12:06:11 - [TEST_STEP][PASSED] - setValueToCellByIndex(sheet01, n, 1, dZO): null

16-05-2025T12:06:11 - [TEST_STEP][PASSED] - setValueToCellByIndex(sheet01, n, 2, typeOfData): null

16-05-2025T12:06:11 - [TEST_STEP][PASSED] - if (typeOfData == "Факт в процентах" || typeOfData == "План в процентах"): null

16-05-2025T12:06:11 - [TEST_STEP][PASSED] - else: null

16-05-2025T12:06:11 - [TEST_STEP][PASSED] - setValueToCellByIndex(sheet01, n, 3, fileInt): null

16-05-2025T12:06:11 - [TEST_STEP][PASSED] - setValueToCellByIndex(sheet01, n, 4, "нет данных"): null

16-05-2025T12:06:11 - [TEST_STEP][PASSED] - setValueToCellByIndex(sheet01, n, 5, m): null

16-05-2025T12:06:11 - [TEST_STEP][PASSED] - setValueToCellByIndex(sheet01, n, 6, y): null

16-05-2025T12:06:11 - [TEST_STEP][PASSED] - setValueToCellByIndex(sheet01, n, 7, todaysDate): null

16-05-2025T12:06:11 - [TEST_STEP][PASSED] - n = n + 1: null

16-05-2025T12:06:11 - [TEST_STEP][PASSED] - saveWorkbook(excelFilePath, workbook01): null

16-05-2025T12:06:11 - [TEST_STEP][PASSED] - typeOfData = "Факт Потери": null

16-05-2025T12:06:11 - [TEST_STEP][PASSED] - fileInt = replaceAll("\s+", "").toInteger(): null

16-05-2025T12:06:11 - [TEST_STEP][PASSED] - Script1718980020443.WriteToExcelNoData(a, typeOfData, todaysDate, fileInt, fileDouble, dZO): null

16-05-2025T12:06:11 - [TEST_STEP][PASSED] - sheetName = "Sheet1": null

16-05-2025T12:06:11 - [TEST_STEP][PASSED] - data = findTestData("PlanFact"): null

16-05-2025T12:06:11 - [TEST_STEP][PASSED] - n = data.getRowNumbers() + 1: null

16-05-2025T12:06:11 - [TEST_STEP][PASSED] - day = ")).toInteger(): null

16-05-2025T12:06:11 - [TEST_STEP][PASSED] - println(day): null

16-05-2025T12:06:11 - [TEST_STEP][PASSED] - month = ")).toInteger(): null

16-05-2025T12:06:11 - [TEST_STEP][PASSED] - println(month): null

16-05-2025T12:06:11 - [TEST_STEP][PASSED] - y = <not implemented yet for class: org.codehaus.groovy.ast.expr.EmptyExpression>: null

16-05-2025T12:06:11 - [TEST_STEP][PASSED] - iy = <not implemented yet for class: org.codehaus.groovy.ast.expr.EmptyExpression>: null

16-05-2025T12:06:11 - [TEST_STEP][PASSED] - m = getText(findTestObject("Выполнение бизнес-плана/Период")): Text of object 'Object Repository/Выполнение бизнес-плана/Период' is: '1 кв. 2025 года'

16-05-2025T12:06:11 - [MESSAGE][PASSED] - Text of object 'Object Repository/Выполнение бизнес-плана/Период' is: '1 кв. 2025 года'

16-05-2025T12:06:11 - [TEST_STEP][PASSED] - iy = m.indexOf("20"): null

16-05-2025T12:06:11 - [TEST_STEP][PASSED] - if (iy > -1): null

16-05-2025T12:06:11 - [TEST_STEP][PASSED] - y = substring(iy, iy + 4).toInteger(): null

16-05-2025T12:06:11 - [TEST_STEP][PASSED] - println(y): null

16-05-2025T12:06:11 - [TEST_STEP][PASSED] - if (toString().length() == 4): null

16-05-2025T12:06:11 - [TEST_STEP][PASSED] - m = m.substring(0, m.indexOf(y.toString())): null

16-05-2025T12:06:11 - [TEST_STEP][PASSED] - m = m.trim(): null

16-05-2025T12:06:11 - [TEST_STEP][PASSED] - if (m == ""): null

16-05-2025T12:06:11 - [TEST_STEP][PASSED] - dashboardName = "Выполнение бизнес-плана": null

16-05-2025T12:06:11 - [TEST_STEP][PASSED] - workbook01 = getWorkbook(excelFilePath): null

16-05-2025T12:06:11 - [TEST_STEP][PASSED] - sheet01 = getExcelSheet(workbook01, sheetName): null

16-05-2025T12:06:11 - [TEST_STEP][PASSED] - setValueToCellByIndex(sheet01, n, 0, dashboardName): null

16-05-2025T12:06:11 - [TEST_STEP][PASSED] - setValueToCellByIndex(sheet01, n, 1, dZO): null

16-05-2025T12:06:11 - [TEST_STEP][PASSED] - setValueToCellByIndex(sheet01, n, 2, typeOfData): null

16-05-2025T12:06:11 - [TEST_STEP][PASSED] - if (typeOfData == "Факт в процентах" || typeOfData == "План в процентах"): null

16-05-2025T12:06:11 - [TEST_STEP][PASSED] - else: null

16-05-2025T12:06:11 - [TEST_STEP][PASSED] - setValueToCellByIndex(sheet01, n, 3, fileInt): null

16-05-2025T12:06:11 - [TEST_STEP][PASSED] - setValueToCellByIndex(sheet01, n, 4, "нет данных"): null

16-05-2025T12:06:11 - [TEST_STEP][PASSED] - setValueToCellByIndex(sheet01, n, 5, m): null

16-05-2025T12:06:11 - [TEST_STEP][PASSED] - setValueToCellByIndex(sheet01, n, 6, y): null

16-05-2025T12:06:11 - [TEST_STEP][PASSED] - setValueToCellByIndex(sheet01, n, 7, todaysDate): null

16-05-2025T12:06:11 - [TEST_STEP][PASSED] - n = n + 1: null

16-05-2025T12:06:11 - [TEST_STEP][PASSED] - saveWorkbook(excelFilePath, workbook01): null

16-05-2025T12:06:12 - [TEST_STEP][PASSED] - typeOfData = "План Отпуск в сеть": null

16-05-2025T12:06:12 - [TEST_STEP][PASSED] - fileInt = replaceAll("\s+", "").toInteger(): null

16-05-2025T12:06:12 - [TEST_STEP][PASSED] - Script1718980020443.WriteToExcelNoData(a, typeOfData, todaysDate, fileInt, fileDouble, dZO): null

16-05-2025T12:06:12 - [TEST_STEP][PASSED] - sheetName = "Sheet1": null

16-05-2025T12:06:12 - [TEST_STEP][PASSED] - data = findTestData("PlanFact"): null

16-05-2025T12:06:12 - [TEST_STEP][PASSED] - n = data.getRowNumbers() + 1: null

16-05-2025T12:06:12 - [TEST_STEP][PASSED] - day = ")).toInteger(): null

16-05-2025T12:06:12 - [TEST_STEP][PASSED] - println(day): null

16-05-2025T12:06:12 - [TEST_STEP][PASSED] - month = ")).toInteger(): null

16-05-2025T12:06:12 - [TEST_STEP][PASSED] - println(month): null

16-05-2025T12:06:12 - [TEST_STEP][PASSED] - y = <not implemented yet for class: org.codehaus.groovy.ast.expr.EmptyExpression>: null

16-05-2025T12:06:12 - [TEST_STEP][PASSED] - iy = <not implemented yet for class: org.codehaus.groovy.ast.expr.EmptyExpression>: null

16-05-2025T12:06:12 - [TEST_STEP][PASSED] - m = getText(findTestObject("Выполнение бизнес-плана/Период")): Text of object 'Object Repository/Выполнение бизнес-плана/Период' is: '1 кв. 2025 года'

16-05-2025T12:06:12 - [MESSAGE][PASSED] - Text of object 'Object Repository/Выполнение бизнес-плана/Период' is: '1 кв. 2025 года'

16-05-2025T12:06:12 - [TEST_STEP][PASSED] - iy = m.indexOf("20"): null

16-05-2025T12:06:12 - [TEST_STEP][PASSED] - if (iy > -1): null

16-05-2025T12:06:12 - [TEST_STEP][PASSED] - y = substring(iy, iy + 4).toInteger(): null

16-05-2025T12:06:12 - [TEST_STEP][PASSED] - println(y): null

16-05-2025T12:06:12 - [TEST_STEP][PASSED] - if (toString().length() == 4): null

16-05-2025T12:06:12 - [TEST_STEP][PASSED] - m = m.substring(0, m.indexOf(y.toString())): null

16-05-2025T12:06:12 - [TEST_STEP][PASSED] - m = m.trim(): null

16-05-2025T12:06:12 - [TEST_STEP][PASSED] - if (m == ""): null

16-05-2025T12:06:12 - [TEST_STEP][PASSED] - dashboardName = "Выполнение бизнес-плана": null

16-05-2025T12:06:12 - [TEST_STEP][PASSED] - workbook01 = getWorkbook(excelFilePath): null

16-05-2025T12:06:12 - [TEST_STEP][PASSED] - sheet01 = getExcelSheet(workbook01, sheetName): null

16-05-2025T12:06:12 - [TEST_STEP][PASSED] - setValueToCellByIndex(sheet01, n, 0, dashboardName): null

16-05-2025T12:06:12 - [TEST_STEP][PASSED] - setValueToCellByIndex(sheet01, n, 1, dZO): null

16-05-2025T12:06:12 - [TEST_STEP][PASSED] - setValueToCellByIndex(sheet01, n, 2, typeOfData): null

16-05-2025T12:06:12 - [TEST_STEP][PASSED] - if (typeOfData == "Факт в процентах" || typeOfData == "План в процентах"): null

16-05-2025T12:06:12 - [TEST_STEP][PASSED] - else: null

16-05-2025T12:06:12 - [TEST_STEP][PASSED] - setValueToCellByIndex(sheet01, n, 3, fileInt): null

16-05-2025T12:06:12 - [TEST_STEP][PASSED] - setValueToCellByIndex(sheet01, n, 4, "нет данных"): null

16-05-2025T12:06:12 - [TEST_STEP][PASSED] - setValueToCellByIndex(sheet01, n, 5, m): null

16-05-2025T12:06:12 - [TEST_STEP][PASSED] - setValueToCellByIndex(sheet01, n, 6, y): null

16-05-2025T12:06:12 - [TEST_STEP][PASSED] - setValueToCellByIndex(sheet01, n, 7, todaysDate): null

16-05-2025T12:06:12 - [TEST_STEP][PASSED] - n = n + 1: null

16-05-2025T12:06:12 - [TEST_STEP][PASSED] - saveWorkbook(excelFilePath, workbook01): null

16-05-2025T12:06:12 - [TEST_STEP][PASSED] - typeOfData = "План Потери": null

16-05-2025T12:06:12 - [TEST_STEP][PASSED] - fileInt = replaceAll("\s+", "").toInteger(): null

16-05-2025T12:06:12 - [TEST_STEP][PASSED] - Script1718980020443.WriteToExcelNoData(a, typeOfData, todaysDate, fileInt, fileDouble, dZO): null

16-05-2025T12:06:12 - [TEST_STEP][PASSED] - sheetName = "Sheet1": null

16-05-2025T12:06:12 - [TEST_STEP][PASSED] - data = findTestData("PlanFact"): null

16-05-2025T12:06:12 - [TEST_STEP][PASSED] - n = data.getRowNumbers() + 1: null

16-05-2025T12:06:12 - [TEST_STEP][PASSED] - day = ")).toInteger(): null

16-05-2025T12:06:12 - [TEST_STEP][PASSED] - println(day): null

16-05-2025T12:06:12 - [TEST_STEP][PASSED] - month = ")).toInteger(): null

16-05-2025T12:06:12 - [TEST_STEP][PASSED] - println(month): null

16-05-2025T12:06:12 - [TEST_STEP][PASSED] - y = <not implemented yet for class: org.codehaus.groovy.ast.expr.EmptyExpression>: null

16-05-2025T12:06:12 - [TEST_STEP][PASSED] - iy = <not implemented yet for class: org.codehaus.groovy.ast.expr.EmptyExpression>: null

16-05-2025T12:06:12 - [TEST_STEP][PASSED] - m = getText(findTestObject("Выполнение бизнес-плана/Период")): Text of object 'Object Repository/Выполнение бизнес-плана/Период' is: '1 кв. 2025 года'

16-05-2025T12:06:13 - [MESSAGE][PASSED] - Text of object 'Object Repository/Выполнение бизнес-плана/Период' is: '1 кв. 2025 года'

16-05-2025T12:06:13 - [TEST_STEP][PASSED] - iy = m.indexOf("20"): null

16-05-2025T12:06:13 - [TEST_STEP][PASSED] - if (iy > -1): null

16-05-2025T12:06:13 - [TEST_STEP][PASSED] - y = substring(iy, iy + 4).toInteger(): null

16-05-2025T12:06:13 - [TEST_STEP][PASSED] - println(y): null

16-05-2025T12:06:13 - [TEST_STEP][PASSED] - if (toString().length() == 4): null

16-05-2025T12:06:13 - [TEST_STEP][PASSED] - m = m.substring(0, m.indexOf(y.toString())): null

16-05-2025T12:06:13 - [TEST_STEP][PASSED] - m = m.trim(): null

16-05-2025T12:06:13 - [TEST_STEP][PASSED] - if (m == ""): null

16-05-2025T12:06:13 - [TEST_STEP][PASSED] - dashboardName = "Выполнение бизнес-плана": null

16-05-2025T12:06:13 - [TEST_STEP][PASSED] - workbook01 = getWorkbook(excelFilePath): null

16-05-2025T12:06:13 - [TEST_STEP][PASSED] - sheet01 = getExcelSheet(workbook01, sheetName): null

16-05-2025T12:06:13 - [TEST_STEP][PASSED] - setValueToCellByIndex(sheet01, n, 0, dashboardName): null

16-05-2025T12:06:13 - [TEST_STEP][PASSED] - setValueToCellByIndex(sheet01, n, 1, dZO): null

16-05-2025T12:06:13 - [TEST_STEP][PASSED] - setValueToCellByIndex(sheet01, n, 2, typeOfData): null

16-05-2025T12:06:13 - [TEST_STEP][PASSED] - if (typeOfData == "Факт в процентах" || typeOfData == "План в процентах"): null

16-05-2025T12:06:13 - [TEST_STEP][PASSED] - else: null

16-05-2025T12:06:13 - [TEST_STEP][PASSED] - setValueToCellByIndex(sheet01, n, 3, fileInt): null

16-05-2025T12:06:13 - [TEST_STEP][PASSED] - setValueToCellByIndex(sheet01, n, 4, "нет данных"): null

16-05-2025T12:06:13 - [TEST_STEP][PASSED] - setValueToCellByIndex(sheet01, n, 5, m): null

16-05-2025T12:06:13 - [TEST_STEP][PASSED] - setValueToCellByIndex(sheet01, n, 6, y): null

16-05-2025T12:06:13 - [TEST_STEP][PASSED] - setValueToCellByIndex(sheet01, n, 7, todaysDate): null

16-05-2025T12:06:13 - [TEST_STEP][PASSED] - n = n + 1: null

16-05-2025T12:06:13 - [TEST_STEP][PASSED] - saveWorkbook(excelFilePath, workbook01): null

16-05-2025T12:06:13 - [TEST_STEP][PASSED] - typeOfData = "План в процентах": null

16-05-2025T12:06:13 - [TEST_STEP][PASSED] - fileDouble = ").toDouble(): null

16-05-2025T12:06:13 - [TEST_STEP][PASSED] - Script1718980020443.WriteToExcelNoData(a, typeOfData, todaysDate, fileInt, fileDouble, dZO): null

16-05-2025T12:06:13 - [TEST_STEP][PASSED] - sheetName = "Sheet1": null

16-05-2025T12:06:13 - [TEST_STEP][PASSED] - data = findTestData("PlanFact"): null

16-05-2025T12:06:13 - [TEST_STEP][PASSED] - n = data.getRowNumbers() + 1: null

16-05-2025T12:06:13 - [TEST_STEP][PASSED] - day = ")).toInteger(): null

16-05-2025T12:06:13 - [TEST_STEP][PASSED] - println(day): null

16-05-2025T12:06:13 - [TEST_STEP][PASSED] - month = ")).toInteger(): null

16-05-2025T12:06:13 - [TEST_STEP][PASSED] - println(month): null

16-05-2025T12:06:13 - [TEST_STEP][PASSED] - y = <not implemented yet for class: org.codehaus.groovy.ast.expr.EmptyExpression>: null

16-05-2025T12:06:13 - [TEST_STEP][PASSED] - iy = <not implemented yet for class: org.codehaus.groovy.ast.expr.EmptyExpression>: null

16-05-2025T12:06:13 - [TEST_STEP][PASSED] - m = getText(findTestObject("Выполнение бизнес-плана/Период")): Text of object 'Object Repository/Выполнение бизнес-плана/Период' is: '1 кв. 2025 года'

16-05-2025T12:06:13 - [MESSAGE][PASSED] - Text of object 'Object Repository/Выполнение бизнес-плана/Период' is: '1 кв. 2025 года'

16-05-2025T12:06:13 - [TEST_STEP][PASSED] - iy = m.indexOf("20"): null

16-05-2025T12:06:13 - [TEST_STEP][PASSED] - if (iy > -1): null

16-05-2025T12:06:13 - [TEST_STEP][PASSED] - y = substring(iy, iy + 4).toInteger(): null

16-05-2025T12:06:13 - [TEST_STEP][PASSED] - println(y): null

16-05-2025T12:06:13 - [TEST_STEP][PASSED] - if (toString().length() == 4): null

16-05-2025T12:06:13 - [TEST_STEP][PASSED] - m = m.substring(0, m.indexOf(y.toString())): null

16-05-2025T12:06:13 - [TEST_STEP][PASSED] - m = m.trim(): null

16-05-2025T12:06:13 - [TEST_STEP][PASSED] - if (m == ""): null

16-05-2025T12:06:13 - [TEST_STEP][PASSED] - dashboardName = "Выполнение бизнес-плана": null

16-05-2025T12:06:13 - [TEST_STEP][PASSED] - workbook01 = getWorkbook(excelFilePath): null

16-05-2025T12:06:13 - [TEST_STEP][PASSED] - sheet01 = getExcelSheet(workbook01, sheetName): null

16-05-2025T12:06:13 - [TEST_STEP][PASSED] - setValueToCellByIndex(sheet01, n, 0, dashboardName): null

16-05-2025T12:06:13 - [TEST_STEP][PASSED] - setValueToCellByIndex(sheet01, n, 1, dZO): null

16-05-2025T12:06:13 - [TEST_STEP][PASSED] - setValueToCellByIndex(sheet01, n, 2, typeOfData): null

16-05-2025T12:06:13 - [TEST_STEP][PASSED] - if (typeOfData == "Факт в процентах" || typeOfData == "План в процентах"): null

16-05-2025T12:06:13 - [TEST_STEP][PASSED] - setValueToCellByIndex(sheet01, n, 3, fileDouble): null

16-05-2025T12:06:13 - [TEST_STEP][PASSED] - setValueToCellByIndex(sheet01, n, 4, "нет данных"): null

16-05-2025T12:06:13 - [TEST_STEP][PASSED] - setValueToCellByIndex(sheet01, n, 5, m): null

16-05-2025T12:06:13 - [TEST_STEP][PASSED] - setValueToCellByIndex(sheet01, n, 6, y): null

16-05-2025T12:06:13 - [TEST_STEP][PASSED] - setValueToCellByIndex(sheet01, n, 7, todaysDate): null

16-05-2025T12:06:13 - [TEST_STEP][PASSED] - n = n + 1: null

16-05-2025T12:06:13 - [TEST_STEP][PASSED] - saveWorkbook(excelFilePath, workbook01): null

16-05-2025T12:06:14 - [TEST_STEP][PASSED] - typeOfData = "Факт в процентах": null

16-05-2025T12:06:14 - [TEST_STEP][PASSED] - fileDouble = ").toDouble(): null

16-05-2025T12:06:14 - [TEST_STEP][PASSED] - Script1718980020443.WriteToExcelNoData(a, typeOfData, todaysDate, fileInt, fileDouble, dZO): null

16-05-2025T12:06:14 - [TEST_STEP][PASSED] - sheetName = "Sheet1": null

16-05-2025T12:06:14 - [TEST_STEP][PASSED] - data = findTestData("PlanFact"): null

16-05-2025T12:06:14 - [TEST_STEP][PASSED] - n = data.getRowNumbers() + 1: null

16-05-2025T12:06:14 - [TEST_STEP][PASSED] - day = ")).toInteger(): null

16-05-2025T12:06:14 - [TEST_STEP][PASSED] - println(day): null

16-05-2025T12:06:14 - [TEST_STEP][PASSED] - month = ")).toInteger(): null

16-05-2025T12:06:14 - [TEST_STEP][PASSED] - println(month): null

16-05-2025T12:06:14 - [TEST_STEP][PASSED] - y = <not implemented yet for class: org.codehaus.groovy.ast.expr.EmptyExpression>: null

16-05-2025T12:06:14 - [TEST_STEP][PASSED] - iy = <not implemented yet for class: org.codehaus.groovy.ast.expr.EmptyExpression>: null

16-05-2025T12:06:14 - [TEST_STEP][PASSED] - m = getText(findTestObject("Выполнение бизнес-плана/Период")): Text of object 'Object Repository/Выполнение бизнес-плана/Период' is: '1 кв. 2025 года'

16-05-2025T12:06:14 - [MESSAGE][PASSED] - Text of object 'Object Repository/Выполнение бизнес-плана/Период' is: '1 кв. 2025 года'

16-05-2025T12:06:14 - [TEST_STEP][PASSED] - iy = m.indexOf("20"): null

16-05-2025T12:06:14 - [TEST_STEP][PASSED] - if (iy > -1): null

16-05-2025T12:06:14 - [TEST_STEP][PASSED] - y = substring(iy, iy + 4).toInteger(): null

16-05-2025T12:06:14 - [TEST_STEP][PASSED] - println(y): null

16-05-2025T12:06:14 - [TEST_STEP][PASSED] - if (toString().length() == 4): null

16-05-2025T12:06:14 - [TEST_STEP][PASSED] - m = m.substring(0, m.indexOf(y.toString())): null

16-05-2025T12:06:14 - [TEST_STEP][PASSED] - m = m.trim(): null

16-05-2025T12:06:14 - [TEST_STEP][PASSED] - if (m == ""): null

16-05-2025T12:06:14 - [TEST_STEP][PASSED] - dashboardName = "Выполнение бизнес-плана": null

16-05-2025T12:06:14 - [TEST_STEP][PASSED] - workbook01 = getWorkbook(excelFilePath): null

16-05-2025T12:06:14 - [TEST_STEP][PASSED] - sheet01 = getExcelSheet(workbook01, sheetName): null

16-05-2025T12:06:14 - [TEST_STEP][PASSED] - setValueToCellByIndex(sheet01, n, 0, dashboardName): null

16-05-2025T12:06:14 - [TEST_STEP][PASSED] - setValueToCellByIndex(sheet01, n, 1, dZO): null

16-05-2025T12:06:14 - [TEST_STEP][PASSED] - setValueToCellByIndex(sheet01, n, 2, typeOfData): null

16-05-2025T12:06:14 - [TEST_STEP][PASSED] - if (typeOfData == "Факт в процентах" || typeOfData == "План в процентах"): null

16-05-2025T12:06:14 - [TEST_STEP][PASSED] - setValueToCellByIndex(sheet01, n, 3, fileDouble): null

16-05-2025T12:06:14 - [TEST_STEP][PASSED] - setValueToCellByIndex(sheet01, n, 4, "нет данных"): null

16-05-2025T12:06:14 - [TEST_STEP][PASSED] - setValueToCellByIndex(sheet01, n, 5, m): null

16-05-2025T12:06:14 - [TEST_STEP][PASSED] - setValueToCellByIndex(sheet01, n, 6, y): null

16-05-2025T12:06:14 - [TEST_STEP][PASSED] - setValueToCellByIndex(sheet01, n, 7, todaysDate): null

16-05-2025T12:06:14 - [TEST_STEP][PASSED] - n = n + 1: null

16-05-2025T12:06:14 - [TEST_STEP][PASSED] - saveWorkbook(excelFilePath, workbook01): null

16-05-2025T12:06:14 - [TEST_STEP][PASSED] - println(dzoNum): null

16-05-2025T12:06:14 - [TEST_STEP][PASSED] - dZO = "Россети Центр и Приволжье (ГК)": null

16-05-2025T12:06:14 - [TEST_STEP][PASSED] - a = 18: null

16-05-2025T12:06:14 - [TEST_STEP][PASSED] - if (x1.contains("Приволжье")): null

16-05-2025T12:06:14 - [TEST_STEP][PASSED] - else: null

16-05-2025T12:06:14 - [TEST_STEP][PASSED] - Script1718980020443.NoData(a, typeOfData, todaysDate, fileInt, fileDouble, dZO): null

16-05-2025T12:06:14 - [TEST_STEP][PASSED] - println(a): null

16-05-2025T12:06:14 - [TEST_STEP][PASSED] - println(todaysDate): null

16-05-2025T12:06:14 - [TEST_STEP][PASSED] - println(fileInt): null

16-05-2025T12:06:14 - [TEST_STEP][PASSED] - println(fileDouble): null

16-05-2025T12:06:14 - [TEST_STEP][PASSED] - println(dZO): null

16-05-2025T12:06:14 - [TEST_STEP][PASSED] - typeOfData = "Факт Отпуск в сеть": null

16-05-2025T12:06:14 - [TEST_STEP][PASSED] - fileInt = replaceAll("\s+", "").toInteger(): null

16-05-2025T12:06:14 - [TEST_STEP][PASSED] - Script1718980020443.WriteToExcelNoData(a, typeOfData, todaysDate, fileInt, fileDouble, dZO): null

16-05-2025T12:06:14 - [TEST_STEP][PASSED] - sheetName = "Sheet1": null

16-05-2025T12:06:14 - [TEST_STEP][PASSED] - data = findTestData("PlanFact"): null

16-05-2025T12:06:14 - [TEST_STEP][PASSED] - n = data.getRowNumbers() + 1: null

16-05-2025T12:06:14 - [TEST_STEP][PASSED] - day = ")).toInteger(): null

16-05-2025T12:06:14 - [TEST_STEP][PASSED] - println(day): null

16-05-2025T12:06:14 - [TEST_STEP][PASSED] - month = ")).toInteger(): null

16-05-2025T12:06:14 - [TEST_STEP][PASSED] - println(month): null

16-05-2025T12:06:14 - [TEST_STEP][PASSED] - y = <not implemented yet for class: org.codehaus.groovy.ast.expr.EmptyExpression>: null

16-05-2025T12:06:14 - [TEST_STEP][PASSED] - iy = <not implemented yet for class: org.codehaus.groovy.ast.expr.EmptyExpression>: null

16-05-2025T12:06:14 - [TEST_STEP][PASSED] - m = getText(findTestObject("Выполнение бизнес-плана/Период")): Text of object 'Object Repository/Выполнение бизнес-плана/Период' is: '1 кв. 2025 года'

16-05-2025T12:06:15 - [MESSAGE][PASSED] - Text of object 'Object Repository/Выполнение бизнес-плана/Период' is: '1 кв. 2025 года'

16-05-2025T12:06:15 - [TEST_STEP][PASSED] - iy = m.indexOf("20"): null

16-05-2025T12:06:15 - [TEST_STEP][PASSED] - if (iy > -1): null

16-05-2025T12:06:15 - [TEST_STEP][PASSED] - y = substring(iy, iy + 4).toInteger(): null

16-05-2025T12:06:15 - [TEST_STEP][PASSED] - println(y): null

16-05-2025T12:06:15 - [TEST_STEP][PASSED] - if (toString().length() == 4): null

16-05-2025T12:06:15 - [TEST_STEP][PASSED] - m = m.substring(0, m.indexOf(y.toString())): null

16-05-2025T12:06:15 - [TEST_STEP][PASSED] - m = m.trim(): null

16-05-2025T12:06:15 - [TEST_STEP][PASSED] - if (m == ""): null

16-05-2025T12:06:15 - [TEST_STEP][PASSED] - dashboardName = "Выполнение бизнес-плана": null

16-05-2025T12:06:15 - [TEST_STEP][PASSED] - workbook01 = getWorkbook(excelFilePath): null

16-05-2025T12:06:15 - [TEST_STEP][PASSED] - sheet01 = getExcelSheet(workbook01, sheetName): null

16-05-2025T12:06:15 - [TEST_STEP][PASSED] - setValueToCellByIndex(sheet01, n, 0, dashboardName): null

16-05-2025T12:06:15 - [TEST_STEP][PASSED] - setValueToCellByIndex(sheet01, n, 1, dZO): null

16-05-2025T12:06:15 - [TEST_STEP][PASSED] - setValueToCellByIndex(sheet01, n, 2, typeOfData): null

16-05-2025T12:06:15 - [TEST_STEP][PASSED] - if (typeOfData == "Факт в процентах" || typeOfData == "План в процентах"): null

16-05-2025T12:06:15 - [TEST_STEP][PASSED] - else: null

16-05-2025T12:06:15 - [TEST_STEP][PASSED] - setValueToCellByIndex(sheet01, n, 3, fileInt): null

16-05-2025T12:06:15 - [TEST_STEP][PASSED] - setValueToCellByIndex(sheet01, n, 4, "нет данных"): null

16-05-2025T12:06:15 - [TEST_STEP][PASSED] - setValueToCellByIndex(sheet01, n, 5, m): null

16-05-2025T12:06:15 - [TEST_STEP][PASSED] - setValueToCellByIndex(sheet01, n, 6, y): null

16-05-2025T12:06:15 - [TEST_STEP][PASSED] - setValueToCellByIndex(sheet01, n, 7, todaysDate): null

16-05-2025T12:06:15 - [TEST_STEP][PASSED] - n = n + 1: null

16-05-2025T12:06:15 - [TEST_STEP][PASSED] - saveWorkbook(excelFilePath, workbook01): null

16-05-2025T12:06:15 - [TEST_STEP][PASSED] - typeOfData = "Факт Потери": null

16-05-2025T12:06:15 - [TEST_STEP][PASSED] - fileInt = replaceAll("\s+", "").toInteger(): null

16-05-2025T12:06:15 - [TEST_STEP][PASSED] - Script1718980020443.WriteToExcelNoData(a, typeOfData, todaysDate, fileInt, fileDouble, dZO): null

16-05-2025T12:06:15 - [TEST_STEP][PASSED] - sheetName = "Sheet1": null

16-05-2025T12:06:15 - [TEST_STEP][PASSED] - data = findTestData("PlanFact"): null

16-05-2025T12:06:15 - [TEST_STEP][PASSED] - n = data.getRowNumbers() + 1: null

16-05-2025T12:06:15 - [TEST_STEP][PASSED] - day = ")).toInteger(): null

16-05-2025T12:06:15 - [TEST_STEP][PASSED] - println(day): null

16-05-2025T12:06:15 - [TEST_STEP][PASSED] - month = ")).toInteger(): null

16-05-2025T12:06:15 - [TEST_STEP][PASSED] - println(month): null

16-05-2025T12:06:15 - [TEST_STEP][PASSED] - y = <not implemented yet for class: org.codehaus.groovy.ast.expr.EmptyExpression>: null

16-05-2025T12:06:15 - [TEST_STEP][PASSED] - iy = <not implemented yet for class: org.codehaus.groovy.ast.expr.EmptyExpression>: null

16-05-2025T12:06:15 - [TEST_STEP][PASSED] - m = getText(findTestObject("Выполнение бизнес-плана/Период")): Text of object 'Object Repository/Выполнение бизнес-плана/Период' is: '1 кв. 2025 года'

16-05-2025T12:06:15 - [MESSAGE][PASSED] - Text of object 'Object Repository/Выполнение бизнес-плана/Период' is: '1 кв. 2025 года'

16-05-2025T12:06:15 - [TEST_STEP][PASSED] - iy = m.indexOf("20"): null

16-05-2025T12:06:15 - [TEST_STEP][PASSED] - if (iy > -1): null

16-05-2025T12:06:15 - [TEST_STEP][PASSED] - y = substring(iy, iy + 4).toInteger(): null

16-05-2025T12:06:15 - [TEST_STEP][PASSED] - println(y): null

16-05-2025T12:06:15 - [TEST_STEP][PASSED] - if (toString().length() == 4): null

16-05-2025T12:06:15 - [TEST_STEP][PASSED] - m = m.substring(0, m.indexOf(y.toString())): null

16-05-2025T12:06:15 - [TEST_STEP][PASSED] - m = m.trim(): null

16-05-2025T12:06:15 - [TEST_STEP][PASSED] - if (m == ""): null

16-05-2025T12:06:15 - [TEST_STEP][PASSED] - dashboardName = "Выполнение бизнес-плана": null

16-05-2025T12:06:15 - [TEST_STEP][PASSED] - workbook01 = getWorkbook(excelFilePath): null

16-05-2025T12:06:15 - [TEST_STEP][PASSED] - sheet01 = getExcelSheet(workbook01, sheetName): null

16-05-2025T12:06:15 - [TEST_STEP][PASSED] - setValueToCellByIndex(sheet01, n, 0, dashboardName): null

16-05-2025T12:06:15 - [TEST_STEP][PASSED] - setValueToCellByIndex(sheet01, n, 1, dZO): null

16-05-2025T12:06:15 - [TEST_STEP][PASSED] - setValueToCellByIndex(sheet01, n, 2, typeOfData): null

16-05-2025T12:06:15 - [TEST_STEP][PASSED] - if (typeOfData == "Факт в процентах" || typeOfData == "План в процентах"): null

16-05-2025T12:06:15 - [TEST_STEP][PASSED] - else: null

16-05-2025T12:06:15 - [TEST_STEP][PASSED] - setValueToCellByIndex(sheet01, n, 3, fileInt): null

16-05-2025T12:06:15 - [TEST_STEP][PASSED] - setValueToCellByIndex(sheet01, n, 4, "нет данных"): null

16-05-2025T12:06:15 - [TEST_STEP][PASSED] - setValueToCellByIndex(sheet01, n, 5, m): null

16-05-2025T12:06:15 - [TEST_STEP][PASSED] - setValueToCellByIndex(sheet01, n, 6, y): null

16-05-2025T12:06:15 - [TEST_STEP][PASSED] - setValueToCellByIndex(sheet01, n, 7, todaysDate): null

16-05-2025T12:06:15 - [TEST_STEP][PASSED] - n = n + 1: null

16-05-2025T12:06:15 - [TEST_STEP][PASSED] - saveWorkbook(excelFilePath, workbook01): null

16-05-2025T12:06:16 - [TEST_STEP][PASSED] - typeOfData = "План Отпуск в сеть": null

16-05-2025T12:06:16 - [TEST_STEP][PASSED] - fileInt = replaceAll("\s+", "").toInteger(): null

16-05-2025T12:06:16 - [TEST_STEP][PASSED] - Script1718980020443.WriteToExcelNoData(a, typeOfData, todaysDate, fileInt, fileDouble, dZO): null

16-05-2025T12:06:16 - [TEST_STEP][PASSED] - sheetName = "Sheet1": null

16-05-2025T12:06:16 - [TEST_STEP][PASSED] - data = findTestData("PlanFact"): null

16-05-2025T12:06:16 - [TEST_STEP][PASSED] - n = data.getRowNumbers() + 1: null

16-05-2025T12:06:16 - [TEST_STEP][PASSED] - day = ")).toInteger(): null

16-05-2025T12:06:16 - [TEST_STEP][PASSED] - println(day): null

16-05-2025T12:06:16 - [TEST_STEP][PASSED] - month = ")).toInteger(): null

16-05-2025T12:06:16 - [TEST_STEP][PASSED] - println(month): null

16-05-2025T12:06:16 - [TEST_STEP][PASSED] - y = <not implemented yet for class: org.codehaus.groovy.ast.expr.EmptyExpression>: null

16-05-2025T12:06:16 - [TEST_STEP][PASSED] - iy = <not implemented yet for class: org.codehaus.groovy.ast.expr.EmptyExpression>: null

16-05-2025T12:06:16 - [TEST_STEP][PASSED] - m = getText(findTestObject("Выполнение бизнес-плана/Период")): Text of object 'Object Repository/Выполнение бизнес-плана/Период' is: '1 кв. 2025 года'

16-05-2025T12:06:16 - [MESSAGE][PASSED] - Text of object 'Object Repository/Выполнение бизнес-плана/Период' is: '1 кв. 2025 года'

16-05-2025T12:06:16 - [TEST_STEP][PASSED] - iy = m.indexOf("20"): null

16-05-2025T12:06:16 - [TEST_STEP][PASSED] - if (iy > -1): null

16-05-2025T12:06:16 - [TEST_STEP][PASSED] - y = substring(iy, iy + 4).toInteger(): null

16-05-2025T12:06:16 - [TEST_STEP][PASSED] - println(y): null

16-05-2025T12:06:16 - [TEST_STEP][PASSED] - if (toString().length() == 4): null

16-05-2025T12:06:16 - [TEST_STEP][PASSED] - m = m.substring(0, m.indexOf(y.toString())): null

16-05-2025T12:06:16 - [TEST_STEP][PASSED] - m = m.trim(): null

16-05-2025T12:06:16 - [TEST_STEP][PASSED] - if (m == ""): null

16-05-2025T12:06:16 - [TEST_STEP][PASSED] - dashboardName = "Выполнение бизнес-плана": null

16-05-2025T12:06:16 - [TEST_STEP][PASSED] - workbook01 = getWorkbook(excelFilePath): null

16-05-2025T12:06:16 - [TEST_STEP][PASSED] - sheet01 = getExcelSheet(workbook01, sheetName): null

16-05-2025T12:06:16 - [TEST_STEP][PASSED] - setValueToCellByIndex(sheet01, n, 0, dashboardName): null

16-05-2025T12:06:16 - [TEST_STEP][PASSED] - setValueToCellByIndex(sheet01, n, 1, dZO): null

16-05-2025T12:06:16 - [TEST_STEP][PASSED] - setValueToCellByIndex(sheet01, n, 2, typeOfData): null

16-05-2025T12:06:16 - [TEST_STEP][PASSED] - if (typeOfData == "Факт в процентах" || typeOfData == "План в процентах"): null

16-05-2025T12:06:16 - [TEST_STEP][PASSED] - else: null

16-05-2025T12:06:16 - [TEST_STEP][PASSED] - setValueToCellByIndex(sheet01, n, 3, fileInt): null

16-05-2025T12:06:16 - [TEST_STEP][PASSED] - setValueToCellByIndex(sheet01, n, 4, "нет данных"): null

16-05-2025T12:06:16 - [TEST_STEP][PASSED] - setValueToCellByIndex(sheet01, n, 5, m): null

16-05-2025T12:06:16 - [TEST_STEP][PASSED] - setValueToCellByIndex(sheet01, n, 6, y): null

16-05-2025T12:06:16 - [TEST_STEP][PASSED] - setValueToCellByIndex(sheet01, n, 7, todaysDate): null

16-05-2025T12:06:16 - [TEST_STEP][PASSED] - n = n + 1: null

16-05-2025T12:06:16 - [TEST_STEP][PASSED] - saveWorkbook(excelFilePath, workbook01): null

16-05-2025T12:06:16 - [TEST_STEP][PASSED] - typeOfData = "План Потери": null

16-05-2025T12:06:16 - [TEST_STEP][PASSED] - fileInt = replaceAll("\s+", "").toInteger(): null

16-05-2025T12:06:16 - [TEST_STEP][PASSED] - Script1718980020443.WriteToExcelNoData(a, typeOfData, todaysDate, fileInt, fileDouble, dZO): null

16-05-2025T12:06:16 - [TEST_STEP][PASSED] - sheetName = "Sheet1": null

16-05-2025T12:06:16 - [TEST_STEP][PASSED] - data = findTestData("PlanFact"): null

16-05-2025T12:06:16 - [TEST_STEP][PASSED] - n = data.getRowNumbers() + 1: null

16-05-2025T12:06:16 - [TEST_STEP][PASSED] - day = ")).toInteger(): null

16-05-2025T12:06:16 - [TEST_STEP][PASSED] - println(day): null

16-05-2025T12:06:16 - [TEST_STEP][PASSED] - month = ")).toInteger(): null

16-05-2025T12:06:16 - [TEST_STEP][PASSED] - println(month): null

16-05-2025T12:06:16 - [TEST_STEP][PASSED] - y = <not implemented yet for class: org.codehaus.groovy.ast.expr.EmptyExpression>: null

16-05-2025T12:06:16 - [TEST_STEP][PASSED] - iy = <not implemented yet for class: org.codehaus.groovy.ast.expr.EmptyExpression>: null

16-05-2025T12:06:16 - [TEST_STEP][PASSED] - m = getText(findTestObject("Выполнение бизнес-плана/Период")): Text of object 'Object Repository/Выполнение бизнес-плана/Период' is: '1 кв. 2025 года'

16-05-2025T12:06:17 - [MESSAGE][PASSED] - Text of object 'Object Repository/Выполнение бизнес-плана/Период' is: '1 кв. 2025 года'

16-05-2025T12:06:17 - [TEST_STEP][PASSED] - iy = m.indexOf("20"): null

16-05-2025T12:06:17 - [TEST_STEP][PASSED] - if (iy > -1): null

16-05-2025T12:06:17 - [TEST_STEP][PASSED] - y = substring(iy, iy + 4).toInteger(): null

16-05-2025T12:06:17 - [TEST_STEP][PASSED] - println(y): null

16-05-2025T12:06:17 - [TEST_STEP][PASSED] - if (toString().length() == 4): null

16-05-2025T12:06:17 - [TEST_STEP][PASSED] - m = m.substring(0, m.indexOf(y.toString())): null

16-05-2025T12:06:17 - [TEST_STEP][PASSED] - m = m.trim(): null

16-05-2025T12:06:17 - [TEST_STEP][PASSED] - if (m == ""): null

16-05-2025T12:06:17 - [TEST_STEP][PASSED] - dashboardName = "Выполнение бизнес-плана": null

16-05-2025T12:06:17 - [TEST_STEP][PASSED] - workbook01 = getWorkbook(excelFilePath): null

16-05-2025T12:06:17 - [TEST_STEP][PASSED] - sheet01 = getExcelSheet(workbook01, sheetName): null

16-05-2025T12:06:17 - [TEST_STEP][PASSED] - setValueToCellByIndex(sheet01, n, 0, dashboardName): null

16-05-2025T12:06:17 - [TEST_STEP][PASSED] - setValueToCellByIndex(sheet01, n, 1, dZO): null

16-05-2025T12:06:17 - [TEST_STEP][PASSED] - setValueToCellByIndex(sheet01, n, 2, typeOfData): null

16-05-2025T12:06:17 - [TEST_STEP][PASSED] - if (typeOfData == "Факт в процентах" || typeOfData == "План в процентах"): null

16-05-2025T12:06:17 - [TEST_STEP][PASSED] - else: null

16-05-2025T12:06:17 - [TEST_STEP][PASSED] - setValueToCellByIndex(sheet01, n, 3, fileInt): null

16-05-2025T12:06:17 - [TEST_STEP][PASSED] - setValueToCellByIndex(sheet01, n, 4, "нет данных"): null

16-05-2025T12:06:17 - [TEST_STEP][PASSED] - setValueToCellByIndex(sheet01, n, 5, m): null

16-05-2025T12:06:17 - [TEST_STEP][PASSED] - setValueToCellByIndex(sheet01, n, 6, y): null

16-05-2025T12:06:17 - [TEST_STEP][PASSED] - setValueToCellByIndex(sheet01, n, 7, todaysDate): null

16-05-2025T12:06:17 - [TEST_STEP][PASSED] - n = n + 1: null

16-05-2025T12:06:17 - [TEST_STEP][PASSED] - saveWorkbook(excelFilePath, workbook01): null

16-05-2025T12:06:17 - [TEST_STEP][PASSED] - typeOfData = "План в процентах": null

16-05-2025T12:06:17 - [TEST_STEP][PASSED] - fileDouble = ").toDouble(): null

16-05-2025T12:06:17 - [TEST_STEP][PASSED] - Script1718980020443.WriteToExcelNoData(a, typeOfData, todaysDate, fileInt, fileDouble, dZO): null

16-05-2025T12:06:17 - [TEST_STEP][PASSED] - sheetName = "Sheet1": null

16-05-2025T12:06:17 - [TEST_STEP][PASSED] - data = findTestData("PlanFact"): null

16-05-2025T12:06:17 - [TEST_STEP][PASSED] - n = data.getRowNumbers() + 1: null

16-05-2025T12:06:17 - [TEST_STEP][PASSED] - day = ")).toInteger(): null

16-05-2025T12:06:17 - [TEST_STEP][PASSED] - println(day): null

16-05-2025T12:06:17 - [TEST_STEP][PASSED] - month = ")).toInteger(): null

16-05-2025T12:06:17 - [TEST_STEP][PASSED] - println(month): null

16-05-2025T12:06:17 - [TEST_STEP][PASSED] - y = <not implemented yet for class: org.codehaus.groovy.ast.expr.EmptyExpression>: null

16-05-2025T12:06:17 - [TEST_STEP][PASSED] - iy = <not implemented yet for class: org.codehaus.groovy.ast.expr.EmptyExpression>: null

16-05-2025T12:06:17 - [TEST_STEP][PASSED] - m = getText(findTestObject("Выполнение бизнес-плана/Период")): Text of object 'Object Repository/Выполнение бизнес-плана/Период' is: '1 кв. 2025 года'

16-05-2025T12:06:17 - [MESSAGE][PASSED] - Text of object 'Object Repository/Выполнение бизнес-плана/Период' is: '1 кв. 2025 года'

16-05-2025T12:06:17 - [TEST_STEP][PASSED] - iy = m.indexOf("20"): null

16-05-2025T12:06:17 - [TEST_STEP][PASSED] - if (iy > -1): null

16-05-2025T12:06:17 - [TEST_STEP][PASSED] - y = substring(iy, iy + 4).toInteger(): null

16-05-2025T12:06:17 - [TEST_STEP][PASSED] - println(y): null

16-05-2025T12:06:17 - [TEST_STEP][PASSED] - if (toString().length() == 4): null

16-05-2025T12:06:17 - [TEST_STEP][PASSED] - m = m.substring(0, m.indexOf(y.toString())): null

16-05-2025T12:06:17 - [TEST_STEP][PASSED] - m = m.trim(): null

16-05-2025T12:06:17 - [TEST_STEP][PASSED] - if (m == ""): null

16-05-2025T12:06:17 - [TEST_STEP][PASSED] - dashboardName = "Выполнение бизнес-плана": null

16-05-2025T12:06:17 - [TEST_STEP][PASSED] - workbook01 = getWorkbook(excelFilePath): null

16-05-2025T12:06:17 - [TEST_STEP][PASSED] - sheet01 = getExcelSheet(workbook01, sheetName): null

16-05-2025T12:06:17 - [TEST_STEP][PASSED] - setValueToCellByIndex(sheet01, n, 0, dashboardName): null

16-05-2025T12:06:17 - [TEST_STEP][PASSED] - setValueToCellByIndex(sheet01, n, 1, dZO): null

16-05-2025T12:06:17 - [TEST_STEP][PASSED] - setValueToCellByIndex(sheet01, n, 2, typeOfData): null

16-05-2025T12:06:17 - [TEST_STEP][PASSED] - if (typeOfData == "Факт в процентах" || typeOfData == "План в процентах"): null

16-05-2025T12:06:17 - [TEST_STEP][PASSED] - setValueToCellByIndex(sheet01, n, 3, fileDouble): null

16-05-2025T12:06:17 - [TEST_STEP][PASSED] - setValueToCellByIndex(sheet01, n, 4, "нет данных"): null

16-05-2025T12:06:17 - [TEST_STEP][PASSED] - setValueToCellByIndex(sheet01, n, 5, m): null

16-05-2025T12:06:17 - [TEST_STEP][PASSED] - setValueToCellByIndex(sheet01, n, 6, y): null

16-05-2025T12:06:17 - [TEST_STEP][PASSED] - setValueToCellByIndex(sheet01, n, 7, todaysDate): null

16-05-2025T12:06:17 - [TEST_STEP][PASSED] - n = n + 1: null

16-05-2025T12:06:17 - [TEST_STEP][PASSED] - saveWorkbook(excelFilePath, workbook01): null

16-05-2025T12:06:18 - [TEST_STEP][PASSED] - typeOfData = "Факт в процентах": null

16-05-2025T12:06:18 - [TEST_STEP][PASSED] - fileDouble = ").toDouble(): null

16-05-2025T12:06:18 - [TEST_STEP][PASSED] - Script1718980020443.WriteToExcelNoData(a, typeOfData, todaysDate, fileInt, fileDouble, dZO): null

16-05-2025T12:06:18 - [TEST_STEP][PASSED] - sheetName = "Sheet1": null

16-05-2025T12:06:18 - [TEST_STEP][PASSED] - data = findTestData("PlanFact"): null

16-05-2025T12:06:18 - [TEST_STEP][PASSED] - n = data.getRowNumbers() + 1: null

16-05-2025T12:06:18 - [TEST_STEP][PASSED] - day = ")).toInteger(): null

16-05-2025T12:06:18 - [TEST_STEP][PASSED] - println(day): null

16-05-2025T12:06:18 - [TEST_STEP][PASSED] - month = ")).toInteger(): null

16-05-2025T12:06:18 - [TEST_STEP][PASSED] - println(month): null

16-05-2025T12:06:18 - [TEST_STEP][PASSED] - y = <not implemented yet for class: org.codehaus.groovy.ast.expr.EmptyExpression>: null

16-05-2025T12:06:18 - [TEST_STEP][PASSED] - iy = <not implemented yet for class: org.codehaus.groovy.ast.expr.EmptyExpression>: null

16-05-2025T12:06:18 - [TEST_STEP][PASSED] - m = getText(findTestObject("Выполнение бизнес-плана/Период")): Text of object 'Object Repository/Выполнение бизнес-плана/Период' is: '1 кв. 2025 года'

16-05-2025T12:06:18 - [MESSAGE][PASSED] - Text of object 'Object Repository/Выполнение бизнес-плана/Период' is: '1 кв. 2025 года'

16-05-2025T12:06:18 - [TEST_STEP][PASSED] - iy = m.indexOf("20"): null

16-05-2025T12:06:18 - [TEST_STEP][PASSED] - if (iy > -1): null

16-05-2025T12:06:18 - [TEST_STEP][PASSED] - y = substring(iy, iy + 4).toInteger(): null

16-05-2025T12:06:18 - [TEST_STEP][PASSED] - println(y): null

16-05-2025T12:06:18 - [TEST_STEP][PASSED] - if (toString().length() == 4): null

16-05-2025T12:06:18 - [TEST_STEP][PASSED] - m = m.substring(0, m.indexOf(y.toString())): null

16-05-2025T12:06:18 - [TEST_STEP][PASSED] - m = m.trim(): null

16-05-2025T12:06:18 - [TEST_STEP][PASSED] - if (m == ""): null

16-05-2025T12:06:18 - [TEST_STEP][PASSED] - dashboardName = "Выполнение бизнес-плана": null

16-05-2025T12:06:18 - [TEST_STEP][PASSED] - workbook01 = getWorkbook(excelFilePath): null

16-05-2025T12:06:18 - [TEST_STEP][PASSED] - sheet01 = getExcelSheet(workbook01, sheetName): null

16-05-2025T12:06:18 - [TEST_STEP][PASSED] - setValueToCellByIndex(sheet01, n, 0, dashboardName): null

16-05-2025T12:06:18 - [TEST_STEP][PASSED] - setValueToCellByIndex(sheet01, n, 1, dZO): null

16-05-2025T12:06:18 - [TEST_STEP][PASSED] - setValueToCellByIndex(sheet01, n, 2, typeOfData): null

16-05-2025T12:06:18 - [TEST_STEP][PASSED] - if (typeOfData == "Факт в процентах" || typeOfData == "План в процентах"): null

16-05-2025T12:06:18 - [TEST_STEP][PASSED] - setValueToCellByIndex(sheet01, n, 3, fileDouble): null

16-05-2025T12:06:18 - [TEST_STEP][PASSED] - setValueToCellByIndex(sheet01, n, 4, "нет данных"): null

16-05-2025T12:06:18 - [TEST_STEP][PASSED] - setValueToCellByIndex(sheet01, n, 5, m): null

16-05-2025T12:06:18 - [TEST_STEP][PASSED] - setValueToCellByIndex(sheet01, n, 6, y): null

16-05-2025T12:06:18 - [TEST_STEP][PASSED] - setValueToCellByIndex(sheet01, n, 7, todaysDate): null

16-05-2025T12:06:18 - [TEST_STEP][PASSED] - n = n + 1: null

16-05-2025T12:06:18 - [TEST_STEP][PASSED] - saveWorkbook(excelFilePath, workbook01): null

16-05-2025T12:06:18 - [TEST_STEP][PASSED] - println(dzoNum): null

16-05-2025T12:06:18 - [TEST_STEP][PASSED] - dZO = "Россети Юг": null

16-05-2025T12:06:18 - [TEST_STEP][PASSED] - a = 59: null

16-05-2025T12:06:18 - [TEST_STEP][PASSED] - if (x1.contains("Юг")): null

16-05-2025T12:06:18 - [TEST_STEP][PASSED] - dzoNum = dzoNum + 1: null

16-05-2025T12:06:18 - [TEST_STEP][PASSED] - Script1718980020443.Numbers(a, typeOfData, todaysDate, pageInt, fileInt, pageDouble, fileDouble, dZO, dzoNum, filialNum): null

16-05-2025T12:06:18 - [TEST_STEP][PASSED] - println(dzoNum): null

16-05-2025T12:06:18 - [TEST_STEP][PASSED] - planFact = <not implemented yet for class: org.codehaus.groovy.ast.expr.EmptyExpression>: null

16-05-2025T12:06:18 - [TEST_STEP][PASSED] - page = <not implemented yet for class: org.codehaus.groovy.ast.expr.EmptyExpression>: null

16-05-2025T12:06:18 - [TEST_STEP][PASSED] - page1 = <not implemented yet for class: org.codehaus.groovy.ast.expr.EmptyExpression>: null

16-05-2025T12:06:18 - [TEST_STEP][PASSED] - page2 = <not implemented yet for class: org.codehaus.groovy.ast.expr.EmptyExpression>: null

16-05-2025T12:06:18 - [TEST_STEP][PASSED] - filialNumberInRow = <not implemented yet for class: org.codehaus.groovy.ast.expr.EmptyExpression>: null

16-05-2025T12:06:18 - [TEST_STEP][PASSED] - filialsDzoNames = <not implemented yet for class: org.codehaus.groovy.ast.expr.EmptyExpression>: null

16-05-2025T12:06:18 - [TEST_STEP][PASSED] - numberOfFilials = <not implemented yet for class: org.codehaus.groovy.ast.expr.EmptyExpression>: null

16-05-2025T12:06:18 - [TEST_STEP][PASSED] - numberOfSpaces = <not implemented yet for class: org.codehaus.groovy.ast.expr.EmptyExpression>: null

16-05-2025T12:06:18 - [TEST_STEP][PASSED] - file = <not implemented yet for class: org.codehaus.groovy.ast.expr.EmptyExpression>: null

16-05-2025T12:06:18 - [TEST_STEP][PASSED] - otpusk = <not implemented yet for class: org.codehaus.groovy.ast.expr.EmptyExpression>: null

16-05-2025T12:06:18 - [TEST_STEP][PASSED] - poteri = <not implemented yet for class: org.codehaus.groovy.ast.expr.EmptyExpression>: null

16-05-2025T12:06:18 - [TEST_STEP][PASSED] - dataFolder = "Выполнение бизнес-плана/Значения со страницы Выполнение бизнес-плана/": null

16-05-2025T12:06:18 - [TEST_STEP][PASSED] - path = <not implemented yet for class: org.codehaus.groovy.ast.expr.EmptyExpression>: null

16-05-2025T12:06:18 - [TEST_STEP][PASSED] - typeOfDataMain = <not implemented yet for class: org.codehaus.groovy.ast.expr.EmptyExpression>: null

16-05-2025T12:06:18 - [TEST_STEP][PASSED] - fileOtpuskVSet = <not implemented yet for class: org.codehaus.groovy.ast.expr.EmptyExpression>: null

16-05-2025T12:06:18 - [TEST_STEP][PASSED] - pageOtpuskVSet = <not implemented yet for class: org.codehaus.groovy.ast.expr.EmptyExpression>: null

16-05-2025T12:06:18 - [TEST_STEP][PASSED] - filePoteri = <not implemented yet for class: org.codehaus.groovy.ast.expr.EmptyExpression>: null

16-05-2025T12:06:18 - [TEST_STEP][PASSED] - pagePoteri = <not implemented yet for class: org.codehaus.groovy.ast.expr.EmptyExpression>: null

16-05-2025T12:06:18 - [TEST_STEP][PASSED] - compare = <not implemented yet for class: org.codehaus.groovy.ast.expr.EmptyExpression>: null

16-05-2025T12:06:18 - [TEST_STEP][PASSED] - b = <not implemented yet for class: org.codehaus.groovy.ast.expr.EmptyExpression>: null

16-05-2025T12:06:18 - [TEST_STEP][PASSED] - i = <not implemented yet for class: org.codehaus.groovy.ast.expr.EmptyExpression>: null

16-05-2025T12:06:18 - [TEST_STEP][PASSED] - ii = <not implemented yet for class: org.codehaus.groovy.ast.expr.EmptyExpression>: null

16-05-2025T12:06:18 - [TEST_STEP][PASSED] - c = <not implemented yet for class: org.codehaus.groovy.ast.expr.EmptyExpression>: null

16-05-2025T12:06:18 - [TEST_STEP][PASSED] - numberOfErrors = 0: null

16-05-2025T12:06:18 - [TEST_STEP][PASSED] - if (a == 82): null

16-05-2025T12:06:18 - [TEST_STEP][PASSED] - b = findTestData("PlanFact").getValue(1, a): null

16-05-2025T12:06:18 - [TEST_STEP][PASSED] - i = b.indexOf(" (ГК)"): null

16-05-2025T12:06:18 - [TEST_STEP][PASSED] - if (i > -1): null

16-05-2025T12:06:18 - [TEST_STEP][PASSED] - b = b.substring(0, i): null

16-05-2025T12:06:18 - [TEST_STEP][PASSED] - i = b.indexOf("О ""): null

16-05-2025T12:06:18 - [TEST_STEP][PASSED] - if (i > -1): null

16-05-2025T12:06:18 - [TEST_STEP][PASSED] - i = b.indexOf("О «"): null

16-05-2025T12:06:18 - [TEST_STEP][PASSED] - if (i > -1): null

16-05-2025T12:06:18 - [TEST_STEP][PASSED] - i = b.indexOf("г. "): null

16-05-2025T12:06:18 - [TEST_STEP][PASSED] - if (i > -1): null

16-05-2025T12:06:18 - [TEST_STEP][PASSED] - b = b.trim(): null

16-05-2025T12:06:18 - [TEST_STEP][PASSED] - println(b): null

16-05-2025T12:06:18 - [TEST_STEP][PASSED] - for ([planFact = 1, planFact < 3, (planFact++)]): null

16-05-2025T12:06:18 - [TEST_STEP][PASSED] - if (planFact == 1): null

16-05-2025T12:06:18 - [TEST_STEP][PASSED] - typeOfDataMain = "Факт": null

16-05-2025T12:06:18 - [TEST_STEP][PASSED] - otpusk = findTestData("PlanFact").getValue(5, a): null

16-05-2025T12:06:18 - [TEST_STEP][PASSED] - poteri = findTestData("PlanFact").getValue(6, a): null

16-05-2025T12:06:18 - [TEST_STEP][PASSED] - otpusk = otpusk.replaceAll("\s+", ""): null

16-05-2025T12:06:18 - [TEST_STEP][PASSED] - poteri = poteri.replaceAll("\s+", ""): null

16-05-2025T12:06:18 - [TEST_STEP][PASSED] - typeOfData = typeOfDataMain + " Отпуск в сеть": null

16-05-2025T12:06:18 - [TEST_STEP][PASSED] - if (a == 82): null

16-05-2025T12:06:18 - [TEST_STEP][PASSED] - else if (a == 84): null

16-05-2025T12:06:18 - [TEST_STEP][PASSED] - else if (a == 83 || a == 52 || a == 72 || a == 28 || a == 73 || a == 77 || a == 74 || a == 65 || a == 36 || a == 44 || a == 53 || a == 80 || a == 54 || a == 1 || a == 18 || a == 59 || a == 81): null

16-05-2025T12:06:18 - [TEST_STEP][PASSED] - path = dataFolder + "Table Data/" + typeOfData + " за отчётный период " + dzoNum: null

16-05-2025T12:06:18 - [TEST_STEP][PASSED] - println(path): null

16-05-2025T12:06:18 - [TEST_STEP][PASSED] - page = getText(findTestObject(path)): Text of object 'Object Repository/Выполнение бизнес-плана/Значения со страницы Выполнение бизнес-плана/Table Data/Факт Отпуск в сеть за отчётный период 7' is: '3 467 484'

16-05-2025T12:06:19 - [MESSAGE][PASSED] - Text of object 'Object Repository/Выполнение бизнес-плана/Значения со страницы Выполнение бизнес-плана/Table Data/Факт Отпуск в сеть за отчётный период 7' is: '3 467 484'

16-05-2025T12:06:19 - [TEST_STEP][PASSED] - if (page == "" || page == null): null

16-05-2025T12:06:19 - [TEST_STEP][PASSED] - else: null

16-05-2025T12:06:19 - [TEST_STEP][PASSED] - page = page.replaceAll("\s+", ""): null

16-05-2025T12:06:19 - [TEST_STEP][PASSED] - if (page == "undefined"): null

16-05-2025T12:06:19 - [TEST_STEP][PASSED] - fileOtpuskVSet = otpusk.toInteger(): null

16-05-2025T12:06:19 - [TEST_STEP][PASSED] - pageOtpuskVSet = page.toInteger(): null

16-05-2025T12:06:19 - [TEST_STEP][PASSED] - typeOfData = typeOfDataMain + " Потери": null

16-05-2025T12:06:19 - [TEST_STEP][PASSED] - if (a == 82): null

16-05-2025T12:06:19 - [TEST_STEP][PASSED] - else if (a == 84): null

16-05-2025T12:06:19 - [TEST_STEP][PASSED] - else if (a == 83 || a == 52 || a == 72 || a == 28 || a == 73 || a == 77 || a == 74 || a == 65 || a == 36 || a == 44 || a == 53 || a == 80 || a == 54 || a == 1 || a == 18 || a == 59 || a == 81): null

16-05-2025T12:06:19 - [TEST_STEP][PASSED] - path = dataFolder + "Table Data/" + typeOfData + " за отчётный период " + dzoNum: null

16-05-2025T12:06:19 - [TEST_STEP][PASSED] - page = getText(findTestObject(path)): Text of object 'Object Repository/Выполнение бизнес-плана/Значения со страницы Выполнение бизнес-плана/Table Data/Факт Потери за отчётный период 7' is: '325 852'

16-05-2025T12:06:19 - [MESSAGE][PASSED] - Text of object 'Object Repository/Выполнение бизнес-плана/Значения со страницы Выполнение бизнес-плана/Table Data/Факт Потери за отчётный период 7' is: '325 852'

16-05-2025T12:06:19 - [TEST_STEP][PASSED] - if (page == "" || page == null): null

16-05-2025T12:06:19 - [TEST_STEP][PASSED] - else: null

16-05-2025T12:06:19 - [TEST_STEP][PASSED] - page = page.replaceAll("\s+", ""): null

16-05-2025T12:06:19 - [TEST_STEP][PASSED] - if (page == "undefined"): null

16-05-2025T12:06:19 - [TEST_STEP][PASSED] - filePoteri = poteri.toInteger(): null

16-05-2025T12:06:19 - [TEST_STEP][PASSED] - pagePoteri = page.toInteger(): null

16-05-2025T12:06:19 - [TEST_STEP][PASSED] - compare = pageOtpuskVSet: null

16-05-2025T12:06:19 - [TEST_STEP][PASSED] - if (pageOtpuskVSet != null): null

16-05-2025T12:06:19 - [TEST_STEP][PASSED] - if (compare == fileOtpuskVSet): null

16-05-2025T12:06:19 - [TEST_STEP][PASSED] - else if (compare > fileOtpuskVSet): null

16-05-2025T12:06:19 - [TEST_STEP][PASSED] - else if (compare < fileOtpuskVSet): null

16-05-2025T12:06:19 - [TEST_STEP][PASSED] - compare = compare + 1: null

16-05-2025T12:06:19 - [TEST_STEP][PASSED] - if (compare == fileOtpuskVSet): null

16-05-2025T12:06:19 - [TEST_STEP][PASSED] - else: null

16-05-2025T12:06:19 - [TEST_STEP][PASSED] - numberOfErrors = numberOfErrors + 1: null

16-05-2025T12:06:19 - [TEST_STEP][PASSED] - pageInt = pageOtpuskVSet: null

16-05-2025T12:06:19 - [TEST_STEP][PASSED] - fileInt = fileOtpuskVSet: null

16-05-2025T12:06:19 - [TEST_STEP][PASSED] - typeOfData = typeOfDataMain + " Отпуск в сеть": null

16-05-2025T12:06:19 - [TEST_STEP][PASSED] - Script1718980020443.WriteToExcel(a, typeOfData, todaysDate, pageInt, fileInt, pageDouble, fileDouble, dZO): null

16-05-2025T12:06:19 - [TEST_STEP][PASSED] - sheetName = "Sheet1": null

16-05-2025T12:06:19 - [TEST_STEP][PASSED] - data = findTestData("PlanFact"): null

16-05-2025T12:06:19 - [TEST_STEP][PASSED] - n = data.getRowNumbers() + 1: null

16-05-2025T12:06:19 - [TEST_STEP][PASSED] - day = ")).toInteger(): null

16-05-2025T12:06:19 - [TEST_STEP][PASSED] - println(day): null

16-05-2025T12:06:19 - [TEST_STEP][PASSED] - month = ")).toInteger(): null

16-05-2025T12:06:19 - [TEST_STEP][PASSED] - println(month): null

16-05-2025T12:06:19 - [TEST_STEP][PASSED] - y = <not implemented yet for class: org.codehaus.groovy.ast.expr.EmptyExpression>: null

16-05-2025T12:06:19 - [TEST_STEP][PASSED] - iy = <not implemented yet for class: org.codehaus.groovy.ast.expr.EmptyExpression>: null

16-05-2025T12:06:19 - [TEST_STEP][PASSED] - m = getText(findTestObject("Выполнение бизнес-плана/Период")): Text of object 'Object Repository/Выполнение бизнес-плана/Период' is: '1 кв. 2025 года'

16-05-2025T12:06:19 - [MESSAGE][PASSED] - Text of object 'Object Repository/Выполнение бизнес-плана/Период' is: '1 кв. 2025 года'

16-05-2025T12:06:19 - [TEST_STEP][PASSED] - iy = m.indexOf("20"): null

16-05-2025T12:06:19 - [TEST_STEP][PASSED] - if (iy > -1): null

16-05-2025T12:06:19 - [TEST_STEP][PASSED] - y = substring(iy, iy + 4).toInteger(): null

16-05-2025T12:06:19 - [TEST_STEP][PASSED] - println(y): null

16-05-2025T12:06:19 - [TEST_STEP][PASSED] - if (toString().length() == 4): null

16-05-2025T12:06:19 - [TEST_STEP][PASSED] - m = m.substring(0, m.indexOf(y.toString())): null

16-05-2025T12:06:19 - [TEST_STEP][PASSED] - m = m.trim(): null

16-05-2025T12:06:19 - [TEST_STEP][PASSED] - if (m == ""): null

16-05-2025T12:06:19 - [TEST_STEP][PASSED] - dashboardName = "Выполнение бизнес-плана": null

16-05-2025T12:06:19 - [TEST_STEP][PASSED] - workbook01 = getWorkbook(excelFilePath): null

16-05-2025T12:06:19 - [TEST_STEP][PASSED] - sheet01 = getExcelSheet(workbook01, sheetName): null

16-05-2025T12:06:19 - [TEST_STEP][PASSED] - setValueToCellByIndex(sheet01, n, 0, dashboardName): null

16-05-2025T12:06:19 - [TEST_STEP][PASSED] - setValueToCellByIndex(sheet01, n, 1, dZO): null

16-05-2025T12:06:19 - [TEST_STEP][PASSED] - setValueToCellByIndex(sheet01, n, 2, typeOfData): null

16-05-2025T12:06:19 - [TEST_STEP][PASSED] - if (typeOfData == "Факт в процентах" || typeOfData == "План в процентах"): null

16-05-2025T12:06:19 - [TEST_STEP][PASSED] - else: null

16-05-2025T12:06:19 - [TEST_STEP][PASSED] - setValueToCellByIndex(sheet01, n, 3, fileInt): null

16-05-2025T12:06:19 - [TEST_STEP][PASSED] - setValueToCellByIndex(sheet01, n, 4, pageInt): null

16-05-2025T12:06:19 - [TEST_STEP][PASSED] - setValueToCellByIndex(sheet01, n, 5, m): null

16-05-2025T12:06:19 - [TEST_STEP][PASSED] - setValueToCellByIndex(sheet01, n, 6, y): null

16-05-2025T12:06:19 - [TEST_STEP][PASSED] - setValueToCellByIndex(sheet01, n, 7, todaysDate): null

16-05-2025T12:06:19 - [TEST_STEP][PASSED] - n = n + 1: null

16-05-2025T12:06:19 - [TEST_STEP][PASSED] - saveWorkbook(excelFilePath, workbook01): null

16-05-2025T12:06:20 - [TEST_STEP][PASSED] - compare = pagePoteri: null

16-05-2025T12:06:20 - [TEST_STEP][PASSED] - if (pageOtpuskVSet != null): null

16-05-2025T12:06:20 - [TEST_STEP][PASSED] - if (compare == filePoteri): null

16-05-2025T12:06:20 - [TEST_STEP][PASSED] - else if (compare > filePoteri): null

16-05-2025T12:06:20 - [TEST_STEP][PASSED] - else if (compare < filePoteri): null

16-05-2025T12:06:20 - [TEST_STEP][PASSED] - compare = compare + 1: null

16-05-2025T12:06:20 - [TEST_STEP][PASSED] - if (compare == filePoteri): null

16-05-2025T12:06:20 - [TEST_STEP][PASSED] - else: null

16-05-2025T12:06:20 - [TEST_STEP][PASSED] - numberOfErrors = numberOfErrors + 1: null

16-05-2025T12:06:20 - [TEST_STEP][PASSED] - pageInt = pagePoteri: null

16-05-2025T12:06:20 - [TEST_STEP][PASSED] - fileInt = filePoteri: null

16-05-2025T12:06:20 - [TEST_STEP][PASSED] - typeOfData = typeOfDataMain + " Потери": null

16-05-2025T12:06:20 - [TEST_STEP][PASSED] - Script1718980020443.WriteToExcel(a, typeOfData, todaysDate, pageInt, fileInt, pageDouble, fileDouble, dZO): null

16-05-2025T12:06:20 - [TEST_STEP][PASSED] - sheetName = "Sheet1": null

16-05-2025T12:06:20 - [TEST_STEP][PASSED] - data = findTestData("PlanFact"): null

16-05-2025T12:06:20 - [TEST_STEP][PASSED] - n = data.getRowNumbers() + 1: null

16-05-2025T12:06:20 - [TEST_STEP][PASSED] - day = ")).toInteger(): null

16-05-2025T12:06:20 - [TEST_STEP][PASSED] - println(day): null

16-05-2025T12:06:20 - [TEST_STEP][PASSED] - month = ")).toInteger(): null

16-05-2025T12:06:20 - [TEST_STEP][PASSED] - println(month): null

16-05-2025T12:06:20 - [TEST_STEP][PASSED] - y = <not implemented yet for class: org.codehaus.groovy.ast.expr.EmptyExpression>: null

16-05-2025T12:06:20 - [TEST_STEP][PASSED] - iy = <not implemented yet for class: org.codehaus.groovy.ast.expr.EmptyExpression>: null

16-05-2025T12:06:20 - [TEST_STEP][PASSED] - m = getText(findTestObject("Выполнение бизнес-плана/Период")): Text of object 'Object Repository/Выполнение бизнес-плана/Период' is: '1 кв. 2025 года'

16-05-2025T12:06:20 - [MESSAGE][PASSED] - Text of object 'Object Repository/Выполнение бизнес-плана/Период' is: '1 кв. 2025 года'

16-05-2025T12:06:20 - [TEST_STEP][PASSED] - iy = m.indexOf("20"): null

16-05-2025T12:06:20 - [TEST_STEP][PASSED] - if (iy > -1): null

16-05-2025T12:06:20 - [TEST_STEP][PASSED] - y = substring(iy, iy + 4).toInteger(): null

16-05-2025T12:06:20 - [TEST_STEP][PASSED] - println(y): null

16-05-2025T12:06:20 - [TEST_STEP][PASSED] - if (toString().length() == 4): null

16-05-2025T12:06:20 - [TEST_STEP][PASSED] - m = m.substring(0, m.indexOf(y.toString())): null

16-05-2025T12:06:20 - [TEST_STEP][PASSED] - m = m.trim(): null

16-05-2025T12:06:20 - [TEST_STEP][PASSED] - if (m == ""): null

16-05-2025T12:06:20 - [TEST_STEP][PASSED] - dashboardName = "Выполнение бизнес-плана": null

16-05-2025T12:06:20 - [TEST_STEP][PASSED] - workbook01 = getWorkbook(excelFilePath): null

16-05-2025T12:06:20 - [TEST_STEP][PASSED] - sheet01 = getExcelSheet(workbook01, sheetName): null

16-05-2025T12:06:20 - [TEST_STEP][PASSED] - setValueToCellByIndex(sheet01, n, 0, dashboardName): null

16-05-2025T12:06:20 - [TEST_STEP][PASSED] - setValueToCellByIndex(sheet01, n, 1, dZO): null

16-05-2025T12:06:20 - [TEST_STEP][PASSED] - setValueToCellByIndex(sheet01, n, 2, typeOfData): null

16-05-2025T12:06:20 - [TEST_STEP][PASSED] - if (typeOfData == "Факт в процентах" || typeOfData == "План в процентах"): null

16-05-2025T12:06:20 - [TEST_STEP][PASSED] - else: null

16-05-2025T12:06:20 - [TEST_STEP][PASSED] - setValueToCellByIndex(sheet01, n, 3, fileInt): null

16-05-2025T12:06:20 - [TEST_STEP][PASSED] - setValueToCellByIndex(sheet01, n, 4, pageInt): null

16-05-2025T12:06:20 - [TEST_STEP][PASSED] - setValueToCellByIndex(sheet01, n, 5, m): null

16-05-2025T12:06:20 - [TEST_STEP][PASSED] - setValueToCellByIndex(sheet01, n, 6, y): null

16-05-2025T12:06:20 - [TEST_STEP][PASSED] - setValueToCellByIndex(sheet01, n, 7, todaysDate): null

16-05-2025T12:06:20 - [TEST_STEP][PASSED] - n = n + 1: null

16-05-2025T12:06:20 - [TEST_STEP][PASSED] - saveWorkbook(excelFilePath, workbook01): null

16-05-2025T12:06:20 - [TEST_STEP][PASSED] - if (planFact == 2): null

16-05-2025T12:06:20 - [TEST_STEP][PASSED] - if (planFact == 1): null

16-05-2025T12:06:20 - [TEST_STEP][PASSED] - else if (planFact == 2): null

16-05-2025T12:06:20 - [TEST_STEP][PASSED] - click(findTestObject("Выполнение бизнес-плана/Кнопка План")): Object: 'Object Repository/Выполнение бизнес-плана/Кнопка План' is clicked on

16-05-2025T12:06:21 - [MESSAGE][PASSED] - Object: 'Object Repository/Выполнение бизнес-плана/Кнопка План' is clicked on

16-05-2025T12:06:21 - [TEST_STEP][PASSED] - typeOfDataMain = "План": null

16-05-2025T12:06:21 - [TEST_STEP][PASSED] - otpusk = findTestData("PlanFact").getValue(2, a): null

16-05-2025T12:06:21 - [TEST_STEP][PASSED] - poteri = findTestData("PlanFact").getValue(3, a): null

16-05-2025T12:06:21 - [TEST_STEP][PASSED] - otpusk = otpusk.replaceAll("\s+", ""): null

16-05-2025T12:06:21 - [TEST_STEP][PASSED] - poteri = poteri.replaceAll("\s+", ""): null

16-05-2025T12:06:21 - [TEST_STEP][PASSED] - typeOfData = typeOfDataMain + " Отпуск в сеть": null

16-05-2025T12:06:21 - [TEST_STEP][PASSED] - if (a == 82): null

16-05-2025T12:06:21 - [TEST_STEP][PASSED] - else if (a == 84): null

16-05-2025T12:06:21 - [TEST_STEP][PASSED] - else if (a == 83 || a == 52 || a == 72 || a == 28 || a == 73 || a == 77 || a == 74 || a == 65 || a == 36 || a == 44 || a == 53 || a == 80 || a == 54 || a == 1 || a == 18 || a == 59 || a == 81): null

16-05-2025T12:06:21 - [TEST_STEP][PASSED] - path = dataFolder + "Table Data/" + typeOfData + " за отчётный период " + dzoNum: null

16-05-2025T12:06:21 - [TEST_STEP][PASSED] - println(path): null

16-05-2025T12:06:21 - [TEST_STEP][PASSED] - page = getText(findTestObject(path)): Text of object 'Object Repository/Выполнение бизнес-плана/Значения со страницы Выполнение бизнес-плана/Table Data/План Отпуск в сеть за отчётный период 7' is: '3 760 351'

16-05-2025T12:06:21 - [MESSAGE][PASSED] - Text of object 'Object Repository/Выполнение бизнес-плана/Значения со страницы Выполнение бизнес-плана/Table Data/План Отпуск в сеть за отчётный период 7' is: '3 760 351'

16-05-2025T12:06:21 - [TEST_STEP][PASSED] - if (page == "" || page == null): null

16-05-2025T12:06:21 - [TEST_STEP][PASSED] - else: null

16-05-2025T12:06:21 - [TEST_STEP][PASSED] - page = page.replaceAll("\s+", ""): null

16-05-2025T12:06:21 - [TEST_STEP][PASSED] - if (page == "undefined"): null

16-05-2025T12:06:21 - [TEST_STEP][PASSED] - fileOtpuskVSet = otpusk.toInteger(): null

16-05-2025T12:06:21 - [TEST_STEP][PASSED] - pageOtpuskVSet = page.toInteger(): null

16-05-2025T12:06:21 - [TEST_STEP][PASSED] - typeOfData = typeOfDataMain + " Потери": null

16-05-2025T12:06:21 - [TEST_STEP][PASSED] - if (a == 82): null

16-05-2025T12:06:21 - [TEST_STEP][PASSED] - else if (a == 84): null

16-05-2025T12:06:21 - [TEST_STEP][PASSED] - else if (a == 83 || a == 52 || a == 72 || a == 28 || a == 73 || a == 77 || a == 74 || a == 65 || a == 36 || a == 44 || a == 53 || a == 80 || a == 54 || a == 1 || a == 18 || a == 59 || a == 81): null

16-05-2025T12:06:21 - [TEST_STEP][PASSED] - path = dataFolder + "Table Data/" + typeOfData + " за отчётный период " + dzoNum: null

16-05-2025T12:06:21 - [TEST_STEP][PASSED] - page = getText(findTestObject(path)): Text of object 'Object Repository/Выполнение бизнес-плана/Значения со страницы Выполнение бизнес-плана/Table Data/План Потери за отчётный период 7' is: '407 485'

16-05-2025T12:06:21 - [MESSAGE][PASSED] - Text of object 'Object Repository/Выполнение бизнес-плана/Значения со страницы Выполнение бизнес-плана/Table Data/План Потери за отчётный период 7' is: '407 485'

16-05-2025T12:06:21 - [TEST_STEP][PASSED] - if (page == "" || page == null): null

16-05-2025T12:06:21 - [TEST_STEP][PASSED] - else: null

16-05-2025T12:06:21 - [TEST_STEP][PASSED] - page = page.replaceAll("\s+", ""): null

16-05-2025T12:06:21 - [TEST_STEP][PASSED] - if (page == "undefined"): null

16-05-2025T12:06:21 - [TEST_STEP][PASSED] - filePoteri = poteri.toInteger(): null

16-05-2025T12:06:21 - [TEST_STEP][PASSED] - pagePoteri = page.toInteger(): null

16-05-2025T12:06:21 - [TEST_STEP][PASSED] - compare = pageOtpuskVSet: null

16-05-2025T12:06:21 - [TEST_STEP][PASSED] - if (pageOtpuskVSet != null): null

16-05-2025T12:06:21 - [TEST_STEP][PASSED] - if (compare == fileOtpuskVSet): null

16-05-2025T12:06:21 - [TEST_STEP][PASSED] - else if (compare > fileOtpuskVSet): null

16-05-2025T12:06:21 - [TEST_STEP][PASSED] - else if (compare < fileOtpuskVSet): null

16-05-2025T12:06:21 - [TEST_STEP][PASSED] - compare = compare + 1: null

16-05-2025T12:06:21 - [TEST_STEP][PASSED] - if (compare == fileOtpuskVSet): null

16-05-2025T12:06:21 - [TEST_STEP][PASSED] - else: null

16-05-2025T12:06:21 - [TEST_STEP][PASSED] - numberOfErrors = numberOfErrors + 1: null

16-05-2025T12:06:21 - [TEST_STEP][PASSED] - pageInt = pageOtpuskVSet: null

16-05-2025T12:06:21 - [TEST_STEP][PASSED] - fileInt = fileOtpuskVSet: null

16-05-2025T12:06:21 - [TEST_STEP][PASSED] - typeOfData = typeOfDataMain + " Отпуск в сеть": null

16-05-2025T12:06:21 - [TEST_STEP][PASSED] - Script1718980020443.WriteToExcel(a, typeOfData, todaysDate, pageInt, fileInt, pageDouble, fileDouble, dZO): null

16-05-2025T12:06:21 - [TEST_STEP][PASSED] - sheetName = "Sheet1": null

16-05-2025T12:06:21 - [TEST_STEP][PASSED] - data = findTestData("PlanFact"): null

16-05-2025T12:06:21 - [TEST_STEP][PASSED] - n = data.getRowNumbers() + 1: null

16-05-2025T12:06:21 - [TEST_STEP][PASSED] - day = ")).toInteger(): null

16-05-2025T12:06:21 - [TEST_STEP][PASSED] - println(day): null

16-05-2025T12:06:21 - [TEST_STEP][PASSED] - month = ")).toInteger(): null

16-05-2025T12:06:21 - [TEST_STEP][PASSED] - println(month): null

16-05-2025T12:06:21 - [TEST_STEP][PASSED] - y = <not implemented yet for class: org.codehaus.groovy.ast.expr.EmptyExpression>: null

16-05-2025T12:06:21 - [TEST_STEP][PASSED] - iy = <not implemented yet for class: org.codehaus.groovy.ast.expr.EmptyExpression>: null

16-05-2025T12:06:21 - [TEST_STEP][PASSED] - m = getText(findTestObject("Выполнение бизнес-плана/Период")): Text of object 'Object Repository/Выполнение бизнес-плана/Период' is: '1 кв. 2025 года'

16-05-2025T12:06:22 - [MESSAGE][PASSED] - Text of object 'Object Repository/Выполнение бизнес-плана/Период' is: '1 кв. 2025 года'

16-05-2025T12:06:22 - [TEST_STEP][PASSED] - iy = m.indexOf("20"): null

16-05-2025T12:06:22 - [TEST_STEP][PASSED] - if (iy > -1): null

16-05-2025T12:06:22 - [TEST_STEP][PASSED] - y = substring(iy, iy + 4).toInteger(): null

16-05-2025T12:06:22 - [TEST_STEP][PASSED] - println(y): null

16-05-2025T12:06:22 - [TEST_STEP][PASSED] - if (toString().length() == 4): null

16-05-2025T12:06:22 - [TEST_STEP][PASSED] - m = m.substring(0, m.indexOf(y.toString())): null

16-05-2025T12:06:22 - [TEST_STEP][PASSED] - m = m.trim(): null

16-05-2025T12:06:22 - [TEST_STEP][PASSED] - if (m == ""): null

16-05-2025T12:06:22 - [TEST_STEP][PASSED] - dashboardName = "Выполнение бизнес-плана": null

16-05-2025T12:06:22 - [TEST_STEP][PASSED] - workbook01 = getWorkbook(excelFilePath): null

16-05-2025T12:06:22 - [TEST_STEP][PASSED] - sheet01 = getExcelSheet(workbook01, sheetName): null

16-05-2025T12:06:22 - [TEST_STEP][PASSED] - setValueToCellByIndex(sheet01, n, 0, dashboardName): null

16-05-2025T12:06:22 - [TEST_STEP][PASSED] - setValueToCellByIndex(sheet01, n, 1, dZO): null

16-05-2025T12:06:22 - [TEST_STEP][PASSED] - setValueToCellByIndex(sheet01, n, 2, typeOfData): null

16-05-2025T12:06:22 - [TEST_STEP][PASSED] - if (typeOfData == "Факт в процентах" || typeOfData == "План в процентах"): null

16-05-2025T12:06:22 - [TEST_STEP][PASSED] - else: null

16-05-2025T12:06:22 - [TEST_STEP][PASSED] - setValueToCellByIndex(sheet01, n, 3, fileInt): null

16-05-2025T12:06:22 - [TEST_STEP][PASSED] - setValueToCellByIndex(sheet01, n, 4, pageInt): null

16-05-2025T12:06:22 - [TEST_STEP][PASSED] - setValueToCellByIndex(sheet01, n, 5, m): null

16-05-2025T12:06:22 - [TEST_STEP][PASSED] - setValueToCellByIndex(sheet01, n, 6, y): null

16-05-2025T12:06:22 - [TEST_STEP][PASSED] - setValueToCellByIndex(sheet01, n, 7, todaysDate): null

16-05-2025T12:06:22 - [TEST_STEP][PASSED] - n = n + 1: null

16-05-2025T12:06:22 - [TEST_STEP][PASSED] - saveWorkbook(excelFilePath, workbook01): null

16-05-2025T12:06:22 - [TEST_STEP][PASSED] - compare = pagePoteri: null

16-05-2025T12:06:22 - [TEST_STEP][PASSED] - if (pageOtpuskVSet != null): null

16-05-2025T12:06:22 - [TEST_STEP][PASSED] - if (compare == filePoteri): null

16-05-2025T12:06:22 - [TEST_STEP][PASSED] - else if (compare > filePoteri): null

16-05-2025T12:06:22 - [TEST_STEP][PASSED] - else if (compare < filePoteri): null

16-05-2025T12:06:22 - [TEST_STEP][PASSED] - compare = compare + 1: null

16-05-2025T12:06:22 - [TEST_STEP][PASSED] - if (compare == filePoteri): null

16-05-2025T12:06:22 - [TEST_STEP][PASSED] - else: null

16-05-2025T12:06:22 - [TEST_STEP][PASSED] - numberOfErrors = numberOfErrors + 1: null

16-05-2025T12:06:22 - [TEST_STEP][PASSED] - pageInt = pagePoteri: null

16-05-2025T12:06:22 - [TEST_STEP][PASSED] - fileInt = filePoteri: null

16-05-2025T12:06:22 - [TEST_STEP][PASSED] - typeOfData = typeOfDataMain + " Потери": null

16-05-2025T12:06:22 - [TEST_STEP][PASSED] - Script1718980020443.WriteToExcel(a, typeOfData, todaysDate, pageInt, fileInt, pageDouble, fileDouble, dZO): null

16-05-2025T12:06:22 - [TEST_STEP][PASSED] - sheetName = "Sheet1": null

16-05-2025T12:06:22 - [TEST_STEP][PASSED] - data = findTestData("PlanFact"): null

16-05-2025T12:06:22 - [TEST_STEP][PASSED] - n = data.getRowNumbers() + 1: null

16-05-2025T12:06:22 - [TEST_STEP][PASSED] - day = ")).toInteger(): null

16-05-2025T12:06:22 - [TEST_STEP][PASSED] - println(day): null

16-05-2025T12:06:22 - [TEST_STEP][PASSED] - month = ")).toInteger(): null

16-05-2025T12:06:22 - [TEST_STEP][PASSED] - println(month): null

16-05-2025T12:06:22 - [TEST_STEP][PASSED] - y = <not implemented yet for class: org.codehaus.groovy.ast.expr.EmptyExpression>: null

16-05-2025T12:06:22 - [TEST_STEP][PASSED] - iy = <not implemented yet for class: org.codehaus.groovy.ast.expr.EmptyExpression>: null

16-05-2025T12:06:22 - [TEST_STEP][PASSED] - m = getText(findTestObject("Выполнение бизнес-плана/Период")): Text of object 'Object Repository/Выполнение бизнес-плана/Период' is: '1 кв. 2025 года'

16-05-2025T12:06:22 - [MESSAGE][PASSED] - Text of object 'Object Repository/Выполнение бизнес-плана/Период' is: '1 кв. 2025 года'

16-05-2025T12:06:22 - [TEST_STEP][PASSED] - iy = m.indexOf("20"): null

16-05-2025T12:06:22 - [TEST_STEP][PASSED] - if (iy > -1): null

16-05-2025T12:06:22 - [TEST_STEP][PASSED] - y = substring(iy, iy + 4).toInteger(): null

16-05-2025T12:06:22 - [TEST_STEP][PASSED] - println(y): null

16-05-2025T12:06:22 - [TEST_STEP][PASSED] - if (toString().length() == 4): null

16-05-2025T12:06:22 - [TEST_STEP][PASSED] - m = m.substring(0, m.indexOf(y.toString())): null

16-05-2025T12:06:22 - [TEST_STEP][PASSED] - m = m.trim(): null

16-05-2025T12:06:22 - [TEST_STEP][PASSED] - if (m == ""): null

16-05-2025T12:06:22 - [TEST_STEP][PASSED] - dashboardName = "Выполнение бизнес-плана": null

16-05-2025T12:06:22 - [TEST_STEP][PASSED] - workbook01 = getWorkbook(excelFilePath): null

16-05-2025T12:06:22 - [TEST_STEP][PASSED] - sheet01 = getExcelSheet(workbook01, sheetName): null

16-05-2025T12:06:22 - [TEST_STEP][PASSED] - setValueToCellByIndex(sheet01, n, 0, dashboardName): null

16-05-2025T12:06:22 - [TEST_STEP][PASSED] - setValueToCellByIndex(sheet01, n, 1, dZO): null

16-05-2025T12:06:22 - [TEST_STEP][PASSED] - setValueToCellByIndex(sheet01, n, 2, typeOfData): null

16-05-2025T12:06:22 - [TEST_STEP][PASSED] - if (typeOfData == "Факт в процентах" || typeOfData == "План в процентах"): null

16-05-2025T12:06:22 - [TEST_STEP][PASSED] - else: null

16-05-2025T12:06:22 - [TEST_STEP][PASSED] - setValueToCellByIndex(sheet01, n, 3, fileInt): null

16-05-2025T12:06:22 - [TEST_STEP][PASSED] - setValueToCellByIndex(sheet01, n, 4, pageInt): null

16-05-2025T12:06:22 - [TEST_STEP][PASSED] - setValueToCellByIndex(sheet01, n, 5, m): null

16-05-2025T12:06:22 - [TEST_STEP][PASSED] - setValueToCellByIndex(sheet01, n, 6, y): null

16-05-2025T12:06:22 - [TEST_STEP][PASSED] - setValueToCellByIndex(sheet01, n, 7, todaysDate): null

16-05-2025T12:06:22 - [TEST_STEP][PASSED] - n = n + 1: null

16-05-2025T12:06:22 - [TEST_STEP][PASSED] - saveWorkbook(excelFilePath, workbook01): Object: 'Object Repository/Выполнение бизнес-плана/Кнопка Факт' is clicked on

16-05-2025T12:06:23 - [TEST_STEP][PASSED] - if (planFact == 2): Object: 'Object Repository/Выполнение бизнес-плана/Кнопка Факт' is clicked on

16-05-2025T12:06:23 - [TEST_STEP][PASSED] - click(findTestObject("Выполнение бизнес-плана/Кнопка Факт")): Object: 'Object Repository/Выполнение бизнес-плана/Кнопка Факт' is clicked on

16-05-2025T12:06:23 - [MESSAGE][PASSED] - Object: 'Object Repository/Выполнение бизнес-плана/Кнопка Факт' is clicked on

16-05-2025T12:06:23 - [TEST_STEP][PASSED] - println("a=" + a): null

16-05-2025T12:06:23 - [TEST_STEP][PASSED] - if (a == 84 || a == 82): null

16-05-2025T12:06:23 - [TEST_STEP][PASSED] - else if (a == 83 || a == 52 || a == 72 || a == 28 || a == 73 || a == 77 || a == 74 || a == 65 || a == 36 || a == 44 || a == 53 || a == 80 || a == 54 || a == 1 || a == 18 || a == 59 || a == 81): null

16-05-2025T12:06:23 - [TEST_STEP][PASSED] - page1 = getText(findTestObject("Object Repository/Выполнение бизнес-плана/spanPlan" + dzoNum)): Text of object 'Object Repository/Выполнение бизнес-плана/spanPlan7' is: '10.84
|'

16-05-2025T12:06:23 - [MESSAGE][PASSED] - Text of object 'Object Repository/Выполнение бизнес-плана/spanPlan7' is: '10.84
|'

16-05-2025T12:06:23 - [TEST_STEP][PASSED] - page1 = page1.replace("|", ""): null

16-05-2025T12:06:23 - [TEST_STEP][PASSED] - page2 = getText(findTestObject("Object Repository/Выполнение бизнес-плана/spanFact" + dzoNum)): Text of object 'Object Repository/Выполнение бизнес-плана/spanFact7' is: '9.40'

16-05-2025T12:06:23 - [MESSAGE][PASSED] - Text of object 'Object Repository/Выполнение бизнес-плана/spanFact7' is: '9.40'

16-05-2025T12:06:23 - [TEST_STEP][PASSED] - page2 = page2.replace("|", ""): null

16-05-2025T12:06:23 - [TEST_STEP][PASSED] - println("page1: " + page1): null

16-05-2025T12:06:23 - [TEST_STEP][PASSED] - println("page2: " + page2): null

16-05-2025T12:06:23 - [TEST_STEP][PASSED] - file = findTestData("PlanFact").getValue(4, a): null

16-05-2025T12:06:23 - [TEST_STEP][PASSED] - file = file.replace(",", "."): null

16-05-2025T12:06:23 - [TEST_STEP][PASSED] - println("file Plan: " + file): null

16-05-2025T12:06:23 - [TEST_STEP][PASSED] - typeOfData = "План в процентах": null

16-05-2025T12:06:23 - [TEST_STEP][PASSED] - fileDouble = file.toDouble(): null

16-05-2025T12:06:23 - [TEST_STEP][PASSED] - pageDouble = page1.toDouble(): null

16-05-2025T12:06:23 - [TEST_STEP][PASSED] - if (fileDouble != pageDouble): null

16-05-2025T12:06:23 - [TEST_STEP][PASSED] - numberOfErrors = numberOfErrors + 1: null

16-05-2025T12:06:23 - [TEST_STEP][PASSED] - Script1718980020443.WriteToExcel(a, typeOfData, todaysDate, pageInt, fileInt, pageDouble, fileDouble, dZO): null

16-05-2025T12:06:23 - [TEST_STEP][PASSED] - sheetName = "Sheet1": null

16-05-2025T12:06:23 - [TEST_STEP][PASSED] - data = findTestData("PlanFact"): null

16-05-2025T12:06:24 - [TEST_STEP][PASSED] - n = data.getRowNumbers() + 1: null

16-05-2025T12:06:24 - [TEST_STEP][PASSED] - day = ")).toInteger(): null

16-05-2025T12:06:24 - [TEST_STEP][PASSED] - println(day): null

16-05-2025T12:06:24 - [TEST_STEP][PASSED] - month = ")).toInteger(): null

16-05-2025T12:06:24 - [TEST_STEP][PASSED] - println(month): null

16-05-2025T12:06:24 - [TEST_STEP][PASSED] - y = <not implemented yet for class: org.codehaus.groovy.ast.expr.EmptyExpression>: null

16-05-2025T12:06:24 - [TEST_STEP][PASSED] - iy = <not implemented yet for class: org.codehaus.groovy.ast.expr.EmptyExpression>: null

16-05-2025T12:06:24 - [TEST_STEP][PASSED] - m = getText(findTestObject("Выполнение бизнес-плана/Период")): Text of object 'Object Repository/Выполнение бизнес-плана/Период' is: '1 кв. 2025 года'

16-05-2025T12:06:24 - [MESSAGE][PASSED] - Text of object 'Object Repository/Выполнение бизнес-плана/Период' is: '1 кв. 2025 года'

16-05-2025T12:06:24 - [TEST_STEP][PASSED] - iy = m.indexOf("20"): null

16-05-2025T12:06:24 - [TEST_STEP][PASSED] - if (iy > -1): null

16-05-2025T12:06:24 - [TEST_STEP][PASSED] - y = substring(iy, iy + 4).toInteger(): null

16-05-2025T12:06:24 - [TEST_STEP][PASSED] - println(y): null

16-05-2025T12:06:24 - [TEST_STEP][PASSED] - if (toString().length() == 4): null

16-05-2025T12:06:24 - [TEST_STEP][PASSED] - m = m.substring(0, m.indexOf(y.toString())): null

16-05-2025T12:06:24 - [TEST_STEP][PASSED] - m = m.trim(): null

16-05-2025T12:06:24 - [TEST_STEP][PASSED] - if (m == ""): null

16-05-2025T12:06:24 - [TEST_STEP][PASSED] - dashboardName = "Выполнение бизнес-плана": null

16-05-2025T12:06:24 - [TEST_STEP][PASSED] - workbook01 = getWorkbook(excelFilePath): null

16-05-2025T12:06:24 - [TEST_STEP][PASSED] - sheet01 = getExcelSheet(workbook01, sheetName): null

16-05-2025T12:06:24 - [TEST_STEP][PASSED] - setValueToCellByIndex(sheet01, n, 0, dashboardName): null

16-05-2025T12:06:24 - [TEST_STEP][PASSED] - setValueToCellByIndex(sheet01, n, 1, dZO): null

16-05-2025T12:06:24 - [TEST_STEP][PASSED] - setValueToCellByIndex(sheet01, n, 2, typeOfData): null

16-05-2025T12:06:24 - [TEST_STEP][PASSED] - if (typeOfData == "Факт в процентах" || typeOfData == "План в процентах"): null

16-05-2025T12:06:24 - [TEST_STEP][PASSED] - setValueToCellByIndex(sheet01, n, 3, fileDouble): null

16-05-2025T12:06:24 - [TEST_STEP][PASSED] - setValueToCellByIndex(sheet01, n, 4, pageDouble): null

16-05-2025T12:06:24 - [TEST_STEP][PASSED] - setValueToCellByIndex(sheet01, n, 5, m): null

16-05-2025T12:06:24 - [TEST_STEP][PASSED] - setValueToCellByIndex(sheet01, n, 6, y): null

16-05-2025T12:06:24 - [TEST_STEP][PASSED] - setValueToCellByIndex(sheet01, n, 7, todaysDate): null

16-05-2025T12:06:24 - [TEST_STEP][PASSED] - n = n + 1: null

16-05-2025T12:06:24 - [TEST_STEP][PASSED] - saveWorkbook(excelFilePath, workbook01): null

16-05-2025T12:06:24 - [TEST_STEP][PASSED] - file = findTestData("PlanFact").getValue(7, a): null

16-05-2025T12:06:24 - [TEST_STEP][PASSED] - file = file.replace(",", "."): null

16-05-2025T12:06:24 - [TEST_STEP][PASSED] - println("file Fact: " + file): null

16-05-2025T12:06:24 - [TEST_STEP][PASSED] - fileDouble = file.toDouble(): null

16-05-2025T12:06:24 - [TEST_STEP][PASSED] - typeOfData = "Факт в процентах": null

16-05-2025T12:06:24 - [TEST_STEP][PASSED] - fileDouble = file.toDouble(): null

16-05-2025T12:06:24 - [TEST_STEP][PASSED] - pageDouble = page2.toDouble(): null

16-05-2025T12:06:24 - [TEST_STEP][PASSED] - if (fileDouble != pageDouble): null

16-05-2025T12:06:24 - [TEST_STEP][PASSED] - numberOfErrors = numberOfErrors + 1: null

16-05-2025T12:06:24 - [TEST_STEP][PASSED] - Script1718980020443.WriteToExcel(a, typeOfData, todaysDate, pageInt, fileInt, pageDouble, fileDouble, dZO): null

16-05-2025T12:06:24 - [TEST_STEP][PASSED] - sheetName = "Sheet1": null

16-05-2025T12:06:24 - [TEST_STEP][PASSED] - data = findTestData("PlanFact"): null

16-05-2025T12:06:24 - [TEST_STEP][PASSED] - n = data.getRowNumbers() + 1: null

16-05-2025T12:06:24 - [TEST_STEP][PASSED] - day = ")).toInteger(): null

16-05-2025T12:06:24 - [TEST_STEP][PASSED] - println(day): null

16-05-2025T12:06:24 - [TEST_STEP][PASSED] - month = ")).toInteger(): null

16-05-2025T12:06:24 - [TEST_STEP][PASSED] - println(month): null

16-05-2025T12:06:24 - [TEST_STEP][PASSED] - y = <not implemented yet for class: org.codehaus.groovy.ast.expr.EmptyExpression>: null

16-05-2025T12:06:24 - [TEST_STEP][PASSED] - iy = <not implemented yet for class: org.codehaus.groovy.ast.expr.EmptyExpression>: null

16-05-2025T12:06:24 - [TEST_STEP][PASSED] - m = getText(findTestObject("Выполнение бизнес-плана/Период")): Text of object 'Object Repository/Выполнение бизнес-плана/Период' is: '1 кв. 2025 года'

16-05-2025T12:06:24 - [MESSAGE][PASSED] - Text of object 'Object Repository/Выполнение бизнес-плана/Период' is: '1 кв. 2025 года'

16-05-2025T12:06:24 - [TEST_STEP][PASSED] - iy = m.indexOf("20"): null

16-05-2025T12:06:24 - [TEST_STEP][PASSED] - if (iy > -1): null

16-05-2025T12:06:24 - [TEST_STEP][PASSED] - y = substring(iy, iy + 4).toInteger(): null

16-05-2025T12:06:24 - [TEST_STEP][PASSED] - println(y): null

16-05-2025T12:06:24 - [TEST_STEP][PASSED] - if (toString().length() == 4): null

16-05-2025T12:06:24 - [TEST_STEP][PASSED] - m = m.substring(0, m.indexOf(y.toString())): null

16-05-2025T12:06:24 - [TEST_STEP][PASSED] - m = m.trim(): null

16-05-2025T12:06:24 - [TEST_STEP][PASSED] - if (m == ""): null

16-05-2025T12:06:24 - [TEST_STEP][PASSED] - dashboardName = "Выполнение бизнес-плана": null

16-05-2025T12:06:24 - [TEST_STEP][PASSED] - workbook01 = getWorkbook(excelFilePath): null

16-05-2025T12:06:25 - [TEST_STEP][PASSED] - sheet01 = getExcelSheet(workbook01, sheetName): null

16-05-2025T12:06:25 - [TEST_STEP][PASSED] - setValueToCellByIndex(sheet01, n, 0, dashboardName): null

16-05-2025T12:06:25 - [TEST_STEP][PASSED] - setValueToCellByIndex(sheet01, n, 1, dZO): null

16-05-2025T12:06:25 - [TEST_STEP][PASSED] - setValueToCellByIndex(sheet01, n, 2, typeOfData): null

16-05-2025T12:06:25 - [TEST_STEP][PASSED] - if (typeOfData == "Факт в процентах" || typeOfData == "План в процентах"): null

16-05-2025T12:06:25 - [TEST_STEP][PASSED] - setValueToCellByIndex(sheet01, n, 3, fileDouble): null

16-05-2025T12:06:25 - [TEST_STEP][PASSED] - setValueToCellByIndex(sheet01, n, 4, pageDouble): null

16-05-2025T12:06:25 - [TEST_STEP][PASSED] - setValueToCellByIndex(sheet01, n, 5, m): null

16-05-2025T12:06:25 - [TEST_STEP][PASSED] - setValueToCellByIndex(sheet01, n, 6, y): null

16-05-2025T12:06:25 - [TEST_STEP][PASSED] - setValueToCellByIndex(sheet01, n, 7, todaysDate): null

16-05-2025T12:06:25 - [TEST_STEP][PASSED] - n = n + 1: null

16-05-2025T12:06:25 - [TEST_STEP][PASSED] - saveWorkbook(excelFilePath, workbook01): null

16-05-2025T12:06:25 - [TEST_STEP][FAILED] - if (verifyEqual(numberOfErrors, 0) == false): null

16-05-2025T12:06:25 - [MESSAGE][FAILED] - Unable to verify equal between actual object '6' and expected object '0' (Root cause: com.kms.katalon.core.exception.StepFailedException: Actual object '6' and expected object '0' are not equal
	at com.kms.katalon.core.keyword.builtin.VerifyEqualKeyword$_verifyEqual_closure1.doCall(VerifyEqualKeyword.groovy:58)
	at com.kms.katalon.core.keyword.builtin.VerifyEqualKeyword$_verifyEqual_closure1.call(VerifyEqualKeyword.groovy)
	at com.kms.katalon.core.keyword.internal.KeywordMain.runKeyword(KeywordMain.groovy:75)
	at com.kms.katalon.core.keyword.builtin.VerifyEqualKeyword.verifyEqual(VerifyEqualKeyword.groovy:63)
	at com.kms.katalon.core.keyword.builtin.VerifyEqualKeyword.execute(VerifyEqualKeyword.groovy:44)
	at com.kms.katalon.core.keyword.internal.KeywordExecutor.executeKeywordForPlatform(KeywordExecutor.groovy:74)
	at com.kms.katalon.core.keyword.BuiltinKeywords.verifyEqual(BuiltinKeywords.groovy:146)
	at jdk.internal.reflect.GeneratedMethodAccessor24.invoke(Unknown Source)
	at java.base/jdk.internal.reflect.DelegatingMethodAccessorImpl.invoke(DelegatingMethodAccessorImpl.java:43)
	at Выполнение бизнес-плана Сверка ПАО Россети все филиалы.Numbers(Выполнение бизнес-плана Сверка ПАО Россети все филиалы:740)
	at Выполнение бизнес-плана Сверка ПАО Россети все филиалы.run(Выполнение бизнес-плана Сверка ПАО Россети все филиалы:395)
	at com.kms.katalon.core.main.ScriptEngine.run(ScriptEngine.java:194)
	at com.kms.katalon.core.main.ScriptEngine.runScriptAsRawText(ScriptEngine.java:119)
	at com.kms.katalon.core.main.TestCaseExecutor.runScript(TestCaseExecutor.java:448)
	at com.kms.katalon.core.main.TestCaseExecutor.doExecute(TestCaseExecutor.java:439)
	at com.kms.katalon.core.main.TestCaseExecutor.processExecutionPhase(TestCaseExecutor.java:418)
	at com.kms.katalon.core.main.TestCaseExecutor.accessMainPhase(TestCaseExecutor.java:410)
	at com.kms.katalon.core.main.TestCaseExecutor.execute(TestCaseExecutor.java:285)
	at com.kms.katalon.core.common.CommonExecutor.accessTestCaseMainPhase(CommonExecutor.java:65)
	at com.kms.katalon.core.main.TestSuiteExecutor.accessTestSuiteMainPhase(TestSuiteExecutor.java:150)
	at com.kms.katalon.core.main.TestSuiteExecutor.execute(TestSuiteExecutor.java:106)
	at com.kms.katalon.core.main.TestCaseMain.startTestSuite(TestCaseMain.java:180)
	at TempTestSuite1747369435659.run(TempTestSuite1747369435659.groovy:35)
	at java.base/jdk.internal.reflect.NativeMethodAccessorImpl.invoke0(Native Method)
	at java.base/jdk.internal.reflect.NativeMethodAccessorImpl.invoke(NativeMethodAccessorImpl.java:77)
	at java.base/jdk.internal.reflect.DelegatingMethodAccessorImpl.invoke(DelegatingMethodAccessorImpl.java:43)
)

16-05-2025T12:06:25 - [TEST_STEP][PASSED] - println(numberOfErrors): null

16-05-2025T12:06:25 - [TEST_STEP][PASSED] - println("a=" + a): null

16-05-2025T12:06:25 - [TEST_STEP][PASSED] - if (a == 28 || a == 77 || a == 74 || a == 65 || a == 36 || a == 44 || a == 54 || a == 1 || a == 18 || a == 59): null

16-05-2025T12:06:25 - [TEST_STEP][PASSED] - Script1718980020443.Filials(a, typeOfData, todaysDate, pageInt, fileInt, pageDouble, fileDouble, dZO, dzoNum, filialNum): null

16-05-2025T12:06:25 - [TEST_STEP][PASSED] - i = <not implemented yet for class: org.codehaus.groovy.ast.expr.EmptyExpression>: null

16-05-2025T12:06:25 - [TEST_STEP][PASSED] - c = <not implemented yet for class: org.codehaus.groovy.ast.expr.EmptyExpression>: null

16-05-2025T12:06:25 - [TEST_STEP][PASSED] - page = <not implemented yet for class: org.codehaus.groovy.ast.expr.EmptyExpression>: null

16-05-2025T12:06:25 - [TEST_STEP][PASSED] - println(dZO): null

16-05-2025T12:06:25 - [TEST_STEP][PASSED] - reducedDZO = <not implemented yet for class: org.codehaus.groovy.ast.expr.EmptyExpression>: null

16-05-2025T12:06:25 - [TEST_STEP][PASSED] - reducedDZO = dZO.substring(dZO.indexOf(" ") + 1, dZO.length()): null

16-05-2025T12:06:25 - [TEST_STEP][PASSED] - if (reducedDZO.contains(" ")): null

16-05-2025T12:06:25 - [TEST_STEP][PASSED] - println(reducedDZO): null

16-05-2025T12:06:25 - [TEST_STEP][PASSED] - dzoCut = <not implemented yet for class: org.codehaus.groovy.ast.expr.EmptyExpression>: null

16-05-2025T12:06:25 - [TEST_STEP][PASSED] - Script1718980020443.DZO(a): null

16-05-2025T12:06:25 - [TEST_STEP][PASSED] - delay(30): Delayed 30 second(s)

16-05-2025T12:06:55 - [MESSAGE][PASSED] - Delayed 30 second(s)

16-05-2025T12:06:55 - [TEST_STEP][PASSED] - Script1718980020443.OpenFilter(): null

16-05-2025T12:06:55 - [TEST_STEP][PASSED] - click(findTestObject("Object Repository/Выполнение бизнес-плана/Фильтр ДЗО")): Object: 'Object Repository/Выполнение бизнес-плана/Фильтр ДЗО' is clicked on

16-05-2025T12:06:55 - [MESSAGE][PASSED] - Object: 'Object Repository/Выполнение бизнес-плана/Фильтр ДЗО' is clicked on

16-05-2025T12:06:55 - [TEST_STEP][PASSED] - click(findTestObject("Выполнение бизнес-плана/Снять выделение в фильтре ДЗО")): Object: 'Object Repository/Выполнение бизнес-плана/Снять выделение в фильтре ДЗО' is clicked on

16-05-2025T12:06:56 - [MESSAGE][PASSED] - Object: 'Object Repository/Выполнение бизнес-плана/Снять выделение в фильтре ДЗО' is clicked on

16-05-2025T12:06:56 - [TEST_STEP][PASSED] - Script1718980020443.OpenRSK(): null

16-05-2025T12:06:56 - [TEST_STEP][PASSED] - click(findTestObject("Выполнение бизнес-плана/Раскрыть список ПАО Россети в фильтре ДЗО")): Object: 'Object Repository/Выполнение бизнес-плана/Раскрыть список ПАО Россети в фильтре ДЗО' is clicked on

16-05-2025T12:06:56 - [MESSAGE][PASSED] - Object: 'Object Repository/Выполнение бизнес-плана/Раскрыть список ПАО Россети в фильтре ДЗО' is clicked on

16-05-2025T12:06:56 - [TEST_STEP][PASSED] - click(findTestObject("Выполнение бизнес-плана/Раскрыть список РаспредКомплекс в фильтре ДЗО")): Object: 'Object Repository/Выполнение бизнес-плана/Раскрыть список РаспредКомплекс в фильтре ДЗО' is clicked on

16-05-2025T12:06:56 - [MESSAGE][PASSED] - Object: 'Object Repository/Выполнение бизнес-плана/Раскрыть список РаспредКомплекс в фильтре ДЗО' is clicked on

16-05-2025T12:06:56 - [TEST_STEP][PASSED] - if (a == 28): null

16-05-2025T12:06:56 - [TEST_STEP][PASSED] - if (a == 77): null

16-05-2025T12:06:56 - [TEST_STEP][PASSED] - if (a == 74): null

16-05-2025T12:06:56 - [TEST_STEP][PASSED] - if (a == 65): null

16-05-2025T12:06:56 - [TEST_STEP][PASSED] - if (a == 36): null

16-05-2025T12:06:56 - [TEST_STEP][PASSED] - if (a == 44): null

16-05-2025T12:06:56 - [TEST_STEP][PASSED] - if (a == 54): null

16-05-2025T12:06:56 - [TEST_STEP][PASSED] - if (a == 1): null

16-05-2025T12:06:56 - [TEST_STEP][PASSED] - if (a == 18): null

16-05-2025T12:06:56 - [TEST_STEP][PASSED] - if (a == 59): Object: 'Object Repository/Выполнение бизнес-плана/Россети Юг' is clicked on

16-05-2025T12:06:56 - [TEST_STEP][PASSED] - scrollToElement(findTestObject("Общие объекты/Раскрыть список Россети Юг"), 30): Scroll to object 'Object Repository/Общие объекты/Раскрыть список Россети Юг' successfully

16-05-2025T12:06:57 - [MESSAGE][PASSED] - Scroll to object 'Object Repository/Общие объекты/Раскрыть список Россети Юг' successfully

16-05-2025T12:06:57 - [TEST_STEP][PASSED] - click(findTestObject("Выполнение бизнес-плана/Россети Юг")): Object: 'Object Repository/Выполнение бизнес-плана/Россети Юг' is clicked on

16-05-2025T12:06:57 - [MESSAGE][PASSED] - Object: 'Object Repository/Выполнение бизнес-плана/Россети Юг' is clicked on

16-05-2025T12:06:57 - [TEST_STEP][PASSED] - Script1718980020443.CloseFilter(): null

16-05-2025T12:06:57 - [TEST_STEP][PASSED] - scrollToElement(findTestObject("Выполнение бизнес-плана/Заголовок дашборда"), 30): Scroll to object 'Object Repository/Выполнение бизнес-плана/Заголовок дашборда' successfully

16-05-2025T12:06:57 - [MESSAGE][PASSED] - Scroll to object 'Object Repository/Выполнение бизнес-плана/Заголовок дашборда' successfully

16-05-2025T12:06:57 - [TEST_STEP][PASSED] - click(findTestObject("Object Repository/Выполнение бизнес-плана/Применить в фильтре ДЗО")): Object: 'Object Repository/Выполнение бизнес-плана/Применить в фильтре ДЗО' is clicked on

16-05-2025T12:06:58 - [MESSAGE][PASSED] - Object: 'Object Repository/Выполнение бизнес-плана/Применить в фильтре ДЗО' is clicked on

16-05-2025T12:06:58 - [TEST_STEP][PASSED] - delay(30): Delayed 30 second(s)

16-05-2025T12:07:28 - [MESSAGE][PASSED] - Delayed 30 second(s)

16-05-2025T12:07:28 - [TEST_STEP][PASSED] - Script1718980020443.ZakrytOpoveshenie(): null

16-05-2025T12:07:28 - [TEST_STEP][PASSED] - delay(10): Delayed 10 second(s)

16-05-2025T12:07:38 - [MESSAGE][PASSED] - Delayed 10 second(s)

16-05-2025T12:07:38 - [TEST_STEP][PASSED] - opoveshenie = getText(findTestObject("Выполнение бизнес-плана/Просьба обратить внимание")): Text of object 'Object Repository/Выполнение бизнес-плана/Просьба обратить внимание' is: ''

16-05-2025T12:07:39 - [MESSAGE][PASSED] - Text of object 'Object Repository/Выполнение бизнес-плана/Просьба обратить внимание' is: ''

16-05-2025T12:07:39 - [TEST_STEP][PASSED] - println(opoveshenie): null

16-05-2025T12:07:39 - [TEST_STEP][PASSED] - if (opoveshenie == "Просьба обратить внимание"): null

16-05-2025T12:07:39 - [TEST_STEP][PASSED] - page = getText(findTestObject("Object Repository/Выполнение бизнес-плана/Filials")): Text of object 'Object Repository/Выполнение бизнес-плана/Filials' is: 'Россети Юг (ГК)
0
10
20
30
40
50
60
70'

16-05-2025T12:07:39 - [MESSAGE][PASSED] - Text of object 'Object Repository/Выполнение бизнес-плана/Filials' is: 'Россети Юг (ГК)
0
10
20
30
40
50
60
70'

16-05-2025T12:07:39 - [TEST_STEP][PASSED] - println(page): null

16-05-2025T12:07:39 - [TEST_STEP][PASSED] - c = page.indexOf(reducedDZO): null

16-05-2025T12:07:39 - [TEST_STEP][PASSED] - if (c > -1): null

16-05-2025T12:07:39 - [TEST_STEP][PASSED] - click(findTestObject("Выполнение бизнес-плана/список")): Object: 'Object Repository/Выполнение бизнес-плана/список' is clicked on

16-05-2025T12:07:39 - [MESSAGE][PASSED] - Object: 'Object Repository/Выполнение бизнес-плана/список' is clicked on

16-05-2025T12:07:39 - [TEST_STEP][PASSED] - delay(10): Delayed 10 second(s)

16-05-2025T12:07:49 - [MESSAGE][PASSED] - Delayed 10 second(s)

16-05-2025T12:07:49 - [TEST_STEP][PASSED] - click(findTestObject("Выполнение бизнес-плана/Раскрытие списка")): Object: 'Object Repository/Выполнение бизнес-плана/Раскрытие списка' is clicked on

16-05-2025T12:07:50 - [MESSAGE][PASSED] - Object: 'Object Repository/Выполнение бизнес-плана/Раскрытие списка' is clicked on

16-05-2025T12:07:50 - [TEST_STEP][PASSED] - delay(10): Delayed 10 second(s)

16-05-2025T12:08:00 - [MESSAGE][PASSED] - Delayed 10 second(s)

16-05-2025T12:08:00 - [TEST_STEP][PASSED] - page = getText(findTestObject("Object Repository/Выполнение бизнес-плана/Filials")): Text of object 'Object Repository/Выполнение бизнес-плана/Filials' is: 'АО «ВМЭС»
Астраханьэнерго
Волгоградэнерго
Калмэнерго
Ростовэнерго
0
10
20
30
40
50
60
70'

16-05-2025T12:08:00 - [MESSAGE][PASSED] - Text of object 'Object Repository/Выполнение бизнес-плана/Filials' is: 'АО «ВМЭС»
Астраханьэнерго
Волгоградэнерго
Калмэнерго
Ростовэнерго
0
10
20
30
40
50
60
70'

16-05-2025T12:08:00 - [TEST_STEP][PASSED] - println(page): null

16-05-2025T12:08:00 - [TEST_STEP][PASSED] - c = page.indexOf(reducedDZO): null

16-05-2025T12:08:00 - [TEST_STEP][PASSED] - x2 = getText(findTestObject("Выполнение бизнес-плана/Список ДЗО старый")): Text of object 'Object Repository/Выполнение бизнес-плана/Список ДЗО старый' is: 'АО «ВМЭС»
Астраханьэнерго
Волгоградэнерго
Калмэнерго
Ростовэнерго
0
10
20
30
40
50
60
70'

16-05-2025T12:08:01 - [MESSAGE][PASSED] - Text of object 'Object Repository/Выполнение бизнес-плана/Список ДЗО старый' is: 'АО «ВМЭС»
Астраханьэнерго
Волгоградэнерго
Калмэнерго
Ростовэнерго
0
10
20
30
40
50
60
70'

16-05-2025T12:08:01 - [TEST_STEP][PASSED] - if (a == 28): null

16-05-2025T12:08:01 - [TEST_STEP][PASSED] - if (a == 77): null

16-05-2025T12:08:01 - [TEST_STEP][PASSED] - if (a == 74): null

16-05-2025T12:08:01 - [TEST_STEP][PASSED] - if (a == 65): null

16-05-2025T12:08:01 - [TEST_STEP][PASSED] - if (a == 1): null

16-05-2025T12:08:01 - [TEST_STEP][PASSED] - if (a == 18): null

16-05-2025T12:08:01 - [TEST_STEP][PASSED] - if (a == 36): null

16-05-2025T12:08:01 - [TEST_STEP][PASSED] - if (a == 44): null

16-05-2025T12:08:01 - [TEST_STEP][PASSED] - if (a == 54): null

16-05-2025T12:08:01 - [TEST_STEP][PASSED] - if (a == 59): null

16-05-2025T12:08:01 - [TEST_STEP][PASSED] - dZO = "АО "ВМЭС"": null

16-05-2025T12:08:01 - [TEST_STEP][PASSED] - a = 64: null

16-05-2025T12:08:01 - [TEST_STEP][PASSED] - i = dZO.length() - 1: null

16-05-2025T12:08:01 - [TEST_STEP][PASSED] - dzoCut = dZO.substring(4, i): null

16-05-2025T12:08:01 - [TEST_STEP][PASSED] - if (x2.contains(dzoCut)): null

16-05-2025T12:08:01 - [TEST_STEP][PASSED] - filialNum = filialNum + 1: null

16-05-2025T12:08:01 - [TEST_STEP][PASSED] - Script1718980020443.Numbers(a, typeOfData, todaysDate, pageInt, fileInt, pageDouble, fileDouble, dZO, dzoNum, filialNum): null

16-05-2025T12:08:01 - [TEST_STEP][PASSED] - println(dzoNum): null

16-05-2025T12:08:01 - [TEST_STEP][PASSED] - planFact = <not implemented yet for class: org.codehaus.groovy.ast.expr.EmptyExpression>: null

16-05-2025T12:08:01 - [TEST_STEP][PASSED] - page = <not implemented yet for class: org.codehaus.groovy.ast.expr.EmptyExpression>: null

16-05-2025T12:08:01 - [TEST_STEP][PASSED] - page1 = <not implemented yet for class: org.codehaus.groovy.ast.expr.EmptyExpression>: null

16-05-2025T12:08:01 - [TEST_STEP][PASSED] - page2 = <not implemented yet for class: org.codehaus.groovy.ast.expr.EmptyExpression>: null

16-05-2025T12:08:01 - [TEST_STEP][PASSED] - filialNumberInRow = <not implemented yet for class: org.codehaus.groovy.ast.expr.EmptyExpression>: null

16-05-2025T12:08:01 - [TEST_STEP][PASSED] - filialsDzoNames = <not implemented yet for class: org.codehaus.groovy.ast.expr.EmptyExpression>: null

16-05-2025T12:08:01 - [TEST_STEP][PASSED] - numberOfFilials = <not implemented yet for class: org.codehaus.groovy.ast.expr.EmptyExpression>: null

16-05-2025T12:08:01 - [TEST_STEP][PASSED] - numberOfSpaces = <not implemented yet for class: org.codehaus.groovy.ast.expr.EmptyExpression>: null

16-05-2025T12:08:01 - [TEST_STEP][PASSED] - file = <not implemented yet for class: org.codehaus.groovy.ast.expr.EmptyExpression>: null

16-05-2025T12:08:01 - [TEST_STEP][PASSED] - otpusk = <not implemented yet for class: org.codehaus.groovy.ast.expr.EmptyExpression>: null

16-05-2025T12:08:01 - [TEST_STEP][PASSED] - poteri = <not implemented yet for class: org.codehaus.groovy.ast.expr.EmptyExpression>: null

16-05-2025T12:08:01 - [TEST_STEP][PASSED] - dataFolder = "Выполнение бизнес-плана/Значения со страницы Выполнение бизнес-плана/": null

16-05-2025T12:08:01 - [TEST_STEP][PASSED] - path = <not implemented yet for class: org.codehaus.groovy.ast.expr.EmptyExpression>: null

16-05-2025T12:08:01 - [TEST_STEP][PASSED] - typeOfDataMain = <not implemented yet for class: org.codehaus.groovy.ast.expr.EmptyExpression>: null

16-05-2025T12:08:01 - [TEST_STEP][PASSED] - fileOtpuskVSet = <not implemented yet for class: org.codehaus.groovy.ast.expr.EmptyExpression>: null

16-05-2025T12:08:01 - [TEST_STEP][PASSED] - pageOtpuskVSet = <not implemented yet for class: org.codehaus.groovy.ast.expr.EmptyExpression>: null

16-05-2025T12:08:01 - [TEST_STEP][PASSED] - filePoteri = <not implemented yet for class: org.codehaus.groovy.ast.expr.EmptyExpression>: null

16-05-2025T12:08:01 - [TEST_STEP][PASSED] - pagePoteri = <not implemented yet for class: org.codehaus.groovy.ast.expr.EmptyExpression>: null

16-05-2025T12:08:01 - [TEST_STEP][PASSED] - compare = <not implemented yet for class: org.codehaus.groovy.ast.expr.EmptyExpression>: null

16-05-2025T12:08:01 - [TEST_STEP][PASSED] - b = <not implemented yet for class: org.codehaus.groovy.ast.expr.EmptyExpression>: null

16-05-2025T12:08:01 - [TEST_STEP][PASSED] - i = <not implemented yet for class: org.codehaus.groovy.ast.expr.EmptyExpression>: null

16-05-2025T12:08:01 - [TEST_STEP][PASSED] - ii = <not implemented yet for class: org.codehaus.groovy.ast.expr.EmptyExpression>: null

16-05-2025T12:08:01 - [TEST_STEP][PASSED] - c = <not implemented yet for class: org.codehaus.groovy.ast.expr.EmptyExpression>: null

16-05-2025T12:08:01 - [TEST_STEP][PASSED] - numberOfErrors = 0: null

16-05-2025T12:08:01 - [TEST_STEP][PASSED] - if (a == 82): null

16-05-2025T12:08:01 - [TEST_STEP][PASSED] - b = findTestData("PlanFact").getValue(1, a): null

16-05-2025T12:08:01 - [TEST_STEP][PASSED] - i = b.indexOf(" (ГК)"): null

16-05-2025T12:08:01 - [TEST_STEP][PASSED] - if (i > -1): null

16-05-2025T12:08:01 - [TEST_STEP][PASSED] - i = b.indexOf("О ""): null

16-05-2025T12:08:01 - [TEST_STEP][PASSED] - if (i > -1): null

16-05-2025T12:08:01 - [TEST_STEP][PASSED] - b = b.substring(i + 3, b.length()): null

16-05-2025T12:08:01 - [TEST_STEP][PASSED] - i = b.indexOf("""): null

16-05-2025T12:08:01 - [TEST_STEP][PASSED] - b = b.substring(0, i): null

16-05-2025T12:08:01 - [TEST_STEP][PASSED] - i = b.indexOf("О «"): null

16-05-2025T12:08:01 - [TEST_STEP][PASSED] - if (i > -1): null

16-05-2025T12:08:01 - [TEST_STEP][PASSED] - i = b.indexOf("г. "): null

16-05-2025T12:08:01 - [TEST_STEP][PASSED] - if (i > -1): null

16-05-2025T12:08:01 - [TEST_STEP][PASSED] - b = b.trim(): null

16-05-2025T12:08:01 - [TEST_STEP][PASSED] - println(b): null

16-05-2025T12:08:01 - [TEST_STEP][PASSED] - for ([planFact = 1, planFact < 3, (planFact++)]): null

16-05-2025T12:08:01 - [TEST_STEP][PASSED] - if (planFact == 1): null

16-05-2025T12:08:01 - [TEST_STEP][PASSED] - typeOfDataMain = "Факт": null

16-05-2025T12:08:01 - [TEST_STEP][PASSED] - otpusk = findTestData("PlanFact").getValue(5, a): null

16-05-2025T12:08:01 - [TEST_STEP][PASSED] - poteri = findTestData("PlanFact").getValue(6, a): null

16-05-2025T12:08:01 - [TEST_STEP][PASSED] - otpusk = otpusk.replaceAll("\s+", ""): null

16-05-2025T12:08:01 - [TEST_STEP][PASSED] - poteri = poteri.replaceAll("\s+", ""): null

16-05-2025T12:08:01 - [TEST_STEP][PASSED] - typeOfData = typeOfDataMain + " Отпуск в сеть": null

16-05-2025T12:08:01 - [TEST_STEP][PASSED] - if (a == 82): null

16-05-2025T12:08:01 - [TEST_STEP][PASSED] - else if (a == 84): null

16-05-2025T12:08:01 - [TEST_STEP][PASSED] - else if (a == 83 || a == 52 || a == 72 || a == 28 || a == 73 || a == 77 || a == 74 || a == 65 || a == 36 || a == 44 || a == 53 || a == 80 || a == 54 || a == 1 || a == 18 || a == 59 || a == 81): null

16-05-2025T12:08:01 - [TEST_STEP][PASSED] - else: null

16-05-2025T12:08:01 - [TEST_STEP][PASSED] - path = dataFolder + typeOfData + " за отчётный период " + b: null

16-05-2025T12:08:01 - [TEST_STEP][PASSED] - println(path): null

16-05-2025T12:08:01 - [TEST_STEP][PASSED] - page = getText(findTestObject(path)): Text of object 'Object Repository/Выполнение бизнес-плана/Значения со страницы Выполнение бизнес-плана/Факт Отпуск в сеть за отчётный период ВМЭС' is: '204 505'

16-05-2025T12:08:01 - [MESSAGE][PASSED] - Text of object 'Object Repository/Выполнение бизнес-плана/Значения со страницы Выполнение бизнес-плана/Факт Отпуск в сеть за отчётный период ВМЭС' is: '204 505'

16-05-2025T12:08:01 - [TEST_STEP][PASSED] - if (page == "" || page == null): null

16-05-2025T12:08:01 - [TEST_STEP][PASSED] - else: null

16-05-2025T12:08:01 - [TEST_STEP][PASSED] - page = page.replaceAll("\s+", ""): null

16-05-2025T12:08:01 - [TEST_STEP][PASSED] - if (page == "undefined"): null

16-05-2025T12:08:01 - [TEST_STEP][PASSED] - fileOtpuskVSet = otpusk.toInteger(): null

16-05-2025T12:08:01 - [TEST_STEP][PASSED] - pageOtpuskVSet = page.toInteger(): null

16-05-2025T12:08:01 - [TEST_STEP][PASSED] - typeOfData = typeOfDataMain + " Потери": null

16-05-2025T12:08:01 - [TEST_STEP][PASSED] - if (a == 82): null

16-05-2025T12:08:01 - [TEST_STEP][PASSED] - else if (a == 84): null

16-05-2025T12:08:01 - [TEST_STEP][PASSED] - else if (a == 83 || a == 52 || a == 72 || a == 28 || a == 73 || a == 77 || a == 74 || a == 65 || a == 36 || a == 44 || a == 53 || a == 80 || a == 54 || a == 1 || a == 18 || a == 59 || a == 81): null

16-05-2025T12:08:01 - [TEST_STEP][PASSED] - else: null

16-05-2025T12:08:01 - [TEST_STEP][PASSED] - path = dataFolder + typeOfData + " за отчётный период " + b: null

16-05-2025T12:08:01 - [TEST_STEP][PASSED] - page = getText(findTestObject(path)): Text of object 'Object Repository/Выполнение бизнес-плана/Значения со страницы Выполнение бизнес-плана/Факт Потери за отчётный период ВМЭС' is: '27 093'

16-05-2025T12:08:01 - [MESSAGE][PASSED] - Text of object 'Object Repository/Выполнение бизнес-плана/Значения со страницы Выполнение бизнес-плана/Факт Потери за отчётный период ВМЭС' is: '27 093'

16-05-2025T12:08:01 - [TEST_STEP][PASSED] - if (page == "" || page == null): null

16-05-2025T12:08:01 - [TEST_STEP][PASSED] - else: null

16-05-2025T12:08:01 - [TEST_STEP][PASSED] - page = page.replaceAll("\s+", ""): null

16-05-2025T12:08:01 - [TEST_STEP][PASSED] - if (page == "undefined"): null

16-05-2025T12:08:01 - [TEST_STEP][PASSED] - filePoteri = poteri.toInteger(): null

16-05-2025T12:08:01 - [TEST_STEP][PASSED] - pagePoteri = page.toInteger(): null

16-05-2025T12:08:01 - [TEST_STEP][PASSED] - compare = pageOtpuskVSet: null

16-05-2025T12:08:01 - [TEST_STEP][PASSED] - if (pageOtpuskVSet != null): null

16-05-2025T12:08:01 - [TEST_STEP][PASSED] - if (compare == fileOtpuskVSet): null

16-05-2025T12:08:01 - [TEST_STEP][PASSED] - else if (compare > fileOtpuskVSet): null

16-05-2025T12:08:01 - [TEST_STEP][PASSED] - else if (compare < fileOtpuskVSet): null

16-05-2025T12:08:01 - [TEST_STEP][PASSED] - compare = compare + 1: null

16-05-2025T12:08:01 - [TEST_STEP][PASSED] - if (compare == fileOtpuskVSet): null

16-05-2025T12:08:01 - [TEST_STEP][PASSED] - else: null

16-05-2025T12:08:01 - [TEST_STEP][PASSED] - numberOfErrors = numberOfErrors + 1: null

16-05-2025T12:08:01 - [TEST_STEP][PASSED] - pageInt = pageOtpuskVSet: null

16-05-2025T12:08:01 - [TEST_STEP][PASSED] - fileInt = fileOtpuskVSet: null

16-05-2025T12:08:01 - [TEST_STEP][PASSED] - typeOfData = typeOfDataMain + " Отпуск в сеть": null

16-05-2025T12:08:01 - [TEST_STEP][PASSED] - Script1718980020443.WriteToExcel(a, typeOfData, todaysDate, pageInt, fileInt, pageDouble, fileDouble, dZO): null

16-05-2025T12:08:01 - [TEST_STEP][PASSED] - sheetName = "Sheet1": null

16-05-2025T12:08:01 - [TEST_STEP][PASSED] - data = findTestData("PlanFact"): null

16-05-2025T12:08:01 - [TEST_STEP][PASSED] - n = data.getRowNumbers() + 1: null

16-05-2025T12:08:01 - [TEST_STEP][PASSED] - day = ")).toInteger(): null

16-05-2025T12:08:01 - [TEST_STEP][PASSED] - println(day): null

16-05-2025T12:08:01 - [TEST_STEP][PASSED] - month = ")).toInteger(): null

16-05-2025T12:08:01 - [TEST_STEP][PASSED] - println(month): null

16-05-2025T12:08:01 - [TEST_STEP][PASSED] - y = <not implemented yet for class: org.codehaus.groovy.ast.expr.EmptyExpression>: null

16-05-2025T12:08:01 - [TEST_STEP][PASSED] - iy = <not implemented yet for class: org.codehaus.groovy.ast.expr.EmptyExpression>: null

16-05-2025T12:08:01 - [TEST_STEP][PASSED] - m = getText(findTestObject("Выполнение бизнес-плана/Период")): Text of object 'Object Repository/Выполнение бизнес-плана/Период' is: '1 кв. 2025 года'

16-05-2025T12:08:02 - [MESSAGE][PASSED] - Text of object 'Object Repository/Выполнение бизнес-плана/Период' is: '1 кв. 2025 года'

16-05-2025T12:08:02 - [TEST_STEP][PASSED] - iy = m.indexOf("20"): null

16-05-2025T12:08:02 - [TEST_STEP][PASSED] - if (iy > -1): null

16-05-2025T12:08:02 - [TEST_STEP][PASSED] - y = substring(iy, iy + 4).toInteger(): null

16-05-2025T12:08:02 - [TEST_STEP][PASSED] - println(y): null

16-05-2025T12:08:02 - [TEST_STEP][PASSED] - if (toString().length() == 4): null

16-05-2025T12:08:02 - [TEST_STEP][PASSED] - m = m.substring(0, m.indexOf(y.toString())): null

16-05-2025T12:08:02 - [TEST_STEP][PASSED] - m = m.trim(): null

16-05-2025T12:08:02 - [TEST_STEP][PASSED] - if (m == ""): null

16-05-2025T12:08:02 - [TEST_STEP][PASSED] - dashboardName = "Выполнение бизнес-плана": null

16-05-2025T12:08:02 - [TEST_STEP][PASSED] - workbook01 = getWorkbook(excelFilePath): null

16-05-2025T12:08:02 - [TEST_STEP][PASSED] - sheet01 = getExcelSheet(workbook01, sheetName): null

16-05-2025T12:08:02 - [TEST_STEP][PASSED] - setValueToCellByIndex(sheet01, n, 0, dashboardName): null

16-05-2025T12:08:02 - [TEST_STEP][PASSED] - setValueToCellByIndex(sheet01, n, 1, dZO): null

16-05-2025T12:08:02 - [TEST_STEP][PASSED] - setValueToCellByIndex(sheet01, n, 2, typeOfData): null

16-05-2025T12:08:02 - [TEST_STEP][PASSED] - if (typeOfData == "Факт в процентах" || typeOfData == "План в процентах"): null

16-05-2025T12:08:02 - [TEST_STEP][PASSED] - else: null

16-05-2025T12:08:02 - [TEST_STEP][PASSED] - setValueToCellByIndex(sheet01, n, 3, fileInt): null

16-05-2025T12:08:02 - [TEST_STEP][PASSED] - setValueToCellByIndex(sheet01, n, 4, pageInt): null

16-05-2025T12:08:02 - [TEST_STEP][PASSED] - setValueToCellByIndex(sheet01, n, 5, m): null

16-05-2025T12:08:02 - [TEST_STEP][PASSED] - setValueToCellByIndex(sheet01, n, 6, y): null

16-05-2025T12:08:02 - [TEST_STEP][PASSED] - setValueToCellByIndex(sheet01, n, 7, todaysDate): null

16-05-2025T12:08:02 - [TEST_STEP][PASSED] - n = n + 1: null

16-05-2025T12:08:02 - [TEST_STEP][PASSED] - saveWorkbook(excelFilePath, workbook01): null

16-05-2025T12:08:02 - [TEST_STEP][PASSED] - compare = pagePoteri: null

16-05-2025T12:08:02 - [TEST_STEP][PASSED] - if (pageOtpuskVSet != null): null

16-05-2025T12:08:02 - [TEST_STEP][PASSED] - if (compare == filePoteri): null

16-05-2025T12:08:02 - [TEST_STEP][PASSED] - else if (compare > filePoteri): null

16-05-2025T12:08:02 - [TEST_STEP][PASSED] - else if (compare < filePoteri): null

16-05-2025T12:08:02 - [TEST_STEP][PASSED] - compare = compare + 1: null

16-05-2025T12:08:02 - [TEST_STEP][PASSED] - if (compare == filePoteri): null

16-05-2025T12:08:02 - [TEST_STEP][PASSED] - else: null

16-05-2025T12:08:02 - [TEST_STEP][PASSED] - numberOfErrors = numberOfErrors + 1: null

16-05-2025T12:08:02 - [TEST_STEP][PASSED] - pageInt = pagePoteri: null

16-05-2025T12:08:02 - [TEST_STEP][PASSED] - fileInt = filePoteri: null

16-05-2025T12:08:02 - [TEST_STEP][PASSED] - typeOfData = typeOfDataMain + " Потери": null

16-05-2025T12:08:02 - [TEST_STEP][PASSED] - Script1718980020443.WriteToExcel(a, typeOfData, todaysDate, pageInt, fileInt, pageDouble, fileDouble, dZO): null

16-05-2025T12:08:02 - [TEST_STEP][PASSED] - sheetName = "Sheet1": null

16-05-2025T12:08:02 - [TEST_STEP][PASSED] - data = findTestData("PlanFact"): null

16-05-2025T12:08:02 - [TEST_STEP][PASSED] - n = data.getRowNumbers() + 1: null

16-05-2025T12:08:02 - [TEST_STEP][PASSED] - day = ")).toInteger(): null

16-05-2025T12:08:02 - [TEST_STEP][PASSED] - println(day): null

16-05-2025T12:08:02 - [TEST_STEP][PASSED] - month = ")).toInteger(): null

16-05-2025T12:08:02 - [TEST_STEP][PASSED] - println(month): null

16-05-2025T12:08:02 - [TEST_STEP][PASSED] - y = <not implemented yet for class: org.codehaus.groovy.ast.expr.EmptyExpression>: null

16-05-2025T12:08:02 - [TEST_STEP][PASSED] - iy = <not implemented yet for class: org.codehaus.groovy.ast.expr.EmptyExpression>: null

16-05-2025T12:08:02 - [TEST_STEP][PASSED] - m = getText(findTestObject("Выполнение бизнес-плана/Период")): Text of object 'Object Repository/Выполнение бизнес-плана/Период' is: '1 кв. 2025 года'

16-05-2025T12:08:02 - [MESSAGE][PASSED] - Text of object 'Object Repository/Выполнение бизнес-плана/Период' is: '1 кв. 2025 года'

16-05-2025T12:08:02 - [TEST_STEP][PASSED] - iy = m.indexOf("20"): null

16-05-2025T12:08:02 - [TEST_STEP][PASSED] - if (iy > -1): null

16-05-2025T12:08:02 - [TEST_STEP][PASSED] - y = substring(iy, iy + 4).toInteger(): null

16-05-2025T12:08:02 - [TEST_STEP][PASSED] - println(y): null

16-05-2025T12:08:02 - [TEST_STEP][PASSED] - if (toString().length() == 4): null

16-05-2025T12:08:02 - [TEST_STEP][PASSED] - m = m.substring(0, m.indexOf(y.toString())): null

16-05-2025T12:08:02 - [TEST_STEP][PASSED] - m = m.trim(): null

16-05-2025T12:08:02 - [TEST_STEP][PASSED] - if (m == ""): null

16-05-2025T12:08:02 - [TEST_STEP][PASSED] - dashboardName = "Выполнение бизнес-плана": null

16-05-2025T12:08:02 - [TEST_STEP][PASSED] - workbook01 = getWorkbook(excelFilePath): null

16-05-2025T12:08:02 - [TEST_STEP][PASSED] - sheet01 = getExcelSheet(workbook01, sheetName): null

16-05-2025T12:08:02 - [TEST_STEP][PASSED] - setValueToCellByIndex(sheet01, n, 0, dashboardName): null

16-05-2025T12:08:02 - [TEST_STEP][PASSED] - setValueToCellByIndex(sheet01, n, 1, dZO): null

16-05-2025T12:08:02 - [TEST_STEP][PASSED] - setValueToCellByIndex(sheet01, n, 2, typeOfData): null

16-05-2025T12:08:02 - [TEST_STEP][PASSED] - if (typeOfData == "Факт в процентах" || typeOfData == "План в процентах"): null

16-05-2025T12:08:02 - [TEST_STEP][PASSED] - else: null

16-05-2025T12:08:02 - [TEST_STEP][PASSED] - setValueToCellByIndex(sheet01, n, 3, fileInt): null

16-05-2025T12:08:02 - [TEST_STEP][PASSED] - setValueToCellByIndex(sheet01, n, 4, pageInt): null

16-05-2025T12:08:02 - [TEST_STEP][PASSED] - setValueToCellByIndex(sheet01, n, 5, m): null

16-05-2025T12:08:02 - [TEST_STEP][PASSED] - setValueToCellByIndex(sheet01, n, 6, y): null

16-05-2025T12:08:02 - [TEST_STEP][PASSED] - setValueToCellByIndex(sheet01, n, 7, todaysDate): null

16-05-2025T12:08:02 - [TEST_STEP][PASSED] - n = n + 1: null

16-05-2025T12:08:02 - [TEST_STEP][PASSED] - saveWorkbook(excelFilePath, workbook01): null

16-05-2025T12:08:03 - [TEST_STEP][PASSED] - if (planFact == 2): null

16-05-2025T12:08:03 - [TEST_STEP][PASSED] - if (planFact == 1): null

16-05-2025T12:08:03 - [TEST_STEP][PASSED] - else if (planFact == 2): null

16-05-2025T12:08:03 - [TEST_STEP][PASSED] - click(findTestObject("Выполнение бизнес-плана/Кнопка План")): Object: 'Object Repository/Выполнение бизнес-плана/Кнопка План' is clicked on

16-05-2025T12:08:03 - [MESSAGE][PASSED] - Object: 'Object Repository/Выполнение бизнес-плана/Кнопка План' is clicked on

16-05-2025T12:08:03 - [TEST_STEP][PASSED] - typeOfDataMain = "План": null

16-05-2025T12:08:03 - [TEST_STEP][PASSED] - otpusk = findTestData("PlanFact").getValue(2, a): null

16-05-2025T12:08:03 - [TEST_STEP][PASSED] - poteri = findTestData("PlanFact").getValue(3, a): null

16-05-2025T12:08:03 - [TEST_STEP][PASSED] - otpusk = otpusk.replaceAll("\s+", ""): null

16-05-2025T12:08:03 - [TEST_STEP][PASSED] - poteri = poteri.replaceAll("\s+", ""): null

16-05-2025T12:08:03 - [TEST_STEP][PASSED] - typeOfData = typeOfDataMain + " Отпуск в сеть": null

16-05-2025T12:08:03 - [TEST_STEP][PASSED] - if (a == 82): null

16-05-2025T12:08:03 - [TEST_STEP][PASSED] - else if (a == 84): null

16-05-2025T12:08:03 - [TEST_STEP][PASSED] - else if (a == 83 || a == 52 || a == 72 || a == 28 || a == 73 || a == 77 || a == 74 || a == 65 || a == 36 || a == 44 || a == 53 || a == 80 || a == 54 || a == 1 || a == 18 || a == 59 || a == 81): null

16-05-2025T12:08:03 - [TEST_STEP][PASSED] - else: null

16-05-2025T12:08:03 - [TEST_STEP][PASSED] - path = dataFolder + typeOfData + " за отчётный период " + b: null

16-05-2025T12:08:03 - [TEST_STEP][PASSED] - println(path): null

16-05-2025T12:08:03 - [TEST_STEP][PASSED] - page = getText(findTestObject(path)): Text of object 'Object Repository/Выполнение бизнес-плана/Значения со страницы Выполнение бизнес-плана/План Отпуск в сеть за отчётный период ВМЭС' is: '222 588'

16-05-2025T12:08:03 - [MESSAGE][PASSED] - Text of object 'Object Repository/Выполнение бизнес-плана/Значения со страницы Выполнение бизнес-плана/План Отпуск в сеть за отчётный период ВМЭС' is: '222 588'

16-05-2025T12:08:03 - [TEST_STEP][PASSED] - if (page == "" || page == null): null

16-05-2025T12:08:03 - [TEST_STEP][PASSED] - else: null

16-05-2025T12:08:03 - [TEST_STEP][PASSED] - page = page.replaceAll("\s+", ""): null

16-05-2025T12:08:03 - [TEST_STEP][PASSED] - if (page == "undefined"): null

16-05-2025T12:08:03 - [TEST_STEP][PASSED] - fileOtpuskVSet = otpusk.toInteger(): null

16-05-2025T12:08:03 - [TEST_STEP][PASSED] - pageOtpuskVSet = page.toInteger(): null

16-05-2025T12:08:03 - [TEST_STEP][PASSED] - typeOfData = typeOfDataMain + " Потери": null

16-05-2025T12:08:03 - [TEST_STEP][PASSED] - if (a == 82): null

16-05-2025T12:08:03 - [TEST_STEP][PASSED] - else if (a == 84): null

16-05-2025T12:08:03 - [TEST_STEP][PASSED] - else if (a == 83 || a == 52 || a == 72 || a == 28 || a == 73 || a == 77 || a == 74 || a == 65 || a == 36 || a == 44 || a == 53 || a == 80 || a == 54 || a == 1 || a == 18 || a == 59 || a == 81): null

16-05-2025T12:08:03 - [TEST_STEP][PASSED] - else: null

16-05-2025T12:08:03 - [TEST_STEP][PASSED] - path = dataFolder + typeOfData + " за отчётный период " + b: null

16-05-2025T12:08:03 - [TEST_STEP][PASSED] - page = getText(findTestObject(path)): Text of object 'Object Repository/Выполнение бизнес-плана/Значения со страницы Выполнение бизнес-плана/План Потери за отчётный период ВМЭС' is: '38 831'

16-05-2025T12:08:04 - [MESSAGE][PASSED] - Text of object 'Object Repository/Выполнение бизнес-плана/Значения со страницы Выполнение бизнес-плана/План Потери за отчётный период ВМЭС' is: '38 831'

16-05-2025T12:08:04 - [TEST_STEP][PASSED] - if (page == "" || page == null): null

16-05-2025T12:08:04 - [TEST_STEP][PASSED] - else: null

16-05-2025T12:08:04 - [TEST_STEP][PASSED] - page = page.replaceAll("\s+", ""): null

16-05-2025T12:08:04 - [TEST_STEP][PASSED] - if (page == "undefined"): null

16-05-2025T12:08:04 - [TEST_STEP][PASSED] - filePoteri = poteri.toInteger(): null

16-05-2025T12:08:04 - [TEST_STEP][PASSED] - pagePoteri = page.toInteger(): null

16-05-2025T12:08:04 - [TEST_STEP][PASSED] - compare = pageOtpuskVSet: null

16-05-2025T12:08:04 - [TEST_STEP][PASSED] - if (pageOtpuskVSet != null): null

16-05-2025T12:08:04 - [TEST_STEP][PASSED] - if (compare == fileOtpuskVSet): null

16-05-2025T12:08:04 - [TEST_STEP][PASSED] - else if (compare > fileOtpuskVSet): null

16-05-2025T12:08:04 - [TEST_STEP][PASSED] - else if (compare < fileOtpuskVSet): null

16-05-2025T12:08:04 - [TEST_STEP][PASSED] - compare = compare + 1: null

16-05-2025T12:08:04 - [TEST_STEP][PASSED] - if (compare == fileOtpuskVSet): null

16-05-2025T12:08:04 - [TEST_STEP][PASSED] - else: null

16-05-2025T12:08:04 - [TEST_STEP][PASSED] - numberOfErrors = numberOfErrors + 1: null

16-05-2025T12:08:04 - [TEST_STEP][PASSED] - pageInt = pageOtpuskVSet: null

16-05-2025T12:08:04 - [TEST_STEP][PASSED] - fileInt = fileOtpuskVSet: null

16-05-2025T12:08:04 - [TEST_STEP][PASSED] - typeOfData = typeOfDataMain + " Отпуск в сеть": null

16-05-2025T12:08:04 - [TEST_STEP][PASSED] - Script1718980020443.WriteToExcel(a, typeOfData, todaysDate, pageInt, fileInt, pageDouble, fileDouble, dZO): null

16-05-2025T12:08:04 - [TEST_STEP][PASSED] - sheetName = "Sheet1": null

16-05-2025T12:08:04 - [TEST_STEP][PASSED] - data = findTestData("PlanFact"): null

16-05-2025T12:08:04 - [TEST_STEP][PASSED] - n = data.getRowNumbers() + 1: null

16-05-2025T12:08:04 - [TEST_STEP][PASSED] - day = ")).toInteger(): null

16-05-2025T12:08:04 - [TEST_STEP][PASSED] - println(day): null

16-05-2025T12:08:04 - [TEST_STEP][PASSED] - month = ")).toInteger(): null

16-05-2025T12:08:04 - [TEST_STEP][PASSED] - println(month): null

16-05-2025T12:08:04 - [TEST_STEP][PASSED] - y = <not implemented yet for class: org.codehaus.groovy.ast.expr.EmptyExpression>: null

16-05-2025T12:08:04 - [TEST_STEP][PASSED] - iy = <not implemented yet for class: org.codehaus.groovy.ast.expr.EmptyExpression>: null

16-05-2025T12:08:04 - [TEST_STEP][PASSED] - m = getText(findTestObject("Выполнение бизнес-плана/Период")): Text of object 'Object Repository/Выполнение бизнес-плана/Период' is: '1 кв. 2025 года'

16-05-2025T12:08:04 - [MESSAGE][PASSED] - Text of object 'Object Repository/Выполнение бизнес-плана/Период' is: '1 кв. 2025 года'

16-05-2025T12:08:04 - [TEST_STEP][PASSED] - iy = m.indexOf("20"): null

16-05-2025T12:08:04 - [TEST_STEP][PASSED] - if (iy > -1): null

16-05-2025T12:08:04 - [TEST_STEP][PASSED] - y = substring(iy, iy + 4).toInteger(): null

16-05-2025T12:08:04 - [TEST_STEP][PASSED] - println(y): null

16-05-2025T12:08:04 - [TEST_STEP][PASSED] - if (toString().length() == 4): null

16-05-2025T12:08:04 - [TEST_STEP][PASSED] - m = m.substring(0, m.indexOf(y.toString())): null

16-05-2025T12:08:04 - [TEST_STEP][PASSED] - m = m.trim(): null

16-05-2025T12:08:04 - [TEST_STEP][PASSED] - if (m == ""): null

16-05-2025T12:08:04 - [TEST_STEP][PASSED] - dashboardName = "Выполнение бизнес-плана": null

16-05-2025T12:08:04 - [TEST_STEP][PASSED] - workbook01 = getWorkbook(excelFilePath): null

16-05-2025T12:08:04 - [TEST_STEP][PASSED] - sheet01 = getExcelSheet(workbook01, sheetName): null

16-05-2025T12:08:04 - [TEST_STEP][PASSED] - setValueToCellByIndex(sheet01, n, 0, dashboardName): null

16-05-2025T12:08:04 - [TEST_STEP][PASSED] - setValueToCellByIndex(sheet01, n, 1, dZO): null

16-05-2025T12:08:04 - [TEST_STEP][PASSED] - setValueToCellByIndex(sheet01, n, 2, typeOfData): null

16-05-2025T12:08:04 - [TEST_STEP][PASSED] - if (typeOfData == "Факт в процентах" || typeOfData == "План в процентах"): null

16-05-2025T12:08:04 - [TEST_STEP][PASSED] - else: null

16-05-2025T12:08:04 - [TEST_STEP][PASSED] - setValueToCellByIndex(sheet01, n, 3, fileInt): null

16-05-2025T12:08:04 - [TEST_STEP][PASSED] - setValueToCellByIndex(sheet01, n, 4, pageInt): null

16-05-2025T12:08:04 - [TEST_STEP][PASSED] - setValueToCellByIndex(sheet01, n, 5, m): null

16-05-2025T12:08:04 - [TEST_STEP][PASSED] - setValueToCellByIndex(sheet01, n, 6, y): null

16-05-2025T12:08:04 - [TEST_STEP][PASSED] - setValueToCellByIndex(sheet01, n, 7, todaysDate): null

16-05-2025T12:08:04 - [TEST_STEP][PASSED] - n = n + 1: null

16-05-2025T12:08:04 - [TEST_STEP][PASSED] - saveWorkbook(excelFilePath, workbook01): null

16-05-2025T12:08:04 - [TEST_STEP][PASSED] - compare = pagePoteri: null

16-05-2025T12:08:04 - [TEST_STEP][PASSED] - if (pageOtpuskVSet != null): null

16-05-2025T12:08:04 - [TEST_STEP][PASSED] - if (compare == filePoteri): null

16-05-2025T12:08:04 - [TEST_STEP][PASSED] - else if (compare > filePoteri): null

16-05-2025T12:08:04 - [TEST_STEP][PASSED] - else if (compare < filePoteri): null

16-05-2025T12:08:04 - [TEST_STEP][PASSED] - compare = compare + 1: null

16-05-2025T12:08:04 - [TEST_STEP][PASSED] - if (compare == filePoteri): null

16-05-2025T12:08:04 - [TEST_STEP][PASSED] - else: null

16-05-2025T12:08:04 - [TEST_STEP][PASSED] - numberOfErrors = numberOfErrors + 1: null

16-05-2025T12:08:04 - [TEST_STEP][PASSED] - pageInt = pagePoteri: null

16-05-2025T12:08:04 - [TEST_STEP][PASSED] - fileInt = filePoteri: null

16-05-2025T12:08:04 - [TEST_STEP][PASSED] - typeOfData = typeOfDataMain + " Потери": null

16-05-2025T12:08:04 - [TEST_STEP][PASSED] - Script1718980020443.WriteToExcel(a, typeOfData, todaysDate, pageInt, fileInt, pageDouble, fileDouble, dZO): null

16-05-2025T12:08:04 - [TEST_STEP][PASSED] - sheetName = "Sheet1": null

16-05-2025T12:08:04 - [TEST_STEP][PASSED] - data = findTestData("PlanFact"): null

16-05-2025T12:08:05 - [TEST_STEP][PASSED] - n = data.getRowNumbers() + 1: null

16-05-2025T12:08:05 - [TEST_STEP][PASSED] - day = ")).toInteger(): null

16-05-2025T12:08:05 - [TEST_STEP][PASSED] - println(day): null

16-05-2025T12:08:05 - [TEST_STEP][PASSED] - month = ")).toInteger(): null

16-05-2025T12:08:05 - [TEST_STEP][PASSED] - println(month): null

16-05-2025T12:08:05 - [TEST_STEP][PASSED] - y = <not implemented yet for class: org.codehaus.groovy.ast.expr.EmptyExpression>: null

16-05-2025T12:08:05 - [TEST_STEP][PASSED] - iy = <not implemented yet for class: org.codehaus.groovy.ast.expr.EmptyExpression>: null

16-05-2025T12:08:05 - [TEST_STEP][PASSED] - m = getText(findTestObject("Выполнение бизнес-плана/Период")): Text of object 'Object Repository/Выполнение бизнес-плана/Период' is: '1 кв. 2025 года'

16-05-2025T12:08:05 - [MESSAGE][PASSED] - Text of object 'Object Repository/Выполнение бизнес-плана/Период' is: '1 кв. 2025 года'

16-05-2025T12:08:05 - [TEST_STEP][PASSED] - iy = m.indexOf("20"): null

16-05-2025T12:08:05 - [TEST_STEP][PASSED] - if (iy > -1): null

16-05-2025T12:08:05 - [TEST_STEP][PASSED] - y = substring(iy, iy + 4).toInteger(): null

16-05-2025T12:08:05 - [TEST_STEP][PASSED] - println(y): null

16-05-2025T12:08:05 - [TEST_STEP][PASSED] - if (toString().length() == 4): null

16-05-2025T12:08:05 - [TEST_STEP][PASSED] - m = m.substring(0, m.indexOf(y.toString())): null

16-05-2025T12:08:05 - [TEST_STEP][PASSED] - m = m.trim(): null

16-05-2025T12:08:05 - [TEST_STEP][PASSED] - if (m == ""): null

16-05-2025T12:08:05 - [TEST_STEP][PASSED] - dashboardName = "Выполнение бизнес-плана": null

16-05-2025T12:08:05 - [TEST_STEP][PASSED] - workbook01 = getWorkbook(excelFilePath): null

16-05-2025T12:08:05 - [TEST_STEP][PASSED] - sheet01 = getExcelSheet(workbook01, sheetName): null

16-05-2025T12:08:05 - [TEST_STEP][PASSED] - setValueToCellByIndex(sheet01, n, 0, dashboardName): null

16-05-2025T12:08:05 - [TEST_STEP][PASSED] - setValueToCellByIndex(sheet01, n, 1, dZO): null

16-05-2025T12:08:05 - [TEST_STEP][PASSED] - setValueToCellByIndex(sheet01, n, 2, typeOfData): null

16-05-2025T12:08:05 - [TEST_STEP][PASSED] - if (typeOfData == "Факт в процентах" || typeOfData == "План в процентах"): null

16-05-2025T12:08:05 - [TEST_STEP][PASSED] - else: null

16-05-2025T12:08:05 - [TEST_STEP][PASSED] - setValueToCellByIndex(sheet01, n, 3, fileInt): null

16-05-2025T12:08:05 - [TEST_STEP][PASSED] - setValueToCellByIndex(sheet01, n, 4, pageInt): null

16-05-2025T12:08:05 - [TEST_STEP][PASSED] - setValueToCellByIndex(sheet01, n, 5, m): null

16-05-2025T12:08:05 - [TEST_STEP][PASSED] - setValueToCellByIndex(sheet01, n, 6, y): null

16-05-2025T12:08:05 - [TEST_STEP][PASSED] - setValueToCellByIndex(sheet01, n, 7, todaysDate): null

16-05-2025T12:08:05 - [TEST_STEP][PASSED] - n = n + 1: null

16-05-2025T12:08:05 - [TEST_STEP][PASSED] - saveWorkbook(excelFilePath, workbook01): Object: 'Object Repository/Выполнение бизнес-плана/Кнопка Факт' is clicked on

16-05-2025T12:08:05 - [TEST_STEP][PASSED] - if (planFact == 2): Object: 'Object Repository/Выполнение бизнес-плана/Кнопка Факт' is clicked on

16-05-2025T12:08:05 - [TEST_STEP][PASSED] - click(findTestObject("Выполнение бизнес-плана/Кнопка Факт")): Object: 'Object Repository/Выполнение бизнес-плана/Кнопка Факт' is clicked on

16-05-2025T12:08:05 - [MESSAGE][PASSED] - Object: 'Object Repository/Выполнение бизнес-плана/Кнопка Факт' is clicked on

16-05-2025T12:08:05 - [TEST_STEP][PASSED] - println("a=" + a): null

16-05-2025T12:08:05 - [TEST_STEP][PASSED] - if (a == 84 || a == 82): null

16-05-2025T12:08:05 - [TEST_STEP][PASSED] - else if (a == 83 || a == 52 || a == 72 || a == 28 || a == 73 || a == 77 || a == 74 || a == 65 || a == 36 || a == 44 || a == 53 || a == 80 || a == 54 || a == 1 || a == 18 || a == 59 || a == 81): null

16-05-2025T12:08:05 - [TEST_STEP][PASSED] - else: null

16-05-2025T12:08:05 - [TEST_STEP][PASSED] - page1 = getText(findTestObject("Object Repository/Выполнение бизнес-плана/spanPlan" + filialNum)): Text of object 'Object Repository/Выполнение бизнес-плана/spanPlan1' is: '17.45
|'

16-05-2025T12:08:06 - [MESSAGE][PASSED] - Text of object 'Object Repository/Выполнение бизнес-плана/spanPlan1' is: '17.45
|'

16-05-2025T12:08:06 - [TEST_STEP][PASSED] - page1 = page1.replace("|", ""): null

16-05-2025T12:08:06 - [TEST_STEP][PASSED] - page2 = getText(findTestObject("Object Repository/Выполнение бизнес-плана/spanFact" + filialNum)): Text of object 'Object Repository/Выполнение бизнес-плана/spanFact1' is: '13.25
|'

16-05-2025T12:08:06 - [MESSAGE][PASSED] - Text of object 'Object Repository/Выполнение бизнес-плана/spanFact1' is: '13.25
|'

16-05-2025T12:08:06 - [TEST_STEP][PASSED] - page2 = page2.replace("|", ""): null

16-05-2025T12:08:06 - [TEST_STEP][PASSED] - println("page1: " + page1): null

16-05-2025T12:08:06 - [TEST_STEP][PASSED] - println("page2: " + page2): null

16-05-2025T12:08:06 - [TEST_STEP][PASSED] - file = findTestData("PlanFact").getValue(4, a): null

16-05-2025T12:08:06 - [TEST_STEP][PASSED] - file = file.replace(",", "."): null

16-05-2025T12:08:06 - [TEST_STEP][PASSED] - println("file Plan: " + file): null

16-05-2025T12:08:06 - [TEST_STEP][PASSED] - typeOfData = "План в процентах": null

16-05-2025T12:08:06 - [TEST_STEP][PASSED] - fileDouble = file.toDouble(): null

16-05-2025T12:08:06 - [TEST_STEP][PASSED] - pageDouble = page1.toDouble(): null

16-05-2025T12:08:06 - [TEST_STEP][PASSED] - if (fileDouble != pageDouble): null

16-05-2025T12:08:06 - [TEST_STEP][PASSED] - numberOfErrors = numberOfErrors + 1: null

16-05-2025T12:08:06 - [TEST_STEP][PASSED] - Script1718980020443.WriteToExcel(a, typeOfData, todaysDate, pageInt, fileInt, pageDouble, fileDouble, dZO): null

16-05-2025T12:08:06 - [TEST_STEP][PASSED] - sheetName = "Sheet1": null

16-05-2025T12:08:06 - [TEST_STEP][PASSED] - data = findTestData("PlanFact"): null

16-05-2025T12:08:06 - [TEST_STEP][PASSED] - n = data.getRowNumbers() + 1: null

16-05-2025T12:08:06 - [TEST_STEP][PASSED] - day = ")).toInteger(): null

16-05-2025T12:08:06 - [TEST_STEP][PASSED] - println(day): null

16-05-2025T12:08:06 - [TEST_STEP][PASSED] - month = ")).toInteger(): null

16-05-2025T12:08:06 - [TEST_STEP][PASSED] - println(month): null

16-05-2025T12:08:06 - [TEST_STEP][PASSED] - y = <not implemented yet for class: org.codehaus.groovy.ast.expr.EmptyExpression>: null

16-05-2025T12:08:06 - [TEST_STEP][PASSED] - iy = <not implemented yet for class: org.codehaus.groovy.ast.expr.EmptyExpression>: null

16-05-2025T12:08:06 - [TEST_STEP][PASSED] - m = getText(findTestObject("Выполнение бизнес-плана/Период")): Text of object 'Object Repository/Выполнение бизнес-плана/Период' is: '1 кв. 2025 года'

16-05-2025T12:08:06 - [MESSAGE][PASSED] - Text of object 'Object Repository/Выполнение бизнес-плана/Период' is: '1 кв. 2025 года'

16-05-2025T12:08:06 - [TEST_STEP][PASSED] - iy = m.indexOf("20"): null

16-05-2025T12:08:06 - [TEST_STEP][PASSED] - if (iy > -1): null

16-05-2025T12:08:06 - [TEST_STEP][PASSED] - y = substring(iy, iy + 4).toInteger(): null

16-05-2025T12:08:06 - [TEST_STEP][PASSED] - println(y): null

16-05-2025T12:08:06 - [TEST_STEP][PASSED] - if (toString().length() == 4): null

16-05-2025T12:08:06 - [TEST_STEP][PASSED] - m = m.substring(0, m.indexOf(y.toString())): null

16-05-2025T12:08:06 - [TEST_STEP][PASSED] - m = m.trim(): null

16-05-2025T12:08:06 - [TEST_STEP][PASSED] - if (m == ""): null

16-05-2025T12:08:06 - [TEST_STEP][PASSED] - dashboardName = "Выполнение бизнес-плана": null

16-05-2025T12:08:06 - [TEST_STEP][PASSED] - workbook01 = getWorkbook(excelFilePath): null

16-05-2025T12:08:06 - [TEST_STEP][PASSED] - sheet01 = getExcelSheet(workbook01, sheetName): null

16-05-2025T12:08:06 - [TEST_STEP][PASSED] - setValueToCellByIndex(sheet01, n, 0, dashboardName): null

16-05-2025T12:08:06 - [TEST_STEP][PASSED] - setValueToCellByIndex(sheet01, n, 1, dZO): null

16-05-2025T12:08:06 - [TEST_STEP][PASSED] - setValueToCellByIndex(sheet01, n, 2, typeOfData): null

16-05-2025T12:08:06 - [TEST_STEP][PASSED] - if (typeOfData == "Факт в процентах" || typeOfData == "План в процентах"): null

16-05-2025T12:08:06 - [TEST_STEP][PASSED] - setValueToCellByIndex(sheet01, n, 3, fileDouble): null

16-05-2025T12:08:06 - [TEST_STEP][PASSED] - setValueToCellByIndex(sheet01, n, 4, pageDouble): null

16-05-2025T12:08:06 - [TEST_STEP][PASSED] - setValueToCellByIndex(sheet01, n, 5, m): null

16-05-2025T12:08:06 - [TEST_STEP][PASSED] - setValueToCellByIndex(sheet01, n, 6, y): null

16-05-2025T12:08:06 - [TEST_STEP][PASSED] - setValueToCellByIndex(sheet01, n, 7, todaysDate): null

16-05-2025T12:08:06 - [TEST_STEP][PASSED] - n = n + 1: null

16-05-2025T12:08:06 - [TEST_STEP][PASSED] - saveWorkbook(excelFilePath, workbook01): null

16-05-2025T12:08:07 - [TEST_STEP][PASSED] - file = findTestData("PlanFact").getValue(7, a): null

16-05-2025T12:08:07 - [TEST_STEP][PASSED] - file = file.replace(",", "."): null

16-05-2025T12:08:07 - [TEST_STEP][PASSED] - println("file Fact: " + file): null

16-05-2025T12:08:07 - [TEST_STEP][PASSED] - fileDouble = file.toDouble(): null

16-05-2025T12:08:07 - [TEST_STEP][PASSED] - typeOfData = "Факт в процентах": null

16-05-2025T12:08:07 - [TEST_STEP][PASSED] - fileDouble = file.toDouble(): null

16-05-2025T12:08:07 - [TEST_STEP][PASSED] - pageDouble = page2.toDouble(): null

16-05-2025T12:08:07 - [TEST_STEP][PASSED] - if (fileDouble != pageDouble): null

16-05-2025T12:08:07 - [TEST_STEP][PASSED] - numberOfErrors = numberOfErrors + 1: null

16-05-2025T12:08:07 - [TEST_STEP][PASSED] - Script1718980020443.WriteToExcel(a, typeOfData, todaysDate, pageInt, fileInt, pageDouble, fileDouble, dZO): null

16-05-2025T12:08:07 - [TEST_STEP][PASSED] - sheetName = "Sheet1": null

16-05-2025T12:08:07 - [TEST_STEP][PASSED] - data = findTestData("PlanFact"): null

16-05-2025T12:08:07 - [TEST_STEP][PASSED] - n = data.getRowNumbers() + 1: null

16-05-2025T12:08:07 - [TEST_STEP][PASSED] - day = ")).toInteger(): null

16-05-2025T12:08:07 - [TEST_STEP][PASSED] - println(day): null

16-05-2025T12:08:07 - [TEST_STEP][PASSED] - month = ")).toInteger(): null

16-05-2025T12:08:07 - [TEST_STEP][PASSED] - println(month): null

16-05-2025T12:08:07 - [TEST_STEP][PASSED] - y = <not implemented yet for class: org.codehaus.groovy.ast.expr.EmptyExpression>: null

16-05-2025T12:08:07 - [TEST_STEP][PASSED] - iy = <not implemented yet for class: org.codehaus.groovy.ast.expr.EmptyExpression>: null

16-05-2025T12:08:07 - [TEST_STEP][PASSED] - m = getText(findTestObject("Выполнение бизнес-плана/Период")): Text of object 'Object Repository/Выполнение бизнес-плана/Период' is: '1 кв. 2025 года'

16-05-2025T12:08:07 - [MESSAGE][PASSED] - Text of object 'Object Repository/Выполнение бизнес-плана/Период' is: '1 кв. 2025 года'

16-05-2025T12:08:07 - [TEST_STEP][PASSED] - iy = m.indexOf("20"): null

16-05-2025T12:08:07 - [TEST_STEP][PASSED] - if (iy > -1): null

16-05-2025T12:08:07 - [TEST_STEP][PASSED] - y = substring(iy, iy + 4).toInteger(): null

16-05-2025T12:08:07 - [TEST_STEP][PASSED] - println(y): null

16-05-2025T12:08:07 - [TEST_STEP][PASSED] - if (toString().length() == 4): null

16-05-2025T12:08:07 - [TEST_STEP][PASSED] - m = m.substring(0, m.indexOf(y.toString())): null

16-05-2025T12:08:07 - [TEST_STEP][PASSED] - m = m.trim(): null

16-05-2025T12:08:07 - [TEST_STEP][PASSED] - if (m == ""): null

16-05-2025T12:08:07 - [TEST_STEP][PASSED] - dashboardName = "Выполнение бизнес-плана": null

16-05-2025T12:08:07 - [TEST_STEP][PASSED] - workbook01 = getWorkbook(excelFilePath): null

16-05-2025T12:08:07 - [TEST_STEP][PASSED] - sheet01 = getExcelSheet(workbook01, sheetName): null

16-05-2025T12:08:07 - [TEST_STEP][PASSED] - setValueToCellByIndex(sheet01, n, 0, dashboardName): null

16-05-2025T12:08:07 - [TEST_STEP][PASSED] - setValueToCellByIndex(sheet01, n, 1, dZO): null

16-05-2025T12:08:07 - [TEST_STEP][PASSED] - setValueToCellByIndex(sheet01, n, 2, typeOfData): null

16-05-2025T12:08:07 - [TEST_STEP][PASSED] - if (typeOfData == "Факт в процентах" || typeOfData == "План в процентах"): null

16-05-2025T12:08:07 - [TEST_STEP][PASSED] - setValueToCellByIndex(sheet01, n, 3, fileDouble): null

16-05-2025T12:08:07 - [TEST_STEP][PASSED] - setValueToCellByIndex(sheet01, n, 4, pageDouble): null

16-05-2025T12:08:07 - [TEST_STEP][PASSED] - setValueToCellByIndex(sheet01, n, 5, m): null

16-05-2025T12:08:07 - [TEST_STEP][PASSED] - setValueToCellByIndex(sheet01, n, 6, y): null

16-05-2025T12:08:07 - [TEST_STEP][PASSED] - setValueToCellByIndex(sheet01, n, 7, todaysDate): null

16-05-2025T12:08:07 - [TEST_STEP][PASSED] - n = n + 1: null

16-05-2025T12:08:07 - [TEST_STEP][PASSED] - saveWorkbook(excelFilePath, workbook01): null

16-05-2025T12:08:07 - [TEST_STEP][FAILED] - if (verifyEqual(numberOfErrors, 0) == false): null

16-05-2025T12:08:07 - [MESSAGE][FAILED] - Unable to verify equal between actual object '6' and expected object '0' (Root cause: com.kms.katalon.core.exception.StepFailedException: Actual object '6' and expected object '0' are not equal
	at com.kms.katalon.core.keyword.builtin.VerifyEqualKeyword$_verifyEqual_closure1.doCall(VerifyEqualKeyword.groovy:58)
	at com.kms.katalon.core.keyword.builtin.VerifyEqualKeyword$_verifyEqual_closure1.call(VerifyEqualKeyword.groovy)
	at com.kms.katalon.core.keyword.internal.KeywordMain.runKeyword(KeywordMain.groovy:75)
	at com.kms.katalon.core.keyword.builtin.VerifyEqualKeyword.verifyEqual(VerifyEqualKeyword.groovy:63)
	at com.kms.katalon.core.keyword.builtin.VerifyEqualKeyword.execute(VerifyEqualKeyword.groovy:44)
	at com.kms.katalon.core.keyword.internal.KeywordExecutor.executeKeywordForPlatform(KeywordExecutor.groovy:74)
	at com.kms.katalon.core.keyword.BuiltinKeywords.verifyEqual(BuiltinKeywords.groovy:146)
	at jdk.internal.reflect.GeneratedMethodAccessor24.invoke(Unknown Source)
	at java.base/jdk.internal.reflect.DelegatingMethodAccessorImpl.invoke(DelegatingMethodAccessorImpl.java:43)
	at Выполнение бизнес-плана Сверка ПАО Россети все филиалы.Numbers(Выполнение бизнес-плана Сверка ПАО Россети все филиалы:740)
	at Выполнение бизнес-плана Сверка ПАО Россети все филиалы.Filials(Выполнение бизнес-плана Сверка ПАО Россети все филиалы:1713)
	at Выполнение бизнес-плана Сверка ПАО Россети все филиалы.Numbers(Выполнение бизнес-плана Сверка ПАО Россети все филиалы:747)
	at Выполнение бизнес-плана Сверка ПАО Россети все филиалы.run(Выполнение бизнес-плана Сверка ПАО Россети все филиалы:395)
	at com.kms.katalon.core.main.ScriptEngine.run(ScriptEngine.java:194)
	at com.kms.katalon.core.main.ScriptEngine.runScriptAsRawText(ScriptEngine.java:119)
	at com.kms.katalon.core.main.TestCaseExecutor.runScript(TestCaseExecutor.java:448)
	at com.kms.katalon.core.main.TestCaseExecutor.doExecute(TestCaseExecutor.java:439)
	at com.kms.katalon.core.main.TestCaseExecutor.processExecutionPhase(TestCaseExecutor.java:418)
	at com.kms.katalon.core.main.TestCaseExecutor.accessMainPhase(TestCaseExecutor.java:410)
	at com.kms.katalon.core.main.TestCaseExecutor.execute(TestCaseExecutor.java:285)
	at com.kms.katalon.core.common.CommonExecutor.accessTestCaseMainPhase(CommonExecutor.java:65)
	at com.kms.katalon.core.main.TestSuiteExecutor.accessTestSuiteMainPhase(TestSuiteExecutor.java:150)
	at com.kms.katalon.core.main.TestSuiteExecutor.execute(TestSuiteExecutor.java:106)
	at com.kms.katalon.core.main.TestCaseMain.startTestSuite(TestCaseMain.java:180)
	at TempTestSuite1747369435659.run(TempTestSuite1747369435659.groovy:35)
	at java.base/jdk.internal.reflect.NativeMethodAccessorImpl.invoke0(Native Method)
	at java.base/jdk.internal.reflect.NativeMethodAccessorImpl.invoke(NativeMethodAccessorImpl.java:77)
	at java.base/jdk.internal.reflect.DelegatingMethodAccessorImpl.invoke(DelegatingMethodAccessorImpl.java:43)
)

16-05-2025T12:08:07 - [TEST_STEP][PASSED] - println(numberOfErrors): null

16-05-2025T12:08:07 - [TEST_STEP][PASSED] - println("a=" + a): null

16-05-2025T12:08:08 - [TEST_STEP][PASSED] - if (a == 28 || a == 77 || a == 74 || a == 65 || a == 36 || a == 44 || a == 54 || a == 1 || a == 18 || a == 59): null

16-05-2025T12:08:08 - [TEST_STEP][PASSED] - if (a == 82): null

16-05-2025T12:08:08 - [TEST_STEP][PASSED] - dZO = "Астраханьэнерго": null

16-05-2025T12:08:08 - [TEST_STEP][PASSED] - a = 60: null

16-05-2025T12:08:08 - [TEST_STEP][PASSED] - if (x2.contains(dZO)): null

16-05-2025T12:08:08 - [TEST_STEP][PASSED] - filialNum = filialNum + 1: null

16-05-2025T12:08:08 - [TEST_STEP][PASSED] - Script1718980020443.Numbers(a, typeOfData, todaysDate, pageInt, fileInt, pageDouble, fileDouble, dZO, dzoNum, filialNum): null

16-05-2025T12:08:08 - [TEST_STEP][PASSED] - println(dzoNum): null

16-05-2025T12:08:08 - [TEST_STEP][PASSED] - planFact = <not implemented yet for class: org.codehaus.groovy.ast.expr.EmptyExpression>: null

16-05-2025T12:08:08 - [TEST_STEP][PASSED] - page = <not implemented yet for class: org.codehaus.groovy.ast.expr.EmptyExpression>: null

16-05-2025T12:08:08 - [TEST_STEP][PASSED] - page1 = <not implemented yet for class: org.codehaus.groovy.ast.expr.EmptyExpression>: null

16-05-2025T12:08:08 - [TEST_STEP][PASSED] - page2 = <not implemented yet for class: org.codehaus.groovy.ast.expr.EmptyExpression>: null

16-05-2025T12:08:08 - [TEST_STEP][PASSED] - filialNumberInRow = <not implemented yet for class: org.codehaus.groovy.ast.expr.EmptyExpression>: null

16-05-2025T12:08:08 - [TEST_STEP][PASSED] - filialsDzoNames = <not implemented yet for class: org.codehaus.groovy.ast.expr.EmptyExpression>: null

16-05-2025T12:08:08 - [TEST_STEP][PASSED] - numberOfFilials = <not implemented yet for class: org.codehaus.groovy.ast.expr.EmptyExpression>: null

16-05-2025T12:08:08 - [TEST_STEP][PASSED] - numberOfSpaces = <not implemented yet for class: org.codehaus.groovy.ast.expr.EmptyExpression>: null

16-05-2025T12:08:08 - [TEST_STEP][PASSED] - file = <not implemented yet for class: org.codehaus.groovy.ast.expr.EmptyExpression>: null

16-05-2025T12:08:08 - [TEST_STEP][PASSED] - otpusk = <not implemented yet for class: org.codehaus.groovy.ast.expr.EmptyExpression>: null

16-05-2025T12:08:08 - [TEST_STEP][PASSED] - poteri = <not implemented yet for class: org.codehaus.groovy.ast.expr.EmptyExpression>: null

16-05-2025T12:08:08 - [TEST_STEP][PASSED] - dataFolder = "Выполнение бизнес-плана/Значения со страницы Выполнение бизнес-плана/": null

16-05-2025T12:08:08 - [TEST_STEP][PASSED] - path = <not implemented yet for class: org.codehaus.groovy.ast.expr.EmptyExpression>: null

16-05-2025T12:08:08 - [TEST_STEP][PASSED] - typeOfDataMain = <not implemented yet for class: org.codehaus.groovy.ast.expr.EmptyExpression>: null

16-05-2025T12:08:08 - [TEST_STEP][PASSED] - fileOtpuskVSet = <not implemented yet for class: org.codehaus.groovy.ast.expr.EmptyExpression>: null

16-05-2025T12:08:08 - [TEST_STEP][PASSED] - pageOtpuskVSet = <not implemented yet for class: org.codehaus.groovy.ast.expr.EmptyExpression>: null

16-05-2025T12:08:08 - [TEST_STEP][PASSED] - filePoteri = <not implemented yet for class: org.codehaus.groovy.ast.expr.EmptyExpression>: null

16-05-2025T12:08:08 - [TEST_STEP][PASSED] - pagePoteri = <not implemented yet for class: org.codehaus.groovy.ast.expr.EmptyExpression>: null

16-05-2025T12:08:08 - [TEST_STEP][PASSED] - compare = <not implemented yet for class: org.codehaus.groovy.ast.expr.EmptyExpression>: null

16-05-2025T12:08:08 - [TEST_STEP][PASSED] - b = <not implemented yet for class: org.codehaus.groovy.ast.expr.EmptyExpression>: null

16-05-2025T12:08:08 - [TEST_STEP][PASSED] - i = <not implemented yet for class: org.codehaus.groovy.ast.expr.EmptyExpression>: null

16-05-2025T12:08:08 - [TEST_STEP][PASSED] - ii = <not implemented yet for class: org.codehaus.groovy.ast.expr.EmptyExpression>: null

16-05-2025T12:08:08 - [TEST_STEP][PASSED] - c = <not implemented yet for class: org.codehaus.groovy.ast.expr.EmptyExpression>: null

16-05-2025T12:08:08 - [TEST_STEP][PASSED] - numberOfErrors = 0: null

16-05-2025T12:08:08 - [TEST_STEP][PASSED] - if (a == 82): null

16-05-2025T12:08:08 - [TEST_STEP][PASSED] - b = findTestData("PlanFact").getValue(1, a): null

16-05-2025T12:08:08 - [TEST_STEP][PASSED] - i = b.indexOf(" (ГК)"): null

16-05-2025T12:08:08 - [TEST_STEP][PASSED] - if (i > -1): null

16-05-2025T12:08:08 - [TEST_STEP][PASSED] - i = b.indexOf("О ""): null

16-05-2025T12:08:08 - [TEST_STEP][PASSED] - if (i > -1): null

16-05-2025T12:08:08 - [TEST_STEP][PASSED] - i = b.indexOf("О «"): null

16-05-2025T12:08:08 - [TEST_STEP][PASSED] - if (i > -1): null

16-05-2025T12:08:08 - [TEST_STEP][PASSED] - i = b.indexOf("г. "): null

16-05-2025T12:08:08 - [TEST_STEP][PASSED] - if (i > -1): null

16-05-2025T12:08:08 - [TEST_STEP][PASSED] - b = b.trim(): null

16-05-2025T12:08:08 - [TEST_STEP][PASSED] - println(b): null

16-05-2025T12:08:08 - [TEST_STEP][PASSED] - for ([planFact = 1, planFact < 3, (planFact++)]): null

16-05-2025T12:08:08 - [TEST_STEP][PASSED] - if (planFact == 1): null

16-05-2025T12:08:08 - [TEST_STEP][PASSED] - typeOfDataMain = "Факт": null

16-05-2025T12:08:08 - [TEST_STEP][PASSED] - otpusk = findTestData("PlanFact").getValue(5, a): null

16-05-2025T12:08:08 - [TEST_STEP][PASSED] - poteri = findTestData("PlanFact").getValue(6, a): null

16-05-2025T12:08:08 - [TEST_STEP][PASSED] - otpusk = otpusk.replaceAll("\s+", ""): null

16-05-2025T12:08:08 - [TEST_STEP][PASSED] - poteri = poteri.replaceAll("\s+", ""): null

16-05-2025T12:08:08 - [TEST_STEP][PASSED] - typeOfData = typeOfDataMain + " Отпуск в сеть": null

16-05-2025T12:08:08 - [TEST_STEP][PASSED] - if (a == 82): null

16-05-2025T12:08:08 - [TEST_STEP][PASSED] - else if (a == 84): null

16-05-2025T12:08:08 - [TEST_STEP][PASSED] - else if (a == 83 || a == 52 || a == 72 || a == 28 || a == 73 || a == 77 || a == 74 || a == 65 || a == 36 || a == 44 || a == 53 || a == 80 || a == 54 || a == 1 || a == 18 || a == 59 || a == 81): null

16-05-2025T12:08:08 - [TEST_STEP][PASSED] - else: null

16-05-2025T12:08:08 - [TEST_STEP][PASSED] - path = dataFolder + typeOfData + " за отчётный период " + b: null

16-05-2025T12:08:08 - [TEST_STEP][PASSED] - println(path): null

16-05-2025T12:08:08 - [TEST_STEP][PASSED] - page = getText(findTestObject(path)): Text of object 'Object Repository/Выполнение бизнес-плана/Значения со страницы Выполнение бизнес-плана/Факт Отпуск в сеть за отчётный период Астраханьэнерго' is: '312 576'

16-05-2025T12:08:08 - [MESSAGE][PASSED] - Text of object 'Object Repository/Выполнение бизнес-плана/Значения со страницы Выполнение бизнес-плана/Факт Отпуск в сеть за отчётный период Астраханьэнерго' is: '312 576'

16-05-2025T12:08:08 - [TEST_STEP][PASSED] - if (page == "" || page == null): null

16-05-2025T12:08:08 - [TEST_STEP][PASSED] - else: null

16-05-2025T12:08:08 - [TEST_STEP][PASSED] - page = page.replaceAll("\s+", ""): null

16-05-2025T12:08:08 - [TEST_STEP][PASSED] - if (page == "undefined"): null

16-05-2025T12:08:08 - [TEST_STEP][PASSED] - fileOtpuskVSet = otpusk.toInteger(): null

16-05-2025T12:08:08 - [TEST_STEP][PASSED] - pageOtpuskVSet = page.toInteger(): null

16-05-2025T12:08:08 - [TEST_STEP][PASSED] - typeOfData = typeOfDataMain + " Потери": null

16-05-2025T12:08:08 - [TEST_STEP][PASSED] - if (a == 82): null

16-05-2025T12:08:08 - [TEST_STEP][PASSED] - else if (a == 84): null

16-05-2025T12:08:08 - [TEST_STEP][PASSED] - else if (a == 83 || a == 52 || a == 72 || a == 28 || a == 73 || a == 77 || a == 74 || a == 65 || a == 36 || a == 44 || a == 53 || a == 80 || a == 54 || a == 1 || a == 18 || a == 59 || a == 81): null

16-05-2025T12:08:08 - [TEST_STEP][PASSED] - else: null

16-05-2025T12:08:08 - [TEST_STEP][PASSED] - path = dataFolder + typeOfData + " за отчётный период " + b: null

16-05-2025T12:08:08 - [TEST_STEP][PASSED] - page = getText(findTestObject(path)): Text of object 'Object Repository/Выполнение бизнес-плана/Значения со страницы Выполнение бизнес-плана/Факт Потери за отчётный период Астраханьэнерго' is: '55 661'

16-05-2025T12:08:08 - [MESSAGE][PASSED] - Text of object 'Object Repository/Выполнение бизнес-плана/Значения со страницы Выполнение бизнес-плана/Факт Потери за отчётный период Астраханьэнерго' is: '55 661'

16-05-2025T12:08:08 - [TEST_STEP][PASSED] - if (page == "" || page == null): null

16-05-2025T12:08:08 - [TEST_STEP][PASSED] - else: null

16-05-2025T12:08:08 - [TEST_STEP][PASSED] - page = page.replaceAll("\s+", ""): null

16-05-2025T12:08:08 - [TEST_STEP][PASSED] - if (page == "undefined"): null

16-05-2025T12:08:08 - [TEST_STEP][PASSED] - filePoteri = poteri.toInteger(): null

16-05-2025T12:08:08 - [TEST_STEP][PASSED] - pagePoteri = page.toInteger(): null

16-05-2025T12:08:08 - [TEST_STEP][PASSED] - compare = pageOtpuskVSet: null

16-05-2025T12:08:08 - [TEST_STEP][PASSED] - if (pageOtpuskVSet != null): null

16-05-2025T12:08:08 - [TEST_STEP][PASSED] - if (compare == fileOtpuskVSet): null

16-05-2025T12:08:08 - [TEST_STEP][PASSED] - else if (compare > fileOtpuskVSet): null

16-05-2025T12:08:08 - [TEST_STEP][PASSED] - else if (compare < fileOtpuskVSet): null

16-05-2025T12:08:08 - [TEST_STEP][PASSED] - compare = compare + 1: null

16-05-2025T12:08:08 - [TEST_STEP][PASSED] - if (compare == fileOtpuskVSet): null

16-05-2025T12:08:08 - [TEST_STEP][PASSED] - else: null

16-05-2025T12:08:08 - [TEST_STEP][PASSED] - numberOfErrors = numberOfErrors + 1: null

16-05-2025T12:08:08 - [TEST_STEP][PASSED] - pageInt = pageOtpuskVSet: null

16-05-2025T12:08:08 - [TEST_STEP][PASSED] - fileInt = fileOtpuskVSet: null

16-05-2025T12:08:08 - [TEST_STEP][PASSED] - typeOfData = typeOfDataMain + " Отпуск в сеть": null

16-05-2025T12:08:08 - [TEST_STEP][PASSED] - Script1718980020443.WriteToExcel(a, typeOfData, todaysDate, pageInt, fileInt, pageDouble, fileDouble, dZO): null

16-05-2025T12:08:08 - [TEST_STEP][PASSED] - sheetName = "Sheet1": null

16-05-2025T12:08:08 - [TEST_STEP][PASSED] - data = findTestData("PlanFact"): null

16-05-2025T12:08:08 - [TEST_STEP][PASSED] - n = data.getRowNumbers() + 1: null

16-05-2025T12:08:08 - [TEST_STEP][PASSED] - day = ")).toInteger(): null

16-05-2025T12:08:08 - [TEST_STEP][PASSED] - println(day): null

16-05-2025T12:08:08 - [TEST_STEP][PASSED] - month = ")).toInteger(): null

16-05-2025T12:08:08 - [TEST_STEP][PASSED] - println(month): null

16-05-2025T12:08:08 - [TEST_STEP][PASSED] - y = <not implemented yet for class: org.codehaus.groovy.ast.expr.EmptyExpression>: null

16-05-2025T12:08:08 - [TEST_STEP][PASSED] - iy = <not implemented yet for class: org.codehaus.groovy.ast.expr.EmptyExpression>: null

16-05-2025T12:08:08 - [TEST_STEP][PASSED] - m = getText(findTestObject("Выполнение бизнес-плана/Период")): Text of object 'Object Repository/Выполнение бизнес-плана/Период' is: '1 кв. 2025 года'

16-05-2025T12:08:09 - [MESSAGE][PASSED] - Text of object 'Object Repository/Выполнение бизнес-плана/Период' is: '1 кв. 2025 года'

16-05-2025T12:08:09 - [TEST_STEP][PASSED] - iy = m.indexOf("20"): null

16-05-2025T12:08:09 - [TEST_STEP][PASSED] - if (iy > -1): null

16-05-2025T12:08:09 - [TEST_STEP][PASSED] - y = substring(iy, iy + 4).toInteger(): null

16-05-2025T12:08:09 - [TEST_STEP][PASSED] - println(y): null

16-05-2025T12:08:09 - [TEST_STEP][PASSED] - if (toString().length() == 4): null

16-05-2025T12:08:09 - [TEST_STEP][PASSED] - m = m.substring(0, m.indexOf(y.toString())): null

16-05-2025T12:08:09 - [TEST_STEP][PASSED] - m = m.trim(): null

16-05-2025T12:08:09 - [TEST_STEP][PASSED] - if (m == ""): null

16-05-2025T12:08:09 - [TEST_STEP][PASSED] - dashboardName = "Выполнение бизнес-плана": null

16-05-2025T12:08:09 - [TEST_STEP][PASSED] - workbook01 = getWorkbook(excelFilePath): null

16-05-2025T12:08:09 - [TEST_STEP][PASSED] - sheet01 = getExcelSheet(workbook01, sheetName): null

16-05-2025T12:08:09 - [TEST_STEP][PASSED] - setValueToCellByIndex(sheet01, n, 0, dashboardName): null

16-05-2025T12:08:09 - [TEST_STEP][PASSED] - setValueToCellByIndex(sheet01, n, 1, dZO): null

16-05-2025T12:08:09 - [TEST_STEP][PASSED] - setValueToCellByIndex(sheet01, n, 2, typeOfData): null

16-05-2025T12:08:09 - [TEST_STEP][PASSED] - if (typeOfData == "Факт в процентах" || typeOfData == "План в процентах"): null

16-05-2025T12:08:09 - [TEST_STEP][PASSED] - else: null

16-05-2025T12:08:09 - [TEST_STEP][PASSED] - setValueToCellByIndex(sheet01, n, 3, fileInt): null

16-05-2025T12:08:09 - [TEST_STEP][PASSED] - setValueToCellByIndex(sheet01, n, 4, pageInt): null

16-05-2025T12:08:09 - [TEST_STEP][PASSED] - setValueToCellByIndex(sheet01, n, 5, m): null

16-05-2025T12:08:09 - [TEST_STEP][PASSED] - setValueToCellByIndex(sheet01, n, 6, y): null

16-05-2025T12:08:09 - [TEST_STEP][PASSED] - setValueToCellByIndex(sheet01, n, 7, todaysDate): null

16-05-2025T12:08:09 - [TEST_STEP][PASSED] - n = n + 1: null

16-05-2025T12:08:09 - [TEST_STEP][PASSED] - saveWorkbook(excelFilePath, workbook01): null

16-05-2025T12:08:09 - [TEST_STEP][PASSED] - compare = pagePoteri: null

16-05-2025T12:08:09 - [TEST_STEP][PASSED] - if (pageOtpuskVSet != null): null

16-05-2025T12:08:09 - [TEST_STEP][PASSED] - if (compare == filePoteri): null

16-05-2025T12:08:09 - [TEST_STEP][PASSED] - else if (compare > filePoteri): null

16-05-2025T12:08:09 - [TEST_STEP][PASSED] - else if (compare < filePoteri): null

16-05-2025T12:08:09 - [TEST_STEP][PASSED] - compare = compare + 1: null

16-05-2025T12:08:09 - [TEST_STEP][PASSED] - if (compare == filePoteri): null

16-05-2025T12:08:09 - [TEST_STEP][PASSED] - else: null

16-05-2025T12:08:09 - [TEST_STEP][PASSED] - numberOfErrors = numberOfErrors + 1: null

16-05-2025T12:08:09 - [TEST_STEP][PASSED] - pageInt = pagePoteri: null

16-05-2025T12:08:09 - [TEST_STEP][PASSED] - fileInt = filePoteri: null

16-05-2025T12:08:09 - [TEST_STEP][PASSED] - typeOfData = typeOfDataMain + " Потери": null

16-05-2025T12:08:09 - [TEST_STEP][PASSED] - Script1718980020443.WriteToExcel(a, typeOfData, todaysDate, pageInt, fileInt, pageDouble, fileDouble, dZO): null

16-05-2025T12:08:09 - [TEST_STEP][PASSED] - sheetName = "Sheet1": null

16-05-2025T12:08:09 - [TEST_STEP][PASSED] - data = findTestData("PlanFact"): null

16-05-2025T12:08:09 - [TEST_STEP][PASSED] - n = data.getRowNumbers() + 1: null

16-05-2025T12:08:09 - [TEST_STEP][PASSED] - day = ")).toInteger(): null

16-05-2025T12:08:09 - [TEST_STEP][PASSED] - println(day): null

16-05-2025T12:08:09 - [TEST_STEP][PASSED] - month = ")).toInteger(): null

16-05-2025T12:08:09 - [TEST_STEP][PASSED] - println(month): null

16-05-2025T12:08:09 - [TEST_STEP][PASSED] - y = <not implemented yet for class: org.codehaus.groovy.ast.expr.EmptyExpression>: null

16-05-2025T12:08:09 - [TEST_STEP][PASSED] - iy = <not implemented yet for class: org.codehaus.groovy.ast.expr.EmptyExpression>: null

16-05-2025T12:08:09 - [TEST_STEP][PASSED] - m = getText(findTestObject("Выполнение бизнес-плана/Период")): Text of object 'Object Repository/Выполнение бизнес-плана/Период' is: '1 кв. 2025 года'

16-05-2025T12:08:09 - [MESSAGE][PASSED] - Text of object 'Object Repository/Выполнение бизнес-плана/Период' is: '1 кв. 2025 года'

16-05-2025T12:08:09 - [TEST_STEP][PASSED] - iy = m.indexOf("20"): null

16-05-2025T12:08:09 - [TEST_STEP][PASSED] - if (iy > -1): null

16-05-2025T12:08:09 - [TEST_STEP][PASSED] - y = substring(iy, iy + 4).toInteger(): null

16-05-2025T12:08:09 - [TEST_STEP][PASSED] - println(y): null

16-05-2025T12:08:09 - [TEST_STEP][PASSED] - if (toString().length() == 4): null

16-05-2025T12:08:09 - [TEST_STEP][PASSED] - m = m.substring(0, m.indexOf(y.toString())): null

16-05-2025T12:08:09 - [TEST_STEP][PASSED] - m = m.trim(): null

16-05-2025T12:08:09 - [TEST_STEP][PASSED] - if (m == ""): null

16-05-2025T12:08:09 - [TEST_STEP][PASSED] - dashboardName = "Выполнение бизнес-плана": null

16-05-2025T12:08:09 - [TEST_STEP][PASSED] - workbook01 = getWorkbook(excelFilePath): null

16-05-2025T12:08:09 - [TEST_STEP][PASSED] - sheet01 = getExcelSheet(workbook01, sheetName): null

16-05-2025T12:08:09 - [TEST_STEP][PASSED] - setValueToCellByIndex(sheet01, n, 0, dashboardName): null

16-05-2025T12:08:09 - [TEST_STEP][PASSED] - setValueToCellByIndex(sheet01, n, 1, dZO): null

16-05-2025T12:08:09 - [TEST_STEP][PASSED] - setValueToCellByIndex(sheet01, n, 2, typeOfData): null

16-05-2025T12:08:09 - [TEST_STEP][PASSED] - if (typeOfData == "Факт в процентах" || typeOfData == "План в процентах"): null

16-05-2025T12:08:09 - [TEST_STEP][PASSED] - else: null

16-05-2025T12:08:09 - [TEST_STEP][PASSED] - setValueToCellByIndex(sheet01, n, 3, fileInt): null

16-05-2025T12:08:09 - [TEST_STEP][PASSED] - setValueToCellByIndex(sheet01, n, 4, pageInt): null

16-05-2025T12:08:09 - [TEST_STEP][PASSED] - setValueToCellByIndex(sheet01, n, 5, m): null

16-05-2025T12:08:09 - [TEST_STEP][PASSED] - setValueToCellByIndex(sheet01, n, 6, y): null

16-05-2025T12:08:09 - [TEST_STEP][PASSED] - setValueToCellByIndex(sheet01, n, 7, todaysDate): null

16-05-2025T12:08:09 - [TEST_STEP][PASSED] - n = n + 1: null

16-05-2025T12:08:09 - [TEST_STEP][PASSED] - saveWorkbook(excelFilePath, workbook01): null

16-05-2025T12:08:10 - [TEST_STEP][PASSED] - if (planFact == 2): null

16-05-2025T12:08:10 - [TEST_STEP][PASSED] - if (planFact == 1): null

16-05-2025T12:08:10 - [TEST_STEP][PASSED] - else if (planFact == 2): null

16-05-2025T12:08:10 - [TEST_STEP][PASSED] - click(findTestObject("Выполнение бизнес-плана/Кнопка План")): Object: 'Object Repository/Выполнение бизнес-плана/Кнопка План' is clicked on

16-05-2025T12:08:10 - [MESSAGE][PASSED] - Object: 'Object Repository/Выполнение бизнес-плана/Кнопка План' is clicked on

16-05-2025T12:08:10 - [TEST_STEP][PASSED] - typeOfDataMain = "План": null

16-05-2025T12:08:10 - [TEST_STEP][PASSED] - otpusk = findTestData("PlanFact").getValue(2, a): null

16-05-2025T12:08:10 - [TEST_STEP][PASSED] - poteri = findTestData("PlanFact").getValue(3, a): null

16-05-2025T12:08:10 - [TEST_STEP][PASSED] - otpusk = otpusk.replaceAll("\s+", ""): null

16-05-2025T12:08:10 - [TEST_STEP][PASSED] - poteri = poteri.replaceAll("\s+", ""): null

16-05-2025T12:08:10 - [TEST_STEP][PASSED] - typeOfData = typeOfDataMain + " Отпуск в сеть": null

16-05-2025T12:08:10 - [TEST_STEP][PASSED] - if (a == 82): null

16-05-2025T12:08:10 - [TEST_STEP][PASSED] - else if (a == 84): null

16-05-2025T12:08:10 - [TEST_STEP][PASSED] - else if (a == 83 || a == 52 || a == 72 || a == 28 || a == 73 || a == 77 || a == 74 || a == 65 || a == 36 || a == 44 || a == 53 || a == 80 || a == 54 || a == 1 || a == 18 || a == 59 || a == 81): null

16-05-2025T12:08:10 - [TEST_STEP][PASSED] - else: null

16-05-2025T12:08:10 - [TEST_STEP][PASSED] - path = dataFolder + typeOfData + " за отчётный период " + b: null

16-05-2025T12:08:10 - [TEST_STEP][PASSED] - println(path): null

16-05-2025T12:08:10 - [TEST_STEP][PASSED] - page = getText(findTestObject(path)): Text of object 'Object Repository/Выполнение бизнес-плана/Значения со страницы Выполнение бизнес-плана/План Отпуск в сеть за отчётный период Астраханьэнерго' is: '326 394'

16-05-2025T12:08:10 - [MESSAGE][PASSED] - Text of object 'Object Repository/Выполнение бизнес-плана/Значения со страницы Выполнение бизнес-плана/План Отпуск в сеть за отчётный период Астраханьэнерго' is: '326 394'

16-05-2025T12:08:10 - [TEST_STEP][PASSED] - if (page == "" || page == null): null

16-05-2025T12:08:10 - [TEST_STEP][PASSED] - else: null

16-05-2025T12:08:10 - [TEST_STEP][PASSED] - page = page.replaceAll("\s+", ""): null

16-05-2025T12:08:10 - [TEST_STEP][PASSED] - if (page == "undefined"): null

16-05-2025T12:08:10 - [TEST_STEP][PASSED] - fileOtpuskVSet = otpusk.toInteger(): null

16-05-2025T12:08:10 - [TEST_STEP][PASSED] - pageOtpuskVSet = page.toInteger(): null

16-05-2025T12:08:10 - [TEST_STEP][PASSED] - typeOfData = typeOfDataMain + " Потери": null

16-05-2025T12:08:10 - [TEST_STEP][PASSED] - if (a == 82): null

16-05-2025T12:08:10 - [TEST_STEP][PASSED] - else if (a == 84): null

16-05-2025T12:08:10 - [TEST_STEP][PASSED] - else if (a == 83 || a == 52 || a == 72 || a == 28 || a == 73 || a == 77 || a == 74 || a == 65 || a == 36 || a == 44 || a == 53 || a == 80 || a == 54 || a == 1 || a == 18 || a == 59 || a == 81): null

16-05-2025T12:08:10 - [TEST_STEP][PASSED] - else: null

16-05-2025T12:08:10 - [TEST_STEP][PASSED] - path = dataFolder + typeOfData + " за отчётный период " + b: null

16-05-2025T12:08:10 - [TEST_STEP][PASSED] - page = getText(findTestObject(path)): Text of object 'Object Repository/Выполнение бизнес-плана/Значения со страницы Выполнение бизнес-плана/План Потери за отчётный период Астраханьэнерго' is: '69 325'

16-05-2025T12:08:11 - [MESSAGE][PASSED] - Text of object 'Object Repository/Выполнение бизнес-плана/Значения со страницы Выполнение бизнес-плана/План Потери за отчётный период Астраханьэнерго' is: '69 325'

16-05-2025T12:08:11 - [TEST_STEP][PASSED] - if (page == "" || page == null): null

16-05-2025T12:08:11 - [TEST_STEP][PASSED] - else: null

16-05-2025T12:08:11 - [TEST_STEP][PASSED] - page = page.replaceAll("\s+", ""): null

16-05-2025T12:08:11 - [TEST_STEP][PASSED] - if (page == "undefined"): null

16-05-2025T12:08:11 - [TEST_STEP][PASSED] - filePoteri = poteri.toInteger(): null

16-05-2025T12:08:11 - [TEST_STEP][PASSED] - pagePoteri = page.toInteger(): null

16-05-2025T12:08:11 - [TEST_STEP][PASSED] - compare = pageOtpuskVSet: null

16-05-2025T12:08:11 - [TEST_STEP][PASSED] - if (pageOtpuskVSet != null): null

16-05-2025T12:08:11 - [TEST_STEP][PASSED] - if (compare == fileOtpuskVSet): null

16-05-2025T12:08:11 - [TEST_STEP][PASSED] - else if (compare > fileOtpuskVSet): null

16-05-2025T12:08:11 - [TEST_STEP][PASSED] - else if (compare < fileOtpuskVSet): null

16-05-2025T12:08:11 - [TEST_STEP][PASSED] - compare = compare + 1: null

16-05-2025T12:08:11 - [TEST_STEP][PASSED] - if (compare == fileOtpuskVSet): null

16-05-2025T12:08:11 - [TEST_STEP][PASSED] - else: null

16-05-2025T12:08:11 - [TEST_STEP][PASSED] - numberOfErrors = numberOfErrors + 1: null

16-05-2025T12:08:11 - [TEST_STEP][PASSED] - pageInt = pageOtpuskVSet: null

16-05-2025T12:08:11 - [TEST_STEP][PASSED] - fileInt = fileOtpuskVSet: null

16-05-2025T12:08:11 - [TEST_STEP][PASSED] - typeOfData = typeOfDataMain + " Отпуск в сеть": null

16-05-2025T12:08:11 - [TEST_STEP][PASSED] - Script1718980020443.WriteToExcel(a, typeOfData, todaysDate, pageInt, fileInt, pageDouble, fileDouble, dZO): null

16-05-2025T12:08:11 - [TEST_STEP][PASSED] - sheetName = "Sheet1": null

16-05-2025T12:08:11 - [TEST_STEP][PASSED] - data = findTestData("PlanFact"): null

16-05-2025T12:08:11 - [TEST_STEP][PASSED] - n = data.getRowNumbers() + 1: null

16-05-2025T12:08:11 - [TEST_STEP][PASSED] - day = ")).toInteger(): null

16-05-2025T12:08:11 - [TEST_STEP][PASSED] - println(day): null

16-05-2025T12:08:11 - [TEST_STEP][PASSED] - month = ")).toInteger(): null

16-05-2025T12:08:11 - [TEST_STEP][PASSED] - println(month): null

16-05-2025T12:08:11 - [TEST_STEP][PASSED] - y = <not implemented yet for class: org.codehaus.groovy.ast.expr.EmptyExpression>: null

16-05-2025T12:08:11 - [TEST_STEP][PASSED] - iy = <not implemented yet for class: org.codehaus.groovy.ast.expr.EmptyExpression>: null

16-05-2025T12:08:11 - [TEST_STEP][PASSED] - m = getText(findTestObject("Выполнение бизнес-плана/Период")): Text of object 'Object Repository/Выполнение бизнес-плана/Период' is: '1 кв. 2025 года'

16-05-2025T12:08:11 - [MESSAGE][PASSED] - Text of object 'Object Repository/Выполнение бизнес-плана/Период' is: '1 кв. 2025 года'

16-05-2025T12:08:11 - [TEST_STEP][PASSED] - iy = m.indexOf("20"): null

16-05-2025T12:08:11 - [TEST_STEP][PASSED] - if (iy > -1): null

16-05-2025T12:08:11 - [TEST_STEP][PASSED] - y = substring(iy, iy + 4).toInteger(): null

16-05-2025T12:08:11 - [TEST_STEP][PASSED] - println(y): null

16-05-2025T12:08:11 - [TEST_STEP][PASSED] - if (toString().length() == 4): null

16-05-2025T12:08:11 - [TEST_STEP][PASSED] - m = m.substring(0, m.indexOf(y.toString())): null

16-05-2025T12:08:11 - [TEST_STEP][PASSED] - m = m.trim(): null

16-05-2025T12:08:11 - [TEST_STEP][PASSED] - if (m == ""): null

16-05-2025T12:08:11 - [TEST_STEP][PASSED] - dashboardName = "Выполнение бизнес-плана": null

16-05-2025T12:08:11 - [TEST_STEP][PASSED] - workbook01 = getWorkbook(excelFilePath): null

16-05-2025T12:08:11 - [TEST_STEP][PASSED] - sheet01 = getExcelSheet(workbook01, sheetName): null

16-05-2025T12:08:11 - [TEST_STEP][PASSED] - setValueToCellByIndex(sheet01, n, 0, dashboardName): null

16-05-2025T12:08:11 - [TEST_STEP][PASSED] - setValueToCellByIndex(sheet01, n, 1, dZO): null

16-05-2025T12:08:11 - [TEST_STEP][PASSED] - setValueToCellByIndex(sheet01, n, 2, typeOfData): null

16-05-2025T12:08:11 - [TEST_STEP][PASSED] - if (typeOfData == "Факт в процентах" || typeOfData == "План в процентах"): null

16-05-2025T12:08:11 - [TEST_STEP][PASSED] - else: null

16-05-2025T12:08:11 - [TEST_STEP][PASSED] - setValueToCellByIndex(sheet01, n, 3, fileInt): null

16-05-2025T12:08:11 - [TEST_STEP][PASSED] - setValueToCellByIndex(sheet01, n, 4, pageInt): null

16-05-2025T12:08:11 - [TEST_STEP][PASSED] - setValueToCellByIndex(sheet01, n, 5, m): null

16-05-2025T12:08:11 - [TEST_STEP][PASSED] - setValueToCellByIndex(sheet01, n, 6, y): null

16-05-2025T12:08:11 - [TEST_STEP][PASSED] - setValueToCellByIndex(sheet01, n, 7, todaysDate): null

16-05-2025T12:08:11 - [TEST_STEP][PASSED] - n = n + 1: null

16-05-2025T12:08:11 - [TEST_STEP][PASSED] - saveWorkbook(excelFilePath, workbook01): null

16-05-2025T12:08:11 - [TEST_STEP][PASSED] - compare = pagePoteri: null

16-05-2025T12:08:11 - [TEST_STEP][PASSED] - if (pageOtpuskVSet != null): null

16-05-2025T12:08:11 - [TEST_STEP][PASSED] - if (compare == filePoteri): null

16-05-2025T12:08:11 - [TEST_STEP][PASSED] - else if (compare > filePoteri): null

16-05-2025T12:08:11 - [TEST_STEP][PASSED] - else if (compare < filePoteri): null

16-05-2025T12:08:11 - [TEST_STEP][PASSED] - compare = compare + 1: null

16-05-2025T12:08:11 - [TEST_STEP][PASSED] - if (compare == filePoteri): null

16-05-2025T12:08:11 - [TEST_STEP][PASSED] - else: null

16-05-2025T12:08:11 - [TEST_STEP][PASSED] - numberOfErrors = numberOfErrors + 1: null

16-05-2025T12:08:11 - [TEST_STEP][PASSED] - pageInt = pagePoteri: null

16-05-2025T12:08:11 - [TEST_STEP][PASSED] - fileInt = filePoteri: null

16-05-2025T12:08:11 - [TEST_STEP][PASSED] - typeOfData = typeOfDataMain + " Потери": null

16-05-2025T12:08:11 - [TEST_STEP][PASSED] - Script1718980020443.WriteToExcel(a, typeOfData, todaysDate, pageInt, fileInt, pageDouble, fileDouble, dZO): null

16-05-2025T12:08:11 - [TEST_STEP][PASSED] - sheetName = "Sheet1": null

16-05-2025T12:08:11 - [TEST_STEP][PASSED] - data = findTestData("PlanFact"): null

16-05-2025T12:08:11 - [TEST_STEP][PASSED] - n = data.getRowNumbers() + 1: null

16-05-2025T12:08:11 - [TEST_STEP][PASSED] - day = ")).toInteger(): null

16-05-2025T12:08:11 - [TEST_STEP][PASSED] - println(day): null

16-05-2025T12:08:11 - [TEST_STEP][PASSED] - month = ")).toInteger(): null

16-05-2025T12:08:11 - [TEST_STEP][PASSED] - println(month): null

16-05-2025T12:08:11 - [TEST_STEP][PASSED] - y = <not implemented yet for class: org.codehaus.groovy.ast.expr.EmptyExpression>: null

16-05-2025T12:08:11 - [TEST_STEP][PASSED] - iy = <not implemented yet for class: org.codehaus.groovy.ast.expr.EmptyExpression>: null

16-05-2025T12:08:11 - [TEST_STEP][PASSED] - m = getText(findTestObject("Выполнение бизнес-плана/Период")): Text of object 'Object Repository/Выполнение бизнес-плана/Период' is: '1 кв. 2025 года'

16-05-2025T12:08:12 - [MESSAGE][PASSED] - Text of object 'Object Repository/Выполнение бизнес-плана/Период' is: '1 кв. 2025 года'

16-05-2025T12:08:12 - [TEST_STEP][PASSED] - iy = m.indexOf("20"): null

16-05-2025T12:08:12 - [TEST_STEP][PASSED] - if (iy > -1): null

16-05-2025T12:08:12 - [TEST_STEP][PASSED] - y = substring(iy, iy + 4).toInteger(): null

16-05-2025T12:08:12 - [TEST_STEP][PASSED] - println(y): null

16-05-2025T12:08:12 - [TEST_STEP][PASSED] - if (toString().length() == 4): null

16-05-2025T12:08:12 - [TEST_STEP][PASSED] - m = m.substring(0, m.indexOf(y.toString())): null

16-05-2025T12:08:12 - [TEST_STEP][PASSED] - m = m.trim(): null

16-05-2025T12:08:12 - [TEST_STEP][PASSED] - if (m == ""): null

16-05-2025T12:08:12 - [TEST_STEP][PASSED] - dashboardName = "Выполнение бизнес-плана": null

16-05-2025T12:08:12 - [TEST_STEP][PASSED] - workbook01 = getWorkbook(excelFilePath): null

16-05-2025T12:08:12 - [TEST_STEP][PASSED] - sheet01 = getExcelSheet(workbook01, sheetName): null

16-05-2025T12:08:12 - [TEST_STEP][PASSED] - setValueToCellByIndex(sheet01, n, 0, dashboardName): null

16-05-2025T12:08:12 - [TEST_STEP][PASSED] - setValueToCellByIndex(sheet01, n, 1, dZO): null

16-05-2025T12:08:12 - [TEST_STEP][PASSED] - setValueToCellByIndex(sheet01, n, 2, typeOfData): null

16-05-2025T12:08:12 - [TEST_STEP][PASSED] - if (typeOfData == "Факт в процентах" || typeOfData == "План в процентах"): null

16-05-2025T12:08:12 - [TEST_STEP][PASSED] - else: null

16-05-2025T12:08:12 - [TEST_STEP][PASSED] - setValueToCellByIndex(sheet01, n, 3, fileInt): null

16-05-2025T12:08:12 - [TEST_STEP][PASSED] - setValueToCellByIndex(sheet01, n, 4, pageInt): null

16-05-2025T12:08:12 - [TEST_STEP][PASSED] - setValueToCellByIndex(sheet01, n, 5, m): null

16-05-2025T12:08:12 - [TEST_STEP][PASSED] - setValueToCellByIndex(sheet01, n, 6, y): null

16-05-2025T12:08:12 - [TEST_STEP][PASSED] - setValueToCellByIndex(sheet01, n, 7, todaysDate): null

16-05-2025T12:08:12 - [TEST_STEP][PASSED] - n = n + 1: null

16-05-2025T12:08:12 - [TEST_STEP][PASSED] - saveWorkbook(excelFilePath, workbook01): Object: 'Object Repository/Выполнение бизнес-плана/Кнопка Факт' is clicked on

16-05-2025T12:08:12 - [TEST_STEP][PASSED] - if (planFact == 2): Object: 'Object Repository/Выполнение бизнес-плана/Кнопка Факт' is clicked on

16-05-2025T12:08:12 - [TEST_STEP][PASSED] - click(findTestObject("Выполнение бизнес-плана/Кнопка Факт")): Object: 'Object Repository/Выполнение бизнес-плана/Кнопка Факт' is clicked on

16-05-2025T12:08:12 - [MESSAGE][PASSED] - Object: 'Object Repository/Выполнение бизнес-плана/Кнопка Факт' is clicked on

16-05-2025T12:08:12 - [TEST_STEP][PASSED] - println("a=" + a): null

16-05-2025T12:08:12 - [TEST_STEP][PASSED] - if (a == 84 || a == 82): null

16-05-2025T12:08:12 - [TEST_STEP][PASSED] - else if (a == 83 || a == 52 || a == 72 || a == 28 || a == 73 || a == 77 || a == 74 || a == 65 || a == 36 || a == 44 || a == 53 || a == 80 || a == 54 || a == 1 || a == 18 || a == 59 || a == 81): null

16-05-2025T12:08:12 - [TEST_STEP][PASSED] - else: null

16-05-2025T12:08:12 - [TEST_STEP][PASSED] - page1 = getText(findTestObject("Object Repository/Выполнение бизнес-плана/spanPlan" + filialNum)): Text of object 'Object Repository/Выполнение бизнес-плана/spanPlan2' is: '21.24
|'

16-05-2025T12:08:13 - [MESSAGE][PASSED] - Text of object 'Object Repository/Выполнение бизнес-плана/spanPlan2' is: '21.24
|'

16-05-2025T12:08:13 - [TEST_STEP][PASSED] - page1 = page1.replace("|", ""): null

16-05-2025T12:08:13 - [TEST_STEP][PASSED] - page2 = getText(findTestObject("Object Repository/Выполнение бизнес-плана/spanFact" + filialNum)): Text of object 'Object Repository/Выполнение бизнес-плана/spanFact2' is: '17.81
|'

16-05-2025T12:08:13 - [MESSAGE][PASSED] - Text of object 'Object Repository/Выполнение бизнес-плана/spanFact2' is: '17.81
|'

16-05-2025T12:08:13 - [TEST_STEP][PASSED] - page2 = page2.replace("|", ""): null

16-05-2025T12:08:13 - [TEST_STEP][PASSED] - println("page1: " + page1): null

16-05-2025T12:08:13 - [TEST_STEP][PASSED] - println("page2: " + page2): null

16-05-2025T12:08:13 - [TEST_STEP][PASSED] - file = findTestData("PlanFact").getValue(4, a): null

16-05-2025T12:08:13 - [TEST_STEP][PASSED] - file = file.replace(",", "."): null

16-05-2025T12:08:13 - [TEST_STEP][PASSED] - println("file Plan: " + file): null

16-05-2025T12:08:13 - [TEST_STEP][PASSED] - typeOfData = "План в процентах": null

16-05-2025T12:08:13 - [TEST_STEP][PASSED] - fileDouble = file.toDouble(): null

16-05-2025T12:08:13 - [TEST_STEP][PASSED] - pageDouble = page1.toDouble(): null

16-05-2025T12:08:13 - [TEST_STEP][PASSED] - if (fileDouble != pageDouble): null

16-05-2025T12:08:13 - [TEST_STEP][PASSED] - numberOfErrors = numberOfErrors + 1: null

16-05-2025T12:08:13 - [TEST_STEP][PASSED] - Script1718980020443.WriteToExcel(a, typeOfData, todaysDate, pageInt, fileInt, pageDouble, fileDouble, dZO): null

16-05-2025T12:08:13 - [TEST_STEP][PASSED] - sheetName = "Sheet1": null

16-05-2025T12:08:13 - [TEST_STEP][PASSED] - data = findTestData("PlanFact"): null

16-05-2025T12:08:13 - [TEST_STEP][PASSED] - n = data.getRowNumbers() + 1: null

16-05-2025T12:08:13 - [TEST_STEP][PASSED] - day = ")).toInteger(): null

16-05-2025T12:08:13 - [TEST_STEP][PASSED] - println(day): null

16-05-2025T12:08:13 - [TEST_STEP][PASSED] - month = ")).toInteger(): null

16-05-2025T12:08:13 - [TEST_STEP][PASSED] - println(month): null

16-05-2025T12:08:13 - [TEST_STEP][PASSED] - y = <not implemented yet for class: org.codehaus.groovy.ast.expr.EmptyExpression>: null

16-05-2025T12:08:13 - [TEST_STEP][PASSED] - iy = <not implemented yet for class: org.codehaus.groovy.ast.expr.EmptyExpression>: null

16-05-2025T12:08:13 - [TEST_STEP][PASSED] - m = getText(findTestObject("Выполнение бизнес-плана/Период")): Text of object 'Object Repository/Выполнение бизнес-плана/Период' is: '1 кв. 2025 года'

16-05-2025T12:08:13 - [MESSAGE][PASSED] - Text of object 'Object Repository/Выполнение бизнес-плана/Период' is: '1 кв. 2025 года'

16-05-2025T12:08:13 - [TEST_STEP][PASSED] - iy = m.indexOf("20"): null

16-05-2025T12:08:13 - [TEST_STEP][PASSED] - if (iy > -1): null

16-05-2025T12:08:13 - [TEST_STEP][PASSED] - y = substring(iy, iy + 4).toInteger(): null

16-05-2025T12:08:13 - [TEST_STEP][PASSED] - println(y): null

16-05-2025T12:08:13 - [TEST_STEP][PASSED] - if (toString().length() == 4): null

16-05-2025T12:08:13 - [TEST_STEP][PASSED] - m = m.substring(0, m.indexOf(y.toString())): null

16-05-2025T12:08:13 - [TEST_STEP][PASSED] - m = m.trim(): null

16-05-2025T12:08:13 - [TEST_STEP][PASSED] - if (m == ""): null

16-05-2025T12:08:13 - [TEST_STEP][PASSED] - dashboardName = "Выполнение бизнес-плана": null

16-05-2025T12:08:13 - [TEST_STEP][PASSED] - workbook01 = getWorkbook(excelFilePath): null

16-05-2025T12:08:13 - [TEST_STEP][PASSED] - sheet01 = getExcelSheet(workbook01, sheetName): null

16-05-2025T12:08:13 - [TEST_STEP][PASSED] - setValueToCellByIndex(sheet01, n, 0, dashboardName): null

16-05-2025T12:08:13 - [TEST_STEP][PASSED] - setValueToCellByIndex(sheet01, n, 1, dZO): null

16-05-2025T12:08:13 - [TEST_STEP][PASSED] - setValueToCellByIndex(sheet01, n, 2, typeOfData): null

16-05-2025T12:08:13 - [TEST_STEP][PASSED] - if (typeOfData == "Факт в процентах" || typeOfData == "План в процентах"): null

16-05-2025T12:08:13 - [TEST_STEP][PASSED] - setValueToCellByIndex(sheet01, n, 3, fileDouble): null

16-05-2025T12:08:13 - [TEST_STEP][PASSED] - setValueToCellByIndex(sheet01, n, 4, pageDouble): null

16-05-2025T12:08:13 - [TEST_STEP][PASSED] - setValueToCellByIndex(sheet01, n, 5, m): null

16-05-2025T12:08:13 - [TEST_STEP][PASSED] - setValueToCellByIndex(sheet01, n, 6, y): null

16-05-2025T12:08:13 - [TEST_STEP][PASSED] - setValueToCellByIndex(sheet01, n, 7, todaysDate): null

16-05-2025T12:08:13 - [TEST_STEP][PASSED] - n = n + 1: null

16-05-2025T12:08:13 - [TEST_STEP][PASSED] - saveWorkbook(excelFilePath, workbook01): null

16-05-2025T12:08:14 - [TEST_STEP][PASSED] - file = findTestData("PlanFact").getValue(7, a): null

16-05-2025T12:08:14 - [TEST_STEP][PASSED] - file = file.replace(",", "."): null

16-05-2025T12:08:14 - [TEST_STEP][PASSED] - println("file Fact: " + file): null

16-05-2025T12:08:14 - [TEST_STEP][PASSED] - fileDouble = file.toDouble(): null

16-05-2025T12:08:14 - [TEST_STEP][PASSED] - typeOfData = "Факт в процентах": null

16-05-2025T12:08:14 - [TEST_STEP][PASSED] - fileDouble = file.toDouble(): null

16-05-2025T12:08:14 - [TEST_STEP][PASSED] - pageDouble = page2.toDouble(): null

16-05-2025T12:08:14 - [TEST_STEP][PASSED] - if (fileDouble != pageDouble): null

16-05-2025T12:08:14 - [TEST_STEP][PASSED] - numberOfErrors = numberOfErrors + 1: null

16-05-2025T12:08:14 - [TEST_STEP][PASSED] - Script1718980020443.WriteToExcel(a, typeOfData, todaysDate, pageInt, fileInt, pageDouble, fileDouble, dZO): null

16-05-2025T12:08:14 - [TEST_STEP][PASSED] - sheetName = "Sheet1": null

16-05-2025T12:08:14 - [TEST_STEP][PASSED] - data = findTestData("PlanFact"): null

16-05-2025T12:08:14 - [TEST_STEP][PASSED] - n = data.getRowNumbers() + 1: null

16-05-2025T12:08:14 - [TEST_STEP][PASSED] - day = ")).toInteger(): null

16-05-2025T12:08:14 - [TEST_STEP][PASSED] - println(day): null

16-05-2025T12:08:14 - [TEST_STEP][PASSED] - month = ")).toInteger(): null

16-05-2025T12:08:14 - [TEST_STEP][PASSED] - println(month): null

16-05-2025T12:08:14 - [TEST_STEP][PASSED] - y = <not implemented yet for class: org.codehaus.groovy.ast.expr.EmptyExpression>: null

16-05-2025T12:08:14 - [TEST_STEP][PASSED] - iy = <not implemented yet for class: org.codehaus.groovy.ast.expr.EmptyExpression>: null

16-05-2025T12:08:14 - [TEST_STEP][PASSED] - m = getText(findTestObject("Выполнение бизнес-плана/Период")): Text of object 'Object Repository/Выполнение бизнес-плана/Период' is: '1 кв. 2025 года'

16-05-2025T12:08:14 - [MESSAGE][PASSED] - Text of object 'Object Repository/Выполнение бизнес-плана/Период' is: '1 кв. 2025 года'

16-05-2025T12:08:14 - [TEST_STEP][PASSED] - iy = m.indexOf("20"): null

16-05-2025T12:08:14 - [TEST_STEP][PASSED] - if (iy > -1): null

16-05-2025T12:08:14 - [TEST_STEP][PASSED] - y = substring(iy, iy + 4).toInteger(): null

16-05-2025T12:08:14 - [TEST_STEP][PASSED] - println(y): null

16-05-2025T12:08:14 - [TEST_STEP][PASSED] - if (toString().length() == 4): null

16-05-2025T12:08:14 - [TEST_STEP][PASSED] - m = m.substring(0, m.indexOf(y.toString())): null

16-05-2025T12:08:14 - [TEST_STEP][PASSED] - m = m.trim(): null

16-05-2025T12:08:14 - [TEST_STEP][PASSED] - if (m == ""): null

16-05-2025T12:08:14 - [TEST_STEP][PASSED] - dashboardName = "Выполнение бизнес-плана": null

16-05-2025T12:08:14 - [TEST_STEP][PASSED] - workbook01 = getWorkbook(excelFilePath): null

16-05-2025T12:08:14 - [TEST_STEP][PASSED] - sheet01 = getExcelSheet(workbook01, sheetName): null

16-05-2025T12:08:14 - [TEST_STEP][PASSED] - setValueToCellByIndex(sheet01, n, 0, dashboardName): null

16-05-2025T12:08:14 - [TEST_STEP][PASSED] - setValueToCellByIndex(sheet01, n, 1, dZO): null

16-05-2025T12:08:14 - [TEST_STEP][PASSED] - setValueToCellByIndex(sheet01, n, 2, typeOfData): null

16-05-2025T12:08:14 - [TEST_STEP][PASSED] - if (typeOfData == "Факт в процентах" || typeOfData == "План в процентах"): null

16-05-2025T12:08:14 - [TEST_STEP][PASSED] - setValueToCellByIndex(sheet01, n, 3, fileDouble): null

16-05-2025T12:08:14 - [TEST_STEP][PASSED] - setValueToCellByIndex(sheet01, n, 4, pageDouble): null

16-05-2025T12:08:14 - [TEST_STEP][PASSED] - setValueToCellByIndex(sheet01, n, 5, m): null

16-05-2025T12:08:14 - [TEST_STEP][PASSED] - setValueToCellByIndex(sheet01, n, 6, y): null

16-05-2025T12:08:14 - [TEST_STEP][PASSED] - setValueToCellByIndex(sheet01, n, 7, todaysDate): null

16-05-2025T12:08:14 - [TEST_STEP][PASSED] - n = n + 1: null

16-05-2025T12:08:14 - [TEST_STEP][PASSED] - saveWorkbook(excelFilePath, workbook01): null

16-05-2025T12:08:14 - [TEST_STEP][FAILED] - if (verifyEqual(numberOfErrors, 0) == false): null

16-05-2025T12:08:14 - [MESSAGE][FAILED] - Unable to verify equal between actual object '6' and expected object '0' (Root cause: com.kms.katalon.core.exception.StepFailedException: Actual object '6' and expected object '0' are not equal
	at com.kms.katalon.core.keyword.builtin.VerifyEqualKeyword$_verifyEqual_closure1.doCall(VerifyEqualKeyword.groovy:58)
	at com.kms.katalon.core.keyword.builtin.VerifyEqualKeyword$_verifyEqual_closure1.call(VerifyEqualKeyword.groovy)
	at com.kms.katalon.core.keyword.internal.KeywordMain.runKeyword(KeywordMain.groovy:75)
	at com.kms.katalon.core.keyword.builtin.VerifyEqualKeyword.verifyEqual(VerifyEqualKeyword.groovy:63)
	at com.kms.katalon.core.keyword.builtin.VerifyEqualKeyword.execute(VerifyEqualKeyword.groovy:44)
	at com.kms.katalon.core.keyword.internal.KeywordExecutor.executeKeywordForPlatform(KeywordExecutor.groovy:74)
	at com.kms.katalon.core.keyword.BuiltinKeywords.verifyEqual(BuiltinKeywords.groovy:146)
	at jdk.internal.reflect.GeneratedMethodAccessor24.invoke(Unknown Source)
	at java.base/jdk.internal.reflect.DelegatingMethodAccessorImpl.invoke(DelegatingMethodAccessorImpl.java:43)
	at Выполнение бизнес-плана Сверка ПАО Россети все филиалы.Numbers(Выполнение бизнес-плана Сверка ПАО Россети все филиалы:740)
	at Выполнение бизнес-плана Сверка ПАО Россети все филиалы.Filials(Выполнение бизнес-плана Сверка ПАО Россети все филиалы:1725)
	at Выполнение бизнес-плана Сверка ПАО Россети все филиалы.Numbers(Выполнение бизнес-плана Сверка ПАО Россети все филиалы:747)
	at Выполнение бизнес-плана Сверка ПАО Россети все филиалы.run(Выполнение бизнес-плана Сверка ПАО Россети все филиалы:395)
	at com.kms.katalon.core.main.ScriptEngine.run(ScriptEngine.java:194)
	at com.kms.katalon.core.main.ScriptEngine.runScriptAsRawText(ScriptEngine.java:119)
	at com.kms.katalon.core.main.TestCaseExecutor.runScript(TestCaseExecutor.java:448)
	at com.kms.katalon.core.main.TestCaseExecutor.doExecute(TestCaseExecutor.java:439)
	at com.kms.katalon.core.main.TestCaseExecutor.processExecutionPhase(TestCaseExecutor.java:418)
	at com.kms.katalon.core.main.TestCaseExecutor.accessMainPhase(TestCaseExecutor.java:410)
	at com.kms.katalon.core.main.TestCaseExecutor.execute(TestCaseExecutor.java:285)
	at com.kms.katalon.core.common.CommonExecutor.accessTestCaseMainPhase(CommonExecutor.java:65)
	at com.kms.katalon.core.main.TestSuiteExecutor.accessTestSuiteMainPhase(TestSuiteExecutor.java:150)
	at com.kms.katalon.core.main.TestSuiteExecutor.execute(TestSuiteExecutor.java:106)
	at com.kms.katalon.core.main.TestCaseMain.startTestSuite(TestCaseMain.java:180)
	at TempTestSuite1747369435659.run(TempTestSuite1747369435659.groovy:35)
	at java.base/jdk.internal.reflect.NativeMethodAccessorImpl.invoke0(Native Method)
	at java.base/jdk.internal.reflect.NativeMethodAccessorImpl.invoke(NativeMethodAccessorImpl.java:77)
	at java.base/jdk.internal.reflect.DelegatingMethodAccessorImpl.invoke(DelegatingMethodAccessorImpl.java:43)
)

16-05-2025T12:08:14 - [TEST_STEP][PASSED] - println(numberOfErrors): null

16-05-2025T12:08:14 - [TEST_STEP][PASSED] - println("a=" + a): null

16-05-2025T12:08:14 - [TEST_STEP][PASSED] - if (a == 28 || a == 77 || a == 74 || a == 65 || a == 36 || a == 44 || a == 54 || a == 1 || a == 18 || a == 59): null

16-05-2025T12:08:14 - [TEST_STEP][PASSED] - if (a == 82): null

16-05-2025T12:08:14 - [TEST_STEP][PASSED] - dZO = "Волгоградэнерго": null

16-05-2025T12:08:14 - [TEST_STEP][PASSED] - a = 61: null

16-05-2025T12:08:14 - [TEST_STEP][PASSED] - if (x2.contains(dZO)): null

16-05-2025T12:08:14 - [TEST_STEP][PASSED] - filialNum = filialNum + 1: null

16-05-2025T12:08:14 - [TEST_STEP][PASSED] - Script1718980020443.Numbers(a, typeOfData, todaysDate, pageInt, fileInt, pageDouble, fileDouble, dZO, dzoNum, filialNum): null

16-05-2025T12:08:14 - [TEST_STEP][PASSED] - println(dzoNum): null

16-05-2025T12:08:14 - [TEST_STEP][PASSED] - planFact = <not implemented yet for class: org.codehaus.groovy.ast.expr.EmptyExpression>: null

16-05-2025T12:08:14 - [TEST_STEP][PASSED] - page = <not implemented yet for class: org.codehaus.groovy.ast.expr.EmptyExpression>: null

16-05-2025T12:08:14 - [TEST_STEP][PASSED] - page1 = <not implemented yet for class: org.codehaus.groovy.ast.expr.EmptyExpression>: null

16-05-2025T12:08:14 - [TEST_STEP][PASSED] - page2 = <not implemented yet for class: org.codehaus.groovy.ast.expr.EmptyExpression>: null

16-05-2025T12:08:14 - [TEST_STEP][PASSED] - filialNumberInRow = <not implemented yet for class: org.codehaus.groovy.ast.expr.EmptyExpression>: null

16-05-2025T12:08:14 - [TEST_STEP][PASSED] - filialsDzoNames = <not implemented yet for class: org.codehaus.groovy.ast.expr.EmptyExpression>: null

16-05-2025T12:08:14 - [TEST_STEP][PASSED] - numberOfFilials = <not implemented yet for class: org.codehaus.groovy.ast.expr.EmptyExpression>: null

16-05-2025T12:08:14 - [TEST_STEP][PASSED] - numberOfSpaces = <not implemented yet for class: org.codehaus.groovy.ast.expr.EmptyExpression>: null

16-05-2025T12:08:14 - [TEST_STEP][PASSED] - file = <not implemented yet for class: org.codehaus.groovy.ast.expr.EmptyExpression>: null

16-05-2025T12:08:14 - [TEST_STEP][PASSED] - otpusk = <not implemented yet for class: org.codehaus.groovy.ast.expr.EmptyExpression>: null

16-05-2025T12:08:14 - [TEST_STEP][PASSED] - poteri = <not implemented yet for class: org.codehaus.groovy.ast.expr.EmptyExpression>: null

16-05-2025T12:08:14 - [TEST_STEP][PASSED] - dataFolder = "Выполнение бизнес-плана/Значения со страницы Выполнение бизнес-плана/": null

16-05-2025T12:08:14 - [TEST_STEP][PASSED] - path = <not implemented yet for class: org.codehaus.groovy.ast.expr.EmptyExpression>: null

16-05-2025T12:08:14 - [TEST_STEP][PASSED] - typeOfDataMain = <not implemented yet for class: org.codehaus.groovy.ast.expr.EmptyExpression>: null

16-05-2025T12:08:14 - [TEST_STEP][PASSED] - fileOtpuskVSet = <not implemented yet for class: org.codehaus.groovy.ast.expr.EmptyExpression>: null

16-05-2025T12:08:14 - [TEST_STEP][PASSED] - pageOtpuskVSet = <not implemented yet for class: org.codehaus.groovy.ast.expr.EmptyExpression>: null

16-05-2025T12:08:14 - [TEST_STEP][PASSED] - filePoteri = <not implemented yet for class: org.codehaus.groovy.ast.expr.EmptyExpression>: null

16-05-2025T12:08:14 - [TEST_STEP][PASSED] - pagePoteri = <not implemented yet for class: org.codehaus.groovy.ast.expr.EmptyExpression>: null

16-05-2025T12:08:14 - [TEST_STEP][PASSED] - compare = <not implemented yet for class: org.codehaus.groovy.ast.expr.EmptyExpression>: null

16-05-2025T12:08:14 - [TEST_STEP][PASSED] - b = <not implemented yet for class: org.codehaus.groovy.ast.expr.EmptyExpression>: null

16-05-2025T12:08:14 - [TEST_STEP][PASSED] - i = <not implemented yet for class: org.codehaus.groovy.ast.expr.EmptyExpression>: null

16-05-2025T12:08:14 - [TEST_STEP][PASSED] - ii = <not implemented yet for class: org.codehaus.groovy.ast.expr.EmptyExpression>: null

16-05-2025T12:08:14 - [TEST_STEP][PASSED] - c = <not implemented yet for class: org.codehaus.groovy.ast.expr.EmptyExpression>: null

16-05-2025T12:08:14 - [TEST_STEP][PASSED] - numberOfErrors = 0: null

16-05-2025T12:08:14 - [TEST_STEP][PASSED] - if (a == 82): null

16-05-2025T12:08:14 - [TEST_STEP][PASSED] - b = findTestData("PlanFact").getValue(1, a): null

16-05-2025T12:08:14 - [TEST_STEP][PASSED] - i = b.indexOf(" (ГК)"): null

16-05-2025T12:08:14 - [TEST_STEP][PASSED] - if (i > -1): null

16-05-2025T12:08:15 - [TEST_STEP][PASSED] - i = b.indexOf("О ""): null

16-05-2025T12:08:15 - [TEST_STEP][PASSED] - if (i > -1): null

16-05-2025T12:08:15 - [TEST_STEP][PASSED] - i = b.indexOf("О «"): null

16-05-2025T12:08:15 - [TEST_STEP][PASSED] - if (i > -1): null

16-05-2025T12:08:15 - [TEST_STEP][PASSED] - i = b.indexOf("г. "): null

16-05-2025T12:08:15 - [TEST_STEP][PASSED] - if (i > -1): null

16-05-2025T12:08:15 - [TEST_STEP][PASSED] - b = b.trim(): null

16-05-2025T12:08:15 - [TEST_STEP][PASSED] - println(b): null

16-05-2025T12:08:15 - [TEST_STEP][PASSED] - for ([planFact = 1, planFact < 3, (planFact++)]): null

16-05-2025T12:08:15 - [TEST_STEP][PASSED] - if (planFact == 1): null

16-05-2025T12:08:15 - [TEST_STEP][PASSED] - typeOfDataMain = "Факт": null

16-05-2025T12:08:15 - [TEST_STEP][PASSED] - otpusk = findTestData("PlanFact").getValue(5, a): null

16-05-2025T12:08:15 - [TEST_STEP][PASSED] - poteri = findTestData("PlanFact").getValue(6, a): null

16-05-2025T12:08:15 - [TEST_STEP][PASSED] - otpusk = otpusk.replaceAll("\s+", ""): null

16-05-2025T12:08:15 - [TEST_STEP][PASSED] - poteri = poteri.replaceAll("\s+", ""): null

16-05-2025T12:08:15 - [TEST_STEP][PASSED] - typeOfData = typeOfDataMain + " Отпуск в сеть": null

16-05-2025T12:08:15 - [TEST_STEP][PASSED] - if (a == 82): null

16-05-2025T12:08:15 - [TEST_STEP][PASSED] - else if (a == 84): null

16-05-2025T12:08:15 - [TEST_STEP][PASSED] - else if (a == 83 || a == 52 || a == 72 || a == 28 || a == 73 || a == 77 || a == 74 || a == 65 || a == 36 || a == 44 || a == 53 || a == 80 || a == 54 || a == 1 || a == 18 || a == 59 || a == 81): null

16-05-2025T12:08:15 - [TEST_STEP][PASSED] - else: null

16-05-2025T12:08:15 - [TEST_STEP][PASSED] - path = dataFolder + typeOfData + " за отчётный период " + b: null

16-05-2025T12:08:15 - [TEST_STEP][PASSED] - println(path): null

16-05-2025T12:08:15 - [TEST_STEP][PASSED] - page = getText(findTestObject(path)): Text of object 'Object Repository/Выполнение бизнес-плана/Значения со страницы Выполнение бизнес-плана/Факт Отпуск в сеть за отчётный период Волгоградэнерго' is: '1 529 424'

16-05-2025T12:08:15 - [MESSAGE][PASSED] - Text of object 'Object Repository/Выполнение бизнес-плана/Значения со страницы Выполнение бизнес-плана/Факт Отпуск в сеть за отчётный период Волгоградэнерго' is: '1 529 424'

16-05-2025T12:08:15 - [TEST_STEP][PASSED] - if (page == "" || page == null): null

16-05-2025T12:08:15 - [TEST_STEP][PASSED] - else: null

16-05-2025T12:08:15 - [TEST_STEP][PASSED] - page = page.replaceAll("\s+", ""): null

16-05-2025T12:08:15 - [TEST_STEP][PASSED] - if (page == "undefined"): null

16-05-2025T12:08:15 - [TEST_STEP][PASSED] - fileOtpuskVSet = otpusk.toInteger(): null

16-05-2025T12:08:15 - [TEST_STEP][PASSED] - pageOtpuskVSet = page.toInteger(): null

16-05-2025T12:08:15 - [TEST_STEP][PASSED] - typeOfData = typeOfDataMain + " Потери": null

16-05-2025T12:08:15 - [TEST_STEP][PASSED] - if (a == 82): null

16-05-2025T12:08:15 - [TEST_STEP][PASSED] - else if (a == 84): null

16-05-2025T12:08:15 - [TEST_STEP][PASSED] - else if (a == 83 || a == 52 || a == 72 || a == 28 || a == 73 || a == 77 || a == 74 || a == 65 || a == 36 || a == 44 || a == 53 || a == 80 || a == 54 || a == 1 || a == 18 || a == 59 || a == 81): null

16-05-2025T12:08:15 - [TEST_STEP][PASSED] - else: null

16-05-2025T12:08:15 - [TEST_STEP][PASSED] - path = dataFolder + typeOfData + " за отчётный период " + b: null

16-05-2025T12:08:15 - [TEST_STEP][PASSED] - page = getText(findTestObject(path)): Text of object 'Object Repository/Выполнение бизнес-плана/Значения со страницы Выполнение бизнес-плана/Факт Потери за отчётный период Волгоградэнерго' is: '112 811'

16-05-2025T12:08:15 - [MESSAGE][PASSED] - Text of object 'Object Repository/Выполнение бизнес-плана/Значения со страницы Выполнение бизнес-плана/Факт Потери за отчётный период Волгоградэнерго' is: '112 811'

16-05-2025T12:08:15 - [TEST_STEP][PASSED] - if (page == "" || page == null): null

16-05-2025T12:08:15 - [TEST_STEP][PASSED] - else: null

16-05-2025T12:08:15 - [TEST_STEP][PASSED] - page = page.replaceAll("\s+", ""): null

16-05-2025T12:08:15 - [TEST_STEP][PASSED] - if (page == "undefined"): null

16-05-2025T12:08:15 - [TEST_STEP][PASSED] - filePoteri = poteri.toInteger(): null

16-05-2025T12:08:15 - [TEST_STEP][PASSED] - pagePoteri = page.toInteger(): null

16-05-2025T12:08:15 - [TEST_STEP][PASSED] - compare = pageOtpuskVSet: null

16-05-2025T12:08:15 - [TEST_STEP][PASSED] - if (pageOtpuskVSet != null): null

16-05-2025T12:08:15 - [TEST_STEP][PASSED] - if (compare == fileOtpuskVSet): null

16-05-2025T12:08:15 - [TEST_STEP][PASSED] - else if (compare > fileOtpuskVSet): null

16-05-2025T12:08:15 - [TEST_STEP][PASSED] - else if (compare < fileOtpuskVSet): null

16-05-2025T12:08:15 - [TEST_STEP][PASSED] - compare = compare + 1: null

16-05-2025T12:08:15 - [TEST_STEP][PASSED] - if (compare == fileOtpuskVSet): null

16-05-2025T12:08:15 - [TEST_STEP][PASSED] - else: null

16-05-2025T12:08:15 - [TEST_STEP][PASSED] - numberOfErrors = numberOfErrors + 1: null

16-05-2025T12:08:15 - [TEST_STEP][PASSED] - pageInt = pageOtpuskVSet: null

16-05-2025T12:08:15 - [TEST_STEP][PASSED] - fileInt = fileOtpuskVSet: null

16-05-2025T12:08:15 - [TEST_STEP][PASSED] - typeOfData = typeOfDataMain + " Отпуск в сеть": null

16-05-2025T12:08:15 - [TEST_STEP][PASSED] - Script1718980020443.WriteToExcel(a, typeOfData, todaysDate, pageInt, fileInt, pageDouble, fileDouble, dZO): null

16-05-2025T12:08:15 - [TEST_STEP][PASSED] - sheetName = "Sheet1": null

16-05-2025T12:08:15 - [TEST_STEP][PASSED] - data = findTestData("PlanFact"): null

16-05-2025T12:08:15 - [TEST_STEP][PASSED] - n = data.getRowNumbers() + 1: null

16-05-2025T12:08:15 - [TEST_STEP][PASSED] - day = ")).toInteger(): null

16-05-2025T12:08:15 - [TEST_STEP][PASSED] - println(day): null

16-05-2025T12:08:15 - [TEST_STEP][PASSED] - month = ")).toInteger(): null

16-05-2025T12:08:15 - [TEST_STEP][PASSED] - println(month): null

16-05-2025T12:08:15 - [TEST_STEP][PASSED] - y = <not implemented yet for class: org.codehaus.groovy.ast.expr.EmptyExpression>: null

16-05-2025T12:08:15 - [TEST_STEP][PASSED] - iy = <not implemented yet for class: org.codehaus.groovy.ast.expr.EmptyExpression>: null

16-05-2025T12:08:15 - [TEST_STEP][PASSED] - m = getText(findTestObject("Выполнение бизнес-плана/Период")): Text of object 'Object Repository/Выполнение бизнес-плана/Период' is: '1 кв. 2025 года'

16-05-2025T12:08:16 - [MESSAGE][PASSED] - Text of object 'Object Repository/Выполнение бизнес-плана/Период' is: '1 кв. 2025 года'

16-05-2025T12:08:16 - [TEST_STEP][PASSED] - iy = m.indexOf("20"): null

16-05-2025T12:08:16 - [TEST_STEP][PASSED] - if (iy > -1): null

16-05-2025T12:08:16 - [TEST_STEP][PASSED] - y = substring(iy, iy + 4).toInteger(): null

16-05-2025T12:08:16 - [TEST_STEP][PASSED] - println(y): null

16-05-2025T12:08:16 - [TEST_STEP][PASSED] - if (toString().length() == 4): null

16-05-2025T12:08:16 - [TEST_STEP][PASSED] - m = m.substring(0, m.indexOf(y.toString())): null

16-05-2025T12:08:16 - [TEST_STEP][PASSED] - m = m.trim(): null

16-05-2025T12:08:16 - [TEST_STEP][PASSED] - if (m == ""): null

16-05-2025T12:08:16 - [TEST_STEP][PASSED] - dashboardName = "Выполнение бизнес-плана": null

16-05-2025T12:08:16 - [TEST_STEP][PASSED] - workbook01 = getWorkbook(excelFilePath): null

16-05-2025T12:08:16 - [TEST_STEP][PASSED] - sheet01 = getExcelSheet(workbook01, sheetName): null

16-05-2025T12:08:16 - [TEST_STEP][PASSED] - setValueToCellByIndex(sheet01, n, 0, dashboardName): null

16-05-2025T12:08:16 - [TEST_STEP][PASSED] - setValueToCellByIndex(sheet01, n, 1, dZO): null

16-05-2025T12:08:16 - [TEST_STEP][PASSED] - setValueToCellByIndex(sheet01, n, 2, typeOfData): null

16-05-2025T12:08:16 - [TEST_STEP][PASSED] - if (typeOfData == "Факт в процентах" || typeOfData == "План в процентах"): null

16-05-2025T12:08:16 - [TEST_STEP][PASSED] - else: null

16-05-2025T12:08:16 - [TEST_STEP][PASSED] - setValueToCellByIndex(sheet01, n, 3, fileInt): null

16-05-2025T12:08:16 - [TEST_STEP][PASSED] - setValueToCellByIndex(sheet01, n, 4, pageInt): null

16-05-2025T12:08:16 - [TEST_STEP][PASSED] - setValueToCellByIndex(sheet01, n, 5, m): null

16-05-2025T12:08:16 - [TEST_STEP][PASSED] - setValueToCellByIndex(sheet01, n, 6, y): null

16-05-2025T12:08:16 - [TEST_STEP][PASSED] - setValueToCellByIndex(sheet01, n, 7, todaysDate): null

16-05-2025T12:08:16 - [TEST_STEP][PASSED] - n = n + 1: null

16-05-2025T12:08:16 - [TEST_STEP][PASSED] - saveWorkbook(excelFilePath, workbook01): null

16-05-2025T12:08:16 - [TEST_STEP][PASSED] - compare = pagePoteri: null

16-05-2025T12:08:16 - [TEST_STEP][PASSED] - if (pageOtpuskVSet != null): null

16-05-2025T12:08:16 - [TEST_STEP][PASSED] - if (compare == filePoteri): null

16-05-2025T12:08:16 - [TEST_STEP][PASSED] - else if (compare > filePoteri): null

16-05-2025T12:08:16 - [TEST_STEP][PASSED] - else if (compare < filePoteri): null

16-05-2025T12:08:16 - [TEST_STEP][PASSED] - compare = compare + 1: null

16-05-2025T12:08:16 - [TEST_STEP][PASSED] - if (compare == filePoteri): null

16-05-2025T12:08:16 - [TEST_STEP][PASSED] - else: null

16-05-2025T12:08:16 - [TEST_STEP][PASSED] - numberOfErrors = numberOfErrors + 1: null

16-05-2025T12:08:16 - [TEST_STEP][PASSED] - pageInt = pagePoteri: null

16-05-2025T12:08:16 - [TEST_STEP][PASSED] - fileInt = filePoteri: null

16-05-2025T12:08:16 - [TEST_STEP][PASSED] - typeOfData = typeOfDataMain + " Потери": null

16-05-2025T12:08:16 - [TEST_STEP][PASSED] - Script1718980020443.WriteToExcel(a, typeOfData, todaysDate, pageInt, fileInt, pageDouble, fileDouble, dZO): null

16-05-2025T12:08:16 - [TEST_STEP][PASSED] - sheetName = "Sheet1": null

16-05-2025T12:08:16 - [TEST_STEP][PASSED] - data = findTestData("PlanFact"): null

16-05-2025T12:08:16 - [TEST_STEP][PASSED] - n = data.getRowNumbers() + 1: null

16-05-2025T12:08:16 - [TEST_STEP][PASSED] - day = ")).toInteger(): null

16-05-2025T12:08:16 - [TEST_STEP][PASSED] - println(day): null

16-05-2025T12:08:16 - [TEST_STEP][PASSED] - month = ")).toInteger(): null

16-05-2025T12:08:16 - [TEST_STEP][PASSED] - println(month): null

16-05-2025T12:08:16 - [TEST_STEP][PASSED] - y = <not implemented yet for class: org.codehaus.groovy.ast.expr.EmptyExpression>: null

16-05-2025T12:08:16 - [TEST_STEP][PASSED] - iy = <not implemented yet for class: org.codehaus.groovy.ast.expr.EmptyExpression>: null

16-05-2025T12:08:16 - [TEST_STEP][PASSED] - m = getText(findTestObject("Выполнение бизнес-плана/Период")): Text of object 'Object Repository/Выполнение бизнес-плана/Период' is: '1 кв. 2025 года'

16-05-2025T12:08:16 - [MESSAGE][PASSED] - Text of object 'Object Repository/Выполнение бизнес-плана/Период' is: '1 кв. 2025 года'

16-05-2025T12:08:16 - [TEST_STEP][PASSED] - iy = m.indexOf("20"): null

16-05-2025T12:08:16 - [TEST_STEP][PASSED] - if (iy > -1): null

16-05-2025T12:08:16 - [TEST_STEP][PASSED] - y = substring(iy, iy + 4).toInteger(): null

16-05-2025T12:08:16 - [TEST_STEP][PASSED] - println(y): null

16-05-2025T12:08:16 - [TEST_STEP][PASSED] - if (toString().length() == 4): null

16-05-2025T12:08:16 - [TEST_STEP][PASSED] - m = m.substring(0, m.indexOf(y.toString())): null

16-05-2025T12:08:16 - [TEST_STEP][PASSED] - m = m.trim(): null

16-05-2025T12:08:16 - [TEST_STEP][PASSED] - if (m == ""): null

16-05-2025T12:08:16 - [TEST_STEP][PASSED] - dashboardName = "Выполнение бизнес-плана": null

16-05-2025T12:08:16 - [TEST_STEP][PASSED] - workbook01 = getWorkbook(excelFilePath): null

16-05-2025T12:08:16 - [TEST_STEP][PASSED] - sheet01 = getExcelSheet(workbook01, sheetName): null

16-05-2025T12:08:16 - [TEST_STEP][PASSED] - setValueToCellByIndex(sheet01, n, 0, dashboardName): null

16-05-2025T12:08:16 - [TEST_STEP][PASSED] - setValueToCellByIndex(sheet01, n, 1, dZO): null

16-05-2025T12:08:16 - [TEST_STEP][PASSED] - setValueToCellByIndex(sheet01, n, 2, typeOfData): null

16-05-2025T12:08:16 - [TEST_STEP][PASSED] - if (typeOfData == "Факт в процентах" || typeOfData == "План в процентах"): null

16-05-2025T12:08:16 - [TEST_STEP][PASSED] - else: null

16-05-2025T12:08:16 - [TEST_STEP][PASSED] - setValueToCellByIndex(sheet01, n, 3, fileInt): null

16-05-2025T12:08:16 - [TEST_STEP][PASSED] - setValueToCellByIndex(sheet01, n, 4, pageInt): null

16-05-2025T12:08:16 - [TEST_STEP][PASSED] - setValueToCellByIndex(sheet01, n, 5, m): null

16-05-2025T12:08:16 - [TEST_STEP][PASSED] - setValueToCellByIndex(sheet01, n, 6, y): null

16-05-2025T12:08:16 - [TEST_STEP][PASSED] - setValueToCellByIndex(sheet01, n, 7, todaysDate): null

16-05-2025T12:08:16 - [TEST_STEP][PASSED] - n = n + 1: null

16-05-2025T12:08:16 - [TEST_STEP][PASSED] - saveWorkbook(excelFilePath, workbook01): null

16-05-2025T12:08:17 - [TEST_STEP][PASSED] - if (planFact == 2): null

16-05-2025T12:08:17 - [TEST_STEP][PASSED] - if (planFact == 1): null

16-05-2025T12:08:17 - [TEST_STEP][PASSED] - else if (planFact == 2): null

16-05-2025T12:08:17 - [TEST_STEP][PASSED] - click(findTestObject("Выполнение бизнес-плана/Кнопка План")): Object: 'Object Repository/Выполнение бизнес-плана/Кнопка План' is clicked on

16-05-2025T12:08:17 - [MESSAGE][PASSED] - Object: 'Object Repository/Выполнение бизнес-плана/Кнопка План' is clicked on

16-05-2025T12:08:17 - [TEST_STEP][PASSED] - typeOfDataMain = "План": null

16-05-2025T12:08:17 - [TEST_STEP][PASSED] - otpusk = findTestData("PlanFact").getValue(2, a): null

16-05-2025T12:08:17 - [TEST_STEP][PASSED] - poteri = findTestData("PlanFact").getValue(3, a): null

16-05-2025T12:08:17 - [TEST_STEP][PASSED] - otpusk = otpusk.replaceAll("\s+", ""): null

16-05-2025T12:08:17 - [TEST_STEP][PASSED] - poteri = poteri.replaceAll("\s+", ""): null

16-05-2025T12:08:17 - [TEST_STEP][PASSED] - typeOfData = typeOfDataMain + " Отпуск в сеть": null

16-05-2025T12:08:17 - [TEST_STEP][PASSED] - if (a == 82): null

16-05-2025T12:08:17 - [TEST_STEP][PASSED] - else if (a == 84): null

16-05-2025T12:08:17 - [TEST_STEP][PASSED] - else if (a == 83 || a == 52 || a == 72 || a == 28 || a == 73 || a == 77 || a == 74 || a == 65 || a == 36 || a == 44 || a == 53 || a == 80 || a == 54 || a == 1 || a == 18 || a == 59 || a == 81): null

16-05-2025T12:08:17 - [TEST_STEP][PASSED] - else: null

16-05-2025T12:08:17 - [TEST_STEP][PASSED] - path = dataFolder + typeOfData + " за отчётный период " + b: null

16-05-2025T12:08:17 - [TEST_STEP][PASSED] - println(path): null

16-05-2025T12:08:17 - [TEST_STEP][PASSED] - page = getText(findTestObject(path)): Text of object 'Object Repository/Выполнение бизнес-плана/Значения со страницы Выполнение бизнес-плана/План Отпуск в сеть за отчётный период Волгоградэнерго' is: '1 721 636'

16-05-2025T12:08:17 - [MESSAGE][PASSED] - Text of object 'Object Repository/Выполнение бизнес-плана/Значения со страницы Выполнение бизнес-плана/План Отпуск в сеть за отчётный период Волгоградэнерго' is: '1 721 636'

16-05-2025T12:08:17 - [TEST_STEP][PASSED] - if (page == "" || page == null): null

16-05-2025T12:08:17 - [TEST_STEP][PASSED] - else: null

16-05-2025T12:08:17 - [TEST_STEP][PASSED] - page = page.replaceAll("\s+", ""): null

16-05-2025T12:08:17 - [TEST_STEP][PASSED] - if (page == "undefined"): null

16-05-2025T12:08:17 - [TEST_STEP][PASSED] - fileOtpuskVSet = otpusk.toInteger(): null

16-05-2025T12:08:17 - [TEST_STEP][PASSED] - pageOtpuskVSet = page.toInteger(): null

16-05-2025T12:08:17 - [TEST_STEP][PASSED] - typeOfData = typeOfDataMain + " Потери": null

16-05-2025T12:08:17 - [TEST_STEP][PASSED] - if (a == 82): null

16-05-2025T12:08:17 - [TEST_STEP][PASSED] - else if (a == 84): null

16-05-2025T12:08:17 - [TEST_STEP][PASSED] - else if (a == 83 || a == 52 || a == 72 || a == 28 || a == 73 || a == 77 || a == 74 || a == 65 || a == 36 || a == 44 || a == 53 || a == 80 || a == 54 || a == 1 || a == 18 || a == 59 || a == 81): null

16-05-2025T12:08:17 - [TEST_STEP][PASSED] - else: null

16-05-2025T12:08:17 - [TEST_STEP][PASSED] - path = dataFolder + typeOfData + " за отчётный период " + b: null

16-05-2025T12:08:17 - [TEST_STEP][PASSED] - page = getText(findTestObject(path)): Text of object 'Object Repository/Выполнение бизнес-плана/Значения со страницы Выполнение бизнес-плана/План Потери за отчётный период Волгоградэнерго' is: '146 464'

16-05-2025T12:08:18 - [MESSAGE][PASSED] - Text of object 'Object Repository/Выполнение бизнес-плана/Значения со страницы Выполнение бизнес-плана/План Потери за отчётный период Волгоградэнерго' is: '146 464'

16-05-2025T12:08:18 - [TEST_STEP][PASSED] - if (page == "" || page == null): null

16-05-2025T12:08:18 - [TEST_STEP][PASSED] - else: null

16-05-2025T12:08:18 - [TEST_STEP][PASSED] - page = page.replaceAll("\s+", ""): null

16-05-2025T12:08:18 - [TEST_STEP][PASSED] - if (page == "undefined"): null

16-05-2025T12:08:18 - [TEST_STEP][PASSED] - filePoteri = poteri.toInteger(): null

16-05-2025T12:08:18 - [TEST_STEP][PASSED] - pagePoteri = page.toInteger(): null

16-05-2025T12:08:18 - [TEST_STEP][PASSED] - compare = pageOtpuskVSet: null

16-05-2025T12:08:18 - [TEST_STEP][PASSED] - if (pageOtpuskVSet != null): null

16-05-2025T12:08:18 - [TEST_STEP][PASSED] - if (compare == fileOtpuskVSet): null

16-05-2025T12:08:18 - [TEST_STEP][PASSED] - else if (compare > fileOtpuskVSet): null

16-05-2025T12:08:18 - [TEST_STEP][PASSED] - else if (compare < fileOtpuskVSet): null

16-05-2025T12:08:18 - [TEST_STEP][PASSED] - compare = compare + 1: null

16-05-2025T12:08:18 - [TEST_STEP][PASSED] - if (compare == fileOtpuskVSet): null

16-05-2025T12:08:18 - [TEST_STEP][PASSED] - else: null

16-05-2025T12:08:18 - [TEST_STEP][PASSED] - numberOfErrors = numberOfErrors + 1: null

16-05-2025T12:08:18 - [TEST_STEP][PASSED] - pageInt = pageOtpuskVSet: null

16-05-2025T12:08:18 - [TEST_STEP][PASSED] - fileInt = fileOtpuskVSet: null

16-05-2025T12:08:18 - [TEST_STEP][PASSED] - typeOfData = typeOfDataMain + " Отпуск в сеть": null

16-05-2025T12:08:18 - [TEST_STEP][PASSED] - Script1718980020443.WriteToExcel(a, typeOfData, todaysDate, pageInt, fileInt, pageDouble, fileDouble, dZO): null

16-05-2025T12:08:18 - [TEST_STEP][PASSED] - sheetName = "Sheet1": null

16-05-2025T12:08:18 - [TEST_STEP][PASSED] - data = findTestData("PlanFact"): null

16-05-2025T12:08:18 - [TEST_STEP][PASSED] - n = data.getRowNumbers() + 1: null

16-05-2025T12:08:18 - [TEST_STEP][PASSED] - day = ")).toInteger(): null

16-05-2025T12:08:18 - [TEST_STEP][PASSED] - println(day): null

16-05-2025T12:08:18 - [TEST_STEP][PASSED] - month = ")).toInteger(): null

16-05-2025T12:08:18 - [TEST_STEP][PASSED] - println(month): null

16-05-2025T12:08:18 - [TEST_STEP][PASSED] - y = <not implemented yet for class: org.codehaus.groovy.ast.expr.EmptyExpression>: null

16-05-2025T12:08:18 - [TEST_STEP][PASSED] - iy = <not implemented yet for class: org.codehaus.groovy.ast.expr.EmptyExpression>: null

16-05-2025T12:08:18 - [TEST_STEP][PASSED] - m = getText(findTestObject("Выполнение бизнес-плана/Период")): Text of object 'Object Repository/Выполнение бизнес-плана/Период' is: '1 кв. 2025 года'

16-05-2025T12:08:18 - [MESSAGE][PASSED] - Text of object 'Object Repository/Выполнение бизнес-плана/Период' is: '1 кв. 2025 года'

16-05-2025T12:08:18 - [TEST_STEP][PASSED] - iy = m.indexOf("20"): null

16-05-2025T12:08:18 - [TEST_STEP][PASSED] - if (iy > -1): null

16-05-2025T12:08:18 - [TEST_STEP][PASSED] - y = substring(iy, iy + 4).toInteger(): null

16-05-2025T12:08:18 - [TEST_STEP][PASSED] - println(y): null

16-05-2025T12:08:18 - [TEST_STEP][PASSED] - if (toString().length() == 4): null

16-05-2025T12:08:18 - [TEST_STEP][PASSED] - m = m.substring(0, m.indexOf(y.toString())): null

16-05-2025T12:08:18 - [TEST_STEP][PASSED] - m = m.trim(): null

16-05-2025T12:08:18 - [TEST_STEP][PASSED] - if (m == ""): null

16-05-2025T12:08:18 - [TEST_STEP][PASSED] - dashboardName = "Выполнение бизнес-плана": null

16-05-2025T12:08:18 - [TEST_STEP][PASSED] - workbook01 = getWorkbook(excelFilePath): null

16-05-2025T12:08:18 - [TEST_STEP][PASSED] - sheet01 = getExcelSheet(workbook01, sheetName): null

16-05-2025T12:08:18 - [TEST_STEP][PASSED] - setValueToCellByIndex(sheet01, n, 0, dashboardName): null

16-05-2025T12:08:18 - [TEST_STEP][PASSED] - setValueToCellByIndex(sheet01, n, 1, dZO): null

16-05-2025T12:08:18 - [TEST_STEP][PASSED] - setValueToCellByIndex(sheet01, n, 2, typeOfData): null

16-05-2025T12:08:18 - [TEST_STEP][PASSED] - if (typeOfData == "Факт в процентах" || typeOfData == "План в процентах"): null

16-05-2025T12:08:18 - [TEST_STEP][PASSED] - else: null

16-05-2025T12:08:18 - [TEST_STEP][PASSED] - setValueToCellByIndex(sheet01, n, 3, fileInt): null

16-05-2025T12:08:18 - [TEST_STEP][PASSED] - setValueToCellByIndex(sheet01, n, 4, pageInt): null

16-05-2025T12:08:18 - [TEST_STEP][PASSED] - setValueToCellByIndex(sheet01, n, 5, m): null

16-05-2025T12:08:18 - [TEST_STEP][PASSED] - setValueToCellByIndex(sheet01, n, 6, y): null

16-05-2025T12:08:18 - [TEST_STEP][PASSED] - setValueToCellByIndex(sheet01, n, 7, todaysDate): null

16-05-2025T12:08:18 - [TEST_STEP][PASSED] - n = n + 1: null

16-05-2025T12:08:18 - [TEST_STEP][PASSED] - saveWorkbook(excelFilePath, workbook01): null

16-05-2025T12:08:18 - [TEST_STEP][PASSED] - compare = pagePoteri: null

16-05-2025T12:08:18 - [TEST_STEP][PASSED] - if (pageOtpuskVSet != null): null

16-05-2025T12:08:18 - [TEST_STEP][PASSED] - if (compare == filePoteri): null

16-05-2025T12:08:18 - [TEST_STEP][PASSED] - else if (compare > filePoteri): null

16-05-2025T12:08:18 - [TEST_STEP][PASSED] - else if (compare < filePoteri): null

16-05-2025T12:08:18 - [TEST_STEP][PASSED] - compare = compare + 1: null

16-05-2025T12:08:18 - [TEST_STEP][PASSED] - if (compare == filePoteri): null

16-05-2025T12:08:18 - [TEST_STEP][PASSED] - else: null

16-05-2025T12:08:18 - [TEST_STEP][PASSED] - numberOfErrors = numberOfErrors + 1: null

16-05-2025T12:08:18 - [TEST_STEP][PASSED] - pageInt = pagePoteri: null

16-05-2025T12:08:18 - [TEST_STEP][PASSED] - fileInt = filePoteri: null

16-05-2025T12:08:18 - [TEST_STEP][PASSED] - typeOfData = typeOfDataMain + " Потери": null

16-05-2025T12:08:18 - [TEST_STEP][PASSED] - Script1718980020443.WriteToExcel(a, typeOfData, todaysDate, pageInt, fileInt, pageDouble, fileDouble, dZO): null

16-05-2025T12:08:18 - [TEST_STEP][PASSED] - sheetName = "Sheet1": null

16-05-2025T12:08:18 - [TEST_STEP][PASSED] - data = findTestData("PlanFact"): null

16-05-2025T12:08:18 - [TEST_STEP][PASSED] - n = data.getRowNumbers() + 1: null

16-05-2025T12:08:18 - [TEST_STEP][PASSED] - day = ")).toInteger(): null

16-05-2025T12:08:18 - [TEST_STEP][PASSED] - println(day): null

16-05-2025T12:08:18 - [TEST_STEP][PASSED] - month = ")).toInteger(): null

16-05-2025T12:08:18 - [TEST_STEP][PASSED] - println(month): null

16-05-2025T12:08:18 - [TEST_STEP][PASSED] - y = <not implemented yet for class: org.codehaus.groovy.ast.expr.EmptyExpression>: null

16-05-2025T12:08:18 - [TEST_STEP][PASSED] - iy = <not implemented yet for class: org.codehaus.groovy.ast.expr.EmptyExpression>: null

16-05-2025T12:08:18 - [TEST_STEP][PASSED] - m = getText(findTestObject("Выполнение бизнес-плана/Период")): Text of object 'Object Repository/Выполнение бизнес-плана/Период' is: '1 кв. 2025 года'

16-05-2025T12:08:19 - [MESSAGE][PASSED] - Text of object 'Object Repository/Выполнение бизнес-плана/Период' is: '1 кв. 2025 года'

16-05-2025T12:08:19 - [TEST_STEP][PASSED] - iy = m.indexOf("20"): null

16-05-2025T12:08:19 - [TEST_STEP][PASSED] - if (iy > -1): null

16-05-2025T12:08:19 - [TEST_STEP][PASSED] - y = substring(iy, iy + 4).toInteger(): null

16-05-2025T12:08:19 - [TEST_STEP][PASSED] - println(y): null

16-05-2025T12:08:19 - [TEST_STEP][PASSED] - if (toString().length() == 4): null

16-05-2025T12:08:19 - [TEST_STEP][PASSED] - m = m.substring(0, m.indexOf(y.toString())): null

16-05-2025T12:08:19 - [TEST_STEP][PASSED] - m = m.trim(): null

16-05-2025T12:08:19 - [TEST_STEP][PASSED] - if (m == ""): null

16-05-2025T12:08:19 - [TEST_STEP][PASSED] - dashboardName = "Выполнение бизнес-плана": null

16-05-2025T12:08:19 - [TEST_STEP][PASSED] - workbook01 = getWorkbook(excelFilePath): null

16-05-2025T12:08:19 - [TEST_STEP][PASSED] - sheet01 = getExcelSheet(workbook01, sheetName): null

16-05-2025T12:08:19 - [TEST_STEP][PASSED] - setValueToCellByIndex(sheet01, n, 0, dashboardName): null

16-05-2025T12:08:19 - [TEST_STEP][PASSED] - setValueToCellByIndex(sheet01, n, 1, dZO): null

16-05-2025T12:08:19 - [TEST_STEP][PASSED] - setValueToCellByIndex(sheet01, n, 2, typeOfData): null

16-05-2025T12:08:19 - [TEST_STEP][PASSED] - if (typeOfData == "Факт в процентах" || typeOfData == "План в процентах"): null

16-05-2025T12:08:19 - [TEST_STEP][PASSED] - else: null

16-05-2025T12:08:19 - [TEST_STEP][PASSED] - setValueToCellByIndex(sheet01, n, 3, fileInt): null

16-05-2025T12:08:19 - [TEST_STEP][PASSED] - setValueToCellByIndex(sheet01, n, 4, pageInt): null

16-05-2025T12:08:19 - [TEST_STEP][PASSED] - setValueToCellByIndex(sheet01, n, 5, m): null

16-05-2025T12:08:19 - [TEST_STEP][PASSED] - setValueToCellByIndex(sheet01, n, 6, y): null

16-05-2025T12:08:19 - [TEST_STEP][PASSED] - setValueToCellByIndex(sheet01, n, 7, todaysDate): null

16-05-2025T12:08:19 - [TEST_STEP][PASSED] - n = n + 1: null

16-05-2025T12:08:19 - [TEST_STEP][PASSED] - saveWorkbook(excelFilePath, workbook01): Object: 'Object Repository/Выполнение бизнес-плана/Кнопка Факт' is clicked on

16-05-2025T12:08:19 - [TEST_STEP][PASSED] - if (planFact == 2): Object: 'Object Repository/Выполнение бизнес-плана/Кнопка Факт' is clicked on

16-05-2025T12:08:19 - [TEST_STEP][PASSED] - click(findTestObject("Выполнение бизнес-плана/Кнопка Факт")): Object: 'Object Repository/Выполнение бизнес-плана/Кнопка Факт' is clicked on

16-05-2025T12:08:19 - [MESSAGE][PASSED] - Object: 'Object Repository/Выполнение бизнес-плана/Кнопка Факт' is clicked on

16-05-2025T12:08:19 - [TEST_STEP][PASSED] - println("a=" + a): null

16-05-2025T12:08:19 - [TEST_STEP][PASSED] - if (a == 84 || a == 82): null

16-05-2025T12:08:19 - [TEST_STEP][PASSED] - else if (a == 83 || a == 52 || a == 72 || a == 28 || a == 73 || a == 77 || a == 74 || a == 65 || a == 36 || a == 44 || a == 53 || a == 80 || a == 54 || a == 1 || a == 18 || a == 59 || a == 81): null

16-05-2025T12:08:19 - [TEST_STEP][PASSED] - else: null

16-05-2025T12:08:19 - [TEST_STEP][PASSED] - page1 = getText(findTestObject("Object Repository/Выполнение бизнес-плана/spanPlan" + filialNum)): Text of object 'Object Repository/Выполнение бизнес-плана/spanPlan3' is: '8.51
|'

16-05-2025T12:08:20 - [MESSAGE][PASSED] - Text of object 'Object Repository/Выполнение бизнес-плана/spanPlan3' is: '8.51
|'

16-05-2025T12:08:20 - [TEST_STEP][PASSED] - page1 = page1.replace("|", ""): null

16-05-2025T12:08:20 - [TEST_STEP][PASSED] - page2 = getText(findTestObject("Object Repository/Выполнение бизнес-плана/spanFact" + filialNum)): Text of object 'Object Repository/Выполнение бизнес-плана/spanFact3' is: '7.38
|'

16-05-2025T12:08:20 - [MESSAGE][PASSED] - Text of object 'Object Repository/Выполнение бизнес-плана/spanFact3' is: '7.38
|'

16-05-2025T12:08:20 - [TEST_STEP][PASSED] - page2 = page2.replace("|", ""): null

16-05-2025T12:08:20 - [TEST_STEP][PASSED] - println("page1: " + page1): null

16-05-2025T12:08:20 - [TEST_STEP][PASSED] - println("page2: " + page2): null

16-05-2025T12:08:20 - [TEST_STEP][PASSED] - file = findTestData("PlanFact").getValue(4, a): null

16-05-2025T12:08:20 - [TEST_STEP][PASSED] - file = file.replace(",", "."): null

16-05-2025T12:08:20 - [TEST_STEP][PASSED] - println("file Plan: " + file): null

16-05-2025T12:08:20 - [TEST_STEP][PASSED] - typeOfData = "План в процентах": null

16-05-2025T12:08:20 - [TEST_STEP][PASSED] - fileDouble = file.toDouble(): null

16-05-2025T12:08:20 - [TEST_STEP][PASSED] - pageDouble = page1.toDouble(): null

16-05-2025T12:08:20 - [TEST_STEP][PASSED] - if (fileDouble != pageDouble): null

16-05-2025T12:08:20 - [TEST_STEP][PASSED] - numberOfErrors = numberOfErrors + 1: null

16-05-2025T12:08:20 - [TEST_STEP][PASSED] - Script1718980020443.WriteToExcel(a, typeOfData, todaysDate, pageInt, fileInt, pageDouble, fileDouble, dZO): null

16-05-2025T12:08:20 - [TEST_STEP][PASSED] - sheetName = "Sheet1": null

16-05-2025T12:08:20 - [TEST_STEP][PASSED] - data = findTestData("PlanFact"): null

16-05-2025T12:08:20 - [TEST_STEP][PASSED] - n = data.getRowNumbers() + 1: null

16-05-2025T12:08:20 - [TEST_STEP][PASSED] - day = ")).toInteger(): null

16-05-2025T12:08:20 - [TEST_STEP][PASSED] - println(day): null

16-05-2025T12:08:20 - [TEST_STEP][PASSED] - month = ")).toInteger(): null

16-05-2025T12:08:20 - [TEST_STEP][PASSED] - println(month): null

16-05-2025T12:08:20 - [TEST_STEP][PASSED] - y = <not implemented yet for class: org.codehaus.groovy.ast.expr.EmptyExpression>: null

16-05-2025T12:08:20 - [TEST_STEP][PASSED] - iy = <not implemented yet for class: org.codehaus.groovy.ast.expr.EmptyExpression>: null

16-05-2025T12:08:20 - [TEST_STEP][PASSED] - m = getText(findTestObject("Выполнение бизнес-плана/Период")): Text of object 'Object Repository/Выполнение бизнес-плана/Период' is: '1 кв. 2025 года'

16-05-2025T12:08:20 - [MESSAGE][PASSED] - Text of object 'Object Repository/Выполнение бизнес-плана/Период' is: '1 кв. 2025 года'

16-05-2025T12:08:20 - [TEST_STEP][PASSED] - iy = m.indexOf("20"): null

16-05-2025T12:08:20 - [TEST_STEP][PASSED] - if (iy > -1): null

16-05-2025T12:08:20 - [TEST_STEP][PASSED] - y = substring(iy, iy + 4).toInteger(): null

16-05-2025T12:08:20 - [TEST_STEP][PASSED] - println(y): null

16-05-2025T12:08:20 - [TEST_STEP][PASSED] - if (toString().length() == 4): null

16-05-2025T12:08:20 - [TEST_STEP][PASSED] - m = m.substring(0, m.indexOf(y.toString())): null

16-05-2025T12:08:20 - [TEST_STEP][PASSED] - m = m.trim(): null

16-05-2025T12:08:20 - [TEST_STEP][PASSED] - if (m == ""): null

16-05-2025T12:08:20 - [TEST_STEP][PASSED] - dashboardName = "Выполнение бизнес-плана": null

16-05-2025T12:08:20 - [TEST_STEP][PASSED] - workbook01 = getWorkbook(excelFilePath): null

16-05-2025T12:08:20 - [TEST_STEP][PASSED] - sheet01 = getExcelSheet(workbook01, sheetName): null

16-05-2025T12:08:20 - [TEST_STEP][PASSED] - setValueToCellByIndex(sheet01, n, 0, dashboardName): null

16-05-2025T12:08:20 - [TEST_STEP][PASSED] - setValueToCellByIndex(sheet01, n, 1, dZO): null

16-05-2025T12:08:20 - [TEST_STEP][PASSED] - setValueToCellByIndex(sheet01, n, 2, typeOfData): null

16-05-2025T12:08:20 - [TEST_STEP][PASSED] - if (typeOfData == "Факт в процентах" || typeOfData == "План в процентах"): null

16-05-2025T12:08:20 - [TEST_STEP][PASSED] - setValueToCellByIndex(sheet01, n, 3, fileDouble): null

16-05-2025T12:08:20 - [TEST_STEP][PASSED] - setValueToCellByIndex(sheet01, n, 4, pageDouble): null

16-05-2025T12:08:20 - [TEST_STEP][PASSED] - setValueToCellByIndex(sheet01, n, 5, m): null

16-05-2025T12:08:20 - [TEST_STEP][PASSED] - setValueToCellByIndex(sheet01, n, 6, y): null

16-05-2025T12:08:20 - [TEST_STEP][PASSED] - setValueToCellByIndex(sheet01, n, 7, todaysDate): null

16-05-2025T12:08:20 - [TEST_STEP][PASSED] - n = n + 1: null

16-05-2025T12:08:20 - [TEST_STEP][PASSED] - saveWorkbook(excelFilePath, workbook01): null

16-05-2025T12:08:21 - [TEST_STEP][PASSED] - file = findTestData("PlanFact").getValue(7, a): null

16-05-2025T12:08:21 - [TEST_STEP][PASSED] - file = file.replace(",", "."): null

16-05-2025T12:08:21 - [TEST_STEP][PASSED] - println("file Fact: " + file): null

16-05-2025T12:08:21 - [TEST_STEP][PASSED] - fileDouble = file.toDouble(): null

16-05-2025T12:08:21 - [TEST_STEP][PASSED] - typeOfData = "Факт в процентах": null

16-05-2025T12:08:21 - [TEST_STEP][PASSED] - fileDouble = file.toDouble(): null

16-05-2025T12:08:21 - [TEST_STEP][PASSED] - pageDouble = page2.toDouble(): null

16-05-2025T12:08:21 - [TEST_STEP][PASSED] - if (fileDouble != pageDouble): null

16-05-2025T12:08:21 - [TEST_STEP][PASSED] - numberOfErrors = numberOfErrors + 1: null

16-05-2025T12:08:21 - [TEST_STEP][PASSED] - Script1718980020443.WriteToExcel(a, typeOfData, todaysDate, pageInt, fileInt, pageDouble, fileDouble, dZO): null

16-05-2025T12:08:21 - [TEST_STEP][PASSED] - sheetName = "Sheet1": null

16-05-2025T12:08:21 - [TEST_STEP][PASSED] - data = findTestData("PlanFact"): null

16-05-2025T12:08:21 - [TEST_STEP][PASSED] - n = data.getRowNumbers() + 1: null

16-05-2025T12:08:21 - [TEST_STEP][PASSED] - day = ")).toInteger(): null

16-05-2025T12:08:21 - [TEST_STEP][PASSED] - println(day): null

16-05-2025T12:08:21 - [TEST_STEP][PASSED] - month = ")).toInteger(): null

16-05-2025T12:08:21 - [TEST_STEP][PASSED] - println(month): null

16-05-2025T12:08:21 - [TEST_STEP][PASSED] - y = <not implemented yet for class: org.codehaus.groovy.ast.expr.EmptyExpression>: null

16-05-2025T12:08:21 - [TEST_STEP][PASSED] - iy = <not implemented yet for class: org.codehaus.groovy.ast.expr.EmptyExpression>: null

16-05-2025T12:08:21 - [TEST_STEP][PASSED] - m = getText(findTestObject("Выполнение бизнес-плана/Период")): Text of object 'Object Repository/Выполнение бизнес-плана/Период' is: '1 кв. 2025 года'

16-05-2025T12:08:21 - [MESSAGE][PASSED] - Text of object 'Object Repository/Выполнение бизнес-плана/Период' is: '1 кв. 2025 года'

16-05-2025T12:08:21 - [TEST_STEP][PASSED] - iy = m.indexOf("20"): null

16-05-2025T12:08:21 - [TEST_STEP][PASSED] - if (iy > -1): null

16-05-2025T12:08:21 - [TEST_STEP][PASSED] - y = substring(iy, iy + 4).toInteger(): null

16-05-2025T12:08:21 - [TEST_STEP][PASSED] - println(y): null

16-05-2025T12:08:21 - [TEST_STEP][PASSED] - if (toString().length() == 4): null

16-05-2025T12:08:21 - [TEST_STEP][PASSED] - m = m.substring(0, m.indexOf(y.toString())): null

16-05-2025T12:08:21 - [TEST_STEP][PASSED] - m = m.trim(): null

16-05-2025T12:08:21 - [TEST_STEP][PASSED] - if (m == ""): null

16-05-2025T12:08:21 - [TEST_STEP][PASSED] - dashboardName = "Выполнение бизнес-плана": null

16-05-2025T12:08:21 - [TEST_STEP][PASSED] - workbook01 = getWorkbook(excelFilePath): null

16-05-2025T12:08:21 - [TEST_STEP][PASSED] - sheet01 = getExcelSheet(workbook01, sheetName): null

16-05-2025T12:08:21 - [TEST_STEP][PASSED] - setValueToCellByIndex(sheet01, n, 0, dashboardName): null

16-05-2025T12:08:21 - [TEST_STEP][PASSED] - setValueToCellByIndex(sheet01, n, 1, dZO): null

16-05-2025T12:08:21 - [TEST_STEP][PASSED] - setValueToCellByIndex(sheet01, n, 2, typeOfData): null

16-05-2025T12:08:21 - [TEST_STEP][PASSED] - if (typeOfData == "Факт в процентах" || typeOfData == "План в процентах"): null

16-05-2025T12:08:21 - [TEST_STEP][PASSED] - setValueToCellByIndex(sheet01, n, 3, fileDouble): null

16-05-2025T12:08:21 - [TEST_STEP][PASSED] - setValueToCellByIndex(sheet01, n, 4, pageDouble): null

16-05-2025T12:08:21 - [TEST_STEP][PASSED] - setValueToCellByIndex(sheet01, n, 5, m): null

16-05-2025T12:08:21 - [TEST_STEP][PASSED] - setValueToCellByIndex(sheet01, n, 6, y): null

16-05-2025T12:08:21 - [TEST_STEP][PASSED] - setValueToCellByIndex(sheet01, n, 7, todaysDate): null

16-05-2025T12:08:21 - [TEST_STEP][PASSED] - n = n + 1: null

16-05-2025T12:08:21 - [TEST_STEP][PASSED] - saveWorkbook(excelFilePath, workbook01): null

16-05-2025T12:08:21 - [TEST_STEP][FAILED] - if (verifyEqual(numberOfErrors, 0) == false): null

16-05-2025T12:08:21 - [MESSAGE][FAILED] - Unable to verify equal between actual object '6' and expected object '0' (Root cause: com.kms.katalon.core.exception.StepFailedException: Actual object '6' and expected object '0' are not equal
	at com.kms.katalon.core.keyword.builtin.VerifyEqualKeyword$_verifyEqual_closure1.doCall(VerifyEqualKeyword.groovy:58)
	at com.kms.katalon.core.keyword.builtin.VerifyEqualKeyword$_verifyEqual_closure1.call(VerifyEqualKeyword.groovy)
	at com.kms.katalon.core.keyword.internal.KeywordMain.runKeyword(KeywordMain.groovy:75)
	at com.kms.katalon.core.keyword.builtin.VerifyEqualKeyword.verifyEqual(VerifyEqualKeyword.groovy:63)
	at com.kms.katalon.core.keyword.builtin.VerifyEqualKeyword.execute(VerifyEqualKeyword.groovy:44)
	at com.kms.katalon.core.keyword.internal.KeywordExecutor.executeKeywordForPlatform(KeywordExecutor.groovy:74)
	at com.kms.katalon.core.keyword.BuiltinKeywords.verifyEqual(BuiltinKeywords.groovy:146)
	at jdk.internal.reflect.GeneratedMethodAccessor24.invoke(Unknown Source)
	at java.base/jdk.internal.reflect.DelegatingMethodAccessorImpl.invoke(DelegatingMethodAccessorImpl.java:43)
	at Выполнение бизнес-плана Сверка ПАО Россети все филиалы.Numbers(Выполнение бизнес-плана Сверка ПАО Россети все филиалы:740)
	at Выполнение бизнес-плана Сверка ПАО Россети все филиалы.Filials(Выполнение бизнес-плана Сверка ПАО Россети все филиалы:1737)
	at Выполнение бизнес-плана Сверка ПАО Россети все филиалы.Numbers(Выполнение бизнес-плана Сверка ПАО Россети все филиалы:747)
	at Выполнение бизнес-плана Сверка ПАО Россети все филиалы.run(Выполнение бизнес-плана Сверка ПАО Россети все филиалы:395)
	at com.kms.katalon.core.main.ScriptEngine.run(ScriptEngine.java:194)
	at com.kms.katalon.core.main.ScriptEngine.runScriptAsRawText(ScriptEngine.java:119)
	at com.kms.katalon.core.main.TestCaseExecutor.runScript(TestCaseExecutor.java:448)
	at com.kms.katalon.core.main.TestCaseExecutor.doExecute(TestCaseExecutor.java:439)
	at com.kms.katalon.core.main.TestCaseExecutor.processExecutionPhase(TestCaseExecutor.java:418)
	at com.kms.katalon.core.main.TestCaseExecutor.accessMainPhase(TestCaseExecutor.java:410)
	at com.kms.katalon.core.main.TestCaseExecutor.execute(TestCaseExecutor.java:285)
	at com.kms.katalon.core.common.CommonExecutor.accessTestCaseMainPhase(CommonExecutor.java:65)
	at com.kms.katalon.core.main.TestSuiteExecutor.accessTestSuiteMainPhase(TestSuiteExecutor.java:150)
	at com.kms.katalon.core.main.TestSuiteExecutor.execute(TestSuiteExecutor.java:106)
	at com.kms.katalon.core.main.TestCaseMain.startTestSuite(TestCaseMain.java:180)
	at TempTestSuite1747369435659.run(TempTestSuite1747369435659.groovy:35)
	at java.base/jdk.internal.reflect.NativeMethodAccessorImpl.invoke0(Native Method)
	at java.base/jdk.internal.reflect.NativeMethodAccessorImpl.invoke(NativeMethodAccessorImpl.java:77)
	at java.base/jdk.internal.reflect.DelegatingMethodAccessorImpl.invoke(DelegatingMethodAccessorImpl.java:43)
)

16-05-2025T12:08:21 - [TEST_STEP][PASSED] - println(numberOfErrors): null

16-05-2025T12:08:21 - [TEST_STEP][PASSED] - println("a=" + a): null

16-05-2025T12:08:21 - [TEST_STEP][PASSED] - if (a == 28 || a == 77 || a == 74 || a == 65 || a == 36 || a == 44 || a == 54 || a == 1 || a == 18 || a == 59): null

16-05-2025T12:08:21 - [TEST_STEP][PASSED] - if (a == 82): null

16-05-2025T12:08:21 - [TEST_STEP][PASSED] - dZO = "Калмэнерго": null

16-05-2025T12:08:21 - [TEST_STEP][PASSED] - a = 62: null

16-05-2025T12:08:21 - [TEST_STEP][PASSED] - if (x2.contains(dZO)): null

16-05-2025T12:08:21 - [TEST_STEP][PASSED] - filialNum = filialNum + 1: null

16-05-2025T12:08:21 - [TEST_STEP][PASSED] - Script1718980020443.Numbers(a, typeOfData, todaysDate, pageInt, fileInt, pageDouble, fileDouble, dZO, dzoNum, filialNum): null

16-05-2025T12:08:21 - [TEST_STEP][PASSED] - println(dzoNum): null

16-05-2025T12:08:21 - [TEST_STEP][PASSED] - planFact = <not implemented yet for class: org.codehaus.groovy.ast.expr.EmptyExpression>: null

16-05-2025T12:08:21 - [TEST_STEP][PASSED] - page = <not implemented yet for class: org.codehaus.groovy.ast.expr.EmptyExpression>: null

16-05-2025T12:08:21 - [TEST_STEP][PASSED] - page1 = <not implemented yet for class: org.codehaus.groovy.ast.expr.EmptyExpression>: null

16-05-2025T12:08:21 - [TEST_STEP][PASSED] - page2 = <not implemented yet for class: org.codehaus.groovy.ast.expr.EmptyExpression>: null

16-05-2025T12:08:21 - [TEST_STEP][PASSED] - filialNumberInRow = <not implemented yet for class: org.codehaus.groovy.ast.expr.EmptyExpression>: null

16-05-2025T12:08:21 - [TEST_STEP][PASSED] - filialsDzoNames = <not implemented yet for class: org.codehaus.groovy.ast.expr.EmptyExpression>: null

16-05-2025T12:08:21 - [TEST_STEP][PASSED] - numberOfFilials = <not implemented yet for class: org.codehaus.groovy.ast.expr.EmptyExpression>: null

16-05-2025T12:08:21 - [TEST_STEP][PASSED] - numberOfSpaces = <not implemented yet for class: org.codehaus.groovy.ast.expr.EmptyExpression>: null

16-05-2025T12:08:21 - [TEST_STEP][PASSED] - file = <not implemented yet for class: org.codehaus.groovy.ast.expr.EmptyExpression>: null

16-05-2025T12:08:21 - [TEST_STEP][PASSED] - otpusk = <not implemented yet for class: org.codehaus.groovy.ast.expr.EmptyExpression>: null

16-05-2025T12:08:21 - [TEST_STEP][PASSED] - poteri = <not implemented yet for class: org.codehaus.groovy.ast.expr.EmptyExpression>: null

16-05-2025T12:08:21 - [TEST_STEP][PASSED] - dataFolder = "Выполнение бизнес-плана/Значения со страницы Выполнение бизнес-плана/": null

16-05-2025T12:08:21 - [TEST_STEP][PASSED] - path = <not implemented yet for class: org.codehaus.groovy.ast.expr.EmptyExpression>: null

16-05-2025T12:08:21 - [TEST_STEP][PASSED] - typeOfDataMain = <not implemented yet for class: org.codehaus.groovy.ast.expr.EmptyExpression>: null

16-05-2025T12:08:21 - [TEST_STEP][PASSED] - fileOtpuskVSet = <not implemented yet for class: org.codehaus.groovy.ast.expr.EmptyExpression>: null

16-05-2025T12:08:21 - [TEST_STEP][PASSED] - pageOtpuskVSet = <not implemented yet for class: org.codehaus.groovy.ast.expr.EmptyExpression>: null

16-05-2025T12:08:21 - [TEST_STEP][PASSED] - filePoteri = <not implemented yet for class: org.codehaus.groovy.ast.expr.EmptyExpression>: null

16-05-2025T12:08:21 - [TEST_STEP][PASSED] - pagePoteri = <not implemented yet for class: org.codehaus.groovy.ast.expr.EmptyExpression>: null

16-05-2025T12:08:21 - [TEST_STEP][PASSED] - compare = <not implemented yet for class: org.codehaus.groovy.ast.expr.EmptyExpression>: null

16-05-2025T12:08:21 - [TEST_STEP][PASSED] - b = <not implemented yet for class: org.codehaus.groovy.ast.expr.EmptyExpression>: null

16-05-2025T12:08:21 - [TEST_STEP][PASSED] - i = <not implemented yet for class: org.codehaus.groovy.ast.expr.EmptyExpression>: null

16-05-2025T12:08:21 - [TEST_STEP][PASSED] - ii = <not implemented yet for class: org.codehaus.groovy.ast.expr.EmptyExpression>: null

16-05-2025T12:08:21 - [TEST_STEP][PASSED] - c = <not implemented yet for class: org.codehaus.groovy.ast.expr.EmptyExpression>: null

16-05-2025T12:08:21 - [TEST_STEP][PASSED] - numberOfErrors = 0: null

16-05-2025T12:08:21 - [TEST_STEP][PASSED] - if (a == 82): null

16-05-2025T12:08:21 - [TEST_STEP][PASSED] - b = findTestData("PlanFact").getValue(1, a): null

16-05-2025T12:08:21 - [TEST_STEP][PASSED] - i = b.indexOf(" (ГК)"): null

16-05-2025T12:08:21 - [TEST_STEP][PASSED] - if (i > -1): null

16-05-2025T12:08:21 - [TEST_STEP][PASSED] - i = b.indexOf("О ""): null

16-05-2025T12:08:21 - [TEST_STEP][PASSED] - if (i > -1): null

16-05-2025T12:08:21 - [TEST_STEP][PASSED] - i = b.indexOf("О «"): null

16-05-2025T12:08:21 - [TEST_STEP][PASSED] - if (i > -1): null

16-05-2025T12:08:21 - [TEST_STEP][PASSED] - i = b.indexOf("г. "): null

16-05-2025T12:08:21 - [TEST_STEP][PASSED] - if (i > -1): null

16-05-2025T12:08:21 - [TEST_STEP][PASSED] - b = b.trim(): null

16-05-2025T12:08:21 - [TEST_STEP][PASSED] - println(b): null

16-05-2025T12:08:21 - [TEST_STEP][PASSED] - for ([planFact = 1, planFact < 3, (planFact++)]): null

16-05-2025T12:08:21 - [TEST_STEP][PASSED] - if (planFact == 1): null

16-05-2025T12:08:21 - [TEST_STEP][PASSED] - typeOfDataMain = "Факт": null

16-05-2025T12:08:21 - [TEST_STEP][PASSED] - otpusk = findTestData("PlanFact").getValue(5, a): null

16-05-2025T12:08:21 - [TEST_STEP][PASSED] - poteri = findTestData("PlanFact").getValue(6, a): null

16-05-2025T12:08:21 - [TEST_STEP][PASSED] - otpusk = otpusk.replaceAll("\s+", ""): null

16-05-2025T12:08:21 - [TEST_STEP][PASSED] - poteri = poteri.replaceAll("\s+", ""): null

16-05-2025T12:08:21 - [TEST_STEP][PASSED] - typeOfData = typeOfDataMain + " Отпуск в сеть": null

16-05-2025T12:08:21 - [TEST_STEP][PASSED] - if (a == 82): null

16-05-2025T12:08:21 - [TEST_STEP][PASSED] - else if (a == 84): null

16-05-2025T12:08:21 - [TEST_STEP][PASSED] - else if (a == 83 || a == 52 || a == 72 || a == 28 || a == 73 || a == 77 || a == 74 || a == 65 || a == 36 || a == 44 || a == 53 || a == 80 || a == 54 || a == 1 || a == 18 || a == 59 || a == 81): null

16-05-2025T12:08:21 - [TEST_STEP][PASSED] - else: null

16-05-2025T12:08:21 - [TEST_STEP][PASSED] - path = dataFolder + typeOfData + " за отчётный период " + b: null

16-05-2025T12:08:21 - [TEST_STEP][PASSED] - println(path): null

16-05-2025T12:08:21 - [TEST_STEP][PASSED] - page = getText(findTestObject(path)): Text of object 'Object Repository/Выполнение бизнес-плана/Значения со страницы Выполнение бизнес-плана/Факт Отпуск в сеть за отчётный период Калмэнерго' is: '81 664'

16-05-2025T12:08:22 - [MESSAGE][PASSED] - Text of object 'Object Repository/Выполнение бизнес-плана/Значения со страницы Выполнение бизнес-плана/Факт Отпуск в сеть за отчётный период Калмэнерго' is: '81 664'

16-05-2025T12:08:22 - [TEST_STEP][PASSED] - if (page == "" || page == null): null

16-05-2025T12:08:22 - [TEST_STEP][PASSED] - else: null

16-05-2025T12:08:22 - [TEST_STEP][PASSED] - page = page.replaceAll("\s+", ""): null

16-05-2025T12:08:22 - [TEST_STEP][PASSED] - if (page == "undefined"): null

16-05-2025T12:08:22 - [TEST_STEP][PASSED] - fileOtpuskVSet = otpusk.toInteger(): null

16-05-2025T12:08:22 - [TEST_STEP][PASSED] - pageOtpuskVSet = page.toInteger(): null

16-05-2025T12:08:22 - [TEST_STEP][PASSED] - typeOfData = typeOfDataMain + " Потери": null

16-05-2025T12:08:22 - [TEST_STEP][PASSED] - if (a == 82): null

16-05-2025T12:08:22 - [TEST_STEP][PASSED] - else if (a == 84): null

16-05-2025T12:08:22 - [TEST_STEP][PASSED] - else if (a == 83 || a == 52 || a == 72 || a == 28 || a == 73 || a == 77 || a == 74 || a == 65 || a == 36 || a == 44 || a == 53 || a == 80 || a == 54 || a == 1 || a == 18 || a == 59 || a == 81): null

16-05-2025T12:08:22 - [TEST_STEP][PASSED] - else: null

16-05-2025T12:08:22 - [TEST_STEP][PASSED] - path = dataFolder + typeOfData + " за отчётный период " + b: null

16-05-2025T12:08:22 - [TEST_STEP][PASSED] - page = getText(findTestObject(path)): Text of object 'Object Repository/Выполнение бизнес-плана/Значения со страницы Выполнение бизнес-плана/Факт Потери за отчётный период Калмэнерго' is: '21 020'

16-05-2025T12:08:22 - [MESSAGE][PASSED] - Text of object 'Object Repository/Выполнение бизнес-плана/Значения со страницы Выполнение бизнес-плана/Факт Потери за отчётный период Калмэнерго' is: '21 020'

16-05-2025T12:08:22 - [TEST_STEP][PASSED] - if (page == "" || page == null): null

16-05-2025T12:08:22 - [TEST_STEP][PASSED] - else: null

16-05-2025T12:08:22 - [TEST_STEP][PASSED] - page = page.replaceAll("\s+", ""): null

16-05-2025T12:08:22 - [TEST_STEP][PASSED] - if (page == "undefined"): null

16-05-2025T12:08:22 - [TEST_STEP][PASSED] - filePoteri = poteri.toInteger(): null

16-05-2025T12:08:22 - [TEST_STEP][PASSED] - pagePoteri = page.toInteger(): null

16-05-2025T12:08:22 - [TEST_STEP][PASSED] - compare = pageOtpuskVSet: null

16-05-2025T12:08:22 - [TEST_STEP][PASSED] - if (pageOtpuskVSet != null): null

16-05-2025T12:08:22 - [TEST_STEP][PASSED] - if (compare == fileOtpuskVSet): null

16-05-2025T12:08:22 - [TEST_STEP][PASSED] - else if (compare > fileOtpuskVSet): null

16-05-2025T12:08:22 - [TEST_STEP][PASSED] - else if (compare < fileOtpuskVSet): null

16-05-2025T12:08:22 - [TEST_STEP][PASSED] - compare = compare + 1: null

16-05-2025T12:08:22 - [TEST_STEP][PASSED] - if (compare == fileOtpuskVSet): null

16-05-2025T12:08:22 - [TEST_STEP][PASSED] - else: null

16-05-2025T12:08:22 - [TEST_STEP][PASSED] - numberOfErrors = numberOfErrors + 1: null

16-05-2025T12:08:22 - [TEST_STEP][PASSED] - pageInt = pageOtpuskVSet: null

16-05-2025T12:08:22 - [TEST_STEP][PASSED] - fileInt = fileOtpuskVSet: null

16-05-2025T12:08:22 - [TEST_STEP][PASSED] - typeOfData = typeOfDataMain + " Отпуск в сеть": null

16-05-2025T12:08:22 - [TEST_STEP][PASSED] - Script1718980020443.WriteToExcel(a, typeOfData, todaysDate, pageInt, fileInt, pageDouble, fileDouble, dZO): null

16-05-2025T12:08:22 - [TEST_STEP][PASSED] - sheetName = "Sheet1": null

16-05-2025T12:08:22 - [TEST_STEP][PASSED] - data = findTestData("PlanFact"): null

16-05-2025T12:08:22 - [TEST_STEP][PASSED] - n = data.getRowNumbers() + 1: null

16-05-2025T12:08:22 - [TEST_STEP][PASSED] - day = ")).toInteger(): null

16-05-2025T12:08:22 - [TEST_STEP][PASSED] - println(day): null

16-05-2025T12:08:22 - [TEST_STEP][PASSED] - month = ")).toInteger(): null

16-05-2025T12:08:22 - [TEST_STEP][PASSED] - println(month): null

16-05-2025T12:08:22 - [TEST_STEP][PASSED] - y = <not implemented yet for class: org.codehaus.groovy.ast.expr.EmptyExpression>: null

16-05-2025T12:08:22 - [TEST_STEP][PASSED] - iy = <not implemented yet for class: org.codehaus.groovy.ast.expr.EmptyExpression>: null

16-05-2025T12:08:22 - [TEST_STEP][PASSED] - m = getText(findTestObject("Выполнение бизнес-плана/Период")): Text of object 'Object Repository/Выполнение бизнес-плана/Период' is: '1 кв. 2025 года'

16-05-2025T12:08:22 - [MESSAGE][PASSED] - Text of object 'Object Repository/Выполнение бизнес-плана/Период' is: '1 кв. 2025 года'

16-05-2025T12:08:22 - [TEST_STEP][PASSED] - iy = m.indexOf("20"): null

16-05-2025T12:08:22 - [TEST_STEP][PASSED] - if (iy > -1): null

16-05-2025T12:08:22 - [TEST_STEP][PASSED] - y = substring(iy, iy + 4).toInteger(): null

16-05-2025T12:08:22 - [TEST_STEP][PASSED] - println(y): null

16-05-2025T12:08:22 - [TEST_STEP][PASSED] - if (toString().length() == 4): null

16-05-2025T12:08:22 - [TEST_STEP][PASSED] - m = m.substring(0, m.indexOf(y.toString())): null

16-05-2025T12:08:22 - [TEST_STEP][PASSED] - m = m.trim(): null

16-05-2025T12:08:22 - [TEST_STEP][PASSED] - if (m == ""): null

16-05-2025T12:08:22 - [TEST_STEP][PASSED] - dashboardName = "Выполнение бизнес-плана": null

16-05-2025T12:08:22 - [TEST_STEP][PASSED] - workbook01 = getWorkbook(excelFilePath): null

16-05-2025T12:08:22 - [TEST_STEP][PASSED] - sheet01 = getExcelSheet(workbook01, sheetName): null

16-05-2025T12:08:22 - [TEST_STEP][PASSED] - setValueToCellByIndex(sheet01, n, 0, dashboardName): null

16-05-2025T12:08:22 - [TEST_STEP][PASSED] - setValueToCellByIndex(sheet01, n, 1, dZO): null

16-05-2025T12:08:22 - [TEST_STEP][PASSED] - setValueToCellByIndex(sheet01, n, 2, typeOfData): null

16-05-2025T12:08:22 - [TEST_STEP][PASSED] - if (typeOfData == "Факт в процентах" || typeOfData == "План в процентах"): null

16-05-2025T12:08:22 - [TEST_STEP][PASSED] - else: null

16-05-2025T12:08:22 - [TEST_STEP][PASSED] - setValueToCellByIndex(sheet01, n, 3, fileInt): null

16-05-2025T12:08:22 - [TEST_STEP][PASSED] - setValueToCellByIndex(sheet01, n, 4, pageInt): null

16-05-2025T12:08:22 - [TEST_STEP][PASSED] - setValueToCellByIndex(sheet01, n, 5, m): null

16-05-2025T12:08:22 - [TEST_STEP][PASSED] - setValueToCellByIndex(sheet01, n, 6, y): null

16-05-2025T12:08:22 - [TEST_STEP][PASSED] - setValueToCellByIndex(sheet01, n, 7, todaysDate): null

16-05-2025T12:08:22 - [TEST_STEP][PASSED] - n = n + 1: null

16-05-2025T12:08:22 - [TEST_STEP][PASSED] - saveWorkbook(excelFilePath, workbook01): null

16-05-2025T12:08:23 - [TEST_STEP][PASSED] - compare = pagePoteri: null

16-05-2025T12:08:23 - [TEST_STEP][PASSED] - if (pageOtpuskVSet != null): null

16-05-2025T12:08:23 - [TEST_STEP][PASSED] - if (compare == filePoteri): null

16-05-2025T12:08:23 - [TEST_STEP][PASSED] - else if (compare > filePoteri): null

16-05-2025T12:08:23 - [TEST_STEP][PASSED] - else if (compare < filePoteri): null

16-05-2025T12:08:23 - [TEST_STEP][PASSED] - compare = compare + 1: null

16-05-2025T12:08:23 - [TEST_STEP][PASSED] - if (compare == filePoteri): null

16-05-2025T12:08:23 - [TEST_STEP][PASSED] - else: null

16-05-2025T12:08:23 - [TEST_STEP][PASSED] - numberOfErrors = numberOfErrors + 1: null

16-05-2025T12:08:23 - [TEST_STEP][PASSED] - pageInt = pagePoteri: null

16-05-2025T12:08:23 - [TEST_STEP][PASSED] - fileInt = filePoteri: null

16-05-2025T12:08:23 - [TEST_STEP][PASSED] - typeOfData = typeOfDataMain + " Потери": null

16-05-2025T12:08:23 - [TEST_STEP][PASSED] - Script1718980020443.WriteToExcel(a, typeOfData, todaysDate, pageInt, fileInt, pageDouble, fileDouble, dZO): null

16-05-2025T12:08:23 - [TEST_STEP][PASSED] - sheetName = "Sheet1": null

16-05-2025T12:08:23 - [TEST_STEP][PASSED] - data = findTestData("PlanFact"): null

16-05-2025T12:08:23 - [TEST_STEP][PASSED] - n = data.getRowNumbers() + 1: null

16-05-2025T12:08:23 - [TEST_STEP][PASSED] - day = ")).toInteger(): null

16-05-2025T12:08:23 - [TEST_STEP][PASSED] - println(day): null

16-05-2025T12:08:23 - [TEST_STEP][PASSED] - month = ")).toInteger(): null

16-05-2025T12:08:23 - [TEST_STEP][PASSED] - println(month): null

16-05-2025T12:08:23 - [TEST_STEP][PASSED] - y = <not implemented yet for class: org.codehaus.groovy.ast.expr.EmptyExpression>: null

16-05-2025T12:08:23 - [TEST_STEP][PASSED] - iy = <not implemented yet for class: org.codehaus.groovy.ast.expr.EmptyExpression>: null

16-05-2025T12:08:23 - [TEST_STEP][PASSED] - m = getText(findTestObject("Выполнение бизнес-плана/Период")): Text of object 'Object Repository/Выполнение бизнес-плана/Период' is: '1 кв. 2025 года'

16-05-2025T12:08:23 - [MESSAGE][PASSED] - Text of object 'Object Repository/Выполнение бизнес-плана/Период' is: '1 кв. 2025 года'

16-05-2025T12:08:23 - [TEST_STEP][PASSED] - iy = m.indexOf("20"): null

16-05-2025T12:08:23 - [TEST_STEP][PASSED] - if (iy > -1): null

16-05-2025T12:08:23 - [TEST_STEP][PASSED] - y = substring(iy, iy + 4).toInteger(): null

16-05-2025T12:08:23 - [TEST_STEP][PASSED] - println(y): null

16-05-2025T12:08:23 - [TEST_STEP][PASSED] - if (toString().length() == 4): null

16-05-2025T12:08:23 - [TEST_STEP][PASSED] - m = m.substring(0, m.indexOf(y.toString())): null

16-05-2025T12:08:23 - [TEST_STEP][PASSED] - m = m.trim(): null

16-05-2025T12:08:23 - [TEST_STEP][PASSED] - if (m == ""): null

16-05-2025T12:08:23 - [TEST_STEP][PASSED] - dashboardName = "Выполнение бизнес-плана": null

16-05-2025T12:08:23 - [TEST_STEP][PASSED] - workbook01 = getWorkbook(excelFilePath): null

16-05-2025T12:08:23 - [TEST_STEP][PASSED] - sheet01 = getExcelSheet(workbook01, sheetName): null

16-05-2025T12:08:23 - [TEST_STEP][PASSED] - setValueToCellByIndex(sheet01, n, 0, dashboardName): null

16-05-2025T12:08:23 - [TEST_STEP][PASSED] - setValueToCellByIndex(sheet01, n, 1, dZO): null

16-05-2025T12:08:23 - [TEST_STEP][PASSED] - setValueToCellByIndex(sheet01, n, 2, typeOfData): null

16-05-2025T12:08:23 - [TEST_STEP][PASSED] - if (typeOfData == "Факт в процентах" || typeOfData == "План в процентах"): null

16-05-2025T12:08:23 - [TEST_STEP][PASSED] - else: null

16-05-2025T12:08:23 - [TEST_STEP][PASSED] - setValueToCellByIndex(sheet01, n, 3, fileInt): null

16-05-2025T12:08:23 - [TEST_STEP][PASSED] - setValueToCellByIndex(sheet01, n, 4, pageInt): null

16-05-2025T12:08:23 - [TEST_STEP][PASSED] - setValueToCellByIndex(sheet01, n, 5, m): null

16-05-2025T12:08:23 - [TEST_STEP][PASSED] - setValueToCellByIndex(sheet01, n, 6, y): null

16-05-2025T12:08:23 - [TEST_STEP][PASSED] - setValueToCellByIndex(sheet01, n, 7, todaysDate): null

16-05-2025T12:08:23 - [TEST_STEP][PASSED] - n = n + 1: null

16-05-2025T12:08:23 - [TEST_STEP][PASSED] - saveWorkbook(excelFilePath, workbook01): null

16-05-2025T12:08:23 - [TEST_STEP][PASSED] - if (planFact == 2): null

16-05-2025T12:08:23 - [TEST_STEP][PASSED] - if (planFact == 1): null

16-05-2025T12:08:23 - [TEST_STEP][PASSED] - else if (planFact == 2): null

16-05-2025T12:08:23 - [TEST_STEP][PASSED] - click(findTestObject("Выполнение бизнес-плана/Кнопка План")): Object: 'Object Repository/Выполнение бизнес-плана/Кнопка План' is clicked on

16-05-2025T12:08:24 - [MESSAGE][PASSED] - Object: 'Object Repository/Выполнение бизнес-плана/Кнопка План' is clicked on

16-05-2025T12:08:24 - [TEST_STEP][PASSED] - typeOfDataMain = "План": null

16-05-2025T12:08:24 - [TEST_STEP][PASSED] - otpusk = findTestData("PlanFact").getValue(2, a): null

16-05-2025T12:08:24 - [TEST_STEP][PASSED] - poteri = findTestData("PlanFact").getValue(3, a): null

16-05-2025T12:08:24 - [TEST_STEP][PASSED] - otpusk = otpusk.replaceAll("\s+", ""): null

16-05-2025T12:08:24 - [TEST_STEP][PASSED] - poteri = poteri.replaceAll("\s+", ""): null

16-05-2025T12:08:24 - [TEST_STEP][PASSED] - typeOfData = typeOfDataMain + " Отпуск в сеть": null

16-05-2025T12:08:24 - [TEST_STEP][PASSED] - if (a == 82): null

16-05-2025T12:08:24 - [TEST_STEP][PASSED] - else if (a == 84): null

16-05-2025T12:08:24 - [TEST_STEP][PASSED] - else if (a == 83 || a == 52 || a == 72 || a == 28 || a == 73 || a == 77 || a == 74 || a == 65 || a == 36 || a == 44 || a == 53 || a == 80 || a == 54 || a == 1 || a == 18 || a == 59 || a == 81): null

16-05-2025T12:08:24 - [TEST_STEP][PASSED] - else: null

16-05-2025T12:08:24 - [TEST_STEP][PASSED] - path = dataFolder + typeOfData + " за отчётный период " + b: null

16-05-2025T12:08:24 - [TEST_STEP][PASSED] - println(path): null

16-05-2025T12:08:24 - [TEST_STEP][PASSED] - page = getText(findTestObject(path)): Text of object 'Object Repository/Выполнение бизнес-плана/Значения со страницы Выполнение бизнес-плана/План Отпуск в сеть за отчётный период Калмэнерго' is: '86 395'

16-05-2025T12:08:24 - [MESSAGE][PASSED] - Text of object 'Object Repository/Выполнение бизнес-плана/Значения со страницы Выполнение бизнес-плана/План Отпуск в сеть за отчётный период Калмэнерго' is: '86 395'

16-05-2025T12:08:24 - [TEST_STEP][PASSED] - if (page == "" || page == null): null

16-05-2025T12:08:24 - [TEST_STEP][PASSED] - else: null

16-05-2025T12:08:24 - [TEST_STEP][PASSED] - page = page.replaceAll("\s+", ""): null

16-05-2025T12:08:24 - [TEST_STEP][PASSED] - if (page == "undefined"): null

16-05-2025T12:08:24 - [TEST_STEP][PASSED] - fileOtpuskVSet = otpusk.toInteger(): null

16-05-2025T12:08:24 - [TEST_STEP][PASSED] - pageOtpuskVSet = page.toInteger(): null

16-05-2025T12:08:24 - [TEST_STEP][PASSED] - typeOfData = typeOfDataMain + " Потери": null

16-05-2025T12:08:24 - [TEST_STEP][PASSED] - if (a == 82): null

16-05-2025T12:08:24 - [TEST_STEP][PASSED] - else if (a == 84): null

16-05-2025T12:08:24 - [TEST_STEP][PASSED] - else if (a == 83 || a == 52 || a == 72 || a == 28 || a == 73 || a == 77 || a == 74 || a == 65 || a == 36 || a == 44 || a == 53 || a == 80 || a == 54 || a == 1 || a == 18 || a == 59 || a == 81): null

16-05-2025T12:08:24 - [TEST_STEP][PASSED] - else: null

16-05-2025T12:08:24 - [TEST_STEP][PASSED] - path = dataFolder + typeOfData + " за отчётный период " + b: null

16-05-2025T12:08:24 - [TEST_STEP][PASSED] - page = getText(findTestObject(path)): Text of object 'Object Repository/Выполнение бизнес-плана/Значения со страницы Выполнение бизнес-плана/План Потери за отчётный период Калмэнерго' is: '23 319'

16-05-2025T12:08:24 - [MESSAGE][PASSED] - Text of object 'Object Repository/Выполнение бизнес-плана/Значения со страницы Выполнение бизнес-плана/План Потери за отчётный период Калмэнерго' is: '23 319'

16-05-2025T12:08:24 - [TEST_STEP][PASSED] - if (page == "" || page == null): null

16-05-2025T12:08:24 - [TEST_STEP][PASSED] - else: null

16-05-2025T12:08:24 - [TEST_STEP][PASSED] - page = page.replaceAll("\s+", ""): null

16-05-2025T12:08:24 - [TEST_STEP][PASSED] - if (page == "undefined"): null

16-05-2025T12:08:24 - [TEST_STEP][PASSED] - filePoteri = poteri.toInteger(): null

16-05-2025T12:08:24 - [TEST_STEP][PASSED] - pagePoteri = page.toInteger(): null

16-05-2025T12:08:24 - [TEST_STEP][PASSED] - compare = pageOtpuskVSet: null

16-05-2025T12:08:24 - [TEST_STEP][PASSED] - if (pageOtpuskVSet != null): null

16-05-2025T12:08:24 - [TEST_STEP][PASSED] - if (compare == fileOtpuskVSet): null

16-05-2025T12:08:24 - [TEST_STEP][PASSED] - else if (compare > fileOtpuskVSet): null

16-05-2025T12:08:24 - [TEST_STEP][PASSED] - else if (compare < fileOtpuskVSet): null

16-05-2025T12:08:24 - [TEST_STEP][PASSED] - compare = compare + 1: null

16-05-2025T12:08:24 - [TEST_STEP][PASSED] - if (compare == fileOtpuskVSet): null

16-05-2025T12:08:24 - [TEST_STEP][PASSED] - else: null

16-05-2025T12:08:24 - [TEST_STEP][PASSED] - numberOfErrors = numberOfErrors + 1: null

16-05-2025T12:08:24 - [TEST_STEP][PASSED] - pageInt = pageOtpuskVSet: null

16-05-2025T12:08:24 - [TEST_STEP][PASSED] - fileInt = fileOtpuskVSet: null

16-05-2025T12:08:24 - [TEST_STEP][PASSED] - typeOfData = typeOfDataMain + " Отпуск в сеть": null

16-05-2025T12:08:24 - [TEST_STEP][PASSED] - Script1718980020443.WriteToExcel(a, typeOfData, todaysDate, pageInt, fileInt, pageDouble, fileDouble, dZO): null

16-05-2025T12:08:24 - [TEST_STEP][PASSED] - sheetName = "Sheet1": null

16-05-2025T12:08:24 - [TEST_STEP][PASSED] - data = findTestData("PlanFact"): null

16-05-2025T12:08:25 - [TEST_STEP][PASSED] - n = data.getRowNumbers() + 1: null

16-05-2025T12:08:25 - [TEST_STEP][PASSED] - day = ")).toInteger(): null

16-05-2025T12:08:25 - [TEST_STEP][PASSED] - println(day): null

16-05-2025T12:08:25 - [TEST_STEP][PASSED] - month = ")).toInteger(): null

16-05-2025T12:08:25 - [TEST_STEP][PASSED] - println(month): null

16-05-2025T12:08:25 - [TEST_STEP][PASSED] - y = <not implemented yet for class: org.codehaus.groovy.ast.expr.EmptyExpression>: null

16-05-2025T12:08:25 - [TEST_STEP][PASSED] - iy = <not implemented yet for class: org.codehaus.groovy.ast.expr.EmptyExpression>: null

16-05-2025T12:08:25 - [TEST_STEP][PASSED] - m = getText(findTestObject("Выполнение бизнес-плана/Период")): Text of object 'Object Repository/Выполнение бизнес-плана/Период' is: '1 кв. 2025 года'

16-05-2025T12:08:25 - [MESSAGE][PASSED] - Text of object 'Object Repository/Выполнение бизнес-плана/Период' is: '1 кв. 2025 года'

16-05-2025T12:08:25 - [TEST_STEP][PASSED] - iy = m.indexOf("20"): null

16-05-2025T12:08:25 - [TEST_STEP][PASSED] - if (iy > -1): null

16-05-2025T12:08:25 - [TEST_STEP][PASSED] - y = substring(iy, iy + 4).toInteger(): null

16-05-2025T12:08:25 - [TEST_STEP][PASSED] - println(y): null

16-05-2025T12:08:25 - [TEST_STEP][PASSED] - if (toString().length() == 4): null

16-05-2025T12:08:25 - [TEST_STEP][PASSED] - m = m.substring(0, m.indexOf(y.toString())): null

16-05-2025T12:08:25 - [TEST_STEP][PASSED] - m = m.trim(): null

16-05-2025T12:08:25 - [TEST_STEP][PASSED] - if (m == ""): null

16-05-2025T12:08:25 - [TEST_STEP][PASSED] - dashboardName = "Выполнение бизнес-плана": null

16-05-2025T12:08:25 - [TEST_STEP][PASSED] - workbook01 = getWorkbook(excelFilePath): null

16-05-2025T12:08:25 - [TEST_STEP][PASSED] - sheet01 = getExcelSheet(workbook01, sheetName): null

16-05-2025T12:08:25 - [TEST_STEP][PASSED] - setValueToCellByIndex(sheet01, n, 0, dashboardName): null

16-05-2025T12:08:25 - [TEST_STEP][PASSED] - setValueToCellByIndex(sheet01, n, 1, dZO): null

16-05-2025T12:08:25 - [TEST_STEP][PASSED] - setValueToCellByIndex(sheet01, n, 2, typeOfData): null

16-05-2025T12:08:25 - [TEST_STEP][PASSED] - if (typeOfData == "Факт в процентах" || typeOfData == "План в процентах"): null

16-05-2025T12:08:25 - [TEST_STEP][PASSED] - else: null

16-05-2025T12:08:25 - [TEST_STEP][PASSED] - setValueToCellByIndex(sheet01, n, 3, fileInt): null

16-05-2025T12:08:25 - [TEST_STEP][PASSED] - setValueToCellByIndex(sheet01, n, 4, pageInt): null

16-05-2025T12:08:25 - [TEST_STEP][PASSED] - setValueToCellByIndex(sheet01, n, 5, m): null

16-05-2025T12:08:25 - [TEST_STEP][PASSED] - setValueToCellByIndex(sheet01, n, 6, y): null

16-05-2025T12:08:25 - [TEST_STEP][PASSED] - setValueToCellByIndex(sheet01, n, 7, todaysDate): null

16-05-2025T12:08:25 - [TEST_STEP][PASSED] - n = n + 1: null

16-05-2025T12:08:25 - [TEST_STEP][PASSED] - saveWorkbook(excelFilePath, workbook01): null

16-05-2025T12:08:25 - [TEST_STEP][PASSED] - compare = pagePoteri: null

16-05-2025T12:08:25 - [TEST_STEP][PASSED] - if (pageOtpuskVSet != null): null

16-05-2025T12:08:25 - [TEST_STEP][PASSED] - if (compare == filePoteri): null

16-05-2025T12:08:25 - [TEST_STEP][PASSED] - else if (compare > filePoteri): null

16-05-2025T12:08:25 - [TEST_STEP][PASSED] - else if (compare < filePoteri): null

16-05-2025T12:08:25 - [TEST_STEP][PASSED] - compare = compare + 1: null

16-05-2025T12:08:25 - [TEST_STEP][PASSED] - if (compare == filePoteri): null

16-05-2025T12:08:25 - [TEST_STEP][PASSED] - else: null

16-05-2025T12:08:25 - [TEST_STEP][PASSED] - numberOfErrors = numberOfErrors + 1: null

16-05-2025T12:08:25 - [TEST_STEP][PASSED] - pageInt = pagePoteri: null

16-05-2025T12:08:25 - [TEST_STEP][PASSED] - fileInt = filePoteri: null

16-05-2025T12:08:25 - [TEST_STEP][PASSED] - typeOfData = typeOfDataMain + " Потери": null

16-05-2025T12:08:25 - [TEST_STEP][PASSED] - Script1718980020443.WriteToExcel(a, typeOfData, todaysDate, pageInt, fileInt, pageDouble, fileDouble, dZO): null

16-05-2025T12:08:25 - [TEST_STEP][PASSED] - sheetName = "Sheet1": null

16-05-2025T12:08:25 - [TEST_STEP][PASSED] - data = findTestData("PlanFact"): null

16-05-2025T12:08:25 - [TEST_STEP][PASSED] - n = data.getRowNumbers() + 1: null

16-05-2025T12:08:25 - [TEST_STEP][PASSED] - day = ")).toInteger(): null

16-05-2025T12:08:25 - [TEST_STEP][PASSED] - println(day): null

16-05-2025T12:08:25 - [TEST_STEP][PASSED] - month = ")).toInteger(): null

16-05-2025T12:08:25 - [TEST_STEP][PASSED] - println(month): null

16-05-2025T12:08:25 - [TEST_STEP][PASSED] - y = <not implemented yet for class: org.codehaus.groovy.ast.expr.EmptyExpression>: null

16-05-2025T12:08:25 - [TEST_STEP][PASSED] - iy = <not implemented yet for class: org.codehaus.groovy.ast.expr.EmptyExpression>: null

16-05-2025T12:08:25 - [TEST_STEP][PASSED] - m = getText(findTestObject("Выполнение бизнес-плана/Период")): Text of object 'Object Repository/Выполнение бизнес-плана/Период' is: '1 кв. 2025 года'

16-05-2025T12:08:25 - [MESSAGE][PASSED] - Text of object 'Object Repository/Выполнение бизнес-плана/Период' is: '1 кв. 2025 года'

16-05-2025T12:08:25 - [TEST_STEP][PASSED] - iy = m.indexOf("20"): null

16-05-2025T12:08:25 - [TEST_STEP][PASSED] - if (iy > -1): null

16-05-2025T12:08:25 - [TEST_STEP][PASSED] - y = substring(iy, iy + 4).toInteger(): null

16-05-2025T12:08:25 - [TEST_STEP][PASSED] - println(y): null

16-05-2025T12:08:25 - [TEST_STEP][PASSED] - if (toString().length() == 4): null

16-05-2025T12:08:25 - [TEST_STEP][PASSED] - m = m.substring(0, m.indexOf(y.toString())): null

16-05-2025T12:08:25 - [TEST_STEP][PASSED] - m = m.trim(): null

16-05-2025T12:08:25 - [TEST_STEP][PASSED] - if (m == ""): null

16-05-2025T12:08:25 - [TEST_STEP][PASSED] - dashboardName = "Выполнение бизнес-плана": null

16-05-2025T12:08:25 - [TEST_STEP][PASSED] - workbook01 = getWorkbook(excelFilePath): null

16-05-2025T12:08:26 - [TEST_STEP][PASSED] - sheet01 = getExcelSheet(workbook01, sheetName): null

16-05-2025T12:08:26 - [TEST_STEP][PASSED] - setValueToCellByIndex(sheet01, n, 0, dashboardName): null

16-05-2025T12:08:26 - [TEST_STEP][PASSED] - setValueToCellByIndex(sheet01, n, 1, dZO): null

16-05-2025T12:08:26 - [TEST_STEP][PASSED] - setValueToCellByIndex(sheet01, n, 2, typeOfData): null

16-05-2025T12:08:26 - [TEST_STEP][PASSED] - if (typeOfData == "Факт в процентах" || typeOfData == "План в процентах"): null

16-05-2025T12:08:26 - [TEST_STEP][PASSED] - else: null

16-05-2025T12:08:26 - [TEST_STEP][PASSED] - setValueToCellByIndex(sheet01, n, 3, fileInt): null

16-05-2025T12:08:26 - [TEST_STEP][PASSED] - setValueToCellByIndex(sheet01, n, 4, pageInt): null

16-05-2025T12:08:26 - [TEST_STEP][PASSED] - setValueToCellByIndex(sheet01, n, 5, m): null

16-05-2025T12:08:26 - [TEST_STEP][PASSED] - setValueToCellByIndex(sheet01, n, 6, y): null

16-05-2025T12:08:26 - [TEST_STEP][PASSED] - setValueToCellByIndex(sheet01, n, 7, todaysDate): null

16-05-2025T12:08:26 - [TEST_STEP][PASSED] - n = n + 1: null

16-05-2025T12:08:26 - [TEST_STEP][PASSED] - saveWorkbook(excelFilePath, workbook01): Object: 'Object Repository/Выполнение бизнес-плана/Кнопка Факт' is clicked on

16-05-2025T12:08:26 - [TEST_STEP][PASSED] - if (planFact == 2): Object: 'Object Repository/Выполнение бизнес-плана/Кнопка Факт' is clicked on

16-05-2025T12:08:26 - [TEST_STEP][PASSED] - click(findTestObject("Выполнение бизнес-плана/Кнопка Факт")): Object: 'Object Repository/Выполнение бизнес-плана/Кнопка Факт' is clicked on

16-05-2025T12:08:26 - [MESSAGE][PASSED] - Object: 'Object Repository/Выполнение бизнес-плана/Кнопка Факт' is clicked on

16-05-2025T12:08:26 - [TEST_STEP][PASSED] - println("a=" + a): null

16-05-2025T12:08:26 - [TEST_STEP][PASSED] - if (a == 84 || a == 82): null

16-05-2025T12:08:26 - [TEST_STEP][PASSED] - else if (a == 83 || a == 52 || a == 72 || a == 28 || a == 73 || a == 77 || a == 74 || a == 65 || a == 36 || a == 44 || a == 53 || a == 80 || a == 54 || a == 1 || a == 18 || a == 59 || a == 81): null

16-05-2025T12:08:26 - [TEST_STEP][PASSED] - else: null

16-05-2025T12:08:26 - [TEST_STEP][PASSED] - page1 = getText(findTestObject("Object Repository/Выполнение бизнес-плана/spanPlan" + filialNum)): Text of object 'Object Repository/Выполнение бизнес-плана/spanPlan4' is: '26.99
|'

16-05-2025T12:08:26 - [MESSAGE][PASSED] - Text of object 'Object Repository/Выполнение бизнес-плана/spanPlan4' is: '26.99
|'

16-05-2025T12:08:26 - [TEST_STEP][PASSED] - page1 = page1.replace("|", ""): null

16-05-2025T12:08:26 - [TEST_STEP][PASSED] - page2 = getText(findTestObject("Object Repository/Выполнение бизнес-плана/spanFact" + filialNum)): Text of object 'Object Repository/Выполнение бизнес-плана/spanFact4' is: '25.74
|'

16-05-2025T12:08:27 - [MESSAGE][PASSED] - Text of object 'Object Repository/Выполнение бизнес-плана/spanFact4' is: '25.74
|'

16-05-2025T12:08:27 - [TEST_STEP][PASSED] - page2 = page2.replace("|", ""): null

16-05-2025T12:08:27 - [TEST_STEP][PASSED] - println("page1: " + page1): null

16-05-2025T12:08:27 - [TEST_STEP][PASSED] - println("page2: " + page2): null

16-05-2025T12:08:27 - [TEST_STEP][PASSED] - file = findTestData("PlanFact").getValue(4, a): null

16-05-2025T12:08:27 - [TEST_STEP][PASSED] - file = file.replace(",", "."): null

16-05-2025T12:08:27 - [TEST_STEP][PASSED] - println("file Plan: " + file): null

16-05-2025T12:08:27 - [TEST_STEP][PASSED] - typeOfData = "План в процентах": null

16-05-2025T12:08:27 - [TEST_STEP][PASSED] - fileDouble = file.toDouble(): null

16-05-2025T12:08:27 - [TEST_STEP][PASSED] - pageDouble = page1.toDouble(): null

16-05-2025T12:08:27 - [TEST_STEP][PASSED] - if (fileDouble != pageDouble): null

16-05-2025T12:08:27 - [TEST_STEP][PASSED] - numberOfErrors = numberOfErrors + 1: null

16-05-2025T12:08:27 - [TEST_STEP][PASSED] - Script1718980020443.WriteToExcel(a, typeOfData, todaysDate, pageInt, fileInt, pageDouble, fileDouble, dZO): null

16-05-2025T12:08:27 - [TEST_STEP][PASSED] - sheetName = "Sheet1": null

16-05-2025T12:08:27 - [TEST_STEP][PASSED] - data = findTestData("PlanFact"): null

16-05-2025T12:08:27 - [TEST_STEP][PASSED] - n = data.getRowNumbers() + 1: null

16-05-2025T12:08:27 - [TEST_STEP][PASSED] - day = ")).toInteger(): null

16-05-2025T12:08:27 - [TEST_STEP][PASSED] - println(day): null

16-05-2025T12:08:27 - [TEST_STEP][PASSED] - month = ")).toInteger(): null

16-05-2025T12:08:27 - [TEST_STEP][PASSED] - println(month): null

16-05-2025T12:08:27 - [TEST_STEP][PASSED] - y = <not implemented yet for class: org.codehaus.groovy.ast.expr.EmptyExpression>: null

16-05-2025T12:08:27 - [TEST_STEP][PASSED] - iy = <not implemented yet for class: org.codehaus.groovy.ast.expr.EmptyExpression>: null

16-05-2025T12:08:27 - [TEST_STEP][PASSED] - m = getText(findTestObject("Выполнение бизнес-плана/Период")): Text of object 'Object Repository/Выполнение бизнес-плана/Период' is: '1 кв. 2025 года'

16-05-2025T12:08:27 - [MESSAGE][PASSED] - Text of object 'Object Repository/Выполнение бизнес-плана/Период' is: '1 кв. 2025 года'

16-05-2025T12:08:27 - [TEST_STEP][PASSED] - iy = m.indexOf("20"): null

16-05-2025T12:08:27 - [TEST_STEP][PASSED] - if (iy > -1): null

16-05-2025T12:08:27 - [TEST_STEP][PASSED] - y = substring(iy, iy + 4).toInteger(): null

16-05-2025T12:08:27 - [TEST_STEP][PASSED] - println(y): null

16-05-2025T12:08:27 - [TEST_STEP][PASSED] - if (toString().length() == 4): null

16-05-2025T12:08:27 - [TEST_STEP][PASSED] - m = m.substring(0, m.indexOf(y.toString())): null

16-05-2025T12:08:27 - [TEST_STEP][PASSED] - m = m.trim(): null

16-05-2025T12:08:27 - [TEST_STEP][PASSED] - if (m == ""): null

16-05-2025T12:08:27 - [TEST_STEP][PASSED] - dashboardName = "Выполнение бизнес-плана": null

16-05-2025T12:08:27 - [TEST_STEP][PASSED] - workbook01 = getWorkbook(excelFilePath): null

16-05-2025T12:08:27 - [TEST_STEP][PASSED] - sheet01 = getExcelSheet(workbook01, sheetName): null

16-05-2025T12:08:27 - [TEST_STEP][PASSED] - setValueToCellByIndex(sheet01, n, 0, dashboardName): null

16-05-2025T12:08:27 - [TEST_STEP][PASSED] - setValueToCellByIndex(sheet01, n, 1, dZO): null

16-05-2025T12:08:27 - [TEST_STEP][PASSED] - setValueToCellByIndex(sheet01, n, 2, typeOfData): null

16-05-2025T12:08:27 - [TEST_STEP][PASSED] - if (typeOfData == "Факт в процентах" || typeOfData == "План в процентах"): null

16-05-2025T12:08:27 - [TEST_STEP][PASSED] - setValueToCellByIndex(sheet01, n, 3, fileDouble): null

16-05-2025T12:08:27 - [TEST_STEP][PASSED] - setValueToCellByIndex(sheet01, n, 4, pageDouble): null

16-05-2025T12:08:27 - [TEST_STEP][PASSED] - setValueToCellByIndex(sheet01, n, 5, m): null

16-05-2025T12:08:27 - [TEST_STEP][PASSED] - setValueToCellByIndex(sheet01, n, 6, y): null

16-05-2025T12:08:27 - [TEST_STEP][PASSED] - setValueToCellByIndex(sheet01, n, 7, todaysDate): null

16-05-2025T12:08:27 - [TEST_STEP][PASSED] - n = n + 1: null

16-05-2025T12:08:27 - [TEST_STEP][PASSED] - saveWorkbook(excelFilePath, workbook01): null

16-05-2025T12:08:27 - [TEST_STEP][PASSED] - file = findTestData("PlanFact").getValue(7, a): null

16-05-2025T12:08:27 - [TEST_STEP][PASSED] - file = file.replace(",", "."): null

16-05-2025T12:08:27 - [TEST_STEP][PASSED] - println("file Fact: " + file): null

16-05-2025T12:08:27 - [TEST_STEP][PASSED] - fileDouble = file.toDouble(): null

16-05-2025T12:08:27 - [TEST_STEP][PASSED] - typeOfData = "Факт в процентах": null

16-05-2025T12:08:27 - [TEST_STEP][PASSED] - fileDouble = file.toDouble(): null

16-05-2025T12:08:27 - [TEST_STEP][PASSED] - pageDouble = page2.toDouble(): null

16-05-2025T12:08:27 - [TEST_STEP][PASSED] - if (fileDouble != pageDouble): null

16-05-2025T12:08:27 - [TEST_STEP][PASSED] - numberOfErrors = numberOfErrors + 1: null

16-05-2025T12:08:27 - [TEST_STEP][PASSED] - Script1718980020443.WriteToExcel(a, typeOfData, todaysDate, pageInt, fileInt, pageDouble, fileDouble, dZO): null

16-05-2025T12:08:27 - [TEST_STEP][PASSED] - sheetName = "Sheet1": null

16-05-2025T12:08:27 - [TEST_STEP][PASSED] - data = findTestData("PlanFact"): null

16-05-2025T12:08:27 - [TEST_STEP][PASSED] - n = data.getRowNumbers() + 1: null

16-05-2025T12:08:27 - [TEST_STEP][PASSED] - day = ")).toInteger(): null

16-05-2025T12:08:27 - [TEST_STEP][PASSED] - println(day): null

16-05-2025T12:08:27 - [TEST_STEP][PASSED] - month = ")).toInteger(): null

16-05-2025T12:08:27 - [TEST_STEP][PASSED] - println(month): null

16-05-2025T12:08:27 - [TEST_STEP][PASSED] - y = <not implemented yet for class: org.codehaus.groovy.ast.expr.EmptyExpression>: null

16-05-2025T12:08:27 - [TEST_STEP][PASSED] - iy = <not implemented yet for class: org.codehaus.groovy.ast.expr.EmptyExpression>: null

16-05-2025T12:08:27 - [TEST_STEP][PASSED] - m = getText(findTestObject("Выполнение бизнес-плана/Период")): Text of object 'Object Repository/Выполнение бизнес-плана/Период' is: '1 кв. 2025 года'

16-05-2025T12:08:28 - [MESSAGE][PASSED] - Text of object 'Object Repository/Выполнение бизнес-плана/Период' is: '1 кв. 2025 года'

16-05-2025T12:08:28 - [TEST_STEP][PASSED] - iy = m.indexOf("20"): null

16-05-2025T12:08:28 - [TEST_STEP][PASSED] - if (iy > -1): null

16-05-2025T12:08:28 - [TEST_STEP][PASSED] - y = substring(iy, iy + 4).toInteger(): null

16-05-2025T12:08:28 - [TEST_STEP][PASSED] - println(y): null

16-05-2025T12:08:28 - [TEST_STEP][PASSED] - if (toString().length() == 4): null

16-05-2025T12:08:28 - [TEST_STEP][PASSED] - m = m.substring(0, m.indexOf(y.toString())): null

16-05-2025T12:08:28 - [TEST_STEP][PASSED] - m = m.trim(): null

16-05-2025T12:08:28 - [TEST_STEP][PASSED] - if (m == ""): null

16-05-2025T12:08:28 - [TEST_STEP][PASSED] - dashboardName = "Выполнение бизнес-плана": null

16-05-2025T12:08:28 - [TEST_STEP][PASSED] - workbook01 = getWorkbook(excelFilePath): null

16-05-2025T12:08:28 - [TEST_STEP][PASSED] - sheet01 = getExcelSheet(workbook01, sheetName): null

16-05-2025T12:08:28 - [TEST_STEP][PASSED] - setValueToCellByIndex(sheet01, n, 0, dashboardName): null

16-05-2025T12:08:28 - [TEST_STEP][PASSED] - setValueToCellByIndex(sheet01, n, 1, dZO): null

16-05-2025T12:08:28 - [TEST_STEP][PASSED] - setValueToCellByIndex(sheet01, n, 2, typeOfData): null

16-05-2025T12:08:28 - [TEST_STEP][PASSED] - if (typeOfData == "Факт в процентах" || typeOfData == "План в процентах"): null

16-05-2025T12:08:28 - [TEST_STEP][PASSED] - setValueToCellByIndex(sheet01, n, 3, fileDouble): null

16-05-2025T12:08:28 - [TEST_STEP][PASSED] - setValueToCellByIndex(sheet01, n, 4, pageDouble): null

16-05-2025T12:08:28 - [TEST_STEP][PASSED] - setValueToCellByIndex(sheet01, n, 5, m): null

16-05-2025T12:08:28 - [TEST_STEP][PASSED] - setValueToCellByIndex(sheet01, n, 6, y): null

16-05-2025T12:08:28 - [TEST_STEP][PASSED] - setValueToCellByIndex(sheet01, n, 7, todaysDate): null

16-05-2025T12:08:28 - [TEST_STEP][PASSED] - n = n + 1: null

16-05-2025T12:08:28 - [TEST_STEP][PASSED] - saveWorkbook(excelFilePath, workbook01): null

16-05-2025T12:08:28 - [TEST_STEP][FAILED] - if (verifyEqual(numberOfErrors, 0) == false): null

16-05-2025T12:08:28 - [MESSAGE][FAILED] - Unable to verify equal between actual object '6' and expected object '0' (Root cause: com.kms.katalon.core.exception.StepFailedException: Actual object '6' and expected object '0' are not equal
	at com.kms.katalon.core.keyword.builtin.VerifyEqualKeyword$_verifyEqual_closure1.doCall(VerifyEqualKeyword.groovy:58)
	at com.kms.katalon.core.keyword.builtin.VerifyEqualKeyword$_verifyEqual_closure1.call(VerifyEqualKeyword.groovy)
	at com.kms.katalon.core.keyword.internal.KeywordMain.runKeyword(KeywordMain.groovy:75)
	at com.kms.katalon.core.keyword.builtin.VerifyEqualKeyword.verifyEqual(VerifyEqualKeyword.groovy:63)
	at com.kms.katalon.core.keyword.builtin.VerifyEqualKeyword.execute(VerifyEqualKeyword.groovy:44)
	at com.kms.katalon.core.keyword.internal.KeywordExecutor.executeKeywordForPlatform(KeywordExecutor.groovy:74)
	at com.kms.katalon.core.keyword.BuiltinKeywords.verifyEqual(BuiltinKeywords.groovy:146)
	at jdk.internal.reflect.GeneratedMethodAccessor24.invoke(Unknown Source)
	at java.base/jdk.internal.reflect.DelegatingMethodAccessorImpl.invoke(DelegatingMethodAccessorImpl.java:43)
	at Выполнение бизнес-плана Сверка ПАО Россети все филиалы.Numbers(Выполнение бизнес-плана Сверка ПАО Россети все филиалы:740)
	at Выполнение бизнес-плана Сверка ПАО Россети все филиалы.Filials(Выполнение бизнес-плана Сверка ПАО Россети все филиалы:1749)
	at Выполнение бизнес-плана Сверка ПАО Россети все филиалы.Numbers(Выполнение бизнес-плана Сверка ПАО Россети все филиалы:747)
	at Выполнение бизнес-плана Сверка ПАО Россети все филиалы.run(Выполнение бизнес-плана Сверка ПАО Россети все филиалы:395)
	at com.kms.katalon.core.main.ScriptEngine.run(ScriptEngine.java:194)
	at com.kms.katalon.core.main.ScriptEngine.runScriptAsRawText(ScriptEngine.java:119)
	at com.kms.katalon.core.main.TestCaseExecutor.runScript(TestCaseExecutor.java:448)
	at com.kms.katalon.core.main.TestCaseExecutor.doExecute(TestCaseExecutor.java:439)
	at com.kms.katalon.core.main.TestCaseExecutor.processExecutionPhase(TestCaseExecutor.java:418)
	at com.kms.katalon.core.main.TestCaseExecutor.accessMainPhase(TestCaseExecutor.java:410)
	at com.kms.katalon.core.main.TestCaseExecutor.execute(TestCaseExecutor.java:285)
	at com.kms.katalon.core.common.CommonExecutor.accessTestCaseMainPhase(CommonExecutor.java:65)
	at com.kms.katalon.core.main.TestSuiteExecutor.accessTestSuiteMainPhase(TestSuiteExecutor.java:150)
	at com.kms.katalon.core.main.TestSuiteExecutor.execute(TestSuiteExecutor.java:106)
	at com.kms.katalon.core.main.TestCaseMain.startTestSuite(TestCaseMain.java:180)
	at TempTestSuite1747369435659.run(TempTestSuite1747369435659.groovy:35)
	at java.base/jdk.internal.reflect.NativeMethodAccessorImpl.invoke0(Native Method)
	at java.base/jdk.internal.reflect.NativeMethodAccessorImpl.invoke(NativeMethodAccessorImpl.java:77)
	at java.base/jdk.internal.reflect.DelegatingMethodAccessorImpl.invoke(DelegatingMethodAccessorImpl.java:43)
)

16-05-2025T12:08:28 - [TEST_STEP][PASSED] - println(numberOfErrors): null

16-05-2025T12:08:28 - [TEST_STEP][PASSED] - println("a=" + a): null

16-05-2025T12:08:28 - [TEST_STEP][PASSED] - if (a == 28 || a == 77 || a == 74 || a == 65 || a == 36 || a == 44 || a == 54 || a == 1 || a == 18 || a == 59): null

16-05-2025T12:08:28 - [TEST_STEP][PASSED] - if (a == 82): null

16-05-2025T12:08:28 - [TEST_STEP][PASSED] - dZO = "Ростовэнерго": null

16-05-2025T12:08:28 - [TEST_STEP][PASSED] - a = 63: null

16-05-2025T12:08:28 - [TEST_STEP][PASSED] - if (x2.contains(dZO)): null

16-05-2025T12:08:28 - [TEST_STEP][PASSED] - filialNum = filialNum + 1: null

16-05-2025T12:08:28 - [TEST_STEP][PASSED] - Script1718980020443.Numbers(a, typeOfData, todaysDate, pageInt, fileInt, pageDouble, fileDouble, dZO, dzoNum, filialNum): null

16-05-2025T12:08:28 - [TEST_STEP][PASSED] - println(dzoNum): null

16-05-2025T12:08:28 - [TEST_STEP][PASSED] - planFact = <not implemented yet for class: org.codehaus.groovy.ast.expr.EmptyExpression>: null

16-05-2025T12:08:28 - [TEST_STEP][PASSED] - page = <not implemented yet for class: org.codehaus.groovy.ast.expr.EmptyExpression>: null

16-05-2025T12:08:28 - [TEST_STEP][PASSED] - page1 = <not implemented yet for class: org.codehaus.groovy.ast.expr.EmptyExpression>: null

16-05-2025T12:08:28 - [TEST_STEP][PASSED] - page2 = <not implemented yet for class: org.codehaus.groovy.ast.expr.EmptyExpression>: null

16-05-2025T12:08:28 - [TEST_STEP][PASSED] - filialNumberInRow = <not implemented yet for class: org.codehaus.groovy.ast.expr.EmptyExpression>: null

16-05-2025T12:08:28 - [TEST_STEP][PASSED] - filialsDzoNames = <not implemented yet for class: org.codehaus.groovy.ast.expr.EmptyExpression>: null

16-05-2025T12:08:28 - [TEST_STEP][PASSED] - numberOfFilials = <not implemented yet for class: org.codehaus.groovy.ast.expr.EmptyExpression>: null

16-05-2025T12:08:28 - [TEST_STEP][PASSED] - numberOfSpaces = <not implemented yet for class: org.codehaus.groovy.ast.expr.EmptyExpression>: null

16-05-2025T12:08:28 - [TEST_STEP][PASSED] - file = <not implemented yet for class: org.codehaus.groovy.ast.expr.EmptyExpression>: null

16-05-2025T12:08:28 - [TEST_STEP][PASSED] - otpusk = <not implemented yet for class: org.codehaus.groovy.ast.expr.EmptyExpression>: null

16-05-2025T12:08:28 - [TEST_STEP][PASSED] - poteri = <not implemented yet for class: org.codehaus.groovy.ast.expr.EmptyExpression>: null

16-05-2025T12:08:28 - [TEST_STEP][PASSED] - dataFolder = "Выполнение бизнес-плана/Значения со страницы Выполнение бизнес-плана/": null

16-05-2025T12:08:28 - [TEST_STEP][PASSED] - path = <not implemented yet for class: org.codehaus.groovy.ast.expr.EmptyExpression>: null

16-05-2025T12:08:28 - [TEST_STEP][PASSED] - typeOfDataMain = <not implemented yet for class: org.codehaus.groovy.ast.expr.EmptyExpression>: null

16-05-2025T12:08:28 - [TEST_STEP][PASSED] - fileOtpuskVSet = <not implemented yet for class: org.codehaus.groovy.ast.expr.EmptyExpression>: null

16-05-2025T12:08:28 - [TEST_STEP][PASSED] - pageOtpuskVSet = <not implemented yet for class: org.codehaus.groovy.ast.expr.EmptyExpression>: null

16-05-2025T12:08:28 - [TEST_STEP][PASSED] - filePoteri = <not implemented yet for class: org.codehaus.groovy.ast.expr.EmptyExpression>: null

16-05-2025T12:08:28 - [TEST_STEP][PASSED] - pagePoteri = <not implemented yet for class: org.codehaus.groovy.ast.expr.EmptyExpression>: null

16-05-2025T12:08:28 - [TEST_STEP][PASSED] - compare = <not implemented yet for class: org.codehaus.groovy.ast.expr.EmptyExpression>: null

16-05-2025T12:08:28 - [TEST_STEP][PASSED] - b = <not implemented yet for class: org.codehaus.groovy.ast.expr.EmptyExpression>: null

16-05-2025T12:08:28 - [TEST_STEP][PASSED] - i = <not implemented yet for class: org.codehaus.groovy.ast.expr.EmptyExpression>: null

16-05-2025T12:08:28 - [TEST_STEP][PASSED] - ii = <not implemented yet for class: org.codehaus.groovy.ast.expr.EmptyExpression>: null

16-05-2025T12:08:28 - [TEST_STEP][PASSED] - c = <not implemented yet for class: org.codehaus.groovy.ast.expr.EmptyExpression>: null

16-05-2025T12:08:28 - [TEST_STEP][PASSED] - numberOfErrors = 0: null

16-05-2025T12:08:28 - [TEST_STEP][PASSED] - if (a == 82): null

16-05-2025T12:08:28 - [TEST_STEP][PASSED] - b = findTestData("PlanFact").getValue(1, a): null

16-05-2025T12:08:28 - [TEST_STEP][PASSED] - i = b.indexOf(" (ГК)"): null

16-05-2025T12:08:28 - [TEST_STEP][PASSED] - if (i > -1): null

16-05-2025T12:08:28 - [TEST_STEP][PASSED] - i = b.indexOf("О ""): null

16-05-2025T12:08:28 - [TEST_STEP][PASSED] - if (i > -1): null

16-05-2025T12:08:28 - [TEST_STEP][PASSED] - i = b.indexOf("О «"): null

16-05-2025T12:08:28 - [TEST_STEP][PASSED] - if (i > -1): null

16-05-2025T12:08:28 - [TEST_STEP][PASSED] - i = b.indexOf("г. "): null

16-05-2025T12:08:28 - [TEST_STEP][PASSED] - if (i > -1): null

16-05-2025T12:08:28 - [TEST_STEP][PASSED] - b = b.trim(): null

16-05-2025T12:08:28 - [TEST_STEP][PASSED] - println(b): null

16-05-2025T12:08:28 - [TEST_STEP][PASSED] - for ([planFact = 1, planFact < 3, (planFact++)]): null

16-05-2025T12:08:28 - [TEST_STEP][PASSED] - if (planFact == 1): null

16-05-2025T12:08:28 - [TEST_STEP][PASSED] - typeOfDataMain = "Факт": null

16-05-2025T12:08:28 - [TEST_STEP][PASSED] - otpusk = findTestData("PlanFact").getValue(5, a): null

16-05-2025T12:08:28 - [TEST_STEP][PASSED] - poteri = findTestData("PlanFact").getValue(6, a): null

16-05-2025T12:08:28 - [TEST_STEP][PASSED] - otpusk = otpusk.replaceAll("\s+", ""): null

16-05-2025T12:08:28 - [TEST_STEP][PASSED] - poteri = poteri.replaceAll("\s+", ""): null

16-05-2025T12:08:28 - [TEST_STEP][PASSED] - typeOfData = typeOfDataMain + " Отпуск в сеть": null

16-05-2025T12:08:28 - [TEST_STEP][PASSED] - if (a == 82): null

16-05-2025T12:08:28 - [TEST_STEP][PASSED] - else if (a == 84): null

16-05-2025T12:08:28 - [TEST_STEP][PASSED] - else if (a == 83 || a == 52 || a == 72 || a == 28 || a == 73 || a == 77 || a == 74 || a == 65 || a == 36 || a == 44 || a == 53 || a == 80 || a == 54 || a == 1 || a == 18 || a == 59 || a == 81): null

16-05-2025T12:08:28 - [TEST_STEP][PASSED] - else: null

16-05-2025T12:08:28 - [TEST_STEP][PASSED] - path = dataFolder + typeOfData + " за отчётный период " + b: null

16-05-2025T12:08:28 - [TEST_STEP][PASSED] - println(path): null

16-05-2025T12:08:28 - [TEST_STEP][PASSED] - page = getText(findTestObject(path)): Text of object 'Object Repository/Выполнение бизнес-плана/Значения со страницы Выполнение бизнес-плана/Факт Отпуск в сеть за отчётный период Ростовэнерго' is: '1 339 315'

16-05-2025T12:08:29 - [MESSAGE][PASSED] - Text of object 'Object Repository/Выполнение бизнес-плана/Значения со страницы Выполнение бизнес-плана/Факт Отпуск в сеть за отчётный период Ростовэнерго' is: '1 339 315'

16-05-2025T12:08:29 - [TEST_STEP][PASSED] - if (page == "" || page == null): null

16-05-2025T12:08:29 - [TEST_STEP][PASSED] - else: null

16-05-2025T12:08:29 - [TEST_STEP][PASSED] - page = page.replaceAll("\s+", ""): null

16-05-2025T12:08:29 - [TEST_STEP][PASSED] - if (page == "undefined"): null

16-05-2025T12:08:29 - [TEST_STEP][PASSED] - fileOtpuskVSet = otpusk.toInteger(): null

16-05-2025T12:08:29 - [TEST_STEP][PASSED] - pageOtpuskVSet = page.toInteger(): null

16-05-2025T12:08:29 - [TEST_STEP][PASSED] - typeOfData = typeOfDataMain + " Потери": null

16-05-2025T12:08:29 - [TEST_STEP][PASSED] - if (a == 82): null

16-05-2025T12:08:29 - [TEST_STEP][PASSED] - else if (a == 84): null

16-05-2025T12:08:29 - [TEST_STEP][PASSED] - else if (a == 83 || a == 52 || a == 72 || a == 28 || a == 73 || a == 77 || a == 74 || a == 65 || a == 36 || a == 44 || a == 53 || a == 80 || a == 54 || a == 1 || a == 18 || a == 59 || a == 81): null

16-05-2025T12:08:29 - [TEST_STEP][PASSED] - else: null

16-05-2025T12:08:29 - [TEST_STEP][PASSED] - path = dataFolder + typeOfData + " за отчётный период " + b: null

16-05-2025T12:08:29 - [TEST_STEP][PASSED] - page = getText(findTestObject(path)): Text of object 'Object Repository/Выполнение бизнес-плана/Значения со страницы Выполнение бизнес-плана/Факт Потери за отчётный период Ростовэнерго' is: '109 266'

16-05-2025T12:08:29 - [MESSAGE][PASSED] - Text of object 'Object Repository/Выполнение бизнес-плана/Значения со страницы Выполнение бизнес-плана/Факт Потери за отчётный период Ростовэнерго' is: '109 266'

16-05-2025T12:08:29 - [TEST_STEP][PASSED] - if (page == "" || page == null): null

16-05-2025T12:08:29 - [TEST_STEP][PASSED] - else: null

16-05-2025T12:08:29 - [TEST_STEP][PASSED] - page = page.replaceAll("\s+", ""): null

16-05-2025T12:08:29 - [TEST_STEP][PASSED] - if (page == "undefined"): null

16-05-2025T12:08:29 - [TEST_STEP][PASSED] - filePoteri = poteri.toInteger(): null

16-05-2025T12:08:29 - [TEST_STEP][PASSED] - pagePoteri = page.toInteger(): null

16-05-2025T12:08:29 - [TEST_STEP][PASSED] - compare = pageOtpuskVSet: null

16-05-2025T12:08:29 - [TEST_STEP][PASSED] - if (pageOtpuskVSet != null): null

16-05-2025T12:08:29 - [TEST_STEP][PASSED] - if (compare == fileOtpuskVSet): null

16-05-2025T12:08:29 - [TEST_STEP][PASSED] - else if (compare > fileOtpuskVSet): null

16-05-2025T12:08:29 - [TEST_STEP][PASSED] - else if (compare < fileOtpuskVSet): null

16-05-2025T12:08:29 - [TEST_STEP][PASSED] - compare = compare + 1: null

16-05-2025T12:08:29 - [TEST_STEP][PASSED] - if (compare == fileOtpuskVSet): null

16-05-2025T12:08:29 - [TEST_STEP][PASSED] - else: null

16-05-2025T12:08:29 - [TEST_STEP][PASSED] - numberOfErrors = numberOfErrors + 1: null

16-05-2025T12:08:29 - [TEST_STEP][PASSED] - pageInt = pageOtpuskVSet: null

16-05-2025T12:08:29 - [TEST_STEP][PASSED] - fileInt = fileOtpuskVSet: null

16-05-2025T12:08:29 - [TEST_STEP][PASSED] - typeOfData = typeOfDataMain + " Отпуск в сеть": null

16-05-2025T12:08:29 - [TEST_STEP][PASSED] - Script1718980020443.WriteToExcel(a, typeOfData, todaysDate, pageInt, fileInt, pageDouble, fileDouble, dZO): null

16-05-2025T12:08:29 - [TEST_STEP][PASSED] - sheetName = "Sheet1": null

16-05-2025T12:08:29 - [TEST_STEP][PASSED] - data = findTestData("PlanFact"): null

16-05-2025T12:08:29 - [TEST_STEP][PASSED] - n = data.getRowNumbers() + 1: null

16-05-2025T12:08:29 - [TEST_STEP][PASSED] - day = ")).toInteger(): null

16-05-2025T12:08:29 - [TEST_STEP][PASSED] - println(day): null

16-05-2025T12:08:29 - [TEST_STEP][PASSED] - month = ")).toInteger(): null

16-05-2025T12:08:29 - [TEST_STEP][PASSED] - println(month): null

16-05-2025T12:08:29 - [TEST_STEP][PASSED] - y = <not implemented yet for class: org.codehaus.groovy.ast.expr.EmptyExpression>: null

16-05-2025T12:08:29 - [TEST_STEP][PASSED] - iy = <not implemented yet for class: org.codehaus.groovy.ast.expr.EmptyExpression>: null

16-05-2025T12:08:29 - [TEST_STEP][PASSED] - m = getText(findTestObject("Выполнение бизнес-плана/Период")): Text of object 'Object Repository/Выполнение бизнес-плана/Период' is: '1 кв. 2025 года'

16-05-2025T12:08:29 - [MESSAGE][PASSED] - Text of object 'Object Repository/Выполнение бизнес-плана/Период' is: '1 кв. 2025 года'

16-05-2025T12:08:29 - [TEST_STEP][PASSED] - iy = m.indexOf("20"): null

16-05-2025T12:08:29 - [TEST_STEP][PASSED] - if (iy > -1): null

16-05-2025T12:08:29 - [TEST_STEP][PASSED] - y = substring(iy, iy + 4).toInteger(): null

16-05-2025T12:08:29 - [TEST_STEP][PASSED] - println(y): null

16-05-2025T12:08:29 - [TEST_STEP][PASSED] - if (toString().length() == 4): null

16-05-2025T12:08:29 - [TEST_STEP][PASSED] - m = m.substring(0, m.indexOf(y.toString())): null

16-05-2025T12:08:29 - [TEST_STEP][PASSED] - m = m.trim(): null

16-05-2025T12:08:29 - [TEST_STEP][PASSED] - if (m == ""): null

16-05-2025T12:08:29 - [TEST_STEP][PASSED] - dashboardName = "Выполнение бизнес-плана": null

16-05-2025T12:08:29 - [TEST_STEP][PASSED] - workbook01 = getWorkbook(excelFilePath): null

16-05-2025T12:08:29 - [TEST_STEP][PASSED] - sheet01 = getExcelSheet(workbook01, sheetName): null

16-05-2025T12:08:29 - [TEST_STEP][PASSED] - setValueToCellByIndex(sheet01, n, 0, dashboardName): null

16-05-2025T12:08:29 - [TEST_STEP][PASSED] - setValueToCellByIndex(sheet01, n, 1, dZO): null

16-05-2025T12:08:29 - [TEST_STEP][PASSED] - setValueToCellByIndex(sheet01, n, 2, typeOfData): null

16-05-2025T12:08:29 - [TEST_STEP][PASSED] - if (typeOfData == "Факт в процентах" || typeOfData == "План в процентах"): null

16-05-2025T12:08:29 - [TEST_STEP][PASSED] - else: null

16-05-2025T12:08:29 - [TEST_STEP][PASSED] - setValueToCellByIndex(sheet01, n, 3, fileInt): null

16-05-2025T12:08:29 - [TEST_STEP][PASSED] - setValueToCellByIndex(sheet01, n, 4, pageInt): null

16-05-2025T12:08:29 - [TEST_STEP][PASSED] - setValueToCellByIndex(sheet01, n, 5, m): null

16-05-2025T12:08:29 - [TEST_STEP][PASSED] - setValueToCellByIndex(sheet01, n, 6, y): null

16-05-2025T12:08:29 - [TEST_STEP][PASSED] - setValueToCellByIndex(sheet01, n, 7, todaysDate): null

16-05-2025T12:08:29 - [TEST_STEP][PASSED] - n = n + 1: null

16-05-2025T12:08:29 - [TEST_STEP][PASSED] - saveWorkbook(excelFilePath, workbook01): null

16-05-2025T12:08:30 - [TEST_STEP][PASSED] - compare = pagePoteri: null

16-05-2025T12:08:30 - [TEST_STEP][PASSED] - if (pageOtpuskVSet != null): null

16-05-2025T12:08:30 - [TEST_STEP][PASSED] - if (compare == filePoteri): null

16-05-2025T12:08:30 - [TEST_STEP][PASSED] - else if (compare > filePoteri): null

16-05-2025T12:08:30 - [TEST_STEP][PASSED] - else if (compare < filePoteri): null

16-05-2025T12:08:30 - [TEST_STEP][PASSED] - compare = compare + 1: null

16-05-2025T12:08:30 - [TEST_STEP][PASSED] - if (compare == filePoteri): null

16-05-2025T12:08:30 - [TEST_STEP][PASSED] - else: null

16-05-2025T12:08:30 - [TEST_STEP][PASSED] - numberOfErrors = numberOfErrors + 1: null

16-05-2025T12:08:30 - [TEST_STEP][PASSED] - pageInt = pagePoteri: null

16-05-2025T12:08:30 - [TEST_STEP][PASSED] - fileInt = filePoteri: null

16-05-2025T12:08:30 - [TEST_STEP][PASSED] - typeOfData = typeOfDataMain + " Потери": null

16-05-2025T12:08:30 - [TEST_STEP][PASSED] - Script1718980020443.WriteToExcel(a, typeOfData, todaysDate, pageInt, fileInt, pageDouble, fileDouble, dZO): null

16-05-2025T12:08:30 - [TEST_STEP][PASSED] - sheetName = "Sheet1": null

16-05-2025T12:08:30 - [TEST_STEP][PASSED] - data = findTestData("PlanFact"): null

16-05-2025T12:08:30 - [TEST_STEP][PASSED] - n = data.getRowNumbers() + 1: null

16-05-2025T12:08:30 - [TEST_STEP][PASSED] - day = ")).toInteger(): null

16-05-2025T12:08:30 - [TEST_STEP][PASSED] - println(day): null

16-05-2025T12:08:30 - [TEST_STEP][PASSED] - month = ")).toInteger(): null

16-05-2025T12:08:30 - [TEST_STEP][PASSED] - println(month): null

16-05-2025T12:08:30 - [TEST_STEP][PASSED] - y = <not implemented yet for class: org.codehaus.groovy.ast.expr.EmptyExpression>: null

16-05-2025T12:08:30 - [TEST_STEP][PASSED] - iy = <not implemented yet for class: org.codehaus.groovy.ast.expr.EmptyExpression>: null

16-05-2025T12:08:30 - [TEST_STEP][PASSED] - m = getText(findTestObject("Выполнение бизнес-плана/Период")): Text of object 'Object Repository/Выполнение бизнес-плана/Период' is: '1 кв. 2025 года'

16-05-2025T12:08:30 - [MESSAGE][PASSED] - Text of object 'Object Repository/Выполнение бизнес-плана/Период' is: '1 кв. 2025 года'

16-05-2025T12:08:30 - [TEST_STEP][PASSED] - iy = m.indexOf("20"): null

16-05-2025T12:08:30 - [TEST_STEP][PASSED] - if (iy > -1): null

16-05-2025T12:08:30 - [TEST_STEP][PASSED] - y = substring(iy, iy + 4).toInteger(): null

16-05-2025T12:08:30 - [TEST_STEP][PASSED] - println(y): null

16-05-2025T12:08:30 - [TEST_STEP][PASSED] - if (toString().length() == 4): null

16-05-2025T12:08:30 - [TEST_STEP][PASSED] - m = m.substring(0, m.indexOf(y.toString())): null

16-05-2025T12:08:30 - [TEST_STEP][PASSED] - m = m.trim(): null

16-05-2025T12:08:30 - [TEST_STEP][PASSED] - if (m == ""): null

16-05-2025T12:08:30 - [TEST_STEP][PASSED] - dashboardName = "Выполнение бизнес-плана": null

16-05-2025T12:08:30 - [TEST_STEP][PASSED] - workbook01 = getWorkbook(excelFilePath): null

16-05-2025T12:08:30 - [TEST_STEP][PASSED] - sheet01 = getExcelSheet(workbook01, sheetName): null

16-05-2025T12:08:30 - [TEST_STEP][PASSED] - setValueToCellByIndex(sheet01, n, 0, dashboardName): null

16-05-2025T12:08:30 - [TEST_STEP][PASSED] - setValueToCellByIndex(sheet01, n, 1, dZO): null

16-05-2025T12:08:30 - [TEST_STEP][PASSED] - setValueToCellByIndex(sheet01, n, 2, typeOfData): null

16-05-2025T12:08:30 - [TEST_STEP][PASSED] - if (typeOfData == "Факт в процентах" || typeOfData == "План в процентах"): null

16-05-2025T12:08:30 - [TEST_STEP][PASSED] - else: null

16-05-2025T12:08:30 - [TEST_STEP][PASSED] - setValueToCellByIndex(sheet01, n, 3, fileInt): null

16-05-2025T12:08:30 - [TEST_STEP][PASSED] - setValueToCellByIndex(sheet01, n, 4, pageInt): null

16-05-2025T12:08:30 - [TEST_STEP][PASSED] - setValueToCellByIndex(sheet01, n, 5, m): null

16-05-2025T12:08:30 - [TEST_STEP][PASSED] - setValueToCellByIndex(sheet01, n, 6, y): null

16-05-2025T12:08:30 - [TEST_STEP][PASSED] - setValueToCellByIndex(sheet01, n, 7, todaysDate): null

16-05-2025T12:08:30 - [TEST_STEP][PASSED] - n = n + 1: null

16-05-2025T12:08:30 - [TEST_STEP][PASSED] - saveWorkbook(excelFilePath, workbook01): null

16-05-2025T12:08:30 - [TEST_STEP][PASSED] - if (planFact == 2): null

16-05-2025T12:08:30 - [TEST_STEP][PASSED] - if (planFact == 1): null

16-05-2025T12:08:30 - [TEST_STEP][PASSED] - else if (planFact == 2): null

16-05-2025T12:08:30 - [TEST_STEP][PASSED] - click(findTestObject("Выполнение бизнес-плана/Кнопка План")): Object: 'Object Repository/Выполнение бизнес-плана/Кнопка План' is clicked on

16-05-2025T12:08:31 - [MESSAGE][PASSED] - Object: 'Object Repository/Выполнение бизнес-плана/Кнопка План' is clicked on

16-05-2025T12:08:31 - [TEST_STEP][PASSED] - typeOfDataMain = "План": null

16-05-2025T12:08:31 - [TEST_STEP][PASSED] - otpusk = findTestData("PlanFact").getValue(2, a): null

16-05-2025T12:08:31 - [TEST_STEP][PASSED] - poteri = findTestData("PlanFact").getValue(3, a): null

16-05-2025T12:08:31 - [TEST_STEP][PASSED] - otpusk = otpusk.replaceAll("\s+", ""): null

16-05-2025T12:08:31 - [TEST_STEP][PASSED] - poteri = poteri.replaceAll("\s+", ""): null

16-05-2025T12:08:31 - [TEST_STEP][PASSED] - typeOfData = typeOfDataMain + " Отпуск в сеть": null

16-05-2025T12:08:31 - [TEST_STEP][PASSED] - if (a == 82): null

16-05-2025T12:08:31 - [TEST_STEP][PASSED] - else if (a == 84): null

16-05-2025T12:08:31 - [TEST_STEP][PASSED] - else if (a == 83 || a == 52 || a == 72 || a == 28 || a == 73 || a == 77 || a == 74 || a == 65 || a == 36 || a == 44 || a == 53 || a == 80 || a == 54 || a == 1 || a == 18 || a == 59 || a == 81): null

16-05-2025T12:08:31 - [TEST_STEP][PASSED] - else: null

16-05-2025T12:08:31 - [TEST_STEP][PASSED] - path = dataFolder + typeOfData + " за отчётный период " + b: null

16-05-2025T12:08:31 - [TEST_STEP][PASSED] - println(path): null

16-05-2025T12:08:31 - [TEST_STEP][PASSED] - page = getText(findTestObject(path)): Text of object 'Object Repository/Выполнение бизнес-плана/Значения со страницы Выполнение бизнес-плана/План Отпуск в сеть за отчётный период Ростовэнерго' is: '1 403 337'

16-05-2025T12:08:31 - [MESSAGE][PASSED] - Text of object 'Object Repository/Выполнение бизнес-плана/Значения со страницы Выполнение бизнес-плана/План Отпуск в сеть за отчётный период Ростовэнерго' is: '1 403 337'

16-05-2025T12:08:31 - [TEST_STEP][PASSED] - if (page == "" || page == null): null

16-05-2025T12:08:31 - [TEST_STEP][PASSED] - else: null

16-05-2025T12:08:31 - [TEST_STEP][PASSED] - page = page.replaceAll("\s+", ""): null

16-05-2025T12:08:31 - [TEST_STEP][PASSED] - if (page == "undefined"): null

16-05-2025T12:08:31 - [TEST_STEP][PASSED] - fileOtpuskVSet = otpusk.toInteger(): null

16-05-2025T12:08:31 - [TEST_STEP][PASSED] - pageOtpuskVSet = page.toInteger(): null

16-05-2025T12:08:31 - [TEST_STEP][PASSED] - typeOfData = typeOfDataMain + " Потери": null

16-05-2025T12:08:31 - [TEST_STEP][PASSED] - if (a == 82): null

16-05-2025T12:08:31 - [TEST_STEP][PASSED] - else if (a == 84): null

16-05-2025T12:08:31 - [TEST_STEP][PASSED] - else if (a == 83 || a == 52 || a == 72 || a == 28 || a == 73 || a == 77 || a == 74 || a == 65 || a == 36 || a == 44 || a == 53 || a == 80 || a == 54 || a == 1 || a == 18 || a == 59 || a == 81): null

16-05-2025T12:08:31 - [TEST_STEP][PASSED] - else: null

16-05-2025T12:08:31 - [TEST_STEP][PASSED] - path = dataFolder + typeOfData + " за отчётный период " + b: null

16-05-2025T12:08:31 - [TEST_STEP][PASSED] - page = getText(findTestObject(path)): Text of object 'Object Repository/Выполнение бизнес-плана/Значения со страницы Выполнение бизнес-плана/План Потери за отчётный период Ростовэнерго' is: '129 545'

16-05-2025T12:08:31 - [MESSAGE][PASSED] - Text of object 'Object Repository/Выполнение бизнес-плана/Значения со страницы Выполнение бизнес-плана/План Потери за отчётный период Ростовэнерго' is: '129 545'

16-05-2025T12:08:31 - [TEST_STEP][PASSED] - if (page == "" || page == null): null

16-05-2025T12:08:31 - [TEST_STEP][PASSED] - else: null

16-05-2025T12:08:31 - [TEST_STEP][PASSED] - page = page.replaceAll("\s+", ""): null

16-05-2025T12:08:31 - [TEST_STEP][PASSED] - if (page == "undefined"): null

16-05-2025T12:08:31 - [TEST_STEP][PASSED] - filePoteri = poteri.toInteger(): null

16-05-2025T12:08:31 - [TEST_STEP][PASSED] - pagePoteri = page.toInteger(): null

16-05-2025T12:08:31 - [TEST_STEP][PASSED] - compare = pageOtpuskVSet: null

16-05-2025T12:08:31 - [TEST_STEP][PASSED] - if (pageOtpuskVSet != null): null

16-05-2025T12:08:31 - [TEST_STEP][PASSED] - if (compare == fileOtpuskVSet): null

16-05-2025T12:08:31 - [TEST_STEP][PASSED] - else if (compare > fileOtpuskVSet): null

16-05-2025T12:08:31 - [TEST_STEP][PASSED] - else if (compare < fileOtpuskVSet): null

16-05-2025T12:08:31 - [TEST_STEP][PASSED] - compare = compare + 1: null

16-05-2025T12:08:31 - [TEST_STEP][PASSED] - if (compare == fileOtpuskVSet): null

16-05-2025T12:08:31 - [TEST_STEP][PASSED] - else: null

16-05-2025T12:08:31 - [TEST_STEP][PASSED] - numberOfErrors = numberOfErrors + 1: null

16-05-2025T12:08:31 - [TEST_STEP][PASSED] - pageInt = pageOtpuskVSet: null

16-05-2025T12:08:31 - [TEST_STEP][PASSED] - fileInt = fileOtpuskVSet: null

16-05-2025T12:08:31 - [TEST_STEP][PASSED] - typeOfData = typeOfDataMain + " Отпуск в сеть": null

16-05-2025T12:08:31 - [TEST_STEP][PASSED] - Script1718980020443.WriteToExcel(a, typeOfData, todaysDate, pageInt, fileInt, pageDouble, fileDouble, dZO): null

16-05-2025T12:08:31 - [TEST_STEP][PASSED] - sheetName = "Sheet1": null

16-05-2025T12:08:31 - [TEST_STEP][PASSED] - data = findTestData("PlanFact"): null

16-05-2025T12:08:31 - [TEST_STEP][PASSED] - n = data.getRowNumbers() + 1: null

16-05-2025T12:08:31 - [TEST_STEP][PASSED] - day = ")).toInteger(): null

16-05-2025T12:08:31 - [TEST_STEP][PASSED] - println(day): null

16-05-2025T12:08:31 - [TEST_STEP][PASSED] - month = ")).toInteger(): null

16-05-2025T12:08:31 - [TEST_STEP][PASSED] - println(month): null

16-05-2025T12:08:31 - [TEST_STEP][PASSED] - y = <not implemented yet for class: org.codehaus.groovy.ast.expr.EmptyExpression>: null

16-05-2025T12:08:31 - [TEST_STEP][PASSED] - iy = <not implemented yet for class: org.codehaus.groovy.ast.expr.EmptyExpression>: null

16-05-2025T12:08:31 - [TEST_STEP][PASSED] - m = getText(findTestObject("Выполнение бизнес-плана/Период")): Text of object 'Object Repository/Выполнение бизнес-плана/Период' is: '1 кв. 2025 года'

16-05-2025T12:08:32 - [MESSAGE][PASSED] - Text of object 'Object Repository/Выполнение бизнес-плана/Период' is: '1 кв. 2025 года'

16-05-2025T12:08:32 - [TEST_STEP][PASSED] - iy = m.indexOf("20"): null

16-05-2025T12:08:32 - [TEST_STEP][PASSED] - if (iy > -1): null

16-05-2025T12:08:32 - [TEST_STEP][PASSED] - y = substring(iy, iy + 4).toInteger(): null

16-05-2025T12:08:32 - [TEST_STEP][PASSED] - println(y): null

16-05-2025T12:08:32 - [TEST_STEP][PASSED] - if (toString().length() == 4): null

16-05-2025T12:08:32 - [TEST_STEP][PASSED] - m = m.substring(0, m.indexOf(y.toString())): null

16-05-2025T12:08:32 - [TEST_STEP][PASSED] - m = m.trim(): null

16-05-2025T12:08:32 - [TEST_STEP][PASSED] - if (m == ""): null

16-05-2025T12:08:32 - [TEST_STEP][PASSED] - dashboardName = "Выполнение бизнес-плана": null

16-05-2025T12:08:32 - [TEST_STEP][PASSED] - workbook01 = getWorkbook(excelFilePath): null

16-05-2025T12:08:32 - [TEST_STEP][PASSED] - sheet01 = getExcelSheet(workbook01, sheetName): null

16-05-2025T12:08:32 - [TEST_STEP][PASSED] - setValueToCellByIndex(sheet01, n, 0, dashboardName): null

16-05-2025T12:08:32 - [TEST_STEP][PASSED] - setValueToCellByIndex(sheet01, n, 1, dZO): null

16-05-2025T12:08:32 - [TEST_STEP][PASSED] - setValueToCellByIndex(sheet01, n, 2, typeOfData): null

16-05-2025T12:08:32 - [TEST_STEP][PASSED] - if (typeOfData == "Факт в процентах" || typeOfData == "План в процентах"): null

16-05-2025T12:08:32 - [TEST_STEP][PASSED] - else: null

16-05-2025T12:08:32 - [TEST_STEP][PASSED] - setValueToCellByIndex(sheet01, n, 3, fileInt): null

16-05-2025T12:08:32 - [TEST_STEP][PASSED] - setValueToCellByIndex(sheet01, n, 4, pageInt): null

16-05-2025T12:08:32 - [TEST_STEP][PASSED] - setValueToCellByIndex(sheet01, n, 5, m): null

16-05-2025T12:08:32 - [TEST_STEP][PASSED] - setValueToCellByIndex(sheet01, n, 6, y): null

16-05-2025T12:08:32 - [TEST_STEP][PASSED] - setValueToCellByIndex(sheet01, n, 7, todaysDate): null

16-05-2025T12:08:32 - [TEST_STEP][PASSED] - n = n + 1: null

16-05-2025T12:08:32 - [TEST_STEP][PASSED] - saveWorkbook(excelFilePath, workbook01): null

16-05-2025T12:08:32 - [TEST_STEP][PASSED] - compare = pagePoteri: null

16-05-2025T12:08:32 - [TEST_STEP][PASSED] - if (pageOtpuskVSet != null): null

16-05-2025T12:08:32 - [TEST_STEP][PASSED] - if (compare == filePoteri): null

16-05-2025T12:08:32 - [TEST_STEP][PASSED] - else if (compare > filePoteri): null

16-05-2025T12:08:32 - [TEST_STEP][PASSED] - else if (compare < filePoteri): null

16-05-2025T12:08:32 - [TEST_STEP][PASSED] - compare = compare + 1: null

16-05-2025T12:08:32 - [TEST_STEP][PASSED] - if (compare == filePoteri): null

16-05-2025T12:08:32 - [TEST_STEP][PASSED] - else: null

16-05-2025T12:08:32 - [TEST_STEP][PASSED] - numberOfErrors = numberOfErrors + 1: null

16-05-2025T12:08:32 - [TEST_STEP][PASSED] - pageInt = pagePoteri: null

16-05-2025T12:08:32 - [TEST_STEP][PASSED] - fileInt = filePoteri: null

16-05-2025T12:08:32 - [TEST_STEP][PASSED] - typeOfData = typeOfDataMain + " Потери": null

16-05-2025T12:08:32 - [TEST_STEP][PASSED] - Script1718980020443.WriteToExcel(a, typeOfData, todaysDate, pageInt, fileInt, pageDouble, fileDouble, dZO): null

16-05-2025T12:08:32 - [TEST_STEP][PASSED] - sheetName = "Sheet1": null

16-05-2025T12:08:32 - [TEST_STEP][PASSED] - data = findTestData("PlanFact"): null

16-05-2025T12:08:32 - [TEST_STEP][PASSED] - n = data.getRowNumbers() + 1: null

16-05-2025T12:08:32 - [TEST_STEP][PASSED] - day = ")).toInteger(): null

16-05-2025T12:08:32 - [TEST_STEP][PASSED] - println(day): null

16-05-2025T12:08:32 - [TEST_STEP][PASSED] - month = ")).toInteger(): null

16-05-2025T12:08:32 - [TEST_STEP][PASSED] - println(month): null

16-05-2025T12:08:32 - [TEST_STEP][PASSED] - y = <not implemented yet for class: org.codehaus.groovy.ast.expr.EmptyExpression>: null

16-05-2025T12:08:32 - [TEST_STEP][PASSED] - iy = <not implemented yet for class: org.codehaus.groovy.ast.expr.EmptyExpression>: null

16-05-2025T12:08:32 - [TEST_STEP][PASSED] - m = getText(findTestObject("Выполнение бизнес-плана/Период")): Text of object 'Object Repository/Выполнение бизнес-плана/Период' is: '1 кв. 2025 года'

16-05-2025T12:08:32 - [MESSAGE][PASSED] - Text of object 'Object Repository/Выполнение бизнес-плана/Период' is: '1 кв. 2025 года'

16-05-2025T12:08:32 - [TEST_STEP][PASSED] - iy = m.indexOf("20"): null

16-05-2025T12:08:32 - [TEST_STEP][PASSED] - if (iy > -1): null

16-05-2025T12:08:32 - [TEST_STEP][PASSED] - y = substring(iy, iy + 4).toInteger(): null

16-05-2025T12:08:32 - [TEST_STEP][PASSED] - println(y): null

16-05-2025T12:08:32 - [TEST_STEP][PASSED] - if (toString().length() == 4): null

16-05-2025T12:08:32 - [TEST_STEP][PASSED] - m = m.substring(0, m.indexOf(y.toString())): null

16-05-2025T12:08:32 - [TEST_STEP][PASSED] - m = m.trim(): null

16-05-2025T12:08:32 - [TEST_STEP][PASSED] - if (m == ""): null

16-05-2025T12:08:32 - [TEST_STEP][PASSED] - dashboardName = "Выполнение бизнес-плана": null

16-05-2025T12:08:32 - [TEST_STEP][PASSED] - workbook01 = getWorkbook(excelFilePath): null

16-05-2025T12:08:32 - [TEST_STEP][PASSED] - sheet01 = getExcelSheet(workbook01, sheetName): null

16-05-2025T12:08:32 - [TEST_STEP][PASSED] - setValueToCellByIndex(sheet01, n, 0, dashboardName): null

16-05-2025T12:08:32 - [TEST_STEP][PASSED] - setValueToCellByIndex(sheet01, n, 1, dZO): null

16-05-2025T12:08:32 - [TEST_STEP][PASSED] - setValueToCellByIndex(sheet01, n, 2, typeOfData): null

16-05-2025T12:08:32 - [TEST_STEP][PASSED] - if (typeOfData == "Факт в процентах" || typeOfData == "План в процентах"): null

16-05-2025T12:08:32 - [TEST_STEP][PASSED] - else: null

16-05-2025T12:08:32 - [TEST_STEP][PASSED] - setValueToCellByIndex(sheet01, n, 3, fileInt): null

16-05-2025T12:08:32 - [TEST_STEP][PASSED] - setValueToCellByIndex(sheet01, n, 4, pageInt): null

16-05-2025T12:08:32 - [TEST_STEP][PASSED] - setValueToCellByIndex(sheet01, n, 5, m): null

16-05-2025T12:08:32 - [TEST_STEP][PASSED] - setValueToCellByIndex(sheet01, n, 6, y): null

16-05-2025T12:08:32 - [TEST_STEP][PASSED] - setValueToCellByIndex(sheet01, n, 7, todaysDate): null

16-05-2025T12:08:32 - [TEST_STEP][PASSED] - n = n + 1: null

16-05-2025T12:08:32 - [TEST_STEP][PASSED] - saveWorkbook(excelFilePath, workbook01): Object: 'Object Repository/Выполнение бизнес-плана/Кнопка Факт' is clicked on

16-05-2025T12:08:33 - [TEST_STEP][PASSED] - if (planFact == 2): Object: 'Object Repository/Выполнение бизнес-плана/Кнопка Факт' is clicked on

16-05-2025T12:08:33 - [TEST_STEP][PASSED] - click(findTestObject("Выполнение бизнес-плана/Кнопка Факт")): Object: 'Object Repository/Выполнение бизнес-плана/Кнопка Факт' is clicked on

16-05-2025T12:08:33 - [MESSAGE][PASSED] - Object: 'Object Repository/Выполнение бизнес-плана/Кнопка Факт' is clicked on

16-05-2025T12:08:33 - [TEST_STEP][PASSED] - println("a=" + a): null

16-05-2025T12:08:33 - [TEST_STEP][PASSED] - if (a == 84 || a == 82): null

16-05-2025T12:08:33 - [TEST_STEP][PASSED] - else if (a == 83 || a == 52 || a == 72 || a == 28 || a == 73 || a == 77 || a == 74 || a == 65 || a == 36 || a == 44 || a == 53 || a == 80 || a == 54 || a == 1 || a == 18 || a == 59 || a == 81): null

16-05-2025T12:08:33 - [TEST_STEP][PASSED] - else: null

16-05-2025T12:08:33 - [TEST_STEP][PASSED] - page1 = getText(findTestObject("Object Repository/Выполнение бизнес-плана/spanPlan" + filialNum)): Text of object 'Object Repository/Выполнение бизнес-плана/spanPlan5' is: '9.23
|'

16-05-2025T12:08:33 - [MESSAGE][PASSED] - Text of object 'Object Repository/Выполнение бизнес-плана/spanPlan5' is: '9.23
|'

16-05-2025T12:08:33 - [TEST_STEP][PASSED] - page1 = page1.replace("|", ""): null

16-05-2025T12:08:33 - [TEST_STEP][PASSED] - page2 = getText(findTestObject("Object Repository/Выполнение бизнес-плана/spanFact" + filialNum)): Text of object 'Object Repository/Выполнение бизнес-плана/spanFact5' is: '8.16
|'

16-05-2025T12:08:34 - [MESSAGE][PASSED] - Text of object 'Object Repository/Выполнение бизнес-плана/spanFact5' is: '8.16
|'

16-05-2025T12:08:34 - [TEST_STEP][PASSED] - page2 = page2.replace("|", ""): null

16-05-2025T12:08:34 - [TEST_STEP][PASSED] - println("page1: " + page1): null

16-05-2025T12:08:34 - [TEST_STEP][PASSED] - println("page2: " + page2): null

16-05-2025T12:08:34 - [TEST_STEP][PASSED] - file = findTestData("PlanFact").getValue(4, a): null

16-05-2025T12:08:34 - [TEST_STEP][PASSED] - file = file.replace(",", "."): null

16-05-2025T12:08:34 - [TEST_STEP][PASSED] - println("file Plan: " + file): null

16-05-2025T12:08:34 - [TEST_STEP][PASSED] - typeOfData = "План в процентах": null

16-05-2025T12:08:34 - [TEST_STEP][PASSED] - fileDouble = file.toDouble(): null

16-05-2025T12:08:34 - [TEST_STEP][PASSED] - pageDouble = page1.toDouble(): null

16-05-2025T12:08:34 - [TEST_STEP][PASSED] - if (fileDouble != pageDouble): null

16-05-2025T12:08:34 - [TEST_STEP][PASSED] - numberOfErrors = numberOfErrors + 1: null

16-05-2025T12:08:34 - [TEST_STEP][PASSED] - Script1718980020443.WriteToExcel(a, typeOfData, todaysDate, pageInt, fileInt, pageDouble, fileDouble, dZO): null

16-05-2025T12:08:34 - [TEST_STEP][PASSED] - sheetName = "Sheet1": null

16-05-2025T12:08:34 - [TEST_STEP][PASSED] - data = findTestData("PlanFact"): null

16-05-2025T12:08:34 - [TEST_STEP][PASSED] - n = data.getRowNumbers() + 1: null

16-05-2025T12:08:34 - [TEST_STEP][PASSED] - day = ")).toInteger(): null

16-05-2025T12:08:34 - [TEST_STEP][PASSED] - println(day): null

16-05-2025T12:08:34 - [TEST_STEP][PASSED] - month = ")).toInteger(): null

16-05-2025T12:08:34 - [TEST_STEP][PASSED] - println(month): null

16-05-2025T12:08:34 - [TEST_STEP][PASSED] - y = <not implemented yet for class: org.codehaus.groovy.ast.expr.EmptyExpression>: null

16-05-2025T12:08:34 - [TEST_STEP][PASSED] - iy = <not implemented yet for class: org.codehaus.groovy.ast.expr.EmptyExpression>: null

16-05-2025T12:08:34 - [TEST_STEP][PASSED] - m = getText(findTestObject("Выполнение бизнес-плана/Период")): Text of object 'Object Repository/Выполнение бизнес-плана/Период' is: '1 кв. 2025 года'

16-05-2025T12:08:34 - [MESSAGE][PASSED] - Text of object 'Object Repository/Выполнение бизнес-плана/Период' is: '1 кв. 2025 года'

16-05-2025T12:08:34 - [TEST_STEP][PASSED] - iy = m.indexOf("20"): null

16-05-2025T12:08:34 - [TEST_STEP][PASSED] - if (iy > -1): null

16-05-2025T12:08:34 - [TEST_STEP][PASSED] - y = substring(iy, iy + 4).toInteger(): null

16-05-2025T12:08:34 - [TEST_STEP][PASSED] - println(y): null

16-05-2025T12:08:34 - [TEST_STEP][PASSED] - if (toString().length() == 4): null

16-05-2025T12:08:34 - [TEST_STEP][PASSED] - m = m.substring(0, m.indexOf(y.toString())): null

16-05-2025T12:08:34 - [TEST_STEP][PASSED] - m = m.trim(): null

16-05-2025T12:08:34 - [TEST_STEP][PASSED] - if (m == ""): null

16-05-2025T12:08:34 - [TEST_STEP][PASSED] - dashboardName = "Выполнение бизнес-плана": null

16-05-2025T12:08:34 - [TEST_STEP][PASSED] - workbook01 = getWorkbook(excelFilePath): null

16-05-2025T12:08:34 - [TEST_STEP][PASSED] - sheet01 = getExcelSheet(workbook01, sheetName): null

16-05-2025T12:08:34 - [TEST_STEP][PASSED] - setValueToCellByIndex(sheet01, n, 0, dashboardName): null

16-05-2025T12:08:34 - [TEST_STEP][PASSED] - setValueToCellByIndex(sheet01, n, 1, dZO): null

16-05-2025T12:08:34 - [TEST_STEP][PASSED] - setValueToCellByIndex(sheet01, n, 2, typeOfData): null

16-05-2025T12:08:34 - [TEST_STEP][PASSED] - if (typeOfData == "Факт в процентах" || typeOfData == "План в процентах"): null

16-05-2025T12:08:34 - [TEST_STEP][PASSED] - setValueToCellByIndex(sheet01, n, 3, fileDouble): null

16-05-2025T12:08:34 - [TEST_STEP][PASSED] - setValueToCellByIndex(sheet01, n, 4, pageDouble): null

16-05-2025T12:08:34 - [TEST_STEP][PASSED] - setValueToCellByIndex(sheet01, n, 5, m): null

16-05-2025T12:08:34 - [TEST_STEP][PASSED] - setValueToCellByIndex(sheet01, n, 6, y): null

16-05-2025T12:08:34 - [TEST_STEP][PASSED] - setValueToCellByIndex(sheet01, n, 7, todaysDate): null

16-05-2025T12:08:34 - [TEST_STEP][PASSED] - n = n + 1: null

16-05-2025T12:08:34 - [TEST_STEP][PASSED] - saveWorkbook(excelFilePath, workbook01): null

16-05-2025T12:08:34 - [TEST_STEP][PASSED] - file = findTestData("PlanFact").getValue(7, a): null

16-05-2025T12:08:34 - [TEST_STEP][PASSED] - file = file.replace(",", "."): null

16-05-2025T12:08:34 - [TEST_STEP][PASSED] - println("file Fact: " + file): null

16-05-2025T12:08:34 - [TEST_STEP][PASSED] - fileDouble = file.toDouble(): null

16-05-2025T12:08:34 - [TEST_STEP][PASSED] - typeOfData = "Факт в процентах": null

16-05-2025T12:08:34 - [TEST_STEP][PASSED] - fileDouble = file.toDouble(): null

16-05-2025T12:08:34 - [TEST_STEP][PASSED] - pageDouble = page2.toDouble(): null

16-05-2025T12:08:34 - [TEST_STEP][PASSED] - if (fileDouble != pageDouble): null

16-05-2025T12:08:34 - [TEST_STEP][PASSED] - numberOfErrors = numberOfErrors + 1: null

16-05-2025T12:08:34 - [TEST_STEP][PASSED] - Script1718980020443.WriteToExcel(a, typeOfData, todaysDate, pageInt, fileInt, pageDouble, fileDouble, dZO): null

16-05-2025T12:08:34 - [TEST_STEP][PASSED] - sheetName = "Sheet1": null

16-05-2025T12:08:34 - [TEST_STEP][PASSED] - data = findTestData("PlanFact"): null

16-05-2025T12:08:34 - [TEST_STEP][PASSED] - n = data.getRowNumbers() + 1: null

16-05-2025T12:08:34 - [TEST_STEP][PASSED] - day = ")).toInteger(): null

16-05-2025T12:08:34 - [TEST_STEP][PASSED] - println(day): null

16-05-2025T12:08:34 - [TEST_STEP][PASSED] - month = ")).toInteger(): null

16-05-2025T12:08:34 - [TEST_STEP][PASSED] - println(month): null

16-05-2025T12:08:34 - [TEST_STEP][PASSED] - y = <not implemented yet for class: org.codehaus.groovy.ast.expr.EmptyExpression>: null

16-05-2025T12:08:34 - [TEST_STEP][PASSED] - iy = <not implemented yet for class: org.codehaus.groovy.ast.expr.EmptyExpression>: null

16-05-2025T12:08:34 - [TEST_STEP][PASSED] - m = getText(findTestObject("Выполнение бизнес-плана/Период")): Text of object 'Object Repository/Выполнение бизнес-плана/Период' is: '1 кв. 2025 года'

16-05-2025T12:08:35 - [MESSAGE][PASSED] - Text of object 'Object Repository/Выполнение бизнес-плана/Период' is: '1 кв. 2025 года'

16-05-2025T12:08:35 - [TEST_STEP][PASSED] - iy = m.indexOf("20"): null

16-05-2025T12:08:35 - [TEST_STEP][PASSED] - if (iy > -1): null

16-05-2025T12:08:35 - [TEST_STEP][PASSED] - y = substring(iy, iy + 4).toInteger(): null

16-05-2025T12:08:35 - [TEST_STEP][PASSED] - println(y): null

16-05-2025T12:08:35 - [TEST_STEP][PASSED] - if (toString().length() == 4): null

16-05-2025T12:08:35 - [TEST_STEP][PASSED] - m = m.substring(0, m.indexOf(y.toString())): null

16-05-2025T12:08:35 - [TEST_STEP][PASSED] - m = m.trim(): null

16-05-2025T12:08:35 - [TEST_STEP][PASSED] - if (m == ""): null

16-05-2025T12:08:35 - [TEST_STEP][PASSED] - dashboardName = "Выполнение бизнес-плана": null

16-05-2025T12:08:35 - [TEST_STEP][PASSED] - workbook01 = getWorkbook(excelFilePath): null

16-05-2025T12:08:35 - [TEST_STEP][PASSED] - sheet01 = getExcelSheet(workbook01, sheetName): null

16-05-2025T12:08:35 - [TEST_STEP][PASSED] - setValueToCellByIndex(sheet01, n, 0, dashboardName): null

16-05-2025T12:08:35 - [TEST_STEP][PASSED] - setValueToCellByIndex(sheet01, n, 1, dZO): null

16-05-2025T12:08:35 - [TEST_STEP][PASSED] - setValueToCellByIndex(sheet01, n, 2, typeOfData): null

16-05-2025T12:08:35 - [TEST_STEP][PASSED] - if (typeOfData == "Факт в процентах" || typeOfData == "План в процентах"): null

16-05-2025T12:08:35 - [TEST_STEP][PASSED] - setValueToCellByIndex(sheet01, n, 3, fileDouble): null

16-05-2025T12:08:35 - [TEST_STEP][PASSED] - setValueToCellByIndex(sheet01, n, 4, pageDouble): null

16-05-2025T12:08:35 - [TEST_STEP][PASSED] - setValueToCellByIndex(sheet01, n, 5, m): null

16-05-2025T12:08:35 - [TEST_STEP][PASSED] - setValueToCellByIndex(sheet01, n, 6, y): null

16-05-2025T12:08:35 - [TEST_STEP][PASSED] - setValueToCellByIndex(sheet01, n, 7, todaysDate): null

16-05-2025T12:08:35 - [TEST_STEP][PASSED] - n = n + 1: null

16-05-2025T12:08:35 - [TEST_STEP][PASSED] - saveWorkbook(excelFilePath, workbook01): null

16-05-2025T12:08:35 - [TEST_STEP][FAILED] - if (verifyEqual(numberOfErrors, 0) == false): null

16-05-2025T12:08:35 - [MESSAGE][FAILED] - Unable to verify equal between actual object '6' and expected object '0' (Root cause: com.kms.katalon.core.exception.StepFailedException: Actual object '6' and expected object '0' are not equal
	at com.kms.katalon.core.keyword.builtin.VerifyEqualKeyword$_verifyEqual_closure1.doCall(VerifyEqualKeyword.groovy:58)
	at com.kms.katalon.core.keyword.builtin.VerifyEqualKeyword$_verifyEqual_closure1.call(VerifyEqualKeyword.groovy)
	at com.kms.katalon.core.keyword.internal.KeywordMain.runKeyword(KeywordMain.groovy:75)
	at com.kms.katalon.core.keyword.builtin.VerifyEqualKeyword.verifyEqual(VerifyEqualKeyword.groovy:63)
	at com.kms.katalon.core.keyword.builtin.VerifyEqualKeyword.execute(VerifyEqualKeyword.groovy:44)
	at com.kms.katalon.core.keyword.internal.KeywordExecutor.executeKeywordForPlatform(KeywordExecutor.groovy:74)
	at com.kms.katalon.core.keyword.BuiltinKeywords.verifyEqual(BuiltinKeywords.groovy:146)
	at jdk.internal.reflect.GeneratedMethodAccessor24.invoke(Unknown Source)
	at java.base/jdk.internal.reflect.DelegatingMethodAccessorImpl.invoke(DelegatingMethodAccessorImpl.java:43)
	at Выполнение бизнес-плана Сверка ПАО Россети все филиалы.Numbers(Выполнение бизнес-плана Сверка ПАО Россети все филиалы:740)
	at Выполнение бизнес-плана Сверка ПАО Россети все филиалы.Filials(Выполнение бизнес-плана Сверка ПАО Россети все филиалы:1761)
	at Выполнение бизнес-плана Сверка ПАО Россети все филиалы.Numbers(Выполнение бизнес-плана Сверка ПАО Россети все филиалы:747)
	at Выполнение бизнес-плана Сверка ПАО Россети все филиалы.run(Выполнение бизнес-плана Сверка ПАО Россети все филиалы:395)
	at com.kms.katalon.core.main.ScriptEngine.run(ScriptEngine.java:194)
	at com.kms.katalon.core.main.ScriptEngine.runScriptAsRawText(ScriptEngine.java:119)
	at com.kms.katalon.core.main.TestCaseExecutor.runScript(TestCaseExecutor.java:448)
	at com.kms.katalon.core.main.TestCaseExecutor.doExecute(TestCaseExecutor.java:439)
	at com.kms.katalon.core.main.TestCaseExecutor.processExecutionPhase(TestCaseExecutor.java:418)
	at com.kms.katalon.core.main.TestCaseExecutor.accessMainPhase(TestCaseExecutor.java:410)
	at com.kms.katalon.core.main.TestCaseExecutor.execute(TestCaseExecutor.java:285)
	at com.kms.katalon.core.common.CommonExecutor.accessTestCaseMainPhase(CommonExecutor.java:65)
	at com.kms.katalon.core.main.TestSuiteExecutor.accessTestSuiteMainPhase(TestSuiteExecutor.java:150)
	at com.kms.katalon.core.main.TestSuiteExecutor.execute(TestSuiteExecutor.java:106)
	at com.kms.katalon.core.main.TestCaseMain.startTestSuite(TestCaseMain.java:180)
	at TempTestSuite1747369435659.run(TempTestSuite1747369435659.groovy:35)
	at java.base/jdk.internal.reflect.NativeMethodAccessorImpl.invoke0(Native Method)
	at java.base/jdk.internal.reflect.NativeMethodAccessorImpl.invoke(NativeMethodAccessorImpl.java:77)
	at java.base/jdk.internal.reflect.DelegatingMethodAccessorImpl.invoke(DelegatingMethodAccessorImpl.java:43)
)

16-05-2025T12:08:35 - [TEST_STEP][PASSED] - println(numberOfErrors): null

16-05-2025T12:08:35 - [TEST_STEP][PASSED] - println("a=" + a): null

16-05-2025T12:08:35 - [TEST_STEP][PASSED] - if (a == 28 || a == 77 || a == 74 || a == 65 || a == 36 || a == 44 || a == 54 || a == 1 || a == 18 || a == 59): null

16-05-2025T12:08:35 - [TEST_STEP][PASSED] - if (a == 82): null

16-05-2025T12:08:35 - [TEST_STEP][PASSED] - filialNum = 0: null

16-05-2025T12:08:35 - [TEST_STEP][PASSED] - Script1718980020443.OpenFilter(): null

16-05-2025T12:08:35 - [TEST_STEP][PASSED] - click(findTestObject("Object Repository/Выполнение бизнес-плана/Фильтр ДЗО")): Object: 'Object Repository/Выполнение бизнес-плана/Фильтр ДЗО' is clicked on

16-05-2025T12:08:35 - [MESSAGE][PASSED] - Object: 'Object Repository/Выполнение бизнес-плана/Фильтр ДЗО' is clicked on

16-05-2025T12:08:35 - [TEST_STEP][PASSED] - click(findTestObject("Выполнение бизнес-плана/Снять выделение в фильтре ДЗО")): Object: 'Object Repository/Выполнение бизнес-плана/Снять выделение в фильтре ДЗО' is clicked on

16-05-2025T12:08:36 - [MESSAGE][PASSED] - Object: 'Object Repository/Выполнение бизнес-плана/Снять выделение в фильтре ДЗО' is clicked on

16-05-2025T12:08:36 - [TEST_STEP][PASSED] - Script1718980020443.CloseFilter(): null

16-05-2025T12:08:36 - [TEST_STEP][PASSED] - scrollToElement(findTestObject("Выполнение бизнес-плана/Заголовок дашборда"), 30): Scroll to object 'Object Repository/Выполнение бизнес-плана/Заголовок дашборда' successfully

16-05-2025T12:08:36 - [MESSAGE][PASSED] - Scroll to object 'Object Repository/Выполнение бизнес-плана/Заголовок дашборда' successfully

16-05-2025T12:08:36 - [TEST_STEP][PASSED] - click(findTestObject("Object Repository/Выполнение бизнес-плана/Применить в фильтре ДЗО")): Object: 'Object Repository/Выполнение бизнес-плана/Применить в фильтре ДЗО' is clicked on

16-05-2025T12:08:37 - [MESSAGE][PASSED] - Object: 'Object Repository/Выполнение бизнес-плана/Применить в фильтре ДЗО' is clicked on

16-05-2025T12:08:37 - [TEST_STEP][PASSED] - delay(20): Delayed 20 second(s)

16-05-2025T12:08:57 - [MESSAGE][PASSED] - Delayed 20 second(s)

16-05-2025T12:08:57 - [TEST_STEP][PASSED] - if (a == 82): null

16-05-2025T12:08:57 - [TEST_STEP][PASSED] - println(dzoNum): null

16-05-2025T12:08:57 - [TEST_STEP][PASSED] - dZO = "Россети Янтарь": null

16-05-2025T12:08:57 - [TEST_STEP][PASSED] - a = 81: null

16-05-2025T12:08:57 - [TEST_STEP][PASSED] - if (x1.contains("Янтарь")): null

16-05-2025T12:08:57 - [TEST_STEP][PASSED] - dzoNum = dzoNum + 1: null

16-05-2025T12:08:57 - [TEST_STEP][PASSED] - Script1718980020443.Numbers(a, typeOfData, todaysDate, pageInt, fileInt, pageDouble, fileDouble, dZO, dzoNum, filialNum): null

16-05-2025T12:08:57 - [TEST_STEP][PASSED] - println(dzoNum): null

16-05-2025T12:08:57 - [TEST_STEP][PASSED] - planFact = <not implemented yet for class: org.codehaus.groovy.ast.expr.EmptyExpression>: null

16-05-2025T12:08:57 - [TEST_STEP][PASSED] - page = <not implemented yet for class: org.codehaus.groovy.ast.expr.EmptyExpression>: null

16-05-2025T12:08:57 - [TEST_STEP][PASSED] - page1 = <not implemented yet for class: org.codehaus.groovy.ast.expr.EmptyExpression>: null

16-05-2025T12:08:57 - [TEST_STEP][PASSED] - page2 = <not implemented yet for class: org.codehaus.groovy.ast.expr.EmptyExpression>: null

16-05-2025T12:08:57 - [TEST_STEP][PASSED] - filialNumberInRow = <not implemented yet for class: org.codehaus.groovy.ast.expr.EmptyExpression>: null

16-05-2025T12:08:57 - [TEST_STEP][PASSED] - filialsDzoNames = <not implemented yet for class: org.codehaus.groovy.ast.expr.EmptyExpression>: null

16-05-2025T12:08:57 - [TEST_STEP][PASSED] - numberOfFilials = <not implemented yet for class: org.codehaus.groovy.ast.expr.EmptyExpression>: null

16-05-2025T12:08:57 - [TEST_STEP][PASSED] - numberOfSpaces = <not implemented yet for class: org.codehaus.groovy.ast.expr.EmptyExpression>: null

16-05-2025T12:08:57 - [TEST_STEP][PASSED] - file = <not implemented yet for class: org.codehaus.groovy.ast.expr.EmptyExpression>: null

16-05-2025T12:08:57 - [TEST_STEP][PASSED] - otpusk = <not implemented yet for class: org.codehaus.groovy.ast.expr.EmptyExpression>: null

16-05-2025T12:08:57 - [TEST_STEP][PASSED] - poteri = <not implemented yet for class: org.codehaus.groovy.ast.expr.EmptyExpression>: null

16-05-2025T12:08:57 - [TEST_STEP][PASSED] - dataFolder = "Выполнение бизнес-плана/Значения со страницы Выполнение бизнес-плана/": null

16-05-2025T12:08:57 - [TEST_STEP][PASSED] - path = <not implemented yet for class: org.codehaus.groovy.ast.expr.EmptyExpression>: null

16-05-2025T12:08:57 - [TEST_STEP][PASSED] - typeOfDataMain = <not implemented yet for class: org.codehaus.groovy.ast.expr.EmptyExpression>: null

16-05-2025T12:08:57 - [TEST_STEP][PASSED] - fileOtpuskVSet = <not implemented yet for class: org.codehaus.groovy.ast.expr.EmptyExpression>: null

16-05-2025T12:08:57 - [TEST_STEP][PASSED] - pageOtpuskVSet = <not implemented yet for class: org.codehaus.groovy.ast.expr.EmptyExpression>: null

16-05-2025T12:08:57 - [TEST_STEP][PASSED] - filePoteri = <not implemented yet for class: org.codehaus.groovy.ast.expr.EmptyExpression>: null

16-05-2025T12:08:57 - [TEST_STEP][PASSED] - pagePoteri = <not implemented yet for class: org.codehaus.groovy.ast.expr.EmptyExpression>: null

16-05-2025T12:08:57 - [TEST_STEP][PASSED] - compare = <not implemented yet for class: org.codehaus.groovy.ast.expr.EmptyExpression>: null

16-05-2025T12:08:57 - [TEST_STEP][PASSED] - b = <not implemented yet for class: org.codehaus.groovy.ast.expr.EmptyExpression>: null

16-05-2025T12:08:57 - [TEST_STEP][PASSED] - i = <not implemented yet for class: org.codehaus.groovy.ast.expr.EmptyExpression>: null

16-05-2025T12:08:57 - [TEST_STEP][PASSED] - ii = <not implemented yet for class: org.codehaus.groovy.ast.expr.EmptyExpression>: null

16-05-2025T12:08:57 - [TEST_STEP][PASSED] - c = <not implemented yet for class: org.codehaus.groovy.ast.expr.EmptyExpression>: null

16-05-2025T12:08:57 - [TEST_STEP][PASSED] - numberOfErrors = 0: null

16-05-2025T12:08:57 - [TEST_STEP][PASSED] - if (a == 82): null

16-05-2025T12:08:57 - [TEST_STEP][PASSED] - b = findTestData("PlanFact").getValue(1, a): null

16-05-2025T12:08:57 - [TEST_STEP][PASSED] - i = b.indexOf(" (ГК)"): null

16-05-2025T12:08:57 - [TEST_STEP][PASSED] - if (i > -1): null

16-05-2025T12:08:57 - [TEST_STEP][PASSED] - i = b.indexOf("О ""): null

16-05-2025T12:08:57 - [TEST_STEP][PASSED] - if (i > -1): null

16-05-2025T12:08:57 - [TEST_STEP][PASSED] - i = b.indexOf("О «"): null

16-05-2025T12:08:57 - [TEST_STEP][PASSED] - if (i > -1): null

16-05-2025T12:08:57 - [TEST_STEP][PASSED] - i = b.indexOf("г. "): null

16-05-2025T12:08:57 - [TEST_STEP][PASSED] - if (i > -1): null

16-05-2025T12:08:57 - [TEST_STEP][PASSED] - b = b.trim(): null

16-05-2025T12:08:57 - [TEST_STEP][PASSED] - println(b): null

16-05-2025T12:08:57 - [TEST_STEP][PASSED] - for ([planFact = 1, planFact < 3, (planFact++)]): null

16-05-2025T12:08:57 - [TEST_STEP][PASSED] - if (planFact == 1): null

16-05-2025T12:08:57 - [TEST_STEP][PASSED] - typeOfDataMain = "Факт": null

16-05-2025T12:08:57 - [TEST_STEP][PASSED] - otpusk = findTestData("PlanFact").getValue(5, a): null

16-05-2025T12:08:57 - [TEST_STEP][PASSED] - poteri = findTestData("PlanFact").getValue(6, a): null

16-05-2025T12:08:57 - [TEST_STEP][PASSED] - otpusk = otpusk.replaceAll("\s+", ""): null

16-05-2025T12:08:57 - [TEST_STEP][PASSED] - poteri = poteri.replaceAll("\s+", ""): null

16-05-2025T12:08:57 - [TEST_STEP][PASSED] - typeOfData = typeOfDataMain + " Отпуск в сеть": null

16-05-2025T12:08:57 - [TEST_STEP][PASSED] - if (a == 82): null

16-05-2025T12:08:57 - [TEST_STEP][PASSED] - else if (a == 84): null

16-05-2025T12:08:57 - [TEST_STEP][PASSED] - else if (a == 83 || a == 52 || a == 72 || a == 28 || a == 73 || a == 77 || a == 74 || a == 65 || a == 36 || a == 44 || a == 53 || a == 80 || a == 54 || a == 1 || a == 18 || a == 59 || a == 81): null

16-05-2025T12:08:57 - [TEST_STEP][PASSED] - path = dataFolder + "Table Data/" + typeOfData + " за отчётный период " + dzoNum: null

16-05-2025T12:08:57 - [TEST_STEP][PASSED] - println(path): null

16-05-2025T12:08:57 - [TEST_STEP][PASSED] - page = getText(findTestObject(path)): Text of object 'Object Repository/Выполнение бизнес-плана/Значения со страницы Выполнение бизнес-плана/Table Data/Факт Отпуск в сеть за отчётный период 8' is: '901 140'

16-05-2025T12:08:57 - [MESSAGE][PASSED] - Text of object 'Object Repository/Выполнение бизнес-плана/Значения со страницы Выполнение бизнес-плана/Table Data/Факт Отпуск в сеть за отчётный период 8' is: '901 140'

16-05-2025T12:08:57 - [TEST_STEP][PASSED] - if (page == "" || page == null): null

16-05-2025T12:08:57 - [TEST_STEP][PASSED] - else: null

16-05-2025T12:08:57 - [TEST_STEP][PASSED] - page = page.replaceAll("\s+", ""): null

16-05-2025T12:08:57 - [TEST_STEP][PASSED] - if (page == "undefined"): null

16-05-2025T12:08:57 - [TEST_STEP][PASSED] - fileOtpuskVSet = otpusk.toInteger(): null

16-05-2025T12:08:57 - [TEST_STEP][PASSED] - pageOtpuskVSet = page.toInteger(): null

16-05-2025T12:08:57 - [TEST_STEP][PASSED] - typeOfData = typeOfDataMain + " Потери": null

16-05-2025T12:08:57 - [TEST_STEP][PASSED] - if (a == 82): null

16-05-2025T12:08:57 - [TEST_STEP][PASSED] - else if (a == 84): null

16-05-2025T12:08:57 - [TEST_STEP][PASSED] - else if (a == 83 || a == 52 || a == 72 || a == 28 || a == 73 || a == 77 || a == 74 || a == 65 || a == 36 || a == 44 || a == 53 || a == 80 || a == 54 || a == 1 || a == 18 || a == 59 || a == 81): null

16-05-2025T12:08:57 - [TEST_STEP][PASSED] - path = dataFolder + "Table Data/" + typeOfData + " за отчётный период " + dzoNum: null

16-05-2025T12:08:57 - [TEST_STEP][PASSED] - page = getText(findTestObject(path)): Text of object 'Object Repository/Выполнение бизнес-плана/Значения со страницы Выполнение бизнес-плана/Table Data/Факт Потери за отчётный период 8' is: '79 959'

16-05-2025T12:08:58 - [MESSAGE][PASSED] - Text of object 'Object Repository/Выполнение бизнес-плана/Значения со страницы Выполнение бизнес-плана/Table Data/Факт Потери за отчётный период 8' is: '79 959'

16-05-2025T12:08:58 - [TEST_STEP][PASSED] - if (page == "" || page == null): null

16-05-2025T12:08:58 - [TEST_STEP][PASSED] - else: null

16-05-2025T12:08:58 - [TEST_STEP][PASSED] - page = page.replaceAll("\s+", ""): null

16-05-2025T12:08:58 - [TEST_STEP][PASSED] - if (page == "undefined"): null

16-05-2025T12:08:58 - [TEST_STEP][PASSED] - filePoteri = poteri.toInteger(): null

16-05-2025T12:08:58 - [TEST_STEP][PASSED] - pagePoteri = page.toInteger(): null

16-05-2025T12:08:58 - [TEST_STEP][PASSED] - compare = pageOtpuskVSet: null

16-05-2025T12:08:58 - [TEST_STEP][PASSED] - if (pageOtpuskVSet != null): null

16-05-2025T12:08:58 - [TEST_STEP][PASSED] - if (compare == fileOtpuskVSet): null

16-05-2025T12:08:58 - [TEST_STEP][PASSED] - else if (compare > fileOtpuskVSet): null

16-05-2025T12:08:58 - [TEST_STEP][PASSED] - else if (compare < fileOtpuskVSet): null

16-05-2025T12:08:58 - [TEST_STEP][PASSED] - compare = compare + 1: null

16-05-2025T12:08:58 - [TEST_STEP][PASSED] - if (compare == fileOtpuskVSet): null

16-05-2025T12:08:58 - [TEST_STEP][PASSED] - else: null

16-05-2025T12:08:58 - [TEST_STEP][PASSED] - numberOfErrors = numberOfErrors + 1: null

16-05-2025T12:08:58 - [TEST_STEP][PASSED] - pageInt = pageOtpuskVSet: null

16-05-2025T12:08:58 - [TEST_STEP][PASSED] - fileInt = fileOtpuskVSet: null

16-05-2025T12:08:58 - [TEST_STEP][PASSED] - typeOfData = typeOfDataMain + " Отпуск в сеть": null

16-05-2025T12:08:58 - [TEST_STEP][PASSED] - Script1718980020443.WriteToExcel(a, typeOfData, todaysDate, pageInt, fileInt, pageDouble, fileDouble, dZO): null

16-05-2025T12:08:58 - [TEST_STEP][PASSED] - sheetName = "Sheet1": null

16-05-2025T12:08:58 - [TEST_STEP][PASSED] - data = findTestData("PlanFact"): null

16-05-2025T12:08:58 - [TEST_STEP][PASSED] - n = data.getRowNumbers() + 1: null

16-05-2025T12:08:58 - [TEST_STEP][PASSED] - day = ")).toInteger(): null

16-05-2025T12:08:58 - [TEST_STEP][PASSED] - println(day): null

16-05-2025T12:08:58 - [TEST_STEP][PASSED] - month = ")).toInteger(): null

16-05-2025T12:08:58 - [TEST_STEP][PASSED] - println(month): null

16-05-2025T12:08:58 - [TEST_STEP][PASSED] - y = <not implemented yet for class: org.codehaus.groovy.ast.expr.EmptyExpression>: null

16-05-2025T12:08:58 - [TEST_STEP][PASSED] - iy = <not implemented yet for class: org.codehaus.groovy.ast.expr.EmptyExpression>: null

16-05-2025T12:08:58 - [TEST_STEP][PASSED] - m = getText(findTestObject("Выполнение бизнес-плана/Период")): Text of object 'Object Repository/Выполнение бизнес-плана/Период' is: '1 кв. 2025 года'

16-05-2025T12:08:58 - [MESSAGE][PASSED] - Text of object 'Object Repository/Выполнение бизнес-плана/Период' is: '1 кв. 2025 года'

16-05-2025T12:08:58 - [TEST_STEP][PASSED] - iy = m.indexOf("20"): null

16-05-2025T12:08:58 - [TEST_STEP][PASSED] - if (iy > -1): null

16-05-2025T12:08:58 - [TEST_STEP][PASSED] - y = substring(iy, iy + 4).toInteger(): null

16-05-2025T12:08:58 - [TEST_STEP][PASSED] - println(y): null

16-05-2025T12:08:58 - [TEST_STEP][PASSED] - if (toString().length() == 4): null

16-05-2025T12:08:58 - [TEST_STEP][PASSED] - m = m.substring(0, m.indexOf(y.toString())): null

16-05-2025T12:08:58 - [TEST_STEP][PASSED] - m = m.trim(): null

16-05-2025T12:08:58 - [TEST_STEP][PASSED] - if (m == ""): null

16-05-2025T12:08:58 - [TEST_STEP][PASSED] - dashboardName = "Выполнение бизнес-плана": null

16-05-2025T12:08:58 - [TEST_STEP][PASSED] - workbook01 = getWorkbook(excelFilePath): null

16-05-2025T12:08:58 - [TEST_STEP][PASSED] - sheet01 = getExcelSheet(workbook01, sheetName): null

16-05-2025T12:08:58 - [TEST_STEP][PASSED] - setValueToCellByIndex(sheet01, n, 0, dashboardName): null

16-05-2025T12:08:58 - [TEST_STEP][PASSED] - setValueToCellByIndex(sheet01, n, 1, dZO): null

16-05-2025T12:08:58 - [TEST_STEP][PASSED] - setValueToCellByIndex(sheet01, n, 2, typeOfData): null

16-05-2025T12:08:58 - [TEST_STEP][PASSED] - if (typeOfData == "Факт в процентах" || typeOfData == "План в процентах"): null

16-05-2025T12:08:58 - [TEST_STEP][PASSED] - else: null

16-05-2025T12:08:58 - [TEST_STEP][PASSED] - setValueToCellByIndex(sheet01, n, 3, fileInt): null

16-05-2025T12:08:58 - [TEST_STEP][PASSED] - setValueToCellByIndex(sheet01, n, 4, pageInt): null

16-05-2025T12:08:58 - [TEST_STEP][PASSED] - setValueToCellByIndex(sheet01, n, 5, m): null

16-05-2025T12:08:58 - [TEST_STEP][PASSED] - setValueToCellByIndex(sheet01, n, 6, y): null

16-05-2025T12:08:58 - [TEST_STEP][PASSED] - setValueToCellByIndex(sheet01, n, 7, todaysDate): null

16-05-2025T12:08:58 - [TEST_STEP][PASSED] - n = n + 1: null

16-05-2025T12:08:58 - [TEST_STEP][PASSED] - saveWorkbook(excelFilePath, workbook01): null

16-05-2025T12:08:58 - [TEST_STEP][PASSED] - compare = pagePoteri: null

16-05-2025T12:08:58 - [TEST_STEP][PASSED] - if (pageOtpuskVSet != null): null

16-05-2025T12:08:58 - [TEST_STEP][PASSED] - if (compare == filePoteri): null

16-05-2025T12:08:58 - [TEST_STEP][PASSED] - else if (compare > filePoteri): null

16-05-2025T12:08:58 - [TEST_STEP][PASSED] - else if (compare < filePoteri): null

16-05-2025T12:08:58 - [TEST_STEP][PASSED] - compare = compare + 1: null

16-05-2025T12:08:58 - [TEST_STEP][PASSED] - if (compare == filePoteri): null

16-05-2025T12:08:58 - [TEST_STEP][PASSED] - else: null

16-05-2025T12:08:58 - [TEST_STEP][PASSED] - numberOfErrors = numberOfErrors + 1: null

16-05-2025T12:08:58 - [TEST_STEP][PASSED] - pageInt = pagePoteri: null

16-05-2025T12:08:58 - [TEST_STEP][PASSED] - fileInt = filePoteri: null

16-05-2025T12:08:58 - [TEST_STEP][PASSED] - typeOfData = typeOfDataMain + " Потери": null

16-05-2025T12:08:58 - [TEST_STEP][PASSED] - Script1718980020443.WriteToExcel(a, typeOfData, todaysDate, pageInt, fileInt, pageDouble, fileDouble, dZO): null

16-05-2025T12:08:58 - [TEST_STEP][PASSED] - sheetName = "Sheet1": null

16-05-2025T12:08:58 - [TEST_STEP][PASSED] - data = findTestData("PlanFact"): null

16-05-2025T12:08:58 - [TEST_STEP][PASSED] - n = data.getRowNumbers() + 1: null

16-05-2025T12:08:58 - [TEST_STEP][PASSED] - day = ")).toInteger(): null

16-05-2025T12:08:58 - [TEST_STEP][PASSED] - println(day): null

16-05-2025T12:08:58 - [TEST_STEP][PASSED] - month = ")).toInteger(): null

16-05-2025T12:08:58 - [TEST_STEP][PASSED] - println(month): null

16-05-2025T12:08:58 - [TEST_STEP][PASSED] - y = <not implemented yet for class: org.codehaus.groovy.ast.expr.EmptyExpression>: null

16-05-2025T12:08:58 - [TEST_STEP][PASSED] - iy = <not implemented yet for class: org.codehaus.groovy.ast.expr.EmptyExpression>: null

16-05-2025T12:08:58 - [TEST_STEP][PASSED] - m = getText(findTestObject("Выполнение бизнес-плана/Период")): Text of object 'Object Repository/Выполнение бизнес-плана/Период' is: '1 кв. 2025 года'

16-05-2025T12:08:59 - [MESSAGE][PASSED] - Text of object 'Object Repository/Выполнение бизнес-плана/Период' is: '1 кв. 2025 года'

16-05-2025T12:08:59 - [TEST_STEP][PASSED] - iy = m.indexOf("20"): null

16-05-2025T12:08:59 - [TEST_STEP][PASSED] - if (iy > -1): null

16-05-2025T12:08:59 - [TEST_STEP][PASSED] - y = substring(iy, iy + 4).toInteger(): null

16-05-2025T12:08:59 - [TEST_STEP][PASSED] - println(y): null

16-05-2025T12:08:59 - [TEST_STEP][PASSED] - if (toString().length() == 4): null

16-05-2025T12:08:59 - [TEST_STEP][PASSED] - m = m.substring(0, m.indexOf(y.toString())): null

16-05-2025T12:08:59 - [TEST_STEP][PASSED] - m = m.trim(): null

16-05-2025T12:08:59 - [TEST_STEP][PASSED] - if (m == ""): null

16-05-2025T12:08:59 - [TEST_STEP][PASSED] - dashboardName = "Выполнение бизнес-плана": null

16-05-2025T12:08:59 - [TEST_STEP][PASSED] - workbook01 = getWorkbook(excelFilePath): null

16-05-2025T12:08:59 - [TEST_STEP][PASSED] - sheet01 = getExcelSheet(workbook01, sheetName): null

16-05-2025T12:08:59 - [TEST_STEP][PASSED] - setValueToCellByIndex(sheet01, n, 0, dashboardName): null

16-05-2025T12:08:59 - [TEST_STEP][PASSED] - setValueToCellByIndex(sheet01, n, 1, dZO): null

16-05-2025T12:08:59 - [TEST_STEP][PASSED] - setValueToCellByIndex(sheet01, n, 2, typeOfData): null

16-05-2025T12:08:59 - [TEST_STEP][PASSED] - if (typeOfData == "Факт в процентах" || typeOfData == "План в процентах"): null

16-05-2025T12:08:59 - [TEST_STEP][PASSED] - else: null

16-05-2025T12:08:59 - [TEST_STEP][PASSED] - setValueToCellByIndex(sheet01, n, 3, fileInt): null

16-05-2025T12:08:59 - [TEST_STEP][PASSED] - setValueToCellByIndex(sheet01, n, 4, pageInt): null

16-05-2025T12:08:59 - [TEST_STEP][PASSED] - setValueToCellByIndex(sheet01, n, 5, m): null

16-05-2025T12:08:59 - [TEST_STEP][PASSED] - setValueToCellByIndex(sheet01, n, 6, y): null

16-05-2025T12:08:59 - [TEST_STEP][PASSED] - setValueToCellByIndex(sheet01, n, 7, todaysDate): null

16-05-2025T12:08:59 - [TEST_STEP][PASSED] - n = n + 1: null

16-05-2025T12:08:59 - [TEST_STEP][PASSED] - saveWorkbook(excelFilePath, workbook01): null

16-05-2025T12:08:59 - [TEST_STEP][PASSED] - if (planFact == 2): null

16-05-2025T12:08:59 - [TEST_STEP][PASSED] - if (planFact == 1): null

16-05-2025T12:08:59 - [TEST_STEP][PASSED] - else if (planFact == 2): null

16-05-2025T12:08:59 - [TEST_STEP][PASSED] - click(findTestObject("Выполнение бизнес-плана/Кнопка План")): Object: 'Object Repository/Выполнение бизнес-плана/Кнопка План' is clicked on

16-05-2025T12:08:59 - [MESSAGE][PASSED] - Object: 'Object Repository/Выполнение бизнес-плана/Кнопка План' is clicked on

16-05-2025T12:08:59 - [TEST_STEP][PASSED] - typeOfDataMain = "План": null

16-05-2025T12:08:59 - [TEST_STEP][PASSED] - otpusk = findTestData("PlanFact").getValue(2, a): null

16-05-2025T12:08:59 - [TEST_STEP][PASSED] - poteri = findTestData("PlanFact").getValue(3, a): null

16-05-2025T12:08:59 - [TEST_STEP][PASSED] - otpusk = otpusk.replaceAll("\s+", ""): null

16-05-2025T12:08:59 - [TEST_STEP][PASSED] - poteri = poteri.replaceAll("\s+", ""): null

16-05-2025T12:08:59 - [TEST_STEP][PASSED] - typeOfData = typeOfDataMain + " Отпуск в сеть": null

16-05-2025T12:08:59 - [TEST_STEP][PASSED] - if (a == 82): null

16-05-2025T12:08:59 - [TEST_STEP][PASSED] - else if (a == 84): null

16-05-2025T12:08:59 - [TEST_STEP][PASSED] - else if (a == 83 || a == 52 || a == 72 || a == 28 || a == 73 || a == 77 || a == 74 || a == 65 || a == 36 || a == 44 || a == 53 || a == 80 || a == 54 || a == 1 || a == 18 || a == 59 || a == 81): null

16-05-2025T12:08:59 - [TEST_STEP][PASSED] - path = dataFolder + "Table Data/" + typeOfData + " за отчётный период " + dzoNum: null

16-05-2025T12:08:59 - [TEST_STEP][PASSED] - println(path): null

16-05-2025T12:08:59 - [TEST_STEP][PASSED] - page = getText(findTestObject(path)): Text of object 'Object Repository/Выполнение бизнес-плана/Значения со страницы Выполнение бизнес-плана/Table Data/План Отпуск в сеть за отчётный период 8' is: '908 608'

16-05-2025T12:09:00 - [MESSAGE][PASSED] - Text of object 'Object Repository/Выполнение бизнес-плана/Значения со страницы Выполнение бизнес-плана/Table Data/План Отпуск в сеть за отчётный период 8' is: '908 608'

16-05-2025T12:09:00 - [TEST_STEP][PASSED] - if (page == "" || page == null): null

16-05-2025T12:09:00 - [TEST_STEP][PASSED] - else: null

16-05-2025T12:09:00 - [TEST_STEP][PASSED] - page = page.replaceAll("\s+", ""): null

16-05-2025T12:09:00 - [TEST_STEP][PASSED] - if (page == "undefined"): null

16-05-2025T12:09:00 - [TEST_STEP][PASSED] - fileOtpuskVSet = otpusk.toInteger(): null

16-05-2025T12:09:00 - [TEST_STEP][PASSED] - pageOtpuskVSet = page.toInteger(): null

16-05-2025T12:09:00 - [TEST_STEP][PASSED] - typeOfData = typeOfDataMain + " Потери": null

16-05-2025T12:09:00 - [TEST_STEP][PASSED] - if (a == 82): null

16-05-2025T12:09:00 - [TEST_STEP][PASSED] - else if (a == 84): null

16-05-2025T12:09:00 - [TEST_STEP][PASSED] - else if (a == 83 || a == 52 || a == 72 || a == 28 || a == 73 || a == 77 || a == 74 || a == 65 || a == 36 || a == 44 || a == 53 || a == 80 || a == 54 || a == 1 || a == 18 || a == 59 || a == 81): null

16-05-2025T12:09:00 - [TEST_STEP][PASSED] - path = dataFolder + "Table Data/" + typeOfData + " за отчётный период " + dzoNum: null

16-05-2025T12:09:00 - [TEST_STEP][PASSED] - page = getText(findTestObject(path)): Text of object 'Object Repository/Выполнение бизнес-плана/Значения со страницы Выполнение бизнес-плана/Table Data/План Потери за отчётный период 8' is: '94 420'

16-05-2025T12:09:00 - [MESSAGE][PASSED] - Text of object 'Object Repository/Выполнение бизнес-плана/Значения со страницы Выполнение бизнес-плана/Table Data/План Потери за отчётный период 8' is: '94 420'

16-05-2025T12:09:00 - [TEST_STEP][PASSED] - if (page == "" || page == null): null

16-05-2025T12:09:00 - [TEST_STEP][PASSED] - else: null

16-05-2025T12:09:00 - [TEST_STEP][PASSED] - page = page.replaceAll("\s+", ""): null

16-05-2025T12:09:00 - [TEST_STEP][PASSED] - if (page == "undefined"): null

16-05-2025T12:09:00 - [TEST_STEP][PASSED] - filePoteri = poteri.toInteger(): null

16-05-2025T12:09:00 - [TEST_STEP][PASSED] - pagePoteri = page.toInteger(): null

16-05-2025T12:09:00 - [TEST_STEP][PASSED] - compare = pageOtpuskVSet: null

16-05-2025T12:09:00 - [TEST_STEP][PASSED] - if (pageOtpuskVSet != null): null

16-05-2025T12:09:00 - [TEST_STEP][PASSED] - if (compare == fileOtpuskVSet): null

16-05-2025T12:09:00 - [TEST_STEP][PASSED] - else if (compare > fileOtpuskVSet): null

16-05-2025T12:09:00 - [TEST_STEP][PASSED] - else if (compare < fileOtpuskVSet): null

16-05-2025T12:09:00 - [TEST_STEP][PASSED] - compare = compare + 1: null

16-05-2025T12:09:00 - [TEST_STEP][PASSED] - if (compare == fileOtpuskVSet): null

16-05-2025T12:09:00 - [TEST_STEP][PASSED] - else: null

16-05-2025T12:09:00 - [TEST_STEP][PASSED] - numberOfErrors = numberOfErrors + 1: null

16-05-2025T12:09:00 - [TEST_STEP][PASSED] - pageInt = pageOtpuskVSet: null

16-05-2025T12:09:00 - [TEST_STEP][PASSED] - fileInt = fileOtpuskVSet: null

16-05-2025T12:09:00 - [TEST_STEP][PASSED] - typeOfData = typeOfDataMain + " Отпуск в сеть": null

16-05-2025T12:09:00 - [TEST_STEP][PASSED] - Script1718980020443.WriteToExcel(a, typeOfData, todaysDate, pageInt, fileInt, pageDouble, fileDouble, dZO): null

16-05-2025T12:09:00 - [TEST_STEP][PASSED] - sheetName = "Sheet1": null

16-05-2025T12:09:00 - [TEST_STEP][PASSED] - data = findTestData("PlanFact"): null

16-05-2025T12:09:00 - [TEST_STEP][PASSED] - n = data.getRowNumbers() + 1: null

16-05-2025T12:09:00 - [TEST_STEP][PASSED] - day = ")).toInteger(): null

16-05-2025T12:09:00 - [TEST_STEP][PASSED] - println(day): null

16-05-2025T12:09:00 - [TEST_STEP][PASSED] - month = ")).toInteger(): null

16-05-2025T12:09:00 - [TEST_STEP][PASSED] - println(month): null

16-05-2025T12:09:00 - [TEST_STEP][PASSED] - y = <not implemented yet for class: org.codehaus.groovy.ast.expr.EmptyExpression>: null

16-05-2025T12:09:00 - [TEST_STEP][PASSED] - iy = <not implemented yet for class: org.codehaus.groovy.ast.expr.EmptyExpression>: null

16-05-2025T12:09:00 - [TEST_STEP][PASSED] - m = getText(findTestObject("Выполнение бизнес-плана/Период")): Text of object 'Object Repository/Выполнение бизнес-плана/Период' is: '1 кв. 2025 года'

16-05-2025T12:09:00 - [MESSAGE][PASSED] - Text of object 'Object Repository/Выполнение бизнес-плана/Период' is: '1 кв. 2025 года'

16-05-2025T12:09:00 - [TEST_STEP][PASSED] - iy = m.indexOf("20"): null

16-05-2025T12:09:00 - [TEST_STEP][PASSED] - if (iy > -1): null

16-05-2025T12:09:00 - [TEST_STEP][PASSED] - y = substring(iy, iy + 4).toInteger(): null

16-05-2025T12:09:00 - [TEST_STEP][PASSED] - println(y): null

16-05-2025T12:09:00 - [TEST_STEP][PASSED] - if (toString().length() == 4): null

16-05-2025T12:09:00 - [TEST_STEP][PASSED] - m = m.substring(0, m.indexOf(y.toString())): null

16-05-2025T12:09:00 - [TEST_STEP][PASSED] - m = m.trim(): null

16-05-2025T12:09:00 - [TEST_STEP][PASSED] - if (m == ""): null

16-05-2025T12:09:00 - [TEST_STEP][PASSED] - dashboardName = "Выполнение бизнес-плана": null

16-05-2025T12:09:00 - [TEST_STEP][PASSED] - workbook01 = getWorkbook(excelFilePath): null

16-05-2025T12:09:00 - [TEST_STEP][PASSED] - sheet01 = getExcelSheet(workbook01, sheetName): null

16-05-2025T12:09:00 - [TEST_STEP][PASSED] - setValueToCellByIndex(sheet01, n, 0, dashboardName): null

16-05-2025T12:09:00 - [TEST_STEP][PASSED] - setValueToCellByIndex(sheet01, n, 1, dZO): null

16-05-2025T12:09:00 - [TEST_STEP][PASSED] - setValueToCellByIndex(sheet01, n, 2, typeOfData): null

16-05-2025T12:09:00 - [TEST_STEP][PASSED] - if (typeOfData == "Факт в процентах" || typeOfData == "План в процентах"): null

16-05-2025T12:09:00 - [TEST_STEP][PASSED] - else: null

16-05-2025T12:09:00 - [TEST_STEP][PASSED] - setValueToCellByIndex(sheet01, n, 3, fileInt): null

16-05-2025T12:09:00 - [TEST_STEP][PASSED] - setValueToCellByIndex(sheet01, n, 4, pageInt): null

16-05-2025T12:09:00 - [TEST_STEP][PASSED] - setValueToCellByIndex(sheet01, n, 5, m): null

16-05-2025T12:09:00 - [TEST_STEP][PASSED] - setValueToCellByIndex(sheet01, n, 6, y): null

16-05-2025T12:09:00 - [TEST_STEP][PASSED] - setValueToCellByIndex(sheet01, n, 7, todaysDate): null

16-05-2025T12:09:00 - [TEST_STEP][PASSED] - n = n + 1: null

16-05-2025T12:09:00 - [TEST_STEP][PASSED] - saveWorkbook(excelFilePath, workbook01): null

16-05-2025T12:09:01 - [TEST_STEP][PASSED] - compare = pagePoteri: null

16-05-2025T12:09:01 - [TEST_STEP][PASSED] - if (pageOtpuskVSet != null): null

16-05-2025T12:09:01 - [TEST_STEP][PASSED] - if (compare == filePoteri): null

16-05-2025T12:09:01 - [TEST_STEP][PASSED] - else if (compare > filePoteri): null

16-05-2025T12:09:01 - [TEST_STEP][PASSED] - else if (compare < filePoteri): null

16-05-2025T12:09:01 - [TEST_STEP][PASSED] - compare = compare + 1: null

16-05-2025T12:09:01 - [TEST_STEP][PASSED] - if (compare == filePoteri): null

16-05-2025T12:09:01 - [TEST_STEP][PASSED] - else: null

16-05-2025T12:09:01 - [TEST_STEP][PASSED] - numberOfErrors = numberOfErrors + 1: null

16-05-2025T12:09:01 - [TEST_STEP][PASSED] - pageInt = pagePoteri: null

16-05-2025T12:09:01 - [TEST_STEP][PASSED] - fileInt = filePoteri: null

16-05-2025T12:09:01 - [TEST_STEP][PASSED] - typeOfData = typeOfDataMain + " Потери": null

16-05-2025T12:09:01 - [TEST_STEP][PASSED] - Script1718980020443.WriteToExcel(a, typeOfData, todaysDate, pageInt, fileInt, pageDouble, fileDouble, dZO): null

16-05-2025T12:09:01 - [TEST_STEP][PASSED] - sheetName = "Sheet1": null

16-05-2025T12:09:01 - [TEST_STEP][PASSED] - data = findTestData("PlanFact"): null

16-05-2025T12:09:01 - [TEST_STEP][PASSED] - n = data.getRowNumbers() + 1: null

16-05-2025T12:09:01 - [TEST_STEP][PASSED] - day = ")).toInteger(): null

16-05-2025T12:09:01 - [TEST_STEP][PASSED] - println(day): null

16-05-2025T12:09:01 - [TEST_STEP][PASSED] - month = ")).toInteger(): null

16-05-2025T12:09:01 - [TEST_STEP][PASSED] - println(month): null

16-05-2025T12:09:01 - [TEST_STEP][PASSED] - y = <not implemented yet for class: org.codehaus.groovy.ast.expr.EmptyExpression>: null

16-05-2025T12:09:01 - [TEST_STEP][PASSED] - iy = <not implemented yet for class: org.codehaus.groovy.ast.expr.EmptyExpression>: null

16-05-2025T12:09:01 - [TEST_STEP][PASSED] - m = getText(findTestObject("Выполнение бизнес-плана/Период")): Text of object 'Object Repository/Выполнение бизнес-плана/Период' is: '1 кв. 2025 года'

16-05-2025T12:09:01 - [MESSAGE][PASSED] - Text of object 'Object Repository/Выполнение бизнес-плана/Период' is: '1 кв. 2025 года'

16-05-2025T12:09:01 - [TEST_STEP][PASSED] - iy = m.indexOf("20"): null

16-05-2025T12:09:01 - [TEST_STEP][PASSED] - if (iy > -1): null

16-05-2025T12:09:01 - [TEST_STEP][PASSED] - y = substring(iy, iy + 4).toInteger(): null

16-05-2025T12:09:01 - [TEST_STEP][PASSED] - println(y): null

16-05-2025T12:09:01 - [TEST_STEP][PASSED] - if (toString().length() == 4): null

16-05-2025T12:09:01 - [TEST_STEP][PASSED] - m = m.substring(0, m.indexOf(y.toString())): null

16-05-2025T12:09:01 - [TEST_STEP][PASSED] - m = m.trim(): null

16-05-2025T12:09:01 - [TEST_STEP][PASSED] - if (m == ""): null

16-05-2025T12:09:01 - [TEST_STEP][PASSED] - dashboardName = "Выполнение бизнес-плана": null

16-05-2025T12:09:01 - [TEST_STEP][PASSED] - workbook01 = getWorkbook(excelFilePath): null

16-05-2025T12:09:01 - [TEST_STEP][PASSED] - sheet01 = getExcelSheet(workbook01, sheetName): null

16-05-2025T12:09:01 - [TEST_STEP][PASSED] - setValueToCellByIndex(sheet01, n, 0, dashboardName): null

16-05-2025T12:09:01 - [TEST_STEP][PASSED] - setValueToCellByIndex(sheet01, n, 1, dZO): null

16-05-2025T12:09:01 - [TEST_STEP][PASSED] - setValueToCellByIndex(sheet01, n, 2, typeOfData): null

16-05-2025T12:09:01 - [TEST_STEP][PASSED] - if (typeOfData == "Факт в процентах" || typeOfData == "План в процентах"): null

16-05-2025T12:09:01 - [TEST_STEP][PASSED] - else: null

16-05-2025T12:09:01 - [TEST_STEP][PASSED] - setValueToCellByIndex(sheet01, n, 3, fileInt): null

16-05-2025T12:09:01 - [TEST_STEP][PASSED] - setValueToCellByIndex(sheet01, n, 4, pageInt): null

16-05-2025T12:09:01 - [TEST_STEP][PASSED] - setValueToCellByIndex(sheet01, n, 5, m): null

16-05-2025T12:09:01 - [TEST_STEP][PASSED] - setValueToCellByIndex(sheet01, n, 6, y): null

16-05-2025T12:09:01 - [TEST_STEP][PASSED] - setValueToCellByIndex(sheet01, n, 7, todaysDate): null

16-05-2025T12:09:01 - [TEST_STEP][PASSED] - n = n + 1: null

16-05-2025T12:09:01 - [TEST_STEP][PASSED] - saveWorkbook(excelFilePath, workbook01): Object: 'Object Repository/Выполнение бизнес-плана/Кнопка Факт' is clicked on

16-05-2025T12:09:01 - [TEST_STEP][PASSED] - if (planFact == 2): Object: 'Object Repository/Выполнение бизнес-плана/Кнопка Факт' is clicked on

16-05-2025T12:09:01 - [TEST_STEP][PASSED] - click(findTestObject("Выполнение бизнес-плана/Кнопка Факт")): Object: 'Object Repository/Выполнение бизнес-плана/Кнопка Факт' is clicked on

16-05-2025T12:09:02 - [MESSAGE][PASSED] - Object: 'Object Repository/Выполнение бизнес-плана/Кнопка Факт' is clicked on

16-05-2025T12:09:02 - [TEST_STEP][PASSED] - println("a=" + a): null

16-05-2025T12:09:02 - [TEST_STEP][PASSED] - if (a == 84 || a == 82): null

16-05-2025T12:09:02 - [TEST_STEP][PASSED] - else if (a == 83 || a == 52 || a == 72 || a == 28 || a == 73 || a == 77 || a == 74 || a == 65 || a == 36 || a == 44 || a == 53 || a == 80 || a == 54 || a == 1 || a == 18 || a == 59 || a == 81): null

16-05-2025T12:09:02 - [TEST_STEP][PASSED] - page1 = getText(findTestObject("Object Repository/Выполнение бизнес-плана/spanPlan" + dzoNum)): Text of object 'Object Repository/Выполнение бизнес-плана/spanPlan8' is: '10.39
|'

16-05-2025T12:09:02 - [MESSAGE][PASSED] - Text of object 'Object Repository/Выполнение бизнес-плана/spanPlan8' is: '10.39
|'

16-05-2025T12:09:02 - [TEST_STEP][PASSED] - page1 = page1.replace("|", ""): null

16-05-2025T12:09:02 - [TEST_STEP][PASSED] - page2 = getText(findTestObject("Object Repository/Выполнение бизнес-плана/spanFact" + dzoNum)): Text of object 'Object Repository/Выполнение бизнес-плана/spanFact8' is: '8.87'

16-05-2025T12:09:02 - [MESSAGE][PASSED] - Text of object 'Object Repository/Выполнение бизнес-плана/spanFact8' is: '8.87'

16-05-2025T12:09:02 - [TEST_STEP][PASSED] - page2 = page2.replace("|", ""): null

16-05-2025T12:09:02 - [TEST_STEP][PASSED] - println("page1: " + page1): null

16-05-2025T12:09:02 - [TEST_STEP][PASSED] - println("page2: " + page2): null

16-05-2025T12:09:02 - [TEST_STEP][PASSED] - file = findTestData("PlanFact").getValue(4, a): null

16-05-2025T12:09:02 - [TEST_STEP][PASSED] - file = file.replace(",", "."): null

16-05-2025T12:09:02 - [TEST_STEP][PASSED] - println("file Plan: " + file): null

16-05-2025T12:09:02 - [TEST_STEP][PASSED] - typeOfData = "План в процентах": null

16-05-2025T12:09:02 - [TEST_STEP][PASSED] - fileDouble = file.toDouble(): null

16-05-2025T12:09:02 - [TEST_STEP][PASSED] - pageDouble = page1.toDouble(): null

16-05-2025T12:09:02 - [TEST_STEP][PASSED] - if (fileDouble != pageDouble): null

16-05-2025T12:09:02 - [TEST_STEP][PASSED] - numberOfErrors = numberOfErrors + 1: null

16-05-2025T12:09:02 - [TEST_STEP][PASSED] - Script1718980020443.WriteToExcel(a, typeOfData, todaysDate, pageInt, fileInt, pageDouble, fileDouble, dZO): null

16-05-2025T12:09:02 - [TEST_STEP][PASSED] - sheetName = "Sheet1": null

16-05-2025T12:09:02 - [TEST_STEP][PASSED] - data = findTestData("PlanFact"): null

16-05-2025T12:09:02 - [TEST_STEP][PASSED] - n = data.getRowNumbers() + 1: null

16-05-2025T12:09:02 - [TEST_STEP][PASSED] - day = ")).toInteger(): null

16-05-2025T12:09:02 - [TEST_STEP][PASSED] - println(day): null

16-05-2025T12:09:02 - [TEST_STEP][PASSED] - month = ")).toInteger(): null

16-05-2025T12:09:02 - [TEST_STEP][PASSED] - println(month): null

16-05-2025T12:09:02 - [TEST_STEP][PASSED] - y = <not implemented yet for class: org.codehaus.groovy.ast.expr.EmptyExpression>: null

16-05-2025T12:09:02 - [TEST_STEP][PASSED] - iy = <not implemented yet for class: org.codehaus.groovy.ast.expr.EmptyExpression>: null

16-05-2025T12:09:02 - [TEST_STEP][PASSED] - m = getText(findTestObject("Выполнение бизнес-плана/Период")): Text of object 'Object Repository/Выполнение бизнес-плана/Период' is: '1 кв. 2025 года'

16-05-2025T12:09:03 - [MESSAGE][PASSED] - Text of object 'Object Repository/Выполнение бизнес-плана/Период' is: '1 кв. 2025 года'

16-05-2025T12:09:03 - [TEST_STEP][PASSED] - iy = m.indexOf("20"): null

16-05-2025T12:09:03 - [TEST_STEP][PASSED] - if (iy > -1): null

16-05-2025T12:09:03 - [TEST_STEP][PASSED] - y = substring(iy, iy + 4).toInteger(): null

16-05-2025T12:09:03 - [TEST_STEP][PASSED] - println(y): null

16-05-2025T12:09:03 - [TEST_STEP][PASSED] - if (toString().length() == 4): null

16-05-2025T12:09:03 - [TEST_STEP][PASSED] - m = m.substring(0, m.indexOf(y.toString())): null

16-05-2025T12:09:03 - [TEST_STEP][PASSED] - m = m.trim(): null

16-05-2025T12:09:03 - [TEST_STEP][PASSED] - if (m == ""): null

16-05-2025T12:09:03 - [TEST_STEP][PASSED] - dashboardName = "Выполнение бизнес-плана": null

16-05-2025T12:09:03 - [TEST_STEP][PASSED] - workbook01 = getWorkbook(excelFilePath): null

16-05-2025T12:09:03 - [TEST_STEP][PASSED] - sheet01 = getExcelSheet(workbook01, sheetName): null

16-05-2025T12:09:03 - [TEST_STEP][PASSED] - setValueToCellByIndex(sheet01, n, 0, dashboardName): null

16-05-2025T12:09:03 - [TEST_STEP][PASSED] - setValueToCellByIndex(sheet01, n, 1, dZO): null

16-05-2025T12:09:03 - [TEST_STEP][PASSED] - setValueToCellByIndex(sheet01, n, 2, typeOfData): null

16-05-2025T12:09:03 - [TEST_STEP][PASSED] - if (typeOfData == "Факт в процентах" || typeOfData == "План в процентах"): null

16-05-2025T12:09:03 - [TEST_STEP][PASSED] - setValueToCellByIndex(sheet01, n, 3, fileDouble): null

16-05-2025T12:09:03 - [TEST_STEP][PASSED] - setValueToCellByIndex(sheet01, n, 4, pageDouble): null

16-05-2025T12:09:03 - [TEST_STEP][PASSED] - setValueToCellByIndex(sheet01, n, 5, m): null

16-05-2025T12:09:03 - [TEST_STEP][PASSED] - setValueToCellByIndex(sheet01, n, 6, y): null

16-05-2025T12:09:03 - [TEST_STEP][PASSED] - setValueToCellByIndex(sheet01, n, 7, todaysDate): null

16-05-2025T12:09:03 - [TEST_STEP][PASSED] - n = n + 1: null

16-05-2025T12:09:03 - [TEST_STEP][PASSED] - saveWorkbook(excelFilePath, workbook01): null

16-05-2025T12:09:03 - [TEST_STEP][PASSED] - file = findTestData("PlanFact").getValue(7, a): null

16-05-2025T12:09:03 - [TEST_STEP][PASSED] - file = file.replace(",", "."): null

16-05-2025T12:09:03 - [TEST_STEP][PASSED] - println("file Fact: " + file): null

16-05-2025T12:09:03 - [TEST_STEP][PASSED] - fileDouble = file.toDouble(): null

16-05-2025T12:09:03 - [TEST_STEP][PASSED] - typeOfData = "Факт в процентах": null

16-05-2025T12:09:03 - [TEST_STEP][PASSED] - fileDouble = file.toDouble(): null

16-05-2025T12:09:03 - [TEST_STEP][PASSED] - pageDouble = page2.toDouble(): null

16-05-2025T12:09:03 - [TEST_STEP][PASSED] - if (fileDouble != pageDouble): null

16-05-2025T12:09:03 - [TEST_STEP][PASSED] - numberOfErrors = numberOfErrors + 1: null

16-05-2025T12:09:03 - [TEST_STEP][PASSED] - Script1718980020443.WriteToExcel(a, typeOfData, todaysDate, pageInt, fileInt, pageDouble, fileDouble, dZO): null

16-05-2025T12:09:03 - [TEST_STEP][PASSED] - sheetName = "Sheet1": null

16-05-2025T12:09:03 - [TEST_STEP][PASSED] - data = findTestData("PlanFact"): null

16-05-2025T12:09:03 - [TEST_STEP][PASSED] - n = data.getRowNumbers() + 1: null

16-05-2025T12:09:03 - [TEST_STEP][PASSED] - day = ")).toInteger(): null

16-05-2025T12:09:03 - [TEST_STEP][PASSED] - println(day): null

16-05-2025T12:09:03 - [TEST_STEP][PASSED] - month = ")).toInteger(): null

16-05-2025T12:09:03 - [TEST_STEP][PASSED] - println(month): null

16-05-2025T12:09:03 - [TEST_STEP][PASSED] - y = <not implemented yet for class: org.codehaus.groovy.ast.expr.EmptyExpression>: null

16-05-2025T12:09:03 - [TEST_STEP][PASSED] - iy = <not implemented yet for class: org.codehaus.groovy.ast.expr.EmptyExpression>: null

16-05-2025T12:09:03 - [TEST_STEP][PASSED] - m = getText(findTestObject("Выполнение бизнес-плана/Период")): Text of object 'Object Repository/Выполнение бизнес-плана/Период' is: '1 кв. 2025 года'

16-05-2025T12:09:03 - [MESSAGE][PASSED] - Text of object 'Object Repository/Выполнение бизнес-плана/Период' is: '1 кв. 2025 года'

16-05-2025T12:09:03 - [TEST_STEP][PASSED] - iy = m.indexOf("20"): null

16-05-2025T12:09:03 - [TEST_STEP][PASSED] - if (iy > -1): null

16-05-2025T12:09:03 - [TEST_STEP][PASSED] - y = substring(iy, iy + 4).toInteger(): null

16-05-2025T12:09:03 - [TEST_STEP][PASSED] - println(y): null

16-05-2025T12:09:03 - [TEST_STEP][PASSED] - if (toString().length() == 4): null

16-05-2025T12:09:03 - [TEST_STEP][PASSED] - m = m.substring(0, m.indexOf(y.toString())): null

16-05-2025T12:09:03 - [TEST_STEP][PASSED] - m = m.trim(): null

16-05-2025T12:09:03 - [TEST_STEP][PASSED] - if (m == ""): null

16-05-2025T12:09:03 - [TEST_STEP][PASSED] - dashboardName = "Выполнение бизнес-плана": null

16-05-2025T12:09:03 - [TEST_STEP][PASSED] - workbook01 = getWorkbook(excelFilePath): null

16-05-2025T12:09:03 - [TEST_STEP][PASSED] - sheet01 = getExcelSheet(workbook01, sheetName): null

16-05-2025T12:09:03 - [TEST_STEP][PASSED] - setValueToCellByIndex(sheet01, n, 0, dashboardName): null

16-05-2025T12:09:03 - [TEST_STEP][PASSED] - setValueToCellByIndex(sheet01, n, 1, dZO): null

16-05-2025T12:09:03 - [TEST_STEP][PASSED] - setValueToCellByIndex(sheet01, n, 2, typeOfData): null

16-05-2025T12:09:03 - [TEST_STEP][PASSED] - if (typeOfData == "Факт в процентах" || typeOfData == "План в процентах"): null

16-05-2025T12:09:03 - [TEST_STEP][PASSED] - setValueToCellByIndex(sheet01, n, 3, fileDouble): null

16-05-2025T12:09:03 - [TEST_STEP][PASSED] - setValueToCellByIndex(sheet01, n, 4, pageDouble): null

16-05-2025T12:09:03 - [TEST_STEP][PASSED] - setValueToCellByIndex(sheet01, n, 5, m): null

16-05-2025T12:09:03 - [TEST_STEP][PASSED] - setValueToCellByIndex(sheet01, n, 6, y): null

16-05-2025T12:09:03 - [TEST_STEP][PASSED] - setValueToCellByIndex(sheet01, n, 7, todaysDate): null

16-05-2025T12:09:03 - [TEST_STEP][PASSED] - n = n + 1: null

16-05-2025T12:09:03 - [TEST_STEP][PASSED] - saveWorkbook(excelFilePath, workbook01): null

16-05-2025T12:09:04 - [TEST_STEP][FAILED] - if (verifyEqual(numberOfErrors, 0) == false): null

16-05-2025T12:09:04 - [MESSAGE][FAILED] - Unable to verify equal between actual object '6' and expected object '0' (Root cause: com.kms.katalon.core.exception.StepFailedException: Actual object '6' and expected object '0' are not equal
	at com.kms.katalon.core.keyword.builtin.VerifyEqualKeyword$_verifyEqual_closure1.doCall(VerifyEqualKeyword.groovy:58)
	at com.kms.katalon.core.keyword.builtin.VerifyEqualKeyword$_verifyEqual_closure1.call(VerifyEqualKeyword.groovy)
	at com.kms.katalon.core.keyword.internal.KeywordMain.runKeyword(KeywordMain.groovy:75)
	at com.kms.katalon.core.keyword.builtin.VerifyEqualKeyword.verifyEqual(VerifyEqualKeyword.groovy:63)
	at com.kms.katalon.core.keyword.builtin.VerifyEqualKeyword.execute(VerifyEqualKeyword.groovy:44)
	at com.kms.katalon.core.keyword.internal.KeywordExecutor.executeKeywordForPlatform(KeywordExecutor.groovy:74)
	at com.kms.katalon.core.keyword.BuiltinKeywords.verifyEqual(BuiltinKeywords.groovy:146)
	at jdk.internal.reflect.GeneratedMethodAccessor24.invoke(Unknown Source)
	at java.base/jdk.internal.reflect.DelegatingMethodAccessorImpl.invoke(DelegatingMethodAccessorImpl.java:43)
	at Выполнение бизнес-плана Сверка ПАО Россети все филиалы.Numbers(Выполнение бизнес-плана Сверка ПАО Россети все филиалы:740)
	at Выполнение бизнес-плана Сверка ПАО Россети все филиалы.run(Выполнение бизнес-плана Сверка ПАО Россети все филиалы:409)
	at com.kms.katalon.core.main.ScriptEngine.run(ScriptEngine.java:194)
	at com.kms.katalon.core.main.ScriptEngine.runScriptAsRawText(ScriptEngine.java:119)
	at com.kms.katalon.core.main.TestCaseExecutor.runScript(TestCaseExecutor.java:448)
	at com.kms.katalon.core.main.TestCaseExecutor.doExecute(TestCaseExecutor.java:439)
	at com.kms.katalon.core.main.TestCaseExecutor.processExecutionPhase(TestCaseExecutor.java:418)
	at com.kms.katalon.core.main.TestCaseExecutor.accessMainPhase(TestCaseExecutor.java:410)
	at com.kms.katalon.core.main.TestCaseExecutor.execute(TestCaseExecutor.java:285)
	at com.kms.katalon.core.common.CommonExecutor.accessTestCaseMainPhase(CommonExecutor.java:65)
	at com.kms.katalon.core.main.TestSuiteExecutor.accessTestSuiteMainPhase(TestSuiteExecutor.java:150)
	at com.kms.katalon.core.main.TestSuiteExecutor.execute(TestSuiteExecutor.java:106)
	at com.kms.katalon.core.main.TestCaseMain.startTestSuite(TestCaseMain.java:180)
	at TempTestSuite1747369435659.run(TempTestSuite1747369435659.groovy:35)
	at java.base/jdk.internal.reflect.NativeMethodAccessorImpl.invoke0(Native Method)
	at java.base/jdk.internal.reflect.NativeMethodAccessorImpl.invoke(NativeMethodAccessorImpl.java:77)
	at java.base/jdk.internal.reflect.DelegatingMethodAccessorImpl.invoke(DelegatingMethodAccessorImpl.java:43)
)

16-05-2025T12:09:04 - [TEST_STEP][PASSED] - println(numberOfErrors): null

16-05-2025T12:09:04 - [TEST_STEP][PASSED] - println("a=" + a): null

16-05-2025T12:09:04 - [TEST_STEP][PASSED] - if (a == 28 || a == 77 || a == 74 || a == 65 || a == 36 || a == 44 || a == 54 || a == 1 || a == 18 || a == 59): null

16-05-2025T12:09:04 - [TEST_STEP][PASSED] - if (a == 82): null

16-05-2025T12:09:04 - [TEST_STEP][PASSED] - println(dzoNum): null

16-05-2025T12:09:04 - [TEST_STEP][PASSED] - closeBrowser(): Browser is closed

16-05-2025T12:09:04 - [MESSAGE][PASSED] - Browser is closed]]></system-out>
         <system-err><![CDATA[16-05-2025T11:52:07 - [TEST_CASE][FAILED] - Test Cases/Выполнение бизнес-плана/Выполнение бизнес-плана Сверка ПАО Россети все филиалы: Test Cases/Выполнение бизнес-плана/Выполнение бизнес-плана Сверка ПАО Россети все филиалы FAILED.
Reason:
com.kms.katalon.core.exception.StepFailedException: Unable to verify equal between actual object '6' and expected object '0' (Root cause: com.kms.katalon.core.exception.StepFailedException: Actual object '6' and expected object '0' are not equal
	at com.kms.katalon.core.keyword.builtin.VerifyEqualKeyword$_verifyEqual_closure1.doCall(VerifyEqualKeyword.groovy:58)
	at com.kms.katalon.core.keyword.builtin.VerifyEqualKeyword$_verifyEqual_closure1.call(VerifyEqualKeyword.groovy)
	at com.kms.katalon.core.keyword.internal.KeywordMain.runKeyword(KeywordMain.groovy:75)
	at com.kms.katalon.core.keyword.builtin.VerifyEqualKeyword.verifyEqual(VerifyEqualKeyword.groovy:63)
	at com.kms.katalon.core.keyword.builtin.VerifyEqualKeyword.execute(VerifyEqualKeyword.groovy:44)
	at com.kms.katalon.core.keyword.internal.KeywordExecutor.executeKeywordForPlatform(KeywordExecutor.groovy:74)
	at com.kms.katalon.core.keyword.BuiltinKeywords.verifyEqual(BuiltinKeywords.groovy:146)
	at jdk.internal.reflect.GeneratedMethodAccessor24.invoke(Unknown Source)
	at java.base/jdk.internal.reflect.DelegatingMethodAccessorImpl.invoke(DelegatingMethodAccessorImpl.java:43)
	at Выполнение бизнес-плана Сверка ПАО Россети все филиалы.Numbers(Выполнение бизнес-плана Сверка ПАО Россети все филиалы:740)
	at Выполнение бизнес-плана Сверка ПАО Россети все филиалы.run(Выполнение бизнес-плана Сверка ПАО Россети все филиалы:168)
	at com.kms.katalon.core.main.ScriptEngine.run(ScriptEngine.java:194)
	at com.kms.katalon.core.main.ScriptEngine.runScriptAsRawText(ScriptEngine.java:119)
	at com.kms.katalon.core.main.TestCaseExecutor.runScript(TestCaseExecutor.java:448)
	at com.kms.katalon.core.main.TestCaseExecutor.doExecute(TestCaseExecutor.java:439)
	at com.kms.katalon.core.main.TestCaseExecutor.processExecutionPhase(TestCaseExecutor.java:418)
	at com.kms.katalon.core.main.TestCaseExecutor.accessMainPhase(TestCaseExecutor.java:410)
	at com.kms.katalon.core.main.TestCaseExecutor.execute(TestCaseExecutor.java:285)
	at com.kms.katalon.core.common.CommonExecutor.accessTestCaseMainPhase(CommonExecutor.java:65)
	at com.kms.katalon.core.main.TestSuiteExecutor.accessTestSuiteMainPhase(TestSuiteExecutor.java:150)
	at com.kms.katalon.core.main.TestSuiteExecutor.execute(TestSuiteExecutor.java:106)
	at com.kms.katalon.core.main.TestCaseMain.startTestSuite(TestCaseMain.java:180)
	at TempTestSuite1747369435659.run(TempTestSuite1747369435659.groovy:35)
	at java.base/jdk.internal.reflect.NativeMethodAccessorImpl.invoke0(Native Method)
	at java.base/jdk.internal.reflect.NativeMethodAccessorImpl.invoke(NativeMethodAccessorImpl.java:77)
	at java.base/jdk.internal.reflect.DelegatingMethodAccessorImpl.invoke(DelegatingMethodAccessorImpl.java:43)
)
	at com.kms.katalon.core.keyword.internal.KeywordMain.stepFailed(KeywordMain.groovy:39)
	at com.kms.katalon.core.keyword.internal.KeywordMain.stepFailed(KeywordMain.groovy)
	at com.kms.katalon.core.keyword.internal.KeywordMain.runKeyword(KeywordMain.groovy:77)
	at com.kms.katalon.core.keyword.builtin.VerifyEqualKeyword.verifyEqual(VerifyEqualKeyword.groovy:63)
	at com.kms.katalon.core.keyword.builtin.VerifyEqualKeyword.execute(VerifyEqualKeyword.groovy:44)
	at com.kms.katalon.core.keyword.internal.KeywordExecutor.executeKeywordForPlatform(KeywordExecutor.groovy:74)
	at com.kms.katalon.core.keyword.BuiltinKeywords.verifyEqual(BuiltinKeywords.groovy:146)
	at jdk.internal.reflect.GeneratedMethodAccessor24.invoke(Unknown Source)
	at java.base/jdk.internal.reflect.DelegatingMethodAccessorImpl.invoke(DelegatingMethodAccessorImpl.java:43)
	at Выполнение бизнес-плана Сверка ПАО Россети все филиалы.Numbers(Выполнение бизнес-плана Сверка ПАО Россети все филиалы:740)
	at Выполнение бизнес-плана Сверка ПАО Россети все филиалы.run(Выполнение бизнес-плана Сверка ПАО Россети все филиалы:168)
	at com.kms.katalon.core.main.ScriptEngine.run(ScriptEngine.java:194)
	at com.kms.katalon.core.main.ScriptEngine.runScriptAsRawText(ScriptEngine.java:119)
	at com.kms.katalon.core.main.TestCaseExecutor.runScript(TestCaseExecutor.java:448)
	at com.kms.katalon.core.main.TestCaseExecutor.doExecute(TestCaseExecutor.java:439)
	at com.kms.katalon.core.main.TestCaseExecutor.processExecutionPhase(TestCaseExecutor.java:418)
	at com.kms.katalon.core.main.TestCaseExecutor.accessMainPhase(TestCaseExecutor.java:410)
	at com.kms.katalon.core.main.TestCaseExecutor.execute(TestCaseExecutor.java:285)
	at com.kms.katalon.core.common.CommonExecutor.accessTestCaseMainPhase(CommonExecutor.java:65)
	at com.kms.katalon.core.main.TestSuiteExecutor.accessTestSuiteMainPhase(TestSuiteExecutor.java:150)
	at com.kms.katalon.core.main.TestSuiteExecutor.execute(TestSuiteExecutor.java:106)
	at com.kms.katalon.core.main.TestCaseMain.startTestSuite(TestCaseMain.java:180)
	at TempTestSuite1747369435659.run(TempTestSuite1747369435659.groovy:35)
	at java.base/jdk.internal.reflect.NativeMethodAccessorImpl.invoke0(Native Method)
	at java.base/jdk.internal.reflect.NativeMethodAccessorImpl.invoke(NativeMethodAccessorImpl.java:77)
	at java.base/jdk.internal.reflect.DelegatingMethodAccessorImpl.invoke(DelegatingMethodAccessorImpl.java:43)
Caused by: com.kms.katalon.core.exception.StepFailedException: Actual object '6' and expected object '0' are not equal
	at com.kms.katalon.core.keyword.builtin.VerifyEqualKeyword$_verifyEqual_closure1.doCall(VerifyEqualKeyword.groovy:58)
	at com.kms.katalon.core.keyword.builtin.VerifyEqualKeyword$_verifyEqual_closure1.call(VerifyEqualKeyword.groovy)
	at com.kms.katalon.core.keyword.internal.KeywordMain.runKeyword(KeywordMain.groovy:75)
	... 23 more]]></system-err>
      </testcase>
      <system-out><![CDATA[16-05-2025T07:24:11 - [TEST_SUITE][FAILED] - Сверка дашбордов из разных блоков: Test Cases/Сверки дашбордов/Блок руководителя сверка дашбордов под разными учётками FAILED.
Reason:
com.kms.katalon.core.exception.StepFailedException: Unable to get text of object (Root cause: com.kms.katalon.core.exception.StepFailedException: Unable to get text of object
	at com.kms.katalon.core.webui.keyword.internal.WebUIKeywordMain.stepFailed(WebUIKeywordMain.groovy:64)
	at com.kms.katalon.core.webui.keyword.internal.WebUIKeywordMain.runKeyword(WebUIKeywordMain.groovy:26)
	at com.kms.katalon.core.webui.keyword.builtin.GetTextKeyword.getText(GetTextKeyword.groovy:88)
	at com.kms.katalon.core.webui.keyword.builtin.GetTextKeyword.execute(GetTextKeyword.groovy:67)
	at com.kms.katalon.core.keyword.internal.KeywordExecutor.executeKeywordForPlatform(KeywordExecutor.groovy:74)
	at com.kms.katalon.core.webui.keyword.WebUiBuiltInKeywords.getText(WebUiBuiltInKeywords.groovy:957)
	at Блок руководителя сверка дашбордов под разными учётками.VipolnenieBiznesPlana(Блок руководителя сверка дашбордов под разными учётками:276)
	at Блок руководителя сверка дашбордов под разными учётками.run(Блок руководителя сверка дашбордов под разными учётками:52)
	at com.kms.katalon.core.main.ScriptEngine.run(ScriptEngine.java:194)
	at com.kms.katalon.core.main.ScriptEngine.runScriptAsRawText(ScriptEngine.java:119)
	at com.kms.katalon.core.main.TestCaseExecutor.runScript(TestCaseExecutor.java:448)
	at com.kms.katalon.core.main.TestCaseExecutor.doExecute(TestCaseExecutor.java:439)
	at com.kms.katalon.core.main.TestCaseExecutor.processExecutionPhase(TestCaseExecutor.java:418)
	at com.kms.katalon.core.main.TestCaseExecutor.accessMainPhase(TestCaseExecutor.java:410)
	at com.kms.katalon.core.main.TestCaseExecutor.execute(TestCaseExecutor.java:285)
	at com.kms.katalon.core.common.CommonExecutor.accessTestCaseMainPhase(CommonExecutor.java:65)
	at com.kms.katalon.core.main.TestSuiteExecutor.accessTestSuiteMainPhase(TestSuiteExecutor.java:150)
	at com.kms.katalon.core.main.TestSuiteExecutor.execute(TestSuiteExecutor.java:106)
	at com.kms.katalon.core.main.TestCaseMain.startTestSuite(TestCaseMain.java:180)
	at TempTestSuite1747369435659.run(TempTestSuite1747369435659.groovy:35)
	at java.base/jdk.internal.reflect.NativeMethodAccessorImpl.invoke0(Native Method)
	at java.base/jdk.internal.reflect.NativeMethodAccessorImpl.invoke(NativeMethodAccessorImpl.java:77)
	at java.base/jdk.internal.reflect.DelegatingMethodAccessorImpl.invoke(DelegatingMethodAccessorImpl.java:43)
Caused by: java.lang.IllegalArgumentException: Object is null
	at com.kms.katalon.core.helper.KeywordHelper.checkTestObjectParameter(KeywordHelper.java:33)
	at com.kms.katalon.core.webui.keyword.builtin.GetTextKeyword$_getText_closure1.doCall(GetTextKeyword.groovy:76)
	at com.kms.katalon.core.webui.keyword.builtin.GetTextKeyword$_getText_closure1.call(GetTextKeyword.groovy)
	at com.kms.katalon.core.webui.keyword.internal.WebUIKeywordMain.runKeyword(WebUIKeywordMain.groovy:20)
	at com.kms.katalon.core.webui.keyword.builtin.GetTextKeyword.getText(GetTextKeyword.groovy:88)
	at com.kms.katalon.core.webui.keyword.builtin.GetTextKeyword.execute(GetTextKeyword.groovy:67)
	at com.kms.katalon.core.keyword.internal.KeywordExecutor.executeKeywordForPlatform(KeywordExecutor.groovy:74)
	at com.kms.katalon.core.webui.keyword.WebUiBuiltInKeywords.getText(WebUiBuiltInKeywords.groovy:957)
	at Script1686231490255.VipolnenieBiznesPlana(Script1686231490255.groovy:276)
	at Script1686231490255.run(Script1686231490255.groovy:52)
	... 15 more
)
	at com.kms.katalon.core.keyword.internal.KeywordMain.stepFailed(KeywordMain.groovy:39)
	at com.kms.katalon.core.webui.keyword.internal.WebUIKeywordMain.stepFailed(WebUIKeywordMain.groovy:64)
	at com.kms.katalon.core.webui.keyword.internal.WebUIKeywordMain.runKeyword(WebUIKeywordMain.groovy:26)
	at com.kms.katalon.core.webui.keyword.builtin.GetTextKeyword.getText(GetTextKeyword.groovy:88)
	at com.kms.katalon.core.webui.keyword.builtin.GetTextKeyword.execute(GetTextKeyword.groovy:67)
	at com.kms.katalon.core.keyword.internal.KeywordExecutor.executeKeywordForPlatform(KeywordExecutor.groovy:74)
	at com.kms.katalon.core.webui.keyword.WebUiBuiltInKeywords.getText(WebUiBuiltInKeywords.groovy:957)
	at Блок руководителя сверка дашбордов под разными учётками.VipolnenieBiznesPlana(Блок руководителя сверка дашбордов под разными учётками:276)
	at Блок руководителя сверка дашбордов под разными учётками.run(Блок руководителя сверка дашбордов под разными учётками:52)
	at com.kms.katalon.core.main.ScriptEngine.run(ScriptEngine.java:194)
	at com.kms.katalon.core.main.ScriptEngine.runScriptAsRawText(ScriptEngine.java:119)
	at com.kms.katalon.core.main.TestCaseExecutor.runScript(TestCaseExecutor.java:448)
	at com.kms.katalon.core.main.TestCaseExecutor.doExecute(TestCaseExecutor.java:439)
	at com.kms.katalon.core.main.TestCaseExecutor.processExecutionPhase(TestCaseExecutor.java:418)
	at com.kms.katalon.core.main.TestCaseExecutor.accessMainPhase(TestCaseExecutor.java:410)
	at com.kms.katalon.core.main.TestCaseExecutor.execute(TestCaseExecutor.java:285)
	at com.kms.katalon.core.common.CommonExecutor.accessTestCaseMainPhase(CommonExecutor.java:65)
	at com.kms.katalon.core.main.TestSuiteExecutor.accessTestSuiteMainPhase(TestSuiteExecutor.java:150)
	at com.kms.katalon.core.main.TestSuiteExecutor.execute(TestSuiteExecutor.java:106)
	at com.kms.katalon.core.main.TestCaseMain.startTestSuite(TestCaseMain.java:180)
	at TempTestSuite1747369435659.run(TempTestSuite1747369435659.groovy:35)
	at java.base/jdk.internal.reflect.NativeMethodAccessorImpl.invoke0(Native Method)
	at java.base/jdk.internal.reflect.NativeMethodAccessorImpl.invoke(NativeMethodAccessorImpl.java:77)
	at java.base/jdk.internal.reflect.DelegatingMethodAccessorImpl.invoke(DelegatingMethodAccessorImpl.java:43)
Caused by: com.kms.katalon.core.exception.StepFailedException: Unable to get text of object
	... 23 more
Caused by: java.lang.IllegalArgumentException: Object is null
	at com.kms.katalon.core.helper.KeywordHelper.checkTestObjectParameter(KeywordHelper.java:33)
	at com.kms.katalon.core.webui.keyword.builtin.GetTextKeyword$_getText_closure1.doCall(GetTextKeyword.groovy:76)
	at com.kms.katalon.core.webui.keyword.builtin.GetTextKeyword$_getText_closure1.call(GetTextKeyword.groovy)
	at com.kms.katalon.core.webui.keyword.internal.WebUIKeywordMain.runKeyword(WebUIKeywordMain.groovy:20)
	... 21 more]]></system-out>
      <system-err><![CDATA[16-05-2025T07:24:11 - [TEST_SUITE][FAILED] - Сверка дашбордов из разных блоков: Test Cases/Сверки дашбордов/Блок руководителя сверка дашбордов под разными учётками FAILED.
Reason:
com.kms.katalon.core.exception.StepFailedException: Unable to get text of object (Root cause: com.kms.katalon.core.exception.StepFailedException: Unable to get text of object
	at com.kms.katalon.core.webui.keyword.internal.WebUIKeywordMain.stepFailed(WebUIKeywordMain.groovy:64)
	at com.kms.katalon.core.webui.keyword.internal.WebUIKeywordMain.runKeyword(WebUIKeywordMain.groovy:26)
	at com.kms.katalon.core.webui.keyword.builtin.GetTextKeyword.getText(GetTextKeyword.groovy:88)
	at com.kms.katalon.core.webui.keyword.builtin.GetTextKeyword.execute(GetTextKeyword.groovy:67)
	at com.kms.katalon.core.keyword.internal.KeywordExecutor.executeKeywordForPlatform(KeywordExecutor.groovy:74)
	at com.kms.katalon.core.webui.keyword.WebUiBuiltInKeywords.getText(WebUiBuiltInKeywords.groovy:957)
	at Блок руководителя сверка дашбордов под разными учётками.VipolnenieBiznesPlana(Блок руководителя сверка дашбордов под разными учётками:276)
	at Блок руководителя сверка дашбордов под разными учётками.run(Блок руководителя сверка дашбордов под разными учётками:52)
	at com.kms.katalon.core.main.ScriptEngine.run(ScriptEngine.java:194)
	at com.kms.katalon.core.main.ScriptEngine.runScriptAsRawText(ScriptEngine.java:119)
	at com.kms.katalon.core.main.TestCaseExecutor.runScript(TestCaseExecutor.java:448)
	at com.kms.katalon.core.main.TestCaseExecutor.doExecute(TestCaseExecutor.java:439)
	at com.kms.katalon.core.main.TestCaseExecutor.processExecutionPhase(TestCaseExecutor.java:418)
	at com.kms.katalon.core.main.TestCaseExecutor.accessMainPhase(TestCaseExecutor.java:410)
	at com.kms.katalon.core.main.TestCaseExecutor.execute(TestCaseExecutor.java:285)
	at com.kms.katalon.core.common.CommonExecutor.accessTestCaseMainPhase(CommonExecutor.java:65)
	at com.kms.katalon.core.main.TestSuiteExecutor.accessTestSuiteMainPhase(TestSuiteExecutor.java:150)
	at com.kms.katalon.core.main.TestSuiteExecutor.execute(TestSuiteExecutor.java:106)
	at com.kms.katalon.core.main.TestCaseMain.startTestSuite(TestCaseMain.java:180)
	at TempTestSuite1747369435659.run(TempTestSuite1747369435659.groovy:35)
	at java.base/jdk.internal.reflect.NativeMethodAccessorImpl.invoke0(Native Method)
	at java.base/jdk.internal.reflect.NativeMethodAccessorImpl.invoke(NativeMethodAccessorImpl.java:77)
	at java.base/jdk.internal.reflect.DelegatingMethodAccessorImpl.invoke(DelegatingMethodAccessorImpl.java:43)
Caused by: java.lang.IllegalArgumentException: Object is null
	at com.kms.katalon.core.helper.KeywordHelper.checkTestObjectParameter(KeywordHelper.java:33)
	at com.kms.katalon.core.webui.keyword.builtin.GetTextKeyword$_getText_closure1.doCall(GetTextKeyword.groovy:76)
	at com.kms.katalon.core.webui.keyword.builtin.GetTextKeyword$_getText_closure1.call(GetTextKeyword.groovy)
	at com.kms.katalon.core.webui.keyword.internal.WebUIKeywordMain.runKeyword(WebUIKeywordMain.groovy:20)
	at com.kms.katalon.core.webui.keyword.builtin.GetTextKeyword.getText(GetTextKeyword.groovy:88)
	at com.kms.katalon.core.webui.keyword.builtin.GetTextKeyword.execute(GetTextKeyword.groovy:67)
	at com.kms.katalon.core.keyword.internal.KeywordExecutor.executeKeywordForPlatform(KeywordExecutor.groovy:74)
	at com.kms.katalon.core.webui.keyword.WebUiBuiltInKeywords.getText(WebUiBuiltInKeywords.groovy:957)
	at Script1686231490255.VipolnenieBiznesPlana(Script1686231490255.groovy:276)
	at Script1686231490255.run(Script1686231490255.groovy:52)
	... 15 more
)
	at com.kms.katalon.core.keyword.internal.KeywordMain.stepFailed(KeywordMain.groovy:39)
	at com.kms.katalon.core.webui.keyword.internal.WebUIKeywordMain.stepFailed(WebUIKeywordMain.groovy:64)
	at com.kms.katalon.core.webui.keyword.internal.WebUIKeywordMain.runKeyword(WebUIKeywordMain.groovy:26)
	at com.kms.katalon.core.webui.keyword.builtin.GetTextKeyword.getText(GetTextKeyword.groovy:88)
	at com.kms.katalon.core.webui.keyword.builtin.GetTextKeyword.execute(GetTextKeyword.groovy:67)
	at com.kms.katalon.core.keyword.internal.KeywordExecutor.executeKeywordForPlatform(KeywordExecutor.groovy:74)
	at com.kms.katalon.core.webui.keyword.WebUiBuiltInKeywords.getText(WebUiBuiltInKeywords.groovy:957)
	at Блок руководителя сверка дашбордов под разными учётками.VipolnenieBiznesPlana(Блок руководителя сверка дашбордов под разными учётками:276)
	at Блок руководителя сверка дашбордов под разными учётками.run(Блок руководителя сверка дашбордов под разными учётками:52)
	at com.kms.katalon.core.main.ScriptEngine.run(ScriptEngine.java:194)
	at com.kms.katalon.core.main.ScriptEngine.runScriptAsRawText(ScriptEngine.java:119)
	at com.kms.katalon.core.main.TestCaseExecutor.runScript(TestCaseExecutor.java:448)
	at com.kms.katalon.core.main.TestCaseExecutor.doExecute(TestCaseExecutor.java:439)
	at com.kms.katalon.core.main.TestCaseExecutor.processExecutionPhase(TestCaseExecutor.java:418)
	at com.kms.katalon.core.main.TestCaseExecutor.accessMainPhase(TestCaseExecutor.java:410)
	at com.kms.katalon.core.main.TestCaseExecutor.execute(TestCaseExecutor.java:285)
	at com.kms.katalon.core.common.CommonExecutor.accessTestCaseMainPhase(CommonExecutor.java:65)
	at com.kms.katalon.core.main.TestSuiteExecutor.accessTestSuiteMainPhase(TestSuiteExecutor.java:150)
	at com.kms.katalon.core.main.TestSuiteExecutor.execute(TestSuiteExecutor.java:106)
	at com.kms.katalon.core.main.TestCaseMain.startTestSuite(TestCaseMain.java:180)
	at TempTestSuite1747369435659.run(TempTestSuite1747369435659.groovy:35)
	at java.base/jdk.internal.reflect.NativeMethodAccessorImpl.invoke0(Native Method)
	at java.base/jdk.internal.reflect.NativeMethodAccessorImpl.invoke(NativeMethodAccessorImpl.java:77)
	at java.base/jdk.internal.reflect.DelegatingMethodAccessorImpl.invoke(DelegatingMethodAccessorImpl.java:43)
Caused by: com.kms.katalon.core.exception.StepFailedException: Unable to get text of object
	... 23 more
Caused by: java.lang.IllegalArgumentException: Object is null
	at com.kms.katalon.core.helper.KeywordHelper.checkTestObjectParameter(KeywordHelper.java:33)
	at com.kms.katalon.core.webui.keyword.builtin.GetTextKeyword$_getText_closure1.doCall(GetTextKeyword.groovy:76)
	at com.kms.katalon.core.webui.keyword.builtin.GetTextKeyword$_getText_closure1.call(GetTextKeyword.groovy)
	at com.kms.katalon.core.webui.keyword.internal.WebUIKeywordMain.runKeyword(WebUIKeywordMain.groovy:20)
	... 21 more]]></system-err>
   </testsuite>
</testsuites>
