<?xml version="1.0" encoding="UTF-8"?>
<testsuites name="Сверка дашбордов из разных блоков" time="7241.955" tests="5" failures="3" errors="0">
   <testsuite name="Сверка дашбордов из разных блоков" tests="5" failures="3" errors="0" time="7241.955" skipped="0" timestamp="18-11-2024T02:42:52" hostname="liazgina-di - UVV-WS904-D.ot.ru" id="Test Suites/Пн-Ср-Пт/Сверка дашбордов из разных блоков">
      <properties>
         <property name="deviceName" value=""/>
         <property name="devicePlatform"/>
         <property name="logFolder" value="C:\\Users\\LIAZGINA-DI\\git\\SPORU\\Reports\\20241118_024247\\\u041F\u043D-\u0421\u0440-\u041F\u0442\\\u0421\u0432\u0435\u0440\u043A\u0430 \u0434\u0430\u0448\u0431\u043E\u0440\u0434\u043E\u0432 \u0438\u0437 \u0440\u0430\u0437\u043D\u044B\u0445 \u0431\u043B\u043E\u043A\u043E\u0432\\20241118_024247"/>
         <property name="logFiles" value="C:\\Users\\LIAZGINA-DI\\git\\SPORU\\Reports\\20241118_024247\\\u041F\u043D-\u0421\u0440-\u041F\u0442\\\u0421\u0432\u0435\u0440\u043A\u0430 \u0434\u0430\u0448\u0431\u043E\u0440\u0434\u043E\u0432 \u0438\u0437 \u0440\u0430\u0437\u043D\u044B\u0445 \u0431\u043B\u043E\u043A\u043E\u0432\\20241118_024247\\execution0.log, C:\\Users\\LIAZGINA-DI\\git\\SPORU\\Reports\\20241118_024247\\\u041F\u043D-\u0421\u0440-\u041F\u0442\\\u0421\u0432\u0435\u0440\u043A\u0430 \u0434\u0430\u0448\u0431\u043E\u0440\u0434\u043E\u0432 \u0438\u0437 \u0440\u0430\u0437\u043D\u044B\u0445 \u0431\u043B\u043E\u043A\u043E\u0432\\20241118_024247\\execution1.log"/>
         <property name="attachments" value="C:\\Users\\LIAZGINA-DI\\git\\SPORU\\Reports\\20241118_024247\\\u041F\u043D-\u0421\u0440-\u041F\u0442\\\u0421\u0432\u0435\u0440\u043A\u0430 \u0434\u0430\u0448\u0431\u043E\u0440\u0434\u043E\u0432 \u0438\u0437 \u0440\u0430\u0437\u043D\u044B\u0445 \u0431\u043B\u043E\u043A\u043E\u0432\\20241118_024247\\1731887417147.png"/>
         <property name="hostName" value="liazgina-di - UVV-WS904-D.ot.ru"/>
         <property name="os" value="Windows 10 64bit"/>
         <property name="katalonVersion" value="9.5.0.217"/>
         <property name="browser" value="Chrome 131.0.0.0"/>
         <property name="hostAddress" value="192.168.0.19"/>
         <property name="sessionId" value="248f297a2339d934aa524e8a6e7d47ec"/>
         <property name="seleniumVersion" value="3.141.59"/>
         <property name="proxyInformation" value="ProxyInformation { proxyOption=NO_PROXY, proxyServerType=HTTP, username=, password=********, proxyServerAddress=, proxyServerPort=0, executionList=&quot;&quot;, isApplyToDesiredCapabilities=true }"/>
         <property name="platform" value="Windows 10"/>
      </properties>
      <testcase name="Test Cases/Сверки дашбордов/Выполнение бизнес-плана сверка дашбордов" time="683.0" classname="Test Cases/Сверки дашбордов/Выполнение бизнес-плана сверка дашбордов" status="FAILED">
         <failure type="FAILED" message="Test Cases/Сверки дашбордов/Выполнение бизнес-плана сверка дашбордов FAILED.&#xa;Reason:&#xa;com.kms.katalon.core.exception.StepFailedException: Unable to verify object is present (Root cause: com.kms.katalon.core.exception.StepFailedException: Unable to verify object is present&#xa;	at com.kms.katalon.core.webui.keyword.internal.WebUIKeywordMain.stepFailed(WebUIKeywordMain.groovy:64)&#xa;	at com.kms.katalon.core.webui.keyword.internal.WebUIKeywordMain.runKeyword(WebUIKeywordMain.groovy:26)&#xa;	at com.kms.katalon.core.webui.keyword.builtin.VerifyElementPresentKeyword.verifyElementPresent(VerifyElementPresentKeyword.groovy:92)&#xa;	at com.kms.katalon.core.webui.keyword.builtin.VerifyElementPresentKeyword.execute(VerifyElementPresentKeyword.groovy:68)&#xa;	at com.kms.katalon.core.keyword.internal.KeywordExecutor.executeKeywordForPlatform(KeywordExecutor.groovy:74)&#xa;	at com.kms.katalon.core.webui.keyword.WebUiBuiltInKeywords.verifyElementPresent(WebUiBuiltInKeywords.groovy:1503)&#xa;	at Выполнение бизнес-плана сверка дашбордов.GetAllPAOData(Выполнение бизнес-плана сверка дашбордов:862)&#xa;	at Выполнение бизнес-плана сверка дашбордов.run(Выполнение бизнес-плана сверка дашбордов:362)&#xa;	at com.kms.katalon.core.main.ScriptEngine.run(ScriptEngine.java:194)&#xa;	at com.kms.katalon.core.main.ScriptEngine.runScriptAsRawText(ScriptEngine.java:119)&#xa;	at com.kms.katalon.core.main.TestCaseExecutor.runScript(TestCaseExecutor.java:448)&#xa;	at com.kms.katalon.core.main.TestCaseExecutor.doExecute(TestCaseExecutor.java:439)&#xa;	at com.kms.katalon.core.main.TestCaseExecutor.processExecutionPhase(TestCaseExecutor.java:418)&#xa;	at com.kms.katalon.core.main.TestCaseExecutor.accessMainPhase(TestCaseExecutor.java:410)&#xa;	at com.kms.katalon.core.main.TestCaseExecutor.execute(TestCaseExecutor.java:285)&#xa;	at com.kms.katalon.core.common.CommonExecutor.accessTestCaseMainPhase(CommonExecutor.java:65)&#xa;	at com.kms.katalon.core.main.TestSuiteExecutor.accessTestSuiteMainPhase(TestSuiteExecutor.java:150)&#xa;	at com.kms.katalon.core.main.TestSuiteExecutor.execute(TestSuiteExecutor.java:106)&#xa;	at com.kms.katalon.core.main.TestCaseMain.startTestSuite(TestCaseMain.java:180)&#xa;	at TempTestSuite1731886967590.run(TempTestSuite1731886967590.groovy:35)&#xa;	at java.base/jdk.internal.reflect.NativeMethodAccessorImpl.invoke0(Native Method)&#xa;	at java.base/jdk.internal.reflect.NativeMethodAccessorImpl.invoke(NativeMethodAccessorImpl.java:77)&#xa;	at java.base/jdk.internal.reflect.DelegatingMethodAccessorImpl.invoke(DelegatingMethodAccessorImpl.java:43)&#xa;Caused by: java.lang.IllegalArgumentException: Object is null&#xa;	at com.kms.katalon.core.helper.KeywordHelper.checkTestObjectParameter(KeywordHelper.java:33)&#xa;	at com.kms.katalon.core.webui.keyword.builtin.VerifyElementPresentKeyword$_verifyElementPresent_closure1.doCall(VerifyElementPresentKeyword.groovy:76)&#xa;	at com.kms.katalon.core.webui.keyword.builtin.VerifyElementPresentKeyword$_verifyElementPresent_closure1.call(VerifyElementPresentKeyword.groovy)&#xa;	at com.kms.katalon.core.webui.keyword.internal.WebUIKeywordMain.runKeyword(WebUIKeywordMain.groovy:20)&#xa;	at com.kms.katalon.core.webui.keyword.builtin.VerifyElementPresentKeyword.verifyElementPresent(VerifyElementPresentKeyword.groovy:92)&#xa;	at com.kms.katalon.core.webui.keyword.builtin.VerifyElementPresentKeyword.execute(VerifyElementPresentKeyword.groovy:68)&#xa;	at com.kms.katalon.core.keyword.internal.KeywordExecutor.executeKeywordForPlatform(KeywordExecutor.groovy:74)&#xa;	at com.kms.katalon.core.webui.keyword.WebUiBuiltInKeywords.verifyElementPresent(WebUiBuiltInKeywords.groovy:1503)&#xa;	at Script1719299571342.GetAllPAOData(Script1719299571342.groovy:862)&#xa;	at Script1719299571342.run(Script1719299571342.groovy:362)&#xa;	... 15 more&#xa;)&#xa;	at com.kms.katalon.core.keyword.internal.KeywordMain.stepFailed(KeywordMain.groovy:39)&#xa;	at com.kms.katalon.core.webui.keyword.internal.WebUIKeywordMain.stepFailed(WebUIKeywordMain.groovy:64)&#xa;	at com.kms.katalon.core.webui.keyword.internal.WebUIKeywordMain.runKeyword(WebUIKeywordMain.groovy:26)&#xa;	at com.kms.katalon.core.webui.keyword.builtin.VerifyElementPresentKeyword.verifyElementPresent(VerifyElementPresentKeyword.groovy:92)&#xa;	at com.kms.katalon.core.webui.keyword.builtin.VerifyElementPresentKeyword.execute(VerifyElementPresentKeyword.groovy:68)&#xa;	at com.kms.katalon.core.keyword.internal.KeywordExecutor.executeKeywordForPlatform(KeywordExecutor.groovy:74)&#xa;	at com.kms.katalon.core.webui.keyword.WebUiBuiltInKeywords.verifyElementPresent(WebUiBuiltInKeywords.groovy:1503)&#xa;	at Выполнение бизнес-плана сверка дашбордов.GetAllPAOData(Выполнение бизнес-плана сверка дашбордов:862)&#xa;	at Выполнение бизнес-плана сверка дашбордов.run(Выполнение бизнес-плана сверка дашбордов:362)&#xa;	at com.kms.katalon.core.main.ScriptEngine.run(ScriptEngine.java:194)&#xa;	at com.kms.katalon.core.main.ScriptEngine.runScriptAsRawText(ScriptEngine.java:119)&#xa;	at com.kms.katalon.core.main.TestCaseExecutor.runScript(TestCaseExecutor.java:448)&#xa;	at com.kms.katalon.core.main.TestCaseExecutor.doExecute(TestCaseExecutor.java:439)&#xa;	at com.kms.katalon.core.main.TestCaseExecutor.processExecutionPhase(TestCaseExecutor.java:418)&#xa;	at com.kms.katalon.core.main.TestCaseExecutor.accessMainPhase(TestCaseExecutor.java:410)&#xa;	at com.kms.katalon.core.main.TestCaseExecutor.execute(TestCaseExecutor.java:285)&#xa;	at com.kms.katalon.core.common.CommonExecutor.accessTestCaseMainPhase(CommonExecutor.java:65)&#xa;	at com.kms.katalon.core.main.TestSuiteExecutor.accessTestSuiteMainPhase(TestSuiteExecutor.java:150)&#xa;	at com.kms.katalon.core.main.TestSuiteExecutor.execute(TestSuiteExecutor.java:106)&#xa;	at com.kms.katalon.core.main.TestCaseMain.startTestSuite(TestCaseMain.java:180)&#xa;	at TempTestSuite1731886967590.run(TempTestSuite1731886967590.groovy:35)&#xa;	at java.base/jdk.internal.reflect.NativeMethodAccessorImpl.invoke0(Native Method)&#xa;	at java.base/jdk.internal.reflect.NativeMethodAccessorImpl.invoke(NativeMethodAccessorImpl.java:77)&#xa;	at java.base/jdk.internal.reflect.DelegatingMethodAccessorImpl.invoke(DelegatingMethodAccessorImpl.java:43)&#xa;Caused by: com.kms.katalon.core.exception.StepFailedException: Unable to verify object is present&#xa;	... 23 more&#xa;Caused by: java.lang.IllegalArgumentException: Object is null&#xa;	at com.kms.katalon.core.helper.KeywordHelper.checkTestObjectParameter(KeywordHelper.java:33)&#xa;	at com.kms.katalon.core.webui.keyword.builtin.VerifyElementPresentKeyword$_verifyElementPresent_closure1.doCall(VerifyElementPresentKeyword.groovy:76)&#xa;	at com.kms.katalon.core.webui.keyword.builtin.VerifyElementPresentKeyword$_verifyElementPresent_closure1.call(VerifyElementPresentKeyword.groovy)&#xa;	at com.kms.katalon.core.webui.keyword.internal.WebUIKeywordMain.runKeyword(WebUIKeywordMain.groovy:20)&#xa;	... 21 more&#xa;"/>
         <system-out><![CDATA[18-11-2024T02:42:52 - [TEST_CASE][FAILED] - Test Cases/Сверки дашбордов/Выполнение бизнес-плана сверка дашбордов: Test Cases/Сверки дашбордов/Выполнение бизнес-плана сверка дашбордов FAILED.
Reason:
com.kms.katalon.core.exception.StepFailedException: Unable to verify object is present (Root cause: com.kms.katalon.core.exception.StepFailedException: Unable to verify object is present
	at com.kms.katalon.core.webui.keyword.internal.WebUIKeywordMain.stepFailed(WebUIKeywordMain.groovy:64)
	at com.kms.katalon.core.webui.keyword.internal.WebUIKeywordMain.runKeyword(WebUIKeywordMain.groovy:26)
	at com.kms.katalon.core.webui.keyword.builtin.VerifyElementPresentKeyword.verifyElementPresent(VerifyElementPresentKeyword.groovy:92)
	at com.kms.katalon.core.webui.keyword.builtin.VerifyElementPresentKeyword.execute(VerifyElementPresentKeyword.groovy:68)
	at com.kms.katalon.core.keyword.internal.KeywordExecutor.executeKeywordForPlatform(KeywordExecutor.groovy:74)
	at com.kms.katalon.core.webui.keyword.WebUiBuiltInKeywords.verifyElementPresent(WebUiBuiltInKeywords.groovy:1503)
	at Выполнение бизнес-плана сверка дашбордов.GetAllPAOData(Выполнение бизнес-плана сверка дашбордов:862)
	at Выполнение бизнес-плана сверка дашбордов.run(Выполнение бизнес-плана сверка дашбордов:362)
	at com.kms.katalon.core.main.ScriptEngine.run(ScriptEngine.java:194)
	at com.kms.katalon.core.main.ScriptEngine.runScriptAsRawText(ScriptEngine.java:119)
	at com.kms.katalon.core.main.TestCaseExecutor.runScript(TestCaseExecutor.java:448)
	at com.kms.katalon.core.main.TestCaseExecutor.doExecute(TestCaseExecutor.java:439)
	at com.kms.katalon.core.main.TestCaseExecutor.processExecutionPhase(TestCaseExecutor.java:418)
	at com.kms.katalon.core.main.TestCaseExecutor.accessMainPhase(TestCaseExecutor.java:410)
	at com.kms.katalon.core.main.TestCaseExecutor.execute(TestCaseExecutor.java:285)
	at com.kms.katalon.core.common.CommonExecutor.accessTestCaseMainPhase(CommonExecutor.java:65)
	at com.kms.katalon.core.main.TestSuiteExecutor.accessTestSuiteMainPhase(TestSuiteExecutor.java:150)
	at com.kms.katalon.core.main.TestSuiteExecutor.execute(TestSuiteExecutor.java:106)
	at com.kms.katalon.core.main.TestCaseMain.startTestSuite(TestCaseMain.java:180)
	at TempTestSuite1731886967590.run(TempTestSuite1731886967590.groovy:35)
	at java.base/jdk.internal.reflect.NativeMethodAccessorImpl.invoke0(Native Method)
	at java.base/jdk.internal.reflect.NativeMethodAccessorImpl.invoke(NativeMethodAccessorImpl.java:77)
	at java.base/jdk.internal.reflect.DelegatingMethodAccessorImpl.invoke(DelegatingMethodAccessorImpl.java:43)
Caused by: java.lang.IllegalArgumentException: Object is null
	at com.kms.katalon.core.helper.KeywordHelper.checkTestObjectParameter(KeywordHelper.java:33)
	at com.kms.katalon.core.webui.keyword.builtin.VerifyElementPresentKeyword$_verifyElementPresent_closure1.doCall(VerifyElementPresentKeyword.groovy:76)
	at com.kms.katalon.core.webui.keyword.builtin.VerifyElementPresentKeyword$_verifyElementPresent_closure1.call(VerifyElementPresentKeyword.groovy)
	at com.kms.katalon.core.webui.keyword.internal.WebUIKeywordMain.runKeyword(WebUIKeywordMain.groovy:20)
	at com.kms.katalon.core.webui.keyword.builtin.VerifyElementPresentKeyword.verifyElementPresent(VerifyElementPresentKeyword.groovy:92)
	at com.kms.katalon.core.webui.keyword.builtin.VerifyElementPresentKeyword.execute(VerifyElementPresentKeyword.groovy:68)
	at com.kms.katalon.core.keyword.internal.KeywordExecutor.executeKeywordForPlatform(KeywordExecutor.groovy:74)
	at com.kms.katalon.core.webui.keyword.WebUiBuiltInKeywords.verifyElementPresent(WebUiBuiltInKeywords.groovy:1503)
	at Script1719299571342.GetAllPAOData(Script1719299571342.groovy:862)
	at Script1719299571342.run(Script1719299571342.groovy:362)
	... 15 more
)
	at com.kms.katalon.core.keyword.internal.KeywordMain.stepFailed(KeywordMain.groovy:39)
	at com.kms.katalon.core.webui.keyword.internal.WebUIKeywordMain.stepFailed(WebUIKeywordMain.groovy:64)
	at com.kms.katalon.core.webui.keyword.internal.WebUIKeywordMain.runKeyword(WebUIKeywordMain.groovy:26)
	at com.kms.katalon.core.webui.keyword.builtin.VerifyElementPresentKeyword.verifyElementPresent(VerifyElementPresentKeyword.groovy:92)
	at com.kms.katalon.core.webui.keyword.builtin.VerifyElementPresentKeyword.execute(VerifyElementPresentKeyword.groovy:68)
	at com.kms.katalon.core.keyword.internal.KeywordExecutor.executeKeywordForPlatform(KeywordExecutor.groovy:74)
	at com.kms.katalon.core.webui.keyword.WebUiBuiltInKeywords.verifyElementPresent(WebUiBuiltInKeywords.groovy:1503)
	at Выполнение бизнес-плана сверка дашбордов.GetAllPAOData(Выполнение бизнес-плана сверка дашбордов:862)
	at Выполнение бизнес-плана сверка дашбордов.run(Выполнение бизнес-плана сверка дашбордов:362)
	at com.kms.katalon.core.main.ScriptEngine.run(ScriptEngine.java:194)
	at com.kms.katalon.core.main.ScriptEngine.runScriptAsRawText(ScriptEngine.java:119)
	at com.kms.katalon.core.main.TestCaseExecutor.runScript(TestCaseExecutor.java:448)
	at com.kms.katalon.core.main.TestCaseExecutor.doExecute(TestCaseExecutor.java:439)
	at com.kms.katalon.core.main.TestCaseExecutor.processExecutionPhase(TestCaseExecutor.java:418)
	at com.kms.katalon.core.main.TestCaseExecutor.accessMainPhase(TestCaseExecutor.java:410)
	at com.kms.katalon.core.main.TestCaseExecutor.execute(TestCaseExecutor.java:285)
	at com.kms.katalon.core.common.CommonExecutor.accessTestCaseMainPhase(CommonExecutor.java:65)
	at com.kms.katalon.core.main.TestSuiteExecutor.accessTestSuiteMainPhase(TestSuiteExecutor.java:150)
	at com.kms.katalon.core.main.TestSuiteExecutor.execute(TestSuiteExecutor.java:106)
	at com.kms.katalon.core.main.TestCaseMain.startTestSuite(TestCaseMain.java:180)
	at TempTestSuite1731886967590.run(TempTestSuite1731886967590.groovy:35)
	at java.base/jdk.internal.reflect.NativeMethodAccessorImpl.invoke0(Native Method)
	at java.base/jdk.internal.reflect.NativeMethodAccessorImpl.invoke(NativeMethodAccessorImpl.java:77)
	at java.base/jdk.internal.reflect.DelegatingMethodAccessorImpl.invoke(DelegatingMethodAccessorImpl.java:43)
Caused by: com.kms.katalon.core.exception.StepFailedException: Unable to verify object is present
	... 23 more
Caused by: java.lang.IllegalArgumentException: Object is null
	at com.kms.katalon.core.helper.KeywordHelper.checkTestObjectParameter(KeywordHelper.java:33)
	at com.kms.katalon.core.webui.keyword.builtin.VerifyElementPresentKeyword$_verifyElementPresent_closure1.doCall(VerifyElementPresentKeyword.groovy:76)
	at com.kms.katalon.core.webui.keyword.builtin.VerifyElementPresentKeyword$_verifyElementPresent_closure1.call(VerifyElementPresentKeyword.groovy)
	at com.kms.katalon.core.webui.keyword.internal.WebUIKeywordMain.runKeyword(WebUIKeywordMain.groovy:20)
	... 21 more


18-11-2024T02:42:54 - [TEST_STEP][PASSED] - date = new java.util.Date(): null

18-11-2024T02:42:54 - [TEST_STEP][PASSED] - todaysDate = date.format("dd.MM.yyyy"): null

18-11-2024T02:42:54 - [TEST_STEP][PASSED] - blockNum = <not implemented yet for class: org.codehaus.groovy.ast.expr.EmptyExpression>: null

18-11-2024T02:42:54 - [TEST_STEP][PASSED] - path = <not implemented yet for class: org.codehaus.groovy.ast.expr.EmptyExpression>: null

18-11-2024T02:42:54 - [TEST_STEP][PASSED] - typeOfData = <not implemented yet for class: org.codehaus.groovy.ast.expr.EmptyExpression>: null

18-11-2024T02:42:54 - [TEST_STEP][PASSED] - i = <not implemented yet for class: org.codehaus.groovy.ast.expr.EmptyExpression>: null

18-11-2024T02:42:54 - [TEST_STEP][PASSED] - dZO = <not implemented yet for class: org.codehaus.groovy.ast.expr.EmptyExpression>: null

18-11-2024T02:42:54 - [TEST_STEP][PASSED] - vidget = <not implemented yet for class: org.codehaus.groovy.ast.expr.EmptyExpression>: null

18-11-2024T02:42:54 - [TEST_STEP][PASSED] - tabR = <not implemented yet for class: org.codehaus.groovy.ast.expr.EmptyExpression>: null

18-11-2024T02:42:54 - [TEST_STEP][PASSED] - tabB = <not implemented yet for class: org.codehaus.groovy.ast.expr.EmptyExpression>: null

18-11-2024T02:42:54 - [TEST_STEP][PASSED] - o1R = <not implemented yet for class: org.codehaus.groovy.ast.expr.EmptyExpression>: null

18-11-2024T02:42:54 - [TEST_STEP][PASSED] - o1B = <not implemented yet for class: org.codehaus.groovy.ast.expr.EmptyExpression>: null

18-11-2024T02:42:54 - [TEST_STEP][PASSED] - PercPlanR = <not implemented yet for class: org.codehaus.groovy.ast.expr.EmptyExpression>: null

18-11-2024T02:42:54 - [TEST_STEP][PASSED] - PercPlanB = <not implemented yet for class: org.codehaus.groovy.ast.expr.EmptyExpression>: null

18-11-2024T02:42:54 - [TEST_STEP][PASSED] - PercFactR = <not implemented yet for class: org.codehaus.groovy.ast.expr.EmptyExpression>: null

18-11-2024T02:42:54 - [TEST_STEP][PASSED] - PercFactB = <not implemented yet for class: org.codehaus.groovy.ast.expr.EmptyExpression>: null

18-11-2024T02:42:54 - [TEST_STEP][PASSED] - pRR = "ПАО Россети/": null

18-11-2024T02:42:54 - [TEST_STEP][PASSED] - fR = "Россети ФСК ЕЭС/": null

18-11-2024T02:42:54 - [TEST_STEP][PASSED] - tyR = "АО "Тываэнерго"/": null

18-11-2024T02:42:54 - [TEST_STEP][PASSED] - chR = "Чеченэнерго": null

18-11-2024T02:42:54 - [TEST_STEP][PASSED] - vR = "Россети Волга/": null

18-11-2024T02:42:54 - [TEST_STEP][PASSED] - kR = "Россети Кубань/": null

18-11-2024T02:42:54 - [TEST_STEP][PASSED] - lR = "Россети Ленэнерго (ГК)/": null

18-11-2024T02:42:54 - [TEST_STEP][PASSED] - mR = "Россети Московский регион/": null

18-11-2024T02:42:54 - [TEST_STEP][PASSED] - sKR = "Россети Северный Кавказ (ГК)/": null

18-11-2024T02:42:54 - [TEST_STEP][PASSED] - sZR = "Россети Северо-Запад/": null

18-11-2024T02:42:54 - [TEST_STEP][PASSED] - siR = "Россети Сибирь (ГК)/": null

18-11-2024T02:42:54 - [TEST_STEP][PASSED] - tomR = "Россети Томск/": null

18-11-2024T02:42:54 - [TEST_STEP][PASSED] - tyumR = "Россети Тюмень/": null

18-11-2024T02:42:54 - [TEST_STEP][PASSED] - urR = "Россети Урал (ГК)/": null

18-11-2024T02:42:54 - [TEST_STEP][PASSED] - cenR = "Россети Центр (ГК)/": null

18-11-2024T02:42:54 - [TEST_STEP][PASSED] - cIPR = "Россети Центр и Приволжье (ГК)/": null

18-11-2024T02:42:54 - [TEST_STEP][PASSED] - ugR = "Россети Юг (ГК)/": null

18-11-2024T02:42:54 - [TEST_STEP][PASSED] - yR = "Россети Янтарь/": null

18-11-2024T02:42:54 - [TEST_STEP][PASSED] - pRB = "ПАО Россети/": null

18-11-2024T02:42:54 - [TEST_STEP][PASSED] - fB = "Россети ФСК ЕЭС/": null

18-11-2024T02:42:54 - [TEST_STEP][PASSED] - tyB = "АО "Тываэнерго"/": null

18-11-2024T02:42:54 - [TEST_STEP][PASSED] - chB = "Чеченэнерго": null

18-11-2024T02:42:54 - [TEST_STEP][PASSED] - vB = "Россети Волга/": null

18-11-2024T02:42:54 - [TEST_STEP][PASSED] - kB = "Россети Кубань/": null

18-11-2024T02:42:54 - [TEST_STEP][PASSED] - lB = "Россети Ленэнерго (ГК)/": null

18-11-2024T02:42:54 - [TEST_STEP][PASSED] - mB = "Россети Московский регион/": null

18-11-2024T02:42:54 - [TEST_STEP][PASSED] - sKB = "Россети Северный Кавказ (ГК)/": null

18-11-2024T02:42:54 - [TEST_STEP][PASSED] - sZB = "Россети Северо-Запад/": null

18-11-2024T02:42:54 - [TEST_STEP][PASSED] - siB = "Россети Сибирь (ГК)/": null

18-11-2024T02:42:54 - [TEST_STEP][PASSED] - tomB = "Россети Томск/": null

18-11-2024T02:42:54 - [TEST_STEP][PASSED] - tyumB = "Россети Тюмень/": null

18-11-2024T02:42:54 - [TEST_STEP][PASSED] - urB = "Россети Урал (ГК)/": null

18-11-2024T02:42:54 - [TEST_STEP][PASSED] - cenB = "Россети Центр (ГК)/": null

18-11-2024T02:42:54 - [TEST_STEP][PASSED] - cIPB = "Россети Центр и Приволжье (ГК)/": null

18-11-2024T02:42:54 - [TEST_STEP][PASSED] - ugB = "Россети Юг (ГК)/": null

18-11-2024T02:42:54 - [TEST_STEP][PASSED] - yB = "Россети Янтарь/": null

18-11-2024T02:42:54 - [TEST_STEP][PASSED] - VseDZO = <not implemented yet for class: org.codehaus.groovy.ast.expr.EmptyExpression>: null

18-11-2024T02:42:54 - [TEST_STEP][PASSED] - a = <not implemented yet for class: org.codehaus.groovy.ast.expr.EmptyExpression>: null

18-11-2024T02:42:54 - [TEST_STEP][PASSED] - b = <not implemented yet for class: org.codehaus.groovy.ast.expr.EmptyExpression>: null

18-11-2024T02:42:54 - [TEST_STEP][PASSED] - dZONum = 0: null

18-11-2024T02:42:54 - [TEST_STEP][PASSED] - x = <not implemented yet for class: org.codehaus.groovy.ast.expr.EmptyExpression>: null

18-11-2024T02:42:54 - [TEST_STEP][PASSED] - blockNum = 1: null

18-11-2024T02:42:54 - [TEST_STEP][PASSED] - path = "Object Repository/Выполнение бизнес-плана/": null

18-11-2024T02:42:54 - [TEST_STEP][PASSED] - Script1719299571342.Presettings(blockNum, path): null

18-11-2024T02:42:54 - [TEST_STEP][PASSED] - blockNumber = <not implemented yet for class: org.codehaus.groovy.ast.expr.EmptyExpression>: null

18-11-2024T02:42:54 - [TEST_STEP][PASSED] - urlText = <not implemented yet for class: org.codehaus.groovy.ast.expr.EmptyExpression>: null

18-11-2024T02:42:54 - [TEST_STEP][PASSED] - searchWord = <not implemented yet for class: org.codehaus.groovy.ast.expr.EmptyExpression>: null

18-11-2024T02:42:54 - [TEST_STEP][PASSED] - i = <not implemented yet for class: org.codehaus.groovy.ast.expr.EmptyExpression>: null

18-11-2024T02:42:54 - [TEST_STEP][PASSED] - ii = <not implemented yet for class: org.codehaus.groovy.ast.expr.EmptyExpression>: null

18-11-2024T02:42:54 - [TEST_STEP][PASSED] - openBrowser(""): Browser is opened with url: ''

18-11-2024T02:42:55 - [MESSAGE][INFO] - Starting 'Chrome' driver

18-11-2024T02:42:55 - [MESSAGE][INFO] - Action delay is set to 0 milliseconds

18-11-2024T02:42:57 - [MESSAGE][PASSED] - Browser is opened with url: ''

18-11-2024T02:42:57 - [TEST_STEP][PASSED] - if (blockNum == 1): null

18-11-2024T02:42:57 - [TEST_STEP][PASSED] - path = "Object Repository/Выполнение бизнес-плана/": null

18-11-2024T02:42:57 - [TEST_STEP][PASSED] - blockNumber = 1: null

18-11-2024T02:42:57 - [TEST_STEP][PASSED] - navigateToUrl(findTestData("PlanFact").getValue(10, blockNumber)): Navigate to 'https://bi.rosseti.digital/viewer?dashboardGuid=d154a8eaf6824e2b9de1bb04dd061c18&sheetGuid=1305e8ce744049e1abdacea1ea397a26&fit=true' successfully

18-11-2024T02:43:02 - [MESSAGE][PASSED] - Navigate to 'https://bi.rosseti.digital/viewer?dashboardGuid=d154a8eaf6824e2b9de1bb04dd061c18&sheetGuid=1305e8ce744049e1abdacea1ea397a26&fit=true' successfully

18-11-2024T02:43:02 - [TEST_STEP][PASSED] - urlText = getText(findTestObject("Страница авторизации/Text")): Text of object 'Object Repository/Страница авторизации/Text' is: 'Вход'

18-11-2024T02:43:05 - [MESSAGE][PASSED] - Text of object 'Object Repository/Страница авторизации/Text' is: 'Вход'

18-11-2024T02:43:05 - [TEST_STEP][PASSED] - delay(10): Delayed 10 second(s)

18-11-2024T02:43:15 - [MESSAGE][PASSED] - Delayed 10 second(s)

18-11-2024T02:43:15 - [TEST_STEP][PASSED] - searchWord = "Вход": null

18-11-2024T02:43:15 - [TEST_STEP][PASSED] - if (urlText.contains(searchWord) == false): null

18-11-2024T02:43:15 - [TEST_STEP][PASSED] - setText(findTestObject("Страница авторизации/input__username"), findTestData("PlanFact").getValue(8, 1)): Text 'liazgina-di' is set on object 'Object Repository/Страница авторизации/input__username'

18-11-2024T02:43:15 - [MESSAGE][PASSED] - Text 'liazgina-di' is set on object 'Object Repository/Страница авторизации/input__username'

18-11-2024T02:43:15 - [TEST_STEP][PASSED] - setText(findTestObject("Страница авторизации/input__password"), findTestData("PlanFact").getValue(9, 1)): Text ')$%5srZ8o688Dm#q' is set on object 'Object Repository/Страница авторизации/input__password'

18-11-2024T02:43:16 - [MESSAGE][PASSED] - Text ')$%5srZ8o688Dm#q' is set on object 'Object Repository/Страница авторизации/input__password'

18-11-2024T02:43:16 - [TEST_STEP][PASSED] - click(findTestObject("Страница авторизации/button_")): Object: 'Object Repository/Страница авторизации/button_' is clicked on

18-11-2024T02:43:18 - [MESSAGE][PASSED] - Object: 'Object Repository/Страница авторизации/button_' is clicked on

18-11-2024T02:43:18 - [TEST_STEP][PASSED] - delay(50): Delayed 50 second(s)

18-11-2024T02:44:08 - [MESSAGE][PASSED] - Delayed 50 second(s)

18-11-2024T02:44:08 - [TEST_STEP][PASSED] - searchWord = "ДЗО": null

18-11-2024T02:44:08 - [TEST_STEP][PASSED] - urlText = getText(findTestObject("Страница авторизации/Text")): Text of object 'Object Repository/Страница авторизации/Text' is: 'ДЗО 
Все
Период
1, 2, 3 кв. 2024 года
Отклонения фактического уровня потерь от бизнес-плана, п.п.
-0.07
3.72
3.84
-0.05
0.09
-0.51
-0.25
АО «Тываэнерго»
АО «Чеченэнерго»
Россети Северный Кавказ
Россети Сибирь
Россети Тюмень
Россети Центр (ГК)
Россети Центр и Приволжье (ГК)
-1
0
1
2
3
4
5
6
7

Уровень потерь электроэнергии
АО «Тываэнерго»
АО «Чеченэнерго»
Россети Северный Кавказ
Россети Сибирь
Россети Тюмень
Россети Центр (ГК)
Россети Центр и Приволжье (ГК)
0
10
20
30
40
50
60
70
21.03
|
32.87
23.70
6.97
|
2.51
9.98
|
6.88
|
20.96
36.59
|
27.54
|
6.92
2.60
|
9.48
6.63
п.п.
0.05
Итого
0
0.02
0.04
0.06
%
5.29 5.29
5.26 5.26
План
Факт
1
100

● Бизнес-план выполнен● ●● Превышение бизнес-плана
Отклонения фактического уровня потерь от бизнес-плана за 3 месяца (нарастающим итогом), п.п.
0.10.1
3.73.7
3.83.8
-0.1-0.1
0.10.1
-0.5-0.5
-0.2-0.2
-0.0-0.0
4.14.1
4.04.0
-0.1-0.1
0.10.1
-0.4-0.4
-0.2-0.2
-0.1-0.1
3.73.7
3.83.8
-0.0-0.0
0.10.1
-0.5-0.5
-0.2-0.2
Россети ФСКЕЭС
АО«Тываэнерго»
АО«Чеченэнерго»
Россети Волга
РоссетиКубань
РоссетиЛенэнерго (ГК)
РоссетиМосковскийрегион
РоссетиСеверныйКавказ (ГК)
Россети Северо-Запад
Россети Сибирь(ГК)
Россети Томск
Россети Тюмень
Россети Урал(ГК)
Россети Центр
Россети Центр иПриволжье (ГК)
Россети Юг (Г…
РоссетиЯнтарь
0
-5
5
п.п.
Отклонения фактического уровня потерь от бизнес-плана за 3 месяца (нарастающим итогом)
-0.2-0.2
-0.4-0.4
0.10.1
-0.1-0.1
-0.3-0.3
4.14.1
-1.9-1.9
-0.2-0.2
-0.5-0.5
-0.1-0.1
0.40.4
-0.7-0.7
-0.4-0.4
7.97.9
0.10.1
13.113.1
-0.2-0.2
-0.3-0.3
-0.0-0.0
0.20.2
-0.1-0.1
4.24.2
-1.7-1.7
-0.1-0.1
-0.3-0.3
-0.1-0.1
0.30.3
-0.7-0.7
-0.4-0.4
8.48.4
0.20.2
13.213.2
-0.2-0.2
-0.3-0.3
-0.1-0.1
-0.5-0.5
-0.3-0.3
3.83.8
-1.8-1.8
-0.1-0.1
-0.3-0.3
-0.2-0.2
0.40.4
-0.7-0.7
-0.4-0.4
8.08.0
0.30.3
13.213.2
Итого по ФСК ЕЭС
Каббалкэнерго
Калмэнерго
Калугаэнерго
АО "Кинешемская электросеть"
АО "Тываэнерго"
АО «ВМЭС»
АО «Воронежская горэлектросеть»
АО «Тульские городские электрические сети»
АО «Чеченэнерго»
АО «Ярославская электросетевая компания»
АО ЕЭСК
Алтайэнерго
Архангельский филиал
Астраханьэнерго
Белгородэнерго
Брянскэнерго
Бурятэнерго
Владимирэнерго
Волгоградэнерго
Вологодский филиал
Воронежэнерго
Дагэнерго
Ивэнерго
Ингушэнерго
-5
15

Статус данных
Просьба обратить внимание
— все данные не занесены
Факт
План
Итого – Факт
Отпуск в сеть 192 247 697
Отпуск из сети 175 051 868
Потери 17 195 829
Итого – План
Отпуск в сеть 187 501 364
Отпуск из сети 171 438 674
Потери 16 062 691
Выполнение бизнес-плана в части показателя «Уровень потерь электроэнергии»
Показатели баланса электроэнергии по ДЗО – Факт 
572 217 3 034 612 17 367 779 46 928 172 39 079 081 44 371 600 40 894 236
452 291 1 924 288 12 584 601 43 678 766 38 062 639 40 166 359 38 182 923
119 926 1 110 325 4 783 177 3 249 406 1 016 442 4 205 240 2 711 313
Показатели баланса электроэнергии по ДЗО – План
544 127 2 822 152 16 300 204 44 875 501 40 452 567 43 055 315 39 451 497
429 681 1 894 447 12 437 092 41 746 891 39 436 282 38 756 246 36 738 034
114 446 927 705 3 863 112 3 128 610 1 016 285 4 299 069 2 713 463'

18-11-2024T02:44:21 - [MESSAGE][PASSED] - Text of object 'Object Repository/Страница авторизации/Text' is: 'ДЗО 
Все
Период
1, 2, 3 кв. 2024 года
Отклонения фактического уровня потерь от бизнес-плана, п.п.
-0.07
3.72
3.84
-0.05
0.09
-0.51
-0.25
АО «Тываэнерго»
АО «Чеченэнерго»
Россети Северный Кавказ
Россети Сибирь
Россети Тюмень
Россети Центр (ГК)
Россети Центр и Приволжье (ГК)
-1
0
1
2
3
4
5
6
7

Уровень потерь электроэнергии
АО «Тываэнерго»
АО «Чеченэнерго»
Россети Северный Кавказ
Россети Сибирь
Россети Тюмень
Россети Центр (ГК)
Россети Центр и Приволжье (ГК)
0
10
20
30
40
50
60
70
21.03
|
32.87
23.70
6.97
|
2.51
9.98
|
6.88
|
20.96
36.59
|
27.54
|
6.92
2.60
|
9.48
6.63
п.п.
0.05
Итого
0
0.02
0.04
0.06
%
5.29 5.29
5.26 5.26
План
Факт
1
100

● Бизнес-план выполнен● ●● Превышение бизнес-плана
Отклонения фактического уровня потерь от бизнес-плана за 3 месяца (нарастающим итогом), п.п.
0.10.1
3.73.7
3.83.8
-0.1-0.1
0.10.1
-0.5-0.5
-0.2-0.2
-0.0-0.0
4.14.1
4.04.0
-0.1-0.1
0.10.1
-0.4-0.4
-0.2-0.2
-0.1-0.1
3.73.7
3.83.8
-0.0-0.0
0.10.1
-0.5-0.5
-0.2-0.2
Россети ФСКЕЭС
АО«Тываэнерго»
АО«Чеченэнерго»
Россети Волга
РоссетиКубань
РоссетиЛенэнерго (ГК)
РоссетиМосковскийрегион
РоссетиСеверныйКавказ (ГК)
Россети Северо-Запад
Россети Сибирь(ГК)
Россети Томск
Россети Тюмень
Россети Урал(ГК)
Россети Центр
Россети Центр иПриволжье (ГК)
Россети Юг (Г…
РоссетиЯнтарь
0
-5
5
п.п.
Отклонения фактического уровня потерь от бизнес-плана за 3 месяца (нарастающим итогом)
-0.2-0.2
-0.4-0.4
0.10.1
-0.1-0.1
-0.3-0.3
4.14.1
-1.9-1.9
-0.2-0.2
-0.5-0.5
-0.1-0.1
0.40.4
-0.7-0.7
-0.4-0.4
7.97.9
0.10.1
13.113.1
-0.2-0.2
-0.3-0.3
-0.0-0.0
0.20.2
-0.1-0.1
4.24.2
-1.7-1.7
-0.1-0.1
-0.3-0.3
-0.1-0.1
0.30.3
-0.7-0.7
-0.4-0.4
8.48.4
0.20.2
13.213.2
-0.2-0.2
-0.3-0.3
-0.1-0.1
-0.5-0.5
-0.3-0.3
3.83.8
-1.8-1.8
-0.1-0.1
-0.3-0.3
-0.2-0.2
0.40.4
-0.7-0.7
-0.4-0.4
8.08.0
0.30.3
13.213.2
Итого по ФСК ЕЭС
Каббалкэнерго
Калмэнерго
Калугаэнерго
АО "Кинешемская электросеть"
АО "Тываэнерго"
АО «ВМЭС»
АО «Воронежская горэлектросеть»
АО «Тульские городские электрические сети»
АО «Чеченэнерго»
АО «Ярославская электросетевая компания»
АО ЕЭСК
Алтайэнерго
Архангельский филиал
Астраханьэнерго
Белгородэнерго
Брянскэнерго
Бурятэнерго
Владимирэнерго
Волгоградэнерго
Вологодский филиал
Воронежэнерго
Дагэнерго
Ивэнерго
Ингушэнерго
-5
15

Статус данных
Просьба обратить внимание
— все данные не занесены
Факт
План
Итого – Факт
Отпуск в сеть 192 247 697
Отпуск из сети 175 051 868
Потери 17 195 829
Итого – План
Отпуск в сеть 187 501 364
Отпуск из сети 171 438 674
Потери 16 062 691
Выполнение бизнес-плана в части показателя «Уровень потерь электроэнергии»
Показатели баланса электроэнергии по ДЗО – Факт 
572 217 3 034 612 17 367 779 46 928 172 39 079 081 44 371 600 40 894 236
452 291 1 924 288 12 584 601 43 678 766 38 062 639 40 166 359 38 182 923
119 926 1 110 325 4 783 177 3 249 406 1 016 442 4 205 240 2 711 313
Показатели баланса электроэнергии по ДЗО – План
544 127 2 822 152 16 300 204 44 875 501 40 452 567 43 055 315 39 451 497
429 681 1 894 447 12 437 092 41 746 891 39 436 282 38 756 246 36 738 034
114 446 927 705 3 863 112 3 128 610 1 016 285 4 299 069 2 713 463'

18-11-2024T02:44:21 - [TEST_STEP][PASSED] - if (urlText.contains("ошибка") || urlText.contains(searchWord) == false): null

18-11-2024T02:44:21 - [TEST_STEP][PASSED] - Script1719299571342.ZakrytOpoveshenie(): null

18-11-2024T02:44:21 - [TEST_STEP][PASSED] - opoveshenie = getText(findTestObject("Выполнение бизнес-плана/Просьба обратить внимание")): Text of object 'Object Repository/Выполнение бизнес-плана/Просьба обратить внимание' is: 'Просьба обратить внимание'

18-11-2024T02:44:22 - [MESSAGE][PASSED] - Text of object 'Object Repository/Выполнение бизнес-плана/Просьба обратить внимание' is: 'Просьба обратить внимание'

18-11-2024T02:44:22 - [TEST_STEP][PASSED] - if (opoveshenie == "Просьба обратить внимание"): Object: 'Object Repository/Выполнение бизнес-плана/Закрыть оповещение' is clicked on

18-11-2024T02:44:22 - [TEST_STEP][PASSED] - click(findTestObject("Выполнение бизнес-плана/Закрыть оповещение")): Object: 'Object Repository/Выполнение бизнес-плана/Закрыть оповещение' is clicked on

18-11-2024T02:44:22 - [MESSAGE][PASSED] - Object: 'Object Repository/Выполнение бизнес-плана/Закрыть оповещение' is clicked on

18-11-2024T02:44:22 - [TEST_STEP][PASSED] - click(findTestObject(path + "Фильтр Дата")): Object: 'Object Repository/Выполнение бизнес-плана/Фильтр Дата' is clicked on

18-11-2024T02:44:23 - [MESSAGE][PASSED] - Object: 'Object Repository/Выполнение бизнес-плана/Фильтр Дата' is clicked on

18-11-2024T02:44:23 - [TEST_STEP][PASSED] - click(findTestObject(path + "Снять выделение в фильтре Дата")): Object: 'Object Repository/Выполнение бизнес-плана/Снять выделение в фильтре Дата' is clicked on

18-11-2024T02:44:23 - [MESSAGE][PASSED] - Object: 'Object Repository/Выполнение бизнес-плана/Снять выделение в фильтре Дата' is clicked on

18-11-2024T02:44:23 - [TEST_STEP][PASSED] - click(findTestObject(path + "Применить в фильтре Дата")): Object: 'Object Repository/Выполнение бизнес-плана/Применить в фильтре Дата' is clicked on

18-11-2024T02:44:24 - [MESSAGE][PASSED] - Object: 'Object Repository/Выполнение бизнес-плана/Применить в фильтре Дата' is clicked on

18-11-2024T02:44:24 - [TEST_STEP][PASSED] - delay(50): Delayed 50 second(s)

18-11-2024T02:45:14 - [MESSAGE][PASSED] - Delayed 50 second(s)

18-11-2024T02:45:14 - [TEST_STEP][PASSED] - Script1719299571342.ZakrytOpoveshenie(): null

18-11-2024T02:45:14 - [TEST_STEP][PASSED] - opoveshenie = getText(findTestObject("Выполнение бизнес-плана/Просьба обратить внимание")): Text of object 'Object Repository/Выполнение бизнес-плана/Просьба обратить внимание' is: 'Просьба обратить внимание'

18-11-2024T02:45:14 - [MESSAGE][PASSED] - Text of object 'Object Repository/Выполнение бизнес-плана/Просьба обратить внимание' is: 'Просьба обратить внимание'

18-11-2024T02:45:14 - [TEST_STEP][PASSED] - if (opoveshenie == "Просьба обратить внимание"): Object: 'Object Repository/Выполнение бизнес-плана/Закрыть оповещение' is clicked on

18-11-2024T02:45:14 - [TEST_STEP][PASSED] - click(findTestObject("Выполнение бизнес-плана/Закрыть оповещение")): Object: 'Object Repository/Выполнение бизнес-плана/Закрыть оповещение' is clicked on

18-11-2024T02:45:15 - [MESSAGE][PASSED] - Object: 'Object Repository/Выполнение бизнес-плана/Закрыть оповещение' is clicked on

18-11-2024T02:45:15 - [TEST_STEP][PASSED] - click(findTestObject(path + "Фильтр Дата")): Object: 'Object Repository/Выполнение бизнес-плана/Фильтр Дата' is clicked on

18-11-2024T02:45:15 - [MESSAGE][PASSED] - Object: 'Object Repository/Выполнение бизнес-плана/Фильтр Дата' is clicked on

18-11-2024T02:45:15 - [TEST_STEP][PASSED] - scrollToElement(findTestObject(path + "2024 список"), 30): Scroll to object 'Object Repository/Выполнение бизнес-плана/2024 список' successfully

18-11-2024T02:45:16 - [MESSAGE][PASSED] - Scroll to object 'Object Repository/Выполнение бизнес-плана/2024 список' successfully

18-11-2024T02:45:16 - [TEST_STEP][PASSED] - click(findTestObject(path + "2024 список")): Object: 'Object Repository/Выполнение бизнес-плана/2024 список' is clicked on

18-11-2024T02:45:16 - [MESSAGE][PASSED] - Object: 'Object Repository/Выполнение бизнес-плана/2024 список' is clicked on

18-11-2024T02:45:16 - [TEST_STEP][PASSED] - scrollToElement(findTestObject(path + "1 квартал 2024 список"), 30): Scroll to object 'Object Repository/Выполнение бизнес-плана/1 квартал 2024 список' successfully

18-11-2024T02:45:16 - [MESSAGE][PASSED] - Scroll to object 'Object Repository/Выполнение бизнес-плана/1 квартал 2024 список' successfully

18-11-2024T02:45:16 - [TEST_STEP][PASSED] - click(findTestObject(path + "1 квартал 2024 список")): Object: 'Object Repository/Выполнение бизнес-плана/1 квартал 2024 список' is clicked on

18-11-2024T02:45:17 - [MESSAGE][PASSED] - Object: 'Object Repository/Выполнение бизнес-плана/1 квартал 2024 список' is clicked on

18-11-2024T02:45:17 - [TEST_STEP][PASSED] - click(findTestObject(path + "Январь 2024")): Object: 'Object Repository/Выполнение бизнес-плана/Январь 2024' is clicked on

18-11-2024T02:45:17 - [MESSAGE][PASSED] - Object: 'Object Repository/Выполнение бизнес-плана/Январь 2024' is clicked on

18-11-2024T02:45:17 - [TEST_STEP][PASSED] - click(findTestObject(path + "Февраль 2024")): Object: 'Object Repository/Выполнение бизнес-плана/Февраль 2024' is clicked on

18-11-2024T02:45:18 - [MESSAGE][PASSED] - Object: 'Object Repository/Выполнение бизнес-плана/Февраль 2024' is clicked on

18-11-2024T02:45:18 - [TEST_STEP][PASSED] - click(findTestObject(path + "Март 2024")): Object: 'Object Repository/Выполнение бизнес-плана/Март 2024' is clicked on

18-11-2024T02:45:18 - [MESSAGE][PASSED] - Object: 'Object Repository/Выполнение бизнес-плана/Март 2024' is clicked on

18-11-2024T02:45:18 - [TEST_STEP][PASSED] - scrollToElement(findTestObject(path + "2 квартал 2024"), 30): Scroll to object 'Object Repository/Выполнение бизнес-плана/2 квартал 2024' successfully

18-11-2024T02:45:19 - [MESSAGE][PASSED] - Scroll to object 'Object Repository/Выполнение бизнес-плана/2 квартал 2024' successfully

18-11-2024T02:45:19 - [TEST_STEP][PASSED] - click(findTestObject(path + "2 квартал 2024")): Object: 'Object Repository/Выполнение бизнес-плана/2 квартал 2024' is clicked on

18-11-2024T02:45:19 - [MESSAGE][PASSED] - Object: 'Object Repository/Выполнение бизнес-плана/2 квартал 2024' is clicked on

18-11-2024T02:45:19 - [TEST_STEP][PASSED] - scrollToElement(findTestObject(path + "3 квартал 2024 список"), 30): Scroll to object 'Object Repository/Выполнение бизнес-плана/3 квартал 2024 список' successfully

18-11-2024T02:45:20 - [MESSAGE][PASSED] - Scroll to object 'Object Repository/Выполнение бизнес-плана/3 квартал 2024 список' successfully

18-11-2024T02:45:20 - [TEST_STEP][PASSED] - click(findTestObject(path + "3 квартал 2024")): Object: 'Object Repository/Выполнение бизнес-плана/3 квартал 2024' is clicked on

18-11-2024T02:45:20 - [MESSAGE][PASSED] - Object: 'Object Repository/Выполнение бизнес-плана/3 квартал 2024' is clicked on

18-11-2024T02:45:20 - [TEST_STEP][PASSED] - scrollToElement(findTestObject(path + "Заголовок дашборда"), 30): Scroll to object 'Object Repository/Выполнение бизнес-плана/Заголовок дашборда' successfully

18-11-2024T02:45:21 - [MESSAGE][PASSED] - Scroll to object 'Object Repository/Выполнение бизнес-плана/Заголовок дашборда' successfully

18-11-2024T02:45:21 - [TEST_STEP][PASSED] - click(findTestObject(path + "Применить в фильтре Дата")): Object: 'Object Repository/Выполнение бизнес-плана/Применить в фильтре Дата' is clicked on

18-11-2024T02:45:21 - [MESSAGE][PASSED] - Object: 'Object Repository/Выполнение бизнес-плана/Применить в фильтре Дата' is clicked on

18-11-2024T02:45:21 - [TEST_STEP][PASSED] - delay(30): Delayed 30 second(s)

18-11-2024T02:45:51 - [MESSAGE][PASSED] - Delayed 30 second(s)

18-11-2024T02:45:51 - [TEST_STEP][PASSED] - Script1719299571342.ZakrytOpoveshenie(): null

18-11-2024T02:45:51 - [TEST_STEP][PASSED] - opoveshenie = getText(findTestObject("Выполнение бизнес-плана/Просьба обратить внимание")): Text of object 'Object Repository/Выполнение бизнес-плана/Просьба обратить внимание' is: 'Просьба обратить внимание'

18-11-2024T02:45:52 - [MESSAGE][PASSED] - Text of object 'Object Repository/Выполнение бизнес-плана/Просьба обратить внимание' is: 'Просьба обратить внимание'

18-11-2024T02:45:52 - [TEST_STEP][PASSED] - if (opoveshenie == "Просьба обратить внимание"): Object: 'Object Repository/Выполнение бизнес-плана/Закрыть оповещение' is clicked on

18-11-2024T02:45:52 - [TEST_STEP][PASSED] - click(findTestObject("Выполнение бизнес-плана/Закрыть оповещение")): Object: 'Object Repository/Выполнение бизнес-плана/Закрыть оповещение' is clicked on

18-11-2024T02:45:52 - [MESSAGE][PASSED] - Object: 'Object Repository/Выполнение бизнес-плана/Закрыть оповещение' is clicked on

18-11-2024T02:45:52 - [TEST_STEP][PASSED] - click(findTestObject(path + "Фильтр ДЗО")): Object: 'Object Repository/Выполнение бизнес-плана/Фильтр ДЗО' is clicked on

18-11-2024T02:45:52 - [MESSAGE][PASSED] - Object: 'Object Repository/Выполнение бизнес-плана/Фильтр ДЗО' is clicked on

18-11-2024T02:45:52 - [TEST_STEP][PASSED] - click(findTestObject(path + "Снять выделение в фильтре ДЗО")): Object: 'Object Repository/Выполнение бизнес-плана/Снять выделение в фильтре ДЗО' is clicked on

18-11-2024T02:45:53 - [MESSAGE][PASSED] - Object: 'Object Repository/Выполнение бизнес-плана/Снять выделение в фильтре ДЗО' is clicked on

18-11-2024T02:45:53 - [TEST_STEP][PASSED] - click(findTestObject(path + "ПАО Россети")): Object: 'Object Repository/Выполнение бизнес-плана/ПАО Россети' is clicked on

18-11-2024T02:45:53 - [MESSAGE][PASSED] - Object: 'Object Repository/Выполнение бизнес-плана/ПАО Россети' is clicked on

18-11-2024T02:45:53 - [TEST_STEP][PASSED] - click(findTestObject(path + "Применить в фильтре ДЗО")): Object: 'Object Repository/Выполнение бизнес-плана/Применить в фильтре ДЗО' is clicked on

18-11-2024T02:45:54 - [MESSAGE][PASSED] - Object: 'Object Repository/Выполнение бизнес-плана/Применить в фильтре ДЗО' is clicked on

18-11-2024T02:45:54 - [TEST_STEP][PASSED] - delay(30): Delayed 30 second(s)

18-11-2024T02:46:24 - [MESSAGE][PASSED] - Delayed 30 second(s)

18-11-2024T02:46:24 - [TEST_STEP][PASSED] - VseDZO = getText(findTestObject(path + "Список ДЗО")): Text of object 'Object Repository/Выполнение бизнес-плана/Список ДЗО' is: '-0.07
3.72
3.84
-0.05
0.09
-0.51
-0.25
АО «Тываэнерго»
АО «Чеченэнерго»
Россети Северный Кавказ
Россети Сибирь
Россети Тюмень
Россети Центр (ГК)
Россети Центр и Приволжье (ГК)
-1
0
1
2
3
4
5
6
7'

18-11-2024T02:46:25 - [MESSAGE][PASSED] - Text of object 'Object Repository/Выполнение бизнес-плана/Список ДЗО' is: '-0.07
3.72
3.84
-0.05
0.09
-0.51
-0.25
АО «Тываэнерго»
АО «Чеченэнерго»
Россети Северный Кавказ
Россети Сибирь
Россети Тюмень
Россети Центр (ГК)
Россети Центр и Приволжье (ГК)
-1
0
1
2
3
4
5
6
7'

18-11-2024T02:46:25 - [TEST_STEP][PASSED] - pRR = GetAllPAOData(path, dZONum, VseDZO, z = "ПАО Россети/"): null

18-11-2024T02:46:25 - [TEST_STEP][PASSED] - path2 = "Значения со страницы Выполнение бизнес-плана/Table Data/": null

18-11-2024T02:46:25 - [TEST_STEP][PASSED] - ii = <not implemented yet for class: org.codehaus.groovy.ast.expr.EmptyExpression>: null

18-11-2024T02:46:25 - [TEST_STEP][PASSED] - i1 = <not implemented yet for class: org.codehaus.groovy.ast.expr.EmptyExpression>: null

18-11-2024T02:46:25 - [TEST_STEP][PASSED] - z = <not implemented yet for class: org.codehaus.groovy.ast.expr.EmptyExpression>: null

18-11-2024T02:46:25 - [TEST_STEP][PASSED] - z1 = <not implemented yet for class: org.codehaus.groovy.ast.expr.EmptyExpression>: null

18-11-2024T02:46:25 - [TEST_STEP][PASSED] - println("path: " + path): null

18-11-2024T02:46:25 - [TEST_STEP][PASSED] - z = getText(findTestObject(path + "Итого")).replaceAll("[\r?
|
]", "/"): Text of object 'Object Repository/Выполнение бизнес-плана/Итого' is: '%
5.29 5.29
5.26 5.26
План
Факт
1
100'

18-11-2024T02:46:25 - [MESSAGE][PASSED] - Text of object 'Object Repository/Выполнение бизнес-плана/Итого' is: '%
5.29 5.29
5.26 5.26
План
Факт
1
100'

18-11-2024T02:46:25 - [TEST_STEP][PASSED] - ii = z.indexOf("%") + 2: null

18-11-2024T02:46:25 - [TEST_STEP][PASSED] - if (ii > -1): null

18-11-2024T02:46:25 - [TEST_STEP][PASSED] - z = z.substring(ii, z.length()): null

18-11-2024T02:46:25 - [TEST_STEP][PASSED] - println(z): null

18-11-2024T02:46:25 - [TEST_STEP][PASSED] - ii = z.indexOf("/1/100") - 1: null

18-11-2024T02:46:25 - [TEST_STEP][PASSED] - if (ii > -1): null

18-11-2024T02:46:25 - [TEST_STEP][PASSED] - z = z.substring(0, ii): null

18-11-2024T02:46:25 - [TEST_STEP][PASSED] - println(z): null

18-11-2024T02:46:25 - [TEST_STEP][PASSED] - ii = z.indexOf("План"): null

18-11-2024T02:46:25 - [TEST_STEP][PASSED] - if (ii > -1): null

18-11-2024T02:46:25 - [TEST_STEP][PASSED] - z = z.substring(0, ii): null

18-11-2024T02:46:25 - [TEST_STEP][PASSED] - println(z): null

18-11-2024T02:46:25 - [TEST_STEP][PASSED] - ii = z.indexOf("/") + 1: null

18-11-2024T02:46:25 - [TEST_STEP][PASSED] - z1 = z.substring(0, ii): null

18-11-2024T02:46:25 - [TEST_STEP][PASSED] - println(z1): null

18-11-2024T02:46:25 - [TEST_STEP][PASSED] - z = z.substring(ii, z.length()): null

18-11-2024T02:46:25 - [TEST_STEP][PASSED] - println(z): null

18-11-2024T02:46:25 - [TEST_STEP][PASSED] - ii = z1.length() / 2: null

18-11-2024T02:46:25 - [TEST_STEP][PASSED] - z1 = replaceAll("[\r?
|
]", "/").trim(): null

18-11-2024T02:46:25 - [TEST_STEP][PASSED] - println(z1): null

18-11-2024T02:46:25 - [TEST_STEP][PASSED] - ii = z.length() / 2: null

18-11-2024T02:46:25 - [TEST_STEP][PASSED] - z = replace("/", "").trim(): null

18-11-2024T02:46:25 - [TEST_STEP][PASSED] - println(z): null

18-11-2024T02:46:25 - [TEST_STEP][PASSED] - x = x + z1 + "/" + z: null

18-11-2024T02:46:25 - [TEST_STEP][PASSED] - println(x): null

18-11-2024T02:46:25 - [TEST_STEP][PASSED] - if (verifyElementPresent(findTestObject(path + "Таблица Итого-Факт"), 30)): null

18-11-2024T02:46:25 - [MESSAGE][PASSED] - Object 'Object Repository/Выполнение бизнес-плана/Таблица Итого-Факт' is present

18-11-2024T02:46:25 - [TEST_STEP][PASSED] - z = replaceAll("\s+", "").replaceAll("[а-яА-Я]", ""): Text of object 'Object Repository/Выполнение бизнес-плана/Таблица Итого-Факт' is: 'Отпуск в сеть 192 247 697
Отпуск из сети 175 051 868
Потери 17 195 829'

18-11-2024T02:46:26 - [MESSAGE][PASSED] - Text of object 'Object Repository/Выполнение бизнес-плана/Таблица Итого-Факт' is: 'Отпуск в сеть 192 247 697
Отпуск из сети 175 051 868
Потери 17 195 829'

18-11-2024T02:46:26 - [TEST_STEP][PASSED] - println(z): null

18-11-2024T02:46:26 - [TEST_STEP][PASSED] - x = x + "/" + z: null

18-11-2024T02:46:26 - [TEST_STEP][PASSED] - println(x): null

18-11-2024T02:46:26 - [TEST_STEP][PASSED] - click(findTestObject(path + "Кнопка План")): Object: 'Object Repository/Выполнение бизнес-плана/Кнопка План' is clicked on

18-11-2024T02:46:26 - [MESSAGE][PASSED] - Object: 'Object Repository/Выполнение бизнес-плана/Кнопка План' is clicked on

18-11-2024T02:46:26 - [TEST_STEP][PASSED] - z = replaceAll("\s+", "").replaceAll("[а-яА-Я]", ""): Text of object 'Object Repository/Выполнение бизнес-плана/Таблица Итого-План' is: 'Отпуск в сеть 187 501 364
Отпуск из сети 171 438 674
Потери 16 062 691'

18-11-2024T02:46:26 - [MESSAGE][PASSED] - Text of object 'Object Repository/Выполнение бизнес-плана/Таблица Итого-План' is: 'Отпуск в сеть 187 501 364
Отпуск из сети 171 438 674
Потери 16 062 691'

18-11-2024T02:46:26 - [TEST_STEP][PASSED] - x = x + "/" + z: null

18-11-2024T02:46:26 - [TEST_STEP][PASSED] - println(x): null

18-11-2024T02:46:26 - [TEST_STEP][PASSED] - click(findTestObject(path + "Кнопка Факт")): Object: 'Object Repository/Выполнение бизнес-плана/Кнопка Факт' is clicked on

18-11-2024T02:46:27 - [MESSAGE][PASSED] - Object: 'Object Repository/Выполнение бизнес-плана/Кнопка Факт' is clicked on

18-11-2024T02:46:27 - [TEST_STEP][PASSED] - return x: null

18-11-2024T02:46:27 - [TEST_STEP][PASSED] - println("pRR: " + pRR): null

18-11-2024T02:46:27 - [TEST_STEP][PASSED] - i = VseDZO.indexOf("ЕЭС"): null

18-11-2024T02:46:27 - [TEST_STEP][PASSED] - if (i > -1): null

18-11-2024T02:46:27 - [TEST_STEP][PASSED] - else: null

18-11-2024T02:46:27 - [TEST_STEP][PASSED] - fR = fR + "нет данных/нет данных/нет данных/нет данных/нет данных/нет данных/нет данных/нет данных/нет данных": null

18-11-2024T02:46:27 - [TEST_STEP][PASSED] - println("fR: " + fR): null

18-11-2024T02:46:27 - [TEST_STEP][PASSED] - i = VseDZO.indexOf("Тываэнерго"): null

18-11-2024T02:46:27 - [TEST_STEP][PASSED] - if (i > -1): null

18-11-2024T02:46:27 - [TEST_STEP][PASSED] - dZONum = dZONum + 1: null

18-11-2024T02:46:27 - [TEST_STEP][PASSED] - tyR = GetAllData(path, dZONum, VseDZO, x = "АО "Тываэнерго"/"): null

18-11-2024T02:46:27 - [TEST_STEP][PASSED] - ii = <not implemented yet for class: org.codehaus.groovy.ast.expr.EmptyExpression>: null

18-11-2024T02:46:27 - [TEST_STEP][PASSED] - i1 = <not implemented yet for class: org.codehaus.groovy.ast.expr.EmptyExpression>: null

18-11-2024T02:46:27 - [TEST_STEP][PASSED] - z = <not implemented yet for class: org.codehaus.groovy.ast.expr.EmptyExpression>: null

18-11-2024T02:46:27 - [TEST_STEP][PASSED] - path2 = "Значения со страницы Выполнение бизнес-плана/Table Data/": null

18-11-2024T02:46:27 - [TEST_STEP][PASSED] - println("path: " + path): null

18-11-2024T02:46:27 - [TEST_STEP][PASSED] - println("dZONum: " + dZONum): null

18-11-2024T02:46:27 - [TEST_STEP][PASSED] - z = getText(findTestObject(path + "spanPlan" + dZONum)): Text of object 'Object Repository/Выполнение бизнес-плана/spanPlan1' is: '21.03
|'

18-11-2024T02:46:27 - [MESSAGE][PASSED] - Text of object 'Object Repository/Выполнение бизнес-плана/spanPlan1' is: '21.03
|'

18-11-2024T02:46:27 - [TEST_STEP][PASSED] - println(z): null

18-11-2024T02:46:27 - [TEST_STEP][PASSED] - ii = z.indexOf("|"): null

18-11-2024T02:46:27 - [TEST_STEP][PASSED] - if (ii > -1): null

18-11-2024T02:46:27 - [TEST_STEP][PASSED] - z = z.substring(0, z.length() - 1): null

18-11-2024T02:46:27 - [TEST_STEP][PASSED] - println(z): null

18-11-2024T02:46:27 - [TEST_STEP][PASSED] - z = z.replaceAll("\s+", ""): null

18-11-2024T02:46:27 - [TEST_STEP][PASSED] - z = z.replace("[\r?
|
]", "/"): null

18-11-2024T02:46:27 - [TEST_STEP][PASSED] - println(z): null

18-11-2024T02:46:27 - [TEST_STEP][PASSED] - x = x + z: null

18-11-2024T02:46:27 - [TEST_STEP][PASSED] - z = getText(findTestObject(path + "spanFact" + dZONum)): Text of object 'Object Repository/Выполнение бизнес-плана/spanFact1' is: '20.96'

18-11-2024T02:46:27 - [MESSAGE][PASSED] - Text of object 'Object Repository/Выполнение бизнес-плана/spanFact1' is: '20.96'

18-11-2024T02:46:27 - [TEST_STEP][PASSED] - ii = z.indexOf("|"): null

18-11-2024T02:46:27 - [TEST_STEP][PASSED] - if (ii > -1): null

18-11-2024T02:46:27 - [TEST_STEP][PASSED] - x = x + "/" + z: null

18-11-2024T02:46:27 - [TEST_STEP][PASSED] - z = getText(findTestObject(path + path2 + "Факт Отпуск в сеть за отчётный период " + dZONum)).replaceAll("\s+", ""): Text of object 'Object Repository/Выполнение бизнес-плана/Значения со страницы Выполнение бизнес-плана/Table Data/Факт Отпуск в сеть за отчётный период 1' is: '572 217'

18-11-2024T02:46:28 - [MESSAGE][PASSED] - Text of object 'Object Repository/Выполнение бизнес-плана/Значения со страницы Выполнение бизнес-плана/Table Data/Факт Отпуск в сеть за отчётный период 1' is: '572 217'

18-11-2024T02:46:28 - [TEST_STEP][PASSED] - x = x + "/" + z: null

18-11-2024T02:46:28 - [TEST_STEP][PASSED] - z = getText(findTestObject(path + path2 + "Факт Отпуск из сети за отчётный период " + dZONum)).replaceAll("\s+", ""): Text of object 'Object Repository/Выполнение бизнес-плана/Значения со страницы Выполнение бизнес-плана/Table Data/Факт Отпуск из сети за отчётный период 1' is: '452 291'

18-11-2024T02:46:28 - [MESSAGE][PASSED] - Text of object 'Object Repository/Выполнение бизнес-плана/Значения со страницы Выполнение бизнес-плана/Table Data/Факт Отпуск из сети за отчётный период 1' is: '452 291'

18-11-2024T02:46:28 - [TEST_STEP][PASSED] - x = x + "/" + z: null

18-11-2024T02:46:28 - [TEST_STEP][PASSED] - z = getText(findTestObject(path + path2 + "Факт Потери за отчётный период " + dZONum)).replaceAll("\s+", ""): Text of object 'Object Repository/Выполнение бизнес-плана/Значения со страницы Выполнение бизнес-плана/Table Data/Факт Потери за отчётный период 1' is: '119 926'

18-11-2024T02:46:28 - [MESSAGE][PASSED] - Text of object 'Object Repository/Выполнение бизнес-плана/Значения со страницы Выполнение бизнес-плана/Table Data/Факт Потери за отчётный период 1' is: '119 926'

18-11-2024T02:46:28 - [TEST_STEP][PASSED] - x = x + "/" + z: null

18-11-2024T02:46:28 - [TEST_STEP][PASSED] - z = getText(findTestObject(path + path2 + "План Отпуск в сеть за отчётный период " + dZONum)).replaceAll("\s+", ""): Text of object 'Object Repository/Выполнение бизнес-плана/Значения со страницы Выполнение бизнес-плана/Table Data/План Отпуск в сеть за отчётный период 1' is: '544 127'

18-11-2024T02:46:29 - [MESSAGE][PASSED] - Text of object 'Object Repository/Выполнение бизнес-плана/Значения со страницы Выполнение бизнес-плана/Table Data/План Отпуск в сеть за отчётный период 1' is: '544 127'

18-11-2024T02:46:29 - [TEST_STEP][PASSED] - x = x + "/" + z: null

18-11-2024T02:46:29 - [TEST_STEP][PASSED] - z = getText(findTestObject(path + path2 + "План Отпуск из сети за отчётный период " + dZONum)).replaceAll("\s+", ""): Text of object 'Object Repository/Выполнение бизнес-плана/Значения со страницы Выполнение бизнес-плана/Table Data/План Отпуск из сети за отчётный период 1' is: '429 681'

18-11-2024T02:46:29 - [MESSAGE][PASSED] - Text of object 'Object Repository/Выполнение бизнес-плана/Значения со страницы Выполнение бизнес-плана/Table Data/План Отпуск из сети за отчётный период 1' is: '429 681'

18-11-2024T02:46:29 - [TEST_STEP][PASSED] - x = x + "/" + z: null

18-11-2024T02:46:29 - [TEST_STEP][PASSED] - z = getText(findTestObject(path + path2 + "План Потери за отчётный период " + dZONum)).replaceAll("\s+", ""): Text of object 'Object Repository/Выполнение бизнес-плана/Значения со страницы Выполнение бизнес-плана/Table Data/План Потери за отчётный период 1' is: '114 446'

18-11-2024T02:46:29 - [MESSAGE][PASSED] - Text of object 'Object Repository/Выполнение бизнес-плана/Значения со страницы Выполнение бизнес-плана/Table Data/План Потери за отчётный период 1' is: '114 446'

18-11-2024T02:46:29 - [TEST_STEP][PASSED] - x = x + "/" + z: null

18-11-2024T02:46:29 - [TEST_STEP][PASSED] - z = getText(findTestObject(path + "Список ДЗО")).replaceAll("[\r?
|
]", "/"): Text of object 'Object Repository/Выполнение бизнес-плана/Список ДЗО' is: '-0.07
3.72
3.84
-0.05
0.09
-0.51
-0.25
АО «Тываэнерго»
АО «Чеченэнерго»
Россети Северный Кавказ
Россети Сибирь
Россети Тюмень
Россети Центр (ГК)
Россети Центр и Приволжье (ГК)
-1
0
1
2
3
4
5
6
7'

18-11-2024T02:46:30 - [MESSAGE][PASSED] - Text of object 'Object Repository/Выполнение бизнес-плана/Список ДЗО' is: '-0.07
3.72
3.84
-0.05
0.09
-0.51
-0.25
АО «Тываэнерго»
АО «Чеченэнерго»
Россети Северный Кавказ
Россети Сибирь
Россети Тюмень
Россети Центр (ГК)
Россети Центр и Приволжье (ГК)
-1
0
1
2
3
4
5
6
7'

18-11-2024T02:46:30 - [TEST_STEP][PASSED] - for ([ii = 1, ii < dZONum, (ii++)]): null

18-11-2024T02:46:30 - [TEST_STEP][PASSED] - i1 = z.indexOf("/"): null

18-11-2024T02:46:30 - [TEST_STEP][PASSED] - if (i1 > -1): null

18-11-2024T02:46:30 - [TEST_STEP][PASSED] - z = z.substring(0, i1): null

18-11-2024T02:46:30 - [TEST_STEP][PASSED] - z = z.replace(",", "."): null

18-11-2024T02:46:30 - [TEST_STEP][PASSED] - println(z): null

18-11-2024T02:46:30 - [TEST_STEP][PASSED] - x = x + "/" + z: null

18-11-2024T02:46:30 - [TEST_STEP][PASSED] - x = x.replaceAll("[\r?
|
]", ""): null

18-11-2024T02:46:30 - [TEST_STEP][PASSED] - println(x): null

18-11-2024T02:46:30 - [TEST_STEP][PASSED] - return x: null

18-11-2024T02:46:30 - [TEST_STEP][PASSED] - println("tyR: " + tyR): null

18-11-2024T02:46:30 - [TEST_STEP][PASSED] - i = VseDZO.indexOf("Чеченэнерго"): null

18-11-2024T02:46:30 - [TEST_STEP][PASSED] - if (i > -1): null

18-11-2024T02:46:30 - [TEST_STEP][PASSED] - dZONum = dZONum + 1: null

18-11-2024T02:46:30 - [TEST_STEP][PASSED] - chR = GetAllData(path, dZONum, VseDZO, x = "АО "Чеченэнерго"/"): null

18-11-2024T02:46:30 - [TEST_STEP][PASSED] - ii = <not implemented yet for class: org.codehaus.groovy.ast.expr.EmptyExpression>: null

18-11-2024T02:46:30 - [TEST_STEP][PASSED] - i1 = <not implemented yet for class: org.codehaus.groovy.ast.expr.EmptyExpression>: null

18-11-2024T02:46:30 - [TEST_STEP][PASSED] - z = <not implemented yet for class: org.codehaus.groovy.ast.expr.EmptyExpression>: null

18-11-2024T02:46:30 - [TEST_STEP][PASSED] - path2 = "Значения со страницы Выполнение бизнес-плана/Table Data/": null

18-11-2024T02:46:30 - [TEST_STEP][PASSED] - println("path: " + path): null

18-11-2024T02:46:30 - [TEST_STEP][PASSED] - println("dZONum: " + dZONum): null

18-11-2024T02:46:30 - [TEST_STEP][PASSED] - z = getText(findTestObject(path + "spanPlan" + dZONum)): Text of object 'Object Repository/Выполнение бизнес-плана/spanPlan2' is: '32.87'

18-11-2024T02:46:30 - [MESSAGE][PASSED] - Text of object 'Object Repository/Выполнение бизнес-плана/spanPlan2' is: '32.87'

18-11-2024T02:46:30 - [TEST_STEP][PASSED] - println(z): null

18-11-2024T02:46:30 - [TEST_STEP][PASSED] - ii = z.indexOf("|"): null

18-11-2024T02:46:30 - [TEST_STEP][PASSED] - if (ii > -1): null

18-11-2024T02:46:30 - [TEST_STEP][PASSED] - z = z.replaceAll("\s+", ""): null

18-11-2024T02:46:30 - [TEST_STEP][PASSED] - z = z.replace("[\r?
|
]", "/"): null

18-11-2024T02:46:30 - [TEST_STEP][PASSED] - println(z): null

18-11-2024T02:46:30 - [TEST_STEP][PASSED] - x = x + z: null

18-11-2024T02:46:30 - [TEST_STEP][PASSED] - z = getText(findTestObject(path + "spanFact" + dZONum)): Text of object 'Object Repository/Выполнение бизнес-плана/spanFact2' is: '36.59
|'

18-11-2024T02:46:30 - [MESSAGE][PASSED] - Text of object 'Object Repository/Выполнение бизнес-плана/spanFact2' is: '36.59
|'

18-11-2024T02:46:30 - [TEST_STEP][PASSED] - ii = z.indexOf("|"): null

18-11-2024T02:46:30 - [TEST_STEP][PASSED] - if (ii > -1): null

18-11-2024T02:46:30 - [TEST_STEP][PASSED] - z = length() - 1).replace("[\r?
|
]", "/"): null

18-11-2024T02:46:30 - [TEST_STEP][PASSED] - x = x + "/" + z: null

18-11-2024T02:46:30 - [TEST_STEP][PASSED] - z = getText(findTestObject(path + path2 + "Факт Отпуск в сеть за отчётный период " + dZONum)).replaceAll("\s+", ""): Text of object 'Object Repository/Выполнение бизнес-плана/Значения со страницы Выполнение бизнес-плана/Table Data/Факт Отпуск в сеть за отчётный период 2' is: '3 034 612'

18-11-2024T02:46:31 - [MESSAGE][PASSED] - Text of object 'Object Repository/Выполнение бизнес-плана/Значения со страницы Выполнение бизнес-плана/Table Data/Факт Отпуск в сеть за отчётный период 2' is: '3 034 612'

18-11-2024T02:46:31 - [TEST_STEP][PASSED] - x = x + "/" + z: null

18-11-2024T02:46:31 - [TEST_STEP][PASSED] - z = getText(findTestObject(path + path2 + "Факт Отпуск из сети за отчётный период " + dZONum)).replaceAll("\s+", ""): Text of object 'Object Repository/Выполнение бизнес-плана/Значения со страницы Выполнение бизнес-плана/Table Data/Факт Отпуск из сети за отчётный период 2' is: '1 924 288'

18-11-2024T02:46:31 - [MESSAGE][PASSED] - Text of object 'Object Repository/Выполнение бизнес-плана/Значения со страницы Выполнение бизнес-плана/Table Data/Факт Отпуск из сети за отчётный период 2' is: '1 924 288'

18-11-2024T02:46:31 - [TEST_STEP][PASSED] - x = x + "/" + z: null

18-11-2024T02:46:31 - [TEST_STEP][PASSED] - z = getText(findTestObject(path + path2 + "Факт Потери за отчётный период " + dZONum)).replaceAll("\s+", ""): Text of object 'Object Repository/Выполнение бизнес-плана/Значения со страницы Выполнение бизнес-плана/Table Data/Факт Потери за отчётный период 2' is: '1 110 325'

18-11-2024T02:46:31 - [MESSAGE][PASSED] - Text of object 'Object Repository/Выполнение бизнес-плана/Значения со страницы Выполнение бизнес-плана/Table Data/Факт Потери за отчётный период 2' is: '1 110 325'

18-11-2024T02:46:31 - [TEST_STEP][PASSED] - x = x + "/" + z: null

18-11-2024T02:46:31 - [TEST_STEP][PASSED] - z = getText(findTestObject(path + path2 + "План Отпуск в сеть за отчётный период " + dZONum)).replaceAll("\s+", ""): Text of object 'Object Repository/Выполнение бизнес-плана/Значения со страницы Выполнение бизнес-плана/Table Data/План Отпуск в сеть за отчётный период 2' is: '2 822 152'

18-11-2024T02:46:31 - [MESSAGE][PASSED] - Text of object 'Object Repository/Выполнение бизнес-плана/Значения со страницы Выполнение бизнес-плана/Table Data/План Отпуск в сеть за отчётный период 2' is: '2 822 152'

18-11-2024T02:46:31 - [TEST_STEP][PASSED] - x = x + "/" + z: null

18-11-2024T02:46:31 - [TEST_STEP][PASSED] - z = getText(findTestObject(path + path2 + "План Отпуск из сети за отчётный период " + dZONum)).replaceAll("\s+", ""): Text of object 'Object Repository/Выполнение бизнес-плана/Значения со страницы Выполнение бизнес-плана/Table Data/План Отпуск из сети за отчётный период 2' is: '1 894 447'

18-11-2024T02:46:32 - [MESSAGE][PASSED] - Text of object 'Object Repository/Выполнение бизнес-плана/Значения со страницы Выполнение бизнес-плана/Table Data/План Отпуск из сети за отчётный период 2' is: '1 894 447'

18-11-2024T02:46:32 - [TEST_STEP][PASSED] - x = x + "/" + z: null

18-11-2024T02:46:32 - [TEST_STEP][PASSED] - z = getText(findTestObject(path + path2 + "План Потери за отчётный период " + dZONum)).replaceAll("\s+", ""): Text of object 'Object Repository/Выполнение бизнес-плана/Значения со страницы Выполнение бизнес-плана/Table Data/План Потери за отчётный период 2' is: '927 705'

18-11-2024T02:46:32 - [MESSAGE][PASSED] - Text of object 'Object Repository/Выполнение бизнес-плана/Значения со страницы Выполнение бизнес-плана/Table Data/План Потери за отчётный период 2' is: '927 705'

18-11-2024T02:46:32 - [TEST_STEP][PASSED] - x = x + "/" + z: null

18-11-2024T02:46:32 - [TEST_STEP][PASSED] - z = getText(findTestObject(path + "Список ДЗО")).replaceAll("[\r?
|
]", "/"): Text of object 'Object Repository/Выполнение бизнес-плана/Список ДЗО' is: '-0.07
3.72
3.84
-0.05
0.09
-0.51
-0.25
АО «Тываэнерго»
АО «Чеченэнерго»
Россети Северный Кавказ
Россети Сибирь
Россети Тюмень
Россети Центр (ГК)
Россети Центр и Приволжье (ГК)
-1
0
1
2
3
4
5
6
7'

18-11-2024T02:46:32 - [MESSAGE][PASSED] - Text of object 'Object Repository/Выполнение бизнес-плана/Список ДЗО' is: '-0.07
3.72
3.84
-0.05
0.09
-0.51
-0.25
АО «Тываэнерго»
АО «Чеченэнерго»
Россети Северный Кавказ
Россети Сибирь
Россети Тюмень
Россети Центр (ГК)
Россети Центр и Приволжье (ГК)
-1
0
1
2
3
4
5
6
7'

18-11-2024T02:46:32 - [TEST_STEP][PASSED] - for ([ii = 1, ii < dZONum, (ii++)]): null

18-11-2024T02:46:32 - [TEST_STEP][PASSED] - i1 = z.indexOf("/") + 1: null

18-11-2024T02:46:32 - [TEST_STEP][PASSED] - if (i1 > -1): null

18-11-2024T02:46:32 - [TEST_STEP][PASSED] - z = z.substring(i1, z.length()): null

18-11-2024T02:46:32 - [TEST_STEP][PASSED] - i1 = z.indexOf("/"): null

18-11-2024T02:46:32 - [TEST_STEP][PASSED] - i1 = z.indexOf("/"): null

18-11-2024T02:46:32 - [TEST_STEP][PASSED] - if (i1 > -1): null

18-11-2024T02:46:32 - [TEST_STEP][PASSED] - z = z.substring(0, i1): null

18-11-2024T02:46:32 - [TEST_STEP][PASSED] - z = z.replace(",", "."): null

18-11-2024T02:46:32 - [TEST_STEP][PASSED] - println(z): null

18-11-2024T02:46:32 - [TEST_STEP][PASSED] - x = x + "/" + z: null

18-11-2024T02:46:32 - [TEST_STEP][PASSED] - x = x.replaceAll("[\r?
|
]", ""): null

18-11-2024T02:46:32 - [TEST_STEP][PASSED] - println(x): null

18-11-2024T02:46:32 - [TEST_STEP][PASSED] - return x: null

18-11-2024T02:46:32 - [TEST_STEP][PASSED] - println("chR: " + chR): null

18-11-2024T02:46:32 - [TEST_STEP][PASSED] - i = VseDZO.indexOf("Волга"): null

18-11-2024T02:46:32 - [TEST_STEP][PASSED] - if (i > -1): null

18-11-2024T02:46:32 - [TEST_STEP][PASSED] - else: null

18-11-2024T02:46:32 - [TEST_STEP][PASSED] - vR = vR + "нет данных/нет данных/нет данных/нет данных/нет данных/нет данных/нет данных/нет данных/нет данных": null

18-11-2024T02:46:32 - [TEST_STEP][PASSED] - println("vR: " + vR): null

18-11-2024T02:46:32 - [TEST_STEP][PASSED] - i = VseDZO.indexOf("Кубань"): null

18-11-2024T02:46:32 - [TEST_STEP][PASSED] - if (i > -1): null

18-11-2024T02:46:32 - [TEST_STEP][PASSED] - else: null

18-11-2024T02:46:32 - [TEST_STEP][PASSED] - kR = kR + "нет данных/нет данных/нет данных/нет данных/нет данных/нет данных/нет данных/нет данных/нет данных": null

18-11-2024T02:46:32 - [TEST_STEP][PASSED] - println("kR: " + kR): null

18-11-2024T02:46:32 - [TEST_STEP][PASSED] - i = VseDZO.indexOf("Ленэнерго"): null

18-11-2024T02:46:32 - [TEST_STEP][PASSED] - if (i > -1): null

18-11-2024T02:46:32 - [TEST_STEP][PASSED] - else: null

18-11-2024T02:46:32 - [TEST_STEP][PASSED] - lR = lR + "нет данных/нет данных/нет данных/нет данных/нет данных/нет данных/нет данных/нет данных/нет данных": null

18-11-2024T02:46:32 - [TEST_STEP][PASSED] - println("lR: " + lR): null

18-11-2024T02:46:32 - [TEST_STEP][PASSED] - i = VseDZO.indexOf("Московский"): null

18-11-2024T02:46:32 - [TEST_STEP][PASSED] - if (i > -1): null

18-11-2024T02:46:32 - [TEST_STEP][PASSED] - else: null

18-11-2024T02:46:32 - [TEST_STEP][PASSED] - mR = mR + "нет данных/нет данных/нет данных/нет данных/нет данных/нет данных/нет данных/нет данных/нет данных": null

18-11-2024T02:46:32 - [TEST_STEP][PASSED] - println("mR: " + mR): null

18-11-2024T02:46:32 - [TEST_STEP][PASSED] - i = VseDZO.indexOf("Кавказ"): null

18-11-2024T02:46:32 - [TEST_STEP][PASSED] - if (i > -1): null

18-11-2024T02:46:32 - [TEST_STEP][PASSED] - dZONum = dZONum + 1: null

18-11-2024T02:46:32 - [TEST_STEP][PASSED] - sKR = GetAllData(path, dZONum, VseDZO, x = "Россети Северный Кавказ (ГК)/"): null

18-11-2024T02:46:32 - [TEST_STEP][PASSED] - ii = <not implemented yet for class: org.codehaus.groovy.ast.expr.EmptyExpression>: null

18-11-2024T02:46:32 - [TEST_STEP][PASSED] - i1 = <not implemented yet for class: org.codehaus.groovy.ast.expr.EmptyExpression>: null

18-11-2024T02:46:32 - [TEST_STEP][PASSED] - z = <not implemented yet for class: org.codehaus.groovy.ast.expr.EmptyExpression>: null

18-11-2024T02:46:32 - [TEST_STEP][PASSED] - path2 = "Значения со страницы Выполнение бизнес-плана/Table Data/": null

18-11-2024T02:46:32 - [TEST_STEP][PASSED] - println("path: " + path): null

18-11-2024T02:46:32 - [TEST_STEP][PASSED] - println("dZONum: " + dZONum): null

18-11-2024T02:46:32 - [TEST_STEP][PASSED] - z = getText(findTestObject(path + "spanPlan" + dZONum)): Text of object 'Object Repository/Выполнение бизнес-плана/spanPlan3' is: '23.70'

18-11-2024T02:46:33 - [MESSAGE][PASSED] - Text of object 'Object Repository/Выполнение бизнес-плана/spanPlan3' is: '23.70'

18-11-2024T02:46:33 - [TEST_STEP][PASSED] - println(z): null

18-11-2024T02:46:33 - [TEST_STEP][PASSED] - ii = z.indexOf("|"): null

18-11-2024T02:46:33 - [TEST_STEP][PASSED] - if (ii > -1): null

18-11-2024T02:46:33 - [TEST_STEP][PASSED] - z = z.replaceAll("\s+", ""): null

18-11-2024T02:46:33 - [TEST_STEP][PASSED] - z = z.replace("[\r?
|
]", "/"): null

18-11-2024T02:46:33 - [TEST_STEP][PASSED] - println(z): null

18-11-2024T02:46:33 - [TEST_STEP][PASSED] - x = x + z: null

18-11-2024T02:46:33 - [TEST_STEP][PASSED] - z = getText(findTestObject(path + "spanFact" + dZONum)): Text of object 'Object Repository/Выполнение бизнес-плана/spanFact3' is: '27.54
|'

18-11-2024T02:46:33 - [MESSAGE][PASSED] - Text of object 'Object Repository/Выполнение бизнес-плана/spanFact3' is: '27.54
|'

18-11-2024T02:46:33 - [TEST_STEP][PASSED] - ii = z.indexOf("|"): null

18-11-2024T02:46:33 - [TEST_STEP][PASSED] - if (ii > -1): null

18-11-2024T02:46:33 - [TEST_STEP][PASSED] - z = length() - 1).replace("[\r?
|
]", "/"): null

18-11-2024T02:46:33 - [TEST_STEP][PASSED] - x = x + "/" + z: null

18-11-2024T02:46:33 - [TEST_STEP][PASSED] - z = getText(findTestObject(path + path2 + "Факт Отпуск в сеть за отчётный период " + dZONum)).replaceAll("\s+", ""): Text of object 'Object Repository/Выполнение бизнес-плана/Значения со страницы Выполнение бизнес-плана/Table Data/Факт Отпуск в сеть за отчётный период 3' is: '17 367 779'

18-11-2024T02:46:33 - [MESSAGE][PASSED] - Text of object 'Object Repository/Выполнение бизнес-плана/Значения со страницы Выполнение бизнес-плана/Table Data/Факт Отпуск в сеть за отчётный период 3' is: '17 367 779'

18-11-2024T02:46:33 - [TEST_STEP][PASSED] - x = x + "/" + z: null

18-11-2024T02:46:33 - [TEST_STEP][PASSED] - z = getText(findTestObject(path + path2 + "Факт Отпуск из сети за отчётный период " + dZONum)).replaceAll("\s+", ""): Text of object 'Object Repository/Выполнение бизнес-плана/Значения со страницы Выполнение бизнес-плана/Table Data/Факт Отпуск из сети за отчётный период 3' is: '12 584 601'

18-11-2024T02:46:34 - [MESSAGE][PASSED] - Text of object 'Object Repository/Выполнение бизнес-плана/Значения со страницы Выполнение бизнес-плана/Table Data/Факт Отпуск из сети за отчётный период 3' is: '12 584 601'

18-11-2024T02:46:34 - [TEST_STEP][PASSED] - x = x + "/" + z: null

18-11-2024T02:46:34 - [TEST_STEP][PASSED] - z = getText(findTestObject(path + path2 + "Факт Потери за отчётный период " + dZONum)).replaceAll("\s+", ""): Text of object 'Object Repository/Выполнение бизнес-плана/Значения со страницы Выполнение бизнес-плана/Table Data/Факт Потери за отчётный период 3' is: '4 783 177'

18-11-2024T02:46:34 - [MESSAGE][PASSED] - Text of object 'Object Repository/Выполнение бизнес-плана/Значения со страницы Выполнение бизнес-плана/Table Data/Факт Потери за отчётный период 3' is: '4 783 177'

18-11-2024T02:46:34 - [TEST_STEP][PASSED] - x = x + "/" + z: null

18-11-2024T02:46:34 - [TEST_STEP][PASSED] - z = getText(findTestObject(path + path2 + "План Отпуск в сеть за отчётный период " + dZONum)).replaceAll("\s+", ""): Text of object 'Object Repository/Выполнение бизнес-плана/Значения со страницы Выполнение бизнес-плана/Table Data/План Отпуск в сеть за отчётный период 3' is: '16 300 204'

18-11-2024T02:46:34 - [MESSAGE][PASSED] - Text of object 'Object Repository/Выполнение бизнес-плана/Значения со страницы Выполнение бизнес-плана/Table Data/План Отпуск в сеть за отчётный период 3' is: '16 300 204'

18-11-2024T02:46:34 - [TEST_STEP][PASSED] - x = x + "/" + z: null

18-11-2024T02:46:34 - [TEST_STEP][PASSED] - z = getText(findTestObject(path + path2 + "План Отпуск из сети за отчётный период " + dZONum)).replaceAll("\s+", ""): Text of object 'Object Repository/Выполнение бизнес-плана/Значения со страницы Выполнение бизнес-плана/Table Data/План Отпуск из сети за отчётный период 3' is: '12 437 092'

18-11-2024T02:46:35 - [MESSAGE][PASSED] - Text of object 'Object Repository/Выполнение бизнес-плана/Значения со страницы Выполнение бизнес-плана/Table Data/План Отпуск из сети за отчётный период 3' is: '12 437 092'

18-11-2024T02:46:35 - [TEST_STEP][PASSED] - x = x + "/" + z: null

18-11-2024T02:46:35 - [TEST_STEP][PASSED] - z = getText(findTestObject(path + path2 + "План Потери за отчётный период " + dZONum)).replaceAll("\s+", ""): Text of object 'Object Repository/Выполнение бизнес-плана/Значения со страницы Выполнение бизнес-плана/Table Data/План Потери за отчётный период 3' is: '3 863 112'

18-11-2024T02:46:35 - [MESSAGE][PASSED] - Text of object 'Object Repository/Выполнение бизнес-плана/Значения со страницы Выполнение бизнес-плана/Table Data/План Потери за отчётный период 3' is: '3 863 112'

18-11-2024T02:46:35 - [TEST_STEP][PASSED] - x = x + "/" + z: null

18-11-2024T02:46:35 - [TEST_STEP][PASSED] - z = getText(findTestObject(path + "Список ДЗО")).replaceAll("[\r?
|
]", "/"): Text of object 'Object Repository/Выполнение бизнес-плана/Список ДЗО' is: '-0.07
3.72
3.84
-0.05
0.09
-0.51
-0.25
АО «Тываэнерго»
АО «Чеченэнерго»
Россети Северный Кавказ
Россети Сибирь
Россети Тюмень
Россети Центр (ГК)
Россети Центр и Приволжье (ГК)
-1
0
1
2
3
4
5
6
7'

18-11-2024T02:46:35 - [MESSAGE][PASSED] - Text of object 'Object Repository/Выполнение бизнес-плана/Список ДЗО' is: '-0.07
3.72
3.84
-0.05
0.09
-0.51
-0.25
АО «Тываэнерго»
АО «Чеченэнерго»
Россети Северный Кавказ
Россети Сибирь
Россети Тюмень
Россети Центр (ГК)
Россети Центр и Приволжье (ГК)
-1
0
1
2
3
4
5
6
7'

18-11-2024T02:46:35 - [TEST_STEP][PASSED] - for ([ii = 1, ii < dZONum, (ii++)]): null

18-11-2024T02:46:35 - [TEST_STEP][PASSED] - i1 = z.indexOf("/") + 1: null

18-11-2024T02:46:35 - [TEST_STEP][PASSED] - if (i1 > -1): null

18-11-2024T02:46:35 - [TEST_STEP][PASSED] - z = z.substring(i1, z.length()): null

18-11-2024T02:46:35 - [TEST_STEP][PASSED] - i1 = z.indexOf("/"): null

18-11-2024T02:46:35 - [TEST_STEP][PASSED] - i1 = z.indexOf("/") + 1: null

18-11-2024T02:46:35 - [TEST_STEP][PASSED] - if (i1 > -1): null

18-11-2024T02:46:35 - [TEST_STEP][PASSED] - z = z.substring(i1, z.length()): null

18-11-2024T02:46:35 - [TEST_STEP][PASSED] - i1 = z.indexOf("/"): null

18-11-2024T02:46:35 - [TEST_STEP][PASSED] - i1 = z.indexOf("/"): null

18-11-2024T02:46:35 - [TEST_STEP][PASSED] - if (i1 > -1): null

18-11-2024T02:46:35 - [TEST_STEP][PASSED] - z = z.substring(0, i1): null

18-11-2024T02:46:35 - [TEST_STEP][PASSED] - z = z.replace(",", "."): null

18-11-2024T02:46:35 - [TEST_STEP][PASSED] - println(z): null

18-11-2024T02:46:35 - [TEST_STEP][PASSED] - x = x + "/" + z: null

18-11-2024T02:46:35 - [TEST_STEP][PASSED] - x = x.replaceAll("[\r?
|
]", ""): null

18-11-2024T02:46:35 - [TEST_STEP][PASSED] - println(x): null

18-11-2024T02:46:35 - [TEST_STEP][PASSED] - return x: null

18-11-2024T02:46:35 - [TEST_STEP][PASSED] - println("sKR: " + sKR): null

18-11-2024T02:46:35 - [TEST_STEP][PASSED] - i = VseDZO.indexOf("Запад"): null

18-11-2024T02:46:35 - [TEST_STEP][PASSED] - if (i > -1): null

18-11-2024T02:46:35 - [TEST_STEP][PASSED] - else: null

18-11-2024T02:46:35 - [TEST_STEP][PASSED] - sZR = sZR + "нет данных/нет данных/нет данных/нет данных/нет данных/нет данных/нет данных/нет данных/нет данных": null

18-11-2024T02:46:35 - [TEST_STEP][PASSED] - println("sZR: " + sZR): null

18-11-2024T02:46:35 - [TEST_STEP][PASSED] - i = VseDZO.indexOf("Сибирь"): null

18-11-2024T02:46:35 - [TEST_STEP][PASSED] - if (i > -1): null

18-11-2024T02:46:35 - [TEST_STEP][PASSED] - dZONum = dZONum + 1: null

18-11-2024T02:46:35 - [TEST_STEP][PASSED] - siR = GetAllData(path, dZONum, VseDZO, x = "Россети Сибирь (ГК)/"): null

18-11-2024T02:46:35 - [TEST_STEP][PASSED] - ii = <not implemented yet for class: org.codehaus.groovy.ast.expr.EmptyExpression>: null

18-11-2024T02:46:35 - [TEST_STEP][PASSED] - i1 = <not implemented yet for class: org.codehaus.groovy.ast.expr.EmptyExpression>: null

18-11-2024T02:46:35 - [TEST_STEP][PASSED] - z = <not implemented yet for class: org.codehaus.groovy.ast.expr.EmptyExpression>: null

18-11-2024T02:46:35 - [TEST_STEP][PASSED] - path2 = "Значения со страницы Выполнение бизнес-плана/Table Data/": null

18-11-2024T02:46:35 - [TEST_STEP][PASSED] - println("path: " + path): null

18-11-2024T02:46:35 - [TEST_STEP][PASSED] - println("dZONum: " + dZONum): null

18-11-2024T02:46:35 - [TEST_STEP][PASSED] - z = getText(findTestObject(path + "spanPlan" + dZONum)): Text of object 'Object Repository/Выполнение бизнес-плана/spanPlan4' is: '6.97
|'

18-11-2024T02:46:36 - [MESSAGE][PASSED] - Text of object 'Object Repository/Выполнение бизнес-плана/spanPlan4' is: '6.97
|'

18-11-2024T02:46:36 - [TEST_STEP][PASSED] - println(z): null

18-11-2024T02:46:36 - [TEST_STEP][PASSED] - ii = z.indexOf("|"): null

18-11-2024T02:46:36 - [TEST_STEP][PASSED] - if (ii > -1): null

18-11-2024T02:46:36 - [TEST_STEP][PASSED] - z = z.substring(0, z.length() - 1): null

18-11-2024T02:46:36 - [TEST_STEP][PASSED] - println(z): null

18-11-2024T02:46:36 - [TEST_STEP][PASSED] - z = z.replaceAll("\s+", ""): null

18-11-2024T02:46:36 - [TEST_STEP][PASSED] - z = z.replace("[\r?
|
]", "/"): null

18-11-2024T02:46:36 - [TEST_STEP][PASSED] - println(z): null

18-11-2024T02:46:36 - [TEST_STEP][PASSED] - x = x + z: null

18-11-2024T02:46:36 - [TEST_STEP][PASSED] - z = getText(findTestObject(path + "spanFact" + dZONum)): Text of object 'Object Repository/Выполнение бизнес-плана/spanFact4' is: '6.92'

18-11-2024T02:46:36 - [MESSAGE][PASSED] - Text of object 'Object Repository/Выполнение бизнес-плана/spanFact4' is: '6.92'

18-11-2024T02:46:36 - [TEST_STEP][PASSED] - ii = z.indexOf("|"): null

18-11-2024T02:46:36 - [TEST_STEP][PASSED] - if (ii > -1): null

18-11-2024T02:46:36 - [TEST_STEP][PASSED] - x = x + "/" + z: null

18-11-2024T02:46:36 - [TEST_STEP][PASSED] - z = getText(findTestObject(path + path2 + "Факт Отпуск в сеть за отчётный период " + dZONum)).replaceAll("\s+", ""): Text of object 'Object Repository/Выполнение бизнес-плана/Значения со страницы Выполнение бизнес-плана/Table Data/Факт Отпуск в сеть за отчётный период 4' is: '46 928 172'

18-11-2024T02:46:36 - [MESSAGE][PASSED] - Text of object 'Object Repository/Выполнение бизнес-плана/Значения со страницы Выполнение бизнес-плана/Table Data/Факт Отпуск в сеть за отчётный период 4' is: '46 928 172'

18-11-2024T02:46:36 - [TEST_STEP][PASSED] - x = x + "/" + z: null

18-11-2024T02:46:36 - [TEST_STEP][PASSED] - z = getText(findTestObject(path + path2 + "Факт Отпуск из сети за отчётный период " + dZONum)).replaceAll("\s+", ""): Text of object 'Object Repository/Выполнение бизнес-плана/Значения со страницы Выполнение бизнес-плана/Table Data/Факт Отпуск из сети за отчётный период 4' is: '43 678 766'

18-11-2024T02:46:36 - [MESSAGE][PASSED] - Text of object 'Object Repository/Выполнение бизнес-плана/Значения со страницы Выполнение бизнес-плана/Table Data/Факт Отпуск из сети за отчётный период 4' is: '43 678 766'

18-11-2024T02:46:36 - [TEST_STEP][PASSED] - x = x + "/" + z: null

18-11-2024T02:46:36 - [TEST_STEP][PASSED] - z = getText(findTestObject(path + path2 + "Факт Потери за отчётный период " + dZONum)).replaceAll("\s+", ""): Text of object 'Object Repository/Выполнение бизнес-плана/Значения со страницы Выполнение бизнес-плана/Table Data/Факт Потери за отчётный период 4' is: '3 249 406'

18-11-2024T02:46:37 - [MESSAGE][PASSED] - Text of object 'Object Repository/Выполнение бизнес-плана/Значения со страницы Выполнение бизнес-плана/Table Data/Факт Потери за отчётный период 4' is: '3 249 406'

18-11-2024T02:46:37 - [TEST_STEP][PASSED] - x = x + "/" + z: null

18-11-2024T02:46:37 - [TEST_STEP][PASSED] - z = getText(findTestObject(path + path2 + "План Отпуск в сеть за отчётный период " + dZONum)).replaceAll("\s+", ""): Text of object 'Object Repository/Выполнение бизнес-плана/Значения со страницы Выполнение бизнес-плана/Table Data/План Отпуск в сеть за отчётный период 4' is: '44 875 501'

18-11-2024T02:46:37 - [MESSAGE][PASSED] - Text of object 'Object Repository/Выполнение бизнес-плана/Значения со страницы Выполнение бизнес-плана/Table Data/План Отпуск в сеть за отчётный период 4' is: '44 875 501'

18-11-2024T02:46:37 - [TEST_STEP][PASSED] - x = x + "/" + z: null

18-11-2024T02:46:37 - [TEST_STEP][PASSED] - z = getText(findTestObject(path + path2 + "План Отпуск из сети за отчётный период " + dZONum)).replaceAll("\s+", ""): Text of object 'Object Repository/Выполнение бизнес-плана/Значения со страницы Выполнение бизнес-плана/Table Data/План Отпуск из сети за отчётный период 4' is: '41 746 891'

18-11-2024T02:46:37 - [MESSAGE][PASSED] - Text of object 'Object Repository/Выполнение бизнес-плана/Значения со страницы Выполнение бизнес-плана/Table Data/План Отпуск из сети за отчётный период 4' is: '41 746 891'

18-11-2024T02:46:37 - [TEST_STEP][PASSED] - x = x + "/" + z: null

18-11-2024T02:46:37 - [TEST_STEP][PASSED] - z = getText(findTestObject(path + path2 + "План Потери за отчётный период " + dZONum)).replaceAll("\s+", ""): Text of object 'Object Repository/Выполнение бизнес-плана/Значения со страницы Выполнение бизнес-плана/Table Data/План Потери за отчётный период 4' is: '3 128 610'

18-11-2024T02:46:38 - [MESSAGE][PASSED] - Text of object 'Object Repository/Выполнение бизнес-плана/Значения со страницы Выполнение бизнес-плана/Table Data/План Потери за отчётный период 4' is: '3 128 610'

18-11-2024T02:46:38 - [TEST_STEP][PASSED] - x = x + "/" + z: null

18-11-2024T02:46:38 - [TEST_STEP][PASSED] - z = getText(findTestObject(path + "Список ДЗО")).replaceAll("[\r?
|
]", "/"): Text of object 'Object Repository/Выполнение бизнес-плана/Список ДЗО' is: '-0.07
3.72
3.84
-0.05
0.09
-0.51
-0.25
АО «Тываэнерго»
АО «Чеченэнерго»
Россети Северный Кавказ
Россети Сибирь
Россети Тюмень
Россети Центр (ГК)
Россети Центр и Приволжье (ГК)
-1
0
1
2
3
4
5
6
7'

18-11-2024T02:46:38 - [MESSAGE][PASSED] - Text of object 'Object Repository/Выполнение бизнес-плана/Список ДЗО' is: '-0.07
3.72
3.84
-0.05
0.09
-0.51
-0.25
АО «Тываэнерго»
АО «Чеченэнерго»
Россети Северный Кавказ
Россети Сибирь
Россети Тюмень
Россети Центр (ГК)
Россети Центр и Приволжье (ГК)
-1
0
1
2
3
4
5
6
7'

18-11-2024T02:46:38 - [TEST_STEP][PASSED] - for ([ii = 1, ii < dZONum, (ii++)]): null

18-11-2024T02:46:38 - [TEST_STEP][PASSED] - i1 = z.indexOf("/") + 1: null

18-11-2024T02:46:38 - [TEST_STEP][PASSED] - if (i1 > -1): null

18-11-2024T02:46:38 - [TEST_STEP][PASSED] - z = z.substring(i1, z.length()): null

18-11-2024T02:46:38 - [TEST_STEP][PASSED] - i1 = z.indexOf("/"): null

18-11-2024T02:46:38 - [TEST_STEP][PASSED] - i1 = z.indexOf("/") + 1: null

18-11-2024T02:46:38 - [TEST_STEP][PASSED] - if (i1 > -1): null

18-11-2024T02:46:38 - [TEST_STEP][PASSED] - z = z.substring(i1, z.length()): null

18-11-2024T02:46:38 - [TEST_STEP][PASSED] - i1 = z.indexOf("/"): null

18-11-2024T02:46:38 - [TEST_STEP][PASSED] - i1 = z.indexOf("/") + 1: null

18-11-2024T02:46:38 - [TEST_STEP][PASSED] - if (i1 > -1): null

18-11-2024T02:46:38 - [TEST_STEP][PASSED] - z = z.substring(i1, z.length()): null

18-11-2024T02:46:38 - [TEST_STEP][PASSED] - i1 = z.indexOf("/"): null

18-11-2024T02:46:38 - [TEST_STEP][PASSED] - i1 = z.indexOf("/"): null

18-11-2024T02:46:38 - [TEST_STEP][PASSED] - if (i1 > -1): null

18-11-2024T02:46:38 - [TEST_STEP][PASSED] - z = z.substring(0, i1): null

18-11-2024T02:46:38 - [TEST_STEP][PASSED] - z = z.replace(",", "."): null

18-11-2024T02:46:38 - [TEST_STEP][PASSED] - println(z): null

18-11-2024T02:46:38 - [TEST_STEP][PASSED] - x = x + "/" + z: null

18-11-2024T02:46:38 - [TEST_STEP][PASSED] - x = x.replaceAll("[\r?
|
]", ""): null

18-11-2024T02:46:38 - [TEST_STEP][PASSED] - println(x): null

18-11-2024T02:46:38 - [TEST_STEP][PASSED] - return x: null

18-11-2024T02:46:38 - [TEST_STEP][PASSED] - println("siR: " + siR): null

18-11-2024T02:46:38 - [TEST_STEP][PASSED] - i = VseDZO.indexOf("Томск"): null

18-11-2024T02:46:38 - [TEST_STEP][PASSED] - if (i > -1): null

18-11-2024T02:46:38 - [TEST_STEP][PASSED] - else: null

18-11-2024T02:46:38 - [TEST_STEP][PASSED] - tomR = tomR + "нет данных/нет данных/нет данных/нет данных/нет данных/нет данных/нет данных/нет данных/нет данных": null

18-11-2024T02:46:38 - [TEST_STEP][PASSED] - println("tomR: " + tomR): null

18-11-2024T02:46:38 - [TEST_STEP][PASSED] - i = VseDZO.indexOf("Тюмень"): null

18-11-2024T02:46:38 - [TEST_STEP][PASSED] - if (i > -1): null

18-11-2024T02:46:38 - [TEST_STEP][PASSED] - dZONum = dZONum + 1: null

18-11-2024T02:46:38 - [TEST_STEP][PASSED] - tyumR = GetAllData(path, dZONum, VseDZO, x = "Россети Тюмень/"): null

18-11-2024T02:46:38 - [TEST_STEP][PASSED] - ii = <not implemented yet for class: org.codehaus.groovy.ast.expr.EmptyExpression>: null

18-11-2024T02:46:38 - [TEST_STEP][PASSED] - i1 = <not implemented yet for class: org.codehaus.groovy.ast.expr.EmptyExpression>: null

18-11-2024T02:46:38 - [TEST_STEP][PASSED] - z = <not implemented yet for class: org.codehaus.groovy.ast.expr.EmptyExpression>: null

18-11-2024T02:46:38 - [TEST_STEP][PASSED] - path2 = "Значения со страницы Выполнение бизнес-плана/Table Data/": null

18-11-2024T02:46:38 - [TEST_STEP][PASSED] - println("path: " + path): null

18-11-2024T02:46:38 - [TEST_STEP][PASSED] - println("dZONum: " + dZONum): null

18-11-2024T02:46:38 - [TEST_STEP][PASSED] - z = getText(findTestObject(path + "spanPlan" + dZONum)): Text of object 'Object Repository/Выполнение бизнес-плана/spanPlan5' is: '2.51'

18-11-2024T02:46:38 - [MESSAGE][PASSED] - Text of object 'Object Repository/Выполнение бизнес-плана/spanPlan5' is: '2.51'

18-11-2024T02:46:38 - [TEST_STEP][PASSED] - println(z): null

18-11-2024T02:46:38 - [TEST_STEP][PASSED] - ii = z.indexOf("|"): null

18-11-2024T02:46:38 - [TEST_STEP][PASSED] - if (ii > -1): null

18-11-2024T02:46:38 - [TEST_STEP][PASSED] - z = z.replaceAll("\s+", ""): null

18-11-2024T02:46:38 - [TEST_STEP][PASSED] - z = z.replace("[\r?
|
]", "/"): null

18-11-2024T02:46:38 - [TEST_STEP][PASSED] - println(z): null

18-11-2024T02:46:38 - [TEST_STEP][PASSED] - x = x + z: null

18-11-2024T02:46:38 - [TEST_STEP][PASSED] - z = getText(findTestObject(path + "spanFact" + dZONum)): Text of object 'Object Repository/Выполнение бизнес-плана/spanFact5' is: '2.60
|'

18-11-2024T02:46:39 - [MESSAGE][PASSED] - Text of object 'Object Repository/Выполнение бизнес-плана/spanFact5' is: '2.60
|'

18-11-2024T02:46:39 - [TEST_STEP][PASSED] - ii = z.indexOf("|"): null

18-11-2024T02:46:39 - [TEST_STEP][PASSED] - if (ii > -1): null

18-11-2024T02:46:39 - [TEST_STEP][PASSED] - z = length() - 1).replace("[\r?
|
]", "/"): null

18-11-2024T02:46:39 - [TEST_STEP][PASSED] - x = x + "/" + z: null

18-11-2024T02:46:39 - [TEST_STEP][PASSED] - z = getText(findTestObject(path + path2 + "Факт Отпуск в сеть за отчётный период " + dZONum)).replaceAll("\s+", ""): Text of object 'Object Repository/Выполнение бизнес-плана/Значения со страницы Выполнение бизнес-плана/Table Data/Факт Отпуск в сеть за отчётный период 5' is: '39 079 081'

18-11-2024T02:46:39 - [MESSAGE][PASSED] - Text of object 'Object Repository/Выполнение бизнес-плана/Значения со страницы Выполнение бизнес-плана/Table Data/Факт Отпуск в сеть за отчётный период 5' is: '39 079 081'

18-11-2024T02:46:39 - [TEST_STEP][PASSED] - x = x + "/" + z: null

18-11-2024T02:46:39 - [TEST_STEP][PASSED] - z = getText(findTestObject(path + path2 + "Факт Отпуск из сети за отчётный период " + dZONum)).replaceAll("\s+", ""): Text of object 'Object Repository/Выполнение бизнес-плана/Значения со страницы Выполнение бизнес-плана/Table Data/Факт Отпуск из сети за отчётный период 5' is: '38 062 639'

18-11-2024T02:46:39 - [MESSAGE][PASSED] - Text of object 'Object Repository/Выполнение бизнес-плана/Значения со страницы Выполнение бизнес-плана/Table Data/Факт Отпуск из сети за отчётный период 5' is: '38 062 639'

18-11-2024T02:46:39 - [TEST_STEP][PASSED] - x = x + "/" + z: null

18-11-2024T02:46:39 - [TEST_STEP][PASSED] - z = getText(findTestObject(path + path2 + "Факт Потери за отчётный период " + dZONum)).replaceAll("\s+", ""): Text of object 'Object Repository/Выполнение бизнес-плана/Значения со страницы Выполнение бизнес-плана/Table Data/Факт Потери за отчётный период 5' is: '1 016 442'

18-11-2024T02:46:40 - [MESSAGE][PASSED] - Text of object 'Object Repository/Выполнение бизнес-плана/Значения со страницы Выполнение бизнес-плана/Table Data/Факт Потери за отчётный период 5' is: '1 016 442'

18-11-2024T02:46:40 - [TEST_STEP][PASSED] - x = x + "/" + z: null

18-11-2024T02:46:40 - [TEST_STEP][PASSED] - z = getText(findTestObject(path + path2 + "План Отпуск в сеть за отчётный период " + dZONum)).replaceAll("\s+", ""): Text of object 'Object Repository/Выполнение бизнес-плана/Значения со страницы Выполнение бизнес-плана/Table Data/План Отпуск в сеть за отчётный период 5' is: '40 452 567'

18-11-2024T02:46:40 - [MESSAGE][PASSED] - Text of object 'Object Repository/Выполнение бизнес-плана/Значения со страницы Выполнение бизнес-плана/Table Data/План Отпуск в сеть за отчётный период 5' is: '40 452 567'

18-11-2024T02:46:40 - [TEST_STEP][PASSED] - x = x + "/" + z: null

18-11-2024T02:46:40 - [TEST_STEP][PASSED] - z = getText(findTestObject(path + path2 + "План Отпуск из сети за отчётный период " + dZONum)).replaceAll("\s+", ""): Text of object 'Object Repository/Выполнение бизнес-плана/Значения со страницы Выполнение бизнес-плана/Table Data/План Отпуск из сети за отчётный период 5' is: '39 436 282'

18-11-2024T02:46:40 - [MESSAGE][PASSED] - Text of object 'Object Repository/Выполнение бизнес-плана/Значения со страницы Выполнение бизнес-плана/Table Data/План Отпуск из сети за отчётный период 5' is: '39 436 282'

18-11-2024T02:46:40 - [TEST_STEP][PASSED] - x = x + "/" + z: null

18-11-2024T02:46:40 - [TEST_STEP][PASSED] - z = getText(findTestObject(path + path2 + "План Потери за отчётный период " + dZONum)).replaceAll("\s+", ""): Text of object 'Object Repository/Выполнение бизнес-плана/Значения со страницы Выполнение бизнес-плана/Table Data/План Потери за отчётный период 5' is: '1 016 285'

18-11-2024T02:46:40 - [MESSAGE][PASSED] - Text of object 'Object Repository/Выполнение бизнес-плана/Значения со страницы Выполнение бизнес-плана/Table Data/План Потери за отчётный период 5' is: '1 016 285'

18-11-2024T02:46:40 - [TEST_STEP][PASSED] - x = x + "/" + z: null

18-11-2024T02:46:40 - [TEST_STEP][PASSED] - z = getText(findTestObject(path + "Список ДЗО")).replaceAll("[\r?
|
]", "/"): Text of object 'Object Repository/Выполнение бизнес-плана/Список ДЗО' is: '-0.07
3.72
3.84
-0.05
0.09
-0.51
-0.25
АО «Тываэнерго»
АО «Чеченэнерго»
Россети Северный Кавказ
Россети Сибирь
Россети Тюмень
Россети Центр (ГК)
Россети Центр и Приволжье (ГК)
-1
0
1
2
3
4
5
6
7'

18-11-2024T02:46:41 - [MESSAGE][PASSED] - Text of object 'Object Repository/Выполнение бизнес-плана/Список ДЗО' is: '-0.07
3.72
3.84
-0.05
0.09
-0.51
-0.25
АО «Тываэнерго»
АО «Чеченэнерго»
Россети Северный Кавказ
Россети Сибирь
Россети Тюмень
Россети Центр (ГК)
Россети Центр и Приволжье (ГК)
-1
0
1
2
3
4
5
6
7'

18-11-2024T02:46:41 - [TEST_STEP][PASSED] - for ([ii = 1, ii < dZONum, (ii++)]): null

18-11-2024T02:46:41 - [TEST_STEP][PASSED] - i1 = z.indexOf("/") + 1: null

18-11-2024T02:46:41 - [TEST_STEP][PASSED] - if (i1 > -1): null

18-11-2024T02:46:41 - [TEST_STEP][PASSED] - z = z.substring(i1, z.length()): null

18-11-2024T02:46:41 - [TEST_STEP][PASSED] - i1 = z.indexOf("/"): null

18-11-2024T02:46:41 - [TEST_STEP][PASSED] - i1 = z.indexOf("/") + 1: null

18-11-2024T02:46:41 - [TEST_STEP][PASSED] - if (i1 > -1): null

18-11-2024T02:46:41 - [TEST_STEP][PASSED] - z = z.substring(i1, z.length()): null

18-11-2024T02:46:41 - [TEST_STEP][PASSED] - i1 = z.indexOf("/"): null

18-11-2024T02:46:41 - [TEST_STEP][PASSED] - i1 = z.indexOf("/") + 1: null

18-11-2024T02:46:41 - [TEST_STEP][PASSED] - if (i1 > -1): null

18-11-2024T02:46:41 - [TEST_STEP][PASSED] - z = z.substring(i1, z.length()): null

18-11-2024T02:46:41 - [TEST_STEP][PASSED] - i1 = z.indexOf("/"): null

18-11-2024T02:46:41 - [TEST_STEP][PASSED] - i1 = z.indexOf("/") + 1: null

18-11-2024T02:46:41 - [TEST_STEP][PASSED] - if (i1 > -1): null

18-11-2024T02:46:41 - [TEST_STEP][PASSED] - z = z.substring(i1, z.length()): null

18-11-2024T02:46:41 - [TEST_STEP][PASSED] - i1 = z.indexOf("/"): null

18-11-2024T02:46:41 - [TEST_STEP][PASSED] - i1 = z.indexOf("/"): null

18-11-2024T02:46:41 - [TEST_STEP][PASSED] - if (i1 > -1): null

18-11-2024T02:46:41 - [TEST_STEP][PASSED] - z = z.substring(0, i1): null

18-11-2024T02:46:41 - [TEST_STEP][PASSED] - z = z.replace(",", "."): null

18-11-2024T02:46:41 - [TEST_STEP][PASSED] - println(z): null

18-11-2024T02:46:41 - [TEST_STEP][PASSED] - x = x + "/" + z: null

18-11-2024T02:46:41 - [TEST_STEP][PASSED] - x = x.replaceAll("[\r?
|
]", ""): null

18-11-2024T02:46:41 - [TEST_STEP][PASSED] - println(x): null

18-11-2024T02:46:41 - [TEST_STEP][PASSED] - return x: null

18-11-2024T02:46:41 - [TEST_STEP][PASSED] - println("tyumR: " + tyumR): null

18-11-2024T02:46:41 - [TEST_STEP][PASSED] - i = VseDZO.indexOf("Урал"): null

18-11-2024T02:46:41 - [TEST_STEP][PASSED] - if (i > -1): null

18-11-2024T02:46:41 - [TEST_STEP][PASSED] - else: null

18-11-2024T02:46:41 - [TEST_STEP][PASSED] - urR = urR + "нет данных/нет данных/нет данных/нет данных/нет данных/нет данных/нет данных/нет данных/нет данных": null

18-11-2024T02:46:41 - [TEST_STEP][PASSED] - println("urR: " + urR): null

18-11-2024T02:46:41 - [TEST_STEP][PASSED] - i = VseDZO.indexOf("Центр"): null

18-11-2024T02:46:41 - [TEST_STEP][PASSED] - if (i > -1): null

18-11-2024T02:46:41 - [TEST_STEP][PASSED] - dZONum = dZONum + 1: null

18-11-2024T02:46:41 - [TEST_STEP][PASSED] - cenR = GetAllData(path, dZONum, VseDZO, x = "Россети Центр (ГК)/"): null

18-11-2024T02:46:41 - [TEST_STEP][PASSED] - ii = <not implemented yet for class: org.codehaus.groovy.ast.expr.EmptyExpression>: null

18-11-2024T02:46:41 - [TEST_STEP][PASSED] - i1 = <not implemented yet for class: org.codehaus.groovy.ast.expr.EmptyExpression>: null

18-11-2024T02:46:41 - [TEST_STEP][PASSED] - z = <not implemented yet for class: org.codehaus.groovy.ast.expr.EmptyExpression>: null

18-11-2024T02:46:41 - [TEST_STEP][PASSED] - path2 = "Значения со страницы Выполнение бизнес-плана/Table Data/": null

18-11-2024T02:46:41 - [TEST_STEP][PASSED] - println("path: " + path): null

18-11-2024T02:46:41 - [TEST_STEP][PASSED] - println("dZONum: " + dZONum): null

18-11-2024T02:46:41 - [TEST_STEP][PASSED] - z = getText(findTestObject(path + "spanPlan" + dZONum)): Text of object 'Object Repository/Выполнение бизнес-плана/spanPlan6' is: '9.98
|'

18-11-2024T02:46:41 - [MESSAGE][PASSED] - Text of object 'Object Repository/Выполнение бизнес-плана/spanPlan6' is: '9.98
|'

18-11-2024T02:46:41 - [TEST_STEP][PASSED] - println(z): null

18-11-2024T02:46:41 - [TEST_STEP][PASSED] - ii = z.indexOf("|"): null

18-11-2024T02:46:41 - [TEST_STEP][PASSED] - if (ii > -1): null

18-11-2024T02:46:41 - [TEST_STEP][PASSED] - z = z.substring(0, z.length() - 1): null

18-11-2024T02:46:41 - [TEST_STEP][PASSED] - println(z): null

18-11-2024T02:46:41 - [TEST_STEP][PASSED] - z = z.replaceAll("\s+", ""): null

18-11-2024T02:46:41 - [TEST_STEP][PASSED] - z = z.replace("[\r?
|
]", "/"): null

18-11-2024T02:46:41 - [TEST_STEP][PASSED] - println(z): null

18-11-2024T02:46:41 - [TEST_STEP][PASSED] - x = x + z: null

18-11-2024T02:46:41 - [TEST_STEP][PASSED] - z = getText(findTestObject(path + "spanFact" + dZONum)): Text of object 'Object Repository/Выполнение бизнес-плана/spanFact6' is: '9.48'

18-11-2024T02:46:41 - [MESSAGE][PASSED] - Text of object 'Object Repository/Выполнение бизнес-плана/spanFact6' is: '9.48'

18-11-2024T02:46:41 - [TEST_STEP][PASSED] - ii = z.indexOf("|"): null

18-11-2024T02:46:41 - [TEST_STEP][PASSED] - if (ii > -1): null

18-11-2024T02:46:41 - [TEST_STEP][PASSED] - x = x + "/" + z: null

18-11-2024T02:46:41 - [TEST_STEP][PASSED] - z = getText(findTestObject(path + path2 + "Факт Отпуск в сеть за отчётный период " + dZONum)).replaceAll("\s+", ""): Text of object 'Object Repository/Выполнение бизнес-плана/Значения со страницы Выполнение бизнес-плана/Table Data/Факт Отпуск в сеть за отчётный период 6' is: '44 371 600'

18-11-2024T02:46:42 - [MESSAGE][PASSED] - Text of object 'Object Repository/Выполнение бизнес-плана/Значения со страницы Выполнение бизнес-плана/Table Data/Факт Отпуск в сеть за отчётный период 6' is: '44 371 600'

18-11-2024T02:46:42 - [TEST_STEP][PASSED] - x = x + "/" + z: null

18-11-2024T02:46:42 - [TEST_STEP][PASSED] - z = getText(findTestObject(path + path2 + "Факт Отпуск из сети за отчётный период " + dZONum)).replaceAll("\s+", ""): Text of object 'Object Repository/Выполнение бизнес-плана/Значения со страницы Выполнение бизнес-плана/Table Data/Факт Отпуск из сети за отчётный период 6' is: '40 166 359'

18-11-2024T02:46:42 - [MESSAGE][PASSED] - Text of object 'Object Repository/Выполнение бизнес-плана/Значения со страницы Выполнение бизнес-плана/Table Data/Факт Отпуск из сети за отчётный период 6' is: '40 166 359'

18-11-2024T02:46:42 - [TEST_STEP][PASSED] - x = x + "/" + z: null

18-11-2024T02:46:42 - [TEST_STEP][PASSED] - z = getText(findTestObject(path + path2 + "Факт Потери за отчётный период " + dZONum)).replaceAll("\s+", ""): Text of object 'Object Repository/Выполнение бизнес-плана/Значения со страницы Выполнение бизнес-плана/Table Data/Факт Потери за отчётный период 6' is: '4 205 240'

18-11-2024T02:46:42 - [MESSAGE][PASSED] - Text of object 'Object Repository/Выполнение бизнес-плана/Значения со страницы Выполнение бизнес-плана/Table Data/Факт Потери за отчётный период 6' is: '4 205 240'

18-11-2024T02:46:42 - [TEST_STEP][PASSED] - x = x + "/" + z: null

18-11-2024T02:46:42 - [TEST_STEP][PASSED] - z = getText(findTestObject(path + path2 + "План Отпуск в сеть за отчётный период " + dZONum)).replaceAll("\s+", ""): Text of object 'Object Repository/Выполнение бизнес-плана/Значения со страницы Выполнение бизнес-плана/Table Data/План Отпуск в сеть за отчётный период 6' is: '43 055 315'

18-11-2024T02:46:43 - [MESSAGE][PASSED] - Text of object 'Object Repository/Выполнение бизнес-плана/Значения со страницы Выполнение бизнес-плана/Table Data/План Отпуск в сеть за отчётный период 6' is: '43 055 315'

18-11-2024T02:46:43 - [TEST_STEP][PASSED] - x = x + "/" + z: null

18-11-2024T02:46:43 - [TEST_STEP][PASSED] - z = getText(findTestObject(path + path2 + "План Отпуск из сети за отчётный период " + dZONum)).replaceAll("\s+", ""): Text of object 'Object Repository/Выполнение бизнес-плана/Значения со страницы Выполнение бизнес-плана/Table Data/План Отпуск из сети за отчётный период 6' is: '38 756 246'

18-11-2024T02:46:43 - [MESSAGE][PASSED] - Text of object 'Object Repository/Выполнение бизнес-плана/Значения со страницы Выполнение бизнес-плана/Table Data/План Отпуск из сети за отчётный период 6' is: '38 756 246'

18-11-2024T02:46:43 - [TEST_STEP][PASSED] - x = x + "/" + z: null

18-11-2024T02:46:43 - [TEST_STEP][PASSED] - z = getText(findTestObject(path + path2 + "План Потери за отчётный период " + dZONum)).replaceAll("\s+", ""): Text of object 'Object Repository/Выполнение бизнес-плана/Значения со страницы Выполнение бизнес-плана/Table Data/План Потери за отчётный период 6' is: '4 299 069'

18-11-2024T02:46:43 - [MESSAGE][PASSED] - Text of object 'Object Repository/Выполнение бизнес-плана/Значения со страницы Выполнение бизнес-плана/Table Data/План Потери за отчётный период 6' is: '4 299 069'

18-11-2024T02:46:43 - [TEST_STEP][PASSED] - x = x + "/" + z: null

18-11-2024T02:46:43 - [TEST_STEP][PASSED] - z = getText(findTestObject(path + "Список ДЗО")).replaceAll("[\r?
|
]", "/"): Text of object 'Object Repository/Выполнение бизнес-плана/Список ДЗО' is: '-0.07
3.72
3.84
-0.05
0.09
-0.51
-0.25
АО «Тываэнерго»
АО «Чеченэнерго»
Россети Северный Кавказ
Россети Сибирь
Россети Тюмень
Россети Центр (ГК)
Россети Центр и Приволжье (ГК)
-1
0
1
2
3
4
5
6
7'

18-11-2024T02:46:43 - [MESSAGE][PASSED] - Text of object 'Object Repository/Выполнение бизнес-плана/Список ДЗО' is: '-0.07
3.72
3.84
-0.05
0.09
-0.51
-0.25
АО «Тываэнерго»
АО «Чеченэнерго»
Россети Северный Кавказ
Россети Сибирь
Россети Тюмень
Россети Центр (ГК)
Россети Центр и Приволжье (ГК)
-1
0
1
2
3
4
5
6
7'

18-11-2024T02:46:43 - [TEST_STEP][PASSED] - for ([ii = 1, ii < dZONum, (ii++)]): null

18-11-2024T02:46:43 - [TEST_STEP][PASSED] - i1 = z.indexOf("/") + 1: null

18-11-2024T02:46:43 - [TEST_STEP][PASSED] - if (i1 > -1): null

18-11-2024T02:46:43 - [TEST_STEP][PASSED] - z = z.substring(i1, z.length()): null

18-11-2024T02:46:43 - [TEST_STEP][PASSED] - i1 = z.indexOf("/"): null

18-11-2024T02:46:43 - [TEST_STEP][PASSED] - i1 = z.indexOf("/") + 1: null

18-11-2024T02:46:43 - [TEST_STEP][PASSED] - if (i1 > -1): null

18-11-2024T02:46:43 - [TEST_STEP][PASSED] - z = z.substring(i1, z.length()): null

18-11-2024T02:46:43 - [TEST_STEP][PASSED] - i1 = z.indexOf("/"): null

18-11-2024T02:46:43 - [TEST_STEP][PASSED] - i1 = z.indexOf("/") + 1: null

18-11-2024T02:46:43 - [TEST_STEP][PASSED] - if (i1 > -1): null

18-11-2024T02:46:43 - [TEST_STEP][PASSED] - z = z.substring(i1, z.length()): null

18-11-2024T02:46:43 - [TEST_STEP][PASSED] - i1 = z.indexOf("/"): null

18-11-2024T02:46:43 - [TEST_STEP][PASSED] - i1 = z.indexOf("/") + 1: null

18-11-2024T02:46:43 - [TEST_STEP][PASSED] - if (i1 > -1): null

18-11-2024T02:46:43 - [TEST_STEP][PASSED] - z = z.substring(i1, z.length()): null

18-11-2024T02:46:43 - [TEST_STEP][PASSED] - i1 = z.indexOf("/"): null

18-11-2024T02:46:43 - [TEST_STEP][PASSED] - i1 = z.indexOf("/") + 1: null

18-11-2024T02:46:43 - [TEST_STEP][PASSED] - if (i1 > -1): null

18-11-2024T02:46:43 - [TEST_STEP][PASSED] - z = z.substring(i1, z.length()): null

18-11-2024T02:46:43 - [TEST_STEP][PASSED] - i1 = z.indexOf("/"): null

18-11-2024T02:46:43 - [TEST_STEP][PASSED] - i1 = z.indexOf("/"): null

18-11-2024T02:46:43 - [TEST_STEP][PASSED] - if (i1 > -1): null

18-11-2024T02:46:43 - [TEST_STEP][PASSED] - z = z.substring(0, i1): null

18-11-2024T02:46:43 - [TEST_STEP][PASSED] - z = z.replace(",", "."): null

18-11-2024T02:46:43 - [TEST_STEP][PASSED] - println(z): null

18-11-2024T02:46:43 - [TEST_STEP][PASSED] - x = x + "/" + z: null

18-11-2024T02:46:43 - [TEST_STEP][PASSED] - x = x.replaceAll("[\r?
|
]", ""): null

18-11-2024T02:46:43 - [TEST_STEP][PASSED] - println(x): null

18-11-2024T02:46:43 - [TEST_STEP][PASSED] - return x: null

18-11-2024T02:46:43 - [TEST_STEP][PASSED] - println("cenR: " + cenR): null

18-11-2024T02:46:43 - [TEST_STEP][PASSED] - i = VseDZO.indexOf("Приволжье"): null

18-11-2024T02:46:43 - [TEST_STEP][PASSED] - if (i > -1): null

18-11-2024T02:46:43 - [TEST_STEP][PASSED] - dZONum = dZONum + 1: null

18-11-2024T02:46:43 - [TEST_STEP][PASSED] - cIPR = GetAllData(path, dZONum, VseDZO, x = "Россети Центр и Приволжье (ГК)/"): null

18-11-2024T02:46:43 - [TEST_STEP][PASSED] - ii = <not implemented yet for class: org.codehaus.groovy.ast.expr.EmptyExpression>: null

18-11-2024T02:46:43 - [TEST_STEP][PASSED] - i1 = <not implemented yet for class: org.codehaus.groovy.ast.expr.EmptyExpression>: null

18-11-2024T02:46:43 - [TEST_STEP][PASSED] - z = <not implemented yet for class: org.codehaus.groovy.ast.expr.EmptyExpression>: null

18-11-2024T02:46:43 - [TEST_STEP][PASSED] - path2 = "Значения со страницы Выполнение бизнес-плана/Table Data/": null

18-11-2024T02:46:43 - [TEST_STEP][PASSED] - println("path: " + path): null

18-11-2024T02:46:43 - [TEST_STEP][PASSED] - println("dZONum: " + dZONum): null

18-11-2024T02:46:43 - [TEST_STEP][PASSED] - z = getText(findTestObject(path + "spanPlan" + dZONum)): Text of object 'Object Repository/Выполнение бизнес-плана/spanPlan7' is: '6.88
|'

18-11-2024T02:46:44 - [MESSAGE][PASSED] - Text of object 'Object Repository/Выполнение бизнес-плана/spanPlan7' is: '6.88
|'

18-11-2024T02:46:44 - [TEST_STEP][PASSED] - println(z): null

18-11-2024T02:46:44 - [TEST_STEP][PASSED] - ii = z.indexOf("|"): null

18-11-2024T02:46:44 - [TEST_STEP][PASSED] - if (ii > -1): null

18-11-2024T02:46:44 - [TEST_STEP][PASSED] - z = z.substring(0, z.length() - 1): null

18-11-2024T02:46:44 - [TEST_STEP][PASSED] - println(z): null

18-11-2024T02:46:44 - [TEST_STEP][PASSED] - z = z.replaceAll("\s+", ""): null

18-11-2024T02:46:44 - [TEST_STEP][PASSED] - z = z.replace("[\r?
|
]", "/"): null

18-11-2024T02:46:44 - [TEST_STEP][PASSED] - println(z): null

18-11-2024T02:46:44 - [TEST_STEP][PASSED] - x = x + z: null

18-11-2024T02:46:44 - [TEST_STEP][PASSED] - z = getText(findTestObject(path + "spanFact" + dZONum)): Text of object 'Object Repository/Выполнение бизнес-плана/spanFact7' is: '6.63'

18-11-2024T02:46:44 - [MESSAGE][PASSED] - Text of object 'Object Repository/Выполнение бизнес-плана/spanFact7' is: '6.63'

18-11-2024T02:46:44 - [TEST_STEP][PASSED] - ii = z.indexOf("|"): null

18-11-2024T02:46:44 - [TEST_STEP][PASSED] - if (ii > -1): null

18-11-2024T02:46:44 - [TEST_STEP][PASSED] - x = x + "/" + z: null

18-11-2024T02:46:44 - [TEST_STEP][PASSED] - z = getText(findTestObject(path + path2 + "Факт Отпуск в сеть за отчётный период " + dZONum)).replaceAll("\s+", ""): Text of object 'Object Repository/Выполнение бизнес-плана/Значения со страницы Выполнение бизнес-плана/Table Data/Факт Отпуск в сеть за отчётный период 7' is: '40 894 236'

18-11-2024T02:46:44 - [MESSAGE][PASSED] - Text of object 'Object Repository/Выполнение бизнес-плана/Значения со страницы Выполнение бизнес-плана/Table Data/Факт Отпуск в сеть за отчётный период 7' is: '40 894 236'

18-11-2024T02:46:44 - [TEST_STEP][PASSED] - x = x + "/" + z: null

18-11-2024T02:46:44 - [TEST_STEP][PASSED] - z = getText(findTestObject(path + path2 + "Факт Отпуск из сети за отчётный период " + dZONum)).replaceAll("\s+", ""): Text of object 'Object Repository/Выполнение бизнес-плана/Значения со страницы Выполнение бизнес-плана/Table Data/Факт Отпуск из сети за отчётный период 7' is: '38 182 923'

18-11-2024T02:46:45 - [MESSAGE][PASSED] - Text of object 'Object Repository/Выполнение бизнес-плана/Значения со страницы Выполнение бизнес-плана/Table Data/Факт Отпуск из сети за отчётный период 7' is: '38 182 923'

18-11-2024T02:46:45 - [TEST_STEP][PASSED] - x = x + "/" + z: null

18-11-2024T02:46:45 - [TEST_STEP][PASSED] - z = getText(findTestObject(path + path2 + "Факт Потери за отчётный период " + dZONum)).replaceAll("\s+", ""): Text of object 'Object Repository/Выполнение бизнес-плана/Значения со страницы Выполнение бизнес-плана/Table Data/Факт Потери за отчётный период 7' is: '2 711 313'

18-11-2024T02:46:45 - [MESSAGE][PASSED] - Text of object 'Object Repository/Выполнение бизнес-плана/Значения со страницы Выполнение бизнес-плана/Table Data/Факт Потери за отчётный период 7' is: '2 711 313'

18-11-2024T02:46:45 - [TEST_STEP][PASSED] - x = x + "/" + z: null

18-11-2024T02:46:45 - [TEST_STEP][PASSED] - z = getText(findTestObject(path + path2 + "План Отпуск в сеть за отчётный период " + dZONum)).replaceAll("\s+", ""): Text of object 'Object Repository/Выполнение бизнес-плана/Значения со страницы Выполнение бизнес-плана/Table Data/План Отпуск в сеть за отчётный период 7' is: '39 451 497'

18-11-2024T02:46:45 - [MESSAGE][PASSED] - Text of object 'Object Repository/Выполнение бизнес-плана/Значения со страницы Выполнение бизнес-плана/Table Data/План Отпуск в сеть за отчётный период 7' is: '39 451 497'

18-11-2024T02:46:45 - [TEST_STEP][PASSED] - x = x + "/" + z: null

18-11-2024T02:46:45 - [TEST_STEP][PASSED] - z = getText(findTestObject(path + path2 + "План Отпуск из сети за отчётный период " + dZONum)).replaceAll("\s+", ""): Text of object 'Object Repository/Выполнение бизнес-плана/Значения со страницы Выполнение бизнес-плана/Table Data/План Отпуск из сети за отчётный период 7' is: '36 738 034'

18-11-2024T02:46:46 - [MESSAGE][PASSED] - Text of object 'Object Repository/Выполнение бизнес-плана/Значения со страницы Выполнение бизнес-плана/Table Data/План Отпуск из сети за отчётный период 7' is: '36 738 034'

18-11-2024T02:46:46 - [TEST_STEP][PASSED] - x = x + "/" + z: null

18-11-2024T02:46:46 - [TEST_STEP][PASSED] - z = getText(findTestObject(path + path2 + "План Потери за отчётный период " + dZONum)).replaceAll("\s+", ""): Text of object 'Object Repository/Выполнение бизнес-плана/Значения со страницы Выполнение бизнес-плана/Table Data/План Потери за отчётный период 7' is: '2 713 463'

18-11-2024T02:46:46 - [MESSAGE][PASSED] - Text of object 'Object Repository/Выполнение бизнес-плана/Значения со страницы Выполнение бизнес-плана/Table Data/План Потери за отчётный период 7' is: '2 713 463'

18-11-2024T02:46:46 - [TEST_STEP][PASSED] - x = x + "/" + z: null

18-11-2024T02:46:46 - [TEST_STEP][PASSED] - z = getText(findTestObject(path + "Список ДЗО")).replaceAll("[\r?
|
]", "/"): Text of object 'Object Repository/Выполнение бизнес-плана/Список ДЗО' is: '-0.07
3.72
3.84
-0.05
0.09
-0.51
-0.25
АО «Тываэнерго»
АО «Чеченэнерго»
Россети Северный Кавказ
Россети Сибирь
Россети Тюмень
Россети Центр (ГК)
Россети Центр и Приволжье (ГК)
-1
0
1
2
3
4
5
6
7'

18-11-2024T02:46:46 - [MESSAGE][PASSED] - Text of object 'Object Repository/Выполнение бизнес-плана/Список ДЗО' is: '-0.07
3.72
3.84
-0.05
0.09
-0.51
-0.25
АО «Тываэнерго»
АО «Чеченэнерго»
Россети Северный Кавказ
Россети Сибирь
Россети Тюмень
Россети Центр (ГК)
Россети Центр и Приволжье (ГК)
-1
0
1
2
3
4
5
6
7'

18-11-2024T02:46:46 - [TEST_STEP][PASSED] - for ([ii = 1, ii < dZONum, (ii++)]): null

18-11-2024T02:46:46 - [TEST_STEP][PASSED] - i1 = z.indexOf("/") + 1: null

18-11-2024T02:46:46 - [TEST_STEP][PASSED] - if (i1 > -1): null

18-11-2024T02:46:46 - [TEST_STEP][PASSED] - z = z.substring(i1, z.length()): null

18-11-2024T02:46:46 - [TEST_STEP][PASSED] - i1 = z.indexOf("/"): null

18-11-2024T02:46:46 - [TEST_STEP][PASSED] - i1 = z.indexOf("/") + 1: null

18-11-2024T02:46:46 - [TEST_STEP][PASSED] - if (i1 > -1): null

18-11-2024T02:46:46 - [TEST_STEP][PASSED] - z = z.substring(i1, z.length()): null

18-11-2024T02:46:46 - [TEST_STEP][PASSED] - i1 = z.indexOf("/"): null

18-11-2024T02:46:46 - [TEST_STEP][PASSED] - i1 = z.indexOf("/") + 1: null

18-11-2024T02:46:46 - [TEST_STEP][PASSED] - if (i1 > -1): null

18-11-2024T02:46:46 - [TEST_STEP][PASSED] - z = z.substring(i1, z.length()): null

18-11-2024T02:46:46 - [TEST_STEP][PASSED] - i1 = z.indexOf("/"): null

18-11-2024T02:46:46 - [TEST_STEP][PASSED] - i1 = z.indexOf("/") + 1: null

18-11-2024T02:46:46 - [TEST_STEP][PASSED] - if (i1 > -1): null

18-11-2024T02:46:46 - [TEST_STEP][PASSED] - z = z.substring(i1, z.length()): null

18-11-2024T02:46:46 - [TEST_STEP][PASSED] - i1 = z.indexOf("/"): null

18-11-2024T02:46:46 - [TEST_STEP][PASSED] - i1 = z.indexOf("/") + 1: null

18-11-2024T02:46:46 - [TEST_STEP][PASSED] - if (i1 > -1): null

18-11-2024T02:46:46 - [TEST_STEP][PASSED] - z = z.substring(i1, z.length()): null

18-11-2024T02:46:46 - [TEST_STEP][PASSED] - i1 = z.indexOf("/"): null

18-11-2024T02:46:46 - [TEST_STEP][PASSED] - i1 = z.indexOf("/") + 1: null

18-11-2024T02:46:46 - [TEST_STEP][PASSED] - if (i1 > -1): null

18-11-2024T02:46:46 - [TEST_STEP][PASSED] - z = z.substring(i1, z.length()): null

18-11-2024T02:46:46 - [TEST_STEP][PASSED] - i1 = z.indexOf("/"): null

18-11-2024T02:46:46 - [TEST_STEP][PASSED] - i1 = z.indexOf("/"): null

18-11-2024T02:46:46 - [TEST_STEP][PASSED] - if (i1 > -1): null

18-11-2024T02:46:46 - [TEST_STEP][PASSED] - z = z.substring(0, i1): null

18-11-2024T02:46:46 - [TEST_STEP][PASSED] - z = z.replace(",", "."): null

18-11-2024T02:46:46 - [TEST_STEP][PASSED] - println(z): null

18-11-2024T02:46:46 - [TEST_STEP][PASSED] - x = x + "/" + z: null

18-11-2024T02:46:46 - [TEST_STEP][PASSED] - x = x.replaceAll("[\r?
|
]", ""): null

18-11-2024T02:46:46 - [TEST_STEP][PASSED] - println(x): null

18-11-2024T02:46:46 - [TEST_STEP][PASSED] - return x: null

18-11-2024T02:46:46 - [TEST_STEP][PASSED] - println("cIPR: " + cIPR): null

18-11-2024T02:46:46 - [TEST_STEP][PASSED] - i = VseDZO.indexOf("Юг"): null

18-11-2024T02:46:46 - [TEST_STEP][PASSED] - if (i > -1): null

18-11-2024T02:46:46 - [TEST_STEP][PASSED] - else: null

18-11-2024T02:46:46 - [TEST_STEP][PASSED] - ugR = ugR + "нет данных/нет данных/нет данных/нет данных/нет данных/нет данных/нет данных/нет данных/нет данных": null

18-11-2024T02:46:46 - [TEST_STEP][PASSED] - println("ugR: " + ugR): null

18-11-2024T02:46:46 - [TEST_STEP][PASSED] - i = VseDZO.indexOf("Янтарь"): null

18-11-2024T02:46:46 - [TEST_STEP][PASSED] - if (i > -1): null

18-11-2024T02:46:46 - [TEST_STEP][PASSED] - else: null

18-11-2024T02:46:46 - [TEST_STEP][PASSED] - yR = yR + "нет данных/нет данных/нет данных/нет данных/нет данных/нет данных/нет данных/нет данных/нет данных": null

18-11-2024T02:46:46 - [TEST_STEP][PASSED] - println("yR: " + yR): null

18-11-2024T02:46:46 - [TEST_STEP][PASSED] - blockNum = 2: null

18-11-2024T02:46:46 - [TEST_STEP][PASSED] - path = "Object Repository/Выполнение бизнес-плана/Выполнение бизнес-плана Балансы/": null

18-11-2024T02:46:46 - [TEST_STEP][PASSED] - Script1719299571342.Presettings(blockNum, path): null

18-11-2024T02:46:46 - [TEST_STEP][PASSED] - blockNumber = <not implemented yet for class: org.codehaus.groovy.ast.expr.EmptyExpression>: null

18-11-2024T02:46:46 - [TEST_STEP][PASSED] - urlText = <not implemented yet for class: org.codehaus.groovy.ast.expr.EmptyExpression>: null

18-11-2024T02:46:46 - [TEST_STEP][PASSED] - searchWord = <not implemented yet for class: org.codehaus.groovy.ast.expr.EmptyExpression>: null

18-11-2024T02:46:46 - [TEST_STEP][PASSED] - i = <not implemented yet for class: org.codehaus.groovy.ast.expr.EmptyExpression>: null

18-11-2024T02:46:46 - [TEST_STEP][PASSED] - ii = <not implemented yet for class: org.codehaus.groovy.ast.expr.EmptyExpression>: null

18-11-2024T02:46:46 - [TEST_STEP][PASSED] - openBrowser(""): Browser is opened with url: ''

18-11-2024T02:46:46 - [MESSAGE][WARNING] - A browser is already opened. Closing browser and opening a new one

18-11-2024T02:46:46 - [MESSAGE][INFO] - Starting 'Chrome' driver

18-11-2024T02:46:46 - [MESSAGE][INFO] - Action delay is set to 0 milliseconds

18-11-2024T02:46:47 - [MESSAGE][PASSED] - Browser is opened with url: ''

18-11-2024T02:46:47 - [TEST_STEP][PASSED] - if (blockNum == 1): null

18-11-2024T02:46:47 - [TEST_STEP][PASSED] - else: null

18-11-2024T02:46:47 - [TEST_STEP][PASSED] - path = "Object Repository/Выполнение бизнес-плана/Выполнение бизнес-плана Балансы/": null

18-11-2024T02:46:47 - [TEST_STEP][PASSED] - blockNumber = 4: null

18-11-2024T02:46:47 - [TEST_STEP][PASSED] - navigateToUrl(findTestData("PlanFact").getValue(10, blockNumber)): Navigate to 'https://bi.rosseti.digital/viewer?dashboardGuid=5ed11b2f4eb2434fa5c5ff1537a71532&sheetGuid=0d90a67b6f664f58b2e6cf8ff5d9a66c&fit=true' successfully

18-11-2024T02:46:54 - [MESSAGE][PASSED] - Navigate to 'https://bi.rosseti.digital/viewer?dashboardGuid=5ed11b2f4eb2434fa5c5ff1537a71532&sheetGuid=0d90a67b6f664f58b2e6cf8ff5d9a66c&fit=true' successfully

18-11-2024T02:46:54 - [TEST_STEP][PASSED] - urlText = getText(findTestObject("Страница авторизации/Text")): Text of object 'Object Repository/Страница авторизации/Text' is: 'Вход'

18-11-2024T02:46:57 - [MESSAGE][PASSED] - Text of object 'Object Repository/Страница авторизации/Text' is: 'Вход'

18-11-2024T02:46:57 - [TEST_STEP][PASSED] - delay(10): Delayed 10 second(s)

18-11-2024T02:47:07 - [MESSAGE][PASSED] - Delayed 10 second(s)

18-11-2024T02:47:07 - [TEST_STEP][PASSED] - searchWord = "Вход": null

18-11-2024T02:47:07 - [TEST_STEP][PASSED] - if (urlText.contains(searchWord) == false): null

18-11-2024T02:47:07 - [TEST_STEP][PASSED] - setText(findTestObject("Страница авторизации/input__username"), findTestData("PlanFact").getValue(8, 1)): Text 'liazgina-di' is set on object 'Object Repository/Страница авторизации/input__username'

18-11-2024T02:47:08 - [MESSAGE][PASSED] - Text 'liazgina-di' is set on object 'Object Repository/Страница авторизации/input__username'

18-11-2024T02:47:08 - [TEST_STEP][PASSED] - setText(findTestObject("Страница авторизации/input__password"), findTestData("PlanFact").getValue(9, 1)): Text ')$%5srZ8o688Dm#q' is set on object 'Object Repository/Страница авторизации/input__password'

18-11-2024T02:47:09 - [MESSAGE][PASSED] - Text ')$%5srZ8o688Dm#q' is set on object 'Object Repository/Страница авторизации/input__password'

18-11-2024T02:47:09 - [TEST_STEP][PASSED] - click(findTestObject("Страница авторизации/button_")): Object: 'Object Repository/Страница авторизации/button_' is clicked on

18-11-2024T02:47:11 - [MESSAGE][PASSED] - Object: 'Object Repository/Страница авторизации/button_' is clicked on

18-11-2024T02:47:11 - [TEST_STEP][PASSED] - delay(50): Delayed 50 second(s)

18-11-2024T02:48:01 - [MESSAGE][PASSED] - Delayed 50 second(s)

18-11-2024T02:48:01 - [TEST_STEP][PASSED] - searchWord = "ДЗО": null

18-11-2024T02:48:01 - [TEST_STEP][PASSED] - urlText = getText(findTestObject("Страница авторизации/Text")): Text of object 'Object Repository/Страница авторизации/Text' is: 'ДЗО 
ПАО Россети - РаспредКомплекс - Россети Урал (ГК) - Свердловэнерго
Период
1, 2, 3 кв. 2024 года

Показатели баланса электроэнергии по ДЗО – Факт
22 177 492 0
21 340 893 0
836 598 0
Итого
п.п.
-0.09
-0.1
-0.075
-0.05
-0.025
0
Итого
%
3.92 3.92
3.77 3.77
1
100

Выполнение бизнес-плана в части показателя «Уровень потерь электроэнергии»
Итого – Факт
Отпуск в сеть 22 177 492
Отпуск из сети 21 340 893
Потери 836 598
Статус данных
Просьба обратить внимание
— данные занесены не полностью
Показатели баланса электроэнергии по ДЗО – План
26 816 122 0
25 718 454 0
1 097 668 0
Факт
План
Итого – План
Отпуск в сеть 21 661 737
Отпуск из сети 20 812 747
Потери 848 990
● Бизнес-план выполнен● ●● Превышение бизнес-плана
Отклонения фактического уровня потерь от бизнес-плана за 3 месяца (нарастающим итогом), п.п.
-0.2-0.2
0.10.1
3.73.7
-0.2-0.2
-0.2-0.2
0.10.1
-0.0-0.0
3.83.8
-0.3-0.3
-0.1-0.1
-0.0-0.0
0.10.1
-0.2-0.2
-0.5-0.5
-0.2-0.2
-0.2-0.2
0.30.3
-0.2-0.2
-0.0-0.0
4.14.1
-0.2-0.2
-0.5-0.5
0.10.1
-0.0-0.0
4.04.0
-0.3-0.3
-0.1-0.1
-0.0-0.0
0.10.1
-0.2-0.2
-0.4-0.4
-0.2-0.2
-0.4-0.4
-0.0-0.0
-0.1-0.1
-0.1-0.1
3.73.7
-0.4-0.4
-0.0-0.0
-0.0-0.0
3.83.8
-0.4-0.4
-0.0-0.0
-0.0-0.0
0.10.1
-0.1-0.1
-0.5-0.5
-0.2-0.2
-0.2-0.2
Россети ФСКЕЭС
АО«Тываэнерго»
АО«Чеченэнерго»
Россети Волга
Россети Кубань
РоссетиЛенэнерго (ГК)
РоссетиМосковскийрегион
РоссетиСеверныйКавказ (ГК)
Россети Севе…
Россети Сибирь(ГК)
Россети Томск
Россети Тюмень
Россети Урал(ГК)
Россети Центр
Россети Центри Приволжье(ГК)
Россети Юг(ГК)
Россети Янтарь
0
-5
5
Отклонения фактического уровня потерь от бизнес-плана, п.п. 
-0.15
Россети Урал (ГК)
-1
0
1
2
3
4
5
6
7
Уровень потерь электроэнергии 
Россети Урал (ГК)
0
10
20
30
40
50
60
70
3.92
|
3.77
● Отрицательные/нулевые отклонения● ● ● ● Положительные отклонения
п.п.
Отклонения фактического уровня потерь от бизнес-плана за 3 месяца (нарастающим итогом)
Свердловэнерго'

18-11-2024T02:48:13 - [MESSAGE][PASSED] - Text of object 'Object Repository/Страница авторизации/Text' is: 'ДЗО 
ПАО Россети - РаспредКомплекс - Россети Урал (ГК) - Свердловэнерго
Период
1, 2, 3 кв. 2024 года

Показатели баланса электроэнергии по ДЗО – Факт
22 177 492 0
21 340 893 0
836 598 0
Итого
п.п.
-0.09
-0.1
-0.075
-0.05
-0.025
0
Итого
%
3.92 3.92
3.77 3.77
1
100

Выполнение бизнес-плана в части показателя «Уровень потерь электроэнергии»
Итого – Факт
Отпуск в сеть 22 177 492
Отпуск из сети 21 340 893
Потери 836 598
Статус данных
Просьба обратить внимание
— данные занесены не полностью
Показатели баланса электроэнергии по ДЗО – План
26 816 122 0
25 718 454 0
1 097 668 0
Факт
План
Итого – План
Отпуск в сеть 21 661 737
Отпуск из сети 20 812 747
Потери 848 990
● Бизнес-план выполнен● ●● Превышение бизнес-плана
Отклонения фактического уровня потерь от бизнес-плана за 3 месяца (нарастающим итогом), п.п.
-0.2-0.2
0.10.1
3.73.7
-0.2-0.2
-0.2-0.2
0.10.1
-0.0-0.0
3.83.8
-0.3-0.3
-0.1-0.1
-0.0-0.0
0.10.1
-0.2-0.2
-0.5-0.5
-0.2-0.2
-0.2-0.2
0.30.3
-0.2-0.2
-0.0-0.0
4.14.1
-0.2-0.2
-0.5-0.5
0.10.1
-0.0-0.0
4.04.0
-0.3-0.3
-0.1-0.1
-0.0-0.0
0.10.1
-0.2-0.2
-0.4-0.4
-0.2-0.2
-0.4-0.4
-0.0-0.0
-0.1-0.1
-0.1-0.1
3.73.7
-0.4-0.4
-0.0-0.0
-0.0-0.0
3.83.8
-0.4-0.4
-0.0-0.0
-0.0-0.0
0.10.1
-0.1-0.1
-0.5-0.5
-0.2-0.2
-0.2-0.2
Россети ФСКЕЭС
АО«Тываэнерго»
АО«Чеченэнерго»
Россети Волга
Россети Кубань
РоссетиЛенэнерго (ГК)
РоссетиМосковскийрегион
РоссетиСеверныйКавказ (ГК)
Россети Севе…
Россети Сибирь(ГК)
Россети Томск
Россети Тюмень
Россети Урал(ГК)
Россети Центр
Россети Центри Приволжье(ГК)
Россети Юг(ГК)
Россети Янтарь
0
-5
5
Отклонения фактического уровня потерь от бизнес-плана, п.п. 
-0.15
Россети Урал (ГК)
-1
0
1
2
3
4
5
6
7
Уровень потерь электроэнергии 
Россети Урал (ГК)
0
10
20
30
40
50
60
70
3.92
|
3.77
● Отрицательные/нулевые отклонения● ● ● ● Положительные отклонения
п.п.
Отклонения фактического уровня потерь от бизнес-плана за 3 месяца (нарастающим итогом)
Свердловэнерго'

18-11-2024T02:48:13 - [TEST_STEP][PASSED] - if (urlText.contains("ошибка") || urlText.contains(searchWord) == false): null

18-11-2024T02:48:13 - [TEST_STEP][PASSED] - Script1719299571342.ZakrytOpoveshenie(): null

18-11-2024T02:48:13 - [TEST_STEP][PASSED] - opoveshenie = getText(findTestObject("Выполнение бизнес-плана/Просьба обратить внимание")): Text of object 'Object Repository/Выполнение бизнес-плана/Просьба обратить внимание' is: 'Просьба обратить внимание'

18-11-2024T02:48:14 - [MESSAGE][PASSED] - Text of object 'Object Repository/Выполнение бизнес-плана/Просьба обратить внимание' is: 'Просьба обратить внимание'

18-11-2024T02:48:14 - [TEST_STEP][PASSED] - if (opoveshenie == "Просьба обратить внимание"): Object: 'Object Repository/Выполнение бизнес-плана/Закрыть оповещение' is clicked on

18-11-2024T02:48:14 - [TEST_STEP][PASSED] - click(findTestObject("Выполнение бизнес-плана/Закрыть оповещение")): Object: 'Object Repository/Выполнение бизнес-плана/Закрыть оповещение' is clicked on

18-11-2024T02:48:14 - [MESSAGE][PASSED] - Object: 'Object Repository/Выполнение бизнес-плана/Закрыть оповещение' is clicked on

18-11-2024T02:48:14 - [TEST_STEP][PASSED] - click(findTestObject(path + "Фильтр Дата")): Object: 'Object Repository/Выполнение бизнес-плана/Выполнение бизнес-плана Балансы/Фильтр Дата' is clicked on

18-11-2024T02:48:15 - [MESSAGE][PASSED] - Object: 'Object Repository/Выполнение бизнес-плана/Выполнение бизнес-плана Балансы/Фильтр Дата' is clicked on

18-11-2024T02:48:15 - [TEST_STEP][PASSED] - click(findTestObject(path + "Снять выделение в фильтре Дата")): Object: 'Object Repository/Выполнение бизнес-плана/Выполнение бизнес-плана Балансы/Снять выделение в фильтре Дата' is clicked on

18-11-2024T02:48:15 - [MESSAGE][PASSED] - Object: 'Object Repository/Выполнение бизнес-плана/Выполнение бизнес-плана Балансы/Снять выделение в фильтре Дата' is clicked on

18-11-2024T02:48:15 - [TEST_STEP][PASSED] - click(findTestObject(path + "Применить в фильтре Дата")): Object: 'Object Repository/Выполнение бизнес-плана/Выполнение бизнес-плана Балансы/Применить в фильтре Дата' is clicked on

18-11-2024T02:48:16 - [MESSAGE][PASSED] - Object: 'Object Repository/Выполнение бизнес-плана/Выполнение бизнес-плана Балансы/Применить в фильтре Дата' is clicked on

18-11-2024T02:48:16 - [TEST_STEP][PASSED] - delay(50): Delayed 50 second(s)

18-11-2024T02:49:06 - [MESSAGE][PASSED] - Delayed 50 second(s)

18-11-2024T02:49:06 - [TEST_STEP][PASSED] - Script1719299571342.ZakrytOpoveshenie(): null

18-11-2024T02:49:06 - [TEST_STEP][PASSED] - opoveshenie = getText(findTestObject("Выполнение бизнес-плана/Просьба обратить внимание")): Text of object 'Object Repository/Выполнение бизнес-плана/Просьба обратить внимание' is: 'Просьба обратить внимание'

18-11-2024T02:49:06 - [MESSAGE][PASSED] - Text of object 'Object Repository/Выполнение бизнес-плана/Просьба обратить внимание' is: 'Просьба обратить внимание'

18-11-2024T02:49:06 - [TEST_STEP][PASSED] - if (opoveshenie == "Просьба обратить внимание"): Object: 'Object Repository/Выполнение бизнес-плана/Закрыть оповещение' is clicked on

18-11-2024T02:49:06 - [TEST_STEP][PASSED] - click(findTestObject("Выполнение бизнес-плана/Закрыть оповещение")): Object: 'Object Repository/Выполнение бизнес-плана/Закрыть оповещение' is clicked on

18-11-2024T02:49:07 - [MESSAGE][PASSED] - Object: 'Object Repository/Выполнение бизнес-плана/Закрыть оповещение' is clicked on

18-11-2024T02:49:07 - [TEST_STEP][PASSED] - click(findTestObject(path + "Фильтр Дата")): Object: 'Object Repository/Выполнение бизнес-плана/Выполнение бизнес-плана Балансы/Фильтр Дата' is clicked on

18-11-2024T02:49:07 - [MESSAGE][PASSED] - Object: 'Object Repository/Выполнение бизнес-плана/Выполнение бизнес-плана Балансы/Фильтр Дата' is clicked on

18-11-2024T02:49:07 - [TEST_STEP][PASSED] - scrollToElement(findTestObject(path + "2024 список"), 30): Scroll to object 'Object Repository/Выполнение бизнес-плана/Выполнение бизнес-плана Балансы/2024 список' successfully

18-11-2024T02:49:07 - [MESSAGE][PASSED] - Scroll to object 'Object Repository/Выполнение бизнес-плана/Выполнение бизнес-плана Балансы/2024 список' successfully

18-11-2024T02:49:07 - [TEST_STEP][PASSED] - click(findTestObject(path + "2024 список")): Object: 'Object Repository/Выполнение бизнес-плана/Выполнение бизнес-плана Балансы/2024 список' is clicked on

18-11-2024T02:49:08 - [MESSAGE][PASSED] - Object: 'Object Repository/Выполнение бизнес-плана/Выполнение бизнес-плана Балансы/2024 список' is clicked on

18-11-2024T02:49:08 - [TEST_STEP][PASSED] - scrollToElement(findTestObject(path + "1 квартал 2024 список"), 30): Scroll to object 'Object Repository/Выполнение бизнес-плана/Выполнение бизнес-плана Балансы/1 квартал 2024 список' successfully

18-11-2024T02:49:08 - [MESSAGE][PASSED] - Scroll to object 'Object Repository/Выполнение бизнес-плана/Выполнение бизнес-плана Балансы/1 квартал 2024 список' successfully

18-11-2024T02:49:08 - [TEST_STEP][PASSED] - click(findTestObject(path + "1 квартал 2024 список")): Object: 'Object Repository/Выполнение бизнес-плана/Выполнение бизнес-плана Балансы/1 квартал 2024 список' is clicked on

18-11-2024T02:49:09 - [MESSAGE][PASSED] - Object: 'Object Repository/Выполнение бизнес-плана/Выполнение бизнес-плана Балансы/1 квартал 2024 список' is clicked on

18-11-2024T02:49:09 - [TEST_STEP][PASSED] - click(findTestObject(path + "Январь 2024")): Object: 'Object Repository/Выполнение бизнес-плана/Выполнение бизнес-плана Балансы/Январь 2024' is clicked on

18-11-2024T02:49:09 - [MESSAGE][PASSED] - Object: 'Object Repository/Выполнение бизнес-плана/Выполнение бизнес-плана Балансы/Январь 2024' is clicked on

18-11-2024T02:49:09 - [TEST_STEP][PASSED] - click(findTestObject(path + "Февраль 2024")): Object: 'Object Repository/Выполнение бизнес-плана/Выполнение бизнес-плана Балансы/Февраль 2024' is clicked on

18-11-2024T02:49:10 - [MESSAGE][PASSED] - Object: 'Object Repository/Выполнение бизнес-плана/Выполнение бизнес-плана Балансы/Февраль 2024' is clicked on

18-11-2024T02:49:10 - [TEST_STEP][PASSED] - click(findTestObject(path + "Март 2024")): Object: 'Object Repository/Выполнение бизнес-плана/Выполнение бизнес-плана Балансы/Март 2024' is clicked on

18-11-2024T02:49:10 - [MESSAGE][PASSED] - Object: 'Object Repository/Выполнение бизнес-плана/Выполнение бизнес-плана Балансы/Март 2024' is clicked on

18-11-2024T02:49:10 - [TEST_STEP][PASSED] - scrollToElement(findTestObject(path + "2 квартал 2024"), 30): Scroll to object 'Object Repository/Выполнение бизнес-плана/Выполнение бизнес-плана Балансы/2 квартал 2024' successfully

18-11-2024T02:49:11 - [MESSAGE][PASSED] - Scroll to object 'Object Repository/Выполнение бизнес-плана/Выполнение бизнес-плана Балансы/2 квартал 2024' successfully

18-11-2024T02:49:11 - [TEST_STEP][PASSED] - click(findTestObject(path + "2 квартал 2024")): Object: 'Object Repository/Выполнение бизнес-плана/Выполнение бизнес-плана Балансы/2 квартал 2024' is clicked on

18-11-2024T02:49:11 - [MESSAGE][PASSED] - Object: 'Object Repository/Выполнение бизнес-плана/Выполнение бизнес-плана Балансы/2 квартал 2024' is clicked on

18-11-2024T02:49:11 - [TEST_STEP][PASSED] - scrollToElement(findTestObject(path + "3 квартал 2024 список"), 30): Scroll to object 'Object Repository/Выполнение бизнес-плана/Выполнение бизнес-плана Балансы/3 квартал 2024 список' successfully

18-11-2024T02:49:11 - [MESSAGE][PASSED] - Scroll to object 'Object Repository/Выполнение бизнес-плана/Выполнение бизнес-плана Балансы/3 квартал 2024 список' successfully

18-11-2024T02:49:11 - [TEST_STEP][PASSED] - click(findTestObject(path + "3 квартал 2024")): Object: 'Object Repository/Выполнение бизнес-плана/Выполнение бизнес-плана Балансы/3 квартал 2024' is clicked on

18-11-2024T02:49:12 - [MESSAGE][PASSED] - Object: 'Object Repository/Выполнение бизнес-плана/Выполнение бизнес-плана Балансы/3 квартал 2024' is clicked on

18-11-2024T02:49:12 - [TEST_STEP][PASSED] - scrollToElement(findTestObject(path + "Заголовок дашборда"), 30): Scroll to object 'Object Repository/Выполнение бизнес-плана/Выполнение бизнес-плана Балансы/Заголовок дашборда' successfully

18-11-2024T02:49:12 - [MESSAGE][PASSED] - Scroll to object 'Object Repository/Выполнение бизнес-плана/Выполнение бизнес-плана Балансы/Заголовок дашборда' successfully

18-11-2024T02:49:12 - [TEST_STEP][PASSED] - click(findTestObject(path + "Применить в фильтре Дата")): Object: 'Object Repository/Выполнение бизнес-плана/Выполнение бизнес-плана Балансы/Применить в фильтре Дата' is clicked on

18-11-2024T02:49:13 - [MESSAGE][PASSED] - Object: 'Object Repository/Выполнение бизнес-плана/Выполнение бизнес-плана Балансы/Применить в фильтре Дата' is clicked on

18-11-2024T02:49:13 - [TEST_STEP][PASSED] - delay(30): Delayed 30 second(s)

18-11-2024T02:49:43 - [MESSAGE][PASSED] - Delayed 30 second(s)

18-11-2024T02:49:43 - [TEST_STEP][PASSED] - Script1719299571342.ZakrytOpoveshenie(): null

18-11-2024T02:49:43 - [TEST_STEP][PASSED] - opoveshenie = getText(findTestObject("Выполнение бизнес-плана/Просьба обратить внимание")): Text of object 'Object Repository/Выполнение бизнес-плана/Просьба обратить внимание' is: 'Просьба обратить внимание'

18-11-2024T02:49:44 - [MESSAGE][PASSED] - Text of object 'Object Repository/Выполнение бизнес-плана/Просьба обратить внимание' is: 'Просьба обратить внимание'

18-11-2024T02:49:44 - [TEST_STEP][PASSED] - if (opoveshenie == "Просьба обратить внимание"): Object: 'Object Repository/Выполнение бизнес-плана/Закрыть оповещение' is clicked on

18-11-2024T02:49:44 - [TEST_STEP][PASSED] - click(findTestObject("Выполнение бизнес-плана/Закрыть оповещение")): Object: 'Object Repository/Выполнение бизнес-плана/Закрыть оповещение' is clicked on

18-11-2024T02:49:44 - [MESSAGE][PASSED] - Object: 'Object Repository/Выполнение бизнес-плана/Закрыть оповещение' is clicked on

18-11-2024T02:49:44 - [TEST_STEP][PASSED] - click(findTestObject(path + "Фильтр ДЗО")): Object: 'Object Repository/Выполнение бизнес-плана/Выполнение бизнес-плана Балансы/Фильтр ДЗО' is clicked on

18-11-2024T02:49:44 - [MESSAGE][PASSED] - Object: 'Object Repository/Выполнение бизнес-плана/Выполнение бизнес-плана Балансы/Фильтр ДЗО' is clicked on

18-11-2024T02:49:44 - [TEST_STEP][PASSED] - click(findTestObject(path + "Снять выделение в фильтре ДЗО")): Object: 'Object Repository/Выполнение бизнес-плана/Выполнение бизнес-плана Балансы/Снять выделение в фильтре ДЗО' is clicked on

18-11-2024T02:49:45 - [MESSAGE][PASSED] - Object: 'Object Repository/Выполнение бизнес-плана/Выполнение бизнес-плана Балансы/Снять выделение в фильтре ДЗО' is clicked on

18-11-2024T02:49:45 - [TEST_STEP][PASSED] - click(findTestObject(path + "ПАО Россети")): Object: 'Object Repository/Выполнение бизнес-плана/Выполнение бизнес-плана Балансы/ПАО Россети' is clicked on

18-11-2024T02:49:45 - [MESSAGE][PASSED] - Object: 'Object Repository/Выполнение бизнес-плана/Выполнение бизнес-плана Балансы/ПАО Россети' is clicked on

18-11-2024T02:49:45 - [TEST_STEP][PASSED] - click(findTestObject(path + "Применить в фильтре ДЗО")): Object: 'Object Repository/Выполнение бизнес-плана/Выполнение бизнес-плана Балансы/Применить в фильтре ДЗО' is clicked on

18-11-2024T02:49:46 - [MESSAGE][PASSED] - Object: 'Object Repository/Выполнение бизнес-плана/Выполнение бизнес-плана Балансы/Применить в фильтре ДЗО' is clicked on

18-11-2024T02:49:46 - [TEST_STEP][PASSED] - delay(30): Delayed 30 second(s)

18-11-2024T02:50:16 - [MESSAGE][PASSED] - Delayed 30 second(s)

18-11-2024T02:50:16 - [TEST_STEP][PASSED] - pRB = GetAllPAOData(path, dZONum, VseDZO, z = "ПАО Россети/"): null

18-11-2024T02:50:16 - [TEST_STEP][PASSED] - path2 = "Значения со страницы Выполнение бизнес-плана/Table Data/": null

18-11-2024T02:50:16 - [TEST_STEP][PASSED] - ii = <not implemented yet for class: org.codehaus.groovy.ast.expr.EmptyExpression>: null

18-11-2024T02:50:16 - [TEST_STEP][PASSED] - i1 = <not implemented yet for class: org.codehaus.groovy.ast.expr.EmptyExpression>: null

18-11-2024T02:50:16 - [TEST_STEP][PASSED] - z = <not implemented yet for class: org.codehaus.groovy.ast.expr.EmptyExpression>: null

18-11-2024T02:50:16 - [TEST_STEP][PASSED] - z1 = <not implemented yet for class: org.codehaus.groovy.ast.expr.EmptyExpression>: null

18-11-2024T02:50:16 - [TEST_STEP][PASSED] - println("path: " + path): null

18-11-2024T02:50:16 - [TEST_STEP][PASSED] - z = getText(findTestObject(path + "Итого")).replaceAll("[\r?
|
]", "/"): Text of object 'Object Repository/Выполнение бизнес-плана/Выполнение бизнес-плана Балансы/Итого' is: 'Итого
%
5.72 5.72
7.94 7.94
1
100'

18-11-2024T02:50:17 - [MESSAGE][PASSED] - Text of object 'Object Repository/Выполнение бизнес-плана/Выполнение бизнес-плана Балансы/Итого' is: 'Итого
%
5.72 5.72
7.94 7.94
1
100'

18-11-2024T02:50:17 - [TEST_STEP][PASSED] - ii = z.indexOf("%") + 2: null

18-11-2024T02:50:17 - [TEST_STEP][PASSED] - if (ii > -1): null

18-11-2024T02:50:17 - [TEST_STEP][PASSED] - z = z.substring(ii, z.length()): null

18-11-2024T02:50:17 - [TEST_STEP][PASSED] - println(z): null

18-11-2024T02:50:17 - [TEST_STEP][PASSED] - ii = z.indexOf("/1/100") - 1: null

18-11-2024T02:50:17 - [TEST_STEP][PASSED] - if (ii > -1): null

18-11-2024T02:50:17 - [TEST_STEP][PASSED] - z = z.substring(0, ii): null

18-11-2024T02:50:17 - [TEST_STEP][PASSED] - println(z): null

18-11-2024T02:50:17 - [TEST_STEP][PASSED] - ii = z.indexOf("План"): null

18-11-2024T02:50:17 - [TEST_STEP][PASSED] - if (ii > -1): null

18-11-2024T02:50:17 - [TEST_STEP][PASSED] - ii = z.indexOf("/") + 1: null

18-11-2024T02:50:17 - [TEST_STEP][PASSED] - z1 = z.substring(0, ii): null

18-11-2024T02:50:17 - [TEST_STEP][PASSED] - println(z1): null

18-11-2024T02:50:17 - [TEST_STEP][PASSED] - z = z.substring(ii, z.length()): null

18-11-2024T02:50:17 - [TEST_STEP][PASSED] - println(z): null

18-11-2024T02:50:17 - [TEST_STEP][PASSED] - ii = z1.length() / 2: null

18-11-2024T02:50:17 - [TEST_STEP][PASSED] - z1 = replaceAll("[\r?
|
]", "/").trim(): null

18-11-2024T02:50:17 - [TEST_STEP][PASSED] - println(z1): null

18-11-2024T02:50:17 - [TEST_STEP][PASSED] - ii = z.length() / 2: null

18-11-2024T02:50:17 - [TEST_STEP][PASSED] - z = replace("/", "").trim(): null

18-11-2024T02:50:17 - [TEST_STEP][PASSED] - println(z): null

18-11-2024T02:50:17 - [TEST_STEP][PASSED] - x = x + z1 + "/" + z: null

18-11-2024T02:50:17 - [TEST_STEP][PASSED] - println(x): null

18-11-2024T02:50:17 - [TEST_STEP][FAILED] - if (verifyElementPresent(findTestObject(path + "Таблица Итого-Факт"), 30)): Unable to verify object is present (Root cause: com.kms.katalon.core.exception.StepFailedException: Unable to verify object is present
	at com.kms.katalon.core.webui.keyword.internal.WebUIKeywordMain.stepFailed(WebUIKeywordMain.groovy:64)
	at com.kms.katalon.core.webui.keyword.internal.WebUIKeywordMain.runKeyword(WebUIKeywordMain.groovy:26)
	at com.kms.katalon.core.webui.keyword.builtin.VerifyElementPresentKeyword.verifyElementPresent(VerifyElementPresentKeyword.groovy:92)
	at com.kms.katalon.core.webui.keyword.builtin.VerifyElementPresentKeyword.execute(VerifyElementPresentKeyword.groovy:68)
	at com.kms.katalon.core.keyword.internal.KeywordExecutor.executeKeywordForPlatform(KeywordExecutor.groovy:74)
	at com.kms.katalon.core.webui.keyword.WebUiBuiltInKeywords.verifyElementPresent(WebUiBuiltInKeywords.groovy:1503)
	at Выполнение бизнес-плана сверка дашбордов.GetAllPAOData(Выполнение бизнес-плана сверка дашбордов:862)
	at Выполнение бизнес-плана сверка дашбордов.run(Выполнение бизнес-плана сверка дашбордов:362)
	at com.kms.katalon.core.main.ScriptEngine.run(ScriptEngine.java:194)
	at com.kms.katalon.core.main.ScriptEngine.runScriptAsRawText(ScriptEngine.java:119)
	at com.kms.katalon.core.main.TestCaseExecutor.runScript(TestCaseExecutor.java:448)
	at com.kms.katalon.core.main.TestCaseExecutor.doExecute(TestCaseExecutor.java:439)
	at com.kms.katalon.core.main.TestCaseExecutor.processExecutionPhase(TestCaseExecutor.java:418)
	at com.kms.katalon.core.main.TestCaseExecutor.accessMainPhase(TestCaseExecutor.java:410)
	at com.kms.katalon.core.main.TestCaseExecutor.execute(TestCaseExecutor.java:285)
	at com.kms.katalon.core.common.CommonExecutor.accessTestCaseMainPhase(CommonExecutor.java:65)
	at com.kms.katalon.core.main.TestSuiteExecutor.accessTestSuiteMainPhase(TestSuiteExecutor.java:150)
	at com.kms.katalon.core.main.TestSuiteExecutor.execute(TestSuiteExecutor.java:106)
	at com.kms.katalon.core.main.TestCaseMain.startTestSuite(TestCaseMain.java:180)
	at TempTestSuite1731886967590.run(TempTestSuite1731886967590.groovy:35)
	at java.base/jdk.internal.reflect.NativeMethodAccessorImpl.invoke0(Native Method)
	at java.base/jdk.internal.reflect.NativeMethodAccessorImpl.invoke(NativeMethodAccessorImpl.java:77)
	at java.base/jdk.internal.reflect.DelegatingMethodAccessorImpl.invoke(DelegatingMethodAccessorImpl.java:43)
Caused by: java.lang.IllegalArgumentException: Object is null
	at com.kms.katalon.core.helper.KeywordHelper.checkTestObjectParameter(KeywordHelper.java:33)
	at com.kms.katalon.core.webui.keyword.builtin.VerifyElementPresentKeyword$_verifyElementPresent_closure1.doCall(VerifyElementPresentKeyword.groovy:76)
	at com.kms.katalon.core.webui.keyword.builtin.VerifyElementPresentKeyword$_verifyElementPresent_closure1.call(VerifyElementPresentKeyword.groovy)
	at com.kms.katalon.core.webui.keyword.internal.WebUIKeywordMain.runKeyword(WebUIKeywordMain.groovy:20)
	at com.kms.katalon.core.webui.keyword.builtin.VerifyElementPresentKeyword.verifyElementPresent(VerifyElementPresentKeyword.groovy:92)
	at com.kms.katalon.core.webui.keyword.builtin.VerifyElementPresentKeyword.execute(VerifyElementPresentKeyword.groovy:68)
	at com.kms.katalon.core.keyword.internal.KeywordExecutor.executeKeywordForPlatform(KeywordExecutor.groovy:74)
	at com.kms.katalon.core.webui.keyword.WebUiBuiltInKeywords.verifyElementPresent(WebUiBuiltInKeywords.groovy:1503)
	at Script1719299571342.GetAllPAOData(Script1719299571342.groovy:862)
	at Script1719299571342.run(Script1719299571342.groovy:362)
	... 15 more
)

18-11-2024T02:50:17 - [MESSAGE][WARNING] - Test object with id 'Object Repository/Выполнение бизнес-плана/Выполнение бизнес-плана Балансы/Таблица Итого-Факт' does not exist

18-11-2024T02:50:17 - [MESSAGE][WARNING] - Test object with id 'Object Repository/' does not exist

18-11-2024T02:50:17 - [MESSAGE][FAILED] - Unable to verify object is present (Root cause: com.kms.katalon.core.exception.StepFailedException: Unable to verify object is present
	at com.kms.katalon.core.webui.keyword.internal.WebUIKeywordMain.stepFailed(WebUIKeywordMain.groovy:64)
	at com.kms.katalon.core.webui.keyword.internal.WebUIKeywordMain.runKeyword(WebUIKeywordMain.groovy:26)
	at com.kms.katalon.core.webui.keyword.builtin.VerifyElementPresentKeyword.verifyElementPresent(VerifyElementPresentKeyword.groovy:92)
	at com.kms.katalon.core.webui.keyword.builtin.VerifyElementPresentKeyword.execute(VerifyElementPresentKeyword.groovy:68)
	at com.kms.katalon.core.keyword.internal.KeywordExecutor.executeKeywordForPlatform(KeywordExecutor.groovy:74)
	at com.kms.katalon.core.webui.keyword.WebUiBuiltInKeywords.verifyElementPresent(WebUiBuiltInKeywords.groovy:1503)
	at Выполнение бизнес-плана сверка дашбордов.GetAllPAOData(Выполнение бизнес-плана сверка дашбордов:862)
	at Выполнение бизнес-плана сверка дашбордов.run(Выполнение бизнес-плана сверка дашбордов:362)
	at com.kms.katalon.core.main.ScriptEngine.run(ScriptEngine.java:194)
	at com.kms.katalon.core.main.ScriptEngine.runScriptAsRawText(ScriptEngine.java:119)
	at com.kms.katalon.core.main.TestCaseExecutor.runScript(TestCaseExecutor.java:448)
	at com.kms.katalon.core.main.TestCaseExecutor.doExecute(TestCaseExecutor.java:439)
	at com.kms.katalon.core.main.TestCaseExecutor.processExecutionPhase(TestCaseExecutor.java:418)
	at com.kms.katalon.core.main.TestCaseExecutor.accessMainPhase(TestCaseExecutor.java:410)
	at com.kms.katalon.core.main.TestCaseExecutor.execute(TestCaseExecutor.java:285)
	at com.kms.katalon.core.common.CommonExecutor.accessTestCaseMainPhase(CommonExecutor.java:65)
	at com.kms.katalon.core.main.TestSuiteExecutor.accessTestSuiteMainPhase(TestSuiteExecutor.java:150)
	at com.kms.katalon.core.main.TestSuiteExecutor.execute(TestSuiteExecutor.java:106)
	at com.kms.katalon.core.main.TestCaseMain.startTestSuite(TestCaseMain.java:180)
	at TempTestSuite1731886967590.run(TempTestSuite1731886967590.groovy:35)
	at java.base/jdk.internal.reflect.NativeMethodAccessorImpl.invoke0(Native Method)
	at java.base/jdk.internal.reflect.NativeMethodAccessorImpl.invoke(NativeMethodAccessorImpl.java:77)
	at java.base/jdk.internal.reflect.DelegatingMethodAccessorImpl.invoke(DelegatingMethodAccessorImpl.java:43)
Caused by: java.lang.IllegalArgumentException: Object is null
	at com.kms.katalon.core.helper.KeywordHelper.checkTestObjectParameter(KeywordHelper.java:33)
	at com.kms.katalon.core.webui.keyword.builtin.VerifyElementPresentKeyword$_verifyElementPresent_closure1.doCall(VerifyElementPresentKeyword.groovy:76)
	at com.kms.katalon.core.webui.keyword.builtin.VerifyElementPresentKeyword$_verifyElementPresent_closure1.call(VerifyElementPresentKeyword.groovy)
	at com.kms.katalon.core.webui.keyword.internal.WebUIKeywordMain.runKeyword(WebUIKeywordMain.groovy:20)
	at com.kms.katalon.core.webui.keyword.builtin.VerifyElementPresentKeyword.verifyElementPresent(VerifyElementPresentKeyword.groovy:92)
	at com.kms.katalon.core.webui.keyword.builtin.VerifyElementPresentKeyword.execute(VerifyElementPresentKeyword.groovy:68)
	at com.kms.katalon.core.keyword.internal.KeywordExecutor.executeKeywordForPlatform(KeywordExecutor.groovy:74)
	at com.kms.katalon.core.webui.keyword.WebUiBuiltInKeywords.verifyElementPresent(WebUiBuiltInKeywords.groovy:1503)
	at Script1719299571342.GetAllPAOData(Script1719299571342.groovy:862)
	at Script1719299571342.run(Script1719299571342.groovy:362)
	... 15 more
)
[[ATTACHMENT|C:\\Users\\LIAZGINA-DI\\git\\SPORU\\Reports\\20241118_024247\\\u041F\u043D-\u0421\u0440-\u041F\u0442\\\u0421\u0432\u0435\u0440\u043A\u0430 \u0434\u0430\u0448\u0431\u043E\u0440\u0434\u043E\u0432 \u0438\u0437 \u0440\u0430\u0437\u043D\u044B\u0445 \u0431\u043B\u043E\u043A\u043E\u0432\\20241118_024247\\1731887417147.png]]

18-11-2024T02:50:17 - [TEST_STEP][PASSED] - else: null

18-11-2024T02:50:17 - [TEST_STEP][PASSED] - z = getText(findTestObject(path + "Факт Отпуск в сеть за отчётный период ПАО Россети")).replaceAll("\s+", ""): Text of object 'Object Repository/Выполнение бизнес-плана/Выполнение бизнес-плана Балансы/Факт Отпуск в сеть за отчётный период ПАО Россети' is: '461 243 796'

18-11-2024T02:50:17 - [MESSAGE][PASSED] - Text of object 'Object Repository/Выполнение бизнес-плана/Выполнение бизнес-плана Балансы/Факт Отпуск в сеть за отчётный период ПАО Россети' is: '461 243 796'

18-11-2024T02:50:17 - [TEST_STEP][PASSED] - x = x + "/" + z: null

18-11-2024T02:50:17 - [TEST_STEP][PASSED] - z = getText(findTestObject(path + "Факт Отпуск из сети за отчётный период ПАО Россети")).replaceAll("\s+", ""): Text of object 'Object Repository/Выполнение бизнес-плана/Выполнение бизнес-плана Балансы/Факт Отпуск из сети за отчётный период ПАО Россети' is: '425 411 506'

18-11-2024T02:50:17 - [MESSAGE][PASSED] - Text of object 'Object Repository/Выполнение бизнес-плана/Выполнение бизнес-плана Балансы/Факт Отпуск из сети за отчётный период ПАО Россети' is: '425 411 506'

18-11-2024T02:50:17 - [TEST_STEP][PASSED] - x = x + "/" + z: null

18-11-2024T02:50:17 - [TEST_STEP][PASSED] - z = getText(findTestObject(path + "Факт Потери за отчётный период ПАО Россети")).replaceAll("\s+", ""): Text of object 'Object Repository/Выполнение бизнес-плана/Выполнение бизнес-плана Балансы/Факт Потери за отчётный период ПАО Россети' is: '35 832 290'

18-11-2024T02:50:18 - [MESSAGE][PASSED] - Text of object 'Object Repository/Выполнение бизнес-плана/Выполнение бизнес-плана Балансы/Факт Потери за отчётный период ПАО Россети' is: '35 832 290'

18-11-2024T02:50:18 - [TEST_STEP][PASSED] - x = x + "/" + z: null

18-11-2024T02:50:18 - [TEST_STEP][PASSED] - z = getText(findTestObject(path + "План Отпуск в сеть за отчётный период ПАО Россети")).replaceAll("\s+", ""): Text of object 'Object Repository/Выполнение бизнес-плана/Выполнение бизнес-плана Балансы/План Отпуск в сеть за отчётный период ПАО Россети' is: '896 031 825'

18-11-2024T02:50:18 - [MESSAGE][PASSED] - Text of object 'Object Repository/Выполнение бизнес-плана/Выполнение бизнес-плана Балансы/План Отпуск в сеть за отчётный период ПАО Россети' is: '896 031 825'

18-11-2024T02:50:18 - [TEST_STEP][PASSED] - x = x + "/" + z: null

18-11-2024T02:50:18 - [TEST_STEP][PASSED] - z = getText(findTestObject(path + "План Отпуск из сети за отчётный период ПАО Россети")).replaceAll("\s+", ""): Text of object 'Object Repository/Выполнение бизнес-плана/Выполнение бизнес-плана Балансы/План Отпуск из сети за отчётный период ПАО Россети' is: '844 819 838'

18-11-2024T02:50:18 - [MESSAGE][PASSED] - Text of object 'Object Repository/Выполнение бизнес-плана/Выполнение бизнес-плана Балансы/План Отпуск из сети за отчётный период ПАО Россети' is: '844 819 838'

18-11-2024T02:50:18 - [TEST_STEP][PASSED] - x = x + "/" + z: null

18-11-2024T02:50:18 - [TEST_STEP][PASSED] - z = getText(findTestObject(path + "План Потери за отчётный период ПАО Россети")).replaceAll("\s+", ""): Text of object 'Object Repository/Выполнение бизнес-плана/Выполнение бизнес-плана Балансы/План Потери за отчётный период ПАО Россети' is: '51 211 987'

18-11-2024T02:50:19 - [MESSAGE][PASSED] - Text of object 'Object Repository/Выполнение бизнес-плана/Выполнение бизнес-плана Балансы/План Потери за отчётный период ПАО Россети' is: '51 211 987'

18-11-2024T02:50:19 - [TEST_STEP][PASSED] - x = x + "/" + z: null

18-11-2024T02:50:19 - [TEST_STEP][PASSED] - return x: null

18-11-2024T02:50:19 - [TEST_STEP][PASSED] - println("pRB: " + pRB): null

18-11-2024T02:50:19 - [TEST_STEP][PASSED] - VseDZO = getText(findTestObject(path + "Список ДЗО")): Text of object 'Object Repository/Выполнение бизнес-плана/Выполнение бизнес-плана Балансы/Список ДЗО' is: '-0.20
-0.07
3.72
-0.35
-0.53
-0.04
-0.01
3.84
-0.35
-0.05
-0.00
0.09
-0.15
-0.51
-0.25
-0.39
-0.20
Россети ФСКЕЭС
АО«Тываэнерго»
АО«Чеченэнерго»
РоссетиВолга
РоссетиКубань
РоссетиЛенэнерго(ГК)
РоссетиМосковскийрегион
РоссетиСеверныйКавказ
РоссетиСеверо-Запад
РоссетиСибирь
РоссетиТомск
РоссетиТюмень
Россети Урал(ГК)
РоссетиЦентр (ГК)
РоссетиЦентр иПриволжье(ГК)
Россети Юг(ГК)
РоссетиЯнтарь
0
2
4
6
-2
8'

18-11-2024T02:50:19 - [MESSAGE][PASSED] - Text of object 'Object Repository/Выполнение бизнес-плана/Выполнение бизнес-плана Балансы/Список ДЗО' is: '-0.20
-0.07
3.72
-0.35
-0.53
-0.04
-0.01
3.84
-0.35
-0.05
-0.00
0.09
-0.15
-0.51
-0.25
-0.39
-0.20
Россети ФСКЕЭС
АО«Тываэнерго»
АО«Чеченэнерго»
РоссетиВолга
РоссетиКубань
РоссетиЛенэнерго(ГК)
РоссетиМосковскийрегион
РоссетиСеверныйКавказ
РоссетиСеверо-Запад
РоссетиСибирь
РоссетиТомск
РоссетиТюмень
Россети Урал(ГК)
РоссетиЦентр (ГК)
РоссетиЦентр иПриволжье(ГК)
Россети Юг(ГК)
РоссетиЯнтарь
0
2
4
6
-2
8'

18-11-2024T02:50:19 - [TEST_STEP][PASSED] - dZONum = 0: null

18-11-2024T02:50:19 - [TEST_STEP][PASSED] - i = VseDZO.indexOf("ЕЭС"): null

18-11-2024T02:50:19 - [TEST_STEP][PASSED] - if (i > -1): null

18-11-2024T02:50:19 - [TEST_STEP][PASSED] - dZONum = dZONum + 1: null

18-11-2024T02:50:19 - [TEST_STEP][PASSED] - fB = GetAllData(path, dZONum, VseDZO, x = "Россети ФСК ЕЭС/"): null

18-11-2024T02:50:19 - [TEST_STEP][PASSED] - ii = <not implemented yet for class: org.codehaus.groovy.ast.expr.EmptyExpression>: null

18-11-2024T02:50:19 - [TEST_STEP][PASSED] - i1 = <not implemented yet for class: org.codehaus.groovy.ast.expr.EmptyExpression>: null

18-11-2024T02:50:19 - [TEST_STEP][PASSED] - z = <not implemented yet for class: org.codehaus.groovy.ast.expr.EmptyExpression>: null

18-11-2024T02:50:19 - [TEST_STEP][PASSED] - path2 = "Значения со страницы Выполнение бизнес-плана/Table Data/": null

18-11-2024T02:50:19 - [TEST_STEP][PASSED] - println("path: " + path): null

18-11-2024T02:50:19 - [TEST_STEP][PASSED] - println("dZONum: " + dZONum): null

18-11-2024T02:50:19 - [TEST_STEP][PASSED] - z = getText(findTestObject(path + "spanPlan" + dZONum)): Text of object 'Object Repository/Выполнение бизнес-плана/Выполнение бизнес-плана Балансы/spanPlan1' is: '3.86
|'

18-11-2024T02:50:19 - [MESSAGE][PASSED] - Text of object 'Object Repository/Выполнение бизнес-плана/Выполнение бизнес-плана Балансы/spanPlan1' is: '3.86
|'

18-11-2024T02:50:19 - [TEST_STEP][PASSED] - println(z): null

18-11-2024T02:50:19 - [TEST_STEP][PASSED] - ii = z.indexOf("|"): null

18-11-2024T02:50:19 - [TEST_STEP][PASSED] - if (ii > -1): null

18-11-2024T02:50:19 - [TEST_STEP][PASSED] - z = z.substring(0, z.length() - 1): null

18-11-2024T02:50:19 - [TEST_STEP][PASSED] - println(z): null

18-11-2024T02:50:19 - [TEST_STEP][PASSED] - z = z.replaceAll("\s+", ""): null

18-11-2024T02:50:19 - [TEST_STEP][PASSED] - z = z.replace("[\r?
|
]", "/"): null

18-11-2024T02:50:19 - [TEST_STEP][PASSED] - println(z): null

18-11-2024T02:50:19 - [TEST_STEP][PASSED] - x = x + z: null

18-11-2024T02:50:19 - [TEST_STEP][PASSED] - z = getText(findTestObject(path + "spanFact" + dZONum)): Text of object 'Object Repository/Выполнение бизнес-плана/Выполнение бизнес-плана Балансы/spanFact1' is: '3.67'

18-11-2024T02:50:20 - [MESSAGE][PASSED] - Text of object 'Object Repository/Выполнение бизнес-плана/Выполнение бизнес-плана Балансы/spanFact1' is: '3.67'

18-11-2024T02:50:20 - [TEST_STEP][PASSED] - ii = z.indexOf("|"): null

18-11-2024T02:50:20 - [TEST_STEP][PASSED] - if (ii > -1): null

18-11-2024T02:50:20 - [TEST_STEP][PASSED] - x = x + "/" + z: null

18-11-2024T02:50:20 - [TEST_STEP][PASSED] - z = getText(findTestObject(path + path2 + "Факт Отпуск в сеть за отчётный период " + dZONum)).replaceAll("\s+", ""): Text of object 'Object Repository/Выполнение бизнес-плана/Выполнение бизнес-плана Балансы/Значения со страницы Выполнение бизнес-плана/Table Data/Факт Отпуск в сеть за отчётный период 1' is: '462 835 148'

18-11-2024T02:50:20 - [MESSAGE][PASSED] - Text of object 'Object Repository/Выполнение бизнес-плана/Выполнение бизнес-плана Балансы/Значения со страницы Выполнение бизнес-плана/Table Data/Факт Отпуск в сеть за отчётный период 1' is: '462 835 148'

18-11-2024T02:50:20 - [TEST_STEP][PASSED] - x = x + "/" + z: null

18-11-2024T02:50:20 - [TEST_STEP][PASSED] - z = getText(findTestObject(path + path2 + "Факт Отпуск из сети за отчётный период " + dZONum)).replaceAll("\s+", ""): Text of object 'Object Repository/Выполнение бизнес-плана/Выполнение бизнес-плана Балансы/Значения со страницы Выполнение бизнес-плана/Table Data/Факт Отпуск из сети за отчётный период 1' is: '446 457 790'

18-11-2024T02:50:20 - [MESSAGE][PASSED] - Text of object 'Object Repository/Выполнение бизнес-плана/Выполнение бизнес-плана Балансы/Значения со страницы Выполнение бизнес-плана/Table Data/Факт Отпуск из сети за отчётный период 1' is: '446 457 790'

18-11-2024T02:50:20 - [TEST_STEP][PASSED] - x = x + "/" + z: null

18-11-2024T02:50:20 - [TEST_STEP][PASSED] - z = getText(findTestObject(path + path2 + "Факт Потери за отчётный период " + dZONum)).replaceAll("\s+", ""): Text of object 'Object Repository/Выполнение бизнес-плана/Выполнение бизнес-плана Балансы/Значения со страницы Выполнение бизнес-плана/Table Data/Факт Потери за отчётный период 1' is: '16 377 359'

18-11-2024T02:50:20 - [MESSAGE][PASSED] - Text of object 'Object Repository/Выполнение бизнес-плана/Выполнение бизнес-плана Балансы/Значения со страницы Выполнение бизнес-плана/Table Data/Факт Потери за отчётный период 1' is: '16 377 359'

18-11-2024T02:50:20 - [TEST_STEP][PASSED] - x = x + "/" + z: null

18-11-2024T02:50:20 - [TEST_STEP][PASSED] - z = getText(findTestObject(path + path2 + "План Отпуск в сеть за отчётный период " + dZONum)).replaceAll("\s+", ""): Text of object 'Object Repository/Выполнение бизнес-плана/Выполнение бизнес-плана Балансы/Значения со страницы Выполнение бизнес-плана/Table Data/План Отпуск в сеть за отчётный период 1' is: '449 486 116'

18-11-2024T02:50:21 - [MESSAGE][PASSED] - Text of object 'Object Repository/Выполнение бизнес-плана/Выполнение бизнес-плана Балансы/Значения со страницы Выполнение бизнес-плана/Table Data/План Отпуск в сеть за отчётный период 1' is: '449 486 116'

18-11-2024T02:50:21 - [TEST_STEP][PASSED] - x = x + "/" + z: null

18-11-2024T02:50:21 - [TEST_STEP][PASSED] - z = getText(findTestObject(path + path2 + "План Отпуск из сети за отчётный период " + dZONum)).replaceAll("\s+", ""): Text of object 'Object Repository/Выполнение бизнес-плана/Выполнение бизнес-плана Балансы/Значения со страницы Выполнение бизнес-плана/Table Data/План Отпуск из сети за отчётный период 1' is: '432 761 211'

18-11-2024T02:50:21 - [MESSAGE][PASSED] - Text of object 'Object Repository/Выполнение бизнес-плана/Выполнение бизнес-плана Балансы/Значения со страницы Выполнение бизнес-плана/Table Data/План Отпуск из сети за отчётный период 1' is: '432 761 211'

18-11-2024T02:50:21 - [TEST_STEP][PASSED] - x = x + "/" + z: null

18-11-2024T02:50:21 - [TEST_STEP][PASSED] - z = getText(findTestObject(path + path2 + "План Потери за отчётный период " + dZONum)).replaceAll("\s+", ""): Text of object 'Object Repository/Выполнение бизнес-плана/Выполнение бизнес-плана Балансы/Значения со страницы Выполнение бизнес-плана/Table Data/План Потери за отчётный период 1' is: '16 724 905'

18-11-2024T02:50:21 - [MESSAGE][PASSED] - Text of object 'Object Repository/Выполнение бизнес-плана/Выполнение бизнес-плана Балансы/Значения со страницы Выполнение бизнес-плана/Table Data/План Потери за отчётный период 1' is: '16 724 905'

18-11-2024T02:50:21 - [TEST_STEP][PASSED] - x = x + "/" + z: null

18-11-2024T02:50:21 - [TEST_STEP][PASSED] - z = getText(findTestObject(path + "Список ДЗО")).replaceAll("[\r?
|
]", "/"): Text of object 'Object Repository/Выполнение бизнес-плана/Выполнение бизнес-плана Балансы/Список ДЗО' is: '-0.20
-0.07
3.72
-0.35
-0.53
-0.04
-0.01
3.84
-0.35
-0.05
-0.00
0.09
-0.15
-0.51
-0.25
-0.39
-0.20
Россети ФСКЕЭС
АО«Тываэнерго»
АО«Чеченэнерго»
РоссетиВолга
РоссетиКубань
РоссетиЛенэнерго(ГК)
РоссетиМосковскийрегион
РоссетиСеверныйКавказ
РоссетиСеверо-Запад
РоссетиСибирь
РоссетиТомск
РоссетиТюмень
Россети Урал(ГК)
РоссетиЦентр (ГК)
РоссетиЦентр иПриволжье(ГК)
Россети Юг(ГК)
РоссетиЯнтарь
0
2
4
6
-2
8'

18-11-2024T02:50:22 - [MESSAGE][PASSED] - Text of object 'Object Repository/Выполнение бизнес-плана/Выполнение бизнес-плана Балансы/Список ДЗО' is: '-0.20
-0.07
3.72
-0.35
-0.53
-0.04
-0.01
3.84
-0.35
-0.05
-0.00
0.09
-0.15
-0.51
-0.25
-0.39
-0.20
Россети ФСКЕЭС
АО«Тываэнерго»
АО«Чеченэнерго»
РоссетиВолга
РоссетиКубань
РоссетиЛенэнерго(ГК)
РоссетиМосковскийрегион
РоссетиСеверныйКавказ
РоссетиСеверо-Запад
РоссетиСибирь
РоссетиТомск
РоссетиТюмень
Россети Урал(ГК)
РоссетиЦентр (ГК)
РоссетиЦентр иПриволжье(ГК)
Россети Юг(ГК)
РоссетиЯнтарь
0
2
4
6
-2
8'

18-11-2024T02:50:22 - [TEST_STEP][PASSED] - for ([ii = 1, ii < dZONum, (ii++)]): null

18-11-2024T02:50:22 - [TEST_STEP][PASSED] - i1 = z.indexOf("/"): null

18-11-2024T02:50:22 - [TEST_STEP][PASSED] - if (i1 > -1): null

18-11-2024T02:50:22 - [TEST_STEP][PASSED] - z = z.substring(0, i1): null

18-11-2024T02:50:22 - [TEST_STEP][PASSED] - z = z.replace(",", "."): null

18-11-2024T02:50:22 - [TEST_STEP][PASSED] - println(z): null

18-11-2024T02:50:22 - [TEST_STEP][PASSED] - x = x + "/" + z: null

18-11-2024T02:50:22 - [TEST_STEP][PASSED] - x = x.replaceAll("[\r?
|
]", ""): null

18-11-2024T02:50:22 - [TEST_STEP][PASSED] - println(x): null

18-11-2024T02:50:22 - [TEST_STEP][PASSED] - return x: null

18-11-2024T02:50:22 - [TEST_STEP][PASSED] - println("fB: " + fB): null

18-11-2024T02:50:22 - [TEST_STEP][PASSED] - i = VseDZO.indexOf("Тываэнерго"): null

18-11-2024T02:50:22 - [TEST_STEP][PASSED] - if (i > -1): null

18-11-2024T02:50:22 - [TEST_STEP][PASSED] - dZONum = dZONum + 1: null

18-11-2024T02:50:22 - [TEST_STEP][PASSED] - tyB = GetAllData(path, dZONum, VseDZO, x = "АО "Тываэнерго"/"): null

18-11-2024T02:50:22 - [TEST_STEP][PASSED] - ii = <not implemented yet for class: org.codehaus.groovy.ast.expr.EmptyExpression>: null

18-11-2024T02:50:22 - [TEST_STEP][PASSED] - i1 = <not implemented yet for class: org.codehaus.groovy.ast.expr.EmptyExpression>: null

18-11-2024T02:50:22 - [TEST_STEP][PASSED] - z = <not implemented yet for class: org.codehaus.groovy.ast.expr.EmptyExpression>: null

18-11-2024T02:50:22 - [TEST_STEP][PASSED] - path2 = "Значения со страницы Выполнение бизнес-плана/Table Data/": null

18-11-2024T02:50:22 - [TEST_STEP][PASSED] - println("path: " + path): null

18-11-2024T02:50:22 - [TEST_STEP][PASSED] - println("dZONum: " + dZONum): null

18-11-2024T02:50:22 - [TEST_STEP][PASSED] - z = getText(findTestObject(path + "spanPlan" + dZONum)): Text of object 'Object Repository/Выполнение бизнес-плана/Выполнение бизнес-плана Балансы/spanPlan2' is: '21.03
|'

18-11-2024T02:50:22 - [MESSAGE][PASSED] - Text of object 'Object Repository/Выполнение бизнес-плана/Выполнение бизнес-плана Балансы/spanPlan2' is: '21.03
|'

18-11-2024T02:50:22 - [TEST_STEP][PASSED] - println(z): null

18-11-2024T02:50:22 - [TEST_STEP][PASSED] - ii = z.indexOf("|"): null

18-11-2024T02:50:22 - [TEST_STEP][PASSED] - if (ii > -1): null

18-11-2024T02:50:22 - [TEST_STEP][PASSED] - z = z.substring(0, z.length() - 1): null

18-11-2024T02:50:22 - [TEST_STEP][PASSED] - println(z): null

18-11-2024T02:50:22 - [TEST_STEP][PASSED] - z = z.replaceAll("\s+", ""): null

18-11-2024T02:50:22 - [TEST_STEP][PASSED] - z = z.replace("[\r?
|
]", "/"): null

18-11-2024T02:50:22 - [TEST_STEP][PASSED] - println(z): null

18-11-2024T02:50:22 - [TEST_STEP][PASSED] - x = x + z: null

18-11-2024T02:50:22 - [TEST_STEP][PASSED] - z = getText(findTestObject(path + "spanFact" + dZONum)): Text of object 'Object Repository/Выполнение бизнес-плана/Выполнение бизнес-плана Балансы/spanFact2' is: '20.96'

18-11-2024T02:50:22 - [MESSAGE][PASSED] - Text of object 'Object Repository/Выполнение бизнес-плана/Выполнение бизнес-плана Балансы/spanFact2' is: '20.96'

18-11-2024T02:50:22 - [TEST_STEP][PASSED] - ii = z.indexOf("|"): null

18-11-2024T02:50:22 - [TEST_STEP][PASSED] - if (ii > -1): null

18-11-2024T02:50:22 - [TEST_STEP][PASSED] - x = x + "/" + z: null

18-11-2024T02:50:22 - [TEST_STEP][PASSED] - z = getText(findTestObject(path + path2 + "Факт Отпуск в сеть за отчётный период " + dZONum)).replaceAll("\s+", ""): Text of object 'Object Repository/Выполнение бизнес-плана/Выполнение бизнес-плана Балансы/Значения со страницы Выполнение бизнес-плана/Table Data/Факт Отпуск в сеть за отчётный период 2' is: '572 217'

18-11-2024T02:50:23 - [MESSAGE][PASSED] - Text of object 'Object Repository/Выполнение бизнес-плана/Выполнение бизнес-плана Балансы/Значения со страницы Выполнение бизнес-плана/Table Data/Факт Отпуск в сеть за отчётный период 2' is: '572 217'

18-11-2024T02:50:23 - [TEST_STEP][PASSED] - x = x + "/" + z: null

18-11-2024T02:50:23 - [TEST_STEP][PASSED] - z = getText(findTestObject(path + path2 + "Факт Отпуск из сети за отчётный период " + dZONum)).replaceAll("\s+", ""): Text of object 'Object Repository/Выполнение бизнес-плана/Выполнение бизнес-плана Балансы/Значения со страницы Выполнение бизнес-плана/Table Data/Факт Отпуск из сети за отчётный период 2' is: '452 291'

18-11-2024T02:50:23 - [MESSAGE][PASSED] - Text of object 'Object Repository/Выполнение бизнес-плана/Выполнение бизнес-плана Балансы/Значения со страницы Выполнение бизнес-плана/Table Data/Факт Отпуск из сети за отчётный период 2' is: '452 291'

18-11-2024T02:50:23 - [TEST_STEP][PASSED] - x = x + "/" + z: null

18-11-2024T02:50:23 - [TEST_STEP][PASSED] - z = getText(findTestObject(path + path2 + "Факт Потери за отчётный период " + dZONum)).replaceAll("\s+", ""): Text of object 'Object Repository/Выполнение бизнес-плана/Выполнение бизнес-плана Балансы/Значения со страницы Выполнение бизнес-плана/Table Data/Факт Потери за отчётный период 2' is: '119 926'

18-11-2024T02:50:23 - [MESSAGE][PASSED] - Text of object 'Object Repository/Выполнение бизнес-плана/Выполнение бизнес-плана Балансы/Значения со страницы Выполнение бизнес-плана/Table Data/Факт Потери за отчётный период 2' is: '119 926'

18-11-2024T02:50:23 - [TEST_STEP][PASSED] - x = x + "/" + z: null

18-11-2024T02:50:23 - [TEST_STEP][PASSED] - z = getText(findTestObject(path + path2 + "План Отпуск в сеть за отчётный период " + dZONum)).replaceAll("\s+", ""): Text of object 'Object Repository/Выполнение бизнес-плана/Выполнение бизнес-плана Балансы/Значения со страницы Выполнение бизнес-плана/Table Data/План Отпуск в сеть за отчётный период 2' is: '544 127'

18-11-2024T02:50:24 - [MESSAGE][PASSED] - Text of object 'Object Repository/Выполнение бизнес-плана/Выполнение бизнес-плана Балансы/Значения со страницы Выполнение бизнес-плана/Table Data/План Отпуск в сеть за отчётный период 2' is: '544 127'

18-11-2024T02:50:24 - [TEST_STEP][PASSED] - x = x + "/" + z: null

18-11-2024T02:50:24 - [TEST_STEP][PASSED] - z = getText(findTestObject(path + path2 + "План Отпуск из сети за отчётный период " + dZONum)).replaceAll("\s+", ""): Text of object 'Object Repository/Выполнение бизнес-плана/Выполнение бизнес-плана Балансы/Значения со страницы Выполнение бизнес-плана/Table Data/План Отпуск из сети за отчётный период 2' is: '429 681'

18-11-2024T02:50:24 - [MESSAGE][PASSED] - Text of object 'Object Repository/Выполнение бизнес-плана/Выполнение бизнес-плана Балансы/Значения со страницы Выполнение бизнес-плана/Table Data/План Отпуск из сети за отчётный период 2' is: '429 681'

18-11-2024T02:50:24 - [TEST_STEP][PASSED] - x = x + "/" + z: null

18-11-2024T02:50:24 - [TEST_STEP][PASSED] - z = getText(findTestObject(path + path2 + "План Потери за отчётный период " + dZONum)).replaceAll("\s+", ""): Text of object 'Object Repository/Выполнение бизнес-плана/Выполнение бизнес-плана Балансы/Значения со страницы Выполнение бизнес-плана/Table Data/План Потери за отчётный период 2' is: '114 446'

18-11-2024T02:50:24 - [MESSAGE][PASSED] - Text of object 'Object Repository/Выполнение бизнес-плана/Выполнение бизнес-плана Балансы/Значения со страницы Выполнение бизнес-плана/Table Data/План Потери за отчётный период 2' is: '114 446'

18-11-2024T02:50:24 - [TEST_STEP][PASSED] - x = x + "/" + z: null

18-11-2024T02:50:24 - [TEST_STEP][PASSED] - z = getText(findTestObject(path + "Список ДЗО")).replaceAll("[\r?
|
]", "/"): Text of object 'Object Repository/Выполнение бизнес-плана/Выполнение бизнес-плана Балансы/Список ДЗО' is: '-0.20
-0.07
3.72
-0.35
-0.53
-0.04
-0.01
3.84
-0.35
-0.05
-0.00
0.09
-0.15
-0.51
-0.25
-0.39
-0.20
Россети ФСКЕЭС
АО«Тываэнерго»
АО«Чеченэнерго»
РоссетиВолга
РоссетиКубань
РоссетиЛенэнерго(ГК)
РоссетиМосковскийрегион
РоссетиСеверныйКавказ
РоссетиСеверо-Запад
РоссетиСибирь
РоссетиТомск
РоссетиТюмень
Россети Урал(ГК)
РоссетиЦентр (ГК)
РоссетиЦентр иПриволжье(ГК)
Россети Юг(ГК)
РоссетиЯнтарь
0
2
4
6
-2
8'

18-11-2024T02:50:24 - [MESSAGE][PASSED] - Text of object 'Object Repository/Выполнение бизнес-плана/Выполнение бизнес-плана Балансы/Список ДЗО' is: '-0.20
-0.07
3.72
-0.35
-0.53
-0.04
-0.01
3.84
-0.35
-0.05
-0.00
0.09
-0.15
-0.51
-0.25
-0.39
-0.20
Россети ФСКЕЭС
АО«Тываэнерго»
АО«Чеченэнерго»
РоссетиВолга
РоссетиКубань
РоссетиЛенэнерго(ГК)
РоссетиМосковскийрегион
РоссетиСеверныйКавказ
РоссетиСеверо-Запад
РоссетиСибирь
РоссетиТомск
РоссетиТюмень
Россети Урал(ГК)
РоссетиЦентр (ГК)
РоссетиЦентр иПриволжье(ГК)
Россети Юг(ГК)
РоссетиЯнтарь
0
2
4
6
-2
8'

18-11-2024T02:50:24 - [TEST_STEP][PASSED] - for ([ii = 1, ii < dZONum, (ii++)]): null

18-11-2024T02:50:24 - [TEST_STEP][PASSED] - i1 = z.indexOf("/") + 1: null

18-11-2024T02:50:24 - [TEST_STEP][PASSED] - if (i1 > -1): null

18-11-2024T02:50:24 - [TEST_STEP][PASSED] - z = z.substring(i1, z.length()): null

18-11-2024T02:50:24 - [TEST_STEP][PASSED] - i1 = z.indexOf("/"): null

18-11-2024T02:50:24 - [TEST_STEP][PASSED] - i1 = z.indexOf("/"): null

18-11-2024T02:50:24 - [TEST_STEP][PASSED] - if (i1 > -1): null

18-11-2024T02:50:24 - [TEST_STEP][PASSED] - z = z.substring(0, i1): null

18-11-2024T02:50:24 - [TEST_STEP][PASSED] - z = z.replace(",", "."): null

18-11-2024T02:50:24 - [TEST_STEP][PASSED] - println(z): null

18-11-2024T02:50:24 - [TEST_STEP][PASSED] - x = x + "/" + z: null

18-11-2024T02:50:24 - [TEST_STEP][PASSED] - x = x.replaceAll("[\r?
|
]", ""): null

18-11-2024T02:50:24 - [TEST_STEP][PASSED] - println(x): null

18-11-2024T02:50:24 - [TEST_STEP][PASSED] - return x: null

18-11-2024T02:50:24 - [TEST_STEP][PASSED] - println("tyB: " + tyB): null

18-11-2024T02:50:24 - [TEST_STEP][PASSED] - i = VseDZO.indexOf("Чеченэнерго"): null

18-11-2024T02:50:24 - [TEST_STEP][PASSED] - if (i > -1): null

18-11-2024T02:50:24 - [TEST_STEP][PASSED] - dZONum = dZONum + 1: null

18-11-2024T02:50:24 - [TEST_STEP][PASSED] - chB = GetAllData(path, dZONum, VseDZO, x = "АО "Чеченэнерго"/"): null

18-11-2024T02:50:24 - [TEST_STEP][PASSED] - ii = <not implemented yet for class: org.codehaus.groovy.ast.expr.EmptyExpression>: null

18-11-2024T02:50:24 - [TEST_STEP][PASSED] - i1 = <not implemented yet for class: org.codehaus.groovy.ast.expr.EmptyExpression>: null

18-11-2024T02:50:24 - [TEST_STEP][PASSED] - z = <not implemented yet for class: org.codehaus.groovy.ast.expr.EmptyExpression>: null

18-11-2024T02:50:24 - [TEST_STEP][PASSED] - path2 = "Значения со страницы Выполнение бизнес-плана/Table Data/": null

18-11-2024T02:50:24 - [TEST_STEP][PASSED] - println("path: " + path): null

18-11-2024T02:50:24 - [TEST_STEP][PASSED] - println("dZONum: " + dZONum): null

18-11-2024T02:50:24 - [TEST_STEP][PASSED] - z = getText(findTestObject(path + "spanPlan" + dZONum)): Text of object 'Object Repository/Выполнение бизнес-плана/Выполнение бизнес-плана Балансы/spanPlan3' is: '32.87'

18-11-2024T02:50:25 - [MESSAGE][PASSED] - Text of object 'Object Repository/Выполнение бизнес-плана/Выполнение бизнес-плана Балансы/spanPlan3' is: '32.87'

18-11-2024T02:50:25 - [TEST_STEP][PASSED] - println(z): null

18-11-2024T02:50:25 - [TEST_STEP][PASSED] - ii = z.indexOf("|"): null

18-11-2024T02:50:25 - [TEST_STEP][PASSED] - if (ii > -1): null

18-11-2024T02:50:25 - [TEST_STEP][PASSED] - z = z.replaceAll("\s+", ""): null

18-11-2024T02:50:25 - [TEST_STEP][PASSED] - z = z.replace("[\r?
|
]", "/"): null

18-11-2024T02:50:25 - [TEST_STEP][PASSED] - println(z): null

18-11-2024T02:50:25 - [TEST_STEP][PASSED] - x = x + z: null

18-11-2024T02:50:25 - [TEST_STEP][PASSED] - z = getText(findTestObject(path + "spanFact" + dZONum)): Text of object 'Object Repository/Выполнение бизнес-плана/Выполнение бизнес-плана Балансы/spanFact3' is: '36.59
|'

18-11-2024T02:50:25 - [MESSAGE][PASSED] - Text of object 'Object Repository/Выполнение бизнес-плана/Выполнение бизнес-плана Балансы/spanFact3' is: '36.59
|'

18-11-2024T02:50:25 - [TEST_STEP][PASSED] - ii = z.indexOf("|"): null

18-11-2024T02:50:25 - [TEST_STEP][PASSED] - if (ii > -1): null

18-11-2024T02:50:25 - [TEST_STEP][PASSED] - z = length() - 1).replace("[\r?
|
]", "/"): null

18-11-2024T02:50:25 - [TEST_STEP][PASSED] - x = x + "/" + z: null

18-11-2024T02:50:25 - [TEST_STEP][PASSED] - z = getText(findTestObject(path + path2 + "Факт Отпуск в сеть за отчётный период " + dZONum)).replaceAll("\s+", ""): Text of object 'Object Repository/Выполнение бизнес-плана/Выполнение бизнес-плана Балансы/Значения со страницы Выполнение бизнес-плана/Table Data/Факт Отпуск в сеть за отчётный период 3' is: '3 034 612'

18-11-2024T02:50:25 - [MESSAGE][PASSED] - Text of object 'Object Repository/Выполнение бизнес-плана/Выполнение бизнес-плана Балансы/Значения со страницы Выполнение бизнес-плана/Table Data/Факт Отпуск в сеть за отчётный период 3' is: '3 034 612'

18-11-2024T02:50:25 - [TEST_STEP][PASSED] - x = x + "/" + z: null

18-11-2024T02:50:25 - [TEST_STEP][PASSED] - z = getText(findTestObject(path + path2 + "Факт Отпуск из сети за отчётный период " + dZONum)).replaceAll("\s+", ""): Text of object 'Object Repository/Выполнение бизнес-плана/Выполнение бизнес-плана Балансы/Значения со страницы Выполнение бизнес-плана/Table Data/Факт Отпуск из сети за отчётный период 3' is: '1 924 288'

18-11-2024T02:50:26 - [MESSAGE][PASSED] - Text of object 'Object Repository/Выполнение бизнес-плана/Выполнение бизнес-плана Балансы/Значения со страницы Выполнение бизнес-плана/Table Data/Факт Отпуск из сети за отчётный период 3' is: '1 924 288'

18-11-2024T02:50:26 - [TEST_STEP][PASSED] - x = x + "/" + z: null

18-11-2024T02:50:26 - [TEST_STEP][PASSED] - z = getText(findTestObject(path + path2 + "Факт Потери за отчётный период " + dZONum)).replaceAll("\s+", ""): Text of object 'Object Repository/Выполнение бизнес-плана/Выполнение бизнес-плана Балансы/Значения со страницы Выполнение бизнес-плана/Table Data/Факт Потери за отчётный период 3' is: '1 110 325'

18-11-2024T02:50:26 - [MESSAGE][PASSED] - Text of object 'Object Repository/Выполнение бизнес-плана/Выполнение бизнес-плана Балансы/Значения со страницы Выполнение бизнес-плана/Table Data/Факт Потери за отчётный период 3' is: '1 110 325'

18-11-2024T02:50:26 - [TEST_STEP][PASSED] - x = x + "/" + z: null

18-11-2024T02:50:26 - [TEST_STEP][PASSED] - z = getText(findTestObject(path + path2 + "План Отпуск в сеть за отчётный период " + dZONum)).replaceAll("\s+", ""): Text of object 'Object Repository/Выполнение бизнес-плана/Выполнение бизнес-плана Балансы/Значения со страницы Выполнение бизнес-плана/Table Data/План Отпуск в сеть за отчётный период 3' is: '2 822 152'

18-11-2024T02:50:26 - [MESSAGE][PASSED] - Text of object 'Object Repository/Выполнение бизнес-плана/Выполнение бизнес-плана Балансы/Значения со страницы Выполнение бизнес-плана/Table Data/План Отпуск в сеть за отчётный период 3' is: '2 822 152'

18-11-2024T02:50:26 - [TEST_STEP][PASSED] - x = x + "/" + z: null

18-11-2024T02:50:26 - [TEST_STEP][PASSED] - z = getText(findTestObject(path + path2 + "План Отпуск из сети за отчётный период " + dZONum)).replaceAll("\s+", ""): Text of object 'Object Repository/Выполнение бизнес-плана/Выполнение бизнес-плана Балансы/Значения со страницы Выполнение бизнес-плана/Table Data/План Отпуск из сети за отчётный период 3' is: '1 894 447'

18-11-2024T02:50:27 - [MESSAGE][PASSED] - Text of object 'Object Repository/Выполнение бизнес-плана/Выполнение бизнес-плана Балансы/Значения со страницы Выполнение бизнес-плана/Table Data/План Отпуск из сети за отчётный период 3' is: '1 894 447'

18-11-2024T02:50:27 - [TEST_STEP][PASSED] - x = x + "/" + z: null

18-11-2024T02:50:27 - [TEST_STEP][PASSED] - z = getText(findTestObject(path + path2 + "План Потери за отчётный период " + dZONum)).replaceAll("\s+", ""): Text of object 'Object Repository/Выполнение бизнес-плана/Выполнение бизнес-плана Балансы/Значения со страницы Выполнение бизнес-плана/Table Data/План Потери за отчётный период 3' is: '927 705'

18-11-2024T02:50:27 - [MESSAGE][PASSED] - Text of object 'Object Repository/Выполнение бизнес-плана/Выполнение бизнес-плана Балансы/Значения со страницы Выполнение бизнес-плана/Table Data/План Потери за отчётный период 3' is: '927 705'

18-11-2024T02:50:27 - [TEST_STEP][PASSED] - x = x + "/" + z: null

18-11-2024T02:50:27 - [TEST_STEP][PASSED] - z = getText(findTestObject(path + "Список ДЗО")).replaceAll("[\r?
|
]", "/"): Text of object 'Object Repository/Выполнение бизнес-плана/Выполнение бизнес-плана Балансы/Список ДЗО' is: '-0.20
-0.07
3.72
-0.35
-0.53
-0.04
-0.01
3.84
-0.35
-0.05
-0.00
0.09
-0.15
-0.51
-0.25
-0.39
-0.20
Россети ФСКЕЭС
АО«Тываэнерго»
АО«Чеченэнерго»
РоссетиВолга
РоссетиКубань
РоссетиЛенэнерго(ГК)
РоссетиМосковскийрегион
РоссетиСеверныйКавказ
РоссетиСеверо-Запад
РоссетиСибирь
РоссетиТомск
РоссетиТюмень
Россети Урал(ГК)
РоссетиЦентр (ГК)
РоссетиЦентр иПриволжье(ГК)
Россети Юг(ГК)
РоссетиЯнтарь
0
2
4
6
-2
8'

18-11-2024T02:50:27 - [MESSAGE][PASSED] - Text of object 'Object Repository/Выполнение бизнес-плана/Выполнение бизнес-плана Балансы/Список ДЗО' is: '-0.20
-0.07
3.72
-0.35
-0.53
-0.04
-0.01
3.84
-0.35
-0.05
-0.00
0.09
-0.15
-0.51
-0.25
-0.39
-0.20
Россети ФСКЕЭС
АО«Тываэнерго»
АО«Чеченэнерго»
РоссетиВолга
РоссетиКубань
РоссетиЛенэнерго(ГК)
РоссетиМосковскийрегион
РоссетиСеверныйКавказ
РоссетиСеверо-Запад
РоссетиСибирь
РоссетиТомск
РоссетиТюмень
Россети Урал(ГК)
РоссетиЦентр (ГК)
РоссетиЦентр иПриволжье(ГК)
Россети Юг(ГК)
РоссетиЯнтарь
0
2
4
6
-2
8'

18-11-2024T02:50:27 - [TEST_STEP][PASSED] - for ([ii = 1, ii < dZONum, (ii++)]): null

18-11-2024T02:50:27 - [TEST_STEP][PASSED] - i1 = z.indexOf("/") + 1: null

18-11-2024T02:50:27 - [TEST_STEP][PASSED] - if (i1 > -1): null

18-11-2024T02:50:27 - [TEST_STEP][PASSED] - z = z.substring(i1, z.length()): null

18-11-2024T02:50:27 - [TEST_STEP][PASSED] - i1 = z.indexOf("/"): null

18-11-2024T02:50:27 - [TEST_STEP][PASSED] - i1 = z.indexOf("/") + 1: null

18-11-2024T02:50:27 - [TEST_STEP][PASSED] - if (i1 > -1): null

18-11-2024T02:50:27 - [TEST_STEP][PASSED] - z = z.substring(i1, z.length()): null

18-11-2024T02:50:27 - [TEST_STEP][PASSED] - i1 = z.indexOf("/"): null

18-11-2024T02:50:27 - [TEST_STEP][PASSED] - i1 = z.indexOf("/"): null

18-11-2024T02:50:27 - [TEST_STEP][PASSED] - if (i1 > -1): null

18-11-2024T02:50:27 - [TEST_STEP][PASSED] - z = z.substring(0, i1): null

18-11-2024T02:50:27 - [TEST_STEP][PASSED] - z = z.replace(",", "."): null

18-11-2024T02:50:27 - [TEST_STEP][PASSED] - println(z): null

18-11-2024T02:50:27 - [TEST_STEP][PASSED] - x = x + "/" + z: null

18-11-2024T02:50:27 - [TEST_STEP][PASSED] - x = x.replaceAll("[\r?
|
]", ""): null

18-11-2024T02:50:27 - [TEST_STEP][PASSED] - println(x): null

18-11-2024T02:50:27 - [TEST_STEP][PASSED] - return x: null

18-11-2024T02:50:27 - [TEST_STEP][PASSED] - println("chB: " + chB): null

18-11-2024T02:50:27 - [TEST_STEP][PASSED] - i = VseDZO.indexOf("Волга"): null

18-11-2024T02:50:27 - [TEST_STEP][PASSED] - if (i > -1): null

18-11-2024T02:50:27 - [TEST_STEP][PASSED] - dZONum = dZONum + 1: null

18-11-2024T02:50:27 - [TEST_STEP][PASSED] - vB = GetAllData(path, dZONum, VseDZO, x = "Россети Волга/"): null

18-11-2024T02:50:27 - [TEST_STEP][PASSED] - ii = <not implemented yet for class: org.codehaus.groovy.ast.expr.EmptyExpression>: null

18-11-2024T02:50:27 - [TEST_STEP][PASSED] - i1 = <not implemented yet for class: org.codehaus.groovy.ast.expr.EmptyExpression>: null

18-11-2024T02:50:27 - [TEST_STEP][PASSED] - z = <not implemented yet for class: org.codehaus.groovy.ast.expr.EmptyExpression>: null

18-11-2024T02:50:27 - [TEST_STEP][PASSED] - path2 = "Значения со страницы Выполнение бизнес-плана/Table Data/": null

18-11-2024T02:50:27 - [TEST_STEP][PASSED] - println("path: " + path): null

18-11-2024T02:50:27 - [TEST_STEP][PASSED] - println("dZONum: " + dZONum): null

18-11-2024T02:50:27 - [TEST_STEP][PASSED] - z = getText(findTestObject(path + "spanPlan" + dZONum)): Text of object 'Object Repository/Выполнение бизнес-плана/Выполнение бизнес-плана Балансы/spanPlan4' is: '5.30
|'

18-11-2024T02:50:28 - [MESSAGE][PASSED] - Text of object 'Object Repository/Выполнение бизнес-плана/Выполнение бизнес-плана Балансы/spanPlan4' is: '5.30
|'

18-11-2024T02:50:28 - [TEST_STEP][PASSED] - println(z): null

18-11-2024T02:50:28 - [TEST_STEP][PASSED] - ii = z.indexOf("|"): null

18-11-2024T02:50:28 - [TEST_STEP][PASSED] - if (ii > -1): null

18-11-2024T02:50:28 - [TEST_STEP][PASSED] - z = z.substring(0, z.length() - 1): null

18-11-2024T02:50:28 - [TEST_STEP][PASSED] - println(z): null

18-11-2024T02:50:28 - [TEST_STEP][PASSED] - z = z.replaceAll("\s+", ""): null

18-11-2024T02:50:28 - [TEST_STEP][PASSED] - z = z.replace("[\r?
|
]", "/"): null

18-11-2024T02:50:28 - [TEST_STEP][PASSED] - println(z): null

18-11-2024T02:50:28 - [TEST_STEP][PASSED] - x = x + z: null

18-11-2024T02:50:28 - [TEST_STEP][PASSED] - z = getText(findTestObject(path + "spanFact" + dZONum)): Text of object 'Object Repository/Выполнение бизнес-плана/Выполнение бизнес-плана Балансы/spanFact4' is: '4.94'

18-11-2024T02:50:28 - [MESSAGE][PASSED] - Text of object 'Object Repository/Выполнение бизнес-плана/Выполнение бизнес-плана Балансы/spanFact4' is: '4.94'

18-11-2024T02:50:28 - [TEST_STEP][PASSED] - ii = z.indexOf("|"): null

18-11-2024T02:50:28 - [TEST_STEP][PASSED] - if (ii > -1): null

18-11-2024T02:50:28 - [TEST_STEP][PASSED] - x = x + "/" + z: null

18-11-2024T02:50:28 - [TEST_STEP][PASSED] - z = getText(findTestObject(path + path2 + "Факт Отпуск в сеть за отчётный период " + dZONum)).replaceAll("\s+", ""): Text of object 'Object Repository/Выполнение бизнес-плана/Выполнение бизнес-плана Балансы/Значения со страницы Выполнение бизнес-плана/Table Data/Факт Отпуск в сеть за отчётный период 4' is: '39 713 494'

18-11-2024T02:50:28 - [MESSAGE][PASSED] - Text of object 'Object Repository/Выполнение бизнес-плана/Выполнение бизнес-плана Балансы/Значения со страницы Выполнение бизнес-плана/Table Data/Факт Отпуск в сеть за отчётный период 4' is: '39 713 494'

18-11-2024T02:50:28 - [TEST_STEP][PASSED] - x = x + "/" + z: null

18-11-2024T02:50:28 - [TEST_STEP][PASSED] - z = getText(findTestObject(path + path2 + "Факт Отпуск из сети за отчётный период " + dZONum)).replaceAll("\s+", ""): Text of object 'Object Repository/Выполнение бизнес-плана/Выполнение бизнес-плана Балансы/Значения со страницы Выполнение бизнес-плана/Table Data/Факт Отпуск из сети за отчётный период 4' is: '37 749 852'

18-11-2024T02:50:28 - [MESSAGE][PASSED] - Text of object 'Object Repository/Выполнение бизнес-плана/Выполнение бизнес-плана Балансы/Значения со страницы Выполнение бизнес-плана/Table Data/Факт Отпуск из сети за отчётный период 4' is: '37 749 852'

18-11-2024T02:50:28 - [TEST_STEP][PASSED] - x = x + "/" + z: null

18-11-2024T02:50:28 - [TEST_STEP][PASSED] - z = getText(findTestObject(path + path2 + "Факт Потери за отчётный период " + dZONum)).replaceAll("\s+", ""): Text of object 'Object Repository/Выполнение бизнес-плана/Выполнение бизнес-плана Балансы/Значения со страницы Выполнение бизнес-плана/Table Data/Факт Потери за отчётный период 4' is: '1 963 642'

18-11-2024T02:50:29 - [MESSAGE][PASSED] - Text of object 'Object Repository/Выполнение бизнес-плана/Выполнение бизнес-плана Балансы/Значения со страницы Выполнение бизнес-плана/Table Data/Факт Потери за отчётный период 4' is: '1 963 642'

18-11-2024T02:50:29 - [TEST_STEP][PASSED] - x = x + "/" + z: null

18-11-2024T02:50:29 - [TEST_STEP][PASSED] - z = getText(findTestObject(path + path2 + "План Отпуск в сеть за отчётный период " + dZONum)).replaceAll("\s+", ""): Text of object 'Object Repository/Выполнение бизнес-плана/Выполнение бизнес-плана Балансы/Значения со страницы Выполнение бизнес-плана/Table Data/План Отпуск в сеть за отчётный период 4' is: '39 342 452'

18-11-2024T02:50:29 - [MESSAGE][PASSED] - Text of object 'Object Repository/Выполнение бизнес-плана/Выполнение бизнес-плана Балансы/Значения со страницы Выполнение бизнес-плана/Table Data/План Отпуск в сеть за отчётный период 4' is: '39 342 452'

18-11-2024T02:50:29 - [TEST_STEP][PASSED] - x = x + "/" + z: null

18-11-2024T02:50:29 - [TEST_STEP][PASSED] - z = getText(findTestObject(path + path2 + "План Отпуск из сети за отчётный период " + dZONum)).replaceAll("\s+", ""): Text of object 'Object Repository/Выполнение бизнес-плана/Выполнение бизнес-плана Балансы/Значения со страницы Выполнение бизнес-плана/Table Data/План Отпуск из сети за отчётный период 4' is: '37 241 048'

18-11-2024T02:50:29 - [MESSAGE][PASSED] - Text of object 'Object Repository/Выполнение бизнес-плана/Выполнение бизнес-плана Балансы/Значения со страницы Выполнение бизнес-плана/Table Data/План Отпуск из сети за отчётный период 4' is: '37 241 048'

18-11-2024T02:50:29 - [TEST_STEP][PASSED] - x = x + "/" + z: null

18-11-2024T02:50:29 - [TEST_STEP][PASSED] - z = getText(findTestObject(path + path2 + "План Потери за отчётный период " + dZONum)).replaceAll("\s+", ""): Text of object 'Object Repository/Выполнение бизнес-плана/Выполнение бизнес-плана Балансы/Значения со страницы Выполнение бизнес-плана/Table Data/План Потери за отчётный период 4' is: '2 101 404'

18-11-2024T02:50:30 - [MESSAGE][PASSED] - Text of object 'Object Repository/Выполнение бизнес-плана/Выполнение бизнес-плана Балансы/Значения со страницы Выполнение бизнес-плана/Table Data/План Потери за отчётный период 4' is: '2 101 404'

18-11-2024T02:50:30 - [TEST_STEP][PASSED] - x = x + "/" + z: null

18-11-2024T02:50:30 - [TEST_STEP][PASSED] - z = getText(findTestObject(path + "Список ДЗО")).replaceAll("[\r?
|
]", "/"): Text of object 'Object Repository/Выполнение бизнес-плана/Выполнение бизнес-плана Балансы/Список ДЗО' is: '-0.20
-0.07
3.72
-0.35
-0.53
-0.04
-0.01
3.84
-0.35
-0.05
-0.00
0.09
-0.15
-0.51
-0.25
-0.39
-0.20
Россети ФСКЕЭС
АО«Тываэнерго»
АО«Чеченэнерго»
РоссетиВолга
РоссетиКубань
РоссетиЛенэнерго(ГК)
РоссетиМосковскийрегион
РоссетиСеверныйКавказ
РоссетиСеверо-Запад
РоссетиСибирь
РоссетиТомск
РоссетиТюмень
Россети Урал(ГК)
РоссетиЦентр (ГК)
РоссетиЦентр иПриволжье(ГК)
Россети Юг(ГК)
РоссетиЯнтарь
0
2
4
6
-2
8'

18-11-2024T02:50:30 - [MESSAGE][PASSED] - Text of object 'Object Repository/Выполнение бизнес-плана/Выполнение бизнес-плана Балансы/Список ДЗО' is: '-0.20
-0.07
3.72
-0.35
-0.53
-0.04
-0.01
3.84
-0.35
-0.05
-0.00
0.09
-0.15
-0.51
-0.25
-0.39
-0.20
Россети ФСКЕЭС
АО«Тываэнерго»
АО«Чеченэнерго»
РоссетиВолга
РоссетиКубань
РоссетиЛенэнерго(ГК)
РоссетиМосковскийрегион
РоссетиСеверныйКавказ
РоссетиСеверо-Запад
РоссетиСибирь
РоссетиТомск
РоссетиТюмень
Россети Урал(ГК)
РоссетиЦентр (ГК)
РоссетиЦентр иПриволжье(ГК)
Россети Юг(ГК)
РоссетиЯнтарь
0
2
4
6
-2
8'

18-11-2024T02:50:30 - [TEST_STEP][PASSED] - for ([ii = 1, ii < dZONum, (ii++)]): null

18-11-2024T02:50:30 - [TEST_STEP][PASSED] - i1 = z.indexOf("/") + 1: null

18-11-2024T02:50:30 - [TEST_STEP][PASSED] - if (i1 > -1): null

18-11-2024T02:50:30 - [TEST_STEP][PASSED] - z = z.substring(i1, z.length()): null

18-11-2024T02:50:30 - [TEST_STEP][PASSED] - i1 = z.indexOf("/"): null

18-11-2024T02:50:30 - [TEST_STEP][PASSED] - i1 = z.indexOf("/") + 1: null

18-11-2024T02:50:30 - [TEST_STEP][PASSED] - if (i1 > -1): null

18-11-2024T02:50:30 - [TEST_STEP][PASSED] - z = z.substring(i1, z.length()): null

18-11-2024T02:50:30 - [TEST_STEP][PASSED] - i1 = z.indexOf("/"): null

18-11-2024T02:50:30 - [TEST_STEP][PASSED] - i1 = z.indexOf("/") + 1: null

18-11-2024T02:50:30 - [TEST_STEP][PASSED] - if (i1 > -1): null

18-11-2024T02:50:30 - [TEST_STEP][PASSED] - z = z.substring(i1, z.length()): null

18-11-2024T02:50:30 - [TEST_STEP][PASSED] - i1 = z.indexOf("/"): null

18-11-2024T02:50:30 - [TEST_STEP][PASSED] - i1 = z.indexOf("/"): null

18-11-2024T02:50:30 - [TEST_STEP][PASSED] - if (i1 > -1): null

18-11-2024T02:50:30 - [TEST_STEP][PASSED] - z = z.substring(0, i1): null

18-11-2024T02:50:30 - [TEST_STEP][PASSED] - z = z.replace(",", "."): null

18-11-2024T02:50:30 - [TEST_STEP][PASSED] - println(z): null

18-11-2024T02:50:30 - [TEST_STEP][PASSED] - x = x + "/" + z: null

18-11-2024T02:50:30 - [TEST_STEP][PASSED] - x = x.replaceAll("[\r?
|
]", ""): null

18-11-2024T02:50:30 - [TEST_STEP][PASSED] - println(x): null

18-11-2024T02:50:30 - [TEST_STEP][PASSED] - return x: null

18-11-2024T02:50:30 - [TEST_STEP][PASSED] - println("vB: " + vB): null

18-11-2024T02:50:30 - [TEST_STEP][PASSED] - i = VseDZO.indexOf("Кубань"): null

18-11-2024T02:50:30 - [TEST_STEP][PASSED] - if (i > -1): null

18-11-2024T02:50:30 - [TEST_STEP][PASSED] - dZONum = dZONum + 1: null

18-11-2024T02:50:30 - [TEST_STEP][PASSED] - kB = GetAllData(path, dZONum, VseDZO, x = "Россети Кубань/"): null

18-11-2024T02:50:30 - [TEST_STEP][PASSED] - ii = <not implemented yet for class: org.codehaus.groovy.ast.expr.EmptyExpression>: null

18-11-2024T02:50:30 - [TEST_STEP][PASSED] - i1 = <not implemented yet for class: org.codehaus.groovy.ast.expr.EmptyExpression>: null

18-11-2024T02:50:30 - [TEST_STEP][PASSED] - z = <not implemented yet for class: org.codehaus.groovy.ast.expr.EmptyExpression>: null

18-11-2024T02:50:30 - [TEST_STEP][PASSED] - path2 = "Значения со страницы Выполнение бизнес-плана/Table Data/": null

18-11-2024T02:50:30 - [TEST_STEP][PASSED] - println("path: " + path): null

18-11-2024T02:50:30 - [TEST_STEP][PASSED] - println("dZONum: " + dZONum): null

18-11-2024T02:50:30 - [TEST_STEP][PASSED] - z = getText(findTestObject(path + "spanPlan" + dZONum)): Text of object 'Object Repository/Выполнение бизнес-плана/Выполнение бизнес-плана Балансы/spanPlan5' is: '9.22
|'

18-11-2024T02:50:30 - [MESSAGE][PASSED] - Text of object 'Object Repository/Выполнение бизнес-плана/Выполнение бизнес-плана Балансы/spanPlan5' is: '9.22
|'

18-11-2024T02:50:30 - [TEST_STEP][PASSED] - println(z): null

18-11-2024T02:50:30 - [TEST_STEP][PASSED] - ii = z.indexOf("|"): null

18-11-2024T02:50:30 - [TEST_STEP][PASSED] - if (ii > -1): null

18-11-2024T02:50:30 - [TEST_STEP][PASSED] - z = z.substring(0, z.length() - 1): null

18-11-2024T02:50:30 - [TEST_STEP][PASSED] - println(z): null

18-11-2024T02:50:30 - [TEST_STEP][PASSED] - z = z.replaceAll("\s+", ""): null

18-11-2024T02:50:30 - [TEST_STEP][PASSED] - z = z.replace("[\r?
|
]", "/"): null

18-11-2024T02:50:30 - [TEST_STEP][PASSED] - println(z): null

18-11-2024T02:50:30 - [TEST_STEP][PASSED] - x = x + z: null

18-11-2024T02:50:30 - [TEST_STEP][PASSED] - z = getText(findTestObject(path + "spanFact" + dZONum)): Text of object 'Object Repository/Выполнение бизнес-плана/Выполнение бизнес-плана Балансы/spanFact5' is: '8.68'

18-11-2024T02:50:31 - [MESSAGE][PASSED] - Text of object 'Object Repository/Выполнение бизнес-плана/Выполнение бизнес-плана Балансы/spanFact5' is: '8.68'

18-11-2024T02:50:31 - [TEST_STEP][PASSED] - ii = z.indexOf("|"): null

18-11-2024T02:50:31 - [TEST_STEP][PASSED] - if (ii > -1): null

18-11-2024T02:50:31 - [TEST_STEP][PASSED] - x = x + "/" + z: null

18-11-2024T02:50:31 - [TEST_STEP][PASSED] - z = getText(findTestObject(path + path2 + "Факт Отпуск в сеть за отчётный период " + dZONum)).replaceAll("\s+", ""): Text of object 'Object Repository/Выполнение бизнес-плана/Выполнение бизнес-плана Балансы/Значения со страницы Выполнение бизнес-плана/Table Data/Факт Отпуск в сеть за отчётный период 5' is: '19 209 232'

18-11-2024T02:50:31 - [MESSAGE][PASSED] - Text of object 'Object Repository/Выполнение бизнес-плана/Выполнение бизнес-плана Балансы/Значения со страницы Выполнение бизнес-плана/Table Data/Факт Отпуск в сеть за отчётный период 5' is: '19 209 232'

18-11-2024T02:50:31 - [TEST_STEP][PASSED] - x = x + "/" + z: null

18-11-2024T02:50:31 - [TEST_STEP][PASSED] - z = getText(findTestObject(path + path2 + "Факт Отпуск из сети за отчётный период " + dZONum)).replaceAll("\s+", ""): Text of object 'Object Repository/Выполнение бизнес-плана/Выполнение бизнес-плана Балансы/Значения со страницы Выполнение бизнес-плана/Table Data/Факт Отпуск из сети за отчётный период 5' is: '17 541 196'

18-11-2024T02:50:31 - [MESSAGE][PASSED] - Text of object 'Object Repository/Выполнение бизнес-плана/Выполнение бизнес-плана Балансы/Значения со страницы Выполнение бизнес-плана/Table Data/Факт Отпуск из сети за отчётный период 5' is: '17 541 196'

18-11-2024T02:50:31 - [TEST_STEP][PASSED] - x = x + "/" + z: null

18-11-2024T02:50:31 - [TEST_STEP][PASSED] - z = getText(findTestObject(path + path2 + "Факт Потери за отчётный период " + dZONum)).replaceAll("\s+", ""): Text of object 'Object Repository/Выполнение бизнес-плана/Выполнение бизнес-плана Балансы/Значения со страницы Выполнение бизнес-плана/Table Data/Факт Потери за отчётный период 5' is: '1 668 036'

18-11-2024T02:50:31 - [MESSAGE][PASSED] - Text of object 'Object Repository/Выполнение бизнес-плана/Выполнение бизнес-плана Балансы/Значения со страницы Выполнение бизнес-плана/Table Data/Факт Потери за отчётный период 5' is: '1 668 036'

18-11-2024T02:50:31 - [TEST_STEP][PASSED] - x = x + "/" + z: null

18-11-2024T02:50:31 - [TEST_STEP][PASSED] - z = getText(findTestObject(path + path2 + "План Отпуск в сеть за отчётный период " + dZONum)).replaceAll("\s+", ""): Text of object 'Object Repository/Выполнение бизнес-плана/Выполнение бизнес-плана Балансы/Значения со страницы Выполнение бизнес-плана/Table Data/План Отпуск в сеть за отчётный период 5' is: '18 442 019'

18-11-2024T02:50:32 - [MESSAGE][PASSED] - Text of object 'Object Repository/Выполнение бизнес-плана/Выполнение бизнес-плана Балансы/Значения со страницы Выполнение бизнес-плана/Table Data/План Отпуск в сеть за отчётный период 5' is: '18 442 019'

18-11-2024T02:50:32 - [TEST_STEP][PASSED] - x = x + "/" + z: null

18-11-2024T02:50:32 - [TEST_STEP][PASSED] - z = getText(findTestObject(path + path2 + "План Отпуск из сети за отчётный период " + dZONum)).replaceAll("\s+", ""): Text of object 'Object Repository/Выполнение бизнес-плана/Выполнение бизнес-плана Балансы/Значения со страницы Выполнение бизнес-плана/Table Data/План Отпуск из сети за отчётный период 5' is: '16 742 025'

18-11-2024T02:50:32 - [MESSAGE][PASSED] - Text of object 'Object Repository/Выполнение бизнес-плана/Выполнение бизнес-плана Балансы/Значения со страницы Выполнение бизнес-плана/Table Data/План Отпуск из сети за отчётный период 5' is: '16 742 025'

18-11-2024T02:50:32 - [TEST_STEP][PASSED] - x = x + "/" + z: null

18-11-2024T02:50:32 - [TEST_STEP][PASSED] - z = getText(findTestObject(path + path2 + "План Потери за отчётный период " + dZONum)).replaceAll("\s+", ""): Text of object 'Object Repository/Выполнение бизнес-плана/Выполнение бизнес-плана Балансы/Значения со страницы Выполнение бизнес-плана/Table Data/План Потери за отчётный период 5' is: '1 699 994'

18-11-2024T02:50:32 - [MESSAGE][PASSED] - Text of object 'Object Repository/Выполнение бизнес-плана/Выполнение бизнес-плана Балансы/Значения со страницы Выполнение бизнес-плана/Table Data/План Потери за отчётный период 5' is: '1 699 994'

18-11-2024T02:50:32 - [TEST_STEP][PASSED] - x = x + "/" + z: null

18-11-2024T02:50:32 - [TEST_STEP][PASSED] - z = getText(findTestObject(path + "Список ДЗО")).replaceAll("[\r?
|
]", "/"): Text of object 'Object Repository/Выполнение бизнес-плана/Выполнение бизнес-плана Балансы/Список ДЗО' is: '-0.20
-0.07
3.72
-0.35
-0.53
-0.04
-0.01
3.84
-0.35
-0.05
-0.00
0.09
-0.15
-0.51
-0.25
-0.39
-0.20
Россети ФСКЕЭС
АО«Тываэнерго»
АО«Чеченэнерго»
РоссетиВолга
РоссетиКубань
РоссетиЛенэнерго(ГК)
РоссетиМосковскийрегион
РоссетиСеверныйКавказ
РоссетиСеверо-Запад
РоссетиСибирь
РоссетиТомск
РоссетиТюмень
Россети Урал(ГК)
РоссетиЦентр (ГК)
РоссетиЦентр иПриволжье(ГК)
Россети Юг(ГК)
РоссетиЯнтарь
0
2
4
6
-2
8'

18-11-2024T02:50:33 - [MESSAGE][PASSED] - Text of object 'Object Repository/Выполнение бизнес-плана/Выполнение бизнес-плана Балансы/Список ДЗО' is: '-0.20
-0.07
3.72
-0.35
-0.53
-0.04
-0.01
3.84
-0.35
-0.05
-0.00
0.09
-0.15
-0.51
-0.25
-0.39
-0.20
Россети ФСКЕЭС
АО«Тываэнерго»
АО«Чеченэнерго»
РоссетиВолга
РоссетиКубань
РоссетиЛенэнерго(ГК)
РоссетиМосковскийрегион
РоссетиСеверныйКавказ
РоссетиСеверо-Запад
РоссетиСибирь
РоссетиТомск
РоссетиТюмень
Россети Урал(ГК)
РоссетиЦентр (ГК)
РоссетиЦентр иПриволжье(ГК)
Россети Юг(ГК)
РоссетиЯнтарь
0
2
4
6
-2
8'

18-11-2024T02:50:33 - [TEST_STEP][PASSED] - for ([ii = 1, ii < dZONum, (ii++)]): null

18-11-2024T02:50:33 - [TEST_STEP][PASSED] - i1 = z.indexOf("/") + 1: null

18-11-2024T02:50:33 - [TEST_STEP][PASSED] - if (i1 > -1): null

18-11-2024T02:50:33 - [TEST_STEP][PASSED] - z = z.substring(i1, z.length()): null

18-11-2024T02:50:33 - [TEST_STEP][PASSED] - i1 = z.indexOf("/"): null

18-11-2024T02:50:33 - [TEST_STEP][PASSED] - i1 = z.indexOf("/") + 1: null

18-11-2024T02:50:33 - [TEST_STEP][PASSED] - if (i1 > -1): null

18-11-2024T02:50:33 - [TEST_STEP][PASSED] - z = z.substring(i1, z.length()): null

18-11-2024T02:50:33 - [TEST_STEP][PASSED] - i1 = z.indexOf("/"): null

18-11-2024T02:50:33 - [TEST_STEP][PASSED] - i1 = z.indexOf("/") + 1: null

18-11-2024T02:50:33 - [TEST_STEP][PASSED] - if (i1 > -1): null

18-11-2024T02:50:33 - [TEST_STEP][PASSED] - z = z.substring(i1, z.length()): null

18-11-2024T02:50:33 - [TEST_STEP][PASSED] - i1 = z.indexOf("/"): null

18-11-2024T02:50:33 - [TEST_STEP][PASSED] - i1 = z.indexOf("/") + 1: null

18-11-2024T02:50:33 - [TEST_STEP][PASSED] - if (i1 > -1): null

18-11-2024T02:50:33 - [TEST_STEP][PASSED] - z = z.substring(i1, z.length()): null

18-11-2024T02:50:33 - [TEST_STEP][PASSED] - i1 = z.indexOf("/"): null

18-11-2024T02:50:33 - [TEST_STEP][PASSED] - i1 = z.indexOf("/"): null

18-11-2024T02:50:33 - [TEST_STEP][PASSED] - if (i1 > -1): null

18-11-2024T02:50:33 - [TEST_STEP][PASSED] - z = z.substring(0, i1): null

18-11-2024T02:50:33 - [TEST_STEP][PASSED] - z = z.replace(",", "."): null

18-11-2024T02:50:33 - [TEST_STEP][PASSED] - println(z): null

18-11-2024T02:50:33 - [TEST_STEP][PASSED] - x = x + "/" + z: null

18-11-2024T02:50:33 - [TEST_STEP][PASSED] - x = x.replaceAll("[\r?
|
]", ""): null

18-11-2024T02:50:33 - [TEST_STEP][PASSED] - println(x): null

18-11-2024T02:50:33 - [TEST_STEP][PASSED] - return x: null

18-11-2024T02:50:33 - [TEST_STEP][PASSED] - println("kB: " + kB): null

18-11-2024T02:50:33 - [TEST_STEP][PASSED] - i = VseDZO.indexOf("Ленэнерго"): null

18-11-2024T02:50:33 - [TEST_STEP][PASSED] - if (i > -1): null

18-11-2024T02:50:33 - [TEST_STEP][PASSED] - dZONum = dZONum + 1: null

18-11-2024T02:50:33 - [TEST_STEP][PASSED] - lB = GetAllData(path, dZONum, VseDZO, x = "Россети Ленэнерго (ГК)/"): null

18-11-2024T02:50:33 - [TEST_STEP][PASSED] - ii = <not implemented yet for class: org.codehaus.groovy.ast.expr.EmptyExpression>: null

18-11-2024T02:50:33 - [TEST_STEP][PASSED] - i1 = <not implemented yet for class: org.codehaus.groovy.ast.expr.EmptyExpression>: null

18-11-2024T02:50:33 - [TEST_STEP][PASSED] - z = <not implemented yet for class: org.codehaus.groovy.ast.expr.EmptyExpression>: null

18-11-2024T02:50:33 - [TEST_STEP][PASSED] - path2 = "Значения со страницы Выполнение бизнес-плана/Table Data/": null

18-11-2024T02:50:33 - [TEST_STEP][PASSED] - println("path: " + path): null

18-11-2024T02:50:33 - [TEST_STEP][PASSED] - println("dZONum: " + dZONum): null

18-11-2024T02:50:33 - [TEST_STEP][PASSED] - z = getText(findTestObject(path + "spanPlan" + dZONum)): Text of object 'Object Repository/Выполнение бизнес-плана/Выполнение бизнес-плана Балансы/spanPlan6' is: '10.52
|'

18-11-2024T02:50:33 - [MESSAGE][PASSED] - Text of object 'Object Repository/Выполнение бизнес-плана/Выполнение бизнес-плана Балансы/spanPlan6' is: '10.52
|'

18-11-2024T02:50:33 - [TEST_STEP][PASSED] - println(z): null

18-11-2024T02:50:33 - [TEST_STEP][PASSED] - ii = z.indexOf("|"): null

18-11-2024T02:50:33 - [TEST_STEP][PASSED] - if (ii > -1): null

18-11-2024T02:50:33 - [TEST_STEP][PASSED] - z = z.substring(0, z.length() - 1): null

18-11-2024T02:50:33 - [TEST_STEP][PASSED] - println(z): null

18-11-2024T02:50:33 - [TEST_STEP][PASSED] - z = z.replaceAll("\s+", ""): null

18-11-2024T02:50:33 - [TEST_STEP][PASSED] - z = z.replace("[\r?
|
]", "/"): null

18-11-2024T02:50:33 - [TEST_STEP][PASSED] - println(z): null

18-11-2024T02:50:33 - [TEST_STEP][PASSED] - x = x + z: null

18-11-2024T02:50:33 - [TEST_STEP][PASSED] - z = getText(findTestObject(path + "spanFact" + dZONum)): Text of object 'Object Repository/Выполнение бизнес-плана/Выполнение бизнес-плана Балансы/spanFact6' is: '10.48'

18-11-2024T02:50:33 - [MESSAGE][PASSED] - Text of object 'Object Repository/Выполнение бизнес-плана/Выполнение бизнес-плана Балансы/spanFact6' is: '10.48'

18-11-2024T02:50:33 - [TEST_STEP][PASSED] - ii = z.indexOf("|"): null

18-11-2024T02:50:33 - [TEST_STEP][PASSED] - if (ii > -1): null

18-11-2024T02:50:33 - [TEST_STEP][PASSED] - x = x + "/" + z: null

18-11-2024T02:50:33 - [TEST_STEP][PASSED] - z = getText(findTestObject(path + path2 + "Факт Отпуск в сеть за отчётный период " + dZONum)).replaceAll("\s+", ""): Text of object 'Object Repository/Выполнение бизнес-плана/Выполнение бизнес-плана Балансы/Значения со страницы Выполнение бизнес-плана/Table Data/Факт Отпуск в сеть за отчётный период 6' is: '28 182 585'

18-11-2024T02:50:34 - [MESSAGE][PASSED] - Text of object 'Object Repository/Выполнение бизнес-плана/Выполнение бизнес-плана Балансы/Значения со страницы Выполнение бизнес-плана/Table Data/Факт Отпуск в сеть за отчётный период 6' is: '28 182 585'

18-11-2024T02:50:34 - [TEST_STEP][PASSED] - x = x + "/" + z: null

18-11-2024T02:50:34 - [TEST_STEP][PASSED] - z = getText(findTestObject(path + path2 + "Факт Отпуск из сети за отчётный период " + dZONum)).replaceAll("\s+", ""): Text of object 'Object Repository/Выполнение бизнес-плана/Выполнение бизнес-плана Балансы/Значения со страницы Выполнение бизнес-плана/Table Data/Факт Отпуск из сети за отчётный период 6' is: '25 230 190'

18-11-2024T02:50:34 - [MESSAGE][PASSED] - Text of object 'Object Repository/Выполнение бизнес-плана/Выполнение бизнес-плана Балансы/Значения со страницы Выполнение бизнес-плана/Table Data/Факт Отпуск из сети за отчётный период 6' is: '25 230 190'

18-11-2024T02:50:34 - [TEST_STEP][PASSED] - x = x + "/" + z: null

18-11-2024T02:50:34 - [TEST_STEP][PASSED] - z = getText(findTestObject(path + path2 + "Факт Потери за отчётный период " + dZONum)).replaceAll("\s+", ""): Text of object 'Object Repository/Выполнение бизнес-плана/Выполнение бизнес-плана Балансы/Значения со страницы Выполнение бизнес-плана/Table Data/Факт Потери за отчётный период 6' is: '2 952 395'

18-11-2024T02:50:34 - [MESSAGE][PASSED] - Text of object 'Object Repository/Выполнение бизнес-плана/Выполнение бизнес-плана Балансы/Значения со страницы Выполнение бизнес-плана/Table Data/Факт Потери за отчётный период 6' is: '2 952 395'

18-11-2024T02:50:34 - [TEST_STEP][PASSED] - x = x + "/" + z: null

18-11-2024T02:50:34 - [TEST_STEP][PASSED] - z = getText(findTestObject(path + path2 + "План Отпуск в сеть за отчётный период " + dZONum)).replaceAll("\s+", ""): Text of object 'Object Repository/Выполнение бизнес-плана/Выполнение бизнес-плана Балансы/Значения со страницы Выполнение бизнес-плана/Table Data/План Отпуск в сеть за отчётный период 6' is: '26 975 010'

18-11-2024T02:50:35 - [MESSAGE][PASSED] - Text of object 'Object Repository/Выполнение бизнес-плана/Выполнение бизнес-плана Балансы/Значения со страницы Выполнение бизнес-плана/Table Data/План Отпуск в сеть за отчётный период 6' is: '26 975 010'

18-11-2024T02:50:35 - [TEST_STEP][PASSED] - x = x + "/" + z: null

18-11-2024T02:50:35 - [TEST_STEP][PASSED] - z = getText(findTestObject(path + path2 + "План Отпуск из сети за отчётный период " + dZONum)).replaceAll("\s+", ""): Text of object 'Object Repository/Выполнение бизнес-плана/Выполнение бизнес-плана Балансы/Значения со страницы Выполнение бизнес-плана/Table Data/План Отпуск из сети за отчётный период 6' is: '24 137 531'

18-11-2024T02:50:35 - [MESSAGE][PASSED] - Text of object 'Object Repository/Выполнение бизнес-плана/Выполнение бизнес-плана Балансы/Значения со страницы Выполнение бизнес-плана/Table Data/План Отпуск из сети за отчётный период 6' is: '24 137 531'

18-11-2024T02:50:35 - [TEST_STEP][PASSED] - x = x + "/" + z: null

18-11-2024T02:50:35 - [TEST_STEP][PASSED] - z = getText(findTestObject(path + path2 + "План Потери за отчётный период " + dZONum)).replaceAll("\s+", ""): Text of object 'Object Repository/Выполнение бизнес-плана/Выполнение бизнес-плана Балансы/Значения со страницы Выполнение бизнес-плана/Table Data/План Потери за отчётный период 6' is: '2 837 479'

18-11-2024T02:50:35 - [MESSAGE][PASSED] - Text of object 'Object Repository/Выполнение бизнес-плана/Выполнение бизнес-плана Балансы/Значения со страницы Выполнение бизнес-плана/Table Data/План Потери за отчётный период 6' is: '2 837 479'

18-11-2024T02:50:35 - [TEST_STEP][PASSED] - x = x + "/" + z: null

18-11-2024T02:50:35 - [TEST_STEP][PASSED] - z = getText(findTestObject(path + "Список ДЗО")).replaceAll("[\r?
|
]", "/"): Text of object 'Object Repository/Выполнение бизнес-плана/Выполнение бизнес-плана Балансы/Список ДЗО' is: '-0.20
-0.07
3.72
-0.35
-0.53
-0.04
-0.01
3.84
-0.35
-0.05
-0.00
0.09
-0.15
-0.51
-0.25
-0.39
-0.20
Россети ФСКЕЭС
АО«Тываэнерго»
АО«Чеченэнерго»
РоссетиВолга
РоссетиКубань
РоссетиЛенэнерго(ГК)
РоссетиМосковскийрегион
РоссетиСеверныйКавказ
РоссетиСеверо-Запад
РоссетиСибирь
РоссетиТомск
РоссетиТюмень
Россети Урал(ГК)
РоссетиЦентр (ГК)
РоссетиЦентр иПриволжье(ГК)
Россети Юг(ГК)
РоссетиЯнтарь
0
2
4
6
-2
8'

18-11-2024T02:50:35 - [MESSAGE][PASSED] - Text of object 'Object Repository/Выполнение бизнес-плана/Выполнение бизнес-плана Балансы/Список ДЗО' is: '-0.20
-0.07
3.72
-0.35
-0.53
-0.04
-0.01
3.84
-0.35
-0.05
-0.00
0.09
-0.15
-0.51
-0.25
-0.39
-0.20
Россети ФСКЕЭС
АО«Тываэнерго»
АО«Чеченэнерго»
РоссетиВолга
РоссетиКубань
РоссетиЛенэнерго(ГК)
РоссетиМосковскийрегион
РоссетиСеверныйКавказ
РоссетиСеверо-Запад
РоссетиСибирь
РоссетиТомск
РоссетиТюмень
Россети Урал(ГК)
РоссетиЦентр (ГК)
РоссетиЦентр иПриволжье(ГК)
Россети Юг(ГК)
РоссетиЯнтарь
0
2
4
6
-2
8'

18-11-2024T02:50:35 - [TEST_STEP][PASSED] - for ([ii = 1, ii < dZONum, (ii++)]): null

18-11-2024T02:50:35 - [TEST_STEP][PASSED] - i1 = z.indexOf("/") + 1: null

18-11-2024T02:50:35 - [TEST_STEP][PASSED] - if (i1 > -1): null

18-11-2024T02:50:35 - [TEST_STEP][PASSED] - z = z.substring(i1, z.length()): null

18-11-2024T02:50:35 - [TEST_STEP][PASSED] - i1 = z.indexOf("/"): null

18-11-2024T02:50:35 - [TEST_STEP][PASSED] - i1 = z.indexOf("/") + 1: null

18-11-2024T02:50:35 - [TEST_STEP][PASSED] - if (i1 > -1): null

18-11-2024T02:50:35 - [TEST_STEP][PASSED] - z = z.substring(i1, z.length()): null

18-11-2024T02:50:35 - [TEST_STEP][PASSED] - i1 = z.indexOf("/"): null

18-11-2024T02:50:35 - [TEST_STEP][PASSED] - i1 = z.indexOf("/") + 1: null

18-11-2024T02:50:35 - [TEST_STEP][PASSED] - if (i1 > -1): null

18-11-2024T02:50:35 - [TEST_STEP][PASSED] - z = z.substring(i1, z.length()): null

18-11-2024T02:50:35 - [TEST_STEP][PASSED] - i1 = z.indexOf("/"): null

18-11-2024T02:50:35 - [TEST_STEP][PASSED] - i1 = z.indexOf("/") + 1: null

18-11-2024T02:50:35 - [TEST_STEP][PASSED] - if (i1 > -1): null

18-11-2024T02:50:35 - [TEST_STEP][PASSED] - z = z.substring(i1, z.length()): null

18-11-2024T02:50:35 - [TEST_STEP][PASSED] - i1 = z.indexOf("/"): null

18-11-2024T02:50:35 - [TEST_STEP][PASSED] - i1 = z.indexOf("/") + 1: null

18-11-2024T02:50:35 - [TEST_STEP][PASSED] - if (i1 > -1): null

18-11-2024T02:50:35 - [TEST_STEP][PASSED] - z = z.substring(i1, z.length()): null

18-11-2024T02:50:35 - [TEST_STEP][PASSED] - i1 = z.indexOf("/"): null

18-11-2024T02:50:35 - [TEST_STEP][PASSED] - i1 = z.indexOf("/"): null

18-11-2024T02:50:35 - [TEST_STEP][PASSED] - if (i1 > -1): null

18-11-2024T02:50:35 - [TEST_STEP][PASSED] - z = z.substring(0, i1): null

18-11-2024T02:50:35 - [TEST_STEP][PASSED] - z = z.replace(",", "."): null

18-11-2024T02:50:35 - [TEST_STEP][PASSED] - println(z): null

18-11-2024T02:50:35 - [TEST_STEP][PASSED] - x = x + "/" + z: null

18-11-2024T02:50:35 - [TEST_STEP][PASSED] - x = x.replaceAll("[\r?
|
]", ""): null

18-11-2024T02:50:36 - [TEST_STEP][PASSED] - println(x): null

18-11-2024T02:50:36 - [TEST_STEP][PASSED] - return x: null

18-11-2024T02:50:36 - [TEST_STEP][PASSED] - println("lB: " + lB): null

18-11-2024T02:50:36 - [TEST_STEP][PASSED] - i = VseDZO.indexOf("Московский"): null

18-11-2024T02:50:36 - [TEST_STEP][PASSED] - if (i > -1): null

18-11-2024T02:50:36 - [TEST_STEP][PASSED] - dZONum = dZONum + 1: null

18-11-2024T02:50:36 - [TEST_STEP][PASSED] - mB = GetAllData(path, dZONum, VseDZO, x = "Россети Московский регион/"): null

18-11-2024T02:50:36 - [TEST_STEP][PASSED] - ii = <not implemented yet for class: org.codehaus.groovy.ast.expr.EmptyExpression>: null

18-11-2024T02:50:36 - [TEST_STEP][PASSED] - i1 = <not implemented yet for class: org.codehaus.groovy.ast.expr.EmptyExpression>: null

18-11-2024T02:50:36 - [TEST_STEP][PASSED] - z = <not implemented yet for class: org.codehaus.groovy.ast.expr.EmptyExpression>: null

18-11-2024T02:50:36 - [TEST_STEP][PASSED] - path2 = "Значения со страницы Выполнение бизнес-плана/Table Data/": null

18-11-2024T02:50:36 - [TEST_STEP][PASSED] - println("path: " + path): null

18-11-2024T02:50:36 - [TEST_STEP][PASSED] - println("dZONum: " + dZONum): null

18-11-2024T02:50:36 - [TEST_STEP][PASSED] - z = getText(findTestObject(path + "spanPlan" + dZONum)): Text of object 'Object Repository/Выполнение бизнес-плана/Выполнение бизнес-плана Балансы/spanPlan7' is: '7.12
|'

18-11-2024T02:50:36 - [MESSAGE][PASSED] - Text of object 'Object Repository/Выполнение бизнес-плана/Выполнение бизнес-плана Балансы/spanPlan7' is: '7.12
|'

18-11-2024T02:50:36 - [TEST_STEP][PASSED] - println(z): null

18-11-2024T02:50:36 - [TEST_STEP][PASSED] - ii = z.indexOf("|"): null

18-11-2024T02:50:36 - [TEST_STEP][PASSED] - if (ii > -1): null

18-11-2024T02:50:36 - [TEST_STEP][PASSED] - z = z.substring(0, z.length() - 1): null

18-11-2024T02:50:36 - [TEST_STEP][PASSED] - println(z): null

18-11-2024T02:50:36 - [TEST_STEP][PASSED] - z = z.replaceAll("\s+", ""): null

18-11-2024T02:50:36 - [TEST_STEP][PASSED] - z = z.replace("[\r?
|
]", "/"): null

18-11-2024T02:50:36 - [TEST_STEP][PASSED] - println(z): null

18-11-2024T02:50:36 - [TEST_STEP][PASSED] - x = x + z: null

18-11-2024T02:50:36 - [TEST_STEP][PASSED] - z = getText(findTestObject(path + "spanFact" + dZONum)): Text of object 'Object Repository/Выполнение бизнес-плана/Выполнение бизнес-плана Балансы/spanFact7' is: '7.11'

18-11-2024T02:50:36 - [MESSAGE][PASSED] - Text of object 'Object Repository/Выполнение бизнес-плана/Выполнение бизнес-плана Балансы/spanFact7' is: '7.11'

18-11-2024T02:50:36 - [TEST_STEP][PASSED] - ii = z.indexOf("|"): null

18-11-2024T02:50:36 - [TEST_STEP][PASSED] - if (ii > -1): null

18-11-2024T02:50:36 - [TEST_STEP][PASSED] - x = x + "/" + z: null

18-11-2024T02:50:36 - [TEST_STEP][PASSED] - z = getText(findTestObject(path + path2 + "Факт Отпуск в сеть за отчётный период " + dZONum)).replaceAll("\s+", ""): Text of object 'Object Repository/Выполнение бизнес-плана/Выполнение бизнес-плана Балансы/Значения со страницы Выполнение бизнес-плана/Table Data/Факт Отпуск в сеть за отчётный период 7' is: '75 719 728'

18-11-2024T02:50:36 - [MESSAGE][PASSED] - Text of object 'Object Repository/Выполнение бизнес-плана/Выполнение бизнес-плана Балансы/Значения со страницы Выполнение бизнес-плана/Table Data/Факт Отпуск в сеть за отчётный период 7' is: '75 719 728'

18-11-2024T02:50:36 - [TEST_STEP][PASSED] - x = x + "/" + z: null

18-11-2024T02:50:36 - [TEST_STEP][PASSED] - z = getText(findTestObject(path + path2 + "Факт Отпуск из сети за отчётный период " + dZONum)).replaceAll("\s+", ""): Text of object 'Object Repository/Выполнение бизнес-плана/Выполнение бизнес-плана Балансы/Значения со страницы Выполнение бизнес-плана/Table Data/Факт Отпуск из сети за отчётный период 7' is: '70 334 816'

18-11-2024T02:50:37 - [MESSAGE][PASSED] - Text of object 'Object Repository/Выполнение бизнес-плана/Выполнение бизнес-плана Балансы/Значения со страницы Выполнение бизнес-плана/Table Data/Факт Отпуск из сети за отчётный период 7' is: '70 334 816'

18-11-2024T02:50:37 - [TEST_STEP][PASSED] - x = x + "/" + z: null

18-11-2024T02:50:37 - [TEST_STEP][PASSED] - z = getText(findTestObject(path + path2 + "Факт Потери за отчётный период " + dZONum)).replaceAll("\s+", ""): Text of object 'Object Repository/Выполнение бизнес-плана/Выполнение бизнес-плана Балансы/Значения со страницы Выполнение бизнес-плана/Table Data/Факт Потери за отчётный период 7' is: '5 384 911'

18-11-2024T02:50:37 - [MESSAGE][PASSED] - Text of object 'Object Repository/Выполнение бизнес-плана/Выполнение бизнес-плана Балансы/Значения со страницы Выполнение бизнес-плана/Table Data/Факт Потери за отчётный период 7' is: '5 384 911'

18-11-2024T02:50:37 - [TEST_STEP][PASSED] - x = x + "/" + z: null

18-11-2024T02:50:37 - [TEST_STEP][PASSED] - z = getText(findTestObject(path + path2 + "План Отпуск в сеть за отчётный период " + dZONum)).replaceAll("\s+", ""): Text of object 'Object Repository/Выполнение бизнес-плана/Выполнение бизнес-плана Балансы/Значения со страницы Выполнение бизнес-плана/Table Data/План Отпуск в сеть за отчётный период 7' is: '72 365 637'

18-11-2024T02:50:37 - [MESSAGE][PASSED] - Text of object 'Object Repository/Выполнение бизнес-плана/Выполнение бизнес-плана Балансы/Значения со страницы Выполнение бизнес-плана/Table Data/План Отпуск в сеть за отчётный период 7' is: '72 365 637'

18-11-2024T02:50:37 - [TEST_STEP][PASSED] - x = x + "/" + z: null

18-11-2024T02:50:37 - [TEST_STEP][PASSED] - z = getText(findTestObject(path + path2 + "План Отпуск из сети за отчётный период " + dZONum)).replaceAll("\s+", ""): Text of object 'Object Repository/Выполнение бизнес-плана/Выполнение бизнес-плана Балансы/Значения со страницы Выполнение бизнес-плана/Table Data/План Отпуск из сети за отчётный период 7' is: '67 212 373'

18-11-2024T02:50:38 - [MESSAGE][PASSED] - Text of object 'Object Repository/Выполнение бизнес-плана/Выполнение бизнес-плана Балансы/Значения со страницы Выполнение бизнес-плана/Table Data/План Отпуск из сети за отчётный период 7' is: '67 212 373'

18-11-2024T02:50:38 - [TEST_STEP][PASSED] - x = x + "/" + z: null

18-11-2024T02:50:38 - [TEST_STEP][PASSED] - z = getText(findTestObject(path + path2 + "План Потери за отчётный период " + dZONum)).replaceAll("\s+", ""): Text of object 'Object Repository/Выполнение бизнес-плана/Выполнение бизнес-плана Балансы/Значения со страницы Выполнение бизнес-плана/Table Data/План Потери за отчётный период 7' is: '5 153 264'

18-11-2024T02:50:38 - [MESSAGE][PASSED] - Text of object 'Object Repository/Выполнение бизнес-плана/Выполнение бизнес-плана Балансы/Значения со страницы Выполнение бизнес-плана/Table Data/План Потери за отчётный период 7' is: '5 153 264'

18-11-2024T02:50:38 - [TEST_STEP][PASSED] - x = x + "/" + z: null

18-11-2024T02:50:38 - [TEST_STEP][PASSED] - z = getText(findTestObject(path + "Список ДЗО")).replaceAll("[\r?
|
]", "/"): Text of object 'Object Repository/Выполнение бизнес-плана/Выполнение бизнес-плана Балансы/Список ДЗО' is: '-0.20
-0.07
3.72
-0.35
-0.53
-0.04
-0.01
3.84
-0.35
-0.05
-0.00
0.09
-0.15
-0.51
-0.25
-0.39
-0.20
Россети ФСКЕЭС
АО«Тываэнерго»
АО«Чеченэнерго»
РоссетиВолга
РоссетиКубань
РоссетиЛенэнерго(ГК)
РоссетиМосковскийрегион
РоссетиСеверныйКавказ
РоссетиСеверо-Запад
РоссетиСибирь
РоссетиТомск
РоссетиТюмень
Россети Урал(ГК)
РоссетиЦентр (ГК)
РоссетиЦентр иПриволжье(ГК)
Россети Юг(ГК)
РоссетиЯнтарь
0
2
4
6
-2
8'

18-11-2024T02:50:38 - [MESSAGE][PASSED] - Text of object 'Object Repository/Выполнение бизнес-плана/Выполнение бизнес-плана Балансы/Список ДЗО' is: '-0.20
-0.07
3.72
-0.35
-0.53
-0.04
-0.01
3.84
-0.35
-0.05
-0.00
0.09
-0.15
-0.51
-0.25
-0.39
-0.20
Россети ФСКЕЭС
АО«Тываэнерго»
АО«Чеченэнерго»
РоссетиВолга
РоссетиКубань
РоссетиЛенэнерго(ГК)
РоссетиМосковскийрегион
РоссетиСеверныйКавказ
РоссетиСеверо-Запад
РоссетиСибирь
РоссетиТомск
РоссетиТюмень
Россети Урал(ГК)
РоссетиЦентр (ГК)
РоссетиЦентр иПриволжье(ГК)
Россети Юг(ГК)
РоссетиЯнтарь
0
2
4
6
-2
8'

18-11-2024T02:50:38 - [TEST_STEP][PASSED] - for ([ii = 1, ii < dZONum, (ii++)]): null

18-11-2024T02:50:38 - [TEST_STEP][PASSED] - i1 = z.indexOf("/") + 1: null

18-11-2024T02:50:38 - [TEST_STEP][PASSED] - if (i1 > -1): null

18-11-2024T02:50:38 - [TEST_STEP][PASSED] - z = z.substring(i1, z.length()): null

18-11-2024T02:50:38 - [TEST_STEP][PASSED] - i1 = z.indexOf("/"): null

18-11-2024T02:50:38 - [TEST_STEP][PASSED] - i1 = z.indexOf("/") + 1: null

18-11-2024T02:50:38 - [TEST_STEP][PASSED] - if (i1 > -1): null

18-11-2024T02:50:38 - [TEST_STEP][PASSED] - z = z.substring(i1, z.length()): null

18-11-2024T02:50:38 - [TEST_STEP][PASSED] - i1 = z.indexOf("/"): null

18-11-2024T02:50:38 - [TEST_STEP][PASSED] - i1 = z.indexOf("/") + 1: null

18-11-2024T02:50:38 - [TEST_STEP][PASSED] - if (i1 > -1): null

18-11-2024T02:50:38 - [TEST_STEP][PASSED] - z = z.substring(i1, z.length()): null

18-11-2024T02:50:38 - [TEST_STEP][PASSED] - i1 = z.indexOf("/"): null

18-11-2024T02:50:38 - [TEST_STEP][PASSED] - i1 = z.indexOf("/") + 1: null

18-11-2024T02:50:38 - [TEST_STEP][PASSED] - if (i1 > -1): null

18-11-2024T02:50:38 - [TEST_STEP][PASSED] - z = z.substring(i1, z.length()): null

18-11-2024T02:50:38 - [TEST_STEP][PASSED] - i1 = z.indexOf("/"): null

18-11-2024T02:50:38 - [TEST_STEP][PASSED] - i1 = z.indexOf("/") + 1: null

18-11-2024T02:50:38 - [TEST_STEP][PASSED] - if (i1 > -1): null

18-11-2024T02:50:38 - [TEST_STEP][PASSED] - z = z.substring(i1, z.length()): null

18-11-2024T02:50:38 - [TEST_STEP][PASSED] - i1 = z.indexOf("/"): null

18-11-2024T02:50:38 - [TEST_STEP][PASSED] - i1 = z.indexOf("/") + 1: null

18-11-2024T02:50:38 - [TEST_STEP][PASSED] - if (i1 > -1): null

18-11-2024T02:50:38 - [TEST_STEP][PASSED] - z = z.substring(i1, z.length()): null

18-11-2024T02:50:38 - [TEST_STEP][PASSED] - i1 = z.indexOf("/"): null

18-11-2024T02:50:38 - [TEST_STEP][PASSED] - i1 = z.indexOf("/"): null

18-11-2024T02:50:38 - [TEST_STEP][PASSED] - if (i1 > -1): null

18-11-2024T02:50:38 - [TEST_STEP][PASSED] - z = z.substring(0, i1): null

18-11-2024T02:50:38 - [TEST_STEP][PASSED] - z = z.replace(",", "."): null

18-11-2024T02:50:38 - [TEST_STEP][PASSED] - println(z): null

18-11-2024T02:50:38 - [TEST_STEP][PASSED] - x = x + "/" + z: null

18-11-2024T02:50:38 - [TEST_STEP][PASSED] - x = x.replaceAll("[\r?
|
]", ""): null

18-11-2024T02:50:38 - [TEST_STEP][PASSED] - println(x): null

18-11-2024T02:50:38 - [TEST_STEP][PASSED] - return x: null

18-11-2024T02:50:38 - [TEST_STEP][PASSED] - println("mB: " + mB): null

18-11-2024T02:50:38 - [TEST_STEP][PASSED] - i = VseDZO.indexOf("Кавказ"): null

18-11-2024T02:50:38 - [TEST_STEP][PASSED] - if (i > -1): null

18-11-2024T02:50:38 - [TEST_STEP][PASSED] - dZONum = dZONum + 1: null

18-11-2024T02:50:38 - [TEST_STEP][PASSED] - sKB = GetAllData(path, dZONum, VseDZO, x = "Россети Северный Кавказ (ГК)/"): null

18-11-2024T02:50:38 - [TEST_STEP][PASSED] - ii = <not implemented yet for class: org.codehaus.groovy.ast.expr.EmptyExpression>: null

18-11-2024T02:50:38 - [TEST_STEP][PASSED] - i1 = <not implemented yet for class: org.codehaus.groovy.ast.expr.EmptyExpression>: null

18-11-2024T02:50:38 - [TEST_STEP][PASSED] - z = <not implemented yet for class: org.codehaus.groovy.ast.expr.EmptyExpression>: null

18-11-2024T02:50:38 - [TEST_STEP][PASSED] - path2 = "Значения со страницы Выполнение бизнес-плана/Table Data/": null

18-11-2024T02:50:38 - [TEST_STEP][PASSED] - println("path: " + path): null

18-11-2024T02:50:38 - [TEST_STEP][PASSED] - println("dZONum: " + dZONum): null

18-11-2024T02:50:38 - [TEST_STEP][PASSED] - z = getText(findTestObject(path + "spanPlan" + dZONum)): Text of object 'Object Repository/Выполнение бизнес-плана/Выполнение бизнес-плана Балансы/spanPlan8' is: '23.70'

18-11-2024T02:50:39 - [MESSAGE][PASSED] - Text of object 'Object Repository/Выполнение бизнес-плана/Выполнение бизнес-плана Балансы/spanPlan8' is: '23.70'

18-11-2024T02:50:39 - [TEST_STEP][PASSED] - println(z): null

18-11-2024T02:50:39 - [TEST_STEP][PASSED] - ii = z.indexOf("|"): null

18-11-2024T02:50:39 - [TEST_STEP][PASSED] - if (ii > -1): null

18-11-2024T02:50:39 - [TEST_STEP][PASSED] - z = z.replaceAll("\s+", ""): null

18-11-2024T02:50:39 - [TEST_STEP][PASSED] - z = z.replace("[\r?
|
]", "/"): null

18-11-2024T02:50:39 - [TEST_STEP][PASSED] - println(z): null

18-11-2024T02:50:39 - [TEST_STEP][PASSED] - x = x + z: null

18-11-2024T02:50:39 - [TEST_STEP][PASSED] - z = getText(findTestObject(path + "spanFact" + dZONum)): Text of object 'Object Repository/Выполнение бизнес-плана/Выполнение бизнес-плана Балансы/spanFact8' is: '27.54
|'

18-11-2024T02:50:39 - [MESSAGE][PASSED] - Text of object 'Object Repository/Выполнение бизнес-плана/Выполнение бизнес-плана Балансы/spanFact8' is: '27.54
|'

18-11-2024T02:50:39 - [TEST_STEP][PASSED] - ii = z.indexOf("|"): null

18-11-2024T02:50:39 - [TEST_STEP][PASSED] - if (ii > -1): null

18-11-2024T02:50:39 - [TEST_STEP][PASSED] - z = length() - 1).replace("[\r?
|
]", "/"): null

18-11-2024T02:50:39 - [TEST_STEP][PASSED] - x = x + "/" + z: null

18-11-2024T02:50:39 - [TEST_STEP][PASSED] - z = getText(findTestObject(path + path2 + "Факт Отпуск в сеть за отчётный период " + dZONum)).replaceAll("\s+", ""): Text of object 'Object Repository/Выполнение бизнес-плана/Выполнение бизнес-плана Балансы/Значения со страницы Выполнение бизнес-плана/Table Data/Факт Отпуск в сеть за отчётный период 8' is: '17 367 779'

18-11-2024T02:50:39 - [MESSAGE][PASSED] - Text of object 'Object Repository/Выполнение бизнес-плана/Выполнение бизнес-плана Балансы/Значения со страницы Выполнение бизнес-плана/Table Data/Факт Отпуск в сеть за отчётный период 8' is: '17 367 779'

18-11-2024T02:50:39 - [TEST_STEP][PASSED] - x = x + "/" + z: null

18-11-2024T02:50:39 - [TEST_STEP][PASSED] - z = getText(findTestObject(path + path2 + "Факт Отпуск из сети за отчётный период " + dZONum)).replaceAll("\s+", ""): Text of object 'Object Repository/Выполнение бизнес-плана/Выполнение бизнес-плана Балансы/Значения со страницы Выполнение бизнес-плана/Table Data/Факт Отпуск из сети за отчётный период 8' is: '12 584 601'

18-11-2024T02:50:39 - [MESSAGE][PASSED] - Text of object 'Object Repository/Выполнение бизнес-плана/Выполнение бизнес-плана Балансы/Значения со страницы Выполнение бизнес-плана/Table Data/Факт Отпуск из сети за отчётный период 8' is: '12 584 601'

18-11-2024T02:50:39 - [TEST_STEP][PASSED] - x = x + "/" + z: null

18-11-2024T02:50:39 - [TEST_STEP][PASSED] - z = getText(findTestObject(path + path2 + "Факт Потери за отчётный период " + dZONum)).replaceAll("\s+", ""): Text of object 'Object Repository/Выполнение бизнес-плана/Выполнение бизнес-плана Балансы/Значения со страницы Выполнение бизнес-плана/Table Data/Факт Потери за отчётный период 8' is: '4 783 177'

18-11-2024T02:50:40 - [MESSAGE][PASSED] - Text of object 'Object Repository/Выполнение бизнес-плана/Выполнение бизнес-плана Балансы/Значения со страницы Выполнение бизнес-плана/Table Data/Факт Потери за отчётный период 8' is: '4 783 177'

18-11-2024T02:50:40 - [TEST_STEP][PASSED] - x = x + "/" + z: null

18-11-2024T02:50:40 - [TEST_STEP][PASSED] - z = getText(findTestObject(path + path2 + "План Отпуск в сеть за отчётный период " + dZONum)).replaceAll("\s+", ""): Text of object 'Object Repository/Выполнение бизнес-плана/Выполнение бизнес-плана Балансы/Значения со страницы Выполнение бизнес-плана/Table Data/План Отпуск в сеть за отчётный период 8' is: '16 300 204'

18-11-2024T02:50:40 - [MESSAGE][PASSED] - Text of object 'Object Repository/Выполнение бизнес-плана/Выполнение бизнес-плана Балансы/Значения со страницы Выполнение бизнес-плана/Table Data/План Отпуск в сеть за отчётный период 8' is: '16 300 204'

18-11-2024T02:50:40 - [TEST_STEP][PASSED] - x = x + "/" + z: null

18-11-2024T02:50:40 - [TEST_STEP][PASSED] - z = getText(findTestObject(path + path2 + "План Отпуск из сети за отчётный период " + dZONum)).replaceAll("\s+", ""): Text of object 'Object Repository/Выполнение бизнес-плана/Выполнение бизнес-плана Балансы/Значения со страницы Выполнение бизнес-плана/Table Data/План Отпуск из сети за отчётный период 8' is: '12 437 092'

18-11-2024T02:50:40 - [MESSAGE][PASSED] - Text of object 'Object Repository/Выполнение бизнес-плана/Выполнение бизнес-плана Балансы/Значения со страницы Выполнение бизнес-плана/Table Data/План Отпуск из сети за отчётный период 8' is: '12 437 092'

18-11-2024T02:50:40 - [TEST_STEP][PASSED] - x = x + "/" + z: null

18-11-2024T02:50:40 - [TEST_STEP][PASSED] - z = getText(findTestObject(path + path2 + "План Потери за отчётный период " + dZONum)).replaceAll("\s+", ""): Text of object 'Object Repository/Выполнение бизнес-плана/Выполнение бизнес-плана Балансы/Значения со страницы Выполнение бизнес-плана/Table Data/План Потери за отчётный период 8' is: '3 863 112'

18-11-2024T02:50:41 - [MESSAGE][PASSED] - Text of object 'Object Repository/Выполнение бизнес-плана/Выполнение бизнес-плана Балансы/Значения со страницы Выполнение бизнес-плана/Table Data/План Потери за отчётный период 8' is: '3 863 112'

18-11-2024T02:50:41 - [TEST_STEP][PASSED] - x = x + "/" + z: null

18-11-2024T02:50:41 - [TEST_STEP][PASSED] - z = getText(findTestObject(path + "Список ДЗО")).replaceAll("[\r?
|
]", "/"): Text of object 'Object Repository/Выполнение бизнес-плана/Выполнение бизнес-плана Балансы/Список ДЗО' is: '-0.20
-0.07
3.72
-0.35
-0.53
-0.04
-0.01
3.84
-0.35
-0.05
-0.00
0.09
-0.15
-0.51
-0.25
-0.39
-0.20
Россети ФСКЕЭС
АО«Тываэнерго»
АО«Чеченэнерго»
РоссетиВолга
РоссетиКубань
РоссетиЛенэнерго(ГК)
РоссетиМосковскийрегион
РоссетиСеверныйКавказ
РоссетиСеверо-Запад
РоссетиСибирь
РоссетиТомск
РоссетиТюмень
Россети Урал(ГК)
РоссетиЦентр (ГК)
РоссетиЦентр иПриволжье(ГК)
Россети Юг(ГК)
РоссетиЯнтарь
0
2
4
6
-2
8'

18-11-2024T02:50:41 - [MESSAGE][PASSED] - Text of object 'Object Repository/Выполнение бизнес-плана/Выполнение бизнес-плана Балансы/Список ДЗО' is: '-0.20
-0.07
3.72
-0.35
-0.53
-0.04
-0.01
3.84
-0.35
-0.05
-0.00
0.09
-0.15
-0.51
-0.25
-0.39
-0.20
Россети ФСКЕЭС
АО«Тываэнерго»
АО«Чеченэнерго»
РоссетиВолга
РоссетиКубань
РоссетиЛенэнерго(ГК)
РоссетиМосковскийрегион
РоссетиСеверныйКавказ
РоссетиСеверо-Запад
РоссетиСибирь
РоссетиТомск
РоссетиТюмень
Россети Урал(ГК)
РоссетиЦентр (ГК)
РоссетиЦентр иПриволжье(ГК)
Россети Юг(ГК)
РоссетиЯнтарь
0
2
4
6
-2
8'

18-11-2024T02:50:41 - [TEST_STEP][PASSED] - for ([ii = 1, ii < dZONum, (ii++)]): null

18-11-2024T02:50:41 - [TEST_STEP][PASSED] - i1 = z.indexOf("/") + 1: null

18-11-2024T02:50:41 - [TEST_STEP][PASSED] - if (i1 > -1): null

18-11-2024T02:50:41 - [TEST_STEP][PASSED] - z = z.substring(i1, z.length()): null

18-11-2024T02:50:41 - [TEST_STEP][PASSED] - i1 = z.indexOf("/"): null

18-11-2024T02:50:41 - [TEST_STEP][PASSED] - i1 = z.indexOf("/") + 1: null

18-11-2024T02:50:41 - [TEST_STEP][PASSED] - if (i1 > -1): null

18-11-2024T02:50:41 - [TEST_STEP][PASSED] - z = z.substring(i1, z.length()): null

18-11-2024T02:50:41 - [TEST_STEP][PASSED] - i1 = z.indexOf("/"): null

18-11-2024T02:50:41 - [TEST_STEP][PASSED] - i1 = z.indexOf("/") + 1: null

18-11-2024T02:50:41 - [TEST_STEP][PASSED] - if (i1 > -1): null

18-11-2024T02:50:41 - [TEST_STEP][PASSED] - z = z.substring(i1, z.length()): null

18-11-2024T02:50:41 - [TEST_STEP][PASSED] - i1 = z.indexOf("/"): null

18-11-2024T02:50:41 - [TEST_STEP][PASSED] - i1 = z.indexOf("/") + 1: null

18-11-2024T02:50:41 - [TEST_STEP][PASSED] - if (i1 > -1): null

18-11-2024T02:50:41 - [TEST_STEP][PASSED] - z = z.substring(i1, z.length()): null

18-11-2024T02:50:41 - [TEST_STEP][PASSED] - i1 = z.indexOf("/"): null

18-11-2024T02:50:41 - [TEST_STEP][PASSED] - i1 = z.indexOf("/") + 1: null

18-11-2024T02:50:41 - [TEST_STEP][PASSED] - if (i1 > -1): null

18-11-2024T02:50:41 - [TEST_STEP][PASSED] - z = z.substring(i1, z.length()): null

18-11-2024T02:50:41 - [TEST_STEP][PASSED] - i1 = z.indexOf("/"): null

18-11-2024T02:50:41 - [TEST_STEP][PASSED] - i1 = z.indexOf("/") + 1: null

18-11-2024T02:50:41 - [TEST_STEP][PASSED] - if (i1 > -1): null

18-11-2024T02:50:41 - [TEST_STEP][PASSED] - z = z.substring(i1, z.length()): null

18-11-2024T02:50:41 - [TEST_STEP][PASSED] - i1 = z.indexOf("/"): null

18-11-2024T02:50:41 - [TEST_STEP][PASSED] - i1 = z.indexOf("/") + 1: null

18-11-2024T02:50:41 - [TEST_STEP][PASSED] - if (i1 > -1): null

18-11-2024T02:50:41 - [TEST_STEP][PASSED] - z = z.substring(i1, z.length()): null

18-11-2024T02:50:41 - [TEST_STEP][PASSED] - i1 = z.indexOf("/"): null

18-11-2024T02:50:41 - [TEST_STEP][PASSED] - i1 = z.indexOf("/"): null

18-11-2024T02:50:41 - [TEST_STEP][PASSED] - if (i1 > -1): null

18-11-2024T02:50:41 - [TEST_STEP][PASSED] - z = z.substring(0, i1): null

18-11-2024T02:50:41 - [TEST_STEP][PASSED] - z = z.replace(",", "."): null

18-11-2024T02:50:41 - [TEST_STEP][PASSED] - println(z): null

18-11-2024T02:50:41 - [TEST_STEP][PASSED] - x = x + "/" + z: null

18-11-2024T02:50:41 - [TEST_STEP][PASSED] - x = x.replaceAll("[\r?
|
]", ""): null

18-11-2024T02:50:41 - [TEST_STEP][PASSED] - println(x): null

18-11-2024T02:50:41 - [TEST_STEP][PASSED] - return x: null

18-11-2024T02:50:41 - [TEST_STEP][PASSED] - println("sKB: " + sKB): null

18-11-2024T02:50:41 - [TEST_STEP][PASSED] - i = VseDZO.indexOf("Запад"): null

18-11-2024T02:50:41 - [TEST_STEP][PASSED] - if (i > -1): null

18-11-2024T02:50:41 - [TEST_STEP][PASSED] - dZONum = dZONum + 1: null

18-11-2024T02:50:41 - [TEST_STEP][PASSED] - sZB = GetAllData(path, dZONum, VseDZO, x = "Россети Северо-Запад/"): null

18-11-2024T02:50:41 - [TEST_STEP][PASSED] - ii = <not implemented yet for class: org.codehaus.groovy.ast.expr.EmptyExpression>: null

18-11-2024T02:50:41 - [TEST_STEP][PASSED] - i1 = <not implemented yet for class: org.codehaus.groovy.ast.expr.EmptyExpression>: null

18-11-2024T02:50:41 - [TEST_STEP][PASSED] - z = <not implemented yet for class: org.codehaus.groovy.ast.expr.EmptyExpression>: null

18-11-2024T02:50:41 - [TEST_STEP][PASSED] - path2 = "Значения со страницы Выполнение бизнес-плана/Table Data/": null

18-11-2024T02:50:41 - [TEST_STEP][PASSED] - println("path: " + path): null

18-11-2024T02:50:41 - [TEST_STEP][PASSED] - println("dZONum: " + dZONum): null

18-11-2024T02:50:41 - [TEST_STEP][PASSED] - z = getText(findTestObject(path + "spanPlan" + dZONum)): Text of object 'Object Repository/Выполнение бизнес-плана/Выполнение бизнес-плана Балансы/spanPlan9' is: '5.51
|'

18-11-2024T02:50:41 - [MESSAGE][PASSED] - Text of object 'Object Repository/Выполнение бизнес-плана/Выполнение бизнес-плана Балансы/spanPlan9' is: '5.51
|'

18-11-2024T02:50:41 - [TEST_STEP][PASSED] - println(z): null

18-11-2024T02:50:41 - [TEST_STEP][PASSED] - ii = z.indexOf("|"): null

18-11-2024T02:50:41 - [TEST_STEP][PASSED] - if (ii > -1): null

18-11-2024T02:50:41 - [TEST_STEP][PASSED] - z = z.substring(0, z.length() - 1): null

18-11-2024T02:50:41 - [TEST_STEP][PASSED] - println(z): null

18-11-2024T02:50:41 - [TEST_STEP][PASSED] - z = z.replaceAll("\s+", ""): null

18-11-2024T02:50:41 - [TEST_STEP][PASSED] - z = z.replace("[\r?
|
]", "/"): null

18-11-2024T02:50:41 - [TEST_STEP][PASSED] - println(z): null

18-11-2024T02:50:41 - [TEST_STEP][PASSED] - x = x + z: null

18-11-2024T02:50:41 - [TEST_STEP][PASSED] - z = getText(findTestObject(path + "spanFact" + dZONum)): Text of object 'Object Repository/Выполнение бизнес-плана/Выполнение бизнес-плана Балансы/spanFact9' is: '5.16'

18-11-2024T02:50:42 - [MESSAGE][PASSED] - Text of object 'Object Repository/Выполнение бизнес-плана/Выполнение бизнес-плана Балансы/spanFact9' is: '5.16'

18-11-2024T02:50:42 - [TEST_STEP][PASSED] - ii = z.indexOf("|"): null

18-11-2024T02:50:42 - [TEST_STEP][PASSED] - if (ii > -1): null

18-11-2024T02:50:42 - [TEST_STEP][PASSED] - x = x + "/" + z: null

18-11-2024T02:50:42 - [TEST_STEP][PASSED] - z = getText(findTestObject(path + path2 + "Факт Отпуск в сеть за отчётный период " + dZONum)).replaceAll("\s+", ""): Text of object 'Object Repository/Выполнение бизнес-плана/Выполнение бизнес-плана Балансы/Значения со страницы Выполнение бизнес-плана/Table Data/Факт Отпуск в сеть за отчётный период 9' is: '24 700 231'

18-11-2024T02:50:42 - [MESSAGE][PASSED] - Text of object 'Object Repository/Выполнение бизнес-плана/Выполнение бизнес-плана Балансы/Значения со страницы Выполнение бизнес-плана/Table Data/Факт Отпуск в сеть за отчётный период 9' is: '24 700 231'

18-11-2024T02:50:42 - [TEST_STEP][PASSED] - x = x + "/" + z: null

18-11-2024T02:50:42 - [TEST_STEP][PASSED] - z = getText(findTestObject(path + path2 + "Факт Отпуск из сети за отчётный период " + dZONum)).replaceAll("\s+", ""): Text of object 'Object Repository/Выполнение бизнес-плана/Выполнение бизнес-плана Балансы/Значения со страницы Выполнение бизнес-плана/Table Data/Факт Отпуск из сети за отчётный период 9' is: '23 426 892'

18-11-2024T02:50:42 - [MESSAGE][PASSED] - Text of object 'Object Repository/Выполнение бизнес-плана/Выполнение бизнес-плана Балансы/Значения со страницы Выполнение бизнес-плана/Table Data/Факт Отпуск из сети за отчётный период 9' is: '23 426 892'

18-11-2024T02:50:42 - [TEST_STEP][PASSED] - x = x + "/" + z: null

18-11-2024T02:50:42 - [TEST_STEP][PASSED] - z = getText(findTestObject(path + path2 + "Факт Потери за отчётный период " + dZONum)).replaceAll("\s+", ""): Text of object 'Object Repository/Выполнение бизнес-плана/Выполнение бизнес-плана Балансы/Значения со страницы Выполнение бизнес-плана/Table Data/Факт Потери за отчётный период 9' is: '1 273 339'

18-11-2024T02:50:42 - [MESSAGE][PASSED] - Text of object 'Object Repository/Выполнение бизнес-плана/Выполнение бизнес-плана Балансы/Значения со страницы Выполнение бизнес-плана/Table Data/Факт Потери за отчётный период 9' is: '1 273 339'

18-11-2024T02:50:42 - [TEST_STEP][PASSED] - x = x + "/" + z: null

18-11-2024T02:50:42 - [TEST_STEP][PASSED] - z = getText(findTestObject(path + path2 + "План Отпуск в сеть за отчётный период " + dZONum)).replaceAll("\s+", ""): Text of object 'Object Repository/Выполнение бизнес-плана/Выполнение бизнес-плана Балансы/Значения со страницы Выполнение бизнес-плана/Table Data/План Отпуск в сеть за отчётный период 9' is: '24 254 952'

18-11-2024T02:50:43 - [MESSAGE][PASSED] - Text of object 'Object Repository/Выполнение бизнес-плана/Выполнение бизнес-плана Балансы/Значения со страницы Выполнение бизнес-плана/Table Data/План Отпуск в сеть за отчётный период 9' is: '24 254 952'

18-11-2024T02:50:43 - [TEST_STEP][PASSED] - x = x + "/" + z: null

18-11-2024T02:50:43 - [TEST_STEP][PASSED] - z = getText(findTestObject(path + path2 + "План Отпуск из сети за отчётный период " + dZONum)).replaceAll("\s+", ""): Text of object 'Object Repository/Выполнение бизнес-плана/Выполнение бизнес-плана Балансы/Значения со страницы Выполнение бизнес-плана/Table Data/План Отпуск из сети за отчётный период 9' is: '22 919 434'

18-11-2024T02:50:43 - [MESSAGE][PASSED] - Text of object 'Object Repository/Выполнение бизнес-плана/Выполнение бизнес-плана Балансы/Значения со страницы Выполнение бизнес-плана/Table Data/План Отпуск из сети за отчётный период 9' is: '22 919 434'

18-11-2024T02:50:43 - [TEST_STEP][PASSED] - x = x + "/" + z: null

18-11-2024T02:50:43 - [TEST_STEP][PASSED] - z = getText(findTestObject(path + path2 + "План Потери за отчётный период " + dZONum)).replaceAll("\s+", ""): Text of object 'Object Repository/Выполнение бизнес-плана/Выполнение бизнес-плана Балансы/Значения со страницы Выполнение бизнес-плана/Table Data/План Потери за отчётный период 9' is: '1 335 518'

18-11-2024T02:50:43 - [MESSAGE][PASSED] - Text of object 'Object Repository/Выполнение бизнес-плана/Выполнение бизнес-плана Балансы/Значения со страницы Выполнение бизнес-плана/Table Data/План Потери за отчётный период 9' is: '1 335 518'

18-11-2024T02:50:43 - [TEST_STEP][PASSED] - x = x + "/" + z: null

18-11-2024T02:50:43 - [TEST_STEP][PASSED] - z = getText(findTestObject(path + "Список ДЗО")).replaceAll("[\r?
|
]", "/"): Text of object 'Object Repository/Выполнение бизнес-плана/Выполнение бизнес-плана Балансы/Список ДЗО' is: '-0.20
-0.07
3.72
-0.35
-0.53
-0.04
-0.01
3.84
-0.35
-0.05
-0.00
0.09
-0.15
-0.51
-0.25
-0.39
-0.20
Россети ФСКЕЭС
АО«Тываэнерго»
АО«Чеченэнерго»
РоссетиВолга
РоссетиКубань
РоссетиЛенэнерго(ГК)
РоссетиМосковскийрегион
РоссетиСеверныйКавказ
РоссетиСеверо-Запад
РоссетиСибирь
РоссетиТомск
РоссетиТюмень
Россети Урал(ГК)
РоссетиЦентр (ГК)
РоссетиЦентр иПриволжье(ГК)
Россети Юг(ГК)
РоссетиЯнтарь
0
2
4
6
-2
8'

18-11-2024T02:50:44 - [MESSAGE][PASSED] - Text of object 'Object Repository/Выполнение бизнес-плана/Выполнение бизнес-плана Балансы/Список ДЗО' is: '-0.20
-0.07
3.72
-0.35
-0.53
-0.04
-0.01
3.84
-0.35
-0.05
-0.00
0.09
-0.15
-0.51
-0.25
-0.39
-0.20
Россети ФСКЕЭС
АО«Тываэнерго»
АО«Чеченэнерго»
РоссетиВолга
РоссетиКубань
РоссетиЛенэнерго(ГК)
РоссетиМосковскийрегион
РоссетиСеверныйКавказ
РоссетиСеверо-Запад
РоссетиСибирь
РоссетиТомск
РоссетиТюмень
Россети Урал(ГК)
РоссетиЦентр (ГК)
РоссетиЦентр иПриволжье(ГК)
Россети Юг(ГК)
РоссетиЯнтарь
0
2
4
6
-2
8'

18-11-2024T02:50:44 - [TEST_STEP][PASSED] - for ([ii = 1, ii < dZONum, (ii++)]): null

18-11-2024T02:50:44 - [TEST_STEP][PASSED] - i1 = z.indexOf("/") + 1: null

18-11-2024T02:50:44 - [TEST_STEP][PASSED] - if (i1 > -1): null

18-11-2024T02:50:44 - [TEST_STEP][PASSED] - z = z.substring(i1, z.length()): null

18-11-2024T02:50:44 - [TEST_STEP][PASSED] - i1 = z.indexOf("/"): null

18-11-2024T02:50:44 - [TEST_STEP][PASSED] - i1 = z.indexOf("/") + 1: null

18-11-2024T02:50:44 - [TEST_STEP][PASSED] - if (i1 > -1): null

18-11-2024T02:50:44 - [TEST_STEP][PASSED] - z = z.substring(i1, z.length()): null

18-11-2024T02:50:44 - [TEST_STEP][PASSED] - i1 = z.indexOf("/"): null

18-11-2024T02:50:44 - [TEST_STEP][PASSED] - i1 = z.indexOf("/") + 1: null

18-11-2024T02:50:44 - [TEST_STEP][PASSED] - if (i1 > -1): null

18-11-2024T02:50:44 - [TEST_STEP][PASSED] - z = z.substring(i1, z.length()): null

18-11-2024T02:50:44 - [TEST_STEP][PASSED] - i1 = z.indexOf("/"): null

18-11-2024T02:50:44 - [TEST_STEP][PASSED] - i1 = z.indexOf("/") + 1: null

18-11-2024T02:50:44 - [TEST_STEP][PASSED] - if (i1 > -1): null

18-11-2024T02:50:44 - [TEST_STEP][PASSED] - z = z.substring(i1, z.length()): null

18-11-2024T02:50:44 - [TEST_STEP][PASSED] - i1 = z.indexOf("/"): null

18-11-2024T02:50:44 - [TEST_STEP][PASSED] - i1 = z.indexOf("/") + 1: null

18-11-2024T02:50:44 - [TEST_STEP][PASSED] - if (i1 > -1): null

18-11-2024T02:50:44 - [TEST_STEP][PASSED] - z = z.substring(i1, z.length()): null

18-11-2024T02:50:44 - [TEST_STEP][PASSED] - i1 = z.indexOf("/"): null

18-11-2024T02:50:44 - [TEST_STEP][PASSED] - i1 = z.indexOf("/") + 1: null

18-11-2024T02:50:44 - [TEST_STEP][PASSED] - if (i1 > -1): null

18-11-2024T02:50:44 - [TEST_STEP][PASSED] - z = z.substring(i1, z.length()): null

18-11-2024T02:50:44 - [TEST_STEP][PASSED] - i1 = z.indexOf("/"): null

18-11-2024T02:50:44 - [TEST_STEP][PASSED] - i1 = z.indexOf("/") + 1: null

18-11-2024T02:50:44 - [TEST_STEP][PASSED] - if (i1 > -1): null

18-11-2024T02:50:44 - [TEST_STEP][PASSED] - z = z.substring(i1, z.length()): null

18-11-2024T02:50:44 - [TEST_STEP][PASSED] - i1 = z.indexOf("/"): null

18-11-2024T02:50:44 - [TEST_STEP][PASSED] - i1 = z.indexOf("/") + 1: null

18-11-2024T02:50:44 - [TEST_STEP][PASSED] - if (i1 > -1): null

18-11-2024T02:50:44 - [TEST_STEP][PASSED] - z = z.substring(i1, z.length()): null

18-11-2024T02:50:44 - [TEST_STEP][PASSED] - i1 = z.indexOf("/"): null

18-11-2024T02:50:44 - [TEST_STEP][PASSED] - i1 = z.indexOf("/"): null

18-11-2024T02:50:44 - [TEST_STEP][PASSED] - if (i1 > -1): null

18-11-2024T02:50:44 - [TEST_STEP][PASSED] - z = z.substring(0, i1): null

18-11-2024T02:50:44 - [TEST_STEP][PASSED] - z = z.replace(",", "."): null

18-11-2024T02:50:44 - [TEST_STEP][PASSED] - println(z): null

18-11-2024T02:50:44 - [TEST_STEP][PASSED] - x = x + "/" + z: null

18-11-2024T02:50:44 - [TEST_STEP][PASSED] - x = x.replaceAll("[\r?
|
]", ""): null

18-11-2024T02:50:44 - [TEST_STEP][PASSED] - println(x): null

18-11-2024T02:50:44 - [TEST_STEP][PASSED] - return x: null

18-11-2024T02:50:44 - [TEST_STEP][PASSED] - println("sZB: " + sZB): null

18-11-2024T02:50:44 - [TEST_STEP][PASSED] - i = VseDZO.indexOf("Сибирь"): null

18-11-2024T02:50:44 - [TEST_STEP][PASSED] - if (i > -1): null

18-11-2024T02:50:44 - [TEST_STEP][PASSED] - dZONum = dZONum + 1: null

18-11-2024T02:50:44 - [TEST_STEP][PASSED] - siB = GetAllData(path, dZONum, VseDZO, x = "Россети Сибирь (ГК)/"): null

18-11-2024T02:50:44 - [TEST_STEP][PASSED] - ii = <not implemented yet for class: org.codehaus.groovy.ast.expr.EmptyExpression>: null

18-11-2024T02:50:44 - [TEST_STEP][PASSED] - i1 = <not implemented yet for class: org.codehaus.groovy.ast.expr.EmptyExpression>: null

18-11-2024T02:50:44 - [TEST_STEP][PASSED] - z = <not implemented yet for class: org.codehaus.groovy.ast.expr.EmptyExpression>: null

18-11-2024T02:50:44 - [TEST_STEP][PASSED] - path2 = "Значения со страницы Выполнение бизнес-плана/Table Data/": null

18-11-2024T02:50:44 - [TEST_STEP][PASSED] - println("path: " + path): null

18-11-2024T02:50:44 - [TEST_STEP][PASSED] - println("dZONum: " + dZONum): null

18-11-2024T02:50:44 - [TEST_STEP][PASSED] - z = getText(findTestObject(path + "spanPlan" + dZONum)): Text of object 'Object Repository/Выполнение бизнес-плана/Выполнение бизнес-плана Балансы/spanPlan10' is: '6.97
|'

18-11-2024T02:50:44 - [MESSAGE][PASSED] - Text of object 'Object Repository/Выполнение бизнес-плана/Выполнение бизнес-плана Балансы/spanPlan10' is: '6.97
|'

18-11-2024T02:50:44 - [TEST_STEP][PASSED] - println(z): null

18-11-2024T02:50:44 - [TEST_STEP][PASSED] - ii = z.indexOf("|"): null

18-11-2024T02:50:44 - [TEST_STEP][PASSED] - if (ii > -1): null

18-11-2024T02:50:44 - [TEST_STEP][PASSED] - z = z.substring(0, z.length() - 1): null

18-11-2024T02:50:44 - [TEST_STEP][PASSED] - println(z): null

18-11-2024T02:50:44 - [TEST_STEP][PASSED] - z = z.replaceAll("\s+", ""): null

18-11-2024T02:50:44 - [TEST_STEP][PASSED] - z = z.replace("[\r?
|
]", "/"): null

18-11-2024T02:50:44 - [TEST_STEP][PASSED] - println(z): null

18-11-2024T02:50:44 - [TEST_STEP][PASSED] - x = x + z: null

18-11-2024T02:50:44 - [TEST_STEP][PASSED] - z = getText(findTestObject(path + "spanFact" + dZONum)): Text of object 'Object Repository/Выполнение бизнес-плана/Выполнение бизнес-плана Балансы/spanFact10' is: '6.92'

18-11-2024T02:50:44 - [MESSAGE][PASSED] - Text of object 'Object Repository/Выполнение бизнес-плана/Выполнение бизнес-плана Балансы/spanFact10' is: '6.92'

18-11-2024T02:50:44 - [TEST_STEP][PASSED] - ii = z.indexOf("|"): null

18-11-2024T02:50:44 - [TEST_STEP][PASSED] - if (ii > -1): null

18-11-2024T02:50:44 - [TEST_STEP][PASSED] - x = x + "/" + z: null

18-11-2024T02:50:44 - [TEST_STEP][PASSED] - z = getText(findTestObject(path + path2 + "Факт Отпуск в сеть за отчётный период " + dZONum)).replaceAll("\s+", ""): Text of object 'Object Repository/Выполнение бизнес-плана/Выполнение бизнес-плана Балансы/Значения со страницы Выполнение бизнес-плана/Table Data/Факт Отпуск в сеть за отчётный период 10' is: '46 928 172'

18-11-2024T02:50:45 - [MESSAGE][PASSED] - Text of object 'Object Repository/Выполнение бизнес-плана/Выполнение бизнес-плана Балансы/Значения со страницы Выполнение бизнес-плана/Table Data/Факт Отпуск в сеть за отчётный период 10' is: '46 928 172'

18-11-2024T02:50:45 - [TEST_STEP][PASSED] - x = x + "/" + z: null

18-11-2024T02:50:45 - [TEST_STEP][PASSED] - z = getText(findTestObject(path + path2 + "Факт Отпуск из сети за отчётный период " + dZONum)).replaceAll("\s+", ""): Text of object 'Object Repository/Выполнение бизнес-плана/Выполнение бизнес-плана Балансы/Значения со страницы Выполнение бизнес-плана/Table Data/Факт Отпуск из сети за отчётный период 10' is: '43 678 766'

18-11-2024T02:50:45 - [MESSAGE][PASSED] - Text of object 'Object Repository/Выполнение бизнес-плана/Выполнение бизнес-плана Балансы/Значения со страницы Выполнение бизнес-плана/Table Data/Факт Отпуск из сети за отчётный период 10' is: '43 678 766'

18-11-2024T02:50:45 - [TEST_STEP][PASSED] - x = x + "/" + z: null

18-11-2024T02:50:45 - [TEST_STEP][PASSED] - z = getText(findTestObject(path + path2 + "Факт Потери за отчётный период " + dZONum)).replaceAll("\s+", ""): Text of object 'Object Repository/Выполнение бизнес-плана/Выполнение бизнес-плана Балансы/Значения со страницы Выполнение бизнес-плана/Table Data/Факт Потери за отчётный период 10' is: '3 249 406'

18-11-2024T02:50:45 - [MESSAGE][PASSED] - Text of object 'Object Repository/Выполнение бизнес-плана/Выполнение бизнес-плана Балансы/Значения со страницы Выполнение бизнес-плана/Table Data/Факт Потери за отчётный период 10' is: '3 249 406'

18-11-2024T02:50:45 - [TEST_STEP][PASSED] - x = x + "/" + z: null

18-11-2024T02:50:45 - [TEST_STEP][PASSED] - z = getText(findTestObject(path + path2 + "План Отпуск в сеть за отчётный период " + dZONum)).replaceAll("\s+", ""): Text of object 'Object Repository/Выполнение бизнес-плана/Выполнение бизнес-плана Балансы/Значения со страницы Выполнение бизнес-плана/Table Data/План Отпуск в сеть за отчётный период 10' is: '44 875 501'

18-11-2024T02:50:45 - [MESSAGE][PASSED] - Text of object 'Object Repository/Выполнение бизнес-плана/Выполнение бизнес-плана Балансы/Значения со страницы Выполнение бизнес-плана/Table Data/План Отпуск в сеть за отчётный период 10' is: '44 875 501'

18-11-2024T02:50:45 - [TEST_STEP][PASSED] - x = x + "/" + z: null

18-11-2024T02:50:45 - [TEST_STEP][PASSED] - z = getText(findTestObject(path + path2 + "План Отпуск из сети за отчётный период " + dZONum)).replaceAll("\s+", ""): Text of object 'Object Repository/Выполнение бизнес-плана/Выполнение бизнес-плана Балансы/Значения со страницы Выполнение бизнес-плана/Table Data/План Отпуск из сети за отчётный период 10' is: '41 746 891'

18-11-2024T02:50:46 - [MESSAGE][PASSED] - Text of object 'Object Repository/Выполнение бизнес-плана/Выполнение бизнес-плана Балансы/Значения со страницы Выполнение бизнес-плана/Table Data/План Отпуск из сети за отчётный период 10' is: '41 746 891'

18-11-2024T02:50:46 - [TEST_STEP][PASSED] - x = x + "/" + z: null

18-11-2024T02:50:46 - [TEST_STEP][PASSED] - z = getText(findTestObject(path + path2 + "План Потери за отчётный период " + dZONum)).replaceAll("\s+", ""): Text of object 'Object Repository/Выполнение бизнес-плана/Выполнение бизнес-плана Балансы/Значения со страницы Выполнение бизнес-плана/Table Data/План Потери за отчётный период 10' is: '3 128 610'

18-11-2024T02:50:46 - [MESSAGE][PASSED] - Text of object 'Object Repository/Выполнение бизнес-плана/Выполнение бизнес-плана Балансы/Значения со страницы Выполнение бизнес-плана/Table Data/План Потери за отчётный период 10' is: '3 128 610'

18-11-2024T02:50:46 - [TEST_STEP][PASSED] - x = x + "/" + z: null

18-11-2024T02:50:46 - [TEST_STEP][PASSED] - z = getText(findTestObject(path + "Список ДЗО")).replaceAll("[\r?
|
]", "/"): Text of object 'Object Repository/Выполнение бизнес-плана/Выполнение бизнес-плана Балансы/Список ДЗО' is: '-0.20
-0.07
3.72
-0.35
-0.53
-0.04
-0.01
3.84
-0.35
-0.05
-0.00
0.09
-0.15
-0.51
-0.25
-0.39
-0.20
Россети ФСКЕЭС
АО«Тываэнерго»
АО«Чеченэнерго»
РоссетиВолга
РоссетиКубань
РоссетиЛенэнерго(ГК)
РоссетиМосковскийрегион
РоссетиСеверныйКавказ
РоссетиСеверо-Запад
РоссетиСибирь
РоссетиТомск
РоссетиТюмень
Россети Урал(ГК)
РоссетиЦентр (ГК)
РоссетиЦентр иПриволжье(ГК)
Россети Юг(ГК)
РоссетиЯнтарь
0
2
4
6
-2
8'

18-11-2024T02:50:46 - [MESSAGE][PASSED] - Text of object 'Object Repository/Выполнение бизнес-плана/Выполнение бизнес-плана Балансы/Список ДЗО' is: '-0.20
-0.07
3.72
-0.35
-0.53
-0.04
-0.01
3.84
-0.35
-0.05
-0.00
0.09
-0.15
-0.51
-0.25
-0.39
-0.20
Россети ФСКЕЭС
АО«Тываэнерго»
АО«Чеченэнерго»
РоссетиВолга
РоссетиКубань
РоссетиЛенэнерго(ГК)
РоссетиМосковскийрегион
РоссетиСеверныйКавказ
РоссетиСеверо-Запад
РоссетиСибирь
РоссетиТомск
РоссетиТюмень
Россети Урал(ГК)
РоссетиЦентр (ГК)
РоссетиЦентр иПриволжье(ГК)
Россети Юг(ГК)
РоссетиЯнтарь
0
2
4
6
-2
8'

18-11-2024T02:50:46 - [TEST_STEP][PASSED] - for ([ii = 1, ii < dZONum, (ii++)]): null

18-11-2024T02:50:46 - [TEST_STEP][PASSED] - i1 = z.indexOf("/") + 1: null

18-11-2024T02:50:46 - [TEST_STEP][PASSED] - if (i1 > -1): null

18-11-2024T02:50:46 - [TEST_STEP][PASSED] - z = z.substring(i1, z.length()): null

18-11-2024T02:50:46 - [TEST_STEP][PASSED] - i1 = z.indexOf("/"): null

18-11-2024T02:50:46 - [TEST_STEP][PASSED] - i1 = z.indexOf("/") + 1: null

18-11-2024T02:50:46 - [TEST_STEP][PASSED] - if (i1 > -1): null

18-11-2024T02:50:46 - [TEST_STEP][PASSED] - z = z.substring(i1, z.length()): null

18-11-2024T02:50:46 - [TEST_STEP][PASSED] - i1 = z.indexOf("/"): null

18-11-2024T02:50:46 - [TEST_STEP][PASSED] - i1 = z.indexOf("/") + 1: null

18-11-2024T02:50:46 - [TEST_STEP][PASSED] - if (i1 > -1): null

18-11-2024T02:50:46 - [TEST_STEP][PASSED] - z = z.substring(i1, z.length()): null

18-11-2024T02:50:46 - [TEST_STEP][PASSED] - i1 = z.indexOf("/"): null

18-11-2024T02:50:46 - [TEST_STEP][PASSED] - i1 = z.indexOf("/") + 1: null

18-11-2024T02:50:46 - [TEST_STEP][PASSED] - if (i1 > -1): null

18-11-2024T02:50:46 - [TEST_STEP][PASSED] - z = z.substring(i1, z.length()): null

18-11-2024T02:50:46 - [TEST_STEP][PASSED] - i1 = z.indexOf("/"): null

18-11-2024T02:50:46 - [TEST_STEP][PASSED] - i1 = z.indexOf("/") + 1: null

18-11-2024T02:50:46 - [TEST_STEP][PASSED] - if (i1 > -1): null

18-11-2024T02:50:46 - [TEST_STEP][PASSED] - z = z.substring(i1, z.length()): null

18-11-2024T02:50:46 - [TEST_STEP][PASSED] - i1 = z.indexOf("/"): null

18-11-2024T02:50:46 - [TEST_STEP][PASSED] - i1 = z.indexOf("/") + 1: null

18-11-2024T02:50:46 - [TEST_STEP][PASSED] - if (i1 > -1): null

18-11-2024T02:50:46 - [TEST_STEP][PASSED] - z = z.substring(i1, z.length()): null

18-11-2024T02:50:46 - [TEST_STEP][PASSED] - i1 = z.indexOf("/"): null

18-11-2024T02:50:46 - [TEST_STEP][PASSED] - i1 = z.indexOf("/") + 1: null

18-11-2024T02:50:46 - [TEST_STEP][PASSED] - if (i1 > -1): null

18-11-2024T02:50:46 - [TEST_STEP][PASSED] - z = z.substring(i1, z.length()): null

18-11-2024T02:50:46 - [TEST_STEP][PASSED] - i1 = z.indexOf("/"): null

18-11-2024T02:50:46 - [TEST_STEP][PASSED] - i1 = z.indexOf("/") + 1: null

18-11-2024T02:50:46 - [TEST_STEP][PASSED] - if (i1 > -1): null

18-11-2024T02:50:46 - [TEST_STEP][PASSED] - z = z.substring(i1, z.length()): null

18-11-2024T02:50:46 - [TEST_STEP][PASSED] - i1 = z.indexOf("/"): null

18-11-2024T02:50:46 - [TEST_STEP][PASSED] - i1 = z.indexOf("/") + 1: null

18-11-2024T02:50:46 - [TEST_STEP][PASSED] - if (i1 > -1): null

18-11-2024T02:50:46 - [TEST_STEP][PASSED] - z = z.substring(i1, z.length()): null

18-11-2024T02:50:46 - [TEST_STEP][PASSED] - i1 = z.indexOf("/"): null

18-11-2024T02:50:46 - [TEST_STEP][PASSED] - i1 = z.indexOf("/"): null

18-11-2024T02:50:46 - [TEST_STEP][PASSED] - if (i1 > -1): null

18-11-2024T02:50:46 - [TEST_STEP][PASSED] - z = z.substring(0, i1): null

18-11-2024T02:50:46 - [TEST_STEP][PASSED] - z = z.replace(",", "."): null

18-11-2024T02:50:46 - [TEST_STEP][PASSED] - println(z): null

18-11-2024T02:50:46 - [TEST_STEP][PASSED] - x = x + "/" + z: null

18-11-2024T02:50:46 - [TEST_STEP][PASSED] - x = x.replaceAll("[\r?
|
]", ""): null

18-11-2024T02:50:46 - [TEST_STEP][PASSED] - println(x): null

18-11-2024T02:50:46 - [TEST_STEP][PASSED] - return x: null

18-11-2024T02:50:46 - [TEST_STEP][PASSED] - println("siB: " + siB): null

18-11-2024T02:50:46 - [TEST_STEP][PASSED] - i = VseDZO.indexOf("Томск"): null

18-11-2024T02:50:46 - [TEST_STEP][PASSED] - if (i > -1): null

18-11-2024T02:50:46 - [TEST_STEP][PASSED] - dZONum = dZONum + 1: null

18-11-2024T02:50:46 - [TEST_STEP][PASSED] - tomB = GetAllData(path, dZONum, VseDZO, x = "Россети Томск/"): null

18-11-2024T02:50:46 - [TEST_STEP][PASSED] - ii = <not implemented yet for class: org.codehaus.groovy.ast.expr.EmptyExpression>: null

18-11-2024T02:50:46 - [TEST_STEP][PASSED] - i1 = <not implemented yet for class: org.codehaus.groovy.ast.expr.EmptyExpression>: null

18-11-2024T02:50:46 - [TEST_STEP][PASSED] - z = <not implemented yet for class: org.codehaus.groovy.ast.expr.EmptyExpression>: null

18-11-2024T02:50:46 - [TEST_STEP][PASSED] - path2 = "Значения со страницы Выполнение бизнес-плана/Table Data/": null

18-11-2024T02:50:46 - [TEST_STEP][PASSED] - println("path: " + path): null

18-11-2024T02:50:46 - [TEST_STEP][PASSED] - println("dZONum: " + dZONum): null

18-11-2024T02:50:46 - [TEST_STEP][PASSED] - z = getText(findTestObject(path + "spanPlan" + dZONum)): Text of object 'Object Repository/Выполнение бизнес-плана/Выполнение бизнес-плана Балансы/spanPlan11' is: '8.06
|'

18-11-2024T02:50:47 - [MESSAGE][PASSED] - Text of object 'Object Repository/Выполнение бизнес-плана/Выполнение бизнес-плана Балансы/spanPlan11' is: '8.06
|'

18-11-2024T02:50:47 - [TEST_STEP][PASSED] - println(z): null

18-11-2024T02:50:47 - [TEST_STEP][PASSED] - ii = z.indexOf("|"): null

18-11-2024T02:50:47 - [TEST_STEP][PASSED] - if (ii > -1): null

18-11-2024T02:50:47 - [TEST_STEP][PASSED] - z = z.substring(0, z.length() - 1): null

18-11-2024T02:50:47 - [TEST_STEP][PASSED] - println(z): null

18-11-2024T02:50:47 - [TEST_STEP][PASSED] - z = z.replaceAll("\s+", ""): null

18-11-2024T02:50:47 - [TEST_STEP][PASSED] - z = z.replace("[\r?
|
]", "/"): null

18-11-2024T02:50:47 - [TEST_STEP][PASSED] - println(z): null

18-11-2024T02:50:47 - [TEST_STEP][PASSED] - x = x + z: null

18-11-2024T02:50:47 - [TEST_STEP][PASSED] - z = getText(findTestObject(path + "spanFact" + dZONum)): Text of object 'Object Repository/Выполнение бизнес-плана/Выполнение бизнес-плана Балансы/spanFact11' is: '8.06'

18-11-2024T02:50:47 - [MESSAGE][PASSED] - Text of object 'Object Repository/Выполнение бизнес-плана/Выполнение бизнес-плана Балансы/spanFact11' is: '8.06'

18-11-2024T02:50:47 - [TEST_STEP][PASSED] - ii = z.indexOf("|"): null

18-11-2024T02:50:47 - [TEST_STEP][PASSED] - if (ii > -1): null

18-11-2024T02:50:47 - [TEST_STEP][PASSED] - x = x + "/" + z: null

18-11-2024T02:50:47 - [TEST_STEP][PASSED] - z = getText(findTestObject(path + path2 + "Факт Отпуск в сеть за отчётный период " + dZONum)).replaceAll("\s+", ""): Text of object 'Object Repository/Выполнение бизнес-плана/Выполнение бизнес-плана Балансы/Значения со страницы Выполнение бизнес-плана/Table Data/Факт Отпуск в сеть за отчётный период 11' is: '3 805 253'

18-11-2024T02:50:47 - [MESSAGE][PASSED] - Text of object 'Object Repository/Выполнение бизнес-плана/Выполнение бизнес-плана Балансы/Значения со страницы Выполнение бизнес-плана/Table Data/Факт Отпуск в сеть за отчётный период 11' is: '3 805 253'

18-11-2024T02:50:47 - [TEST_STEP][PASSED] - x = x + "/" + z: null

18-11-2024T02:50:47 - [TEST_STEP][PASSED] - z = getText(findTestObject(path + path2 + "Факт Отпуск из сети за отчётный период " + dZONum)).replaceAll("\s+", ""): Text of object 'Object Repository/Выполнение бизнес-плана/Выполнение бизнес-плана Балансы/Значения со страницы Выполнение бизнес-плана/Table Data/Факт Отпуск из сети за отчётный период 11' is: '3 498 634'

18-11-2024T02:50:48 - [MESSAGE][PASSED] - Text of object 'Object Repository/Выполнение бизнес-плана/Выполнение бизнес-плана Балансы/Значения со страницы Выполнение бизнес-плана/Table Data/Факт Отпуск из сети за отчётный период 11' is: '3 498 634'

18-11-2024T02:50:48 - [TEST_STEP][PASSED] - x = x + "/" + z: null

18-11-2024T02:50:48 - [TEST_STEP][PASSED] - z = getText(findTestObject(path + path2 + "Факт Потери за отчётный период " + dZONum)).replaceAll("\s+", ""): Text of object 'Object Repository/Выполнение бизнес-плана/Выполнение бизнес-плана Балансы/Значения со страницы Выполнение бизнес-плана/Table Data/Факт Потери за отчётный период 11' is: '306 619'

18-11-2024T02:50:48 - [MESSAGE][PASSED] - Text of object 'Object Repository/Выполнение бизнес-плана/Выполнение бизнес-плана Балансы/Значения со страницы Выполнение бизнес-плана/Table Data/Факт Потери за отчётный период 11' is: '306 619'

18-11-2024T02:50:48 - [TEST_STEP][PASSED] - x = x + "/" + z: null

18-11-2024T02:50:48 - [TEST_STEP][PASSED] - z = getText(findTestObject(path + path2 + "План Отпуск в сеть за отчётный период " + dZONum)).replaceAll("\s+", ""): Text of object 'Object Repository/Выполнение бизнес-плана/Выполнение бизнес-плана Балансы/Значения со страницы Выполнение бизнес-плана/Table Data/План Отпуск в сеть за отчётный период 11' is: '3 642 056'

18-11-2024T02:50:48 - [MESSAGE][PASSED] - Text of object 'Object Repository/Выполнение бизнес-плана/Выполнение бизнес-плана Балансы/Значения со страницы Выполнение бизнес-плана/Table Data/План Отпуск в сеть за отчётный период 11' is: '3 642 056'

18-11-2024T02:50:48 - [TEST_STEP][PASSED] - x = x + "/" + z: null

18-11-2024T02:50:48 - [TEST_STEP][PASSED] - z = getText(findTestObject(path + path2 + "План Отпуск из сети за отчётный период " + dZONum)).replaceAll("\s+", ""): Text of object 'Object Repository/Выполнение бизнес-плана/Выполнение бизнес-плана Балансы/Значения со страницы Выполнение бизнес-плана/Table Data/План Отпуск из сети за отчётный период 11' is: '3 348 547'

18-11-2024T02:50:49 - [MESSAGE][PASSED] - Text of object 'Object Repository/Выполнение бизнес-плана/Выполнение бизнес-плана Балансы/Значения со страницы Выполнение бизнес-плана/Table Data/План Отпуск из сети за отчётный период 11' is: '3 348 547'

18-11-2024T02:50:49 - [TEST_STEP][PASSED] - x = x + "/" + z: null

18-11-2024T02:50:49 - [TEST_STEP][PASSED] - z = getText(findTestObject(path + path2 + "План Потери за отчётный период " + dZONum)).replaceAll("\s+", ""): Text of object 'Object Repository/Выполнение бизнес-плана/Выполнение бизнес-плана Балансы/Значения со страницы Выполнение бизнес-плана/Table Data/План Потери за отчётный период 11' is: '293 509'

18-11-2024T02:50:49 - [MESSAGE][PASSED] - Text of object 'Object Repository/Выполнение бизнес-плана/Выполнение бизнес-плана Балансы/Значения со страницы Выполнение бизнес-плана/Table Data/План Потери за отчётный период 11' is: '293 509'

18-11-2024T02:50:49 - [TEST_STEP][PASSED] - x = x + "/" + z: null

18-11-2024T02:50:49 - [TEST_STEP][PASSED] - z = getText(findTestObject(path + "Список ДЗО")).replaceAll("[\r?
|
]", "/"): Text of object 'Object Repository/Выполнение бизнес-плана/Выполнение бизнес-плана Балансы/Список ДЗО' is: '-0.20
-0.07
3.72
-0.35
-0.53
-0.04
-0.01
3.84
-0.35
-0.05
-0.00
0.09
-0.15
-0.51
-0.25
-0.39
-0.20
Россети ФСКЕЭС
АО«Тываэнерго»
АО«Чеченэнерго»
РоссетиВолга
РоссетиКубань
РоссетиЛенэнерго(ГК)
РоссетиМосковскийрегион
РоссетиСеверныйКавказ
РоссетиСеверо-Запад
РоссетиСибирь
РоссетиТомск
РоссетиТюмень
Россети Урал(ГК)
РоссетиЦентр (ГК)
РоссетиЦентр иПриволжье(ГК)
Россети Юг(ГК)
РоссетиЯнтарь
0
2
4
6
-2
8'

18-11-2024T02:50:49 - [MESSAGE][PASSED] - Text of object 'Object Repository/Выполнение бизнес-плана/Выполнение бизнес-плана Балансы/Список ДЗО' is: '-0.20
-0.07
3.72
-0.35
-0.53
-0.04
-0.01
3.84
-0.35
-0.05
-0.00
0.09
-0.15
-0.51
-0.25
-0.39
-0.20
Россети ФСКЕЭС
АО«Тываэнерго»
АО«Чеченэнерго»
РоссетиВолга
РоссетиКубань
РоссетиЛенэнерго(ГК)
РоссетиМосковскийрегион
РоссетиСеверныйКавказ
РоссетиСеверо-Запад
РоссетиСибирь
РоссетиТомск
РоссетиТюмень
Россети Урал(ГК)
РоссетиЦентр (ГК)
РоссетиЦентр иПриволжье(ГК)
Россети Юг(ГК)
РоссетиЯнтарь
0
2
4
6
-2
8'

18-11-2024T02:50:49 - [TEST_STEP][PASSED] - for ([ii = 1, ii < dZONum, (ii++)]): null

18-11-2024T02:50:49 - [TEST_STEP][PASSED] - i1 = z.indexOf("/") + 1: null

18-11-2024T02:50:49 - [TEST_STEP][PASSED] - if (i1 > -1): null

18-11-2024T02:50:49 - [TEST_STEP][PASSED] - z = z.substring(i1, z.length()): null

18-11-2024T02:50:49 - [TEST_STEP][PASSED] - i1 = z.indexOf("/"): null

18-11-2024T02:50:49 - [TEST_STEP][PASSED] - i1 = z.indexOf("/") + 1: null

18-11-2024T02:50:49 - [TEST_STEP][PASSED] - if (i1 > -1): null

18-11-2024T02:50:49 - [TEST_STEP][PASSED] - z = z.substring(i1, z.length()): null

18-11-2024T02:50:49 - [TEST_STEP][PASSED] - i1 = z.indexOf("/"): null

18-11-2024T02:50:49 - [TEST_STEP][PASSED] - i1 = z.indexOf("/") + 1: null

18-11-2024T02:50:49 - [TEST_STEP][PASSED] - if (i1 > -1): null

18-11-2024T02:50:49 - [TEST_STEP][PASSED] - z = z.substring(i1, z.length()): null

18-11-2024T02:50:49 - [TEST_STEP][PASSED] - i1 = z.indexOf("/"): null

18-11-2024T02:50:49 - [TEST_STEP][PASSED] - i1 = z.indexOf("/") + 1: null

18-11-2024T02:50:49 - [TEST_STEP][PASSED] - if (i1 > -1): null

18-11-2024T02:50:49 - [TEST_STEP][PASSED] - z = z.substring(i1, z.length()): null

18-11-2024T02:50:49 - [TEST_STEP][PASSED] - i1 = z.indexOf("/"): null

18-11-2024T02:50:49 - [TEST_STEP][PASSED] - i1 = z.indexOf("/") + 1: null

18-11-2024T02:50:49 - [TEST_STEP][PASSED] - if (i1 > -1): null

18-11-2024T02:50:49 - [TEST_STEP][PASSED] - z = z.substring(i1, z.length()): null

18-11-2024T02:50:49 - [TEST_STEP][PASSED] - i1 = z.indexOf("/"): null

18-11-2024T02:50:49 - [TEST_STEP][PASSED] - i1 = z.indexOf("/") + 1: null

18-11-2024T02:50:49 - [TEST_STEP][PASSED] - if (i1 > -1): null

18-11-2024T02:50:49 - [TEST_STEP][PASSED] - z = z.substring(i1, z.length()): null

18-11-2024T02:50:49 - [TEST_STEP][PASSED] - i1 = z.indexOf("/"): null

18-11-2024T02:50:49 - [TEST_STEP][PASSED] - i1 = z.indexOf("/") + 1: null

18-11-2024T02:50:49 - [TEST_STEP][PASSED] - if (i1 > -1): null

18-11-2024T02:50:49 - [TEST_STEP][PASSED] - z = z.substring(i1, z.length()): null

18-11-2024T02:50:49 - [TEST_STEP][PASSED] - i1 = z.indexOf("/"): null

18-11-2024T02:50:49 - [TEST_STEP][PASSED] - i1 = z.indexOf("/") + 1: null

18-11-2024T02:50:49 - [TEST_STEP][PASSED] - if (i1 > -1): null

18-11-2024T02:50:49 - [TEST_STEP][PASSED] - z = z.substring(i1, z.length()): null

18-11-2024T02:50:49 - [TEST_STEP][PASSED] - i1 = z.indexOf("/"): null

18-11-2024T02:50:49 - [TEST_STEP][PASSED] - i1 = z.indexOf("/") + 1: null

18-11-2024T02:50:49 - [TEST_STEP][PASSED] - if (i1 > -1): null

18-11-2024T02:50:49 - [TEST_STEP][PASSED] - z = z.substring(i1, z.length()): null

18-11-2024T02:50:49 - [TEST_STEP][PASSED] - i1 = z.indexOf("/"): null

18-11-2024T02:50:49 - [TEST_STEP][PASSED] - i1 = z.indexOf("/") + 1: null

18-11-2024T02:50:49 - [TEST_STEP][PASSED] - if (i1 > -1): null

18-11-2024T02:50:49 - [TEST_STEP][PASSED] - z = z.substring(i1, z.length()): null

18-11-2024T02:50:49 - [TEST_STEP][PASSED] - i1 = z.indexOf("/"): null

18-11-2024T02:50:49 - [TEST_STEP][PASSED] - i1 = z.indexOf("/"): null

18-11-2024T02:50:49 - [TEST_STEP][PASSED] - if (i1 > -1): null

18-11-2024T02:50:49 - [TEST_STEP][PASSED] - z = z.substring(0, i1): null

18-11-2024T02:50:49 - [TEST_STEP][PASSED] - z = z.replace(",", "."): null

18-11-2024T02:50:49 - [TEST_STEP][PASSED] - println(z): null

18-11-2024T02:50:49 - [TEST_STEP][PASSED] - x = x + "/" + z: null

18-11-2024T02:50:49 - [TEST_STEP][PASSED] - x = x.replaceAll("[\r?
|
]", ""): null

18-11-2024T02:50:49 - [TEST_STEP][PASSED] - println(x): null

18-11-2024T02:50:49 - [TEST_STEP][PASSED] - return x: null

18-11-2024T02:50:49 - [TEST_STEP][PASSED] - println("tomB: " + tomB): null

18-11-2024T02:50:49 - [TEST_STEP][PASSED] - i = VseDZO.indexOf("Тюмень"): null

18-11-2024T02:50:49 - [TEST_STEP][PASSED] - if (i > -1): null

18-11-2024T02:50:49 - [TEST_STEP][PASSED] - dZONum = dZONum + 1: null

18-11-2024T02:50:49 - [TEST_STEP][PASSED] - tyumB = GetAllData(path, dZONum, VseDZO, x = "Россети Тюмень/"): null

18-11-2024T02:50:49 - [TEST_STEP][PASSED] - ii = <not implemented yet for class: org.codehaus.groovy.ast.expr.EmptyExpression>: null

18-11-2024T02:50:49 - [TEST_STEP][PASSED] - i1 = <not implemented yet for class: org.codehaus.groovy.ast.expr.EmptyExpression>: null

18-11-2024T02:50:49 - [TEST_STEP][PASSED] - z = <not implemented yet for class: org.codehaus.groovy.ast.expr.EmptyExpression>: null

18-11-2024T02:50:49 - [TEST_STEP][PASSED] - path2 = "Значения со страницы Выполнение бизнес-плана/Table Data/": null

18-11-2024T02:50:49 - [TEST_STEP][PASSED] - println("path: " + path): null

18-11-2024T02:50:49 - [TEST_STEP][PASSED] - println("dZONum: " + dZONum): null

18-11-2024T02:50:49 - [TEST_STEP][PASSED] - z = getText(findTestObject(path + "spanPlan" + dZONum)): Text of object 'Object Repository/Выполнение бизнес-плана/Выполнение бизнес-плана Балансы/spanPlan12' is: '2.51'

18-11-2024T02:50:50 - [MESSAGE][PASSED] - Text of object 'Object Repository/Выполнение бизнес-плана/Выполнение бизнес-плана Балансы/spanPlan12' is: '2.51'

18-11-2024T02:50:50 - [TEST_STEP][PASSED] - println(z): null

18-11-2024T02:50:50 - [TEST_STEP][PASSED] - ii = z.indexOf("|"): null

18-11-2024T02:50:50 - [TEST_STEP][PASSED] - if (ii > -1): null

18-11-2024T02:50:50 - [TEST_STEP][PASSED] - z = z.replaceAll("\s+", ""): null

18-11-2024T02:50:50 - [TEST_STEP][PASSED] - z = z.replace("[\r?
|
]", "/"): null

18-11-2024T02:50:50 - [TEST_STEP][PASSED] - println(z): null

18-11-2024T02:50:50 - [TEST_STEP][PASSED] - x = x + z: null

18-11-2024T02:50:50 - [TEST_STEP][PASSED] - z = getText(findTestObject(path + "spanFact" + dZONum)): Text of object 'Object Repository/Выполнение бизнес-плана/Выполнение бизнес-плана Балансы/spanFact12' is: '2.60
|'

18-11-2024T02:50:50 - [MESSAGE][PASSED] - Text of object 'Object Repository/Выполнение бизнес-плана/Выполнение бизнес-плана Балансы/spanFact12' is: '2.60
|'

18-11-2024T02:50:50 - [TEST_STEP][PASSED] - ii = z.indexOf("|"): null

18-11-2024T02:50:50 - [TEST_STEP][PASSED] - if (ii > -1): null

18-11-2024T02:50:50 - [TEST_STEP][PASSED] - z = length() - 1).replace("[\r?
|
]", "/"): null

18-11-2024T02:50:50 - [TEST_STEP][PASSED] - x = x + "/" + z: null

18-11-2024T02:50:50 - [TEST_STEP][PASSED] - z = getText(findTestObject(path + path2 + "Факт Отпуск в сеть за отчётный период " + dZONum)).replaceAll("\s+", ""): Text of object 'Object Repository/Выполнение бизнес-плана/Выполнение бизнес-плана Балансы/Значения со страницы Выполнение бизнес-плана/Table Data/Факт Отпуск в сеть за отчётный период 12' is: '39 079 081'

18-11-2024T02:50:50 - [MESSAGE][PASSED] - Text of object 'Object Repository/Выполнение бизнес-плана/Выполнение бизнес-плана Балансы/Значения со страницы Выполнение бизнес-плана/Table Data/Факт Отпуск в сеть за отчётный период 12' is: '39 079 081'

18-11-2024T02:50:50 - [TEST_STEP][PASSED] - x = x + "/" + z: null

18-11-2024T02:50:50 - [TEST_STEP][PASSED] - z = getText(findTestObject(path + path2 + "Факт Отпуск из сети за отчётный период " + dZONum)).replaceAll("\s+", ""): Text of object 'Object Repository/Выполнение бизнес-плана/Выполнение бизнес-плана Балансы/Значения со страницы Выполнение бизнес-плана/Table Data/Факт Отпуск из сети за отчётный период 12' is: '38 062 639'

18-11-2024T02:50:50 - [MESSAGE][PASSED] - Text of object 'Object Repository/Выполнение бизнес-плана/Выполнение бизнес-плана Балансы/Значения со страницы Выполнение бизнес-плана/Table Data/Факт Отпуск из сети за отчётный период 12' is: '38 062 639'

18-11-2024T02:50:50 - [TEST_STEP][PASSED] - x = x + "/" + z: null

18-11-2024T02:50:50 - [TEST_STEP][PASSED] - z = getText(findTestObject(path + path2 + "Факт Потери за отчётный период " + dZONum)).replaceAll("\s+", ""): Text of object 'Object Repository/Выполнение бизнес-плана/Выполнение бизнес-плана Балансы/Значения со страницы Выполнение бизнес-плана/Table Data/Факт Потери за отчётный период 12' is: '1 016 442'

18-11-2024T02:50:51 - [MESSAGE][PASSED] - Text of object 'Object Repository/Выполнение бизнес-плана/Выполнение бизнес-плана Балансы/Значения со страницы Выполнение бизнес-плана/Table Data/Факт Потери за отчётный период 12' is: '1 016 442'

18-11-2024T02:50:51 - [TEST_STEP][PASSED] - x = x + "/" + z: null

18-11-2024T02:50:51 - [TEST_STEP][PASSED] - z = getText(findTestObject(path + path2 + "План Отпуск в сеть за отчётный период " + dZONum)).replaceAll("\s+", ""): Text of object 'Object Repository/Выполнение бизнес-плана/Выполнение бизнес-плана Балансы/Значения со страницы Выполнение бизнес-плана/Table Data/План Отпуск в сеть за отчётный период 12' is: '40 452 567'

18-11-2024T02:50:51 - [MESSAGE][PASSED] - Text of object 'Object Repository/Выполнение бизнес-плана/Выполнение бизнес-плана Балансы/Значения со страницы Выполнение бизнес-плана/Table Data/План Отпуск в сеть за отчётный период 12' is: '40 452 567'

18-11-2024T02:50:51 - [TEST_STEP][PASSED] - x = x + "/" + z: null

18-11-2024T02:50:51 - [TEST_STEP][PASSED] - z = getText(findTestObject(path + path2 + "План Отпуск из сети за отчётный период " + dZONum)).replaceAll("\s+", ""): Text of object 'Object Repository/Выполнение бизнес-плана/Выполнение бизнес-плана Балансы/Значения со страницы Выполнение бизнес-плана/Table Data/План Отпуск из сети за отчётный период 12' is: '39 436 282'

18-11-2024T02:50:51 - [MESSAGE][PASSED] - Text of object 'Object Repository/Выполнение бизнес-плана/Выполнение бизнес-плана Балансы/Значения со страницы Выполнение бизнес-плана/Table Data/План Отпуск из сети за отчётный период 12' is: '39 436 282'

18-11-2024T02:50:51 - [TEST_STEP][PASSED] - x = x + "/" + z: null

18-11-2024T02:50:51 - [TEST_STEP][PASSED] - z = getText(findTestObject(path + path2 + "План Потери за отчётный период " + dZONum)).replaceAll("\s+", ""): Text of object 'Object Repository/Выполнение бизнес-плана/Выполнение бизнес-плана Балансы/Значения со страницы Выполнение бизнес-плана/Table Data/План Потери за отчётный период 12' is: '1 016 285'

18-11-2024T02:50:52 - [MESSAGE][PASSED] - Text of object 'Object Repository/Выполнение бизнес-плана/Выполнение бизнес-плана Балансы/Значения со страницы Выполнение бизнес-плана/Table Data/План Потери за отчётный период 12' is: '1 016 285'

18-11-2024T02:50:52 - [TEST_STEP][PASSED] - x = x + "/" + z: null

18-11-2024T02:50:52 - [TEST_STEP][PASSED] - z = getText(findTestObject(path + "Список ДЗО")).replaceAll("[\r?
|
]", "/"): Text of object 'Object Repository/Выполнение бизнес-плана/Выполнение бизнес-плана Балансы/Список ДЗО' is: '-0.20
-0.07
3.72
-0.35
-0.53
-0.04
-0.01
3.84
-0.35
-0.05
-0.00
0.09
-0.15
-0.51
-0.25
-0.39
-0.20
Россети ФСКЕЭС
АО«Тываэнерго»
АО«Чеченэнерго»
РоссетиВолга
РоссетиКубань
РоссетиЛенэнерго(ГК)
РоссетиМосковскийрегион
РоссетиСеверныйКавказ
РоссетиСеверо-Запад
РоссетиСибирь
РоссетиТомск
РоссетиТюмень
Россети Урал(ГК)
РоссетиЦентр (ГК)
РоссетиЦентр иПриволжье(ГК)
Россети Юг(ГК)
РоссетиЯнтарь
0
2
4
6
-2
8'

18-11-2024T02:50:52 - [MESSAGE][PASSED] - Text of object 'Object Repository/Выполнение бизнес-плана/Выполнение бизнес-плана Балансы/Список ДЗО' is: '-0.20
-0.07
3.72
-0.35
-0.53
-0.04
-0.01
3.84
-0.35
-0.05
-0.00
0.09
-0.15
-0.51
-0.25
-0.39
-0.20
Россети ФСКЕЭС
АО«Тываэнерго»
АО«Чеченэнерго»
РоссетиВолга
РоссетиКубань
РоссетиЛенэнерго(ГК)
РоссетиМосковскийрегион
РоссетиСеверныйКавказ
РоссетиСеверо-Запад
РоссетиСибирь
РоссетиТомск
РоссетиТюмень
Россети Урал(ГК)
РоссетиЦентр (ГК)
РоссетиЦентр иПриволжье(ГК)
Россети Юг(ГК)
РоссетиЯнтарь
0
2
4
6
-2
8'

18-11-2024T02:50:52 - [TEST_STEP][PASSED] - for ([ii = 1, ii < dZONum, (ii++)]): null

18-11-2024T02:50:52 - [TEST_STEP][PASSED] - i1 = z.indexOf("/") + 1: null

18-11-2024T02:50:52 - [TEST_STEP][PASSED] - if (i1 > -1): null

18-11-2024T02:50:52 - [TEST_STEP][PASSED] - z = z.substring(i1, z.length()): null

18-11-2024T02:50:52 - [TEST_STEP][PASSED] - i1 = z.indexOf("/"): null

18-11-2024T02:50:52 - [TEST_STEP][PASSED] - i1 = z.indexOf("/") + 1: null

18-11-2024T02:50:52 - [TEST_STEP][PASSED] - if (i1 > -1): null

18-11-2024T02:50:52 - [TEST_STEP][PASSED] - z = z.substring(i1, z.length()): null

18-11-2024T02:50:52 - [TEST_STEP][PASSED] - i1 = z.indexOf("/"): null

18-11-2024T02:50:52 - [TEST_STEP][PASSED] - i1 = z.indexOf("/") + 1: null

18-11-2024T02:50:52 - [TEST_STEP][PASSED] - if (i1 > -1): null

18-11-2024T02:50:52 - [TEST_STEP][PASSED] - z = z.substring(i1, z.length()): null

18-11-2024T02:50:52 - [TEST_STEP][PASSED] - i1 = z.indexOf("/"): null

18-11-2024T02:50:52 - [TEST_STEP][PASSED] - i1 = z.indexOf("/") + 1: null

18-11-2024T02:50:52 - [TEST_STEP][PASSED] - if (i1 > -1): null

18-11-2024T02:50:52 - [TEST_STEP][PASSED] - z = z.substring(i1, z.length()): null

18-11-2024T02:50:52 - [TEST_STEP][PASSED] - i1 = z.indexOf("/"): null

18-11-2024T02:50:52 - [TEST_STEP][PASSED] - i1 = z.indexOf("/") + 1: null

18-11-2024T02:50:52 - [TEST_STEP][PASSED] - if (i1 > -1): null

18-11-2024T02:50:52 - [TEST_STEP][PASSED] - z = z.substring(i1, z.length()): null

18-11-2024T02:50:52 - [TEST_STEP][PASSED] - i1 = z.indexOf("/"): null

18-11-2024T02:50:52 - [TEST_STEP][PASSED] - i1 = z.indexOf("/") + 1: null

18-11-2024T02:50:52 - [TEST_STEP][PASSED] - if (i1 > -1): null

18-11-2024T02:50:52 - [TEST_STEP][PASSED] - z = z.substring(i1, z.length()): null

18-11-2024T02:50:52 - [TEST_STEP][PASSED] - i1 = z.indexOf("/"): null

18-11-2024T02:50:52 - [TEST_STEP][PASSED] - i1 = z.indexOf("/") + 1: null

18-11-2024T02:50:52 - [TEST_STEP][PASSED] - if (i1 > -1): null

18-11-2024T02:50:52 - [TEST_STEP][PASSED] - z = z.substring(i1, z.length()): null

18-11-2024T02:50:52 - [TEST_STEP][PASSED] - i1 = z.indexOf("/"): null

18-11-2024T02:50:52 - [TEST_STEP][PASSED] - i1 = z.indexOf("/") + 1: null

18-11-2024T02:50:52 - [TEST_STEP][PASSED] - if (i1 > -1): null

18-11-2024T02:50:52 - [TEST_STEP][PASSED] - z = z.substring(i1, z.length()): null

18-11-2024T02:50:52 - [TEST_STEP][PASSED] - i1 = z.indexOf("/"): null

18-11-2024T02:50:52 - [TEST_STEP][PASSED] - i1 = z.indexOf("/") + 1: null

18-11-2024T02:50:52 - [TEST_STEP][PASSED] - if (i1 > -1): null

18-11-2024T02:50:52 - [TEST_STEP][PASSED] - z = z.substring(i1, z.length()): null

18-11-2024T02:50:52 - [TEST_STEP][PASSED] - i1 = z.indexOf("/"): null

18-11-2024T02:50:52 - [TEST_STEP][PASSED] - i1 = z.indexOf("/") + 1: null

18-11-2024T02:50:52 - [TEST_STEP][PASSED] - if (i1 > -1): null

18-11-2024T02:50:52 - [TEST_STEP][PASSED] - z = z.substring(i1, z.length()): null

18-11-2024T02:50:52 - [TEST_STEP][PASSED] - i1 = z.indexOf("/"): null

18-11-2024T02:50:52 - [TEST_STEP][PASSED] - i1 = z.indexOf("/") + 1: null

18-11-2024T02:50:52 - [TEST_STEP][PASSED] - if (i1 > -1): null

18-11-2024T02:50:52 - [TEST_STEP][PASSED] - z = z.substring(i1, z.length()): null

18-11-2024T02:50:52 - [TEST_STEP][PASSED] - i1 = z.indexOf("/"): null

18-11-2024T02:50:52 - [TEST_STEP][PASSED] - i1 = z.indexOf("/"): null

18-11-2024T02:50:52 - [TEST_STEP][PASSED] - if (i1 > -1): null

18-11-2024T02:50:52 - [TEST_STEP][PASSED] - z = z.substring(0, i1): null

18-11-2024T02:50:52 - [TEST_STEP][PASSED] - z = z.replace(",", "."): null

18-11-2024T02:50:52 - [TEST_STEP][PASSED] - println(z): null

18-11-2024T02:50:52 - [TEST_STEP][PASSED] - x = x + "/" + z: null

18-11-2024T02:50:52 - [TEST_STEP][PASSED] - x = x.replaceAll("[\r?
|
]", ""): null

18-11-2024T02:50:52 - [TEST_STEP][PASSED] - println(x): null

18-11-2024T02:50:52 - [TEST_STEP][PASSED] - return x: null

18-11-2024T02:50:52 - [TEST_STEP][PASSED] - println("tyumB: " + tyumB): null

18-11-2024T02:50:52 - [TEST_STEP][PASSED] - i = VseDZO.indexOf("Урал"): null

18-11-2024T02:50:52 - [TEST_STEP][PASSED] - if (i > -1): null

18-11-2024T02:50:52 - [TEST_STEP][PASSED] - dZONum = dZONum + 1: null

18-11-2024T02:50:52 - [TEST_STEP][PASSED] - urB = GetAllData(path, dZONum, VseDZO, x = "Россети Урал (ГК)/"): null

18-11-2024T02:50:52 - [TEST_STEP][PASSED] - ii = <not implemented yet for class: org.codehaus.groovy.ast.expr.EmptyExpression>: null

18-11-2024T02:50:52 - [TEST_STEP][PASSED] - i1 = <not implemented yet for class: org.codehaus.groovy.ast.expr.EmptyExpression>: null

18-11-2024T02:50:52 - [TEST_STEP][PASSED] - z = <not implemented yet for class: org.codehaus.groovy.ast.expr.EmptyExpression>: null

18-11-2024T02:50:52 - [TEST_STEP][PASSED] - path2 = "Значения со страницы Выполнение бизнес-плана/Table Data/": null

18-11-2024T02:50:52 - [TEST_STEP][PASSED] - println("path: " + path): null

18-11-2024T02:50:52 - [TEST_STEP][PASSED] - println("dZONum: " + dZONum): null

18-11-2024T02:50:52 - [TEST_STEP][PASSED] - z = getText(findTestObject(path + "spanPlan" + dZONum)): Text of object 'Object Repository/Выполнение бизнес-плана/Выполнение бизнес-плана Балансы/spanPlan13' is: '5.70
|'

18-11-2024T02:50:52 - [MESSAGE][PASSED] - Text of object 'Object Repository/Выполнение бизнес-плана/Выполнение бизнес-плана Балансы/spanPlan13' is: '5.70
|'

18-11-2024T02:50:52 - [TEST_STEP][PASSED] - println(z): null

18-11-2024T02:50:52 - [TEST_STEP][PASSED] - ii = z.indexOf("|"): null

18-11-2024T02:50:52 - [TEST_STEP][PASSED] - if (ii > -1): null

18-11-2024T02:50:52 - [TEST_STEP][PASSED] - z = z.substring(0, z.length() - 1): null

18-11-2024T02:50:52 - [TEST_STEP][PASSED] - println(z): null

18-11-2024T02:50:52 - [TEST_STEP][PASSED] - z = z.replaceAll("\s+", ""): null

18-11-2024T02:50:52 - [TEST_STEP][PASSED] - z = z.replace("[\r?
|
]", "/"): null

18-11-2024T02:50:52 - [TEST_STEP][PASSED] - println(z): null

18-11-2024T02:50:52 - [TEST_STEP][PASSED] - x = x + z: null

18-11-2024T02:50:52 - [TEST_STEP][PASSED] - z = getText(findTestObject(path + "spanFact" + dZONum)): Text of object 'Object Repository/Выполнение бизнес-плана/Выполнение бизнес-плана Балансы/spanFact13' is: '5.56'

18-11-2024T02:50:53 - [MESSAGE][PASSED] - Text of object 'Object Repository/Выполнение бизнес-плана/Выполнение бизнес-плана Балансы/spanFact13' is: '5.56'

18-11-2024T02:50:53 - [TEST_STEP][PASSED] - ii = z.indexOf("|"): null

18-11-2024T02:50:53 - [TEST_STEP][PASSED] - if (ii > -1): null

18-11-2024T02:50:53 - [TEST_STEP][PASSED] - x = x + "/" + z: null

18-11-2024T02:50:53 - [TEST_STEP][PASSED] - z = getText(findTestObject(path + path2 + "Факт Отпуск в сеть за отчётный период " + dZONum)).replaceAll("\s+", ""): Text of object 'Object Repository/Выполнение бизнес-плана/Выполнение бизнес-плана Балансы/Значения со страницы Выполнение бизнес-плана/Table Data/Факт Отпуск в сеть за отчётный период 13' is: '53 993 193'

18-11-2024T02:50:53 - [MESSAGE][PASSED] - Text of object 'Object Repository/Выполнение бизнес-плана/Выполнение бизнес-плана Балансы/Значения со страницы Выполнение бизнес-плана/Table Data/Факт Отпуск в сеть за отчётный период 13' is: '53 993 193'

18-11-2024T02:50:53 - [TEST_STEP][PASSED] - x = x + "/" + z: null

18-11-2024T02:50:53 - [TEST_STEP][PASSED] - z = getText(findTestObject(path + path2 + "Факт Отпуск из сети за отчётный период " + dZONum)).replaceAll("\s+", ""): Text of object 'Object Repository/Выполнение бизнес-плана/Выполнение бизнес-плана Балансы/Значения со страницы Выполнение бизнес-плана/Table Data/Факт Отпуск из сети за отчётный период 13' is: '50 992 089'

18-11-2024T02:50:53 - [MESSAGE][PASSED] - Text of object 'Object Repository/Выполнение бизнес-плана/Выполнение бизнес-плана Балансы/Значения со страницы Выполнение бизнес-плана/Table Data/Факт Отпуск из сети за отчётный период 13' is: '50 992 089'

18-11-2024T02:50:53 - [TEST_STEP][PASSED] - x = x + "/" + z: null

18-11-2024T02:50:53 - [TEST_STEP][PASSED] - z = getText(findTestObject(path + path2 + "Факт Потери за отчётный период " + dZONum)).replaceAll("\s+", ""): Text of object 'Object Repository/Выполнение бизнес-плана/Выполнение бизнес-плана Балансы/Значения со страницы Выполнение бизнес-плана/Table Data/Факт Потери за отчётный период 13' is: '3 001 103'

18-11-2024T02:50:53 - [MESSAGE][PASSED] - Text of object 'Object Repository/Выполнение бизнес-плана/Выполнение бизнес-плана Балансы/Значения со страницы Выполнение бизнес-плана/Table Data/Факт Потери за отчётный период 13' is: '3 001 103'

18-11-2024T02:50:53 - [TEST_STEP][PASSED] - x = x + "/" + z: null

18-11-2024T02:50:53 - [TEST_STEP][PASSED] - z = getText(findTestObject(path + path2 + "План Отпуск в сеть за отчётный период " + dZONum)).replaceAll("\s+", ""): Text of object 'Object Repository/Выполнение бизнес-плана/Выполнение бизнес-плана Балансы/Значения со страницы Выполнение бизнес-плана/Table Data/План Отпуск в сеть за отчётный период 13' is: '60 264 543'

18-11-2024T02:50:54 - [MESSAGE][PASSED] - Text of object 'Object Repository/Выполнение бизнес-плана/Выполнение бизнес-плана Балансы/Значения со страницы Выполнение бизнес-плана/Table Data/План Отпуск в сеть за отчётный период 13' is: '60 264 543'

18-11-2024T02:50:54 - [TEST_STEP][PASSED] - x = x + "/" + z: null

18-11-2024T02:50:54 - [TEST_STEP][PASSED] - z = getText(findTestObject(path + path2 + "План Отпуск из сети за отчётный период " + dZONum)).replaceAll("\s+", ""): Text of object 'Object Repository/Выполнение бизнес-плана/Выполнение бизнес-плана Балансы/Значения со страницы Выполнение бизнес-плана/Table Data/План Отпуск из сети за отчётный период 13' is: '56 779 989'

18-11-2024T02:50:54 - [MESSAGE][PASSED] - Text of object 'Object Repository/Выполнение бизнес-плана/Выполнение бизнес-плана Балансы/Значения со страницы Выполнение бизнес-плана/Table Data/План Отпуск из сети за отчётный период 13' is: '56 779 989'

18-11-2024T02:50:54 - [TEST_STEP][PASSED] - x = x + "/" + z: null

18-11-2024T02:50:54 - [TEST_STEP][PASSED] - z = getText(findTestObject(path + path2 + "План Потери за отчётный период " + dZONum)).replaceAll("\s+", ""): Text of object 'Object Repository/Выполнение бизнес-плана/Выполнение бизнес-плана Балансы/Значения со страницы Выполнение бизнес-плана/Table Data/План Потери за отчётный период 13' is: '3 484 554'

18-11-2024T02:50:54 - [MESSAGE][PASSED] - Text of object 'Object Repository/Выполнение бизнес-плана/Выполнение бизнес-плана Балансы/Значения со страницы Выполнение бизнес-плана/Table Data/План Потери за отчётный период 13' is: '3 484 554'

18-11-2024T02:50:54 - [TEST_STEP][PASSED] - x = x + "/" + z: null

18-11-2024T02:50:54 - [TEST_STEP][PASSED] - z = getText(findTestObject(path + "Список ДЗО")).replaceAll("[\r?
|
]", "/"): Text of object 'Object Repository/Выполнение бизнес-плана/Выполнение бизнес-плана Балансы/Список ДЗО' is: '-0.20
-0.07
3.72
-0.35
-0.53
-0.04
-0.01
3.84
-0.35
-0.05
-0.00
0.09
-0.15
-0.51
-0.25
-0.39
-0.20
Россети ФСКЕЭС
АО«Тываэнерго»
АО«Чеченэнерго»
РоссетиВолга
РоссетиКубань
РоссетиЛенэнерго(ГК)
РоссетиМосковскийрегион
РоссетиСеверныйКавказ
РоссетиСеверо-Запад
РоссетиСибирь
РоссетиТомск
РоссетиТюмень
Россети Урал(ГК)
РоссетиЦентр (ГК)
РоссетиЦентр иПриволжье(ГК)
Россети Юг(ГК)
РоссетиЯнтарь
0
2
4
6
-2
8'

18-11-2024T02:50:55 - [MESSAGE][PASSED] - Text of object 'Object Repository/Выполнение бизнес-плана/Выполнение бизнес-плана Балансы/Список ДЗО' is: '-0.20
-0.07
3.72
-0.35
-0.53
-0.04
-0.01
3.84
-0.35
-0.05
-0.00
0.09
-0.15
-0.51
-0.25
-0.39
-0.20
Россети ФСКЕЭС
АО«Тываэнерго»
АО«Чеченэнерго»
РоссетиВолга
РоссетиКубань
РоссетиЛенэнерго(ГК)
РоссетиМосковскийрегион
РоссетиСеверныйКавказ
РоссетиСеверо-Запад
РоссетиСибирь
РоссетиТомск
РоссетиТюмень
Россети Урал(ГК)
РоссетиЦентр (ГК)
РоссетиЦентр иПриволжье(ГК)
Россети Юг(ГК)
РоссетиЯнтарь
0
2
4
6
-2
8'

18-11-2024T02:50:55 - [TEST_STEP][PASSED] - for ([ii = 1, ii < dZONum, (ii++)]): null

18-11-2024T02:50:55 - [TEST_STEP][PASSED] - i1 = z.indexOf("/") + 1: null

18-11-2024T02:50:55 - [TEST_STEP][PASSED] - if (i1 > -1): null

18-11-2024T02:50:55 - [TEST_STEP][PASSED] - z = z.substring(i1, z.length()): null

18-11-2024T02:50:55 - [TEST_STEP][PASSED] - i1 = z.indexOf("/"): null

18-11-2024T02:50:55 - [TEST_STEP][PASSED] - i1 = z.indexOf("/") + 1: null

18-11-2024T02:50:55 - [TEST_STEP][PASSED] - if (i1 > -1): null

18-11-2024T02:50:55 - [TEST_STEP][PASSED] - z = z.substring(i1, z.length()): null

18-11-2024T02:50:55 - [TEST_STEP][PASSED] - i1 = z.indexOf("/"): null

18-11-2024T02:50:55 - [TEST_STEP][PASSED] - i1 = z.indexOf("/") + 1: null

18-11-2024T02:50:55 - [TEST_STEP][PASSED] - if (i1 > -1): null

18-11-2024T02:50:55 - [TEST_STEP][PASSED] - z = z.substring(i1, z.length()): null

18-11-2024T02:50:55 - [TEST_STEP][PASSED] - i1 = z.indexOf("/"): null

18-11-2024T02:50:55 - [TEST_STEP][PASSED] - i1 = z.indexOf("/") + 1: null

18-11-2024T02:50:55 - [TEST_STEP][PASSED] - if (i1 > -1): null

18-11-2024T02:50:55 - [TEST_STEP][PASSED] - z = z.substring(i1, z.length()): null

18-11-2024T02:50:55 - [TEST_STEP][PASSED] - i1 = z.indexOf("/"): null

18-11-2024T02:50:55 - [TEST_STEP][PASSED] - i1 = z.indexOf("/") + 1: null

18-11-2024T02:50:55 - [TEST_STEP][PASSED] - if (i1 > -1): null

18-11-2024T02:50:55 - [TEST_STEP][PASSED] - z = z.substring(i1, z.length()): null

18-11-2024T02:50:55 - [TEST_STEP][PASSED] - i1 = z.indexOf("/"): null

18-11-2024T02:50:55 - [TEST_STEP][PASSED] - i1 = z.indexOf("/") + 1: null

18-11-2024T02:50:55 - [TEST_STEP][PASSED] - if (i1 > -1): null

18-11-2024T02:50:55 - [TEST_STEP][PASSED] - z = z.substring(i1, z.length()): null

18-11-2024T02:50:55 - [TEST_STEP][PASSED] - i1 = z.indexOf("/"): null

18-11-2024T02:50:55 - [TEST_STEP][PASSED] - i1 = z.indexOf("/") + 1: null

18-11-2024T02:50:55 - [TEST_STEP][PASSED] - if (i1 > -1): null

18-11-2024T02:50:55 - [TEST_STEP][PASSED] - z = z.substring(i1, z.length()): null

18-11-2024T02:50:55 - [TEST_STEP][PASSED] - i1 = z.indexOf("/"): null

18-11-2024T02:50:55 - [TEST_STEP][PASSED] - i1 = z.indexOf("/") + 1: null

18-11-2024T02:50:55 - [TEST_STEP][PASSED] - if (i1 > -1): null

18-11-2024T02:50:55 - [TEST_STEP][PASSED] - z = z.substring(i1, z.length()): null

18-11-2024T02:50:55 - [TEST_STEP][PASSED] - i1 = z.indexOf("/"): null

18-11-2024T02:50:55 - [TEST_STEP][PASSED] - i1 = z.indexOf("/") + 1: null

18-11-2024T02:50:55 - [TEST_STEP][PASSED] - if (i1 > -1): null

18-11-2024T02:50:55 - [TEST_STEP][PASSED] - z = z.substring(i1, z.length()): null

18-11-2024T02:50:55 - [TEST_STEP][PASSED] - i1 = z.indexOf("/"): null

18-11-2024T02:50:55 - [TEST_STEP][PASSED] - i1 = z.indexOf("/") + 1: null

18-11-2024T02:50:55 - [TEST_STEP][PASSED] - if (i1 > -1): null

18-11-2024T02:50:55 - [TEST_STEP][PASSED] - z = z.substring(i1, z.length()): null

18-11-2024T02:50:55 - [TEST_STEP][PASSED] - i1 = z.indexOf("/"): null

18-11-2024T02:50:55 - [TEST_STEP][PASSED] - i1 = z.indexOf("/") + 1: null

18-11-2024T02:50:55 - [TEST_STEP][PASSED] - if (i1 > -1): null

18-11-2024T02:50:55 - [TEST_STEP][PASSED] - z = z.substring(i1, z.length()): null

18-11-2024T02:50:55 - [TEST_STEP][PASSED] - i1 = z.indexOf("/"): null

18-11-2024T02:50:55 - [TEST_STEP][PASSED] - i1 = z.indexOf("/") + 1: null

18-11-2024T02:50:55 - [TEST_STEP][PASSED] - if (i1 > -1): null

18-11-2024T02:50:55 - [TEST_STEP][PASSED] - z = z.substring(i1, z.length()): null

18-11-2024T02:50:55 - [TEST_STEP][PASSED] - i1 = z.indexOf("/"): null

18-11-2024T02:50:55 - [TEST_STEP][PASSED] - i1 = z.indexOf("/"): null

18-11-2024T02:50:55 - [TEST_STEP][PASSED] - if (i1 > -1): null

18-11-2024T02:50:55 - [TEST_STEP][PASSED] - z = z.substring(0, i1): null

18-11-2024T02:50:55 - [TEST_STEP][PASSED] - z = z.replace(",", "."): null

18-11-2024T02:50:55 - [TEST_STEP][PASSED] - println(z): null

18-11-2024T02:50:55 - [TEST_STEP][PASSED] - x = x + "/" + z: null

18-11-2024T02:50:55 - [TEST_STEP][PASSED] - x = x.replaceAll("[\r?
|
]", ""): null

18-11-2024T02:50:55 - [TEST_STEP][PASSED] - println(x): null

18-11-2024T02:50:55 - [TEST_STEP][PASSED] - return x: null

18-11-2024T02:50:55 - [TEST_STEP][PASSED] - println("urB: " + urB): null

18-11-2024T02:50:55 - [TEST_STEP][PASSED] - i = VseDZO.indexOf("Центр"): null

18-11-2024T02:50:55 - [TEST_STEP][PASSED] - if (i > -1): null

18-11-2024T02:50:55 - [TEST_STEP][PASSED] - dZONum = dZONum + 1: null

18-11-2024T02:50:55 - [TEST_STEP][PASSED] - cenB = GetAllData(path, dZONum, VseDZO, x = "Россети Центр (ГК)/"): null

18-11-2024T02:50:55 - [TEST_STEP][PASSED] - ii = <not implemented yet for class: org.codehaus.groovy.ast.expr.EmptyExpression>: null

18-11-2024T02:50:55 - [TEST_STEP][PASSED] - i1 = <not implemented yet for class: org.codehaus.groovy.ast.expr.EmptyExpression>: null

18-11-2024T02:50:55 - [TEST_STEP][PASSED] - z = <not implemented yet for class: org.codehaus.groovy.ast.expr.EmptyExpression>: null

18-11-2024T02:50:55 - [TEST_STEP][PASSED] - path2 = "Значения со страницы Выполнение бизнес-плана/Table Data/": null

18-11-2024T02:50:55 - [TEST_STEP][PASSED] - println("path: " + path): null

18-11-2024T02:50:55 - [TEST_STEP][PASSED] - println("dZONum: " + dZONum): null

18-11-2024T02:50:55 - [TEST_STEP][PASSED] - z = getText(findTestObject(path + "spanPlan" + dZONum)): Text of object 'Object Repository/Выполнение бизнес-плана/Выполнение бизнес-плана Балансы/spanPlan14' is: '9.98
|'

18-11-2024T02:50:55 - [MESSAGE][PASSED] - Text of object 'Object Repository/Выполнение бизнес-плана/Выполнение бизнес-плана Балансы/spanPlan14' is: '9.98
|'

18-11-2024T02:50:55 - [TEST_STEP][PASSED] - println(z): null

18-11-2024T02:50:55 - [TEST_STEP][PASSED] - ii = z.indexOf("|"): null

18-11-2024T02:50:55 - [TEST_STEP][PASSED] - if (ii > -1): null

18-11-2024T02:50:55 - [TEST_STEP][PASSED] - z = z.substring(0, z.length() - 1): null

18-11-2024T02:50:55 - [TEST_STEP][PASSED] - println(z): null

18-11-2024T02:50:55 - [TEST_STEP][PASSED] - z = z.replaceAll("\s+", ""): null

18-11-2024T02:50:55 - [TEST_STEP][PASSED] - z = z.replace("[\r?
|
]", "/"): null

18-11-2024T02:50:55 - [TEST_STEP][PASSED] - println(z): null

18-11-2024T02:50:55 - [TEST_STEP][PASSED] - x = x + z: null

18-11-2024T02:50:55 - [TEST_STEP][PASSED] - z = getText(findTestObject(path + "spanFact" + dZONum)): Text of object 'Object Repository/Выполнение бизнес-плана/Выполнение бизнес-плана Балансы/spanFact14' is: '9.48'

18-11-2024T02:50:55 - [MESSAGE][PASSED] - Text of object 'Object Repository/Выполнение бизнес-плана/Выполнение бизнес-плана Балансы/spanFact14' is: '9.48'

18-11-2024T02:50:55 - [TEST_STEP][PASSED] - ii = z.indexOf("|"): null

18-11-2024T02:50:55 - [TEST_STEP][PASSED] - if (ii > -1): null

18-11-2024T02:50:55 - [TEST_STEP][PASSED] - x = x + "/" + z: null

18-11-2024T02:50:55 - [TEST_STEP][PASSED] - z = getText(findTestObject(path + path2 + "Факт Отпуск в сеть за отчётный период " + dZONum)).replaceAll("\s+", ""): Text of object 'Object Repository/Выполнение бизнес-плана/Выполнение бизнес-плана Балансы/Значения со страницы Выполнение бизнес-плана/Table Data/Факт Отпуск в сеть за отчётный период 14' is: '44 371 600'

18-11-2024T02:50:56 - [MESSAGE][PASSED] - Text of object 'Object Repository/Выполнение бизнес-плана/Выполнение бизнес-плана Балансы/Значения со страницы Выполнение бизнес-плана/Table Data/Факт Отпуск в сеть за отчётный период 14' is: '44 371 600'

18-11-2024T02:50:56 - [TEST_STEP][PASSED] - x = x + "/" + z: null

18-11-2024T02:50:56 - [TEST_STEP][PASSED] - z = getText(findTestObject(path + path2 + "Факт Отпуск из сети за отчётный период " + dZONum)).replaceAll("\s+", ""): Text of object 'Object Repository/Выполнение бизнес-плана/Выполнение бизнес-плана Балансы/Значения со страницы Выполнение бизнес-плана/Table Data/Факт Отпуск из сети за отчётный период 14' is: '40 166 359'

18-11-2024T02:50:56 - [MESSAGE][PASSED] - Text of object 'Object Repository/Выполнение бизнес-плана/Выполнение бизнес-плана Балансы/Значения со страницы Выполнение бизнес-плана/Table Data/Факт Отпуск из сети за отчётный период 14' is: '40 166 359'

18-11-2024T02:50:56 - [TEST_STEP][PASSED] - x = x + "/" + z: null

18-11-2024T02:50:56 - [TEST_STEP][PASSED] - z = getText(findTestObject(path + path2 + "Факт Потери за отчётный период " + dZONum)).replaceAll("\s+", ""): Text of object 'Object Repository/Выполнение бизнес-плана/Выполнение бизнес-плана Балансы/Значения со страницы Выполнение бизнес-плана/Table Data/Факт Потери за отчётный период 14' is: '4 205 240'

18-11-2024T02:50:56 - [MESSAGE][PASSED] - Text of object 'Object Repository/Выполнение бизнес-плана/Выполнение бизнес-плана Балансы/Значения со страницы Выполнение бизнес-плана/Table Data/Факт Потери за отчётный период 14' is: '4 205 240'

18-11-2024T02:50:56 - [TEST_STEP][PASSED] - x = x + "/" + z: null

18-11-2024T02:50:56 - [TEST_STEP][PASSED] - z = getText(findTestObject(path + path2 + "План Отпуск в сеть за отчётный период " + dZONum)).replaceAll("\s+", ""): Text of object 'Object Repository/Выполнение бизнес-плана/Выполнение бизнес-плана Балансы/Значения со страницы Выполнение бизнес-плана/Table Data/План Отпуск в сеть за отчётный период 14' is: '43 055 315'

18-11-2024T02:50:57 - [MESSAGE][PASSED] - Text of object 'Object Repository/Выполнение бизнес-плана/Выполнение бизнес-плана Балансы/Значения со страницы Выполнение бизнес-плана/Table Data/План Отпуск в сеть за отчётный период 14' is: '43 055 315'

18-11-2024T02:50:57 - [TEST_STEP][PASSED] - x = x + "/" + z: null

18-11-2024T02:50:57 - [TEST_STEP][PASSED] - z = getText(findTestObject(path + path2 + "План Отпуск из сети за отчётный период " + dZONum)).replaceAll("\s+", ""): Text of object 'Object Repository/Выполнение бизнес-плана/Выполнение бизнес-плана Балансы/Значения со страницы Выполнение бизнес-плана/Table Data/План Отпуск из сети за отчётный период 14' is: '38 756 246'

18-11-2024T02:50:57 - [MESSAGE][PASSED] - Text of object 'Object Repository/Выполнение бизнес-плана/Выполнение бизнес-плана Балансы/Значения со страницы Выполнение бизнес-плана/Table Data/План Отпуск из сети за отчётный период 14' is: '38 756 246'

18-11-2024T02:50:57 - [TEST_STEP][PASSED] - x = x + "/" + z: null

18-11-2024T02:50:57 - [TEST_STEP][PASSED] - z = getText(findTestObject(path + path2 + "План Потери за отчётный период " + dZONum)).replaceAll("\s+", ""): Text of object 'Object Repository/Выполнение бизнес-плана/Выполнение бизнес-плана Балансы/Значения со страницы Выполнение бизнес-плана/Table Data/План Потери за отчётный период 14' is: '4 299 069'

18-11-2024T02:50:57 - [MESSAGE][PASSED] - Text of object 'Object Repository/Выполнение бизнес-плана/Выполнение бизнес-плана Балансы/Значения со страницы Выполнение бизнес-плана/Table Data/План Потери за отчётный период 14' is: '4 299 069'

18-11-2024T02:50:57 - [TEST_STEP][PASSED] - x = x + "/" + z: null

18-11-2024T02:50:57 - [TEST_STEP][PASSED] - z = getText(findTestObject(path + "Список ДЗО")).replaceAll("[\r?
|
]", "/"): Text of object 'Object Repository/Выполнение бизнес-плана/Выполнение бизнес-плана Балансы/Список ДЗО' is: '-0.20
-0.07
3.72
-0.35
-0.53
-0.04
-0.01
3.84
-0.35
-0.05
-0.00
0.09
-0.15
-0.51
-0.25
-0.39
-0.20
Россети ФСКЕЭС
АО«Тываэнерго»
АО«Чеченэнерго»
РоссетиВолга
РоссетиКубань
РоссетиЛенэнерго(ГК)
РоссетиМосковскийрегион
РоссетиСеверныйКавказ
РоссетиСеверо-Запад
РоссетиСибирь
РоссетиТомск
РоссетиТюмень
Россети Урал(ГК)
РоссетиЦентр (ГК)
РоссетиЦентр иПриволжье(ГК)
Россети Юг(ГК)
РоссетиЯнтарь
0
2
4
6
-2
8'

18-11-2024T02:50:57 - [MESSAGE][PASSED] - Text of object 'Object Repository/Выполнение бизнес-плана/Выполнение бизнес-плана Балансы/Список ДЗО' is: '-0.20
-0.07
3.72
-0.35
-0.53
-0.04
-0.01
3.84
-0.35
-0.05
-0.00
0.09
-0.15
-0.51
-0.25
-0.39
-0.20
Россети ФСКЕЭС
АО«Тываэнерго»
АО«Чеченэнерго»
РоссетиВолга
РоссетиКубань
РоссетиЛенэнерго(ГК)
РоссетиМосковскийрегион
РоссетиСеверныйКавказ
РоссетиСеверо-Запад
РоссетиСибирь
РоссетиТомск
РоссетиТюмень
Россети Урал(ГК)
РоссетиЦентр (ГК)
РоссетиЦентр иПриволжье(ГК)
Россети Юг(ГК)
РоссетиЯнтарь
0
2
4
6
-2
8'

18-11-2024T02:50:57 - [TEST_STEP][PASSED] - for ([ii = 1, ii < dZONum, (ii++)]): null

18-11-2024T02:50:57 - [TEST_STEP][PASSED] - i1 = z.indexOf("/") + 1: null

18-11-2024T02:50:57 - [TEST_STEP][PASSED] - if (i1 > -1): null

18-11-2024T02:50:57 - [TEST_STEP][PASSED] - z = z.substring(i1, z.length()): null

18-11-2024T02:50:57 - [TEST_STEP][PASSED] - i1 = z.indexOf("/"): null

18-11-2024T02:50:57 - [TEST_STEP][PASSED] - i1 = z.indexOf("/") + 1: null

18-11-2024T02:50:57 - [TEST_STEP][PASSED] - if (i1 > -1): null

18-11-2024T02:50:57 - [TEST_STEP][PASSED] - z = z.substring(i1, z.length()): null

18-11-2024T02:50:57 - [TEST_STEP][PASSED] - i1 = z.indexOf("/"): null

18-11-2024T02:50:57 - [TEST_STEP][PASSED] - i1 = z.indexOf("/") + 1: null

18-11-2024T02:50:57 - [TEST_STEP][PASSED] - if (i1 > -1): null

18-11-2024T02:50:57 - [TEST_STEP][PASSED] - z = z.substring(i1, z.length()): null

18-11-2024T02:50:57 - [TEST_STEP][PASSED] - i1 = z.indexOf("/"): null

18-11-2024T02:50:57 - [TEST_STEP][PASSED] - i1 = z.indexOf("/") + 1: null

18-11-2024T02:50:57 - [TEST_STEP][PASSED] - if (i1 > -1): null

18-11-2024T02:50:57 - [TEST_STEP][PASSED] - z = z.substring(i1, z.length()): null

18-11-2024T02:50:57 - [TEST_STEP][PASSED] - i1 = z.indexOf("/"): null

18-11-2024T02:50:57 - [TEST_STEP][PASSED] - i1 = z.indexOf("/") + 1: null

18-11-2024T02:50:57 - [TEST_STEP][PASSED] - if (i1 > -1): null

18-11-2024T02:50:57 - [TEST_STEP][PASSED] - z = z.substring(i1, z.length()): null

18-11-2024T02:50:57 - [TEST_STEP][PASSED] - i1 = z.indexOf("/"): null

18-11-2024T02:50:57 - [TEST_STEP][PASSED] - i1 = z.indexOf("/") + 1: null

18-11-2024T02:50:57 - [TEST_STEP][PASSED] - if (i1 > -1): null

18-11-2024T02:50:57 - [TEST_STEP][PASSED] - z = z.substring(i1, z.length()): null

18-11-2024T02:50:57 - [TEST_STEP][PASSED] - i1 = z.indexOf("/"): null

18-11-2024T02:50:57 - [TEST_STEP][PASSED] - i1 = z.indexOf("/") + 1: null

18-11-2024T02:50:57 - [TEST_STEP][PASSED] - if (i1 > -1): null

18-11-2024T02:50:57 - [TEST_STEP][PASSED] - z = z.substring(i1, z.length()): null

18-11-2024T02:50:57 - [TEST_STEP][PASSED] - i1 = z.indexOf("/"): null

18-11-2024T02:50:57 - [TEST_STEP][PASSED] - i1 = z.indexOf("/") + 1: null

18-11-2024T02:50:57 - [TEST_STEP][PASSED] - if (i1 > -1): null

18-11-2024T02:50:57 - [TEST_STEP][PASSED] - z = z.substring(i1, z.length()): null

18-11-2024T02:50:57 - [TEST_STEP][PASSED] - i1 = z.indexOf("/"): null

18-11-2024T02:50:57 - [TEST_STEP][PASSED] - i1 = z.indexOf("/") + 1: null

18-11-2024T02:50:57 - [TEST_STEP][PASSED] - if (i1 > -1): null

18-11-2024T02:50:57 - [TEST_STEP][PASSED] - z = z.substring(i1, z.length()): null

18-11-2024T02:50:57 - [TEST_STEP][PASSED] - i1 = z.indexOf("/"): null

18-11-2024T02:50:57 - [TEST_STEP][PASSED] - i1 = z.indexOf("/") + 1: null

18-11-2024T02:50:57 - [TEST_STEP][PASSED] - if (i1 > -1): null

18-11-2024T02:50:57 - [TEST_STEP][PASSED] - z = z.substring(i1, z.length()): null

18-11-2024T02:50:57 - [TEST_STEP][PASSED] - i1 = z.indexOf("/"): null

18-11-2024T02:50:57 - [TEST_STEP][PASSED] - i1 = z.indexOf("/") + 1: null

18-11-2024T02:50:57 - [TEST_STEP][PASSED] - if (i1 > -1): null

18-11-2024T02:50:57 - [TEST_STEP][PASSED] - z = z.substring(i1, z.length()): null

18-11-2024T02:50:57 - [TEST_STEP][PASSED] - i1 = z.indexOf("/"): null

18-11-2024T02:50:57 - [TEST_STEP][PASSED] - i1 = z.indexOf("/") + 1: null

18-11-2024T02:50:57 - [TEST_STEP][PASSED] - if (i1 > -1): null

18-11-2024T02:50:57 - [TEST_STEP][PASSED] - z = z.substring(i1, z.length()): null

18-11-2024T02:50:57 - [TEST_STEP][PASSED] - i1 = z.indexOf("/"): null

18-11-2024T02:50:57 - [TEST_STEP][PASSED] - i1 = z.indexOf("/") + 1: null

18-11-2024T02:50:57 - [TEST_STEP][PASSED] - if (i1 > -1): null

18-11-2024T02:50:57 - [TEST_STEP][PASSED] - z = z.substring(i1, z.length()): null

18-11-2024T02:50:57 - [TEST_STEP][PASSED] - i1 = z.indexOf("/"): null

18-11-2024T02:50:57 - [TEST_STEP][PASSED] - i1 = z.indexOf("/"): null

18-11-2024T02:50:57 - [TEST_STEP][PASSED] - if (i1 > -1): null

18-11-2024T02:50:57 - [TEST_STEP][PASSED] - z = z.substring(0, i1): null

18-11-2024T02:50:57 - [TEST_STEP][PASSED] - z = z.replace(",", "."): null

18-11-2024T02:50:57 - [TEST_STEP][PASSED] - println(z): null

18-11-2024T02:50:57 - [TEST_STEP][PASSED] - x = x + "/" + z: null

18-11-2024T02:50:57 - [TEST_STEP][PASSED] - x = x.replaceAll("[\r?
|
]", ""): null

18-11-2024T02:50:57 - [TEST_STEP][PASSED] - println(x): null

18-11-2024T02:50:57 - [TEST_STEP][PASSED] - return x: null

18-11-2024T02:50:57 - [TEST_STEP][PASSED] - println("cenB: " + cenB): null

18-11-2024T02:50:57 - [TEST_STEP][PASSED] - i = VseDZO.indexOf("Приволжье"): null

18-11-2024T02:50:57 - [TEST_STEP][PASSED] - if (i > -1): null

18-11-2024T02:50:57 - [TEST_STEP][PASSED] - dZONum = dZONum + 1: null

18-11-2024T02:50:57 - [TEST_STEP][PASSED] - cIPB = GetAllData(path, dZONum, VseDZO, x = "Россети Центр и Приволжье (ГК)/"): null

18-11-2024T02:50:57 - [TEST_STEP][PASSED] - ii = <not implemented yet for class: org.codehaus.groovy.ast.expr.EmptyExpression>: null

18-11-2024T02:50:57 - [TEST_STEP][PASSED] - i1 = <not implemented yet for class: org.codehaus.groovy.ast.expr.EmptyExpression>: null

18-11-2024T02:50:57 - [TEST_STEP][PASSED] - z = <not implemented yet for class: org.codehaus.groovy.ast.expr.EmptyExpression>: null

18-11-2024T02:50:57 - [TEST_STEP][PASSED] - path2 = "Значения со страницы Выполнение бизнес-плана/Table Data/": null

18-11-2024T02:50:57 - [TEST_STEP][PASSED] - println("path: " + path): null

18-11-2024T02:50:57 - [TEST_STEP][PASSED] - println("dZONum: " + dZONum): null

18-11-2024T02:50:57 - [TEST_STEP][PASSED] - z = getText(findTestObject(path + "spanPlan" + dZONum)): Text of object 'Object Repository/Выполнение бизнес-плана/Выполнение бизнес-плана Балансы/spanPlan15' is: '6.88
|'

18-11-2024T02:50:58 - [MESSAGE][PASSED] - Text of object 'Object Repository/Выполнение бизнес-плана/Выполнение бизнес-плана Балансы/spanPlan15' is: '6.88
|'

18-11-2024T02:50:58 - [TEST_STEP][PASSED] - println(z): null

18-11-2024T02:50:58 - [TEST_STEP][PASSED] - ii = z.indexOf("|"): null

18-11-2024T02:50:58 - [TEST_STEP][PASSED] - if (ii > -1): null

18-11-2024T02:50:58 - [TEST_STEP][PASSED] - z = z.substring(0, z.length() - 1): null

18-11-2024T02:50:58 - [TEST_STEP][PASSED] - println(z): null

18-11-2024T02:50:58 - [TEST_STEP][PASSED] - z = z.replaceAll("\s+", ""): null

18-11-2024T02:50:58 - [TEST_STEP][PASSED] - z = z.replace("[\r?
|
]", "/"): null

18-11-2024T02:50:58 - [TEST_STEP][PASSED] - println(z): null

18-11-2024T02:50:58 - [TEST_STEP][PASSED] - x = x + z: null

18-11-2024T02:50:58 - [TEST_STEP][PASSED] - z = getText(findTestObject(path + "spanFact" + dZONum)): Text of object 'Object Repository/Выполнение бизнес-плана/Выполнение бизнес-плана Балансы/spanFact15' is: '6.63'

18-11-2024T02:50:58 - [MESSAGE][PASSED] - Text of object 'Object Repository/Выполнение бизнес-плана/Выполнение бизнес-плана Балансы/spanFact15' is: '6.63'

18-11-2024T02:50:58 - [TEST_STEP][PASSED] - ii = z.indexOf("|"): null

18-11-2024T02:50:58 - [TEST_STEP][PASSED] - if (ii > -1): null

18-11-2024T02:50:58 - [TEST_STEP][PASSED] - x = x + "/" + z: null

18-11-2024T02:50:58 - [TEST_STEP][PASSED] - z = getText(findTestObject(path + path2 + "Факт Отпуск в сеть за отчётный период " + dZONum)).replaceAll("\s+", ""): Text of object 'Object Repository/Выполнение бизнес-плана/Выполнение бизнес-плана Балансы/Значения со страницы Выполнение бизнес-плана/Table Data/Факт Отпуск в сеть за отчётный период 15' is: '40 894 236'

18-11-2024T02:50:58 - [MESSAGE][PASSED] - Text of object 'Object Repository/Выполнение бизнес-плана/Выполнение бизнес-плана Балансы/Значения со страницы Выполнение бизнес-плана/Table Data/Факт Отпуск в сеть за отчётный период 15' is: '40 894 236'

18-11-2024T02:50:58 - [TEST_STEP][PASSED] - x = x + "/" + z: null

18-11-2024T02:50:58 - [TEST_STEP][PASSED] - z = getText(findTestObject(path + path2 + "Факт Отпуск из сети за отчётный период " + dZONum)).replaceAll("\s+", ""): Text of object 'Object Repository/Выполнение бизнес-плана/Выполнение бизнес-плана Балансы/Значения со страницы Выполнение бизнес-плана/Table Data/Факт Отпуск из сети за отчётный период 15' is: '38 182 923'

18-11-2024T02:50:59 - [MESSAGE][PASSED] - Text of object 'Object Repository/Выполнение бизнес-плана/Выполнение бизнес-плана Балансы/Значения со страницы Выполнение бизнес-плана/Table Data/Факт Отпуск из сети за отчётный период 15' is: '38 182 923'

18-11-2024T02:50:59 - [TEST_STEP][PASSED] - x = x + "/" + z: null

18-11-2024T02:50:59 - [TEST_STEP][PASSED] - z = getText(findTestObject(path + path2 + "Факт Потери за отчётный период " + dZONum)).replaceAll("\s+", ""): Text of object 'Object Repository/Выполнение бизнес-плана/Выполнение бизнес-плана Балансы/Значения со страницы Выполнение бизнес-плана/Table Data/Факт Потери за отчётный период 15' is: '2 711 313'

18-11-2024T02:50:59 - [MESSAGE][PASSED] - Text of object 'Object Repository/Выполнение бизнес-плана/Выполнение бизнес-плана Балансы/Значения со страницы Выполнение бизнес-плана/Table Data/Факт Потери за отчётный период 15' is: '2 711 313'

18-11-2024T02:50:59 - [TEST_STEP][PASSED] - x = x + "/" + z: null

18-11-2024T02:50:59 - [TEST_STEP][PASSED] - z = getText(findTestObject(path + path2 + "План Отпуск в сеть за отчётный период " + dZONum)).replaceAll("\s+", ""): Text of object 'Object Repository/Выполнение бизнес-плана/Выполнение бизнес-плана Балансы/Значения со страницы Выполнение бизнес-плана/Table Data/План Отпуск в сеть за отчётный период 15' is: '39 451 497'

18-11-2024T02:50:59 - [MESSAGE][PASSED] - Text of object 'Object Repository/Выполнение бизнес-плана/Выполнение бизнес-плана Балансы/Значения со страницы Выполнение бизнес-плана/Table Data/План Отпуск в сеть за отчётный период 15' is: '39 451 497'

18-11-2024T02:50:59 - [TEST_STEP][PASSED] - x = x + "/" + z: null

18-11-2024T02:50:59 - [TEST_STEP][PASSED] - z = getText(findTestObject(path + path2 + "План Отпуск из сети за отчётный период " + dZONum)).replaceAll("\s+", ""): Text of object 'Object Repository/Выполнение бизнес-плана/Выполнение бизнес-плана Балансы/Значения со страницы Выполнение бизнес-плана/Table Data/План Отпуск из сети за отчётный период 15' is: '36 738 034'

18-11-2024T02:51:00 - [MESSAGE][PASSED] - Text of object 'Object Repository/Выполнение бизнес-плана/Выполнение бизнес-плана Балансы/Значения со страницы Выполнение бизнес-плана/Table Data/План Отпуск из сети за отчётный период 15' is: '36 738 034'

18-11-2024T02:51:00 - [TEST_STEP][PASSED] - x = x + "/" + z: null

18-11-2024T02:51:00 - [TEST_STEP][PASSED] - z = getText(findTestObject(path + path2 + "План Потери за отчётный период " + dZONum)).replaceAll("\s+", ""): Text of object 'Object Repository/Выполнение бизнес-плана/Выполнение бизнес-плана Балансы/Значения со страницы Выполнение бизнес-плана/Table Data/План Потери за отчётный период 15' is: '2 713 463'

18-11-2024T02:51:00 - [MESSAGE][PASSED] - Text of object 'Object Repository/Выполнение бизнес-плана/Выполнение бизнес-плана Балансы/Значения со страницы Выполнение бизнес-плана/Table Data/План Потери за отчётный период 15' is: '2 713 463'

18-11-2024T02:51:00 - [TEST_STEP][PASSED] - x = x + "/" + z: null

18-11-2024T02:51:00 - [TEST_STEP][PASSED] - z = getText(findTestObject(path + "Список ДЗО")).replaceAll("[\r?
|
]", "/"): Text of object 'Object Repository/Выполнение бизнес-плана/Выполнение бизнес-плана Балансы/Список ДЗО' is: '-0.20
-0.07
3.72
-0.35
-0.53
-0.04
-0.01
3.84
-0.35
-0.05
-0.00
0.09
-0.15
-0.51
-0.25
-0.39
-0.20
Россети ФСКЕЭС
АО«Тываэнерго»
АО«Чеченэнерго»
РоссетиВолга
РоссетиКубань
РоссетиЛенэнерго(ГК)
РоссетиМосковскийрегион
РоссетиСеверныйКавказ
РоссетиСеверо-Запад
РоссетиСибирь
РоссетиТомск
РоссетиТюмень
Россети Урал(ГК)
РоссетиЦентр (ГК)
РоссетиЦентр иПриволжье(ГК)
Россети Юг(ГК)
РоссетиЯнтарь
0
2
4
6
-2
8'

18-11-2024T02:51:00 - [MESSAGE][PASSED] - Text of object 'Object Repository/Выполнение бизнес-плана/Выполнение бизнес-плана Балансы/Список ДЗО' is: '-0.20
-0.07
3.72
-0.35
-0.53
-0.04
-0.01
3.84
-0.35
-0.05
-0.00
0.09
-0.15
-0.51
-0.25
-0.39
-0.20
Россети ФСКЕЭС
АО«Тываэнерго»
АО«Чеченэнерго»
РоссетиВолга
РоссетиКубань
РоссетиЛенэнерго(ГК)
РоссетиМосковскийрегион
РоссетиСеверныйКавказ
РоссетиСеверо-Запад
РоссетиСибирь
РоссетиТомск
РоссетиТюмень
Россети Урал(ГК)
РоссетиЦентр (ГК)
РоссетиЦентр иПриволжье(ГК)
Россети Юг(ГК)
РоссетиЯнтарь
0
2
4
6
-2
8'

18-11-2024T02:51:00 - [TEST_STEP][PASSED] - for ([ii = 1, ii < dZONum, (ii++)]): null

18-11-2024T02:51:00 - [TEST_STEP][PASSED] - i1 = z.indexOf("/") + 1: null

18-11-2024T02:51:00 - [TEST_STEP][PASSED] - if (i1 > -1): null

18-11-2024T02:51:00 - [TEST_STEP][PASSED] - z = z.substring(i1, z.length()): null

18-11-2024T02:51:00 - [TEST_STEP][PASSED] - i1 = z.indexOf("/"): null

18-11-2024T02:51:00 - [TEST_STEP][PASSED] - i1 = z.indexOf("/") + 1: null

18-11-2024T02:51:00 - [TEST_STEP][PASSED] - if (i1 > -1): null

18-11-2024T02:51:00 - [TEST_STEP][PASSED] - z = z.substring(i1, z.length()): null

18-11-2024T02:51:00 - [TEST_STEP][PASSED] - i1 = z.indexOf("/"): null

18-11-2024T02:51:00 - [TEST_STEP][PASSED] - i1 = z.indexOf("/") + 1: null

18-11-2024T02:51:00 - [TEST_STEP][PASSED] - if (i1 > -1): null

18-11-2024T02:51:00 - [TEST_STEP][PASSED] - z = z.substring(i1, z.length()): null

18-11-2024T02:51:00 - [TEST_STEP][PASSED] - i1 = z.indexOf("/"): null

18-11-2024T02:51:00 - [TEST_STEP][PASSED] - i1 = z.indexOf("/") + 1: null

18-11-2024T02:51:00 - [TEST_STEP][PASSED] - if (i1 > -1): null

18-11-2024T02:51:00 - [TEST_STEP][PASSED] - z = z.substring(i1, z.length()): null

18-11-2024T02:51:00 - [TEST_STEP][PASSED] - i1 = z.indexOf("/"): null

18-11-2024T02:51:00 - [TEST_STEP][PASSED] - i1 = z.indexOf("/") + 1: null

18-11-2024T02:51:00 - [TEST_STEP][PASSED] - if (i1 > -1): null

18-11-2024T02:51:00 - [TEST_STEP][PASSED] - z = z.substring(i1, z.length()): null

18-11-2024T02:51:00 - [TEST_STEP][PASSED] - i1 = z.indexOf("/"): null

18-11-2024T02:51:00 - [TEST_STEP][PASSED] - i1 = z.indexOf("/") + 1: null

18-11-2024T02:51:00 - [TEST_STEP][PASSED] - if (i1 > -1): null

18-11-2024T02:51:00 - [TEST_STEP][PASSED] - z = z.substring(i1, z.length()): null

18-11-2024T02:51:00 - [TEST_STEP][PASSED] - i1 = z.indexOf("/"): null

18-11-2024T02:51:00 - [TEST_STEP][PASSED] - i1 = z.indexOf("/") + 1: null

18-11-2024T02:51:00 - [TEST_STEP][PASSED] - if (i1 > -1): null

18-11-2024T02:51:00 - [TEST_STEP][PASSED] - z = z.substring(i1, z.length()): null

18-11-2024T02:51:00 - [TEST_STEP][PASSED] - i1 = z.indexOf("/"): null

18-11-2024T02:51:00 - [TEST_STEP][PASSED] - i1 = z.indexOf("/") + 1: null

18-11-2024T02:51:00 - [TEST_STEP][PASSED] - if (i1 > -1): null

18-11-2024T02:51:00 - [TEST_STEP][PASSED] - z = z.substring(i1, z.length()): null

18-11-2024T02:51:00 - [TEST_STEP][PASSED] - i1 = z.indexOf("/"): null

18-11-2024T02:51:00 - [TEST_STEP][PASSED] - i1 = z.indexOf("/") + 1: null

18-11-2024T02:51:00 - [TEST_STEP][PASSED] - if (i1 > -1): null

18-11-2024T02:51:00 - [TEST_STEP][PASSED] - z = z.substring(i1, z.length()): null

18-11-2024T02:51:00 - [TEST_STEP][PASSED] - i1 = z.indexOf("/"): null

18-11-2024T02:51:00 - [TEST_STEP][PASSED] - i1 = z.indexOf("/") + 1: null

18-11-2024T02:51:00 - [TEST_STEP][PASSED] - if (i1 > -1): null

18-11-2024T02:51:00 - [TEST_STEP][PASSED] - z = z.substring(i1, z.length()): null

18-11-2024T02:51:00 - [TEST_STEP][PASSED] - i1 = z.indexOf("/"): null

18-11-2024T02:51:00 - [TEST_STEP][PASSED] - i1 = z.indexOf("/") + 1: null

18-11-2024T02:51:00 - [TEST_STEP][PASSED] - if (i1 > -1): null

18-11-2024T02:51:00 - [TEST_STEP][PASSED] - z = z.substring(i1, z.length()): null

18-11-2024T02:51:00 - [TEST_STEP][PASSED] - i1 = z.indexOf("/"): null

18-11-2024T02:51:00 - [TEST_STEP][PASSED] - i1 = z.indexOf("/") + 1: null

18-11-2024T02:51:00 - [TEST_STEP][PASSED] - if (i1 > -1): null

18-11-2024T02:51:00 - [TEST_STEP][PASSED] - z = z.substring(i1, z.length()): null

18-11-2024T02:51:00 - [TEST_STEP][PASSED] - i1 = z.indexOf("/"): null

18-11-2024T02:51:00 - [TEST_STEP][PASSED] - i1 = z.indexOf("/") + 1: null

18-11-2024T02:51:00 - [TEST_STEP][PASSED] - if (i1 > -1): null

18-11-2024T02:51:00 - [TEST_STEP][PASSED] - z = z.substring(i1, z.length()): null

18-11-2024T02:51:00 - [TEST_STEP][PASSED] - i1 = z.indexOf("/"): null

18-11-2024T02:51:00 - [TEST_STEP][PASSED] - i1 = z.indexOf("/") + 1: null

18-11-2024T02:51:00 - [TEST_STEP][PASSED] - if (i1 > -1): null

18-11-2024T02:51:00 - [TEST_STEP][PASSED] - z = z.substring(i1, z.length()): null

18-11-2024T02:51:00 - [TEST_STEP][PASSED] - i1 = z.indexOf("/"): null

18-11-2024T02:51:00 - [TEST_STEP][PASSED] - i1 = z.indexOf("/"): null

18-11-2024T02:51:00 - [TEST_STEP][PASSED] - if (i1 > -1): null

18-11-2024T02:51:00 - [TEST_STEP][PASSED] - z = z.substring(0, i1): null

18-11-2024T02:51:00 - [TEST_STEP][PASSED] - z = z.replace(",", "."): null

18-11-2024T02:51:00 - [TEST_STEP][PASSED] - println(z): null

18-11-2024T02:51:00 - [TEST_STEP][PASSED] - x = x + "/" + z: null

18-11-2024T02:51:00 - [TEST_STEP][PASSED] - x = x.replaceAll("[\r?
|
]", ""): null

18-11-2024T02:51:00 - [TEST_STEP][PASSED] - println(x): null

18-11-2024T02:51:00 - [TEST_STEP][PASSED] - return x: null

18-11-2024T02:51:00 - [TEST_STEP][PASSED] - println("cIPB: " + cIPB): null

18-11-2024T02:51:00 - [TEST_STEP][PASSED] - i = VseDZO.indexOf("Юг"): null

18-11-2024T02:51:00 - [TEST_STEP][PASSED] - if (i > -1): null

18-11-2024T02:51:00 - [TEST_STEP][PASSED] - dZONum = dZONum + 1: null

18-11-2024T02:51:00 - [TEST_STEP][PASSED] - ugB = GetAllData(path, dZONum, VseDZO, x = "Россети Юг (ГК)/"): null

18-11-2024T02:51:00 - [TEST_STEP][PASSED] - ii = <not implemented yet for class: org.codehaus.groovy.ast.expr.EmptyExpression>: null

18-11-2024T02:51:00 - [TEST_STEP][PASSED] - i1 = <not implemented yet for class: org.codehaus.groovy.ast.expr.EmptyExpression>: null

18-11-2024T02:51:00 - [TEST_STEP][PASSED] - z = <not implemented yet for class: org.codehaus.groovy.ast.expr.EmptyExpression>: null

18-11-2024T02:51:00 - [TEST_STEP][PASSED] - path2 = "Значения со страницы Выполнение бизнес-плана/Table Data/": null

18-11-2024T02:51:00 - [TEST_STEP][PASSED] - println("path: " + path): null

18-11-2024T02:51:00 - [TEST_STEP][PASSED] - println("dZONum: " + dZONum): null

18-11-2024T02:51:00 - [TEST_STEP][PASSED] - z = getText(findTestObject(path + "spanPlan" + dZONum)): Text of object 'Object Repository/Выполнение бизнес-плана/Выполнение бизнес-плана Балансы/spanPlan16' is: '9.28
|'

18-11-2024T02:51:01 - [MESSAGE][PASSED] - Text of object 'Object Repository/Выполнение бизнес-плана/Выполнение бизнес-плана Балансы/spanPlan16' is: '9.28
|'

18-11-2024T02:51:01 - [TEST_STEP][PASSED] - println(z): null

18-11-2024T02:51:01 - [TEST_STEP][PASSED] - ii = z.indexOf("|"): null

18-11-2024T02:51:01 - [TEST_STEP][PASSED] - if (ii > -1): null

18-11-2024T02:51:01 - [TEST_STEP][PASSED] - z = z.substring(0, z.length() - 1): null

18-11-2024T02:51:01 - [TEST_STEP][PASSED] - println(z): null

18-11-2024T02:51:01 - [TEST_STEP][PASSED] - z = z.replaceAll("\s+", ""): null

18-11-2024T02:51:01 - [TEST_STEP][PASSED] - z = z.replace("[\r?
|
]", "/"): null

18-11-2024T02:51:01 - [TEST_STEP][PASSED] - println(z): null

18-11-2024T02:51:01 - [TEST_STEP][PASSED] - x = x + z: null

18-11-2024T02:51:01 - [TEST_STEP][PASSED] - z = getText(findTestObject(path + "spanFact" + dZONum)): Text of object 'Object Repository/Выполнение бизнес-плана/Выполнение бизнес-плана Балансы/spanFact16' is: '8.88'

18-11-2024T02:51:01 - [MESSAGE][PASSED] - Text of object 'Object Repository/Выполнение бизнес-плана/Выполнение бизнес-плана Балансы/spanFact16' is: '8.88'

18-11-2024T02:51:01 - [TEST_STEP][PASSED] - ii = z.indexOf("|"): null

18-11-2024T02:51:01 - [TEST_STEP][PASSED] - if (ii > -1): null

18-11-2024T02:51:01 - [TEST_STEP][PASSED] - x = x + "/" + z: null

18-11-2024T02:51:01 - [TEST_STEP][PASSED] - z = getText(findTestObject(path + path2 + "Факт Отпуск в сеть за отчётный период " + dZONum)).replaceAll("\s+", ""): Text of object 'Object Repository/Выполнение бизнес-плана/Выполнение бизнес-плана Балансы/Значения со страницы Выполнение бизнес-плана/Table Data/Факт Отпуск в сеть за отчётный период 16' is: '20 309 528'

18-11-2024T02:51:01 - [MESSAGE][PASSED] - Text of object 'Object Repository/Выполнение бизнес-плана/Выполнение бизнес-плана Балансы/Значения со страницы Выполнение бизнес-плана/Table Data/Факт Отпуск в сеть за отчётный период 16' is: '20 309 528'

18-11-2024T02:51:01 - [TEST_STEP][PASSED] - x = x + "/" + z: null

18-11-2024T02:51:01 - [TEST_STEP][PASSED] - z = getText(findTestObject(path + path2 + "Факт Отпуск из сети за отчётный период " + dZONum)).replaceAll("\s+", ""): Text of object 'Object Repository/Выполнение бизнес-плана/Выполнение бизнес-плана Балансы/Значения со страницы Выполнение бизнес-плана/Table Data/Факт Отпуск из сети за отчётный период 16' is: '18 505 161'

18-11-2024T02:51:01 - [MESSAGE][PASSED] - Text of object 'Object Repository/Выполнение бизнес-плана/Выполнение бизнес-плана Балансы/Значения со страницы Выполнение бизнес-плана/Table Data/Факт Отпуск из сети за отчётный период 16' is: '18 505 161'

18-11-2024T02:51:01 - [TEST_STEP][PASSED] - x = x + "/" + z: null

18-11-2024T02:51:01 - [TEST_STEP][PASSED] - z = getText(findTestObject(path + path2 + "Факт Потери за отчётный период " + dZONum)).replaceAll("\s+", ""): Text of object 'Object Repository/Выполнение бизнес-плана/Выполнение бизнес-плана Балансы/Значения со страницы Выполнение бизнес-плана/Table Data/Факт Потери за отчётный период 16' is: '1 804 367'

18-11-2024T02:51:02 - [MESSAGE][PASSED] - Text of object 'Object Repository/Выполнение бизнес-плана/Выполнение бизнес-плана Балансы/Значения со страницы Выполнение бизнес-плана/Table Data/Факт Потери за отчётный период 16' is: '1 804 367'

18-11-2024T02:51:02 - [TEST_STEP][PASSED] - x = x + "/" + z: null

18-11-2024T02:51:02 - [TEST_STEP][PASSED] - z = getText(findTestObject(path + path2 + "План Отпуск в сеть за отчётный период " + dZONum)).replaceAll("\s+", ""): Text of object 'Object Repository/Выполнение бизнес-плана/Выполнение бизнес-плана Балансы/Значения со страницы Выполнение бизнес-плана/Table Data/План Отпуск в сеть за отчётный период 16' is: '19 634 178'

18-11-2024T02:51:02 - [MESSAGE][PASSED] - Text of object 'Object Repository/Выполнение бизнес-плана/Выполнение бизнес-плана Балансы/Значения со страницы Выполнение бизнес-плана/Table Data/План Отпуск в сеть за отчётный период 16' is: '19 634 178'

18-11-2024T02:51:02 - [TEST_STEP][PASSED] - x = x + "/" + z: null

18-11-2024T02:51:02 - [TEST_STEP][PASSED] - z = getText(findTestObject(path + path2 + "План Отпуск из сети за отчётный период " + dZONum)).replaceAll("\s+", ""): Text of object 'Object Repository/Выполнение бизнес-плана/Выполнение бизнес-плана Балансы/Значения со страницы Выполнение бизнес-плана/Table Data/План Отпуск из сети за отчётный период 16' is: '17 812 520'

18-11-2024T02:51:02 - [MESSAGE][PASSED] - Text of object 'Object Repository/Выполнение бизнес-плана/Выполнение бизнес-плана Балансы/Значения со страницы Выполнение бизнес-плана/Table Data/План Отпуск из сети за отчётный период 16' is: '17 812 520'

18-11-2024T02:51:02 - [TEST_STEP][PASSED] - x = x + "/" + z: null

18-11-2024T02:51:02 - [TEST_STEP][PASSED] - z = getText(findTestObject(path + path2 + "План Потери за отчётный период " + dZONum)).replaceAll("\s+", ""): Text of object 'Object Repository/Выполнение бизнес-плана/Выполнение бизнес-плана Балансы/Значения со страницы Выполнение бизнес-плана/Table Data/План Потери за отчётный период 16' is: '1 821 658'

18-11-2024T02:51:03 - [MESSAGE][PASSED] - Text of object 'Object Repository/Выполнение бизнес-плана/Выполнение бизнес-плана Балансы/Значения со страницы Выполнение бизнес-плана/Table Data/План Потери за отчётный период 16' is: '1 821 658'

18-11-2024T02:51:03 - [TEST_STEP][PASSED] - x = x + "/" + z: null

18-11-2024T02:51:03 - [TEST_STEP][PASSED] - z = getText(findTestObject(path + "Список ДЗО")).replaceAll("[\r?
|
]", "/"): Text of object 'Object Repository/Выполнение бизнес-плана/Выполнение бизнес-плана Балансы/Список ДЗО' is: '-0.20
-0.07
3.72
-0.35
-0.53
-0.04
-0.01
3.84
-0.35
-0.05
-0.00
0.09
-0.15
-0.51
-0.25
-0.39
-0.20
Россети ФСКЕЭС
АО«Тываэнерго»
АО«Чеченэнерго»
РоссетиВолга
РоссетиКубань
РоссетиЛенэнерго(ГК)
РоссетиМосковскийрегион
РоссетиСеверныйКавказ
РоссетиСеверо-Запад
РоссетиСибирь
РоссетиТомск
РоссетиТюмень
Россети Урал(ГК)
РоссетиЦентр (ГК)
РоссетиЦентр иПриволжье(ГК)
Россети Юг(ГК)
РоссетиЯнтарь
0
2
4
6
-2
8'

18-11-2024T02:51:03 - [MESSAGE][PASSED] - Text of object 'Object Repository/Выполнение бизнес-плана/Выполнение бизнес-плана Балансы/Список ДЗО' is: '-0.20
-0.07
3.72
-0.35
-0.53
-0.04
-0.01
3.84
-0.35
-0.05
-0.00
0.09
-0.15
-0.51
-0.25
-0.39
-0.20
Россети ФСКЕЭС
АО«Тываэнерго»
АО«Чеченэнерго»
РоссетиВолга
РоссетиКубань
РоссетиЛенэнерго(ГК)
РоссетиМосковскийрегион
РоссетиСеверныйКавказ
РоссетиСеверо-Запад
РоссетиСибирь
РоссетиТомск
РоссетиТюмень
Россети Урал(ГК)
РоссетиЦентр (ГК)
РоссетиЦентр иПриволжье(ГК)
Россети Юг(ГК)
РоссетиЯнтарь
0
2
4
6
-2
8'

18-11-2024T02:51:03 - [TEST_STEP][PASSED] - for ([ii = 1, ii < dZONum, (ii++)]): null

18-11-2024T02:51:03 - [TEST_STEP][PASSED] - i1 = z.indexOf("/") + 1: null

18-11-2024T02:51:03 - [TEST_STEP][PASSED] - if (i1 > -1): null

18-11-2024T02:51:03 - [TEST_STEP][PASSED] - z = z.substring(i1, z.length()): null

18-11-2024T02:51:03 - [TEST_STEP][PASSED] - i1 = z.indexOf("/"): null

18-11-2024T02:51:03 - [TEST_STEP][PASSED] - i1 = z.indexOf("/") + 1: null

18-11-2024T02:51:03 - [TEST_STEP][PASSED] - if (i1 > -1): null

18-11-2024T02:51:03 - [TEST_STEP][PASSED] - z = z.substring(i1, z.length()): null

18-11-2024T02:51:03 - [TEST_STEP][PASSED] - i1 = z.indexOf("/"): null

18-11-2024T02:51:03 - [TEST_STEP][PASSED] - i1 = z.indexOf("/") + 1: null

18-11-2024T02:51:03 - [TEST_STEP][PASSED] - if (i1 > -1): null

18-11-2024T02:51:03 - [TEST_STEP][PASSED] - z = z.substring(i1, z.length()): null

18-11-2024T02:51:03 - [TEST_STEP][PASSED] - i1 = z.indexOf("/"): null

18-11-2024T02:51:03 - [TEST_STEP][PASSED] - i1 = z.indexOf("/") + 1: null

18-11-2024T02:51:03 - [TEST_STEP][PASSED] - if (i1 > -1): null

18-11-2024T02:51:03 - [TEST_STEP][PASSED] - z = z.substring(i1, z.length()): null

18-11-2024T02:51:03 - [TEST_STEP][PASSED] - i1 = z.indexOf("/"): null

18-11-2024T02:51:03 - [TEST_STEP][PASSED] - i1 = z.indexOf("/") + 1: null

18-11-2024T02:51:03 - [TEST_STEP][PASSED] - if (i1 > -1): null

18-11-2024T02:51:03 - [TEST_STEP][PASSED] - z = z.substring(i1, z.length()): null

18-11-2024T02:51:03 - [TEST_STEP][PASSED] - i1 = z.indexOf("/"): null

18-11-2024T02:51:03 - [TEST_STEP][PASSED] - i1 = z.indexOf("/") + 1: null

18-11-2024T02:51:03 - [TEST_STEP][PASSED] - if (i1 > -1): null

18-11-2024T02:51:03 - [TEST_STEP][PASSED] - z = z.substring(i1, z.length()): null

18-11-2024T02:51:03 - [TEST_STEP][PASSED] - i1 = z.indexOf("/"): null

18-11-2024T02:51:03 - [TEST_STEP][PASSED] - i1 = z.indexOf("/") + 1: null

18-11-2024T02:51:03 - [TEST_STEP][PASSED] - if (i1 > -1): null

18-11-2024T02:51:03 - [TEST_STEP][PASSED] - z = z.substring(i1, z.length()): null

18-11-2024T02:51:03 - [TEST_STEP][PASSED] - i1 = z.indexOf("/"): null

18-11-2024T02:51:03 - [TEST_STEP][PASSED] - i1 = z.indexOf("/") + 1: null

18-11-2024T02:51:03 - [TEST_STEP][PASSED] - if (i1 > -1): null

18-11-2024T02:51:03 - [TEST_STEP][PASSED] - z = z.substring(i1, z.length()): null

18-11-2024T02:51:03 - [TEST_STEP][PASSED] - i1 = z.indexOf("/"): null

18-11-2024T02:51:03 - [TEST_STEP][PASSED] - i1 = z.indexOf("/") + 1: null

18-11-2024T02:51:03 - [TEST_STEP][PASSED] - if (i1 > -1): null

18-11-2024T02:51:03 - [TEST_STEP][PASSED] - z = z.substring(i1, z.length()): null

18-11-2024T02:51:03 - [TEST_STEP][PASSED] - i1 = z.indexOf("/"): null

18-11-2024T02:51:03 - [TEST_STEP][PASSED] - i1 = z.indexOf("/") + 1: null

18-11-2024T02:51:03 - [TEST_STEP][PASSED] - if (i1 > -1): null

18-11-2024T02:51:03 - [TEST_STEP][PASSED] - z = z.substring(i1, z.length()): null

18-11-2024T02:51:03 - [TEST_STEP][PASSED] - i1 = z.indexOf("/"): null

18-11-2024T02:51:03 - [TEST_STEP][PASSED] - i1 = z.indexOf("/") + 1: null

18-11-2024T02:51:03 - [TEST_STEP][PASSED] - if (i1 > -1): null

18-11-2024T02:51:03 - [TEST_STEP][PASSED] - z = z.substring(i1, z.length()): null

18-11-2024T02:51:03 - [TEST_STEP][PASSED] - i1 = z.indexOf("/"): null

18-11-2024T02:51:03 - [TEST_STEP][PASSED] - i1 = z.indexOf("/") + 1: null

18-11-2024T02:51:03 - [TEST_STEP][PASSED] - if (i1 > -1): null

18-11-2024T02:51:03 - [TEST_STEP][PASSED] - z = z.substring(i1, z.length()): null

18-11-2024T02:51:03 - [TEST_STEP][PASSED] - i1 = z.indexOf("/"): null

18-11-2024T02:51:03 - [TEST_STEP][PASSED] - i1 = z.indexOf("/") + 1: null

18-11-2024T02:51:03 - [TEST_STEP][PASSED] - if (i1 > -1): null

18-11-2024T02:51:03 - [TEST_STEP][PASSED] - z = z.substring(i1, z.length()): null

18-11-2024T02:51:03 - [TEST_STEP][PASSED] - i1 = z.indexOf("/"): null

18-11-2024T02:51:03 - [TEST_STEP][PASSED] - i1 = z.indexOf("/") + 1: null

18-11-2024T02:51:03 - [TEST_STEP][PASSED] - if (i1 > -1): null

18-11-2024T02:51:03 - [TEST_STEP][PASSED] - z = z.substring(i1, z.length()): null

18-11-2024T02:51:03 - [TEST_STEP][PASSED] - i1 = z.indexOf("/"): null

18-11-2024T02:51:03 - [TEST_STEP][PASSED] - i1 = z.indexOf("/") + 1: null

18-11-2024T02:51:03 - [TEST_STEP][PASSED] - if (i1 > -1): null

18-11-2024T02:51:03 - [TEST_STEP][PASSED] - z = z.substring(i1, z.length()): null

18-11-2024T02:51:03 - [TEST_STEP][PASSED] - i1 = z.indexOf("/"): null

18-11-2024T02:51:03 - [TEST_STEP][PASSED] - i1 = z.indexOf("/"): null

18-11-2024T02:51:03 - [TEST_STEP][PASSED] - if (i1 > -1): null

18-11-2024T02:51:03 - [TEST_STEP][PASSED] - z = z.substring(0, i1): null

18-11-2024T02:51:03 - [TEST_STEP][PASSED] - z = z.replace(",", "."): null

18-11-2024T02:51:03 - [TEST_STEP][PASSED] - println(z): null

18-11-2024T02:51:03 - [TEST_STEP][PASSED] - x = x + "/" + z: null

18-11-2024T02:51:03 - [TEST_STEP][PASSED] - x = x.replaceAll("[\r?
|
]", ""): null

18-11-2024T02:51:03 - [TEST_STEP][PASSED] - println(x): null

18-11-2024T02:51:03 - [TEST_STEP][PASSED] - return x: null

18-11-2024T02:51:03 - [TEST_STEP][PASSED] - println("ugB: " + ugB): null

18-11-2024T02:51:03 - [TEST_STEP][PASSED] - i = VseDZO.indexOf("Янтарь"): null

18-11-2024T02:51:03 - [TEST_STEP][PASSED] - if (i > -1): null

18-11-2024T02:51:03 - [TEST_STEP][PASSED] - dZONum = dZONum + 1: null

18-11-2024T02:51:03 - [TEST_STEP][PASSED] - yB = GetAllData(path, dZONum, VseDZO, x = "Россети Янтарь/"): null

18-11-2024T02:51:03 - [TEST_STEP][PASSED] - ii = <not implemented yet for class: org.codehaus.groovy.ast.expr.EmptyExpression>: null

18-11-2024T02:51:03 - [TEST_STEP][PASSED] - i1 = <not implemented yet for class: org.codehaus.groovy.ast.expr.EmptyExpression>: null

18-11-2024T02:51:03 - [TEST_STEP][PASSED] - z = <not implemented yet for class: org.codehaus.groovy.ast.expr.EmptyExpression>: null

18-11-2024T02:51:03 - [TEST_STEP][PASSED] - path2 = "Значения со страницы Выполнение бизнес-плана/Table Data/": null

18-11-2024T02:51:03 - [TEST_STEP][PASSED] - println("path: " + path): null

18-11-2024T02:51:03 - [TEST_STEP][PASSED] - println("dZONum: " + dZONum): null

18-11-2024T02:51:03 - [TEST_STEP][PASSED] - z = getText(findTestObject(path + "spanPlan" + dZONum)): Text of object 'Object Repository/Выполнение бизнес-плана/Выполнение бизнес-плана Балансы/spanPlan17' is: '8.59
|'

18-11-2024T02:51:03 - [MESSAGE][PASSED] - Text of object 'Object Repository/Выполнение бизнес-плана/Выполнение бизнес-плана Балансы/spanPlan17' is: '8.59
|'

18-11-2024T02:51:03 - [TEST_STEP][PASSED] - println(z): null

18-11-2024T02:51:03 - [TEST_STEP][PASSED] - ii = z.indexOf("|"): null

18-11-2024T02:51:03 - [TEST_STEP][PASSED] - if (ii > -1): null

18-11-2024T02:51:03 - [TEST_STEP][PASSED] - z = z.substring(0, z.length() - 1): null

18-11-2024T02:51:03 - [TEST_STEP][PASSED] - println(z): null

18-11-2024T02:51:03 - [TEST_STEP][PASSED] - z = z.replaceAll("\s+", ""): null

18-11-2024T02:51:03 - [TEST_STEP][PASSED] - z = z.replace("[\r?
|
]", "/"): null

18-11-2024T02:51:03 - [TEST_STEP][PASSED] - println(z): null

18-11-2024T02:51:03 - [TEST_STEP][PASSED] - x = x + z: null

18-11-2024T02:51:03 - [TEST_STEP][PASSED] - z = getText(findTestObject(path + "spanFact" + dZONum)): Text of object 'Object Repository/Выполнение бизнес-плана/Выполнение бизнес-плана Балансы/spanFact17' is: '8.39'

18-11-2024T02:51:04 - [MESSAGE][PASSED] - Text of object 'Object Repository/Выполнение бизнес-плана/Выполнение бизнес-плана Балансы/spanFact17' is: '8.39'

18-11-2024T02:51:04 - [TEST_STEP][PASSED] - ii = z.indexOf("|"): null

18-11-2024T02:51:04 - [TEST_STEP][PASSED] - if (ii > -1): null

18-11-2024T02:51:04 - [TEST_STEP][PASSED] - x = x + "/" + z: null

18-11-2024T02:51:04 - [TEST_STEP][PASSED] - z = getText(findTestObject(path + path2 + "Факт Отпуск в сеть за отчётный период " + dZONum)).replaceAll("\s+", ""): Text of object 'Object Repository/Выполнение бизнес-плана/Выполнение бизнес-плана Балансы/Значения со страницы Выполнение бизнес-плана/Table Data/Факт Отпуск в сеть за отчётный период 17' is: '3 362 855'

18-11-2024T02:51:04 - [MESSAGE][PASSED] - Text of object 'Object Repository/Выполнение бизнес-плана/Выполнение бизнес-плана Балансы/Значения со страницы Выполнение бизнес-плана/Table Data/Факт Отпуск в сеть за отчётный период 17' is: '3 362 855'

18-11-2024T02:51:04 - [TEST_STEP][PASSED] - x = x + "/" + z: null

18-11-2024T02:51:04 - [TEST_STEP][PASSED] - z = getText(findTestObject(path + path2 + "Факт Отпуск из сети за отчётный период " + dZONum)).replaceAll("\s+", ""): Text of object 'Object Repository/Выполнение бизнес-плана/Выполнение бизнес-плана Балансы/Значения со страницы Выполнение бизнес-плана/Table Data/Факт Отпуск из сети за отчётный период 17' is: '3 080 808'

18-11-2024T02:51:04 - [MESSAGE][PASSED] - Text of object 'Object Repository/Выполнение бизнес-плана/Выполнение бизнес-плана Балансы/Значения со страницы Выполнение бизнес-плана/Table Data/Факт Отпуск из сети за отчётный период 17' is: '3 080 808'

18-11-2024T02:51:04 - [TEST_STEP][PASSED] - x = x + "/" + z: null

18-11-2024T02:51:04 - [TEST_STEP][PASSED] - z = getText(findTestObject(path + path2 + "Факт Потери за отчётный период " + dZONum)).replaceAll("\s+", ""): Text of object 'Object Repository/Выполнение бизнес-плана/Выполнение бизнес-плана Балансы/Значения со страницы Выполнение бизнес-плана/Table Data/Факт Потери за отчётный период 17' is: '282 047'

18-11-2024T02:51:04 - [MESSAGE][PASSED] - Text of object 'Object Repository/Выполнение бизнес-плана/Выполнение бизнес-плана Балансы/Значения со страницы Выполнение бизнес-плана/Table Data/Факт Потери за отчётный период 17' is: '282 047'

18-11-2024T02:51:04 - [TEST_STEP][PASSED] - x = x + "/" + z: null

18-11-2024T02:51:04 - [TEST_STEP][PASSED] - z = getText(findTestObject(path + path2 + "План Отпуск в сеть за отчётный период " + dZONum)).replaceAll("\s+", ""): Text of object 'Object Repository/Выполнение бизнес-плана/Выполнение бизнес-плана Балансы/Значения со страницы Выполнение бизнес-плана/Table Data/План Отпуск в сеть за отчётный период 17' is: '3 237 462'

18-11-2024T02:51:05 - [MESSAGE][PASSED] - Text of object 'Object Repository/Выполнение бизнес-плана/Выполнение бизнес-плана Балансы/Значения со страницы Выполнение бизнес-плана/Table Data/План Отпуск в сеть за отчётный период 17' is: '3 237 462'

18-11-2024T02:51:05 - [TEST_STEP][PASSED] - x = x + "/" + z: null

18-11-2024T02:51:05 - [TEST_STEP][PASSED] - z = getText(findTestObject(path + path2 + "План Отпуск из сети за отчётный период " + dZONum)).replaceAll("\s+", ""): Text of object 'Object Repository/Выполнение бизнес-плана/Выполнение бизнес-плана Балансы/Значения со страницы Выполнение бизнес-плана/Table Data/План Отпуск из сети за отчётный период 17' is: '2 959 400'

18-11-2024T02:51:05 - [MESSAGE][PASSED] - Text of object 'Object Repository/Выполнение бизнес-плана/Выполнение бизнес-плана Балансы/Значения со страницы Выполнение бизнес-плана/Table Data/План Отпуск из сети за отчётный период 17' is: '2 959 400'

18-11-2024T02:51:05 - [TEST_STEP][PASSED] - x = x + "/" + z: null

18-11-2024T02:51:05 - [TEST_STEP][PASSED] - z = getText(findTestObject(path + path2 + "План Потери за отчётный период " + dZONum)).replaceAll("\s+", ""): Text of object 'Object Repository/Выполнение бизнес-плана/Выполнение бизнес-плана Балансы/Значения со страницы Выполнение бизнес-плана/Table Data/План Потери за отчётный период 17' is: '278 062'

18-11-2024T02:51:05 - [MESSAGE][PASSED] - Text of object 'Object Repository/Выполнение бизнес-плана/Выполнение бизнес-плана Балансы/Значения со страницы Выполнение бизнес-плана/Table Data/План Потери за отчётный период 17' is: '278 062'

18-11-2024T02:51:05 - [TEST_STEP][PASSED] - x = x + "/" + z: null

18-11-2024T02:51:05 - [TEST_STEP][PASSED] - z = getText(findTestObject(path + "Список ДЗО")).replaceAll("[\r?
|
]", "/"): Text of object 'Object Repository/Выполнение бизнес-плана/Выполнение бизнес-плана Балансы/Список ДЗО' is: '-0.20
-0.07
3.72
-0.35
-0.53
-0.04
-0.01
3.84
-0.35
-0.05
-0.00
0.09
-0.15
-0.51
-0.25
-0.39
-0.20
Россети ФСКЕЭС
АО«Тываэнерго»
АО«Чеченэнерго»
РоссетиВолга
РоссетиКубань
РоссетиЛенэнерго(ГК)
РоссетиМосковскийрегион
РоссетиСеверныйКавказ
РоссетиСеверо-Запад
РоссетиСибирь
РоссетиТомск
РоссетиТюмень
Россети Урал(ГК)
РоссетиЦентр (ГК)
РоссетиЦентр иПриволжье(ГК)
Россети Юг(ГК)
РоссетиЯнтарь
0
2
4
6
-2
8'

18-11-2024T02:51:06 - [MESSAGE][PASSED] - Text of object 'Object Repository/Выполнение бизнес-плана/Выполнение бизнес-плана Балансы/Список ДЗО' is: '-0.20
-0.07
3.72
-0.35
-0.53
-0.04
-0.01
3.84
-0.35
-0.05
-0.00
0.09
-0.15
-0.51
-0.25
-0.39
-0.20
Россети ФСКЕЭС
АО«Тываэнерго»
АО«Чеченэнерго»
РоссетиВолга
РоссетиКубань
РоссетиЛенэнерго(ГК)
РоссетиМосковскийрегион
РоссетиСеверныйКавказ
РоссетиСеверо-Запад
РоссетиСибирь
РоссетиТомск
РоссетиТюмень
Россети Урал(ГК)
РоссетиЦентр (ГК)
РоссетиЦентр иПриволжье(ГК)
Россети Юг(ГК)
РоссетиЯнтарь
0
2
4
6
-2
8'

18-11-2024T02:51:06 - [TEST_STEP][PASSED] - for ([ii = 1, ii < dZONum, (ii++)]): null

18-11-2024T02:51:06 - [TEST_STEP][PASSED] - i1 = z.indexOf("/") + 1: null

18-11-2024T02:51:06 - [TEST_STEP][PASSED] - if (i1 > -1): null

18-11-2024T02:51:06 - [TEST_STEP][PASSED] - z = z.substring(i1, z.length()): null

18-11-2024T02:51:06 - [TEST_STEP][PASSED] - i1 = z.indexOf("/"): null

18-11-2024T02:51:06 - [TEST_STEP][PASSED] - i1 = z.indexOf("/") + 1: null

18-11-2024T02:51:06 - [TEST_STEP][PASSED] - if (i1 > -1): null

18-11-2024T02:51:06 - [TEST_STEP][PASSED] - z = z.substring(i1, z.length()): null

18-11-2024T02:51:06 - [TEST_STEP][PASSED] - i1 = z.indexOf("/"): null

18-11-2024T02:51:06 - [TEST_STEP][PASSED] - i1 = z.indexOf("/") + 1: null

18-11-2024T02:51:06 - [TEST_STEP][PASSED] - if (i1 > -1): null

18-11-2024T02:51:06 - [TEST_STEP][PASSED] - z = z.substring(i1, z.length()): null

18-11-2024T02:51:06 - [TEST_STEP][PASSED] - i1 = z.indexOf("/"): null

18-11-2024T02:51:06 - [TEST_STEP][PASSED] - i1 = z.indexOf("/") + 1: null

18-11-2024T02:51:06 - [TEST_STEP][PASSED] - if (i1 > -1): null

18-11-2024T02:51:06 - [TEST_STEP][PASSED] - z = z.substring(i1, z.length()): null

18-11-2024T02:51:06 - [TEST_STEP][PASSED] - i1 = z.indexOf("/"): null

18-11-2024T02:51:06 - [TEST_STEP][PASSED] - i1 = z.indexOf("/") + 1: null

18-11-2024T02:51:06 - [TEST_STEP][PASSED] - if (i1 > -1): null

18-11-2024T02:51:06 - [TEST_STEP][PASSED] - z = z.substring(i1, z.length()): null

18-11-2024T02:51:06 - [TEST_STEP][PASSED] - i1 = z.indexOf("/"): null

18-11-2024T02:51:06 - [TEST_STEP][PASSED] - i1 = z.indexOf("/") + 1: null

18-11-2024T02:51:06 - [TEST_STEP][PASSED] - if (i1 > -1): null

18-11-2024T02:51:06 - [TEST_STEP][PASSED] - z = z.substring(i1, z.length()): null

18-11-2024T02:51:06 - [TEST_STEP][PASSED] - i1 = z.indexOf("/"): null

18-11-2024T02:51:06 - [TEST_STEP][PASSED] - i1 = z.indexOf("/") + 1: null

18-11-2024T02:51:06 - [TEST_STEP][PASSED] - if (i1 > -1): null

18-11-2024T02:51:06 - [TEST_STEP][PASSED] - z = z.substring(i1, z.length()): null

18-11-2024T02:51:06 - [TEST_STEP][PASSED] - i1 = z.indexOf("/"): null

18-11-2024T02:51:06 - [TEST_STEP][PASSED] - i1 = z.indexOf("/") + 1: null

18-11-2024T02:51:06 - [TEST_STEP][PASSED] - if (i1 > -1): null

18-11-2024T02:51:06 - [TEST_STEP][PASSED] - z = z.substring(i1, z.length()): null

18-11-2024T02:51:06 - [TEST_STEP][PASSED] - i1 = z.indexOf("/"): null

18-11-2024T02:51:06 - [TEST_STEP][PASSED] - i1 = z.indexOf("/") + 1: null

18-11-2024T02:51:06 - [TEST_STEP][PASSED] - if (i1 > -1): null

18-11-2024T02:51:06 - [TEST_STEP][PASSED] - z = z.substring(i1, z.length()): null

18-11-2024T02:51:06 - [TEST_STEP][PASSED] - i1 = z.indexOf("/"): null

18-11-2024T02:51:06 - [TEST_STEP][PASSED] - i1 = z.indexOf("/") + 1: null

18-11-2024T02:51:06 - [TEST_STEP][PASSED] - if (i1 > -1): null

18-11-2024T02:51:06 - [TEST_STEP][PASSED] - z = z.substring(i1, z.length()): null

18-11-2024T02:51:06 - [TEST_STEP][PASSED] - i1 = z.indexOf("/"): null

18-11-2024T02:51:06 - [TEST_STEP][PASSED] - i1 = z.indexOf("/") + 1: null

18-11-2024T02:51:06 - [TEST_STEP][PASSED] - if (i1 > -1): null

18-11-2024T02:51:06 - [TEST_STEP][PASSED] - z = z.substring(i1, z.length()): null

18-11-2024T02:51:06 - [TEST_STEP][PASSED] - i1 = z.indexOf("/"): null

18-11-2024T02:51:06 - [TEST_STEP][PASSED] - i1 = z.indexOf("/") + 1: null

18-11-2024T02:51:06 - [TEST_STEP][PASSED] - if (i1 > -1): null

18-11-2024T02:51:06 - [TEST_STEP][PASSED] - z = z.substring(i1, z.length()): null

18-11-2024T02:51:06 - [TEST_STEP][PASSED] - i1 = z.indexOf("/"): null

18-11-2024T02:51:06 - [TEST_STEP][PASSED] - i1 = z.indexOf("/") + 1: null

18-11-2024T02:51:06 - [TEST_STEP][PASSED] - if (i1 > -1): null

18-11-2024T02:51:06 - [TEST_STEP][PASSED] - z = z.substring(i1, z.length()): null

18-11-2024T02:51:06 - [TEST_STEP][PASSED] - i1 = z.indexOf("/"): null

18-11-2024T02:51:06 - [TEST_STEP][PASSED] - i1 = z.indexOf("/") + 1: null

18-11-2024T02:51:06 - [TEST_STEP][PASSED] - if (i1 > -1): null

18-11-2024T02:51:06 - [TEST_STEP][PASSED] - z = z.substring(i1, z.length()): null

18-11-2024T02:51:06 - [TEST_STEP][PASSED] - i1 = z.indexOf("/"): null

18-11-2024T02:51:06 - [TEST_STEP][PASSED] - i1 = z.indexOf("/") + 1: null

18-11-2024T02:51:06 - [TEST_STEP][PASSED] - if (i1 > -1): null

18-11-2024T02:51:06 - [TEST_STEP][PASSED] - z = z.substring(i1, z.length()): null

18-11-2024T02:51:06 - [TEST_STEP][PASSED] - i1 = z.indexOf("/"): null

18-11-2024T02:51:06 - [TEST_STEP][PASSED] - i1 = z.indexOf("/") + 1: null

18-11-2024T02:51:06 - [TEST_STEP][PASSED] - if (i1 > -1): null

18-11-2024T02:51:06 - [TEST_STEP][PASSED] - z = z.substring(i1, z.length()): null

18-11-2024T02:51:06 - [TEST_STEP][PASSED] - i1 = z.indexOf("/"): null

18-11-2024T02:51:06 - [TEST_STEP][PASSED] - i1 = z.indexOf("/"): null

18-11-2024T02:51:06 - [TEST_STEP][PASSED] - if (i1 > -1): null

18-11-2024T02:51:06 - [TEST_STEP][PASSED] - z = z.substring(0, i1): null

18-11-2024T02:51:06 - [TEST_STEP][PASSED] - z = z.replace(",", "."): null

18-11-2024T02:51:06 - [TEST_STEP][PASSED] - println(z): null

18-11-2024T02:51:06 - [TEST_STEP][PASSED] - x = x + "/" + z: null

18-11-2024T02:51:06 - [TEST_STEP][PASSED] - x = x.replaceAll("[\r?
|
]", ""): null

18-11-2024T02:51:06 - [TEST_STEP][PASSED] - println(x): null

18-11-2024T02:51:06 - [TEST_STEP][PASSED] - return x: null

18-11-2024T02:51:06 - [TEST_STEP][PASSED] - println("yB: " + yB): null

18-11-2024T02:51:06 - [TEST_STEP][PASSED] - VseDZO = getText(findTestObject(path + "Список ДЗО")): Text of object 'Object Repository/Выполнение бизнес-плана/Выполнение бизнес-плана Балансы/Список ДЗО' is: '-0.20
-0.07
3.72
-0.35
-0.53
-0.04
-0.01
3.84
-0.35
-0.05
-0.00
0.09
-0.15
-0.51
-0.25
-0.39
-0.20
Россети ФСКЕЭС
АО«Тываэнерго»
АО«Чеченэнерго»
РоссетиВолга
РоссетиКубань
РоссетиЛенэнерго(ГК)
РоссетиМосковскийрегион
РоссетиСеверныйКавказ
РоссетиСеверо-Запад
РоссетиСибирь
РоссетиТомск
РоссетиТюмень
Россети Урал(ГК)
РоссетиЦентр (ГК)
РоссетиЦентр иПриволжье(ГК)
Россети Юг(ГК)
РоссетиЯнтарь
0
2
4
6
-2
8'

18-11-2024T02:51:06 - [MESSAGE][PASSED] - Text of object 'Object Repository/Выполнение бизнес-плана/Выполнение бизнес-плана Балансы/Список ДЗО' is: '-0.20
-0.07
3.72
-0.35
-0.53
-0.04
-0.01
3.84
-0.35
-0.05
-0.00
0.09
-0.15
-0.51
-0.25
-0.39
-0.20
Россети ФСКЕЭС
АО«Тываэнерго»
АО«Чеченэнерго»
РоссетиВолга
РоссетиКубань
РоссетиЛенэнерго(ГК)
РоссетиМосковскийрегион
РоссетиСеверныйКавказ
РоссетиСеверо-Запад
РоссетиСибирь
РоссетиТомск
РоссетиТюмень
Россети Урал(ГК)
РоссетиЦентр (ГК)
РоссетиЦентр иПриволжье(ГК)
Россети Юг(ГК)
РоссетиЯнтарь
0
2
4
6
-2
8'

18-11-2024T02:51:06 - [TEST_STEP][FAILED] - if (blockNum == 2): null

18-11-2024T02:51:06 - [TEST_STEP][FAILED] - if (verifyEqual(pRR, pRB) == false): null

18-11-2024T02:51:06 - [MESSAGE][FAILED] - Unable to verify equal between actual object 'ПАО Россети/5.29/5.26/192247697/175051868/17195829/187501364/171438674/16062691' and expected object 'ПАО Россети/5.72/7.94/461243796/425411506/35832290/896031825/844819838/51211987' (Root cause: com.kms.katalon.core.exception.StepFailedException: Actual object 'ПАО Россети/5.29/5.26/192247697/175051868/17195829/187501364/171438674/16062691' and expected object 'ПАО Россети/5.72/7.94/461243796/425411506/35832290/896031825/844819838/51211987' are not equal
	at com.kms.katalon.core.keyword.builtin.VerifyEqualKeyword$_verifyEqual_closure1.doCall(VerifyEqualKeyword.groovy:58)
	at com.kms.katalon.core.keyword.builtin.VerifyEqualKeyword$_verifyEqual_closure1.call(VerifyEqualKeyword.groovy)
	at com.kms.katalon.core.keyword.internal.KeywordMain.runKeyword(KeywordMain.groovy:75)
	at com.kms.katalon.core.keyword.builtin.VerifyEqualKeyword.verifyEqual(VerifyEqualKeyword.groovy:63)
	at com.kms.katalon.core.keyword.builtin.VerifyEqualKeyword.execute(VerifyEqualKeyword.groovy:44)
	at com.kms.katalon.core.keyword.internal.KeywordExecutor.executeKeywordForPlatform(KeywordExecutor.groovy:74)
	at com.kms.katalon.core.keyword.BuiltinKeywords.verifyEqual(BuiltinKeywords.groovy:146)
	at java.base/jdk.internal.reflect.NativeMethodAccessorImpl.invoke0(Native Method)
	at java.base/jdk.internal.reflect.NativeMethodAccessorImpl.invoke(NativeMethodAccessorImpl.java:77)
	at java.base/jdk.internal.reflect.DelegatingMethodAccessorImpl.invoke(DelegatingMethodAccessorImpl.java:43)
	at Выполнение бизнес-плана сверка дашбордов.run(Выполнение бизнес-плана сверка дашбордов:577)
	at com.kms.katalon.core.main.ScriptEngine.run(ScriptEngine.java:194)
	at com.kms.katalon.core.main.ScriptEngine.runScriptAsRawText(ScriptEngine.java:119)
	at com.kms.katalon.core.main.TestCaseExecutor.runScript(TestCaseExecutor.java:448)
	at com.kms.katalon.core.main.TestCaseExecutor.doExecute(TestCaseExecutor.java:439)
	at com.kms.katalon.core.main.TestCaseExecutor.processExecutionPhase(TestCaseExecutor.java:418)
	at com.kms.katalon.core.main.TestCaseExecutor.accessMainPhase(TestCaseExecutor.java:410)
	at com.kms.katalon.core.main.TestCaseExecutor.execute(TestCaseExecutor.java:285)
	at com.kms.katalon.core.common.CommonExecutor.accessTestCaseMainPhase(CommonExecutor.java:65)
	at com.kms.katalon.core.main.TestSuiteExecutor.accessTestSuiteMainPhase(TestSuiteExecutor.java:150)
	at com.kms.katalon.core.main.TestSuiteExecutor.execute(TestSuiteExecutor.java:106)
	at com.kms.katalon.core.main.TestCaseMain.startTestSuite(TestCaseMain.java:180)
	at TempTestSuite1731886967590.run(TempTestSuite1731886967590.groovy:35)
	at java.base/jdk.internal.reflect.NativeMethodAccessorImpl.invoke0(Native Method)
	at java.base/jdk.internal.reflect.NativeMethodAccessorImpl.invoke(NativeMethodAccessorImpl.java:77)
	at java.base/jdk.internal.reflect.DelegatingMethodAccessorImpl.invoke(DelegatingMethodAccessorImpl.java:43)
)

18-11-2024T02:51:06 - [TEST_STEP][PASSED] - result = CompareDZOData(a = pRR, b = pRB, dZO, typeOfData, PercPlanR, PercPlanB, PercFactR, PercFactB, todaysDate, x, vidget, tabR, tabB, o1R, o1B): null

18-11-2024T02:51:06 - [TEST_STEP][PASSED] - ii2 = <not implemented yet for class: org.codehaus.groovy.ast.expr.EmptyExpression>: null

18-11-2024T02:51:06 - [TEST_STEP][FAILED] - if (verifyEqual(a, b) == false): null

18-11-2024T02:51:06 - [MESSAGE][FAILED] - Unable to verify equal between actual object 'ПАО Россети/5.29/5.26/192247697/175051868/17195829/187501364/171438674/16062691' and expected object 'ПАО Россети/5.72/7.94/461243796/425411506/35832290/896031825/844819838/51211987' (Root cause: com.kms.katalon.core.exception.StepFailedException: Actual object 'ПАО Россети/5.29/5.26/192247697/175051868/17195829/187501364/171438674/16062691' and expected object 'ПАО Россети/5.72/7.94/461243796/425411506/35832290/896031825/844819838/51211987' are not equal
	at com.kms.katalon.core.keyword.builtin.VerifyEqualKeyword$_verifyEqual_closure1.doCall(VerifyEqualKeyword.groovy:58)
	at com.kms.katalon.core.keyword.builtin.VerifyEqualKeyword$_verifyEqual_closure1.call(VerifyEqualKeyword.groovy)
	at com.kms.katalon.core.keyword.internal.KeywordMain.runKeyword(KeywordMain.groovy:75)
	at com.kms.katalon.core.keyword.builtin.VerifyEqualKeyword.verifyEqual(VerifyEqualKeyword.groovy:63)
	at com.kms.katalon.core.keyword.builtin.VerifyEqualKeyword.execute(VerifyEqualKeyword.groovy:44)
	at com.kms.katalon.core.keyword.internal.KeywordExecutor.executeKeywordForPlatform(KeywordExecutor.groovy:74)
	at com.kms.katalon.core.keyword.BuiltinKeywords.verifyEqual(BuiltinKeywords.groovy:146)
	at java.base/jdk.internal.reflect.NativeMethodAccessorImpl.invoke0(Native Method)
	at java.base/jdk.internal.reflect.NativeMethodAccessorImpl.invoke(NativeMethodAccessorImpl.java:77)
	at java.base/jdk.internal.reflect.DelegatingMethodAccessorImpl.invoke(DelegatingMethodAccessorImpl.java:43)
	at Выполнение бизнес-плана сверка дашбордов.CompareDZOData(Выполнение бизнес-плана сверка дашбордов:673)
	at Выполнение бизнес-плана сверка дашбордов.run(Выполнение бизнес-плана сверка дашбордов:578)
	at com.kms.katalon.core.main.ScriptEngine.run(ScriptEngine.java:194)
	at com.kms.katalon.core.main.ScriptEngine.runScriptAsRawText(ScriptEngine.java:119)
	at com.kms.katalon.core.main.TestCaseExecutor.runScript(TestCaseExecutor.java:448)
	at com.kms.katalon.core.main.TestCaseExecutor.doExecute(TestCaseExecutor.java:439)
	at com.kms.katalon.core.main.TestCaseExecutor.processExecutionPhase(TestCaseExecutor.java:418)
	at com.kms.katalon.core.main.TestCaseExecutor.accessMainPhase(TestCaseExecutor.java:410)
	at com.kms.katalon.core.main.TestCaseExecutor.execute(TestCaseExecutor.java:285)
	at com.kms.katalon.core.common.CommonExecutor.accessTestCaseMainPhase(CommonExecutor.java:65)
	at com.kms.katalon.core.main.TestSuiteExecutor.accessTestSuiteMainPhase(TestSuiteExecutor.java:150)
	at com.kms.katalon.core.main.TestSuiteExecutor.execute(TestSuiteExecutor.java:106)
	at com.kms.katalon.core.main.TestCaseMain.startTestSuite(TestCaseMain.java:180)
	at TempTestSuite1731886967590.run(TempTestSuite1731886967590.groovy:35)
	at java.base/jdk.internal.reflect.NativeMethodAccessorImpl.invoke0(Native Method)
	at java.base/jdk.internal.reflect.NativeMethodAccessorImpl.invoke(NativeMethodAccessorImpl.java:77)
	at java.base/jdk.internal.reflect.DelegatingMethodAccessorImpl.invoke(DelegatingMethodAccessorImpl.java:43)
)

18-11-2024T02:51:06 - [TEST_STEP][PASSED] - vidget = "Уровень потерь электроэнергии": null

18-11-2024T02:51:06 - [TEST_STEP][PASSED] - typeOfData = "План": null

18-11-2024T02:51:06 - [TEST_STEP][PASSED] - PercPlanR = GetPercPlanR(x = a): null

18-11-2024T02:51:06 - [TEST_STEP][PASSED] - i1 = <not implemented yet for class: org.codehaus.groovy.ast.expr.EmptyExpression>: null

18-11-2024T02:51:06 - [TEST_STEP][PASSED] - i1 = x.indexOf("/") + 1: null

18-11-2024T02:51:06 - [TEST_STEP][PASSED] - if (i1 > -1): null

18-11-2024T02:51:06 - [TEST_STEP][PASSED] - x = x.substring(i1, x.length()): null

18-11-2024T02:51:06 - [TEST_STEP][PASSED] - i1 = x.indexOf("/"): null

18-11-2024T02:51:06 - [TEST_STEP][PASSED] - if (i1 > -1): null

18-11-2024T02:51:06 - [TEST_STEP][PASSED] - x = x.substring(0, i1): null

18-11-2024T02:51:06 - [TEST_STEP][PASSED] - return x: null

18-11-2024T02:51:06 - [TEST_STEP][PASSED] - PercPlanB = GetPercPlanB(x = b): null

18-11-2024T02:51:06 - [TEST_STEP][PASSED] - i1 = <not implemented yet for class: org.codehaus.groovy.ast.expr.EmptyExpression>: null

18-11-2024T02:51:06 - [TEST_STEP][PASSED] - i1 = x.indexOf("/") + 1: null

18-11-2024T02:51:06 - [TEST_STEP][PASSED] - if (i1 > -1): null

18-11-2024T02:51:06 - [TEST_STEP][PASSED] - x = x.substring(i1, x.length()): null

18-11-2024T02:51:06 - [TEST_STEP][PASSED] - i1 = x.indexOf("/"): null

18-11-2024T02:51:06 - [TEST_STEP][PASSED] - if (i1 > -1): null

18-11-2024T02:51:06 - [TEST_STEP][PASSED] - x = x.substring(0, i1): null

18-11-2024T02:51:06 - [TEST_STEP][FAILED] - return x: null

18-11-2024T02:51:06 - [TEST_STEP][FAILED] - if (verifyEqual(PercPlanR, PercPlanB) == false): null

18-11-2024T02:51:06 - [MESSAGE][FAILED] - Unable to verify equal between actual object '5.29' and expected object '5.72' (Root cause: com.kms.katalon.core.exception.StepFailedException: Actual object '5.29' and expected object '5.72' are not equal
	at com.kms.katalon.core.keyword.builtin.VerifyEqualKeyword$_verifyEqual_closure1.doCall(VerifyEqualKeyword.groovy:58)
	at com.kms.katalon.core.keyword.builtin.VerifyEqualKeyword$_verifyEqual_closure1.call(VerifyEqualKeyword.groovy)
	at com.kms.katalon.core.keyword.internal.KeywordMain.runKeyword(KeywordMain.groovy:75)
	at com.kms.katalon.core.keyword.builtin.VerifyEqualKeyword.verifyEqual(VerifyEqualKeyword.groovy:63)
	at com.kms.katalon.core.keyword.builtin.VerifyEqualKeyword.execute(VerifyEqualKeyword.groovy:44)
	at com.kms.katalon.core.keyword.internal.KeywordExecutor.executeKeywordForPlatform(KeywordExecutor.groovy:74)
	at com.kms.katalon.core.keyword.BuiltinKeywords.verifyEqual(BuiltinKeywords.groovy:146)
	at java.base/jdk.internal.reflect.NativeMethodAccessorImpl.invoke0(Native Method)
	at java.base/jdk.internal.reflect.NativeMethodAccessorImpl.invoke(NativeMethodAccessorImpl.java:77)
	at java.base/jdk.internal.reflect.DelegatingMethodAccessorImpl.invoke(DelegatingMethodAccessorImpl.java:43)
	at Выполнение бизнес-плана сверка дашбордов.CompareDZOData(Выполнение бизнес-плана сверка дашбордов:682)
	at Выполнение бизнес-плана сверка дашбордов.run(Выполнение бизнес-плана сверка дашбордов:578)
	at com.kms.katalon.core.main.ScriptEngine.run(ScriptEngine.java:194)
	at com.kms.katalon.core.main.ScriptEngine.runScriptAsRawText(ScriptEngine.java:119)
	at com.kms.katalon.core.main.TestCaseExecutor.runScript(TestCaseExecutor.java:448)
	at com.kms.katalon.core.main.TestCaseExecutor.doExecute(TestCaseExecutor.java:439)
	at com.kms.katalon.core.main.TestCaseExecutor.processExecutionPhase(TestCaseExecutor.java:418)
	at com.kms.katalon.core.main.TestCaseExecutor.accessMainPhase(TestCaseExecutor.java:410)
	at com.kms.katalon.core.main.TestCaseExecutor.execute(TestCaseExecutor.java:285)
	at com.kms.katalon.core.common.CommonExecutor.accessTestCaseMainPhase(CommonExecutor.java:65)
	at com.kms.katalon.core.main.TestSuiteExecutor.accessTestSuiteMainPhase(TestSuiteExecutor.java:150)
	at com.kms.katalon.core.main.TestSuiteExecutor.execute(TestSuiteExecutor.java:106)
	at com.kms.katalon.core.main.TestCaseMain.startTestSuite(TestCaseMain.java:180)
	at TempTestSuite1731886967590.run(TempTestSuite1731886967590.groovy:35)
	at java.base/jdk.internal.reflect.NativeMethodAccessorImpl.invoke0(Native Method)
	at java.base/jdk.internal.reflect.NativeMethodAccessorImpl.invoke(NativeMethodAccessorImpl.java:77)
	at java.base/jdk.internal.reflect.DelegatingMethodAccessorImpl.invoke(DelegatingMethodAccessorImpl.java:43)
)

18-11-2024T02:51:06 - [TEST_STEP][PASSED] - result = WriteToExcel(typeOfData, todaysDate, PercPlanR, PercPlanB, PercFactR, PercFactB, x, tabR, tabB, o1R, o1B, vidget): null

18-11-2024T02:51:06 - [TEST_STEP][PASSED] - iii = dZO.indexOf("/"): null

18-11-2024T02:51:06 - [TEST_STEP][PASSED] - println(iii): null

18-11-2024T02:51:06 - [TEST_STEP][PASSED] - dZO = dZO.substring(0, iii): null

18-11-2024T02:51:06 - [TEST_STEP][PASSED] - println(dZO): null

18-11-2024T02:51:06 - [TEST_STEP][PASSED] - println(PercPlanR): null

18-11-2024T02:51:06 - [TEST_STEP][PASSED] - println(PercPlanB): null

18-11-2024T02:51:06 - [TEST_STEP][PASSED] - println(PercFactR): null

18-11-2024T02:51:06 - [TEST_STEP][PASSED] - println(PercFactB): null

18-11-2024T02:51:06 - [TEST_STEP][PASSED] - println(tabR): null

18-11-2024T02:51:06 - [TEST_STEP][PASSED] - println(tabB): null

18-11-2024T02:51:06 - [TEST_STEP][PASSED] - println(o1R): null

18-11-2024T02:51:06 - [TEST_STEP][PASSED] - println(o1B): null

18-11-2024T02:51:06 - [TEST_STEP][PASSED] - PR = <not implemented yet for class: org.codehaus.groovy.ast.expr.EmptyExpression>: null

18-11-2024T02:51:06 - [TEST_STEP][PASSED] - FR = <not implemented yet for class: org.codehaus.groovy.ast.expr.EmptyExpression>: null

18-11-2024T02:51:06 - [TEST_STEP][PASSED] - PB = <not implemented yet for class: org.codehaus.groovy.ast.expr.EmptyExpression>: null

18-11-2024T02:51:06 - [TEST_STEP][PASSED] - FB = <not implemented yet for class: org.codehaus.groovy.ast.expr.EmptyExpression>: null

18-11-2024T02:51:06 - [TEST_STEP][PASSED] - TR = <not implemented yet for class: org.codehaus.groovy.ast.expr.EmptyExpression>: null

18-11-2024T02:51:06 - [TEST_STEP][PASSED] - TB = <not implemented yet for class: org.codehaus.groovy.ast.expr.EmptyExpression>: null

18-11-2024T02:51:06 - [TEST_STEP][PASSED] - sheetName = "Sheet1": null

18-11-2024T02:51:06 - [TEST_STEP][PASSED] - data = findTestData("PlanFact"): null

18-11-2024T02:51:06 - [TEST_STEP][PASSED] - n = data.getRowNumbers() + 1: null

18-11-2024T02:51:06 - [TEST_STEP][PASSED] - year = todaysDate.substring(todaysDate.length() - 4, todaysDate.length()): null

18-11-2024T02:51:06 - [TEST_STEP][PASSED] - y = year.toInteger(): null

18-11-2024T02:51:06 - [TEST_STEP][PASSED] - m = getText(findTestObject("Выполнение бизнес-плана/Выполнение бизнес-плана Балансы/Фильтр Дата")): Text of object 'Object Repository/Выполнение бизнес-плана/Выполнение бизнес-плана Балансы/Фильтр Дата' is: '1, 2, 3 кв. 2024 года'

18-11-2024T02:51:07 - [MESSAGE][PASSED] - Text of object 'Object Repository/Выполнение бизнес-плана/Выполнение бизнес-плана Балансы/Фильтр Дата' is: '1, 2, 3 кв. 2024 года'

18-11-2024T02:51:07 - [TEST_STEP][PASSED] - m = m.substring(0, m.indexOf("2024")): null

18-11-2024T02:51:07 - [TEST_STEP][PASSED] - m = m.trim(): null

18-11-2024T02:51:07 - [TEST_STEP][PASSED] - dashboardName = "Выполнение бизнес-плана": null

18-11-2024T02:51:07 - [TEST_STEP][PASSED] - workbook01 = getWorkbook(excelFilePath): null

18-11-2024T02:51:07 - [TEST_STEP][PASSED] - sheet01 = getExcelSheet(workbook01, sheetName): null

18-11-2024T02:51:07 - [TEST_STEP][PASSED] - setValueToCellByIndex(sheet01, n, 0, dashboardName): null

18-11-2024T02:51:07 - [TEST_STEP][PASSED] - setValueToCellByIndex(sheet01, n, 1, dZO): null

18-11-2024T02:51:07 - [TEST_STEP][PASSED] - setValueToCellByIndex(sheet01, n, 2, typeOfData): null

18-11-2024T02:51:07 - [TEST_STEP][PASSED] - setValueToCellByIndex(sheet01, n, 3, typeOfData): null

18-11-2024T02:51:07 - [TEST_STEP][PASSED] - if (typeOfData == "План"): null

18-11-2024T02:51:07 - [TEST_STEP][PASSED] - if (PercPlanR == null): null

18-11-2024T02:51:07 - [TEST_STEP][PASSED] - else: null

18-11-2024T02:51:07 - [TEST_STEP][PASSED] - if (PercPlanR == "нет данных"): null

18-11-2024T02:51:07 - [TEST_STEP][PASSED] - else: null

18-11-2024T02:51:07 - [TEST_STEP][PASSED] - PR = PercPlanR.toDouble(): null

18-11-2024T02:51:07 - [TEST_STEP][PASSED] - setValueToCellByIndex(sheet01, n, 4, PR): null

18-11-2024T02:51:07 - [TEST_STEP][PASSED] - if (PercPlanB == null): null

18-11-2024T02:51:07 - [TEST_STEP][PASSED] - else: null

18-11-2024T02:51:07 - [TEST_STEP][PASSED] - if (PercPlanB == "нет данных"): null

18-11-2024T02:51:07 - [TEST_STEP][PASSED] - else: null

18-11-2024T02:51:07 - [TEST_STEP][PASSED] - PB = PercPlanB.toDouble(): null

18-11-2024T02:51:07 - [TEST_STEP][PASSED] - setValueToCellByIndex(sheet01, n, 5, PB): null

18-11-2024T02:51:07 - [TEST_STEP][PASSED] - setValueToCellByIndex(sheet01, n, 6, m): null

18-11-2024T02:51:07 - [TEST_STEP][PASSED] - setValueToCellByIndex(sheet01, n, 7, y): null

18-11-2024T02:51:07 - [TEST_STEP][PASSED] - setValueToCellByIndex(sheet01, n, 8, todaysDate): null

18-11-2024T02:51:07 - [TEST_STEP][PASSED] - n = n + 1: null

18-11-2024T02:51:07 - [TEST_STEP][PASSED] - saveWorkbook(excelFilePath, workbook01): null

18-11-2024T02:51:07 - [TEST_STEP][PASSED] - typeOfData = "Факт": null

18-11-2024T02:51:07 - [TEST_STEP][PASSED] - PercFactR = GetPercFactR(x = a): null

18-11-2024T02:51:07 - [TEST_STEP][PASSED] - i1 = <not implemented yet for class: org.codehaus.groovy.ast.expr.EmptyExpression>: null

18-11-2024T02:51:07 - [TEST_STEP][PASSED] - ii = <not implemented yet for class: org.codehaus.groovy.ast.expr.EmptyExpression>: null

18-11-2024T02:51:07 - [TEST_STEP][PASSED] - for ([ii = 1, ii < 3, (ii++)]): null

18-11-2024T02:51:07 - [TEST_STEP][PASSED] - i1 = x.indexOf("/") + 1: null

18-11-2024T02:51:07 - [TEST_STEP][PASSED] - if (i1 > -1): null

18-11-2024T02:51:07 - [TEST_STEP][PASSED] - x = x.substring(i1, x.length()): null

18-11-2024T02:51:07 - [TEST_STEP][PASSED] - println(x): null

18-11-2024T02:51:07 - [TEST_STEP][PASSED] - i1 = x.indexOf("/") + 1: null

18-11-2024T02:51:07 - [TEST_STEP][PASSED] - if (i1 > -1): null

18-11-2024T02:51:07 - [TEST_STEP][PASSED] - x = x.substring(i1, x.length()): null

18-11-2024T02:51:07 - [TEST_STEP][PASSED] - println(x): null

18-11-2024T02:51:07 - [TEST_STEP][PASSED] - i1 = x.indexOf("/"): null

18-11-2024T02:51:07 - [TEST_STEP][PASSED] - if (i1 > -1): null

18-11-2024T02:51:07 - [TEST_STEP][PASSED] - x = x.substring(0, i1): null

18-11-2024T02:51:07 - [TEST_STEP][PASSED] - println(x): null

18-11-2024T02:51:07 - [TEST_STEP][PASSED] - return x: null

18-11-2024T02:51:07 - [TEST_STEP][PASSED] - PercFactB = GetPercFactB(x = b): null

18-11-2024T02:51:07 - [TEST_STEP][PASSED] - i1 = <not implemented yet for class: org.codehaus.groovy.ast.expr.EmptyExpression>: null

18-11-2024T02:51:07 - [TEST_STEP][PASSED] - ii = <not implemented yet for class: org.codehaus.groovy.ast.expr.EmptyExpression>: null

18-11-2024T02:51:07 - [TEST_STEP][PASSED] - for ([ii = 1, ii < 3, (ii++)]): null

18-11-2024T02:51:07 - [TEST_STEP][PASSED] - i1 = x.indexOf("/") + 1: null

18-11-2024T02:51:07 - [TEST_STEP][PASSED] - if (i1 > -1): null

18-11-2024T02:51:07 - [TEST_STEP][PASSED] - x = x.substring(i1, x.length()): null

18-11-2024T02:51:07 - [TEST_STEP][PASSED] - println(x): null

18-11-2024T02:51:07 - [TEST_STEP][PASSED] - i1 = x.indexOf("/") + 1: null

18-11-2024T02:51:07 - [TEST_STEP][PASSED] - if (i1 > -1): null

18-11-2024T02:51:07 - [TEST_STEP][PASSED] - x = x.substring(i1, x.length()): null

18-11-2024T02:51:07 - [TEST_STEP][PASSED] - println(x): null

18-11-2024T02:51:07 - [TEST_STEP][PASSED] - i1 = x.indexOf("/"): null

18-11-2024T02:51:07 - [TEST_STEP][PASSED] - if (i1 > -1): null

18-11-2024T02:51:07 - [TEST_STEP][PASSED] - x = x.substring(0, i1): null

18-11-2024T02:51:07 - [TEST_STEP][PASSED] - println(x): null

18-11-2024T02:51:07 - [TEST_STEP][FAILED] - return x: null

18-11-2024T02:51:07 - [TEST_STEP][FAILED] - if (verifyEqual(PercFactR, PercFactB) == false): null

18-11-2024T02:51:07 - [MESSAGE][FAILED] - Unable to verify equal between actual object '5.26' and expected object '7.94' (Root cause: com.kms.katalon.core.exception.StepFailedException: Actual object '5.26' and expected object '7.94' are not equal
	at com.kms.katalon.core.keyword.builtin.VerifyEqualKeyword$_verifyEqual_closure1.doCall(VerifyEqualKeyword.groovy:58)
	at com.kms.katalon.core.keyword.builtin.VerifyEqualKeyword$_verifyEqual_closure1.call(VerifyEqualKeyword.groovy)
	at com.kms.katalon.core.keyword.internal.KeywordMain.runKeyword(KeywordMain.groovy:75)
	at com.kms.katalon.core.keyword.builtin.VerifyEqualKeyword.verifyEqual(VerifyEqualKeyword.groovy:63)
	at com.kms.katalon.core.keyword.builtin.VerifyEqualKeyword.execute(VerifyEqualKeyword.groovy:44)
	at com.kms.katalon.core.keyword.internal.KeywordExecutor.executeKeywordForPlatform(KeywordExecutor.groovy:74)
	at com.kms.katalon.core.keyword.BuiltinKeywords.verifyEqual(BuiltinKeywords.groovy:146)
	at java.base/jdk.internal.reflect.NativeMethodAccessorImpl.invoke0(Native Method)
	at java.base/jdk.internal.reflect.NativeMethodAccessorImpl.invoke(NativeMethodAccessorImpl.java:77)
	at java.base/jdk.internal.reflect.DelegatingMethodAccessorImpl.invoke(DelegatingMethodAccessorImpl.java:43)
	at Выполнение бизнес-плана сверка дашбордов.CompareDZOData(Выполнение бизнес-плана сверка дашбордов:693)
	at Выполнение бизнес-плана сверка дашбордов.run(Выполнение бизнес-плана сверка дашбордов:578)
	at com.kms.katalon.core.main.ScriptEngine.run(ScriptEngine.java:194)
	at com.kms.katalon.core.main.ScriptEngine.runScriptAsRawText(ScriptEngine.java:119)
	at com.kms.katalon.core.main.TestCaseExecutor.runScript(TestCaseExecutor.java:448)
	at com.kms.katalon.core.main.TestCaseExecutor.doExecute(TestCaseExecutor.java:439)
	at com.kms.katalon.core.main.TestCaseExecutor.processExecutionPhase(TestCaseExecutor.java:418)
	at com.kms.katalon.core.main.TestCaseExecutor.accessMainPhase(TestCaseExecutor.java:410)
	at com.kms.katalon.core.main.TestCaseExecutor.execute(TestCaseExecutor.java:285)
	at com.kms.katalon.core.common.CommonExecutor.accessTestCaseMainPhase(CommonExecutor.java:65)
	at com.kms.katalon.core.main.TestSuiteExecutor.accessTestSuiteMainPhase(TestSuiteExecutor.java:150)
	at com.kms.katalon.core.main.TestSuiteExecutor.execute(TestSuiteExecutor.java:106)
	at com.kms.katalon.core.main.TestCaseMain.startTestSuite(TestCaseMain.java:180)
	at TempTestSuite1731886967590.run(TempTestSuite1731886967590.groovy:35)
	at java.base/jdk.internal.reflect.NativeMethodAccessorImpl.invoke0(Native Method)
	at java.base/jdk.internal.reflect.NativeMethodAccessorImpl.invoke(NativeMethodAccessorImpl.java:77)
	at java.base/jdk.internal.reflect.DelegatingMethodAccessorImpl.invoke(DelegatingMethodAccessorImpl.java:43)
)

18-11-2024T02:51:07 - [TEST_STEP][PASSED] - result = WriteToExcel(typeOfData, todaysDate, PercPlanR, PercPlanB, PercFactR, PercFactB, x, tabR, tabB, o1R, o1B, vidget): null

18-11-2024T02:51:07 - [TEST_STEP][PASSED] - iii = dZO.indexOf("/"): null

18-11-2024T02:51:07 - [TEST_STEP][PASSED] - println(iii): null

18-11-2024T02:51:07 - [TEST_STEP][PASSED] - dZO = dZO.substring(0, iii): null

18-11-2024T02:51:07 - [TEST_STEP][PASSED] - println(dZO): null

18-11-2024T02:51:07 - [TEST_STEP][PASSED] - println(PercPlanR): null

18-11-2024T02:51:07 - [TEST_STEP][PASSED] - println(PercPlanB): null

18-11-2024T02:51:07 - [TEST_STEP][PASSED] - println(PercFactR): null

18-11-2024T02:51:07 - [TEST_STEP][PASSED] - println(PercFactB): null

18-11-2024T02:51:07 - [TEST_STEP][PASSED] - println(tabR): null

18-11-2024T02:51:07 - [TEST_STEP][PASSED] - println(tabB): null

18-11-2024T02:51:07 - [TEST_STEP][PASSED] - println(o1R): null

18-11-2024T02:51:07 - [TEST_STEP][PASSED] - println(o1B): null

18-11-2024T02:51:07 - [TEST_STEP][PASSED] - PR = <not implemented yet for class: org.codehaus.groovy.ast.expr.EmptyExpression>: null

18-11-2024T02:51:07 - [TEST_STEP][PASSED] - FR = <not implemented yet for class: org.codehaus.groovy.ast.expr.EmptyExpression>: null

18-11-2024T02:51:07 - [TEST_STEP][PASSED] - PB = <not implemented yet for class: org.codehaus.groovy.ast.expr.EmptyExpression>: null

18-11-2024T02:51:07 - [TEST_STEP][PASSED] - FB = <not implemented yet for class: org.codehaus.groovy.ast.expr.EmptyExpression>: null

18-11-2024T02:51:07 - [TEST_STEP][PASSED] - TR = <not implemented yet for class: org.codehaus.groovy.ast.expr.EmptyExpression>: null

18-11-2024T02:51:07 - [TEST_STEP][PASSED] - TB = <not implemented yet for class: org.codehaus.groovy.ast.expr.EmptyExpression>: null

18-11-2024T02:51:07 - [TEST_STEP][PASSED] - sheetName = "Sheet1": null

18-11-2024T02:51:07 - [TEST_STEP][PASSED] - data = findTestData("PlanFact"): null

18-11-2024T02:51:07 - [TEST_STEP][PASSED] - n = data.getRowNumbers() + 1: null

18-11-2024T02:51:07 - [TEST_STEP][PASSED] - year = todaysDate.substring(todaysDate.length() - 4, todaysDate.length()): null

18-11-2024T02:51:07 - [TEST_STEP][PASSED] - y = year.toInteger(): null

18-11-2024T02:51:07 - [TEST_STEP][PASSED] - m = getText(findTestObject("Выполнение бизнес-плана/Выполнение бизнес-плана Балансы/Фильтр Дата")): Text of object 'Object Repository/Выполнение бизнес-плана/Выполнение бизнес-плана Балансы/Фильтр Дата' is: '1, 2, 3 кв. 2024 года'

18-11-2024T02:51:08 - [MESSAGE][PASSED] - Text of object 'Object Repository/Выполнение бизнес-плана/Выполнение бизнес-плана Балансы/Фильтр Дата' is: '1, 2, 3 кв. 2024 года'

18-11-2024T02:51:08 - [TEST_STEP][PASSED] - m = m.substring(0, m.indexOf("2024")): null

18-11-2024T02:51:08 - [TEST_STEP][PASSED] - m = m.trim(): null

18-11-2024T02:51:08 - [TEST_STEP][PASSED] - dashboardName = "Выполнение бизнес-плана": null

18-11-2024T02:51:08 - [TEST_STEP][PASSED] - workbook01 = getWorkbook(excelFilePath): null

18-11-2024T02:51:08 - [TEST_STEP][PASSED] - sheet01 = getExcelSheet(workbook01, sheetName): null

18-11-2024T02:51:08 - [TEST_STEP][PASSED] - setValueToCellByIndex(sheet01, n, 0, dashboardName): null

18-11-2024T02:51:08 - [TEST_STEP][PASSED] - setValueToCellByIndex(sheet01, n, 1, dZO): null

18-11-2024T02:51:08 - [TEST_STEP][PASSED] - setValueToCellByIndex(sheet01, n, 2, typeOfData): null

18-11-2024T02:51:08 - [TEST_STEP][PASSED] - setValueToCellByIndex(sheet01, n, 3, typeOfData): null

18-11-2024T02:51:08 - [TEST_STEP][PASSED] - if (typeOfData == "План"): null

18-11-2024T02:51:08 - [TEST_STEP][PASSED] - else if (typeOfData == "Факт"): null

18-11-2024T02:51:08 - [TEST_STEP][PASSED] - if (PercFactR == null): null

18-11-2024T02:51:08 - [TEST_STEP][PASSED] - else: null

18-11-2024T02:51:08 - [TEST_STEP][PASSED] - if (PercFactR == "нет данных"): null

18-11-2024T02:51:08 - [TEST_STEP][PASSED] - else: null

18-11-2024T02:51:08 - [TEST_STEP][PASSED] - FR = PercFactR.toDouble(): null

18-11-2024T02:51:08 - [TEST_STEP][PASSED] - setValueToCellByIndex(sheet01, n, 4, FR): null

18-11-2024T02:51:08 - [TEST_STEP][PASSED] - if (PercFactB == null): null

18-11-2024T02:51:08 - [TEST_STEP][PASSED] - else: null

18-11-2024T02:51:08 - [TEST_STEP][PASSED] - if (PercFactB == "нет данных"): null

18-11-2024T02:51:08 - [TEST_STEP][PASSED] - else: null

18-11-2024T02:51:08 - [TEST_STEP][PASSED] - FB = PercFactB.toDouble(): null

18-11-2024T02:51:08 - [TEST_STEP][PASSED] - setValueToCellByIndex(sheet01, n, 5, FB): null

18-11-2024T02:51:08 - [TEST_STEP][PASSED] - setValueToCellByIndex(sheet01, n, 6, m): null

18-11-2024T02:51:08 - [TEST_STEP][PASSED] - setValueToCellByIndex(sheet01, n, 7, y): null

18-11-2024T02:51:08 - [TEST_STEP][PASSED] - setValueToCellByIndex(sheet01, n, 8, todaysDate): null

18-11-2024T02:51:08 - [TEST_STEP][PASSED] - n = n + 1: null

18-11-2024T02:51:08 - [TEST_STEP][PASSED] - saveWorkbook(excelFilePath, workbook01): null

18-11-2024T02:51:08 - [TEST_STEP][PASSED] - vidget = "Показатели баланса электроэнергии по ДЗО – Факт": null

18-11-2024T02:51:08 - [TEST_STEP][PASSED] - typeOfData = "Факт Отпуск в сеть": null

18-11-2024T02:51:08 - [TEST_STEP][PASSED] - tabR = GetOvSFactR(x = a): null

18-11-2024T02:51:08 - [TEST_STEP][PASSED] - i1 = <not implemented yet for class: org.codehaus.groovy.ast.expr.EmptyExpression>: null

18-11-2024T02:51:08 - [TEST_STEP][PASSED] - ii = <not implemented yet for class: org.codehaus.groovy.ast.expr.EmptyExpression>: null

18-11-2024T02:51:08 - [TEST_STEP][PASSED] - for ([ii = 1, ii < 4, (ii++)]): null

18-11-2024T02:51:08 - [TEST_STEP][PASSED] - i1 = x.indexOf("/") + 1: null

18-11-2024T02:51:08 - [TEST_STEP][PASSED] - if (i1 > -1): null

18-11-2024T02:51:08 - [TEST_STEP][PASSED] - x = x.substring(i1, x.length()): null

18-11-2024T02:51:08 - [TEST_STEP][PASSED] - println(x): null

18-11-2024T02:51:08 - [TEST_STEP][PASSED] - i1 = x.indexOf("/") + 1: null

18-11-2024T02:51:08 - [TEST_STEP][PASSED] - if (i1 > -1): null

18-11-2024T02:51:08 - [TEST_STEP][PASSED] - x = x.substring(i1, x.length()): null

18-11-2024T02:51:08 - [TEST_STEP][PASSED] - println(x): null

18-11-2024T02:51:08 - [TEST_STEP][PASSED] - i1 = x.indexOf("/") + 1: null

18-11-2024T02:51:08 - [TEST_STEP][PASSED] - if (i1 > -1): null

18-11-2024T02:51:08 - [TEST_STEP][PASSED] - x = x.substring(i1, x.length()): null

18-11-2024T02:51:08 - [TEST_STEP][PASSED] - println(x): null

18-11-2024T02:51:08 - [TEST_STEP][PASSED] - i1 = x.indexOf("/"): null

18-11-2024T02:51:08 - [TEST_STEP][PASSED] - if (i1 > -1): null

18-11-2024T02:51:08 - [TEST_STEP][PASSED] - x = x.substring(0, i1): null

18-11-2024T02:51:08 - [TEST_STEP][PASSED] - println(x): null

18-11-2024T02:51:08 - [TEST_STEP][PASSED] - return x: null

18-11-2024T02:51:08 - [TEST_STEP][PASSED] - tabB = GetOvSFactB(x = b): null

18-11-2024T02:51:08 - [TEST_STEP][PASSED] - i1 = <not implemented yet for class: org.codehaus.groovy.ast.expr.EmptyExpression>: null

18-11-2024T02:51:08 - [TEST_STEP][PASSED] - ii = <not implemented yet for class: org.codehaus.groovy.ast.expr.EmptyExpression>: null

18-11-2024T02:51:08 - [TEST_STEP][PASSED] - for ([ii = 1, ii < 4, (ii++)]): null

18-11-2024T02:51:08 - [TEST_STEP][PASSED] - i1 = x.indexOf("/") + 1: null

18-11-2024T02:51:08 - [TEST_STEP][PASSED] - if (i1 > -1): null

18-11-2024T02:51:08 - [TEST_STEP][PASSED] - x = x.substring(i1, x.length()): null

18-11-2024T02:51:08 - [TEST_STEP][PASSED] - println(x): null

18-11-2024T02:51:08 - [TEST_STEP][PASSED] - i1 = x.indexOf("/") + 1: null

18-11-2024T02:51:08 - [TEST_STEP][PASSED] - if (i1 > -1): null

18-11-2024T02:51:08 - [TEST_STEP][PASSED] - x = x.substring(i1, x.length()): null

18-11-2024T02:51:08 - [TEST_STEP][PASSED] - println(x): null

18-11-2024T02:51:08 - [TEST_STEP][PASSED] - i1 = x.indexOf("/") + 1: null

18-11-2024T02:51:08 - [TEST_STEP][PASSED] - if (i1 > -1): null

18-11-2024T02:51:08 - [TEST_STEP][PASSED] - x = x.substring(i1, x.length()): null

18-11-2024T02:51:08 - [TEST_STEP][PASSED] - println(x): null

18-11-2024T02:51:08 - [TEST_STEP][PASSED] - i1 = x.indexOf("/"): null

18-11-2024T02:51:08 - [TEST_STEP][PASSED] - if (i1 > -1): null

18-11-2024T02:51:08 - [TEST_STEP][PASSED] - x = x.substring(0, i1): null

18-11-2024T02:51:08 - [TEST_STEP][PASSED] - println(x): null

18-11-2024T02:51:08 - [TEST_STEP][FAILED] - return x: null

18-11-2024T02:51:08 - [TEST_STEP][FAILED] - if (verifyEqual(tabR, tabB) == false): null

18-11-2024T02:51:08 - [MESSAGE][FAILED] - Unable to verify equal between actual object '192247697' and expected object '461243796' (Root cause: com.kms.katalon.core.exception.StepFailedException: Actual object '192247697' and expected object '461243796' are not equal
	at com.kms.katalon.core.keyword.builtin.VerifyEqualKeyword$_verifyEqual_closure1.doCall(VerifyEqualKeyword.groovy:58)
	at com.kms.katalon.core.keyword.builtin.VerifyEqualKeyword$_verifyEqual_closure1.call(VerifyEqualKeyword.groovy)
	at com.kms.katalon.core.keyword.internal.KeywordMain.runKeyword(KeywordMain.groovy:75)
	at com.kms.katalon.core.keyword.builtin.VerifyEqualKeyword.verifyEqual(VerifyEqualKeyword.groovy:63)
	at com.kms.katalon.core.keyword.builtin.VerifyEqualKeyword.execute(VerifyEqualKeyword.groovy:44)
	at com.kms.katalon.core.keyword.internal.KeywordExecutor.executeKeywordForPlatform(KeywordExecutor.groovy:74)
	at com.kms.katalon.core.keyword.BuiltinKeywords.verifyEqual(BuiltinKeywords.groovy:146)
	at java.base/jdk.internal.reflect.NativeMethodAccessorImpl.invoke0(Native Method)
	at java.base/jdk.internal.reflect.NativeMethodAccessorImpl.invoke(NativeMethodAccessorImpl.java:77)
	at java.base/jdk.internal.reflect.DelegatingMethodAccessorImpl.invoke(DelegatingMethodAccessorImpl.java:43)
	at Выполнение бизнес-плана сверка дашбордов.CompareDZOData(Выполнение бизнес-плана сверка дашбордов:706)
	at Выполнение бизнес-плана сверка дашбордов.run(Выполнение бизнес-плана сверка дашбордов:578)
	at com.kms.katalon.core.main.ScriptEngine.run(ScriptEngine.java:194)
	at com.kms.katalon.core.main.ScriptEngine.runScriptAsRawText(ScriptEngine.java:119)
	at com.kms.katalon.core.main.TestCaseExecutor.runScript(TestCaseExecutor.java:448)
	at com.kms.katalon.core.main.TestCaseExecutor.doExecute(TestCaseExecutor.java:439)
	at com.kms.katalon.core.main.TestCaseExecutor.processExecutionPhase(TestCaseExecutor.java:418)
	at com.kms.katalon.core.main.TestCaseExecutor.accessMainPhase(TestCaseExecutor.java:410)
	at com.kms.katalon.core.main.TestCaseExecutor.execute(TestCaseExecutor.java:285)
	at com.kms.katalon.core.common.CommonExecutor.accessTestCaseMainPhase(CommonExecutor.java:65)
	at com.kms.katalon.core.main.TestSuiteExecutor.accessTestSuiteMainPhase(TestSuiteExecutor.java:150)
	at com.kms.katalon.core.main.TestSuiteExecutor.execute(TestSuiteExecutor.java:106)
	at com.kms.katalon.core.main.TestCaseMain.startTestSuite(TestCaseMain.java:180)
	at TempTestSuite1731886967590.run(TempTestSuite1731886967590.groovy:35)
	at java.base/jdk.internal.reflect.NativeMethodAccessorImpl.invoke0(Native Method)
	at java.base/jdk.internal.reflect.NativeMethodAccessorImpl.invoke(NativeMethodAccessorImpl.java:77)
	at java.base/jdk.internal.reflect.DelegatingMethodAccessorImpl.invoke(DelegatingMethodAccessorImpl.java:43)
)

18-11-2024T02:51:08 - [TEST_STEP][PASSED] - result = WriteToExcel(typeOfData, todaysDate, PercPlanR, PercPlanB, PercFactR, PercFactB, x, tabR, tabB, o1R, o1B, vidget): null

18-11-2024T02:51:08 - [TEST_STEP][PASSED] - iii = dZO.indexOf("/"): null

18-11-2024T02:51:08 - [TEST_STEP][PASSED] - println(iii): null

18-11-2024T02:51:08 - [TEST_STEP][PASSED] - dZO = dZO.substring(0, iii): null

18-11-2024T02:51:08 - [TEST_STEP][PASSED] - println(dZO): null

18-11-2024T02:51:08 - [TEST_STEP][PASSED] - println(PercPlanR): null

18-11-2024T02:51:08 - [TEST_STEP][PASSED] - println(PercPlanB): null

18-11-2024T02:51:08 - [TEST_STEP][PASSED] - println(PercFactR): null

18-11-2024T02:51:08 - [TEST_STEP][PASSED] - println(PercFactB): null

18-11-2024T02:51:08 - [TEST_STEP][PASSED] - println(tabR): null

18-11-2024T02:51:08 - [TEST_STEP][PASSED] - println(tabB): null

18-11-2024T02:51:08 - [TEST_STEP][PASSED] - println(o1R): null

18-11-2024T02:51:08 - [TEST_STEP][PASSED] - println(o1B): null

18-11-2024T02:51:08 - [TEST_STEP][PASSED] - PR = <not implemented yet for class: org.codehaus.groovy.ast.expr.EmptyExpression>: null

18-11-2024T02:51:08 - [TEST_STEP][PASSED] - FR = <not implemented yet for class: org.codehaus.groovy.ast.expr.EmptyExpression>: null

18-11-2024T02:51:08 - [TEST_STEP][PASSED] - PB = <not implemented yet for class: org.codehaus.groovy.ast.expr.EmptyExpression>: null

18-11-2024T02:51:08 - [TEST_STEP][PASSED] - FB = <not implemented yet for class: org.codehaus.groovy.ast.expr.EmptyExpression>: null

18-11-2024T02:51:08 - [TEST_STEP][PASSED] - TR = <not implemented yet for class: org.codehaus.groovy.ast.expr.EmptyExpression>: null

18-11-2024T02:51:08 - [TEST_STEP][PASSED] - TB = <not implemented yet for class: org.codehaus.groovy.ast.expr.EmptyExpression>: null

18-11-2024T02:51:08 - [TEST_STEP][PASSED] - sheetName = "Sheet1": null

18-11-2024T02:51:08 - [TEST_STEP][PASSED] - data = findTestData("PlanFact"): null

18-11-2024T02:51:08 - [TEST_STEP][PASSED] - n = data.getRowNumbers() + 1: null

18-11-2024T02:51:08 - [TEST_STEP][PASSED] - year = todaysDate.substring(todaysDate.length() - 4, todaysDate.length()): null

18-11-2024T02:51:08 - [TEST_STEP][PASSED] - y = year.toInteger(): null

18-11-2024T02:51:08 - [TEST_STEP][PASSED] - m = getText(findTestObject("Выполнение бизнес-плана/Выполнение бизнес-плана Балансы/Фильтр Дата")): Text of object 'Object Repository/Выполнение бизнес-плана/Выполнение бизнес-плана Балансы/Фильтр Дата' is: '1, 2, 3 кв. 2024 года'

18-11-2024T02:51:08 - [MESSAGE][PASSED] - Text of object 'Object Repository/Выполнение бизнес-плана/Выполнение бизнес-плана Балансы/Фильтр Дата' is: '1, 2, 3 кв. 2024 года'

18-11-2024T02:51:08 - [TEST_STEP][PASSED] - m = m.substring(0, m.indexOf("2024")): null

18-11-2024T02:51:08 - [TEST_STEP][PASSED] - m = m.trim(): null

18-11-2024T02:51:08 - [TEST_STEP][PASSED] - dashboardName = "Выполнение бизнес-плана": null

18-11-2024T02:51:08 - [TEST_STEP][PASSED] - workbook01 = getWorkbook(excelFilePath): null

18-11-2024T02:51:08 - [TEST_STEP][PASSED] - sheet01 = getExcelSheet(workbook01, sheetName): null

18-11-2024T02:51:08 - [TEST_STEP][PASSED] - setValueToCellByIndex(sheet01, n, 0, dashboardName): null

18-11-2024T02:51:08 - [TEST_STEP][PASSED] - setValueToCellByIndex(sheet01, n, 1, dZO): null

18-11-2024T02:51:08 - [TEST_STEP][PASSED] - setValueToCellByIndex(sheet01, n, 2, typeOfData): null

18-11-2024T02:51:08 - [TEST_STEP][PASSED] - setValueToCellByIndex(sheet01, n, 3, typeOfData): null

18-11-2024T02:51:08 - [TEST_STEP][PASSED] - if (typeOfData == "План"): null

18-11-2024T02:51:08 - [TEST_STEP][PASSED] - else if (typeOfData == "Факт"): null

18-11-2024T02:51:08 - [TEST_STEP][PASSED] - else if (vidget.contains("электроэнергии") == true): null

18-11-2024T02:51:08 - [TEST_STEP][PASSED] - if (tabR == null): null

18-11-2024T02:51:08 - [TEST_STEP][PASSED] - else: null

18-11-2024T02:51:08 - [TEST_STEP][PASSED] - if (tabR == "нет данных"): null

18-11-2024T02:51:08 - [TEST_STEP][PASSED] - else: null

18-11-2024T02:51:08 - [TEST_STEP][PASSED] - TR = tabR.toInteger(): null

18-11-2024T02:51:08 - [TEST_STEP][PASSED] - setValueToCellByIndex(sheet01, n, 4, TR): null

18-11-2024T02:51:08 - [TEST_STEP][PASSED] - if (tabB == null): null

18-11-2024T02:51:08 - [TEST_STEP][PASSED] - else: null

18-11-2024T02:51:08 - [TEST_STEP][PASSED] - if (tabB == "нет данных"): null

18-11-2024T02:51:08 - [TEST_STEP][PASSED] - else: null

18-11-2024T02:51:08 - [TEST_STEP][PASSED] - TB = tabB.toInteger(): null

18-11-2024T02:51:08 - [TEST_STEP][PASSED] - setValueToCellByIndex(sheet01, n, 5, TB): null

18-11-2024T02:51:08 - [TEST_STEP][PASSED] - setValueToCellByIndex(sheet01, n, 6, m): null

18-11-2024T02:51:08 - [TEST_STEP][PASSED] - setValueToCellByIndex(sheet01, n, 7, y): null

18-11-2024T02:51:08 - [TEST_STEP][PASSED] - setValueToCellByIndex(sheet01, n, 8, todaysDate): null

18-11-2024T02:51:08 - [TEST_STEP][PASSED] - n = n + 1: null

18-11-2024T02:51:08 - [TEST_STEP][PASSED] - saveWorkbook(excelFilePath, workbook01): null

18-11-2024T02:51:09 - [TEST_STEP][PASSED] - typeOfData = "Факт Отпуск из сети": null

18-11-2024T02:51:09 - [TEST_STEP][PASSED] - tabR = GetOiSFactR(x = a): null

18-11-2024T02:51:09 - [TEST_STEP][PASSED] - i1 = <not implemented yet for class: org.codehaus.groovy.ast.expr.EmptyExpression>: null

18-11-2024T02:51:09 - [TEST_STEP][PASSED] - ii = <not implemented yet for class: org.codehaus.groovy.ast.expr.EmptyExpression>: null

18-11-2024T02:51:09 - [TEST_STEP][PASSED] - for ([ii = 1, ii < 5, (ii++)]): null

18-11-2024T02:51:09 - [TEST_STEP][PASSED] - i1 = x.indexOf("/") + 1: null

18-11-2024T02:51:09 - [TEST_STEP][PASSED] - if (i1 > -1): null

18-11-2024T02:51:09 - [TEST_STEP][PASSED] - x = x.substring(i1, x.length()): null

18-11-2024T02:51:09 - [TEST_STEP][PASSED] - println(x): null

18-11-2024T02:51:09 - [TEST_STEP][PASSED] - i1 = x.indexOf("/") + 1: null

18-11-2024T02:51:09 - [TEST_STEP][PASSED] - if (i1 > -1): null

18-11-2024T02:51:09 - [TEST_STEP][PASSED] - x = x.substring(i1, x.length()): null

18-11-2024T02:51:09 - [TEST_STEP][PASSED] - println(x): null

18-11-2024T02:51:09 - [TEST_STEP][PASSED] - i1 = x.indexOf("/") + 1: null

18-11-2024T02:51:09 - [TEST_STEP][PASSED] - if (i1 > -1): null

18-11-2024T02:51:09 - [TEST_STEP][PASSED] - x = x.substring(i1, x.length()): null

18-11-2024T02:51:09 - [TEST_STEP][PASSED] - println(x): null

18-11-2024T02:51:09 - [TEST_STEP][PASSED] - i1 = x.indexOf("/") + 1: null

18-11-2024T02:51:09 - [TEST_STEP][PASSED] - if (i1 > -1): null

18-11-2024T02:51:09 - [TEST_STEP][PASSED] - x = x.substring(i1, x.length()): null

18-11-2024T02:51:09 - [TEST_STEP][PASSED] - println(x): null

18-11-2024T02:51:09 - [TEST_STEP][PASSED] - i1 = x.indexOf("/"): null

18-11-2024T02:51:09 - [TEST_STEP][PASSED] - if (i1 > -1): null

18-11-2024T02:51:09 - [TEST_STEP][PASSED] - x = x.substring(0, i1): null

18-11-2024T02:51:09 - [TEST_STEP][PASSED] - println(x): null

18-11-2024T02:51:09 - [TEST_STEP][PASSED] - return x: null

18-11-2024T02:51:09 - [TEST_STEP][PASSED] - tabB = GetOiSFactB(x = b): null

18-11-2024T02:51:09 - [TEST_STEP][PASSED] - i1 = <not implemented yet for class: org.codehaus.groovy.ast.expr.EmptyExpression>: null

18-11-2024T02:51:09 - [TEST_STEP][PASSED] - ii = <not implemented yet for class: org.codehaus.groovy.ast.expr.EmptyExpression>: null

18-11-2024T02:51:09 - [TEST_STEP][PASSED] - for ([ii = 1, ii < 5, (ii++)]): null

18-11-2024T02:51:09 - [TEST_STEP][PASSED] - i1 = x.indexOf("/") + 1: null

18-11-2024T02:51:09 - [TEST_STEP][PASSED] - if (i1 > -1): null

18-11-2024T02:51:09 - [TEST_STEP][PASSED] - x = x.substring(i1, x.length()): null

18-11-2024T02:51:09 - [TEST_STEP][PASSED] - println(x): null

18-11-2024T02:51:09 - [TEST_STEP][PASSED] - i1 = x.indexOf("/") + 1: null

18-11-2024T02:51:09 - [TEST_STEP][PASSED] - if (i1 > -1): null

18-11-2024T02:51:09 - [TEST_STEP][PASSED] - x = x.substring(i1, x.length()): null

18-11-2024T02:51:09 - [TEST_STEP][PASSED] - println(x): null

18-11-2024T02:51:09 - [TEST_STEP][PASSED] - i1 = x.indexOf("/") + 1: null

18-11-2024T02:51:09 - [TEST_STEP][PASSED] - if (i1 > -1): null

18-11-2024T02:51:09 - [TEST_STEP][PASSED] - x = x.substring(i1, x.length()): null

18-11-2024T02:51:09 - [TEST_STEP][PASSED] - println(x): null

18-11-2024T02:51:09 - [TEST_STEP][PASSED] - i1 = x.indexOf("/") + 1: null

18-11-2024T02:51:09 - [TEST_STEP][PASSED] - if (i1 > -1): null

18-11-2024T02:51:09 - [TEST_STEP][PASSED] - x = x.substring(i1, x.length()): null

18-11-2024T02:51:09 - [TEST_STEP][PASSED] - println(x): null

18-11-2024T02:51:09 - [TEST_STEP][PASSED] - i1 = x.indexOf("/"): null

18-11-2024T02:51:09 - [TEST_STEP][PASSED] - if (i1 > -1): null

18-11-2024T02:51:09 - [TEST_STEP][PASSED] - x = x.substring(0, i1): null

18-11-2024T02:51:09 - [TEST_STEP][PASSED] - println(x): null

18-11-2024T02:51:09 - [TEST_STEP][FAILED] - return x: null

18-11-2024T02:51:09 - [TEST_STEP][FAILED] - if (verifyEqual(tabR, tabB) == false): null

18-11-2024T02:51:09 - [MESSAGE][FAILED] - Unable to verify equal between actual object '175051868' and expected object '425411506' (Root cause: com.kms.katalon.core.exception.StepFailedException: Actual object '175051868' and expected object '425411506' are not equal
	at com.kms.katalon.core.keyword.builtin.VerifyEqualKeyword$_verifyEqual_closure1.doCall(VerifyEqualKeyword.groovy:58)
	at com.kms.katalon.core.keyword.builtin.VerifyEqualKeyword$_verifyEqual_closure1.call(VerifyEqualKeyword.groovy)
	at com.kms.katalon.core.keyword.internal.KeywordMain.runKeyword(KeywordMain.groovy:75)
	at com.kms.katalon.core.keyword.builtin.VerifyEqualKeyword.verifyEqual(VerifyEqualKeyword.groovy:63)
	at com.kms.katalon.core.keyword.builtin.VerifyEqualKeyword.execute(VerifyEqualKeyword.groovy:44)
	at com.kms.katalon.core.keyword.internal.KeywordExecutor.executeKeywordForPlatform(KeywordExecutor.groovy:74)
	at com.kms.katalon.core.keyword.BuiltinKeywords.verifyEqual(BuiltinKeywords.groovy:146)
	at java.base/jdk.internal.reflect.NativeMethodAccessorImpl.invoke0(Native Method)
	at java.base/jdk.internal.reflect.NativeMethodAccessorImpl.invoke(NativeMethodAccessorImpl.java:77)
	at java.base/jdk.internal.reflect.DelegatingMethodAccessorImpl.invoke(DelegatingMethodAccessorImpl.java:43)
	at Выполнение бизнес-плана сверка дашбордов.CompareDZOData(Выполнение бизнес-плана сверка дашбордов:717)
	at Выполнение бизнес-плана сверка дашбордов.run(Выполнение бизнес-плана сверка дашбордов:578)
	at com.kms.katalon.core.main.ScriptEngine.run(ScriptEngine.java:194)
	at com.kms.katalon.core.main.ScriptEngine.runScriptAsRawText(ScriptEngine.java:119)
	at com.kms.katalon.core.main.TestCaseExecutor.runScript(TestCaseExecutor.java:448)
	at com.kms.katalon.core.main.TestCaseExecutor.doExecute(TestCaseExecutor.java:439)
	at com.kms.katalon.core.main.TestCaseExecutor.processExecutionPhase(TestCaseExecutor.java:418)
	at com.kms.katalon.core.main.TestCaseExecutor.accessMainPhase(TestCaseExecutor.java:410)
	at com.kms.katalon.core.main.TestCaseExecutor.execute(TestCaseExecutor.java:285)
	at com.kms.katalon.core.common.CommonExecutor.accessTestCaseMainPhase(CommonExecutor.java:65)
	at com.kms.katalon.core.main.TestSuiteExecutor.accessTestSuiteMainPhase(TestSuiteExecutor.java:150)
	at com.kms.katalon.core.main.TestSuiteExecutor.execute(TestSuiteExecutor.java:106)
	at com.kms.katalon.core.main.TestCaseMain.startTestSuite(TestCaseMain.java:180)
	at TempTestSuite1731886967590.run(TempTestSuite1731886967590.groovy:35)
	at java.base/jdk.internal.reflect.NativeMethodAccessorImpl.invoke0(Native Method)
	at java.base/jdk.internal.reflect.NativeMethodAccessorImpl.invoke(NativeMethodAccessorImpl.java:77)
	at java.base/jdk.internal.reflect.DelegatingMethodAccessorImpl.invoke(DelegatingMethodAccessorImpl.java:43)
)

18-11-2024T02:51:09 - [TEST_STEP][PASSED] - result = WriteToExcel(typeOfData, todaysDate, PercPlanR, PercPlanB, PercFactR, PercFactB, x, tabR, tabB, o1R, o1B, vidget): null

18-11-2024T02:51:09 - [TEST_STEP][PASSED] - iii = dZO.indexOf("/"): null

18-11-2024T02:51:09 - [TEST_STEP][PASSED] - println(iii): null

18-11-2024T02:51:09 - [TEST_STEP][PASSED] - dZO = dZO.substring(0, iii): null

18-11-2024T02:51:09 - [TEST_STEP][PASSED] - println(dZO): null

18-11-2024T02:51:09 - [TEST_STEP][PASSED] - println(PercPlanR): null

18-11-2024T02:51:09 - [TEST_STEP][PASSED] - println(PercPlanB): null

18-11-2024T02:51:09 - [TEST_STEP][PASSED] - println(PercFactR): null

18-11-2024T02:51:09 - [TEST_STEP][PASSED] - println(PercFactB): null

18-11-2024T02:51:09 - [TEST_STEP][PASSED] - println(tabR): null

18-11-2024T02:51:09 - [TEST_STEP][PASSED] - println(tabB): null

18-11-2024T02:51:09 - [TEST_STEP][PASSED] - println(o1R): null

18-11-2024T02:51:09 - [TEST_STEP][PASSED] - println(o1B): null

18-11-2024T02:51:09 - [TEST_STEP][PASSED] - PR = <not implemented yet for class: org.codehaus.groovy.ast.expr.EmptyExpression>: null

18-11-2024T02:51:09 - [TEST_STEP][PASSED] - FR = <not implemented yet for class: org.codehaus.groovy.ast.expr.EmptyExpression>: null

18-11-2024T02:51:09 - [TEST_STEP][PASSED] - PB = <not implemented yet for class: org.codehaus.groovy.ast.expr.EmptyExpression>: null

18-11-2024T02:51:09 - [TEST_STEP][PASSED] - FB = <not implemented yet for class: org.codehaus.groovy.ast.expr.EmptyExpression>: null

18-11-2024T02:51:09 - [TEST_STEP][PASSED] - TR = <not implemented yet for class: org.codehaus.groovy.ast.expr.EmptyExpression>: null

18-11-2024T02:51:09 - [TEST_STEP][PASSED] - TB = <not implemented yet for class: org.codehaus.groovy.ast.expr.EmptyExpression>: null

18-11-2024T02:51:09 - [TEST_STEP][PASSED] - sheetName = "Sheet1": null

18-11-2024T02:51:09 - [TEST_STEP][PASSED] - data = findTestData("PlanFact"): null

18-11-2024T02:51:09 - [TEST_STEP][PASSED] - n = data.getRowNumbers() + 1: null

18-11-2024T02:51:09 - [TEST_STEP][PASSED] - year = todaysDate.substring(todaysDate.length() - 4, todaysDate.length()): null

18-11-2024T02:51:09 - [TEST_STEP][PASSED] - y = year.toInteger(): null

18-11-2024T02:51:09 - [TEST_STEP][PASSED] - m = getText(findTestObject("Выполнение бизнес-плана/Выполнение бизнес-плана Балансы/Фильтр Дата")): Text of object 'Object Repository/Выполнение бизнес-плана/Выполнение бизнес-плана Балансы/Фильтр Дата' is: '1, 2, 3 кв. 2024 года'

18-11-2024T02:51:09 - [MESSAGE][PASSED] - Text of object 'Object Repository/Выполнение бизнес-плана/Выполнение бизнес-плана Балансы/Фильтр Дата' is: '1, 2, 3 кв. 2024 года'

18-11-2024T02:51:09 - [TEST_STEP][PASSED] - m = m.substring(0, m.indexOf("2024")): null

18-11-2024T02:51:09 - [TEST_STEP][PASSED] - m = m.trim(): null

18-11-2024T02:51:09 - [TEST_STEP][PASSED] - dashboardName = "Выполнение бизнес-плана": null

18-11-2024T02:51:09 - [TEST_STEP][PASSED] - workbook01 = getWorkbook(excelFilePath): null

18-11-2024T02:51:09 - [TEST_STEP][PASSED] - sheet01 = getExcelSheet(workbook01, sheetName): null

18-11-2024T02:51:09 - [TEST_STEP][PASSED] - setValueToCellByIndex(sheet01, n, 0, dashboardName): null

18-11-2024T02:51:09 - [TEST_STEP][PASSED] - setValueToCellByIndex(sheet01, n, 1, dZO): null

18-11-2024T02:51:09 - [TEST_STEP][PASSED] - setValueToCellByIndex(sheet01, n, 2, typeOfData): null

18-11-2024T02:51:09 - [TEST_STEP][PASSED] - setValueToCellByIndex(sheet01, n, 3, typeOfData): null

18-11-2024T02:51:09 - [TEST_STEP][PASSED] - if (typeOfData == "План"): null

18-11-2024T02:51:09 - [TEST_STEP][PASSED] - else if (typeOfData == "Факт"): null

18-11-2024T02:51:09 - [TEST_STEP][PASSED] - else if (vidget.contains("электроэнергии") == true): null

18-11-2024T02:51:09 - [TEST_STEP][PASSED] - if (tabR == null): null

18-11-2024T02:51:09 - [TEST_STEP][PASSED] - else: null

18-11-2024T02:51:09 - [TEST_STEP][PASSED] - if (tabR == "нет данных"): null

18-11-2024T02:51:09 - [TEST_STEP][PASSED] - else: null

18-11-2024T02:51:09 - [TEST_STEP][PASSED] - TR = tabR.toInteger(): null

18-11-2024T02:51:09 - [TEST_STEP][PASSED] - setValueToCellByIndex(sheet01, n, 4, TR): null

18-11-2024T02:51:09 - [TEST_STEP][PASSED] - if (tabB == null): null

18-11-2024T02:51:09 - [TEST_STEP][PASSED] - else: null

18-11-2024T02:51:09 - [TEST_STEP][PASSED] - if (tabB == "нет данных"): null

18-11-2024T02:51:09 - [TEST_STEP][PASSED] - else: null

18-11-2024T02:51:09 - [TEST_STEP][PASSED] - TB = tabB.toInteger(): null

18-11-2024T02:51:09 - [TEST_STEP][PASSED] - setValueToCellByIndex(sheet01, n, 5, TB): null

18-11-2024T02:51:09 - [TEST_STEP][PASSED] - setValueToCellByIndex(sheet01, n, 6, m): null

18-11-2024T02:51:09 - [TEST_STEP][PASSED] - setValueToCellByIndex(sheet01, n, 7, y): null

18-11-2024T02:51:09 - [TEST_STEP][PASSED] - setValueToCellByIndex(sheet01, n, 8, todaysDate): null

18-11-2024T02:51:09 - [TEST_STEP][PASSED] - n = n + 1: null

18-11-2024T02:51:09 - [TEST_STEP][PASSED] - saveWorkbook(excelFilePath, workbook01): null

18-11-2024T02:51:09 - [TEST_STEP][PASSED] - typeOfData = "Факт Потери": null

18-11-2024T02:51:09 - [TEST_STEP][PASSED] - tabR = GetPFactR(x = a): null

18-11-2024T02:51:09 - [TEST_STEP][PASSED] - i1 = <not implemented yet for class: org.codehaus.groovy.ast.expr.EmptyExpression>: null

18-11-2024T02:51:09 - [TEST_STEP][PASSED] - ii = <not implemented yet for class: org.codehaus.groovy.ast.expr.EmptyExpression>: null

18-11-2024T02:51:09 - [TEST_STEP][PASSED] - for ([ii = 1, ii < 6, (ii++)]): null

18-11-2024T02:51:09 - [TEST_STEP][PASSED] - i1 = x.indexOf("/") + 1: null

18-11-2024T02:51:09 - [TEST_STEP][PASSED] - if (i1 > -1): null

18-11-2024T02:51:09 - [TEST_STEP][PASSED] - x = x.substring(i1, x.length()): null

18-11-2024T02:51:09 - [TEST_STEP][PASSED] - println(x): null

18-11-2024T02:51:09 - [TEST_STEP][PASSED] - i1 = x.indexOf("/") + 1: null

18-11-2024T02:51:09 - [TEST_STEP][PASSED] - if (i1 > -1): null

18-11-2024T02:51:09 - [TEST_STEP][PASSED] - x = x.substring(i1, x.length()): null

18-11-2024T02:51:09 - [TEST_STEP][PASSED] - println(x): null

18-11-2024T02:51:09 - [TEST_STEP][PASSED] - i1 = x.indexOf("/") + 1: null

18-11-2024T02:51:09 - [TEST_STEP][PASSED] - if (i1 > -1): null

18-11-2024T02:51:09 - [TEST_STEP][PASSED] - x = x.substring(i1, x.length()): null

18-11-2024T02:51:09 - [TEST_STEP][PASSED] - println(x): null

18-11-2024T02:51:09 - [TEST_STEP][PASSED] - i1 = x.indexOf("/") + 1: null

18-11-2024T02:51:09 - [TEST_STEP][PASSED] - if (i1 > -1): null

18-11-2024T02:51:09 - [TEST_STEP][PASSED] - x = x.substring(i1, x.length()): null

18-11-2024T02:51:09 - [TEST_STEP][PASSED] - println(x): null

18-11-2024T02:51:09 - [TEST_STEP][PASSED] - i1 = x.indexOf("/") + 1: null

18-11-2024T02:51:09 - [TEST_STEP][PASSED] - if (i1 > -1): null

18-11-2024T02:51:09 - [TEST_STEP][PASSED] - x = x.substring(i1, x.length()): null

18-11-2024T02:51:09 - [TEST_STEP][PASSED] - println(x): null

18-11-2024T02:51:09 - [TEST_STEP][PASSED] - i1 = x.indexOf("/"): null

18-11-2024T02:51:09 - [TEST_STEP][PASSED] - if (i1 > -1): null

18-11-2024T02:51:09 - [TEST_STEP][PASSED] - x = x.substring(0, i1): null

18-11-2024T02:51:09 - [TEST_STEP][PASSED] - println(x): null

18-11-2024T02:51:09 - [TEST_STEP][PASSED] - return x: null

18-11-2024T02:51:09 - [TEST_STEP][PASSED] - tabB = GetPFactB(x = b): null

18-11-2024T02:51:09 - [TEST_STEP][PASSED] - i1 = <not implemented yet for class: org.codehaus.groovy.ast.expr.EmptyExpression>: null

18-11-2024T02:51:09 - [TEST_STEP][PASSED] - ii = <not implemented yet for class: org.codehaus.groovy.ast.expr.EmptyExpression>: null

18-11-2024T02:51:09 - [TEST_STEP][PASSED] - for ([ii = 1, ii < 6, (ii++)]): null

18-11-2024T02:51:09 - [TEST_STEP][PASSED] - i1 = x.indexOf("/") + 1: null

18-11-2024T02:51:09 - [TEST_STEP][PASSED] - if (i1 > -1): null

18-11-2024T02:51:09 - [TEST_STEP][PASSED] - x = x.substring(i1, x.length()): null

18-11-2024T02:51:09 - [TEST_STEP][PASSED] - println(x): null

18-11-2024T02:51:09 - [TEST_STEP][PASSED] - i1 = x.indexOf("/") + 1: null

18-11-2024T02:51:09 - [TEST_STEP][PASSED] - if (i1 > -1): null

18-11-2024T02:51:09 - [TEST_STEP][PASSED] - x = x.substring(i1, x.length()): null

18-11-2024T02:51:09 - [TEST_STEP][PASSED] - println(x): null

18-11-2024T02:51:09 - [TEST_STEP][PASSED] - i1 = x.indexOf("/") + 1: null

18-11-2024T02:51:09 - [TEST_STEP][PASSED] - if (i1 > -1): null

18-11-2024T02:51:09 - [TEST_STEP][PASSED] - x = x.substring(i1, x.length()): null

18-11-2024T02:51:09 - [TEST_STEP][PASSED] - println(x): null

18-11-2024T02:51:09 - [TEST_STEP][PASSED] - i1 = x.indexOf("/") + 1: null

18-11-2024T02:51:09 - [TEST_STEP][PASSED] - if (i1 > -1): null

18-11-2024T02:51:09 - [TEST_STEP][PASSED] - x = x.substring(i1, x.length()): null

18-11-2024T02:51:09 - [TEST_STEP][PASSED] - println(x): null

18-11-2024T02:51:09 - [TEST_STEP][PASSED] - i1 = x.indexOf("/") + 1: null

18-11-2024T02:51:09 - [TEST_STEP][PASSED] - if (i1 > -1): null

18-11-2024T02:51:09 - [TEST_STEP][PASSED] - x = x.substring(i1, x.length()): null

18-11-2024T02:51:09 - [TEST_STEP][PASSED] - println(x): null

18-11-2024T02:51:09 - [TEST_STEP][PASSED] - i1 = x.indexOf("/"): null

18-11-2024T02:51:09 - [TEST_STEP][PASSED] - if (i1 > -1): null

18-11-2024T02:51:09 - [TEST_STEP][PASSED] - x = x.substring(0, i1): null

18-11-2024T02:51:09 - [TEST_STEP][PASSED] - println(x): null

18-11-2024T02:51:09 - [TEST_STEP][FAILED] - return x: null

18-11-2024T02:51:09 - [TEST_STEP][PASSED] - println(tabR + "/" + tabB): null

18-11-2024T02:51:09 - [TEST_STEP][FAILED] - if (verifyEqual(tabR, tabB) == false): null

18-11-2024T02:51:09 - [MESSAGE][FAILED] - Unable to verify equal between actual object '17195829' and expected object '35832290' (Root cause: com.kms.katalon.core.exception.StepFailedException: Actual object '17195829' and expected object '35832290' are not equal
	at com.kms.katalon.core.keyword.builtin.VerifyEqualKeyword$_verifyEqual_closure1.doCall(VerifyEqualKeyword.groovy:58)
	at com.kms.katalon.core.keyword.builtin.VerifyEqualKeyword$_verifyEqual_closure1.call(VerifyEqualKeyword.groovy)
	at com.kms.katalon.core.keyword.internal.KeywordMain.runKeyword(KeywordMain.groovy:75)
	at com.kms.katalon.core.keyword.builtin.VerifyEqualKeyword.verifyEqual(VerifyEqualKeyword.groovy:63)
	at com.kms.katalon.core.keyword.builtin.VerifyEqualKeyword.execute(VerifyEqualKeyword.groovy:44)
	at com.kms.katalon.core.keyword.internal.KeywordExecutor.executeKeywordForPlatform(KeywordExecutor.groovy:74)
	at com.kms.katalon.core.keyword.BuiltinKeywords.verifyEqual(BuiltinKeywords.groovy:146)
	at java.base/jdk.internal.reflect.NativeMethodAccessorImpl.invoke0(Native Method)
	at java.base/jdk.internal.reflect.NativeMethodAccessorImpl.invoke(NativeMethodAccessorImpl.java:77)
	at java.base/jdk.internal.reflect.DelegatingMethodAccessorImpl.invoke(DelegatingMethodAccessorImpl.java:43)
	at Выполнение бизнес-плана сверка дашбордов.CompareDZOData(Выполнение бизнес-плана сверка дашбордов:730)
	at Выполнение бизнес-плана сверка дашбордов.run(Выполнение бизнес-плана сверка дашбордов:578)
	at com.kms.katalon.core.main.ScriptEngine.run(ScriptEngine.java:194)
	at com.kms.katalon.core.main.ScriptEngine.runScriptAsRawText(ScriptEngine.java:119)
	at com.kms.katalon.core.main.TestCaseExecutor.runScript(TestCaseExecutor.java:448)
	at com.kms.katalon.core.main.TestCaseExecutor.doExecute(TestCaseExecutor.java:439)
	at com.kms.katalon.core.main.TestCaseExecutor.processExecutionPhase(TestCaseExecutor.java:418)
	at com.kms.katalon.core.main.TestCaseExecutor.accessMainPhase(TestCaseExecutor.java:410)
	at com.kms.katalon.core.main.TestCaseExecutor.execute(TestCaseExecutor.java:285)
	at com.kms.katalon.core.common.CommonExecutor.accessTestCaseMainPhase(CommonExecutor.java:65)
	at com.kms.katalon.core.main.TestSuiteExecutor.accessTestSuiteMainPhase(TestSuiteExecutor.java:150)
	at com.kms.katalon.core.main.TestSuiteExecutor.execute(TestSuiteExecutor.java:106)
	at com.kms.katalon.core.main.TestCaseMain.startTestSuite(TestCaseMain.java:180)
	at TempTestSuite1731886967590.run(TempTestSuite1731886967590.groovy:35)
	at java.base/jdk.internal.reflect.NativeMethodAccessorImpl.invoke0(Native Method)
	at java.base/jdk.internal.reflect.NativeMethodAccessorImpl.invoke(NativeMethodAccessorImpl.java:77)
	at java.base/jdk.internal.reflect.DelegatingMethodAccessorImpl.invoke(DelegatingMethodAccessorImpl.java:43)
)

18-11-2024T02:51:09 - [TEST_STEP][PASSED] - result = WriteToExcel(typeOfData, todaysDate, PercPlanR, PercPlanB, PercFactR, PercFactB, x, tabR, tabB, o1R, o1B, vidget): null

18-11-2024T02:51:09 - [TEST_STEP][PASSED] - iii = dZO.indexOf("/"): null

18-11-2024T02:51:09 - [TEST_STEP][PASSED] - println(iii): null

18-11-2024T02:51:09 - [TEST_STEP][PASSED] - dZO = dZO.substring(0, iii): null

18-11-2024T02:51:09 - [TEST_STEP][PASSED] - println(dZO): null

18-11-2024T02:51:09 - [TEST_STEP][PASSED] - println(PercPlanR): null

18-11-2024T02:51:09 - [TEST_STEP][PASSED] - println(PercPlanB): null

18-11-2024T02:51:09 - [TEST_STEP][PASSED] - println(PercFactR): null

18-11-2024T02:51:09 - [TEST_STEP][PASSED] - println(PercFactB): null

18-11-2024T02:51:09 - [TEST_STEP][PASSED] - println(tabR): null

18-11-2024T02:51:09 - [TEST_STEP][PASSED] - println(tabB): null

18-11-2024T02:51:09 - [TEST_STEP][PASSED] - println(o1R): null

18-11-2024T02:51:09 - [TEST_STEP][PASSED] - println(o1B): null

18-11-2024T02:51:09 - [TEST_STEP][PASSED] - PR = <not implemented yet for class: org.codehaus.groovy.ast.expr.EmptyExpression>: null

18-11-2024T02:51:09 - [TEST_STEP][PASSED] - FR = <not implemented yet for class: org.codehaus.groovy.ast.expr.EmptyExpression>: null

18-11-2024T02:51:09 - [TEST_STEP][PASSED] - PB = <not implemented yet for class: org.codehaus.groovy.ast.expr.EmptyExpression>: null

18-11-2024T02:51:09 - [TEST_STEP][PASSED] - FB = <not implemented yet for class: org.codehaus.groovy.ast.expr.EmptyExpression>: null

18-11-2024T02:51:09 - [TEST_STEP][PASSED] - TR = <not implemented yet for class: org.codehaus.groovy.ast.expr.EmptyExpression>: null

18-11-2024T02:51:09 - [TEST_STEP][PASSED] - TB = <not implemented yet for class: org.codehaus.groovy.ast.expr.EmptyExpression>: null

18-11-2024T02:51:09 - [TEST_STEP][PASSED] - sheetName = "Sheet1": null

18-11-2024T02:51:09 - [TEST_STEP][PASSED] - data = findTestData("PlanFact"): null

18-11-2024T02:51:09 - [TEST_STEP][PASSED] - n = data.getRowNumbers() + 1: null

18-11-2024T02:51:09 - [TEST_STEP][PASSED] - year = todaysDate.substring(todaysDate.length() - 4, todaysDate.length()): null

18-11-2024T02:51:09 - [TEST_STEP][PASSED] - y = year.toInteger(): null

18-11-2024T02:51:09 - [TEST_STEP][PASSED] - m = getText(findTestObject("Выполнение бизнес-плана/Выполнение бизнес-плана Балансы/Фильтр Дата")): Text of object 'Object Repository/Выполнение бизнес-плана/Выполнение бизнес-плана Балансы/Фильтр Дата' is: '1, 2, 3 кв. 2024 года'

18-11-2024T02:51:10 - [MESSAGE][PASSED] - Text of object 'Object Repository/Выполнение бизнес-плана/Выполнение бизнес-плана Балансы/Фильтр Дата' is: '1, 2, 3 кв. 2024 года'

18-11-2024T02:51:10 - [TEST_STEP][PASSED] - m = m.substring(0, m.indexOf("2024")): null

18-11-2024T02:51:10 - [TEST_STEP][PASSED] - m = m.trim(): null

18-11-2024T02:51:10 - [TEST_STEP][PASSED] - dashboardName = "Выполнение бизнес-плана": null

18-11-2024T02:51:10 - [TEST_STEP][PASSED] - workbook01 = getWorkbook(excelFilePath): null

18-11-2024T02:51:10 - [TEST_STEP][PASSED] - sheet01 = getExcelSheet(workbook01, sheetName): null

18-11-2024T02:51:10 - [TEST_STEP][PASSED] - setValueToCellByIndex(sheet01, n, 0, dashboardName): null

18-11-2024T02:51:10 - [TEST_STEP][PASSED] - setValueToCellByIndex(sheet01, n, 1, dZO): null

18-11-2024T02:51:10 - [TEST_STEP][PASSED] - setValueToCellByIndex(sheet01, n, 2, typeOfData): null

18-11-2024T02:51:10 - [TEST_STEP][PASSED] - setValueToCellByIndex(sheet01, n, 3, typeOfData): null

18-11-2024T02:51:10 - [TEST_STEP][PASSED] - if (typeOfData == "План"): null

18-11-2024T02:51:10 - [TEST_STEP][PASSED] - else if (typeOfData == "Факт"): null

18-11-2024T02:51:10 - [TEST_STEP][PASSED] - else if (vidget.contains("электроэнергии") == true): null

18-11-2024T02:51:10 - [TEST_STEP][PASSED] - if (tabR == null): null

18-11-2024T02:51:10 - [TEST_STEP][PASSED] - else: null

18-11-2024T02:51:10 - [TEST_STEP][PASSED] - if (tabR == "нет данных"): null

18-11-2024T02:51:10 - [TEST_STEP][PASSED] - else: null

18-11-2024T02:51:10 - [TEST_STEP][PASSED] - TR = tabR.toInteger(): null

18-11-2024T02:51:10 - [TEST_STEP][PASSED] - setValueToCellByIndex(sheet01, n, 4, TR): null

18-11-2024T02:51:10 - [TEST_STEP][PASSED] - if (tabB == null): null

18-11-2024T02:51:10 - [TEST_STEP][PASSED] - else: null

18-11-2024T02:51:10 - [TEST_STEP][PASSED] - if (tabB == "нет данных"): null

18-11-2024T02:51:10 - [TEST_STEP][PASSED] - else: null

18-11-2024T02:51:10 - [TEST_STEP][PASSED] - TB = tabB.toInteger(): null

18-11-2024T02:51:10 - [TEST_STEP][PASSED] - setValueToCellByIndex(sheet01, n, 5, TB): null

18-11-2024T02:51:10 - [TEST_STEP][PASSED] - setValueToCellByIndex(sheet01, n, 6, m): null

18-11-2024T02:51:10 - [TEST_STEP][PASSED] - setValueToCellByIndex(sheet01, n, 7, y): null

18-11-2024T02:51:10 - [TEST_STEP][PASSED] - setValueToCellByIndex(sheet01, n, 8, todaysDate): null

18-11-2024T02:51:10 - [TEST_STEP][PASSED] - n = n + 1: null

18-11-2024T02:51:10 - [TEST_STEP][PASSED] - saveWorkbook(excelFilePath, workbook01): null

18-11-2024T02:51:10 - [TEST_STEP][PASSED] - vidget = "Показатели баланса электроэнергии по ДЗО – План": null

18-11-2024T02:51:10 - [TEST_STEP][PASSED] - typeOfData = "План Отпуск в сеть": null

18-11-2024T02:51:10 - [TEST_STEP][PASSED] - tabR = GetOvSPlanR(x = a): null

18-11-2024T02:51:10 - [TEST_STEP][PASSED] - i1 = <not implemented yet for class: org.codehaus.groovy.ast.expr.EmptyExpression>: null

18-11-2024T02:51:10 - [TEST_STEP][PASSED] - ii = <not implemented yet for class: org.codehaus.groovy.ast.expr.EmptyExpression>: null

18-11-2024T02:51:10 - [TEST_STEP][PASSED] - for ([ii = 1, ii < 7, (ii++)]): null

18-11-2024T02:51:10 - [TEST_STEP][PASSED] - i1 = x.indexOf("/") + 1: null

18-11-2024T02:51:10 - [TEST_STEP][PASSED] - if (i1 > -1): null

18-11-2024T02:51:10 - [TEST_STEP][PASSED] - x = x.substring(i1, x.length()): null

18-11-2024T02:51:10 - [TEST_STEP][PASSED] - println(x): null

18-11-2024T02:51:10 - [TEST_STEP][PASSED] - i1 = x.indexOf("/") + 1: null

18-11-2024T02:51:10 - [TEST_STEP][PASSED] - if (i1 > -1): null

18-11-2024T02:51:10 - [TEST_STEP][PASSED] - x = x.substring(i1, x.length()): null

18-11-2024T02:51:10 - [TEST_STEP][PASSED] - println(x): null

18-11-2024T02:51:10 - [TEST_STEP][PASSED] - i1 = x.indexOf("/") + 1: null

18-11-2024T02:51:10 - [TEST_STEP][PASSED] - if (i1 > -1): null

18-11-2024T02:51:10 - [TEST_STEP][PASSED] - x = x.substring(i1, x.length()): null

18-11-2024T02:51:10 - [TEST_STEP][PASSED] - println(x): null

18-11-2024T02:51:10 - [TEST_STEP][PASSED] - i1 = x.indexOf("/") + 1: null

18-11-2024T02:51:10 - [TEST_STEP][PASSED] - if (i1 > -1): null

18-11-2024T02:51:10 - [TEST_STEP][PASSED] - x = x.substring(i1, x.length()): null

18-11-2024T02:51:10 - [TEST_STEP][PASSED] - println(x): null

18-11-2024T02:51:10 - [TEST_STEP][PASSED] - i1 = x.indexOf("/") + 1: null

18-11-2024T02:51:10 - [TEST_STEP][PASSED] - if (i1 > -1): null

18-11-2024T02:51:10 - [TEST_STEP][PASSED] - x = x.substring(i1, x.length()): null

18-11-2024T02:51:10 - [TEST_STEP][PASSED] - println(x): null

18-11-2024T02:51:10 - [TEST_STEP][PASSED] - i1 = x.indexOf("/") + 1: null

18-11-2024T02:51:10 - [TEST_STEP][PASSED] - if (i1 > -1): null

18-11-2024T02:51:10 - [TEST_STEP][PASSED] - x = x.substring(i1, x.length()): null

18-11-2024T02:51:10 - [TEST_STEP][PASSED] - println(x): null

18-11-2024T02:51:10 - [TEST_STEP][PASSED] - i1 = x.indexOf("/"): null

18-11-2024T02:51:10 - [TEST_STEP][PASSED] - if (i1 > -1): null

18-11-2024T02:51:10 - [TEST_STEP][PASSED] - x = x.substring(0, i1): null

18-11-2024T02:51:10 - [TEST_STEP][PASSED] - println(x): null

18-11-2024T02:51:10 - [TEST_STEP][PASSED] - return x: null

18-11-2024T02:51:10 - [TEST_STEP][PASSED] - tabB = GetOvSPlanB(x = b): null

18-11-2024T02:51:10 - [TEST_STEP][PASSED] - i1 = <not implemented yet for class: org.codehaus.groovy.ast.expr.EmptyExpression>: null

18-11-2024T02:51:10 - [TEST_STEP][PASSED] - ii = <not implemented yet for class: org.codehaus.groovy.ast.expr.EmptyExpression>: null

18-11-2024T02:51:10 - [TEST_STEP][PASSED] - for ([ii = 1, ii < 7, (ii++)]): null

18-11-2024T02:51:10 - [TEST_STEP][PASSED] - i1 = x.indexOf("/") + 1: null

18-11-2024T02:51:10 - [TEST_STEP][PASSED] - if (i1 > -1): null

18-11-2024T02:51:10 - [TEST_STEP][PASSED] - x = x.substring(i1, x.length()): null

18-11-2024T02:51:10 - [TEST_STEP][PASSED] - println(x): null

18-11-2024T02:51:10 - [TEST_STEP][PASSED] - i1 = x.indexOf("/") + 1: null

18-11-2024T02:51:10 - [TEST_STEP][PASSED] - if (i1 > -1): null

18-11-2024T02:51:10 - [TEST_STEP][PASSED] - x = x.substring(i1, x.length()): null

18-11-2024T02:51:10 - [TEST_STEP][PASSED] - println(x): null

18-11-2024T02:51:10 - [TEST_STEP][PASSED] - i1 = x.indexOf("/") + 1: null

18-11-2024T02:51:10 - [TEST_STEP][PASSED] - if (i1 > -1): null

18-11-2024T02:51:10 - [TEST_STEP][PASSED] - x = x.substring(i1, x.length()): null

18-11-2024T02:51:10 - [TEST_STEP][PASSED] - println(x): null

18-11-2024T02:51:10 - [TEST_STEP][PASSED] - i1 = x.indexOf("/") + 1: null

18-11-2024T02:51:10 - [TEST_STEP][PASSED] - if (i1 > -1): null

18-11-2024T02:51:10 - [TEST_STEP][PASSED] - x = x.substring(i1, x.length()): null

18-11-2024T02:51:10 - [TEST_STEP][PASSED] - println(x): null

18-11-2024T02:51:10 - [TEST_STEP][PASSED] - i1 = x.indexOf("/") + 1: null

18-11-2024T02:51:10 - [TEST_STEP][PASSED] - if (i1 > -1): null

18-11-2024T02:51:10 - [TEST_STEP][PASSED] - x = x.substring(i1, x.length()): null

18-11-2024T02:51:10 - [TEST_STEP][PASSED] - println(x): null

18-11-2024T02:51:10 - [TEST_STEP][PASSED] - i1 = x.indexOf("/") + 1: null

18-11-2024T02:51:10 - [TEST_STEP][PASSED] - if (i1 > -1): null

18-11-2024T02:51:10 - [TEST_STEP][PASSED] - x = x.substring(i1, x.length()): null

18-11-2024T02:51:10 - [TEST_STEP][PASSED] - println(x): null

18-11-2024T02:51:10 - [TEST_STEP][PASSED] - i1 = x.indexOf("/"): null

18-11-2024T02:51:10 - [TEST_STEP][PASSED] - if (i1 > -1): null

18-11-2024T02:51:10 - [TEST_STEP][PASSED] - x = x.substring(0, i1): null

18-11-2024T02:51:10 - [TEST_STEP][PASSED] - println(x): null

18-11-2024T02:51:10 - [TEST_STEP][FAILED] - return x: null

18-11-2024T02:51:10 - [TEST_STEP][PASSED] - println(tabR + "/" + tabB): null

18-11-2024T02:51:10 - [TEST_STEP][FAILED] - if (verifyEqual(PercFactR, PercFactB) == false): null

18-11-2024T02:51:10 - [MESSAGE][FAILED] - Unable to verify equal between actual object '5.26' and expected object '7.94' (Root cause: com.kms.katalon.core.exception.StepFailedException: Actual object '5.26' and expected object '7.94' are not equal
	at com.kms.katalon.core.keyword.builtin.VerifyEqualKeyword$_verifyEqual_closure1.doCall(VerifyEqualKeyword.groovy:58)
	at com.kms.katalon.core.keyword.builtin.VerifyEqualKeyword$_verifyEqual_closure1.call(VerifyEqualKeyword.groovy)
	at com.kms.katalon.core.keyword.internal.KeywordMain.runKeyword(KeywordMain.groovy:75)
	at com.kms.katalon.core.keyword.builtin.VerifyEqualKeyword.verifyEqual(VerifyEqualKeyword.groovy:63)
	at com.kms.katalon.core.keyword.builtin.VerifyEqualKeyword.execute(VerifyEqualKeyword.groovy:44)
	at com.kms.katalon.core.keyword.internal.KeywordExecutor.executeKeywordForPlatform(KeywordExecutor.groovy:74)
	at com.kms.katalon.core.keyword.BuiltinKeywords.verifyEqual(BuiltinKeywords.groovy:146)
	at java.base/jdk.internal.reflect.NativeMethodAccessorImpl.invoke0(Native Method)
	at java.base/jdk.internal.reflect.NativeMethodAccessorImpl.invoke(NativeMethodAccessorImpl.java:77)
	at java.base/jdk.internal.reflect.DelegatingMethodAccessorImpl.invoke(DelegatingMethodAccessorImpl.java:43)
	at Выполнение бизнес-плана сверка дашбордов.CompareDZOData(Выполнение бизнес-плана сверка дашбордов:745)
	at Выполнение бизнес-плана сверка дашбордов.run(Выполнение бизнес-плана сверка дашбордов:578)
	at com.kms.katalon.core.main.ScriptEngine.run(ScriptEngine.java:194)
	at com.kms.katalon.core.main.ScriptEngine.runScriptAsRawText(ScriptEngine.java:119)
	at com.kms.katalon.core.main.TestCaseExecutor.runScript(TestCaseExecutor.java:448)
	at com.kms.katalon.core.main.TestCaseExecutor.doExecute(TestCaseExecutor.java:439)
	at com.kms.katalon.core.main.TestCaseExecutor.processExecutionPhase(TestCaseExecutor.java:418)
	at com.kms.katalon.core.main.TestCaseExecutor.accessMainPhase(TestCaseExecutor.java:410)
	at com.kms.katalon.core.main.TestCaseExecutor.execute(TestCaseExecutor.java:285)
	at com.kms.katalon.core.common.CommonExecutor.accessTestCaseMainPhase(CommonExecutor.java:65)
	at com.kms.katalon.core.main.TestSuiteExecutor.accessTestSuiteMainPhase(TestSuiteExecutor.java:150)
	at com.kms.katalon.core.main.TestSuiteExecutor.execute(TestSuiteExecutor.java:106)
	at com.kms.katalon.core.main.TestCaseMain.startTestSuite(TestCaseMain.java:180)
	at TempTestSuite1731886967590.run(TempTestSuite1731886967590.groovy:35)
	at java.base/jdk.internal.reflect.NativeMethodAccessorImpl.invoke0(Native Method)
	at java.base/jdk.internal.reflect.NativeMethodAccessorImpl.invoke(NativeMethodAccessorImpl.java:77)
	at java.base/jdk.internal.reflect.DelegatingMethodAccessorImpl.invoke(DelegatingMethodAccessorImpl.java:43)
)

18-11-2024T02:51:10 - [TEST_STEP][PASSED] - result = WriteToExcel(typeOfData, todaysDate, PercPlanR, PercPlanB, PercFactR, PercFactB, x, tabR, tabB, o1R, o1B, vidget): null

18-11-2024T02:51:10 - [TEST_STEP][PASSED] - iii = dZO.indexOf("/"): null

18-11-2024T02:51:10 - [TEST_STEP][PASSED] - println(iii): null

18-11-2024T02:51:10 - [TEST_STEP][PASSED] - dZO = dZO.substring(0, iii): null

18-11-2024T02:51:10 - [TEST_STEP][PASSED] - println(dZO): null

18-11-2024T02:51:10 - [TEST_STEP][PASSED] - println(PercPlanR): null

18-11-2024T02:51:10 - [TEST_STEP][PASSED] - println(PercPlanB): null

18-11-2024T02:51:10 - [TEST_STEP][PASSED] - println(PercFactR): null

18-11-2024T02:51:10 - [TEST_STEP][PASSED] - println(PercFactB): null

18-11-2024T02:51:10 - [TEST_STEP][PASSED] - println(tabR): null

18-11-2024T02:51:10 - [TEST_STEP][PASSED] - println(tabB): null

18-11-2024T02:51:10 - [TEST_STEP][PASSED] - println(o1R): null

18-11-2024T02:51:10 - [TEST_STEP][PASSED] - println(o1B): null

18-11-2024T02:51:10 - [TEST_STEP][PASSED] - PR = <not implemented yet for class: org.codehaus.groovy.ast.expr.EmptyExpression>: null

18-11-2024T02:51:10 - [TEST_STEP][PASSED] - FR = <not implemented yet for class: org.codehaus.groovy.ast.expr.EmptyExpression>: null

18-11-2024T02:51:10 - [TEST_STEP][PASSED] - PB = <not implemented yet for class: org.codehaus.groovy.ast.expr.EmptyExpression>: null

18-11-2024T02:51:10 - [TEST_STEP][PASSED] - FB = <not implemented yet for class: org.codehaus.groovy.ast.expr.EmptyExpression>: null

18-11-2024T02:51:10 - [TEST_STEP][PASSED] - TR = <not implemented yet for class: org.codehaus.groovy.ast.expr.EmptyExpression>: null

18-11-2024T02:51:10 - [TEST_STEP][PASSED] - TB = <not implemented yet for class: org.codehaus.groovy.ast.expr.EmptyExpression>: null

18-11-2024T02:51:10 - [TEST_STEP][PASSED] - sheetName = "Sheet1": null

18-11-2024T02:51:10 - [TEST_STEP][PASSED] - data = findTestData("PlanFact"): null

18-11-2024T02:51:10 - [TEST_STEP][PASSED] - n = data.getRowNumbers() + 1: null

18-11-2024T02:51:10 - [TEST_STEP][PASSED] - year = todaysDate.substring(todaysDate.length() - 4, todaysDate.length()): null

18-11-2024T02:51:10 - [TEST_STEP][PASSED] - y = year.toInteger(): null

18-11-2024T02:51:10 - [TEST_STEP][PASSED] - m = getText(findTestObject("Выполнение бизнес-плана/Выполнение бизнес-плана Балансы/Фильтр Дата")): Text of object 'Object Repository/Выполнение бизнес-плана/Выполнение бизнес-плана Балансы/Фильтр Дата' is: '1, 2, 3 кв. 2024 года'

18-11-2024T02:51:11 - [MESSAGE][PASSED] - Text of object 'Object Repository/Выполнение бизнес-плана/Выполнение бизнес-плана Балансы/Фильтр Дата' is: '1, 2, 3 кв. 2024 года'

18-11-2024T02:51:11 - [TEST_STEP][PASSED] - m = m.substring(0, m.indexOf("2024")): null

18-11-2024T02:51:11 - [TEST_STEP][PASSED] - m = m.trim(): null

18-11-2024T02:51:11 - [TEST_STEP][PASSED] - dashboardName = "Выполнение бизнес-плана": null

18-11-2024T02:51:11 - [TEST_STEP][PASSED] - workbook01 = getWorkbook(excelFilePath): null

18-11-2024T02:51:11 - [TEST_STEP][PASSED] - sheet01 = getExcelSheet(workbook01, sheetName): null

18-11-2024T02:51:11 - [TEST_STEP][PASSED] - setValueToCellByIndex(sheet01, n, 0, dashboardName): null

18-11-2024T02:51:11 - [TEST_STEP][PASSED] - setValueToCellByIndex(sheet01, n, 1, dZO): null

18-11-2024T02:51:11 - [TEST_STEP][PASSED] - setValueToCellByIndex(sheet01, n, 2, typeOfData): null

18-11-2024T02:51:11 - [TEST_STEP][PASSED] - setValueToCellByIndex(sheet01, n, 3, typeOfData): null

18-11-2024T02:51:11 - [TEST_STEP][PASSED] - if (typeOfData == "План"): null

18-11-2024T02:51:11 - [TEST_STEP][PASSED] - else if (typeOfData == "Факт"): null

18-11-2024T02:51:11 - [TEST_STEP][PASSED] - else if (vidget.contains("электроэнергии") == true): null

18-11-2024T02:51:11 - [TEST_STEP][PASSED] - if (tabR == null): null

18-11-2024T02:51:11 - [TEST_STEP][PASSED] - else: null

18-11-2024T02:51:11 - [TEST_STEP][PASSED] - if (tabR == "нет данных"): null

18-11-2024T02:51:11 - [TEST_STEP][PASSED] - else: null

18-11-2024T02:51:11 - [TEST_STEP][PASSED] - TR = tabR.toInteger(): null

18-11-2024T02:51:11 - [TEST_STEP][PASSED] - setValueToCellByIndex(sheet01, n, 4, TR): null

18-11-2024T02:51:11 - [TEST_STEP][PASSED] - if (tabB == null): null

18-11-2024T02:51:11 - [TEST_STEP][PASSED] - else: null

18-11-2024T02:51:11 - [TEST_STEP][PASSED] - if (tabB == "нет данных"): null

18-11-2024T02:51:11 - [TEST_STEP][PASSED] - else: null

18-11-2024T02:51:11 - [TEST_STEP][PASSED] - TB = tabB.toInteger(): null

18-11-2024T02:51:11 - [TEST_STEP][PASSED] - setValueToCellByIndex(sheet01, n, 5, TB): null

18-11-2024T02:51:11 - [TEST_STEP][PASSED] - setValueToCellByIndex(sheet01, n, 6, m): null

18-11-2024T02:51:11 - [TEST_STEP][PASSED] - setValueToCellByIndex(sheet01, n, 7, y): null

18-11-2024T02:51:11 - [TEST_STEP][PASSED] - setValueToCellByIndex(sheet01, n, 8, todaysDate): null

18-11-2024T02:51:11 - [TEST_STEP][PASSED] - n = n + 1: null

18-11-2024T02:51:11 - [TEST_STEP][PASSED] - saveWorkbook(excelFilePath, workbook01): null

18-11-2024T02:51:11 - [TEST_STEP][PASSED] - typeOfData = "План Отпуск из сети": null

18-11-2024T02:51:11 - [TEST_STEP][PASSED] - tabR = GetOiSPlanR(x = a): null

18-11-2024T02:51:11 - [TEST_STEP][PASSED] - i1 = <not implemented yet for class: org.codehaus.groovy.ast.expr.EmptyExpression>: null

18-11-2024T02:51:11 - [TEST_STEP][PASSED] - ii = <not implemented yet for class: org.codehaus.groovy.ast.expr.EmptyExpression>: null

18-11-2024T02:51:11 - [TEST_STEP][PASSED] - for ([ii = 1, ii < 8, (ii++)]): null

18-11-2024T02:51:11 - [TEST_STEP][PASSED] - i1 = x.indexOf("/") + 1: null

18-11-2024T02:51:11 - [TEST_STEP][PASSED] - if (i1 > -1): null

18-11-2024T02:51:11 - [TEST_STEP][PASSED] - x = x.substring(i1, x.length()): null

18-11-2024T02:51:11 - [TEST_STEP][PASSED] - println(x): null

18-11-2024T02:51:11 - [TEST_STEP][PASSED] - i1 = x.indexOf("/") + 1: null

18-11-2024T02:51:11 - [TEST_STEP][PASSED] - if (i1 > -1): null

18-11-2024T02:51:11 - [TEST_STEP][PASSED] - x = x.substring(i1, x.length()): null

18-11-2024T02:51:11 - [TEST_STEP][PASSED] - println(x): null

18-11-2024T02:51:11 - [TEST_STEP][PASSED] - i1 = x.indexOf("/") + 1: null

18-11-2024T02:51:11 - [TEST_STEP][PASSED] - if (i1 > -1): null

18-11-2024T02:51:11 - [TEST_STEP][PASSED] - x = x.substring(i1, x.length()): null

18-11-2024T02:51:11 - [TEST_STEP][PASSED] - println(x): null

18-11-2024T02:51:11 - [TEST_STEP][PASSED] - i1 = x.indexOf("/") + 1: null

18-11-2024T02:51:11 - [TEST_STEP][PASSED] - if (i1 > -1): null

18-11-2024T02:51:11 - [TEST_STEP][PASSED] - x = x.substring(i1, x.length()): null

18-11-2024T02:51:11 - [TEST_STEP][PASSED] - println(x): null

18-11-2024T02:51:11 - [TEST_STEP][PASSED] - i1 = x.indexOf("/") + 1: null

18-11-2024T02:51:11 - [TEST_STEP][PASSED] - if (i1 > -1): null

18-11-2024T02:51:11 - [TEST_STEP][PASSED] - x = x.substring(i1, x.length()): null

18-11-2024T02:51:11 - [TEST_STEP][PASSED] - println(x): null

18-11-2024T02:51:11 - [TEST_STEP][PASSED] - i1 = x.indexOf("/") + 1: null

18-11-2024T02:51:11 - [TEST_STEP][PASSED] - if (i1 > -1): null

18-11-2024T02:51:11 - [TEST_STEP][PASSED] - x = x.substring(i1, x.length()): null

18-11-2024T02:51:11 - [TEST_STEP][PASSED] - println(x): null

18-11-2024T02:51:11 - [TEST_STEP][PASSED] - i1 = x.indexOf("/") + 1: null

18-11-2024T02:51:11 - [TEST_STEP][PASSED] - if (i1 > -1): null

18-11-2024T02:51:11 - [TEST_STEP][PASSED] - x = x.substring(i1, x.length()): null

18-11-2024T02:51:11 - [TEST_STEP][PASSED] - println(x): null

18-11-2024T02:51:11 - [TEST_STEP][PASSED] - i1 = x.indexOf("/"): null

18-11-2024T02:51:11 - [TEST_STEP][PASSED] - if (i1 > -1): null

18-11-2024T02:51:11 - [TEST_STEP][PASSED] - x = x.substring(0, i1): null

18-11-2024T02:51:11 - [TEST_STEP][PASSED] - println(x): null

18-11-2024T02:51:11 - [TEST_STEP][PASSED] - return x: null

18-11-2024T02:51:11 - [TEST_STEP][PASSED] - tabB = GetOiSPlanB(x = b): null

18-11-2024T02:51:11 - [TEST_STEP][PASSED] - i1 = <not implemented yet for class: org.codehaus.groovy.ast.expr.EmptyExpression>: null

18-11-2024T02:51:11 - [TEST_STEP][PASSED] - ii = <not implemented yet for class: org.codehaus.groovy.ast.expr.EmptyExpression>: null

18-11-2024T02:51:11 - [TEST_STEP][PASSED] - for ([ii = 1, ii < 8, (ii++)]): null

18-11-2024T02:51:11 - [TEST_STEP][PASSED] - i1 = x.indexOf("/") + 1: null

18-11-2024T02:51:11 - [TEST_STEP][PASSED] - if (i1 > -1): null

18-11-2024T02:51:11 - [TEST_STEP][PASSED] - x = x.substring(i1, x.length()): null

18-11-2024T02:51:11 - [TEST_STEP][PASSED] - println(x): null

18-11-2024T02:51:11 - [TEST_STEP][PASSED] - i1 = x.indexOf("/") + 1: null

18-11-2024T02:51:11 - [TEST_STEP][PASSED] - if (i1 > -1): null

18-11-2024T02:51:11 - [TEST_STEP][PASSED] - x = x.substring(i1, x.length()): null

18-11-2024T02:51:11 - [TEST_STEP][PASSED] - println(x): null

18-11-2024T02:51:11 - [TEST_STEP][PASSED] - i1 = x.indexOf("/") + 1: null

18-11-2024T02:51:11 - [TEST_STEP][PASSED] - if (i1 > -1): null

18-11-2024T02:51:11 - [TEST_STEP][PASSED] - x = x.substring(i1, x.length()): null

18-11-2024T02:51:11 - [TEST_STEP][PASSED] - println(x): null

18-11-2024T02:51:11 - [TEST_STEP][PASSED] - i1 = x.indexOf("/") + 1: null

18-11-2024T02:51:11 - [TEST_STEP][PASSED] - if (i1 > -1): null

18-11-2024T02:51:11 - [TEST_STEP][PASSED] - x = x.substring(i1, x.length()): null

18-11-2024T02:51:11 - [TEST_STEP][PASSED] - println(x): null

18-11-2024T02:51:11 - [TEST_STEP][PASSED] - i1 = x.indexOf("/") + 1: null

18-11-2024T02:51:11 - [TEST_STEP][PASSED] - if (i1 > -1): null

18-11-2024T02:51:11 - [TEST_STEP][PASSED] - x = x.substring(i1, x.length()): null

18-11-2024T02:51:11 - [TEST_STEP][PASSED] - println(x): null

18-11-2024T02:51:11 - [TEST_STEP][PASSED] - i1 = x.indexOf("/") + 1: null

18-11-2024T02:51:11 - [TEST_STEP][PASSED] - if (i1 > -1): null

18-11-2024T02:51:11 - [TEST_STEP][PASSED] - x = x.substring(i1, x.length()): null

18-11-2024T02:51:11 - [TEST_STEP][PASSED] - println(x): null

18-11-2024T02:51:11 - [TEST_STEP][PASSED] - i1 = x.indexOf("/") + 1: null

18-11-2024T02:51:11 - [TEST_STEP][PASSED] - if (i1 > -1): null

18-11-2024T02:51:11 - [TEST_STEP][PASSED] - x = x.substring(i1, x.length()): null

18-11-2024T02:51:11 - [TEST_STEP][PASSED] - println(x): null

18-11-2024T02:51:11 - [TEST_STEP][PASSED] - i1 = x.indexOf("/"): null

18-11-2024T02:51:11 - [TEST_STEP][PASSED] - if (i1 > -1): null

18-11-2024T02:51:11 - [TEST_STEP][PASSED] - x = x.substring(0, i1): null

18-11-2024T02:51:11 - [TEST_STEP][PASSED] - println(x): null

18-11-2024T02:51:11 - [TEST_STEP][FAILED] - return x: null

18-11-2024T02:51:11 - [TEST_STEP][PASSED] - println(tabR + "/" + tabB): null

18-11-2024T02:51:11 - [TEST_STEP][FAILED] - if (verifyEqual(PercFactR, PercFactB) == false): null

18-11-2024T02:51:11 - [MESSAGE][FAILED] - Unable to verify equal between actual object '5.26' and expected object '7.94' (Root cause: com.kms.katalon.core.exception.StepFailedException: Actual object '5.26' and expected object '7.94' are not equal
	at com.kms.katalon.core.keyword.builtin.VerifyEqualKeyword$_verifyEqual_closure1.doCall(VerifyEqualKeyword.groovy:58)
	at com.kms.katalon.core.keyword.builtin.VerifyEqualKeyword$_verifyEqual_closure1.call(VerifyEqualKeyword.groovy)
	at com.kms.katalon.core.keyword.internal.KeywordMain.runKeyword(KeywordMain.groovy:75)
	at com.kms.katalon.core.keyword.builtin.VerifyEqualKeyword.verifyEqual(VerifyEqualKeyword.groovy:63)
	at com.kms.katalon.core.keyword.builtin.VerifyEqualKeyword.execute(VerifyEqualKeyword.groovy:44)
	at com.kms.katalon.core.keyword.internal.KeywordExecutor.executeKeywordForPlatform(KeywordExecutor.groovy:74)
	at com.kms.katalon.core.keyword.BuiltinKeywords.verifyEqual(BuiltinKeywords.groovy:146)
	at java.base/jdk.internal.reflect.NativeMethodAccessorImpl.invoke0(Native Method)
	at java.base/jdk.internal.reflect.NativeMethodAccessorImpl.invoke(NativeMethodAccessorImpl.java:77)
	at java.base/jdk.internal.reflect.DelegatingMethodAccessorImpl.invoke(DelegatingMethodAccessorImpl.java:43)
	at Выполнение бизнес-плана сверка дашбордов.CompareDZOData(Выполнение бизнес-плана сверка дашбордов:758)
	at Выполнение бизнес-плана сверка дашбордов.run(Выполнение бизнес-плана сверка дашбордов:578)
	at com.kms.katalon.core.main.ScriptEngine.run(ScriptEngine.java:194)
	at com.kms.katalon.core.main.ScriptEngine.runScriptAsRawText(ScriptEngine.java:119)
	at com.kms.katalon.core.main.TestCaseExecutor.runScript(TestCaseExecutor.java:448)
	at com.kms.katalon.core.main.TestCaseExecutor.doExecute(TestCaseExecutor.java:439)
	at com.kms.katalon.core.main.TestCaseExecutor.processExecutionPhase(TestCaseExecutor.java:418)
	at com.kms.katalon.core.main.TestCaseExecutor.accessMainPhase(TestCaseExecutor.java:410)
	at com.kms.katalon.core.main.TestCaseExecutor.execute(TestCaseExecutor.java:285)
	at com.kms.katalon.core.common.CommonExecutor.accessTestCaseMainPhase(CommonExecutor.java:65)
	at com.kms.katalon.core.main.TestSuiteExecutor.accessTestSuiteMainPhase(TestSuiteExecutor.java:150)
	at com.kms.katalon.core.main.TestSuiteExecutor.execute(TestSuiteExecutor.java:106)
	at com.kms.katalon.core.main.TestCaseMain.startTestSuite(TestCaseMain.java:180)
	at TempTestSuite1731886967590.run(TempTestSuite1731886967590.groovy:35)
	at java.base/jdk.internal.reflect.NativeMethodAccessorImpl.invoke0(Native Method)
	at java.base/jdk.internal.reflect.NativeMethodAccessorImpl.invoke(NativeMethodAccessorImpl.java:77)
	at java.base/jdk.internal.reflect.DelegatingMethodAccessorImpl.invoke(DelegatingMethodAccessorImpl.java:43)
)

18-11-2024T02:51:11 - [TEST_STEP][PASSED] - result = WriteToExcel(typeOfData, todaysDate, PercPlanR, PercPlanB, PercFactR, PercFactB, x, tabR, tabB, o1R, o1B, vidget): null

18-11-2024T02:51:11 - [TEST_STEP][PASSED] - iii = dZO.indexOf("/"): null

18-11-2024T02:51:11 - [TEST_STEP][PASSED] - println(iii): null

18-11-2024T02:51:11 - [TEST_STEP][PASSED] - dZO = dZO.substring(0, iii): null

18-11-2024T02:51:11 - [TEST_STEP][PASSED] - println(dZO): null

18-11-2024T02:51:11 - [TEST_STEP][PASSED] - println(PercPlanR): null

18-11-2024T02:51:11 - [TEST_STEP][PASSED] - println(PercPlanB): null

18-11-2024T02:51:11 - [TEST_STEP][PASSED] - println(PercFactR): null

18-11-2024T02:51:11 - [TEST_STEP][PASSED] - println(PercFactB): null

18-11-2024T02:51:11 - [TEST_STEP][PASSED] - println(tabR): null

18-11-2024T02:51:11 - [TEST_STEP][PASSED] - println(tabB): null

18-11-2024T02:51:11 - [TEST_STEP][PASSED] - println(o1R): null

18-11-2024T02:51:11 - [TEST_STEP][PASSED] - println(o1B): null

18-11-2024T02:51:11 - [TEST_STEP][PASSED] - PR = <not implemented yet for class: org.codehaus.groovy.ast.expr.EmptyExpression>: null

18-11-2024T02:51:11 - [TEST_STEP][PASSED] - FR = <not implemented yet for class: org.codehaus.groovy.ast.expr.EmptyExpression>: null

18-11-2024T02:51:11 - [TEST_STEP][PASSED] - PB = <not implemented yet for class: org.codehaus.groovy.ast.expr.EmptyExpression>: null

18-11-2024T02:51:11 - [TEST_STEP][PASSED] - FB = <not implemented yet for class: org.codehaus.groovy.ast.expr.EmptyExpression>: null

18-11-2024T02:51:11 - [TEST_STEP][PASSED] - TR = <not implemented yet for class: org.codehaus.groovy.ast.expr.EmptyExpression>: null

18-11-2024T02:51:11 - [TEST_STEP][PASSED] - TB = <not implemented yet for class: org.codehaus.groovy.ast.expr.EmptyExpression>: null

18-11-2024T02:51:11 - [TEST_STEP][PASSED] - sheetName = "Sheet1": null

18-11-2024T02:51:11 - [TEST_STEP][PASSED] - data = findTestData("PlanFact"): null

18-11-2024T02:51:11 - [TEST_STEP][PASSED] - n = data.getRowNumbers() + 1: null

18-11-2024T02:51:11 - [TEST_STEP][PASSED] - year = todaysDate.substring(todaysDate.length() - 4, todaysDate.length()): null

18-11-2024T02:51:11 - [TEST_STEP][PASSED] - y = year.toInteger(): null

18-11-2024T02:51:11 - [TEST_STEP][PASSED] - m = getText(findTestObject("Выполнение бизнес-плана/Выполнение бизнес-плана Балансы/Фильтр Дата")): Text of object 'Object Repository/Выполнение бизнес-плана/Выполнение бизнес-плана Балансы/Фильтр Дата' is: '1, 2, 3 кв. 2024 года'

18-11-2024T02:51:11 - [MESSAGE][PASSED] - Text of object 'Object Repository/Выполнение бизнес-плана/Выполнение бизнес-плана Балансы/Фильтр Дата' is: '1, 2, 3 кв. 2024 года'

18-11-2024T02:51:11 - [TEST_STEP][PASSED] - m = m.substring(0, m.indexOf("2024")): null

18-11-2024T02:51:11 - [TEST_STEP][PASSED] - m = m.trim(): null

18-11-2024T02:51:11 - [TEST_STEP][PASSED] - dashboardName = "Выполнение бизнес-плана": null

18-11-2024T02:51:11 - [TEST_STEP][PASSED] - workbook01 = getWorkbook(excelFilePath): null

18-11-2024T02:51:11 - [TEST_STEP][PASSED] - sheet01 = getExcelSheet(workbook01, sheetName): null

18-11-2024T02:51:11 - [TEST_STEP][PASSED] - setValueToCellByIndex(sheet01, n, 0, dashboardName): null

18-11-2024T02:51:11 - [TEST_STEP][PASSED] - setValueToCellByIndex(sheet01, n, 1, dZO): null

18-11-2024T02:51:11 - [TEST_STEP][PASSED] - setValueToCellByIndex(sheet01, n, 2, typeOfData): null

18-11-2024T02:51:11 - [TEST_STEP][PASSED] - setValueToCellByIndex(sheet01, n, 3, typeOfData): null

18-11-2024T02:51:11 - [TEST_STEP][PASSED] - if (typeOfData == "План"): null

18-11-2024T02:51:11 - [TEST_STEP][PASSED] - else if (typeOfData == "Факт"): null

18-11-2024T02:51:11 - [TEST_STEP][PASSED] - else if (vidget.contains("электроэнергии") == true): null

18-11-2024T02:51:11 - [TEST_STEP][PASSED] - if (tabR == null): null

18-11-2024T02:51:11 - [TEST_STEP][PASSED] - else: null

18-11-2024T02:51:11 - [TEST_STEP][PASSED] - if (tabR == "нет данных"): null

18-11-2024T02:51:11 - [TEST_STEP][PASSED] - else: null

18-11-2024T02:51:11 - [TEST_STEP][PASSED] - TR = tabR.toInteger(): null

18-11-2024T02:51:11 - [TEST_STEP][PASSED] - setValueToCellByIndex(sheet01, n, 4, TR): null

18-11-2024T02:51:11 - [TEST_STEP][PASSED] - if (tabB == null): null

18-11-2024T02:51:11 - [TEST_STEP][PASSED] - else: null

18-11-2024T02:51:11 - [TEST_STEP][PASSED] - if (tabB == "нет данных"): null

18-11-2024T02:51:11 - [TEST_STEP][PASSED] - else: null

18-11-2024T02:51:11 - [TEST_STEP][PASSED] - TB = tabB.toInteger(): null

18-11-2024T02:51:11 - [TEST_STEP][PASSED] - setValueToCellByIndex(sheet01, n, 5, TB): null

18-11-2024T02:51:11 - [TEST_STEP][PASSED] - setValueToCellByIndex(sheet01, n, 6, m): null

18-11-2024T02:51:11 - [TEST_STEP][PASSED] - setValueToCellByIndex(sheet01, n, 7, y): null

18-11-2024T02:51:11 - [TEST_STEP][PASSED] - setValueToCellByIndex(sheet01, n, 8, todaysDate): null

18-11-2024T02:51:11 - [TEST_STEP][PASSED] - n = n + 1: null

18-11-2024T02:51:11 - [TEST_STEP][PASSED] - saveWorkbook(excelFilePath, workbook01): null

18-11-2024T02:51:12 - [TEST_STEP][PASSED] - typeOfData = "План Потери": null

18-11-2024T02:51:12 - [TEST_STEP][PASSED] - tabR = GetPPlanR(x = a): null

18-11-2024T02:51:12 - [TEST_STEP][PASSED] - i1 = <not implemented yet for class: org.codehaus.groovy.ast.expr.EmptyExpression>: null

18-11-2024T02:51:12 - [TEST_STEP][PASSED] - ii = <not implemented yet for class: org.codehaus.groovy.ast.expr.EmptyExpression>: null

18-11-2024T02:51:12 - [TEST_STEP][PASSED] - for ([ii = 1, ii < 9, (ii++)]): null

18-11-2024T02:51:12 - [TEST_STEP][PASSED] - i1 = x.indexOf("/") + 1: null

18-11-2024T02:51:12 - [TEST_STEP][PASSED] - if (i1 > -1): null

18-11-2024T02:51:12 - [TEST_STEP][PASSED] - x = x.substring(i1, x.length()): null

18-11-2024T02:51:12 - [TEST_STEP][PASSED] - println(x): null

18-11-2024T02:51:12 - [TEST_STEP][PASSED] - i1 = x.indexOf("/") + 1: null

18-11-2024T02:51:12 - [TEST_STEP][PASSED] - if (i1 > -1): null

18-11-2024T02:51:12 - [TEST_STEP][PASSED] - x = x.substring(i1, x.length()): null

18-11-2024T02:51:12 - [TEST_STEP][PASSED] - println(x): null

18-11-2024T02:51:12 - [TEST_STEP][PASSED] - i1 = x.indexOf("/") + 1: null

18-11-2024T02:51:12 - [TEST_STEP][PASSED] - if (i1 > -1): null

18-11-2024T02:51:12 - [TEST_STEP][PASSED] - x = x.substring(i1, x.length()): null

18-11-2024T02:51:12 - [TEST_STEP][PASSED] - println(x): null

18-11-2024T02:51:12 - [TEST_STEP][PASSED] - i1 = x.indexOf("/") + 1: null

18-11-2024T02:51:12 - [TEST_STEP][PASSED] - if (i1 > -1): null

18-11-2024T02:51:12 - [TEST_STEP][PASSED] - x = x.substring(i1, x.length()): null

18-11-2024T02:51:12 - [TEST_STEP][PASSED] - println(x): null

18-11-2024T02:51:12 - [TEST_STEP][PASSED] - i1 = x.indexOf("/") + 1: null

18-11-2024T02:51:12 - [TEST_STEP][PASSED] - if (i1 > -1): null

18-11-2024T02:51:12 - [TEST_STEP][PASSED] - x = x.substring(i1, x.length()): null

18-11-2024T02:51:12 - [TEST_STEP][PASSED] - println(x): null

18-11-2024T02:51:12 - [TEST_STEP][PASSED] - i1 = x.indexOf("/") + 1: null

18-11-2024T02:51:12 - [TEST_STEP][PASSED] - if (i1 > -1): null

18-11-2024T02:51:12 - [TEST_STEP][PASSED] - x = x.substring(i1, x.length()): null

18-11-2024T02:51:12 - [TEST_STEP][PASSED] - println(x): null

18-11-2024T02:51:12 - [TEST_STEP][PASSED] - i1 = x.indexOf("/") + 1: null

18-11-2024T02:51:12 - [TEST_STEP][PASSED] - if (i1 > -1): null

18-11-2024T02:51:12 - [TEST_STEP][PASSED] - x = x.substring(i1, x.length()): null

18-11-2024T02:51:12 - [TEST_STEP][PASSED] - println(x): null

18-11-2024T02:51:12 - [TEST_STEP][PASSED] - i1 = x.indexOf("/") + 1: null

18-11-2024T02:51:12 - [TEST_STEP][PASSED] - if (i1 > -1): null

18-11-2024T02:51:12 - [TEST_STEP][PASSED] - x = x.substring(i1, x.length()): null

18-11-2024T02:51:12 - [TEST_STEP][PASSED] - println(x): null

18-11-2024T02:51:12 - [TEST_STEP][PASSED] - i1 = x.indexOf("/"): null

18-11-2024T02:51:12 - [TEST_STEP][PASSED] - if (i1 > -1): null

18-11-2024T02:51:12 - [TEST_STEP][PASSED] - println(x): null

18-11-2024T02:51:12 - [TEST_STEP][PASSED] - return x: null

18-11-2024T02:51:12 - [TEST_STEP][PASSED] - tabB = GetPPlanB(x = b): null

18-11-2024T02:51:12 - [TEST_STEP][PASSED] - i1 = <not implemented yet for class: org.codehaus.groovy.ast.expr.EmptyExpression>: null

18-11-2024T02:51:12 - [TEST_STEP][PASSED] - ii = <not implemented yet for class: org.codehaus.groovy.ast.expr.EmptyExpression>: null

18-11-2024T02:51:12 - [TEST_STEP][PASSED] - for ([ii = 1, ii < 9, (ii++)]): null

18-11-2024T02:51:12 - [TEST_STEP][PASSED] - i1 = x.indexOf("/") + 1: null

18-11-2024T02:51:12 - [TEST_STEP][PASSED] - if (i1 > -1): null

18-11-2024T02:51:12 - [TEST_STEP][PASSED] - x = x.substring(i1, x.length()): null

18-11-2024T02:51:12 - [TEST_STEP][PASSED] - println(x): null

18-11-2024T02:51:12 - [TEST_STEP][PASSED] - i1 = x.indexOf("/") + 1: null

18-11-2024T02:51:12 - [TEST_STEP][PASSED] - if (i1 > -1): null

18-11-2024T02:51:12 - [TEST_STEP][PASSED] - x = x.substring(i1, x.length()): null

18-11-2024T02:51:12 - [TEST_STEP][PASSED] - println(x): null

18-11-2024T02:51:12 - [TEST_STEP][PASSED] - i1 = x.indexOf("/") + 1: null

18-11-2024T02:51:12 - [TEST_STEP][PASSED] - if (i1 > -1): null

18-11-2024T02:51:12 - [TEST_STEP][PASSED] - x = x.substring(i1, x.length()): null

18-11-2024T02:51:12 - [TEST_STEP][PASSED] - println(x): null

18-11-2024T02:51:12 - [TEST_STEP][PASSED] - i1 = x.indexOf("/") + 1: null

18-11-2024T02:51:12 - [TEST_STEP][PASSED] - if (i1 > -1): null

18-11-2024T02:51:12 - [TEST_STEP][PASSED] - x = x.substring(i1, x.length()): null

18-11-2024T02:51:12 - [TEST_STEP][PASSED] - println(x): null

18-11-2024T02:51:12 - [TEST_STEP][PASSED] - i1 = x.indexOf("/") + 1: null

18-11-2024T02:51:12 - [TEST_STEP][PASSED] - if (i1 > -1): null

18-11-2024T02:51:12 - [TEST_STEP][PASSED] - x = x.substring(i1, x.length()): null

18-11-2024T02:51:12 - [TEST_STEP][PASSED] - println(x): null

18-11-2024T02:51:12 - [TEST_STEP][PASSED] - i1 = x.indexOf("/") + 1: null

18-11-2024T02:51:12 - [TEST_STEP][PASSED] - if (i1 > -1): null

18-11-2024T02:51:12 - [TEST_STEP][PASSED] - x = x.substring(i1, x.length()): null

18-11-2024T02:51:12 - [TEST_STEP][PASSED] - println(x): null

18-11-2024T02:51:12 - [TEST_STEP][PASSED] - i1 = x.indexOf("/") + 1: null

18-11-2024T02:51:12 - [TEST_STEP][PASSED] - if (i1 > -1): null

18-11-2024T02:51:12 - [TEST_STEP][PASSED] - x = x.substring(i1, x.length()): null

18-11-2024T02:51:12 - [TEST_STEP][PASSED] - println(x): null

18-11-2024T02:51:12 - [TEST_STEP][PASSED] - i1 = x.indexOf("/") + 1: null

18-11-2024T02:51:12 - [TEST_STEP][PASSED] - if (i1 > -1): null

18-11-2024T02:51:12 - [TEST_STEP][PASSED] - x = x.substring(i1, x.length()): null

18-11-2024T02:51:12 - [TEST_STEP][PASSED] - println(x): null

18-11-2024T02:51:12 - [TEST_STEP][PASSED] - i1 = x.indexOf("/"): null

18-11-2024T02:51:12 - [TEST_STEP][PASSED] - if (i1 > -1): null

18-11-2024T02:51:12 - [TEST_STEP][PASSED] - println(x): null

18-11-2024T02:51:12 - [TEST_STEP][FAILED] - return x: null

18-11-2024T02:51:12 - [TEST_STEP][PASSED] - println(tabR + "/" + tabB): null

18-11-2024T02:51:12 - [TEST_STEP][FAILED] - if (verifyEqual(PercFactR, PercFactB) == false): null

18-11-2024T02:51:12 - [MESSAGE][FAILED] - Unable to verify equal between actual object '5.26' and expected object '7.94' (Root cause: com.kms.katalon.core.exception.StepFailedException: Actual object '5.26' and expected object '7.94' are not equal
	at com.kms.katalon.core.keyword.builtin.VerifyEqualKeyword$_verifyEqual_closure1.doCall(VerifyEqualKeyword.groovy:58)
	at com.kms.katalon.core.keyword.builtin.VerifyEqualKeyword$_verifyEqual_closure1.call(VerifyEqualKeyword.groovy)
	at com.kms.katalon.core.keyword.internal.KeywordMain.runKeyword(KeywordMain.groovy:75)
	at com.kms.katalon.core.keyword.builtin.VerifyEqualKeyword.verifyEqual(VerifyEqualKeyword.groovy:63)
	at com.kms.katalon.core.keyword.builtin.VerifyEqualKeyword.execute(VerifyEqualKeyword.groovy:44)
	at com.kms.katalon.core.keyword.internal.KeywordExecutor.executeKeywordForPlatform(KeywordExecutor.groovy:74)
	at com.kms.katalon.core.keyword.BuiltinKeywords.verifyEqual(BuiltinKeywords.groovy:146)
	at java.base/jdk.internal.reflect.NativeMethodAccessorImpl.invoke0(Native Method)
	at java.base/jdk.internal.reflect.NativeMethodAccessorImpl.invoke(NativeMethodAccessorImpl.java:77)
	at java.base/jdk.internal.reflect.DelegatingMethodAccessorImpl.invoke(DelegatingMethodAccessorImpl.java:43)
	at Выполнение бизнес-плана сверка дашбордов.CompareDZOData(Выполнение бизнес-плана сверка дашбордов:771)
	at Выполнение бизнес-плана сверка дашбордов.run(Выполнение бизнес-плана сверка дашбордов:578)
	at com.kms.katalon.core.main.ScriptEngine.run(ScriptEngine.java:194)
	at com.kms.katalon.core.main.ScriptEngine.runScriptAsRawText(ScriptEngine.java:119)
	at com.kms.katalon.core.main.TestCaseExecutor.runScript(TestCaseExecutor.java:448)
	at com.kms.katalon.core.main.TestCaseExecutor.doExecute(TestCaseExecutor.java:439)
	at com.kms.katalon.core.main.TestCaseExecutor.processExecutionPhase(TestCaseExecutor.java:418)
	at com.kms.katalon.core.main.TestCaseExecutor.accessMainPhase(TestCaseExecutor.java:410)
	at com.kms.katalon.core.main.TestCaseExecutor.execute(TestCaseExecutor.java:285)
	at com.kms.katalon.core.common.CommonExecutor.accessTestCaseMainPhase(CommonExecutor.java:65)
	at com.kms.katalon.core.main.TestSuiteExecutor.accessTestSuiteMainPhase(TestSuiteExecutor.java:150)
	at com.kms.katalon.core.main.TestSuiteExecutor.execute(TestSuiteExecutor.java:106)
	at com.kms.katalon.core.main.TestCaseMain.startTestSuite(TestCaseMain.java:180)
	at TempTestSuite1731886967590.run(TempTestSuite1731886967590.groovy:35)
	at java.base/jdk.internal.reflect.NativeMethodAccessorImpl.invoke0(Native Method)
	at java.base/jdk.internal.reflect.NativeMethodAccessorImpl.invoke(NativeMethodAccessorImpl.java:77)
	at java.base/jdk.internal.reflect.DelegatingMethodAccessorImpl.invoke(DelegatingMethodAccessorImpl.java:43)
)

18-11-2024T02:51:12 - [TEST_STEP][PASSED] - result = WriteToExcel(typeOfData, todaysDate, PercPlanR, PercPlanB, PercFactR, PercFactB, x, tabR, tabB, o1R, o1B, vidget): null

18-11-2024T02:51:12 - [TEST_STEP][PASSED] - iii = dZO.indexOf("/"): null

18-11-2024T02:51:12 - [TEST_STEP][PASSED] - println(iii): null

18-11-2024T02:51:12 - [TEST_STEP][PASSED] - dZO = dZO.substring(0, iii): null

18-11-2024T02:51:12 - [TEST_STEP][PASSED] - println(dZO): null

18-11-2024T02:51:12 - [TEST_STEP][PASSED] - println(PercPlanR): null

18-11-2024T02:51:12 - [TEST_STEP][PASSED] - println(PercPlanB): null

18-11-2024T02:51:12 - [TEST_STEP][PASSED] - println(PercFactR): null

18-11-2024T02:51:12 - [TEST_STEP][PASSED] - println(PercFactB): null

18-11-2024T02:51:12 - [TEST_STEP][PASSED] - println(tabR): null

18-11-2024T02:51:12 - [TEST_STEP][PASSED] - println(tabB): null

18-11-2024T02:51:12 - [TEST_STEP][PASSED] - println(o1R): null

18-11-2024T02:51:12 - [TEST_STEP][PASSED] - println(o1B): null

18-11-2024T02:51:12 - [TEST_STEP][PASSED] - PR = <not implemented yet for class: org.codehaus.groovy.ast.expr.EmptyExpression>: null

18-11-2024T02:51:12 - [TEST_STEP][PASSED] - FR = <not implemented yet for class: org.codehaus.groovy.ast.expr.EmptyExpression>: null

18-11-2024T02:51:12 - [TEST_STEP][PASSED] - PB = <not implemented yet for class: org.codehaus.groovy.ast.expr.EmptyExpression>: null

18-11-2024T02:51:12 - [TEST_STEP][PASSED] - FB = <not implemented yet for class: org.codehaus.groovy.ast.expr.EmptyExpression>: null

18-11-2024T02:51:12 - [TEST_STEP][PASSED] - TR = <not implemented yet for class: org.codehaus.groovy.ast.expr.EmptyExpression>: null

18-11-2024T02:51:12 - [TEST_STEP][PASSED] - TB = <not implemented yet for class: org.codehaus.groovy.ast.expr.EmptyExpression>: null

18-11-2024T02:51:12 - [TEST_STEP][PASSED] - sheetName = "Sheet1": null

18-11-2024T02:51:12 - [TEST_STEP][PASSED] - data = findTestData("PlanFact"): null

18-11-2024T02:51:12 - [TEST_STEP][PASSED] - n = data.getRowNumbers() + 1: null

18-11-2024T02:51:12 - [TEST_STEP][PASSED] - year = todaysDate.substring(todaysDate.length() - 4, todaysDate.length()): null

18-11-2024T02:51:12 - [TEST_STEP][PASSED] - y = year.toInteger(): null

18-11-2024T02:51:12 - [TEST_STEP][PASSED] - m = getText(findTestObject("Выполнение бизнес-плана/Выполнение бизнес-плана Балансы/Фильтр Дата")): Text of object 'Object Repository/Выполнение бизнес-плана/Выполнение бизнес-плана Балансы/Фильтр Дата' is: '1, 2, 3 кв. 2024 года'

18-11-2024T02:51:12 - [MESSAGE][PASSED] - Text of object 'Object Repository/Выполнение бизнес-плана/Выполнение бизнес-плана Балансы/Фильтр Дата' is: '1, 2, 3 кв. 2024 года'

18-11-2024T02:51:12 - [TEST_STEP][PASSED] - m = m.substring(0, m.indexOf("2024")): null

18-11-2024T02:51:12 - [TEST_STEP][PASSED] - m = m.trim(): null

18-11-2024T02:51:12 - [TEST_STEP][PASSED] - dashboardName = "Выполнение бизнес-плана": null

18-11-2024T02:51:12 - [TEST_STEP][PASSED] - workbook01 = getWorkbook(excelFilePath): null

18-11-2024T02:51:12 - [TEST_STEP][PASSED] - sheet01 = getExcelSheet(workbook01, sheetName): null

18-11-2024T02:51:12 - [TEST_STEP][PASSED] - setValueToCellByIndex(sheet01, n, 0, dashboardName): null

18-11-2024T02:51:12 - [TEST_STEP][PASSED] - setValueToCellByIndex(sheet01, n, 1, dZO): null

18-11-2024T02:51:12 - [TEST_STEP][PASSED] - setValueToCellByIndex(sheet01, n, 2, typeOfData): null

18-11-2024T02:51:12 - [TEST_STEP][PASSED] - setValueToCellByIndex(sheet01, n, 3, typeOfData): null

18-11-2024T02:51:12 - [TEST_STEP][PASSED] - if (typeOfData == "План"): null

18-11-2024T02:51:12 - [TEST_STEP][PASSED] - else if (typeOfData == "Факт"): null

18-11-2024T02:51:12 - [TEST_STEP][PASSED] - else if (vidget.contains("электроэнергии") == true): null

18-11-2024T02:51:12 - [TEST_STEP][PASSED] - if (tabR == null): null

18-11-2024T02:51:12 - [TEST_STEP][PASSED] - else: null

18-11-2024T02:51:12 - [TEST_STEP][PASSED] - if (tabR == "нет данных"): null

18-11-2024T02:51:12 - [TEST_STEP][PASSED] - else: null

18-11-2024T02:51:12 - [TEST_STEP][PASSED] - TR = tabR.toInteger(): null

18-11-2024T02:51:12 - [TEST_STEP][PASSED] - setValueToCellByIndex(sheet01, n, 4, TR): null

18-11-2024T02:51:12 - [TEST_STEP][PASSED] - if (tabB == null): null

18-11-2024T02:51:12 - [TEST_STEP][PASSED] - else: null

18-11-2024T02:51:12 - [TEST_STEP][PASSED] - if (tabB == "нет данных"): null

18-11-2024T02:51:12 - [TEST_STEP][PASSED] - else: null

18-11-2024T02:51:12 - [TEST_STEP][PASSED] - TB = tabB.toInteger(): null

18-11-2024T02:51:12 - [TEST_STEP][PASSED] - setValueToCellByIndex(sheet01, n, 5, TB): null

18-11-2024T02:51:12 - [TEST_STEP][PASSED] - setValueToCellByIndex(sheet01, n, 6, m): null

18-11-2024T02:51:12 - [TEST_STEP][PASSED] - setValueToCellByIndex(sheet01, n, 7, y): null

18-11-2024T02:51:12 - [TEST_STEP][PASSED] - setValueToCellByIndex(sheet01, n, 8, todaysDate): null

18-11-2024T02:51:12 - [TEST_STEP][PASSED] - n = n + 1: null

18-11-2024T02:51:12 - [TEST_STEP][FAILED] - saveWorkbook(excelFilePath, workbook01): null

18-11-2024T02:51:12 - [TEST_STEP][PASSED] - ii2 = a.indexOf("ПАО"): null

18-11-2024T02:51:12 - [TEST_STEP][PASSED] - if (ii2 == -1): null

18-11-2024T02:51:12 - [TEST_STEP][FAILED] - if (verifyEqual(fR, fB) == false): null

18-11-2024T02:51:12 - [MESSAGE][FAILED] - Unable to verify equal between actual object 'Россети ФСК ЕЭС/нет данных/нет данных/нет данных/нет данных/нет данных/нет данных/нет данных/нет данных/нет данных' and expected object 'Россети ФСК ЕЭС/3.86/3.67/462835148/446457790/16377359/449486116/432761211/16724905/-0.20' (Root cause: com.kms.katalon.core.exception.StepFailedException: Actual object 'Россети ФСК ЕЭС/нет данных/нет данных/нет данных/нет данных/нет данных/нет данных/нет данных/нет данных/нет данных' and expected object 'Россети ФСК ЕЭС/3.86/3.67/462835148/446457790/16377359/449486116/432761211/16724905/-0.20' are not equal
	at com.kms.katalon.core.keyword.builtin.VerifyEqualKeyword$_verifyEqual_closure1.doCall(VerifyEqualKeyword.groovy:58)
	at com.kms.katalon.core.keyword.builtin.VerifyEqualKeyword$_verifyEqual_closure1.call(VerifyEqualKeyword.groovy)
	at com.kms.katalon.core.keyword.internal.KeywordMain.runKeyword(KeywordMain.groovy:75)
	at com.kms.katalon.core.keyword.builtin.VerifyEqualKeyword.verifyEqual(VerifyEqualKeyword.groovy:63)
	at com.kms.katalon.core.keyword.builtin.VerifyEqualKeyword.execute(VerifyEqualKeyword.groovy:44)
	at com.kms.katalon.core.keyword.internal.KeywordExecutor.executeKeywordForPlatform(KeywordExecutor.groovy:74)
	at com.kms.katalon.core.keyword.BuiltinKeywords.verifyEqual(BuiltinKeywords.groovy:146)
	at java.base/jdk.internal.reflect.NativeMethodAccessorImpl.invoke0(Native Method)
	at java.base/jdk.internal.reflect.NativeMethodAccessorImpl.invoke(NativeMethodAccessorImpl.java:77)
	at java.base/jdk.internal.reflect.DelegatingMethodAccessorImpl.invoke(DelegatingMethodAccessorImpl.java:43)
	at Выполнение бизнес-плана сверка дашбордов.run(Выполнение бизнес-плана сверка дашбордов:582)
	at com.kms.katalon.core.main.ScriptEngine.run(ScriptEngine.java:194)
	at com.kms.katalon.core.main.ScriptEngine.runScriptAsRawText(ScriptEngine.java:119)
	at com.kms.katalon.core.main.TestCaseExecutor.runScript(TestCaseExecutor.java:448)
	at com.kms.katalon.core.main.TestCaseExecutor.doExecute(TestCaseExecutor.java:439)
	at com.kms.katalon.core.main.TestCaseExecutor.processExecutionPhase(TestCaseExecutor.java:418)
	at com.kms.katalon.core.main.TestCaseExecutor.accessMainPhase(TestCaseExecutor.java:410)
	at com.kms.katalon.core.main.TestCaseExecutor.execute(TestCaseExecutor.java:285)
	at com.kms.katalon.core.common.CommonExecutor.accessTestCaseMainPhase(CommonExecutor.java:65)
	at com.kms.katalon.core.main.TestSuiteExecutor.accessTestSuiteMainPhase(TestSuiteExecutor.java:150)
	at com.kms.katalon.core.main.TestSuiteExecutor.execute(TestSuiteExecutor.java:106)
	at com.kms.katalon.core.main.TestCaseMain.startTestSuite(TestCaseMain.java:180)
	at TempTestSuite1731886967590.run(TempTestSuite1731886967590.groovy:35)
	at java.base/jdk.internal.reflect.NativeMethodAccessorImpl.invoke0(Native Method)
	at java.base/jdk.internal.reflect.NativeMethodAccessorImpl.invoke(NativeMethodAccessorImpl.java:77)
	at java.base/jdk.internal.reflect.DelegatingMethodAccessorImpl.invoke(DelegatingMethodAccessorImpl.java:43)
)

18-11-2024T02:51:12 - [TEST_STEP][PASSED] - result = CompareDZOData(a = fR, b = fB, dZO, typeOfData, PercPlanR, PercPlanB, PercFactR, PercFactB, todaysDate, x, vidget, tabR, tabB, o1R, o1B): null

18-11-2024T02:51:12 - [TEST_STEP][PASSED] - ii2 = <not implemented yet for class: org.codehaus.groovy.ast.expr.EmptyExpression>: null

18-11-2024T02:51:12 - [TEST_STEP][FAILED] - if (verifyEqual(a, b) == false): null

18-11-2024T02:51:12 - [MESSAGE][FAILED] - Unable to verify equal between actual object 'Россети ФСК ЕЭС/нет данных/нет данных/нет данных/нет данных/нет данных/нет данных/нет данных/нет данных/нет данных' and expected object 'Россети ФСК ЕЭС/3.86/3.67/462835148/446457790/16377359/449486116/432761211/16724905/-0.20' (Root cause: com.kms.katalon.core.exception.StepFailedException: Actual object 'Россети ФСК ЕЭС/нет данных/нет данных/нет данных/нет данных/нет данных/нет данных/нет данных/нет данных/нет данных' and expected object 'Россети ФСК ЕЭС/3.86/3.67/462835148/446457790/16377359/449486116/432761211/16724905/-0.20' are not equal
	at com.kms.katalon.core.keyword.builtin.VerifyEqualKeyword$_verifyEqual_closure1.doCall(VerifyEqualKeyword.groovy:58)
	at com.kms.katalon.core.keyword.builtin.VerifyEqualKeyword$_verifyEqual_closure1.call(VerifyEqualKeyword.groovy)
	at com.kms.katalon.core.keyword.internal.KeywordMain.runKeyword(KeywordMain.groovy:75)
	at com.kms.katalon.core.keyword.builtin.VerifyEqualKeyword.verifyEqual(VerifyEqualKeyword.groovy:63)
	at com.kms.katalon.core.keyword.builtin.VerifyEqualKeyword.execute(VerifyEqualKeyword.groovy:44)
	at com.kms.katalon.core.keyword.internal.KeywordExecutor.executeKeywordForPlatform(KeywordExecutor.groovy:74)
	at com.kms.katalon.core.keyword.BuiltinKeywords.verifyEqual(BuiltinKeywords.groovy:146)
	at java.base/jdk.internal.reflect.NativeMethodAccessorImpl.invoke0(Native Method)
	at java.base/jdk.internal.reflect.NativeMethodAccessorImpl.invoke(NativeMethodAccessorImpl.java:77)
	at java.base/jdk.internal.reflect.DelegatingMethodAccessorImpl.invoke(DelegatingMethodAccessorImpl.java:43)
	at Выполнение бизнес-плана сверка дашбордов.CompareDZOData(Выполнение бизнес-плана сверка дашбордов:673)
	at Выполнение бизнес-плана сверка дашбордов.run(Выполнение бизнес-плана сверка дашбордов:583)
	at com.kms.katalon.core.main.ScriptEngine.run(ScriptEngine.java:194)
	at com.kms.katalon.core.main.ScriptEngine.runScriptAsRawText(ScriptEngine.java:119)
	at com.kms.katalon.core.main.TestCaseExecutor.runScript(TestCaseExecutor.java:448)
	at com.kms.katalon.core.main.TestCaseExecutor.doExecute(TestCaseExecutor.java:439)
	at com.kms.katalon.core.main.TestCaseExecutor.processExecutionPhase(TestCaseExecutor.java:418)
	at com.kms.katalon.core.main.TestCaseExecutor.accessMainPhase(TestCaseExecutor.java:410)
	at com.kms.katalon.core.main.TestCaseExecutor.execute(TestCaseExecutor.java:285)
	at com.kms.katalon.core.common.CommonExecutor.accessTestCaseMainPhase(CommonExecutor.java:65)
	at com.kms.katalon.core.main.TestSuiteExecutor.accessTestSuiteMainPhase(TestSuiteExecutor.java:150)
	at com.kms.katalon.core.main.TestSuiteExecutor.execute(TestSuiteExecutor.java:106)
	at com.kms.katalon.core.main.TestCaseMain.startTestSuite(TestCaseMain.java:180)
	at TempTestSuite1731886967590.run(TempTestSuite1731886967590.groovy:35)
	at java.base/jdk.internal.reflect.NativeMethodAccessorImpl.invoke0(Native Method)
	at java.base/jdk.internal.reflect.NativeMethodAccessorImpl.invoke(NativeMethodAccessorImpl.java:77)
	at java.base/jdk.internal.reflect.DelegatingMethodAccessorImpl.invoke(DelegatingMethodAccessorImpl.java:43)
)

18-11-2024T02:51:12 - [TEST_STEP][PASSED] - vidget = "Уровень потерь электроэнергии": null

18-11-2024T02:51:12 - [TEST_STEP][PASSED] - typeOfData = "План": null

18-11-2024T02:51:12 - [TEST_STEP][PASSED] - PercPlanR = GetPercPlanR(x = a): null

18-11-2024T02:51:12 - [TEST_STEP][PASSED] - i1 = <not implemented yet for class: org.codehaus.groovy.ast.expr.EmptyExpression>: null

18-11-2024T02:51:12 - [TEST_STEP][PASSED] - i1 = x.indexOf("/") + 1: null

18-11-2024T02:51:12 - [TEST_STEP][PASSED] - if (i1 > -1): null

18-11-2024T02:51:12 - [TEST_STEP][PASSED] - x = x.substring(i1, x.length()): null

18-11-2024T02:51:12 - [TEST_STEP][PASSED] - i1 = x.indexOf("/"): null

18-11-2024T02:51:12 - [TEST_STEP][PASSED] - if (i1 > -1): null

18-11-2024T02:51:12 - [TEST_STEP][PASSED] - x = x.substring(0, i1): null

18-11-2024T02:51:12 - [TEST_STEP][PASSED] - return x: null

18-11-2024T02:51:12 - [TEST_STEP][PASSED] - PercPlanB = GetPercPlanB(x = b): null

18-11-2024T02:51:12 - [TEST_STEP][PASSED] - i1 = <not implemented yet for class: org.codehaus.groovy.ast.expr.EmptyExpression>: null

18-11-2024T02:51:12 - [TEST_STEP][PASSED] - i1 = x.indexOf("/") + 1: null

18-11-2024T02:51:12 - [TEST_STEP][PASSED] - if (i1 > -1): null

18-11-2024T02:51:12 - [TEST_STEP][PASSED] - x = x.substring(i1, x.length()): null

18-11-2024T02:51:12 - [TEST_STEP][PASSED] - i1 = x.indexOf("/"): null

18-11-2024T02:51:12 - [TEST_STEP][PASSED] - if (i1 > -1): null

18-11-2024T02:51:12 - [TEST_STEP][PASSED] - x = x.substring(0, i1): null

18-11-2024T02:51:12 - [TEST_STEP][FAILED] - return x: null

18-11-2024T02:51:12 - [TEST_STEP][FAILED] - if (verifyEqual(PercPlanR, PercPlanB) == false): null

18-11-2024T02:51:12 - [MESSAGE][FAILED] - Unable to verify equal between actual object 'нет данных' and expected object '3.86' (Root cause: com.kms.katalon.core.exception.StepFailedException: Actual object 'нет данных' and expected object '3.86' are not equal
	at com.kms.katalon.core.keyword.builtin.VerifyEqualKeyword$_verifyEqual_closure1.doCall(VerifyEqualKeyword.groovy:58)
	at com.kms.katalon.core.keyword.builtin.VerifyEqualKeyword$_verifyEqual_closure1.call(VerifyEqualKeyword.groovy)
	at com.kms.katalon.core.keyword.internal.KeywordMain.runKeyword(KeywordMain.groovy:75)
	at com.kms.katalon.core.keyword.builtin.VerifyEqualKeyword.verifyEqual(VerifyEqualKeyword.groovy:63)
	at com.kms.katalon.core.keyword.builtin.VerifyEqualKeyword.execute(VerifyEqualKeyword.groovy:44)
	at com.kms.katalon.core.keyword.internal.KeywordExecutor.executeKeywordForPlatform(KeywordExecutor.groovy:74)
	at com.kms.katalon.core.keyword.BuiltinKeywords.verifyEqual(BuiltinKeywords.groovy:146)
	at java.base/jdk.internal.reflect.NativeMethodAccessorImpl.invoke0(Native Method)
	at java.base/jdk.internal.reflect.NativeMethodAccessorImpl.invoke(NativeMethodAccessorImpl.java:77)
	at java.base/jdk.internal.reflect.DelegatingMethodAccessorImpl.invoke(DelegatingMethodAccessorImpl.java:43)
	at Выполнение бизнес-плана сверка дашбордов.CompareDZOData(Выполнение бизнес-плана сверка дашбордов:682)
	at Выполнение бизнес-плана сверка дашбордов.run(Выполнение бизнес-плана сверка дашбордов:583)
	at com.kms.katalon.core.main.ScriptEngine.run(ScriptEngine.java:194)
	at com.kms.katalon.core.main.ScriptEngine.runScriptAsRawText(ScriptEngine.java:119)
	at com.kms.katalon.core.main.TestCaseExecutor.runScript(TestCaseExecutor.java:448)
	at com.kms.katalon.core.main.TestCaseExecutor.doExecute(TestCaseExecutor.java:439)
	at com.kms.katalon.core.main.TestCaseExecutor.processExecutionPhase(TestCaseExecutor.java:418)
	at com.kms.katalon.core.main.TestCaseExecutor.accessMainPhase(TestCaseExecutor.java:410)
	at com.kms.katalon.core.main.TestCaseExecutor.execute(TestCaseExecutor.java:285)
	at com.kms.katalon.core.common.CommonExecutor.accessTestCaseMainPhase(CommonExecutor.java:65)
	at com.kms.katalon.core.main.TestSuiteExecutor.accessTestSuiteMainPhase(TestSuiteExecutor.java:150)
	at com.kms.katalon.core.main.TestSuiteExecutor.execute(TestSuiteExecutor.java:106)
	at com.kms.katalon.core.main.TestCaseMain.startTestSuite(TestCaseMain.java:180)
	at TempTestSuite1731886967590.run(TempTestSuite1731886967590.groovy:35)
	at java.base/jdk.internal.reflect.NativeMethodAccessorImpl.invoke0(Native Method)
	at java.base/jdk.internal.reflect.NativeMethodAccessorImpl.invoke(NativeMethodAccessorImpl.java:77)
	at java.base/jdk.internal.reflect.DelegatingMethodAccessorImpl.invoke(DelegatingMethodAccessorImpl.java:43)
)

18-11-2024T02:51:12 - [TEST_STEP][PASSED] - result = WriteToExcel(typeOfData, todaysDate, PercPlanR, PercPlanB, PercFactR, PercFactB, x, tabR, tabB, o1R, o1B, vidget): null

18-11-2024T02:51:12 - [TEST_STEP][PASSED] - iii = dZO.indexOf("/"): null

18-11-2024T02:51:12 - [TEST_STEP][PASSED] - println(iii): null

18-11-2024T02:51:12 - [TEST_STEP][PASSED] - dZO = dZO.substring(0, iii): null

18-11-2024T02:51:12 - [TEST_STEP][PASSED] - println(dZO): null

18-11-2024T02:51:12 - [TEST_STEP][PASSED] - println(PercPlanR): null

18-11-2024T02:51:12 - [TEST_STEP][PASSED] - println(PercPlanB): null

18-11-2024T02:51:12 - [TEST_STEP][PASSED] - println(PercFactR): null

18-11-2024T02:51:12 - [TEST_STEP][PASSED] - println(PercFactB): null

18-11-2024T02:51:12 - [TEST_STEP][PASSED] - println(tabR): null

18-11-2024T02:51:12 - [TEST_STEP][PASSED] - println(tabB): null

18-11-2024T02:51:12 - [TEST_STEP][PASSED] - println(o1R): null

18-11-2024T02:51:12 - [TEST_STEP][PASSED] - println(o1B): null

18-11-2024T02:51:12 - [TEST_STEP][PASSED] - PR = <not implemented yet for class: org.codehaus.groovy.ast.expr.EmptyExpression>: null

18-11-2024T02:51:12 - [TEST_STEP][PASSED] - FR = <not implemented yet for class: org.codehaus.groovy.ast.expr.EmptyExpression>: null

18-11-2024T02:51:12 - [TEST_STEP][PASSED] - PB = <not implemented yet for class: org.codehaus.groovy.ast.expr.EmptyExpression>: null

18-11-2024T02:51:12 - [TEST_STEP][PASSED] - FB = <not implemented yet for class: org.codehaus.groovy.ast.expr.EmptyExpression>: null

18-11-2024T02:51:12 - [TEST_STEP][PASSED] - TR = <not implemented yet for class: org.codehaus.groovy.ast.expr.EmptyExpression>: null

18-11-2024T02:51:12 - [TEST_STEP][PASSED] - TB = <not implemented yet for class: org.codehaus.groovy.ast.expr.EmptyExpression>: null

18-11-2024T02:51:12 - [TEST_STEP][PASSED] - sheetName = "Sheet1": null

18-11-2024T02:51:12 - [TEST_STEP][PASSED] - data = findTestData("PlanFact"): null

18-11-2024T02:51:12 - [TEST_STEP][PASSED] - n = data.getRowNumbers() + 1: null

18-11-2024T02:51:12 - [TEST_STEP][PASSED] - year = todaysDate.substring(todaysDate.length() - 4, todaysDate.length()): null

18-11-2024T02:51:12 - [TEST_STEP][PASSED] - y = year.toInteger(): null

18-11-2024T02:51:12 - [TEST_STEP][PASSED] - m = getText(findTestObject("Выполнение бизнес-плана/Выполнение бизнес-плана Балансы/Фильтр Дата")): Text of object 'Object Repository/Выполнение бизнес-плана/Выполнение бизнес-плана Балансы/Фильтр Дата' is: '1, 2, 3 кв. 2024 года'

18-11-2024T02:51:13 - [MESSAGE][PASSED] - Text of object 'Object Repository/Выполнение бизнес-плана/Выполнение бизнес-плана Балансы/Фильтр Дата' is: '1, 2, 3 кв. 2024 года'

18-11-2024T02:51:13 - [TEST_STEP][PASSED] - m = m.substring(0, m.indexOf("2024")): null

18-11-2024T02:51:13 - [TEST_STEP][PASSED] - m = m.trim(): null

18-11-2024T02:51:13 - [TEST_STEP][PASSED] - dashboardName = "Выполнение бизнес-плана": null

18-11-2024T02:51:13 - [TEST_STEP][PASSED] - workbook01 = getWorkbook(excelFilePath): null

18-11-2024T02:51:13 - [TEST_STEP][PASSED] - sheet01 = getExcelSheet(workbook01, sheetName): null

18-11-2024T02:51:13 - [TEST_STEP][PASSED] - setValueToCellByIndex(sheet01, n, 0, dashboardName): null

18-11-2024T02:51:13 - [TEST_STEP][PASSED] - setValueToCellByIndex(sheet01, n, 1, dZO): null

18-11-2024T02:51:13 - [TEST_STEP][PASSED] - setValueToCellByIndex(sheet01, n, 2, typeOfData): null

18-11-2024T02:51:13 - [TEST_STEP][PASSED] - setValueToCellByIndex(sheet01, n, 3, typeOfData): null

18-11-2024T02:51:13 - [TEST_STEP][PASSED] - if (typeOfData == "План"): null

18-11-2024T02:51:13 - [TEST_STEP][PASSED] - if (PercPlanR == null): null

18-11-2024T02:51:13 - [TEST_STEP][PASSED] - else: null

18-11-2024T02:51:13 - [TEST_STEP][PASSED] - if (PercPlanR == "нет данных"): null

18-11-2024T02:51:13 - [TEST_STEP][PASSED] - setValueToCellByIndex(sheet01, n, 4, "нет данных"): null

18-11-2024T02:51:13 - [TEST_STEP][PASSED] - if (PercPlanB == null): null

18-11-2024T02:51:13 - [TEST_STEP][PASSED] - else: null

18-11-2024T02:51:13 - [TEST_STEP][PASSED] - if (PercPlanB == "нет данных"): null

18-11-2024T02:51:13 - [TEST_STEP][PASSED] - else: null

18-11-2024T02:51:13 - [TEST_STEP][PASSED] - PB = PercPlanB.toDouble(): null

18-11-2024T02:51:13 - [TEST_STEP][PASSED] - setValueToCellByIndex(sheet01, n, 5, PB): null

18-11-2024T02:51:13 - [TEST_STEP][PASSED] - setValueToCellByIndex(sheet01, n, 6, m): null

18-11-2024T02:51:13 - [TEST_STEP][PASSED] - setValueToCellByIndex(sheet01, n, 7, y): null

18-11-2024T02:51:13 - [TEST_STEP][PASSED] - setValueToCellByIndex(sheet01, n, 8, todaysDate): null

18-11-2024T02:51:13 - [TEST_STEP][PASSED] - n = n + 1: null

18-11-2024T02:51:13 - [TEST_STEP][PASSED] - saveWorkbook(excelFilePath, workbook01): null

18-11-2024T02:51:13 - [TEST_STEP][PASSED] - typeOfData = "Факт": null

18-11-2024T02:51:13 - [TEST_STEP][PASSED] - PercFactR = GetPercFactR(x = a): null

18-11-2024T02:51:13 - [TEST_STEP][PASSED] - i1 = <not implemented yet for class: org.codehaus.groovy.ast.expr.EmptyExpression>: null

18-11-2024T02:51:13 - [TEST_STEP][PASSED] - ii = <not implemented yet for class: org.codehaus.groovy.ast.expr.EmptyExpression>: null

18-11-2024T02:51:13 - [TEST_STEP][PASSED] - for ([ii = 1, ii < 3, (ii++)]): null

18-11-2024T02:51:13 - [TEST_STEP][PASSED] - i1 = x.indexOf("/") + 1: null

18-11-2024T02:51:13 - [TEST_STEP][PASSED] - if (i1 > -1): null

18-11-2024T02:51:13 - [TEST_STEP][PASSED] - x = x.substring(i1, x.length()): null

18-11-2024T02:51:13 - [TEST_STEP][PASSED] - println(x): null

18-11-2024T02:51:13 - [TEST_STEP][PASSED] - i1 = x.indexOf("/") + 1: null

18-11-2024T02:51:13 - [TEST_STEP][PASSED] - if (i1 > -1): null

18-11-2024T02:51:13 - [TEST_STEP][PASSED] - x = x.substring(i1, x.length()): null

18-11-2024T02:51:13 - [TEST_STEP][PASSED] - println(x): null

18-11-2024T02:51:13 - [TEST_STEP][PASSED] - i1 = x.indexOf("/"): null

18-11-2024T02:51:13 - [TEST_STEP][PASSED] - if (i1 > -1): null

18-11-2024T02:51:13 - [TEST_STEP][PASSED] - x = x.substring(0, i1): null

18-11-2024T02:51:13 - [TEST_STEP][PASSED] - println(x): null

18-11-2024T02:51:13 - [TEST_STEP][PASSED] - return x: null

18-11-2024T02:51:13 - [TEST_STEP][PASSED] - PercFactB = GetPercFactB(x = b): null

18-11-2024T02:51:13 - [TEST_STEP][PASSED] - i1 = <not implemented yet for class: org.codehaus.groovy.ast.expr.EmptyExpression>: null

18-11-2024T02:51:13 - [TEST_STEP][PASSED] - ii = <not implemented yet for class: org.codehaus.groovy.ast.expr.EmptyExpression>: null

18-11-2024T02:51:13 - [TEST_STEP][PASSED] - for ([ii = 1, ii < 3, (ii++)]): null

18-11-2024T02:51:13 - [TEST_STEP][PASSED] - i1 = x.indexOf("/") + 1: null

18-11-2024T02:51:13 - [TEST_STEP][PASSED] - if (i1 > -1): null

18-11-2024T02:51:13 - [TEST_STEP][PASSED] - x = x.substring(i1, x.length()): null

18-11-2024T02:51:13 - [TEST_STEP][PASSED] - println(x): null

18-11-2024T02:51:13 - [TEST_STEP][PASSED] - i1 = x.indexOf("/") + 1: null

18-11-2024T02:51:13 - [TEST_STEP][PASSED] - if (i1 > -1): null

18-11-2024T02:51:13 - [TEST_STEP][PASSED] - x = x.substring(i1, x.length()): null

18-11-2024T02:51:13 - [TEST_STEP][PASSED] - println(x): null

18-11-2024T02:51:13 - [TEST_STEP][PASSED] - i1 = x.indexOf("/"): null

18-11-2024T02:51:13 - [TEST_STEP][PASSED] - if (i1 > -1): null

18-11-2024T02:51:13 - [TEST_STEP][PASSED] - x = x.substring(0, i1): null

18-11-2024T02:51:13 - [TEST_STEP][PASSED] - println(x): null

18-11-2024T02:51:13 - [TEST_STEP][FAILED] - return x: null

18-11-2024T02:51:13 - [TEST_STEP][FAILED] - if (verifyEqual(PercFactR, PercFactB) == false): null

18-11-2024T02:51:13 - [MESSAGE][FAILED] - Unable to verify equal between actual object 'нет данных' and expected object '3.67' (Root cause: com.kms.katalon.core.exception.StepFailedException: Actual object 'нет данных' and expected object '3.67' are not equal
	at com.kms.katalon.core.keyword.builtin.VerifyEqualKeyword$_verifyEqual_closure1.doCall(VerifyEqualKeyword.groovy:58)
	at com.kms.katalon.core.keyword.builtin.VerifyEqualKeyword$_verifyEqual_closure1.call(VerifyEqualKeyword.groovy)
	at com.kms.katalon.core.keyword.internal.KeywordMain.runKeyword(KeywordMain.groovy:75)
	at com.kms.katalon.core.keyword.builtin.VerifyEqualKeyword.verifyEqual(VerifyEqualKeyword.groovy:63)
	at com.kms.katalon.core.keyword.builtin.VerifyEqualKeyword.execute(VerifyEqualKeyword.groovy:44)
	at com.kms.katalon.core.keyword.internal.KeywordExecutor.executeKeywordForPlatform(KeywordExecutor.groovy:74)
	at com.kms.katalon.core.keyword.BuiltinKeywords.verifyEqual(BuiltinKeywords.groovy:146)
	at java.base/jdk.internal.reflect.NativeMethodAccessorImpl.invoke0(Native Method)
	at java.base/jdk.internal.reflect.NativeMethodAccessorImpl.invoke(NativeMethodAccessorImpl.java:77)
	at java.base/jdk.internal.reflect.DelegatingMethodAccessorImpl.invoke(DelegatingMethodAccessorImpl.java:43)
	at Выполнение бизнес-плана сверка дашбордов.CompareDZOData(Выполнение бизнес-плана сверка дашбордов:693)
	at Выполнение бизнес-плана сверка дашбордов.run(Выполнение бизнес-плана сверка дашбордов:583)
	at com.kms.katalon.core.main.ScriptEngine.run(ScriptEngine.java:194)
	at com.kms.katalon.core.main.ScriptEngine.runScriptAsRawText(ScriptEngine.java:119)
	at com.kms.katalon.core.main.TestCaseExecutor.runScript(TestCaseExecutor.java:448)
	at com.kms.katalon.core.main.TestCaseExecutor.doExecute(TestCaseExecutor.java:439)
	at com.kms.katalon.core.main.TestCaseExecutor.processExecutionPhase(TestCaseExecutor.java:418)
	at com.kms.katalon.core.main.TestCaseExecutor.accessMainPhase(TestCaseExecutor.java:410)
	at com.kms.katalon.core.main.TestCaseExecutor.execute(TestCaseExecutor.java:285)
	at com.kms.katalon.core.common.CommonExecutor.accessTestCaseMainPhase(CommonExecutor.java:65)
	at com.kms.katalon.core.main.TestSuiteExecutor.accessTestSuiteMainPhase(TestSuiteExecutor.java:150)
	at com.kms.katalon.core.main.TestSuiteExecutor.execute(TestSuiteExecutor.java:106)
	at com.kms.katalon.core.main.TestCaseMain.startTestSuite(TestCaseMain.java:180)
	at TempTestSuite1731886967590.run(TempTestSuite1731886967590.groovy:35)
	at java.base/jdk.internal.reflect.NativeMethodAccessorImpl.invoke0(Native Method)
	at java.base/jdk.internal.reflect.NativeMethodAccessorImpl.invoke(NativeMethodAccessorImpl.java:77)
	at java.base/jdk.internal.reflect.DelegatingMethodAccessorImpl.invoke(DelegatingMethodAccessorImpl.java:43)
)

18-11-2024T02:51:13 - [TEST_STEP][PASSED] - result = WriteToExcel(typeOfData, todaysDate, PercPlanR, PercPlanB, PercFactR, PercFactB, x, tabR, tabB, o1R, o1B, vidget): null

18-11-2024T02:51:13 - [TEST_STEP][PASSED] - iii = dZO.indexOf("/"): null

18-11-2024T02:51:13 - [TEST_STEP][PASSED] - println(iii): null

18-11-2024T02:51:13 - [TEST_STEP][PASSED] - dZO = dZO.substring(0, iii): null

18-11-2024T02:51:13 - [TEST_STEP][PASSED] - println(dZO): null

18-11-2024T02:51:13 - [TEST_STEP][PASSED] - println(PercPlanR): null

18-11-2024T02:51:13 - [TEST_STEP][PASSED] - println(PercPlanB): null

18-11-2024T02:51:13 - [TEST_STEP][PASSED] - println(PercFactR): null

18-11-2024T02:51:13 - [TEST_STEP][PASSED] - println(PercFactB): null

18-11-2024T02:51:13 - [TEST_STEP][PASSED] - println(tabR): null

18-11-2024T02:51:13 - [TEST_STEP][PASSED] - println(tabB): null

18-11-2024T02:51:13 - [TEST_STEP][PASSED] - println(o1R): null

18-11-2024T02:51:13 - [TEST_STEP][PASSED] - println(o1B): null

18-11-2024T02:51:13 - [TEST_STEP][PASSED] - PR = <not implemented yet for class: org.codehaus.groovy.ast.expr.EmptyExpression>: null

18-11-2024T02:51:13 - [TEST_STEP][PASSED] - FR = <not implemented yet for class: org.codehaus.groovy.ast.expr.EmptyExpression>: null

18-11-2024T02:51:13 - [TEST_STEP][PASSED] - PB = <not implemented yet for class: org.codehaus.groovy.ast.expr.EmptyExpression>: null

18-11-2024T02:51:13 - [TEST_STEP][PASSED] - FB = <not implemented yet for class: org.codehaus.groovy.ast.expr.EmptyExpression>: null

18-11-2024T02:51:13 - [TEST_STEP][PASSED] - TR = <not implemented yet for class: org.codehaus.groovy.ast.expr.EmptyExpression>: null

18-11-2024T02:51:13 - [TEST_STEP][PASSED] - TB = <not implemented yet for class: org.codehaus.groovy.ast.expr.EmptyExpression>: null

18-11-2024T02:51:13 - [TEST_STEP][PASSED] - sheetName = "Sheet1": null

18-11-2024T02:51:13 - [TEST_STEP][PASSED] - data = findTestData("PlanFact"): null

18-11-2024T02:51:13 - [TEST_STEP][PASSED] - n = data.getRowNumbers() + 1: null

18-11-2024T02:51:13 - [TEST_STEP][PASSED] - year = todaysDate.substring(todaysDate.length() - 4, todaysDate.length()): null

18-11-2024T02:51:13 - [TEST_STEP][PASSED] - y = year.toInteger(): null

18-11-2024T02:51:13 - [TEST_STEP][PASSED] - m = getText(findTestObject("Выполнение бизнес-плана/Выполнение бизнес-плана Балансы/Фильтр Дата")): Text of object 'Object Repository/Выполнение бизнес-плана/Выполнение бизнес-плана Балансы/Фильтр Дата' is: '1, 2, 3 кв. 2024 года'

18-11-2024T02:51:13 - [MESSAGE][PASSED] - Text of object 'Object Repository/Выполнение бизнес-плана/Выполнение бизнес-плана Балансы/Фильтр Дата' is: '1, 2, 3 кв. 2024 года'

18-11-2024T02:51:13 - [TEST_STEP][PASSED] - m = m.substring(0, m.indexOf("2024")): null

18-11-2024T02:51:13 - [TEST_STEP][PASSED] - m = m.trim(): null

18-11-2024T02:51:13 - [TEST_STEP][PASSED] - dashboardName = "Выполнение бизнес-плана": null

18-11-2024T02:51:13 - [TEST_STEP][PASSED] - workbook01 = getWorkbook(excelFilePath): null

18-11-2024T02:51:13 - [TEST_STEP][PASSED] - sheet01 = getExcelSheet(workbook01, sheetName): null

18-11-2024T02:51:13 - [TEST_STEP][PASSED] - setValueToCellByIndex(sheet01, n, 0, dashboardName): null

18-11-2024T02:51:13 - [TEST_STEP][PASSED] - setValueToCellByIndex(sheet01, n, 1, dZO): null

18-11-2024T02:51:13 - [TEST_STEP][PASSED] - setValueToCellByIndex(sheet01, n, 2, typeOfData): null

18-11-2024T02:51:13 - [TEST_STEP][PASSED] - setValueToCellByIndex(sheet01, n, 3, typeOfData): null

18-11-2024T02:51:13 - [TEST_STEP][PASSED] - if (typeOfData == "План"): null

18-11-2024T02:51:13 - [TEST_STEP][PASSED] - else if (typeOfData == "Факт"): null

18-11-2024T02:51:13 - [TEST_STEP][PASSED] - if (PercFactR == null): null

18-11-2024T02:51:13 - [TEST_STEP][PASSED] - else: null

18-11-2024T02:51:13 - [TEST_STEP][PASSED] - if (PercFactR == "нет данных"): null

18-11-2024T02:51:13 - [TEST_STEP][PASSED] - setValueToCellByIndex(sheet01, n, 4, "нет данных"): null

18-11-2024T02:51:13 - [TEST_STEP][PASSED] - if (PercFactB == null): null

18-11-2024T02:51:13 - [TEST_STEP][PASSED] - else: null

18-11-2024T02:51:13 - [TEST_STEP][PASSED] - if (PercFactB == "нет данных"): null

18-11-2024T02:51:13 - [TEST_STEP][PASSED] - else: null

18-11-2024T02:51:13 - [TEST_STEP][PASSED] - FB = PercFactB.toDouble(): null

18-11-2024T02:51:13 - [TEST_STEP][PASSED] - setValueToCellByIndex(sheet01, n, 5, FB): null

18-11-2024T02:51:13 - [TEST_STEP][PASSED] - setValueToCellByIndex(sheet01, n, 6, m): null

18-11-2024T02:51:13 - [TEST_STEP][PASSED] - setValueToCellByIndex(sheet01, n, 7, y): null

18-11-2024T02:51:13 - [TEST_STEP][PASSED] - setValueToCellByIndex(sheet01, n, 8, todaysDate): null

18-11-2024T02:51:13 - [TEST_STEP][PASSED] - n = n + 1: null

18-11-2024T02:51:13 - [TEST_STEP][PASSED] - saveWorkbook(excelFilePath, workbook01): null

18-11-2024T02:51:14 - [TEST_STEP][PASSED] - vidget = "Показатели баланса электроэнергии по ДЗО – Факт": null

18-11-2024T02:51:14 - [TEST_STEP][PASSED] - typeOfData = "Факт Отпуск в сеть": null

18-11-2024T02:51:14 - [TEST_STEP][PASSED] - tabR = GetOvSFactR(x = a): null

18-11-2024T02:51:14 - [TEST_STEP][PASSED] - i1 = <not implemented yet for class: org.codehaus.groovy.ast.expr.EmptyExpression>: null

18-11-2024T02:51:14 - [TEST_STEP][PASSED] - ii = <not implemented yet for class: org.codehaus.groovy.ast.expr.EmptyExpression>: null

18-11-2024T02:51:14 - [TEST_STEP][PASSED] - for ([ii = 1, ii < 4, (ii++)]): null

18-11-2024T02:51:14 - [TEST_STEP][PASSED] - i1 = x.indexOf("/") + 1: null

18-11-2024T02:51:14 - [TEST_STEP][PASSED] - if (i1 > -1): null

18-11-2024T02:51:14 - [TEST_STEP][PASSED] - x = x.substring(i1, x.length()): null

18-11-2024T02:51:14 - [TEST_STEP][PASSED] - println(x): null

18-11-2024T02:51:14 - [TEST_STEP][PASSED] - i1 = x.indexOf("/") + 1: null

18-11-2024T02:51:14 - [TEST_STEP][PASSED] - if (i1 > -1): null

18-11-2024T02:51:14 - [TEST_STEP][PASSED] - x = x.substring(i1, x.length()): null

18-11-2024T02:51:14 - [TEST_STEP][PASSED] - println(x): null

18-11-2024T02:51:14 - [TEST_STEP][PASSED] - i1 = x.indexOf("/") + 1: null

18-11-2024T02:51:14 - [TEST_STEP][PASSED] - if (i1 > -1): null

18-11-2024T02:51:14 - [TEST_STEP][PASSED] - x = x.substring(i1, x.length()): null

18-11-2024T02:51:14 - [TEST_STEP][PASSED] - println(x): null

18-11-2024T02:51:14 - [TEST_STEP][PASSED] - i1 = x.indexOf("/"): null

18-11-2024T02:51:14 - [TEST_STEP][PASSED] - if (i1 > -1): null

18-11-2024T02:51:14 - [TEST_STEP][PASSED] - x = x.substring(0, i1): null

18-11-2024T02:51:14 - [TEST_STEP][PASSED] - println(x): null

18-11-2024T02:51:14 - [TEST_STEP][PASSED] - return x: null

18-11-2024T02:51:14 - [TEST_STEP][PASSED] - tabB = GetOvSFactB(x = b): null

18-11-2024T02:51:14 - [TEST_STEP][PASSED] - i1 = <not implemented yet for class: org.codehaus.groovy.ast.expr.EmptyExpression>: null

18-11-2024T02:51:14 - [TEST_STEP][PASSED] - ii = <not implemented yet for class: org.codehaus.groovy.ast.expr.EmptyExpression>: null

18-11-2024T02:51:14 - [TEST_STEP][PASSED] - for ([ii = 1, ii < 4, (ii++)]): null

18-11-2024T02:51:14 - [TEST_STEP][PASSED] - i1 = x.indexOf("/") + 1: null

18-11-2024T02:51:14 - [TEST_STEP][PASSED] - if (i1 > -1): null

18-11-2024T02:51:14 - [TEST_STEP][PASSED] - x = x.substring(i1, x.length()): null

18-11-2024T02:51:14 - [TEST_STEP][PASSED] - println(x): null

18-11-2024T02:51:14 - [TEST_STEP][PASSED] - i1 = x.indexOf("/") + 1: null

18-11-2024T02:51:14 - [TEST_STEP][PASSED] - if (i1 > -1): null

18-11-2024T02:51:14 - [TEST_STEP][PASSED] - x = x.substring(i1, x.length()): null

18-11-2024T02:51:14 - [TEST_STEP][PASSED] - println(x): null

18-11-2024T02:51:14 - [TEST_STEP][PASSED] - i1 = x.indexOf("/") + 1: null

18-11-2024T02:51:14 - [TEST_STEP][PASSED] - if (i1 > -1): null

18-11-2024T02:51:14 - [TEST_STEP][PASSED] - x = x.substring(i1, x.length()): null

18-11-2024T02:51:14 - [TEST_STEP][PASSED] - println(x): null

18-11-2024T02:51:14 - [TEST_STEP][PASSED] - i1 = x.indexOf("/"): null

18-11-2024T02:51:14 - [TEST_STEP][PASSED] - if (i1 > -1): null

18-11-2024T02:51:14 - [TEST_STEP][PASSED] - x = x.substring(0, i1): null

18-11-2024T02:51:14 - [TEST_STEP][PASSED] - println(x): null

18-11-2024T02:51:14 - [TEST_STEP][FAILED] - return x: null

18-11-2024T02:51:14 - [TEST_STEP][FAILED] - if (verifyEqual(tabR, tabB) == false): null

18-11-2024T02:51:14 - [MESSAGE][FAILED] - Unable to verify equal between actual object 'нет данных' and expected object '462835148' (Root cause: com.kms.katalon.core.exception.StepFailedException: Actual object 'нет данных' and expected object '462835148' are not equal
	at com.kms.katalon.core.keyword.builtin.VerifyEqualKeyword$_verifyEqual_closure1.doCall(VerifyEqualKeyword.groovy:58)
	at com.kms.katalon.core.keyword.builtin.VerifyEqualKeyword$_verifyEqual_closure1.call(VerifyEqualKeyword.groovy)
	at com.kms.katalon.core.keyword.internal.KeywordMain.runKeyword(KeywordMain.groovy:75)
	at com.kms.katalon.core.keyword.builtin.VerifyEqualKeyword.verifyEqual(VerifyEqualKeyword.groovy:63)
	at com.kms.katalon.core.keyword.builtin.VerifyEqualKeyword.execute(VerifyEqualKeyword.groovy:44)
	at com.kms.katalon.core.keyword.internal.KeywordExecutor.executeKeywordForPlatform(KeywordExecutor.groovy:74)
	at com.kms.katalon.core.keyword.BuiltinKeywords.verifyEqual(BuiltinKeywords.groovy:146)
	at java.base/jdk.internal.reflect.NativeMethodAccessorImpl.invoke0(Native Method)
	at java.base/jdk.internal.reflect.NativeMethodAccessorImpl.invoke(NativeMethodAccessorImpl.java:77)
	at java.base/jdk.internal.reflect.DelegatingMethodAccessorImpl.invoke(DelegatingMethodAccessorImpl.java:43)
	at Выполнение бизнес-плана сверка дашбордов.CompareDZOData(Выполнение бизнес-плана сверка дашбордов:706)
	at Выполнение бизнес-плана сверка дашбордов.run(Выполнение бизнес-плана сверка дашбордов:583)
	at com.kms.katalon.core.main.ScriptEngine.run(ScriptEngine.java:194)
	at com.kms.katalon.core.main.ScriptEngine.runScriptAsRawText(ScriptEngine.java:119)
	at com.kms.katalon.core.main.TestCaseExecutor.runScript(TestCaseExecutor.java:448)
	at com.kms.katalon.core.main.TestCaseExecutor.doExecute(TestCaseExecutor.java:439)
	at com.kms.katalon.core.main.TestCaseExecutor.processExecutionPhase(TestCaseExecutor.java:418)
	at com.kms.katalon.core.main.TestCaseExecutor.accessMainPhase(TestCaseExecutor.java:410)
	at com.kms.katalon.core.main.TestCaseExecutor.execute(TestCaseExecutor.java:285)
	at com.kms.katalon.core.common.CommonExecutor.accessTestCaseMainPhase(CommonExecutor.java:65)
	at com.kms.katalon.core.main.TestSuiteExecutor.accessTestSuiteMainPhase(TestSuiteExecutor.java:150)
	at com.kms.katalon.core.main.TestSuiteExecutor.execute(TestSuiteExecutor.java:106)
	at com.kms.katalon.core.main.TestCaseMain.startTestSuite(TestCaseMain.java:180)
	at TempTestSuite1731886967590.run(TempTestSuite1731886967590.groovy:35)
	at java.base/jdk.internal.reflect.NativeMethodAccessorImpl.invoke0(Native Method)
	at java.base/jdk.internal.reflect.NativeMethodAccessorImpl.invoke(NativeMethodAccessorImpl.java:77)
	at java.base/jdk.internal.reflect.DelegatingMethodAccessorImpl.invoke(DelegatingMethodAccessorImpl.java:43)
)

18-11-2024T02:51:14 - [TEST_STEP][PASSED] - result = WriteToExcel(typeOfData, todaysDate, PercPlanR, PercPlanB, PercFactR, PercFactB, x, tabR, tabB, o1R, o1B, vidget): null

18-11-2024T02:51:14 - [TEST_STEP][PASSED] - iii = dZO.indexOf("/"): null

18-11-2024T02:51:14 - [TEST_STEP][PASSED] - println(iii): null

18-11-2024T02:51:14 - [TEST_STEP][PASSED] - dZO = dZO.substring(0, iii): null

18-11-2024T02:51:14 - [TEST_STEP][PASSED] - println(dZO): null

18-11-2024T02:51:14 - [TEST_STEP][PASSED] - println(PercPlanR): null

18-11-2024T02:51:14 - [TEST_STEP][PASSED] - println(PercPlanB): null

18-11-2024T02:51:14 - [TEST_STEP][PASSED] - println(PercFactR): null

18-11-2024T02:51:14 - [TEST_STEP][PASSED] - println(PercFactB): null

18-11-2024T02:51:14 - [TEST_STEP][PASSED] - println(tabR): null

18-11-2024T02:51:14 - [TEST_STEP][PASSED] - println(tabB): null

18-11-2024T02:51:14 - [TEST_STEP][PASSED] - println(o1R): null

18-11-2024T02:51:14 - [TEST_STEP][PASSED] - println(o1B): null

18-11-2024T02:51:14 - [TEST_STEP][PASSED] - PR = <not implemented yet for class: org.codehaus.groovy.ast.expr.EmptyExpression>: null

18-11-2024T02:51:14 - [TEST_STEP][PASSED] - FR = <not implemented yet for class: org.codehaus.groovy.ast.expr.EmptyExpression>: null

18-11-2024T02:51:14 - [TEST_STEP][PASSED] - PB = <not implemented yet for class: org.codehaus.groovy.ast.expr.EmptyExpression>: null

18-11-2024T02:51:14 - [TEST_STEP][PASSED] - FB = <not implemented yet for class: org.codehaus.groovy.ast.expr.EmptyExpression>: null

18-11-2024T02:51:14 - [TEST_STEP][PASSED] - TR = <not implemented yet for class: org.codehaus.groovy.ast.expr.EmptyExpression>: null

18-11-2024T02:51:14 - [TEST_STEP][PASSED] - TB = <not implemented yet for class: org.codehaus.groovy.ast.expr.EmptyExpression>: null

18-11-2024T02:51:14 - [TEST_STEP][PASSED] - sheetName = "Sheet1": null

18-11-2024T02:51:14 - [TEST_STEP][PASSED] - data = findTestData("PlanFact"): null

18-11-2024T02:51:14 - [TEST_STEP][PASSED] - n = data.getRowNumbers() + 1: null

18-11-2024T02:51:14 - [TEST_STEP][PASSED] - year = todaysDate.substring(todaysDate.length() - 4, todaysDate.length()): null

18-11-2024T02:51:14 - [TEST_STEP][PASSED] - y = year.toInteger(): null

18-11-2024T02:51:14 - [TEST_STEP][PASSED] - m = getText(findTestObject("Выполнение бизнес-плана/Выполнение бизнес-плана Балансы/Фильтр Дата")): Text of object 'Object Repository/Выполнение бизнес-плана/Выполнение бизнес-плана Балансы/Фильтр Дата' is: '1, 2, 3 кв. 2024 года'

18-11-2024T02:51:14 - [MESSAGE][PASSED] - Text of object 'Object Repository/Выполнение бизнес-плана/Выполнение бизнес-плана Балансы/Фильтр Дата' is: '1, 2, 3 кв. 2024 года'

18-11-2024T02:51:14 - [TEST_STEP][PASSED] - m = m.substring(0, m.indexOf("2024")): null

18-11-2024T02:51:14 - [TEST_STEP][PASSED] - m = m.trim(): null

18-11-2024T02:51:14 - [TEST_STEP][PASSED] - dashboardName = "Выполнение бизнес-плана": null

18-11-2024T02:51:14 - [TEST_STEP][PASSED] - workbook01 = getWorkbook(excelFilePath): null

18-11-2024T02:51:14 - [TEST_STEP][PASSED] - sheet01 = getExcelSheet(workbook01, sheetName): null

18-11-2024T02:51:14 - [TEST_STEP][PASSED] - setValueToCellByIndex(sheet01, n, 0, dashboardName): null

18-11-2024T02:51:14 - [TEST_STEP][PASSED] - setValueToCellByIndex(sheet01, n, 1, dZO): null

18-11-2024T02:51:14 - [TEST_STEP][PASSED] - setValueToCellByIndex(sheet01, n, 2, typeOfData): null

18-11-2024T02:51:14 - [TEST_STEP][PASSED] - setValueToCellByIndex(sheet01, n, 3, typeOfData): null

18-11-2024T02:51:14 - [TEST_STEP][PASSED] - if (typeOfData == "План"): null

18-11-2024T02:51:14 - [TEST_STEP][PASSED] - else if (typeOfData == "Факт"): null

18-11-2024T02:51:14 - [TEST_STEP][PASSED] - else if (vidget.contains("электроэнергии") == true): null

18-11-2024T02:51:14 - [TEST_STEP][PASSED] - if (tabR == null): null

18-11-2024T02:51:14 - [TEST_STEP][PASSED] - else: null

18-11-2024T02:51:14 - [TEST_STEP][PASSED] - if (tabR == "нет данных"): null

18-11-2024T02:51:14 - [TEST_STEP][PASSED] - setValueToCellByIndex(sheet01, n, 4, "нет данных"): null

18-11-2024T02:51:14 - [TEST_STEP][PASSED] - if (tabB == null): null

18-11-2024T02:51:14 - [TEST_STEP][PASSED] - else: null

18-11-2024T02:51:14 - [TEST_STEP][PASSED] - if (tabB == "нет данных"): null

18-11-2024T02:51:14 - [TEST_STEP][PASSED] - else: null

18-11-2024T02:51:14 - [TEST_STEP][PASSED] - TB = tabB.toInteger(): null

18-11-2024T02:51:14 - [TEST_STEP][PASSED] - setValueToCellByIndex(sheet01, n, 5, TB): null

18-11-2024T02:51:14 - [TEST_STEP][PASSED] - setValueToCellByIndex(sheet01, n, 6, m): null

18-11-2024T02:51:14 - [TEST_STEP][PASSED] - setValueToCellByIndex(sheet01, n, 7, y): null

18-11-2024T02:51:14 - [TEST_STEP][PASSED] - setValueToCellByIndex(sheet01, n, 8, todaysDate): null

18-11-2024T02:51:14 - [TEST_STEP][PASSED] - n = n + 1: null

18-11-2024T02:51:14 - [TEST_STEP][PASSED] - saveWorkbook(excelFilePath, workbook01): null

18-11-2024T02:51:14 - [TEST_STEP][PASSED] - typeOfData = "Факт Отпуск из сети": null

18-11-2024T02:51:14 - [TEST_STEP][PASSED] - tabR = GetOiSFactR(x = a): null

18-11-2024T02:51:14 - [TEST_STEP][PASSED] - i1 = <not implemented yet for class: org.codehaus.groovy.ast.expr.EmptyExpression>: null

18-11-2024T02:51:14 - [TEST_STEP][PASSED] - ii = <not implemented yet for class: org.codehaus.groovy.ast.expr.EmptyExpression>: null

18-11-2024T02:51:14 - [TEST_STEP][PASSED] - for ([ii = 1, ii < 5, (ii++)]): null

18-11-2024T02:51:14 - [TEST_STEP][PASSED] - i1 = x.indexOf("/") + 1: null

18-11-2024T02:51:14 - [TEST_STEP][PASSED] - if (i1 > -1): null

18-11-2024T02:51:14 - [TEST_STEP][PASSED] - x = x.substring(i1, x.length()): null

18-11-2024T02:51:14 - [TEST_STEP][PASSED] - println(x): null

18-11-2024T02:51:14 - [TEST_STEP][PASSED] - i1 = x.indexOf("/") + 1: null

18-11-2024T02:51:14 - [TEST_STEP][PASSED] - if (i1 > -1): null

18-11-2024T02:51:14 - [TEST_STEP][PASSED] - x = x.substring(i1, x.length()): null

18-11-2024T02:51:14 - [TEST_STEP][PASSED] - println(x): null

18-11-2024T02:51:14 - [TEST_STEP][PASSED] - i1 = x.indexOf("/") + 1: null

18-11-2024T02:51:14 - [TEST_STEP][PASSED] - if (i1 > -1): null

18-11-2024T02:51:14 - [TEST_STEP][PASSED] - x = x.substring(i1, x.length()): null

18-11-2024T02:51:14 - [TEST_STEP][PASSED] - println(x): null

18-11-2024T02:51:14 - [TEST_STEP][PASSED] - i1 = x.indexOf("/") + 1: null

18-11-2024T02:51:14 - [TEST_STEP][PASSED] - if (i1 > -1): null

18-11-2024T02:51:14 - [TEST_STEP][PASSED] - x = x.substring(i1, x.length()): null

18-11-2024T02:51:14 - [TEST_STEP][PASSED] - println(x): null

18-11-2024T02:51:14 - [TEST_STEP][PASSED] - i1 = x.indexOf("/"): null

18-11-2024T02:51:14 - [TEST_STEP][PASSED] - if (i1 > -1): null

18-11-2024T02:51:14 - [TEST_STEP][PASSED] - x = x.substring(0, i1): null

18-11-2024T02:51:14 - [TEST_STEP][PASSED] - println(x): null

18-11-2024T02:51:14 - [TEST_STEP][PASSED] - return x: null

18-11-2024T02:51:14 - [TEST_STEP][PASSED] - tabB = GetOiSFactB(x = b): null

18-11-2024T02:51:14 - [TEST_STEP][PASSED] - i1 = <not implemented yet for class: org.codehaus.groovy.ast.expr.EmptyExpression>: null

18-11-2024T02:51:14 - [TEST_STEP][PASSED] - ii = <not implemented yet for class: org.codehaus.groovy.ast.expr.EmptyExpression>: null

18-11-2024T02:51:14 - [TEST_STEP][PASSED] - for ([ii = 1, ii < 5, (ii++)]): null

18-11-2024T02:51:14 - [TEST_STEP][PASSED] - i1 = x.indexOf("/") + 1: null

18-11-2024T02:51:14 - [TEST_STEP][PASSED] - if (i1 > -1): null

18-11-2024T02:51:14 - [TEST_STEP][PASSED] - x = x.substring(i1, x.length()): null

18-11-2024T02:51:14 - [TEST_STEP][PASSED] - println(x): null

18-11-2024T02:51:14 - [TEST_STEP][PASSED] - i1 = x.indexOf("/") + 1: null

18-11-2024T02:51:14 - [TEST_STEP][PASSED] - if (i1 > -1): null

18-11-2024T02:51:14 - [TEST_STEP][PASSED] - x = x.substring(i1, x.length()): null

18-11-2024T02:51:14 - [TEST_STEP][PASSED] - println(x): null

18-11-2024T02:51:14 - [TEST_STEP][PASSED] - i1 = x.indexOf("/") + 1: null

18-11-2024T02:51:14 - [TEST_STEP][PASSED] - if (i1 > -1): null

18-11-2024T02:51:14 - [TEST_STEP][PASSED] - x = x.substring(i1, x.length()): null

18-11-2024T02:51:14 - [TEST_STEP][PASSED] - println(x): null

18-11-2024T02:51:14 - [TEST_STEP][PASSED] - i1 = x.indexOf("/") + 1: null

18-11-2024T02:51:14 - [TEST_STEP][PASSED] - if (i1 > -1): null

18-11-2024T02:51:14 - [TEST_STEP][PASSED] - x = x.substring(i1, x.length()): null

18-11-2024T02:51:14 - [TEST_STEP][PASSED] - println(x): null

18-11-2024T02:51:14 - [TEST_STEP][PASSED] - i1 = x.indexOf("/"): null

18-11-2024T02:51:14 - [TEST_STEP][PASSED] - if (i1 > -1): null

18-11-2024T02:51:14 - [TEST_STEP][PASSED] - x = x.substring(0, i1): null

18-11-2024T02:51:14 - [TEST_STEP][PASSED] - println(x): null

18-11-2024T02:51:14 - [TEST_STEP][FAILED] - return x: null

18-11-2024T02:51:14 - [TEST_STEP][FAILED] - if (verifyEqual(tabR, tabB) == false): null

18-11-2024T02:51:14 - [MESSAGE][FAILED] - Unable to verify equal between actual object 'нет данных' and expected object '446457790' (Root cause: com.kms.katalon.core.exception.StepFailedException: Actual object 'нет данных' and expected object '446457790' are not equal
	at com.kms.katalon.core.keyword.builtin.VerifyEqualKeyword$_verifyEqual_closure1.doCall(VerifyEqualKeyword.groovy:58)
	at com.kms.katalon.core.keyword.builtin.VerifyEqualKeyword$_verifyEqual_closure1.call(VerifyEqualKeyword.groovy)
	at com.kms.katalon.core.keyword.internal.KeywordMain.runKeyword(KeywordMain.groovy:75)
	at com.kms.katalon.core.keyword.builtin.VerifyEqualKeyword.verifyEqual(VerifyEqualKeyword.groovy:63)
	at com.kms.katalon.core.keyword.builtin.VerifyEqualKeyword.execute(VerifyEqualKeyword.groovy:44)
	at com.kms.katalon.core.keyword.internal.KeywordExecutor.executeKeywordForPlatform(KeywordExecutor.groovy:74)
	at com.kms.katalon.core.keyword.BuiltinKeywords.verifyEqual(BuiltinKeywords.groovy:146)
	at java.base/jdk.internal.reflect.NativeMethodAccessorImpl.invoke0(Native Method)
	at java.base/jdk.internal.reflect.NativeMethodAccessorImpl.invoke(NativeMethodAccessorImpl.java:77)
	at java.base/jdk.internal.reflect.DelegatingMethodAccessorImpl.invoke(DelegatingMethodAccessorImpl.java:43)
	at Выполнение бизнес-плана сверка дашбордов.CompareDZOData(Выполнение бизнес-плана сверка дашбордов:717)
	at Выполнение бизнес-плана сверка дашбордов.run(Выполнение бизнес-плана сверка дашбордов:583)
	at com.kms.katalon.core.main.ScriptEngine.run(ScriptEngine.java:194)
	at com.kms.katalon.core.main.ScriptEngine.runScriptAsRawText(ScriptEngine.java:119)
	at com.kms.katalon.core.main.TestCaseExecutor.runScript(TestCaseExecutor.java:448)
	at com.kms.katalon.core.main.TestCaseExecutor.doExecute(TestCaseExecutor.java:439)
	at com.kms.katalon.core.main.TestCaseExecutor.processExecutionPhase(TestCaseExecutor.java:418)
	at com.kms.katalon.core.main.TestCaseExecutor.accessMainPhase(TestCaseExecutor.java:410)
	at com.kms.katalon.core.main.TestCaseExecutor.execute(TestCaseExecutor.java:285)
	at com.kms.katalon.core.common.CommonExecutor.accessTestCaseMainPhase(CommonExecutor.java:65)
	at com.kms.katalon.core.main.TestSuiteExecutor.accessTestSuiteMainPhase(TestSuiteExecutor.java:150)
	at com.kms.katalon.core.main.TestSuiteExecutor.execute(TestSuiteExecutor.java:106)
	at com.kms.katalon.core.main.TestCaseMain.startTestSuite(TestCaseMain.java:180)
	at TempTestSuite1731886967590.run(TempTestSuite1731886967590.groovy:35)
	at java.base/jdk.internal.reflect.NativeMethodAccessorImpl.invoke0(Native Method)
	at java.base/jdk.internal.reflect.NativeMethodAccessorImpl.invoke(NativeMethodAccessorImpl.java:77)
	at java.base/jdk.internal.reflect.DelegatingMethodAccessorImpl.invoke(DelegatingMethodAccessorImpl.java:43)
)

18-11-2024T02:51:14 - [TEST_STEP][PASSED] - result = WriteToExcel(typeOfData, todaysDate, PercPlanR, PercPlanB, PercFactR, PercFactB, x, tabR, tabB, o1R, o1B, vidget): null

18-11-2024T02:51:14 - [TEST_STEP][PASSED] - iii = dZO.indexOf("/"): null

18-11-2024T02:51:14 - [TEST_STEP][PASSED] - println(iii): null

18-11-2024T02:51:14 - [TEST_STEP][PASSED] - dZO = dZO.substring(0, iii): null

18-11-2024T02:51:14 - [TEST_STEP][PASSED] - println(dZO): null

18-11-2024T02:51:14 - [TEST_STEP][PASSED] - println(PercPlanR): null

18-11-2024T02:51:14 - [TEST_STEP][PASSED] - println(PercPlanB): null

18-11-2024T02:51:14 - [TEST_STEP][PASSED] - println(PercFactR): null

18-11-2024T02:51:14 - [TEST_STEP][PASSED] - println(PercFactB): null

18-11-2024T02:51:14 - [TEST_STEP][PASSED] - println(tabR): null

18-11-2024T02:51:14 - [TEST_STEP][PASSED] - println(tabB): null

18-11-2024T02:51:14 - [TEST_STEP][PASSED] - println(o1R): null

18-11-2024T02:51:14 - [TEST_STEP][PASSED] - println(o1B): null

18-11-2024T02:51:14 - [TEST_STEP][PASSED] - PR = <not implemented yet for class: org.codehaus.groovy.ast.expr.EmptyExpression>: null

18-11-2024T02:51:14 - [TEST_STEP][PASSED] - FR = <not implemented yet for class: org.codehaus.groovy.ast.expr.EmptyExpression>: null

18-11-2024T02:51:14 - [TEST_STEP][PASSED] - PB = <not implemented yet for class: org.codehaus.groovy.ast.expr.EmptyExpression>: null

18-11-2024T02:51:14 - [TEST_STEP][PASSED] - FB = <not implemented yet for class: org.codehaus.groovy.ast.expr.EmptyExpression>: null

18-11-2024T02:51:14 - [TEST_STEP][PASSED] - TR = <not implemented yet for class: org.codehaus.groovy.ast.expr.EmptyExpression>: null

18-11-2024T02:51:14 - [TEST_STEP][PASSED] - TB = <not implemented yet for class: org.codehaus.groovy.ast.expr.EmptyExpression>: null

18-11-2024T02:51:14 - [TEST_STEP][PASSED] - sheetName = "Sheet1": null

18-11-2024T02:51:14 - [TEST_STEP][PASSED] - data = findTestData("PlanFact"): null

18-11-2024T02:51:14 - [TEST_STEP][PASSED] - n = data.getRowNumbers() + 1: null

18-11-2024T02:51:14 - [TEST_STEP][PASSED] - year = todaysDate.substring(todaysDate.length() - 4, todaysDate.length()): null

18-11-2024T02:51:14 - [TEST_STEP][PASSED] - y = year.toInteger(): null

18-11-2024T02:51:14 - [TEST_STEP][PASSED] - m = getText(findTestObject("Выполнение бизнес-плана/Выполнение бизнес-плана Балансы/Фильтр Дата")): Text of object 'Object Repository/Выполнение бизнес-плана/Выполнение бизнес-плана Балансы/Фильтр Дата' is: '1, 2, 3 кв. 2024 года'

18-11-2024T02:51:15 - [MESSAGE][PASSED] - Text of object 'Object Repository/Выполнение бизнес-плана/Выполнение бизнес-плана Балансы/Фильтр Дата' is: '1, 2, 3 кв. 2024 года'

18-11-2024T02:51:15 - [TEST_STEP][PASSED] - m = m.substring(0, m.indexOf("2024")): null

18-11-2024T02:51:15 - [TEST_STEP][PASSED] - m = m.trim(): null

18-11-2024T02:51:15 - [TEST_STEP][PASSED] - dashboardName = "Выполнение бизнес-плана": null

18-11-2024T02:51:15 - [TEST_STEP][PASSED] - workbook01 = getWorkbook(excelFilePath): null

18-11-2024T02:51:15 - [TEST_STEP][PASSED] - sheet01 = getExcelSheet(workbook01, sheetName): null

18-11-2024T02:51:15 - [TEST_STEP][PASSED] - setValueToCellByIndex(sheet01, n, 0, dashboardName): null

18-11-2024T02:51:15 - [TEST_STEP][PASSED] - setValueToCellByIndex(sheet01, n, 1, dZO): null

18-11-2024T02:51:15 - [TEST_STEP][PASSED] - setValueToCellByIndex(sheet01, n, 2, typeOfData): null

18-11-2024T02:51:15 - [TEST_STEP][PASSED] - setValueToCellByIndex(sheet01, n, 3, typeOfData): null

18-11-2024T02:51:15 - [TEST_STEP][PASSED] - if (typeOfData == "План"): null

18-11-2024T02:51:15 - [TEST_STEP][PASSED] - else if (typeOfData == "Факт"): null

18-11-2024T02:51:15 - [TEST_STEP][PASSED] - else if (vidget.contains("электроэнергии") == true): null

18-11-2024T02:51:15 - [TEST_STEP][PASSED] - if (tabR == null): null

18-11-2024T02:51:15 - [TEST_STEP][PASSED] - else: null

18-11-2024T02:51:15 - [TEST_STEP][PASSED] - if (tabR == "нет данных"): null

18-11-2024T02:51:15 - [TEST_STEP][PASSED] - setValueToCellByIndex(sheet01, n, 4, "нет данных"): null

18-11-2024T02:51:15 - [TEST_STEP][PASSED] - if (tabB == null): null

18-11-2024T02:51:15 - [TEST_STEP][PASSED] - else: null

18-11-2024T02:51:15 - [TEST_STEP][PASSED] - if (tabB == "нет данных"): null

18-11-2024T02:51:15 - [TEST_STEP][PASSED] - else: null

18-11-2024T02:51:15 - [TEST_STEP][PASSED] - TB = tabB.toInteger(): null

18-11-2024T02:51:15 - [TEST_STEP][PASSED] - setValueToCellByIndex(sheet01, n, 5, TB): null

18-11-2024T02:51:15 - [TEST_STEP][PASSED] - setValueToCellByIndex(sheet01, n, 6, m): null

18-11-2024T02:51:15 - [TEST_STEP][PASSED] - setValueToCellByIndex(sheet01, n, 7, y): null

18-11-2024T02:51:15 - [TEST_STEP][PASSED] - setValueToCellByIndex(sheet01, n, 8, todaysDate): null

18-11-2024T02:51:15 - [TEST_STEP][PASSED] - n = n + 1: null

18-11-2024T02:51:15 - [TEST_STEP][PASSED] - saveWorkbook(excelFilePath, workbook01): null

18-11-2024T02:51:15 - [TEST_STEP][PASSED] - typeOfData = "Факт Потери": null

18-11-2024T02:51:15 - [TEST_STEP][PASSED] - tabR = GetPFactR(x = a): null

18-11-2024T02:51:15 - [TEST_STEP][PASSED] - i1 = <not implemented yet for class: org.codehaus.groovy.ast.expr.EmptyExpression>: null

18-11-2024T02:51:15 - [TEST_STEP][PASSED] - ii = <not implemented yet for class: org.codehaus.groovy.ast.expr.EmptyExpression>: null

18-11-2024T02:51:15 - [TEST_STEP][PASSED] - for ([ii = 1, ii < 6, (ii++)]): null

18-11-2024T02:51:15 - [TEST_STEP][PASSED] - i1 = x.indexOf("/") + 1: null

18-11-2024T02:51:15 - [TEST_STEP][PASSED] - if (i1 > -1): null

18-11-2024T02:51:15 - [TEST_STEP][PASSED] - x = x.substring(i1, x.length()): null

18-11-2024T02:51:15 - [TEST_STEP][PASSED] - println(x): null

18-11-2024T02:51:15 - [TEST_STEP][PASSED] - i1 = x.indexOf("/") + 1: null

18-11-2024T02:51:15 - [TEST_STEP][PASSED] - if (i1 > -1): null

18-11-2024T02:51:15 - [TEST_STEP][PASSED] - x = x.substring(i1, x.length()): null

18-11-2024T02:51:15 - [TEST_STEP][PASSED] - println(x): null

18-11-2024T02:51:15 - [TEST_STEP][PASSED] - i1 = x.indexOf("/") + 1: null

18-11-2024T02:51:15 - [TEST_STEP][PASSED] - if (i1 > -1): null

18-11-2024T02:51:15 - [TEST_STEP][PASSED] - x = x.substring(i1, x.length()): null

18-11-2024T02:51:15 - [TEST_STEP][PASSED] - println(x): null

18-11-2024T02:51:15 - [TEST_STEP][PASSED] - i1 = x.indexOf("/") + 1: null

18-11-2024T02:51:15 - [TEST_STEP][PASSED] - if (i1 > -1): null

18-11-2024T02:51:15 - [TEST_STEP][PASSED] - x = x.substring(i1, x.length()): null

18-11-2024T02:51:15 - [TEST_STEP][PASSED] - println(x): null

18-11-2024T02:51:15 - [TEST_STEP][PASSED] - i1 = x.indexOf("/") + 1: null

18-11-2024T02:51:15 - [TEST_STEP][PASSED] - if (i1 > -1): null

18-11-2024T02:51:15 - [TEST_STEP][PASSED] - x = x.substring(i1, x.length()): null

18-11-2024T02:51:15 - [TEST_STEP][PASSED] - println(x): null

18-11-2024T02:51:15 - [TEST_STEP][PASSED] - i1 = x.indexOf("/"): null

18-11-2024T02:51:15 - [TEST_STEP][PASSED] - if (i1 > -1): null

18-11-2024T02:51:15 - [TEST_STEP][PASSED] - x = x.substring(0, i1): null

18-11-2024T02:51:15 - [TEST_STEP][PASSED] - println(x): null

18-11-2024T02:51:15 - [TEST_STEP][PASSED] - return x: null

18-11-2024T02:51:15 - [TEST_STEP][PASSED] - tabB = GetPFactB(x = b): null

18-11-2024T02:51:15 - [TEST_STEP][PASSED] - i1 = <not implemented yet for class: org.codehaus.groovy.ast.expr.EmptyExpression>: null

18-11-2024T02:51:15 - [TEST_STEP][PASSED] - ii = <not implemented yet for class: org.codehaus.groovy.ast.expr.EmptyExpression>: null

18-11-2024T02:51:15 - [TEST_STEP][PASSED] - for ([ii = 1, ii < 6, (ii++)]): null

18-11-2024T02:51:15 - [TEST_STEP][PASSED] - i1 = x.indexOf("/") + 1: null

18-11-2024T02:51:15 - [TEST_STEP][PASSED] - if (i1 > -1): null

18-11-2024T02:51:15 - [TEST_STEP][PASSED] - x = x.substring(i1, x.length()): null

18-11-2024T02:51:15 - [TEST_STEP][PASSED] - println(x): null

18-11-2024T02:51:15 - [TEST_STEP][PASSED] - i1 = x.indexOf("/") + 1: null

18-11-2024T02:51:15 - [TEST_STEP][PASSED] - if (i1 > -1): null

18-11-2024T02:51:15 - [TEST_STEP][PASSED] - x = x.substring(i1, x.length()): null

18-11-2024T02:51:15 - [TEST_STEP][PASSED] - println(x): null

18-11-2024T02:51:15 - [TEST_STEP][PASSED] - i1 = x.indexOf("/") + 1: null

18-11-2024T02:51:15 - [TEST_STEP][PASSED] - if (i1 > -1): null

18-11-2024T02:51:15 - [TEST_STEP][PASSED] - x = x.substring(i1, x.length()): null

18-11-2024T02:51:15 - [TEST_STEP][PASSED] - println(x): null

18-11-2024T02:51:15 - [TEST_STEP][PASSED] - i1 = x.indexOf("/") + 1: null

18-11-2024T02:51:15 - [TEST_STEP][PASSED] - if (i1 > -1): null

18-11-2024T02:51:15 - [TEST_STEP][PASSED] - x = x.substring(i1, x.length()): null

18-11-2024T02:51:15 - [TEST_STEP][PASSED] - println(x): null

18-11-2024T02:51:15 - [TEST_STEP][PASSED] - i1 = x.indexOf("/") + 1: null

18-11-2024T02:51:15 - [TEST_STEP][PASSED] - if (i1 > -1): null

18-11-2024T02:51:15 - [TEST_STEP][PASSED] - x = x.substring(i1, x.length()): null

18-11-2024T02:51:15 - [TEST_STEP][PASSED] - println(x): null

18-11-2024T02:51:15 - [TEST_STEP][PASSED] - i1 = x.indexOf("/"): null

18-11-2024T02:51:15 - [TEST_STEP][PASSED] - if (i1 > -1): null

18-11-2024T02:51:15 - [TEST_STEP][PASSED] - x = x.substring(0, i1): null

18-11-2024T02:51:15 - [TEST_STEP][PASSED] - println(x): null

18-11-2024T02:51:15 - [TEST_STEP][FAILED] - return x: null

18-11-2024T02:51:15 - [TEST_STEP][PASSED] - println(tabR + "/" + tabB): null

18-11-2024T02:51:15 - [TEST_STEP][FAILED] - if (verifyEqual(tabR, tabB) == false): null

18-11-2024T02:51:15 - [MESSAGE][FAILED] - Unable to verify equal between actual object 'нет данных' and expected object '16377359' (Root cause: com.kms.katalon.core.exception.StepFailedException: Actual object 'нет данных' and expected object '16377359' are not equal
	at com.kms.katalon.core.keyword.builtin.VerifyEqualKeyword$_verifyEqual_closure1.doCall(VerifyEqualKeyword.groovy:58)
	at com.kms.katalon.core.keyword.builtin.VerifyEqualKeyword$_verifyEqual_closure1.call(VerifyEqualKeyword.groovy)
	at com.kms.katalon.core.keyword.internal.KeywordMain.runKeyword(KeywordMain.groovy:75)
	at com.kms.katalon.core.keyword.builtin.VerifyEqualKeyword.verifyEqual(VerifyEqualKeyword.groovy:63)
	at com.kms.katalon.core.keyword.builtin.VerifyEqualKeyword.execute(VerifyEqualKeyword.groovy:44)
	at com.kms.katalon.core.keyword.internal.KeywordExecutor.executeKeywordForPlatform(KeywordExecutor.groovy:74)
	at com.kms.katalon.core.keyword.BuiltinKeywords.verifyEqual(BuiltinKeywords.groovy:146)
	at jdk.internal.reflect.GeneratedMethodAccessor25.invoke(Unknown Source)
	at java.base/jdk.internal.reflect.DelegatingMethodAccessorImpl.invoke(DelegatingMethodAccessorImpl.java:43)
	at Выполнение бизнес-плана сверка дашбордов.CompareDZOData(Выполнение бизнес-плана сверка дашбордов:730)
	at Выполнение бизнес-плана сверка дашбордов.run(Выполнение бизнес-плана сверка дашбордов:583)
	at com.kms.katalon.core.main.ScriptEngine.run(ScriptEngine.java:194)
	at com.kms.katalon.core.main.ScriptEngine.runScriptAsRawText(ScriptEngine.java:119)
	at com.kms.katalon.core.main.TestCaseExecutor.runScript(TestCaseExecutor.java:448)
	at com.kms.katalon.core.main.TestCaseExecutor.doExecute(TestCaseExecutor.java:439)
	at com.kms.katalon.core.main.TestCaseExecutor.processExecutionPhase(TestCaseExecutor.java:418)
	at com.kms.katalon.core.main.TestCaseExecutor.accessMainPhase(TestCaseExecutor.java:410)
	at com.kms.katalon.core.main.TestCaseExecutor.execute(TestCaseExecutor.java:285)
	at com.kms.katalon.core.common.CommonExecutor.accessTestCaseMainPhase(CommonExecutor.java:65)
	at com.kms.katalon.core.main.TestSuiteExecutor.accessTestSuiteMainPhase(TestSuiteExecutor.java:150)
	at com.kms.katalon.core.main.TestSuiteExecutor.execute(TestSuiteExecutor.java:106)
	at com.kms.katalon.core.main.TestCaseMain.startTestSuite(TestCaseMain.java:180)
	at TempTestSuite1731886967590.run(TempTestSuite1731886967590.groovy:35)
	at java.base/jdk.internal.reflect.NativeMethodAccessorImpl.invoke0(Native Method)
	at java.base/jdk.internal.reflect.NativeMethodAccessorImpl.invoke(NativeMethodAccessorImpl.java:77)
	at java.base/jdk.internal.reflect.DelegatingMethodAccessorImpl.invoke(DelegatingMethodAccessorImpl.java:43)
)

18-11-2024T02:51:15 - [TEST_STEP][PASSED] - result = WriteToExcel(typeOfData, todaysDate, PercPlanR, PercPlanB, PercFactR, PercFactB, x, tabR, tabB, o1R, o1B, vidget): null

18-11-2024T02:51:15 - [TEST_STEP][PASSED] - iii = dZO.indexOf("/"): null

18-11-2024T02:51:15 - [TEST_STEP][PASSED] - println(iii): null

18-11-2024T02:51:15 - [TEST_STEP][PASSED] - dZO = dZO.substring(0, iii): null

18-11-2024T02:51:15 - [TEST_STEP][PASSED] - println(dZO): null

18-11-2024T02:51:15 - [TEST_STEP][PASSED] - println(PercPlanR): null

18-11-2024T02:51:15 - [TEST_STEP][PASSED] - println(PercPlanB): null

18-11-2024T02:51:15 - [TEST_STEP][PASSED] - println(PercFactR): null

18-11-2024T02:51:15 - [TEST_STEP][PASSED] - println(PercFactB): null

18-11-2024T02:51:15 - [TEST_STEP][PASSED] - println(tabR): null

18-11-2024T02:51:15 - [TEST_STEP][PASSED] - println(tabB): null

18-11-2024T02:51:15 - [TEST_STEP][PASSED] - println(o1R): null

18-11-2024T02:51:15 - [TEST_STEP][PASSED] - println(o1B): null

18-11-2024T02:51:15 - [TEST_STEP][PASSED] - PR = <not implemented yet for class: org.codehaus.groovy.ast.expr.EmptyExpression>: null

18-11-2024T02:51:15 - [TEST_STEP][PASSED] - FR = <not implemented yet for class: org.codehaus.groovy.ast.expr.EmptyExpression>: null

18-11-2024T02:51:15 - [TEST_STEP][PASSED] - PB = <not implemented yet for class: org.codehaus.groovy.ast.expr.EmptyExpression>: null

18-11-2024T02:51:15 - [TEST_STEP][PASSED] - FB = <not implemented yet for class: org.codehaus.groovy.ast.expr.EmptyExpression>: null

18-11-2024T02:51:15 - [TEST_STEP][PASSED] - TR = <not implemented yet for class: org.codehaus.groovy.ast.expr.EmptyExpression>: null

18-11-2024T02:51:15 - [TEST_STEP][PASSED] - TB = <not implemented yet for class: org.codehaus.groovy.ast.expr.EmptyExpression>: null

18-11-2024T02:51:15 - [TEST_STEP][PASSED] - sheetName = "Sheet1": null

18-11-2024T02:51:15 - [TEST_STEP][PASSED] - data = findTestData("PlanFact"): null

18-11-2024T02:51:15 - [TEST_STEP][PASSED] - n = data.getRowNumbers() + 1: null

18-11-2024T02:51:15 - [TEST_STEP][PASSED] - year = todaysDate.substring(todaysDate.length() - 4, todaysDate.length()): null

18-11-2024T02:51:15 - [TEST_STEP][PASSED] - y = year.toInteger(): null

18-11-2024T02:51:15 - [TEST_STEP][PASSED] - m = getText(findTestObject("Выполнение бизнес-плана/Выполнение бизнес-плана Балансы/Фильтр Дата")): Text of object 'Object Repository/Выполнение бизнес-плана/Выполнение бизнес-плана Балансы/Фильтр Дата' is: '1, 2, 3 кв. 2024 года'

18-11-2024T02:51:15 - [MESSAGE][PASSED] - Text of object 'Object Repository/Выполнение бизнес-плана/Выполнение бизнес-плана Балансы/Фильтр Дата' is: '1, 2, 3 кв. 2024 года'

18-11-2024T02:51:15 - [TEST_STEP][PASSED] - m = m.substring(0, m.indexOf("2024")): null

18-11-2024T02:51:15 - [TEST_STEP][PASSED] - m = m.trim(): null

18-11-2024T02:51:15 - [TEST_STEP][PASSED] - dashboardName = "Выполнение бизнес-плана": null

18-11-2024T02:51:15 - [TEST_STEP][PASSED] - workbook01 = getWorkbook(excelFilePath): null

18-11-2024T02:51:15 - [TEST_STEP][PASSED] - sheet01 = getExcelSheet(workbook01, sheetName): null

18-11-2024T02:51:15 - [TEST_STEP][PASSED] - setValueToCellByIndex(sheet01, n, 0, dashboardName): null

18-11-2024T02:51:15 - [TEST_STEP][PASSED] - setValueToCellByIndex(sheet01, n, 1, dZO): null

18-11-2024T02:51:15 - [TEST_STEP][PASSED] - setValueToCellByIndex(sheet01, n, 2, typeOfData): null

18-11-2024T02:51:15 - [TEST_STEP][PASSED] - setValueToCellByIndex(sheet01, n, 3, typeOfData): null

18-11-2024T02:51:15 - [TEST_STEP][PASSED] - if (typeOfData == "План"): null

18-11-2024T02:51:15 - [TEST_STEP][PASSED] - else if (typeOfData == "Факт"): null

18-11-2024T02:51:15 - [TEST_STEP][PASSED] - else if (vidget.contains("электроэнергии") == true): null

18-11-2024T02:51:15 - [TEST_STEP][PASSED] - if (tabR == null): null

18-11-2024T02:51:15 - [TEST_STEP][PASSED] - else: null

18-11-2024T02:51:15 - [TEST_STEP][PASSED] - if (tabR == "нет данных"): null

18-11-2024T02:51:15 - [TEST_STEP][PASSED] - setValueToCellByIndex(sheet01, n, 4, "нет данных"): null

18-11-2024T02:51:15 - [TEST_STEP][PASSED] - if (tabB == null): null

18-11-2024T02:51:15 - [TEST_STEP][PASSED] - else: null

18-11-2024T02:51:15 - [TEST_STEP][PASSED] - if (tabB == "нет данных"): null

18-11-2024T02:51:15 - [TEST_STEP][PASSED] - else: null

18-11-2024T02:51:15 - [TEST_STEP][PASSED] - TB = tabB.toInteger(): null

18-11-2024T02:51:15 - [TEST_STEP][PASSED] - setValueToCellByIndex(sheet01, n, 5, TB): null

18-11-2024T02:51:15 - [TEST_STEP][PASSED] - setValueToCellByIndex(sheet01, n, 6, m): null

18-11-2024T02:51:15 - [TEST_STEP][PASSED] - setValueToCellByIndex(sheet01, n, 7, y): null

18-11-2024T02:51:15 - [TEST_STEP][PASSED] - setValueToCellByIndex(sheet01, n, 8, todaysDate): null

18-11-2024T02:51:15 - [TEST_STEP][PASSED] - n = n + 1: null

18-11-2024T02:51:15 - [TEST_STEP][PASSED] - saveWorkbook(excelFilePath, workbook01): null

18-11-2024T02:51:16 - [TEST_STEP][PASSED] - vidget = "Показатели баланса электроэнергии по ДЗО – План": null

18-11-2024T02:51:16 - [TEST_STEP][PASSED] - typeOfData = "План Отпуск в сеть": null

18-11-2024T02:51:16 - [TEST_STEP][PASSED] - tabR = GetOvSPlanR(x = a): null

18-11-2024T02:51:16 - [TEST_STEP][PASSED] - i1 = <not implemented yet for class: org.codehaus.groovy.ast.expr.EmptyExpression>: null

18-11-2024T02:51:16 - [TEST_STEP][PASSED] - ii = <not implemented yet for class: org.codehaus.groovy.ast.expr.EmptyExpression>: null

18-11-2024T02:51:16 - [TEST_STEP][PASSED] - for ([ii = 1, ii < 7, (ii++)]): null

18-11-2024T02:51:16 - [TEST_STEP][PASSED] - i1 = x.indexOf("/") + 1: null

18-11-2024T02:51:16 - [TEST_STEP][PASSED] - if (i1 > -1): null

18-11-2024T02:51:16 - [TEST_STEP][PASSED] - x = x.substring(i1, x.length()): null

18-11-2024T02:51:16 - [TEST_STEP][PASSED] - println(x): null

18-11-2024T02:51:16 - [TEST_STEP][PASSED] - i1 = x.indexOf("/") + 1: null

18-11-2024T02:51:16 - [TEST_STEP][PASSED] - if (i1 > -1): null

18-11-2024T02:51:16 - [TEST_STEP][PASSED] - x = x.substring(i1, x.length()): null

18-11-2024T02:51:16 - [TEST_STEP][PASSED] - println(x): null

18-11-2024T02:51:16 - [TEST_STEP][PASSED] - i1 = x.indexOf("/") + 1: null

18-11-2024T02:51:16 - [TEST_STEP][PASSED] - if (i1 > -1): null

18-11-2024T02:51:16 - [TEST_STEP][PASSED] - x = x.substring(i1, x.length()): null

18-11-2024T02:51:16 - [TEST_STEP][PASSED] - println(x): null

18-11-2024T02:51:16 - [TEST_STEP][PASSED] - i1 = x.indexOf("/") + 1: null

18-11-2024T02:51:16 - [TEST_STEP][PASSED] - if (i1 > -1): null

18-11-2024T02:51:16 - [TEST_STEP][PASSED] - x = x.substring(i1, x.length()): null

18-11-2024T02:51:16 - [TEST_STEP][PASSED] - println(x): null

18-11-2024T02:51:16 - [TEST_STEP][PASSED] - i1 = x.indexOf("/") + 1: null

18-11-2024T02:51:16 - [TEST_STEP][PASSED] - if (i1 > -1): null

18-11-2024T02:51:16 - [TEST_STEP][PASSED] - x = x.substring(i1, x.length()): null

18-11-2024T02:51:16 - [TEST_STEP][PASSED] - println(x): null

18-11-2024T02:51:16 - [TEST_STEP][PASSED] - i1 = x.indexOf("/") + 1: null

18-11-2024T02:51:16 - [TEST_STEP][PASSED] - if (i1 > -1): null

18-11-2024T02:51:16 - [TEST_STEP][PASSED] - x = x.substring(i1, x.length()): null

18-11-2024T02:51:16 - [TEST_STEP][PASSED] - println(x): null

18-11-2024T02:51:16 - [TEST_STEP][PASSED] - i1 = x.indexOf("/"): null

18-11-2024T02:51:16 - [TEST_STEP][PASSED] - if (i1 > -1): null

18-11-2024T02:51:16 - [TEST_STEP][PASSED] - x = x.substring(0, i1): null

18-11-2024T02:51:16 - [TEST_STEP][PASSED] - println(x): null

18-11-2024T02:51:16 - [TEST_STEP][PASSED] - return x: null

18-11-2024T02:51:16 - [TEST_STEP][PASSED] - tabB = GetOvSPlanB(x = b): null

18-11-2024T02:51:16 - [TEST_STEP][PASSED] - i1 = <not implemented yet for class: org.codehaus.groovy.ast.expr.EmptyExpression>: null

18-11-2024T02:51:16 - [TEST_STEP][PASSED] - ii = <not implemented yet for class: org.codehaus.groovy.ast.expr.EmptyExpression>: null

18-11-2024T02:51:16 - [TEST_STEP][PASSED] - for ([ii = 1, ii < 7, (ii++)]): null

18-11-2024T02:51:16 - [TEST_STEP][PASSED] - i1 = x.indexOf("/") + 1: null

18-11-2024T02:51:16 - [TEST_STEP][PASSED] - if (i1 > -1): null

18-11-2024T02:51:16 - [TEST_STEP][PASSED] - x = x.substring(i1, x.length()): null

18-11-2024T02:51:16 - [TEST_STEP][PASSED] - println(x): null

18-11-2024T02:51:16 - [TEST_STEP][PASSED] - i1 = x.indexOf("/") + 1: null

18-11-2024T02:51:16 - [TEST_STEP][PASSED] - if (i1 > -1): null

18-11-2024T02:51:16 - [TEST_STEP][PASSED] - x = x.substring(i1, x.length()): null

18-11-2024T02:51:16 - [TEST_STEP][PASSED] - println(x): null

18-11-2024T02:51:16 - [TEST_STEP][PASSED] - i1 = x.indexOf("/") + 1: null

18-11-2024T02:51:16 - [TEST_STEP][PASSED] - if (i1 > -1): null

18-11-2024T02:51:16 - [TEST_STEP][PASSED] - x = x.substring(i1, x.length()): null

18-11-2024T02:51:16 - [TEST_STEP][PASSED] - println(x): null

18-11-2024T02:51:16 - [TEST_STEP][PASSED] - i1 = x.indexOf("/") + 1: null

18-11-2024T02:51:16 - [TEST_STEP][PASSED] - if (i1 > -1): null

18-11-2024T02:51:16 - [TEST_STEP][PASSED] - x = x.substring(i1, x.length()): null

18-11-2024T02:51:16 - [TEST_STEP][PASSED] - println(x): null

18-11-2024T02:51:16 - [TEST_STEP][PASSED] - i1 = x.indexOf("/") + 1: null

18-11-2024T02:51:16 - [TEST_STEP][PASSED] - if (i1 > -1): null

18-11-2024T02:51:16 - [TEST_STEP][PASSED] - x = x.substring(i1, x.length()): null

18-11-2024T02:51:16 - [TEST_STEP][PASSED] - println(x): null

18-11-2024T02:51:16 - [TEST_STEP][PASSED] - i1 = x.indexOf("/") + 1: null

18-11-2024T02:51:16 - [TEST_STEP][PASSED] - if (i1 > -1): null

18-11-2024T02:51:16 - [TEST_STEP][PASSED] - x = x.substring(i1, x.length()): null

18-11-2024T02:51:16 - [TEST_STEP][PASSED] - println(x): null

18-11-2024T02:51:16 - [TEST_STEP][PASSED] - i1 = x.indexOf("/"): null

18-11-2024T02:51:16 - [TEST_STEP][PASSED] - if (i1 > -1): null

18-11-2024T02:51:16 - [TEST_STEP][PASSED] - x = x.substring(0, i1): null

18-11-2024T02:51:16 - [TEST_STEP][PASSED] - println(x): null

18-11-2024T02:51:16 - [TEST_STEP][FAILED] - return x: null

18-11-2024T02:51:16 - [TEST_STEP][PASSED] - println(tabR + "/" + tabB): null

18-11-2024T02:51:16 - [TEST_STEP][FAILED] - if (verifyEqual(PercFactR, PercFactB) == false): null

18-11-2024T02:51:16 - [MESSAGE][FAILED] - Unable to verify equal between actual object 'нет данных' and expected object '3.67' (Root cause: com.kms.katalon.core.exception.StepFailedException: Actual object 'нет данных' and expected object '3.67' are not equal
	at com.kms.katalon.core.keyword.builtin.VerifyEqualKeyword$_verifyEqual_closure1.doCall(VerifyEqualKeyword.groovy:58)
	at com.kms.katalon.core.keyword.builtin.VerifyEqualKeyword$_verifyEqual_closure1.call(VerifyEqualKeyword.groovy)
	at com.kms.katalon.core.keyword.internal.KeywordMain.runKeyword(KeywordMain.groovy:75)
	at com.kms.katalon.core.keyword.builtin.VerifyEqualKeyword.verifyEqual(VerifyEqualKeyword.groovy:63)
	at com.kms.katalon.core.keyword.builtin.VerifyEqualKeyword.execute(VerifyEqualKeyword.groovy:44)
	at com.kms.katalon.core.keyword.internal.KeywordExecutor.executeKeywordForPlatform(KeywordExecutor.groovy:74)
	at com.kms.katalon.core.keyword.BuiltinKeywords.verifyEqual(BuiltinKeywords.groovy:146)
	at jdk.internal.reflect.GeneratedMethodAccessor25.invoke(Unknown Source)
	at java.base/jdk.internal.reflect.DelegatingMethodAccessorImpl.invoke(DelegatingMethodAccessorImpl.java:43)
	at Выполнение бизнес-плана сверка дашбордов.CompareDZOData(Выполнение бизнес-плана сверка дашбордов:745)
	at Выполнение бизнес-плана сверка дашбордов.run(Выполнение бизнес-плана сверка дашбордов:583)
	at com.kms.katalon.core.main.ScriptEngine.run(ScriptEngine.java:194)
	at com.kms.katalon.core.main.ScriptEngine.runScriptAsRawText(ScriptEngine.java:119)
	at com.kms.katalon.core.main.TestCaseExecutor.runScript(TestCaseExecutor.java:448)
	at com.kms.katalon.core.main.TestCaseExecutor.doExecute(TestCaseExecutor.java:439)
	at com.kms.katalon.core.main.TestCaseExecutor.processExecutionPhase(TestCaseExecutor.java:418)
	at com.kms.katalon.core.main.TestCaseExecutor.accessMainPhase(TestCaseExecutor.java:410)
	at com.kms.katalon.core.main.TestCaseExecutor.execute(TestCaseExecutor.java:285)
	at com.kms.katalon.core.common.CommonExecutor.accessTestCaseMainPhase(CommonExecutor.java:65)
	at com.kms.katalon.core.main.TestSuiteExecutor.accessTestSuiteMainPhase(TestSuiteExecutor.java:150)
	at com.kms.katalon.core.main.TestSuiteExecutor.execute(TestSuiteExecutor.java:106)
	at com.kms.katalon.core.main.TestCaseMain.startTestSuite(TestCaseMain.java:180)
	at TempTestSuite1731886967590.run(TempTestSuite1731886967590.groovy:35)
	at java.base/jdk.internal.reflect.NativeMethodAccessorImpl.invoke0(Native Method)
	at java.base/jdk.internal.reflect.NativeMethodAccessorImpl.invoke(NativeMethodAccessorImpl.java:77)
	at java.base/jdk.internal.reflect.DelegatingMethodAccessorImpl.invoke(DelegatingMethodAccessorImpl.java:43)
)

18-11-2024T02:51:16 - [TEST_STEP][PASSED] - result = WriteToExcel(typeOfData, todaysDate, PercPlanR, PercPlanB, PercFactR, PercFactB, x, tabR, tabB, o1R, o1B, vidget): null

18-11-2024T02:51:16 - [TEST_STEP][PASSED] - iii = dZO.indexOf("/"): null

18-11-2024T02:51:16 - [TEST_STEP][PASSED] - println(iii): null

18-11-2024T02:51:16 - [TEST_STEP][PASSED] - dZO = dZO.substring(0, iii): null

18-11-2024T02:51:16 - [TEST_STEP][PASSED] - println(dZO): null

18-11-2024T02:51:16 - [TEST_STEP][PASSED] - println(PercPlanR): null

18-11-2024T02:51:16 - [TEST_STEP][PASSED] - println(PercPlanB): null

18-11-2024T02:51:16 - [TEST_STEP][PASSED] - println(PercFactR): null

18-11-2024T02:51:16 - [TEST_STEP][PASSED] - println(PercFactB): null

18-11-2024T02:51:16 - [TEST_STEP][PASSED] - println(tabR): null

18-11-2024T02:51:16 - [TEST_STEP][PASSED] - println(tabB): null

18-11-2024T02:51:16 - [TEST_STEP][PASSED] - println(o1R): null

18-11-2024T02:51:16 - [TEST_STEP][PASSED] - println(o1B): null

18-11-2024T02:51:16 - [TEST_STEP][PASSED] - PR = <not implemented yet for class: org.codehaus.groovy.ast.expr.EmptyExpression>: null

18-11-2024T02:51:16 - [TEST_STEP][PASSED] - FR = <not implemented yet for class: org.codehaus.groovy.ast.expr.EmptyExpression>: null

18-11-2024T02:51:16 - [TEST_STEP][PASSED] - PB = <not implemented yet for class: org.codehaus.groovy.ast.expr.EmptyExpression>: null

18-11-2024T02:51:16 - [TEST_STEP][PASSED] - FB = <not implemented yet for class: org.codehaus.groovy.ast.expr.EmptyExpression>: null

18-11-2024T02:51:16 - [TEST_STEP][PASSED] - TR = <not implemented yet for class: org.codehaus.groovy.ast.expr.EmptyExpression>: null

18-11-2024T02:51:16 - [TEST_STEP][PASSED] - TB = <not implemented yet for class: org.codehaus.groovy.ast.expr.EmptyExpression>: null

18-11-2024T02:51:16 - [TEST_STEP][PASSED] - sheetName = "Sheet1": null

18-11-2024T02:51:16 - [TEST_STEP][PASSED] - data = findTestData("PlanFact"): null

18-11-2024T02:51:16 - [TEST_STEP][PASSED] - n = data.getRowNumbers() + 1: null

18-11-2024T02:51:16 - [TEST_STEP][PASSED] - year = todaysDate.substring(todaysDate.length() - 4, todaysDate.length()): null

18-11-2024T02:51:16 - [TEST_STEP][PASSED] - y = year.toInteger(): null

18-11-2024T02:51:16 - [TEST_STEP][PASSED] - m = getText(findTestObject("Выполнение бизнес-плана/Выполнение бизнес-плана Балансы/Фильтр Дата")): Text of object 'Object Repository/Выполнение бизнес-плана/Выполнение бизнес-плана Балансы/Фильтр Дата' is: '1, 2, 3 кв. 2024 года'

18-11-2024T02:51:16 - [MESSAGE][PASSED] - Text of object 'Object Repository/Выполнение бизнес-плана/Выполнение бизнес-плана Балансы/Фильтр Дата' is: '1, 2, 3 кв. 2024 года'

18-11-2024T02:51:16 - [TEST_STEP][PASSED] - m = m.substring(0, m.indexOf("2024")): null

18-11-2024T02:51:16 - [TEST_STEP][PASSED] - m = m.trim(): null

18-11-2024T02:51:16 - [TEST_STEP][PASSED] - dashboardName = "Выполнение бизнес-плана": null

18-11-2024T02:51:16 - [TEST_STEP][PASSED] - workbook01 = getWorkbook(excelFilePath): null

18-11-2024T02:51:16 - [TEST_STEP][PASSED] - sheet01 = getExcelSheet(workbook01, sheetName): null

18-11-2024T02:51:16 - [TEST_STEP][PASSED] - setValueToCellByIndex(sheet01, n, 0, dashboardName): null

18-11-2024T02:51:16 - [TEST_STEP][PASSED] - setValueToCellByIndex(sheet01, n, 1, dZO): null

18-11-2024T02:51:16 - [TEST_STEP][PASSED] - setValueToCellByIndex(sheet01, n, 2, typeOfData): null

18-11-2024T02:51:16 - [TEST_STEP][PASSED] - setValueToCellByIndex(sheet01, n, 3, typeOfData): null

18-11-2024T02:51:16 - [TEST_STEP][PASSED] - if (typeOfData == "План"): null

18-11-2024T02:51:16 - [TEST_STEP][PASSED] - else if (typeOfData == "Факт"): null

18-11-2024T02:51:16 - [TEST_STEP][PASSED] - else if (vidget.contains("электроэнергии") == true): null

18-11-2024T02:51:16 - [TEST_STEP][PASSED] - if (tabR == null): null

18-11-2024T02:51:16 - [TEST_STEP][PASSED] - else: null

18-11-2024T02:51:16 - [TEST_STEP][PASSED] - if (tabR == "нет данных"): null

18-11-2024T02:51:16 - [TEST_STEP][PASSED] - setValueToCellByIndex(sheet01, n, 4, "нет данных"): null

18-11-2024T02:51:16 - [TEST_STEP][PASSED] - if (tabB == null): null

18-11-2024T02:51:16 - [TEST_STEP][PASSED] - else: null

18-11-2024T02:51:16 - [TEST_STEP][PASSED] - if (tabB == "нет данных"): null

18-11-2024T02:51:16 - [TEST_STEP][PASSED] - else: null

18-11-2024T02:51:16 - [TEST_STEP][PASSED] - TB = tabB.toInteger(): null

18-11-2024T02:51:16 - [TEST_STEP][PASSED] - setValueToCellByIndex(sheet01, n, 5, TB): null

18-11-2024T02:51:16 - [TEST_STEP][PASSED] - setValueToCellByIndex(sheet01, n, 6, m): null

18-11-2024T02:51:16 - [TEST_STEP][PASSED] - setValueToCellByIndex(sheet01, n, 7, y): null

18-11-2024T02:51:16 - [TEST_STEP][PASSED] - setValueToCellByIndex(sheet01, n, 8, todaysDate): null

18-11-2024T02:51:16 - [TEST_STEP][PASSED] - n = n + 1: null

18-11-2024T02:51:16 - [TEST_STEP][PASSED] - saveWorkbook(excelFilePath, workbook01): null

18-11-2024T02:51:16 - [TEST_STEP][PASSED] - typeOfData = "План Отпуск из сети": null

18-11-2024T02:51:16 - [TEST_STEP][PASSED] - tabR = GetOiSPlanR(x = a): null

18-11-2024T02:51:16 - [TEST_STEP][PASSED] - i1 = <not implemented yet for class: org.codehaus.groovy.ast.expr.EmptyExpression>: null

18-11-2024T02:51:16 - [TEST_STEP][PASSED] - ii = <not implemented yet for class: org.codehaus.groovy.ast.expr.EmptyExpression>: null

18-11-2024T02:51:16 - [TEST_STEP][PASSED] - for ([ii = 1, ii < 8, (ii++)]): null

18-11-2024T02:51:16 - [TEST_STEP][PASSED] - i1 = x.indexOf("/") + 1: null

18-11-2024T02:51:16 - [TEST_STEP][PASSED] - if (i1 > -1): null

18-11-2024T02:51:16 - [TEST_STEP][PASSED] - x = x.substring(i1, x.length()): null

18-11-2024T02:51:16 - [TEST_STEP][PASSED] - println(x): null

18-11-2024T02:51:16 - [TEST_STEP][PASSED] - i1 = x.indexOf("/") + 1: null

18-11-2024T02:51:16 - [TEST_STEP][PASSED] - if (i1 > -1): null

18-11-2024T02:51:16 - [TEST_STEP][PASSED] - x = x.substring(i1, x.length()): null

18-11-2024T02:51:16 - [TEST_STEP][PASSED] - println(x): null

18-11-2024T02:51:16 - [TEST_STEP][PASSED] - i1 = x.indexOf("/") + 1: null

18-11-2024T02:51:16 - [TEST_STEP][PASSED] - if (i1 > -1): null

18-11-2024T02:51:16 - [TEST_STEP][PASSED] - x = x.substring(i1, x.length()): null

18-11-2024T02:51:16 - [TEST_STEP][PASSED] - println(x): null

18-11-2024T02:51:16 - [TEST_STEP][PASSED] - i1 = x.indexOf("/") + 1: null

18-11-2024T02:51:16 - [TEST_STEP][PASSED] - if (i1 > -1): null

18-11-2024T02:51:16 - [TEST_STEP][PASSED] - x = x.substring(i1, x.length()): null

18-11-2024T02:51:16 - [TEST_STEP][PASSED] - println(x): null

18-11-2024T02:51:16 - [TEST_STEP][PASSED] - i1 = x.indexOf("/") + 1: null

18-11-2024T02:51:16 - [TEST_STEP][PASSED] - if (i1 > -1): null

18-11-2024T02:51:16 - [TEST_STEP][PASSED] - x = x.substring(i1, x.length()): null

18-11-2024T02:51:16 - [TEST_STEP][PASSED] - println(x): null

18-11-2024T02:51:16 - [TEST_STEP][PASSED] - i1 = x.indexOf("/") + 1: null

18-11-2024T02:51:16 - [TEST_STEP][PASSED] - if (i1 > -1): null

18-11-2024T02:51:16 - [TEST_STEP][PASSED] - x = x.substring(i1, x.length()): null

18-11-2024T02:51:16 - [TEST_STEP][PASSED] - println(x): null

18-11-2024T02:51:16 - [TEST_STEP][PASSED] - i1 = x.indexOf("/") + 1: null

18-11-2024T02:51:16 - [TEST_STEP][PASSED] - if (i1 > -1): null

18-11-2024T02:51:16 - [TEST_STEP][PASSED] - x = x.substring(i1, x.length()): null

18-11-2024T02:51:16 - [TEST_STEP][PASSED] - println(x): null

18-11-2024T02:51:16 - [TEST_STEP][PASSED] - i1 = x.indexOf("/"): null

18-11-2024T02:51:16 - [TEST_STEP][PASSED] - if (i1 > -1): null

18-11-2024T02:51:16 - [TEST_STEP][PASSED] - x = x.substring(0, i1): null

18-11-2024T02:51:16 - [TEST_STEP][PASSED] - println(x): null

18-11-2024T02:51:16 - [TEST_STEP][PASSED] - return x: null

18-11-2024T02:51:16 - [TEST_STEP][PASSED] - tabB = GetOiSPlanB(x = b): null

18-11-2024T02:51:16 - [TEST_STEP][PASSED] - i1 = <not implemented yet for class: org.codehaus.groovy.ast.expr.EmptyExpression>: null

18-11-2024T02:51:16 - [TEST_STEP][PASSED] - ii = <not implemented yet for class: org.codehaus.groovy.ast.expr.EmptyExpression>: null

18-11-2024T02:51:16 - [TEST_STEP][PASSED] - for ([ii = 1, ii < 8, (ii++)]): null

18-11-2024T02:51:16 - [TEST_STEP][PASSED] - i1 = x.indexOf("/") + 1: null

18-11-2024T02:51:16 - [TEST_STEP][PASSED] - if (i1 > -1): null

18-11-2024T02:51:16 - [TEST_STEP][PASSED] - x = x.substring(i1, x.length()): null

18-11-2024T02:51:16 - [TEST_STEP][PASSED] - println(x): null

18-11-2024T02:51:16 - [TEST_STEP][PASSED] - i1 = x.indexOf("/") + 1: null

18-11-2024T02:51:16 - [TEST_STEP][PASSED] - if (i1 > -1): null

18-11-2024T02:51:16 - [TEST_STEP][PASSED] - x = x.substring(i1, x.length()): null

18-11-2024T02:51:16 - [TEST_STEP][PASSED] - println(x): null

18-11-2024T02:51:16 - [TEST_STEP][PASSED] - i1 = x.indexOf("/") + 1: null

18-11-2024T02:51:16 - [TEST_STEP][PASSED] - if (i1 > -1): null

18-11-2024T02:51:16 - [TEST_STEP][PASSED] - x = x.substring(i1, x.length()): null

18-11-2024T02:51:16 - [TEST_STEP][PASSED] - println(x): null

18-11-2024T02:51:16 - [TEST_STEP][PASSED] - i1 = x.indexOf("/") + 1: null

18-11-2024T02:51:16 - [TEST_STEP][PASSED] - if (i1 > -1): null

18-11-2024T02:51:16 - [TEST_STEP][PASSED] - x = x.substring(i1, x.length()): null

18-11-2024T02:51:16 - [TEST_STEP][PASSED] - println(x): null

18-11-2024T02:51:16 - [TEST_STEP][PASSED] - i1 = x.indexOf("/") + 1: null

18-11-2024T02:51:16 - [TEST_STEP][PASSED] - if (i1 > -1): null

18-11-2024T02:51:16 - [TEST_STEP][PASSED] - x = x.substring(i1, x.length()): null

18-11-2024T02:51:16 - [TEST_STEP][PASSED] - println(x): null

18-11-2024T02:51:16 - [TEST_STEP][PASSED] - i1 = x.indexOf("/") + 1: null

18-11-2024T02:51:16 - [TEST_STEP][PASSED] - if (i1 > -1): null

18-11-2024T02:51:16 - [TEST_STEP][PASSED] - x = x.substring(i1, x.length()): null

18-11-2024T02:51:16 - [TEST_STEP][PASSED] - println(x): null

18-11-2024T02:51:16 - [TEST_STEP][PASSED] - i1 = x.indexOf("/") + 1: null

18-11-2024T02:51:16 - [TEST_STEP][PASSED] - if (i1 > -1): null

18-11-2024T02:51:16 - [TEST_STEP][PASSED] - x = x.substring(i1, x.length()): null

18-11-2024T02:51:16 - [TEST_STEP][PASSED] - println(x): null

18-11-2024T02:51:16 - [TEST_STEP][PASSED] - i1 = x.indexOf("/"): null

18-11-2024T02:51:16 - [TEST_STEP][PASSED] - if (i1 > -1): null

18-11-2024T02:51:16 - [TEST_STEP][PASSED] - x = x.substring(0, i1): null

18-11-2024T02:51:16 - [TEST_STEP][PASSED] - println(x): null

18-11-2024T02:51:16 - [TEST_STEP][FAILED] - return x: null

18-11-2024T02:51:16 - [TEST_STEP][PASSED] - println(tabR + "/" + tabB): null

18-11-2024T02:51:16 - [TEST_STEP][FAILED] - if (verifyEqual(PercFactR, PercFactB) == false): null

18-11-2024T02:51:16 - [MESSAGE][FAILED] - Unable to verify equal between actual object 'нет данных' and expected object '3.67' (Root cause: com.kms.katalon.core.exception.StepFailedException: Actual object 'нет данных' and expected object '3.67' are not equal
	at com.kms.katalon.core.keyword.builtin.VerifyEqualKeyword$_verifyEqual_closure1.doCall(VerifyEqualKeyword.groovy:58)
	at com.kms.katalon.core.keyword.builtin.VerifyEqualKeyword$_verifyEqual_closure1.call(VerifyEqualKeyword.groovy)
	at com.kms.katalon.core.keyword.internal.KeywordMain.runKeyword(KeywordMain.groovy:75)
	at com.kms.katalon.core.keyword.builtin.VerifyEqualKeyword.verifyEqual(VerifyEqualKeyword.groovy:63)
	at com.kms.katalon.core.keyword.builtin.VerifyEqualKeyword.execute(VerifyEqualKeyword.groovy:44)
	at com.kms.katalon.core.keyword.internal.KeywordExecutor.executeKeywordForPlatform(KeywordExecutor.groovy:74)
	at com.kms.katalon.core.keyword.BuiltinKeywords.verifyEqual(BuiltinKeywords.groovy:146)
	at jdk.internal.reflect.GeneratedMethodAccessor25.invoke(Unknown Source)
	at java.base/jdk.internal.reflect.DelegatingMethodAccessorImpl.invoke(DelegatingMethodAccessorImpl.java:43)
	at Выполнение бизнес-плана сверка дашбордов.CompareDZOData(Выполнение бизнес-плана сверка дашбордов:758)
	at Выполнение бизнес-плана сверка дашбордов.run(Выполнение бизнес-плана сверка дашбордов:583)
	at com.kms.katalon.core.main.ScriptEngine.run(ScriptEngine.java:194)
	at com.kms.katalon.core.main.ScriptEngine.runScriptAsRawText(ScriptEngine.java:119)
	at com.kms.katalon.core.main.TestCaseExecutor.runScript(TestCaseExecutor.java:448)
	at com.kms.katalon.core.main.TestCaseExecutor.doExecute(TestCaseExecutor.java:439)
	at com.kms.katalon.core.main.TestCaseExecutor.processExecutionPhase(TestCaseExecutor.java:418)
	at com.kms.katalon.core.main.TestCaseExecutor.accessMainPhase(TestCaseExecutor.java:410)
	at com.kms.katalon.core.main.TestCaseExecutor.execute(TestCaseExecutor.java:285)
	at com.kms.katalon.core.common.CommonExecutor.accessTestCaseMainPhase(CommonExecutor.java:65)
	at com.kms.katalon.core.main.TestSuiteExecutor.accessTestSuiteMainPhase(TestSuiteExecutor.java:150)
	at com.kms.katalon.core.main.TestSuiteExecutor.execute(TestSuiteExecutor.java:106)
	at com.kms.katalon.core.main.TestCaseMain.startTestSuite(TestCaseMain.java:180)
	at TempTestSuite1731886967590.run(TempTestSuite1731886967590.groovy:35)
	at java.base/jdk.internal.reflect.NativeMethodAccessorImpl.invoke0(Native Method)
	at java.base/jdk.internal.reflect.NativeMethodAccessorImpl.invoke(NativeMethodAccessorImpl.java:77)
	at java.base/jdk.internal.reflect.DelegatingMethodAccessorImpl.invoke(DelegatingMethodAccessorImpl.java:43)
)

18-11-2024T02:51:16 - [TEST_STEP][PASSED] - result = WriteToExcel(typeOfData, todaysDate, PercPlanR, PercPlanB, PercFactR, PercFactB, x, tabR, tabB, o1R, o1B, vidget): null

18-11-2024T02:51:16 - [TEST_STEP][PASSED] - iii = dZO.indexOf("/"): null

18-11-2024T02:51:16 - [TEST_STEP][PASSED] - println(iii): null

18-11-2024T02:51:16 - [TEST_STEP][PASSED] - dZO = dZO.substring(0, iii): null

18-11-2024T02:51:16 - [TEST_STEP][PASSED] - println(dZO): null

18-11-2024T02:51:16 - [TEST_STEP][PASSED] - println(PercPlanR): null

18-11-2024T02:51:16 - [TEST_STEP][PASSED] - println(PercPlanB): null

18-11-2024T02:51:16 - [TEST_STEP][PASSED] - println(PercFactR): null

18-11-2024T02:51:16 - [TEST_STEP][PASSED] - println(PercFactB): null

18-11-2024T02:51:16 - [TEST_STEP][PASSED] - println(tabR): null

18-11-2024T02:51:16 - [TEST_STEP][PASSED] - println(tabB): null

18-11-2024T02:51:16 - [TEST_STEP][PASSED] - println(o1R): null

18-11-2024T02:51:16 - [TEST_STEP][PASSED] - println(o1B): null

18-11-2024T02:51:16 - [TEST_STEP][PASSED] - PR = <not implemented yet for class: org.codehaus.groovy.ast.expr.EmptyExpression>: null

18-11-2024T02:51:16 - [TEST_STEP][PASSED] - FR = <not implemented yet for class: org.codehaus.groovy.ast.expr.EmptyExpression>: null

18-11-2024T02:51:16 - [TEST_STEP][PASSED] - PB = <not implemented yet for class: org.codehaus.groovy.ast.expr.EmptyExpression>: null

18-11-2024T02:51:16 - [TEST_STEP][PASSED] - FB = <not implemented yet for class: org.codehaus.groovy.ast.expr.EmptyExpression>: null

18-11-2024T02:51:16 - [TEST_STEP][PASSED] - TR = <not implemented yet for class: org.codehaus.groovy.ast.expr.EmptyExpression>: null

18-11-2024T02:51:16 - [TEST_STEP][PASSED] - TB = <not implemented yet for class: org.codehaus.groovy.ast.expr.EmptyExpression>: null

18-11-2024T02:51:16 - [TEST_STEP][PASSED] - sheetName = "Sheet1": null

18-11-2024T02:51:16 - [TEST_STEP][PASSED] - data = findTestData("PlanFact"): null

18-11-2024T02:51:17 - [TEST_STEP][PASSED] - n = data.getRowNumbers() + 1: null

18-11-2024T02:51:17 - [TEST_STEP][PASSED] - year = todaysDate.substring(todaysDate.length() - 4, todaysDate.length()): null

18-11-2024T02:51:17 - [TEST_STEP][PASSED] - y = year.toInteger(): null

18-11-2024T02:51:17 - [TEST_STEP][PASSED] - m = getText(findTestObject("Выполнение бизнес-плана/Выполнение бизнес-плана Балансы/Фильтр Дата")): Text of object 'Object Repository/Выполнение бизнес-плана/Выполнение бизнес-плана Балансы/Фильтр Дата' is: '1, 2, 3 кв. 2024 года'

18-11-2024T02:51:17 - [MESSAGE][PASSED] - Text of object 'Object Repository/Выполнение бизнес-плана/Выполнение бизнес-плана Балансы/Фильтр Дата' is: '1, 2, 3 кв. 2024 года'

18-11-2024T02:51:17 - [TEST_STEP][PASSED] - m = m.substring(0, m.indexOf("2024")): null

18-11-2024T02:51:17 - [TEST_STEP][PASSED] - m = m.trim(): null

18-11-2024T02:51:17 - [TEST_STEP][PASSED] - dashboardName = "Выполнение бизнес-плана": null

18-11-2024T02:51:17 - [TEST_STEP][PASSED] - workbook01 = getWorkbook(excelFilePath): null

18-11-2024T02:51:17 - [TEST_STEP][PASSED] - sheet01 = getExcelSheet(workbook01, sheetName): null

18-11-2024T02:51:17 - [TEST_STEP][PASSED] - setValueToCellByIndex(sheet01, n, 0, dashboardName): null

18-11-2024T02:51:17 - [TEST_STEP][PASSED] - setValueToCellByIndex(sheet01, n, 1, dZO): null

18-11-2024T02:51:17 - [TEST_STEP][PASSED] - setValueToCellByIndex(sheet01, n, 2, typeOfData): null

18-11-2024T02:51:17 - [TEST_STEP][PASSED] - setValueToCellByIndex(sheet01, n, 3, typeOfData): null

18-11-2024T02:51:17 - [TEST_STEP][PASSED] - if (typeOfData == "План"): null

18-11-2024T02:51:17 - [TEST_STEP][PASSED] - else if (typeOfData == "Факт"): null

18-11-2024T02:51:17 - [TEST_STEP][PASSED] - else if (vidget.contains("электроэнергии") == true): null

18-11-2024T02:51:17 - [TEST_STEP][PASSED] - if (tabR == null): null

18-11-2024T02:51:17 - [TEST_STEP][PASSED] - else: null

18-11-2024T02:51:17 - [TEST_STEP][PASSED] - if (tabR == "нет данных"): null

18-11-2024T02:51:17 - [TEST_STEP][PASSED] - setValueToCellByIndex(sheet01, n, 4, "нет данных"): null

18-11-2024T02:51:17 - [TEST_STEP][PASSED] - if (tabB == null): null

18-11-2024T02:51:17 - [TEST_STEP][PASSED] - else: null

18-11-2024T02:51:17 - [TEST_STEP][PASSED] - if (tabB == "нет данных"): null

18-11-2024T02:51:17 - [TEST_STEP][PASSED] - else: null

18-11-2024T02:51:17 - [TEST_STEP][PASSED] - TB = tabB.toInteger(): null

18-11-2024T02:51:17 - [TEST_STEP][PASSED] - setValueToCellByIndex(sheet01, n, 5, TB): null

18-11-2024T02:51:17 - [TEST_STEP][PASSED] - setValueToCellByIndex(sheet01, n, 6, m): null

18-11-2024T02:51:17 - [TEST_STEP][PASSED] - setValueToCellByIndex(sheet01, n, 7, y): null

18-11-2024T02:51:17 - [TEST_STEP][PASSED] - setValueToCellByIndex(sheet01, n, 8, todaysDate): null

18-11-2024T02:51:17 - [TEST_STEP][PASSED] - n = n + 1: null

18-11-2024T02:51:17 - [TEST_STEP][PASSED] - saveWorkbook(excelFilePath, workbook01): null

18-11-2024T02:51:17 - [TEST_STEP][PASSED] - typeOfData = "План Потери": null

18-11-2024T02:51:17 - [TEST_STEP][PASSED] - tabR = GetPPlanR(x = a): null

18-11-2024T02:51:17 - [TEST_STEP][PASSED] - i1 = <not implemented yet for class: org.codehaus.groovy.ast.expr.EmptyExpression>: null

18-11-2024T02:51:17 - [TEST_STEP][PASSED] - ii = <not implemented yet for class: org.codehaus.groovy.ast.expr.EmptyExpression>: null

18-11-2024T02:51:17 - [TEST_STEP][PASSED] - for ([ii = 1, ii < 9, (ii++)]): null

18-11-2024T02:51:17 - [TEST_STEP][PASSED] - i1 = x.indexOf("/") + 1: null

18-11-2024T02:51:17 - [TEST_STEP][PASSED] - if (i1 > -1): null

18-11-2024T02:51:17 - [TEST_STEP][PASSED] - x = x.substring(i1, x.length()): null

18-11-2024T02:51:17 - [TEST_STEP][PASSED] - println(x): null

18-11-2024T02:51:17 - [TEST_STEP][PASSED] - i1 = x.indexOf("/") + 1: null

18-11-2024T02:51:17 - [TEST_STEP][PASSED] - if (i1 > -1): null

18-11-2024T02:51:17 - [TEST_STEP][PASSED] - x = x.substring(i1, x.length()): null

18-11-2024T02:51:17 - [TEST_STEP][PASSED] - println(x): null

18-11-2024T02:51:17 - [TEST_STEP][PASSED] - i1 = x.indexOf("/") + 1: null

18-11-2024T02:51:17 - [TEST_STEP][PASSED] - if (i1 > -1): null

18-11-2024T02:51:17 - [TEST_STEP][PASSED] - x = x.substring(i1, x.length()): null

18-11-2024T02:51:17 - [TEST_STEP][PASSED] - println(x): null

18-11-2024T02:51:17 - [TEST_STEP][PASSED] - i1 = x.indexOf("/") + 1: null

18-11-2024T02:51:17 - [TEST_STEP][PASSED] - if (i1 > -1): null

18-11-2024T02:51:17 - [TEST_STEP][PASSED] - x = x.substring(i1, x.length()): null

18-11-2024T02:51:17 - [TEST_STEP][PASSED] - println(x): null

18-11-2024T02:51:17 - [TEST_STEP][PASSED] - i1 = x.indexOf("/") + 1: null

18-11-2024T02:51:17 - [TEST_STEP][PASSED] - if (i1 > -1): null

18-11-2024T02:51:17 - [TEST_STEP][PASSED] - x = x.substring(i1, x.length()): null

18-11-2024T02:51:17 - [TEST_STEP][PASSED] - println(x): null

18-11-2024T02:51:17 - [TEST_STEP][PASSED] - i1 = x.indexOf("/") + 1: null

18-11-2024T02:51:17 - [TEST_STEP][PASSED] - if (i1 > -1): null

18-11-2024T02:51:17 - [TEST_STEP][PASSED] - x = x.substring(i1, x.length()): null

18-11-2024T02:51:17 - [TEST_STEP][PASSED] - println(x): null

18-11-2024T02:51:17 - [TEST_STEP][PASSED] - i1 = x.indexOf("/") + 1: null

18-11-2024T02:51:17 - [TEST_STEP][PASSED] - if (i1 > -1): null

18-11-2024T02:51:17 - [TEST_STEP][PASSED] - x = x.substring(i1, x.length()): null

18-11-2024T02:51:17 - [TEST_STEP][PASSED] - println(x): null

18-11-2024T02:51:17 - [TEST_STEP][PASSED] - i1 = x.indexOf("/") + 1: null

18-11-2024T02:51:17 - [TEST_STEP][PASSED] - if (i1 > -1): null

18-11-2024T02:51:17 - [TEST_STEP][PASSED] - x = x.substring(i1, x.length()): null

18-11-2024T02:51:17 - [TEST_STEP][PASSED] - println(x): null

18-11-2024T02:51:17 - [TEST_STEP][PASSED] - i1 = x.indexOf("/"): null

18-11-2024T02:51:17 - [TEST_STEP][PASSED] - if (i1 > -1): null

18-11-2024T02:51:17 - [TEST_STEP][PASSED] - x = x.substring(0, i1): null

18-11-2024T02:51:17 - [TEST_STEP][PASSED] - println(x): null

18-11-2024T02:51:17 - [TEST_STEP][PASSED] - return x: null

18-11-2024T02:51:17 - [TEST_STEP][PASSED] - tabB = GetPPlanB(x = b): null

18-11-2024T02:51:17 - [TEST_STEP][PASSED] - i1 = <not implemented yet for class: org.codehaus.groovy.ast.expr.EmptyExpression>: null

18-11-2024T02:51:17 - [TEST_STEP][PASSED] - ii = <not implemented yet for class: org.codehaus.groovy.ast.expr.EmptyExpression>: null

18-11-2024T02:51:17 - [TEST_STEP][PASSED] - for ([ii = 1, ii < 9, (ii++)]): null

18-11-2024T02:51:17 - [TEST_STEP][PASSED] - i1 = x.indexOf("/") + 1: null

18-11-2024T02:51:17 - [TEST_STEP][PASSED] - if (i1 > -1): null

18-11-2024T02:51:17 - [TEST_STEP][PASSED] - x = x.substring(i1, x.length()): null

18-11-2024T02:51:17 - [TEST_STEP][PASSED] - println(x): null

18-11-2024T02:51:17 - [TEST_STEP][PASSED] - i1 = x.indexOf("/") + 1: null

18-11-2024T02:51:17 - [TEST_STEP][PASSED] - if (i1 > -1): null

18-11-2024T02:51:17 - [TEST_STEP][PASSED] - x = x.substring(i1, x.length()): null

18-11-2024T02:51:17 - [TEST_STEP][PASSED] - println(x): null

18-11-2024T02:51:17 - [TEST_STEP][PASSED] - i1 = x.indexOf("/") + 1: null

18-11-2024T02:51:17 - [TEST_STEP][PASSED] - if (i1 > -1): null

18-11-2024T02:51:17 - [TEST_STEP][PASSED] - x = x.substring(i1, x.length()): null

18-11-2024T02:51:17 - [TEST_STEP][PASSED] - println(x): null

18-11-2024T02:51:17 - [TEST_STEP][PASSED] - i1 = x.indexOf("/") + 1: null

18-11-2024T02:51:17 - [TEST_STEP][PASSED] - if (i1 > -1): null

18-11-2024T02:51:17 - [TEST_STEP][PASSED] - x = x.substring(i1, x.length()): null

18-11-2024T02:51:17 - [TEST_STEP][PASSED] - println(x): null

18-11-2024T02:51:17 - [TEST_STEP][PASSED] - i1 = x.indexOf("/") + 1: null

18-11-2024T02:51:17 - [TEST_STEP][PASSED] - if (i1 > -1): null

18-11-2024T02:51:17 - [TEST_STEP][PASSED] - x = x.substring(i1, x.length()): null

18-11-2024T02:51:17 - [TEST_STEP][PASSED] - println(x): null

18-11-2024T02:51:17 - [TEST_STEP][PASSED] - i1 = x.indexOf("/") + 1: null

18-11-2024T02:51:17 - [TEST_STEP][PASSED] - if (i1 > -1): null

18-11-2024T02:51:17 - [TEST_STEP][PASSED] - x = x.substring(i1, x.length()): null

18-11-2024T02:51:17 - [TEST_STEP][PASSED] - println(x): null

18-11-2024T02:51:17 - [TEST_STEP][PASSED] - i1 = x.indexOf("/") + 1: null

18-11-2024T02:51:17 - [TEST_STEP][PASSED] - if (i1 > -1): null

18-11-2024T02:51:17 - [TEST_STEP][PASSED] - x = x.substring(i1, x.length()): null

18-11-2024T02:51:17 - [TEST_STEP][PASSED] - println(x): null

18-11-2024T02:51:17 - [TEST_STEP][PASSED] - i1 = x.indexOf("/") + 1: null

18-11-2024T02:51:17 - [TEST_STEP][PASSED] - if (i1 > -1): null

18-11-2024T02:51:17 - [TEST_STEP][PASSED] - x = x.substring(i1, x.length()): null

18-11-2024T02:51:17 - [TEST_STEP][PASSED] - println(x): null

18-11-2024T02:51:17 - [TEST_STEP][PASSED] - i1 = x.indexOf("/"): null

18-11-2024T02:51:17 - [TEST_STEP][PASSED] - if (i1 > -1): null

18-11-2024T02:51:17 - [TEST_STEP][PASSED] - x = x.substring(0, i1): null

18-11-2024T02:51:17 - [TEST_STEP][PASSED] - println(x): null

18-11-2024T02:51:17 - [TEST_STEP][FAILED] - return x: null

18-11-2024T02:51:17 - [TEST_STEP][PASSED] - println(tabR + "/" + tabB): null

18-11-2024T02:51:17 - [TEST_STEP][FAILED] - if (verifyEqual(PercFactR, PercFactB) == false): null

18-11-2024T02:51:17 - [MESSAGE][FAILED] - Unable to verify equal between actual object 'нет данных' and expected object '3.67' (Root cause: com.kms.katalon.core.exception.StepFailedException: Actual object 'нет данных' and expected object '3.67' are not equal
	at com.kms.katalon.core.keyword.builtin.VerifyEqualKeyword$_verifyEqual_closure1.doCall(VerifyEqualKeyword.groovy:58)
	at com.kms.katalon.core.keyword.builtin.VerifyEqualKeyword$_verifyEqual_closure1.call(VerifyEqualKeyword.groovy)
	at com.kms.katalon.core.keyword.internal.KeywordMain.runKeyword(KeywordMain.groovy:75)
	at com.kms.katalon.core.keyword.builtin.VerifyEqualKeyword.verifyEqual(VerifyEqualKeyword.groovy:63)
	at com.kms.katalon.core.keyword.builtin.VerifyEqualKeyword.execute(VerifyEqualKeyword.groovy:44)
	at com.kms.katalon.core.keyword.internal.KeywordExecutor.executeKeywordForPlatform(KeywordExecutor.groovy:74)
	at com.kms.katalon.core.keyword.BuiltinKeywords.verifyEqual(BuiltinKeywords.groovy:146)
	at jdk.internal.reflect.GeneratedMethodAccessor25.invoke(Unknown Source)
	at java.base/jdk.internal.reflect.DelegatingMethodAccessorImpl.invoke(DelegatingMethodAccessorImpl.java:43)
	at Выполнение бизнес-плана сверка дашбордов.CompareDZOData(Выполнение бизнес-плана сверка дашбордов:771)
	at Выполнение бизнес-плана сверка дашбордов.run(Выполнение бизнес-плана сверка дашбордов:583)
	at com.kms.katalon.core.main.ScriptEngine.run(ScriptEngine.java:194)
	at com.kms.katalon.core.main.ScriptEngine.runScriptAsRawText(ScriptEngine.java:119)
	at com.kms.katalon.core.main.TestCaseExecutor.runScript(TestCaseExecutor.java:448)
	at com.kms.katalon.core.main.TestCaseExecutor.doExecute(TestCaseExecutor.java:439)
	at com.kms.katalon.core.main.TestCaseExecutor.processExecutionPhase(TestCaseExecutor.java:418)
	at com.kms.katalon.core.main.TestCaseExecutor.accessMainPhase(TestCaseExecutor.java:410)
	at com.kms.katalon.core.main.TestCaseExecutor.execute(TestCaseExecutor.java:285)
	at com.kms.katalon.core.common.CommonExecutor.accessTestCaseMainPhase(CommonExecutor.java:65)
	at com.kms.katalon.core.main.TestSuiteExecutor.accessTestSuiteMainPhase(TestSuiteExecutor.java:150)
	at com.kms.katalon.core.main.TestSuiteExecutor.execute(TestSuiteExecutor.java:106)
	at com.kms.katalon.core.main.TestCaseMain.startTestSuite(TestCaseMain.java:180)
	at TempTestSuite1731886967590.run(TempTestSuite1731886967590.groovy:35)
	at java.base/jdk.internal.reflect.NativeMethodAccessorImpl.invoke0(Native Method)
	at java.base/jdk.internal.reflect.NativeMethodAccessorImpl.invoke(NativeMethodAccessorImpl.java:77)
	at java.base/jdk.internal.reflect.DelegatingMethodAccessorImpl.invoke(DelegatingMethodAccessorImpl.java:43)
)

18-11-2024T02:51:17 - [TEST_STEP][PASSED] - result = WriteToExcel(typeOfData, todaysDate, PercPlanR, PercPlanB, PercFactR, PercFactB, x, tabR, tabB, o1R, o1B, vidget): null

18-11-2024T02:51:17 - [TEST_STEP][PASSED] - iii = dZO.indexOf("/"): null

18-11-2024T02:51:17 - [TEST_STEP][PASSED] - println(iii): null

18-11-2024T02:51:17 - [TEST_STEP][PASSED] - dZO = dZO.substring(0, iii): null

18-11-2024T02:51:17 - [TEST_STEP][PASSED] - println(dZO): null

18-11-2024T02:51:17 - [TEST_STEP][PASSED] - println(PercPlanR): null

18-11-2024T02:51:17 - [TEST_STEP][PASSED] - println(PercPlanB): null

18-11-2024T02:51:17 - [TEST_STEP][PASSED] - println(PercFactR): null

18-11-2024T02:51:17 - [TEST_STEP][PASSED] - println(PercFactB): null

18-11-2024T02:51:17 - [TEST_STEP][PASSED] - println(tabR): null

18-11-2024T02:51:17 - [TEST_STEP][PASSED] - println(tabB): null

18-11-2024T02:51:17 - [TEST_STEP][PASSED] - println(o1R): null

18-11-2024T02:51:17 - [TEST_STEP][PASSED] - println(o1B): null

18-11-2024T02:51:17 - [TEST_STEP][PASSED] - PR = <not implemented yet for class: org.codehaus.groovy.ast.expr.EmptyExpression>: null

18-11-2024T02:51:17 - [TEST_STEP][PASSED] - FR = <not implemented yet for class: org.codehaus.groovy.ast.expr.EmptyExpression>: null

18-11-2024T02:51:17 - [TEST_STEP][PASSED] - PB = <not implemented yet for class: org.codehaus.groovy.ast.expr.EmptyExpression>: null

18-11-2024T02:51:17 - [TEST_STEP][PASSED] - FB = <not implemented yet for class: org.codehaus.groovy.ast.expr.EmptyExpression>: null

18-11-2024T02:51:17 - [TEST_STEP][PASSED] - TR = <not implemented yet for class: org.codehaus.groovy.ast.expr.EmptyExpression>: null

18-11-2024T02:51:17 - [TEST_STEP][PASSED] - TB = <not implemented yet for class: org.codehaus.groovy.ast.expr.EmptyExpression>: null

18-11-2024T02:51:17 - [TEST_STEP][PASSED] - sheetName = "Sheet1": null

18-11-2024T02:51:17 - [TEST_STEP][PASSED] - data = findTestData("PlanFact"): null

18-11-2024T02:51:17 - [TEST_STEP][PASSED] - n = data.getRowNumbers() + 1: null

18-11-2024T02:51:17 - [TEST_STEP][PASSED] - year = todaysDate.substring(todaysDate.length() - 4, todaysDate.length()): null

18-11-2024T02:51:17 - [TEST_STEP][PASSED] - y = year.toInteger(): null

18-11-2024T02:51:17 - [TEST_STEP][PASSED] - m = getText(findTestObject("Выполнение бизнес-плана/Выполнение бизнес-плана Балансы/Фильтр Дата")): Text of object 'Object Repository/Выполнение бизнес-плана/Выполнение бизнес-плана Балансы/Фильтр Дата' is: '1, 2, 3 кв. 2024 года'

18-11-2024T02:51:17 - [MESSAGE][PASSED] - Text of object 'Object Repository/Выполнение бизнес-плана/Выполнение бизнес-плана Балансы/Фильтр Дата' is: '1, 2, 3 кв. 2024 года'

18-11-2024T02:51:17 - [TEST_STEP][PASSED] - m = m.substring(0, m.indexOf("2024")): null

18-11-2024T02:51:17 - [TEST_STEP][PASSED] - m = m.trim(): null

18-11-2024T02:51:17 - [TEST_STEP][PASSED] - dashboardName = "Выполнение бизнес-плана": null

18-11-2024T02:51:17 - [TEST_STEP][PASSED] - workbook01 = getWorkbook(excelFilePath): null

18-11-2024T02:51:18 - [TEST_STEP][PASSED] - sheet01 = getExcelSheet(workbook01, sheetName): null

18-11-2024T02:51:18 - [TEST_STEP][PASSED] - setValueToCellByIndex(sheet01, n, 0, dashboardName): null

18-11-2024T02:51:18 - [TEST_STEP][PASSED] - setValueToCellByIndex(sheet01, n, 1, dZO): null

18-11-2024T02:51:18 - [TEST_STEP][PASSED] - setValueToCellByIndex(sheet01, n, 2, typeOfData): null

18-11-2024T02:51:18 - [TEST_STEP][PASSED] - setValueToCellByIndex(sheet01, n, 3, typeOfData): null

18-11-2024T02:51:18 - [TEST_STEP][PASSED] - if (typeOfData == "План"): null

18-11-2024T02:51:18 - [TEST_STEP][PASSED] - else if (typeOfData == "Факт"): null

18-11-2024T02:51:18 - [TEST_STEP][PASSED] - else if (vidget.contains("электроэнергии") == true): null

18-11-2024T02:51:18 - [TEST_STEP][PASSED] - if (tabR == null): null

18-11-2024T02:51:18 - [TEST_STEP][PASSED] - else: null

18-11-2024T02:51:18 - [TEST_STEP][PASSED] - if (tabR == "нет данных"): null

18-11-2024T02:51:18 - [TEST_STEP][PASSED] - setValueToCellByIndex(sheet01, n, 4, "нет данных"): null

18-11-2024T02:51:18 - [TEST_STEP][PASSED] - if (tabB == null): null

18-11-2024T02:51:18 - [TEST_STEP][PASSED] - else: null

18-11-2024T02:51:18 - [TEST_STEP][PASSED] - if (tabB == "нет данных"): null

18-11-2024T02:51:18 - [TEST_STEP][PASSED] - else: null

18-11-2024T02:51:18 - [TEST_STEP][PASSED] - TB = tabB.toInteger(): null

18-11-2024T02:51:18 - [TEST_STEP][PASSED] - setValueToCellByIndex(sheet01, n, 5, TB): null

18-11-2024T02:51:18 - [TEST_STEP][PASSED] - setValueToCellByIndex(sheet01, n, 6, m): null

18-11-2024T02:51:18 - [TEST_STEP][PASSED] - setValueToCellByIndex(sheet01, n, 7, y): null

18-11-2024T02:51:18 - [TEST_STEP][PASSED] - setValueToCellByIndex(sheet01, n, 8, todaysDate): null

18-11-2024T02:51:18 - [TEST_STEP][PASSED] - n = n + 1: null

18-11-2024T02:51:18 - [TEST_STEP][PASSED] - saveWorkbook(excelFilePath, workbook01): null

18-11-2024T02:51:18 - [TEST_STEP][PASSED] - ii2 = a.indexOf("ПАО"): null

18-11-2024T02:51:18 - [TEST_STEP][PASSED] - if (ii2 == -1): null

18-11-2024T02:51:18 - [TEST_STEP][PASSED] - vidget = "Отклонения фактического уровня потерь от бизнес-плана": null

18-11-2024T02:51:18 - [TEST_STEP][PASSED] - typeOfData = "Коэффициент": null

18-11-2024T02:51:18 - [TEST_STEP][PASSED] - o1R = Geto1R(x = a): null

18-11-2024T02:51:18 - [TEST_STEP][PASSED] - i1 = <not implemented yet for class: org.codehaus.groovy.ast.expr.EmptyExpression>: null

18-11-2024T02:51:18 - [TEST_STEP][PASSED] - ii = <not implemented yet for class: org.codehaus.groovy.ast.expr.EmptyExpression>: null

18-11-2024T02:51:18 - [TEST_STEP][PASSED] - for ([ii = 1, ii < 10, (ii++)]): null

18-11-2024T02:51:18 - [TEST_STEP][PASSED] - i1 = x.indexOf("/") + 1: null

18-11-2024T02:51:18 - [TEST_STEP][PASSED] - if (i1 > -1): null

18-11-2024T02:51:18 - [TEST_STEP][PASSED] - x = x.substring(i1, x.length()): null

18-11-2024T02:51:18 - [TEST_STEP][PASSED] - i1 = x.indexOf("/") + 1: null

18-11-2024T02:51:18 - [TEST_STEP][PASSED] - if (i1 > -1): null

18-11-2024T02:51:18 - [TEST_STEP][PASSED] - x = x.substring(i1, x.length()): null

18-11-2024T02:51:18 - [TEST_STEP][PASSED] - i1 = x.indexOf("/") + 1: null

18-11-2024T02:51:18 - [TEST_STEP][PASSED] - if (i1 > -1): null

18-11-2024T02:51:18 - [TEST_STEP][PASSED] - x = x.substring(i1, x.length()): null

18-11-2024T02:51:18 - [TEST_STEP][PASSED] - i1 = x.indexOf("/") + 1: null

18-11-2024T02:51:18 - [TEST_STEP][PASSED] - if (i1 > -1): null

18-11-2024T02:51:18 - [TEST_STEP][PASSED] - x = x.substring(i1, x.length()): null

18-11-2024T02:51:18 - [TEST_STEP][PASSED] - i1 = x.indexOf("/") + 1: null

18-11-2024T02:51:18 - [TEST_STEP][PASSED] - if (i1 > -1): null

18-11-2024T02:51:18 - [TEST_STEP][PASSED] - x = x.substring(i1, x.length()): null

18-11-2024T02:51:18 - [TEST_STEP][PASSED] - i1 = x.indexOf("/") + 1: null

18-11-2024T02:51:18 - [TEST_STEP][PASSED] - if (i1 > -1): null

18-11-2024T02:51:18 - [TEST_STEP][PASSED] - x = x.substring(i1, x.length()): null

18-11-2024T02:51:18 - [TEST_STEP][PASSED] - i1 = x.indexOf("/") + 1: null

18-11-2024T02:51:18 - [TEST_STEP][PASSED] - if (i1 > -1): null

18-11-2024T02:51:18 - [TEST_STEP][PASSED] - x = x.substring(i1, x.length()): null

18-11-2024T02:51:18 - [TEST_STEP][PASSED] - i1 = x.indexOf("/") + 1: null

18-11-2024T02:51:18 - [TEST_STEP][PASSED] - if (i1 > -1): null

18-11-2024T02:51:18 - [TEST_STEP][PASSED] - x = x.substring(i1, x.length()): null

18-11-2024T02:51:18 - [TEST_STEP][PASSED] - i1 = x.indexOf("/") + 1: null

18-11-2024T02:51:18 - [TEST_STEP][PASSED] - if (i1 > -1): null

18-11-2024T02:51:18 - [TEST_STEP][PASSED] - x = x.substring(i1, x.length()): null

18-11-2024T02:51:18 - [TEST_STEP][PASSED] - i1 = x.indexOf("/"): null

18-11-2024T02:51:18 - [TEST_STEP][PASSED] - if (i1 > -1): null

18-11-2024T02:51:18 - [TEST_STEP][PASSED] - println(x): null

18-11-2024T02:51:18 - [TEST_STEP][PASSED] - return x: null

18-11-2024T02:51:18 - [TEST_STEP][PASSED] - o1B = Geto1B(x = b): null

18-11-2024T02:51:18 - [TEST_STEP][PASSED] - i1 = <not implemented yet for class: org.codehaus.groovy.ast.expr.EmptyExpression>: null

18-11-2024T02:51:18 - [TEST_STEP][PASSED] - ii = <not implemented yet for class: org.codehaus.groovy.ast.expr.EmptyExpression>: null

18-11-2024T02:51:18 - [TEST_STEP][PASSED] - for ([ii = 1, ii < 10, (ii++)]): null

18-11-2024T02:51:18 - [TEST_STEP][PASSED] - i1 = x.indexOf("/") + 1: null

18-11-2024T02:51:18 - [TEST_STEP][PASSED] - if (i1 > -1): null

18-11-2024T02:51:18 - [TEST_STEP][PASSED] - x = x.substring(i1, x.length()): null

18-11-2024T02:51:18 - [TEST_STEP][PASSED] - i1 = x.indexOf("/") + 1: null

18-11-2024T02:51:18 - [TEST_STEP][PASSED] - if (i1 > -1): null

18-11-2024T02:51:18 - [TEST_STEP][PASSED] - x = x.substring(i1, x.length()): null

18-11-2024T02:51:18 - [TEST_STEP][PASSED] - i1 = x.indexOf("/") + 1: null

18-11-2024T02:51:18 - [TEST_STEP][PASSED] - if (i1 > -1): null

18-11-2024T02:51:18 - [TEST_STEP][PASSED] - x = x.substring(i1, x.length()): null

18-11-2024T02:51:18 - [TEST_STEP][PASSED] - i1 = x.indexOf("/") + 1: null

18-11-2024T02:51:18 - [TEST_STEP][PASSED] - if (i1 > -1): null

18-11-2024T02:51:18 - [TEST_STEP][PASSED] - x = x.substring(i1, x.length()): null

18-11-2024T02:51:18 - [TEST_STEP][PASSED] - i1 = x.indexOf("/") + 1: null

18-11-2024T02:51:18 - [TEST_STEP][PASSED] - if (i1 > -1): null

18-11-2024T02:51:18 - [TEST_STEP][PASSED] - x = x.substring(i1, x.length()): null

18-11-2024T02:51:18 - [TEST_STEP][PASSED] - i1 = x.indexOf("/") + 1: null

18-11-2024T02:51:18 - [TEST_STEP][PASSED] - if (i1 > -1): null

18-11-2024T02:51:18 - [TEST_STEP][PASSED] - x = x.substring(i1, x.length()): null

18-11-2024T02:51:18 - [TEST_STEP][PASSED] - i1 = x.indexOf("/") + 1: null

18-11-2024T02:51:18 - [TEST_STEP][PASSED] - if (i1 > -1): null

18-11-2024T02:51:18 - [TEST_STEP][PASSED] - x = x.substring(i1, x.length()): null

18-11-2024T02:51:18 - [TEST_STEP][PASSED] - i1 = x.indexOf("/") + 1: null

18-11-2024T02:51:18 - [TEST_STEP][PASSED] - if (i1 > -1): null

18-11-2024T02:51:18 - [TEST_STEP][PASSED] - x = x.substring(i1, x.length()): null

18-11-2024T02:51:18 - [TEST_STEP][PASSED] - i1 = x.indexOf("/") + 1: null

18-11-2024T02:51:18 - [TEST_STEP][PASSED] - if (i1 > -1): null

18-11-2024T02:51:18 - [TEST_STEP][PASSED] - x = x.substring(i1, x.length()): null

18-11-2024T02:51:18 - [TEST_STEP][PASSED] - i1 = x.indexOf("/"): null

18-11-2024T02:51:18 - [TEST_STEP][PASSED] - if (i1 > -1): null

18-11-2024T02:51:18 - [TEST_STEP][PASSED] - println(x): null

18-11-2024T02:51:18 - [TEST_STEP][FAILED] - return x: null

18-11-2024T02:51:18 - [TEST_STEP][PASSED] - println(o1R + "/" + o1B): null

18-11-2024T02:51:18 - [TEST_STEP][FAILED] - if (verifyEqual(PercFactR, PercFactB) == false): null

18-11-2024T02:51:18 - [MESSAGE][FAILED] - Unable to verify equal between actual object 'нет данных' and expected object '3.67' (Root cause: com.kms.katalon.core.exception.StepFailedException: Actual object 'нет данных' and expected object '3.67' are not equal
	at com.kms.katalon.core.keyword.builtin.VerifyEqualKeyword$_verifyEqual_closure1.doCall(VerifyEqualKeyword.groovy:58)
	at com.kms.katalon.core.keyword.builtin.VerifyEqualKeyword$_verifyEqual_closure1.call(VerifyEqualKeyword.groovy)
	at com.kms.katalon.core.keyword.internal.KeywordMain.runKeyword(KeywordMain.groovy:75)
	at com.kms.katalon.core.keyword.builtin.VerifyEqualKeyword.verifyEqual(VerifyEqualKeyword.groovy:63)
	at com.kms.katalon.core.keyword.builtin.VerifyEqualKeyword.execute(VerifyEqualKeyword.groovy:44)
	at com.kms.katalon.core.keyword.internal.KeywordExecutor.executeKeywordForPlatform(KeywordExecutor.groovy:74)
	at com.kms.katalon.core.keyword.BuiltinKeywords.verifyEqual(BuiltinKeywords.groovy:146)
	at jdk.internal.reflect.GeneratedMethodAccessor25.invoke(Unknown Source)
	at java.base/jdk.internal.reflect.DelegatingMethodAccessorImpl.invoke(DelegatingMethodAccessorImpl.java:43)
	at Выполнение бизнес-плана сверка дашбордов.CompareDZOData(Выполнение бизнес-плана сверка дашбордов:789)
	at Выполнение бизнес-плана сверка дашбордов.run(Выполнение бизнес-плана сверка дашбордов:583)
	at com.kms.katalon.core.main.ScriptEngine.run(ScriptEngine.java:194)
	at com.kms.katalon.core.main.ScriptEngine.runScriptAsRawText(ScriptEngine.java:119)
	at com.kms.katalon.core.main.TestCaseExecutor.runScript(TestCaseExecutor.java:448)
	at com.kms.katalon.core.main.TestCaseExecutor.doExecute(TestCaseExecutor.java:439)
	at com.kms.katalon.core.main.TestCaseExecutor.processExecutionPhase(TestCaseExecutor.java:418)
	at com.kms.katalon.core.main.TestCaseExecutor.accessMainPhase(TestCaseExecutor.java:410)
	at com.kms.katalon.core.main.TestCaseExecutor.execute(TestCaseExecutor.java:285)
	at com.kms.katalon.core.common.CommonExecutor.accessTestCaseMainPhase(CommonExecutor.java:65)
	at com.kms.katalon.core.main.TestSuiteExecutor.accessTestSuiteMainPhase(TestSuiteExecutor.java:150)
	at com.kms.katalon.core.main.TestSuiteExecutor.execute(TestSuiteExecutor.java:106)
	at com.kms.katalon.core.main.TestCaseMain.startTestSuite(TestCaseMain.java:180)
	at TempTestSuite1731886967590.run(TempTestSuite1731886967590.groovy:35)
	at java.base/jdk.internal.reflect.NativeMethodAccessorImpl.invoke0(Native Method)
	at java.base/jdk.internal.reflect.NativeMethodAccessorImpl.invoke(NativeMethodAccessorImpl.java:77)
	at java.base/jdk.internal.reflect.DelegatingMethodAccessorImpl.invoke(DelegatingMethodAccessorImpl.java:43)
)

18-11-2024T02:51:18 - [TEST_STEP][PASSED] - result = WriteToExcel(typeOfData, todaysDate, PercPlanR, PercPlanB, PercFactR, PercFactB, x, tabR, tabB, o1R, o1B, vidget): null

18-11-2024T02:51:18 - [TEST_STEP][PASSED] - iii = dZO.indexOf("/"): null

18-11-2024T02:51:18 - [TEST_STEP][PASSED] - println(iii): null

18-11-2024T02:51:18 - [TEST_STEP][PASSED] - dZO = dZO.substring(0, iii): null

18-11-2024T02:51:18 - [TEST_STEP][PASSED] - println(dZO): null

18-11-2024T02:51:18 - [TEST_STEP][PASSED] - println(PercPlanR): null

18-11-2024T02:51:18 - [TEST_STEP][PASSED] - println(PercPlanB): null

18-11-2024T02:51:18 - [TEST_STEP][PASSED] - println(PercFactR): null

18-11-2024T02:51:18 - [TEST_STEP][PASSED] - println(PercFactB): null

18-11-2024T02:51:18 - [TEST_STEP][PASSED] - println(tabR): null

18-11-2024T02:51:18 - [TEST_STEP][PASSED] - println(tabB): null

18-11-2024T02:51:18 - [TEST_STEP][PASSED] - println(o1R): null

18-11-2024T02:51:18 - [TEST_STEP][PASSED] - println(o1B): null

18-11-2024T02:51:18 - [TEST_STEP][PASSED] - PR = <not implemented yet for class: org.codehaus.groovy.ast.expr.EmptyExpression>: null

18-11-2024T02:51:18 - [TEST_STEP][PASSED] - FR = <not implemented yet for class: org.codehaus.groovy.ast.expr.EmptyExpression>: null

18-11-2024T02:51:18 - [TEST_STEP][PASSED] - PB = <not implemented yet for class: org.codehaus.groovy.ast.expr.EmptyExpression>: null

18-11-2024T02:51:18 - [TEST_STEP][PASSED] - FB = <not implemented yet for class: org.codehaus.groovy.ast.expr.EmptyExpression>: null

18-11-2024T02:51:18 - [TEST_STEP][PASSED] - TR = <not implemented yet for class: org.codehaus.groovy.ast.expr.EmptyExpression>: null

18-11-2024T02:51:18 - [TEST_STEP][PASSED] - TB = <not implemented yet for class: org.codehaus.groovy.ast.expr.EmptyExpression>: null

18-11-2024T02:51:18 - [TEST_STEP][PASSED] - sheetName = "Sheet1": null

18-11-2024T02:51:18 - [TEST_STEP][PASSED] - data = findTestData("PlanFact"): null

18-11-2024T02:51:18 - [TEST_STEP][PASSED] - n = data.getRowNumbers() + 1: null

18-11-2024T02:51:18 - [TEST_STEP][PASSED] - year = todaysDate.substring(todaysDate.length() - 4, todaysDate.length()): null

18-11-2024T02:51:18 - [TEST_STEP][PASSED] - y = year.toInteger(): null

18-11-2024T02:51:18 - [TEST_STEP][PASSED] - m = getText(findTestObject("Выполнение бизнес-плана/Выполнение бизнес-плана Балансы/Фильтр Дата")): Text of object 'Object Repository/Выполнение бизнес-плана/Выполнение бизнес-плана Балансы/Фильтр Дата' is: '1, 2, 3 кв. 2024 года'

18-11-2024T02:51:18 - [MESSAGE][PASSED] - Text of object 'Object Repository/Выполнение бизнес-плана/Выполнение бизнес-плана Балансы/Фильтр Дата' is: '1, 2, 3 кв. 2024 года'

18-11-2024T02:51:18 - [TEST_STEP][PASSED] - m = m.substring(0, m.indexOf("2024")): null

18-11-2024T02:51:18 - [TEST_STEP][PASSED] - m = m.trim(): null

18-11-2024T02:51:18 - [TEST_STEP][PASSED] - dashboardName = "Выполнение бизнес-плана": null

18-11-2024T02:51:18 - [TEST_STEP][PASSED] - workbook01 = getWorkbook(excelFilePath): null

18-11-2024T02:51:18 - [TEST_STEP][PASSED] - sheet01 = getExcelSheet(workbook01, sheetName): null

18-11-2024T02:51:18 - [TEST_STEP][PASSED] - setValueToCellByIndex(sheet01, n, 0, dashboardName): null

18-11-2024T02:51:18 - [TEST_STEP][PASSED] - setValueToCellByIndex(sheet01, n, 1, dZO): null

18-11-2024T02:51:18 - [TEST_STEP][PASSED] - setValueToCellByIndex(sheet01, n, 2, typeOfData): null

18-11-2024T02:51:18 - [TEST_STEP][PASSED] - setValueToCellByIndex(sheet01, n, 3, typeOfData): null

18-11-2024T02:51:18 - [TEST_STEP][PASSED] - if (typeOfData == "План"): null

18-11-2024T02:51:18 - [TEST_STEP][PASSED] - else if (typeOfData == "Факт"): null

18-11-2024T02:51:18 - [TEST_STEP][PASSED] - else if (vidget.contains("электроэнергии") == true): null

18-11-2024T02:51:18 - [TEST_STEP][PASSED] - else: null

18-11-2024T02:51:18 - [TEST_STEP][PASSED] - if (o1R == null): null

18-11-2024T02:51:18 - [TEST_STEP][PASSED] - else: null

18-11-2024T02:51:18 - [TEST_STEP][PASSED] - if (o1R == "нет данных"): null

18-11-2024T02:51:18 - [TEST_STEP][PASSED] - setValueToCellByIndex(sheet01, n, 4, "нет данных"): null

18-11-2024T02:51:18 - [TEST_STEP][PASSED] - if (o1B == null): null

18-11-2024T02:51:18 - [TEST_STEP][PASSED] - else: null

18-11-2024T02:51:18 - [TEST_STEP][PASSED] - if (o1B == "нет данных"): null

18-11-2024T02:51:18 - [TEST_STEP][PASSED] - else: null

18-11-2024T02:51:18 - [TEST_STEP][PASSED] - FB = o1B.toDouble(): null

18-11-2024T02:51:18 - [TEST_STEP][PASSED] - setValueToCellByIndex(sheet01, n, 5, FB): null

18-11-2024T02:51:18 - [TEST_STEP][PASSED] - setValueToCellByIndex(sheet01, n, 6, m): null

18-11-2024T02:51:18 - [TEST_STEP][PASSED] - setValueToCellByIndex(sheet01, n, 7, y): null

18-11-2024T02:51:18 - [TEST_STEP][PASSED] - setValueToCellByIndex(sheet01, n, 8, todaysDate): null

18-11-2024T02:51:18 - [TEST_STEP][PASSED] - n = n + 1: null

18-11-2024T02:51:18 - [TEST_STEP][FAILED] - saveWorkbook(excelFilePath, workbook01): null

18-11-2024T02:51:18 - [TEST_STEP][PASSED] - if (verifyEqual(tyR, tyB) == false): Actual object 'АО "Тываэнерго"/21.03/20.96/572217/452291/119926/544127/429681/114446/-0.07' and expected object 'АО "Тываэнерго"/21.03/20.96/572217/452291/119926/544127/429681/114446/-0.07' are equal

18-11-2024T02:51:18 - [MESSAGE][PASSED] - Actual object 'АО "Тываэнерго"/21.03/20.96/572217/452291/119926/544127/429681/114446/-0.07' and expected object 'АО "Тываэнерго"/21.03/20.96/572217/452291/119926/544127/429681/114446/-0.07' are equal

18-11-2024T02:51:18 - [TEST_STEP][PASSED] - if (verifyEqual(chR, chB) == false): Actual object 'АО "Чеченэнерго"/32.87/36.59/3034612/1924288/1110325/2822152/1894447/927705/3.72' and expected object 'АО "Чеченэнерго"/32.87/36.59/3034612/1924288/1110325/2822152/1894447/927705/3.72' are equal

18-11-2024T02:51:18 - [MESSAGE][PASSED] - Actual object 'АО "Чеченэнерго"/32.87/36.59/3034612/1924288/1110325/2822152/1894447/927705/3.72' and expected object 'АО "Чеченэнерго"/32.87/36.59/3034612/1924288/1110325/2822152/1894447/927705/3.72' are equal

18-11-2024T02:51:18 - [TEST_STEP][FAILED] - if (verifyEqual(vR, vB) == false): null

18-11-2024T02:51:18 - [MESSAGE][FAILED] - Unable to verify equal between actual object 'Россети Волга/нет данных/нет данных/нет данных/нет данных/нет данных/нет данных/нет данных/нет данных/нет данных' and expected object 'Россети Волга/5.30/4.94/39713494/37749852/1963642/39342452/37241048/2101404/-0.35' (Root cause: com.kms.katalon.core.exception.StepFailedException: Actual object 'Россети Волга/нет данных/нет данных/нет данных/нет данных/нет данных/нет данных/нет данных/нет данных/нет данных' and expected object 'Россети Волга/5.30/4.94/39713494/37749852/1963642/39342452/37241048/2101404/-0.35' are not equal
	at com.kms.katalon.core.keyword.builtin.VerifyEqualKeyword$_verifyEqual_closure1.doCall(VerifyEqualKeyword.groovy:58)
	at com.kms.katalon.core.keyword.builtin.VerifyEqualKeyword$_verifyEqual_closure1.call(VerifyEqualKeyword.groovy)
	at com.kms.katalon.core.keyword.internal.KeywordMain.runKeyword(KeywordMain.groovy:75)
	at com.kms.katalon.core.keyword.builtin.VerifyEqualKeyword.verifyEqual(VerifyEqualKeyword.groovy:63)
	at com.kms.katalon.core.keyword.builtin.VerifyEqualKeyword.execute(VerifyEqualKeyword.groovy:44)
	at com.kms.katalon.core.keyword.internal.KeywordExecutor.executeKeywordForPlatform(KeywordExecutor.groovy:74)
	at com.kms.katalon.core.keyword.BuiltinKeywords.verifyEqual(BuiltinKeywords.groovy:146)
	at jdk.internal.reflect.GeneratedMethodAccessor25.invoke(Unknown Source)
	at java.base/jdk.internal.reflect.DelegatingMethodAccessorImpl.invoke(DelegatingMethodAccessorImpl.java:43)
	at Выполнение бизнес-плана сверка дашбордов.run(Выполнение бизнес-плана сверка дашбордов:597)
	at com.kms.katalon.core.main.ScriptEngine.run(ScriptEngine.java:194)
	at com.kms.katalon.core.main.ScriptEngine.runScriptAsRawText(ScriptEngine.java:119)
	at com.kms.katalon.core.main.TestCaseExecutor.runScript(TestCaseExecutor.java:448)
	at com.kms.katalon.core.main.TestCaseExecutor.doExecute(TestCaseExecutor.java:439)
	at com.kms.katalon.core.main.TestCaseExecutor.processExecutionPhase(TestCaseExecutor.java:418)
	at com.kms.katalon.core.main.TestCaseExecutor.accessMainPhase(TestCaseExecutor.java:410)
	at com.kms.katalon.core.main.TestCaseExecutor.execute(TestCaseExecutor.java:285)
	at com.kms.katalon.core.common.CommonExecutor.accessTestCaseMainPhase(CommonExecutor.java:65)
	at com.kms.katalon.core.main.TestSuiteExecutor.accessTestSuiteMainPhase(TestSuiteExecutor.java:150)
	at com.kms.katalon.core.main.TestSuiteExecutor.execute(TestSuiteExecutor.java:106)
	at com.kms.katalon.core.main.TestCaseMain.startTestSuite(TestCaseMain.java:180)
	at TempTestSuite1731886967590.run(TempTestSuite1731886967590.groovy:35)
	at java.base/jdk.internal.reflect.NativeMethodAccessorImpl.invoke0(Native Method)
	at java.base/jdk.internal.reflect.NativeMethodAccessorImpl.invoke(NativeMethodAccessorImpl.java:77)
	at java.base/jdk.internal.reflect.DelegatingMethodAccessorImpl.invoke(DelegatingMethodAccessorImpl.java:43)
)

18-11-2024T02:51:18 - [TEST_STEP][PASSED] - result = CompareDZOData(a = vR, b = vB, dZO, typeOfData, PercPlanR, PercPlanB, PercFactR, PercFactB, todaysDate, x, vidget, tabR, tabB, o1R, o1B): null

18-11-2024T02:51:18 - [TEST_STEP][PASSED] - ii2 = <not implemented yet for class: org.codehaus.groovy.ast.expr.EmptyExpression>: null

18-11-2024T02:51:18 - [TEST_STEP][FAILED] - if (verifyEqual(a, b) == false): null

18-11-2024T02:51:18 - [MESSAGE][FAILED] - Unable to verify equal between actual object 'Россети Волга/нет данных/нет данных/нет данных/нет данных/нет данных/нет данных/нет данных/нет данных/нет данных' and expected object 'Россети Волга/5.30/4.94/39713494/37749852/1963642/39342452/37241048/2101404/-0.35' (Root cause: com.kms.katalon.core.exception.StepFailedException: Actual object 'Россети Волга/нет данных/нет данных/нет данных/нет данных/нет данных/нет данных/нет данных/нет данных/нет данных' and expected object 'Россети Волга/5.30/4.94/39713494/37749852/1963642/39342452/37241048/2101404/-0.35' are not equal
	at com.kms.katalon.core.keyword.builtin.VerifyEqualKeyword$_verifyEqual_closure1.doCall(VerifyEqualKeyword.groovy:58)
	at com.kms.katalon.core.keyword.builtin.VerifyEqualKeyword$_verifyEqual_closure1.call(VerifyEqualKeyword.groovy)
	at com.kms.katalon.core.keyword.internal.KeywordMain.runKeyword(KeywordMain.groovy:75)
	at com.kms.katalon.core.keyword.builtin.VerifyEqualKeyword.verifyEqual(VerifyEqualKeyword.groovy:63)
	at com.kms.katalon.core.keyword.builtin.VerifyEqualKeyword.execute(VerifyEqualKeyword.groovy:44)
	at com.kms.katalon.core.keyword.internal.KeywordExecutor.executeKeywordForPlatform(KeywordExecutor.groovy:74)
	at com.kms.katalon.core.keyword.BuiltinKeywords.verifyEqual(BuiltinKeywords.groovy:146)
	at jdk.internal.reflect.GeneratedMethodAccessor25.invoke(Unknown Source)
	at java.base/jdk.internal.reflect.DelegatingMethodAccessorImpl.invoke(DelegatingMethodAccessorImpl.java:43)
	at Выполнение бизнес-плана сверка дашбордов.CompareDZOData(Выполнение бизнес-плана сверка дашбордов:673)
	at Выполнение бизнес-плана сверка дашбордов.run(Выполнение бизнес-плана сверка дашбордов:598)
	at com.kms.katalon.core.main.ScriptEngine.run(ScriptEngine.java:194)
	at com.kms.katalon.core.main.ScriptEngine.runScriptAsRawText(ScriptEngine.java:119)
	at com.kms.katalon.core.main.TestCaseExecutor.runScript(TestCaseExecutor.java:448)
	at com.kms.katalon.core.main.TestCaseExecutor.doExecute(TestCaseExecutor.java:439)
	at com.kms.katalon.core.main.TestCaseExecutor.processExecutionPhase(TestCaseExecutor.java:418)
	at com.kms.katalon.core.main.TestCaseExecutor.accessMainPhase(TestCaseExecutor.java:410)
	at com.kms.katalon.core.main.TestCaseExecutor.execute(TestCaseExecutor.java:285)
	at com.kms.katalon.core.common.CommonExecutor.accessTestCaseMainPhase(CommonExecutor.java:65)
	at com.kms.katalon.core.main.TestSuiteExecutor.accessTestSuiteMainPhase(TestSuiteExecutor.java:150)
	at com.kms.katalon.core.main.TestSuiteExecutor.execute(TestSuiteExecutor.java:106)
	at com.kms.katalon.core.main.TestCaseMain.startTestSuite(TestCaseMain.java:180)
	at TempTestSuite1731886967590.run(TempTestSuite1731886967590.groovy:35)
	at java.base/jdk.internal.reflect.NativeMethodAccessorImpl.invoke0(Native Method)
	at java.base/jdk.internal.reflect.NativeMethodAccessorImpl.invoke(NativeMethodAccessorImpl.java:77)
	at java.base/jdk.internal.reflect.DelegatingMethodAccessorImpl.invoke(DelegatingMethodAccessorImpl.java:43)
)

18-11-2024T02:51:18 - [TEST_STEP][PASSED] - vidget = "Уровень потерь электроэнергии": null

18-11-2024T02:51:18 - [TEST_STEP][PASSED] - typeOfData = "План": null

18-11-2024T02:51:18 - [TEST_STEP][PASSED] - PercPlanR = GetPercPlanR(x = a): null

18-11-2024T02:51:18 - [TEST_STEP][PASSED] - i1 = <not implemented yet for class: org.codehaus.groovy.ast.expr.EmptyExpression>: null

18-11-2024T02:51:18 - [TEST_STEP][PASSED] - i1 = x.indexOf("/") + 1: null

18-11-2024T02:51:18 - [TEST_STEP][PASSED] - if (i1 > -1): null

18-11-2024T02:51:18 - [TEST_STEP][PASSED] - x = x.substring(i1, x.length()): null

18-11-2024T02:51:18 - [TEST_STEP][PASSED] - i1 = x.indexOf("/"): null

18-11-2024T02:51:18 - [TEST_STEP][PASSED] - if (i1 > -1): null

18-11-2024T02:51:18 - [TEST_STEP][PASSED] - x = x.substring(0, i1): null

18-11-2024T02:51:18 - [TEST_STEP][PASSED] - return x: null

18-11-2024T02:51:18 - [TEST_STEP][PASSED] - PercPlanB = GetPercPlanB(x = b): null

18-11-2024T02:51:18 - [TEST_STEP][PASSED] - i1 = <not implemented yet for class: org.codehaus.groovy.ast.expr.EmptyExpression>: null

18-11-2024T02:51:18 - [TEST_STEP][PASSED] - i1 = x.indexOf("/") + 1: null

18-11-2024T02:51:18 - [TEST_STEP][PASSED] - if (i1 > -1): null

18-11-2024T02:51:18 - [TEST_STEP][PASSED] - x = x.substring(i1, x.length()): null

18-11-2024T02:51:18 - [TEST_STEP][PASSED] - i1 = x.indexOf("/"): null

18-11-2024T02:51:18 - [TEST_STEP][PASSED] - if (i1 > -1): null

18-11-2024T02:51:18 - [TEST_STEP][PASSED] - x = x.substring(0, i1): null

18-11-2024T02:51:18 - [TEST_STEP][FAILED] - return x: null

18-11-2024T02:51:18 - [TEST_STEP][FAILED] - if (verifyEqual(PercPlanR, PercPlanB) == false): null

18-11-2024T02:51:18 - [MESSAGE][FAILED] - Unable to verify equal between actual object 'нет данных' and expected object '5.30' (Root cause: com.kms.katalon.core.exception.StepFailedException: Actual object 'нет данных' and expected object '5.30' are not equal
	at com.kms.katalon.core.keyword.builtin.VerifyEqualKeyword$_verifyEqual_closure1.doCall(VerifyEqualKeyword.groovy:58)
	at com.kms.katalon.core.keyword.builtin.VerifyEqualKeyword$_verifyEqual_closure1.call(VerifyEqualKeyword.groovy)
	at com.kms.katalon.core.keyword.internal.KeywordMain.runKeyword(KeywordMain.groovy:75)
	at com.kms.katalon.core.keyword.builtin.VerifyEqualKeyword.verifyEqual(VerifyEqualKeyword.groovy:63)
	at com.kms.katalon.core.keyword.builtin.VerifyEqualKeyword.execute(VerifyEqualKeyword.groovy:44)
	at com.kms.katalon.core.keyword.internal.KeywordExecutor.executeKeywordForPlatform(KeywordExecutor.groovy:74)
	at com.kms.katalon.core.keyword.BuiltinKeywords.verifyEqual(BuiltinKeywords.groovy:146)
	at jdk.internal.reflect.GeneratedMethodAccessor25.invoke(Unknown Source)
	at java.base/jdk.internal.reflect.DelegatingMethodAccessorImpl.invoke(DelegatingMethodAccessorImpl.java:43)
	at Выполнение бизнес-плана сверка дашбордов.CompareDZOData(Выполнение бизнес-плана сверка дашбордов:682)
	at Выполнение бизнес-плана сверка дашбордов.run(Выполнение бизнес-плана сверка дашбордов:598)
	at com.kms.katalon.core.main.ScriptEngine.run(ScriptEngine.java:194)
	at com.kms.katalon.core.main.ScriptEngine.runScriptAsRawText(ScriptEngine.java:119)
	at com.kms.katalon.core.main.TestCaseExecutor.runScript(TestCaseExecutor.java:448)
	at com.kms.katalon.core.main.TestCaseExecutor.doExecute(TestCaseExecutor.java:439)
	at com.kms.katalon.core.main.TestCaseExecutor.processExecutionPhase(TestCaseExecutor.java:418)
	at com.kms.katalon.core.main.TestCaseExecutor.accessMainPhase(TestCaseExecutor.java:410)
	at com.kms.katalon.core.main.TestCaseExecutor.execute(TestCaseExecutor.java:285)
	at com.kms.katalon.core.common.CommonExecutor.accessTestCaseMainPhase(CommonExecutor.java:65)
	at com.kms.katalon.core.main.TestSuiteExecutor.accessTestSuiteMainPhase(TestSuiteExecutor.java:150)
	at com.kms.katalon.core.main.TestSuiteExecutor.execute(TestSuiteExecutor.java:106)
	at com.kms.katalon.core.main.TestCaseMain.startTestSuite(TestCaseMain.java:180)
	at TempTestSuite1731886967590.run(TempTestSuite1731886967590.groovy:35)
	at java.base/jdk.internal.reflect.NativeMethodAccessorImpl.invoke0(Native Method)
	at java.base/jdk.internal.reflect.NativeMethodAccessorImpl.invoke(NativeMethodAccessorImpl.java:77)
	at java.base/jdk.internal.reflect.DelegatingMethodAccessorImpl.invoke(DelegatingMethodAccessorImpl.java:43)
)

18-11-2024T02:51:18 - [TEST_STEP][PASSED] - result = WriteToExcel(typeOfData, todaysDate, PercPlanR, PercPlanB, PercFactR, PercFactB, x, tabR, tabB, o1R, o1B, vidget): null

18-11-2024T02:51:18 - [TEST_STEP][PASSED] - iii = dZO.indexOf("/"): null

18-11-2024T02:51:18 - [TEST_STEP][PASSED] - println(iii): null

18-11-2024T02:51:18 - [TEST_STEP][PASSED] - dZO = dZO.substring(0, iii): null

18-11-2024T02:51:18 - [TEST_STEP][PASSED] - println(dZO): null

18-11-2024T02:51:18 - [TEST_STEP][PASSED] - println(PercPlanR): null

18-11-2024T02:51:18 - [TEST_STEP][PASSED] - println(PercPlanB): null

18-11-2024T02:51:18 - [TEST_STEP][PASSED] - println(PercFactR): null

18-11-2024T02:51:18 - [TEST_STEP][PASSED] - println(PercFactB): null

18-11-2024T02:51:18 - [TEST_STEP][PASSED] - println(tabR): null

18-11-2024T02:51:18 - [TEST_STEP][PASSED] - println(tabB): null

18-11-2024T02:51:18 - [TEST_STEP][PASSED] - println(o1R): null

18-11-2024T02:51:18 - [TEST_STEP][PASSED] - println(o1B): null

18-11-2024T02:51:18 - [TEST_STEP][PASSED] - PR = <not implemented yet for class: org.codehaus.groovy.ast.expr.EmptyExpression>: null

18-11-2024T02:51:18 - [TEST_STEP][PASSED] - FR = <not implemented yet for class: org.codehaus.groovy.ast.expr.EmptyExpression>: null

18-11-2024T02:51:18 - [TEST_STEP][PASSED] - PB = <not implemented yet for class: org.codehaus.groovy.ast.expr.EmptyExpression>: null

18-11-2024T02:51:18 - [TEST_STEP][PASSED] - FB = <not implemented yet for class: org.codehaus.groovy.ast.expr.EmptyExpression>: null

18-11-2024T02:51:18 - [TEST_STEP][PASSED] - TR = <not implemented yet for class: org.codehaus.groovy.ast.expr.EmptyExpression>: null

18-11-2024T02:51:18 - [TEST_STEP][PASSED] - TB = <not implemented yet for class: org.codehaus.groovy.ast.expr.EmptyExpression>: null

18-11-2024T02:51:18 - [TEST_STEP][PASSED] - sheetName = "Sheet1": null

18-11-2024T02:51:18 - [TEST_STEP][PASSED] - data = findTestData("PlanFact"): null

18-11-2024T02:51:19 - [TEST_STEP][PASSED] - n = data.getRowNumbers() + 1: null

18-11-2024T02:51:19 - [TEST_STEP][PASSED] - year = todaysDate.substring(todaysDate.length() - 4, todaysDate.length()): null

18-11-2024T02:51:19 - [TEST_STEP][PASSED] - y = year.toInteger(): null

18-11-2024T02:51:19 - [TEST_STEP][PASSED] - m = getText(findTestObject("Выполнение бизнес-плана/Выполнение бизнес-плана Балансы/Фильтр Дата")): Text of object 'Object Repository/Выполнение бизнес-плана/Выполнение бизнес-плана Балансы/Фильтр Дата' is: '1, 2, 3 кв. 2024 года'

18-11-2024T02:51:19 - [MESSAGE][PASSED] - Text of object 'Object Repository/Выполнение бизнес-плана/Выполнение бизнес-плана Балансы/Фильтр Дата' is: '1, 2, 3 кв. 2024 года'

18-11-2024T02:51:19 - [TEST_STEP][PASSED] - m = m.substring(0, m.indexOf("2024")): null

18-11-2024T02:51:19 - [TEST_STEP][PASSED] - m = m.trim(): null

18-11-2024T02:51:19 - [TEST_STEP][PASSED] - dashboardName = "Выполнение бизнес-плана": null

18-11-2024T02:51:19 - [TEST_STEP][PASSED] - workbook01 = getWorkbook(excelFilePath): null

18-11-2024T02:51:19 - [TEST_STEP][PASSED] - sheet01 = getExcelSheet(workbook01, sheetName): null

18-11-2024T02:51:19 - [TEST_STEP][PASSED] - setValueToCellByIndex(sheet01, n, 0, dashboardName): null

18-11-2024T02:51:19 - [TEST_STEP][PASSED] - setValueToCellByIndex(sheet01, n, 1, dZO): null

18-11-2024T02:51:19 - [TEST_STEP][PASSED] - setValueToCellByIndex(sheet01, n, 2, typeOfData): null

18-11-2024T02:51:19 - [TEST_STEP][PASSED] - setValueToCellByIndex(sheet01, n, 3, typeOfData): null

18-11-2024T02:51:19 - [TEST_STEP][PASSED] - if (typeOfData == "План"): null

18-11-2024T02:51:19 - [TEST_STEP][PASSED] - if (PercPlanR == null): null

18-11-2024T02:51:19 - [TEST_STEP][PASSED] - else: null

18-11-2024T02:51:19 - [TEST_STEP][PASSED] - if (PercPlanR == "нет данных"): null

18-11-2024T02:51:19 - [TEST_STEP][PASSED] - setValueToCellByIndex(sheet01, n, 4, "нет данных"): null

18-11-2024T02:51:19 - [TEST_STEP][PASSED] - if (PercPlanB == null): null

18-11-2024T02:51:19 - [TEST_STEP][PASSED] - else: null

18-11-2024T02:51:19 - [TEST_STEP][PASSED] - if (PercPlanB == "нет данных"): null

18-11-2024T02:51:19 - [TEST_STEP][PASSED] - else: null

18-11-2024T02:51:19 - [TEST_STEP][PASSED] - PB = PercPlanB.toDouble(): null

18-11-2024T02:51:19 - [TEST_STEP][PASSED] - setValueToCellByIndex(sheet01, n, 5, PB): null

18-11-2024T02:51:19 - [TEST_STEP][PASSED] - setValueToCellByIndex(sheet01, n, 6, m): null

18-11-2024T02:51:19 - [TEST_STEP][PASSED] - setValueToCellByIndex(sheet01, n, 7, y): null

18-11-2024T02:51:19 - [TEST_STEP][PASSED] - setValueToCellByIndex(sheet01, n, 8, todaysDate): null

18-11-2024T02:51:19 - [TEST_STEP][PASSED] - n = n + 1: null

18-11-2024T02:51:19 - [TEST_STEP][PASSED] - saveWorkbook(excelFilePath, workbook01): null

18-11-2024T02:51:19 - [TEST_STEP][PASSED] - typeOfData = "Факт": null

18-11-2024T02:51:19 - [TEST_STEP][PASSED] - PercFactR = GetPercFactR(x = a): null

18-11-2024T02:51:19 - [TEST_STEP][PASSED] - i1 = <not implemented yet for class: org.codehaus.groovy.ast.expr.EmptyExpression>: null

18-11-2024T02:51:19 - [TEST_STEP][PASSED] - ii = <not implemented yet for class: org.codehaus.groovy.ast.expr.EmptyExpression>: null

18-11-2024T02:51:19 - [TEST_STEP][PASSED] - for ([ii = 1, ii < 3, (ii++)]): null

18-11-2024T02:51:19 - [TEST_STEP][PASSED] - i1 = x.indexOf("/") + 1: null

18-11-2024T02:51:19 - [TEST_STEP][PASSED] - if (i1 > -1): null

18-11-2024T02:51:19 - [TEST_STEP][PASSED] - x = x.substring(i1, x.length()): null

18-11-2024T02:51:19 - [TEST_STEP][PASSED] - println(x): null

18-11-2024T02:51:19 - [TEST_STEP][PASSED] - i1 = x.indexOf("/") + 1: null

18-11-2024T02:51:19 - [TEST_STEP][PASSED] - if (i1 > -1): null

18-11-2024T02:51:19 - [TEST_STEP][PASSED] - x = x.substring(i1, x.length()): null

18-11-2024T02:51:19 - [TEST_STEP][PASSED] - println(x): null

18-11-2024T02:51:19 - [TEST_STEP][PASSED] - i1 = x.indexOf("/"): null

18-11-2024T02:51:19 - [TEST_STEP][PASSED] - if (i1 > -1): null

18-11-2024T02:51:19 - [TEST_STEP][PASSED] - x = x.substring(0, i1): null

18-11-2024T02:51:19 - [TEST_STEP][PASSED] - println(x): null

18-11-2024T02:51:19 - [TEST_STEP][PASSED] - return x: null

18-11-2024T02:51:19 - [TEST_STEP][PASSED] - PercFactB = GetPercFactB(x = b): null

18-11-2024T02:51:19 - [TEST_STEP][PASSED] - i1 = <not implemented yet for class: org.codehaus.groovy.ast.expr.EmptyExpression>: null

18-11-2024T02:51:19 - [TEST_STEP][PASSED] - ii = <not implemented yet for class: org.codehaus.groovy.ast.expr.EmptyExpression>: null

18-11-2024T02:51:19 - [TEST_STEP][PASSED] - for ([ii = 1, ii < 3, (ii++)]): null

18-11-2024T02:51:19 - [TEST_STEP][PASSED] - i1 = x.indexOf("/") + 1: null

18-11-2024T02:51:19 - [TEST_STEP][PASSED] - if (i1 > -1): null

18-11-2024T02:51:19 - [TEST_STEP][PASSED] - x = x.substring(i1, x.length()): null

18-11-2024T02:51:19 - [TEST_STEP][PASSED] - println(x): null

18-11-2024T02:51:19 - [TEST_STEP][PASSED] - i1 = x.indexOf("/") + 1: null

18-11-2024T02:51:19 - [TEST_STEP][PASSED] - if (i1 > -1): null

18-11-2024T02:51:19 - [TEST_STEP][PASSED] - x = x.substring(i1, x.length()): null

18-11-2024T02:51:19 - [TEST_STEP][PASSED] - println(x): null

18-11-2024T02:51:19 - [TEST_STEP][PASSED] - i1 = x.indexOf("/"): null

18-11-2024T02:51:19 - [TEST_STEP][PASSED] - if (i1 > -1): null

18-11-2024T02:51:19 - [TEST_STEP][PASSED] - x = x.substring(0, i1): null

18-11-2024T02:51:19 - [TEST_STEP][PASSED] - println(x): null

18-11-2024T02:51:19 - [TEST_STEP][FAILED] - return x: null

18-11-2024T02:51:19 - [TEST_STEP][FAILED] - if (verifyEqual(PercFactR, PercFactB) == false): null

18-11-2024T02:51:19 - [MESSAGE][FAILED] - Unable to verify equal between actual object 'нет данных' and expected object '4.94' (Root cause: com.kms.katalon.core.exception.StepFailedException: Actual object 'нет данных' and expected object '4.94' are not equal
	at com.kms.katalon.core.keyword.builtin.VerifyEqualKeyword$_verifyEqual_closure1.doCall(VerifyEqualKeyword.groovy:58)
	at com.kms.katalon.core.keyword.builtin.VerifyEqualKeyword$_verifyEqual_closure1.call(VerifyEqualKeyword.groovy)
	at com.kms.katalon.core.keyword.internal.KeywordMain.runKeyword(KeywordMain.groovy:75)
	at com.kms.katalon.core.keyword.builtin.VerifyEqualKeyword.verifyEqual(VerifyEqualKeyword.groovy:63)
	at com.kms.katalon.core.keyword.builtin.VerifyEqualKeyword.execute(VerifyEqualKeyword.groovy:44)
	at com.kms.katalon.core.keyword.internal.KeywordExecutor.executeKeywordForPlatform(KeywordExecutor.groovy:74)
	at com.kms.katalon.core.keyword.BuiltinKeywords.verifyEqual(BuiltinKeywords.groovy:146)
	at jdk.internal.reflect.GeneratedMethodAccessor25.invoke(Unknown Source)
	at java.base/jdk.internal.reflect.DelegatingMethodAccessorImpl.invoke(DelegatingMethodAccessorImpl.java:43)
	at Выполнение бизнес-плана сверка дашбордов.CompareDZOData(Выполнение бизнес-плана сверка дашбордов:693)
	at Выполнение бизнес-плана сверка дашбордов.run(Выполнение бизнес-плана сверка дашбордов:598)
	at com.kms.katalon.core.main.ScriptEngine.run(ScriptEngine.java:194)
	at com.kms.katalon.core.main.ScriptEngine.runScriptAsRawText(ScriptEngine.java:119)
	at com.kms.katalon.core.main.TestCaseExecutor.runScript(TestCaseExecutor.java:448)
	at com.kms.katalon.core.main.TestCaseExecutor.doExecute(TestCaseExecutor.java:439)
	at com.kms.katalon.core.main.TestCaseExecutor.processExecutionPhase(TestCaseExecutor.java:418)
	at com.kms.katalon.core.main.TestCaseExecutor.accessMainPhase(TestCaseExecutor.java:410)
	at com.kms.katalon.core.main.TestCaseExecutor.execute(TestCaseExecutor.java:285)
	at com.kms.katalon.core.common.CommonExecutor.accessTestCaseMainPhase(CommonExecutor.java:65)
	at com.kms.katalon.core.main.TestSuiteExecutor.accessTestSuiteMainPhase(TestSuiteExecutor.java:150)
	at com.kms.katalon.core.main.TestSuiteExecutor.execute(TestSuiteExecutor.java:106)
	at com.kms.katalon.core.main.TestCaseMain.startTestSuite(TestCaseMain.java:180)
	at TempTestSuite1731886967590.run(TempTestSuite1731886967590.groovy:35)
	at java.base/jdk.internal.reflect.NativeMethodAccessorImpl.invoke0(Native Method)
	at java.base/jdk.internal.reflect.NativeMethodAccessorImpl.invoke(NativeMethodAccessorImpl.java:77)
	at java.base/jdk.internal.reflect.DelegatingMethodAccessorImpl.invoke(DelegatingMethodAccessorImpl.java:43)
)

18-11-2024T02:51:19 - [TEST_STEP][PASSED] - result = WriteToExcel(typeOfData, todaysDate, PercPlanR, PercPlanB, PercFactR, PercFactB, x, tabR, tabB, o1R, o1B, vidget): null

18-11-2024T02:51:19 - [TEST_STEP][PASSED] - iii = dZO.indexOf("/"): null

18-11-2024T02:51:19 - [TEST_STEP][PASSED] - println(iii): null

18-11-2024T02:51:19 - [TEST_STEP][PASSED] - dZO = dZO.substring(0, iii): null

18-11-2024T02:51:19 - [TEST_STEP][PASSED] - println(dZO): null

18-11-2024T02:51:19 - [TEST_STEP][PASSED] - println(PercPlanR): null

18-11-2024T02:51:19 - [TEST_STEP][PASSED] - println(PercPlanB): null

18-11-2024T02:51:19 - [TEST_STEP][PASSED] - println(PercFactR): null

18-11-2024T02:51:19 - [TEST_STEP][PASSED] - println(PercFactB): null

18-11-2024T02:51:19 - [TEST_STEP][PASSED] - println(tabR): null

18-11-2024T02:51:19 - [TEST_STEP][PASSED] - println(tabB): null

18-11-2024T02:51:19 - [TEST_STEP][PASSED] - println(o1R): null

18-11-2024T02:51:19 - [TEST_STEP][PASSED] - println(o1B): null

18-11-2024T02:51:19 - [TEST_STEP][PASSED] - PR = <not implemented yet for class: org.codehaus.groovy.ast.expr.EmptyExpression>: null

18-11-2024T02:51:19 - [TEST_STEP][PASSED] - FR = <not implemented yet for class: org.codehaus.groovy.ast.expr.EmptyExpression>: null

18-11-2024T02:51:19 - [TEST_STEP][PASSED] - PB = <not implemented yet for class: org.codehaus.groovy.ast.expr.EmptyExpression>: null

18-11-2024T02:51:19 - [TEST_STEP][PASSED] - FB = <not implemented yet for class: org.codehaus.groovy.ast.expr.EmptyExpression>: null

18-11-2024T02:51:19 - [TEST_STEP][PASSED] - TR = <not implemented yet for class: org.codehaus.groovy.ast.expr.EmptyExpression>: null

18-11-2024T02:51:19 - [TEST_STEP][PASSED] - TB = <not implemented yet for class: org.codehaus.groovy.ast.expr.EmptyExpression>: null

18-11-2024T02:51:19 - [TEST_STEP][PASSED] - sheetName = "Sheet1": null

18-11-2024T02:51:19 - [TEST_STEP][PASSED] - data = findTestData("PlanFact"): null

18-11-2024T02:51:19 - [TEST_STEP][PASSED] - n = data.getRowNumbers() + 1: null

18-11-2024T02:51:19 - [TEST_STEP][PASSED] - year = todaysDate.substring(todaysDate.length() - 4, todaysDate.length()): null

18-11-2024T02:51:19 - [TEST_STEP][PASSED] - y = year.toInteger(): null

18-11-2024T02:51:19 - [TEST_STEP][PASSED] - m = getText(findTestObject("Выполнение бизнес-плана/Выполнение бизнес-плана Балансы/Фильтр Дата")): Text of object 'Object Repository/Выполнение бизнес-плана/Выполнение бизнес-плана Балансы/Фильтр Дата' is: '1, 2, 3 кв. 2024 года'

18-11-2024T02:51:19 - [MESSAGE][PASSED] - Text of object 'Object Repository/Выполнение бизнес-плана/Выполнение бизнес-плана Балансы/Фильтр Дата' is: '1, 2, 3 кв. 2024 года'

18-11-2024T02:51:19 - [TEST_STEP][PASSED] - m = m.substring(0, m.indexOf("2024")): null

18-11-2024T02:51:19 - [TEST_STEP][PASSED] - m = m.trim(): null

18-11-2024T02:51:19 - [TEST_STEP][PASSED] - dashboardName = "Выполнение бизнес-плана": null

18-11-2024T02:51:19 - [TEST_STEP][PASSED] - workbook01 = getWorkbook(excelFilePath): null

18-11-2024T02:51:19 - [TEST_STEP][PASSED] - sheet01 = getExcelSheet(workbook01, sheetName): null

18-11-2024T02:51:19 - [TEST_STEP][PASSED] - setValueToCellByIndex(sheet01, n, 0, dashboardName): null

18-11-2024T02:51:19 - [TEST_STEP][PASSED] - setValueToCellByIndex(sheet01, n, 1, dZO): null

18-11-2024T02:51:19 - [TEST_STEP][PASSED] - setValueToCellByIndex(sheet01, n, 2, typeOfData): null

18-11-2024T02:51:19 - [TEST_STEP][PASSED] - setValueToCellByIndex(sheet01, n, 3, typeOfData): null

18-11-2024T02:51:19 - [TEST_STEP][PASSED] - if (typeOfData == "План"): null

18-11-2024T02:51:19 - [TEST_STEP][PASSED] - else if (typeOfData == "Факт"): null

18-11-2024T02:51:19 - [TEST_STEP][PASSED] - if (PercFactR == null): null

18-11-2024T02:51:19 - [TEST_STEP][PASSED] - else: null

18-11-2024T02:51:19 - [TEST_STEP][PASSED] - if (PercFactR == "нет данных"): null

18-11-2024T02:51:19 - [TEST_STEP][PASSED] - setValueToCellByIndex(sheet01, n, 4, "нет данных"): null

18-11-2024T02:51:19 - [TEST_STEP][PASSED] - if (PercFactB == null): null

18-11-2024T02:51:19 - [TEST_STEP][PASSED] - else: null

18-11-2024T02:51:19 - [TEST_STEP][PASSED] - if (PercFactB == "нет данных"): null

18-11-2024T02:51:19 - [TEST_STEP][PASSED] - else: null

18-11-2024T02:51:19 - [TEST_STEP][PASSED] - FB = PercFactB.toDouble(): null

18-11-2024T02:51:19 - [TEST_STEP][PASSED] - setValueToCellByIndex(sheet01, n, 5, FB): null

18-11-2024T02:51:19 - [TEST_STEP][PASSED] - setValueToCellByIndex(sheet01, n, 6, m): null

18-11-2024T02:51:19 - [TEST_STEP][PASSED] - setValueToCellByIndex(sheet01, n, 7, y): null

18-11-2024T02:51:19 - [TEST_STEP][PASSED] - setValueToCellByIndex(sheet01, n, 8, todaysDate): null

18-11-2024T02:51:19 - [TEST_STEP][PASSED] - n = n + 1: null

18-11-2024T02:51:19 - [TEST_STEP][PASSED] - saveWorkbook(excelFilePath, workbook01): null

18-11-2024T02:51:20 - [TEST_STEP][PASSED] - vidget = "Показатели баланса электроэнергии по ДЗО – Факт": null

18-11-2024T02:51:20 - [TEST_STEP][PASSED] - typeOfData = "Факт Отпуск в сеть": null

18-11-2024T02:51:20 - [TEST_STEP][PASSED] - tabR = GetOvSFactR(x = a): null

18-11-2024T02:51:20 - [TEST_STEP][PASSED] - i1 = <not implemented yet for class: org.codehaus.groovy.ast.expr.EmptyExpression>: null

18-11-2024T02:51:20 - [TEST_STEP][PASSED] - ii = <not implemented yet for class: org.codehaus.groovy.ast.expr.EmptyExpression>: null

18-11-2024T02:51:20 - [TEST_STEP][PASSED] - for ([ii = 1, ii < 4, (ii++)]): null

18-11-2024T02:51:20 - [TEST_STEP][PASSED] - i1 = x.indexOf("/") + 1: null

18-11-2024T02:51:20 - [TEST_STEP][PASSED] - if (i1 > -1): null

18-11-2024T02:51:20 - [TEST_STEP][PASSED] - x = x.substring(i1, x.length()): null

18-11-2024T02:51:20 - [TEST_STEP][PASSED] - println(x): null

18-11-2024T02:51:20 - [TEST_STEP][PASSED] - i1 = x.indexOf("/") + 1: null

18-11-2024T02:51:20 - [TEST_STEP][PASSED] - if (i1 > -1): null

18-11-2024T02:51:20 - [TEST_STEP][PASSED] - x = x.substring(i1, x.length()): null

18-11-2024T02:51:20 - [TEST_STEP][PASSED] - println(x): null

18-11-2024T02:51:20 - [TEST_STEP][PASSED] - i1 = x.indexOf("/") + 1: null

18-11-2024T02:51:20 - [TEST_STEP][PASSED] - if (i1 > -1): null

18-11-2024T02:51:20 - [TEST_STEP][PASSED] - x = x.substring(i1, x.length()): null

18-11-2024T02:51:20 - [TEST_STEP][PASSED] - println(x): null

18-11-2024T02:51:20 - [TEST_STEP][PASSED] - i1 = x.indexOf("/"): null

18-11-2024T02:51:20 - [TEST_STEP][PASSED] - if (i1 > -1): null

18-11-2024T02:51:20 - [TEST_STEP][PASSED] - x = x.substring(0, i1): null

18-11-2024T02:51:20 - [TEST_STEP][PASSED] - println(x): null

18-11-2024T02:51:20 - [TEST_STEP][PASSED] - return x: null

18-11-2024T02:51:20 - [TEST_STEP][PASSED] - tabB = GetOvSFactB(x = b): null

18-11-2024T02:51:20 - [TEST_STEP][PASSED] - i1 = <not implemented yet for class: org.codehaus.groovy.ast.expr.EmptyExpression>: null

18-11-2024T02:51:20 - [TEST_STEP][PASSED] - ii = <not implemented yet for class: org.codehaus.groovy.ast.expr.EmptyExpression>: null

18-11-2024T02:51:20 - [TEST_STEP][PASSED] - for ([ii = 1, ii < 4, (ii++)]): null

18-11-2024T02:51:20 - [TEST_STEP][PASSED] - i1 = x.indexOf("/") + 1: null

18-11-2024T02:51:20 - [TEST_STEP][PASSED] - if (i1 > -1): null

18-11-2024T02:51:20 - [TEST_STEP][PASSED] - x = x.substring(i1, x.length()): null

18-11-2024T02:51:20 - [TEST_STEP][PASSED] - println(x): null

18-11-2024T02:51:20 - [TEST_STEP][PASSED] - i1 = x.indexOf("/") + 1: null

18-11-2024T02:51:20 - [TEST_STEP][PASSED] - if (i1 > -1): null

18-11-2024T02:51:20 - [TEST_STEP][PASSED] - x = x.substring(i1, x.length()): null

18-11-2024T02:51:20 - [TEST_STEP][PASSED] - println(x): null

18-11-2024T02:51:20 - [TEST_STEP][PASSED] - i1 = x.indexOf("/") + 1: null

18-11-2024T02:51:20 - [TEST_STEP][PASSED] - if (i1 > -1): null

18-11-2024T02:51:20 - [TEST_STEP][PASSED] - x = x.substring(i1, x.length()): null

18-11-2024T02:51:20 - [TEST_STEP][PASSED] - println(x): null

18-11-2024T02:51:20 - [TEST_STEP][PASSED] - i1 = x.indexOf("/"): null

18-11-2024T02:51:20 - [TEST_STEP][PASSED] - if (i1 > -1): null

18-11-2024T02:51:20 - [TEST_STEP][PASSED] - x = x.substring(0, i1): null

18-11-2024T02:51:20 - [TEST_STEP][PASSED] - println(x): null

18-11-2024T02:51:20 - [TEST_STEP][FAILED] - return x: null

18-11-2024T02:51:20 - [TEST_STEP][FAILED] - if (verifyEqual(tabR, tabB) == false): null

18-11-2024T02:51:20 - [MESSAGE][FAILED] - Unable to verify equal between actual object 'нет данных' and expected object '39713494' (Root cause: com.kms.katalon.core.exception.StepFailedException: Actual object 'нет данных' and expected object '39713494' are not equal
	at com.kms.katalon.core.keyword.builtin.VerifyEqualKeyword$_verifyEqual_closure1.doCall(VerifyEqualKeyword.groovy:58)
	at com.kms.katalon.core.keyword.builtin.VerifyEqualKeyword$_verifyEqual_closure1.call(VerifyEqualKeyword.groovy)
	at com.kms.katalon.core.keyword.internal.KeywordMain.runKeyword(KeywordMain.groovy:75)
	at com.kms.katalon.core.keyword.builtin.VerifyEqualKeyword.verifyEqual(VerifyEqualKeyword.groovy:63)
	at com.kms.katalon.core.keyword.builtin.VerifyEqualKeyword.execute(VerifyEqualKeyword.groovy:44)
	at com.kms.katalon.core.keyword.internal.KeywordExecutor.executeKeywordForPlatform(KeywordExecutor.groovy:74)
	at com.kms.katalon.core.keyword.BuiltinKeywords.verifyEqual(BuiltinKeywords.groovy:146)
	at jdk.internal.reflect.GeneratedMethodAccessor25.invoke(Unknown Source)
	at java.base/jdk.internal.reflect.DelegatingMethodAccessorImpl.invoke(DelegatingMethodAccessorImpl.java:43)
	at Выполнение бизнес-плана сверка дашбордов.CompareDZOData(Выполнение бизнес-плана сверка дашбордов:706)
	at Выполнение бизнес-плана сверка дашбордов.run(Выполнение бизнес-плана сверка дашбордов:598)
	at com.kms.katalon.core.main.ScriptEngine.run(ScriptEngine.java:194)
	at com.kms.katalon.core.main.ScriptEngine.runScriptAsRawText(ScriptEngine.java:119)
	at com.kms.katalon.core.main.TestCaseExecutor.runScript(TestCaseExecutor.java:448)
	at com.kms.katalon.core.main.TestCaseExecutor.doExecute(TestCaseExecutor.java:439)
	at com.kms.katalon.core.main.TestCaseExecutor.processExecutionPhase(TestCaseExecutor.java:418)
	at com.kms.katalon.core.main.TestCaseExecutor.accessMainPhase(TestCaseExecutor.java:410)
	at com.kms.katalon.core.main.TestCaseExecutor.execute(TestCaseExecutor.java:285)
	at com.kms.katalon.core.common.CommonExecutor.accessTestCaseMainPhase(CommonExecutor.java:65)
	at com.kms.katalon.core.main.TestSuiteExecutor.accessTestSuiteMainPhase(TestSuiteExecutor.java:150)
	at com.kms.katalon.core.main.TestSuiteExecutor.execute(TestSuiteExecutor.java:106)
	at com.kms.katalon.core.main.TestCaseMain.startTestSuite(TestCaseMain.java:180)
	at TempTestSuite1731886967590.run(TempTestSuite1731886967590.groovy:35)
	at java.base/jdk.internal.reflect.NativeMethodAccessorImpl.invoke0(Native Method)
	at java.base/jdk.internal.reflect.NativeMethodAccessorImpl.invoke(NativeMethodAccessorImpl.java:77)
	at java.base/jdk.internal.reflect.DelegatingMethodAccessorImpl.invoke(DelegatingMethodAccessorImpl.java:43)
)

18-11-2024T02:51:20 - [TEST_STEP][PASSED] - result = WriteToExcel(typeOfData, todaysDate, PercPlanR, PercPlanB, PercFactR, PercFactB, x, tabR, tabB, o1R, o1B, vidget): null

18-11-2024T02:51:20 - [TEST_STEP][PASSED] - iii = dZO.indexOf("/"): null

18-11-2024T02:51:20 - [TEST_STEP][PASSED] - println(iii): null

18-11-2024T02:51:20 - [TEST_STEP][PASSED] - dZO = dZO.substring(0, iii): null

18-11-2024T02:51:20 - [TEST_STEP][PASSED] - println(dZO): null

18-11-2024T02:51:20 - [TEST_STEP][PASSED] - println(PercPlanR): null

18-11-2024T02:51:20 - [TEST_STEP][PASSED] - println(PercPlanB): null

18-11-2024T02:51:20 - [TEST_STEP][PASSED] - println(PercFactR): null

18-11-2024T02:51:20 - [TEST_STEP][PASSED] - println(PercFactB): null

18-11-2024T02:51:20 - [TEST_STEP][PASSED] - println(tabR): null

18-11-2024T02:51:20 - [TEST_STEP][PASSED] - println(tabB): null

18-11-2024T02:51:20 - [TEST_STEP][PASSED] - println(o1R): null

18-11-2024T02:51:20 - [TEST_STEP][PASSED] - println(o1B): null

18-11-2024T02:51:20 - [TEST_STEP][PASSED] - PR = <not implemented yet for class: org.codehaus.groovy.ast.expr.EmptyExpression>: null

18-11-2024T02:51:20 - [TEST_STEP][PASSED] - FR = <not implemented yet for class: org.codehaus.groovy.ast.expr.EmptyExpression>: null

18-11-2024T02:51:20 - [TEST_STEP][PASSED] - PB = <not implemented yet for class: org.codehaus.groovy.ast.expr.EmptyExpression>: null

18-11-2024T02:51:20 - [TEST_STEP][PASSED] - FB = <not implemented yet for class: org.codehaus.groovy.ast.expr.EmptyExpression>: null

18-11-2024T02:51:20 - [TEST_STEP][PASSED] - TR = <not implemented yet for class: org.codehaus.groovy.ast.expr.EmptyExpression>: null

18-11-2024T02:51:20 - [TEST_STEP][PASSED] - TB = <not implemented yet for class: org.codehaus.groovy.ast.expr.EmptyExpression>: null

18-11-2024T02:51:20 - [TEST_STEP][PASSED] - sheetName = "Sheet1": null

18-11-2024T02:51:20 - [TEST_STEP][PASSED] - data = findTestData("PlanFact"): null

18-11-2024T02:51:20 - [TEST_STEP][PASSED] - n = data.getRowNumbers() + 1: null

18-11-2024T02:51:20 - [TEST_STEP][PASSED] - year = todaysDate.substring(todaysDate.length() - 4, todaysDate.length()): null

18-11-2024T02:51:20 - [TEST_STEP][PASSED] - y = year.toInteger(): null

18-11-2024T02:51:20 - [TEST_STEP][PASSED] - m = getText(findTestObject("Выполнение бизнес-плана/Выполнение бизнес-плана Балансы/Фильтр Дата")): Text of object 'Object Repository/Выполнение бизнес-плана/Выполнение бизнес-плана Балансы/Фильтр Дата' is: '1, 2, 3 кв. 2024 года'

18-11-2024T02:51:20 - [MESSAGE][PASSED] - Text of object 'Object Repository/Выполнение бизнес-плана/Выполнение бизнес-плана Балансы/Фильтр Дата' is: '1, 2, 3 кв. 2024 года'

18-11-2024T02:51:20 - [TEST_STEP][PASSED] - m = m.substring(0, m.indexOf("2024")): null

18-11-2024T02:51:20 - [TEST_STEP][PASSED] - m = m.trim(): null

18-11-2024T02:51:20 - [TEST_STEP][PASSED] - dashboardName = "Выполнение бизнес-плана": null

18-11-2024T02:51:20 - [TEST_STEP][PASSED] - workbook01 = getWorkbook(excelFilePath): null

18-11-2024T02:51:20 - [TEST_STEP][PASSED] - sheet01 = getExcelSheet(workbook01, sheetName): null

18-11-2024T02:51:20 - [TEST_STEP][PASSED] - setValueToCellByIndex(sheet01, n, 0, dashboardName): null

18-11-2024T02:51:20 - [TEST_STEP][PASSED] - setValueToCellByIndex(sheet01, n, 1, dZO): null

18-11-2024T02:51:20 - [TEST_STEP][PASSED] - setValueToCellByIndex(sheet01, n, 2, typeOfData): null

18-11-2024T02:51:20 - [TEST_STEP][PASSED] - setValueToCellByIndex(sheet01, n, 3, typeOfData): null

18-11-2024T02:51:20 - [TEST_STEP][PASSED] - if (typeOfData == "План"): null

18-11-2024T02:51:20 - [TEST_STEP][PASSED] - else if (typeOfData == "Факт"): null

18-11-2024T02:51:20 - [TEST_STEP][PASSED] - else if (vidget.contains("электроэнергии") == true): null

18-11-2024T02:51:20 - [TEST_STEP][PASSED] - if (tabR == null): null

18-11-2024T02:51:20 - [TEST_STEP][PASSED] - else: null

18-11-2024T02:51:20 - [TEST_STEP][PASSED] - if (tabR == "нет данных"): null

18-11-2024T02:51:20 - [TEST_STEP][PASSED] - setValueToCellByIndex(sheet01, n, 4, "нет данных"): null

18-11-2024T02:51:20 - [TEST_STEP][PASSED] - if (tabB == null): null

18-11-2024T02:51:20 - [TEST_STEP][PASSED] - else: null

18-11-2024T02:51:20 - [TEST_STEP][PASSED] - if (tabB == "нет данных"): null

18-11-2024T02:51:20 - [TEST_STEP][PASSED] - else: null

18-11-2024T02:51:20 - [TEST_STEP][PASSED] - TB = tabB.toInteger(): null

18-11-2024T02:51:20 - [TEST_STEP][PASSED] - setValueToCellByIndex(sheet01, n, 5, TB): null

18-11-2024T02:51:20 - [TEST_STEP][PASSED] - setValueToCellByIndex(sheet01, n, 6, m): null

18-11-2024T02:51:20 - [TEST_STEP][PASSED] - setValueToCellByIndex(sheet01, n, 7, y): null

18-11-2024T02:51:20 - [TEST_STEP][PASSED] - setValueToCellByIndex(sheet01, n, 8, todaysDate): null

18-11-2024T02:51:20 - [TEST_STEP][PASSED] - n = n + 1: null

18-11-2024T02:51:20 - [TEST_STEP][PASSED] - saveWorkbook(excelFilePath, workbook01): null

18-11-2024T02:51:20 - [TEST_STEP][PASSED] - typeOfData = "Факт Отпуск из сети": null

18-11-2024T02:51:20 - [TEST_STEP][PASSED] - tabR = GetOiSFactR(x = a): null

18-11-2024T02:51:20 - [TEST_STEP][PASSED] - i1 = <not implemented yet for class: org.codehaus.groovy.ast.expr.EmptyExpression>: null

18-11-2024T02:51:20 - [TEST_STEP][PASSED] - ii = <not implemented yet for class: org.codehaus.groovy.ast.expr.EmptyExpression>: null

18-11-2024T02:51:20 - [TEST_STEP][PASSED] - for ([ii = 1, ii < 5, (ii++)]): null

18-11-2024T02:51:20 - [TEST_STEP][PASSED] - i1 = x.indexOf("/") + 1: null

18-11-2024T02:51:20 - [TEST_STEP][PASSED] - if (i1 > -1): null

18-11-2024T02:51:20 - [TEST_STEP][PASSED] - x = x.substring(i1, x.length()): null

18-11-2024T02:51:20 - [TEST_STEP][PASSED] - println(x): null

18-11-2024T02:51:20 - [TEST_STEP][PASSED] - i1 = x.indexOf("/") + 1: null

18-11-2024T02:51:20 - [TEST_STEP][PASSED] - if (i1 > -1): null

18-11-2024T02:51:20 - [TEST_STEP][PASSED] - x = x.substring(i1, x.length()): null

18-11-2024T02:51:20 - [TEST_STEP][PASSED] - println(x): null

18-11-2024T02:51:20 - [TEST_STEP][PASSED] - i1 = x.indexOf("/") + 1: null

18-11-2024T02:51:20 - [TEST_STEP][PASSED] - if (i1 > -1): null

18-11-2024T02:51:20 - [TEST_STEP][PASSED] - x = x.substring(i1, x.length()): null

18-11-2024T02:51:20 - [TEST_STEP][PASSED] - println(x): null

18-11-2024T02:51:20 - [TEST_STEP][PASSED] - i1 = x.indexOf("/") + 1: null

18-11-2024T02:51:20 - [TEST_STEP][PASSED] - if (i1 > -1): null

18-11-2024T02:51:20 - [TEST_STEP][PASSED] - x = x.substring(i1, x.length()): null

18-11-2024T02:51:20 - [TEST_STEP][PASSED] - println(x): null

18-11-2024T02:51:20 - [TEST_STEP][PASSED] - i1 = x.indexOf("/"): null

18-11-2024T02:51:20 - [TEST_STEP][PASSED] - if (i1 > -1): null

18-11-2024T02:51:20 - [TEST_STEP][PASSED] - x = x.substring(0, i1): null

18-11-2024T02:51:20 - [TEST_STEP][PASSED] - println(x): null

18-11-2024T02:51:20 - [TEST_STEP][PASSED] - return x: null

18-11-2024T02:51:20 - [TEST_STEP][PASSED] - tabB = GetOiSFactB(x = b): null

18-11-2024T02:51:20 - [TEST_STEP][PASSED] - i1 = <not implemented yet for class: org.codehaus.groovy.ast.expr.EmptyExpression>: null

18-11-2024T02:51:20 - [TEST_STEP][PASSED] - ii = <not implemented yet for class: org.codehaus.groovy.ast.expr.EmptyExpression>: null

18-11-2024T02:51:20 - [TEST_STEP][PASSED] - for ([ii = 1, ii < 5, (ii++)]): null

18-11-2024T02:51:20 - [TEST_STEP][PASSED] - i1 = x.indexOf("/") + 1: null

18-11-2024T02:51:20 - [TEST_STEP][PASSED] - if (i1 > -1): null

18-11-2024T02:51:20 - [TEST_STEP][PASSED] - x = x.substring(i1, x.length()): null

18-11-2024T02:51:20 - [TEST_STEP][PASSED] - println(x): null

18-11-2024T02:51:20 - [TEST_STEP][PASSED] - i1 = x.indexOf("/") + 1: null

18-11-2024T02:51:20 - [TEST_STEP][PASSED] - if (i1 > -1): null

18-11-2024T02:51:20 - [TEST_STEP][PASSED] - x = x.substring(i1, x.length()): null

18-11-2024T02:51:20 - [TEST_STEP][PASSED] - println(x): null

18-11-2024T02:51:20 - [TEST_STEP][PASSED] - i1 = x.indexOf("/") + 1: null

18-11-2024T02:51:20 - [TEST_STEP][PASSED] - if (i1 > -1): null

18-11-2024T02:51:20 - [TEST_STEP][PASSED] - x = x.substring(i1, x.length()): null

18-11-2024T02:51:20 - [TEST_STEP][PASSED] - println(x): null

18-11-2024T02:51:20 - [TEST_STEP][PASSED] - i1 = x.indexOf("/") + 1: null

18-11-2024T02:51:20 - [TEST_STEP][PASSED] - if (i1 > -1): null

18-11-2024T02:51:20 - [TEST_STEP][PASSED] - x = x.substring(i1, x.length()): null

18-11-2024T02:51:20 - [TEST_STEP][PASSED] - println(x): null

18-11-2024T02:51:20 - [TEST_STEP][PASSED] - i1 = x.indexOf("/"): null

18-11-2024T02:51:20 - [TEST_STEP][PASSED] - if (i1 > -1): null

18-11-2024T02:51:20 - [TEST_STEP][PASSED] - x = x.substring(0, i1): null

18-11-2024T02:51:20 - [TEST_STEP][PASSED] - println(x): null

18-11-2024T02:51:20 - [TEST_STEP][FAILED] - return x: null

18-11-2024T02:51:20 - [TEST_STEP][FAILED] - if (verifyEqual(tabR, tabB) == false): null

18-11-2024T02:51:20 - [MESSAGE][FAILED] - Unable to verify equal between actual object 'нет данных' and expected object '37749852' (Root cause: com.kms.katalon.core.exception.StepFailedException: Actual object 'нет данных' and expected object '37749852' are not equal
	at com.kms.katalon.core.keyword.builtin.VerifyEqualKeyword$_verifyEqual_closure1.doCall(VerifyEqualKeyword.groovy:58)
	at com.kms.katalon.core.keyword.builtin.VerifyEqualKeyword$_verifyEqual_closure1.call(VerifyEqualKeyword.groovy)
	at com.kms.katalon.core.keyword.internal.KeywordMain.runKeyword(KeywordMain.groovy:75)
	at com.kms.katalon.core.keyword.builtin.VerifyEqualKeyword.verifyEqual(VerifyEqualKeyword.groovy:63)
	at com.kms.katalon.core.keyword.builtin.VerifyEqualKeyword.execute(VerifyEqualKeyword.groovy:44)
	at com.kms.katalon.core.keyword.internal.KeywordExecutor.executeKeywordForPlatform(KeywordExecutor.groovy:74)
	at com.kms.katalon.core.keyword.BuiltinKeywords.verifyEqual(BuiltinKeywords.groovy:146)
	at jdk.internal.reflect.GeneratedMethodAccessor25.invoke(Unknown Source)
	at java.base/jdk.internal.reflect.DelegatingMethodAccessorImpl.invoke(DelegatingMethodAccessorImpl.java:43)
	at Выполнение бизнес-плана сверка дашбордов.CompareDZOData(Выполнение бизнес-плана сверка дашбордов:717)
	at Выполнение бизнес-плана сверка дашбордов.run(Выполнение бизнес-плана сверка дашбордов:598)
	at com.kms.katalon.core.main.ScriptEngine.run(ScriptEngine.java:194)
	at com.kms.katalon.core.main.ScriptEngine.runScriptAsRawText(ScriptEngine.java:119)
	at com.kms.katalon.core.main.TestCaseExecutor.runScript(TestCaseExecutor.java:448)
	at com.kms.katalon.core.main.TestCaseExecutor.doExecute(TestCaseExecutor.java:439)
	at com.kms.katalon.core.main.TestCaseExecutor.processExecutionPhase(TestCaseExecutor.java:418)
	at com.kms.katalon.core.main.TestCaseExecutor.accessMainPhase(TestCaseExecutor.java:410)
	at com.kms.katalon.core.main.TestCaseExecutor.execute(TestCaseExecutor.java:285)
	at com.kms.katalon.core.common.CommonExecutor.accessTestCaseMainPhase(CommonExecutor.java:65)
	at com.kms.katalon.core.main.TestSuiteExecutor.accessTestSuiteMainPhase(TestSuiteExecutor.java:150)
	at com.kms.katalon.core.main.TestSuiteExecutor.execute(TestSuiteExecutor.java:106)
	at com.kms.katalon.core.main.TestCaseMain.startTestSuite(TestCaseMain.java:180)
	at TempTestSuite1731886967590.run(TempTestSuite1731886967590.groovy:35)
	at java.base/jdk.internal.reflect.NativeMethodAccessorImpl.invoke0(Native Method)
	at java.base/jdk.internal.reflect.NativeMethodAccessorImpl.invoke(NativeMethodAccessorImpl.java:77)
	at java.base/jdk.internal.reflect.DelegatingMethodAccessorImpl.invoke(DelegatingMethodAccessorImpl.java:43)
)

18-11-2024T02:51:20 - [TEST_STEP][PASSED] - result = WriteToExcel(typeOfData, todaysDate, PercPlanR, PercPlanB, PercFactR, PercFactB, x, tabR, tabB, o1R, o1B, vidget): null

18-11-2024T02:51:20 - [TEST_STEP][PASSED] - iii = dZO.indexOf("/"): null

18-11-2024T02:51:20 - [TEST_STEP][PASSED] - println(iii): null

18-11-2024T02:51:20 - [TEST_STEP][PASSED] - dZO = dZO.substring(0, iii): null

18-11-2024T02:51:20 - [TEST_STEP][PASSED] - println(dZO): null

18-11-2024T02:51:20 - [TEST_STEP][PASSED] - println(PercPlanR): null

18-11-2024T02:51:20 - [TEST_STEP][PASSED] - println(PercPlanB): null

18-11-2024T02:51:20 - [TEST_STEP][PASSED] - println(PercFactR): null

18-11-2024T02:51:20 - [TEST_STEP][PASSED] - println(PercFactB): null

18-11-2024T02:51:20 - [TEST_STEP][PASSED] - println(tabR): null

18-11-2024T02:51:20 - [TEST_STEP][PASSED] - println(tabB): null

18-11-2024T02:51:20 - [TEST_STEP][PASSED] - println(o1R): null

18-11-2024T02:51:20 - [TEST_STEP][PASSED] - println(o1B): null

18-11-2024T02:51:20 - [TEST_STEP][PASSED] - PR = <not implemented yet for class: org.codehaus.groovy.ast.expr.EmptyExpression>: null

18-11-2024T02:51:20 - [TEST_STEP][PASSED] - FR = <not implemented yet for class: org.codehaus.groovy.ast.expr.EmptyExpression>: null

18-11-2024T02:51:20 - [TEST_STEP][PASSED] - PB = <not implemented yet for class: org.codehaus.groovy.ast.expr.EmptyExpression>: null

18-11-2024T02:51:20 - [TEST_STEP][PASSED] - FB = <not implemented yet for class: org.codehaus.groovy.ast.expr.EmptyExpression>: null

18-11-2024T02:51:20 - [TEST_STEP][PASSED] - TR = <not implemented yet for class: org.codehaus.groovy.ast.expr.EmptyExpression>: null

18-11-2024T02:51:20 - [TEST_STEP][PASSED] - TB = <not implemented yet for class: org.codehaus.groovy.ast.expr.EmptyExpression>: null

18-11-2024T02:51:20 - [TEST_STEP][PASSED] - sheetName = "Sheet1": null

18-11-2024T02:51:20 - [TEST_STEP][PASSED] - data = findTestData("PlanFact"): null

18-11-2024T02:51:20 - [TEST_STEP][PASSED] - n = data.getRowNumbers() + 1: null

18-11-2024T02:51:20 - [TEST_STEP][PASSED] - year = todaysDate.substring(todaysDate.length() - 4, todaysDate.length()): null

18-11-2024T02:51:20 - [TEST_STEP][PASSED] - y = year.toInteger(): null

18-11-2024T02:51:20 - [TEST_STEP][PASSED] - m = getText(findTestObject("Выполнение бизнес-плана/Выполнение бизнес-плана Балансы/Фильтр Дата")): Text of object 'Object Repository/Выполнение бизнес-плана/Выполнение бизнес-плана Балансы/Фильтр Дата' is: '1, 2, 3 кв. 2024 года'

18-11-2024T02:51:21 - [MESSAGE][PASSED] - Text of object 'Object Repository/Выполнение бизнес-плана/Выполнение бизнес-плана Балансы/Фильтр Дата' is: '1, 2, 3 кв. 2024 года'

18-11-2024T02:51:21 - [TEST_STEP][PASSED] - m = m.substring(0, m.indexOf("2024")): null

18-11-2024T02:51:21 - [TEST_STEP][PASSED] - m = m.trim(): null

18-11-2024T02:51:21 - [TEST_STEP][PASSED] - dashboardName = "Выполнение бизнес-плана": null

18-11-2024T02:51:21 - [TEST_STEP][PASSED] - workbook01 = getWorkbook(excelFilePath): null

18-11-2024T02:51:21 - [TEST_STEP][PASSED] - sheet01 = getExcelSheet(workbook01, sheetName): null

18-11-2024T02:51:21 - [TEST_STEP][PASSED] - setValueToCellByIndex(sheet01, n, 0, dashboardName): null

18-11-2024T02:51:21 - [TEST_STEP][PASSED] - setValueToCellByIndex(sheet01, n, 1, dZO): null

18-11-2024T02:51:21 - [TEST_STEP][PASSED] - setValueToCellByIndex(sheet01, n, 2, typeOfData): null

18-11-2024T02:51:21 - [TEST_STEP][PASSED] - setValueToCellByIndex(sheet01, n, 3, typeOfData): null

18-11-2024T02:51:21 - [TEST_STEP][PASSED] - if (typeOfData == "План"): null

18-11-2024T02:51:21 - [TEST_STEP][PASSED] - else if (typeOfData == "Факт"): null

18-11-2024T02:51:21 - [TEST_STEP][PASSED] - else if (vidget.contains("электроэнергии") == true): null

18-11-2024T02:51:21 - [TEST_STEP][PASSED] - if (tabR == null): null

18-11-2024T02:51:21 - [TEST_STEP][PASSED] - else: null

18-11-2024T02:51:21 - [TEST_STEP][PASSED] - if (tabR == "нет данных"): null

18-11-2024T02:51:21 - [TEST_STEP][PASSED] - setValueToCellByIndex(sheet01, n, 4, "нет данных"): null

18-11-2024T02:51:21 - [TEST_STEP][PASSED] - if (tabB == null): null

18-11-2024T02:51:21 - [TEST_STEP][PASSED] - else: null

18-11-2024T02:51:21 - [TEST_STEP][PASSED] - if (tabB == "нет данных"): null

18-11-2024T02:51:21 - [TEST_STEP][PASSED] - else: null

18-11-2024T02:51:21 - [TEST_STEP][PASSED] - TB = tabB.toInteger(): null

18-11-2024T02:51:21 - [TEST_STEP][PASSED] - setValueToCellByIndex(sheet01, n, 5, TB): null

18-11-2024T02:51:21 - [TEST_STEP][PASSED] - setValueToCellByIndex(sheet01, n, 6, m): null

18-11-2024T02:51:21 - [TEST_STEP][PASSED] - setValueToCellByIndex(sheet01, n, 7, y): null

18-11-2024T02:51:21 - [TEST_STEP][PASSED] - setValueToCellByIndex(sheet01, n, 8, todaysDate): null

18-11-2024T02:51:21 - [TEST_STEP][PASSED] - n = n + 1: null

18-11-2024T02:51:21 - [TEST_STEP][PASSED] - saveWorkbook(excelFilePath, workbook01): null

18-11-2024T02:51:21 - [TEST_STEP][PASSED] - typeOfData = "Факт Потери": null

18-11-2024T02:51:21 - [TEST_STEP][PASSED] - tabR = GetPFactR(x = a): null

18-11-2024T02:51:21 - [TEST_STEP][PASSED] - i1 = <not implemented yet for class: org.codehaus.groovy.ast.expr.EmptyExpression>: null

18-11-2024T02:51:21 - [TEST_STEP][PASSED] - ii = <not implemented yet for class: org.codehaus.groovy.ast.expr.EmptyExpression>: null

18-11-2024T02:51:21 - [TEST_STEP][PASSED] - for ([ii = 1, ii < 6, (ii++)]): null

18-11-2024T02:51:21 - [TEST_STEP][PASSED] - i1 = x.indexOf("/") + 1: null

18-11-2024T02:51:21 - [TEST_STEP][PASSED] - if (i1 > -1): null

18-11-2024T02:51:21 - [TEST_STEP][PASSED] - x = x.substring(i1, x.length()): null

18-11-2024T02:51:21 - [TEST_STEP][PASSED] - println(x): null

18-11-2024T02:51:21 - [TEST_STEP][PASSED] - i1 = x.indexOf("/") + 1: null

18-11-2024T02:51:21 - [TEST_STEP][PASSED] - if (i1 > -1): null

18-11-2024T02:51:21 - [TEST_STEP][PASSED] - x = x.substring(i1, x.length()): null

18-11-2024T02:51:21 - [TEST_STEP][PASSED] - println(x): null

18-11-2024T02:51:21 - [TEST_STEP][PASSED] - i1 = x.indexOf("/") + 1: null

18-11-2024T02:51:21 - [TEST_STEP][PASSED] - if (i1 > -1): null

18-11-2024T02:51:21 - [TEST_STEP][PASSED] - x = x.substring(i1, x.length()): null

18-11-2024T02:51:21 - [TEST_STEP][PASSED] - println(x): null

18-11-2024T02:51:21 - [TEST_STEP][PASSED] - i1 = x.indexOf("/") + 1: null

18-11-2024T02:51:21 - [TEST_STEP][PASSED] - if (i1 > -1): null

18-11-2024T02:51:21 - [TEST_STEP][PASSED] - x = x.substring(i1, x.length()): null

18-11-2024T02:51:21 - [TEST_STEP][PASSED] - println(x): null

18-11-2024T02:51:21 - [TEST_STEP][PASSED] - i1 = x.indexOf("/") + 1: null

18-11-2024T02:51:21 - [TEST_STEP][PASSED] - if (i1 > -1): null

18-11-2024T02:51:21 - [TEST_STEP][PASSED] - x = x.substring(i1, x.length()): null

18-11-2024T02:51:21 - [TEST_STEP][PASSED] - println(x): null

18-11-2024T02:51:21 - [TEST_STEP][PASSED] - i1 = x.indexOf("/"): null

18-11-2024T02:51:21 - [TEST_STEP][PASSED] - if (i1 > -1): null

18-11-2024T02:51:21 - [TEST_STEP][PASSED] - x = x.substring(0, i1): null

18-11-2024T02:51:21 - [TEST_STEP][PASSED] - println(x): null

18-11-2024T02:51:21 - [TEST_STEP][PASSED] - return x: null

18-11-2024T02:51:21 - [TEST_STEP][PASSED] - tabB = GetPFactB(x = b): null

18-11-2024T02:51:21 - [TEST_STEP][PASSED] - i1 = <not implemented yet for class: org.codehaus.groovy.ast.expr.EmptyExpression>: null

18-11-2024T02:51:21 - [TEST_STEP][PASSED] - ii = <not implemented yet for class: org.codehaus.groovy.ast.expr.EmptyExpression>: null

18-11-2024T02:51:21 - [TEST_STEP][PASSED] - for ([ii = 1, ii < 6, (ii++)]): null

18-11-2024T02:51:21 - [TEST_STEP][PASSED] - i1 = x.indexOf("/") + 1: null

18-11-2024T02:51:21 - [TEST_STEP][PASSED] - if (i1 > -1): null

18-11-2024T02:51:21 - [TEST_STEP][PASSED] - x = x.substring(i1, x.length()): null

18-11-2024T02:51:21 - [TEST_STEP][PASSED] - println(x): null

18-11-2024T02:51:21 - [TEST_STEP][PASSED] - i1 = x.indexOf("/") + 1: null

18-11-2024T02:51:21 - [TEST_STEP][PASSED] - if (i1 > -1): null

18-11-2024T02:51:21 - [TEST_STEP][PASSED] - x = x.substring(i1, x.length()): null

18-11-2024T02:51:21 - [TEST_STEP][PASSED] - println(x): null

18-11-2024T02:51:21 - [TEST_STEP][PASSED] - i1 = x.indexOf("/") + 1: null

18-11-2024T02:51:21 - [TEST_STEP][PASSED] - if (i1 > -1): null

18-11-2024T02:51:21 - [TEST_STEP][PASSED] - x = x.substring(i1, x.length()): null

18-11-2024T02:51:21 - [TEST_STEP][PASSED] - println(x): null

18-11-2024T02:51:21 - [TEST_STEP][PASSED] - i1 = x.indexOf("/") + 1: null

18-11-2024T02:51:21 - [TEST_STEP][PASSED] - if (i1 > -1): null

18-11-2024T02:51:21 - [TEST_STEP][PASSED] - x = x.substring(i1, x.length()): null

18-11-2024T02:51:21 - [TEST_STEP][PASSED] - println(x): null

18-11-2024T02:51:21 - [TEST_STEP][PASSED] - i1 = x.indexOf("/") + 1: null

18-11-2024T02:51:21 - [TEST_STEP][PASSED] - if (i1 > -1): null

18-11-2024T02:51:21 - [TEST_STEP][PASSED] - x = x.substring(i1, x.length()): null

18-11-2024T02:51:21 - [TEST_STEP][PASSED] - println(x): null

18-11-2024T02:51:21 - [TEST_STEP][PASSED] - i1 = x.indexOf("/"): null

18-11-2024T02:51:21 - [TEST_STEP][PASSED] - if (i1 > -1): null

18-11-2024T02:51:21 - [TEST_STEP][PASSED] - x = x.substring(0, i1): null

18-11-2024T02:51:21 - [TEST_STEP][PASSED] - println(x): null

18-11-2024T02:51:21 - [TEST_STEP][FAILED] - return x: null

18-11-2024T02:51:21 - [TEST_STEP][PASSED] - println(tabR + "/" + tabB): null

18-11-2024T02:51:21 - [TEST_STEP][FAILED] - if (verifyEqual(tabR, tabB) == false): null

18-11-2024T02:51:21 - [MESSAGE][FAILED] - Unable to verify equal between actual object 'нет данных' and expected object '1963642' (Root cause: com.kms.katalon.core.exception.StepFailedException: Actual object 'нет данных' and expected object '1963642' are not equal
	at com.kms.katalon.core.keyword.builtin.VerifyEqualKeyword$_verifyEqual_closure1.doCall(VerifyEqualKeyword.groovy:58)
	at com.kms.katalon.core.keyword.builtin.VerifyEqualKeyword$_verifyEqual_closure1.call(VerifyEqualKeyword.groovy)
	at com.kms.katalon.core.keyword.internal.KeywordMain.runKeyword(KeywordMain.groovy:75)
	at com.kms.katalon.core.keyword.builtin.VerifyEqualKeyword.verifyEqual(VerifyEqualKeyword.groovy:63)
	at com.kms.katalon.core.keyword.builtin.VerifyEqualKeyword.execute(VerifyEqualKeyword.groovy:44)
	at com.kms.katalon.core.keyword.internal.KeywordExecutor.executeKeywordForPlatform(KeywordExecutor.groovy:74)
	at com.kms.katalon.core.keyword.BuiltinKeywords.verifyEqual(BuiltinKeywords.groovy:146)
	at jdk.internal.reflect.GeneratedMethodAccessor25.invoke(Unknown Source)
	at java.base/jdk.internal.reflect.DelegatingMethodAccessorImpl.invoke(DelegatingMethodAccessorImpl.java:43)
	at Выполнение бизнес-плана сверка дашбордов.CompareDZOData(Выполнение бизнес-плана сверка дашбордов:730)
	at Выполнение бизнес-плана сверка дашбордов.run(Выполнение бизнес-плана сверка дашбордов:598)
	at com.kms.katalon.core.main.ScriptEngine.run(ScriptEngine.java:194)
	at com.kms.katalon.core.main.ScriptEngine.runScriptAsRawText(ScriptEngine.java:119)
	at com.kms.katalon.core.main.TestCaseExecutor.runScript(TestCaseExecutor.java:448)
	at com.kms.katalon.core.main.TestCaseExecutor.doExecute(TestCaseExecutor.java:439)
	at com.kms.katalon.core.main.TestCaseExecutor.processExecutionPhase(TestCaseExecutor.java:418)
	at com.kms.katalon.core.main.TestCaseExecutor.accessMainPhase(TestCaseExecutor.java:410)
	at com.kms.katalon.core.main.TestCaseExecutor.execute(TestCaseExecutor.java:285)
	at com.kms.katalon.core.common.CommonExecutor.accessTestCaseMainPhase(CommonExecutor.java:65)
	at com.kms.katalon.core.main.TestSuiteExecutor.accessTestSuiteMainPhase(TestSuiteExecutor.java:150)
	at com.kms.katalon.core.main.TestSuiteExecutor.execute(TestSuiteExecutor.java:106)
	at com.kms.katalon.core.main.TestCaseMain.startTestSuite(TestCaseMain.java:180)
	at TempTestSuite1731886967590.run(TempTestSuite1731886967590.groovy:35)
	at java.base/jdk.internal.reflect.NativeMethodAccessorImpl.invoke0(Native Method)
	at java.base/jdk.internal.reflect.NativeMethodAccessorImpl.invoke(NativeMethodAccessorImpl.java:77)
	at java.base/jdk.internal.reflect.DelegatingMethodAccessorImpl.invoke(DelegatingMethodAccessorImpl.java:43)
)

18-11-2024T02:51:21 - [TEST_STEP][PASSED] - result = WriteToExcel(typeOfData, todaysDate, PercPlanR, PercPlanB, PercFactR, PercFactB, x, tabR, tabB, o1R, o1B, vidget): null

18-11-2024T02:51:21 - [TEST_STEP][PASSED] - iii = dZO.indexOf("/"): null

18-11-2024T02:51:21 - [TEST_STEP][PASSED] - println(iii): null

18-11-2024T02:51:21 - [TEST_STEP][PASSED] - dZO = dZO.substring(0, iii): null

18-11-2024T02:51:21 - [TEST_STEP][PASSED] - println(dZO): null

18-11-2024T02:51:21 - [TEST_STEP][PASSED] - println(PercPlanR): null

18-11-2024T02:51:21 - [TEST_STEP][PASSED] - println(PercPlanB): null

18-11-2024T02:51:21 - [TEST_STEP][PASSED] - println(PercFactR): null

18-11-2024T02:51:21 - [TEST_STEP][PASSED] - println(PercFactB): null

18-11-2024T02:51:21 - [TEST_STEP][PASSED] - println(tabR): null

18-11-2024T02:51:21 - [TEST_STEP][PASSED] - println(tabB): null

18-11-2024T02:51:21 - [TEST_STEP][PASSED] - println(o1R): null

18-11-2024T02:51:21 - [TEST_STEP][PASSED] - println(o1B): null

18-11-2024T02:51:21 - [TEST_STEP][PASSED] - PR = <not implemented yet for class: org.codehaus.groovy.ast.expr.EmptyExpression>: null

18-11-2024T02:51:21 - [TEST_STEP][PASSED] - FR = <not implemented yet for class: org.codehaus.groovy.ast.expr.EmptyExpression>: null

18-11-2024T02:51:21 - [TEST_STEP][PASSED] - PB = <not implemented yet for class: org.codehaus.groovy.ast.expr.EmptyExpression>: null

18-11-2024T02:51:21 - [TEST_STEP][PASSED] - FB = <not implemented yet for class: org.codehaus.groovy.ast.expr.EmptyExpression>: null

18-11-2024T02:51:21 - [TEST_STEP][PASSED] - TR = <not implemented yet for class: org.codehaus.groovy.ast.expr.EmptyExpression>: null

18-11-2024T02:51:21 - [TEST_STEP][PASSED] - TB = <not implemented yet for class: org.codehaus.groovy.ast.expr.EmptyExpression>: null

18-11-2024T02:51:21 - [TEST_STEP][PASSED] - sheetName = "Sheet1": null

18-11-2024T02:51:21 - [TEST_STEP][PASSED] - data = findTestData("PlanFact"): null

18-11-2024T02:51:21 - [TEST_STEP][PASSED] - n = data.getRowNumbers() + 1: null

18-11-2024T02:51:21 - [TEST_STEP][PASSED] - year = todaysDate.substring(todaysDate.length() - 4, todaysDate.length()): null

18-11-2024T02:51:21 - [TEST_STEP][PASSED] - y = year.toInteger(): null

18-11-2024T02:51:21 - [TEST_STEP][PASSED] - m = getText(findTestObject("Выполнение бизнес-плана/Выполнение бизнес-плана Балансы/Фильтр Дата")): Text of object 'Object Repository/Выполнение бизнес-плана/Выполнение бизнес-плана Балансы/Фильтр Дата' is: '1, 2, 3 кв. 2024 года'

18-11-2024T02:51:21 - [MESSAGE][PASSED] - Text of object 'Object Repository/Выполнение бизнес-плана/Выполнение бизнес-плана Балансы/Фильтр Дата' is: '1, 2, 3 кв. 2024 года'

18-11-2024T02:51:21 - [TEST_STEP][PASSED] - m = m.substring(0, m.indexOf("2024")): null

18-11-2024T02:51:21 - [TEST_STEP][PASSED] - m = m.trim(): null

18-11-2024T02:51:21 - [TEST_STEP][PASSED] - dashboardName = "Выполнение бизнес-плана": null

18-11-2024T02:51:21 - [TEST_STEP][PASSED] - workbook01 = getWorkbook(excelFilePath): null

18-11-2024T02:51:21 - [TEST_STEP][PASSED] - sheet01 = getExcelSheet(workbook01, sheetName): null

18-11-2024T02:51:21 - [TEST_STEP][PASSED] - setValueToCellByIndex(sheet01, n, 0, dashboardName): null

18-11-2024T02:51:21 - [TEST_STEP][PASSED] - setValueToCellByIndex(sheet01, n, 1, dZO): null

18-11-2024T02:51:21 - [TEST_STEP][PASSED] - setValueToCellByIndex(sheet01, n, 2, typeOfData): null

18-11-2024T02:51:21 - [TEST_STEP][PASSED] - setValueToCellByIndex(sheet01, n, 3, typeOfData): null

18-11-2024T02:51:21 - [TEST_STEP][PASSED] - if (typeOfData == "План"): null

18-11-2024T02:51:21 - [TEST_STEP][PASSED] - else if (typeOfData == "Факт"): null

18-11-2024T02:51:21 - [TEST_STEP][PASSED] - else if (vidget.contains("электроэнергии") == true): null

18-11-2024T02:51:21 - [TEST_STEP][PASSED] - if (tabR == null): null

18-11-2024T02:51:21 - [TEST_STEP][PASSED] - else: null

18-11-2024T02:51:21 - [TEST_STEP][PASSED] - if (tabR == "нет данных"): null

18-11-2024T02:51:21 - [TEST_STEP][PASSED] - setValueToCellByIndex(sheet01, n, 4, "нет данных"): null

18-11-2024T02:51:21 - [TEST_STEP][PASSED] - if (tabB == null): null

18-11-2024T02:51:21 - [TEST_STEP][PASSED] - else: null

18-11-2024T02:51:21 - [TEST_STEP][PASSED] - if (tabB == "нет данных"): null

18-11-2024T02:51:21 - [TEST_STEP][PASSED] - else: null

18-11-2024T02:51:21 - [TEST_STEP][PASSED] - TB = tabB.toInteger(): null

18-11-2024T02:51:21 - [TEST_STEP][PASSED] - setValueToCellByIndex(sheet01, n, 5, TB): null

18-11-2024T02:51:21 - [TEST_STEP][PASSED] - setValueToCellByIndex(sheet01, n, 6, m): null

18-11-2024T02:51:21 - [TEST_STEP][PASSED] - setValueToCellByIndex(sheet01, n, 7, y): null

18-11-2024T02:51:21 - [TEST_STEP][PASSED] - setValueToCellByIndex(sheet01, n, 8, todaysDate): null

18-11-2024T02:51:21 - [TEST_STEP][PASSED] - n = n + 1: null

18-11-2024T02:51:21 - [TEST_STEP][PASSED] - saveWorkbook(excelFilePath, workbook01): null

18-11-2024T02:51:22 - [TEST_STEP][PASSED] - vidget = "Показатели баланса электроэнергии по ДЗО – План": null

18-11-2024T02:51:22 - [TEST_STEP][PASSED] - typeOfData = "План Отпуск в сеть": null

18-11-2024T02:51:22 - [TEST_STEP][PASSED] - tabR = GetOvSPlanR(x = a): null

18-11-2024T02:51:22 - [TEST_STEP][PASSED] - i1 = <not implemented yet for class: org.codehaus.groovy.ast.expr.EmptyExpression>: null

18-11-2024T02:51:22 - [TEST_STEP][PASSED] - ii = <not implemented yet for class: org.codehaus.groovy.ast.expr.EmptyExpression>: null

18-11-2024T02:51:22 - [TEST_STEP][PASSED] - for ([ii = 1, ii < 7, (ii++)]): null

18-11-2024T02:51:22 - [TEST_STEP][PASSED] - i1 = x.indexOf("/") + 1: null

18-11-2024T02:51:22 - [TEST_STEP][PASSED] - if (i1 > -1): null

18-11-2024T02:51:22 - [TEST_STEP][PASSED] - x = x.substring(i1, x.length()): null

18-11-2024T02:51:22 - [TEST_STEP][PASSED] - println(x): null

18-11-2024T02:51:22 - [TEST_STEP][PASSED] - i1 = x.indexOf("/") + 1: null

18-11-2024T02:51:22 - [TEST_STEP][PASSED] - if (i1 > -1): null

18-11-2024T02:51:22 - [TEST_STEP][PASSED] - x = x.substring(i1, x.length()): null

18-11-2024T02:51:22 - [TEST_STEP][PASSED] - println(x): null

18-11-2024T02:51:22 - [TEST_STEP][PASSED] - i1 = x.indexOf("/") + 1: null

18-11-2024T02:51:22 - [TEST_STEP][PASSED] - if (i1 > -1): null

18-11-2024T02:51:22 - [TEST_STEP][PASSED] - x = x.substring(i1, x.length()): null

18-11-2024T02:51:22 - [TEST_STEP][PASSED] - println(x): null

18-11-2024T02:51:22 - [TEST_STEP][PASSED] - i1 = x.indexOf("/") + 1: null

18-11-2024T02:51:22 - [TEST_STEP][PASSED] - if (i1 > -1): null

18-11-2024T02:51:22 - [TEST_STEP][PASSED] - x = x.substring(i1, x.length()): null

18-11-2024T02:51:22 - [TEST_STEP][PASSED] - println(x): null

18-11-2024T02:51:22 - [TEST_STEP][PASSED] - i1 = x.indexOf("/") + 1: null

18-11-2024T02:51:22 - [TEST_STEP][PASSED] - if (i1 > -1): null

18-11-2024T02:51:22 - [TEST_STEP][PASSED] - x = x.substring(i1, x.length()): null

18-11-2024T02:51:22 - [TEST_STEP][PASSED] - println(x): null

18-11-2024T02:51:22 - [TEST_STEP][PASSED] - i1 = x.indexOf("/") + 1: null

18-11-2024T02:51:22 - [TEST_STEP][PASSED] - if (i1 > -1): null

18-11-2024T02:51:22 - [TEST_STEP][PASSED] - x = x.substring(i1, x.length()): null

18-11-2024T02:51:22 - [TEST_STEP][PASSED] - println(x): null

18-11-2024T02:51:22 - [TEST_STEP][PASSED] - i1 = x.indexOf("/"): null

18-11-2024T02:51:22 - [TEST_STEP][PASSED] - if (i1 > -1): null

18-11-2024T02:51:22 - [TEST_STEP][PASSED] - x = x.substring(0, i1): null

18-11-2024T02:51:22 - [TEST_STEP][PASSED] - println(x): null

18-11-2024T02:51:22 - [TEST_STEP][PASSED] - return x: null

18-11-2024T02:51:22 - [TEST_STEP][PASSED] - tabB = GetOvSPlanB(x = b): null

18-11-2024T02:51:22 - [TEST_STEP][PASSED] - i1 = <not implemented yet for class: org.codehaus.groovy.ast.expr.EmptyExpression>: null

18-11-2024T02:51:22 - [TEST_STEP][PASSED] - ii = <not implemented yet for class: org.codehaus.groovy.ast.expr.EmptyExpression>: null

18-11-2024T02:51:22 - [TEST_STEP][PASSED] - for ([ii = 1, ii < 7, (ii++)]): null

18-11-2024T02:51:22 - [TEST_STEP][PASSED] - i1 = x.indexOf("/") + 1: null

18-11-2024T02:51:22 - [TEST_STEP][PASSED] - if (i1 > -1): null

18-11-2024T02:51:22 - [TEST_STEP][PASSED] - x = x.substring(i1, x.length()): null

18-11-2024T02:51:22 - [TEST_STEP][PASSED] - println(x): null

18-11-2024T02:51:22 - [TEST_STEP][PASSED] - i1 = x.indexOf("/") + 1: null

18-11-2024T02:51:22 - [TEST_STEP][PASSED] - if (i1 > -1): null

18-11-2024T02:51:22 - [TEST_STEP][PASSED] - x = x.substring(i1, x.length()): null

18-11-2024T02:51:22 - [TEST_STEP][PASSED] - println(x): null

18-11-2024T02:51:22 - [TEST_STEP][PASSED] - i1 = x.indexOf("/") + 1: null

18-11-2024T02:51:22 - [TEST_STEP][PASSED] - if (i1 > -1): null

18-11-2024T02:51:22 - [TEST_STEP][PASSED] - x = x.substring(i1, x.length()): null

18-11-2024T02:51:22 - [TEST_STEP][PASSED] - println(x): null

18-11-2024T02:51:22 - [TEST_STEP][PASSED] - i1 = x.indexOf("/") + 1: null

18-11-2024T02:51:22 - [TEST_STEP][PASSED] - if (i1 > -1): null

18-11-2024T02:51:22 - [TEST_STEP][PASSED] - x = x.substring(i1, x.length()): null

18-11-2024T02:51:22 - [TEST_STEP][PASSED] - println(x): null

18-11-2024T02:51:22 - [TEST_STEP][PASSED] - i1 = x.indexOf("/") + 1: null

18-11-2024T02:51:22 - [TEST_STEP][PASSED] - if (i1 > -1): null

18-11-2024T02:51:22 - [TEST_STEP][PASSED] - x = x.substring(i1, x.length()): null

18-11-2024T02:51:22 - [TEST_STEP][PASSED] - println(x): null

18-11-2024T02:51:22 - [TEST_STEP][PASSED] - i1 = x.indexOf("/") + 1: null

18-11-2024T02:51:22 - [TEST_STEP][PASSED] - if (i1 > -1): null

18-11-2024T02:51:22 - [TEST_STEP][PASSED] - x = x.substring(i1, x.length()): null

18-11-2024T02:51:22 - [TEST_STEP][PASSED] - println(x): null

18-11-2024T02:51:22 - [TEST_STEP][PASSED] - i1 = x.indexOf("/"): null

18-11-2024T02:51:22 - [TEST_STEP][PASSED] - if (i1 > -1): null

18-11-2024T02:51:22 - [TEST_STEP][PASSED] - x = x.substring(0, i1): null

18-11-2024T02:51:22 - [TEST_STEP][PASSED] - println(x): null

18-11-2024T02:51:22 - [TEST_STEP][FAILED] - return x: null

18-11-2024T02:51:22 - [TEST_STEP][PASSED] - println(tabR + "/" + tabB): null

18-11-2024T02:51:22 - [TEST_STEP][FAILED] - if (verifyEqual(PercFactR, PercFactB) == false): null

18-11-2024T02:51:22 - [MESSAGE][FAILED] - Unable to verify equal between actual object 'нет данных' and expected object '4.94' (Root cause: com.kms.katalon.core.exception.StepFailedException: Actual object 'нет данных' and expected object '4.94' are not equal
	at com.kms.katalon.core.keyword.builtin.VerifyEqualKeyword$_verifyEqual_closure1.doCall(VerifyEqualKeyword.groovy:58)
	at com.kms.katalon.core.keyword.builtin.VerifyEqualKeyword$_verifyEqual_closure1.call(VerifyEqualKeyword.groovy)
	at com.kms.katalon.core.keyword.internal.KeywordMain.runKeyword(KeywordMain.groovy:75)
	at com.kms.katalon.core.keyword.builtin.VerifyEqualKeyword.verifyEqual(VerifyEqualKeyword.groovy:63)
	at com.kms.katalon.core.keyword.builtin.VerifyEqualKeyword.execute(VerifyEqualKeyword.groovy:44)
	at com.kms.katalon.core.keyword.internal.KeywordExecutor.executeKeywordForPlatform(KeywordExecutor.groovy:74)
	at com.kms.katalon.core.keyword.BuiltinKeywords.verifyEqual(BuiltinKeywords.groovy:146)
	at jdk.internal.reflect.GeneratedMethodAccessor25.invoke(Unknown Source)
	at java.base/jdk.internal.reflect.DelegatingMethodAccessorImpl.invoke(DelegatingMethodAccessorImpl.java:43)
	at Выполнение бизнес-плана сверка дашбордов.CompareDZOData(Выполнение бизнес-плана сверка дашбордов:745)
	at Выполнение бизнес-плана сверка дашбордов.run(Выполнение бизнес-плана сверка дашбордов:598)
	at com.kms.katalon.core.main.ScriptEngine.run(ScriptEngine.java:194)
	at com.kms.katalon.core.main.ScriptEngine.runScriptAsRawText(ScriptEngine.java:119)
	at com.kms.katalon.core.main.TestCaseExecutor.runScript(TestCaseExecutor.java:448)
	at com.kms.katalon.core.main.TestCaseExecutor.doExecute(TestCaseExecutor.java:439)
	at com.kms.katalon.core.main.TestCaseExecutor.processExecutionPhase(TestCaseExecutor.java:418)
	at com.kms.katalon.core.main.TestCaseExecutor.accessMainPhase(TestCaseExecutor.java:410)
	at com.kms.katalon.core.main.TestCaseExecutor.execute(TestCaseExecutor.java:285)
	at com.kms.katalon.core.common.CommonExecutor.accessTestCaseMainPhase(CommonExecutor.java:65)
	at com.kms.katalon.core.main.TestSuiteExecutor.accessTestSuiteMainPhase(TestSuiteExecutor.java:150)
	at com.kms.katalon.core.main.TestSuiteExecutor.execute(TestSuiteExecutor.java:106)
	at com.kms.katalon.core.main.TestCaseMain.startTestSuite(TestCaseMain.java:180)
	at TempTestSuite1731886967590.run(TempTestSuite1731886967590.groovy:35)
	at java.base/jdk.internal.reflect.NativeMethodAccessorImpl.invoke0(Native Method)
	at java.base/jdk.internal.reflect.NativeMethodAccessorImpl.invoke(NativeMethodAccessorImpl.java:77)
	at java.base/jdk.internal.reflect.DelegatingMethodAccessorImpl.invoke(DelegatingMethodAccessorImpl.java:43)
)

18-11-2024T02:51:22 - [TEST_STEP][PASSED] - result = WriteToExcel(typeOfData, todaysDate, PercPlanR, PercPlanB, PercFactR, PercFactB, x, tabR, tabB, o1R, o1B, vidget): null

18-11-2024T02:51:22 - [TEST_STEP][PASSED] - iii = dZO.indexOf("/"): null

18-11-2024T02:51:22 - [TEST_STEP][PASSED] - println(iii): null

18-11-2024T02:51:22 - [TEST_STEP][PASSED] - dZO = dZO.substring(0, iii): null

18-11-2024T02:51:22 - [TEST_STEP][PASSED] - println(dZO): null

18-11-2024T02:51:22 - [TEST_STEP][PASSED] - println(PercPlanR): null

18-11-2024T02:51:22 - [TEST_STEP][PASSED] - println(PercPlanB): null

18-11-2024T02:51:22 - [TEST_STEP][PASSED] - println(PercFactR): null

18-11-2024T02:51:22 - [TEST_STEP][PASSED] - println(PercFactB): null

18-11-2024T02:51:22 - [TEST_STEP][PASSED] - println(tabR): null

18-11-2024T02:51:22 - [TEST_STEP][PASSED] - println(tabB): null

18-11-2024T02:51:22 - [TEST_STEP][PASSED] - println(o1R): null

18-11-2024T02:51:22 - [TEST_STEP][PASSED] - println(o1B): null

18-11-2024T02:51:22 - [TEST_STEP][PASSED] - PR = <not implemented yet for class: org.codehaus.groovy.ast.expr.EmptyExpression>: null

18-11-2024T02:51:22 - [TEST_STEP][PASSED] - FR = <not implemented yet for class: org.codehaus.groovy.ast.expr.EmptyExpression>: null

18-11-2024T02:51:22 - [TEST_STEP][PASSED] - PB = <not implemented yet for class: org.codehaus.groovy.ast.expr.EmptyExpression>: null

18-11-2024T02:51:22 - [TEST_STEP][PASSED] - FB = <not implemented yet for class: org.codehaus.groovy.ast.expr.EmptyExpression>: null

18-11-2024T02:51:22 - [TEST_STEP][PASSED] - TR = <not implemented yet for class: org.codehaus.groovy.ast.expr.EmptyExpression>: null

18-11-2024T02:51:22 - [TEST_STEP][PASSED] - TB = <not implemented yet for class: org.codehaus.groovy.ast.expr.EmptyExpression>: null

18-11-2024T02:51:22 - [TEST_STEP][PASSED] - sheetName = "Sheet1": null

18-11-2024T02:51:22 - [TEST_STEP][PASSED] - data = findTestData("PlanFact"): null

18-11-2024T02:51:22 - [TEST_STEP][PASSED] - n = data.getRowNumbers() + 1: null

18-11-2024T02:51:22 - [TEST_STEP][PASSED] - year = todaysDate.substring(todaysDate.length() - 4, todaysDate.length()): null

18-11-2024T02:51:22 - [TEST_STEP][PASSED] - y = year.toInteger(): null

18-11-2024T02:51:22 - [TEST_STEP][PASSED] - m = getText(findTestObject("Выполнение бизнес-плана/Выполнение бизнес-плана Балансы/Фильтр Дата")): Text of object 'Object Repository/Выполнение бизнес-плана/Выполнение бизнес-плана Балансы/Фильтр Дата' is: '1, 2, 3 кв. 2024 года'

18-11-2024T02:51:22 - [MESSAGE][PASSED] - Text of object 'Object Repository/Выполнение бизнес-плана/Выполнение бизнес-плана Балансы/Фильтр Дата' is: '1, 2, 3 кв. 2024 года'

18-11-2024T02:51:22 - [TEST_STEP][PASSED] - m = m.substring(0, m.indexOf("2024")): null

18-11-2024T02:51:22 - [TEST_STEP][PASSED] - m = m.trim(): null

18-11-2024T02:51:22 - [TEST_STEP][PASSED] - dashboardName = "Выполнение бизнес-плана": null

18-11-2024T02:51:22 - [TEST_STEP][PASSED] - workbook01 = getWorkbook(excelFilePath): null

18-11-2024T02:51:22 - [TEST_STEP][PASSED] - sheet01 = getExcelSheet(workbook01, sheetName): null

18-11-2024T02:51:22 - [TEST_STEP][PASSED] - setValueToCellByIndex(sheet01, n, 0, dashboardName): null

18-11-2024T02:51:22 - [TEST_STEP][PASSED] - setValueToCellByIndex(sheet01, n, 1, dZO): null

18-11-2024T02:51:22 - [TEST_STEP][PASSED] - setValueToCellByIndex(sheet01, n, 2, typeOfData): null

18-11-2024T02:51:22 - [TEST_STEP][PASSED] - setValueToCellByIndex(sheet01, n, 3, typeOfData): null

18-11-2024T02:51:22 - [TEST_STEP][PASSED] - if (typeOfData == "План"): null

18-11-2024T02:51:22 - [TEST_STEP][PASSED] - else if (typeOfData == "Факт"): null

18-11-2024T02:51:22 - [TEST_STEP][PASSED] - else if (vidget.contains("электроэнергии") == true): null

18-11-2024T02:51:22 - [TEST_STEP][PASSED] - if (tabR == null): null

18-11-2024T02:51:22 - [TEST_STEP][PASSED] - else: null

18-11-2024T02:51:22 - [TEST_STEP][PASSED] - if (tabR == "нет данных"): null

18-11-2024T02:51:22 - [TEST_STEP][PASSED] - setValueToCellByIndex(sheet01, n, 4, "нет данных"): null

18-11-2024T02:51:22 - [TEST_STEP][PASSED] - if (tabB == null): null

18-11-2024T02:51:22 - [TEST_STEP][PASSED] - else: null

18-11-2024T02:51:22 - [TEST_STEP][PASSED] - if (tabB == "нет данных"): null

18-11-2024T02:51:22 - [TEST_STEP][PASSED] - else: null

18-11-2024T02:51:22 - [TEST_STEP][PASSED] - TB = tabB.toInteger(): null

18-11-2024T02:51:22 - [TEST_STEP][PASSED] - setValueToCellByIndex(sheet01, n, 5, TB): null

18-11-2024T02:51:22 - [TEST_STEP][PASSED] - setValueToCellByIndex(sheet01, n, 6, m): null

18-11-2024T02:51:22 - [TEST_STEP][PASSED] - setValueToCellByIndex(sheet01, n, 7, y): null

18-11-2024T02:51:22 - [TEST_STEP][PASSED] - setValueToCellByIndex(sheet01, n, 8, todaysDate): null

18-11-2024T02:51:22 - [TEST_STEP][PASSED] - n = n + 1: null

18-11-2024T02:51:22 - [TEST_STEP][PASSED] - saveWorkbook(excelFilePath, workbook01): null

18-11-2024T02:51:22 - [TEST_STEP][PASSED] - typeOfData = "План Отпуск из сети": null

18-11-2024T02:51:22 - [TEST_STEP][PASSED] - tabR = GetOiSPlanR(x = a): null

18-11-2024T02:51:22 - [TEST_STEP][PASSED] - i1 = <not implemented yet for class: org.codehaus.groovy.ast.expr.EmptyExpression>: null

18-11-2024T02:51:22 - [TEST_STEP][PASSED] - ii = <not implemented yet for class: org.codehaus.groovy.ast.expr.EmptyExpression>: null

18-11-2024T02:51:22 - [TEST_STEP][PASSED] - for ([ii = 1, ii < 8, (ii++)]): null

18-11-2024T02:51:22 - [TEST_STEP][PASSED] - i1 = x.indexOf("/") + 1: null

18-11-2024T02:51:22 - [TEST_STEP][PASSED] - if (i1 > -1): null

18-11-2024T02:51:22 - [TEST_STEP][PASSED] - x = x.substring(i1, x.length()): null

18-11-2024T02:51:22 - [TEST_STEP][PASSED] - println(x): null

18-11-2024T02:51:22 - [TEST_STEP][PASSED] - i1 = x.indexOf("/") + 1: null

18-11-2024T02:51:22 - [TEST_STEP][PASSED] - if (i1 > -1): null

18-11-2024T02:51:22 - [TEST_STEP][PASSED] - x = x.substring(i1, x.length()): null

18-11-2024T02:51:22 - [TEST_STEP][PASSED] - println(x): null

18-11-2024T02:51:22 - [TEST_STEP][PASSED] - i1 = x.indexOf("/") + 1: null

18-11-2024T02:51:22 - [TEST_STEP][PASSED] - if (i1 > -1): null

18-11-2024T02:51:22 - [TEST_STEP][PASSED] - x = x.substring(i1, x.length()): null

18-11-2024T02:51:22 - [TEST_STEP][PASSED] - println(x): null

18-11-2024T02:51:22 - [TEST_STEP][PASSED] - i1 = x.indexOf("/") + 1: null

18-11-2024T02:51:22 - [TEST_STEP][PASSED] - if (i1 > -1): null

18-11-2024T02:51:22 - [TEST_STEP][PASSED] - x = x.substring(i1, x.length()): null

18-11-2024T02:51:22 - [TEST_STEP][PASSED] - println(x): null

18-11-2024T02:51:22 - [TEST_STEP][PASSED] - i1 = x.indexOf("/") + 1: null

18-11-2024T02:51:22 - [TEST_STEP][PASSED] - if (i1 > -1): null

18-11-2024T02:51:22 - [TEST_STEP][PASSED] - x = x.substring(i1, x.length()): null

18-11-2024T02:51:22 - [TEST_STEP][PASSED] - println(x): null

18-11-2024T02:51:22 - [TEST_STEP][PASSED] - i1 = x.indexOf("/") + 1: null

18-11-2024T02:51:22 - [TEST_STEP][PASSED] - if (i1 > -1): null

18-11-2024T02:51:22 - [TEST_STEP][PASSED] - x = x.substring(i1, x.length()): null

18-11-2024T02:51:22 - [TEST_STEP][PASSED] - println(x): null

18-11-2024T02:51:22 - [TEST_STEP][PASSED] - i1 = x.indexOf("/") + 1: null

18-11-2024T02:51:22 - [TEST_STEP][PASSED] - if (i1 > -1): null

18-11-2024T02:51:22 - [TEST_STEP][PASSED] - x = x.substring(i1, x.length()): null

18-11-2024T02:51:22 - [TEST_STEP][PASSED] - println(x): null

18-11-2024T02:51:22 - [TEST_STEP][PASSED] - i1 = x.indexOf("/"): null

18-11-2024T02:51:22 - [TEST_STEP][PASSED] - if (i1 > -1): null

18-11-2024T02:51:22 - [TEST_STEP][PASSED] - x = x.substring(0, i1): null

18-11-2024T02:51:22 - [TEST_STEP][PASSED] - println(x): null

18-11-2024T02:51:22 - [TEST_STEP][PASSED] - return x: null

18-11-2024T02:51:22 - [TEST_STEP][PASSED] - tabB = GetOiSPlanB(x = b): null

18-11-2024T02:51:22 - [TEST_STEP][PASSED] - i1 = <not implemented yet for class: org.codehaus.groovy.ast.expr.EmptyExpression>: null

18-11-2024T02:51:22 - [TEST_STEP][PASSED] - ii = <not implemented yet for class: org.codehaus.groovy.ast.expr.EmptyExpression>: null

18-11-2024T02:51:22 - [TEST_STEP][PASSED] - for ([ii = 1, ii < 8, (ii++)]): null

18-11-2024T02:51:22 - [TEST_STEP][PASSED] - i1 = x.indexOf("/") + 1: null

18-11-2024T02:51:22 - [TEST_STEP][PASSED] - if (i1 > -1): null

18-11-2024T02:51:22 - [TEST_STEP][PASSED] - x = x.substring(i1, x.length()): null

18-11-2024T02:51:22 - [TEST_STEP][PASSED] - println(x): null

18-11-2024T02:51:22 - [TEST_STEP][PASSED] - i1 = x.indexOf("/") + 1: null

18-11-2024T02:51:22 - [TEST_STEP][PASSED] - if (i1 > -1): null

18-11-2024T02:51:22 - [TEST_STEP][PASSED] - x = x.substring(i1, x.length()): null

18-11-2024T02:51:22 - [TEST_STEP][PASSED] - println(x): null

18-11-2024T02:51:22 - [TEST_STEP][PASSED] - i1 = x.indexOf("/") + 1: null

18-11-2024T02:51:22 - [TEST_STEP][PASSED] - if (i1 > -1): null

18-11-2024T02:51:22 - [TEST_STEP][PASSED] - x = x.substring(i1, x.length()): null

18-11-2024T02:51:22 - [TEST_STEP][PASSED] - println(x): null

18-11-2024T02:51:22 - [TEST_STEP][PASSED] - i1 = x.indexOf("/") + 1: null

18-11-2024T02:51:22 - [TEST_STEP][PASSED] - if (i1 > -1): null

18-11-2024T02:51:22 - [TEST_STEP][PASSED] - x = x.substring(i1, x.length()): null

18-11-2024T02:51:22 - [TEST_STEP][PASSED] - println(x): null

18-11-2024T02:51:22 - [TEST_STEP][PASSED] - i1 = x.indexOf("/") + 1: null

18-11-2024T02:51:22 - [TEST_STEP][PASSED] - if (i1 > -1): null

18-11-2024T02:51:22 - [TEST_STEP][PASSED] - x = x.substring(i1, x.length()): null

18-11-2024T02:51:22 - [TEST_STEP][PASSED] - println(x): null

18-11-2024T02:51:22 - [TEST_STEP][PASSED] - i1 = x.indexOf("/") + 1: null

18-11-2024T02:51:22 - [TEST_STEP][PASSED] - if (i1 > -1): null

18-11-2024T02:51:22 - [TEST_STEP][PASSED] - x = x.substring(i1, x.length()): null

18-11-2024T02:51:22 - [TEST_STEP][PASSED] - println(x): null

18-11-2024T02:51:22 - [TEST_STEP][PASSED] - i1 = x.indexOf("/") + 1: null

18-11-2024T02:51:22 - [TEST_STEP][PASSED] - if (i1 > -1): null

18-11-2024T02:51:22 - [TEST_STEP][PASSED] - x = x.substring(i1, x.length()): null

18-11-2024T02:51:22 - [TEST_STEP][PASSED] - println(x): null

18-11-2024T02:51:22 - [TEST_STEP][PASSED] - i1 = x.indexOf("/"): null

18-11-2024T02:51:22 - [TEST_STEP][PASSED] - if (i1 > -1): null

18-11-2024T02:51:22 - [TEST_STEP][PASSED] - x = x.substring(0, i1): null

18-11-2024T02:51:22 - [TEST_STEP][PASSED] - println(x): null

18-11-2024T02:51:22 - [TEST_STEP][FAILED] - return x: null

18-11-2024T02:51:22 - [TEST_STEP][PASSED] - println(tabR + "/" + tabB): null

18-11-2024T02:51:22 - [TEST_STEP][FAILED] - if (verifyEqual(PercFactR, PercFactB) == false): null

18-11-2024T02:51:22 - [MESSAGE][FAILED] - Unable to verify equal between actual object 'нет данных' and expected object '4.94' (Root cause: com.kms.katalon.core.exception.StepFailedException: Actual object 'нет данных' and expected object '4.94' are not equal
	at com.kms.katalon.core.keyword.builtin.VerifyEqualKeyword$_verifyEqual_closure1.doCall(VerifyEqualKeyword.groovy:58)
	at com.kms.katalon.core.keyword.builtin.VerifyEqualKeyword$_verifyEqual_closure1.call(VerifyEqualKeyword.groovy)
	at com.kms.katalon.core.keyword.internal.KeywordMain.runKeyword(KeywordMain.groovy:75)
	at com.kms.katalon.core.keyword.builtin.VerifyEqualKeyword.verifyEqual(VerifyEqualKeyword.groovy:63)
	at com.kms.katalon.core.keyword.builtin.VerifyEqualKeyword.execute(VerifyEqualKeyword.groovy:44)
	at com.kms.katalon.core.keyword.internal.KeywordExecutor.executeKeywordForPlatform(KeywordExecutor.groovy:74)
	at com.kms.katalon.core.keyword.BuiltinKeywords.verifyEqual(BuiltinKeywords.groovy:146)
	at jdk.internal.reflect.GeneratedMethodAccessor25.invoke(Unknown Source)
	at java.base/jdk.internal.reflect.DelegatingMethodAccessorImpl.invoke(DelegatingMethodAccessorImpl.java:43)
	at Выполнение бизнес-плана сверка дашбордов.CompareDZOData(Выполнение бизнес-плана сверка дашбордов:758)
	at Выполнение бизнес-плана сверка дашбордов.run(Выполнение бизнес-плана сверка дашбордов:598)
	at com.kms.katalon.core.main.ScriptEngine.run(ScriptEngine.java:194)
	at com.kms.katalon.core.main.ScriptEngine.runScriptAsRawText(ScriptEngine.java:119)
	at com.kms.katalon.core.main.TestCaseExecutor.runScript(TestCaseExecutor.java:448)
	at com.kms.katalon.core.main.TestCaseExecutor.doExecute(TestCaseExecutor.java:439)
	at com.kms.katalon.core.main.TestCaseExecutor.processExecutionPhase(TestCaseExecutor.java:418)
	at com.kms.katalon.core.main.TestCaseExecutor.accessMainPhase(TestCaseExecutor.java:410)
	at com.kms.katalon.core.main.TestCaseExecutor.execute(TestCaseExecutor.java:285)
	at com.kms.katalon.core.common.CommonExecutor.accessTestCaseMainPhase(CommonExecutor.java:65)
	at com.kms.katalon.core.main.TestSuiteExecutor.accessTestSuiteMainPhase(TestSuiteExecutor.java:150)
	at com.kms.katalon.core.main.TestSuiteExecutor.execute(TestSuiteExecutor.java:106)
	at com.kms.katalon.core.main.TestCaseMain.startTestSuite(TestCaseMain.java:180)
	at TempTestSuite1731886967590.run(TempTestSuite1731886967590.groovy:35)
	at java.base/jdk.internal.reflect.NativeMethodAccessorImpl.invoke0(Native Method)
	at java.base/jdk.internal.reflect.NativeMethodAccessorImpl.invoke(NativeMethodAccessorImpl.java:77)
	at java.base/jdk.internal.reflect.DelegatingMethodAccessorImpl.invoke(DelegatingMethodAccessorImpl.java:43)
)

18-11-2024T02:51:22 - [TEST_STEP][PASSED] - result = WriteToExcel(typeOfData, todaysDate, PercPlanR, PercPlanB, PercFactR, PercFactB, x, tabR, tabB, o1R, o1B, vidget): null

18-11-2024T02:51:22 - [TEST_STEP][PASSED] - iii = dZO.indexOf("/"): null

18-11-2024T02:51:22 - [TEST_STEP][PASSED] - println(iii): null

18-11-2024T02:51:22 - [TEST_STEP][PASSED] - dZO = dZO.substring(0, iii): null

18-11-2024T02:51:22 - [TEST_STEP][PASSED] - println(dZO): null

18-11-2024T02:51:22 - [TEST_STEP][PASSED] - println(PercPlanR): null

18-11-2024T02:51:22 - [TEST_STEP][PASSED] - println(PercPlanB): null

18-11-2024T02:51:22 - [TEST_STEP][PASSED] - println(PercFactR): null

18-11-2024T02:51:22 - [TEST_STEP][PASSED] - println(PercFactB): null

18-11-2024T02:51:22 - [TEST_STEP][PASSED] - println(tabR): null

18-11-2024T02:51:22 - [TEST_STEP][PASSED] - println(tabB): null

18-11-2024T02:51:22 - [TEST_STEP][PASSED] - println(o1R): null

18-11-2024T02:51:22 - [TEST_STEP][PASSED] - println(o1B): null

18-11-2024T02:51:22 - [TEST_STEP][PASSED] - PR = <not implemented yet for class: org.codehaus.groovy.ast.expr.EmptyExpression>: null

18-11-2024T02:51:22 - [TEST_STEP][PASSED] - FR = <not implemented yet for class: org.codehaus.groovy.ast.expr.EmptyExpression>: null

18-11-2024T02:51:22 - [TEST_STEP][PASSED] - PB = <not implemented yet for class: org.codehaus.groovy.ast.expr.EmptyExpression>: null

18-11-2024T02:51:22 - [TEST_STEP][PASSED] - FB = <not implemented yet for class: org.codehaus.groovy.ast.expr.EmptyExpression>: null

18-11-2024T02:51:22 - [TEST_STEP][PASSED] - TR = <not implemented yet for class: org.codehaus.groovy.ast.expr.EmptyExpression>: null

18-11-2024T02:51:22 - [TEST_STEP][PASSED] - TB = <not implemented yet for class: org.codehaus.groovy.ast.expr.EmptyExpression>: null

18-11-2024T02:51:22 - [TEST_STEP][PASSED] - sheetName = "Sheet1": null

18-11-2024T02:51:22 - [TEST_STEP][PASSED] - data = findTestData("PlanFact"): null

18-11-2024T02:51:22 - [TEST_STEP][PASSED] - n = data.getRowNumbers() + 1: null

18-11-2024T02:51:22 - [TEST_STEP][PASSED] - year = todaysDate.substring(todaysDate.length() - 4, todaysDate.length()): null

18-11-2024T02:51:22 - [TEST_STEP][PASSED] - y = year.toInteger(): null

18-11-2024T02:51:22 - [TEST_STEP][PASSED] - m = getText(findTestObject("Выполнение бизнес-плана/Выполнение бизнес-плана Балансы/Фильтр Дата")): Text of object 'Object Repository/Выполнение бизнес-плана/Выполнение бизнес-плана Балансы/Фильтр Дата' is: '1, 2, 3 кв. 2024 года'

18-11-2024T02:51:23 - [MESSAGE][PASSED] - Text of object 'Object Repository/Выполнение бизнес-плана/Выполнение бизнес-плана Балансы/Фильтр Дата' is: '1, 2, 3 кв. 2024 года'

18-11-2024T02:51:23 - [TEST_STEP][PASSED] - m = m.substring(0, m.indexOf("2024")): null

18-11-2024T02:51:23 - [TEST_STEP][PASSED] - m = m.trim(): null

18-11-2024T02:51:23 - [TEST_STEP][PASSED] - dashboardName = "Выполнение бизнес-плана": null

18-11-2024T02:51:23 - [TEST_STEP][PASSED] - workbook01 = getWorkbook(excelFilePath): null

18-11-2024T02:51:23 - [TEST_STEP][PASSED] - sheet01 = getExcelSheet(workbook01, sheetName): null

18-11-2024T02:51:23 - [TEST_STEP][PASSED] - setValueToCellByIndex(sheet01, n, 0, dashboardName): null

18-11-2024T02:51:23 - [TEST_STEP][PASSED] - setValueToCellByIndex(sheet01, n, 1, dZO): null

18-11-2024T02:51:23 - [TEST_STEP][PASSED] - setValueToCellByIndex(sheet01, n, 2, typeOfData): null

18-11-2024T02:51:23 - [TEST_STEP][PASSED] - setValueToCellByIndex(sheet01, n, 3, typeOfData): null

18-11-2024T02:51:23 - [TEST_STEP][PASSED] - if (typeOfData == "План"): null

18-11-2024T02:51:23 - [TEST_STEP][PASSED] - else if (typeOfData == "Факт"): null

18-11-2024T02:51:23 - [TEST_STEP][PASSED] - else if (vidget.contains("электроэнергии") == true): null

18-11-2024T02:51:23 - [TEST_STEP][PASSED] - if (tabR == null): null

18-11-2024T02:51:23 - [TEST_STEP][PASSED] - else: null

18-11-2024T02:51:23 - [TEST_STEP][PASSED] - if (tabR == "нет данных"): null

18-11-2024T02:51:23 - [TEST_STEP][PASSED] - setValueToCellByIndex(sheet01, n, 4, "нет данных"): null

18-11-2024T02:51:23 - [TEST_STEP][PASSED] - if (tabB == null): null

18-11-2024T02:51:23 - [TEST_STEP][PASSED] - else: null

18-11-2024T02:51:23 - [TEST_STEP][PASSED] - if (tabB == "нет данных"): null

18-11-2024T02:51:23 - [TEST_STEP][PASSED] - else: null

18-11-2024T02:51:23 - [TEST_STEP][PASSED] - TB = tabB.toInteger(): null

18-11-2024T02:51:23 - [TEST_STEP][PASSED] - setValueToCellByIndex(sheet01, n, 5, TB): null

18-11-2024T02:51:23 - [TEST_STEP][PASSED] - setValueToCellByIndex(sheet01, n, 6, m): null

18-11-2024T02:51:23 - [TEST_STEP][PASSED] - setValueToCellByIndex(sheet01, n, 7, y): null

18-11-2024T02:51:23 - [TEST_STEP][PASSED] - setValueToCellByIndex(sheet01, n, 8, todaysDate): null

18-11-2024T02:51:23 - [TEST_STEP][PASSED] - n = n + 1: null

18-11-2024T02:51:23 - [TEST_STEP][PASSED] - saveWorkbook(excelFilePath, workbook01): null

18-11-2024T02:51:23 - [TEST_STEP][PASSED] - typeOfData = "План Потери": null

18-11-2024T02:51:23 - [TEST_STEP][PASSED] - tabR = GetPPlanR(x = a): null

18-11-2024T02:51:23 - [TEST_STEP][PASSED] - i1 = <not implemented yet for class: org.codehaus.groovy.ast.expr.EmptyExpression>: null

18-11-2024T02:51:23 - [TEST_STEP][PASSED] - ii = <not implemented yet for class: org.codehaus.groovy.ast.expr.EmptyExpression>: null

18-11-2024T02:51:23 - [TEST_STEP][PASSED] - for ([ii = 1, ii < 9, (ii++)]): null

18-11-2024T02:51:23 - [TEST_STEP][PASSED] - i1 = x.indexOf("/") + 1: null

18-11-2024T02:51:23 - [TEST_STEP][PASSED] - if (i1 > -1): null

18-11-2024T02:51:23 - [TEST_STEP][PASSED] - x = x.substring(i1, x.length()): null

18-11-2024T02:51:23 - [TEST_STEP][PASSED] - println(x): null

18-11-2024T02:51:23 - [TEST_STEP][PASSED] - i1 = x.indexOf("/") + 1: null

18-11-2024T02:51:23 - [TEST_STEP][PASSED] - if (i1 > -1): null

18-11-2024T02:51:23 - [TEST_STEP][PASSED] - x = x.substring(i1, x.length()): null

18-11-2024T02:51:23 - [TEST_STEP][PASSED] - println(x): null

18-11-2024T02:51:23 - [TEST_STEP][PASSED] - i1 = x.indexOf("/") + 1: null

18-11-2024T02:51:23 - [TEST_STEP][PASSED] - if (i1 > -1): null

18-11-2024T02:51:23 - [TEST_STEP][PASSED] - x = x.substring(i1, x.length()): null

18-11-2024T02:51:23 - [TEST_STEP][PASSED] - println(x): null

18-11-2024T02:51:23 - [TEST_STEP][PASSED] - i1 = x.indexOf("/") + 1: null

18-11-2024T02:51:23 - [TEST_STEP][PASSED] - if (i1 > -1): null

18-11-2024T02:51:23 - [TEST_STEP][PASSED] - x = x.substring(i1, x.length()): null

18-11-2024T02:51:23 - [TEST_STEP][PASSED] - println(x): null

18-11-2024T02:51:23 - [TEST_STEP][PASSED] - i1 = x.indexOf("/") + 1: null

18-11-2024T02:51:23 - [TEST_STEP][PASSED] - if (i1 > -1): null

18-11-2024T02:51:23 - [TEST_STEP][PASSED] - x = x.substring(i1, x.length()): null

18-11-2024T02:51:23 - [TEST_STEP][PASSED] - println(x): null

18-11-2024T02:51:23 - [TEST_STEP][PASSED] - i1 = x.indexOf("/") + 1: null

18-11-2024T02:51:23 - [TEST_STEP][PASSED] - if (i1 > -1): null

18-11-2024T02:51:23 - [TEST_STEP][PASSED] - x = x.substring(i1, x.length()): null

18-11-2024T02:51:23 - [TEST_STEP][PASSED] - println(x): null

18-11-2024T02:51:23 - [TEST_STEP][PASSED] - i1 = x.indexOf("/") + 1: null

18-11-2024T02:51:23 - [TEST_STEP][PASSED] - if (i1 > -1): null

18-11-2024T02:51:23 - [TEST_STEP][PASSED] - x = x.substring(i1, x.length()): null

18-11-2024T02:51:23 - [TEST_STEP][PASSED] - println(x): null

18-11-2024T02:51:23 - [TEST_STEP][PASSED] - i1 = x.indexOf("/") + 1: null

18-11-2024T02:51:23 - [TEST_STEP][PASSED] - if (i1 > -1): null

18-11-2024T02:51:23 - [TEST_STEP][PASSED] - x = x.substring(i1, x.length()): null

18-11-2024T02:51:23 - [TEST_STEP][PASSED] - println(x): null

18-11-2024T02:51:23 - [TEST_STEP][PASSED] - i1 = x.indexOf("/"): null

18-11-2024T02:51:23 - [TEST_STEP][PASSED] - if (i1 > -1): null

18-11-2024T02:51:23 - [TEST_STEP][PASSED] - x = x.substring(0, i1): null

18-11-2024T02:51:23 - [TEST_STEP][PASSED] - println(x): null

18-11-2024T02:51:23 - [TEST_STEP][PASSED] - return x: null

18-11-2024T02:51:23 - [TEST_STEP][PASSED] - tabB = GetPPlanB(x = b): null

18-11-2024T02:51:23 - [TEST_STEP][PASSED] - i1 = <not implemented yet for class: org.codehaus.groovy.ast.expr.EmptyExpression>: null

18-11-2024T02:51:23 - [TEST_STEP][PASSED] - ii = <not implemented yet for class: org.codehaus.groovy.ast.expr.EmptyExpression>: null

18-11-2024T02:51:23 - [TEST_STEP][PASSED] - for ([ii = 1, ii < 9, (ii++)]): null

18-11-2024T02:51:23 - [TEST_STEP][PASSED] - i1 = x.indexOf("/") + 1: null

18-11-2024T02:51:23 - [TEST_STEP][PASSED] - if (i1 > -1): null

18-11-2024T02:51:23 - [TEST_STEP][PASSED] - x = x.substring(i1, x.length()): null

18-11-2024T02:51:23 - [TEST_STEP][PASSED] - println(x): null

18-11-2024T02:51:23 - [TEST_STEP][PASSED] - i1 = x.indexOf("/") + 1: null

18-11-2024T02:51:23 - [TEST_STEP][PASSED] - if (i1 > -1): null

18-11-2024T02:51:23 - [TEST_STEP][PASSED] - x = x.substring(i1, x.length()): null

18-11-2024T02:51:23 - [TEST_STEP][PASSED] - println(x): null

18-11-2024T02:51:23 - [TEST_STEP][PASSED] - i1 = x.indexOf("/") + 1: null

18-11-2024T02:51:23 - [TEST_STEP][PASSED] - if (i1 > -1): null

18-11-2024T02:51:23 - [TEST_STEP][PASSED] - x = x.substring(i1, x.length()): null

18-11-2024T02:51:23 - [TEST_STEP][PASSED] - println(x): null

18-11-2024T02:51:23 - [TEST_STEP][PASSED] - i1 = x.indexOf("/") + 1: null

18-11-2024T02:51:23 - [TEST_STEP][PASSED] - if (i1 > -1): null

18-11-2024T02:51:23 - [TEST_STEP][PASSED] - x = x.substring(i1, x.length()): null

18-11-2024T02:51:23 - [TEST_STEP][PASSED] - println(x): null

18-11-2024T02:51:23 - [TEST_STEP][PASSED] - i1 = x.indexOf("/") + 1: null

18-11-2024T02:51:23 - [TEST_STEP][PASSED] - if (i1 > -1): null

18-11-2024T02:51:23 - [TEST_STEP][PASSED] - x = x.substring(i1, x.length()): null

18-11-2024T02:51:23 - [TEST_STEP][PASSED] - println(x): null

18-11-2024T02:51:23 - [TEST_STEP][PASSED] - i1 = x.indexOf("/") + 1: null

18-11-2024T02:51:23 - [TEST_STEP][PASSED] - if (i1 > -1): null

18-11-2024T02:51:23 - [TEST_STEP][PASSED] - x = x.substring(i1, x.length()): null

18-11-2024T02:51:23 - [TEST_STEP][PASSED] - println(x): null

18-11-2024T02:51:23 - [TEST_STEP][PASSED] - i1 = x.indexOf("/") + 1: null

18-11-2024T02:51:23 - [TEST_STEP][PASSED] - if (i1 > -1): null

18-11-2024T02:51:23 - [TEST_STEP][PASSED] - x = x.substring(i1, x.length()): null

18-11-2024T02:51:23 - [TEST_STEP][PASSED] - println(x): null

18-11-2024T02:51:23 - [TEST_STEP][PASSED] - i1 = x.indexOf("/") + 1: null

18-11-2024T02:51:23 - [TEST_STEP][PASSED] - if (i1 > -1): null

18-11-2024T02:51:23 - [TEST_STEP][PASSED] - x = x.substring(i1, x.length()): null

18-11-2024T02:51:23 - [TEST_STEP][PASSED] - println(x): null

18-11-2024T02:51:23 - [TEST_STEP][PASSED] - i1 = x.indexOf("/"): null

18-11-2024T02:51:23 - [TEST_STEP][PASSED] - if (i1 > -1): null

18-11-2024T02:51:23 - [TEST_STEP][PASSED] - x = x.substring(0, i1): null

18-11-2024T02:51:23 - [TEST_STEP][PASSED] - println(x): null

18-11-2024T02:51:23 - [TEST_STEP][FAILED] - return x: null

18-11-2024T02:51:23 - [TEST_STEP][PASSED] - println(tabR + "/" + tabB): null

18-11-2024T02:51:23 - [TEST_STEP][FAILED] - if (verifyEqual(PercFactR, PercFactB) == false): null

18-11-2024T02:51:23 - [MESSAGE][FAILED] - Unable to verify equal between actual object 'нет данных' and expected object '4.94' (Root cause: com.kms.katalon.core.exception.StepFailedException: Actual object 'нет данных' and expected object '4.94' are not equal
	at com.kms.katalon.core.keyword.builtin.VerifyEqualKeyword$_verifyEqual_closure1.doCall(VerifyEqualKeyword.groovy:58)
	at com.kms.katalon.core.keyword.builtin.VerifyEqualKeyword$_verifyEqual_closure1.call(VerifyEqualKeyword.groovy)
	at com.kms.katalon.core.keyword.internal.KeywordMain.runKeyword(KeywordMain.groovy:75)
	at com.kms.katalon.core.keyword.builtin.VerifyEqualKeyword.verifyEqual(VerifyEqualKeyword.groovy:63)
	at com.kms.katalon.core.keyword.builtin.VerifyEqualKeyword.execute(VerifyEqualKeyword.groovy:44)
	at com.kms.katalon.core.keyword.internal.KeywordExecutor.executeKeywordForPlatform(KeywordExecutor.groovy:74)
	at com.kms.katalon.core.keyword.BuiltinKeywords.verifyEqual(BuiltinKeywords.groovy:146)
	at jdk.internal.reflect.GeneratedMethodAccessor25.invoke(Unknown Source)
	at java.base/jdk.internal.reflect.DelegatingMethodAccessorImpl.invoke(DelegatingMethodAccessorImpl.java:43)
	at Выполнение бизнес-плана сверка дашбордов.CompareDZOData(Выполнение бизнес-плана сверка дашбордов:771)
	at Выполнение бизнес-плана сверка дашбордов.run(Выполнение бизнес-плана сверка дашбордов:598)
	at com.kms.katalon.core.main.ScriptEngine.run(ScriptEngine.java:194)
	at com.kms.katalon.core.main.ScriptEngine.runScriptAsRawText(ScriptEngine.java:119)
	at com.kms.katalon.core.main.TestCaseExecutor.runScript(TestCaseExecutor.java:448)
	at com.kms.katalon.core.main.TestCaseExecutor.doExecute(TestCaseExecutor.java:439)
	at com.kms.katalon.core.main.TestCaseExecutor.processExecutionPhase(TestCaseExecutor.java:418)
	at com.kms.katalon.core.main.TestCaseExecutor.accessMainPhase(TestCaseExecutor.java:410)
	at com.kms.katalon.core.main.TestCaseExecutor.execute(TestCaseExecutor.java:285)
	at com.kms.katalon.core.common.CommonExecutor.accessTestCaseMainPhase(CommonExecutor.java:65)
	at com.kms.katalon.core.main.TestSuiteExecutor.accessTestSuiteMainPhase(TestSuiteExecutor.java:150)
	at com.kms.katalon.core.main.TestSuiteExecutor.execute(TestSuiteExecutor.java:106)
	at com.kms.katalon.core.main.TestCaseMain.startTestSuite(TestCaseMain.java:180)
	at TempTestSuite1731886967590.run(TempTestSuite1731886967590.groovy:35)
	at java.base/jdk.internal.reflect.NativeMethodAccessorImpl.invoke0(Native Method)
	at java.base/jdk.internal.reflect.NativeMethodAccessorImpl.invoke(NativeMethodAccessorImpl.java:77)
	at java.base/jdk.internal.reflect.DelegatingMethodAccessorImpl.invoke(DelegatingMethodAccessorImpl.java:43)
)

18-11-2024T02:51:23 - [TEST_STEP][PASSED] - result = WriteToExcel(typeOfData, todaysDate, PercPlanR, PercPlanB, PercFactR, PercFactB, x, tabR, tabB, o1R, o1B, vidget): null

18-11-2024T02:51:23 - [TEST_STEP][PASSED] - iii = dZO.indexOf("/"): null

18-11-2024T02:51:23 - [TEST_STEP][PASSED] - println(iii): null

18-11-2024T02:51:23 - [TEST_STEP][PASSED] - dZO = dZO.substring(0, iii): null

18-11-2024T02:51:23 - [TEST_STEP][PASSED] - println(dZO): null

18-11-2024T02:51:23 - [TEST_STEP][PASSED] - println(PercPlanR): null

18-11-2024T02:51:23 - [TEST_STEP][PASSED] - println(PercPlanB): null

18-11-2024T02:51:23 - [TEST_STEP][PASSED] - println(PercFactR): null

18-11-2024T02:51:23 - [TEST_STEP][PASSED] - println(PercFactB): null

18-11-2024T02:51:23 - [TEST_STEP][PASSED] - println(tabR): null

18-11-2024T02:51:23 - [TEST_STEP][PASSED] - println(tabB): null

18-11-2024T02:51:23 - [TEST_STEP][PASSED] - println(o1R): null

18-11-2024T02:51:23 - [TEST_STEP][PASSED] - println(o1B): null

18-11-2024T02:51:23 - [TEST_STEP][PASSED] - PR = <not implemented yet for class: org.codehaus.groovy.ast.expr.EmptyExpression>: null

18-11-2024T02:51:23 - [TEST_STEP][PASSED] - FR = <not implemented yet for class: org.codehaus.groovy.ast.expr.EmptyExpression>: null

18-11-2024T02:51:23 - [TEST_STEP][PASSED] - PB = <not implemented yet for class: org.codehaus.groovy.ast.expr.EmptyExpression>: null

18-11-2024T02:51:23 - [TEST_STEP][PASSED] - FB = <not implemented yet for class: org.codehaus.groovy.ast.expr.EmptyExpression>: null

18-11-2024T02:51:23 - [TEST_STEP][PASSED] - TR = <not implemented yet for class: org.codehaus.groovy.ast.expr.EmptyExpression>: null

18-11-2024T02:51:23 - [TEST_STEP][PASSED] - TB = <not implemented yet for class: org.codehaus.groovy.ast.expr.EmptyExpression>: null

18-11-2024T02:51:23 - [TEST_STEP][PASSED] - sheetName = "Sheet1": null

18-11-2024T02:51:23 - [TEST_STEP][PASSED] - data = findTestData("PlanFact"): null

18-11-2024T02:51:23 - [TEST_STEP][PASSED] - n = data.getRowNumbers() + 1: null

18-11-2024T02:51:23 - [TEST_STEP][PASSED] - year = todaysDate.substring(todaysDate.length() - 4, todaysDate.length()): null

18-11-2024T02:51:23 - [TEST_STEP][PASSED] - y = year.toInteger(): null

18-11-2024T02:51:23 - [TEST_STEP][PASSED] - m = getText(findTestObject("Выполнение бизнес-плана/Выполнение бизнес-плана Балансы/Фильтр Дата")): Text of object 'Object Repository/Выполнение бизнес-плана/Выполнение бизнес-плана Балансы/Фильтр Дата' is: '1, 2, 3 кв. 2024 года'

18-11-2024T02:51:23 - [MESSAGE][PASSED] - Text of object 'Object Repository/Выполнение бизнес-плана/Выполнение бизнес-плана Балансы/Фильтр Дата' is: '1, 2, 3 кв. 2024 года'

18-11-2024T02:51:23 - [TEST_STEP][PASSED] - m = m.substring(0, m.indexOf("2024")): null

18-11-2024T02:51:23 - [TEST_STEP][PASSED] - m = m.trim(): null

18-11-2024T02:51:23 - [TEST_STEP][PASSED] - dashboardName = "Выполнение бизнес-плана": null

18-11-2024T02:51:23 - [TEST_STEP][PASSED] - workbook01 = getWorkbook(excelFilePath): null

18-11-2024T02:51:23 - [TEST_STEP][PASSED] - sheet01 = getExcelSheet(workbook01, sheetName): null

18-11-2024T02:51:23 - [TEST_STEP][PASSED] - setValueToCellByIndex(sheet01, n, 0, dashboardName): null

18-11-2024T02:51:23 - [TEST_STEP][PASSED] - setValueToCellByIndex(sheet01, n, 1, dZO): null

18-11-2024T02:51:23 - [TEST_STEP][PASSED] - setValueToCellByIndex(sheet01, n, 2, typeOfData): null

18-11-2024T02:51:23 - [TEST_STEP][PASSED] - setValueToCellByIndex(sheet01, n, 3, typeOfData): null

18-11-2024T02:51:23 - [TEST_STEP][PASSED] - if (typeOfData == "План"): null

18-11-2024T02:51:23 - [TEST_STEP][PASSED] - else if (typeOfData == "Факт"): null

18-11-2024T02:51:23 - [TEST_STEP][PASSED] - else if (vidget.contains("электроэнергии") == true): null

18-11-2024T02:51:23 - [TEST_STEP][PASSED] - if (tabR == null): null

18-11-2024T02:51:23 - [TEST_STEP][PASSED] - else: null

18-11-2024T02:51:23 - [TEST_STEP][PASSED] - if (tabR == "нет данных"): null

18-11-2024T02:51:23 - [TEST_STEP][PASSED] - setValueToCellByIndex(sheet01, n, 4, "нет данных"): null

18-11-2024T02:51:23 - [TEST_STEP][PASSED] - if (tabB == null): null

18-11-2024T02:51:23 - [TEST_STEP][PASSED] - else: null

18-11-2024T02:51:23 - [TEST_STEP][PASSED] - if (tabB == "нет данных"): null

18-11-2024T02:51:23 - [TEST_STEP][PASSED] - else: null

18-11-2024T02:51:23 - [TEST_STEP][PASSED] - TB = tabB.toInteger(): null

18-11-2024T02:51:23 - [TEST_STEP][PASSED] - setValueToCellByIndex(sheet01, n, 5, TB): null

18-11-2024T02:51:23 - [TEST_STEP][PASSED] - setValueToCellByIndex(sheet01, n, 6, m): null

18-11-2024T02:51:23 - [TEST_STEP][PASSED] - setValueToCellByIndex(sheet01, n, 7, y): null

18-11-2024T02:51:23 - [TEST_STEP][PASSED] - setValueToCellByIndex(sheet01, n, 8, todaysDate): null

18-11-2024T02:51:23 - [TEST_STEP][PASSED] - n = n + 1: null

18-11-2024T02:51:23 - [TEST_STEP][PASSED] - saveWorkbook(excelFilePath, workbook01): null

18-11-2024T02:51:24 - [TEST_STEP][PASSED] - ii2 = a.indexOf("ПАО"): null

18-11-2024T02:51:24 - [TEST_STEP][PASSED] - if (ii2 == -1): null

18-11-2024T02:51:24 - [TEST_STEP][PASSED] - vidget = "Отклонения фактического уровня потерь от бизнес-плана": null

18-11-2024T02:51:24 - [TEST_STEP][PASSED] - typeOfData = "Коэффициент": null

18-11-2024T02:51:24 - [TEST_STEP][PASSED] - o1R = Geto1R(x = a): null

18-11-2024T02:51:24 - [TEST_STEP][PASSED] - i1 = <not implemented yet for class: org.codehaus.groovy.ast.expr.EmptyExpression>: null

18-11-2024T02:51:24 - [TEST_STEP][PASSED] - ii = <not implemented yet for class: org.codehaus.groovy.ast.expr.EmptyExpression>: null

18-11-2024T02:51:24 - [TEST_STEP][PASSED] - for ([ii = 1, ii < 10, (ii++)]): null

18-11-2024T02:51:24 - [TEST_STEP][PASSED] - i1 = x.indexOf("/") + 1: null

18-11-2024T02:51:24 - [TEST_STEP][PASSED] - if (i1 > -1): null

18-11-2024T02:51:24 - [TEST_STEP][PASSED] - x = x.substring(i1, x.length()): null

18-11-2024T02:51:24 - [TEST_STEP][PASSED] - i1 = x.indexOf("/") + 1: null

18-11-2024T02:51:24 - [TEST_STEP][PASSED] - if (i1 > -1): null

18-11-2024T02:51:24 - [TEST_STEP][PASSED] - x = x.substring(i1, x.length()): null

18-11-2024T02:51:24 - [TEST_STEP][PASSED] - i1 = x.indexOf("/") + 1: null

18-11-2024T02:51:24 - [TEST_STEP][PASSED] - if (i1 > -1): null

18-11-2024T02:51:24 - [TEST_STEP][PASSED] - x = x.substring(i1, x.length()): null

18-11-2024T02:51:24 - [TEST_STEP][PASSED] - i1 = x.indexOf("/") + 1: null

18-11-2024T02:51:24 - [TEST_STEP][PASSED] - if (i1 > -1): null

18-11-2024T02:51:24 - [TEST_STEP][PASSED] - x = x.substring(i1, x.length()): null

18-11-2024T02:51:24 - [TEST_STEP][PASSED] - i1 = x.indexOf("/") + 1: null

18-11-2024T02:51:24 - [TEST_STEP][PASSED] - if (i1 > -1): null

18-11-2024T02:51:24 - [TEST_STEP][PASSED] - x = x.substring(i1, x.length()): null

18-11-2024T02:51:24 - [TEST_STEP][PASSED] - i1 = x.indexOf("/") + 1: null

18-11-2024T02:51:24 - [TEST_STEP][PASSED] - if (i1 > -1): null

18-11-2024T02:51:24 - [TEST_STEP][PASSED] - x = x.substring(i1, x.length()): null

18-11-2024T02:51:24 - [TEST_STEP][PASSED] - i1 = x.indexOf("/") + 1: null

18-11-2024T02:51:24 - [TEST_STEP][PASSED] - if (i1 > -1): null

18-11-2024T02:51:24 - [TEST_STEP][PASSED] - x = x.substring(i1, x.length()): null

18-11-2024T02:51:24 - [TEST_STEP][PASSED] - i1 = x.indexOf("/") + 1: null

18-11-2024T02:51:24 - [TEST_STEP][PASSED] - if (i1 > -1): null

18-11-2024T02:51:24 - [TEST_STEP][PASSED] - x = x.substring(i1, x.length()): null

18-11-2024T02:51:24 - [TEST_STEP][PASSED] - i1 = x.indexOf("/") + 1: null

18-11-2024T02:51:24 - [TEST_STEP][PASSED] - if (i1 > -1): null

18-11-2024T02:51:24 - [TEST_STEP][PASSED] - x = x.substring(i1, x.length()): null

18-11-2024T02:51:24 - [TEST_STEP][PASSED] - i1 = x.indexOf("/"): null

18-11-2024T02:51:24 - [TEST_STEP][PASSED] - if (i1 > -1): null

18-11-2024T02:51:24 - [TEST_STEP][PASSED] - println(x): null

18-11-2024T02:51:24 - [TEST_STEP][PASSED] - return x: null

18-11-2024T02:51:24 - [TEST_STEP][PASSED] - o1B = Geto1B(x = b): null

18-11-2024T02:51:24 - [TEST_STEP][PASSED] - i1 = <not implemented yet for class: org.codehaus.groovy.ast.expr.EmptyExpression>: null

18-11-2024T02:51:24 - [TEST_STEP][PASSED] - ii = <not implemented yet for class: org.codehaus.groovy.ast.expr.EmptyExpression>: null

18-11-2024T02:51:24 - [TEST_STEP][PASSED] - for ([ii = 1, ii < 10, (ii++)]): null

18-11-2024T02:51:24 - [TEST_STEP][PASSED] - i1 = x.indexOf("/") + 1: null

18-11-2024T02:51:24 - [TEST_STEP][PASSED] - if (i1 > -1): null

18-11-2024T02:51:24 - [TEST_STEP][PASSED] - x = x.substring(i1, x.length()): null

18-11-2024T02:51:24 - [TEST_STEP][PASSED] - i1 = x.indexOf("/") + 1: null

18-11-2024T02:51:24 - [TEST_STEP][PASSED] - if (i1 > -1): null

18-11-2024T02:51:24 - [TEST_STEP][PASSED] - x = x.substring(i1, x.length()): null

18-11-2024T02:51:24 - [TEST_STEP][PASSED] - i1 = x.indexOf("/") + 1: null

18-11-2024T02:51:24 - [TEST_STEP][PASSED] - if (i1 > -1): null

18-11-2024T02:51:24 - [TEST_STEP][PASSED] - x = x.substring(i1, x.length()): null

18-11-2024T02:51:24 - [TEST_STEP][PASSED] - i1 = x.indexOf("/") + 1: null

18-11-2024T02:51:24 - [TEST_STEP][PASSED] - if (i1 > -1): null

18-11-2024T02:51:24 - [TEST_STEP][PASSED] - x = x.substring(i1, x.length()): null

18-11-2024T02:51:24 - [TEST_STEP][PASSED] - i1 = x.indexOf("/") + 1: null

18-11-2024T02:51:24 - [TEST_STEP][PASSED] - if (i1 > -1): null

18-11-2024T02:51:24 - [TEST_STEP][PASSED] - x = x.substring(i1, x.length()): null

18-11-2024T02:51:24 - [TEST_STEP][PASSED] - i1 = x.indexOf("/") + 1: null

18-11-2024T02:51:24 - [TEST_STEP][PASSED] - if (i1 > -1): null

18-11-2024T02:51:24 - [TEST_STEP][PASSED] - x = x.substring(i1, x.length()): null

18-11-2024T02:51:24 - [TEST_STEP][PASSED] - i1 = x.indexOf("/") + 1: null

18-11-2024T02:51:24 - [TEST_STEP][PASSED] - if (i1 > -1): null

18-11-2024T02:51:24 - [TEST_STEP][PASSED] - x = x.substring(i1, x.length()): null

18-11-2024T02:51:24 - [TEST_STEP][PASSED] - i1 = x.indexOf("/") + 1: null

18-11-2024T02:51:24 - [TEST_STEP][PASSED] - if (i1 > -1): null

18-11-2024T02:51:24 - [TEST_STEP][PASSED] - x = x.substring(i1, x.length()): null

18-11-2024T02:51:24 - [TEST_STEP][PASSED] - i1 = x.indexOf("/") + 1: null

18-11-2024T02:51:24 - [TEST_STEP][PASSED] - if (i1 > -1): null

18-11-2024T02:51:24 - [TEST_STEP][PASSED] - x = x.substring(i1, x.length()): null

18-11-2024T02:51:24 - [TEST_STEP][PASSED] - i1 = x.indexOf("/"): null

18-11-2024T02:51:24 - [TEST_STEP][PASSED] - if (i1 > -1): null

18-11-2024T02:51:24 - [TEST_STEP][PASSED] - println(x): null

18-11-2024T02:51:24 - [TEST_STEP][FAILED] - return x: null

18-11-2024T02:51:24 - [TEST_STEP][PASSED] - println(o1R + "/" + o1B): null

18-11-2024T02:51:24 - [TEST_STEP][FAILED] - if (verifyEqual(PercFactR, PercFactB) == false): null

18-11-2024T02:51:24 - [MESSAGE][FAILED] - Unable to verify equal between actual object 'нет данных' and expected object '4.94' (Root cause: com.kms.katalon.core.exception.StepFailedException: Actual object 'нет данных' and expected object '4.94' are not equal
	at com.kms.katalon.core.keyword.builtin.VerifyEqualKeyword$_verifyEqual_closure1.doCall(VerifyEqualKeyword.groovy:58)
	at com.kms.katalon.core.keyword.builtin.VerifyEqualKeyword$_verifyEqual_closure1.call(VerifyEqualKeyword.groovy)
	at com.kms.katalon.core.keyword.internal.KeywordMain.runKeyword(KeywordMain.groovy:75)
	at com.kms.katalon.core.keyword.builtin.VerifyEqualKeyword.verifyEqual(VerifyEqualKeyword.groovy:63)
	at com.kms.katalon.core.keyword.builtin.VerifyEqualKeyword.execute(VerifyEqualKeyword.groovy:44)
	at com.kms.katalon.core.keyword.internal.KeywordExecutor.executeKeywordForPlatform(KeywordExecutor.groovy:74)
	at com.kms.katalon.core.keyword.BuiltinKeywords.verifyEqual(BuiltinKeywords.groovy:146)
	at jdk.internal.reflect.GeneratedMethodAccessor25.invoke(Unknown Source)
	at java.base/jdk.internal.reflect.DelegatingMethodAccessorImpl.invoke(DelegatingMethodAccessorImpl.java:43)
	at Выполнение бизнес-плана сверка дашбордов.CompareDZOData(Выполнение бизнес-плана сверка дашбордов:789)
	at Выполнение бизнес-плана сверка дашбордов.run(Выполнение бизнес-плана сверка дашбордов:598)
	at com.kms.katalon.core.main.ScriptEngine.run(ScriptEngine.java:194)
	at com.kms.katalon.core.main.ScriptEngine.runScriptAsRawText(ScriptEngine.java:119)
	at com.kms.katalon.core.main.TestCaseExecutor.runScript(TestCaseExecutor.java:448)
	at com.kms.katalon.core.main.TestCaseExecutor.doExecute(TestCaseExecutor.java:439)
	at com.kms.katalon.core.main.TestCaseExecutor.processExecutionPhase(TestCaseExecutor.java:418)
	at com.kms.katalon.core.main.TestCaseExecutor.accessMainPhase(TestCaseExecutor.java:410)
	at com.kms.katalon.core.main.TestCaseExecutor.execute(TestCaseExecutor.java:285)
	at com.kms.katalon.core.common.CommonExecutor.accessTestCaseMainPhase(CommonExecutor.java:65)
	at com.kms.katalon.core.main.TestSuiteExecutor.accessTestSuiteMainPhase(TestSuiteExecutor.java:150)
	at com.kms.katalon.core.main.TestSuiteExecutor.execute(TestSuiteExecutor.java:106)
	at com.kms.katalon.core.main.TestCaseMain.startTestSuite(TestCaseMain.java:180)
	at TempTestSuite1731886967590.run(TempTestSuite1731886967590.groovy:35)
	at java.base/jdk.internal.reflect.NativeMethodAccessorImpl.invoke0(Native Method)
	at java.base/jdk.internal.reflect.NativeMethodAccessorImpl.invoke(NativeMethodAccessorImpl.java:77)
	at java.base/jdk.internal.reflect.DelegatingMethodAccessorImpl.invoke(DelegatingMethodAccessorImpl.java:43)
)

18-11-2024T02:51:24 - [TEST_STEP][PASSED] - result = WriteToExcel(typeOfData, todaysDate, PercPlanR, PercPlanB, PercFactR, PercFactB, x, tabR, tabB, o1R, o1B, vidget): null

18-11-2024T02:51:24 - [TEST_STEP][PASSED] - iii = dZO.indexOf("/"): null

18-11-2024T02:51:24 - [TEST_STEP][PASSED] - println(iii): null

18-11-2024T02:51:24 - [TEST_STEP][PASSED] - dZO = dZO.substring(0, iii): null

18-11-2024T02:51:24 - [TEST_STEP][PASSED] - println(dZO): null

18-11-2024T02:51:24 - [TEST_STEP][PASSED] - println(PercPlanR): null

18-11-2024T02:51:24 - [TEST_STEP][PASSED] - println(PercPlanB): null

18-11-2024T02:51:24 - [TEST_STEP][PASSED] - println(PercFactR): null

18-11-2024T02:51:24 - [TEST_STEP][PASSED] - println(PercFactB): null

18-11-2024T02:51:24 - [TEST_STEP][PASSED] - println(tabR): null

18-11-2024T02:51:24 - [TEST_STEP][PASSED] - println(tabB): null

18-11-2024T02:51:24 - [TEST_STEP][PASSED] - println(o1R): null

18-11-2024T02:51:24 - [TEST_STEP][PASSED] - println(o1B): null

18-11-2024T02:51:24 - [TEST_STEP][PASSED] - PR = <not implemented yet for class: org.codehaus.groovy.ast.expr.EmptyExpression>: null

18-11-2024T02:51:24 - [TEST_STEP][PASSED] - FR = <not implemented yet for class: org.codehaus.groovy.ast.expr.EmptyExpression>: null

18-11-2024T02:51:24 - [TEST_STEP][PASSED] - PB = <not implemented yet for class: org.codehaus.groovy.ast.expr.EmptyExpression>: null

18-11-2024T02:51:24 - [TEST_STEP][PASSED] - FB = <not implemented yet for class: org.codehaus.groovy.ast.expr.EmptyExpression>: null

18-11-2024T02:51:24 - [TEST_STEP][PASSED] - TR = <not implemented yet for class: org.codehaus.groovy.ast.expr.EmptyExpression>: null

18-11-2024T02:51:24 - [TEST_STEP][PASSED] - TB = <not implemented yet for class: org.codehaus.groovy.ast.expr.EmptyExpression>: null

18-11-2024T02:51:24 - [TEST_STEP][PASSED] - sheetName = "Sheet1": null

18-11-2024T02:51:24 - [TEST_STEP][PASSED] - data = findTestData("PlanFact"): null

18-11-2024T02:51:24 - [TEST_STEP][PASSED] - n = data.getRowNumbers() + 1: null

18-11-2024T02:51:24 - [TEST_STEP][PASSED] - year = todaysDate.substring(todaysDate.length() - 4, todaysDate.length()): null

18-11-2024T02:51:24 - [TEST_STEP][PASSED] - y = year.toInteger(): null

18-11-2024T02:51:24 - [TEST_STEP][PASSED] - m = getText(findTestObject("Выполнение бизнес-плана/Выполнение бизнес-плана Балансы/Фильтр Дата")): Text of object 'Object Repository/Выполнение бизнес-плана/Выполнение бизнес-плана Балансы/Фильтр Дата' is: '1, 2, 3 кв. 2024 года'

18-11-2024T02:51:24 - [MESSAGE][PASSED] - Text of object 'Object Repository/Выполнение бизнес-плана/Выполнение бизнес-плана Балансы/Фильтр Дата' is: '1, 2, 3 кв. 2024 года'

18-11-2024T02:51:24 - [TEST_STEP][PASSED] - m = m.substring(0, m.indexOf("2024")): null

18-11-2024T02:51:24 - [TEST_STEP][PASSED] - m = m.trim(): null

18-11-2024T02:51:24 - [TEST_STEP][PASSED] - dashboardName = "Выполнение бизнес-плана": null

18-11-2024T02:51:24 - [TEST_STEP][PASSED] - workbook01 = getWorkbook(excelFilePath): null

18-11-2024T02:51:24 - [TEST_STEP][PASSED] - sheet01 = getExcelSheet(workbook01, sheetName): null

18-11-2024T02:51:24 - [TEST_STEP][PASSED] - setValueToCellByIndex(sheet01, n, 0, dashboardName): null

18-11-2024T02:51:24 - [TEST_STEP][PASSED] - setValueToCellByIndex(sheet01, n, 1, dZO): null

18-11-2024T02:51:24 - [TEST_STEP][PASSED] - setValueToCellByIndex(sheet01, n, 2, typeOfData): null

18-11-2024T02:51:24 - [TEST_STEP][PASSED] - setValueToCellByIndex(sheet01, n, 3, typeOfData): null

18-11-2024T02:51:24 - [TEST_STEP][PASSED] - if (typeOfData == "План"): null

18-11-2024T02:51:24 - [TEST_STEP][PASSED] - else if (typeOfData == "Факт"): null

18-11-2024T02:51:24 - [TEST_STEP][PASSED] - else if (vidget.contains("электроэнергии") == true): null

18-11-2024T02:51:24 - [TEST_STEP][PASSED] - else: null

18-11-2024T02:51:24 - [TEST_STEP][PASSED] - if (o1R == null): null

18-11-2024T02:51:24 - [TEST_STEP][PASSED] - else: null

18-11-2024T02:51:24 - [TEST_STEP][PASSED] - if (o1R == "нет данных"): null

18-11-2024T02:51:24 - [TEST_STEP][PASSED] - setValueToCellByIndex(sheet01, n, 4, "нет данных"): null

18-11-2024T02:51:24 - [TEST_STEP][PASSED] - if (o1B == null): null

18-11-2024T02:51:24 - [TEST_STEP][PASSED] - else: null

18-11-2024T02:51:24 - [TEST_STEP][PASSED] - if (o1B == "нет данных"): null

18-11-2024T02:51:24 - [TEST_STEP][PASSED] - else: null

18-11-2024T02:51:24 - [TEST_STEP][PASSED] - FB = o1B.toDouble(): null

18-11-2024T02:51:24 - [TEST_STEP][PASSED] - setValueToCellByIndex(sheet01, n, 5, FB): null

18-11-2024T02:51:24 - [TEST_STEP][PASSED] - setValueToCellByIndex(sheet01, n, 6, m): null

18-11-2024T02:51:24 - [TEST_STEP][PASSED] - setValueToCellByIndex(sheet01, n, 7, y): null

18-11-2024T02:51:24 - [TEST_STEP][PASSED] - setValueToCellByIndex(sheet01, n, 8, todaysDate): null

18-11-2024T02:51:24 - [TEST_STEP][PASSED] - n = n + 1: null

18-11-2024T02:51:24 - [TEST_STEP][FAILED] - saveWorkbook(excelFilePath, workbook01): null

18-11-2024T02:51:24 - [TEST_STEP][FAILED] - if (verifyEqual(kR, kB) == false): null

18-11-2024T02:51:24 - [MESSAGE][FAILED] - Unable to verify equal between actual object 'Россети Кубань/нет данных/нет данных/нет данных/нет данных/нет данных/нет данных/нет данных/нет данных/нет данных' and expected object 'Россети Кубань/9.22/8.68/19209232/17541196/1668036/18442019/16742025/1699994/-0.53' (Root cause: com.kms.katalon.core.exception.StepFailedException: Actual object 'Россети Кубань/нет данных/нет данных/нет данных/нет данных/нет данных/нет данных/нет данных/нет данных/нет данных' and expected object 'Россети Кубань/9.22/8.68/19209232/17541196/1668036/18442019/16742025/1699994/-0.53' are not equal
	at com.kms.katalon.core.keyword.builtin.VerifyEqualKeyword$_verifyEqual_closure1.doCall(VerifyEqualKeyword.groovy:58)
	at com.kms.katalon.core.keyword.builtin.VerifyEqualKeyword$_verifyEqual_closure1.call(VerifyEqualKeyword.groovy)
	at com.kms.katalon.core.keyword.internal.KeywordMain.runKeyword(KeywordMain.groovy:75)
	at com.kms.katalon.core.keyword.builtin.VerifyEqualKeyword.verifyEqual(VerifyEqualKeyword.groovy:63)
	at com.kms.katalon.core.keyword.builtin.VerifyEqualKeyword.execute(VerifyEqualKeyword.groovy:44)
	at com.kms.katalon.core.keyword.internal.KeywordExecutor.executeKeywordForPlatform(KeywordExecutor.groovy:74)
	at com.kms.katalon.core.keyword.BuiltinKeywords.verifyEqual(BuiltinKeywords.groovy:146)
	at jdk.internal.reflect.GeneratedMethodAccessor25.invoke(Unknown Source)
	at java.base/jdk.internal.reflect.DelegatingMethodAccessorImpl.invoke(DelegatingMethodAccessorImpl.java:43)
	at Выполнение бизнес-плана сверка дашбордов.run(Выполнение бизнес-плана сверка дашбордов:602)
	at com.kms.katalon.core.main.ScriptEngine.run(ScriptEngine.java:194)
	at com.kms.katalon.core.main.ScriptEngine.runScriptAsRawText(ScriptEngine.java:119)
	at com.kms.katalon.core.main.TestCaseExecutor.runScript(TestCaseExecutor.java:448)
	at com.kms.katalon.core.main.TestCaseExecutor.doExecute(TestCaseExecutor.java:439)
	at com.kms.katalon.core.main.TestCaseExecutor.processExecutionPhase(TestCaseExecutor.java:418)
	at com.kms.katalon.core.main.TestCaseExecutor.accessMainPhase(TestCaseExecutor.java:410)
	at com.kms.katalon.core.main.TestCaseExecutor.execute(TestCaseExecutor.java:285)
	at com.kms.katalon.core.common.CommonExecutor.accessTestCaseMainPhase(CommonExecutor.java:65)
	at com.kms.katalon.core.main.TestSuiteExecutor.accessTestSuiteMainPhase(TestSuiteExecutor.java:150)
	at com.kms.katalon.core.main.TestSuiteExecutor.execute(TestSuiteExecutor.java:106)
	at com.kms.katalon.core.main.TestCaseMain.startTestSuite(TestCaseMain.java:180)
	at TempTestSuite1731886967590.run(TempTestSuite1731886967590.groovy:35)
	at java.base/jdk.internal.reflect.NativeMethodAccessorImpl.invoke0(Native Method)
	at java.base/jdk.internal.reflect.NativeMethodAccessorImpl.invoke(NativeMethodAccessorImpl.java:77)
	at java.base/jdk.internal.reflect.DelegatingMethodAccessorImpl.invoke(DelegatingMethodAccessorImpl.java:43)
)

18-11-2024T02:51:24 - [TEST_STEP][PASSED] - result = CompareDZOData(a = kR, b = kB, dZO, typeOfData, PercPlanR, PercPlanB, PercFactR, PercFactB, todaysDate, x, vidget, tabR, tabB, o1R, o1B): null

18-11-2024T02:51:24 - [TEST_STEP][PASSED] - ii2 = <not implemented yet for class: org.codehaus.groovy.ast.expr.EmptyExpression>: null

18-11-2024T02:51:24 - [TEST_STEP][FAILED] - if (verifyEqual(a, b) == false): null

18-11-2024T02:51:24 - [MESSAGE][FAILED] - Unable to verify equal between actual object 'Россети Кубань/нет данных/нет данных/нет данных/нет данных/нет данных/нет данных/нет данных/нет данных/нет данных' and expected object 'Россети Кубань/9.22/8.68/19209232/17541196/1668036/18442019/16742025/1699994/-0.53' (Root cause: com.kms.katalon.core.exception.StepFailedException: Actual object 'Россети Кубань/нет данных/нет данных/нет данных/нет данных/нет данных/нет данных/нет данных/нет данных/нет данных' and expected object 'Россети Кубань/9.22/8.68/19209232/17541196/1668036/18442019/16742025/1699994/-0.53' are not equal
	at com.kms.katalon.core.keyword.builtin.VerifyEqualKeyword$_verifyEqual_closure1.doCall(VerifyEqualKeyword.groovy:58)
	at com.kms.katalon.core.keyword.builtin.VerifyEqualKeyword$_verifyEqual_closure1.call(VerifyEqualKeyword.groovy)
	at com.kms.katalon.core.keyword.internal.KeywordMain.runKeyword(KeywordMain.groovy:75)
	at com.kms.katalon.core.keyword.builtin.VerifyEqualKeyword.verifyEqual(VerifyEqualKeyword.groovy:63)
	at com.kms.katalon.core.keyword.builtin.VerifyEqualKeyword.execute(VerifyEqualKeyword.groovy:44)
	at com.kms.katalon.core.keyword.internal.KeywordExecutor.executeKeywordForPlatform(KeywordExecutor.groovy:74)
	at com.kms.katalon.core.keyword.BuiltinKeywords.verifyEqual(BuiltinKeywords.groovy:146)
	at jdk.internal.reflect.GeneratedMethodAccessor25.invoke(Unknown Source)
	at java.base/jdk.internal.reflect.DelegatingMethodAccessorImpl.invoke(DelegatingMethodAccessorImpl.java:43)
	at Выполнение бизнес-плана сверка дашбордов.CompareDZOData(Выполнение бизнес-плана сверка дашбордов:673)
	at Выполнение бизнес-плана сверка дашбордов.run(Выполнение бизнес-плана сверка дашбордов:603)
	at com.kms.katalon.core.main.ScriptEngine.run(ScriptEngine.java:194)
	at com.kms.katalon.core.main.ScriptEngine.runScriptAsRawText(ScriptEngine.java:119)
	at com.kms.katalon.core.main.TestCaseExecutor.runScript(TestCaseExecutor.java:448)
	at com.kms.katalon.core.main.TestCaseExecutor.doExecute(TestCaseExecutor.java:439)
	at com.kms.katalon.core.main.TestCaseExecutor.processExecutionPhase(TestCaseExecutor.java:418)
	at com.kms.katalon.core.main.TestCaseExecutor.accessMainPhase(TestCaseExecutor.java:410)
	at com.kms.katalon.core.main.TestCaseExecutor.execute(TestCaseExecutor.java:285)
	at com.kms.katalon.core.common.CommonExecutor.accessTestCaseMainPhase(CommonExecutor.java:65)
	at com.kms.katalon.core.main.TestSuiteExecutor.accessTestSuiteMainPhase(TestSuiteExecutor.java:150)
	at com.kms.katalon.core.main.TestSuiteExecutor.execute(TestSuiteExecutor.java:106)
	at com.kms.katalon.core.main.TestCaseMain.startTestSuite(TestCaseMain.java:180)
	at TempTestSuite1731886967590.run(TempTestSuite1731886967590.groovy:35)
	at java.base/jdk.internal.reflect.NativeMethodAccessorImpl.invoke0(Native Method)
	at java.base/jdk.internal.reflect.NativeMethodAccessorImpl.invoke(NativeMethodAccessorImpl.java:77)
	at java.base/jdk.internal.reflect.DelegatingMethodAccessorImpl.invoke(DelegatingMethodAccessorImpl.java:43)
)

18-11-2024T02:51:24 - [TEST_STEP][PASSED] - vidget = "Уровень потерь электроэнергии": null

18-11-2024T02:51:24 - [TEST_STEP][PASSED] - typeOfData = "План": null

18-11-2024T02:51:24 - [TEST_STEP][PASSED] - PercPlanR = GetPercPlanR(x = a): null

18-11-2024T02:51:24 - [TEST_STEP][PASSED] - i1 = <not implemented yet for class: org.codehaus.groovy.ast.expr.EmptyExpression>: null

18-11-2024T02:51:24 - [TEST_STEP][PASSED] - i1 = x.indexOf("/") + 1: null

18-11-2024T02:51:24 - [TEST_STEP][PASSED] - if (i1 > -1): null

18-11-2024T02:51:24 - [TEST_STEP][PASSED] - x = x.substring(i1, x.length()): null

18-11-2024T02:51:24 - [TEST_STEP][PASSED] - i1 = x.indexOf("/"): null

18-11-2024T02:51:24 - [TEST_STEP][PASSED] - if (i1 > -1): null

18-11-2024T02:51:24 - [TEST_STEP][PASSED] - x = x.substring(0, i1): null

18-11-2024T02:51:24 - [TEST_STEP][PASSED] - return x: null

18-11-2024T02:51:24 - [TEST_STEP][PASSED] - PercPlanB = GetPercPlanB(x = b): null

18-11-2024T02:51:24 - [TEST_STEP][PASSED] - i1 = <not implemented yet for class: org.codehaus.groovy.ast.expr.EmptyExpression>: null

18-11-2024T02:51:24 - [TEST_STEP][PASSED] - i1 = x.indexOf("/") + 1: null

18-11-2024T02:51:24 - [TEST_STEP][PASSED] - if (i1 > -1): null

18-11-2024T02:51:24 - [TEST_STEP][PASSED] - x = x.substring(i1, x.length()): null

18-11-2024T02:51:24 - [TEST_STEP][PASSED] - i1 = x.indexOf("/"): null

18-11-2024T02:51:24 - [TEST_STEP][PASSED] - if (i1 > -1): null

18-11-2024T02:51:24 - [TEST_STEP][PASSED] - x = x.substring(0, i1): null

18-11-2024T02:51:24 - [TEST_STEP][FAILED] - return x: null

18-11-2024T02:51:24 - [TEST_STEP][FAILED] - if (verifyEqual(PercPlanR, PercPlanB) == false): null

18-11-2024T02:51:24 - [MESSAGE][FAILED] - Unable to verify equal between actual object 'нет данных' and expected object '9.22' (Root cause: com.kms.katalon.core.exception.StepFailedException: Actual object 'нет данных' and expected object '9.22' are not equal
	at com.kms.katalon.core.keyword.builtin.VerifyEqualKeyword$_verifyEqual_closure1.doCall(VerifyEqualKeyword.groovy:58)
	at com.kms.katalon.core.keyword.builtin.VerifyEqualKeyword$_verifyEqual_closure1.call(VerifyEqualKeyword.groovy)
	at com.kms.katalon.core.keyword.internal.KeywordMain.runKeyword(KeywordMain.groovy:75)
	at com.kms.katalon.core.keyword.builtin.VerifyEqualKeyword.verifyEqual(VerifyEqualKeyword.groovy:63)
	at com.kms.katalon.core.keyword.builtin.VerifyEqualKeyword.execute(VerifyEqualKeyword.groovy:44)
	at com.kms.katalon.core.keyword.internal.KeywordExecutor.executeKeywordForPlatform(KeywordExecutor.groovy:74)
	at com.kms.katalon.core.keyword.BuiltinKeywords.verifyEqual(BuiltinKeywords.groovy:146)
	at jdk.internal.reflect.GeneratedMethodAccessor25.invoke(Unknown Source)
	at java.base/jdk.internal.reflect.DelegatingMethodAccessorImpl.invoke(DelegatingMethodAccessorImpl.java:43)
	at Выполнение бизнес-плана сверка дашбордов.CompareDZOData(Выполнение бизнес-плана сверка дашбордов:682)
	at Выполнение бизнес-плана сверка дашбордов.run(Выполнение бизнес-плана сверка дашбордов:603)
	at com.kms.katalon.core.main.ScriptEngine.run(ScriptEngine.java:194)
	at com.kms.katalon.core.main.ScriptEngine.runScriptAsRawText(ScriptEngine.java:119)
	at com.kms.katalon.core.main.TestCaseExecutor.runScript(TestCaseExecutor.java:448)
	at com.kms.katalon.core.main.TestCaseExecutor.doExecute(TestCaseExecutor.java:439)
	at com.kms.katalon.core.main.TestCaseExecutor.processExecutionPhase(TestCaseExecutor.java:418)
	at com.kms.katalon.core.main.TestCaseExecutor.accessMainPhase(TestCaseExecutor.java:410)
	at com.kms.katalon.core.main.TestCaseExecutor.execute(TestCaseExecutor.java:285)
	at com.kms.katalon.core.common.CommonExecutor.accessTestCaseMainPhase(CommonExecutor.java:65)
	at com.kms.katalon.core.main.TestSuiteExecutor.accessTestSuiteMainPhase(TestSuiteExecutor.java:150)
	at com.kms.katalon.core.main.TestSuiteExecutor.execute(TestSuiteExecutor.java:106)
	at com.kms.katalon.core.main.TestCaseMain.startTestSuite(TestCaseMain.java:180)
	at TempTestSuite1731886967590.run(TempTestSuite1731886967590.groovy:35)
	at java.base/jdk.internal.reflect.NativeMethodAccessorImpl.invoke0(Native Method)
	at java.base/jdk.internal.reflect.NativeMethodAccessorImpl.invoke(NativeMethodAccessorImpl.java:77)
	at java.base/jdk.internal.reflect.DelegatingMethodAccessorImpl.invoke(DelegatingMethodAccessorImpl.java:43)
)

18-11-2024T02:51:24 - [TEST_STEP][PASSED] - result = WriteToExcel(typeOfData, todaysDate, PercPlanR, PercPlanB, PercFactR, PercFactB, x, tabR, tabB, o1R, o1B, vidget): null

18-11-2024T02:51:24 - [TEST_STEP][PASSED] - iii = dZO.indexOf("/"): null

18-11-2024T02:51:24 - [TEST_STEP][PASSED] - println(iii): null

18-11-2024T02:51:24 - [TEST_STEP][PASSED] - dZO = dZO.substring(0, iii): null

18-11-2024T02:51:24 - [TEST_STEP][PASSED] - println(dZO): null

18-11-2024T02:51:24 - [TEST_STEP][PASSED] - println(PercPlanR): null

18-11-2024T02:51:24 - [TEST_STEP][PASSED] - println(PercPlanB): null

18-11-2024T02:51:24 - [TEST_STEP][PASSED] - println(PercFactR): null

18-11-2024T02:51:24 - [TEST_STEP][PASSED] - println(PercFactB): null

18-11-2024T02:51:24 - [TEST_STEP][PASSED] - println(tabR): null

18-11-2024T02:51:24 - [TEST_STEP][PASSED] - println(tabB): null

18-11-2024T02:51:24 - [TEST_STEP][PASSED] - println(o1R): null

18-11-2024T02:51:24 - [TEST_STEP][PASSED] - println(o1B): null

18-11-2024T02:51:24 - [TEST_STEP][PASSED] - PR = <not implemented yet for class: org.codehaus.groovy.ast.expr.EmptyExpression>: null

18-11-2024T02:51:24 - [TEST_STEP][PASSED] - FR = <not implemented yet for class: org.codehaus.groovy.ast.expr.EmptyExpression>: null

18-11-2024T02:51:24 - [TEST_STEP][PASSED] - PB = <not implemented yet for class: org.codehaus.groovy.ast.expr.EmptyExpression>: null

18-11-2024T02:51:24 - [TEST_STEP][PASSED] - FB = <not implemented yet for class: org.codehaus.groovy.ast.expr.EmptyExpression>: null

18-11-2024T02:51:24 - [TEST_STEP][PASSED] - TR = <not implemented yet for class: org.codehaus.groovy.ast.expr.EmptyExpression>: null

18-11-2024T02:51:24 - [TEST_STEP][PASSED] - TB = <not implemented yet for class: org.codehaus.groovy.ast.expr.EmptyExpression>: null

18-11-2024T02:51:24 - [TEST_STEP][PASSED] - sheetName = "Sheet1": null

18-11-2024T02:51:24 - [TEST_STEP][PASSED] - data = findTestData("PlanFact"): null

18-11-2024T02:51:24 - [TEST_STEP][PASSED] - n = data.getRowNumbers() + 1: null

18-11-2024T02:51:24 - [TEST_STEP][PASSED] - year = todaysDate.substring(todaysDate.length() - 4, todaysDate.length()): null

18-11-2024T02:51:24 - [TEST_STEP][PASSED] - y = year.toInteger(): null

18-11-2024T02:51:24 - [TEST_STEP][PASSED] - m = getText(findTestObject("Выполнение бизнес-плана/Выполнение бизнес-плана Балансы/Фильтр Дата")): Text of object 'Object Repository/Выполнение бизнес-плана/Выполнение бизнес-плана Балансы/Фильтр Дата' is: '1, 2, 3 кв. 2024 года'

18-11-2024T02:51:25 - [MESSAGE][PASSED] - Text of object 'Object Repository/Выполнение бизнес-плана/Выполнение бизнес-плана Балансы/Фильтр Дата' is: '1, 2, 3 кв. 2024 года'

18-11-2024T02:51:25 - [TEST_STEP][PASSED] - m = m.substring(0, m.indexOf("2024")): null

18-11-2024T02:51:25 - [TEST_STEP][PASSED] - m = m.trim(): null

18-11-2024T02:51:25 - [TEST_STEP][PASSED] - dashboardName = "Выполнение бизнес-плана": null

18-11-2024T02:51:25 - [TEST_STEP][PASSED] - workbook01 = getWorkbook(excelFilePath): null

18-11-2024T02:51:25 - [TEST_STEP][PASSED] - sheet01 = getExcelSheet(workbook01, sheetName): null

18-11-2024T02:51:25 - [TEST_STEP][PASSED] - setValueToCellByIndex(sheet01, n, 0, dashboardName): null

18-11-2024T02:51:25 - [TEST_STEP][PASSED] - setValueToCellByIndex(sheet01, n, 1, dZO): null

18-11-2024T02:51:25 - [TEST_STEP][PASSED] - setValueToCellByIndex(sheet01, n, 2, typeOfData): null

18-11-2024T02:51:25 - [TEST_STEP][PASSED] - setValueToCellByIndex(sheet01, n, 3, typeOfData): null

18-11-2024T02:51:25 - [TEST_STEP][PASSED] - if (typeOfData == "План"): null

18-11-2024T02:51:25 - [TEST_STEP][PASSED] - if (PercPlanR == null): null

18-11-2024T02:51:25 - [TEST_STEP][PASSED] - else: null

18-11-2024T02:51:25 - [TEST_STEP][PASSED] - if (PercPlanR == "нет данных"): null

18-11-2024T02:51:25 - [TEST_STEP][PASSED] - setValueToCellByIndex(sheet01, n, 4, "нет данных"): null

18-11-2024T02:51:25 - [TEST_STEP][PASSED] - if (PercPlanB == null): null

18-11-2024T02:51:25 - [TEST_STEP][PASSED] - else: null

18-11-2024T02:51:25 - [TEST_STEP][PASSED] - if (PercPlanB == "нет данных"): null

18-11-2024T02:51:25 - [TEST_STEP][PASSED] - else: null

18-11-2024T02:51:25 - [TEST_STEP][PASSED] - PB = PercPlanB.toDouble(): null

18-11-2024T02:51:25 - [TEST_STEP][PASSED] - setValueToCellByIndex(sheet01, n, 5, PB): null

18-11-2024T02:51:25 - [TEST_STEP][PASSED] - setValueToCellByIndex(sheet01, n, 6, m): null

18-11-2024T02:51:25 - [TEST_STEP][PASSED] - setValueToCellByIndex(sheet01, n, 7, y): null

18-11-2024T02:51:25 - [TEST_STEP][PASSED] - setValueToCellByIndex(sheet01, n, 8, todaysDate): null

18-11-2024T02:51:25 - [TEST_STEP][PASSED] - n = n + 1: null

18-11-2024T02:51:25 - [TEST_STEP][PASSED] - saveWorkbook(excelFilePath, workbook01): null

18-11-2024T02:51:25 - [TEST_STEP][PASSED] - typeOfData = "Факт": null

18-11-2024T02:51:25 - [TEST_STEP][PASSED] - PercFactR = GetPercFactR(x = a): null

18-11-2024T02:51:25 - [TEST_STEP][PASSED] - i1 = <not implemented yet for class: org.codehaus.groovy.ast.expr.EmptyExpression>: null

18-11-2024T02:51:25 - [TEST_STEP][PASSED] - ii = <not implemented yet for class: org.codehaus.groovy.ast.expr.EmptyExpression>: null

18-11-2024T02:51:25 - [TEST_STEP][PASSED] - for ([ii = 1, ii < 3, (ii++)]): null

18-11-2024T02:51:25 - [TEST_STEP][PASSED] - i1 = x.indexOf("/") + 1: null

18-11-2024T02:51:25 - [TEST_STEP][PASSED] - if (i1 > -1): null

18-11-2024T02:51:25 - [TEST_STEP][PASSED] - x = x.substring(i1, x.length()): null

18-11-2024T02:51:25 - [TEST_STEP][PASSED] - println(x): null

18-11-2024T02:51:25 - [TEST_STEP][PASSED] - i1 = x.indexOf("/") + 1: null

18-11-2024T02:51:25 - [TEST_STEP][PASSED] - if (i1 > -1): null

18-11-2024T02:51:25 - [TEST_STEP][PASSED] - x = x.substring(i1, x.length()): null

18-11-2024T02:51:25 - [TEST_STEP][PASSED] - println(x): null

18-11-2024T02:51:25 - [TEST_STEP][PASSED] - i1 = x.indexOf("/"): null

18-11-2024T02:51:25 - [TEST_STEP][PASSED] - if (i1 > -1): null

18-11-2024T02:51:25 - [TEST_STEP][PASSED] - x = x.substring(0, i1): null

18-11-2024T02:51:25 - [TEST_STEP][PASSED] - println(x): null

18-11-2024T02:51:25 - [TEST_STEP][PASSED] - return x: null

18-11-2024T02:51:25 - [TEST_STEP][PASSED] - PercFactB = GetPercFactB(x = b): null

18-11-2024T02:51:25 - [TEST_STEP][PASSED] - i1 = <not implemented yet for class: org.codehaus.groovy.ast.expr.EmptyExpression>: null

18-11-2024T02:51:25 - [TEST_STEP][PASSED] - ii = <not implemented yet for class: org.codehaus.groovy.ast.expr.EmptyExpression>: null

18-11-2024T02:51:25 - [TEST_STEP][PASSED] - for ([ii = 1, ii < 3, (ii++)]): null

18-11-2024T02:51:25 - [TEST_STEP][PASSED] - i1 = x.indexOf("/") + 1: null

18-11-2024T02:51:25 - [TEST_STEP][PASSED] - if (i1 > -1): null

18-11-2024T02:51:25 - [TEST_STEP][PASSED] - x = x.substring(i1, x.length()): null

18-11-2024T02:51:25 - [TEST_STEP][PASSED] - println(x): null

18-11-2024T02:51:25 - [TEST_STEP][PASSED] - i1 = x.indexOf("/") + 1: null

18-11-2024T02:51:25 - [TEST_STEP][PASSED] - if (i1 > -1): null

18-11-2024T02:51:25 - [TEST_STEP][PASSED] - x = x.substring(i1, x.length()): null

18-11-2024T02:51:25 - [TEST_STEP][PASSED] - println(x): null

18-11-2024T02:51:25 - [TEST_STEP][PASSED] - i1 = x.indexOf("/"): null

18-11-2024T02:51:25 - [TEST_STEP][PASSED] - if (i1 > -1): null

18-11-2024T02:51:25 - [TEST_STEP][PASSED] - x = x.substring(0, i1): null

18-11-2024T02:51:25 - [TEST_STEP][PASSED] - println(x): null

18-11-2024T02:51:25 - [TEST_STEP][FAILED] - return x: null

18-11-2024T02:51:25 - [TEST_STEP][FAILED] - if (verifyEqual(PercFactR, PercFactB) == false): null

18-11-2024T02:51:25 - [MESSAGE][FAILED] - Unable to verify equal between actual object 'нет данных' and expected object '8.68' (Root cause: com.kms.katalon.core.exception.StepFailedException: Actual object 'нет данных' and expected object '8.68' are not equal
	at com.kms.katalon.core.keyword.builtin.VerifyEqualKeyword$_verifyEqual_closure1.doCall(VerifyEqualKeyword.groovy:58)
	at com.kms.katalon.core.keyword.builtin.VerifyEqualKeyword$_verifyEqual_closure1.call(VerifyEqualKeyword.groovy)
	at com.kms.katalon.core.keyword.internal.KeywordMain.runKeyword(KeywordMain.groovy:75)
	at com.kms.katalon.core.keyword.builtin.VerifyEqualKeyword.verifyEqual(VerifyEqualKeyword.groovy:63)
	at com.kms.katalon.core.keyword.builtin.VerifyEqualKeyword.execute(VerifyEqualKeyword.groovy:44)
	at com.kms.katalon.core.keyword.internal.KeywordExecutor.executeKeywordForPlatform(KeywordExecutor.groovy:74)
	at com.kms.katalon.core.keyword.BuiltinKeywords.verifyEqual(BuiltinKeywords.groovy:146)
	at jdk.internal.reflect.GeneratedMethodAccessor25.invoke(Unknown Source)
	at java.base/jdk.internal.reflect.DelegatingMethodAccessorImpl.invoke(DelegatingMethodAccessorImpl.java:43)
	at Выполнение бизнес-плана сверка дашбордов.CompareDZOData(Выполнение бизнес-плана сверка дашбордов:693)
	at Выполнение бизнес-плана сверка дашбордов.run(Выполнение бизнес-плана сверка дашбордов:603)
	at com.kms.katalon.core.main.ScriptEngine.run(ScriptEngine.java:194)
	at com.kms.katalon.core.main.ScriptEngine.runScriptAsRawText(ScriptEngine.java:119)
	at com.kms.katalon.core.main.TestCaseExecutor.runScript(TestCaseExecutor.java:448)
	at com.kms.katalon.core.main.TestCaseExecutor.doExecute(TestCaseExecutor.java:439)
	at com.kms.katalon.core.main.TestCaseExecutor.processExecutionPhase(TestCaseExecutor.java:418)
	at com.kms.katalon.core.main.TestCaseExecutor.accessMainPhase(TestCaseExecutor.java:410)
	at com.kms.katalon.core.main.TestCaseExecutor.execute(TestCaseExecutor.java:285)
	at com.kms.katalon.core.common.CommonExecutor.accessTestCaseMainPhase(CommonExecutor.java:65)
	at com.kms.katalon.core.main.TestSuiteExecutor.accessTestSuiteMainPhase(TestSuiteExecutor.java:150)
	at com.kms.katalon.core.main.TestSuiteExecutor.execute(TestSuiteExecutor.java:106)
	at com.kms.katalon.core.main.TestCaseMain.startTestSuite(TestCaseMain.java:180)
	at TempTestSuite1731886967590.run(TempTestSuite1731886967590.groovy:35)
	at java.base/jdk.internal.reflect.NativeMethodAccessorImpl.invoke0(Native Method)
	at java.base/jdk.internal.reflect.NativeMethodAccessorImpl.invoke(NativeMethodAccessorImpl.java:77)
	at java.base/jdk.internal.reflect.DelegatingMethodAccessorImpl.invoke(DelegatingMethodAccessorImpl.java:43)
)

18-11-2024T02:51:25 - [TEST_STEP][PASSED] - result = WriteToExcel(typeOfData, todaysDate, PercPlanR, PercPlanB, PercFactR, PercFactB, x, tabR, tabB, o1R, o1B, vidget): null

18-11-2024T02:51:25 - [TEST_STEP][PASSED] - iii = dZO.indexOf("/"): null

18-11-2024T02:51:25 - [TEST_STEP][PASSED] - println(iii): null

18-11-2024T02:51:25 - [TEST_STEP][PASSED] - dZO = dZO.substring(0, iii): null

18-11-2024T02:51:25 - [TEST_STEP][PASSED] - println(dZO): null

18-11-2024T02:51:25 - [TEST_STEP][PASSED] - println(PercPlanR): null

18-11-2024T02:51:25 - [TEST_STEP][PASSED] - println(PercPlanB): null

18-11-2024T02:51:25 - [TEST_STEP][PASSED] - println(PercFactR): null

18-11-2024T02:51:25 - [TEST_STEP][PASSED] - println(PercFactB): null

18-11-2024T02:51:25 - [TEST_STEP][PASSED] - println(tabR): null

18-11-2024T02:51:25 - [TEST_STEP][PASSED] - println(tabB): null

18-11-2024T02:51:25 - [TEST_STEP][PASSED] - println(o1R): null

18-11-2024T02:51:25 - [TEST_STEP][PASSED] - println(o1B): null

18-11-2024T02:51:25 - [TEST_STEP][PASSED] - PR = <not implemented yet for class: org.codehaus.groovy.ast.expr.EmptyExpression>: null

18-11-2024T02:51:25 - [TEST_STEP][PASSED] - FR = <not implemented yet for class: org.codehaus.groovy.ast.expr.EmptyExpression>: null

18-11-2024T02:51:25 - [TEST_STEP][PASSED] - PB = <not implemented yet for class: org.codehaus.groovy.ast.expr.EmptyExpression>: null

18-11-2024T02:51:25 - [TEST_STEP][PASSED] - FB = <not implemented yet for class: org.codehaus.groovy.ast.expr.EmptyExpression>: null

18-11-2024T02:51:25 - [TEST_STEP][PASSED] - TR = <not implemented yet for class: org.codehaus.groovy.ast.expr.EmptyExpression>: null

18-11-2024T02:51:25 - [TEST_STEP][PASSED] - TB = <not implemented yet for class: org.codehaus.groovy.ast.expr.EmptyExpression>: null

18-11-2024T02:51:25 - [TEST_STEP][PASSED] - sheetName = "Sheet1": null

18-11-2024T02:51:25 - [TEST_STEP][PASSED] - data = findTestData("PlanFact"): null

18-11-2024T02:51:25 - [TEST_STEP][PASSED] - n = data.getRowNumbers() + 1: null

18-11-2024T02:51:25 - [TEST_STEP][PASSED] - year = todaysDate.substring(todaysDate.length() - 4, todaysDate.length()): null

18-11-2024T02:51:25 - [TEST_STEP][PASSED] - y = year.toInteger(): null

18-11-2024T02:51:25 - [TEST_STEP][PASSED] - m = getText(findTestObject("Выполнение бизнес-плана/Выполнение бизнес-плана Балансы/Фильтр Дата")): Text of object 'Object Repository/Выполнение бизнес-плана/Выполнение бизнес-плана Балансы/Фильтр Дата' is: '1, 2, 3 кв. 2024 года'

18-11-2024T02:51:25 - [MESSAGE][PASSED] - Text of object 'Object Repository/Выполнение бизнес-плана/Выполнение бизнес-плана Балансы/Фильтр Дата' is: '1, 2, 3 кв. 2024 года'

18-11-2024T02:51:25 - [TEST_STEP][PASSED] - m = m.substring(0, m.indexOf("2024")): null

18-11-2024T02:51:25 - [TEST_STEP][PASSED] - m = m.trim(): null

18-11-2024T02:51:25 - [TEST_STEP][PASSED] - dashboardName = "Выполнение бизнес-плана": null

18-11-2024T02:51:25 - [TEST_STEP][PASSED] - workbook01 = getWorkbook(excelFilePath): null

18-11-2024T02:51:25 - [TEST_STEP][PASSED] - sheet01 = getExcelSheet(workbook01, sheetName): null

18-11-2024T02:51:25 - [TEST_STEP][PASSED] - setValueToCellByIndex(sheet01, n, 0, dashboardName): null

18-11-2024T02:51:25 - [TEST_STEP][PASSED] - setValueToCellByIndex(sheet01, n, 1, dZO): null

18-11-2024T02:51:25 - [TEST_STEP][PASSED] - setValueToCellByIndex(sheet01, n, 2, typeOfData): null

18-11-2024T02:51:25 - [TEST_STEP][PASSED] - setValueToCellByIndex(sheet01, n, 3, typeOfData): null

18-11-2024T02:51:25 - [TEST_STEP][PASSED] - if (typeOfData == "План"): null

18-11-2024T02:51:25 - [TEST_STEP][PASSED] - else if (typeOfData == "Факт"): null

18-11-2024T02:51:25 - [TEST_STEP][PASSED] - if (PercFactR == null): null

18-11-2024T02:51:25 - [TEST_STEP][PASSED] - else: null

18-11-2024T02:51:25 - [TEST_STEP][PASSED] - if (PercFactR == "нет данных"): null

18-11-2024T02:51:25 - [TEST_STEP][PASSED] - setValueToCellByIndex(sheet01, n, 4, "нет данных"): null

18-11-2024T02:51:25 - [TEST_STEP][PASSED] - if (PercFactB == null): null

18-11-2024T02:51:25 - [TEST_STEP][PASSED] - else: null

18-11-2024T02:51:25 - [TEST_STEP][PASSED] - if (PercFactB == "нет данных"): null

18-11-2024T02:51:25 - [TEST_STEP][PASSED] - else: null

18-11-2024T02:51:25 - [TEST_STEP][PASSED] - FB = PercFactB.toDouble(): null

18-11-2024T02:51:25 - [TEST_STEP][PASSED] - setValueToCellByIndex(sheet01, n, 5, FB): null

18-11-2024T02:51:25 - [TEST_STEP][PASSED] - setValueToCellByIndex(sheet01, n, 6, m): null

18-11-2024T02:51:25 - [TEST_STEP][PASSED] - setValueToCellByIndex(sheet01, n, 7, y): null

18-11-2024T02:51:25 - [TEST_STEP][PASSED] - setValueToCellByIndex(sheet01, n, 8, todaysDate): null

18-11-2024T02:51:25 - [TEST_STEP][PASSED] - n = n + 1: null

18-11-2024T02:51:25 - [TEST_STEP][PASSED] - saveWorkbook(excelFilePath, workbook01): null

18-11-2024T02:51:26 - [TEST_STEP][PASSED] - vidget = "Показатели баланса электроэнергии по ДЗО – Факт": null

18-11-2024T02:51:26 - [TEST_STEP][PASSED] - typeOfData = "Факт Отпуск в сеть": null

18-11-2024T02:51:26 - [TEST_STEP][PASSED] - tabR = GetOvSFactR(x = a): null

18-11-2024T02:51:26 - [TEST_STEP][PASSED] - i1 = <not implemented yet for class: org.codehaus.groovy.ast.expr.EmptyExpression>: null

18-11-2024T02:51:26 - [TEST_STEP][PASSED] - ii = <not implemented yet for class: org.codehaus.groovy.ast.expr.EmptyExpression>: null

18-11-2024T02:51:26 - [TEST_STEP][PASSED] - for ([ii = 1, ii < 4, (ii++)]): null

18-11-2024T02:51:26 - [TEST_STEP][PASSED] - i1 = x.indexOf("/") + 1: null

18-11-2024T02:51:26 - [TEST_STEP][PASSED] - if (i1 > -1): null

18-11-2024T02:51:26 - [TEST_STEP][PASSED] - x = x.substring(i1, x.length()): null

18-11-2024T02:51:26 - [TEST_STEP][PASSED] - println(x): null

18-11-2024T02:51:26 - [TEST_STEP][PASSED] - i1 = x.indexOf("/") + 1: null

18-11-2024T02:51:26 - [TEST_STEP][PASSED] - if (i1 > -1): null

18-11-2024T02:51:26 - [TEST_STEP][PASSED] - x = x.substring(i1, x.length()): null

18-11-2024T02:51:26 - [TEST_STEP][PASSED] - println(x): null

18-11-2024T02:51:26 - [TEST_STEP][PASSED] - i1 = x.indexOf("/") + 1: null

18-11-2024T02:51:26 - [TEST_STEP][PASSED] - if (i1 > -1): null

18-11-2024T02:51:26 - [TEST_STEP][PASSED] - x = x.substring(i1, x.length()): null

18-11-2024T02:51:26 - [TEST_STEP][PASSED] - println(x): null

18-11-2024T02:51:26 - [TEST_STEP][PASSED] - i1 = x.indexOf("/"): null

18-11-2024T02:51:26 - [TEST_STEP][PASSED] - if (i1 > -1): null

18-11-2024T02:51:26 - [TEST_STEP][PASSED] - x = x.substring(0, i1): null

18-11-2024T02:51:26 - [TEST_STEP][PASSED] - println(x): null

18-11-2024T02:51:26 - [TEST_STEP][PASSED] - return x: null

18-11-2024T02:51:26 - [TEST_STEP][PASSED] - tabB = GetOvSFactB(x = b): null

18-11-2024T02:51:26 - [TEST_STEP][PASSED] - i1 = <not implemented yet for class: org.codehaus.groovy.ast.expr.EmptyExpression>: null

18-11-2024T02:51:26 - [TEST_STEP][PASSED] - ii = <not implemented yet for class: org.codehaus.groovy.ast.expr.EmptyExpression>: null

18-11-2024T02:51:26 - [TEST_STEP][PASSED] - for ([ii = 1, ii < 4, (ii++)]): null

18-11-2024T02:51:26 - [TEST_STEP][PASSED] - i1 = x.indexOf("/") + 1: null

18-11-2024T02:51:26 - [TEST_STEP][PASSED] - if (i1 > -1): null

18-11-2024T02:51:26 - [TEST_STEP][PASSED] - x = x.substring(i1, x.length()): null

18-11-2024T02:51:26 - [TEST_STEP][PASSED] - println(x): null

18-11-2024T02:51:26 - [TEST_STEP][PASSED] - i1 = x.indexOf("/") + 1: null

18-11-2024T02:51:26 - [TEST_STEP][PASSED] - if (i1 > -1): null

18-11-2024T02:51:26 - [TEST_STEP][PASSED] - x = x.substring(i1, x.length()): null

18-11-2024T02:51:26 - [TEST_STEP][PASSED] - println(x): null

18-11-2024T02:51:26 - [TEST_STEP][PASSED] - i1 = x.indexOf("/") + 1: null

18-11-2024T02:51:26 - [TEST_STEP][PASSED] - if (i1 > -1): null

18-11-2024T02:51:26 - [TEST_STEP][PASSED] - x = x.substring(i1, x.length()): null

18-11-2024T02:51:26 - [TEST_STEP][PASSED] - println(x): null

18-11-2024T02:51:26 - [TEST_STEP][PASSED] - i1 = x.indexOf("/"): null

18-11-2024T02:51:26 - [TEST_STEP][PASSED] - if (i1 > -1): null

18-11-2024T02:51:26 - [TEST_STEP][PASSED] - x = x.substring(0, i1): null

18-11-2024T02:51:26 - [TEST_STEP][PASSED] - println(x): null

18-11-2024T02:51:26 - [TEST_STEP][FAILED] - return x: null

18-11-2024T02:51:26 - [TEST_STEP][FAILED] - if (verifyEqual(tabR, tabB) == false): null

18-11-2024T02:51:26 - [MESSAGE][FAILED] - Unable to verify equal between actual object 'нет данных' and expected object '19209232' (Root cause: com.kms.katalon.core.exception.StepFailedException: Actual object 'нет данных' and expected object '19209232' are not equal
	at com.kms.katalon.core.keyword.builtin.VerifyEqualKeyword$_verifyEqual_closure1.doCall(VerifyEqualKeyword.groovy:58)
	at com.kms.katalon.core.keyword.builtin.VerifyEqualKeyword$_verifyEqual_closure1.call(VerifyEqualKeyword.groovy)
	at com.kms.katalon.core.keyword.internal.KeywordMain.runKeyword(KeywordMain.groovy:75)
	at com.kms.katalon.core.keyword.builtin.VerifyEqualKeyword.verifyEqual(VerifyEqualKeyword.groovy:63)
	at com.kms.katalon.core.keyword.builtin.VerifyEqualKeyword.execute(VerifyEqualKeyword.groovy:44)
	at com.kms.katalon.core.keyword.internal.KeywordExecutor.executeKeywordForPlatform(KeywordExecutor.groovy:74)
	at com.kms.katalon.core.keyword.BuiltinKeywords.verifyEqual(BuiltinKeywords.groovy:146)
	at jdk.internal.reflect.GeneratedMethodAccessor25.invoke(Unknown Source)
	at java.base/jdk.internal.reflect.DelegatingMethodAccessorImpl.invoke(DelegatingMethodAccessorImpl.java:43)
	at Выполнение бизнес-плана сверка дашбордов.CompareDZOData(Выполнение бизнес-плана сверка дашбордов:706)
	at Выполнение бизнес-плана сверка дашбордов.run(Выполнение бизнес-плана сверка дашбордов:603)
	at com.kms.katalon.core.main.ScriptEngine.run(ScriptEngine.java:194)
	at com.kms.katalon.core.main.ScriptEngine.runScriptAsRawText(ScriptEngine.java:119)
	at com.kms.katalon.core.main.TestCaseExecutor.runScript(TestCaseExecutor.java:448)
	at com.kms.katalon.core.main.TestCaseExecutor.doExecute(TestCaseExecutor.java:439)
	at com.kms.katalon.core.main.TestCaseExecutor.processExecutionPhase(TestCaseExecutor.java:418)
	at com.kms.katalon.core.main.TestCaseExecutor.accessMainPhase(TestCaseExecutor.java:410)
	at com.kms.katalon.core.main.TestCaseExecutor.execute(TestCaseExecutor.java:285)
	at com.kms.katalon.core.common.CommonExecutor.accessTestCaseMainPhase(CommonExecutor.java:65)
	at com.kms.katalon.core.main.TestSuiteExecutor.accessTestSuiteMainPhase(TestSuiteExecutor.java:150)
	at com.kms.katalon.core.main.TestSuiteExecutor.execute(TestSuiteExecutor.java:106)
	at com.kms.katalon.core.main.TestCaseMain.startTestSuite(TestCaseMain.java:180)
	at TempTestSuite1731886967590.run(TempTestSuite1731886967590.groovy:35)
	at java.base/jdk.internal.reflect.NativeMethodAccessorImpl.invoke0(Native Method)
	at java.base/jdk.internal.reflect.NativeMethodAccessorImpl.invoke(NativeMethodAccessorImpl.java:77)
	at java.base/jdk.internal.reflect.DelegatingMethodAccessorImpl.invoke(DelegatingMethodAccessorImpl.java:43)
)

18-11-2024T02:51:26 - [TEST_STEP][PASSED] - result = WriteToExcel(typeOfData, todaysDate, PercPlanR, PercPlanB, PercFactR, PercFactB, x, tabR, tabB, o1R, o1B, vidget): null

18-11-2024T02:51:26 - [TEST_STEP][PASSED] - iii = dZO.indexOf("/"): null

18-11-2024T02:51:26 - [TEST_STEP][PASSED] - println(iii): null

18-11-2024T02:51:26 - [TEST_STEP][PASSED] - dZO = dZO.substring(0, iii): null

18-11-2024T02:51:26 - [TEST_STEP][PASSED] - println(dZO): null

18-11-2024T02:51:26 - [TEST_STEP][PASSED] - println(PercPlanR): null

18-11-2024T02:51:26 - [TEST_STEP][PASSED] - println(PercPlanB): null

18-11-2024T02:51:26 - [TEST_STEP][PASSED] - println(PercFactR): null

18-11-2024T02:51:26 - [TEST_STEP][PASSED] - println(PercFactB): null

18-11-2024T02:51:26 - [TEST_STEP][PASSED] - println(tabR): null

18-11-2024T02:51:26 - [TEST_STEP][PASSED] - println(tabB): null

18-11-2024T02:51:26 - [TEST_STEP][PASSED] - println(o1R): null

18-11-2024T02:51:26 - [TEST_STEP][PASSED] - println(o1B): null

18-11-2024T02:51:26 - [TEST_STEP][PASSED] - PR = <not implemented yet for class: org.codehaus.groovy.ast.expr.EmptyExpression>: null

18-11-2024T02:51:26 - [TEST_STEP][PASSED] - FR = <not implemented yet for class: org.codehaus.groovy.ast.expr.EmptyExpression>: null

18-11-2024T02:51:26 - [TEST_STEP][PASSED] - PB = <not implemented yet for class: org.codehaus.groovy.ast.expr.EmptyExpression>: null

18-11-2024T02:51:26 - [TEST_STEP][PASSED] - FB = <not implemented yet for class: org.codehaus.groovy.ast.expr.EmptyExpression>: null

18-11-2024T02:51:26 - [TEST_STEP][PASSED] - TR = <not implemented yet for class: org.codehaus.groovy.ast.expr.EmptyExpression>: null

18-11-2024T02:51:26 - [TEST_STEP][PASSED] - TB = <not implemented yet for class: org.codehaus.groovy.ast.expr.EmptyExpression>: null

18-11-2024T02:51:26 - [TEST_STEP][PASSED] - sheetName = "Sheet1": null

18-11-2024T02:51:26 - [TEST_STEP][PASSED] - data = findTestData("PlanFact"): null

18-11-2024T02:51:26 - [TEST_STEP][PASSED] - n = data.getRowNumbers() + 1: null

18-11-2024T02:51:26 - [TEST_STEP][PASSED] - year = todaysDate.substring(todaysDate.length() - 4, todaysDate.length()): null

18-11-2024T02:51:26 - [TEST_STEP][PASSED] - y = year.toInteger(): null

18-11-2024T02:51:26 - [TEST_STEP][PASSED] - m = getText(findTestObject("Выполнение бизнес-плана/Выполнение бизнес-плана Балансы/Фильтр Дата")): Text of object 'Object Repository/Выполнение бизнес-плана/Выполнение бизнес-плана Балансы/Фильтр Дата' is: '1, 2, 3 кв. 2024 года'

18-11-2024T02:51:26 - [MESSAGE][PASSED] - Text of object 'Object Repository/Выполнение бизнес-плана/Выполнение бизнес-плана Балансы/Фильтр Дата' is: '1, 2, 3 кв. 2024 года'

18-11-2024T02:51:26 - [TEST_STEP][PASSED] - m = m.substring(0, m.indexOf("2024")): null

18-11-2024T02:51:26 - [TEST_STEP][PASSED] - m = m.trim(): null

18-11-2024T02:51:26 - [TEST_STEP][PASSED] - dashboardName = "Выполнение бизнес-плана": null

18-11-2024T02:51:26 - [TEST_STEP][PASSED] - workbook01 = getWorkbook(excelFilePath): null

18-11-2024T02:51:26 - [TEST_STEP][PASSED] - sheet01 = getExcelSheet(workbook01, sheetName): null

18-11-2024T02:51:26 - [TEST_STEP][PASSED] - setValueToCellByIndex(sheet01, n, 0, dashboardName): null

18-11-2024T02:51:26 - [TEST_STEP][PASSED] - setValueToCellByIndex(sheet01, n, 1, dZO): null

18-11-2024T02:51:26 - [TEST_STEP][PASSED] - setValueToCellByIndex(sheet01, n, 2, typeOfData): null

18-11-2024T02:51:26 - [TEST_STEP][PASSED] - setValueToCellByIndex(sheet01, n, 3, typeOfData): null

18-11-2024T02:51:26 - [TEST_STEP][PASSED] - if (typeOfData == "План"): null

18-11-2024T02:51:26 - [TEST_STEP][PASSED] - else if (typeOfData == "Факт"): null

18-11-2024T02:51:26 - [TEST_STEP][PASSED] - else if (vidget.contains("электроэнергии") == true): null

18-11-2024T02:51:26 - [TEST_STEP][PASSED] - if (tabR == null): null

18-11-2024T02:51:26 - [TEST_STEP][PASSED] - else: null

18-11-2024T02:51:26 - [TEST_STEP][PASSED] - if (tabR == "нет данных"): null

18-11-2024T02:51:26 - [TEST_STEP][PASSED] - setValueToCellByIndex(sheet01, n, 4, "нет данных"): null

18-11-2024T02:51:26 - [TEST_STEP][PASSED] - if (tabB == null): null

18-11-2024T02:51:26 - [TEST_STEP][PASSED] - else: null

18-11-2024T02:51:26 - [TEST_STEP][PASSED] - if (tabB == "нет данных"): null

18-11-2024T02:51:26 - [TEST_STEP][PASSED] - else: null

18-11-2024T02:51:26 - [TEST_STEP][PASSED] - TB = tabB.toInteger(): null

18-11-2024T02:51:26 - [TEST_STEP][PASSED] - setValueToCellByIndex(sheet01, n, 5, TB): null

18-11-2024T02:51:26 - [TEST_STEP][PASSED] - setValueToCellByIndex(sheet01, n, 6, m): null

18-11-2024T02:51:26 - [TEST_STEP][PASSED] - setValueToCellByIndex(sheet01, n, 7, y): null

18-11-2024T02:51:26 - [TEST_STEP][PASSED] - setValueToCellByIndex(sheet01, n, 8, todaysDate): null

18-11-2024T02:51:26 - [TEST_STEP][PASSED] - n = n + 1: null

18-11-2024T02:51:26 - [TEST_STEP][PASSED] - saveWorkbook(excelFilePath, workbook01): null

18-11-2024T02:51:26 - [TEST_STEP][PASSED] - typeOfData = "Факт Отпуск из сети": null

18-11-2024T02:51:26 - [TEST_STEP][PASSED] - tabR = GetOiSFactR(x = a): null

18-11-2024T02:51:26 - [TEST_STEP][PASSED] - i1 = <not implemented yet for class: org.codehaus.groovy.ast.expr.EmptyExpression>: null

18-11-2024T02:51:26 - [TEST_STEP][PASSED] - ii = <not implemented yet for class: org.codehaus.groovy.ast.expr.EmptyExpression>: null

18-11-2024T02:51:26 - [TEST_STEP][PASSED] - for ([ii = 1, ii < 5, (ii++)]): null

18-11-2024T02:51:26 - [TEST_STEP][PASSED] - i1 = x.indexOf("/") + 1: null

18-11-2024T02:51:26 - [TEST_STEP][PASSED] - if (i1 > -1): null

18-11-2024T02:51:26 - [TEST_STEP][PASSED] - x = x.substring(i1, x.length()): null

18-11-2024T02:51:26 - [TEST_STEP][PASSED] - println(x): null

18-11-2024T02:51:26 - [TEST_STEP][PASSED] - i1 = x.indexOf("/") + 1: null

18-11-2024T02:51:26 - [TEST_STEP][PASSED] - if (i1 > -1): null

18-11-2024T02:51:26 - [TEST_STEP][PASSED] - x = x.substring(i1, x.length()): null

18-11-2024T02:51:26 - [TEST_STEP][PASSED] - println(x): null

18-11-2024T02:51:26 - [TEST_STEP][PASSED] - i1 = x.indexOf("/") + 1: null

18-11-2024T02:51:26 - [TEST_STEP][PASSED] - if (i1 > -1): null

18-11-2024T02:51:26 - [TEST_STEP][PASSED] - x = x.substring(i1, x.length()): null

18-11-2024T02:51:26 - [TEST_STEP][PASSED] - println(x): null

18-11-2024T02:51:26 - [TEST_STEP][PASSED] - i1 = x.indexOf("/") + 1: null

18-11-2024T02:51:26 - [TEST_STEP][PASSED] - if (i1 > -1): null

18-11-2024T02:51:26 - [TEST_STEP][PASSED] - x = x.substring(i1, x.length()): null

18-11-2024T02:51:26 - [TEST_STEP][PASSED] - println(x): null

18-11-2024T02:51:26 - [TEST_STEP][PASSED] - i1 = x.indexOf("/"): null

18-11-2024T02:51:26 - [TEST_STEP][PASSED] - if (i1 > -1): null

18-11-2024T02:51:26 - [TEST_STEP][PASSED] - x = x.substring(0, i1): null

18-11-2024T02:51:26 - [TEST_STEP][PASSED] - println(x): null

18-11-2024T02:51:26 - [TEST_STEP][PASSED] - return x: null

18-11-2024T02:51:26 - [TEST_STEP][PASSED] - tabB = GetOiSFactB(x = b): null

18-11-2024T02:51:26 - [TEST_STEP][PASSED] - i1 = <not implemented yet for class: org.codehaus.groovy.ast.expr.EmptyExpression>: null

18-11-2024T02:51:26 - [TEST_STEP][PASSED] - ii = <not implemented yet for class: org.codehaus.groovy.ast.expr.EmptyExpression>: null

18-11-2024T02:51:26 - [TEST_STEP][PASSED] - for ([ii = 1, ii < 5, (ii++)]): null

18-11-2024T02:51:26 - [TEST_STEP][PASSED] - i1 = x.indexOf("/") + 1: null

18-11-2024T02:51:26 - [TEST_STEP][PASSED] - if (i1 > -1): null

18-11-2024T02:51:26 - [TEST_STEP][PASSED] - x = x.substring(i1, x.length()): null

18-11-2024T02:51:26 - [TEST_STEP][PASSED] - println(x): null

18-11-2024T02:51:26 - [TEST_STEP][PASSED] - i1 = x.indexOf("/") + 1: null

18-11-2024T02:51:26 - [TEST_STEP][PASSED] - if (i1 > -1): null

18-11-2024T02:51:26 - [TEST_STEP][PASSED] - x = x.substring(i1, x.length()): null

18-11-2024T02:51:26 - [TEST_STEP][PASSED] - println(x): null

18-11-2024T02:51:26 - [TEST_STEP][PASSED] - i1 = x.indexOf("/") + 1: null

18-11-2024T02:51:26 - [TEST_STEP][PASSED] - if (i1 > -1): null

18-11-2024T02:51:26 - [TEST_STEP][PASSED] - x = x.substring(i1, x.length()): null

18-11-2024T02:51:26 - [TEST_STEP][PASSED] - println(x): null

18-11-2024T02:51:26 - [TEST_STEP][PASSED] - i1 = x.indexOf("/") + 1: null

18-11-2024T02:51:26 - [TEST_STEP][PASSED] - if (i1 > -1): null

18-11-2024T02:51:26 - [TEST_STEP][PASSED] - x = x.substring(i1, x.length()): null

18-11-2024T02:51:26 - [TEST_STEP][PASSED] - println(x): null

18-11-2024T02:51:26 - [TEST_STEP][PASSED] - i1 = x.indexOf("/"): null

18-11-2024T02:51:26 - [TEST_STEP][PASSED] - if (i1 > -1): null

18-11-2024T02:51:26 - [TEST_STEP][PASSED] - x = x.substring(0, i1): null

18-11-2024T02:51:26 - [TEST_STEP][PASSED] - println(x): null

18-11-2024T02:51:26 - [TEST_STEP][FAILED] - return x: null

18-11-2024T02:51:26 - [TEST_STEP][FAILED] - if (verifyEqual(tabR, tabB) == false): null

18-11-2024T02:51:26 - [MESSAGE][FAILED] - Unable to verify equal between actual object 'нет данных' and expected object '17541196' (Root cause: com.kms.katalon.core.exception.StepFailedException: Actual object 'нет данных' and expected object '17541196' are not equal
	at com.kms.katalon.core.keyword.builtin.VerifyEqualKeyword$_verifyEqual_closure1.doCall(VerifyEqualKeyword.groovy:58)
	at com.kms.katalon.core.keyword.builtin.VerifyEqualKeyword$_verifyEqual_closure1.call(VerifyEqualKeyword.groovy)
	at com.kms.katalon.core.keyword.internal.KeywordMain.runKeyword(KeywordMain.groovy:75)
	at com.kms.katalon.core.keyword.builtin.VerifyEqualKeyword.verifyEqual(VerifyEqualKeyword.groovy:63)
	at com.kms.katalon.core.keyword.builtin.VerifyEqualKeyword.execute(VerifyEqualKeyword.groovy:44)
	at com.kms.katalon.core.keyword.internal.KeywordExecutor.executeKeywordForPlatform(KeywordExecutor.groovy:74)
	at com.kms.katalon.core.keyword.BuiltinKeywords.verifyEqual(BuiltinKeywords.groovy:146)
	at jdk.internal.reflect.GeneratedMethodAccessor25.invoke(Unknown Source)
	at java.base/jdk.internal.reflect.DelegatingMethodAccessorImpl.invoke(DelegatingMethodAccessorImpl.java:43)
	at Выполнение бизнес-плана сверка дашбордов.CompareDZOData(Выполнение бизнес-плана сверка дашбордов:717)
	at Выполнение бизнес-плана сверка дашбордов.run(Выполнение бизнес-плана сверка дашбордов:603)
	at com.kms.katalon.core.main.ScriptEngine.run(ScriptEngine.java:194)
	at com.kms.katalon.core.main.ScriptEngine.runScriptAsRawText(ScriptEngine.java:119)
	at com.kms.katalon.core.main.TestCaseExecutor.runScript(TestCaseExecutor.java:448)
	at com.kms.katalon.core.main.TestCaseExecutor.doExecute(TestCaseExecutor.java:439)
	at com.kms.katalon.core.main.TestCaseExecutor.processExecutionPhase(TestCaseExecutor.java:418)
	at com.kms.katalon.core.main.TestCaseExecutor.accessMainPhase(TestCaseExecutor.java:410)
	at com.kms.katalon.core.main.TestCaseExecutor.execute(TestCaseExecutor.java:285)
	at com.kms.katalon.core.common.CommonExecutor.accessTestCaseMainPhase(CommonExecutor.java:65)
	at com.kms.katalon.core.main.TestSuiteExecutor.accessTestSuiteMainPhase(TestSuiteExecutor.java:150)
	at com.kms.katalon.core.main.TestSuiteExecutor.execute(TestSuiteExecutor.java:106)
	at com.kms.katalon.core.main.TestCaseMain.startTestSuite(TestCaseMain.java:180)
	at TempTestSuite1731886967590.run(TempTestSuite1731886967590.groovy:35)
	at java.base/jdk.internal.reflect.NativeMethodAccessorImpl.invoke0(Native Method)
	at java.base/jdk.internal.reflect.NativeMethodAccessorImpl.invoke(NativeMethodAccessorImpl.java:77)
	at java.base/jdk.internal.reflect.DelegatingMethodAccessorImpl.invoke(DelegatingMethodAccessorImpl.java:43)
)

18-11-2024T02:51:26 - [TEST_STEP][PASSED] - result = WriteToExcel(typeOfData, todaysDate, PercPlanR, PercPlanB, PercFactR, PercFactB, x, tabR, tabB, o1R, o1B, vidget): null

18-11-2024T02:51:26 - [TEST_STEP][PASSED] - iii = dZO.indexOf("/"): null

18-11-2024T02:51:26 - [TEST_STEP][PASSED] - println(iii): null

18-11-2024T02:51:26 - [TEST_STEP][PASSED] - dZO = dZO.substring(0, iii): null

18-11-2024T02:51:26 - [TEST_STEP][PASSED] - println(dZO): null

18-11-2024T02:51:26 - [TEST_STEP][PASSED] - println(PercPlanR): null

18-11-2024T02:51:26 - [TEST_STEP][PASSED] - println(PercPlanB): null

18-11-2024T02:51:26 - [TEST_STEP][PASSED] - println(PercFactR): null

18-11-2024T02:51:26 - [TEST_STEP][PASSED] - println(PercFactB): null

18-11-2024T02:51:26 - [TEST_STEP][PASSED] - println(tabR): null

18-11-2024T02:51:26 - [TEST_STEP][PASSED] - println(tabB): null

18-11-2024T02:51:26 - [TEST_STEP][PASSED] - println(o1R): null

18-11-2024T02:51:26 - [TEST_STEP][PASSED] - println(o1B): null

18-11-2024T02:51:26 - [TEST_STEP][PASSED] - PR = <not implemented yet for class: org.codehaus.groovy.ast.expr.EmptyExpression>: null

18-11-2024T02:51:26 - [TEST_STEP][PASSED] - FR = <not implemented yet for class: org.codehaus.groovy.ast.expr.EmptyExpression>: null

18-11-2024T02:51:26 - [TEST_STEP][PASSED] - PB = <not implemented yet for class: org.codehaus.groovy.ast.expr.EmptyExpression>: null

18-11-2024T02:51:26 - [TEST_STEP][PASSED] - FB = <not implemented yet for class: org.codehaus.groovy.ast.expr.EmptyExpression>: null

18-11-2024T02:51:26 - [TEST_STEP][PASSED] - TR = <not implemented yet for class: org.codehaus.groovy.ast.expr.EmptyExpression>: null

18-11-2024T02:51:26 - [TEST_STEP][PASSED] - TB = <not implemented yet for class: org.codehaus.groovy.ast.expr.EmptyExpression>: null

18-11-2024T02:51:26 - [TEST_STEP][PASSED] - sheetName = "Sheet1": null

18-11-2024T02:51:26 - [TEST_STEP][PASSED] - data = findTestData("PlanFact"): null

18-11-2024T02:51:26 - [TEST_STEP][PASSED] - n = data.getRowNumbers() + 1: null

18-11-2024T02:51:26 - [TEST_STEP][PASSED] - year = todaysDate.substring(todaysDate.length() - 4, todaysDate.length()): null

18-11-2024T02:51:26 - [TEST_STEP][PASSED] - y = year.toInteger(): null

18-11-2024T02:51:26 - [TEST_STEP][PASSED] - m = getText(findTestObject("Выполнение бизнес-плана/Выполнение бизнес-плана Балансы/Фильтр Дата")): Text of object 'Object Repository/Выполнение бизнес-плана/Выполнение бизнес-плана Балансы/Фильтр Дата' is: '1, 2, 3 кв. 2024 года'

18-11-2024T02:51:27 - [MESSAGE][PASSED] - Text of object 'Object Repository/Выполнение бизнес-плана/Выполнение бизнес-плана Балансы/Фильтр Дата' is: '1, 2, 3 кв. 2024 года'

18-11-2024T02:51:27 - [TEST_STEP][PASSED] - m = m.substring(0, m.indexOf("2024")): null

18-11-2024T02:51:27 - [TEST_STEP][PASSED] - m = m.trim(): null

18-11-2024T02:51:27 - [TEST_STEP][PASSED] - dashboardName = "Выполнение бизнес-плана": null

18-11-2024T02:51:27 - [TEST_STEP][PASSED] - workbook01 = getWorkbook(excelFilePath): null

18-11-2024T02:51:27 - [TEST_STEP][PASSED] - sheet01 = getExcelSheet(workbook01, sheetName): null

18-11-2024T02:51:27 - [TEST_STEP][PASSED] - setValueToCellByIndex(sheet01, n, 0, dashboardName): null

18-11-2024T02:51:27 - [TEST_STEP][PASSED] - setValueToCellByIndex(sheet01, n, 1, dZO): null

18-11-2024T02:51:27 - [TEST_STEP][PASSED] - setValueToCellByIndex(sheet01, n, 2, typeOfData): null

18-11-2024T02:51:27 - [TEST_STEP][PASSED] - setValueToCellByIndex(sheet01, n, 3, typeOfData): null

18-11-2024T02:51:27 - [TEST_STEP][PASSED] - if (typeOfData == "План"): null

18-11-2024T02:51:27 - [TEST_STEP][PASSED] - else if (typeOfData == "Факт"): null

18-11-2024T02:51:27 - [TEST_STEP][PASSED] - else if (vidget.contains("электроэнергии") == true): null

18-11-2024T02:51:27 - [TEST_STEP][PASSED] - if (tabR == null): null

18-11-2024T02:51:27 - [TEST_STEP][PASSED] - else: null

18-11-2024T02:51:27 - [TEST_STEP][PASSED] - if (tabR == "нет данных"): null

18-11-2024T02:51:27 - [TEST_STEP][PASSED] - setValueToCellByIndex(sheet01, n, 4, "нет данных"): null

18-11-2024T02:51:27 - [TEST_STEP][PASSED] - if (tabB == null): null

18-11-2024T02:51:27 - [TEST_STEP][PASSED] - else: null

18-11-2024T02:51:27 - [TEST_STEP][PASSED] - if (tabB == "нет данных"): null

18-11-2024T02:51:27 - [TEST_STEP][PASSED] - else: null

18-11-2024T02:51:27 - [TEST_STEP][PASSED] - TB = tabB.toInteger(): null

18-11-2024T02:51:27 - [TEST_STEP][PASSED] - setValueToCellByIndex(sheet01, n, 5, TB): null

18-11-2024T02:51:27 - [TEST_STEP][PASSED] - setValueToCellByIndex(sheet01, n, 6, m): null

18-11-2024T02:51:27 - [TEST_STEP][PASSED] - setValueToCellByIndex(sheet01, n, 7, y): null

18-11-2024T02:51:27 - [TEST_STEP][PASSED] - setValueToCellByIndex(sheet01, n, 8, todaysDate): null

18-11-2024T02:51:27 - [TEST_STEP][PASSED] - n = n + 1: null

18-11-2024T02:51:27 - [TEST_STEP][PASSED] - saveWorkbook(excelFilePath, workbook01): null

18-11-2024T02:51:27 - [TEST_STEP][PASSED] - typeOfData = "Факт Потери": null

18-11-2024T02:51:27 - [TEST_STEP][PASSED] - tabR = GetPFactR(x = a): null

18-11-2024T02:51:27 - [TEST_STEP][PASSED] - i1 = <not implemented yet for class: org.codehaus.groovy.ast.expr.EmptyExpression>: null

18-11-2024T02:51:27 - [TEST_STEP][PASSED] - ii = <not implemented yet for class: org.codehaus.groovy.ast.expr.EmptyExpression>: null

18-11-2024T02:51:27 - [TEST_STEP][PASSED] - for ([ii = 1, ii < 6, (ii++)]): null

18-11-2024T02:51:27 - [TEST_STEP][PASSED] - i1 = x.indexOf("/") + 1: null

18-11-2024T02:51:27 - [TEST_STEP][PASSED] - if (i1 > -1): null

18-11-2024T02:51:27 - [TEST_STEP][PASSED] - x = x.substring(i1, x.length()): null

18-11-2024T02:51:27 - [TEST_STEP][PASSED] - println(x): null

18-11-2024T02:51:27 - [TEST_STEP][PASSED] - i1 = x.indexOf("/") + 1: null

18-11-2024T02:51:27 - [TEST_STEP][PASSED] - if (i1 > -1): null

18-11-2024T02:51:27 - [TEST_STEP][PASSED] - x = x.substring(i1, x.length()): null

18-11-2024T02:51:27 - [TEST_STEP][PASSED] - println(x): null

18-11-2024T02:51:27 - [TEST_STEP][PASSED] - i1 = x.indexOf("/") + 1: null

18-11-2024T02:51:27 - [TEST_STEP][PASSED] - if (i1 > -1): null

18-11-2024T02:51:27 - [TEST_STEP][PASSED] - x = x.substring(i1, x.length()): null

18-11-2024T02:51:27 - [TEST_STEP][PASSED] - println(x): null

18-11-2024T02:51:27 - [TEST_STEP][PASSED] - i1 = x.indexOf("/") + 1: null

18-11-2024T02:51:27 - [TEST_STEP][PASSED] - if (i1 > -1): null

18-11-2024T02:51:27 - [TEST_STEP][PASSED] - x = x.substring(i1, x.length()): null

18-11-2024T02:51:27 - [TEST_STEP][PASSED] - println(x): null

18-11-2024T02:51:27 - [TEST_STEP][PASSED] - i1 = x.indexOf("/") + 1: null

18-11-2024T02:51:27 - [TEST_STEP][PASSED] - if (i1 > -1): null

18-11-2024T02:51:27 - [TEST_STEP][PASSED] - x = x.substring(i1, x.length()): null

18-11-2024T02:51:27 - [TEST_STEP][PASSED] - println(x): null

18-11-2024T02:51:27 - [TEST_STEP][PASSED] - i1 = x.indexOf("/"): null

18-11-2024T02:51:27 - [TEST_STEP][PASSED] - if (i1 > -1): null

18-11-2024T02:51:27 - [TEST_STEP][PASSED] - x = x.substring(0, i1): null

18-11-2024T02:51:27 - [TEST_STEP][PASSED] - println(x): null

18-11-2024T02:51:27 - [TEST_STEP][PASSED] - return x: null

18-11-2024T02:51:27 - [TEST_STEP][PASSED] - tabB = GetPFactB(x = b): null

18-11-2024T02:51:27 - [TEST_STEP][PASSED] - i1 = <not implemented yet for class: org.codehaus.groovy.ast.expr.EmptyExpression>: null

18-11-2024T02:51:27 - [TEST_STEP][PASSED] - ii = <not implemented yet for class: org.codehaus.groovy.ast.expr.EmptyExpression>: null

18-11-2024T02:51:27 - [TEST_STEP][PASSED] - for ([ii = 1, ii < 6, (ii++)]): null

18-11-2024T02:51:27 - [TEST_STEP][PASSED] - i1 = x.indexOf("/") + 1: null

18-11-2024T02:51:27 - [TEST_STEP][PASSED] - if (i1 > -1): null

18-11-2024T02:51:27 - [TEST_STEP][PASSED] - x = x.substring(i1, x.length()): null

18-11-2024T02:51:27 - [TEST_STEP][PASSED] - println(x): null

18-11-2024T02:51:27 - [TEST_STEP][PASSED] - i1 = x.indexOf("/") + 1: null

18-11-2024T02:51:27 - [TEST_STEP][PASSED] - if (i1 > -1): null

18-11-2024T02:51:27 - [TEST_STEP][PASSED] - x = x.substring(i1, x.length()): null

18-11-2024T02:51:27 - [TEST_STEP][PASSED] - println(x): null

18-11-2024T02:51:27 - [TEST_STEP][PASSED] - i1 = x.indexOf("/") + 1: null

18-11-2024T02:51:27 - [TEST_STEP][PASSED] - if (i1 > -1): null

18-11-2024T02:51:27 - [TEST_STEP][PASSED] - x = x.substring(i1, x.length()): null

18-11-2024T02:51:27 - [TEST_STEP][PASSED] - println(x): null

18-11-2024T02:51:27 - [TEST_STEP][PASSED] - i1 = x.indexOf("/") + 1: null

18-11-2024T02:51:27 - [TEST_STEP][PASSED] - if (i1 > -1): null

18-11-2024T02:51:27 - [TEST_STEP][PASSED] - x = x.substring(i1, x.length()): null

18-11-2024T02:51:27 - [TEST_STEP][PASSED] - println(x): null

18-11-2024T02:51:27 - [TEST_STEP][PASSED] - i1 = x.indexOf("/") + 1: null

18-11-2024T02:51:27 - [TEST_STEP][PASSED] - if (i1 > -1): null

18-11-2024T02:51:27 - [TEST_STEP][PASSED] - x = x.substring(i1, x.length()): null

18-11-2024T02:51:27 - [TEST_STEP][PASSED] - println(x): null

18-11-2024T02:51:27 - [TEST_STEP][PASSED] - i1 = x.indexOf("/"): null

18-11-2024T02:51:27 - [TEST_STEP][PASSED] - if (i1 > -1): null

18-11-2024T02:51:27 - [TEST_STEP][PASSED] - x = x.substring(0, i1): null

18-11-2024T02:51:27 - [TEST_STEP][PASSED] - println(x): null

18-11-2024T02:51:27 - [TEST_STEP][FAILED] - return x: null

18-11-2024T02:51:27 - [TEST_STEP][PASSED] - println(tabR + "/" + tabB): null

18-11-2024T02:51:27 - [TEST_STEP][FAILED] - if (verifyEqual(tabR, tabB) == false): null

18-11-2024T02:51:27 - [MESSAGE][FAILED] - Unable to verify equal between actual object 'нет данных' and expected object '1668036' (Root cause: com.kms.katalon.core.exception.StepFailedException: Actual object 'нет данных' and expected object '1668036' are not equal
	at com.kms.katalon.core.keyword.builtin.VerifyEqualKeyword$_verifyEqual_closure1.doCall(VerifyEqualKeyword.groovy:58)
	at com.kms.katalon.core.keyword.builtin.VerifyEqualKeyword$_verifyEqual_closure1.call(VerifyEqualKeyword.groovy)
	at com.kms.katalon.core.keyword.internal.KeywordMain.runKeyword(KeywordMain.groovy:75)
	at com.kms.katalon.core.keyword.builtin.VerifyEqualKeyword.verifyEqual(VerifyEqualKeyword.groovy:63)
	at com.kms.katalon.core.keyword.builtin.VerifyEqualKeyword.execute(VerifyEqualKeyword.groovy:44)
	at com.kms.katalon.core.keyword.internal.KeywordExecutor.executeKeywordForPlatform(KeywordExecutor.groovy:74)
	at com.kms.katalon.core.keyword.BuiltinKeywords.verifyEqual(BuiltinKeywords.groovy:146)
	at jdk.internal.reflect.GeneratedMethodAccessor25.invoke(Unknown Source)
	at java.base/jdk.internal.reflect.DelegatingMethodAccessorImpl.invoke(DelegatingMethodAccessorImpl.java:43)
	at Выполнение бизнес-плана сверка дашбордов.CompareDZOData(Выполнение бизнес-плана сверка дашбордов:730)
	at Выполнение бизнес-плана сверка дашбордов.run(Выполнение бизнес-плана сверка дашбордов:603)
	at com.kms.katalon.core.main.ScriptEngine.run(ScriptEngine.java:194)
	at com.kms.katalon.core.main.ScriptEngine.runScriptAsRawText(ScriptEngine.java:119)
	at com.kms.katalon.core.main.TestCaseExecutor.runScript(TestCaseExecutor.java:448)
	at com.kms.katalon.core.main.TestCaseExecutor.doExecute(TestCaseExecutor.java:439)
	at com.kms.katalon.core.main.TestCaseExecutor.processExecutionPhase(TestCaseExecutor.java:418)
	at com.kms.katalon.core.main.TestCaseExecutor.accessMainPhase(TestCaseExecutor.java:410)
	at com.kms.katalon.core.main.TestCaseExecutor.execute(TestCaseExecutor.java:285)
	at com.kms.katalon.core.common.CommonExecutor.accessTestCaseMainPhase(CommonExecutor.java:65)
	at com.kms.katalon.core.main.TestSuiteExecutor.accessTestSuiteMainPhase(TestSuiteExecutor.java:150)
	at com.kms.katalon.core.main.TestSuiteExecutor.execute(TestSuiteExecutor.java:106)
	at com.kms.katalon.core.main.TestCaseMain.startTestSuite(TestCaseMain.java:180)
	at TempTestSuite1731886967590.run(TempTestSuite1731886967590.groovy:35)
	at java.base/jdk.internal.reflect.NativeMethodAccessorImpl.invoke0(Native Method)
	at java.base/jdk.internal.reflect.NativeMethodAccessorImpl.invoke(NativeMethodAccessorImpl.java:77)
	at java.base/jdk.internal.reflect.DelegatingMethodAccessorImpl.invoke(DelegatingMethodAccessorImpl.java:43)
)

18-11-2024T02:51:27 - [TEST_STEP][PASSED] - result = WriteToExcel(typeOfData, todaysDate, PercPlanR, PercPlanB, PercFactR, PercFactB, x, tabR, tabB, o1R, o1B, vidget): null

18-11-2024T02:51:27 - [TEST_STEP][PASSED] - iii = dZO.indexOf("/"): null

18-11-2024T02:51:27 - [TEST_STEP][PASSED] - println(iii): null

18-11-2024T02:51:27 - [TEST_STEP][PASSED] - dZO = dZO.substring(0, iii): null

18-11-2024T02:51:27 - [TEST_STEP][PASSED] - println(dZO): null

18-11-2024T02:51:27 - [TEST_STEP][PASSED] - println(PercPlanR): null

18-11-2024T02:51:27 - [TEST_STEP][PASSED] - println(PercPlanB): null

18-11-2024T02:51:27 - [TEST_STEP][PASSED] - println(PercFactR): null

18-11-2024T02:51:27 - [TEST_STEP][PASSED] - println(PercFactB): null

18-11-2024T02:51:27 - [TEST_STEP][PASSED] - println(tabR): null

18-11-2024T02:51:27 - [TEST_STEP][PASSED] - println(tabB): null

18-11-2024T02:51:27 - [TEST_STEP][PASSED] - println(o1R): null

18-11-2024T02:51:27 - [TEST_STEP][PASSED] - println(o1B): null

18-11-2024T02:51:27 - [TEST_STEP][PASSED] - PR = <not implemented yet for class: org.codehaus.groovy.ast.expr.EmptyExpression>: null

18-11-2024T02:51:27 - [TEST_STEP][PASSED] - FR = <not implemented yet for class: org.codehaus.groovy.ast.expr.EmptyExpression>: null

18-11-2024T02:51:27 - [TEST_STEP][PASSED] - PB = <not implemented yet for class: org.codehaus.groovy.ast.expr.EmptyExpression>: null

18-11-2024T02:51:27 - [TEST_STEP][PASSED] - FB = <not implemented yet for class: org.codehaus.groovy.ast.expr.EmptyExpression>: null

18-11-2024T02:51:27 - [TEST_STEP][PASSED] - TR = <not implemented yet for class: org.codehaus.groovy.ast.expr.EmptyExpression>: null

18-11-2024T02:51:27 - [TEST_STEP][PASSED] - TB = <not implemented yet for class: org.codehaus.groovy.ast.expr.EmptyExpression>: null

18-11-2024T02:51:27 - [TEST_STEP][PASSED] - sheetName = "Sheet1": null

18-11-2024T02:51:27 - [TEST_STEP][PASSED] - data = findTestData("PlanFact"): null

18-11-2024T02:51:27 - [TEST_STEP][PASSED] - n = data.getRowNumbers() + 1: null

18-11-2024T02:51:27 - [TEST_STEP][PASSED] - year = todaysDate.substring(todaysDate.length() - 4, todaysDate.length()): null

18-11-2024T02:51:27 - [TEST_STEP][PASSED] - y = year.toInteger(): null

18-11-2024T02:51:27 - [TEST_STEP][PASSED] - m = getText(findTestObject("Выполнение бизнес-плана/Выполнение бизнес-плана Балансы/Фильтр Дата")): Text of object 'Object Repository/Выполнение бизнес-плана/Выполнение бизнес-плана Балансы/Фильтр Дата' is: '1, 2, 3 кв. 2024 года'

18-11-2024T02:51:27 - [MESSAGE][PASSED] - Text of object 'Object Repository/Выполнение бизнес-плана/Выполнение бизнес-плана Балансы/Фильтр Дата' is: '1, 2, 3 кв. 2024 года'

18-11-2024T02:51:27 - [TEST_STEP][PASSED] - m = m.substring(0, m.indexOf("2024")): null

18-11-2024T02:51:27 - [TEST_STEP][PASSED] - m = m.trim(): null

18-11-2024T02:51:27 - [TEST_STEP][PASSED] - dashboardName = "Выполнение бизнес-плана": null

18-11-2024T02:51:27 - [TEST_STEP][PASSED] - workbook01 = getWorkbook(excelFilePath): null

18-11-2024T02:51:27 - [TEST_STEP][PASSED] - sheet01 = getExcelSheet(workbook01, sheetName): null

18-11-2024T02:51:27 - [TEST_STEP][PASSED] - setValueToCellByIndex(sheet01, n, 0, dashboardName): null

18-11-2024T02:51:27 - [TEST_STEP][PASSED] - setValueToCellByIndex(sheet01, n, 1, dZO): null

18-11-2024T02:51:27 - [TEST_STEP][PASSED] - setValueToCellByIndex(sheet01, n, 2, typeOfData): null

18-11-2024T02:51:27 - [TEST_STEP][PASSED] - setValueToCellByIndex(sheet01, n, 3, typeOfData): null

18-11-2024T02:51:27 - [TEST_STEP][PASSED] - if (typeOfData == "План"): null

18-11-2024T02:51:27 - [TEST_STEP][PASSED] - else if (typeOfData == "Факт"): null

18-11-2024T02:51:27 - [TEST_STEP][PASSED] - else if (vidget.contains("электроэнергии") == true): null

18-11-2024T02:51:27 - [TEST_STEP][PASSED] - if (tabR == null): null

18-11-2024T02:51:27 - [TEST_STEP][PASSED] - else: null

18-11-2024T02:51:27 - [TEST_STEP][PASSED] - if (tabR == "нет данных"): null

18-11-2024T02:51:27 - [TEST_STEP][PASSED] - setValueToCellByIndex(sheet01, n, 4, "нет данных"): null

18-11-2024T02:51:27 - [TEST_STEP][PASSED] - if (tabB == null): null

18-11-2024T02:51:27 - [TEST_STEP][PASSED] - else: null

18-11-2024T02:51:27 - [TEST_STEP][PASSED] - if (tabB == "нет данных"): null

18-11-2024T02:51:27 - [TEST_STEP][PASSED] - else: null

18-11-2024T02:51:27 - [TEST_STEP][PASSED] - TB = tabB.toInteger(): null

18-11-2024T02:51:27 - [TEST_STEP][PASSED] - setValueToCellByIndex(sheet01, n, 5, TB): null

18-11-2024T02:51:27 - [TEST_STEP][PASSED] - setValueToCellByIndex(sheet01, n, 6, m): null

18-11-2024T02:51:27 - [TEST_STEP][PASSED] - setValueToCellByIndex(sheet01, n, 7, y): null

18-11-2024T02:51:27 - [TEST_STEP][PASSED] - setValueToCellByIndex(sheet01, n, 8, todaysDate): null

18-11-2024T02:51:27 - [TEST_STEP][PASSED] - n = n + 1: null

18-11-2024T02:51:27 - [TEST_STEP][PASSED] - saveWorkbook(excelFilePath, workbook01): null

18-11-2024T02:51:28 - [TEST_STEP][PASSED] - vidget = "Показатели баланса электроэнергии по ДЗО – План": null

18-11-2024T02:51:28 - [TEST_STEP][PASSED] - typeOfData = "План Отпуск в сеть": null

18-11-2024T02:51:28 - [TEST_STEP][PASSED] - tabR = GetOvSPlanR(x = a): null

18-11-2024T02:51:28 - [TEST_STEP][PASSED] - i1 = <not implemented yet for class: org.codehaus.groovy.ast.expr.EmptyExpression>: null

18-11-2024T02:51:28 - [TEST_STEP][PASSED] - ii = <not implemented yet for class: org.codehaus.groovy.ast.expr.EmptyExpression>: null

18-11-2024T02:51:28 - [TEST_STEP][PASSED] - for ([ii = 1, ii < 7, (ii++)]): null

18-11-2024T02:51:28 - [TEST_STEP][PASSED] - i1 = x.indexOf("/") + 1: null

18-11-2024T02:51:28 - [TEST_STEP][PASSED] - if (i1 > -1): null

18-11-2024T02:51:28 - [TEST_STEP][PASSED] - x = x.substring(i1, x.length()): null

18-11-2024T02:51:28 - [TEST_STEP][PASSED] - println(x): null

18-11-2024T02:51:28 - [TEST_STEP][PASSED] - i1 = x.indexOf("/") + 1: null

18-11-2024T02:51:28 - [TEST_STEP][PASSED] - if (i1 > -1): null

18-11-2024T02:51:28 - [TEST_STEP][PASSED] - x = x.substring(i1, x.length()): null

18-11-2024T02:51:28 - [TEST_STEP][PASSED] - println(x): null

18-11-2024T02:51:28 - [TEST_STEP][PASSED] - i1 = x.indexOf("/") + 1: null

18-11-2024T02:51:28 - [TEST_STEP][PASSED] - if (i1 > -1): null

18-11-2024T02:51:28 - [TEST_STEP][PASSED] - x = x.substring(i1, x.length()): null

18-11-2024T02:51:28 - [TEST_STEP][PASSED] - println(x): null

18-11-2024T02:51:28 - [TEST_STEP][PASSED] - i1 = x.indexOf("/") + 1: null

18-11-2024T02:51:28 - [TEST_STEP][PASSED] - if (i1 > -1): null

18-11-2024T02:51:28 - [TEST_STEP][PASSED] - x = x.substring(i1, x.length()): null

18-11-2024T02:51:28 - [TEST_STEP][PASSED] - println(x): null

18-11-2024T02:51:28 - [TEST_STEP][PASSED] - i1 = x.indexOf("/") + 1: null

18-11-2024T02:51:28 - [TEST_STEP][PASSED] - if (i1 > -1): null

18-11-2024T02:51:28 - [TEST_STEP][PASSED] - x = x.substring(i1, x.length()): null

18-11-2024T02:51:28 - [TEST_STEP][PASSED] - println(x): null

18-11-2024T02:51:28 - [TEST_STEP][PASSED] - i1 = x.indexOf("/") + 1: null

18-11-2024T02:51:28 - [TEST_STEP][PASSED] - if (i1 > -1): null

18-11-2024T02:51:28 - [TEST_STEP][PASSED] - x = x.substring(i1, x.length()): null

18-11-2024T02:51:28 - [TEST_STEP][PASSED] - println(x): null

18-11-2024T02:51:28 - [TEST_STEP][PASSED] - i1 = x.indexOf("/"): null

18-11-2024T02:51:28 - [TEST_STEP][PASSED] - if (i1 > -1): null

18-11-2024T02:51:28 - [TEST_STEP][PASSED] - x = x.substring(0, i1): null

18-11-2024T02:51:28 - [TEST_STEP][PASSED] - println(x): null

18-11-2024T02:51:28 - [TEST_STEP][PASSED] - return x: null

18-11-2024T02:51:28 - [TEST_STEP][PASSED] - tabB = GetOvSPlanB(x = b): null

18-11-2024T02:51:28 - [TEST_STEP][PASSED] - i1 = <not implemented yet for class: org.codehaus.groovy.ast.expr.EmptyExpression>: null

18-11-2024T02:51:28 - [TEST_STEP][PASSED] - ii = <not implemented yet for class: org.codehaus.groovy.ast.expr.EmptyExpression>: null

18-11-2024T02:51:28 - [TEST_STEP][PASSED] - for ([ii = 1, ii < 7, (ii++)]): null

18-11-2024T02:51:28 - [TEST_STEP][PASSED] - i1 = x.indexOf("/") + 1: null

18-11-2024T02:51:28 - [TEST_STEP][PASSED] - if (i1 > -1): null

18-11-2024T02:51:28 - [TEST_STEP][PASSED] - x = x.substring(i1, x.length()): null

18-11-2024T02:51:28 - [TEST_STEP][PASSED] - println(x): null

18-11-2024T02:51:28 - [TEST_STEP][PASSED] - i1 = x.indexOf("/") + 1: null

18-11-2024T02:51:28 - [TEST_STEP][PASSED] - if (i1 > -1): null

18-11-2024T02:51:28 - [TEST_STEP][PASSED] - x = x.substring(i1, x.length()): null

18-11-2024T02:51:28 - [TEST_STEP][PASSED] - println(x): null

18-11-2024T02:51:28 - [TEST_STEP][PASSED] - i1 = x.indexOf("/") + 1: null

18-11-2024T02:51:28 - [TEST_STEP][PASSED] - if (i1 > -1): null

18-11-2024T02:51:28 - [TEST_STEP][PASSED] - x = x.substring(i1, x.length()): null

18-11-2024T02:51:28 - [TEST_STEP][PASSED] - println(x): null

18-11-2024T02:51:28 - [TEST_STEP][PASSED] - i1 = x.indexOf("/") + 1: null

18-11-2024T02:51:28 - [TEST_STEP][PASSED] - if (i1 > -1): null

18-11-2024T02:51:28 - [TEST_STEP][PASSED] - x = x.substring(i1, x.length()): null

18-11-2024T02:51:28 - [TEST_STEP][PASSED] - println(x): null

18-11-2024T02:51:28 - [TEST_STEP][PASSED] - i1 = x.indexOf("/") + 1: null

18-11-2024T02:51:28 - [TEST_STEP][PASSED] - if (i1 > -1): null

18-11-2024T02:51:28 - [TEST_STEP][PASSED] - x = x.substring(i1, x.length()): null

18-11-2024T02:51:28 - [TEST_STEP][PASSED] - println(x): null

18-11-2024T02:51:28 - [TEST_STEP][PASSED] - i1 = x.indexOf("/") + 1: null

18-11-2024T02:51:28 - [TEST_STEP][PASSED] - if (i1 > -1): null

18-11-2024T02:51:28 - [TEST_STEP][PASSED] - x = x.substring(i1, x.length()): null

18-11-2024T02:51:28 - [TEST_STEP][PASSED] - println(x): null

18-11-2024T02:51:28 - [TEST_STEP][PASSED] - i1 = x.indexOf("/"): null

18-11-2024T02:51:28 - [TEST_STEP][PASSED] - if (i1 > -1): null

18-11-2024T02:51:28 - [TEST_STEP][PASSED] - x = x.substring(0, i1): null

18-11-2024T02:51:28 - [TEST_STEP][PASSED] - println(x): null

18-11-2024T02:51:28 - [TEST_STEP][FAILED] - return x: null

18-11-2024T02:51:28 - [TEST_STEP][PASSED] - println(tabR + "/" + tabB): null

18-11-2024T02:51:28 - [TEST_STEP][FAILED] - if (verifyEqual(PercFactR, PercFactB) == false): null

18-11-2024T02:51:28 - [MESSAGE][FAILED] - Unable to verify equal between actual object 'нет данных' and expected object '8.68' (Root cause: com.kms.katalon.core.exception.StepFailedException: Actual object 'нет данных' and expected object '8.68' are not equal
	at com.kms.katalon.core.keyword.builtin.VerifyEqualKeyword$_verifyEqual_closure1.doCall(VerifyEqualKeyword.groovy:58)
	at com.kms.katalon.core.keyword.builtin.VerifyEqualKeyword$_verifyEqual_closure1.call(VerifyEqualKeyword.groovy)
	at com.kms.katalon.core.keyword.internal.KeywordMain.runKeyword(KeywordMain.groovy:75)
	at com.kms.katalon.core.keyword.builtin.VerifyEqualKeyword.verifyEqual(VerifyEqualKeyword.groovy:63)
	at com.kms.katalon.core.keyword.builtin.VerifyEqualKeyword.execute(VerifyEqualKeyword.groovy:44)
	at com.kms.katalon.core.keyword.internal.KeywordExecutor.executeKeywordForPlatform(KeywordExecutor.groovy:74)
	at com.kms.katalon.core.keyword.BuiltinKeywords.verifyEqual(BuiltinKeywords.groovy:146)
	at jdk.internal.reflect.GeneratedMethodAccessor25.invoke(Unknown Source)
	at java.base/jdk.internal.reflect.DelegatingMethodAccessorImpl.invoke(DelegatingMethodAccessorImpl.java:43)
	at Выполнение бизнес-плана сверка дашбордов.CompareDZOData(Выполнение бизнес-плана сверка дашбордов:745)
	at Выполнение бизнес-плана сверка дашбордов.run(Выполнение бизнес-плана сверка дашбордов:603)
	at com.kms.katalon.core.main.ScriptEngine.run(ScriptEngine.java:194)
	at com.kms.katalon.core.main.ScriptEngine.runScriptAsRawText(ScriptEngine.java:119)
	at com.kms.katalon.core.main.TestCaseExecutor.runScript(TestCaseExecutor.java:448)
	at com.kms.katalon.core.main.TestCaseExecutor.doExecute(TestCaseExecutor.java:439)
	at com.kms.katalon.core.main.TestCaseExecutor.processExecutionPhase(TestCaseExecutor.java:418)
	at com.kms.katalon.core.main.TestCaseExecutor.accessMainPhase(TestCaseExecutor.java:410)
	at com.kms.katalon.core.main.TestCaseExecutor.execute(TestCaseExecutor.java:285)
	at com.kms.katalon.core.common.CommonExecutor.accessTestCaseMainPhase(CommonExecutor.java:65)
	at com.kms.katalon.core.main.TestSuiteExecutor.accessTestSuiteMainPhase(TestSuiteExecutor.java:150)
	at com.kms.katalon.core.main.TestSuiteExecutor.execute(TestSuiteExecutor.java:106)
	at com.kms.katalon.core.main.TestCaseMain.startTestSuite(TestCaseMain.java:180)
	at TempTestSuite1731886967590.run(TempTestSuite1731886967590.groovy:35)
	at java.base/jdk.internal.reflect.NativeMethodAccessorImpl.invoke0(Native Method)
	at java.base/jdk.internal.reflect.NativeMethodAccessorImpl.invoke(NativeMethodAccessorImpl.java:77)
	at java.base/jdk.internal.reflect.DelegatingMethodAccessorImpl.invoke(DelegatingMethodAccessorImpl.java:43)
)

18-11-2024T02:51:28 - [TEST_STEP][PASSED] - result = WriteToExcel(typeOfData, todaysDate, PercPlanR, PercPlanB, PercFactR, PercFactB, x, tabR, tabB, o1R, o1B, vidget): null

18-11-2024T02:51:28 - [TEST_STEP][PASSED] - iii = dZO.indexOf("/"): null

18-11-2024T02:51:28 - [TEST_STEP][PASSED] - println(iii): null

18-11-2024T02:51:28 - [TEST_STEP][PASSED] - dZO = dZO.substring(0, iii): null

18-11-2024T02:51:28 - [TEST_STEP][PASSED] - println(dZO): null

18-11-2024T02:51:28 - [TEST_STEP][PASSED] - println(PercPlanR): null

18-11-2024T02:51:28 - [TEST_STEP][PASSED] - println(PercPlanB): null

18-11-2024T02:51:28 - [TEST_STEP][PASSED] - println(PercFactR): null

18-11-2024T02:51:28 - [TEST_STEP][PASSED] - println(PercFactB): null

18-11-2024T02:51:28 - [TEST_STEP][PASSED] - println(tabR): null

18-11-2024T02:51:28 - [TEST_STEP][PASSED] - println(tabB): null

18-11-2024T02:51:28 - [TEST_STEP][PASSED] - println(o1R): null

18-11-2024T02:51:28 - [TEST_STEP][PASSED] - println(o1B): null

18-11-2024T02:51:28 - [TEST_STEP][PASSED] - PR = <not implemented yet for class: org.codehaus.groovy.ast.expr.EmptyExpression>: null

18-11-2024T02:51:28 - [TEST_STEP][PASSED] - FR = <not implemented yet for class: org.codehaus.groovy.ast.expr.EmptyExpression>: null

18-11-2024T02:51:28 - [TEST_STEP][PASSED] - PB = <not implemented yet for class: org.codehaus.groovy.ast.expr.EmptyExpression>: null

18-11-2024T02:51:28 - [TEST_STEP][PASSED] - FB = <not implemented yet for class: org.codehaus.groovy.ast.expr.EmptyExpression>: null

18-11-2024T02:51:28 - [TEST_STEP][PASSED] - TR = <not implemented yet for class: org.codehaus.groovy.ast.expr.EmptyExpression>: null

18-11-2024T02:51:28 - [TEST_STEP][PASSED] - TB = <not implemented yet for class: org.codehaus.groovy.ast.expr.EmptyExpression>: null

18-11-2024T02:51:28 - [TEST_STEP][PASSED] - sheetName = "Sheet1": null

18-11-2024T02:51:28 - [TEST_STEP][PASSED] - data = findTestData("PlanFact"): null

18-11-2024T02:51:28 - [TEST_STEP][PASSED] - n = data.getRowNumbers() + 1: null

18-11-2024T02:51:28 - [TEST_STEP][PASSED] - year = todaysDate.substring(todaysDate.length() - 4, todaysDate.length()): null

18-11-2024T02:51:28 - [TEST_STEP][PASSED] - y = year.toInteger(): null

18-11-2024T02:51:28 - [TEST_STEP][PASSED] - m = getText(findTestObject("Выполнение бизнес-плана/Выполнение бизнес-плана Балансы/Фильтр Дата")): Text of object 'Object Repository/Выполнение бизнес-плана/Выполнение бизнес-плана Балансы/Фильтр Дата' is: '1, 2, 3 кв. 2024 года'

18-11-2024T02:51:28 - [MESSAGE][PASSED] - Text of object 'Object Repository/Выполнение бизнес-плана/Выполнение бизнес-плана Балансы/Фильтр Дата' is: '1, 2, 3 кв. 2024 года'

18-11-2024T02:51:28 - [TEST_STEP][PASSED] - m = m.substring(0, m.indexOf("2024")): null

18-11-2024T02:51:28 - [TEST_STEP][PASSED] - m = m.trim(): null

18-11-2024T02:51:28 - [TEST_STEP][PASSED] - dashboardName = "Выполнение бизнес-плана": null

18-11-2024T02:51:28 - [TEST_STEP][PASSED] - workbook01 = getWorkbook(excelFilePath): null

18-11-2024T02:51:28 - [TEST_STEP][PASSED] - sheet01 = getExcelSheet(workbook01, sheetName): null

18-11-2024T02:51:28 - [TEST_STEP][PASSED] - setValueToCellByIndex(sheet01, n, 0, dashboardName): null

18-11-2024T02:51:28 - [TEST_STEP][PASSED] - setValueToCellByIndex(sheet01, n, 1, dZO): null

18-11-2024T02:51:28 - [TEST_STEP][PASSED] - setValueToCellByIndex(sheet01, n, 2, typeOfData): null

18-11-2024T02:51:28 - [TEST_STEP][PASSED] - setValueToCellByIndex(sheet01, n, 3, typeOfData): null

18-11-2024T02:51:28 - [TEST_STEP][PASSED] - if (typeOfData == "План"): null

18-11-2024T02:51:28 - [TEST_STEP][PASSED] - else if (typeOfData == "Факт"): null

18-11-2024T02:51:28 - [TEST_STEP][PASSED] - else if (vidget.contains("электроэнергии") == true): null

18-11-2024T02:51:28 - [TEST_STEP][PASSED] - if (tabR == null): null

18-11-2024T02:51:28 - [TEST_STEP][PASSED] - else: null

18-11-2024T02:51:28 - [TEST_STEP][PASSED] - if (tabR == "нет данных"): null

18-11-2024T02:51:28 - [TEST_STEP][PASSED] - setValueToCellByIndex(sheet01, n, 4, "нет данных"): null

18-11-2024T02:51:28 - [TEST_STEP][PASSED] - if (tabB == null): null

18-11-2024T02:51:28 - [TEST_STEP][PASSED] - else: null

18-11-2024T02:51:28 - [TEST_STEP][PASSED] - if (tabB == "нет данных"): null

18-11-2024T02:51:28 - [TEST_STEP][PASSED] - else: null

18-11-2024T02:51:28 - [TEST_STEP][PASSED] - TB = tabB.toInteger(): null

18-11-2024T02:51:28 - [TEST_STEP][PASSED] - setValueToCellByIndex(sheet01, n, 5, TB): null

18-11-2024T02:51:28 - [TEST_STEP][PASSED] - setValueToCellByIndex(sheet01, n, 6, m): null

18-11-2024T02:51:28 - [TEST_STEP][PASSED] - setValueToCellByIndex(sheet01, n, 7, y): null

18-11-2024T02:51:28 - [TEST_STEP][PASSED] - setValueToCellByIndex(sheet01, n, 8, todaysDate): null

18-11-2024T02:51:28 - [TEST_STEP][PASSED] - n = n + 1: null

18-11-2024T02:51:28 - [TEST_STEP][PASSED] - saveWorkbook(excelFilePath, workbook01): null

18-11-2024T02:51:28 - [TEST_STEP][PASSED] - typeOfData = "План Отпуск из сети": null

18-11-2024T02:51:28 - [TEST_STEP][PASSED] - tabR = GetOiSPlanR(x = a): null

18-11-2024T02:51:28 - [TEST_STEP][PASSED] - i1 = <not implemented yet for class: org.codehaus.groovy.ast.expr.EmptyExpression>: null

18-11-2024T02:51:28 - [TEST_STEP][PASSED] - ii = <not implemented yet for class: org.codehaus.groovy.ast.expr.EmptyExpression>: null

18-11-2024T02:51:28 - [TEST_STEP][PASSED] - for ([ii = 1, ii < 8, (ii++)]): null

18-11-2024T02:51:28 - [TEST_STEP][PASSED] - i1 = x.indexOf("/") + 1: null

18-11-2024T02:51:28 - [TEST_STEP][PASSED] - if (i1 > -1): null

18-11-2024T02:51:28 - [TEST_STEP][PASSED] - x = x.substring(i1, x.length()): null

18-11-2024T02:51:28 - [TEST_STEP][PASSED] - println(x): null

18-11-2024T02:51:28 - [TEST_STEP][PASSED] - i1 = x.indexOf("/") + 1: null

18-11-2024T02:51:28 - [TEST_STEP][PASSED] - if (i1 > -1): null

18-11-2024T02:51:28 - [TEST_STEP][PASSED] - x = x.substring(i1, x.length()): null

18-11-2024T02:51:28 - [TEST_STEP][PASSED] - println(x): null

18-11-2024T02:51:28 - [TEST_STEP][PASSED] - i1 = x.indexOf("/") + 1: null

18-11-2024T02:51:28 - [TEST_STEP][PASSED] - if (i1 > -1): null

18-11-2024T02:51:28 - [TEST_STEP][PASSED] - x = x.substring(i1, x.length()): null

18-11-2024T02:51:28 - [TEST_STEP][PASSED] - println(x): null

18-11-2024T02:51:28 - [TEST_STEP][PASSED] - i1 = x.indexOf("/") + 1: null

18-11-2024T02:51:28 - [TEST_STEP][PASSED] - if (i1 > -1): null

18-11-2024T02:51:28 - [TEST_STEP][PASSED] - x = x.substring(i1, x.length()): null

18-11-2024T02:51:28 - [TEST_STEP][PASSED] - println(x): null

18-11-2024T02:51:28 - [TEST_STEP][PASSED] - i1 = x.indexOf("/") + 1: null

18-11-2024T02:51:28 - [TEST_STEP][PASSED] - if (i1 > -1): null

18-11-2024T02:51:28 - [TEST_STEP][PASSED] - x = x.substring(i1, x.length()): null

18-11-2024T02:51:28 - [TEST_STEP][PASSED] - println(x): null

18-11-2024T02:51:28 - [TEST_STEP][PASSED] - i1 = x.indexOf("/") + 1: null

18-11-2024T02:51:28 - [TEST_STEP][PASSED] - if (i1 > -1): null

18-11-2024T02:51:28 - [TEST_STEP][PASSED] - x = x.substring(i1, x.length()): null

18-11-2024T02:51:28 - [TEST_STEP][PASSED] - println(x): null

18-11-2024T02:51:28 - [TEST_STEP][PASSED] - i1 = x.indexOf("/") + 1: null

18-11-2024T02:51:28 - [TEST_STEP][PASSED] - if (i1 > -1): null

18-11-2024T02:51:28 - [TEST_STEP][PASSED] - x = x.substring(i1, x.length()): null

18-11-2024T02:51:28 - [TEST_STEP][PASSED] - println(x): null

18-11-2024T02:51:28 - [TEST_STEP][PASSED] - i1 = x.indexOf("/"): null

18-11-2024T02:51:28 - [TEST_STEP][PASSED] - if (i1 > -1): null

18-11-2024T02:51:28 - [TEST_STEP][PASSED] - x = x.substring(0, i1): null

18-11-2024T02:51:28 - [TEST_STEP][PASSED] - println(x): null

18-11-2024T02:51:28 - [TEST_STEP][PASSED] - return x: null

18-11-2024T02:51:28 - [TEST_STEP][PASSED] - tabB = GetOiSPlanB(x = b): null

18-11-2024T02:51:28 - [TEST_STEP][PASSED] - i1 = <not implemented yet for class: org.codehaus.groovy.ast.expr.EmptyExpression>: null

18-11-2024T02:51:28 - [TEST_STEP][PASSED] - ii = <not implemented yet for class: org.codehaus.groovy.ast.expr.EmptyExpression>: null

18-11-2024T02:51:28 - [TEST_STEP][PASSED] - for ([ii = 1, ii < 8, (ii++)]): null

18-11-2024T02:51:28 - [TEST_STEP][PASSED] - i1 = x.indexOf("/") + 1: null

18-11-2024T02:51:28 - [TEST_STEP][PASSED] - if (i1 > -1): null

18-11-2024T02:51:28 - [TEST_STEP][PASSED] - x = x.substring(i1, x.length()): null

18-11-2024T02:51:28 - [TEST_STEP][PASSED] - println(x): null

18-11-2024T02:51:28 - [TEST_STEP][PASSED] - i1 = x.indexOf("/") + 1: null

18-11-2024T02:51:28 - [TEST_STEP][PASSED] - if (i1 > -1): null

18-11-2024T02:51:28 - [TEST_STEP][PASSED] - x = x.substring(i1, x.length()): null

18-11-2024T02:51:28 - [TEST_STEP][PASSED] - println(x): null

18-11-2024T02:51:28 - [TEST_STEP][PASSED] - i1 = x.indexOf("/") + 1: null

18-11-2024T02:51:28 - [TEST_STEP][PASSED] - if (i1 > -1): null

18-11-2024T02:51:28 - [TEST_STEP][PASSED] - x = x.substring(i1, x.length()): null

18-11-2024T02:51:28 - [TEST_STEP][PASSED] - println(x): null

18-11-2024T02:51:28 - [TEST_STEP][PASSED] - i1 = x.indexOf("/") + 1: null

18-11-2024T02:51:28 - [TEST_STEP][PASSED] - if (i1 > -1): null

18-11-2024T02:51:28 - [TEST_STEP][PASSED] - x = x.substring(i1, x.length()): null

18-11-2024T02:51:28 - [TEST_STEP][PASSED] - println(x): null

18-11-2024T02:51:28 - [TEST_STEP][PASSED] - i1 = x.indexOf("/") + 1: null

18-11-2024T02:51:28 - [TEST_STEP][PASSED] - if (i1 > -1): null

18-11-2024T02:51:28 - [TEST_STEP][PASSED] - x = x.substring(i1, x.length()): null

18-11-2024T02:51:28 - [TEST_STEP][PASSED] - println(x): null

18-11-2024T02:51:28 - [TEST_STEP][PASSED] - i1 = x.indexOf("/") + 1: null

18-11-2024T02:51:28 - [TEST_STEP][PASSED] - if (i1 > -1): null

18-11-2024T02:51:28 - [TEST_STEP][PASSED] - x = x.substring(i1, x.length()): null

18-11-2024T02:51:28 - [TEST_STEP][PASSED] - println(x): null

18-11-2024T02:51:28 - [TEST_STEP][PASSED] - i1 = x.indexOf("/") + 1: null

18-11-2024T02:51:28 - [TEST_STEP][PASSED] - if (i1 > -1): null

18-11-2024T02:51:28 - [TEST_STEP][PASSED] - x = x.substring(i1, x.length()): null

18-11-2024T02:51:28 - [TEST_STEP][PASSED] - println(x): null

18-11-2024T02:51:28 - [TEST_STEP][PASSED] - i1 = x.indexOf("/"): null

18-11-2024T02:51:28 - [TEST_STEP][PASSED] - if (i1 > -1): null

18-11-2024T02:51:28 - [TEST_STEP][PASSED] - x = x.substring(0, i1): null

18-11-2024T02:51:28 - [TEST_STEP][PASSED] - println(x): null

18-11-2024T02:51:28 - [TEST_STEP][FAILED] - return x: null

18-11-2024T02:51:28 - [TEST_STEP][PASSED] - println(tabR + "/" + tabB): null

18-11-2024T02:51:28 - [TEST_STEP][FAILED] - if (verifyEqual(PercFactR, PercFactB) == false): null

18-11-2024T02:51:28 - [MESSAGE][FAILED] - Unable to verify equal between actual object 'нет данных' and expected object '8.68' (Root cause: com.kms.katalon.core.exception.StepFailedException: Actual object 'нет данных' and expected object '8.68' are not equal
	at com.kms.katalon.core.keyword.builtin.VerifyEqualKeyword$_verifyEqual_closure1.doCall(VerifyEqualKeyword.groovy:58)
	at com.kms.katalon.core.keyword.builtin.VerifyEqualKeyword$_verifyEqual_closure1.call(VerifyEqualKeyword.groovy)
	at com.kms.katalon.core.keyword.internal.KeywordMain.runKeyword(KeywordMain.groovy:75)
	at com.kms.katalon.core.keyword.builtin.VerifyEqualKeyword.verifyEqual(VerifyEqualKeyword.groovy:63)
	at com.kms.katalon.core.keyword.builtin.VerifyEqualKeyword.execute(VerifyEqualKeyword.groovy:44)
	at com.kms.katalon.core.keyword.internal.KeywordExecutor.executeKeywordForPlatform(KeywordExecutor.groovy:74)
	at com.kms.katalon.core.keyword.BuiltinKeywords.verifyEqual(BuiltinKeywords.groovy:146)
	at jdk.internal.reflect.GeneratedMethodAccessor25.invoke(Unknown Source)
	at java.base/jdk.internal.reflect.DelegatingMethodAccessorImpl.invoke(DelegatingMethodAccessorImpl.java:43)
	at Выполнение бизнес-плана сверка дашбордов.CompareDZOData(Выполнение бизнес-плана сверка дашбордов:758)
	at Выполнение бизнес-плана сверка дашбордов.run(Выполнение бизнес-плана сверка дашбордов:603)
	at com.kms.katalon.core.main.ScriptEngine.run(ScriptEngine.java:194)
	at com.kms.katalon.core.main.ScriptEngine.runScriptAsRawText(ScriptEngine.java:119)
	at com.kms.katalon.core.main.TestCaseExecutor.runScript(TestCaseExecutor.java:448)
	at com.kms.katalon.core.main.TestCaseExecutor.doExecute(TestCaseExecutor.java:439)
	at com.kms.katalon.core.main.TestCaseExecutor.processExecutionPhase(TestCaseExecutor.java:418)
	at com.kms.katalon.core.main.TestCaseExecutor.accessMainPhase(TestCaseExecutor.java:410)
	at com.kms.katalon.core.main.TestCaseExecutor.execute(TestCaseExecutor.java:285)
	at com.kms.katalon.core.common.CommonExecutor.accessTestCaseMainPhase(CommonExecutor.java:65)
	at com.kms.katalon.core.main.TestSuiteExecutor.accessTestSuiteMainPhase(TestSuiteExecutor.java:150)
	at com.kms.katalon.core.main.TestSuiteExecutor.execute(TestSuiteExecutor.java:106)
	at com.kms.katalon.core.main.TestCaseMain.startTestSuite(TestCaseMain.java:180)
	at TempTestSuite1731886967590.run(TempTestSuite1731886967590.groovy:35)
	at java.base/jdk.internal.reflect.NativeMethodAccessorImpl.invoke0(Native Method)
	at java.base/jdk.internal.reflect.NativeMethodAccessorImpl.invoke(NativeMethodAccessorImpl.java:77)
	at java.base/jdk.internal.reflect.DelegatingMethodAccessorImpl.invoke(DelegatingMethodAccessorImpl.java:43)
)

18-11-2024T02:51:28 - [TEST_STEP][PASSED] - result = WriteToExcel(typeOfData, todaysDate, PercPlanR, PercPlanB, PercFactR, PercFactB, x, tabR, tabB, o1R, o1B, vidget): null

18-11-2024T02:51:28 - [TEST_STEP][PASSED] - iii = dZO.indexOf("/"): null

18-11-2024T02:51:28 - [TEST_STEP][PASSED] - println(iii): null

18-11-2024T02:51:28 - [TEST_STEP][PASSED] - dZO = dZO.substring(0, iii): null

18-11-2024T02:51:28 - [TEST_STEP][PASSED] - println(dZO): null

18-11-2024T02:51:28 - [TEST_STEP][PASSED] - println(PercPlanR): null

18-11-2024T02:51:28 - [TEST_STEP][PASSED] - println(PercPlanB): null

18-11-2024T02:51:28 - [TEST_STEP][PASSED] - println(PercFactR): null

18-11-2024T02:51:28 - [TEST_STEP][PASSED] - println(PercFactB): null

18-11-2024T02:51:28 - [TEST_STEP][PASSED] - println(tabR): null

18-11-2024T02:51:28 - [TEST_STEP][PASSED] - println(tabB): null

18-11-2024T02:51:28 - [TEST_STEP][PASSED] - println(o1R): null

18-11-2024T02:51:28 - [TEST_STEP][PASSED] - println(o1B): null

18-11-2024T02:51:28 - [TEST_STEP][PASSED] - PR = <not implemented yet for class: org.codehaus.groovy.ast.expr.EmptyExpression>: null

18-11-2024T02:51:28 - [TEST_STEP][PASSED] - FR = <not implemented yet for class: org.codehaus.groovy.ast.expr.EmptyExpression>: null

18-11-2024T02:51:28 - [TEST_STEP][PASSED] - PB = <not implemented yet for class: org.codehaus.groovy.ast.expr.EmptyExpression>: null

18-11-2024T02:51:28 - [TEST_STEP][PASSED] - FB = <not implemented yet for class: org.codehaus.groovy.ast.expr.EmptyExpression>: null

18-11-2024T02:51:28 - [TEST_STEP][PASSED] - TR = <not implemented yet for class: org.codehaus.groovy.ast.expr.EmptyExpression>: null

18-11-2024T02:51:28 - [TEST_STEP][PASSED] - TB = <not implemented yet for class: org.codehaus.groovy.ast.expr.EmptyExpression>: null

18-11-2024T02:51:28 - [TEST_STEP][PASSED] - sheetName = "Sheet1": null

18-11-2024T02:51:28 - [TEST_STEP][PASSED] - data = findTestData("PlanFact"): null

18-11-2024T02:51:28 - [TEST_STEP][PASSED] - n = data.getRowNumbers() + 1: null

18-11-2024T02:51:28 - [TEST_STEP][PASSED] - year = todaysDate.substring(todaysDate.length() - 4, todaysDate.length()): null

18-11-2024T02:51:28 - [TEST_STEP][PASSED] - y = year.toInteger(): null

18-11-2024T02:51:28 - [TEST_STEP][PASSED] - m = getText(findTestObject("Выполнение бизнес-плана/Выполнение бизнес-плана Балансы/Фильтр Дата")): Text of object 'Object Repository/Выполнение бизнес-плана/Выполнение бизнес-плана Балансы/Фильтр Дата' is: '1, 2, 3 кв. 2024 года'

18-11-2024T02:51:29 - [MESSAGE][PASSED] - Text of object 'Object Repository/Выполнение бизнес-плана/Выполнение бизнес-плана Балансы/Фильтр Дата' is: '1, 2, 3 кв. 2024 года'

18-11-2024T02:51:29 - [TEST_STEP][PASSED] - m = m.substring(0, m.indexOf("2024")): null

18-11-2024T02:51:29 - [TEST_STEP][PASSED] - m = m.trim(): null

18-11-2024T02:51:29 - [TEST_STEP][PASSED] - dashboardName = "Выполнение бизнес-плана": null

18-11-2024T02:51:29 - [TEST_STEP][PASSED] - workbook01 = getWorkbook(excelFilePath): null

18-11-2024T02:51:29 - [TEST_STEP][PASSED] - sheet01 = getExcelSheet(workbook01, sheetName): null

18-11-2024T02:51:29 - [TEST_STEP][PASSED] - setValueToCellByIndex(sheet01, n, 0, dashboardName): null

18-11-2024T02:51:29 - [TEST_STEP][PASSED] - setValueToCellByIndex(sheet01, n, 1, dZO): null

18-11-2024T02:51:29 - [TEST_STEP][PASSED] - setValueToCellByIndex(sheet01, n, 2, typeOfData): null

18-11-2024T02:51:29 - [TEST_STEP][PASSED] - setValueToCellByIndex(sheet01, n, 3, typeOfData): null

18-11-2024T02:51:29 - [TEST_STEP][PASSED] - if (typeOfData == "План"): null

18-11-2024T02:51:29 - [TEST_STEP][PASSED] - else if (typeOfData == "Факт"): null

18-11-2024T02:51:29 - [TEST_STEP][PASSED] - else if (vidget.contains("электроэнергии") == true): null

18-11-2024T02:51:29 - [TEST_STEP][PASSED] - if (tabR == null): null

18-11-2024T02:51:29 - [TEST_STEP][PASSED] - else: null

18-11-2024T02:51:29 - [TEST_STEP][PASSED] - if (tabR == "нет данных"): null

18-11-2024T02:51:29 - [TEST_STEP][PASSED] - setValueToCellByIndex(sheet01, n, 4, "нет данных"): null

18-11-2024T02:51:29 - [TEST_STEP][PASSED] - if (tabB == null): null

18-11-2024T02:51:29 - [TEST_STEP][PASSED] - else: null

18-11-2024T02:51:29 - [TEST_STEP][PASSED] - if (tabB == "нет данных"): null

18-11-2024T02:51:29 - [TEST_STEP][PASSED] - else: null

18-11-2024T02:51:29 - [TEST_STEP][PASSED] - TB = tabB.toInteger(): null

18-11-2024T02:51:29 - [TEST_STEP][PASSED] - setValueToCellByIndex(sheet01, n, 5, TB): null

18-11-2024T02:51:29 - [TEST_STEP][PASSED] - setValueToCellByIndex(sheet01, n, 6, m): null

18-11-2024T02:51:29 - [TEST_STEP][PASSED] - setValueToCellByIndex(sheet01, n, 7, y): null

18-11-2024T02:51:29 - [TEST_STEP][PASSED] - setValueToCellByIndex(sheet01, n, 8, todaysDate): null

18-11-2024T02:51:29 - [TEST_STEP][PASSED] - n = n + 1: null

18-11-2024T02:51:29 - [TEST_STEP][PASSED] - saveWorkbook(excelFilePath, workbook01): null

18-11-2024T02:51:29 - [TEST_STEP][PASSED] - typeOfData = "План Потери": null

18-11-2024T02:51:29 - [TEST_STEP][PASSED] - tabR = GetPPlanR(x = a): null

18-11-2024T02:51:29 - [TEST_STEP][PASSED] - i1 = <not implemented yet for class: org.codehaus.groovy.ast.expr.EmptyExpression>: null

18-11-2024T02:51:29 - [TEST_STEP][PASSED] - ii = <not implemented yet for class: org.codehaus.groovy.ast.expr.EmptyExpression>: null

18-11-2024T02:51:29 - [TEST_STEP][PASSED] - for ([ii = 1, ii < 9, (ii++)]): null

18-11-2024T02:51:29 - [TEST_STEP][PASSED] - i1 = x.indexOf("/") + 1: null

18-11-2024T02:51:29 - [TEST_STEP][PASSED] - if (i1 > -1): null

18-11-2024T02:51:29 - [TEST_STEP][PASSED] - x = x.substring(i1, x.length()): null

18-11-2024T02:51:29 - [TEST_STEP][PASSED] - println(x): null

18-11-2024T02:51:29 - [TEST_STEP][PASSED] - i1 = x.indexOf("/") + 1: null

18-11-2024T02:51:29 - [TEST_STEP][PASSED] - if (i1 > -1): null

18-11-2024T02:51:29 - [TEST_STEP][PASSED] - x = x.substring(i1, x.length()): null

18-11-2024T02:51:29 - [TEST_STEP][PASSED] - println(x): null

18-11-2024T02:51:29 - [TEST_STEP][PASSED] - i1 = x.indexOf("/") + 1: null

18-11-2024T02:51:29 - [TEST_STEP][PASSED] - if (i1 > -1): null

18-11-2024T02:51:29 - [TEST_STEP][PASSED] - x = x.substring(i1, x.length()): null

18-11-2024T02:51:29 - [TEST_STEP][PASSED] - println(x): null

18-11-2024T02:51:29 - [TEST_STEP][PASSED] - i1 = x.indexOf("/") + 1: null

18-11-2024T02:51:29 - [TEST_STEP][PASSED] - if (i1 > -1): null

18-11-2024T02:51:29 - [TEST_STEP][PASSED] - x = x.substring(i1, x.length()): null

18-11-2024T02:51:29 - [TEST_STEP][PASSED] - println(x): null

18-11-2024T02:51:29 - [TEST_STEP][PASSED] - i1 = x.indexOf("/") + 1: null

18-11-2024T02:51:29 - [TEST_STEP][PASSED] - if (i1 > -1): null

18-11-2024T02:51:29 - [TEST_STEP][PASSED] - x = x.substring(i1, x.length()): null

18-11-2024T02:51:29 - [TEST_STEP][PASSED] - println(x): null

18-11-2024T02:51:29 - [TEST_STEP][PASSED] - i1 = x.indexOf("/") + 1: null

18-11-2024T02:51:29 - [TEST_STEP][PASSED] - if (i1 > -1): null

18-11-2024T02:51:29 - [TEST_STEP][PASSED] - x = x.substring(i1, x.length()): null

18-11-2024T02:51:29 - [TEST_STEP][PASSED] - println(x): null

18-11-2024T02:51:29 - [TEST_STEP][PASSED] - i1 = x.indexOf("/") + 1: null

18-11-2024T02:51:29 - [TEST_STEP][PASSED] - if (i1 > -1): null

18-11-2024T02:51:29 - [TEST_STEP][PASSED] - x = x.substring(i1, x.length()): null

18-11-2024T02:51:29 - [TEST_STEP][PASSED] - println(x): null

18-11-2024T02:51:29 - [TEST_STEP][PASSED] - i1 = x.indexOf("/") + 1: null

18-11-2024T02:51:29 - [TEST_STEP][PASSED] - if (i1 > -1): null

18-11-2024T02:51:29 - [TEST_STEP][PASSED] - x = x.substring(i1, x.length()): null

18-11-2024T02:51:29 - [TEST_STEP][PASSED] - println(x): null

18-11-2024T02:51:29 - [TEST_STEP][PASSED] - i1 = x.indexOf("/"): null

18-11-2024T02:51:29 - [TEST_STEP][PASSED] - if (i1 > -1): null

18-11-2024T02:51:29 - [TEST_STEP][PASSED] - x = x.substring(0, i1): null

18-11-2024T02:51:29 - [TEST_STEP][PASSED] - println(x): null

18-11-2024T02:51:29 - [TEST_STEP][PASSED] - return x: null

18-11-2024T02:51:29 - [TEST_STEP][PASSED] - tabB = GetPPlanB(x = b): null

18-11-2024T02:51:29 - [TEST_STEP][PASSED] - i1 = <not implemented yet for class: org.codehaus.groovy.ast.expr.EmptyExpression>: null

18-11-2024T02:51:29 - [TEST_STEP][PASSED] - ii = <not implemented yet for class: org.codehaus.groovy.ast.expr.EmptyExpression>: null

18-11-2024T02:51:29 - [TEST_STEP][PASSED] - for ([ii = 1, ii < 9, (ii++)]): null

18-11-2024T02:51:29 - [TEST_STEP][PASSED] - i1 = x.indexOf("/") + 1: null

18-11-2024T02:51:29 - [TEST_STEP][PASSED] - if (i1 > -1): null

18-11-2024T02:51:29 - [TEST_STEP][PASSED] - x = x.substring(i1, x.length()): null

18-11-2024T02:51:29 - [TEST_STEP][PASSED] - println(x): null

18-11-2024T02:51:29 - [TEST_STEP][PASSED] - i1 = x.indexOf("/") + 1: null

18-11-2024T02:51:29 - [TEST_STEP][PASSED] - if (i1 > -1): null

18-11-2024T02:51:29 - [TEST_STEP][PASSED] - x = x.substring(i1, x.length()): null

18-11-2024T02:51:29 - [TEST_STEP][PASSED] - println(x): null

18-11-2024T02:51:29 - [TEST_STEP][PASSED] - i1 = x.indexOf("/") + 1: null

18-11-2024T02:51:29 - [TEST_STEP][PASSED] - if (i1 > -1): null

18-11-2024T02:51:29 - [TEST_STEP][PASSED] - x = x.substring(i1, x.length()): null

18-11-2024T02:51:29 - [TEST_STEP][PASSED] - println(x): null

18-11-2024T02:51:29 - [TEST_STEP][PASSED] - i1 = x.indexOf("/") + 1: null

18-11-2024T02:51:29 - [TEST_STEP][PASSED] - if (i1 > -1): null

18-11-2024T02:51:29 - [TEST_STEP][PASSED] - x = x.substring(i1, x.length()): null

18-11-2024T02:51:29 - [TEST_STEP][PASSED] - println(x): null

18-11-2024T02:51:29 - [TEST_STEP][PASSED] - i1 = x.indexOf("/") + 1: null

18-11-2024T02:51:29 - [TEST_STEP][PASSED] - if (i1 > -1): null

18-11-2024T02:51:29 - [TEST_STEP][PASSED] - x = x.substring(i1, x.length()): null

18-11-2024T02:51:29 - [TEST_STEP][PASSED] - println(x): null

18-11-2024T02:51:29 - [TEST_STEP][PASSED] - i1 = x.indexOf("/") + 1: null

18-11-2024T02:51:29 - [TEST_STEP][PASSED] - if (i1 > -1): null

18-11-2024T02:51:29 - [TEST_STEP][PASSED] - x = x.substring(i1, x.length()): null

18-11-2024T02:51:29 - [TEST_STEP][PASSED] - println(x): null

18-11-2024T02:51:29 - [TEST_STEP][PASSED] - i1 = x.indexOf("/") + 1: null

18-11-2024T02:51:29 - [TEST_STEP][PASSED] - if (i1 > -1): null

18-11-2024T02:51:29 - [TEST_STEP][PASSED] - x = x.substring(i1, x.length()): null

18-11-2024T02:51:29 - [TEST_STEP][PASSED] - println(x): null

18-11-2024T02:51:29 - [TEST_STEP][PASSED] - i1 = x.indexOf("/") + 1: null

18-11-2024T02:51:29 - [TEST_STEP][PASSED] - if (i1 > -1): null

18-11-2024T02:51:29 - [TEST_STEP][PASSED] - x = x.substring(i1, x.length()): null

18-11-2024T02:51:29 - [TEST_STEP][PASSED] - println(x): null

18-11-2024T02:51:29 - [TEST_STEP][PASSED] - i1 = x.indexOf("/"): null

18-11-2024T02:51:29 - [TEST_STEP][PASSED] - if (i1 > -1): null

18-11-2024T02:51:29 - [TEST_STEP][PASSED] - x = x.substring(0, i1): null

18-11-2024T02:51:29 - [TEST_STEP][PASSED] - println(x): null

18-11-2024T02:51:29 - [TEST_STEP][FAILED] - return x: null

18-11-2024T02:51:29 - [TEST_STEP][PASSED] - println(tabR + "/" + tabB): null

18-11-2024T02:51:29 - [TEST_STEP][FAILED] - if (verifyEqual(PercFactR, PercFactB) == false): null

18-11-2024T02:51:29 - [MESSAGE][FAILED] - Unable to verify equal between actual object 'нет данных' and expected object '8.68' (Root cause: com.kms.katalon.core.exception.StepFailedException: Actual object 'нет данных' and expected object '8.68' are not equal
	at com.kms.katalon.core.keyword.builtin.VerifyEqualKeyword$_verifyEqual_closure1.doCall(VerifyEqualKeyword.groovy:58)
	at com.kms.katalon.core.keyword.builtin.VerifyEqualKeyword$_verifyEqual_closure1.call(VerifyEqualKeyword.groovy)
	at com.kms.katalon.core.keyword.internal.KeywordMain.runKeyword(KeywordMain.groovy:75)
	at com.kms.katalon.core.keyword.builtin.VerifyEqualKeyword.verifyEqual(VerifyEqualKeyword.groovy:63)
	at com.kms.katalon.core.keyword.builtin.VerifyEqualKeyword.execute(VerifyEqualKeyword.groovy:44)
	at com.kms.katalon.core.keyword.internal.KeywordExecutor.executeKeywordForPlatform(KeywordExecutor.groovy:74)
	at com.kms.katalon.core.keyword.BuiltinKeywords.verifyEqual(BuiltinKeywords.groovy:146)
	at jdk.internal.reflect.GeneratedMethodAccessor25.invoke(Unknown Source)
	at java.base/jdk.internal.reflect.DelegatingMethodAccessorImpl.invoke(DelegatingMethodAccessorImpl.java:43)
	at Выполнение бизнес-плана сверка дашбордов.CompareDZOData(Выполнение бизнес-плана сверка дашбордов:771)
	at Выполнение бизнес-плана сверка дашбордов.run(Выполнение бизнес-плана сверка дашбордов:603)
	at com.kms.katalon.core.main.ScriptEngine.run(ScriptEngine.java:194)
	at com.kms.katalon.core.main.ScriptEngine.runScriptAsRawText(ScriptEngine.java:119)
	at com.kms.katalon.core.main.TestCaseExecutor.runScript(TestCaseExecutor.java:448)
	at com.kms.katalon.core.main.TestCaseExecutor.doExecute(TestCaseExecutor.java:439)
	at com.kms.katalon.core.main.TestCaseExecutor.processExecutionPhase(TestCaseExecutor.java:418)
	at com.kms.katalon.core.main.TestCaseExecutor.accessMainPhase(TestCaseExecutor.java:410)
	at com.kms.katalon.core.main.TestCaseExecutor.execute(TestCaseExecutor.java:285)
	at com.kms.katalon.core.common.CommonExecutor.accessTestCaseMainPhase(CommonExecutor.java:65)
	at com.kms.katalon.core.main.TestSuiteExecutor.accessTestSuiteMainPhase(TestSuiteExecutor.java:150)
	at com.kms.katalon.core.main.TestSuiteExecutor.execute(TestSuiteExecutor.java:106)
	at com.kms.katalon.core.main.TestCaseMain.startTestSuite(TestCaseMain.java:180)
	at TempTestSuite1731886967590.run(TempTestSuite1731886967590.groovy:35)
	at java.base/jdk.internal.reflect.NativeMethodAccessorImpl.invoke0(Native Method)
	at java.base/jdk.internal.reflect.NativeMethodAccessorImpl.invoke(NativeMethodAccessorImpl.java:77)
	at java.base/jdk.internal.reflect.DelegatingMethodAccessorImpl.invoke(DelegatingMethodAccessorImpl.java:43)
)

18-11-2024T02:51:29 - [TEST_STEP][PASSED] - result = WriteToExcel(typeOfData, todaysDate, PercPlanR, PercPlanB, PercFactR, PercFactB, x, tabR, tabB, o1R, o1B, vidget): null

18-11-2024T02:51:29 - [TEST_STEP][PASSED] - iii = dZO.indexOf("/"): null

18-11-2024T02:51:29 - [TEST_STEP][PASSED] - println(iii): null

18-11-2024T02:51:29 - [TEST_STEP][PASSED] - dZO = dZO.substring(0, iii): null

18-11-2024T02:51:29 - [TEST_STEP][PASSED] - println(dZO): null

18-11-2024T02:51:29 - [TEST_STEP][PASSED] - println(PercPlanR): null

18-11-2024T02:51:29 - [TEST_STEP][PASSED] - println(PercPlanB): null

18-11-2024T02:51:29 - [TEST_STEP][PASSED] - println(PercFactR): null

18-11-2024T02:51:29 - [TEST_STEP][PASSED] - println(PercFactB): null

18-11-2024T02:51:29 - [TEST_STEP][PASSED] - println(tabR): null

18-11-2024T02:51:29 - [TEST_STEP][PASSED] - println(tabB): null

18-11-2024T02:51:29 - [TEST_STEP][PASSED] - println(o1R): null

18-11-2024T02:51:29 - [TEST_STEP][PASSED] - println(o1B): null

18-11-2024T02:51:29 - [TEST_STEP][PASSED] - PR = <not implemented yet for class: org.codehaus.groovy.ast.expr.EmptyExpression>: null

18-11-2024T02:51:29 - [TEST_STEP][PASSED] - FR = <not implemented yet for class: org.codehaus.groovy.ast.expr.EmptyExpression>: null

18-11-2024T02:51:29 - [TEST_STEP][PASSED] - PB = <not implemented yet for class: org.codehaus.groovy.ast.expr.EmptyExpression>: null

18-11-2024T02:51:29 - [TEST_STEP][PASSED] - FB = <not implemented yet for class: org.codehaus.groovy.ast.expr.EmptyExpression>: null

18-11-2024T02:51:29 - [TEST_STEP][PASSED] - TR = <not implemented yet for class: org.codehaus.groovy.ast.expr.EmptyExpression>: null

18-11-2024T02:51:29 - [TEST_STEP][PASSED] - TB = <not implemented yet for class: org.codehaus.groovy.ast.expr.EmptyExpression>: null

18-11-2024T02:51:29 - [TEST_STEP][PASSED] - sheetName = "Sheet1": null

18-11-2024T02:51:29 - [TEST_STEP][PASSED] - data = findTestData("PlanFact"): null

18-11-2024T02:51:29 - [TEST_STEP][PASSED] - n = data.getRowNumbers() + 1: null

18-11-2024T02:51:29 - [TEST_STEP][PASSED] - year = todaysDate.substring(todaysDate.length() - 4, todaysDate.length()): null

18-11-2024T02:51:29 - [TEST_STEP][PASSED] - y = year.toInteger(): null

18-11-2024T02:51:29 - [TEST_STEP][PASSED] - m = getText(findTestObject("Выполнение бизнес-плана/Выполнение бизнес-плана Балансы/Фильтр Дата")): Text of object 'Object Repository/Выполнение бизнес-плана/Выполнение бизнес-плана Балансы/Фильтр Дата' is: '1, 2, 3 кв. 2024 года'

18-11-2024T02:51:29 - [MESSAGE][PASSED] - Text of object 'Object Repository/Выполнение бизнес-плана/Выполнение бизнес-плана Балансы/Фильтр Дата' is: '1, 2, 3 кв. 2024 года'

18-11-2024T02:51:29 - [TEST_STEP][PASSED] - m = m.substring(0, m.indexOf("2024")): null

18-11-2024T02:51:29 - [TEST_STEP][PASSED] - m = m.trim(): null

18-11-2024T02:51:29 - [TEST_STEP][PASSED] - dashboardName = "Выполнение бизнес-плана": null

18-11-2024T02:51:29 - [TEST_STEP][PASSED] - workbook01 = getWorkbook(excelFilePath): null

18-11-2024T02:51:29 - [TEST_STEP][PASSED] - sheet01 = getExcelSheet(workbook01, sheetName): null

18-11-2024T02:51:29 - [TEST_STEP][PASSED] - setValueToCellByIndex(sheet01, n, 0, dashboardName): null

18-11-2024T02:51:29 - [TEST_STEP][PASSED] - setValueToCellByIndex(sheet01, n, 1, dZO): null

18-11-2024T02:51:29 - [TEST_STEP][PASSED] - setValueToCellByIndex(sheet01, n, 2, typeOfData): null

18-11-2024T02:51:29 - [TEST_STEP][PASSED] - setValueToCellByIndex(sheet01, n, 3, typeOfData): null

18-11-2024T02:51:29 - [TEST_STEP][PASSED] - if (typeOfData == "План"): null

18-11-2024T02:51:29 - [TEST_STEP][PASSED] - else if (typeOfData == "Факт"): null

18-11-2024T02:51:29 - [TEST_STEP][PASSED] - else if (vidget.contains("электроэнергии") == true): null

18-11-2024T02:51:29 - [TEST_STEP][PASSED] - if (tabR == null): null

18-11-2024T02:51:29 - [TEST_STEP][PASSED] - else: null

18-11-2024T02:51:29 - [TEST_STEP][PASSED] - if (tabR == "нет данных"): null

18-11-2024T02:51:29 - [TEST_STEP][PASSED] - setValueToCellByIndex(sheet01, n, 4, "нет данных"): null

18-11-2024T02:51:29 - [TEST_STEP][PASSED] - if (tabB == null): null

18-11-2024T02:51:29 - [TEST_STEP][PASSED] - else: null

18-11-2024T02:51:29 - [TEST_STEP][PASSED] - if (tabB == "нет данных"): null

18-11-2024T02:51:29 - [TEST_STEP][PASSED] - else: null

18-11-2024T02:51:29 - [TEST_STEP][PASSED] - TB = tabB.toInteger(): null

18-11-2024T02:51:29 - [TEST_STEP][PASSED] - setValueToCellByIndex(sheet01, n, 5, TB): null

18-11-2024T02:51:29 - [TEST_STEP][PASSED] - setValueToCellByIndex(sheet01, n, 6, m): null

18-11-2024T02:51:29 - [TEST_STEP][PASSED] - setValueToCellByIndex(sheet01, n, 7, y): null

18-11-2024T02:51:29 - [TEST_STEP][PASSED] - setValueToCellByIndex(sheet01, n, 8, todaysDate): null

18-11-2024T02:51:29 - [TEST_STEP][PASSED] - n = n + 1: null

18-11-2024T02:51:29 - [TEST_STEP][PASSED] - saveWorkbook(excelFilePath, workbook01): null

18-11-2024T02:51:30 - [TEST_STEP][PASSED] - ii2 = a.indexOf("ПАО"): null

18-11-2024T02:51:30 - [TEST_STEP][PASSED] - if (ii2 == -1): null

18-11-2024T02:51:30 - [TEST_STEP][PASSED] - vidget = "Отклонения фактического уровня потерь от бизнес-плана": null

18-11-2024T02:51:30 - [TEST_STEP][PASSED] - typeOfData = "Коэффициент": null

18-11-2024T02:51:30 - [TEST_STEP][PASSED] - o1R = Geto1R(x = a): null

18-11-2024T02:51:30 - [TEST_STEP][PASSED] - i1 = <not implemented yet for class: org.codehaus.groovy.ast.expr.EmptyExpression>: null

18-11-2024T02:51:30 - [TEST_STEP][PASSED] - ii = <not implemented yet for class: org.codehaus.groovy.ast.expr.EmptyExpression>: null

18-11-2024T02:51:30 - [TEST_STEP][PASSED] - for ([ii = 1, ii < 10, (ii++)]): null

18-11-2024T02:51:30 - [TEST_STEP][PASSED] - i1 = x.indexOf("/") + 1: null

18-11-2024T02:51:30 - [TEST_STEP][PASSED] - if (i1 > -1): null

18-11-2024T02:51:30 - [TEST_STEP][PASSED] - x = x.substring(i1, x.length()): null

18-11-2024T02:51:30 - [TEST_STEP][PASSED] - i1 = x.indexOf("/") + 1: null

18-11-2024T02:51:30 - [TEST_STEP][PASSED] - if (i1 > -1): null

18-11-2024T02:51:30 - [TEST_STEP][PASSED] - x = x.substring(i1, x.length()): null

18-11-2024T02:51:30 - [TEST_STEP][PASSED] - i1 = x.indexOf("/") + 1: null

18-11-2024T02:51:30 - [TEST_STEP][PASSED] - if (i1 > -1): null

18-11-2024T02:51:30 - [TEST_STEP][PASSED] - x = x.substring(i1, x.length()): null

18-11-2024T02:51:30 - [TEST_STEP][PASSED] - i1 = x.indexOf("/") + 1: null

18-11-2024T02:51:30 - [TEST_STEP][PASSED] - if (i1 > -1): null

18-11-2024T02:51:30 - [TEST_STEP][PASSED] - x = x.substring(i1, x.length()): null

18-11-2024T02:51:30 - [TEST_STEP][PASSED] - i1 = x.indexOf("/") + 1: null

18-11-2024T02:51:30 - [TEST_STEP][PASSED] - if (i1 > -1): null

18-11-2024T02:51:30 - [TEST_STEP][PASSED] - x = x.substring(i1, x.length()): null

18-11-2024T02:51:30 - [TEST_STEP][PASSED] - i1 = x.indexOf("/") + 1: null

18-11-2024T02:51:30 - [TEST_STEP][PASSED] - if (i1 > -1): null

18-11-2024T02:51:30 - [TEST_STEP][PASSED] - x = x.substring(i1, x.length()): null

18-11-2024T02:51:30 - [TEST_STEP][PASSED] - i1 = x.indexOf("/") + 1: null

18-11-2024T02:51:30 - [TEST_STEP][PASSED] - if (i1 > -1): null

18-11-2024T02:51:30 - [TEST_STEP][PASSED] - x = x.substring(i1, x.length()): null

18-11-2024T02:51:30 - [TEST_STEP][PASSED] - i1 = x.indexOf("/") + 1: null

18-11-2024T02:51:30 - [TEST_STEP][PASSED] - if (i1 > -1): null

18-11-2024T02:51:30 - [TEST_STEP][PASSED] - x = x.substring(i1, x.length()): null

18-11-2024T02:51:30 - [TEST_STEP][PASSED] - i1 = x.indexOf("/") + 1: null

18-11-2024T02:51:30 - [TEST_STEP][PASSED] - if (i1 > -1): null

18-11-2024T02:51:30 - [TEST_STEP][PASSED] - x = x.substring(i1, x.length()): null

18-11-2024T02:51:30 - [TEST_STEP][PASSED] - i1 = x.indexOf("/"): null

18-11-2024T02:51:30 - [TEST_STEP][PASSED] - if (i1 > -1): null

18-11-2024T02:51:30 - [TEST_STEP][PASSED] - println(x): null

18-11-2024T02:51:30 - [TEST_STEP][PASSED] - return x: null

18-11-2024T02:51:30 - [TEST_STEP][PASSED] - o1B = Geto1B(x = b): null

18-11-2024T02:51:30 - [TEST_STEP][PASSED] - i1 = <not implemented yet for class: org.codehaus.groovy.ast.expr.EmptyExpression>: null

18-11-2024T02:51:30 - [TEST_STEP][PASSED] - ii = <not implemented yet for class: org.codehaus.groovy.ast.expr.EmptyExpression>: null

18-11-2024T02:51:30 - [TEST_STEP][PASSED] - for ([ii = 1, ii < 10, (ii++)]): null

18-11-2024T02:51:30 - [TEST_STEP][PASSED] - i1 = x.indexOf("/") + 1: null

18-11-2024T02:51:30 - [TEST_STEP][PASSED] - if (i1 > -1): null

18-11-2024T02:51:30 - [TEST_STEP][PASSED] - x = x.substring(i1, x.length()): null

18-11-2024T02:51:30 - [TEST_STEP][PASSED] - i1 = x.indexOf("/") + 1: null

18-11-2024T02:51:30 - [TEST_STEP][PASSED] - if (i1 > -1): null

18-11-2024T02:51:30 - [TEST_STEP][PASSED] - x = x.substring(i1, x.length()): null

18-11-2024T02:51:30 - [TEST_STEP][PASSED] - i1 = x.indexOf("/") + 1: null

18-11-2024T02:51:30 - [TEST_STEP][PASSED] - if (i1 > -1): null

18-11-2024T02:51:30 - [TEST_STEP][PASSED] - x = x.substring(i1, x.length()): null

18-11-2024T02:51:30 - [TEST_STEP][PASSED] - i1 = x.indexOf("/") + 1: null

18-11-2024T02:51:30 - [TEST_STEP][PASSED] - if (i1 > -1): null

18-11-2024T02:51:30 - [TEST_STEP][PASSED] - x = x.substring(i1, x.length()): null

18-11-2024T02:51:30 - [TEST_STEP][PASSED] - i1 = x.indexOf("/") + 1: null

18-11-2024T02:51:30 - [TEST_STEP][PASSED] - if (i1 > -1): null

18-11-2024T02:51:30 - [TEST_STEP][PASSED] - x = x.substring(i1, x.length()): null

18-11-2024T02:51:30 - [TEST_STEP][PASSED] - i1 = x.indexOf("/") + 1: null

18-11-2024T02:51:30 - [TEST_STEP][PASSED] - if (i1 > -1): null

18-11-2024T02:51:30 - [TEST_STEP][PASSED] - x = x.substring(i1, x.length()): null

18-11-2024T02:51:30 - [TEST_STEP][PASSED] - i1 = x.indexOf("/") + 1: null

18-11-2024T02:51:30 - [TEST_STEP][PASSED] - if (i1 > -1): null

18-11-2024T02:51:30 - [TEST_STEP][PASSED] - x = x.substring(i1, x.length()): null

18-11-2024T02:51:30 - [TEST_STEP][PASSED] - i1 = x.indexOf("/") + 1: null

18-11-2024T02:51:30 - [TEST_STEP][PASSED] - if (i1 > -1): null

18-11-2024T02:51:30 - [TEST_STEP][PASSED] - x = x.substring(i1, x.length()): null

18-11-2024T02:51:30 - [TEST_STEP][PASSED] - i1 = x.indexOf("/") + 1: null

18-11-2024T02:51:30 - [TEST_STEP][PASSED] - if (i1 > -1): null

18-11-2024T02:51:30 - [TEST_STEP][PASSED] - x = x.substring(i1, x.length()): null

18-11-2024T02:51:30 - [TEST_STEP][PASSED] - i1 = x.indexOf("/"): null

18-11-2024T02:51:30 - [TEST_STEP][PASSED] - if (i1 > -1): null

18-11-2024T02:51:30 - [TEST_STEP][PASSED] - println(x): null

18-11-2024T02:51:30 - [TEST_STEP][FAILED] - return x: null

18-11-2024T02:51:30 - [TEST_STEP][PASSED] - println(o1R + "/" + o1B): null

18-11-2024T02:51:30 - [TEST_STEP][FAILED] - if (verifyEqual(PercFactR, PercFactB) == false): null

18-11-2024T02:51:30 - [MESSAGE][FAILED] - Unable to verify equal between actual object 'нет данных' and expected object '8.68' (Root cause: com.kms.katalon.core.exception.StepFailedException: Actual object 'нет данных' and expected object '8.68' are not equal
	at com.kms.katalon.core.keyword.builtin.VerifyEqualKeyword$_verifyEqual_closure1.doCall(VerifyEqualKeyword.groovy:58)
	at com.kms.katalon.core.keyword.builtin.VerifyEqualKeyword$_verifyEqual_closure1.call(VerifyEqualKeyword.groovy)
	at com.kms.katalon.core.keyword.internal.KeywordMain.runKeyword(KeywordMain.groovy:75)
	at com.kms.katalon.core.keyword.builtin.VerifyEqualKeyword.verifyEqual(VerifyEqualKeyword.groovy:63)
	at com.kms.katalon.core.keyword.builtin.VerifyEqualKeyword.execute(VerifyEqualKeyword.groovy:44)
	at com.kms.katalon.core.keyword.internal.KeywordExecutor.executeKeywordForPlatform(KeywordExecutor.groovy:74)
	at com.kms.katalon.core.keyword.BuiltinKeywords.verifyEqual(BuiltinKeywords.groovy:146)
	at jdk.internal.reflect.GeneratedMethodAccessor25.invoke(Unknown Source)
	at java.base/jdk.internal.reflect.DelegatingMethodAccessorImpl.invoke(DelegatingMethodAccessorImpl.java:43)
	at Выполнение бизнес-плана сверка дашбордов.CompareDZOData(Выполнение бизнес-плана сверка дашбордов:789)
	at Выполнение бизнес-плана сверка дашбордов.run(Выполнение бизнес-плана сверка дашбордов:603)
	at com.kms.katalon.core.main.ScriptEngine.run(ScriptEngine.java:194)
	at com.kms.katalon.core.main.ScriptEngine.runScriptAsRawText(ScriptEngine.java:119)
	at com.kms.katalon.core.main.TestCaseExecutor.runScript(TestCaseExecutor.java:448)
	at com.kms.katalon.core.main.TestCaseExecutor.doExecute(TestCaseExecutor.java:439)
	at com.kms.katalon.core.main.TestCaseExecutor.processExecutionPhase(TestCaseExecutor.java:418)
	at com.kms.katalon.core.main.TestCaseExecutor.accessMainPhase(TestCaseExecutor.java:410)
	at com.kms.katalon.core.main.TestCaseExecutor.execute(TestCaseExecutor.java:285)
	at com.kms.katalon.core.common.CommonExecutor.accessTestCaseMainPhase(CommonExecutor.java:65)
	at com.kms.katalon.core.main.TestSuiteExecutor.accessTestSuiteMainPhase(TestSuiteExecutor.java:150)
	at com.kms.katalon.core.main.TestSuiteExecutor.execute(TestSuiteExecutor.java:106)
	at com.kms.katalon.core.main.TestCaseMain.startTestSuite(TestCaseMain.java:180)
	at TempTestSuite1731886967590.run(TempTestSuite1731886967590.groovy:35)
	at java.base/jdk.internal.reflect.NativeMethodAccessorImpl.invoke0(Native Method)
	at java.base/jdk.internal.reflect.NativeMethodAccessorImpl.invoke(NativeMethodAccessorImpl.java:77)
	at java.base/jdk.internal.reflect.DelegatingMethodAccessorImpl.invoke(DelegatingMethodAccessorImpl.java:43)
)

18-11-2024T02:51:30 - [TEST_STEP][PASSED] - result = WriteToExcel(typeOfData, todaysDate, PercPlanR, PercPlanB, PercFactR, PercFactB, x, tabR, tabB, o1R, o1B, vidget): null

18-11-2024T02:51:30 - [TEST_STEP][PASSED] - iii = dZO.indexOf("/"): null

18-11-2024T02:51:30 - [TEST_STEP][PASSED] - println(iii): null

18-11-2024T02:51:30 - [TEST_STEP][PASSED] - dZO = dZO.substring(0, iii): null

18-11-2024T02:51:30 - [TEST_STEP][PASSED] - println(dZO): null

18-11-2024T02:51:30 - [TEST_STEP][PASSED] - println(PercPlanR): null

18-11-2024T02:51:30 - [TEST_STEP][PASSED] - println(PercPlanB): null

18-11-2024T02:51:30 - [TEST_STEP][PASSED] - println(PercFactR): null

18-11-2024T02:51:30 - [TEST_STEP][PASSED] - println(PercFactB): null

18-11-2024T02:51:30 - [TEST_STEP][PASSED] - println(tabR): null

18-11-2024T02:51:30 - [TEST_STEP][PASSED] - println(tabB): null

18-11-2024T02:51:30 - [TEST_STEP][PASSED] - println(o1R): null

18-11-2024T02:51:30 - [TEST_STEP][PASSED] - println(o1B): null

18-11-2024T02:51:30 - [TEST_STEP][PASSED] - PR = <not implemented yet for class: org.codehaus.groovy.ast.expr.EmptyExpression>: null

18-11-2024T02:51:30 - [TEST_STEP][PASSED] - FR = <not implemented yet for class: org.codehaus.groovy.ast.expr.EmptyExpression>: null

18-11-2024T02:51:30 - [TEST_STEP][PASSED] - PB = <not implemented yet for class: org.codehaus.groovy.ast.expr.EmptyExpression>: null

18-11-2024T02:51:30 - [TEST_STEP][PASSED] - FB = <not implemented yet for class: org.codehaus.groovy.ast.expr.EmptyExpression>: null

18-11-2024T02:51:30 - [TEST_STEP][PASSED] - TR = <not implemented yet for class: org.codehaus.groovy.ast.expr.EmptyExpression>: null

18-11-2024T02:51:30 - [TEST_STEP][PASSED] - TB = <not implemented yet for class: org.codehaus.groovy.ast.expr.EmptyExpression>: null

18-11-2024T02:51:30 - [TEST_STEP][PASSED] - sheetName = "Sheet1": null

18-11-2024T02:51:30 - [TEST_STEP][PASSED] - data = findTestData("PlanFact"): null

18-11-2024T02:51:30 - [TEST_STEP][PASSED] - n = data.getRowNumbers() + 1: null

18-11-2024T02:51:30 - [TEST_STEP][PASSED] - year = todaysDate.substring(todaysDate.length() - 4, todaysDate.length()): null

18-11-2024T02:51:30 - [TEST_STEP][PASSED] - y = year.toInteger(): null

18-11-2024T02:51:30 - [TEST_STEP][PASSED] - m = getText(findTestObject("Выполнение бизнес-плана/Выполнение бизнес-плана Балансы/Фильтр Дата")): Text of object 'Object Repository/Выполнение бизнес-плана/Выполнение бизнес-плана Балансы/Фильтр Дата' is: '1, 2, 3 кв. 2024 года'

18-11-2024T02:51:30 - [MESSAGE][PASSED] - Text of object 'Object Repository/Выполнение бизнес-плана/Выполнение бизнес-плана Балансы/Фильтр Дата' is: '1, 2, 3 кв. 2024 года'

18-11-2024T02:51:30 - [TEST_STEP][PASSED] - m = m.substring(0, m.indexOf("2024")): null

18-11-2024T02:51:30 - [TEST_STEP][PASSED] - m = m.trim(): null

18-11-2024T02:51:30 - [TEST_STEP][PASSED] - dashboardName = "Выполнение бизнес-плана": null

18-11-2024T02:51:30 - [TEST_STEP][PASSED] - workbook01 = getWorkbook(excelFilePath): null

18-11-2024T02:51:30 - [TEST_STEP][PASSED] - sheet01 = getExcelSheet(workbook01, sheetName): null

18-11-2024T02:51:30 - [TEST_STEP][PASSED] - setValueToCellByIndex(sheet01, n, 0, dashboardName): null

18-11-2024T02:51:30 - [TEST_STEP][PASSED] - setValueToCellByIndex(sheet01, n, 1, dZO): null

18-11-2024T02:51:30 - [TEST_STEP][PASSED] - setValueToCellByIndex(sheet01, n, 2, typeOfData): null

18-11-2024T02:51:30 - [TEST_STEP][PASSED] - setValueToCellByIndex(sheet01, n, 3, typeOfData): null

18-11-2024T02:51:30 - [TEST_STEP][PASSED] - if (typeOfData == "План"): null

18-11-2024T02:51:30 - [TEST_STEP][PASSED] - else if (typeOfData == "Факт"): null

18-11-2024T02:51:30 - [TEST_STEP][PASSED] - else if (vidget.contains("электроэнергии") == true): null

18-11-2024T02:51:30 - [TEST_STEP][PASSED] - else: null

18-11-2024T02:51:30 - [TEST_STEP][PASSED] - if (o1R == null): null

18-11-2024T02:51:30 - [TEST_STEP][PASSED] - else: null

18-11-2024T02:51:30 - [TEST_STEP][PASSED] - if (o1R == "нет данных"): null

18-11-2024T02:51:30 - [TEST_STEP][PASSED] - setValueToCellByIndex(sheet01, n, 4, "нет данных"): null

18-11-2024T02:51:30 - [TEST_STEP][PASSED] - if (o1B == null): null

18-11-2024T02:51:30 - [TEST_STEP][PASSED] - else: null

18-11-2024T02:51:30 - [TEST_STEP][PASSED] - if (o1B == "нет данных"): null

18-11-2024T02:51:30 - [TEST_STEP][PASSED] - else: null

18-11-2024T02:51:30 - [TEST_STEP][PASSED] - FB = o1B.toDouble(): null

18-11-2024T02:51:30 - [TEST_STEP][PASSED] - setValueToCellByIndex(sheet01, n, 5, FB): null

18-11-2024T02:51:30 - [TEST_STEP][PASSED] - setValueToCellByIndex(sheet01, n, 6, m): null

18-11-2024T02:51:30 - [TEST_STEP][PASSED] - setValueToCellByIndex(sheet01, n, 7, y): null

18-11-2024T02:51:30 - [TEST_STEP][PASSED] - setValueToCellByIndex(sheet01, n, 8, todaysDate): null

18-11-2024T02:51:30 - [TEST_STEP][PASSED] - n = n + 1: null

18-11-2024T02:51:30 - [TEST_STEP][FAILED] - saveWorkbook(excelFilePath, workbook01): null

18-11-2024T02:51:30 - [TEST_STEP][FAILED] - if (verifyEqual(lR, lB) == false): null

18-11-2024T02:51:30 - [MESSAGE][FAILED] - Unable to verify equal between actual object 'Россети Ленэнерго (ГК)/нет данных/нет данных/нет данных/нет данных/нет данных/нет данных/нет данных/нет данных/нет данных' and expected object 'Россети Ленэнерго (ГК)/10.52/10.48/28182585/25230190/2952395/26975010/24137531/2837479/-0.04' (Root cause: com.kms.katalon.core.exception.StepFailedException: Actual object 'Россети Ленэнерго (ГК)/нет данных/нет данных/нет данных/нет данных/нет данных/нет данных/нет данных/нет данных/нет данных' and expected object 'Россети Ленэнерго (ГК)/10.52/10.48/28182585/25230190/2952395/26975010/24137531/2837479/-0.04' are not equal
	at com.kms.katalon.core.keyword.builtin.VerifyEqualKeyword$_verifyEqual_closure1.doCall(VerifyEqualKeyword.groovy:58)
	at com.kms.katalon.core.keyword.builtin.VerifyEqualKeyword$_verifyEqual_closure1.call(VerifyEqualKeyword.groovy)
	at com.kms.katalon.core.keyword.internal.KeywordMain.runKeyword(KeywordMain.groovy:75)
	at com.kms.katalon.core.keyword.builtin.VerifyEqualKeyword.verifyEqual(VerifyEqualKeyword.groovy:63)
	at com.kms.katalon.core.keyword.builtin.VerifyEqualKeyword.execute(VerifyEqualKeyword.groovy:44)
	at com.kms.katalon.core.keyword.internal.KeywordExecutor.executeKeywordForPlatform(KeywordExecutor.groovy:74)
	at com.kms.katalon.core.keyword.BuiltinKeywords.verifyEqual(BuiltinKeywords.groovy:146)
	at jdk.internal.reflect.GeneratedMethodAccessor25.invoke(Unknown Source)
	at java.base/jdk.internal.reflect.DelegatingMethodAccessorImpl.invoke(DelegatingMethodAccessorImpl.java:43)
	at Выполнение бизнес-плана сверка дашбордов.run(Выполнение бизнес-плана сверка дашбордов:607)
	at com.kms.katalon.core.main.ScriptEngine.run(ScriptEngine.java:194)
	at com.kms.katalon.core.main.ScriptEngine.runScriptAsRawText(ScriptEngine.java:119)
	at com.kms.katalon.core.main.TestCaseExecutor.runScript(TestCaseExecutor.java:448)
	at com.kms.katalon.core.main.TestCaseExecutor.doExecute(TestCaseExecutor.java:439)
	at com.kms.katalon.core.main.TestCaseExecutor.processExecutionPhase(TestCaseExecutor.java:418)
	at com.kms.katalon.core.main.TestCaseExecutor.accessMainPhase(TestCaseExecutor.java:410)
	at com.kms.katalon.core.main.TestCaseExecutor.execute(TestCaseExecutor.java:285)
	at com.kms.katalon.core.common.CommonExecutor.accessTestCaseMainPhase(CommonExecutor.java:65)
	at com.kms.katalon.core.main.TestSuiteExecutor.accessTestSuiteMainPhase(TestSuiteExecutor.java:150)
	at com.kms.katalon.core.main.TestSuiteExecutor.execute(TestSuiteExecutor.java:106)
	at com.kms.katalon.core.main.TestCaseMain.startTestSuite(TestCaseMain.java:180)
	at TempTestSuite1731886967590.run(TempTestSuite1731886967590.groovy:35)
	at java.base/jdk.internal.reflect.NativeMethodAccessorImpl.invoke0(Native Method)
	at java.base/jdk.internal.reflect.NativeMethodAccessorImpl.invoke(NativeMethodAccessorImpl.java:77)
	at java.base/jdk.internal.reflect.DelegatingMethodAccessorImpl.invoke(DelegatingMethodAccessorImpl.java:43)
)

18-11-2024T02:51:30 - [TEST_STEP][PASSED] - result = CompareDZOData(a = lR, b = lB, dZO, typeOfData, PercPlanR, PercPlanB, PercFactR, PercFactB, todaysDate, x, vidget, tabR, tabB, o1R, o1B): null

18-11-2024T02:51:30 - [TEST_STEP][PASSED] - ii2 = <not implemented yet for class: org.codehaus.groovy.ast.expr.EmptyExpression>: null

18-11-2024T02:51:30 - [TEST_STEP][FAILED] - if (verifyEqual(a, b) == false): null

18-11-2024T02:51:30 - [MESSAGE][FAILED] - Unable to verify equal between actual object 'Россети Ленэнерго (ГК)/нет данных/нет данных/нет данных/нет данных/нет данных/нет данных/нет данных/нет данных/нет данных' and expected object 'Россети Ленэнерго (ГК)/10.52/10.48/28182585/25230190/2952395/26975010/24137531/2837479/-0.04' (Root cause: com.kms.katalon.core.exception.StepFailedException: Actual object 'Россети Ленэнерго (ГК)/нет данных/нет данных/нет данных/нет данных/нет данных/нет данных/нет данных/нет данных/нет данных' and expected object 'Россети Ленэнерго (ГК)/10.52/10.48/28182585/25230190/2952395/26975010/24137531/2837479/-0.04' are not equal
	at com.kms.katalon.core.keyword.builtin.VerifyEqualKeyword$_verifyEqual_closure1.doCall(VerifyEqualKeyword.groovy:58)
	at com.kms.katalon.core.keyword.builtin.VerifyEqualKeyword$_verifyEqual_closure1.call(VerifyEqualKeyword.groovy)
	at com.kms.katalon.core.keyword.internal.KeywordMain.runKeyword(KeywordMain.groovy:75)
	at com.kms.katalon.core.keyword.builtin.VerifyEqualKeyword.verifyEqual(VerifyEqualKeyword.groovy:63)
	at com.kms.katalon.core.keyword.builtin.VerifyEqualKeyword.execute(VerifyEqualKeyword.groovy:44)
	at com.kms.katalon.core.keyword.internal.KeywordExecutor.executeKeywordForPlatform(KeywordExecutor.groovy:74)
	at com.kms.katalon.core.keyword.BuiltinKeywords.verifyEqual(BuiltinKeywords.groovy:146)
	at jdk.internal.reflect.GeneratedMethodAccessor25.invoke(Unknown Source)
	at java.base/jdk.internal.reflect.DelegatingMethodAccessorImpl.invoke(DelegatingMethodAccessorImpl.java:43)
	at Выполнение бизнес-плана сверка дашбордов.CompareDZOData(Выполнение бизнес-плана сверка дашбордов:673)
	at Выполнение бизнес-плана сверка дашбордов.run(Выполнение бизнес-плана сверка дашбордов:608)
	at com.kms.katalon.core.main.ScriptEngine.run(ScriptEngine.java:194)
	at com.kms.katalon.core.main.ScriptEngine.runScriptAsRawText(ScriptEngine.java:119)
	at com.kms.katalon.core.main.TestCaseExecutor.runScript(TestCaseExecutor.java:448)
	at com.kms.katalon.core.main.TestCaseExecutor.doExecute(TestCaseExecutor.java:439)
	at com.kms.katalon.core.main.TestCaseExecutor.processExecutionPhase(TestCaseExecutor.java:418)
	at com.kms.katalon.core.main.TestCaseExecutor.accessMainPhase(TestCaseExecutor.java:410)
	at com.kms.katalon.core.main.TestCaseExecutor.execute(TestCaseExecutor.java:285)
	at com.kms.katalon.core.common.CommonExecutor.accessTestCaseMainPhase(CommonExecutor.java:65)
	at com.kms.katalon.core.main.TestSuiteExecutor.accessTestSuiteMainPhase(TestSuiteExecutor.java:150)
	at com.kms.katalon.core.main.TestSuiteExecutor.execute(TestSuiteExecutor.java:106)
	at com.kms.katalon.core.main.TestCaseMain.startTestSuite(TestCaseMain.java:180)
	at TempTestSuite1731886967590.run(TempTestSuite1731886967590.groovy:35)
	at java.base/jdk.internal.reflect.NativeMethodAccessorImpl.invoke0(Native Method)
	at java.base/jdk.internal.reflect.NativeMethodAccessorImpl.invoke(NativeMethodAccessorImpl.java:77)
	at java.base/jdk.internal.reflect.DelegatingMethodAccessorImpl.invoke(DelegatingMethodAccessorImpl.java:43)
)

18-11-2024T02:51:30 - [TEST_STEP][PASSED] - vidget = "Уровень потерь электроэнергии": null

18-11-2024T02:51:30 - [TEST_STEP][PASSED] - typeOfData = "План": null

18-11-2024T02:51:30 - [TEST_STEP][PASSED] - PercPlanR = GetPercPlanR(x = a): null

18-11-2024T02:51:30 - [TEST_STEP][PASSED] - i1 = <not implemented yet for class: org.codehaus.groovy.ast.expr.EmptyExpression>: null

18-11-2024T02:51:30 - [TEST_STEP][PASSED] - i1 = x.indexOf("/") + 1: null

18-11-2024T02:51:30 - [TEST_STEP][PASSED] - if (i1 > -1): null

18-11-2024T02:51:30 - [TEST_STEP][PASSED] - x = x.substring(i1, x.length()): null

18-11-2024T02:51:30 - [TEST_STEP][PASSED] - i1 = x.indexOf("/"): null

18-11-2024T02:51:30 - [TEST_STEP][PASSED] - if (i1 > -1): null

18-11-2024T02:51:30 - [TEST_STEP][PASSED] - x = x.substring(0, i1): null

18-11-2024T02:51:30 - [TEST_STEP][PASSED] - return x: null

18-11-2024T02:51:30 - [TEST_STEP][PASSED] - PercPlanB = GetPercPlanB(x = b): null

18-11-2024T02:51:30 - [TEST_STEP][PASSED] - i1 = <not implemented yet for class: org.codehaus.groovy.ast.expr.EmptyExpression>: null

18-11-2024T02:51:30 - [TEST_STEP][PASSED] - i1 = x.indexOf("/") + 1: null

18-11-2024T02:51:30 - [TEST_STEP][PASSED] - if (i1 > -1): null

18-11-2024T02:51:30 - [TEST_STEP][PASSED] - x = x.substring(i1, x.length()): null

18-11-2024T02:51:30 - [TEST_STEP][PASSED] - i1 = x.indexOf("/"): null

18-11-2024T02:51:30 - [TEST_STEP][PASSED] - if (i1 > -1): null

18-11-2024T02:51:30 - [TEST_STEP][PASSED] - x = x.substring(0, i1): null

18-11-2024T02:51:30 - [TEST_STEP][FAILED] - return x: null

18-11-2024T02:51:30 - [TEST_STEP][FAILED] - if (verifyEqual(PercPlanR, PercPlanB) == false): null

18-11-2024T02:51:30 - [MESSAGE][FAILED] - Unable to verify equal between actual object 'нет данных' and expected object '10.52' (Root cause: com.kms.katalon.core.exception.StepFailedException: Actual object 'нет данных' and expected object '10.52' are not equal
	at com.kms.katalon.core.keyword.builtin.VerifyEqualKeyword$_verifyEqual_closure1.doCall(VerifyEqualKeyword.groovy:58)
	at com.kms.katalon.core.keyword.builtin.VerifyEqualKeyword$_verifyEqual_closure1.call(VerifyEqualKeyword.groovy)
	at com.kms.katalon.core.keyword.internal.KeywordMain.runKeyword(KeywordMain.groovy:75)
	at com.kms.katalon.core.keyword.builtin.VerifyEqualKeyword.verifyEqual(VerifyEqualKeyword.groovy:63)
	at com.kms.katalon.core.keyword.builtin.VerifyEqualKeyword.execute(VerifyEqualKeyword.groovy:44)
	at com.kms.katalon.core.keyword.internal.KeywordExecutor.executeKeywordForPlatform(KeywordExecutor.groovy:74)
	at com.kms.katalon.core.keyword.BuiltinKeywords.verifyEqual(BuiltinKeywords.groovy:146)
	at jdk.internal.reflect.GeneratedMethodAccessor25.invoke(Unknown Source)
	at java.base/jdk.internal.reflect.DelegatingMethodAccessorImpl.invoke(DelegatingMethodAccessorImpl.java:43)
	at Выполнение бизнес-плана сверка дашбордов.CompareDZOData(Выполнение бизнес-плана сверка дашбордов:682)
	at Выполнение бизнес-плана сверка дашбордов.run(Выполнение бизнес-плана сверка дашбордов:608)
	at com.kms.katalon.core.main.ScriptEngine.run(ScriptEngine.java:194)
	at com.kms.katalon.core.main.ScriptEngine.runScriptAsRawText(ScriptEngine.java:119)
	at com.kms.katalon.core.main.TestCaseExecutor.runScript(TestCaseExecutor.java:448)
	at com.kms.katalon.core.main.TestCaseExecutor.doExecute(TestCaseExecutor.java:439)
	at com.kms.katalon.core.main.TestCaseExecutor.processExecutionPhase(TestCaseExecutor.java:418)
	at com.kms.katalon.core.main.TestCaseExecutor.accessMainPhase(TestCaseExecutor.java:410)
	at com.kms.katalon.core.main.TestCaseExecutor.execute(TestCaseExecutor.java:285)
	at com.kms.katalon.core.common.CommonExecutor.accessTestCaseMainPhase(CommonExecutor.java:65)
	at com.kms.katalon.core.main.TestSuiteExecutor.accessTestSuiteMainPhase(TestSuiteExecutor.java:150)
	at com.kms.katalon.core.main.TestSuiteExecutor.execute(TestSuiteExecutor.java:106)
	at com.kms.katalon.core.main.TestCaseMain.startTestSuite(TestCaseMain.java:180)
	at TempTestSuite1731886967590.run(TempTestSuite1731886967590.groovy:35)
	at java.base/jdk.internal.reflect.NativeMethodAccessorImpl.invoke0(Native Method)
	at java.base/jdk.internal.reflect.NativeMethodAccessorImpl.invoke(NativeMethodAccessorImpl.java:77)
	at java.base/jdk.internal.reflect.DelegatingMethodAccessorImpl.invoke(DelegatingMethodAccessorImpl.java:43)
)

18-11-2024T02:51:30 - [TEST_STEP][PASSED] - result = WriteToExcel(typeOfData, todaysDate, PercPlanR, PercPlanB, PercFactR, PercFactB, x, tabR, tabB, o1R, o1B, vidget): null

18-11-2024T02:51:30 - [TEST_STEP][PASSED] - iii = dZO.indexOf("/"): null

18-11-2024T02:51:30 - [TEST_STEP][PASSED] - println(iii): null

18-11-2024T02:51:30 - [TEST_STEP][PASSED] - dZO = dZO.substring(0, iii): null

18-11-2024T02:51:30 - [TEST_STEP][PASSED] - println(dZO): null

18-11-2024T02:51:30 - [TEST_STEP][PASSED] - println(PercPlanR): null

18-11-2024T02:51:30 - [TEST_STEP][PASSED] - println(PercPlanB): null

18-11-2024T02:51:30 - [TEST_STEP][PASSED] - println(PercFactR): null

18-11-2024T02:51:30 - [TEST_STEP][PASSED] - println(PercFactB): null

18-11-2024T02:51:30 - [TEST_STEP][PASSED] - println(tabR): null

18-11-2024T02:51:30 - [TEST_STEP][PASSED] - println(tabB): null

18-11-2024T02:51:30 - [TEST_STEP][PASSED] - println(o1R): null

18-11-2024T02:51:30 - [TEST_STEP][PASSED] - println(o1B): null

18-11-2024T02:51:30 - [TEST_STEP][PASSED] - PR = <not implemented yet for class: org.codehaus.groovy.ast.expr.EmptyExpression>: null

18-11-2024T02:51:30 - [TEST_STEP][PASSED] - FR = <not implemented yet for class: org.codehaus.groovy.ast.expr.EmptyExpression>: null

18-11-2024T02:51:30 - [TEST_STEP][PASSED] - PB = <not implemented yet for class: org.codehaus.groovy.ast.expr.EmptyExpression>: null

18-11-2024T02:51:30 - [TEST_STEP][PASSED] - FB = <not implemented yet for class: org.codehaus.groovy.ast.expr.EmptyExpression>: null

18-11-2024T02:51:30 - [TEST_STEP][PASSED] - TR = <not implemented yet for class: org.codehaus.groovy.ast.expr.EmptyExpression>: null

18-11-2024T02:51:30 - [TEST_STEP][PASSED] - TB = <not implemented yet for class: org.codehaus.groovy.ast.expr.EmptyExpression>: null

18-11-2024T02:51:30 - [TEST_STEP][PASSED] - sheetName = "Sheet1": null

18-11-2024T02:51:30 - [TEST_STEP][PASSED] - data = findTestData("PlanFact"): null

18-11-2024T02:51:30 - [TEST_STEP][PASSED] - n = data.getRowNumbers() + 1: null

18-11-2024T02:51:30 - [TEST_STEP][PASSED] - year = todaysDate.substring(todaysDate.length() - 4, todaysDate.length()): null

18-11-2024T02:51:30 - [TEST_STEP][PASSED] - y = year.toInteger(): null

18-11-2024T02:51:30 - [TEST_STEP][PASSED] - m = getText(findTestObject("Выполнение бизнес-плана/Выполнение бизнес-плана Балансы/Фильтр Дата")): Text of object 'Object Repository/Выполнение бизнес-плана/Выполнение бизнес-плана Балансы/Фильтр Дата' is: '1, 2, 3 кв. 2024 года'

18-11-2024T02:51:31 - [MESSAGE][PASSED] - Text of object 'Object Repository/Выполнение бизнес-плана/Выполнение бизнес-плана Балансы/Фильтр Дата' is: '1, 2, 3 кв. 2024 года'

18-11-2024T02:51:31 - [TEST_STEP][PASSED] - m = m.substring(0, m.indexOf("2024")): null

18-11-2024T02:51:31 - [TEST_STEP][PASSED] - m = m.trim(): null

18-11-2024T02:51:31 - [TEST_STEP][PASSED] - dashboardName = "Выполнение бизнес-плана": null

18-11-2024T02:51:31 - [TEST_STEP][PASSED] - workbook01 = getWorkbook(excelFilePath): null

18-11-2024T02:51:31 - [TEST_STEP][PASSED] - sheet01 = getExcelSheet(workbook01, sheetName): null

18-11-2024T02:51:31 - [TEST_STEP][PASSED] - setValueToCellByIndex(sheet01, n, 0, dashboardName): null

18-11-2024T02:51:31 - [TEST_STEP][PASSED] - setValueToCellByIndex(sheet01, n, 1, dZO): null

18-11-2024T02:51:31 - [TEST_STEP][PASSED] - setValueToCellByIndex(sheet01, n, 2, typeOfData): null

18-11-2024T02:51:31 - [TEST_STEP][PASSED] - setValueToCellByIndex(sheet01, n, 3, typeOfData): null

18-11-2024T02:51:31 - [TEST_STEP][PASSED] - if (typeOfData == "План"): null

18-11-2024T02:51:31 - [TEST_STEP][PASSED] - if (PercPlanR == null): null

18-11-2024T02:51:31 - [TEST_STEP][PASSED] - else: null

18-11-2024T02:51:31 - [TEST_STEP][PASSED] - if (PercPlanR == "нет данных"): null

18-11-2024T02:51:31 - [TEST_STEP][PASSED] - setValueToCellByIndex(sheet01, n, 4, "нет данных"): null

18-11-2024T02:51:31 - [TEST_STEP][PASSED] - if (PercPlanB == null): null

18-11-2024T02:51:31 - [TEST_STEP][PASSED] - else: null

18-11-2024T02:51:31 - [TEST_STEP][PASSED] - if (PercPlanB == "нет данных"): null

18-11-2024T02:51:31 - [TEST_STEP][PASSED] - else: null

18-11-2024T02:51:31 - [TEST_STEP][PASSED] - PB = PercPlanB.toDouble(): null

18-11-2024T02:51:31 - [TEST_STEP][PASSED] - setValueToCellByIndex(sheet01, n, 5, PB): null

18-11-2024T02:51:31 - [TEST_STEP][PASSED] - setValueToCellByIndex(sheet01, n, 6, m): null

18-11-2024T02:51:31 - [TEST_STEP][PASSED] - setValueToCellByIndex(sheet01, n, 7, y): null

18-11-2024T02:51:31 - [TEST_STEP][PASSED] - setValueToCellByIndex(sheet01, n, 8, todaysDate): null

18-11-2024T02:51:31 - [TEST_STEP][PASSED] - n = n + 1: null

18-11-2024T02:51:31 - [TEST_STEP][PASSED] - saveWorkbook(excelFilePath, workbook01): null

18-11-2024T02:51:31 - [TEST_STEP][PASSED] - typeOfData = "Факт": null

18-11-2024T02:51:31 - [TEST_STEP][PASSED] - PercFactR = GetPercFactR(x = a): null

18-11-2024T02:51:31 - [TEST_STEP][PASSED] - i1 = <not implemented yet for class: org.codehaus.groovy.ast.expr.EmptyExpression>: null

18-11-2024T02:51:31 - [TEST_STEP][PASSED] - ii = <not implemented yet for class: org.codehaus.groovy.ast.expr.EmptyExpression>: null

18-11-2024T02:51:31 - [TEST_STEP][PASSED] - for ([ii = 1, ii < 3, (ii++)]): null

18-11-2024T02:51:31 - [TEST_STEP][PASSED] - i1 = x.indexOf("/") + 1: null

18-11-2024T02:51:31 - [TEST_STEP][PASSED] - if (i1 > -1): null

18-11-2024T02:51:31 - [TEST_STEP][PASSED] - x = x.substring(i1, x.length()): null

18-11-2024T02:51:31 - [TEST_STEP][PASSED] - println(x): null

18-11-2024T02:51:31 - [TEST_STEP][PASSED] - i1 = x.indexOf("/") + 1: null

18-11-2024T02:51:31 - [TEST_STEP][PASSED] - if (i1 > -1): null

18-11-2024T02:51:31 - [TEST_STEP][PASSED] - x = x.substring(i1, x.length()): null

18-11-2024T02:51:31 - [TEST_STEP][PASSED] - println(x): null

18-11-2024T02:51:31 - [TEST_STEP][PASSED] - i1 = x.indexOf("/"): null

18-11-2024T02:51:31 - [TEST_STEP][PASSED] - if (i1 > -1): null

18-11-2024T02:51:31 - [TEST_STEP][PASSED] - x = x.substring(0, i1): null

18-11-2024T02:51:31 - [TEST_STEP][PASSED] - println(x): null

18-11-2024T02:51:31 - [TEST_STEP][PASSED] - return x: null

18-11-2024T02:51:31 - [TEST_STEP][PASSED] - PercFactB = GetPercFactB(x = b): null

18-11-2024T02:51:31 - [TEST_STEP][PASSED] - i1 = <not implemented yet for class: org.codehaus.groovy.ast.expr.EmptyExpression>: null

18-11-2024T02:51:31 - [TEST_STEP][PASSED] - ii = <not implemented yet for class: org.codehaus.groovy.ast.expr.EmptyExpression>: null

18-11-2024T02:51:31 - [TEST_STEP][PASSED] - for ([ii = 1, ii < 3, (ii++)]): null

18-11-2024T02:51:31 - [TEST_STEP][PASSED] - i1 = x.indexOf("/") + 1: null

18-11-2024T02:51:31 - [TEST_STEP][PASSED] - if (i1 > -1): null

18-11-2024T02:51:31 - [TEST_STEP][PASSED] - x = x.substring(i1, x.length()): null

18-11-2024T02:51:31 - [TEST_STEP][PASSED] - println(x): null

18-11-2024T02:51:31 - [TEST_STEP][PASSED] - i1 = x.indexOf("/") + 1: null

18-11-2024T02:51:31 - [TEST_STEP][PASSED] - if (i1 > -1): null

18-11-2024T02:51:31 - [TEST_STEP][PASSED] - x = x.substring(i1, x.length()): null

18-11-2024T02:51:31 - [TEST_STEP][PASSED] - println(x): null

18-11-2024T02:51:31 - [TEST_STEP][PASSED] - i1 = x.indexOf("/"): null

18-11-2024T02:51:31 - [TEST_STEP][PASSED] - if (i1 > -1): null

18-11-2024T02:51:31 - [TEST_STEP][PASSED] - x = x.substring(0, i1): null

18-11-2024T02:51:31 - [TEST_STEP][PASSED] - println(x): null

18-11-2024T02:51:31 - [TEST_STEP][FAILED] - return x: null

18-11-2024T02:51:31 - [TEST_STEP][FAILED] - if (verifyEqual(PercFactR, PercFactB) == false): null

18-11-2024T02:51:31 - [MESSAGE][FAILED] - Unable to verify equal between actual object 'нет данных' and expected object '10.48' (Root cause: com.kms.katalon.core.exception.StepFailedException: Actual object 'нет данных' and expected object '10.48' are not equal
	at com.kms.katalon.core.keyword.builtin.VerifyEqualKeyword$_verifyEqual_closure1.doCall(VerifyEqualKeyword.groovy:58)
	at com.kms.katalon.core.keyword.builtin.VerifyEqualKeyword$_verifyEqual_closure1.call(VerifyEqualKeyword.groovy)
	at com.kms.katalon.core.keyword.internal.KeywordMain.runKeyword(KeywordMain.groovy:75)
	at com.kms.katalon.core.keyword.builtin.VerifyEqualKeyword.verifyEqual(VerifyEqualKeyword.groovy:63)
	at com.kms.katalon.core.keyword.builtin.VerifyEqualKeyword.execute(VerifyEqualKeyword.groovy:44)
	at com.kms.katalon.core.keyword.internal.KeywordExecutor.executeKeywordForPlatform(KeywordExecutor.groovy:74)
	at com.kms.katalon.core.keyword.BuiltinKeywords.verifyEqual(BuiltinKeywords.groovy:146)
	at jdk.internal.reflect.GeneratedMethodAccessor25.invoke(Unknown Source)
	at java.base/jdk.internal.reflect.DelegatingMethodAccessorImpl.invoke(DelegatingMethodAccessorImpl.java:43)
	at Выполнение бизнес-плана сверка дашбордов.CompareDZOData(Выполнение бизнес-плана сверка дашбордов:693)
	at Выполнение бизнес-плана сверка дашбордов.run(Выполнение бизнес-плана сверка дашбордов:608)
	at com.kms.katalon.core.main.ScriptEngine.run(ScriptEngine.java:194)
	at com.kms.katalon.core.main.ScriptEngine.runScriptAsRawText(ScriptEngine.java:119)
	at com.kms.katalon.core.main.TestCaseExecutor.runScript(TestCaseExecutor.java:448)
	at com.kms.katalon.core.main.TestCaseExecutor.doExecute(TestCaseExecutor.java:439)
	at com.kms.katalon.core.main.TestCaseExecutor.processExecutionPhase(TestCaseExecutor.java:418)
	at com.kms.katalon.core.main.TestCaseExecutor.accessMainPhase(TestCaseExecutor.java:410)
	at com.kms.katalon.core.main.TestCaseExecutor.execute(TestCaseExecutor.java:285)
	at com.kms.katalon.core.common.CommonExecutor.accessTestCaseMainPhase(CommonExecutor.java:65)
	at com.kms.katalon.core.main.TestSuiteExecutor.accessTestSuiteMainPhase(TestSuiteExecutor.java:150)
	at com.kms.katalon.core.main.TestSuiteExecutor.execute(TestSuiteExecutor.java:106)
	at com.kms.katalon.core.main.TestCaseMain.startTestSuite(TestCaseMain.java:180)
	at TempTestSuite1731886967590.run(TempTestSuite1731886967590.groovy:35)
	at java.base/jdk.internal.reflect.NativeMethodAccessorImpl.invoke0(Native Method)
	at java.base/jdk.internal.reflect.NativeMethodAccessorImpl.invoke(NativeMethodAccessorImpl.java:77)
	at java.base/jdk.internal.reflect.DelegatingMethodAccessorImpl.invoke(DelegatingMethodAccessorImpl.java:43)
)

18-11-2024T02:51:31 - [TEST_STEP][PASSED] - result = WriteToExcel(typeOfData, todaysDate, PercPlanR, PercPlanB, PercFactR, PercFactB, x, tabR, tabB, o1R, o1B, vidget): null

18-11-2024T02:51:31 - [TEST_STEP][PASSED] - iii = dZO.indexOf("/"): null

18-11-2024T02:51:31 - [TEST_STEP][PASSED] - println(iii): null

18-11-2024T02:51:31 - [TEST_STEP][PASSED] - dZO = dZO.substring(0, iii): null

18-11-2024T02:51:31 - [TEST_STEP][PASSED] - println(dZO): null

18-11-2024T02:51:31 - [TEST_STEP][PASSED] - println(PercPlanR): null

18-11-2024T02:51:31 - [TEST_STEP][PASSED] - println(PercPlanB): null

18-11-2024T02:51:31 - [TEST_STEP][PASSED] - println(PercFactR): null

18-11-2024T02:51:31 - [TEST_STEP][PASSED] - println(PercFactB): null

18-11-2024T02:51:31 - [TEST_STEP][PASSED] - println(tabR): null

18-11-2024T02:51:31 - [TEST_STEP][PASSED] - println(tabB): null

18-11-2024T02:51:31 - [TEST_STEP][PASSED] - println(o1R): null

18-11-2024T02:51:31 - [TEST_STEP][PASSED] - println(o1B): null

18-11-2024T02:51:31 - [TEST_STEP][PASSED] - PR = <not implemented yet for class: org.codehaus.groovy.ast.expr.EmptyExpression>: null

18-11-2024T02:51:31 - [TEST_STEP][PASSED] - FR = <not implemented yet for class: org.codehaus.groovy.ast.expr.EmptyExpression>: null

18-11-2024T02:51:31 - [TEST_STEP][PASSED] - PB = <not implemented yet for class: org.codehaus.groovy.ast.expr.EmptyExpression>: null

18-11-2024T02:51:31 - [TEST_STEP][PASSED] - FB = <not implemented yet for class: org.codehaus.groovy.ast.expr.EmptyExpression>: null

18-11-2024T02:51:31 - [TEST_STEP][PASSED] - TR = <not implemented yet for class: org.codehaus.groovy.ast.expr.EmptyExpression>: null

18-11-2024T02:51:31 - [TEST_STEP][PASSED] - TB = <not implemented yet for class: org.codehaus.groovy.ast.expr.EmptyExpression>: null

18-11-2024T02:51:31 - [TEST_STEP][PASSED] - sheetName = "Sheet1": null

18-11-2024T02:51:31 - [TEST_STEP][PASSED] - data = findTestData("PlanFact"): null

18-11-2024T02:51:31 - [TEST_STEP][PASSED] - n = data.getRowNumbers() + 1: null

18-11-2024T02:51:31 - [TEST_STEP][PASSED] - year = todaysDate.substring(todaysDate.length() - 4, todaysDate.length()): null

18-11-2024T02:51:31 - [TEST_STEP][PASSED] - y = year.toInteger(): null

18-11-2024T02:51:31 - [TEST_STEP][PASSED] - m = getText(findTestObject("Выполнение бизнес-плана/Выполнение бизнес-плана Балансы/Фильтр Дата")): Text of object 'Object Repository/Выполнение бизнес-плана/Выполнение бизнес-плана Балансы/Фильтр Дата' is: '1, 2, 3 кв. 2024 года'

18-11-2024T02:51:31 - [MESSAGE][PASSED] - Text of object 'Object Repository/Выполнение бизнес-плана/Выполнение бизнес-плана Балансы/Фильтр Дата' is: '1, 2, 3 кв. 2024 года'

18-11-2024T02:51:31 - [TEST_STEP][PASSED] - m = m.substring(0, m.indexOf("2024")): null

18-11-2024T02:51:31 - [TEST_STEP][PASSED] - m = m.trim(): null

18-11-2024T02:51:31 - [TEST_STEP][PASSED] - dashboardName = "Выполнение бизнес-плана": null

18-11-2024T02:51:31 - [TEST_STEP][PASSED] - workbook01 = getWorkbook(excelFilePath): null

18-11-2024T02:51:31 - [TEST_STEP][PASSED] - sheet01 = getExcelSheet(workbook01, sheetName): null

18-11-2024T02:51:31 - [TEST_STEP][PASSED] - setValueToCellByIndex(sheet01, n, 0, dashboardName): null

18-11-2024T02:51:31 - [TEST_STEP][PASSED] - setValueToCellByIndex(sheet01, n, 1, dZO): null

18-11-2024T02:51:31 - [TEST_STEP][PASSED] - setValueToCellByIndex(sheet01, n, 2, typeOfData): null

18-11-2024T02:51:31 - [TEST_STEP][PASSED] - setValueToCellByIndex(sheet01, n, 3, typeOfData): null

18-11-2024T02:51:31 - [TEST_STEP][PASSED] - if (typeOfData == "План"): null

18-11-2024T02:51:31 - [TEST_STEP][PASSED] - else if (typeOfData == "Факт"): null

18-11-2024T02:51:31 - [TEST_STEP][PASSED] - if (PercFactR == null): null

18-11-2024T02:51:31 - [TEST_STEP][PASSED] - else: null

18-11-2024T02:51:31 - [TEST_STEP][PASSED] - if (PercFactR == "нет данных"): null

18-11-2024T02:51:31 - [TEST_STEP][PASSED] - setValueToCellByIndex(sheet01, n, 4, "нет данных"): null

18-11-2024T02:51:31 - [TEST_STEP][PASSED] - if (PercFactB == null): null

18-11-2024T02:51:31 - [TEST_STEP][PASSED] - else: null

18-11-2024T02:51:31 - [TEST_STEP][PASSED] - if (PercFactB == "нет данных"): null

18-11-2024T02:51:31 - [TEST_STEP][PASSED] - else: null

18-11-2024T02:51:31 - [TEST_STEP][PASSED] - FB = PercFactB.toDouble(): null

18-11-2024T02:51:31 - [TEST_STEP][PASSED] - setValueToCellByIndex(sheet01, n, 5, FB): null

18-11-2024T02:51:31 - [TEST_STEP][PASSED] - setValueToCellByIndex(sheet01, n, 6, m): null

18-11-2024T02:51:31 - [TEST_STEP][PASSED] - setValueToCellByIndex(sheet01, n, 7, y): null

18-11-2024T02:51:31 - [TEST_STEP][PASSED] - setValueToCellByIndex(sheet01, n, 8, todaysDate): null

18-11-2024T02:51:31 - [TEST_STEP][PASSED] - n = n + 1: null

18-11-2024T02:51:31 - [TEST_STEP][PASSED] - saveWorkbook(excelFilePath, workbook01): null

18-11-2024T02:51:32 - [TEST_STEP][PASSED] - vidget = "Показатели баланса электроэнергии по ДЗО – Факт": null

18-11-2024T02:51:32 - [TEST_STEP][PASSED] - typeOfData = "Факт Отпуск в сеть": null

18-11-2024T02:51:32 - [TEST_STEP][PASSED] - tabR = GetOvSFactR(x = a): null

18-11-2024T02:51:32 - [TEST_STEP][PASSED] - i1 = <not implemented yet for class: org.codehaus.groovy.ast.expr.EmptyExpression>: null

18-11-2024T02:51:32 - [TEST_STEP][PASSED] - ii = <not implemented yet for class: org.codehaus.groovy.ast.expr.EmptyExpression>: null

18-11-2024T02:51:32 - [TEST_STEP][PASSED] - for ([ii = 1, ii < 4, (ii++)]): null

18-11-2024T02:51:32 - [TEST_STEP][PASSED] - i1 = x.indexOf("/") + 1: null

18-11-2024T02:51:32 - [TEST_STEP][PASSED] - if (i1 > -1): null

18-11-2024T02:51:32 - [TEST_STEP][PASSED] - x = x.substring(i1, x.length()): null

18-11-2024T02:51:32 - [TEST_STEP][PASSED] - println(x): null

18-11-2024T02:51:32 - [TEST_STEP][PASSED] - i1 = x.indexOf("/") + 1: null

18-11-2024T02:51:32 - [TEST_STEP][PASSED] - if (i1 > -1): null

18-11-2024T02:51:32 - [TEST_STEP][PASSED] - x = x.substring(i1, x.length()): null

18-11-2024T02:51:32 - [TEST_STEP][PASSED] - println(x): null

18-11-2024T02:51:32 - [TEST_STEP][PASSED] - i1 = x.indexOf("/") + 1: null

18-11-2024T02:51:32 - [TEST_STEP][PASSED] - if (i1 > -1): null

18-11-2024T02:51:32 - [TEST_STEP][PASSED] - x = x.substring(i1, x.length()): null

18-11-2024T02:51:32 - [TEST_STEP][PASSED] - println(x): null

18-11-2024T02:51:32 - [TEST_STEP][PASSED] - i1 = x.indexOf("/"): null

18-11-2024T02:51:32 - [TEST_STEP][PASSED] - if (i1 > -1): null

18-11-2024T02:51:32 - [TEST_STEP][PASSED] - x = x.substring(0, i1): null

18-11-2024T02:51:32 - [TEST_STEP][PASSED] - println(x): null

18-11-2024T02:51:32 - [TEST_STEP][PASSED] - return x: null

18-11-2024T02:51:32 - [TEST_STEP][PASSED] - tabB = GetOvSFactB(x = b): null

18-11-2024T02:51:32 - [TEST_STEP][PASSED] - i1 = <not implemented yet for class: org.codehaus.groovy.ast.expr.EmptyExpression>: null

18-11-2024T02:51:32 - [TEST_STEP][PASSED] - ii = <not implemented yet for class: org.codehaus.groovy.ast.expr.EmptyExpression>: null

18-11-2024T02:51:32 - [TEST_STEP][PASSED] - for ([ii = 1, ii < 4, (ii++)]): null

18-11-2024T02:51:32 - [TEST_STEP][PASSED] - i1 = x.indexOf("/") + 1: null

18-11-2024T02:51:32 - [TEST_STEP][PASSED] - if (i1 > -1): null

18-11-2024T02:51:32 - [TEST_STEP][PASSED] - x = x.substring(i1, x.length()): null

18-11-2024T02:51:32 - [TEST_STEP][PASSED] - println(x): null

18-11-2024T02:51:32 - [TEST_STEP][PASSED] - i1 = x.indexOf("/") + 1: null

18-11-2024T02:51:32 - [TEST_STEP][PASSED] - if (i1 > -1): null

18-11-2024T02:51:32 - [TEST_STEP][PASSED] - x = x.substring(i1, x.length()): null

18-11-2024T02:51:32 - [TEST_STEP][PASSED] - println(x): null

18-11-2024T02:51:32 - [TEST_STEP][PASSED] - i1 = x.indexOf("/") + 1: null

18-11-2024T02:51:32 - [TEST_STEP][PASSED] - if (i1 > -1): null

18-11-2024T02:51:32 - [TEST_STEP][PASSED] - x = x.substring(i1, x.length()): null

18-11-2024T02:51:32 - [TEST_STEP][PASSED] - println(x): null

18-11-2024T02:51:32 - [TEST_STEP][PASSED] - i1 = x.indexOf("/"): null

18-11-2024T02:51:32 - [TEST_STEP][PASSED] - if (i1 > -1): null

18-11-2024T02:51:32 - [TEST_STEP][PASSED] - x = x.substring(0, i1): null

18-11-2024T02:51:32 - [TEST_STEP][PASSED] - println(x): null

18-11-2024T02:51:32 - [TEST_STEP][FAILED] - return x: null

18-11-2024T02:51:32 - [TEST_STEP][FAILED] - if (verifyEqual(tabR, tabB) == false): null

18-11-2024T02:51:32 - [MESSAGE][FAILED] - Unable to verify equal between actual object 'нет данных' and expected object '28182585' (Root cause: com.kms.katalon.core.exception.StepFailedException: Actual object 'нет данных' and expected object '28182585' are not equal
	at com.kms.katalon.core.keyword.builtin.VerifyEqualKeyword$_verifyEqual_closure1.doCall(VerifyEqualKeyword.groovy:58)
	at com.kms.katalon.core.keyword.builtin.VerifyEqualKeyword$_verifyEqual_closure1.call(VerifyEqualKeyword.groovy)
	at com.kms.katalon.core.keyword.internal.KeywordMain.runKeyword(KeywordMain.groovy:75)
	at com.kms.katalon.core.keyword.builtin.VerifyEqualKeyword.verifyEqual(VerifyEqualKeyword.groovy:63)
	at com.kms.katalon.core.keyword.builtin.VerifyEqualKeyword.execute(VerifyEqualKeyword.groovy:44)
	at com.kms.katalon.core.keyword.internal.KeywordExecutor.executeKeywordForPlatform(KeywordExecutor.groovy:74)
	at com.kms.katalon.core.keyword.BuiltinKeywords.verifyEqual(BuiltinKeywords.groovy:146)
	at jdk.internal.reflect.GeneratedMethodAccessor25.invoke(Unknown Source)
	at java.base/jdk.internal.reflect.DelegatingMethodAccessorImpl.invoke(DelegatingMethodAccessorImpl.java:43)
	at Выполнение бизнес-плана сверка дашбордов.CompareDZOData(Выполнение бизнес-плана сверка дашбордов:706)
	at Выполнение бизнес-плана сверка дашбордов.run(Выполнение бизнес-плана сверка дашбордов:608)
	at com.kms.katalon.core.main.ScriptEngine.run(ScriptEngine.java:194)
	at com.kms.katalon.core.main.ScriptEngine.runScriptAsRawText(ScriptEngine.java:119)
	at com.kms.katalon.core.main.TestCaseExecutor.runScript(TestCaseExecutor.java:448)
	at com.kms.katalon.core.main.TestCaseExecutor.doExecute(TestCaseExecutor.java:439)
	at com.kms.katalon.core.main.TestCaseExecutor.processExecutionPhase(TestCaseExecutor.java:418)
	at com.kms.katalon.core.main.TestCaseExecutor.accessMainPhase(TestCaseExecutor.java:410)
	at com.kms.katalon.core.main.TestCaseExecutor.execute(TestCaseExecutor.java:285)
	at com.kms.katalon.core.common.CommonExecutor.accessTestCaseMainPhase(CommonExecutor.java:65)
	at com.kms.katalon.core.main.TestSuiteExecutor.accessTestSuiteMainPhase(TestSuiteExecutor.java:150)
	at com.kms.katalon.core.main.TestSuiteExecutor.execute(TestSuiteExecutor.java:106)
	at com.kms.katalon.core.main.TestCaseMain.startTestSuite(TestCaseMain.java:180)
	at TempTestSuite1731886967590.run(TempTestSuite1731886967590.groovy:35)
	at java.base/jdk.internal.reflect.NativeMethodAccessorImpl.invoke0(Native Method)
	at java.base/jdk.internal.reflect.NativeMethodAccessorImpl.invoke(NativeMethodAccessorImpl.java:77)
	at java.base/jdk.internal.reflect.DelegatingMethodAccessorImpl.invoke(DelegatingMethodAccessorImpl.java:43)
)

18-11-2024T02:51:32 - [TEST_STEP][PASSED] - result = WriteToExcel(typeOfData, todaysDate, PercPlanR, PercPlanB, PercFactR, PercFactB, x, tabR, tabB, o1R, o1B, vidget): null

18-11-2024T02:51:32 - [TEST_STEP][PASSED] - iii = dZO.indexOf("/"): null

18-11-2024T02:51:32 - [TEST_STEP][PASSED] - println(iii): null

18-11-2024T02:51:32 - [TEST_STEP][PASSED] - dZO = dZO.substring(0, iii): null

18-11-2024T02:51:32 - [TEST_STEP][PASSED] - println(dZO): null

18-11-2024T02:51:32 - [TEST_STEP][PASSED] - println(PercPlanR): null

18-11-2024T02:51:32 - [TEST_STEP][PASSED] - println(PercPlanB): null

18-11-2024T02:51:32 - [TEST_STEP][PASSED] - println(PercFactR): null

18-11-2024T02:51:32 - [TEST_STEP][PASSED] - println(PercFactB): null

18-11-2024T02:51:32 - [TEST_STEP][PASSED] - println(tabR): null

18-11-2024T02:51:32 - [TEST_STEP][PASSED] - println(tabB): null

18-11-2024T02:51:32 - [TEST_STEP][PASSED] - println(o1R): null

18-11-2024T02:51:32 - [TEST_STEP][PASSED] - println(o1B): null

18-11-2024T02:51:32 - [TEST_STEP][PASSED] - PR = <not implemented yet for class: org.codehaus.groovy.ast.expr.EmptyExpression>: null

18-11-2024T02:51:32 - [TEST_STEP][PASSED] - FR = <not implemented yet for class: org.codehaus.groovy.ast.expr.EmptyExpression>: null

18-11-2024T02:51:32 - [TEST_STEP][PASSED] - PB = <not implemented yet for class: org.codehaus.groovy.ast.expr.EmptyExpression>: null

18-11-2024T02:51:32 - [TEST_STEP][PASSED] - FB = <not implemented yet for class: org.codehaus.groovy.ast.expr.EmptyExpression>: null

18-11-2024T02:51:32 - [TEST_STEP][PASSED] - TR = <not implemented yet for class: org.codehaus.groovy.ast.expr.EmptyExpression>: null

18-11-2024T02:51:32 - [TEST_STEP][PASSED] - TB = <not implemented yet for class: org.codehaus.groovy.ast.expr.EmptyExpression>: null

18-11-2024T02:51:32 - [TEST_STEP][PASSED] - sheetName = "Sheet1": null

18-11-2024T02:51:32 - [TEST_STEP][PASSED] - data = findTestData("PlanFact"): null

18-11-2024T02:51:32 - [TEST_STEP][PASSED] - n = data.getRowNumbers() + 1: null

18-11-2024T02:51:32 - [TEST_STEP][PASSED] - year = todaysDate.substring(todaysDate.length() - 4, todaysDate.length()): null

18-11-2024T02:51:32 - [TEST_STEP][PASSED] - y = year.toInteger(): null

18-11-2024T02:51:32 - [TEST_STEP][PASSED] - m = getText(findTestObject("Выполнение бизнес-плана/Выполнение бизнес-плана Балансы/Фильтр Дата")): Text of object 'Object Repository/Выполнение бизнес-плана/Выполнение бизнес-плана Балансы/Фильтр Дата' is: '1, 2, 3 кв. 2024 года'

18-11-2024T02:51:32 - [MESSAGE][PASSED] - Text of object 'Object Repository/Выполнение бизнес-плана/Выполнение бизнес-плана Балансы/Фильтр Дата' is: '1, 2, 3 кв. 2024 года'

18-11-2024T02:51:32 - [TEST_STEP][PASSED] - m = m.substring(0, m.indexOf("2024")): null

18-11-2024T02:51:32 - [TEST_STEP][PASSED] - m = m.trim(): null

18-11-2024T02:51:32 - [TEST_STEP][PASSED] - dashboardName = "Выполнение бизнес-плана": null

18-11-2024T02:51:32 - [TEST_STEP][PASSED] - workbook01 = getWorkbook(excelFilePath): null

18-11-2024T02:51:32 - [TEST_STEP][PASSED] - sheet01 = getExcelSheet(workbook01, sheetName): null

18-11-2024T02:51:32 - [TEST_STEP][PASSED] - setValueToCellByIndex(sheet01, n, 0, dashboardName): null

18-11-2024T02:51:32 - [TEST_STEP][PASSED] - setValueToCellByIndex(sheet01, n, 1, dZO): null

18-11-2024T02:51:32 - [TEST_STEP][PASSED] - setValueToCellByIndex(sheet01, n, 2, typeOfData): null

18-11-2024T02:51:32 - [TEST_STEP][PASSED] - setValueToCellByIndex(sheet01, n, 3, typeOfData): null

18-11-2024T02:51:32 - [TEST_STEP][PASSED] - if (typeOfData == "План"): null

18-11-2024T02:51:32 - [TEST_STEP][PASSED] - else if (typeOfData == "Факт"): null

18-11-2024T02:51:32 - [TEST_STEP][PASSED] - else if (vidget.contains("электроэнергии") == true): null

18-11-2024T02:51:32 - [TEST_STEP][PASSED] - if (tabR == null): null

18-11-2024T02:51:32 - [TEST_STEP][PASSED] - else: null

18-11-2024T02:51:32 - [TEST_STEP][PASSED] - if (tabR == "нет данных"): null

18-11-2024T02:51:32 - [TEST_STEP][PASSED] - setValueToCellByIndex(sheet01, n, 4, "нет данных"): null

18-11-2024T02:51:32 - [TEST_STEP][PASSED] - if (tabB == null): null

18-11-2024T02:51:32 - [TEST_STEP][PASSED] - else: null

18-11-2024T02:51:32 - [TEST_STEP][PASSED] - if (tabB == "нет данных"): null

18-11-2024T02:51:32 - [TEST_STEP][PASSED] - else: null

18-11-2024T02:51:32 - [TEST_STEP][PASSED] - TB = tabB.toInteger(): null

18-11-2024T02:51:32 - [TEST_STEP][PASSED] - setValueToCellByIndex(sheet01, n, 5, TB): null

18-11-2024T02:51:32 - [TEST_STEP][PASSED] - setValueToCellByIndex(sheet01, n, 6, m): null

18-11-2024T02:51:32 - [TEST_STEP][PASSED] - setValueToCellByIndex(sheet01, n, 7, y): null

18-11-2024T02:51:32 - [TEST_STEP][PASSED] - setValueToCellByIndex(sheet01, n, 8, todaysDate): null

18-11-2024T02:51:32 - [TEST_STEP][PASSED] - n = n + 1: null

18-11-2024T02:51:32 - [TEST_STEP][PASSED] - saveWorkbook(excelFilePath, workbook01): null

18-11-2024T02:51:32 - [TEST_STEP][PASSED] - typeOfData = "Факт Отпуск из сети": null

18-11-2024T02:51:32 - [TEST_STEP][PASSED] - tabR = GetOiSFactR(x = a): null

18-11-2024T02:51:32 - [TEST_STEP][PASSED] - i1 = <not implemented yet for class: org.codehaus.groovy.ast.expr.EmptyExpression>: null

18-11-2024T02:51:32 - [TEST_STEP][PASSED] - ii = <not implemented yet for class: org.codehaus.groovy.ast.expr.EmptyExpression>: null

18-11-2024T02:51:32 - [TEST_STEP][PASSED] - for ([ii = 1, ii < 5, (ii++)]): null

18-11-2024T02:51:32 - [TEST_STEP][PASSED] - i1 = x.indexOf("/") + 1: null

18-11-2024T02:51:32 - [TEST_STEP][PASSED] - if (i1 > -1): null

18-11-2024T02:51:32 - [TEST_STEP][PASSED] - x = x.substring(i1, x.length()): null

18-11-2024T02:51:32 - [TEST_STEP][PASSED] - println(x): null

18-11-2024T02:51:32 - [TEST_STEP][PASSED] - i1 = x.indexOf("/") + 1: null

18-11-2024T02:51:32 - [TEST_STEP][PASSED] - if (i1 > -1): null

18-11-2024T02:51:32 - [TEST_STEP][PASSED] - x = x.substring(i1, x.length()): null

18-11-2024T02:51:32 - [TEST_STEP][PASSED] - println(x): null

18-11-2024T02:51:32 - [TEST_STEP][PASSED] - i1 = x.indexOf("/") + 1: null

18-11-2024T02:51:32 - [TEST_STEP][PASSED] - if (i1 > -1): null

18-11-2024T02:51:32 - [TEST_STEP][PASSED] - x = x.substring(i1, x.length()): null

18-11-2024T02:51:32 - [TEST_STEP][PASSED] - println(x): null

18-11-2024T02:51:32 - [TEST_STEP][PASSED] - i1 = x.indexOf("/") + 1: null

18-11-2024T02:51:32 - [TEST_STEP][PASSED] - if (i1 > -1): null

18-11-2024T02:51:32 - [TEST_STEP][PASSED] - x = x.substring(i1, x.length()): null

18-11-2024T02:51:32 - [TEST_STEP][PASSED] - println(x): null

18-11-2024T02:51:32 - [TEST_STEP][PASSED] - i1 = x.indexOf("/"): null

18-11-2024T02:51:32 - [TEST_STEP][PASSED] - if (i1 > -1): null

18-11-2024T02:51:32 - [TEST_STEP][PASSED] - x = x.substring(0, i1): null

18-11-2024T02:51:32 - [TEST_STEP][PASSED] - println(x): null

18-11-2024T02:51:32 - [TEST_STEP][PASSED] - return x: null

18-11-2024T02:51:32 - [TEST_STEP][PASSED] - tabB = GetOiSFactB(x = b): null

18-11-2024T02:51:32 - [TEST_STEP][PASSED] - i1 = <not implemented yet for class: org.codehaus.groovy.ast.expr.EmptyExpression>: null

18-11-2024T02:51:32 - [TEST_STEP][PASSED] - ii = <not implemented yet for class: org.codehaus.groovy.ast.expr.EmptyExpression>: null

18-11-2024T02:51:32 - [TEST_STEP][PASSED] - for ([ii = 1, ii < 5, (ii++)]): null

18-11-2024T02:51:32 - [TEST_STEP][PASSED] - i1 = x.indexOf("/") + 1: null

18-11-2024T02:51:32 - [TEST_STEP][PASSED] - if (i1 > -1): null

18-11-2024T02:51:32 - [TEST_STEP][PASSED] - x = x.substring(i1, x.length()): null

18-11-2024T02:51:32 - [TEST_STEP][PASSED] - println(x): null

18-11-2024T02:51:32 - [TEST_STEP][PASSED] - i1 = x.indexOf("/") + 1: null

18-11-2024T02:51:32 - [TEST_STEP][PASSED] - if (i1 > -1): null

18-11-2024T02:51:32 - [TEST_STEP][PASSED] - x = x.substring(i1, x.length()): null

18-11-2024T02:51:32 - [TEST_STEP][PASSED] - println(x): null

18-11-2024T02:51:32 - [TEST_STEP][PASSED] - i1 = x.indexOf("/") + 1: null

18-11-2024T02:51:32 - [TEST_STEP][PASSED] - if (i1 > -1): null

18-11-2024T02:51:32 - [TEST_STEP][PASSED] - x = x.substring(i1, x.length()): null

18-11-2024T02:51:32 - [TEST_STEP][PASSED] - println(x): null

18-11-2024T02:51:32 - [TEST_STEP][PASSED] - i1 = x.indexOf("/") + 1: null

18-11-2024T02:51:32 - [TEST_STEP][PASSED] - if (i1 > -1): null

18-11-2024T02:51:32 - [TEST_STEP][PASSED] - x = x.substring(i1, x.length()): null

18-11-2024T02:51:32 - [TEST_STEP][PASSED] - println(x): null

18-11-2024T02:51:32 - [TEST_STEP][PASSED] - i1 = x.indexOf("/"): null

18-11-2024T02:51:32 - [TEST_STEP][PASSED] - if (i1 > -1): null

18-11-2024T02:51:32 - [TEST_STEP][PASSED] - x = x.substring(0, i1): null

18-11-2024T02:51:36 - [TEST_STEP][PASSED] - println(x): null

18-11-2024T02:51:36 - [TEST_STEP][FAILED] - return x: null

18-11-2024T02:51:36 - [TEST_STEP][FAILED] - if (verifyEqual(tabR, tabB) == false): null

18-11-2024T02:51:36 - [MESSAGE][FAILED] - Unable to verify equal between actual object 'нет данных' and expected object '25230190' (Root cause: com.kms.katalon.core.exception.StepFailedException: Actual object 'нет данных' and expected object '25230190' are not equal
	at com.kms.katalon.core.keyword.builtin.VerifyEqualKeyword$_verifyEqual_closure1.doCall(VerifyEqualKeyword.groovy:58)
	at com.kms.katalon.core.keyword.builtin.VerifyEqualKeyword$_verifyEqual_closure1.call(VerifyEqualKeyword.groovy)
	at com.kms.katalon.core.keyword.internal.KeywordMain.runKeyword(KeywordMain.groovy:75)
	at com.kms.katalon.core.keyword.builtin.VerifyEqualKeyword.verifyEqual(VerifyEqualKeyword.groovy:63)
	at com.kms.katalon.core.keyword.builtin.VerifyEqualKeyword.execute(VerifyEqualKeyword.groovy:44)
	at com.kms.katalon.core.keyword.internal.KeywordExecutor.executeKeywordForPlatform(KeywordExecutor.groovy:74)
	at com.kms.katalon.core.keyword.BuiltinKeywords.verifyEqual(BuiltinKeywords.groovy:146)
	at jdk.internal.reflect.GeneratedMethodAccessor25.invoke(Unknown Source)
	at java.base/jdk.internal.reflect.DelegatingMethodAccessorImpl.invoke(DelegatingMethodAccessorImpl.java:43)
	at Выполнение бизнес-плана сверка дашбордов.CompareDZOData(Выполнение бизнес-плана сверка дашбордов:717)
	at Выполнение бизнес-плана сверка дашбордов.run(Выполнение бизнес-плана сверка дашбордов:608)
	at com.kms.katalon.core.main.ScriptEngine.run(ScriptEngine.java:194)
	at com.kms.katalon.core.main.ScriptEngine.runScriptAsRawText(ScriptEngine.java:119)
	at com.kms.katalon.core.main.TestCaseExecutor.runScript(TestCaseExecutor.java:448)
	at com.kms.katalon.core.main.TestCaseExecutor.doExecute(TestCaseExecutor.java:439)
	at com.kms.katalon.core.main.TestCaseExecutor.processExecutionPhase(TestCaseExecutor.java:418)
	at com.kms.katalon.core.main.TestCaseExecutor.accessMainPhase(TestCaseExecutor.java:410)
	at com.kms.katalon.core.main.TestCaseExecutor.execute(TestCaseExecutor.java:285)
	at com.kms.katalon.core.common.CommonExecutor.accessTestCaseMainPhase(CommonExecutor.java:65)
	at com.kms.katalon.core.main.TestSuiteExecutor.accessTestSuiteMainPhase(TestSuiteExecutor.java:150)
	at com.kms.katalon.core.main.TestSuiteExecutor.execute(TestSuiteExecutor.java:106)
	at com.kms.katalon.core.main.TestCaseMain.startTestSuite(TestCaseMain.java:180)
	at TempTestSuite1731886967590.run(TempTestSuite1731886967590.groovy:35)
	at java.base/jdk.internal.reflect.NativeMethodAccessorImpl.invoke0(Native Method)
	at java.base/jdk.internal.reflect.NativeMethodAccessorImpl.invoke(NativeMethodAccessorImpl.java:77)
	at java.base/jdk.internal.reflect.DelegatingMethodAccessorImpl.invoke(DelegatingMethodAccessorImpl.java:43)
)

18-11-2024T02:51:36 - [TEST_STEP][PASSED] - result = WriteToExcel(typeOfData, todaysDate, PercPlanR, PercPlanB, PercFactR, PercFactB, x, tabR, tabB, o1R, o1B, vidget): null

18-11-2024T02:51:36 - [TEST_STEP][PASSED] - iii = dZO.indexOf("/"): null

18-11-2024T02:51:36 - [TEST_STEP][PASSED] - println(iii): null

18-11-2024T02:51:36 - [TEST_STEP][PASSED] - dZO = dZO.substring(0, iii): null

18-11-2024T02:51:36 - [TEST_STEP][PASSED] - println(dZO): null

18-11-2024T02:51:36 - [TEST_STEP][PASSED] - println(PercPlanR): null

18-11-2024T02:51:36 - [TEST_STEP][PASSED] - println(PercPlanB): null

18-11-2024T02:51:36 - [TEST_STEP][PASSED] - println(PercFactR): null

18-11-2024T02:51:36 - [TEST_STEP][PASSED] - println(PercFactB): null

18-11-2024T02:51:36 - [TEST_STEP][PASSED] - println(tabR): null

18-11-2024T02:51:36 - [TEST_STEP][PASSED] - println(tabB): null

18-11-2024T02:51:36 - [TEST_STEP][PASSED] - println(o1R): null

18-11-2024T02:51:36 - [TEST_STEP][PASSED] - println(o1B): null

18-11-2024T02:51:36 - [TEST_STEP][PASSED] - PR = <not implemented yet for class: org.codehaus.groovy.ast.expr.EmptyExpression>: null

18-11-2024T02:51:36 - [TEST_STEP][PASSED] - FR = <not implemented yet for class: org.codehaus.groovy.ast.expr.EmptyExpression>: null

18-11-2024T02:51:36 - [TEST_STEP][PASSED] - PB = <not implemented yet for class: org.codehaus.groovy.ast.expr.EmptyExpression>: null

18-11-2024T02:51:36 - [TEST_STEP][PASSED] - FB = <not implemented yet for class: org.codehaus.groovy.ast.expr.EmptyExpression>: null

18-11-2024T02:51:36 - [TEST_STEP][PASSED] - TR = <not implemented yet for class: org.codehaus.groovy.ast.expr.EmptyExpression>: null

18-11-2024T02:51:36 - [TEST_STEP][PASSED] - TB = <not implemented yet for class: org.codehaus.groovy.ast.expr.EmptyExpression>: null

18-11-2024T02:51:36 - [TEST_STEP][PASSED] - sheetName = "Sheet1": null

18-11-2024T02:51:36 - [TEST_STEP][PASSED] - data = findTestData("PlanFact"): null

18-11-2024T02:51:36 - [TEST_STEP][PASSED] - n = data.getRowNumbers() + 1: null

18-11-2024T02:51:36 - [TEST_STEP][PASSED] - year = todaysDate.substring(todaysDate.length() - 4, todaysDate.length()): null

18-11-2024T02:51:36 - [TEST_STEP][PASSED] - y = year.toInteger(): null

18-11-2024T02:51:36 - [TEST_STEP][PASSED] - m = getText(findTestObject("Выполнение бизнес-плана/Выполнение бизнес-плана Балансы/Фильтр Дата")): Text of object 'Object Repository/Выполнение бизнес-плана/Выполнение бизнес-плана Балансы/Фильтр Дата' is: '1, 2, 3 кв. 2024 года'

18-11-2024T02:51:37 - [MESSAGE][PASSED] - Text of object 'Object Repository/Выполнение бизнес-плана/Выполнение бизнес-плана Балансы/Фильтр Дата' is: '1, 2, 3 кв. 2024 года'

18-11-2024T02:51:37 - [TEST_STEP][PASSED] - m = m.substring(0, m.indexOf("2024")): null

18-11-2024T02:51:37 - [TEST_STEP][PASSED] - m = m.trim(): null

18-11-2024T02:51:37 - [TEST_STEP][PASSED] - dashboardName = "Выполнение бизнес-плана": null

18-11-2024T02:51:37 - [TEST_STEP][PASSED] - workbook01 = getWorkbook(excelFilePath): null

18-11-2024T02:51:37 - [TEST_STEP][PASSED] - sheet01 = getExcelSheet(workbook01, sheetName): null

18-11-2024T02:51:37 - [TEST_STEP][PASSED] - setValueToCellByIndex(sheet01, n, 0, dashboardName): null

18-11-2024T02:51:37 - [TEST_STEP][PASSED] - setValueToCellByIndex(sheet01, n, 1, dZO): null

18-11-2024T02:51:37 - [TEST_STEP][PASSED] - setValueToCellByIndex(sheet01, n, 2, typeOfData): null

18-11-2024T02:51:37 - [TEST_STEP][PASSED] - setValueToCellByIndex(sheet01, n, 3, typeOfData): null

18-11-2024T02:51:37 - [TEST_STEP][PASSED] - if (typeOfData == "План"): null

18-11-2024T02:51:37 - [TEST_STEP][PASSED] - else if (typeOfData == "Факт"): null

18-11-2024T02:51:37 - [TEST_STEP][PASSED] - else if (vidget.contains("электроэнергии") == true): null

18-11-2024T02:51:37 - [TEST_STEP][PASSED] - if (tabR == null): null

18-11-2024T02:51:37 - [TEST_STEP][PASSED] - else: null

18-11-2024T02:51:37 - [TEST_STEP][PASSED] - if (tabR == "нет данных"): null

18-11-2024T02:51:37 - [TEST_STEP][PASSED] - setValueToCellByIndex(sheet01, n, 4, "нет данных"): null

18-11-2024T02:51:37 - [TEST_STEP][PASSED] - if (tabB == null): null

18-11-2024T02:51:37 - [TEST_STEP][PASSED] - else: null

18-11-2024T02:51:37 - [TEST_STEP][PASSED] - if (tabB == "нет данных"): null

18-11-2024T02:51:37 - [TEST_STEP][PASSED] - else: null

18-11-2024T02:51:37 - [TEST_STEP][PASSED] - TB = tabB.toInteger(): null

18-11-2024T02:51:37 - [TEST_STEP][PASSED] - setValueToCellByIndex(sheet01, n, 5, TB): null

18-11-2024T02:51:37 - [TEST_STEP][PASSED] - setValueToCellByIndex(sheet01, n, 6, m): null

18-11-2024T02:51:37 - [TEST_STEP][PASSED] - setValueToCellByIndex(sheet01, n, 7, y): null

18-11-2024T02:51:37 - [TEST_STEP][PASSED] - setValueToCellByIndex(sheet01, n, 8, todaysDate): null

18-11-2024T02:51:37 - [TEST_STEP][PASSED] - n = n + 1: null

18-11-2024T02:51:37 - [TEST_STEP][PASSED] - saveWorkbook(excelFilePath, workbook01): null

18-11-2024T02:51:37 - [TEST_STEP][PASSED] - typeOfData = "Факт Потери": null

18-11-2024T02:51:37 - [TEST_STEP][PASSED] - tabR = GetPFactR(x = a): null

18-11-2024T02:51:37 - [TEST_STEP][PASSED] - i1 = <not implemented yet for class: org.codehaus.groovy.ast.expr.EmptyExpression>: null

18-11-2024T02:51:37 - [TEST_STEP][PASSED] - ii = <not implemented yet for class: org.codehaus.groovy.ast.expr.EmptyExpression>: null

18-11-2024T02:51:37 - [TEST_STEP][PASSED] - for ([ii = 1, ii < 6, (ii++)]): null

18-11-2024T02:51:37 - [TEST_STEP][PASSED] - i1 = x.indexOf("/") + 1: null

18-11-2024T02:51:37 - [TEST_STEP][PASSED] - if (i1 > -1): null

18-11-2024T02:51:37 - [TEST_STEP][PASSED] - x = x.substring(i1, x.length()): null

18-11-2024T02:51:37 - [TEST_STEP][PASSED] - println(x): null

18-11-2024T02:51:37 - [TEST_STEP][PASSED] - i1 = x.indexOf("/") + 1: null

18-11-2024T02:51:37 - [TEST_STEP][PASSED] - if (i1 > -1): null

18-11-2024T02:51:37 - [TEST_STEP][PASSED] - x = x.substring(i1, x.length()): null

18-11-2024T02:51:37 - [TEST_STEP][PASSED] - println(x): null

18-11-2024T02:51:37 - [TEST_STEP][PASSED] - i1 = x.indexOf("/") + 1: null

18-11-2024T02:51:37 - [TEST_STEP][PASSED] - if (i1 > -1): null

18-11-2024T02:51:37 - [TEST_STEP][PASSED] - x = x.substring(i1, x.length()): null

18-11-2024T02:51:37 - [TEST_STEP][PASSED] - println(x): null

18-11-2024T02:51:37 - [TEST_STEP][PASSED] - i1 = x.indexOf("/") + 1: null

18-11-2024T02:51:37 - [TEST_STEP][PASSED] - if (i1 > -1): null

18-11-2024T02:51:37 - [TEST_STEP][PASSED] - x = x.substring(i1, x.length()): null

18-11-2024T02:51:37 - [TEST_STEP][PASSED] - println(x): null

18-11-2024T02:51:37 - [TEST_STEP][PASSED] - i1 = x.indexOf("/") + 1: null

18-11-2024T02:51:37 - [TEST_STEP][PASSED] - if (i1 > -1): null

18-11-2024T02:51:37 - [TEST_STEP][PASSED] - x = x.substring(i1, x.length()): null

18-11-2024T02:51:37 - [TEST_STEP][PASSED] - println(x): null

18-11-2024T02:51:37 - [TEST_STEP][PASSED] - i1 = x.indexOf("/"): null

18-11-2024T02:51:37 - [TEST_STEP][PASSED] - if (i1 > -1): null

18-11-2024T02:51:37 - [TEST_STEP][PASSED] - x = x.substring(0, i1): null

18-11-2024T02:51:37 - [TEST_STEP][PASSED] - println(x): null

18-11-2024T02:51:37 - [TEST_STEP][PASSED] - return x: null

18-11-2024T02:51:37 - [TEST_STEP][PASSED] - tabB = GetPFactB(x = b): null

18-11-2024T02:51:37 - [TEST_STEP][PASSED] - i1 = <not implemented yet for class: org.codehaus.groovy.ast.expr.EmptyExpression>: null

18-11-2024T02:51:37 - [TEST_STEP][PASSED] - ii = <not implemented yet for class: org.codehaus.groovy.ast.expr.EmptyExpression>: null

18-11-2024T02:51:37 - [TEST_STEP][PASSED] - for ([ii = 1, ii < 6, (ii++)]): null

18-11-2024T02:51:37 - [TEST_STEP][PASSED] - i1 = x.indexOf("/") + 1: null

18-11-2024T02:51:37 - [TEST_STEP][PASSED] - if (i1 > -1): null

18-11-2024T02:51:37 - [TEST_STEP][PASSED] - x = x.substring(i1, x.length()): null

18-11-2024T02:51:37 - [TEST_STEP][PASSED] - println(x): null

18-11-2024T02:51:37 - [TEST_STEP][PASSED] - i1 = x.indexOf("/") + 1: null

18-11-2024T02:51:37 - [TEST_STEP][PASSED] - if (i1 > -1): null

18-11-2024T02:51:37 - [TEST_STEP][PASSED] - x = x.substring(i1, x.length()): null

18-11-2024T02:51:37 - [TEST_STEP][PASSED] - println(x): null

18-11-2024T02:51:37 - [TEST_STEP][PASSED] - i1 = x.indexOf("/") + 1: null

18-11-2024T02:51:37 - [TEST_STEP][PASSED] - if (i1 > -1): null

18-11-2024T02:51:37 - [TEST_STEP][PASSED] - x = x.substring(i1, x.length()): null

18-11-2024T02:51:37 - [TEST_STEP][PASSED] - println(x): null

18-11-2024T02:51:37 - [TEST_STEP][PASSED] - i1 = x.indexOf("/") + 1: null

18-11-2024T02:51:37 - [TEST_STEP][PASSED] - if (i1 > -1): null

18-11-2024T02:51:37 - [TEST_STEP][PASSED] - x = x.substring(i1, x.length()): null

18-11-2024T02:51:37 - [TEST_STEP][PASSED] - println(x): null

18-11-2024T02:51:37 - [TEST_STEP][PASSED] - i1 = x.indexOf("/") + 1: null

18-11-2024T02:51:37 - [TEST_STEP][PASSED] - if (i1 > -1): null

18-11-2024T02:51:37 - [TEST_STEP][PASSED] - x = x.substring(i1, x.length()): null

18-11-2024T02:51:37 - [TEST_STEP][PASSED] - println(x): null

18-11-2024T02:51:37 - [TEST_STEP][PASSED] - i1 = x.indexOf("/"): null

18-11-2024T02:51:37 - [TEST_STEP][PASSED] - if (i1 > -1): null

18-11-2024T02:51:37 - [TEST_STEP][PASSED] - x = x.substring(0, i1): null

18-11-2024T02:51:37 - [TEST_STEP][PASSED] - println(x): null

18-11-2024T02:51:37 - [TEST_STEP][FAILED] - return x: null

18-11-2024T02:51:37 - [TEST_STEP][PASSED] - println(tabR + "/" + tabB): null

18-11-2024T02:51:37 - [TEST_STEP][FAILED] - if (verifyEqual(tabR, tabB) == false): null

18-11-2024T02:51:37 - [MESSAGE][FAILED] - Unable to verify equal between actual object 'нет данных' and expected object '2952395' (Root cause: com.kms.katalon.core.exception.StepFailedException: Actual object 'нет данных' and expected object '2952395' are not equal
	at com.kms.katalon.core.keyword.builtin.VerifyEqualKeyword$_verifyEqual_closure1.doCall(VerifyEqualKeyword.groovy:58)
	at com.kms.katalon.core.keyword.builtin.VerifyEqualKeyword$_verifyEqual_closure1.call(VerifyEqualKeyword.groovy)
	at com.kms.katalon.core.keyword.internal.KeywordMain.runKeyword(KeywordMain.groovy:75)
	at com.kms.katalon.core.keyword.builtin.VerifyEqualKeyword.verifyEqual(VerifyEqualKeyword.groovy:63)
	at com.kms.katalon.core.keyword.builtin.VerifyEqualKeyword.execute(VerifyEqualKeyword.groovy:44)
	at com.kms.katalon.core.keyword.internal.KeywordExecutor.executeKeywordForPlatform(KeywordExecutor.groovy:74)
	at com.kms.katalon.core.keyword.BuiltinKeywords.verifyEqual(BuiltinKeywords.groovy:146)
	at jdk.internal.reflect.GeneratedMethodAccessor25.invoke(Unknown Source)
	at java.base/jdk.internal.reflect.DelegatingMethodAccessorImpl.invoke(DelegatingMethodAccessorImpl.java:43)
	at Выполнение бизнес-плана сверка дашбордов.CompareDZOData(Выполнение бизнес-плана сверка дашбордов:730)
	at Выполнение бизнес-плана сверка дашбордов.run(Выполнение бизнес-плана сверка дашбордов:608)
	at com.kms.katalon.core.main.ScriptEngine.run(ScriptEngine.java:194)
	at com.kms.katalon.core.main.ScriptEngine.runScriptAsRawText(ScriptEngine.java:119)
	at com.kms.katalon.core.main.TestCaseExecutor.runScript(TestCaseExecutor.java:448)
	at com.kms.katalon.core.main.TestCaseExecutor.doExecute(TestCaseExecutor.java:439)
	at com.kms.katalon.core.main.TestCaseExecutor.processExecutionPhase(TestCaseExecutor.java:418)
	at com.kms.katalon.core.main.TestCaseExecutor.accessMainPhase(TestCaseExecutor.java:410)
	at com.kms.katalon.core.main.TestCaseExecutor.execute(TestCaseExecutor.java:285)
	at com.kms.katalon.core.common.CommonExecutor.accessTestCaseMainPhase(CommonExecutor.java:65)
	at com.kms.katalon.core.main.TestSuiteExecutor.accessTestSuiteMainPhase(TestSuiteExecutor.java:150)
	at com.kms.katalon.core.main.TestSuiteExecutor.execute(TestSuiteExecutor.java:106)
	at com.kms.katalon.core.main.TestCaseMain.startTestSuite(TestCaseMain.java:180)
	at TempTestSuite1731886967590.run(TempTestSuite1731886967590.groovy:35)
	at java.base/jdk.internal.reflect.NativeMethodAccessorImpl.invoke0(Native Method)
	at java.base/jdk.internal.reflect.NativeMethodAccessorImpl.invoke(NativeMethodAccessorImpl.java:77)
	at java.base/jdk.internal.reflect.DelegatingMethodAccessorImpl.invoke(DelegatingMethodAccessorImpl.java:43)
)

18-11-2024T02:51:37 - [TEST_STEP][PASSED] - result = WriteToExcel(typeOfData, todaysDate, PercPlanR, PercPlanB, PercFactR, PercFactB, x, tabR, tabB, o1R, o1B, vidget): null

18-11-2024T02:51:37 - [TEST_STEP][PASSED] - iii = dZO.indexOf("/"): null

18-11-2024T02:51:37 - [TEST_STEP][PASSED] - println(iii): null

18-11-2024T02:51:37 - [TEST_STEP][PASSED] - dZO = dZO.substring(0, iii): null

18-11-2024T02:51:37 - [TEST_STEP][PASSED] - println(dZO): null

18-11-2024T02:51:37 - [TEST_STEP][PASSED] - println(PercPlanR): null

18-11-2024T02:51:37 - [TEST_STEP][PASSED] - println(PercPlanB): null

18-11-2024T02:51:37 - [TEST_STEP][PASSED] - println(PercFactR): null

18-11-2024T02:51:37 - [TEST_STEP][PASSED] - println(PercFactB): null

18-11-2024T02:51:37 - [TEST_STEP][PASSED] - println(tabR): null

18-11-2024T02:51:37 - [TEST_STEP][PASSED] - println(tabB): null

18-11-2024T02:51:37 - [TEST_STEP][PASSED] - println(o1R): null

18-11-2024T02:51:37 - [TEST_STEP][PASSED] - println(o1B): null

18-11-2024T02:51:37 - [TEST_STEP][PASSED] - PR = <not implemented yet for class: org.codehaus.groovy.ast.expr.EmptyExpression>: null

18-11-2024T02:51:37 - [TEST_STEP][PASSED] - FR = <not implemented yet for class: org.codehaus.groovy.ast.expr.EmptyExpression>: null

18-11-2024T02:51:37 - [TEST_STEP][PASSED] - PB = <not implemented yet for class: org.codehaus.groovy.ast.expr.EmptyExpression>: null

18-11-2024T02:51:37 - [TEST_STEP][PASSED] - FB = <not implemented yet for class: org.codehaus.groovy.ast.expr.EmptyExpression>: null

18-11-2024T02:51:37 - [TEST_STEP][PASSED] - TR = <not implemented yet for class: org.codehaus.groovy.ast.expr.EmptyExpression>: null

18-11-2024T02:51:37 - [TEST_STEP][PASSED] - TB = <not implemented yet for class: org.codehaus.groovy.ast.expr.EmptyExpression>: null

18-11-2024T02:51:37 - [TEST_STEP][PASSED] - sheetName = "Sheet1": null

18-11-2024T02:51:37 - [TEST_STEP][PASSED] - data = findTestData("PlanFact"): null

18-11-2024T02:51:37 - [TEST_STEP][PASSED] - n = data.getRowNumbers() + 1: null

18-11-2024T02:51:37 - [TEST_STEP][PASSED] - year = todaysDate.substring(todaysDate.length() - 4, todaysDate.length()): null

18-11-2024T02:51:37 - [TEST_STEP][PASSED] - y = year.toInteger(): null

18-11-2024T02:51:37 - [TEST_STEP][PASSED] - m = getText(findTestObject("Выполнение бизнес-плана/Выполнение бизнес-плана Балансы/Фильтр Дата")): Text of object 'Object Repository/Выполнение бизнес-плана/Выполнение бизнес-плана Балансы/Фильтр Дата' is: '1, 2, 3 кв. 2024 года'

18-11-2024T02:51:37 - [MESSAGE][PASSED] - Text of object 'Object Repository/Выполнение бизнес-плана/Выполнение бизнес-плана Балансы/Фильтр Дата' is: '1, 2, 3 кв. 2024 года'

18-11-2024T02:51:37 - [TEST_STEP][PASSED] - m = m.substring(0, m.indexOf("2024")): null

18-11-2024T02:51:37 - [TEST_STEP][PASSED] - m = m.trim(): null

18-11-2024T02:51:37 - [TEST_STEP][PASSED] - dashboardName = "Выполнение бизнес-плана": null

18-11-2024T02:51:37 - [TEST_STEP][PASSED] - workbook01 = getWorkbook(excelFilePath): null

18-11-2024T02:51:37 - [TEST_STEP][PASSED] - sheet01 = getExcelSheet(workbook01, sheetName): null

18-11-2024T02:51:37 - [TEST_STEP][PASSED] - setValueToCellByIndex(sheet01, n, 0, dashboardName): null

18-11-2024T02:51:37 - [TEST_STEP][PASSED] - setValueToCellByIndex(sheet01, n, 1, dZO): null

18-11-2024T02:51:37 - [TEST_STEP][PASSED] - setValueToCellByIndex(sheet01, n, 2, typeOfData): null

18-11-2024T02:51:37 - [TEST_STEP][PASSED] - setValueToCellByIndex(sheet01, n, 3, typeOfData): null

18-11-2024T02:51:37 - [TEST_STEP][PASSED] - if (typeOfData == "План"): null

18-11-2024T02:51:37 - [TEST_STEP][PASSED] - else if (typeOfData == "Факт"): null

18-11-2024T02:51:37 - [TEST_STEP][PASSED] - else if (vidget.contains("электроэнергии") == true): null

18-11-2024T02:51:37 - [TEST_STEP][PASSED] - if (tabR == null): null

18-11-2024T02:51:37 - [TEST_STEP][PASSED] - else: null

18-11-2024T02:51:37 - [TEST_STEP][PASSED] - if (tabR == "нет данных"): null

18-11-2024T02:51:37 - [TEST_STEP][PASSED] - setValueToCellByIndex(sheet01, n, 4, "нет данных"): null

18-11-2024T02:51:37 - [TEST_STEP][PASSED] - if (tabB == null): null

18-11-2024T02:51:37 - [TEST_STEP][PASSED] - else: null

18-11-2024T02:51:37 - [TEST_STEP][PASSED] - if (tabB == "нет данных"): null

18-11-2024T02:51:37 - [TEST_STEP][PASSED] - else: null

18-11-2024T02:51:37 - [TEST_STEP][PASSED] - TB = tabB.toInteger(): null

18-11-2024T02:51:37 - [TEST_STEP][PASSED] - setValueToCellByIndex(sheet01, n, 5, TB): null

18-11-2024T02:51:37 - [TEST_STEP][PASSED] - setValueToCellByIndex(sheet01, n, 6, m): null

18-11-2024T02:51:37 - [TEST_STEP][PASSED] - setValueToCellByIndex(sheet01, n, 7, y): null

18-11-2024T02:51:37 - [TEST_STEP][PASSED] - setValueToCellByIndex(sheet01, n, 8, todaysDate): null

18-11-2024T02:51:37 - [TEST_STEP][PASSED] - n = n + 1: null

18-11-2024T02:51:37 - [TEST_STEP][PASSED] - saveWorkbook(excelFilePath, workbook01): null

18-11-2024T02:51:38 - [TEST_STEP][PASSED] - vidget = "Показатели баланса электроэнергии по ДЗО – План": null

18-11-2024T02:51:38 - [TEST_STEP][PASSED] - typeOfData = "План Отпуск в сеть": null

18-11-2024T02:51:38 - [TEST_STEP][PASSED] - tabR = GetOvSPlanR(x = a): null

18-11-2024T02:51:38 - [TEST_STEP][PASSED] - i1 = <not implemented yet for class: org.codehaus.groovy.ast.expr.EmptyExpression>: null

18-11-2024T02:51:38 - [TEST_STEP][PASSED] - ii = <not implemented yet for class: org.codehaus.groovy.ast.expr.EmptyExpression>: null

18-11-2024T02:51:38 - [TEST_STEP][PASSED] - for ([ii = 1, ii < 7, (ii++)]): null

18-11-2024T02:51:38 - [TEST_STEP][PASSED] - i1 = x.indexOf("/") + 1: null

18-11-2024T02:51:38 - [TEST_STEP][PASSED] - if (i1 > -1): null

18-11-2024T02:51:38 - [TEST_STEP][PASSED] - x = x.substring(i1, x.length()): null

18-11-2024T02:51:38 - [TEST_STEP][PASSED] - println(x): null

18-11-2024T02:51:38 - [TEST_STEP][PASSED] - i1 = x.indexOf("/") + 1: null

18-11-2024T02:51:38 - [TEST_STEP][PASSED] - if (i1 > -1): null

18-11-2024T02:51:38 - [TEST_STEP][PASSED] - x = x.substring(i1, x.length()): null

18-11-2024T02:51:38 - [TEST_STEP][PASSED] - println(x): null

18-11-2024T02:51:38 - [TEST_STEP][PASSED] - i1 = x.indexOf("/") + 1: null

18-11-2024T02:51:38 - [TEST_STEP][PASSED] - if (i1 > -1): null

18-11-2024T02:51:38 - [TEST_STEP][PASSED] - x = x.substring(i1, x.length()): null

18-11-2024T02:51:38 - [TEST_STEP][PASSED] - println(x): null

18-11-2024T02:51:38 - [TEST_STEP][PASSED] - i1 = x.indexOf("/") + 1: null

18-11-2024T02:51:38 - [TEST_STEP][PASSED] - if (i1 > -1): null

18-11-2024T02:51:38 - [TEST_STEP][PASSED] - x = x.substring(i1, x.length()): null

18-11-2024T02:51:38 - [TEST_STEP][PASSED] - println(x): null

18-11-2024T02:51:38 - [TEST_STEP][PASSED] - i1 = x.indexOf("/") + 1: null

18-11-2024T02:51:38 - [TEST_STEP][PASSED] - if (i1 > -1): null

18-11-2024T02:51:38 - [TEST_STEP][PASSED] - x = x.substring(i1, x.length()): null

18-11-2024T02:51:38 - [TEST_STEP][PASSED] - println(x): null

18-11-2024T02:51:38 - [TEST_STEP][PASSED] - i1 = x.indexOf("/") + 1: null

18-11-2024T02:51:38 - [TEST_STEP][PASSED] - if (i1 > -1): null

18-11-2024T02:51:38 - [TEST_STEP][PASSED] - x = x.substring(i1, x.length()): null

18-11-2024T02:51:38 - [TEST_STEP][PASSED] - println(x): null

18-11-2024T02:51:38 - [TEST_STEP][PASSED] - i1 = x.indexOf("/"): null

18-11-2024T02:51:38 - [TEST_STEP][PASSED] - if (i1 > -1): null

18-11-2024T02:51:38 - [TEST_STEP][PASSED] - x = x.substring(0, i1): null

18-11-2024T02:51:38 - [TEST_STEP][PASSED] - println(x): null

18-11-2024T02:51:38 - [TEST_STEP][PASSED] - return x: null

18-11-2024T02:51:38 - [TEST_STEP][PASSED] - tabB = GetOvSPlanB(x = b): null

18-11-2024T02:51:38 - [TEST_STEP][PASSED] - i1 = <not implemented yet for class: org.codehaus.groovy.ast.expr.EmptyExpression>: null

18-11-2024T02:51:38 - [TEST_STEP][PASSED] - ii = <not implemented yet for class: org.codehaus.groovy.ast.expr.EmptyExpression>: null

18-11-2024T02:51:38 - [TEST_STEP][PASSED] - for ([ii = 1, ii < 7, (ii++)]): null

18-11-2024T02:51:38 - [TEST_STEP][PASSED] - i1 = x.indexOf("/") + 1: null

18-11-2024T02:51:38 - [TEST_STEP][PASSED] - if (i1 > -1): null

18-11-2024T02:51:38 - [TEST_STEP][PASSED] - x = x.substring(i1, x.length()): null

18-11-2024T02:51:38 - [TEST_STEP][PASSED] - println(x): null

18-11-2024T02:51:38 - [TEST_STEP][PASSED] - i1 = x.indexOf("/") + 1: null

18-11-2024T02:51:38 - [TEST_STEP][PASSED] - if (i1 > -1): null

18-11-2024T02:51:38 - [TEST_STEP][PASSED] - x = x.substring(i1, x.length()): null

18-11-2024T02:51:38 - [TEST_STEP][PASSED] - println(x): null

18-11-2024T02:51:38 - [TEST_STEP][PASSED] - i1 = x.indexOf("/") + 1: null

18-11-2024T02:51:38 - [TEST_STEP][PASSED] - if (i1 > -1): null

18-11-2024T02:51:38 - [TEST_STEP][PASSED] - x = x.substring(i1, x.length()): null

18-11-2024T02:51:38 - [TEST_STEP][PASSED] - println(x): null

18-11-2024T02:51:38 - [TEST_STEP][PASSED] - i1 = x.indexOf("/") + 1: null

18-11-2024T02:51:38 - [TEST_STEP][PASSED] - if (i1 > -1): null

18-11-2024T02:51:38 - [TEST_STEP][PASSED] - x = x.substring(i1, x.length()): null

18-11-2024T02:51:38 - [TEST_STEP][PASSED] - println(x): null

18-11-2024T02:51:38 - [TEST_STEP][PASSED] - i1 = x.indexOf("/") + 1: null

18-11-2024T02:51:38 - [TEST_STEP][PASSED] - if (i1 > -1): null

18-11-2024T02:51:38 - [TEST_STEP][PASSED] - x = x.substring(i1, x.length()): null

18-11-2024T02:51:38 - [TEST_STEP][PASSED] - println(x): null

18-11-2024T02:51:38 - [TEST_STEP][PASSED] - i1 = x.indexOf("/") + 1: null

18-11-2024T02:51:38 - [TEST_STEP][PASSED] - if (i1 > -1): null

18-11-2024T02:51:38 - [TEST_STEP][PASSED] - x = x.substring(i1, x.length()): null

18-11-2024T02:51:38 - [TEST_STEP][PASSED] - println(x): null

18-11-2024T02:51:38 - [TEST_STEP][PASSED] - i1 = x.indexOf("/"): null

18-11-2024T02:51:38 - [TEST_STEP][PASSED] - if (i1 > -1): null

18-11-2024T02:51:38 - [TEST_STEP][PASSED] - x = x.substring(0, i1): null

18-11-2024T02:51:38 - [TEST_STEP][PASSED] - println(x): null

18-11-2024T02:51:38 - [TEST_STEP][FAILED] - return x: null

18-11-2024T02:51:38 - [TEST_STEP][PASSED] - println(tabR + "/" + tabB): null

18-11-2024T02:51:38 - [TEST_STEP][FAILED] - if (verifyEqual(PercFactR, PercFactB) == false): null

18-11-2024T02:51:38 - [MESSAGE][FAILED] - Unable to verify equal between actual object 'нет данных' and expected object '10.48' (Root cause: com.kms.katalon.core.exception.StepFailedException: Actual object 'нет данных' and expected object '10.48' are not equal
	at com.kms.katalon.core.keyword.builtin.VerifyEqualKeyword$_verifyEqual_closure1.doCall(VerifyEqualKeyword.groovy:58)
	at com.kms.katalon.core.keyword.builtin.VerifyEqualKeyword$_verifyEqual_closure1.call(VerifyEqualKeyword.groovy)
	at com.kms.katalon.core.keyword.internal.KeywordMain.runKeyword(KeywordMain.groovy:75)
	at com.kms.katalon.core.keyword.builtin.VerifyEqualKeyword.verifyEqual(VerifyEqualKeyword.groovy:63)
	at com.kms.katalon.core.keyword.builtin.VerifyEqualKeyword.execute(VerifyEqualKeyword.groovy:44)
	at com.kms.katalon.core.keyword.internal.KeywordExecutor.executeKeywordForPlatform(KeywordExecutor.groovy:74)
	at com.kms.katalon.core.keyword.BuiltinKeywords.verifyEqual(BuiltinKeywords.groovy:146)
	at jdk.internal.reflect.GeneratedMethodAccessor25.invoke(Unknown Source)
	at java.base/jdk.internal.reflect.DelegatingMethodAccessorImpl.invoke(DelegatingMethodAccessorImpl.java:43)
	at Выполнение бизнес-плана сверка дашбордов.CompareDZOData(Выполнение бизнес-плана сверка дашбордов:745)
	at Выполнение бизнес-плана сверка дашбордов.run(Выполнение бизнес-плана сверка дашбордов:608)
	at com.kms.katalon.core.main.ScriptEngine.run(ScriptEngine.java:194)
	at com.kms.katalon.core.main.ScriptEngine.runScriptAsRawText(ScriptEngine.java:119)
	at com.kms.katalon.core.main.TestCaseExecutor.runScript(TestCaseExecutor.java:448)
	at com.kms.katalon.core.main.TestCaseExecutor.doExecute(TestCaseExecutor.java:439)
	at com.kms.katalon.core.main.TestCaseExecutor.processExecutionPhase(TestCaseExecutor.java:418)
	at com.kms.katalon.core.main.TestCaseExecutor.accessMainPhase(TestCaseExecutor.java:410)
	at com.kms.katalon.core.main.TestCaseExecutor.execute(TestCaseExecutor.java:285)
	at com.kms.katalon.core.common.CommonExecutor.accessTestCaseMainPhase(CommonExecutor.java:65)
	at com.kms.katalon.core.main.TestSuiteExecutor.accessTestSuiteMainPhase(TestSuiteExecutor.java:150)
	at com.kms.katalon.core.main.TestSuiteExecutor.execute(TestSuiteExecutor.java:106)
	at com.kms.katalon.core.main.TestCaseMain.startTestSuite(TestCaseMain.java:180)
	at TempTestSuite1731886967590.run(TempTestSuite1731886967590.groovy:35)
	at java.base/jdk.internal.reflect.NativeMethodAccessorImpl.invoke0(Native Method)
	at java.base/jdk.internal.reflect.NativeMethodAccessorImpl.invoke(NativeMethodAccessorImpl.java:77)
	at java.base/jdk.internal.reflect.DelegatingMethodAccessorImpl.invoke(DelegatingMethodAccessorImpl.java:43)
)

18-11-2024T02:51:38 - [TEST_STEP][PASSED] - result = WriteToExcel(typeOfData, todaysDate, PercPlanR, PercPlanB, PercFactR, PercFactB, x, tabR, tabB, o1R, o1B, vidget): null

18-11-2024T02:51:38 - [TEST_STEP][PASSED] - iii = dZO.indexOf("/"): null

18-11-2024T02:51:38 - [TEST_STEP][PASSED] - println(iii): null

18-11-2024T02:51:38 - [TEST_STEP][PASSED] - dZO = dZO.substring(0, iii): null

18-11-2024T02:51:38 - [TEST_STEP][PASSED] - println(dZO): null

18-11-2024T02:51:38 - [TEST_STEP][PASSED] - println(PercPlanR): null

18-11-2024T02:51:38 - [TEST_STEP][PASSED] - println(PercPlanB): null

18-11-2024T02:51:38 - [TEST_STEP][PASSED] - println(PercFactR): null

18-11-2024T02:51:38 - [TEST_STEP][PASSED] - println(PercFactB): null

18-11-2024T02:51:38 - [TEST_STEP][PASSED] - println(tabR): null

18-11-2024T02:51:38 - [TEST_STEP][PASSED] - println(tabB): null

18-11-2024T02:51:38 - [TEST_STEP][PASSED] - println(o1R): null

18-11-2024T02:51:38 - [TEST_STEP][PASSED] - println(o1B): null

18-11-2024T02:51:38 - [TEST_STEP][PASSED] - PR = <not implemented yet for class: org.codehaus.groovy.ast.expr.EmptyExpression>: null

18-11-2024T02:51:38 - [TEST_STEP][PASSED] - FR = <not implemented yet for class: org.codehaus.groovy.ast.expr.EmptyExpression>: null

18-11-2024T02:51:38 - [TEST_STEP][PASSED] - PB = <not implemented yet for class: org.codehaus.groovy.ast.expr.EmptyExpression>: null

18-11-2024T02:51:38 - [TEST_STEP][PASSED] - FB = <not implemented yet for class: org.codehaus.groovy.ast.expr.EmptyExpression>: null

18-11-2024T02:51:38 - [TEST_STEP][PASSED] - TR = <not implemented yet for class: org.codehaus.groovy.ast.expr.EmptyExpression>: null

18-11-2024T02:51:38 - [TEST_STEP][PASSED] - TB = <not implemented yet for class: org.codehaus.groovy.ast.expr.EmptyExpression>: null

18-11-2024T02:51:38 - [TEST_STEP][PASSED] - sheetName = "Sheet1": null

18-11-2024T02:51:38 - [TEST_STEP][PASSED] - data = findTestData("PlanFact"): null

18-11-2024T02:51:38 - [TEST_STEP][PASSED] - n = data.getRowNumbers() + 1: null

18-11-2024T02:51:38 - [TEST_STEP][PASSED] - year = todaysDate.substring(todaysDate.length() - 4, todaysDate.length()): null

18-11-2024T02:51:38 - [TEST_STEP][PASSED] - y = year.toInteger(): null

18-11-2024T02:51:38 - [TEST_STEP][PASSED] - m = getText(findTestObject("Выполнение бизнес-плана/Выполнение бизнес-плана Балансы/Фильтр Дата")): Text of object 'Object Repository/Выполнение бизнес-плана/Выполнение бизнес-плана Балансы/Фильтр Дата' is: '1, 2, 3 кв. 2024 года'

18-11-2024T02:51:38 - [MESSAGE][PASSED] - Text of object 'Object Repository/Выполнение бизнес-плана/Выполнение бизнес-плана Балансы/Фильтр Дата' is: '1, 2, 3 кв. 2024 года'

18-11-2024T02:51:38 - [TEST_STEP][PASSED] - m = m.substring(0, m.indexOf("2024")): null

18-11-2024T02:51:38 - [TEST_STEP][PASSED] - m = m.trim(): null

18-11-2024T02:51:38 - [TEST_STEP][PASSED] - dashboardName = "Выполнение бизнес-плана": null

18-11-2024T02:51:38 - [TEST_STEP][PASSED] - workbook01 = getWorkbook(excelFilePath): null

18-11-2024T02:51:38 - [TEST_STEP][PASSED] - sheet01 = getExcelSheet(workbook01, sheetName): null

18-11-2024T02:51:38 - [TEST_STEP][PASSED] - setValueToCellByIndex(sheet01, n, 0, dashboardName): null

18-11-2024T02:51:38 - [TEST_STEP][PASSED] - setValueToCellByIndex(sheet01, n, 1, dZO): null

18-11-2024T02:51:38 - [TEST_STEP][PASSED] - setValueToCellByIndex(sheet01, n, 2, typeOfData): null

18-11-2024T02:51:38 - [TEST_STEP][PASSED] - setValueToCellByIndex(sheet01, n, 3, typeOfData): null

18-11-2024T02:51:38 - [TEST_STEP][PASSED] - if (typeOfData == "План"): null

18-11-2024T02:51:38 - [TEST_STEP][PASSED] - else if (typeOfData == "Факт"): null

18-11-2024T02:51:38 - [TEST_STEP][PASSED] - else if (vidget.contains("электроэнергии") == true): null

18-11-2024T02:51:38 - [TEST_STEP][PASSED] - if (tabR == null): null

18-11-2024T02:51:38 - [TEST_STEP][PASSED] - else: null

18-11-2024T02:51:38 - [TEST_STEP][PASSED] - if (tabR == "нет данных"): null

18-11-2024T02:51:38 - [TEST_STEP][PASSED] - setValueToCellByIndex(sheet01, n, 4, "нет данных"): null

18-11-2024T02:51:38 - [TEST_STEP][PASSED] - if (tabB == null): null

18-11-2024T02:51:38 - [TEST_STEP][PASSED] - else: null

18-11-2024T02:51:38 - [TEST_STEP][PASSED] - if (tabB == "нет данных"): null

18-11-2024T02:51:38 - [TEST_STEP][PASSED] - else: null

18-11-2024T02:51:38 - [TEST_STEP][PASSED] - TB = tabB.toInteger(): null

18-11-2024T02:51:38 - [TEST_STEP][PASSED] - setValueToCellByIndex(sheet01, n, 5, TB): null

18-11-2024T02:51:38 - [TEST_STEP][PASSED] - setValueToCellByIndex(sheet01, n, 6, m): null

18-11-2024T02:51:38 - [TEST_STEP][PASSED] - setValueToCellByIndex(sheet01, n, 7, y): null

18-11-2024T02:51:38 - [TEST_STEP][PASSED] - setValueToCellByIndex(sheet01, n, 8, todaysDate): null

18-11-2024T02:51:38 - [TEST_STEP][PASSED] - n = n + 1: null

18-11-2024T02:51:38 - [TEST_STEP][PASSED] - saveWorkbook(excelFilePath, workbook01): null

18-11-2024T02:51:38 - [TEST_STEP][PASSED] - typeOfData = "План Отпуск из сети": null

18-11-2024T02:51:38 - [TEST_STEP][PASSED] - tabR = GetOiSPlanR(x = a): null

18-11-2024T02:51:38 - [TEST_STEP][PASSED] - i1 = <not implemented yet for class: org.codehaus.groovy.ast.expr.EmptyExpression>: null

18-11-2024T02:51:38 - [TEST_STEP][PASSED] - ii = <not implemented yet for class: org.codehaus.groovy.ast.expr.EmptyExpression>: null

18-11-2024T02:51:38 - [TEST_STEP][PASSED] - for ([ii = 1, ii < 8, (ii++)]): null

18-11-2024T02:51:38 - [TEST_STEP][PASSED] - i1 = x.indexOf("/") + 1: null

18-11-2024T02:51:38 - [TEST_STEP][PASSED] - if (i1 > -1): null

18-11-2024T02:51:38 - [TEST_STEP][PASSED] - x = x.substring(i1, x.length()): null

18-11-2024T02:51:38 - [TEST_STEP][PASSED] - println(x): null

18-11-2024T02:51:38 - [TEST_STEP][PASSED] - i1 = x.indexOf("/") + 1: null

18-11-2024T02:51:38 - [TEST_STEP][PASSED] - if (i1 > -1): null

18-11-2024T02:51:38 - [TEST_STEP][PASSED] - x = x.substring(i1, x.length()): null

18-11-2024T02:51:38 - [TEST_STEP][PASSED] - println(x): null

18-11-2024T02:51:38 - [TEST_STEP][PASSED] - i1 = x.indexOf("/") + 1: null

18-11-2024T02:51:38 - [TEST_STEP][PASSED] - if (i1 > -1): null

18-11-2024T02:51:38 - [TEST_STEP][PASSED] - x = x.substring(i1, x.length()): null

18-11-2024T02:51:38 - [TEST_STEP][PASSED] - println(x): null

18-11-2024T02:51:38 - [TEST_STEP][PASSED] - i1 = x.indexOf("/") + 1: null

18-11-2024T02:51:38 - [TEST_STEP][PASSED] - if (i1 > -1): null

18-11-2024T02:51:38 - [TEST_STEP][PASSED] - x = x.substring(i1, x.length()): null

18-11-2024T02:51:38 - [TEST_STEP][PASSED] - println(x): null

18-11-2024T02:51:38 - [TEST_STEP][PASSED] - i1 = x.indexOf("/") + 1: null

18-11-2024T02:51:38 - [TEST_STEP][PASSED] - if (i1 > -1): null

18-11-2024T02:51:38 - [TEST_STEP][PASSED] - x = x.substring(i1, x.length()): null

18-11-2024T02:51:38 - [TEST_STEP][PASSED] - println(x): null

18-11-2024T02:51:38 - [TEST_STEP][PASSED] - i1 = x.indexOf("/") + 1: null

18-11-2024T02:51:38 - [TEST_STEP][PASSED] - if (i1 > -1): null

18-11-2024T02:51:38 - [TEST_STEP][PASSED] - x = x.substring(i1, x.length()): null

18-11-2024T02:51:38 - [TEST_STEP][PASSED] - println(x): null

18-11-2024T02:51:38 - [TEST_STEP][PASSED] - i1 = x.indexOf("/") + 1: null

18-11-2024T02:51:38 - [TEST_STEP][PASSED] - if (i1 > -1): null

18-11-2024T02:51:38 - [TEST_STEP][PASSED] - x = x.substring(i1, x.length()): null

18-11-2024T02:51:38 - [TEST_STEP][PASSED] - println(x): null

18-11-2024T02:51:38 - [TEST_STEP][PASSED] - i1 = x.indexOf("/"): null

18-11-2024T02:51:38 - [TEST_STEP][PASSED] - if (i1 > -1): null

18-11-2024T02:51:38 - [TEST_STEP][PASSED] - x = x.substring(0, i1): null

18-11-2024T02:51:38 - [TEST_STEP][PASSED] - println(x): null

18-11-2024T02:51:38 - [TEST_STEP][PASSED] - return x: null

18-11-2024T02:51:38 - [TEST_STEP][PASSED] - tabB = GetOiSPlanB(x = b): null

18-11-2024T02:51:38 - [TEST_STEP][PASSED] - i1 = <not implemented yet for class: org.codehaus.groovy.ast.expr.EmptyExpression>: null

18-11-2024T02:51:38 - [TEST_STEP][PASSED] - ii = <not implemented yet for class: org.codehaus.groovy.ast.expr.EmptyExpression>: null

18-11-2024T02:51:38 - [TEST_STEP][PASSED] - for ([ii = 1, ii < 8, (ii++)]): null

18-11-2024T02:51:38 - [TEST_STEP][PASSED] - i1 = x.indexOf("/") + 1: null

18-11-2024T02:51:38 - [TEST_STEP][PASSED] - if (i1 > -1): null

18-11-2024T02:51:38 - [TEST_STEP][PASSED] - x = x.substring(i1, x.length()): null

18-11-2024T02:51:38 - [TEST_STEP][PASSED] - println(x): null

18-11-2024T02:51:38 - [TEST_STEP][PASSED] - i1 = x.indexOf("/") + 1: null

18-11-2024T02:51:38 - [TEST_STEP][PASSED] - if (i1 > -1): null

18-11-2024T02:51:38 - [TEST_STEP][PASSED] - x = x.substring(i1, x.length()): null

18-11-2024T02:51:38 - [TEST_STEP][PASSED] - println(x): null

18-11-2024T02:51:38 - [TEST_STEP][PASSED] - i1 = x.indexOf("/") + 1: null

18-11-2024T02:51:38 - [TEST_STEP][PASSED] - if (i1 > -1): null

18-11-2024T02:51:38 - [TEST_STEP][PASSED] - x = x.substring(i1, x.length()): null

18-11-2024T02:51:38 - [TEST_STEP][PASSED] - println(x): null

18-11-2024T02:51:38 - [TEST_STEP][PASSED] - i1 = x.indexOf("/") + 1: null

18-11-2024T02:51:38 - [TEST_STEP][PASSED] - if (i1 > -1): null

18-11-2024T02:51:38 - [TEST_STEP][PASSED] - x = x.substring(i1, x.length()): null

18-11-2024T02:51:38 - [TEST_STEP][PASSED] - println(x): null

18-11-2024T02:51:38 - [TEST_STEP][PASSED] - i1 = x.indexOf("/") + 1: null

18-11-2024T02:51:38 - [TEST_STEP][PASSED] - if (i1 > -1): null

18-11-2024T02:51:38 - [TEST_STEP][PASSED] - x = x.substring(i1, x.length()): null

18-11-2024T02:51:38 - [TEST_STEP][PASSED] - println(x): null

18-11-2024T02:51:38 - [TEST_STEP][PASSED] - i1 = x.indexOf("/") + 1: null

18-11-2024T02:51:38 - [TEST_STEP][PASSED] - if (i1 > -1): null

18-11-2024T02:51:38 - [TEST_STEP][PASSED] - x = x.substring(i1, x.length()): null

18-11-2024T02:51:38 - [TEST_STEP][PASSED] - println(x): null

18-11-2024T02:51:38 - [TEST_STEP][PASSED] - i1 = x.indexOf("/") + 1: null

18-11-2024T02:51:38 - [TEST_STEP][PASSED] - if (i1 > -1): null

18-11-2024T02:51:38 - [TEST_STEP][PASSED] - x = x.substring(i1, x.length()): null

18-11-2024T02:51:38 - [TEST_STEP][PASSED] - println(x): null

18-11-2024T02:51:38 - [TEST_STEP][PASSED] - i1 = x.indexOf("/"): null

18-11-2024T02:51:38 - [TEST_STEP][PASSED] - if (i1 > -1): null

18-11-2024T02:51:38 - [TEST_STEP][PASSED] - x = x.substring(0, i1): null

18-11-2024T02:51:38 - [TEST_STEP][PASSED] - println(x): null

18-11-2024T02:51:38 - [TEST_STEP][FAILED] - return x: null

18-11-2024T02:51:38 - [TEST_STEP][PASSED] - println(tabR + "/" + tabB): null

18-11-2024T02:51:38 - [TEST_STEP][FAILED] - if (verifyEqual(PercFactR, PercFactB) == false): null

18-11-2024T02:51:38 - [MESSAGE][FAILED] - Unable to verify equal between actual object 'нет данных' and expected object '10.48' (Root cause: com.kms.katalon.core.exception.StepFailedException: Actual object 'нет данных' and expected object '10.48' are not equal
	at com.kms.katalon.core.keyword.builtin.VerifyEqualKeyword$_verifyEqual_closure1.doCall(VerifyEqualKeyword.groovy:58)
	at com.kms.katalon.core.keyword.builtin.VerifyEqualKeyword$_verifyEqual_closure1.call(VerifyEqualKeyword.groovy)
	at com.kms.katalon.core.keyword.internal.KeywordMain.runKeyword(KeywordMain.groovy:75)
	at com.kms.katalon.core.keyword.builtin.VerifyEqualKeyword.verifyEqual(VerifyEqualKeyword.groovy:63)
	at com.kms.katalon.core.keyword.builtin.VerifyEqualKeyword.execute(VerifyEqualKeyword.groovy:44)
	at com.kms.katalon.core.keyword.internal.KeywordExecutor.executeKeywordForPlatform(KeywordExecutor.groovy:74)
	at com.kms.katalon.core.keyword.BuiltinKeywords.verifyEqual(BuiltinKeywords.groovy:146)
	at jdk.internal.reflect.GeneratedMethodAccessor25.invoke(Unknown Source)
	at java.base/jdk.internal.reflect.DelegatingMethodAccessorImpl.invoke(DelegatingMethodAccessorImpl.java:43)
	at Выполнение бизнес-плана сверка дашбордов.CompareDZOData(Выполнение бизнес-плана сверка дашбордов:758)
	at Выполнение бизнес-плана сверка дашбордов.run(Выполнение бизнес-плана сверка дашбордов:608)
	at com.kms.katalon.core.main.ScriptEngine.run(ScriptEngine.java:194)
	at com.kms.katalon.core.main.ScriptEngine.runScriptAsRawText(ScriptEngine.java:119)
	at com.kms.katalon.core.main.TestCaseExecutor.runScript(TestCaseExecutor.java:448)
	at com.kms.katalon.core.main.TestCaseExecutor.doExecute(TestCaseExecutor.java:439)
	at com.kms.katalon.core.main.TestCaseExecutor.processExecutionPhase(TestCaseExecutor.java:418)
	at com.kms.katalon.core.main.TestCaseExecutor.accessMainPhase(TestCaseExecutor.java:410)
	at com.kms.katalon.core.main.TestCaseExecutor.execute(TestCaseExecutor.java:285)
	at com.kms.katalon.core.common.CommonExecutor.accessTestCaseMainPhase(CommonExecutor.java:65)
	at com.kms.katalon.core.main.TestSuiteExecutor.accessTestSuiteMainPhase(TestSuiteExecutor.java:150)
	at com.kms.katalon.core.main.TestSuiteExecutor.execute(TestSuiteExecutor.java:106)
	at com.kms.katalon.core.main.TestCaseMain.startTestSuite(TestCaseMain.java:180)
	at TempTestSuite1731886967590.run(TempTestSuite1731886967590.groovy:35)
	at java.base/jdk.internal.reflect.NativeMethodAccessorImpl.invoke0(Native Method)
	at java.base/jdk.internal.reflect.NativeMethodAccessorImpl.invoke(NativeMethodAccessorImpl.java:77)
	at java.base/jdk.internal.reflect.DelegatingMethodAccessorImpl.invoke(DelegatingMethodAccessorImpl.java:43)
)

18-11-2024T02:51:38 - [TEST_STEP][PASSED] - result = WriteToExcel(typeOfData, todaysDate, PercPlanR, PercPlanB, PercFactR, PercFactB, x, tabR, tabB, o1R, o1B, vidget): null

18-11-2024T02:51:38 - [TEST_STEP][PASSED] - iii = dZO.indexOf("/"): null

18-11-2024T02:51:38 - [TEST_STEP][PASSED] - println(iii): null

18-11-2024T02:51:38 - [TEST_STEP][PASSED] - dZO = dZO.substring(0, iii): null

18-11-2024T02:51:38 - [TEST_STEP][PASSED] - println(dZO): null

18-11-2024T02:51:38 - [TEST_STEP][PASSED] - println(PercPlanR): null

18-11-2024T02:51:38 - [TEST_STEP][PASSED] - println(PercPlanB): null

18-11-2024T02:51:38 - [TEST_STEP][PASSED] - println(PercFactR): null

18-11-2024T02:51:38 - [TEST_STEP][PASSED] - println(PercFactB): null

18-11-2024T02:51:38 - [TEST_STEP][PASSED] - println(tabR): null

18-11-2024T02:51:38 - [TEST_STEP][PASSED] - println(tabB): null

18-11-2024T02:51:38 - [TEST_STEP][PASSED] - println(o1R): null

18-11-2024T02:51:38 - [TEST_STEP][PASSED] - println(o1B): null

18-11-2024T02:51:38 - [TEST_STEP][PASSED] - PR = <not implemented yet for class: org.codehaus.groovy.ast.expr.EmptyExpression>: null

18-11-2024T02:51:38 - [TEST_STEP][PASSED] - FR = <not implemented yet for class: org.codehaus.groovy.ast.expr.EmptyExpression>: null

18-11-2024T02:51:38 - [TEST_STEP][PASSED] - PB = <not implemented yet for class: org.codehaus.groovy.ast.expr.EmptyExpression>: null

18-11-2024T02:51:38 - [TEST_STEP][PASSED] - FB = <not implemented yet for class: org.codehaus.groovy.ast.expr.EmptyExpression>: null

18-11-2024T02:51:38 - [TEST_STEP][PASSED] - TR = <not implemented yet for class: org.codehaus.groovy.ast.expr.EmptyExpression>: null

18-11-2024T02:51:38 - [TEST_STEP][PASSED] - TB = <not implemented yet for class: org.codehaus.groovy.ast.expr.EmptyExpression>: null

18-11-2024T02:51:38 - [TEST_STEP][PASSED] - sheetName = "Sheet1": null

18-11-2024T02:51:38 - [TEST_STEP][PASSED] - data = findTestData("PlanFact"): null

18-11-2024T02:51:38 - [TEST_STEP][PASSED] - n = data.getRowNumbers() + 1: null

18-11-2024T02:51:38 - [TEST_STEP][PASSED] - year = todaysDate.substring(todaysDate.length() - 4, todaysDate.length()): null

18-11-2024T02:51:38 - [TEST_STEP][PASSED] - y = year.toInteger(): null

18-11-2024T02:51:38 - [TEST_STEP][PASSED] - m = getText(findTestObject("Выполнение бизнес-плана/Выполнение бизнес-плана Балансы/Фильтр Дата")): Text of object 'Object Repository/Выполнение бизнес-плана/Выполнение бизнес-плана Балансы/Фильтр Дата' is: '1, 2, 3 кв. 2024 года'

18-11-2024T02:51:39 - [MESSAGE][PASSED] - Text of object 'Object Repository/Выполнение бизнес-плана/Выполнение бизнес-плана Балансы/Фильтр Дата' is: '1, 2, 3 кв. 2024 года'

18-11-2024T02:51:39 - [TEST_STEP][PASSED] - m = m.substring(0, m.indexOf("2024")): null

18-11-2024T02:51:39 - [TEST_STEP][PASSED] - m = m.trim(): null

18-11-2024T02:51:39 - [TEST_STEP][PASSED] - dashboardName = "Выполнение бизнес-плана": null

18-11-2024T02:51:39 - [TEST_STEP][PASSED] - workbook01 = getWorkbook(excelFilePath): null

18-11-2024T02:51:39 - [TEST_STEP][PASSED] - sheet01 = getExcelSheet(workbook01, sheetName): null

18-11-2024T02:51:39 - [TEST_STEP][PASSED] - setValueToCellByIndex(sheet01, n, 0, dashboardName): null

18-11-2024T02:51:39 - [TEST_STEP][PASSED] - setValueToCellByIndex(sheet01, n, 1, dZO): null

18-11-2024T02:51:39 - [TEST_STEP][PASSED] - setValueToCellByIndex(sheet01, n, 2, typeOfData): null

18-11-2024T02:51:39 - [TEST_STEP][PASSED] - setValueToCellByIndex(sheet01, n, 3, typeOfData): null

18-11-2024T02:51:39 - [TEST_STEP][PASSED] - if (typeOfData == "План"): null

18-11-2024T02:51:39 - [TEST_STEP][PASSED] - else if (typeOfData == "Факт"): null

18-11-2024T02:51:39 - [TEST_STEP][PASSED] - else if (vidget.contains("электроэнергии") == true): null

18-11-2024T02:51:39 - [TEST_STEP][PASSED] - if (tabR == null): null

18-11-2024T02:51:39 - [TEST_STEP][PASSED] - else: null

18-11-2024T02:51:39 - [TEST_STEP][PASSED] - if (tabR == "нет данных"): null

18-11-2024T02:51:39 - [TEST_STEP][PASSED] - setValueToCellByIndex(sheet01, n, 4, "нет данных"): null

18-11-2024T02:51:39 - [TEST_STEP][PASSED] - if (tabB == null): null

18-11-2024T02:51:39 - [TEST_STEP][PASSED] - else: null

18-11-2024T02:51:39 - [TEST_STEP][PASSED] - if (tabB == "нет данных"): null

18-11-2024T02:51:39 - [TEST_STEP][PASSED] - else: null

18-11-2024T02:51:39 - [TEST_STEP][PASSED] - TB = tabB.toInteger(): null

18-11-2024T02:51:39 - [TEST_STEP][PASSED] - setValueToCellByIndex(sheet01, n, 5, TB): null

18-11-2024T02:51:39 - [TEST_STEP][PASSED] - setValueToCellByIndex(sheet01, n, 6, m): null

18-11-2024T02:51:39 - [TEST_STEP][PASSED] - setValueToCellByIndex(sheet01, n, 7, y): null

18-11-2024T02:51:39 - [TEST_STEP][PASSED] - setValueToCellByIndex(sheet01, n, 8, todaysDate): null

18-11-2024T02:51:39 - [TEST_STEP][PASSED] - n = n + 1: null

18-11-2024T02:51:39 - [TEST_STEP][PASSED] - saveWorkbook(excelFilePath, workbook01): null

18-11-2024T02:51:39 - [TEST_STEP][PASSED] - typeOfData = "План Потери": null

18-11-2024T02:51:39 - [TEST_STEP][PASSED] - tabR = GetPPlanR(x = a): null

18-11-2024T02:51:39 - [TEST_STEP][PASSED] - i1 = <not implemented yet for class: org.codehaus.groovy.ast.expr.EmptyExpression>: null

18-11-2024T02:51:39 - [TEST_STEP][PASSED] - ii = <not implemented yet for class: org.codehaus.groovy.ast.expr.EmptyExpression>: null

18-11-2024T02:51:39 - [TEST_STEP][PASSED] - for ([ii = 1, ii < 9, (ii++)]): null

18-11-2024T02:51:39 - [TEST_STEP][PASSED] - i1 = x.indexOf("/") + 1: null

18-11-2024T02:51:39 - [TEST_STEP][PASSED] - if (i1 > -1): null

18-11-2024T02:51:39 - [TEST_STEP][PASSED] - x = x.substring(i1, x.length()): null

18-11-2024T02:51:39 - [TEST_STEP][PASSED] - println(x): null

18-11-2024T02:51:39 - [TEST_STEP][PASSED] - i1 = x.indexOf("/") + 1: null

18-11-2024T02:51:39 - [TEST_STEP][PASSED] - if (i1 > -1): null

18-11-2024T02:51:39 - [TEST_STEP][PASSED] - x = x.substring(i1, x.length()): null

18-11-2024T02:51:39 - [TEST_STEP][PASSED] - println(x): null

18-11-2024T02:51:39 - [TEST_STEP][PASSED] - i1 = x.indexOf("/") + 1: null

18-11-2024T02:51:39 - [TEST_STEP][PASSED] - if (i1 > -1): null

18-11-2024T02:51:39 - [TEST_STEP][PASSED] - x = x.substring(i1, x.length()): null

18-11-2024T02:51:39 - [TEST_STEP][PASSED] - println(x): null

18-11-2024T02:51:39 - [TEST_STEP][PASSED] - i1 = x.indexOf("/") + 1: null

18-11-2024T02:51:39 - [TEST_STEP][PASSED] - if (i1 > -1): null

18-11-2024T02:51:39 - [TEST_STEP][PASSED] - x = x.substring(i1, x.length()): null

18-11-2024T02:51:39 - [TEST_STEP][PASSED] - println(x): null

18-11-2024T02:51:39 - [TEST_STEP][PASSED] - i1 = x.indexOf("/") + 1: null

18-11-2024T02:51:39 - [TEST_STEP][PASSED] - if (i1 > -1): null

18-11-2024T02:51:39 - [TEST_STEP][PASSED] - x = x.substring(i1, x.length()): null

18-11-2024T02:51:39 - [TEST_STEP][PASSED] - println(x): null

18-11-2024T02:51:39 - [TEST_STEP][PASSED] - i1 = x.indexOf("/") + 1: null

18-11-2024T02:51:39 - [TEST_STEP][PASSED] - if (i1 > -1): null

18-11-2024T02:51:39 - [TEST_STEP][PASSED] - x = x.substring(i1, x.length()): null

18-11-2024T02:51:39 - [TEST_STEP][PASSED] - println(x): null

18-11-2024T02:51:39 - [TEST_STEP][PASSED] - i1 = x.indexOf("/") + 1: null

18-11-2024T02:51:39 - [TEST_STEP][PASSED] - if (i1 > -1): null

18-11-2024T02:51:39 - [TEST_STEP][PASSED] - x = x.substring(i1, x.length()): null

18-11-2024T02:51:39 - [TEST_STEP][PASSED] - println(x): null

18-11-2024T02:51:39 - [TEST_STEP][PASSED] - i1 = x.indexOf("/") + 1: null

18-11-2024T02:51:39 - [TEST_STEP][PASSED] - if (i1 > -1): null

18-11-2024T02:51:39 - [TEST_STEP][PASSED] - x = x.substring(i1, x.length()): null

18-11-2024T02:51:39 - [TEST_STEP][PASSED] - println(x): null

18-11-2024T02:51:39 - [TEST_STEP][PASSED] - i1 = x.indexOf("/"): null

18-11-2024T02:51:39 - [TEST_STEP][PASSED] - if (i1 > -1): null

18-11-2024T02:51:39 - [TEST_STEP][PASSED] - x = x.substring(0, i1): null

18-11-2024T02:51:39 - [TEST_STEP][PASSED] - println(x): null

18-11-2024T02:51:39 - [TEST_STEP][PASSED] - return x: null

18-11-2024T02:51:39 - [TEST_STEP][PASSED] - tabB = GetPPlanB(x = b): null

18-11-2024T02:51:39 - [TEST_STEP][PASSED] - i1 = <not implemented yet for class: org.codehaus.groovy.ast.expr.EmptyExpression>: null

18-11-2024T02:51:39 - [TEST_STEP][PASSED] - ii = <not implemented yet for class: org.codehaus.groovy.ast.expr.EmptyExpression>: null

18-11-2024T02:51:39 - [TEST_STEP][PASSED] - for ([ii = 1, ii < 9, (ii++)]): null

18-11-2024T02:51:39 - [TEST_STEP][PASSED] - i1 = x.indexOf("/") + 1: null

18-11-2024T02:51:39 - [TEST_STEP][PASSED] - if (i1 > -1): null

18-11-2024T02:51:39 - [TEST_STEP][PASSED] - x = x.substring(i1, x.length()): null

18-11-2024T02:51:39 - [TEST_STEP][PASSED] - println(x): null

18-11-2024T02:51:39 - [TEST_STEP][PASSED] - i1 = x.indexOf("/") + 1: null

18-11-2024T02:51:39 - [TEST_STEP][PASSED] - if (i1 > -1): null

18-11-2024T02:51:39 - [TEST_STEP][PASSED] - x = x.substring(i1, x.length()): null

18-11-2024T02:51:39 - [TEST_STEP][PASSED] - println(x): null

18-11-2024T02:51:39 - [TEST_STEP][PASSED] - i1 = x.indexOf("/") + 1: null

18-11-2024T02:51:39 - [TEST_STEP][PASSED] - if (i1 > -1): null

18-11-2024T02:51:39 - [TEST_STEP][PASSED] - x = x.substring(i1, x.length()): null

18-11-2024T02:51:39 - [TEST_STEP][PASSED] - println(x): null

18-11-2024T02:51:39 - [TEST_STEP][PASSED] - i1 = x.indexOf("/") + 1: null

18-11-2024T02:51:39 - [TEST_STEP][PASSED] - if (i1 > -1): null

18-11-2024T02:51:39 - [TEST_STEP][PASSED] - x = x.substring(i1, x.length()): null

18-11-2024T02:51:39 - [TEST_STEP][PASSED] - println(x): null

18-11-2024T02:51:39 - [TEST_STEP][PASSED] - i1 = x.indexOf("/") + 1: null

18-11-2024T02:51:39 - [TEST_STEP][PASSED] - if (i1 > -1): null

18-11-2024T02:51:39 - [TEST_STEP][PASSED] - x = x.substring(i1, x.length()): null

18-11-2024T02:51:39 - [TEST_STEP][PASSED] - println(x): null

18-11-2024T02:51:39 - [TEST_STEP][PASSED] - i1 = x.indexOf("/") + 1: null

18-11-2024T02:51:39 - [TEST_STEP][PASSED] - if (i1 > -1): null

18-11-2024T02:51:39 - [TEST_STEP][PASSED] - x = x.substring(i1, x.length()): null

18-11-2024T02:51:39 - [TEST_STEP][PASSED] - println(x): null

18-11-2024T02:51:39 - [TEST_STEP][PASSED] - i1 = x.indexOf("/") + 1: null

18-11-2024T02:51:39 - [TEST_STEP][PASSED] - if (i1 > -1): null

18-11-2024T02:51:39 - [TEST_STEP][PASSED] - x = x.substring(i1, x.length()): null

18-11-2024T02:51:39 - [TEST_STEP][PASSED] - println(x): null

18-11-2024T02:51:39 - [TEST_STEP][PASSED] - i1 = x.indexOf("/") + 1: null

18-11-2024T02:51:39 - [TEST_STEP][PASSED] - if (i1 > -1): null

18-11-2024T02:51:39 - [TEST_STEP][PASSED] - x = x.substring(i1, x.length()): null

18-11-2024T02:51:39 - [TEST_STEP][PASSED] - println(x): null

18-11-2024T02:51:39 - [TEST_STEP][PASSED] - i1 = x.indexOf("/"): null

18-11-2024T02:51:39 - [TEST_STEP][PASSED] - if (i1 > -1): null

18-11-2024T02:51:39 - [TEST_STEP][PASSED] - x = x.substring(0, i1): null

18-11-2024T02:51:39 - [TEST_STEP][PASSED] - println(x): null

18-11-2024T02:51:39 - [TEST_STEP][FAILED] - return x: null

18-11-2024T02:51:39 - [TEST_STEP][PASSED] - println(tabR + "/" + tabB): null

18-11-2024T02:51:39 - [TEST_STEP][FAILED] - if (verifyEqual(PercFactR, PercFactB) == false): null

18-11-2024T02:51:39 - [MESSAGE][FAILED] - Unable to verify equal between actual object 'нет данных' and expected object '10.48' (Root cause: com.kms.katalon.core.exception.StepFailedException: Actual object 'нет данных' and expected object '10.48' are not equal
	at com.kms.katalon.core.keyword.builtin.VerifyEqualKeyword$_verifyEqual_closure1.doCall(VerifyEqualKeyword.groovy:58)
	at com.kms.katalon.core.keyword.builtin.VerifyEqualKeyword$_verifyEqual_closure1.call(VerifyEqualKeyword.groovy)
	at com.kms.katalon.core.keyword.internal.KeywordMain.runKeyword(KeywordMain.groovy:75)
	at com.kms.katalon.core.keyword.builtin.VerifyEqualKeyword.verifyEqual(VerifyEqualKeyword.groovy:63)
	at com.kms.katalon.core.keyword.builtin.VerifyEqualKeyword.execute(VerifyEqualKeyword.groovy:44)
	at com.kms.katalon.core.keyword.internal.KeywordExecutor.executeKeywordForPlatform(KeywordExecutor.groovy:74)
	at com.kms.katalon.core.keyword.BuiltinKeywords.verifyEqual(BuiltinKeywords.groovy:146)
	at jdk.internal.reflect.GeneratedMethodAccessor25.invoke(Unknown Source)
	at java.base/jdk.internal.reflect.DelegatingMethodAccessorImpl.invoke(DelegatingMethodAccessorImpl.java:43)
	at Выполнение бизнес-плана сверка дашбордов.CompareDZOData(Выполнение бизнес-плана сверка дашбордов:771)
	at Выполнение бизнес-плана сверка дашбордов.run(Выполнение бизнес-плана сверка дашбордов:608)
	at com.kms.katalon.core.main.ScriptEngine.run(ScriptEngine.java:194)
	at com.kms.katalon.core.main.ScriptEngine.runScriptAsRawText(ScriptEngine.java:119)
	at com.kms.katalon.core.main.TestCaseExecutor.runScript(TestCaseExecutor.java:448)
	at com.kms.katalon.core.main.TestCaseExecutor.doExecute(TestCaseExecutor.java:439)
	at com.kms.katalon.core.main.TestCaseExecutor.processExecutionPhase(TestCaseExecutor.java:418)
	at com.kms.katalon.core.main.TestCaseExecutor.accessMainPhase(TestCaseExecutor.java:410)
	at com.kms.katalon.core.main.TestCaseExecutor.execute(TestCaseExecutor.java:285)
	at com.kms.katalon.core.common.CommonExecutor.accessTestCaseMainPhase(CommonExecutor.java:65)
	at com.kms.katalon.core.main.TestSuiteExecutor.accessTestSuiteMainPhase(TestSuiteExecutor.java:150)
	at com.kms.katalon.core.main.TestSuiteExecutor.execute(TestSuiteExecutor.java:106)
	at com.kms.katalon.core.main.TestCaseMain.startTestSuite(TestCaseMain.java:180)
	at TempTestSuite1731886967590.run(TempTestSuite1731886967590.groovy:35)
	at java.base/jdk.internal.reflect.NativeMethodAccessorImpl.invoke0(Native Method)
	at java.base/jdk.internal.reflect.NativeMethodAccessorImpl.invoke(NativeMethodAccessorImpl.java:77)
	at java.base/jdk.internal.reflect.DelegatingMethodAccessorImpl.invoke(DelegatingMethodAccessorImpl.java:43)
)

18-11-2024T02:51:39 - [TEST_STEP][PASSED] - result = WriteToExcel(typeOfData, todaysDate, PercPlanR, PercPlanB, PercFactR, PercFactB, x, tabR, tabB, o1R, o1B, vidget): null

18-11-2024T02:51:39 - [TEST_STEP][PASSED] - iii = dZO.indexOf("/"): null

18-11-2024T02:51:39 - [TEST_STEP][PASSED] - println(iii): null

18-11-2024T02:51:39 - [TEST_STEP][PASSED] - dZO = dZO.substring(0, iii): null

18-11-2024T02:51:39 - [TEST_STEP][PASSED] - println(dZO): null

18-11-2024T02:51:39 - [TEST_STEP][PASSED] - println(PercPlanR): null

18-11-2024T02:51:39 - [TEST_STEP][PASSED] - println(PercPlanB): null

18-11-2024T02:51:39 - [TEST_STEP][PASSED] - println(PercFactR): null

18-11-2024T02:51:39 - [TEST_STEP][PASSED] - println(PercFactB): null

18-11-2024T02:51:39 - [TEST_STEP][PASSED] - println(tabR): null

18-11-2024T02:51:39 - [TEST_STEP][PASSED] - println(tabB): null

18-11-2024T02:51:39 - [TEST_STEP][PASSED] - println(o1R): null

18-11-2024T02:51:39 - [TEST_STEP][PASSED] - println(o1B): null

18-11-2024T02:51:39 - [TEST_STEP][PASSED] - PR = <not implemented yet for class: org.codehaus.groovy.ast.expr.EmptyExpression>: null

18-11-2024T02:51:39 - [TEST_STEP][PASSED] - FR = <not implemented yet for class: org.codehaus.groovy.ast.expr.EmptyExpression>: null

18-11-2024T02:51:39 - [TEST_STEP][PASSED] - PB = <not implemented yet for class: org.codehaus.groovy.ast.expr.EmptyExpression>: null

18-11-2024T02:51:39 - [TEST_STEP][PASSED] - FB = <not implemented yet for class: org.codehaus.groovy.ast.expr.EmptyExpression>: null

18-11-2024T02:51:39 - [TEST_STEP][PASSED] - TR = <not implemented yet for class: org.codehaus.groovy.ast.expr.EmptyExpression>: null

18-11-2024T02:51:39 - [TEST_STEP][PASSED] - TB = <not implemented yet for class: org.codehaus.groovy.ast.expr.EmptyExpression>: null

18-11-2024T02:51:39 - [TEST_STEP][PASSED] - sheetName = "Sheet1": null

18-11-2024T02:51:39 - [TEST_STEP][PASSED] - data = findTestData("PlanFact"): null

18-11-2024T02:51:39 - [TEST_STEP][PASSED] - n = data.getRowNumbers() + 1: null

18-11-2024T02:51:39 - [TEST_STEP][PASSED] - year = todaysDate.substring(todaysDate.length() - 4, todaysDate.length()): null

18-11-2024T02:51:39 - [TEST_STEP][PASSED] - y = year.toInteger(): null

18-11-2024T02:51:39 - [TEST_STEP][PASSED] - m = getText(findTestObject("Выполнение бизнес-плана/Выполнение бизнес-плана Балансы/Фильтр Дата")): Text of object 'Object Repository/Выполнение бизнес-плана/Выполнение бизнес-плана Балансы/Фильтр Дата' is: '1, 2, 3 кв. 2024 года'

18-11-2024T02:51:39 - [MESSAGE][PASSED] - Text of object 'Object Repository/Выполнение бизнес-плана/Выполнение бизнес-плана Балансы/Фильтр Дата' is: '1, 2, 3 кв. 2024 года'

18-11-2024T02:51:39 - [TEST_STEP][PASSED] - m = m.substring(0, m.indexOf("2024")): null

18-11-2024T02:51:39 - [TEST_STEP][PASSED] - m = m.trim(): null

18-11-2024T02:51:39 - [TEST_STEP][PASSED] - dashboardName = "Выполнение бизнес-плана": null

18-11-2024T02:51:39 - [TEST_STEP][PASSED] - workbook01 = getWorkbook(excelFilePath): null

18-11-2024T02:51:39 - [TEST_STEP][PASSED] - sheet01 = getExcelSheet(workbook01, sheetName): null

18-11-2024T02:51:39 - [TEST_STEP][PASSED] - setValueToCellByIndex(sheet01, n, 0, dashboardName): null

18-11-2024T02:51:39 - [TEST_STEP][PASSED] - setValueToCellByIndex(sheet01, n, 1, dZO): null

18-11-2024T02:51:39 - [TEST_STEP][PASSED] - setValueToCellByIndex(sheet01, n, 2, typeOfData): null

18-11-2024T02:51:39 - [TEST_STEP][PASSED] - setValueToCellByIndex(sheet01, n, 3, typeOfData): null

18-11-2024T02:51:39 - [TEST_STEP][PASSED] - if (typeOfData == "План"): null

18-11-2024T02:51:39 - [TEST_STEP][PASSED] - else if (typeOfData == "Факт"): null

18-11-2024T02:51:39 - [TEST_STEP][PASSED] - else if (vidget.contains("электроэнергии") == true): null

18-11-2024T02:51:39 - [TEST_STEP][PASSED] - if (tabR == null): null

18-11-2024T02:51:39 - [TEST_STEP][PASSED] - else: null

18-11-2024T02:51:39 - [TEST_STEP][PASSED] - if (tabR == "нет данных"): null

18-11-2024T02:51:39 - [TEST_STEP][PASSED] - setValueToCellByIndex(sheet01, n, 4, "нет данных"): null

18-11-2024T02:51:39 - [TEST_STEP][PASSED] - if (tabB == null): null

18-11-2024T02:51:39 - [TEST_STEP][PASSED] - else: null

18-11-2024T02:51:39 - [TEST_STEP][PASSED] - if (tabB == "нет данных"): null

18-11-2024T02:51:39 - [TEST_STEP][PASSED] - else: null

18-11-2024T02:51:39 - [TEST_STEP][PASSED] - TB = tabB.toInteger(): null

18-11-2024T02:51:39 - [TEST_STEP][PASSED] - setValueToCellByIndex(sheet01, n, 5, TB): null

18-11-2024T02:51:39 - [TEST_STEP][PASSED] - setValueToCellByIndex(sheet01, n, 6, m): null

18-11-2024T02:51:39 - [TEST_STEP][PASSED] - setValueToCellByIndex(sheet01, n, 7, y): null

18-11-2024T02:51:39 - [TEST_STEP][PASSED] - setValueToCellByIndex(sheet01, n, 8, todaysDate): null

18-11-2024T02:51:39 - [TEST_STEP][PASSED] - n = n + 1: null

18-11-2024T02:51:39 - [TEST_STEP][PASSED] - saveWorkbook(excelFilePath, workbook01): null

18-11-2024T02:51:40 - [TEST_STEP][PASSED] - ii2 = a.indexOf("ПАО"): null

18-11-2024T02:51:40 - [TEST_STEP][PASSED] - if (ii2 == -1): null

18-11-2024T02:51:40 - [TEST_STEP][PASSED] - vidget = "Отклонения фактического уровня потерь от бизнес-плана": null

18-11-2024T02:51:40 - [TEST_STEP][PASSED] - typeOfData = "Коэффициент": null

18-11-2024T02:51:40 - [TEST_STEP][PASSED] - o1R = Geto1R(x = a): null

18-11-2024T02:51:40 - [TEST_STEP][PASSED] - i1 = <not implemented yet for class: org.codehaus.groovy.ast.expr.EmptyExpression>: null

18-11-2024T02:51:40 - [TEST_STEP][PASSED] - ii = <not implemented yet for class: org.codehaus.groovy.ast.expr.EmptyExpression>: null

18-11-2024T02:51:40 - [TEST_STEP][PASSED] - for ([ii = 1, ii < 10, (ii++)]): null

18-11-2024T02:51:40 - [TEST_STEP][PASSED] - i1 = x.indexOf("/") + 1: null

18-11-2024T02:51:40 - [TEST_STEP][PASSED] - if (i1 > -1): null

18-11-2024T02:51:40 - [TEST_STEP][PASSED] - x = x.substring(i1, x.length()): null

18-11-2024T02:51:40 - [TEST_STEP][PASSED] - i1 = x.indexOf("/") + 1: null

18-11-2024T02:51:40 - [TEST_STEP][PASSED] - if (i1 > -1): null

18-11-2024T02:51:40 - [TEST_STEP][PASSED] - x = x.substring(i1, x.length()): null

18-11-2024T02:51:40 - [TEST_STEP][PASSED] - i1 = x.indexOf("/") + 1: null

18-11-2024T02:51:40 - [TEST_STEP][PASSED] - if (i1 > -1): null

18-11-2024T02:51:40 - [TEST_STEP][PASSED] - x = x.substring(i1, x.length()): null

18-11-2024T02:51:40 - [TEST_STEP][PASSED] - i1 = x.indexOf("/") + 1: null

18-11-2024T02:51:40 - [TEST_STEP][PASSED] - if (i1 > -1): null

18-11-2024T02:51:40 - [TEST_STEP][PASSED] - x = x.substring(i1, x.length()): null

18-11-2024T02:51:40 - [TEST_STEP][PASSED] - i1 = x.indexOf("/") + 1: null

18-11-2024T02:51:40 - [TEST_STEP][PASSED] - if (i1 > -1): null

18-11-2024T02:51:40 - [TEST_STEP][PASSED] - x = x.substring(i1, x.length()): null

18-11-2024T02:51:40 - [TEST_STEP][PASSED] - i1 = x.indexOf("/") + 1: null

18-11-2024T02:51:40 - [TEST_STEP][PASSED] - if (i1 > -1): null

18-11-2024T02:51:40 - [TEST_STEP][PASSED] - x = x.substring(i1, x.length()): null

18-11-2024T02:51:40 - [TEST_STEP][PASSED] - i1 = x.indexOf("/") + 1: null

18-11-2024T02:51:40 - [TEST_STEP][PASSED] - if (i1 > -1): null

18-11-2024T02:51:40 - [TEST_STEP][PASSED] - x = x.substring(i1, x.length()): null

18-11-2024T02:51:40 - [TEST_STEP][PASSED] - i1 = x.indexOf("/") + 1: null

18-11-2024T02:51:40 - [TEST_STEP][PASSED] - if (i1 > -1): null

18-11-2024T02:51:40 - [TEST_STEP][PASSED] - x = x.substring(i1, x.length()): null

18-11-2024T02:51:40 - [TEST_STEP][PASSED] - i1 = x.indexOf("/") + 1: null

18-11-2024T02:51:40 - [TEST_STEP][PASSED] - if (i1 > -1): null

18-11-2024T02:51:40 - [TEST_STEP][PASSED] - x = x.substring(i1, x.length()): null

18-11-2024T02:51:40 - [TEST_STEP][PASSED] - i1 = x.indexOf("/"): null

18-11-2024T02:51:40 - [TEST_STEP][PASSED] - if (i1 > -1): null

18-11-2024T02:51:40 - [TEST_STEP][PASSED] - println(x): null

18-11-2024T02:51:40 - [TEST_STEP][PASSED] - return x: null

18-11-2024T02:51:40 - [TEST_STEP][PASSED] - o1B = Geto1B(x = b): null

18-11-2024T02:51:40 - [TEST_STEP][PASSED] - i1 = <not implemented yet for class: org.codehaus.groovy.ast.expr.EmptyExpression>: null

18-11-2024T02:51:40 - [TEST_STEP][PASSED] - ii = <not implemented yet for class: org.codehaus.groovy.ast.expr.EmptyExpression>: null

18-11-2024T02:51:40 - [TEST_STEP][PASSED] - for ([ii = 1, ii < 10, (ii++)]): null

18-11-2024T02:51:40 - [TEST_STEP][PASSED] - i1 = x.indexOf("/") + 1: null

18-11-2024T02:51:40 - [TEST_STEP][PASSED] - if (i1 > -1): null

18-11-2024T02:51:40 - [TEST_STEP][PASSED] - x = x.substring(i1, x.length()): null

18-11-2024T02:51:40 - [TEST_STEP][PASSED] - i1 = x.indexOf("/") + 1: null

18-11-2024T02:51:40 - [TEST_STEP][PASSED] - if (i1 > -1): null

18-11-2024T02:51:40 - [TEST_STEP][PASSED] - x = x.substring(i1, x.length()): null

18-11-2024T02:51:40 - [TEST_STEP][PASSED] - i1 = x.indexOf("/") + 1: null

18-11-2024T02:51:40 - [TEST_STEP][PASSED] - if (i1 > -1): null

18-11-2024T02:51:40 - [TEST_STEP][PASSED] - x = x.substring(i1, x.length()): null

18-11-2024T02:51:40 - [TEST_STEP][PASSED] - i1 = x.indexOf("/") + 1: null

18-11-2024T02:51:40 - [TEST_STEP][PASSED] - if (i1 > -1): null

18-11-2024T02:51:40 - [TEST_STEP][PASSED] - x = x.substring(i1, x.length()): null

18-11-2024T02:51:40 - [TEST_STEP][PASSED] - i1 = x.indexOf("/") + 1: null

18-11-2024T02:51:40 - [TEST_STEP][PASSED] - if (i1 > -1): null

18-11-2024T02:51:40 - [TEST_STEP][PASSED] - x = x.substring(i1, x.length()): null

18-11-2024T02:51:40 - [TEST_STEP][PASSED] - i1 = x.indexOf("/") + 1: null

18-11-2024T02:51:40 - [TEST_STEP][PASSED] - if (i1 > -1): null

18-11-2024T02:51:40 - [TEST_STEP][PASSED] - x = x.substring(i1, x.length()): null

18-11-2024T02:51:40 - [TEST_STEP][PASSED] - i1 = x.indexOf("/") + 1: null

18-11-2024T02:51:40 - [TEST_STEP][PASSED] - if (i1 > -1): null

18-11-2024T02:51:40 - [TEST_STEP][PASSED] - x = x.substring(i1, x.length()): null

18-11-2024T02:51:40 - [TEST_STEP][PASSED] - i1 = x.indexOf("/") + 1: null

18-11-2024T02:51:40 - [TEST_STEP][PASSED] - if (i1 > -1): null

18-11-2024T02:51:40 - [TEST_STEP][PASSED] - x = x.substring(i1, x.length()): null

18-11-2024T02:51:40 - [TEST_STEP][PASSED] - i1 = x.indexOf("/") + 1: null

18-11-2024T02:51:40 - [TEST_STEP][PASSED] - if (i1 > -1): null

18-11-2024T02:51:40 - [TEST_STEP][PASSED] - x = x.substring(i1, x.length()): null

18-11-2024T02:51:40 - [TEST_STEP][PASSED] - i1 = x.indexOf("/"): null

18-11-2024T02:51:40 - [TEST_STEP][PASSED] - if (i1 > -1): null

18-11-2024T02:51:40 - [TEST_STEP][PASSED] - println(x): null

18-11-2024T02:51:40 - [TEST_STEP][FAILED] - return x: null

18-11-2024T02:51:40 - [TEST_STEP][PASSED] - println(o1R + "/" + o1B): null

18-11-2024T02:51:40 - [TEST_STEP][FAILED] - if (verifyEqual(PercFactR, PercFactB) == false): null

18-11-2024T02:51:40 - [MESSAGE][FAILED] - Unable to verify equal between actual object 'нет данных' and expected object '10.48' (Root cause: com.kms.katalon.core.exception.StepFailedException: Actual object 'нет данных' and expected object '10.48' are not equal
	at com.kms.katalon.core.keyword.builtin.VerifyEqualKeyword$_verifyEqual_closure1.doCall(VerifyEqualKeyword.groovy:58)
	at com.kms.katalon.core.keyword.builtin.VerifyEqualKeyword$_verifyEqual_closure1.call(VerifyEqualKeyword.groovy)
	at com.kms.katalon.core.keyword.internal.KeywordMain.runKeyword(KeywordMain.groovy:75)
	at com.kms.katalon.core.keyword.builtin.VerifyEqualKeyword.verifyEqual(VerifyEqualKeyword.groovy:63)
	at com.kms.katalon.core.keyword.builtin.VerifyEqualKeyword.execute(VerifyEqualKeyword.groovy:44)
	at com.kms.katalon.core.keyword.internal.KeywordExecutor.executeKeywordForPlatform(KeywordExecutor.groovy:74)
	at com.kms.katalon.core.keyword.BuiltinKeywords.verifyEqual(BuiltinKeywords.groovy:146)
	at jdk.internal.reflect.GeneratedMethodAccessor25.invoke(Unknown Source)
	at java.base/jdk.internal.reflect.DelegatingMethodAccessorImpl.invoke(DelegatingMethodAccessorImpl.java:43)
	at Выполнение бизнес-плана сверка дашбордов.CompareDZOData(Выполнение бизнес-плана сверка дашбордов:789)
	at Выполнение бизнес-плана сверка дашбордов.run(Выполнение бизнес-плана сверка дашбордов:608)
	at com.kms.katalon.core.main.ScriptEngine.run(ScriptEngine.java:194)
	at com.kms.katalon.core.main.ScriptEngine.runScriptAsRawText(ScriptEngine.java:119)
	at com.kms.katalon.core.main.TestCaseExecutor.runScript(TestCaseExecutor.java:448)
	at com.kms.katalon.core.main.TestCaseExecutor.doExecute(TestCaseExecutor.java:439)
	at com.kms.katalon.core.main.TestCaseExecutor.processExecutionPhase(TestCaseExecutor.java:418)
	at com.kms.katalon.core.main.TestCaseExecutor.accessMainPhase(TestCaseExecutor.java:410)
	at com.kms.katalon.core.main.TestCaseExecutor.execute(TestCaseExecutor.java:285)
	at com.kms.katalon.core.common.CommonExecutor.accessTestCaseMainPhase(CommonExecutor.java:65)
	at com.kms.katalon.core.main.TestSuiteExecutor.accessTestSuiteMainPhase(TestSuiteExecutor.java:150)
	at com.kms.katalon.core.main.TestSuiteExecutor.execute(TestSuiteExecutor.java:106)
	at com.kms.katalon.core.main.TestCaseMain.startTestSuite(TestCaseMain.java:180)
	at TempTestSuite1731886967590.run(TempTestSuite1731886967590.groovy:35)
	at java.base/jdk.internal.reflect.NativeMethodAccessorImpl.invoke0(Native Method)
	at java.base/jdk.internal.reflect.NativeMethodAccessorImpl.invoke(NativeMethodAccessorImpl.java:77)
	at java.base/jdk.internal.reflect.DelegatingMethodAccessorImpl.invoke(DelegatingMethodAccessorImpl.java:43)
)

18-11-2024T02:51:40 - [TEST_STEP][PASSED] - result = WriteToExcel(typeOfData, todaysDate, PercPlanR, PercPlanB, PercFactR, PercFactB, x, tabR, tabB, o1R, o1B, vidget): null

18-11-2024T02:51:40 - [TEST_STEP][PASSED] - iii = dZO.indexOf("/"): null

18-11-2024T02:51:40 - [TEST_STEP][PASSED] - println(iii): null

18-11-2024T02:51:40 - [TEST_STEP][PASSED] - dZO = dZO.substring(0, iii): null

18-11-2024T02:51:40 - [TEST_STEP][PASSED] - println(dZO): null

18-11-2024T02:51:40 - [TEST_STEP][PASSED] - println(PercPlanR): null

18-11-2024T02:51:40 - [TEST_STEP][PASSED] - println(PercPlanB): null

18-11-2024T02:51:40 - [TEST_STEP][PASSED] - println(PercFactR): null

18-11-2024T02:51:40 - [TEST_STEP][PASSED] - println(PercFactB): null

18-11-2024T02:51:40 - [TEST_STEP][PASSED] - println(tabR): null

18-11-2024T02:51:40 - [TEST_STEP][PASSED] - println(tabB): null

18-11-2024T02:51:40 - [TEST_STEP][PASSED] - println(o1R): null

18-11-2024T02:51:40 - [TEST_STEP][PASSED] - println(o1B): null

18-11-2024T02:51:40 - [TEST_STEP][PASSED] - PR = <not implemented yet for class: org.codehaus.groovy.ast.expr.EmptyExpression>: null

18-11-2024T02:51:40 - [TEST_STEP][PASSED] - FR = <not implemented yet for class: org.codehaus.groovy.ast.expr.EmptyExpression>: null

18-11-2024T02:51:40 - [TEST_STEP][PASSED] - PB = <not implemented yet for class: org.codehaus.groovy.ast.expr.EmptyExpression>: null

18-11-2024T02:51:40 - [TEST_STEP][PASSED] - FB = <not implemented yet for class: org.codehaus.groovy.ast.expr.EmptyExpression>: null

18-11-2024T02:51:40 - [TEST_STEP][PASSED] - TR = <not implemented yet for class: org.codehaus.groovy.ast.expr.EmptyExpression>: null

18-11-2024T02:51:40 - [TEST_STEP][PASSED] - TB = <not implemented yet for class: org.codehaus.groovy.ast.expr.EmptyExpression>: null

18-11-2024T02:51:40 - [TEST_STEP][PASSED] - sheetName = "Sheet1": null

18-11-2024T02:51:40 - [TEST_STEP][PASSED] - data = findTestData("PlanFact"): null

18-11-2024T02:51:40 - [TEST_STEP][PASSED] - n = data.getRowNumbers() + 1: null

18-11-2024T02:51:40 - [TEST_STEP][PASSED] - year = todaysDate.substring(todaysDate.length() - 4, todaysDate.length()): null

18-11-2024T02:51:40 - [TEST_STEP][PASSED] - y = year.toInteger(): null

18-11-2024T02:51:40 - [TEST_STEP][PASSED] - m = getText(findTestObject("Выполнение бизнес-плана/Выполнение бизнес-плана Балансы/Фильтр Дата")): Text of object 'Object Repository/Выполнение бизнес-плана/Выполнение бизнес-плана Балансы/Фильтр Дата' is: '1, 2, 3 кв. 2024 года'

18-11-2024T02:51:40 - [MESSAGE][PASSED] - Text of object 'Object Repository/Выполнение бизнес-плана/Выполнение бизнес-плана Балансы/Фильтр Дата' is: '1, 2, 3 кв. 2024 года'

18-11-2024T02:51:40 - [TEST_STEP][PASSED] - m = m.substring(0, m.indexOf("2024")): null

18-11-2024T02:51:40 - [TEST_STEP][PASSED] - m = m.trim(): null

18-11-2024T02:51:40 - [TEST_STEP][PASSED] - dashboardName = "Выполнение бизнес-плана": null

18-11-2024T02:51:40 - [TEST_STEP][PASSED] - workbook01 = getWorkbook(excelFilePath): null

18-11-2024T02:51:40 - [TEST_STEP][PASSED] - sheet01 = getExcelSheet(workbook01, sheetName): null

18-11-2024T02:51:40 - [TEST_STEP][PASSED] - setValueToCellByIndex(sheet01, n, 0, dashboardName): null

18-11-2024T02:51:40 - [TEST_STEP][PASSED] - setValueToCellByIndex(sheet01, n, 1, dZO): null

18-11-2024T02:51:40 - [TEST_STEP][PASSED] - setValueToCellByIndex(sheet01, n, 2, typeOfData): null

18-11-2024T02:51:40 - [TEST_STEP][PASSED] - setValueToCellByIndex(sheet01, n, 3, typeOfData): null

18-11-2024T02:51:40 - [TEST_STEP][PASSED] - if (typeOfData == "План"): null

18-11-2024T02:51:40 - [TEST_STEP][PASSED] - else if (typeOfData == "Факт"): null

18-11-2024T02:51:40 - [TEST_STEP][PASSED] - else if (vidget.contains("электроэнергии") == true): null

18-11-2024T02:51:40 - [TEST_STEP][PASSED] - else: null

18-11-2024T02:51:40 - [TEST_STEP][PASSED] - if (o1R == null): null

18-11-2024T02:51:40 - [TEST_STEP][PASSED] - else: null

18-11-2024T02:51:40 - [TEST_STEP][PASSED] - if (o1R == "нет данных"): null

18-11-2024T02:51:40 - [TEST_STEP][PASSED] - setValueToCellByIndex(sheet01, n, 4, "нет данных"): null

18-11-2024T02:51:40 - [TEST_STEP][PASSED] - if (o1B == null): null

18-11-2024T02:51:40 - [TEST_STEP][PASSED] - else: null

18-11-2024T02:51:40 - [TEST_STEP][PASSED] - if (o1B == "нет данных"): null

18-11-2024T02:51:40 - [TEST_STEP][PASSED] - else: null

18-11-2024T02:51:40 - [TEST_STEP][PASSED] - FB = o1B.toDouble(): null

18-11-2024T02:51:40 - [TEST_STEP][PASSED] - setValueToCellByIndex(sheet01, n, 5, FB): null

18-11-2024T02:51:40 - [TEST_STEP][PASSED] - setValueToCellByIndex(sheet01, n, 6, m): null

18-11-2024T02:51:40 - [TEST_STEP][PASSED] - setValueToCellByIndex(sheet01, n, 7, y): null

18-11-2024T02:51:40 - [TEST_STEP][PASSED] - setValueToCellByIndex(sheet01, n, 8, todaysDate): null

18-11-2024T02:51:40 - [TEST_STEP][PASSED] - n = n + 1: null

18-11-2024T02:51:40 - [TEST_STEP][FAILED] - saveWorkbook(excelFilePath, workbook01): null

18-11-2024T02:51:40 - [TEST_STEP][FAILED] - if (verifyEqual(mR, mB) == false): null

18-11-2024T02:51:40 - [MESSAGE][FAILED] - Unable to verify equal between actual object 'Россети Московский регион/нет данных/нет данных/нет данных/нет данных/нет данных/нет данных/нет данных/нет данных/нет данных' and expected object 'Россети Московский регион/7.12/7.11/75719728/70334816/5384911/72365637/67212373/5153264/-0.01' (Root cause: com.kms.katalon.core.exception.StepFailedException: Actual object 'Россети Московский регион/нет данных/нет данных/нет данных/нет данных/нет данных/нет данных/нет данных/нет данных/нет данных' and expected object 'Россети Московский регион/7.12/7.11/75719728/70334816/5384911/72365637/67212373/5153264/-0.01' are not equal
	at com.kms.katalon.core.keyword.builtin.VerifyEqualKeyword$_verifyEqual_closure1.doCall(VerifyEqualKeyword.groovy:58)
	at com.kms.katalon.core.keyword.builtin.VerifyEqualKeyword$_verifyEqual_closure1.call(VerifyEqualKeyword.groovy)
	at com.kms.katalon.core.keyword.internal.KeywordMain.runKeyword(KeywordMain.groovy:75)
	at com.kms.katalon.core.keyword.builtin.VerifyEqualKeyword.verifyEqual(VerifyEqualKeyword.groovy:63)
	at com.kms.katalon.core.keyword.builtin.VerifyEqualKeyword.execute(VerifyEqualKeyword.groovy:44)
	at com.kms.katalon.core.keyword.internal.KeywordExecutor.executeKeywordForPlatform(KeywordExecutor.groovy:74)
	at com.kms.katalon.core.keyword.BuiltinKeywords.verifyEqual(BuiltinKeywords.groovy:146)
	at jdk.internal.reflect.GeneratedMethodAccessor25.invoke(Unknown Source)
	at java.base/jdk.internal.reflect.DelegatingMethodAccessorImpl.invoke(DelegatingMethodAccessorImpl.java:43)
	at Выполнение бизнес-плана сверка дашбордов.run(Выполнение бизнес-плана сверка дашбордов:612)
	at com.kms.katalon.core.main.ScriptEngine.run(ScriptEngine.java:194)
	at com.kms.katalon.core.main.ScriptEngine.runScriptAsRawText(ScriptEngine.java:119)
	at com.kms.katalon.core.main.TestCaseExecutor.runScript(TestCaseExecutor.java:448)
	at com.kms.katalon.core.main.TestCaseExecutor.doExecute(TestCaseExecutor.java:439)
	at com.kms.katalon.core.main.TestCaseExecutor.processExecutionPhase(TestCaseExecutor.java:418)
	at com.kms.katalon.core.main.TestCaseExecutor.accessMainPhase(TestCaseExecutor.java:410)
	at com.kms.katalon.core.main.TestCaseExecutor.execute(TestCaseExecutor.java:285)
	at com.kms.katalon.core.common.CommonExecutor.accessTestCaseMainPhase(CommonExecutor.java:65)
	at com.kms.katalon.core.main.TestSuiteExecutor.accessTestSuiteMainPhase(TestSuiteExecutor.java:150)
	at com.kms.katalon.core.main.TestSuiteExecutor.execute(TestSuiteExecutor.java:106)
	at com.kms.katalon.core.main.TestCaseMain.startTestSuite(TestCaseMain.java:180)
	at TempTestSuite1731886967590.run(TempTestSuite1731886967590.groovy:35)
	at java.base/jdk.internal.reflect.NativeMethodAccessorImpl.invoke0(Native Method)
	at java.base/jdk.internal.reflect.NativeMethodAccessorImpl.invoke(NativeMethodAccessorImpl.java:77)
	at java.base/jdk.internal.reflect.DelegatingMethodAccessorImpl.invoke(DelegatingMethodAccessorImpl.java:43)
)

18-11-2024T02:51:40 - [TEST_STEP][PASSED] - result = CompareDZOData(a = mR, b = mB, dZO, typeOfData, PercPlanR, PercPlanB, PercFactR, PercFactB, todaysDate, x, vidget, tabR, tabB, o1R, o1B): null

18-11-2024T02:51:40 - [TEST_STEP][PASSED] - ii2 = <not implemented yet for class: org.codehaus.groovy.ast.expr.EmptyExpression>: null

18-11-2024T02:51:40 - [TEST_STEP][FAILED] - if (verifyEqual(a, b) == false): null

18-11-2024T02:51:40 - [MESSAGE][FAILED] - Unable to verify equal between actual object 'Россети Московский регион/нет данных/нет данных/нет данных/нет данных/нет данных/нет данных/нет данных/нет данных/нет данных' and expected object 'Россети Московский регион/7.12/7.11/75719728/70334816/5384911/72365637/67212373/5153264/-0.01' (Root cause: com.kms.katalon.core.exception.StepFailedException: Actual object 'Россети Московский регион/нет данных/нет данных/нет данных/нет данных/нет данных/нет данных/нет данных/нет данных/нет данных' and expected object 'Россети Московский регион/7.12/7.11/75719728/70334816/5384911/72365637/67212373/5153264/-0.01' are not equal
	at com.kms.katalon.core.keyword.builtin.VerifyEqualKeyword$_verifyEqual_closure1.doCall(VerifyEqualKeyword.groovy:58)
	at com.kms.katalon.core.keyword.builtin.VerifyEqualKeyword$_verifyEqual_closure1.call(VerifyEqualKeyword.groovy)
	at com.kms.katalon.core.keyword.internal.KeywordMain.runKeyword(KeywordMain.groovy:75)
	at com.kms.katalon.core.keyword.builtin.VerifyEqualKeyword.verifyEqual(VerifyEqualKeyword.groovy:63)
	at com.kms.katalon.core.keyword.builtin.VerifyEqualKeyword.execute(VerifyEqualKeyword.groovy:44)
	at com.kms.katalon.core.keyword.internal.KeywordExecutor.executeKeywordForPlatform(KeywordExecutor.groovy:74)
	at com.kms.katalon.core.keyword.BuiltinKeywords.verifyEqual(BuiltinKeywords.groovy:146)
	at jdk.internal.reflect.GeneratedMethodAccessor25.invoke(Unknown Source)
	at java.base/jdk.internal.reflect.DelegatingMethodAccessorImpl.invoke(DelegatingMethodAccessorImpl.java:43)
	at Выполнение бизнес-плана сверка дашбордов.CompareDZOData(Выполнение бизнес-плана сверка дашбордов:673)
	at Выполнение бизнес-плана сверка дашбордов.run(Выполнение бизнес-плана сверка дашбордов:613)
	at com.kms.katalon.core.main.ScriptEngine.run(ScriptEngine.java:194)
	at com.kms.katalon.core.main.ScriptEngine.runScriptAsRawText(ScriptEngine.java:119)
	at com.kms.katalon.core.main.TestCaseExecutor.runScript(TestCaseExecutor.java:448)
	at com.kms.katalon.core.main.TestCaseExecutor.doExecute(TestCaseExecutor.java:439)
	at com.kms.katalon.core.main.TestCaseExecutor.processExecutionPhase(TestCaseExecutor.java:418)
	at com.kms.katalon.core.main.TestCaseExecutor.accessMainPhase(TestCaseExecutor.java:410)
	at com.kms.katalon.core.main.TestCaseExecutor.execute(TestCaseExecutor.java:285)
	at com.kms.katalon.core.common.CommonExecutor.accessTestCaseMainPhase(CommonExecutor.java:65)
	at com.kms.katalon.core.main.TestSuiteExecutor.accessTestSuiteMainPhase(TestSuiteExecutor.java:150)
	at com.kms.katalon.core.main.TestSuiteExecutor.execute(TestSuiteExecutor.java:106)
	at com.kms.katalon.core.main.TestCaseMain.startTestSuite(TestCaseMain.java:180)
	at TempTestSuite1731886967590.run(TempTestSuite1731886967590.groovy:35)
	at java.base/jdk.internal.reflect.NativeMethodAccessorImpl.invoke0(Native Method)
	at java.base/jdk.internal.reflect.NativeMethodAccessorImpl.invoke(NativeMethodAccessorImpl.java:77)
	at java.base/jdk.internal.reflect.DelegatingMethodAccessorImpl.invoke(DelegatingMethodAccessorImpl.java:43)
)

18-11-2024T02:51:40 - [TEST_STEP][PASSED] - vidget = "Уровень потерь электроэнергии": null

18-11-2024T02:51:40 - [TEST_STEP][PASSED] - typeOfData = "План": null

18-11-2024T02:51:40 - [TEST_STEP][PASSED] - PercPlanR = GetPercPlanR(x = a): null

18-11-2024T02:51:40 - [TEST_STEP][PASSED] - i1 = <not implemented yet for class: org.codehaus.groovy.ast.expr.EmptyExpression>: null

18-11-2024T02:51:40 - [TEST_STEP][PASSED] - i1 = x.indexOf("/") + 1: null

18-11-2024T02:51:40 - [TEST_STEP][PASSED] - if (i1 > -1): null

18-11-2024T02:51:40 - [TEST_STEP][PASSED] - x = x.substring(i1, x.length()): null

18-11-2024T02:51:40 - [TEST_STEP][PASSED] - i1 = x.indexOf("/"): null

18-11-2024T02:51:40 - [TEST_STEP][PASSED] - if (i1 > -1): null

18-11-2024T02:51:40 - [TEST_STEP][PASSED] - x = x.substring(0, i1): null

18-11-2024T02:51:40 - [TEST_STEP][PASSED] - return x: null

18-11-2024T02:51:40 - [TEST_STEP][PASSED] - PercPlanB = GetPercPlanB(x = b): null

18-11-2024T02:51:40 - [TEST_STEP][PASSED] - i1 = <not implemented yet for class: org.codehaus.groovy.ast.expr.EmptyExpression>: null

18-11-2024T02:51:40 - [TEST_STEP][PASSED] - i1 = x.indexOf("/") + 1: null

18-11-2024T02:51:40 - [TEST_STEP][PASSED] - if (i1 > -1): null

18-11-2024T02:51:40 - [TEST_STEP][PASSED] - x = x.substring(i1, x.length()): null

18-11-2024T02:51:40 - [TEST_STEP][PASSED] - i1 = x.indexOf("/"): null

18-11-2024T02:51:40 - [TEST_STEP][PASSED] - if (i1 > -1): null

18-11-2024T02:51:40 - [TEST_STEP][PASSED] - x = x.substring(0, i1): null

18-11-2024T02:51:40 - [TEST_STEP][FAILED] - return x: null

18-11-2024T02:51:40 - [TEST_STEP][FAILED] - if (verifyEqual(PercPlanR, PercPlanB) == false): null

18-11-2024T02:51:40 - [MESSAGE][FAILED] - Unable to verify equal between actual object 'нет данных' and expected object '7.12' (Root cause: com.kms.katalon.core.exception.StepFailedException: Actual object 'нет данных' and expected object '7.12' are not equal
	at com.kms.katalon.core.keyword.builtin.VerifyEqualKeyword$_verifyEqual_closure1.doCall(VerifyEqualKeyword.groovy:58)
	at com.kms.katalon.core.keyword.builtin.VerifyEqualKeyword$_verifyEqual_closure1.call(VerifyEqualKeyword.groovy)
	at com.kms.katalon.core.keyword.internal.KeywordMain.runKeyword(KeywordMain.groovy:75)
	at com.kms.katalon.core.keyword.builtin.VerifyEqualKeyword.verifyEqual(VerifyEqualKeyword.groovy:63)
	at com.kms.katalon.core.keyword.builtin.VerifyEqualKeyword.execute(VerifyEqualKeyword.groovy:44)
	at com.kms.katalon.core.keyword.internal.KeywordExecutor.executeKeywordForPlatform(KeywordExecutor.groovy:74)
	at com.kms.katalon.core.keyword.BuiltinKeywords.verifyEqual(BuiltinKeywords.groovy:146)
	at jdk.internal.reflect.GeneratedMethodAccessor25.invoke(Unknown Source)
	at java.base/jdk.internal.reflect.DelegatingMethodAccessorImpl.invoke(DelegatingMethodAccessorImpl.java:43)
	at Выполнение бизнес-плана сверка дашбордов.CompareDZOData(Выполнение бизнес-плана сверка дашбордов:682)
	at Выполнение бизнес-плана сверка дашбордов.run(Выполнение бизнес-плана сверка дашбордов:613)
	at com.kms.katalon.core.main.ScriptEngine.run(ScriptEngine.java:194)
	at com.kms.katalon.core.main.ScriptEngine.runScriptAsRawText(ScriptEngine.java:119)
	at com.kms.katalon.core.main.TestCaseExecutor.runScript(TestCaseExecutor.java:448)
	at com.kms.katalon.core.main.TestCaseExecutor.doExecute(TestCaseExecutor.java:439)
	at com.kms.katalon.core.main.TestCaseExecutor.processExecutionPhase(TestCaseExecutor.java:418)
	at com.kms.katalon.core.main.TestCaseExecutor.accessMainPhase(TestCaseExecutor.java:410)
	at com.kms.katalon.core.main.TestCaseExecutor.execute(TestCaseExecutor.java:285)
	at com.kms.katalon.core.common.CommonExecutor.accessTestCaseMainPhase(CommonExecutor.java:65)
	at com.kms.katalon.core.main.TestSuiteExecutor.accessTestSuiteMainPhase(TestSuiteExecutor.java:150)
	at com.kms.katalon.core.main.TestSuiteExecutor.execute(TestSuiteExecutor.java:106)
	at com.kms.katalon.core.main.TestCaseMain.startTestSuite(TestCaseMain.java:180)
	at TempTestSuite1731886967590.run(TempTestSuite1731886967590.groovy:35)
	at java.base/jdk.internal.reflect.NativeMethodAccessorImpl.invoke0(Native Method)
	at java.base/jdk.internal.reflect.NativeMethodAccessorImpl.invoke(NativeMethodAccessorImpl.java:77)
	at java.base/jdk.internal.reflect.DelegatingMethodAccessorImpl.invoke(DelegatingMethodAccessorImpl.java:43)
)

18-11-2024T02:51:40 - [TEST_STEP][PASSED] - result = WriteToExcel(typeOfData, todaysDate, PercPlanR, PercPlanB, PercFactR, PercFactB, x, tabR, tabB, o1R, o1B, vidget): null

18-11-2024T02:51:40 - [TEST_STEP][PASSED] - iii = dZO.indexOf("/"): null

18-11-2024T02:51:40 - [TEST_STEP][PASSED] - println(iii): null

18-11-2024T02:51:40 - [TEST_STEP][PASSED] - dZO = dZO.substring(0, iii): null

18-11-2024T02:51:40 - [TEST_STEP][PASSED] - println(dZO): null

18-11-2024T02:51:40 - [TEST_STEP][PASSED] - println(PercPlanR): null

18-11-2024T02:51:40 - [TEST_STEP][PASSED] - println(PercPlanB): null

18-11-2024T02:51:40 - [TEST_STEP][PASSED] - println(PercFactR): null

18-11-2024T02:51:40 - [TEST_STEP][PASSED] - println(PercFactB): null

18-11-2024T02:51:40 - [TEST_STEP][PASSED] - println(tabR): null

18-11-2024T02:51:40 - [TEST_STEP][PASSED] - println(tabB): null

18-11-2024T02:51:40 - [TEST_STEP][PASSED] - println(o1R): null

18-11-2024T02:51:40 - [TEST_STEP][PASSED] - println(o1B): null

18-11-2024T02:51:40 - [TEST_STEP][PASSED] - PR = <not implemented yet for class: org.codehaus.groovy.ast.expr.EmptyExpression>: null

18-11-2024T02:51:40 - [TEST_STEP][PASSED] - FR = <not implemented yet for class: org.codehaus.groovy.ast.expr.EmptyExpression>: null

18-11-2024T02:51:40 - [TEST_STEP][PASSED] - PB = <not implemented yet for class: org.codehaus.groovy.ast.expr.EmptyExpression>: null

18-11-2024T02:51:40 - [TEST_STEP][PASSED] - FB = <not implemented yet for class: org.codehaus.groovy.ast.expr.EmptyExpression>: null

18-11-2024T02:51:40 - [TEST_STEP][PASSED] - TR = <not implemented yet for class: org.codehaus.groovy.ast.expr.EmptyExpression>: null

18-11-2024T02:51:40 - [TEST_STEP][PASSED] - TB = <not implemented yet for class: org.codehaus.groovy.ast.expr.EmptyExpression>: null

18-11-2024T02:51:40 - [TEST_STEP][PASSED] - sheetName = "Sheet1": null

18-11-2024T02:51:40 - [TEST_STEP][PASSED] - data = findTestData("PlanFact"): null

18-11-2024T02:51:40 - [TEST_STEP][PASSED] - n = data.getRowNumbers() + 1: null

18-11-2024T02:51:40 - [TEST_STEP][PASSED] - year = todaysDate.substring(todaysDate.length() - 4, todaysDate.length()): null

18-11-2024T02:51:40 - [TEST_STEP][PASSED] - y = year.toInteger(): null

18-11-2024T02:51:40 - [TEST_STEP][PASSED] - m = getText(findTestObject("Выполнение бизнес-плана/Выполнение бизнес-плана Балансы/Фильтр Дата")): Text of object 'Object Repository/Выполнение бизнес-плана/Выполнение бизнес-плана Балансы/Фильтр Дата' is: '1, 2, 3 кв. 2024 года'

18-11-2024T02:51:41 - [MESSAGE][PASSED] - Text of object 'Object Repository/Выполнение бизнес-плана/Выполнение бизнес-плана Балансы/Фильтр Дата' is: '1, 2, 3 кв. 2024 года'

18-11-2024T02:51:41 - [TEST_STEP][PASSED] - m = m.substring(0, m.indexOf("2024")): null

18-11-2024T02:51:41 - [TEST_STEP][PASSED] - m = m.trim(): null

18-11-2024T02:51:41 - [TEST_STEP][PASSED] - dashboardName = "Выполнение бизнес-плана": null

18-11-2024T02:51:41 - [TEST_STEP][PASSED] - workbook01 = getWorkbook(excelFilePath): null

18-11-2024T02:51:41 - [TEST_STEP][PASSED] - sheet01 = getExcelSheet(workbook01, sheetName): null

18-11-2024T02:51:41 - [TEST_STEP][PASSED] - setValueToCellByIndex(sheet01, n, 0, dashboardName): null

18-11-2024T02:51:41 - [TEST_STEP][PASSED] - setValueToCellByIndex(sheet01, n, 1, dZO): null

18-11-2024T02:51:41 - [TEST_STEP][PASSED] - setValueToCellByIndex(sheet01, n, 2, typeOfData): null

18-11-2024T02:51:41 - [TEST_STEP][PASSED] - setValueToCellByIndex(sheet01, n, 3, typeOfData): null

18-11-2024T02:51:41 - [TEST_STEP][PASSED] - if (typeOfData == "План"): null

18-11-2024T02:51:41 - [TEST_STEP][PASSED] - if (PercPlanR == null): null

18-11-2024T02:51:41 - [TEST_STEP][PASSED] - else: null

18-11-2024T02:51:41 - [TEST_STEP][PASSED] - if (PercPlanR == "нет данных"): null

18-11-2024T02:51:41 - [TEST_STEP][PASSED] - setValueToCellByIndex(sheet01, n, 4, "нет данных"): null

18-11-2024T02:51:41 - [TEST_STEP][PASSED] - if (PercPlanB == null): null

18-11-2024T02:51:41 - [TEST_STEP][PASSED] - else: null

18-11-2024T02:51:41 - [TEST_STEP][PASSED] - if (PercPlanB == "нет данных"): null

18-11-2024T02:51:41 - [TEST_STEP][PASSED] - else: null

18-11-2024T02:51:41 - [TEST_STEP][PASSED] - PB = PercPlanB.toDouble(): null

18-11-2024T02:51:41 - [TEST_STEP][PASSED] - setValueToCellByIndex(sheet01, n, 5, PB): null

18-11-2024T02:51:41 - [TEST_STEP][PASSED] - setValueToCellByIndex(sheet01, n, 6, m): null

18-11-2024T02:51:41 - [TEST_STEP][PASSED] - setValueToCellByIndex(sheet01, n, 7, y): null

18-11-2024T02:51:41 - [TEST_STEP][PASSED] - setValueToCellByIndex(sheet01, n, 8, todaysDate): null

18-11-2024T02:51:41 - [TEST_STEP][PASSED] - n = n + 1: null

18-11-2024T02:51:41 - [TEST_STEP][PASSED] - saveWorkbook(excelFilePath, workbook01): null

18-11-2024T02:51:41 - [TEST_STEP][PASSED] - typeOfData = "Факт": null

18-11-2024T02:51:41 - [TEST_STEP][PASSED] - PercFactR = GetPercFactR(x = a): null

18-11-2024T02:51:41 - [TEST_STEP][PASSED] - i1 = <not implemented yet for class: org.codehaus.groovy.ast.expr.EmptyExpression>: null

18-11-2024T02:51:41 - [TEST_STEP][PASSED] - ii = <not implemented yet for class: org.codehaus.groovy.ast.expr.EmptyExpression>: null

18-11-2024T02:51:41 - [TEST_STEP][PASSED] - for ([ii = 1, ii < 3, (ii++)]): null

18-11-2024T02:51:41 - [TEST_STEP][PASSED] - i1 = x.indexOf("/") + 1: null

18-11-2024T02:51:41 - [TEST_STEP][PASSED] - if (i1 > -1): null

18-11-2024T02:51:41 - [TEST_STEP][PASSED] - x = x.substring(i1, x.length()): null

18-11-2024T02:51:41 - [TEST_STEP][PASSED] - println(x): null

18-11-2024T02:51:41 - [TEST_STEP][PASSED] - i1 = x.indexOf("/") + 1: null

18-11-2024T02:51:41 - [TEST_STEP][PASSED] - if (i1 > -1): null

18-11-2024T02:51:41 - [TEST_STEP][PASSED] - x = x.substring(i1, x.length()): null

18-11-2024T02:51:41 - [TEST_STEP][PASSED] - println(x): null

18-11-2024T02:51:41 - [TEST_STEP][PASSED] - i1 = x.indexOf("/"): null

18-11-2024T02:51:41 - [TEST_STEP][PASSED] - if (i1 > -1): null

18-11-2024T02:51:41 - [TEST_STEP][PASSED] - x = x.substring(0, i1): null

18-11-2024T02:51:41 - [TEST_STEP][PASSED] - println(x): null

18-11-2024T02:51:41 - [TEST_STEP][PASSED] - return x: null

18-11-2024T02:51:41 - [TEST_STEP][PASSED] - PercFactB = GetPercFactB(x = b): null

18-11-2024T02:51:41 - [TEST_STEP][PASSED] - i1 = <not implemented yet for class: org.codehaus.groovy.ast.expr.EmptyExpression>: null

18-11-2024T02:51:41 - [TEST_STEP][PASSED] - ii = <not implemented yet for class: org.codehaus.groovy.ast.expr.EmptyExpression>: null

18-11-2024T02:51:41 - [TEST_STEP][PASSED] - for ([ii = 1, ii < 3, (ii++)]): null

18-11-2024T02:51:41 - [TEST_STEP][PASSED] - i1 = x.indexOf("/") + 1: null

18-11-2024T02:51:41 - [TEST_STEP][PASSED] - if (i1 > -1): null

18-11-2024T02:51:41 - [TEST_STEP][PASSED] - x = x.substring(i1, x.length()): null

18-11-2024T02:51:41 - [TEST_STEP][PASSED] - println(x): null

18-11-2024T02:51:41 - [TEST_STEP][PASSED] - i1 = x.indexOf("/") + 1: null

18-11-2024T02:51:41 - [TEST_STEP][PASSED] - if (i1 > -1): null

18-11-2024T02:51:41 - [TEST_STEP][PASSED] - x = x.substring(i1, x.length()): null

18-11-2024T02:51:41 - [TEST_STEP][PASSED] - println(x): null

18-11-2024T02:51:41 - [TEST_STEP][PASSED] - i1 = x.indexOf("/"): null

18-11-2024T02:51:41 - [TEST_STEP][PASSED] - if (i1 > -1): null

18-11-2024T02:51:41 - [TEST_STEP][PASSED] - x = x.substring(0, i1): null

18-11-2024T02:51:41 - [TEST_STEP][PASSED] - println(x): null

18-11-2024T02:51:41 - [TEST_STEP][FAILED] - return x: null

18-11-2024T02:51:41 - [TEST_STEP][FAILED] - if (verifyEqual(PercFactR, PercFactB) == false): null

18-11-2024T02:51:41 - [MESSAGE][FAILED] - Unable to verify equal between actual object 'нет данных' and expected object '7.11' (Root cause: com.kms.katalon.core.exception.StepFailedException: Actual object 'нет данных' and expected object '7.11' are not equal
	at com.kms.katalon.core.keyword.builtin.VerifyEqualKeyword$_verifyEqual_closure1.doCall(VerifyEqualKeyword.groovy:58)
	at com.kms.katalon.core.keyword.builtin.VerifyEqualKeyword$_verifyEqual_closure1.call(VerifyEqualKeyword.groovy)
	at com.kms.katalon.core.keyword.internal.KeywordMain.runKeyword(KeywordMain.groovy:75)
	at com.kms.katalon.core.keyword.builtin.VerifyEqualKeyword.verifyEqual(VerifyEqualKeyword.groovy:63)
	at com.kms.katalon.core.keyword.builtin.VerifyEqualKeyword.execute(VerifyEqualKeyword.groovy:44)
	at com.kms.katalon.core.keyword.internal.KeywordExecutor.executeKeywordForPlatform(KeywordExecutor.groovy:74)
	at com.kms.katalon.core.keyword.BuiltinKeywords.verifyEqual(BuiltinKeywords.groovy:146)
	at jdk.internal.reflect.GeneratedMethodAccessor25.invoke(Unknown Source)
	at java.base/jdk.internal.reflect.DelegatingMethodAccessorImpl.invoke(DelegatingMethodAccessorImpl.java:43)
	at Выполнение бизнес-плана сверка дашбордов.CompareDZOData(Выполнение бизнес-плана сверка дашбордов:693)
	at Выполнение бизнес-плана сверка дашбордов.run(Выполнение бизнес-плана сверка дашбордов:613)
	at com.kms.katalon.core.main.ScriptEngine.run(ScriptEngine.java:194)
	at com.kms.katalon.core.main.ScriptEngine.runScriptAsRawText(ScriptEngine.java:119)
	at com.kms.katalon.core.main.TestCaseExecutor.runScript(TestCaseExecutor.java:448)
	at com.kms.katalon.core.main.TestCaseExecutor.doExecute(TestCaseExecutor.java:439)
	at com.kms.katalon.core.main.TestCaseExecutor.processExecutionPhase(TestCaseExecutor.java:418)
	at com.kms.katalon.core.main.TestCaseExecutor.accessMainPhase(TestCaseExecutor.java:410)
	at com.kms.katalon.core.main.TestCaseExecutor.execute(TestCaseExecutor.java:285)
	at com.kms.katalon.core.common.CommonExecutor.accessTestCaseMainPhase(CommonExecutor.java:65)
	at com.kms.katalon.core.main.TestSuiteExecutor.accessTestSuiteMainPhase(TestSuiteExecutor.java:150)
	at com.kms.katalon.core.main.TestSuiteExecutor.execute(TestSuiteExecutor.java:106)
	at com.kms.katalon.core.main.TestCaseMain.startTestSuite(TestCaseMain.java:180)
	at TempTestSuite1731886967590.run(TempTestSuite1731886967590.groovy:35)
	at java.base/jdk.internal.reflect.NativeMethodAccessorImpl.invoke0(Native Method)
	at java.base/jdk.internal.reflect.NativeMethodAccessorImpl.invoke(NativeMethodAccessorImpl.java:77)
	at java.base/jdk.internal.reflect.DelegatingMethodAccessorImpl.invoke(DelegatingMethodAccessorImpl.java:43)
)

18-11-2024T02:51:41 - [TEST_STEP][PASSED] - result = WriteToExcel(typeOfData, todaysDate, PercPlanR, PercPlanB, PercFactR, PercFactB, x, tabR, tabB, o1R, o1B, vidget): null

18-11-2024T02:51:41 - [TEST_STEP][PASSED] - iii = dZO.indexOf("/"): null

18-11-2024T02:51:41 - [TEST_STEP][PASSED] - println(iii): null

18-11-2024T02:51:41 - [TEST_STEP][PASSED] - dZO = dZO.substring(0, iii): null

18-11-2024T02:51:41 - [TEST_STEP][PASSED] - println(dZO): null

18-11-2024T02:51:41 - [TEST_STEP][PASSED] - println(PercPlanR): null

18-11-2024T02:51:41 - [TEST_STEP][PASSED] - println(PercPlanB): null

18-11-2024T02:51:41 - [TEST_STEP][PASSED] - println(PercFactR): null

18-11-2024T02:51:41 - [TEST_STEP][PASSED] - println(PercFactB): null

18-11-2024T02:51:41 - [TEST_STEP][PASSED] - println(tabR): null

18-11-2024T02:51:41 - [TEST_STEP][PASSED] - println(tabB): null

18-11-2024T02:51:41 - [TEST_STEP][PASSED] - println(o1R): null

18-11-2024T02:51:41 - [TEST_STEP][PASSED] - println(o1B): null

18-11-2024T02:51:41 - [TEST_STEP][PASSED] - PR = <not implemented yet for class: org.codehaus.groovy.ast.expr.EmptyExpression>: null

18-11-2024T02:51:41 - [TEST_STEP][PASSED] - FR = <not implemented yet for class: org.codehaus.groovy.ast.expr.EmptyExpression>: null

18-11-2024T02:51:41 - [TEST_STEP][PASSED] - PB = <not implemented yet for class: org.codehaus.groovy.ast.expr.EmptyExpression>: null

18-11-2024T02:51:41 - [TEST_STEP][PASSED] - FB = <not implemented yet for class: org.codehaus.groovy.ast.expr.EmptyExpression>: null

18-11-2024T02:51:41 - [TEST_STEP][PASSED] - TR = <not implemented yet for class: org.codehaus.groovy.ast.expr.EmptyExpression>: null

18-11-2024T02:51:41 - [TEST_STEP][PASSED] - TB = <not implemented yet for class: org.codehaus.groovy.ast.expr.EmptyExpression>: null

18-11-2024T02:51:41 - [TEST_STEP][PASSED] - sheetName = "Sheet1": null

18-11-2024T02:51:41 - [TEST_STEP][PASSED] - data = findTestData("PlanFact"): null

18-11-2024T02:51:41 - [TEST_STEP][PASSED] - n = data.getRowNumbers() + 1: null

18-11-2024T02:51:41 - [TEST_STEP][PASSED] - year = todaysDate.substring(todaysDate.length() - 4, todaysDate.length()): null

18-11-2024T02:51:41 - [TEST_STEP][PASSED] - y = year.toInteger(): null

18-11-2024T02:51:41 - [TEST_STEP][PASSED] - m = getText(findTestObject("Выполнение бизнес-плана/Выполнение бизнес-плана Балансы/Фильтр Дата")): Text of object 'Object Repository/Выполнение бизнес-плана/Выполнение бизнес-плана Балансы/Фильтр Дата' is: '1, 2, 3 кв. 2024 года'

18-11-2024T02:51:41 - [MESSAGE][PASSED] - Text of object 'Object Repository/Выполнение бизнес-плана/Выполнение бизнес-плана Балансы/Фильтр Дата' is: '1, 2, 3 кв. 2024 года'

18-11-2024T02:51:41 - [TEST_STEP][PASSED] - m = m.substring(0, m.indexOf("2024")): null

18-11-2024T02:51:41 - [TEST_STEP][PASSED] - m = m.trim(): null

18-11-2024T02:51:41 - [TEST_STEP][PASSED] - dashboardName = "Выполнение бизнес-плана": null

18-11-2024T02:51:41 - [TEST_STEP][PASSED] - workbook01 = getWorkbook(excelFilePath): null

18-11-2024T02:51:41 - [TEST_STEP][PASSED] - sheet01 = getExcelSheet(workbook01, sheetName): null

18-11-2024T02:51:41 - [TEST_STEP][PASSED] - setValueToCellByIndex(sheet01, n, 0, dashboardName): null

18-11-2024T02:51:41 - [TEST_STEP][PASSED] - setValueToCellByIndex(sheet01, n, 1, dZO): null

18-11-2024T02:51:41 - [TEST_STEP][PASSED] - setValueToCellByIndex(sheet01, n, 2, typeOfData): null

18-11-2024T02:51:41 - [TEST_STEP][PASSED] - setValueToCellByIndex(sheet01, n, 3, typeOfData): null

18-11-2024T02:51:41 - [TEST_STEP][PASSED] - if (typeOfData == "План"): null

18-11-2024T02:51:41 - [TEST_STEP][PASSED] - else if (typeOfData == "Факт"): null

18-11-2024T02:51:41 - [TEST_STEP][PASSED] - if (PercFactR == null): null

18-11-2024T02:51:41 - [TEST_STEP][PASSED] - else: null

18-11-2024T02:51:41 - [TEST_STEP][PASSED] - if (PercFactR == "нет данных"): null

18-11-2024T02:51:41 - [TEST_STEP][PASSED] - setValueToCellByIndex(sheet01, n, 4, "нет данных"): null

18-11-2024T02:51:41 - [TEST_STEP][PASSED] - if (PercFactB == null): null

18-11-2024T02:51:41 - [TEST_STEP][PASSED] - else: null

18-11-2024T02:51:41 - [TEST_STEP][PASSED] - if (PercFactB == "нет данных"): null

18-11-2024T02:51:41 - [TEST_STEP][PASSED] - else: null

18-11-2024T02:51:41 - [TEST_STEP][PASSED] - FB = PercFactB.toDouble(): null

18-11-2024T02:51:41 - [TEST_STEP][PASSED] - setValueToCellByIndex(sheet01, n, 5, FB): null

18-11-2024T02:51:41 - [TEST_STEP][PASSED] - setValueToCellByIndex(sheet01, n, 6, m): null

18-11-2024T02:51:41 - [TEST_STEP][PASSED] - setValueToCellByIndex(sheet01, n, 7, y): null

18-11-2024T02:51:41 - [TEST_STEP][PASSED] - setValueToCellByIndex(sheet01, n, 8, todaysDate): null

18-11-2024T02:51:41 - [TEST_STEP][PASSED] - n = n + 1: null

18-11-2024T02:51:41 - [TEST_STEP][PASSED] - saveWorkbook(excelFilePath, workbook01): null

18-11-2024T02:51:42 - [TEST_STEP][PASSED] - vidget = "Показатели баланса электроэнергии по ДЗО – Факт": null

18-11-2024T02:51:42 - [TEST_STEP][PASSED] - typeOfData = "Факт Отпуск в сеть": null

18-11-2024T02:51:42 - [TEST_STEP][PASSED] - tabR = GetOvSFactR(x = a): null

18-11-2024T02:51:42 - [TEST_STEP][PASSED] - i1 = <not implemented yet for class: org.codehaus.groovy.ast.expr.EmptyExpression>: null

18-11-2024T02:51:42 - [TEST_STEP][PASSED] - ii = <not implemented yet for class: org.codehaus.groovy.ast.expr.EmptyExpression>: null

18-11-2024T02:51:42 - [TEST_STEP][PASSED] - for ([ii = 1, ii < 4, (ii++)]): null

18-11-2024T02:51:42 - [TEST_STEP][PASSED] - i1 = x.indexOf("/") + 1: null

18-11-2024T02:51:42 - [TEST_STEP][PASSED] - if (i1 > -1): null

18-11-2024T02:51:42 - [TEST_STEP][PASSED] - x = x.substring(i1, x.length()): null

18-11-2024T02:51:42 - [TEST_STEP][PASSED] - println(x): null

18-11-2024T02:51:42 - [TEST_STEP][PASSED] - i1 = x.indexOf("/") + 1: null

18-11-2024T02:51:42 - [TEST_STEP][PASSED] - if (i1 > -1): null

18-11-2024T02:51:42 - [TEST_STEP][PASSED] - x = x.substring(i1, x.length()): null

18-11-2024T02:51:42 - [TEST_STEP][PASSED] - println(x): null

18-11-2024T02:51:42 - [TEST_STEP][PASSED] - i1 = x.indexOf("/") + 1: null

18-11-2024T02:51:42 - [TEST_STEP][PASSED] - if (i1 > -1): null

18-11-2024T02:51:42 - [TEST_STEP][PASSED] - x = x.substring(i1, x.length()): null

18-11-2024T02:51:42 - [TEST_STEP][PASSED] - println(x): null

18-11-2024T02:51:42 - [TEST_STEP][PASSED] - i1 = x.indexOf("/"): null

18-11-2024T02:51:42 - [TEST_STEP][PASSED] - if (i1 > -1): null

18-11-2024T02:51:42 - [TEST_STEP][PASSED] - x = x.substring(0, i1): null

18-11-2024T02:51:42 - [TEST_STEP][PASSED] - println(x): null

18-11-2024T02:51:42 - [TEST_STEP][PASSED] - return x: null

18-11-2024T02:51:42 - [TEST_STEP][PASSED] - tabB = GetOvSFactB(x = b): null

18-11-2024T02:51:42 - [TEST_STEP][PASSED] - i1 = <not implemented yet for class: org.codehaus.groovy.ast.expr.EmptyExpression>: null

18-11-2024T02:51:42 - [TEST_STEP][PASSED] - ii = <not implemented yet for class: org.codehaus.groovy.ast.expr.EmptyExpression>: null

18-11-2024T02:51:42 - [TEST_STEP][PASSED] - for ([ii = 1, ii < 4, (ii++)]): null

18-11-2024T02:51:42 - [TEST_STEP][PASSED] - i1 = x.indexOf("/") + 1: null

18-11-2024T02:51:42 - [TEST_STEP][PASSED] - if (i1 > -1): null

18-11-2024T02:51:42 - [TEST_STEP][PASSED] - x = x.substring(i1, x.length()): null

18-11-2024T02:51:42 - [TEST_STEP][PASSED] - println(x): null

18-11-2024T02:51:42 - [TEST_STEP][PASSED] - i1 = x.indexOf("/") + 1: null

18-11-2024T02:51:42 - [TEST_STEP][PASSED] - if (i1 > -1): null

18-11-2024T02:51:42 - [TEST_STEP][PASSED] - x = x.substring(i1, x.length()): null

18-11-2024T02:51:42 - [TEST_STEP][PASSED] - println(x): null

18-11-2024T02:51:42 - [TEST_STEP][PASSED] - i1 = x.indexOf("/") + 1: null

18-11-2024T02:51:42 - [TEST_STEP][PASSED] - if (i1 > -1): null

18-11-2024T02:51:42 - [TEST_STEP][PASSED] - x = x.substring(i1, x.length()): null

18-11-2024T02:51:42 - [TEST_STEP][PASSED] - println(x): null

18-11-2024T02:51:42 - [TEST_STEP][PASSED] - i1 = x.indexOf("/"): null

18-11-2024T02:51:42 - [TEST_STEP][PASSED] - if (i1 > -1): null

18-11-2024T02:51:42 - [TEST_STEP][PASSED] - x = x.substring(0, i1): null

18-11-2024T02:51:42 - [TEST_STEP][PASSED] - println(x): null

18-11-2024T02:51:42 - [TEST_STEP][FAILED] - return x: null

18-11-2024T02:51:42 - [TEST_STEP][FAILED] - if (verifyEqual(tabR, tabB) == false): null

18-11-2024T02:51:42 - [MESSAGE][FAILED] - Unable to verify equal between actual object 'нет данных' and expected object '75719728' (Root cause: com.kms.katalon.core.exception.StepFailedException: Actual object 'нет данных' and expected object '75719728' are not equal
	at com.kms.katalon.core.keyword.builtin.VerifyEqualKeyword$_verifyEqual_closure1.doCall(VerifyEqualKeyword.groovy:58)
	at com.kms.katalon.core.keyword.builtin.VerifyEqualKeyword$_verifyEqual_closure1.call(VerifyEqualKeyword.groovy)
	at com.kms.katalon.core.keyword.internal.KeywordMain.runKeyword(KeywordMain.groovy:75)
	at com.kms.katalon.core.keyword.builtin.VerifyEqualKeyword.verifyEqual(VerifyEqualKeyword.groovy:63)
	at com.kms.katalon.core.keyword.builtin.VerifyEqualKeyword.execute(VerifyEqualKeyword.groovy:44)
	at com.kms.katalon.core.keyword.internal.KeywordExecutor.executeKeywordForPlatform(KeywordExecutor.groovy:74)
	at com.kms.katalon.core.keyword.BuiltinKeywords.verifyEqual(BuiltinKeywords.groovy:146)
	at jdk.internal.reflect.GeneratedMethodAccessor25.invoke(Unknown Source)
	at java.base/jdk.internal.reflect.DelegatingMethodAccessorImpl.invoke(DelegatingMethodAccessorImpl.java:43)
	at Выполнение бизнес-плана сверка дашбордов.CompareDZOData(Выполнение бизнес-плана сверка дашбордов:706)
	at Выполнение бизнес-плана сверка дашбордов.run(Выполнение бизнес-плана сверка дашбордов:613)
	at com.kms.katalon.core.main.ScriptEngine.run(ScriptEngine.java:194)
	at com.kms.katalon.core.main.ScriptEngine.runScriptAsRawText(ScriptEngine.java:119)
	at com.kms.katalon.core.main.TestCaseExecutor.runScript(TestCaseExecutor.java:448)
	at com.kms.katalon.core.main.TestCaseExecutor.doExecute(TestCaseExecutor.java:439)
	at com.kms.katalon.core.main.TestCaseExecutor.processExecutionPhase(TestCaseExecutor.java:418)
	at com.kms.katalon.core.main.TestCaseExecutor.accessMainPhase(TestCaseExecutor.java:410)
	at com.kms.katalon.core.main.TestCaseExecutor.execute(TestCaseExecutor.java:285)
	at com.kms.katalon.core.common.CommonExecutor.accessTestCaseMainPhase(CommonExecutor.java:65)
	at com.kms.katalon.core.main.TestSuiteExecutor.accessTestSuiteMainPhase(TestSuiteExecutor.java:150)
	at com.kms.katalon.core.main.TestSuiteExecutor.execute(TestSuiteExecutor.java:106)
	at com.kms.katalon.core.main.TestCaseMain.startTestSuite(TestCaseMain.java:180)
	at TempTestSuite1731886967590.run(TempTestSuite1731886967590.groovy:35)
	at java.base/jdk.internal.reflect.NativeMethodAccessorImpl.invoke0(Native Method)
	at java.base/jdk.internal.reflect.NativeMethodAccessorImpl.invoke(NativeMethodAccessorImpl.java:77)
	at java.base/jdk.internal.reflect.DelegatingMethodAccessorImpl.invoke(DelegatingMethodAccessorImpl.java:43)
)

18-11-2024T02:51:42 - [TEST_STEP][PASSED] - result = WriteToExcel(typeOfData, todaysDate, PercPlanR, PercPlanB, PercFactR, PercFactB, x, tabR, tabB, o1R, o1B, vidget): null

18-11-2024T02:51:42 - [TEST_STEP][PASSED] - iii = dZO.indexOf("/"): null

18-11-2024T02:51:42 - [TEST_STEP][PASSED] - println(iii): null

18-11-2024T02:51:42 - [TEST_STEP][PASSED] - dZO = dZO.substring(0, iii): null

18-11-2024T02:51:42 - [TEST_STEP][PASSED] - println(dZO): null

18-11-2024T02:51:42 - [TEST_STEP][PASSED] - println(PercPlanR): null

18-11-2024T02:51:42 - [TEST_STEP][PASSED] - println(PercPlanB): null

18-11-2024T02:51:42 - [TEST_STEP][PASSED] - println(PercFactR): null

18-11-2024T02:51:42 - [TEST_STEP][PASSED] - println(PercFactB): null

18-11-2024T02:51:42 - [TEST_STEP][PASSED] - println(tabR): null

18-11-2024T02:51:42 - [TEST_STEP][PASSED] - println(tabB): null

18-11-2024T02:51:42 - [TEST_STEP][PASSED] - println(o1R): null

18-11-2024T02:51:42 - [TEST_STEP][PASSED] - println(o1B): null

18-11-2024T02:51:42 - [TEST_STEP][PASSED] - PR = <not implemented yet for class: org.codehaus.groovy.ast.expr.EmptyExpression>: null

18-11-2024T02:51:42 - [TEST_STEP][PASSED] - FR = <not implemented yet for class: org.codehaus.groovy.ast.expr.EmptyExpression>: null

18-11-2024T02:51:42 - [TEST_STEP][PASSED] - PB = <not implemented yet for class: org.codehaus.groovy.ast.expr.EmptyExpression>: null

18-11-2024T02:51:42 - [TEST_STEP][PASSED] - FB = <not implemented yet for class: org.codehaus.groovy.ast.expr.EmptyExpression>: null

18-11-2024T02:51:42 - [TEST_STEP][PASSED] - TR = <not implemented yet for class: org.codehaus.groovy.ast.expr.EmptyExpression>: null

18-11-2024T02:51:42 - [TEST_STEP][PASSED] - TB = <not implemented yet for class: org.codehaus.groovy.ast.expr.EmptyExpression>: null

18-11-2024T02:51:42 - [TEST_STEP][PASSED] - sheetName = "Sheet1": null

18-11-2024T02:51:42 - [TEST_STEP][PASSED] - data = findTestData("PlanFact"): null

18-11-2024T02:51:42 - [TEST_STEP][PASSED] - n = data.getRowNumbers() + 1: null

18-11-2024T02:51:42 - [TEST_STEP][PASSED] - year = todaysDate.substring(todaysDate.length() - 4, todaysDate.length()): null

18-11-2024T02:51:42 - [TEST_STEP][PASSED] - y = year.toInteger(): null

18-11-2024T02:51:42 - [TEST_STEP][PASSED] - m = getText(findTestObject("Выполнение бизнес-плана/Выполнение бизнес-плана Балансы/Фильтр Дата")): Text of object 'Object Repository/Выполнение бизнес-плана/Выполнение бизнес-плана Балансы/Фильтр Дата' is: '1, 2, 3 кв. 2024 года'

18-11-2024T02:51:42 - [MESSAGE][PASSED] - Text of object 'Object Repository/Выполнение бизнес-плана/Выполнение бизнес-плана Балансы/Фильтр Дата' is: '1, 2, 3 кв. 2024 года'

18-11-2024T02:51:42 - [TEST_STEP][PASSED] - m = m.substring(0, m.indexOf("2024")): null

18-11-2024T02:51:42 - [TEST_STEP][PASSED] - m = m.trim(): null

18-11-2024T02:51:42 - [TEST_STEP][PASSED] - dashboardName = "Выполнение бизнес-плана": null

18-11-2024T02:51:42 - [TEST_STEP][PASSED] - workbook01 = getWorkbook(excelFilePath): null

18-11-2024T02:51:42 - [TEST_STEP][PASSED] - sheet01 = getExcelSheet(workbook01, sheetName): null

18-11-2024T02:51:42 - [TEST_STEP][PASSED] - setValueToCellByIndex(sheet01, n, 0, dashboardName): null

18-11-2024T02:51:42 - [TEST_STEP][PASSED] - setValueToCellByIndex(sheet01, n, 1, dZO): null

18-11-2024T02:51:42 - [TEST_STEP][PASSED] - setValueToCellByIndex(sheet01, n, 2, typeOfData): null

18-11-2024T02:51:42 - [TEST_STEP][PASSED] - setValueToCellByIndex(sheet01, n, 3, typeOfData): null

18-11-2024T02:51:42 - [TEST_STEP][PASSED] - if (typeOfData == "План"): null

18-11-2024T02:51:42 - [TEST_STEP][PASSED] - else if (typeOfData == "Факт"): null

18-11-2024T02:51:42 - [TEST_STEP][PASSED] - else if (vidget.contains("электроэнергии") == true): null

18-11-2024T02:51:42 - [TEST_STEP][PASSED] - if (tabR == null): null

18-11-2024T02:51:42 - [TEST_STEP][PASSED] - else: null

18-11-2024T02:51:42 - [TEST_STEP][PASSED] - if (tabR == "нет данных"): null

18-11-2024T02:51:42 - [TEST_STEP][PASSED] - setValueToCellByIndex(sheet01, n, 4, "нет данных"): null

18-11-2024T02:51:42 - [TEST_STEP][PASSED] - if (tabB == null): null

18-11-2024T02:51:42 - [TEST_STEP][PASSED] - else: null

18-11-2024T02:51:42 - [TEST_STEP][PASSED] - if (tabB == "нет данных"): null

18-11-2024T02:51:42 - [TEST_STEP][PASSED] - else: null

18-11-2024T02:51:42 - [TEST_STEP][PASSED] - TB = tabB.toInteger(): null

18-11-2024T02:51:42 - [TEST_STEP][PASSED] - setValueToCellByIndex(sheet01, n, 5, TB): null

18-11-2024T02:51:42 - [TEST_STEP][PASSED] - setValueToCellByIndex(sheet01, n, 6, m): null

18-11-2024T02:51:42 - [TEST_STEP][PASSED] - setValueToCellByIndex(sheet01, n, 7, y): null

18-11-2024T02:51:42 - [TEST_STEP][PASSED] - setValueToCellByIndex(sheet01, n, 8, todaysDate): null

18-11-2024T02:51:42 - [TEST_STEP][PASSED] - n = n + 1: null

18-11-2024T02:51:42 - [TEST_STEP][PASSED] - saveWorkbook(excelFilePath, workbook01): null

18-11-2024T02:51:42 - [TEST_STEP][PASSED] - typeOfData = "Факт Отпуск из сети": null

18-11-2024T02:51:42 - [TEST_STEP][PASSED] - tabR = GetOiSFactR(x = a): null

18-11-2024T02:51:42 - [TEST_STEP][PASSED] - i1 = <not implemented yet for class: org.codehaus.groovy.ast.expr.EmptyExpression>: null

18-11-2024T02:51:42 - [TEST_STEP][PASSED] - ii = <not implemented yet for class: org.codehaus.groovy.ast.expr.EmptyExpression>: null

18-11-2024T02:51:42 - [TEST_STEP][PASSED] - for ([ii = 1, ii < 5, (ii++)]): null

18-11-2024T02:51:42 - [TEST_STEP][PASSED] - i1 = x.indexOf("/") + 1: null

18-11-2024T02:51:42 - [TEST_STEP][PASSED] - if (i1 > -1): null

18-11-2024T02:51:42 - [TEST_STEP][PASSED] - x = x.substring(i1, x.length()): null

18-11-2024T02:51:42 - [TEST_STEP][PASSED] - println(x): null

18-11-2024T02:51:42 - [TEST_STEP][PASSED] - i1 = x.indexOf("/") + 1: null

18-11-2024T02:51:42 - [TEST_STEP][PASSED] - if (i1 > -1): null

18-11-2024T02:51:42 - [TEST_STEP][PASSED] - x = x.substring(i1, x.length()): null

18-11-2024T02:51:42 - [TEST_STEP][PASSED] - println(x): null

18-11-2024T02:51:42 - [TEST_STEP][PASSED] - i1 = x.indexOf("/") + 1: null

18-11-2024T02:51:42 - [TEST_STEP][PASSED] - if (i1 > -1): null

18-11-2024T02:51:42 - [TEST_STEP][PASSED] - x = x.substring(i1, x.length()): null

18-11-2024T02:51:42 - [TEST_STEP][PASSED] - println(x): null

18-11-2024T02:51:42 - [TEST_STEP][PASSED] - i1 = x.indexOf("/") + 1: null

18-11-2024T02:51:42 - [TEST_STEP][PASSED] - if (i1 > -1): null

18-11-2024T02:51:42 - [TEST_STEP][PASSED] - x = x.substring(i1, x.length()): null

18-11-2024T02:51:42 - [TEST_STEP][PASSED] - println(x): null

18-11-2024T02:51:42 - [TEST_STEP][PASSED] - i1 = x.indexOf("/"): null

18-11-2024T02:51:42 - [TEST_STEP][PASSED] - if (i1 > -1): null

18-11-2024T02:51:42 - [TEST_STEP][PASSED] - x = x.substring(0, i1): null

18-11-2024T02:51:42 - [TEST_STEP][PASSED] - println(x): null

18-11-2024T02:51:42 - [TEST_STEP][PASSED] - return x: null

18-11-2024T02:51:42 - [TEST_STEP][PASSED] - tabB = GetOiSFactB(x = b): null

18-11-2024T02:51:42 - [TEST_STEP][PASSED] - i1 = <not implemented yet for class: org.codehaus.groovy.ast.expr.EmptyExpression>: null

18-11-2024T02:51:42 - [TEST_STEP][PASSED] - ii = <not implemented yet for class: org.codehaus.groovy.ast.expr.EmptyExpression>: null

18-11-2024T02:51:42 - [TEST_STEP][PASSED] - for ([ii = 1, ii < 5, (ii++)]): null

18-11-2024T02:51:42 - [TEST_STEP][PASSED] - i1 = x.indexOf("/") + 1: null

18-11-2024T02:51:42 - [TEST_STEP][PASSED] - if (i1 > -1): null

18-11-2024T02:51:42 - [TEST_STEP][PASSED] - x = x.substring(i1, x.length()): null

18-11-2024T02:51:42 - [TEST_STEP][PASSED] - println(x): null

18-11-2024T02:51:42 - [TEST_STEP][PASSED] - i1 = x.indexOf("/") + 1: null

18-11-2024T02:51:42 - [TEST_STEP][PASSED] - if (i1 > -1): null

18-11-2024T02:51:42 - [TEST_STEP][PASSED] - x = x.substring(i1, x.length()): null

18-11-2024T02:51:42 - [TEST_STEP][PASSED] - println(x): null

18-11-2024T02:51:42 - [TEST_STEP][PASSED] - i1 = x.indexOf("/") + 1: null

18-11-2024T02:51:42 - [TEST_STEP][PASSED] - if (i1 > -1): null

18-11-2024T02:51:42 - [TEST_STEP][PASSED] - x = x.substring(i1, x.length()): null

18-11-2024T02:51:42 - [TEST_STEP][PASSED] - println(x): null

18-11-2024T02:51:42 - [TEST_STEP][PASSED] - i1 = x.indexOf("/") + 1: null

18-11-2024T02:51:42 - [TEST_STEP][PASSED] - if (i1 > -1): null

18-11-2024T02:51:42 - [TEST_STEP][PASSED] - x = x.substring(i1, x.length()): null

18-11-2024T02:51:42 - [TEST_STEP][PASSED] - println(x): null

18-11-2024T02:51:42 - [TEST_STEP][PASSED] - i1 = x.indexOf("/"): null

18-11-2024T02:51:42 - [TEST_STEP][PASSED] - if (i1 > -1): null

18-11-2024T02:51:42 - [TEST_STEP][PASSED] - x = x.substring(0, i1): null

18-11-2024T02:51:42 - [TEST_STEP][PASSED] - println(x): null

18-11-2024T02:51:42 - [TEST_STEP][FAILED] - return x: null

18-11-2024T02:51:42 - [TEST_STEP][FAILED] - if (verifyEqual(tabR, tabB) == false): null

18-11-2024T02:51:42 - [MESSAGE][FAILED] - Unable to verify equal between actual object 'нет данных' and expected object '70334816' (Root cause: com.kms.katalon.core.exception.StepFailedException: Actual object 'нет данных' and expected object '70334816' are not equal
	at com.kms.katalon.core.keyword.builtin.VerifyEqualKeyword$_verifyEqual_closure1.doCall(VerifyEqualKeyword.groovy:58)
	at com.kms.katalon.core.keyword.builtin.VerifyEqualKeyword$_verifyEqual_closure1.call(VerifyEqualKeyword.groovy)
	at com.kms.katalon.core.keyword.internal.KeywordMain.runKeyword(KeywordMain.groovy:75)
	at com.kms.katalon.core.keyword.builtin.VerifyEqualKeyword.verifyEqual(VerifyEqualKeyword.groovy:63)
	at com.kms.katalon.core.keyword.builtin.VerifyEqualKeyword.execute(VerifyEqualKeyword.groovy:44)
	at com.kms.katalon.core.keyword.internal.KeywordExecutor.executeKeywordForPlatform(KeywordExecutor.groovy:74)
	at com.kms.katalon.core.keyword.BuiltinKeywords.verifyEqual(BuiltinKeywords.groovy:146)
	at jdk.internal.reflect.GeneratedMethodAccessor25.invoke(Unknown Source)
	at java.base/jdk.internal.reflect.DelegatingMethodAccessorImpl.invoke(DelegatingMethodAccessorImpl.java:43)
	at Выполнение бизнес-плана сверка дашбордов.CompareDZOData(Выполнение бизнес-плана сверка дашбордов:717)
	at Выполнение бизнес-плана сверка дашбордов.run(Выполнение бизнес-плана сверка дашбордов:613)
	at com.kms.katalon.core.main.ScriptEngine.run(ScriptEngine.java:194)
	at com.kms.katalon.core.main.ScriptEngine.runScriptAsRawText(ScriptEngine.java:119)
	at com.kms.katalon.core.main.TestCaseExecutor.runScript(TestCaseExecutor.java:448)
	at com.kms.katalon.core.main.TestCaseExecutor.doExecute(TestCaseExecutor.java:439)
	at com.kms.katalon.core.main.TestCaseExecutor.processExecutionPhase(TestCaseExecutor.java:418)
	at com.kms.katalon.core.main.TestCaseExecutor.accessMainPhase(TestCaseExecutor.java:410)
	at com.kms.katalon.core.main.TestCaseExecutor.execute(TestCaseExecutor.java:285)
	at com.kms.katalon.core.common.CommonExecutor.accessTestCaseMainPhase(CommonExecutor.java:65)
	at com.kms.katalon.core.main.TestSuiteExecutor.accessTestSuiteMainPhase(TestSuiteExecutor.java:150)
	at com.kms.katalon.core.main.TestSuiteExecutor.execute(TestSuiteExecutor.java:106)
	at com.kms.katalon.core.main.TestCaseMain.startTestSuite(TestCaseMain.java:180)
	at TempTestSuite1731886967590.run(TempTestSuite1731886967590.groovy:35)
	at java.base/jdk.internal.reflect.NativeMethodAccessorImpl.invoke0(Native Method)
	at java.base/jdk.internal.reflect.NativeMethodAccessorImpl.invoke(NativeMethodAccessorImpl.java:77)
	at java.base/jdk.internal.reflect.DelegatingMethodAccessorImpl.invoke(DelegatingMethodAccessorImpl.java:43)
)

18-11-2024T02:51:42 - [TEST_STEP][PASSED] - result = WriteToExcel(typeOfData, todaysDate, PercPlanR, PercPlanB, PercFactR, PercFactB, x, tabR, tabB, o1R, o1B, vidget): null

18-11-2024T02:51:42 - [TEST_STEP][PASSED] - iii = dZO.indexOf("/"): null

18-11-2024T02:51:42 - [TEST_STEP][PASSED] - println(iii): null

18-11-2024T02:51:42 - [TEST_STEP][PASSED] - dZO = dZO.substring(0, iii): null

18-11-2024T02:51:42 - [TEST_STEP][PASSED] - println(dZO): null

18-11-2024T02:51:42 - [TEST_STEP][PASSED] - println(PercPlanR): null

18-11-2024T02:51:42 - [TEST_STEP][PASSED] - println(PercPlanB): null

18-11-2024T02:51:42 - [TEST_STEP][PASSED] - println(PercFactR): null

18-11-2024T02:51:42 - [TEST_STEP][PASSED] - println(PercFactB): null

18-11-2024T02:51:42 - [TEST_STEP][PASSED] - println(tabR): null

18-11-2024T02:51:42 - [TEST_STEP][PASSED] - println(tabB): null

18-11-2024T02:51:42 - [TEST_STEP][PASSED] - println(o1R): null

18-11-2024T02:51:42 - [TEST_STEP][PASSED] - println(o1B): null

18-11-2024T02:51:42 - [TEST_STEP][PASSED] - PR = <not implemented yet for class: org.codehaus.groovy.ast.expr.EmptyExpression>: null

18-11-2024T02:51:42 - [TEST_STEP][PASSED] - FR = <not implemented yet for class: org.codehaus.groovy.ast.expr.EmptyExpression>: null

18-11-2024T02:51:42 - [TEST_STEP][PASSED] - PB = <not implemented yet for class: org.codehaus.groovy.ast.expr.EmptyExpression>: null

18-11-2024T02:51:42 - [TEST_STEP][PASSED] - FB = <not implemented yet for class: org.codehaus.groovy.ast.expr.EmptyExpression>: null

18-11-2024T02:51:42 - [TEST_STEP][PASSED] - TR = <not implemented yet for class: org.codehaus.groovy.ast.expr.EmptyExpression>: null

18-11-2024T02:51:42 - [TEST_STEP][PASSED] - TB = <not implemented yet for class: org.codehaus.groovy.ast.expr.EmptyExpression>: null

18-11-2024T02:51:42 - [TEST_STEP][PASSED] - sheetName = "Sheet1": null

18-11-2024T02:51:42 - [TEST_STEP][PASSED] - data = findTestData("PlanFact"): null

18-11-2024T02:51:42 - [TEST_STEP][PASSED] - n = data.getRowNumbers() + 1: null

18-11-2024T02:51:42 - [TEST_STEP][PASSED] - year = todaysDate.substring(todaysDate.length() - 4, todaysDate.length()): null

18-11-2024T02:51:42 - [TEST_STEP][PASSED] - y = year.toInteger(): null

18-11-2024T02:51:42 - [TEST_STEP][PASSED] - m = getText(findTestObject("Выполнение бизнес-плана/Выполнение бизнес-плана Балансы/Фильтр Дата")): Text of object 'Object Repository/Выполнение бизнес-плана/Выполнение бизнес-плана Балансы/Фильтр Дата' is: '1, 2, 3 кв. 2024 года'

18-11-2024T02:51:42 - [MESSAGE][PASSED] - Text of object 'Object Repository/Выполнение бизнес-плана/Выполнение бизнес-плана Балансы/Фильтр Дата' is: '1, 2, 3 кв. 2024 года'

18-11-2024T02:51:42 - [TEST_STEP][PASSED] - m = m.substring(0, m.indexOf("2024")): null

18-11-2024T02:51:42 - [TEST_STEP][PASSED] - m = m.trim(): null

18-11-2024T02:51:42 - [TEST_STEP][PASSED] - dashboardName = "Выполнение бизнес-плана": null

18-11-2024T02:51:42 - [TEST_STEP][PASSED] - workbook01 = getWorkbook(excelFilePath): null

18-11-2024T02:51:43 - [TEST_STEP][PASSED] - sheet01 = getExcelSheet(workbook01, sheetName): null

18-11-2024T02:51:43 - [TEST_STEP][PASSED] - setValueToCellByIndex(sheet01, n, 0, dashboardName): null

18-11-2024T02:51:43 - [TEST_STEP][PASSED] - setValueToCellByIndex(sheet01, n, 1, dZO): null

18-11-2024T02:51:43 - [TEST_STEP][PASSED] - setValueToCellByIndex(sheet01, n, 2, typeOfData): null

18-11-2024T02:51:43 - [TEST_STEP][PASSED] - setValueToCellByIndex(sheet01, n, 3, typeOfData): null

18-11-2024T02:51:43 - [TEST_STEP][PASSED] - if (typeOfData == "План"): null

18-11-2024T02:51:43 - [TEST_STEP][PASSED] - else if (typeOfData == "Факт"): null

18-11-2024T02:51:43 - [TEST_STEP][PASSED] - else if (vidget.contains("электроэнергии") == true): null

18-11-2024T02:51:43 - [TEST_STEP][PASSED] - if (tabR == null): null

18-11-2024T02:51:43 - [TEST_STEP][PASSED] - else: null

18-11-2024T02:51:43 - [TEST_STEP][PASSED] - if (tabR == "нет данных"): null

18-11-2024T02:51:43 - [TEST_STEP][PASSED] - setValueToCellByIndex(sheet01, n, 4, "нет данных"): null

18-11-2024T02:51:43 - [TEST_STEP][PASSED] - if (tabB == null): null

18-11-2024T02:51:43 - [TEST_STEP][PASSED] - else: null

18-11-2024T02:51:43 - [TEST_STEP][PASSED] - if (tabB == "нет данных"): null

18-11-2024T02:51:43 - [TEST_STEP][PASSED] - else: null

18-11-2024T02:51:43 - [TEST_STEP][PASSED] - TB = tabB.toInteger(): null

18-11-2024T02:51:43 - [TEST_STEP][PASSED] - setValueToCellByIndex(sheet01, n, 5, TB): null

18-11-2024T02:51:43 - [TEST_STEP][PASSED] - setValueToCellByIndex(sheet01, n, 6, m): null

18-11-2024T02:51:43 - [TEST_STEP][PASSED] - setValueToCellByIndex(sheet01, n, 7, y): null

18-11-2024T02:51:43 - [TEST_STEP][PASSED] - setValueToCellByIndex(sheet01, n, 8, todaysDate): null

18-11-2024T02:51:43 - [TEST_STEP][PASSED] - n = n + 1: null

18-11-2024T02:51:43 - [TEST_STEP][PASSED] - saveWorkbook(excelFilePath, workbook01): null

18-11-2024T02:51:43 - [TEST_STEP][PASSED] - typeOfData = "Факт Потери": null

18-11-2024T02:51:43 - [TEST_STEP][PASSED] - tabR = GetPFactR(x = a): null

18-11-2024T02:51:43 - [TEST_STEP][PASSED] - i1 = <not implemented yet for class: org.codehaus.groovy.ast.expr.EmptyExpression>: null

18-11-2024T02:51:43 - [TEST_STEP][PASSED] - ii = <not implemented yet for class: org.codehaus.groovy.ast.expr.EmptyExpression>: null

18-11-2024T02:51:43 - [TEST_STEP][PASSED] - for ([ii = 1, ii < 6, (ii++)]): null

18-11-2024T02:51:43 - [TEST_STEP][PASSED] - i1 = x.indexOf("/") + 1: null

18-11-2024T02:51:43 - [TEST_STEP][PASSED] - if (i1 > -1): null

18-11-2024T02:51:43 - [TEST_STEP][PASSED] - x = x.substring(i1, x.length()): null

18-11-2024T02:51:43 - [TEST_STEP][PASSED] - println(x): null

18-11-2024T02:51:43 - [TEST_STEP][PASSED] - i1 = x.indexOf("/") + 1: null

18-11-2024T02:51:43 - [TEST_STEP][PASSED] - if (i1 > -1): null

18-11-2024T02:51:43 - [TEST_STEP][PASSED] - x = x.substring(i1, x.length()): null

18-11-2024T02:51:43 - [TEST_STEP][PASSED] - println(x): null

18-11-2024T02:51:43 - [TEST_STEP][PASSED] - i1 = x.indexOf("/") + 1: null

18-11-2024T02:51:43 - [TEST_STEP][PASSED] - if (i1 > -1): null

18-11-2024T02:51:43 - [TEST_STEP][PASSED] - x = x.substring(i1, x.length()): null

18-11-2024T02:51:43 - [TEST_STEP][PASSED] - println(x): null

18-11-2024T02:51:43 - [TEST_STEP][PASSED] - i1 = x.indexOf("/") + 1: null

18-11-2024T02:51:43 - [TEST_STEP][PASSED] - if (i1 > -1): null

18-11-2024T02:51:43 - [TEST_STEP][PASSED] - x = x.substring(i1, x.length()): null

18-11-2024T02:51:43 - [TEST_STEP][PASSED] - println(x): null

18-11-2024T02:51:43 - [TEST_STEP][PASSED] - i1 = x.indexOf("/") + 1: null

18-11-2024T02:51:43 - [TEST_STEP][PASSED] - if (i1 > -1): null

18-11-2024T02:51:43 - [TEST_STEP][PASSED] - x = x.substring(i1, x.length()): null

18-11-2024T02:51:43 - [TEST_STEP][PASSED] - println(x): null

18-11-2024T02:51:43 - [TEST_STEP][PASSED] - i1 = x.indexOf("/"): null

18-11-2024T02:51:43 - [TEST_STEP][PASSED] - if (i1 > -1): null

18-11-2024T02:51:43 - [TEST_STEP][PASSED] - x = x.substring(0, i1): null

18-11-2024T02:51:43 - [TEST_STEP][PASSED] - println(x): null

18-11-2024T02:51:43 - [TEST_STEP][PASSED] - return x: null

18-11-2024T02:51:43 - [TEST_STEP][PASSED] - tabB = GetPFactB(x = b): null

18-11-2024T02:51:43 - [TEST_STEP][PASSED] - i1 = <not implemented yet for class: org.codehaus.groovy.ast.expr.EmptyExpression>: null

18-11-2024T02:51:43 - [TEST_STEP][PASSED] - ii = <not implemented yet for class: org.codehaus.groovy.ast.expr.EmptyExpression>: null

18-11-2024T02:51:43 - [TEST_STEP][PASSED] - for ([ii = 1, ii < 6, (ii++)]): null

18-11-2024T02:51:43 - [TEST_STEP][PASSED] - i1 = x.indexOf("/") + 1: null

18-11-2024T02:51:43 - [TEST_STEP][PASSED] - if (i1 > -1): null

18-11-2024T02:51:43 - [TEST_STEP][PASSED] - x = x.substring(i1, x.length()): null

18-11-2024T02:51:43 - [TEST_STEP][PASSED] - println(x): null

18-11-2024T02:51:43 - [TEST_STEP][PASSED] - i1 = x.indexOf("/") + 1: null

18-11-2024T02:51:43 - [TEST_STEP][PASSED] - if (i1 > -1): null

18-11-2024T02:51:43 - [TEST_STEP][PASSED] - x = x.substring(i1, x.length()): null

18-11-2024T02:51:43 - [TEST_STEP][PASSED] - println(x): null

18-11-2024T02:51:43 - [TEST_STEP][PASSED] - i1 = x.indexOf("/") + 1: null

18-11-2024T02:51:43 - [TEST_STEP][PASSED] - if (i1 > -1): null

18-11-2024T02:51:43 - [TEST_STEP][PASSED] - x = x.substring(i1, x.length()): null

18-11-2024T02:51:43 - [TEST_STEP][PASSED] - println(x): null

18-11-2024T02:51:43 - [TEST_STEP][PASSED] - i1 = x.indexOf("/") + 1: null

18-11-2024T02:51:43 - [TEST_STEP][PASSED] - if (i1 > -1): null

18-11-2024T02:51:43 - [TEST_STEP][PASSED] - x = x.substring(i1, x.length()): null

18-11-2024T02:51:43 - [TEST_STEP][PASSED] - println(x): null

18-11-2024T02:51:43 - [TEST_STEP][PASSED] - i1 = x.indexOf("/") + 1: null

18-11-2024T02:51:43 - [TEST_STEP][PASSED] - if (i1 > -1): null

18-11-2024T02:51:43 - [TEST_STEP][PASSED] - x = x.substring(i1, x.length()): null

18-11-2024T02:51:43 - [TEST_STEP][PASSED] - println(x): null

18-11-2024T02:51:43 - [TEST_STEP][PASSED] - i1 = x.indexOf("/"): null

18-11-2024T02:51:43 - [TEST_STEP][PASSED] - if (i1 > -1): null

18-11-2024T02:51:43 - [TEST_STEP][PASSED] - x = x.substring(0, i1): null

18-11-2024T02:51:43 - [TEST_STEP][PASSED] - println(x): null

18-11-2024T02:51:43 - [TEST_STEP][FAILED] - return x: null

18-11-2024T02:51:43 - [TEST_STEP][PASSED] - println(tabR + "/" + tabB): null

18-11-2024T02:51:43 - [TEST_STEP][FAILED] - if (verifyEqual(tabR, tabB) == false): null

18-11-2024T02:51:43 - [MESSAGE][FAILED] - Unable to verify equal between actual object 'нет данных' and expected object '5384911' (Root cause: com.kms.katalon.core.exception.StepFailedException: Actual object 'нет данных' and expected object '5384911' are not equal
	at com.kms.katalon.core.keyword.builtin.VerifyEqualKeyword$_verifyEqual_closure1.doCall(VerifyEqualKeyword.groovy:58)
	at com.kms.katalon.core.keyword.builtin.VerifyEqualKeyword$_verifyEqual_closure1.call(VerifyEqualKeyword.groovy)
	at com.kms.katalon.core.keyword.internal.KeywordMain.runKeyword(KeywordMain.groovy:75)
	at com.kms.katalon.core.keyword.builtin.VerifyEqualKeyword.verifyEqual(VerifyEqualKeyword.groovy:63)
	at com.kms.katalon.core.keyword.builtin.VerifyEqualKeyword.execute(VerifyEqualKeyword.groovy:44)
	at com.kms.katalon.core.keyword.internal.KeywordExecutor.executeKeywordForPlatform(KeywordExecutor.groovy:74)
	at com.kms.katalon.core.keyword.BuiltinKeywords.verifyEqual(BuiltinKeywords.groovy:146)
	at jdk.internal.reflect.GeneratedMethodAccessor25.invoke(Unknown Source)
	at java.base/jdk.internal.reflect.DelegatingMethodAccessorImpl.invoke(DelegatingMethodAccessorImpl.java:43)
	at Выполнение бизнес-плана сверка дашбордов.CompareDZOData(Выполнение бизнес-плана сверка дашбордов:730)
	at Выполнение бизнес-плана сверка дашбордов.run(Выполнение бизнес-плана сверка дашбордов:613)
	at com.kms.katalon.core.main.ScriptEngine.run(ScriptEngine.java:194)
	at com.kms.katalon.core.main.ScriptEngine.runScriptAsRawText(ScriptEngine.java:119)
	at com.kms.katalon.core.main.TestCaseExecutor.runScript(TestCaseExecutor.java:448)
	at com.kms.katalon.core.main.TestCaseExecutor.doExecute(TestCaseExecutor.java:439)
	at com.kms.katalon.core.main.TestCaseExecutor.processExecutionPhase(TestCaseExecutor.java:418)
	at com.kms.katalon.core.main.TestCaseExecutor.accessMainPhase(TestCaseExecutor.java:410)
	at com.kms.katalon.core.main.TestCaseExecutor.execute(TestCaseExecutor.java:285)
	at com.kms.katalon.core.common.CommonExecutor.accessTestCaseMainPhase(CommonExecutor.java:65)
	at com.kms.katalon.core.main.TestSuiteExecutor.accessTestSuiteMainPhase(TestSuiteExecutor.java:150)
	at com.kms.katalon.core.main.TestSuiteExecutor.execute(TestSuiteExecutor.java:106)
	at com.kms.katalon.core.main.TestCaseMain.startTestSuite(TestCaseMain.java:180)
	at TempTestSuite1731886967590.run(TempTestSuite1731886967590.groovy:35)
	at java.base/jdk.internal.reflect.NativeMethodAccessorImpl.invoke0(Native Method)
	at java.base/jdk.internal.reflect.NativeMethodAccessorImpl.invoke(NativeMethodAccessorImpl.java:77)
	at java.base/jdk.internal.reflect.DelegatingMethodAccessorImpl.invoke(DelegatingMethodAccessorImpl.java:43)
)

18-11-2024T02:51:43 - [TEST_STEP][PASSED] - result = WriteToExcel(typeOfData, todaysDate, PercPlanR, PercPlanB, PercFactR, PercFactB, x, tabR, tabB, o1R, o1B, vidget): null

18-11-2024T02:51:43 - [TEST_STEP][PASSED] - iii = dZO.indexOf("/"): null

18-11-2024T02:51:43 - [TEST_STEP][PASSED] - println(iii): null

18-11-2024T02:51:43 - [TEST_STEP][PASSED] - dZO = dZO.substring(0, iii): null

18-11-2024T02:51:43 - [TEST_STEP][PASSED] - println(dZO): null

18-11-2024T02:51:43 - [TEST_STEP][PASSED] - println(PercPlanR): null

18-11-2024T02:51:43 - [TEST_STEP][PASSED] - println(PercPlanB): null

18-11-2024T02:51:43 - [TEST_STEP][PASSED] - println(PercFactR): null

18-11-2024T02:51:43 - [TEST_STEP][PASSED] - println(PercFactB): null

18-11-2024T02:51:43 - [TEST_STEP][PASSED] - println(tabR): null

18-11-2024T02:51:43 - [TEST_STEP][PASSED] - println(tabB): null

18-11-2024T02:51:43 - [TEST_STEP][PASSED] - println(o1R): null

18-11-2024T02:51:43 - [TEST_STEP][PASSED] - println(o1B): null

18-11-2024T02:51:43 - [TEST_STEP][PASSED] - PR = <not implemented yet for class: org.codehaus.groovy.ast.expr.EmptyExpression>: null

18-11-2024T02:51:43 - [TEST_STEP][PASSED] - FR = <not implemented yet for class: org.codehaus.groovy.ast.expr.EmptyExpression>: null

18-11-2024T02:51:43 - [TEST_STEP][PASSED] - PB = <not implemented yet for class: org.codehaus.groovy.ast.expr.EmptyExpression>: null

18-11-2024T02:51:43 - [TEST_STEP][PASSED] - FB = <not implemented yet for class: org.codehaus.groovy.ast.expr.EmptyExpression>: null

18-11-2024T02:51:43 - [TEST_STEP][PASSED] - TR = <not implemented yet for class: org.codehaus.groovy.ast.expr.EmptyExpression>: null

18-11-2024T02:51:43 - [TEST_STEP][PASSED] - TB = <not implemented yet for class: org.codehaus.groovy.ast.expr.EmptyExpression>: null

18-11-2024T02:51:43 - [TEST_STEP][PASSED] - sheetName = "Sheet1": null

18-11-2024T02:51:43 - [TEST_STEP][PASSED] - data = findTestData("PlanFact"): null

18-11-2024T02:51:43 - [TEST_STEP][PASSED] - n = data.getRowNumbers() + 1: null

18-11-2024T02:51:43 - [TEST_STEP][PASSED] - year = todaysDate.substring(todaysDate.length() - 4, todaysDate.length()): null

18-11-2024T02:51:43 - [TEST_STEP][PASSED] - y = year.toInteger(): null

18-11-2024T02:51:43 - [TEST_STEP][PASSED] - m = getText(findTestObject("Выполнение бизнес-плана/Выполнение бизнес-плана Балансы/Фильтр Дата")): Text of object 'Object Repository/Выполнение бизнес-плана/Выполнение бизнес-плана Балансы/Фильтр Дата' is: '1, 2, 3 кв. 2024 года'

18-11-2024T02:51:43 - [MESSAGE][PASSED] - Text of object 'Object Repository/Выполнение бизнес-плана/Выполнение бизнес-плана Балансы/Фильтр Дата' is: '1, 2, 3 кв. 2024 года'

18-11-2024T02:51:43 - [TEST_STEP][PASSED] - m = m.substring(0, m.indexOf("2024")): null

18-11-2024T02:51:43 - [TEST_STEP][PASSED] - m = m.trim(): null

18-11-2024T02:51:43 - [TEST_STEP][PASSED] - dashboardName = "Выполнение бизнес-плана": null

18-11-2024T02:51:43 - [TEST_STEP][PASSED] - workbook01 = getWorkbook(excelFilePath): null

18-11-2024T02:51:43 - [TEST_STEP][PASSED] - sheet01 = getExcelSheet(workbook01, sheetName): null

18-11-2024T02:51:43 - [TEST_STEP][PASSED] - setValueToCellByIndex(sheet01, n, 0, dashboardName): null

18-11-2024T02:51:43 - [TEST_STEP][PASSED] - setValueToCellByIndex(sheet01, n, 1, dZO): null

18-11-2024T02:51:43 - [TEST_STEP][PASSED] - setValueToCellByIndex(sheet01, n, 2, typeOfData): null

18-11-2024T02:51:43 - [TEST_STEP][PASSED] - setValueToCellByIndex(sheet01, n, 3, typeOfData): null

18-11-2024T02:51:43 - [TEST_STEP][PASSED] - if (typeOfData == "План"): null

18-11-2024T02:51:43 - [TEST_STEP][PASSED] - else if (typeOfData == "Факт"): null

18-11-2024T02:51:43 - [TEST_STEP][PASSED] - else if (vidget.contains("электроэнергии") == true): null

18-11-2024T02:51:43 - [TEST_STEP][PASSED] - if (tabR == null): null

18-11-2024T02:51:43 - [TEST_STEP][PASSED] - else: null

18-11-2024T02:51:43 - [TEST_STEP][PASSED] - if (tabR == "нет данных"): null

18-11-2024T02:51:43 - [TEST_STEP][PASSED] - setValueToCellByIndex(sheet01, n, 4, "нет данных"): null

18-11-2024T02:51:43 - [TEST_STEP][PASSED] - if (tabB == null): null

18-11-2024T02:51:43 - [TEST_STEP][PASSED] - else: null

18-11-2024T02:51:43 - [TEST_STEP][PASSED] - if (tabB == "нет данных"): null

18-11-2024T02:51:43 - [TEST_STEP][PASSED] - else: null

18-11-2024T02:51:43 - [TEST_STEP][PASSED] - TB = tabB.toInteger(): null

18-11-2024T02:51:43 - [TEST_STEP][PASSED] - setValueToCellByIndex(sheet01, n, 5, TB): null

18-11-2024T02:51:43 - [TEST_STEP][PASSED] - setValueToCellByIndex(sheet01, n, 6, m): null

18-11-2024T02:51:43 - [TEST_STEP][PASSED] - setValueToCellByIndex(sheet01, n, 7, y): null

18-11-2024T02:51:43 - [TEST_STEP][PASSED] - setValueToCellByIndex(sheet01, n, 8, todaysDate): null

18-11-2024T02:51:43 - [TEST_STEP][PASSED] - n = n + 1: null

18-11-2024T02:51:43 - [TEST_STEP][PASSED] - saveWorkbook(excelFilePath, workbook01): null

18-11-2024T02:51:43 - [TEST_STEP][PASSED] - vidget = "Показатели баланса электроэнергии по ДЗО – План": null

18-11-2024T02:51:43 - [TEST_STEP][PASSED] - typeOfData = "План Отпуск в сеть": null

18-11-2024T02:51:43 - [TEST_STEP][PASSED] - tabR = GetOvSPlanR(x = a): null

18-11-2024T02:51:43 - [TEST_STEP][PASSED] - i1 = <not implemented yet for class: org.codehaus.groovy.ast.expr.EmptyExpression>: null

18-11-2024T02:51:43 - [TEST_STEP][PASSED] - ii = <not implemented yet for class: org.codehaus.groovy.ast.expr.EmptyExpression>: null

18-11-2024T02:51:43 - [TEST_STEP][PASSED] - for ([ii = 1, ii < 7, (ii++)]): null

18-11-2024T02:51:43 - [TEST_STEP][PASSED] - i1 = x.indexOf("/") + 1: null

18-11-2024T02:51:43 - [TEST_STEP][PASSED] - if (i1 > -1): null

18-11-2024T02:51:43 - [TEST_STEP][PASSED] - x = x.substring(i1, x.length()): null

18-11-2024T02:51:43 - [TEST_STEP][PASSED] - println(x): null

18-11-2024T02:51:43 - [TEST_STEP][PASSED] - i1 = x.indexOf("/") + 1: null

18-11-2024T02:51:43 - [TEST_STEP][PASSED] - if (i1 > -1): null

18-11-2024T02:51:43 - [TEST_STEP][PASSED] - x = x.substring(i1, x.length()): null

18-11-2024T02:51:43 - [TEST_STEP][PASSED] - println(x): null

18-11-2024T02:51:43 - [TEST_STEP][PASSED] - i1 = x.indexOf("/") + 1: null

18-11-2024T02:51:43 - [TEST_STEP][PASSED] - if (i1 > -1): null

18-11-2024T02:51:43 - [TEST_STEP][PASSED] - x = x.substring(i1, x.length()): null

18-11-2024T02:51:43 - [TEST_STEP][PASSED] - println(x): null

18-11-2024T02:51:43 - [TEST_STEP][PASSED] - i1 = x.indexOf("/") + 1: null

18-11-2024T02:51:43 - [TEST_STEP][PASSED] - if (i1 > -1): null

18-11-2024T02:51:43 - [TEST_STEP][PASSED] - x = x.substring(i1, x.length()): null

18-11-2024T02:51:43 - [TEST_STEP][PASSED] - println(x): null

18-11-2024T02:51:43 - [TEST_STEP][PASSED] - i1 = x.indexOf("/") + 1: null

18-11-2024T02:51:43 - [TEST_STEP][PASSED] - if (i1 > -1): null

18-11-2024T02:51:43 - [TEST_STEP][PASSED] - x = x.substring(i1, x.length()): null

18-11-2024T02:51:43 - [TEST_STEP][PASSED] - println(x): null

18-11-2024T02:51:43 - [TEST_STEP][PASSED] - i1 = x.indexOf("/") + 1: null

18-11-2024T02:51:43 - [TEST_STEP][PASSED] - if (i1 > -1): null

18-11-2024T02:51:43 - [TEST_STEP][PASSED] - x = x.substring(i1, x.length()): null

18-11-2024T02:51:43 - [TEST_STEP][PASSED] - println(x): null

18-11-2024T02:51:43 - [TEST_STEP][PASSED] - i1 = x.indexOf("/"): null

18-11-2024T02:51:43 - [TEST_STEP][PASSED] - if (i1 > -1): null

18-11-2024T02:51:43 - [TEST_STEP][PASSED] - x = x.substring(0, i1): null

18-11-2024T02:51:43 - [TEST_STEP][PASSED] - println(x): null

18-11-2024T02:51:43 - [TEST_STEP][PASSED] - return x: null

18-11-2024T02:51:43 - [TEST_STEP][PASSED] - tabB = GetOvSPlanB(x = b): null

18-11-2024T02:51:43 - [TEST_STEP][PASSED] - i1 = <not implemented yet for class: org.codehaus.groovy.ast.expr.EmptyExpression>: null

18-11-2024T02:51:43 - [TEST_STEP][PASSED] - ii = <not implemented yet for class: org.codehaus.groovy.ast.expr.EmptyExpression>: null

18-11-2024T02:51:43 - [TEST_STEP][PASSED] - for ([ii = 1, ii < 7, (ii++)]): null

18-11-2024T02:51:43 - [TEST_STEP][PASSED] - i1 = x.indexOf("/") + 1: null

18-11-2024T02:51:43 - [TEST_STEP][PASSED] - if (i1 > -1): null

18-11-2024T02:51:43 - [TEST_STEP][PASSED] - x = x.substring(i1, x.length()): null

18-11-2024T02:51:43 - [TEST_STEP][PASSED] - println(x): null

18-11-2024T02:51:43 - [TEST_STEP][PASSED] - i1 = x.indexOf("/") + 1: null

18-11-2024T02:51:43 - [TEST_STEP][PASSED] - if (i1 > -1): null

18-11-2024T02:51:43 - [TEST_STEP][PASSED] - x = x.substring(i1, x.length()): null

18-11-2024T02:51:43 - [TEST_STEP][PASSED] - println(x): null

18-11-2024T02:51:43 - [TEST_STEP][PASSED] - i1 = x.indexOf("/") + 1: null

18-11-2024T02:51:43 - [TEST_STEP][PASSED] - if (i1 > -1): null

18-11-2024T02:51:43 - [TEST_STEP][PASSED] - x = x.substring(i1, x.length()): null

18-11-2024T02:51:43 - [TEST_STEP][PASSED] - println(x): null

18-11-2024T02:51:43 - [TEST_STEP][PASSED] - i1 = x.indexOf("/") + 1: null

18-11-2024T02:51:43 - [TEST_STEP][PASSED] - if (i1 > -1): null

18-11-2024T02:51:43 - [TEST_STEP][PASSED] - x = x.substring(i1, x.length()): null

18-11-2024T02:51:43 - [TEST_STEP][PASSED] - println(x): null

18-11-2024T02:51:43 - [TEST_STEP][PASSED] - i1 = x.indexOf("/") + 1: null

18-11-2024T02:51:43 - [TEST_STEP][PASSED] - if (i1 > -1): null

18-11-2024T02:51:43 - [TEST_STEP][PASSED] - x = x.substring(i1, x.length()): null

18-11-2024T02:51:43 - [TEST_STEP][PASSED] - println(x): null

18-11-2024T02:51:43 - [TEST_STEP][PASSED] - i1 = x.indexOf("/") + 1: null

18-11-2024T02:51:43 - [TEST_STEP][PASSED] - if (i1 > -1): null

18-11-2024T02:51:43 - [TEST_STEP][PASSED] - x = x.substring(i1, x.length()): null

18-11-2024T02:51:43 - [TEST_STEP][PASSED] - println(x): null

18-11-2024T02:51:43 - [TEST_STEP][PASSED] - i1 = x.indexOf("/"): null

18-11-2024T02:51:43 - [TEST_STEP][PASSED] - if (i1 > -1): null

18-11-2024T02:51:43 - [TEST_STEP][PASSED] - x = x.substring(0, i1): null

18-11-2024T02:51:43 - [TEST_STEP][PASSED] - println(x): null

18-11-2024T02:51:43 - [TEST_STEP][FAILED] - return x: null

18-11-2024T02:51:43 - [TEST_STEP][PASSED] - println(tabR + "/" + tabB): null

18-11-2024T02:51:43 - [TEST_STEP][FAILED] - if (verifyEqual(PercFactR, PercFactB) == false): null

18-11-2024T02:51:43 - [MESSAGE][FAILED] - Unable to verify equal between actual object 'нет данных' and expected object '7.11' (Root cause: com.kms.katalon.core.exception.StepFailedException: Actual object 'нет данных' and expected object '7.11' are not equal
	at com.kms.katalon.core.keyword.builtin.VerifyEqualKeyword$_verifyEqual_closure1.doCall(VerifyEqualKeyword.groovy:58)
	at com.kms.katalon.core.keyword.builtin.VerifyEqualKeyword$_verifyEqual_closure1.call(VerifyEqualKeyword.groovy)
	at com.kms.katalon.core.keyword.internal.KeywordMain.runKeyword(KeywordMain.groovy:75)
	at com.kms.katalon.core.keyword.builtin.VerifyEqualKeyword.verifyEqual(VerifyEqualKeyword.groovy:63)
	at com.kms.katalon.core.keyword.builtin.VerifyEqualKeyword.execute(VerifyEqualKeyword.groovy:44)
	at com.kms.katalon.core.keyword.internal.KeywordExecutor.executeKeywordForPlatform(KeywordExecutor.groovy:74)
	at com.kms.katalon.core.keyword.BuiltinKeywords.verifyEqual(BuiltinKeywords.groovy:146)
	at jdk.internal.reflect.GeneratedMethodAccessor25.invoke(Unknown Source)
	at java.base/jdk.internal.reflect.DelegatingMethodAccessorImpl.invoke(DelegatingMethodAccessorImpl.java:43)
	at Выполнение бизнес-плана сверка дашбордов.CompareDZOData(Выполнение бизнес-плана сверка дашбордов:745)
	at Выполнение бизнес-плана сверка дашбордов.run(Выполнение бизнес-плана сверка дашбордов:613)
	at com.kms.katalon.core.main.ScriptEngine.run(ScriptEngine.java:194)
	at com.kms.katalon.core.main.ScriptEngine.runScriptAsRawText(ScriptEngine.java:119)
	at com.kms.katalon.core.main.TestCaseExecutor.runScript(TestCaseExecutor.java:448)
	at com.kms.katalon.core.main.TestCaseExecutor.doExecute(TestCaseExecutor.java:439)
	at com.kms.katalon.core.main.TestCaseExecutor.processExecutionPhase(TestCaseExecutor.java:418)
	at com.kms.katalon.core.main.TestCaseExecutor.accessMainPhase(TestCaseExecutor.java:410)
	at com.kms.katalon.core.main.TestCaseExecutor.execute(TestCaseExecutor.java:285)
	at com.kms.katalon.core.common.CommonExecutor.accessTestCaseMainPhase(CommonExecutor.java:65)
	at com.kms.katalon.core.main.TestSuiteExecutor.accessTestSuiteMainPhase(TestSuiteExecutor.java:150)
	at com.kms.katalon.core.main.TestSuiteExecutor.execute(TestSuiteExecutor.java:106)
	at com.kms.katalon.core.main.TestCaseMain.startTestSuite(TestCaseMain.java:180)
	at TempTestSuite1731886967590.run(TempTestSuite1731886967590.groovy:35)
	at java.base/jdk.internal.reflect.NativeMethodAccessorImpl.invoke0(Native Method)
	at java.base/jdk.internal.reflect.NativeMethodAccessorImpl.invoke(NativeMethodAccessorImpl.java:77)
	at java.base/jdk.internal.reflect.DelegatingMethodAccessorImpl.invoke(DelegatingMethodAccessorImpl.java:43)
)

18-11-2024T02:51:43 - [TEST_STEP][PASSED] - result = WriteToExcel(typeOfData, todaysDate, PercPlanR, PercPlanB, PercFactR, PercFactB, x, tabR, tabB, o1R, o1B, vidget): null

18-11-2024T02:51:43 - [TEST_STEP][PASSED] - iii = dZO.indexOf("/"): null

18-11-2024T02:51:43 - [TEST_STEP][PASSED] - println(iii): null

18-11-2024T02:51:43 - [TEST_STEP][PASSED] - dZO = dZO.substring(0, iii): null

18-11-2024T02:51:43 - [TEST_STEP][PASSED] - println(dZO): null

18-11-2024T02:51:43 - [TEST_STEP][PASSED] - println(PercPlanR): null

18-11-2024T02:51:43 - [TEST_STEP][PASSED] - println(PercPlanB): null

18-11-2024T02:51:43 - [TEST_STEP][PASSED] - println(PercFactR): null

18-11-2024T02:51:43 - [TEST_STEP][PASSED] - println(PercFactB): null

18-11-2024T02:51:43 - [TEST_STEP][PASSED] - println(tabR): null

18-11-2024T02:51:43 - [TEST_STEP][PASSED] - println(tabB): null

18-11-2024T02:51:43 - [TEST_STEP][PASSED] - println(o1R): null

18-11-2024T02:51:43 - [TEST_STEP][PASSED] - println(o1B): null

18-11-2024T02:51:43 - [TEST_STEP][PASSED] - PR = <not implemented yet for class: org.codehaus.groovy.ast.expr.EmptyExpression>: null

18-11-2024T02:51:43 - [TEST_STEP][PASSED] - FR = <not implemented yet for class: org.codehaus.groovy.ast.expr.EmptyExpression>: null

18-11-2024T02:51:43 - [TEST_STEP][PASSED] - PB = <not implemented yet for class: org.codehaus.groovy.ast.expr.EmptyExpression>: null

18-11-2024T02:51:43 - [TEST_STEP][PASSED] - FB = <not implemented yet for class: org.codehaus.groovy.ast.expr.EmptyExpression>: null

18-11-2024T02:51:43 - [TEST_STEP][PASSED] - TR = <not implemented yet for class: org.codehaus.groovy.ast.expr.EmptyExpression>: null

18-11-2024T02:51:43 - [TEST_STEP][PASSED] - TB = <not implemented yet for class: org.codehaus.groovy.ast.expr.EmptyExpression>: null

18-11-2024T02:51:43 - [TEST_STEP][PASSED] - sheetName = "Sheet1": null

18-11-2024T02:51:43 - [TEST_STEP][PASSED] - data = findTestData("PlanFact"): null

18-11-2024T02:51:43 - [TEST_STEP][PASSED] - n = data.getRowNumbers() + 1: null

18-11-2024T02:51:43 - [TEST_STEP][PASSED] - year = todaysDate.substring(todaysDate.length() - 4, todaysDate.length()): null

18-11-2024T02:51:43 - [TEST_STEP][PASSED] - y = year.toInteger(): null

18-11-2024T02:51:43 - [TEST_STEP][PASSED] - m = getText(findTestObject("Выполнение бизнес-плана/Выполнение бизнес-плана Балансы/Фильтр Дата")): Text of object 'Object Repository/Выполнение бизнес-плана/Выполнение бизнес-плана Балансы/Фильтр Дата' is: '1, 2, 3 кв. 2024 года'

18-11-2024T02:51:44 - [MESSAGE][PASSED] - Text of object 'Object Repository/Выполнение бизнес-плана/Выполнение бизнес-плана Балансы/Фильтр Дата' is: '1, 2, 3 кв. 2024 года'

18-11-2024T02:51:44 - [TEST_STEP][PASSED] - m = m.substring(0, m.indexOf("2024")): null

18-11-2024T02:51:44 - [TEST_STEP][PASSED] - m = m.trim(): null

18-11-2024T02:51:44 - [TEST_STEP][PASSED] - dashboardName = "Выполнение бизнес-плана": null

18-11-2024T02:51:44 - [TEST_STEP][PASSED] - workbook01 = getWorkbook(excelFilePath): null

18-11-2024T02:51:44 - [TEST_STEP][PASSED] - sheet01 = getExcelSheet(workbook01, sheetName): null

18-11-2024T02:51:44 - [TEST_STEP][PASSED] - setValueToCellByIndex(sheet01, n, 0, dashboardName): null

18-11-2024T02:51:44 - [TEST_STEP][PASSED] - setValueToCellByIndex(sheet01, n, 1, dZO): null

18-11-2024T02:51:44 - [TEST_STEP][PASSED] - setValueToCellByIndex(sheet01, n, 2, typeOfData): null

18-11-2024T02:51:44 - [TEST_STEP][PASSED] - setValueToCellByIndex(sheet01, n, 3, typeOfData): null

18-11-2024T02:51:44 - [TEST_STEP][PASSED] - if (typeOfData == "План"): null

18-11-2024T02:51:44 - [TEST_STEP][PASSED] - else if (typeOfData == "Факт"): null

18-11-2024T02:51:44 - [TEST_STEP][PASSED] - else if (vidget.contains("электроэнергии") == true): null

18-11-2024T02:51:44 - [TEST_STEP][PASSED] - if (tabR == null): null

18-11-2024T02:51:44 - [TEST_STEP][PASSED] - else: null

18-11-2024T02:51:44 - [TEST_STEP][PASSED] - if (tabR == "нет данных"): null

18-11-2024T02:51:44 - [TEST_STEP][PASSED] - setValueToCellByIndex(sheet01, n, 4, "нет данных"): null

18-11-2024T02:51:44 - [TEST_STEP][PASSED] - if (tabB == null): null

18-11-2024T02:51:44 - [TEST_STEP][PASSED] - else: null

18-11-2024T02:51:44 - [TEST_STEP][PASSED] - if (tabB == "нет данных"): null

18-11-2024T02:51:44 - [TEST_STEP][PASSED] - else: null

18-11-2024T02:51:44 - [TEST_STEP][PASSED] - TB = tabB.toInteger(): null

18-11-2024T02:51:44 - [TEST_STEP][PASSED] - setValueToCellByIndex(sheet01, n, 5, TB): null

18-11-2024T02:51:44 - [TEST_STEP][PASSED] - setValueToCellByIndex(sheet01, n, 6, m): null

18-11-2024T02:51:44 - [TEST_STEP][PASSED] - setValueToCellByIndex(sheet01, n, 7, y): null

18-11-2024T02:51:44 - [TEST_STEP][PASSED] - setValueToCellByIndex(sheet01, n, 8, todaysDate): null

18-11-2024T02:51:44 - [TEST_STEP][PASSED] - n = n + 1: null

18-11-2024T02:51:44 - [TEST_STEP][PASSED] - saveWorkbook(excelFilePath, workbook01): null

18-11-2024T02:51:44 - [TEST_STEP][PASSED] - typeOfData = "План Отпуск из сети": null

18-11-2024T02:51:44 - [TEST_STEP][PASSED] - tabR = GetOiSPlanR(x = a): null

18-11-2024T02:51:44 - [TEST_STEP][PASSED] - i1 = <not implemented yet for class: org.codehaus.groovy.ast.expr.EmptyExpression>: null

18-11-2024T02:51:44 - [TEST_STEP][PASSED] - ii = <not implemented yet for class: org.codehaus.groovy.ast.expr.EmptyExpression>: null

18-11-2024T02:51:44 - [TEST_STEP][PASSED] - for ([ii = 1, ii < 8, (ii++)]): null

18-11-2024T02:51:44 - [TEST_STEP][PASSED] - i1 = x.indexOf("/") + 1: null

18-11-2024T02:51:44 - [TEST_STEP][PASSED] - if (i1 > -1): null

18-11-2024T02:51:44 - [TEST_STEP][PASSED] - x = x.substring(i1, x.length()): null

18-11-2024T02:51:44 - [TEST_STEP][PASSED] - println(x): null

18-11-2024T02:51:44 - [TEST_STEP][PASSED] - i1 = x.indexOf("/") + 1: null

18-11-2024T02:51:44 - [TEST_STEP][PASSED] - if (i1 > -1): null

18-11-2024T02:51:44 - [TEST_STEP][PASSED] - x = x.substring(i1, x.length()): null

18-11-2024T02:51:44 - [TEST_STEP][PASSED] - println(x): null

18-11-2024T02:51:44 - [TEST_STEP][PASSED] - i1 = x.indexOf("/") + 1: null

18-11-2024T02:51:44 - [TEST_STEP][PASSED] - if (i1 > -1): null

18-11-2024T02:51:44 - [TEST_STEP][PASSED] - x = x.substring(i1, x.length()): null

18-11-2024T02:51:44 - [TEST_STEP][PASSED] - println(x): null

18-11-2024T02:51:44 - [TEST_STEP][PASSED] - i1 = x.indexOf("/") + 1: null

18-11-2024T02:51:44 - [TEST_STEP][PASSED] - if (i1 > -1): null

18-11-2024T02:51:44 - [TEST_STEP][PASSED] - x = x.substring(i1, x.length()): null

18-11-2024T02:51:44 - [TEST_STEP][PASSED] - println(x): null

18-11-2024T02:51:44 - [TEST_STEP][PASSED] - i1 = x.indexOf("/") + 1: null

18-11-2024T02:51:44 - [TEST_STEP][PASSED] - if (i1 > -1): null

18-11-2024T02:51:44 - [TEST_STEP][PASSED] - x = x.substring(i1, x.length()): null

18-11-2024T02:51:44 - [TEST_STEP][PASSED] - println(x): null

18-11-2024T02:51:44 - [TEST_STEP][PASSED] - i1 = x.indexOf("/") + 1: null

18-11-2024T02:51:44 - [TEST_STEP][PASSED] - if (i1 > -1): null

18-11-2024T02:51:44 - [TEST_STEP][PASSED] - x = x.substring(i1, x.length()): null

18-11-2024T02:51:44 - [TEST_STEP][PASSED] - println(x): null

18-11-2024T02:51:44 - [TEST_STEP][PASSED] - i1 = x.indexOf("/") + 1: null

18-11-2024T02:51:44 - [TEST_STEP][PASSED] - if (i1 > -1): null

18-11-2024T02:51:44 - [TEST_STEP][PASSED] - x = x.substring(i1, x.length()): null

18-11-2024T02:51:44 - [TEST_STEP][PASSED] - println(x): null

18-11-2024T02:51:44 - [TEST_STEP][PASSED] - i1 = x.indexOf("/"): null

18-11-2024T02:51:44 - [TEST_STEP][PASSED] - if (i1 > -1): null

18-11-2024T02:51:44 - [TEST_STEP][PASSED] - x = x.substring(0, i1): null

18-11-2024T02:51:44 - [TEST_STEP][PASSED] - println(x): null

18-11-2024T02:51:44 - [TEST_STEP][PASSED] - return x: null

18-11-2024T02:51:44 - [TEST_STEP][PASSED] - tabB = GetOiSPlanB(x = b): null

18-11-2024T02:51:44 - [TEST_STEP][PASSED] - i1 = <not implemented yet for class: org.codehaus.groovy.ast.expr.EmptyExpression>: null

18-11-2024T02:51:44 - [TEST_STEP][PASSED] - ii = <not implemented yet for class: org.codehaus.groovy.ast.expr.EmptyExpression>: null

18-11-2024T02:51:44 - [TEST_STEP][PASSED] - for ([ii = 1, ii < 8, (ii++)]): null

18-11-2024T02:51:44 - [TEST_STEP][PASSED] - i1 = x.indexOf("/") + 1: null

18-11-2024T02:51:44 - [TEST_STEP][PASSED] - if (i1 > -1): null

18-11-2024T02:51:44 - [TEST_STEP][PASSED] - x = x.substring(i1, x.length()): null

18-11-2024T02:51:44 - [TEST_STEP][PASSED] - println(x): null

18-11-2024T02:51:44 - [TEST_STEP][PASSED] - i1 = x.indexOf("/") + 1: null

18-11-2024T02:51:44 - [TEST_STEP][PASSED] - if (i1 > -1): null

18-11-2024T02:51:44 - [TEST_STEP][PASSED] - x = x.substring(i1, x.length()): null

18-11-2024T02:51:44 - [TEST_STEP][PASSED] - println(x): null

18-11-2024T02:51:44 - [TEST_STEP][PASSED] - i1 = x.indexOf("/") + 1: null

18-11-2024T02:51:44 - [TEST_STEP][PASSED] - if (i1 > -1): null

18-11-2024T02:51:44 - [TEST_STEP][PASSED] - x = x.substring(i1, x.length()): null

18-11-2024T02:51:44 - [TEST_STEP][PASSED] - println(x): null

18-11-2024T02:51:44 - [TEST_STEP][PASSED] - i1 = x.indexOf("/") + 1: null

18-11-2024T02:51:44 - [TEST_STEP][PASSED] - if (i1 > -1): null

18-11-2024T02:51:44 - [TEST_STEP][PASSED] - x = x.substring(i1, x.length()): null

18-11-2024T02:51:44 - [TEST_STEP][PASSED] - println(x): null

18-11-2024T02:51:44 - [TEST_STEP][PASSED] - i1 = x.indexOf("/") + 1: null

18-11-2024T02:51:44 - [TEST_STEP][PASSED] - if (i1 > -1): null

18-11-2024T02:51:44 - [TEST_STEP][PASSED] - x = x.substring(i1, x.length()): null

18-11-2024T02:51:44 - [TEST_STEP][PASSED] - println(x): null

18-11-2024T02:51:44 - [TEST_STEP][PASSED] - i1 = x.indexOf("/") + 1: null

18-11-2024T02:51:44 - [TEST_STEP][PASSED] - if (i1 > -1): null

18-11-2024T02:51:44 - [TEST_STEP][PASSED] - x = x.substring(i1, x.length()): null

18-11-2024T02:51:44 - [TEST_STEP][PASSED] - println(x): null

18-11-2024T02:51:44 - [TEST_STEP][PASSED] - i1 = x.indexOf("/") + 1: null

18-11-2024T02:51:44 - [TEST_STEP][PASSED] - if (i1 > -1): null

18-11-2024T02:51:44 - [TEST_STEP][PASSED] - x = x.substring(i1, x.length()): null

18-11-2024T02:51:44 - [TEST_STEP][PASSED] - println(x): null

18-11-2024T02:51:44 - [TEST_STEP][PASSED] - i1 = x.indexOf("/"): null

18-11-2024T02:51:44 - [TEST_STEP][PASSED] - if (i1 > -1): null

18-11-2024T02:51:44 - [TEST_STEP][PASSED] - x = x.substring(0, i1): null

18-11-2024T02:51:44 - [TEST_STEP][PASSED] - println(x): null

18-11-2024T02:51:44 - [TEST_STEP][FAILED] - return x: null

18-11-2024T02:51:44 - [TEST_STEP][PASSED] - println(tabR + "/" + tabB): null

18-11-2024T02:51:44 - [TEST_STEP][FAILED] - if (verifyEqual(PercFactR, PercFactB) == false): null

18-11-2024T02:51:44 - [MESSAGE][FAILED] - Unable to verify equal between actual object 'нет данных' and expected object '7.11' (Root cause: com.kms.katalon.core.exception.StepFailedException: Actual object 'нет данных' and expected object '7.11' are not equal
	at com.kms.katalon.core.keyword.builtin.VerifyEqualKeyword$_verifyEqual_closure1.doCall(VerifyEqualKeyword.groovy:58)
	at com.kms.katalon.core.keyword.builtin.VerifyEqualKeyword$_verifyEqual_closure1.call(VerifyEqualKeyword.groovy)
	at com.kms.katalon.core.keyword.internal.KeywordMain.runKeyword(KeywordMain.groovy:75)
	at com.kms.katalon.core.keyword.builtin.VerifyEqualKeyword.verifyEqual(VerifyEqualKeyword.groovy:63)
	at com.kms.katalon.core.keyword.builtin.VerifyEqualKeyword.execute(VerifyEqualKeyword.groovy:44)
	at com.kms.katalon.core.keyword.internal.KeywordExecutor.executeKeywordForPlatform(KeywordExecutor.groovy:74)
	at com.kms.katalon.core.keyword.BuiltinKeywords.verifyEqual(BuiltinKeywords.groovy:146)
	at jdk.internal.reflect.GeneratedMethodAccessor25.invoke(Unknown Source)
	at java.base/jdk.internal.reflect.DelegatingMethodAccessorImpl.invoke(DelegatingMethodAccessorImpl.java:43)
	at Выполнение бизнес-плана сверка дашбордов.CompareDZOData(Выполнение бизнес-плана сверка дашбордов:758)
	at Выполнение бизнес-плана сверка дашбордов.run(Выполнение бизнес-плана сверка дашбордов:613)
	at com.kms.katalon.core.main.ScriptEngine.run(ScriptEngine.java:194)
	at com.kms.katalon.core.main.ScriptEngine.runScriptAsRawText(ScriptEngine.java:119)
	at com.kms.katalon.core.main.TestCaseExecutor.runScript(TestCaseExecutor.java:448)
	at com.kms.katalon.core.main.TestCaseExecutor.doExecute(TestCaseExecutor.java:439)
	at com.kms.katalon.core.main.TestCaseExecutor.processExecutionPhase(TestCaseExecutor.java:418)
	at com.kms.katalon.core.main.TestCaseExecutor.accessMainPhase(TestCaseExecutor.java:410)
	at com.kms.katalon.core.main.TestCaseExecutor.execute(TestCaseExecutor.java:285)
	at com.kms.katalon.core.common.CommonExecutor.accessTestCaseMainPhase(CommonExecutor.java:65)
	at com.kms.katalon.core.main.TestSuiteExecutor.accessTestSuiteMainPhase(TestSuiteExecutor.java:150)
	at com.kms.katalon.core.main.TestSuiteExecutor.execute(TestSuiteExecutor.java:106)
	at com.kms.katalon.core.main.TestCaseMain.startTestSuite(TestCaseMain.java:180)
	at TempTestSuite1731886967590.run(TempTestSuite1731886967590.groovy:35)
	at java.base/jdk.internal.reflect.NativeMethodAccessorImpl.invoke0(Native Method)
	at java.base/jdk.internal.reflect.NativeMethodAccessorImpl.invoke(NativeMethodAccessorImpl.java:77)
	at java.base/jdk.internal.reflect.DelegatingMethodAccessorImpl.invoke(DelegatingMethodAccessorImpl.java:43)
)

18-11-2024T02:51:44 - [TEST_STEP][PASSED] - result = WriteToExcel(typeOfData, todaysDate, PercPlanR, PercPlanB, PercFactR, PercFactB, x, tabR, tabB, o1R, o1B, vidget): null

18-11-2024T02:51:44 - [TEST_STEP][PASSED] - iii = dZO.indexOf("/"): null

18-11-2024T02:51:44 - [TEST_STEP][PASSED] - println(iii): null

18-11-2024T02:51:44 - [TEST_STEP][PASSED] - dZO = dZO.substring(0, iii): null

18-11-2024T02:51:44 - [TEST_STEP][PASSED] - println(dZO): null

18-11-2024T02:51:44 - [TEST_STEP][PASSED] - println(PercPlanR): null

18-11-2024T02:51:44 - [TEST_STEP][PASSED] - println(PercPlanB): null

18-11-2024T02:51:44 - [TEST_STEP][PASSED] - println(PercFactR): null

18-11-2024T02:51:44 - [TEST_STEP][PASSED] - println(PercFactB): null

18-11-2024T02:51:44 - [TEST_STEP][PASSED] - println(tabR): null

18-11-2024T02:51:44 - [TEST_STEP][PASSED] - println(tabB): null

18-11-2024T02:51:44 - [TEST_STEP][PASSED] - println(o1R): null

18-11-2024T02:51:44 - [TEST_STEP][PASSED] - println(o1B): null

18-11-2024T02:51:44 - [TEST_STEP][PASSED] - PR = <not implemented yet for class: org.codehaus.groovy.ast.expr.EmptyExpression>: null

18-11-2024T02:51:44 - [TEST_STEP][PASSED] - FR = <not implemented yet for class: org.codehaus.groovy.ast.expr.EmptyExpression>: null

18-11-2024T02:51:44 - [TEST_STEP][PASSED] - PB = <not implemented yet for class: org.codehaus.groovy.ast.expr.EmptyExpression>: null

18-11-2024T02:51:44 - [TEST_STEP][PASSED] - FB = <not implemented yet for class: org.codehaus.groovy.ast.expr.EmptyExpression>: null

18-11-2024T02:51:44 - [TEST_STEP][PASSED] - TR = <not implemented yet for class: org.codehaus.groovy.ast.expr.EmptyExpression>: null

18-11-2024T02:51:44 - [TEST_STEP][PASSED] - TB = <not implemented yet for class: org.codehaus.groovy.ast.expr.EmptyExpression>: null

18-11-2024T02:51:44 - [TEST_STEP][PASSED] - sheetName = "Sheet1": null

18-11-2024T02:51:44 - [TEST_STEP][PASSED] - data = findTestData("PlanFact"): null

18-11-2024T02:51:44 - [TEST_STEP][PASSED] - n = data.getRowNumbers() + 1: null

18-11-2024T02:51:44 - [TEST_STEP][PASSED] - year = todaysDate.substring(todaysDate.length() - 4, todaysDate.length()): null

18-11-2024T02:51:44 - [TEST_STEP][PASSED] - y = year.toInteger(): null

18-11-2024T02:51:44 - [TEST_STEP][PASSED] - m = getText(findTestObject("Выполнение бизнес-плана/Выполнение бизнес-плана Балансы/Фильтр Дата")): Text of object 'Object Repository/Выполнение бизнес-плана/Выполнение бизнес-плана Балансы/Фильтр Дата' is: '1, 2, 3 кв. 2024 года'

18-11-2024T02:51:44 - [MESSAGE][PASSED] - Text of object 'Object Repository/Выполнение бизнес-плана/Выполнение бизнес-плана Балансы/Фильтр Дата' is: '1, 2, 3 кв. 2024 года'

18-11-2024T02:51:44 - [TEST_STEP][PASSED] - m = m.substring(0, m.indexOf("2024")): null

18-11-2024T02:51:44 - [TEST_STEP][PASSED] - m = m.trim(): null

18-11-2024T02:51:44 - [TEST_STEP][PASSED] - dashboardName = "Выполнение бизнес-плана": null

18-11-2024T02:51:44 - [TEST_STEP][PASSED] - workbook01 = getWorkbook(excelFilePath): null

18-11-2024T02:51:44 - [TEST_STEP][PASSED] - sheet01 = getExcelSheet(workbook01, sheetName): null

18-11-2024T02:51:44 - [TEST_STEP][PASSED] - setValueToCellByIndex(sheet01, n, 0, dashboardName): null

18-11-2024T02:51:44 - [TEST_STEP][PASSED] - setValueToCellByIndex(sheet01, n, 1, dZO): null

18-11-2024T02:51:44 - [TEST_STEP][PASSED] - setValueToCellByIndex(sheet01, n, 2, typeOfData): null

18-11-2024T02:51:44 - [TEST_STEP][PASSED] - setValueToCellByIndex(sheet01, n, 3, typeOfData): null

18-11-2024T02:51:44 - [TEST_STEP][PASSED] - if (typeOfData == "План"): null

18-11-2024T02:51:44 - [TEST_STEP][PASSED] - else if (typeOfData == "Факт"): null

18-11-2024T02:51:44 - [TEST_STEP][PASSED] - else if (vidget.contains("электроэнергии") == true): null

18-11-2024T02:51:44 - [TEST_STEP][PASSED] - if (tabR == null): null

18-11-2024T02:51:44 - [TEST_STEP][PASSED] - else: null

18-11-2024T02:51:44 - [TEST_STEP][PASSED] - if (tabR == "нет данных"): null

18-11-2024T02:51:44 - [TEST_STEP][PASSED] - setValueToCellByIndex(sheet01, n, 4, "нет данных"): null

18-11-2024T02:51:44 - [TEST_STEP][PASSED] - if (tabB == null): null

18-11-2024T02:51:44 - [TEST_STEP][PASSED] - else: null

18-11-2024T02:51:44 - [TEST_STEP][PASSED] - if (tabB == "нет данных"): null

18-11-2024T02:51:44 - [TEST_STEP][PASSED] - else: null

18-11-2024T02:51:44 - [TEST_STEP][PASSED] - TB = tabB.toInteger(): null

18-11-2024T02:51:44 - [TEST_STEP][PASSED] - setValueToCellByIndex(sheet01, n, 5, TB): null

18-11-2024T02:51:44 - [TEST_STEP][PASSED] - setValueToCellByIndex(sheet01, n, 6, m): null

18-11-2024T02:51:44 - [TEST_STEP][PASSED] - setValueToCellByIndex(sheet01, n, 7, y): null

18-11-2024T02:51:44 - [TEST_STEP][PASSED] - setValueToCellByIndex(sheet01, n, 8, todaysDate): null

18-11-2024T02:51:44 - [TEST_STEP][PASSED] - n = n + 1: null

18-11-2024T02:51:44 - [TEST_STEP][PASSED] - saveWorkbook(excelFilePath, workbook01): null

18-11-2024T02:51:45 - [TEST_STEP][PASSED] - typeOfData = "План Потери": null

18-11-2024T02:51:45 - [TEST_STEP][PASSED] - tabR = GetPPlanR(x = a): null

18-11-2024T02:51:45 - [TEST_STEP][PASSED] - i1 = <not implemented yet for class: org.codehaus.groovy.ast.expr.EmptyExpression>: null

18-11-2024T02:51:45 - [TEST_STEP][PASSED] - ii = <not implemented yet for class: org.codehaus.groovy.ast.expr.EmptyExpression>: null

18-11-2024T02:51:45 - [TEST_STEP][PASSED] - for ([ii = 1, ii < 9, (ii++)]): null

18-11-2024T02:51:45 - [TEST_STEP][PASSED] - i1 = x.indexOf("/") + 1: null

18-11-2024T02:51:45 - [TEST_STEP][PASSED] - if (i1 > -1): null

18-11-2024T02:51:45 - [TEST_STEP][PASSED] - x = x.substring(i1, x.length()): null

18-11-2024T02:51:45 - [TEST_STEP][PASSED] - println(x): null

18-11-2024T02:51:45 - [TEST_STEP][PASSED] - i1 = x.indexOf("/") + 1: null

18-11-2024T02:51:45 - [TEST_STEP][PASSED] - if (i1 > -1): null

18-11-2024T02:51:45 - [TEST_STEP][PASSED] - x = x.substring(i1, x.length()): null

18-11-2024T02:51:45 - [TEST_STEP][PASSED] - println(x): null

18-11-2024T02:51:45 - [TEST_STEP][PASSED] - i1 = x.indexOf("/") + 1: null

18-11-2024T02:51:45 - [TEST_STEP][PASSED] - if (i1 > -1): null

18-11-2024T02:51:45 - [TEST_STEP][PASSED] - x = x.substring(i1, x.length()): null

18-11-2024T02:51:45 - [TEST_STEP][PASSED] - println(x): null

18-11-2024T02:51:45 - [TEST_STEP][PASSED] - i1 = x.indexOf("/") + 1: null

18-11-2024T02:51:45 - [TEST_STEP][PASSED] - if (i1 > -1): null

18-11-2024T02:51:45 - [TEST_STEP][PASSED] - x = x.substring(i1, x.length()): null

18-11-2024T02:51:45 - [TEST_STEP][PASSED] - println(x): null

18-11-2024T02:51:45 - [TEST_STEP][PASSED] - i1 = x.indexOf("/") + 1: null

18-11-2024T02:51:45 - [TEST_STEP][PASSED] - if (i1 > -1): null

18-11-2024T02:51:45 - [TEST_STEP][PASSED] - x = x.substring(i1, x.length()): null

18-11-2024T02:51:45 - [TEST_STEP][PASSED] - println(x): null

18-11-2024T02:51:45 - [TEST_STEP][PASSED] - i1 = x.indexOf("/") + 1: null

18-11-2024T02:51:45 - [TEST_STEP][PASSED] - if (i1 > -1): null

18-11-2024T02:51:45 - [TEST_STEP][PASSED] - x = x.substring(i1, x.length()): null

18-11-2024T02:51:45 - [TEST_STEP][PASSED] - println(x): null

18-11-2024T02:51:45 - [TEST_STEP][PASSED] - i1 = x.indexOf("/") + 1: null

18-11-2024T02:51:45 - [TEST_STEP][PASSED] - if (i1 > -1): null

18-11-2024T02:51:45 - [TEST_STEP][PASSED] - x = x.substring(i1, x.length()): null

18-11-2024T02:51:45 - [TEST_STEP][PASSED] - println(x): null

18-11-2024T02:51:45 - [TEST_STEP][PASSED] - i1 = x.indexOf("/") + 1: null

18-11-2024T02:51:45 - [TEST_STEP][PASSED] - if (i1 > -1): null

18-11-2024T02:51:45 - [TEST_STEP][PASSED] - x = x.substring(i1, x.length()): null

18-11-2024T02:51:45 - [TEST_STEP][PASSED] - println(x): null

18-11-2024T02:51:45 - [TEST_STEP][PASSED] - i1 = x.indexOf("/"): null

18-11-2024T02:51:45 - [TEST_STEP][PASSED] - if (i1 > -1): null

18-11-2024T02:51:45 - [TEST_STEP][PASSED] - x = x.substring(0, i1): null

18-11-2024T02:51:45 - [TEST_STEP][PASSED] - println(x): null

18-11-2024T02:51:45 - [TEST_STEP][PASSED] - return x: null

18-11-2024T02:51:45 - [TEST_STEP][PASSED] - tabB = GetPPlanB(x = b): null

18-11-2024T02:51:45 - [TEST_STEP][PASSED] - i1 = <not implemented yet for class: org.codehaus.groovy.ast.expr.EmptyExpression>: null

18-11-2024T02:51:45 - [TEST_STEP][PASSED] - ii = <not implemented yet for class: org.codehaus.groovy.ast.expr.EmptyExpression>: null

18-11-2024T02:51:45 - [TEST_STEP][PASSED] - for ([ii = 1, ii < 9, (ii++)]): null

18-11-2024T02:51:45 - [TEST_STEP][PASSED] - i1 = x.indexOf("/") + 1: null

18-11-2024T02:51:45 - [TEST_STEP][PASSED] - if (i1 > -1): null

18-11-2024T02:51:45 - [TEST_STEP][PASSED] - x = x.substring(i1, x.length()): null

18-11-2024T02:51:45 - [TEST_STEP][PASSED] - println(x): null

18-11-2024T02:51:45 - [TEST_STEP][PASSED] - i1 = x.indexOf("/") + 1: null

18-11-2024T02:51:45 - [TEST_STEP][PASSED] - if (i1 > -1): null

18-11-2024T02:51:45 - [TEST_STEP][PASSED] - x = x.substring(i1, x.length()): null

18-11-2024T02:51:45 - [TEST_STEP][PASSED] - println(x): null

18-11-2024T02:51:45 - [TEST_STEP][PASSED] - i1 = x.indexOf("/") + 1: null

18-11-2024T02:51:45 - [TEST_STEP][PASSED] - if (i1 > -1): null

18-11-2024T02:51:45 - [TEST_STEP][PASSED] - x = x.substring(i1, x.length()): null

18-11-2024T02:51:45 - [TEST_STEP][PASSED] - println(x): null

18-11-2024T02:51:45 - [TEST_STEP][PASSED] - i1 = x.indexOf("/") + 1: null

18-11-2024T02:51:45 - [TEST_STEP][PASSED] - if (i1 > -1): null

18-11-2024T02:51:45 - [TEST_STEP][PASSED] - x = x.substring(i1, x.length()): null

18-11-2024T02:51:45 - [TEST_STEP][PASSED] - println(x): null

18-11-2024T02:51:45 - [TEST_STEP][PASSED] - i1 = x.indexOf("/") + 1: null

18-11-2024T02:51:45 - [TEST_STEP][PASSED] - if (i1 > -1): null

18-11-2024T02:51:45 - [TEST_STEP][PASSED] - x = x.substring(i1, x.length()): null

18-11-2024T02:51:45 - [TEST_STEP][PASSED] - println(x): null

18-11-2024T02:51:45 - [TEST_STEP][PASSED] - i1 = x.indexOf("/") + 1: null

18-11-2024T02:51:45 - [TEST_STEP][PASSED] - if (i1 > -1): null

18-11-2024T02:51:45 - [TEST_STEP][PASSED] - x = x.substring(i1, x.length()): null

18-11-2024T02:51:45 - [TEST_STEP][PASSED] - println(x): null

18-11-2024T02:51:45 - [TEST_STEP][PASSED] - i1 = x.indexOf("/") + 1: null

18-11-2024T02:51:45 - [TEST_STEP][PASSED] - if (i1 > -1): null

18-11-2024T02:51:45 - [TEST_STEP][PASSED] - x = x.substring(i1, x.length()): null

18-11-2024T02:51:45 - [TEST_STEP][PASSED] - println(x): null

18-11-2024T02:51:45 - [TEST_STEP][PASSED] - i1 = x.indexOf("/") + 1: null

18-11-2024T02:51:45 - [TEST_STEP][PASSED] - if (i1 > -1): null

18-11-2024T02:51:45 - [TEST_STEP][PASSED] - x = x.substring(i1, x.length()): null

18-11-2024T02:51:45 - [TEST_STEP][PASSED] - println(x): null

18-11-2024T02:51:45 - [TEST_STEP][PASSED] - i1 = x.indexOf("/"): null

18-11-2024T02:51:45 - [TEST_STEP][PASSED] - if (i1 > -1): null

18-11-2024T02:51:45 - [TEST_STEP][PASSED] - x = x.substring(0, i1): null

18-11-2024T02:51:45 - [TEST_STEP][PASSED] - println(x): null

18-11-2024T02:51:45 - [TEST_STEP][FAILED] - return x: null

18-11-2024T02:51:45 - [TEST_STEP][PASSED] - println(tabR + "/" + tabB): null

18-11-2024T02:51:45 - [TEST_STEP][FAILED] - if (verifyEqual(PercFactR, PercFactB) == false): null

18-11-2024T02:51:45 - [MESSAGE][FAILED] - Unable to verify equal between actual object 'нет данных' and expected object '7.11' (Root cause: com.kms.katalon.core.exception.StepFailedException: Actual object 'нет данных' and expected object '7.11' are not equal
	at com.kms.katalon.core.keyword.builtin.VerifyEqualKeyword$_verifyEqual_closure1.doCall(VerifyEqualKeyword.groovy:58)
	at com.kms.katalon.core.keyword.builtin.VerifyEqualKeyword$_verifyEqual_closure1.call(VerifyEqualKeyword.groovy)
	at com.kms.katalon.core.keyword.internal.KeywordMain.runKeyword(KeywordMain.groovy:75)
	at com.kms.katalon.core.keyword.builtin.VerifyEqualKeyword.verifyEqual(VerifyEqualKeyword.groovy:63)
	at com.kms.katalon.core.keyword.builtin.VerifyEqualKeyword.execute(VerifyEqualKeyword.groovy:44)
	at com.kms.katalon.core.keyword.internal.KeywordExecutor.executeKeywordForPlatform(KeywordExecutor.groovy:74)
	at com.kms.katalon.core.keyword.BuiltinKeywords.verifyEqual(BuiltinKeywords.groovy:146)
	at jdk.internal.reflect.GeneratedMethodAccessor25.invoke(Unknown Source)
	at java.base/jdk.internal.reflect.DelegatingMethodAccessorImpl.invoke(DelegatingMethodAccessorImpl.java:43)
	at Выполнение бизнес-плана сверка дашбордов.CompareDZOData(Выполнение бизнес-плана сверка дашбордов:771)
	at Выполнение бизнес-плана сверка дашбордов.run(Выполнение бизнес-плана сверка дашбордов:613)
	at com.kms.katalon.core.main.ScriptEngine.run(ScriptEngine.java:194)
	at com.kms.katalon.core.main.ScriptEngine.runScriptAsRawText(ScriptEngine.java:119)
	at com.kms.katalon.core.main.TestCaseExecutor.runScript(TestCaseExecutor.java:448)
	at com.kms.katalon.core.main.TestCaseExecutor.doExecute(TestCaseExecutor.java:439)
	at com.kms.katalon.core.main.TestCaseExecutor.processExecutionPhase(TestCaseExecutor.java:418)
	at com.kms.katalon.core.main.TestCaseExecutor.accessMainPhase(TestCaseExecutor.java:410)
	at com.kms.katalon.core.main.TestCaseExecutor.execute(TestCaseExecutor.java:285)
	at com.kms.katalon.core.common.CommonExecutor.accessTestCaseMainPhase(CommonExecutor.java:65)
	at com.kms.katalon.core.main.TestSuiteExecutor.accessTestSuiteMainPhase(TestSuiteExecutor.java:150)
	at com.kms.katalon.core.main.TestSuiteExecutor.execute(TestSuiteExecutor.java:106)
	at com.kms.katalon.core.main.TestCaseMain.startTestSuite(TestCaseMain.java:180)
	at TempTestSuite1731886967590.run(TempTestSuite1731886967590.groovy:35)
	at java.base/jdk.internal.reflect.NativeMethodAccessorImpl.invoke0(Native Method)
	at java.base/jdk.internal.reflect.NativeMethodAccessorImpl.invoke(NativeMethodAccessorImpl.java:77)
	at java.base/jdk.internal.reflect.DelegatingMethodAccessorImpl.invoke(DelegatingMethodAccessorImpl.java:43)
)

18-11-2024T02:51:45 - [TEST_STEP][PASSED] - result = WriteToExcel(typeOfData, todaysDate, PercPlanR, PercPlanB, PercFactR, PercFactB, x, tabR, tabB, o1R, o1B, vidget): null

18-11-2024T02:51:45 - [TEST_STEP][PASSED] - iii = dZO.indexOf("/"): null

18-11-2024T02:51:45 - [TEST_STEP][PASSED] - println(iii): null

18-11-2024T02:51:45 - [TEST_STEP][PASSED] - dZO = dZO.substring(0, iii): null

18-11-2024T02:51:45 - [TEST_STEP][PASSED] - println(dZO): null

18-11-2024T02:51:45 - [TEST_STEP][PASSED] - println(PercPlanR): null

18-11-2024T02:51:45 - [TEST_STEP][PASSED] - println(PercPlanB): null

18-11-2024T02:51:45 - [TEST_STEP][PASSED] - println(PercFactR): null

18-11-2024T02:51:45 - [TEST_STEP][PASSED] - println(PercFactB): null

18-11-2024T02:51:45 - [TEST_STEP][PASSED] - println(tabR): null

18-11-2024T02:51:45 - [TEST_STEP][PASSED] - println(tabB): null

18-11-2024T02:51:45 - [TEST_STEP][PASSED] - println(o1R): null

18-11-2024T02:51:45 - [TEST_STEP][PASSED] - println(o1B): null

18-11-2024T02:51:45 - [TEST_STEP][PASSED] - PR = <not implemented yet for class: org.codehaus.groovy.ast.expr.EmptyExpression>: null

18-11-2024T02:51:45 - [TEST_STEP][PASSED] - FR = <not implemented yet for class: org.codehaus.groovy.ast.expr.EmptyExpression>: null

18-11-2024T02:51:45 - [TEST_STEP][PASSED] - PB = <not implemented yet for class: org.codehaus.groovy.ast.expr.EmptyExpression>: null

18-11-2024T02:51:45 - [TEST_STEP][PASSED] - FB = <not implemented yet for class: org.codehaus.groovy.ast.expr.EmptyExpression>: null

18-11-2024T02:51:45 - [TEST_STEP][PASSED] - TR = <not implemented yet for class: org.codehaus.groovy.ast.expr.EmptyExpression>: null

18-11-2024T02:51:45 - [TEST_STEP][PASSED] - TB = <not implemented yet for class: org.codehaus.groovy.ast.expr.EmptyExpression>: null

18-11-2024T02:51:45 - [TEST_STEP][PASSED] - sheetName = "Sheet1": null

18-11-2024T02:51:45 - [TEST_STEP][PASSED] - data = findTestData("PlanFact"): null

18-11-2024T02:51:45 - [TEST_STEP][PASSED] - n = data.getRowNumbers() + 1: null

18-11-2024T02:51:45 - [TEST_STEP][PASSED] - year = todaysDate.substring(todaysDate.length() - 4, todaysDate.length()): null

18-11-2024T02:51:45 - [TEST_STEP][PASSED] - y = year.toInteger(): null

18-11-2024T02:51:45 - [TEST_STEP][PASSED] - m = getText(findTestObject("Выполнение бизнес-плана/Выполнение бизнес-плана Балансы/Фильтр Дата")): Text of object 'Object Repository/Выполнение бизнес-плана/Выполнение бизнес-плана Балансы/Фильтр Дата' is: '1, 2, 3 кв. 2024 года'

18-11-2024T02:51:45 - [MESSAGE][PASSED] - Text of object 'Object Repository/Выполнение бизнес-плана/Выполнение бизнес-плана Балансы/Фильтр Дата' is: '1, 2, 3 кв. 2024 года'

18-11-2024T02:51:45 - [TEST_STEP][PASSED] - m = m.substring(0, m.indexOf("2024")): null

18-11-2024T02:51:45 - [TEST_STEP][PASSED] - m = m.trim(): null

18-11-2024T02:51:45 - [TEST_STEP][PASSED] - dashboardName = "Выполнение бизнес-плана": null

18-11-2024T02:51:45 - [TEST_STEP][PASSED] - workbook01 = getWorkbook(excelFilePath): null

18-11-2024T02:51:45 - [TEST_STEP][PASSED] - sheet01 = getExcelSheet(workbook01, sheetName): null

18-11-2024T02:51:45 - [TEST_STEP][PASSED] - setValueToCellByIndex(sheet01, n, 0, dashboardName): null

18-11-2024T02:51:45 - [TEST_STEP][PASSED] - setValueToCellByIndex(sheet01, n, 1, dZO): null

18-11-2024T02:51:45 - [TEST_STEP][PASSED] - setValueToCellByIndex(sheet01, n, 2, typeOfData): null

18-11-2024T02:51:45 - [TEST_STEP][PASSED] - setValueToCellByIndex(sheet01, n, 3, typeOfData): null

18-11-2024T02:51:45 - [TEST_STEP][PASSED] - if (typeOfData == "План"): null

18-11-2024T02:51:45 - [TEST_STEP][PASSED] - else if (typeOfData == "Факт"): null

18-11-2024T02:51:45 - [TEST_STEP][PASSED] - else if (vidget.contains("электроэнергии") == true): null

18-11-2024T02:51:45 - [TEST_STEP][PASSED] - if (tabR == null): null

18-11-2024T02:51:45 - [TEST_STEP][PASSED] - else: null

18-11-2024T02:51:45 - [TEST_STEP][PASSED] - if (tabR == "нет данных"): null

18-11-2024T02:51:45 - [TEST_STEP][PASSED] - setValueToCellByIndex(sheet01, n, 4, "нет данных"): null

18-11-2024T02:51:45 - [TEST_STEP][PASSED] - if (tabB == null): null

18-11-2024T02:51:45 - [TEST_STEP][PASSED] - else: null

18-11-2024T02:51:45 - [TEST_STEP][PASSED] - if (tabB == "нет данных"): null

18-11-2024T02:51:45 - [TEST_STEP][PASSED] - else: null

18-11-2024T02:51:45 - [TEST_STEP][PASSED] - TB = tabB.toInteger(): null

18-11-2024T02:51:45 - [TEST_STEP][PASSED] - setValueToCellByIndex(sheet01, n, 5, TB): null

18-11-2024T02:51:45 - [TEST_STEP][PASSED] - setValueToCellByIndex(sheet01, n, 6, m): null

18-11-2024T02:51:45 - [TEST_STEP][PASSED] - setValueToCellByIndex(sheet01, n, 7, y): null

18-11-2024T02:51:45 - [TEST_STEP][PASSED] - setValueToCellByIndex(sheet01, n, 8, todaysDate): null

18-11-2024T02:51:45 - [TEST_STEP][PASSED] - n = n + 1: null

18-11-2024T02:51:45 - [TEST_STEP][PASSED] - saveWorkbook(excelFilePath, workbook01): null

18-11-2024T02:51:45 - [TEST_STEP][PASSED] - ii2 = a.indexOf("ПАО"): null

18-11-2024T02:51:45 - [TEST_STEP][PASSED] - if (ii2 == -1): null

18-11-2024T02:51:45 - [TEST_STEP][PASSED] - vidget = "Отклонения фактического уровня потерь от бизнес-плана": null

18-11-2024T02:51:45 - [TEST_STEP][PASSED] - typeOfData = "Коэффициент": null

18-11-2024T02:51:45 - [TEST_STEP][PASSED] - o1R = Geto1R(x = a): null

18-11-2024T02:51:45 - [TEST_STEP][PASSED] - i1 = <not implemented yet for class: org.codehaus.groovy.ast.expr.EmptyExpression>: null

18-11-2024T02:51:45 - [TEST_STEP][PASSED] - ii = <not implemented yet for class: org.codehaus.groovy.ast.expr.EmptyExpression>: null

18-11-2024T02:51:45 - [TEST_STEP][PASSED] - for ([ii = 1, ii < 10, (ii++)]): null

18-11-2024T02:51:45 - [TEST_STEP][PASSED] - i1 = x.indexOf("/") + 1: null

18-11-2024T02:51:45 - [TEST_STEP][PASSED] - if (i1 > -1): null

18-11-2024T02:51:45 - [TEST_STEP][PASSED] - x = x.substring(i1, x.length()): null

18-11-2024T02:51:45 - [TEST_STEP][PASSED] - i1 = x.indexOf("/") + 1: null

18-11-2024T02:51:45 - [TEST_STEP][PASSED] - if (i1 > -1): null

18-11-2024T02:51:45 - [TEST_STEP][PASSED] - x = x.substring(i1, x.length()): null

18-11-2024T02:51:45 - [TEST_STEP][PASSED] - i1 = x.indexOf("/") + 1: null

18-11-2024T02:51:45 - [TEST_STEP][PASSED] - if (i1 > -1): null

18-11-2024T02:51:45 - [TEST_STEP][PASSED] - x = x.substring(i1, x.length()): null

18-11-2024T02:51:45 - [TEST_STEP][PASSED] - i1 = x.indexOf("/") + 1: null

18-11-2024T02:51:45 - [TEST_STEP][PASSED] - if (i1 > -1): null

18-11-2024T02:51:45 - [TEST_STEP][PASSED] - x = x.substring(i1, x.length()): null

18-11-2024T02:51:45 - [TEST_STEP][PASSED] - i1 = x.indexOf("/") + 1: null

18-11-2024T02:51:45 - [TEST_STEP][PASSED] - if (i1 > -1): null

18-11-2024T02:51:45 - [TEST_STEP][PASSED] - x = x.substring(i1, x.length()): null

18-11-2024T02:51:45 - [TEST_STEP][PASSED] - i1 = x.indexOf("/") + 1: null

18-11-2024T02:51:45 - [TEST_STEP][PASSED] - if (i1 > -1): null

18-11-2024T02:51:45 - [TEST_STEP][PASSED] - x = x.substring(i1, x.length()): null

18-11-2024T02:51:45 - [TEST_STEP][PASSED] - i1 = x.indexOf("/") + 1: null

18-11-2024T02:51:45 - [TEST_STEP][PASSED] - if (i1 > -1): null

18-11-2024T02:51:45 - [TEST_STEP][PASSED] - x = x.substring(i1, x.length()): null

18-11-2024T02:51:45 - [TEST_STEP][PASSED] - i1 = x.indexOf("/") + 1: null

18-11-2024T02:51:45 - [TEST_STEP][PASSED] - if (i1 > -1): null

18-11-2024T02:51:45 - [TEST_STEP][PASSED] - x = x.substring(i1, x.length()): null

18-11-2024T02:51:45 - [TEST_STEP][PASSED] - i1 = x.indexOf("/") + 1: null

18-11-2024T02:51:45 - [TEST_STEP][PASSED] - if (i1 > -1): null

18-11-2024T02:51:45 - [TEST_STEP][PASSED] - x = x.substring(i1, x.length()): null

18-11-2024T02:51:45 - [TEST_STEP][PASSED] - i1 = x.indexOf("/"): null

18-11-2024T02:51:45 - [TEST_STEP][PASSED] - if (i1 > -1): null

18-11-2024T02:51:45 - [TEST_STEP][PASSED] - println(x): null

18-11-2024T02:51:45 - [TEST_STEP][PASSED] - return x: null

18-11-2024T02:51:45 - [TEST_STEP][PASSED] - o1B = Geto1B(x = b): null

18-11-2024T02:51:45 - [TEST_STEP][PASSED] - i1 = <not implemented yet for class: org.codehaus.groovy.ast.expr.EmptyExpression>: null

18-11-2024T02:51:45 - [TEST_STEP][PASSED] - ii = <not implemented yet for class: org.codehaus.groovy.ast.expr.EmptyExpression>: null

18-11-2024T02:51:45 - [TEST_STEP][PASSED] - for ([ii = 1, ii < 10, (ii++)]): null

18-11-2024T02:51:45 - [TEST_STEP][PASSED] - i1 = x.indexOf("/") + 1: null

18-11-2024T02:51:45 - [TEST_STEP][PASSED] - if (i1 > -1): null

18-11-2024T02:51:45 - [TEST_STEP][PASSED] - x = x.substring(i1, x.length()): null

18-11-2024T02:51:45 - [TEST_STEP][PASSED] - i1 = x.indexOf("/") + 1: null

18-11-2024T02:51:45 - [TEST_STEP][PASSED] - if (i1 > -1): null

18-11-2024T02:51:45 - [TEST_STEP][PASSED] - x = x.substring(i1, x.length()): null

18-11-2024T02:51:45 - [TEST_STEP][PASSED] - i1 = x.indexOf("/") + 1: null

18-11-2024T02:51:45 - [TEST_STEP][PASSED] - if (i1 > -1): null

18-11-2024T02:51:45 - [TEST_STEP][PASSED] - x = x.substring(i1, x.length()): null

18-11-2024T02:51:45 - [TEST_STEP][PASSED] - i1 = x.indexOf("/") + 1: null

18-11-2024T02:51:45 - [TEST_STEP][PASSED] - if (i1 > -1): null

18-11-2024T02:51:45 - [TEST_STEP][PASSED] - x = x.substring(i1, x.length()): null

18-11-2024T02:51:45 - [TEST_STEP][PASSED] - i1 = x.indexOf("/") + 1: null

18-11-2024T02:51:45 - [TEST_STEP][PASSED] - if (i1 > -1): null

18-11-2024T02:51:45 - [TEST_STEP][PASSED] - x = x.substring(i1, x.length()): null

18-11-2024T02:51:45 - [TEST_STEP][PASSED] - i1 = x.indexOf("/") + 1: null

18-11-2024T02:51:45 - [TEST_STEP][PASSED] - if (i1 > -1): null

18-11-2024T02:51:45 - [TEST_STEP][PASSED] - x = x.substring(i1, x.length()): null

18-11-2024T02:51:45 - [TEST_STEP][PASSED] - i1 = x.indexOf("/") + 1: null

18-11-2024T02:51:45 - [TEST_STEP][PASSED] - if (i1 > -1): null

18-11-2024T02:51:45 - [TEST_STEP][PASSED] - x = x.substring(i1, x.length()): null

18-11-2024T02:51:45 - [TEST_STEP][PASSED] - i1 = x.indexOf("/") + 1: null

18-11-2024T02:51:45 - [TEST_STEP][PASSED] - if (i1 > -1): null

18-11-2024T02:51:45 - [TEST_STEP][PASSED] - x = x.substring(i1, x.length()): null

18-11-2024T02:51:45 - [TEST_STEP][PASSED] - i1 = x.indexOf("/") + 1: null

18-11-2024T02:51:45 - [TEST_STEP][PASSED] - if (i1 > -1): null

18-11-2024T02:51:45 - [TEST_STEP][PASSED] - x = x.substring(i1, x.length()): null

18-11-2024T02:51:45 - [TEST_STEP][PASSED] - i1 = x.indexOf("/"): null

18-11-2024T02:51:45 - [TEST_STEP][PASSED] - if (i1 > -1): null

18-11-2024T02:51:45 - [TEST_STEP][PASSED] - println(x): null

18-11-2024T02:51:45 - [TEST_STEP][FAILED] - return x: null

18-11-2024T02:51:45 - [TEST_STEP][PASSED] - println(o1R + "/" + o1B): null

18-11-2024T02:51:45 - [TEST_STEP][FAILED] - if (verifyEqual(PercFactR, PercFactB) == false): null

18-11-2024T02:51:45 - [MESSAGE][FAILED] - Unable to verify equal between actual object 'нет данных' and expected object '7.11' (Root cause: com.kms.katalon.core.exception.StepFailedException: Actual object 'нет данных' and expected object '7.11' are not equal
	at com.kms.katalon.core.keyword.builtin.VerifyEqualKeyword$_verifyEqual_closure1.doCall(VerifyEqualKeyword.groovy:58)
	at com.kms.katalon.core.keyword.builtin.VerifyEqualKeyword$_verifyEqual_closure1.call(VerifyEqualKeyword.groovy)
	at com.kms.katalon.core.keyword.internal.KeywordMain.runKeyword(KeywordMain.groovy:75)
	at com.kms.katalon.core.keyword.builtin.VerifyEqualKeyword.verifyEqual(VerifyEqualKeyword.groovy:63)
	at com.kms.katalon.core.keyword.builtin.VerifyEqualKeyword.execute(VerifyEqualKeyword.groovy:44)
	at com.kms.katalon.core.keyword.internal.KeywordExecutor.executeKeywordForPlatform(KeywordExecutor.groovy:74)
	at com.kms.katalon.core.keyword.BuiltinKeywords.verifyEqual(BuiltinKeywords.groovy:146)
	at jdk.internal.reflect.GeneratedMethodAccessor25.invoke(Unknown Source)
	at java.base/jdk.internal.reflect.DelegatingMethodAccessorImpl.invoke(DelegatingMethodAccessorImpl.java:43)
	at Выполнение бизнес-плана сверка дашбордов.CompareDZOData(Выполнение бизнес-плана сверка дашбордов:789)
	at Выполнение бизнес-плана сверка дашбордов.run(Выполнение бизнес-плана сверка дашбордов:613)
	at com.kms.katalon.core.main.ScriptEngine.run(ScriptEngine.java:194)
	at com.kms.katalon.core.main.ScriptEngine.runScriptAsRawText(ScriptEngine.java:119)
	at com.kms.katalon.core.main.TestCaseExecutor.runScript(TestCaseExecutor.java:448)
	at com.kms.katalon.core.main.TestCaseExecutor.doExecute(TestCaseExecutor.java:439)
	at com.kms.katalon.core.main.TestCaseExecutor.processExecutionPhase(TestCaseExecutor.java:418)
	at com.kms.katalon.core.main.TestCaseExecutor.accessMainPhase(TestCaseExecutor.java:410)
	at com.kms.katalon.core.main.TestCaseExecutor.execute(TestCaseExecutor.java:285)
	at com.kms.katalon.core.common.CommonExecutor.accessTestCaseMainPhase(CommonExecutor.java:65)
	at com.kms.katalon.core.main.TestSuiteExecutor.accessTestSuiteMainPhase(TestSuiteExecutor.java:150)
	at com.kms.katalon.core.main.TestSuiteExecutor.execute(TestSuiteExecutor.java:106)
	at com.kms.katalon.core.main.TestCaseMain.startTestSuite(TestCaseMain.java:180)
	at TempTestSuite1731886967590.run(TempTestSuite1731886967590.groovy:35)
	at java.base/jdk.internal.reflect.NativeMethodAccessorImpl.invoke0(Native Method)
	at java.base/jdk.internal.reflect.NativeMethodAccessorImpl.invoke(NativeMethodAccessorImpl.java:77)
	at java.base/jdk.internal.reflect.DelegatingMethodAccessorImpl.invoke(DelegatingMethodAccessorImpl.java:43)
)

18-11-2024T02:51:45 - [TEST_STEP][PASSED] - result = WriteToExcel(typeOfData, todaysDate, PercPlanR, PercPlanB, PercFactR, PercFactB, x, tabR, tabB, o1R, o1B, vidget): null

18-11-2024T02:51:45 - [TEST_STEP][PASSED] - iii = dZO.indexOf("/"): null

18-11-2024T02:51:45 - [TEST_STEP][PASSED] - println(iii): null

18-11-2024T02:51:45 - [TEST_STEP][PASSED] - dZO = dZO.substring(0, iii): null

18-11-2024T02:51:45 - [TEST_STEP][PASSED] - println(dZO): null

18-11-2024T02:51:45 - [TEST_STEP][PASSED] - println(PercPlanR): null

18-11-2024T02:51:45 - [TEST_STEP][PASSED] - println(PercPlanB): null

18-11-2024T02:51:45 - [TEST_STEP][PASSED] - println(PercFactR): null

18-11-2024T02:51:45 - [TEST_STEP][PASSED] - println(PercFactB): null

18-11-2024T02:51:45 - [TEST_STEP][PASSED] - println(tabR): null

18-11-2024T02:51:45 - [TEST_STEP][PASSED] - println(tabB): null

18-11-2024T02:51:45 - [TEST_STEP][PASSED] - println(o1R): null

18-11-2024T02:51:45 - [TEST_STEP][PASSED] - println(o1B): null

18-11-2024T02:51:45 - [TEST_STEP][PASSED] - PR = <not implemented yet for class: org.codehaus.groovy.ast.expr.EmptyExpression>: null

18-11-2024T02:51:45 - [TEST_STEP][PASSED] - FR = <not implemented yet for class: org.codehaus.groovy.ast.expr.EmptyExpression>: null

18-11-2024T02:51:45 - [TEST_STEP][PASSED] - PB = <not implemented yet for class: org.codehaus.groovy.ast.expr.EmptyExpression>: null

18-11-2024T02:51:45 - [TEST_STEP][PASSED] - FB = <not implemented yet for class: org.codehaus.groovy.ast.expr.EmptyExpression>: null

18-11-2024T02:51:45 - [TEST_STEP][PASSED] - TR = <not implemented yet for class: org.codehaus.groovy.ast.expr.EmptyExpression>: null

18-11-2024T02:51:45 - [TEST_STEP][PASSED] - TB = <not implemented yet for class: org.codehaus.groovy.ast.expr.EmptyExpression>: null

18-11-2024T02:51:45 - [TEST_STEP][PASSED] - sheetName = "Sheet1": null

18-11-2024T02:51:45 - [TEST_STEP][PASSED] - data = findTestData("PlanFact"): null

18-11-2024T02:51:45 - [TEST_STEP][PASSED] - n = data.getRowNumbers() + 1: null

18-11-2024T02:51:45 - [TEST_STEP][PASSED] - year = todaysDate.substring(todaysDate.length() - 4, todaysDate.length()): null

18-11-2024T02:51:45 - [TEST_STEP][PASSED] - y = year.toInteger(): null

18-11-2024T02:51:45 - [TEST_STEP][PASSED] - m = getText(findTestObject("Выполнение бизнес-плана/Выполнение бизнес-плана Балансы/Фильтр Дата")): Text of object 'Object Repository/Выполнение бизнес-плана/Выполнение бизнес-плана Балансы/Фильтр Дата' is: '1, 2, 3 кв. 2024 года'

18-11-2024T02:51:46 - [MESSAGE][PASSED] - Text of object 'Object Repository/Выполнение бизнес-плана/Выполнение бизнес-плана Балансы/Фильтр Дата' is: '1, 2, 3 кв. 2024 года'

18-11-2024T02:51:46 - [TEST_STEP][PASSED] - m = m.substring(0, m.indexOf("2024")): null

18-11-2024T02:51:46 - [TEST_STEP][PASSED] - m = m.trim(): null

18-11-2024T02:51:46 - [TEST_STEP][PASSED] - dashboardName = "Выполнение бизнес-плана": null

18-11-2024T02:51:46 - [TEST_STEP][PASSED] - workbook01 = getWorkbook(excelFilePath): null

18-11-2024T02:51:46 - [TEST_STEP][PASSED] - sheet01 = getExcelSheet(workbook01, sheetName): null

18-11-2024T02:51:46 - [TEST_STEP][PASSED] - setValueToCellByIndex(sheet01, n, 0, dashboardName): null

18-11-2024T02:51:46 - [TEST_STEP][PASSED] - setValueToCellByIndex(sheet01, n, 1, dZO): null

18-11-2024T02:51:46 - [TEST_STEP][PASSED] - setValueToCellByIndex(sheet01, n, 2, typeOfData): null

18-11-2024T02:51:46 - [TEST_STEP][PASSED] - setValueToCellByIndex(sheet01, n, 3, typeOfData): null

18-11-2024T02:51:46 - [TEST_STEP][PASSED] - if (typeOfData == "План"): null

18-11-2024T02:51:46 - [TEST_STEP][PASSED] - else if (typeOfData == "Факт"): null

18-11-2024T02:51:46 - [TEST_STEP][PASSED] - else if (vidget.contains("электроэнергии") == true): null

18-11-2024T02:51:46 - [TEST_STEP][PASSED] - else: null

18-11-2024T02:51:46 - [TEST_STEP][PASSED] - if (o1R == null): null

18-11-2024T02:51:46 - [TEST_STEP][PASSED] - else: null

18-11-2024T02:51:46 - [TEST_STEP][PASSED] - if (o1R == "нет данных"): null

18-11-2024T02:51:46 - [TEST_STEP][PASSED] - setValueToCellByIndex(sheet01, n, 4, "нет данных"): null

18-11-2024T02:51:46 - [TEST_STEP][PASSED] - if (o1B == null): null

18-11-2024T02:51:46 - [TEST_STEP][PASSED] - else: null

18-11-2024T02:51:46 - [TEST_STEP][PASSED] - if (o1B == "нет данных"): null

18-11-2024T02:51:46 - [TEST_STEP][PASSED] - else: null

18-11-2024T02:51:46 - [TEST_STEP][PASSED] - FB = o1B.toDouble(): null

18-11-2024T02:51:46 - [TEST_STEP][PASSED] - setValueToCellByIndex(sheet01, n, 5, FB): null

18-11-2024T02:51:46 - [TEST_STEP][PASSED] - setValueToCellByIndex(sheet01, n, 6, m): null

18-11-2024T02:51:46 - [TEST_STEP][PASSED] - setValueToCellByIndex(sheet01, n, 7, y): null

18-11-2024T02:51:46 - [TEST_STEP][PASSED] - setValueToCellByIndex(sheet01, n, 8, todaysDate): null

18-11-2024T02:51:46 - [TEST_STEP][PASSED] - n = n + 1: null

18-11-2024T02:51:46 - [TEST_STEP][FAILED] - saveWorkbook(excelFilePath, workbook01): null

18-11-2024T02:51:46 - [TEST_STEP][PASSED] - if (verifyEqual(sKR, sKB) == false): Actual object 'Россети Северный Кавказ (ГК)/23.70/27.54/17367779/12584601/4783177/16300204/12437092/3863112/3.84' and expected object 'Россети Северный Кавказ (ГК)/23.70/27.54/17367779/12584601/4783177/16300204/12437092/3863112/3.84' are equal

18-11-2024T02:51:46 - [MESSAGE][PASSED] - Actual object 'Россети Северный Кавказ (ГК)/23.70/27.54/17367779/12584601/4783177/16300204/12437092/3863112/3.84' and expected object 'Россети Северный Кавказ (ГК)/23.70/27.54/17367779/12584601/4783177/16300204/12437092/3863112/3.84' are equal

18-11-2024T02:51:46 - [TEST_STEP][FAILED] - if (verifyEqual(sZR, sZB) == false): null

18-11-2024T02:51:46 - [MESSAGE][FAILED] - Unable to verify equal between actual object 'Россети Северо-Запад/нет данных/нет данных/нет данных/нет данных/нет данных/нет данных/нет данных/нет данных/нет данных' and expected object 'Россети Северо-Запад/5.51/5.16/24700231/23426892/1273339/24254952/22919434/1335518/-0.35' (Root cause: com.kms.katalon.core.exception.StepFailedException: Actual object 'Россети Северо-Запад/нет данных/нет данных/нет данных/нет данных/нет данных/нет данных/нет данных/нет данных/нет данных' and expected object 'Россети Северо-Запад/5.51/5.16/24700231/23426892/1273339/24254952/22919434/1335518/-0.35' are not equal
	at com.kms.katalon.core.keyword.builtin.VerifyEqualKeyword$_verifyEqual_closure1.doCall(VerifyEqualKeyword.groovy:58)
	at com.kms.katalon.core.keyword.builtin.VerifyEqualKeyword$_verifyEqual_closure1.call(VerifyEqualKeyword.groovy)
	at com.kms.katalon.core.keyword.internal.KeywordMain.runKeyword(KeywordMain.groovy:75)
	at com.kms.katalon.core.keyword.builtin.VerifyEqualKeyword.verifyEqual(VerifyEqualKeyword.groovy:63)
	at com.kms.katalon.core.keyword.builtin.VerifyEqualKeyword.execute(VerifyEqualKeyword.groovy:44)
	at com.kms.katalon.core.keyword.internal.KeywordExecutor.executeKeywordForPlatform(KeywordExecutor.groovy:74)
	at com.kms.katalon.core.keyword.BuiltinKeywords.verifyEqual(BuiltinKeywords.groovy:146)
	at jdk.internal.reflect.GeneratedMethodAccessor25.invoke(Unknown Source)
	at java.base/jdk.internal.reflect.DelegatingMethodAccessorImpl.invoke(DelegatingMethodAccessorImpl.java:43)
	at Выполнение бизнес-плана сверка дашбордов.run(Выполнение бизнес-плана сверка дашбордов:622)
	at com.kms.katalon.core.main.ScriptEngine.run(ScriptEngine.java:194)
	at com.kms.katalon.core.main.ScriptEngine.runScriptAsRawText(ScriptEngine.java:119)
	at com.kms.katalon.core.main.TestCaseExecutor.runScript(TestCaseExecutor.java:448)
	at com.kms.katalon.core.main.TestCaseExecutor.doExecute(TestCaseExecutor.java:439)
	at com.kms.katalon.core.main.TestCaseExecutor.processExecutionPhase(TestCaseExecutor.java:418)
	at com.kms.katalon.core.main.TestCaseExecutor.accessMainPhase(TestCaseExecutor.java:410)
	at com.kms.katalon.core.main.TestCaseExecutor.execute(TestCaseExecutor.java:285)
	at com.kms.katalon.core.common.CommonExecutor.accessTestCaseMainPhase(CommonExecutor.java:65)
	at com.kms.katalon.core.main.TestSuiteExecutor.accessTestSuiteMainPhase(TestSuiteExecutor.java:150)
	at com.kms.katalon.core.main.TestSuiteExecutor.execute(TestSuiteExecutor.java:106)
	at com.kms.katalon.core.main.TestCaseMain.startTestSuite(TestCaseMain.java:180)
	at TempTestSuite1731886967590.run(TempTestSuite1731886967590.groovy:35)
	at java.base/jdk.internal.reflect.NativeMethodAccessorImpl.invoke0(Native Method)
	at java.base/jdk.internal.reflect.NativeMethodAccessorImpl.invoke(NativeMethodAccessorImpl.java:77)
	at java.base/jdk.internal.reflect.DelegatingMethodAccessorImpl.invoke(DelegatingMethodAccessorImpl.java:43)
)

18-11-2024T02:51:46 - [TEST_STEP][PASSED] - result = CompareDZOData(a = sZR, b = sZB, dZO, typeOfData, PercPlanR, PercPlanB, PercFactR, PercFactB, todaysDate, x, vidget, tabR, tabB, o1R, o1B): null

18-11-2024T02:51:46 - [TEST_STEP][PASSED] - ii2 = <not implemented yet for class: org.codehaus.groovy.ast.expr.EmptyExpression>: null

18-11-2024T02:51:46 - [TEST_STEP][FAILED] - if (verifyEqual(a, b) == false): null

18-11-2024T02:51:46 - [MESSAGE][FAILED] - Unable to verify equal between actual object 'Россети Северо-Запад/нет данных/нет данных/нет данных/нет данных/нет данных/нет данных/нет данных/нет данных/нет данных' and expected object 'Россети Северо-Запад/5.51/5.16/24700231/23426892/1273339/24254952/22919434/1335518/-0.35' (Root cause: com.kms.katalon.core.exception.StepFailedException: Actual object 'Россети Северо-Запад/нет данных/нет данных/нет данных/нет данных/нет данных/нет данных/нет данных/нет данных/нет данных' and expected object 'Россети Северо-Запад/5.51/5.16/24700231/23426892/1273339/24254952/22919434/1335518/-0.35' are not equal
	at com.kms.katalon.core.keyword.builtin.VerifyEqualKeyword$_verifyEqual_closure1.doCall(VerifyEqualKeyword.groovy:58)
	at com.kms.katalon.core.keyword.builtin.VerifyEqualKeyword$_verifyEqual_closure1.call(VerifyEqualKeyword.groovy)
	at com.kms.katalon.core.keyword.internal.KeywordMain.runKeyword(KeywordMain.groovy:75)
	at com.kms.katalon.core.keyword.builtin.VerifyEqualKeyword.verifyEqual(VerifyEqualKeyword.groovy:63)
	at com.kms.katalon.core.keyword.builtin.VerifyEqualKeyword.execute(VerifyEqualKeyword.groovy:44)
	at com.kms.katalon.core.keyword.internal.KeywordExecutor.executeKeywordForPlatform(KeywordExecutor.groovy:74)
	at com.kms.katalon.core.keyword.BuiltinKeywords.verifyEqual(BuiltinKeywords.groovy:146)
	at jdk.internal.reflect.GeneratedMethodAccessor25.invoke(Unknown Source)
	at java.base/jdk.internal.reflect.DelegatingMethodAccessorImpl.invoke(DelegatingMethodAccessorImpl.java:43)
	at Выполнение бизнес-плана сверка дашбордов.CompareDZOData(Выполнение бизнес-плана сверка дашбордов:673)
	at Выполнение бизнес-плана сверка дашбордов.run(Выполнение бизнес-плана сверка дашбордов:623)
	at com.kms.katalon.core.main.ScriptEngine.run(ScriptEngine.java:194)
	at com.kms.katalon.core.main.ScriptEngine.runScriptAsRawText(ScriptEngine.java:119)
	at com.kms.katalon.core.main.TestCaseExecutor.runScript(TestCaseExecutor.java:448)
	at com.kms.katalon.core.main.TestCaseExecutor.doExecute(TestCaseExecutor.java:439)
	at com.kms.katalon.core.main.TestCaseExecutor.processExecutionPhase(TestCaseExecutor.java:418)
	at com.kms.katalon.core.main.TestCaseExecutor.accessMainPhase(TestCaseExecutor.java:410)
	at com.kms.katalon.core.main.TestCaseExecutor.execute(TestCaseExecutor.java:285)
	at com.kms.katalon.core.common.CommonExecutor.accessTestCaseMainPhase(CommonExecutor.java:65)
	at com.kms.katalon.core.main.TestSuiteExecutor.accessTestSuiteMainPhase(TestSuiteExecutor.java:150)
	at com.kms.katalon.core.main.TestSuiteExecutor.execute(TestSuiteExecutor.java:106)
	at com.kms.katalon.core.main.TestCaseMain.startTestSuite(TestCaseMain.java:180)
	at TempTestSuite1731886967590.run(TempTestSuite1731886967590.groovy:35)
	at java.base/jdk.internal.reflect.NativeMethodAccessorImpl.invoke0(Native Method)
	at java.base/jdk.internal.reflect.NativeMethodAccessorImpl.invoke(NativeMethodAccessorImpl.java:77)
	at java.base/jdk.internal.reflect.DelegatingMethodAccessorImpl.invoke(DelegatingMethodAccessorImpl.java:43)
)

18-11-2024T02:51:46 - [TEST_STEP][PASSED] - vidget = "Уровень потерь электроэнергии": null

18-11-2024T02:51:46 - [TEST_STEP][PASSED] - typeOfData = "План": null

18-11-2024T02:51:46 - [TEST_STEP][PASSED] - PercPlanR = GetPercPlanR(x = a): null

18-11-2024T02:51:46 - [TEST_STEP][PASSED] - i1 = <not implemented yet for class: org.codehaus.groovy.ast.expr.EmptyExpression>: null

18-11-2024T02:51:46 - [TEST_STEP][PASSED] - i1 = x.indexOf("/") + 1: null

18-11-2024T02:51:46 - [TEST_STEP][PASSED] - if (i1 > -1): null

18-11-2024T02:51:46 - [TEST_STEP][PASSED] - x = x.substring(i1, x.length()): null

18-11-2024T02:51:46 - [TEST_STEP][PASSED] - i1 = x.indexOf("/"): null

18-11-2024T02:51:46 - [TEST_STEP][PASSED] - if (i1 > -1): null

18-11-2024T02:51:46 - [TEST_STEP][PASSED] - x = x.substring(0, i1): null

18-11-2024T02:51:46 - [TEST_STEP][PASSED] - return x: null

18-11-2024T02:51:46 - [TEST_STEP][PASSED] - PercPlanB = GetPercPlanB(x = b): null

18-11-2024T02:51:46 - [TEST_STEP][PASSED] - i1 = <not implemented yet for class: org.codehaus.groovy.ast.expr.EmptyExpression>: null

18-11-2024T02:51:46 - [TEST_STEP][PASSED] - i1 = x.indexOf("/") + 1: null

18-11-2024T02:51:46 - [TEST_STEP][PASSED] - if (i1 > -1): null

18-11-2024T02:51:46 - [TEST_STEP][PASSED] - x = x.substring(i1, x.length()): null

18-11-2024T02:51:46 - [TEST_STEP][PASSED] - i1 = x.indexOf("/"): null

18-11-2024T02:51:46 - [TEST_STEP][PASSED] - if (i1 > -1): null

18-11-2024T02:51:46 - [TEST_STEP][PASSED] - x = x.substring(0, i1): null

18-11-2024T02:51:46 - [TEST_STEP][FAILED] - return x: null

18-11-2024T02:51:46 - [TEST_STEP][FAILED] - if (verifyEqual(PercPlanR, PercPlanB) == false): null

18-11-2024T02:51:46 - [MESSAGE][FAILED] - Unable to verify equal between actual object 'нет данных' and expected object '5.51' (Root cause: com.kms.katalon.core.exception.StepFailedException: Actual object 'нет данных' and expected object '5.51' are not equal
	at com.kms.katalon.core.keyword.builtin.VerifyEqualKeyword$_verifyEqual_closure1.doCall(VerifyEqualKeyword.groovy:58)
	at com.kms.katalon.core.keyword.builtin.VerifyEqualKeyword$_verifyEqual_closure1.call(VerifyEqualKeyword.groovy)
	at com.kms.katalon.core.keyword.internal.KeywordMain.runKeyword(KeywordMain.groovy:75)
	at com.kms.katalon.core.keyword.builtin.VerifyEqualKeyword.verifyEqual(VerifyEqualKeyword.groovy:63)
	at com.kms.katalon.core.keyword.builtin.VerifyEqualKeyword.execute(VerifyEqualKeyword.groovy:44)
	at com.kms.katalon.core.keyword.internal.KeywordExecutor.executeKeywordForPlatform(KeywordExecutor.groovy:74)
	at com.kms.katalon.core.keyword.BuiltinKeywords.verifyEqual(BuiltinKeywords.groovy:146)
	at jdk.internal.reflect.GeneratedMethodAccessor25.invoke(Unknown Source)
	at java.base/jdk.internal.reflect.DelegatingMethodAccessorImpl.invoke(DelegatingMethodAccessorImpl.java:43)
	at Выполнение бизнес-плана сверка дашбордов.CompareDZOData(Выполнение бизнес-плана сверка дашбордов:682)
	at Выполнение бизнес-плана сверка дашбордов.run(Выполнение бизнес-плана сверка дашбордов:623)
	at com.kms.katalon.core.main.ScriptEngine.run(ScriptEngine.java:194)
	at com.kms.katalon.core.main.ScriptEngine.runScriptAsRawText(ScriptEngine.java:119)
	at com.kms.katalon.core.main.TestCaseExecutor.runScript(TestCaseExecutor.java:448)
	at com.kms.katalon.core.main.TestCaseExecutor.doExecute(TestCaseExecutor.java:439)
	at com.kms.katalon.core.main.TestCaseExecutor.processExecutionPhase(TestCaseExecutor.java:418)
	at com.kms.katalon.core.main.TestCaseExecutor.accessMainPhase(TestCaseExecutor.java:410)
	at com.kms.katalon.core.main.TestCaseExecutor.execute(TestCaseExecutor.java:285)
	at com.kms.katalon.core.common.CommonExecutor.accessTestCaseMainPhase(CommonExecutor.java:65)
	at com.kms.katalon.core.main.TestSuiteExecutor.accessTestSuiteMainPhase(TestSuiteExecutor.java:150)
	at com.kms.katalon.core.main.TestSuiteExecutor.execute(TestSuiteExecutor.java:106)
	at com.kms.katalon.core.main.TestCaseMain.startTestSuite(TestCaseMain.java:180)
	at TempTestSuite1731886967590.run(TempTestSuite1731886967590.groovy:35)
	at java.base/jdk.internal.reflect.NativeMethodAccessorImpl.invoke0(Native Method)
	at java.base/jdk.internal.reflect.NativeMethodAccessorImpl.invoke(NativeMethodAccessorImpl.java:77)
	at java.base/jdk.internal.reflect.DelegatingMethodAccessorImpl.invoke(DelegatingMethodAccessorImpl.java:43)
)

18-11-2024T02:51:46 - [TEST_STEP][PASSED] - result = WriteToExcel(typeOfData, todaysDate, PercPlanR, PercPlanB, PercFactR, PercFactB, x, tabR, tabB, o1R, o1B, vidget): null

18-11-2024T02:51:46 - [TEST_STEP][PASSED] - iii = dZO.indexOf("/"): null

18-11-2024T02:51:46 - [TEST_STEP][PASSED] - println(iii): null

18-11-2024T02:51:46 - [TEST_STEP][PASSED] - dZO = dZO.substring(0, iii): null

18-11-2024T02:51:46 - [TEST_STEP][PASSED] - println(dZO): null

18-11-2024T02:51:46 - [TEST_STEP][PASSED] - println(PercPlanR): null

18-11-2024T02:51:46 - [TEST_STEP][PASSED] - println(PercPlanB): null

18-11-2024T02:51:46 - [TEST_STEP][PASSED] - println(PercFactR): null

18-11-2024T02:51:46 - [TEST_STEP][PASSED] - println(PercFactB): null

18-11-2024T02:51:46 - [TEST_STEP][PASSED] - println(tabR): null

18-11-2024T02:51:46 - [TEST_STEP][PASSED] - println(tabB): null

18-11-2024T02:51:46 - [TEST_STEP][PASSED] - println(o1R): null

18-11-2024T02:51:46 - [TEST_STEP][PASSED] - println(o1B): null

18-11-2024T02:51:46 - [TEST_STEP][PASSED] - PR = <not implemented yet for class: org.codehaus.groovy.ast.expr.EmptyExpression>: null

18-11-2024T02:51:46 - [TEST_STEP][PASSED] - FR = <not implemented yet for class: org.codehaus.groovy.ast.expr.EmptyExpression>: null

18-11-2024T02:51:46 - [TEST_STEP][PASSED] - PB = <not implemented yet for class: org.codehaus.groovy.ast.expr.EmptyExpression>: null

18-11-2024T02:51:46 - [TEST_STEP][PASSED] - FB = <not implemented yet for class: org.codehaus.groovy.ast.expr.EmptyExpression>: null

18-11-2024T02:51:46 - [TEST_STEP][PASSED] - TR = <not implemented yet for class: org.codehaus.groovy.ast.expr.EmptyExpression>: null

18-11-2024T02:51:46 - [TEST_STEP][PASSED] - TB = <not implemented yet for class: org.codehaus.groovy.ast.expr.EmptyExpression>: null

18-11-2024T02:51:46 - [TEST_STEP][PASSED] - sheetName = "Sheet1": null

18-11-2024T02:51:46 - [TEST_STEP][PASSED] - data = findTestData("PlanFact"): null

18-11-2024T02:51:46 - [TEST_STEP][PASSED] - n = data.getRowNumbers() + 1: null

18-11-2024T02:51:46 - [TEST_STEP][PASSED] - year = todaysDate.substring(todaysDate.length() - 4, todaysDate.length()): null

18-11-2024T02:51:46 - [TEST_STEP][PASSED] - y = year.toInteger(): null

18-11-2024T02:51:46 - [TEST_STEP][PASSED] - m = getText(findTestObject("Выполнение бизнес-плана/Выполнение бизнес-плана Балансы/Фильтр Дата")): Text of object 'Object Repository/Выполнение бизнес-плана/Выполнение бизнес-плана Балансы/Фильтр Дата' is: '1, 2, 3 кв. 2024 года'

18-11-2024T02:51:46 - [MESSAGE][PASSED] - Text of object 'Object Repository/Выполнение бизнес-плана/Выполнение бизнес-плана Балансы/Фильтр Дата' is: '1, 2, 3 кв. 2024 года'

18-11-2024T02:51:46 - [TEST_STEP][PASSED] - m = m.substring(0, m.indexOf("2024")): null

18-11-2024T02:51:46 - [TEST_STEP][PASSED] - m = m.trim(): null

18-11-2024T02:51:46 - [TEST_STEP][PASSED] - dashboardName = "Выполнение бизнес-плана": null

18-11-2024T02:51:46 - [TEST_STEP][PASSED] - workbook01 = getWorkbook(excelFilePath): null

18-11-2024T02:51:46 - [TEST_STEP][PASSED] - sheet01 = getExcelSheet(workbook01, sheetName): null

18-11-2024T02:51:46 - [TEST_STEP][PASSED] - setValueToCellByIndex(sheet01, n, 0, dashboardName): null

18-11-2024T02:51:46 - [TEST_STEP][PASSED] - setValueToCellByIndex(sheet01, n, 1, dZO): null

18-11-2024T02:51:46 - [TEST_STEP][PASSED] - setValueToCellByIndex(sheet01, n, 2, typeOfData): null

18-11-2024T02:51:46 - [TEST_STEP][PASSED] - setValueToCellByIndex(sheet01, n, 3, typeOfData): null

18-11-2024T02:51:46 - [TEST_STEP][PASSED] - if (typeOfData == "План"): null

18-11-2024T02:51:46 - [TEST_STEP][PASSED] - if (PercPlanR == null): null

18-11-2024T02:51:46 - [TEST_STEP][PASSED] - else: null

18-11-2024T02:51:46 - [TEST_STEP][PASSED] - if (PercPlanR == "нет данных"): null

18-11-2024T02:51:46 - [TEST_STEP][PASSED] - setValueToCellByIndex(sheet01, n, 4, "нет данных"): null

18-11-2024T02:51:46 - [TEST_STEP][PASSED] - if (PercPlanB == null): null

18-11-2024T02:51:46 - [TEST_STEP][PASSED] - else: null

18-11-2024T02:51:46 - [TEST_STEP][PASSED] - if (PercPlanB == "нет данных"): null

18-11-2024T02:51:46 - [TEST_STEP][PASSED] - else: null

18-11-2024T02:51:46 - [TEST_STEP][PASSED] - PB = PercPlanB.toDouble(): null

18-11-2024T02:51:46 - [TEST_STEP][PASSED] - setValueToCellByIndex(sheet01, n, 5, PB): null

18-11-2024T02:51:46 - [TEST_STEP][PASSED] - setValueToCellByIndex(sheet01, n, 6, m): null

18-11-2024T02:51:46 - [TEST_STEP][PASSED] - setValueToCellByIndex(sheet01, n, 7, y): null

18-11-2024T02:51:46 - [TEST_STEP][PASSED] - setValueToCellByIndex(sheet01, n, 8, todaysDate): null

18-11-2024T02:51:46 - [TEST_STEP][PASSED] - n = n + 1: null

18-11-2024T02:51:46 - [TEST_STEP][PASSED] - saveWorkbook(excelFilePath, workbook01): null

18-11-2024T02:51:47 - [TEST_STEP][PASSED] - typeOfData = "Факт": null

18-11-2024T02:51:47 - [TEST_STEP][PASSED] - PercFactR = GetPercFactR(x = a): null

18-11-2024T02:51:47 - [TEST_STEP][PASSED] - i1 = <not implemented yet for class: org.codehaus.groovy.ast.expr.EmptyExpression>: null

18-11-2024T02:51:47 - [TEST_STEP][PASSED] - ii = <not implemented yet for class: org.codehaus.groovy.ast.expr.EmptyExpression>: null

18-11-2024T02:51:47 - [TEST_STEP][PASSED] - for ([ii = 1, ii < 3, (ii++)]): null

18-11-2024T02:51:47 - [TEST_STEP][PASSED] - i1 = x.indexOf("/") + 1: null

18-11-2024T02:51:47 - [TEST_STEP][PASSED] - if (i1 > -1): null

18-11-2024T02:51:47 - [TEST_STEP][PASSED] - x = x.substring(i1, x.length()): null

18-11-2024T02:51:47 - [TEST_STEP][PASSED] - println(x): null

18-11-2024T02:51:47 - [TEST_STEP][PASSED] - i1 = x.indexOf("/") + 1: null

18-11-2024T02:51:47 - [TEST_STEP][PASSED] - if (i1 > -1): null

18-11-2024T02:51:47 - [TEST_STEP][PASSED] - x = x.substring(i1, x.length()): null

18-11-2024T02:51:47 - [TEST_STEP][PASSED] - println(x): null

18-11-2024T02:51:47 - [TEST_STEP][PASSED] - i1 = x.indexOf("/"): null

18-11-2024T02:51:47 - [TEST_STEP][PASSED] - if (i1 > -1): null

18-11-2024T02:51:47 - [TEST_STEP][PASSED] - x = x.substring(0, i1): null

18-11-2024T02:51:47 - [TEST_STEP][PASSED] - println(x): null

18-11-2024T02:51:47 - [TEST_STEP][PASSED] - return x: null

18-11-2024T02:51:47 - [TEST_STEP][PASSED] - PercFactB = GetPercFactB(x = b): null

18-11-2024T02:51:47 - [TEST_STEP][PASSED] - i1 = <not implemented yet for class: org.codehaus.groovy.ast.expr.EmptyExpression>: null

18-11-2024T02:51:47 - [TEST_STEP][PASSED] - ii = <not implemented yet for class: org.codehaus.groovy.ast.expr.EmptyExpression>: null

18-11-2024T02:51:47 - [TEST_STEP][PASSED] - for ([ii = 1, ii < 3, (ii++)]): null

18-11-2024T02:51:47 - [TEST_STEP][PASSED] - i1 = x.indexOf("/") + 1: null

18-11-2024T02:51:47 - [TEST_STEP][PASSED] - if (i1 > -1): null

18-11-2024T02:51:47 - [TEST_STEP][PASSED] - x = x.substring(i1, x.length()): null

18-11-2024T02:51:47 - [TEST_STEP][PASSED] - println(x): null

18-11-2024T02:51:47 - [TEST_STEP][PASSED] - i1 = x.indexOf("/") + 1: null

18-11-2024T02:51:47 - [TEST_STEP][PASSED] - if (i1 > -1): null

18-11-2024T02:51:47 - [TEST_STEP][PASSED] - x = x.substring(i1, x.length()): null

18-11-2024T02:51:47 - [TEST_STEP][PASSED] - println(x): null

18-11-2024T02:51:47 - [TEST_STEP][PASSED] - i1 = x.indexOf("/"): null

18-11-2024T02:51:47 - [TEST_STEP][PASSED] - if (i1 > -1): null

18-11-2024T02:51:47 - [TEST_STEP][PASSED] - x = x.substring(0, i1): null

18-11-2024T02:51:47 - [TEST_STEP][PASSED] - println(x): null

18-11-2024T02:51:47 - [TEST_STEP][FAILED] - return x: null

18-11-2024T02:51:47 - [TEST_STEP][FAILED] - if (verifyEqual(PercFactR, PercFactB) == false): null

18-11-2024T02:51:47 - [MESSAGE][FAILED] - Unable to verify equal between actual object 'нет данных' and expected object '5.16' (Root cause: com.kms.katalon.core.exception.StepFailedException: Actual object 'нет данных' and expected object '5.16' are not equal
	at com.kms.katalon.core.keyword.builtin.VerifyEqualKeyword$_verifyEqual_closure1.doCall(VerifyEqualKeyword.groovy:58)
	at com.kms.katalon.core.keyword.builtin.VerifyEqualKeyword$_verifyEqual_closure1.call(VerifyEqualKeyword.groovy)
	at com.kms.katalon.core.keyword.internal.KeywordMain.runKeyword(KeywordMain.groovy:75)
	at com.kms.katalon.core.keyword.builtin.VerifyEqualKeyword.verifyEqual(VerifyEqualKeyword.groovy:63)
	at com.kms.katalon.core.keyword.builtin.VerifyEqualKeyword.execute(VerifyEqualKeyword.groovy:44)
	at com.kms.katalon.core.keyword.internal.KeywordExecutor.executeKeywordForPlatform(KeywordExecutor.groovy:74)
	at com.kms.katalon.core.keyword.BuiltinKeywords.verifyEqual(BuiltinKeywords.groovy:146)
	at jdk.internal.reflect.GeneratedMethodAccessor25.invoke(Unknown Source)
	at java.base/jdk.internal.reflect.DelegatingMethodAccessorImpl.invoke(DelegatingMethodAccessorImpl.java:43)
	at Выполнение бизнес-плана сверка дашбордов.CompareDZOData(Выполнение бизнес-плана сверка дашбордов:693)
	at Выполнение бизнес-плана сверка дашбордов.run(Выполнение бизнес-плана сверка дашбордов:623)
	at com.kms.katalon.core.main.ScriptEngine.run(ScriptEngine.java:194)
	at com.kms.katalon.core.main.ScriptEngine.runScriptAsRawText(ScriptEngine.java:119)
	at com.kms.katalon.core.main.TestCaseExecutor.runScript(TestCaseExecutor.java:448)
	at com.kms.katalon.core.main.TestCaseExecutor.doExecute(TestCaseExecutor.java:439)
	at com.kms.katalon.core.main.TestCaseExecutor.processExecutionPhase(TestCaseExecutor.java:418)
	at com.kms.katalon.core.main.TestCaseExecutor.accessMainPhase(TestCaseExecutor.java:410)
	at com.kms.katalon.core.main.TestCaseExecutor.execute(TestCaseExecutor.java:285)
	at com.kms.katalon.core.common.CommonExecutor.accessTestCaseMainPhase(CommonExecutor.java:65)
	at com.kms.katalon.core.main.TestSuiteExecutor.accessTestSuiteMainPhase(TestSuiteExecutor.java:150)
	at com.kms.katalon.core.main.TestSuiteExecutor.execute(TestSuiteExecutor.java:106)
	at com.kms.katalon.core.main.TestCaseMain.startTestSuite(TestCaseMain.java:180)
	at TempTestSuite1731886967590.run(TempTestSuite1731886967590.groovy:35)
	at java.base/jdk.internal.reflect.NativeMethodAccessorImpl.invoke0(Native Method)
	at java.base/jdk.internal.reflect.NativeMethodAccessorImpl.invoke(NativeMethodAccessorImpl.java:77)
	at java.base/jdk.internal.reflect.DelegatingMethodAccessorImpl.invoke(DelegatingMethodAccessorImpl.java:43)
)

18-11-2024T02:51:47 - [TEST_STEP][PASSED] - result = WriteToExcel(typeOfData, todaysDate, PercPlanR, PercPlanB, PercFactR, PercFactB, x, tabR, tabB, o1R, o1B, vidget): null

18-11-2024T02:51:47 - [TEST_STEP][PASSED] - iii = dZO.indexOf("/"): null

18-11-2024T02:51:47 - [TEST_STEP][PASSED] - println(iii): null

18-11-2024T02:51:47 - [TEST_STEP][PASSED] - dZO = dZO.substring(0, iii): null

18-11-2024T02:51:47 - [TEST_STEP][PASSED] - println(dZO): null

18-11-2024T02:51:47 - [TEST_STEP][PASSED] - println(PercPlanR): null

18-11-2024T02:51:47 - [TEST_STEP][PASSED] - println(PercPlanB): null

18-11-2024T02:51:47 - [TEST_STEP][PASSED] - println(PercFactR): null

18-11-2024T02:51:47 - [TEST_STEP][PASSED] - println(PercFactB): null

18-11-2024T02:51:47 - [TEST_STEP][PASSED] - println(tabR): null

18-11-2024T02:51:47 - [TEST_STEP][PASSED] - println(tabB): null

18-11-2024T02:51:47 - [TEST_STEP][PASSED] - println(o1R): null

18-11-2024T02:51:47 - [TEST_STEP][PASSED] - println(o1B): null

18-11-2024T02:51:47 - [TEST_STEP][PASSED] - PR = <not implemented yet for class: org.codehaus.groovy.ast.expr.EmptyExpression>: null

18-11-2024T02:51:47 - [TEST_STEP][PASSED] - FR = <not implemented yet for class: org.codehaus.groovy.ast.expr.EmptyExpression>: null

18-11-2024T02:51:47 - [TEST_STEP][PASSED] - PB = <not implemented yet for class: org.codehaus.groovy.ast.expr.EmptyExpression>: null

18-11-2024T02:51:47 - [TEST_STEP][PASSED] - FB = <not implemented yet for class: org.codehaus.groovy.ast.expr.EmptyExpression>: null

18-11-2024T02:51:47 - [TEST_STEP][PASSED] - TR = <not implemented yet for class: org.codehaus.groovy.ast.expr.EmptyExpression>: null

18-11-2024T02:51:47 - [TEST_STEP][PASSED] - TB = <not implemented yet for class: org.codehaus.groovy.ast.expr.EmptyExpression>: null

18-11-2024T02:51:47 - [TEST_STEP][PASSED] - sheetName = "Sheet1": null

18-11-2024T02:51:47 - [TEST_STEP][PASSED] - data = findTestData("PlanFact"): null

18-11-2024T02:51:47 - [TEST_STEP][PASSED] - n = data.getRowNumbers() + 1: null

18-11-2024T02:51:47 - [TEST_STEP][PASSED] - year = todaysDate.substring(todaysDate.length() - 4, todaysDate.length()): null

18-11-2024T02:51:47 - [TEST_STEP][PASSED] - y = year.toInteger(): null

18-11-2024T02:51:47 - [TEST_STEP][PASSED] - m = getText(findTestObject("Выполнение бизнес-плана/Выполнение бизнес-плана Балансы/Фильтр Дата")): Text of object 'Object Repository/Выполнение бизнес-плана/Выполнение бизнес-плана Балансы/Фильтр Дата' is: '1, 2, 3 кв. 2024 года'

18-11-2024T02:51:47 - [MESSAGE][PASSED] - Text of object 'Object Repository/Выполнение бизнес-плана/Выполнение бизнес-плана Балансы/Фильтр Дата' is: '1, 2, 3 кв. 2024 года'

18-11-2024T02:51:47 - [TEST_STEP][PASSED] - m = m.substring(0, m.indexOf("2024")): null

18-11-2024T02:51:47 - [TEST_STEP][PASSED] - m = m.trim(): null

18-11-2024T02:51:47 - [TEST_STEP][PASSED] - dashboardName = "Выполнение бизнес-плана": null

18-11-2024T02:51:47 - [TEST_STEP][PASSED] - workbook01 = getWorkbook(excelFilePath): null

18-11-2024T02:51:47 - [TEST_STEP][PASSED] - sheet01 = getExcelSheet(workbook01, sheetName): null

18-11-2024T02:51:47 - [TEST_STEP][PASSED] - setValueToCellByIndex(sheet01, n, 0, dashboardName): null

18-11-2024T02:51:47 - [TEST_STEP][PASSED] - setValueToCellByIndex(sheet01, n, 1, dZO): null

18-11-2024T02:51:47 - [TEST_STEP][PASSED] - setValueToCellByIndex(sheet01, n, 2, typeOfData): null

18-11-2024T02:51:47 - [TEST_STEP][PASSED] - setValueToCellByIndex(sheet01, n, 3, typeOfData): null

18-11-2024T02:51:47 - [TEST_STEP][PASSED] - if (typeOfData == "План"): null

18-11-2024T02:51:47 - [TEST_STEP][PASSED] - else if (typeOfData == "Факт"): null

18-11-2024T02:51:47 - [TEST_STEP][PASSED] - if (PercFactR == null): null

18-11-2024T02:51:47 - [TEST_STEP][PASSED] - else: null

18-11-2024T02:51:47 - [TEST_STEP][PASSED] - if (PercFactR == "нет данных"): null

18-11-2024T02:51:47 - [TEST_STEP][PASSED] - setValueToCellByIndex(sheet01, n, 4, "нет данных"): null

18-11-2024T02:51:47 - [TEST_STEP][PASSED] - if (PercFactB == null): null

18-11-2024T02:51:47 - [TEST_STEP][PASSED] - else: null

18-11-2024T02:51:47 - [TEST_STEP][PASSED] - if (PercFactB == "нет данных"): null

18-11-2024T02:51:47 - [TEST_STEP][PASSED] - else: null

18-11-2024T02:51:47 - [TEST_STEP][PASSED] - FB = PercFactB.toDouble(): null

18-11-2024T02:51:47 - [TEST_STEP][PASSED] - setValueToCellByIndex(sheet01, n, 5, FB): null

18-11-2024T02:51:47 - [TEST_STEP][PASSED] - setValueToCellByIndex(sheet01, n, 6, m): null

18-11-2024T02:51:47 - [TEST_STEP][PASSED] - setValueToCellByIndex(sheet01, n, 7, y): null

18-11-2024T02:51:47 - [TEST_STEP][PASSED] - setValueToCellByIndex(sheet01, n, 8, todaysDate): null

18-11-2024T02:51:47 - [TEST_STEP][PASSED] - n = n + 1: null

18-11-2024T02:51:47 - [TEST_STEP][PASSED] - saveWorkbook(excelFilePath, workbook01): null

18-11-2024T02:51:47 - [TEST_STEP][PASSED] - vidget = "Показатели баланса электроэнергии по ДЗО – Факт": null

18-11-2024T02:51:47 - [TEST_STEP][PASSED] - typeOfData = "Факт Отпуск в сеть": null

18-11-2024T02:51:47 - [TEST_STEP][PASSED] - tabR = GetOvSFactR(x = a): null

18-11-2024T02:51:47 - [TEST_STEP][PASSED] - i1 = <not implemented yet for class: org.codehaus.groovy.ast.expr.EmptyExpression>: null

18-11-2024T02:51:47 - [TEST_STEP][PASSED] - ii = <not implemented yet for class: org.codehaus.groovy.ast.expr.EmptyExpression>: null

18-11-2024T02:51:47 - [TEST_STEP][PASSED] - for ([ii = 1, ii < 4, (ii++)]): null

18-11-2024T02:51:47 - [TEST_STEP][PASSED] - i1 = x.indexOf("/") + 1: null

18-11-2024T02:51:47 - [TEST_STEP][PASSED] - if (i1 > -1): null

18-11-2024T02:51:47 - [TEST_STEP][PASSED] - x = x.substring(i1, x.length()): null

18-11-2024T02:51:47 - [TEST_STEP][PASSED] - println(x): null

18-11-2024T02:51:47 - [TEST_STEP][PASSED] - i1 = x.indexOf("/") + 1: null

18-11-2024T02:51:47 - [TEST_STEP][PASSED] - if (i1 > -1): null

18-11-2024T02:51:47 - [TEST_STEP][PASSED] - x = x.substring(i1, x.length()): null

18-11-2024T02:51:47 - [TEST_STEP][PASSED] - println(x): null

18-11-2024T02:51:47 - [TEST_STEP][PASSED] - i1 = x.indexOf("/") + 1: null

18-11-2024T02:51:47 - [TEST_STEP][PASSED] - if (i1 > -1): null

18-11-2024T02:51:47 - [TEST_STEP][PASSED] - x = x.substring(i1, x.length()): null

18-11-2024T02:51:47 - [TEST_STEP][PASSED] - println(x): null

18-11-2024T02:51:47 - [TEST_STEP][PASSED] - i1 = x.indexOf("/"): null

18-11-2024T02:51:47 - [TEST_STEP][PASSED] - if (i1 > -1): null

18-11-2024T02:51:47 - [TEST_STEP][PASSED] - x = x.substring(0, i1): null

18-11-2024T02:51:47 - [TEST_STEP][PASSED] - println(x): null

18-11-2024T02:51:47 - [TEST_STEP][PASSED] - return x: null

18-11-2024T02:51:47 - [TEST_STEP][PASSED] - tabB = GetOvSFactB(x = b): null

18-11-2024T02:51:47 - [TEST_STEP][PASSED] - i1 = <not implemented yet for class: org.codehaus.groovy.ast.expr.EmptyExpression>: null

18-11-2024T02:51:47 - [TEST_STEP][PASSED] - ii = <not implemented yet for class: org.codehaus.groovy.ast.expr.EmptyExpression>: null

18-11-2024T02:51:47 - [TEST_STEP][PASSED] - for ([ii = 1, ii < 4, (ii++)]): null

18-11-2024T02:51:47 - [TEST_STEP][PASSED] - i1 = x.indexOf("/") + 1: null

18-11-2024T02:51:47 - [TEST_STEP][PASSED] - if (i1 > -1): null

18-11-2024T02:51:47 - [TEST_STEP][PASSED] - x = x.substring(i1, x.length()): null

18-11-2024T02:51:47 - [TEST_STEP][PASSED] - println(x): null

18-11-2024T02:51:47 - [TEST_STEP][PASSED] - i1 = x.indexOf("/") + 1: null

18-11-2024T02:51:47 - [TEST_STEP][PASSED] - if (i1 > -1): null

18-11-2024T02:51:47 - [TEST_STEP][PASSED] - x = x.substring(i1, x.length()): null

18-11-2024T02:51:47 - [TEST_STEP][PASSED] - println(x): null

18-11-2024T02:51:47 - [TEST_STEP][PASSED] - i1 = x.indexOf("/") + 1: null

18-11-2024T02:51:47 - [TEST_STEP][PASSED] - if (i1 > -1): null

18-11-2024T02:51:47 - [TEST_STEP][PASSED] - x = x.substring(i1, x.length()): null

18-11-2024T02:51:47 - [TEST_STEP][PASSED] - println(x): null

18-11-2024T02:51:47 - [TEST_STEP][PASSED] - i1 = x.indexOf("/"): null

18-11-2024T02:51:47 - [TEST_STEP][PASSED] - if (i1 > -1): null

18-11-2024T02:51:47 - [TEST_STEP][PASSED] - x = x.substring(0, i1): null

18-11-2024T02:51:47 - [TEST_STEP][PASSED] - println(x): null

18-11-2024T02:51:47 - [TEST_STEP][FAILED] - return x: null

18-11-2024T02:51:47 - [TEST_STEP][FAILED] - if (verifyEqual(tabR, tabB) == false): null

18-11-2024T02:51:47 - [MESSAGE][FAILED] - Unable to verify equal between actual object 'нет данных' and expected object '24700231' (Root cause: com.kms.katalon.core.exception.StepFailedException: Actual object 'нет данных' and expected object '24700231' are not equal
	at com.kms.katalon.core.keyword.builtin.VerifyEqualKeyword$_verifyEqual_closure1.doCall(VerifyEqualKeyword.groovy:58)
	at com.kms.katalon.core.keyword.builtin.VerifyEqualKeyword$_verifyEqual_closure1.call(VerifyEqualKeyword.groovy)
	at com.kms.katalon.core.keyword.internal.KeywordMain.runKeyword(KeywordMain.groovy:75)
	at com.kms.katalon.core.keyword.builtin.VerifyEqualKeyword.verifyEqual(VerifyEqualKeyword.groovy:63)
	at com.kms.katalon.core.keyword.builtin.VerifyEqualKeyword.execute(VerifyEqualKeyword.groovy:44)
	at com.kms.katalon.core.keyword.internal.KeywordExecutor.executeKeywordForPlatform(KeywordExecutor.groovy:74)
	at com.kms.katalon.core.keyword.BuiltinKeywords.verifyEqual(BuiltinKeywords.groovy:146)
	at jdk.internal.reflect.GeneratedMethodAccessor25.invoke(Unknown Source)
	at java.base/jdk.internal.reflect.DelegatingMethodAccessorImpl.invoke(DelegatingMethodAccessorImpl.java:43)
	at Выполнение бизнес-плана сверка дашбордов.CompareDZOData(Выполнение бизнес-плана сверка дашбордов:706)
	at Выполнение бизнес-плана сверка дашбордов.run(Выполнение бизнес-плана сверка дашбордов:623)
	at com.kms.katalon.core.main.ScriptEngine.run(ScriptEngine.java:194)
	at com.kms.katalon.core.main.ScriptEngine.runScriptAsRawText(ScriptEngine.java:119)
	at com.kms.katalon.core.main.TestCaseExecutor.runScript(TestCaseExecutor.java:448)
	at com.kms.katalon.core.main.TestCaseExecutor.doExecute(TestCaseExecutor.java:439)
	at com.kms.katalon.core.main.TestCaseExecutor.processExecutionPhase(TestCaseExecutor.java:418)
	at com.kms.katalon.core.main.TestCaseExecutor.accessMainPhase(TestCaseExecutor.java:410)
	at com.kms.katalon.core.main.TestCaseExecutor.execute(TestCaseExecutor.java:285)
	at com.kms.katalon.core.common.CommonExecutor.accessTestCaseMainPhase(CommonExecutor.java:65)
	at com.kms.katalon.core.main.TestSuiteExecutor.accessTestSuiteMainPhase(TestSuiteExecutor.java:150)
	at com.kms.katalon.core.main.TestSuiteExecutor.execute(TestSuiteExecutor.java:106)
	at com.kms.katalon.core.main.TestCaseMain.startTestSuite(TestCaseMain.java:180)
	at TempTestSuite1731886967590.run(TempTestSuite1731886967590.groovy:35)
	at java.base/jdk.internal.reflect.NativeMethodAccessorImpl.invoke0(Native Method)
	at java.base/jdk.internal.reflect.NativeMethodAccessorImpl.invoke(NativeMethodAccessorImpl.java:77)
	at java.base/jdk.internal.reflect.DelegatingMethodAccessorImpl.invoke(DelegatingMethodAccessorImpl.java:43)
)

18-11-2024T02:51:47 - [TEST_STEP][PASSED] - result = WriteToExcel(typeOfData, todaysDate, PercPlanR, PercPlanB, PercFactR, PercFactB, x, tabR, tabB, o1R, o1B, vidget): null

18-11-2024T02:51:47 - [TEST_STEP][PASSED] - iii = dZO.indexOf("/"): null

18-11-2024T02:51:47 - [TEST_STEP][PASSED] - println(iii): null

18-11-2024T02:51:47 - [TEST_STEP][PASSED] - dZO = dZO.substring(0, iii): null

18-11-2024T02:51:47 - [TEST_STEP][PASSED] - println(dZO): null

18-11-2024T02:51:47 - [TEST_STEP][PASSED] - println(PercPlanR): null

18-11-2024T02:51:47 - [TEST_STEP][PASSED] - println(PercPlanB): null

18-11-2024T02:51:47 - [TEST_STEP][PASSED] - println(PercFactR): null

18-11-2024T02:51:47 - [TEST_STEP][PASSED] - println(PercFactB): null

18-11-2024T02:51:47 - [TEST_STEP][PASSED] - println(tabR): null

18-11-2024T02:51:47 - [TEST_STEP][PASSED] - println(tabB): null

18-11-2024T02:51:47 - [TEST_STEP][PASSED] - println(o1R): null

18-11-2024T02:51:47 - [TEST_STEP][PASSED] - println(o1B): null

18-11-2024T02:51:47 - [TEST_STEP][PASSED] - PR = <not implemented yet for class: org.codehaus.groovy.ast.expr.EmptyExpression>: null

18-11-2024T02:51:47 - [TEST_STEP][PASSED] - FR = <not implemented yet for class: org.codehaus.groovy.ast.expr.EmptyExpression>: null

18-11-2024T02:51:47 - [TEST_STEP][PASSED] - PB = <not implemented yet for class: org.codehaus.groovy.ast.expr.EmptyExpression>: null

18-11-2024T02:51:47 - [TEST_STEP][PASSED] - FB = <not implemented yet for class: org.codehaus.groovy.ast.expr.EmptyExpression>: null

18-11-2024T02:51:47 - [TEST_STEP][PASSED] - TR = <not implemented yet for class: org.codehaus.groovy.ast.expr.EmptyExpression>: null

18-11-2024T02:51:47 - [TEST_STEP][PASSED] - TB = <not implemented yet for class: org.codehaus.groovy.ast.expr.EmptyExpression>: null

18-11-2024T02:51:47 - [TEST_STEP][PASSED] - sheetName = "Sheet1": null

18-11-2024T02:51:47 - [TEST_STEP][PASSED] - data = findTestData("PlanFact"): null

18-11-2024T02:51:47 - [TEST_STEP][PASSED] - n = data.getRowNumbers() + 1: null

18-11-2024T02:51:47 - [TEST_STEP][PASSED] - year = todaysDate.substring(todaysDate.length() - 4, todaysDate.length()): null

18-11-2024T02:51:47 - [TEST_STEP][PASSED] - y = year.toInteger(): null

18-11-2024T02:51:47 - [TEST_STEP][PASSED] - m = getText(findTestObject("Выполнение бизнес-плана/Выполнение бизнес-плана Балансы/Фильтр Дата")): Text of object 'Object Repository/Выполнение бизнес-плана/Выполнение бизнес-плана Балансы/Фильтр Дата' is: '1, 2, 3 кв. 2024 года'

18-11-2024T02:51:48 - [MESSAGE][PASSED] - Text of object 'Object Repository/Выполнение бизнес-плана/Выполнение бизнес-плана Балансы/Фильтр Дата' is: '1, 2, 3 кв. 2024 года'

18-11-2024T02:51:48 - [TEST_STEP][PASSED] - m = m.substring(0, m.indexOf("2024")): null

18-11-2024T02:51:48 - [TEST_STEP][PASSED] - m = m.trim(): null

18-11-2024T02:51:48 - [TEST_STEP][PASSED] - dashboardName = "Выполнение бизнес-плана": null

18-11-2024T02:51:48 - [TEST_STEP][PASSED] - workbook01 = getWorkbook(excelFilePath): null

18-11-2024T02:51:48 - [TEST_STEP][PASSED] - sheet01 = getExcelSheet(workbook01, sheetName): null

18-11-2024T02:51:48 - [TEST_STEP][PASSED] - setValueToCellByIndex(sheet01, n, 0, dashboardName): null

18-11-2024T02:51:48 - [TEST_STEP][PASSED] - setValueToCellByIndex(sheet01, n, 1, dZO): null

18-11-2024T02:51:48 - [TEST_STEP][PASSED] - setValueToCellByIndex(sheet01, n, 2, typeOfData): null

18-11-2024T02:51:48 - [TEST_STEP][PASSED] - setValueToCellByIndex(sheet01, n, 3, typeOfData): null

18-11-2024T02:51:48 - [TEST_STEP][PASSED] - if (typeOfData == "План"): null

18-11-2024T02:51:48 - [TEST_STEP][PASSED] - else if (typeOfData == "Факт"): null

18-11-2024T02:51:48 - [TEST_STEP][PASSED] - else if (vidget.contains("электроэнергии") == true): null

18-11-2024T02:51:48 - [TEST_STEP][PASSED] - if (tabR == null): null

18-11-2024T02:51:48 - [TEST_STEP][PASSED] - else: null

18-11-2024T02:51:48 - [TEST_STEP][PASSED] - if (tabR == "нет данных"): null

18-11-2024T02:51:48 - [TEST_STEP][PASSED] - setValueToCellByIndex(sheet01, n, 4, "нет данных"): null

18-11-2024T02:51:48 - [TEST_STEP][PASSED] - if (tabB == null): null

18-11-2024T02:51:48 - [TEST_STEP][PASSED] - else: null

18-11-2024T02:51:48 - [TEST_STEP][PASSED] - if (tabB == "нет данных"): null

18-11-2024T02:51:48 - [TEST_STEP][PASSED] - else: null

18-11-2024T02:51:48 - [TEST_STEP][PASSED] - TB = tabB.toInteger(): null

18-11-2024T02:51:48 - [TEST_STEP][PASSED] - setValueToCellByIndex(sheet01, n, 5, TB): null

18-11-2024T02:51:48 - [TEST_STEP][PASSED] - setValueToCellByIndex(sheet01, n, 6, m): null

18-11-2024T02:51:48 - [TEST_STEP][PASSED] - setValueToCellByIndex(sheet01, n, 7, y): null

18-11-2024T02:51:48 - [TEST_STEP][PASSED] - setValueToCellByIndex(sheet01, n, 8, todaysDate): null

18-11-2024T02:51:48 - [TEST_STEP][PASSED] - n = n + 1: null

18-11-2024T02:51:48 - [TEST_STEP][PASSED] - saveWorkbook(excelFilePath, workbook01): null

18-11-2024T02:51:48 - [TEST_STEP][PASSED] - typeOfData = "Факт Отпуск из сети": null

18-11-2024T02:51:48 - [TEST_STEP][PASSED] - tabR = GetOiSFactR(x = a): null

18-11-2024T02:51:48 - [TEST_STEP][PASSED] - i1 = <not implemented yet for class: org.codehaus.groovy.ast.expr.EmptyExpression>: null

18-11-2024T02:51:48 - [TEST_STEP][PASSED] - ii = <not implemented yet for class: org.codehaus.groovy.ast.expr.EmptyExpression>: null

18-11-2024T02:51:48 - [TEST_STEP][PASSED] - for ([ii = 1, ii < 5, (ii++)]): null

18-11-2024T02:51:48 - [TEST_STEP][PASSED] - i1 = x.indexOf("/") + 1: null

18-11-2024T02:51:48 - [TEST_STEP][PASSED] - if (i1 > -1): null

18-11-2024T02:51:48 - [TEST_STEP][PASSED] - x = x.substring(i1, x.length()): null

18-11-2024T02:51:48 - [TEST_STEP][PASSED] - println(x): null

18-11-2024T02:51:48 - [TEST_STEP][PASSED] - i1 = x.indexOf("/") + 1: null

18-11-2024T02:51:48 - [TEST_STEP][PASSED] - if (i1 > -1): null

18-11-2024T02:51:48 - [TEST_STEP][PASSED] - x = x.substring(i1, x.length()): null

18-11-2024T02:51:48 - [TEST_STEP][PASSED] - println(x): null

18-11-2024T02:51:48 - [TEST_STEP][PASSED] - i1 = x.indexOf("/") + 1: null

18-11-2024T02:51:48 - [TEST_STEP][PASSED] - if (i1 > -1): null

18-11-2024T02:51:48 - [TEST_STEP][PASSED] - x = x.substring(i1, x.length()): null

18-11-2024T02:51:48 - [TEST_STEP][PASSED] - println(x): null

18-11-2024T02:51:48 - [TEST_STEP][PASSED] - i1 = x.indexOf("/") + 1: null

18-11-2024T02:51:48 - [TEST_STEP][PASSED] - if (i1 > -1): null

18-11-2024T02:51:48 - [TEST_STEP][PASSED] - x = x.substring(i1, x.length()): null

18-11-2024T02:51:48 - [TEST_STEP][PASSED] - println(x): null

18-11-2024T02:51:48 - [TEST_STEP][PASSED] - i1 = x.indexOf("/"): null

18-11-2024T02:51:48 - [TEST_STEP][PASSED] - if (i1 > -1): null

18-11-2024T02:51:48 - [TEST_STEP][PASSED] - x = x.substring(0, i1): null

18-11-2024T02:51:48 - [TEST_STEP][PASSED] - println(x): null

18-11-2024T02:51:48 - [TEST_STEP][PASSED] - return x: null

18-11-2024T02:51:48 - [TEST_STEP][PASSED] - tabB = GetOiSFactB(x = b): null

18-11-2024T02:51:48 - [TEST_STEP][PASSED] - i1 = <not implemented yet for class: org.codehaus.groovy.ast.expr.EmptyExpression>: null

18-11-2024T02:51:48 - [TEST_STEP][PASSED] - ii = <not implemented yet for class: org.codehaus.groovy.ast.expr.EmptyExpression>: null

18-11-2024T02:51:48 - [TEST_STEP][PASSED] - for ([ii = 1, ii < 5, (ii++)]): null

18-11-2024T02:51:48 - [TEST_STEP][PASSED] - i1 = x.indexOf("/") + 1: null

18-11-2024T02:51:48 - [TEST_STEP][PASSED] - if (i1 > -1): null

18-11-2024T02:51:48 - [TEST_STEP][PASSED] - x = x.substring(i1, x.length()): null

18-11-2024T02:51:48 - [TEST_STEP][PASSED] - println(x): null

18-11-2024T02:51:48 - [TEST_STEP][PASSED] - i1 = x.indexOf("/") + 1: null

18-11-2024T02:51:48 - [TEST_STEP][PASSED] - if (i1 > -1): null

18-11-2024T02:51:48 - [TEST_STEP][PASSED] - x = x.substring(i1, x.length()): null

18-11-2024T02:51:48 - [TEST_STEP][PASSED] - println(x): null

18-11-2024T02:51:48 - [TEST_STEP][PASSED] - i1 = x.indexOf("/") + 1: null

18-11-2024T02:51:48 - [TEST_STEP][PASSED] - if (i1 > -1): null

18-11-2024T02:51:48 - [TEST_STEP][PASSED] - x = x.substring(i1, x.length()): null

18-11-2024T02:51:48 - [TEST_STEP][PASSED] - println(x): null

18-11-2024T02:51:48 - [TEST_STEP][PASSED] - i1 = x.indexOf("/") + 1: null

18-11-2024T02:51:48 - [TEST_STEP][PASSED] - if (i1 > -1): null

18-11-2024T02:51:48 - [TEST_STEP][PASSED] - x = x.substring(i1, x.length()): null

18-11-2024T02:51:48 - [TEST_STEP][PASSED] - println(x): null

18-11-2024T02:51:48 - [TEST_STEP][PASSED] - i1 = x.indexOf("/"): null

18-11-2024T02:51:48 - [TEST_STEP][PASSED] - if (i1 > -1): null

18-11-2024T02:51:48 - [TEST_STEP][PASSED] - x = x.substring(0, i1): null

18-11-2024T02:51:48 - [TEST_STEP][PASSED] - println(x): null

18-11-2024T02:51:48 - [TEST_STEP][FAILED] - return x: null

18-11-2024T02:51:48 - [TEST_STEP][FAILED] - if (verifyEqual(tabR, tabB) == false): null

18-11-2024T02:51:48 - [MESSAGE][FAILED] - Unable to verify equal between actual object 'нет данных' and expected object '23426892' (Root cause: com.kms.katalon.core.exception.StepFailedException: Actual object 'нет данных' and expected object '23426892' are not equal
	at com.kms.katalon.core.keyword.builtin.VerifyEqualKeyword$_verifyEqual_closure1.doCall(VerifyEqualKeyword.groovy:58)
	at com.kms.katalon.core.keyword.builtin.VerifyEqualKeyword$_verifyEqual_closure1.call(VerifyEqualKeyword.groovy)
	at com.kms.katalon.core.keyword.internal.KeywordMain.runKeyword(KeywordMain.groovy:75)
	at com.kms.katalon.core.keyword.builtin.VerifyEqualKeyword.verifyEqual(VerifyEqualKeyword.groovy:63)
	at com.kms.katalon.core.keyword.builtin.VerifyEqualKeyword.execute(VerifyEqualKeyword.groovy:44)
	at com.kms.katalon.core.keyword.internal.KeywordExecutor.executeKeywordForPlatform(KeywordExecutor.groovy:74)
	at com.kms.katalon.core.keyword.BuiltinKeywords.verifyEqual(BuiltinKeywords.groovy:146)
	at jdk.internal.reflect.GeneratedMethodAccessor25.invoke(Unknown Source)
	at java.base/jdk.internal.reflect.DelegatingMethodAccessorImpl.invoke(DelegatingMethodAccessorImpl.java:43)
	at Выполнение бизнес-плана сверка дашбордов.CompareDZOData(Выполнение бизнес-плана сверка дашбордов:717)
	at Выполнение бизнес-плана сверка дашбордов.run(Выполнение бизнес-плана сверка дашбордов:623)
	at com.kms.katalon.core.main.ScriptEngine.run(ScriptEngine.java:194)
	at com.kms.katalon.core.main.ScriptEngine.runScriptAsRawText(ScriptEngine.java:119)
	at com.kms.katalon.core.main.TestCaseExecutor.runScript(TestCaseExecutor.java:448)
	at com.kms.katalon.core.main.TestCaseExecutor.doExecute(TestCaseExecutor.java:439)
	at com.kms.katalon.core.main.TestCaseExecutor.processExecutionPhase(TestCaseExecutor.java:418)
	at com.kms.katalon.core.main.TestCaseExecutor.accessMainPhase(TestCaseExecutor.java:410)
	at com.kms.katalon.core.main.TestCaseExecutor.execute(TestCaseExecutor.java:285)
	at com.kms.katalon.core.common.CommonExecutor.accessTestCaseMainPhase(CommonExecutor.java:65)
	at com.kms.katalon.core.main.TestSuiteExecutor.accessTestSuiteMainPhase(TestSuiteExecutor.java:150)
	at com.kms.katalon.core.main.TestSuiteExecutor.execute(TestSuiteExecutor.java:106)
	at com.kms.katalon.core.main.TestCaseMain.startTestSuite(TestCaseMain.java:180)
	at TempTestSuite1731886967590.run(TempTestSuite1731886967590.groovy:35)
	at java.base/jdk.internal.reflect.NativeMethodAccessorImpl.invoke0(Native Method)
	at java.base/jdk.internal.reflect.NativeMethodAccessorImpl.invoke(NativeMethodAccessorImpl.java:77)
	at java.base/jdk.internal.reflect.DelegatingMethodAccessorImpl.invoke(DelegatingMethodAccessorImpl.java:43)
)

18-11-2024T02:51:48 - [TEST_STEP][PASSED] - result = WriteToExcel(typeOfData, todaysDate, PercPlanR, PercPlanB, PercFactR, PercFactB, x, tabR, tabB, o1R, o1B, vidget): null

18-11-2024T02:51:48 - [TEST_STEP][PASSED] - iii = dZO.indexOf("/"): null

18-11-2024T02:51:48 - [TEST_STEP][PASSED] - println(iii): null

18-11-2024T02:51:48 - [TEST_STEP][PASSED] - dZO = dZO.substring(0, iii): null

18-11-2024T02:51:48 - [TEST_STEP][PASSED] - println(dZO): null

18-11-2024T02:51:48 - [TEST_STEP][PASSED] - println(PercPlanR): null

18-11-2024T02:51:48 - [TEST_STEP][PASSED] - println(PercPlanB): null

18-11-2024T02:51:48 - [TEST_STEP][PASSED] - println(PercFactR): null

18-11-2024T02:51:48 - [TEST_STEP][PASSED] - println(PercFactB): null

18-11-2024T02:51:48 - [TEST_STEP][PASSED] - println(tabR): null

18-11-2024T02:51:48 - [TEST_STEP][PASSED] - println(tabB): null

18-11-2024T02:51:48 - [TEST_STEP][PASSED] - println(o1R): null

18-11-2024T02:51:48 - [TEST_STEP][PASSED] - println(o1B): null

18-11-2024T02:51:48 - [TEST_STEP][PASSED] - PR = <not implemented yet for class: org.codehaus.groovy.ast.expr.EmptyExpression>: null

18-11-2024T02:51:48 - [TEST_STEP][PASSED] - FR = <not implemented yet for class: org.codehaus.groovy.ast.expr.EmptyExpression>: null

18-11-2024T02:51:48 - [TEST_STEP][PASSED] - PB = <not implemented yet for class: org.codehaus.groovy.ast.expr.EmptyExpression>: null

18-11-2024T02:51:48 - [TEST_STEP][PASSED] - FB = <not implemented yet for class: org.codehaus.groovy.ast.expr.EmptyExpression>: null

18-11-2024T02:51:48 - [TEST_STEP][PASSED] - TR = <not implemented yet for class: org.codehaus.groovy.ast.expr.EmptyExpression>: null

18-11-2024T02:51:48 - [TEST_STEP][PASSED] - TB = <not implemented yet for class: org.codehaus.groovy.ast.expr.EmptyExpression>: null

18-11-2024T02:51:48 - [TEST_STEP][PASSED] - sheetName = "Sheet1": null

18-11-2024T02:51:48 - [TEST_STEP][PASSED] - data = findTestData("PlanFact"): null

18-11-2024T02:51:48 - [TEST_STEP][PASSED] - n = data.getRowNumbers() + 1: null

18-11-2024T02:51:48 - [TEST_STEP][PASSED] - year = todaysDate.substring(todaysDate.length() - 4, todaysDate.length()): null

18-11-2024T02:51:48 - [TEST_STEP][PASSED] - y = year.toInteger(): null

18-11-2024T02:51:48 - [TEST_STEP][PASSED] - m = getText(findTestObject("Выполнение бизнес-плана/Выполнение бизнес-плана Балансы/Фильтр Дата")): Text of object 'Object Repository/Выполнение бизнес-плана/Выполнение бизнес-плана Балансы/Фильтр Дата' is: '1, 2, 3 кв. 2024 года'

18-11-2024T02:51:48 - [MESSAGE][PASSED] - Text of object 'Object Repository/Выполнение бизнес-плана/Выполнение бизнес-плана Балансы/Фильтр Дата' is: '1, 2, 3 кв. 2024 года'

18-11-2024T02:51:48 - [TEST_STEP][PASSED] - m = m.substring(0, m.indexOf("2024")): null

18-11-2024T02:51:48 - [TEST_STEP][PASSED] - m = m.trim(): null

18-11-2024T02:51:48 - [TEST_STEP][PASSED] - dashboardName = "Выполнение бизнес-плана": null

18-11-2024T02:51:48 - [TEST_STEP][PASSED] - workbook01 = getWorkbook(excelFilePath): null

18-11-2024T02:51:48 - [TEST_STEP][PASSED] - sheet01 = getExcelSheet(workbook01, sheetName): null

18-11-2024T02:51:48 - [TEST_STEP][PASSED] - setValueToCellByIndex(sheet01, n, 0, dashboardName): null

18-11-2024T02:51:48 - [TEST_STEP][PASSED] - setValueToCellByIndex(sheet01, n, 1, dZO): null

18-11-2024T02:51:48 - [TEST_STEP][PASSED] - setValueToCellByIndex(sheet01, n, 2, typeOfData): null

18-11-2024T02:51:48 - [TEST_STEP][PASSED] - setValueToCellByIndex(sheet01, n, 3, typeOfData): null

18-11-2024T02:51:48 - [TEST_STEP][PASSED] - if (typeOfData == "План"): null

18-11-2024T02:51:48 - [TEST_STEP][PASSED] - else if (typeOfData == "Факт"): null

18-11-2024T02:51:48 - [TEST_STEP][PASSED] - else if (vidget.contains("электроэнергии") == true): null

18-11-2024T02:51:48 - [TEST_STEP][PASSED] - if (tabR == null): null

18-11-2024T02:51:48 - [TEST_STEP][PASSED] - else: null

18-11-2024T02:51:48 - [TEST_STEP][PASSED] - if (tabR == "нет данных"): null

18-11-2024T02:51:48 - [TEST_STEP][PASSED] - setValueToCellByIndex(sheet01, n, 4, "нет данных"): null

18-11-2024T02:51:48 - [TEST_STEP][PASSED] - if (tabB == null): null

18-11-2024T02:51:48 - [TEST_STEP][PASSED] - else: null

18-11-2024T02:51:48 - [TEST_STEP][PASSED] - if (tabB == "нет данных"): null

18-11-2024T02:51:48 - [TEST_STEP][PASSED] - else: null

18-11-2024T02:51:48 - [TEST_STEP][PASSED] - TB = tabB.toInteger(): null

18-11-2024T02:51:48 - [TEST_STEP][PASSED] - setValueToCellByIndex(sheet01, n, 5, TB): null

18-11-2024T02:51:48 - [TEST_STEP][PASSED] - setValueToCellByIndex(sheet01, n, 6, m): null

18-11-2024T02:51:48 - [TEST_STEP][PASSED] - setValueToCellByIndex(sheet01, n, 7, y): null

18-11-2024T02:51:48 - [TEST_STEP][PASSED] - setValueToCellByIndex(sheet01, n, 8, todaysDate): null

18-11-2024T02:51:48 - [TEST_STEP][PASSED] - n = n + 1: null

18-11-2024T02:51:48 - [TEST_STEP][PASSED] - saveWorkbook(excelFilePath, workbook01): null

18-11-2024T02:51:49 - [TEST_STEP][PASSED] - typeOfData = "Факт Потери": null

18-11-2024T02:51:49 - [TEST_STEP][PASSED] - tabR = GetPFactR(x = a): null

18-11-2024T02:51:49 - [TEST_STEP][PASSED] - i1 = <not implemented yet for class: org.codehaus.groovy.ast.expr.EmptyExpression>: null

18-11-2024T02:51:49 - [TEST_STEP][PASSED] - ii = <not implemented yet for class: org.codehaus.groovy.ast.expr.EmptyExpression>: null

18-11-2024T02:51:49 - [TEST_STEP][PASSED] - for ([ii = 1, ii < 6, (ii++)]): null

18-11-2024T02:51:49 - [TEST_STEP][PASSED] - i1 = x.indexOf("/") + 1: null

18-11-2024T02:51:49 - [TEST_STEP][PASSED] - if (i1 > -1): null

18-11-2024T02:51:49 - [TEST_STEP][PASSED] - x = x.substring(i1, x.length()): null

18-11-2024T02:51:49 - [TEST_STEP][PASSED] - println(x): null

18-11-2024T02:51:49 - [TEST_STEP][PASSED] - i1 = x.indexOf("/") + 1: null

18-11-2024T02:51:49 - [TEST_STEP][PASSED] - if (i1 > -1): null

18-11-2024T02:51:49 - [TEST_STEP][PASSED] - x = x.substring(i1, x.length()): null

18-11-2024T02:51:49 - [TEST_STEP][PASSED] - println(x): null

18-11-2024T02:51:49 - [TEST_STEP][PASSED] - i1 = x.indexOf("/") + 1: null

18-11-2024T02:51:49 - [TEST_STEP][PASSED] - if (i1 > -1): null

18-11-2024T02:51:49 - [TEST_STEP][PASSED] - x = x.substring(i1, x.length()): null

18-11-2024T02:51:49 - [TEST_STEP][PASSED] - println(x): null

18-11-2024T02:51:49 - [TEST_STEP][PASSED] - i1 = x.indexOf("/") + 1: null

18-11-2024T02:51:49 - [TEST_STEP][PASSED] - if (i1 > -1): null

18-11-2024T02:51:49 - [TEST_STEP][PASSED] - x = x.substring(i1, x.length()): null

18-11-2024T02:51:49 - [TEST_STEP][PASSED] - println(x): null

18-11-2024T02:51:49 - [TEST_STEP][PASSED] - i1 = x.indexOf("/") + 1: null

18-11-2024T02:51:49 - [TEST_STEP][PASSED] - if (i1 > -1): null

18-11-2024T02:51:49 - [TEST_STEP][PASSED] - x = x.substring(i1, x.length()): null

18-11-2024T02:51:49 - [TEST_STEP][PASSED] - println(x): null

18-11-2024T02:51:49 - [TEST_STEP][PASSED] - i1 = x.indexOf("/"): null

18-11-2024T02:51:49 - [TEST_STEP][PASSED] - if (i1 > -1): null

18-11-2024T02:51:49 - [TEST_STEP][PASSED] - x = x.substring(0, i1): null

18-11-2024T02:51:49 - [TEST_STEP][PASSED] - println(x): null

18-11-2024T02:51:49 - [TEST_STEP][PASSED] - return x: null

18-11-2024T02:51:49 - [TEST_STEP][PASSED] - tabB = GetPFactB(x = b): null

18-11-2024T02:51:49 - [TEST_STEP][PASSED] - i1 = <not implemented yet for class: org.codehaus.groovy.ast.expr.EmptyExpression>: null

18-11-2024T02:51:49 - [TEST_STEP][PASSED] - ii = <not implemented yet for class: org.codehaus.groovy.ast.expr.EmptyExpression>: null

18-11-2024T02:51:49 - [TEST_STEP][PASSED] - for ([ii = 1, ii < 6, (ii++)]): null

18-11-2024T02:51:49 - [TEST_STEP][PASSED] - i1 = x.indexOf("/") + 1: null

18-11-2024T02:51:49 - [TEST_STEP][PASSED] - if (i1 > -1): null

18-11-2024T02:51:49 - [TEST_STEP][PASSED] - x = x.substring(i1, x.length()): null

18-11-2024T02:51:49 - [TEST_STEP][PASSED] - println(x): null

18-11-2024T02:51:49 - [TEST_STEP][PASSED] - i1 = x.indexOf("/") + 1: null

18-11-2024T02:51:49 - [TEST_STEP][PASSED] - if (i1 > -1): null

18-11-2024T02:51:49 - [TEST_STEP][PASSED] - x = x.substring(i1, x.length()): null

18-11-2024T02:51:49 - [TEST_STEP][PASSED] - println(x): null

18-11-2024T02:51:49 - [TEST_STEP][PASSED] - i1 = x.indexOf("/") + 1: null

18-11-2024T02:51:49 - [TEST_STEP][PASSED] - if (i1 > -1): null

18-11-2024T02:51:49 - [TEST_STEP][PASSED] - x = x.substring(i1, x.length()): null

18-11-2024T02:51:49 - [TEST_STEP][PASSED] - println(x): null

18-11-2024T02:51:49 - [TEST_STEP][PASSED] - i1 = x.indexOf("/") + 1: null

18-11-2024T02:51:49 - [TEST_STEP][PASSED] - if (i1 > -1): null

18-11-2024T02:51:49 - [TEST_STEP][PASSED] - x = x.substring(i1, x.length()): null

18-11-2024T02:51:49 - [TEST_STEP][PASSED] - println(x): null

18-11-2024T02:51:49 - [TEST_STEP][PASSED] - i1 = x.indexOf("/") + 1: null

18-11-2024T02:51:49 - [TEST_STEP][PASSED] - if (i1 > -1): null

18-11-2024T02:51:49 - [TEST_STEP][PASSED] - x = x.substring(i1, x.length()): null

18-11-2024T02:51:49 - [TEST_STEP][PASSED] - println(x): null

18-11-2024T02:51:49 - [TEST_STEP][PASSED] - i1 = x.indexOf("/"): null

18-11-2024T02:51:49 - [TEST_STEP][PASSED] - if (i1 > -1): null

18-11-2024T02:51:49 - [TEST_STEP][PASSED] - x = x.substring(0, i1): null

18-11-2024T02:51:49 - [TEST_STEP][PASSED] - println(x): null

18-11-2024T02:51:49 - [TEST_STEP][FAILED] - return x: null

18-11-2024T02:51:49 - [TEST_STEP][PASSED] - println(tabR + "/" + tabB): null

18-11-2024T02:51:49 - [TEST_STEP][FAILED] - if (verifyEqual(tabR, tabB) == false): null

18-11-2024T02:51:49 - [MESSAGE][FAILED] - Unable to verify equal between actual object 'нет данных' and expected object '1273339' (Root cause: com.kms.katalon.core.exception.StepFailedException: Actual object 'нет данных' and expected object '1273339' are not equal
	at com.kms.katalon.core.keyword.builtin.VerifyEqualKeyword$_verifyEqual_closure1.doCall(VerifyEqualKeyword.groovy:58)
	at com.kms.katalon.core.keyword.builtin.VerifyEqualKeyword$_verifyEqual_closure1.call(VerifyEqualKeyword.groovy)
	at com.kms.katalon.core.keyword.internal.KeywordMain.runKeyword(KeywordMain.groovy:75)
	at com.kms.katalon.core.keyword.builtin.VerifyEqualKeyword.verifyEqual(VerifyEqualKeyword.groovy:63)
	at com.kms.katalon.core.keyword.builtin.VerifyEqualKeyword.execute(VerifyEqualKeyword.groovy:44)
	at com.kms.katalon.core.keyword.internal.KeywordExecutor.executeKeywordForPlatform(KeywordExecutor.groovy:74)
	at com.kms.katalon.core.keyword.BuiltinKeywords.verifyEqual(BuiltinKeywords.groovy:146)
	at jdk.internal.reflect.GeneratedMethodAccessor25.invoke(Unknown Source)
	at java.base/jdk.internal.reflect.DelegatingMethodAccessorImpl.invoke(DelegatingMethodAccessorImpl.java:43)
	at Выполнение бизнес-плана сверка дашбордов.CompareDZOData(Выполнение бизнес-плана сверка дашбордов:730)
	at Выполнение бизнес-плана сверка дашбордов.run(Выполнение бизнес-плана сверка дашбордов:623)
	at com.kms.katalon.core.main.ScriptEngine.run(ScriptEngine.java:194)
	at com.kms.katalon.core.main.ScriptEngine.runScriptAsRawText(ScriptEngine.java:119)
	at com.kms.katalon.core.main.TestCaseExecutor.runScript(TestCaseExecutor.java:448)
	at com.kms.katalon.core.main.TestCaseExecutor.doExecute(TestCaseExecutor.java:439)
	at com.kms.katalon.core.main.TestCaseExecutor.processExecutionPhase(TestCaseExecutor.java:418)
	at com.kms.katalon.core.main.TestCaseExecutor.accessMainPhase(TestCaseExecutor.java:410)
	at com.kms.katalon.core.main.TestCaseExecutor.execute(TestCaseExecutor.java:285)
	at com.kms.katalon.core.common.CommonExecutor.accessTestCaseMainPhase(CommonExecutor.java:65)
	at com.kms.katalon.core.main.TestSuiteExecutor.accessTestSuiteMainPhase(TestSuiteExecutor.java:150)
	at com.kms.katalon.core.main.TestSuiteExecutor.execute(TestSuiteExecutor.java:106)
	at com.kms.katalon.core.main.TestCaseMain.startTestSuite(TestCaseMain.java:180)
	at TempTestSuite1731886967590.run(TempTestSuite1731886967590.groovy:35)
	at java.base/jdk.internal.reflect.NativeMethodAccessorImpl.invoke0(Native Method)
	at java.base/jdk.internal.reflect.NativeMethodAccessorImpl.invoke(NativeMethodAccessorImpl.java:77)
	at java.base/jdk.internal.reflect.DelegatingMethodAccessorImpl.invoke(DelegatingMethodAccessorImpl.java:43)
)

18-11-2024T02:51:49 - [TEST_STEP][PASSED] - result = WriteToExcel(typeOfData, todaysDate, PercPlanR, PercPlanB, PercFactR, PercFactB, x, tabR, tabB, o1R, o1B, vidget): null

18-11-2024T02:51:49 - [TEST_STEP][PASSED] - iii = dZO.indexOf("/"): null

18-11-2024T02:51:49 - [TEST_STEP][PASSED] - println(iii): null

18-11-2024T02:51:49 - [TEST_STEP][PASSED] - dZO = dZO.substring(0, iii): null

18-11-2024T02:51:49 - [TEST_STEP][PASSED] - println(dZO): null

18-11-2024T02:51:49 - [TEST_STEP][PASSED] - println(PercPlanR): null

18-11-2024T02:51:49 - [TEST_STEP][PASSED] - println(PercPlanB): null

18-11-2024T02:51:49 - [TEST_STEP][PASSED] - println(PercFactR): null

18-11-2024T02:51:49 - [TEST_STEP][PASSED] - println(PercFactB): null

18-11-2024T02:51:49 - [TEST_STEP][PASSED] - println(tabR): null

18-11-2024T02:51:49 - [TEST_STEP][PASSED] - println(tabB): null

18-11-2024T02:51:49 - [TEST_STEP][PASSED] - println(o1R): null

18-11-2024T02:51:49 - [TEST_STEP][PASSED] - println(o1B): null

18-11-2024T02:51:49 - [TEST_STEP][PASSED] - PR = <not implemented yet for class: org.codehaus.groovy.ast.expr.EmptyExpression>: null

18-11-2024T02:51:49 - [TEST_STEP][PASSED] - FR = <not implemented yet for class: org.codehaus.groovy.ast.expr.EmptyExpression>: null

18-11-2024T02:51:49 - [TEST_STEP][PASSED] - PB = <not implemented yet for class: org.codehaus.groovy.ast.expr.EmptyExpression>: null

18-11-2024T02:51:49 - [TEST_STEP][PASSED] - FB = <not implemented yet for class: org.codehaus.groovy.ast.expr.EmptyExpression>: null

18-11-2024T02:51:49 - [TEST_STEP][PASSED] - TR = <not implemented yet for class: org.codehaus.groovy.ast.expr.EmptyExpression>: null

18-11-2024T02:51:49 - [TEST_STEP][PASSED] - TB = <not implemented yet for class: org.codehaus.groovy.ast.expr.EmptyExpression>: null

18-11-2024T02:51:49 - [TEST_STEP][PASSED] - sheetName = "Sheet1": null

18-11-2024T02:51:49 - [TEST_STEP][PASSED] - data = findTestData("PlanFact"): null

18-11-2024T02:51:49 - [TEST_STEP][PASSED] - n = data.getRowNumbers() + 1: null

18-11-2024T02:51:49 - [TEST_STEP][PASSED] - year = todaysDate.substring(todaysDate.length() - 4, todaysDate.length()): null

18-11-2024T02:51:49 - [TEST_STEP][PASSED] - y = year.toInteger(): null

18-11-2024T02:51:49 - [TEST_STEP][PASSED] - m = getText(findTestObject("Выполнение бизнес-плана/Выполнение бизнес-плана Балансы/Фильтр Дата")): Text of object 'Object Repository/Выполнение бизнес-плана/Выполнение бизнес-плана Балансы/Фильтр Дата' is: '1, 2, 3 кв. 2024 года'

18-11-2024T02:51:49 - [MESSAGE][PASSED] - Text of object 'Object Repository/Выполнение бизнес-плана/Выполнение бизнес-плана Балансы/Фильтр Дата' is: '1, 2, 3 кв. 2024 года'

18-11-2024T02:51:49 - [TEST_STEP][PASSED] - m = m.substring(0, m.indexOf("2024")): null

18-11-2024T02:51:49 - [TEST_STEP][PASSED] - m = m.trim(): null

18-11-2024T02:51:49 - [TEST_STEP][PASSED] - dashboardName = "Выполнение бизнес-плана": null

18-11-2024T02:51:49 - [TEST_STEP][PASSED] - workbook01 = getWorkbook(excelFilePath): null

18-11-2024T02:51:49 - [TEST_STEP][PASSED] - sheet01 = getExcelSheet(workbook01, sheetName): null

18-11-2024T02:51:49 - [TEST_STEP][PASSED] - setValueToCellByIndex(sheet01, n, 0, dashboardName): null

18-11-2024T02:51:49 - [TEST_STEP][PASSED] - setValueToCellByIndex(sheet01, n, 1, dZO): null

18-11-2024T02:51:49 - [TEST_STEP][PASSED] - setValueToCellByIndex(sheet01, n, 2, typeOfData): null

18-11-2024T02:51:49 - [TEST_STEP][PASSED] - setValueToCellByIndex(sheet01, n, 3, typeOfData): null

18-11-2024T02:51:49 - [TEST_STEP][PASSED] - if (typeOfData == "План"): null

18-11-2024T02:51:49 - [TEST_STEP][PASSED] - else if (typeOfData == "Факт"): null

18-11-2024T02:51:49 - [TEST_STEP][PASSED] - else if (vidget.contains("электроэнергии") == true): null

18-11-2024T02:51:49 - [TEST_STEP][PASSED] - if (tabR == null): null

18-11-2024T02:51:49 - [TEST_STEP][PASSED] - else: null

18-11-2024T02:51:49 - [TEST_STEP][PASSED] - if (tabR == "нет данных"): null

18-11-2024T02:51:49 - [TEST_STEP][PASSED] - setValueToCellByIndex(sheet01, n, 4, "нет данных"): null

18-11-2024T02:51:49 - [TEST_STEP][PASSED] - if (tabB == null): null

18-11-2024T02:51:49 - [TEST_STEP][PASSED] - else: null

18-11-2024T02:51:49 - [TEST_STEP][PASSED] - if (tabB == "нет данных"): null

18-11-2024T02:51:49 - [TEST_STEP][PASSED] - else: null

18-11-2024T02:51:49 - [TEST_STEP][PASSED] - TB = tabB.toInteger(): null

18-11-2024T02:51:49 - [TEST_STEP][PASSED] - setValueToCellByIndex(sheet01, n, 5, TB): null

18-11-2024T02:51:49 - [TEST_STEP][PASSED] - setValueToCellByIndex(sheet01, n, 6, m): null

18-11-2024T02:51:49 - [TEST_STEP][PASSED] - setValueToCellByIndex(sheet01, n, 7, y): null

18-11-2024T02:51:49 - [TEST_STEP][PASSED] - setValueToCellByIndex(sheet01, n, 8, todaysDate): null

18-11-2024T02:51:49 - [TEST_STEP][PASSED] - n = n + 1: null

18-11-2024T02:51:49 - [TEST_STEP][PASSED] - saveWorkbook(excelFilePath, workbook01): null

18-11-2024T02:51:49 - [TEST_STEP][PASSED] - vidget = "Показатели баланса электроэнергии по ДЗО – План": null

18-11-2024T02:51:49 - [TEST_STEP][PASSED] - typeOfData = "План Отпуск в сеть": null

18-11-2024T02:51:49 - [TEST_STEP][PASSED] - tabR = GetOvSPlanR(x = a): null

18-11-2024T02:51:49 - [TEST_STEP][PASSED] - i1 = <not implemented yet for class: org.codehaus.groovy.ast.expr.EmptyExpression>: null

18-11-2024T02:51:49 - [TEST_STEP][PASSED] - ii = <not implemented yet for class: org.codehaus.groovy.ast.expr.EmptyExpression>: null

18-11-2024T02:51:49 - [TEST_STEP][PASSED] - for ([ii = 1, ii < 7, (ii++)]): null

18-11-2024T02:51:49 - [TEST_STEP][PASSED] - i1 = x.indexOf("/") + 1: null

18-11-2024T02:51:49 - [TEST_STEP][PASSED] - if (i1 > -1): null

18-11-2024T02:51:49 - [TEST_STEP][PASSED] - x = x.substring(i1, x.length()): null

18-11-2024T02:51:49 - [TEST_STEP][PASSED] - println(x): null

18-11-2024T02:51:49 - [TEST_STEP][PASSED] - i1 = x.indexOf("/") + 1: null

18-11-2024T02:51:49 - [TEST_STEP][PASSED] - if (i1 > -1): null

18-11-2024T02:51:49 - [TEST_STEP][PASSED] - x = x.substring(i1, x.length()): null

18-11-2024T02:51:49 - [TEST_STEP][PASSED] - println(x): null

18-11-2024T02:51:49 - [TEST_STEP][PASSED] - i1 = x.indexOf("/") + 1: null

18-11-2024T02:51:49 - [TEST_STEP][PASSED] - if (i1 > -1): null

18-11-2024T02:51:49 - [TEST_STEP][PASSED] - x = x.substring(i1, x.length()): null

18-11-2024T02:51:49 - [TEST_STEP][PASSED] - println(x): null

18-11-2024T02:51:49 - [TEST_STEP][PASSED] - i1 = x.indexOf("/") + 1: null

18-11-2024T02:51:49 - [TEST_STEP][PASSED] - if (i1 > -1): null

18-11-2024T02:51:49 - [TEST_STEP][PASSED] - x = x.substring(i1, x.length()): null

18-11-2024T02:51:49 - [TEST_STEP][PASSED] - println(x): null

18-11-2024T02:51:49 - [TEST_STEP][PASSED] - i1 = x.indexOf("/") + 1: null

18-11-2024T02:51:49 - [TEST_STEP][PASSED] - if (i1 > -1): null

18-11-2024T02:51:49 - [TEST_STEP][PASSED] - x = x.substring(i1, x.length()): null

18-11-2024T02:51:49 - [TEST_STEP][PASSED] - println(x): null

18-11-2024T02:51:49 - [TEST_STEP][PASSED] - i1 = x.indexOf("/") + 1: null

18-11-2024T02:51:49 - [TEST_STEP][PASSED] - if (i1 > -1): null

18-11-2024T02:51:49 - [TEST_STEP][PASSED] - x = x.substring(i1, x.length()): null

18-11-2024T02:51:49 - [TEST_STEP][PASSED] - println(x): null

18-11-2024T02:51:49 - [TEST_STEP][PASSED] - i1 = x.indexOf("/"): null

18-11-2024T02:51:49 - [TEST_STEP][PASSED] - if (i1 > -1): null

18-11-2024T02:51:49 - [TEST_STEP][PASSED] - x = x.substring(0, i1): null

18-11-2024T02:51:49 - [TEST_STEP][PASSED] - println(x): null

18-11-2024T02:51:49 - [TEST_STEP][PASSED] - return x: null

18-11-2024T02:51:49 - [TEST_STEP][PASSED] - tabB = GetOvSPlanB(x = b): null

18-11-2024T02:51:49 - [TEST_STEP][PASSED] - i1 = <not implemented yet for class: org.codehaus.groovy.ast.expr.EmptyExpression>: null

18-11-2024T02:51:49 - [TEST_STEP][PASSED] - ii = <not implemented yet for class: org.codehaus.groovy.ast.expr.EmptyExpression>: null

18-11-2024T02:51:49 - [TEST_STEP][PASSED] - for ([ii = 1, ii < 7, (ii++)]): null

18-11-2024T02:51:49 - [TEST_STEP][PASSED] - i1 = x.indexOf("/") + 1: null

18-11-2024T02:51:49 - [TEST_STEP][PASSED] - if (i1 > -1): null

18-11-2024T02:51:49 - [TEST_STEP][PASSED] - x = x.substring(i1, x.length()): null

18-11-2024T02:51:49 - [TEST_STEP][PASSED] - println(x): null

18-11-2024T02:51:49 - [TEST_STEP][PASSED] - i1 = x.indexOf("/") + 1: null

18-11-2024T02:51:49 - [TEST_STEP][PASSED] - if (i1 > -1): null

18-11-2024T02:51:49 - [TEST_STEP][PASSED] - x = x.substring(i1, x.length()): null

18-11-2024T02:51:49 - [TEST_STEP][PASSED] - println(x): null

18-11-2024T02:51:49 - [TEST_STEP][PASSED] - i1 = x.indexOf("/") + 1: null

18-11-2024T02:51:49 - [TEST_STEP][PASSED] - if (i1 > -1): null

18-11-2024T02:51:49 - [TEST_STEP][PASSED] - x = x.substring(i1, x.length()): null

18-11-2024T02:51:49 - [TEST_STEP][PASSED] - println(x): null

18-11-2024T02:51:49 - [TEST_STEP][PASSED] - i1 = x.indexOf("/") + 1: null

18-11-2024T02:51:49 - [TEST_STEP][PASSED] - if (i1 > -1): null

18-11-2024T02:51:49 - [TEST_STEP][PASSED] - x = x.substring(i1, x.length()): null

18-11-2024T02:51:49 - [TEST_STEP][PASSED] - println(x): null

18-11-2024T02:51:49 - [TEST_STEP][PASSED] - i1 = x.indexOf("/") + 1: null

18-11-2024T02:51:49 - [TEST_STEP][PASSED] - if (i1 > -1): null

18-11-2024T02:51:49 - [TEST_STEP][PASSED] - x = x.substring(i1, x.length()): null

18-11-2024T02:51:49 - [TEST_STEP][PASSED] - println(x): null

18-11-2024T02:51:49 - [TEST_STEP][PASSED] - i1 = x.indexOf("/") + 1: null

18-11-2024T02:51:49 - [TEST_STEP][PASSED] - if (i1 > -1): null

18-11-2024T02:51:49 - [TEST_STEP][PASSED] - x = x.substring(i1, x.length()): null

18-11-2024T02:51:49 - [TEST_STEP][PASSED] - println(x): null

18-11-2024T02:51:49 - [TEST_STEP][PASSED] - i1 = x.indexOf("/"): null

18-11-2024T02:51:49 - [TEST_STEP][PASSED] - if (i1 > -1): null

18-11-2024T02:51:49 - [TEST_STEP][PASSED] - x = x.substring(0, i1): null

18-11-2024T02:51:49 - [TEST_STEP][PASSED] - println(x): null

18-11-2024T02:51:49 - [TEST_STEP][FAILED] - return x: null

18-11-2024T02:51:49 - [TEST_STEP][PASSED] - println(tabR + "/" + tabB): null

18-11-2024T02:51:49 - [TEST_STEP][FAILED] - if (verifyEqual(PercFactR, PercFactB) == false): null

18-11-2024T02:51:49 - [MESSAGE][FAILED] - Unable to verify equal between actual object 'нет данных' and expected object '5.16' (Root cause: com.kms.katalon.core.exception.StepFailedException: Actual object 'нет данных' and expected object '5.16' are not equal
	at com.kms.katalon.core.keyword.builtin.VerifyEqualKeyword$_verifyEqual_closure1.doCall(VerifyEqualKeyword.groovy:58)
	at com.kms.katalon.core.keyword.builtin.VerifyEqualKeyword$_verifyEqual_closure1.call(VerifyEqualKeyword.groovy)
	at com.kms.katalon.core.keyword.internal.KeywordMain.runKeyword(KeywordMain.groovy:75)
	at com.kms.katalon.core.keyword.builtin.VerifyEqualKeyword.verifyEqual(VerifyEqualKeyword.groovy:63)
	at com.kms.katalon.core.keyword.builtin.VerifyEqualKeyword.execute(VerifyEqualKeyword.groovy:44)
	at com.kms.katalon.core.keyword.internal.KeywordExecutor.executeKeywordForPlatform(KeywordExecutor.groovy:74)
	at com.kms.katalon.core.keyword.BuiltinKeywords.verifyEqual(BuiltinKeywords.groovy:146)
	at jdk.internal.reflect.GeneratedMethodAccessor25.invoke(Unknown Source)
	at java.base/jdk.internal.reflect.DelegatingMethodAccessorImpl.invoke(DelegatingMethodAccessorImpl.java:43)
	at Выполнение бизнес-плана сверка дашбордов.CompareDZOData(Выполнение бизнес-плана сверка дашбордов:745)
	at Выполнение бизнес-плана сверка дашбордов.run(Выполнение бизнес-плана сверка дашбордов:623)
	at com.kms.katalon.core.main.ScriptEngine.run(ScriptEngine.java:194)
	at com.kms.katalon.core.main.ScriptEngine.runScriptAsRawText(ScriptEngine.java:119)
	at com.kms.katalon.core.main.TestCaseExecutor.runScript(TestCaseExecutor.java:448)
	at com.kms.katalon.core.main.TestCaseExecutor.doExecute(TestCaseExecutor.java:439)
	at com.kms.katalon.core.main.TestCaseExecutor.processExecutionPhase(TestCaseExecutor.java:418)
	at com.kms.katalon.core.main.TestCaseExecutor.accessMainPhase(TestCaseExecutor.java:410)
	at com.kms.katalon.core.main.TestCaseExecutor.execute(TestCaseExecutor.java:285)
	at com.kms.katalon.core.common.CommonExecutor.accessTestCaseMainPhase(CommonExecutor.java:65)
	at com.kms.katalon.core.main.TestSuiteExecutor.accessTestSuiteMainPhase(TestSuiteExecutor.java:150)
	at com.kms.katalon.core.main.TestSuiteExecutor.execute(TestSuiteExecutor.java:106)
	at com.kms.katalon.core.main.TestCaseMain.startTestSuite(TestCaseMain.java:180)
	at TempTestSuite1731886967590.run(TempTestSuite1731886967590.groovy:35)
	at java.base/jdk.internal.reflect.NativeMethodAccessorImpl.invoke0(Native Method)
	at java.base/jdk.internal.reflect.NativeMethodAccessorImpl.invoke(NativeMethodAccessorImpl.java:77)
	at java.base/jdk.internal.reflect.DelegatingMethodAccessorImpl.invoke(DelegatingMethodAccessorImpl.java:43)
)

18-11-2024T02:51:49 - [TEST_STEP][PASSED] - result = WriteToExcel(typeOfData, todaysDate, PercPlanR, PercPlanB, PercFactR, PercFactB, x, tabR, tabB, o1R, o1B, vidget): null

18-11-2024T02:51:49 - [TEST_STEP][PASSED] - iii = dZO.indexOf("/"): null

18-11-2024T02:51:49 - [TEST_STEP][PASSED] - println(iii): null

18-11-2024T02:51:49 - [TEST_STEP][PASSED] - dZO = dZO.substring(0, iii): null

18-11-2024T02:51:49 - [TEST_STEP][PASSED] - println(dZO): null

18-11-2024T02:51:49 - [TEST_STEP][PASSED] - println(PercPlanR): null

18-11-2024T02:51:49 - [TEST_STEP][PASSED] - println(PercPlanB): null

18-11-2024T02:51:49 - [TEST_STEP][PASSED] - println(PercFactR): null

18-11-2024T02:51:49 - [TEST_STEP][PASSED] - println(PercFactB): null

18-11-2024T02:51:49 - [TEST_STEP][PASSED] - println(tabR): null

18-11-2024T02:51:49 - [TEST_STEP][PASSED] - println(tabB): null

18-11-2024T02:51:49 - [TEST_STEP][PASSED] - println(o1R): null

18-11-2024T02:51:49 - [TEST_STEP][PASSED] - println(o1B): null

18-11-2024T02:51:49 - [TEST_STEP][PASSED] - PR = <not implemented yet for class: org.codehaus.groovy.ast.expr.EmptyExpression>: null

18-11-2024T02:51:49 - [TEST_STEP][PASSED] - FR = <not implemented yet for class: org.codehaus.groovy.ast.expr.EmptyExpression>: null

18-11-2024T02:51:49 - [TEST_STEP][PASSED] - PB = <not implemented yet for class: org.codehaus.groovy.ast.expr.EmptyExpression>: null

18-11-2024T02:51:49 - [TEST_STEP][PASSED] - FB = <not implemented yet for class: org.codehaus.groovy.ast.expr.EmptyExpression>: null

18-11-2024T02:51:49 - [TEST_STEP][PASSED] - TR = <not implemented yet for class: org.codehaus.groovy.ast.expr.EmptyExpression>: null

18-11-2024T02:51:49 - [TEST_STEP][PASSED] - TB = <not implemented yet for class: org.codehaus.groovy.ast.expr.EmptyExpression>: null

18-11-2024T02:51:49 - [TEST_STEP][PASSED] - sheetName = "Sheet1": null

18-11-2024T02:51:49 - [TEST_STEP][PASSED] - data = findTestData("PlanFact"): null

18-11-2024T02:51:49 - [TEST_STEP][PASSED] - n = data.getRowNumbers() + 1: null

18-11-2024T02:51:49 - [TEST_STEP][PASSED] - year = todaysDate.substring(todaysDate.length() - 4, todaysDate.length()): null

18-11-2024T02:51:49 - [TEST_STEP][PASSED] - y = year.toInteger(): null

18-11-2024T02:51:49 - [TEST_STEP][PASSED] - m = getText(findTestObject("Выполнение бизнес-плана/Выполнение бизнес-плана Балансы/Фильтр Дата")): Text of object 'Object Repository/Выполнение бизнес-плана/Выполнение бизнес-плана Балансы/Фильтр Дата' is: '1, 2, 3 кв. 2024 года'

18-11-2024T02:51:50 - [MESSAGE][PASSED] - Text of object 'Object Repository/Выполнение бизнес-плана/Выполнение бизнес-плана Балансы/Фильтр Дата' is: '1, 2, 3 кв. 2024 года'

18-11-2024T02:51:50 - [TEST_STEP][PASSED] - m = m.substring(0, m.indexOf("2024")): null

18-11-2024T02:51:50 - [TEST_STEP][PASSED] - m = m.trim(): null

18-11-2024T02:51:50 - [TEST_STEP][PASSED] - dashboardName = "Выполнение бизнес-плана": null

18-11-2024T02:51:50 - [TEST_STEP][PASSED] - workbook01 = getWorkbook(excelFilePath): null

18-11-2024T02:51:50 - [TEST_STEP][PASSED] - sheet01 = getExcelSheet(workbook01, sheetName): null

18-11-2024T02:51:50 - [TEST_STEP][PASSED] - setValueToCellByIndex(sheet01, n, 0, dashboardName): null

18-11-2024T02:51:50 - [TEST_STEP][PASSED] - setValueToCellByIndex(sheet01, n, 1, dZO): null

18-11-2024T02:51:50 - [TEST_STEP][PASSED] - setValueToCellByIndex(sheet01, n, 2, typeOfData): null

18-11-2024T02:51:50 - [TEST_STEP][PASSED] - setValueToCellByIndex(sheet01, n, 3, typeOfData): null

18-11-2024T02:51:50 - [TEST_STEP][PASSED] - if (typeOfData == "План"): null

18-11-2024T02:51:50 - [TEST_STEP][PASSED] - else if (typeOfData == "Факт"): null

18-11-2024T02:51:50 - [TEST_STEP][PASSED] - else if (vidget.contains("электроэнергии") == true): null

18-11-2024T02:51:50 - [TEST_STEP][PASSED] - if (tabR == null): null

18-11-2024T02:51:50 - [TEST_STEP][PASSED] - else: null

18-11-2024T02:51:50 - [TEST_STEP][PASSED] - if (tabR == "нет данных"): null

18-11-2024T02:51:50 - [TEST_STEP][PASSED] - setValueToCellByIndex(sheet01, n, 4, "нет данных"): null

18-11-2024T02:51:50 - [TEST_STEP][PASSED] - if (tabB == null): null

18-11-2024T02:51:50 - [TEST_STEP][PASSED] - else: null

18-11-2024T02:51:50 - [TEST_STEP][PASSED] - if (tabB == "нет данных"): null

18-11-2024T02:51:50 - [TEST_STEP][PASSED] - else: null

18-11-2024T02:51:50 - [TEST_STEP][PASSED] - TB = tabB.toInteger(): null

18-11-2024T02:51:50 - [TEST_STEP][PASSED] - setValueToCellByIndex(sheet01, n, 5, TB): null

18-11-2024T02:51:50 - [TEST_STEP][PASSED] - setValueToCellByIndex(sheet01, n, 6, m): null

18-11-2024T02:51:50 - [TEST_STEP][PASSED] - setValueToCellByIndex(sheet01, n, 7, y): null

18-11-2024T02:51:50 - [TEST_STEP][PASSED] - setValueToCellByIndex(sheet01, n, 8, todaysDate): null

18-11-2024T02:51:50 - [TEST_STEP][PASSED] - n = n + 1: null

18-11-2024T02:51:50 - [TEST_STEP][PASSED] - saveWorkbook(excelFilePath, workbook01): null

18-11-2024T02:51:50 - [TEST_STEP][PASSED] - typeOfData = "План Отпуск из сети": null

18-11-2024T02:51:50 - [TEST_STEP][PASSED] - tabR = GetOiSPlanR(x = a): null

18-11-2024T02:51:50 - [TEST_STEP][PASSED] - i1 = <not implemented yet for class: org.codehaus.groovy.ast.expr.EmptyExpression>: null

18-11-2024T02:51:50 - [TEST_STEP][PASSED] - ii = <not implemented yet for class: org.codehaus.groovy.ast.expr.EmptyExpression>: null

18-11-2024T02:51:50 - [TEST_STEP][PASSED] - for ([ii = 1, ii < 8, (ii++)]): null

18-11-2024T02:51:50 - [TEST_STEP][PASSED] - i1 = x.indexOf("/") + 1: null

18-11-2024T02:51:50 - [TEST_STEP][PASSED] - if (i1 > -1): null

18-11-2024T02:51:50 - [TEST_STEP][PASSED] - x = x.substring(i1, x.length()): null

18-11-2024T02:51:50 - [TEST_STEP][PASSED] - println(x): null

18-11-2024T02:51:50 - [TEST_STEP][PASSED] - i1 = x.indexOf("/") + 1: null

18-11-2024T02:51:50 - [TEST_STEP][PASSED] - if (i1 > -1): null

18-11-2024T02:51:50 - [TEST_STEP][PASSED] - x = x.substring(i1, x.length()): null

18-11-2024T02:51:50 - [TEST_STEP][PASSED] - println(x): null

18-11-2024T02:51:50 - [TEST_STEP][PASSED] - i1 = x.indexOf("/") + 1: null

18-11-2024T02:51:50 - [TEST_STEP][PASSED] - if (i1 > -1): null

18-11-2024T02:51:50 - [TEST_STEP][PASSED] - x = x.substring(i1, x.length()): null

18-11-2024T02:51:50 - [TEST_STEP][PASSED] - println(x): null

18-11-2024T02:51:50 - [TEST_STEP][PASSED] - i1 = x.indexOf("/") + 1: null

18-11-2024T02:51:50 - [TEST_STEP][PASSED] - if (i1 > -1): null

18-11-2024T02:51:50 - [TEST_STEP][PASSED] - x = x.substring(i1, x.length()): null

18-11-2024T02:51:50 - [TEST_STEP][PASSED] - println(x): null

18-11-2024T02:51:50 - [TEST_STEP][PASSED] - i1 = x.indexOf("/") + 1: null

18-11-2024T02:51:50 - [TEST_STEP][PASSED] - if (i1 > -1): null

18-11-2024T02:51:50 - [TEST_STEP][PASSED] - x = x.substring(i1, x.length()): null

18-11-2024T02:51:50 - [TEST_STEP][PASSED] - println(x): null

18-11-2024T02:51:50 - [TEST_STEP][PASSED] - i1 = x.indexOf("/") + 1: null

18-11-2024T02:51:50 - [TEST_STEP][PASSED] - if (i1 > -1): null

18-11-2024T02:51:50 - [TEST_STEP][PASSED] - x = x.substring(i1, x.length()): null

18-11-2024T02:51:50 - [TEST_STEP][PASSED] - println(x): null

18-11-2024T02:51:50 - [TEST_STEP][PASSED] - i1 = x.indexOf("/") + 1: null

18-11-2024T02:51:50 - [TEST_STEP][PASSED] - if (i1 > -1): null

18-11-2024T02:51:50 - [TEST_STEP][PASSED] - x = x.substring(i1, x.length()): null

18-11-2024T02:51:50 - [TEST_STEP][PASSED] - println(x): null

18-11-2024T02:51:50 - [TEST_STEP][PASSED] - i1 = x.indexOf("/"): null

18-11-2024T02:51:50 - [TEST_STEP][PASSED] - if (i1 > -1): null

18-11-2024T02:51:50 - [TEST_STEP][PASSED] - x = x.substring(0, i1): null

18-11-2024T02:51:50 - [TEST_STEP][PASSED] - println(x): null

18-11-2024T02:51:50 - [TEST_STEP][PASSED] - return x: null

18-11-2024T02:51:50 - [TEST_STEP][PASSED] - tabB = GetOiSPlanB(x = b): null

18-11-2024T02:51:50 - [TEST_STEP][PASSED] - i1 = <not implemented yet for class: org.codehaus.groovy.ast.expr.EmptyExpression>: null

18-11-2024T02:51:50 - [TEST_STEP][PASSED] - ii = <not implemented yet for class: org.codehaus.groovy.ast.expr.EmptyExpression>: null

18-11-2024T02:51:50 - [TEST_STEP][PASSED] - for ([ii = 1, ii < 8, (ii++)]): null

18-11-2024T02:51:50 - [TEST_STEP][PASSED] - i1 = x.indexOf("/") + 1: null

18-11-2024T02:51:50 - [TEST_STEP][PASSED] - if (i1 > -1): null

18-11-2024T02:51:50 - [TEST_STEP][PASSED] - x = x.substring(i1, x.length()): null

18-11-2024T02:51:50 - [TEST_STEP][PASSED] - println(x): null

18-11-2024T02:51:50 - [TEST_STEP][PASSED] - i1 = x.indexOf("/") + 1: null

18-11-2024T02:51:50 - [TEST_STEP][PASSED] - if (i1 > -1): null

18-11-2024T02:51:50 - [TEST_STEP][PASSED] - x = x.substring(i1, x.length()): null

18-11-2024T02:51:50 - [TEST_STEP][PASSED] - println(x): null

18-11-2024T02:51:50 - [TEST_STEP][PASSED] - i1 = x.indexOf("/") + 1: null

18-11-2024T02:51:50 - [TEST_STEP][PASSED] - if (i1 > -1): null

18-11-2024T02:51:50 - [TEST_STEP][PASSED] - x = x.substring(i1, x.length()): null

18-11-2024T02:51:50 - [TEST_STEP][PASSED] - println(x): null

18-11-2024T02:51:50 - [TEST_STEP][PASSED] - i1 = x.indexOf("/") + 1: null

18-11-2024T02:51:50 - [TEST_STEP][PASSED] - if (i1 > -1): null

18-11-2024T02:51:50 - [TEST_STEP][PASSED] - x = x.substring(i1, x.length()): null

18-11-2024T02:51:50 - [TEST_STEP][PASSED] - println(x): null

18-11-2024T02:51:50 - [TEST_STEP][PASSED] - i1 = x.indexOf("/") + 1: null

18-11-2024T02:51:50 - [TEST_STEP][PASSED] - if (i1 > -1): null

18-11-2024T02:51:50 - [TEST_STEP][PASSED] - x = x.substring(i1, x.length()): null

18-11-2024T02:51:50 - [TEST_STEP][PASSED] - println(x): null

18-11-2024T02:51:50 - [TEST_STEP][PASSED] - i1 = x.indexOf("/") + 1: null

18-11-2024T02:51:50 - [TEST_STEP][PASSED] - if (i1 > -1): null

18-11-2024T02:51:50 - [TEST_STEP][PASSED] - x = x.substring(i1, x.length()): null

18-11-2024T02:51:50 - [TEST_STEP][PASSED] - println(x): null

18-11-2024T02:51:50 - [TEST_STEP][PASSED] - i1 = x.indexOf("/") + 1: null

18-11-2024T02:51:50 - [TEST_STEP][PASSED] - if (i1 > -1): null

18-11-2024T02:51:50 - [TEST_STEP][PASSED] - x = x.substring(i1, x.length()): null

18-11-2024T02:51:50 - [TEST_STEP][PASSED] - println(x): null

18-11-2024T02:51:50 - [TEST_STEP][PASSED] - i1 = x.indexOf("/"): null

18-11-2024T02:51:50 - [TEST_STEP][PASSED] - if (i1 > -1): null

18-11-2024T02:51:50 - [TEST_STEP][PASSED] - x = x.substring(0, i1): null

18-11-2024T02:51:50 - [TEST_STEP][PASSED] - println(x): null

18-11-2024T02:51:50 - [TEST_STEP][FAILED] - return x: null

18-11-2024T02:51:50 - [TEST_STEP][PASSED] - println(tabR + "/" + tabB): null

18-11-2024T02:51:50 - [TEST_STEP][FAILED] - if (verifyEqual(PercFactR, PercFactB) == false): null

18-11-2024T02:51:50 - [MESSAGE][FAILED] - Unable to verify equal between actual object 'нет данных' and expected object '5.16' (Root cause: com.kms.katalon.core.exception.StepFailedException: Actual object 'нет данных' and expected object '5.16' are not equal
	at com.kms.katalon.core.keyword.builtin.VerifyEqualKeyword$_verifyEqual_closure1.doCall(VerifyEqualKeyword.groovy:58)
	at com.kms.katalon.core.keyword.builtin.VerifyEqualKeyword$_verifyEqual_closure1.call(VerifyEqualKeyword.groovy)
	at com.kms.katalon.core.keyword.internal.KeywordMain.runKeyword(KeywordMain.groovy:75)
	at com.kms.katalon.core.keyword.builtin.VerifyEqualKeyword.verifyEqual(VerifyEqualKeyword.groovy:63)
	at com.kms.katalon.core.keyword.builtin.VerifyEqualKeyword.execute(VerifyEqualKeyword.groovy:44)
	at com.kms.katalon.core.keyword.internal.KeywordExecutor.executeKeywordForPlatform(KeywordExecutor.groovy:74)
	at com.kms.katalon.core.keyword.BuiltinKeywords.verifyEqual(BuiltinKeywords.groovy:146)
	at jdk.internal.reflect.GeneratedMethodAccessor25.invoke(Unknown Source)
	at java.base/jdk.internal.reflect.DelegatingMethodAccessorImpl.invoke(DelegatingMethodAccessorImpl.java:43)
	at Выполнение бизнес-плана сверка дашбордов.CompareDZOData(Выполнение бизнес-плана сверка дашбордов:758)
	at Выполнение бизнес-плана сверка дашбордов.run(Выполнение бизнес-плана сверка дашбордов:623)
	at com.kms.katalon.core.main.ScriptEngine.run(ScriptEngine.java:194)
	at com.kms.katalon.core.main.ScriptEngine.runScriptAsRawText(ScriptEngine.java:119)
	at com.kms.katalon.core.main.TestCaseExecutor.runScript(TestCaseExecutor.java:448)
	at com.kms.katalon.core.main.TestCaseExecutor.doExecute(TestCaseExecutor.java:439)
	at com.kms.katalon.core.main.TestCaseExecutor.processExecutionPhase(TestCaseExecutor.java:418)
	at com.kms.katalon.core.main.TestCaseExecutor.accessMainPhase(TestCaseExecutor.java:410)
	at com.kms.katalon.core.main.TestCaseExecutor.execute(TestCaseExecutor.java:285)
	at com.kms.katalon.core.common.CommonExecutor.accessTestCaseMainPhase(CommonExecutor.java:65)
	at com.kms.katalon.core.main.TestSuiteExecutor.accessTestSuiteMainPhase(TestSuiteExecutor.java:150)
	at com.kms.katalon.core.main.TestSuiteExecutor.execute(TestSuiteExecutor.java:106)
	at com.kms.katalon.core.main.TestCaseMain.startTestSuite(TestCaseMain.java:180)
	at TempTestSuite1731886967590.run(TempTestSuite1731886967590.groovy:35)
	at java.base/jdk.internal.reflect.NativeMethodAccessorImpl.invoke0(Native Method)
	at java.base/jdk.internal.reflect.NativeMethodAccessorImpl.invoke(NativeMethodAccessorImpl.java:77)
	at java.base/jdk.internal.reflect.DelegatingMethodAccessorImpl.invoke(DelegatingMethodAccessorImpl.java:43)
)

18-11-2024T02:51:50 - [TEST_STEP][PASSED] - result = WriteToExcel(typeOfData, todaysDate, PercPlanR, PercPlanB, PercFactR, PercFactB, x, tabR, tabB, o1R, o1B, vidget): null

18-11-2024T02:51:50 - [TEST_STEP][PASSED] - iii = dZO.indexOf("/"): null

18-11-2024T02:51:50 - [TEST_STEP][PASSED] - println(iii): null

18-11-2024T02:51:50 - [TEST_STEP][PASSED] - dZO = dZO.substring(0, iii): null

18-11-2024T02:51:50 - [TEST_STEP][PASSED] - println(dZO): null

18-11-2024T02:51:50 - [TEST_STEP][PASSED] - println(PercPlanR): null

18-11-2024T02:51:50 - [TEST_STEP][PASSED] - println(PercPlanB): null

18-11-2024T02:51:50 - [TEST_STEP][PASSED] - println(PercFactR): null

18-11-2024T02:51:50 - [TEST_STEP][PASSED] - println(PercFactB): null

18-11-2024T02:51:50 - [TEST_STEP][PASSED] - println(tabR): null

18-11-2024T02:51:50 - [TEST_STEP][PASSED] - println(tabB): null

18-11-2024T02:51:50 - [TEST_STEP][PASSED] - println(o1R): null

18-11-2024T02:51:50 - [TEST_STEP][PASSED] - println(o1B): null

18-11-2024T02:51:50 - [TEST_STEP][PASSED] - PR = <not implemented yet for class: org.codehaus.groovy.ast.expr.EmptyExpression>: null

18-11-2024T02:51:50 - [TEST_STEP][PASSED] - FR = <not implemented yet for class: org.codehaus.groovy.ast.expr.EmptyExpression>: null

18-11-2024T02:51:50 - [TEST_STEP][PASSED] - PB = <not implemented yet for class: org.codehaus.groovy.ast.expr.EmptyExpression>: null

18-11-2024T02:51:50 - [TEST_STEP][PASSED] - FB = <not implemented yet for class: org.codehaus.groovy.ast.expr.EmptyExpression>: null

18-11-2024T02:51:50 - [TEST_STEP][PASSED] - TR = <not implemented yet for class: org.codehaus.groovy.ast.expr.EmptyExpression>: null

18-11-2024T02:51:50 - [TEST_STEP][PASSED] - TB = <not implemented yet for class: org.codehaus.groovy.ast.expr.EmptyExpression>: null

18-11-2024T02:51:50 - [TEST_STEP][PASSED] - sheetName = "Sheet1": null

18-11-2024T02:51:50 - [TEST_STEP][PASSED] - data = findTestData("PlanFact"): null

18-11-2024T02:51:50 - [TEST_STEP][PASSED] - n = data.getRowNumbers() + 1: null

18-11-2024T02:51:50 - [TEST_STEP][PASSED] - year = todaysDate.substring(todaysDate.length() - 4, todaysDate.length()): null

18-11-2024T02:51:50 - [TEST_STEP][PASSED] - y = year.toInteger(): null

18-11-2024T02:51:50 - [TEST_STEP][PASSED] - m = getText(findTestObject("Выполнение бизнес-плана/Выполнение бизнес-плана Балансы/Фильтр Дата")): Text of object 'Object Repository/Выполнение бизнес-плана/Выполнение бизнес-плана Балансы/Фильтр Дата' is: '1, 2, 3 кв. 2024 года'

18-11-2024T02:51:50 - [MESSAGE][PASSED] - Text of object 'Object Repository/Выполнение бизнес-плана/Выполнение бизнес-плана Балансы/Фильтр Дата' is: '1, 2, 3 кв. 2024 года'

18-11-2024T02:51:50 - [TEST_STEP][PASSED] - m = m.substring(0, m.indexOf("2024")): null

18-11-2024T02:51:50 - [TEST_STEP][PASSED] - m = m.trim(): null

18-11-2024T02:51:50 - [TEST_STEP][PASSED] - dashboardName = "Выполнение бизнес-плана": null

18-11-2024T02:51:50 - [TEST_STEP][PASSED] - workbook01 = getWorkbook(excelFilePath): null

18-11-2024T02:51:50 - [TEST_STEP][PASSED] - sheet01 = getExcelSheet(workbook01, sheetName): null

18-11-2024T02:51:50 - [TEST_STEP][PASSED] - setValueToCellByIndex(sheet01, n, 0, dashboardName): null

18-11-2024T02:51:50 - [TEST_STEP][PASSED] - setValueToCellByIndex(sheet01, n, 1, dZO): null

18-11-2024T02:51:50 - [TEST_STEP][PASSED] - setValueToCellByIndex(sheet01, n, 2, typeOfData): null

18-11-2024T02:51:50 - [TEST_STEP][PASSED] - setValueToCellByIndex(sheet01, n, 3, typeOfData): null

18-11-2024T02:51:50 - [TEST_STEP][PASSED] - if (typeOfData == "План"): null

18-11-2024T02:51:50 - [TEST_STEP][PASSED] - else if (typeOfData == "Факт"): null

18-11-2024T02:51:50 - [TEST_STEP][PASSED] - else if (vidget.contains("электроэнергии") == true): null

18-11-2024T02:51:50 - [TEST_STEP][PASSED] - if (tabR == null): null

18-11-2024T02:51:50 - [TEST_STEP][PASSED] - else: null

18-11-2024T02:51:50 - [TEST_STEP][PASSED] - if (tabR == "нет данных"): null

18-11-2024T02:51:50 - [TEST_STEP][PASSED] - setValueToCellByIndex(sheet01, n, 4, "нет данных"): null

18-11-2024T02:51:50 - [TEST_STEP][PASSED] - if (tabB == null): null

18-11-2024T02:51:50 - [TEST_STEP][PASSED] - else: null

18-11-2024T02:51:50 - [TEST_STEP][PASSED] - if (tabB == "нет данных"): null

18-11-2024T02:51:50 - [TEST_STEP][PASSED] - else: null

18-11-2024T02:51:50 - [TEST_STEP][PASSED] - TB = tabB.toInteger(): null

18-11-2024T02:51:50 - [TEST_STEP][PASSED] - setValueToCellByIndex(sheet01, n, 5, TB): null

18-11-2024T02:51:50 - [TEST_STEP][PASSED] - setValueToCellByIndex(sheet01, n, 6, m): null

18-11-2024T02:51:50 - [TEST_STEP][PASSED] - setValueToCellByIndex(sheet01, n, 7, y): null

18-11-2024T02:51:50 - [TEST_STEP][PASSED] - setValueToCellByIndex(sheet01, n, 8, todaysDate): null

18-11-2024T02:51:50 - [TEST_STEP][PASSED] - n = n + 1: null

18-11-2024T02:51:50 - [TEST_STEP][PASSED] - saveWorkbook(excelFilePath, workbook01): null

18-11-2024T02:51:50 - [TEST_STEP][PASSED] - typeOfData = "План Потери": null

18-11-2024T02:51:50 - [TEST_STEP][PASSED] - tabR = GetPPlanR(x = a): null

18-11-2024T02:51:50 - [TEST_STEP][PASSED] - i1 = <not implemented yet for class: org.codehaus.groovy.ast.expr.EmptyExpression>: null

18-11-2024T02:51:50 - [TEST_STEP][PASSED] - ii = <not implemented yet for class: org.codehaus.groovy.ast.expr.EmptyExpression>: null

18-11-2024T02:51:50 - [TEST_STEP][PASSED] - for ([ii = 1, ii < 9, (ii++)]): null

18-11-2024T02:51:50 - [TEST_STEP][PASSED] - i1 = x.indexOf("/") + 1: null

18-11-2024T02:51:50 - [TEST_STEP][PASSED] - if (i1 > -1): null

18-11-2024T02:51:50 - [TEST_STEP][PASSED] - x = x.substring(i1, x.length()): null

18-11-2024T02:51:50 - [TEST_STEP][PASSED] - println(x): null

18-11-2024T02:51:50 - [TEST_STEP][PASSED] - i1 = x.indexOf("/") + 1: null

18-11-2024T02:51:50 - [TEST_STEP][PASSED] - if (i1 > -1): null

18-11-2024T02:51:50 - [TEST_STEP][PASSED] - x = x.substring(i1, x.length()): null

18-11-2024T02:51:50 - [TEST_STEP][PASSED] - println(x): null

18-11-2024T02:51:50 - [TEST_STEP][PASSED] - i1 = x.indexOf("/") + 1: null

18-11-2024T02:51:50 - [TEST_STEP][PASSED] - if (i1 > -1): null

18-11-2024T02:51:50 - [TEST_STEP][PASSED] - x = x.substring(i1, x.length()): null

18-11-2024T02:51:50 - [TEST_STEP][PASSED] - println(x): null

18-11-2024T02:51:50 - [TEST_STEP][PASSED] - i1 = x.indexOf("/") + 1: null

18-11-2024T02:51:50 - [TEST_STEP][PASSED] - if (i1 > -1): null

18-11-2024T02:51:50 - [TEST_STEP][PASSED] - x = x.substring(i1, x.length()): null

18-11-2024T02:51:50 - [TEST_STEP][PASSED] - println(x): null

18-11-2024T02:51:50 - [TEST_STEP][PASSED] - i1 = x.indexOf("/") + 1: null

18-11-2024T02:51:50 - [TEST_STEP][PASSED] - if (i1 > -1): null

18-11-2024T02:51:50 - [TEST_STEP][PASSED] - x = x.substring(i1, x.length()): null

18-11-2024T02:51:50 - [TEST_STEP][PASSED] - println(x): null

18-11-2024T02:51:50 - [TEST_STEP][PASSED] - i1 = x.indexOf("/") + 1: null

18-11-2024T02:51:50 - [TEST_STEP][PASSED] - if (i1 > -1): null

18-11-2024T02:51:50 - [TEST_STEP][PASSED] - x = x.substring(i1, x.length()): null

18-11-2024T02:51:50 - [TEST_STEP][PASSED] - println(x): null

18-11-2024T02:51:50 - [TEST_STEP][PASSED] - i1 = x.indexOf("/") + 1: null

18-11-2024T02:51:50 - [TEST_STEP][PASSED] - if (i1 > -1): null

18-11-2024T02:51:50 - [TEST_STEP][PASSED] - x = x.substring(i1, x.length()): null

18-11-2024T02:51:50 - [TEST_STEP][PASSED] - println(x): null

18-11-2024T02:51:50 - [TEST_STEP][PASSED] - i1 = x.indexOf("/") + 1: null

18-11-2024T02:51:50 - [TEST_STEP][PASSED] - if (i1 > -1): null

18-11-2024T02:51:50 - [TEST_STEP][PASSED] - x = x.substring(i1, x.length()): null

18-11-2024T02:51:50 - [TEST_STEP][PASSED] - println(x): null

18-11-2024T02:51:50 - [TEST_STEP][PASSED] - i1 = x.indexOf("/"): null

18-11-2024T02:51:50 - [TEST_STEP][PASSED] - if (i1 > -1): null

18-11-2024T02:51:50 - [TEST_STEP][PASSED] - x = x.substring(0, i1): null

18-11-2024T02:51:50 - [TEST_STEP][PASSED] - println(x): null

18-11-2024T02:51:50 - [TEST_STEP][PASSED] - return x: null

18-11-2024T02:51:50 - [TEST_STEP][PASSED] - tabB = GetPPlanB(x = b): null

18-11-2024T02:51:50 - [TEST_STEP][PASSED] - i1 = <not implemented yet for class: org.codehaus.groovy.ast.expr.EmptyExpression>: null

18-11-2024T02:51:50 - [TEST_STEP][PASSED] - ii = <not implemented yet for class: org.codehaus.groovy.ast.expr.EmptyExpression>: null

18-11-2024T02:51:50 - [TEST_STEP][PASSED] - for ([ii = 1, ii < 9, (ii++)]): null

18-11-2024T02:51:50 - [TEST_STEP][PASSED] - i1 = x.indexOf("/") + 1: null

18-11-2024T02:51:50 - [TEST_STEP][PASSED] - if (i1 > -1): null

18-11-2024T02:51:50 - [TEST_STEP][PASSED] - x = x.substring(i1, x.length()): null

18-11-2024T02:51:50 - [TEST_STEP][PASSED] - println(x): null

18-11-2024T02:51:50 - [TEST_STEP][PASSED] - i1 = x.indexOf("/") + 1: null

18-11-2024T02:51:50 - [TEST_STEP][PASSED] - if (i1 > -1): null

18-11-2024T02:51:50 - [TEST_STEP][PASSED] - x = x.substring(i1, x.length()): null

18-11-2024T02:51:50 - [TEST_STEP][PASSED] - println(x): null

18-11-2024T02:51:50 - [TEST_STEP][PASSED] - i1 = x.indexOf("/") + 1: null

18-11-2024T02:51:50 - [TEST_STEP][PASSED] - if (i1 > -1): null

18-11-2024T02:51:50 - [TEST_STEP][PASSED] - x = x.substring(i1, x.length()): null

18-11-2024T02:51:50 - [TEST_STEP][PASSED] - println(x): null

18-11-2024T02:51:50 - [TEST_STEP][PASSED] - i1 = x.indexOf("/") + 1: null

18-11-2024T02:51:50 - [TEST_STEP][PASSED] - if (i1 > -1): null

18-11-2024T02:51:50 - [TEST_STEP][PASSED] - x = x.substring(i1, x.length()): null

18-11-2024T02:51:50 - [TEST_STEP][PASSED] - println(x): null

18-11-2024T02:51:50 - [TEST_STEP][PASSED] - i1 = x.indexOf("/") + 1: null

18-11-2024T02:51:50 - [TEST_STEP][PASSED] - if (i1 > -1): null

18-11-2024T02:51:50 - [TEST_STEP][PASSED] - x = x.substring(i1, x.length()): null

18-11-2024T02:51:50 - [TEST_STEP][PASSED] - println(x): null

18-11-2024T02:51:50 - [TEST_STEP][PASSED] - i1 = x.indexOf("/") + 1: null

18-11-2024T02:51:50 - [TEST_STEP][PASSED] - if (i1 > -1): null

18-11-2024T02:51:50 - [TEST_STEP][PASSED] - x = x.substring(i1, x.length()): null

18-11-2024T02:51:50 - [TEST_STEP][PASSED] - println(x): null

18-11-2024T02:51:50 - [TEST_STEP][PASSED] - i1 = x.indexOf("/") + 1: null

18-11-2024T02:51:50 - [TEST_STEP][PASSED] - if (i1 > -1): null

18-11-2024T02:51:50 - [TEST_STEP][PASSED] - x = x.substring(i1, x.length()): null

18-11-2024T02:51:50 - [TEST_STEP][PASSED] - println(x): null

18-11-2024T02:51:50 - [TEST_STEP][PASSED] - i1 = x.indexOf("/") + 1: null

18-11-2024T02:51:50 - [TEST_STEP][PASSED] - if (i1 > -1): null

18-11-2024T02:51:50 - [TEST_STEP][PASSED] - x = x.substring(i1, x.length()): null

18-11-2024T02:51:50 - [TEST_STEP][PASSED] - println(x): null

18-11-2024T02:51:50 - [TEST_STEP][PASSED] - i1 = x.indexOf("/"): null

18-11-2024T02:51:50 - [TEST_STEP][PASSED] - if (i1 > -1): null

18-11-2024T02:51:50 - [TEST_STEP][PASSED] - x = x.substring(0, i1): null

18-11-2024T02:51:50 - [TEST_STEP][PASSED] - println(x): null

18-11-2024T02:51:50 - [TEST_STEP][FAILED] - return x: null

18-11-2024T02:51:50 - [TEST_STEP][PASSED] - println(tabR + "/" + tabB): null

18-11-2024T02:51:50 - [TEST_STEP][FAILED] - if (verifyEqual(PercFactR, PercFactB) == false): null

18-11-2024T02:51:50 - [MESSAGE][FAILED] - Unable to verify equal between actual object 'нет данных' and expected object '5.16' (Root cause: com.kms.katalon.core.exception.StepFailedException: Actual object 'нет данных' and expected object '5.16' are not equal
	at com.kms.katalon.core.keyword.builtin.VerifyEqualKeyword$_verifyEqual_closure1.doCall(VerifyEqualKeyword.groovy:58)
	at com.kms.katalon.core.keyword.builtin.VerifyEqualKeyword$_verifyEqual_closure1.call(VerifyEqualKeyword.groovy)
	at com.kms.katalon.core.keyword.internal.KeywordMain.runKeyword(KeywordMain.groovy:75)
	at com.kms.katalon.core.keyword.builtin.VerifyEqualKeyword.verifyEqual(VerifyEqualKeyword.groovy:63)
	at com.kms.katalon.core.keyword.builtin.VerifyEqualKeyword.execute(VerifyEqualKeyword.groovy:44)
	at com.kms.katalon.core.keyword.internal.KeywordExecutor.executeKeywordForPlatform(KeywordExecutor.groovy:74)
	at com.kms.katalon.core.keyword.BuiltinKeywords.verifyEqual(BuiltinKeywords.groovy:146)
	at jdk.internal.reflect.GeneratedMethodAccessor25.invoke(Unknown Source)
	at java.base/jdk.internal.reflect.DelegatingMethodAccessorImpl.invoke(DelegatingMethodAccessorImpl.java:43)
	at Выполнение бизнес-плана сверка дашбордов.CompareDZOData(Выполнение бизнес-плана сверка дашбордов:771)
	at Выполнение бизнес-плана сверка дашбордов.run(Выполнение бизнес-плана сверка дашбордов:623)
	at com.kms.katalon.core.main.ScriptEngine.run(ScriptEngine.java:194)
	at com.kms.katalon.core.main.ScriptEngine.runScriptAsRawText(ScriptEngine.java:119)
	at com.kms.katalon.core.main.TestCaseExecutor.runScript(TestCaseExecutor.java:448)
	at com.kms.katalon.core.main.TestCaseExecutor.doExecute(TestCaseExecutor.java:439)
	at com.kms.katalon.core.main.TestCaseExecutor.processExecutionPhase(TestCaseExecutor.java:418)
	at com.kms.katalon.core.main.TestCaseExecutor.accessMainPhase(TestCaseExecutor.java:410)
	at com.kms.katalon.core.main.TestCaseExecutor.execute(TestCaseExecutor.java:285)
	at com.kms.katalon.core.common.CommonExecutor.accessTestCaseMainPhase(CommonExecutor.java:65)
	at com.kms.katalon.core.main.TestSuiteExecutor.accessTestSuiteMainPhase(TestSuiteExecutor.java:150)
	at com.kms.katalon.core.main.TestSuiteExecutor.execute(TestSuiteExecutor.java:106)
	at com.kms.katalon.core.main.TestCaseMain.startTestSuite(TestCaseMain.java:180)
	at TempTestSuite1731886967590.run(TempTestSuite1731886967590.groovy:35)
	at java.base/jdk.internal.reflect.NativeMethodAccessorImpl.invoke0(Native Method)
	at java.base/jdk.internal.reflect.NativeMethodAccessorImpl.invoke(NativeMethodAccessorImpl.java:77)
	at java.base/jdk.internal.reflect.DelegatingMethodAccessorImpl.invoke(DelegatingMethodAccessorImpl.java:43)
)

18-11-2024T02:51:50 - [TEST_STEP][PASSED] - result = WriteToExcel(typeOfData, todaysDate, PercPlanR, PercPlanB, PercFactR, PercFactB, x, tabR, tabB, o1R, o1B, vidget): null

18-11-2024T02:51:50 - [TEST_STEP][PASSED] - iii = dZO.indexOf("/"): null

18-11-2024T02:51:50 - [TEST_STEP][PASSED] - println(iii): null

18-11-2024T02:51:50 - [TEST_STEP][PASSED] - dZO = dZO.substring(0, iii): null

18-11-2024T02:51:50 - [TEST_STEP][PASSED] - println(dZO): null

18-11-2024T02:51:50 - [TEST_STEP][PASSED] - println(PercPlanR): null

18-11-2024T02:51:50 - [TEST_STEP][PASSED] - println(PercPlanB): null

18-11-2024T02:51:50 - [TEST_STEP][PASSED] - println(PercFactR): null

18-11-2024T02:51:50 - [TEST_STEP][PASSED] - println(PercFactB): null

18-11-2024T02:51:50 - [TEST_STEP][PASSED] - println(tabR): null

18-11-2024T02:51:50 - [TEST_STEP][PASSED] - println(tabB): null

18-11-2024T02:51:50 - [TEST_STEP][PASSED] - println(o1R): null

18-11-2024T02:51:50 - [TEST_STEP][PASSED] - println(o1B): null

18-11-2024T02:51:50 - [TEST_STEP][PASSED] - PR = <not implemented yet for class: org.codehaus.groovy.ast.expr.EmptyExpression>: null

18-11-2024T02:51:50 - [TEST_STEP][PASSED] - FR = <not implemented yet for class: org.codehaus.groovy.ast.expr.EmptyExpression>: null

18-11-2024T02:51:50 - [TEST_STEP][PASSED] - PB = <not implemented yet for class: org.codehaus.groovy.ast.expr.EmptyExpression>: null

18-11-2024T02:51:50 - [TEST_STEP][PASSED] - FB = <not implemented yet for class: org.codehaus.groovy.ast.expr.EmptyExpression>: null

18-11-2024T02:51:50 - [TEST_STEP][PASSED] - TR = <not implemented yet for class: org.codehaus.groovy.ast.expr.EmptyExpression>: null

18-11-2024T02:51:50 - [TEST_STEP][PASSED] - TB = <not implemented yet for class: org.codehaus.groovy.ast.expr.EmptyExpression>: null

18-11-2024T02:51:50 - [TEST_STEP][PASSED] - sheetName = "Sheet1": null

18-11-2024T02:51:50 - [TEST_STEP][PASSED] - data = findTestData("PlanFact"): null

18-11-2024T02:51:51 - [TEST_STEP][PASSED] - n = data.getRowNumbers() + 1: null

18-11-2024T02:51:51 - [TEST_STEP][PASSED] - year = todaysDate.substring(todaysDate.length() - 4, todaysDate.length()): null

18-11-2024T02:51:51 - [TEST_STEP][PASSED] - y = year.toInteger(): null

18-11-2024T02:51:51 - [TEST_STEP][PASSED] - m = getText(findTestObject("Выполнение бизнес-плана/Выполнение бизнес-плана Балансы/Фильтр Дата")): Text of object 'Object Repository/Выполнение бизнес-плана/Выполнение бизнес-плана Балансы/Фильтр Дата' is: '1, 2, 3 кв. 2024 года'

18-11-2024T02:51:51 - [MESSAGE][PASSED] - Text of object 'Object Repository/Выполнение бизнес-плана/Выполнение бизнес-плана Балансы/Фильтр Дата' is: '1, 2, 3 кв. 2024 года'

18-11-2024T02:51:51 - [TEST_STEP][PASSED] - m = m.substring(0, m.indexOf("2024")): null

18-11-2024T02:51:51 - [TEST_STEP][PASSED] - m = m.trim(): null

18-11-2024T02:51:51 - [TEST_STEP][PASSED] - dashboardName = "Выполнение бизнес-плана": null

18-11-2024T02:51:51 - [TEST_STEP][PASSED] - workbook01 = getWorkbook(excelFilePath): null

18-11-2024T02:51:51 - [TEST_STEP][PASSED] - sheet01 = getExcelSheet(workbook01, sheetName): null

18-11-2024T02:51:51 - [TEST_STEP][PASSED] - setValueToCellByIndex(sheet01, n, 0, dashboardName): null

18-11-2024T02:51:51 - [TEST_STEP][PASSED] - setValueToCellByIndex(sheet01, n, 1, dZO): null

18-11-2024T02:51:51 - [TEST_STEP][PASSED] - setValueToCellByIndex(sheet01, n, 2, typeOfData): null

18-11-2024T02:51:51 - [TEST_STEP][PASSED] - setValueToCellByIndex(sheet01, n, 3, typeOfData): null

18-11-2024T02:51:51 - [TEST_STEP][PASSED] - if (typeOfData == "План"): null

18-11-2024T02:51:51 - [TEST_STEP][PASSED] - else if (typeOfData == "Факт"): null

18-11-2024T02:51:51 - [TEST_STEP][PASSED] - else if (vidget.contains("электроэнергии") == true): null

18-11-2024T02:51:51 - [TEST_STEP][PASSED] - if (tabR == null): null

18-11-2024T02:52:43 - [TEST_STEP][PASSED] - else: null

18-11-2024T02:52:43 - [TEST_STEP][PASSED] - if (tabR == "нет данных"): null

18-11-2024T02:52:43 - [TEST_STEP][PASSED] - setValueToCellByIndex(sheet01, n, 4, "нет данных"): null

18-11-2024T02:52:43 - [TEST_STEP][PASSED] - if (tabB == null): null

18-11-2024T02:52:43 - [TEST_STEP][PASSED] - else: null

18-11-2024T02:52:43 - [TEST_STEP][PASSED] - if (tabB == "нет данных"): null

18-11-2024T02:52:43 - [TEST_STEP][PASSED] - else: null

18-11-2024T02:52:43 - [TEST_STEP][PASSED] - TB = tabB.toInteger(): null

18-11-2024T02:52:43 - [TEST_STEP][PASSED] - setValueToCellByIndex(sheet01, n, 5, TB): null

18-11-2024T02:52:43 - [TEST_STEP][PASSED] - setValueToCellByIndex(sheet01, n, 6, m): null

18-11-2024T02:52:43 - [TEST_STEP][PASSED] - setValueToCellByIndex(sheet01, n, 7, y): null

18-11-2024T02:52:43 - [TEST_STEP][PASSED] - setValueToCellByIndex(sheet01, n, 8, todaysDate): null

18-11-2024T02:52:43 - [TEST_STEP][PASSED] - n = n + 1: null

18-11-2024T02:52:43 - [TEST_STEP][PASSED] - saveWorkbook(excelFilePath, workbook01): null

18-11-2024T02:52:43 - [TEST_STEP][PASSED] - ii2 = a.indexOf("ПАО"): null

18-11-2024T02:52:43 - [TEST_STEP][PASSED] - if (ii2 == -1): null

18-11-2024T02:52:43 - [TEST_STEP][PASSED] - vidget = "Отклонения фактического уровня потерь от бизнес-плана": null

18-11-2024T02:52:43 - [TEST_STEP][PASSED] - typeOfData = "Коэффициент": null

18-11-2024T02:52:43 - [TEST_STEP][PASSED] - o1R = Geto1R(x = a): null

18-11-2024T02:52:43 - [TEST_STEP][PASSED] - i1 = <not implemented yet for class: org.codehaus.groovy.ast.expr.EmptyExpression>: null

18-11-2024T02:52:43 - [TEST_STEP][PASSED] - ii = <not implemented yet for class: org.codehaus.groovy.ast.expr.EmptyExpression>: null

18-11-2024T02:52:43 - [TEST_STEP][PASSED] - for ([ii = 1, ii < 10, (ii++)]): null

18-11-2024T02:52:43 - [TEST_STEP][PASSED] - i1 = x.indexOf("/") + 1: null

18-11-2024T02:52:43 - [TEST_STEP][PASSED] - if (i1 > -1): null

18-11-2024T02:52:43 - [TEST_STEP][PASSED] - x = x.substring(i1, x.length()): null

18-11-2024T02:52:43 - [TEST_STEP][PASSED] - i1 = x.indexOf("/") + 1: null

18-11-2024T02:52:43 - [TEST_STEP][PASSED] - if (i1 > -1): null

18-11-2024T02:52:43 - [TEST_STEP][PASSED] - x = x.substring(i1, x.length()): null

18-11-2024T02:52:43 - [TEST_STEP][PASSED] - i1 = x.indexOf("/") + 1: null

18-11-2024T02:52:43 - [TEST_STEP][PASSED] - if (i1 > -1): null

18-11-2024T02:52:43 - [TEST_STEP][PASSED] - x = x.substring(i1, x.length()): null

18-11-2024T02:52:43 - [TEST_STEP][PASSED] - i1 = x.indexOf("/") + 1: null

18-11-2024T02:52:43 - [TEST_STEP][PASSED] - if (i1 > -1): null

18-11-2024T02:52:43 - [TEST_STEP][PASSED] - x = x.substring(i1, x.length()): null

18-11-2024T02:52:43 - [TEST_STEP][PASSED] - i1 = x.indexOf("/") + 1: null

18-11-2024T02:52:43 - [TEST_STEP][PASSED] - if (i1 > -1): null

18-11-2024T02:52:43 - [TEST_STEP][PASSED] - x = x.substring(i1, x.length()): null

18-11-2024T02:52:43 - [TEST_STEP][PASSED] - i1 = x.indexOf("/") + 1: null

18-11-2024T02:52:43 - [TEST_STEP][PASSED] - if (i1 > -1): null

18-11-2024T02:52:43 - [TEST_STEP][PASSED] - x = x.substring(i1, x.length()): null

18-11-2024T02:52:43 - [TEST_STEP][PASSED] - i1 = x.indexOf("/") + 1: null

18-11-2024T02:52:43 - [TEST_STEP][PASSED] - if (i1 > -1): null

18-11-2024T02:52:43 - [TEST_STEP][PASSED] - x = x.substring(i1, x.length()): null

18-11-2024T02:52:43 - [TEST_STEP][PASSED] - i1 = x.indexOf("/") + 1: null

18-11-2024T02:52:43 - [TEST_STEP][PASSED] - if (i1 > -1): null

18-11-2024T02:52:43 - [TEST_STEP][PASSED] - x = x.substring(i1, x.length()): null

18-11-2024T02:52:43 - [TEST_STEP][PASSED] - i1 = x.indexOf("/") + 1: null

18-11-2024T02:52:43 - [TEST_STEP][PASSED] - if (i1 > -1): null

18-11-2024T02:52:43 - [TEST_STEP][PASSED] - x = x.substring(i1, x.length()): null

18-11-2024T02:52:43 - [TEST_STEP][PASSED] - i1 = x.indexOf("/"): null

18-11-2024T02:52:43 - [TEST_STEP][PASSED] - if (i1 > -1): null

18-11-2024T02:52:43 - [TEST_STEP][PASSED] - println(x): null

18-11-2024T02:52:43 - [TEST_STEP][PASSED] - return x: null

18-11-2024T02:52:43 - [TEST_STEP][PASSED] - o1B = Geto1B(x = b): null

18-11-2024T02:52:43 - [TEST_STEP][PASSED] - i1 = <not implemented yet for class: org.codehaus.groovy.ast.expr.EmptyExpression>: null

18-11-2024T02:52:43 - [TEST_STEP][PASSED] - ii = <not implemented yet for class: org.codehaus.groovy.ast.expr.EmptyExpression>: null

18-11-2024T02:52:43 - [TEST_STEP][PASSED] - for ([ii = 1, ii < 10, (ii++)]): null

18-11-2024T02:52:43 - [TEST_STEP][PASSED] - i1 = x.indexOf("/") + 1: null

18-11-2024T02:52:43 - [TEST_STEP][PASSED] - if (i1 > -1): null

18-11-2024T02:52:43 - [TEST_STEP][PASSED] - x = x.substring(i1, x.length()): null

18-11-2024T02:52:43 - [TEST_STEP][PASSED] - i1 = x.indexOf("/") + 1: null

18-11-2024T02:52:43 - [TEST_STEP][PASSED] - if (i1 > -1): null

18-11-2024T02:52:43 - [TEST_STEP][PASSED] - x = x.substring(i1, x.length()): null

18-11-2024T02:52:43 - [TEST_STEP][PASSED] - i1 = x.indexOf("/") + 1: null

18-11-2024T02:52:43 - [TEST_STEP][PASSED] - if (i1 > -1): null

18-11-2024T02:52:43 - [TEST_STEP][PASSED] - x = x.substring(i1, x.length()): null

18-11-2024T02:52:43 - [TEST_STEP][PASSED] - i1 = x.indexOf("/") + 1: null

18-11-2024T02:52:43 - [TEST_STEP][PASSED] - if (i1 > -1): null

18-11-2024T02:52:43 - [TEST_STEP][PASSED] - x = x.substring(i1, x.length()): null

18-11-2024T02:52:43 - [TEST_STEP][PASSED] - i1 = x.indexOf("/") + 1: null

18-11-2024T02:52:43 - [TEST_STEP][PASSED] - if (i1 > -1): null

18-11-2024T02:52:43 - [TEST_STEP][PASSED] - x = x.substring(i1, x.length()): null

18-11-2024T02:52:43 - [TEST_STEP][PASSED] - i1 = x.indexOf("/") + 1: null

18-11-2024T02:52:43 - [TEST_STEP][PASSED] - if (i1 > -1): null

18-11-2024T02:52:43 - [TEST_STEP][PASSED] - x = x.substring(i1, x.length()): null

18-11-2024T02:52:43 - [TEST_STEP][PASSED] - i1 = x.indexOf("/") + 1: null

18-11-2024T02:52:43 - [TEST_STEP][PASSED] - if (i1 > -1): null

18-11-2024T02:52:43 - [TEST_STEP][PASSED] - x = x.substring(i1, x.length()): null

18-11-2024T02:52:43 - [TEST_STEP][PASSED] - i1 = x.indexOf("/") + 1: null

18-11-2024T02:52:43 - [TEST_STEP][PASSED] - if (i1 > -1): null

18-11-2024T02:52:43 - [TEST_STEP][PASSED] - x = x.substring(i1, x.length()): null

18-11-2024T02:52:43 - [TEST_STEP][PASSED] - i1 = x.indexOf("/") + 1: null

18-11-2024T02:52:43 - [TEST_STEP][PASSED] - if (i1 > -1): null

18-11-2024T02:52:43 - [TEST_STEP][PASSED] - x = x.substring(i1, x.length()): null

18-11-2024T02:52:43 - [TEST_STEP][PASSED] - i1 = x.indexOf("/"): null

18-11-2024T02:52:43 - [TEST_STEP][PASSED] - if (i1 > -1): null

18-11-2024T02:52:43 - [TEST_STEP][PASSED] - println(x): null

18-11-2024T02:52:43 - [TEST_STEP][FAILED] - return x: null

18-11-2024T02:52:43 - [TEST_STEP][PASSED] - println(o1R + "/" + o1B): null

18-11-2024T02:52:43 - [TEST_STEP][FAILED] - if (verifyEqual(PercFactR, PercFactB) == false): null

18-11-2024T02:52:43 - [MESSAGE][FAILED] - Unable to verify equal between actual object 'нет данных' and expected object '5.16' (Root cause: com.kms.katalon.core.exception.StepFailedException: Actual object 'нет данных' and expected object '5.16' are not equal
	at com.kms.katalon.core.keyword.builtin.VerifyEqualKeyword$_verifyEqual_closure1.doCall(VerifyEqualKeyword.groovy:58)
	at com.kms.katalon.core.keyword.builtin.VerifyEqualKeyword$_verifyEqual_closure1.call(VerifyEqualKeyword.groovy)
	at com.kms.katalon.core.keyword.internal.KeywordMain.runKeyword(KeywordMain.groovy:75)
	at com.kms.katalon.core.keyword.builtin.VerifyEqualKeyword.verifyEqual(VerifyEqualKeyword.groovy:63)
	at com.kms.katalon.core.keyword.builtin.VerifyEqualKeyword.execute(VerifyEqualKeyword.groovy:44)
	at com.kms.katalon.core.keyword.internal.KeywordExecutor.executeKeywordForPlatform(KeywordExecutor.groovy:74)
	at com.kms.katalon.core.keyword.BuiltinKeywords.verifyEqual(BuiltinKeywords.groovy:146)
	at jdk.internal.reflect.GeneratedMethodAccessor25.invoke(Unknown Source)
	at java.base/jdk.internal.reflect.DelegatingMethodAccessorImpl.invoke(DelegatingMethodAccessorImpl.java:43)
	at Выполнение бизнес-плана сверка дашбордов.CompareDZOData(Выполнение бизнес-плана сверка дашбордов:789)
	at Выполнение бизнес-плана сверка дашбордов.run(Выполнение бизнес-плана сверка дашбордов:623)
	at com.kms.katalon.core.main.ScriptEngine.run(ScriptEngine.java:194)
	at com.kms.katalon.core.main.ScriptEngine.runScriptAsRawText(ScriptEngine.java:119)
	at com.kms.katalon.core.main.TestCaseExecutor.runScript(TestCaseExecutor.java:448)
	at com.kms.katalon.core.main.TestCaseExecutor.doExecute(TestCaseExecutor.java:439)
	at com.kms.katalon.core.main.TestCaseExecutor.processExecutionPhase(TestCaseExecutor.java:418)
	at com.kms.katalon.core.main.TestCaseExecutor.accessMainPhase(TestCaseExecutor.java:410)
	at com.kms.katalon.core.main.TestCaseExecutor.execute(TestCaseExecutor.java:285)
	at com.kms.katalon.core.common.CommonExecutor.accessTestCaseMainPhase(CommonExecutor.java:65)
	at com.kms.katalon.core.main.TestSuiteExecutor.accessTestSuiteMainPhase(TestSuiteExecutor.java:150)
	at com.kms.katalon.core.main.TestSuiteExecutor.execute(TestSuiteExecutor.java:106)
	at com.kms.katalon.core.main.TestCaseMain.startTestSuite(TestCaseMain.java:180)
	at TempTestSuite1731886967590.run(TempTestSuite1731886967590.groovy:35)
	at java.base/jdk.internal.reflect.NativeMethodAccessorImpl.invoke0(Native Method)
	at java.base/jdk.internal.reflect.NativeMethodAccessorImpl.invoke(NativeMethodAccessorImpl.java:77)
	at java.base/jdk.internal.reflect.DelegatingMethodAccessorImpl.invoke(DelegatingMethodAccessorImpl.java:43)
)

18-11-2024T02:52:43 - [TEST_STEP][PASSED] - result = WriteToExcel(typeOfData, todaysDate, PercPlanR, PercPlanB, PercFactR, PercFactB, x, tabR, tabB, o1R, o1B, vidget): null

18-11-2024T02:52:43 - [TEST_STEP][PASSED] - iii = dZO.indexOf("/"): null

18-11-2024T02:52:43 - [TEST_STEP][PASSED] - println(iii): null

18-11-2024T02:52:43 - [TEST_STEP][PASSED] - dZO = dZO.substring(0, iii): null

18-11-2024T02:52:43 - [TEST_STEP][PASSED] - println(dZO): null

18-11-2024T02:52:43 - [TEST_STEP][PASSED] - println(PercPlanR): null

18-11-2024T02:52:43 - [TEST_STEP][PASSED] - println(PercPlanB): null

18-11-2024T02:52:43 - [TEST_STEP][PASSED] - println(PercFactR): null

18-11-2024T02:52:43 - [TEST_STEP][PASSED] - println(PercFactB): null

18-11-2024T02:52:43 - [TEST_STEP][PASSED] - println(tabR): null

18-11-2024T02:52:43 - [TEST_STEP][PASSED] - println(tabB): null

18-11-2024T02:52:43 - [TEST_STEP][PASSED] - println(o1R): null

18-11-2024T02:52:43 - [TEST_STEP][PASSED] - println(o1B): null

18-11-2024T02:52:43 - [TEST_STEP][PASSED] - PR = <not implemented yet for class: org.codehaus.groovy.ast.expr.EmptyExpression>: null

18-11-2024T02:52:43 - [TEST_STEP][PASSED] - FR = <not implemented yet for class: org.codehaus.groovy.ast.expr.EmptyExpression>: null

18-11-2024T02:52:43 - [TEST_STEP][PASSED] - PB = <not implemented yet for class: org.codehaus.groovy.ast.expr.EmptyExpression>: null

18-11-2024T02:52:43 - [TEST_STEP][PASSED] - FB = <not implemented yet for class: org.codehaus.groovy.ast.expr.EmptyExpression>: null

18-11-2024T02:52:43 - [TEST_STEP][PASSED] - TR = <not implemented yet for class: org.codehaus.groovy.ast.expr.EmptyExpression>: null

18-11-2024T02:52:43 - [TEST_STEP][PASSED] - TB = <not implemented yet for class: org.codehaus.groovy.ast.expr.EmptyExpression>: null

18-11-2024T02:52:43 - [TEST_STEP][PASSED] - sheetName = "Sheet1": null

18-11-2024T02:52:43 - [TEST_STEP][PASSED] - data = findTestData("PlanFact"): null

18-11-2024T02:52:43 - [TEST_STEP][PASSED] - n = data.getRowNumbers() + 1: null

18-11-2024T02:52:43 - [TEST_STEP][PASSED] - year = todaysDate.substring(todaysDate.length() - 4, todaysDate.length()): null

18-11-2024T02:52:43 - [TEST_STEP][PASSED] - y = year.toInteger(): null

18-11-2024T02:52:43 - [TEST_STEP][PASSED] - m = getText(findTestObject("Выполнение бизнес-плана/Выполнение бизнес-плана Балансы/Фильтр Дата")): Text of object 'Object Repository/Выполнение бизнес-плана/Выполнение бизнес-плана Балансы/Фильтр Дата' is: '1, 2, 3 кв. 2024 года'

18-11-2024T02:52:43 - [MESSAGE][PASSED] - Text of object 'Object Repository/Выполнение бизнес-плана/Выполнение бизнес-плана Балансы/Фильтр Дата' is: '1, 2, 3 кв. 2024 года'

18-11-2024T02:52:43 - [TEST_STEP][PASSED] - m = m.substring(0, m.indexOf("2024")): null

18-11-2024T02:52:43 - [TEST_STEP][PASSED] - m = m.trim(): null

18-11-2024T02:52:43 - [TEST_STEP][PASSED] - dashboardName = "Выполнение бизнес-плана": null

18-11-2024T02:52:43 - [TEST_STEP][PASSED] - workbook01 = getWorkbook(excelFilePath): null

18-11-2024T02:52:43 - [TEST_STEP][PASSED] - sheet01 = getExcelSheet(workbook01, sheetName): null

18-11-2024T02:52:43 - [TEST_STEP][PASSED] - setValueToCellByIndex(sheet01, n, 0, dashboardName): null

18-11-2024T02:52:43 - [TEST_STEP][PASSED] - setValueToCellByIndex(sheet01, n, 1, dZO): null

18-11-2024T02:52:43 - [TEST_STEP][PASSED] - setValueToCellByIndex(sheet01, n, 2, typeOfData): null

18-11-2024T02:52:43 - [TEST_STEP][PASSED] - setValueToCellByIndex(sheet01, n, 3, typeOfData): null

18-11-2024T02:52:43 - [TEST_STEP][PASSED] - if (typeOfData == "План"): null

18-11-2024T02:52:43 - [TEST_STEP][PASSED] - else if (typeOfData == "Факт"): null

18-11-2024T02:52:43 - [TEST_STEP][PASSED] - else if (vidget.contains("электроэнергии") == true): null

18-11-2024T02:52:43 - [TEST_STEP][PASSED] - else: null

18-11-2024T02:52:43 - [TEST_STEP][PASSED] - if (o1R == null): null

18-11-2024T02:52:43 - [TEST_STEP][PASSED] - else: null

18-11-2024T02:52:43 - [TEST_STEP][PASSED] - if (o1R == "нет данных"): null

18-11-2024T02:52:43 - [TEST_STEP][PASSED] - setValueToCellByIndex(sheet01, n, 4, "нет данных"): null

18-11-2024T02:52:43 - [TEST_STEP][PASSED] - if (o1B == null): null

18-11-2024T02:52:43 - [TEST_STEP][PASSED] - else: null

18-11-2024T02:52:43 - [TEST_STEP][PASSED] - if (o1B == "нет данных"): null

18-11-2024T02:52:43 - [TEST_STEP][PASSED] - else: null

18-11-2024T02:52:43 - [TEST_STEP][PASSED] - FB = o1B.toDouble(): null

18-11-2024T02:52:43 - [TEST_STEP][PASSED] - setValueToCellByIndex(sheet01, n, 5, FB): null

18-11-2024T02:52:43 - [TEST_STEP][PASSED] - setValueToCellByIndex(sheet01, n, 6, m): null

18-11-2024T02:52:43 - [TEST_STEP][PASSED] - setValueToCellByIndex(sheet01, n, 7, y): null

18-11-2024T02:52:43 - [TEST_STEP][PASSED] - setValueToCellByIndex(sheet01, n, 8, todaysDate): null

18-11-2024T02:52:43 - [TEST_STEP][PASSED] - n = n + 1: null

18-11-2024T02:52:43 - [TEST_STEP][FAILED] - saveWorkbook(excelFilePath, workbook01): null

18-11-2024T02:52:43 - [TEST_STEP][PASSED] - if (verifyEqual(siR, siB) == false): Actual object 'Россети Сибирь (ГК)/6.97/6.92/46928172/43678766/3249406/44875501/41746891/3128610/-0.05' and expected object 'Россети Сибирь (ГК)/6.97/6.92/46928172/43678766/3249406/44875501/41746891/3128610/-0.05' are equal

18-11-2024T02:52:43 - [MESSAGE][PASSED] - Actual object 'Россети Сибирь (ГК)/6.97/6.92/46928172/43678766/3249406/44875501/41746891/3128610/-0.05' and expected object 'Россети Сибирь (ГК)/6.97/6.92/46928172/43678766/3249406/44875501/41746891/3128610/-0.05' are equal

18-11-2024T02:52:43 - [TEST_STEP][FAILED] - if (verifyEqual(tomR, tomB) == false): null

18-11-2024T02:52:43 - [MESSAGE][FAILED] - Unable to verify equal between actual object 'Россети Томск/нет данных/нет данных/нет данных/нет данных/нет данных/нет данных/нет данных/нет данных/нет данных' and expected object 'Россети Томск/8.06/8.06/3805253/3498634/306619/3642056/3348547/293509/-0.00' (Root cause: com.kms.katalon.core.exception.StepFailedException: Actual object 'Россети Томск/нет данных/нет данных/нет данных/нет данных/нет данных/нет данных/нет данных/нет данных/нет данных' and expected object 'Россети Томск/8.06/8.06/3805253/3498634/306619/3642056/3348547/293509/-0.00' are not equal
	at com.kms.katalon.core.keyword.builtin.VerifyEqualKeyword$_verifyEqual_closure1.doCall(VerifyEqualKeyword.groovy:58)
	at com.kms.katalon.core.keyword.builtin.VerifyEqualKeyword$_verifyEqual_closure1.call(VerifyEqualKeyword.groovy)
	at com.kms.katalon.core.keyword.internal.KeywordMain.runKeyword(KeywordMain.groovy:75)
	at com.kms.katalon.core.keyword.builtin.VerifyEqualKeyword.verifyEqual(VerifyEqualKeyword.groovy:63)
	at com.kms.katalon.core.keyword.builtin.VerifyEqualKeyword.execute(VerifyEqualKeyword.groovy:44)
	at com.kms.katalon.core.keyword.internal.KeywordExecutor.executeKeywordForPlatform(KeywordExecutor.groovy:74)
	at com.kms.katalon.core.keyword.BuiltinKeywords.verifyEqual(BuiltinKeywords.groovy:146)
	at jdk.internal.reflect.GeneratedMethodAccessor25.invoke(Unknown Source)
	at java.base/jdk.internal.reflect.DelegatingMethodAccessorImpl.invoke(DelegatingMethodAccessorImpl.java:43)
	at Выполнение бизнес-плана сверка дашбордов.run(Выполнение бизнес-плана сверка дашбордов:632)
	at com.kms.katalon.core.main.ScriptEngine.run(ScriptEngine.java:194)
	at com.kms.katalon.core.main.ScriptEngine.runScriptAsRawText(ScriptEngine.java:119)
	at com.kms.katalon.core.main.TestCaseExecutor.runScript(TestCaseExecutor.java:448)
	at com.kms.katalon.core.main.TestCaseExecutor.doExecute(TestCaseExecutor.java:439)
	at com.kms.katalon.core.main.TestCaseExecutor.processExecutionPhase(TestCaseExecutor.java:418)
	at com.kms.katalon.core.main.TestCaseExecutor.accessMainPhase(TestCaseExecutor.java:410)
	at com.kms.katalon.core.main.TestCaseExecutor.execute(TestCaseExecutor.java:285)
	at com.kms.katalon.core.common.CommonExecutor.accessTestCaseMainPhase(CommonExecutor.java:65)
	at com.kms.katalon.core.main.TestSuiteExecutor.accessTestSuiteMainPhase(TestSuiteExecutor.java:150)
	at com.kms.katalon.core.main.TestSuiteExecutor.execute(TestSuiteExecutor.java:106)
	at com.kms.katalon.core.main.TestCaseMain.startTestSuite(TestCaseMain.java:180)
	at TempTestSuite1731886967590.run(TempTestSuite1731886967590.groovy:35)
	at java.base/jdk.internal.reflect.NativeMethodAccessorImpl.invoke0(Native Method)
	at java.base/jdk.internal.reflect.NativeMethodAccessorImpl.invoke(NativeMethodAccessorImpl.java:77)
	at java.base/jdk.internal.reflect.DelegatingMethodAccessorImpl.invoke(DelegatingMethodAccessorImpl.java:43)
)

18-11-2024T02:52:43 - [TEST_STEP][PASSED] - result = CompareDZOData(a = tomR, b = tomB, dZO, typeOfData, PercPlanR, PercPlanB, PercFactR, PercFactB, todaysDate, x, vidget, tabR, tabB, o1R, o1B): null

18-11-2024T02:52:43 - [TEST_STEP][PASSED] - ii2 = <not implemented yet for class: org.codehaus.groovy.ast.expr.EmptyExpression>: null

18-11-2024T02:52:43 - [TEST_STEP][FAILED] - if (verifyEqual(a, b) == false): null

18-11-2024T02:52:43 - [MESSAGE][FAILED] - Unable to verify equal between actual object 'Россети Томск/нет данных/нет данных/нет данных/нет данных/нет данных/нет данных/нет данных/нет данных/нет данных' and expected object 'Россети Томск/8.06/8.06/3805253/3498634/306619/3642056/3348547/293509/-0.00' (Root cause: com.kms.katalon.core.exception.StepFailedException: Actual object 'Россети Томск/нет данных/нет данных/нет данных/нет данных/нет данных/нет данных/нет данных/нет данных/нет данных' and expected object 'Россети Томск/8.06/8.06/3805253/3498634/306619/3642056/3348547/293509/-0.00' are not equal
	at com.kms.katalon.core.keyword.builtin.VerifyEqualKeyword$_verifyEqual_closure1.doCall(VerifyEqualKeyword.groovy:58)
	at com.kms.katalon.core.keyword.builtin.VerifyEqualKeyword$_verifyEqual_closure1.call(VerifyEqualKeyword.groovy)
	at com.kms.katalon.core.keyword.internal.KeywordMain.runKeyword(KeywordMain.groovy:75)
	at com.kms.katalon.core.keyword.builtin.VerifyEqualKeyword.verifyEqual(VerifyEqualKeyword.groovy:63)
	at com.kms.katalon.core.keyword.builtin.VerifyEqualKeyword.execute(VerifyEqualKeyword.groovy:44)
	at com.kms.katalon.core.keyword.internal.KeywordExecutor.executeKeywordForPlatform(KeywordExecutor.groovy:74)
	at com.kms.katalon.core.keyword.BuiltinKeywords.verifyEqual(BuiltinKeywords.groovy:146)
	at jdk.internal.reflect.GeneratedMethodAccessor25.invoke(Unknown Source)
	at java.base/jdk.internal.reflect.DelegatingMethodAccessorImpl.invoke(DelegatingMethodAccessorImpl.java:43)
	at Выполнение бизнес-плана сверка дашбордов.CompareDZOData(Выполнение бизнес-плана сверка дашбордов:673)
	at Выполнение бизнес-плана сверка дашбордов.run(Выполнение бизнес-плана сверка дашбордов:633)
	at com.kms.katalon.core.main.ScriptEngine.run(ScriptEngine.java:194)
	at com.kms.katalon.core.main.ScriptEngine.runScriptAsRawText(ScriptEngine.java:119)
	at com.kms.katalon.core.main.TestCaseExecutor.runScript(TestCaseExecutor.java:448)
	at com.kms.katalon.core.main.TestCaseExecutor.doExecute(TestCaseExecutor.java:439)
	at com.kms.katalon.core.main.TestCaseExecutor.processExecutionPhase(TestCaseExecutor.java:418)
	at com.kms.katalon.core.main.TestCaseExecutor.accessMainPhase(TestCaseExecutor.java:410)
	at com.kms.katalon.core.main.TestCaseExecutor.execute(TestCaseExecutor.java:285)
	at com.kms.katalon.core.common.CommonExecutor.accessTestCaseMainPhase(CommonExecutor.java:65)
	at com.kms.katalon.core.main.TestSuiteExecutor.accessTestSuiteMainPhase(TestSuiteExecutor.java:150)
	at com.kms.katalon.core.main.TestSuiteExecutor.execute(TestSuiteExecutor.java:106)
	at com.kms.katalon.core.main.TestCaseMain.startTestSuite(TestCaseMain.java:180)
	at TempTestSuite1731886967590.run(TempTestSuite1731886967590.groovy:35)
	at java.base/jdk.internal.reflect.NativeMethodAccessorImpl.invoke0(Native Method)
	at java.base/jdk.internal.reflect.NativeMethodAccessorImpl.invoke(NativeMethodAccessorImpl.java:77)
	at java.base/jdk.internal.reflect.DelegatingMethodAccessorImpl.invoke(DelegatingMethodAccessorImpl.java:43)
)

18-11-2024T02:52:43 - [TEST_STEP][PASSED] - vidget = "Уровень потерь электроэнергии": null

18-11-2024T02:52:43 - [TEST_STEP][PASSED] - typeOfData = "План": null

18-11-2024T02:52:43 - [TEST_STEP][PASSED] - PercPlanR = GetPercPlanR(x = a): null

18-11-2024T02:52:43 - [TEST_STEP][PASSED] - i1 = <not implemented yet for class: org.codehaus.groovy.ast.expr.EmptyExpression>: null

18-11-2024T02:52:43 - [TEST_STEP][PASSED] - i1 = x.indexOf("/") + 1: null

18-11-2024T02:52:43 - [TEST_STEP][PASSED] - if (i1 > -1): null

18-11-2024T02:52:43 - [TEST_STEP][PASSED] - x = x.substring(i1, x.length()): null

18-11-2024T02:52:43 - [TEST_STEP][PASSED] - i1 = x.indexOf("/"): null

18-11-2024T02:52:43 - [TEST_STEP][PASSED] - if (i1 > -1): null

18-11-2024T02:52:43 - [TEST_STEP][PASSED] - x = x.substring(0, i1): null

18-11-2024T02:52:43 - [TEST_STEP][PASSED] - return x: null

18-11-2024T02:52:43 - [TEST_STEP][PASSED] - PercPlanB = GetPercPlanB(x = b): null

18-11-2024T02:52:43 - [TEST_STEP][PASSED] - i1 = <not implemented yet for class: org.codehaus.groovy.ast.expr.EmptyExpression>: null

18-11-2024T02:52:43 - [TEST_STEP][PASSED] - i1 = x.indexOf("/") + 1: null

18-11-2024T02:52:43 - [TEST_STEP][PASSED] - if (i1 > -1): null

18-11-2024T02:52:43 - [TEST_STEP][PASSED] - x = x.substring(i1, x.length()): null

18-11-2024T02:52:43 - [TEST_STEP][PASSED] - i1 = x.indexOf("/"): null

18-11-2024T02:52:43 - [TEST_STEP][PASSED] - if (i1 > -1): null

18-11-2024T02:52:43 - [TEST_STEP][PASSED] - x = x.substring(0, i1): null

18-11-2024T02:52:43 - [TEST_STEP][FAILED] - return x: null

18-11-2024T02:52:43 - [TEST_STEP][FAILED] - if (verifyEqual(PercPlanR, PercPlanB) == false): null

18-11-2024T02:52:43 - [MESSAGE][FAILED] - Unable to verify equal between actual object 'нет данных' and expected object '8.06' (Root cause: com.kms.katalon.core.exception.StepFailedException: Actual object 'нет данных' and expected object '8.06' are not equal
	at com.kms.katalon.core.keyword.builtin.VerifyEqualKeyword$_verifyEqual_closure1.doCall(VerifyEqualKeyword.groovy:58)
	at com.kms.katalon.core.keyword.builtin.VerifyEqualKeyword$_verifyEqual_closure1.call(VerifyEqualKeyword.groovy)
	at com.kms.katalon.core.keyword.internal.KeywordMain.runKeyword(KeywordMain.groovy:75)
	at com.kms.katalon.core.keyword.builtin.VerifyEqualKeyword.verifyEqual(VerifyEqualKeyword.groovy:63)
	at com.kms.katalon.core.keyword.builtin.VerifyEqualKeyword.execute(VerifyEqualKeyword.groovy:44)
	at com.kms.katalon.core.keyword.internal.KeywordExecutor.executeKeywordForPlatform(KeywordExecutor.groovy:74)
	at com.kms.katalon.core.keyword.BuiltinKeywords.verifyEqual(BuiltinKeywords.groovy:146)
	at jdk.internal.reflect.GeneratedMethodAccessor25.invoke(Unknown Source)
	at java.base/jdk.internal.reflect.DelegatingMethodAccessorImpl.invoke(DelegatingMethodAccessorImpl.java:43)
	at Выполнение бизнес-плана сверка дашбордов.CompareDZOData(Выполнение бизнес-плана сверка дашбордов:682)
	at Выполнение бизнес-плана сверка дашбордов.run(Выполнение бизнес-плана сверка дашбордов:633)
	at com.kms.katalon.core.main.ScriptEngine.run(ScriptEngine.java:194)
	at com.kms.katalon.core.main.ScriptEngine.runScriptAsRawText(ScriptEngine.java:119)
	at com.kms.katalon.core.main.TestCaseExecutor.runScript(TestCaseExecutor.java:448)
	at com.kms.katalon.core.main.TestCaseExecutor.doExecute(TestCaseExecutor.java:439)
	at com.kms.katalon.core.main.TestCaseExecutor.processExecutionPhase(TestCaseExecutor.java:418)
	at com.kms.katalon.core.main.TestCaseExecutor.accessMainPhase(TestCaseExecutor.java:410)
	at com.kms.katalon.core.main.TestCaseExecutor.execute(TestCaseExecutor.java:285)
	at com.kms.katalon.core.common.CommonExecutor.accessTestCaseMainPhase(CommonExecutor.java:65)
	at com.kms.katalon.core.main.TestSuiteExecutor.accessTestSuiteMainPhase(TestSuiteExecutor.java:150)
	at com.kms.katalon.core.main.TestSuiteExecutor.execute(TestSuiteExecutor.java:106)
	at com.kms.katalon.core.main.TestCaseMain.startTestSuite(TestCaseMain.java:180)
	at TempTestSuite1731886967590.run(TempTestSuite1731886967590.groovy:35)
	at java.base/jdk.internal.reflect.NativeMethodAccessorImpl.invoke0(Native Method)
	at java.base/jdk.internal.reflect.NativeMethodAccessorImpl.invoke(NativeMethodAccessorImpl.java:77)
	at java.base/jdk.internal.reflect.DelegatingMethodAccessorImpl.invoke(DelegatingMethodAccessorImpl.java:43)
)

18-11-2024T02:52:43 - [TEST_STEP][PASSED] - result = WriteToExcel(typeOfData, todaysDate, PercPlanR, PercPlanB, PercFactR, PercFactB, x, tabR, tabB, o1R, o1B, vidget): null

18-11-2024T02:52:43 - [TEST_STEP][PASSED] - iii = dZO.indexOf("/"): null

18-11-2024T02:52:43 - [TEST_STEP][PASSED] - println(iii): null

18-11-2024T02:52:43 - [TEST_STEP][PASSED] - dZO = dZO.substring(0, iii): null

18-11-2024T02:52:43 - [TEST_STEP][PASSED] - println(dZO): null

18-11-2024T02:52:43 - [TEST_STEP][PASSED] - println(PercPlanR): null

18-11-2024T02:52:43 - [TEST_STEP][PASSED] - println(PercPlanB): null

18-11-2024T02:52:43 - [TEST_STEP][PASSED] - println(PercFactR): null

18-11-2024T02:52:43 - [TEST_STEP][PASSED] - println(PercFactB): null

18-11-2024T02:52:43 - [TEST_STEP][PASSED] - println(tabR): null

18-11-2024T02:52:43 - [TEST_STEP][PASSED] - println(tabB): null

18-11-2024T02:52:43 - [TEST_STEP][PASSED] - println(o1R): null

18-11-2024T02:52:43 - [TEST_STEP][PASSED] - println(o1B): null

18-11-2024T02:52:43 - [TEST_STEP][PASSED] - PR = <not implemented yet for class: org.codehaus.groovy.ast.expr.EmptyExpression>: null

18-11-2024T02:52:43 - [TEST_STEP][PASSED] - FR = <not implemented yet for class: org.codehaus.groovy.ast.expr.EmptyExpression>: null

18-11-2024T02:52:43 - [TEST_STEP][PASSED] - PB = <not implemented yet for class: org.codehaus.groovy.ast.expr.EmptyExpression>: null

18-11-2024T02:52:43 - [TEST_STEP][PASSED] - FB = <not implemented yet for class: org.codehaus.groovy.ast.expr.EmptyExpression>: null

18-11-2024T02:52:43 - [TEST_STEP][PASSED] - TR = <not implemented yet for class: org.codehaus.groovy.ast.expr.EmptyExpression>: null

18-11-2024T02:52:43 - [TEST_STEP][PASSED] - TB = <not implemented yet for class: org.codehaus.groovy.ast.expr.EmptyExpression>: null

18-11-2024T02:52:43 - [TEST_STEP][PASSED] - sheetName = "Sheet1": null

18-11-2024T02:52:43 - [TEST_STEP][PASSED] - data = findTestData("PlanFact"): null

18-11-2024T02:52:43 - [TEST_STEP][PASSED] - n = data.getRowNumbers() + 1: null

18-11-2024T02:52:43 - [TEST_STEP][PASSED] - year = todaysDate.substring(todaysDate.length() - 4, todaysDate.length()): null

18-11-2024T02:52:43 - [TEST_STEP][PASSED] - y = year.toInteger(): null

18-11-2024T02:52:43 - [TEST_STEP][PASSED] - m = getText(findTestObject("Выполнение бизнес-плана/Выполнение бизнес-плана Балансы/Фильтр Дата")): Text of object 'Object Repository/Выполнение бизнес-плана/Выполнение бизнес-плана Балансы/Фильтр Дата' is: '1, 2, 3 кв. 2024 года'

18-11-2024T02:52:44 - [MESSAGE][PASSED] - Text of object 'Object Repository/Выполнение бизнес-плана/Выполнение бизнес-плана Балансы/Фильтр Дата' is: '1, 2, 3 кв. 2024 года'

18-11-2024T02:52:44 - [TEST_STEP][PASSED] - m = m.substring(0, m.indexOf("2024")): null

18-11-2024T02:52:44 - [TEST_STEP][PASSED] - m = m.trim(): null

18-11-2024T02:52:44 - [TEST_STEP][PASSED] - dashboardName = "Выполнение бизнес-плана": null

18-11-2024T02:52:44 - [TEST_STEP][PASSED] - workbook01 = getWorkbook(excelFilePath): null

18-11-2024T02:52:44 - [TEST_STEP][PASSED] - sheet01 = getExcelSheet(workbook01, sheetName): null

18-11-2024T02:52:44 - [TEST_STEP][PASSED] - setValueToCellByIndex(sheet01, n, 0, dashboardName): null

18-11-2024T02:52:44 - [TEST_STEP][PASSED] - setValueToCellByIndex(sheet01, n, 1, dZO): null

18-11-2024T02:52:44 - [TEST_STEP][PASSED] - setValueToCellByIndex(sheet01, n, 2, typeOfData): null

18-11-2024T02:52:44 - [TEST_STEP][PASSED] - setValueToCellByIndex(sheet01, n, 3, typeOfData): null

18-11-2024T02:52:44 - [TEST_STEP][PASSED] - if (typeOfData == "План"): null

18-11-2024T02:52:44 - [TEST_STEP][PASSED] - if (PercPlanR == null): null

18-11-2024T02:52:44 - [TEST_STEP][PASSED] - else: null

18-11-2024T02:52:44 - [TEST_STEP][PASSED] - if (PercPlanR == "нет данных"): null

18-11-2024T02:52:44 - [TEST_STEP][PASSED] - setValueToCellByIndex(sheet01, n, 4, "нет данных"): null

18-11-2024T02:52:44 - [TEST_STEP][PASSED] - if (PercPlanB == null): null

18-11-2024T02:52:44 - [TEST_STEP][PASSED] - else: null

18-11-2024T02:52:44 - [TEST_STEP][PASSED] - if (PercPlanB == "нет данных"): null

18-11-2024T02:52:44 - [TEST_STEP][PASSED] - else: null

18-11-2024T02:52:44 - [TEST_STEP][PASSED] - PB = PercPlanB.toDouble(): null

18-11-2024T02:52:44 - [TEST_STEP][PASSED] - setValueToCellByIndex(sheet01, n, 5, PB): null

18-11-2024T02:52:44 - [TEST_STEP][PASSED] - setValueToCellByIndex(sheet01, n, 6, m): null

18-11-2024T02:52:44 - [TEST_STEP][PASSED] - setValueToCellByIndex(sheet01, n, 7, y): null

18-11-2024T02:52:44 - [TEST_STEP][PASSED] - setValueToCellByIndex(sheet01, n, 8, todaysDate): null

18-11-2024T02:52:44 - [TEST_STEP][PASSED] - n = n + 1: null

18-11-2024T02:52:44 - [TEST_STEP][PASSED] - saveWorkbook(excelFilePath, workbook01): null

18-11-2024T02:52:44 - [TEST_STEP][PASSED] - typeOfData = "Факт": null

18-11-2024T02:52:44 - [TEST_STEP][PASSED] - PercFactR = GetPercFactR(x = a): null

18-11-2024T02:52:44 - [TEST_STEP][PASSED] - i1 = <not implemented yet for class: org.codehaus.groovy.ast.expr.EmptyExpression>: null

18-11-2024T02:52:44 - [TEST_STEP][PASSED] - ii = <not implemented yet for class: org.codehaus.groovy.ast.expr.EmptyExpression>: null

18-11-2024T02:52:44 - [TEST_STEP][PASSED] - for ([ii = 1, ii < 3, (ii++)]): null

18-11-2024T02:52:44 - [TEST_STEP][PASSED] - i1 = x.indexOf("/") + 1: null

18-11-2024T02:52:44 - [TEST_STEP][PASSED] - if (i1 > -1): null

18-11-2024T02:52:44 - [TEST_STEP][PASSED] - x = x.substring(i1, x.length()): null

18-11-2024T02:52:44 - [TEST_STEP][PASSED] - println(x): null

18-11-2024T02:52:44 - [TEST_STEP][PASSED] - i1 = x.indexOf("/") + 1: null

18-11-2024T02:52:44 - [TEST_STEP][PASSED] - if (i1 > -1): null

18-11-2024T02:52:44 - [TEST_STEP][PASSED] - x = x.substring(i1, x.length()): null

18-11-2024T02:52:44 - [TEST_STEP][PASSED] - println(x): null

18-11-2024T02:52:44 - [TEST_STEP][PASSED] - i1 = x.indexOf("/"): null

18-11-2024T02:52:44 - [TEST_STEP][PASSED] - if (i1 > -1): null

18-11-2024T02:52:44 - [TEST_STEP][PASSED] - x = x.substring(0, i1): null

18-11-2024T02:52:44 - [TEST_STEP][PASSED] - println(x): null

18-11-2024T02:52:44 - [TEST_STEP][PASSED] - return x: null

18-11-2024T02:52:44 - [TEST_STEP][PASSED] - PercFactB = GetPercFactB(x = b): null

18-11-2024T02:52:44 - [TEST_STEP][PASSED] - i1 = <not implemented yet for class: org.codehaus.groovy.ast.expr.EmptyExpression>: null

18-11-2024T02:52:44 - [TEST_STEP][PASSED] - ii = <not implemented yet for class: org.codehaus.groovy.ast.expr.EmptyExpression>: null

18-11-2024T02:52:44 - [TEST_STEP][PASSED] - for ([ii = 1, ii < 3, (ii++)]): null

18-11-2024T02:52:44 - [TEST_STEP][PASSED] - i1 = x.indexOf("/") + 1: null

18-11-2024T02:52:44 - [TEST_STEP][PASSED] - if (i1 > -1): null

18-11-2024T02:52:44 - [TEST_STEP][PASSED] - x = x.substring(i1, x.length()): null

18-11-2024T02:52:44 - [TEST_STEP][PASSED] - println(x): null

18-11-2024T02:52:44 - [TEST_STEP][PASSED] - i1 = x.indexOf("/") + 1: null

18-11-2024T02:52:44 - [TEST_STEP][PASSED] - if (i1 > -1): null

18-11-2024T02:52:44 - [TEST_STEP][PASSED] - x = x.substring(i1, x.length()): null

18-11-2024T02:52:44 - [TEST_STEP][PASSED] - println(x): null

18-11-2024T02:52:44 - [TEST_STEP][PASSED] - i1 = x.indexOf("/"): null

18-11-2024T02:52:44 - [TEST_STEP][PASSED] - if (i1 > -1): null

18-11-2024T02:52:44 - [TEST_STEP][PASSED] - x = x.substring(0, i1): null

18-11-2024T02:52:44 - [TEST_STEP][PASSED] - println(x): null

18-11-2024T02:52:44 - [TEST_STEP][FAILED] - return x: null

18-11-2024T02:52:44 - [TEST_STEP][FAILED] - if (verifyEqual(PercFactR, PercFactB) == false): null

18-11-2024T02:52:44 - [MESSAGE][FAILED] - Unable to verify equal between actual object 'нет данных' and expected object '8.06' (Root cause: com.kms.katalon.core.exception.StepFailedException: Actual object 'нет данных' and expected object '8.06' are not equal
	at com.kms.katalon.core.keyword.builtin.VerifyEqualKeyword$_verifyEqual_closure1.doCall(VerifyEqualKeyword.groovy:58)
	at com.kms.katalon.core.keyword.builtin.VerifyEqualKeyword$_verifyEqual_closure1.call(VerifyEqualKeyword.groovy)
	at com.kms.katalon.core.keyword.internal.KeywordMain.runKeyword(KeywordMain.groovy:75)
	at com.kms.katalon.core.keyword.builtin.VerifyEqualKeyword.verifyEqual(VerifyEqualKeyword.groovy:63)
	at com.kms.katalon.core.keyword.builtin.VerifyEqualKeyword.execute(VerifyEqualKeyword.groovy:44)
	at com.kms.katalon.core.keyword.internal.KeywordExecutor.executeKeywordForPlatform(KeywordExecutor.groovy:74)
	at com.kms.katalon.core.keyword.BuiltinKeywords.verifyEqual(BuiltinKeywords.groovy:146)
	at jdk.internal.reflect.GeneratedMethodAccessor25.invoke(Unknown Source)
	at java.base/jdk.internal.reflect.DelegatingMethodAccessorImpl.invoke(DelegatingMethodAccessorImpl.java:43)
	at Выполнение бизнес-плана сверка дашбордов.CompareDZOData(Выполнение бизнес-плана сверка дашбордов:693)
	at Выполнение бизнес-плана сверка дашбордов.run(Выполнение бизнес-плана сверка дашбордов:633)
	at com.kms.katalon.core.main.ScriptEngine.run(ScriptEngine.java:194)
	at com.kms.katalon.core.main.ScriptEngine.runScriptAsRawText(ScriptEngine.java:119)
	at com.kms.katalon.core.main.TestCaseExecutor.runScript(TestCaseExecutor.java:448)
	at com.kms.katalon.core.main.TestCaseExecutor.doExecute(TestCaseExecutor.java:439)
	at com.kms.katalon.core.main.TestCaseExecutor.processExecutionPhase(TestCaseExecutor.java:418)
	at com.kms.katalon.core.main.TestCaseExecutor.accessMainPhase(TestCaseExecutor.java:410)
	at com.kms.katalon.core.main.TestCaseExecutor.execute(TestCaseExecutor.java:285)
	at com.kms.katalon.core.common.CommonExecutor.accessTestCaseMainPhase(CommonExecutor.java:65)
	at com.kms.katalon.core.main.TestSuiteExecutor.accessTestSuiteMainPhase(TestSuiteExecutor.java:150)
	at com.kms.katalon.core.main.TestSuiteExecutor.execute(TestSuiteExecutor.java:106)
	at com.kms.katalon.core.main.TestCaseMain.startTestSuite(TestCaseMain.java:180)
	at TempTestSuite1731886967590.run(TempTestSuite1731886967590.groovy:35)
	at java.base/jdk.internal.reflect.NativeMethodAccessorImpl.invoke0(Native Method)
	at java.base/jdk.internal.reflect.NativeMethodAccessorImpl.invoke(NativeMethodAccessorImpl.java:77)
	at java.base/jdk.internal.reflect.DelegatingMethodAccessorImpl.invoke(DelegatingMethodAccessorImpl.java:43)
)

18-11-2024T02:52:44 - [TEST_STEP][PASSED] - result = WriteToExcel(typeOfData, todaysDate, PercPlanR, PercPlanB, PercFactR, PercFactB, x, tabR, tabB, o1R, o1B, vidget): null

18-11-2024T02:52:44 - [TEST_STEP][PASSED] - iii = dZO.indexOf("/"): null

18-11-2024T02:52:44 - [TEST_STEP][PASSED] - println(iii): null

18-11-2024T02:52:44 - [TEST_STEP][PASSED] - dZO = dZO.substring(0, iii): null

18-11-2024T02:52:44 - [TEST_STEP][PASSED] - println(dZO): null

18-11-2024T02:52:44 - [TEST_STEP][PASSED] - println(PercPlanR): null

18-11-2024T02:52:44 - [TEST_STEP][PASSED] - println(PercPlanB): null

18-11-2024T02:52:44 - [TEST_STEP][PASSED] - println(PercFactR): null

18-11-2024T02:52:44 - [TEST_STEP][PASSED] - println(PercFactB): null

18-11-2024T02:52:44 - [TEST_STEP][PASSED] - println(tabR): null

18-11-2024T02:52:44 - [TEST_STEP][PASSED] - println(tabB): null

18-11-2024T02:52:44 - [TEST_STEP][PASSED] - println(o1R): null

18-11-2024T02:52:44 - [TEST_STEP][PASSED] - println(o1B): null

18-11-2024T02:52:44 - [TEST_STEP][PASSED] - PR = <not implemented yet for class: org.codehaus.groovy.ast.expr.EmptyExpression>: null

18-11-2024T02:52:44 - [TEST_STEP][PASSED] - FR = <not implemented yet for class: org.codehaus.groovy.ast.expr.EmptyExpression>: null

18-11-2024T02:52:44 - [TEST_STEP][PASSED] - PB = <not implemented yet for class: org.codehaus.groovy.ast.expr.EmptyExpression>: null

18-11-2024T02:52:44 - [TEST_STEP][PASSED] - FB = <not implemented yet for class: org.codehaus.groovy.ast.expr.EmptyExpression>: null

18-11-2024T02:52:44 - [TEST_STEP][PASSED] - TR = <not implemented yet for class: org.codehaus.groovy.ast.expr.EmptyExpression>: null

18-11-2024T02:52:44 - [TEST_STEP][PASSED] - TB = <not implemented yet for class: org.codehaus.groovy.ast.expr.EmptyExpression>: null

18-11-2024T02:52:44 - [TEST_STEP][PASSED] - sheetName = "Sheet1": null

18-11-2024T02:52:44 - [TEST_STEP][PASSED] - data = findTestData("PlanFact"): null

18-11-2024T02:52:44 - [TEST_STEP][PASSED] - n = data.getRowNumbers() + 1: null

18-11-2024T02:52:44 - [TEST_STEP][PASSED] - year = todaysDate.substring(todaysDate.length() - 4, todaysDate.length()): null

18-11-2024T02:52:44 - [TEST_STEP][PASSED] - y = year.toInteger(): null

18-11-2024T02:52:44 - [TEST_STEP][PASSED] - m = getText(findTestObject("Выполнение бизнес-плана/Выполнение бизнес-плана Балансы/Фильтр Дата")): Text of object 'Object Repository/Выполнение бизнес-плана/Выполнение бизнес-плана Балансы/Фильтр Дата' is: '1, 2, 3 кв. 2024 года'

18-11-2024T02:52:44 - [MESSAGE][PASSED] - Text of object 'Object Repository/Выполнение бизнес-плана/Выполнение бизнес-плана Балансы/Фильтр Дата' is: '1, 2, 3 кв. 2024 года'

18-11-2024T02:52:44 - [TEST_STEP][PASSED] - m = m.substring(0, m.indexOf("2024")): null

18-11-2024T02:52:44 - [TEST_STEP][PASSED] - m = m.trim(): null

18-11-2024T02:52:44 - [TEST_STEP][PASSED] - dashboardName = "Выполнение бизнес-плана": null

18-11-2024T02:52:44 - [TEST_STEP][PASSED] - workbook01 = getWorkbook(excelFilePath): null

18-11-2024T02:52:44 - [TEST_STEP][PASSED] - sheet01 = getExcelSheet(workbook01, sheetName): null

18-11-2024T02:52:44 - [TEST_STEP][PASSED] - setValueToCellByIndex(sheet01, n, 0, dashboardName): null

18-11-2024T02:52:44 - [TEST_STEP][PASSED] - setValueToCellByIndex(sheet01, n, 1, dZO): null

18-11-2024T02:52:44 - [TEST_STEP][PASSED] - setValueToCellByIndex(sheet01, n, 2, typeOfData): null

18-11-2024T02:52:44 - [TEST_STEP][PASSED] - setValueToCellByIndex(sheet01, n, 3, typeOfData): null

18-11-2024T02:52:44 - [TEST_STEP][PASSED] - if (typeOfData == "План"): null

18-11-2024T02:52:44 - [TEST_STEP][PASSED] - else if (typeOfData == "Факт"): null

18-11-2024T02:52:44 - [TEST_STEP][PASSED] - if (PercFactR == null): null

18-11-2024T02:52:44 - [TEST_STEP][PASSED] - else: null

18-11-2024T02:52:44 - [TEST_STEP][PASSED] - if (PercFactR == "нет данных"): null

18-11-2024T02:52:44 - [TEST_STEP][PASSED] - setValueToCellByIndex(sheet01, n, 4, "нет данных"): null

18-11-2024T02:52:44 - [TEST_STEP][PASSED] - if (PercFactB == null): null

18-11-2024T02:52:44 - [TEST_STEP][PASSED] - else: null

18-11-2024T02:52:44 - [TEST_STEP][PASSED] - if (PercFactB == "нет данных"): null

18-11-2024T02:52:44 - [TEST_STEP][PASSED] - else: null

18-11-2024T02:52:44 - [TEST_STEP][PASSED] - FB = PercFactB.toDouble(): null

18-11-2024T02:52:44 - [TEST_STEP][PASSED] - setValueToCellByIndex(sheet01, n, 5, FB): null

18-11-2024T02:52:44 - [TEST_STEP][PASSED] - setValueToCellByIndex(sheet01, n, 6, m): null

18-11-2024T02:52:44 - [TEST_STEP][PASSED] - setValueToCellByIndex(sheet01, n, 7, y): null

18-11-2024T02:52:44 - [TEST_STEP][PASSED] - setValueToCellByIndex(sheet01, n, 8, todaysDate): null

18-11-2024T02:52:44 - [TEST_STEP][PASSED] - n = n + 1: null

18-11-2024T02:52:44 - [TEST_STEP][PASSED] - saveWorkbook(excelFilePath, workbook01): null

18-11-2024T02:52:45 - [TEST_STEP][PASSED] - vidget = "Показатели баланса электроэнергии по ДЗО – Факт": null

18-11-2024T02:52:45 - [TEST_STEP][PASSED] - typeOfData = "Факт Отпуск в сеть": null

18-11-2024T02:52:45 - [TEST_STEP][PASSED] - tabR = GetOvSFactR(x = a): null

18-11-2024T02:52:45 - [TEST_STEP][PASSED] - i1 = <not implemented yet for class: org.codehaus.groovy.ast.expr.EmptyExpression>: null

18-11-2024T02:52:45 - [TEST_STEP][PASSED] - ii = <not implemented yet for class: org.codehaus.groovy.ast.expr.EmptyExpression>: null

18-11-2024T02:52:45 - [TEST_STEP][PASSED] - for ([ii = 1, ii < 4, (ii++)]): null

18-11-2024T02:52:45 - [TEST_STEP][PASSED] - i1 = x.indexOf("/") + 1: null

18-11-2024T02:52:45 - [TEST_STEP][PASSED] - if (i1 > -1): null

18-11-2024T02:52:45 - [TEST_STEP][PASSED] - x = x.substring(i1, x.length()): null

18-11-2024T02:52:45 - [TEST_STEP][PASSED] - println(x): null

18-11-2024T02:52:45 - [TEST_STEP][PASSED] - i1 = x.indexOf("/") + 1: null

18-11-2024T02:52:45 - [TEST_STEP][PASSED] - if (i1 > -1): null

18-11-2024T02:52:45 - [TEST_STEP][PASSED] - x = x.substring(i1, x.length()): null

18-11-2024T02:52:45 - [TEST_STEP][PASSED] - println(x): null

18-11-2024T02:52:45 - [TEST_STEP][PASSED] - i1 = x.indexOf("/") + 1: null

18-11-2024T02:52:45 - [TEST_STEP][PASSED] - if (i1 > -1): null

18-11-2024T02:52:45 - [TEST_STEP][PASSED] - x = x.substring(i1, x.length()): null

18-11-2024T02:52:45 - [TEST_STEP][PASSED] - println(x): null

18-11-2024T02:52:45 - [TEST_STEP][PASSED] - i1 = x.indexOf("/"): null

18-11-2024T02:52:45 - [TEST_STEP][PASSED] - if (i1 > -1): null

18-11-2024T02:52:45 - [TEST_STEP][PASSED] - x = x.substring(0, i1): null

18-11-2024T02:52:45 - [TEST_STEP][PASSED] - println(x): null

18-11-2024T02:52:45 - [TEST_STEP][PASSED] - return x: null

18-11-2024T02:52:45 - [TEST_STEP][PASSED] - tabB = GetOvSFactB(x = b): null

18-11-2024T02:52:45 - [TEST_STEP][PASSED] - i1 = <not implemented yet for class: org.codehaus.groovy.ast.expr.EmptyExpression>: null

18-11-2024T02:52:45 - [TEST_STEP][PASSED] - ii = <not implemented yet for class: org.codehaus.groovy.ast.expr.EmptyExpression>: null

18-11-2024T02:52:45 - [TEST_STEP][PASSED] - for ([ii = 1, ii < 4, (ii++)]): null

18-11-2024T02:52:45 - [TEST_STEP][PASSED] - i1 = x.indexOf("/") + 1: null

18-11-2024T02:52:45 - [TEST_STEP][PASSED] - if (i1 > -1): null

18-11-2024T02:52:45 - [TEST_STEP][PASSED] - x = x.substring(i1, x.length()): null

18-11-2024T02:52:45 - [TEST_STEP][PASSED] - println(x): null

18-11-2024T02:52:45 - [TEST_STEP][PASSED] - i1 = x.indexOf("/") + 1: null

18-11-2024T02:52:45 - [TEST_STEP][PASSED] - if (i1 > -1): null

18-11-2024T02:52:45 - [TEST_STEP][PASSED] - x = x.substring(i1, x.length()): null

18-11-2024T02:52:45 - [TEST_STEP][PASSED] - println(x): null

18-11-2024T02:52:45 - [TEST_STEP][PASSED] - i1 = x.indexOf("/") + 1: null

18-11-2024T02:52:45 - [TEST_STEP][PASSED] - if (i1 > -1): null

18-11-2024T02:52:45 - [TEST_STEP][PASSED] - x = x.substring(i1, x.length()): null

18-11-2024T02:52:45 - [TEST_STEP][PASSED] - println(x): null

18-11-2024T02:52:45 - [TEST_STEP][PASSED] - i1 = x.indexOf("/"): null

18-11-2024T02:52:45 - [TEST_STEP][PASSED] - if (i1 > -1): null

18-11-2024T02:52:45 - [TEST_STEP][PASSED] - x = x.substring(0, i1): null

18-11-2024T02:52:45 - [TEST_STEP][PASSED] - println(x): null

18-11-2024T02:52:45 - [TEST_STEP][FAILED] - return x: null

18-11-2024T02:52:45 - [TEST_STEP][FAILED] - if (verifyEqual(tabR, tabB) == false): null

18-11-2024T02:52:45 - [MESSAGE][FAILED] - Unable to verify equal between actual object 'нет данных' and expected object '3805253' (Root cause: com.kms.katalon.core.exception.StepFailedException: Actual object 'нет данных' and expected object '3805253' are not equal
	at com.kms.katalon.core.keyword.builtin.VerifyEqualKeyword$_verifyEqual_closure1.doCall(VerifyEqualKeyword.groovy:58)
	at com.kms.katalon.core.keyword.builtin.VerifyEqualKeyword$_verifyEqual_closure1.call(VerifyEqualKeyword.groovy)
	at com.kms.katalon.core.keyword.internal.KeywordMain.runKeyword(KeywordMain.groovy:75)
	at com.kms.katalon.core.keyword.builtin.VerifyEqualKeyword.verifyEqual(VerifyEqualKeyword.groovy:63)
	at com.kms.katalon.core.keyword.builtin.VerifyEqualKeyword.execute(VerifyEqualKeyword.groovy:44)
	at com.kms.katalon.core.keyword.internal.KeywordExecutor.executeKeywordForPlatform(KeywordExecutor.groovy:74)
	at com.kms.katalon.core.keyword.BuiltinKeywords.verifyEqual(BuiltinKeywords.groovy:146)
	at jdk.internal.reflect.GeneratedMethodAccessor25.invoke(Unknown Source)
	at java.base/jdk.internal.reflect.DelegatingMethodAccessorImpl.invoke(DelegatingMethodAccessorImpl.java:43)
	at Выполнение бизнес-плана сверка дашбордов.CompareDZOData(Выполнение бизнес-плана сверка дашбордов:706)
	at Выполнение бизнес-плана сверка дашбордов.run(Выполнение бизнес-плана сверка дашбордов:633)
	at com.kms.katalon.core.main.ScriptEngine.run(ScriptEngine.java:194)
	at com.kms.katalon.core.main.ScriptEngine.runScriptAsRawText(ScriptEngine.java:119)
	at com.kms.katalon.core.main.TestCaseExecutor.runScript(TestCaseExecutor.java:448)
	at com.kms.katalon.core.main.TestCaseExecutor.doExecute(TestCaseExecutor.java:439)
	at com.kms.katalon.core.main.TestCaseExecutor.processExecutionPhase(TestCaseExecutor.java:418)
	at com.kms.katalon.core.main.TestCaseExecutor.accessMainPhase(TestCaseExecutor.java:410)
	at com.kms.katalon.core.main.TestCaseExecutor.execute(TestCaseExecutor.java:285)
	at com.kms.katalon.core.common.CommonExecutor.accessTestCaseMainPhase(CommonExecutor.java:65)
	at com.kms.katalon.core.main.TestSuiteExecutor.accessTestSuiteMainPhase(TestSuiteExecutor.java:150)
	at com.kms.katalon.core.main.TestSuiteExecutor.execute(TestSuiteExecutor.java:106)
	at com.kms.katalon.core.main.TestCaseMain.startTestSuite(TestCaseMain.java:180)
	at TempTestSuite1731886967590.run(TempTestSuite1731886967590.groovy:35)
	at java.base/jdk.internal.reflect.NativeMethodAccessorImpl.invoke0(Native Method)
	at java.base/jdk.internal.reflect.NativeMethodAccessorImpl.invoke(NativeMethodAccessorImpl.java:77)
	at java.base/jdk.internal.reflect.DelegatingMethodAccessorImpl.invoke(DelegatingMethodAccessorImpl.java:43)
)

18-11-2024T02:52:45 - [TEST_STEP][PASSED] - result = WriteToExcel(typeOfData, todaysDate, PercPlanR, PercPlanB, PercFactR, PercFactB, x, tabR, tabB, o1R, o1B, vidget): null

18-11-2024T02:52:45 - [TEST_STEP][PASSED] - iii = dZO.indexOf("/"): null

18-11-2024T02:52:45 - [TEST_STEP][PASSED] - println(iii): null

18-11-2024T02:52:45 - [TEST_STEP][PASSED] - dZO = dZO.substring(0, iii): null

18-11-2024T02:52:45 - [TEST_STEP][PASSED] - println(dZO): null

18-11-2024T02:52:45 - [TEST_STEP][PASSED] - println(PercPlanR): null

18-11-2024T02:52:45 - [TEST_STEP][PASSED] - println(PercPlanB): null

18-11-2024T02:52:45 - [TEST_STEP][PASSED] - println(PercFactR): null

18-11-2024T02:52:45 - [TEST_STEP][PASSED] - println(PercFactB): null

18-11-2024T02:52:45 - [TEST_STEP][PASSED] - println(tabR): null

18-11-2024T02:52:45 - [TEST_STEP][PASSED] - println(tabB): null

18-11-2024T02:52:45 - [TEST_STEP][PASSED] - println(o1R): null

18-11-2024T02:52:45 - [TEST_STEP][PASSED] - println(o1B): null

18-11-2024T02:52:45 - [TEST_STEP][PASSED] - PR = <not implemented yet for class: org.codehaus.groovy.ast.expr.EmptyExpression>: null

18-11-2024T02:52:45 - [TEST_STEP][PASSED] - FR = <not implemented yet for class: org.codehaus.groovy.ast.expr.EmptyExpression>: null

18-11-2024T02:52:45 - [TEST_STEP][PASSED] - PB = <not implemented yet for class: org.codehaus.groovy.ast.expr.EmptyExpression>: null

18-11-2024T02:52:45 - [TEST_STEP][PASSED] - FB = <not implemented yet for class: org.codehaus.groovy.ast.expr.EmptyExpression>: null

18-11-2024T02:52:45 - [TEST_STEP][PASSED] - TR = <not implemented yet for class: org.codehaus.groovy.ast.expr.EmptyExpression>: null

18-11-2024T02:52:45 - [TEST_STEP][PASSED] - TB = <not implemented yet for class: org.codehaus.groovy.ast.expr.EmptyExpression>: null

18-11-2024T02:52:45 - [TEST_STEP][PASSED] - sheetName = "Sheet1": null

18-11-2024T02:52:45 - [TEST_STEP][PASSED] - data = findTestData("PlanFact"): null

18-11-2024T02:52:45 - [TEST_STEP][PASSED] - n = data.getRowNumbers() + 1: null

18-11-2024T02:52:45 - [TEST_STEP][PASSED] - year = todaysDate.substring(todaysDate.length() - 4, todaysDate.length()): null

18-11-2024T02:52:45 - [TEST_STEP][PASSED] - y = year.toInteger(): null

18-11-2024T02:52:45 - [TEST_STEP][PASSED] - m = getText(findTestObject("Выполнение бизнес-плана/Выполнение бизнес-плана Балансы/Фильтр Дата")): Text of object 'Object Repository/Выполнение бизнес-плана/Выполнение бизнес-плана Балансы/Фильтр Дата' is: '1, 2, 3 кв. 2024 года'

18-11-2024T02:52:45 - [MESSAGE][PASSED] - Text of object 'Object Repository/Выполнение бизнес-плана/Выполнение бизнес-плана Балансы/Фильтр Дата' is: '1, 2, 3 кв. 2024 года'

18-11-2024T02:52:45 - [TEST_STEP][PASSED] - m = m.substring(0, m.indexOf("2024")): null

18-11-2024T02:52:45 - [TEST_STEP][PASSED] - m = m.trim(): null

18-11-2024T02:52:45 - [TEST_STEP][PASSED] - dashboardName = "Выполнение бизнес-плана": null

18-11-2024T02:52:45 - [TEST_STEP][PASSED] - workbook01 = getWorkbook(excelFilePath): null

18-11-2024T02:52:45 - [TEST_STEP][PASSED] - sheet01 = getExcelSheet(workbook01, sheetName): null

18-11-2024T02:52:45 - [TEST_STEP][PASSED] - setValueToCellByIndex(sheet01, n, 0, dashboardName): null

18-11-2024T02:52:45 - [TEST_STEP][PASSED] - setValueToCellByIndex(sheet01, n, 1, dZO): null

18-11-2024T02:52:45 - [TEST_STEP][PASSED] - setValueToCellByIndex(sheet01, n, 2, typeOfData): null

18-11-2024T02:52:45 - [TEST_STEP][PASSED] - setValueToCellByIndex(sheet01, n, 3, typeOfData): null

18-11-2024T02:52:45 - [TEST_STEP][PASSED] - if (typeOfData == "План"): null

18-11-2024T02:52:45 - [TEST_STEP][PASSED] - else if (typeOfData == "Факт"): null

18-11-2024T02:52:45 - [TEST_STEP][PASSED] - else if (vidget.contains("электроэнергии") == true): null

18-11-2024T02:52:45 - [TEST_STEP][PASSED] - if (tabR == null): null

18-11-2024T02:52:45 - [TEST_STEP][PASSED] - else: null

18-11-2024T02:52:45 - [TEST_STEP][PASSED] - if (tabR == "нет данных"): null

18-11-2024T02:52:45 - [TEST_STEP][PASSED] - setValueToCellByIndex(sheet01, n, 4, "нет данных"): null

18-11-2024T02:52:45 - [TEST_STEP][PASSED] - if (tabB == null): null

18-11-2024T02:52:45 - [TEST_STEP][PASSED] - else: null

18-11-2024T02:52:45 - [TEST_STEP][PASSED] - if (tabB == "нет данных"): null

18-11-2024T02:52:45 - [TEST_STEP][PASSED] - else: null

18-11-2024T02:52:45 - [TEST_STEP][PASSED] - TB = tabB.toInteger(): null

18-11-2024T02:52:45 - [TEST_STEP][PASSED] - setValueToCellByIndex(sheet01, n, 5, TB): null

18-11-2024T02:52:45 - [TEST_STEP][PASSED] - setValueToCellByIndex(sheet01, n, 6, m): null

18-11-2024T02:52:45 - [TEST_STEP][PASSED] - setValueToCellByIndex(sheet01, n, 7, y): null

18-11-2024T02:52:45 - [TEST_STEP][PASSED] - setValueToCellByIndex(sheet01, n, 8, todaysDate): null

18-11-2024T02:52:45 - [TEST_STEP][PASSED] - n = n + 1: null

18-11-2024T02:52:45 - [TEST_STEP][PASSED] - saveWorkbook(excelFilePath, workbook01): null

18-11-2024T02:52:45 - [TEST_STEP][PASSED] - typeOfData = "Факт Отпуск из сети": null

18-11-2024T02:52:45 - [TEST_STEP][PASSED] - tabR = GetOiSFactR(x = a): null

18-11-2024T02:52:45 - [TEST_STEP][PASSED] - i1 = <not implemented yet for class: org.codehaus.groovy.ast.expr.EmptyExpression>: null

18-11-2024T02:52:45 - [TEST_STEP][PASSED] - ii = <not implemented yet for class: org.codehaus.groovy.ast.expr.EmptyExpression>: null

18-11-2024T02:52:45 - [TEST_STEP][PASSED] - for ([ii = 1, ii < 5, (ii++)]): null

18-11-2024T02:52:45 - [TEST_STEP][PASSED] - i1 = x.indexOf("/") + 1: null

18-11-2024T02:52:45 - [TEST_STEP][PASSED] - if (i1 > -1): null

18-11-2024T02:52:45 - [TEST_STEP][PASSED] - x = x.substring(i1, x.length()): null

18-11-2024T02:52:45 - [TEST_STEP][PASSED] - println(x): null

18-11-2024T02:52:45 - [TEST_STEP][PASSED] - i1 = x.indexOf("/") + 1: null

18-11-2024T02:52:45 - [TEST_STEP][PASSED] - if (i1 > -1): null

18-11-2024T02:52:45 - [TEST_STEP][PASSED] - x = x.substring(i1, x.length()): null

18-11-2024T02:52:45 - [TEST_STEP][PASSED] - println(x): null

18-11-2024T02:52:45 - [TEST_STEP][PASSED] - i1 = x.indexOf("/") + 1: null

18-11-2024T02:52:45 - [TEST_STEP][PASSED] - if (i1 > -1): null

18-11-2024T02:52:45 - [TEST_STEP][PASSED] - x = x.substring(i1, x.length()): null

18-11-2024T02:52:45 - [TEST_STEP][PASSED] - println(x): null

18-11-2024T02:52:45 - [TEST_STEP][PASSED] - i1 = x.indexOf("/") + 1: null

18-11-2024T02:52:45 - [TEST_STEP][PASSED] - if (i1 > -1): null

18-11-2024T02:52:45 - [TEST_STEP][PASSED] - x = x.substring(i1, x.length()): null

18-11-2024T02:52:45 - [TEST_STEP][PASSED] - println(x): null

18-11-2024T02:52:45 - [TEST_STEP][PASSED] - i1 = x.indexOf("/"): null

18-11-2024T02:52:45 - [TEST_STEP][PASSED] - if (i1 > -1): null

18-11-2024T02:52:45 - [TEST_STEP][PASSED] - x = x.substring(0, i1): null

18-11-2024T02:52:45 - [TEST_STEP][PASSED] - println(x): null

18-11-2024T02:52:45 - [TEST_STEP][PASSED] - return x: null

18-11-2024T02:52:45 - [TEST_STEP][PASSED] - tabB = GetOiSFactB(x = b): null

18-11-2024T02:52:45 - [TEST_STEP][PASSED] - i1 = <not implemented yet for class: org.codehaus.groovy.ast.expr.EmptyExpression>: null

18-11-2024T02:52:45 - [TEST_STEP][PASSED] - ii = <not implemented yet for class: org.codehaus.groovy.ast.expr.EmptyExpression>: null

18-11-2024T02:52:45 - [TEST_STEP][PASSED] - for ([ii = 1, ii < 5, (ii++)]): null

18-11-2024T02:52:45 - [TEST_STEP][PASSED] - i1 = x.indexOf("/") + 1: null

18-11-2024T02:52:45 - [TEST_STEP][PASSED] - if (i1 > -1): null

18-11-2024T02:52:45 - [TEST_STEP][PASSED] - x = x.substring(i1, x.length()): null

18-11-2024T02:52:45 - [TEST_STEP][PASSED] - println(x): null

18-11-2024T02:52:45 - [TEST_STEP][PASSED] - i1 = x.indexOf("/") + 1: null

18-11-2024T02:52:45 - [TEST_STEP][PASSED] - if (i1 > -1): null

18-11-2024T02:52:45 - [TEST_STEP][PASSED] - x = x.substring(i1, x.length()): null

18-11-2024T02:52:45 - [TEST_STEP][PASSED] - println(x): null

18-11-2024T02:52:45 - [TEST_STEP][PASSED] - i1 = x.indexOf("/") + 1: null

18-11-2024T02:52:45 - [TEST_STEP][PASSED] - if (i1 > -1): null

18-11-2024T02:52:45 - [TEST_STEP][PASSED] - x = x.substring(i1, x.length()): null

18-11-2024T02:52:45 - [TEST_STEP][PASSED] - println(x): null

18-11-2024T02:52:45 - [TEST_STEP][PASSED] - i1 = x.indexOf("/") + 1: null

18-11-2024T02:52:45 - [TEST_STEP][PASSED] - if (i1 > -1): null

18-11-2024T02:52:45 - [TEST_STEP][PASSED] - x = x.substring(i1, x.length()): null

18-11-2024T02:52:45 - [TEST_STEP][PASSED] - println(x): null

18-11-2024T02:52:45 - [TEST_STEP][PASSED] - i1 = x.indexOf("/"): null

18-11-2024T02:52:45 - [TEST_STEP][PASSED] - if (i1 > -1): null

18-11-2024T02:52:45 - [TEST_STEP][PASSED] - x = x.substring(0, i1): null

18-11-2024T02:52:45 - [TEST_STEP][PASSED] - println(x): null

18-11-2024T02:52:45 - [TEST_STEP][FAILED] - return x: null

18-11-2024T02:52:45 - [TEST_STEP][FAILED] - if (verifyEqual(tabR, tabB) == false): null

18-11-2024T02:52:45 - [MESSAGE][FAILED] - Unable to verify equal between actual object 'нет данных' and expected object '3498634' (Root cause: com.kms.katalon.core.exception.StepFailedException: Actual object 'нет данных' and expected object '3498634' are not equal
	at com.kms.katalon.core.keyword.builtin.VerifyEqualKeyword$_verifyEqual_closure1.doCall(VerifyEqualKeyword.groovy:58)
	at com.kms.katalon.core.keyword.builtin.VerifyEqualKeyword$_verifyEqual_closure1.call(VerifyEqualKeyword.groovy)
	at com.kms.katalon.core.keyword.internal.KeywordMain.runKeyword(KeywordMain.groovy:75)
	at com.kms.katalon.core.keyword.builtin.VerifyEqualKeyword.verifyEqual(VerifyEqualKeyword.groovy:63)
	at com.kms.katalon.core.keyword.builtin.VerifyEqualKeyword.execute(VerifyEqualKeyword.groovy:44)
	at com.kms.katalon.core.keyword.internal.KeywordExecutor.executeKeywordForPlatform(KeywordExecutor.groovy:74)
	at com.kms.katalon.core.keyword.BuiltinKeywords.verifyEqual(BuiltinKeywords.groovy:146)
	at jdk.internal.reflect.GeneratedMethodAccessor25.invoke(Unknown Source)
	at java.base/jdk.internal.reflect.DelegatingMethodAccessorImpl.invoke(DelegatingMethodAccessorImpl.java:43)
	at Выполнение бизнес-плана сверка дашбордов.CompareDZOData(Выполнение бизнес-плана сверка дашбордов:717)
	at Выполнение бизнес-плана сверка дашбордов.run(Выполнение бизнес-плана сверка дашбордов:633)
	at com.kms.katalon.core.main.ScriptEngine.run(ScriptEngine.java:194)
	at com.kms.katalon.core.main.ScriptEngine.runScriptAsRawText(ScriptEngine.java:119)
	at com.kms.katalon.core.main.TestCaseExecutor.runScript(TestCaseExecutor.java:448)
	at com.kms.katalon.core.main.TestCaseExecutor.doExecute(TestCaseExecutor.java:439)
	at com.kms.katalon.core.main.TestCaseExecutor.processExecutionPhase(TestCaseExecutor.java:418)
	at com.kms.katalon.core.main.TestCaseExecutor.accessMainPhase(TestCaseExecutor.java:410)
	at com.kms.katalon.core.main.TestCaseExecutor.execute(TestCaseExecutor.java:285)
	at com.kms.katalon.core.common.CommonExecutor.accessTestCaseMainPhase(CommonExecutor.java:65)
	at com.kms.katalon.core.main.TestSuiteExecutor.accessTestSuiteMainPhase(TestSuiteExecutor.java:150)
	at com.kms.katalon.core.main.TestSuiteExecutor.execute(TestSuiteExecutor.java:106)
	at com.kms.katalon.core.main.TestCaseMain.startTestSuite(TestCaseMain.java:180)
	at TempTestSuite1731886967590.run(TempTestSuite1731886967590.groovy:35)
	at java.base/jdk.internal.reflect.NativeMethodAccessorImpl.invoke0(Native Method)
	at java.base/jdk.internal.reflect.NativeMethodAccessorImpl.invoke(NativeMethodAccessorImpl.java:77)
	at java.base/jdk.internal.reflect.DelegatingMethodAccessorImpl.invoke(DelegatingMethodAccessorImpl.java:43)
)

18-11-2024T02:52:45 - [TEST_STEP][PASSED] - result = WriteToExcel(typeOfData, todaysDate, PercPlanR, PercPlanB, PercFactR, PercFactB, x, tabR, tabB, o1R, o1B, vidget): null

18-11-2024T02:52:45 - [TEST_STEP][PASSED] - iii = dZO.indexOf("/"): null

18-11-2024T02:52:45 - [TEST_STEP][PASSED] - println(iii): null

18-11-2024T02:52:45 - [TEST_STEP][PASSED] - dZO = dZO.substring(0, iii): null

18-11-2024T02:52:45 - [TEST_STEP][PASSED] - println(dZO): null

18-11-2024T02:52:45 - [TEST_STEP][PASSED] - println(PercPlanR): null

18-11-2024T02:52:45 - [TEST_STEP][PASSED] - println(PercPlanB): null

18-11-2024T02:52:45 - [TEST_STEP][PASSED] - println(PercFactR): null

18-11-2024T02:52:45 - [TEST_STEP][PASSED] - println(PercFactB): null

18-11-2024T02:52:45 - [TEST_STEP][PASSED] - println(tabR): null

18-11-2024T02:52:45 - [TEST_STEP][PASSED] - println(tabB): null

18-11-2024T02:52:45 - [TEST_STEP][PASSED] - println(o1R): null

18-11-2024T02:52:45 - [TEST_STEP][PASSED] - println(o1B): null

18-11-2024T02:52:45 - [TEST_STEP][PASSED] - PR = <not implemented yet for class: org.codehaus.groovy.ast.expr.EmptyExpression>: null

18-11-2024T02:52:45 - [TEST_STEP][PASSED] - FR = <not implemented yet for class: org.codehaus.groovy.ast.expr.EmptyExpression>: null

18-11-2024T02:52:45 - [TEST_STEP][PASSED] - PB = <not implemented yet for class: org.codehaus.groovy.ast.expr.EmptyExpression>: null

18-11-2024T02:52:45 - [TEST_STEP][PASSED] - FB = <not implemented yet for class: org.codehaus.groovy.ast.expr.EmptyExpression>: null

18-11-2024T02:52:45 - [TEST_STEP][PASSED] - TR = <not implemented yet for class: org.codehaus.groovy.ast.expr.EmptyExpression>: null

18-11-2024T02:52:45 - [TEST_STEP][PASSED] - TB = <not implemented yet for class: org.codehaus.groovy.ast.expr.EmptyExpression>: null

18-11-2024T02:52:45 - [TEST_STEP][PASSED] - sheetName = "Sheet1": null

18-11-2024T02:52:45 - [TEST_STEP][PASSED] - data = findTestData("PlanFact"): null

18-11-2024T02:52:45 - [TEST_STEP][PASSED] - n = data.getRowNumbers() + 1: null

18-11-2024T02:52:45 - [TEST_STEP][PASSED] - year = todaysDate.substring(todaysDate.length() - 4, todaysDate.length()): null

18-11-2024T02:52:45 - [TEST_STEP][PASSED] - y = year.toInteger(): null

18-11-2024T02:52:45 - [TEST_STEP][PASSED] - m = getText(findTestObject("Выполнение бизнес-плана/Выполнение бизнес-плана Балансы/Фильтр Дата")): Text of object 'Object Repository/Выполнение бизнес-плана/Выполнение бизнес-плана Балансы/Фильтр Дата' is: '1, 2, 3 кв. 2024 года'

18-11-2024T02:52:46 - [MESSAGE][PASSED] - Text of object 'Object Repository/Выполнение бизнес-плана/Выполнение бизнес-плана Балансы/Фильтр Дата' is: '1, 2, 3 кв. 2024 года'

18-11-2024T02:52:46 - [TEST_STEP][PASSED] - m = m.substring(0, m.indexOf("2024")): null

18-11-2024T02:52:46 - [TEST_STEP][PASSED] - m = m.trim(): null

18-11-2024T02:52:46 - [TEST_STEP][PASSED] - dashboardName = "Выполнение бизнес-плана": null

18-11-2024T02:52:46 - [TEST_STEP][PASSED] - workbook01 = getWorkbook(excelFilePath): null

18-11-2024T02:52:46 - [TEST_STEP][PASSED] - sheet01 = getExcelSheet(workbook01, sheetName): null

18-11-2024T02:52:46 - [TEST_STEP][PASSED] - setValueToCellByIndex(sheet01, n, 0, dashboardName): null

18-11-2024T02:52:46 - [TEST_STEP][PASSED] - setValueToCellByIndex(sheet01, n, 1, dZO): null

18-11-2024T02:52:46 - [TEST_STEP][PASSED] - setValueToCellByIndex(sheet01, n, 2, typeOfData): null

18-11-2024T02:52:46 - [TEST_STEP][PASSED] - setValueToCellByIndex(sheet01, n, 3, typeOfData): null

18-11-2024T02:52:46 - [TEST_STEP][PASSED] - if (typeOfData == "План"): null

18-11-2024T02:52:46 - [TEST_STEP][PASSED] - else if (typeOfData == "Факт"): null

18-11-2024T02:52:46 - [TEST_STEP][PASSED] - else if (vidget.contains("электроэнергии") == true): null

18-11-2024T02:52:46 - [TEST_STEP][PASSED] - if (tabR == null): null

18-11-2024T02:52:46 - [TEST_STEP][PASSED] - else: null

18-11-2024T02:52:46 - [TEST_STEP][PASSED] - if (tabR == "нет данных"): null

18-11-2024T02:52:46 - [TEST_STEP][PASSED] - setValueToCellByIndex(sheet01, n, 4, "нет данных"): null

18-11-2024T02:52:46 - [TEST_STEP][PASSED] - if (tabB == null): null

18-11-2024T02:52:46 - [TEST_STEP][PASSED] - else: null

18-11-2024T02:52:46 - [TEST_STEP][PASSED] - if (tabB == "нет данных"): null

18-11-2024T02:52:46 - [TEST_STEP][PASSED] - else: null

18-11-2024T02:52:46 - [TEST_STEP][PASSED] - TB = tabB.toInteger(): null

18-11-2024T02:52:46 - [TEST_STEP][PASSED] - setValueToCellByIndex(sheet01, n, 5, TB): null

18-11-2024T02:52:46 - [TEST_STEP][PASSED] - setValueToCellByIndex(sheet01, n, 6, m): null

18-11-2024T02:52:46 - [TEST_STEP][PASSED] - setValueToCellByIndex(sheet01, n, 7, y): null

18-11-2024T02:52:46 - [TEST_STEP][PASSED] - setValueToCellByIndex(sheet01, n, 8, todaysDate): null

18-11-2024T02:52:46 - [TEST_STEP][PASSED] - n = n + 1: null

18-11-2024T02:52:46 - [TEST_STEP][PASSED] - saveWorkbook(excelFilePath, workbook01): null

18-11-2024T02:52:46 - [TEST_STEP][PASSED] - typeOfData = "Факт Потери": null

18-11-2024T02:52:46 - [TEST_STEP][PASSED] - tabR = GetPFactR(x = a): null

18-11-2024T02:52:46 - [TEST_STEP][PASSED] - i1 = <not implemented yet for class: org.codehaus.groovy.ast.expr.EmptyExpression>: null

18-11-2024T02:52:46 - [TEST_STEP][PASSED] - ii = <not implemented yet for class: org.codehaus.groovy.ast.expr.EmptyExpression>: null

18-11-2024T02:52:46 - [TEST_STEP][PASSED] - for ([ii = 1, ii < 6, (ii++)]): null

18-11-2024T02:52:46 - [TEST_STEP][PASSED] - i1 = x.indexOf("/") + 1: null

18-11-2024T02:52:46 - [TEST_STEP][PASSED] - if (i1 > -1): null

18-11-2024T02:52:46 - [TEST_STEP][PASSED] - x = x.substring(i1, x.length()): null

18-11-2024T02:52:46 - [TEST_STEP][PASSED] - println(x): null

18-11-2024T02:52:46 - [TEST_STEP][PASSED] - i1 = x.indexOf("/") + 1: null

18-11-2024T02:52:46 - [TEST_STEP][PASSED] - if (i1 > -1): null

18-11-2024T02:52:46 - [TEST_STEP][PASSED] - x = x.substring(i1, x.length()): null

18-11-2024T02:52:46 - [TEST_STEP][PASSED] - println(x): null

18-11-2024T02:52:46 - [TEST_STEP][PASSED] - i1 = x.indexOf("/") + 1: null

18-11-2024T02:52:46 - [TEST_STEP][PASSED] - if (i1 > -1): null

18-11-2024T02:52:46 - [TEST_STEP][PASSED] - x = x.substring(i1, x.length()): null

18-11-2024T02:52:46 - [TEST_STEP][PASSED] - println(x): null

18-11-2024T02:52:46 - [TEST_STEP][PASSED] - i1 = x.indexOf("/") + 1: null

18-11-2024T02:52:46 - [TEST_STEP][PASSED] - if (i1 > -1): null

18-11-2024T02:52:46 - [TEST_STEP][PASSED] - x = x.substring(i1, x.length()): null

18-11-2024T02:52:46 - [TEST_STEP][PASSED] - println(x): null

18-11-2024T02:52:46 - [TEST_STEP][PASSED] - i1 = x.indexOf("/") + 1: null

18-11-2024T02:52:46 - [TEST_STEP][PASSED] - if (i1 > -1): null

18-11-2024T02:52:46 - [TEST_STEP][PASSED] - x = x.substring(i1, x.length()): null

18-11-2024T02:52:46 - [TEST_STEP][PASSED] - println(x): null

18-11-2024T02:52:46 - [TEST_STEP][PASSED] - i1 = x.indexOf("/"): null

18-11-2024T02:52:46 - [TEST_STEP][PASSED] - if (i1 > -1): null

18-11-2024T02:52:46 - [TEST_STEP][PASSED] - x = x.substring(0, i1): null

18-11-2024T02:52:46 - [TEST_STEP][PASSED] - println(x): null

18-11-2024T02:52:46 - [TEST_STEP][PASSED] - return x: null

18-11-2024T02:52:46 - [TEST_STEP][PASSED] - tabB = GetPFactB(x = b): null

18-11-2024T02:52:46 - [TEST_STEP][PASSED] - i1 = <not implemented yet for class: org.codehaus.groovy.ast.expr.EmptyExpression>: null

18-11-2024T02:52:46 - [TEST_STEP][PASSED] - ii = <not implemented yet for class: org.codehaus.groovy.ast.expr.EmptyExpression>: null

18-11-2024T02:52:46 - [TEST_STEP][PASSED] - for ([ii = 1, ii < 6, (ii++)]): null

18-11-2024T02:52:46 - [TEST_STEP][PASSED] - i1 = x.indexOf("/") + 1: null

18-11-2024T02:52:46 - [TEST_STEP][PASSED] - if (i1 > -1): null

18-11-2024T02:52:46 - [TEST_STEP][PASSED] - x = x.substring(i1, x.length()): null

18-11-2024T02:52:46 - [TEST_STEP][PASSED] - println(x): null

18-11-2024T02:52:46 - [TEST_STEP][PASSED] - i1 = x.indexOf("/") + 1: null

18-11-2024T02:52:46 - [TEST_STEP][PASSED] - if (i1 > -1): null

18-11-2024T02:52:46 - [TEST_STEP][PASSED] - x = x.substring(i1, x.length()): null

18-11-2024T02:52:46 - [TEST_STEP][PASSED] - println(x): null

18-11-2024T02:52:46 - [TEST_STEP][PASSED] - i1 = x.indexOf("/") + 1: null

18-11-2024T02:52:46 - [TEST_STEP][PASSED] - if (i1 > -1): null

18-11-2024T02:52:46 - [TEST_STEP][PASSED] - x = x.substring(i1, x.length()): null

18-11-2024T02:52:46 - [TEST_STEP][PASSED] - println(x): null

18-11-2024T02:52:46 - [TEST_STEP][PASSED] - i1 = x.indexOf("/") + 1: null

18-11-2024T02:52:46 - [TEST_STEP][PASSED] - if (i1 > -1): null

18-11-2024T02:52:46 - [TEST_STEP][PASSED] - x = x.substring(i1, x.length()): null

18-11-2024T02:52:46 - [TEST_STEP][PASSED] - println(x): null

18-11-2024T02:52:46 - [TEST_STEP][PASSED] - i1 = x.indexOf("/") + 1: null

18-11-2024T02:52:46 - [TEST_STEP][PASSED] - if (i1 > -1): null

18-11-2024T02:52:46 - [TEST_STEP][PASSED] - x = x.substring(i1, x.length()): null

18-11-2024T02:52:46 - [TEST_STEP][PASSED] - println(x): null

18-11-2024T02:52:46 - [TEST_STEP][PASSED] - i1 = x.indexOf("/"): null

18-11-2024T02:52:46 - [TEST_STEP][PASSED] - if (i1 > -1): null

18-11-2024T02:52:46 - [TEST_STEP][PASSED] - x = x.substring(0, i1): null

18-11-2024T02:52:46 - [TEST_STEP][PASSED] - println(x): null

18-11-2024T02:52:46 - [TEST_STEP][FAILED] - return x: null

18-11-2024T02:52:46 - [TEST_STEP][PASSED] - println(tabR + "/" + tabB): null

18-11-2024T02:52:46 - [TEST_STEP][FAILED] - if (verifyEqual(tabR, tabB) == false): null

18-11-2024T02:52:46 - [MESSAGE][FAILED] - Unable to verify equal between actual object 'нет данных' and expected object '306619' (Root cause: com.kms.katalon.core.exception.StepFailedException: Actual object 'нет данных' and expected object '306619' are not equal
	at com.kms.katalon.core.keyword.builtin.VerifyEqualKeyword$_verifyEqual_closure1.doCall(VerifyEqualKeyword.groovy:58)
	at com.kms.katalon.core.keyword.builtin.VerifyEqualKeyword$_verifyEqual_closure1.call(VerifyEqualKeyword.groovy)
	at com.kms.katalon.core.keyword.internal.KeywordMain.runKeyword(KeywordMain.groovy:75)
	at com.kms.katalon.core.keyword.builtin.VerifyEqualKeyword.verifyEqual(VerifyEqualKeyword.groovy:63)
	at com.kms.katalon.core.keyword.builtin.VerifyEqualKeyword.execute(VerifyEqualKeyword.groovy:44)
	at com.kms.katalon.core.keyword.internal.KeywordExecutor.executeKeywordForPlatform(KeywordExecutor.groovy:74)
	at com.kms.katalon.core.keyword.BuiltinKeywords.verifyEqual(BuiltinKeywords.groovy:146)
	at jdk.internal.reflect.GeneratedMethodAccessor25.invoke(Unknown Source)
	at java.base/jdk.internal.reflect.DelegatingMethodAccessorImpl.invoke(DelegatingMethodAccessorImpl.java:43)
	at Выполнение бизнес-плана сверка дашбордов.CompareDZOData(Выполнение бизнес-плана сверка дашбордов:730)
	at Выполнение бизнес-плана сверка дашбордов.run(Выполнение бизнес-плана сверка дашбордов:633)
	at com.kms.katalon.core.main.ScriptEngine.run(ScriptEngine.java:194)
	at com.kms.katalon.core.main.ScriptEngine.runScriptAsRawText(ScriptEngine.java:119)
	at com.kms.katalon.core.main.TestCaseExecutor.runScript(TestCaseExecutor.java:448)
	at com.kms.katalon.core.main.TestCaseExecutor.doExecute(TestCaseExecutor.java:439)
	at com.kms.katalon.core.main.TestCaseExecutor.processExecutionPhase(TestCaseExecutor.java:418)
	at com.kms.katalon.core.main.TestCaseExecutor.accessMainPhase(TestCaseExecutor.java:410)
	at com.kms.katalon.core.main.TestCaseExecutor.execute(TestCaseExecutor.java:285)
	at com.kms.katalon.core.common.CommonExecutor.accessTestCaseMainPhase(CommonExecutor.java:65)
	at com.kms.katalon.core.main.TestSuiteExecutor.accessTestSuiteMainPhase(TestSuiteExecutor.java:150)
	at com.kms.katalon.core.main.TestSuiteExecutor.execute(TestSuiteExecutor.java:106)
	at com.kms.katalon.core.main.TestCaseMain.startTestSuite(TestCaseMain.java:180)
	at TempTestSuite1731886967590.run(TempTestSuite1731886967590.groovy:35)
	at java.base/jdk.internal.reflect.NativeMethodAccessorImpl.invoke0(Native Method)
	at java.base/jdk.internal.reflect.NativeMethodAccessorImpl.invoke(NativeMethodAccessorImpl.java:77)
	at java.base/jdk.internal.reflect.DelegatingMethodAccessorImpl.invoke(DelegatingMethodAccessorImpl.java:43)
)

18-11-2024T02:52:46 - [TEST_STEP][PASSED] - result = WriteToExcel(typeOfData, todaysDate, PercPlanR, PercPlanB, PercFactR, PercFactB, x, tabR, tabB, o1R, o1B, vidget): null

18-11-2024T02:52:46 - [TEST_STEP][PASSED] - iii = dZO.indexOf("/"): null

18-11-2024T02:52:46 - [TEST_STEP][PASSED] - println(iii): null

18-11-2024T02:52:46 - [TEST_STEP][PASSED] - dZO = dZO.substring(0, iii): null

18-11-2024T02:52:46 - [TEST_STEP][PASSED] - println(dZO): null

18-11-2024T02:52:46 - [TEST_STEP][PASSED] - println(PercPlanR): null

18-11-2024T02:52:46 - [TEST_STEP][PASSED] - println(PercPlanB): null

18-11-2024T02:52:46 - [TEST_STEP][PASSED] - println(PercFactR): null

18-11-2024T02:52:46 - [TEST_STEP][PASSED] - println(PercFactB): null

18-11-2024T02:52:46 - [TEST_STEP][PASSED] - println(tabR): null

18-11-2024T02:52:46 - [TEST_STEP][PASSED] - println(tabB): null

18-11-2024T02:52:46 - [TEST_STEP][PASSED] - println(o1R): null

18-11-2024T02:52:46 - [TEST_STEP][PASSED] - println(o1B): null

18-11-2024T02:52:46 - [TEST_STEP][PASSED] - PR = <not implemented yet for class: org.codehaus.groovy.ast.expr.EmptyExpression>: null

18-11-2024T02:52:46 - [TEST_STEP][PASSED] - FR = <not implemented yet for class: org.codehaus.groovy.ast.expr.EmptyExpression>: null

18-11-2024T02:52:46 - [TEST_STEP][PASSED] - PB = <not implemented yet for class: org.codehaus.groovy.ast.expr.EmptyExpression>: null

18-11-2024T02:52:46 - [TEST_STEP][PASSED] - FB = <not implemented yet for class: org.codehaus.groovy.ast.expr.EmptyExpression>: null

18-11-2024T02:52:46 - [TEST_STEP][PASSED] - TR = <not implemented yet for class: org.codehaus.groovy.ast.expr.EmptyExpression>: null

18-11-2024T02:52:46 - [TEST_STEP][PASSED] - TB = <not implemented yet for class: org.codehaus.groovy.ast.expr.EmptyExpression>: null

18-11-2024T02:52:46 - [TEST_STEP][PASSED] - sheetName = "Sheet1": null

18-11-2024T02:52:46 - [TEST_STEP][PASSED] - data = findTestData("PlanFact"): null

18-11-2024T02:52:46 - [TEST_STEP][PASSED] - n = data.getRowNumbers() + 1: null

18-11-2024T02:52:46 - [TEST_STEP][PASSED] - year = todaysDate.substring(todaysDate.length() - 4, todaysDate.length()): null

18-11-2024T02:52:46 - [TEST_STEP][PASSED] - y = year.toInteger(): null

18-11-2024T02:52:46 - [TEST_STEP][PASSED] - m = getText(findTestObject("Выполнение бизнес-плана/Выполнение бизнес-плана Балансы/Фильтр Дата")): Text of object 'Object Repository/Выполнение бизнес-плана/Выполнение бизнес-плана Балансы/Фильтр Дата' is: '1, 2, 3 кв. 2024 года'

18-11-2024T02:52:46 - [MESSAGE][PASSED] - Text of object 'Object Repository/Выполнение бизнес-плана/Выполнение бизнес-плана Балансы/Фильтр Дата' is: '1, 2, 3 кв. 2024 года'

18-11-2024T02:52:46 - [TEST_STEP][PASSED] - m = m.substring(0, m.indexOf("2024")): null

18-11-2024T02:52:46 - [TEST_STEP][PASSED] - m = m.trim(): null

18-11-2024T02:52:46 - [TEST_STEP][PASSED] - dashboardName = "Выполнение бизнес-плана": null

18-11-2024T02:52:46 - [TEST_STEP][PASSED] - workbook01 = getWorkbook(excelFilePath): null

18-11-2024T02:52:46 - [TEST_STEP][PASSED] - sheet01 = getExcelSheet(workbook01, sheetName): null

18-11-2024T02:52:46 - [TEST_STEP][PASSED] - setValueToCellByIndex(sheet01, n, 0, dashboardName): null

18-11-2024T02:52:46 - [TEST_STEP][PASSED] - setValueToCellByIndex(sheet01, n, 1, dZO): null

18-11-2024T02:52:46 - [TEST_STEP][PASSED] - setValueToCellByIndex(sheet01, n, 2, typeOfData): null

18-11-2024T02:52:46 - [TEST_STEP][PASSED] - setValueToCellByIndex(sheet01, n, 3, typeOfData): null

18-11-2024T02:52:46 - [TEST_STEP][PASSED] - if (typeOfData == "План"): null

18-11-2024T02:52:46 - [TEST_STEP][PASSED] - else if (typeOfData == "Факт"): null

18-11-2024T02:52:46 - [TEST_STEP][PASSED] - else if (vidget.contains("электроэнергии") == true): null

18-11-2024T02:52:46 - [TEST_STEP][PASSED] - if (tabR == null): null

18-11-2024T02:52:46 - [TEST_STEP][PASSED] - else: null

18-11-2024T02:52:46 - [TEST_STEP][PASSED] - if (tabR == "нет данных"): null

18-11-2024T02:52:46 - [TEST_STEP][PASSED] - setValueToCellByIndex(sheet01, n, 4, "нет данных"): null

18-11-2024T02:52:46 - [TEST_STEP][PASSED] - if (tabB == null): null

18-11-2024T02:52:46 - [TEST_STEP][PASSED] - else: null

18-11-2024T02:52:46 - [TEST_STEP][PASSED] - if (tabB == "нет данных"): null

18-11-2024T02:52:46 - [TEST_STEP][PASSED] - else: null

18-11-2024T02:52:46 - [TEST_STEP][PASSED] - TB = tabB.toInteger(): null

18-11-2024T02:52:46 - [TEST_STEP][PASSED] - setValueToCellByIndex(sheet01, n, 5, TB): null

18-11-2024T02:52:46 - [TEST_STEP][PASSED] - setValueToCellByIndex(sheet01, n, 6, m): null

18-11-2024T02:52:46 - [TEST_STEP][PASSED] - setValueToCellByIndex(sheet01, n, 7, y): null

18-11-2024T02:52:46 - [TEST_STEP][PASSED] - setValueToCellByIndex(sheet01, n, 8, todaysDate): null

18-11-2024T02:52:46 - [TEST_STEP][PASSED] - n = n + 1: null

18-11-2024T02:52:46 - [TEST_STEP][PASSED] - saveWorkbook(excelFilePath, workbook01): null

18-11-2024T02:52:47 - [TEST_STEP][PASSED] - vidget = "Показатели баланса электроэнергии по ДЗО – План": null

18-11-2024T02:52:47 - [TEST_STEP][PASSED] - typeOfData = "План Отпуск в сеть": null

18-11-2024T02:52:47 - [TEST_STEP][PASSED] - tabR = GetOvSPlanR(x = a): null

18-11-2024T02:52:47 - [TEST_STEP][PASSED] - i1 = <not implemented yet for class: org.codehaus.groovy.ast.expr.EmptyExpression>: null

18-11-2024T02:52:47 - [TEST_STEP][PASSED] - ii = <not implemented yet for class: org.codehaus.groovy.ast.expr.EmptyExpression>: null

18-11-2024T02:52:47 - [TEST_STEP][PASSED] - for ([ii = 1, ii < 7, (ii++)]): null

18-11-2024T02:52:47 - [TEST_STEP][PASSED] - i1 = x.indexOf("/") + 1: null

18-11-2024T02:52:47 - [TEST_STEP][PASSED] - if (i1 > -1): null

18-11-2024T02:52:47 - [TEST_STEP][PASSED] - x = x.substring(i1, x.length()): null

18-11-2024T02:52:47 - [TEST_STEP][PASSED] - println(x): null

18-11-2024T02:52:47 - [TEST_STEP][PASSED] - i1 = x.indexOf("/") + 1: null

18-11-2024T02:52:47 - [TEST_STEP][PASSED] - if (i1 > -1): null

18-11-2024T02:52:47 - [TEST_STEP][PASSED] - x = x.substring(i1, x.length()): null

18-11-2024T02:52:47 - [TEST_STEP][PASSED] - println(x): null

18-11-2024T02:52:47 - [TEST_STEP][PASSED] - i1 = x.indexOf("/") + 1: null

18-11-2024T02:52:47 - [TEST_STEP][PASSED] - if (i1 > -1): null

18-11-2024T02:52:47 - [TEST_STEP][PASSED] - x = x.substring(i1, x.length()): null

18-11-2024T02:52:47 - [TEST_STEP][PASSED] - println(x): null

18-11-2024T02:52:47 - [TEST_STEP][PASSED] - i1 = x.indexOf("/") + 1: null

18-11-2024T02:52:47 - [TEST_STEP][PASSED] - if (i1 > -1): null

18-11-2024T02:52:47 - [TEST_STEP][PASSED] - x = x.substring(i1, x.length()): null

18-11-2024T02:52:47 - [TEST_STEP][PASSED] - println(x): null

18-11-2024T02:52:47 - [TEST_STEP][PASSED] - i1 = x.indexOf("/") + 1: null

18-11-2024T02:52:47 - [TEST_STEP][PASSED] - if (i1 > -1): null

18-11-2024T02:52:47 - [TEST_STEP][PASSED] - x = x.substring(i1, x.length()): null

18-11-2024T02:52:47 - [TEST_STEP][PASSED] - println(x): null

18-11-2024T02:52:47 - [TEST_STEP][PASSED] - i1 = x.indexOf("/") + 1: null

18-11-2024T02:52:47 - [TEST_STEP][PASSED] - if (i1 > -1): null

18-11-2024T02:52:47 - [TEST_STEP][PASSED] - x = x.substring(i1, x.length()): null

18-11-2024T02:52:47 - [TEST_STEP][PASSED] - println(x): null

18-11-2024T02:52:47 - [TEST_STEP][PASSED] - i1 = x.indexOf("/"): null

18-11-2024T02:52:47 - [TEST_STEP][PASSED] - if (i1 > -1): null

18-11-2024T02:52:47 - [TEST_STEP][PASSED] - x = x.substring(0, i1): null

18-11-2024T02:52:47 - [TEST_STEP][PASSED] - println(x): null

18-11-2024T02:52:47 - [TEST_STEP][PASSED] - return x: null

18-11-2024T02:52:47 - [TEST_STEP][PASSED] - tabB = GetOvSPlanB(x = b): null

18-11-2024T02:52:47 - [TEST_STEP][PASSED] - i1 = <not implemented yet for class: org.codehaus.groovy.ast.expr.EmptyExpression>: null

18-11-2024T02:52:47 - [TEST_STEP][PASSED] - ii = <not implemented yet for class: org.codehaus.groovy.ast.expr.EmptyExpression>: null

18-11-2024T02:52:47 - [TEST_STEP][PASSED] - for ([ii = 1, ii < 7, (ii++)]): null

18-11-2024T02:52:47 - [TEST_STEP][PASSED] - i1 = x.indexOf("/") + 1: null

18-11-2024T02:52:47 - [TEST_STEP][PASSED] - if (i1 > -1): null

18-11-2024T02:52:47 - [TEST_STEP][PASSED] - x = x.substring(i1, x.length()): null

18-11-2024T02:52:47 - [TEST_STEP][PASSED] - println(x): null

18-11-2024T02:52:47 - [TEST_STEP][PASSED] - i1 = x.indexOf("/") + 1: null

18-11-2024T02:52:47 - [TEST_STEP][PASSED] - if (i1 > -1): null

18-11-2024T02:52:47 - [TEST_STEP][PASSED] - x = x.substring(i1, x.length()): null

18-11-2024T02:52:47 - [TEST_STEP][PASSED] - println(x): null

18-11-2024T02:52:47 - [TEST_STEP][PASSED] - i1 = x.indexOf("/") + 1: null

18-11-2024T02:52:47 - [TEST_STEP][PASSED] - if (i1 > -1): null

18-11-2024T02:52:47 - [TEST_STEP][PASSED] - x = x.substring(i1, x.length()): null

18-11-2024T02:52:47 - [TEST_STEP][PASSED] - println(x): null

18-11-2024T02:52:47 - [TEST_STEP][PASSED] - i1 = x.indexOf("/") + 1: null

18-11-2024T02:52:47 - [TEST_STEP][PASSED] - if (i1 > -1): null

18-11-2024T02:52:47 - [TEST_STEP][PASSED] - x = x.substring(i1, x.length()): null

18-11-2024T02:52:47 - [TEST_STEP][PASSED] - println(x): null

18-11-2024T02:52:47 - [TEST_STEP][PASSED] - i1 = x.indexOf("/") + 1: null

18-11-2024T02:52:47 - [TEST_STEP][PASSED] - if (i1 > -1): null

18-11-2024T02:52:47 - [TEST_STEP][PASSED] - x = x.substring(i1, x.length()): null

18-11-2024T02:52:47 - [TEST_STEP][PASSED] - println(x): null

18-11-2024T02:52:47 - [TEST_STEP][PASSED] - i1 = x.indexOf("/") + 1: null

18-11-2024T02:52:47 - [TEST_STEP][PASSED] - if (i1 > -1): null

18-11-2024T02:52:47 - [TEST_STEP][PASSED] - x = x.substring(i1, x.length()): null

18-11-2024T02:52:47 - [TEST_STEP][PASSED] - println(x): null

18-11-2024T02:52:47 - [TEST_STEP][PASSED] - i1 = x.indexOf("/"): null

18-11-2024T02:52:47 - [TEST_STEP][PASSED] - if (i1 > -1): null

18-11-2024T02:52:47 - [TEST_STEP][PASSED] - x = x.substring(0, i1): null

18-11-2024T02:52:47 - [TEST_STEP][PASSED] - println(x): null

18-11-2024T02:52:47 - [TEST_STEP][FAILED] - return x: null

18-11-2024T02:52:47 - [TEST_STEP][PASSED] - println(tabR + "/" + tabB): null

18-11-2024T02:52:47 - [TEST_STEP][FAILED] - if (verifyEqual(PercFactR, PercFactB) == false): null

18-11-2024T02:52:47 - [MESSAGE][FAILED] - Unable to verify equal between actual object 'нет данных' and expected object '8.06' (Root cause: com.kms.katalon.core.exception.StepFailedException: Actual object 'нет данных' and expected object '8.06' are not equal
	at com.kms.katalon.core.keyword.builtin.VerifyEqualKeyword$_verifyEqual_closure1.doCall(VerifyEqualKeyword.groovy:58)
	at com.kms.katalon.core.keyword.builtin.VerifyEqualKeyword$_verifyEqual_closure1.call(VerifyEqualKeyword.groovy)
	at com.kms.katalon.core.keyword.internal.KeywordMain.runKeyword(KeywordMain.groovy:75)
	at com.kms.katalon.core.keyword.builtin.VerifyEqualKeyword.verifyEqual(VerifyEqualKeyword.groovy:63)
	at com.kms.katalon.core.keyword.builtin.VerifyEqualKeyword.execute(VerifyEqualKeyword.groovy:44)
	at com.kms.katalon.core.keyword.internal.KeywordExecutor.executeKeywordForPlatform(KeywordExecutor.groovy:74)
	at com.kms.katalon.core.keyword.BuiltinKeywords.verifyEqual(BuiltinKeywords.groovy:146)
	at jdk.internal.reflect.GeneratedMethodAccessor25.invoke(Unknown Source)
	at java.base/jdk.internal.reflect.DelegatingMethodAccessorImpl.invoke(DelegatingMethodAccessorImpl.java:43)
	at Выполнение бизнес-плана сверка дашбордов.CompareDZOData(Выполнение бизнес-плана сверка дашбордов:745)
	at Выполнение бизнес-плана сверка дашбордов.run(Выполнение бизнес-плана сверка дашбордов:633)
	at com.kms.katalon.core.main.ScriptEngine.run(ScriptEngine.java:194)
	at com.kms.katalon.core.main.ScriptEngine.runScriptAsRawText(ScriptEngine.java:119)
	at com.kms.katalon.core.main.TestCaseExecutor.runScript(TestCaseExecutor.java:448)
	at com.kms.katalon.core.main.TestCaseExecutor.doExecute(TestCaseExecutor.java:439)
	at com.kms.katalon.core.main.TestCaseExecutor.processExecutionPhase(TestCaseExecutor.java:418)
	at com.kms.katalon.core.main.TestCaseExecutor.accessMainPhase(TestCaseExecutor.java:410)
	at com.kms.katalon.core.main.TestCaseExecutor.execute(TestCaseExecutor.java:285)
	at com.kms.katalon.core.common.CommonExecutor.accessTestCaseMainPhase(CommonExecutor.java:65)
	at com.kms.katalon.core.main.TestSuiteExecutor.accessTestSuiteMainPhase(TestSuiteExecutor.java:150)
	at com.kms.katalon.core.main.TestSuiteExecutor.execute(TestSuiteExecutor.java:106)
	at com.kms.katalon.core.main.TestCaseMain.startTestSuite(TestCaseMain.java:180)
	at TempTestSuite1731886967590.run(TempTestSuite1731886967590.groovy:35)
	at java.base/jdk.internal.reflect.NativeMethodAccessorImpl.invoke0(Native Method)
	at java.base/jdk.internal.reflect.NativeMethodAccessorImpl.invoke(NativeMethodAccessorImpl.java:77)
	at java.base/jdk.internal.reflect.DelegatingMethodAccessorImpl.invoke(DelegatingMethodAccessorImpl.java:43)
)

18-11-2024T02:52:47 - [TEST_STEP][PASSED] - result = WriteToExcel(typeOfData, todaysDate, PercPlanR, PercPlanB, PercFactR, PercFactB, x, tabR, tabB, o1R, o1B, vidget): null

18-11-2024T02:52:47 - [TEST_STEP][PASSED] - iii = dZO.indexOf("/"): null

18-11-2024T02:52:47 - [TEST_STEP][PASSED] - println(iii): null

18-11-2024T02:52:47 - [TEST_STEP][PASSED] - dZO = dZO.substring(0, iii): null

18-11-2024T02:52:47 - [TEST_STEP][PASSED] - println(dZO): null

18-11-2024T02:52:47 - [TEST_STEP][PASSED] - println(PercPlanR): null

18-11-2024T02:52:47 - [TEST_STEP][PASSED] - println(PercPlanB): null

18-11-2024T02:52:47 - [TEST_STEP][PASSED] - println(PercFactR): null

18-11-2024T02:52:47 - [TEST_STEP][PASSED] - println(PercFactB): null

18-11-2024T02:52:47 - [TEST_STEP][PASSED] - println(tabR): null

18-11-2024T02:52:47 - [TEST_STEP][PASSED] - println(tabB): null

18-11-2024T02:52:47 - [TEST_STEP][PASSED] - println(o1R): null

18-11-2024T02:52:47 - [TEST_STEP][PASSED] - println(o1B): null

18-11-2024T02:52:47 - [TEST_STEP][PASSED] - PR = <not implemented yet for class: org.codehaus.groovy.ast.expr.EmptyExpression>: null

18-11-2024T02:52:47 - [TEST_STEP][PASSED] - FR = <not implemented yet for class: org.codehaus.groovy.ast.expr.EmptyExpression>: null

18-11-2024T02:52:47 - [TEST_STEP][PASSED] - PB = <not implemented yet for class: org.codehaus.groovy.ast.expr.EmptyExpression>: null

18-11-2024T02:52:47 - [TEST_STEP][PASSED] - FB = <not implemented yet for class: org.codehaus.groovy.ast.expr.EmptyExpression>: null

18-11-2024T02:52:47 - [TEST_STEP][PASSED] - TR = <not implemented yet for class: org.codehaus.groovy.ast.expr.EmptyExpression>: null

18-11-2024T02:52:47 - [TEST_STEP][PASSED] - TB = <not implemented yet for class: org.codehaus.groovy.ast.expr.EmptyExpression>: null

18-11-2024T02:52:47 - [TEST_STEP][PASSED] - sheetName = "Sheet1": null

18-11-2024T02:52:47 - [TEST_STEP][PASSED] - data = findTestData("PlanFact"): null

18-11-2024T02:52:47 - [TEST_STEP][PASSED] - n = data.getRowNumbers() + 1: null

18-11-2024T02:52:47 - [TEST_STEP][PASSED] - year = todaysDate.substring(todaysDate.length() - 4, todaysDate.length()): null

18-11-2024T02:52:47 - [TEST_STEP][PASSED] - y = year.toInteger(): null

18-11-2024T02:52:47 - [TEST_STEP][PASSED] - m = getText(findTestObject("Выполнение бизнес-плана/Выполнение бизнес-плана Балансы/Фильтр Дата")): Text of object 'Object Repository/Выполнение бизнес-плана/Выполнение бизнес-плана Балансы/Фильтр Дата' is: '1, 2, 3 кв. 2024 года'

18-11-2024T02:52:47 - [MESSAGE][PASSED] - Text of object 'Object Repository/Выполнение бизнес-плана/Выполнение бизнес-плана Балансы/Фильтр Дата' is: '1, 2, 3 кв. 2024 года'

18-11-2024T02:52:47 - [TEST_STEP][PASSED] - m = m.substring(0, m.indexOf("2024")): null

18-11-2024T02:52:47 - [TEST_STEP][PASSED] - m = m.trim(): null

18-11-2024T02:52:47 - [TEST_STEP][PASSED] - dashboardName = "Выполнение бизнес-плана": null

18-11-2024T02:52:47 - [TEST_STEP][PASSED] - workbook01 = getWorkbook(excelFilePath): null

18-11-2024T02:52:47 - [TEST_STEP][PASSED] - sheet01 = getExcelSheet(workbook01, sheetName): null

18-11-2024T02:52:47 - [TEST_STEP][PASSED] - setValueToCellByIndex(sheet01, n, 0, dashboardName): null

18-11-2024T02:52:47 - [TEST_STEP][PASSED] - setValueToCellByIndex(sheet01, n, 1, dZO): null

18-11-2024T02:52:47 - [TEST_STEP][PASSED] - setValueToCellByIndex(sheet01, n, 2, typeOfData): null

18-11-2024T02:52:47 - [TEST_STEP][PASSED] - setValueToCellByIndex(sheet01, n, 3, typeOfData): null

18-11-2024T02:52:47 - [TEST_STEP][PASSED] - if (typeOfData == "План"): null

18-11-2024T02:52:47 - [TEST_STEP][PASSED] - else if (typeOfData == "Факт"): null

18-11-2024T02:52:47 - [TEST_STEP][PASSED] - else if (vidget.contains("электроэнергии") == true): null

18-11-2024T02:52:47 - [TEST_STEP][PASSED] - if (tabR == null): null

18-11-2024T02:52:47 - [TEST_STEP][PASSED] - else: null

18-11-2024T02:52:47 - [TEST_STEP][PASSED] - if (tabR == "нет данных"): null

18-11-2024T02:52:47 - [TEST_STEP][PASSED] - setValueToCellByIndex(sheet01, n, 4, "нет данных"): null

18-11-2024T02:52:47 - [TEST_STEP][PASSED] - if (tabB == null): null

18-11-2024T02:52:47 - [TEST_STEP][PASSED] - else: null

18-11-2024T02:52:47 - [TEST_STEP][PASSED] - if (tabB == "нет данных"): null

18-11-2024T02:52:47 - [TEST_STEP][PASSED] - else: null

18-11-2024T02:52:47 - [TEST_STEP][PASSED] - TB = tabB.toInteger(): null

18-11-2024T02:52:47 - [TEST_STEP][PASSED] - setValueToCellByIndex(sheet01, n, 5, TB): null

18-11-2024T02:52:47 - [TEST_STEP][PASSED] - setValueToCellByIndex(sheet01, n, 6, m): null

18-11-2024T02:52:47 - [TEST_STEP][PASSED] - setValueToCellByIndex(sheet01, n, 7, y): null

18-11-2024T02:52:47 - [TEST_STEP][PASSED] - setValueToCellByIndex(sheet01, n, 8, todaysDate): null

18-11-2024T02:52:47 - [TEST_STEP][PASSED] - n = n + 1: null

18-11-2024T02:52:47 - [TEST_STEP][PASSED] - saveWorkbook(excelFilePath, workbook01): null

18-11-2024T02:52:47 - [TEST_STEP][PASSED] - typeOfData = "План Отпуск из сети": null

18-11-2024T02:52:47 - [TEST_STEP][PASSED] - tabR = GetOiSPlanR(x = a): null

18-11-2024T02:52:47 - [TEST_STEP][PASSED] - i1 = <not implemented yet for class: org.codehaus.groovy.ast.expr.EmptyExpression>: null

18-11-2024T02:52:47 - [TEST_STEP][PASSED] - ii = <not implemented yet for class: org.codehaus.groovy.ast.expr.EmptyExpression>: null

18-11-2024T02:52:47 - [TEST_STEP][PASSED] - for ([ii = 1, ii < 8, (ii++)]): null

18-11-2024T02:52:47 - [TEST_STEP][PASSED] - i1 = x.indexOf("/") + 1: null

18-11-2024T02:52:47 - [TEST_STEP][PASSED] - if (i1 > -1): null

18-11-2024T02:52:47 - [TEST_STEP][PASSED] - x = x.substring(i1, x.length()): null

18-11-2024T02:52:47 - [TEST_STEP][PASSED] - println(x): null

18-11-2024T02:52:47 - [TEST_STEP][PASSED] - i1 = x.indexOf("/") + 1: null

18-11-2024T02:52:47 - [TEST_STEP][PASSED] - if (i1 > -1): null

18-11-2024T02:52:47 - [TEST_STEP][PASSED] - x = x.substring(i1, x.length()): null

18-11-2024T02:52:47 - [TEST_STEP][PASSED] - println(x): null

18-11-2024T02:52:47 - [TEST_STEP][PASSED] - i1 = x.indexOf("/") + 1: null

18-11-2024T02:52:47 - [TEST_STEP][PASSED] - if (i1 > -1): null

18-11-2024T02:52:47 - [TEST_STEP][PASSED] - x = x.substring(i1, x.length()): null

18-11-2024T02:52:47 - [TEST_STEP][PASSED] - println(x): null

18-11-2024T02:52:47 - [TEST_STEP][PASSED] - i1 = x.indexOf("/") + 1: null

18-11-2024T02:52:47 - [TEST_STEP][PASSED] - if (i1 > -1): null

18-11-2024T02:52:47 - [TEST_STEP][PASSED] - x = x.substring(i1, x.length()): null

18-11-2024T02:52:47 - [TEST_STEP][PASSED] - println(x): null

18-11-2024T02:52:47 - [TEST_STEP][PASSED] - i1 = x.indexOf("/") + 1: null

18-11-2024T02:52:47 - [TEST_STEP][PASSED] - if (i1 > -1): null

18-11-2024T02:52:47 - [TEST_STEP][PASSED] - x = x.substring(i1, x.length()): null

18-11-2024T02:52:47 - [TEST_STEP][PASSED] - println(x): null

18-11-2024T02:52:47 - [TEST_STEP][PASSED] - i1 = x.indexOf("/") + 1: null

18-11-2024T02:52:47 - [TEST_STEP][PASSED] - if (i1 > -1): null

18-11-2024T02:52:47 - [TEST_STEP][PASSED] - x = x.substring(i1, x.length()): null

18-11-2024T02:52:47 - [TEST_STEP][PASSED] - println(x): null

18-11-2024T02:52:47 - [TEST_STEP][PASSED] - i1 = x.indexOf("/") + 1: null

18-11-2024T02:52:47 - [TEST_STEP][PASSED] - if (i1 > -1): null

18-11-2024T02:52:47 - [TEST_STEP][PASSED] - x = x.substring(i1, x.length()): null

18-11-2024T02:52:47 - [TEST_STEP][PASSED] - println(x): null

18-11-2024T02:52:47 - [TEST_STEP][PASSED] - i1 = x.indexOf("/"): null

18-11-2024T02:52:47 - [TEST_STEP][PASSED] - if (i1 > -1): null

18-11-2024T02:52:47 - [TEST_STEP][PASSED] - x = x.substring(0, i1): null

18-11-2024T02:52:47 - [TEST_STEP][PASSED] - println(x): null

18-11-2024T02:52:47 - [TEST_STEP][PASSED] - return x: null

18-11-2024T02:52:47 - [TEST_STEP][PASSED] - tabB = GetOiSPlanB(x = b): null

18-11-2024T02:52:47 - [TEST_STEP][PASSED] - i1 = <not implemented yet for class: org.codehaus.groovy.ast.expr.EmptyExpression>: null

18-11-2024T02:52:47 - [TEST_STEP][PASSED] - ii = <not implemented yet for class: org.codehaus.groovy.ast.expr.EmptyExpression>: null

18-11-2024T02:52:47 - [TEST_STEP][PASSED] - for ([ii = 1, ii < 8, (ii++)]): null

18-11-2024T02:52:47 - [TEST_STEP][PASSED] - i1 = x.indexOf("/") + 1: null

18-11-2024T02:52:47 - [TEST_STEP][PASSED] - if (i1 > -1): null

18-11-2024T02:52:47 - [TEST_STEP][PASSED] - x = x.substring(i1, x.length()): null

18-11-2024T02:52:47 - [TEST_STEP][PASSED] - println(x): null

18-11-2024T02:52:47 - [TEST_STEP][PASSED] - i1 = x.indexOf("/") + 1: null

18-11-2024T02:52:47 - [TEST_STEP][PASSED] - if (i1 > -1): null

18-11-2024T02:52:47 - [TEST_STEP][PASSED] - x = x.substring(i1, x.length()): null

18-11-2024T02:52:47 - [TEST_STEP][PASSED] - println(x): null

18-11-2024T02:52:47 - [TEST_STEP][PASSED] - i1 = x.indexOf("/") + 1: null

18-11-2024T02:52:47 - [TEST_STEP][PASSED] - if (i1 > -1): null

18-11-2024T02:52:47 - [TEST_STEP][PASSED] - x = x.substring(i1, x.length()): null

18-11-2024T02:52:47 - [TEST_STEP][PASSED] - println(x): null

18-11-2024T02:52:47 - [TEST_STEP][PASSED] - i1 = x.indexOf("/") + 1: null

18-11-2024T02:52:47 - [TEST_STEP][PASSED] - if (i1 > -1): null

18-11-2024T02:52:47 - [TEST_STEP][PASSED] - x = x.substring(i1, x.length()): null

18-11-2024T02:52:47 - [TEST_STEP][PASSED] - println(x): null

18-11-2024T02:52:47 - [TEST_STEP][PASSED] - i1 = x.indexOf("/") + 1: null

18-11-2024T02:52:47 - [TEST_STEP][PASSED] - if (i1 > -1): null

18-11-2024T02:52:47 - [TEST_STEP][PASSED] - x = x.substring(i1, x.length()): null

18-11-2024T02:52:47 - [TEST_STEP][PASSED] - println(x): null

18-11-2024T02:52:47 - [TEST_STEP][PASSED] - i1 = x.indexOf("/") + 1: null

18-11-2024T02:52:47 - [TEST_STEP][PASSED] - if (i1 > -1): null

18-11-2024T02:52:47 - [TEST_STEP][PASSED] - x = x.substring(i1, x.length()): null

18-11-2024T02:52:47 - [TEST_STEP][PASSED] - println(x): null

18-11-2024T02:52:47 - [TEST_STEP][PASSED] - i1 = x.indexOf("/") + 1: null

18-11-2024T02:52:47 - [TEST_STEP][PASSED] - if (i1 > -1): null

18-11-2024T02:52:47 - [TEST_STEP][PASSED] - x = x.substring(i1, x.length()): null

18-11-2024T02:52:47 - [TEST_STEP][PASSED] - println(x): null

18-11-2024T02:52:47 - [TEST_STEP][PASSED] - i1 = x.indexOf("/"): null

18-11-2024T02:52:47 - [TEST_STEP][PASSED] - if (i1 > -1): null

18-11-2024T02:52:47 - [TEST_STEP][PASSED] - x = x.substring(0, i1): null

18-11-2024T02:52:47 - [TEST_STEP][PASSED] - println(x): null

18-11-2024T02:52:47 - [TEST_STEP][FAILED] - return x: null

18-11-2024T02:52:47 - [TEST_STEP][PASSED] - println(tabR + "/" + tabB): null

18-11-2024T02:52:47 - [TEST_STEP][FAILED] - if (verifyEqual(PercFactR, PercFactB) == false): null

18-11-2024T02:52:47 - [MESSAGE][FAILED] - Unable to verify equal between actual object 'нет данных' and expected object '8.06' (Root cause: com.kms.katalon.core.exception.StepFailedException: Actual object 'нет данных' and expected object '8.06' are not equal
	at com.kms.katalon.core.keyword.builtin.VerifyEqualKeyword$_verifyEqual_closure1.doCall(VerifyEqualKeyword.groovy:58)
	at com.kms.katalon.core.keyword.builtin.VerifyEqualKeyword$_verifyEqual_closure1.call(VerifyEqualKeyword.groovy)
	at com.kms.katalon.core.keyword.internal.KeywordMain.runKeyword(KeywordMain.groovy:75)
	at com.kms.katalon.core.keyword.builtin.VerifyEqualKeyword.verifyEqual(VerifyEqualKeyword.groovy:63)
	at com.kms.katalon.core.keyword.builtin.VerifyEqualKeyword.execute(VerifyEqualKeyword.groovy:44)
	at com.kms.katalon.core.keyword.internal.KeywordExecutor.executeKeywordForPlatform(KeywordExecutor.groovy:74)
	at com.kms.katalon.core.keyword.BuiltinKeywords.verifyEqual(BuiltinKeywords.groovy:146)
	at jdk.internal.reflect.GeneratedMethodAccessor25.invoke(Unknown Source)
	at java.base/jdk.internal.reflect.DelegatingMethodAccessorImpl.invoke(DelegatingMethodAccessorImpl.java:43)
	at Выполнение бизнес-плана сверка дашбордов.CompareDZOData(Выполнение бизнес-плана сверка дашбордов:758)
	at Выполнение бизнес-плана сверка дашбордов.run(Выполнение бизнес-плана сверка дашбордов:633)
	at com.kms.katalon.core.main.ScriptEngine.run(ScriptEngine.java:194)
	at com.kms.katalon.core.main.ScriptEngine.runScriptAsRawText(ScriptEngine.java:119)
	at com.kms.katalon.core.main.TestCaseExecutor.runScript(TestCaseExecutor.java:448)
	at com.kms.katalon.core.main.TestCaseExecutor.doExecute(TestCaseExecutor.java:439)
	at com.kms.katalon.core.main.TestCaseExecutor.processExecutionPhase(TestCaseExecutor.java:418)
	at com.kms.katalon.core.main.TestCaseExecutor.accessMainPhase(TestCaseExecutor.java:410)
	at com.kms.katalon.core.main.TestCaseExecutor.execute(TestCaseExecutor.java:285)
	at com.kms.katalon.core.common.CommonExecutor.accessTestCaseMainPhase(CommonExecutor.java:65)
	at com.kms.katalon.core.main.TestSuiteExecutor.accessTestSuiteMainPhase(TestSuiteExecutor.java:150)
	at com.kms.katalon.core.main.TestSuiteExecutor.execute(TestSuiteExecutor.java:106)
	at com.kms.katalon.core.main.TestCaseMain.startTestSuite(TestCaseMain.java:180)
	at TempTestSuite1731886967590.run(TempTestSuite1731886967590.groovy:35)
	at java.base/jdk.internal.reflect.NativeMethodAccessorImpl.invoke0(Native Method)
	at java.base/jdk.internal.reflect.NativeMethodAccessorImpl.invoke(NativeMethodAccessorImpl.java:77)
	at java.base/jdk.internal.reflect.DelegatingMethodAccessorImpl.invoke(DelegatingMethodAccessorImpl.java:43)
)

18-11-2024T02:52:47 - [TEST_STEP][PASSED] - result = WriteToExcel(typeOfData, todaysDate, PercPlanR, PercPlanB, PercFactR, PercFactB, x, tabR, tabB, o1R, o1B, vidget): null

18-11-2024T02:52:47 - [TEST_STEP][PASSED] - iii = dZO.indexOf("/"): null

18-11-2024T02:52:47 - [TEST_STEP][PASSED] - println(iii): null

18-11-2024T02:52:47 - [TEST_STEP][PASSED] - dZO = dZO.substring(0, iii): null

18-11-2024T02:52:47 - [TEST_STEP][PASSED] - println(dZO): null

18-11-2024T02:52:47 - [TEST_STEP][PASSED] - println(PercPlanR): null

18-11-2024T02:52:47 - [TEST_STEP][PASSED] - println(PercPlanB): null

18-11-2024T02:52:47 - [TEST_STEP][PASSED] - println(PercFactR): null

18-11-2024T02:52:47 - [TEST_STEP][PASSED] - println(PercFactB): null

18-11-2024T02:52:47 - [TEST_STEP][PASSED] - println(tabR): null

18-11-2024T02:52:47 - [TEST_STEP][PASSED] - println(tabB): null

18-11-2024T02:52:47 - [TEST_STEP][PASSED] - println(o1R): null

18-11-2024T02:52:47 - [TEST_STEP][PASSED] - println(o1B): null

18-11-2024T02:52:47 - [TEST_STEP][PASSED] - PR = <not implemented yet for class: org.codehaus.groovy.ast.expr.EmptyExpression>: null

18-11-2024T02:52:47 - [TEST_STEP][PASSED] - FR = <not implemented yet for class: org.codehaus.groovy.ast.expr.EmptyExpression>: null

18-11-2024T02:52:47 - [TEST_STEP][PASSED] - PB = <not implemented yet for class: org.codehaus.groovy.ast.expr.EmptyExpression>: null

18-11-2024T02:52:47 - [TEST_STEP][PASSED] - FB = <not implemented yet for class: org.codehaus.groovy.ast.expr.EmptyExpression>: null

18-11-2024T02:52:47 - [TEST_STEP][PASSED] - TR = <not implemented yet for class: org.codehaus.groovy.ast.expr.EmptyExpression>: null

18-11-2024T02:52:47 - [TEST_STEP][PASSED] - TB = <not implemented yet for class: org.codehaus.groovy.ast.expr.EmptyExpression>: null

18-11-2024T02:52:47 - [TEST_STEP][PASSED] - sheetName = "Sheet1": null

18-11-2024T02:52:47 - [TEST_STEP][PASSED] - data = findTestData("PlanFact"): null

18-11-2024T02:52:47 - [TEST_STEP][PASSED] - n = data.getRowNumbers() + 1: null

18-11-2024T02:52:47 - [TEST_STEP][PASSED] - year = todaysDate.substring(todaysDate.length() - 4, todaysDate.length()): null

18-11-2024T02:52:47 - [TEST_STEP][PASSED] - y = year.toInteger(): null

18-11-2024T02:52:47 - [TEST_STEP][PASSED] - m = getText(findTestObject("Выполнение бизнес-плана/Выполнение бизнес-плана Балансы/Фильтр Дата")): Text of object 'Object Repository/Выполнение бизнес-плана/Выполнение бизнес-плана Балансы/Фильтр Дата' is: '1, 2, 3 кв. 2024 года'

18-11-2024T02:52:48 - [MESSAGE][PASSED] - Text of object 'Object Repository/Выполнение бизнес-плана/Выполнение бизнес-плана Балансы/Фильтр Дата' is: '1, 2, 3 кв. 2024 года'

18-11-2024T02:52:48 - [TEST_STEP][PASSED] - m = m.substring(0, m.indexOf("2024")): null

18-11-2024T02:52:48 - [TEST_STEP][PASSED] - m = m.trim(): null

18-11-2024T02:52:48 - [TEST_STEP][PASSED] - dashboardName = "Выполнение бизнес-плана": null

18-11-2024T02:52:48 - [TEST_STEP][PASSED] - workbook01 = getWorkbook(excelFilePath): null

18-11-2024T02:52:48 - [TEST_STEP][PASSED] - sheet01 = getExcelSheet(workbook01, sheetName): null

18-11-2024T02:52:48 - [TEST_STEP][PASSED] - setValueToCellByIndex(sheet01, n, 0, dashboardName): null

18-11-2024T02:52:48 - [TEST_STEP][PASSED] - setValueToCellByIndex(sheet01, n, 1, dZO): null

18-11-2024T02:52:48 - [TEST_STEP][PASSED] - setValueToCellByIndex(sheet01, n, 2, typeOfData): null

18-11-2024T02:52:48 - [TEST_STEP][PASSED] - setValueToCellByIndex(sheet01, n, 3, typeOfData): null

18-11-2024T02:52:48 - [TEST_STEP][PASSED] - if (typeOfData == "План"): null

18-11-2024T02:52:48 - [TEST_STEP][PASSED] - else if (typeOfData == "Факт"): null

18-11-2024T02:52:48 - [TEST_STEP][PASSED] - else if (vidget.contains("электроэнергии") == true): null

18-11-2024T02:52:48 - [TEST_STEP][PASSED] - if (tabR == null): null

18-11-2024T02:52:48 - [TEST_STEP][PASSED] - else: null

18-11-2024T02:52:48 - [TEST_STEP][PASSED] - if (tabR == "нет данных"): null

18-11-2024T02:52:48 - [TEST_STEP][PASSED] - setValueToCellByIndex(sheet01, n, 4, "нет данных"): null

18-11-2024T02:52:48 - [TEST_STEP][PASSED] - if (tabB == null): null

18-11-2024T02:52:48 - [TEST_STEP][PASSED] - else: null

18-11-2024T02:52:48 - [TEST_STEP][PASSED] - if (tabB == "нет данных"): null

18-11-2024T02:52:48 - [TEST_STEP][PASSED] - else: null

18-11-2024T02:52:48 - [TEST_STEP][PASSED] - TB = tabB.toInteger(): null

18-11-2024T02:52:48 - [TEST_STEP][PASSED] - setValueToCellByIndex(sheet01, n, 5, TB): null

18-11-2024T02:52:48 - [TEST_STEP][PASSED] - setValueToCellByIndex(sheet01, n, 6, m): null

18-11-2024T02:52:48 - [TEST_STEP][PASSED] - setValueToCellByIndex(sheet01, n, 7, y): null

18-11-2024T02:52:48 - [TEST_STEP][PASSED] - setValueToCellByIndex(sheet01, n, 8, todaysDate): null

18-11-2024T02:52:48 - [TEST_STEP][PASSED] - n = n + 1: null

18-11-2024T02:52:48 - [TEST_STEP][PASSED] - saveWorkbook(excelFilePath, workbook01): null

18-11-2024T02:52:48 - [TEST_STEP][PASSED] - typeOfData = "План Потери": null

18-11-2024T02:52:48 - [TEST_STEP][PASSED] - tabR = GetPPlanR(x = a): null

18-11-2024T02:52:48 - [TEST_STEP][PASSED] - i1 = <not implemented yet for class: org.codehaus.groovy.ast.expr.EmptyExpression>: null

18-11-2024T02:52:48 - [TEST_STEP][PASSED] - ii = <not implemented yet for class: org.codehaus.groovy.ast.expr.EmptyExpression>: null

18-11-2024T02:52:48 - [TEST_STEP][PASSED] - for ([ii = 1, ii < 9, (ii++)]): null

18-11-2024T02:52:48 - [TEST_STEP][PASSED] - i1 = x.indexOf("/") + 1: null

18-11-2024T02:52:48 - [TEST_STEP][PASSED] - if (i1 > -1): null

18-11-2024T02:52:48 - [TEST_STEP][PASSED] - x = x.substring(i1, x.length()): null

18-11-2024T02:52:48 - [TEST_STEP][PASSED] - println(x): null

18-11-2024T02:52:48 - [TEST_STEP][PASSED] - i1 = x.indexOf("/") + 1: null

18-11-2024T02:52:48 - [TEST_STEP][PASSED] - if (i1 > -1): null

18-11-2024T02:52:48 - [TEST_STEP][PASSED] - x = x.substring(i1, x.length()): null

18-11-2024T02:52:48 - [TEST_STEP][PASSED] - println(x): null

18-11-2024T02:52:48 - [TEST_STEP][PASSED] - i1 = x.indexOf("/") + 1: null

18-11-2024T02:52:48 - [TEST_STEP][PASSED] - if (i1 > -1): null

18-11-2024T02:52:48 - [TEST_STEP][PASSED] - x = x.substring(i1, x.length()): null

18-11-2024T02:52:48 - [TEST_STEP][PASSED] - println(x): null

18-11-2024T02:52:48 - [TEST_STEP][PASSED] - i1 = x.indexOf("/") + 1: null

18-11-2024T02:52:48 - [TEST_STEP][PASSED] - if (i1 > -1): null

18-11-2024T02:52:48 - [TEST_STEP][PASSED] - x = x.substring(i1, x.length()): null

18-11-2024T02:52:48 - [TEST_STEP][PASSED] - println(x): null

18-11-2024T02:52:48 - [TEST_STEP][PASSED] - i1 = x.indexOf("/") + 1: null

18-11-2024T02:52:48 - [TEST_STEP][PASSED] - if (i1 > -1): null

18-11-2024T02:52:48 - [TEST_STEP][PASSED] - x = x.substring(i1, x.length()): null

18-11-2024T02:52:48 - [TEST_STEP][PASSED] - println(x): null

18-11-2024T02:52:48 - [TEST_STEP][PASSED] - i1 = x.indexOf("/") + 1: null

18-11-2024T02:52:48 - [TEST_STEP][PASSED] - if (i1 > -1): null

18-11-2024T02:52:48 - [TEST_STEP][PASSED] - x = x.substring(i1, x.length()): null

18-11-2024T02:52:48 - [TEST_STEP][PASSED] - println(x): null

18-11-2024T02:52:48 - [TEST_STEP][PASSED] - i1 = x.indexOf("/") + 1: null

18-11-2024T02:52:48 - [TEST_STEP][PASSED] - if (i1 > -1): null

18-11-2024T02:52:48 - [TEST_STEP][PASSED] - x = x.substring(i1, x.length()): null

18-11-2024T02:52:48 - [TEST_STEP][PASSED] - println(x): null

18-11-2024T02:52:48 - [TEST_STEP][PASSED] - i1 = x.indexOf("/") + 1: null

18-11-2024T02:52:48 - [TEST_STEP][PASSED] - if (i1 > -1): null

18-11-2024T02:52:48 - [TEST_STEP][PASSED] - x = x.substring(i1, x.length()): null

18-11-2024T02:52:48 - [TEST_STEP][PASSED] - println(x): null

18-11-2024T02:52:48 - [TEST_STEP][PASSED] - i1 = x.indexOf("/"): null

18-11-2024T02:52:48 - [TEST_STEP][PASSED] - if (i1 > -1): null

18-11-2024T02:52:48 - [TEST_STEP][PASSED] - x = x.substring(0, i1): null

18-11-2024T02:52:48 - [TEST_STEP][PASSED] - println(x): null

18-11-2024T02:52:48 - [TEST_STEP][PASSED] - return x: null

18-11-2024T02:52:48 - [TEST_STEP][PASSED] - tabB = GetPPlanB(x = b): null

18-11-2024T02:52:48 - [TEST_STEP][PASSED] - i1 = <not implemented yet for class: org.codehaus.groovy.ast.expr.EmptyExpression>: null

18-11-2024T02:52:48 - [TEST_STEP][PASSED] - ii = <not implemented yet for class: org.codehaus.groovy.ast.expr.EmptyExpression>: null

18-11-2024T02:52:48 - [TEST_STEP][PASSED] - for ([ii = 1, ii < 9, (ii++)]): null

18-11-2024T02:52:48 - [TEST_STEP][PASSED] - i1 = x.indexOf("/") + 1: null

18-11-2024T02:52:48 - [TEST_STEP][PASSED] - if (i1 > -1): null

18-11-2024T02:52:48 - [TEST_STEP][PASSED] - x = x.substring(i1, x.length()): null

18-11-2024T02:52:48 - [TEST_STEP][PASSED] - println(x): null

18-11-2024T02:52:48 - [TEST_STEP][PASSED] - i1 = x.indexOf("/") + 1: null

18-11-2024T02:52:48 - [TEST_STEP][PASSED] - if (i1 > -1): null

18-11-2024T02:52:48 - [TEST_STEP][PASSED] - x = x.substring(i1, x.length()): null

18-11-2024T02:52:48 - [TEST_STEP][PASSED] - println(x): null

18-11-2024T02:52:48 - [TEST_STEP][PASSED] - i1 = x.indexOf("/") + 1: null

18-11-2024T02:52:48 - [TEST_STEP][PASSED] - if (i1 > -1): null

18-11-2024T02:52:48 - [TEST_STEP][PASSED] - x = x.substring(i1, x.length()): null

18-11-2024T02:52:48 - [TEST_STEP][PASSED] - println(x): null

18-11-2024T02:52:48 - [TEST_STEP][PASSED] - i1 = x.indexOf("/") + 1: null

18-11-2024T02:52:48 - [TEST_STEP][PASSED] - if (i1 > -1): null

18-11-2024T02:52:48 - [TEST_STEP][PASSED] - x = x.substring(i1, x.length()): null

18-11-2024T02:52:48 - [TEST_STEP][PASSED] - println(x): null

18-11-2024T02:52:48 - [TEST_STEP][PASSED] - i1 = x.indexOf("/") + 1: null

18-11-2024T02:52:48 - [TEST_STEP][PASSED] - if (i1 > -1): null

18-11-2024T02:52:48 - [TEST_STEP][PASSED] - x = x.substring(i1, x.length()): null

18-11-2024T02:52:48 - [TEST_STEP][PASSED] - println(x): null

18-11-2024T02:52:48 - [TEST_STEP][PASSED] - i1 = x.indexOf("/") + 1: null

18-11-2024T02:52:48 - [TEST_STEP][PASSED] - if (i1 > -1): null

18-11-2024T02:52:48 - [TEST_STEP][PASSED] - x = x.substring(i1, x.length()): null

18-11-2024T02:52:48 - [TEST_STEP][PASSED] - println(x): null

18-11-2024T02:52:48 - [TEST_STEP][PASSED] - i1 = x.indexOf("/") + 1: null

18-11-2024T02:52:48 - [TEST_STEP][PASSED] - if (i1 > -1): null

18-11-2024T02:52:48 - [TEST_STEP][PASSED] - x = x.substring(i1, x.length()): null

18-11-2024T02:52:48 - [TEST_STEP][PASSED] - println(x): null

18-11-2024T02:52:48 - [TEST_STEP][PASSED] - i1 = x.indexOf("/") + 1: null

18-11-2024T02:52:48 - [TEST_STEP][PASSED] - if (i1 > -1): null

18-11-2024T02:52:48 - [TEST_STEP][PASSED] - x = x.substring(i1, x.length()): null

18-11-2024T02:52:48 - [TEST_STEP][PASSED] - println(x): null

18-11-2024T02:52:48 - [TEST_STEP][PASSED] - i1 = x.indexOf("/"): null

18-11-2024T02:52:48 - [TEST_STEP][PASSED] - if (i1 > -1): null

18-11-2024T02:52:48 - [TEST_STEP][PASSED] - x = x.substring(0, i1): null

18-11-2024T02:52:48 - [TEST_STEP][PASSED] - println(x): null

18-11-2024T02:52:48 - [TEST_STEP][FAILED] - return x: null

18-11-2024T02:52:48 - [TEST_STEP][PASSED] - println(tabR + "/" + tabB): null

18-11-2024T02:52:48 - [TEST_STEP][FAILED] - if (verifyEqual(PercFactR, PercFactB) == false): null

18-11-2024T02:52:48 - [MESSAGE][FAILED] - Unable to verify equal between actual object 'нет данных' and expected object '8.06' (Root cause: com.kms.katalon.core.exception.StepFailedException: Actual object 'нет данных' and expected object '8.06' are not equal
	at com.kms.katalon.core.keyword.builtin.VerifyEqualKeyword$_verifyEqual_closure1.doCall(VerifyEqualKeyword.groovy:58)
	at com.kms.katalon.core.keyword.builtin.VerifyEqualKeyword$_verifyEqual_closure1.call(VerifyEqualKeyword.groovy)
	at com.kms.katalon.core.keyword.internal.KeywordMain.runKeyword(KeywordMain.groovy:75)
	at com.kms.katalon.core.keyword.builtin.VerifyEqualKeyword.verifyEqual(VerifyEqualKeyword.groovy:63)
	at com.kms.katalon.core.keyword.builtin.VerifyEqualKeyword.execute(VerifyEqualKeyword.groovy:44)
	at com.kms.katalon.core.keyword.internal.KeywordExecutor.executeKeywordForPlatform(KeywordExecutor.groovy:74)
	at com.kms.katalon.core.keyword.BuiltinKeywords.verifyEqual(BuiltinKeywords.groovy:146)
	at jdk.internal.reflect.GeneratedMethodAccessor25.invoke(Unknown Source)
	at java.base/jdk.internal.reflect.DelegatingMethodAccessorImpl.invoke(DelegatingMethodAccessorImpl.java:43)
	at Выполнение бизнес-плана сверка дашбордов.CompareDZOData(Выполнение бизнес-плана сверка дашбордов:771)
	at Выполнение бизнес-плана сверка дашбордов.run(Выполнение бизнес-плана сверка дашбордов:633)
	at com.kms.katalon.core.main.ScriptEngine.run(ScriptEngine.java:194)
	at com.kms.katalon.core.main.ScriptEngine.runScriptAsRawText(ScriptEngine.java:119)
	at com.kms.katalon.core.main.TestCaseExecutor.runScript(TestCaseExecutor.java:448)
	at com.kms.katalon.core.main.TestCaseExecutor.doExecute(TestCaseExecutor.java:439)
	at com.kms.katalon.core.main.TestCaseExecutor.processExecutionPhase(TestCaseExecutor.java:418)
	at com.kms.katalon.core.main.TestCaseExecutor.accessMainPhase(TestCaseExecutor.java:410)
	at com.kms.katalon.core.main.TestCaseExecutor.execute(TestCaseExecutor.java:285)
	at com.kms.katalon.core.common.CommonExecutor.accessTestCaseMainPhase(CommonExecutor.java:65)
	at com.kms.katalon.core.main.TestSuiteExecutor.accessTestSuiteMainPhase(TestSuiteExecutor.java:150)
	at com.kms.katalon.core.main.TestSuiteExecutor.execute(TestSuiteExecutor.java:106)
	at com.kms.katalon.core.main.TestCaseMain.startTestSuite(TestCaseMain.java:180)
	at TempTestSuite1731886967590.run(TempTestSuite1731886967590.groovy:35)
	at java.base/jdk.internal.reflect.NativeMethodAccessorImpl.invoke0(Native Method)
	at java.base/jdk.internal.reflect.NativeMethodAccessorImpl.invoke(NativeMethodAccessorImpl.java:77)
	at java.base/jdk.internal.reflect.DelegatingMethodAccessorImpl.invoke(DelegatingMethodAccessorImpl.java:43)
)

18-11-2024T02:52:48 - [TEST_STEP][PASSED] - result = WriteToExcel(typeOfData, todaysDate, PercPlanR, PercPlanB, PercFactR, PercFactB, x, tabR, tabB, o1R, o1B, vidget): null

18-11-2024T02:52:48 - [TEST_STEP][PASSED] - iii = dZO.indexOf("/"): null

18-11-2024T02:52:48 - [TEST_STEP][PASSED] - println(iii): null

18-11-2024T02:52:48 - [TEST_STEP][PASSED] - dZO = dZO.substring(0, iii): null

18-11-2024T02:52:48 - [TEST_STEP][PASSED] - println(dZO): null

18-11-2024T02:52:48 - [TEST_STEP][PASSED] - println(PercPlanR): null

18-11-2024T02:52:48 - [TEST_STEP][PASSED] - println(PercPlanB): null

18-11-2024T02:52:48 - [TEST_STEP][PASSED] - println(PercFactR): null

18-11-2024T02:52:48 - [TEST_STEP][PASSED] - println(PercFactB): null

18-11-2024T02:52:48 - [TEST_STEP][PASSED] - println(tabR): null

18-11-2024T02:52:48 - [TEST_STEP][PASSED] - println(tabB): null

18-11-2024T02:52:48 - [TEST_STEP][PASSED] - println(o1R): null

18-11-2024T02:52:48 - [TEST_STEP][PASSED] - println(o1B): null

18-11-2024T02:52:48 - [TEST_STEP][PASSED] - PR = <not implemented yet for class: org.codehaus.groovy.ast.expr.EmptyExpression>: null

18-11-2024T02:52:48 - [TEST_STEP][PASSED] - FR = <not implemented yet for class: org.codehaus.groovy.ast.expr.EmptyExpression>: null

18-11-2024T02:52:48 - [TEST_STEP][PASSED] - PB = <not implemented yet for class: org.codehaus.groovy.ast.expr.EmptyExpression>: null

18-11-2024T02:52:48 - [TEST_STEP][PASSED] - FB = <not implemented yet for class: org.codehaus.groovy.ast.expr.EmptyExpression>: null

18-11-2024T02:52:48 - [TEST_STEP][PASSED] - TR = <not implemented yet for class: org.codehaus.groovy.ast.expr.EmptyExpression>: null

18-11-2024T02:52:48 - [TEST_STEP][PASSED] - TB = <not implemented yet for class: org.codehaus.groovy.ast.expr.EmptyExpression>: null

18-11-2024T02:52:48 - [TEST_STEP][PASSED] - sheetName = "Sheet1": null

18-11-2024T02:52:48 - [TEST_STEP][PASSED] - data = findTestData("PlanFact"): null

18-11-2024T02:52:48 - [TEST_STEP][PASSED] - n = data.getRowNumbers() + 1: null

18-11-2024T02:52:48 - [TEST_STEP][PASSED] - year = todaysDate.substring(todaysDate.length() - 4, todaysDate.length()): null

18-11-2024T02:52:48 - [TEST_STEP][PASSED] - y = year.toInteger(): null

18-11-2024T02:52:48 - [TEST_STEP][PASSED] - m = getText(findTestObject("Выполнение бизнес-плана/Выполнение бизнес-плана Балансы/Фильтр Дата")): Text of object 'Object Repository/Выполнение бизнес-плана/Выполнение бизнес-плана Балансы/Фильтр Дата' is: '1, 2, 3 кв. 2024 года'

18-11-2024T02:52:48 - [MESSAGE][PASSED] - Text of object 'Object Repository/Выполнение бизнес-плана/Выполнение бизнес-плана Балансы/Фильтр Дата' is: '1, 2, 3 кв. 2024 года'

18-11-2024T02:52:48 - [TEST_STEP][PASSED] - m = m.substring(0, m.indexOf("2024")): null

18-11-2024T02:52:48 - [TEST_STEP][PASSED] - m = m.trim(): null

18-11-2024T02:52:48 - [TEST_STEP][PASSED] - dashboardName = "Выполнение бизнес-плана": null

18-11-2024T02:52:48 - [TEST_STEP][PASSED] - workbook01 = getWorkbook(excelFilePath): null

18-11-2024T02:52:48 - [TEST_STEP][PASSED] - sheet01 = getExcelSheet(workbook01, sheetName): null

18-11-2024T02:52:48 - [TEST_STEP][PASSED] - setValueToCellByIndex(sheet01, n, 0, dashboardName): null

18-11-2024T02:52:48 - [TEST_STEP][PASSED] - setValueToCellByIndex(sheet01, n, 1, dZO): null

18-11-2024T02:52:48 - [TEST_STEP][PASSED] - setValueToCellByIndex(sheet01, n, 2, typeOfData): null

18-11-2024T02:52:48 - [TEST_STEP][PASSED] - setValueToCellByIndex(sheet01, n, 3, typeOfData): null

18-11-2024T02:52:48 - [TEST_STEP][PASSED] - if (typeOfData == "План"): null

18-11-2024T02:52:48 - [TEST_STEP][PASSED] - else if (typeOfData == "Факт"): null

18-11-2024T02:52:48 - [TEST_STEP][PASSED] - else if (vidget.contains("электроэнергии") == true): null

18-11-2024T02:52:48 - [TEST_STEP][PASSED] - if (tabR == null): null

18-11-2024T02:52:48 - [TEST_STEP][PASSED] - else: null

18-11-2024T02:52:48 - [TEST_STEP][PASSED] - if (tabR == "нет данных"): null

18-11-2024T02:52:48 - [TEST_STEP][PASSED] - setValueToCellByIndex(sheet01, n, 4, "нет данных"): null

18-11-2024T02:52:48 - [TEST_STEP][PASSED] - if (tabB == null): null

18-11-2024T02:52:48 - [TEST_STEP][PASSED] - else: null

18-11-2024T02:52:48 - [TEST_STEP][PASSED] - if (tabB == "нет данных"): null

18-11-2024T02:52:48 - [TEST_STEP][PASSED] - else: null

18-11-2024T02:52:48 - [TEST_STEP][PASSED] - TB = tabB.toInteger(): null

18-11-2024T02:52:48 - [TEST_STEP][PASSED] - setValueToCellByIndex(sheet01, n, 5, TB): null

18-11-2024T02:52:48 - [TEST_STEP][PASSED] - setValueToCellByIndex(sheet01, n, 6, m): null

18-11-2024T02:52:48 - [TEST_STEP][PASSED] - setValueToCellByIndex(sheet01, n, 7, y): null

18-11-2024T02:52:48 - [TEST_STEP][PASSED] - setValueToCellByIndex(sheet01, n, 8, todaysDate): null

18-11-2024T02:52:48 - [TEST_STEP][PASSED] - n = n + 1: null

18-11-2024T02:52:48 - [TEST_STEP][PASSED] - saveWorkbook(excelFilePath, workbook01): null

18-11-2024T02:52:48 - [TEST_STEP][PASSED] - ii2 = a.indexOf("ПАО"): null

18-11-2024T02:52:48 - [TEST_STEP][PASSED] - if (ii2 == -1): null

18-11-2024T02:52:48 - [TEST_STEP][PASSED] - vidget = "Отклонения фактического уровня потерь от бизнес-плана": null

18-11-2024T02:52:48 - [TEST_STEP][PASSED] - typeOfData = "Коэффициент": null

18-11-2024T02:52:48 - [TEST_STEP][PASSED] - o1R = Geto1R(x = a): null

18-11-2024T02:52:48 - [TEST_STEP][PASSED] - i1 = <not implemented yet for class: org.codehaus.groovy.ast.expr.EmptyExpression>: null

18-11-2024T02:52:48 - [TEST_STEP][PASSED] - ii = <not implemented yet for class: org.codehaus.groovy.ast.expr.EmptyExpression>: null

18-11-2024T02:52:48 - [TEST_STEP][PASSED] - for ([ii = 1, ii < 10, (ii++)]): null

18-11-2024T02:52:48 - [TEST_STEP][PASSED] - i1 = x.indexOf("/") + 1: null

18-11-2024T02:52:48 - [TEST_STEP][PASSED] - if (i1 > -1): null

18-11-2024T02:52:48 - [TEST_STEP][PASSED] - x = x.substring(i1, x.length()): null

18-11-2024T02:52:48 - [TEST_STEP][PASSED] - i1 = x.indexOf("/") + 1: null

18-11-2024T02:52:48 - [TEST_STEP][PASSED] - if (i1 > -1): null

18-11-2024T02:52:48 - [TEST_STEP][PASSED] - x = x.substring(i1, x.length()): null

18-11-2024T02:52:48 - [TEST_STEP][PASSED] - i1 = x.indexOf("/") + 1: null

18-11-2024T02:52:48 - [TEST_STEP][PASSED] - if (i1 > -1): null

18-11-2024T02:52:48 - [TEST_STEP][PASSED] - x = x.substring(i1, x.length()): null

18-11-2024T02:52:48 - [TEST_STEP][PASSED] - i1 = x.indexOf("/") + 1: null

18-11-2024T02:52:48 - [TEST_STEP][PASSED] - if (i1 > -1): null

18-11-2024T02:52:48 - [TEST_STEP][PASSED] - x = x.substring(i1, x.length()): null

18-11-2024T02:52:48 - [TEST_STEP][PASSED] - i1 = x.indexOf("/") + 1: null

18-11-2024T02:52:48 - [TEST_STEP][PASSED] - if (i1 > -1): null

18-11-2024T02:52:48 - [TEST_STEP][PASSED] - x = x.substring(i1, x.length()): null

18-11-2024T02:52:48 - [TEST_STEP][PASSED] - i1 = x.indexOf("/") + 1: null

18-11-2024T02:52:48 - [TEST_STEP][PASSED] - if (i1 > -1): null

18-11-2024T02:52:48 - [TEST_STEP][PASSED] - x = x.substring(i1, x.length()): null

18-11-2024T02:52:48 - [TEST_STEP][PASSED] - i1 = x.indexOf("/") + 1: null

18-11-2024T02:52:48 - [TEST_STEP][PASSED] - if (i1 > -1): null

18-11-2024T02:52:48 - [TEST_STEP][PASSED] - x = x.substring(i1, x.length()): null

18-11-2024T02:52:48 - [TEST_STEP][PASSED] - i1 = x.indexOf("/") + 1: null

18-11-2024T02:52:48 - [TEST_STEP][PASSED] - if (i1 > -1): null

18-11-2024T02:52:48 - [TEST_STEP][PASSED] - x = x.substring(i1, x.length()): null

18-11-2024T02:52:48 - [TEST_STEP][PASSED] - i1 = x.indexOf("/") + 1: null

18-11-2024T02:52:48 - [TEST_STEP][PASSED] - if (i1 > -1): null

18-11-2024T02:52:48 - [TEST_STEP][PASSED] - x = x.substring(i1, x.length()): null

18-11-2024T02:52:48 - [TEST_STEP][PASSED] - i1 = x.indexOf("/"): null

18-11-2024T02:52:48 - [TEST_STEP][PASSED] - if (i1 > -1): null

18-11-2024T02:52:48 - [TEST_STEP][PASSED] - println(x): null

18-11-2024T02:52:48 - [TEST_STEP][PASSED] - return x: null

18-11-2024T02:52:48 - [TEST_STEP][PASSED] - o1B = Geto1B(x = b): null

18-11-2024T02:52:48 - [TEST_STEP][PASSED] - i1 = <not implemented yet for class: org.codehaus.groovy.ast.expr.EmptyExpression>: null

18-11-2024T02:52:48 - [TEST_STEP][PASSED] - ii = <not implemented yet for class: org.codehaus.groovy.ast.expr.EmptyExpression>: null

18-11-2024T02:52:48 - [TEST_STEP][PASSED] - for ([ii = 1, ii < 10, (ii++)]): null

18-11-2024T02:52:48 - [TEST_STEP][PASSED] - i1 = x.indexOf("/") + 1: null

18-11-2024T02:52:48 - [TEST_STEP][PASSED] - if (i1 > -1): null

18-11-2024T02:52:48 - [TEST_STEP][PASSED] - x = x.substring(i1, x.length()): null

18-11-2024T02:52:48 - [TEST_STEP][PASSED] - i1 = x.indexOf("/") + 1: null

18-11-2024T02:52:48 - [TEST_STEP][PASSED] - if (i1 > -1): null

18-11-2024T02:52:48 - [TEST_STEP][PASSED] - x = x.substring(i1, x.length()): null

18-11-2024T02:52:48 - [TEST_STEP][PASSED] - i1 = x.indexOf("/") + 1: null

18-11-2024T02:52:48 - [TEST_STEP][PASSED] - if (i1 > -1): null

18-11-2024T02:52:48 - [TEST_STEP][PASSED] - x = x.substring(i1, x.length()): null

18-11-2024T02:52:48 - [TEST_STEP][PASSED] - i1 = x.indexOf("/") + 1: null

18-11-2024T02:52:48 - [TEST_STEP][PASSED] - if (i1 > -1): null

18-11-2024T02:52:48 - [TEST_STEP][PASSED] - x = x.substring(i1, x.length()): null

18-11-2024T02:52:48 - [TEST_STEP][PASSED] - i1 = x.indexOf("/") + 1: null

18-11-2024T02:52:48 - [TEST_STEP][PASSED] - if (i1 > -1): null

18-11-2024T02:52:48 - [TEST_STEP][PASSED] - x = x.substring(i1, x.length()): null

18-11-2024T02:52:48 - [TEST_STEP][PASSED] - i1 = x.indexOf("/") + 1: null

18-11-2024T02:52:48 - [TEST_STEP][PASSED] - if (i1 > -1): null

18-11-2024T02:52:48 - [TEST_STEP][PASSED] - x = x.substring(i1, x.length()): null

18-11-2024T02:52:48 - [TEST_STEP][PASSED] - i1 = x.indexOf("/") + 1: null

18-11-2024T02:52:48 - [TEST_STEP][PASSED] - if (i1 > -1): null

18-11-2024T02:52:48 - [TEST_STEP][PASSED] - x = x.substring(i1, x.length()): null

18-11-2024T02:52:48 - [TEST_STEP][PASSED] - i1 = x.indexOf("/") + 1: null

18-11-2024T02:52:48 - [TEST_STEP][PASSED] - if (i1 > -1): null

18-11-2024T02:52:48 - [TEST_STEP][PASSED] - x = x.substring(i1, x.length()): null

18-11-2024T02:52:48 - [TEST_STEP][PASSED] - i1 = x.indexOf("/") + 1: null

18-11-2024T02:52:48 - [TEST_STEP][PASSED] - if (i1 > -1): null

18-11-2024T02:52:48 - [TEST_STEP][PASSED] - x = x.substring(i1, x.length()): null

18-11-2024T02:52:48 - [TEST_STEP][PASSED] - i1 = x.indexOf("/"): null

18-11-2024T02:52:48 - [TEST_STEP][PASSED] - if (i1 > -1): null

18-11-2024T02:52:48 - [TEST_STEP][PASSED] - println(x): null

18-11-2024T02:52:48 - [TEST_STEP][FAILED] - return x: null

18-11-2024T02:52:48 - [TEST_STEP][PASSED] - println(o1R + "/" + o1B): null

18-11-2024T02:52:48 - [TEST_STEP][FAILED] - if (verifyEqual(PercFactR, PercFactB) == false): null

18-11-2024T02:52:48 - [MESSAGE][FAILED] - Unable to verify equal between actual object 'нет данных' and expected object '8.06' (Root cause: com.kms.katalon.core.exception.StepFailedException: Actual object 'нет данных' and expected object '8.06' are not equal
	at com.kms.katalon.core.keyword.builtin.VerifyEqualKeyword$_verifyEqual_closure1.doCall(VerifyEqualKeyword.groovy:58)
	at com.kms.katalon.core.keyword.builtin.VerifyEqualKeyword$_verifyEqual_closure1.call(VerifyEqualKeyword.groovy)
	at com.kms.katalon.core.keyword.internal.KeywordMain.runKeyword(KeywordMain.groovy:75)
	at com.kms.katalon.core.keyword.builtin.VerifyEqualKeyword.verifyEqual(VerifyEqualKeyword.groovy:63)
	at com.kms.katalon.core.keyword.builtin.VerifyEqualKeyword.execute(VerifyEqualKeyword.groovy:44)
	at com.kms.katalon.core.keyword.internal.KeywordExecutor.executeKeywordForPlatform(KeywordExecutor.groovy:74)
	at com.kms.katalon.core.keyword.BuiltinKeywords.verifyEqual(BuiltinKeywords.groovy:146)
	at jdk.internal.reflect.GeneratedMethodAccessor25.invoke(Unknown Source)
	at java.base/jdk.internal.reflect.DelegatingMethodAccessorImpl.invoke(DelegatingMethodAccessorImpl.java:43)
	at Выполнение бизнес-плана сверка дашбордов.CompareDZOData(Выполнение бизнес-плана сверка дашбордов:789)
	at Выполнение бизнес-плана сверка дашбордов.run(Выполнение бизнес-плана сверка дашбордов:633)
	at com.kms.katalon.core.main.ScriptEngine.run(ScriptEngine.java:194)
	at com.kms.katalon.core.main.ScriptEngine.runScriptAsRawText(ScriptEngine.java:119)
	at com.kms.katalon.core.main.TestCaseExecutor.runScript(TestCaseExecutor.java:448)
	at com.kms.katalon.core.main.TestCaseExecutor.doExecute(TestCaseExecutor.java:439)
	at com.kms.katalon.core.main.TestCaseExecutor.processExecutionPhase(TestCaseExecutor.java:418)
	at com.kms.katalon.core.main.TestCaseExecutor.accessMainPhase(TestCaseExecutor.java:410)
	at com.kms.katalon.core.main.TestCaseExecutor.execute(TestCaseExecutor.java:285)
	at com.kms.katalon.core.common.CommonExecutor.accessTestCaseMainPhase(CommonExecutor.java:65)
	at com.kms.katalon.core.main.TestSuiteExecutor.accessTestSuiteMainPhase(TestSuiteExecutor.java:150)
	at com.kms.katalon.core.main.TestSuiteExecutor.execute(TestSuiteExecutor.java:106)
	at com.kms.katalon.core.main.TestCaseMain.startTestSuite(TestCaseMain.java:180)
	at TempTestSuite1731886967590.run(TempTestSuite1731886967590.groovy:35)
	at java.base/jdk.internal.reflect.NativeMethodAccessorImpl.invoke0(Native Method)
	at java.base/jdk.internal.reflect.NativeMethodAccessorImpl.invoke(NativeMethodAccessorImpl.java:77)
	at java.base/jdk.internal.reflect.DelegatingMethodAccessorImpl.invoke(DelegatingMethodAccessorImpl.java:43)
)

18-11-2024T02:52:48 - [TEST_STEP][PASSED] - result = WriteToExcel(typeOfData, todaysDate, PercPlanR, PercPlanB, PercFactR, PercFactB, x, tabR, tabB, o1R, o1B, vidget): null

18-11-2024T02:52:48 - [TEST_STEP][PASSED] - iii = dZO.indexOf("/"): null

18-11-2024T02:52:48 - [TEST_STEP][PASSED] - println(iii): null

18-11-2024T02:52:48 - [TEST_STEP][PASSED] - dZO = dZO.substring(0, iii): null

18-11-2024T02:52:48 - [TEST_STEP][PASSED] - println(dZO): null

18-11-2024T02:52:48 - [TEST_STEP][PASSED] - println(PercPlanR): null

18-11-2024T02:52:48 - [TEST_STEP][PASSED] - println(PercPlanB): null

18-11-2024T02:52:48 - [TEST_STEP][PASSED] - println(PercFactR): null

18-11-2024T02:52:48 - [TEST_STEP][PASSED] - println(PercFactB): null

18-11-2024T02:52:48 - [TEST_STEP][PASSED] - println(tabR): null

18-11-2024T02:52:48 - [TEST_STEP][PASSED] - println(tabB): null

18-11-2024T02:52:48 - [TEST_STEP][PASSED] - println(o1R): null

18-11-2024T02:52:48 - [TEST_STEP][PASSED] - println(o1B): null

18-11-2024T02:52:48 - [TEST_STEP][PASSED] - PR = <not implemented yet for class: org.codehaus.groovy.ast.expr.EmptyExpression>: null

18-11-2024T02:52:48 - [TEST_STEP][PASSED] - FR = <not implemented yet for class: org.codehaus.groovy.ast.expr.EmptyExpression>: null

18-11-2024T02:52:48 - [TEST_STEP][PASSED] - PB = <not implemented yet for class: org.codehaus.groovy.ast.expr.EmptyExpression>: null

18-11-2024T02:52:48 - [TEST_STEP][PASSED] - FB = <not implemented yet for class: org.codehaus.groovy.ast.expr.EmptyExpression>: null

18-11-2024T02:52:48 - [TEST_STEP][PASSED] - TR = <not implemented yet for class: org.codehaus.groovy.ast.expr.EmptyExpression>: null

18-11-2024T02:52:48 - [TEST_STEP][PASSED] - TB = <not implemented yet for class: org.codehaus.groovy.ast.expr.EmptyExpression>: null

18-11-2024T02:52:48 - [TEST_STEP][PASSED] - sheetName = "Sheet1": null

18-11-2024T02:52:48 - [TEST_STEP][PASSED] - data = findTestData("PlanFact"): null

18-11-2024T02:52:48 - [TEST_STEP][PASSED] - n = data.getRowNumbers() + 1: null

18-11-2024T02:52:48 - [TEST_STEP][PASSED] - year = todaysDate.substring(todaysDate.length() - 4, todaysDate.length()): null

18-11-2024T02:52:48 - [TEST_STEP][PASSED] - y = year.toInteger(): null

18-11-2024T02:52:48 - [TEST_STEP][PASSED] - m = getText(findTestObject("Выполнение бизнес-плана/Выполнение бизнес-плана Балансы/Фильтр Дата")): Text of object 'Object Repository/Выполнение бизнес-плана/Выполнение бизнес-плана Балансы/Фильтр Дата' is: '1, 2, 3 кв. 2024 года'

18-11-2024T02:52:49 - [MESSAGE][PASSED] - Text of object 'Object Repository/Выполнение бизнес-плана/Выполнение бизнес-плана Балансы/Фильтр Дата' is: '1, 2, 3 кв. 2024 года'

18-11-2024T02:52:49 - [TEST_STEP][PASSED] - m = m.substring(0, m.indexOf("2024")): null

18-11-2024T02:52:49 - [TEST_STEP][PASSED] - m = m.trim(): null

18-11-2024T02:52:49 - [TEST_STEP][PASSED] - dashboardName = "Выполнение бизнес-плана": null

18-11-2024T02:52:49 - [TEST_STEP][PASSED] - workbook01 = getWorkbook(excelFilePath): null

18-11-2024T02:52:49 - [TEST_STEP][PASSED] - sheet01 = getExcelSheet(workbook01, sheetName): null

18-11-2024T02:52:49 - [TEST_STEP][PASSED] - setValueToCellByIndex(sheet01, n, 0, dashboardName): null

18-11-2024T02:52:49 - [TEST_STEP][PASSED] - setValueToCellByIndex(sheet01, n, 1, dZO): null

18-11-2024T02:52:49 - [TEST_STEP][PASSED] - setValueToCellByIndex(sheet01, n, 2, typeOfData): null

18-11-2024T02:52:49 - [TEST_STEP][PASSED] - setValueToCellByIndex(sheet01, n, 3, typeOfData): null

18-11-2024T02:52:49 - [TEST_STEP][PASSED] - if (typeOfData == "План"): null

18-11-2024T02:52:49 - [TEST_STEP][PASSED] - else if (typeOfData == "Факт"): null

18-11-2024T02:52:49 - [TEST_STEP][PASSED] - else if (vidget.contains("электроэнергии") == true): null

18-11-2024T02:52:49 - [TEST_STEP][PASSED] - else: null

18-11-2024T02:52:49 - [TEST_STEP][PASSED] - if (o1R == null): null

18-11-2024T02:52:49 - [TEST_STEP][PASSED] - else: null

18-11-2024T02:52:49 - [TEST_STEP][PASSED] - if (o1R == "нет данных"): null

18-11-2024T02:52:49 - [TEST_STEP][PASSED] - setValueToCellByIndex(sheet01, n, 4, "нет данных"): null

18-11-2024T02:52:49 - [TEST_STEP][PASSED] - if (o1B == null): null

18-11-2024T02:52:49 - [TEST_STEP][PASSED] - else: null

18-11-2024T02:52:49 - [TEST_STEP][PASSED] - if (o1B == "нет данных"): null

18-11-2024T02:52:49 - [TEST_STEP][PASSED] - else: null

18-11-2024T02:52:49 - [TEST_STEP][PASSED] - FB = o1B.toDouble(): null

18-11-2024T02:52:49 - [TEST_STEP][PASSED] - setValueToCellByIndex(sheet01, n, 5, FB): null

18-11-2024T02:52:49 - [TEST_STEP][PASSED] - setValueToCellByIndex(sheet01, n, 6, m): null

18-11-2024T02:52:49 - [TEST_STEP][PASSED] - setValueToCellByIndex(sheet01, n, 7, y): null

18-11-2024T02:52:49 - [TEST_STEP][PASSED] - setValueToCellByIndex(sheet01, n, 8, todaysDate): null

18-11-2024T02:52:49 - [TEST_STEP][PASSED] - n = n + 1: null

18-11-2024T02:52:49 - [TEST_STEP][FAILED] - saveWorkbook(excelFilePath, workbook01): null

18-11-2024T02:52:49 - [TEST_STEP][PASSED] - if (verifyEqual(tyumR, tyumB) == false): Actual object 'Россети Тюмень/2.51/2.60/39079081/38062639/1016442/40452567/39436282/1016285/0.09' and expected object 'Россети Тюмень/2.51/2.60/39079081/38062639/1016442/40452567/39436282/1016285/0.09' are equal

18-11-2024T02:52:49 - [MESSAGE][PASSED] - Actual object 'Россети Тюмень/2.51/2.60/39079081/38062639/1016442/40452567/39436282/1016285/0.09' and expected object 'Россети Тюмень/2.51/2.60/39079081/38062639/1016442/40452567/39436282/1016285/0.09' are equal

18-11-2024T02:52:49 - [TEST_STEP][FAILED] - if (verifyEqual(urR, urB) == false): null

18-11-2024T02:52:49 - [MESSAGE][FAILED] - Unable to verify equal between actual object 'Россети Урал (ГК)/нет данных/нет данных/нет данных/нет данных/нет данных/нет данных/нет данных/нет данных/нет данных' and expected object 'Россети Урал (ГК)/5.70/5.56/53993193/50992089/3001103/60264543/56779989/3484554/-0.15' (Root cause: com.kms.katalon.core.exception.StepFailedException: Actual object 'Россети Урал (ГК)/нет данных/нет данных/нет данных/нет данных/нет данных/нет данных/нет данных/нет данных/нет данных' and expected object 'Россети Урал (ГК)/5.70/5.56/53993193/50992089/3001103/60264543/56779989/3484554/-0.15' are not equal
	at com.kms.katalon.core.keyword.builtin.VerifyEqualKeyword$_verifyEqual_closure1.doCall(VerifyEqualKeyword.groovy:58)
	at com.kms.katalon.core.keyword.builtin.VerifyEqualKeyword$_verifyEqual_closure1.call(VerifyEqualKeyword.groovy)
	at com.kms.katalon.core.keyword.internal.KeywordMain.runKeyword(KeywordMain.groovy:75)
	at com.kms.katalon.core.keyword.builtin.VerifyEqualKeyword.verifyEqual(VerifyEqualKeyword.groovy:63)
	at com.kms.katalon.core.keyword.builtin.VerifyEqualKeyword.execute(VerifyEqualKeyword.groovy:44)
	at com.kms.katalon.core.keyword.internal.KeywordExecutor.executeKeywordForPlatform(KeywordExecutor.groovy:74)
	at com.kms.katalon.core.keyword.BuiltinKeywords.verifyEqual(BuiltinKeywords.groovy:146)
	at jdk.internal.reflect.GeneratedMethodAccessor25.invoke(Unknown Source)
	at java.base/jdk.internal.reflect.DelegatingMethodAccessorImpl.invoke(DelegatingMethodAccessorImpl.java:43)
	at Выполнение бизнес-плана сверка дашбордов.run(Выполнение бизнес-плана сверка дашбордов:642)
	at com.kms.katalon.core.main.ScriptEngine.run(ScriptEngine.java:194)
	at com.kms.katalon.core.main.ScriptEngine.runScriptAsRawText(ScriptEngine.java:119)
	at com.kms.katalon.core.main.TestCaseExecutor.runScript(TestCaseExecutor.java:448)
	at com.kms.katalon.core.main.TestCaseExecutor.doExecute(TestCaseExecutor.java:439)
	at com.kms.katalon.core.main.TestCaseExecutor.processExecutionPhase(TestCaseExecutor.java:418)
	at com.kms.katalon.core.main.TestCaseExecutor.accessMainPhase(TestCaseExecutor.java:410)
	at com.kms.katalon.core.main.TestCaseExecutor.execute(TestCaseExecutor.java:285)
	at com.kms.katalon.core.common.CommonExecutor.accessTestCaseMainPhase(CommonExecutor.java:65)
	at com.kms.katalon.core.main.TestSuiteExecutor.accessTestSuiteMainPhase(TestSuiteExecutor.java:150)
	at com.kms.katalon.core.main.TestSuiteExecutor.execute(TestSuiteExecutor.java:106)
	at com.kms.katalon.core.main.TestCaseMain.startTestSuite(TestCaseMain.java:180)
	at TempTestSuite1731886967590.run(TempTestSuite1731886967590.groovy:35)
	at java.base/jdk.internal.reflect.NativeMethodAccessorImpl.invoke0(Native Method)
	at java.base/jdk.internal.reflect.NativeMethodAccessorImpl.invoke(NativeMethodAccessorImpl.java:77)
	at java.base/jdk.internal.reflect.DelegatingMethodAccessorImpl.invoke(DelegatingMethodAccessorImpl.java:43)
)

18-11-2024T02:52:49 - [TEST_STEP][PASSED] - result = CompareDZOData(a = urR, b = urB, dZO, typeOfData, PercPlanR, PercPlanB, PercFactR, PercFactB, todaysDate, x, vidget, tabR, tabB, o1R, o1B): null

18-11-2024T02:52:49 - [TEST_STEP][PASSED] - ii2 = <not implemented yet for class: org.codehaus.groovy.ast.expr.EmptyExpression>: null

18-11-2024T02:52:49 - [TEST_STEP][FAILED] - if (verifyEqual(a, b) == false): null

18-11-2024T02:52:49 - [MESSAGE][FAILED] - Unable to verify equal between actual object 'Россети Урал (ГК)/нет данных/нет данных/нет данных/нет данных/нет данных/нет данных/нет данных/нет данных/нет данных' and expected object 'Россети Урал (ГК)/5.70/5.56/53993193/50992089/3001103/60264543/56779989/3484554/-0.15' (Root cause: com.kms.katalon.core.exception.StepFailedException: Actual object 'Россети Урал (ГК)/нет данных/нет данных/нет данных/нет данных/нет данных/нет данных/нет данных/нет данных/нет данных' and expected object 'Россети Урал (ГК)/5.70/5.56/53993193/50992089/3001103/60264543/56779989/3484554/-0.15' are not equal
	at com.kms.katalon.core.keyword.builtin.VerifyEqualKeyword$_verifyEqual_closure1.doCall(VerifyEqualKeyword.groovy:58)
	at com.kms.katalon.core.keyword.builtin.VerifyEqualKeyword$_verifyEqual_closure1.call(VerifyEqualKeyword.groovy)
	at com.kms.katalon.core.keyword.internal.KeywordMain.runKeyword(KeywordMain.groovy:75)
	at com.kms.katalon.core.keyword.builtin.VerifyEqualKeyword.verifyEqual(VerifyEqualKeyword.groovy:63)
	at com.kms.katalon.core.keyword.builtin.VerifyEqualKeyword.execute(VerifyEqualKeyword.groovy:44)
	at com.kms.katalon.core.keyword.internal.KeywordExecutor.executeKeywordForPlatform(KeywordExecutor.groovy:74)
	at com.kms.katalon.core.keyword.BuiltinKeywords.verifyEqual(BuiltinKeywords.groovy:146)
	at jdk.internal.reflect.GeneratedMethodAccessor25.invoke(Unknown Source)
	at java.base/jdk.internal.reflect.DelegatingMethodAccessorImpl.invoke(DelegatingMethodAccessorImpl.java:43)
	at Выполнение бизнес-плана сверка дашбордов.CompareDZOData(Выполнение бизнес-плана сверка дашбордов:673)
	at Выполнение бизнес-плана сверка дашбордов.run(Выполнение бизнес-плана сверка дашбордов:643)
	at com.kms.katalon.core.main.ScriptEngine.run(ScriptEngine.java:194)
	at com.kms.katalon.core.main.ScriptEngine.runScriptAsRawText(ScriptEngine.java:119)
	at com.kms.katalon.core.main.TestCaseExecutor.runScript(TestCaseExecutor.java:448)
	at com.kms.katalon.core.main.TestCaseExecutor.doExecute(TestCaseExecutor.java:439)
	at com.kms.katalon.core.main.TestCaseExecutor.processExecutionPhase(TestCaseExecutor.java:418)
	at com.kms.katalon.core.main.TestCaseExecutor.accessMainPhase(TestCaseExecutor.java:410)
	at com.kms.katalon.core.main.TestCaseExecutor.execute(TestCaseExecutor.java:285)
	at com.kms.katalon.core.common.CommonExecutor.accessTestCaseMainPhase(CommonExecutor.java:65)
	at com.kms.katalon.core.main.TestSuiteExecutor.accessTestSuiteMainPhase(TestSuiteExecutor.java:150)
	at com.kms.katalon.core.main.TestSuiteExecutor.execute(TestSuiteExecutor.java:106)
	at com.kms.katalon.core.main.TestCaseMain.startTestSuite(TestCaseMain.java:180)
	at TempTestSuite1731886967590.run(TempTestSuite1731886967590.groovy:35)
	at java.base/jdk.internal.reflect.NativeMethodAccessorImpl.invoke0(Native Method)
	at java.base/jdk.internal.reflect.NativeMethodAccessorImpl.invoke(NativeMethodAccessorImpl.java:77)
	at java.base/jdk.internal.reflect.DelegatingMethodAccessorImpl.invoke(DelegatingMethodAccessorImpl.java:43)
)

18-11-2024T02:52:49 - [TEST_STEP][PASSED] - vidget = "Уровень потерь электроэнергии": null

18-11-2024T02:52:49 - [TEST_STEP][PASSED] - typeOfData = "План": null

18-11-2024T02:52:49 - [TEST_STEP][PASSED] - PercPlanR = GetPercPlanR(x = a): null

18-11-2024T02:52:49 - [TEST_STEP][PASSED] - i1 = <not implemented yet for class: org.codehaus.groovy.ast.expr.EmptyExpression>: null

18-11-2024T02:52:49 - [TEST_STEP][PASSED] - i1 = x.indexOf("/") + 1: null

18-11-2024T02:52:49 - [TEST_STEP][PASSED] - if (i1 > -1): null

18-11-2024T02:52:49 - [TEST_STEP][PASSED] - x = x.substring(i1, x.length()): null

18-11-2024T02:52:49 - [TEST_STEP][PASSED] - i1 = x.indexOf("/"): null

18-11-2024T02:52:49 - [TEST_STEP][PASSED] - if (i1 > -1): null

18-11-2024T02:52:49 - [TEST_STEP][PASSED] - x = x.substring(0, i1): null

18-11-2024T02:52:49 - [TEST_STEP][PASSED] - return x: null

18-11-2024T02:52:49 - [TEST_STEP][PASSED] - PercPlanB = GetPercPlanB(x = b): null

18-11-2024T02:52:49 - [TEST_STEP][PASSED] - i1 = <not implemented yet for class: org.codehaus.groovy.ast.expr.EmptyExpression>: null

18-11-2024T02:52:49 - [TEST_STEP][PASSED] - i1 = x.indexOf("/") + 1: null

18-11-2024T02:52:49 - [TEST_STEP][PASSED] - if (i1 > -1): null

18-11-2024T02:52:49 - [TEST_STEP][PASSED] - x = x.substring(i1, x.length()): null

18-11-2024T02:52:49 - [TEST_STEP][PASSED] - i1 = x.indexOf("/"): null

18-11-2024T02:52:49 - [TEST_STEP][PASSED] - if (i1 > -1): null

18-11-2024T02:52:49 - [TEST_STEP][PASSED] - x = x.substring(0, i1): null

18-11-2024T02:52:49 - [TEST_STEP][FAILED] - return x: null

18-11-2024T02:52:49 - [TEST_STEP][FAILED] - if (verifyEqual(PercPlanR, PercPlanB) == false): null

18-11-2024T02:52:49 - [MESSAGE][FAILED] - Unable to verify equal between actual object 'нет данных' and expected object '5.70' (Root cause: com.kms.katalon.core.exception.StepFailedException: Actual object 'нет данных' and expected object '5.70' are not equal
	at com.kms.katalon.core.keyword.builtin.VerifyEqualKeyword$_verifyEqual_closure1.doCall(VerifyEqualKeyword.groovy:58)
	at com.kms.katalon.core.keyword.builtin.VerifyEqualKeyword$_verifyEqual_closure1.call(VerifyEqualKeyword.groovy)
	at com.kms.katalon.core.keyword.internal.KeywordMain.runKeyword(KeywordMain.groovy:75)
	at com.kms.katalon.core.keyword.builtin.VerifyEqualKeyword.verifyEqual(VerifyEqualKeyword.groovy:63)
	at com.kms.katalon.core.keyword.builtin.VerifyEqualKeyword.execute(VerifyEqualKeyword.groovy:44)
	at com.kms.katalon.core.keyword.internal.KeywordExecutor.executeKeywordForPlatform(KeywordExecutor.groovy:74)
	at com.kms.katalon.core.keyword.BuiltinKeywords.verifyEqual(BuiltinKeywords.groovy:146)
	at jdk.internal.reflect.GeneratedMethodAccessor25.invoke(Unknown Source)
	at java.base/jdk.internal.reflect.DelegatingMethodAccessorImpl.invoke(DelegatingMethodAccessorImpl.java:43)
	at Выполнение бизнес-плана сверка дашбордов.CompareDZOData(Выполнение бизнес-плана сверка дашбордов:682)
	at Выполнение бизнес-плана сверка дашбордов.run(Выполнение бизнес-плана сверка дашбордов:643)
	at com.kms.katalon.core.main.ScriptEngine.run(ScriptEngine.java:194)
	at com.kms.katalon.core.main.ScriptEngine.runScriptAsRawText(ScriptEngine.java:119)
	at com.kms.katalon.core.main.TestCaseExecutor.runScript(TestCaseExecutor.java:448)
	at com.kms.katalon.core.main.TestCaseExecutor.doExecute(TestCaseExecutor.java:439)
	at com.kms.katalon.core.main.TestCaseExecutor.processExecutionPhase(TestCaseExecutor.java:418)
	at com.kms.katalon.core.main.TestCaseExecutor.accessMainPhase(TestCaseExecutor.java:410)
	at com.kms.katalon.core.main.TestCaseExecutor.execute(TestCaseExecutor.java:285)
	at com.kms.katalon.core.common.CommonExecutor.accessTestCaseMainPhase(CommonExecutor.java:65)
	at com.kms.katalon.core.main.TestSuiteExecutor.accessTestSuiteMainPhase(TestSuiteExecutor.java:150)
	at com.kms.katalon.core.main.TestSuiteExecutor.execute(TestSuiteExecutor.java:106)
	at com.kms.katalon.core.main.TestCaseMain.startTestSuite(TestCaseMain.java:180)
	at TempTestSuite1731886967590.run(TempTestSuite1731886967590.groovy:35)
	at java.base/jdk.internal.reflect.NativeMethodAccessorImpl.invoke0(Native Method)
	at java.base/jdk.internal.reflect.NativeMethodAccessorImpl.invoke(NativeMethodAccessorImpl.java:77)
	at java.base/jdk.internal.reflect.DelegatingMethodAccessorImpl.invoke(DelegatingMethodAccessorImpl.java:43)
)

18-11-2024T02:52:49 - [TEST_STEP][PASSED] - result = WriteToExcel(typeOfData, todaysDate, PercPlanR, PercPlanB, PercFactR, PercFactB, x, tabR, tabB, o1R, o1B, vidget): null

18-11-2024T02:52:49 - [TEST_STEP][PASSED] - iii = dZO.indexOf("/"): null

18-11-2024T02:52:49 - [TEST_STEP][PASSED] - println(iii): null

18-11-2024T02:52:49 - [TEST_STEP][PASSED] - dZO = dZO.substring(0, iii): null

18-11-2024T02:52:49 - [TEST_STEP][PASSED] - println(dZO): null

18-11-2024T02:52:49 - [TEST_STEP][PASSED] - println(PercPlanR): null

18-11-2024T02:52:49 - [TEST_STEP][PASSED] - println(PercPlanB): null

18-11-2024T02:52:49 - [TEST_STEP][PASSED] - println(PercFactR): null

18-11-2024T02:52:49 - [TEST_STEP][PASSED] - println(PercFactB): null

18-11-2024T02:52:49 - [TEST_STEP][PASSED] - println(tabR): null

18-11-2024T02:52:49 - [TEST_STEP][PASSED] - println(tabB): null

18-11-2024T02:52:49 - [TEST_STEP][PASSED] - println(o1R): null

18-11-2024T02:52:49 - [TEST_STEP][PASSED] - println(o1B): null

18-11-2024T02:52:49 - [TEST_STEP][PASSED] - PR = <not implemented yet for class: org.codehaus.groovy.ast.expr.EmptyExpression>: null

18-11-2024T02:52:49 - [TEST_STEP][PASSED] - FR = <not implemented yet for class: org.codehaus.groovy.ast.expr.EmptyExpression>: null

18-11-2024T02:52:49 - [TEST_STEP][PASSED] - PB = <not implemented yet for class: org.codehaus.groovy.ast.expr.EmptyExpression>: null

18-11-2024T02:52:49 - [TEST_STEP][PASSED] - FB = <not implemented yet for class: org.codehaus.groovy.ast.expr.EmptyExpression>: null

18-11-2024T02:52:49 - [TEST_STEP][PASSED] - TR = <not implemented yet for class: org.codehaus.groovy.ast.expr.EmptyExpression>: null

18-11-2024T02:52:49 - [TEST_STEP][PASSED] - TB = <not implemented yet for class: org.codehaus.groovy.ast.expr.EmptyExpression>: null

18-11-2024T02:52:49 - [TEST_STEP][PASSED] - sheetName = "Sheet1": null

18-11-2024T02:52:49 - [TEST_STEP][PASSED] - data = findTestData("PlanFact"): null

18-11-2024T02:52:49 - [TEST_STEP][PASSED] - n = data.getRowNumbers() + 1: null

18-11-2024T02:52:49 - [TEST_STEP][PASSED] - year = todaysDate.substring(todaysDate.length() - 4, todaysDate.length()): null

18-11-2024T02:52:49 - [TEST_STEP][PASSED] - y = year.toInteger(): null

18-11-2024T02:52:49 - [TEST_STEP][PASSED] - m = getText(findTestObject("Выполнение бизнес-плана/Выполнение бизнес-плана Балансы/Фильтр Дата")): Text of object 'Object Repository/Выполнение бизнес-плана/Выполнение бизнес-плана Балансы/Фильтр Дата' is: '1, 2, 3 кв. 2024 года'

18-11-2024T02:52:49 - [MESSAGE][PASSED] - Text of object 'Object Repository/Выполнение бизнес-плана/Выполнение бизнес-плана Балансы/Фильтр Дата' is: '1, 2, 3 кв. 2024 года'

18-11-2024T02:52:49 - [TEST_STEP][PASSED] - m = m.substring(0, m.indexOf("2024")): null

18-11-2024T02:52:49 - [TEST_STEP][PASSED] - m = m.trim(): null

18-11-2024T02:52:49 - [TEST_STEP][PASSED] - dashboardName = "Выполнение бизнес-плана": null

18-11-2024T02:52:49 - [TEST_STEP][PASSED] - workbook01 = getWorkbook(excelFilePath): null

18-11-2024T02:52:49 - [TEST_STEP][PASSED] - sheet01 = getExcelSheet(workbook01, sheetName): null

18-11-2024T02:52:49 - [TEST_STEP][PASSED] - setValueToCellByIndex(sheet01, n, 0, dashboardName): null

18-11-2024T02:52:49 - [TEST_STEP][PASSED] - setValueToCellByIndex(sheet01, n, 1, dZO): null

18-11-2024T02:52:49 - [TEST_STEP][PASSED] - setValueToCellByIndex(sheet01, n, 2, typeOfData): null

18-11-2024T02:52:49 - [TEST_STEP][PASSED] - setValueToCellByIndex(sheet01, n, 3, typeOfData): null

18-11-2024T02:52:49 - [TEST_STEP][PASSED] - if (typeOfData == "План"): null

18-11-2024T02:52:49 - [TEST_STEP][PASSED] - if (PercPlanR == null): null

18-11-2024T02:52:49 - [TEST_STEP][PASSED] - else: null

18-11-2024T02:52:49 - [TEST_STEP][PASSED] - if (PercPlanR == "нет данных"): null

18-11-2024T02:52:49 - [TEST_STEP][PASSED] - setValueToCellByIndex(sheet01, n, 4, "нет данных"): null

18-11-2024T02:52:49 - [TEST_STEP][PASSED] - if (PercPlanB == null): null

18-11-2024T02:52:49 - [TEST_STEP][PASSED] - else: null

18-11-2024T02:52:49 - [TEST_STEP][PASSED] - if (PercPlanB == "нет данных"): null

18-11-2024T02:52:49 - [TEST_STEP][PASSED] - else: null

18-11-2024T02:52:49 - [TEST_STEP][PASSED] - PB = PercPlanB.toDouble(): null

18-11-2024T02:52:49 - [TEST_STEP][PASSED] - setValueToCellByIndex(sheet01, n, 5, PB): null

18-11-2024T02:52:49 - [TEST_STEP][PASSED] - setValueToCellByIndex(sheet01, n, 6, m): null

18-11-2024T02:52:49 - [TEST_STEP][PASSED] - setValueToCellByIndex(sheet01, n, 7, y): null

18-11-2024T02:52:49 - [TEST_STEP][PASSED] - setValueToCellByIndex(sheet01, n, 8, todaysDate): null

18-11-2024T02:52:49 - [TEST_STEP][PASSED] - n = n + 1: null

18-11-2024T02:52:49 - [TEST_STEP][PASSED] - saveWorkbook(excelFilePath, workbook01): null

18-11-2024T02:52:50 - [TEST_STEP][PASSED] - typeOfData = "Факт": null

18-11-2024T02:52:50 - [TEST_STEP][PASSED] - PercFactR = GetPercFactR(x = a): null

18-11-2024T02:52:50 - [TEST_STEP][PASSED] - i1 = <not implemented yet for class: org.codehaus.groovy.ast.expr.EmptyExpression>: null

18-11-2024T02:52:50 - [TEST_STEP][PASSED] - ii = <not implemented yet for class: org.codehaus.groovy.ast.expr.EmptyExpression>: null

18-11-2024T02:52:50 - [TEST_STEP][PASSED] - for ([ii = 1, ii < 3, (ii++)]): null

18-11-2024T02:52:50 - [TEST_STEP][PASSED] - i1 = x.indexOf("/") + 1: null

18-11-2024T02:52:50 - [TEST_STEP][PASSED] - if (i1 > -1): null

18-11-2024T02:52:50 - [TEST_STEP][PASSED] - x = x.substring(i1, x.length()): null

18-11-2024T02:52:50 - [TEST_STEP][PASSED] - println(x): null

18-11-2024T02:52:50 - [TEST_STEP][PASSED] - i1 = x.indexOf("/") + 1: null

18-11-2024T02:52:50 - [TEST_STEP][PASSED] - if (i1 > -1): null

18-11-2024T02:52:50 - [TEST_STEP][PASSED] - x = x.substring(i1, x.length()): null

18-11-2024T02:52:50 - [TEST_STEP][PASSED] - println(x): null

18-11-2024T02:52:50 - [TEST_STEP][PASSED] - i1 = x.indexOf("/"): null

18-11-2024T02:52:50 - [TEST_STEP][PASSED] - if (i1 > -1): null

18-11-2024T02:52:50 - [TEST_STEP][PASSED] - x = x.substring(0, i1): null

18-11-2024T02:52:50 - [TEST_STEP][PASSED] - println(x): null

18-11-2024T02:52:50 - [TEST_STEP][PASSED] - return x: null

18-11-2024T02:52:50 - [TEST_STEP][PASSED] - PercFactB = GetPercFactB(x = b): null

18-11-2024T02:52:50 - [TEST_STEP][PASSED] - i1 = <not implemented yet for class: org.codehaus.groovy.ast.expr.EmptyExpression>: null

18-11-2024T02:52:50 - [TEST_STEP][PASSED] - ii = <not implemented yet for class: org.codehaus.groovy.ast.expr.EmptyExpression>: null

18-11-2024T02:52:50 - [TEST_STEP][PASSED] - for ([ii = 1, ii < 3, (ii++)]): null

18-11-2024T02:52:50 - [TEST_STEP][PASSED] - i1 = x.indexOf("/") + 1: null

18-11-2024T02:52:50 - [TEST_STEP][PASSED] - if (i1 > -1): null

18-11-2024T02:52:50 - [TEST_STEP][PASSED] - x = x.substring(i1, x.length()): null

18-11-2024T02:52:50 - [TEST_STEP][PASSED] - println(x): null

18-11-2024T02:52:50 - [TEST_STEP][PASSED] - i1 = x.indexOf("/") + 1: null

18-11-2024T02:52:50 - [TEST_STEP][PASSED] - if (i1 > -1): null

18-11-2024T02:52:50 - [TEST_STEP][PASSED] - x = x.substring(i1, x.length()): null

18-11-2024T02:52:50 - [TEST_STEP][PASSED] - println(x): null

18-11-2024T02:52:50 - [TEST_STEP][PASSED] - i1 = x.indexOf("/"): null

18-11-2024T02:52:50 - [TEST_STEP][PASSED] - if (i1 > -1): null

18-11-2024T02:52:50 - [TEST_STEP][PASSED] - x = x.substring(0, i1): null

18-11-2024T02:52:50 - [TEST_STEP][PASSED] - println(x): null

18-11-2024T02:52:50 - [TEST_STEP][FAILED] - return x: null

18-11-2024T02:52:50 - [TEST_STEP][FAILED] - if (verifyEqual(PercFactR, PercFactB) == false): null

18-11-2024T02:52:50 - [MESSAGE][FAILED] - Unable to verify equal between actual object 'нет данных' and expected object '5.56' (Root cause: com.kms.katalon.core.exception.StepFailedException: Actual object 'нет данных' and expected object '5.56' are not equal
	at com.kms.katalon.core.keyword.builtin.VerifyEqualKeyword$_verifyEqual_closure1.doCall(VerifyEqualKeyword.groovy:58)
	at com.kms.katalon.core.keyword.builtin.VerifyEqualKeyword$_verifyEqual_closure1.call(VerifyEqualKeyword.groovy)
	at com.kms.katalon.core.keyword.internal.KeywordMain.runKeyword(KeywordMain.groovy:75)
	at com.kms.katalon.core.keyword.builtin.VerifyEqualKeyword.verifyEqual(VerifyEqualKeyword.groovy:63)
	at com.kms.katalon.core.keyword.builtin.VerifyEqualKeyword.execute(VerifyEqualKeyword.groovy:44)
	at com.kms.katalon.core.keyword.internal.KeywordExecutor.executeKeywordForPlatform(KeywordExecutor.groovy:74)
	at com.kms.katalon.core.keyword.BuiltinKeywords.verifyEqual(BuiltinKeywords.groovy:146)
	at jdk.internal.reflect.GeneratedMethodAccessor25.invoke(Unknown Source)
	at java.base/jdk.internal.reflect.DelegatingMethodAccessorImpl.invoke(DelegatingMethodAccessorImpl.java:43)
	at Выполнение бизнес-плана сверка дашбордов.CompareDZOData(Выполнение бизнес-плана сверка дашбордов:693)
	at Выполнение бизнес-плана сверка дашбордов.run(Выполнение бизнес-плана сверка дашбордов:643)
	at com.kms.katalon.core.main.ScriptEngine.run(ScriptEngine.java:194)
	at com.kms.katalon.core.main.ScriptEngine.runScriptAsRawText(ScriptEngine.java:119)
	at com.kms.katalon.core.main.TestCaseExecutor.runScript(TestCaseExecutor.java:448)
	at com.kms.katalon.core.main.TestCaseExecutor.doExecute(TestCaseExecutor.java:439)
	at com.kms.katalon.core.main.TestCaseExecutor.processExecutionPhase(TestCaseExecutor.java:418)
	at com.kms.katalon.core.main.TestCaseExecutor.accessMainPhase(TestCaseExecutor.java:410)
	at com.kms.katalon.core.main.TestCaseExecutor.execute(TestCaseExecutor.java:285)
	at com.kms.katalon.core.common.CommonExecutor.accessTestCaseMainPhase(CommonExecutor.java:65)
	at com.kms.katalon.core.main.TestSuiteExecutor.accessTestSuiteMainPhase(TestSuiteExecutor.java:150)
	at com.kms.katalon.core.main.TestSuiteExecutor.execute(TestSuiteExecutor.java:106)
	at com.kms.katalon.core.main.TestCaseMain.startTestSuite(TestCaseMain.java:180)
	at TempTestSuite1731886967590.run(TempTestSuite1731886967590.groovy:35)
	at java.base/jdk.internal.reflect.NativeMethodAccessorImpl.invoke0(Native Method)
	at java.base/jdk.internal.reflect.NativeMethodAccessorImpl.invoke(NativeMethodAccessorImpl.java:77)
	at java.base/jdk.internal.reflect.DelegatingMethodAccessorImpl.invoke(DelegatingMethodAccessorImpl.java:43)
)

18-11-2024T02:52:50 - [TEST_STEP][PASSED] - result = WriteToExcel(typeOfData, todaysDate, PercPlanR, PercPlanB, PercFactR, PercFactB, x, tabR, tabB, o1R, o1B, vidget): null

18-11-2024T02:52:50 - [TEST_STEP][PASSED] - iii = dZO.indexOf("/"): null

18-11-2024T02:52:50 - [TEST_STEP][PASSED] - println(iii): null

18-11-2024T02:52:50 - [TEST_STEP][PASSED] - dZO = dZO.substring(0, iii): null

18-11-2024T02:52:50 - [TEST_STEP][PASSED] - println(dZO): null

18-11-2024T02:52:50 - [TEST_STEP][PASSED] - println(PercPlanR): null

18-11-2024T02:52:50 - [TEST_STEP][PASSED] - println(PercPlanB): null

18-11-2024T02:52:50 - [TEST_STEP][PASSED] - println(PercFactR): null

18-11-2024T02:52:50 - [TEST_STEP][PASSED] - println(PercFactB): null

18-11-2024T02:52:50 - [TEST_STEP][PASSED] - println(tabR): null

18-11-2024T02:52:50 - [TEST_STEP][PASSED] - println(tabB): null

18-11-2024T02:52:50 - [TEST_STEP][PASSED] - println(o1R): null

18-11-2024T02:52:50 - [TEST_STEP][PASSED] - println(o1B): null

18-11-2024T02:52:50 - [TEST_STEP][PASSED] - PR = <not implemented yet for class: org.codehaus.groovy.ast.expr.EmptyExpression>: null

18-11-2024T02:52:50 - [TEST_STEP][PASSED] - FR = <not implemented yet for class: org.codehaus.groovy.ast.expr.EmptyExpression>: null

18-11-2024T02:52:50 - [TEST_STEP][PASSED] - PB = <not implemented yet for class: org.codehaus.groovy.ast.expr.EmptyExpression>: null

18-11-2024T02:52:50 - [TEST_STEP][PASSED] - FB = <not implemented yet for class: org.codehaus.groovy.ast.expr.EmptyExpression>: null

18-11-2024T02:52:50 - [TEST_STEP][PASSED] - TR = <not implemented yet for class: org.codehaus.groovy.ast.expr.EmptyExpression>: null

18-11-2024T02:52:50 - [TEST_STEP][PASSED] - TB = <not implemented yet for class: org.codehaus.groovy.ast.expr.EmptyExpression>: null

18-11-2024T02:52:50 - [TEST_STEP][PASSED] - sheetName = "Sheet1": null

18-11-2024T02:52:50 - [TEST_STEP][PASSED] - data = findTestData("PlanFact"): null

18-11-2024T02:52:50 - [TEST_STEP][PASSED] - n = data.getRowNumbers() + 1: null

18-11-2024T02:52:50 - [TEST_STEP][PASSED] - year = todaysDate.substring(todaysDate.length() - 4, todaysDate.length()): null

18-11-2024T02:52:50 - [TEST_STEP][PASSED] - y = year.toInteger(): null

18-11-2024T02:52:50 - [TEST_STEP][PASSED] - m = getText(findTestObject("Выполнение бизнес-плана/Выполнение бизнес-плана Балансы/Фильтр Дата")): Text of object 'Object Repository/Выполнение бизнес-плана/Выполнение бизнес-плана Балансы/Фильтр Дата' is: '1, 2, 3 кв. 2024 года'

18-11-2024T02:52:50 - [MESSAGE][PASSED] - Text of object 'Object Repository/Выполнение бизнес-плана/Выполнение бизнес-плана Балансы/Фильтр Дата' is: '1, 2, 3 кв. 2024 года'

18-11-2024T02:52:50 - [TEST_STEP][PASSED] - m = m.substring(0, m.indexOf("2024")): null

18-11-2024T02:52:50 - [TEST_STEP][PASSED] - m = m.trim(): null

18-11-2024T02:52:50 - [TEST_STEP][PASSED] - dashboardName = "Выполнение бизнес-плана": null

18-11-2024T02:52:50 - [TEST_STEP][PASSED] - workbook01 = getWorkbook(excelFilePath): null

18-11-2024T02:52:50 - [TEST_STEP][PASSED] - sheet01 = getExcelSheet(workbook01, sheetName): null

18-11-2024T02:52:50 - [TEST_STEP][PASSED] - setValueToCellByIndex(sheet01, n, 0, dashboardName): null

18-11-2024T02:52:50 - [TEST_STEP][PASSED] - setValueToCellByIndex(sheet01, n, 1, dZO): null

18-11-2024T02:52:50 - [TEST_STEP][PASSED] - setValueToCellByIndex(sheet01, n, 2, typeOfData): null

18-11-2024T02:52:50 - [TEST_STEP][PASSED] - setValueToCellByIndex(sheet01, n, 3, typeOfData): null

18-11-2024T02:52:50 - [TEST_STEP][PASSED] - if (typeOfData == "План"): null

18-11-2024T02:52:50 - [TEST_STEP][PASSED] - else if (typeOfData == "Факт"): null

18-11-2024T02:52:50 - [TEST_STEP][PASSED] - if (PercFactR == null): null

18-11-2024T02:52:50 - [TEST_STEP][PASSED] - else: null

18-11-2024T02:52:50 - [TEST_STEP][PASSED] - if (PercFactR == "нет данных"): null

18-11-2024T02:52:50 - [TEST_STEP][PASSED] - setValueToCellByIndex(sheet01, n, 4, "нет данных"): null

18-11-2024T02:52:50 - [TEST_STEP][PASSED] - if (PercFactB == null): null

18-11-2024T02:52:50 - [TEST_STEP][PASSED] - else: null

18-11-2024T02:52:50 - [TEST_STEP][PASSED] - if (PercFactB == "нет данных"): null

18-11-2024T02:52:50 - [TEST_STEP][PASSED] - else: null

18-11-2024T02:52:50 - [TEST_STEP][PASSED] - FB = PercFactB.toDouble(): null

18-11-2024T02:52:50 - [TEST_STEP][PASSED] - setValueToCellByIndex(sheet01, n, 5, FB): null

18-11-2024T02:52:50 - [TEST_STEP][PASSED] - setValueToCellByIndex(sheet01, n, 6, m): null

18-11-2024T02:52:50 - [TEST_STEP][PASSED] - setValueToCellByIndex(sheet01, n, 7, y): null

18-11-2024T02:52:50 - [TEST_STEP][PASSED] - setValueToCellByIndex(sheet01, n, 8, todaysDate): null

18-11-2024T02:52:50 - [TEST_STEP][PASSED] - n = n + 1: null

18-11-2024T02:52:50 - [TEST_STEP][PASSED] - saveWorkbook(excelFilePath, workbook01): null

18-11-2024T02:52:50 - [TEST_STEP][PASSED] - vidget = "Показатели баланса электроэнергии по ДЗО – Факт": null

18-11-2024T02:52:50 - [TEST_STEP][PASSED] - typeOfData = "Факт Отпуск в сеть": null

18-11-2024T02:52:50 - [TEST_STEP][PASSED] - tabR = GetOvSFactR(x = a): null

18-11-2024T02:52:50 - [TEST_STEP][PASSED] - i1 = <not implemented yet for class: org.codehaus.groovy.ast.expr.EmptyExpression>: null

18-11-2024T02:52:50 - [TEST_STEP][PASSED] - ii = <not implemented yet for class: org.codehaus.groovy.ast.expr.EmptyExpression>: null

18-11-2024T02:52:50 - [TEST_STEP][PASSED] - for ([ii = 1, ii < 4, (ii++)]): null

18-11-2024T02:52:50 - [TEST_STEP][PASSED] - i1 = x.indexOf("/") + 1: null

18-11-2024T02:52:50 - [TEST_STEP][PASSED] - if (i1 > -1): null

18-11-2024T02:52:50 - [TEST_STEP][PASSED] - x = x.substring(i1, x.length()): null

18-11-2024T02:52:50 - [TEST_STEP][PASSED] - println(x): null

18-11-2024T02:52:50 - [TEST_STEP][PASSED] - i1 = x.indexOf("/") + 1: null

18-11-2024T02:52:50 - [TEST_STEP][PASSED] - if (i1 > -1): null

18-11-2024T02:52:50 - [TEST_STEP][PASSED] - x = x.substring(i1, x.length()): null

18-11-2024T02:52:50 - [TEST_STEP][PASSED] - println(x): null

18-11-2024T02:52:50 - [TEST_STEP][PASSED] - i1 = x.indexOf("/") + 1: null

18-11-2024T02:52:50 - [TEST_STEP][PASSED] - if (i1 > -1): null

18-11-2024T02:52:50 - [TEST_STEP][PASSED] - x = x.substring(i1, x.length()): null

18-11-2024T02:52:50 - [TEST_STEP][PASSED] - println(x): null

18-11-2024T02:52:50 - [TEST_STEP][PASSED] - i1 = x.indexOf("/"): null

18-11-2024T02:52:50 - [TEST_STEP][PASSED] - if (i1 > -1): null

18-11-2024T02:52:50 - [TEST_STEP][PASSED] - x = x.substring(0, i1): null

18-11-2024T02:52:50 - [TEST_STEP][PASSED] - println(x): null

18-11-2024T02:52:50 - [TEST_STEP][PASSED] - return x: null

18-11-2024T02:52:50 - [TEST_STEP][PASSED] - tabB = GetOvSFactB(x = b): null

18-11-2024T02:52:50 - [TEST_STEP][PASSED] - i1 = <not implemented yet for class: org.codehaus.groovy.ast.expr.EmptyExpression>: null

18-11-2024T02:52:50 - [TEST_STEP][PASSED] - ii = <not implemented yet for class: org.codehaus.groovy.ast.expr.EmptyExpression>: null

18-11-2024T02:52:50 - [TEST_STEP][PASSED] - for ([ii = 1, ii < 4, (ii++)]): null

18-11-2024T02:52:50 - [TEST_STEP][PASSED] - i1 = x.indexOf("/") + 1: null

18-11-2024T02:52:50 - [TEST_STEP][PASSED] - if (i1 > -1): null

18-11-2024T02:52:50 - [TEST_STEP][PASSED] - x = x.substring(i1, x.length()): null

18-11-2024T02:52:50 - [TEST_STEP][PASSED] - println(x): null

18-11-2024T02:52:50 - [TEST_STEP][PASSED] - i1 = x.indexOf("/") + 1: null

18-11-2024T02:52:50 - [TEST_STEP][PASSED] - if (i1 > -1): null

18-11-2024T02:52:50 - [TEST_STEP][PASSED] - x = x.substring(i1, x.length()): null

18-11-2024T02:52:50 - [TEST_STEP][PASSED] - println(x): null

18-11-2024T02:52:50 - [TEST_STEP][PASSED] - i1 = x.indexOf("/") + 1: null

18-11-2024T02:52:50 - [TEST_STEP][PASSED] - if (i1 > -1): null

18-11-2024T02:52:50 - [TEST_STEP][PASSED] - x = x.substring(i1, x.length()): null

18-11-2024T02:52:50 - [TEST_STEP][PASSED] - println(x): null

18-11-2024T02:52:50 - [TEST_STEP][PASSED] - i1 = x.indexOf("/"): null

18-11-2024T02:52:50 - [TEST_STEP][PASSED] - if (i1 > -1): null

18-11-2024T02:52:50 - [TEST_STEP][PASSED] - x = x.substring(0, i1): null

18-11-2024T02:52:50 - [TEST_STEP][PASSED] - println(x): null

18-11-2024T02:52:50 - [TEST_STEP][FAILED] - return x: null

18-11-2024T02:52:50 - [TEST_STEP][FAILED] - if (verifyEqual(tabR, tabB) == false): null

18-11-2024T02:52:50 - [MESSAGE][FAILED] - Unable to verify equal between actual object 'нет данных' and expected object '53993193' (Root cause: com.kms.katalon.core.exception.StepFailedException: Actual object 'нет данных' and expected object '53993193' are not equal
	at com.kms.katalon.core.keyword.builtin.VerifyEqualKeyword$_verifyEqual_closure1.doCall(VerifyEqualKeyword.groovy:58)
	at com.kms.katalon.core.keyword.builtin.VerifyEqualKeyword$_verifyEqual_closure1.call(VerifyEqualKeyword.groovy)
	at com.kms.katalon.core.keyword.internal.KeywordMain.runKeyword(KeywordMain.groovy:75)
	at com.kms.katalon.core.keyword.builtin.VerifyEqualKeyword.verifyEqual(VerifyEqualKeyword.groovy:63)
	at com.kms.katalon.core.keyword.builtin.VerifyEqualKeyword.execute(VerifyEqualKeyword.groovy:44)
	at com.kms.katalon.core.keyword.internal.KeywordExecutor.executeKeywordForPlatform(KeywordExecutor.groovy:74)
	at com.kms.katalon.core.keyword.BuiltinKeywords.verifyEqual(BuiltinKeywords.groovy:146)
	at jdk.internal.reflect.GeneratedMethodAccessor25.invoke(Unknown Source)
	at java.base/jdk.internal.reflect.DelegatingMethodAccessorImpl.invoke(DelegatingMethodAccessorImpl.java:43)
	at Выполнение бизнес-плана сверка дашбордов.CompareDZOData(Выполнение бизнес-плана сверка дашбордов:706)
	at Выполнение бизнес-плана сверка дашбордов.run(Выполнение бизнес-плана сверка дашбордов:643)
	at com.kms.katalon.core.main.ScriptEngine.run(ScriptEngine.java:194)
	at com.kms.katalon.core.main.ScriptEngine.runScriptAsRawText(ScriptEngine.java:119)
	at com.kms.katalon.core.main.TestCaseExecutor.runScript(TestCaseExecutor.java:448)
	at com.kms.katalon.core.main.TestCaseExecutor.doExecute(TestCaseExecutor.java:439)
	at com.kms.katalon.core.main.TestCaseExecutor.processExecutionPhase(TestCaseExecutor.java:418)
	at com.kms.katalon.core.main.TestCaseExecutor.accessMainPhase(TestCaseExecutor.java:410)
	at com.kms.katalon.core.main.TestCaseExecutor.execute(TestCaseExecutor.java:285)
	at com.kms.katalon.core.common.CommonExecutor.accessTestCaseMainPhase(CommonExecutor.java:65)
	at com.kms.katalon.core.main.TestSuiteExecutor.accessTestSuiteMainPhase(TestSuiteExecutor.java:150)
	at com.kms.katalon.core.main.TestSuiteExecutor.execute(TestSuiteExecutor.java:106)
	at com.kms.katalon.core.main.TestCaseMain.startTestSuite(TestCaseMain.java:180)
	at TempTestSuite1731886967590.run(TempTestSuite1731886967590.groovy:35)
	at java.base/jdk.internal.reflect.NativeMethodAccessorImpl.invoke0(Native Method)
	at java.base/jdk.internal.reflect.NativeMethodAccessorImpl.invoke(NativeMethodAccessorImpl.java:77)
	at java.base/jdk.internal.reflect.DelegatingMethodAccessorImpl.invoke(DelegatingMethodAccessorImpl.java:43)
)

18-11-2024T02:52:50 - [TEST_STEP][PASSED] - result = WriteToExcel(typeOfData, todaysDate, PercPlanR, PercPlanB, PercFactR, PercFactB, x, tabR, tabB, o1R, o1B, vidget): null

18-11-2024T02:52:50 - [TEST_STEP][PASSED] - iii = dZO.indexOf("/"): null

18-11-2024T02:52:50 - [TEST_STEP][PASSED] - println(iii): null

18-11-2024T02:52:50 - [TEST_STEP][PASSED] - dZO = dZO.substring(0, iii): null

18-11-2024T02:52:50 - [TEST_STEP][PASSED] - println(dZO): null

18-11-2024T02:52:50 - [TEST_STEP][PASSED] - println(PercPlanR): null

18-11-2024T02:52:50 - [TEST_STEP][PASSED] - println(PercPlanB): null

18-11-2024T02:52:50 - [TEST_STEP][PASSED] - println(PercFactR): null

18-11-2024T02:52:50 - [TEST_STEP][PASSED] - println(PercFactB): null

18-11-2024T02:52:50 - [TEST_STEP][PASSED] - println(tabR): null

18-11-2024T02:52:50 - [TEST_STEP][PASSED] - println(tabB): null

18-11-2024T02:52:50 - [TEST_STEP][PASSED] - println(o1R): null

18-11-2024T02:52:50 - [TEST_STEP][PASSED] - println(o1B): null

18-11-2024T02:52:50 - [TEST_STEP][PASSED] - PR = <not implemented yet for class: org.codehaus.groovy.ast.expr.EmptyExpression>: null

18-11-2024T02:52:50 - [TEST_STEP][PASSED] - FR = <not implemented yet for class: org.codehaus.groovy.ast.expr.EmptyExpression>: null

18-11-2024T02:52:50 - [TEST_STEP][PASSED] - PB = <not implemented yet for class: org.codehaus.groovy.ast.expr.EmptyExpression>: null

18-11-2024T02:52:50 - [TEST_STEP][PASSED] - FB = <not implemented yet for class: org.codehaus.groovy.ast.expr.EmptyExpression>: null

18-11-2024T02:52:50 - [TEST_STEP][PASSED] - TR = <not implemented yet for class: org.codehaus.groovy.ast.expr.EmptyExpression>: null

18-11-2024T02:52:50 - [TEST_STEP][PASSED] - TB = <not implemented yet for class: org.codehaus.groovy.ast.expr.EmptyExpression>: null

18-11-2024T02:52:50 - [TEST_STEP][PASSED] - sheetName = "Sheet1": null

18-11-2024T02:52:50 - [TEST_STEP][PASSED] - data = findTestData("PlanFact"): null

18-11-2024T02:52:50 - [TEST_STEP][PASSED] - n = data.getRowNumbers() + 1: null

18-11-2024T02:52:50 - [TEST_STEP][PASSED] - year = todaysDate.substring(todaysDate.length() - 4, todaysDate.length()): null

18-11-2024T02:52:50 - [TEST_STEP][PASSED] - y = year.toInteger(): null

18-11-2024T02:52:50 - [TEST_STEP][PASSED] - m = getText(findTestObject("Выполнение бизнес-плана/Выполнение бизнес-плана Балансы/Фильтр Дата")): Text of object 'Object Repository/Выполнение бизнес-плана/Выполнение бизнес-плана Балансы/Фильтр Дата' is: '1, 2, 3 кв. 2024 года'

18-11-2024T02:52:51 - [MESSAGE][PASSED] - Text of object 'Object Repository/Выполнение бизнес-плана/Выполнение бизнес-плана Балансы/Фильтр Дата' is: '1, 2, 3 кв. 2024 года'

18-11-2024T02:52:51 - [TEST_STEP][PASSED] - m = m.substring(0, m.indexOf("2024")): null

18-11-2024T02:52:51 - [TEST_STEP][PASSED] - m = m.trim(): null

18-11-2024T02:52:51 - [TEST_STEP][PASSED] - dashboardName = "Выполнение бизнес-плана": null

18-11-2024T02:52:51 - [TEST_STEP][PASSED] - workbook01 = getWorkbook(excelFilePath): null

18-11-2024T02:52:51 - [TEST_STEP][PASSED] - sheet01 = getExcelSheet(workbook01, sheetName): null

18-11-2024T02:52:51 - [TEST_STEP][PASSED] - setValueToCellByIndex(sheet01, n, 0, dashboardName): null

18-11-2024T02:52:51 - [TEST_STEP][PASSED] - setValueToCellByIndex(sheet01, n, 1, dZO): null

18-11-2024T02:52:51 - [TEST_STEP][PASSED] - setValueToCellByIndex(sheet01, n, 2, typeOfData): null

18-11-2024T02:52:51 - [TEST_STEP][PASSED] - setValueToCellByIndex(sheet01, n, 3, typeOfData): null

18-11-2024T02:52:51 - [TEST_STEP][PASSED] - if (typeOfData == "План"): null

18-11-2024T02:52:51 - [TEST_STEP][PASSED] - else if (typeOfData == "Факт"): null

18-11-2024T02:52:51 - [TEST_STEP][PASSED] - else if (vidget.contains("электроэнергии") == true): null

18-11-2024T02:52:51 - [TEST_STEP][PASSED] - if (tabR == null): null

18-11-2024T02:52:51 - [TEST_STEP][PASSED] - else: null

18-11-2024T02:52:51 - [TEST_STEP][PASSED] - if (tabR == "нет данных"): null

18-11-2024T02:52:51 - [TEST_STEP][PASSED] - setValueToCellByIndex(sheet01, n, 4, "нет данных"): null

18-11-2024T02:52:51 - [TEST_STEP][PASSED] - if (tabB == null): null

18-11-2024T02:52:51 - [TEST_STEP][PASSED] - else: null

18-11-2024T02:52:51 - [TEST_STEP][PASSED] - if (tabB == "нет данных"): null

18-11-2024T02:52:51 - [TEST_STEP][PASSED] - else: null

18-11-2024T02:52:51 - [TEST_STEP][PASSED] - TB = tabB.toInteger(): null

18-11-2024T02:52:51 - [TEST_STEP][PASSED] - setValueToCellByIndex(sheet01, n, 5, TB): null

18-11-2024T02:52:51 - [TEST_STEP][PASSED] - setValueToCellByIndex(sheet01, n, 6, m): null

18-11-2024T02:52:51 - [TEST_STEP][PASSED] - setValueToCellByIndex(sheet01, n, 7, y): null

18-11-2024T02:52:51 - [TEST_STEP][PASSED] - setValueToCellByIndex(sheet01, n, 8, todaysDate): null

18-11-2024T02:52:51 - [TEST_STEP][PASSED] - n = n + 1: null

18-11-2024T02:52:51 - [TEST_STEP][PASSED] - saveWorkbook(excelFilePath, workbook01): null

18-11-2024T02:52:51 - [TEST_STEP][PASSED] - typeOfData = "Факт Отпуск из сети": null

18-11-2024T02:52:51 - [TEST_STEP][PASSED] - tabR = GetOiSFactR(x = a): null

18-11-2024T02:52:51 - [TEST_STEP][PASSED] - i1 = <not implemented yet for class: org.codehaus.groovy.ast.expr.EmptyExpression>: null

18-11-2024T02:52:51 - [TEST_STEP][PASSED] - ii = <not implemented yet for class: org.codehaus.groovy.ast.expr.EmptyExpression>: null

18-11-2024T02:52:51 - [TEST_STEP][PASSED] - for ([ii = 1, ii < 5, (ii++)]): null

18-11-2024T02:52:51 - [TEST_STEP][PASSED] - i1 = x.indexOf("/") + 1: null

18-11-2024T02:52:51 - [TEST_STEP][PASSED] - if (i1 > -1): null

18-11-2024T02:52:51 - [TEST_STEP][PASSED] - x = x.substring(i1, x.length()): null

18-11-2024T02:52:51 - [TEST_STEP][PASSED] - println(x): null

18-11-2024T02:52:51 - [TEST_STEP][PASSED] - i1 = x.indexOf("/") + 1: null

18-11-2024T02:52:51 - [TEST_STEP][PASSED] - if (i1 > -1): null

18-11-2024T02:52:51 - [TEST_STEP][PASSED] - x = x.substring(i1, x.length()): null

18-11-2024T02:52:51 - [TEST_STEP][PASSED] - println(x): null

18-11-2024T02:52:51 - [TEST_STEP][PASSED] - i1 = x.indexOf("/") + 1: null

18-11-2024T02:52:51 - [TEST_STEP][PASSED] - if (i1 > -1): null

18-11-2024T02:52:51 - [TEST_STEP][PASSED] - x = x.substring(i1, x.length()): null

18-11-2024T02:52:51 - [TEST_STEP][PASSED] - println(x): null

18-11-2024T02:52:51 - [TEST_STEP][PASSED] - i1 = x.indexOf("/") + 1: null

18-11-2024T02:52:51 - [TEST_STEP][PASSED] - if (i1 > -1): null

18-11-2024T02:52:51 - [TEST_STEP][PASSED] - x = x.substring(i1, x.length()): null

18-11-2024T02:52:51 - [TEST_STEP][PASSED] - println(x): null

18-11-2024T02:52:51 - [TEST_STEP][PASSED] - i1 = x.indexOf("/"): null

18-11-2024T02:52:51 - [TEST_STEP][PASSED] - if (i1 > -1): null

18-11-2024T02:52:51 - [TEST_STEP][PASSED] - x = x.substring(0, i1): null

18-11-2024T02:52:51 - [TEST_STEP][PASSED] - println(x): null

18-11-2024T02:52:51 - [TEST_STEP][PASSED] - return x: null

18-11-2024T02:52:51 - [TEST_STEP][PASSED] - tabB = GetOiSFactB(x = b): null

18-11-2024T02:52:51 - [TEST_STEP][PASSED] - i1 = <not implemented yet for class: org.codehaus.groovy.ast.expr.EmptyExpression>: null

18-11-2024T02:52:51 - [TEST_STEP][PASSED] - ii = <not implemented yet for class: org.codehaus.groovy.ast.expr.EmptyExpression>: null

18-11-2024T02:52:51 - [TEST_STEP][PASSED] - for ([ii = 1, ii < 5, (ii++)]): null

18-11-2024T02:52:51 - [TEST_STEP][PASSED] - i1 = x.indexOf("/") + 1: null

18-11-2024T02:52:51 - [TEST_STEP][PASSED] - if (i1 > -1): null

18-11-2024T02:52:51 - [TEST_STEP][PASSED] - x = x.substring(i1, x.length()): null

18-11-2024T02:52:51 - [TEST_STEP][PASSED] - println(x): null

18-11-2024T02:52:51 - [TEST_STEP][PASSED] - i1 = x.indexOf("/") + 1: null

18-11-2024T02:52:51 - [TEST_STEP][PASSED] - if (i1 > -1): null

18-11-2024T02:52:51 - [TEST_STEP][PASSED] - x = x.substring(i1, x.length()): null

18-11-2024T02:52:51 - [TEST_STEP][PASSED] - println(x): null

18-11-2024T02:52:51 - [TEST_STEP][PASSED] - i1 = x.indexOf("/") + 1: null

18-11-2024T02:52:51 - [TEST_STEP][PASSED] - if (i1 > -1): null

18-11-2024T02:52:51 - [TEST_STEP][PASSED] - x = x.substring(i1, x.length()): null

18-11-2024T02:52:51 - [TEST_STEP][PASSED] - println(x): null

18-11-2024T02:52:51 - [TEST_STEP][PASSED] - i1 = x.indexOf("/") + 1: null

18-11-2024T02:52:51 - [TEST_STEP][PASSED] - if (i1 > -1): null

18-11-2024T02:52:51 - [TEST_STEP][PASSED] - x = x.substring(i1, x.length()): null

18-11-2024T02:52:51 - [TEST_STEP][PASSED] - println(x): null

18-11-2024T02:52:51 - [TEST_STEP][PASSED] - i1 = x.indexOf("/"): null

18-11-2024T02:52:51 - [TEST_STEP][PASSED] - if (i1 > -1): null

18-11-2024T02:52:51 - [TEST_STEP][PASSED] - x = x.substring(0, i1): null

18-11-2024T02:52:51 - [TEST_STEP][PASSED] - println(x): null

18-11-2024T02:52:51 - [TEST_STEP][FAILED] - return x: null

18-11-2024T02:52:51 - [TEST_STEP][FAILED] - if (verifyEqual(tabR, tabB) == false): null

18-11-2024T02:52:51 - [MESSAGE][FAILED] - Unable to verify equal between actual object 'нет данных' and expected object '50992089' (Root cause: com.kms.katalon.core.exception.StepFailedException: Actual object 'нет данных' and expected object '50992089' are not equal
	at com.kms.katalon.core.keyword.builtin.VerifyEqualKeyword$_verifyEqual_closure1.doCall(VerifyEqualKeyword.groovy:58)
	at com.kms.katalon.core.keyword.builtin.VerifyEqualKeyword$_verifyEqual_closure1.call(VerifyEqualKeyword.groovy)
	at com.kms.katalon.core.keyword.internal.KeywordMain.runKeyword(KeywordMain.groovy:75)
	at com.kms.katalon.core.keyword.builtin.VerifyEqualKeyword.verifyEqual(VerifyEqualKeyword.groovy:63)
	at com.kms.katalon.core.keyword.builtin.VerifyEqualKeyword.execute(VerifyEqualKeyword.groovy:44)
	at com.kms.katalon.core.keyword.internal.KeywordExecutor.executeKeywordForPlatform(KeywordExecutor.groovy:74)
	at com.kms.katalon.core.keyword.BuiltinKeywords.verifyEqual(BuiltinKeywords.groovy:146)
	at jdk.internal.reflect.GeneratedMethodAccessor25.invoke(Unknown Source)
	at java.base/jdk.internal.reflect.DelegatingMethodAccessorImpl.invoke(DelegatingMethodAccessorImpl.java:43)
	at Выполнение бизнес-плана сверка дашбордов.CompareDZOData(Выполнение бизнес-плана сверка дашбордов:717)
	at Выполнение бизнес-плана сверка дашбордов.run(Выполнение бизнес-плана сверка дашбордов:643)
	at com.kms.katalon.core.main.ScriptEngine.run(ScriptEngine.java:194)
	at com.kms.katalon.core.main.ScriptEngine.runScriptAsRawText(ScriptEngine.java:119)
	at com.kms.katalon.core.main.TestCaseExecutor.runScript(TestCaseExecutor.java:448)
	at com.kms.katalon.core.main.TestCaseExecutor.doExecute(TestCaseExecutor.java:439)
	at com.kms.katalon.core.main.TestCaseExecutor.processExecutionPhase(TestCaseExecutor.java:418)
	at com.kms.katalon.core.main.TestCaseExecutor.accessMainPhase(TestCaseExecutor.java:410)
	at com.kms.katalon.core.main.TestCaseExecutor.execute(TestCaseExecutor.java:285)
	at com.kms.katalon.core.common.CommonExecutor.accessTestCaseMainPhase(CommonExecutor.java:65)
	at com.kms.katalon.core.main.TestSuiteExecutor.accessTestSuiteMainPhase(TestSuiteExecutor.java:150)
	at com.kms.katalon.core.main.TestSuiteExecutor.execute(TestSuiteExecutor.java:106)
	at com.kms.katalon.core.main.TestCaseMain.startTestSuite(TestCaseMain.java:180)
	at TempTestSuite1731886967590.run(TempTestSuite1731886967590.groovy:35)
	at java.base/jdk.internal.reflect.NativeMethodAccessorImpl.invoke0(Native Method)
	at java.base/jdk.internal.reflect.NativeMethodAccessorImpl.invoke(NativeMethodAccessorImpl.java:77)
	at java.base/jdk.internal.reflect.DelegatingMethodAccessorImpl.invoke(DelegatingMethodAccessorImpl.java:43)
)

18-11-2024T02:52:51 - [TEST_STEP][PASSED] - result = WriteToExcel(typeOfData, todaysDate, PercPlanR, PercPlanB, PercFactR, PercFactB, x, tabR, tabB, o1R, o1B, vidget): null

18-11-2024T02:52:51 - [TEST_STEP][PASSED] - iii = dZO.indexOf("/"): null

18-11-2024T02:52:51 - [TEST_STEP][PASSED] - println(iii): null

18-11-2024T02:52:51 - [TEST_STEP][PASSED] - dZO = dZO.substring(0, iii): null

18-11-2024T02:52:51 - [TEST_STEP][PASSED] - println(dZO): null

18-11-2024T02:52:51 - [TEST_STEP][PASSED] - println(PercPlanR): null

18-11-2024T02:52:51 - [TEST_STEP][PASSED] - println(PercPlanB): null

18-11-2024T02:52:51 - [TEST_STEP][PASSED] - println(PercFactR): null

18-11-2024T02:52:51 - [TEST_STEP][PASSED] - println(PercFactB): null

18-11-2024T02:52:51 - [TEST_STEP][PASSED] - println(tabR): null

18-11-2024T02:52:51 - [TEST_STEP][PASSED] - println(tabB): null

18-11-2024T02:52:51 - [TEST_STEP][PASSED] - println(o1R): null

18-11-2024T02:52:51 - [TEST_STEP][PASSED] - println(o1B): null

18-11-2024T02:52:51 - [TEST_STEP][PASSED] - PR = <not implemented yet for class: org.codehaus.groovy.ast.expr.EmptyExpression>: null

18-11-2024T02:52:51 - [TEST_STEP][PASSED] - FR = <not implemented yet for class: org.codehaus.groovy.ast.expr.EmptyExpression>: null

18-11-2024T02:52:51 - [TEST_STEP][PASSED] - PB = <not implemented yet for class: org.codehaus.groovy.ast.expr.EmptyExpression>: null

18-11-2024T02:52:51 - [TEST_STEP][PASSED] - FB = <not implemented yet for class: org.codehaus.groovy.ast.expr.EmptyExpression>: null

18-11-2024T02:52:51 - [TEST_STEP][PASSED] - TR = <not implemented yet for class: org.codehaus.groovy.ast.expr.EmptyExpression>: null

18-11-2024T02:52:51 - [TEST_STEP][PASSED] - TB = <not implemented yet for class: org.codehaus.groovy.ast.expr.EmptyExpression>: null

18-11-2024T02:52:51 - [TEST_STEP][PASSED] - sheetName = "Sheet1": null

18-11-2024T02:52:51 - [TEST_STEP][PASSED] - data = findTestData("PlanFact"): null

18-11-2024T02:52:51 - [TEST_STEP][PASSED] - n = data.getRowNumbers() + 1: null

18-11-2024T02:52:51 - [TEST_STEP][PASSED] - year = todaysDate.substring(todaysDate.length() - 4, todaysDate.length()): null

18-11-2024T02:52:51 - [TEST_STEP][PASSED] - y = year.toInteger(): null

18-11-2024T02:52:51 - [TEST_STEP][PASSED] - m = getText(findTestObject("Выполнение бизнес-плана/Выполнение бизнес-плана Балансы/Фильтр Дата")): Text of object 'Object Repository/Выполнение бизнес-плана/Выполнение бизнес-плана Балансы/Фильтр Дата' is: '1, 2, 3 кв. 2024 года'

18-11-2024T02:52:51 - [MESSAGE][PASSED] - Text of object 'Object Repository/Выполнение бизнес-плана/Выполнение бизнес-плана Балансы/Фильтр Дата' is: '1, 2, 3 кв. 2024 года'

18-11-2024T02:52:51 - [TEST_STEP][PASSED] - m = m.substring(0, m.indexOf("2024")): null

18-11-2024T02:52:51 - [TEST_STEP][PASSED] - m = m.trim(): null

18-11-2024T02:52:51 - [TEST_STEP][PASSED] - dashboardName = "Выполнение бизнес-плана": null

18-11-2024T02:52:51 - [TEST_STEP][PASSED] - workbook01 = getWorkbook(excelFilePath): null

18-11-2024T02:52:51 - [TEST_STEP][PASSED] - sheet01 = getExcelSheet(workbook01, sheetName): null

18-11-2024T02:52:51 - [TEST_STEP][PASSED] - setValueToCellByIndex(sheet01, n, 0, dashboardName): null

18-11-2024T02:52:51 - [TEST_STEP][PASSED] - setValueToCellByIndex(sheet01, n, 1, dZO): null

18-11-2024T02:52:51 - [TEST_STEP][PASSED] - setValueToCellByIndex(sheet01, n, 2, typeOfData): null

18-11-2024T02:52:51 - [TEST_STEP][PASSED] - setValueToCellByIndex(sheet01, n, 3, typeOfData): null

18-11-2024T02:52:51 - [TEST_STEP][PASSED] - if (typeOfData == "План"): null

18-11-2024T02:52:51 - [TEST_STEP][PASSED] - else if (typeOfData == "Факт"): null

18-11-2024T02:52:51 - [TEST_STEP][PASSED] - else if (vidget.contains("электроэнергии") == true): null

18-11-2024T02:52:51 - [TEST_STEP][PASSED] - if (tabR == null): null

18-11-2024T02:52:51 - [TEST_STEP][PASSED] - else: null

18-11-2024T02:52:51 - [TEST_STEP][PASSED] - if (tabR == "нет данных"): null

18-11-2024T02:52:51 - [TEST_STEP][PASSED] - setValueToCellByIndex(sheet01, n, 4, "нет данных"): null

18-11-2024T02:52:51 - [TEST_STEP][PASSED] - if (tabB == null): null

18-11-2024T02:52:51 - [TEST_STEP][PASSED] - else: null

18-11-2024T02:52:51 - [TEST_STEP][PASSED] - if (tabB == "нет данных"): null

18-11-2024T02:52:51 - [TEST_STEP][PASSED] - else: null

18-11-2024T02:52:51 - [TEST_STEP][PASSED] - TB = tabB.toInteger(): null

18-11-2024T02:52:51 - [TEST_STEP][PASSED] - setValueToCellByIndex(sheet01, n, 5, TB): null

18-11-2024T02:52:51 - [TEST_STEP][PASSED] - setValueToCellByIndex(sheet01, n, 6, m): null

18-11-2024T02:52:51 - [TEST_STEP][PASSED] - setValueToCellByIndex(sheet01, n, 7, y): null

18-11-2024T02:52:51 - [TEST_STEP][PASSED] - setValueToCellByIndex(sheet01, n, 8, todaysDate): null

18-11-2024T02:52:51 - [TEST_STEP][PASSED] - n = n + 1: null

18-11-2024T02:52:51 - [TEST_STEP][PASSED] - saveWorkbook(excelFilePath, workbook01): null

18-11-2024T02:52:52 - [TEST_STEP][PASSED] - typeOfData = "Факт Потери": null

18-11-2024T02:52:52 - [TEST_STEP][PASSED] - tabR = GetPFactR(x = a): null

18-11-2024T02:52:52 - [TEST_STEP][PASSED] - i1 = <not implemented yet for class: org.codehaus.groovy.ast.expr.EmptyExpression>: null

18-11-2024T02:52:52 - [TEST_STEP][PASSED] - ii = <not implemented yet for class: org.codehaus.groovy.ast.expr.EmptyExpression>: null

18-11-2024T02:52:52 - [TEST_STEP][PASSED] - for ([ii = 1, ii < 6, (ii++)]): null

18-11-2024T02:52:52 - [TEST_STEP][PASSED] - i1 = x.indexOf("/") + 1: null

18-11-2024T02:52:52 - [TEST_STEP][PASSED] - if (i1 > -1): null

18-11-2024T02:52:52 - [TEST_STEP][PASSED] - x = x.substring(i1, x.length()): null

18-11-2024T02:52:52 - [TEST_STEP][PASSED] - println(x): null

18-11-2024T02:52:52 - [TEST_STEP][PASSED] - i1 = x.indexOf("/") + 1: null

18-11-2024T02:52:52 - [TEST_STEP][PASSED] - if (i1 > -1): null

18-11-2024T02:52:52 - [TEST_STEP][PASSED] - x = x.substring(i1, x.length()): null

18-11-2024T02:52:52 - [TEST_STEP][PASSED] - println(x): null

18-11-2024T02:52:52 - [TEST_STEP][PASSED] - i1 = x.indexOf("/") + 1: null

18-11-2024T02:52:52 - [TEST_STEP][PASSED] - if (i1 > -1): null

18-11-2024T02:52:52 - [TEST_STEP][PASSED] - x = x.substring(i1, x.length()): null

18-11-2024T02:52:52 - [TEST_STEP][PASSED] - println(x): null

18-11-2024T02:52:52 - [TEST_STEP][PASSED] - i1 = x.indexOf("/") + 1: null

18-11-2024T02:52:52 - [TEST_STEP][PASSED] - if (i1 > -1): null

18-11-2024T02:52:52 - [TEST_STEP][PASSED] - x = x.substring(i1, x.length()): null

18-11-2024T02:52:52 - [TEST_STEP][PASSED] - println(x): null

18-11-2024T02:52:52 - [TEST_STEP][PASSED] - i1 = x.indexOf("/") + 1: null

18-11-2024T02:52:52 - [TEST_STEP][PASSED] - if (i1 > -1): null

18-11-2024T02:52:52 - [TEST_STEP][PASSED] - x = x.substring(i1, x.length()): null

18-11-2024T02:52:52 - [TEST_STEP][PASSED] - println(x): null

18-11-2024T02:52:52 - [TEST_STEP][PASSED] - i1 = x.indexOf("/"): null

18-11-2024T02:52:52 - [TEST_STEP][PASSED] - if (i1 > -1): null

18-11-2024T02:52:52 - [TEST_STEP][PASSED] - x = x.substring(0, i1): null

18-11-2024T02:52:52 - [TEST_STEP][PASSED] - println(x): null

18-11-2024T02:52:52 - [TEST_STEP][PASSED] - return x: null

18-11-2024T02:52:52 - [TEST_STEP][PASSED] - tabB = GetPFactB(x = b): null

18-11-2024T02:52:52 - [TEST_STEP][PASSED] - i1 = <not implemented yet for class: org.codehaus.groovy.ast.expr.EmptyExpression>: null

18-11-2024T02:52:52 - [TEST_STEP][PASSED] - ii = <not implemented yet for class: org.codehaus.groovy.ast.expr.EmptyExpression>: null

18-11-2024T02:52:52 - [TEST_STEP][PASSED] - for ([ii = 1, ii < 6, (ii++)]): null

18-11-2024T02:52:52 - [TEST_STEP][PASSED] - i1 = x.indexOf("/") + 1: null

18-11-2024T02:52:52 - [TEST_STEP][PASSED] - if (i1 > -1): null

18-11-2024T02:52:52 - [TEST_STEP][PASSED] - x = x.substring(i1, x.length()): null

18-11-2024T02:52:52 - [TEST_STEP][PASSED] - println(x): null

18-11-2024T02:52:52 - [TEST_STEP][PASSED] - i1 = x.indexOf("/") + 1: null

18-11-2024T02:52:52 - [TEST_STEP][PASSED] - if (i1 > -1): null

18-11-2024T02:52:52 - [TEST_STEP][PASSED] - x = x.substring(i1, x.length()): null

18-11-2024T02:52:52 - [TEST_STEP][PASSED] - println(x): null

18-11-2024T02:52:52 - [TEST_STEP][PASSED] - i1 = x.indexOf("/") + 1: null

18-11-2024T02:52:52 - [TEST_STEP][PASSED] - if (i1 > -1): null

18-11-2024T02:52:52 - [TEST_STEP][PASSED] - x = x.substring(i1, x.length()): null

18-11-2024T02:52:52 - [TEST_STEP][PASSED] - println(x): null

18-11-2024T02:52:52 - [TEST_STEP][PASSED] - i1 = x.indexOf("/") + 1: null

18-11-2024T02:52:52 - [TEST_STEP][PASSED] - if (i1 > -1): null

18-11-2024T02:52:52 - [TEST_STEP][PASSED] - x = x.substring(i1, x.length()): null

18-11-2024T02:52:52 - [TEST_STEP][PASSED] - println(x): null

18-11-2024T02:52:52 - [TEST_STEP][PASSED] - i1 = x.indexOf("/") + 1: null

18-11-2024T02:52:52 - [TEST_STEP][PASSED] - if (i1 > -1): null

18-11-2024T02:52:52 - [TEST_STEP][PASSED] - x = x.substring(i1, x.length()): null

18-11-2024T02:52:52 - [TEST_STEP][PASSED] - println(x): null

18-11-2024T02:52:52 - [TEST_STEP][PASSED] - i1 = x.indexOf("/"): null

18-11-2024T02:52:52 - [TEST_STEP][PASSED] - if (i1 > -1): null

18-11-2024T02:52:52 - [TEST_STEP][PASSED] - x = x.substring(0, i1): null

18-11-2024T02:52:52 - [TEST_STEP][PASSED] - println(x): null

18-11-2024T02:52:52 - [TEST_STEP][FAILED] - return x: null

18-11-2024T02:52:52 - [TEST_STEP][PASSED] - println(tabR + "/" + tabB): null

18-11-2024T02:52:52 - [TEST_STEP][FAILED] - if (verifyEqual(tabR, tabB) == false): null

18-11-2024T02:52:52 - [MESSAGE][FAILED] - Unable to verify equal between actual object 'нет данных' and expected object '3001103' (Root cause: com.kms.katalon.core.exception.StepFailedException: Actual object 'нет данных' and expected object '3001103' are not equal
	at com.kms.katalon.core.keyword.builtin.VerifyEqualKeyword$_verifyEqual_closure1.doCall(VerifyEqualKeyword.groovy:58)
	at com.kms.katalon.core.keyword.builtin.VerifyEqualKeyword$_verifyEqual_closure1.call(VerifyEqualKeyword.groovy)
	at com.kms.katalon.core.keyword.internal.KeywordMain.runKeyword(KeywordMain.groovy:75)
	at com.kms.katalon.core.keyword.builtin.VerifyEqualKeyword.verifyEqual(VerifyEqualKeyword.groovy:63)
	at com.kms.katalon.core.keyword.builtin.VerifyEqualKeyword.execute(VerifyEqualKeyword.groovy:44)
	at com.kms.katalon.core.keyword.internal.KeywordExecutor.executeKeywordForPlatform(KeywordExecutor.groovy:74)
	at com.kms.katalon.core.keyword.BuiltinKeywords.verifyEqual(BuiltinKeywords.groovy:146)
	at jdk.internal.reflect.GeneratedMethodAccessor25.invoke(Unknown Source)
	at java.base/jdk.internal.reflect.DelegatingMethodAccessorImpl.invoke(DelegatingMethodAccessorImpl.java:43)
	at Выполнение бизнес-плана сверка дашбордов.CompareDZOData(Выполнение бизнес-плана сверка дашбордов:730)
	at Выполнение бизнес-плана сверка дашбордов.run(Выполнение бизнес-плана сверка дашбордов:643)
	at com.kms.katalon.core.main.ScriptEngine.run(ScriptEngine.java:194)
	at com.kms.katalon.core.main.ScriptEngine.runScriptAsRawText(ScriptEngine.java:119)
	at com.kms.katalon.core.main.TestCaseExecutor.runScript(TestCaseExecutor.java:448)
	at com.kms.katalon.core.main.TestCaseExecutor.doExecute(TestCaseExecutor.java:439)
	at com.kms.katalon.core.main.TestCaseExecutor.processExecutionPhase(TestCaseExecutor.java:418)
	at com.kms.katalon.core.main.TestCaseExecutor.accessMainPhase(TestCaseExecutor.java:410)
	at com.kms.katalon.core.main.TestCaseExecutor.execute(TestCaseExecutor.java:285)
	at com.kms.katalon.core.common.CommonExecutor.accessTestCaseMainPhase(CommonExecutor.java:65)
	at com.kms.katalon.core.main.TestSuiteExecutor.accessTestSuiteMainPhase(TestSuiteExecutor.java:150)
	at com.kms.katalon.core.main.TestSuiteExecutor.execute(TestSuiteExecutor.java:106)
	at com.kms.katalon.core.main.TestCaseMain.startTestSuite(TestCaseMain.java:180)
	at TempTestSuite1731886967590.run(TempTestSuite1731886967590.groovy:35)
	at java.base/jdk.internal.reflect.NativeMethodAccessorImpl.invoke0(Native Method)
	at java.base/jdk.internal.reflect.NativeMethodAccessorImpl.invoke(NativeMethodAccessorImpl.java:77)
	at java.base/jdk.internal.reflect.DelegatingMethodAccessorImpl.invoke(DelegatingMethodAccessorImpl.java:43)
)

18-11-2024T02:52:52 - [TEST_STEP][PASSED] - result = WriteToExcel(typeOfData, todaysDate, PercPlanR, PercPlanB, PercFactR, PercFactB, x, tabR, tabB, o1R, o1B, vidget): null

18-11-2024T02:52:52 - [TEST_STEP][PASSED] - iii = dZO.indexOf("/"): null

18-11-2024T02:52:52 - [TEST_STEP][PASSED] - println(iii): null

18-11-2024T02:52:52 - [TEST_STEP][PASSED] - dZO = dZO.substring(0, iii): null

18-11-2024T02:52:52 - [TEST_STEP][PASSED] - println(dZO): null

18-11-2024T02:52:52 - [TEST_STEP][PASSED] - println(PercPlanR): null

18-11-2024T02:52:52 - [TEST_STEP][PASSED] - println(PercPlanB): null

18-11-2024T02:52:52 - [TEST_STEP][PASSED] - println(PercFactR): null

18-11-2024T02:52:52 - [TEST_STEP][PASSED] - println(PercFactB): null

18-11-2024T02:52:52 - [TEST_STEP][PASSED] - println(tabR): null

18-11-2024T02:52:52 - [TEST_STEP][PASSED] - println(tabB): null

18-11-2024T02:52:52 - [TEST_STEP][PASSED] - println(o1R): null

18-11-2024T02:52:52 - [TEST_STEP][PASSED] - println(o1B): null

18-11-2024T02:52:52 - [TEST_STEP][PASSED] - PR = <not implemented yet for class: org.codehaus.groovy.ast.expr.EmptyExpression>: null

18-11-2024T02:52:52 - [TEST_STEP][PASSED] - FR = <not implemented yet for class: org.codehaus.groovy.ast.expr.EmptyExpression>: null

18-11-2024T02:52:52 - [TEST_STEP][PASSED] - PB = <not implemented yet for class: org.codehaus.groovy.ast.expr.EmptyExpression>: null

18-11-2024T02:52:52 - [TEST_STEP][PASSED] - FB = <not implemented yet for class: org.codehaus.groovy.ast.expr.EmptyExpression>: null

18-11-2024T02:52:52 - [TEST_STEP][PASSED] - TR = <not implemented yet for class: org.codehaus.groovy.ast.expr.EmptyExpression>: null

18-11-2024T02:52:52 - [TEST_STEP][PASSED] - TB = <not implemented yet for class: org.codehaus.groovy.ast.expr.EmptyExpression>: null

18-11-2024T02:52:52 - [TEST_STEP][PASSED] - sheetName = "Sheet1": null

18-11-2024T02:52:52 - [TEST_STEP][PASSED] - data = findTestData("PlanFact"): null

18-11-2024T02:52:52 - [TEST_STEP][PASSED] - n = data.getRowNumbers() + 1: null

18-11-2024T02:52:52 - [TEST_STEP][PASSED] - year = todaysDate.substring(todaysDate.length() - 4, todaysDate.length()): null

18-11-2024T02:52:52 - [TEST_STEP][PASSED] - y = year.toInteger(): null

18-11-2024T02:52:52 - [TEST_STEP][PASSED] - m = getText(findTestObject("Выполнение бизнес-плана/Выполнение бизнес-плана Балансы/Фильтр Дата")): Text of object 'Object Repository/Выполнение бизнес-плана/Выполнение бизнес-плана Балансы/Фильтр Дата' is: '1, 2, 3 кв. 2024 года'

18-11-2024T02:52:52 - [MESSAGE][PASSED] - Text of object 'Object Repository/Выполнение бизнес-плана/Выполнение бизнес-плана Балансы/Фильтр Дата' is: '1, 2, 3 кв. 2024 года'

18-11-2024T02:52:52 - [TEST_STEP][PASSED] - m = m.substring(0, m.indexOf("2024")): null

18-11-2024T02:52:52 - [TEST_STEP][PASSED] - m = m.trim(): null

18-11-2024T02:52:52 - [TEST_STEP][PASSED] - dashboardName = "Выполнение бизнес-плана": null

18-11-2024T02:52:52 - [TEST_STEP][PASSED] - workbook01 = getWorkbook(excelFilePath): null

18-11-2024T02:52:52 - [TEST_STEP][PASSED] - sheet01 = getExcelSheet(workbook01, sheetName): null

18-11-2024T02:52:52 - [TEST_STEP][PASSED] - setValueToCellByIndex(sheet01, n, 0, dashboardName): null

18-11-2024T02:52:52 - [TEST_STEP][PASSED] - setValueToCellByIndex(sheet01, n, 1, dZO): null

18-11-2024T02:52:52 - [TEST_STEP][PASSED] - setValueToCellByIndex(sheet01, n, 2, typeOfData): null

18-11-2024T02:52:52 - [TEST_STEP][PASSED] - setValueToCellByIndex(sheet01, n, 3, typeOfData): null

18-11-2024T02:52:52 - [TEST_STEP][PASSED] - if (typeOfData == "План"): null

18-11-2024T02:52:52 - [TEST_STEP][PASSED] - else if (typeOfData == "Факт"): null

18-11-2024T02:52:52 - [TEST_STEP][PASSED] - else if (vidget.contains("электроэнергии") == true): null

18-11-2024T02:52:52 - [TEST_STEP][PASSED] - if (tabR == null): null

18-11-2024T02:52:52 - [TEST_STEP][PASSED] - else: null

18-11-2024T02:52:52 - [TEST_STEP][PASSED] - if (tabR == "нет данных"): null

18-11-2024T02:52:52 - [TEST_STEP][PASSED] - setValueToCellByIndex(sheet01, n, 4, "нет данных"): null

18-11-2024T02:52:52 - [TEST_STEP][PASSED] - if (tabB == null): null

18-11-2024T02:52:52 - [TEST_STEP][PASSED] - else: null

18-11-2024T02:52:52 - [TEST_STEP][PASSED] - if (tabB == "нет данных"): null

18-11-2024T02:52:52 - [TEST_STEP][PASSED] - else: null

18-11-2024T02:52:52 - [TEST_STEP][PASSED] - TB = tabB.toInteger(): null

18-11-2024T02:52:52 - [TEST_STEP][PASSED] - setValueToCellByIndex(sheet01, n, 5, TB): null

18-11-2024T02:52:52 - [TEST_STEP][PASSED] - setValueToCellByIndex(sheet01, n, 6, m): null

18-11-2024T02:52:52 - [TEST_STEP][PASSED] - setValueToCellByIndex(sheet01, n, 7, y): null

18-11-2024T02:52:52 - [TEST_STEP][PASSED] - setValueToCellByIndex(sheet01, n, 8, todaysDate): null

18-11-2024T02:52:52 - [TEST_STEP][PASSED] - n = n + 1: null

18-11-2024T02:52:52 - [TEST_STEP][PASSED] - saveWorkbook(excelFilePath, workbook01): null

18-11-2024T02:52:52 - [TEST_STEP][PASSED] - vidget = "Показатели баланса электроэнергии по ДЗО – План": null

18-11-2024T02:52:52 - [TEST_STEP][PASSED] - typeOfData = "План Отпуск в сеть": null

18-11-2024T02:52:52 - [TEST_STEP][PASSED] - tabR = GetOvSPlanR(x = a): null

18-11-2024T02:52:52 - [TEST_STEP][PASSED] - i1 = <not implemented yet for class: org.codehaus.groovy.ast.expr.EmptyExpression>: null

18-11-2024T02:52:52 - [TEST_STEP][PASSED] - ii = <not implemented yet for class: org.codehaus.groovy.ast.expr.EmptyExpression>: null

18-11-2024T02:52:52 - [TEST_STEP][PASSED] - for ([ii = 1, ii < 7, (ii++)]): null

18-11-2024T02:52:52 - [TEST_STEP][PASSED] - i1 = x.indexOf("/") + 1: null

18-11-2024T02:52:52 - [TEST_STEP][PASSED] - if (i1 > -1): null

18-11-2024T02:52:52 - [TEST_STEP][PASSED] - x = x.substring(i1, x.length()): null

18-11-2024T02:52:52 - [TEST_STEP][PASSED] - println(x): null

18-11-2024T02:52:52 - [TEST_STEP][PASSED] - i1 = x.indexOf("/") + 1: null

18-11-2024T02:52:52 - [TEST_STEP][PASSED] - if (i1 > -1): null

18-11-2024T02:52:52 - [TEST_STEP][PASSED] - x = x.substring(i1, x.length()): null

18-11-2024T02:52:52 - [TEST_STEP][PASSED] - println(x): null

18-11-2024T02:52:52 - [TEST_STEP][PASSED] - i1 = x.indexOf("/") + 1: null

18-11-2024T02:52:52 - [TEST_STEP][PASSED] - if (i1 > -1): null

18-11-2024T02:52:52 - [TEST_STEP][PASSED] - x = x.substring(i1, x.length()): null

18-11-2024T02:52:52 - [TEST_STEP][PASSED] - println(x): null

18-11-2024T02:52:52 - [TEST_STEP][PASSED] - i1 = x.indexOf("/") + 1: null

18-11-2024T02:52:52 - [TEST_STEP][PASSED] - if (i1 > -1): null

18-11-2024T02:52:52 - [TEST_STEP][PASSED] - x = x.substring(i1, x.length()): null

18-11-2024T02:52:52 - [TEST_STEP][PASSED] - println(x): null

18-11-2024T02:52:52 - [TEST_STEP][PASSED] - i1 = x.indexOf("/") + 1: null

18-11-2024T02:52:52 - [TEST_STEP][PASSED] - if (i1 > -1): null

18-11-2024T02:52:52 - [TEST_STEP][PASSED] - x = x.substring(i1, x.length()): null

18-11-2024T02:52:52 - [TEST_STEP][PASSED] - println(x): null

18-11-2024T02:52:52 - [TEST_STEP][PASSED] - i1 = x.indexOf("/") + 1: null

18-11-2024T02:52:52 - [TEST_STEP][PASSED] - if (i1 > -1): null

18-11-2024T02:52:52 - [TEST_STEP][PASSED] - x = x.substring(i1, x.length()): null

18-11-2024T02:52:52 - [TEST_STEP][PASSED] - println(x): null

18-11-2024T02:52:52 - [TEST_STEP][PASSED] - i1 = x.indexOf("/"): null

18-11-2024T02:52:52 - [TEST_STEP][PASSED] - if (i1 > -1): null

18-11-2024T02:52:52 - [TEST_STEP][PASSED] - x = x.substring(0, i1): null

18-11-2024T02:52:52 - [TEST_STEP][PASSED] - println(x): null

18-11-2024T02:52:52 - [TEST_STEP][PASSED] - return x: null

18-11-2024T02:52:52 - [TEST_STEP][PASSED] - tabB = GetOvSPlanB(x = b): null

18-11-2024T02:52:52 - [TEST_STEP][PASSED] - i1 = <not implemented yet for class: org.codehaus.groovy.ast.expr.EmptyExpression>: null

18-11-2024T02:52:52 - [TEST_STEP][PASSED] - ii = <not implemented yet for class: org.codehaus.groovy.ast.expr.EmptyExpression>: null

18-11-2024T02:52:52 - [TEST_STEP][PASSED] - for ([ii = 1, ii < 7, (ii++)]): null

18-11-2024T02:52:52 - [TEST_STEP][PASSED] - i1 = x.indexOf("/") + 1: null

18-11-2024T02:52:52 - [TEST_STEP][PASSED] - if (i1 > -1): null

18-11-2024T02:52:52 - [TEST_STEP][PASSED] - x = x.substring(i1, x.length()): null

18-11-2024T02:52:52 - [TEST_STEP][PASSED] - println(x): null

18-11-2024T02:52:52 - [TEST_STEP][PASSED] - i1 = x.indexOf("/") + 1: null

18-11-2024T02:52:52 - [TEST_STEP][PASSED] - if (i1 > -1): null

18-11-2024T02:52:52 - [TEST_STEP][PASSED] - x = x.substring(i1, x.length()): null

18-11-2024T02:52:52 - [TEST_STEP][PASSED] - println(x): null

18-11-2024T02:52:52 - [TEST_STEP][PASSED] - i1 = x.indexOf("/") + 1: null

18-11-2024T02:52:52 - [TEST_STEP][PASSED] - if (i1 > -1): null

18-11-2024T02:52:52 - [TEST_STEP][PASSED] - x = x.substring(i1, x.length()): null

18-11-2024T02:52:52 - [TEST_STEP][PASSED] - println(x): null

18-11-2024T02:52:52 - [TEST_STEP][PASSED] - i1 = x.indexOf("/") + 1: null

18-11-2024T02:52:52 - [TEST_STEP][PASSED] - if (i1 > -1): null

18-11-2024T02:52:52 - [TEST_STEP][PASSED] - x = x.substring(i1, x.length()): null

18-11-2024T02:52:52 - [TEST_STEP][PASSED] - println(x): null

18-11-2024T02:52:52 - [TEST_STEP][PASSED] - i1 = x.indexOf("/") + 1: null

18-11-2024T02:52:52 - [TEST_STEP][PASSED] - if (i1 > -1): null

18-11-2024T02:52:52 - [TEST_STEP][PASSED] - x = x.substring(i1, x.length()): null

18-11-2024T02:52:52 - [TEST_STEP][PASSED] - println(x): null

18-11-2024T02:52:52 - [TEST_STEP][PASSED] - i1 = x.indexOf("/") + 1: null

18-11-2024T02:52:52 - [TEST_STEP][PASSED] - if (i1 > -1): null

18-11-2024T02:52:52 - [TEST_STEP][PASSED] - x = x.substring(i1, x.length()): null

18-11-2024T02:52:52 - [TEST_STEP][PASSED] - println(x): null

18-11-2024T02:52:52 - [TEST_STEP][PASSED] - i1 = x.indexOf("/"): null

18-11-2024T02:52:52 - [TEST_STEP][PASSED] - if (i1 > -1): null

18-11-2024T02:52:52 - [TEST_STEP][PASSED] - x = x.substring(0, i1): null

18-11-2024T02:52:52 - [TEST_STEP][PASSED] - println(x): null

18-11-2024T02:52:52 - [TEST_STEP][FAILED] - return x: null

18-11-2024T02:52:52 - [TEST_STEP][PASSED] - println(tabR + "/" + tabB): null

18-11-2024T02:52:52 - [TEST_STEP][FAILED] - if (verifyEqual(PercFactR, PercFactB) == false): null

18-11-2024T02:52:52 - [MESSAGE][FAILED] - Unable to verify equal between actual object 'нет данных' and expected object '5.56' (Root cause: com.kms.katalon.core.exception.StepFailedException: Actual object 'нет данных' and expected object '5.56' are not equal
	at com.kms.katalon.core.keyword.builtin.VerifyEqualKeyword$_verifyEqual_closure1.doCall(VerifyEqualKeyword.groovy:58)
	at com.kms.katalon.core.keyword.builtin.VerifyEqualKeyword$_verifyEqual_closure1.call(VerifyEqualKeyword.groovy)
	at com.kms.katalon.core.keyword.internal.KeywordMain.runKeyword(KeywordMain.groovy:75)
	at com.kms.katalon.core.keyword.builtin.VerifyEqualKeyword.verifyEqual(VerifyEqualKeyword.groovy:63)
	at com.kms.katalon.core.keyword.builtin.VerifyEqualKeyword.execute(VerifyEqualKeyword.groovy:44)
	at com.kms.katalon.core.keyword.internal.KeywordExecutor.executeKeywordForPlatform(KeywordExecutor.groovy:74)
	at com.kms.katalon.core.keyword.BuiltinKeywords.verifyEqual(BuiltinKeywords.groovy:146)
	at jdk.internal.reflect.GeneratedMethodAccessor25.invoke(Unknown Source)
	at java.base/jdk.internal.reflect.DelegatingMethodAccessorImpl.invoke(DelegatingMethodAccessorImpl.java:43)
	at Выполнение бизнес-плана сверка дашбордов.CompareDZOData(Выполнение бизнес-плана сверка дашбордов:745)
	at Выполнение бизнес-плана сверка дашбордов.run(Выполнение бизнес-плана сверка дашбордов:643)
	at com.kms.katalon.core.main.ScriptEngine.run(ScriptEngine.java:194)
	at com.kms.katalon.core.main.ScriptEngine.runScriptAsRawText(ScriptEngine.java:119)
	at com.kms.katalon.core.main.TestCaseExecutor.runScript(TestCaseExecutor.java:448)
	at com.kms.katalon.core.main.TestCaseExecutor.doExecute(TestCaseExecutor.java:439)
	at com.kms.katalon.core.main.TestCaseExecutor.processExecutionPhase(TestCaseExecutor.java:418)
	at com.kms.katalon.core.main.TestCaseExecutor.accessMainPhase(TestCaseExecutor.java:410)
	at com.kms.katalon.core.main.TestCaseExecutor.execute(TestCaseExecutor.java:285)
	at com.kms.katalon.core.common.CommonExecutor.accessTestCaseMainPhase(CommonExecutor.java:65)
	at com.kms.katalon.core.main.TestSuiteExecutor.accessTestSuiteMainPhase(TestSuiteExecutor.java:150)
	at com.kms.katalon.core.main.TestSuiteExecutor.execute(TestSuiteExecutor.java:106)
	at com.kms.katalon.core.main.TestCaseMain.startTestSuite(TestCaseMain.java:180)
	at TempTestSuite1731886967590.run(TempTestSuite1731886967590.groovy:35)
	at java.base/jdk.internal.reflect.NativeMethodAccessorImpl.invoke0(Native Method)
	at java.base/jdk.internal.reflect.NativeMethodAccessorImpl.invoke(NativeMethodAccessorImpl.java:77)
	at java.base/jdk.internal.reflect.DelegatingMethodAccessorImpl.invoke(DelegatingMethodAccessorImpl.java:43)
)

18-11-2024T02:52:52 - [TEST_STEP][PASSED] - result = WriteToExcel(typeOfData, todaysDate, PercPlanR, PercPlanB, PercFactR, PercFactB, x, tabR, tabB, o1R, o1B, vidget): null

18-11-2024T02:52:52 - [TEST_STEP][PASSED] - iii = dZO.indexOf("/"): null

18-11-2024T02:52:52 - [TEST_STEP][PASSED] - println(iii): null

18-11-2024T02:52:52 - [TEST_STEP][PASSED] - dZO = dZO.substring(0, iii): null

18-11-2024T02:52:52 - [TEST_STEP][PASSED] - println(dZO): null

18-11-2024T02:52:52 - [TEST_STEP][PASSED] - println(PercPlanR): null

18-11-2024T02:52:52 - [TEST_STEP][PASSED] - println(PercPlanB): null

18-11-2024T02:52:52 - [TEST_STEP][PASSED] - println(PercFactR): null

18-11-2024T02:52:52 - [TEST_STEP][PASSED] - println(PercFactB): null

18-11-2024T02:52:52 - [TEST_STEP][PASSED] - println(tabR): null

18-11-2024T02:52:52 - [TEST_STEP][PASSED] - println(tabB): null

18-11-2024T02:52:52 - [TEST_STEP][PASSED] - println(o1R): null

18-11-2024T02:52:52 - [TEST_STEP][PASSED] - println(o1B): null

18-11-2024T02:52:52 - [TEST_STEP][PASSED] - PR = <not implemented yet for class: org.codehaus.groovy.ast.expr.EmptyExpression>: null

18-11-2024T02:52:52 - [TEST_STEP][PASSED] - FR = <not implemented yet for class: org.codehaus.groovy.ast.expr.EmptyExpression>: null

18-11-2024T02:52:52 - [TEST_STEP][PASSED] - PB = <not implemented yet for class: org.codehaus.groovy.ast.expr.EmptyExpression>: null

18-11-2024T02:52:52 - [TEST_STEP][PASSED] - FB = <not implemented yet for class: org.codehaus.groovy.ast.expr.EmptyExpression>: null

18-11-2024T02:52:52 - [TEST_STEP][PASSED] - TR = <not implemented yet for class: org.codehaus.groovy.ast.expr.EmptyExpression>: null

18-11-2024T02:52:52 - [TEST_STEP][PASSED] - TB = <not implemented yet for class: org.codehaus.groovy.ast.expr.EmptyExpression>: null

18-11-2024T02:52:52 - [TEST_STEP][PASSED] - sheetName = "Sheet1": null

18-11-2024T02:52:52 - [TEST_STEP][PASSED] - data = findTestData("PlanFact"): null

18-11-2024T02:52:52 - [TEST_STEP][PASSED] - n = data.getRowNumbers() + 1: null

18-11-2024T02:52:52 - [TEST_STEP][PASSED] - year = todaysDate.substring(todaysDate.length() - 4, todaysDate.length()): null

18-11-2024T02:52:52 - [TEST_STEP][PASSED] - y = year.toInteger(): null

18-11-2024T02:52:52 - [TEST_STEP][PASSED] - m = getText(findTestObject("Выполнение бизнес-плана/Выполнение бизнес-плана Балансы/Фильтр Дата")): Text of object 'Object Repository/Выполнение бизнес-плана/Выполнение бизнес-плана Балансы/Фильтр Дата' is: '1, 2, 3 кв. 2024 года'

18-11-2024T02:52:53 - [MESSAGE][PASSED] - Text of object 'Object Repository/Выполнение бизнес-плана/Выполнение бизнес-плана Балансы/Фильтр Дата' is: '1, 2, 3 кв. 2024 года'

18-11-2024T02:52:53 - [TEST_STEP][PASSED] - m = m.substring(0, m.indexOf("2024")): null

18-11-2024T02:52:53 - [TEST_STEP][PASSED] - m = m.trim(): null

18-11-2024T02:52:53 - [TEST_STEP][PASSED] - dashboardName = "Выполнение бизнес-плана": null

18-11-2024T02:52:53 - [TEST_STEP][PASSED] - workbook01 = getWorkbook(excelFilePath): null

18-11-2024T02:52:53 - [TEST_STEP][PASSED] - sheet01 = getExcelSheet(workbook01, sheetName): null

18-11-2024T02:52:53 - [TEST_STEP][PASSED] - setValueToCellByIndex(sheet01, n, 0, dashboardName): null

18-11-2024T02:52:53 - [TEST_STEP][PASSED] - setValueToCellByIndex(sheet01, n, 1, dZO): null

18-11-2024T02:52:53 - [TEST_STEP][PASSED] - setValueToCellByIndex(sheet01, n, 2, typeOfData): null

18-11-2024T02:52:53 - [TEST_STEP][PASSED] - setValueToCellByIndex(sheet01, n, 3, typeOfData): null

18-11-2024T02:52:53 - [TEST_STEP][PASSED] - if (typeOfData == "План"): null

18-11-2024T02:52:53 - [TEST_STEP][PASSED] - else if (typeOfData == "Факт"): null

18-11-2024T02:52:53 - [TEST_STEP][PASSED] - else if (vidget.contains("электроэнергии") == true): null

18-11-2024T02:52:53 - [TEST_STEP][PASSED] - if (tabR == null): null

18-11-2024T02:52:53 - [TEST_STEP][PASSED] - else: null

18-11-2024T02:52:53 - [TEST_STEP][PASSED] - if (tabR == "нет данных"): null

18-11-2024T02:52:53 - [TEST_STEP][PASSED] - setValueToCellByIndex(sheet01, n, 4, "нет данных"): null

18-11-2024T02:52:53 - [TEST_STEP][PASSED] - if (tabB == null): null

18-11-2024T02:52:53 - [TEST_STEP][PASSED] - else: null

18-11-2024T02:52:53 - [TEST_STEP][PASSED] - if (tabB == "нет данных"): null

18-11-2024T02:52:53 - [TEST_STEP][PASSED] - else: null

18-11-2024T02:52:53 - [TEST_STEP][PASSED] - TB = tabB.toInteger(): null

18-11-2024T02:52:53 - [TEST_STEP][PASSED] - setValueToCellByIndex(sheet01, n, 5, TB): null

18-11-2024T02:52:53 - [TEST_STEP][PASSED] - setValueToCellByIndex(sheet01, n, 6, m): null

18-11-2024T02:52:53 - [TEST_STEP][PASSED] - setValueToCellByIndex(sheet01, n, 7, y): null

18-11-2024T02:52:53 - [TEST_STEP][PASSED] - setValueToCellByIndex(sheet01, n, 8, todaysDate): null

18-11-2024T02:52:53 - [TEST_STEP][PASSED] - n = n + 1: null

18-11-2024T02:52:53 - [TEST_STEP][PASSED] - saveWorkbook(excelFilePath, workbook01): null

18-11-2024T02:52:53 - [TEST_STEP][PASSED] - typeOfData = "План Отпуск из сети": null

18-11-2024T02:52:53 - [TEST_STEP][PASSED] - tabR = GetOiSPlanR(x = a): null

18-11-2024T02:52:53 - [TEST_STEP][PASSED] - i1 = <not implemented yet for class: org.codehaus.groovy.ast.expr.EmptyExpression>: null

18-11-2024T02:52:53 - [TEST_STEP][PASSED] - ii = <not implemented yet for class: org.codehaus.groovy.ast.expr.EmptyExpression>: null

18-11-2024T02:52:53 - [TEST_STEP][PASSED] - for ([ii = 1, ii < 8, (ii++)]): null

18-11-2024T02:52:53 - [TEST_STEP][PASSED] - i1 = x.indexOf("/") + 1: null

18-11-2024T02:52:53 - [TEST_STEP][PASSED] - if (i1 > -1): null

18-11-2024T02:52:53 - [TEST_STEP][PASSED] - x = x.substring(i1, x.length()): null

18-11-2024T02:52:53 - [TEST_STEP][PASSED] - println(x): null

18-11-2024T02:52:53 - [TEST_STEP][PASSED] - i1 = x.indexOf("/") + 1: null

18-11-2024T02:52:53 - [TEST_STEP][PASSED] - if (i1 > -1): null

18-11-2024T02:52:53 - [TEST_STEP][PASSED] - x = x.substring(i1, x.length()): null

18-11-2024T02:52:53 - [TEST_STEP][PASSED] - println(x): null

18-11-2024T02:52:53 - [TEST_STEP][PASSED] - i1 = x.indexOf("/") + 1: null

18-11-2024T02:52:53 - [TEST_STEP][PASSED] - if (i1 > -1): null

18-11-2024T02:52:53 - [TEST_STEP][PASSED] - x = x.substring(i1, x.length()): null

18-11-2024T02:52:53 - [TEST_STEP][PASSED] - println(x): null

18-11-2024T02:52:53 - [TEST_STEP][PASSED] - i1 = x.indexOf("/") + 1: null

18-11-2024T02:52:53 - [TEST_STEP][PASSED] - if (i1 > -1): null

18-11-2024T02:52:53 - [TEST_STEP][PASSED] - x = x.substring(i1, x.length()): null

18-11-2024T02:52:53 - [TEST_STEP][PASSED] - println(x): null

18-11-2024T02:52:53 - [TEST_STEP][PASSED] - i1 = x.indexOf("/") + 1: null

18-11-2024T02:52:53 - [TEST_STEP][PASSED] - if (i1 > -1): null

18-11-2024T02:52:53 - [TEST_STEP][PASSED] - x = x.substring(i1, x.length()): null

18-11-2024T02:52:53 - [TEST_STEP][PASSED] - println(x): null

18-11-2024T02:52:53 - [TEST_STEP][PASSED] - i1 = x.indexOf("/") + 1: null

18-11-2024T02:52:53 - [TEST_STEP][PASSED] - if (i1 > -1): null

18-11-2024T02:52:53 - [TEST_STEP][PASSED] - x = x.substring(i1, x.length()): null

18-11-2024T02:52:53 - [TEST_STEP][PASSED] - println(x): null

18-11-2024T02:52:53 - [TEST_STEP][PASSED] - i1 = x.indexOf("/") + 1: null

18-11-2024T02:52:53 - [TEST_STEP][PASSED] - if (i1 > -1): null

18-11-2024T02:52:53 - [TEST_STEP][PASSED] - x = x.substring(i1, x.length()): null

18-11-2024T02:52:53 - [TEST_STEP][PASSED] - println(x): null

18-11-2024T02:52:53 - [TEST_STEP][PASSED] - i1 = x.indexOf("/"): null

18-11-2024T02:52:53 - [TEST_STEP][PASSED] - if (i1 > -1): null

18-11-2024T02:52:53 - [TEST_STEP][PASSED] - x = x.substring(0, i1): null

18-11-2024T02:52:53 - [TEST_STEP][PASSED] - println(x): null

18-11-2024T02:52:53 - [TEST_STEP][PASSED] - return x: null

18-11-2024T02:52:53 - [TEST_STEP][PASSED] - tabB = GetOiSPlanB(x = b): null

18-11-2024T02:52:53 - [TEST_STEP][PASSED] - i1 = <not implemented yet for class: org.codehaus.groovy.ast.expr.EmptyExpression>: null

18-11-2024T02:52:53 - [TEST_STEP][PASSED] - ii = <not implemented yet for class: org.codehaus.groovy.ast.expr.EmptyExpression>: null

18-11-2024T02:52:53 - [TEST_STEP][PASSED] - for ([ii = 1, ii < 8, (ii++)]): null

18-11-2024T02:52:53 - [TEST_STEP][PASSED] - i1 = x.indexOf("/") + 1: null

18-11-2024T02:52:53 - [TEST_STEP][PASSED] - if (i1 > -1): null

18-11-2024T02:52:53 - [TEST_STEP][PASSED] - x = x.substring(i1, x.length()): null

18-11-2024T02:52:53 - [TEST_STEP][PASSED] - println(x): null

18-11-2024T02:52:53 - [TEST_STEP][PASSED] - i1 = x.indexOf("/") + 1: null

18-11-2024T02:52:53 - [TEST_STEP][PASSED] - if (i1 > -1): null

18-11-2024T02:52:53 - [TEST_STEP][PASSED] - x = x.substring(i1, x.length()): null

18-11-2024T02:52:53 - [TEST_STEP][PASSED] - println(x): null

18-11-2024T02:52:53 - [TEST_STEP][PASSED] - i1 = x.indexOf("/") + 1: null

18-11-2024T02:52:53 - [TEST_STEP][PASSED] - if (i1 > -1): null

18-11-2024T02:52:53 - [TEST_STEP][PASSED] - x = x.substring(i1, x.length()): null

18-11-2024T02:52:53 - [TEST_STEP][PASSED] - println(x): null

18-11-2024T02:52:53 - [TEST_STEP][PASSED] - i1 = x.indexOf("/") + 1: null

18-11-2024T02:52:53 - [TEST_STEP][PASSED] - if (i1 > -1): null

18-11-2024T02:52:53 - [TEST_STEP][PASSED] - x = x.substring(i1, x.length()): null

18-11-2024T02:52:53 - [TEST_STEP][PASSED] - println(x): null

18-11-2024T02:52:53 - [TEST_STEP][PASSED] - i1 = x.indexOf("/") + 1: null

18-11-2024T02:52:53 - [TEST_STEP][PASSED] - if (i1 > -1): null

18-11-2024T02:52:53 - [TEST_STEP][PASSED] - x = x.substring(i1, x.length()): null

18-11-2024T02:52:53 - [TEST_STEP][PASSED] - println(x): null

18-11-2024T02:52:53 - [TEST_STEP][PASSED] - i1 = x.indexOf("/") + 1: null

18-11-2024T02:52:53 - [TEST_STEP][PASSED] - if (i1 > -1): null

18-11-2024T02:52:53 - [TEST_STEP][PASSED] - x = x.substring(i1, x.length()): null

18-11-2024T02:52:53 - [TEST_STEP][PASSED] - println(x): null

18-11-2024T02:52:53 - [TEST_STEP][PASSED] - i1 = x.indexOf("/") + 1: null

18-11-2024T02:52:53 - [TEST_STEP][PASSED] - if (i1 > -1): null

18-11-2024T02:52:53 - [TEST_STEP][PASSED] - x = x.substring(i1, x.length()): null

18-11-2024T02:52:53 - [TEST_STEP][PASSED] - println(x): null

18-11-2024T02:52:53 - [TEST_STEP][PASSED] - i1 = x.indexOf("/"): null

18-11-2024T02:52:53 - [TEST_STEP][PASSED] - if (i1 > -1): null

18-11-2024T02:52:53 - [TEST_STEP][PASSED] - x = x.substring(0, i1): null

18-11-2024T02:52:53 - [TEST_STEP][PASSED] - println(x): null

18-11-2024T02:52:53 - [TEST_STEP][FAILED] - return x: null

18-11-2024T02:52:53 - [TEST_STEP][PASSED] - println(tabR + "/" + tabB): null

18-11-2024T02:52:53 - [TEST_STEP][FAILED] - if (verifyEqual(PercFactR, PercFactB) == false): null

18-11-2024T02:52:53 - [MESSAGE][FAILED] - Unable to verify equal between actual object 'нет данных' and expected object '5.56' (Root cause: com.kms.katalon.core.exception.StepFailedException: Actual object 'нет данных' and expected object '5.56' are not equal
	at com.kms.katalon.core.keyword.builtin.VerifyEqualKeyword$_verifyEqual_closure1.doCall(VerifyEqualKeyword.groovy:58)
	at com.kms.katalon.core.keyword.builtin.VerifyEqualKeyword$_verifyEqual_closure1.call(VerifyEqualKeyword.groovy)
	at com.kms.katalon.core.keyword.internal.KeywordMain.runKeyword(KeywordMain.groovy:75)
	at com.kms.katalon.core.keyword.builtin.VerifyEqualKeyword.verifyEqual(VerifyEqualKeyword.groovy:63)
	at com.kms.katalon.core.keyword.builtin.VerifyEqualKeyword.execute(VerifyEqualKeyword.groovy:44)
	at com.kms.katalon.core.keyword.internal.KeywordExecutor.executeKeywordForPlatform(KeywordExecutor.groovy:74)
	at com.kms.katalon.core.keyword.BuiltinKeywords.verifyEqual(BuiltinKeywords.groovy:146)
	at jdk.internal.reflect.GeneratedMethodAccessor25.invoke(Unknown Source)
	at java.base/jdk.internal.reflect.DelegatingMethodAccessorImpl.invoke(DelegatingMethodAccessorImpl.java:43)
	at Выполнение бизнес-плана сверка дашбордов.CompareDZOData(Выполнение бизнес-плана сверка дашбордов:758)
	at Выполнение бизнес-плана сверка дашбордов.run(Выполнение бизнес-плана сверка дашбордов:643)
	at com.kms.katalon.core.main.ScriptEngine.run(ScriptEngine.java:194)
	at com.kms.katalon.core.main.ScriptEngine.runScriptAsRawText(ScriptEngine.java:119)
	at com.kms.katalon.core.main.TestCaseExecutor.runScript(TestCaseExecutor.java:448)
	at com.kms.katalon.core.main.TestCaseExecutor.doExecute(TestCaseExecutor.java:439)
	at com.kms.katalon.core.main.TestCaseExecutor.processExecutionPhase(TestCaseExecutor.java:418)
	at com.kms.katalon.core.main.TestCaseExecutor.accessMainPhase(TestCaseExecutor.java:410)
	at com.kms.katalon.core.main.TestCaseExecutor.execute(TestCaseExecutor.java:285)
	at com.kms.katalon.core.common.CommonExecutor.accessTestCaseMainPhase(CommonExecutor.java:65)
	at com.kms.katalon.core.main.TestSuiteExecutor.accessTestSuiteMainPhase(TestSuiteExecutor.java:150)
	at com.kms.katalon.core.main.TestSuiteExecutor.execute(TestSuiteExecutor.java:106)
	at com.kms.katalon.core.main.TestCaseMain.startTestSuite(TestCaseMain.java:180)
	at TempTestSuite1731886967590.run(TempTestSuite1731886967590.groovy:35)
	at java.base/jdk.internal.reflect.NativeMethodAccessorImpl.invoke0(Native Method)
	at java.base/jdk.internal.reflect.NativeMethodAccessorImpl.invoke(NativeMethodAccessorImpl.java:77)
	at java.base/jdk.internal.reflect.DelegatingMethodAccessorImpl.invoke(DelegatingMethodAccessorImpl.java:43)
)

18-11-2024T02:52:53 - [TEST_STEP][PASSED] - result = WriteToExcel(typeOfData, todaysDate, PercPlanR, PercPlanB, PercFactR, PercFactB, x, tabR, tabB, o1R, o1B, vidget): null

18-11-2024T02:52:53 - [TEST_STEP][PASSED] - iii = dZO.indexOf("/"): null

18-11-2024T02:52:53 - [TEST_STEP][PASSED] - println(iii): null

18-11-2024T02:52:53 - [TEST_STEP][PASSED] - dZO = dZO.substring(0, iii): null

18-11-2024T02:52:53 - [TEST_STEP][PASSED] - println(dZO): null

18-11-2024T02:52:53 - [TEST_STEP][PASSED] - println(PercPlanR): null

18-11-2024T02:52:53 - [TEST_STEP][PASSED] - println(PercPlanB): null

18-11-2024T02:52:53 - [TEST_STEP][PASSED] - println(PercFactR): null

18-11-2024T02:52:53 - [TEST_STEP][PASSED] - println(PercFactB): null

18-11-2024T02:52:53 - [TEST_STEP][PASSED] - println(tabR): null

18-11-2024T02:52:53 - [TEST_STEP][PASSED] - println(tabB): null

18-11-2024T02:52:53 - [TEST_STEP][PASSED] - println(o1R): null

18-11-2024T02:52:53 - [TEST_STEP][PASSED] - println(o1B): null

18-11-2024T02:52:53 - [TEST_STEP][PASSED] - PR = <not implemented yet for class: org.codehaus.groovy.ast.expr.EmptyExpression>: null

18-11-2024T02:52:53 - [TEST_STEP][PASSED] - FR = <not implemented yet for class: org.codehaus.groovy.ast.expr.EmptyExpression>: null

18-11-2024T02:52:53 - [TEST_STEP][PASSED] - PB = <not implemented yet for class: org.codehaus.groovy.ast.expr.EmptyExpression>: null

18-11-2024T02:52:53 - [TEST_STEP][PASSED] - FB = <not implemented yet for class: org.codehaus.groovy.ast.expr.EmptyExpression>: null

18-11-2024T02:52:53 - [TEST_STEP][PASSED] - TR = <not implemented yet for class: org.codehaus.groovy.ast.expr.EmptyExpression>: null

18-11-2024T02:52:53 - [TEST_STEP][PASSED] - TB = <not implemented yet for class: org.codehaus.groovy.ast.expr.EmptyExpression>: null

18-11-2024T02:52:53 - [TEST_STEP][PASSED] - sheetName = "Sheet1": null

18-11-2024T02:52:53 - [TEST_STEP][PASSED] - data = findTestData("PlanFact"): null

18-11-2024T02:52:53 - [TEST_STEP][PASSED] - n = data.getRowNumbers() + 1: null

18-11-2024T02:52:53 - [TEST_STEP][PASSED] - year = todaysDate.substring(todaysDate.length() - 4, todaysDate.length()): null

18-11-2024T02:52:53 - [TEST_STEP][PASSED] - y = year.toInteger(): null

18-11-2024T02:52:53 - [TEST_STEP][PASSED] - m = getText(findTestObject("Выполнение бизнес-плана/Выполнение бизнес-плана Балансы/Фильтр Дата")): Text of object 'Object Repository/Выполнение бизнес-плана/Выполнение бизнес-плана Балансы/Фильтр Дата' is: '1, 2, 3 кв. 2024 года'

18-11-2024T02:52:53 - [MESSAGE][PASSED] - Text of object 'Object Repository/Выполнение бизнес-плана/Выполнение бизнес-плана Балансы/Фильтр Дата' is: '1, 2, 3 кв. 2024 года'

18-11-2024T02:52:53 - [TEST_STEP][PASSED] - m = m.substring(0, m.indexOf("2024")): null

18-11-2024T02:52:53 - [TEST_STEP][PASSED] - m = m.trim(): null

18-11-2024T02:52:53 - [TEST_STEP][PASSED] - dashboardName = "Выполнение бизнес-плана": null

18-11-2024T02:52:53 - [TEST_STEP][PASSED] - workbook01 = getWorkbook(excelFilePath): null

18-11-2024T02:52:53 - [TEST_STEP][PASSED] - sheet01 = getExcelSheet(workbook01, sheetName): null

18-11-2024T02:52:53 - [TEST_STEP][PASSED] - setValueToCellByIndex(sheet01, n, 0, dashboardName): null

18-11-2024T02:52:53 - [TEST_STEP][PASSED] - setValueToCellByIndex(sheet01, n, 1, dZO): null

18-11-2024T02:52:53 - [TEST_STEP][PASSED] - setValueToCellByIndex(sheet01, n, 2, typeOfData): null

18-11-2024T02:52:53 - [TEST_STEP][PASSED] - setValueToCellByIndex(sheet01, n, 3, typeOfData): null

18-11-2024T02:52:53 - [TEST_STEP][PASSED] - if (typeOfData == "План"): null

18-11-2024T02:52:53 - [TEST_STEP][PASSED] - else if (typeOfData == "Факт"): null

18-11-2024T02:52:53 - [TEST_STEP][PASSED] - else if (vidget.contains("электроэнергии") == true): null

18-11-2024T02:52:53 - [TEST_STEP][PASSED] - if (tabR == null): null

18-11-2024T02:52:53 - [TEST_STEP][PASSED] - else: null

18-11-2024T02:52:53 - [TEST_STEP][PASSED] - if (tabR == "нет данных"): null

18-11-2024T02:52:53 - [TEST_STEP][PASSED] - setValueToCellByIndex(sheet01, n, 4, "нет данных"): null

18-11-2024T02:52:53 - [TEST_STEP][PASSED] - if (tabB == null): null

18-11-2024T02:52:53 - [TEST_STEP][PASSED] - else: null

18-11-2024T02:52:53 - [TEST_STEP][PASSED] - if (tabB == "нет данных"): null

18-11-2024T02:52:53 - [TEST_STEP][PASSED] - else: null

18-11-2024T02:52:53 - [TEST_STEP][PASSED] - TB = tabB.toInteger(): null

18-11-2024T02:52:53 - [TEST_STEP][PASSED] - setValueToCellByIndex(sheet01, n, 5, TB): null

18-11-2024T02:52:53 - [TEST_STEP][PASSED] - setValueToCellByIndex(sheet01, n, 6, m): null

18-11-2024T02:52:53 - [TEST_STEP][PASSED] - setValueToCellByIndex(sheet01, n, 7, y): null

18-11-2024T02:52:53 - [TEST_STEP][PASSED] - setValueToCellByIndex(sheet01, n, 8, todaysDate): null

18-11-2024T02:52:53 - [TEST_STEP][PASSED] - n = n + 1: null

18-11-2024T02:52:53 - [TEST_STEP][PASSED] - saveWorkbook(excelFilePath, workbook01): null

18-11-2024T02:52:53 - [TEST_STEP][PASSED] - typeOfData = "План Потери": null

18-11-2024T02:52:53 - [TEST_STEP][PASSED] - tabR = GetPPlanR(x = a): null

18-11-2024T02:52:53 - [TEST_STEP][PASSED] - i1 = <not implemented yet for class: org.codehaus.groovy.ast.expr.EmptyExpression>: null

18-11-2024T02:52:53 - [TEST_STEP][PASSED] - ii = <not implemented yet for class: org.codehaus.groovy.ast.expr.EmptyExpression>: null

18-11-2024T02:52:53 - [TEST_STEP][PASSED] - for ([ii = 1, ii < 9, (ii++)]): null

18-11-2024T02:52:53 - [TEST_STEP][PASSED] - i1 = x.indexOf("/") + 1: null

18-11-2024T02:52:53 - [TEST_STEP][PASSED] - if (i1 > -1): null

18-11-2024T02:52:53 - [TEST_STEP][PASSED] - x = x.substring(i1, x.length()): null

18-11-2024T02:52:53 - [TEST_STEP][PASSED] - println(x): null

18-11-2024T02:52:53 - [TEST_STEP][PASSED] - i1 = x.indexOf("/") + 1: null

18-11-2024T02:52:53 - [TEST_STEP][PASSED] - if (i1 > -1): null

18-11-2024T02:52:53 - [TEST_STEP][PASSED] - x = x.substring(i1, x.length()): null

18-11-2024T02:52:53 - [TEST_STEP][PASSED] - println(x): null

18-11-2024T02:52:53 - [TEST_STEP][PASSED] - i1 = x.indexOf("/") + 1: null

18-11-2024T02:52:53 - [TEST_STEP][PASSED] - if (i1 > -1): null

18-11-2024T02:52:53 - [TEST_STEP][PASSED] - x = x.substring(i1, x.length()): null

18-11-2024T02:52:53 - [TEST_STEP][PASSED] - println(x): null

18-11-2024T02:52:53 - [TEST_STEP][PASSED] - i1 = x.indexOf("/") + 1: null

18-11-2024T02:52:53 - [TEST_STEP][PASSED] - if (i1 > -1): null

18-11-2024T02:52:53 - [TEST_STEP][PASSED] - x = x.substring(i1, x.length()): null

18-11-2024T02:52:53 - [TEST_STEP][PASSED] - println(x): null

18-11-2024T02:52:53 - [TEST_STEP][PASSED] - i1 = x.indexOf("/") + 1: null

18-11-2024T02:52:53 - [TEST_STEP][PASSED] - if (i1 > -1): null

18-11-2024T02:52:53 - [TEST_STEP][PASSED] - x = x.substring(i1, x.length()): null

18-11-2024T02:52:53 - [TEST_STEP][PASSED] - println(x): null

18-11-2024T02:52:53 - [TEST_STEP][PASSED] - i1 = x.indexOf("/") + 1: null

18-11-2024T02:52:53 - [TEST_STEP][PASSED] - if (i1 > -1): null

18-11-2024T02:52:53 - [TEST_STEP][PASSED] - x = x.substring(i1, x.length()): null

18-11-2024T02:52:53 - [TEST_STEP][PASSED] - println(x): null

18-11-2024T02:52:53 - [TEST_STEP][PASSED] - i1 = x.indexOf("/") + 1: null

18-11-2024T02:52:53 - [TEST_STEP][PASSED] - if (i1 > -1): null

18-11-2024T02:52:53 - [TEST_STEP][PASSED] - x = x.substring(i1, x.length()): null

18-11-2024T02:52:53 - [TEST_STEP][PASSED] - println(x): null

18-11-2024T02:52:53 - [TEST_STEP][PASSED] - i1 = x.indexOf("/") + 1: null

18-11-2024T02:52:53 - [TEST_STEP][PASSED] - if (i1 > -1): null

18-11-2024T02:52:53 - [TEST_STEP][PASSED] - x = x.substring(i1, x.length()): null

18-11-2024T02:52:53 - [TEST_STEP][PASSED] - println(x): null

18-11-2024T02:52:53 - [TEST_STEP][PASSED] - i1 = x.indexOf("/"): null

18-11-2024T02:52:53 - [TEST_STEP][PASSED] - if (i1 > -1): null

18-11-2024T02:52:53 - [TEST_STEP][PASSED] - x = x.substring(0, i1): null

18-11-2024T02:52:53 - [TEST_STEP][PASSED] - println(x): null

18-11-2024T02:52:53 - [TEST_STEP][PASSED] - return x: null

18-11-2024T02:52:53 - [TEST_STEP][PASSED] - tabB = GetPPlanB(x = b): null

18-11-2024T02:52:53 - [TEST_STEP][PASSED] - i1 = <not implemented yet for class: org.codehaus.groovy.ast.expr.EmptyExpression>: null

18-11-2024T02:52:53 - [TEST_STEP][PASSED] - ii = <not implemented yet for class: org.codehaus.groovy.ast.expr.EmptyExpression>: null

18-11-2024T02:52:53 - [TEST_STEP][PASSED] - for ([ii = 1, ii < 9, (ii++)]): null

18-11-2024T02:52:53 - [TEST_STEP][PASSED] - i1 = x.indexOf("/") + 1: null

18-11-2024T02:52:53 - [TEST_STEP][PASSED] - if (i1 > -1): null

18-11-2024T02:52:53 - [TEST_STEP][PASSED] - x = x.substring(i1, x.length()): null

18-11-2024T02:52:53 - [TEST_STEP][PASSED] - println(x): null

18-11-2024T02:52:53 - [TEST_STEP][PASSED] - i1 = x.indexOf("/") + 1: null

18-11-2024T02:52:53 - [TEST_STEP][PASSED] - if (i1 > -1): null

18-11-2024T02:52:53 - [TEST_STEP][PASSED] - x = x.substring(i1, x.length()): null

18-11-2024T02:52:53 - [TEST_STEP][PASSED] - println(x): null

18-11-2024T02:52:53 - [TEST_STEP][PASSED] - i1 = x.indexOf("/") + 1: null

18-11-2024T02:52:53 - [TEST_STEP][PASSED] - if (i1 > -1): null

18-11-2024T02:52:53 - [TEST_STEP][PASSED] - x = x.substring(i1, x.length()): null

18-11-2024T02:52:53 - [TEST_STEP][PASSED] - println(x): null

18-11-2024T02:52:53 - [TEST_STEP][PASSED] - i1 = x.indexOf("/") + 1: null

18-11-2024T02:52:53 - [TEST_STEP][PASSED] - if (i1 > -1): null

18-11-2024T02:52:53 - [TEST_STEP][PASSED] - x = x.substring(i1, x.length()): null

18-11-2024T02:52:53 - [TEST_STEP][PASSED] - println(x): null

18-11-2024T02:52:53 - [TEST_STEP][PASSED] - i1 = x.indexOf("/") + 1: null

18-11-2024T02:52:53 - [TEST_STEP][PASSED] - if (i1 > -1): null

18-11-2024T02:52:53 - [TEST_STEP][PASSED] - x = x.substring(i1, x.length()): null

18-11-2024T02:52:53 - [TEST_STEP][PASSED] - println(x): null

18-11-2024T02:52:53 - [TEST_STEP][PASSED] - i1 = x.indexOf("/") + 1: null

18-11-2024T02:52:53 - [TEST_STEP][PASSED] - if (i1 > -1): null

18-11-2024T02:52:53 - [TEST_STEP][PASSED] - x = x.substring(i1, x.length()): null

18-11-2024T02:52:53 - [TEST_STEP][PASSED] - println(x): null

18-11-2024T02:52:53 - [TEST_STEP][PASSED] - i1 = x.indexOf("/") + 1: null

18-11-2024T02:52:53 - [TEST_STEP][PASSED] - if (i1 > -1): null

18-11-2024T02:52:53 - [TEST_STEP][PASSED] - x = x.substring(i1, x.length()): null

18-11-2024T02:52:53 - [TEST_STEP][PASSED] - println(x): null

18-11-2024T02:52:53 - [TEST_STEP][PASSED] - i1 = x.indexOf("/") + 1: null

18-11-2024T02:52:53 - [TEST_STEP][PASSED] - if (i1 > -1): null

18-11-2024T02:52:53 - [TEST_STEP][PASSED] - x = x.substring(i1, x.length()): null

18-11-2024T02:52:53 - [TEST_STEP][PASSED] - println(x): null

18-11-2024T02:52:53 - [TEST_STEP][PASSED] - i1 = x.indexOf("/"): null

18-11-2024T02:52:53 - [TEST_STEP][PASSED] - if (i1 > -1): null

18-11-2024T02:52:53 - [TEST_STEP][PASSED] - x = x.substring(0, i1): null

18-11-2024T02:52:53 - [TEST_STEP][PASSED] - println(x): null

18-11-2024T02:52:53 - [TEST_STEP][FAILED] - return x: null

18-11-2024T02:52:53 - [TEST_STEP][PASSED] - println(tabR + "/" + tabB): null

18-11-2024T02:52:53 - [TEST_STEP][FAILED] - if (verifyEqual(PercFactR, PercFactB) == false): null

18-11-2024T02:52:53 - [MESSAGE][FAILED] - Unable to verify equal between actual object 'нет данных' and expected object '5.56' (Root cause: com.kms.katalon.core.exception.StepFailedException: Actual object 'нет данных' and expected object '5.56' are not equal
	at com.kms.katalon.core.keyword.builtin.VerifyEqualKeyword$_verifyEqual_closure1.doCall(VerifyEqualKeyword.groovy:58)
	at com.kms.katalon.core.keyword.builtin.VerifyEqualKeyword$_verifyEqual_closure1.call(VerifyEqualKeyword.groovy)
	at com.kms.katalon.core.keyword.internal.KeywordMain.runKeyword(KeywordMain.groovy:75)
	at com.kms.katalon.core.keyword.builtin.VerifyEqualKeyword.verifyEqual(VerifyEqualKeyword.groovy:63)
	at com.kms.katalon.core.keyword.builtin.VerifyEqualKeyword.execute(VerifyEqualKeyword.groovy:44)
	at com.kms.katalon.core.keyword.internal.KeywordExecutor.executeKeywordForPlatform(KeywordExecutor.groovy:74)
	at com.kms.katalon.core.keyword.BuiltinKeywords.verifyEqual(BuiltinKeywords.groovy:146)
	at jdk.internal.reflect.GeneratedMethodAccessor25.invoke(Unknown Source)
	at java.base/jdk.internal.reflect.DelegatingMethodAccessorImpl.invoke(DelegatingMethodAccessorImpl.java:43)
	at Выполнение бизнес-плана сверка дашбордов.CompareDZOData(Выполнение бизнес-плана сверка дашбордов:771)
	at Выполнение бизнес-плана сверка дашбордов.run(Выполнение бизнес-плана сверка дашбордов:643)
	at com.kms.katalon.core.main.ScriptEngine.run(ScriptEngine.java:194)
	at com.kms.katalon.core.main.ScriptEngine.runScriptAsRawText(ScriptEngine.java:119)
	at com.kms.katalon.core.main.TestCaseExecutor.runScript(TestCaseExecutor.java:448)
	at com.kms.katalon.core.main.TestCaseExecutor.doExecute(TestCaseExecutor.java:439)
	at com.kms.katalon.core.main.TestCaseExecutor.processExecutionPhase(TestCaseExecutor.java:418)
	at com.kms.katalon.core.main.TestCaseExecutor.accessMainPhase(TestCaseExecutor.java:410)
	at com.kms.katalon.core.main.TestCaseExecutor.execute(TestCaseExecutor.java:285)
	at com.kms.katalon.core.common.CommonExecutor.accessTestCaseMainPhase(CommonExecutor.java:65)
	at com.kms.katalon.core.main.TestSuiteExecutor.accessTestSuiteMainPhase(TestSuiteExecutor.java:150)
	at com.kms.katalon.core.main.TestSuiteExecutor.execute(TestSuiteExecutor.java:106)
	at com.kms.katalon.core.main.TestCaseMain.startTestSuite(TestCaseMain.java:180)
	at TempTestSuite1731886967590.run(TempTestSuite1731886967590.groovy:35)
	at java.base/jdk.internal.reflect.NativeMethodAccessorImpl.invoke0(Native Method)
	at java.base/jdk.internal.reflect.NativeMethodAccessorImpl.invoke(NativeMethodAccessorImpl.java:77)
	at java.base/jdk.internal.reflect.DelegatingMethodAccessorImpl.invoke(DelegatingMethodAccessorImpl.java:43)
)

18-11-2024T02:52:53 - [TEST_STEP][PASSED] - result = WriteToExcel(typeOfData, todaysDate, PercPlanR, PercPlanB, PercFactR, PercFactB, x, tabR, tabB, o1R, o1B, vidget): null

18-11-2024T02:52:53 - [TEST_STEP][PASSED] - iii = dZO.indexOf("/"): null

18-11-2024T02:52:53 - [TEST_STEP][PASSED] - println(iii): null

18-11-2024T02:52:53 - [TEST_STEP][PASSED] - dZO = dZO.substring(0, iii): null

18-11-2024T02:52:53 - [TEST_STEP][PASSED] - println(dZO): null

18-11-2024T02:52:53 - [TEST_STEP][PASSED] - println(PercPlanR): null

18-11-2024T02:52:53 - [TEST_STEP][PASSED] - println(PercPlanB): null

18-11-2024T02:52:53 - [TEST_STEP][PASSED] - println(PercFactR): null

18-11-2024T02:52:53 - [TEST_STEP][PASSED] - println(PercFactB): null

18-11-2024T02:52:53 - [TEST_STEP][PASSED] - println(tabR): null

18-11-2024T02:52:53 - [TEST_STEP][PASSED] - println(tabB): null

18-11-2024T02:52:53 - [TEST_STEP][PASSED] - println(o1R): null

18-11-2024T02:52:53 - [TEST_STEP][PASSED] - println(o1B): null

18-11-2024T02:52:53 - [TEST_STEP][PASSED] - PR = <not implemented yet for class: org.codehaus.groovy.ast.expr.EmptyExpression>: null

18-11-2024T02:52:53 - [TEST_STEP][PASSED] - FR = <not implemented yet for class: org.codehaus.groovy.ast.expr.EmptyExpression>: null

18-11-2024T02:52:53 - [TEST_STEP][PASSED] - PB = <not implemented yet for class: org.codehaus.groovy.ast.expr.EmptyExpression>: null

18-11-2024T02:52:53 - [TEST_STEP][PASSED] - FB = <not implemented yet for class: org.codehaus.groovy.ast.expr.EmptyExpression>: null

18-11-2024T02:52:53 - [TEST_STEP][PASSED] - TR = <not implemented yet for class: org.codehaus.groovy.ast.expr.EmptyExpression>: null

18-11-2024T02:52:53 - [TEST_STEP][PASSED] - TB = <not implemented yet for class: org.codehaus.groovy.ast.expr.EmptyExpression>: null

18-11-2024T02:52:53 - [TEST_STEP][PASSED] - sheetName = "Sheet1": null

18-11-2024T02:52:53 - [TEST_STEP][PASSED] - data = findTestData("PlanFact"): null

18-11-2024T02:52:54 - [TEST_STEP][PASSED] - n = data.getRowNumbers() + 1: null

18-11-2024T02:52:54 - [TEST_STEP][PASSED] - year = todaysDate.substring(todaysDate.length() - 4, todaysDate.length()): null

18-11-2024T02:52:54 - [TEST_STEP][PASSED] - y = year.toInteger(): null

18-11-2024T02:52:54 - [TEST_STEP][PASSED] - m = getText(findTestObject("Выполнение бизнес-плана/Выполнение бизнес-плана Балансы/Фильтр Дата")): Text of object 'Object Repository/Выполнение бизнес-плана/Выполнение бизнес-плана Балансы/Фильтр Дата' is: '1, 2, 3 кв. 2024 года'

18-11-2024T02:52:54 - [MESSAGE][PASSED] - Text of object 'Object Repository/Выполнение бизнес-плана/Выполнение бизнес-плана Балансы/Фильтр Дата' is: '1, 2, 3 кв. 2024 года'

18-11-2024T02:52:54 - [TEST_STEP][PASSED] - m = m.substring(0, m.indexOf("2024")): null

18-11-2024T02:52:54 - [TEST_STEP][PASSED] - m = m.trim(): null

18-11-2024T02:52:54 - [TEST_STEP][PASSED] - dashboardName = "Выполнение бизнес-плана": null

18-11-2024T02:52:54 - [TEST_STEP][PASSED] - workbook01 = getWorkbook(excelFilePath): null

18-11-2024T02:52:54 - [TEST_STEP][PASSED] - sheet01 = getExcelSheet(workbook01, sheetName): null

18-11-2024T02:52:54 - [TEST_STEP][PASSED] - setValueToCellByIndex(sheet01, n, 0, dashboardName): null

18-11-2024T02:52:54 - [TEST_STEP][PASSED] - setValueToCellByIndex(sheet01, n, 1, dZO): null

18-11-2024T02:52:54 - [TEST_STEP][PASSED] - setValueToCellByIndex(sheet01, n, 2, typeOfData): null

18-11-2024T02:52:54 - [TEST_STEP][PASSED] - setValueToCellByIndex(sheet01, n, 3, typeOfData): null

18-11-2024T02:52:54 - [TEST_STEP][PASSED] - if (typeOfData == "План"): null

18-11-2024T02:52:54 - [TEST_STEP][PASSED] - else if (typeOfData == "Факт"): null

18-11-2024T02:52:54 - [TEST_STEP][PASSED] - else if (vidget.contains("электроэнергии") == true): null

18-11-2024T02:52:54 - [TEST_STEP][PASSED] - if (tabR == null): null

18-11-2024T02:52:54 - [TEST_STEP][PASSED] - else: null

18-11-2024T02:52:54 - [TEST_STEP][PASSED] - if (tabR == "нет данных"): null

18-11-2024T02:52:54 - [TEST_STEP][PASSED] - setValueToCellByIndex(sheet01, n, 4, "нет данных"): null

18-11-2024T02:52:54 - [TEST_STEP][PASSED] - if (tabB == null): null

18-11-2024T02:52:54 - [TEST_STEP][PASSED] - else: null

18-11-2024T02:52:54 - [TEST_STEP][PASSED] - if (tabB == "нет данных"): null

18-11-2024T02:52:54 - [TEST_STEP][PASSED] - else: null

18-11-2024T02:52:54 - [TEST_STEP][PASSED] - TB = tabB.toInteger(): null

18-11-2024T02:52:54 - [TEST_STEP][PASSED] - setValueToCellByIndex(sheet01, n, 5, TB): null

18-11-2024T02:52:54 - [TEST_STEP][PASSED] - setValueToCellByIndex(sheet01, n, 6, m): null

18-11-2024T02:52:54 - [TEST_STEP][PASSED] - setValueToCellByIndex(sheet01, n, 7, y): null

18-11-2024T02:52:54 - [TEST_STEP][PASSED] - setValueToCellByIndex(sheet01, n, 8, todaysDate): null

18-11-2024T02:52:54 - [TEST_STEP][PASSED] - n = n + 1: null

18-11-2024T02:52:54 - [TEST_STEP][PASSED] - saveWorkbook(excelFilePath, workbook01): null

18-11-2024T02:52:54 - [TEST_STEP][PASSED] - ii2 = a.indexOf("ПАО"): null

18-11-2024T02:52:54 - [TEST_STEP][PASSED] - if (ii2 == -1): null

18-11-2024T02:52:54 - [TEST_STEP][PASSED] - vidget = "Отклонения фактического уровня потерь от бизнес-плана": null

18-11-2024T02:52:54 - [TEST_STEP][PASSED] - typeOfData = "Коэффициент": null

18-11-2024T02:52:54 - [TEST_STEP][PASSED] - o1R = Geto1R(x = a): null

18-11-2024T02:52:54 - [TEST_STEP][PASSED] - i1 = <not implemented yet for class: org.codehaus.groovy.ast.expr.EmptyExpression>: null

18-11-2024T02:52:54 - [TEST_STEP][PASSED] - ii = <not implemented yet for class: org.codehaus.groovy.ast.expr.EmptyExpression>: null

18-11-2024T02:52:54 - [TEST_STEP][PASSED] - for ([ii = 1, ii < 10, (ii++)]): null

18-11-2024T02:52:54 - [TEST_STEP][PASSED] - i1 = x.indexOf("/") + 1: null

18-11-2024T02:52:54 - [TEST_STEP][PASSED] - if (i1 > -1): null

18-11-2024T02:52:54 - [TEST_STEP][PASSED] - x = x.substring(i1, x.length()): null

18-11-2024T02:52:54 - [TEST_STEP][PASSED] - i1 = x.indexOf("/") + 1: null

18-11-2024T02:52:54 - [TEST_STEP][PASSED] - if (i1 > -1): null

18-11-2024T02:52:54 - [TEST_STEP][PASSED] - x = x.substring(i1, x.length()): null

18-11-2024T02:52:54 - [TEST_STEP][PASSED] - i1 = x.indexOf("/") + 1: null

18-11-2024T02:52:54 - [TEST_STEP][PASSED] - if (i1 > -1): null

18-11-2024T02:52:54 - [TEST_STEP][PASSED] - x = x.substring(i1, x.length()): null

18-11-2024T02:52:54 - [TEST_STEP][PASSED] - i1 = x.indexOf("/") + 1: null

18-11-2024T02:52:54 - [TEST_STEP][PASSED] - if (i1 > -1): null

18-11-2024T02:52:54 - [TEST_STEP][PASSED] - x = x.substring(i1, x.length()): null

18-11-2024T02:52:54 - [TEST_STEP][PASSED] - i1 = x.indexOf("/") + 1: null

18-11-2024T02:52:54 - [TEST_STEP][PASSED] - if (i1 > -1): null

18-11-2024T02:52:54 - [TEST_STEP][PASSED] - x = x.substring(i1, x.length()): null

18-11-2024T02:52:54 - [TEST_STEP][PASSED] - i1 = x.indexOf("/") + 1: null

18-11-2024T02:52:54 - [TEST_STEP][PASSED] - if (i1 > -1): null

18-11-2024T02:52:54 - [TEST_STEP][PASSED] - x = x.substring(i1, x.length()): null

18-11-2024T02:52:54 - [TEST_STEP][PASSED] - i1 = x.indexOf("/") + 1: null

18-11-2024T02:52:54 - [TEST_STEP][PASSED] - if (i1 > -1): null

18-11-2024T02:52:54 - [TEST_STEP][PASSED] - x = x.substring(i1, x.length()): null

18-11-2024T02:52:54 - [TEST_STEP][PASSED] - i1 = x.indexOf("/") + 1: null

18-11-2024T02:52:54 - [TEST_STEP][PASSED] - if (i1 > -1): null

18-11-2024T02:52:54 - [TEST_STEP][PASSED] - x = x.substring(i1, x.length()): null

18-11-2024T02:52:54 - [TEST_STEP][PASSED] - i1 = x.indexOf("/") + 1: null

18-11-2024T02:52:54 - [TEST_STEP][PASSED] - if (i1 > -1): null

18-11-2024T02:52:54 - [TEST_STEP][PASSED] - x = x.substring(i1, x.length()): null

18-11-2024T02:52:54 - [TEST_STEP][PASSED] - i1 = x.indexOf("/"): null

18-11-2024T02:52:54 - [TEST_STEP][PASSED] - if (i1 > -1): null

18-11-2024T02:52:54 - [TEST_STEP][PASSED] - println(x): null

18-11-2024T02:52:54 - [TEST_STEP][PASSED] - return x: null

18-11-2024T02:52:54 - [TEST_STEP][PASSED] - o1B = Geto1B(x = b): null

18-11-2024T02:52:54 - [TEST_STEP][PASSED] - i1 = <not implemented yet for class: org.codehaus.groovy.ast.expr.EmptyExpression>: null

18-11-2024T02:52:54 - [TEST_STEP][PASSED] - ii = <not implemented yet for class: org.codehaus.groovy.ast.expr.EmptyExpression>: null

18-11-2024T02:52:54 - [TEST_STEP][PASSED] - for ([ii = 1, ii < 10, (ii++)]): null

18-11-2024T02:52:54 - [TEST_STEP][PASSED] - i1 = x.indexOf("/") + 1: null

18-11-2024T02:52:54 - [TEST_STEP][PASSED] - if (i1 > -1): null

18-11-2024T02:52:54 - [TEST_STEP][PASSED] - x = x.substring(i1, x.length()): null

18-11-2024T02:52:54 - [TEST_STEP][PASSED] - i1 = x.indexOf("/") + 1: null

18-11-2024T02:52:54 - [TEST_STEP][PASSED] - if (i1 > -1): null

18-11-2024T02:52:54 - [TEST_STEP][PASSED] - x = x.substring(i1, x.length()): null

18-11-2024T02:52:54 - [TEST_STEP][PASSED] - i1 = x.indexOf("/") + 1: null

18-11-2024T02:52:54 - [TEST_STEP][PASSED] - if (i1 > -1): null

18-11-2024T02:52:54 - [TEST_STEP][PASSED] - x = x.substring(i1, x.length()): null

18-11-2024T02:52:54 - [TEST_STEP][PASSED] - i1 = x.indexOf("/") + 1: null

18-11-2024T02:52:54 - [TEST_STEP][PASSED] - if (i1 > -1): null

18-11-2024T02:52:54 - [TEST_STEP][PASSED] - x = x.substring(i1, x.length()): null

18-11-2024T02:52:54 - [TEST_STEP][PASSED] - i1 = x.indexOf("/") + 1: null

18-11-2024T02:52:54 - [TEST_STEP][PASSED] - if (i1 > -1): null

18-11-2024T02:52:54 - [TEST_STEP][PASSED] - x = x.substring(i1, x.length()): null

18-11-2024T02:52:54 - [TEST_STEP][PASSED] - i1 = x.indexOf("/") + 1: null

18-11-2024T02:52:54 - [TEST_STEP][PASSED] - if (i1 > -1): null

18-11-2024T02:52:54 - [TEST_STEP][PASSED] - x = x.substring(i1, x.length()): null

18-11-2024T02:52:54 - [TEST_STEP][PASSED] - i1 = x.indexOf("/") + 1: null

18-11-2024T02:52:54 - [TEST_STEP][PASSED] - if (i1 > -1): null

18-11-2024T02:52:54 - [TEST_STEP][PASSED] - x = x.substring(i1, x.length()): null

18-11-2024T02:52:54 - [TEST_STEP][PASSED] - i1 = x.indexOf("/") + 1: null

18-11-2024T02:52:54 - [TEST_STEP][PASSED] - if (i1 > -1): null

18-11-2024T02:52:54 - [TEST_STEP][PASSED] - x = x.substring(i1, x.length()): null

18-11-2024T02:52:54 - [TEST_STEP][PASSED] - i1 = x.indexOf("/") + 1: null

18-11-2024T02:52:54 - [TEST_STEP][PASSED] - if (i1 > -1): null

18-11-2024T02:52:54 - [TEST_STEP][PASSED] - x = x.substring(i1, x.length()): null

18-11-2024T02:52:54 - [TEST_STEP][PASSED] - i1 = x.indexOf("/"): null

18-11-2024T02:52:54 - [TEST_STEP][PASSED] - if (i1 > -1): null

18-11-2024T02:52:54 - [TEST_STEP][PASSED] - println(x): null

18-11-2024T02:52:54 - [TEST_STEP][FAILED] - return x: null

18-11-2024T02:52:54 - [TEST_STEP][PASSED] - println(o1R + "/" + o1B): null

18-11-2024T02:52:54 - [TEST_STEP][FAILED] - if (verifyEqual(PercFactR, PercFactB) == false): null

18-11-2024T02:52:54 - [MESSAGE][FAILED] - Unable to verify equal between actual object 'нет данных' and expected object '5.56' (Root cause: com.kms.katalon.core.exception.StepFailedException: Actual object 'нет данных' and expected object '5.56' are not equal
	at com.kms.katalon.core.keyword.builtin.VerifyEqualKeyword$_verifyEqual_closure1.doCall(VerifyEqualKeyword.groovy:58)
	at com.kms.katalon.core.keyword.builtin.VerifyEqualKeyword$_verifyEqual_closure1.call(VerifyEqualKeyword.groovy)
	at com.kms.katalon.core.keyword.internal.KeywordMain.runKeyword(KeywordMain.groovy:75)
	at com.kms.katalon.core.keyword.builtin.VerifyEqualKeyword.verifyEqual(VerifyEqualKeyword.groovy:63)
	at com.kms.katalon.core.keyword.builtin.VerifyEqualKeyword.execute(VerifyEqualKeyword.groovy:44)
	at com.kms.katalon.core.keyword.internal.KeywordExecutor.executeKeywordForPlatform(KeywordExecutor.groovy:74)
	at com.kms.katalon.core.keyword.BuiltinKeywords.verifyEqual(BuiltinKeywords.groovy:146)
	at jdk.internal.reflect.GeneratedMethodAccessor25.invoke(Unknown Source)
	at java.base/jdk.internal.reflect.DelegatingMethodAccessorImpl.invoke(DelegatingMethodAccessorImpl.java:43)
	at Выполнение бизнес-плана сверка дашбордов.CompareDZOData(Выполнение бизнес-плана сверка дашбордов:789)
	at Выполнение бизнес-плана сверка дашбордов.run(Выполнение бизнес-плана сверка дашбордов:643)
	at com.kms.katalon.core.main.ScriptEngine.run(ScriptEngine.java:194)
	at com.kms.katalon.core.main.ScriptEngine.runScriptAsRawText(ScriptEngine.java:119)
	at com.kms.katalon.core.main.TestCaseExecutor.runScript(TestCaseExecutor.java:448)
	at com.kms.katalon.core.main.TestCaseExecutor.doExecute(TestCaseExecutor.java:439)
	at com.kms.katalon.core.main.TestCaseExecutor.processExecutionPhase(TestCaseExecutor.java:418)
	at com.kms.katalon.core.main.TestCaseExecutor.accessMainPhase(TestCaseExecutor.java:410)
	at com.kms.katalon.core.main.TestCaseExecutor.execute(TestCaseExecutor.java:285)
	at com.kms.katalon.core.common.CommonExecutor.accessTestCaseMainPhase(CommonExecutor.java:65)
	at com.kms.katalon.core.main.TestSuiteExecutor.accessTestSuiteMainPhase(TestSuiteExecutor.java:150)
	at com.kms.katalon.core.main.TestSuiteExecutor.execute(TestSuiteExecutor.java:106)
	at com.kms.katalon.core.main.TestCaseMain.startTestSuite(TestCaseMain.java:180)
	at TempTestSuite1731886967590.run(TempTestSuite1731886967590.groovy:35)
	at java.base/jdk.internal.reflect.NativeMethodAccessorImpl.invoke0(Native Method)
	at java.base/jdk.internal.reflect.NativeMethodAccessorImpl.invoke(NativeMethodAccessorImpl.java:77)
	at java.base/jdk.internal.reflect.DelegatingMethodAccessorImpl.invoke(DelegatingMethodAccessorImpl.java:43)
)

18-11-2024T02:52:54 - [TEST_STEP][PASSED] - result = WriteToExcel(typeOfData, todaysDate, PercPlanR, PercPlanB, PercFactR, PercFactB, x, tabR, tabB, o1R, o1B, vidget): null

18-11-2024T02:52:54 - [TEST_STEP][PASSED] - iii = dZO.indexOf("/"): null

18-11-2024T02:52:54 - [TEST_STEP][PASSED] - println(iii): null

18-11-2024T02:52:54 - [TEST_STEP][PASSED] - dZO = dZO.substring(0, iii): null

18-11-2024T02:52:54 - [TEST_STEP][PASSED] - println(dZO): null

18-11-2024T02:52:54 - [TEST_STEP][PASSED] - println(PercPlanR): null

18-11-2024T02:52:54 - [TEST_STEP][PASSED] - println(PercPlanB): null

18-11-2024T02:52:54 - [TEST_STEP][PASSED] - println(PercFactR): null

18-11-2024T02:52:54 - [TEST_STEP][PASSED] - println(PercFactB): null

18-11-2024T02:52:54 - [TEST_STEP][PASSED] - println(tabR): null

18-11-2024T02:52:54 - [TEST_STEP][PASSED] - println(tabB): null

18-11-2024T02:52:54 - [TEST_STEP][PASSED] - println(o1R): null

18-11-2024T02:52:54 - [TEST_STEP][PASSED] - println(o1B): null

18-11-2024T02:52:54 - [TEST_STEP][PASSED] - PR = <not implemented yet for class: org.codehaus.groovy.ast.expr.EmptyExpression>: null

18-11-2024T02:52:54 - [TEST_STEP][PASSED] - FR = <not implemented yet for class: org.codehaus.groovy.ast.expr.EmptyExpression>: null

18-11-2024T02:52:54 - [TEST_STEP][PASSED] - PB = <not implemented yet for class: org.codehaus.groovy.ast.expr.EmptyExpression>: null

18-11-2024T02:52:54 - [TEST_STEP][PASSED] - FB = <not implemented yet for class: org.codehaus.groovy.ast.expr.EmptyExpression>: null

18-11-2024T02:52:54 - [TEST_STEP][PASSED] - TR = <not implemented yet for class: org.codehaus.groovy.ast.expr.EmptyExpression>: null

18-11-2024T02:52:54 - [TEST_STEP][PASSED] - TB = <not implemented yet for class: org.codehaus.groovy.ast.expr.EmptyExpression>: null

18-11-2024T02:52:54 - [TEST_STEP][PASSED] - sheetName = "Sheet1": null

18-11-2024T02:52:54 - [TEST_STEP][PASSED] - data = findTestData("PlanFact"): null

18-11-2024T02:52:54 - [TEST_STEP][PASSED] - n = data.getRowNumbers() + 1: null

18-11-2024T02:52:54 - [TEST_STEP][PASSED] - year = todaysDate.substring(todaysDate.length() - 4, todaysDate.length()): null

18-11-2024T02:52:54 - [TEST_STEP][PASSED] - y = year.toInteger(): null

18-11-2024T02:52:54 - [TEST_STEP][PASSED] - m = getText(findTestObject("Выполнение бизнес-плана/Выполнение бизнес-плана Балансы/Фильтр Дата")): Text of object 'Object Repository/Выполнение бизнес-плана/Выполнение бизнес-плана Балансы/Фильтр Дата' is: '1, 2, 3 кв. 2024 года'

18-11-2024T02:52:54 - [MESSAGE][PASSED] - Text of object 'Object Repository/Выполнение бизнес-плана/Выполнение бизнес-плана Балансы/Фильтр Дата' is: '1, 2, 3 кв. 2024 года'

18-11-2024T02:52:54 - [TEST_STEP][PASSED] - m = m.substring(0, m.indexOf("2024")): null

18-11-2024T02:52:54 - [TEST_STEP][PASSED] - m = m.trim(): null

18-11-2024T02:52:54 - [TEST_STEP][PASSED] - dashboardName = "Выполнение бизнес-плана": null

18-11-2024T02:52:54 - [TEST_STEP][PASSED] - workbook01 = getWorkbook(excelFilePath): null

18-11-2024T02:52:54 - [TEST_STEP][PASSED] - sheet01 = getExcelSheet(workbook01, sheetName): null

18-11-2024T02:52:54 - [TEST_STEP][PASSED] - setValueToCellByIndex(sheet01, n, 0, dashboardName): null

18-11-2024T02:52:54 - [TEST_STEP][PASSED] - setValueToCellByIndex(sheet01, n, 1, dZO): null

18-11-2024T02:52:54 - [TEST_STEP][PASSED] - setValueToCellByIndex(sheet01, n, 2, typeOfData): null

18-11-2024T02:52:54 - [TEST_STEP][PASSED] - setValueToCellByIndex(sheet01, n, 3, typeOfData): null

18-11-2024T02:52:54 - [TEST_STEP][PASSED] - if (typeOfData == "План"): null

18-11-2024T02:52:54 - [TEST_STEP][PASSED] - else if (typeOfData == "Факт"): null

18-11-2024T02:52:54 - [TEST_STEP][PASSED] - else if (vidget.contains("электроэнергии") == true): null

18-11-2024T02:52:54 - [TEST_STEP][PASSED] - else: null

18-11-2024T02:52:54 - [TEST_STEP][PASSED] - if (o1R == null): null

18-11-2024T02:52:54 - [TEST_STEP][PASSED] - else: null

18-11-2024T02:52:54 - [TEST_STEP][PASSED] - if (o1R == "нет данных"): null

18-11-2024T02:52:54 - [TEST_STEP][PASSED] - setValueToCellByIndex(sheet01, n, 4, "нет данных"): null

18-11-2024T02:52:54 - [TEST_STEP][PASSED] - if (o1B == null): null

18-11-2024T02:52:54 - [TEST_STEP][PASSED] - else: null

18-11-2024T02:52:54 - [TEST_STEP][PASSED] - if (o1B == "нет данных"): null

18-11-2024T02:52:54 - [TEST_STEP][PASSED] - else: null

18-11-2024T02:52:54 - [TEST_STEP][PASSED] - FB = o1B.toDouble(): null

18-11-2024T02:52:54 - [TEST_STEP][PASSED] - setValueToCellByIndex(sheet01, n, 5, FB): null

18-11-2024T02:52:54 - [TEST_STEP][PASSED] - setValueToCellByIndex(sheet01, n, 6, m): null

18-11-2024T02:52:54 - [TEST_STEP][PASSED] - setValueToCellByIndex(sheet01, n, 7, y): null

18-11-2024T02:52:54 - [TEST_STEP][PASSED] - setValueToCellByIndex(sheet01, n, 8, todaysDate): null

18-11-2024T02:52:54 - [TEST_STEP][PASSED] - n = n + 1: null

18-11-2024T02:52:54 - [TEST_STEP][FAILED] - saveWorkbook(excelFilePath, workbook01): null

18-11-2024T02:52:55 - [TEST_STEP][PASSED] - if (verifyEqual(cenR, cenB) == false): Actual object 'Россети Центр (ГК)/9.98/9.48/44371600/40166359/4205240/43055315/38756246/4299069/-0.51' and expected object 'Россети Центр (ГК)/9.98/9.48/44371600/40166359/4205240/43055315/38756246/4299069/-0.51' are equal

18-11-2024T02:52:55 - [MESSAGE][PASSED] - Actual object 'Россети Центр (ГК)/9.98/9.48/44371600/40166359/4205240/43055315/38756246/4299069/-0.51' and expected object 'Россети Центр (ГК)/9.98/9.48/44371600/40166359/4205240/43055315/38756246/4299069/-0.51' are equal

18-11-2024T02:52:55 - [TEST_STEP][PASSED] - if (verifyEqual(cIPR, cIPB) == false): Actual object 'Россети Центр и Приволжье (ГК)/6.88/6.63/40894236/38182923/2711313/39451497/36738034/2713463/-0.25' and expected object 'Россети Центр и Приволжье (ГК)/6.88/6.63/40894236/38182923/2711313/39451497/36738034/2713463/-0.25' are equal

18-11-2024T02:52:55 - [MESSAGE][PASSED] - Actual object 'Россети Центр и Приволжье (ГК)/6.88/6.63/40894236/38182923/2711313/39451497/36738034/2713463/-0.25' and expected object 'Россети Центр и Приволжье (ГК)/6.88/6.63/40894236/38182923/2711313/39451497/36738034/2713463/-0.25' are equal

18-11-2024T02:52:55 - [TEST_STEP][FAILED] - if (verifyEqual(ugR, ugB) == false): null

18-11-2024T02:52:55 - [MESSAGE][FAILED] - Unable to verify equal between actual object 'Россети Юг (ГК)/нет данных/нет данных/нет данных/нет данных/нет данных/нет данных/нет данных/нет данных/нет данных' and expected object 'Россети Юг (ГК)/9.28/8.88/20309528/18505161/1804367/19634178/17812520/1821658/-0.39' (Root cause: com.kms.katalon.core.exception.StepFailedException: Actual object 'Россети Юг (ГК)/нет данных/нет данных/нет данных/нет данных/нет данных/нет данных/нет данных/нет данных/нет данных' and expected object 'Россети Юг (ГК)/9.28/8.88/20309528/18505161/1804367/19634178/17812520/1821658/-0.39' are not equal
	at com.kms.katalon.core.keyword.builtin.VerifyEqualKeyword$_verifyEqual_closure1.doCall(VerifyEqualKeyword.groovy:58)
	at com.kms.katalon.core.keyword.builtin.VerifyEqualKeyword$_verifyEqual_closure1.call(VerifyEqualKeyword.groovy)
	at com.kms.katalon.core.keyword.internal.KeywordMain.runKeyword(KeywordMain.groovy:75)
	at com.kms.katalon.core.keyword.builtin.VerifyEqualKeyword.verifyEqual(VerifyEqualKeyword.groovy:63)
	at com.kms.katalon.core.keyword.builtin.VerifyEqualKeyword.execute(VerifyEqualKeyword.groovy:44)
	at com.kms.katalon.core.keyword.internal.KeywordExecutor.executeKeywordForPlatform(KeywordExecutor.groovy:74)
	at com.kms.katalon.core.keyword.BuiltinKeywords.verifyEqual(BuiltinKeywords.groovy:146)
	at jdk.internal.reflect.GeneratedMethodAccessor25.invoke(Unknown Source)
	at java.base/jdk.internal.reflect.DelegatingMethodAccessorImpl.invoke(DelegatingMethodAccessorImpl.java:43)
	at Выполнение бизнес-плана сверка дашбордов.run(Выполнение бизнес-плана сверка дашбордов:657)
	at com.kms.katalon.core.main.ScriptEngine.run(ScriptEngine.java:194)
	at com.kms.katalon.core.main.ScriptEngine.runScriptAsRawText(ScriptEngine.java:119)
	at com.kms.katalon.core.main.TestCaseExecutor.runScript(TestCaseExecutor.java:448)
	at com.kms.katalon.core.main.TestCaseExecutor.doExecute(TestCaseExecutor.java:439)
	at com.kms.katalon.core.main.TestCaseExecutor.processExecutionPhase(TestCaseExecutor.java:418)
	at com.kms.katalon.core.main.TestCaseExecutor.accessMainPhase(TestCaseExecutor.java:410)
	at com.kms.katalon.core.main.TestCaseExecutor.execute(TestCaseExecutor.java:285)
	at com.kms.katalon.core.common.CommonExecutor.accessTestCaseMainPhase(CommonExecutor.java:65)
	at com.kms.katalon.core.main.TestSuiteExecutor.accessTestSuiteMainPhase(TestSuiteExecutor.java:150)
	at com.kms.katalon.core.main.TestSuiteExecutor.execute(TestSuiteExecutor.java:106)
	at com.kms.katalon.core.main.TestCaseMain.startTestSuite(TestCaseMain.java:180)
	at TempTestSuite1731886967590.run(TempTestSuite1731886967590.groovy:35)
	at java.base/jdk.internal.reflect.NativeMethodAccessorImpl.invoke0(Native Method)
	at java.base/jdk.internal.reflect.NativeMethodAccessorImpl.invoke(NativeMethodAccessorImpl.java:77)
	at java.base/jdk.internal.reflect.DelegatingMethodAccessorImpl.invoke(DelegatingMethodAccessorImpl.java:43)
)

18-11-2024T02:52:55 - [TEST_STEP][PASSED] - result = CompareDZOData(a = ugR, b = ugB, dZO, typeOfData, PercPlanR, PercPlanB, PercFactR, PercFactB, todaysDate, x, vidget, tabR, tabB, o1R, o1B): null

18-11-2024T02:52:55 - [TEST_STEP][PASSED] - ii2 = <not implemented yet for class: org.codehaus.groovy.ast.expr.EmptyExpression>: null

18-11-2024T02:52:55 - [TEST_STEP][FAILED] - if (verifyEqual(a, b) == false): null

18-11-2024T02:52:55 - [MESSAGE][FAILED] - Unable to verify equal between actual object 'Россети Юг (ГК)/нет данных/нет данных/нет данных/нет данных/нет данных/нет данных/нет данных/нет данных/нет данных' and expected object 'Россети Юг (ГК)/9.28/8.88/20309528/18505161/1804367/19634178/17812520/1821658/-0.39' (Root cause: com.kms.katalon.core.exception.StepFailedException: Actual object 'Россети Юг (ГК)/нет данных/нет данных/нет данных/нет данных/нет данных/нет данных/нет данных/нет данных/нет данных' and expected object 'Россети Юг (ГК)/9.28/8.88/20309528/18505161/1804367/19634178/17812520/1821658/-0.39' are not equal
	at com.kms.katalon.core.keyword.builtin.VerifyEqualKeyword$_verifyEqual_closure1.doCall(VerifyEqualKeyword.groovy:58)
	at com.kms.katalon.core.keyword.builtin.VerifyEqualKeyword$_verifyEqual_closure1.call(VerifyEqualKeyword.groovy)
	at com.kms.katalon.core.keyword.internal.KeywordMain.runKeyword(KeywordMain.groovy:75)
	at com.kms.katalon.core.keyword.builtin.VerifyEqualKeyword.verifyEqual(VerifyEqualKeyword.groovy:63)
	at com.kms.katalon.core.keyword.builtin.VerifyEqualKeyword.execute(VerifyEqualKeyword.groovy:44)
	at com.kms.katalon.core.keyword.internal.KeywordExecutor.executeKeywordForPlatform(KeywordExecutor.groovy:74)
	at com.kms.katalon.core.keyword.BuiltinKeywords.verifyEqual(BuiltinKeywords.groovy:146)
	at jdk.internal.reflect.GeneratedMethodAccessor25.invoke(Unknown Source)
	at java.base/jdk.internal.reflect.DelegatingMethodAccessorImpl.invoke(DelegatingMethodAccessorImpl.java:43)
	at Выполнение бизнес-плана сверка дашбордов.CompareDZOData(Выполнение бизнес-плана сверка дашбордов:673)
	at Выполнение бизнес-плана сверка дашбордов.run(Выполнение бизнес-плана сверка дашбордов:658)
	at com.kms.katalon.core.main.ScriptEngine.run(ScriptEngine.java:194)
	at com.kms.katalon.core.main.ScriptEngine.runScriptAsRawText(ScriptEngine.java:119)
	at com.kms.katalon.core.main.TestCaseExecutor.runScript(TestCaseExecutor.java:448)
	at com.kms.katalon.core.main.TestCaseExecutor.doExecute(TestCaseExecutor.java:439)
	at com.kms.katalon.core.main.TestCaseExecutor.processExecutionPhase(TestCaseExecutor.java:418)
	at com.kms.katalon.core.main.TestCaseExecutor.accessMainPhase(TestCaseExecutor.java:410)
	at com.kms.katalon.core.main.TestCaseExecutor.execute(TestCaseExecutor.java:285)
	at com.kms.katalon.core.common.CommonExecutor.accessTestCaseMainPhase(CommonExecutor.java:65)
	at com.kms.katalon.core.main.TestSuiteExecutor.accessTestSuiteMainPhase(TestSuiteExecutor.java:150)
	at com.kms.katalon.core.main.TestSuiteExecutor.execute(TestSuiteExecutor.java:106)
	at com.kms.katalon.core.main.TestCaseMain.startTestSuite(TestCaseMain.java:180)
	at TempTestSuite1731886967590.run(TempTestSuite1731886967590.groovy:35)
	at java.base/jdk.internal.reflect.NativeMethodAccessorImpl.invoke0(Native Method)
	at java.base/jdk.internal.reflect.NativeMethodAccessorImpl.invoke(NativeMethodAccessorImpl.java:77)
	at java.base/jdk.internal.reflect.DelegatingMethodAccessorImpl.invoke(DelegatingMethodAccessorImpl.java:43)
)

18-11-2024T02:52:55 - [TEST_STEP][PASSED] - vidget = "Уровень потерь электроэнергии": null

18-11-2024T02:52:55 - [TEST_STEP][PASSED] - typeOfData = "План": null

18-11-2024T02:52:55 - [TEST_STEP][PASSED] - PercPlanR = GetPercPlanR(x = a): null

18-11-2024T02:52:55 - [TEST_STEP][PASSED] - i1 = <not implemented yet for class: org.codehaus.groovy.ast.expr.EmptyExpression>: null

18-11-2024T02:52:55 - [TEST_STEP][PASSED] - i1 = x.indexOf("/") + 1: null

18-11-2024T02:52:55 - [TEST_STEP][PASSED] - if (i1 > -1): null

18-11-2024T02:52:55 - [TEST_STEP][PASSED] - x = x.substring(i1, x.length()): null

18-11-2024T02:52:55 - [TEST_STEP][PASSED] - i1 = x.indexOf("/"): null

18-11-2024T02:52:55 - [TEST_STEP][PASSED] - if (i1 > -1): null

18-11-2024T02:52:55 - [TEST_STEP][PASSED] - x = x.substring(0, i1): null

18-11-2024T02:52:55 - [TEST_STEP][PASSED] - return x: null

18-11-2024T02:52:55 - [TEST_STEP][PASSED] - PercPlanB = GetPercPlanB(x = b): null

18-11-2024T02:52:55 - [TEST_STEP][PASSED] - i1 = <not implemented yet for class: org.codehaus.groovy.ast.expr.EmptyExpression>: null

18-11-2024T02:52:55 - [TEST_STEP][PASSED] - i1 = x.indexOf("/") + 1: null

18-11-2024T02:52:55 - [TEST_STEP][PASSED] - if (i1 > -1): null

18-11-2024T02:52:55 - [TEST_STEP][PASSED] - x = x.substring(i1, x.length()): null

18-11-2024T02:52:55 - [TEST_STEP][PASSED] - i1 = x.indexOf("/"): null

18-11-2024T02:52:55 - [TEST_STEP][PASSED] - if (i1 > -1): null

18-11-2024T02:52:55 - [TEST_STEP][PASSED] - x = x.substring(0, i1): null

18-11-2024T02:52:55 - [TEST_STEP][FAILED] - return x: null

18-11-2024T02:52:55 - [TEST_STEP][FAILED] - if (verifyEqual(PercPlanR, PercPlanB) == false): null

18-11-2024T02:52:55 - [MESSAGE][FAILED] - Unable to verify equal between actual object 'нет данных' and expected object '9.28' (Root cause: com.kms.katalon.core.exception.StepFailedException: Actual object 'нет данных' and expected object '9.28' are not equal
	at com.kms.katalon.core.keyword.builtin.VerifyEqualKeyword$_verifyEqual_closure1.doCall(VerifyEqualKeyword.groovy:58)
	at com.kms.katalon.core.keyword.builtin.VerifyEqualKeyword$_verifyEqual_closure1.call(VerifyEqualKeyword.groovy)
	at com.kms.katalon.core.keyword.internal.KeywordMain.runKeyword(KeywordMain.groovy:75)
	at com.kms.katalon.core.keyword.builtin.VerifyEqualKeyword.verifyEqual(VerifyEqualKeyword.groovy:63)
	at com.kms.katalon.core.keyword.builtin.VerifyEqualKeyword.execute(VerifyEqualKeyword.groovy:44)
	at com.kms.katalon.core.keyword.internal.KeywordExecutor.executeKeywordForPlatform(KeywordExecutor.groovy:74)
	at com.kms.katalon.core.keyword.BuiltinKeywords.verifyEqual(BuiltinKeywords.groovy:146)
	at jdk.internal.reflect.GeneratedMethodAccessor25.invoke(Unknown Source)
	at java.base/jdk.internal.reflect.DelegatingMethodAccessorImpl.invoke(DelegatingMethodAccessorImpl.java:43)
	at Выполнение бизнес-плана сверка дашбордов.CompareDZOData(Выполнение бизнес-плана сверка дашбордов:682)
	at Выполнение бизнес-плана сверка дашбордов.run(Выполнение бизнес-плана сверка дашбордов:658)
	at com.kms.katalon.core.main.ScriptEngine.run(ScriptEngine.java:194)
	at com.kms.katalon.core.main.ScriptEngine.runScriptAsRawText(ScriptEngine.java:119)
	at com.kms.katalon.core.main.TestCaseExecutor.runScript(TestCaseExecutor.java:448)
	at com.kms.katalon.core.main.TestCaseExecutor.doExecute(TestCaseExecutor.java:439)
	at com.kms.katalon.core.main.TestCaseExecutor.processExecutionPhase(TestCaseExecutor.java:418)
	at com.kms.katalon.core.main.TestCaseExecutor.accessMainPhase(TestCaseExecutor.java:410)
	at com.kms.katalon.core.main.TestCaseExecutor.execute(TestCaseExecutor.java:285)
	at com.kms.katalon.core.common.CommonExecutor.accessTestCaseMainPhase(CommonExecutor.java:65)
	at com.kms.katalon.core.main.TestSuiteExecutor.accessTestSuiteMainPhase(TestSuiteExecutor.java:150)
	at com.kms.katalon.core.main.TestSuiteExecutor.execute(TestSuiteExecutor.java:106)
	at com.kms.katalon.core.main.TestCaseMain.startTestSuite(TestCaseMain.java:180)
	at TempTestSuite1731886967590.run(TempTestSuite1731886967590.groovy:35)
	at java.base/jdk.internal.reflect.NativeMethodAccessorImpl.invoke0(Native Method)
	at java.base/jdk.internal.reflect.NativeMethodAccessorImpl.invoke(NativeMethodAccessorImpl.java:77)
	at java.base/jdk.internal.reflect.DelegatingMethodAccessorImpl.invoke(DelegatingMethodAccessorImpl.java:43)
)

18-11-2024T02:52:55 - [TEST_STEP][PASSED] - result = WriteToExcel(typeOfData, todaysDate, PercPlanR, PercPlanB, PercFactR, PercFactB, x, tabR, tabB, o1R, o1B, vidget): null

18-11-2024T02:52:55 - [TEST_STEP][PASSED] - iii = dZO.indexOf("/"): null

18-11-2024T02:52:55 - [TEST_STEP][PASSED] - println(iii): null

18-11-2024T02:52:55 - [TEST_STEP][PASSED] - dZO = dZO.substring(0, iii): null

18-11-2024T02:52:55 - [TEST_STEP][PASSED] - println(dZO): null

18-11-2024T02:52:55 - [TEST_STEP][PASSED] - println(PercPlanR): null

18-11-2024T02:52:55 - [TEST_STEP][PASSED] - println(PercPlanB): null

18-11-2024T02:52:55 - [TEST_STEP][PASSED] - println(PercFactR): null

18-11-2024T02:52:55 - [TEST_STEP][PASSED] - println(PercFactB): null

18-11-2024T02:52:55 - [TEST_STEP][PASSED] - println(tabR): null

18-11-2024T02:52:55 - [TEST_STEP][PASSED] - println(tabB): null

18-11-2024T02:52:55 - [TEST_STEP][PASSED] - println(o1R): null

18-11-2024T02:52:55 - [TEST_STEP][PASSED] - println(o1B): null

18-11-2024T02:52:55 - [TEST_STEP][PASSED] - PR = <not implemented yet for class: org.codehaus.groovy.ast.expr.EmptyExpression>: null

18-11-2024T02:52:55 - [TEST_STEP][PASSED] - FR = <not implemented yet for class: org.codehaus.groovy.ast.expr.EmptyExpression>: null

18-11-2024T02:52:55 - [TEST_STEP][PASSED] - PB = <not implemented yet for class: org.codehaus.groovy.ast.expr.EmptyExpression>: null

18-11-2024T02:52:55 - [TEST_STEP][PASSED] - FB = <not implemented yet for class: org.codehaus.groovy.ast.expr.EmptyExpression>: null

18-11-2024T02:52:55 - [TEST_STEP][PASSED] - TR = <not implemented yet for class: org.codehaus.groovy.ast.expr.EmptyExpression>: null

18-11-2024T02:52:55 - [TEST_STEP][PASSED] - TB = <not implemented yet for class: org.codehaus.groovy.ast.expr.EmptyExpression>: null

18-11-2024T02:52:55 - [TEST_STEP][PASSED] - sheetName = "Sheet1": null

18-11-2024T02:52:55 - [TEST_STEP][PASSED] - data = findTestData("PlanFact"): null

18-11-2024T02:52:55 - [TEST_STEP][PASSED] - n = data.getRowNumbers() + 1: null

18-11-2024T02:52:55 - [TEST_STEP][PASSED] - year = todaysDate.substring(todaysDate.length() - 4, todaysDate.length()): null

18-11-2024T02:52:55 - [TEST_STEP][PASSED] - y = year.toInteger(): null

18-11-2024T02:52:55 - [TEST_STEP][PASSED] - m = getText(findTestObject("Выполнение бизнес-плана/Выполнение бизнес-плана Балансы/Фильтр Дата")): Text of object 'Object Repository/Выполнение бизнес-плана/Выполнение бизнес-плана Балансы/Фильтр Дата' is: '1, 2, 3 кв. 2024 года'

18-11-2024T02:52:55 - [MESSAGE][PASSED] - Text of object 'Object Repository/Выполнение бизнес-плана/Выполнение бизнес-плана Балансы/Фильтр Дата' is: '1, 2, 3 кв. 2024 года'

18-11-2024T02:52:55 - [TEST_STEP][PASSED] - m = m.substring(0, m.indexOf("2024")): null

18-11-2024T02:52:55 - [TEST_STEP][PASSED] - m = m.trim(): null

18-11-2024T02:52:55 - [TEST_STEP][PASSED] - dashboardName = "Выполнение бизнес-плана": null

18-11-2024T02:52:55 - [TEST_STEP][PASSED] - workbook01 = getWorkbook(excelFilePath): null

18-11-2024T02:52:55 - [TEST_STEP][PASSED] - sheet01 = getExcelSheet(workbook01, sheetName): null

18-11-2024T02:52:55 - [TEST_STEP][PASSED] - setValueToCellByIndex(sheet01, n, 0, dashboardName): null

18-11-2024T02:52:55 - [TEST_STEP][PASSED] - setValueToCellByIndex(sheet01, n, 1, dZO): null

18-11-2024T02:52:55 - [TEST_STEP][PASSED] - setValueToCellByIndex(sheet01, n, 2, typeOfData): null

18-11-2024T02:52:55 - [TEST_STEP][PASSED] - setValueToCellByIndex(sheet01, n, 3, typeOfData): null

18-11-2024T02:52:55 - [TEST_STEP][PASSED] - if (typeOfData == "План"): null

18-11-2024T02:52:55 - [TEST_STEP][PASSED] - if (PercPlanR == null): null

18-11-2024T02:52:55 - [TEST_STEP][PASSED] - else: null

18-11-2024T02:52:55 - [TEST_STEP][PASSED] - if (PercPlanR == "нет данных"): null

18-11-2024T02:52:55 - [TEST_STEP][PASSED] - setValueToCellByIndex(sheet01, n, 4, "нет данных"): null

18-11-2024T02:52:55 - [TEST_STEP][PASSED] - if (PercPlanB == null): null

18-11-2024T02:52:55 - [TEST_STEP][PASSED] - else: null

18-11-2024T02:52:55 - [TEST_STEP][PASSED] - if (PercPlanB == "нет данных"): null

18-11-2024T02:52:55 - [TEST_STEP][PASSED] - else: null

18-11-2024T02:52:55 - [TEST_STEP][PASSED] - PB = PercPlanB.toDouble(): null

18-11-2024T02:52:55 - [TEST_STEP][PASSED] - setValueToCellByIndex(sheet01, n, 5, PB): null

18-11-2024T02:52:55 - [TEST_STEP][PASSED] - setValueToCellByIndex(sheet01, n, 6, m): null

18-11-2024T02:52:55 - [TEST_STEP][PASSED] - setValueToCellByIndex(sheet01, n, 7, y): null

18-11-2024T02:52:55 - [TEST_STEP][PASSED] - setValueToCellByIndex(sheet01, n, 8, todaysDate): null

18-11-2024T02:52:55 - [TEST_STEP][PASSED] - n = n + 1: null

18-11-2024T02:52:55 - [TEST_STEP][PASSED] - saveWorkbook(excelFilePath, workbook01): null

18-11-2024T02:52:55 - [TEST_STEP][PASSED] - typeOfData = "Факт": null

18-11-2024T02:52:55 - [TEST_STEP][PASSED] - PercFactR = GetPercFactR(x = a): null

18-11-2024T02:52:55 - [TEST_STEP][PASSED] - i1 = <not implemented yet for class: org.codehaus.groovy.ast.expr.EmptyExpression>: null

18-11-2024T02:52:55 - [TEST_STEP][PASSED] - ii = <not implemented yet for class: org.codehaus.groovy.ast.expr.EmptyExpression>: null

18-11-2024T02:52:55 - [TEST_STEP][PASSED] - for ([ii = 1, ii < 3, (ii++)]): null

18-11-2024T02:52:55 - [TEST_STEP][PASSED] - i1 = x.indexOf("/") + 1: null

18-11-2024T02:52:55 - [TEST_STEP][PASSED] - if (i1 > -1): null

18-11-2024T02:52:55 - [TEST_STEP][PASSED] - x = x.substring(i1, x.length()): null

18-11-2024T02:52:55 - [TEST_STEP][PASSED] - println(x): null

18-11-2024T02:52:55 - [TEST_STEP][PASSED] - i1 = x.indexOf("/") + 1: null

18-11-2024T02:52:55 - [TEST_STEP][PASSED] - if (i1 > -1): null

18-11-2024T02:52:55 - [TEST_STEP][PASSED] - x = x.substring(i1, x.length()): null

18-11-2024T02:52:55 - [TEST_STEP][PASSED] - println(x): null

18-11-2024T02:52:55 - [TEST_STEP][PASSED] - i1 = x.indexOf("/"): null

18-11-2024T02:52:55 - [TEST_STEP][PASSED] - if (i1 > -1): null

18-11-2024T02:52:55 - [TEST_STEP][PASSED] - x = x.substring(0, i1): null

18-11-2024T02:52:55 - [TEST_STEP][PASSED] - println(x): null

18-11-2024T02:52:55 - [TEST_STEP][PASSED] - return x: null

18-11-2024T02:52:55 - [TEST_STEP][PASSED] - PercFactB = GetPercFactB(x = b): null

18-11-2024T02:52:55 - [TEST_STEP][PASSED] - i1 = <not implemented yet for class: org.codehaus.groovy.ast.expr.EmptyExpression>: null

18-11-2024T02:52:55 - [TEST_STEP][PASSED] - ii = <not implemented yet for class: org.codehaus.groovy.ast.expr.EmptyExpression>: null

18-11-2024T02:52:55 - [TEST_STEP][PASSED] - for ([ii = 1, ii < 3, (ii++)]): null

18-11-2024T02:52:55 - [TEST_STEP][PASSED] - i1 = x.indexOf("/") + 1: null

18-11-2024T02:52:55 - [TEST_STEP][PASSED] - if (i1 > -1): null

18-11-2024T02:52:55 - [TEST_STEP][PASSED] - x = x.substring(i1, x.length()): null

18-11-2024T02:52:55 - [TEST_STEP][PASSED] - println(x): null

18-11-2024T02:52:55 - [TEST_STEP][PASSED] - i1 = x.indexOf("/") + 1: null

18-11-2024T02:52:55 - [TEST_STEP][PASSED] - if (i1 > -1): null

18-11-2024T02:52:55 - [TEST_STEP][PASSED] - x = x.substring(i1, x.length()): null

18-11-2024T02:52:55 - [TEST_STEP][PASSED] - println(x): null

18-11-2024T02:52:55 - [TEST_STEP][PASSED] - i1 = x.indexOf("/"): null

18-11-2024T02:52:55 - [TEST_STEP][PASSED] - if (i1 > -1): null

18-11-2024T02:52:55 - [TEST_STEP][PASSED] - x = x.substring(0, i1): null

18-11-2024T02:52:55 - [TEST_STEP][PASSED] - println(x): null

18-11-2024T02:52:55 - [TEST_STEP][FAILED] - return x: null

18-11-2024T02:52:55 - [TEST_STEP][FAILED] - if (verifyEqual(PercFactR, PercFactB) == false): null

18-11-2024T02:52:55 - [MESSAGE][FAILED] - Unable to verify equal between actual object 'нет данных' and expected object '8.88' (Root cause: com.kms.katalon.core.exception.StepFailedException: Actual object 'нет данных' and expected object '8.88' are not equal
	at com.kms.katalon.core.keyword.builtin.VerifyEqualKeyword$_verifyEqual_closure1.doCall(VerifyEqualKeyword.groovy:58)
	at com.kms.katalon.core.keyword.builtin.VerifyEqualKeyword$_verifyEqual_closure1.call(VerifyEqualKeyword.groovy)
	at com.kms.katalon.core.keyword.internal.KeywordMain.runKeyword(KeywordMain.groovy:75)
	at com.kms.katalon.core.keyword.builtin.VerifyEqualKeyword.verifyEqual(VerifyEqualKeyword.groovy:63)
	at com.kms.katalon.core.keyword.builtin.VerifyEqualKeyword.execute(VerifyEqualKeyword.groovy:44)
	at com.kms.katalon.core.keyword.internal.KeywordExecutor.executeKeywordForPlatform(KeywordExecutor.groovy:74)
	at com.kms.katalon.core.keyword.BuiltinKeywords.verifyEqual(BuiltinKeywords.groovy:146)
	at jdk.internal.reflect.GeneratedMethodAccessor25.invoke(Unknown Source)
	at java.base/jdk.internal.reflect.DelegatingMethodAccessorImpl.invoke(DelegatingMethodAccessorImpl.java:43)
	at Выполнение бизнес-плана сверка дашбордов.CompareDZOData(Выполнение бизнес-плана сверка дашбордов:693)
	at Выполнение бизнес-плана сверка дашбордов.run(Выполнение бизнес-плана сверка дашбордов:658)
	at com.kms.katalon.core.main.ScriptEngine.run(ScriptEngine.java:194)
	at com.kms.katalon.core.main.ScriptEngine.runScriptAsRawText(ScriptEngine.java:119)
	at com.kms.katalon.core.main.TestCaseExecutor.runScript(TestCaseExecutor.java:448)
	at com.kms.katalon.core.main.TestCaseExecutor.doExecute(TestCaseExecutor.java:439)
	at com.kms.katalon.core.main.TestCaseExecutor.processExecutionPhase(TestCaseExecutor.java:418)
	at com.kms.katalon.core.main.TestCaseExecutor.accessMainPhase(TestCaseExecutor.java:410)
	at com.kms.katalon.core.main.TestCaseExecutor.execute(TestCaseExecutor.java:285)
	at com.kms.katalon.core.common.CommonExecutor.accessTestCaseMainPhase(CommonExecutor.java:65)
	at com.kms.katalon.core.main.TestSuiteExecutor.accessTestSuiteMainPhase(TestSuiteExecutor.java:150)
	at com.kms.katalon.core.main.TestSuiteExecutor.execute(TestSuiteExecutor.java:106)
	at com.kms.katalon.core.main.TestCaseMain.startTestSuite(TestCaseMain.java:180)
	at TempTestSuite1731886967590.run(TempTestSuite1731886967590.groovy:35)
	at java.base/jdk.internal.reflect.NativeMethodAccessorImpl.invoke0(Native Method)
	at java.base/jdk.internal.reflect.NativeMethodAccessorImpl.invoke(NativeMethodAccessorImpl.java:77)
	at java.base/jdk.internal.reflect.DelegatingMethodAccessorImpl.invoke(DelegatingMethodAccessorImpl.java:43)
)

18-11-2024T02:52:55 - [TEST_STEP][PASSED] - result = WriteToExcel(typeOfData, todaysDate, PercPlanR, PercPlanB, PercFactR, PercFactB, x, tabR, tabB, o1R, o1B, vidget): null

18-11-2024T02:52:55 - [TEST_STEP][PASSED] - iii = dZO.indexOf("/"): null

18-11-2024T02:52:55 - [TEST_STEP][PASSED] - println(iii): null

18-11-2024T02:52:55 - [TEST_STEP][PASSED] - dZO = dZO.substring(0, iii): null

18-11-2024T02:52:55 - [TEST_STEP][PASSED] - println(dZO): null

18-11-2024T02:52:55 - [TEST_STEP][PASSED] - println(PercPlanR): null

18-11-2024T02:52:55 - [TEST_STEP][PASSED] - println(PercPlanB): null

18-11-2024T02:52:55 - [TEST_STEP][PASSED] - println(PercFactR): null

18-11-2024T02:52:55 - [TEST_STEP][PASSED] - println(PercFactB): null

18-11-2024T02:52:55 - [TEST_STEP][PASSED] - println(tabR): null

18-11-2024T02:52:55 - [TEST_STEP][PASSED] - println(tabB): null

18-11-2024T02:52:55 - [TEST_STEP][PASSED] - println(o1R): null

18-11-2024T02:52:55 - [TEST_STEP][PASSED] - println(o1B): null

18-11-2024T02:52:55 - [TEST_STEP][PASSED] - PR = <not implemented yet for class: org.codehaus.groovy.ast.expr.EmptyExpression>: null

18-11-2024T02:52:55 - [TEST_STEP][PASSED] - FR = <not implemented yet for class: org.codehaus.groovy.ast.expr.EmptyExpression>: null

18-11-2024T02:52:55 - [TEST_STEP][PASSED] - PB = <not implemented yet for class: org.codehaus.groovy.ast.expr.EmptyExpression>: null

18-11-2024T02:52:55 - [TEST_STEP][PASSED] - FB = <not implemented yet for class: org.codehaus.groovy.ast.expr.EmptyExpression>: null

18-11-2024T02:52:55 - [TEST_STEP][PASSED] - TR = <not implemented yet for class: org.codehaus.groovy.ast.expr.EmptyExpression>: null

18-11-2024T02:52:55 - [TEST_STEP][PASSED] - TB = <not implemented yet for class: org.codehaus.groovy.ast.expr.EmptyExpression>: null

18-11-2024T02:52:55 - [TEST_STEP][PASSED] - sheetName = "Sheet1": null

18-11-2024T02:52:55 - [TEST_STEP][PASSED] - data = findTestData("PlanFact"): null

18-11-2024T02:52:55 - [TEST_STEP][PASSED] - n = data.getRowNumbers() + 1: null

18-11-2024T02:52:55 - [TEST_STEP][PASSED] - year = todaysDate.substring(todaysDate.length() - 4, todaysDate.length()): null

18-11-2024T02:52:55 - [TEST_STEP][PASSED] - y = year.toInteger(): null

18-11-2024T02:52:55 - [TEST_STEP][PASSED] - m = getText(findTestObject("Выполнение бизнес-плана/Выполнение бизнес-плана Балансы/Фильтр Дата")): Text of object 'Object Repository/Выполнение бизнес-плана/Выполнение бизнес-плана Балансы/Фильтр Дата' is: '1, 2, 3 кв. 2024 года'

18-11-2024T02:52:56 - [MESSAGE][PASSED] - Text of object 'Object Repository/Выполнение бизнес-плана/Выполнение бизнес-плана Балансы/Фильтр Дата' is: '1, 2, 3 кв. 2024 года'

18-11-2024T02:52:56 - [TEST_STEP][PASSED] - m = m.substring(0, m.indexOf("2024")): null

18-11-2024T02:52:56 - [TEST_STEP][PASSED] - m = m.trim(): null

18-11-2024T02:52:56 - [TEST_STEP][PASSED] - dashboardName = "Выполнение бизнес-плана": null

18-11-2024T02:52:56 - [TEST_STEP][PASSED] - workbook01 = getWorkbook(excelFilePath): null

18-11-2024T02:52:56 - [TEST_STEP][PASSED] - sheet01 = getExcelSheet(workbook01, sheetName): null

18-11-2024T02:52:56 - [TEST_STEP][PASSED] - setValueToCellByIndex(sheet01, n, 0, dashboardName): null

18-11-2024T02:52:56 - [TEST_STEP][PASSED] - setValueToCellByIndex(sheet01, n, 1, dZO): null

18-11-2024T02:52:56 - [TEST_STEP][PASSED] - setValueToCellByIndex(sheet01, n, 2, typeOfData): null

18-11-2024T02:52:56 - [TEST_STEP][PASSED] - setValueToCellByIndex(sheet01, n, 3, typeOfData): null

18-11-2024T02:52:56 - [TEST_STEP][PASSED] - if (typeOfData == "План"): null

18-11-2024T02:52:56 - [TEST_STEP][PASSED] - else if (typeOfData == "Факт"): null

18-11-2024T02:52:56 - [TEST_STEP][PASSED] - if (PercFactR == null): null

18-11-2024T02:52:56 - [TEST_STEP][PASSED] - else: null

18-11-2024T02:52:56 - [TEST_STEP][PASSED] - if (PercFactR == "нет данных"): null

18-11-2024T02:52:56 - [TEST_STEP][PASSED] - setValueToCellByIndex(sheet01, n, 4, "нет данных"): null

18-11-2024T02:52:56 - [TEST_STEP][PASSED] - if (PercFactB == null): null

18-11-2024T02:52:56 - [TEST_STEP][PASSED] - else: null

18-11-2024T02:52:56 - [TEST_STEP][PASSED] - if (PercFactB == "нет данных"): null

18-11-2024T02:52:56 - [TEST_STEP][PASSED] - else: null

18-11-2024T02:52:56 - [TEST_STEP][PASSED] - FB = PercFactB.toDouble(): null

18-11-2024T02:52:56 - [TEST_STEP][PASSED] - setValueToCellByIndex(sheet01, n, 5, FB): null

18-11-2024T02:52:56 - [TEST_STEP][PASSED] - setValueToCellByIndex(sheet01, n, 6, m): null

18-11-2024T02:52:56 - [TEST_STEP][PASSED] - setValueToCellByIndex(sheet01, n, 7, y): null

18-11-2024T02:52:56 - [TEST_STEP][PASSED] - setValueToCellByIndex(sheet01, n, 8, todaysDate): null

18-11-2024T02:52:56 - [TEST_STEP][PASSED] - n = n + 1: null

18-11-2024T02:52:56 - [TEST_STEP][PASSED] - saveWorkbook(excelFilePath, workbook01): null

18-11-2024T02:52:56 - [TEST_STEP][PASSED] - vidget = "Показатели баланса электроэнергии по ДЗО – Факт": null

18-11-2024T02:52:56 - [TEST_STEP][PASSED] - typeOfData = "Факт Отпуск в сеть": null

18-11-2024T02:52:56 - [TEST_STEP][PASSED] - tabR = GetOvSFactR(x = a): null

18-11-2024T02:52:56 - [TEST_STEP][PASSED] - i1 = <not implemented yet for class: org.codehaus.groovy.ast.expr.EmptyExpression>: null

18-11-2024T02:52:56 - [TEST_STEP][PASSED] - ii = <not implemented yet for class: org.codehaus.groovy.ast.expr.EmptyExpression>: null

18-11-2024T02:52:56 - [TEST_STEP][PASSED] - for ([ii = 1, ii < 4, (ii++)]): null

18-11-2024T02:52:56 - [TEST_STEP][PASSED] - i1 = x.indexOf("/") + 1: null

18-11-2024T02:52:56 - [TEST_STEP][PASSED] - if (i1 > -1): null

18-11-2024T02:52:56 - [TEST_STEP][PASSED] - x = x.substring(i1, x.length()): null

18-11-2024T02:52:56 - [TEST_STEP][PASSED] - println(x): null

18-11-2024T02:52:56 - [TEST_STEP][PASSED] - i1 = x.indexOf("/") + 1: null

18-11-2024T02:52:56 - [TEST_STEP][PASSED] - if (i1 > -1): null

18-11-2024T02:52:56 - [TEST_STEP][PASSED] - x = x.substring(i1, x.length()): null

18-11-2024T02:52:56 - [TEST_STEP][PASSED] - println(x): null

18-11-2024T02:52:56 - [TEST_STEP][PASSED] - i1 = x.indexOf("/") + 1: null

18-11-2024T02:52:56 - [TEST_STEP][PASSED] - if (i1 > -1): null

18-11-2024T02:52:56 - [TEST_STEP][PASSED] - x = x.substring(i1, x.length()): null

18-11-2024T02:52:56 - [TEST_STEP][PASSED] - println(x): null

18-11-2024T02:52:56 - [TEST_STEP][PASSED] - i1 = x.indexOf("/"): null

18-11-2024T02:52:56 - [TEST_STEP][PASSED] - if (i1 > -1): null

18-11-2024T02:52:56 - [TEST_STEP][PASSED] - x = x.substring(0, i1): null

18-11-2024T02:52:56 - [TEST_STEP][PASSED] - println(x): null

18-11-2024T02:52:56 - [TEST_STEP][PASSED] - return x: null

18-11-2024T02:52:56 - [TEST_STEP][PASSED] - tabB = GetOvSFactB(x = b): null

18-11-2024T02:52:56 - [TEST_STEP][PASSED] - i1 = <not implemented yet for class: org.codehaus.groovy.ast.expr.EmptyExpression>: null

18-11-2024T02:52:56 - [TEST_STEP][PASSED] - ii = <not implemented yet for class: org.codehaus.groovy.ast.expr.EmptyExpression>: null

18-11-2024T02:52:56 - [TEST_STEP][PASSED] - for ([ii = 1, ii < 4, (ii++)]): null

18-11-2024T02:52:56 - [TEST_STEP][PASSED] - i1 = x.indexOf("/") + 1: null

18-11-2024T02:52:56 - [TEST_STEP][PASSED] - if (i1 > -1): null

18-11-2024T02:52:56 - [TEST_STEP][PASSED] - x = x.substring(i1, x.length()): null

18-11-2024T02:52:56 - [TEST_STEP][PASSED] - println(x): null

18-11-2024T02:52:56 - [TEST_STEP][PASSED] - i1 = x.indexOf("/") + 1: null

18-11-2024T02:52:56 - [TEST_STEP][PASSED] - if (i1 > -1): null

18-11-2024T02:52:56 - [TEST_STEP][PASSED] - x = x.substring(i1, x.length()): null

18-11-2024T02:52:56 - [TEST_STEP][PASSED] - println(x): null

18-11-2024T02:52:56 - [TEST_STEP][PASSED] - i1 = x.indexOf("/") + 1: null

18-11-2024T02:52:56 - [TEST_STEP][PASSED] - if (i1 > -1): null

18-11-2024T02:52:56 - [TEST_STEP][PASSED] - x = x.substring(i1, x.length()): null

18-11-2024T02:52:56 - [TEST_STEP][PASSED] - println(x): null

18-11-2024T02:52:56 - [TEST_STEP][PASSED] - i1 = x.indexOf("/"): null

18-11-2024T02:52:56 - [TEST_STEP][PASSED] - if (i1 > -1): null

18-11-2024T02:52:56 - [TEST_STEP][PASSED] - x = x.substring(0, i1): null

18-11-2024T02:52:56 - [TEST_STEP][PASSED] - println(x): null

18-11-2024T02:52:56 - [TEST_STEP][FAILED] - return x: null

18-11-2024T02:52:56 - [TEST_STEP][FAILED] - if (verifyEqual(tabR, tabB) == false): null

18-11-2024T02:52:56 - [MESSAGE][FAILED] - Unable to verify equal between actual object 'нет данных' and expected object '20309528' (Root cause: com.kms.katalon.core.exception.StepFailedException: Actual object 'нет данных' and expected object '20309528' are not equal
	at com.kms.katalon.core.keyword.builtin.VerifyEqualKeyword$_verifyEqual_closure1.doCall(VerifyEqualKeyword.groovy:58)
	at com.kms.katalon.core.keyword.builtin.VerifyEqualKeyword$_verifyEqual_closure1.call(VerifyEqualKeyword.groovy)
	at com.kms.katalon.core.keyword.internal.KeywordMain.runKeyword(KeywordMain.groovy:75)
	at com.kms.katalon.core.keyword.builtin.VerifyEqualKeyword.verifyEqual(VerifyEqualKeyword.groovy:63)
	at com.kms.katalon.core.keyword.builtin.VerifyEqualKeyword.execute(VerifyEqualKeyword.groovy:44)
	at com.kms.katalon.core.keyword.internal.KeywordExecutor.executeKeywordForPlatform(KeywordExecutor.groovy:74)
	at com.kms.katalon.core.keyword.BuiltinKeywords.verifyEqual(BuiltinKeywords.groovy:146)
	at jdk.internal.reflect.GeneratedMethodAccessor25.invoke(Unknown Source)
	at java.base/jdk.internal.reflect.DelegatingMethodAccessorImpl.invoke(DelegatingMethodAccessorImpl.java:43)
	at Выполнение бизнес-плана сверка дашбордов.CompareDZOData(Выполнение бизнес-плана сверка дашбордов:706)
	at Выполнение бизнес-плана сверка дашбордов.run(Выполнение бизнес-плана сверка дашбордов:658)
	at com.kms.katalon.core.main.ScriptEngine.run(ScriptEngine.java:194)
	at com.kms.katalon.core.main.ScriptEngine.runScriptAsRawText(ScriptEngine.java:119)
	at com.kms.katalon.core.main.TestCaseExecutor.runScript(TestCaseExecutor.java:448)
	at com.kms.katalon.core.main.TestCaseExecutor.doExecute(TestCaseExecutor.java:439)
	at com.kms.katalon.core.main.TestCaseExecutor.processExecutionPhase(TestCaseExecutor.java:418)
	at com.kms.katalon.core.main.TestCaseExecutor.accessMainPhase(TestCaseExecutor.java:410)
	at com.kms.katalon.core.main.TestCaseExecutor.execute(TestCaseExecutor.java:285)
	at com.kms.katalon.core.common.CommonExecutor.accessTestCaseMainPhase(CommonExecutor.java:65)
	at com.kms.katalon.core.main.TestSuiteExecutor.accessTestSuiteMainPhase(TestSuiteExecutor.java:150)
	at com.kms.katalon.core.main.TestSuiteExecutor.execute(TestSuiteExecutor.java:106)
	at com.kms.katalon.core.main.TestCaseMain.startTestSuite(TestCaseMain.java:180)
	at TempTestSuite1731886967590.run(TempTestSuite1731886967590.groovy:35)
	at java.base/jdk.internal.reflect.NativeMethodAccessorImpl.invoke0(Native Method)
	at java.base/jdk.internal.reflect.NativeMethodAccessorImpl.invoke(NativeMethodAccessorImpl.java:77)
	at java.base/jdk.internal.reflect.DelegatingMethodAccessorImpl.invoke(DelegatingMethodAccessorImpl.java:43)
)

18-11-2024T02:52:56 - [TEST_STEP][PASSED] - result = WriteToExcel(typeOfData, todaysDate, PercPlanR, PercPlanB, PercFactR, PercFactB, x, tabR, tabB, o1R, o1B, vidget): null

18-11-2024T02:52:56 - [TEST_STEP][PASSED] - iii = dZO.indexOf("/"): null

18-11-2024T02:52:56 - [TEST_STEP][PASSED] - println(iii): null

18-11-2024T02:52:56 - [TEST_STEP][PASSED] - dZO = dZO.substring(0, iii): null

18-11-2024T02:52:56 - [TEST_STEP][PASSED] - println(dZO): null

18-11-2024T02:52:56 - [TEST_STEP][PASSED] - println(PercPlanR): null

18-11-2024T02:52:56 - [TEST_STEP][PASSED] - println(PercPlanB): null

18-11-2024T02:52:56 - [TEST_STEP][PASSED] - println(PercFactR): null

18-11-2024T02:52:56 - [TEST_STEP][PASSED] - println(PercFactB): null

18-11-2024T02:52:56 - [TEST_STEP][PASSED] - println(tabR): null

18-11-2024T02:52:56 - [TEST_STEP][PASSED] - println(tabB): null

18-11-2024T02:52:56 - [TEST_STEP][PASSED] - println(o1R): null

18-11-2024T02:52:56 - [TEST_STEP][PASSED] - println(o1B): null

18-11-2024T02:52:56 - [TEST_STEP][PASSED] - PR = <not implemented yet for class: org.codehaus.groovy.ast.expr.EmptyExpression>: null

18-11-2024T02:52:56 - [TEST_STEP][PASSED] - FR = <not implemented yet for class: org.codehaus.groovy.ast.expr.EmptyExpression>: null

18-11-2024T02:52:56 - [TEST_STEP][PASSED] - PB = <not implemented yet for class: org.codehaus.groovy.ast.expr.EmptyExpression>: null

18-11-2024T02:52:56 - [TEST_STEP][PASSED] - FB = <not implemented yet for class: org.codehaus.groovy.ast.expr.EmptyExpression>: null

18-11-2024T02:52:56 - [TEST_STEP][PASSED] - TR = <not implemented yet for class: org.codehaus.groovy.ast.expr.EmptyExpression>: null

18-11-2024T02:52:56 - [TEST_STEP][PASSED] - TB = <not implemented yet for class: org.codehaus.groovy.ast.expr.EmptyExpression>: null

18-11-2024T02:52:56 - [TEST_STEP][PASSED] - sheetName = "Sheet1": null

18-11-2024T02:52:56 - [TEST_STEP][PASSED] - data = findTestData("PlanFact"): null

18-11-2024T02:52:56 - [TEST_STEP][PASSED] - n = data.getRowNumbers() + 1: null

18-11-2024T02:52:56 - [TEST_STEP][PASSED] - year = todaysDate.substring(todaysDate.length() - 4, todaysDate.length()): null

18-11-2024T02:52:56 - [TEST_STEP][PASSED] - y = year.toInteger(): null

18-11-2024T02:52:56 - [TEST_STEP][PASSED] - m = getText(findTestObject("Выполнение бизнес-плана/Выполнение бизнес-плана Балансы/Фильтр Дата")): Text of object 'Object Repository/Выполнение бизнес-плана/Выполнение бизнес-плана Балансы/Фильтр Дата' is: '1, 2, 3 кв. 2024 года'

18-11-2024T02:52:56 - [MESSAGE][PASSED] - Text of object 'Object Repository/Выполнение бизнес-плана/Выполнение бизнес-плана Балансы/Фильтр Дата' is: '1, 2, 3 кв. 2024 года'

18-11-2024T02:52:56 - [TEST_STEP][PASSED] - m = m.substring(0, m.indexOf("2024")): null

18-11-2024T02:52:56 - [TEST_STEP][PASSED] - m = m.trim(): null

18-11-2024T02:52:56 - [TEST_STEP][PASSED] - dashboardName = "Выполнение бизнес-плана": null

18-11-2024T02:52:56 - [TEST_STEP][PASSED] - workbook01 = getWorkbook(excelFilePath): null

18-11-2024T02:52:56 - [TEST_STEP][PASSED] - sheet01 = getExcelSheet(workbook01, sheetName): null

18-11-2024T02:52:56 - [TEST_STEP][PASSED] - setValueToCellByIndex(sheet01, n, 0, dashboardName): null

18-11-2024T02:52:56 - [TEST_STEP][PASSED] - setValueToCellByIndex(sheet01, n, 1, dZO): null

18-11-2024T02:52:56 - [TEST_STEP][PASSED] - setValueToCellByIndex(sheet01, n, 2, typeOfData): null

18-11-2024T02:52:56 - [TEST_STEP][PASSED] - setValueToCellByIndex(sheet01, n, 3, typeOfData): null

18-11-2024T02:52:56 - [TEST_STEP][PASSED] - if (typeOfData == "План"): null

18-11-2024T02:52:56 - [TEST_STEP][PASSED] - else if (typeOfData == "Факт"): null

18-11-2024T02:52:56 - [TEST_STEP][PASSED] - else if (vidget.contains("электроэнергии") == true): null

18-11-2024T02:52:56 - [TEST_STEP][PASSED] - if (tabR == null): null

18-11-2024T02:52:56 - [TEST_STEP][PASSED] - else: null

18-11-2024T02:52:56 - [TEST_STEP][PASSED] - if (tabR == "нет данных"): null

18-11-2024T02:52:56 - [TEST_STEP][PASSED] - setValueToCellByIndex(sheet01, n, 4, "нет данных"): null

18-11-2024T02:52:56 - [TEST_STEP][PASSED] - if (tabB == null): null

18-11-2024T02:52:56 - [TEST_STEP][PASSED] - else: null

18-11-2024T02:52:56 - [TEST_STEP][PASSED] - if (tabB == "нет данных"): null

18-11-2024T02:52:56 - [TEST_STEP][PASSED] - else: null

18-11-2024T02:52:56 - [TEST_STEP][PASSED] - TB = tabB.toInteger(): null

18-11-2024T02:52:56 - [TEST_STEP][PASSED] - setValueToCellByIndex(sheet01, n, 5, TB): null

18-11-2024T02:52:56 - [TEST_STEP][PASSED] - setValueToCellByIndex(sheet01, n, 6, m): null

18-11-2024T02:52:56 - [TEST_STEP][PASSED] - setValueToCellByIndex(sheet01, n, 7, y): null

18-11-2024T02:52:56 - [TEST_STEP][PASSED] - setValueToCellByIndex(sheet01, n, 8, todaysDate): null

18-11-2024T02:52:56 - [TEST_STEP][PASSED] - n = n + 1: null

18-11-2024T02:52:56 - [TEST_STEP][PASSED] - saveWorkbook(excelFilePath, workbook01): null

18-11-2024T02:52:57 - [TEST_STEP][PASSED] - typeOfData = "Факт Отпуск из сети": null

18-11-2024T02:52:57 - [TEST_STEP][PASSED] - tabR = GetOiSFactR(x = a): null

18-11-2024T02:52:57 - [TEST_STEP][PASSED] - i1 = <not implemented yet for class: org.codehaus.groovy.ast.expr.EmptyExpression>: null

18-11-2024T02:52:57 - [TEST_STEP][PASSED] - ii = <not implemented yet for class: org.codehaus.groovy.ast.expr.EmptyExpression>: null

18-11-2024T02:52:57 - [TEST_STEP][PASSED] - for ([ii = 1, ii < 5, (ii++)]): null

18-11-2024T02:52:57 - [TEST_STEP][PASSED] - i1 = x.indexOf("/") + 1: null

18-11-2024T02:52:57 - [TEST_STEP][PASSED] - if (i1 > -1): null

18-11-2024T02:52:57 - [TEST_STEP][PASSED] - x = x.substring(i1, x.length()): null

18-11-2024T02:52:57 - [TEST_STEP][PASSED] - println(x): null

18-11-2024T02:52:57 - [TEST_STEP][PASSED] - i1 = x.indexOf("/") + 1: null

18-11-2024T02:52:57 - [TEST_STEP][PASSED] - if (i1 > -1): null

18-11-2024T02:52:57 - [TEST_STEP][PASSED] - x = x.substring(i1, x.length()): null

18-11-2024T02:52:57 - [TEST_STEP][PASSED] - println(x): null

18-11-2024T02:52:57 - [TEST_STEP][PASSED] - i1 = x.indexOf("/") + 1: null

18-11-2024T02:52:57 - [TEST_STEP][PASSED] - if (i1 > -1): null

18-11-2024T02:52:57 - [TEST_STEP][PASSED] - x = x.substring(i1, x.length()): null

18-11-2024T02:52:57 - [TEST_STEP][PASSED] - println(x): null

18-11-2024T02:52:57 - [TEST_STEP][PASSED] - i1 = x.indexOf("/") + 1: null

18-11-2024T02:52:57 - [TEST_STEP][PASSED] - if (i1 > -1): null

18-11-2024T02:52:57 - [TEST_STEP][PASSED] - x = x.substring(i1, x.length()): null

18-11-2024T02:52:57 - [TEST_STEP][PASSED] - println(x): null

18-11-2024T02:52:57 - [TEST_STEP][PASSED] - i1 = x.indexOf("/"): null

18-11-2024T02:52:57 - [TEST_STEP][PASSED] - if (i1 > -1): null

18-11-2024T02:52:57 - [TEST_STEP][PASSED] - x = x.substring(0, i1): null

18-11-2024T02:52:57 - [TEST_STEP][PASSED] - println(x): null

18-11-2024T02:52:57 - [TEST_STEP][PASSED] - return x: null

18-11-2024T02:52:57 - [TEST_STEP][PASSED] - tabB = GetOiSFactB(x = b): null

18-11-2024T02:52:57 - [TEST_STEP][PASSED] - i1 = <not implemented yet for class: org.codehaus.groovy.ast.expr.EmptyExpression>: null

18-11-2024T02:52:57 - [TEST_STEP][PASSED] - ii = <not implemented yet for class: org.codehaus.groovy.ast.expr.EmptyExpression>: null

18-11-2024T02:52:57 - [TEST_STEP][PASSED] - for ([ii = 1, ii < 5, (ii++)]): null

18-11-2024T02:52:57 - [TEST_STEP][PASSED] - i1 = x.indexOf("/") + 1: null

18-11-2024T02:52:57 - [TEST_STEP][PASSED] - if (i1 > -1): null

18-11-2024T02:52:57 - [TEST_STEP][PASSED] - x = x.substring(i1, x.length()): null

18-11-2024T02:52:57 - [TEST_STEP][PASSED] - println(x): null

18-11-2024T02:52:57 - [TEST_STEP][PASSED] - i1 = x.indexOf("/") + 1: null

18-11-2024T02:52:57 - [TEST_STEP][PASSED] - if (i1 > -1): null

18-11-2024T02:52:57 - [TEST_STEP][PASSED] - x = x.substring(i1, x.length()): null

18-11-2024T02:52:57 - [TEST_STEP][PASSED] - println(x): null

18-11-2024T02:52:57 - [TEST_STEP][PASSED] - i1 = x.indexOf("/") + 1: null

18-11-2024T02:52:57 - [TEST_STEP][PASSED] - if (i1 > -1): null

18-11-2024T02:52:57 - [TEST_STEP][PASSED] - x = x.substring(i1, x.length()): null

18-11-2024T02:52:57 - [TEST_STEP][PASSED] - println(x): null

18-11-2024T02:52:57 - [TEST_STEP][PASSED] - i1 = x.indexOf("/") + 1: null

18-11-2024T02:52:57 - [TEST_STEP][PASSED] - if (i1 > -1): null

18-11-2024T02:52:57 - [TEST_STEP][PASSED] - x = x.substring(i1, x.length()): null

18-11-2024T02:52:57 - [TEST_STEP][PASSED] - println(x): null

18-11-2024T02:52:57 - [TEST_STEP][PASSED] - i1 = x.indexOf("/"): null

18-11-2024T02:52:57 - [TEST_STEP][PASSED] - if (i1 > -1): null

18-11-2024T02:52:57 - [TEST_STEP][PASSED] - x = x.substring(0, i1): null

18-11-2024T02:52:57 - [TEST_STEP][PASSED] - println(x): null

18-11-2024T02:52:57 - [TEST_STEP][FAILED] - return x: null

18-11-2024T02:52:57 - [TEST_STEP][FAILED] - if (verifyEqual(tabR, tabB) == false): null

18-11-2024T02:52:57 - [MESSAGE][FAILED] - Unable to verify equal between actual object 'нет данных' and expected object '18505161' (Root cause: com.kms.katalon.core.exception.StepFailedException: Actual object 'нет данных' and expected object '18505161' are not equal
	at com.kms.katalon.core.keyword.builtin.VerifyEqualKeyword$_verifyEqual_closure1.doCall(VerifyEqualKeyword.groovy:58)
	at com.kms.katalon.core.keyword.builtin.VerifyEqualKeyword$_verifyEqual_closure1.call(VerifyEqualKeyword.groovy)
	at com.kms.katalon.core.keyword.internal.KeywordMain.runKeyword(KeywordMain.groovy:75)
	at com.kms.katalon.core.keyword.builtin.VerifyEqualKeyword.verifyEqual(VerifyEqualKeyword.groovy:63)
	at com.kms.katalon.core.keyword.builtin.VerifyEqualKeyword.execute(VerifyEqualKeyword.groovy:44)
	at com.kms.katalon.core.keyword.internal.KeywordExecutor.executeKeywordForPlatform(KeywordExecutor.groovy:74)
	at com.kms.katalon.core.keyword.BuiltinKeywords.verifyEqual(BuiltinKeywords.groovy:146)
	at jdk.internal.reflect.GeneratedMethodAccessor25.invoke(Unknown Source)
	at java.base/jdk.internal.reflect.DelegatingMethodAccessorImpl.invoke(DelegatingMethodAccessorImpl.java:43)
	at Выполнение бизнес-плана сверка дашбордов.CompareDZOData(Выполнение бизнес-плана сверка дашбордов:717)
	at Выполнение бизнес-плана сверка дашбордов.run(Выполнение бизнес-плана сверка дашбордов:658)
	at com.kms.katalon.core.main.ScriptEngine.run(ScriptEngine.java:194)
	at com.kms.katalon.core.main.ScriptEngine.runScriptAsRawText(ScriptEngine.java:119)
	at com.kms.katalon.core.main.TestCaseExecutor.runScript(TestCaseExecutor.java:448)
	at com.kms.katalon.core.main.TestCaseExecutor.doExecute(TestCaseExecutor.java:439)
	at com.kms.katalon.core.main.TestCaseExecutor.processExecutionPhase(TestCaseExecutor.java:418)
	at com.kms.katalon.core.main.TestCaseExecutor.accessMainPhase(TestCaseExecutor.java:410)
	at com.kms.katalon.core.main.TestCaseExecutor.execute(TestCaseExecutor.java:285)
	at com.kms.katalon.core.common.CommonExecutor.accessTestCaseMainPhase(CommonExecutor.java:65)
	at com.kms.katalon.core.main.TestSuiteExecutor.accessTestSuiteMainPhase(TestSuiteExecutor.java:150)
	at com.kms.katalon.core.main.TestSuiteExecutor.execute(TestSuiteExecutor.java:106)
	at com.kms.katalon.core.main.TestCaseMain.startTestSuite(TestCaseMain.java:180)
	at TempTestSuite1731886967590.run(TempTestSuite1731886967590.groovy:35)
	at java.base/jdk.internal.reflect.NativeMethodAccessorImpl.invoke0(Native Method)
	at java.base/jdk.internal.reflect.NativeMethodAccessorImpl.invoke(NativeMethodAccessorImpl.java:77)
	at java.base/jdk.internal.reflect.DelegatingMethodAccessorImpl.invoke(DelegatingMethodAccessorImpl.java:43)
)

18-11-2024T02:52:57 - [TEST_STEP][PASSED] - result = WriteToExcel(typeOfData, todaysDate, PercPlanR, PercPlanB, PercFactR, PercFactB, x, tabR, tabB, o1R, o1B, vidget): null

18-11-2024T02:52:57 - [TEST_STEP][PASSED] - iii = dZO.indexOf("/"): null

18-11-2024T02:52:57 - [TEST_STEP][PASSED] - println(iii): null

18-11-2024T02:52:57 - [TEST_STEP][PASSED] - dZO = dZO.substring(0, iii): null

18-11-2024T02:52:57 - [TEST_STEP][PASSED] - println(dZO): null

18-11-2024T02:52:57 - [TEST_STEP][PASSED] - println(PercPlanR): null

18-11-2024T02:52:57 - [TEST_STEP][PASSED] - println(PercPlanB): null

18-11-2024T02:52:57 - [TEST_STEP][PASSED] - println(PercFactR): null

18-11-2024T02:52:57 - [TEST_STEP][PASSED] - println(PercFactB): null

18-11-2024T02:52:57 - [TEST_STEP][PASSED] - println(tabR): null

18-11-2024T02:52:57 - [TEST_STEP][PASSED] - println(tabB): null

18-11-2024T02:52:57 - [TEST_STEP][PASSED] - println(o1R): null

18-11-2024T02:52:57 - [TEST_STEP][PASSED] - println(o1B): null

18-11-2024T02:52:57 - [TEST_STEP][PASSED] - PR = <not implemented yet for class: org.codehaus.groovy.ast.expr.EmptyExpression>: null

18-11-2024T02:52:57 - [TEST_STEP][PASSED] - FR = <not implemented yet for class: org.codehaus.groovy.ast.expr.EmptyExpression>: null

18-11-2024T02:52:57 - [TEST_STEP][PASSED] - PB = <not implemented yet for class: org.codehaus.groovy.ast.expr.EmptyExpression>: null

18-11-2024T02:52:57 - [TEST_STEP][PASSED] - FB = <not implemented yet for class: org.codehaus.groovy.ast.expr.EmptyExpression>: null

18-11-2024T02:52:57 - [TEST_STEP][PASSED] - TR = <not implemented yet for class: org.codehaus.groovy.ast.expr.EmptyExpression>: null

18-11-2024T02:52:57 - [TEST_STEP][PASSED] - TB = <not implemented yet for class: org.codehaus.groovy.ast.expr.EmptyExpression>: null

18-11-2024T02:52:57 - [TEST_STEP][PASSED] - sheetName = "Sheet1": null

18-11-2024T02:52:57 - [TEST_STEP][PASSED] - data = findTestData("PlanFact"): null

18-11-2024T02:52:57 - [TEST_STEP][PASSED] - n = data.getRowNumbers() + 1: null

18-11-2024T02:52:57 - [TEST_STEP][PASSED] - year = todaysDate.substring(todaysDate.length() - 4, todaysDate.length()): null

18-11-2024T02:52:57 - [TEST_STEP][PASSED] - y = year.toInteger(): null

18-11-2024T02:52:57 - [TEST_STEP][PASSED] - m = getText(findTestObject("Выполнение бизнес-плана/Выполнение бизнес-плана Балансы/Фильтр Дата")): Text of object 'Object Repository/Выполнение бизнес-плана/Выполнение бизнес-плана Балансы/Фильтр Дата' is: '1, 2, 3 кв. 2024 года'

18-11-2024T02:52:57 - [MESSAGE][PASSED] - Text of object 'Object Repository/Выполнение бизнес-плана/Выполнение бизнес-плана Балансы/Фильтр Дата' is: '1, 2, 3 кв. 2024 года'

18-11-2024T02:52:57 - [TEST_STEP][PASSED] - m = m.substring(0, m.indexOf("2024")): null

18-11-2024T02:52:57 - [TEST_STEP][PASSED] - m = m.trim(): null

18-11-2024T02:52:57 - [TEST_STEP][PASSED] - dashboardName = "Выполнение бизнес-плана": null

18-11-2024T02:52:57 - [TEST_STEP][PASSED] - workbook01 = getWorkbook(excelFilePath): null

18-11-2024T02:52:57 - [TEST_STEP][PASSED] - sheet01 = getExcelSheet(workbook01, sheetName): null

18-11-2024T02:52:57 - [TEST_STEP][PASSED] - setValueToCellByIndex(sheet01, n, 0, dashboardName): null

18-11-2024T02:52:57 - [TEST_STEP][PASSED] - setValueToCellByIndex(sheet01, n, 1, dZO): null

18-11-2024T02:52:57 - [TEST_STEP][PASSED] - setValueToCellByIndex(sheet01, n, 2, typeOfData): null

18-11-2024T02:52:57 - [TEST_STEP][PASSED] - setValueToCellByIndex(sheet01, n, 3, typeOfData): null

18-11-2024T02:52:57 - [TEST_STEP][PASSED] - if (typeOfData == "План"): null

18-11-2024T02:52:57 - [TEST_STEP][PASSED] - else if (typeOfData == "Факт"): null

18-11-2024T02:52:57 - [TEST_STEP][PASSED] - else if (vidget.contains("электроэнергии") == true): null

18-11-2024T02:52:57 - [TEST_STEP][PASSED] - if (tabR == null): null

18-11-2024T02:52:57 - [TEST_STEP][PASSED] - else: null

18-11-2024T02:52:57 - [TEST_STEP][PASSED] - if (tabR == "нет данных"): null

18-11-2024T02:52:57 - [TEST_STEP][PASSED] - setValueToCellByIndex(sheet01, n, 4, "нет данных"): null

18-11-2024T02:52:57 - [TEST_STEP][PASSED] - if (tabB == null): null

18-11-2024T02:52:57 - [TEST_STEP][PASSED] - else: null

18-11-2024T02:52:57 - [TEST_STEP][PASSED] - if (tabB == "нет данных"): null

18-11-2024T02:52:57 - [TEST_STEP][PASSED] - else: null

18-11-2024T02:52:57 - [TEST_STEP][PASSED] - TB = tabB.toInteger(): null

18-11-2024T02:52:57 - [TEST_STEP][PASSED] - setValueToCellByIndex(sheet01, n, 5, TB): null

18-11-2024T02:52:57 - [TEST_STEP][PASSED] - setValueToCellByIndex(sheet01, n, 6, m): null

18-11-2024T02:52:57 - [TEST_STEP][PASSED] - setValueToCellByIndex(sheet01, n, 7, y): null

18-11-2024T02:52:57 - [TEST_STEP][PASSED] - setValueToCellByIndex(sheet01, n, 8, todaysDate): null

18-11-2024T02:52:57 - [TEST_STEP][PASSED] - n = n + 1: null

18-11-2024T02:52:57 - [TEST_STEP][PASSED] - saveWorkbook(excelFilePath, workbook01): null

18-11-2024T02:52:57 - [TEST_STEP][PASSED] - typeOfData = "Факт Потери": null

18-11-2024T02:52:57 - [TEST_STEP][PASSED] - tabR = GetPFactR(x = a): null

18-11-2024T02:52:57 - [TEST_STEP][PASSED] - i1 = <not implemented yet for class: org.codehaus.groovy.ast.expr.EmptyExpression>: null

18-11-2024T02:52:57 - [TEST_STEP][PASSED] - ii = <not implemented yet for class: org.codehaus.groovy.ast.expr.EmptyExpression>: null

18-11-2024T02:52:57 - [TEST_STEP][PASSED] - for ([ii = 1, ii < 6, (ii++)]): null

18-11-2024T02:52:57 - [TEST_STEP][PASSED] - i1 = x.indexOf("/") + 1: null

18-11-2024T02:52:57 - [TEST_STEP][PASSED] - if (i1 > -1): null

18-11-2024T02:52:57 - [TEST_STEP][PASSED] - x = x.substring(i1, x.length()): null

18-11-2024T02:52:57 - [TEST_STEP][PASSED] - println(x): null

18-11-2024T02:52:57 - [TEST_STEP][PASSED] - i1 = x.indexOf("/") + 1: null

18-11-2024T02:52:57 - [TEST_STEP][PASSED] - if (i1 > -1): null

18-11-2024T02:52:57 - [TEST_STEP][PASSED] - x = x.substring(i1, x.length()): null

18-11-2024T02:52:57 - [TEST_STEP][PASSED] - println(x): null

18-11-2024T02:52:57 - [TEST_STEP][PASSED] - i1 = x.indexOf("/") + 1: null

18-11-2024T02:52:57 - [TEST_STEP][PASSED] - if (i1 > -1): null

18-11-2024T02:52:57 - [TEST_STEP][PASSED] - x = x.substring(i1, x.length()): null

18-11-2024T02:52:57 - [TEST_STEP][PASSED] - println(x): null

18-11-2024T02:54:06 - [TEST_STEP][PASSED] - i1 = x.indexOf("/") + 1: null

18-11-2024T02:54:06 - [TEST_STEP][PASSED] - if (i1 > -1): null

18-11-2024T02:54:06 - [TEST_STEP][PASSED] - x = x.substring(i1, x.length()): null

18-11-2024T02:54:06 - [TEST_STEP][PASSED] - println(x): null

18-11-2024T02:54:06 - [TEST_STEP][PASSED] - i1 = x.indexOf("/") + 1: null

18-11-2024T02:54:06 - [TEST_STEP][PASSED] - if (i1 > -1): null

18-11-2024T02:54:06 - [TEST_STEP][PASSED] - x = x.substring(i1, x.length()): null

18-11-2024T02:54:06 - [TEST_STEP][PASSED] - println(x): null

18-11-2024T02:54:06 - [TEST_STEP][PASSED] - i1 = x.indexOf("/"): null

18-11-2024T02:54:06 - [TEST_STEP][PASSED] - if (i1 > -1): null

18-11-2024T02:54:06 - [TEST_STEP][PASSED] - x = x.substring(0, i1): null

18-11-2024T02:54:06 - [TEST_STEP][PASSED] - println(x): null

18-11-2024T02:54:06 - [TEST_STEP][PASSED] - return x: null

18-11-2024T02:54:06 - [TEST_STEP][PASSED] - tabB = GetPFactB(x = b): null

18-11-2024T02:54:06 - [TEST_STEP][PASSED] - i1 = <not implemented yet for class: org.codehaus.groovy.ast.expr.EmptyExpression>: null

18-11-2024T02:54:06 - [TEST_STEP][PASSED] - ii = <not implemented yet for class: org.codehaus.groovy.ast.expr.EmptyExpression>: null

18-11-2024T02:54:06 - [TEST_STEP][PASSED] - for ([ii = 1, ii < 6, (ii++)]): null

18-11-2024T02:54:06 - [TEST_STEP][PASSED] - i1 = x.indexOf("/") + 1: null

18-11-2024T02:54:06 - [TEST_STEP][PASSED] - if (i1 > -1): null

18-11-2024T02:54:06 - [TEST_STEP][PASSED] - x = x.substring(i1, x.length()): null

18-11-2024T02:54:06 - [TEST_STEP][PASSED] - println(x): null

18-11-2024T02:54:06 - [TEST_STEP][PASSED] - i1 = x.indexOf("/") + 1: null

18-11-2024T02:54:06 - [TEST_STEP][PASSED] - if (i1 > -1): null

18-11-2024T02:54:06 - [TEST_STEP][PASSED] - x = x.substring(i1, x.length()): null

18-11-2024T02:54:06 - [TEST_STEP][PASSED] - println(x): null

18-11-2024T02:54:06 - [TEST_STEP][PASSED] - i1 = x.indexOf("/") + 1: null

18-11-2024T02:54:06 - [TEST_STEP][PASSED] - if (i1 > -1): null

18-11-2024T02:54:06 - [TEST_STEP][PASSED] - x = x.substring(i1, x.length()): null

18-11-2024T02:54:06 - [TEST_STEP][PASSED] - println(x): null

18-11-2024T02:54:06 - [TEST_STEP][PASSED] - i1 = x.indexOf("/") + 1: null

18-11-2024T02:54:06 - [TEST_STEP][PASSED] - if (i1 > -1): null

18-11-2024T02:54:06 - [TEST_STEP][PASSED] - x = x.substring(i1, x.length()): null

18-11-2024T02:54:06 - [TEST_STEP][PASSED] - println(x): null

18-11-2024T02:54:06 - [TEST_STEP][PASSED] - i1 = x.indexOf("/") + 1: null

18-11-2024T02:54:06 - [TEST_STEP][PASSED] - if (i1 > -1): null

18-11-2024T02:54:06 - [TEST_STEP][PASSED] - x = x.substring(i1, x.length()): null

18-11-2024T02:54:06 - [TEST_STEP][PASSED] - println(x): null

18-11-2024T02:54:06 - [TEST_STEP][PASSED] - i1 = x.indexOf("/"): null

18-11-2024T02:54:06 - [TEST_STEP][PASSED] - if (i1 > -1): null

18-11-2024T02:54:06 - [TEST_STEP][PASSED] - x = x.substring(0, i1): null

18-11-2024T02:54:06 - [TEST_STEP][PASSED] - println(x): null

18-11-2024T02:54:06 - [TEST_STEP][FAILED] - return x: null

18-11-2024T02:54:06 - [TEST_STEP][PASSED] - println(tabR + "/" + tabB): null

18-11-2024T02:54:06 - [TEST_STEP][FAILED] - if (verifyEqual(tabR, tabB) == false): null

18-11-2024T02:54:06 - [MESSAGE][FAILED] - Unable to verify equal between actual object 'нет данных' and expected object '1804367' (Root cause: com.kms.katalon.core.exception.StepFailedException: Actual object 'нет данных' and expected object '1804367' are not equal
	at com.kms.katalon.core.keyword.builtin.VerifyEqualKeyword$_verifyEqual_closure1.doCall(VerifyEqualKeyword.groovy:58)
	at com.kms.katalon.core.keyword.builtin.VerifyEqualKeyword$_verifyEqual_closure1.call(VerifyEqualKeyword.groovy)
	at com.kms.katalon.core.keyword.internal.KeywordMain.runKeyword(KeywordMain.groovy:75)
	at com.kms.katalon.core.keyword.builtin.VerifyEqualKeyword.verifyEqual(VerifyEqualKeyword.groovy:63)
	at com.kms.katalon.core.keyword.builtin.VerifyEqualKeyword.execute(VerifyEqualKeyword.groovy:44)
	at com.kms.katalon.core.keyword.internal.KeywordExecutor.executeKeywordForPlatform(KeywordExecutor.groovy:74)
	at com.kms.katalon.core.keyword.BuiltinKeywords.verifyEqual(BuiltinKeywords.groovy:146)
	at jdk.internal.reflect.GeneratedMethodAccessor25.invoke(Unknown Source)
	at java.base/jdk.internal.reflect.DelegatingMethodAccessorImpl.invoke(DelegatingMethodAccessorImpl.java:43)
	at Выполнение бизнес-плана сверка дашбордов.CompareDZOData(Выполнение бизнес-плана сверка дашбордов:730)
	at Выполнение бизнес-плана сверка дашбордов.run(Выполнение бизнес-плана сверка дашбордов:658)
	at com.kms.katalon.core.main.ScriptEngine.run(ScriptEngine.java:194)
	at com.kms.katalon.core.main.ScriptEngine.runScriptAsRawText(ScriptEngine.java:119)
	at com.kms.katalon.core.main.TestCaseExecutor.runScript(TestCaseExecutor.java:448)
	at com.kms.katalon.core.main.TestCaseExecutor.doExecute(TestCaseExecutor.java:439)
	at com.kms.katalon.core.main.TestCaseExecutor.processExecutionPhase(TestCaseExecutor.java:418)
	at com.kms.katalon.core.main.TestCaseExecutor.accessMainPhase(TestCaseExecutor.java:410)
	at com.kms.katalon.core.main.TestCaseExecutor.execute(TestCaseExecutor.java:285)
	at com.kms.katalon.core.common.CommonExecutor.accessTestCaseMainPhase(CommonExecutor.java:65)
	at com.kms.katalon.core.main.TestSuiteExecutor.accessTestSuiteMainPhase(TestSuiteExecutor.java:150)
	at com.kms.katalon.core.main.TestSuiteExecutor.execute(TestSuiteExecutor.java:106)
	at com.kms.katalon.core.main.TestCaseMain.startTestSuite(TestCaseMain.java:180)
	at TempTestSuite1731886967590.run(TempTestSuite1731886967590.groovy:35)
	at java.base/jdk.internal.reflect.NativeMethodAccessorImpl.invoke0(Native Method)
	at java.base/jdk.internal.reflect.NativeMethodAccessorImpl.invoke(NativeMethodAccessorImpl.java:77)
	at java.base/jdk.internal.reflect.DelegatingMethodAccessorImpl.invoke(DelegatingMethodAccessorImpl.java:43)
)

18-11-2024T02:54:06 - [TEST_STEP][PASSED] - result = WriteToExcel(typeOfData, todaysDate, PercPlanR, PercPlanB, PercFactR, PercFactB, x, tabR, tabB, o1R, o1B, vidget): null

18-11-2024T02:54:06 - [TEST_STEP][PASSED] - iii = dZO.indexOf("/"): null

18-11-2024T02:54:06 - [TEST_STEP][PASSED] - println(iii): null

18-11-2024T02:54:06 - [TEST_STEP][PASSED] - dZO = dZO.substring(0, iii): null

18-11-2024T02:54:06 - [TEST_STEP][PASSED] - println(dZO): null

18-11-2024T02:54:06 - [TEST_STEP][PASSED] - println(PercPlanR): null

18-11-2024T02:54:06 - [TEST_STEP][PASSED] - println(PercPlanB): null

18-11-2024T02:54:06 - [TEST_STEP][PASSED] - println(PercFactR): null

18-11-2024T02:54:06 - [TEST_STEP][PASSED] - println(PercFactB): null

18-11-2024T02:54:06 - [TEST_STEP][PASSED] - println(tabR): null

18-11-2024T02:54:06 - [TEST_STEP][PASSED] - println(tabB): null

18-11-2024T02:54:06 - [TEST_STEP][PASSED] - println(o1R): null

18-11-2024T02:54:06 - [TEST_STEP][PASSED] - println(o1B): null

18-11-2024T02:54:06 - [TEST_STEP][PASSED] - PR = <not implemented yet for class: org.codehaus.groovy.ast.expr.EmptyExpression>: null

18-11-2024T02:54:06 - [TEST_STEP][PASSED] - FR = <not implemented yet for class: org.codehaus.groovy.ast.expr.EmptyExpression>: null

18-11-2024T02:54:06 - [TEST_STEP][PASSED] - PB = <not implemented yet for class: org.codehaus.groovy.ast.expr.EmptyExpression>: null

18-11-2024T02:54:06 - [TEST_STEP][PASSED] - FB = <not implemented yet for class: org.codehaus.groovy.ast.expr.EmptyExpression>: null

18-11-2024T02:54:06 - [TEST_STEP][PASSED] - TR = <not implemented yet for class: org.codehaus.groovy.ast.expr.EmptyExpression>: null

18-11-2024T02:54:06 - [TEST_STEP][PASSED] - TB = <not implemented yet for class: org.codehaus.groovy.ast.expr.EmptyExpression>: null

18-11-2024T02:54:06 - [TEST_STEP][PASSED] - sheetName = "Sheet1": null

18-11-2024T02:54:06 - [TEST_STEP][PASSED] - data = findTestData("PlanFact"): null

18-11-2024T02:54:06 - [TEST_STEP][PASSED] - n = data.getRowNumbers() + 1: null

18-11-2024T02:54:06 - [TEST_STEP][PASSED] - year = todaysDate.substring(todaysDate.length() - 4, todaysDate.length()): null

18-11-2024T02:54:06 - [TEST_STEP][PASSED] - y = year.toInteger(): null

18-11-2024T02:54:06 - [TEST_STEP][PASSED] - m = getText(findTestObject("Выполнение бизнес-плана/Выполнение бизнес-плана Балансы/Фильтр Дата")): Text of object 'Object Repository/Выполнение бизнес-плана/Выполнение бизнес-плана Балансы/Фильтр Дата' is: '1, 2, 3 кв. 2024 года'

18-11-2024T02:54:06 - [MESSAGE][PASSED] - Text of object 'Object Repository/Выполнение бизнес-плана/Выполнение бизнес-плана Балансы/Фильтр Дата' is: '1, 2, 3 кв. 2024 года'

18-11-2024T02:54:06 - [TEST_STEP][PASSED] - m = m.substring(0, m.indexOf("2024")): null

18-11-2024T02:54:06 - [TEST_STEP][PASSED] - m = m.trim(): null

18-11-2024T02:54:06 - [TEST_STEP][PASSED] - dashboardName = "Выполнение бизнес-плана": null

18-11-2024T02:54:06 - [TEST_STEP][PASSED] - workbook01 = getWorkbook(excelFilePath): null

18-11-2024T02:54:06 - [TEST_STEP][PASSED] - sheet01 = getExcelSheet(workbook01, sheetName): null

18-11-2024T02:54:06 - [TEST_STEP][PASSED] - setValueToCellByIndex(sheet01, n, 0, dashboardName): null

18-11-2024T02:54:06 - [TEST_STEP][PASSED] - setValueToCellByIndex(sheet01, n, 1, dZO): null

18-11-2024T02:54:06 - [TEST_STEP][PASSED] - setValueToCellByIndex(sheet01, n, 2, typeOfData): null

18-11-2024T02:54:06 - [TEST_STEP][PASSED] - setValueToCellByIndex(sheet01, n, 3, typeOfData): null

18-11-2024T02:54:06 - [TEST_STEP][PASSED] - if (typeOfData == "План"): null

18-11-2024T02:54:06 - [TEST_STEP][PASSED] - else if (typeOfData == "Факт"): null

18-11-2024T02:54:06 - [TEST_STEP][PASSED] - else if (vidget.contains("электроэнергии") == true): null

18-11-2024T02:54:06 - [TEST_STEP][PASSED] - if (tabR == null): null

18-11-2024T02:54:06 - [TEST_STEP][PASSED] - else: null

18-11-2024T02:54:06 - [TEST_STEP][PASSED] - if (tabR == "нет данных"): null

18-11-2024T02:54:06 - [TEST_STEP][PASSED] - setValueToCellByIndex(sheet01, n, 4, "нет данных"): null

18-11-2024T02:54:06 - [TEST_STEP][PASSED] - if (tabB == null): null

18-11-2024T02:54:06 - [TEST_STEP][PASSED] - else: null

18-11-2024T02:54:06 - [TEST_STEP][PASSED] - if (tabB == "нет данных"): null

18-11-2024T02:54:06 - [TEST_STEP][PASSED] - else: null

18-11-2024T02:54:06 - [TEST_STEP][PASSED] - TB = tabB.toInteger(): null

18-11-2024T02:54:06 - [TEST_STEP][PASSED] - setValueToCellByIndex(sheet01, n, 5, TB): null

18-11-2024T02:54:06 - [TEST_STEP][PASSED] - setValueToCellByIndex(sheet01, n, 6, m): null

18-11-2024T02:54:06 - [TEST_STEP][PASSED] - setValueToCellByIndex(sheet01, n, 7, y): null

18-11-2024T02:54:06 - [TEST_STEP][PASSED] - setValueToCellByIndex(sheet01, n, 8, todaysDate): null

18-11-2024T02:54:06 - [TEST_STEP][PASSED] - n = n + 1: null

18-11-2024T02:54:06 - [TEST_STEP][PASSED] - saveWorkbook(excelFilePath, workbook01): null

18-11-2024T02:54:07 - [TEST_STEP][PASSED] - vidget = "Показатели баланса электроэнергии по ДЗО – План": null

18-11-2024T02:54:07 - [TEST_STEP][PASSED] - typeOfData = "План Отпуск в сеть": null

18-11-2024T02:54:07 - [TEST_STEP][PASSED] - tabR = GetOvSPlanR(x = a): null

18-11-2024T02:54:07 - [TEST_STEP][PASSED] - i1 = <not implemented yet for class: org.codehaus.groovy.ast.expr.EmptyExpression>: null

18-11-2024T02:54:07 - [TEST_STEP][PASSED] - ii = <not implemented yet for class: org.codehaus.groovy.ast.expr.EmptyExpression>: null

18-11-2024T02:54:07 - [TEST_STEP][PASSED] - for ([ii = 1, ii < 7, (ii++)]): null

18-11-2024T02:54:07 - [TEST_STEP][PASSED] - i1 = x.indexOf("/") + 1: null

18-11-2024T02:54:07 - [TEST_STEP][PASSED] - if (i1 > -1): null

18-11-2024T02:54:07 - [TEST_STEP][PASSED] - x = x.substring(i1, x.length()): null

18-11-2024T02:54:07 - [TEST_STEP][PASSED] - println(x): null

18-11-2024T02:54:07 - [TEST_STEP][PASSED] - i1 = x.indexOf("/") + 1: null

18-11-2024T02:54:07 - [TEST_STEP][PASSED] - if (i1 > -1): null

18-11-2024T02:54:07 - [TEST_STEP][PASSED] - x = x.substring(i1, x.length()): null

18-11-2024T02:54:07 - [TEST_STEP][PASSED] - println(x): null

18-11-2024T02:54:07 - [TEST_STEP][PASSED] - i1 = x.indexOf("/") + 1: null

18-11-2024T02:54:07 - [TEST_STEP][PASSED] - if (i1 > -1): null

18-11-2024T02:54:07 - [TEST_STEP][PASSED] - x = x.substring(i1, x.length()): null

18-11-2024T02:54:07 - [TEST_STEP][PASSED] - println(x): null

18-11-2024T02:54:07 - [TEST_STEP][PASSED] - i1 = x.indexOf("/") + 1: null

18-11-2024T02:54:07 - [TEST_STEP][PASSED] - if (i1 > -1): null

18-11-2024T02:54:07 - [TEST_STEP][PASSED] - x = x.substring(i1, x.length()): null

18-11-2024T02:54:07 - [TEST_STEP][PASSED] - println(x): null

18-11-2024T02:54:07 - [TEST_STEP][PASSED] - i1 = x.indexOf("/") + 1: null

18-11-2024T02:54:07 - [TEST_STEP][PASSED] - if (i1 > -1): null

18-11-2024T02:54:07 - [TEST_STEP][PASSED] - x = x.substring(i1, x.length()): null

18-11-2024T02:54:07 - [TEST_STEP][PASSED] - println(x): null

18-11-2024T02:54:07 - [TEST_STEP][PASSED] - i1 = x.indexOf("/") + 1: null

18-11-2024T02:54:07 - [TEST_STEP][PASSED] - if (i1 > -1): null

18-11-2024T02:54:07 - [TEST_STEP][PASSED] - x = x.substring(i1, x.length()): null

18-11-2024T02:54:07 - [TEST_STEP][PASSED] - println(x): null

18-11-2024T02:54:07 - [TEST_STEP][PASSED] - i1 = x.indexOf("/"): null

18-11-2024T02:54:07 - [TEST_STEP][PASSED] - if (i1 > -1): null

18-11-2024T02:54:07 - [TEST_STEP][PASSED] - x = x.substring(0, i1): null

18-11-2024T02:54:07 - [TEST_STEP][PASSED] - println(x): null

18-11-2024T02:54:07 - [TEST_STEP][PASSED] - return x: null

18-11-2024T02:54:07 - [TEST_STEP][PASSED] - tabB = GetOvSPlanB(x = b): null

18-11-2024T02:54:07 - [TEST_STEP][PASSED] - i1 = <not implemented yet for class: org.codehaus.groovy.ast.expr.EmptyExpression>: null

18-11-2024T02:54:07 - [TEST_STEP][PASSED] - ii = <not implemented yet for class: org.codehaus.groovy.ast.expr.EmptyExpression>: null

18-11-2024T02:54:07 - [TEST_STEP][PASSED] - for ([ii = 1, ii < 7, (ii++)]): null

18-11-2024T02:54:07 - [TEST_STEP][PASSED] - i1 = x.indexOf("/") + 1: null

18-11-2024T02:54:07 - [TEST_STEP][PASSED] - if (i1 > -1): null

18-11-2024T02:54:07 - [TEST_STEP][PASSED] - x = x.substring(i1, x.length()): null

18-11-2024T02:54:07 - [TEST_STEP][PASSED] - println(x): null

18-11-2024T02:54:07 - [TEST_STEP][PASSED] - i1 = x.indexOf("/") + 1: null

18-11-2024T02:54:07 - [TEST_STEP][PASSED] - if (i1 > -1): null

18-11-2024T02:54:07 - [TEST_STEP][PASSED] - x = x.substring(i1, x.length()): null

18-11-2024T02:54:07 - [TEST_STEP][PASSED] - println(x): null

18-11-2024T02:54:07 - [TEST_STEP][PASSED] - i1 = x.indexOf("/") + 1: null

18-11-2024T02:54:07 - [TEST_STEP][PASSED] - if (i1 > -1): null

18-11-2024T02:54:07 - [TEST_STEP][PASSED] - x = x.substring(i1, x.length()): null

18-11-2024T02:54:07 - [TEST_STEP][PASSED] - println(x): null

18-11-2024T02:54:07 - [TEST_STEP][PASSED] - i1 = x.indexOf("/") + 1: null

18-11-2024T02:54:07 - [TEST_STEP][PASSED] - if (i1 > -1): null

18-11-2024T02:54:07 - [TEST_STEP][PASSED] - x = x.substring(i1, x.length()): null

18-11-2024T02:54:07 - [TEST_STEP][PASSED] - println(x): null

18-11-2024T02:54:07 - [TEST_STEP][PASSED] - i1 = x.indexOf("/") + 1: null

18-11-2024T02:54:07 - [TEST_STEP][PASSED] - if (i1 > -1): null

18-11-2024T02:54:07 - [TEST_STEP][PASSED] - x = x.substring(i1, x.length()): null

18-11-2024T02:54:07 - [TEST_STEP][PASSED] - println(x): null

18-11-2024T02:54:07 - [TEST_STEP][PASSED] - i1 = x.indexOf("/") + 1: null

18-11-2024T02:54:07 - [TEST_STEP][PASSED] - if (i1 > -1): null

18-11-2024T02:54:07 - [TEST_STEP][PASSED] - x = x.substring(i1, x.length()): null

18-11-2024T02:54:07 - [TEST_STEP][PASSED] - println(x): null

18-11-2024T02:54:07 - [TEST_STEP][PASSED] - i1 = x.indexOf("/"): null

18-11-2024T02:54:07 - [TEST_STEP][PASSED] - if (i1 > -1): null

18-11-2024T02:54:07 - [TEST_STEP][PASSED] - x = x.substring(0, i1): null

18-11-2024T02:54:07 - [TEST_STEP][PASSED] - println(x): null

18-11-2024T02:54:07 - [TEST_STEP][FAILED] - return x: null

18-11-2024T02:54:07 - [TEST_STEP][PASSED] - println(tabR + "/" + tabB): null

18-11-2024T02:54:07 - [TEST_STEP][FAILED] - if (verifyEqual(PercFactR, PercFactB) == false): null

18-11-2024T02:54:07 - [MESSAGE][FAILED] - Unable to verify equal between actual object 'нет данных' and expected object '8.88' (Root cause: com.kms.katalon.core.exception.StepFailedException: Actual object 'нет данных' and expected object '8.88' are not equal
	at com.kms.katalon.core.keyword.builtin.VerifyEqualKeyword$_verifyEqual_closure1.doCall(VerifyEqualKeyword.groovy:58)
	at com.kms.katalon.core.keyword.builtin.VerifyEqualKeyword$_verifyEqual_closure1.call(VerifyEqualKeyword.groovy)
	at com.kms.katalon.core.keyword.internal.KeywordMain.runKeyword(KeywordMain.groovy:75)
	at com.kms.katalon.core.keyword.builtin.VerifyEqualKeyword.verifyEqual(VerifyEqualKeyword.groovy:63)
	at com.kms.katalon.core.keyword.builtin.VerifyEqualKeyword.execute(VerifyEqualKeyword.groovy:44)
	at com.kms.katalon.core.keyword.internal.KeywordExecutor.executeKeywordForPlatform(KeywordExecutor.groovy:74)
	at com.kms.katalon.core.keyword.BuiltinKeywords.verifyEqual(BuiltinKeywords.groovy:146)
	at jdk.internal.reflect.GeneratedMethodAccessor25.invoke(Unknown Source)
	at java.base/jdk.internal.reflect.DelegatingMethodAccessorImpl.invoke(DelegatingMethodAccessorImpl.java:43)
	at Выполнение бизнес-плана сверка дашбордов.CompareDZOData(Выполнение бизнес-плана сверка дашбордов:745)
	at Выполнение бизнес-плана сверка дашбордов.run(Выполнение бизнес-плана сверка дашбордов:658)
	at com.kms.katalon.core.main.ScriptEngine.run(ScriptEngine.java:194)
	at com.kms.katalon.core.main.ScriptEngine.runScriptAsRawText(ScriptEngine.java:119)
	at com.kms.katalon.core.main.TestCaseExecutor.runScript(TestCaseExecutor.java:448)
	at com.kms.katalon.core.main.TestCaseExecutor.doExecute(TestCaseExecutor.java:439)
	at com.kms.katalon.core.main.TestCaseExecutor.processExecutionPhase(TestCaseExecutor.java:418)
	at com.kms.katalon.core.main.TestCaseExecutor.accessMainPhase(TestCaseExecutor.java:410)
	at com.kms.katalon.core.main.TestCaseExecutor.execute(TestCaseExecutor.java:285)
	at com.kms.katalon.core.common.CommonExecutor.accessTestCaseMainPhase(CommonExecutor.java:65)
	at com.kms.katalon.core.main.TestSuiteExecutor.accessTestSuiteMainPhase(TestSuiteExecutor.java:150)
	at com.kms.katalon.core.main.TestSuiteExecutor.execute(TestSuiteExecutor.java:106)
	at com.kms.katalon.core.main.TestCaseMain.startTestSuite(TestCaseMain.java:180)
	at TempTestSuite1731886967590.run(TempTestSuite1731886967590.groovy:35)
	at java.base/jdk.internal.reflect.NativeMethodAccessorImpl.invoke0(Native Method)
	at java.base/jdk.internal.reflect.NativeMethodAccessorImpl.invoke(NativeMethodAccessorImpl.java:77)
	at java.base/jdk.internal.reflect.DelegatingMethodAccessorImpl.invoke(DelegatingMethodAccessorImpl.java:43)
)

18-11-2024T02:54:07 - [TEST_STEP][PASSED] - result = WriteToExcel(typeOfData, todaysDate, PercPlanR, PercPlanB, PercFactR, PercFactB, x, tabR, tabB, o1R, o1B, vidget): null

18-11-2024T02:54:07 - [TEST_STEP][PASSED] - iii = dZO.indexOf("/"): null

18-11-2024T02:54:07 - [TEST_STEP][PASSED] - println(iii): null

18-11-2024T02:54:07 - [TEST_STEP][PASSED] - dZO = dZO.substring(0, iii): null

18-11-2024T02:54:07 - [TEST_STEP][PASSED] - println(dZO): null

18-11-2024T02:54:07 - [TEST_STEP][PASSED] - println(PercPlanR): null

18-11-2024T02:54:07 - [TEST_STEP][PASSED] - println(PercPlanB): null

18-11-2024T02:54:07 - [TEST_STEP][PASSED] - println(PercFactR): null

18-11-2024T02:54:07 - [TEST_STEP][PASSED] - println(PercFactB): null

18-11-2024T02:54:07 - [TEST_STEP][PASSED] - println(tabR): null

18-11-2024T02:54:07 - [TEST_STEP][PASSED] - println(tabB): null

18-11-2024T02:54:07 - [TEST_STEP][PASSED] - println(o1R): null

18-11-2024T02:54:07 - [TEST_STEP][PASSED] - println(o1B): null

18-11-2024T02:54:07 - [TEST_STEP][PASSED] - PR = <not implemented yet for class: org.codehaus.groovy.ast.expr.EmptyExpression>: null

18-11-2024T02:54:07 - [TEST_STEP][PASSED] - FR = <not implemented yet for class: org.codehaus.groovy.ast.expr.EmptyExpression>: null

18-11-2024T02:54:07 - [TEST_STEP][PASSED] - PB = <not implemented yet for class: org.codehaus.groovy.ast.expr.EmptyExpression>: null

18-11-2024T02:54:07 - [TEST_STEP][PASSED] - FB = <not implemented yet for class: org.codehaus.groovy.ast.expr.EmptyExpression>: null

18-11-2024T02:54:07 - [TEST_STEP][PASSED] - TR = <not implemented yet for class: org.codehaus.groovy.ast.expr.EmptyExpression>: null

18-11-2024T02:54:07 - [TEST_STEP][PASSED] - TB = <not implemented yet for class: org.codehaus.groovy.ast.expr.EmptyExpression>: null

18-11-2024T02:54:07 - [TEST_STEP][PASSED] - sheetName = "Sheet1": null

18-11-2024T02:54:07 - [TEST_STEP][PASSED] - data = findTestData("PlanFact"): null

18-11-2024T02:54:07 - [TEST_STEP][PASSED] - n = data.getRowNumbers() + 1: null

18-11-2024T02:54:07 - [TEST_STEP][PASSED] - year = todaysDate.substring(todaysDate.length() - 4, todaysDate.length()): null

18-11-2024T02:54:07 - [TEST_STEP][PASSED] - y = year.toInteger(): null

18-11-2024T02:54:07 - [TEST_STEP][PASSED] - m = getText(findTestObject("Выполнение бизнес-плана/Выполнение бизнес-плана Балансы/Фильтр Дата")): Text of object 'Object Repository/Выполнение бизнес-плана/Выполнение бизнес-плана Балансы/Фильтр Дата' is: '1, 2, 3 кв. 2024 года'

18-11-2024T02:54:07 - [MESSAGE][PASSED] - Text of object 'Object Repository/Выполнение бизнес-плана/Выполнение бизнес-плана Балансы/Фильтр Дата' is: '1, 2, 3 кв. 2024 года'

18-11-2024T02:54:07 - [TEST_STEP][PASSED] - m = m.substring(0, m.indexOf("2024")): null

18-11-2024T02:54:07 - [TEST_STEP][PASSED] - m = m.trim(): null

18-11-2024T02:54:07 - [TEST_STEP][PASSED] - dashboardName = "Выполнение бизнес-плана": null

18-11-2024T02:54:07 - [TEST_STEP][PASSED] - workbook01 = getWorkbook(excelFilePath): null

18-11-2024T02:54:07 - [TEST_STEP][PASSED] - sheet01 = getExcelSheet(workbook01, sheetName): null

18-11-2024T02:54:07 - [TEST_STEP][PASSED] - setValueToCellByIndex(sheet01, n, 0, dashboardName): null

18-11-2024T02:54:07 - [TEST_STEP][PASSED] - setValueToCellByIndex(sheet01, n, 1, dZO): null

18-11-2024T02:54:07 - [TEST_STEP][PASSED] - setValueToCellByIndex(sheet01, n, 2, typeOfData): null

18-11-2024T02:54:07 - [TEST_STEP][PASSED] - setValueToCellByIndex(sheet01, n, 3, typeOfData): null

18-11-2024T02:54:07 - [TEST_STEP][PASSED] - if (typeOfData == "План"): null

18-11-2024T02:54:07 - [TEST_STEP][PASSED] - else if (typeOfData == "Факт"): null

18-11-2024T02:54:07 - [TEST_STEP][PASSED] - else if (vidget.contains("электроэнергии") == true): null

18-11-2024T02:54:07 - [TEST_STEP][PASSED] - if (tabR == null): null

18-11-2024T02:54:07 - [TEST_STEP][PASSED] - else: null

18-11-2024T02:54:07 - [TEST_STEP][PASSED] - if (tabR == "нет данных"): null

18-11-2024T02:54:07 - [TEST_STEP][PASSED] - setValueToCellByIndex(sheet01, n, 4, "нет данных"): null

18-11-2024T02:54:07 - [TEST_STEP][PASSED] - if (tabB == null): null

18-11-2024T02:54:07 - [TEST_STEP][PASSED] - else: null

18-11-2024T02:54:07 - [TEST_STEP][PASSED] - if (tabB == "нет данных"): null

18-11-2024T02:54:07 - [TEST_STEP][PASSED] - else: null

18-11-2024T02:54:07 - [TEST_STEP][PASSED] - TB = tabB.toInteger(): null

18-11-2024T02:54:07 - [TEST_STEP][PASSED] - setValueToCellByIndex(sheet01, n, 5, TB): null

18-11-2024T02:54:07 - [TEST_STEP][PASSED] - setValueToCellByIndex(sheet01, n, 6, m): null

18-11-2024T02:54:07 - [TEST_STEP][PASSED] - setValueToCellByIndex(sheet01, n, 7, y): null

18-11-2024T02:54:07 - [TEST_STEP][PASSED] - setValueToCellByIndex(sheet01, n, 8, todaysDate): null

18-11-2024T02:54:07 - [TEST_STEP][PASSED] - n = n + 1: null

18-11-2024T02:54:07 - [TEST_STEP][PASSED] - saveWorkbook(excelFilePath, workbook01): null

18-11-2024T02:54:07 - [TEST_STEP][PASSED] - typeOfData = "План Отпуск из сети": null

18-11-2024T02:54:07 - [TEST_STEP][PASSED] - tabR = GetOiSPlanR(x = a): null

18-11-2024T02:54:07 - [TEST_STEP][PASSED] - i1 = <not implemented yet for class: org.codehaus.groovy.ast.expr.EmptyExpression>: null

18-11-2024T02:54:07 - [TEST_STEP][PASSED] - ii = <not implemented yet for class: org.codehaus.groovy.ast.expr.EmptyExpression>: null

18-11-2024T02:54:07 - [TEST_STEP][PASSED] - for ([ii = 1, ii < 8, (ii++)]): null

18-11-2024T02:54:07 - [TEST_STEP][PASSED] - i1 = x.indexOf("/") + 1: null

18-11-2024T02:54:07 - [TEST_STEP][PASSED] - if (i1 > -1): null

18-11-2024T02:54:07 - [TEST_STEP][PASSED] - x = x.substring(i1, x.length()): null

18-11-2024T02:54:07 - [TEST_STEP][PASSED] - println(x): null

18-11-2024T02:54:07 - [TEST_STEP][PASSED] - i1 = x.indexOf("/") + 1: null

18-11-2024T02:54:07 - [TEST_STEP][PASSED] - if (i1 > -1): null

18-11-2024T02:54:07 - [TEST_STEP][PASSED] - x = x.substring(i1, x.length()): null

18-11-2024T02:54:07 - [TEST_STEP][PASSED] - println(x): null

18-11-2024T02:54:07 - [TEST_STEP][PASSED] - i1 = x.indexOf("/") + 1: null

18-11-2024T02:54:07 - [TEST_STEP][PASSED] - if (i1 > -1): null

18-11-2024T02:54:07 - [TEST_STEP][PASSED] - x = x.substring(i1, x.length()): null

18-11-2024T02:54:07 - [TEST_STEP][PASSED] - println(x): null

18-11-2024T02:54:07 - [TEST_STEP][PASSED] - i1 = x.indexOf("/") + 1: null

18-11-2024T02:54:07 - [TEST_STEP][PASSED] - if (i1 > -1): null

18-11-2024T02:54:07 - [TEST_STEP][PASSED] - x = x.substring(i1, x.length()): null

18-11-2024T02:54:07 - [TEST_STEP][PASSED] - println(x): null

18-11-2024T02:54:07 - [TEST_STEP][PASSED] - i1 = x.indexOf("/") + 1: null

18-11-2024T02:54:07 - [TEST_STEP][PASSED] - if (i1 > -1): null

18-11-2024T02:54:07 - [TEST_STEP][PASSED] - x = x.substring(i1, x.length()): null

18-11-2024T02:54:07 - [TEST_STEP][PASSED] - println(x): null

18-11-2024T02:54:07 - [TEST_STEP][PASSED] - i1 = x.indexOf("/") + 1: null

18-11-2024T02:54:07 - [TEST_STEP][PASSED] - if (i1 > -1): null

18-11-2024T02:54:07 - [TEST_STEP][PASSED] - x = x.substring(i1, x.length()): null

18-11-2024T02:54:07 - [TEST_STEP][PASSED] - println(x): null

18-11-2024T02:54:07 - [TEST_STEP][PASSED] - i1 = x.indexOf("/") + 1: null

18-11-2024T02:54:07 - [TEST_STEP][PASSED] - if (i1 > -1): null

18-11-2024T02:54:07 - [TEST_STEP][PASSED] - x = x.substring(i1, x.length()): null

18-11-2024T02:54:07 - [TEST_STEP][PASSED] - println(x): null

18-11-2024T02:54:07 - [TEST_STEP][PASSED] - i1 = x.indexOf("/"): null

18-11-2024T02:54:07 - [TEST_STEP][PASSED] - if (i1 > -1): null

18-11-2024T02:54:07 - [TEST_STEP][PASSED] - x = x.substring(0, i1): null

18-11-2024T02:54:07 - [TEST_STEP][PASSED] - println(x): null

18-11-2024T02:54:07 - [TEST_STEP][PASSED] - return x: null

18-11-2024T02:54:07 - [TEST_STEP][PASSED] - tabB = GetOiSPlanB(x = b): null

18-11-2024T02:54:07 - [TEST_STEP][PASSED] - i1 = <not implemented yet for class: org.codehaus.groovy.ast.expr.EmptyExpression>: null

18-11-2024T02:54:07 - [TEST_STEP][PASSED] - ii = <not implemented yet for class: org.codehaus.groovy.ast.expr.EmptyExpression>: null

18-11-2024T02:54:07 - [TEST_STEP][PASSED] - for ([ii = 1, ii < 8, (ii++)]): null

18-11-2024T02:54:07 - [TEST_STEP][PASSED] - i1 = x.indexOf("/") + 1: null

18-11-2024T02:54:07 - [TEST_STEP][PASSED] - if (i1 > -1): null

18-11-2024T02:54:07 - [TEST_STEP][PASSED] - x = x.substring(i1, x.length()): null

18-11-2024T02:54:07 - [TEST_STEP][PASSED] - println(x): null

18-11-2024T02:54:07 - [TEST_STEP][PASSED] - i1 = x.indexOf("/") + 1: null

18-11-2024T02:54:07 - [TEST_STEP][PASSED] - if (i1 > -1): null

18-11-2024T02:54:07 - [TEST_STEP][PASSED] - x = x.substring(i1, x.length()): null

18-11-2024T02:54:07 - [TEST_STEP][PASSED] - println(x): null

18-11-2024T02:54:07 - [TEST_STEP][PASSED] - i1 = x.indexOf("/") + 1: null

18-11-2024T02:54:07 - [TEST_STEP][PASSED] - if (i1 > -1): null

18-11-2024T02:54:07 - [TEST_STEP][PASSED] - x = x.substring(i1, x.length()): null

18-11-2024T02:54:07 - [TEST_STEP][PASSED] - println(x): null

18-11-2024T02:54:07 - [TEST_STEP][PASSED] - i1 = x.indexOf("/") + 1: null

18-11-2024T02:54:07 - [TEST_STEP][PASSED] - if (i1 > -1): null

18-11-2024T02:54:07 - [TEST_STEP][PASSED] - x = x.substring(i1, x.length()): null

18-11-2024T02:54:07 - [TEST_STEP][PASSED] - println(x): null

18-11-2024T02:54:07 - [TEST_STEP][PASSED] - i1 = x.indexOf("/") + 1: null

18-11-2024T02:54:07 - [TEST_STEP][PASSED] - if (i1 > -1): null

18-11-2024T02:54:07 - [TEST_STEP][PASSED] - x = x.substring(i1, x.length()): null

18-11-2024T02:54:07 - [TEST_STEP][PASSED] - println(x): null

18-11-2024T02:54:07 - [TEST_STEP][PASSED] - i1 = x.indexOf("/") + 1: null

18-11-2024T02:54:07 - [TEST_STEP][PASSED] - if (i1 > -1): null

18-11-2024T02:54:07 - [TEST_STEP][PASSED] - x = x.substring(i1, x.length()): null

18-11-2024T02:54:07 - [TEST_STEP][PASSED] - println(x): null

18-11-2024T02:54:07 - [TEST_STEP][PASSED] - i1 = x.indexOf("/") + 1: null

18-11-2024T02:54:07 - [TEST_STEP][PASSED] - if (i1 > -1): null

18-11-2024T02:54:07 - [TEST_STEP][PASSED] - x = x.substring(i1, x.length()): null

18-11-2024T02:54:07 - [TEST_STEP][PASSED] - println(x): null

18-11-2024T02:54:07 - [TEST_STEP][PASSED] - i1 = x.indexOf("/"): null

18-11-2024T02:54:07 - [TEST_STEP][PASSED] - if (i1 > -1): null

18-11-2024T02:54:07 - [TEST_STEP][PASSED] - x = x.substring(0, i1): null

18-11-2024T02:54:07 - [TEST_STEP][PASSED] - println(x): null

18-11-2024T02:54:07 - [TEST_STEP][FAILED] - return x: null

18-11-2024T02:54:07 - [TEST_STEP][PASSED] - println(tabR + "/" + tabB): null

18-11-2024T02:54:07 - [TEST_STEP][FAILED] - if (verifyEqual(PercFactR, PercFactB) == false): null

18-11-2024T02:54:07 - [MESSAGE][FAILED] - Unable to verify equal between actual object 'нет данных' and expected object '8.88' (Root cause: com.kms.katalon.core.exception.StepFailedException: Actual object 'нет данных' and expected object '8.88' are not equal
	at com.kms.katalon.core.keyword.builtin.VerifyEqualKeyword$_verifyEqual_closure1.doCall(VerifyEqualKeyword.groovy:58)
	at com.kms.katalon.core.keyword.builtin.VerifyEqualKeyword$_verifyEqual_closure1.call(VerifyEqualKeyword.groovy)
	at com.kms.katalon.core.keyword.internal.KeywordMain.runKeyword(KeywordMain.groovy:75)
	at com.kms.katalon.core.keyword.builtin.VerifyEqualKeyword.verifyEqual(VerifyEqualKeyword.groovy:63)
	at com.kms.katalon.core.keyword.builtin.VerifyEqualKeyword.execute(VerifyEqualKeyword.groovy:44)
	at com.kms.katalon.core.keyword.internal.KeywordExecutor.executeKeywordForPlatform(KeywordExecutor.groovy:74)
	at com.kms.katalon.core.keyword.BuiltinKeywords.verifyEqual(BuiltinKeywords.groovy:146)
	at jdk.internal.reflect.GeneratedMethodAccessor25.invoke(Unknown Source)
	at java.base/jdk.internal.reflect.DelegatingMethodAccessorImpl.invoke(DelegatingMethodAccessorImpl.java:43)
	at Выполнение бизнес-плана сверка дашбордов.CompareDZOData(Выполнение бизнес-плана сверка дашбордов:758)
	at Выполнение бизнес-плана сверка дашбордов.run(Выполнение бизнес-плана сверка дашбордов:658)
	at com.kms.katalon.core.main.ScriptEngine.run(ScriptEngine.java:194)
	at com.kms.katalon.core.main.ScriptEngine.runScriptAsRawText(ScriptEngine.java:119)
	at com.kms.katalon.core.main.TestCaseExecutor.runScript(TestCaseExecutor.java:448)
	at com.kms.katalon.core.main.TestCaseExecutor.doExecute(TestCaseExecutor.java:439)
	at com.kms.katalon.core.main.TestCaseExecutor.processExecutionPhase(TestCaseExecutor.java:418)
	at com.kms.katalon.core.main.TestCaseExecutor.accessMainPhase(TestCaseExecutor.java:410)
	at com.kms.katalon.core.main.TestCaseExecutor.execute(TestCaseExecutor.java:285)
	at com.kms.katalon.core.common.CommonExecutor.accessTestCaseMainPhase(CommonExecutor.java:65)
	at com.kms.katalon.core.main.TestSuiteExecutor.accessTestSuiteMainPhase(TestSuiteExecutor.java:150)
	at com.kms.katalon.core.main.TestSuiteExecutor.execute(TestSuiteExecutor.java:106)
	at com.kms.katalon.core.main.TestCaseMain.startTestSuite(TestCaseMain.java:180)
	at TempTestSuite1731886967590.run(TempTestSuite1731886967590.groovy:35)
	at java.base/jdk.internal.reflect.NativeMethodAccessorImpl.invoke0(Native Method)
	at java.base/jdk.internal.reflect.NativeMethodAccessorImpl.invoke(NativeMethodAccessorImpl.java:77)
	at java.base/jdk.internal.reflect.DelegatingMethodAccessorImpl.invoke(DelegatingMethodAccessorImpl.java:43)
)

18-11-2024T02:54:07 - [TEST_STEP][PASSED] - result = WriteToExcel(typeOfData, todaysDate, PercPlanR, PercPlanB, PercFactR, PercFactB, x, tabR, tabB, o1R, o1B, vidget): null

18-11-2024T02:54:07 - [TEST_STEP][PASSED] - iii = dZO.indexOf("/"): null

18-11-2024T02:54:07 - [TEST_STEP][PASSED] - println(iii): null

18-11-2024T02:54:07 - [TEST_STEP][PASSED] - dZO = dZO.substring(0, iii): null

18-11-2024T02:54:07 - [TEST_STEP][PASSED] - println(dZO): null

18-11-2024T02:54:07 - [TEST_STEP][PASSED] - println(PercPlanR): null

18-11-2024T02:54:07 - [TEST_STEP][PASSED] - println(PercPlanB): null

18-11-2024T02:54:07 - [TEST_STEP][PASSED] - println(PercFactR): null

18-11-2024T02:54:07 - [TEST_STEP][PASSED] - println(PercFactB): null

18-11-2024T02:54:07 - [TEST_STEP][PASSED] - println(tabR): null

18-11-2024T02:54:07 - [TEST_STEP][PASSED] - println(tabB): null

18-11-2024T02:54:07 - [TEST_STEP][PASSED] - println(o1R): null

18-11-2024T02:54:07 - [TEST_STEP][PASSED] - println(o1B): null

18-11-2024T02:54:07 - [TEST_STEP][PASSED] - PR = <not implemented yet for class: org.codehaus.groovy.ast.expr.EmptyExpression>: null

18-11-2024T02:54:07 - [TEST_STEP][PASSED] - FR = <not implemented yet for class: org.codehaus.groovy.ast.expr.EmptyExpression>: null

18-11-2024T02:54:07 - [TEST_STEP][PASSED] - PB = <not implemented yet for class: org.codehaus.groovy.ast.expr.EmptyExpression>: null

18-11-2024T02:54:07 - [TEST_STEP][PASSED] - FB = <not implemented yet for class: org.codehaus.groovy.ast.expr.EmptyExpression>: null

18-11-2024T02:54:07 - [TEST_STEP][PASSED] - TR = <not implemented yet for class: org.codehaus.groovy.ast.expr.EmptyExpression>: null

18-11-2024T02:54:07 - [TEST_STEP][PASSED] - TB = <not implemented yet for class: org.codehaus.groovy.ast.expr.EmptyExpression>: null

18-11-2024T02:54:07 - [TEST_STEP][PASSED] - sheetName = "Sheet1": null

18-11-2024T02:54:07 - [TEST_STEP][PASSED] - data = findTestData("PlanFact"): null

18-11-2024T02:54:07 - [TEST_STEP][PASSED] - n = data.getRowNumbers() + 1: null

18-11-2024T02:54:07 - [TEST_STEP][PASSED] - year = todaysDate.substring(todaysDate.length() - 4, todaysDate.length()): null

18-11-2024T02:54:07 - [TEST_STEP][PASSED] - y = year.toInteger(): null

18-11-2024T02:54:07 - [TEST_STEP][PASSED] - m = getText(findTestObject("Выполнение бизнес-плана/Выполнение бизнес-плана Балансы/Фильтр Дата")): Text of object 'Object Repository/Выполнение бизнес-плана/Выполнение бизнес-плана Балансы/Фильтр Дата' is: '1, 2, 3 кв. 2024 года'

18-11-2024T02:54:08 - [MESSAGE][PASSED] - Text of object 'Object Repository/Выполнение бизнес-плана/Выполнение бизнес-плана Балансы/Фильтр Дата' is: '1, 2, 3 кв. 2024 года'

18-11-2024T02:54:08 - [TEST_STEP][PASSED] - m = m.substring(0, m.indexOf("2024")): null

18-11-2024T02:54:08 - [TEST_STEP][PASSED] - m = m.trim(): null

18-11-2024T02:54:08 - [TEST_STEP][PASSED] - dashboardName = "Выполнение бизнес-плана": null

18-11-2024T02:54:08 - [TEST_STEP][PASSED] - workbook01 = getWorkbook(excelFilePath): null

18-11-2024T02:54:08 - [TEST_STEP][PASSED] - sheet01 = getExcelSheet(workbook01, sheetName): null

18-11-2024T02:54:08 - [TEST_STEP][PASSED] - setValueToCellByIndex(sheet01, n, 0, dashboardName): null

18-11-2024T02:54:08 - [TEST_STEP][PASSED] - setValueToCellByIndex(sheet01, n, 1, dZO): null

18-11-2024T02:54:08 - [TEST_STEP][PASSED] - setValueToCellByIndex(sheet01, n, 2, typeOfData): null

18-11-2024T02:54:08 - [TEST_STEP][PASSED] - setValueToCellByIndex(sheet01, n, 3, typeOfData): null

18-11-2024T02:54:08 - [TEST_STEP][PASSED] - if (typeOfData == "План"): null

18-11-2024T02:54:08 - [TEST_STEP][PASSED] - else if (typeOfData == "Факт"): null

18-11-2024T02:54:08 - [TEST_STEP][PASSED] - else if (vidget.contains("электроэнергии") == true): null

18-11-2024T02:54:08 - [TEST_STEP][PASSED] - if (tabR == null): null

18-11-2024T02:54:08 - [TEST_STEP][PASSED] - else: null

18-11-2024T02:54:08 - [TEST_STEP][PASSED] - if (tabR == "нет данных"): null

18-11-2024T02:54:08 - [TEST_STEP][PASSED] - setValueToCellByIndex(sheet01, n, 4, "нет данных"): null

18-11-2024T02:54:08 - [TEST_STEP][PASSED] - if (tabB == null): null

18-11-2024T02:54:08 - [TEST_STEP][PASSED] - else: null

18-11-2024T02:54:08 - [TEST_STEP][PASSED] - if (tabB == "нет данных"): null

18-11-2024T02:54:08 - [TEST_STEP][PASSED] - else: null

18-11-2024T02:54:08 - [TEST_STEP][PASSED] - TB = tabB.toInteger(): null

18-11-2024T02:54:08 - [TEST_STEP][PASSED] - setValueToCellByIndex(sheet01, n, 5, TB): null

18-11-2024T02:54:08 - [TEST_STEP][PASSED] - setValueToCellByIndex(sheet01, n, 6, m): null

18-11-2024T02:54:08 - [TEST_STEP][PASSED] - setValueToCellByIndex(sheet01, n, 7, y): null

18-11-2024T02:54:08 - [TEST_STEP][PASSED] - setValueToCellByIndex(sheet01, n, 8, todaysDate): null

18-11-2024T02:54:08 - [TEST_STEP][PASSED] - n = n + 1: null

18-11-2024T02:54:08 - [TEST_STEP][PASSED] - saveWorkbook(excelFilePath, workbook01): null

18-11-2024T02:54:08 - [TEST_STEP][PASSED] - typeOfData = "План Потери": null

18-11-2024T02:54:08 - [TEST_STEP][PASSED] - tabR = GetPPlanR(x = a): null

18-11-2024T02:54:08 - [TEST_STEP][PASSED] - i1 = <not implemented yet for class: org.codehaus.groovy.ast.expr.EmptyExpression>: null

18-11-2024T02:54:08 - [TEST_STEP][PASSED] - ii = <not implemented yet for class: org.codehaus.groovy.ast.expr.EmptyExpression>: null

18-11-2024T02:54:08 - [TEST_STEP][PASSED] - for ([ii = 1, ii < 9, (ii++)]): null

18-11-2024T02:54:08 - [TEST_STEP][PASSED] - i1 = x.indexOf("/") + 1: null

18-11-2024T02:54:08 - [TEST_STEP][PASSED] - if (i1 > -1): null

18-11-2024T02:54:08 - [TEST_STEP][PASSED] - x = x.substring(i1, x.length()): null

18-11-2024T02:54:08 - [TEST_STEP][PASSED] - println(x): null

18-11-2024T02:54:08 - [TEST_STEP][PASSED] - i1 = x.indexOf("/") + 1: null

18-11-2024T02:54:08 - [TEST_STEP][PASSED] - if (i1 > -1): null

18-11-2024T02:54:08 - [TEST_STEP][PASSED] - x = x.substring(i1, x.length()): null

18-11-2024T02:54:08 - [TEST_STEP][PASSED] - println(x): null

18-11-2024T02:54:08 - [TEST_STEP][PASSED] - i1 = x.indexOf("/") + 1: null

18-11-2024T02:54:08 - [TEST_STEP][PASSED] - if (i1 > -1): null

18-11-2024T02:54:08 - [TEST_STEP][PASSED] - x = x.substring(i1, x.length()): null

18-11-2024T02:54:08 - [TEST_STEP][PASSED] - println(x): null

18-11-2024T02:54:08 - [TEST_STEP][PASSED] - i1 = x.indexOf("/") + 1: null

18-11-2024T02:54:08 - [TEST_STEP][PASSED] - if (i1 > -1): null

18-11-2024T02:54:08 - [TEST_STEP][PASSED] - x = x.substring(i1, x.length()): null

18-11-2024T02:54:08 - [TEST_STEP][PASSED] - println(x): null

18-11-2024T02:54:08 - [TEST_STEP][PASSED] - i1 = x.indexOf("/") + 1: null

18-11-2024T02:54:08 - [TEST_STEP][PASSED] - if (i1 > -1): null

18-11-2024T02:54:08 - [TEST_STEP][PASSED] - x = x.substring(i1, x.length()): null

18-11-2024T02:54:08 - [TEST_STEP][PASSED] - println(x): null

18-11-2024T02:54:08 - [TEST_STEP][PASSED] - i1 = x.indexOf("/") + 1: null

18-11-2024T02:54:08 - [TEST_STEP][PASSED] - if (i1 > -1): null

18-11-2024T02:54:08 - [TEST_STEP][PASSED] - x = x.substring(i1, x.length()): null

18-11-2024T02:54:08 - [TEST_STEP][PASSED] - println(x): null

18-11-2024T02:54:08 - [TEST_STEP][PASSED] - i1 = x.indexOf("/") + 1: null

18-11-2024T02:54:08 - [TEST_STEP][PASSED] - if (i1 > -1): null

18-11-2024T02:54:08 - [TEST_STEP][PASSED] - x = x.substring(i1, x.length()): null

18-11-2024T02:54:08 - [TEST_STEP][PASSED] - println(x): null

18-11-2024T02:54:08 - [TEST_STEP][PASSED] - i1 = x.indexOf("/") + 1: null

18-11-2024T02:54:08 - [TEST_STEP][PASSED] - if (i1 > -1): null

18-11-2024T02:54:08 - [TEST_STEP][PASSED] - x = x.substring(i1, x.length()): null

18-11-2024T02:54:08 - [TEST_STEP][PASSED] - println(x): null

18-11-2024T02:54:08 - [TEST_STEP][PASSED] - i1 = x.indexOf("/"): null

18-11-2024T02:54:08 - [TEST_STEP][PASSED] - if (i1 > -1): null

18-11-2024T02:54:08 - [TEST_STEP][PASSED] - x = x.substring(0, i1): null

18-11-2024T02:54:08 - [TEST_STEP][PASSED] - println(x): null

18-11-2024T02:54:08 - [TEST_STEP][PASSED] - return x: null

18-11-2024T02:54:08 - [TEST_STEP][PASSED] - tabB = GetPPlanB(x = b): null

18-11-2024T02:54:08 - [TEST_STEP][PASSED] - i1 = <not implemented yet for class: org.codehaus.groovy.ast.expr.EmptyExpression>: null

18-11-2024T02:54:08 - [TEST_STEP][PASSED] - ii = <not implemented yet for class: org.codehaus.groovy.ast.expr.EmptyExpression>: null

18-11-2024T02:54:08 - [TEST_STEP][PASSED] - for ([ii = 1, ii < 9, (ii++)]): null

18-11-2024T02:54:08 - [TEST_STEP][PASSED] - i1 = x.indexOf("/") + 1: null

18-11-2024T02:54:08 - [TEST_STEP][PASSED] - if (i1 > -1): null

18-11-2024T02:54:08 - [TEST_STEP][PASSED] - x = x.substring(i1, x.length()): null

18-11-2024T02:54:08 - [TEST_STEP][PASSED] - println(x): null

18-11-2024T02:54:08 - [TEST_STEP][PASSED] - i1 = x.indexOf("/") + 1: null

18-11-2024T02:54:08 - [TEST_STEP][PASSED] - if (i1 > -1): null

18-11-2024T02:54:08 - [TEST_STEP][PASSED] - x = x.substring(i1, x.length()): null

18-11-2024T02:54:08 - [TEST_STEP][PASSED] - println(x): null

18-11-2024T02:54:08 - [TEST_STEP][PASSED] - i1 = x.indexOf("/") + 1: null

18-11-2024T02:54:08 - [TEST_STEP][PASSED] - if (i1 > -1): null

18-11-2024T02:54:08 - [TEST_STEP][PASSED] - x = x.substring(i1, x.length()): null

18-11-2024T02:54:08 - [TEST_STEP][PASSED] - println(x): null

18-11-2024T02:54:08 - [TEST_STEP][PASSED] - i1 = x.indexOf("/") + 1: null

18-11-2024T02:54:08 - [TEST_STEP][PASSED] - if (i1 > -1): null

18-11-2024T02:54:08 - [TEST_STEP][PASSED] - x = x.substring(i1, x.length()): null

18-11-2024T02:54:08 - [TEST_STEP][PASSED] - println(x): null

18-11-2024T02:54:08 - [TEST_STEP][PASSED] - i1 = x.indexOf("/") + 1: null

18-11-2024T02:54:08 - [TEST_STEP][PASSED] - if (i1 > -1): null

18-11-2024T02:54:08 - [TEST_STEP][PASSED] - x = x.substring(i1, x.length()): null

18-11-2024T02:54:08 - [TEST_STEP][PASSED] - println(x): null

18-11-2024T02:54:08 - [TEST_STEP][PASSED] - i1 = x.indexOf("/") + 1: null

18-11-2024T02:54:08 - [TEST_STEP][PASSED] - if (i1 > -1): null

18-11-2024T02:54:08 - [TEST_STEP][PASSED] - x = x.substring(i1, x.length()): null

18-11-2024T02:54:08 - [TEST_STEP][PASSED] - println(x): null

18-11-2024T02:54:08 - [TEST_STEP][PASSED] - i1 = x.indexOf("/") + 1: null

18-11-2024T02:54:08 - [TEST_STEP][PASSED] - if (i1 > -1): null

18-11-2024T02:54:08 - [TEST_STEP][PASSED] - x = x.substring(i1, x.length()): null

18-11-2024T02:54:08 - [TEST_STEP][PASSED] - println(x): null

18-11-2024T02:54:08 - [TEST_STEP][PASSED] - i1 = x.indexOf("/") + 1: null

18-11-2024T02:54:08 - [TEST_STEP][PASSED] - if (i1 > -1): null

18-11-2024T02:54:08 - [TEST_STEP][PASSED] - x = x.substring(i1, x.length()): null

18-11-2024T02:54:08 - [TEST_STEP][PASSED] - println(x): null

18-11-2024T02:54:08 - [TEST_STEP][PASSED] - i1 = x.indexOf("/"): null

18-11-2024T02:54:08 - [TEST_STEP][PASSED] - if (i1 > -1): null

18-11-2024T02:54:08 - [TEST_STEP][PASSED] - x = x.substring(0, i1): null

18-11-2024T02:54:08 - [TEST_STEP][PASSED] - println(x): null

18-11-2024T02:54:08 - [TEST_STEP][FAILED] - return x: null

18-11-2024T02:54:08 - [TEST_STEP][PASSED] - println(tabR + "/" + tabB): null

18-11-2024T02:54:08 - [TEST_STEP][FAILED] - if (verifyEqual(PercFactR, PercFactB) == false): null

18-11-2024T02:54:08 - [MESSAGE][FAILED] - Unable to verify equal between actual object 'нет данных' and expected object '8.88' (Root cause: com.kms.katalon.core.exception.StepFailedException: Actual object 'нет данных' and expected object '8.88' are not equal
	at com.kms.katalon.core.keyword.builtin.VerifyEqualKeyword$_verifyEqual_closure1.doCall(VerifyEqualKeyword.groovy:58)
	at com.kms.katalon.core.keyword.builtin.VerifyEqualKeyword$_verifyEqual_closure1.call(VerifyEqualKeyword.groovy)
	at com.kms.katalon.core.keyword.internal.KeywordMain.runKeyword(KeywordMain.groovy:75)
	at com.kms.katalon.core.keyword.builtin.VerifyEqualKeyword.verifyEqual(VerifyEqualKeyword.groovy:63)
	at com.kms.katalon.core.keyword.builtin.VerifyEqualKeyword.execute(VerifyEqualKeyword.groovy:44)
	at com.kms.katalon.core.keyword.internal.KeywordExecutor.executeKeywordForPlatform(KeywordExecutor.groovy:74)
	at com.kms.katalon.core.keyword.BuiltinKeywords.verifyEqual(BuiltinKeywords.groovy:146)
	at jdk.internal.reflect.GeneratedMethodAccessor25.invoke(Unknown Source)
	at java.base/jdk.internal.reflect.DelegatingMethodAccessorImpl.invoke(DelegatingMethodAccessorImpl.java:43)
	at Выполнение бизнес-плана сверка дашбордов.CompareDZOData(Выполнение бизнес-плана сверка дашбордов:771)
	at Выполнение бизнес-плана сверка дашбордов.run(Выполнение бизнес-плана сверка дашбордов:658)
	at com.kms.katalon.core.main.ScriptEngine.run(ScriptEngine.java:194)
	at com.kms.katalon.core.main.ScriptEngine.runScriptAsRawText(ScriptEngine.java:119)
	at com.kms.katalon.core.main.TestCaseExecutor.runScript(TestCaseExecutor.java:448)
	at com.kms.katalon.core.main.TestCaseExecutor.doExecute(TestCaseExecutor.java:439)
	at com.kms.katalon.core.main.TestCaseExecutor.processExecutionPhase(TestCaseExecutor.java:418)
	at com.kms.katalon.core.main.TestCaseExecutor.accessMainPhase(TestCaseExecutor.java:410)
	at com.kms.katalon.core.main.TestCaseExecutor.execute(TestCaseExecutor.java:285)
	at com.kms.katalon.core.common.CommonExecutor.accessTestCaseMainPhase(CommonExecutor.java:65)
	at com.kms.katalon.core.main.TestSuiteExecutor.accessTestSuiteMainPhase(TestSuiteExecutor.java:150)
	at com.kms.katalon.core.main.TestSuiteExecutor.execute(TestSuiteExecutor.java:106)
	at com.kms.katalon.core.main.TestCaseMain.startTestSuite(TestCaseMain.java:180)
	at TempTestSuite1731886967590.run(TempTestSuite1731886967590.groovy:35)
	at java.base/jdk.internal.reflect.NativeMethodAccessorImpl.invoke0(Native Method)
	at java.base/jdk.internal.reflect.NativeMethodAccessorImpl.invoke(NativeMethodAccessorImpl.java:77)
	at java.base/jdk.internal.reflect.DelegatingMethodAccessorImpl.invoke(DelegatingMethodAccessorImpl.java:43)
)

18-11-2024T02:54:08 - [TEST_STEP][PASSED] - result = WriteToExcel(typeOfData, todaysDate, PercPlanR, PercPlanB, PercFactR, PercFactB, x, tabR, tabB, o1R, o1B, vidget): null

18-11-2024T02:54:08 - [TEST_STEP][PASSED] - iii = dZO.indexOf("/"): null

18-11-2024T02:54:08 - [TEST_STEP][PASSED] - println(iii): null

18-11-2024T02:54:08 - [TEST_STEP][PASSED] - dZO = dZO.substring(0, iii): null

18-11-2024T02:54:08 - [TEST_STEP][PASSED] - println(dZO): null

18-11-2024T02:54:08 - [TEST_STEP][PASSED] - println(PercPlanR): null

18-11-2024T02:54:08 - [TEST_STEP][PASSED] - println(PercPlanB): null

18-11-2024T02:54:08 - [TEST_STEP][PASSED] - println(PercFactR): null

18-11-2024T02:54:08 - [TEST_STEP][PASSED] - println(PercFactB): null

18-11-2024T02:54:08 - [TEST_STEP][PASSED] - println(tabR): null

18-11-2024T02:54:08 - [TEST_STEP][PASSED] - println(tabB): null

18-11-2024T02:54:08 - [TEST_STEP][PASSED] - println(o1R): null

18-11-2024T02:54:08 - [TEST_STEP][PASSED] - println(o1B): null

18-11-2024T02:54:08 - [TEST_STEP][PASSED] - PR = <not implemented yet for class: org.codehaus.groovy.ast.expr.EmptyExpression>: null

18-11-2024T02:54:08 - [TEST_STEP][PASSED] - FR = <not implemented yet for class: org.codehaus.groovy.ast.expr.EmptyExpression>: null

18-11-2024T02:54:08 - [TEST_STEP][PASSED] - PB = <not implemented yet for class: org.codehaus.groovy.ast.expr.EmptyExpression>: null

18-11-2024T02:54:08 - [TEST_STEP][PASSED] - FB = <not implemented yet for class: org.codehaus.groovy.ast.expr.EmptyExpression>: null

18-11-2024T02:54:08 - [TEST_STEP][PASSED] - TR = <not implemented yet for class: org.codehaus.groovy.ast.expr.EmptyExpression>: null

18-11-2024T02:54:08 - [TEST_STEP][PASSED] - TB = <not implemented yet for class: org.codehaus.groovy.ast.expr.EmptyExpression>: null

18-11-2024T02:54:08 - [TEST_STEP][PASSED] - sheetName = "Sheet1": null

18-11-2024T02:54:08 - [TEST_STEP][PASSED] - data = findTestData("PlanFact"): null

18-11-2024T02:54:08 - [TEST_STEP][PASSED] - n = data.getRowNumbers() + 1: null

18-11-2024T02:54:08 - [TEST_STEP][PASSED] - year = todaysDate.substring(todaysDate.length() - 4, todaysDate.length()): null

18-11-2024T02:54:08 - [TEST_STEP][PASSED] - y = year.toInteger(): null

18-11-2024T02:54:08 - [TEST_STEP][PASSED] - m = getText(findTestObject("Выполнение бизнес-плана/Выполнение бизнес-плана Балансы/Фильтр Дата")): Text of object 'Object Repository/Выполнение бизнес-плана/Выполнение бизнес-плана Балансы/Фильтр Дата' is: '1, 2, 3 кв. 2024 года'

18-11-2024T02:54:08 - [MESSAGE][PASSED] - Text of object 'Object Repository/Выполнение бизнес-плана/Выполнение бизнес-плана Балансы/Фильтр Дата' is: '1, 2, 3 кв. 2024 года'

18-11-2024T02:54:08 - [TEST_STEP][PASSED] - m = m.substring(0, m.indexOf("2024")): null

18-11-2024T02:54:08 - [TEST_STEP][PASSED] - m = m.trim(): null

18-11-2024T02:54:08 - [TEST_STEP][PASSED] - dashboardName = "Выполнение бизнес-плана": null

18-11-2024T02:54:08 - [TEST_STEP][PASSED] - workbook01 = getWorkbook(excelFilePath): null

18-11-2024T02:54:08 - [TEST_STEP][PASSED] - sheet01 = getExcelSheet(workbook01, sheetName): null

18-11-2024T02:54:08 - [TEST_STEP][PASSED] - setValueToCellByIndex(sheet01, n, 0, dashboardName): null

18-11-2024T02:54:08 - [TEST_STEP][PASSED] - setValueToCellByIndex(sheet01, n, 1, dZO): null

18-11-2024T02:54:08 - [TEST_STEP][PASSED] - setValueToCellByIndex(sheet01, n, 2, typeOfData): null

18-11-2024T02:54:08 - [TEST_STEP][PASSED] - setValueToCellByIndex(sheet01, n, 3, typeOfData): null

18-11-2024T02:54:08 - [TEST_STEP][PASSED] - if (typeOfData == "План"): null

18-11-2024T02:54:08 - [TEST_STEP][PASSED] - else if (typeOfData == "Факт"): null

18-11-2024T02:54:08 - [TEST_STEP][PASSED] - else if (vidget.contains("электроэнергии") == true): null

18-11-2024T02:54:08 - [TEST_STEP][PASSED] - if (tabR == null): null

18-11-2024T02:54:08 - [TEST_STEP][PASSED] - else: null

18-11-2024T02:54:08 - [TEST_STEP][PASSED] - if (tabR == "нет данных"): null

18-11-2024T02:54:08 - [TEST_STEP][PASSED] - setValueToCellByIndex(sheet01, n, 4, "нет данных"): null

18-11-2024T02:54:08 - [TEST_STEP][PASSED] - if (tabB == null): null

18-11-2024T02:54:08 - [TEST_STEP][PASSED] - else: null

18-11-2024T02:54:08 - [TEST_STEP][PASSED] - if (tabB == "нет данных"): null

18-11-2024T02:54:08 - [TEST_STEP][PASSED] - else: null

18-11-2024T02:54:08 - [TEST_STEP][PASSED] - TB = tabB.toInteger(): null

18-11-2024T02:54:08 - [TEST_STEP][PASSED] - setValueToCellByIndex(sheet01, n, 5, TB): null

18-11-2024T02:54:08 - [TEST_STEP][PASSED] - setValueToCellByIndex(sheet01, n, 6, m): null

18-11-2024T02:54:08 - [TEST_STEP][PASSED] - setValueToCellByIndex(sheet01, n, 7, y): null

18-11-2024T02:54:08 - [TEST_STEP][PASSED] - setValueToCellByIndex(sheet01, n, 8, todaysDate): null

18-11-2024T02:54:08 - [TEST_STEP][PASSED] - n = n + 1: null

18-11-2024T02:54:08 - [TEST_STEP][PASSED] - saveWorkbook(excelFilePath, workbook01): null

18-11-2024T02:54:09 - [TEST_STEP][PASSED] - ii2 = a.indexOf("ПАО"): null

18-11-2024T02:54:09 - [TEST_STEP][PASSED] - if (ii2 == -1): null

18-11-2024T02:54:09 - [TEST_STEP][PASSED] - vidget = "Отклонения фактического уровня потерь от бизнес-плана": null

18-11-2024T02:54:09 - [TEST_STEP][PASSED] - typeOfData = "Коэффициент": null

18-11-2024T02:54:09 - [TEST_STEP][PASSED] - o1R = Geto1R(x = a): null

18-11-2024T02:54:09 - [TEST_STEP][PASSED] - i1 = <not implemented yet for class: org.codehaus.groovy.ast.expr.EmptyExpression>: null

18-11-2024T02:54:09 - [TEST_STEP][PASSED] - ii = <not implemented yet for class: org.codehaus.groovy.ast.expr.EmptyExpression>: null

18-11-2024T02:54:09 - [TEST_STEP][PASSED] - for ([ii = 1, ii < 10, (ii++)]): null

18-11-2024T02:54:09 - [TEST_STEP][PASSED] - i1 = x.indexOf("/") + 1: null

18-11-2024T02:54:09 - [TEST_STEP][PASSED] - if (i1 > -1): null

18-11-2024T02:54:09 - [TEST_STEP][PASSED] - x = x.substring(i1, x.length()): null

18-11-2024T02:54:09 - [TEST_STEP][PASSED] - i1 = x.indexOf("/") + 1: null

18-11-2024T02:54:09 - [TEST_STEP][PASSED] - if (i1 > -1): null

18-11-2024T02:54:09 - [TEST_STEP][PASSED] - x = x.substring(i1, x.length()): null

18-11-2024T02:54:09 - [TEST_STEP][PASSED] - i1 = x.indexOf("/") + 1: null

18-11-2024T02:54:09 - [TEST_STEP][PASSED] - if (i1 > -1): null

18-11-2024T02:54:09 - [TEST_STEP][PASSED] - x = x.substring(i1, x.length()): null

18-11-2024T02:54:09 - [TEST_STEP][PASSED] - i1 = x.indexOf("/") + 1: null

18-11-2024T02:54:09 - [TEST_STEP][PASSED] - if (i1 > -1): null

18-11-2024T02:54:09 - [TEST_STEP][PASSED] - x = x.substring(i1, x.length()): null

18-11-2024T02:54:09 - [TEST_STEP][PASSED] - i1 = x.indexOf("/") + 1: null

18-11-2024T02:54:09 - [TEST_STEP][PASSED] - if (i1 > -1): null

18-11-2024T02:54:09 - [TEST_STEP][PASSED] - x = x.substring(i1, x.length()): null

18-11-2024T02:54:09 - [TEST_STEP][PASSED] - i1 = x.indexOf("/") + 1: null

18-11-2024T02:54:09 - [TEST_STEP][PASSED] - if (i1 > -1): null

18-11-2024T02:54:09 - [TEST_STEP][PASSED] - x = x.substring(i1, x.length()): null

18-11-2024T02:54:09 - [TEST_STEP][PASSED] - i1 = x.indexOf("/") + 1: null

18-11-2024T02:54:09 - [TEST_STEP][PASSED] - if (i1 > -1): null

18-11-2024T02:54:09 - [TEST_STEP][PASSED] - x = x.substring(i1, x.length()): null

18-11-2024T02:54:09 - [TEST_STEP][PASSED] - i1 = x.indexOf("/") + 1: null

18-11-2024T02:54:09 - [TEST_STEP][PASSED] - if (i1 > -1): null

18-11-2024T02:54:09 - [TEST_STEP][PASSED] - x = x.substring(i1, x.length()): null

18-11-2024T02:54:09 - [TEST_STEP][PASSED] - i1 = x.indexOf("/") + 1: null

18-11-2024T02:54:09 - [TEST_STEP][PASSED] - if (i1 > -1): null

18-11-2024T02:54:09 - [TEST_STEP][PASSED] - x = x.substring(i1, x.length()): null

18-11-2024T02:54:09 - [TEST_STEP][PASSED] - i1 = x.indexOf("/"): null

18-11-2024T02:54:09 - [TEST_STEP][PASSED] - if (i1 > -1): null

18-11-2024T02:54:09 - [TEST_STEP][PASSED] - println(x): null

18-11-2024T02:54:09 - [TEST_STEP][PASSED] - return x: null

18-11-2024T02:54:09 - [TEST_STEP][PASSED] - o1B = Geto1B(x = b): null

18-11-2024T02:54:09 - [TEST_STEP][PASSED] - i1 = <not implemented yet for class: org.codehaus.groovy.ast.expr.EmptyExpression>: null

18-11-2024T02:54:09 - [TEST_STEP][PASSED] - ii = <not implemented yet for class: org.codehaus.groovy.ast.expr.EmptyExpression>: null

18-11-2024T02:54:09 - [TEST_STEP][PASSED] - for ([ii = 1, ii < 10, (ii++)]): null

18-11-2024T02:54:09 - [TEST_STEP][PASSED] - i1 = x.indexOf("/") + 1: null

18-11-2024T02:54:09 - [TEST_STEP][PASSED] - if (i1 > -1): null

18-11-2024T02:54:09 - [TEST_STEP][PASSED] - x = x.substring(i1, x.length()): null

18-11-2024T02:54:09 - [TEST_STEP][PASSED] - i1 = x.indexOf("/") + 1: null

18-11-2024T02:54:09 - [TEST_STEP][PASSED] - if (i1 > -1): null

18-11-2024T02:54:09 - [TEST_STEP][PASSED] - x = x.substring(i1, x.length()): null

18-11-2024T02:54:09 - [TEST_STEP][PASSED] - i1 = x.indexOf("/") + 1: null

18-11-2024T02:54:09 - [TEST_STEP][PASSED] - if (i1 > -1): null

18-11-2024T02:54:09 - [TEST_STEP][PASSED] - x = x.substring(i1, x.length()): null

18-11-2024T02:54:09 - [TEST_STEP][PASSED] - i1 = x.indexOf("/") + 1: null

18-11-2024T02:54:09 - [TEST_STEP][PASSED] - if (i1 > -1): null

18-11-2024T02:54:09 - [TEST_STEP][PASSED] - x = x.substring(i1, x.length()): null

18-11-2024T02:54:09 - [TEST_STEP][PASSED] - i1 = x.indexOf("/") + 1: null

18-11-2024T02:54:09 - [TEST_STEP][PASSED] - if (i1 > -1): null

18-11-2024T02:54:09 - [TEST_STEP][PASSED] - x = x.substring(i1, x.length()): null

18-11-2024T02:54:09 - [TEST_STEP][PASSED] - i1 = x.indexOf("/") + 1: null

18-11-2024T02:54:09 - [TEST_STEP][PASSED] - if (i1 > -1): null

18-11-2024T02:54:09 - [TEST_STEP][PASSED] - x = x.substring(i1, x.length()): null

18-11-2024T02:54:09 - [TEST_STEP][PASSED] - i1 = x.indexOf("/") + 1: null

18-11-2024T02:54:09 - [TEST_STEP][PASSED] - if (i1 > -1): null

18-11-2024T02:54:09 - [TEST_STEP][PASSED] - x = x.substring(i1, x.length()): null

18-11-2024T02:54:09 - [TEST_STEP][PASSED] - i1 = x.indexOf("/") + 1: null

18-11-2024T02:54:09 - [TEST_STEP][PASSED] - if (i1 > -1): null

18-11-2024T02:54:09 - [TEST_STEP][PASSED] - x = x.substring(i1, x.length()): null

18-11-2024T02:54:09 - [TEST_STEP][PASSED] - i1 = x.indexOf("/") + 1: null

18-11-2024T02:54:09 - [TEST_STEP][PASSED] - if (i1 > -1): null

18-11-2024T02:54:09 - [TEST_STEP][PASSED] - x = x.substring(i1, x.length()): null

18-11-2024T02:54:09 - [TEST_STEP][PASSED] - i1 = x.indexOf("/"): null

18-11-2024T02:54:09 - [TEST_STEP][PASSED] - if (i1 > -1): null

18-11-2024T02:54:09 - [TEST_STEP][PASSED] - println(x): null

18-11-2024T02:54:09 - [TEST_STEP][FAILED] - return x: null

18-11-2024T02:54:09 - [TEST_STEP][PASSED] - println(o1R + "/" + o1B): null

18-11-2024T02:54:09 - [TEST_STEP][FAILED] - if (verifyEqual(PercFactR, PercFactB) == false): null

18-11-2024T02:54:09 - [MESSAGE][FAILED] - Unable to verify equal between actual object 'нет данных' and expected object '8.88' (Root cause: com.kms.katalon.core.exception.StepFailedException: Actual object 'нет данных' and expected object '8.88' are not equal
	at com.kms.katalon.core.keyword.builtin.VerifyEqualKeyword$_verifyEqual_closure1.doCall(VerifyEqualKeyword.groovy:58)
	at com.kms.katalon.core.keyword.builtin.VerifyEqualKeyword$_verifyEqual_closure1.call(VerifyEqualKeyword.groovy)
	at com.kms.katalon.core.keyword.internal.KeywordMain.runKeyword(KeywordMain.groovy:75)
	at com.kms.katalon.core.keyword.builtin.VerifyEqualKeyword.verifyEqual(VerifyEqualKeyword.groovy:63)
	at com.kms.katalon.core.keyword.builtin.VerifyEqualKeyword.execute(VerifyEqualKeyword.groovy:44)
	at com.kms.katalon.core.keyword.internal.KeywordExecutor.executeKeywordForPlatform(KeywordExecutor.groovy:74)
	at com.kms.katalon.core.keyword.BuiltinKeywords.verifyEqual(BuiltinKeywords.groovy:146)
	at jdk.internal.reflect.GeneratedMethodAccessor25.invoke(Unknown Source)
	at java.base/jdk.internal.reflect.DelegatingMethodAccessorImpl.invoke(DelegatingMethodAccessorImpl.java:43)
	at Выполнение бизнес-плана сверка дашбордов.CompareDZOData(Выполнение бизнес-плана сверка дашбордов:789)
	at Выполнение бизнес-плана сверка дашбордов.run(Выполнение бизнес-плана сверка дашбордов:658)
	at com.kms.katalon.core.main.ScriptEngine.run(ScriptEngine.java:194)
	at com.kms.katalon.core.main.ScriptEngine.runScriptAsRawText(ScriptEngine.java:119)
	at com.kms.katalon.core.main.TestCaseExecutor.runScript(TestCaseExecutor.java:448)
	at com.kms.katalon.core.main.TestCaseExecutor.doExecute(TestCaseExecutor.java:439)
	at com.kms.katalon.core.main.TestCaseExecutor.processExecutionPhase(TestCaseExecutor.java:418)
	at com.kms.katalon.core.main.TestCaseExecutor.accessMainPhase(TestCaseExecutor.java:410)
	at com.kms.katalon.core.main.TestCaseExecutor.execute(TestCaseExecutor.java:285)
	at com.kms.katalon.core.common.CommonExecutor.accessTestCaseMainPhase(CommonExecutor.java:65)
	at com.kms.katalon.core.main.TestSuiteExecutor.accessTestSuiteMainPhase(TestSuiteExecutor.java:150)
	at com.kms.katalon.core.main.TestSuiteExecutor.execute(TestSuiteExecutor.java:106)
	at com.kms.katalon.core.main.TestCaseMain.startTestSuite(TestCaseMain.java:180)
	at TempTestSuite1731886967590.run(TempTestSuite1731886967590.groovy:35)
	at java.base/jdk.internal.reflect.NativeMethodAccessorImpl.invoke0(Native Method)
	at java.base/jdk.internal.reflect.NativeMethodAccessorImpl.invoke(NativeMethodAccessorImpl.java:77)
	at java.base/jdk.internal.reflect.DelegatingMethodAccessorImpl.invoke(DelegatingMethodAccessorImpl.java:43)
)

18-11-2024T02:54:09 - [TEST_STEP][PASSED] - result = WriteToExcel(typeOfData, todaysDate, PercPlanR, PercPlanB, PercFactR, PercFactB, x, tabR, tabB, o1R, o1B, vidget): null

18-11-2024T02:54:09 - [TEST_STEP][PASSED] - iii = dZO.indexOf("/"): null

18-11-2024T02:54:09 - [TEST_STEP][PASSED] - println(iii): null

18-11-2024T02:54:09 - [TEST_STEP][PASSED] - dZO = dZO.substring(0, iii): null

18-11-2024T02:54:09 - [TEST_STEP][PASSED] - println(dZO): null

18-11-2024T02:54:09 - [TEST_STEP][PASSED] - println(PercPlanR): null

18-11-2024T02:54:09 - [TEST_STEP][PASSED] - println(PercPlanB): null

18-11-2024T02:54:09 - [TEST_STEP][PASSED] - println(PercFactR): null

18-11-2024T02:54:09 - [TEST_STEP][PASSED] - println(PercFactB): null

18-11-2024T02:54:09 - [TEST_STEP][PASSED] - println(tabR): null

18-11-2024T02:54:09 - [TEST_STEP][PASSED] - println(tabB): null

18-11-2024T02:54:09 - [TEST_STEP][PASSED] - println(o1R): null

18-11-2024T02:54:09 - [TEST_STEP][PASSED] - println(o1B): null

18-11-2024T02:54:09 - [TEST_STEP][PASSED] - PR = <not implemented yet for class: org.codehaus.groovy.ast.expr.EmptyExpression>: null

18-11-2024T02:54:09 - [TEST_STEP][PASSED] - FR = <not implemented yet for class: org.codehaus.groovy.ast.expr.EmptyExpression>: null

18-11-2024T02:54:09 - [TEST_STEP][PASSED] - PB = <not implemented yet for class: org.codehaus.groovy.ast.expr.EmptyExpression>: null

18-11-2024T02:54:09 - [TEST_STEP][PASSED] - FB = <not implemented yet for class: org.codehaus.groovy.ast.expr.EmptyExpression>: null

18-11-2024T02:54:09 - [TEST_STEP][PASSED] - TR = <not implemented yet for class: org.codehaus.groovy.ast.expr.EmptyExpression>: null

18-11-2024T02:54:09 - [TEST_STEP][PASSED] - TB = <not implemented yet for class: org.codehaus.groovy.ast.expr.EmptyExpression>: null

18-11-2024T02:54:09 - [TEST_STEP][PASSED] - sheetName = "Sheet1": null

18-11-2024T02:54:09 - [TEST_STEP][PASSED] - data = findTestData("PlanFact"): null

18-11-2024T02:54:09 - [TEST_STEP][PASSED] - n = data.getRowNumbers() + 1: null

18-11-2024T02:54:09 - [TEST_STEP][PASSED] - year = todaysDate.substring(todaysDate.length() - 4, todaysDate.length()): null

18-11-2024T02:54:09 - [TEST_STEP][PASSED] - y = year.toInteger(): null

18-11-2024T02:54:09 - [TEST_STEP][PASSED] - m = getText(findTestObject("Выполнение бизнес-плана/Выполнение бизнес-плана Балансы/Фильтр Дата")): Text of object 'Object Repository/Выполнение бизнес-плана/Выполнение бизнес-плана Балансы/Фильтр Дата' is: '1, 2, 3 кв. 2024 года'

18-11-2024T02:54:09 - [MESSAGE][PASSED] - Text of object 'Object Repository/Выполнение бизнес-плана/Выполнение бизнес-плана Балансы/Фильтр Дата' is: '1, 2, 3 кв. 2024 года'

18-11-2024T02:54:09 - [TEST_STEP][PASSED] - m = m.substring(0, m.indexOf("2024")): null

18-11-2024T02:54:09 - [TEST_STEP][PASSED] - m = m.trim(): null

18-11-2024T02:54:09 - [TEST_STEP][PASSED] - dashboardName = "Выполнение бизнес-плана": null

18-11-2024T02:54:09 - [TEST_STEP][PASSED] - workbook01 = getWorkbook(excelFilePath): null

18-11-2024T02:54:09 - [TEST_STEP][PASSED] - sheet01 = getExcelSheet(workbook01, sheetName): null

18-11-2024T02:54:09 - [TEST_STEP][PASSED] - setValueToCellByIndex(sheet01, n, 0, dashboardName): null

18-11-2024T02:54:09 - [TEST_STEP][PASSED] - setValueToCellByIndex(sheet01, n, 1, dZO): null

18-11-2024T02:54:09 - [TEST_STEP][PASSED] - setValueToCellByIndex(sheet01, n, 2, typeOfData): null

18-11-2024T02:54:09 - [TEST_STEP][PASSED] - setValueToCellByIndex(sheet01, n, 3, typeOfData): null

18-11-2024T02:54:09 - [TEST_STEP][PASSED] - if (typeOfData == "План"): null

18-11-2024T02:54:09 - [TEST_STEP][PASSED] - else if (typeOfData == "Факт"): null

18-11-2024T02:54:09 - [TEST_STEP][PASSED] - else if (vidget.contains("электроэнергии") == true): null

18-11-2024T02:54:09 - [TEST_STEP][PASSED] - else: null

18-11-2024T02:54:09 - [TEST_STEP][PASSED] - if (o1R == null): null

18-11-2024T02:54:09 - [TEST_STEP][PASSED] - else: null

18-11-2024T02:54:09 - [TEST_STEP][PASSED] - if (o1R == "нет данных"): null

18-11-2024T02:54:09 - [TEST_STEP][PASSED] - setValueToCellByIndex(sheet01, n, 4, "нет данных"): null

18-11-2024T02:54:09 - [TEST_STEP][PASSED] - if (o1B == null): null

18-11-2024T02:54:09 - [TEST_STEP][PASSED] - else: null

18-11-2024T02:54:09 - [TEST_STEP][PASSED] - if (o1B == "нет данных"): null

18-11-2024T02:54:09 - [TEST_STEP][PASSED] - else: null

18-11-2024T02:54:09 - [TEST_STEP][PASSED] - FB = o1B.toDouble(): null

18-11-2024T02:54:09 - [TEST_STEP][PASSED] - setValueToCellByIndex(sheet01, n, 5, FB): null

18-11-2024T02:54:09 - [TEST_STEP][PASSED] - setValueToCellByIndex(sheet01, n, 6, m): null

18-11-2024T02:54:09 - [TEST_STEP][PASSED] - setValueToCellByIndex(sheet01, n, 7, y): null

18-11-2024T02:54:09 - [TEST_STEP][PASSED] - setValueToCellByIndex(sheet01, n, 8, todaysDate): null

18-11-2024T02:54:09 - [TEST_STEP][PASSED] - n = n + 1: null

18-11-2024T02:54:09 - [TEST_STEP][FAILED] - saveWorkbook(excelFilePath, workbook01): null

18-11-2024T02:54:09 - [TEST_STEP][FAILED] - if (verifyEqual(yR, yB) == false): null

18-11-2024T02:54:09 - [MESSAGE][FAILED] - Unable to verify equal between actual object 'Россети Янтарь/нет данных/нет данных/нет данных/нет данных/нет данных/нет данных/нет данных/нет данных/нет данных' and expected object 'Россети Янтарь/8.59/8.39/3362855/3080808/282047/3237462/2959400/278062/-0.20' (Root cause: com.kms.katalon.core.exception.StepFailedException: Actual object 'Россети Янтарь/нет данных/нет данных/нет данных/нет данных/нет данных/нет данных/нет данных/нет данных/нет данных' and expected object 'Россети Янтарь/8.59/8.39/3362855/3080808/282047/3237462/2959400/278062/-0.20' are not equal
	at com.kms.katalon.core.keyword.builtin.VerifyEqualKeyword$_verifyEqual_closure1.doCall(VerifyEqualKeyword.groovy:58)
	at com.kms.katalon.core.keyword.builtin.VerifyEqualKeyword$_verifyEqual_closure1.call(VerifyEqualKeyword.groovy)
	at com.kms.katalon.core.keyword.internal.KeywordMain.runKeyword(KeywordMain.groovy:75)
	at com.kms.katalon.core.keyword.builtin.VerifyEqualKeyword.verifyEqual(VerifyEqualKeyword.groovy:63)
	at com.kms.katalon.core.keyword.builtin.VerifyEqualKeyword.execute(VerifyEqualKeyword.groovy:44)
	at com.kms.katalon.core.keyword.internal.KeywordExecutor.executeKeywordForPlatform(KeywordExecutor.groovy:74)
	at com.kms.katalon.core.keyword.BuiltinKeywords.verifyEqual(BuiltinKeywords.groovy:146)
	at jdk.internal.reflect.GeneratedMethodAccessor25.invoke(Unknown Source)
	at java.base/jdk.internal.reflect.DelegatingMethodAccessorImpl.invoke(DelegatingMethodAccessorImpl.java:43)
	at Выполнение бизнес-плана сверка дашбордов.run(Выполнение бизнес-плана сверка дашбордов:662)
	at com.kms.katalon.core.main.ScriptEngine.run(ScriptEngine.java:194)
	at com.kms.katalon.core.main.ScriptEngine.runScriptAsRawText(ScriptEngine.java:119)
	at com.kms.katalon.core.main.TestCaseExecutor.runScript(TestCaseExecutor.java:448)
	at com.kms.katalon.core.main.TestCaseExecutor.doExecute(TestCaseExecutor.java:439)
	at com.kms.katalon.core.main.TestCaseExecutor.processExecutionPhase(TestCaseExecutor.java:418)
	at com.kms.katalon.core.main.TestCaseExecutor.accessMainPhase(TestCaseExecutor.java:410)
	at com.kms.katalon.core.main.TestCaseExecutor.execute(TestCaseExecutor.java:285)
	at com.kms.katalon.core.common.CommonExecutor.accessTestCaseMainPhase(CommonExecutor.java:65)
	at com.kms.katalon.core.main.TestSuiteExecutor.accessTestSuiteMainPhase(TestSuiteExecutor.java:150)
	at com.kms.katalon.core.main.TestSuiteExecutor.execute(TestSuiteExecutor.java:106)
	at com.kms.katalon.core.main.TestCaseMain.startTestSuite(TestCaseMain.java:180)
	at TempTestSuite1731886967590.run(TempTestSuite1731886967590.groovy:35)
	at java.base/jdk.internal.reflect.NativeMethodAccessorImpl.invoke0(Native Method)
	at java.base/jdk.internal.reflect.NativeMethodAccessorImpl.invoke(NativeMethodAccessorImpl.java:77)
	at java.base/jdk.internal.reflect.DelegatingMethodAccessorImpl.invoke(DelegatingMethodAccessorImpl.java:43)
)

18-11-2024T02:54:09 - [TEST_STEP][PASSED] - result = CompareDZOData(a = yR, b = yB, dZO, typeOfData, PercPlanR, PercPlanB, PercFactR, PercFactB, todaysDate, x, vidget, tabR, tabB, o1R, o1B): null

18-11-2024T02:54:09 - [TEST_STEP][PASSED] - ii2 = <not implemented yet for class: org.codehaus.groovy.ast.expr.EmptyExpression>: null

18-11-2024T02:54:09 - [TEST_STEP][FAILED] - if (verifyEqual(a, b) == false): null

18-11-2024T02:54:09 - [MESSAGE][FAILED] - Unable to verify equal between actual object 'Россети Янтарь/нет данных/нет данных/нет данных/нет данных/нет данных/нет данных/нет данных/нет данных/нет данных' and expected object 'Россети Янтарь/8.59/8.39/3362855/3080808/282047/3237462/2959400/278062/-0.20' (Root cause: com.kms.katalon.core.exception.StepFailedException: Actual object 'Россети Янтарь/нет данных/нет данных/нет данных/нет данных/нет данных/нет данных/нет данных/нет данных/нет данных' and expected object 'Россети Янтарь/8.59/8.39/3362855/3080808/282047/3237462/2959400/278062/-0.20' are not equal
	at com.kms.katalon.core.keyword.builtin.VerifyEqualKeyword$_verifyEqual_closure1.doCall(VerifyEqualKeyword.groovy:58)
	at com.kms.katalon.core.keyword.builtin.VerifyEqualKeyword$_verifyEqual_closure1.call(VerifyEqualKeyword.groovy)
	at com.kms.katalon.core.keyword.internal.KeywordMain.runKeyword(KeywordMain.groovy:75)
	at com.kms.katalon.core.keyword.builtin.VerifyEqualKeyword.verifyEqual(VerifyEqualKeyword.groovy:63)
	at com.kms.katalon.core.keyword.builtin.VerifyEqualKeyword.execute(VerifyEqualKeyword.groovy:44)
	at com.kms.katalon.core.keyword.internal.KeywordExecutor.executeKeywordForPlatform(KeywordExecutor.groovy:74)
	at com.kms.katalon.core.keyword.BuiltinKeywords.verifyEqual(BuiltinKeywords.groovy:146)
	at jdk.internal.reflect.GeneratedMethodAccessor25.invoke(Unknown Source)
	at java.base/jdk.internal.reflect.DelegatingMethodAccessorImpl.invoke(DelegatingMethodAccessorImpl.java:43)
	at Выполнение бизнес-плана сверка дашбордов.CompareDZOData(Выполнение бизнес-плана сверка дашбордов:673)
	at Выполнение бизнес-плана сверка дашбордов.run(Выполнение бизнес-плана сверка дашбордов:663)
	at com.kms.katalon.core.main.ScriptEngine.run(ScriptEngine.java:194)
	at com.kms.katalon.core.main.ScriptEngine.runScriptAsRawText(ScriptEngine.java:119)
	at com.kms.katalon.core.main.TestCaseExecutor.runScript(TestCaseExecutor.java:448)
	at com.kms.katalon.core.main.TestCaseExecutor.doExecute(TestCaseExecutor.java:439)
	at com.kms.katalon.core.main.TestCaseExecutor.processExecutionPhase(TestCaseExecutor.java:418)
	at com.kms.katalon.core.main.TestCaseExecutor.accessMainPhase(TestCaseExecutor.java:410)
	at com.kms.katalon.core.main.TestCaseExecutor.execute(TestCaseExecutor.java:285)
	at com.kms.katalon.core.common.CommonExecutor.accessTestCaseMainPhase(CommonExecutor.java:65)
	at com.kms.katalon.core.main.TestSuiteExecutor.accessTestSuiteMainPhase(TestSuiteExecutor.java:150)
	at com.kms.katalon.core.main.TestSuiteExecutor.execute(TestSuiteExecutor.java:106)
	at com.kms.katalon.core.main.TestCaseMain.startTestSuite(TestCaseMain.java:180)
	at TempTestSuite1731886967590.run(TempTestSuite1731886967590.groovy:35)
	at java.base/jdk.internal.reflect.NativeMethodAccessorImpl.invoke0(Native Method)
	at java.base/jdk.internal.reflect.NativeMethodAccessorImpl.invoke(NativeMethodAccessorImpl.java:77)
	at java.base/jdk.internal.reflect.DelegatingMethodAccessorImpl.invoke(DelegatingMethodAccessorImpl.java:43)
)

18-11-2024T02:54:09 - [TEST_STEP][PASSED] - vidget = "Уровень потерь электроэнергии": null

18-11-2024T02:54:09 - [TEST_STEP][PASSED] - typeOfData = "План": null

18-11-2024T02:54:09 - [TEST_STEP][PASSED] - PercPlanR = GetPercPlanR(x = a): null

18-11-2024T02:54:09 - [TEST_STEP][PASSED] - i1 = <not implemented yet for class: org.codehaus.groovy.ast.expr.EmptyExpression>: null

18-11-2024T02:54:09 - [TEST_STEP][PASSED] - i1 = x.indexOf("/") + 1: null

18-11-2024T02:54:09 - [TEST_STEP][PASSED] - if (i1 > -1): null

18-11-2024T02:54:09 - [TEST_STEP][PASSED] - x = x.substring(i1, x.length()): null

18-11-2024T02:54:09 - [TEST_STEP][PASSED] - i1 = x.indexOf("/"): null

18-11-2024T02:54:09 - [TEST_STEP][PASSED] - if (i1 > -1): null

18-11-2024T02:54:09 - [TEST_STEP][PASSED] - x = x.substring(0, i1): null

18-11-2024T02:54:09 - [TEST_STEP][PASSED] - return x: null

18-11-2024T02:54:09 - [TEST_STEP][PASSED] - PercPlanB = GetPercPlanB(x = b): null

18-11-2024T02:54:09 - [TEST_STEP][PASSED] - i1 = <not implemented yet for class: org.codehaus.groovy.ast.expr.EmptyExpression>: null

18-11-2024T02:54:09 - [TEST_STEP][PASSED] - i1 = x.indexOf("/") + 1: null

18-11-2024T02:54:09 - [TEST_STEP][PASSED] - if (i1 > -1): null

18-11-2024T02:54:09 - [TEST_STEP][PASSED] - x = x.substring(i1, x.length()): null

18-11-2024T02:54:09 - [TEST_STEP][PASSED] - i1 = x.indexOf("/"): null

18-11-2024T02:54:09 - [TEST_STEP][PASSED] - if (i1 > -1): null

18-11-2024T02:54:09 - [TEST_STEP][PASSED] - x = x.substring(0, i1): null

18-11-2024T02:54:09 - [TEST_STEP][FAILED] - return x: null

18-11-2024T02:54:09 - [TEST_STEP][FAILED] - if (verifyEqual(PercPlanR, PercPlanB) == false): null

18-11-2024T02:54:09 - [MESSAGE][FAILED] - Unable to verify equal between actual object 'нет данных' and expected object '8.59' (Root cause: com.kms.katalon.core.exception.StepFailedException: Actual object 'нет данных' and expected object '8.59' are not equal
	at com.kms.katalon.core.keyword.builtin.VerifyEqualKeyword$_verifyEqual_closure1.doCall(VerifyEqualKeyword.groovy:58)
	at com.kms.katalon.core.keyword.builtin.VerifyEqualKeyword$_verifyEqual_closure1.call(VerifyEqualKeyword.groovy)
	at com.kms.katalon.core.keyword.internal.KeywordMain.runKeyword(KeywordMain.groovy:75)
	at com.kms.katalon.core.keyword.builtin.VerifyEqualKeyword.verifyEqual(VerifyEqualKeyword.groovy:63)
	at com.kms.katalon.core.keyword.builtin.VerifyEqualKeyword.execute(VerifyEqualKeyword.groovy:44)
	at com.kms.katalon.core.keyword.internal.KeywordExecutor.executeKeywordForPlatform(KeywordExecutor.groovy:74)
	at com.kms.katalon.core.keyword.BuiltinKeywords.verifyEqual(BuiltinKeywords.groovy:146)
	at jdk.internal.reflect.GeneratedMethodAccessor25.invoke(Unknown Source)
	at java.base/jdk.internal.reflect.DelegatingMethodAccessorImpl.invoke(DelegatingMethodAccessorImpl.java:43)
	at Выполнение бизнес-плана сверка дашбордов.CompareDZOData(Выполнение бизнес-плана сверка дашбордов:682)
	at Выполнение бизнес-плана сверка дашбордов.run(Выполнение бизнес-плана сверка дашбордов:663)
	at com.kms.katalon.core.main.ScriptEngine.run(ScriptEngine.java:194)
	at com.kms.katalon.core.main.ScriptEngine.runScriptAsRawText(ScriptEngine.java:119)
	at com.kms.katalon.core.main.TestCaseExecutor.runScript(TestCaseExecutor.java:448)
	at com.kms.katalon.core.main.TestCaseExecutor.doExecute(TestCaseExecutor.java:439)
	at com.kms.katalon.core.main.TestCaseExecutor.processExecutionPhase(TestCaseExecutor.java:418)
	at com.kms.katalon.core.main.TestCaseExecutor.accessMainPhase(TestCaseExecutor.java:410)
	at com.kms.katalon.core.main.TestCaseExecutor.execute(TestCaseExecutor.java:285)
	at com.kms.katalon.core.common.CommonExecutor.accessTestCaseMainPhase(CommonExecutor.java:65)
	at com.kms.katalon.core.main.TestSuiteExecutor.accessTestSuiteMainPhase(TestSuiteExecutor.java:150)
	at com.kms.katalon.core.main.TestSuiteExecutor.execute(TestSuiteExecutor.java:106)
	at com.kms.katalon.core.main.TestCaseMain.startTestSuite(TestCaseMain.java:180)
	at TempTestSuite1731886967590.run(TempTestSuite1731886967590.groovy:35)
	at java.base/jdk.internal.reflect.NativeMethodAccessorImpl.invoke0(Native Method)
	at java.base/jdk.internal.reflect.NativeMethodAccessorImpl.invoke(NativeMethodAccessorImpl.java:77)
	at java.base/jdk.internal.reflect.DelegatingMethodAccessorImpl.invoke(DelegatingMethodAccessorImpl.java:43)
)

18-11-2024T02:54:09 - [TEST_STEP][PASSED] - result = WriteToExcel(typeOfData, todaysDate, PercPlanR, PercPlanB, PercFactR, PercFactB, x, tabR, tabB, o1R, o1B, vidget): null

18-11-2024T02:54:09 - [TEST_STEP][PASSED] - iii = dZO.indexOf("/"): null

18-11-2024T02:54:09 - [TEST_STEP][PASSED] - println(iii): null

18-11-2024T02:54:09 - [TEST_STEP][PASSED] - dZO = dZO.substring(0, iii): null

18-11-2024T02:54:09 - [TEST_STEP][PASSED] - println(dZO): null

18-11-2024T02:54:09 - [TEST_STEP][PASSED] - println(PercPlanR): null

18-11-2024T02:54:09 - [TEST_STEP][PASSED] - println(PercPlanB): null

18-11-2024T02:54:09 - [TEST_STEP][PASSED] - println(PercFactR): null

18-11-2024T02:54:09 - [TEST_STEP][PASSED] - println(PercFactB): null

18-11-2024T02:54:09 - [TEST_STEP][PASSED] - println(tabR): null

18-11-2024T02:54:09 - [TEST_STEP][PASSED] - println(tabB): null

18-11-2024T02:54:09 - [TEST_STEP][PASSED] - println(o1R): null

18-11-2024T02:54:09 - [TEST_STEP][PASSED] - println(o1B): null

18-11-2024T02:54:09 - [TEST_STEP][PASSED] - PR = <not implemented yet for class: org.codehaus.groovy.ast.expr.EmptyExpression>: null

18-11-2024T02:54:09 - [TEST_STEP][PASSED] - FR = <not implemented yet for class: org.codehaus.groovy.ast.expr.EmptyExpression>: null

18-11-2024T02:54:09 - [TEST_STEP][PASSED] - PB = <not implemented yet for class: org.codehaus.groovy.ast.expr.EmptyExpression>: null

18-11-2024T02:54:09 - [TEST_STEP][PASSED] - FB = <not implemented yet for class: org.codehaus.groovy.ast.expr.EmptyExpression>: null

18-11-2024T02:54:09 - [TEST_STEP][PASSED] - TR = <not implemented yet for class: org.codehaus.groovy.ast.expr.EmptyExpression>: null

18-11-2024T02:54:09 - [TEST_STEP][PASSED] - TB = <not implemented yet for class: org.codehaus.groovy.ast.expr.EmptyExpression>: null

18-11-2024T02:54:09 - [TEST_STEP][PASSED] - sheetName = "Sheet1": null

18-11-2024T02:54:09 - [TEST_STEP][PASSED] - data = findTestData("PlanFact"): null

18-11-2024T02:54:09 - [TEST_STEP][PASSED] - n = data.getRowNumbers() + 1: null

18-11-2024T02:54:09 - [TEST_STEP][PASSED] - year = todaysDate.substring(todaysDate.length() - 4, todaysDate.length()): null

18-11-2024T02:54:09 - [TEST_STEP][PASSED] - y = year.toInteger(): null

18-11-2024T02:54:09 - [TEST_STEP][PASSED] - m = getText(findTestObject("Выполнение бизнес-плана/Выполнение бизнес-плана Балансы/Фильтр Дата")): Text of object 'Object Repository/Выполнение бизнес-плана/Выполнение бизнес-плана Балансы/Фильтр Дата' is: '1, 2, 3 кв. 2024 года'

18-11-2024T02:54:10 - [MESSAGE][PASSED] - Text of object 'Object Repository/Выполнение бизнес-плана/Выполнение бизнес-плана Балансы/Фильтр Дата' is: '1, 2, 3 кв. 2024 года'

18-11-2024T02:54:10 - [TEST_STEP][PASSED] - m = m.substring(0, m.indexOf("2024")): null

18-11-2024T02:54:10 - [TEST_STEP][PASSED] - m = m.trim(): null

18-11-2024T02:54:10 - [TEST_STEP][PASSED] - dashboardName = "Выполнение бизнес-плана": null

18-11-2024T02:54:10 - [TEST_STEP][PASSED] - workbook01 = getWorkbook(excelFilePath): null

18-11-2024T02:54:10 - [TEST_STEP][PASSED] - sheet01 = getExcelSheet(workbook01, sheetName): null

18-11-2024T02:54:10 - [TEST_STEP][PASSED] - setValueToCellByIndex(sheet01, n, 0, dashboardName): null

18-11-2024T02:54:10 - [TEST_STEP][PASSED] - setValueToCellByIndex(sheet01, n, 1, dZO): null

18-11-2024T02:54:10 - [TEST_STEP][PASSED] - setValueToCellByIndex(sheet01, n, 2, typeOfData): null

18-11-2024T02:54:10 - [TEST_STEP][PASSED] - setValueToCellByIndex(sheet01, n, 3, typeOfData): null

18-11-2024T02:54:10 - [TEST_STEP][PASSED] - if (typeOfData == "План"): null

18-11-2024T02:54:10 - [TEST_STEP][PASSED] - if (PercPlanR == null): null

18-11-2024T02:54:10 - [TEST_STEP][PASSED] - else: null

18-11-2024T02:54:10 - [TEST_STEP][PASSED] - if (PercPlanR == "нет данных"): null

18-11-2024T02:54:10 - [TEST_STEP][PASSED] - setValueToCellByIndex(sheet01, n, 4, "нет данных"): null

18-11-2024T02:54:10 - [TEST_STEP][PASSED] - if (PercPlanB == null): null

18-11-2024T02:54:10 - [TEST_STEP][PASSED] - else: null

18-11-2024T02:54:10 - [TEST_STEP][PASSED] - if (PercPlanB == "нет данных"): null

18-11-2024T02:54:10 - [TEST_STEP][PASSED] - else: null

18-11-2024T02:54:10 - [TEST_STEP][PASSED] - PB = PercPlanB.toDouble(): null

18-11-2024T02:54:10 - [TEST_STEP][PASSED] - setValueToCellByIndex(sheet01, n, 5, PB): null

18-11-2024T02:54:10 - [TEST_STEP][PASSED] - setValueToCellByIndex(sheet01, n, 6, m): null

18-11-2024T02:54:10 - [TEST_STEP][PASSED] - setValueToCellByIndex(sheet01, n, 7, y): null

18-11-2024T02:54:10 - [TEST_STEP][PASSED] - setValueToCellByIndex(sheet01, n, 8, todaysDate): null

18-11-2024T02:54:10 - [TEST_STEP][PASSED] - n = n + 1: null

18-11-2024T02:54:10 - [TEST_STEP][PASSED] - saveWorkbook(excelFilePath, workbook01): null

18-11-2024T02:54:10 - [TEST_STEP][PASSED] - typeOfData = "Факт": null

18-11-2024T02:54:10 - [TEST_STEP][PASSED] - PercFactR = GetPercFactR(x = a): null

18-11-2024T02:54:10 - [TEST_STEP][PASSED] - i1 = <not implemented yet for class: org.codehaus.groovy.ast.expr.EmptyExpression>: null

18-11-2024T02:54:10 - [TEST_STEP][PASSED] - ii = <not implemented yet for class: org.codehaus.groovy.ast.expr.EmptyExpression>: null

18-11-2024T02:54:10 - [TEST_STEP][PASSED] - for ([ii = 1, ii < 3, (ii++)]): null

18-11-2024T02:54:10 - [TEST_STEP][PASSED] - i1 = x.indexOf("/") + 1: null

18-11-2024T02:54:10 - [TEST_STEP][PASSED] - if (i1 > -1): null

18-11-2024T02:54:10 - [TEST_STEP][PASSED] - x = x.substring(i1, x.length()): null

18-11-2024T02:54:10 - [TEST_STEP][PASSED] - println(x): null

18-11-2024T02:54:10 - [TEST_STEP][PASSED] - i1 = x.indexOf("/") + 1: null

18-11-2024T02:54:10 - [TEST_STEP][PASSED] - if (i1 > -1): null

18-11-2024T02:54:10 - [TEST_STEP][PASSED] - x = x.substring(i1, x.length()): null

18-11-2024T02:54:10 - [TEST_STEP][PASSED] - println(x): null

18-11-2024T02:54:10 - [TEST_STEP][PASSED] - i1 = x.indexOf("/"): null

18-11-2024T02:54:10 - [TEST_STEP][PASSED] - if (i1 > -1): null

18-11-2024T02:54:10 - [TEST_STEP][PASSED] - x = x.substring(0, i1): null

18-11-2024T02:54:10 - [TEST_STEP][PASSED] - println(x): null

18-11-2024T02:54:10 - [TEST_STEP][PASSED] - return x: null

18-11-2024T02:54:10 - [TEST_STEP][PASSED] - PercFactB = GetPercFactB(x = b): null

18-11-2024T02:54:10 - [TEST_STEP][PASSED] - i1 = <not implemented yet for class: org.codehaus.groovy.ast.expr.EmptyExpression>: null

18-11-2024T02:54:10 - [TEST_STEP][PASSED] - ii = <not implemented yet for class: org.codehaus.groovy.ast.expr.EmptyExpression>: null

18-11-2024T02:54:10 - [TEST_STEP][PASSED] - for ([ii = 1, ii < 3, (ii++)]): null

18-11-2024T02:54:10 - [TEST_STEP][PASSED] - i1 = x.indexOf("/") + 1: null

18-11-2024T02:54:10 - [TEST_STEP][PASSED] - if (i1 > -1): null

18-11-2024T02:54:10 - [TEST_STEP][PASSED] - x = x.substring(i1, x.length()): null

18-11-2024T02:54:10 - [TEST_STEP][PASSED] - println(x): null

18-11-2024T02:54:10 - [TEST_STEP][PASSED] - i1 = x.indexOf("/") + 1: null

18-11-2024T02:54:10 - [TEST_STEP][PASSED] - if (i1 > -1): null

18-11-2024T02:54:10 - [TEST_STEP][PASSED] - x = x.substring(i1, x.length()): null

18-11-2024T02:54:10 - [TEST_STEP][PASSED] - println(x): null

18-11-2024T02:54:10 - [TEST_STEP][PASSED] - i1 = x.indexOf("/"): null

18-11-2024T02:54:10 - [TEST_STEP][PASSED] - if (i1 > -1): null

18-11-2024T02:54:10 - [TEST_STEP][PASSED] - x = x.substring(0, i1): null

18-11-2024T02:54:10 - [TEST_STEP][PASSED] - println(x): null

18-11-2024T02:54:10 - [TEST_STEP][FAILED] - return x: null

18-11-2024T02:54:10 - [TEST_STEP][FAILED] - if (verifyEqual(PercFactR, PercFactB) == false): null

18-11-2024T02:54:10 - [MESSAGE][FAILED] - Unable to verify equal between actual object 'нет данных' and expected object '8.39' (Root cause: com.kms.katalon.core.exception.StepFailedException: Actual object 'нет данных' and expected object '8.39' are not equal
	at com.kms.katalon.core.keyword.builtin.VerifyEqualKeyword$_verifyEqual_closure1.doCall(VerifyEqualKeyword.groovy:58)
	at com.kms.katalon.core.keyword.builtin.VerifyEqualKeyword$_verifyEqual_closure1.call(VerifyEqualKeyword.groovy)
	at com.kms.katalon.core.keyword.internal.KeywordMain.runKeyword(KeywordMain.groovy:75)
	at com.kms.katalon.core.keyword.builtin.VerifyEqualKeyword.verifyEqual(VerifyEqualKeyword.groovy:63)
	at com.kms.katalon.core.keyword.builtin.VerifyEqualKeyword.execute(VerifyEqualKeyword.groovy:44)
	at com.kms.katalon.core.keyword.internal.KeywordExecutor.executeKeywordForPlatform(KeywordExecutor.groovy:74)
	at com.kms.katalon.core.keyword.BuiltinKeywords.verifyEqual(BuiltinKeywords.groovy:146)
	at jdk.internal.reflect.GeneratedMethodAccessor25.invoke(Unknown Source)
	at java.base/jdk.internal.reflect.DelegatingMethodAccessorImpl.invoke(DelegatingMethodAccessorImpl.java:43)
	at Выполнение бизнес-плана сверка дашбордов.CompareDZOData(Выполнение бизнес-плана сверка дашбордов:693)
	at Выполнение бизнес-плана сверка дашбордов.run(Выполнение бизнес-плана сверка дашбордов:663)
	at com.kms.katalon.core.main.ScriptEngine.run(ScriptEngine.java:194)
	at com.kms.katalon.core.main.ScriptEngine.runScriptAsRawText(ScriptEngine.java:119)
	at com.kms.katalon.core.main.TestCaseExecutor.runScript(TestCaseExecutor.java:448)
	at com.kms.katalon.core.main.TestCaseExecutor.doExecute(TestCaseExecutor.java:439)
	at com.kms.katalon.core.main.TestCaseExecutor.processExecutionPhase(TestCaseExecutor.java:418)
	at com.kms.katalon.core.main.TestCaseExecutor.accessMainPhase(TestCaseExecutor.java:410)
	at com.kms.katalon.core.main.TestCaseExecutor.execute(TestCaseExecutor.java:285)
	at com.kms.katalon.core.common.CommonExecutor.accessTestCaseMainPhase(CommonExecutor.java:65)
	at com.kms.katalon.core.main.TestSuiteExecutor.accessTestSuiteMainPhase(TestSuiteExecutor.java:150)
	at com.kms.katalon.core.main.TestSuiteExecutor.execute(TestSuiteExecutor.java:106)
	at com.kms.katalon.core.main.TestCaseMain.startTestSuite(TestCaseMain.java:180)
	at TempTestSuite1731886967590.run(TempTestSuite1731886967590.groovy:35)
	at java.base/jdk.internal.reflect.NativeMethodAccessorImpl.invoke0(Native Method)
	at java.base/jdk.internal.reflect.NativeMethodAccessorImpl.invoke(NativeMethodAccessorImpl.java:77)
	at java.base/jdk.internal.reflect.DelegatingMethodAccessorImpl.invoke(DelegatingMethodAccessorImpl.java:43)
)

18-11-2024T02:54:10 - [TEST_STEP][PASSED] - result = WriteToExcel(typeOfData, todaysDate, PercPlanR, PercPlanB, PercFactR, PercFactB, x, tabR, tabB, o1R, o1B, vidget): null

18-11-2024T02:54:10 - [TEST_STEP][PASSED] - iii = dZO.indexOf("/"): null

18-11-2024T02:54:10 - [TEST_STEP][PASSED] - println(iii): null

18-11-2024T02:54:10 - [TEST_STEP][PASSED] - dZO = dZO.substring(0, iii): null

18-11-2024T02:54:10 - [TEST_STEP][PASSED] - println(dZO): null

18-11-2024T02:54:10 - [TEST_STEP][PASSED] - println(PercPlanR): null

18-11-2024T02:54:10 - [TEST_STEP][PASSED] - println(PercPlanB): null

18-11-2024T02:54:10 - [TEST_STEP][PASSED] - println(PercFactR): null

18-11-2024T02:54:10 - [TEST_STEP][PASSED] - println(PercFactB): null

18-11-2024T02:54:10 - [TEST_STEP][PASSED] - println(tabR): null

18-11-2024T02:54:10 - [TEST_STEP][PASSED] - println(tabB): null

18-11-2024T02:54:10 - [TEST_STEP][PASSED] - println(o1R): null

18-11-2024T02:54:10 - [TEST_STEP][PASSED] - println(o1B): null

18-11-2024T02:54:10 - [TEST_STEP][PASSED] - PR = <not implemented yet for class: org.codehaus.groovy.ast.expr.EmptyExpression>: null

18-11-2024T02:54:10 - [TEST_STEP][PASSED] - FR = <not implemented yet for class: org.codehaus.groovy.ast.expr.EmptyExpression>: null

18-11-2024T02:54:10 - [TEST_STEP][PASSED] - PB = <not implemented yet for class: org.codehaus.groovy.ast.expr.EmptyExpression>: null

18-11-2024T02:54:10 - [TEST_STEP][PASSED] - FB = <not implemented yet for class: org.codehaus.groovy.ast.expr.EmptyExpression>: null

18-11-2024T02:54:10 - [TEST_STEP][PASSED] - TR = <not implemented yet for class: org.codehaus.groovy.ast.expr.EmptyExpression>: null

18-11-2024T02:54:10 - [TEST_STEP][PASSED] - TB = <not implemented yet for class: org.codehaus.groovy.ast.expr.EmptyExpression>: null

18-11-2024T02:54:10 - [TEST_STEP][PASSED] - sheetName = "Sheet1": null

18-11-2024T02:54:10 - [TEST_STEP][PASSED] - data = findTestData("PlanFact"): null

18-11-2024T02:54:10 - [TEST_STEP][PASSED] - n = data.getRowNumbers() + 1: null

18-11-2024T02:54:10 - [TEST_STEP][PASSED] - year = todaysDate.substring(todaysDate.length() - 4, todaysDate.length()): null

18-11-2024T02:54:10 - [TEST_STEP][PASSED] - y = year.toInteger(): null

18-11-2024T02:54:10 - [TEST_STEP][PASSED] - m = getText(findTestObject("Выполнение бизнес-плана/Выполнение бизнес-плана Балансы/Фильтр Дата")): Text of object 'Object Repository/Выполнение бизнес-плана/Выполнение бизнес-плана Балансы/Фильтр Дата' is: '1, 2, 3 кв. 2024 года'

18-11-2024T02:54:10 - [MESSAGE][PASSED] - Text of object 'Object Repository/Выполнение бизнес-плана/Выполнение бизнес-плана Балансы/Фильтр Дата' is: '1, 2, 3 кв. 2024 года'

18-11-2024T02:54:10 - [TEST_STEP][PASSED] - m = m.substring(0, m.indexOf("2024")): null

18-11-2024T02:54:10 - [TEST_STEP][PASSED] - m = m.trim(): null

18-11-2024T02:54:10 - [TEST_STEP][PASSED] - dashboardName = "Выполнение бизнес-плана": null

18-11-2024T02:54:10 - [TEST_STEP][PASSED] - workbook01 = getWorkbook(excelFilePath): null

18-11-2024T02:54:10 - [TEST_STEP][PASSED] - sheet01 = getExcelSheet(workbook01, sheetName): null

18-11-2024T02:54:10 - [TEST_STEP][PASSED] - setValueToCellByIndex(sheet01, n, 0, dashboardName): null

18-11-2024T02:54:10 - [TEST_STEP][PASSED] - setValueToCellByIndex(sheet01, n, 1, dZO): null

18-11-2024T02:54:10 - [TEST_STEP][PASSED] - setValueToCellByIndex(sheet01, n, 2, typeOfData): null

18-11-2024T02:54:10 - [TEST_STEP][PASSED] - setValueToCellByIndex(sheet01, n, 3, typeOfData): null

18-11-2024T02:54:10 - [TEST_STEP][PASSED] - if (typeOfData == "План"): null

18-11-2024T02:54:10 - [TEST_STEP][PASSED] - else if (typeOfData == "Факт"): null

18-11-2024T02:54:10 - [TEST_STEP][PASSED] - if (PercFactR == null): null

18-11-2024T02:54:10 - [TEST_STEP][PASSED] - else: null

18-11-2024T02:54:10 - [TEST_STEP][PASSED] - if (PercFactR == "нет данных"): null

18-11-2024T02:54:10 - [TEST_STEP][PASSED] - setValueToCellByIndex(sheet01, n, 4, "нет данных"): null

18-11-2024T02:54:10 - [TEST_STEP][PASSED] - if (PercFactB == null): null

18-11-2024T02:54:10 - [TEST_STEP][PASSED] - else: null

18-11-2024T02:54:10 - [TEST_STEP][PASSED] - if (PercFactB == "нет данных"): null

18-11-2024T02:54:10 - [TEST_STEP][PASSED] - else: null

18-11-2024T02:54:10 - [TEST_STEP][PASSED] - FB = PercFactB.toDouble(): null

18-11-2024T02:54:10 - [TEST_STEP][PASSED] - setValueToCellByIndex(sheet01, n, 5, FB): null

18-11-2024T02:54:10 - [TEST_STEP][PASSED] - setValueToCellByIndex(sheet01, n, 6, m): null

18-11-2024T02:54:10 - [TEST_STEP][PASSED] - setValueToCellByIndex(sheet01, n, 7, y): null

18-11-2024T02:54:10 - [TEST_STEP][PASSED] - setValueToCellByIndex(sheet01, n, 8, todaysDate): null

18-11-2024T02:54:10 - [TEST_STEP][PASSED] - n = n + 1: null

18-11-2024T02:54:10 - [TEST_STEP][PASSED] - saveWorkbook(excelFilePath, workbook01): null

18-11-2024T02:54:10 - [TEST_STEP][PASSED] - vidget = "Показатели баланса электроэнергии по ДЗО – Факт": null

18-11-2024T02:54:10 - [TEST_STEP][PASSED] - typeOfData = "Факт Отпуск в сеть": null

18-11-2024T02:54:10 - [TEST_STEP][PASSED] - tabR = GetOvSFactR(x = a): null

18-11-2024T02:54:10 - [TEST_STEP][PASSED] - i1 = <not implemented yet for class: org.codehaus.groovy.ast.expr.EmptyExpression>: null

18-11-2024T02:54:10 - [TEST_STEP][PASSED] - ii = <not implemented yet for class: org.codehaus.groovy.ast.expr.EmptyExpression>: null

18-11-2024T02:54:10 - [TEST_STEP][PASSED] - for ([ii = 1, ii < 4, (ii++)]): null

18-11-2024T02:54:10 - [TEST_STEP][PASSED] - i1 = x.indexOf("/") + 1: null

18-11-2024T02:54:10 - [TEST_STEP][PASSED] - if (i1 > -1): null

18-11-2024T02:54:10 - [TEST_STEP][PASSED] - x = x.substring(i1, x.length()): null

18-11-2024T02:54:10 - [TEST_STEP][PASSED] - println(x): null

18-11-2024T02:54:10 - [TEST_STEP][PASSED] - i1 = x.indexOf("/") + 1: null

18-11-2024T02:54:10 - [TEST_STEP][PASSED] - if (i1 > -1): null

18-11-2024T02:54:10 - [TEST_STEP][PASSED] - x = x.substring(i1, x.length()): null

18-11-2024T02:54:10 - [TEST_STEP][PASSED] - println(x): null

18-11-2024T02:54:10 - [TEST_STEP][PASSED] - i1 = x.indexOf("/") + 1: null

18-11-2024T02:54:10 - [TEST_STEP][PASSED] - if (i1 > -1): null

18-11-2024T02:54:10 - [TEST_STEP][PASSED] - x = x.substring(i1, x.length()): null

18-11-2024T02:54:10 - [TEST_STEP][PASSED] - println(x): null

18-11-2024T02:54:10 - [TEST_STEP][PASSED] - i1 = x.indexOf("/"): null

18-11-2024T02:54:10 - [TEST_STEP][PASSED] - if (i1 > -1): null

18-11-2024T02:54:10 - [TEST_STEP][PASSED] - x = x.substring(0, i1): null

18-11-2024T02:54:10 - [TEST_STEP][PASSED] - println(x): null

18-11-2024T02:54:10 - [TEST_STEP][PASSED] - return x: null

18-11-2024T02:54:10 - [TEST_STEP][PASSED] - tabB = GetOvSFactB(x = b): null

18-11-2024T02:54:10 - [TEST_STEP][PASSED] - i1 = <not implemented yet for class: org.codehaus.groovy.ast.expr.EmptyExpression>: null

18-11-2024T02:54:10 - [TEST_STEP][PASSED] - ii = <not implemented yet for class: org.codehaus.groovy.ast.expr.EmptyExpression>: null

18-11-2024T02:54:10 - [TEST_STEP][PASSED] - for ([ii = 1, ii < 4, (ii++)]): null

18-11-2024T02:54:10 - [TEST_STEP][PASSED] - i1 = x.indexOf("/") + 1: null

18-11-2024T02:54:10 - [TEST_STEP][PASSED] - if (i1 > -1): null

18-11-2024T02:54:10 - [TEST_STEP][PASSED] - x = x.substring(i1, x.length()): null

18-11-2024T02:54:10 - [TEST_STEP][PASSED] - println(x): null

18-11-2024T02:54:10 - [TEST_STEP][PASSED] - i1 = x.indexOf("/") + 1: null

18-11-2024T02:54:10 - [TEST_STEP][PASSED] - if (i1 > -1): null

18-11-2024T02:54:10 - [TEST_STEP][PASSED] - x = x.substring(i1, x.length()): null

18-11-2024T02:54:10 - [TEST_STEP][PASSED] - println(x): null

18-11-2024T02:54:10 - [TEST_STEP][PASSED] - i1 = x.indexOf("/") + 1: null

18-11-2024T02:54:10 - [TEST_STEP][PASSED] - if (i1 > -1): null

18-11-2024T02:54:10 - [TEST_STEP][PASSED] - x = x.substring(i1, x.length()): null

18-11-2024T02:54:10 - [TEST_STEP][PASSED] - println(x): null

18-11-2024T02:54:10 - [TEST_STEP][PASSED] - i1 = x.indexOf("/"): null

18-11-2024T02:54:10 - [TEST_STEP][PASSED] - if (i1 > -1): null

18-11-2024T02:54:10 - [TEST_STEP][PASSED] - x = x.substring(0, i1): null

18-11-2024T02:54:10 - [TEST_STEP][PASSED] - println(x): null

18-11-2024T02:54:10 - [TEST_STEP][FAILED] - return x: null

18-11-2024T02:54:10 - [TEST_STEP][FAILED] - if (verifyEqual(tabR, tabB) == false): null

18-11-2024T02:54:10 - [MESSAGE][FAILED] - Unable to verify equal between actual object 'нет данных' and expected object '3362855' (Root cause: com.kms.katalon.core.exception.StepFailedException: Actual object 'нет данных' and expected object '3362855' are not equal
	at com.kms.katalon.core.keyword.builtin.VerifyEqualKeyword$_verifyEqual_closure1.doCall(VerifyEqualKeyword.groovy:58)
	at com.kms.katalon.core.keyword.builtin.VerifyEqualKeyword$_verifyEqual_closure1.call(VerifyEqualKeyword.groovy)
	at com.kms.katalon.core.keyword.internal.KeywordMain.runKeyword(KeywordMain.groovy:75)
	at com.kms.katalon.core.keyword.builtin.VerifyEqualKeyword.verifyEqual(VerifyEqualKeyword.groovy:63)
	at com.kms.katalon.core.keyword.builtin.VerifyEqualKeyword.execute(VerifyEqualKeyword.groovy:44)
	at com.kms.katalon.core.keyword.internal.KeywordExecutor.executeKeywordForPlatform(KeywordExecutor.groovy:74)
	at com.kms.katalon.core.keyword.BuiltinKeywords.verifyEqual(BuiltinKeywords.groovy:146)
	at jdk.internal.reflect.GeneratedMethodAccessor25.invoke(Unknown Source)
	at java.base/jdk.internal.reflect.DelegatingMethodAccessorImpl.invoke(DelegatingMethodAccessorImpl.java:43)
	at Выполнение бизнес-плана сверка дашбордов.CompareDZOData(Выполнение бизнес-плана сверка дашбордов:706)
	at Выполнение бизнес-плана сверка дашбордов.run(Выполнение бизнес-плана сверка дашбордов:663)
	at com.kms.katalon.core.main.ScriptEngine.run(ScriptEngine.java:194)
	at com.kms.katalon.core.main.ScriptEngine.runScriptAsRawText(ScriptEngine.java:119)
	at com.kms.katalon.core.main.TestCaseExecutor.runScript(TestCaseExecutor.java:448)
	at com.kms.katalon.core.main.TestCaseExecutor.doExecute(TestCaseExecutor.java:439)
	at com.kms.katalon.core.main.TestCaseExecutor.processExecutionPhase(TestCaseExecutor.java:418)
	at com.kms.katalon.core.main.TestCaseExecutor.accessMainPhase(TestCaseExecutor.java:410)
	at com.kms.katalon.core.main.TestCaseExecutor.execute(TestCaseExecutor.java:285)
	at com.kms.katalon.core.common.CommonExecutor.accessTestCaseMainPhase(CommonExecutor.java:65)
	at com.kms.katalon.core.main.TestSuiteExecutor.accessTestSuiteMainPhase(TestSuiteExecutor.java:150)
	at com.kms.katalon.core.main.TestSuiteExecutor.execute(TestSuiteExecutor.java:106)
	at com.kms.katalon.core.main.TestCaseMain.startTestSuite(TestCaseMain.java:180)
	at TempTestSuite1731886967590.run(TempTestSuite1731886967590.groovy:35)
	at java.base/jdk.internal.reflect.NativeMethodAccessorImpl.invoke0(Native Method)
	at java.base/jdk.internal.reflect.NativeMethodAccessorImpl.invoke(NativeMethodAccessorImpl.java:77)
	at java.base/jdk.internal.reflect.DelegatingMethodAccessorImpl.invoke(DelegatingMethodAccessorImpl.java:43)
)

18-11-2024T02:54:10 - [TEST_STEP][PASSED] - result = WriteToExcel(typeOfData, todaysDate, PercPlanR, PercPlanB, PercFactR, PercFactB, x, tabR, tabB, o1R, o1B, vidget): null

18-11-2024T02:54:10 - [TEST_STEP][PASSED] - iii = dZO.indexOf("/"): null

18-11-2024T02:54:10 - [TEST_STEP][PASSED] - println(iii): null

18-11-2024T02:54:10 - [TEST_STEP][PASSED] - dZO = dZO.substring(0, iii): null

18-11-2024T02:54:10 - [TEST_STEP][PASSED] - println(dZO): null

18-11-2024T02:54:10 - [TEST_STEP][PASSED] - println(PercPlanR): null

18-11-2024T02:54:10 - [TEST_STEP][PASSED] - println(PercPlanB): null

18-11-2024T02:54:10 - [TEST_STEP][PASSED] - println(PercFactR): null

18-11-2024T02:54:10 - [TEST_STEP][PASSED] - println(PercFactB): null

18-11-2024T02:54:10 - [TEST_STEP][PASSED] - println(tabR): null

18-11-2024T02:54:10 - [TEST_STEP][PASSED] - println(tabB): null

18-11-2024T02:54:10 - [TEST_STEP][PASSED] - println(o1R): null

18-11-2024T02:54:10 - [TEST_STEP][PASSED] - println(o1B): null

18-11-2024T02:54:10 - [TEST_STEP][PASSED] - PR = <not implemented yet for class: org.codehaus.groovy.ast.expr.EmptyExpression>: null

18-11-2024T02:54:10 - [TEST_STEP][PASSED] - FR = <not implemented yet for class: org.codehaus.groovy.ast.expr.EmptyExpression>: null

18-11-2024T02:54:10 - [TEST_STEP][PASSED] - PB = <not implemented yet for class: org.codehaus.groovy.ast.expr.EmptyExpression>: null

18-11-2024T02:54:10 - [TEST_STEP][PASSED] - FB = <not implemented yet for class: org.codehaus.groovy.ast.expr.EmptyExpression>: null

18-11-2024T02:54:10 - [TEST_STEP][PASSED] - TR = <not implemented yet for class: org.codehaus.groovy.ast.expr.EmptyExpression>: null

18-11-2024T02:54:10 - [TEST_STEP][PASSED] - TB = <not implemented yet for class: org.codehaus.groovy.ast.expr.EmptyExpression>: null

18-11-2024T02:54:10 - [TEST_STEP][PASSED] - sheetName = "Sheet1": null

18-11-2024T02:54:10 - [TEST_STEP][PASSED] - data = findTestData("PlanFact"): null

18-11-2024T02:54:11 - [TEST_STEP][PASSED] - n = data.getRowNumbers() + 1: null

18-11-2024T02:54:11 - [TEST_STEP][PASSED] - year = todaysDate.substring(todaysDate.length() - 4, todaysDate.length()): null

18-11-2024T02:54:11 - [TEST_STEP][PASSED] - y = year.toInteger(): null

18-11-2024T02:54:11 - [TEST_STEP][PASSED] - m = getText(findTestObject("Выполнение бизнес-плана/Выполнение бизнес-плана Балансы/Фильтр Дата")): Text of object 'Object Repository/Выполнение бизнес-плана/Выполнение бизнес-плана Балансы/Фильтр Дата' is: '1, 2, 3 кв. 2024 года'

18-11-2024T02:54:11 - [MESSAGE][PASSED] - Text of object 'Object Repository/Выполнение бизнес-плана/Выполнение бизнес-плана Балансы/Фильтр Дата' is: '1, 2, 3 кв. 2024 года'

18-11-2024T02:54:11 - [TEST_STEP][PASSED] - m = m.substring(0, m.indexOf("2024")): null

18-11-2024T02:54:11 - [TEST_STEP][PASSED] - m = m.trim(): null

18-11-2024T02:54:11 - [TEST_STEP][PASSED] - dashboardName = "Выполнение бизнес-плана": null

18-11-2024T02:54:11 - [TEST_STEP][PASSED] - workbook01 = getWorkbook(excelFilePath): null

18-11-2024T02:54:11 - [TEST_STEP][PASSED] - sheet01 = getExcelSheet(workbook01, sheetName): null

18-11-2024T02:54:11 - [TEST_STEP][PASSED] - setValueToCellByIndex(sheet01, n, 0, dashboardName): null

18-11-2024T02:54:11 - [TEST_STEP][PASSED] - setValueToCellByIndex(sheet01, n, 1, dZO): null

18-11-2024T02:54:11 - [TEST_STEP][PASSED] - setValueToCellByIndex(sheet01, n, 2, typeOfData): null

18-11-2024T02:54:11 - [TEST_STEP][PASSED] - setValueToCellByIndex(sheet01, n, 3, typeOfData): null

18-11-2024T02:54:11 - [TEST_STEP][PASSED] - if (typeOfData == "План"): null

18-11-2024T02:54:11 - [TEST_STEP][PASSED] - else if (typeOfData == "Факт"): null

18-11-2024T02:54:11 - [TEST_STEP][PASSED] - else if (vidget.contains("электроэнергии") == true): null

18-11-2024T02:54:11 - [TEST_STEP][PASSED] - if (tabR == null): null

18-11-2024T02:54:11 - [TEST_STEP][PASSED] - else: null

18-11-2024T02:54:11 - [TEST_STEP][PASSED] - if (tabR == "нет данных"): null

18-11-2024T02:54:11 - [TEST_STEP][PASSED] - setValueToCellByIndex(sheet01, n, 4, "нет данных"): null

18-11-2024T02:54:11 - [TEST_STEP][PASSED] - if (tabB == null): null

18-11-2024T02:54:11 - [TEST_STEP][PASSED] - else: null

18-11-2024T02:54:11 - [TEST_STEP][PASSED] - if (tabB == "нет данных"): null

18-11-2024T02:54:11 - [TEST_STEP][PASSED] - else: null

18-11-2024T02:54:11 - [TEST_STEP][PASSED] - TB = tabB.toInteger(): null

18-11-2024T02:54:11 - [TEST_STEP][PASSED] - setValueToCellByIndex(sheet01, n, 5, TB): null

18-11-2024T02:54:11 - [TEST_STEP][PASSED] - setValueToCellByIndex(sheet01, n, 6, m): null

18-11-2024T02:54:11 - [TEST_STEP][PASSED] - setValueToCellByIndex(sheet01, n, 7, y): null

18-11-2024T02:54:11 - [TEST_STEP][PASSED] - setValueToCellByIndex(sheet01, n, 8, todaysDate): null

18-11-2024T02:54:11 - [TEST_STEP][PASSED] - n = n + 1: null

18-11-2024T02:54:11 - [TEST_STEP][PASSED] - saveWorkbook(excelFilePath, workbook01): null

18-11-2024T02:54:11 - [TEST_STEP][PASSED] - typeOfData = "Факт Отпуск из сети": null

18-11-2024T02:54:11 - [TEST_STEP][PASSED] - tabR = GetOiSFactR(x = a): null

18-11-2024T02:54:11 - [TEST_STEP][PASSED] - i1 = <not implemented yet for class: org.codehaus.groovy.ast.expr.EmptyExpression>: null

18-11-2024T02:54:11 - [TEST_STEP][PASSED] - ii = <not implemented yet for class: org.codehaus.groovy.ast.expr.EmptyExpression>: null

18-11-2024T02:54:11 - [TEST_STEP][PASSED] - for ([ii = 1, ii < 5, (ii++)]): null

18-11-2024T02:54:11 - [TEST_STEP][PASSED] - i1 = x.indexOf("/") + 1: null

18-11-2024T02:54:11 - [TEST_STEP][PASSED] - if (i1 > -1): null

18-11-2024T02:54:11 - [TEST_STEP][PASSED] - x = x.substring(i1, x.length()): null

18-11-2024T02:54:11 - [TEST_STEP][PASSED] - println(x): null

18-11-2024T02:54:11 - [TEST_STEP][PASSED] - i1 = x.indexOf("/") + 1: null

18-11-2024T02:54:11 - [TEST_STEP][PASSED] - if (i1 > -1): null

18-11-2024T02:54:11 - [TEST_STEP][PASSED] - x = x.substring(i1, x.length()): null

18-11-2024T02:54:11 - [TEST_STEP][PASSED] - println(x): null

18-11-2024T02:54:11 - [TEST_STEP][PASSED] - i1 = x.indexOf("/") + 1: null

18-11-2024T02:54:11 - [TEST_STEP][PASSED] - if (i1 > -1): null

18-11-2024T02:54:11 - [TEST_STEP][PASSED] - x = x.substring(i1, x.length()): null

18-11-2024T02:54:11 - [TEST_STEP][PASSED] - println(x): null

18-11-2024T02:54:11 - [TEST_STEP][PASSED] - i1 = x.indexOf("/") + 1: null

18-11-2024T02:54:11 - [TEST_STEP][PASSED] - if (i1 > -1): null

18-11-2024T02:54:11 - [TEST_STEP][PASSED] - x = x.substring(i1, x.length()): null

18-11-2024T02:54:11 - [TEST_STEP][PASSED] - println(x): null

18-11-2024T02:54:11 - [TEST_STEP][PASSED] - i1 = x.indexOf("/"): null

18-11-2024T02:54:11 - [TEST_STEP][PASSED] - if (i1 > -1): null

18-11-2024T02:54:11 - [TEST_STEP][PASSED] - x = x.substring(0, i1): null

18-11-2024T02:54:11 - [TEST_STEP][PASSED] - println(x): null

18-11-2024T02:54:11 - [TEST_STEP][PASSED] - return x: null

18-11-2024T02:54:11 - [TEST_STEP][PASSED] - tabB = GetOiSFactB(x = b): null

18-11-2024T02:54:11 - [TEST_STEP][PASSED] - i1 = <not implemented yet for class: org.codehaus.groovy.ast.expr.EmptyExpression>: null

18-11-2024T02:54:11 - [TEST_STEP][PASSED] - ii = <not implemented yet for class: org.codehaus.groovy.ast.expr.EmptyExpression>: null

18-11-2024T02:54:11 - [TEST_STEP][PASSED] - for ([ii = 1, ii < 5, (ii++)]): null

18-11-2024T02:54:11 - [TEST_STEP][PASSED] - i1 = x.indexOf("/") + 1: null

18-11-2024T02:54:11 - [TEST_STEP][PASSED] - if (i1 > -1): null

18-11-2024T02:54:11 - [TEST_STEP][PASSED] - x = x.substring(i1, x.length()): null

18-11-2024T02:54:11 - [TEST_STEP][PASSED] - println(x): null

18-11-2024T02:54:11 - [TEST_STEP][PASSED] - i1 = x.indexOf("/") + 1: null

18-11-2024T02:54:11 - [TEST_STEP][PASSED] - if (i1 > -1): null

18-11-2024T02:54:11 - [TEST_STEP][PASSED] - x = x.substring(i1, x.length()): null

18-11-2024T02:54:11 - [TEST_STEP][PASSED] - println(x): null

18-11-2024T02:54:11 - [TEST_STEP][PASSED] - i1 = x.indexOf("/") + 1: null

18-11-2024T02:54:11 - [TEST_STEP][PASSED] - if (i1 > -1): null

18-11-2024T02:54:11 - [TEST_STEP][PASSED] - x = x.substring(i1, x.length()): null

18-11-2024T02:54:11 - [TEST_STEP][PASSED] - println(x): null

18-11-2024T02:54:11 - [TEST_STEP][PASSED] - i1 = x.indexOf("/") + 1: null

18-11-2024T02:54:11 - [TEST_STEP][PASSED] - if (i1 > -1): null

18-11-2024T02:54:11 - [TEST_STEP][PASSED] - x = x.substring(i1, x.length()): null

18-11-2024T02:54:11 - [TEST_STEP][PASSED] - println(x): null

18-11-2024T02:54:11 - [TEST_STEP][PASSED] - i1 = x.indexOf("/"): null

18-11-2024T02:54:11 - [TEST_STEP][PASSED] - if (i1 > -1): null

18-11-2024T02:54:11 - [TEST_STEP][PASSED] - x = x.substring(0, i1): null

18-11-2024T02:54:11 - [TEST_STEP][PASSED] - println(x): null

18-11-2024T02:54:11 - [TEST_STEP][FAILED] - return x: null

18-11-2024T02:54:11 - [TEST_STEP][FAILED] - if (verifyEqual(tabR, tabB) == false): null

18-11-2024T02:54:11 - [MESSAGE][FAILED] - Unable to verify equal between actual object 'нет данных' and expected object '3080808' (Root cause: com.kms.katalon.core.exception.StepFailedException: Actual object 'нет данных' and expected object '3080808' are not equal
	at com.kms.katalon.core.keyword.builtin.VerifyEqualKeyword$_verifyEqual_closure1.doCall(VerifyEqualKeyword.groovy:58)
	at com.kms.katalon.core.keyword.builtin.VerifyEqualKeyword$_verifyEqual_closure1.call(VerifyEqualKeyword.groovy)
	at com.kms.katalon.core.keyword.internal.KeywordMain.runKeyword(KeywordMain.groovy:75)
	at com.kms.katalon.core.keyword.builtin.VerifyEqualKeyword.verifyEqual(VerifyEqualKeyword.groovy:63)
	at com.kms.katalon.core.keyword.builtin.VerifyEqualKeyword.execute(VerifyEqualKeyword.groovy:44)
	at com.kms.katalon.core.keyword.internal.KeywordExecutor.executeKeywordForPlatform(KeywordExecutor.groovy:74)
	at com.kms.katalon.core.keyword.BuiltinKeywords.verifyEqual(BuiltinKeywords.groovy:146)
	at jdk.internal.reflect.GeneratedMethodAccessor25.invoke(Unknown Source)
	at java.base/jdk.internal.reflect.DelegatingMethodAccessorImpl.invoke(DelegatingMethodAccessorImpl.java:43)
	at Выполнение бизнес-плана сверка дашбордов.CompareDZOData(Выполнение бизнес-плана сверка дашбордов:717)
	at Выполнение бизнес-плана сверка дашбордов.run(Выполнение бизнес-плана сверка дашбордов:663)
	at com.kms.katalon.core.main.ScriptEngine.run(ScriptEngine.java:194)
	at com.kms.katalon.core.main.ScriptEngine.runScriptAsRawText(ScriptEngine.java:119)
	at com.kms.katalon.core.main.TestCaseExecutor.runScript(TestCaseExecutor.java:448)
	at com.kms.katalon.core.main.TestCaseExecutor.doExecute(TestCaseExecutor.java:439)
	at com.kms.katalon.core.main.TestCaseExecutor.processExecutionPhase(TestCaseExecutor.java:418)
	at com.kms.katalon.core.main.TestCaseExecutor.accessMainPhase(TestCaseExecutor.java:410)
	at com.kms.katalon.core.main.TestCaseExecutor.execute(TestCaseExecutor.java:285)
	at com.kms.katalon.core.common.CommonExecutor.accessTestCaseMainPhase(CommonExecutor.java:65)
	at com.kms.katalon.core.main.TestSuiteExecutor.accessTestSuiteMainPhase(TestSuiteExecutor.java:150)
	at com.kms.katalon.core.main.TestSuiteExecutor.execute(TestSuiteExecutor.java:106)
	at com.kms.katalon.core.main.TestCaseMain.startTestSuite(TestCaseMain.java:180)
	at TempTestSuite1731886967590.run(TempTestSuite1731886967590.groovy:35)
	at java.base/jdk.internal.reflect.NativeMethodAccessorImpl.invoke0(Native Method)
	at java.base/jdk.internal.reflect.NativeMethodAccessorImpl.invoke(NativeMethodAccessorImpl.java:77)
	at java.base/jdk.internal.reflect.DelegatingMethodAccessorImpl.invoke(DelegatingMethodAccessorImpl.java:43)
)

18-11-2024T02:54:11 - [TEST_STEP][PASSED] - result = WriteToExcel(typeOfData, todaysDate, PercPlanR, PercPlanB, PercFactR, PercFactB, x, tabR, tabB, o1R, o1B, vidget): null

18-11-2024T02:54:11 - [TEST_STEP][PASSED] - iii = dZO.indexOf("/"): null

18-11-2024T02:54:11 - [TEST_STEP][PASSED] - println(iii): null

18-11-2024T02:54:11 - [TEST_STEP][PASSED] - dZO = dZO.substring(0, iii): null

18-11-2024T02:54:11 - [TEST_STEP][PASSED] - println(dZO): null

18-11-2024T02:54:11 - [TEST_STEP][PASSED] - println(PercPlanR): null

18-11-2024T02:54:11 - [TEST_STEP][PASSED] - println(PercPlanB): null

18-11-2024T02:54:11 - [TEST_STEP][PASSED] - println(PercFactR): null

18-11-2024T02:54:11 - [TEST_STEP][PASSED] - println(PercFactB): null

18-11-2024T02:54:11 - [TEST_STEP][PASSED] - println(tabR): null

18-11-2024T02:54:11 - [TEST_STEP][PASSED] - println(tabB): null

18-11-2024T02:54:11 - [TEST_STEP][PASSED] - println(o1R): null

18-11-2024T02:54:11 - [TEST_STEP][PASSED] - println(o1B): null

18-11-2024T02:54:11 - [TEST_STEP][PASSED] - PR = <not implemented yet for class: org.codehaus.groovy.ast.expr.EmptyExpression>: null

18-11-2024T02:54:11 - [TEST_STEP][PASSED] - FR = <not implemented yet for class: org.codehaus.groovy.ast.expr.EmptyExpression>: null

18-11-2024T02:54:11 - [TEST_STEP][PASSED] - PB = <not implemented yet for class: org.codehaus.groovy.ast.expr.EmptyExpression>: null

18-11-2024T02:54:11 - [TEST_STEP][PASSED] - FB = <not implemented yet for class: org.codehaus.groovy.ast.expr.EmptyExpression>: null

18-11-2024T02:54:11 - [TEST_STEP][PASSED] - TR = <not implemented yet for class: org.codehaus.groovy.ast.expr.EmptyExpression>: null

18-11-2024T02:54:11 - [TEST_STEP][PASSED] - TB = <not implemented yet for class: org.codehaus.groovy.ast.expr.EmptyExpression>: null

18-11-2024T02:54:11 - [TEST_STEP][PASSED] - sheetName = "Sheet1": null

18-11-2024T02:54:11 - [TEST_STEP][PASSED] - data = findTestData("PlanFact"): null

18-11-2024T02:54:11 - [TEST_STEP][PASSED] - n = data.getRowNumbers() + 1: null

18-11-2024T02:54:11 - [TEST_STEP][PASSED] - year = todaysDate.substring(todaysDate.length() - 4, todaysDate.length()): null

18-11-2024T02:54:11 - [TEST_STEP][PASSED] - y = year.toInteger(): null

18-11-2024T02:54:11 - [TEST_STEP][PASSED] - m = getText(findTestObject("Выполнение бизнес-плана/Выполнение бизнес-плана Балансы/Фильтр Дата")): Text of object 'Object Repository/Выполнение бизнес-плана/Выполнение бизнес-плана Балансы/Фильтр Дата' is: '1, 2, 3 кв. 2024 года'

18-11-2024T02:54:11 - [MESSAGE][PASSED] - Text of object 'Object Repository/Выполнение бизнес-плана/Выполнение бизнес-плана Балансы/Фильтр Дата' is: '1, 2, 3 кв. 2024 года'

18-11-2024T02:54:11 - [TEST_STEP][PASSED] - m = m.substring(0, m.indexOf("2024")): null

18-11-2024T02:54:11 - [TEST_STEP][PASSED] - m = m.trim(): null

18-11-2024T02:54:11 - [TEST_STEP][PASSED] - dashboardName = "Выполнение бизнес-плана": null

18-11-2024T02:54:11 - [TEST_STEP][PASSED] - workbook01 = getWorkbook(excelFilePath): null

18-11-2024T02:54:11 - [TEST_STEP][PASSED] - sheet01 = getExcelSheet(workbook01, sheetName): null

18-11-2024T02:54:11 - [TEST_STEP][PASSED] - setValueToCellByIndex(sheet01, n, 0, dashboardName): null

18-11-2024T02:54:11 - [TEST_STEP][PASSED] - setValueToCellByIndex(sheet01, n, 1, dZO): null

18-11-2024T02:54:11 - [TEST_STEP][PASSED] - setValueToCellByIndex(sheet01, n, 2, typeOfData): null

18-11-2024T02:54:11 - [TEST_STEP][PASSED] - setValueToCellByIndex(sheet01, n, 3, typeOfData): null

18-11-2024T02:54:11 - [TEST_STEP][PASSED] - if (typeOfData == "План"): null

18-11-2024T02:54:11 - [TEST_STEP][PASSED] - else if (typeOfData == "Факт"): null

18-11-2024T02:54:11 - [TEST_STEP][PASSED] - else if (vidget.contains("электроэнергии") == true): null

18-11-2024T02:54:11 - [TEST_STEP][PASSED] - if (tabR == null): null

18-11-2024T02:54:11 - [TEST_STEP][PASSED] - else: null

18-11-2024T02:54:11 - [TEST_STEP][PASSED] - if (tabR == "нет данных"): null

18-11-2024T02:54:11 - [TEST_STEP][PASSED] - setValueToCellByIndex(sheet01, n, 4, "нет данных"): null

18-11-2024T02:54:11 - [TEST_STEP][PASSED] - if (tabB == null): null

18-11-2024T02:54:11 - [TEST_STEP][PASSED] - else: null

18-11-2024T02:54:11 - [TEST_STEP][PASSED] - if (tabB == "нет данных"): null

18-11-2024T02:54:11 - [TEST_STEP][PASSED] - else: null

18-11-2024T02:54:11 - [TEST_STEP][PASSED] - TB = tabB.toInteger(): null

18-11-2024T02:54:11 - [TEST_STEP][PASSED] - setValueToCellByIndex(sheet01, n, 5, TB): null

18-11-2024T02:54:11 - [TEST_STEP][PASSED] - setValueToCellByIndex(sheet01, n, 6, m): null

18-11-2024T02:54:11 - [TEST_STEP][PASSED] - setValueToCellByIndex(sheet01, n, 7, y): null

18-11-2024T02:54:11 - [TEST_STEP][PASSED] - setValueToCellByIndex(sheet01, n, 8, todaysDate): null

18-11-2024T02:54:11 - [TEST_STEP][PASSED] - n = n + 1: null

18-11-2024T02:54:11 - [TEST_STEP][PASSED] - saveWorkbook(excelFilePath, workbook01): null

18-11-2024T02:54:12 - [TEST_STEP][PASSED] - typeOfData = "Факт Потери": null

18-11-2024T02:54:12 - [TEST_STEP][PASSED] - tabR = GetPFactR(x = a): null

18-11-2024T02:54:12 - [TEST_STEP][PASSED] - i1 = <not implemented yet for class: org.codehaus.groovy.ast.expr.EmptyExpression>: null

18-11-2024T02:54:12 - [TEST_STEP][PASSED] - ii = <not implemented yet for class: org.codehaus.groovy.ast.expr.EmptyExpression>: null

18-11-2024T02:54:12 - [TEST_STEP][PASSED] - for ([ii = 1, ii < 6, (ii++)]): null

18-11-2024T02:54:12 - [TEST_STEP][PASSED] - i1 = x.indexOf("/") + 1: null

18-11-2024T02:54:12 - [TEST_STEP][PASSED] - if (i1 > -1): null

18-11-2024T02:54:12 - [TEST_STEP][PASSED] - x = x.substring(i1, x.length()): null

18-11-2024T02:54:12 - [TEST_STEP][PASSED] - println(x): null

18-11-2024T02:54:12 - [TEST_STEP][PASSED] - i1 = x.indexOf("/") + 1: null

18-11-2024T02:54:12 - [TEST_STEP][PASSED] - if (i1 > -1): null

18-11-2024T02:54:12 - [TEST_STEP][PASSED] - x = x.substring(i1, x.length()): null

18-11-2024T02:54:12 - [TEST_STEP][PASSED] - println(x): null

18-11-2024T02:54:12 - [TEST_STEP][PASSED] - i1 = x.indexOf("/") + 1: null

18-11-2024T02:54:12 - [TEST_STEP][PASSED] - if (i1 > -1): null

18-11-2024T02:54:12 - [TEST_STEP][PASSED] - x = x.substring(i1, x.length()): null

18-11-2024T02:54:12 - [TEST_STEP][PASSED] - println(x): null

18-11-2024T02:54:12 - [TEST_STEP][PASSED] - i1 = x.indexOf("/") + 1: null

18-11-2024T02:54:12 - [TEST_STEP][PASSED] - if (i1 > -1): null

18-11-2024T02:54:12 - [TEST_STEP][PASSED] - x = x.substring(i1, x.length()): null

18-11-2024T02:54:12 - [TEST_STEP][PASSED] - println(x): null

18-11-2024T02:54:12 - [TEST_STEP][PASSED] - i1 = x.indexOf("/") + 1: null

18-11-2024T02:54:12 - [TEST_STEP][PASSED] - if (i1 > -1): null

18-11-2024T02:54:12 - [TEST_STEP][PASSED] - x = x.substring(i1, x.length()): null

18-11-2024T02:54:12 - [TEST_STEP][PASSED] - println(x): null

18-11-2024T02:54:12 - [TEST_STEP][PASSED] - i1 = x.indexOf("/"): null

18-11-2024T02:54:12 - [TEST_STEP][PASSED] - if (i1 > -1): null

18-11-2024T02:54:12 - [TEST_STEP][PASSED] - x = x.substring(0, i1): null

18-11-2024T02:54:12 - [TEST_STEP][PASSED] - println(x): null

18-11-2024T02:54:12 - [TEST_STEP][PASSED] - return x: null

18-11-2024T02:54:12 - [TEST_STEP][PASSED] - tabB = GetPFactB(x = b): null

18-11-2024T02:54:12 - [TEST_STEP][PASSED] - i1 = <not implemented yet for class: org.codehaus.groovy.ast.expr.EmptyExpression>: null

18-11-2024T02:54:12 - [TEST_STEP][PASSED] - ii = <not implemented yet for class: org.codehaus.groovy.ast.expr.EmptyExpression>: null

18-11-2024T02:54:12 - [TEST_STEP][PASSED] - for ([ii = 1, ii < 6, (ii++)]): null

18-11-2024T02:54:12 - [TEST_STEP][PASSED] - i1 = x.indexOf("/") + 1: null

18-11-2024T02:54:12 - [TEST_STEP][PASSED] - if (i1 > -1): null

18-11-2024T02:54:12 - [TEST_STEP][PASSED] - x = x.substring(i1, x.length()): null

18-11-2024T02:54:12 - [TEST_STEP][PASSED] - println(x): null

18-11-2024T02:54:12 - [TEST_STEP][PASSED] - i1 = x.indexOf("/") + 1: null

18-11-2024T02:54:12 - [TEST_STEP][PASSED] - if (i1 > -1): null

18-11-2024T02:54:12 - [TEST_STEP][PASSED] - x = x.substring(i1, x.length()): null

18-11-2024T02:54:12 - [TEST_STEP][PASSED] - println(x): null

18-11-2024T02:54:12 - [TEST_STEP][PASSED] - i1 = x.indexOf("/") + 1: null

18-11-2024T02:54:12 - [TEST_STEP][PASSED] - if (i1 > -1): null

18-11-2024T02:54:12 - [TEST_STEP][PASSED] - x = x.substring(i1, x.length()): null

18-11-2024T02:54:12 - [TEST_STEP][PASSED] - println(x): null

18-11-2024T02:54:12 - [TEST_STEP][PASSED] - i1 = x.indexOf("/") + 1: null

18-11-2024T02:54:12 - [TEST_STEP][PASSED] - if (i1 > -1): null

18-11-2024T02:54:12 - [TEST_STEP][PASSED] - x = x.substring(i1, x.length()): null

18-11-2024T02:54:12 - [TEST_STEP][PASSED] - println(x): null

18-11-2024T02:54:12 - [TEST_STEP][PASSED] - i1 = x.indexOf("/") + 1: null

18-11-2024T02:54:12 - [TEST_STEP][PASSED] - if (i1 > -1): null

18-11-2024T02:54:12 - [TEST_STEP][PASSED] - x = x.substring(i1, x.length()): null

18-11-2024T02:54:12 - [TEST_STEP][PASSED] - println(x): null

18-11-2024T02:54:12 - [TEST_STEP][PASSED] - i1 = x.indexOf("/"): null

18-11-2024T02:54:12 - [TEST_STEP][PASSED] - if (i1 > -1): null

18-11-2024T02:54:12 - [TEST_STEP][PASSED] - x = x.substring(0, i1): null

18-11-2024T02:54:12 - [TEST_STEP][PASSED] - println(x): null

18-11-2024T02:54:12 - [TEST_STEP][FAILED] - return x: null

18-11-2024T02:54:12 - [TEST_STEP][PASSED] - println(tabR + "/" + tabB): null

18-11-2024T02:54:12 - [TEST_STEP][FAILED] - if (verifyEqual(tabR, tabB) == false): null

18-11-2024T02:54:12 - [MESSAGE][FAILED] - Unable to verify equal between actual object 'нет данных' and expected object '282047' (Root cause: com.kms.katalon.core.exception.StepFailedException: Actual object 'нет данных' and expected object '282047' are not equal
	at com.kms.katalon.core.keyword.builtin.VerifyEqualKeyword$_verifyEqual_closure1.doCall(VerifyEqualKeyword.groovy:58)
	at com.kms.katalon.core.keyword.builtin.VerifyEqualKeyword$_verifyEqual_closure1.call(VerifyEqualKeyword.groovy)
	at com.kms.katalon.core.keyword.internal.KeywordMain.runKeyword(KeywordMain.groovy:75)
	at com.kms.katalon.core.keyword.builtin.VerifyEqualKeyword.verifyEqual(VerifyEqualKeyword.groovy:63)
	at com.kms.katalon.core.keyword.builtin.VerifyEqualKeyword.execute(VerifyEqualKeyword.groovy:44)
	at com.kms.katalon.core.keyword.internal.KeywordExecutor.executeKeywordForPlatform(KeywordExecutor.groovy:74)
	at com.kms.katalon.core.keyword.BuiltinKeywords.verifyEqual(BuiltinKeywords.groovy:146)
	at jdk.internal.reflect.GeneratedMethodAccessor25.invoke(Unknown Source)
	at java.base/jdk.internal.reflect.DelegatingMethodAccessorImpl.invoke(DelegatingMethodAccessorImpl.java:43)
	at Выполнение бизнес-плана сверка дашбордов.CompareDZOData(Выполнение бизнес-плана сверка дашбордов:730)
	at Выполнение бизнес-плана сверка дашбордов.run(Выполнение бизнес-плана сверка дашбордов:663)
	at com.kms.katalon.core.main.ScriptEngine.run(ScriptEngine.java:194)
	at com.kms.katalon.core.main.ScriptEngine.runScriptAsRawText(ScriptEngine.java:119)
	at com.kms.katalon.core.main.TestCaseExecutor.runScript(TestCaseExecutor.java:448)
	at com.kms.katalon.core.main.TestCaseExecutor.doExecute(TestCaseExecutor.java:439)
	at com.kms.katalon.core.main.TestCaseExecutor.processExecutionPhase(TestCaseExecutor.java:418)
	at com.kms.katalon.core.main.TestCaseExecutor.accessMainPhase(TestCaseExecutor.java:410)
	at com.kms.katalon.core.main.TestCaseExecutor.execute(TestCaseExecutor.java:285)
	at com.kms.katalon.core.common.CommonExecutor.accessTestCaseMainPhase(CommonExecutor.java:65)
	at com.kms.katalon.core.main.TestSuiteExecutor.accessTestSuiteMainPhase(TestSuiteExecutor.java:150)
	at com.kms.katalon.core.main.TestSuiteExecutor.execute(TestSuiteExecutor.java:106)
	at com.kms.katalon.core.main.TestCaseMain.startTestSuite(TestCaseMain.java:180)
	at TempTestSuite1731886967590.run(TempTestSuite1731886967590.groovy:35)
	at java.base/jdk.internal.reflect.NativeMethodAccessorImpl.invoke0(Native Method)
	at java.base/jdk.internal.reflect.NativeMethodAccessorImpl.invoke(NativeMethodAccessorImpl.java:77)
	at java.base/jdk.internal.reflect.DelegatingMethodAccessorImpl.invoke(DelegatingMethodAccessorImpl.java:43)
)

18-11-2024T02:54:12 - [TEST_STEP][PASSED] - result = WriteToExcel(typeOfData, todaysDate, PercPlanR, PercPlanB, PercFactR, PercFactB, x, tabR, tabB, o1R, o1B, vidget): null

18-11-2024T02:54:12 - [TEST_STEP][PASSED] - iii = dZO.indexOf("/"): null

18-11-2024T02:54:12 - [TEST_STEP][PASSED] - println(iii): null

18-11-2024T02:54:12 - [TEST_STEP][PASSED] - dZO = dZO.substring(0, iii): null

18-11-2024T02:54:12 - [TEST_STEP][PASSED] - println(dZO): null

18-11-2024T02:54:12 - [TEST_STEP][PASSED] - println(PercPlanR): null

18-11-2024T02:54:12 - [TEST_STEP][PASSED] - println(PercPlanB): null

18-11-2024T02:54:12 - [TEST_STEP][PASSED] - println(PercFactR): null

18-11-2024T02:54:12 - [TEST_STEP][PASSED] - println(PercFactB): null

18-11-2024T02:54:12 - [TEST_STEP][PASSED] - println(tabR): null

18-11-2024T02:54:12 - [TEST_STEP][PASSED] - println(tabB): null

18-11-2024T02:54:12 - [TEST_STEP][PASSED] - println(o1R): null

18-11-2024T02:54:12 - [TEST_STEP][PASSED] - println(o1B): null

18-11-2024T02:54:12 - [TEST_STEP][PASSED] - PR = <not implemented yet for class: org.codehaus.groovy.ast.expr.EmptyExpression>: null

18-11-2024T02:54:12 - [TEST_STEP][PASSED] - FR = <not implemented yet for class: org.codehaus.groovy.ast.expr.EmptyExpression>: null

18-11-2024T02:54:12 - [TEST_STEP][PASSED] - PB = <not implemented yet for class: org.codehaus.groovy.ast.expr.EmptyExpression>: null

18-11-2024T02:54:12 - [TEST_STEP][PASSED] - FB = <not implemented yet for class: org.codehaus.groovy.ast.expr.EmptyExpression>: null

18-11-2024T02:54:12 - [TEST_STEP][PASSED] - TR = <not implemented yet for class: org.codehaus.groovy.ast.expr.EmptyExpression>: null

18-11-2024T02:54:12 - [TEST_STEP][PASSED] - TB = <not implemented yet for class: org.codehaus.groovy.ast.expr.EmptyExpression>: null

18-11-2024T02:54:12 - [TEST_STEP][PASSED] - sheetName = "Sheet1": null

18-11-2024T02:54:12 - [TEST_STEP][PASSED] - data = findTestData("PlanFact"): null

18-11-2024T02:54:12 - [TEST_STEP][PASSED] - n = data.getRowNumbers() + 1: null

18-11-2024T02:54:12 - [TEST_STEP][PASSED] - year = todaysDate.substring(todaysDate.length() - 4, todaysDate.length()): null

18-11-2024T02:54:12 - [TEST_STEP][PASSED] - y = year.toInteger(): null

18-11-2024T02:54:12 - [TEST_STEP][PASSED] - m = getText(findTestObject("Выполнение бизнес-плана/Выполнение бизнес-плана Балансы/Фильтр Дата")): Text of object 'Object Repository/Выполнение бизнес-плана/Выполнение бизнес-плана Балансы/Фильтр Дата' is: '1, 2, 3 кв. 2024 года'

18-11-2024T02:54:12 - [MESSAGE][PASSED] - Text of object 'Object Repository/Выполнение бизнес-плана/Выполнение бизнес-плана Балансы/Фильтр Дата' is: '1, 2, 3 кв. 2024 года'

18-11-2024T02:54:12 - [TEST_STEP][PASSED] - m = m.substring(0, m.indexOf("2024")): null

18-11-2024T02:54:12 - [TEST_STEP][PASSED] - m = m.trim(): null

18-11-2024T02:54:12 - [TEST_STEP][PASSED] - dashboardName = "Выполнение бизнес-плана": null

18-11-2024T02:54:12 - [TEST_STEP][PASSED] - workbook01 = getWorkbook(excelFilePath): null

18-11-2024T02:54:12 - [TEST_STEP][PASSED] - sheet01 = getExcelSheet(workbook01, sheetName): null

18-11-2024T02:54:12 - [TEST_STEP][PASSED] - setValueToCellByIndex(sheet01, n, 0, dashboardName): null

18-11-2024T02:54:12 - [TEST_STEP][PASSED] - setValueToCellByIndex(sheet01, n, 1, dZO): null

18-11-2024T02:54:12 - [TEST_STEP][PASSED] - setValueToCellByIndex(sheet01, n, 2, typeOfData): null

18-11-2024T02:54:12 - [TEST_STEP][PASSED] - setValueToCellByIndex(sheet01, n, 3, typeOfData): null

18-11-2024T02:54:12 - [TEST_STEP][PASSED] - if (typeOfData == "План"): null

18-11-2024T02:54:12 - [TEST_STEP][PASSED] - else if (typeOfData == "Факт"): null

18-11-2024T02:54:12 - [TEST_STEP][PASSED] - else if (vidget.contains("электроэнергии") == true): null

18-11-2024T02:54:12 - [TEST_STEP][PASSED] - if (tabR == null): null

18-11-2024T02:54:12 - [TEST_STEP][PASSED] - else: null

18-11-2024T02:54:12 - [TEST_STEP][PASSED] - if (tabR == "нет данных"): null

18-11-2024T02:54:12 - [TEST_STEP][PASSED] - setValueToCellByIndex(sheet01, n, 4, "нет данных"): null

18-11-2024T02:54:12 - [TEST_STEP][PASSED] - if (tabB == null): null

18-11-2024T02:54:12 - [TEST_STEP][PASSED] - else: null

18-11-2024T02:54:12 - [TEST_STEP][PASSED] - if (tabB == "нет данных"): null

18-11-2024T02:54:12 - [TEST_STEP][PASSED] - else: null

18-11-2024T02:54:12 - [TEST_STEP][PASSED] - TB = tabB.toInteger(): null

18-11-2024T02:54:12 - [TEST_STEP][PASSED] - setValueToCellByIndex(sheet01, n, 5, TB): null

18-11-2024T02:54:12 - [TEST_STEP][PASSED] - setValueToCellByIndex(sheet01, n, 6, m): null

18-11-2024T02:54:12 - [TEST_STEP][PASSED] - setValueToCellByIndex(sheet01, n, 7, y): null

18-11-2024T02:54:12 - [TEST_STEP][PASSED] - setValueToCellByIndex(sheet01, n, 8, todaysDate): null

18-11-2024T02:54:12 - [TEST_STEP][PASSED] - n = n + 1: null

18-11-2024T02:54:12 - [TEST_STEP][PASSED] - saveWorkbook(excelFilePath, workbook01): null

18-11-2024T02:54:12 - [TEST_STEP][PASSED] - vidget = "Показатели баланса электроэнергии по ДЗО – План": null

18-11-2024T02:54:12 - [TEST_STEP][PASSED] - typeOfData = "План Отпуск в сеть": null

18-11-2024T02:54:12 - [TEST_STEP][PASSED] - tabR = GetOvSPlanR(x = a): null

18-11-2024T02:54:12 - [TEST_STEP][PASSED] - i1 = <not implemented yet for class: org.codehaus.groovy.ast.expr.EmptyExpression>: null

18-11-2024T02:54:12 - [TEST_STEP][PASSED] - ii = <not implemented yet for class: org.codehaus.groovy.ast.expr.EmptyExpression>: null

18-11-2024T02:54:12 - [TEST_STEP][PASSED] - for ([ii = 1, ii < 7, (ii++)]): null

18-11-2024T02:54:12 - [TEST_STEP][PASSED] - i1 = x.indexOf("/") + 1: null

18-11-2024T02:54:12 - [TEST_STEP][PASSED] - if (i1 > -1): null

18-11-2024T02:54:12 - [TEST_STEP][PASSED] - x = x.substring(i1, x.length()): null

18-11-2024T02:54:12 - [TEST_STEP][PASSED] - println(x): null

18-11-2024T02:54:12 - [TEST_STEP][PASSED] - i1 = x.indexOf("/") + 1: null

18-11-2024T02:54:12 - [TEST_STEP][PASSED] - if (i1 > -1): null

18-11-2024T02:54:12 - [TEST_STEP][PASSED] - x = x.substring(i1, x.length()): null

18-11-2024T02:54:12 - [TEST_STEP][PASSED] - println(x): null

18-11-2024T02:54:12 - [TEST_STEP][PASSED] - i1 = x.indexOf("/") + 1: null

18-11-2024T02:54:12 - [TEST_STEP][PASSED] - if (i1 > -1): null

18-11-2024T02:54:12 - [TEST_STEP][PASSED] - x = x.substring(i1, x.length()): null

18-11-2024T02:54:12 - [TEST_STEP][PASSED] - println(x): null

18-11-2024T02:54:12 - [TEST_STEP][PASSED] - i1 = x.indexOf("/") + 1: null

18-11-2024T02:54:12 - [TEST_STEP][PASSED] - if (i1 > -1): null

18-11-2024T02:54:12 - [TEST_STEP][PASSED] - x = x.substring(i1, x.length()): null

18-11-2024T02:54:12 - [TEST_STEP][PASSED] - println(x): null

18-11-2024T02:54:12 - [TEST_STEP][PASSED] - i1 = x.indexOf("/") + 1: null

18-11-2024T02:54:12 - [TEST_STEP][PASSED] - if (i1 > -1): null

18-11-2024T02:54:12 - [TEST_STEP][PASSED] - x = x.substring(i1, x.length()): null

18-11-2024T02:54:12 - [TEST_STEP][PASSED] - println(x): null

18-11-2024T02:54:12 - [TEST_STEP][PASSED] - i1 = x.indexOf("/") + 1: null

18-11-2024T02:54:12 - [TEST_STEP][PASSED] - if (i1 > -1): null

18-11-2024T02:54:12 - [TEST_STEP][PASSED] - x = x.substring(i1, x.length()): null

18-11-2024T02:54:12 - [TEST_STEP][PASSED] - println(x): null

18-11-2024T02:54:12 - [TEST_STEP][PASSED] - i1 = x.indexOf("/"): null

18-11-2024T02:54:12 - [TEST_STEP][PASSED] - if (i1 > -1): null

18-11-2024T02:54:12 - [TEST_STEP][PASSED] - x = x.substring(0, i1): null

18-11-2024T02:54:12 - [TEST_STEP][PASSED] - println(x): null

18-11-2024T02:54:12 - [TEST_STEP][PASSED] - return x: null

18-11-2024T02:54:12 - [TEST_STEP][PASSED] - tabB = GetOvSPlanB(x = b): null

18-11-2024T02:54:12 - [TEST_STEP][PASSED] - i1 = <not implemented yet for class: org.codehaus.groovy.ast.expr.EmptyExpression>: null

18-11-2024T02:54:12 - [TEST_STEP][PASSED] - ii = <not implemented yet for class: org.codehaus.groovy.ast.expr.EmptyExpression>: null

18-11-2024T02:54:12 - [TEST_STEP][PASSED] - for ([ii = 1, ii < 7, (ii++)]): null

18-11-2024T02:54:12 - [TEST_STEP][PASSED] - i1 = x.indexOf("/") + 1: null

18-11-2024T02:54:12 - [TEST_STEP][PASSED] - if (i1 > -1): null

18-11-2024T02:54:12 - [TEST_STEP][PASSED] - x = x.substring(i1, x.length()): null

18-11-2024T02:54:12 - [TEST_STEP][PASSED] - println(x): null

18-11-2024T02:54:12 - [TEST_STEP][PASSED] - i1 = x.indexOf("/") + 1: null

18-11-2024T02:54:12 - [TEST_STEP][PASSED] - if (i1 > -1): null

18-11-2024T02:54:12 - [TEST_STEP][PASSED] - x = x.substring(i1, x.length()): null

18-11-2024T02:54:12 - [TEST_STEP][PASSED] - println(x): null

18-11-2024T02:54:12 - [TEST_STEP][PASSED] - i1 = x.indexOf("/") + 1: null

18-11-2024T02:54:12 - [TEST_STEP][PASSED] - if (i1 > -1): null

18-11-2024T02:54:12 - [TEST_STEP][PASSED] - x = x.substring(i1, x.length()): null

18-11-2024T02:54:12 - [TEST_STEP][PASSED] - println(x): null

18-11-2024T02:54:12 - [TEST_STEP][PASSED] - i1 = x.indexOf("/") + 1: null

18-11-2024T02:54:12 - [TEST_STEP][PASSED] - if (i1 > -1): null

18-11-2024T02:54:12 - [TEST_STEP][PASSED] - x = x.substring(i1, x.length()): null

18-11-2024T02:54:12 - [TEST_STEP][PASSED] - println(x): null

18-11-2024T02:54:12 - [TEST_STEP][PASSED] - i1 = x.indexOf("/") + 1: null

18-11-2024T02:54:12 - [TEST_STEP][PASSED] - if (i1 > -1): null

18-11-2024T02:54:12 - [TEST_STEP][PASSED] - x = x.substring(i1, x.length()): null

18-11-2024T02:54:12 - [TEST_STEP][PASSED] - println(x): null

18-11-2024T02:54:12 - [TEST_STEP][PASSED] - i1 = x.indexOf("/") + 1: null

18-11-2024T02:54:12 - [TEST_STEP][PASSED] - if (i1 > -1): null

18-11-2024T02:54:12 - [TEST_STEP][PASSED] - x = x.substring(i1, x.length()): null

18-11-2024T02:54:12 - [TEST_STEP][PASSED] - println(x): null

18-11-2024T02:54:12 - [TEST_STEP][PASSED] - i1 = x.indexOf("/"): null

18-11-2024T02:54:12 - [TEST_STEP][PASSED] - if (i1 > -1): null

18-11-2024T02:54:12 - [TEST_STEP][PASSED] - x = x.substring(0, i1): null

18-11-2024T02:54:12 - [TEST_STEP][PASSED] - println(x): null

18-11-2024T02:54:12 - [TEST_STEP][FAILED] - return x: null

18-11-2024T02:54:12 - [TEST_STEP][PASSED] - println(tabR + "/" + tabB): null

18-11-2024T02:54:12 - [TEST_STEP][FAILED] - if (verifyEqual(PercFactR, PercFactB) == false): null

18-11-2024T02:54:12 - [MESSAGE][FAILED] - Unable to verify equal between actual object 'нет данных' and expected object '8.39' (Root cause: com.kms.katalon.core.exception.StepFailedException: Actual object 'нет данных' and expected object '8.39' are not equal
	at com.kms.katalon.core.keyword.builtin.VerifyEqualKeyword$_verifyEqual_closure1.doCall(VerifyEqualKeyword.groovy:58)
	at com.kms.katalon.core.keyword.builtin.VerifyEqualKeyword$_verifyEqual_closure1.call(VerifyEqualKeyword.groovy)
	at com.kms.katalon.core.keyword.internal.KeywordMain.runKeyword(KeywordMain.groovy:75)
	at com.kms.katalon.core.keyword.builtin.VerifyEqualKeyword.verifyEqual(VerifyEqualKeyword.groovy:63)
	at com.kms.katalon.core.keyword.builtin.VerifyEqualKeyword.execute(VerifyEqualKeyword.groovy:44)
	at com.kms.katalon.core.keyword.internal.KeywordExecutor.executeKeywordForPlatform(KeywordExecutor.groovy:74)
	at com.kms.katalon.core.keyword.BuiltinKeywords.verifyEqual(BuiltinKeywords.groovy:146)
	at jdk.internal.reflect.GeneratedMethodAccessor25.invoke(Unknown Source)
	at java.base/jdk.internal.reflect.DelegatingMethodAccessorImpl.invoke(DelegatingMethodAccessorImpl.java:43)
	at Выполнение бизнес-плана сверка дашбордов.CompareDZOData(Выполнение бизнес-плана сверка дашбордов:745)
	at Выполнение бизнес-плана сверка дашбордов.run(Выполнение бизнес-плана сверка дашбордов:663)
	at com.kms.katalon.core.main.ScriptEngine.run(ScriptEngine.java:194)
	at com.kms.katalon.core.main.ScriptEngine.runScriptAsRawText(ScriptEngine.java:119)
	at com.kms.katalon.core.main.TestCaseExecutor.runScript(TestCaseExecutor.java:448)
	at com.kms.katalon.core.main.TestCaseExecutor.doExecute(TestCaseExecutor.java:439)
	at com.kms.katalon.core.main.TestCaseExecutor.processExecutionPhase(TestCaseExecutor.java:418)
	at com.kms.katalon.core.main.TestCaseExecutor.accessMainPhase(TestCaseExecutor.java:410)
	at com.kms.katalon.core.main.TestCaseExecutor.execute(TestCaseExecutor.java:285)
	at com.kms.katalon.core.common.CommonExecutor.accessTestCaseMainPhase(CommonExecutor.java:65)
	at com.kms.katalon.core.main.TestSuiteExecutor.accessTestSuiteMainPhase(TestSuiteExecutor.java:150)
	at com.kms.katalon.core.main.TestSuiteExecutor.execute(TestSuiteExecutor.java:106)
	at com.kms.katalon.core.main.TestCaseMain.startTestSuite(TestCaseMain.java:180)
	at TempTestSuite1731886967590.run(TempTestSuite1731886967590.groovy:35)
	at java.base/jdk.internal.reflect.NativeMethodAccessorImpl.invoke0(Native Method)
	at java.base/jdk.internal.reflect.NativeMethodAccessorImpl.invoke(NativeMethodAccessorImpl.java:77)
	at java.base/jdk.internal.reflect.DelegatingMethodAccessorImpl.invoke(DelegatingMethodAccessorImpl.java:43)
)

18-11-2024T02:54:12 - [TEST_STEP][PASSED] - result = WriteToExcel(typeOfData, todaysDate, PercPlanR, PercPlanB, PercFactR, PercFactB, x, tabR, tabB, o1R, o1B, vidget): null

18-11-2024T02:54:12 - [TEST_STEP][PASSED] - iii = dZO.indexOf("/"): null

18-11-2024T02:54:12 - [TEST_STEP][PASSED] - println(iii): null

18-11-2024T02:54:12 - [TEST_STEP][PASSED] - dZO = dZO.substring(0, iii): null

18-11-2024T02:54:12 - [TEST_STEP][PASSED] - println(dZO): null

18-11-2024T02:54:12 - [TEST_STEP][PASSED] - println(PercPlanR): null

18-11-2024T02:54:12 - [TEST_STEP][PASSED] - println(PercPlanB): null

18-11-2024T02:54:12 - [TEST_STEP][PASSED] - println(PercFactR): null

18-11-2024T02:54:12 - [TEST_STEP][PASSED] - println(PercFactB): null

18-11-2024T02:54:12 - [TEST_STEP][PASSED] - println(tabR): null

18-11-2024T02:54:12 - [TEST_STEP][PASSED] - println(tabB): null

18-11-2024T02:54:12 - [TEST_STEP][PASSED] - println(o1R): null

18-11-2024T02:54:12 - [TEST_STEP][PASSED] - println(o1B): null

18-11-2024T02:54:12 - [TEST_STEP][PASSED] - PR = <not implemented yet for class: org.codehaus.groovy.ast.expr.EmptyExpression>: null

18-11-2024T02:54:12 - [TEST_STEP][PASSED] - FR = <not implemented yet for class: org.codehaus.groovy.ast.expr.EmptyExpression>: null

18-11-2024T02:54:12 - [TEST_STEP][PASSED] - PB = <not implemented yet for class: org.codehaus.groovy.ast.expr.EmptyExpression>: null

18-11-2024T02:54:12 - [TEST_STEP][PASSED] - FB = <not implemented yet for class: org.codehaus.groovy.ast.expr.EmptyExpression>: null

18-11-2024T02:54:12 - [TEST_STEP][PASSED] - TR = <not implemented yet for class: org.codehaus.groovy.ast.expr.EmptyExpression>: null

18-11-2024T02:54:12 - [TEST_STEP][PASSED] - TB = <not implemented yet for class: org.codehaus.groovy.ast.expr.EmptyExpression>: null

18-11-2024T02:54:12 - [TEST_STEP][PASSED] - sheetName = "Sheet1": null

18-11-2024T02:54:12 - [TEST_STEP][PASSED] - data = findTestData("PlanFact"): null

18-11-2024T02:54:12 - [TEST_STEP][PASSED] - n = data.getRowNumbers() + 1: null

18-11-2024T02:54:12 - [TEST_STEP][PASSED] - year = todaysDate.substring(todaysDate.length() - 4, todaysDate.length()): null

18-11-2024T02:54:12 - [TEST_STEP][PASSED] - y = year.toInteger(): null

18-11-2024T02:54:12 - [TEST_STEP][PASSED] - m = getText(findTestObject("Выполнение бизнес-плана/Выполнение бизнес-плана Балансы/Фильтр Дата")): Text of object 'Object Repository/Выполнение бизнес-плана/Выполнение бизнес-плана Балансы/Фильтр Дата' is: '1, 2, 3 кв. 2024 года'

18-11-2024T02:54:13 - [MESSAGE][PASSED] - Text of object 'Object Repository/Выполнение бизнес-плана/Выполнение бизнес-плана Балансы/Фильтр Дата' is: '1, 2, 3 кв. 2024 года'

18-11-2024T02:54:13 - [TEST_STEP][PASSED] - m = m.substring(0, m.indexOf("2024")): null

18-11-2024T02:54:13 - [TEST_STEP][PASSED] - m = m.trim(): null

18-11-2024T02:54:13 - [TEST_STEP][PASSED] - dashboardName = "Выполнение бизнес-плана": null

18-11-2024T02:54:13 - [TEST_STEP][PASSED] - workbook01 = getWorkbook(excelFilePath): null

18-11-2024T02:54:13 - [TEST_STEP][PASSED] - sheet01 = getExcelSheet(workbook01, sheetName): null

18-11-2024T02:54:13 - [TEST_STEP][PASSED] - setValueToCellByIndex(sheet01, n, 0, dashboardName): null

18-11-2024T02:54:13 - [TEST_STEP][PASSED] - setValueToCellByIndex(sheet01, n, 1, dZO): null

18-11-2024T02:54:13 - [TEST_STEP][PASSED] - setValueToCellByIndex(sheet01, n, 2, typeOfData): null

18-11-2024T02:54:13 - [TEST_STEP][PASSED] - setValueToCellByIndex(sheet01, n, 3, typeOfData): null

18-11-2024T02:54:13 - [TEST_STEP][PASSED] - if (typeOfData == "План"): null

18-11-2024T02:54:13 - [TEST_STEP][PASSED] - else if (typeOfData == "Факт"): null

18-11-2024T02:54:13 - [TEST_STEP][PASSED] - else if (vidget.contains("электроэнергии") == true): null

18-11-2024T02:54:13 - [TEST_STEP][PASSED] - if (tabR == null): null

18-11-2024T02:54:13 - [TEST_STEP][PASSED] - else: null

18-11-2024T02:54:13 - [TEST_STEP][PASSED] - if (tabR == "нет данных"): null

18-11-2024T02:54:13 - [TEST_STEP][PASSED] - setValueToCellByIndex(sheet01, n, 4, "нет данных"): null

18-11-2024T02:54:13 - [TEST_STEP][PASSED] - if (tabB == null): null

18-11-2024T02:54:13 - [TEST_STEP][PASSED] - else: null

18-11-2024T02:54:13 - [TEST_STEP][PASSED] - if (tabB == "нет данных"): null

18-11-2024T02:54:13 - [TEST_STEP][PASSED] - else: null

18-11-2024T02:54:13 - [TEST_STEP][PASSED] - TB = tabB.toInteger(): null

18-11-2024T02:54:13 - [TEST_STEP][PASSED] - setValueToCellByIndex(sheet01, n, 5, TB): null

18-11-2024T02:54:13 - [TEST_STEP][PASSED] - setValueToCellByIndex(sheet01, n, 6, m): null

18-11-2024T02:54:13 - [TEST_STEP][PASSED] - setValueToCellByIndex(sheet01, n, 7, y): null

18-11-2024T02:54:13 - [TEST_STEP][PASSED] - setValueToCellByIndex(sheet01, n, 8, todaysDate): null

18-11-2024T02:54:13 - [TEST_STEP][PASSED] - n = n + 1: null

18-11-2024T02:54:13 - [TEST_STEP][PASSED] - saveWorkbook(excelFilePath, workbook01): null

18-11-2024T02:54:13 - [TEST_STEP][PASSED] - typeOfData = "План Отпуск из сети": null

18-11-2024T02:54:13 - [TEST_STEP][PASSED] - tabR = GetOiSPlanR(x = a): null

18-11-2024T02:54:13 - [TEST_STEP][PASSED] - i1 = <not implemented yet for class: org.codehaus.groovy.ast.expr.EmptyExpression>: null

18-11-2024T02:54:13 - [TEST_STEP][PASSED] - ii = <not implemented yet for class: org.codehaus.groovy.ast.expr.EmptyExpression>: null

18-11-2024T02:54:13 - [TEST_STEP][PASSED] - for ([ii = 1, ii < 8, (ii++)]): null

18-11-2024T02:54:13 - [TEST_STEP][PASSED] - i1 = x.indexOf("/") + 1: null

18-11-2024T02:54:13 - [TEST_STEP][PASSED] - if (i1 > -1): null

18-11-2024T02:54:13 - [TEST_STEP][PASSED] - x = x.substring(i1, x.length()): null

18-11-2024T02:54:13 - [TEST_STEP][PASSED] - println(x): null

18-11-2024T02:54:13 - [TEST_STEP][PASSED] - i1 = x.indexOf("/") + 1: null

18-11-2024T02:54:13 - [TEST_STEP][PASSED] - if (i1 > -1): null

18-11-2024T02:54:13 - [TEST_STEP][PASSED] - x = x.substring(i1, x.length()): null

18-11-2024T02:54:13 - [TEST_STEP][PASSED] - println(x): null

18-11-2024T02:54:13 - [TEST_STEP][PASSED] - i1 = x.indexOf("/") + 1: null

18-11-2024T02:54:13 - [TEST_STEP][PASSED] - if (i1 > -1): null

18-11-2024T02:54:13 - [TEST_STEP][PASSED] - x = x.substring(i1, x.length()): null

18-11-2024T02:54:13 - [TEST_STEP][PASSED] - println(x): null

18-11-2024T02:54:13 - [TEST_STEP][PASSED] - i1 = x.indexOf("/") + 1: null

18-11-2024T02:54:13 - [TEST_STEP][PASSED] - if (i1 > -1): null

18-11-2024T02:54:13 - [TEST_STEP][PASSED] - x = x.substring(i1, x.length()): null

18-11-2024T02:54:13 - [TEST_STEP][PASSED] - println(x): null

18-11-2024T02:54:13 - [TEST_STEP][PASSED] - i1 = x.indexOf("/") + 1: null

18-11-2024T02:54:13 - [TEST_STEP][PASSED] - if (i1 > -1): null

18-11-2024T02:54:13 - [TEST_STEP][PASSED] - x = x.substring(i1, x.length()): null

18-11-2024T02:54:13 - [TEST_STEP][PASSED] - println(x): null

18-11-2024T02:54:13 - [TEST_STEP][PASSED] - i1 = x.indexOf("/") + 1: null

18-11-2024T02:54:13 - [TEST_STEP][PASSED] - if (i1 > -1): null

18-11-2024T02:54:13 - [TEST_STEP][PASSED] - x = x.substring(i1, x.length()): null

18-11-2024T02:54:13 - [TEST_STEP][PASSED] - println(x): null

18-11-2024T02:54:13 - [TEST_STEP][PASSED] - i1 = x.indexOf("/") + 1: null

18-11-2024T02:54:13 - [TEST_STEP][PASSED] - if (i1 > -1): null

18-11-2024T02:54:13 - [TEST_STEP][PASSED] - x = x.substring(i1, x.length()): null

18-11-2024T02:54:13 - [TEST_STEP][PASSED] - println(x): null

18-11-2024T02:54:13 - [TEST_STEP][PASSED] - i1 = x.indexOf("/"): null

18-11-2024T02:54:13 - [TEST_STEP][PASSED] - if (i1 > -1): null

18-11-2024T02:54:13 - [TEST_STEP][PASSED] - x = x.substring(0, i1): null

18-11-2024T02:54:13 - [TEST_STEP][PASSED] - println(x): null

18-11-2024T02:54:13 - [TEST_STEP][PASSED] - return x: null

18-11-2024T02:54:13 - [TEST_STEP][PASSED] - tabB = GetOiSPlanB(x = b): null

18-11-2024T02:54:13 - [TEST_STEP][PASSED] - i1 = <not implemented yet for class: org.codehaus.groovy.ast.expr.EmptyExpression>: null

18-11-2024T02:54:13 - [TEST_STEP][PASSED] - ii = <not implemented yet for class: org.codehaus.groovy.ast.expr.EmptyExpression>: null

18-11-2024T02:54:13 - [TEST_STEP][PASSED] - for ([ii = 1, ii < 8, (ii++)]): null

18-11-2024T02:54:13 - [TEST_STEP][PASSED] - i1 = x.indexOf("/") + 1: null

18-11-2024T02:54:13 - [TEST_STEP][PASSED] - if (i1 > -1): null

18-11-2024T02:54:13 - [TEST_STEP][PASSED] - x = x.substring(i1, x.length()): null

18-11-2024T02:54:13 - [TEST_STEP][PASSED] - println(x): null

18-11-2024T02:54:13 - [TEST_STEP][PASSED] - i1 = x.indexOf("/") + 1: null

18-11-2024T02:54:13 - [TEST_STEP][PASSED] - if (i1 > -1): null

18-11-2024T02:54:13 - [TEST_STEP][PASSED] - x = x.substring(i1, x.length()): null

18-11-2024T02:54:13 - [TEST_STEP][PASSED] - println(x): null

18-11-2024T02:54:13 - [TEST_STEP][PASSED] - i1 = x.indexOf("/") + 1: null

18-11-2024T02:54:13 - [TEST_STEP][PASSED] - if (i1 > -1): null

18-11-2024T02:54:13 - [TEST_STEP][PASSED] - x = x.substring(i1, x.length()): null

18-11-2024T02:54:13 - [TEST_STEP][PASSED] - println(x): null

18-11-2024T02:54:13 - [TEST_STEP][PASSED] - i1 = x.indexOf("/") + 1: null

18-11-2024T02:54:13 - [TEST_STEP][PASSED] - if (i1 > -1): null

18-11-2024T02:54:13 - [TEST_STEP][PASSED] - x = x.substring(i1, x.length()): null

18-11-2024T02:54:13 - [TEST_STEP][PASSED] - println(x): null

18-11-2024T02:54:13 - [TEST_STEP][PASSED] - i1 = x.indexOf("/") + 1: null

18-11-2024T02:54:13 - [TEST_STEP][PASSED] - if (i1 > -1): null

18-11-2024T02:54:13 - [TEST_STEP][PASSED] - x = x.substring(i1, x.length()): null

18-11-2024T02:54:13 - [TEST_STEP][PASSED] - println(x): null

18-11-2024T02:54:13 - [TEST_STEP][PASSED] - i1 = x.indexOf("/") + 1: null

18-11-2024T02:54:13 - [TEST_STEP][PASSED] - if (i1 > -1): null

18-11-2024T02:54:13 - [TEST_STEP][PASSED] - x = x.substring(i1, x.length()): null

18-11-2024T02:54:13 - [TEST_STEP][PASSED] - println(x): null

18-11-2024T02:54:13 - [TEST_STEP][PASSED] - i1 = x.indexOf("/") + 1: null

18-11-2024T02:54:13 - [TEST_STEP][PASSED] - if (i1 > -1): null

18-11-2024T02:54:13 - [TEST_STEP][PASSED] - x = x.substring(i1, x.length()): null

18-11-2024T02:54:13 - [TEST_STEP][PASSED] - println(x): null

18-11-2024T02:54:13 - [TEST_STEP][PASSED] - i1 = x.indexOf("/"): null

18-11-2024T02:54:13 - [TEST_STEP][PASSED] - if (i1 > -1): null

18-11-2024T02:54:13 - [TEST_STEP][PASSED] - x = x.substring(0, i1): null

18-11-2024T02:54:13 - [TEST_STEP][PASSED] - println(x): null

18-11-2024T02:54:13 - [TEST_STEP][FAILED] - return x: null

18-11-2024T02:54:13 - [TEST_STEP][PASSED] - println(tabR + "/" + tabB): null

18-11-2024T02:54:13 - [TEST_STEP][FAILED] - if (verifyEqual(PercFactR, PercFactB) == false): null

18-11-2024T02:54:13 - [MESSAGE][FAILED] - Unable to verify equal between actual object 'нет данных' and expected object '8.39' (Root cause: com.kms.katalon.core.exception.StepFailedException: Actual object 'нет данных' and expected object '8.39' are not equal
	at com.kms.katalon.core.keyword.builtin.VerifyEqualKeyword$_verifyEqual_closure1.doCall(VerifyEqualKeyword.groovy:58)
	at com.kms.katalon.core.keyword.builtin.VerifyEqualKeyword$_verifyEqual_closure1.call(VerifyEqualKeyword.groovy)
	at com.kms.katalon.core.keyword.internal.KeywordMain.runKeyword(KeywordMain.groovy:75)
	at com.kms.katalon.core.keyword.builtin.VerifyEqualKeyword.verifyEqual(VerifyEqualKeyword.groovy:63)
	at com.kms.katalon.core.keyword.builtin.VerifyEqualKeyword.execute(VerifyEqualKeyword.groovy:44)
	at com.kms.katalon.core.keyword.internal.KeywordExecutor.executeKeywordForPlatform(KeywordExecutor.groovy:74)
	at com.kms.katalon.core.keyword.BuiltinKeywords.verifyEqual(BuiltinKeywords.groovy:146)
	at jdk.internal.reflect.GeneratedMethodAccessor25.invoke(Unknown Source)
	at java.base/jdk.internal.reflect.DelegatingMethodAccessorImpl.invoke(DelegatingMethodAccessorImpl.java:43)
	at Выполнение бизнес-плана сверка дашбордов.CompareDZOData(Выполнение бизнес-плана сверка дашбордов:758)
	at Выполнение бизнес-плана сверка дашбордов.run(Выполнение бизнес-плана сверка дашбордов:663)
	at com.kms.katalon.core.main.ScriptEngine.run(ScriptEngine.java:194)
	at com.kms.katalon.core.main.ScriptEngine.runScriptAsRawText(ScriptEngine.java:119)
	at com.kms.katalon.core.main.TestCaseExecutor.runScript(TestCaseExecutor.java:448)
	at com.kms.katalon.core.main.TestCaseExecutor.doExecute(TestCaseExecutor.java:439)
	at com.kms.katalon.core.main.TestCaseExecutor.processExecutionPhase(TestCaseExecutor.java:418)
	at com.kms.katalon.core.main.TestCaseExecutor.accessMainPhase(TestCaseExecutor.java:410)
	at com.kms.katalon.core.main.TestCaseExecutor.execute(TestCaseExecutor.java:285)
	at com.kms.katalon.core.common.CommonExecutor.accessTestCaseMainPhase(CommonExecutor.java:65)
	at com.kms.katalon.core.main.TestSuiteExecutor.accessTestSuiteMainPhase(TestSuiteExecutor.java:150)
	at com.kms.katalon.core.main.TestSuiteExecutor.execute(TestSuiteExecutor.java:106)
	at com.kms.katalon.core.main.TestCaseMain.startTestSuite(TestCaseMain.java:180)
	at TempTestSuite1731886967590.run(TempTestSuite1731886967590.groovy:35)
	at java.base/jdk.internal.reflect.NativeMethodAccessorImpl.invoke0(Native Method)
	at java.base/jdk.internal.reflect.NativeMethodAccessorImpl.invoke(NativeMethodAccessorImpl.java:77)
	at java.base/jdk.internal.reflect.DelegatingMethodAccessorImpl.invoke(DelegatingMethodAccessorImpl.java:43)
)

18-11-2024T02:54:13 - [TEST_STEP][PASSED] - result = WriteToExcel(typeOfData, todaysDate, PercPlanR, PercPlanB, PercFactR, PercFactB, x, tabR, tabB, o1R, o1B, vidget): null

18-11-2024T02:54:13 - [TEST_STEP][PASSED] - iii = dZO.indexOf("/"): null

18-11-2024T02:54:13 - [TEST_STEP][PASSED] - println(iii): null

18-11-2024T02:54:13 - [TEST_STEP][PASSED] - dZO = dZO.substring(0, iii): null

18-11-2024T02:54:13 - [TEST_STEP][PASSED] - println(dZO): null

18-11-2024T02:54:13 - [TEST_STEP][PASSED] - println(PercPlanR): null

18-11-2024T02:54:13 - [TEST_STEP][PASSED] - println(PercPlanB): null

18-11-2024T02:54:13 - [TEST_STEP][PASSED] - println(PercFactR): null

18-11-2024T02:54:13 - [TEST_STEP][PASSED] - println(PercFactB): null

18-11-2024T02:54:13 - [TEST_STEP][PASSED] - println(tabR): null

18-11-2024T02:54:13 - [TEST_STEP][PASSED] - println(tabB): null

18-11-2024T02:54:13 - [TEST_STEP][PASSED] - println(o1R): null

18-11-2024T02:54:13 - [TEST_STEP][PASSED] - println(o1B): null

18-11-2024T02:54:13 - [TEST_STEP][PASSED] - PR = <not implemented yet for class: org.codehaus.groovy.ast.expr.EmptyExpression>: null

18-11-2024T02:54:13 - [TEST_STEP][PASSED] - FR = <not implemented yet for class: org.codehaus.groovy.ast.expr.EmptyExpression>: null

18-11-2024T02:54:13 - [TEST_STEP][PASSED] - PB = <not implemented yet for class: org.codehaus.groovy.ast.expr.EmptyExpression>: null

18-11-2024T02:54:13 - [TEST_STEP][PASSED] - FB = <not implemented yet for class: org.codehaus.groovy.ast.expr.EmptyExpression>: null

18-11-2024T02:54:13 - [TEST_STEP][PASSED] - TR = <not implemented yet for class: org.codehaus.groovy.ast.expr.EmptyExpression>: null

18-11-2024T02:54:13 - [TEST_STEP][PASSED] - TB = <not implemented yet for class: org.codehaus.groovy.ast.expr.EmptyExpression>: null

18-11-2024T02:54:13 - [TEST_STEP][PASSED] - sheetName = "Sheet1": null

18-11-2024T02:54:13 - [TEST_STEP][PASSED] - data = findTestData("PlanFact"): null

18-11-2024T02:54:13 - [TEST_STEP][PASSED] - n = data.getRowNumbers() + 1: null

18-11-2024T02:54:13 - [TEST_STEP][PASSED] - year = todaysDate.substring(todaysDate.length() - 4, todaysDate.length()): null

18-11-2024T02:54:13 - [TEST_STEP][PASSED] - y = year.toInteger(): null

18-11-2024T02:54:13 - [TEST_STEP][PASSED] - m = getText(findTestObject("Выполнение бизнес-плана/Выполнение бизнес-плана Балансы/Фильтр Дата")): Text of object 'Object Repository/Выполнение бизнес-плана/Выполнение бизнес-плана Балансы/Фильтр Дата' is: '1, 2, 3 кв. 2024 года'

18-11-2024T02:54:13 - [MESSAGE][PASSED] - Text of object 'Object Repository/Выполнение бизнес-плана/Выполнение бизнес-плана Балансы/Фильтр Дата' is: '1, 2, 3 кв. 2024 года'

18-11-2024T02:54:13 - [TEST_STEP][PASSED] - m = m.substring(0, m.indexOf("2024")): null

18-11-2024T02:54:13 - [TEST_STEP][PASSED] - m = m.trim(): null

18-11-2024T02:54:13 - [TEST_STEP][PASSED] - dashboardName = "Выполнение бизнес-плана": null

18-11-2024T02:54:13 - [TEST_STEP][PASSED] - workbook01 = getWorkbook(excelFilePath): null

18-11-2024T02:54:13 - [TEST_STEP][PASSED] - sheet01 = getExcelSheet(workbook01, sheetName): null

18-11-2024T02:54:13 - [TEST_STEP][PASSED] - setValueToCellByIndex(sheet01, n, 0, dashboardName): null

18-11-2024T02:54:13 - [TEST_STEP][PASSED] - setValueToCellByIndex(sheet01, n, 1, dZO): null

18-11-2024T02:54:13 - [TEST_STEP][PASSED] - setValueToCellByIndex(sheet01, n, 2, typeOfData): null

18-11-2024T02:54:13 - [TEST_STEP][PASSED] - setValueToCellByIndex(sheet01, n, 3, typeOfData): null

18-11-2024T02:54:13 - [TEST_STEP][PASSED] - if (typeOfData == "План"): null

18-11-2024T02:54:13 - [TEST_STEP][PASSED] - else if (typeOfData == "Факт"): null

18-11-2024T02:54:13 - [TEST_STEP][PASSED] - else if (vidget.contains("электроэнергии") == true): null

18-11-2024T02:54:13 - [TEST_STEP][PASSED] - if (tabR == null): null

18-11-2024T02:54:13 - [TEST_STEP][PASSED] - else: null

18-11-2024T02:54:13 - [TEST_STEP][PASSED] - if (tabR == "нет данных"): null

18-11-2024T02:54:13 - [TEST_STEP][PASSED] - setValueToCellByIndex(sheet01, n, 4, "нет данных"): null

18-11-2024T02:54:13 - [TEST_STEP][PASSED] - if (tabB == null): null

18-11-2024T02:54:13 - [TEST_STEP][PASSED] - else: null

18-11-2024T02:54:13 - [TEST_STEP][PASSED] - if (tabB == "нет данных"): null

18-11-2024T02:54:13 - [TEST_STEP][PASSED] - else: null

18-11-2024T02:54:13 - [TEST_STEP][PASSED] - TB = tabB.toInteger(): null

18-11-2024T02:54:13 - [TEST_STEP][PASSED] - setValueToCellByIndex(sheet01, n, 5, TB): null

18-11-2024T02:54:13 - [TEST_STEP][PASSED] - setValueToCellByIndex(sheet01, n, 6, m): null

18-11-2024T02:54:13 - [TEST_STEP][PASSED] - setValueToCellByIndex(sheet01, n, 7, y): null

18-11-2024T02:54:13 - [TEST_STEP][PASSED] - setValueToCellByIndex(sheet01, n, 8, todaysDate): null

18-11-2024T02:54:13 - [TEST_STEP][PASSED] - n = n + 1: null

18-11-2024T02:54:13 - [TEST_STEP][PASSED] - saveWorkbook(excelFilePath, workbook01): null

18-11-2024T02:54:14 - [TEST_STEP][PASSED] - typeOfData = "План Потери": null

18-11-2024T02:54:14 - [TEST_STEP][PASSED] - tabR = GetPPlanR(x = a): null

18-11-2024T02:54:14 - [TEST_STEP][PASSED] - i1 = <not implemented yet for class: org.codehaus.groovy.ast.expr.EmptyExpression>: null

18-11-2024T02:54:14 - [TEST_STEP][PASSED] - ii = <not implemented yet for class: org.codehaus.groovy.ast.expr.EmptyExpression>: null

18-11-2024T02:54:14 - [TEST_STEP][PASSED] - for ([ii = 1, ii < 9, (ii++)]): null

18-11-2024T02:54:14 - [TEST_STEP][PASSED] - i1 = x.indexOf("/") + 1: null

18-11-2024T02:54:14 - [TEST_STEP][PASSED] - if (i1 > -1): null

18-11-2024T02:54:14 - [TEST_STEP][PASSED] - x = x.substring(i1, x.length()): null

18-11-2024T02:54:14 - [TEST_STEP][PASSED] - println(x): null

18-11-2024T02:54:14 - [TEST_STEP][PASSED] - i1 = x.indexOf("/") + 1: null

18-11-2024T02:54:14 - [TEST_STEP][PASSED] - if (i1 > -1): null

18-11-2024T02:54:14 - [TEST_STEP][PASSED] - x = x.substring(i1, x.length()): null

18-11-2024T02:54:14 - [TEST_STEP][PASSED] - println(x): null

18-11-2024T02:54:14 - [TEST_STEP][PASSED] - i1 = x.indexOf("/") + 1: null

18-11-2024T02:54:14 - [TEST_STEP][PASSED] - if (i1 > -1): null

18-11-2024T02:54:14 - [TEST_STEP][PASSED] - x = x.substring(i1, x.length()): null

18-11-2024T02:54:14 - [TEST_STEP][PASSED] - println(x): null

18-11-2024T02:54:14 - [TEST_STEP][PASSED] - i1 = x.indexOf("/") + 1: null

18-11-2024T02:54:14 - [TEST_STEP][PASSED] - if (i1 > -1): null

18-11-2024T02:54:14 - [TEST_STEP][PASSED] - x = x.substring(i1, x.length()): null

18-11-2024T02:54:14 - [TEST_STEP][PASSED] - println(x): null

18-11-2024T02:54:14 - [TEST_STEP][PASSED] - i1 = x.indexOf("/") + 1: null

18-11-2024T02:54:14 - [TEST_STEP][PASSED] - if (i1 > -1): null

18-11-2024T02:54:14 - [TEST_STEP][PASSED] - x = x.substring(i1, x.length()): null

18-11-2024T02:54:14 - [TEST_STEP][PASSED] - println(x): null

18-11-2024T02:54:14 - [TEST_STEP][PASSED] - i1 = x.indexOf("/") + 1: null

18-11-2024T02:54:14 - [TEST_STEP][PASSED] - if (i1 > -1): null

18-11-2024T02:54:14 - [TEST_STEP][PASSED] - x = x.substring(i1, x.length()): null

18-11-2024T02:54:14 - [TEST_STEP][PASSED] - println(x): null

18-11-2024T02:54:14 - [TEST_STEP][PASSED] - i1 = x.indexOf("/") + 1: null

18-11-2024T02:54:14 - [TEST_STEP][PASSED] - if (i1 > -1): null

18-11-2024T02:54:14 - [TEST_STEP][PASSED] - x = x.substring(i1, x.length()): null

18-11-2024T02:54:14 - [TEST_STEP][PASSED] - println(x): null

18-11-2024T02:54:14 - [TEST_STEP][PASSED] - i1 = x.indexOf("/") + 1: null

18-11-2024T02:54:14 - [TEST_STEP][PASSED] - if (i1 > -1): null

18-11-2024T02:54:14 - [TEST_STEP][PASSED] - x = x.substring(i1, x.length()): null

18-11-2024T02:54:14 - [TEST_STEP][PASSED] - println(x): null

18-11-2024T02:54:14 - [TEST_STEP][PASSED] - i1 = x.indexOf("/"): null

18-11-2024T02:54:14 - [TEST_STEP][PASSED] - if (i1 > -1): null

18-11-2024T02:54:14 - [TEST_STEP][PASSED] - x = x.substring(0, i1): null

18-11-2024T02:54:14 - [TEST_STEP][PASSED] - println(x): null

18-11-2024T02:54:14 - [TEST_STEP][PASSED] - return x: null

18-11-2024T02:54:14 - [TEST_STEP][PASSED] - tabB = GetPPlanB(x = b): null

18-11-2024T02:54:14 - [TEST_STEP][PASSED] - i1 = <not implemented yet for class: org.codehaus.groovy.ast.expr.EmptyExpression>: null

18-11-2024T02:54:14 - [TEST_STEP][PASSED] - ii = <not implemented yet for class: org.codehaus.groovy.ast.expr.EmptyExpression>: null

18-11-2024T02:54:14 - [TEST_STEP][PASSED] - for ([ii = 1, ii < 9, (ii++)]): null

18-11-2024T02:54:14 - [TEST_STEP][PASSED] - i1 = x.indexOf("/") + 1: null

18-11-2024T02:54:14 - [TEST_STEP][PASSED] - if (i1 > -1): null

18-11-2024T02:54:14 - [TEST_STEP][PASSED] - x = x.substring(i1, x.length()): null

18-11-2024T02:54:14 - [TEST_STEP][PASSED] - println(x): null

18-11-2024T02:54:14 - [TEST_STEP][PASSED] - i1 = x.indexOf("/") + 1: null

18-11-2024T02:54:14 - [TEST_STEP][PASSED] - if (i1 > -1): null

18-11-2024T02:54:14 - [TEST_STEP][PASSED] - x = x.substring(i1, x.length()): null

18-11-2024T02:54:14 - [TEST_STEP][PASSED] - println(x): null

18-11-2024T02:54:14 - [TEST_STEP][PASSED] - i1 = x.indexOf("/") + 1: null

18-11-2024T02:54:14 - [TEST_STEP][PASSED] - if (i1 > -1): null

18-11-2024T02:54:14 - [TEST_STEP][PASSED] - x = x.substring(i1, x.length()): null

18-11-2024T02:54:14 - [TEST_STEP][PASSED] - println(x): null

18-11-2024T02:54:14 - [TEST_STEP][PASSED] - i1 = x.indexOf("/") + 1: null

18-11-2024T02:54:14 - [TEST_STEP][PASSED] - if (i1 > -1): null

18-11-2024T02:54:14 - [TEST_STEP][PASSED] - x = x.substring(i1, x.length()): null

18-11-2024T02:54:14 - [TEST_STEP][PASSED] - println(x): null

18-11-2024T02:54:14 - [TEST_STEP][PASSED] - i1 = x.indexOf("/") + 1: null

18-11-2024T02:54:14 - [TEST_STEP][PASSED] - if (i1 > -1): null

18-11-2024T02:54:14 - [TEST_STEP][PASSED] - x = x.substring(i1, x.length()): null

18-11-2024T02:54:14 - [TEST_STEP][PASSED] - println(x): null

18-11-2024T02:54:14 - [TEST_STEP][PASSED] - i1 = x.indexOf("/") + 1: null

18-11-2024T02:54:14 - [TEST_STEP][PASSED] - if (i1 > -1): null

18-11-2024T02:54:14 - [TEST_STEP][PASSED] - x = x.substring(i1, x.length()): null

18-11-2024T02:54:14 - [TEST_STEP][PASSED] - println(x): null

18-11-2024T02:54:14 - [TEST_STEP][PASSED] - i1 = x.indexOf("/") + 1: null

18-11-2024T02:54:14 - [TEST_STEP][PASSED] - if (i1 > -1): null

18-11-2024T02:54:14 - [TEST_STEP][PASSED] - x = x.substring(i1, x.length()): null

18-11-2024T02:54:14 - [TEST_STEP][PASSED] - println(x): null

18-11-2024T02:54:14 - [TEST_STEP][PASSED] - i1 = x.indexOf("/") + 1: null

18-11-2024T02:54:14 - [TEST_STEP][PASSED] - if (i1 > -1): null

18-11-2024T02:54:14 - [TEST_STEP][PASSED] - x = x.substring(i1, x.length()): null

18-11-2024T02:54:14 - [TEST_STEP][PASSED] - println(x): null

18-11-2024T02:54:14 - [TEST_STEP][PASSED] - i1 = x.indexOf("/"): null

18-11-2024T02:54:14 - [TEST_STEP][PASSED] - if (i1 > -1): null

18-11-2024T02:54:14 - [TEST_STEP][PASSED] - x = x.substring(0, i1): null

18-11-2024T02:54:14 - [TEST_STEP][PASSED] - println(x): null

18-11-2024T02:54:14 - [TEST_STEP][FAILED] - return x: null

18-11-2024T02:54:14 - [TEST_STEP][PASSED] - println(tabR + "/" + tabB): null

18-11-2024T02:54:14 - [TEST_STEP][FAILED] - if (verifyEqual(PercFactR, PercFactB) == false): null

18-11-2024T02:54:14 - [MESSAGE][FAILED] - Unable to verify equal between actual object 'нет данных' and expected object '8.39' (Root cause: com.kms.katalon.core.exception.StepFailedException: Actual object 'нет данных' and expected object '8.39' are not equal
	at com.kms.katalon.core.keyword.builtin.VerifyEqualKeyword$_verifyEqual_closure1.doCall(VerifyEqualKeyword.groovy:58)
	at com.kms.katalon.core.keyword.builtin.VerifyEqualKeyword$_verifyEqual_closure1.call(VerifyEqualKeyword.groovy)
	at com.kms.katalon.core.keyword.internal.KeywordMain.runKeyword(KeywordMain.groovy:75)
	at com.kms.katalon.core.keyword.builtin.VerifyEqualKeyword.verifyEqual(VerifyEqualKeyword.groovy:63)
	at com.kms.katalon.core.keyword.builtin.VerifyEqualKeyword.execute(VerifyEqualKeyword.groovy:44)
	at com.kms.katalon.core.keyword.internal.KeywordExecutor.executeKeywordForPlatform(KeywordExecutor.groovy:74)
	at com.kms.katalon.core.keyword.BuiltinKeywords.verifyEqual(BuiltinKeywords.groovy:146)
	at jdk.internal.reflect.GeneratedMethodAccessor25.invoke(Unknown Source)
	at java.base/jdk.internal.reflect.DelegatingMethodAccessorImpl.invoke(DelegatingMethodAccessorImpl.java:43)
	at Выполнение бизнес-плана сверка дашбордов.CompareDZOData(Выполнение бизнес-плана сверка дашбордов:771)
	at Выполнение бизнес-плана сверка дашбордов.run(Выполнение бизнес-плана сверка дашбордов:663)
	at com.kms.katalon.core.main.ScriptEngine.run(ScriptEngine.java:194)
	at com.kms.katalon.core.main.ScriptEngine.runScriptAsRawText(ScriptEngine.java:119)
	at com.kms.katalon.core.main.TestCaseExecutor.runScript(TestCaseExecutor.java:448)
	at com.kms.katalon.core.main.TestCaseExecutor.doExecute(TestCaseExecutor.java:439)
	at com.kms.katalon.core.main.TestCaseExecutor.processExecutionPhase(TestCaseExecutor.java:418)
	at com.kms.katalon.core.main.TestCaseExecutor.accessMainPhase(TestCaseExecutor.java:410)
	at com.kms.katalon.core.main.TestCaseExecutor.execute(TestCaseExecutor.java:285)
	at com.kms.katalon.core.common.CommonExecutor.accessTestCaseMainPhase(CommonExecutor.java:65)
	at com.kms.katalon.core.main.TestSuiteExecutor.accessTestSuiteMainPhase(TestSuiteExecutor.java:150)
	at com.kms.katalon.core.main.TestSuiteExecutor.execute(TestSuiteExecutor.java:106)
	at com.kms.katalon.core.main.TestCaseMain.startTestSuite(TestCaseMain.java:180)
	at TempTestSuite1731886967590.run(TempTestSuite1731886967590.groovy:35)
	at java.base/jdk.internal.reflect.NativeMethodAccessorImpl.invoke0(Native Method)
	at java.base/jdk.internal.reflect.NativeMethodAccessorImpl.invoke(NativeMethodAccessorImpl.java:77)
	at java.base/jdk.internal.reflect.DelegatingMethodAccessorImpl.invoke(DelegatingMethodAccessorImpl.java:43)
)

18-11-2024T02:54:14 - [TEST_STEP][PASSED] - result = WriteToExcel(typeOfData, todaysDate, PercPlanR, PercPlanB, PercFactR, PercFactB, x, tabR, tabB, o1R, o1B, vidget): null

18-11-2024T02:54:14 - [TEST_STEP][PASSED] - iii = dZO.indexOf("/"): null

18-11-2024T02:54:14 - [TEST_STEP][PASSED] - println(iii): null

18-11-2024T02:54:14 - [TEST_STEP][PASSED] - dZO = dZO.substring(0, iii): null

18-11-2024T02:54:14 - [TEST_STEP][PASSED] - println(dZO): null

18-11-2024T02:54:14 - [TEST_STEP][PASSED] - println(PercPlanR): null

18-11-2024T02:54:14 - [TEST_STEP][PASSED] - println(PercPlanB): null

18-11-2024T02:54:14 - [TEST_STEP][PASSED] - println(PercFactR): null

18-11-2024T02:54:14 - [TEST_STEP][PASSED] - println(PercFactB): null

18-11-2024T02:54:14 - [TEST_STEP][PASSED] - println(tabR): null

18-11-2024T02:54:14 - [TEST_STEP][PASSED] - println(tabB): null

18-11-2024T02:54:14 - [TEST_STEP][PASSED] - println(o1R): null

18-11-2024T02:54:14 - [TEST_STEP][PASSED] - println(o1B): null

18-11-2024T02:54:14 - [TEST_STEP][PASSED] - PR = <not implemented yet for class: org.codehaus.groovy.ast.expr.EmptyExpression>: null

18-11-2024T02:54:14 - [TEST_STEP][PASSED] - FR = <not implemented yet for class: org.codehaus.groovy.ast.expr.EmptyExpression>: null

18-11-2024T02:54:14 - [TEST_STEP][PASSED] - PB = <not implemented yet for class: org.codehaus.groovy.ast.expr.EmptyExpression>: null

18-11-2024T02:54:14 - [TEST_STEP][PASSED] - FB = <not implemented yet for class: org.codehaus.groovy.ast.expr.EmptyExpression>: null

18-11-2024T02:54:14 - [TEST_STEP][PASSED] - TR = <not implemented yet for class: org.codehaus.groovy.ast.expr.EmptyExpression>: null

18-11-2024T02:54:14 - [TEST_STEP][PASSED] - TB = <not implemented yet for class: org.codehaus.groovy.ast.expr.EmptyExpression>: null

18-11-2024T02:54:14 - [TEST_STEP][PASSED] - sheetName = "Sheet1": null

18-11-2024T02:54:14 - [TEST_STEP][PASSED] - data = findTestData("PlanFact"): null

18-11-2024T02:54:14 - [TEST_STEP][PASSED] - n = data.getRowNumbers() + 1: null

18-11-2024T02:54:14 - [TEST_STEP][PASSED] - year = todaysDate.substring(todaysDate.length() - 4, todaysDate.length()): null

18-11-2024T02:54:14 - [TEST_STEP][PASSED] - y = year.toInteger(): null

18-11-2024T02:54:14 - [TEST_STEP][PASSED] - m = getText(findTestObject("Выполнение бизнес-плана/Выполнение бизнес-плана Балансы/Фильтр Дата")): Text of object 'Object Repository/Выполнение бизнес-плана/Выполнение бизнес-плана Балансы/Фильтр Дата' is: '1, 2, 3 кв. 2024 года'

18-11-2024T02:54:14 - [MESSAGE][PASSED] - Text of object 'Object Repository/Выполнение бизнес-плана/Выполнение бизнес-плана Балансы/Фильтр Дата' is: '1, 2, 3 кв. 2024 года'

18-11-2024T02:54:14 - [TEST_STEP][PASSED] - m = m.substring(0, m.indexOf("2024")): null

18-11-2024T02:54:14 - [TEST_STEP][PASSED] - m = m.trim(): null

18-11-2024T02:54:14 - [TEST_STEP][PASSED] - dashboardName = "Выполнение бизнес-плана": null

18-11-2024T02:54:14 - [TEST_STEP][PASSED] - workbook01 = getWorkbook(excelFilePath): null

18-11-2024T02:54:14 - [TEST_STEP][PASSED] - sheet01 = getExcelSheet(workbook01, sheetName): null

18-11-2024T02:54:14 - [TEST_STEP][PASSED] - setValueToCellByIndex(sheet01, n, 0, dashboardName): null

18-11-2024T02:54:14 - [TEST_STEP][PASSED] - setValueToCellByIndex(sheet01, n, 1, dZO): null

18-11-2024T02:54:14 - [TEST_STEP][PASSED] - setValueToCellByIndex(sheet01, n, 2, typeOfData): null

18-11-2024T02:54:14 - [TEST_STEP][PASSED] - setValueToCellByIndex(sheet01, n, 3, typeOfData): null

18-11-2024T02:54:14 - [TEST_STEP][PASSED] - if (typeOfData == "План"): null

18-11-2024T02:54:14 - [TEST_STEP][PASSED] - else if (typeOfData == "Факт"): null

18-11-2024T02:54:14 - [TEST_STEP][PASSED] - else if (vidget.contains("электроэнергии") == true): null

18-11-2024T02:54:14 - [TEST_STEP][PASSED] - if (tabR == null): null

18-11-2024T02:54:14 - [TEST_STEP][PASSED] - else: null

18-11-2024T02:54:14 - [TEST_STEP][PASSED] - if (tabR == "нет данных"): null

18-11-2024T02:54:14 - [TEST_STEP][PASSED] - setValueToCellByIndex(sheet01, n, 4, "нет данных"): null

18-11-2024T02:54:14 - [TEST_STEP][PASSED] - if (tabB == null): null

18-11-2024T02:54:14 - [TEST_STEP][PASSED] - else: null

18-11-2024T02:54:14 - [TEST_STEP][PASSED] - if (tabB == "нет данных"): null

18-11-2024T02:54:14 - [TEST_STEP][PASSED] - else: null

18-11-2024T02:54:14 - [TEST_STEP][PASSED] - TB = tabB.toInteger(): null

18-11-2024T02:54:14 - [TEST_STEP][PASSED] - setValueToCellByIndex(sheet01, n, 5, TB): null

18-11-2024T02:54:14 - [TEST_STEP][PASSED] - setValueToCellByIndex(sheet01, n, 6, m): null

18-11-2024T02:54:14 - [TEST_STEP][PASSED] - setValueToCellByIndex(sheet01, n, 7, y): null

18-11-2024T02:54:14 - [TEST_STEP][PASSED] - setValueToCellByIndex(sheet01, n, 8, todaysDate): null

18-11-2024T02:54:14 - [TEST_STEP][PASSED] - n = n + 1: null

18-11-2024T02:54:14 - [TEST_STEP][PASSED] - saveWorkbook(excelFilePath, workbook01): null

18-11-2024T02:54:14 - [TEST_STEP][PASSED] - ii2 = a.indexOf("ПАО"): null

18-11-2024T02:54:14 - [TEST_STEP][PASSED] - if (ii2 == -1): null

18-11-2024T02:54:14 - [TEST_STEP][PASSED] - vidget = "Отклонения фактического уровня потерь от бизнес-плана": null

18-11-2024T02:54:14 - [TEST_STEP][PASSED] - typeOfData = "Коэффициент": null

18-11-2024T02:54:14 - [TEST_STEP][PASSED] - o1R = Geto1R(x = a): null

18-11-2024T02:54:14 - [TEST_STEP][PASSED] - i1 = <not implemented yet for class: org.codehaus.groovy.ast.expr.EmptyExpression>: null

18-11-2024T02:54:14 - [TEST_STEP][PASSED] - ii = <not implemented yet for class: org.codehaus.groovy.ast.expr.EmptyExpression>: null

18-11-2024T02:54:14 - [TEST_STEP][PASSED] - for ([ii = 1, ii < 10, (ii++)]): null

18-11-2024T02:54:14 - [TEST_STEP][PASSED] - i1 = x.indexOf("/") + 1: null

18-11-2024T02:54:14 - [TEST_STEP][PASSED] - if (i1 > -1): null

18-11-2024T02:54:14 - [TEST_STEP][PASSED] - x = x.substring(i1, x.length()): null

18-11-2024T02:54:14 - [TEST_STEP][PASSED] - i1 = x.indexOf("/") + 1: null

18-11-2024T02:54:14 - [TEST_STEP][PASSED] - if (i1 > -1): null

18-11-2024T02:54:14 - [TEST_STEP][PASSED] - x = x.substring(i1, x.length()): null

18-11-2024T02:54:14 - [TEST_STEP][PASSED] - i1 = x.indexOf("/") + 1: null

18-11-2024T02:54:14 - [TEST_STEP][PASSED] - if (i1 > -1): null

18-11-2024T02:54:14 - [TEST_STEP][PASSED] - x = x.substring(i1, x.length()): null

18-11-2024T02:54:14 - [TEST_STEP][PASSED] - i1 = x.indexOf("/") + 1: null

18-11-2024T02:54:14 - [TEST_STEP][PASSED] - if (i1 > -1): null

18-11-2024T02:54:14 - [TEST_STEP][PASSED] - x = x.substring(i1, x.length()): null

18-11-2024T02:54:14 - [TEST_STEP][PASSED] - i1 = x.indexOf("/") + 1: null

18-11-2024T02:54:14 - [TEST_STEP][PASSED] - if (i1 > -1): null

18-11-2024T02:54:14 - [TEST_STEP][PASSED] - x = x.substring(i1, x.length()): null

18-11-2024T02:54:14 - [TEST_STEP][PASSED] - i1 = x.indexOf("/") + 1: null

18-11-2024T02:54:14 - [TEST_STEP][PASSED] - if (i1 > -1): null

18-11-2024T02:54:14 - [TEST_STEP][PASSED] - x = x.substring(i1, x.length()): null

18-11-2024T02:54:14 - [TEST_STEP][PASSED] - i1 = x.indexOf("/") + 1: null

18-11-2024T02:54:14 - [TEST_STEP][PASSED] - if (i1 > -1): null

18-11-2024T02:54:14 - [TEST_STEP][PASSED] - x = x.substring(i1, x.length()): null

18-11-2024T02:54:14 - [TEST_STEP][PASSED] - i1 = x.indexOf("/") + 1: null

18-11-2024T02:54:14 - [TEST_STEP][PASSED] - if (i1 > -1): null

18-11-2024T02:54:14 - [TEST_STEP][PASSED] - x = x.substring(i1, x.length()): null

18-11-2024T02:54:14 - [TEST_STEP][PASSED] - i1 = x.indexOf("/") + 1: null

18-11-2024T02:54:14 - [TEST_STEP][PASSED] - if (i1 > -1): null

18-11-2024T02:54:14 - [TEST_STEP][PASSED] - x = x.substring(i1, x.length()): null

18-11-2024T02:54:14 - [TEST_STEP][PASSED] - i1 = x.indexOf("/"): null

18-11-2024T02:54:14 - [TEST_STEP][PASSED] - if (i1 > -1): null

18-11-2024T02:54:14 - [TEST_STEP][PASSED] - println(x): null

18-11-2024T02:54:14 - [TEST_STEP][PASSED] - return x: null

18-11-2024T02:54:14 - [TEST_STEP][PASSED] - o1B = Geto1B(x = b): null

18-11-2024T02:54:14 - [TEST_STEP][PASSED] - i1 = <not implemented yet for class: org.codehaus.groovy.ast.expr.EmptyExpression>: null

18-11-2024T02:54:14 - [TEST_STEP][PASSED] - ii = <not implemented yet for class: org.codehaus.groovy.ast.expr.EmptyExpression>: null

18-11-2024T02:54:14 - [TEST_STEP][PASSED] - for ([ii = 1, ii < 10, (ii++)]): null

18-11-2024T02:54:14 - [TEST_STEP][PASSED] - i1 = x.indexOf("/") + 1: null

18-11-2024T02:54:14 - [TEST_STEP][PASSED] - if (i1 > -1): null

18-11-2024T02:54:14 - [TEST_STEP][PASSED] - x = x.substring(i1, x.length()): null

18-11-2024T02:54:14 - [TEST_STEP][PASSED] - i1 = x.indexOf("/") + 1: null

18-11-2024T02:54:14 - [TEST_STEP][PASSED] - if (i1 > -1): null

18-11-2024T02:54:14 - [TEST_STEP][PASSED] - x = x.substring(i1, x.length()): null

18-11-2024T02:54:14 - [TEST_STEP][PASSED] - i1 = x.indexOf("/") + 1: null

18-11-2024T02:54:14 - [TEST_STEP][PASSED] - if (i1 > -1): null

18-11-2024T02:54:14 - [TEST_STEP][PASSED] - x = x.substring(i1, x.length()): null

18-11-2024T02:54:14 - [TEST_STEP][PASSED] - i1 = x.indexOf("/") + 1: null

18-11-2024T02:54:14 - [TEST_STEP][PASSED] - if (i1 > -1): null

18-11-2024T02:54:14 - [TEST_STEP][PASSED] - x = x.substring(i1, x.length()): null

18-11-2024T02:54:14 - [TEST_STEP][PASSED] - i1 = x.indexOf("/") + 1: null

18-11-2024T02:54:14 - [TEST_STEP][PASSED] - if (i1 > -1): null

18-11-2024T02:54:14 - [TEST_STEP][PASSED] - x = x.substring(i1, x.length()): null

18-11-2024T02:54:14 - [TEST_STEP][PASSED] - i1 = x.indexOf("/") + 1: null

18-11-2024T02:54:14 - [TEST_STEP][PASSED] - if (i1 > -1): null

18-11-2024T02:54:14 - [TEST_STEP][PASSED] - x = x.substring(i1, x.length()): null

18-11-2024T02:54:14 - [TEST_STEP][PASSED] - i1 = x.indexOf("/") + 1: null

18-11-2024T02:54:14 - [TEST_STEP][PASSED] - if (i1 > -1): null

18-11-2024T02:54:14 - [TEST_STEP][PASSED] - x = x.substring(i1, x.length()): null

18-11-2024T02:54:14 - [TEST_STEP][PASSED] - i1 = x.indexOf("/") + 1: null

18-11-2024T02:54:14 - [TEST_STEP][PASSED] - if (i1 > -1): null

18-11-2024T02:54:14 - [TEST_STEP][PASSED] - x = x.substring(i1, x.length()): null

18-11-2024T02:54:14 - [TEST_STEP][PASSED] - i1 = x.indexOf("/") + 1: null

18-11-2024T02:54:14 - [TEST_STEP][PASSED] - if (i1 > -1): null

18-11-2024T02:54:14 - [TEST_STEP][PASSED] - x = x.substring(i1, x.length()): null

18-11-2024T02:54:14 - [TEST_STEP][PASSED] - i1 = x.indexOf("/"): null

18-11-2024T02:54:14 - [TEST_STEP][PASSED] - if (i1 > -1): null

18-11-2024T02:54:14 - [TEST_STEP][PASSED] - println(x): null

18-11-2024T02:54:14 - [TEST_STEP][FAILED] - return x: null

18-11-2024T02:54:14 - [TEST_STEP][PASSED] - println(o1R + "/" + o1B): null

18-11-2024T02:54:14 - [TEST_STEP][FAILED] - if (verifyEqual(PercFactR, PercFactB) == false): null

18-11-2024T02:54:14 - [MESSAGE][FAILED] - Unable to verify equal between actual object 'нет данных' and expected object '8.39' (Root cause: com.kms.katalon.core.exception.StepFailedException: Actual object 'нет данных' and expected object '8.39' are not equal
	at com.kms.katalon.core.keyword.builtin.VerifyEqualKeyword$_verifyEqual_closure1.doCall(VerifyEqualKeyword.groovy:58)
	at com.kms.katalon.core.keyword.builtin.VerifyEqualKeyword$_verifyEqual_closure1.call(VerifyEqualKeyword.groovy)
	at com.kms.katalon.core.keyword.internal.KeywordMain.runKeyword(KeywordMain.groovy:75)
	at com.kms.katalon.core.keyword.builtin.VerifyEqualKeyword.verifyEqual(VerifyEqualKeyword.groovy:63)
	at com.kms.katalon.core.keyword.builtin.VerifyEqualKeyword.execute(VerifyEqualKeyword.groovy:44)
	at com.kms.katalon.core.keyword.internal.KeywordExecutor.executeKeywordForPlatform(KeywordExecutor.groovy:74)
	at com.kms.katalon.core.keyword.BuiltinKeywords.verifyEqual(BuiltinKeywords.groovy:146)
	at jdk.internal.reflect.GeneratedMethodAccessor25.invoke(Unknown Source)
	at java.base/jdk.internal.reflect.DelegatingMethodAccessorImpl.invoke(DelegatingMethodAccessorImpl.java:43)
	at Выполнение бизнес-плана сверка дашбордов.CompareDZOData(Выполнение бизнес-плана сверка дашбордов:789)
	at Выполнение бизнес-плана сверка дашбордов.run(Выполнение бизнес-плана сверка дашбордов:663)
	at com.kms.katalon.core.main.ScriptEngine.run(ScriptEngine.java:194)
	at com.kms.katalon.core.main.ScriptEngine.runScriptAsRawText(ScriptEngine.java:119)
	at com.kms.katalon.core.main.TestCaseExecutor.runScript(TestCaseExecutor.java:448)
	at com.kms.katalon.core.main.TestCaseExecutor.doExecute(TestCaseExecutor.java:439)
	at com.kms.katalon.core.main.TestCaseExecutor.processExecutionPhase(TestCaseExecutor.java:418)
	at com.kms.katalon.core.main.TestCaseExecutor.accessMainPhase(TestCaseExecutor.java:410)
	at com.kms.katalon.core.main.TestCaseExecutor.execute(TestCaseExecutor.java:285)
	at com.kms.katalon.core.common.CommonExecutor.accessTestCaseMainPhase(CommonExecutor.java:65)
	at com.kms.katalon.core.main.TestSuiteExecutor.accessTestSuiteMainPhase(TestSuiteExecutor.java:150)
	at com.kms.katalon.core.main.TestSuiteExecutor.execute(TestSuiteExecutor.java:106)
	at com.kms.katalon.core.main.TestCaseMain.startTestSuite(TestCaseMain.java:180)
	at TempTestSuite1731886967590.run(TempTestSuite1731886967590.groovy:35)
	at java.base/jdk.internal.reflect.NativeMethodAccessorImpl.invoke0(Native Method)
	at java.base/jdk.internal.reflect.NativeMethodAccessorImpl.invoke(NativeMethodAccessorImpl.java:77)
	at java.base/jdk.internal.reflect.DelegatingMethodAccessorImpl.invoke(DelegatingMethodAccessorImpl.java:43)
)

18-11-2024T02:54:14 - [TEST_STEP][PASSED] - result = WriteToExcel(typeOfData, todaysDate, PercPlanR, PercPlanB, PercFactR, PercFactB, x, tabR, tabB, o1R, o1B, vidget): null

18-11-2024T02:54:14 - [TEST_STEP][PASSED] - iii = dZO.indexOf("/"): null

18-11-2024T02:54:14 - [TEST_STEP][PASSED] - println(iii): null

18-11-2024T02:54:14 - [TEST_STEP][PASSED] - dZO = dZO.substring(0, iii): null

18-11-2024T02:54:14 - [TEST_STEP][PASSED] - println(dZO): null

18-11-2024T02:54:14 - [TEST_STEP][PASSED] - println(PercPlanR): null

18-11-2024T02:54:14 - [TEST_STEP][PASSED] - println(PercPlanB): null

18-11-2024T02:54:14 - [TEST_STEP][PASSED] - println(PercFactR): null

18-11-2024T02:54:14 - [TEST_STEP][PASSED] - println(PercFactB): null

18-11-2024T02:54:14 - [TEST_STEP][PASSED] - println(tabR): null

18-11-2024T02:54:14 - [TEST_STEP][PASSED] - println(tabB): null

18-11-2024T02:54:14 - [TEST_STEP][PASSED] - println(o1R): null

18-11-2024T02:54:14 - [TEST_STEP][PASSED] - println(o1B): null

18-11-2024T02:54:14 - [TEST_STEP][PASSED] - PR = <not implemented yet for class: org.codehaus.groovy.ast.expr.EmptyExpression>: null

18-11-2024T02:54:14 - [TEST_STEP][PASSED] - FR = <not implemented yet for class: org.codehaus.groovy.ast.expr.EmptyExpression>: null

18-11-2024T02:54:14 - [TEST_STEP][PASSED] - PB = <not implemented yet for class: org.codehaus.groovy.ast.expr.EmptyExpression>: null

18-11-2024T02:54:14 - [TEST_STEP][PASSED] - FB = <not implemented yet for class: org.codehaus.groovy.ast.expr.EmptyExpression>: null

18-11-2024T02:54:14 - [TEST_STEP][PASSED] - TR = <not implemented yet for class: org.codehaus.groovy.ast.expr.EmptyExpression>: null

18-11-2024T02:54:14 - [TEST_STEP][PASSED] - TB = <not implemented yet for class: org.codehaus.groovy.ast.expr.EmptyExpression>: null

18-11-2024T02:54:14 - [TEST_STEP][PASSED] - sheetName = "Sheet1": null

18-11-2024T02:54:14 - [TEST_STEP][PASSED] - data = findTestData("PlanFact"): null

18-11-2024T02:54:14 - [TEST_STEP][PASSED] - n = data.getRowNumbers() + 1: null

18-11-2024T02:54:14 - [TEST_STEP][PASSED] - year = todaysDate.substring(todaysDate.length() - 4, todaysDate.length()): null

18-11-2024T02:54:14 - [TEST_STEP][PASSED] - y = year.toInteger(): null

18-11-2024T02:54:14 - [TEST_STEP][PASSED] - m = getText(findTestObject("Выполнение бизнес-плана/Выполнение бизнес-плана Балансы/Фильтр Дата")): Text of object 'Object Repository/Выполнение бизнес-плана/Выполнение бизнес-плана Балансы/Фильтр Дата' is: '1, 2, 3 кв. 2024 года'

18-11-2024T02:54:15 - [MESSAGE][PASSED] - Text of object 'Object Repository/Выполнение бизнес-плана/Выполнение бизнес-плана Балансы/Фильтр Дата' is: '1, 2, 3 кв. 2024 года'

18-11-2024T02:54:15 - [TEST_STEP][PASSED] - m = m.substring(0, m.indexOf("2024")): null

18-11-2024T02:54:15 - [TEST_STEP][PASSED] - m = m.trim(): null

18-11-2024T02:54:15 - [TEST_STEP][PASSED] - dashboardName = "Выполнение бизнес-плана": null

18-11-2024T02:54:15 - [TEST_STEP][PASSED] - workbook01 = getWorkbook(excelFilePath): null

18-11-2024T02:54:15 - [TEST_STEP][PASSED] - sheet01 = getExcelSheet(workbook01, sheetName): null

18-11-2024T02:54:15 - [TEST_STEP][PASSED] - setValueToCellByIndex(sheet01, n, 0, dashboardName): null

18-11-2024T02:54:15 - [TEST_STEP][PASSED] - setValueToCellByIndex(sheet01, n, 1, dZO): null

18-11-2024T02:54:15 - [TEST_STEP][PASSED] - setValueToCellByIndex(sheet01, n, 2, typeOfData): null

18-11-2024T02:54:15 - [TEST_STEP][PASSED] - setValueToCellByIndex(sheet01, n, 3, typeOfData): null

18-11-2024T02:54:15 - [TEST_STEP][PASSED] - if (typeOfData == "План"): null

18-11-2024T02:54:15 - [TEST_STEP][PASSED] - else if (typeOfData == "Факт"): null

18-11-2024T02:54:15 - [TEST_STEP][PASSED] - else if (vidget.contains("электроэнергии") == true): null

18-11-2024T02:54:15 - [TEST_STEP][PASSED] - else: null

18-11-2024T02:54:15 - [TEST_STEP][PASSED] - if (o1R == null): null

18-11-2024T02:54:15 - [TEST_STEP][PASSED] - else: null

18-11-2024T02:54:15 - [TEST_STEP][PASSED] - if (o1R == "нет данных"): null

18-11-2024T02:54:15 - [TEST_STEP][PASSED] - setValueToCellByIndex(sheet01, n, 4, "нет данных"): null

18-11-2024T02:54:15 - [TEST_STEP][PASSED] - if (o1B == null): null

18-11-2024T02:54:15 - [TEST_STEP][PASSED] - else: null

18-11-2024T02:54:15 - [TEST_STEP][PASSED] - if (o1B == "нет данных"): null

18-11-2024T02:54:15 - [TEST_STEP][PASSED] - else: null

18-11-2024T02:54:15 - [TEST_STEP][PASSED] - FB = o1B.toDouble(): null

18-11-2024T02:54:15 - [TEST_STEP][PASSED] - setValueToCellByIndex(sheet01, n, 5, FB): null

18-11-2024T02:54:15 - [TEST_STEP][PASSED] - setValueToCellByIndex(sheet01, n, 6, m): null

18-11-2024T02:54:15 - [TEST_STEP][PASSED] - setValueToCellByIndex(sheet01, n, 7, y): null

18-11-2024T02:54:15 - [TEST_STEP][PASSED] - setValueToCellByIndex(sheet01, n, 8, todaysDate): null

18-11-2024T02:54:15 - [TEST_STEP][PASSED] - n = n + 1: null

18-11-2024T02:54:15 - [TEST_STEP][PASSED] - saveWorkbook(excelFilePath, workbook01): null

18-11-2024T02:54:15 - [TEST_STEP][PASSED] - closeBrowser(): Browser is closed

18-11-2024T02:54:15 - [MESSAGE][PASSED] - Browser is closed]]></system-out>
         <system-err><![CDATA[18-11-2024T02:42:52 - [TEST_CASE][FAILED] - Test Cases/Сверки дашбордов/Выполнение бизнес-плана сверка дашбордов: Test Cases/Сверки дашбордов/Выполнение бизнес-плана сверка дашбордов FAILED.
Reason:
com.kms.katalon.core.exception.StepFailedException: Unable to verify object is present (Root cause: com.kms.katalon.core.exception.StepFailedException: Unable to verify object is present
	at com.kms.katalon.core.webui.keyword.internal.WebUIKeywordMain.stepFailed(WebUIKeywordMain.groovy:64)
	at com.kms.katalon.core.webui.keyword.internal.WebUIKeywordMain.runKeyword(WebUIKeywordMain.groovy:26)
	at com.kms.katalon.core.webui.keyword.builtin.VerifyElementPresentKeyword.verifyElementPresent(VerifyElementPresentKeyword.groovy:92)
	at com.kms.katalon.core.webui.keyword.builtin.VerifyElementPresentKeyword.execute(VerifyElementPresentKeyword.groovy:68)
	at com.kms.katalon.core.keyword.internal.KeywordExecutor.executeKeywordForPlatform(KeywordExecutor.groovy:74)
	at com.kms.katalon.core.webui.keyword.WebUiBuiltInKeywords.verifyElementPresent(WebUiBuiltInKeywords.groovy:1503)
	at Выполнение бизнес-плана сверка дашбордов.GetAllPAOData(Выполнение бизнес-плана сверка дашбордов:862)
	at Выполнение бизнес-плана сверка дашбордов.run(Выполнение бизнес-плана сверка дашбордов:362)
	at com.kms.katalon.core.main.ScriptEngine.run(ScriptEngine.java:194)
	at com.kms.katalon.core.main.ScriptEngine.runScriptAsRawText(ScriptEngine.java:119)
	at com.kms.katalon.core.main.TestCaseExecutor.runScript(TestCaseExecutor.java:448)
	at com.kms.katalon.core.main.TestCaseExecutor.doExecute(TestCaseExecutor.java:439)
	at com.kms.katalon.core.main.TestCaseExecutor.processExecutionPhase(TestCaseExecutor.java:418)
	at com.kms.katalon.core.main.TestCaseExecutor.accessMainPhase(TestCaseExecutor.java:410)
	at com.kms.katalon.core.main.TestCaseExecutor.execute(TestCaseExecutor.java:285)
	at com.kms.katalon.core.common.CommonExecutor.accessTestCaseMainPhase(CommonExecutor.java:65)
	at com.kms.katalon.core.main.TestSuiteExecutor.accessTestSuiteMainPhase(TestSuiteExecutor.java:150)
	at com.kms.katalon.core.main.TestSuiteExecutor.execute(TestSuiteExecutor.java:106)
	at com.kms.katalon.core.main.TestCaseMain.startTestSuite(TestCaseMain.java:180)
	at TempTestSuite1731886967590.run(TempTestSuite1731886967590.groovy:35)
	at java.base/jdk.internal.reflect.NativeMethodAccessorImpl.invoke0(Native Method)
	at java.base/jdk.internal.reflect.NativeMethodAccessorImpl.invoke(NativeMethodAccessorImpl.java:77)
	at java.base/jdk.internal.reflect.DelegatingMethodAccessorImpl.invoke(DelegatingMethodAccessorImpl.java:43)
Caused by: java.lang.IllegalArgumentException: Object is null
	at com.kms.katalon.core.helper.KeywordHelper.checkTestObjectParameter(KeywordHelper.java:33)
	at com.kms.katalon.core.webui.keyword.builtin.VerifyElementPresentKeyword$_verifyElementPresent_closure1.doCall(VerifyElementPresentKeyword.groovy:76)
	at com.kms.katalon.core.webui.keyword.builtin.VerifyElementPresentKeyword$_verifyElementPresent_closure1.call(VerifyElementPresentKeyword.groovy)
	at com.kms.katalon.core.webui.keyword.internal.WebUIKeywordMain.runKeyword(WebUIKeywordMain.groovy:20)
	at com.kms.katalon.core.webui.keyword.builtin.VerifyElementPresentKeyword.verifyElementPresent(VerifyElementPresentKeyword.groovy:92)
	at com.kms.katalon.core.webui.keyword.builtin.VerifyElementPresentKeyword.execute(VerifyElementPresentKeyword.groovy:68)
	at com.kms.katalon.core.keyword.internal.KeywordExecutor.executeKeywordForPlatform(KeywordExecutor.groovy:74)
	at com.kms.katalon.core.webui.keyword.WebUiBuiltInKeywords.verifyElementPresent(WebUiBuiltInKeywords.groovy:1503)
	at Script1719299571342.GetAllPAOData(Script1719299571342.groovy:862)
	at Script1719299571342.run(Script1719299571342.groovy:362)
	... 15 more
)
	at com.kms.katalon.core.keyword.internal.KeywordMain.stepFailed(KeywordMain.groovy:39)
	at com.kms.katalon.core.webui.keyword.internal.WebUIKeywordMain.stepFailed(WebUIKeywordMain.groovy:64)
	at com.kms.katalon.core.webui.keyword.internal.WebUIKeywordMain.runKeyword(WebUIKeywordMain.groovy:26)
	at com.kms.katalon.core.webui.keyword.builtin.VerifyElementPresentKeyword.verifyElementPresent(VerifyElementPresentKeyword.groovy:92)
	at com.kms.katalon.core.webui.keyword.builtin.VerifyElementPresentKeyword.execute(VerifyElementPresentKeyword.groovy:68)
	at com.kms.katalon.core.keyword.internal.KeywordExecutor.executeKeywordForPlatform(KeywordExecutor.groovy:74)
	at com.kms.katalon.core.webui.keyword.WebUiBuiltInKeywords.verifyElementPresent(WebUiBuiltInKeywords.groovy:1503)
	at Выполнение бизнес-плана сверка дашбордов.GetAllPAOData(Выполнение бизнес-плана сверка дашбордов:862)
	at Выполнение бизнес-плана сверка дашбордов.run(Выполнение бизнес-плана сверка дашбордов:362)
	at com.kms.katalon.core.main.ScriptEngine.run(ScriptEngine.java:194)
	at com.kms.katalon.core.main.ScriptEngine.runScriptAsRawText(ScriptEngine.java:119)
	at com.kms.katalon.core.main.TestCaseExecutor.runScript(TestCaseExecutor.java:448)
	at com.kms.katalon.core.main.TestCaseExecutor.doExecute(TestCaseExecutor.java:439)
	at com.kms.katalon.core.main.TestCaseExecutor.processExecutionPhase(TestCaseExecutor.java:418)
	at com.kms.katalon.core.main.TestCaseExecutor.accessMainPhase(TestCaseExecutor.java:410)
	at com.kms.katalon.core.main.TestCaseExecutor.execute(TestCaseExecutor.java:285)
	at com.kms.katalon.core.common.CommonExecutor.accessTestCaseMainPhase(CommonExecutor.java:65)
	at com.kms.katalon.core.main.TestSuiteExecutor.accessTestSuiteMainPhase(TestSuiteExecutor.java:150)
	at com.kms.katalon.core.main.TestSuiteExecutor.execute(TestSuiteExecutor.java:106)
	at com.kms.katalon.core.main.TestCaseMain.startTestSuite(TestCaseMain.java:180)
	at TempTestSuite1731886967590.run(TempTestSuite1731886967590.groovy:35)
	at java.base/jdk.internal.reflect.NativeMethodAccessorImpl.invoke0(Native Method)
	at java.base/jdk.internal.reflect.NativeMethodAccessorImpl.invoke(NativeMethodAccessorImpl.java:77)
	at java.base/jdk.internal.reflect.DelegatingMethodAccessorImpl.invoke(DelegatingMethodAccessorImpl.java:43)
Caused by: com.kms.katalon.core.exception.StepFailedException: Unable to verify object is present
	... 23 more
Caused by: java.lang.IllegalArgumentException: Object is null
	at com.kms.katalon.core.helper.KeywordHelper.checkTestObjectParameter(KeywordHelper.java:33)
	at com.kms.katalon.core.webui.keyword.builtin.VerifyElementPresentKeyword$_verifyElementPresent_closure1.doCall(VerifyElementPresentKeyword.groovy:76)
	at com.kms.katalon.core.webui.keyword.builtin.VerifyElementPresentKeyword$_verifyElementPresent_closure1.call(VerifyElementPresentKeyword.groovy)
	at com.kms.katalon.core.webui.keyword.internal.WebUIKeywordMain.runKeyword(WebUIKeywordMain.groovy:20)
	... 21 more]]></system-err>
      </testcase>
      <testcase name="Test Cases/Сверки дашбордов/Выручка в рублях сверка дашбордов ПАО Россети" time="5076.026" classname="Test Cases/Сверки дашбордов/Выручка в рублях сверка дашбордов ПАО Россети" status="FAILED">
         <failure type="FAILED" message="Test Cases/Сверки дашбордов/Выручка в рублях сверка дашбордов ПАО Россети FAILED.&#xa;Reason:&#xa;com.kms.katalon.core.exception.StepFailedException: Unable to verify equal between actual object '-23.84' and expected object '2.54' (Root cause: com.kms.katalon.core.exception.StepFailedException: Actual object '-23.84' and expected object '2.54' are not equal&#xa;	at com.kms.katalon.core.keyword.builtin.VerifyEqualKeyword$_verifyEqual_closure1.doCall(VerifyEqualKeyword.groovy:58)&#xa;	at com.kms.katalon.core.keyword.builtin.VerifyEqualKeyword$_verifyEqual_closure1.call(VerifyEqualKeyword.groovy)&#xa;	at com.kms.katalon.core.keyword.internal.KeywordMain.runKeyword(KeywordMain.groovy:75)&#xa;	at com.kms.katalon.core.keyword.builtin.VerifyEqualKeyword.verifyEqual(VerifyEqualKeyword.groovy:63)&#xa;	at com.kms.katalon.core.keyword.builtin.VerifyEqualKeyword.execute(VerifyEqualKeyword.groovy:44)&#xa;	at com.kms.katalon.core.keyword.internal.KeywordExecutor.executeKeywordForPlatform(KeywordExecutor.groovy:74)&#xa;	at com.kms.katalon.core.keyword.BuiltinKeywords.verifyEqual(BuiltinKeywords.groovy:146)&#xa;	at jdk.internal.reflect.GeneratedMethodAccessor25.invoke(Unknown Source)&#xa;	at java.base/jdk.internal.reflect.DelegatingMethodAccessorImpl.invoke(DelegatingMethodAccessorImpl.java:43)&#xa;	at Выручка в рублях сверка дашбордов ПАО Россети.Blocks(Выручка в рублях сверка дашбордов ПАО Россети:357)&#xa;	at Выручка в рублях сверка дашбордов ПАО Россети.ViruchkaChange(Выручка в рублях сверка дашбордов ПАО Россети:60)&#xa;	at Выручка в рублях сверка дашбордов ПАО Россети.run(Выручка в рублях сверка дашбордов ПАО Россети:55)&#xa;	at com.kms.katalon.core.main.ScriptEngine.run(ScriptEngine.java:194)&#xa;	at com.kms.katalon.core.main.ScriptEngine.runScriptAsRawText(ScriptEngine.java:119)&#xa;	at com.kms.katalon.core.main.TestCaseExecutor.runScript(TestCaseExecutor.java:448)&#xa;	at com.kms.katalon.core.main.TestCaseExecutor.doExecute(TestCaseExecutor.java:439)&#xa;	at com.kms.katalon.core.main.TestCaseExecutor.processExecutionPhase(TestCaseExecutor.java:418)&#xa;	at com.kms.katalon.core.main.TestCaseExecutor.accessMainPhase(TestCaseExecutor.java:410)&#xa;	at com.kms.katalon.core.main.TestCaseExecutor.execute(TestCaseExecutor.java:285)&#xa;	at com.kms.katalon.core.common.CommonExecutor.accessTestCaseMainPhase(CommonExecutor.java:65)&#xa;	at com.kms.katalon.core.main.TestSuiteExecutor.accessTestSuiteMainPhase(TestSuiteExecutor.java:150)&#xa;	at com.kms.katalon.core.main.TestSuiteExecutor.execute(TestSuiteExecutor.java:106)&#xa;	at com.kms.katalon.core.main.TestCaseMain.startTestSuite(TestCaseMain.java:180)&#xa;	at TempTestSuite1731886967590.run(TempTestSuite1731886967590.groovy:35)&#xa;	at java.base/jdk.internal.reflect.NativeMethodAccessorImpl.invoke0(Native Method)&#xa;	at java.base/jdk.internal.reflect.NativeMethodAccessorImpl.invoke(NativeMethodAccessorImpl.java:77)&#xa;	at java.base/jdk.internal.reflect.DelegatingMethodAccessorImpl.invoke(DelegatingMethodAccessorImpl.java:43)&#xa;)&#xa;	at com.kms.katalon.core.keyword.internal.KeywordMain.stepFailed(KeywordMain.groovy:39)&#xa;	at com.kms.katalon.core.keyword.internal.KeywordMain.stepFailed(KeywordMain.groovy)&#xa;	at com.kms.katalon.core.keyword.internal.KeywordMain.runKeyword(KeywordMain.groovy:77)&#xa;	at com.kms.katalon.core.keyword.builtin.VerifyEqualKeyword.verifyEqual(VerifyEqualKeyword.groovy:63)&#xa;	at com.kms.katalon.core.keyword.builtin.VerifyEqualKeyword.execute(VerifyEqualKeyword.groovy:44)&#xa;	at com.kms.katalon.core.keyword.internal.KeywordExecutor.executeKeywordForPlatform(KeywordExecutor.groovy:74)&#xa;	at com.kms.katalon.core.keyword.BuiltinKeywords.verifyEqual(BuiltinKeywords.groovy:146)&#xa;	at jdk.internal.reflect.GeneratedMethodAccessor25.invoke(Unknown Source)&#xa;	at java.base/jdk.internal.reflect.DelegatingMethodAccessorImpl.invoke(DelegatingMethodAccessorImpl.java:43)&#xa;	at Выручка в рублях сверка дашбордов ПАО Россети.Blocks(Выручка в рублях сверка дашбордов ПАО Россети:357)&#xa;	at Выручка в рублях сверка дашбордов ПАО Россети.ViruchkaChange(Выручка в рублях сверка дашбордов ПАО Россети:60)&#xa;	at Выручка в рублях сверка дашбордов ПАО Россети.run(Выручка в рублях сверка дашбордов ПАО Россети:55)&#xa;	at com.kms.katalon.core.main.ScriptEngine.run(ScriptEngine.java:194)&#xa;	at com.kms.katalon.core.main.ScriptEngine.runScriptAsRawText(ScriptEngine.java:119)&#xa;	at com.kms.katalon.core.main.TestCaseExecutor.runScript(TestCaseExecutor.java:448)&#xa;	at com.kms.katalon.core.main.TestCaseExecutor.doExecute(TestCaseExecutor.java:439)&#xa;	at com.kms.katalon.core.main.TestCaseExecutor.processExecutionPhase(TestCaseExecutor.java:418)&#xa;	at com.kms.katalon.core.main.TestCaseExecutor.accessMainPhase(TestCaseExecutor.java:410)&#xa;	at com.kms.katalon.core.main.TestCaseExecutor.execute(TestCaseExecutor.java:285)&#xa;	at com.kms.katalon.core.common.CommonExecutor.accessTestCaseMainPhase(CommonExecutor.java:65)&#xa;	at com.kms.katalon.core.main.TestSuiteExecutor.accessTestSuiteMainPhase(TestSuiteExecutor.java:150)&#xa;	at com.kms.katalon.core.main.TestSuiteExecutor.execute(TestSuiteExecutor.java:106)&#xa;	at com.kms.katalon.core.main.TestCaseMain.startTestSuite(TestCaseMain.java:180)&#xa;	at TempTestSuite1731886967590.run(TempTestSuite1731886967590.groovy:35)&#xa;	at java.base/jdk.internal.reflect.NativeMethodAccessorImpl.invoke0(Native Method)&#xa;	at java.base/jdk.internal.reflect.NativeMethodAccessorImpl.invoke(NativeMethodAccessorImpl.java:77)&#xa;	at java.base/jdk.internal.reflect.DelegatingMethodAccessorImpl.invoke(DelegatingMethodAccessorImpl.java:43)&#xa;Caused by: com.kms.katalon.core.exception.StepFailedException: Actual object '-23.84' and expected object '2.54' are not equal&#xa;	at com.kms.katalon.core.keyword.builtin.VerifyEqualKeyword$_verifyEqual_closure1.doCall(VerifyEqualKeyword.groovy:58)&#xa;	at com.kms.katalon.core.keyword.builtin.VerifyEqualKeyword$_verifyEqual_closure1.call(VerifyEqualKeyword.groovy)&#xa;	at com.kms.katalon.core.keyword.internal.KeywordMain.runKeyword(KeywordMain.groovy:75)&#xa;	... 24 more&#xa;"/>
         <system-out><![CDATA[18-11-2024T02:54:15 - [TEST_CASE][FAILED] - Test Cases/Сверки дашбордов/Выручка в рублях сверка дашбордов ПАО Россети: Test Cases/Сверки дашбордов/Выручка в рублях сверка дашбордов ПАО Россети FAILED.
Reason:
com.kms.katalon.core.exception.StepFailedException: Unable to verify equal between actual object '-23.84' and expected object '2.54' (Root cause: com.kms.katalon.core.exception.StepFailedException: Actual object '-23.84' and expected object '2.54' are not equal
	at com.kms.katalon.core.keyword.builtin.VerifyEqualKeyword$_verifyEqual_closure1.doCall(VerifyEqualKeyword.groovy:58)
	at com.kms.katalon.core.keyword.builtin.VerifyEqualKeyword$_verifyEqual_closure1.call(VerifyEqualKeyword.groovy)
	at com.kms.katalon.core.keyword.internal.KeywordMain.runKeyword(KeywordMain.groovy:75)
	at com.kms.katalon.core.keyword.builtin.VerifyEqualKeyword.verifyEqual(VerifyEqualKeyword.groovy:63)
	at com.kms.katalon.core.keyword.builtin.VerifyEqualKeyword.execute(VerifyEqualKeyword.groovy:44)
	at com.kms.katalon.core.keyword.internal.KeywordExecutor.executeKeywordForPlatform(KeywordExecutor.groovy:74)
	at com.kms.katalon.core.keyword.BuiltinKeywords.verifyEqual(BuiltinKeywords.groovy:146)
	at jdk.internal.reflect.GeneratedMethodAccessor25.invoke(Unknown Source)
	at java.base/jdk.internal.reflect.DelegatingMethodAccessorImpl.invoke(DelegatingMethodAccessorImpl.java:43)
	at Выручка в рублях сверка дашбордов ПАО Россети.Blocks(Выручка в рублях сверка дашбордов ПАО Россети:357)
	at Выручка в рублях сверка дашбордов ПАО Россети.ViruchkaChange(Выручка в рублях сверка дашбордов ПАО Россети:60)
	at Выручка в рублях сверка дашбордов ПАО Россети.run(Выручка в рублях сверка дашбордов ПАО Россети:55)
	at com.kms.katalon.core.main.ScriptEngine.run(ScriptEngine.java:194)
	at com.kms.katalon.core.main.ScriptEngine.runScriptAsRawText(ScriptEngine.java:119)
	at com.kms.katalon.core.main.TestCaseExecutor.runScript(TestCaseExecutor.java:448)
	at com.kms.katalon.core.main.TestCaseExecutor.doExecute(TestCaseExecutor.java:439)
	at com.kms.katalon.core.main.TestCaseExecutor.processExecutionPhase(TestCaseExecutor.java:418)
	at com.kms.katalon.core.main.TestCaseExecutor.accessMainPhase(TestCaseExecutor.java:410)
	at com.kms.katalon.core.main.TestCaseExecutor.execute(TestCaseExecutor.java:285)
	at com.kms.katalon.core.common.CommonExecutor.accessTestCaseMainPhase(CommonExecutor.java:65)
	at com.kms.katalon.core.main.TestSuiteExecutor.accessTestSuiteMainPhase(TestSuiteExecutor.java:150)
	at com.kms.katalon.core.main.TestSuiteExecutor.execute(TestSuiteExecutor.java:106)
	at com.kms.katalon.core.main.TestCaseMain.startTestSuite(TestCaseMain.java:180)
	at TempTestSuite1731886967590.run(TempTestSuite1731886967590.groovy:35)
	at java.base/jdk.internal.reflect.NativeMethodAccessorImpl.invoke0(Native Method)
	at java.base/jdk.internal.reflect.NativeMethodAccessorImpl.invoke(NativeMethodAccessorImpl.java:77)
	at java.base/jdk.internal.reflect.DelegatingMethodAccessorImpl.invoke(DelegatingMethodAccessorImpl.java:43)
)
	at com.kms.katalon.core.keyword.internal.KeywordMain.stepFailed(KeywordMain.groovy:39)
	at com.kms.katalon.core.keyword.internal.KeywordMain.stepFailed(KeywordMain.groovy)
	at com.kms.katalon.core.keyword.internal.KeywordMain.runKeyword(KeywordMain.groovy:77)
	at com.kms.katalon.core.keyword.builtin.VerifyEqualKeyword.verifyEqual(VerifyEqualKeyword.groovy:63)
	at com.kms.katalon.core.keyword.builtin.VerifyEqualKeyword.execute(VerifyEqualKeyword.groovy:44)
	at com.kms.katalon.core.keyword.internal.KeywordExecutor.executeKeywordForPlatform(KeywordExecutor.groovy:74)
	at com.kms.katalon.core.keyword.BuiltinKeywords.verifyEqual(BuiltinKeywords.groovy:146)
	at jdk.internal.reflect.GeneratedMethodAccessor25.invoke(Unknown Source)
	at java.base/jdk.internal.reflect.DelegatingMethodAccessorImpl.invoke(DelegatingMethodAccessorImpl.java:43)
	at Выручка в рублях сверка дашбордов ПАО Россети.Blocks(Выручка в рублях сверка дашбордов ПАО Россети:357)
	at Выручка в рублях сверка дашбордов ПАО Россети.ViruchkaChange(Выручка в рублях сверка дашбордов ПАО Россети:60)
	at Выручка в рублях сверка дашбордов ПАО Россети.run(Выручка в рублях сверка дашбордов ПАО Россети:55)
	at com.kms.katalon.core.main.ScriptEngine.run(ScriptEngine.java:194)
	at com.kms.katalon.core.main.ScriptEngine.runScriptAsRawText(ScriptEngine.java:119)
	at com.kms.katalon.core.main.TestCaseExecutor.runScript(TestCaseExecutor.java:448)
	at com.kms.katalon.core.main.TestCaseExecutor.doExecute(TestCaseExecutor.java:439)
	at com.kms.katalon.core.main.TestCaseExecutor.processExecutionPhase(TestCaseExecutor.java:418)
	at com.kms.katalon.core.main.TestCaseExecutor.accessMainPhase(TestCaseExecutor.java:410)
	at com.kms.katalon.core.main.TestCaseExecutor.execute(TestCaseExecutor.java:285)
	at com.kms.katalon.core.common.CommonExecutor.accessTestCaseMainPhase(CommonExecutor.java:65)
	at com.kms.katalon.core.main.TestSuiteExecutor.accessTestSuiteMainPhase(TestSuiteExecutor.java:150)
	at com.kms.katalon.core.main.TestSuiteExecutor.execute(TestSuiteExecutor.java:106)
	at com.kms.katalon.core.main.TestCaseMain.startTestSuite(TestCaseMain.java:180)
	at TempTestSuite1731886967590.run(TempTestSuite1731886967590.groovy:35)
	at java.base/jdk.internal.reflect.NativeMethodAccessorImpl.invoke0(Native Method)
	at java.base/jdk.internal.reflect.NativeMethodAccessorImpl.invoke(NativeMethodAccessorImpl.java:77)
	at java.base/jdk.internal.reflect.DelegatingMethodAccessorImpl.invoke(DelegatingMethodAccessorImpl.java:43)
Caused by: com.kms.katalon.core.exception.StepFailedException: Actual object '-23.84' and expected object '2.54' are not equal
	at com.kms.katalon.core.keyword.builtin.VerifyEqualKeyword$_verifyEqual_closure1.doCall(VerifyEqualKeyword.groovy:58)
	at com.kms.katalon.core.keyword.builtin.VerifyEqualKeyword$_verifyEqual_closure1.call(VerifyEqualKeyword.groovy)
	at com.kms.katalon.core.keyword.internal.KeywordMain.runKeyword(KeywordMain.groovy:75)
	... 24 more


18-11-2024T02:54:16 - [TEST_STEP][PASSED] - date = new java.util.Date(): null

18-11-2024T02:54:16 - [TEST_STEP][PASSED] - todaysDate = date.format("dd.MM.yyyy"): null

18-11-2024T02:54:16 - [TEST_STEP][PASSED] - println(todaysDate): null

18-11-2024T02:54:16 - [TEST_STEP][PASSED] - run = 1: null

18-11-2024T02:54:16 - [TEST_STEP][PASSED] - vir = 1: null

18-11-2024T02:54:16 - [TEST_STEP][PASSED] - block = 1: null

18-11-2024T02:54:16 - [TEST_STEP][PASSED] - vidget = <not implemented yet for class: org.codehaus.groovy.ast.expr.EmptyExpression>: null

18-11-2024T02:54:16 - [TEST_STEP][PASSED] - nameOfBlock = <not implemented yet for class: org.codehaus.groovy.ast.expr.EmptyExpression>: null

18-11-2024T02:54:16 - [TEST_STEP][PASSED] - typeOfData = <not implemented yet for class: org.codehaus.groovy.ast.expr.EmptyExpression>: null

18-11-2024T02:54:16 - [TEST_STEP][PASSED] - viruchka = <not implemented yet for class: org.codehaus.groovy.ast.expr.EmptyExpression>: null

18-11-2024T02:54:16 - [TEST_STEP][PASSED] - a = <not implemented yet for class: org.codehaus.groovy.ast.expr.EmptyExpression>: null

18-11-2024T02:54:16 - [TEST_STEP][PASSED] - b = <not implemented yet for class: org.codehaus.groovy.ast.expr.EmptyExpression>: null

18-11-2024T02:54:16 - [TEST_STEP][PASSED] - x = <not implemented yet for class: org.codehaus.groovy.ast.expr.EmptyExpression>: null

18-11-2024T02:54:16 - [TEST_STEP][PASSED] - y = <not implemented yet for class: org.codehaus.groovy.ast.expr.EmptyExpression>: null

18-11-2024T02:54:16 - [TEST_STEP][PASSED] - dZO = "ПАО Россети": null

18-11-2024T02:54:16 - [TEST_STEP][PASSED] - for ([run = 1, run < 3, (run++)]): null

18-11-2024T02:54:16 - [TEST_STEP][PASSED] - Script1710234207206.ViruchkaChange(run, vir, block, nameOfBlock, typeOfData, viruchka, vidget, todaysDate, a, b, dZO, x, y): null

18-11-2024T02:54:16 - [TEST_STEP][PASSED] - for ([vir = 1, vir < 4, (vir++)]): null

18-11-2024T02:54:16 - [TEST_STEP][PASSED] - Script1710234207206.Blocks(run, vir, block, nameOfBlock, typeOfData, viruchka, vidget, todaysDate, a, b, dZO, x, y): null

18-11-2024T02:54:16 - [TEST_STEP][PASSED] - i = <not implemented yet for class: org.codehaus.groovy.ast.expr.EmptyExpression>: null

18-11-2024T02:54:16 - [TEST_STEP][PASSED] - perc = "": null

18-11-2024T02:54:16 - [TEST_STEP][PASSED] - a1 = <not implemented yet for class: org.codehaus.groovy.ast.expr.EmptyExpression>: null

18-11-2024T02:54:16 - [TEST_STEP][PASSED] - a2 = <not implemented yet for class: org.codehaus.groovy.ast.expr.EmptyExpression>: null

18-11-2024T02:54:16 - [TEST_STEP][PASSED] - a30 = <not implemented yet for class: org.codehaus.groovy.ast.expr.EmptyExpression>: null

18-11-2024T02:54:16 - [TEST_STEP][PASSED] - a31 = <not implemented yet for class: org.codehaus.groovy.ast.expr.EmptyExpression>: null

18-11-2024T02:54:16 - [TEST_STEP][PASSED] - a32 = <not implemented yet for class: org.codehaus.groovy.ast.expr.EmptyExpression>: null

18-11-2024T02:54:16 - [TEST_STEP][PASSED] - a33 = <not implemented yet for class: org.codehaus.groovy.ast.expr.EmptyExpression>: null

18-11-2024T02:54:16 - [TEST_STEP][PASSED] - a34 = <not implemented yet for class: org.codehaus.groovy.ast.expr.EmptyExpression>: null

18-11-2024T02:54:16 - [TEST_STEP][PASSED] - a35 = <not implemented yet for class: org.codehaus.groovy.ast.expr.EmptyExpression>: null

18-11-2024T02:54:16 - [TEST_STEP][PASSED] - a36 = <not implemented yet for class: org.codehaus.groovy.ast.expr.EmptyExpression>: null

18-11-2024T02:54:16 - [TEST_STEP][PASSED] - a37 = <not implemented yet for class: org.codehaus.groovy.ast.expr.EmptyExpression>: null

18-11-2024T02:54:16 - [TEST_STEP][PASSED] - a38 = <not implemented yet for class: org.codehaus.groovy.ast.expr.EmptyExpression>: null

18-11-2024T02:54:16 - [TEST_STEP][PASSED] - a39 = <not implemented yet for class: org.codehaus.groovy.ast.expr.EmptyExpression>: null

18-11-2024T02:54:16 - [TEST_STEP][PASSED] - a310 = <not implemented yet for class: org.codehaus.groovy.ast.expr.EmptyExpression>: null

18-11-2024T02:54:16 - [TEST_STEP][PASSED] - a311 = <not implemented yet for class: org.codehaus.groovy.ast.expr.EmptyExpression>: null

18-11-2024T02:54:16 - [TEST_STEP][PASSED] - a312 = <not implemented yet for class: org.codehaus.groovy.ast.expr.EmptyExpression>: null

18-11-2024T02:54:16 - [TEST_STEP][PASSED] - a313 = <not implemented yet for class: org.codehaus.groovy.ast.expr.EmptyExpression>: null

18-11-2024T02:54:16 - [TEST_STEP][PASSED] - a314 = <not implemented yet for class: org.codehaus.groovy.ast.expr.EmptyExpression>: null

18-11-2024T02:54:16 - [TEST_STEP][PASSED] - a315 = <not implemented yet for class: org.codehaus.groovy.ast.expr.EmptyExpression>: null

18-11-2024T02:54:16 - [TEST_STEP][PASSED] - a316 = <not implemented yet for class: org.codehaus.groovy.ast.expr.EmptyExpression>: null

18-11-2024T02:54:16 - [TEST_STEP][PASSED] - a317 = <not implemented yet for class: org.codehaus.groovy.ast.expr.EmptyExpression>: null

18-11-2024T02:54:16 - [TEST_STEP][PASSED] - b1 = <not implemented yet for class: org.codehaus.groovy.ast.expr.EmptyExpression>: null

18-11-2024T02:54:16 - [TEST_STEP][PASSED] - b2 = <not implemented yet for class: org.codehaus.groovy.ast.expr.EmptyExpression>: null

18-11-2024T02:54:16 - [TEST_STEP][PASSED] - b30 = <not implemented yet for class: org.codehaus.groovy.ast.expr.EmptyExpression>: null

18-11-2024T02:54:16 - [TEST_STEP][PASSED] - b31 = <not implemented yet for class: org.codehaus.groovy.ast.expr.EmptyExpression>: null

18-11-2024T02:54:16 - [TEST_STEP][PASSED] - b32 = <not implemented yet for class: org.codehaus.groovy.ast.expr.EmptyExpression>: null

18-11-2024T02:54:16 - [TEST_STEP][PASSED] - b33 = <not implemented yet for class: org.codehaus.groovy.ast.expr.EmptyExpression>: null

18-11-2024T02:54:16 - [TEST_STEP][PASSED] - b34 = <not implemented yet for class: org.codehaus.groovy.ast.expr.EmptyExpression>: null

18-11-2024T02:54:16 - [TEST_STEP][PASSED] - b35 = <not implemented yet for class: org.codehaus.groovy.ast.expr.EmptyExpression>: null

18-11-2024T02:54:16 - [TEST_STEP][PASSED] - b36 = <not implemented yet for class: org.codehaus.groovy.ast.expr.EmptyExpression>: null

18-11-2024T02:54:16 - [TEST_STEP][PASSED] - b37 = <not implemented yet for class: org.codehaus.groovy.ast.expr.EmptyExpression>: null

18-11-2024T02:54:16 - [TEST_STEP][PASSED] - b38 = <not implemented yet for class: org.codehaus.groovy.ast.expr.EmptyExpression>: null

18-11-2024T02:54:16 - [TEST_STEP][PASSED] - b39 = <not implemented yet for class: org.codehaus.groovy.ast.expr.EmptyExpression>: null

18-11-2024T02:54:16 - [TEST_STEP][PASSED] - b310 = <not implemented yet for class: org.codehaus.groovy.ast.expr.EmptyExpression>: null

18-11-2024T02:54:16 - [TEST_STEP][PASSED] - b311 = <not implemented yet for class: org.codehaus.groovy.ast.expr.EmptyExpression>: null

18-11-2024T02:54:16 - [TEST_STEP][PASSED] - b312 = <not implemented yet for class: org.codehaus.groovy.ast.expr.EmptyExpression>: null

18-11-2024T02:54:16 - [TEST_STEP][PASSED] - b313 = <not implemented yet for class: org.codehaus.groovy.ast.expr.EmptyExpression>: null

18-11-2024T02:54:16 - [TEST_STEP][PASSED] - b314 = <not implemented yet for class: org.codehaus.groovy.ast.expr.EmptyExpression>: null

18-11-2024T02:54:16 - [TEST_STEP][PASSED] - b315 = <not implemented yet for class: org.codehaus.groovy.ast.expr.EmptyExpression>: null

18-11-2024T02:54:16 - [TEST_STEP][PASSED] - b316 = <not implemented yet for class: org.codehaus.groovy.ast.expr.EmptyExpression>: null

18-11-2024T02:54:16 - [TEST_STEP][PASSED] - b317 = <not implemented yet for class: org.codehaus.groovy.ast.expr.EmptyExpression>: null

18-11-2024T02:54:16 - [TEST_STEP][PASSED] - block = 1: null

18-11-2024T02:54:16 - [TEST_STEP][PASSED] - nameOfBlock = "": null

18-11-2024T02:54:16 - [TEST_STEP][PASSED] - Script1710234207206.PreSettings(run, vir, block, nameOfBlock, typeOfData, todaysDate): null

18-11-2024T02:54:16 - [TEST_STEP][PASSED] - openBrowser(""): Browser is opened with url: ''

18-11-2024T02:54:16 - [MESSAGE][INFO] - Starting 'Chrome' driver

18-11-2024T02:54:16 - [MESSAGE][INFO] - Action delay is set to 0 milliseconds

18-11-2024T02:54:17 - [MESSAGE][PASSED] - Browser is opened with url: ''

18-11-2024T02:54:17 - [TEST_STEP][PASSED] - refresh(): Refresh successfully

18-11-2024T02:54:17 - [MESSAGE][PASSED] - Refresh successfully

18-11-2024T02:54:17 - [TEST_STEP][PASSED] - delay(50): Delayed 50 second(s)

18-11-2024T02:55:07 - [MESSAGE][PASSED] - Delayed 50 second(s)

18-11-2024T02:55:07 - [TEST_STEP][PASSED] - println("run:" + run): null

18-11-2024T02:55:07 - [TEST_STEP][PASSED] - println("vir:" + vir): null

18-11-2024T02:55:07 - [TEST_STEP][PASSED] - println("block:" + block): null

18-11-2024T02:55:07 - [TEST_STEP][PASSED] - if (block == 1): null

18-11-2024T02:55:07 - [TEST_STEP][PASSED] - nameOfBlock = "": null

18-11-2024T02:55:07 - [TEST_STEP][PASSED] - println("nameOfBlock:" + nameOfBlock): null

18-11-2024T02:55:07 - [TEST_STEP][PASSED] - println("typeOfData:" + typeOfData): null

18-11-2024T02:55:07 - [TEST_STEP][PASSED] - println("todaysDate:" + todaysDate): null

18-11-2024T02:55:07 - [TEST_STEP][PASSED] - Script1710234207206.Autorization(block, nameOfBlock): null

18-11-2024T02:55:07 - [TEST_STEP][PASSED] - i = <not implemented yet for class: org.codehaus.groovy.ast.expr.EmptyExpression>: null

18-11-2024T02:55:07 - [TEST_STEP][PASSED] - ii = <not implemented yet for class: org.codehaus.groovy.ast.expr.EmptyExpression>: null

18-11-2024T02:55:07 - [TEST_STEP][PASSED] - urlData = <not implemented yet for class: org.codehaus.groovy.ast.expr.EmptyExpression>: null

18-11-2024T02:55:07 - [TEST_STEP][PASSED] - searchWord = <not implemented yet for class: org.codehaus.groovy.ast.expr.EmptyExpression>: null

18-11-2024T02:55:07 - [TEST_STEP][PASSED] - urlText = <not implemented yet for class: org.codehaus.groovy.ast.expr.EmptyExpression>: null

18-11-2024T02:55:07 - [TEST_STEP][PASSED] - println("block:" + block): null

18-11-2024T02:55:07 - [TEST_STEP][PASSED] - if (block == 1): null

18-11-2024T02:55:07 - [TEST_STEP][PASSED] - nameOfBlock = "": null

18-11-2024T02:55:07 - [TEST_STEP][PASSED] - println("nameOfBlock:" + nameOfBlock): null

18-11-2024T02:55:07 - [TEST_STEP][PASSED] - if (block == 1): Delayed 45 second(s)

18-11-2024T02:55:07 - [TEST_STEP][PASSED] - urlData = 2: null

18-11-2024T02:55:07 - [TEST_STEP][PASSED] - delay(45): Delayed 45 second(s)

18-11-2024T02:55:52 - [MESSAGE][PASSED] - Delayed 45 second(s)

18-11-2024T02:55:52 - [TEST_STEP][PASSED] - navigateToUrl(findTestData("PlanFact").getValue(10, urlData)): Navigate to 'https://bi.rosseti.digital/viewer?dashboardGuid=2301950b23be4ed89c1df75f2020051e&sheetGuid=b723206f698544fb87299f3095c00435&fit=true' successfully

18-11-2024T02:56:00 - [MESSAGE][PASSED] - Navigate to 'https://bi.rosseti.digital/viewer?dashboardGuid=2301950b23be4ed89c1df75f2020051e&sheetGuid=b723206f698544fb87299f3095c00435&fit=true' successfully

18-11-2024T02:56:00 - [TEST_STEP][PASSED] - urlText = getText(findTestObject("Страница авторизации/Text")): Text of object 'Object Repository/Страница авторизации/Text' is: 'Вход'

18-11-2024T02:56:00 - [MESSAGE][PASSED] - Text of object 'Object Repository/Страница авторизации/Text' is: 'Вход'

18-11-2024T02:56:00 - [TEST_STEP][PASSED] - searchWord = "Вход": null

18-11-2024T02:56:00 - [TEST_STEP][PASSED] - if (urlText == null || urlText.contains("ошибка") || urlText.contains(searchWord) == false): null

18-11-2024T02:56:00 - [TEST_STEP][PASSED] - if (verifyElementPresent(findTestObject("Страница авторизации/button_"), 30) == true): null

18-11-2024T02:56:00 - [MESSAGE][PASSED] - Object 'Object Repository/Страница авторизации/button_' is present

18-11-2024T02:56:00 - [TEST_STEP][PASSED] - setText(findTestObject("Страница авторизации/input__username"), findTestData("PlanFact").getValue(8, 1)): Text 'liazgina-di' is set on object 'Object Repository/Страница авторизации/input__username'

18-11-2024T02:56:01 - [MESSAGE][PASSED] - Text 'liazgina-di' is set on object 'Object Repository/Страница авторизации/input__username'

18-11-2024T02:56:01 - [TEST_STEP][PASSED] - setText(findTestObject("Страница авторизации/input__password"), findTestData("PlanFact").getValue(9, 1)): Text ')$%5srZ8o688Dm#q' is set on object 'Object Repository/Страница авторизации/input__password'

18-11-2024T02:56:02 - [MESSAGE][PASSED] - Text ')$%5srZ8o688Dm#q' is set on object 'Object Repository/Страница авторизации/input__password'

18-11-2024T02:56:02 - [TEST_STEP][PASSED] - click(findTestObject("Страница авторизации/button_")): Object: 'Object Repository/Страница авторизации/button_' is clicked on

18-11-2024T02:56:04 - [MESSAGE][PASSED] - Object: 'Object Repository/Страница авторизации/button_' is clicked on

18-11-2024T02:56:04 - [TEST_STEP][PASSED] - delay(45): Delayed 45 second(s)

18-11-2024T02:56:49 - [MESSAGE][PASSED] - Delayed 45 second(s)

18-11-2024T02:56:49 - [TEST_STEP][PASSED] - urlText = getText(findTestObject("Страница авторизации/Text")): Text of object 'Object Repository/Страница авторизации/Text' is: 'Период
1, 2, 3 кв. 2024 года
Выручка
Все
Выполнение плановых показателей по ПАО Россети за 1, 2, 3 кв. 2024 года
План
Факт
Динамика
2024 год
0 млн.руб.
100 000 млн.руб.
200 000 млн.руб.
300 000 млн.руб.
400 000 млн.руб.
500 000 млн.руб.
600 000 млн.руб.
700 000 млн.руб.
800 000 млн.руб.
900 000 млн.руб.
1 000 000 млн.руб.
1 100 000 млн.руб.
1 200 000 млн.руб.
1 300 000 млн.руб.
1 056 816
1 083 641
↑
ДЗО 
Все
Внутренний оборот - выручка за услуги по передаче электрической энергии, учтенная в выручке за электроэнергию для конечных потребителей, при выполнении ДЗО функций гарантирующего поставщика
Подписи данных
⬤Отклонение
АО «Тываэнерго»
АО «Чеченэнерго»
Россети Волга
Россети Кубань
Россети Ленэнерго (ГК)
Россети Московский регион
Россети Северный Кавказ (ГК)
Россети Северо-Запад
Россети Сибирь (ГК)
Россети Томск
Россети Тюмень
Россети Урал (ГК)
Россети ФСК ЕЭС
Россети Центр
Россети Центр и Приволжье (ГК)
Россети Юг (ГК)
Россети Янтарь
-4 000млн.руб.
-2 000млн.руб.
0 млн.руб.
2 000млн.руб.
4 000млн.руб.
6 000млн.руб.
8 00…
-6 000млн.руб.
239
68
25
3 470
3 855
6 900
821
839
2 116
213
-4 312
1 715
1 999
3 410
3 873
1 315
277
млн.
%
Выручка
Отклонение выручки по ПАО Россети за 1, 2, 3 кв. 2024 года (факт/план, млн. руб)
ПАО Россети
26 824.9 млн.руб.
 '

18-11-2024T02:56:50 - [MESSAGE][PASSED] - Text of object 'Object Repository/Страница авторизации/Text' is: 'Период
1, 2, 3 кв. 2024 года
Выручка
Все
Выполнение плановых показателей по ПАО Россети за 1, 2, 3 кв. 2024 года
План
Факт
Динамика
2024 год
0 млн.руб.
100 000 млн.руб.
200 000 млн.руб.
300 000 млн.руб.
400 000 млн.руб.
500 000 млн.руб.
600 000 млн.руб.
700 000 млн.руб.
800 000 млн.руб.
900 000 млн.руб.
1 000 000 млн.руб.
1 100 000 млн.руб.
1 200 000 млн.руб.
1 300 000 млн.руб.
1 056 816
1 083 641
↑
ДЗО 
Все
Внутренний оборот - выручка за услуги по передаче электрической энергии, учтенная в выручке за электроэнергию для конечных потребителей, при выполнении ДЗО функций гарантирующего поставщика
Подписи данных
⬤Отклонение
АО «Тываэнерго»
АО «Чеченэнерго»
Россети Волга
Россети Кубань
Россети Ленэнерго (ГК)
Россети Московский регион
Россети Северный Кавказ (ГК)
Россети Северо-Запад
Россети Сибирь (ГК)
Россети Томск
Россети Тюмень
Россети Урал (ГК)
Россети ФСК ЕЭС
Россети Центр
Россети Центр и Приволжье (ГК)
Россети Юг (ГК)
Россети Янтарь
-4 000млн.руб.
-2 000млн.руб.
0 млн.руб.
2 000млн.руб.
4 000млн.руб.
6 000млн.руб.
8 00…
-6 000млн.руб.
239
68
25
3 470
3 855
6 900
821
839
2 116
213
-4 312
1 715
1 999
3 410
3 873
1 315
277
млн.
%
Выручка
Отклонение выручки по ПАО Россети за 1, 2, 3 кв. 2024 года (факт/план, млн. руб)
ПАО Россети
26 824.9 млн.руб.
 '

18-11-2024T02:56:50 - [TEST_STEP][PASSED] - searchWord = "а": null

18-11-2024T02:56:50 - [TEST_STEP][PASSED] - if (urlText.contains("ошибка") || urlText.contains(searchWord) == false): null

18-11-2024T02:56:50 - [TEST_STEP][PASSED] - delay(45): Delayed 45 second(s)

18-11-2024T02:57:35 - [MESSAGE][PASSED] - Delayed 45 second(s)

18-11-2024T02:57:35 - [TEST_STEP][PASSED] - if (block == 2): null

18-11-2024T02:57:35 - [TEST_STEP][PASSED] - click(findTestObject("Выручка в рублях/Фильтр Период" + nameOfBlock)): Object: 'Object Repository/Выручка в рублях/Фильтр Период' is clicked on

18-11-2024T02:57:35 - [MESSAGE][PASSED] - Object: 'Object Repository/Выручка в рублях/Фильтр Период' is clicked on

18-11-2024T02:57:35 - [TEST_STEP][PASSED] - click(findTestObject("Выручка в рублях/Снять выделение в фильтре Дата" + nameOfBlock)): Object: 'Object Repository/Выручка в рублях/Снять выделение в фильтре Дата' is clicked on

18-11-2024T02:57:36 - [MESSAGE][PASSED] - Object: 'Object Repository/Выручка в рублях/Снять выделение в фильтре Дата' is clicked on

18-11-2024T02:57:36 - [TEST_STEP][PASSED] - click(findTestObject("Выручка в рублях/Применить в фильтре Дата" + nameOfBlock)): Object: 'Object Repository/Выручка в рублях/Применить в фильтре Дата' is clicked on

18-11-2024T02:57:36 - [MESSAGE][PASSED] - Object: 'Object Repository/Выручка в рублях/Применить в фильтре Дата' is clicked on

18-11-2024T02:57:36 - [TEST_STEP][PASSED] - delay(50): Delayed 50 second(s)

18-11-2024T02:58:26 - [MESSAGE][PASSED] - Delayed 50 second(s)

18-11-2024T02:58:26 - [TEST_STEP][PASSED] - click(findTestObject("Выручка в рублях/Фильтр Период" + nameOfBlock)): Object: 'Object Repository/Выручка в рублях/Фильтр Период' is clicked on

18-11-2024T02:58:27 - [MESSAGE][PASSED] - Object: 'Object Repository/Выручка в рублях/Фильтр Период' is clicked on

18-11-2024T02:58:27 - [TEST_STEP][PASSED] - click(findTestObject("Выручка в рублях/Снять выделение в фильтре Дата" + nameOfBlock)): Object: 'Object Repository/Выручка в рублях/Снять выделение в фильтре Дата' is clicked on

18-11-2024T02:58:27 - [MESSAGE][PASSED] - Object: 'Object Repository/Выручка в рублях/Снять выделение в фильтре Дата' is clicked on

18-11-2024T02:58:27 - [TEST_STEP][PASSED] - scrollToElement(findTestObject("Выручка в рублях/2024 список" + nameOfBlock), 30): Scroll to object 'Object Repository/Выручка в рублях/2024 список' successfully

18-11-2024T02:58:27 - [MESSAGE][PASSED] - Scroll to object 'Object Repository/Выручка в рублях/2024 список' successfully

18-11-2024T02:58:27 - [TEST_STEP][PASSED] - click(findTestObject("Выручка в рублях/2024 список" + nameOfBlock)): Object: 'Object Repository/Выручка в рублях/2024 список' is clicked on

18-11-2024T02:58:28 - [MESSAGE][PASSED] - Object: 'Object Repository/Выручка в рублях/2024 список' is clicked on

18-11-2024T02:58:28 - [TEST_STEP][PASSED] - scrollToElement(findTestObject("Выручка в рублях/1 квартал 2024 выбрать" + nameOfBlock), 30): Scroll to object 'Object Repository/Выручка в рублях/1 квартал 2024 выбрать' successfully

18-11-2024T02:58:28 - [MESSAGE][PASSED] - Scroll to object 'Object Repository/Выручка в рублях/1 квартал 2024 выбрать' successfully

18-11-2024T02:58:28 - [TEST_STEP][PASSED] - click(findTestObject("Выручка в рублях/1 квартал 2024 выбрать" + nameOfBlock)): Object: 'Object Repository/Выручка в рублях/1 квартал 2024 выбрать' is clicked on

18-11-2024T02:58:29 - [MESSAGE][PASSED] - Object: 'Object Repository/Выручка в рублях/1 квартал 2024 выбрать' is clicked on

18-11-2024T02:58:29 - [TEST_STEP][PASSED] - scrollToElement(findTestObject("Выручка в рублях/2 квартал 2024 выбрать" + nameOfBlock), 30): Scroll to object 'Object Repository/Выручка в рублях/2 квартал 2024 выбрать' successfully

18-11-2024T02:58:29 - [MESSAGE][PASSED] - Scroll to object 'Object Repository/Выручка в рублях/2 квартал 2024 выбрать' successfully

18-11-2024T02:58:29 - [TEST_STEP][PASSED] - click(findTestObject("Выручка в рублях/2 квартал 2024 выбрать" + nameOfBlock)): Object: 'Object Repository/Выручка в рублях/2 квартал 2024 выбрать' is clicked on

18-11-2024T02:58:29 - [MESSAGE][PASSED] - Object: 'Object Repository/Выручка в рублях/2 квартал 2024 выбрать' is clicked on

18-11-2024T02:58:29 - [TEST_STEP][PASSED] - scrollToElement(findTestObject("Выручка в рублях/3 квартал 2024 список" + nameOfBlock), 30): Scroll to object 'Object Repository/Выручка в рублях/3 квартал 2024 список' successfully

18-11-2024T02:58:30 - [MESSAGE][PASSED] - Scroll to object 'Object Repository/Выручка в рублях/3 квартал 2024 список' successfully

18-11-2024T02:58:30 - [TEST_STEP][PASSED] - click(findTestObject("Выручка в рублях/3 квартал 2024" + nameOfBlock)): Object: 'Object Repository/Выручка в рублях/3 квартал 2024' is clicked on

18-11-2024T02:58:30 - [MESSAGE][PASSED] - Object: 'Object Repository/Выручка в рублях/3 квартал 2024' is clicked on

18-11-2024T02:58:30 - [TEST_STEP][PASSED] - scrollToElement(findTestObject("Выручка в рублях/Заголовок дашборда" + nameOfBlock), 30): Scroll to object 'Object Repository/Выручка в рублях/Заголовок дашборда' successfully

18-11-2024T02:58:31 - [MESSAGE][PASSED] - Scroll to object 'Object Repository/Выручка в рублях/Заголовок дашборда' successfully

18-11-2024T02:58:31 - [TEST_STEP][PASSED] - click(findTestObject("Выручка в рублях/Применить в фильтре Дата" + nameOfBlock)): Object: 'Object Repository/Выручка в рублях/Применить в фильтре Дата' is clicked on

18-11-2024T02:58:31 - [MESSAGE][PASSED] - Object: 'Object Repository/Выручка в рублях/Применить в фильтре Дата' is clicked on

18-11-2024T02:58:31 - [TEST_STEP][PASSED] - delay(55): Delayed 55 second(s)

18-11-2024T02:59:26 - [MESSAGE][PASSED] - Delayed 55 second(s)

18-11-2024T02:59:26 - [TEST_STEP][PASSED] - click(findTestObject("Выручка в рублях/Фильтр ДЗО" + nameOfBlock)): Object: 'Object Repository/Выручка в рублях/Фильтр ДЗО' is clicked on

18-11-2024T02:59:27 - [MESSAGE][PASSED] - Object: 'Object Repository/Выручка в рублях/Фильтр ДЗО' is clicked on

18-11-2024T02:59:27 - [TEST_STEP][PASSED] - click(findTestObject("Выручка в рублях/Снять выделение в фильтре ДЗО" + nameOfBlock)): Object: 'Object Repository/Выручка в рублях/Снять выделение в фильтре ДЗО' is clicked on

18-11-2024T02:59:27 - [MESSAGE][PASSED] - Object: 'Object Repository/Выручка в рублях/Снять выделение в фильтре ДЗО' is clicked on

18-11-2024T02:59:27 - [TEST_STEP][PASSED] - click(findTestObject("Выручка в рублях/Применить в фильтре ДЗО" + nameOfBlock)): Object: 'Object Repository/Выручка в рублях/Применить в фильтре ДЗО' is clicked on

18-11-2024T02:59:28 - [MESSAGE][PASSED] - Object: 'Object Repository/Выручка в рублях/Применить в фильтре ДЗО' is clicked on

18-11-2024T02:59:28 - [TEST_STEP][PASSED] - delay(50): Delayed 50 second(s)

18-11-2024T03:00:18 - [MESSAGE][PASSED] - Delayed 50 second(s)

18-11-2024T03:00:18 - [TEST_STEP][PASSED] - Script1710234207206.Tumbler(run, vir, block, nameOfBlock): null

18-11-2024T03:00:18 - [TEST_STEP][PASSED] - println("run:" + run): null

18-11-2024T03:00:18 - [TEST_STEP][PASSED] - println("vir:" + vir): null

18-11-2024T03:00:18 - [TEST_STEP][PASSED] - println("block:" + block): null

18-11-2024T03:00:18 - [TEST_STEP][PASSED] - println("nameOfBlock:" + nameOfBlock): null

18-11-2024T03:00:18 - [TEST_STEP][PASSED] - if (vir == 1): null

18-11-2024T03:00:18 - [TEST_STEP][PASSED] - if (run == 2): null

18-11-2024T03:00:18 - [TEST_STEP][PASSED] - click(findTestObject("Выручка в рублях/Фильтр ДЗО" + nameOfBlock)): Object: 'Object Repository/Выручка в рублях/Фильтр ДЗО' is clicked on

18-11-2024T03:00:18 - [MESSAGE][PASSED] - Object: 'Object Repository/Выручка в рублях/Фильтр ДЗО' is clicked on

18-11-2024T03:00:18 - [TEST_STEP][PASSED] - Script1710234207206.Rosseti(nameOfBlock): null

18-11-2024T03:00:18 - [TEST_STEP][PASSED] - println("nameOfBlock:" + nameOfBlock): null

18-11-2024T03:00:18 - [TEST_STEP][PASSED] - click(findTestObject("Выручка в рублях/ПАО Россети" + nameOfBlock)): Object: 'Object Repository/Выручка в рублях/ПАО Россети' is clicked on

18-11-2024T03:00:19 - [MESSAGE][PASSED] - Object: 'Object Repository/Выручка в рублях/ПАО Россети' is clicked on

18-11-2024T03:00:19 - [TEST_STEP][PASSED] - click(findTestObject("Выручка в рублях/Применить в фильтре ДЗО" + nameOfBlock)): Object: 'Object Repository/Выручка в рублях/Применить в фильтре ДЗО' is clicked on

18-11-2024T03:00:19 - [MESSAGE][PASSED] - Object: 'Object Repository/Выручка в рублях/Применить в фильтре ДЗО' is clicked on

18-11-2024T03:00:19 - [TEST_STEP][PASSED] - if (run == 2): null

18-11-2024T03:00:19 - [TEST_STEP][PASSED] - if (vir == 1 || vir == 2): Text of object 'Object Repository/Выручка в рублях/График План' is: '1 056 816'

18-11-2024T03:00:19 - [TEST_STEP][PASSED] - a1 = getText(findTestObject("Выручка в рублях/График План")): Text of object 'Object Repository/Выручка в рублях/График План' is: '1 056 816'

18-11-2024T03:00:21 - [MESSAGE][PASSED] - Text of object 'Object Repository/Выручка в рублях/График План' is: '1 056 816'

18-11-2024T03:00:21 - [TEST_STEP][PASSED] - if (vir == 1 || vir == 2): Text of object 'Object Repository/Выручка в рублях/График Факт' is: '1 083 641'

18-11-2024T03:00:21 - [TEST_STEP][PASSED] - a2 = getText(findTestObject("Выручка в рублях/График Факт")): Text of object 'Object Repository/Выручка в рублях/График Факт' is: '1 083 641'

18-11-2024T03:00:22 - [MESSAGE][PASSED] - Text of object 'Object Repository/Выручка в рублях/График Факт' is: '1 083 641'

18-11-2024T03:00:22 - [TEST_STEP][PASSED] - a30 = getText(findTestObject("Выручка в рублях/span1" + perc)): Text of object 'Object Repository/Выручка в рублях/span1' is: '26 824.9 млн.руб.'

18-11-2024T03:00:22 - [MESSAGE][PASSED] - Text of object 'Object Repository/Выручка в рублях/span1' is: '26 824.9 млн.руб.'

18-11-2024T03:00:22 - [TEST_STEP][PASSED] - i = a30.indexOf("млн.руб."): null

18-11-2024T03:00:22 - [TEST_STEP][PASSED] - if (i > -1): null

18-11-2024T03:00:22 - [TEST_STEP][PASSED] - a30 = a30.substring(0, i): null

18-11-2024T03:00:22 - [TEST_STEP][PASSED] - a30 = a30.replaceAll(" ", ""): null

18-11-2024T03:00:22 - [TEST_STEP][PASSED] - if (a30.contains("%")): null

18-11-2024T03:00:22 - [TEST_STEP][PASSED] - a30 = ").trim(): null

18-11-2024T03:00:22 - [TEST_STEP][PASSED] - println("a30: " + a30): null

18-11-2024T03:00:22 - [TEST_STEP][PASSED] - if (vir == 1 || vir == 2): Text of object 'Object Repository/Выручка в рублях/span2' is: '239'

18-11-2024T03:00:22 - [TEST_STEP][PASSED] - a31 = ").trim(): Text of object 'Object Repository/Выручка в рублях/span2' is: '239'

18-11-2024T03:00:22 - [MESSAGE][PASSED] - Text of object 'Object Repository/Выручка в рублях/span2' is: '239'

18-11-2024T03:00:22 - [TEST_STEP][PASSED] - if (vir == 1 || vir == 2): Text of object 'Object Repository/Выручка в рублях/span3' is: '68'

18-11-2024T03:00:22 - [TEST_STEP][PASSED] - a32 = ").trim(): Text of object 'Object Repository/Выручка в рублях/span3' is: '68'

18-11-2024T03:00:23 - [MESSAGE][PASSED] - Text of object 'Object Repository/Выручка в рублях/span3' is: '68'

18-11-2024T03:00:23 - [TEST_STEP][PASSED] - if (vir == 1 || vir == 2): Text of object 'Object Repository/Выручка в рублях/span8' is: '821'

18-11-2024T03:00:23 - [TEST_STEP][PASSED] - a33 = ").trim(): Text of object 'Object Repository/Выручка в рублях/span4' is: '25'

18-11-2024T03:00:23 - [MESSAGE][PASSED] - Text of object 'Object Repository/Выручка в рублях/span4' is: '25'

18-11-2024T03:00:23 - [TEST_STEP][PASSED] - a34 = ").trim(): Text of object 'Object Repository/Выручка в рублях/span5' is: '3 470'

18-11-2024T03:00:23 - [MESSAGE][PASSED] - Text of object 'Object Repository/Выручка в рублях/span5' is: '3 470'

18-11-2024T03:00:23 - [TEST_STEP][PASSED] - a35 = ").trim(): Text of object 'Object Repository/Выручка в рублях/span6' is: '3 855'

18-11-2024T03:00:24 - [MESSAGE][PASSED] - Text of object 'Object Repository/Выручка в рублях/span6' is: '3 855'

18-11-2024T03:00:24 - [TEST_STEP][PASSED] - a36 = ").trim(): Text of object 'Object Repository/Выручка в рублях/span7' is: '6 900'

18-11-2024T03:00:24 - [MESSAGE][PASSED] - Text of object 'Object Repository/Выручка в рублях/span7' is: '6 900'

18-11-2024T03:00:24 - [TEST_STEP][PASSED] - a37 = ").trim(): Text of object 'Object Repository/Выручка в рублях/span8' is: '821'

18-11-2024T03:00:24 - [MESSAGE][PASSED] - Text of object 'Object Repository/Выручка в рублях/span8' is: '821'

18-11-2024T03:00:24 - [TEST_STEP][PASSED] - if (vir == 1 || vir == 2): Text of object 'Object Repository/Выручка в рублях/span17' is: '1 315'

18-11-2024T03:00:24 - [TEST_STEP][PASSED] - a38 = ").trim(): Text of object 'Object Repository/Выручка в рублях/span9' is: '839'

18-11-2024T03:00:24 - [MESSAGE][PASSED] - Text of object 'Object Repository/Выручка в рублях/span9' is: '839'

18-11-2024T03:00:24 - [TEST_STEP][PASSED] - a39 = ").trim(): Text of object 'Object Repository/Выручка в рублях/span10' is: '2 116'

18-11-2024T03:00:25 - [MESSAGE][PASSED] - Text of object 'Object Repository/Выручка в рублях/span10' is: '2 116'

18-11-2024T03:00:25 - [TEST_STEP][PASSED] - a310 = ").trim(): Text of object 'Object Repository/Выручка в рублях/span11' is: '213'

18-11-2024T03:00:25 - [MESSAGE][PASSED] - Text of object 'Object Repository/Выручка в рублях/span11' is: '213'

18-11-2024T03:00:25 - [TEST_STEP][PASSED] - a311 = ").trim(): Text of object 'Object Repository/Выручка в рублях/span12' is: '-4 312'

18-11-2024T03:00:25 - [MESSAGE][PASSED] - Text of object 'Object Repository/Выручка в рублях/span12' is: '-4 312'

18-11-2024T03:00:25 - [TEST_STEP][PASSED] - a312 = ").trim(): Text of object 'Object Repository/Выручка в рублях/span13' is: '1 715'

18-11-2024T03:00:26 - [MESSAGE][PASSED] - Text of object 'Object Repository/Выручка в рублях/span13' is: '1 715'

18-11-2024T03:00:26 - [TEST_STEP][PASSED] - a313 = ").trim(): Text of object 'Object Repository/Выручка в рублях/span14' is: '1 999'

18-11-2024T03:00:26 - [MESSAGE][PASSED] - Text of object 'Object Repository/Выручка в рублях/span14' is: '1 999'

18-11-2024T03:00:26 - [TEST_STEP][PASSED] - a314 = ").trim(): Text of object 'Object Repository/Выручка в рублях/span15' is: '3 410'

18-11-2024T03:00:26 - [MESSAGE][PASSED] - Text of object 'Object Repository/Выручка в рублях/span15' is: '3 410'

18-11-2024T03:00:26 - [TEST_STEP][PASSED] - a315 = ").trim(): Text of object 'Object Repository/Выручка в рублях/span16' is: '3 873'

18-11-2024T03:00:27 - [MESSAGE][PASSED] - Text of object 'Object Repository/Выручка в рублях/span16' is: '3 873'

18-11-2024T03:00:27 - [TEST_STEP][PASSED] - a316 = ").trim(): Text of object 'Object Repository/Выручка в рублях/span17' is: '1 315'

18-11-2024T03:00:27 - [MESSAGE][PASSED] - Text of object 'Object Repository/Выручка в рублях/span17' is: '1 315'

18-11-2024T03:00:27 - [TEST_STEP][PASSED] - if (vir == 1 || vir == 2): Text of object 'Object Repository/Выручка в рублях/span18' is: '277'

18-11-2024T03:00:27 - [TEST_STEP][PASSED] - a317 = ").trim(): Text of object 'Object Repository/Выручка в рублях/span18' is: '277'

18-11-2024T03:00:27 - [MESSAGE][PASSED] - Text of object 'Object Repository/Выручка в рублях/span18' is: '277'

18-11-2024T03:00:27 - [TEST_STEP][PASSED] - block = 2: null

18-11-2024T03:00:27 - [TEST_STEP][PASSED] - nameOfBlock = " Выручка": null

18-11-2024T03:00:27 - [TEST_STEP][PASSED] - Script1710234207206.PreSettings(run, vir, block, nameOfBlock, typeOfData, todaysDate): null

18-11-2024T03:00:27 - [TEST_STEP][PASSED] - openBrowser(""): Browser is opened with url: ''

18-11-2024T03:00:27 - [MESSAGE][WARNING] - A browser is already opened. Closing browser and opening a new one

18-11-2024T03:00:27 - [MESSAGE][INFO] - Starting 'Chrome' driver

18-11-2024T03:00:27 - [MESSAGE][INFO] - Action delay is set to 0 milliseconds

18-11-2024T03:00:28 - [MESSAGE][PASSED] - Browser is opened with url: ''

18-11-2024T03:00:28 - [TEST_STEP][PASSED] - refresh(): Refresh successfully

18-11-2024T03:00:28 - [MESSAGE][PASSED] - Refresh successfully

18-11-2024T03:00:28 - [TEST_STEP][PASSED] - delay(50): Delayed 50 second(s)

18-11-2024T03:01:18 - [MESSAGE][PASSED] - Delayed 50 second(s)

18-11-2024T03:01:18 - [TEST_STEP][PASSED] - println("run:" + run): null

18-11-2024T03:01:18 - [TEST_STEP][PASSED] - println("vir:" + vir): null

18-11-2024T03:01:18 - [TEST_STEP][PASSED] - println("block:" + block): null

18-11-2024T03:01:18 - [TEST_STEP][PASSED] - if (block == 1): null

18-11-2024T03:01:18 - [TEST_STEP][PASSED] - else: null

18-11-2024T03:01:18 - [TEST_STEP][PASSED] - nameOfBlock = " Выручка": null

18-11-2024T03:01:18 - [TEST_STEP][PASSED] - println("nameOfBlock:" + nameOfBlock): null

18-11-2024T03:01:18 - [TEST_STEP][PASSED] - println("typeOfData:" + typeOfData): null

18-11-2024T03:01:18 - [TEST_STEP][PASSED] - println("todaysDate:" + todaysDate): null

18-11-2024T03:01:18 - [TEST_STEP][PASSED] - Script1710234207206.Autorization(block, nameOfBlock): null

18-11-2024T03:01:18 - [TEST_STEP][PASSED] - i = <not implemented yet for class: org.codehaus.groovy.ast.expr.EmptyExpression>: null

18-11-2024T03:01:18 - [TEST_STEP][PASSED] - ii = <not implemented yet for class: org.codehaus.groovy.ast.expr.EmptyExpression>: null

18-11-2024T03:01:18 - [TEST_STEP][PASSED] - urlData = <not implemented yet for class: org.codehaus.groovy.ast.expr.EmptyExpression>: null

18-11-2024T03:01:18 - [TEST_STEP][PASSED] - searchWord = <not implemented yet for class: org.codehaus.groovy.ast.expr.EmptyExpression>: null

18-11-2024T03:01:18 - [TEST_STEP][PASSED] - urlText = <not implemented yet for class: org.codehaus.groovy.ast.expr.EmptyExpression>: null

18-11-2024T03:01:18 - [TEST_STEP][PASSED] - println("block:" + block): null

18-11-2024T03:01:18 - [TEST_STEP][PASSED] - if (block == 1): null

18-11-2024T03:01:18 - [TEST_STEP][PASSED] - else: null

18-11-2024T03:01:18 - [TEST_STEP][PASSED] - delay(45): Delayed 45 second(s)

18-11-2024T03:02:03 - [MESSAGE][PASSED] - Delayed 45 second(s)

18-11-2024T03:02:03 - [TEST_STEP][PASSED] - nameOfBlock = " Выручка": null

18-11-2024T03:02:03 - [TEST_STEP][PASSED] - println("nameOfBlock:" + nameOfBlock): null

18-11-2024T03:02:03 - [TEST_STEP][PASSED] - if (block == 1): null

18-11-2024T03:02:03 - [TEST_STEP][PASSED] - else: Delayed 45 second(s)

18-11-2024T03:02:03 - [TEST_STEP][PASSED] - urlData = 9: null

18-11-2024T03:02:03 - [TEST_STEP][PASSED] - delay(45): Delayed 45 second(s)

18-11-2024T03:02:48 - [MESSAGE][PASSED] - Delayed 45 second(s)

18-11-2024T03:02:48 - [TEST_STEP][PASSED] - navigateToUrl(findTestData("PlanFact").getValue(10, urlData)): Navigate to 'https://bi.rosseti.digital/viewer?dashboardGuid=a1fd28b3785d443cbc4d7690a1d78e31&sheetGuid=86092a20c5984827a0c87b24cac76a50&fit=true' successfully

18-11-2024T03:02:56 - [MESSAGE][PASSED] - Navigate to 'https://bi.rosseti.digital/viewer?dashboardGuid=a1fd28b3785d443cbc4d7690a1d78e31&sheetGuid=86092a20c5984827a0c87b24cac76a50&fit=true' successfully

18-11-2024T03:02:56 - [TEST_STEP][PASSED] - urlText = getText(findTestObject("Страница авторизации/Text")): Text of object 'Object Repository/Страница авторизации/Text' is: 'Вход'

18-11-2024T03:02:59 - [MESSAGE][PASSED] - Text of object 'Object Repository/Страница авторизации/Text' is: 'Вход'

18-11-2024T03:02:59 - [TEST_STEP][PASSED] - searchWord = "Вход": null

18-11-2024T03:02:59 - [TEST_STEP][PASSED] - if (urlText == null || urlText.contains("ошибка") || urlText.contains(searchWord) == false): null

18-11-2024T03:02:59 - [TEST_STEP][PASSED] - if (verifyElementPresent(findTestObject("Страница авторизации/button_"), 30) == true): null

18-11-2024T03:02:59 - [MESSAGE][PASSED] - Object 'Object Repository/Страница авторизации/button_' is present

18-11-2024T03:02:59 - [TEST_STEP][PASSED] - setText(findTestObject("Страница авторизации/input__username"), findTestData("PlanFact").getValue(8, 1)): Text 'liazgina-di' is set on object 'Object Repository/Страница авторизации/input__username'

18-11-2024T03:03:00 - [MESSAGE][PASSED] - Text 'liazgina-di' is set on object 'Object Repository/Страница авторизации/input__username'

18-11-2024T03:03:00 - [TEST_STEP][PASSED] - setText(findTestObject("Страница авторизации/input__password"), findTestData("PlanFact").getValue(9, 1)): Text ')$%5srZ8o688Dm#q' is set on object 'Object Repository/Страница авторизации/input__password'

18-11-2024T03:03:01 - [MESSAGE][PASSED] - Text ')$%5srZ8o688Dm#q' is set on object 'Object Repository/Страница авторизации/input__password'

18-11-2024T03:03:01 - [TEST_STEP][PASSED] - click(findTestObject("Страница авторизации/button_")): Object: 'Object Repository/Страница авторизации/button_' is clicked on

18-11-2024T03:03:03 - [MESSAGE][PASSED] - Object: 'Object Repository/Страница авторизации/button_' is clicked on

18-11-2024T03:03:03 - [TEST_STEP][PASSED] - delay(45): Delayed 45 second(s)

18-11-2024T03:03:48 - [MESSAGE][PASSED] - Delayed 45 second(s)

18-11-2024T03:03:48 - [TEST_STEP][PASSED] - urlText = getText(findTestObject("Страница авторизации/Text")): Text of object 'Object Repository/Страница авторизации/Text' is: 'Период
Январь, Февраль, Март, Апрель, Май, Июнь, Июль, Август, Сентябрь 2024 года
Выручка
Все
Выполнение плановых показателей по ПАО Россети за Январь, Февраль, Март, Апрель, Май, Июнь, Июль, Август, Сентябрь 2024 года
План
Факт
Динамика
2024 год
0 млн.руб.
100 000 млн.руб.
200 000 млн.руб.
300 000 млн.руб.
400 000 млн.руб.
500 000 млн.руб.
600 000 млн.руб.
700 000 млн.руб.
800 000 млн.руб.
900 000 млн.руб.
1 000 000 млн.руб.
1 100 000 млн.руб.
1 200 000 млн.руб.
1 300 000 млн.руб.
1 056 816
1 083 641
↑
ДЗО 
Все
Подписи данных
⬤Отклонение
АО «Тываэнерго»
АО «Чеченэнерго»
Россети Волга
Россети Кубань
Россети Ленэнерго (ГК)
Россети Московский регион
Россети Северный Кавказ (ГК)
Россети Северо-Запад
Россети Сибирь (ГК)
Россети Томск
Россети Тюмень
Россети Урал (ГК)
Россети ФСК ЕЭС
Россети Центр
Россети Центр и Приволжье (ГК)
Россети Юг (ГК)
Россети Янтарь
-5 000 млн.руб.
-4 000 млн.руб.
-3 000 млн.руб.
-2 000 млн.руб.
-1 000 млн.руб.
0 млн.руб.
1 000 млн.руб.
2 000 млн.руб.
3 000 млн.руб.
4 000 млн.руб.
5 000 млн.руб.
6 000 млн.руб.
7 000 млн.руб.
8 000 млн.руб.
239
68
25
3 470
3 855
6 900
821
839
2 116
213
-4 312
1 715
1 999
3 410
3 873
1 315
277
млн.
%
Выручка
Отклонение выручки по ПАО Россети за Январь, Февраль, Март, Апрель, Май, Июнь, Июль, Август, Сентябрь 2024 года (факт/план, млн. руб)
ПАО Россети
26 824.9 млн.руб.
Статус данных
×
Просьба обратить внимание
Данные занесены не полностью
ВЫБРАННЫЕ ЗНАЧЕНИЯ ФИЛЬТРОВ
ДЗО | ПЕРИОД
ПАО Россети: [«Выбраны все филиалы по всем ДЗО по всем категориям»]
2024: [Янв, Фев, Мар, Апр, Май, Июн, Июл, Авг, Сен]
*Внутренний оборот'

18-11-2024T03:03:49 - [MESSAGE][PASSED] - Text of object 'Object Repository/Страница авторизации/Text' is: 'Период
Январь, Февраль, Март, Апрель, Май, Июнь, Июль, Август, Сентябрь 2024 года
Выручка
Все
Выполнение плановых показателей по ПАО Россети за Январь, Февраль, Март, Апрель, Май, Июнь, Июль, Август, Сентябрь 2024 года
План
Факт
Динамика
2024 год
0 млн.руб.
100 000 млн.руб.
200 000 млн.руб.
300 000 млн.руб.
400 000 млн.руб.
500 000 млн.руб.
600 000 млн.руб.
700 000 млн.руб.
800 000 млн.руб.
900 000 млн.руб.
1 000 000 млн.руб.
1 100 000 млн.руб.
1 200 000 млн.руб.
1 300 000 млн.руб.
1 056 816
1 083 641
↑
ДЗО 
Все
Подписи данных
⬤Отклонение
АО «Тываэнерго»
АО «Чеченэнерго»
Россети Волга
Россети Кубань
Россети Ленэнерго (ГК)
Россети Московский регион
Россети Северный Кавказ (ГК)
Россети Северо-Запад
Россети Сибирь (ГК)
Россети Томск
Россети Тюмень
Россети Урал (ГК)
Россети ФСК ЕЭС
Россети Центр
Россети Центр и Приволжье (ГК)
Россети Юг (ГК)
Россети Янтарь
-5 000 млн.руб.
-4 000 млн.руб.
-3 000 млн.руб.
-2 000 млн.руб.
-1 000 млн.руб.
0 млн.руб.
1 000 млн.руб.
2 000 млн.руб.
3 000 млн.руб.
4 000 млн.руб.
5 000 млн.руб.
6 000 млн.руб.
7 000 млн.руб.
8 000 млн.руб.
239
68
25
3 470
3 855
6 900
821
839
2 116
213
-4 312
1 715
1 999
3 410
3 873
1 315
277
млн.
%
Выручка
Отклонение выручки по ПАО Россети за Январь, Февраль, Март, Апрель, Май, Июнь, Июль, Август, Сентябрь 2024 года (факт/план, млн. руб)
ПАО Россети
26 824.9 млн.руб.
Статус данных
×
Просьба обратить внимание
Данные занесены не полностью
ВЫБРАННЫЕ ЗНАЧЕНИЯ ФИЛЬТРОВ
ДЗО | ПЕРИОД
ПАО Россети: [«Выбраны все филиалы по всем ДЗО по всем категориям»]
2024: [Янв, Фев, Мар, Апр, Май, Июн, Июл, Авг, Сен]
*Внутренний оборот'

18-11-2024T03:03:49 - [TEST_STEP][PASSED] - searchWord = "а": null

18-11-2024T03:03:49 - [TEST_STEP][PASSED] - if (urlText.contains("ошибка") || urlText.contains(searchWord) == false): null

18-11-2024T03:03:49 - [TEST_STEP][PASSED] - delay(45): Delayed 45 second(s)

18-11-2024T03:04:34 - [MESSAGE][PASSED] - Delayed 45 second(s)

18-11-2024T03:04:34 - [TEST_STEP][PASSED] - if (block == 2): Delayed 50 second(s)

18-11-2024T03:04:34 - [TEST_STEP][PASSED] - opoveshenie = getText(findTestObject("Выручка в рублях/Просьба обратить внимание")): Text of object 'Object Repository/Выручка в рублях/Просьба обратить внимание' is: 'Просьба обратить внимание'

18-11-2024T03:04:34 - [MESSAGE][PASSED] - Text of object 'Object Repository/Выручка в рублях/Просьба обратить внимание' is: 'Просьба обратить внимание'

18-11-2024T03:04:34 - [TEST_STEP][PASSED] - if (opoveshenie == "Просьба обратить внимание"): Delayed 50 second(s)

18-11-2024T03:04:34 - [TEST_STEP][PASSED] - click(findTestObject("Выручка в рублях/Закрыть оповещение")): Object: 'Object Repository/Выручка в рублях/Закрыть оповещение' is clicked on

18-11-2024T03:04:34 - [MESSAGE][PASSED] - Object: 'Object Repository/Выручка в рублях/Закрыть оповещение' is clicked on

18-11-2024T03:04:34 - [TEST_STEP][PASSED] - delay(50): Delayed 50 second(s)

18-11-2024T03:05:24 - [MESSAGE][PASSED] - Delayed 50 second(s)

18-11-2024T03:05:24 - [TEST_STEP][PASSED] - click(findTestObject("Выручка в рублях/Фильтр Период" + nameOfBlock)): Object: 'Object Repository/Выручка в рублях/Фильтр Период Выручка' is clicked on

18-11-2024T03:05:25 - [MESSAGE][PASSED] - Object: 'Object Repository/Выручка в рублях/Фильтр Период Выручка' is clicked on

18-11-2024T03:05:25 - [TEST_STEP][PASSED] - click(findTestObject("Выручка в рублях/Снять выделение в фильтре Дата" + nameOfBlock)): Object: 'Object Repository/Выручка в рублях/Снять выделение в фильтре Дата Выручка' is clicked on

18-11-2024T03:05:25 - [MESSAGE][PASSED] - Object: 'Object Repository/Выручка в рублях/Снять выделение в фильтре Дата Выручка' is clicked on

18-11-2024T03:05:25 - [TEST_STEP][PASSED] - click(findTestObject("Выручка в рублях/Применить в фильтре Дата" + nameOfBlock)): Object: 'Object Repository/Выручка в рублях/Применить в фильтре Дата Выручка' is clicked on

18-11-2024T03:05:26 - [MESSAGE][PASSED] - Object: 'Object Repository/Выручка в рублях/Применить в фильтре Дата Выручка' is clicked on

18-11-2024T03:05:26 - [TEST_STEP][PASSED] - delay(50): Delayed 50 second(s)

18-11-2024T03:06:16 - [MESSAGE][PASSED] - Delayed 50 second(s)

18-11-2024T03:06:16 - [TEST_STEP][PASSED] - click(findTestObject("Выручка в рублях/Фильтр Период" + nameOfBlock)): Object: 'Object Repository/Выручка в рублях/Фильтр Период Выручка' is clicked on

18-11-2024T03:06:16 - [MESSAGE][PASSED] - Object: 'Object Repository/Выручка в рублях/Фильтр Период Выручка' is clicked on

18-11-2024T03:06:16 - [TEST_STEP][PASSED] - click(findTestObject("Выручка в рублях/Снять выделение в фильтре Дата" + nameOfBlock)): Object: 'Object Repository/Выручка в рублях/Снять выделение в фильтре Дата Выручка' is clicked on

18-11-2024T03:06:17 - [MESSAGE][PASSED] - Object: 'Object Repository/Выручка в рублях/Снять выделение в фильтре Дата Выручка' is clicked on

18-11-2024T03:06:17 - [TEST_STEP][PASSED] - scrollToElement(findTestObject("Выручка в рублях/2024 список" + nameOfBlock), 30): Scroll to object 'Object Repository/Выручка в рублях/2024 список Выручка' successfully

18-11-2024T03:06:17 - [MESSAGE][PASSED] - Scroll to object 'Object Repository/Выручка в рублях/2024 список Выручка' successfully

18-11-2024T03:06:17 - [TEST_STEP][PASSED] - click(findTestObject("Выручка в рублях/2024 список" + nameOfBlock)): Object: 'Object Repository/Выручка в рублях/2024 список Выручка' is clicked on

18-11-2024T03:06:17 - [MESSAGE][PASSED] - Object: 'Object Repository/Выручка в рублях/2024 список Выручка' is clicked on

18-11-2024T03:06:17 - [TEST_STEP][PASSED] - scrollToElement(findTestObject("Выручка в рублях/1 квартал 2024 выбрать" + nameOfBlock), 30): Scroll to object 'Object Repository/Выручка в рублях/1 квартал 2024 выбрать Выручка' successfully

18-11-2024T03:06:18 - [MESSAGE][PASSED] - Scroll to object 'Object Repository/Выручка в рублях/1 квартал 2024 выбрать Выручка' successfully

18-11-2024T03:06:18 - [TEST_STEP][PASSED] - click(findTestObject("Выручка в рублях/1 квартал 2024 выбрать" + nameOfBlock)): Object: 'Object Repository/Выручка в рублях/1 квартал 2024 выбрать Выручка' is clicked on

18-11-2024T03:06:18 - [MESSAGE][PASSED] - Object: 'Object Repository/Выручка в рублях/1 квартал 2024 выбрать Выручка' is clicked on

18-11-2024T03:06:18 - [TEST_STEP][PASSED] - scrollToElement(findTestObject("Выручка в рублях/2 квартал 2024 выбрать" + nameOfBlock), 30): Scroll to object 'Object Repository/Выручка в рублях/2 квартал 2024 выбрать Выручка' successfully

18-11-2024T03:06:19 - [MESSAGE][PASSED] - Scroll to object 'Object Repository/Выручка в рублях/2 квартал 2024 выбрать Выручка' successfully

18-11-2024T03:06:19 - [TEST_STEP][PASSED] - click(findTestObject("Выручка в рублях/2 квартал 2024 выбрать" + nameOfBlock)): Object: 'Object Repository/Выручка в рублях/2 квартал 2024 выбрать Выручка' is clicked on

18-11-2024T03:06:19 - [MESSAGE][PASSED] - Object: 'Object Repository/Выручка в рублях/2 квартал 2024 выбрать Выручка' is clicked on

18-11-2024T03:06:19 - [TEST_STEP][PASSED] - scrollToElement(findTestObject("Выручка в рублях/3 квартал 2024 список" + nameOfBlock), 30): Scroll to object 'Object Repository/Выручка в рублях/3 квартал 2024 список Выручка' successfully

18-11-2024T03:06:20 - [MESSAGE][PASSED] - Scroll to object 'Object Repository/Выручка в рублях/3 квартал 2024 список Выручка' successfully

18-11-2024T03:06:20 - [TEST_STEP][PASSED] - click(findTestObject("Выручка в рублях/3 квартал 2024" + nameOfBlock)): Object: 'Object Repository/Выручка в рублях/3 квартал 2024 Выручка' is clicked on

18-11-2024T03:06:20 - [MESSAGE][PASSED] - Object: 'Object Repository/Выручка в рублях/3 квартал 2024 Выручка' is clicked on

18-11-2024T03:06:20 - [TEST_STEP][PASSED] - scrollToElement(findTestObject("Выручка в рублях/Заголовок дашборда" + nameOfBlock), 30): Scroll to object 'Object Repository/Выручка в рублях/Заголовок дашборда Выручка' successfully

18-11-2024T03:06:21 - [MESSAGE][PASSED] - Scroll to object 'Object Repository/Выручка в рублях/Заголовок дашборда Выручка' successfully

18-11-2024T03:06:21 - [TEST_STEP][PASSED] - click(findTestObject("Выручка в рублях/Применить в фильтре Дата" + nameOfBlock)): Object: 'Object Repository/Выручка в рублях/Применить в фильтре Дата Выручка' is clicked on

18-11-2024T03:06:21 - [MESSAGE][PASSED] - Object: 'Object Repository/Выручка в рублях/Применить в фильтре Дата Выручка' is clicked on

18-11-2024T03:06:21 - [TEST_STEP][PASSED] - delay(55): Delayed 55 second(s)

18-11-2024T03:07:16 - [MESSAGE][PASSED] - Delayed 55 second(s)

18-11-2024T03:07:16 - [TEST_STEP][PASSED] - click(findTestObject("Выручка в рублях/Фильтр ДЗО" + nameOfBlock)): Object: 'Object Repository/Выручка в рублях/Фильтр ДЗО Выручка' is clicked on

18-11-2024T03:07:16 - [MESSAGE][PASSED] - Object: 'Object Repository/Выручка в рублях/Фильтр ДЗО Выручка' is clicked on

18-11-2024T03:07:16 - [TEST_STEP][PASSED] - click(findTestObject("Выручка в рублях/Снять выделение в фильтре ДЗО" + nameOfBlock)): Object: 'Object Repository/Выручка в рублях/Снять выделение в фильтре ДЗО Выручка' is clicked on

18-11-2024T03:07:17 - [MESSAGE][PASSED] - Object: 'Object Repository/Выручка в рублях/Снять выделение в фильтре ДЗО Выручка' is clicked on

18-11-2024T03:07:17 - [TEST_STEP][PASSED] - click(findTestObject("Выручка в рублях/Применить в фильтре ДЗО" + nameOfBlock)): Object: 'Object Repository/Выручка в рублях/Применить в фильтре ДЗО Выручка' is clicked on

18-11-2024T03:07:18 - [MESSAGE][PASSED] - Object: 'Object Repository/Выручка в рублях/Применить в фильтре ДЗО Выручка' is clicked on

18-11-2024T03:07:18 - [TEST_STEP][PASSED] - delay(50): Delayed 50 second(s)

18-11-2024T03:08:08 - [MESSAGE][PASSED] - Delayed 50 second(s)

18-11-2024T03:08:08 - [TEST_STEP][PASSED] - Script1710234207206.Tumbler(run, vir, block, nameOfBlock): null

18-11-2024T03:08:08 - [TEST_STEP][PASSED] - println("run:" + run): null

18-11-2024T03:08:08 - [TEST_STEP][PASSED] - println("vir:" + vir): null

18-11-2024T03:08:08 - [TEST_STEP][PASSED] - println("block:" + block): null

18-11-2024T03:08:08 - [TEST_STEP][PASSED] - println("nameOfBlock:" + nameOfBlock): null

18-11-2024T03:08:08 - [TEST_STEP][PASSED] - if (vir == 1): null

18-11-2024T03:08:08 - [TEST_STEP][PASSED] - if (run == 2): null

18-11-2024T03:08:08 - [TEST_STEP][PASSED] - click(findTestObject("Выручка в рублях/Фильтр ДЗО" + nameOfBlock)): Object: 'Object Repository/Выручка в рублях/Фильтр ДЗО Выручка' is clicked on

18-11-2024T03:08:08 - [MESSAGE][PASSED] - Object: 'Object Repository/Выручка в рублях/Фильтр ДЗО Выручка' is clicked on

18-11-2024T03:08:08 - [TEST_STEP][PASSED] - Script1710234207206.Rosseti(nameOfBlock): null

18-11-2024T03:08:08 - [TEST_STEP][PASSED] - println("nameOfBlock:" + nameOfBlock): null

18-11-2024T03:08:08 - [TEST_STEP][PASSED] - click(findTestObject("Выручка в рублях/ПАО Россети" + nameOfBlock)): Object: 'Object Repository/Выручка в рублях/ПАО Россети Выручка' is clicked on

18-11-2024T03:08:08 - [MESSAGE][PASSED] - Object: 'Object Repository/Выручка в рублях/ПАО Россети Выручка' is clicked on

18-11-2024T03:08:08 - [TEST_STEP][PASSED] - click(findTestObject("Выручка в рублях/Применить в фильтре ДЗО" + nameOfBlock)): Object: 'Object Repository/Выручка в рублях/Применить в фильтре ДЗО Выручка' is clicked on

18-11-2024T03:08:09 - [MESSAGE][PASSED] - Object: 'Object Repository/Выручка в рублях/Применить в фильтре ДЗО Выручка' is clicked on

18-11-2024T03:08:09 - [TEST_STEP][PASSED] - if (vir == 1 || vir == 2): Text of object 'Object Repository/Выручка в рублях/График План Выручка' is: '1 056 816'

18-11-2024T03:08:09 - [TEST_STEP][PASSED] - b1 = getText(findTestObject("Выручка в рублях/График План Выручка")): Text of object 'Object Repository/Выручка в рублях/График План Выручка' is: '1 056 816'

18-11-2024T03:08:11 - [MESSAGE][PASSED] - Text of object 'Object Repository/Выручка в рублях/График План Выручка' is: '1 056 816'

18-11-2024T03:08:11 - [TEST_STEP][PASSED] - if (vir == 1 || vir == 2): Text of object 'Object Repository/Выручка в рублях/График Факт Выручка' is: '1 083 641'

18-11-2024T03:08:11 - [TEST_STEP][PASSED] - b2 = getText(findTestObject("Выручка в рублях/График Факт Выручка")): Text of object 'Object Repository/Выручка в рублях/График Факт Выручка' is: '1 083 641'

18-11-2024T03:08:12 - [MESSAGE][PASSED] - Text of object 'Object Repository/Выручка в рублях/График Факт Выручка' is: '1 083 641'

18-11-2024T03:08:12 - [TEST_STEP][PASSED] - b30 = getText(findTestObject("Выручка в рублях/span1" + perc)): Text of object 'Object Repository/Выручка в рублях/span1' is: '26 824.9 млн.руб.'

18-11-2024T03:08:12 - [MESSAGE][PASSED] - Text of object 'Object Repository/Выручка в рублях/span1' is: '26 824.9 млн.руб.'

18-11-2024T03:08:12 - [TEST_STEP][PASSED] - i = b30.indexOf("млн.руб."): null

18-11-2024T03:08:12 - [TEST_STEP][PASSED] - if (i > -1): null

18-11-2024T03:08:12 - [TEST_STEP][PASSED] - b30 = b30.substring(0, i): null

18-11-2024T03:08:12 - [TEST_STEP][PASSED] - b30 = b30.replaceAll(" ", ""): null

18-11-2024T03:08:12 - [TEST_STEP][PASSED] - if (b30.contains("%")): null

18-11-2024T03:08:12 - [TEST_STEP][PASSED] - b30 = ").trim(): null

18-11-2024T03:08:12 - [TEST_STEP][PASSED] - println("b30: " + b30): null

18-11-2024T03:08:12 - [TEST_STEP][PASSED] - if (vir == 1 || vir == 2): Text of object 'Object Repository/Выручка в рублях/span2' is: '239'

18-11-2024T03:08:12 - [TEST_STEP][PASSED] - b31 = ").trim(): Text of object 'Object Repository/Выручка в рублях/span2' is: '239'

18-11-2024T03:08:12 - [MESSAGE][PASSED] - Text of object 'Object Repository/Выручка в рублях/span2' is: '239'

18-11-2024T03:08:12 - [TEST_STEP][PASSED] - if (vir == 1 || vir == 2): Text of object 'Object Repository/Выручка в рублях/span3' is: '68'

18-11-2024T03:08:12 - [TEST_STEP][PASSED] - b32 = ").trim(): Text of object 'Object Repository/Выручка в рублях/span3' is: '68'

18-11-2024T03:08:12 - [MESSAGE][PASSED] - Text of object 'Object Repository/Выручка в рублях/span3' is: '68'

18-11-2024T03:08:12 - [TEST_STEP][PASSED] - if (vir == 1 || vir == 2): Text of object 'Object Repository/Выручка в рублях/span8' is: '821'

18-11-2024T03:08:12 - [TEST_STEP][PASSED] - b33 = ").trim(): Text of object 'Object Repository/Выручка в рублях/span4' is: '25'

18-11-2024T03:08:13 - [MESSAGE][PASSED] - Text of object 'Object Repository/Выручка в рублях/span4' is: '25'

18-11-2024T03:08:13 - [TEST_STEP][PASSED] - b34 = ").trim(): Text of object 'Object Repository/Выручка в рублях/span5' is: '3 470'

18-11-2024T03:08:13 - [MESSAGE][PASSED] - Text of object 'Object Repository/Выручка в рублях/span5' is: '3 470'

18-11-2024T03:08:13 - [TEST_STEP][PASSED] - b35 = ").trim(): Text of object 'Object Repository/Выручка в рублях/span6' is: '3 855'

18-11-2024T03:08:13 - [MESSAGE][PASSED] - Text of object 'Object Repository/Выручка в рублях/span6' is: '3 855'

18-11-2024T03:08:13 - [TEST_STEP][PASSED] - b36 = ").trim(): Text of object 'Object Repository/Выручка в рублях/span7' is: '6 900'

18-11-2024T03:08:14 - [MESSAGE][PASSED] - Text of object 'Object Repository/Выручка в рублях/span7' is: '6 900'

18-11-2024T03:08:14 - [TEST_STEP][PASSED] - b37 = ").trim(): Text of object 'Object Repository/Выручка в рублях/span8' is: '821'

18-11-2024T03:08:14 - [MESSAGE][PASSED] - Text of object 'Object Repository/Выручка в рублях/span8' is: '821'

18-11-2024T03:08:14 - [TEST_STEP][PASSED] - if (vir == 1 || vir == 2): Text of object 'Object Repository/Выручка в рублях/span17' is: '1 315'

18-11-2024T03:08:14 - [TEST_STEP][PASSED] - b38 = ").trim(): Text of object 'Object Repository/Выручка в рублях/span9' is: '839'

18-11-2024T03:08:14 - [MESSAGE][PASSED] - Text of object 'Object Repository/Выручка в рублях/span9' is: '839'

18-11-2024T03:08:14 - [TEST_STEP][PASSED] - b39 = ").trim(): Text of object 'Object Repository/Выручка в рублях/span10' is: '2 116'

18-11-2024T03:08:15 - [MESSAGE][PASSED] - Text of object 'Object Repository/Выручка в рублях/span10' is: '2 116'

18-11-2024T03:08:15 - [TEST_STEP][PASSED] - b310 = ").trim(): Text of object 'Object Repository/Выручка в рублях/span11' is: '213'

18-11-2024T03:08:15 - [MESSAGE][PASSED] - Text of object 'Object Repository/Выручка в рублях/span11' is: '213'

18-11-2024T03:08:15 - [TEST_STEP][PASSED] - b311 = ").trim(): Text of object 'Object Repository/Выручка в рублях/span12' is: '-4 312'

18-11-2024T03:08:15 - [MESSAGE][PASSED] - Text of object 'Object Repository/Выручка в рублях/span12' is: '-4 312'

18-11-2024T03:08:15 - [TEST_STEP][PASSED] - b312 = ").trim(): Text of object 'Object Repository/Выручка в рублях/span13' is: '1 715'

18-11-2024T03:08:15 - [MESSAGE][PASSED] - Text of object 'Object Repository/Выручка в рублях/span13' is: '1 715'

18-11-2024T03:08:15 - [TEST_STEP][PASSED] - b313 = ").trim(): Text of object 'Object Repository/Выручка в рублях/span14' is: '1 999'

18-11-2024T03:08:16 - [MESSAGE][PASSED] - Text of object 'Object Repository/Выручка в рублях/span14' is: '1 999'

18-11-2024T03:08:16 - [TEST_STEP][PASSED] - b314 = ").trim(): Text of object 'Object Repository/Выручка в рублях/span15' is: '3 410'

18-11-2024T03:08:16 - [MESSAGE][PASSED] - Text of object 'Object Repository/Выручка в рублях/span15' is: '3 410'

18-11-2024T03:08:16 - [TEST_STEP][PASSED] - b315 = ").trim(): Text of object 'Object Repository/Выручка в рублях/span16' is: '3 873'

18-11-2024T03:08:16 - [MESSAGE][PASSED] - Text of object 'Object Repository/Выручка в рублях/span16' is: '3 873'

18-11-2024T03:08:16 - [TEST_STEP][PASSED] - b316 = ").trim(): Text of object 'Object Repository/Выручка в рублях/span17' is: '1 315'

18-11-2024T03:08:17 - [MESSAGE][PASSED] - Text of object 'Object Repository/Выручка в рублях/span17' is: '1 315'

18-11-2024T03:08:17 - [TEST_STEP][PASSED] - if (vir == 1 || vir == 2): Text of object 'Object Repository/Выручка в рублях/span18' is: '277'

18-11-2024T03:08:17 - [TEST_STEP][PASSED] - b317 = ").trim(): Text of object 'Object Repository/Выручка в рублях/span18' is: '277'

18-11-2024T03:08:17 - [MESSAGE][PASSED] - Text of object 'Object Repository/Выручка в рублях/span18' is: '277'

18-11-2024T03:08:17 - [TEST_STEP][PASSED] - dZO = "ПАО Россети": null

18-11-2024T03:08:17 - [TEST_STEP][PASSED] - if (verifyEqual(a1, b1) == false): Actual object '1 056 816' and expected object '1 056 816' are equal

18-11-2024T03:08:17 - [MESSAGE][PASSED] - Actual object '1 056 816' and expected object '1 056 816' are equal

18-11-2024T03:08:17 - [TEST_STEP][PASSED] - if (verifyEqual(a2, b2) == false): Actual object '1 083 641' and expected object '1 083 641' are equal

18-11-2024T03:08:17 - [MESSAGE][PASSED] - Actual object '1 083 641' and expected object '1 083 641' are equal

18-11-2024T03:08:17 - [TEST_STEP][PASSED] - vidget = "Отклонения": null

18-11-2024T03:08:17 - [TEST_STEP][PASSED] - if (verifyEqual(a30, b30) == false): Actual object '26824.9' and expected object '26824.9' are equal

18-11-2024T03:08:17 - [MESSAGE][PASSED] - Actual object '26824.9' and expected object '26824.9' are equal

18-11-2024T03:08:17 - [TEST_STEP][PASSED] - dZO = "АО «Тываэнерго»": null

18-11-2024T03:08:17 - [TEST_STEP][PASSED] - if (verifyEqual(a31, b31) == false): Actual object '239' and expected object '239' are equal

18-11-2024T03:08:17 - [MESSAGE][PASSED] - Actual object '239' and expected object '239' are equal

18-11-2024T03:08:17 - [TEST_STEP][PASSED] - dZO = "АО «Чеченэнерго»": null

18-11-2024T03:08:17 - [TEST_STEP][PASSED] - if (verifyEqual(a32, b32) == false): Actual object '68' and expected object '68' are equal

18-11-2024T03:08:17 - [MESSAGE][PASSED] - Actual object '68' and expected object '68' are equal

18-11-2024T03:08:17 - [TEST_STEP][PASSED] - dZO = "Россети Волга": null

18-11-2024T03:08:17 - [TEST_STEP][PASSED] - if (verifyEqual(a33, b33) == false): Actual object '25' and expected object '25' are equal

18-11-2024T03:08:17 - [MESSAGE][PASSED] - Actual object '25' and expected object '25' are equal

18-11-2024T03:08:17 - [TEST_STEP][PASSED] - dZO = "Россети Кубань": null

18-11-2024T03:08:17 - [TEST_STEP][PASSED] - if (verifyEqual(a34, b34) == false): Actual object '3 470' and expected object '3 470' are equal

18-11-2024T03:08:17 - [MESSAGE][PASSED] - Actual object '3 470' and expected object '3 470' are equal

18-11-2024T03:08:17 - [TEST_STEP][PASSED] - dZO = "Россети Ленэнерго (ГК)": null

18-11-2024T03:08:17 - [TEST_STEP][PASSED] - if (verifyEqual(a35, b35) == false): Actual object '3 855' and expected object '3 855' are equal

18-11-2024T03:08:17 - [MESSAGE][PASSED] - Actual object '3 855' and expected object '3 855' are equal

18-11-2024T03:08:17 - [TEST_STEP][PASSED] - dZO = "Россети Московский регион": null

18-11-2024T03:08:17 - [TEST_STEP][PASSED] - if (verifyEqual(a36, b36) == false): Actual object '6 900' and expected object '6 900' are equal

18-11-2024T03:08:17 - [MESSAGE][PASSED] - Actual object '6 900' and expected object '6 900' are equal

18-11-2024T03:08:17 - [TEST_STEP][PASSED] - dZO = "Россети Северный Кавказ (ГК)": null

18-11-2024T03:08:17 - [TEST_STEP][PASSED] - if (verifyEqual(a37, b37) == false): Actual object '821' and expected object '821' are equal

18-11-2024T03:08:17 - [MESSAGE][PASSED] - Actual object '821' and expected object '821' are equal

18-11-2024T03:08:17 - [TEST_STEP][PASSED] - dZO = "Россети Северо-Запад": null

18-11-2024T03:08:17 - [TEST_STEP][PASSED] - if (verifyEqual(a38, b38) == false): Actual object '839' and expected object '839' are equal

18-11-2024T03:08:17 - [MESSAGE][PASSED] - Actual object '839' and expected object '839' are equal

18-11-2024T03:08:17 - [TEST_STEP][PASSED] - dZO = "Россети Сибирь (ГК)": null

18-11-2024T03:08:17 - [TEST_STEP][PASSED] - if (verifyEqual(a39, b39) == false): Actual object '2 116' and expected object '2 116' are equal

18-11-2024T03:08:17 - [MESSAGE][PASSED] - Actual object '2 116' and expected object '2 116' are equal

18-11-2024T03:08:17 - [TEST_STEP][PASSED] - dZO = "Россети Томск": null

18-11-2024T03:08:17 - [TEST_STEP][PASSED] - if (verifyEqual(a310, b310) == false): Actual object '213' and expected object '213' are equal

18-11-2024T03:08:17 - [MESSAGE][PASSED] - Actual object '213' and expected object '213' are equal

18-11-2024T03:08:17 - [TEST_STEP][PASSED] - dZO = "Россети Тюмень": null

18-11-2024T03:08:17 - [TEST_STEP][PASSED] - if (verifyEqual(a311, b311) == false): Actual object '-4 312' and expected object '-4 312' are equal

18-11-2024T03:08:17 - [MESSAGE][PASSED] - Actual object '-4 312' and expected object '-4 312' are equal

18-11-2024T03:08:17 - [TEST_STEP][PASSED] - dZO = "Россети Урал (ГК)": null

18-11-2024T03:08:17 - [TEST_STEP][PASSED] - if (verifyEqual(a312, b312) == false): Actual object '1 715' and expected object '1 715' are equal

18-11-2024T03:08:17 - [MESSAGE][PASSED] - Actual object '1 715' and expected object '1 715' are equal

18-11-2024T03:08:17 - [TEST_STEP][PASSED] - dZO = "Россети ФСК ЕЭС": null

18-11-2024T03:08:17 - [TEST_STEP][PASSED] - if (verifyEqual(a313, b313) == false): Actual object '1 999' and expected object '1 999' are equal

18-11-2024T03:08:17 - [MESSAGE][PASSED] - Actual object '1 999' and expected object '1 999' are equal

18-11-2024T03:08:17 - [TEST_STEP][PASSED] - dZO = "Россети Центр": null

18-11-2024T03:08:17 - [TEST_STEP][PASSED] - if (verifyEqual(a314, b314) == false): Actual object '3 410' and expected object '3 410' are equal

18-11-2024T03:08:17 - [MESSAGE][PASSED] - Actual object '3 410' and expected object '3 410' are equal

18-11-2024T03:08:17 - [TEST_STEP][PASSED] - dZO = "Россети Центр и Приволжье (ГК)": null

18-11-2024T03:08:17 - [TEST_STEP][PASSED] - if (verifyEqual(a315, b315) == false): Actual object '3 873' and expected object '3 873' are equal

18-11-2024T03:08:17 - [MESSAGE][PASSED] - Actual object '3 873' and expected object '3 873' are equal

18-11-2024T03:08:17 - [TEST_STEP][PASSED] - dZO = "Россети Юг (ГК)": null

18-11-2024T03:08:17 - [TEST_STEP][PASSED] - if (verifyEqual(a316, b316) == false): Actual object '1 315' and expected object '1 315' are equal

18-11-2024T03:08:17 - [MESSAGE][PASSED] - Actual object '1 315' and expected object '1 315' are equal

18-11-2024T03:08:17 - [TEST_STEP][PASSED] - dZO = "Россети Янтарь": null

18-11-2024T03:08:17 - [TEST_STEP][PASSED] - if (verifyEqual(a317, b317) == false): Actual object '277' and expected object '277' are equal

18-11-2024T03:08:17 - [MESSAGE][PASSED] - Actual object '277' and expected object '277' are equal

18-11-2024T03:08:17 - [TEST_STEP][PASSED] - closeBrowser(): null

18-11-2024T03:08:17 - [MESSAGE][PASSED] - Browser is closed

18-11-2024T03:08:17 - [TEST_STEP][PASSED] - Script1710234207206.Blocks(run, vir, block, nameOfBlock, typeOfData, viruchka, vidget, todaysDate, a, b, dZO, x, y): null

18-11-2024T03:08:17 - [TEST_STEP][PASSED] - i = <not implemented yet for class: org.codehaus.groovy.ast.expr.EmptyExpression>: null

18-11-2024T03:08:17 - [TEST_STEP][PASSED] - perc = "": null

18-11-2024T03:08:17 - [TEST_STEP][PASSED] - a1 = <not implemented yet for class: org.codehaus.groovy.ast.expr.EmptyExpression>: null

18-11-2024T03:08:17 - [TEST_STEP][PASSED] - a2 = <not implemented yet for class: org.codehaus.groovy.ast.expr.EmptyExpression>: null

18-11-2024T03:08:17 - [TEST_STEP][PASSED] - a30 = <not implemented yet for class: org.codehaus.groovy.ast.expr.EmptyExpression>: null

18-11-2024T03:08:17 - [TEST_STEP][PASSED] - a31 = <not implemented yet for class: org.codehaus.groovy.ast.expr.EmptyExpression>: null

18-11-2024T03:08:17 - [TEST_STEP][PASSED] - a32 = <not implemented yet for class: org.codehaus.groovy.ast.expr.EmptyExpression>: null

18-11-2024T03:08:17 - [TEST_STEP][PASSED] - a33 = <not implemented yet for class: org.codehaus.groovy.ast.expr.EmptyExpression>: null

18-11-2024T03:08:17 - [TEST_STEP][PASSED] - a34 = <not implemented yet for class: org.codehaus.groovy.ast.expr.EmptyExpression>: null

18-11-2024T03:08:17 - [TEST_STEP][PASSED] - a35 = <not implemented yet for class: org.codehaus.groovy.ast.expr.EmptyExpression>: null

18-11-2024T03:08:17 - [TEST_STEP][PASSED] - a36 = <not implemented yet for class: org.codehaus.groovy.ast.expr.EmptyExpression>: null

18-11-2024T03:08:17 - [TEST_STEP][PASSED] - a37 = <not implemented yet for class: org.codehaus.groovy.ast.expr.EmptyExpression>: null

18-11-2024T03:08:17 - [TEST_STEP][PASSED] - a38 = <not implemented yet for class: org.codehaus.groovy.ast.expr.EmptyExpression>: null

18-11-2024T03:08:17 - [TEST_STEP][PASSED] - a39 = <not implemented yet for class: org.codehaus.groovy.ast.expr.EmptyExpression>: null

18-11-2024T03:08:17 - [TEST_STEP][PASSED] - a310 = <not implemented yet for class: org.codehaus.groovy.ast.expr.EmptyExpression>: null

18-11-2024T03:08:17 - [TEST_STEP][PASSED] - a311 = <not implemented yet for class: org.codehaus.groovy.ast.expr.EmptyExpression>: null

18-11-2024T03:08:17 - [TEST_STEP][PASSED] - a312 = <not implemented yet for class: org.codehaus.groovy.ast.expr.EmptyExpression>: null

18-11-2024T03:08:17 - [TEST_STEP][PASSED] - a313 = <not implemented yet for class: org.codehaus.groovy.ast.expr.EmptyExpression>: null

18-11-2024T03:08:17 - [TEST_STEP][PASSED] - a314 = <not implemented yet for class: org.codehaus.groovy.ast.expr.EmptyExpression>: null

18-11-2024T03:08:17 - [TEST_STEP][PASSED] - a315 = <not implemented yet for class: org.codehaus.groovy.ast.expr.EmptyExpression>: null

18-11-2024T03:08:17 - [TEST_STEP][PASSED] - a316 = <not implemented yet for class: org.codehaus.groovy.ast.expr.EmptyExpression>: null

18-11-2024T03:08:17 - [TEST_STEP][PASSED] - a317 = <not implemented yet for class: org.codehaus.groovy.ast.expr.EmptyExpression>: null

18-11-2024T03:08:17 - [TEST_STEP][PASSED] - b1 = <not implemented yet for class: org.codehaus.groovy.ast.expr.EmptyExpression>: null

18-11-2024T03:08:17 - [TEST_STEP][PASSED] - b2 = <not implemented yet for class: org.codehaus.groovy.ast.expr.EmptyExpression>: null

18-11-2024T03:08:17 - [TEST_STEP][PASSED] - b30 = <not implemented yet for class: org.codehaus.groovy.ast.expr.EmptyExpression>: null

18-11-2024T03:08:17 - [TEST_STEP][PASSED] - b31 = <not implemented yet for class: org.codehaus.groovy.ast.expr.EmptyExpression>: null

18-11-2024T03:08:17 - [TEST_STEP][PASSED] - b32 = <not implemented yet for class: org.codehaus.groovy.ast.expr.EmptyExpression>: null

18-11-2024T03:08:17 - [TEST_STEP][PASSED] - b33 = <not implemented yet for class: org.codehaus.groovy.ast.expr.EmptyExpression>: null

18-11-2024T03:08:17 - [TEST_STEP][PASSED] - b34 = <not implemented yet for class: org.codehaus.groovy.ast.expr.EmptyExpression>: null

18-11-2024T03:08:17 - [TEST_STEP][PASSED] - b35 = <not implemented yet for class: org.codehaus.groovy.ast.expr.EmptyExpression>: null

18-11-2024T03:08:17 - [TEST_STEP][PASSED] - b36 = <not implemented yet for class: org.codehaus.groovy.ast.expr.EmptyExpression>: null

18-11-2024T03:08:17 - [TEST_STEP][PASSED] - b37 = <not implemented yet for class: org.codehaus.groovy.ast.expr.EmptyExpression>: null

18-11-2024T03:08:17 - [TEST_STEP][PASSED] - b38 = <not implemented yet for class: org.codehaus.groovy.ast.expr.EmptyExpression>: null

18-11-2024T03:08:17 - [TEST_STEP][PASSED] - b39 = <not implemented yet for class: org.codehaus.groovy.ast.expr.EmptyExpression>: null

18-11-2024T03:08:17 - [TEST_STEP][PASSED] - b310 = <not implemented yet for class: org.codehaus.groovy.ast.expr.EmptyExpression>: null

18-11-2024T03:08:17 - [TEST_STEP][PASSED] - b311 = <not implemented yet for class: org.codehaus.groovy.ast.expr.EmptyExpression>: null

18-11-2024T03:08:17 - [TEST_STEP][PASSED] - b312 = <not implemented yet for class: org.codehaus.groovy.ast.expr.EmptyExpression>: null

18-11-2024T03:08:17 - [TEST_STEP][PASSED] - b313 = <not implemented yet for class: org.codehaus.groovy.ast.expr.EmptyExpression>: null

18-11-2024T03:08:17 - [TEST_STEP][PASSED] - b314 = <not implemented yet for class: org.codehaus.groovy.ast.expr.EmptyExpression>: null

18-11-2024T03:08:17 - [TEST_STEP][PASSED] - b315 = <not implemented yet for class: org.codehaus.groovy.ast.expr.EmptyExpression>: null

18-11-2024T03:08:17 - [TEST_STEP][PASSED] - b316 = <not implemented yet for class: org.codehaus.groovy.ast.expr.EmptyExpression>: null

18-11-2024T03:08:17 - [TEST_STEP][PASSED] - b317 = <not implemented yet for class: org.codehaus.groovy.ast.expr.EmptyExpression>: null

18-11-2024T03:08:17 - [TEST_STEP][PASSED] - block = 1: null

18-11-2024T03:08:17 - [TEST_STEP][PASSED] - nameOfBlock = "": null

18-11-2024T03:08:17 - [TEST_STEP][PASSED] - Script1710234207206.PreSettings(run, vir, block, nameOfBlock, typeOfData, todaysDate): null

18-11-2024T03:08:17 - [TEST_STEP][PASSED] - openBrowser(""): Browser is opened with url: ''

18-11-2024T03:08:17 - [MESSAGE][INFO] - Starting 'Chrome' driver

18-11-2024T03:08:17 - [MESSAGE][INFO] - Action delay is set to 0 milliseconds

18-11-2024T03:08:18 - [MESSAGE][PASSED] - Browser is opened with url: ''

18-11-2024T03:08:18 - [TEST_STEP][PASSED] - refresh(): Refresh successfully

18-11-2024T03:08:18 - [MESSAGE][PASSED] - Refresh successfully

18-11-2024T03:08:18 - [TEST_STEP][PASSED] - delay(50): Delayed 50 second(s)

18-11-2024T03:09:08 - [MESSAGE][PASSED] - Delayed 50 second(s)

18-11-2024T03:09:08 - [TEST_STEP][PASSED] - println("run:" + run): null

18-11-2024T03:09:08 - [TEST_STEP][PASSED] - println("vir:" + vir): null

18-11-2024T03:09:08 - [TEST_STEP][PASSED] - println("block:" + block): null

18-11-2024T03:09:08 - [TEST_STEP][PASSED] - if (block == 1): null

18-11-2024T03:09:08 - [TEST_STEP][PASSED] - nameOfBlock = "": null

18-11-2024T03:09:08 - [TEST_STEP][PASSED] - println("nameOfBlock:" + nameOfBlock): null

18-11-2024T03:09:08 - [TEST_STEP][PASSED] - println("typeOfData:" + typeOfData): null

18-11-2024T03:09:08 - [TEST_STEP][PASSED] - println("todaysDate:" + todaysDate): null

18-11-2024T03:09:08 - [TEST_STEP][PASSED] - Script1710234207206.Autorization(block, nameOfBlock): null

18-11-2024T03:09:08 - [TEST_STEP][PASSED] - i = <not implemented yet for class: org.codehaus.groovy.ast.expr.EmptyExpression>: null

18-11-2024T03:09:08 - [TEST_STEP][PASSED] - ii = <not implemented yet for class: org.codehaus.groovy.ast.expr.EmptyExpression>: null

18-11-2024T03:09:08 - [TEST_STEP][PASSED] - urlData = <not implemented yet for class: org.codehaus.groovy.ast.expr.EmptyExpression>: null

18-11-2024T03:09:08 - [TEST_STEP][PASSED] - searchWord = <not implemented yet for class: org.codehaus.groovy.ast.expr.EmptyExpression>: null

18-11-2024T03:09:08 - [TEST_STEP][PASSED] - urlText = <not implemented yet for class: org.codehaus.groovy.ast.expr.EmptyExpression>: null

18-11-2024T03:09:08 - [TEST_STEP][PASSED] - println("block:" + block): null

18-11-2024T03:09:08 - [TEST_STEP][PASSED] - if (block == 1): null

18-11-2024T03:09:08 - [TEST_STEP][PASSED] - nameOfBlock = "": null

18-11-2024T03:09:08 - [TEST_STEP][PASSED] - println("nameOfBlock:" + nameOfBlock): null

18-11-2024T03:09:08 - [TEST_STEP][PASSED] - if (block == 1): Delayed 45 second(s)

18-11-2024T03:09:08 - [TEST_STEP][PASSED] - urlData = 2: null

18-11-2024T03:09:08 - [TEST_STEP][PASSED] - delay(45): Delayed 45 second(s)

18-11-2024T03:09:53 - [MESSAGE][PASSED] - Delayed 45 second(s)

18-11-2024T03:09:53 - [TEST_STEP][PASSED] - navigateToUrl(findTestData("PlanFact").getValue(10, urlData)): Navigate to 'https://bi.rosseti.digital/viewer?dashboardGuid=2301950b23be4ed89c1df75f2020051e&sheetGuid=b723206f698544fb87299f3095c00435&fit=true' successfully

18-11-2024T03:09:59 - [MESSAGE][PASSED] - Navigate to 'https://bi.rosseti.digital/viewer?dashboardGuid=2301950b23be4ed89c1df75f2020051e&sheetGuid=b723206f698544fb87299f3095c00435&fit=true' successfully

18-11-2024T03:09:59 - [TEST_STEP][PASSED] - urlText = getText(findTestObject("Страница авторизации/Text")): Text of object 'Object Repository/Страница авторизации/Text' is: 'Вход'

18-11-2024T03:10:02 - [MESSAGE][PASSED] - Text of object 'Object Repository/Страница авторизации/Text' is: 'Вход'

18-11-2024T03:10:02 - [TEST_STEP][PASSED] - searchWord = "Вход": null

18-11-2024T03:10:02 - [TEST_STEP][PASSED] - if (urlText == null || urlText.contains("ошибка") || urlText.contains(searchWord) == false): null

18-11-2024T03:10:02 - [TEST_STEP][PASSED] - if (verifyElementPresent(findTestObject("Страница авторизации/button_"), 30) == true): null

18-11-2024T03:10:02 - [MESSAGE][PASSED] - Object 'Object Repository/Страница авторизации/button_' is present

18-11-2024T03:10:02 - [TEST_STEP][PASSED] - setText(findTestObject("Страница авторизации/input__username"), findTestData("PlanFact").getValue(8, 1)): Text 'liazgina-di' is set on object 'Object Repository/Страница авторизации/input__username'

18-11-2024T03:10:03 - [MESSAGE][PASSED] - Text 'liazgina-di' is set on object 'Object Repository/Страница авторизации/input__username'

18-11-2024T03:10:03 - [TEST_STEP][PASSED] - setText(findTestObject("Страница авторизации/input__password"), findTestData("PlanFact").getValue(9, 1)): Text ')$%5srZ8o688Dm#q' is set on object 'Object Repository/Страница авторизации/input__password'

18-11-2024T03:10:03 - [MESSAGE][PASSED] - Text ')$%5srZ8o688Dm#q' is set on object 'Object Repository/Страница авторизации/input__password'

18-11-2024T03:10:03 - [TEST_STEP][PASSED] - click(findTestObject("Страница авторизации/button_")): Object: 'Object Repository/Страница авторизации/button_' is clicked on

18-11-2024T03:10:05 - [MESSAGE][PASSED] - Object: 'Object Repository/Страница авторизации/button_' is clicked on

18-11-2024T03:10:05 - [TEST_STEP][PASSED] - delay(45): Delayed 45 second(s)

18-11-2024T03:10:50 - [MESSAGE][PASSED] - Delayed 45 second(s)

18-11-2024T03:10:50 - [TEST_STEP][PASSED] - urlText = getText(findTestObject("Страница авторизации/Text")): Text of object 'Object Repository/Страница авторизации/Text' is: 'Период
1, 2, 3 кв. 2024 года
Выручка
Все
Выполнение плановых показателей по ПАО Россети за 1, 2, 3 кв. 2024 года
План
Факт
Динамика
2024 год
0 млн.руб.
100 000 млн.руб.
200 000 млн.руб.
300 000 млн.руб.
400 000 млн.руб.
500 000 млн.руб.
600 000 млн.руб.
700 000 млн.руб.
800 000 млн.руб.
900 000 млн.руб.
1 000 000 млн.руб.
1 100 000 млн.руб.
1 200 000 млн.руб.
1 300 000 млн.руб.
1 056 816
1 083 641
↑
ДЗО 
Все
Внутренний оборот - выручка за услуги по передаче электрической энергии, учтенная в выручке за электроэнергию для конечных потребителей, при выполнении ДЗО функций гарантирующего поставщика
Подписи данных
⬤Отклонение
АО «Тываэнерго»
АО «Чеченэнерго»
Россети Волга
Россети Кубань
Россети Ленэнерго (ГК)
Россети Московский регион
Россети Северный Кавказ (ГК)
Россети Северо-Запад
Россети Сибирь (ГК)
Россети Томск
Россети Тюмень
Россети Урал (ГК)
Россети ФСК ЕЭС
Россети Центр
Россети Центр и Приволжье (ГК)
Россети Юг (ГК)
Россети Янтарь
-4 000млн.руб.
-2 000млн.руб.
0 млн.руб.
2 000млн.руб.
4 000млн.руб.
6 000млн.руб.
8 00…
-6 000млн.руб.
239
68
25
3 470
3 855
6 900
821
839
2 116
213
-4 312
1 715
1 999
3 410
3 873
1 315
277
млн.
%
Выручка
Отклонение выручки по ПАО Россети за 1, 2, 3 кв. 2024 года (факт/план, млн. руб)
ПАО Россети
26 824.9 млн.руб.
 '

18-11-2024T03:10:51 - [MESSAGE][PASSED] - Text of object 'Object Repository/Страница авторизации/Text' is: 'Период
1, 2, 3 кв. 2024 года
Выручка
Все
Выполнение плановых показателей по ПАО Россети за 1, 2, 3 кв. 2024 года
План
Факт
Динамика
2024 год
0 млн.руб.
100 000 млн.руб.
200 000 млн.руб.
300 000 млн.руб.
400 000 млн.руб.
500 000 млн.руб.
600 000 млн.руб.
700 000 млн.руб.
800 000 млн.руб.
900 000 млн.руб.
1 000 000 млн.руб.
1 100 000 млн.руб.
1 200 000 млн.руб.
1 300 000 млн.руб.
1 056 816
1 083 641
↑
ДЗО 
Все
Внутренний оборот - выручка за услуги по передаче электрической энергии, учтенная в выручке за электроэнергию для конечных потребителей, при выполнении ДЗО функций гарантирующего поставщика
Подписи данных
⬤Отклонение
АО «Тываэнерго»
АО «Чеченэнерго»
Россети Волга
Россети Кубань
Россети Ленэнерго (ГК)
Россети Московский регион
Россети Северный Кавказ (ГК)
Россети Северо-Запад
Россети Сибирь (ГК)
Россети Томск
Россети Тюмень
Россети Урал (ГК)
Россети ФСК ЕЭС
Россети Центр
Россети Центр и Приволжье (ГК)
Россети Юг (ГК)
Россети Янтарь
-4 000млн.руб.
-2 000млн.руб.
0 млн.руб.
2 000млн.руб.
4 000млн.руб.
6 000млн.руб.
8 00…
-6 000млн.руб.
239
68
25
3 470
3 855
6 900
821
839
2 116
213
-4 312
1 715
1 999
3 410
3 873
1 315
277
млн.
%
Выручка
Отклонение выручки по ПАО Россети за 1, 2, 3 кв. 2024 года (факт/план, млн. руб)
ПАО Россети
26 824.9 млн.руб.
 '

18-11-2024T03:10:51 - [TEST_STEP][PASSED] - searchWord = "а": null

18-11-2024T03:10:51 - [TEST_STEP][PASSED] - if (urlText.contains("ошибка") || urlText.contains(searchWord) == false): null

18-11-2024T03:10:51 - [TEST_STEP][PASSED] - delay(45): Delayed 45 second(s)

18-11-2024T03:11:36 - [MESSAGE][PASSED] - Delayed 45 second(s)

18-11-2024T03:11:36 - [TEST_STEP][PASSED] - if (block == 2): null

18-11-2024T03:11:36 - [TEST_STEP][PASSED] - click(findTestObject("Выручка в рублях/Фильтр Период" + nameOfBlock)): Object: 'Object Repository/Выручка в рублях/Фильтр Период' is clicked on

18-11-2024T03:11:37 - [MESSAGE][PASSED] - Object: 'Object Repository/Выручка в рублях/Фильтр Период' is clicked on

18-11-2024T03:11:37 - [TEST_STEP][PASSED] - click(findTestObject("Выручка в рублях/Снять выделение в фильтре Дата" + nameOfBlock)): Object: 'Object Repository/Выручка в рублях/Снять выделение в фильтре Дата' is clicked on

18-11-2024T03:11:37 - [MESSAGE][PASSED] - Object: 'Object Repository/Выручка в рублях/Снять выделение в фильтре Дата' is clicked on

18-11-2024T03:11:37 - [TEST_STEP][PASSED] - click(findTestObject("Выручка в рублях/Применить в фильтре Дата" + nameOfBlock)): Object: 'Object Repository/Выручка в рублях/Применить в фильтре Дата' is clicked on

18-11-2024T03:11:38 - [MESSAGE][PASSED] - Object: 'Object Repository/Выручка в рублях/Применить в фильтре Дата' is clicked on

18-11-2024T03:11:38 - [TEST_STEP][PASSED] - delay(50): Delayed 50 second(s)

18-11-2024T03:12:28 - [MESSAGE][PASSED] - Delayed 50 second(s)

18-11-2024T03:12:28 - [TEST_STEP][PASSED] - click(findTestObject("Выручка в рублях/Фильтр Период" + nameOfBlock)): Object: 'Object Repository/Выручка в рублях/Фильтр Период' is clicked on

18-11-2024T03:12:28 - [MESSAGE][PASSED] - Object: 'Object Repository/Выручка в рублях/Фильтр Период' is clicked on

18-11-2024T03:12:28 - [TEST_STEP][PASSED] - click(findTestObject("Выручка в рублях/Снять выделение в фильтре Дата" + nameOfBlock)): Object: 'Object Repository/Выручка в рублях/Снять выделение в фильтре Дата' is clicked on

18-11-2024T03:12:29 - [MESSAGE][PASSED] - Object: 'Object Repository/Выручка в рублях/Снять выделение в фильтре Дата' is clicked on

18-11-2024T03:12:29 - [TEST_STEP][PASSED] - scrollToElement(findTestObject("Выручка в рублях/2024 список" + nameOfBlock), 30): Scroll to object 'Object Repository/Выручка в рублях/2024 список' successfully

18-11-2024T03:12:29 - [MESSAGE][PASSED] - Scroll to object 'Object Repository/Выручка в рублях/2024 список' successfully

18-11-2024T03:12:29 - [TEST_STEP][PASSED] - click(findTestObject("Выручка в рублях/2024 список" + nameOfBlock)): Object: 'Object Repository/Выручка в рублях/2024 список' is clicked on

18-11-2024T03:12:29 - [MESSAGE][PASSED] - Object: 'Object Repository/Выручка в рублях/2024 список' is clicked on

18-11-2024T03:12:29 - [TEST_STEP][PASSED] - scrollToElement(findTestObject("Выручка в рублях/1 квартал 2024 выбрать" + nameOfBlock), 30): Scroll to object 'Object Repository/Выручка в рублях/1 квартал 2024 выбрать' successfully

18-11-2024T03:12:30 - [MESSAGE][PASSED] - Scroll to object 'Object Repository/Выручка в рублях/1 квартал 2024 выбрать' successfully

18-11-2024T03:12:30 - [TEST_STEP][PASSED] - click(findTestObject("Выручка в рублях/1 квартал 2024 выбрать" + nameOfBlock)): Object: 'Object Repository/Выручка в рублях/1 квартал 2024 выбрать' is clicked on

18-11-2024T03:12:30 - [MESSAGE][PASSED] - Object: 'Object Repository/Выручка в рублях/1 квартал 2024 выбрать' is clicked on

18-11-2024T03:12:30 - [TEST_STEP][PASSED] - scrollToElement(findTestObject("Выручка в рублях/2 квартал 2024 выбрать" + nameOfBlock), 30): Scroll to object 'Object Repository/Выручка в рублях/2 квартал 2024 выбрать' successfully

18-11-2024T03:12:31 - [MESSAGE][PASSED] - Scroll to object 'Object Repository/Выручка в рублях/2 квартал 2024 выбрать' successfully

18-11-2024T03:12:31 - [TEST_STEP][PASSED] - click(findTestObject("Выручка в рублях/2 квартал 2024 выбрать" + nameOfBlock)): Object: 'Object Repository/Выручка в рублях/2 квартал 2024 выбрать' is clicked on

18-11-2024T03:12:31 - [MESSAGE][PASSED] - Object: 'Object Repository/Выручка в рублях/2 квартал 2024 выбрать' is clicked on

18-11-2024T03:12:31 - [TEST_STEP][PASSED] - scrollToElement(findTestObject("Выручка в рублях/3 квартал 2024 список" + nameOfBlock), 30): Scroll to object 'Object Repository/Выручка в рублях/3 квартал 2024 список' successfully

18-11-2024T03:12:31 - [MESSAGE][PASSED] - Scroll to object 'Object Repository/Выручка в рублях/3 квартал 2024 список' successfully

18-11-2024T03:12:31 - [TEST_STEP][PASSED] - click(findTestObject("Выручка в рублях/3 квартал 2024" + nameOfBlock)): Object: 'Object Repository/Выручка в рублях/3 квартал 2024' is clicked on

18-11-2024T03:12:32 - [MESSAGE][PASSED] - Object: 'Object Repository/Выручка в рублях/3 квартал 2024' is clicked on

18-11-2024T03:12:32 - [TEST_STEP][PASSED] - scrollToElement(findTestObject("Выручка в рублях/Заголовок дашборда" + nameOfBlock), 30): Scroll to object 'Object Repository/Выручка в рублях/Заголовок дашборда' successfully

18-11-2024T03:12:32 - [MESSAGE][PASSED] - Scroll to object 'Object Repository/Выручка в рублях/Заголовок дашборда' successfully

18-11-2024T03:12:32 - [TEST_STEP][PASSED] - click(findTestObject("Выручка в рублях/Применить в фильтре Дата" + nameOfBlock)): Object: 'Object Repository/Выручка в рублях/Применить в фильтре Дата' is clicked on

18-11-2024T03:12:33 - [MESSAGE][PASSED] - Object: 'Object Repository/Выручка в рублях/Применить в фильтре Дата' is clicked on

18-11-2024T03:12:33 - [TEST_STEP][PASSED] - delay(55): Delayed 55 second(s)

18-11-2024T03:13:28 - [MESSAGE][PASSED] - Delayed 55 second(s)

18-11-2024T03:13:28 - [TEST_STEP][PASSED] - click(findTestObject("Выручка в рублях/Фильтр ДЗО" + nameOfBlock)): Object: 'Object Repository/Выручка в рублях/Фильтр ДЗО' is clicked on

18-11-2024T03:13:28 - [MESSAGE][PASSED] - Object: 'Object Repository/Выручка в рублях/Фильтр ДЗО' is clicked on

18-11-2024T03:13:28 - [TEST_STEP][PASSED] - click(findTestObject("Выручка в рублях/Снять выделение в фильтре ДЗО" + nameOfBlock)): Object: 'Object Repository/Выручка в рублях/Снять выделение в фильтре ДЗО' is clicked on

18-11-2024T03:13:29 - [MESSAGE][PASSED] - Object: 'Object Repository/Выручка в рублях/Снять выделение в фильтре ДЗО' is clicked on

18-11-2024T03:13:29 - [TEST_STEP][PASSED] - click(findTestObject("Выручка в рублях/Применить в фильтре ДЗО" + nameOfBlock)): Object: 'Object Repository/Выручка в рублях/Применить в фильтре ДЗО' is clicked on

18-11-2024T03:13:29 - [MESSAGE][PASSED] - Object: 'Object Repository/Выручка в рублях/Применить в фильтре ДЗО' is clicked on

18-11-2024T03:13:29 - [TEST_STEP][PASSED] - delay(50): Delayed 50 second(s)

18-11-2024T03:14:19 - [MESSAGE][PASSED] - Delayed 50 second(s)

18-11-2024T03:14:19 - [TEST_STEP][PASSED] - Script1710234207206.Tumbler(run, vir, block, nameOfBlock): null

18-11-2024T03:14:19 - [TEST_STEP][PASSED] - println("run:" + run): null

18-11-2024T03:14:19 - [TEST_STEP][PASSED] - println("vir:" + vir): null

18-11-2024T03:14:19 - [TEST_STEP][PASSED] - println("block:" + block): null

18-11-2024T03:14:19 - [TEST_STEP][PASSED] - println("nameOfBlock:" + nameOfBlock): null

18-11-2024T03:14:19 - [TEST_STEP][PASSED] - if (vir == 1): null

18-11-2024T03:14:19 - [TEST_STEP][PASSED] - else if (vir == 2): Object: 'Object Repository/Выручка в рублях/Применить в фильтре Выручка' is clicked on

18-11-2024T03:14:19 - [TEST_STEP][PASSED] - if (run == 2): null

18-11-2024T03:14:19 - [TEST_STEP][PASSED] - click(findTestObject("Выручка в рублях/Фильтр Выручка" + nameOfBlock)): Object: 'Object Repository/Выручка в рублях/Фильтр Выручка' is clicked on

18-11-2024T03:14:20 - [MESSAGE][PASSED] - Object: 'Object Repository/Выручка в рублях/Фильтр Выручка' is clicked on

18-11-2024T03:14:20 - [TEST_STEP][PASSED] - click(findTestObject("Выручка в рублях/Итого в фильтре Выручка" + nameOfBlock)): Object: 'Object Repository/Выручка в рублях/Итого в фильтре Выручка' is clicked on

18-11-2024T03:14:20 - [MESSAGE][PASSED] - Object: 'Object Repository/Выручка в рублях/Итого в фильтре Выручка' is clicked on

18-11-2024T03:14:20 - [TEST_STEP][PASSED] - click(findTestObject("Выручка в рублях/Применить в фильтре Выручка" + nameOfBlock)): Object: 'Object Repository/Выручка в рублях/Применить в фильтре Выручка' is clicked on

18-11-2024T03:14:21 - [MESSAGE][PASSED] - Object: 'Object Repository/Выручка в рублях/Применить в фильтре Выручка' is clicked on

18-11-2024T03:14:21 - [TEST_STEP][PASSED] - click(findTestObject("Выручка в рублях/Фильтр ДЗО" + nameOfBlock)): Object: 'Object Repository/Выручка в рублях/Фильтр ДЗО' is clicked on

18-11-2024T03:14:24 - [MESSAGE][PASSED] - Object: 'Object Repository/Выручка в рублях/Фильтр ДЗО' is clicked on

18-11-2024T03:14:24 - [TEST_STEP][PASSED] - Script1710234207206.Rosseti(nameOfBlock): null

18-11-2024T03:14:24 - [TEST_STEP][PASSED] - println("nameOfBlock:" + nameOfBlock): null

18-11-2024T03:14:24 - [TEST_STEP][PASSED] - click(findTestObject("Выручка в рублях/ПАО Россети" + nameOfBlock)): Object: 'Object Repository/Выручка в рублях/ПАО Россети' is clicked on

18-11-2024T03:14:25 - [MESSAGE][PASSED] - Object: 'Object Repository/Выручка в рублях/ПАО Россети' is clicked on

18-11-2024T03:14:25 - [TEST_STEP][PASSED] - click(findTestObject("Выручка в рублях/Применить в фильтре ДЗО" + nameOfBlock)): Object: 'Object Repository/Выручка в рублях/Применить в фильтре ДЗО' is clicked on

18-11-2024T03:14:25 - [MESSAGE][PASSED] - Object: 'Object Repository/Выручка в рублях/Применить в фильтре ДЗО' is clicked on

18-11-2024T03:14:25 - [TEST_STEP][PASSED] - if (run == 2): null

18-11-2024T03:14:25 - [TEST_STEP][PASSED] - if (vir == 1 || vir == 2): Text of object 'Object Repository/Выручка в рублях/График План' is: '1 038 923'

18-11-2024T03:14:25 - [TEST_STEP][PASSED] - a1 = getText(findTestObject("Выручка в рублях/График План")): Text of object 'Object Repository/Выручка в рублях/График План' is: '1 038 923'

18-11-2024T03:14:27 - [MESSAGE][PASSED] - Text of object 'Object Repository/Выручка в рублях/График План' is: '1 038 923'

18-11-2024T03:14:27 - [TEST_STEP][PASSED] - if (vir == 1 || vir == 2): Text of object 'Object Repository/Выручка в рублях/График Факт' is: '1 065 140'

18-11-2024T03:14:27 - [TEST_STEP][PASSED] - a2 = getText(findTestObject("Выручка в рублях/График Факт")): Text of object 'Object Repository/Выручка в рублях/График Факт' is: '1 065 140'

18-11-2024T03:14:27 - [MESSAGE][PASSED] - Text of object 'Object Repository/Выручка в рублях/График Факт' is: '1 065 140'

18-11-2024T03:14:27 - [TEST_STEP][PASSED] - a30 = getText(findTestObject("Выручка в рублях/span1" + perc)): Text of object 'Object Repository/Выручка в рублях/span1' is: '26 217.2 млн.руб.'

18-11-2024T03:14:27 - [MESSAGE][PASSED] - Text of object 'Object Repository/Выручка в рублях/span1' is: '26 217.2 млн.руб.'

18-11-2024T03:14:27 - [TEST_STEP][PASSED] - i = a30.indexOf("млн.руб."): null

18-11-2024T03:14:27 - [TEST_STEP][PASSED] - if (i > -1): null

18-11-2024T03:14:27 - [TEST_STEP][PASSED] - a30 = a30.substring(0, i): null

18-11-2024T03:14:27 - [TEST_STEP][PASSED] - a30 = a30.replaceAll(" ", ""): null

18-11-2024T03:14:27 - [TEST_STEP][PASSED] - if (a30.contains("%")): null

18-11-2024T03:14:27 - [TEST_STEP][PASSED] - a30 = ").trim(): null

18-11-2024T03:14:27 - [TEST_STEP][PASSED] - println("a30: " + a30): null

18-11-2024T03:14:27 - [TEST_STEP][PASSED] - if (vir == 1 || vir == 2): Text of object 'Object Repository/Выручка в рублях/span2' is: '287'

18-11-2024T03:14:27 - [TEST_STEP][PASSED] - a31 = ").trim(): Text of object 'Object Repository/Выручка в рублях/span2' is: '287'

18-11-2024T03:14:28 - [MESSAGE][PASSED] - Text of object 'Object Repository/Выручка в рублях/span2' is: '287'

18-11-2024T03:14:28 - [TEST_STEP][PASSED] - if (vir == 1 || vir == 2): Text of object 'Object Repository/Выручка в рублях/span3' is: '-11'

18-11-2024T03:14:28 - [TEST_STEP][PASSED] - a32 = ").trim(): Text of object 'Object Repository/Выручка в рублях/span3' is: '-11'

18-11-2024T03:14:28 - [MESSAGE][PASSED] - Text of object 'Object Repository/Выручка в рублях/span3' is: '-11'

18-11-2024T03:14:28 - [TEST_STEP][PASSED] - if (vir == 1 || vir == 2): Text of object 'Object Repository/Выручка в рублях/span8' is: '279'

18-11-2024T03:14:28 - [TEST_STEP][PASSED] - a33 = ").trim(): Text of object 'Object Repository/Выручка в рублях/span4' is: '25'

18-11-2024T03:14:28 - [MESSAGE][PASSED] - Text of object 'Object Repository/Выручка в рублях/span4' is: '25'

18-11-2024T03:14:28 - [TEST_STEP][PASSED] - a34 = ").trim(): Text of object 'Object Repository/Выручка в рублях/span5' is: '3 470'

18-11-2024T03:14:29 - [MESSAGE][PASSED] - Text of object 'Object Repository/Выручка в рублях/span5' is: '3 470'

18-11-2024T03:14:29 - [TEST_STEP][PASSED] - a35 = ").trim(): Text of object 'Object Repository/Выручка в рублях/span6' is: '3 855'

18-11-2024T03:14:29 - [MESSAGE][PASSED] - Text of object 'Object Repository/Выручка в рублях/span6' is: '3 855'

18-11-2024T03:14:29 - [TEST_STEP][PASSED] - a36 = ").trim(): Text of object 'Object Repository/Выручка в рублях/span7' is: '6 900'

18-11-2024T03:14:29 - [MESSAGE][PASSED] - Text of object 'Object Repository/Выручка в рублях/span7' is: '6 900'

18-11-2024T03:14:29 - [TEST_STEP][PASSED] - a37 = ").trim(): Text of object 'Object Repository/Выручка в рублях/span8' is: '279'

18-11-2024T03:14:30 - [MESSAGE][PASSED] - Text of object 'Object Repository/Выручка в рублях/span8' is: '279'

18-11-2024T03:14:30 - [TEST_STEP][PASSED] - if (vir == 1 || vir == 2): Text of object 'Object Repository/Выручка в рублях/span17' is: '1 281'

18-11-2024T03:14:30 - [TEST_STEP][PASSED] - a38 = ").trim(): Text of object 'Object Repository/Выручка в рублях/span9' is: '839'

18-11-2024T03:14:30 - [MESSAGE][PASSED] - Text of object 'Object Repository/Выручка в рублях/span9' is: '839'

18-11-2024T03:14:30 - [TEST_STEP][PASSED] - a39 = ").trim(): Text of object 'Object Repository/Выручка в рублях/span10' is: '2 116'

18-11-2024T03:14:30 - [MESSAGE][PASSED] - Text of object 'Object Repository/Выручка в рублях/span10' is: '2 116'

18-11-2024T03:14:30 - [TEST_STEP][PASSED] - a310 = ").trim(): Text of object 'Object Repository/Выручка в рублях/span11' is: '213'

18-11-2024T03:14:30 - [MESSAGE][PASSED] - Text of object 'Object Repository/Выручка в рублях/span11' is: '213'

18-11-2024T03:14:30 - [TEST_STEP][PASSED] - a311 = ").trim(): Text of object 'Object Repository/Выручка в рублях/span12' is: '-4 312'

18-11-2024T03:14:31 - [MESSAGE][PASSED] - Text of object 'Object Repository/Выручка в рублях/span12' is: '-4 312'

18-11-2024T03:14:31 - [TEST_STEP][PASSED] - a312 = ").trim(): Text of object 'Object Repository/Выручка в рублях/span13' is: '1 715'

18-11-2024T03:14:31 - [MESSAGE][PASSED] - Text of object 'Object Repository/Выручка в рублях/span13' is: '1 715'

18-11-2024T03:14:31 - [TEST_STEP][PASSED] - a313 = ").trim(): Text of object 'Object Repository/Выручка в рублях/span14' is: '1 999'

18-11-2024T03:14:31 - [MESSAGE][PASSED] - Text of object 'Object Repository/Выручка в рублях/span14' is: '1 999'

18-11-2024T03:14:31 - [TEST_STEP][PASSED] - a314 = ").trim(): Text of object 'Object Repository/Выручка в рублях/span15' is: '3 410'

18-11-2024T03:14:32 - [MESSAGE][PASSED] - Text of object 'Object Repository/Выручка в рублях/span15' is: '3 410'

18-11-2024T03:14:32 - [TEST_STEP][PASSED] - a315 = ").trim(): Text of object 'Object Repository/Выручка в рублях/span16' is: '3 873'

18-11-2024T03:14:32 - [MESSAGE][PASSED] - Text of object 'Object Repository/Выручка в рублях/span16' is: '3 873'

18-11-2024T03:14:32 - [TEST_STEP][PASSED] - a316 = ").trim(): Text of object 'Object Repository/Выручка в рублях/span17' is: '1 281'

18-11-2024T03:14:32 - [MESSAGE][PASSED] - Text of object 'Object Repository/Выручка в рублях/span17' is: '1 281'

18-11-2024T03:14:32 - [TEST_STEP][PASSED] - if (vir == 1 || vir == 2): Text of object 'Object Repository/Выручка в рублях/span18' is: '277'

18-11-2024T03:14:32 - [TEST_STEP][PASSED] - a317 = ").trim(): Text of object 'Object Repository/Выручка в рублях/span18' is: '277'

18-11-2024T03:14:33 - [MESSAGE][PASSED] - Text of object 'Object Repository/Выручка в рублях/span18' is: '277'

18-11-2024T03:14:33 - [TEST_STEP][PASSED] - block = 2: null

18-11-2024T03:14:33 - [TEST_STEP][PASSED] - nameOfBlock = " Выручка": null

18-11-2024T03:14:33 - [TEST_STEP][PASSED] - Script1710234207206.PreSettings(run, vir, block, nameOfBlock, typeOfData, todaysDate): null

18-11-2024T03:14:33 - [TEST_STEP][PASSED] - openBrowser(""): Browser is opened with url: ''

18-11-2024T03:14:33 - [MESSAGE][WARNING] - A browser is already opened. Closing browser and opening a new one

18-11-2024T03:14:33 - [MESSAGE][INFO] - Starting 'Chrome' driver

18-11-2024T03:14:33 - [MESSAGE][INFO] - Action delay is set to 0 milliseconds

18-11-2024T03:14:34 - [MESSAGE][PASSED] - Browser is opened with url: ''

18-11-2024T03:14:34 - [TEST_STEP][PASSED] - refresh(): Refresh successfully

18-11-2024T03:14:34 - [MESSAGE][PASSED] - Refresh successfully

18-11-2024T03:14:34 - [TEST_STEP][PASSED] - delay(50): Delayed 50 second(s)

18-11-2024T03:15:24 - [MESSAGE][PASSED] - Delayed 50 second(s)

18-11-2024T03:15:24 - [TEST_STEP][PASSED] - println("run:" + run): null

18-11-2024T03:15:24 - [TEST_STEP][PASSED] - println("vir:" + vir): null

18-11-2024T03:15:24 - [TEST_STEP][PASSED] - println("block:" + block): null

18-11-2024T03:15:24 - [TEST_STEP][PASSED] - if (block == 1): null

18-11-2024T03:15:24 - [TEST_STEP][PASSED] - else: null

18-11-2024T03:15:24 - [TEST_STEP][PASSED] - nameOfBlock = " Выручка": null

18-11-2024T03:15:24 - [TEST_STEP][PASSED] - println("nameOfBlock:" + nameOfBlock): null

18-11-2024T03:15:24 - [TEST_STEP][PASSED] - println("typeOfData:" + typeOfData): null

18-11-2024T03:15:24 - [TEST_STEP][PASSED] - println("todaysDate:" + todaysDate): null

18-11-2024T03:15:24 - [TEST_STEP][PASSED] - Script1710234207206.Autorization(block, nameOfBlock): null

18-11-2024T03:15:24 - [TEST_STEP][PASSED] - i = <not implemented yet for class: org.codehaus.groovy.ast.expr.EmptyExpression>: null

18-11-2024T03:15:24 - [TEST_STEP][PASSED] - ii = <not implemented yet for class: org.codehaus.groovy.ast.expr.EmptyExpression>: null

18-11-2024T03:15:24 - [TEST_STEP][PASSED] - urlData = <not implemented yet for class: org.codehaus.groovy.ast.expr.EmptyExpression>: null

18-11-2024T03:15:24 - [TEST_STEP][PASSED] - searchWord = <not implemented yet for class: org.codehaus.groovy.ast.expr.EmptyExpression>: null

18-11-2024T03:15:24 - [TEST_STEP][PASSED] - urlText = <not implemented yet for class: org.codehaus.groovy.ast.expr.EmptyExpression>: null

18-11-2024T03:15:24 - [TEST_STEP][PASSED] - println("block:" + block): null

18-11-2024T03:15:24 - [TEST_STEP][PASSED] - if (block == 1): null

18-11-2024T03:15:24 - [TEST_STEP][PASSED] - else: null

18-11-2024T03:15:24 - [TEST_STEP][PASSED] - delay(45): Delayed 45 second(s)

18-11-2024T03:16:09 - [MESSAGE][PASSED] - Delayed 45 second(s)

18-11-2024T03:16:09 - [TEST_STEP][PASSED] - nameOfBlock = " Выручка": null

18-11-2024T03:16:09 - [TEST_STEP][PASSED] - println("nameOfBlock:" + nameOfBlock): null

18-11-2024T03:16:09 - [TEST_STEP][PASSED] - if (block == 1): null

18-11-2024T03:16:09 - [TEST_STEP][PASSED] - else: Delayed 45 second(s)

18-11-2024T03:16:09 - [TEST_STEP][PASSED] - urlData = 9: null

18-11-2024T03:16:09 - [TEST_STEP][PASSED] - delay(45): Delayed 45 second(s)

18-11-2024T03:16:54 - [MESSAGE][PASSED] - Delayed 45 second(s)

18-11-2024T03:16:54 - [TEST_STEP][PASSED] - navigateToUrl(findTestData("PlanFact").getValue(10, urlData)): Navigate to 'https://bi.rosseti.digital/viewer?dashboardGuid=a1fd28b3785d443cbc4d7690a1d78e31&sheetGuid=86092a20c5984827a0c87b24cac76a50&fit=true' successfully

18-11-2024T03:16:59 - [MESSAGE][PASSED] - Navigate to 'https://bi.rosseti.digital/viewer?dashboardGuid=a1fd28b3785d443cbc4d7690a1d78e31&sheetGuid=86092a20c5984827a0c87b24cac76a50&fit=true' successfully

18-11-2024T03:16:59 - [TEST_STEP][PASSED] - urlText = getText(findTestObject("Страница авторизации/Text")): Text of object 'Object Repository/Страница авторизации/Text' is: 'Вход'

18-11-2024T03:17:02 - [MESSAGE][PASSED] - Text of object 'Object Repository/Страница авторизации/Text' is: 'Вход'

18-11-2024T03:17:02 - [TEST_STEP][PASSED] - searchWord = "Вход": null

18-11-2024T03:17:02 - [TEST_STEP][PASSED] - if (urlText == null || urlText.contains("ошибка") || urlText.contains(searchWord) == false): null

18-11-2024T03:17:02 - [TEST_STEP][PASSED] - if (verifyElementPresent(findTestObject("Страница авторизации/button_"), 30) == true): null

18-11-2024T03:17:02 - [MESSAGE][PASSED] - Object 'Object Repository/Страница авторизации/button_' is present

18-11-2024T03:17:02 - [TEST_STEP][PASSED] - setText(findTestObject("Страница авторизации/input__username"), findTestData("PlanFact").getValue(8, 1)): Text 'liazgina-di' is set on object 'Object Repository/Страница авторизации/input__username'

18-11-2024T03:17:02 - [MESSAGE][PASSED] - Text 'liazgina-di' is set on object 'Object Repository/Страница авторизации/input__username'

18-11-2024T03:17:02 - [TEST_STEP][PASSED] - setText(findTestObject("Страница авторизации/input__password"), findTestData("PlanFact").getValue(9, 1)): Text ')$%5srZ8o688Dm#q' is set on object 'Object Repository/Страница авторизации/input__password'

18-11-2024T03:17:03 - [MESSAGE][PASSED] - Text ')$%5srZ8o688Dm#q' is set on object 'Object Repository/Страница авторизации/input__password'

18-11-2024T03:17:03 - [TEST_STEP][PASSED] - click(findTestObject("Страница авторизации/button_")): Object: 'Object Repository/Страница авторизации/button_' is clicked on

18-11-2024T03:17:05 - [MESSAGE][PASSED] - Object: 'Object Repository/Страница авторизации/button_' is clicked on

18-11-2024T03:17:05 - [TEST_STEP][PASSED] - delay(45): Delayed 45 second(s)

18-11-2024T03:17:50 - [MESSAGE][PASSED] - Delayed 45 second(s)

18-11-2024T03:17:50 - [TEST_STEP][PASSED] - urlText = getText(findTestObject("Страница авторизации/Text")): Text of object 'Object Repository/Страница авторизации/Text' is: 'Период
Январь, Февраль, Март, Апрель, Май, Июнь, Июль, Август, Сентябрь 2024 года
Выручка
Все
Выполнение плановых показателей по ПАО Россети за Январь, Февраль, Март, Апрель, Май, Июнь, Июль, Август, Сентябрь 2024 года
План
Факт
Динамика
2024 год
0 млн.руб.
100 000 млн.руб.
200 000 млн.руб.
300 000 млн.руб.
400 000 млн.руб.
500 000 млн.руб.
600 000 млн.руб.
700 000 млн.руб.
800 000 млн.руб.
900 000 млн.руб.
1 000 000 млн.руб.
1 100 000 млн.руб.
1 200 000 млн.руб.
1 300 000 млн.руб.
1 056 816
1 083 641
↑
ДЗО 
Все
Подписи данных
⬤Отклонение
АО «Тываэнерго»
АО «Чеченэнерго»
Россети Волга
Россети Кубань
Россети Ленэнерго (ГК)
Россети Московский регион
Россети Северный Кавказ (ГК)
Россети Северо-Запад
Россети Сибирь (ГК)
Россети Томск
Россети Тюмень
Россети Урал (ГК)
Россети ФСК ЕЭС
Россети Центр
Россети Центр и Приволжье (ГК)
Россети Юг (ГК)
Россети Янтарь
-5 000 млн.руб.
-4 000 млн.руб.
-3 000 млн.руб.
-2 000 млн.руб.
-1 000 млн.руб.
0 млн.руб.
1 000 млн.руб.
2 000 млн.руб.
3 000 млн.руб.
4 000 млн.руб.
5 000 млн.руб.
6 000 млн.руб.
7 000 млн.руб.
8 000 млн.руб.
239
68
25
3 470
3 855
6 900
821
839
2 116
213
-4 312
1 715
1 999
3 410
3 873
1 315
277
млн.
%
Выручка
Отклонение выручки по ПАО Россети за Январь, Февраль, Март, Апрель, Май, Июнь, Июль, Август, Сентябрь 2024 года (факт/план, млн. руб)
ПАО Россети
26 824.9 млн.руб.
Статус данных
×
Просьба обратить внимание
Данные занесены не полностью
ВЫБРАННЫЕ ЗНАЧЕНИЯ ФИЛЬТРОВ
ДЗО | ПЕРИОД
ПАО Россети: [«Выбраны все филиалы по всем ДЗО по всем категориям»]
2024: [Янв, Фев, Мар, Апр, Май, Июн, Июл, Авг, Сен]
*Внутренний оборот'

18-11-2024T03:17:51 - [MESSAGE][PASSED] - Text of object 'Object Repository/Страница авторизации/Text' is: 'Период
Январь, Февраль, Март, Апрель, Май, Июнь, Июль, Август, Сентябрь 2024 года
Выручка
Все
Выполнение плановых показателей по ПАО Россети за Январь, Февраль, Март, Апрель, Май, Июнь, Июль, Август, Сентябрь 2024 года
План
Факт
Динамика
2024 год
0 млн.руб.
100 000 млн.руб.
200 000 млн.руб.
300 000 млн.руб.
400 000 млн.руб.
500 000 млн.руб.
600 000 млн.руб.
700 000 млн.руб.
800 000 млн.руб.
900 000 млн.руб.
1 000 000 млн.руб.
1 100 000 млн.руб.
1 200 000 млн.руб.
1 300 000 млн.руб.
1 056 816
1 083 641
↑
ДЗО 
Все
Подписи данных
⬤Отклонение
АО «Тываэнерго»
АО «Чеченэнерго»
Россети Волга
Россети Кубань
Россети Ленэнерго (ГК)
Россети Московский регион
Россети Северный Кавказ (ГК)
Россети Северо-Запад
Россети Сибирь (ГК)
Россети Томск
Россети Тюмень
Россети Урал (ГК)
Россети ФСК ЕЭС
Россети Центр
Россети Центр и Приволжье (ГК)
Россети Юг (ГК)
Россети Янтарь
-5 000 млн.руб.
-4 000 млн.руб.
-3 000 млн.руб.
-2 000 млн.руб.
-1 000 млн.руб.
0 млн.руб.
1 000 млн.руб.
2 000 млн.руб.
3 000 млн.руб.
4 000 млн.руб.
5 000 млн.руб.
6 000 млн.руб.
7 000 млн.руб.
8 000 млн.руб.
239
68
25
3 470
3 855
6 900
821
839
2 116
213
-4 312
1 715
1 999
3 410
3 873
1 315
277
млн.
%
Выручка
Отклонение выручки по ПАО Россети за Январь, Февраль, Март, Апрель, Май, Июнь, Июль, Август, Сентябрь 2024 года (факт/план, млн. руб)
ПАО Россети
26 824.9 млн.руб.
Статус данных
×
Просьба обратить внимание
Данные занесены не полностью
ВЫБРАННЫЕ ЗНАЧЕНИЯ ФИЛЬТРОВ
ДЗО | ПЕРИОД
ПАО Россети: [«Выбраны все филиалы по всем ДЗО по всем категориям»]
2024: [Янв, Фев, Мар, Апр, Май, Июн, Июл, Авг, Сен]
*Внутренний оборот'

18-11-2024T03:17:51 - [TEST_STEP][PASSED] - searchWord = "а": null

18-11-2024T03:17:51 - [TEST_STEP][PASSED] - if (urlText.contains("ошибка") || urlText.contains(searchWord) == false): null

18-11-2024T03:17:51 - [TEST_STEP][PASSED] - delay(45): Delayed 45 second(s)

18-11-2024T03:18:36 - [MESSAGE][PASSED] - Delayed 45 second(s)

18-11-2024T03:18:36 - [TEST_STEP][PASSED] - if (block == 2): Delayed 50 second(s)

18-11-2024T03:18:36 - [TEST_STEP][PASSED] - opoveshenie = getText(findTestObject("Выручка в рублях/Просьба обратить внимание")): Text of object 'Object Repository/Выручка в рублях/Просьба обратить внимание' is: 'Просьба обратить внимание'

18-11-2024T03:18:37 - [MESSAGE][PASSED] - Text of object 'Object Repository/Выручка в рублях/Просьба обратить внимание' is: 'Просьба обратить внимание'

18-11-2024T03:18:37 - [TEST_STEP][PASSED] - if (opoveshenie == "Просьба обратить внимание"): Delayed 50 second(s)

18-11-2024T03:18:37 - [TEST_STEP][PASSED] - click(findTestObject("Выручка в рублях/Закрыть оповещение")): Object: 'Object Repository/Выручка в рублях/Закрыть оповещение' is clicked on

18-11-2024T03:18:37 - [MESSAGE][PASSED] - Object: 'Object Repository/Выручка в рублях/Закрыть оповещение' is clicked on

18-11-2024T03:18:37 - [TEST_STEP][PASSED] - delay(50): Delayed 50 second(s)

18-11-2024T03:19:27 - [MESSAGE][PASSED] - Delayed 50 second(s)

18-11-2024T03:19:27 - [TEST_STEP][PASSED] - click(findTestObject("Выручка в рублях/Фильтр Период" + nameOfBlock)): Object: 'Object Repository/Выручка в рублях/Фильтр Период Выручка' is clicked on

18-11-2024T03:19:27 - [MESSAGE][PASSED] - Object: 'Object Repository/Выручка в рублях/Фильтр Период Выручка' is clicked on

18-11-2024T03:19:27 - [TEST_STEP][PASSED] - click(findTestObject("Выручка в рублях/Снять выделение в фильтре Дата" + nameOfBlock)): Object: 'Object Repository/Выручка в рублях/Снять выделение в фильтре Дата Выручка' is clicked on

18-11-2024T03:19:28 - [MESSAGE][PASSED] - Object: 'Object Repository/Выручка в рублях/Снять выделение в фильтре Дата Выручка' is clicked on

18-11-2024T03:19:28 - [TEST_STEP][PASSED] - click(findTestObject("Выручка в рублях/Применить в фильтре Дата" + nameOfBlock)): Object: 'Object Repository/Выручка в рублях/Применить в фильтре Дата Выручка' is clicked on

18-11-2024T03:19:28 - [MESSAGE][PASSED] - Object: 'Object Repository/Выручка в рублях/Применить в фильтре Дата Выручка' is clicked on

18-11-2024T03:19:28 - [TEST_STEP][PASSED] - delay(50): Delayed 50 second(s)

18-11-2024T03:20:18 - [MESSAGE][PASSED] - Delayed 50 second(s)

18-11-2024T03:20:18 - [TEST_STEP][PASSED] - click(findTestObject("Выручка в рублях/Фильтр Период" + nameOfBlock)): Object: 'Object Repository/Выручка в рублях/Фильтр Период Выручка' is clicked on

18-11-2024T03:20:19 - [MESSAGE][PASSED] - Object: 'Object Repository/Выручка в рублях/Фильтр Период Выручка' is clicked on

18-11-2024T03:20:19 - [TEST_STEP][PASSED] - click(findTestObject("Выручка в рублях/Снять выделение в фильтре Дата" + nameOfBlock)): Object: 'Object Repository/Выручка в рублях/Снять выделение в фильтре Дата Выручка' is clicked on

18-11-2024T03:20:19 - [MESSAGE][PASSED] - Object: 'Object Repository/Выручка в рублях/Снять выделение в фильтре Дата Выручка' is clicked on

18-11-2024T03:20:19 - [TEST_STEP][PASSED] - scrollToElement(findTestObject("Выручка в рублях/2024 список" + nameOfBlock), 30): Scroll to object 'Object Repository/Выручка в рублях/2024 список Выручка' successfully

18-11-2024T03:20:20 - [MESSAGE][PASSED] - Scroll to object 'Object Repository/Выручка в рублях/2024 список Выручка' successfully

18-11-2024T03:20:20 - [TEST_STEP][PASSED] - click(findTestObject("Выручка в рублях/2024 список" + nameOfBlock)): Object: 'Object Repository/Выручка в рублях/2024 список Выручка' is clicked on

18-11-2024T03:20:20 - [MESSAGE][PASSED] - Object: 'Object Repository/Выручка в рублях/2024 список Выручка' is clicked on

18-11-2024T03:20:20 - [TEST_STEP][PASSED] - scrollToElement(findTestObject("Выручка в рублях/1 квартал 2024 выбрать" + nameOfBlock), 30): Scroll to object 'Object Repository/Выручка в рублях/1 квартал 2024 выбрать Выручка' successfully

18-11-2024T03:20:20 - [MESSAGE][PASSED] - Scroll to object 'Object Repository/Выручка в рублях/1 квартал 2024 выбрать Выручка' successfully

18-11-2024T03:20:20 - [TEST_STEP][PASSED] - click(findTestObject("Выручка в рублях/1 квартал 2024 выбрать" + nameOfBlock)): Object: 'Object Repository/Выручка в рублях/1 квартал 2024 выбрать Выручка' is clicked on

18-11-2024T03:20:21 - [MESSAGE][PASSED] - Object: 'Object Repository/Выручка в рублях/1 квартал 2024 выбрать Выручка' is clicked on

18-11-2024T03:20:21 - [TEST_STEP][PASSED] - scrollToElement(findTestObject("Выручка в рублях/2 квартал 2024 выбрать" + nameOfBlock), 30): Scroll to object 'Object Repository/Выручка в рублях/2 квартал 2024 выбрать Выручка' successfully

18-11-2024T03:20:21 - [MESSAGE][PASSED] - Scroll to object 'Object Repository/Выручка в рублях/2 квартал 2024 выбрать Выручка' successfully

18-11-2024T03:20:21 - [TEST_STEP][PASSED] - click(findTestObject("Выручка в рублях/2 квартал 2024 выбрать" + nameOfBlock)): Object: 'Object Repository/Выручка в рублях/2 квартал 2024 выбрать Выручка' is clicked on

18-11-2024T03:20:22 - [MESSAGE][PASSED] - Object: 'Object Repository/Выручка в рублях/2 квартал 2024 выбрать Выручка' is clicked on

18-11-2024T03:20:22 - [TEST_STEP][PASSED] - scrollToElement(findTestObject("Выручка в рублях/3 квартал 2024 список" + nameOfBlock), 30): Scroll to object 'Object Repository/Выручка в рублях/3 квартал 2024 список Выручка' successfully

18-11-2024T03:20:22 - [MESSAGE][PASSED] - Scroll to object 'Object Repository/Выручка в рублях/3 квартал 2024 список Выручка' successfully

18-11-2024T03:20:22 - [TEST_STEP][PASSED] - click(findTestObject("Выручка в рублях/3 квартал 2024" + nameOfBlock)): Object: 'Object Repository/Выручка в рублях/3 квартал 2024 Выручка' is clicked on

18-11-2024T03:20:22 - [MESSAGE][PASSED] - Object: 'Object Repository/Выручка в рублях/3 квартал 2024 Выручка' is clicked on

18-11-2024T03:20:22 - [TEST_STEP][PASSED] - scrollToElement(findTestObject("Выручка в рублях/Заголовок дашборда" + nameOfBlock), 30): Scroll to object 'Object Repository/Выручка в рублях/Заголовок дашборда Выручка' successfully

18-11-2024T03:20:23 - [MESSAGE][PASSED] - Scroll to object 'Object Repository/Выручка в рублях/Заголовок дашборда Выручка' successfully

18-11-2024T03:20:23 - [TEST_STEP][PASSED] - click(findTestObject("Выручка в рублях/Применить в фильтре Дата" + nameOfBlock)): Object: 'Object Repository/Выручка в рублях/Применить в фильтре Дата Выручка' is clicked on

18-11-2024T03:20:23 - [MESSAGE][PASSED] - Object: 'Object Repository/Выручка в рублях/Применить в фильтре Дата Выручка' is clicked on

18-11-2024T03:20:23 - [TEST_STEP][PASSED] - delay(55): Delayed 55 second(s)

18-11-2024T03:21:18 - [MESSAGE][PASSED] - Delayed 55 second(s)

18-11-2024T03:21:18 - [TEST_STEP][PASSED] - click(findTestObject("Выручка в рублях/Фильтр ДЗО" + nameOfBlock)): Object: 'Object Repository/Выручка в рублях/Фильтр ДЗО Выручка' is clicked on

18-11-2024T03:21:19 - [MESSAGE][PASSED] - Object: 'Object Repository/Выручка в рублях/Фильтр ДЗО Выручка' is clicked on

18-11-2024T03:21:19 - [TEST_STEP][PASSED] - click(findTestObject("Выручка в рублях/Снять выделение в фильтре ДЗО" + nameOfBlock)): Object: 'Object Repository/Выручка в рублях/Снять выделение в фильтре ДЗО Выручка' is clicked on

18-11-2024T03:21:19 - [MESSAGE][PASSED] - Object: 'Object Repository/Выручка в рублях/Снять выделение в фильтре ДЗО Выручка' is clicked on

18-11-2024T03:21:19 - [TEST_STEP][PASSED] - click(findTestObject("Выручка в рублях/Применить в фильтре ДЗО" + nameOfBlock)): Object: 'Object Repository/Выручка в рублях/Применить в фильтре ДЗО Выручка' is clicked on

18-11-2024T03:21:20 - [MESSAGE][PASSED] - Object: 'Object Repository/Выручка в рублях/Применить в фильтре ДЗО Выручка' is clicked on

18-11-2024T03:21:20 - [TEST_STEP][PASSED] - delay(50): Delayed 50 second(s)

18-11-2024T03:22:10 - [MESSAGE][PASSED] - Delayed 50 second(s)

18-11-2024T03:22:10 - [TEST_STEP][PASSED] - Script1710234207206.Tumbler(run, vir, block, nameOfBlock): null

18-11-2024T03:22:10 - [TEST_STEP][PASSED] - println("run:" + run): null

18-11-2024T03:22:10 - [TEST_STEP][PASSED] - println("vir:" + vir): null

18-11-2024T03:22:10 - [TEST_STEP][PASSED] - println("block:" + block): null

18-11-2024T03:22:10 - [TEST_STEP][PASSED] - println("nameOfBlock:" + nameOfBlock): null

18-11-2024T03:22:10 - [TEST_STEP][PASSED] - if (vir == 1): null

18-11-2024T03:22:10 - [TEST_STEP][PASSED] - else if (vir == 2): Object: 'Object Repository/Выручка в рублях/Применить в фильтре Выручка Выручка' is clicked on

18-11-2024T03:22:10 - [TEST_STEP][PASSED] - if (run == 2): null

18-11-2024T03:22:10 - [TEST_STEP][PASSED] - click(findTestObject("Выручка в рублях/Фильтр Выручка" + nameOfBlock)): Object: 'Object Repository/Выручка в рублях/Фильтр Выручка Выручка' is clicked on

18-11-2024T03:22:10 - [MESSAGE][PASSED] - Object: 'Object Repository/Выручка в рублях/Фильтр Выручка Выручка' is clicked on

18-11-2024T03:22:10 - [TEST_STEP][PASSED] - click(findTestObject("Выручка в рублях/Итого в фильтре Выручка" + nameOfBlock)): Object: 'Object Repository/Выручка в рублях/Итого в фильтре Выручка Выручка' is clicked on

18-11-2024T03:22:11 - [MESSAGE][PASSED] - Object: 'Object Repository/Выручка в рублях/Итого в фильтре Выручка Выручка' is clicked on

18-11-2024T03:22:11 - [TEST_STEP][PASSED] - click(findTestObject("Выручка в рублях/Применить в фильтре Выручка" + nameOfBlock)): Object: 'Object Repository/Выручка в рублях/Применить в фильтре Выручка Выручка' is clicked on

18-11-2024T03:22:12 - [MESSAGE][PASSED] - Object: 'Object Repository/Выручка в рублях/Применить в фильтре Выручка Выручка' is clicked on

18-11-2024T03:22:12 - [TEST_STEP][PASSED] - click(findTestObject("Выручка в рублях/Фильтр ДЗО" + nameOfBlock)): Object: 'Object Repository/Выручка в рублях/Фильтр ДЗО Выручка' is clicked on

18-11-2024T03:22:13 - [MESSAGE][PASSED] - Object: 'Object Repository/Выручка в рублях/Фильтр ДЗО Выручка' is clicked on

18-11-2024T03:22:13 - [TEST_STEP][PASSED] - Script1710234207206.Rosseti(nameOfBlock): null

18-11-2024T03:22:13 - [TEST_STEP][PASSED] - println("nameOfBlock:" + nameOfBlock): null

18-11-2024T03:22:13 - [TEST_STEP][PASSED] - click(findTestObject("Выручка в рублях/ПАО Россети" + nameOfBlock)): Object: 'Object Repository/Выручка в рублях/ПАО Россети Выручка' is clicked on

18-11-2024T03:22:14 - [MESSAGE][PASSED] - Object: 'Object Repository/Выручка в рублях/ПАО Россети Выручка' is clicked on

18-11-2024T03:22:14 - [TEST_STEP][PASSED] - click(findTestObject("Выручка в рублях/Применить в фильтре ДЗО" + nameOfBlock)): Object: 'Object Repository/Выручка в рублях/Применить в фильтре ДЗО Выручка' is clicked on

18-11-2024T03:22:15 - [MESSAGE][PASSED] - Object: 'Object Repository/Выручка в рублях/Применить в фильтре ДЗО Выручка' is clicked on

18-11-2024T03:22:15 - [TEST_STEP][PASSED] - if (vir == 1 || vir == 2): Text of object 'Object Repository/Выручка в рублях/График План Выручка' is: '1 038 923'

18-11-2024T03:22:15 - [TEST_STEP][PASSED] - b1 = getText(findTestObject("Выручка в рублях/График План Выручка")): Text of object 'Object Repository/Выручка в рублях/График План Выручка' is: '1 038 923'

18-11-2024T03:22:16 - [MESSAGE][PASSED] - Text of object 'Object Repository/Выручка в рублях/График План Выручка' is: '1 038 923'

18-11-2024T03:22:16 - [TEST_STEP][PASSED] - if (vir == 1 || vir == 2): Text of object 'Object Repository/Выручка в рублях/График Факт Выручка' is: '1 065 140'

18-11-2024T03:22:16 - [TEST_STEP][PASSED] - b2 = getText(findTestObject("Выручка в рублях/График Факт Выручка")): Text of object 'Object Repository/Выручка в рублях/График Факт Выручка' is: '1 065 140'

18-11-2024T03:22:17 - [MESSAGE][PASSED] - Text of object 'Object Repository/Выручка в рублях/График Факт Выручка' is: '1 065 140'

18-11-2024T03:22:17 - [TEST_STEP][PASSED] - b30 = getText(findTestObject("Выручка в рублях/span1" + perc)): Text of object 'Object Repository/Выручка в рублях/span1' is: '26 217.2 млн.руб.'

18-11-2024T03:22:17 - [MESSAGE][PASSED] - Text of object 'Object Repository/Выручка в рублях/span1' is: '26 217.2 млн.руб.'

18-11-2024T03:22:17 - [TEST_STEP][PASSED] - i = b30.indexOf("млн.руб."): null

18-11-2024T03:22:17 - [TEST_STEP][PASSED] - if (i > -1): null

18-11-2024T03:22:17 - [TEST_STEP][PASSED] - b30 = b30.substring(0, i): null

18-11-2024T03:22:17 - [TEST_STEP][PASSED] - b30 = b30.replaceAll(" ", ""): null

18-11-2024T03:22:17 - [TEST_STEP][PASSED] - if (b30.contains("%")): null

18-11-2024T03:22:17 - [TEST_STEP][PASSED] - b30 = ").trim(): null

18-11-2024T03:22:17 - [TEST_STEP][PASSED] - println("b30: " + b30): null

18-11-2024T03:22:17 - [TEST_STEP][PASSED] - if (vir == 1 || vir == 2): Text of object 'Object Repository/Выручка в рублях/span2' is: '287'

18-11-2024T03:22:17 - [TEST_STEP][PASSED] - b31 = ").trim(): Text of object 'Object Repository/Выручка в рублях/span2' is: '287'

18-11-2024T03:22:17 - [MESSAGE][PASSED] - Text of object 'Object Repository/Выручка в рублях/span2' is: '287'

18-11-2024T03:22:17 - [TEST_STEP][PASSED] - if (vir == 1 || vir == 2): Text of object 'Object Repository/Выручка в рублях/span3' is: '-11'

18-11-2024T03:22:17 - [TEST_STEP][PASSED] - b32 = ").trim(): Text of object 'Object Repository/Выручка в рублях/span3' is: '-11'

18-11-2024T03:22:17 - [MESSAGE][PASSED] - Text of object 'Object Repository/Выручка в рублях/span3' is: '-11'

18-11-2024T03:22:17 - [TEST_STEP][PASSED] - if (vir == 1 || vir == 2): Text of object 'Object Repository/Выручка в рублях/span8' is: '279'

18-11-2024T03:22:17 - [TEST_STEP][PASSED] - b33 = ").trim(): Text of object 'Object Repository/Выручка в рублях/span4' is: '25'

18-11-2024T03:22:18 - [MESSAGE][PASSED] - Text of object 'Object Repository/Выручка в рублях/span4' is: '25'

18-11-2024T03:22:18 - [TEST_STEP][PASSED] - b34 = ").trim(): Text of object 'Object Repository/Выручка в рублях/span5' is: '3 470'

18-11-2024T03:22:18 - [MESSAGE][PASSED] - Text of object 'Object Repository/Выручка в рублях/span5' is: '3 470'

18-11-2024T03:22:18 - [TEST_STEP][PASSED] - b35 = ").trim(): Text of object 'Object Repository/Выручка в рублях/span6' is: '3 855'

18-11-2024T03:22:18 - [MESSAGE][PASSED] - Text of object 'Object Repository/Выручка в рублях/span6' is: '3 855'

18-11-2024T03:22:18 - [TEST_STEP][PASSED] - b36 = ").trim(): Text of object 'Object Repository/Выручка в рублях/span7' is: '6 900'

18-11-2024T03:22:19 - [MESSAGE][PASSED] - Text of object 'Object Repository/Выручка в рублях/span7' is: '6 900'

18-11-2024T03:22:19 - [TEST_STEP][PASSED] - b37 = ").trim(): Text of object 'Object Repository/Выручка в рублях/span8' is: '279'

18-11-2024T03:22:19 - [MESSAGE][PASSED] - Text of object 'Object Repository/Выручка в рублях/span8' is: '279'

18-11-2024T03:22:19 - [TEST_STEP][PASSED] - if (vir == 1 || vir == 2): Text of object 'Object Repository/Выручка в рублях/span17' is: '1 281'

18-11-2024T03:22:19 - [TEST_STEP][PASSED] - b38 = ").trim(): Text of object 'Object Repository/Выручка в рублях/span9' is: '839'

18-11-2024T03:22:19 - [MESSAGE][PASSED] - Text of object 'Object Repository/Выручка в рублях/span9' is: '839'

18-11-2024T03:22:19 - [TEST_STEP][PASSED] - b39 = ").trim(): Text of object 'Object Repository/Выручка в рублях/span10' is: '2 116'

18-11-2024T03:22:20 - [MESSAGE][PASSED] - Text of object 'Object Repository/Выручка в рублях/span10' is: '2 116'

18-11-2024T03:22:20 - [TEST_STEP][PASSED] - b310 = ").trim(): Text of object 'Object Repository/Выручка в рублях/span11' is: '213'

18-11-2024T03:22:20 - [MESSAGE][PASSED] - Text of object 'Object Repository/Выручка в рублях/span11' is: '213'

18-11-2024T03:22:20 - [TEST_STEP][PASSED] - b311 = ").trim(): Text of object 'Object Repository/Выручка в рублях/span12' is: '-4 312'

18-11-2024T03:22:20 - [MESSAGE][PASSED] - Text of object 'Object Repository/Выручка в рублях/span12' is: '-4 312'

18-11-2024T03:22:20 - [TEST_STEP][PASSED] - b312 = ").trim(): Text of object 'Object Repository/Выручка в рублях/span13' is: '1 715'

18-11-2024T03:22:20 - [MESSAGE][PASSED] - Text of object 'Object Repository/Выручка в рублях/span13' is: '1 715'

18-11-2024T03:22:20 - [TEST_STEP][PASSED] - b313 = ").trim(): Text of object 'Object Repository/Выручка в рублях/span14' is: '1 999'

18-11-2024T03:22:21 - [MESSAGE][PASSED] - Text of object 'Object Repository/Выручка в рублях/span14' is: '1 999'

18-11-2024T03:22:21 - [TEST_STEP][PASSED] - b314 = ").trim(): Text of object 'Object Repository/Выручка в рублях/span15' is: '3 410'

18-11-2024T03:22:21 - [MESSAGE][PASSED] - Text of object 'Object Repository/Выручка в рублях/span15' is: '3 410'

18-11-2024T03:22:21 - [TEST_STEP][PASSED] - b315 = ").trim(): Text of object 'Object Repository/Выручка в рублях/span16' is: '3 873'

18-11-2024T03:22:21 - [MESSAGE][PASSED] - Text of object 'Object Repository/Выручка в рублях/span16' is: '3 873'

18-11-2024T03:22:21 - [TEST_STEP][PASSED] - b316 = ").trim(): Text of object 'Object Repository/Выручка в рублях/span17' is: '1 281'

18-11-2024T03:22:22 - [MESSAGE][PASSED] - Text of object 'Object Repository/Выручка в рублях/span17' is: '1 281'

18-11-2024T03:22:22 - [TEST_STEP][PASSED] - if (vir == 1 || vir == 2): Text of object 'Object Repository/Выручка в рублях/span18' is: '277'

18-11-2024T03:22:22 - [TEST_STEP][PASSED] - b317 = ").trim(): Text of object 'Object Repository/Выручка в рублях/span18' is: '277'

18-11-2024T03:22:22 - [MESSAGE][PASSED] - Text of object 'Object Repository/Выручка в рублях/span18' is: '277'

18-11-2024T03:22:22 - [TEST_STEP][PASSED] - dZO = "ПАО Россети": null

18-11-2024T03:22:22 - [TEST_STEP][PASSED] - if (verifyEqual(a1, b1) == false): Actual object '1 038 923' and expected object '1 038 923' are equal

18-11-2024T03:22:22 - [MESSAGE][PASSED] - Actual object '1 038 923' and expected object '1 038 923' are equal

18-11-2024T03:22:22 - [TEST_STEP][PASSED] - if (verifyEqual(a2, b2) == false): Actual object '1 065 140' and expected object '1 065 140' are equal

18-11-2024T03:22:22 - [MESSAGE][PASSED] - Actual object '1 065 140' and expected object '1 065 140' are equal

18-11-2024T03:22:22 - [TEST_STEP][PASSED] - vidget = "Отклонения": null

18-11-2024T03:22:22 - [TEST_STEP][PASSED] - if (verifyEqual(a30, b30) == false): Actual object '26217.2' and expected object '26217.2' are equal

18-11-2024T03:22:22 - [MESSAGE][PASSED] - Actual object '26217.2' and expected object '26217.2' are equal

18-11-2024T03:22:22 - [TEST_STEP][PASSED] - dZO = "АО «Тываэнерго»": null

18-11-2024T03:22:22 - [TEST_STEP][PASSED] - if (verifyEqual(a31, b31) == false): Actual object '287' and expected object '287' are equal

18-11-2024T03:22:22 - [MESSAGE][PASSED] - Actual object '287' and expected object '287' are equal

18-11-2024T03:22:22 - [TEST_STEP][PASSED] - dZO = "АО «Чеченэнерго»": null

18-11-2024T03:22:22 - [TEST_STEP][PASSED] - if (verifyEqual(a32, b32) == false): Actual object '-11' and expected object '-11' are equal

18-11-2024T03:22:22 - [MESSAGE][PASSED] - Actual object '-11' and expected object '-11' are equal

18-11-2024T03:22:22 - [TEST_STEP][PASSED] - dZO = "Россети Волга": null

18-11-2024T03:22:22 - [TEST_STEP][PASSED] - if (verifyEqual(a33, b33) == false): Actual object '25' and expected object '25' are equal

18-11-2024T03:22:22 - [MESSAGE][PASSED] - Actual object '25' and expected object '25' are equal

18-11-2024T03:22:22 - [TEST_STEP][PASSED] - dZO = "Россети Кубань": null

18-11-2024T03:22:22 - [TEST_STEP][PASSED] - if (verifyEqual(a34, b34) == false): Actual object '3 470' and expected object '3 470' are equal

18-11-2024T03:22:22 - [MESSAGE][PASSED] - Actual object '3 470' and expected object '3 470' are equal

18-11-2024T03:22:22 - [TEST_STEP][PASSED] - dZO = "Россети Ленэнерго (ГК)": null

18-11-2024T03:22:22 - [TEST_STEP][PASSED] - if (verifyEqual(a35, b35) == false): Actual object '3 855' and expected object '3 855' are equal

18-11-2024T03:22:22 - [MESSAGE][PASSED] - Actual object '3 855' and expected object '3 855' are equal

18-11-2024T03:22:22 - [TEST_STEP][PASSED] - dZO = "Россети Московский регион": null

18-11-2024T03:22:22 - [TEST_STEP][PASSED] - if (verifyEqual(a36, b36) == false): Actual object '6 900' and expected object '6 900' are equal

18-11-2024T03:22:22 - [MESSAGE][PASSED] - Actual object '6 900' and expected object '6 900' are equal

18-11-2024T03:22:22 - [TEST_STEP][PASSED] - dZO = "Россети Северный Кавказ (ГК)": null

18-11-2024T03:22:22 - [TEST_STEP][PASSED] - if (verifyEqual(a37, b37) == false): Actual object '279' and expected object '279' are equal

18-11-2024T03:22:22 - [MESSAGE][PASSED] - Actual object '279' and expected object '279' are equal

18-11-2024T03:22:22 - [TEST_STEP][PASSED] - dZO = "Россети Северо-Запад": null

18-11-2024T03:22:22 - [TEST_STEP][PASSED] - if (verifyEqual(a38, b38) == false): Actual object '839' and expected object '839' are equal

18-11-2024T03:22:22 - [MESSAGE][PASSED] - Actual object '839' and expected object '839' are equal

18-11-2024T03:22:22 - [TEST_STEP][PASSED] - dZO = "Россети Сибирь (ГК)": null

18-11-2024T03:22:22 - [TEST_STEP][PASSED] - if (verifyEqual(a39, b39) == false): Actual object '2 116' and expected object '2 116' are equal

18-11-2024T03:22:22 - [MESSAGE][PASSED] - Actual object '2 116' and expected object '2 116' are equal

18-11-2024T03:22:22 - [TEST_STEP][PASSED] - dZO = "Россети Томск": null

18-11-2024T03:22:22 - [TEST_STEP][PASSED] - if (verifyEqual(a310, b310) == false): Actual object '213' and expected object '213' are equal

18-11-2024T03:22:22 - [MESSAGE][PASSED] - Actual object '213' and expected object '213' are equal

18-11-2024T03:22:22 - [TEST_STEP][PASSED] - dZO = "Россети Тюмень": null

18-11-2024T03:22:22 - [TEST_STEP][PASSED] - if (verifyEqual(a311, b311) == false): Actual object '-4 312' and expected object '-4 312' are equal

18-11-2024T03:22:22 - [MESSAGE][PASSED] - Actual object '-4 312' and expected object '-4 312' are equal

18-11-2024T03:22:22 - [TEST_STEP][PASSED] - dZO = "Россети Урал (ГК)": null

18-11-2024T03:22:22 - [TEST_STEP][PASSED] - if (verifyEqual(a312, b312) == false): Actual object '1 715' and expected object '1 715' are equal

18-11-2024T03:22:22 - [MESSAGE][PASSED] - Actual object '1 715' and expected object '1 715' are equal

18-11-2024T03:22:22 - [TEST_STEP][PASSED] - dZO = "Россети ФСК ЕЭС": null

18-11-2024T03:22:22 - [TEST_STEP][PASSED] - if (verifyEqual(a313, b313) == false): Actual object '1 999' and expected object '1 999' are equal

18-11-2024T03:22:22 - [MESSAGE][PASSED] - Actual object '1 999' and expected object '1 999' are equal

18-11-2024T03:22:22 - [TEST_STEP][PASSED] - dZO = "Россети Центр": null

18-11-2024T03:22:22 - [TEST_STEP][PASSED] - if (verifyEqual(a314, b314) == false): Actual object '3 410' and expected object '3 410' are equal

18-11-2024T03:22:22 - [MESSAGE][PASSED] - Actual object '3 410' and expected object '3 410' are equal

18-11-2024T03:22:22 - [TEST_STEP][PASSED] - dZO = "Россети Центр и Приволжье (ГК)": null

18-11-2024T03:22:22 - [TEST_STEP][PASSED] - if (verifyEqual(a315, b315) == false): Actual object '3 873' and expected object '3 873' are equal

18-11-2024T03:22:22 - [MESSAGE][PASSED] - Actual object '3 873' and expected object '3 873' are equal

18-11-2024T03:22:22 - [TEST_STEP][PASSED] - dZO = "Россети Юг (ГК)": null

18-11-2024T03:22:22 - [TEST_STEP][PASSED] - if (verifyEqual(a316, b316) == false): Actual object '1 281' and expected object '1 281' are equal

18-11-2024T03:22:22 - [MESSAGE][PASSED] - Actual object '1 281' and expected object '1 281' are equal

18-11-2024T03:22:22 - [TEST_STEP][PASSED] - dZO = "Россети Янтарь": null

18-11-2024T03:22:22 - [TEST_STEP][PASSED] - if (verifyEqual(a317, b317) == false): Actual object '277' and expected object '277' are equal

18-11-2024T03:22:22 - [MESSAGE][PASSED] - Actual object '277' and expected object '277' are equal

18-11-2024T03:22:22 - [TEST_STEP][PASSED] - closeBrowser(): null

18-11-2024T03:22:22 - [MESSAGE][PASSED] - Browser is closed

18-11-2024T03:22:22 - [TEST_STEP][PASSED] - Script1710234207206.Blocks(run, vir, block, nameOfBlock, typeOfData, viruchka, vidget, todaysDate, a, b, dZO, x, y): null

18-11-2024T03:22:22 - [TEST_STEP][PASSED] - i = <not implemented yet for class: org.codehaus.groovy.ast.expr.EmptyExpression>: null

18-11-2024T03:22:22 - [TEST_STEP][PASSED] - perc = "": null

18-11-2024T03:22:22 - [TEST_STEP][PASSED] - a1 = <not implemented yet for class: org.codehaus.groovy.ast.expr.EmptyExpression>: null

18-11-2024T03:22:22 - [TEST_STEP][PASSED] - a2 = <not implemented yet for class: org.codehaus.groovy.ast.expr.EmptyExpression>: null

18-11-2024T03:22:22 - [TEST_STEP][PASSED] - a30 = <not implemented yet for class: org.codehaus.groovy.ast.expr.EmptyExpression>: null

18-11-2024T03:22:22 - [TEST_STEP][PASSED] - a31 = <not implemented yet for class: org.codehaus.groovy.ast.expr.EmptyExpression>: null

18-11-2024T03:22:22 - [TEST_STEP][PASSED] - a32 = <not implemented yet for class: org.codehaus.groovy.ast.expr.EmptyExpression>: null

18-11-2024T03:22:22 - [TEST_STEP][PASSED] - a33 = <not implemented yet for class: org.codehaus.groovy.ast.expr.EmptyExpression>: null

18-11-2024T03:22:22 - [TEST_STEP][PASSED] - a34 = <not implemented yet for class: org.codehaus.groovy.ast.expr.EmptyExpression>: null

18-11-2024T03:22:22 - [TEST_STEP][PASSED] - a35 = <not implemented yet for class: org.codehaus.groovy.ast.expr.EmptyExpression>: null

18-11-2024T03:22:22 - [TEST_STEP][PASSED] - a36 = <not implemented yet for class: org.codehaus.groovy.ast.expr.EmptyExpression>: null

18-11-2024T03:22:22 - [TEST_STEP][PASSED] - a37 = <not implemented yet for class: org.codehaus.groovy.ast.expr.EmptyExpression>: null

18-11-2024T03:22:22 - [TEST_STEP][PASSED] - a38 = <not implemented yet for class: org.codehaus.groovy.ast.expr.EmptyExpression>: null

18-11-2024T03:22:22 - [TEST_STEP][PASSED] - a39 = <not implemented yet for class: org.codehaus.groovy.ast.expr.EmptyExpression>: null

18-11-2024T03:22:22 - [TEST_STEP][PASSED] - a310 = <not implemented yet for class: org.codehaus.groovy.ast.expr.EmptyExpression>: null

18-11-2024T03:22:22 - [TEST_STEP][PASSED] - a311 = <not implemented yet for class: org.codehaus.groovy.ast.expr.EmptyExpression>: null

18-11-2024T03:22:22 - [TEST_STEP][PASSED] - a312 = <not implemented yet for class: org.codehaus.groovy.ast.expr.EmptyExpression>: null

18-11-2024T03:22:22 - [TEST_STEP][PASSED] - a313 = <not implemented yet for class: org.codehaus.groovy.ast.expr.EmptyExpression>: null

18-11-2024T03:22:22 - [TEST_STEP][PASSED] - a314 = <not implemented yet for class: org.codehaus.groovy.ast.expr.EmptyExpression>: null

18-11-2024T03:22:22 - [TEST_STEP][PASSED] - a315 = <not implemented yet for class: org.codehaus.groovy.ast.expr.EmptyExpression>: null

18-11-2024T03:22:22 - [TEST_STEP][PASSED] - a316 = <not implemented yet for class: org.codehaus.groovy.ast.expr.EmptyExpression>: null

18-11-2024T03:22:22 - [TEST_STEP][PASSED] - a317 = <not implemented yet for class: org.codehaus.groovy.ast.expr.EmptyExpression>: null

18-11-2024T03:22:22 - [TEST_STEP][PASSED] - b1 = <not implemented yet for class: org.codehaus.groovy.ast.expr.EmptyExpression>: null

18-11-2024T03:22:22 - [TEST_STEP][PASSED] - b2 = <not implemented yet for class: org.codehaus.groovy.ast.expr.EmptyExpression>: null

18-11-2024T03:22:22 - [TEST_STEP][PASSED] - b30 = <not implemented yet for class: org.codehaus.groovy.ast.expr.EmptyExpression>: null

18-11-2024T03:22:22 - [TEST_STEP][PASSED] - b31 = <not implemented yet for class: org.codehaus.groovy.ast.expr.EmptyExpression>: null

18-11-2024T03:22:22 - [TEST_STEP][PASSED] - b32 = <not implemented yet for class: org.codehaus.groovy.ast.expr.EmptyExpression>: null

18-11-2024T03:22:22 - [TEST_STEP][PASSED] - b33 = <not implemented yet for class: org.codehaus.groovy.ast.expr.EmptyExpression>: null

18-11-2024T03:22:22 - [TEST_STEP][PASSED] - b34 = <not implemented yet for class: org.codehaus.groovy.ast.expr.EmptyExpression>: null

18-11-2024T03:22:22 - [TEST_STEP][PASSED] - b35 = <not implemented yet for class: org.codehaus.groovy.ast.expr.EmptyExpression>: null

18-11-2024T03:22:22 - [TEST_STEP][PASSED] - b36 = <not implemented yet for class: org.codehaus.groovy.ast.expr.EmptyExpression>: null

18-11-2024T03:22:22 - [TEST_STEP][PASSED] - b37 = <not implemented yet for class: org.codehaus.groovy.ast.expr.EmptyExpression>: null

18-11-2024T03:22:22 - [TEST_STEP][PASSED] - b38 = <not implemented yet for class: org.codehaus.groovy.ast.expr.EmptyExpression>: null

18-11-2024T03:22:22 - [TEST_STEP][PASSED] - b39 = <not implemented yet for class: org.codehaus.groovy.ast.expr.EmptyExpression>: null

18-11-2024T03:22:22 - [TEST_STEP][PASSED] - b310 = <not implemented yet for class: org.codehaus.groovy.ast.expr.EmptyExpression>: null

18-11-2024T03:22:22 - [TEST_STEP][PASSED] - b311 = <not implemented yet for class: org.codehaus.groovy.ast.expr.EmptyExpression>: null

18-11-2024T03:22:22 - [TEST_STEP][PASSED] - b312 = <not implemented yet for class: org.codehaus.groovy.ast.expr.EmptyExpression>: null

18-11-2024T03:22:22 - [TEST_STEP][PASSED] - b313 = <not implemented yet for class: org.codehaus.groovy.ast.expr.EmptyExpression>: null

18-11-2024T03:22:22 - [TEST_STEP][PASSED] - b314 = <not implemented yet for class: org.codehaus.groovy.ast.expr.EmptyExpression>: null

18-11-2024T03:22:22 - [TEST_STEP][PASSED] - b315 = <not implemented yet for class: org.codehaus.groovy.ast.expr.EmptyExpression>: null

18-11-2024T03:22:22 - [TEST_STEP][PASSED] - b316 = <not implemented yet for class: org.codehaus.groovy.ast.expr.EmptyExpression>: null

18-11-2024T03:22:22 - [TEST_STEP][PASSED] - b317 = <not implemented yet for class: org.codehaus.groovy.ast.expr.EmptyExpression>: null

18-11-2024T03:22:22 - [TEST_STEP][PASSED] - block = 1: null

18-11-2024T03:22:22 - [TEST_STEP][PASSED] - nameOfBlock = "": null

18-11-2024T03:22:22 - [TEST_STEP][PASSED] - Script1710234207206.PreSettings(run, vir, block, nameOfBlock, typeOfData, todaysDate): null

18-11-2024T03:22:22 - [TEST_STEP][PASSED] - openBrowser(""): Browser is opened with url: ''

18-11-2024T03:22:22 - [MESSAGE][INFO] - Starting 'Chrome' driver

18-11-2024T03:22:22 - [MESSAGE][INFO] - Action delay is set to 0 milliseconds

18-11-2024T03:22:23 - [MESSAGE][PASSED] - Browser is opened with url: ''

18-11-2024T03:22:23 - [TEST_STEP][PASSED] - refresh(): Refresh successfully

18-11-2024T03:22:23 - [MESSAGE][PASSED] - Refresh successfully

18-11-2024T03:22:23 - [TEST_STEP][PASSED] - delay(50): Delayed 50 second(s)

18-11-2024T03:23:13 - [MESSAGE][PASSED] - Delayed 50 second(s)

18-11-2024T03:23:13 - [TEST_STEP][PASSED] - println("run:" + run): null

18-11-2024T03:23:13 - [TEST_STEP][PASSED] - println("vir:" + vir): null

18-11-2024T03:23:13 - [TEST_STEP][PASSED] - println("block:" + block): null

18-11-2024T03:23:13 - [TEST_STEP][PASSED] - if (block == 1): null

18-11-2024T03:23:13 - [TEST_STEP][PASSED] - nameOfBlock = "": null

18-11-2024T03:23:13 - [TEST_STEP][PASSED] - println("nameOfBlock:" + nameOfBlock): null

18-11-2024T03:23:13 - [TEST_STEP][PASSED] - println("typeOfData:" + typeOfData): null

18-11-2024T03:23:13 - [TEST_STEP][PASSED] - println("todaysDate:" + todaysDate): null

18-11-2024T03:23:13 - [TEST_STEP][PASSED] - Script1710234207206.Autorization(block, nameOfBlock): null

18-11-2024T03:23:13 - [TEST_STEP][PASSED] - i = <not implemented yet for class: org.codehaus.groovy.ast.expr.EmptyExpression>: null

18-11-2024T03:23:13 - [TEST_STEP][PASSED] - ii = <not implemented yet for class: org.codehaus.groovy.ast.expr.EmptyExpression>: null

18-11-2024T03:23:13 - [TEST_STEP][PASSED] - urlData = <not implemented yet for class: org.codehaus.groovy.ast.expr.EmptyExpression>: null

18-11-2024T03:23:13 - [TEST_STEP][PASSED] - searchWord = <not implemented yet for class: org.codehaus.groovy.ast.expr.EmptyExpression>: null

18-11-2024T03:23:13 - [TEST_STEP][PASSED] - urlText = <not implemented yet for class: org.codehaus.groovy.ast.expr.EmptyExpression>: null

18-11-2024T03:23:13 - [TEST_STEP][PASSED] - println("block:" + block): null

18-11-2024T03:23:13 - [TEST_STEP][PASSED] - if (block == 1): null

18-11-2024T03:23:13 - [TEST_STEP][PASSED] - nameOfBlock = "": null

18-11-2024T03:23:13 - [TEST_STEP][PASSED] - println("nameOfBlock:" + nameOfBlock): null

18-11-2024T03:23:13 - [TEST_STEP][PASSED] - if (block == 1): Delayed 45 second(s)

18-11-2024T03:23:13 - [TEST_STEP][PASSED] - urlData = 2: null

18-11-2024T03:23:13 - [TEST_STEP][PASSED] - delay(45): Delayed 45 second(s)

18-11-2024T03:23:58 - [MESSAGE][PASSED] - Delayed 45 second(s)

18-11-2024T03:23:58 - [TEST_STEP][PASSED] - navigateToUrl(findTestData("PlanFact").getValue(10, urlData)): Navigate to 'https://bi.rosseti.digital/viewer?dashboardGuid=2301950b23be4ed89c1df75f2020051e&sheetGuid=b723206f698544fb87299f3095c00435&fit=true' successfully

18-11-2024T03:24:04 - [MESSAGE][PASSED] - Navigate to 'https://bi.rosseti.digital/viewer?dashboardGuid=2301950b23be4ed89c1df75f2020051e&sheetGuid=b723206f698544fb87299f3095c00435&fit=true' successfully

18-11-2024T03:24:04 - [TEST_STEP][PASSED] - urlText = getText(findTestObject("Страница авторизации/Text")): Text of object 'Object Repository/Страница авторизации/Text' is: 'Вход'

18-11-2024T03:24:07 - [MESSAGE][PASSED] - Text of object 'Object Repository/Страница авторизации/Text' is: 'Вход'

18-11-2024T03:24:07 - [TEST_STEP][PASSED] - searchWord = "Вход": null

18-11-2024T03:24:07 - [TEST_STEP][PASSED] - if (urlText == null || urlText.contains("ошибка") || urlText.contains(searchWord) == false): null

18-11-2024T03:24:07 - [TEST_STEP][PASSED] - if (verifyElementPresent(findTestObject("Страница авторизации/button_"), 30) == true): null

18-11-2024T03:24:07 - [MESSAGE][PASSED] - Object 'Object Repository/Страница авторизации/button_' is present

18-11-2024T03:24:07 - [TEST_STEP][PASSED] - setText(findTestObject("Страница авторизации/input__username"), findTestData("PlanFact").getValue(8, 1)): Text 'liazgina-di' is set on object 'Object Repository/Страница авторизации/input__username'

18-11-2024T03:24:08 - [MESSAGE][PASSED] - Text 'liazgina-di' is set on object 'Object Repository/Страница авторизации/input__username'

18-11-2024T03:24:08 - [TEST_STEP][PASSED] - setText(findTestObject("Страница авторизации/input__password"), findTestData("PlanFact").getValue(9, 1)): Text ')$%5srZ8o688Dm#q' is set on object 'Object Repository/Страница авторизации/input__password'

18-11-2024T03:24:09 - [MESSAGE][PASSED] - Text ')$%5srZ8o688Dm#q' is set on object 'Object Repository/Страница авторизации/input__password'

18-11-2024T03:24:09 - [TEST_STEP][PASSED] - click(findTestObject("Страница авторизации/button_")): Object: 'Object Repository/Страница авторизации/button_' is clicked on

18-11-2024T03:24:11 - [MESSAGE][PASSED] - Object: 'Object Repository/Страница авторизации/button_' is clicked on

18-11-2024T03:24:11 - [TEST_STEP][PASSED] - delay(45): Delayed 45 second(s)

18-11-2024T03:24:56 - [MESSAGE][PASSED] - Delayed 45 second(s)

18-11-2024T03:24:56 - [TEST_STEP][PASSED] - urlText = getText(findTestObject("Страница авторизации/Text")): Text of object 'Object Repository/Страница авторизации/Text' is: 'Период
1, 2, 3 кв. 2024 года
Выручка
Все
Выполнение плановых показателей по ПАО Россети за 1, 2, 3 кв. 2024 года
План
Факт
Динамика
2024 год
0 млн.руб.
100 000 млн.руб.
200 000 млн.руб.
300 000 млн.руб.
400 000 млн.руб.
500 000 млн.руб.
600 000 млн.руб.
700 000 млн.руб.
800 000 млн.руб.
900 000 млн.руб.
1 000 000 млн.руб.
1 100 000 млн.руб.
1 200 000 млн.руб.
1 300 000 млн.руб.
1 056 816
1 083 641
↑
ДЗО 
Все
Внутренний оборот - выручка за услуги по передаче электрической энергии, учтенная в выручке за электроэнергию для конечных потребителей, при выполнении ДЗО функций гарантирующего поставщика
Подписи данных
⬤Отклонение
АО «Тываэнерго»
АО «Чеченэнерго»
Россети Волга
Россети Кубань
Россети Ленэнерго (ГК)
Россети Московский регион
Россети Северный Кавказ (ГК)
Россети Северо-Запад
Россети Сибирь (ГК)
Россети Томск
Россети Тюмень
Россети Урал (ГК)
Россети ФСК ЕЭС
Россети Центр
Россети Центр и Приволжье (ГК)
Россети Юг (ГК)
Россети Янтарь
-4 000млн.руб.
-2 000млн.руб.
0 млн.руб.
2 000млн.руб.
4 000млн.руб.
6 000млн.руб.
8 00…
-6 000млн.руб.
239
68
25
3 470
3 855
6 900
821
839
2 116
213
-4 312
1 715
1 999
3 410
3 873
1 315
277
млн.
%
Выручка
Отклонение выручки по ПАО Россети за 1, 2, 3 кв. 2024 года (факт/план, млн. руб)
ПАО Россети
26 824.9 млн.руб.
 '

18-11-2024T03:24:56 - [MESSAGE][PASSED] - Text of object 'Object Repository/Страница авторизации/Text' is: 'Период
1, 2, 3 кв. 2024 года
Выручка
Все
Выполнение плановых показателей по ПАО Россети за 1, 2, 3 кв. 2024 года
План
Факт
Динамика
2024 год
0 млн.руб.
100 000 млн.руб.
200 000 млн.руб.
300 000 млн.руб.
400 000 млн.руб.
500 000 млн.руб.
600 000 млн.руб.
700 000 млн.руб.
800 000 млн.руб.
900 000 млн.руб.
1 000 000 млн.руб.
1 100 000 млн.руб.
1 200 000 млн.руб.
1 300 000 млн.руб.
1 056 816
1 083 641
↑
ДЗО 
Все
Внутренний оборот - выручка за услуги по передаче электрической энергии, учтенная в выручке за электроэнергию для конечных потребителей, при выполнении ДЗО функций гарантирующего поставщика
Подписи данных
⬤Отклонение
АО «Тываэнерго»
АО «Чеченэнерго»
Россети Волга
Россети Кубань
Россети Ленэнерго (ГК)
Россети Московский регион
Россети Северный Кавказ (ГК)
Россети Северо-Запад
Россети Сибирь (ГК)
Россети Томск
Россети Тюмень
Россети Урал (ГК)
Россети ФСК ЕЭС
Россети Центр
Россети Центр и Приволжье (ГК)
Россети Юг (ГК)
Россети Янтарь
-4 000млн.руб.
-2 000млн.руб.
0 млн.руб.
2 000млн.руб.
4 000млн.руб.
6 000млн.руб.
8 00…
-6 000млн.руб.
239
68
25
3 470
3 855
6 900
821
839
2 116
213
-4 312
1 715
1 999
3 410
3 873
1 315
277
млн.
%
Выручка
Отклонение выручки по ПАО Россети за 1, 2, 3 кв. 2024 года (факт/план, млн. руб)
ПАО Россети
26 824.9 млн.руб.
 '

18-11-2024T03:24:56 - [TEST_STEP][PASSED] - searchWord = "а": null

18-11-2024T03:24:56 - [TEST_STEP][PASSED] - if (urlText.contains("ошибка") || urlText.contains(searchWord) == false): null

18-11-2024T03:24:56 - [TEST_STEP][PASSED] - delay(45): Delayed 45 second(s)

18-11-2024T03:25:41 - [MESSAGE][PASSED] - Delayed 45 second(s)

18-11-2024T03:25:41 - [TEST_STEP][PASSED] - if (block == 2): null

18-11-2024T03:25:41 - [TEST_STEP][PASSED] - click(findTestObject("Выручка в рублях/Фильтр Период" + nameOfBlock)): Object: 'Object Repository/Выручка в рублях/Фильтр Период' is clicked on

18-11-2024T03:25:42 - [MESSAGE][PASSED] - Object: 'Object Repository/Выручка в рублях/Фильтр Период' is clicked on

18-11-2024T03:25:42 - [TEST_STEP][PASSED] - click(findTestObject("Выручка в рублях/Снять выделение в фильтре Дата" + nameOfBlock)): Object: 'Object Repository/Выручка в рублях/Снять выделение в фильтре Дата' is clicked on

18-11-2024T03:25:42 - [MESSAGE][PASSED] - Object: 'Object Repository/Выручка в рублях/Снять выделение в фильтре Дата' is clicked on

18-11-2024T03:25:42 - [TEST_STEP][PASSED] - click(findTestObject("Выручка в рублях/Применить в фильтре Дата" + nameOfBlock)): Object: 'Object Repository/Выручка в рублях/Применить в фильтре Дата' is clicked on

18-11-2024T03:25:43 - [MESSAGE][PASSED] - Object: 'Object Repository/Выручка в рублях/Применить в фильтре Дата' is clicked on

18-11-2024T03:25:43 - [TEST_STEP][PASSED] - delay(50): Delayed 50 second(s)

18-11-2024T03:26:33 - [MESSAGE][PASSED] - Delayed 50 second(s)

18-11-2024T03:26:33 - [TEST_STEP][PASSED] - click(findTestObject("Выручка в рублях/Фильтр Период" + nameOfBlock)): Object: 'Object Repository/Выручка в рублях/Фильтр Период' is clicked on

18-11-2024T03:26:33 - [MESSAGE][PASSED] - Object: 'Object Repository/Выручка в рублях/Фильтр Период' is clicked on

18-11-2024T03:26:33 - [TEST_STEP][PASSED] - click(findTestObject("Выручка в рублях/Снять выделение в фильтре Дата" + nameOfBlock)): Object: 'Object Repository/Выручка в рублях/Снять выделение в фильтре Дата' is clicked on

18-11-2024T03:26:34 - [MESSAGE][PASSED] - Object: 'Object Repository/Выручка в рублях/Снять выделение в фильтре Дата' is clicked on

18-11-2024T03:26:34 - [TEST_STEP][PASSED] - scrollToElement(findTestObject("Выручка в рублях/2024 список" + nameOfBlock), 30): Scroll to object 'Object Repository/Выручка в рублях/2024 список' successfully

18-11-2024T03:26:34 - [MESSAGE][PASSED] - Scroll to object 'Object Repository/Выручка в рублях/2024 список' successfully

18-11-2024T03:26:34 - [TEST_STEP][PASSED] - click(findTestObject("Выручка в рублях/2024 список" + nameOfBlock)): Object: 'Object Repository/Выручка в рублях/2024 список' is clicked on

18-11-2024T03:26:34 - [MESSAGE][PASSED] - Object: 'Object Repository/Выручка в рублях/2024 список' is clicked on

18-11-2024T03:26:34 - [TEST_STEP][PASSED] - scrollToElement(findTestObject("Выручка в рублях/1 квартал 2024 выбрать" + nameOfBlock), 30): Scroll to object 'Object Repository/Выручка в рублях/1 квартал 2024 выбрать' successfully

18-11-2024T03:26:35 - [MESSAGE][PASSED] - Scroll to object 'Object Repository/Выручка в рублях/1 квартал 2024 выбрать' successfully

18-11-2024T03:26:35 - [TEST_STEP][PASSED] - click(findTestObject("Выручка в рублях/1 квартал 2024 выбрать" + nameOfBlock)): Object: 'Object Repository/Выручка в рублях/1 квартал 2024 выбрать' is clicked on

18-11-2024T03:26:35 - [MESSAGE][PASSED] - Object: 'Object Repository/Выручка в рублях/1 квартал 2024 выбрать' is clicked on

18-11-2024T03:26:35 - [TEST_STEP][PASSED] - scrollToElement(findTestObject("Выручка в рублях/2 квартал 2024 выбрать" + nameOfBlock), 30): Scroll to object 'Object Repository/Выручка в рублях/2 квартал 2024 выбрать' successfully

18-11-2024T03:26:36 - [MESSAGE][PASSED] - Scroll to object 'Object Repository/Выручка в рублях/2 квартал 2024 выбрать' successfully

18-11-2024T03:26:36 - [TEST_STEP][PASSED] - click(findTestObject("Выручка в рублях/2 квартал 2024 выбрать" + nameOfBlock)): Object: 'Object Repository/Выручка в рублях/2 квартал 2024 выбрать' is clicked on

18-11-2024T03:26:36 - [MESSAGE][PASSED] - Object: 'Object Repository/Выручка в рублях/2 квартал 2024 выбрать' is clicked on

18-11-2024T03:26:36 - [TEST_STEP][PASSED] - scrollToElement(findTestObject("Выручка в рублях/3 квартал 2024 список" + nameOfBlock), 30): Scroll to object 'Object Repository/Выручка в рублях/3 квартал 2024 список' successfully

18-11-2024T03:26:37 - [MESSAGE][PASSED] - Scroll to object 'Object Repository/Выручка в рублях/3 квартал 2024 список' successfully

18-11-2024T03:26:37 - [TEST_STEP][PASSED] - click(findTestObject("Выручка в рублях/3 квартал 2024" + nameOfBlock)): Object: 'Object Repository/Выручка в рублях/3 квартал 2024' is clicked on

18-11-2024T03:26:37 - [MESSAGE][PASSED] - Object: 'Object Repository/Выручка в рублях/3 квартал 2024' is clicked on

18-11-2024T03:26:37 - [TEST_STEP][PASSED] - scrollToElement(findTestObject("Выручка в рублях/Заголовок дашборда" + nameOfBlock), 30): Scroll to object 'Object Repository/Выручка в рублях/Заголовок дашборда' successfully

18-11-2024T03:26:37 - [MESSAGE][PASSED] - Scroll to object 'Object Repository/Выручка в рублях/Заголовок дашборда' successfully

18-11-2024T03:26:37 - [TEST_STEP][PASSED] - click(findTestObject("Выручка в рублях/Применить в фильтре Дата" + nameOfBlock)): Object: 'Object Repository/Выручка в рублях/Применить в фильтре Дата' is clicked on

18-11-2024T03:26:38 - [MESSAGE][PASSED] - Object: 'Object Repository/Выручка в рублях/Применить в фильтре Дата' is clicked on

18-11-2024T03:26:38 - [TEST_STEP][PASSED] - delay(55): Delayed 55 second(s)

18-11-2024T03:27:33 - [MESSAGE][PASSED] - Delayed 55 second(s)

18-11-2024T03:27:33 - [TEST_STEP][PASSED] - click(findTestObject("Выручка в рублях/Фильтр ДЗО" + nameOfBlock)): Object: 'Object Repository/Выручка в рублях/Фильтр ДЗО' is clicked on

18-11-2024T03:27:33 - [MESSAGE][PASSED] - Object: 'Object Repository/Выручка в рублях/Фильтр ДЗО' is clicked on

18-11-2024T03:27:33 - [TEST_STEP][PASSED] - click(findTestObject("Выручка в рублях/Снять выделение в фильтре ДЗО" + nameOfBlock)): Object: 'Object Repository/Выручка в рублях/Снять выделение в фильтре ДЗО' is clicked on

18-11-2024T03:27:34 - [MESSAGE][PASSED] - Object: 'Object Repository/Выручка в рублях/Снять выделение в фильтре ДЗО' is clicked on

18-11-2024T03:27:34 - [TEST_STEP][PASSED] - click(findTestObject("Выручка в рублях/Применить в фильтре ДЗО" + nameOfBlock)): Object: 'Object Repository/Выручка в рублях/Применить в фильтре ДЗО' is clicked on

18-11-2024T03:27:34 - [MESSAGE][PASSED] - Object: 'Object Repository/Выручка в рублях/Применить в фильтре ДЗО' is clicked on

18-11-2024T03:27:34 - [TEST_STEP][PASSED] - delay(50): Delayed 50 second(s)

18-11-2024T03:28:24 - [MESSAGE][PASSED] - Delayed 50 second(s)

18-11-2024T03:28:24 - [TEST_STEP][PASSED] - Script1710234207206.Tumbler(run, vir, block, nameOfBlock): null

18-11-2024T03:28:24 - [TEST_STEP][PASSED] - println("run:" + run): null

18-11-2024T03:28:24 - [TEST_STEP][PASSED] - println("vir:" + vir): null

18-11-2024T03:28:24 - [TEST_STEP][PASSED] - println("block:" + block): null

18-11-2024T03:28:24 - [TEST_STEP][PASSED] - println("nameOfBlock:" + nameOfBlock): null

18-11-2024T03:28:24 - [TEST_STEP][PASSED] - if (vir == 1): null

18-11-2024T03:28:24 - [TEST_STEP][PASSED] - else if (vir == 2): null

18-11-2024T03:28:24 - [TEST_STEP][PASSED] - else if (vir == 3): Object: 'Object Repository/Выручка в рублях/Применить в фильтре Выручка' is clicked on

18-11-2024T03:28:24 - [TEST_STEP][PASSED] - if (run == 2): null

18-11-2024T03:28:24 - [TEST_STEP][PASSED] - click(findTestObject("Выручка в рублях/Фильтр Выручка" + nameOfBlock)): Object: 'Object Repository/Выручка в рублях/Фильтр Выручка' is clicked on

18-11-2024T03:28:25 - [MESSAGE][PASSED] - Object: 'Object Repository/Выручка в рублях/Фильтр Выручка' is clicked on

18-11-2024T03:28:25 - [TEST_STEP][PASSED] - click(findTestObject("Выручка в рублях/Внутренний оборот в фильтре Выручка" + nameOfBlock)): Object: 'Object Repository/Выручка в рублях/Внутренний оборот в фильтре Выручка' is clicked on

18-11-2024T03:28:25 - [MESSAGE][PASSED] - Object: 'Object Repository/Выручка в рублях/Внутренний оборот в фильтре Выручка' is clicked on

18-11-2024T03:28:25 - [TEST_STEP][PASSED] - click(findTestObject("Выручка в рублях/Применить в фильтре Выручка" + nameOfBlock)): Object: 'Object Repository/Выручка в рублях/Применить в фильтре Выручка' is clicked on

18-11-2024T03:28:26 - [MESSAGE][PASSED] - Object: 'Object Repository/Выручка в рублях/Применить в фильтре Выручка' is clicked on

18-11-2024T03:28:26 - [TEST_STEP][PASSED] - click(findTestObject("Выручка в рублях/Фильтр ДЗО" + nameOfBlock)): Object: 'Object Repository/Выручка в рублях/Фильтр ДЗО' is clicked on

18-11-2024T03:28:28 - [MESSAGE][PASSED] - Object: 'Object Repository/Выручка в рублях/Фильтр ДЗО' is clicked on

18-11-2024T03:28:28 - [TEST_STEP][PASSED] - Script1710234207206.Rosseti(nameOfBlock): null

18-11-2024T03:28:28 - [TEST_STEP][PASSED] - println("nameOfBlock:" + nameOfBlock): null

18-11-2024T03:28:28 - [TEST_STEP][PASSED] - click(findTestObject("Выручка в рублях/ПАО Россети" + nameOfBlock)): Object: 'Object Repository/Выручка в рублях/ПАО Россети' is clicked on

18-11-2024T03:28:29 - [MESSAGE][PASSED] - Object: 'Object Repository/Выручка в рублях/ПАО Россети' is clicked on

18-11-2024T03:28:29 - [TEST_STEP][PASSED] - click(findTestObject("Выручка в рублях/Применить в фильтре ДЗО" + nameOfBlock)): Object: 'Object Repository/Выручка в рублях/Применить в фильтре ДЗО' is clicked on

18-11-2024T03:28:29 - [MESSAGE][PASSED] - Object: 'Object Repository/Выручка в рублях/Применить в фильтре ДЗО' is clicked on

18-11-2024T03:28:29 - [TEST_STEP][PASSED] - if (run == 2): null

18-11-2024T03:28:29 - [TEST_STEP][PASSED] - if (vir == 1 || vir == 2): null

18-11-2024T03:28:29 - [TEST_STEP][PASSED] - else: Text of object 'Object Repository/Выручка в рублях/vir3Plan' is: '17 893'

18-11-2024T03:28:29 - [TEST_STEP][PASSED] - a1 = getText(findTestObject("Выручка в рублях/vir3Plan")): Text of object 'Object Repository/Выручка в рублях/vir3Plan' is: '17 893'

18-11-2024T03:28:31 - [MESSAGE][PASSED] - Text of object 'Object Repository/Выручка в рублях/vir3Plan' is: '17 893'

18-11-2024T03:28:31 - [TEST_STEP][PASSED] - if (vir == 1 || vir == 2): null

18-11-2024T03:28:31 - [TEST_STEP][PASSED] - else: Text of object 'Object Repository/Выручка в рублях/vir3Fact' is: '18 501'

18-11-2024T03:28:31 - [TEST_STEP][PASSED] - a2 = getText(findTestObject("Выручка в рублях/vir3Fact")): Text of object 'Object Repository/Выручка в рублях/vir3Fact' is: '18 501'

18-11-2024T03:28:31 - [MESSAGE][PASSED] - Text of object 'Object Repository/Выручка в рублях/vir3Fact' is: '18 501'

18-11-2024T03:28:31 - [TEST_STEP][PASSED] - a30 = getText(findTestObject("Выручка в рублях/span1" + perc)): Text of object 'Object Repository/Выручка в рублях/span1' is: '607.7 млн.руб.'

18-11-2024T03:28:32 - [MESSAGE][PASSED] - Text of object 'Object Repository/Выручка в рублях/span1' is: '607.7 млн.руб.'

18-11-2024T03:28:32 - [TEST_STEP][PASSED] - i = a30.indexOf("млн.руб."): null

18-11-2024T03:28:32 - [TEST_STEP][PASSED] - if (i > -1): null

18-11-2024T03:28:32 - [TEST_STEP][PASSED] - a30 = a30.substring(0, i): null

18-11-2024T03:28:32 - [TEST_STEP][PASSED] - a30 = a30.replaceAll(" ", ""): null

18-11-2024T03:28:32 - [TEST_STEP][PASSED] - if (a30.contains("%")): null

18-11-2024T03:28:32 - [TEST_STEP][PASSED] - a30 = ").trim(): null

18-11-2024T03:28:32 - [TEST_STEP][PASSED] - println("a30: " + a30): null

18-11-2024T03:28:32 - [TEST_STEP][PASSED] - if (vir == 1 || vir == 2): null

18-11-2024T03:28:32 - [TEST_STEP][PASSED] - else: Text of object 'Object Repository/Выручка в рублях/span15' is: '-48'

18-11-2024T03:28:32 - [TEST_STEP][PASSED] - a31 = ").trim(): Text of object 'Object Repository/Выручка в рублях/span15' is: '-48'

18-11-2024T03:28:32 - [MESSAGE][PASSED] - Text of object 'Object Repository/Выручка в рублях/span15' is: '-48'

18-11-2024T03:28:32 - [TEST_STEP][PASSED] - if (vir == 1 || vir == 2): null

18-11-2024T03:28:32 - [TEST_STEP][PASSED] - else: Text of object 'Object Repository/Выручка в рублях/span16' is: '79'

18-11-2024T03:28:32 - [TEST_STEP][PASSED] - a32 = ").trim(): Text of object 'Object Repository/Выручка в рублях/span16' is: '79'

18-11-2024T03:28:32 - [MESSAGE][PASSED] - Text of object 'Object Repository/Выручка в рублях/span16' is: '79'

18-11-2024T03:28:32 - [TEST_STEP][PASSED] - if (vir == 1 || vir == 2): null

18-11-2024T03:28:32 - [TEST_STEP][PASSED] - else: Text of object 'Object Repository/Выручка в рублях/span17' is: '542'

18-11-2024T03:28:32 - [TEST_STEP][PASSED] - a37 = ").trim(): Text of object 'Object Repository/Выручка в рублях/span17' is: '542'

18-11-2024T03:28:32 - [MESSAGE][PASSED] - Text of object 'Object Repository/Выручка в рублях/span17' is: '542'

18-11-2024T03:28:32 - [TEST_STEP][PASSED] - if (vir == 1 || vir == 2): null

18-11-2024T03:28:32 - [TEST_STEP][PASSED] - else: Text of object 'Object Repository/Выручка в рублях/span18' is: '35'

18-11-2024T03:28:32 - [TEST_STEP][PASSED] - a316 = ").trim(): Text of object 'Object Repository/Выручка в рублях/span18' is: '35'

18-11-2024T03:28:33 - [MESSAGE][PASSED] - Text of object 'Object Repository/Выручка в рублях/span18' is: '35'

18-11-2024T03:28:33 - [TEST_STEP][PASSED] - if (vir == 1 || vir == 2): null

18-11-2024T03:28:33 - [TEST_STEP][PASSED] - block = 2: null

18-11-2024T03:28:33 - [TEST_STEP][PASSED] - nameOfBlock = " Выручка": null

18-11-2024T03:28:33 - [TEST_STEP][PASSED] - Script1710234207206.PreSettings(run, vir, block, nameOfBlock, typeOfData, todaysDate): null

18-11-2024T03:28:33 - [TEST_STEP][PASSED] - openBrowser(""): Browser is opened with url: ''

18-11-2024T03:28:33 - [MESSAGE][WARNING] - A browser is already opened. Closing browser and opening a new one

18-11-2024T03:28:33 - [MESSAGE][INFO] - Starting 'Chrome' driver

18-11-2024T03:28:33 - [MESSAGE][INFO] - Action delay is set to 0 milliseconds

18-11-2024T03:28:34 - [MESSAGE][PASSED] - Browser is opened with url: ''

18-11-2024T03:28:34 - [TEST_STEP][PASSED] - refresh(): Refresh successfully

18-11-2024T03:28:34 - [MESSAGE][PASSED] - Refresh successfully

18-11-2024T03:28:34 - [TEST_STEP][PASSED] - delay(50): Delayed 50 second(s)

18-11-2024T03:29:24 - [MESSAGE][PASSED] - Delayed 50 second(s)

18-11-2024T03:29:24 - [TEST_STEP][PASSED] - println("run:" + run): null

18-11-2024T03:29:24 - [TEST_STEP][PASSED] - println("vir:" + vir): null

18-11-2024T03:29:24 - [TEST_STEP][PASSED] - println("block:" + block): null

18-11-2024T03:29:24 - [TEST_STEP][PASSED] - if (block == 1): null

18-11-2024T03:29:24 - [TEST_STEP][PASSED] - else: null

18-11-2024T03:29:24 - [TEST_STEP][PASSED] - nameOfBlock = " Выручка": null

18-11-2024T03:29:24 - [TEST_STEP][PASSED] - println("nameOfBlock:" + nameOfBlock): null

18-11-2024T03:29:24 - [TEST_STEP][PASSED] - println("typeOfData:" + typeOfData): null

18-11-2024T03:29:24 - [TEST_STEP][PASSED] - println("todaysDate:" + todaysDate): null

18-11-2024T03:29:24 - [TEST_STEP][PASSED] - Script1710234207206.Autorization(block, nameOfBlock): null

18-11-2024T03:29:24 - [TEST_STEP][PASSED] - i = <not implemented yet for class: org.codehaus.groovy.ast.expr.EmptyExpression>: null

18-11-2024T03:29:24 - [TEST_STEP][PASSED] - ii = <not implemented yet for class: org.codehaus.groovy.ast.expr.EmptyExpression>: null

18-11-2024T03:29:24 - [TEST_STEP][PASSED] - urlData = <not implemented yet for class: org.codehaus.groovy.ast.expr.EmptyExpression>: null

18-11-2024T03:29:24 - [TEST_STEP][PASSED] - searchWord = <not implemented yet for class: org.codehaus.groovy.ast.expr.EmptyExpression>: null

18-11-2024T03:29:24 - [TEST_STEP][PASSED] - urlText = <not implemented yet for class: org.codehaus.groovy.ast.expr.EmptyExpression>: null

18-11-2024T03:29:24 - [TEST_STEP][PASSED] - println("block:" + block): null

18-11-2024T03:29:24 - [TEST_STEP][PASSED] - if (block == 1): null

18-11-2024T03:29:24 - [TEST_STEP][PASSED] - else: null

18-11-2024T03:29:24 - [TEST_STEP][PASSED] - delay(45): Delayed 45 second(s)

18-11-2024T03:30:09 - [MESSAGE][PASSED] - Delayed 45 second(s)

18-11-2024T03:30:09 - [TEST_STEP][PASSED] - nameOfBlock = " Выручка": null

18-11-2024T03:30:09 - [TEST_STEP][PASSED] - println("nameOfBlock:" + nameOfBlock): null

18-11-2024T03:30:09 - [TEST_STEP][PASSED] - if (block == 1): null

18-11-2024T03:30:09 - [TEST_STEP][PASSED] - else: Delayed 45 second(s)

18-11-2024T03:30:09 - [TEST_STEP][PASSED] - urlData = 9: null

18-11-2024T03:30:09 - [TEST_STEP][PASSED] - delay(45): Delayed 45 second(s)

18-11-2024T03:30:54 - [MESSAGE][PASSED] - Delayed 45 second(s)

18-11-2024T03:30:54 - [TEST_STEP][PASSED] - navigateToUrl(findTestData("PlanFact").getValue(10, urlData)): Navigate to 'https://bi.rosseti.digital/viewer?dashboardGuid=a1fd28b3785d443cbc4d7690a1d78e31&sheetGuid=86092a20c5984827a0c87b24cac76a50&fit=true' successfully

18-11-2024T03:30:59 - [MESSAGE][PASSED] - Navigate to 'https://bi.rosseti.digital/viewer?dashboardGuid=a1fd28b3785d443cbc4d7690a1d78e31&sheetGuid=86092a20c5984827a0c87b24cac76a50&fit=true' successfully

18-11-2024T03:30:59 - [TEST_STEP][PASSED] - urlText = getText(findTestObject("Страница авторизации/Text")): Text of object 'Object Repository/Страница авторизации/Text' is: 'Вход'

18-11-2024T03:31:02 - [MESSAGE][PASSED] - Text of object 'Object Repository/Страница авторизации/Text' is: 'Вход'

18-11-2024T03:31:02 - [TEST_STEP][PASSED] - searchWord = "Вход": null

18-11-2024T03:31:02 - [TEST_STEP][PASSED] - if (urlText == null || urlText.contains("ошибка") || urlText.contains(searchWord) == false): null

18-11-2024T03:31:02 - [TEST_STEP][PASSED] - if (verifyElementPresent(findTestObject("Страница авторизации/button_"), 30) == true): null

18-11-2024T03:31:02 - [MESSAGE][PASSED] - Object 'Object Repository/Страница авторизации/button_' is present

18-11-2024T03:31:02 - [TEST_STEP][PASSED] - setText(findTestObject("Страница авторизации/input__username"), findTestData("PlanFact").getValue(8, 1)): Text 'liazgina-di' is set on object 'Object Repository/Страница авторизации/input__username'

18-11-2024T03:31:03 - [MESSAGE][PASSED] - Text 'liazgina-di' is set on object 'Object Repository/Страница авторизации/input__username'

18-11-2024T03:31:03 - [TEST_STEP][PASSED] - setText(findTestObject("Страница авторизации/input__password"), findTestData("PlanFact").getValue(9, 1)): Text ')$%5srZ8o688Dm#q' is set on object 'Object Repository/Страница авторизации/input__password'

18-11-2024T03:31:03 - [MESSAGE][PASSED] - Text ')$%5srZ8o688Dm#q' is set on object 'Object Repository/Страница авторизации/input__password'

18-11-2024T03:31:03 - [TEST_STEP][PASSED] - click(findTestObject("Страница авторизации/button_")): Object: 'Object Repository/Страница авторизации/button_' is clicked on

18-11-2024T03:31:06 - [MESSAGE][PASSED] - Object: 'Object Repository/Страница авторизации/button_' is clicked on

18-11-2024T03:31:06 - [TEST_STEP][PASSED] - delay(45): Delayed 45 second(s)

18-11-2024T03:31:51 - [MESSAGE][PASSED] - Delayed 45 second(s)

18-11-2024T03:31:51 - [TEST_STEP][PASSED] - urlText = getText(findTestObject("Страница авторизации/Text")): Text of object 'Object Repository/Страница авторизации/Text' is: 'Период
Январь, Февраль, Март, Апрель, Май, Июнь, Июль, Август, Сентябрь 2024 года
Выручка
Все
Выполнение плановых показателей по ПАО Россети за Январь, Февраль, Март, Апрель, Май, Июнь, Июль, Август, Сентябрь 2024 года
План
Факт
Динамика
2024 год
0 млн.руб.
100 000 млн.руб.
200 000 млн.руб.
300 000 млн.руб.
400 000 млн.руб.
500 000 млн.руб.
600 000 млн.руб.
700 000 млн.руб.
800 000 млн.руб.
900 000 млн.руб.
1 000 000 млн.руб.
1 100 000 млн.руб.
1 200 000 млн.руб.
1 300 000 млн.руб.
1 056 816
1 083 641
↑
ДЗО 
Все
Подписи данных
⬤Отклонение
АО «Тываэнерго»
АО «Чеченэнерго»
Россети Волга
Россети Кубань
Россети Ленэнерго (ГК)
Россети Московский регион
Россети Северный Кавказ (ГК)
Россети Северо-Запад
Россети Сибирь (ГК)
Россети Томск
Россети Тюмень
Россети Урал (ГК)
Россети ФСК ЕЭС
Россети Центр
Россети Центр и Приволжье (ГК)
Россети Юг (ГК)
Россети Янтарь
-5 000 млн.руб.
-4 000 млн.руб.
-3 000 млн.руб.
-2 000 млн.руб.
-1 000 млн.руб.
0 млн.руб.
1 000 млн.руб.
2 000 млн.руб.
3 000 млн.руб.
4 000 млн.руб.
5 000 млн.руб.
6 000 млн.руб.
7 000 млн.руб.
8 000 млн.руб.
239
68
25
3 470
3 855
6 900
821
839
2 116
213
-4 312
1 715
1 999
3 410
3 873
1 315
277
млн.
%
Выручка
Отклонение выручки по ПАО Россети за Январь, Февраль, Март, Апрель, Май, Июнь, Июль, Август, Сентябрь 2024 года (факт/план, млн. руб)
ПАО Россети
26 824.9 млн.руб.
Статус данных
×
Просьба обратить внимание
Данные занесены не полностью
ВЫБРАННЫЕ ЗНАЧЕНИЯ ФИЛЬТРОВ
ДЗО | ПЕРИОД
ПАО Россети: [«Выбраны все филиалы по всем ДЗО по всем категориям»]
2024: [Янв, Фев, Мар, Апр, Май, Июн, Июл, Авг, Сен]
*Внутренний оборот'

18-11-2024T03:31:51 - [MESSAGE][PASSED] - Text of object 'Object Repository/Страница авторизации/Text' is: 'Период
Январь, Февраль, Март, Апрель, Май, Июнь, Июль, Август, Сентябрь 2024 года
Выручка
Все
Выполнение плановых показателей по ПАО Россети за Январь, Февраль, Март, Апрель, Май, Июнь, Июль, Август, Сентябрь 2024 года
План
Факт
Динамика
2024 год
0 млн.руб.
100 000 млн.руб.
200 000 млн.руб.
300 000 млн.руб.
400 000 млн.руб.
500 000 млн.руб.
600 000 млн.руб.
700 000 млн.руб.
800 000 млн.руб.
900 000 млн.руб.
1 000 000 млн.руб.
1 100 000 млн.руб.
1 200 000 млн.руб.
1 300 000 млн.руб.
1 056 816
1 083 641
↑
ДЗО 
Все
Подписи данных
⬤Отклонение
АО «Тываэнерго»
АО «Чеченэнерго»
Россети Волга
Россети Кубань
Россети Ленэнерго (ГК)
Россети Московский регион
Россети Северный Кавказ (ГК)
Россети Северо-Запад
Россети Сибирь (ГК)
Россети Томск
Россети Тюмень
Россети Урал (ГК)
Россети ФСК ЕЭС
Россети Центр
Россети Центр и Приволжье (ГК)
Россети Юг (ГК)
Россети Янтарь
-5 000 млн.руб.
-4 000 млн.руб.
-3 000 млн.руб.
-2 000 млн.руб.
-1 000 млн.руб.
0 млн.руб.
1 000 млн.руб.
2 000 млн.руб.
3 000 млн.руб.
4 000 млн.руб.
5 000 млн.руб.
6 000 млн.руб.
7 000 млн.руб.
8 000 млн.руб.
239
68
25
3 470
3 855
6 900
821
839
2 116
213
-4 312
1 715
1 999
3 410
3 873
1 315
277
млн.
%
Выручка
Отклонение выручки по ПАО Россети за Январь, Февраль, Март, Апрель, Май, Июнь, Июль, Август, Сентябрь 2024 года (факт/план, млн. руб)
ПАО Россети
26 824.9 млн.руб.
Статус данных
×
Просьба обратить внимание
Данные занесены не полностью
ВЫБРАННЫЕ ЗНАЧЕНИЯ ФИЛЬТРОВ
ДЗО | ПЕРИОД
ПАО Россети: [«Выбраны все филиалы по всем ДЗО по всем категориям»]
2024: [Янв, Фев, Мар, Апр, Май, Июн, Июл, Авг, Сен]
*Внутренний оборот'

18-11-2024T03:31:51 - [TEST_STEP][PASSED] - searchWord = "а": null

18-11-2024T03:31:51 - [TEST_STEP][PASSED] - if (urlText.contains("ошибка") || urlText.contains(searchWord) == false): null

18-11-2024T03:31:51 - [TEST_STEP][PASSED] - delay(45): Delayed 45 second(s)

18-11-2024T03:32:36 - [MESSAGE][PASSED] - Delayed 45 second(s)

18-11-2024T03:32:36 - [TEST_STEP][PASSED] - if (block == 2): Delayed 50 second(s)

18-11-2024T03:32:36 - [TEST_STEP][PASSED] - opoveshenie = getText(findTestObject("Выручка в рублях/Просьба обратить внимание")): Text of object 'Object Repository/Выручка в рублях/Просьба обратить внимание' is: 'Просьба обратить внимание'

18-11-2024T03:32:37 - [MESSAGE][PASSED] - Text of object 'Object Repository/Выручка в рублях/Просьба обратить внимание' is: 'Просьба обратить внимание'

18-11-2024T03:32:37 - [TEST_STEP][PASSED] - if (opoveshenie == "Просьба обратить внимание"): Delayed 50 second(s)

18-11-2024T03:32:37 - [TEST_STEP][PASSED] - click(findTestObject("Выручка в рублях/Закрыть оповещение")): Object: 'Object Repository/Выручка в рублях/Закрыть оповещение' is clicked on

18-11-2024T03:32:37 - [MESSAGE][PASSED] - Object: 'Object Repository/Выручка в рублях/Закрыть оповещение' is clicked on

18-11-2024T03:32:37 - [TEST_STEP][PASSED] - delay(50): Delayed 50 second(s)

18-11-2024T03:33:27 - [MESSAGE][PASSED] - Delayed 50 second(s)

18-11-2024T03:33:27 - [TEST_STEP][PASSED] - click(findTestObject("Выручка в рублях/Фильтр Период" + nameOfBlock)): Object: 'Object Repository/Выручка в рублях/Фильтр Период Выручка' is clicked on

18-11-2024T03:33:27 - [MESSAGE][PASSED] - Object: 'Object Repository/Выручка в рублях/Фильтр Период Выручка' is clicked on

18-11-2024T03:33:27 - [TEST_STEP][PASSED] - click(findTestObject("Выручка в рублях/Снять выделение в фильтре Дата" + nameOfBlock)): Object: 'Object Repository/Выручка в рублях/Снять выделение в фильтре Дата Выручка' is clicked on

18-11-2024T03:33:28 - [MESSAGE][PASSED] - Object: 'Object Repository/Выручка в рублях/Снять выделение в фильтре Дата Выручка' is clicked on

18-11-2024T03:33:28 - [TEST_STEP][PASSED] - click(findTestObject("Выручка в рублях/Применить в фильтре Дата" + nameOfBlock)): Object: 'Object Repository/Выручка в рублях/Применить в фильтре Дата Выручка' is clicked on

18-11-2024T03:33:29 - [MESSAGE][PASSED] - Object: 'Object Repository/Выручка в рублях/Применить в фильтре Дата Выручка' is clicked on

18-11-2024T03:33:29 - [TEST_STEP][PASSED] - delay(50): Delayed 50 second(s)

18-11-2024T03:34:19 - [MESSAGE][PASSED] - Delayed 50 second(s)

18-11-2024T03:34:19 - [TEST_STEP][PASSED] - click(findTestObject("Выручка в рублях/Фильтр Период" + nameOfBlock)): Object: 'Object Repository/Выручка в рублях/Фильтр Период Выручка' is clicked on

18-11-2024T03:34:19 - [MESSAGE][PASSED] - Object: 'Object Repository/Выручка в рублях/Фильтр Период Выручка' is clicked on

18-11-2024T03:34:19 - [TEST_STEP][PASSED] - click(findTestObject("Выручка в рублях/Снять выделение в фильтре Дата" + nameOfBlock)): Object: 'Object Repository/Выручка в рублях/Снять выделение в фильтре Дата Выручка' is clicked on

18-11-2024T03:34:20 - [MESSAGE][PASSED] - Object: 'Object Repository/Выручка в рублях/Снять выделение в фильтре Дата Выручка' is clicked on

18-11-2024T03:34:20 - [TEST_STEP][PASSED] - scrollToElement(findTestObject("Выручка в рублях/2024 список" + nameOfBlock), 30): Scroll to object 'Object Repository/Выручка в рублях/2024 список Выручка' successfully

18-11-2024T03:34:20 - [MESSAGE][PASSED] - Scroll to object 'Object Repository/Выручка в рублях/2024 список Выручка' successfully

18-11-2024T03:34:20 - [TEST_STEP][PASSED] - click(findTestObject("Выручка в рублях/2024 список" + nameOfBlock)): Object: 'Object Repository/Выручка в рублях/2024 список Выручка' is clicked on

18-11-2024T03:34:20 - [MESSAGE][PASSED] - Object: 'Object Repository/Выручка в рублях/2024 список Выручка' is clicked on

18-11-2024T03:34:20 - [TEST_STEP][PASSED] - scrollToElement(findTestObject("Выручка в рублях/1 квартал 2024 выбрать" + nameOfBlock), 30): Scroll to object 'Object Repository/Выручка в рублях/1 квартал 2024 выбрать Выручка' successfully

18-11-2024T03:34:21 - [MESSAGE][PASSED] - Scroll to object 'Object Repository/Выручка в рублях/1 квартал 2024 выбрать Выручка' successfully

18-11-2024T03:34:21 - [TEST_STEP][PASSED] - click(findTestObject("Выручка в рублях/1 квартал 2024 выбрать" + nameOfBlock)): Object: 'Object Repository/Выручка в рублях/1 квартал 2024 выбрать Выручка' is clicked on

18-11-2024T03:34:21 - [MESSAGE][PASSED] - Object: 'Object Repository/Выручка в рублях/1 квартал 2024 выбрать Выручка' is clicked on

18-11-2024T03:34:21 - [TEST_STEP][PASSED] - scrollToElement(findTestObject("Выручка в рублях/2 квартал 2024 выбрать" + nameOfBlock), 30): Scroll to object 'Object Repository/Выручка в рублях/2 квартал 2024 выбрать Выручка' successfully

18-11-2024T03:34:22 - [MESSAGE][PASSED] - Scroll to object 'Object Repository/Выручка в рублях/2 квартал 2024 выбрать Выручка' successfully

18-11-2024T03:34:22 - [TEST_STEP][PASSED] - click(findTestObject("Выручка в рублях/2 квартал 2024 выбрать" + nameOfBlock)): Object: 'Object Repository/Выручка в рублях/2 квартал 2024 выбрать Выручка' is clicked on

18-11-2024T03:34:22 - [MESSAGE][PASSED] - Object: 'Object Repository/Выручка в рублях/2 квартал 2024 выбрать Выручка' is clicked on

18-11-2024T03:34:22 - [TEST_STEP][PASSED] - scrollToElement(findTestObject("Выручка в рублях/3 квартал 2024 список" + nameOfBlock), 30): Scroll to object 'Object Repository/Выручка в рублях/3 квартал 2024 список Выручка' successfully

18-11-2024T03:34:22 - [MESSAGE][PASSED] - Scroll to object 'Object Repository/Выручка в рублях/3 квартал 2024 список Выручка' successfully

18-11-2024T03:34:22 - [TEST_STEP][PASSED] - click(findTestObject("Выручка в рублях/3 квартал 2024" + nameOfBlock)): Object: 'Object Repository/Выручка в рублях/3 квартал 2024 Выручка' is clicked on

18-11-2024T03:34:23 - [MESSAGE][PASSED] - Object: 'Object Repository/Выручка в рублях/3 квартал 2024 Выручка' is clicked on

18-11-2024T03:34:23 - [TEST_STEP][PASSED] - scrollToElement(findTestObject("Выручка в рублях/Заголовок дашборда" + nameOfBlock), 30): Scroll to object 'Object Repository/Выручка в рублях/Заголовок дашборда Выручка' successfully

18-11-2024T03:34:23 - [MESSAGE][PASSED] - Scroll to object 'Object Repository/Выручка в рублях/Заголовок дашборда Выручка' successfully

18-11-2024T03:34:23 - [TEST_STEP][PASSED] - click(findTestObject("Выручка в рублях/Применить в фильтре Дата" + nameOfBlock)): Object: 'Object Repository/Выручка в рублях/Применить в фильтре Дата Выручка' is clicked on

18-11-2024T03:34:24 - [MESSAGE][PASSED] - Object: 'Object Repository/Выручка в рублях/Применить в фильтре Дата Выручка' is clicked on

18-11-2024T03:34:24 - [TEST_STEP][PASSED] - delay(55): Delayed 55 second(s)

18-11-2024T03:35:19 - [MESSAGE][PASSED] - Delayed 55 second(s)

18-11-2024T03:35:19 - [TEST_STEP][PASSED] - click(findTestObject("Выручка в рублях/Фильтр ДЗО" + nameOfBlock)): Object: 'Object Repository/Выручка в рублях/Фильтр ДЗО Выручка' is clicked on

18-11-2024T03:35:19 - [MESSAGE][PASSED] - Object: 'Object Repository/Выручка в рублях/Фильтр ДЗО Выручка' is clicked on

18-11-2024T03:35:19 - [TEST_STEP][PASSED] - click(findTestObject("Выручка в рублях/Снять выделение в фильтре ДЗО" + nameOfBlock)): Object: 'Object Repository/Выручка в рублях/Снять выделение в фильтре ДЗО Выручка' is clicked on

18-11-2024T03:35:20 - [MESSAGE][PASSED] - Object: 'Object Repository/Выручка в рублях/Снять выделение в фильтре ДЗО Выручка' is clicked on

18-11-2024T03:35:20 - [TEST_STEP][PASSED] - click(findTestObject("Выручка в рублях/Применить в фильтре ДЗО" + nameOfBlock)): Object: 'Object Repository/Выручка в рублях/Применить в фильтре ДЗО Выручка' is clicked on

18-11-2024T03:35:20 - [MESSAGE][PASSED] - Object: 'Object Repository/Выручка в рублях/Применить в фильтре ДЗО Выручка' is clicked on

18-11-2024T03:35:20 - [TEST_STEP][PASSED] - delay(50): Delayed 50 second(s)

18-11-2024T03:36:10 - [MESSAGE][PASSED] - Delayed 50 second(s)

18-11-2024T03:36:10 - [TEST_STEP][PASSED] - Script1710234207206.Tumbler(run, vir, block, nameOfBlock): null

18-11-2024T03:36:10 - [TEST_STEP][PASSED] - println("run:" + run): null

18-11-2024T03:36:10 - [TEST_STEP][PASSED] - println("vir:" + vir): null

18-11-2024T03:36:10 - [TEST_STEP][PASSED] - println("block:" + block): null

18-11-2024T03:36:10 - [TEST_STEP][PASSED] - println("nameOfBlock:" + nameOfBlock): null

18-11-2024T03:36:10 - [TEST_STEP][PASSED] - if (vir == 1): null

18-11-2024T03:36:10 - [TEST_STEP][PASSED] - else if (vir == 2): null

18-11-2024T03:36:10 - [TEST_STEP][PASSED] - else if (vir == 3): Object: 'Object Repository/Выручка в рублях/Применить в фильтре Выручка Выручка' is clicked on

18-11-2024T03:36:10 - [TEST_STEP][PASSED] - if (run == 2): null

18-11-2024T03:36:10 - [TEST_STEP][PASSED] - click(findTestObject("Выручка в рублях/Фильтр Выручка" + nameOfBlock)): Object: 'Object Repository/Выручка в рублях/Фильтр Выручка Выручка' is clicked on

18-11-2024T03:36:11 - [MESSAGE][PASSED] - Object: 'Object Repository/Выручка в рублях/Фильтр Выручка Выручка' is clicked on

18-11-2024T03:36:11 - [TEST_STEP][PASSED] - click(findTestObject("Выручка в рублях/Внутренний оборот в фильтре Выручка" + nameOfBlock)): Object: 'Object Repository/Выручка в рублях/Внутренний оборот в фильтре Выручка Выручка' is clicked on

18-11-2024T03:36:11 - [MESSAGE][PASSED] - Object: 'Object Repository/Выручка в рублях/Внутренний оборот в фильтре Выручка Выручка' is clicked on

18-11-2024T03:36:11 - [TEST_STEP][PASSED] - click(findTestObject("Выручка в рублях/Применить в фильтре Выручка" + nameOfBlock)): Object: 'Object Repository/Выручка в рублях/Применить в фильтре Выручка Выручка' is clicked on

18-11-2024T03:36:12 - [MESSAGE][PASSED] - Object: 'Object Repository/Выручка в рублях/Применить в фильтре Выручка Выручка' is clicked on

18-11-2024T03:36:12 - [TEST_STEP][PASSED] - click(findTestObject("Выручка в рублях/Фильтр ДЗО" + nameOfBlock)): Object: 'Object Repository/Выручка в рублях/Фильтр ДЗО Выручка' is clicked on

18-11-2024T03:36:14 - [MESSAGE][PASSED] - Object: 'Object Repository/Выручка в рублях/Фильтр ДЗО Выручка' is clicked on

18-11-2024T03:36:14 - [TEST_STEP][PASSED] - Script1710234207206.Rosseti(nameOfBlock): null

18-11-2024T03:36:14 - [TEST_STEP][PASSED] - println("nameOfBlock:" + nameOfBlock): null

18-11-2024T03:36:14 - [TEST_STEP][PASSED] - click(findTestObject("Выручка в рублях/ПАО Россети" + nameOfBlock)): Object: 'Object Repository/Выручка в рублях/ПАО Россети Выручка' is clicked on

18-11-2024T03:36:14 - [MESSAGE][PASSED] - Object: 'Object Repository/Выручка в рублях/ПАО Россети Выручка' is clicked on

18-11-2024T03:36:14 - [TEST_STEP][PASSED] - click(findTestObject("Выручка в рублях/Применить в фильтре ДЗО" + nameOfBlock)): Object: 'Object Repository/Выручка в рублях/Применить в фильтре ДЗО Выручка' is clicked on

18-11-2024T03:36:15 - [MESSAGE][PASSED] - Object: 'Object Repository/Выручка в рублях/Применить в фильтре ДЗО Выручка' is clicked on

18-11-2024T03:36:15 - [TEST_STEP][PASSED] - if (vir == 1 || vir == 2): null

18-11-2024T03:36:15 - [TEST_STEP][PASSED] - else: Text of object 'Object Repository/Выручка в рублях/vir3Plan Выручка' is: '17 893'

18-11-2024T03:36:15 - [TEST_STEP][PASSED] - b1 = getText(findTestObject("Выручка в рублях/vir3Plan Выручка")): Text of object 'Object Repository/Выручка в рублях/vir3Plan Выручка' is: '17 893'

18-11-2024T03:36:17 - [MESSAGE][PASSED] - Text of object 'Object Repository/Выручка в рублях/vir3Plan Выручка' is: '17 893'

18-11-2024T03:36:17 - [TEST_STEP][PASSED] - if (vir == 1 || vir == 2): null

18-11-2024T03:36:17 - [TEST_STEP][PASSED] - else: Text of object 'Object Repository/Выручка в рублях/vir3Fact Выручка' is: '18 501'

18-11-2024T03:36:17 - [TEST_STEP][PASSED] - b2 = getText(findTestObject("Выручка в рублях/vir3Fact Выручка")): Text of object 'Object Repository/Выручка в рублях/vir3Fact Выручка' is: '18 501'

18-11-2024T03:36:17 - [MESSAGE][PASSED] - Text of object 'Object Repository/Выручка в рублях/vir3Fact Выручка' is: '18 501'

18-11-2024T03:36:17 - [TEST_STEP][PASSED] - b30 = getText(findTestObject("Выручка в рублях/span1" + perc)): Text of object 'Object Repository/Выручка в рублях/span1' is: '607.7 млн.руб.'

18-11-2024T03:36:17 - [MESSAGE][PASSED] - Text of object 'Object Repository/Выручка в рублях/span1' is: '607.7 млн.руб.'

18-11-2024T03:36:17 - [TEST_STEP][PASSED] - i = b30.indexOf("млн.руб."): null

18-11-2024T03:36:17 - [TEST_STEP][PASSED] - if (i > -1): null

18-11-2024T03:36:17 - [TEST_STEP][PASSED] - b30 = b30.substring(0, i): null

18-11-2024T03:36:17 - [TEST_STEP][PASSED] - b30 = b30.replaceAll(" ", ""): null

18-11-2024T03:36:17 - [TEST_STEP][PASSED] - if (b30.contains("%")): null

18-11-2024T03:36:17 - [TEST_STEP][PASSED] - b30 = ").trim(): null

18-11-2024T03:36:17 - [TEST_STEP][PASSED] - println("b30: " + b30): null

18-11-2024T03:36:17 - [TEST_STEP][PASSED] - if (vir == 1 || vir == 2): null

18-11-2024T03:36:17 - [TEST_STEP][PASSED] - else: Text of object 'Object Repository/Выручка в рублях/span15' is: '-48'

18-11-2024T03:36:17 - [TEST_STEP][PASSED] - b31 = ").trim(): Text of object 'Object Repository/Выручка в рублях/span15' is: '-48'

18-11-2024T03:36:18 - [MESSAGE][PASSED] - Text of object 'Object Repository/Выручка в рублях/span15' is: '-48'

18-11-2024T03:36:18 - [TEST_STEP][PASSED] - if (vir == 1 || vir == 2): null

18-11-2024T03:36:18 - [TEST_STEP][PASSED] - else: Text of object 'Object Repository/Выручка в рублях/span16' is: '79'

18-11-2024T03:36:18 - [TEST_STEP][PASSED] - b32 = ").trim(): Text of object 'Object Repository/Выручка в рублях/span16' is: '79'

18-11-2024T03:36:18 - [MESSAGE][PASSED] - Text of object 'Object Repository/Выручка в рублях/span16' is: '79'

18-11-2024T03:36:18 - [TEST_STEP][PASSED] - if (vir == 1 || vir == 2): null

18-11-2024T03:36:18 - [TEST_STEP][PASSED] - else: Text of object 'Object Repository/Выручка в рублях/span17' is: '542'

18-11-2024T03:36:18 - [TEST_STEP][PASSED] - b37 = ").trim(): Text of object 'Object Repository/Выручка в рублях/span17' is: '542'

18-11-2024T03:36:18 - [MESSAGE][PASSED] - Text of object 'Object Repository/Выручка в рублях/span17' is: '542'

18-11-2024T03:36:18 - [TEST_STEP][PASSED] - if (vir == 1 || vir == 2): null

18-11-2024T03:36:18 - [TEST_STEP][PASSED] - else: Text of object 'Object Repository/Выручка в рублях/span18' is: '35'

18-11-2024T03:36:18 - [TEST_STEP][PASSED] - b316 = ").trim(): Text of object 'Object Repository/Выручка в рублях/span18' is: '35'

18-11-2024T03:36:18 - [MESSAGE][PASSED] - Text of object 'Object Repository/Выручка в рублях/span18' is: '35'

18-11-2024T03:36:18 - [TEST_STEP][PASSED] - if (vir == 1 || vir == 2): null

18-11-2024T03:36:18 - [TEST_STEP][PASSED] - dZO = "ПАО Россети": null

18-11-2024T03:36:18 - [TEST_STEP][PASSED] - if (verifyEqual(a1, b1) == false): Actual object '17 893' and expected object '17 893' are equal

18-11-2024T03:36:18 - [MESSAGE][PASSED] - Actual object '17 893' and expected object '17 893' are equal

18-11-2024T03:36:18 - [TEST_STEP][PASSED] - if (verifyEqual(a2, b2) == false): Actual object '18 501' and expected object '18 501' are equal

18-11-2024T03:36:18 - [MESSAGE][PASSED] - Actual object '18 501' and expected object '18 501' are equal

18-11-2024T03:36:18 - [TEST_STEP][PASSED] - vidget = "Отклонения": null

18-11-2024T03:36:18 - [TEST_STEP][PASSED] - if (verifyEqual(a30, b30) == false): Actual object '607.7' and expected object '607.7' are equal

18-11-2024T03:36:18 - [MESSAGE][PASSED] - Actual object '607.7' and expected object '607.7' are equal

18-11-2024T03:36:18 - [TEST_STEP][PASSED] - dZO = "АО «Тываэнерго»": null

18-11-2024T03:36:18 - [TEST_STEP][PASSED] - if (verifyEqual(a31, b31) == false): Actual object '-48' and expected object '-48' are equal

18-11-2024T03:36:18 - [MESSAGE][PASSED] - Actual object '-48' and expected object '-48' are equal

18-11-2024T03:36:18 - [TEST_STEP][PASSED] - dZO = "АО «Чеченэнерго»": null

18-11-2024T03:36:18 - [TEST_STEP][PASSED] - if (verifyEqual(a32, b32) == false): Actual object '79' and expected object '79' are equal

18-11-2024T03:36:18 - [MESSAGE][PASSED] - Actual object '79' and expected object '79' are equal

18-11-2024T03:36:18 - [TEST_STEP][PASSED] - dZO = "Россети Волга": null

18-11-2024T03:36:18 - [TEST_STEP][PASSED] - if (verifyEqual(a33, b33) == false): Actual object 'null' and expected object 'null' are equal

18-11-2024T03:36:18 - [MESSAGE][PASSED] - Actual object 'null' and expected object 'null' are equal

18-11-2024T03:36:18 - [TEST_STEP][PASSED] - dZO = "Россети Кубань": null

18-11-2024T03:36:18 - [TEST_STEP][PASSED] - if (verifyEqual(a34, b34) == false): Actual object 'null' and expected object 'null' are equal

18-11-2024T03:36:18 - [MESSAGE][PASSED] - Actual object 'null' and expected object 'null' are equal

18-11-2024T03:36:18 - [TEST_STEP][PASSED] - dZO = "Россети Ленэнерго (ГК)": null

18-11-2024T03:36:18 - [TEST_STEP][PASSED] - if (verifyEqual(a35, b35) == false): Actual object 'null' and expected object 'null' are equal

18-11-2024T03:36:18 - [MESSAGE][PASSED] - Actual object 'null' and expected object 'null' are equal

18-11-2024T03:36:18 - [TEST_STEP][PASSED] - dZO = "Россети Московский регион": null

18-11-2024T03:36:18 - [TEST_STEP][PASSED] - if (verifyEqual(a36, b36) == false): Actual object 'null' and expected object 'null' are equal

18-11-2024T03:36:18 - [MESSAGE][PASSED] - Actual object 'null' and expected object 'null' are equal

18-11-2024T03:36:18 - [TEST_STEP][PASSED] - dZO = "Россети Северный Кавказ (ГК)": null

18-11-2024T03:36:18 - [TEST_STEP][PASSED] - if (verifyEqual(a37, b37) == false): Actual object '542' and expected object '542' are equal

18-11-2024T03:36:18 - [MESSAGE][PASSED] - Actual object '542' and expected object '542' are equal

18-11-2024T03:36:18 - [TEST_STEP][PASSED] - dZO = "Россети Северо-Запад": null

18-11-2024T03:36:18 - [TEST_STEP][PASSED] - if (verifyEqual(a38, b38) == false): Actual object 'null' and expected object 'null' are equal

18-11-2024T03:36:18 - [MESSAGE][PASSED] - Actual object 'null' and expected object 'null' are equal

18-11-2024T03:36:18 - [TEST_STEP][PASSED] - dZO = "Россети Сибирь (ГК)": null

18-11-2024T03:36:18 - [TEST_STEP][PASSED] - if (verifyEqual(a39, b39) == false): Actual object 'null' and expected object 'null' are equal

18-11-2024T03:36:18 - [MESSAGE][PASSED] - Actual object 'null' and expected object 'null' are equal

18-11-2024T03:36:18 - [TEST_STEP][PASSED] - dZO = "Россети Томск": null

18-11-2024T03:36:18 - [TEST_STEP][PASSED] - if (verifyEqual(a310, b310) == false): Actual object 'null' and expected object 'null' are equal

18-11-2024T03:36:18 - [MESSAGE][PASSED] - Actual object 'null' and expected object 'null' are equal

18-11-2024T03:36:18 - [TEST_STEP][PASSED] - dZO = "Россети Тюмень": null

18-11-2024T03:36:18 - [TEST_STEP][PASSED] - if (verifyEqual(a311, b311) == false): Actual object 'null' and expected object 'null' are equal

18-11-2024T03:36:18 - [MESSAGE][PASSED] - Actual object 'null' and expected object 'null' are equal

18-11-2024T03:36:18 - [TEST_STEP][PASSED] - dZO = "Россети Урал (ГК)": null

18-11-2024T03:36:18 - [TEST_STEP][PASSED] - if (verifyEqual(a312, b312) == false): Actual object 'null' and expected object 'null' are equal

18-11-2024T03:36:18 - [MESSAGE][PASSED] - Actual object 'null' and expected object 'null' are equal

18-11-2024T03:36:18 - [TEST_STEP][PASSED] - dZO = "Россети ФСК ЕЭС": null

18-11-2024T03:36:18 - [TEST_STEP][PASSED] - if (verifyEqual(a313, b313) == false): Actual object 'null' and expected object 'null' are equal

18-11-2024T03:36:18 - [MESSAGE][PASSED] - Actual object 'null' and expected object 'null' are equal

18-11-2024T03:36:18 - [TEST_STEP][PASSED] - dZO = "Россети Центр": null

18-11-2024T03:36:18 - [TEST_STEP][PASSED] - if (verifyEqual(a314, b314) == false): Actual object 'null' and expected object 'null' are equal

18-11-2024T03:36:18 - [MESSAGE][PASSED] - Actual object 'null' and expected object 'null' are equal

18-11-2024T03:36:18 - [TEST_STEP][PASSED] - dZO = "Россети Центр и Приволжье (ГК)": null

18-11-2024T03:36:18 - [TEST_STEP][PASSED] - if (verifyEqual(a315, b315) == false): Actual object 'null' and expected object 'null' are equal

18-11-2024T03:36:18 - [MESSAGE][PASSED] - Actual object 'null' and expected object 'null' are equal

18-11-2024T03:36:18 - [TEST_STEP][PASSED] - dZO = "Россети Юг (ГК)": null

18-11-2024T03:36:18 - [TEST_STEP][PASSED] - if (verifyEqual(a316, b316) == false): Actual object '35' and expected object '35' are equal

18-11-2024T03:36:18 - [MESSAGE][PASSED] - Actual object '35' and expected object '35' are equal

18-11-2024T03:36:18 - [TEST_STEP][PASSED] - dZO = "Россети Янтарь": null

18-11-2024T03:36:18 - [TEST_STEP][PASSED] - if (verifyEqual(a317, b317) == false): Actual object 'null' and expected object 'null' are equal

18-11-2024T03:36:18 - [MESSAGE][PASSED] - Actual object 'null' and expected object 'null' are equal

18-11-2024T03:36:18 - [TEST_STEP][PASSED] - closeBrowser(): null

18-11-2024T03:36:19 - [MESSAGE][PASSED] - Browser is closed

18-11-2024T03:36:19 - [TEST_STEP][PASSED] - Script1710234207206.ViruchkaChange(run, vir, block, nameOfBlock, typeOfData, viruchka, vidget, todaysDate, a, b, dZO, x, y): null

18-11-2024T03:36:19 - [TEST_STEP][PASSED] - for ([vir = 1, vir < 4, (vir++)]): null

18-11-2024T03:36:19 - [TEST_STEP][PASSED] - Script1710234207206.Blocks(run, vir, block, nameOfBlock, typeOfData, viruchka, vidget, todaysDate, a, b, dZO, x, y): null

18-11-2024T03:36:19 - [TEST_STEP][PASSED] - i = <not implemented yet for class: org.codehaus.groovy.ast.expr.EmptyExpression>: null

18-11-2024T03:36:19 - [TEST_STEP][PASSED] - perc = "": null

18-11-2024T03:36:19 - [TEST_STEP][PASSED] - a1 = <not implemented yet for class: org.codehaus.groovy.ast.expr.EmptyExpression>: null

18-11-2024T03:36:19 - [TEST_STEP][PASSED] - a2 = <not implemented yet for class: org.codehaus.groovy.ast.expr.EmptyExpression>: null

18-11-2024T03:36:19 - [TEST_STEP][PASSED] - a30 = <not implemented yet for class: org.codehaus.groovy.ast.expr.EmptyExpression>: null

18-11-2024T03:36:19 - [TEST_STEP][PASSED] - a31 = <not implemented yet for class: org.codehaus.groovy.ast.expr.EmptyExpression>: null

18-11-2024T03:36:19 - [TEST_STEP][PASSED] - a32 = <not implemented yet for class: org.codehaus.groovy.ast.expr.EmptyExpression>: null

18-11-2024T03:36:19 - [TEST_STEP][PASSED] - a33 = <not implemented yet for class: org.codehaus.groovy.ast.expr.EmptyExpression>: null

18-11-2024T03:36:19 - [TEST_STEP][PASSED] - a34 = <not implemented yet for class: org.codehaus.groovy.ast.expr.EmptyExpression>: null

18-11-2024T03:36:19 - [TEST_STEP][PASSED] - a35 = <not implemented yet for class: org.codehaus.groovy.ast.expr.EmptyExpression>: null

18-11-2024T03:36:19 - [TEST_STEP][PASSED] - a36 = <not implemented yet for class: org.codehaus.groovy.ast.expr.EmptyExpression>: null

18-11-2024T03:36:19 - [TEST_STEP][PASSED] - a37 = <not implemented yet for class: org.codehaus.groovy.ast.expr.EmptyExpression>: null

18-11-2024T03:36:19 - [TEST_STEP][PASSED] - a38 = <not implemented yet for class: org.codehaus.groovy.ast.expr.EmptyExpression>: null

18-11-2024T03:36:19 - [TEST_STEP][PASSED] - a39 = <not implemented yet for class: org.codehaus.groovy.ast.expr.EmptyExpression>: null

18-11-2024T03:36:19 - [TEST_STEP][PASSED] - a310 = <not implemented yet for class: org.codehaus.groovy.ast.expr.EmptyExpression>: null

18-11-2024T03:36:19 - [TEST_STEP][PASSED] - a311 = <not implemented yet for class: org.codehaus.groovy.ast.expr.EmptyExpression>: null

18-11-2024T03:36:19 - [TEST_STEP][PASSED] - a312 = <not implemented yet for class: org.codehaus.groovy.ast.expr.EmptyExpression>: null

18-11-2024T03:36:19 - [TEST_STEP][PASSED] - a313 = <not implemented yet for class: org.codehaus.groovy.ast.expr.EmptyExpression>: null

18-11-2024T03:36:19 - [TEST_STEP][PASSED] - a314 = <not implemented yet for class: org.codehaus.groovy.ast.expr.EmptyExpression>: null

18-11-2024T03:36:19 - [TEST_STEP][PASSED] - a315 = <not implemented yet for class: org.codehaus.groovy.ast.expr.EmptyExpression>: null

18-11-2024T03:36:19 - [TEST_STEP][PASSED] - a316 = <not implemented yet for class: org.codehaus.groovy.ast.expr.EmptyExpression>: null

18-11-2024T03:36:19 - [TEST_STEP][PASSED] - a317 = <not implemented yet for class: org.codehaus.groovy.ast.expr.EmptyExpression>: null

18-11-2024T03:36:19 - [TEST_STEP][PASSED] - b1 = <not implemented yet for class: org.codehaus.groovy.ast.expr.EmptyExpression>: null

18-11-2024T03:36:19 - [TEST_STEP][PASSED] - b2 = <not implemented yet for class: org.codehaus.groovy.ast.expr.EmptyExpression>: null

18-11-2024T03:36:19 - [TEST_STEP][PASSED] - b30 = <not implemented yet for class: org.codehaus.groovy.ast.expr.EmptyExpression>: null

18-11-2024T03:36:19 - [TEST_STEP][PASSED] - b31 = <not implemented yet for class: org.codehaus.groovy.ast.expr.EmptyExpression>: null

18-11-2024T03:36:19 - [TEST_STEP][PASSED] - b32 = <not implemented yet for class: org.codehaus.groovy.ast.expr.EmptyExpression>: null

18-11-2024T03:36:19 - [TEST_STEP][PASSED] - b33 = <not implemented yet for class: org.codehaus.groovy.ast.expr.EmptyExpression>: null

18-11-2024T03:36:19 - [TEST_STEP][PASSED] - b34 = <not implemented yet for class: org.codehaus.groovy.ast.expr.EmptyExpression>: null

18-11-2024T03:36:19 - [TEST_STEP][PASSED] - b35 = <not implemented yet for class: org.codehaus.groovy.ast.expr.EmptyExpression>: null

18-11-2024T03:36:19 - [TEST_STEP][PASSED] - b36 = <not implemented yet for class: org.codehaus.groovy.ast.expr.EmptyExpression>: null

18-11-2024T03:36:19 - [TEST_STEP][PASSED] - b37 = <not implemented yet for class: org.codehaus.groovy.ast.expr.EmptyExpression>: null

18-11-2024T03:36:19 - [TEST_STEP][PASSED] - b38 = <not implemented yet for class: org.codehaus.groovy.ast.expr.EmptyExpression>: null

18-11-2024T03:36:19 - [TEST_STEP][PASSED] - b39 = <not implemented yet for class: org.codehaus.groovy.ast.expr.EmptyExpression>: null

18-11-2024T03:36:19 - [TEST_STEP][PASSED] - b310 = <not implemented yet for class: org.codehaus.groovy.ast.expr.EmptyExpression>: null

18-11-2024T03:36:19 - [TEST_STEP][PASSED] - b311 = <not implemented yet for class: org.codehaus.groovy.ast.expr.EmptyExpression>: null

18-11-2024T03:36:19 - [TEST_STEP][PASSED] - b312 = <not implemented yet for class: org.codehaus.groovy.ast.expr.EmptyExpression>: null

18-11-2024T03:36:19 - [TEST_STEP][PASSED] - b313 = <not implemented yet for class: org.codehaus.groovy.ast.expr.EmptyExpression>: null

18-11-2024T03:36:19 - [TEST_STEP][PASSED] - b314 = <not implemented yet for class: org.codehaus.groovy.ast.expr.EmptyExpression>: null

18-11-2024T03:36:19 - [TEST_STEP][PASSED] - b315 = <not implemented yet for class: org.codehaus.groovy.ast.expr.EmptyExpression>: null

18-11-2024T03:36:19 - [TEST_STEP][PASSED] - b316 = <not implemented yet for class: org.codehaus.groovy.ast.expr.EmptyExpression>: null

18-11-2024T03:36:19 - [TEST_STEP][PASSED] - b317 = <not implemented yet for class: org.codehaus.groovy.ast.expr.EmptyExpression>: null

18-11-2024T03:36:19 - [TEST_STEP][PASSED] - block = 1: null

18-11-2024T03:36:19 - [TEST_STEP][PASSED] - nameOfBlock = "": null

18-11-2024T03:36:19 - [TEST_STEP][PASSED] - Script1710234207206.PreSettings(run, vir, block, nameOfBlock, typeOfData, todaysDate): null

18-11-2024T03:36:19 - [TEST_STEP][PASSED] - openBrowser(""): Browser is opened with url: ''

18-11-2024T03:36:19 - [MESSAGE][INFO] - Starting 'Chrome' driver

18-11-2024T03:36:19 - [MESSAGE][INFO] - Action delay is set to 0 milliseconds

18-11-2024T03:36:20 - [MESSAGE][PASSED] - Browser is opened with url: ''

18-11-2024T03:36:20 - [TEST_STEP][PASSED] - refresh(): Refresh successfully

18-11-2024T03:36:20 - [MESSAGE][PASSED] - Refresh successfully

18-11-2024T03:36:20 - [TEST_STEP][PASSED] - delay(50): Delayed 50 second(s)

18-11-2024T03:37:10 - [MESSAGE][PASSED] - Delayed 50 second(s)

18-11-2024T03:37:10 - [TEST_STEP][PASSED] - println("run:" + run): null

18-11-2024T03:37:10 - [TEST_STEP][PASSED] - println("vir:" + vir): null

18-11-2024T03:37:10 - [TEST_STEP][PASSED] - println("block:" + block): null

18-11-2024T03:37:10 - [TEST_STEP][PASSED] - if (block == 1): null

18-11-2024T03:37:10 - [TEST_STEP][PASSED] - nameOfBlock = "": null

18-11-2024T03:37:10 - [TEST_STEP][PASSED] - println("nameOfBlock:" + nameOfBlock): null

18-11-2024T03:37:10 - [TEST_STEP][PASSED] - println("typeOfData:" + typeOfData): null

18-11-2024T03:37:10 - [TEST_STEP][PASSED] - println("todaysDate:" + todaysDate): null

18-11-2024T03:37:10 - [TEST_STEP][PASSED] - Script1710234207206.Autorization(block, nameOfBlock): null

18-11-2024T03:37:10 - [TEST_STEP][PASSED] - i = <not implemented yet for class: org.codehaus.groovy.ast.expr.EmptyExpression>: null

18-11-2024T03:37:10 - [TEST_STEP][PASSED] - ii = <not implemented yet for class: org.codehaus.groovy.ast.expr.EmptyExpression>: null

18-11-2024T03:37:10 - [TEST_STEP][PASSED] - urlData = <not implemented yet for class: org.codehaus.groovy.ast.expr.EmptyExpression>: null

18-11-2024T03:37:10 - [TEST_STEP][PASSED] - searchWord = <not implemented yet for class: org.codehaus.groovy.ast.expr.EmptyExpression>: null

18-11-2024T03:37:10 - [TEST_STEP][PASSED] - urlText = <not implemented yet for class: org.codehaus.groovy.ast.expr.EmptyExpression>: null

18-11-2024T03:37:10 - [TEST_STEP][PASSED] - println("block:" + block): null

18-11-2024T03:37:10 - [TEST_STEP][PASSED] - if (block == 1): null

18-11-2024T03:37:10 - [TEST_STEP][PASSED] - nameOfBlock = "": null

18-11-2024T03:37:10 - [TEST_STEP][PASSED] - println("nameOfBlock:" + nameOfBlock): null

18-11-2024T03:37:10 - [TEST_STEP][PASSED] - if (block == 1): Delayed 45 second(s)

18-11-2024T03:37:10 - [TEST_STEP][PASSED] - urlData = 2: null

18-11-2024T03:37:10 - [TEST_STEP][PASSED] - delay(45): Delayed 45 second(s)

18-11-2024T03:37:55 - [MESSAGE][PASSED] - Delayed 45 second(s)

18-11-2024T03:37:55 - [TEST_STEP][PASSED] - navigateToUrl(findTestData("PlanFact").getValue(10, urlData)): Navigate to 'https://bi.rosseti.digital/viewer?dashboardGuid=2301950b23be4ed89c1df75f2020051e&sheetGuid=b723206f698544fb87299f3095c00435&fit=true' successfully

18-11-2024T03:38:00 - [MESSAGE][PASSED] - Navigate to 'https://bi.rosseti.digital/viewer?dashboardGuid=2301950b23be4ed89c1df75f2020051e&sheetGuid=b723206f698544fb87299f3095c00435&fit=true' successfully

18-11-2024T03:38:00 - [TEST_STEP][PASSED] - urlText = getText(findTestObject("Страница авторизации/Text")): Text of object 'Object Repository/Страница авторизации/Text' is: 'Вход'

18-11-2024T03:38:03 - [MESSAGE][PASSED] - Text of object 'Object Repository/Страница авторизации/Text' is: 'Вход'

18-11-2024T03:38:03 - [TEST_STEP][PASSED] - searchWord = "Вход": null

18-11-2024T03:38:03 - [TEST_STEP][PASSED] - if (urlText == null || urlText.contains("ошибка") || urlText.contains(searchWord) == false): null

18-11-2024T03:38:03 - [TEST_STEP][PASSED] - if (verifyElementPresent(findTestObject("Страница авторизации/button_"), 30) == true): null

18-11-2024T03:38:04 - [MESSAGE][PASSED] - Object 'Object Repository/Страница авторизации/button_' is present

18-11-2024T03:38:04 - [TEST_STEP][PASSED] - setText(findTestObject("Страница авторизации/input__username"), findTestData("PlanFact").getValue(8, 1)): Text 'liazgina-di' is set on object 'Object Repository/Страница авторизации/input__username'

18-11-2024T03:38:04 - [MESSAGE][PASSED] - Text 'liazgina-di' is set on object 'Object Repository/Страница авторизации/input__username'

18-11-2024T03:38:04 - [TEST_STEP][PASSED] - setText(findTestObject("Страница авторизации/input__password"), findTestData("PlanFact").getValue(9, 1)): Text ')$%5srZ8o688Dm#q' is set on object 'Object Repository/Страница авторизации/input__password'

18-11-2024T03:38:05 - [MESSAGE][PASSED] - Text ')$%5srZ8o688Dm#q' is set on object 'Object Repository/Страница авторизации/input__password'

18-11-2024T03:38:05 - [TEST_STEP][PASSED] - click(findTestObject("Страница авторизации/button_")): Object: 'Object Repository/Страница авторизации/button_' is clicked on

18-11-2024T03:38:07 - [MESSAGE][PASSED] - Object: 'Object Repository/Страница авторизации/button_' is clicked on

18-11-2024T03:38:07 - [TEST_STEP][PASSED] - delay(45): Delayed 45 second(s)

18-11-2024T03:38:52 - [MESSAGE][PASSED] - Delayed 45 second(s)

18-11-2024T03:38:52 - [TEST_STEP][PASSED] - urlText = getText(findTestObject("Страница авторизации/Text")): Text of object 'Object Repository/Страница авторизации/Text' is: 'Период
1, 2, 3 кв. 2024 года
Выручка
Все
Выполнение плановых показателей по ПАО Россети за 1, 2, 3 кв. 2024 года
План
Факт
Динамика
2024 год
0 млн.руб.
100 000 млн.руб.
200 000 млн.руб.
300 000 млн.руб.
400 000 млн.руб.
500 000 млн.руб.
600 000 млн.руб.
700 000 млн.руб.
800 000 млн.руб.
900 000 млн.руб.
1 000 000 млн.руб.
1 100 000 млн.руб.
1 200 000 млн.руб.
1 300 000 млн.руб.
1 056 816
1 083 641
↑
ДЗО 
Все
Внутренний оборот - выручка за услуги по передаче электрической энергии, учтенная в выручке за электроэнергию для конечных потребителей, при выполнении ДЗО функций гарантирующего поставщика
Подписи данных
⬤Отклонение
АО «Тываэнерго»
АО «Чеченэнерго»
Россети Волга
Россети Кубань
Россети Ленэнерго (ГК)
Россети Московский регион
Россети Северный Кавказ (ГК)
Россети Северо-Запад
Россети Сибирь (ГК)
Россети Томск
Россети Тюмень
Россети Урал (ГК)
Россети ФСК ЕЭС
Россети Центр
Россети Центр и Приволжье (ГК)
Россети Юг (ГК)
Россети Янтарь
-4 000млн.руб.
-2 000млн.руб.
0 млн.руб.
2 000млн.руб.
4 000млн.руб.
6 000млн.руб.
8 00…
-6 000млн.руб.
239
68
25
3 470
3 855
6 900
821
839
2 116
213
-4 312
1 715
1 999
3 410
3 873
1 315
277
млн.
%
Выручка
Отклонение выручки по ПАО Россети за 1, 2, 3 кв. 2024 года (факт/план, млн. руб)
ПАО Россети
26 824.9 млн.руб.
 '

18-11-2024T03:38:53 - [MESSAGE][PASSED] - Text of object 'Object Repository/Страница авторизации/Text' is: 'Период
1, 2, 3 кв. 2024 года
Выручка
Все
Выполнение плановых показателей по ПАО Россети за 1, 2, 3 кв. 2024 года
План
Факт
Динамика
2024 год
0 млн.руб.
100 000 млн.руб.
200 000 млн.руб.
300 000 млн.руб.
400 000 млн.руб.
500 000 млн.руб.
600 000 млн.руб.
700 000 млн.руб.
800 000 млн.руб.
900 000 млн.руб.
1 000 000 млн.руб.
1 100 000 млн.руб.
1 200 000 млн.руб.
1 300 000 млн.руб.
1 056 816
1 083 641
↑
ДЗО 
Все
Внутренний оборот - выручка за услуги по передаче электрической энергии, учтенная в выручке за электроэнергию для конечных потребителей, при выполнении ДЗО функций гарантирующего поставщика
Подписи данных
⬤Отклонение
АО «Тываэнерго»
АО «Чеченэнерго»
Россети Волга
Россети Кубань
Россети Ленэнерго (ГК)
Россети Московский регион
Россети Северный Кавказ (ГК)
Россети Северо-Запад
Россети Сибирь (ГК)
Россети Томск
Россети Тюмень
Россети Урал (ГК)
Россети ФСК ЕЭС
Россети Центр
Россети Центр и Приволжье (ГК)
Россети Юг (ГК)
Россети Янтарь
-4 000млн.руб.
-2 000млн.руб.
0 млн.руб.
2 000млн.руб.
4 000млн.руб.
6 000млн.руб.
8 00…
-6 000млн.руб.
239
68
25
3 470
3 855
6 900
821
839
2 116
213
-4 312
1 715
1 999
3 410
3 873
1 315
277
млн.
%
Выручка
Отклонение выручки по ПАО Россети за 1, 2, 3 кв. 2024 года (факт/план, млн. руб)
ПАО Россети
26 824.9 млн.руб.
 '

18-11-2024T03:38:53 - [TEST_STEP][PASSED] - searchWord = "а": null

18-11-2024T03:38:53 - [TEST_STEP][PASSED] - if (urlText.contains("ошибка") || urlText.contains(searchWord) == false): null

18-11-2024T03:38:53 - [TEST_STEP][PASSED] - delay(45): Delayed 45 second(s)

18-11-2024T03:39:38 - [MESSAGE][PASSED] - Delayed 45 second(s)

18-11-2024T03:39:38 - [TEST_STEP][PASSED] - if (block == 2): null

18-11-2024T03:39:38 - [TEST_STEP][PASSED] - click(findTestObject("Выручка в рублях/Фильтр Период" + nameOfBlock)): Object: 'Object Repository/Выручка в рублях/Фильтр Период' is clicked on

18-11-2024T03:39:38 - [MESSAGE][PASSED] - Object: 'Object Repository/Выручка в рублях/Фильтр Период' is clicked on

18-11-2024T03:39:38 - [TEST_STEP][PASSED] - click(findTestObject("Выручка в рублях/Снять выделение в фильтре Дата" + nameOfBlock)): Object: 'Object Repository/Выручка в рублях/Снять выделение в фильтре Дата' is clicked on

18-11-2024T03:39:39 - [MESSAGE][PASSED] - Object: 'Object Repository/Выручка в рублях/Снять выделение в фильтре Дата' is clicked on

18-11-2024T03:39:39 - [TEST_STEP][PASSED] - click(findTestObject("Выручка в рублях/Применить в фильтре Дата" + nameOfBlock)): Object: 'Object Repository/Выручка в рублях/Применить в фильтре Дата' is clicked on

18-11-2024T03:39:40 - [MESSAGE][PASSED] - Object: 'Object Repository/Выручка в рублях/Применить в фильтре Дата' is clicked on

18-11-2024T03:39:40 - [TEST_STEP][PASSED] - delay(50): Delayed 50 second(s)

18-11-2024T03:40:30 - [MESSAGE][PASSED] - Delayed 50 second(s)

18-11-2024T03:40:30 - [TEST_STEP][PASSED] - click(findTestObject("Выручка в рублях/Фильтр Период" + nameOfBlock)): Object: 'Object Repository/Выручка в рублях/Фильтр Период' is clicked on

18-11-2024T03:40:30 - [MESSAGE][PASSED] - Object: 'Object Repository/Выручка в рублях/Фильтр Период' is clicked on

18-11-2024T03:40:30 - [TEST_STEP][PASSED] - click(findTestObject("Выручка в рублях/Снять выделение в фильтре Дата" + nameOfBlock)): Object: 'Object Repository/Выручка в рублях/Снять выделение в фильтре Дата' is clicked on

18-11-2024T03:40:30 - [MESSAGE][PASSED] - Object: 'Object Repository/Выручка в рублях/Снять выделение в фильтре Дата' is clicked on

18-11-2024T03:40:30 - [TEST_STEP][PASSED] - scrollToElement(findTestObject("Выручка в рублях/2024 список" + nameOfBlock), 30): Scroll to object 'Object Repository/Выручка в рублях/2024 список' successfully

18-11-2024T03:40:31 - [MESSAGE][PASSED] - Scroll to object 'Object Repository/Выручка в рублях/2024 список' successfully

18-11-2024T03:40:31 - [TEST_STEP][PASSED] - click(findTestObject("Выручка в рублях/2024 список" + nameOfBlock)): Object: 'Object Repository/Выручка в рублях/2024 список' is clicked on

18-11-2024T03:40:31 - [MESSAGE][PASSED] - Object: 'Object Repository/Выручка в рублях/2024 список' is clicked on

18-11-2024T03:40:31 - [TEST_STEP][PASSED] - scrollToElement(findTestObject("Выручка в рублях/1 квартал 2024 выбрать" + nameOfBlock), 30): Scroll to object 'Object Repository/Выручка в рублях/1 квартал 2024 выбрать' successfully

18-11-2024T03:40:32 - [MESSAGE][PASSED] - Scroll to object 'Object Repository/Выручка в рублях/1 квартал 2024 выбрать' successfully

18-11-2024T03:40:32 - [TEST_STEP][PASSED] - click(findTestObject("Выручка в рублях/1 квартал 2024 выбрать" + nameOfBlock)): Object: 'Object Repository/Выручка в рублях/1 квартал 2024 выбрать' is clicked on

18-11-2024T03:40:32 - [MESSAGE][PASSED] - Object: 'Object Repository/Выручка в рублях/1 квартал 2024 выбрать' is clicked on

18-11-2024T03:40:32 - [TEST_STEP][PASSED] - scrollToElement(findTestObject("Выручка в рублях/2 квартал 2024 выбрать" + nameOfBlock), 30): Scroll to object 'Object Repository/Выручка в рублях/2 квартал 2024 выбрать' successfully

18-11-2024T03:40:32 - [MESSAGE][PASSED] - Scroll to object 'Object Repository/Выручка в рублях/2 квартал 2024 выбрать' successfully

18-11-2024T03:40:32 - [TEST_STEP][PASSED] - click(findTestObject("Выручка в рублях/2 квартал 2024 выбрать" + nameOfBlock)): Object: 'Object Repository/Выручка в рублях/2 квартал 2024 выбрать' is clicked on

18-11-2024T03:40:33 - [MESSAGE][PASSED] - Object: 'Object Repository/Выручка в рублях/2 квартал 2024 выбрать' is clicked on

18-11-2024T03:40:33 - [TEST_STEP][PASSED] - scrollToElement(findTestObject("Выручка в рублях/3 квартал 2024 список" + nameOfBlock), 30): Scroll to object 'Object Repository/Выручка в рублях/3 квартал 2024 список' successfully

18-11-2024T03:40:33 - [MESSAGE][PASSED] - Scroll to object 'Object Repository/Выручка в рублях/3 квартал 2024 список' successfully

18-11-2024T03:40:33 - [TEST_STEP][PASSED] - click(findTestObject("Выручка в рублях/3 квартал 2024" + nameOfBlock)): Object: 'Object Repository/Выручка в рублях/3 квартал 2024' is clicked on

18-11-2024T03:40:34 - [MESSAGE][PASSED] - Object: 'Object Repository/Выручка в рублях/3 квартал 2024' is clicked on

18-11-2024T03:40:34 - [TEST_STEP][PASSED] - scrollToElement(findTestObject("Выручка в рублях/Заголовок дашборда" + nameOfBlock), 30): Scroll to object 'Object Repository/Выручка в рублях/Заголовок дашборда' successfully

18-11-2024T03:40:34 - [MESSAGE][PASSED] - Scroll to object 'Object Repository/Выручка в рублях/Заголовок дашборда' successfully

18-11-2024T03:40:34 - [TEST_STEP][PASSED] - click(findTestObject("Выручка в рублях/Применить в фильтре Дата" + nameOfBlock)): Object: 'Object Repository/Выручка в рублях/Применить в фильтре Дата' is clicked on

18-11-2024T03:40:35 - [MESSAGE][PASSED] - Object: 'Object Repository/Выручка в рублях/Применить в фильтре Дата' is clicked on

18-11-2024T03:40:35 - [TEST_STEP][PASSED] - delay(55): Delayed 55 second(s)

18-11-2024T03:41:30 - [MESSAGE][PASSED] - Delayed 55 second(s)

18-11-2024T03:41:30 - [TEST_STEP][PASSED] - click(findTestObject("Выручка в рублях/Фильтр ДЗО" + nameOfBlock)): Object: 'Object Repository/Выручка в рублях/Фильтр ДЗО' is clicked on

18-11-2024T03:41:30 - [MESSAGE][PASSED] - Object: 'Object Repository/Выручка в рублях/Фильтр ДЗО' is clicked on

18-11-2024T03:41:30 - [TEST_STEP][PASSED] - click(findTestObject("Выручка в рублях/Снять выделение в фильтре ДЗО" + nameOfBlock)): Object: 'Object Repository/Выручка в рублях/Снять выделение в фильтре ДЗО' is clicked on

18-11-2024T03:41:31 - [MESSAGE][PASSED] - Object: 'Object Repository/Выручка в рублях/Снять выделение в фильтре ДЗО' is clicked on

18-11-2024T03:41:31 - [TEST_STEP][PASSED] - click(findTestObject("Выручка в рублях/Применить в фильтре ДЗО" + nameOfBlock)): Object: 'Object Repository/Выручка в рублях/Применить в фильтре ДЗО' is clicked on

18-11-2024T03:41:31 - [MESSAGE][PASSED] - Object: 'Object Repository/Выручка в рублях/Применить в фильтре ДЗО' is clicked on

18-11-2024T03:41:31 - [TEST_STEP][PASSED] - delay(50): Delayed 50 second(s)

18-11-2024T03:42:21 - [MESSAGE][PASSED] - Delayed 50 second(s)

18-11-2024T03:42:21 - [TEST_STEP][PASSED] - Script1710234207206.Tumbler(run, vir, block, nameOfBlock): null

18-11-2024T03:42:21 - [TEST_STEP][PASSED] - println("run:" + run): null

18-11-2024T03:42:21 - [TEST_STEP][PASSED] - println("vir:" + vir): null

18-11-2024T03:42:21 - [TEST_STEP][PASSED] - println("block:" + block): null

18-11-2024T03:42:21 - [TEST_STEP][PASSED] - println("nameOfBlock:" + nameOfBlock): null

18-11-2024T03:42:21 - [TEST_STEP][PASSED] - if (vir == 1): Object: 'Object Repository/Выручка в рублях/Переключить отображение с млн на проценты Выручка в рублях' is clicked on

18-11-2024T03:42:21 - [TEST_STEP][PASSED] - if (run == 2): Object: 'Object Repository/Выручка в рублях/Переключить отображение с млн на проценты Выручка в рублях' is clicked on

18-11-2024T03:42:21 - [TEST_STEP][PASSED] - click(findTestObject("Выручка в рублях/Переключить отображение с млн на проценты Выручка в рублях" + nameOfBlock)): Object: 'Object Repository/Выручка в рублях/Переключить отображение с млн на проценты Выручка в рублях' is clicked on

18-11-2024T03:42:21 - [MESSAGE][PASSED] - Object: 'Object Repository/Выручка в рублях/Переключить отображение с млн на проценты Выручка в рублях' is clicked on

18-11-2024T03:42:21 - [TEST_STEP][PASSED] - click(findTestObject("Выручка в рублях/Фильтр ДЗО" + nameOfBlock)): Object: 'Object Repository/Выручка в рублях/Фильтр ДЗО' is clicked on

18-11-2024T03:42:22 - [MESSAGE][PASSED] - Object: 'Object Repository/Выручка в рублях/Фильтр ДЗО' is clicked on

18-11-2024T03:42:22 - [TEST_STEP][PASSED] - Script1710234207206.Rosseti(nameOfBlock): null

18-11-2024T03:42:22 - [TEST_STEP][PASSED] - println("nameOfBlock:" + nameOfBlock): null

18-11-2024T03:42:22 - [TEST_STEP][PASSED] - click(findTestObject("Выручка в рублях/ПАО Россети" + nameOfBlock)): Object: 'Object Repository/Выручка в рублях/ПАО Россети' is clicked on

18-11-2024T03:42:22 - [MESSAGE][PASSED] - Object: 'Object Repository/Выручка в рублях/ПАО Россети' is clicked on

18-11-2024T03:42:22 - [TEST_STEP][PASSED] - click(findTestObject("Выручка в рублях/Применить в фильтре ДЗО" + nameOfBlock)): Object: 'Object Repository/Выручка в рублях/Применить в фильтре ДЗО' is clicked on

18-11-2024T03:42:23 - [MESSAGE][PASSED] - Object: 'Object Repository/Выручка в рублях/Применить в фильтре ДЗО' is clicked on

18-11-2024T03:42:23 - [TEST_STEP][PASSED] - if (run == 2): null

18-11-2024T03:42:23 - [TEST_STEP][PASSED] - perc = " Perc": null

18-11-2024T03:42:23 - [TEST_STEP][PASSED] - if (vir == 1 || vir == 2): Text of object 'Object Repository/Выручка в рублях/График План' is: '1 056 816'

18-11-2024T03:42:23 - [TEST_STEP][PASSED] - a1 = getText(findTestObject("Выручка в рублях/График План")): Text of object 'Object Repository/Выручка в рублях/График План' is: '1 056 816'

18-11-2024T03:42:25 - [MESSAGE][PASSED] - Text of object 'Object Repository/Выручка в рублях/График План' is: '1 056 816'

18-11-2024T03:42:25 - [TEST_STEP][PASSED] - if (vir == 1 || vir == 2): Text of object 'Object Repository/Выручка в рублях/График Факт' is: '1 083 641'

18-11-2024T03:42:25 - [TEST_STEP][PASSED] - a2 = getText(findTestObject("Выручка в рублях/График Факт")): Text of object 'Object Repository/Выручка в рублях/График Факт' is: '1 083 641'

18-11-2024T03:42:25 - [MESSAGE][PASSED] - Text of object 'Object Repository/Выручка в рублях/График Факт' is: '1 083 641'

18-11-2024T03:42:25 - [TEST_STEP][PASSED] - a30 = getText(findTestObject("Выручка в рублях/span1" + perc)): Text of object 'Object Repository/Выручка в рублях/span1 Perc' is: '-23.84 %'

18-11-2024T03:42:26 - [MESSAGE][PASSED] - Text of object 'Object Repository/Выручка в рублях/span1 Perc' is: '-23.84 %'

18-11-2024T03:42:26 - [TEST_STEP][PASSED] - i = a30.indexOf("млн.руб."): null

18-11-2024T03:42:26 - [TEST_STEP][PASSED] - if (i > -1): null

18-11-2024T03:42:26 - [TEST_STEP][PASSED] - if (a30.contains("%")): null

18-11-2024T03:42:26 - [TEST_STEP][PASSED] - a30 = a30.replaceAll("%", ""): null

18-11-2024T03:42:26 - [TEST_STEP][PASSED] - a30 = ").trim(): null

18-11-2024T03:42:26 - [TEST_STEP][PASSED] - println("a30: " + a30): null

18-11-2024T03:42:26 - [TEST_STEP][PASSED] - if (vir == 1 || vir == 2): Text of object 'Object Repository/Выручка в рублях/span2 Perc' is: '17.34 %'

18-11-2024T03:42:26 - [TEST_STEP][PASSED] - a31 = ").trim(): Text of object 'Object Repository/Выручка в рублях/span2 Perc' is: '17.34 %'

18-11-2024T03:42:26 - [MESSAGE][PASSED] - Text of object 'Object Repository/Выручка в рублях/span2 Perc' is: '17.34 %'

18-11-2024T03:42:26 - [TEST_STEP][PASSED] - if (vir == 1 || vir == 2): Text of object 'Object Repository/Выручка в рублях/span3 Perc' is: '-48.99 %'

18-11-2024T03:42:26 - [TEST_STEP][PASSED] - a32 = ").trim(): Text of object 'Object Repository/Выручка в рублях/span3 Perc' is: '-48.99 %'

18-11-2024T03:42:26 - [MESSAGE][PASSED] - Text of object 'Object Repository/Выручка в рублях/span3 Perc' is: '-48.99 %'

18-11-2024T03:42:26 - [TEST_STEP][PASSED] - if (vir == 1 || vir == 2): Text of object 'Object Repository/Выручка в рублях/span8 Perc' is: '-49.02 %'

18-11-2024T03:42:26 - [TEST_STEP][PASSED] - a33 = ").trim(): Text of object 'Object Repository/Выручка в рублях/span4 Perc' is: '-49.98 %'

18-11-2024T03:42:27 - [MESSAGE][PASSED] - Text of object 'Object Repository/Выручка в рублях/span4 Perc' is: '-49.98 %'

18-11-2024T03:42:27 - [TEST_STEP][PASSED] - a34 = ").trim(): Text of object 'Object Repository/Выручка в рублях/span5 Perc' is: '-46.94 %'

18-11-2024T03:42:27 - [MESSAGE][PASSED] - Text of object 'Object Repository/Выручка в рублях/span5 Perc' is: '-46.94 %'

18-11-2024T03:42:27 - [TEST_STEP][PASSED] - a35 = ").trim(): Text of object 'Object Repository/Выручка в рублях/span6 Perc' is: '-47.39 %'

18-11-2024T03:42:27 - [MESSAGE][PASSED] - Text of object 'Object Repository/Выручка в рублях/span6 Perc' is: '-47.39 %'

18-11-2024T03:42:27 - [TEST_STEP][PASSED] - a36 = ").trim(): Text of object 'Object Repository/Выручка в рублях/span7 Perc' is: '4.51 %'

18-11-2024T03:42:28 - [MESSAGE][PASSED] - Text of object 'Object Repository/Выручка в рублях/span7 Perc' is: '4.51 %'

18-11-2024T03:42:28 - [TEST_STEP][PASSED] - a37 = ").trim(): Text of object 'Object Repository/Выручка в рублях/span8 Perc' is: '-49.02 %'

18-11-2024T03:42:28 - [MESSAGE][PASSED] - Text of object 'Object Repository/Выручка в рублях/span8 Perc' is: '-49.02 %'

18-11-2024T03:42:28 - [TEST_STEP][PASSED] - if (vir == 1 || vir == 2): Text of object 'Object Repository/Выручка в рублях/span17 Perc' is: '-48.3 %'

18-11-2024T03:42:28 - [TEST_STEP][PASSED] - a38 = ").trim(): Text of object 'Object Repository/Выручка в рублях/span9 Perc' is: '2.16 %'

18-11-2024T03:42:28 - [MESSAGE][PASSED] - Text of object 'Object Repository/Выручка в рублях/span9 Perc' is: '2.16 %'

18-11-2024T03:42:28 - [TEST_STEP][PASSED] - a39 = ").trim(): Text of object 'Object Repository/Выручка в рублях/span10 Perc' is: '4.15 %'

18-11-2024T03:42:28 - [MESSAGE][PASSED] - Text of object 'Object Repository/Выручка в рублях/span10 Perc' is: '4.15 %'

18-11-2024T03:42:28 - [TEST_STEP][PASSED] - a310 = ").trim(): Text of object 'Object Repository/Выручка в рублях/span11 Perc' is: '-48.47 %'

18-11-2024T03:42:29 - [MESSAGE][PASSED] - Text of object 'Object Repository/Выручка в рублях/span11 Perc' is: '-48.47 %'

18-11-2024T03:42:29 - [TEST_STEP][PASSED] - a311 = ").trim(): Text of object 'Object Repository/Выручка в рублях/span12 Perc' is: '-53.49 %'

18-11-2024T03:42:29 - [MESSAGE][PASSED] - Text of object 'Object Repository/Выручка в рублях/span12 Perc' is: '-53.49 %'

18-11-2024T03:42:29 - [TEST_STEP][PASSED] - a312 = ").trim(): Text of object 'Object Repository/Выручка в рублях/span13 Perc' is: '2.23 %'

18-11-2024T03:42:29 - [MESSAGE][PASSED] - Text of object 'Object Repository/Выручка в рублях/span13 Perc' is: '2.23 %'

18-11-2024T03:42:29 - [TEST_STEP][PASSED] - a313 = ").trim(): Text of object 'Object Repository/Выручка в рублях/span14 Perc' is: '0.87 %'

18-11-2024T03:42:30 - [MESSAGE][PASSED] - Text of object 'Object Repository/Выручка в рублях/span14 Perc' is: '0.87 %'

18-11-2024T03:42:30 - [TEST_STEP][PASSED] - a314 = ").trim(): Text of object 'Object Repository/Выручка в рублях/span15 Perc' is: '-30.67 %'

18-11-2024T03:42:30 - [MESSAGE][PASSED] - Text of object 'Object Repository/Выручка в рублях/span15 Perc' is: '-30.67 %'

18-11-2024T03:42:30 - [TEST_STEP][PASSED] - a315 = ").trim(): Text of object 'Object Repository/Выручка в рублях/span16 Perc' is: '4.25 %'

18-11-2024T03:42:30 - [MESSAGE][PASSED] - Text of object 'Object Repository/Выручка в рублях/span16 Perc' is: '4.25 %'

18-11-2024T03:42:30 - [TEST_STEP][PASSED] - a316 = ").trim(): Text of object 'Object Repository/Выручка в рублях/span17 Perc' is: '-48.3 %'

18-11-2024T03:42:31 - [MESSAGE][PASSED] - Text of object 'Object Repository/Выручка в рублях/span17 Perc' is: '-48.3 %'

18-11-2024T03:42:31 - [TEST_STEP][PASSED] - if (vir == 1 || vir == 2): Text of object 'Object Repository/Выручка в рублях/span18 Perc' is: '3.93 %'

18-11-2024T03:42:31 - [TEST_STEP][PASSED] - a317 = ").trim(): Text of object 'Object Repository/Выручка в рублях/span18 Perc' is: '3.93 %'

18-11-2024T03:42:31 - [MESSAGE][PASSED] - Text of object 'Object Repository/Выручка в рублях/span18 Perc' is: '3.93 %'

18-11-2024T03:42:31 - [TEST_STEP][PASSED] - block = 2: null

18-11-2024T03:42:31 - [TEST_STEP][PASSED] - nameOfBlock = " Выручка": null

18-11-2024T03:42:31 - [TEST_STEP][PASSED] - Script1710234207206.PreSettings(run, vir, block, nameOfBlock, typeOfData, todaysDate): null

18-11-2024T03:42:31 - [TEST_STEP][PASSED] - openBrowser(""): Browser is opened with url: ''

18-11-2024T03:42:31 - [MESSAGE][WARNING] - A browser is already opened. Closing browser and opening a new one

18-11-2024T03:42:31 - [MESSAGE][INFO] - Starting 'Chrome' driver

18-11-2024T03:42:31 - [MESSAGE][INFO] - Action delay is set to 0 milliseconds

18-11-2024T03:42:32 - [MESSAGE][PASSED] - Browser is opened with url: ''

18-11-2024T03:42:32 - [TEST_STEP][PASSED] - refresh(): Refresh successfully

18-11-2024T03:42:32 - [MESSAGE][PASSED] - Refresh successfully

18-11-2024T03:42:32 - [TEST_STEP][PASSED] - delay(50): Delayed 50 second(s)

18-11-2024T03:43:22 - [MESSAGE][PASSED] - Delayed 50 second(s)

18-11-2024T03:43:22 - [TEST_STEP][PASSED] - println("run:" + run): null

18-11-2024T03:43:22 - [TEST_STEP][PASSED] - println("vir:" + vir): null

18-11-2024T03:43:22 - [TEST_STEP][PASSED] - println("block:" + block): null

18-11-2024T03:43:22 - [TEST_STEP][PASSED] - if (block == 1): null

18-11-2024T03:43:22 - [TEST_STEP][PASSED] - else: null

18-11-2024T03:43:22 - [TEST_STEP][PASSED] - nameOfBlock = " Выручка": null

18-11-2024T03:43:22 - [TEST_STEP][PASSED] - println("nameOfBlock:" + nameOfBlock): null

18-11-2024T03:43:22 - [TEST_STEP][PASSED] - println("typeOfData:" + typeOfData): null

18-11-2024T03:43:22 - [TEST_STEP][PASSED] - println("todaysDate:" + todaysDate): null

18-11-2024T03:43:22 - [TEST_STEP][PASSED] - Script1710234207206.Autorization(block, nameOfBlock): null

18-11-2024T03:43:22 - [TEST_STEP][PASSED] - i = <not implemented yet for class: org.codehaus.groovy.ast.expr.EmptyExpression>: null

18-11-2024T03:43:22 - [TEST_STEP][PASSED] - ii = <not implemented yet for class: org.codehaus.groovy.ast.expr.EmptyExpression>: null

18-11-2024T03:43:22 - [TEST_STEP][PASSED] - urlData = <not implemented yet for class: org.codehaus.groovy.ast.expr.EmptyExpression>: null

18-11-2024T03:43:22 - [TEST_STEP][PASSED] - searchWord = <not implemented yet for class: org.codehaus.groovy.ast.expr.EmptyExpression>: null

18-11-2024T03:43:22 - [TEST_STEP][PASSED] - urlText = <not implemented yet for class: org.codehaus.groovy.ast.expr.EmptyExpression>: null

18-11-2024T03:43:22 - [TEST_STEP][PASSED] - println("block:" + block): null

18-11-2024T03:43:22 - [TEST_STEP][PASSED] - if (block == 1): null

18-11-2024T03:43:22 - [TEST_STEP][PASSED] - else: null

18-11-2024T03:43:22 - [TEST_STEP][PASSED] - delay(45): Delayed 45 second(s)

18-11-2024T03:44:07 - [MESSAGE][PASSED] - Delayed 45 second(s)

18-11-2024T03:44:07 - [TEST_STEP][PASSED] - nameOfBlock = " Выручка": null

18-11-2024T03:44:07 - [TEST_STEP][PASSED] - println("nameOfBlock:" + nameOfBlock): null

18-11-2024T03:44:07 - [TEST_STEP][PASSED] - if (block == 1): null

18-11-2024T03:44:07 - [TEST_STEP][PASSED] - else: Delayed 45 second(s)

18-11-2024T03:44:07 - [TEST_STEP][PASSED] - urlData = 9: null

18-11-2024T03:44:07 - [TEST_STEP][PASSED] - delay(45): Delayed 45 second(s)

18-11-2024T03:44:52 - [MESSAGE][PASSED] - Delayed 45 second(s)

18-11-2024T03:44:52 - [TEST_STEP][PASSED] - navigateToUrl(findTestData("PlanFact").getValue(10, urlData)): Navigate to 'https://bi.rosseti.digital/viewer?dashboardGuid=a1fd28b3785d443cbc4d7690a1d78e31&sheetGuid=86092a20c5984827a0c87b24cac76a50&fit=true' successfully

18-11-2024T03:45:03 - [MESSAGE][PASSED] - Navigate to 'https://bi.rosseti.digital/viewer?dashboardGuid=a1fd28b3785d443cbc4d7690a1d78e31&sheetGuid=86092a20c5984827a0c87b24cac76a50&fit=true' successfully

18-11-2024T03:45:03 - [TEST_STEP][PASSED] - urlText = getText(findTestObject("Страница авторизации/Text")): Text of object 'Object Repository/Страница авторизации/Text' is: 'Вход'

18-11-2024T03:45:06 - [MESSAGE][PASSED] - Text of object 'Object Repository/Страница авторизации/Text' is: 'Вход'

18-11-2024T03:45:06 - [TEST_STEP][PASSED] - searchWord = "Вход": null

18-11-2024T03:45:06 - [TEST_STEP][PASSED] - if (urlText == null || urlText.contains("ошибка") || urlText.contains(searchWord) == false): null

18-11-2024T03:45:06 - [TEST_STEP][PASSED] - if (verifyElementPresent(findTestObject("Страница авторизации/button_"), 30) == true): null

18-11-2024T03:45:07 - [MESSAGE][PASSED] - Object 'Object Repository/Страница авторизации/button_' is present

18-11-2024T03:45:07 - [TEST_STEP][PASSED] - setText(findTestObject("Страница авторизации/input__username"), findTestData("PlanFact").getValue(8, 1)): Text 'liazgina-di' is set on object 'Object Repository/Страница авторизации/input__username'

18-11-2024T03:45:07 - [MESSAGE][PASSED] - Text 'liazgina-di' is set on object 'Object Repository/Страница авторизации/input__username'

18-11-2024T03:45:07 - [TEST_STEP][PASSED] - setText(findTestObject("Страница авторизации/input__password"), findTestData("PlanFact").getValue(9, 1)): Text ')$%5srZ8o688Dm#q' is set on object 'Object Repository/Страница авторизации/input__password'

18-11-2024T03:45:08 - [MESSAGE][PASSED] - Text ')$%5srZ8o688Dm#q' is set on object 'Object Repository/Страница авторизации/input__password'

18-11-2024T03:45:08 - [TEST_STEP][PASSED] - click(findTestObject("Страница авторизации/button_")): Object: 'Object Repository/Страница авторизации/button_' is clicked on

18-11-2024T03:45:10 - [MESSAGE][PASSED] - Object: 'Object Repository/Страница авторизации/button_' is clicked on

18-11-2024T03:45:10 - [TEST_STEP][PASSED] - delay(45): Delayed 45 second(s)

18-11-2024T03:45:55 - [MESSAGE][PASSED] - Delayed 45 second(s)

18-11-2024T03:45:55 - [TEST_STEP][PASSED] - urlText = getText(findTestObject("Страница авторизации/Text")): Text of object 'Object Repository/Страница авторизации/Text' is: 'Период
Январь, Февраль, Март, Апрель, Май, Июнь, Июль, Август, Сентябрь 2024 года
Выручка
Все
Выполнение плановых показателей, млн.руб.
План
Факт
Динамика
2024 год
0 млн.руб.
100 000 млн.руб.
200 000 млн.руб.
300 000 млн.руб.
400 000 млн.руб.
500 000 млн.руб.
600 000 млн.руб.
700 000 млн.руб.
800 000 млн.руб.
900 000 млн.руб.
1 000 000 млн.руб.
1 100 000 млн.руб.
1 200 000 млн.руб.
1 300 000 млн.руб.
1 056 816
1 083 641
↑
ДЗО 
Все
Подписи данных
⬤Отклонение
АО «Тываэнерго»
АО «Чеченэнерго»
Россети Волга
Россети Кубань
Россети Ленэнерго (ГК)
Россети Московский регион
Россети Северный Кавказ (ГК)
Россети Северо-Запад
Россети Сибирь (ГК)
Россети Томск
Россети Тюмень
Россети Урал (ГК)
Россети ФСК ЕЭС
Россети Центр
Россети Центр и Приволжье (ГК)
Россети Юг (ГК)
Россети Янтарь
-5 000 млн.руб.
-4 000 млн.руб.
-3 000 млн.руб.
-2 000 млн.руб.
-1 000 млн.руб.
0 млн.руб.
1 000 млн.руб.
2 000 млн.руб.
3 000 млн.руб.
4 000 млн.руб.
5 000 млн.руб.
6 000 млн.руб.
7 000 млн.руб.
8 000 млн.руб.
239
68
25
3 470
3 855
6 900
821
839
2 116
213
-4 312
1 715
1 999
3 410
3 873
1 315
277
млн.
%
Выручка
Отклонение выручки по ПАО Россети за Январь, Февраль, Март, Апрель, Май, Июнь, Июль, Август, Сентябрь 2024 года (факт/план, млн. руб)
ПАО Россети
26 824.9 млн.руб.
Статус данных
×
Просьба обратить внимание
Данные занесены не полностью
ВЫБРАННЫЕ ЗНАЧЕНИЯ ФИЛЬТРОВ
ДЗО | ПЕРИОД
ПАО Россети: [«Выбраны все филиалы по всем ДЗО по всем категориям»]
2024: [Янв, Фев, Мар, Апр, Май, Июн, Июл, Авг, Сен]
*Внутренний оборот'

18-11-2024T03:45:56 - [MESSAGE][PASSED] - Text of object 'Object Repository/Страница авторизации/Text' is: 'Период
Январь, Февраль, Март, Апрель, Май, Июнь, Июль, Август, Сентябрь 2024 года
Выручка
Все
Выполнение плановых показателей, млн.руб.
План
Факт
Динамика
2024 год
0 млн.руб.
100 000 млн.руб.
200 000 млн.руб.
300 000 млн.руб.
400 000 млн.руб.
500 000 млн.руб.
600 000 млн.руб.
700 000 млн.руб.
800 000 млн.руб.
900 000 млн.руб.
1 000 000 млн.руб.
1 100 000 млн.руб.
1 200 000 млн.руб.
1 300 000 млн.руб.
1 056 816
1 083 641
↑
ДЗО 
Все
Подписи данных
⬤Отклонение
АО «Тываэнерго»
АО «Чеченэнерго»
Россети Волга
Россети Кубань
Россети Ленэнерго (ГК)
Россети Московский регион
Россети Северный Кавказ (ГК)
Россети Северо-Запад
Россети Сибирь (ГК)
Россети Томск
Россети Тюмень
Россети Урал (ГК)
Россети ФСК ЕЭС
Россети Центр
Россети Центр и Приволжье (ГК)
Россети Юг (ГК)
Россети Янтарь
-5 000 млн.руб.
-4 000 млн.руб.
-3 000 млн.руб.
-2 000 млн.руб.
-1 000 млн.руб.
0 млн.руб.
1 000 млн.руб.
2 000 млн.руб.
3 000 млн.руб.
4 000 млн.руб.
5 000 млн.руб.
6 000 млн.руб.
7 000 млн.руб.
8 000 млн.руб.
239
68
25
3 470
3 855
6 900
821
839
2 116
213
-4 312
1 715
1 999
3 410
3 873
1 315
277
млн.
%
Выручка
Отклонение выручки по ПАО Россети за Январь, Февраль, Март, Апрель, Май, Июнь, Июль, Август, Сентябрь 2024 года (факт/план, млн. руб)
ПАО Россети
26 824.9 млн.руб.
Статус данных
×
Просьба обратить внимание
Данные занесены не полностью
ВЫБРАННЫЕ ЗНАЧЕНИЯ ФИЛЬТРОВ
ДЗО | ПЕРИОД
ПАО Россети: [«Выбраны все филиалы по всем ДЗО по всем категориям»]
2024: [Янв, Фев, Мар, Апр, Май, Июн, Июл, Авг, Сен]
*Внутренний оборот'

18-11-2024T03:45:56 - [TEST_STEP][PASSED] - searchWord = "а": null

18-11-2024T03:45:56 - [TEST_STEP][PASSED] - if (urlText.contains("ошибка") || urlText.contains(searchWord) == false): null

18-11-2024T03:45:56 - [TEST_STEP][PASSED] - delay(45): Delayed 45 second(s)

18-11-2024T03:46:41 - [MESSAGE][PASSED] - Delayed 45 second(s)

18-11-2024T03:46:41 - [TEST_STEP][PASSED] - if (block == 2): Delayed 50 second(s)

18-11-2024T03:46:41 - [TEST_STEP][PASSED] - opoveshenie = getText(findTestObject("Выручка в рублях/Просьба обратить внимание")): Text of object 'Object Repository/Выручка в рублях/Просьба обратить внимание' is: 'Просьба обратить внимание'

18-11-2024T03:46:42 - [MESSAGE][PASSED] - Text of object 'Object Repository/Выручка в рублях/Просьба обратить внимание' is: 'Просьба обратить внимание'

18-11-2024T03:46:42 - [TEST_STEP][PASSED] - if (opoveshenie == "Просьба обратить внимание"): Delayed 50 second(s)

18-11-2024T03:46:42 - [TEST_STEP][PASSED] - click(findTestObject("Выручка в рублях/Закрыть оповещение")): Object: 'Object Repository/Выручка в рублях/Закрыть оповещение' is clicked on

18-11-2024T03:46:42 - [MESSAGE][PASSED] - Object: 'Object Repository/Выручка в рублях/Закрыть оповещение' is clicked on

18-11-2024T03:46:42 - [TEST_STEP][PASSED] - delay(50): Delayed 50 second(s)

18-11-2024T03:47:32 - [MESSAGE][PASSED] - Delayed 50 second(s)

18-11-2024T03:47:32 - [TEST_STEP][PASSED] - click(findTestObject("Выручка в рублях/Фильтр Период" + nameOfBlock)): Object: 'Object Repository/Выручка в рублях/Фильтр Период Выручка' is clicked on

18-11-2024T03:47:32 - [MESSAGE][PASSED] - Object: 'Object Repository/Выручка в рублях/Фильтр Период Выручка' is clicked on

18-11-2024T03:47:32 - [TEST_STEP][PASSED] - click(findTestObject("Выручка в рублях/Снять выделение в фильтре Дата" + nameOfBlock)): Object: 'Object Repository/Выручка в рублях/Снять выделение в фильтре Дата Выручка' is clicked on

18-11-2024T03:47:33 - [MESSAGE][PASSED] - Object: 'Object Repository/Выручка в рублях/Снять выделение в фильтре Дата Выручка' is clicked on

18-11-2024T03:47:33 - [TEST_STEP][PASSED] - click(findTestObject("Выручка в рублях/Применить в фильтре Дата" + nameOfBlock)): Object: 'Object Repository/Выручка в рублях/Применить в фильтре Дата Выручка' is clicked on

18-11-2024T03:47:33 - [MESSAGE][PASSED] - Object: 'Object Repository/Выручка в рублях/Применить в фильтре Дата Выручка' is clicked on

18-11-2024T03:47:33 - [TEST_STEP][PASSED] - delay(50): Delayed 50 second(s)

18-11-2024T03:48:23 - [MESSAGE][PASSED] - Delayed 50 second(s)

18-11-2024T03:48:23 - [TEST_STEP][PASSED] - click(findTestObject("Выручка в рублях/Фильтр Период" + nameOfBlock)): Object: 'Object Repository/Выручка в рублях/Фильтр Период Выручка' is clicked on

18-11-2024T03:48:24 - [MESSAGE][PASSED] - Object: 'Object Repository/Выручка в рублях/Фильтр Период Выручка' is clicked on

18-11-2024T03:48:24 - [TEST_STEP][PASSED] - click(findTestObject("Выручка в рублях/Снять выделение в фильтре Дата" + nameOfBlock)): Object: 'Object Repository/Выручка в рублях/Снять выделение в фильтре Дата Выручка' is clicked on

18-11-2024T03:48:24 - [MESSAGE][PASSED] - Object: 'Object Repository/Выручка в рублях/Снять выделение в фильтре Дата Выручка' is clicked on

18-11-2024T03:48:24 - [TEST_STEP][PASSED] - scrollToElement(findTestObject("Выручка в рублях/2024 список" + nameOfBlock), 30): Scroll to object 'Object Repository/Выручка в рублях/2024 список Выручка' successfully

18-11-2024T03:48:25 - [MESSAGE][PASSED] - Scroll to object 'Object Repository/Выручка в рублях/2024 список Выручка' successfully

18-11-2024T03:48:25 - [TEST_STEP][PASSED] - click(findTestObject("Выручка в рублях/2024 список" + nameOfBlock)): Object: 'Object Repository/Выручка в рублях/2024 список Выручка' is clicked on

18-11-2024T03:48:25 - [MESSAGE][PASSED] - Object: 'Object Repository/Выручка в рублях/2024 список Выручка' is clicked on

18-11-2024T03:48:25 - [TEST_STEP][PASSED] - scrollToElement(findTestObject("Выручка в рублях/1 квартал 2024 выбрать" + nameOfBlock), 30): Scroll to object 'Object Repository/Выручка в рублях/1 квартал 2024 выбрать Выручка' successfully

18-11-2024T03:48:26 - [MESSAGE][PASSED] - Scroll to object 'Object Repository/Выручка в рублях/1 квартал 2024 выбрать Выручка' successfully

18-11-2024T03:48:26 - [TEST_STEP][PASSED] - click(findTestObject("Выручка в рублях/1 квартал 2024 выбрать" + nameOfBlock)): Object: 'Object Repository/Выручка в рублях/1 квартал 2024 выбрать Выручка' is clicked on

18-11-2024T03:48:26 - [MESSAGE][PASSED] - Object: 'Object Repository/Выручка в рублях/1 квартал 2024 выбрать Выручка' is clicked on

18-11-2024T03:48:26 - [TEST_STEP][PASSED] - scrollToElement(findTestObject("Выручка в рублях/2 квартал 2024 выбрать" + nameOfBlock), 30): Scroll to object 'Object Repository/Выручка в рублях/2 квартал 2024 выбрать Выручка' successfully

18-11-2024T03:48:26 - [MESSAGE][PASSED] - Scroll to object 'Object Repository/Выручка в рублях/2 квартал 2024 выбрать Выручка' successfully

18-11-2024T03:48:26 - [TEST_STEP][PASSED] - click(findTestObject("Выручка в рублях/2 квартал 2024 выбрать" + nameOfBlock)): Object: 'Object Repository/Выручка в рублях/2 квартал 2024 выбрать Выручка' is clicked on

18-11-2024T03:48:27 - [MESSAGE][PASSED] - Object: 'Object Repository/Выручка в рублях/2 квартал 2024 выбрать Выручка' is clicked on

18-11-2024T03:48:27 - [TEST_STEP][PASSED] - scrollToElement(findTestObject("Выручка в рублях/3 квартал 2024 список" + nameOfBlock), 30): Scroll to object 'Object Repository/Выручка в рублях/3 квартал 2024 список Выручка' successfully

18-11-2024T03:48:27 - [MESSAGE][PASSED] - Scroll to object 'Object Repository/Выручка в рублях/3 квартал 2024 список Выручка' successfully

18-11-2024T03:48:27 - [TEST_STEP][PASSED] - click(findTestObject("Выручка в рублях/3 квартал 2024" + nameOfBlock)): Object: 'Object Repository/Выручка в рублях/3 квартал 2024 Выручка' is clicked on

18-11-2024T03:48:28 - [MESSAGE][PASSED] - Object: 'Object Repository/Выручка в рублях/3 квартал 2024 Выручка' is clicked on

18-11-2024T03:48:28 - [TEST_STEP][PASSED] - scrollToElement(findTestObject("Выручка в рублях/Заголовок дашборда" + nameOfBlock), 30): Scroll to object 'Object Repository/Выручка в рублях/Заголовок дашборда Выручка' successfully

18-11-2024T03:48:28 - [MESSAGE][PASSED] - Scroll to object 'Object Repository/Выручка в рублях/Заголовок дашборда Выручка' successfully

18-11-2024T03:48:28 - [TEST_STEP][PASSED] - click(findTestObject("Выручка в рублях/Применить в фильтре Дата" + nameOfBlock)): Object: 'Object Repository/Выручка в рублях/Применить в фильтре Дата Выручка' is clicked on

18-11-2024T03:48:29 - [MESSAGE][PASSED] - Object: 'Object Repository/Выручка в рублях/Применить в фильтре Дата Выручка' is clicked on

18-11-2024T03:48:29 - [TEST_STEP][PASSED] - delay(55): Delayed 55 second(s)

18-11-2024T03:49:24 - [MESSAGE][PASSED] - Delayed 55 second(s)

18-11-2024T03:49:24 - [TEST_STEP][PASSED] - click(findTestObject("Выручка в рублях/Фильтр ДЗО" + nameOfBlock)): Object: 'Object Repository/Выручка в рублях/Фильтр ДЗО Выручка' is clicked on

18-11-2024T03:49:24 - [MESSAGE][PASSED] - Object: 'Object Repository/Выручка в рублях/Фильтр ДЗО Выручка' is clicked on

18-11-2024T03:49:24 - [TEST_STEP][PASSED] - click(findTestObject("Выручка в рублях/Снять выделение в фильтре ДЗО" + nameOfBlock)): Object: 'Object Repository/Выручка в рублях/Снять выделение в фильтре ДЗО Выручка' is clicked on

18-11-2024T03:49:24 - [MESSAGE][PASSED] - Object: 'Object Repository/Выручка в рублях/Снять выделение в фильтре ДЗО Выручка' is clicked on

18-11-2024T03:49:24 - [TEST_STEP][PASSED] - click(findTestObject("Выручка в рублях/Применить в фильтре ДЗО" + nameOfBlock)): Object: 'Object Repository/Выручка в рублях/Применить в фильтре ДЗО Выручка' is clicked on

18-11-2024T03:49:25 - [MESSAGE][PASSED] - Object: 'Object Repository/Выручка в рублях/Применить в фильтре ДЗО Выручка' is clicked on

18-11-2024T03:49:25 - [TEST_STEP][PASSED] - delay(50): Delayed 50 second(s)

18-11-2024T03:50:15 - [MESSAGE][PASSED] - Delayed 50 second(s)

18-11-2024T03:50:15 - [TEST_STEP][PASSED] - Script1710234207206.Tumbler(run, vir, block, nameOfBlock): null

18-11-2024T03:50:15 - [TEST_STEP][PASSED] - println("run:" + run): null

18-11-2024T03:50:15 - [TEST_STEP][PASSED] - println("vir:" + vir): null

18-11-2024T03:50:15 - [TEST_STEP][PASSED] - println("block:" + block): null

18-11-2024T03:50:15 - [TEST_STEP][PASSED] - println("nameOfBlock:" + nameOfBlock): null

18-11-2024T03:50:15 - [TEST_STEP][PASSED] - if (vir == 1): Object: 'Object Repository/Выручка в рублях/Переключить отображение с млн на проценты Выручка в рублях Выручка' is clicked on

18-11-2024T03:50:15 - [TEST_STEP][PASSED] - if (run == 2): Object: 'Object Repository/Выручка в рублях/Переключить отображение с млн на проценты Выручка в рублях Выручка' is clicked on

18-11-2024T03:50:15 - [TEST_STEP][PASSED] - click(findTestObject("Выручка в рублях/Переключить отображение с млн на проценты Выручка в рублях" + nameOfBlock)): Object: 'Object Repository/Выручка в рублях/Переключить отображение с млн на проценты Выручка в рублях Выручка' is clicked on

18-11-2024T03:50:15 - [MESSAGE][PASSED] - Object: 'Object Repository/Выручка в рублях/Переключить отображение с млн на проценты Выручка в рублях Выручка' is clicked on

18-11-2024T03:50:15 - [TEST_STEP][PASSED] - click(findTestObject("Выручка в рублях/Фильтр ДЗО" + nameOfBlock)): Object: 'Object Repository/Выручка в рублях/Фильтр ДЗО Выручка' is clicked on

18-11-2024T03:50:16 - [MESSAGE][PASSED] - Object: 'Object Repository/Выручка в рублях/Фильтр ДЗО Выручка' is clicked on

18-11-2024T03:50:16 - [TEST_STEP][PASSED] - Script1710234207206.Rosseti(nameOfBlock): null

18-11-2024T03:50:16 - [TEST_STEP][PASSED] - println("nameOfBlock:" + nameOfBlock): null

18-11-2024T03:50:16 - [TEST_STEP][PASSED] - click(findTestObject("Выручка в рублях/ПАО Россети" + nameOfBlock)): Object: 'Object Repository/Выручка в рублях/ПАО Россети Выручка' is clicked on

18-11-2024T03:50:16 - [MESSAGE][PASSED] - Object: 'Object Repository/Выручка в рублях/ПАО Россети Выручка' is clicked on

18-11-2024T03:50:16 - [TEST_STEP][PASSED] - click(findTestObject("Выручка в рублях/Применить в фильтре ДЗО" + nameOfBlock)): Object: 'Object Repository/Выручка в рублях/Применить в фильтре ДЗО Выручка' is clicked on

18-11-2024T03:50:17 - [MESSAGE][PASSED] - Object: 'Object Repository/Выручка в рублях/Применить в фильтре ДЗО Выручка' is clicked on

18-11-2024T03:50:17 - [TEST_STEP][PASSED] - if (vir == 1 || vir == 2): Text of object 'Object Repository/Выручка в рублях/График План Выручка' is: '1 056 816'

18-11-2024T03:50:17 - [TEST_STEP][PASSED] - b1 = getText(findTestObject("Выручка в рублях/График План Выручка")): Text of object 'Object Repository/Выручка в рублях/График План Выручка' is: '1 056 816'

18-11-2024T03:50:18 - [MESSAGE][PASSED] - Text of object 'Object Repository/Выручка в рублях/График План Выручка' is: '1 056 816'

18-11-2024T03:50:18 - [TEST_STEP][PASSED] - if (vir == 1 || vir == 2): Text of object 'Object Repository/Выручка в рублях/График Факт Выручка' is: '1 083 641'

18-11-2024T03:50:18 - [TEST_STEP][PASSED] - b2 = getText(findTestObject("Выручка в рублях/График Факт Выручка")): Text of object 'Object Repository/Выручка в рублях/График Факт Выручка' is: '1 083 641'

18-11-2024T03:50:19 - [MESSAGE][PASSED] - Text of object 'Object Repository/Выручка в рублях/График Факт Выручка' is: '1 083 641'

18-11-2024T03:50:19 - [TEST_STEP][PASSED] - b30 = getText(findTestObject("Выручка в рублях/span1" + perc)): Text of object 'Object Repository/Выручка в рублях/span1 Perc' is: '2.54 %'

18-11-2024T03:50:19 - [MESSAGE][PASSED] - Text of object 'Object Repository/Выручка в рублях/span1 Perc' is: '2.54 %'

18-11-2024T03:50:19 - [TEST_STEP][PASSED] - i = b30.indexOf("млн.руб."): null

18-11-2024T03:50:19 - [TEST_STEP][PASSED] - if (i > -1): null

18-11-2024T03:50:19 - [TEST_STEP][PASSED] - if (b30.contains("%")): null

18-11-2024T03:50:19 - [TEST_STEP][PASSED] - b30 = b30.replaceAll("%", ""): null

18-11-2024T03:50:19 - [TEST_STEP][PASSED] - b30 = ").trim(): null

18-11-2024T03:50:19 - [TEST_STEP][PASSED] - println("b30: " + b30): null

18-11-2024T03:50:19 - [TEST_STEP][PASSED] - if (vir == 1 || vir == 2): Text of object 'Object Repository/Выручка в рублях/span2 Perc' is: '17.34 %'

18-11-2024T03:50:19 - [TEST_STEP][PASSED] - b31 = ").trim(): Text of object 'Object Repository/Выручка в рублях/span2 Perc' is: '17.34 %'

18-11-2024T03:50:19 - [MESSAGE][PASSED] - Text of object 'Object Repository/Выручка в рублях/span2 Perc' is: '17.34 %'

18-11-2024T03:50:19 - [TEST_STEP][PASSED] - if (vir == 1 || vir == 2): Text of object 'Object Repository/Выручка в рублях/span3 Perc' is: '2.01 %'

18-11-2024T03:50:19 - [TEST_STEP][PASSED] - b32 = ").trim(): Text of object 'Object Repository/Выручка в рублях/span3 Perc' is: '2.01 %'

18-11-2024T03:50:20 - [MESSAGE][PASSED] - Text of object 'Object Repository/Выручка в рублях/span3 Perc' is: '2.01 %'

18-11-2024T03:50:20 - [TEST_STEP][PASSED] - if (vir == 1 || vir == 2): Text of object 'Object Repository/Выручка в рублях/span8 Perc' is: '3.53 %'

18-11-2024T03:50:20 - [TEST_STEP][PASSED] - b33 = ").trim(): Text of object 'Object Repository/Выручка в рублях/span4 Perc' is: '0.04 %'

18-11-2024T03:50:20 - [MESSAGE][PASSED] - Text of object 'Object Repository/Выручка в рублях/span4 Perc' is: '0.04 %'

18-11-2024T03:50:20 - [TEST_STEP][PASSED] - b34 = ").trim(): Text of object 'Object Repository/Выручка в рублях/span5 Perc' is: '6.11 %'

18-11-2024T03:50:20 - [MESSAGE][PASSED] - Text of object 'Object Repository/Выручка в рублях/span5 Perc' is: '6.11 %'

18-11-2024T03:50:20 - [TEST_STEP][PASSED] - b35 = ").trim(): Text of object 'Object Repository/Выручка в рублях/span6 Perc' is: '5.21 %'

18-11-2024T03:50:21 - [MESSAGE][PASSED] - Text of object 'Object Repository/Выручка в рублях/span6 Perc' is: '5.21 %'

18-11-2024T03:50:21 - [TEST_STEP][PASSED] - b36 = ").trim(): Text of object 'Object Repository/Выручка в рублях/span7 Perc' is: '4.51 %'

18-11-2024T03:50:21 - [MESSAGE][PASSED] - Text of object 'Object Repository/Выручка в рублях/span7 Perc' is: '4.51 %'

18-11-2024T03:50:21 - [TEST_STEP][PASSED] - b37 = ").trim(): Text of object 'Object Repository/Выручка в рублях/span8 Perc' is: '3.53 %'

18-11-2024T03:50:21 - [MESSAGE][PASSED] - Text of object 'Object Repository/Выручка в рублях/span8 Perc' is: '3.53 %'

18-11-2024T03:50:21 - [TEST_STEP][PASSED] - if (vir == 1 || vir == 2): Text of object 'Object Repository/Выручка в рублях/span17 Perc' is: '3.41 %'

18-11-2024T03:50:21 - [TEST_STEP][PASSED] - b38 = ").trim(): Text of object 'Object Repository/Выручка в рублях/span9 Perc' is: '2.16 %'

18-11-2024T03:50:21 - [MESSAGE][PASSED] - Text of object 'Object Repository/Выручка в рублях/span9 Perc' is: '2.16 %'

18-11-2024T03:50:21 - [TEST_STEP][PASSED] - b39 = ").trim(): Text of object 'Object Repository/Выручка в рублях/span10 Perc' is: '4.15 %'

18-11-2024T03:50:22 - [MESSAGE][PASSED] - Text of object 'Object Repository/Выручка в рублях/span10 Perc' is: '4.15 %'

18-11-2024T03:50:22 - [TEST_STEP][PASSED] - b310 = ").trim(): Text of object 'Object Repository/Выручка в рублях/span11 Perc' is: '3.07 %'

18-11-2024T03:50:22 - [MESSAGE][PASSED] - Text of object 'Object Repository/Выручка в рублях/span11 Perc' is: '3.07 %'

18-11-2024T03:50:22 - [TEST_STEP][PASSED] - b311 = ").trim(): Text of object 'Object Repository/Выручка в рублях/span12 Perc' is: '-6.98 %'

18-11-2024T03:50:22 - [MESSAGE][PASSED] - Text of object 'Object Repository/Выручка в рублях/span12 Perc' is: '-6.98 %'

18-11-2024T03:50:22 - [TEST_STEP][PASSED] - b312 = ").trim(): Text of object 'Object Repository/Выручка в рублях/span13 Perc' is: '2.23 %'

18-11-2024T03:50:23 - [MESSAGE][PASSED] - Text of object 'Object Repository/Выручка в рублях/span13 Perc' is: '2.23 %'

18-11-2024T03:50:23 - [TEST_STEP][PASSED] - b313 = ").trim(): Text of object 'Object Repository/Выручка в рублях/span14 Perc' is: '0.87 %'

18-11-2024T03:50:23 - [MESSAGE][PASSED] - Text of object 'Object Repository/Выручка в рублях/span14 Perc' is: '0.87 %'

18-11-2024T03:50:23 - [TEST_STEP][PASSED] - b314 = ").trim(): Text of object 'Object Repository/Выручка в рублях/span15 Perc' is: '4 %'

18-11-2024T03:50:23 - [MESSAGE][PASSED] - Text of object 'Object Repository/Выручка в рублях/span15 Perc' is: '4 %'

18-11-2024T03:50:23 - [TEST_STEP][PASSED] - b315 = ").trim(): Text of object 'Object Repository/Выручка в рублях/span16 Perc' is: '4.25 %'

18-11-2024T03:50:24 - [MESSAGE][PASSED] - Text of object 'Object Repository/Выручка в рублях/span16 Perc' is: '4.25 %'

18-11-2024T03:50:24 - [TEST_STEP][PASSED] - b316 = ").trim(): Text of object 'Object Repository/Выручка в рублях/span17 Perc' is: '3.41 %'

18-11-2024T03:50:24 - [MESSAGE][PASSED] - Text of object 'Object Repository/Выручка в рублях/span17 Perc' is: '3.41 %'

18-11-2024T03:50:24 - [TEST_STEP][PASSED] - if (vir == 1 || vir == 2): Text of object 'Object Repository/Выручка в рублях/span18 Perc' is: '3.93 %'

18-11-2024T03:50:24 - [TEST_STEP][PASSED] - b317 = ").trim(): Text of object 'Object Repository/Выручка в рублях/span18 Perc' is: '3.93 %'

18-11-2024T03:50:24 - [MESSAGE][PASSED] - Text of object 'Object Repository/Выручка в рублях/span18 Perc' is: '3.93 %'

18-11-2024T03:50:24 - [TEST_STEP][PASSED] - dZO = "ПАО Россети": null

18-11-2024T03:50:24 - [TEST_STEP][PASSED] - if (verifyEqual(a1, b1) == false): Actual object '1 056 816' and expected object '1 056 816' are equal

18-11-2024T03:50:24 - [MESSAGE][PASSED] - Actual object '1 056 816' and expected object '1 056 816' are equal

18-11-2024T03:50:24 - [TEST_STEP][PASSED] - if (verifyEqual(a2, b2) == false): Actual object '1 083 641' and expected object '1 083 641' are equal

18-11-2024T03:50:24 - [MESSAGE][PASSED] - Actual object '1 083 641' and expected object '1 083 641' are equal

18-11-2024T03:50:24 - [TEST_STEP][PASSED] - vidget = "Отклонения": null

18-11-2024T03:50:24 - [TEST_STEP][FAILED] - if (verifyEqual(a30, b30) == false): null

18-11-2024T03:50:24 - [MESSAGE][FAILED] - Unable to verify equal between actual object '-23.84' and expected object '2.54' (Root cause: com.kms.katalon.core.exception.StepFailedException: Actual object '-23.84' and expected object '2.54' are not equal
	at com.kms.katalon.core.keyword.builtin.VerifyEqualKeyword$_verifyEqual_closure1.doCall(VerifyEqualKeyword.groovy:58)
	at com.kms.katalon.core.keyword.builtin.VerifyEqualKeyword$_verifyEqual_closure1.call(VerifyEqualKeyword.groovy)
	at com.kms.katalon.core.keyword.internal.KeywordMain.runKeyword(KeywordMain.groovy:75)
	at com.kms.katalon.core.keyword.builtin.VerifyEqualKeyword.verifyEqual(VerifyEqualKeyword.groovy:63)
	at com.kms.katalon.core.keyword.builtin.VerifyEqualKeyword.execute(VerifyEqualKeyword.groovy:44)
	at com.kms.katalon.core.keyword.internal.KeywordExecutor.executeKeywordForPlatform(KeywordExecutor.groovy:74)
	at com.kms.katalon.core.keyword.BuiltinKeywords.verifyEqual(BuiltinKeywords.groovy:146)
	at jdk.internal.reflect.GeneratedMethodAccessor25.invoke(Unknown Source)
	at java.base/jdk.internal.reflect.DelegatingMethodAccessorImpl.invoke(DelegatingMethodAccessorImpl.java:43)
	at Выручка в рублях сверка дашбордов ПАО Россети.Blocks(Выручка в рублях сверка дашбордов ПАО Россети:357)
	at Выручка в рублях сверка дашбордов ПАО Россети.ViruchkaChange(Выручка в рублях сверка дашбордов ПАО Россети:60)
	at Выручка в рублях сверка дашбордов ПАО Россети.run(Выручка в рублях сверка дашбордов ПАО Россети:55)
	at com.kms.katalon.core.main.ScriptEngine.run(ScriptEngine.java:194)
	at com.kms.katalon.core.main.ScriptEngine.runScriptAsRawText(ScriptEngine.java:119)
	at com.kms.katalon.core.main.TestCaseExecutor.runScript(TestCaseExecutor.java:448)
	at com.kms.katalon.core.main.TestCaseExecutor.doExecute(TestCaseExecutor.java:439)
	at com.kms.katalon.core.main.TestCaseExecutor.processExecutionPhase(TestCaseExecutor.java:418)
	at com.kms.katalon.core.main.TestCaseExecutor.accessMainPhase(TestCaseExecutor.java:410)
	at com.kms.katalon.core.main.TestCaseExecutor.execute(TestCaseExecutor.java:285)
	at com.kms.katalon.core.common.CommonExecutor.accessTestCaseMainPhase(CommonExecutor.java:65)
	at com.kms.katalon.core.main.TestSuiteExecutor.accessTestSuiteMainPhase(TestSuiteExecutor.java:150)
	at com.kms.katalon.core.main.TestSuiteExecutor.execute(TestSuiteExecutor.java:106)
	at com.kms.katalon.core.main.TestCaseMain.startTestSuite(TestCaseMain.java:180)
	at TempTestSuite1731886967590.run(TempTestSuite1731886967590.groovy:35)
	at java.base/jdk.internal.reflect.NativeMethodAccessorImpl.invoke0(Native Method)
	at java.base/jdk.internal.reflect.NativeMethodAccessorImpl.invoke(NativeMethodAccessorImpl.java:77)
	at java.base/jdk.internal.reflect.DelegatingMethodAccessorImpl.invoke(DelegatingMethodAccessorImpl.java:43)
)

18-11-2024T03:50:24 - [TEST_STEP][PASSED] - a = replaceAll("\s+", "").toDouble(): null

18-11-2024T03:50:24 - [TEST_STEP][PASSED] - b = replaceAll("\s+", "").toDouble(): null

18-11-2024T03:50:24 - [TEST_STEP][PASSED] - Script1710234207206.WriteToExcel(todaysDate, run, vir, block, typeOfData, viruchka, vidget, nameOfBlock, a, b, dZO): null

18-11-2024T03:50:24 - [TEST_STEP][PASSED] - println(run): null

18-11-2024T03:50:24 - [TEST_STEP][PASSED] - if (run == 1): null

18-11-2024T03:50:24 - [TEST_STEP][PASSED] - else if (run == 2): null

18-11-2024T03:50:24 - [TEST_STEP][PASSED] - typeOfData = "Проценты": null

18-11-2024T03:50:24 - [TEST_STEP][PASSED] - println("todaysDate:" + todaysDate): null

18-11-2024T03:50:24 - [TEST_STEP][PASSED] - println("typeOfData:" + typeOfData): null

18-11-2024T03:50:24 - [TEST_STEP][PASSED] - viruchka = getText(findTestObject("Выручка в рублях/Фильтр Выручка" + nameOfBlock)): Text of object 'Object Repository/Выручка в рублях/Фильтр Выручка Выручка' is: 'Все'

18-11-2024T03:50:24 - [MESSAGE][PASSED] - Text of object 'Object Repository/Выручка в рублях/Фильтр Выручка Выручка' is: 'Все'

18-11-2024T03:50:24 - [TEST_STEP][PASSED] - println("viruchka" + viruchka): null

18-11-2024T03:50:24 - [TEST_STEP][PASSED] - println("vidget" + vidget): null

18-11-2024T03:50:24 - [TEST_STEP][PASSED] - println("a" + a): null

18-11-2024T03:50:24 - [TEST_STEP][PASSED] - println("b" + b): null

18-11-2024T03:50:24 - [TEST_STEP][PASSED] - sheetName = "Sheet1": null

18-11-2024T03:50:24 - [TEST_STEP][PASSED] - data = findTestData("PlanFact"): null

18-11-2024T03:50:25 - [TEST_STEP][PASSED] - n = data.getRowNumbers() + 1: null

18-11-2024T03:50:25 - [TEST_STEP][PASSED] - period = getText(findTestObject("Выручка в рублях/Фильтр Период")): Text of object 'Object Repository/Выручка в рублях/Фильтр Период' is: '1, 2, 3 кв. 2024 года'

18-11-2024T03:50:25 - [MESSAGE][PASSED] - Text of object 'Object Repository/Выручка в рублях/Фильтр Период' is: '1, 2, 3 кв. 2024 года'

18-11-2024T03:50:25 - [TEST_STEP][PASSED] - println(period): null

18-11-2024T03:50:25 - [TEST_STEP][PASSED] - dashboardName = "Выручка в рублях": null

18-11-2024T03:50:25 - [TEST_STEP][PASSED] - workbook01 = getWorkbook(excelFilePath): null

18-11-2024T03:50:25 - [TEST_STEP][PASSED] - sheet01 = getExcelSheet(workbook01, sheetName): null

18-11-2024T03:50:25 - [TEST_STEP][PASSED] - setValueToCellByIndex(sheet01, n, 0, dashboardName): null

18-11-2024T03:50:25 - [TEST_STEP][PASSED] - setValueToCellByIndex(sheet01, n, 1, dZO): null

18-11-2024T03:50:25 - [TEST_STEP][PASSED] - setValueToCellByIndex(sheet01, n, 2, vidget): null

18-11-2024T03:50:25 - [TEST_STEP][PASSED] - setValueToCellByIndex(sheet01, n, 3, viruchka): null

18-11-2024T03:50:25 - [TEST_STEP][PASSED] - setValueToCellByIndex(sheet01, n, 4, typeOfData): null

18-11-2024T03:50:25 - [TEST_STEP][PASSED] - if (a == null): null

18-11-2024T03:50:25 - [TEST_STEP][PASSED] - else: null

18-11-2024T03:50:25 - [TEST_STEP][PASSED] - setValueToCellByIndex(sheet01, n, 5, a): null

18-11-2024T03:50:25 - [TEST_STEP][PASSED] - if (b == null): null

18-11-2024T03:50:25 - [TEST_STEP][PASSED] - else: null

18-11-2024T03:50:25 - [TEST_STEP][PASSED] - setValueToCellByIndex(sheet01, n, 6, b): null

18-11-2024T03:50:25 - [TEST_STEP][PASSED] - setValueToCellByIndex(sheet01, n, 7, period): null

18-11-2024T03:50:25 - [TEST_STEP][PASSED] - setValueToCellByIndex(sheet01, n, 8, todaysDate): null

18-11-2024T03:50:25 - [TEST_STEP][PASSED] - n = n + 1: null

18-11-2024T03:50:25 - [TEST_STEP][PASSED] - saveWorkbook(excelFilePath, workbook01): null

18-11-2024T03:50:25 - [TEST_STEP][PASSED] - dZO = "АО «Тываэнерго»": null

18-11-2024T03:50:25 - [TEST_STEP][PASSED] - if (verifyEqual(a31, b31) == false): Actual object '17.34' and expected object '17.34' are equal

18-11-2024T03:50:25 - [MESSAGE][PASSED] - Actual object '17.34' and expected object '17.34' are equal

18-11-2024T03:50:25 - [TEST_STEP][PASSED] - dZO = "АО «Чеченэнерго»": null

18-11-2024T03:50:25 - [TEST_STEP][FAILED] - if (verifyEqual(a32, b32) == false): null

18-11-2024T03:50:25 - [MESSAGE][FAILED] - Unable to verify equal between actual object '-48.99' and expected object '2.01' (Root cause: com.kms.katalon.core.exception.StepFailedException: Actual object '-48.99' and expected object '2.01' are not equal
	at com.kms.katalon.core.keyword.builtin.VerifyEqualKeyword$_verifyEqual_closure1.doCall(VerifyEqualKeyword.groovy:58)
	at com.kms.katalon.core.keyword.builtin.VerifyEqualKeyword$_verifyEqual_closure1.call(VerifyEqualKeyword.groovy)
	at com.kms.katalon.core.keyword.internal.KeywordMain.runKeyword(KeywordMain.groovy:75)
	at com.kms.katalon.core.keyword.builtin.VerifyEqualKeyword.verifyEqual(VerifyEqualKeyword.groovy:63)
	at com.kms.katalon.core.keyword.builtin.VerifyEqualKeyword.execute(VerifyEqualKeyword.groovy:44)
	at com.kms.katalon.core.keyword.internal.KeywordExecutor.executeKeywordForPlatform(KeywordExecutor.groovy:74)
	at com.kms.katalon.core.keyword.BuiltinKeywords.verifyEqual(BuiltinKeywords.groovy:146)
	at jdk.internal.reflect.GeneratedMethodAccessor25.invoke(Unknown Source)
	at java.base/jdk.internal.reflect.DelegatingMethodAccessorImpl.invoke(DelegatingMethodAccessorImpl.java:43)
	at Выручка в рублях сверка дашбордов ПАО Россети.Blocks(Выручка в рублях сверка дашбордов ПАО Россети:377)
	at Выручка в рублях сверка дашбордов ПАО Россети.ViruchkaChange(Выручка в рублях сверка дашбордов ПАО Россети:60)
	at Выручка в рублях сверка дашбордов ПАО Россети.run(Выручка в рублях сверка дашбордов ПАО Россети:55)
	at com.kms.katalon.core.main.ScriptEngine.run(ScriptEngine.java:194)
	at com.kms.katalon.core.main.ScriptEngine.runScriptAsRawText(ScriptEngine.java:119)
	at com.kms.katalon.core.main.TestCaseExecutor.runScript(TestCaseExecutor.java:448)
	at com.kms.katalon.core.main.TestCaseExecutor.doExecute(TestCaseExecutor.java:439)
	at com.kms.katalon.core.main.TestCaseExecutor.processExecutionPhase(TestCaseExecutor.java:418)
	at com.kms.katalon.core.main.TestCaseExecutor.accessMainPhase(TestCaseExecutor.java:410)
	at com.kms.katalon.core.main.TestCaseExecutor.execute(TestCaseExecutor.java:285)
	at com.kms.katalon.core.common.CommonExecutor.accessTestCaseMainPhase(CommonExecutor.java:65)
	at com.kms.katalon.core.main.TestSuiteExecutor.accessTestSuiteMainPhase(TestSuiteExecutor.java:150)
	at com.kms.katalon.core.main.TestSuiteExecutor.execute(TestSuiteExecutor.java:106)
	at com.kms.katalon.core.main.TestCaseMain.startTestSuite(TestCaseMain.java:180)
	at TempTestSuite1731886967590.run(TempTestSuite1731886967590.groovy:35)
	at java.base/jdk.internal.reflect.NativeMethodAccessorImpl.invoke0(Native Method)
	at java.base/jdk.internal.reflect.NativeMethodAccessorImpl.invoke(NativeMethodAccessorImpl.java:77)
	at java.base/jdk.internal.reflect.DelegatingMethodAccessorImpl.invoke(DelegatingMethodAccessorImpl.java:43)
)

18-11-2024T03:50:25 - [TEST_STEP][PASSED] - a = replaceAll("\s+", "").toDouble(): null

18-11-2024T03:50:25 - [TEST_STEP][PASSED] - b = replaceAll("\s+", "").toDouble(): null

18-11-2024T03:50:25 - [TEST_STEP][PASSED] - Script1710234207206.WriteToExcel(todaysDate, run, vir, block, typeOfData, viruchka, vidget, nameOfBlock, a, b, dZO): null

18-11-2024T03:50:25 - [TEST_STEP][PASSED] - println(run): null

18-11-2024T03:50:25 - [TEST_STEP][PASSED] - if (run == 1): null

18-11-2024T03:50:25 - [TEST_STEP][PASSED] - else if (run == 2): null

18-11-2024T03:50:25 - [TEST_STEP][PASSED] - typeOfData = "Проценты": null

18-11-2024T03:50:25 - [TEST_STEP][PASSED] - println("todaysDate:" + todaysDate): null

18-11-2024T03:50:25 - [TEST_STEP][PASSED] - println("typeOfData:" + typeOfData): null

18-11-2024T03:50:25 - [TEST_STEP][PASSED] - viruchka = getText(findTestObject("Выручка в рублях/Фильтр Выручка" + nameOfBlock)): Text of object 'Object Repository/Выручка в рублях/Фильтр Выручка Выручка' is: 'Все'

18-11-2024T03:50:25 - [MESSAGE][PASSED] - Text of object 'Object Repository/Выручка в рублях/Фильтр Выручка Выручка' is: 'Все'

18-11-2024T03:50:25 - [TEST_STEP][PASSED] - println("viruchka" + viruchka): null

18-11-2024T03:50:25 - [TEST_STEP][PASSED] - println("vidget" + vidget): null

18-11-2024T03:50:25 - [TEST_STEP][PASSED] - println("a" + a): null

18-11-2024T03:50:25 - [TEST_STEP][PASSED] - println("b" + b): null

18-11-2024T03:50:25 - [TEST_STEP][PASSED] - sheetName = "Sheet1": null

18-11-2024T03:50:25 - [TEST_STEP][PASSED] - data = findTestData("PlanFact"): null

18-11-2024T03:50:25 - [TEST_STEP][PASSED] - n = data.getRowNumbers() + 1: null

18-11-2024T03:50:25 - [TEST_STEP][PASSED] - period = getText(findTestObject("Выручка в рублях/Фильтр Период")): Text of object 'Object Repository/Выручка в рублях/Фильтр Период' is: '1, 2, 3 кв. 2024 года'

18-11-2024T03:50:26 - [MESSAGE][PASSED] - Text of object 'Object Repository/Выручка в рублях/Фильтр Период' is: '1, 2, 3 кв. 2024 года'

18-11-2024T03:50:26 - [TEST_STEP][PASSED] - println(period): null

18-11-2024T03:50:26 - [TEST_STEP][PASSED] - dashboardName = "Выручка в рублях": null

18-11-2024T03:50:26 - [TEST_STEP][PASSED] - workbook01 = getWorkbook(excelFilePath): null

18-11-2024T03:50:26 - [TEST_STEP][PASSED] - sheet01 = getExcelSheet(workbook01, sheetName): null

18-11-2024T03:50:26 - [TEST_STEP][PASSED] - setValueToCellByIndex(sheet01, n, 0, dashboardName): null

18-11-2024T03:50:26 - [TEST_STEP][PASSED] - setValueToCellByIndex(sheet01, n, 1, dZO): null

18-11-2024T03:50:26 - [TEST_STEP][PASSED] - setValueToCellByIndex(sheet01, n, 2, vidget): null

18-11-2024T03:50:26 - [TEST_STEP][PASSED] - setValueToCellByIndex(sheet01, n, 3, viruchka): null

18-11-2024T03:50:26 - [TEST_STEP][PASSED] - setValueToCellByIndex(sheet01, n, 4, typeOfData): null

18-11-2024T03:50:26 - [TEST_STEP][PASSED] - if (a == null): null

18-11-2024T03:50:26 - [TEST_STEP][PASSED] - else: null

18-11-2024T03:50:26 - [TEST_STEP][PASSED] - setValueToCellByIndex(sheet01, n, 5, a): null

18-11-2024T03:50:26 - [TEST_STEP][PASSED] - if (b == null): null

18-11-2024T03:50:26 - [TEST_STEP][PASSED] - else: null

18-11-2024T03:50:26 - [TEST_STEP][PASSED] - setValueToCellByIndex(sheet01, n, 6, b): null

18-11-2024T03:50:26 - [TEST_STEP][PASSED] - setValueToCellByIndex(sheet01, n, 7, period): null

18-11-2024T03:50:26 - [TEST_STEP][PASSED] - setValueToCellByIndex(sheet01, n, 8, todaysDate): null

18-11-2024T03:50:26 - [TEST_STEP][PASSED] - n = n + 1: null

18-11-2024T03:50:26 - [TEST_STEP][PASSED] - saveWorkbook(excelFilePath, workbook01): null

18-11-2024T03:50:26 - [TEST_STEP][PASSED] - dZO = "Россети Волга": null

18-11-2024T03:50:26 - [TEST_STEP][FAILED] - if (verifyEqual(a33, b33) == false): null

18-11-2024T03:50:26 - [MESSAGE][FAILED] - Unable to verify equal between actual object '-49.98' and expected object '0.04' (Root cause: com.kms.katalon.core.exception.StepFailedException: Actual object '-49.98' and expected object '0.04' are not equal
	at com.kms.katalon.core.keyword.builtin.VerifyEqualKeyword$_verifyEqual_closure1.doCall(VerifyEqualKeyword.groovy:58)
	at com.kms.katalon.core.keyword.builtin.VerifyEqualKeyword$_verifyEqual_closure1.call(VerifyEqualKeyword.groovy)
	at com.kms.katalon.core.keyword.internal.KeywordMain.runKeyword(KeywordMain.groovy:75)
	at com.kms.katalon.core.keyword.builtin.VerifyEqualKeyword.verifyEqual(VerifyEqualKeyword.groovy:63)
	at com.kms.katalon.core.keyword.builtin.VerifyEqualKeyword.execute(VerifyEqualKeyword.groovy:44)
	at com.kms.katalon.core.keyword.internal.KeywordExecutor.executeKeywordForPlatform(KeywordExecutor.groovy:74)
	at com.kms.katalon.core.keyword.BuiltinKeywords.verifyEqual(BuiltinKeywords.groovy:146)
	at jdk.internal.reflect.GeneratedMethodAccessor25.invoke(Unknown Source)
	at java.base/jdk.internal.reflect.DelegatingMethodAccessorImpl.invoke(DelegatingMethodAccessorImpl.java:43)
	at Выручка в рублях сверка дашбордов ПАО Россети.Blocks(Выручка в рублях сверка дашбордов ПАО Россети:387)
	at Выручка в рублях сверка дашбордов ПАО Россети.ViruchkaChange(Выручка в рублях сверка дашбордов ПАО Россети:60)
	at Выручка в рублях сверка дашбордов ПАО Россети.run(Выручка в рублях сверка дашбордов ПАО Россети:55)
	at com.kms.katalon.core.main.ScriptEngine.run(ScriptEngine.java:194)
	at com.kms.katalon.core.main.ScriptEngine.runScriptAsRawText(ScriptEngine.java:119)
	at com.kms.katalon.core.main.TestCaseExecutor.runScript(TestCaseExecutor.java:448)
	at com.kms.katalon.core.main.TestCaseExecutor.doExecute(TestCaseExecutor.java:439)
	at com.kms.katalon.core.main.TestCaseExecutor.processExecutionPhase(TestCaseExecutor.java:418)
	at com.kms.katalon.core.main.TestCaseExecutor.accessMainPhase(TestCaseExecutor.java:410)
	at com.kms.katalon.core.main.TestCaseExecutor.execute(TestCaseExecutor.java:285)
	at com.kms.katalon.core.common.CommonExecutor.accessTestCaseMainPhase(CommonExecutor.java:65)
	at com.kms.katalon.core.main.TestSuiteExecutor.accessTestSuiteMainPhase(TestSuiteExecutor.java:150)
	at com.kms.katalon.core.main.TestSuiteExecutor.execute(TestSuiteExecutor.java:106)
	at com.kms.katalon.core.main.TestCaseMain.startTestSuite(TestCaseMain.java:180)
	at TempTestSuite1731886967590.run(TempTestSuite1731886967590.groovy:35)
	at java.base/jdk.internal.reflect.NativeMethodAccessorImpl.invoke0(Native Method)
	at java.base/jdk.internal.reflect.NativeMethodAccessorImpl.invoke(NativeMethodAccessorImpl.java:77)
	at java.base/jdk.internal.reflect.DelegatingMethodAccessorImpl.invoke(DelegatingMethodAccessorImpl.java:43)
)

18-11-2024T03:50:26 - [TEST_STEP][PASSED] - a = replaceAll("\s+", "").toDouble(): null

18-11-2024T03:50:26 - [TEST_STEP][PASSED] - b = replaceAll("\s+", "").toDouble(): null

18-11-2024T03:50:26 - [TEST_STEP][PASSED] - Script1710234207206.WriteToExcel(todaysDate, run, vir, block, typeOfData, viruchka, vidget, nameOfBlock, a, b, dZO): null

18-11-2024T03:50:26 - [TEST_STEP][PASSED] - println(run): null

18-11-2024T03:50:26 - [TEST_STEP][PASSED] - if (run == 1): null

18-11-2024T03:50:26 - [TEST_STEP][PASSED] - else if (run == 2): null

18-11-2024T03:50:26 - [TEST_STEP][PASSED] - typeOfData = "Проценты": null

18-11-2024T03:50:26 - [TEST_STEP][PASSED] - println("todaysDate:" + todaysDate): null

18-11-2024T03:50:26 - [TEST_STEP][PASSED] - println("typeOfData:" + typeOfData): null

18-11-2024T03:50:26 - [TEST_STEP][PASSED] - viruchka = getText(findTestObject("Выручка в рублях/Фильтр Выручка" + nameOfBlock)): Text of object 'Object Repository/Выручка в рублях/Фильтр Выручка Выручка' is: 'Все'

18-11-2024T03:50:26 - [MESSAGE][PASSED] - Text of object 'Object Repository/Выручка в рублях/Фильтр Выручка Выручка' is: 'Все'

18-11-2024T03:50:26 - [TEST_STEP][PASSED] - println("viruchka" + viruchka): null

18-11-2024T03:50:26 - [TEST_STEP][PASSED] - println("vidget" + vidget): null

18-11-2024T03:50:26 - [TEST_STEP][PASSED] - println("a" + a): null

18-11-2024T03:50:26 - [TEST_STEP][PASSED] - println("b" + b): null

18-11-2024T03:50:26 - [TEST_STEP][PASSED] - sheetName = "Sheet1": null

18-11-2024T03:50:26 - [TEST_STEP][PASSED] - data = findTestData("PlanFact"): null

18-11-2024T03:50:26 - [TEST_STEP][PASSED] - n = data.getRowNumbers() + 1: null

18-11-2024T03:50:26 - [TEST_STEP][PASSED] - period = getText(findTestObject("Выручка в рублях/Фильтр Период")): Text of object 'Object Repository/Выручка в рублях/Фильтр Период' is: '1, 2, 3 кв. 2024 года'

18-11-2024T03:50:27 - [MESSAGE][PASSED] - Text of object 'Object Repository/Выручка в рублях/Фильтр Период' is: '1, 2, 3 кв. 2024 года'

18-11-2024T03:50:27 - [TEST_STEP][PASSED] - println(period): null

18-11-2024T03:50:27 - [TEST_STEP][PASSED] - dashboardName = "Выручка в рублях": null

18-11-2024T03:50:27 - [TEST_STEP][PASSED] - workbook01 = getWorkbook(excelFilePath): null

18-11-2024T03:50:27 - [TEST_STEP][PASSED] - sheet01 = getExcelSheet(workbook01, sheetName): null

18-11-2024T03:50:27 - [TEST_STEP][PASSED] - setValueToCellByIndex(sheet01, n, 0, dashboardName): null

18-11-2024T03:50:27 - [TEST_STEP][PASSED] - setValueToCellByIndex(sheet01, n, 1, dZO): null

18-11-2024T03:50:27 - [TEST_STEP][PASSED] - setValueToCellByIndex(sheet01, n, 2, vidget): null

18-11-2024T03:50:27 - [TEST_STEP][PASSED] - setValueToCellByIndex(sheet01, n, 3, viruchka): null

18-11-2024T03:50:27 - [TEST_STEP][PASSED] - setValueToCellByIndex(sheet01, n, 4, typeOfData): null

18-11-2024T03:50:27 - [TEST_STEP][PASSED] - if (a == null): null

18-11-2024T03:50:27 - [TEST_STEP][PASSED] - else: null

18-11-2024T03:50:27 - [TEST_STEP][PASSED] - setValueToCellByIndex(sheet01, n, 5, a): null

18-11-2024T03:50:27 - [TEST_STEP][PASSED] - if (b == null): null

18-11-2024T03:50:27 - [TEST_STEP][PASSED] - else: null

18-11-2024T03:50:27 - [TEST_STEP][PASSED] - setValueToCellByIndex(sheet01, n, 6, b): null

18-11-2024T03:50:27 - [TEST_STEP][PASSED] - setValueToCellByIndex(sheet01, n, 7, period): null

18-11-2024T03:50:27 - [TEST_STEP][PASSED] - setValueToCellByIndex(sheet01, n, 8, todaysDate): null

18-11-2024T03:50:27 - [TEST_STEP][PASSED] - n = n + 1: null

18-11-2024T03:50:27 - [TEST_STEP][PASSED] - saveWorkbook(excelFilePath, workbook01): null

18-11-2024T03:50:27 - [TEST_STEP][PASSED] - dZO = "Россети Кубань": null

18-11-2024T03:50:27 - [TEST_STEP][FAILED] - if (verifyEqual(a34, b34) == false): null

18-11-2024T03:50:27 - [MESSAGE][FAILED] - Unable to verify equal between actual object '-46.94' and expected object '6.11' (Root cause: com.kms.katalon.core.exception.StepFailedException: Actual object '-46.94' and expected object '6.11' are not equal
	at com.kms.katalon.core.keyword.builtin.VerifyEqualKeyword$_verifyEqual_closure1.doCall(VerifyEqualKeyword.groovy:58)
	at com.kms.katalon.core.keyword.builtin.VerifyEqualKeyword$_verifyEqual_closure1.call(VerifyEqualKeyword.groovy)
	at com.kms.katalon.core.keyword.internal.KeywordMain.runKeyword(KeywordMain.groovy:75)
	at com.kms.katalon.core.keyword.builtin.VerifyEqualKeyword.verifyEqual(VerifyEqualKeyword.groovy:63)
	at com.kms.katalon.core.keyword.builtin.VerifyEqualKeyword.execute(VerifyEqualKeyword.groovy:44)
	at com.kms.katalon.core.keyword.internal.KeywordExecutor.executeKeywordForPlatform(KeywordExecutor.groovy:74)
	at com.kms.katalon.core.keyword.BuiltinKeywords.verifyEqual(BuiltinKeywords.groovy:146)
	at jdk.internal.reflect.GeneratedMethodAccessor25.invoke(Unknown Source)
	at java.base/jdk.internal.reflect.DelegatingMethodAccessorImpl.invoke(DelegatingMethodAccessorImpl.java:43)
	at Выручка в рублях сверка дашбордов ПАО Россети.Blocks(Выручка в рублях сверка дашбордов ПАО Россети:397)
	at Выручка в рублях сверка дашбордов ПАО Россети.ViruchkaChange(Выручка в рублях сверка дашбордов ПАО Россети:60)
	at Выручка в рублях сверка дашбордов ПАО Россети.run(Выручка в рублях сверка дашбордов ПАО Россети:55)
	at com.kms.katalon.core.main.ScriptEngine.run(ScriptEngine.java:194)
	at com.kms.katalon.core.main.ScriptEngine.runScriptAsRawText(ScriptEngine.java:119)
	at com.kms.katalon.core.main.TestCaseExecutor.runScript(TestCaseExecutor.java:448)
	at com.kms.katalon.core.main.TestCaseExecutor.doExecute(TestCaseExecutor.java:439)
	at com.kms.katalon.core.main.TestCaseExecutor.processExecutionPhase(TestCaseExecutor.java:418)
	at com.kms.katalon.core.main.TestCaseExecutor.accessMainPhase(TestCaseExecutor.java:410)
	at com.kms.katalon.core.main.TestCaseExecutor.execute(TestCaseExecutor.java:285)
	at com.kms.katalon.core.common.CommonExecutor.accessTestCaseMainPhase(CommonExecutor.java:65)
	at com.kms.katalon.core.main.TestSuiteExecutor.accessTestSuiteMainPhase(TestSuiteExecutor.java:150)
	at com.kms.katalon.core.main.TestSuiteExecutor.execute(TestSuiteExecutor.java:106)
	at com.kms.katalon.core.main.TestCaseMain.startTestSuite(TestCaseMain.java:180)
	at TempTestSuite1731886967590.run(TempTestSuite1731886967590.groovy:35)
	at java.base/jdk.internal.reflect.NativeMethodAccessorImpl.invoke0(Native Method)
	at java.base/jdk.internal.reflect.NativeMethodAccessorImpl.invoke(NativeMethodAccessorImpl.java:77)
	at java.base/jdk.internal.reflect.DelegatingMethodAccessorImpl.invoke(DelegatingMethodAccessorImpl.java:43)
)

18-11-2024T03:50:27 - [TEST_STEP][PASSED] - a = replaceAll("\s+", "").toDouble(): null

18-11-2024T03:50:27 - [TEST_STEP][PASSED] - b = replaceAll("\s+", "").toDouble(): null

18-11-2024T03:50:27 - [TEST_STEP][PASSED] - Script1710234207206.WriteToExcel(todaysDate, run, vir, block, typeOfData, viruchka, vidget, nameOfBlock, a, b, dZO): null

18-11-2024T03:50:27 - [TEST_STEP][PASSED] - println(run): null

18-11-2024T03:50:27 - [TEST_STEP][PASSED] - if (run == 1): null

18-11-2024T03:50:27 - [TEST_STEP][PASSED] - else if (run == 2): null

18-11-2024T03:50:27 - [TEST_STEP][PASSED] - typeOfData = "Проценты": null

18-11-2024T03:50:27 - [TEST_STEP][PASSED] - println("todaysDate:" + todaysDate): null

18-11-2024T03:50:27 - [TEST_STEP][PASSED] - println("typeOfData:" + typeOfData): null

18-11-2024T03:50:27 - [TEST_STEP][PASSED] - viruchka = getText(findTestObject("Выручка в рублях/Фильтр Выручка" + nameOfBlock)): Text of object 'Object Repository/Выручка в рублях/Фильтр Выручка Выручка' is: 'Все'

18-11-2024T03:50:27 - [MESSAGE][PASSED] - Text of object 'Object Repository/Выручка в рублях/Фильтр Выручка Выручка' is: 'Все'

18-11-2024T03:50:27 - [TEST_STEP][PASSED] - println("viruchka" + viruchka): null

18-11-2024T03:50:27 - [TEST_STEP][PASSED] - println("vidget" + vidget): null

18-11-2024T03:50:27 - [TEST_STEP][PASSED] - println("a" + a): null

18-11-2024T03:50:27 - [TEST_STEP][PASSED] - println("b" + b): null

18-11-2024T03:50:27 - [TEST_STEP][PASSED] - sheetName = "Sheet1": null

18-11-2024T03:50:27 - [TEST_STEP][PASSED] - data = findTestData("PlanFact"): null

18-11-2024T03:50:27 - [TEST_STEP][PASSED] - n = data.getRowNumbers() + 1: null

18-11-2024T03:50:27 - [TEST_STEP][PASSED] - period = getText(findTestObject("Выручка в рублях/Фильтр Период")): Text of object 'Object Repository/Выручка в рублях/Фильтр Период' is: '1, 2, 3 кв. 2024 года'

18-11-2024T03:50:28 - [MESSAGE][PASSED] - Text of object 'Object Repository/Выручка в рублях/Фильтр Период' is: '1, 2, 3 кв. 2024 года'

18-11-2024T03:50:28 - [TEST_STEP][PASSED] - println(period): null

18-11-2024T03:50:28 - [TEST_STEP][PASSED] - dashboardName = "Выручка в рублях": null

18-11-2024T03:50:28 - [TEST_STEP][PASSED] - workbook01 = getWorkbook(excelFilePath): null

18-11-2024T03:50:28 - [TEST_STEP][PASSED] - sheet01 = getExcelSheet(workbook01, sheetName): null

18-11-2024T03:50:28 - [TEST_STEP][PASSED] - setValueToCellByIndex(sheet01, n, 0, dashboardName): null

18-11-2024T03:50:28 - [TEST_STEP][PASSED] - setValueToCellByIndex(sheet01, n, 1, dZO): null

18-11-2024T03:50:28 - [TEST_STEP][PASSED] - setValueToCellByIndex(sheet01, n, 2, vidget): null

18-11-2024T03:50:28 - [TEST_STEP][PASSED] - setValueToCellByIndex(sheet01, n, 3, viruchka): null

18-11-2024T03:50:28 - [TEST_STEP][PASSED] - setValueToCellByIndex(sheet01, n, 4, typeOfData): null

18-11-2024T03:50:28 - [TEST_STEP][PASSED] - if (a == null): null

18-11-2024T03:50:28 - [TEST_STEP][PASSED] - else: null

18-11-2024T03:50:28 - [TEST_STEP][PASSED] - setValueToCellByIndex(sheet01, n, 5, a): null

18-11-2024T03:50:28 - [TEST_STEP][PASSED] - if (b == null): null

18-11-2024T03:50:28 - [TEST_STEP][PASSED] - else: null

18-11-2024T03:50:28 - [TEST_STEP][PASSED] - setValueToCellByIndex(sheet01, n, 6, b): null

18-11-2024T03:50:28 - [TEST_STEP][PASSED] - setValueToCellByIndex(sheet01, n, 7, period): null

18-11-2024T03:50:28 - [TEST_STEP][PASSED] - setValueToCellByIndex(sheet01, n, 8, todaysDate): null

18-11-2024T03:50:28 - [TEST_STEP][PASSED] - n = n + 1: null

18-11-2024T03:50:28 - [TEST_STEP][PASSED] - saveWorkbook(excelFilePath, workbook01): null

18-11-2024T03:50:28 - [TEST_STEP][PASSED] - dZO = "Россети Ленэнерго (ГК)": null

18-11-2024T03:50:28 - [TEST_STEP][FAILED] - if (verifyEqual(a35, b35) == false): null

18-11-2024T03:50:28 - [MESSAGE][FAILED] - Unable to verify equal between actual object '-47.39' and expected object '5.21' (Root cause: com.kms.katalon.core.exception.StepFailedException: Actual object '-47.39' and expected object '5.21' are not equal
	at com.kms.katalon.core.keyword.builtin.VerifyEqualKeyword$_verifyEqual_closure1.doCall(VerifyEqualKeyword.groovy:58)
	at com.kms.katalon.core.keyword.builtin.VerifyEqualKeyword$_verifyEqual_closure1.call(VerifyEqualKeyword.groovy)
	at com.kms.katalon.core.keyword.internal.KeywordMain.runKeyword(KeywordMain.groovy:75)
	at com.kms.katalon.core.keyword.builtin.VerifyEqualKeyword.verifyEqual(VerifyEqualKeyword.groovy:63)
	at com.kms.katalon.core.keyword.builtin.VerifyEqualKeyword.execute(VerifyEqualKeyword.groovy:44)
	at com.kms.katalon.core.keyword.internal.KeywordExecutor.executeKeywordForPlatform(KeywordExecutor.groovy:74)
	at com.kms.katalon.core.keyword.BuiltinKeywords.verifyEqual(BuiltinKeywords.groovy:146)
	at jdk.internal.reflect.GeneratedMethodAccessor25.invoke(Unknown Source)
	at java.base/jdk.internal.reflect.DelegatingMethodAccessorImpl.invoke(DelegatingMethodAccessorImpl.java:43)
	at Выручка в рублях сверка дашбордов ПАО Россети.Blocks(Выручка в рублях сверка дашбордов ПАО Россети:407)
	at Выручка в рублях сверка дашбордов ПАО Россети.ViruchkaChange(Выручка в рублях сверка дашбордов ПАО Россети:60)
	at Выручка в рублях сверка дашбордов ПАО Россети.run(Выручка в рублях сверка дашбордов ПАО Россети:55)
	at com.kms.katalon.core.main.ScriptEngine.run(ScriptEngine.java:194)
	at com.kms.katalon.core.main.ScriptEngine.runScriptAsRawText(ScriptEngine.java:119)
	at com.kms.katalon.core.main.TestCaseExecutor.runScript(TestCaseExecutor.java:448)
	at com.kms.katalon.core.main.TestCaseExecutor.doExecute(TestCaseExecutor.java:439)
	at com.kms.katalon.core.main.TestCaseExecutor.processExecutionPhase(TestCaseExecutor.java:418)
	at com.kms.katalon.core.main.TestCaseExecutor.accessMainPhase(TestCaseExecutor.java:410)
	at com.kms.katalon.core.main.TestCaseExecutor.execute(TestCaseExecutor.java:285)
	at com.kms.katalon.core.common.CommonExecutor.accessTestCaseMainPhase(CommonExecutor.java:65)
	at com.kms.katalon.core.main.TestSuiteExecutor.accessTestSuiteMainPhase(TestSuiteExecutor.java:150)
	at com.kms.katalon.core.main.TestSuiteExecutor.execute(TestSuiteExecutor.java:106)
	at com.kms.katalon.core.main.TestCaseMain.startTestSuite(TestCaseMain.java:180)
	at TempTestSuite1731886967590.run(TempTestSuite1731886967590.groovy:35)
	at java.base/jdk.internal.reflect.NativeMethodAccessorImpl.invoke0(Native Method)
	at java.base/jdk.internal.reflect.NativeMethodAccessorImpl.invoke(NativeMethodAccessorImpl.java:77)
	at java.base/jdk.internal.reflect.DelegatingMethodAccessorImpl.invoke(DelegatingMethodAccessorImpl.java:43)
)

18-11-2024T03:50:28 - [TEST_STEP][PASSED] - a = replaceAll("\s+", "").toDouble(): null

18-11-2024T03:50:28 - [TEST_STEP][PASSED] - b = replaceAll("\s+", "").toDouble(): null

18-11-2024T03:50:28 - [TEST_STEP][PASSED] - Script1710234207206.WriteToExcel(todaysDate, run, vir, block, typeOfData, viruchka, vidget, nameOfBlock, a, b, dZO): null

18-11-2024T03:50:28 - [TEST_STEP][PASSED] - println(run): null

18-11-2024T03:50:28 - [TEST_STEP][PASSED] - if (run == 1): null

18-11-2024T03:50:28 - [TEST_STEP][PASSED] - else if (run == 2): null

18-11-2024T03:50:28 - [TEST_STEP][PASSED] - typeOfData = "Проценты": null

18-11-2024T03:50:28 - [TEST_STEP][PASSED] - println("todaysDate:" + todaysDate): null

18-11-2024T03:50:28 - [TEST_STEP][PASSED] - println("typeOfData:" + typeOfData): null

18-11-2024T03:50:28 - [TEST_STEP][PASSED] - viruchka = getText(findTestObject("Выручка в рублях/Фильтр Выручка" + nameOfBlock)): Text of object 'Object Repository/Выручка в рублях/Фильтр Выручка Выручка' is: 'Все'

18-11-2024T03:50:28 - [MESSAGE][PASSED] - Text of object 'Object Repository/Выручка в рублях/Фильтр Выручка Выручка' is: 'Все'

18-11-2024T03:50:28 - [TEST_STEP][PASSED] - println("viruchka" + viruchka): null

18-11-2024T03:50:28 - [TEST_STEP][PASSED] - println("vidget" + vidget): null

18-11-2024T03:50:28 - [TEST_STEP][PASSED] - println("a" + a): null

18-11-2024T03:50:28 - [TEST_STEP][PASSED] - println("b" + b): null

18-11-2024T03:50:28 - [TEST_STEP][PASSED] - sheetName = "Sheet1": null

18-11-2024T03:50:28 - [TEST_STEP][PASSED] - data = findTestData("PlanFact"): null

18-11-2024T03:50:28 - [TEST_STEP][PASSED] - n = data.getRowNumbers() + 1: null

18-11-2024T03:50:28 - [TEST_STEP][PASSED] - period = getText(findTestObject("Выручка в рублях/Фильтр Период")): Text of object 'Object Repository/Выручка в рублях/Фильтр Период' is: '1, 2, 3 кв. 2024 года'

18-11-2024T03:50:29 - [MESSAGE][PASSED] - Text of object 'Object Repository/Выручка в рублях/Фильтр Период' is: '1, 2, 3 кв. 2024 года'

18-11-2024T03:50:29 - [TEST_STEP][PASSED] - println(period): null

18-11-2024T03:50:29 - [TEST_STEP][PASSED] - dashboardName = "Выручка в рублях": null

18-11-2024T03:50:29 - [TEST_STEP][PASSED] - workbook01 = getWorkbook(excelFilePath): null

18-11-2024T03:50:29 - [TEST_STEP][PASSED] - sheet01 = getExcelSheet(workbook01, sheetName): null

18-11-2024T03:50:29 - [TEST_STEP][PASSED] - setValueToCellByIndex(sheet01, n, 0, dashboardName): null

18-11-2024T03:50:29 - [TEST_STEP][PASSED] - setValueToCellByIndex(sheet01, n, 1, dZO): null

18-11-2024T03:50:29 - [TEST_STEP][PASSED] - setValueToCellByIndex(sheet01, n, 2, vidget): null

18-11-2024T03:50:29 - [TEST_STEP][PASSED] - setValueToCellByIndex(sheet01, n, 3, viruchka): null

18-11-2024T03:50:29 - [TEST_STEP][PASSED] - setValueToCellByIndex(sheet01, n, 4, typeOfData): null

18-11-2024T03:50:29 - [TEST_STEP][PASSED] - if (a == null): null

18-11-2024T03:50:29 - [TEST_STEP][PASSED] - else: null

18-11-2024T03:50:29 - [TEST_STEP][PASSED] - setValueToCellByIndex(sheet01, n, 5, a): null

18-11-2024T03:50:29 - [TEST_STEP][PASSED] - if (b == null): null

18-11-2024T03:50:29 - [TEST_STEP][PASSED] - else: null

18-11-2024T03:50:29 - [TEST_STEP][PASSED] - setValueToCellByIndex(sheet01, n, 6, b): null

18-11-2024T03:50:29 - [TEST_STEP][PASSED] - setValueToCellByIndex(sheet01, n, 7, period): null

18-11-2024T03:50:29 - [TEST_STEP][PASSED] - setValueToCellByIndex(sheet01, n, 8, todaysDate): null

18-11-2024T03:50:29 - [TEST_STEP][PASSED] - n = n + 1: null

18-11-2024T03:50:29 - [TEST_STEP][PASSED] - saveWorkbook(excelFilePath, workbook01): null

18-11-2024T03:50:29 - [TEST_STEP][PASSED] - dZO = "Россети Московский регион": null

18-11-2024T03:50:29 - [TEST_STEP][PASSED] - if (verifyEqual(a36, b36) == false): Actual object '4.51' and expected object '4.51' are equal

18-11-2024T03:50:29 - [MESSAGE][PASSED] - Actual object '4.51' and expected object '4.51' are equal

18-11-2024T03:50:29 - [TEST_STEP][PASSED] - dZO = "Россети Северный Кавказ (ГК)": null

18-11-2024T03:50:29 - [TEST_STEP][FAILED] - if (verifyEqual(a37, b37) == false): null

18-11-2024T03:50:29 - [MESSAGE][FAILED] - Unable to verify equal between actual object '-49.02' and expected object '3.53' (Root cause: com.kms.katalon.core.exception.StepFailedException: Actual object '-49.02' and expected object '3.53' are not equal
	at com.kms.katalon.core.keyword.builtin.VerifyEqualKeyword$_verifyEqual_closure1.doCall(VerifyEqualKeyword.groovy:58)
	at com.kms.katalon.core.keyword.builtin.VerifyEqualKeyword$_verifyEqual_closure1.call(VerifyEqualKeyword.groovy)
	at com.kms.katalon.core.keyword.internal.KeywordMain.runKeyword(KeywordMain.groovy:75)
	at com.kms.katalon.core.keyword.builtin.VerifyEqualKeyword.verifyEqual(VerifyEqualKeyword.groovy:63)
	at com.kms.katalon.core.keyword.builtin.VerifyEqualKeyword.execute(VerifyEqualKeyword.groovy:44)
	at com.kms.katalon.core.keyword.internal.KeywordExecutor.executeKeywordForPlatform(KeywordExecutor.groovy:74)
	at com.kms.katalon.core.keyword.BuiltinKeywords.verifyEqual(BuiltinKeywords.groovy:146)
	at jdk.internal.reflect.GeneratedMethodAccessor25.invoke(Unknown Source)
	at java.base/jdk.internal.reflect.DelegatingMethodAccessorImpl.invoke(DelegatingMethodAccessorImpl.java:43)
	at Выручка в рублях сверка дашбордов ПАО Россети.Blocks(Выручка в рублях сверка дашбордов ПАО Россети:427)
	at Выручка в рублях сверка дашбордов ПАО Россети.ViruchkaChange(Выручка в рублях сверка дашбордов ПАО Россети:60)
	at Выручка в рублях сверка дашбордов ПАО Россети.run(Выручка в рублях сверка дашбордов ПАО Россети:55)
	at com.kms.katalon.core.main.ScriptEngine.run(ScriptEngine.java:194)
	at com.kms.katalon.core.main.ScriptEngine.runScriptAsRawText(ScriptEngine.java:119)
	at com.kms.katalon.core.main.TestCaseExecutor.runScript(TestCaseExecutor.java:448)
	at com.kms.katalon.core.main.TestCaseExecutor.doExecute(TestCaseExecutor.java:439)
	at com.kms.katalon.core.main.TestCaseExecutor.processExecutionPhase(TestCaseExecutor.java:418)
	at com.kms.katalon.core.main.TestCaseExecutor.accessMainPhase(TestCaseExecutor.java:410)
	at com.kms.katalon.core.main.TestCaseExecutor.execute(TestCaseExecutor.java:285)
	at com.kms.katalon.core.common.CommonExecutor.accessTestCaseMainPhase(CommonExecutor.java:65)
	at com.kms.katalon.core.main.TestSuiteExecutor.accessTestSuiteMainPhase(TestSuiteExecutor.java:150)
	at com.kms.katalon.core.main.TestSuiteExecutor.execute(TestSuiteExecutor.java:106)
	at com.kms.katalon.core.main.TestCaseMain.startTestSuite(TestCaseMain.java:180)
	at TempTestSuite1731886967590.run(TempTestSuite1731886967590.groovy:35)
	at java.base/jdk.internal.reflect.NativeMethodAccessorImpl.invoke0(Native Method)
	at java.base/jdk.internal.reflect.NativeMethodAccessorImpl.invoke(NativeMethodAccessorImpl.java:77)
	at java.base/jdk.internal.reflect.DelegatingMethodAccessorImpl.invoke(DelegatingMethodAccessorImpl.java:43)
)

18-11-2024T03:50:29 - [TEST_STEP][PASSED] - a = replaceAll("\s+", "").toDouble(): null

18-11-2024T03:50:29 - [TEST_STEP][PASSED] - b = replaceAll("\s+", "").toDouble(): null

18-11-2024T03:50:29 - [TEST_STEP][PASSED] - Script1710234207206.WriteToExcel(todaysDate, run, vir, block, typeOfData, viruchka, vidget, nameOfBlock, a, b, dZO): null

18-11-2024T03:50:29 - [TEST_STEP][PASSED] - println(run): null

18-11-2024T03:50:29 - [TEST_STEP][PASSED] - if (run == 1): null

18-11-2024T03:50:29 - [TEST_STEP][PASSED] - else if (run == 2): null

18-11-2024T03:50:29 - [TEST_STEP][PASSED] - typeOfData = "Проценты": null

18-11-2024T03:50:29 - [TEST_STEP][PASSED] - println("todaysDate:" + todaysDate): null

18-11-2024T03:50:29 - [TEST_STEP][PASSED] - println("typeOfData:" + typeOfData): null

18-11-2024T03:50:29 - [TEST_STEP][PASSED] - viruchka = getText(findTestObject("Выручка в рублях/Фильтр Выручка" + nameOfBlock)): Text of object 'Object Repository/Выручка в рублях/Фильтр Выручка Выручка' is: 'Все'

18-11-2024T03:50:29 - [MESSAGE][PASSED] - Text of object 'Object Repository/Выручка в рублях/Фильтр Выручка Выручка' is: 'Все'

18-11-2024T03:50:29 - [TEST_STEP][PASSED] - println("viruchka" + viruchka): null

18-11-2024T03:50:29 - [TEST_STEP][PASSED] - println("vidget" + vidget): null

18-11-2024T03:50:29 - [TEST_STEP][PASSED] - println("a" + a): null

18-11-2024T03:50:29 - [TEST_STEP][PASSED] - println("b" + b): null

18-11-2024T03:50:29 - [TEST_STEP][PASSED] - sheetName = "Sheet1": null

18-11-2024T03:50:29 - [TEST_STEP][PASSED] - data = findTestData("PlanFact"): null

18-11-2024T03:50:29 - [TEST_STEP][PASSED] - n = data.getRowNumbers() + 1: null

18-11-2024T03:50:29 - [TEST_STEP][PASSED] - period = getText(findTestObject("Выручка в рублях/Фильтр Период")): Text of object 'Object Repository/Выручка в рублях/Фильтр Период' is: '1, 2, 3 кв. 2024 года'

18-11-2024T03:50:30 - [MESSAGE][PASSED] - Text of object 'Object Repository/Выручка в рублях/Фильтр Период' is: '1, 2, 3 кв. 2024 года'

18-11-2024T03:50:30 - [TEST_STEP][PASSED] - println(period): null

18-11-2024T03:50:30 - [TEST_STEP][PASSED] - dashboardName = "Выручка в рублях": null

18-11-2024T03:50:30 - [TEST_STEP][PASSED] - workbook01 = getWorkbook(excelFilePath): null

18-11-2024T03:50:30 - [TEST_STEP][PASSED] - sheet01 = getExcelSheet(workbook01, sheetName): null

18-11-2024T03:50:30 - [TEST_STEP][PASSED] - setValueToCellByIndex(sheet01, n, 0, dashboardName): null

18-11-2024T03:50:30 - [TEST_STEP][PASSED] - setValueToCellByIndex(sheet01, n, 1, dZO): null

18-11-2024T03:50:30 - [TEST_STEP][PASSED] - setValueToCellByIndex(sheet01, n, 2, vidget): null

18-11-2024T03:50:30 - [TEST_STEP][PASSED] - setValueToCellByIndex(sheet01, n, 3, viruchka): null

18-11-2024T03:50:30 - [TEST_STEP][PASSED] - setValueToCellByIndex(sheet01, n, 4, typeOfData): null

18-11-2024T03:50:30 - [TEST_STEP][PASSED] - if (a == null): null

18-11-2024T03:50:30 - [TEST_STEP][PASSED] - else: null

18-11-2024T03:50:30 - [TEST_STEP][PASSED] - setValueToCellByIndex(sheet01, n, 5, a): null

18-11-2024T03:50:30 - [TEST_STEP][PASSED] - if (b == null): null

18-11-2024T03:50:30 - [TEST_STEP][PASSED] - else: null

18-11-2024T03:50:30 - [TEST_STEP][PASSED] - setValueToCellByIndex(sheet01, n, 6, b): null

18-11-2024T03:50:30 - [TEST_STEP][PASSED] - setValueToCellByIndex(sheet01, n, 7, period): null

18-11-2024T03:50:30 - [TEST_STEP][PASSED] - setValueToCellByIndex(sheet01, n, 8, todaysDate): null

18-11-2024T03:50:30 - [TEST_STEP][PASSED] - n = n + 1: null

18-11-2024T03:50:30 - [TEST_STEP][PASSED] - saveWorkbook(excelFilePath, workbook01): null

18-11-2024T03:50:30 - [TEST_STEP][PASSED] - dZO = "Россети Северо-Запад": null

18-11-2024T03:50:30 - [TEST_STEP][PASSED] - if (verifyEqual(a38, b38) == false): Actual object '2.16' and expected object '2.16' are equal

18-11-2024T03:50:30 - [MESSAGE][PASSED] - Actual object '2.16' and expected object '2.16' are equal

18-11-2024T03:50:30 - [TEST_STEP][PASSED] - dZO = "Россети Сибирь (ГК)": null

18-11-2024T03:50:30 - [TEST_STEP][PASSED] - if (verifyEqual(a39, b39) == false): Actual object '4.15' and expected object '4.15' are equal

18-11-2024T03:50:30 - [MESSAGE][PASSED] - Actual object '4.15' and expected object '4.15' are equal

18-11-2024T03:50:30 - [TEST_STEP][PASSED] - dZO = "Россети Томск": null

18-11-2024T03:50:30 - [TEST_STEP][FAILED] - if (verifyEqual(a310, b310) == false): null

18-11-2024T03:50:30 - [MESSAGE][FAILED] - Unable to verify equal between actual object '-48.47' and expected object '3.07' (Root cause: com.kms.katalon.core.exception.StepFailedException: Actual object '-48.47' and expected object '3.07' are not equal
	at com.kms.katalon.core.keyword.builtin.VerifyEqualKeyword$_verifyEqual_closure1.doCall(VerifyEqualKeyword.groovy:58)
	at com.kms.katalon.core.keyword.builtin.VerifyEqualKeyword$_verifyEqual_closure1.call(VerifyEqualKeyword.groovy)
	at com.kms.katalon.core.keyword.internal.KeywordMain.runKeyword(KeywordMain.groovy:75)
	at com.kms.katalon.core.keyword.builtin.VerifyEqualKeyword.verifyEqual(VerifyEqualKeyword.groovy:63)
	at com.kms.katalon.core.keyword.builtin.VerifyEqualKeyword.execute(VerifyEqualKeyword.groovy:44)
	at com.kms.katalon.core.keyword.internal.KeywordExecutor.executeKeywordForPlatform(KeywordExecutor.groovy:74)
	at com.kms.katalon.core.keyword.BuiltinKeywords.verifyEqual(BuiltinKeywords.groovy:146)
	at jdk.internal.reflect.GeneratedMethodAccessor25.invoke(Unknown Source)
	at java.base/jdk.internal.reflect.DelegatingMethodAccessorImpl.invoke(DelegatingMethodAccessorImpl.java:43)
	at Выручка в рублях сверка дашбордов ПАО Россети.Blocks(Выручка в рублях сверка дашбордов ПАО Россети:457)
	at Выручка в рублях сверка дашбордов ПАО Россети.ViruchkaChange(Выручка в рублях сверка дашбордов ПАО Россети:60)
	at Выручка в рублях сверка дашбордов ПАО Россети.run(Выручка в рублях сверка дашбордов ПАО Россети:55)
	at com.kms.katalon.core.main.ScriptEngine.run(ScriptEngine.java:194)
	at com.kms.katalon.core.main.ScriptEngine.runScriptAsRawText(ScriptEngine.java:119)
	at com.kms.katalon.core.main.TestCaseExecutor.runScript(TestCaseExecutor.java:448)
	at com.kms.katalon.core.main.TestCaseExecutor.doExecute(TestCaseExecutor.java:439)
	at com.kms.katalon.core.main.TestCaseExecutor.processExecutionPhase(TestCaseExecutor.java:418)
	at com.kms.katalon.core.main.TestCaseExecutor.accessMainPhase(TestCaseExecutor.java:410)
	at com.kms.katalon.core.main.TestCaseExecutor.execute(TestCaseExecutor.java:285)
	at com.kms.katalon.core.common.CommonExecutor.accessTestCaseMainPhase(CommonExecutor.java:65)
	at com.kms.katalon.core.main.TestSuiteExecutor.accessTestSuiteMainPhase(TestSuiteExecutor.java:150)
	at com.kms.katalon.core.main.TestSuiteExecutor.execute(TestSuiteExecutor.java:106)
	at com.kms.katalon.core.main.TestCaseMain.startTestSuite(TestCaseMain.java:180)
	at TempTestSuite1731886967590.run(TempTestSuite1731886967590.groovy:35)
	at java.base/jdk.internal.reflect.NativeMethodAccessorImpl.invoke0(Native Method)
	at java.base/jdk.internal.reflect.NativeMethodAccessorImpl.invoke(NativeMethodAccessorImpl.java:77)
	at java.base/jdk.internal.reflect.DelegatingMethodAccessorImpl.invoke(DelegatingMethodAccessorImpl.java:43)
)

18-11-2024T03:50:30 - [TEST_STEP][PASSED] - a = replaceAll("\s+", "").toDouble(): null

18-11-2024T03:50:30 - [TEST_STEP][PASSED] - b = replaceAll("\s+", "").toDouble(): null

18-11-2024T03:50:30 - [TEST_STEP][PASSED] - Script1710234207206.WriteToExcel(todaysDate, run, vir, block, typeOfData, viruchka, vidget, nameOfBlock, a, b, dZO): null

18-11-2024T03:50:30 - [TEST_STEP][PASSED] - println(run): null

18-11-2024T03:50:30 - [TEST_STEP][PASSED] - if (run == 1): null

18-11-2024T03:50:30 - [TEST_STEP][PASSED] - else if (run == 2): null

18-11-2024T03:50:30 - [TEST_STEP][PASSED] - typeOfData = "Проценты": null

18-11-2024T03:50:30 - [TEST_STEP][PASSED] - println("todaysDate:" + todaysDate): null

18-11-2024T03:50:30 - [TEST_STEP][PASSED] - println("typeOfData:" + typeOfData): null

18-11-2024T03:50:30 - [TEST_STEP][PASSED] - viruchka = getText(findTestObject("Выручка в рублях/Фильтр Выручка" + nameOfBlock)): Text of object 'Object Repository/Выручка в рублях/Фильтр Выручка Выручка' is: 'Все'

18-11-2024T03:50:30 - [MESSAGE][PASSED] - Text of object 'Object Repository/Выручка в рублях/Фильтр Выручка Выручка' is: 'Все'

18-11-2024T03:50:30 - [TEST_STEP][PASSED] - println("viruchka" + viruchka): null

18-11-2024T03:50:30 - [TEST_STEP][PASSED] - println("vidget" + vidget): null

18-11-2024T03:50:30 - [TEST_STEP][PASSED] - println("a" + a): null

18-11-2024T03:50:30 - [TEST_STEP][PASSED] - println("b" + b): null

18-11-2024T03:50:30 - [TEST_STEP][PASSED] - sheetName = "Sheet1": null

18-11-2024T03:50:30 - [TEST_STEP][PASSED] - data = findTestData("PlanFact"): null

18-11-2024T03:50:30 - [TEST_STEP][PASSED] - n = data.getRowNumbers() + 1: null

18-11-2024T03:50:30 - [TEST_STEP][PASSED] - period = getText(findTestObject("Выручка в рублях/Фильтр Период")): Text of object 'Object Repository/Выручка в рублях/Фильтр Период' is: '1, 2, 3 кв. 2024 года'

18-11-2024T03:50:31 - [MESSAGE][PASSED] - Text of object 'Object Repository/Выручка в рублях/Фильтр Период' is: '1, 2, 3 кв. 2024 года'

18-11-2024T03:50:31 - [TEST_STEP][PASSED] - println(period): null

18-11-2024T03:50:31 - [TEST_STEP][PASSED] - dashboardName = "Выручка в рублях": null

18-11-2024T03:50:31 - [TEST_STEP][PASSED] - workbook01 = getWorkbook(excelFilePath): null

18-11-2024T03:50:31 - [TEST_STEP][PASSED] - sheet01 = getExcelSheet(workbook01, sheetName): null

18-11-2024T03:50:31 - [TEST_STEP][PASSED] - setValueToCellByIndex(sheet01, n, 0, dashboardName): null

18-11-2024T03:50:31 - [TEST_STEP][PASSED] - setValueToCellByIndex(sheet01, n, 1, dZO): null

18-11-2024T03:50:31 - [TEST_STEP][PASSED] - setValueToCellByIndex(sheet01, n, 2, vidget): null

18-11-2024T03:50:31 - [TEST_STEP][PASSED] - setValueToCellByIndex(sheet01, n, 3, viruchka): null

18-11-2024T03:50:31 - [TEST_STEP][PASSED] - setValueToCellByIndex(sheet01, n, 4, typeOfData): null

18-11-2024T03:50:31 - [TEST_STEP][PASSED] - if (a == null): null

18-11-2024T03:50:31 - [TEST_STEP][PASSED] - else: null

18-11-2024T03:50:31 - [TEST_STEP][PASSED] - setValueToCellByIndex(sheet01, n, 5, a): null

18-11-2024T03:50:31 - [TEST_STEP][PASSED] - if (b == null): null

18-11-2024T03:50:31 - [TEST_STEP][PASSED] - else: null

18-11-2024T03:50:31 - [TEST_STEP][PASSED] - setValueToCellByIndex(sheet01, n, 6, b): null

18-11-2024T03:50:31 - [TEST_STEP][PASSED] - setValueToCellByIndex(sheet01, n, 7, period): null

18-11-2024T03:50:31 - [TEST_STEP][PASSED] - setValueToCellByIndex(sheet01, n, 8, todaysDate): null

18-11-2024T03:50:31 - [TEST_STEP][PASSED] - n = n + 1: null

18-11-2024T03:50:31 - [TEST_STEP][PASSED] - saveWorkbook(excelFilePath, workbook01): null

18-11-2024T03:50:31 - [TEST_STEP][PASSED] - dZO = "Россети Тюмень": null

18-11-2024T03:50:31 - [TEST_STEP][FAILED] - if (verifyEqual(a311, b311) == false): null

18-11-2024T03:50:31 - [MESSAGE][FAILED] - Unable to verify equal between actual object '-53.49' and expected object '-6.98' (Root cause: com.kms.katalon.core.exception.StepFailedException: Actual object '-53.49' and expected object '-6.98' are not equal
	at com.kms.katalon.core.keyword.builtin.VerifyEqualKeyword$_verifyEqual_closure1.doCall(VerifyEqualKeyword.groovy:58)
	at com.kms.katalon.core.keyword.builtin.VerifyEqualKeyword$_verifyEqual_closure1.call(VerifyEqualKeyword.groovy)
	at com.kms.katalon.core.keyword.internal.KeywordMain.runKeyword(KeywordMain.groovy:75)
	at com.kms.katalon.core.keyword.builtin.VerifyEqualKeyword.verifyEqual(VerifyEqualKeyword.groovy:63)
	at com.kms.katalon.core.keyword.builtin.VerifyEqualKeyword.execute(VerifyEqualKeyword.groovy:44)
	at com.kms.katalon.core.keyword.internal.KeywordExecutor.executeKeywordForPlatform(KeywordExecutor.groovy:74)
	at com.kms.katalon.core.keyword.BuiltinKeywords.verifyEqual(BuiltinKeywords.groovy:146)
	at jdk.internal.reflect.GeneratedMethodAccessor25.invoke(Unknown Source)
	at java.base/jdk.internal.reflect.DelegatingMethodAccessorImpl.invoke(DelegatingMethodAccessorImpl.java:43)
	at Выручка в рублях сверка дашбордов ПАО Россети.Blocks(Выручка в рублях сверка дашбордов ПАО Россети:467)
	at Выручка в рублях сверка дашбордов ПАО Россети.ViruchkaChange(Выручка в рублях сверка дашбордов ПАО Россети:60)
	at Выручка в рублях сверка дашбордов ПАО Россети.run(Выручка в рублях сверка дашбордов ПАО Россети:55)
	at com.kms.katalon.core.main.ScriptEngine.run(ScriptEngine.java:194)
	at com.kms.katalon.core.main.ScriptEngine.runScriptAsRawText(ScriptEngine.java:119)
	at com.kms.katalon.core.main.TestCaseExecutor.runScript(TestCaseExecutor.java:448)
	at com.kms.katalon.core.main.TestCaseExecutor.doExecute(TestCaseExecutor.java:439)
	at com.kms.katalon.core.main.TestCaseExecutor.processExecutionPhase(TestCaseExecutor.java:418)
	at com.kms.katalon.core.main.TestCaseExecutor.accessMainPhase(TestCaseExecutor.java:410)
	at com.kms.katalon.core.main.TestCaseExecutor.execute(TestCaseExecutor.java:285)
	at com.kms.katalon.core.common.CommonExecutor.accessTestCaseMainPhase(CommonExecutor.java:65)
	at com.kms.katalon.core.main.TestSuiteExecutor.accessTestSuiteMainPhase(TestSuiteExecutor.java:150)
	at com.kms.katalon.core.main.TestSuiteExecutor.execute(TestSuiteExecutor.java:106)
	at com.kms.katalon.core.main.TestCaseMain.startTestSuite(TestCaseMain.java:180)
	at TempTestSuite1731886967590.run(TempTestSuite1731886967590.groovy:35)
	at java.base/jdk.internal.reflect.NativeMethodAccessorImpl.invoke0(Native Method)
	at java.base/jdk.internal.reflect.NativeMethodAccessorImpl.invoke(NativeMethodAccessorImpl.java:77)
	at java.base/jdk.internal.reflect.DelegatingMethodAccessorImpl.invoke(DelegatingMethodAccessorImpl.java:43)
)

18-11-2024T03:50:31 - [TEST_STEP][PASSED] - a = replaceAll("\s+", "").toDouble(): null

18-11-2024T03:50:31 - [TEST_STEP][PASSED] - b = replaceAll("\s+", "").toDouble(): null

18-11-2024T03:50:31 - [TEST_STEP][PASSED] - Script1710234207206.WriteToExcel(todaysDate, run, vir, block, typeOfData, viruchka, vidget, nameOfBlock, a, b, dZO): null

18-11-2024T03:50:31 - [TEST_STEP][PASSED] - println(run): null

18-11-2024T03:50:31 - [TEST_STEP][PASSED] - if (run == 1): null

18-11-2024T03:50:31 - [TEST_STEP][PASSED] - else if (run == 2): null

18-11-2024T03:50:31 - [TEST_STEP][PASSED] - typeOfData = "Проценты": null

18-11-2024T03:50:31 - [TEST_STEP][PASSED] - println("todaysDate:" + todaysDate): null

18-11-2024T03:50:31 - [TEST_STEP][PASSED] - println("typeOfData:" + typeOfData): null

18-11-2024T03:50:31 - [TEST_STEP][PASSED] - viruchka = getText(findTestObject("Выручка в рублях/Фильтр Выручка" + nameOfBlock)): Text of object 'Object Repository/Выручка в рублях/Фильтр Выручка Выручка' is: 'Все'

18-11-2024T03:50:31 - [MESSAGE][PASSED] - Text of object 'Object Repository/Выручка в рублях/Фильтр Выручка Выручка' is: 'Все'

18-11-2024T03:50:31 - [TEST_STEP][PASSED] - println("viruchka" + viruchka): null

18-11-2024T03:50:31 - [TEST_STEP][PASSED] - println("vidget" + vidget): null

18-11-2024T03:50:31 - [TEST_STEP][PASSED] - println("a" + a): null

18-11-2024T03:50:31 - [TEST_STEP][PASSED] - println("b" + b): null

18-11-2024T03:50:31 - [TEST_STEP][PASSED] - sheetName = "Sheet1": null

18-11-2024T03:50:31 - [TEST_STEP][PASSED] - data = findTestData("PlanFact"): null

18-11-2024T03:50:31 - [TEST_STEP][PASSED] - n = data.getRowNumbers() + 1: null

18-11-2024T03:50:31 - [TEST_STEP][PASSED] - period = getText(findTestObject("Выручка в рублях/Фильтр Период")): Text of object 'Object Repository/Выручка в рублях/Фильтр Период' is: '1, 2, 3 кв. 2024 года'

18-11-2024T03:50:31 - [MESSAGE][PASSED] - Text of object 'Object Repository/Выручка в рублях/Фильтр Период' is: '1, 2, 3 кв. 2024 года'

18-11-2024T03:50:31 - [TEST_STEP][PASSED] - println(period): null

18-11-2024T03:50:31 - [TEST_STEP][PASSED] - dashboardName = "Выручка в рублях": null

18-11-2024T03:50:31 - [TEST_STEP][PASSED] - workbook01 = getWorkbook(excelFilePath): null

18-11-2024T03:50:32 - [TEST_STEP][PASSED] - sheet01 = getExcelSheet(workbook01, sheetName): null

18-11-2024T03:50:32 - [TEST_STEP][PASSED] - setValueToCellByIndex(sheet01, n, 0, dashboardName): null

18-11-2024T03:50:32 - [TEST_STEP][PASSED] - setValueToCellByIndex(sheet01, n, 1, dZO): null

18-11-2024T03:50:32 - [TEST_STEP][PASSED] - setValueToCellByIndex(sheet01, n, 2, vidget): null

18-11-2024T03:50:32 - [TEST_STEP][PASSED] - setValueToCellByIndex(sheet01, n, 3, viruchka): null

18-11-2024T03:50:32 - [TEST_STEP][PASSED] - setValueToCellByIndex(sheet01, n, 4, typeOfData): null

18-11-2024T03:50:32 - [TEST_STEP][PASSED] - if (a == null): null

18-11-2024T03:50:32 - [TEST_STEP][PASSED] - else: null

18-11-2024T03:50:32 - [TEST_STEP][PASSED] - setValueToCellByIndex(sheet01, n, 5, a): null

18-11-2024T03:50:32 - [TEST_STEP][PASSED] - if (b == null): null

18-11-2024T03:50:32 - [TEST_STEP][PASSED] - else: null

18-11-2024T03:50:32 - [TEST_STEP][PASSED] - setValueToCellByIndex(sheet01, n, 6, b): null

18-11-2024T03:50:32 - [TEST_STEP][PASSED] - setValueToCellByIndex(sheet01, n, 7, period): null

18-11-2024T03:50:32 - [TEST_STEP][PASSED] - setValueToCellByIndex(sheet01, n, 8, todaysDate): null

18-11-2024T03:50:32 - [TEST_STEP][PASSED] - n = n + 1: null

18-11-2024T03:50:32 - [TEST_STEP][PASSED] - saveWorkbook(excelFilePath, workbook01): null

18-11-2024T03:50:32 - [TEST_STEP][PASSED] - dZO = "Россети Урал (ГК)": null

18-11-2024T03:50:32 - [TEST_STEP][PASSED] - if (verifyEqual(a312, b312) == false): Actual object '2.23' and expected object '2.23' are equal

18-11-2024T03:50:32 - [MESSAGE][PASSED] - Actual object '2.23' and expected object '2.23' are equal

18-11-2024T03:50:32 - [TEST_STEP][PASSED] - dZO = "Россети ФСК ЕЭС": null

18-11-2024T03:50:32 - [TEST_STEP][PASSED] - if (verifyEqual(a313, b313) == false): Actual object '0.87' and expected object '0.87' are equal

18-11-2024T03:50:32 - [MESSAGE][PASSED] - Actual object '0.87' and expected object '0.87' are equal

18-11-2024T03:50:32 - [TEST_STEP][PASSED] - dZO = "Россети Центр": null

18-11-2024T03:50:32 - [TEST_STEP][FAILED] - if (verifyEqual(a314, b314) == false): null

18-11-2024T03:50:32 - [MESSAGE][FAILED] - Unable to verify equal between actual object '-30.67' and expected object '4' (Root cause: com.kms.katalon.core.exception.StepFailedException: Actual object '-30.67' and expected object '4' are not equal
	at com.kms.katalon.core.keyword.builtin.VerifyEqualKeyword$_verifyEqual_closure1.doCall(VerifyEqualKeyword.groovy:58)
	at com.kms.katalon.core.keyword.builtin.VerifyEqualKeyword$_verifyEqual_closure1.call(VerifyEqualKeyword.groovy)
	at com.kms.katalon.core.keyword.internal.KeywordMain.runKeyword(KeywordMain.groovy:75)
	at com.kms.katalon.core.keyword.builtin.VerifyEqualKeyword.verifyEqual(VerifyEqualKeyword.groovy:63)
	at com.kms.katalon.core.keyword.builtin.VerifyEqualKeyword.execute(VerifyEqualKeyword.groovy:44)
	at com.kms.katalon.core.keyword.internal.KeywordExecutor.executeKeywordForPlatform(KeywordExecutor.groovy:74)
	at com.kms.katalon.core.keyword.BuiltinKeywords.verifyEqual(BuiltinKeywords.groovy:146)
	at jdk.internal.reflect.GeneratedMethodAccessor25.invoke(Unknown Source)
	at java.base/jdk.internal.reflect.DelegatingMethodAccessorImpl.invoke(DelegatingMethodAccessorImpl.java:43)
	at Выручка в рублях сверка дашбордов ПАО Россети.Blocks(Выручка в рублях сверка дашбордов ПАО Россети:497)
	at Выручка в рублях сверка дашбордов ПАО Россети.ViruchkaChange(Выручка в рублях сверка дашбордов ПАО Россети:60)
	at Выручка в рублях сверка дашбордов ПАО Россети.run(Выручка в рублях сверка дашбордов ПАО Россети:55)
	at com.kms.katalon.core.main.ScriptEngine.run(ScriptEngine.java:194)
	at com.kms.katalon.core.main.ScriptEngine.runScriptAsRawText(ScriptEngine.java:119)
	at com.kms.katalon.core.main.TestCaseExecutor.runScript(TestCaseExecutor.java:448)
	at com.kms.katalon.core.main.TestCaseExecutor.doExecute(TestCaseExecutor.java:439)
	at com.kms.katalon.core.main.TestCaseExecutor.processExecutionPhase(TestCaseExecutor.java:418)
	at com.kms.katalon.core.main.TestCaseExecutor.accessMainPhase(TestCaseExecutor.java:410)
	at com.kms.katalon.core.main.TestCaseExecutor.execute(TestCaseExecutor.java:285)
	at com.kms.katalon.core.common.CommonExecutor.accessTestCaseMainPhase(CommonExecutor.java:65)
	at com.kms.katalon.core.main.TestSuiteExecutor.accessTestSuiteMainPhase(TestSuiteExecutor.java:150)
	at com.kms.katalon.core.main.TestSuiteExecutor.execute(TestSuiteExecutor.java:106)
	at com.kms.katalon.core.main.TestCaseMain.startTestSuite(TestCaseMain.java:180)
	at TempTestSuite1731886967590.run(TempTestSuite1731886967590.groovy:35)
	at java.base/jdk.internal.reflect.NativeMethodAccessorImpl.invoke0(Native Method)
	at java.base/jdk.internal.reflect.NativeMethodAccessorImpl.invoke(NativeMethodAccessorImpl.java:77)
	at java.base/jdk.internal.reflect.DelegatingMethodAccessorImpl.invoke(DelegatingMethodAccessorImpl.java:43)
)

18-11-2024T03:50:32 - [TEST_STEP][PASSED] - a = replaceAll("\s+", "").toDouble(): null

18-11-2024T03:50:32 - [TEST_STEP][PASSED] - b = replaceAll("\s+", "").toDouble(): null

18-11-2024T03:50:32 - [TEST_STEP][PASSED] - Script1710234207206.WriteToExcel(todaysDate, run, vir, block, typeOfData, viruchka, vidget, nameOfBlock, a, b, dZO): null

18-11-2024T03:50:32 - [TEST_STEP][PASSED] - println(run): null

18-11-2024T03:50:32 - [TEST_STEP][PASSED] - if (run == 1): null

18-11-2024T03:50:32 - [TEST_STEP][PASSED] - else if (run == 2): null

18-11-2024T03:50:32 - [TEST_STEP][PASSED] - typeOfData = "Проценты": null

18-11-2024T03:50:32 - [TEST_STEP][PASSED] - println("todaysDate:" + todaysDate): null

18-11-2024T03:50:32 - [TEST_STEP][PASSED] - println("typeOfData:" + typeOfData): null

18-11-2024T03:50:32 - [TEST_STEP][PASSED] - viruchka = getText(findTestObject("Выручка в рублях/Фильтр Выручка" + nameOfBlock)): Text of object 'Object Repository/Выручка в рублях/Фильтр Выручка Выручка' is: 'Все'

18-11-2024T03:50:32 - [MESSAGE][PASSED] - Text of object 'Object Repository/Выручка в рублях/Фильтр Выручка Выручка' is: 'Все'

18-11-2024T03:50:32 - [TEST_STEP][PASSED] - println("viruchka" + viruchka): null

18-11-2024T03:50:32 - [TEST_STEP][PASSED] - println("vidget" + vidget): null

18-11-2024T03:50:32 - [TEST_STEP][PASSED] - println("a" + a): null

18-11-2024T03:50:32 - [TEST_STEP][PASSED] - println("b" + b): null

18-11-2024T03:50:32 - [TEST_STEP][PASSED] - sheetName = "Sheet1": null

18-11-2024T03:50:32 - [TEST_STEP][PASSED] - data = findTestData("PlanFact"): null

18-11-2024T03:50:32 - [TEST_STEP][PASSED] - n = data.getRowNumbers() + 1: null

18-11-2024T03:50:32 - [TEST_STEP][PASSED] - period = getText(findTestObject("Выручка в рублях/Фильтр Период")): Text of object 'Object Repository/Выручка в рублях/Фильтр Период' is: '1, 2, 3 кв. 2024 года'

18-11-2024T03:50:32 - [MESSAGE][PASSED] - Text of object 'Object Repository/Выручка в рублях/Фильтр Период' is: '1, 2, 3 кв. 2024 года'

18-11-2024T03:50:32 - [TEST_STEP][PASSED] - println(period): null

18-11-2024T03:50:32 - [TEST_STEP][PASSED] - dashboardName = "Выручка в рублях": null

18-11-2024T03:50:32 - [TEST_STEP][PASSED] - workbook01 = getWorkbook(excelFilePath): null

18-11-2024T03:50:32 - [TEST_STEP][PASSED] - sheet01 = getExcelSheet(workbook01, sheetName): null

18-11-2024T03:50:32 - [TEST_STEP][PASSED] - setValueToCellByIndex(sheet01, n, 0, dashboardName): null

18-11-2024T03:50:32 - [TEST_STEP][PASSED] - setValueToCellByIndex(sheet01, n, 1, dZO): null

18-11-2024T03:50:32 - [TEST_STEP][PASSED] - setValueToCellByIndex(sheet01, n, 2, vidget): null

18-11-2024T03:50:32 - [TEST_STEP][PASSED] - setValueToCellByIndex(sheet01, n, 3, viruchka): null

18-11-2024T03:50:32 - [TEST_STEP][PASSED] - setValueToCellByIndex(sheet01, n, 4, typeOfData): null

18-11-2024T03:50:32 - [TEST_STEP][PASSED] - if (a == null): null

18-11-2024T03:50:32 - [TEST_STEP][PASSED] - else: null

18-11-2024T03:50:32 - [TEST_STEP][PASSED] - setValueToCellByIndex(sheet01, n, 5, a): null

18-11-2024T03:50:32 - [TEST_STEP][PASSED] - if (b == null): null

18-11-2024T03:50:32 - [TEST_STEP][PASSED] - else: null

18-11-2024T03:50:32 - [TEST_STEP][PASSED] - setValueToCellByIndex(sheet01, n, 6, b): null

18-11-2024T03:50:32 - [TEST_STEP][PASSED] - setValueToCellByIndex(sheet01, n, 7, period): null

18-11-2024T03:50:32 - [TEST_STEP][PASSED] - setValueToCellByIndex(sheet01, n, 8, todaysDate): null

18-11-2024T03:50:32 - [TEST_STEP][PASSED] - n = n + 1: null

18-11-2024T03:50:32 - [TEST_STEP][PASSED] - saveWorkbook(excelFilePath, workbook01): null

18-11-2024T03:50:33 - [TEST_STEP][PASSED] - dZO = "Россети Центр и Приволжье (ГК)": null

18-11-2024T03:50:33 - [TEST_STEP][PASSED] - if (verifyEqual(a315, b315) == false): Actual object '4.25' and expected object '4.25' are equal

18-11-2024T03:50:33 - [MESSAGE][PASSED] - Actual object '4.25' and expected object '4.25' are equal

18-11-2024T03:50:33 - [TEST_STEP][PASSED] - dZO = "Россети Юг (ГК)": null

18-11-2024T03:50:33 - [TEST_STEP][FAILED] - if (verifyEqual(a316, b316) == false): null

18-11-2024T03:50:33 - [MESSAGE][FAILED] - Unable to verify equal between actual object '-48.3' and expected object '3.41' (Root cause: com.kms.katalon.core.exception.StepFailedException: Actual object '-48.3' and expected object '3.41' are not equal
	at com.kms.katalon.core.keyword.builtin.VerifyEqualKeyword$_verifyEqual_closure1.doCall(VerifyEqualKeyword.groovy:58)
	at com.kms.katalon.core.keyword.builtin.VerifyEqualKeyword$_verifyEqual_closure1.call(VerifyEqualKeyword.groovy)
	at com.kms.katalon.core.keyword.internal.KeywordMain.runKeyword(KeywordMain.groovy:75)
	at com.kms.katalon.core.keyword.builtin.VerifyEqualKeyword.verifyEqual(VerifyEqualKeyword.groovy:63)
	at com.kms.katalon.core.keyword.builtin.VerifyEqualKeyword.execute(VerifyEqualKeyword.groovy:44)
	at com.kms.katalon.core.keyword.internal.KeywordExecutor.executeKeywordForPlatform(KeywordExecutor.groovy:74)
	at com.kms.katalon.core.keyword.BuiltinKeywords.verifyEqual(BuiltinKeywords.groovy:146)
	at jdk.internal.reflect.GeneratedMethodAccessor25.invoke(Unknown Source)
	at java.base/jdk.internal.reflect.DelegatingMethodAccessorImpl.invoke(DelegatingMethodAccessorImpl.java:43)
	at Выручка в рублях сверка дашбордов ПАО Россети.Blocks(Выручка в рублях сверка дашбордов ПАО Россети:517)
	at Выручка в рублях сверка дашбордов ПАО Россети.ViruchkaChange(Выручка в рублях сверка дашбордов ПАО Россети:60)
	at Выручка в рублях сверка дашбордов ПАО Россети.run(Выручка в рублях сверка дашбордов ПАО Россети:55)
	at com.kms.katalon.core.main.ScriptEngine.run(ScriptEngine.java:194)
	at com.kms.katalon.core.main.ScriptEngine.runScriptAsRawText(ScriptEngine.java:119)
	at com.kms.katalon.core.main.TestCaseExecutor.runScript(TestCaseExecutor.java:448)
	at com.kms.katalon.core.main.TestCaseExecutor.doExecute(TestCaseExecutor.java:439)
	at com.kms.katalon.core.main.TestCaseExecutor.processExecutionPhase(TestCaseExecutor.java:418)
	at com.kms.katalon.core.main.TestCaseExecutor.accessMainPhase(TestCaseExecutor.java:410)
	at com.kms.katalon.core.main.TestCaseExecutor.execute(TestCaseExecutor.java:285)
	at com.kms.katalon.core.common.CommonExecutor.accessTestCaseMainPhase(CommonExecutor.java:65)
	at com.kms.katalon.core.main.TestSuiteExecutor.accessTestSuiteMainPhase(TestSuiteExecutor.java:150)
	at com.kms.katalon.core.main.TestSuiteExecutor.execute(TestSuiteExecutor.java:106)
	at com.kms.katalon.core.main.TestCaseMain.startTestSuite(TestCaseMain.java:180)
	at TempTestSuite1731886967590.run(TempTestSuite1731886967590.groovy:35)
	at java.base/jdk.internal.reflect.NativeMethodAccessorImpl.invoke0(Native Method)
	at java.base/jdk.internal.reflect.NativeMethodAccessorImpl.invoke(NativeMethodAccessorImpl.java:77)
	at java.base/jdk.internal.reflect.DelegatingMethodAccessorImpl.invoke(DelegatingMethodAccessorImpl.java:43)
)

18-11-2024T03:50:33 - [TEST_STEP][PASSED] - a = replaceAll("\s+", "").toDouble(): null

18-11-2024T03:50:33 - [TEST_STEP][PASSED] - b = replaceAll("\s+", "").toDouble(): null

18-11-2024T03:50:33 - [TEST_STEP][PASSED] - Script1710234207206.WriteToExcel(todaysDate, run, vir, block, typeOfData, viruchka, vidget, nameOfBlock, a, b, dZO): null

18-11-2024T03:50:33 - [TEST_STEP][PASSED] - println(run): null

18-11-2024T03:50:33 - [TEST_STEP][PASSED] - if (run == 1): null

18-11-2024T03:50:33 - [TEST_STEP][PASSED] - else if (run == 2): null

18-11-2024T03:50:33 - [TEST_STEP][PASSED] - typeOfData = "Проценты": null

18-11-2024T03:50:33 - [TEST_STEP][PASSED] - println("todaysDate:" + todaysDate): null

18-11-2024T03:50:33 - [TEST_STEP][PASSED] - println("typeOfData:" + typeOfData): null

18-11-2024T03:50:33 - [TEST_STEP][PASSED] - viruchka = getText(findTestObject("Выручка в рублях/Фильтр Выручка" + nameOfBlock)): Text of object 'Object Repository/Выручка в рублях/Фильтр Выручка Выручка' is: 'Все'

18-11-2024T03:50:33 - [MESSAGE][PASSED] - Text of object 'Object Repository/Выручка в рублях/Фильтр Выручка Выручка' is: 'Все'

18-11-2024T03:50:33 - [TEST_STEP][PASSED] - println("viruchka" + viruchka): null

18-11-2024T03:50:33 - [TEST_STEP][PASSED] - println("vidget" + vidget): null

18-11-2024T03:50:33 - [TEST_STEP][PASSED] - println("a" + a): null

18-11-2024T03:50:33 - [TEST_STEP][PASSED] - println("b" + b): null

18-11-2024T03:50:33 - [TEST_STEP][PASSED] - sheetName = "Sheet1": null

18-11-2024T03:50:33 - [TEST_STEP][PASSED] - data = findTestData("PlanFact"): null

18-11-2024T03:50:33 - [TEST_STEP][PASSED] - n = data.getRowNumbers() + 1: null

18-11-2024T03:50:33 - [TEST_STEP][PASSED] - period = getText(findTestObject("Выручка в рублях/Фильтр Период")): Text of object 'Object Repository/Выручка в рублях/Фильтр Период' is: '1, 2, 3 кв. 2024 года'

18-11-2024T03:50:33 - [MESSAGE][PASSED] - Text of object 'Object Repository/Выручка в рублях/Фильтр Период' is: '1, 2, 3 кв. 2024 года'

18-11-2024T03:50:33 - [TEST_STEP][PASSED] - println(period): null

18-11-2024T03:50:33 - [TEST_STEP][PASSED] - dashboardName = "Выручка в рублях": null

18-11-2024T03:50:33 - [TEST_STEP][PASSED] - workbook01 = getWorkbook(excelFilePath): null

18-11-2024T03:50:33 - [TEST_STEP][PASSED] - sheet01 = getExcelSheet(workbook01, sheetName): null

18-11-2024T03:50:33 - [TEST_STEP][PASSED] - setValueToCellByIndex(sheet01, n, 0, dashboardName): null

18-11-2024T03:50:33 - [TEST_STEP][PASSED] - setValueToCellByIndex(sheet01, n, 1, dZO): null

18-11-2024T03:50:33 - [TEST_STEP][PASSED] - setValueToCellByIndex(sheet01, n, 2, vidget): null

18-11-2024T03:50:33 - [TEST_STEP][PASSED] - setValueToCellByIndex(sheet01, n, 3, viruchka): null

18-11-2024T03:50:33 - [TEST_STEP][PASSED] - setValueToCellByIndex(sheet01, n, 4, typeOfData): null

18-11-2024T03:50:33 - [TEST_STEP][PASSED] - if (a == null): null

18-11-2024T03:50:33 - [TEST_STEP][PASSED] - else: null

18-11-2024T03:50:33 - [TEST_STEP][PASSED] - setValueToCellByIndex(sheet01, n, 5, a): null

18-11-2024T03:50:33 - [TEST_STEP][PASSED] - if (b == null): null

18-11-2024T03:50:33 - [TEST_STEP][PASSED] - else: null

18-11-2024T03:50:33 - [TEST_STEP][PASSED] - setValueToCellByIndex(sheet01, n, 6, b): null

18-11-2024T03:50:33 - [TEST_STEP][PASSED] - setValueToCellByIndex(sheet01, n, 7, period): null

18-11-2024T03:50:33 - [TEST_STEP][PASSED] - setValueToCellByIndex(sheet01, n, 8, todaysDate): null

18-11-2024T03:50:33 - [TEST_STEP][PASSED] - n = n + 1: null

18-11-2024T03:50:33 - [TEST_STEP][PASSED] - saveWorkbook(excelFilePath, workbook01): null

18-11-2024T03:50:34 - [TEST_STEP][PASSED] - dZO = "Россети Янтарь": null

18-11-2024T03:50:34 - [TEST_STEP][PASSED] - if (verifyEqual(a317, b317) == false): Actual object '3.93' and expected object '3.93' are equal

18-11-2024T03:50:34 - [MESSAGE][PASSED] - Actual object '3.93' and expected object '3.93' are equal

18-11-2024T03:50:34 - [TEST_STEP][PASSED] - closeBrowser(): null

18-11-2024T03:50:34 - [MESSAGE][PASSED] - Browser is closed

18-11-2024T03:50:34 - [TEST_STEP][PASSED] - Script1710234207206.Blocks(run, vir, block, nameOfBlock, typeOfData, viruchka, vidget, todaysDate, a, b, dZO, x, y): null

18-11-2024T03:50:34 - [TEST_STEP][PASSED] - i = <not implemented yet for class: org.codehaus.groovy.ast.expr.EmptyExpression>: null

18-11-2024T03:50:34 - [TEST_STEP][PASSED] - perc = "": null

18-11-2024T03:50:34 - [TEST_STEP][PASSED] - a1 = <not implemented yet for class: org.codehaus.groovy.ast.expr.EmptyExpression>: null

18-11-2024T03:50:34 - [TEST_STEP][PASSED] - a2 = <not implemented yet for class: org.codehaus.groovy.ast.expr.EmptyExpression>: null

18-11-2024T03:50:34 - [TEST_STEP][PASSED] - a30 = <not implemented yet for class: org.codehaus.groovy.ast.expr.EmptyExpression>: null

18-11-2024T03:50:34 - [TEST_STEP][PASSED] - a31 = <not implemented yet for class: org.codehaus.groovy.ast.expr.EmptyExpression>: null

18-11-2024T03:50:34 - [TEST_STEP][PASSED] - a32 = <not implemented yet for class: org.codehaus.groovy.ast.expr.EmptyExpression>: null

18-11-2024T03:50:34 - [TEST_STEP][PASSED] - a33 = <not implemented yet for class: org.codehaus.groovy.ast.expr.EmptyExpression>: null

18-11-2024T03:50:34 - [TEST_STEP][PASSED] - a34 = <not implemented yet for class: org.codehaus.groovy.ast.expr.EmptyExpression>: null

18-11-2024T03:50:34 - [TEST_STEP][PASSED] - a35 = <not implemented yet for class: org.codehaus.groovy.ast.expr.EmptyExpression>: null

18-11-2024T03:50:34 - [TEST_STEP][PASSED] - a36 = <not implemented yet for class: org.codehaus.groovy.ast.expr.EmptyExpression>: null

18-11-2024T03:50:34 - [TEST_STEP][PASSED] - a37 = <not implemented yet for class: org.codehaus.groovy.ast.expr.EmptyExpression>: null

18-11-2024T03:50:34 - [TEST_STEP][PASSED] - a38 = <not implemented yet for class: org.codehaus.groovy.ast.expr.EmptyExpression>: null

18-11-2024T03:50:34 - [TEST_STEP][PASSED] - a39 = <not implemented yet for class: org.codehaus.groovy.ast.expr.EmptyExpression>: null

18-11-2024T03:50:34 - [TEST_STEP][PASSED] - a310 = <not implemented yet for class: org.codehaus.groovy.ast.expr.EmptyExpression>: null

18-11-2024T03:50:34 - [TEST_STEP][PASSED] - a311 = <not implemented yet for class: org.codehaus.groovy.ast.expr.EmptyExpression>: null

18-11-2024T03:50:34 - [TEST_STEP][PASSED] - a312 = <not implemented yet for class: org.codehaus.groovy.ast.expr.EmptyExpression>: null

18-11-2024T03:50:34 - [TEST_STEP][PASSED] - a313 = <not implemented yet for class: org.codehaus.groovy.ast.expr.EmptyExpression>: null

18-11-2024T03:50:34 - [TEST_STEP][PASSED] - a314 = <not implemented yet for class: org.codehaus.groovy.ast.expr.EmptyExpression>: null

18-11-2024T03:50:34 - [TEST_STEP][PASSED] - a315 = <not implemented yet for class: org.codehaus.groovy.ast.expr.EmptyExpression>: null

18-11-2024T03:50:34 - [TEST_STEP][PASSED] - a316 = <not implemented yet for class: org.codehaus.groovy.ast.expr.EmptyExpression>: null

18-11-2024T03:50:34 - [TEST_STEP][PASSED] - a317 = <not implemented yet for class: org.codehaus.groovy.ast.expr.EmptyExpression>: null

18-11-2024T03:50:34 - [TEST_STEP][PASSED] - b1 = <not implemented yet for class: org.codehaus.groovy.ast.expr.EmptyExpression>: null

18-11-2024T03:50:34 - [TEST_STEP][PASSED] - b2 = <not implemented yet for class: org.codehaus.groovy.ast.expr.EmptyExpression>: null

18-11-2024T03:50:34 - [TEST_STEP][PASSED] - b30 = <not implemented yet for class: org.codehaus.groovy.ast.expr.EmptyExpression>: null

18-11-2024T03:50:34 - [TEST_STEP][PASSED] - b31 = <not implemented yet for class: org.codehaus.groovy.ast.expr.EmptyExpression>: null

18-11-2024T03:50:34 - [TEST_STEP][PASSED] - b32 = <not implemented yet for class: org.codehaus.groovy.ast.expr.EmptyExpression>: null

18-11-2024T03:50:34 - [TEST_STEP][PASSED] - b33 = <not implemented yet for class: org.codehaus.groovy.ast.expr.EmptyExpression>: null

18-11-2024T03:50:34 - [TEST_STEP][PASSED] - b34 = <not implemented yet for class: org.codehaus.groovy.ast.expr.EmptyExpression>: null

18-11-2024T03:50:34 - [TEST_STEP][PASSED] - b35 = <not implemented yet for class: org.codehaus.groovy.ast.expr.EmptyExpression>: null

18-11-2024T03:50:34 - [TEST_STEP][PASSED] - b36 = <not implemented yet for class: org.codehaus.groovy.ast.expr.EmptyExpression>: null

18-11-2024T03:50:34 - [TEST_STEP][PASSED] - b37 = <not implemented yet for class: org.codehaus.groovy.ast.expr.EmptyExpression>: null

18-11-2024T03:50:34 - [TEST_STEP][PASSED] - b38 = <not implemented yet for class: org.codehaus.groovy.ast.expr.EmptyExpression>: null

18-11-2024T03:50:34 - [TEST_STEP][PASSED] - b39 = <not implemented yet for class: org.codehaus.groovy.ast.expr.EmptyExpression>: null

18-11-2024T03:50:34 - [TEST_STEP][PASSED] - b310 = <not implemented yet for class: org.codehaus.groovy.ast.expr.EmptyExpression>: null

18-11-2024T03:50:34 - [TEST_STEP][PASSED] - b311 = <not implemented yet for class: org.codehaus.groovy.ast.expr.EmptyExpression>: null

18-11-2024T03:50:34 - [TEST_STEP][PASSED] - b312 = <not implemented yet for class: org.codehaus.groovy.ast.expr.EmptyExpression>: null

18-11-2024T03:50:34 - [TEST_STEP][PASSED] - b313 = <not implemented yet for class: org.codehaus.groovy.ast.expr.EmptyExpression>: null

18-11-2024T03:50:34 - [TEST_STEP][PASSED] - b314 = <not implemented yet for class: org.codehaus.groovy.ast.expr.EmptyExpression>: null

18-11-2024T03:50:34 - [TEST_STEP][PASSED] - b315 = <not implemented yet for class: org.codehaus.groovy.ast.expr.EmptyExpression>: null

18-11-2024T03:50:34 - [TEST_STEP][PASSED] - b316 = <not implemented yet for class: org.codehaus.groovy.ast.expr.EmptyExpression>: null

18-11-2024T03:50:34 - [TEST_STEP][PASSED] - b317 = <not implemented yet for class: org.codehaus.groovy.ast.expr.EmptyExpression>: null

18-11-2024T03:50:34 - [TEST_STEP][PASSED] - block = 1: null

18-11-2024T03:50:34 - [TEST_STEP][PASSED] - nameOfBlock = "": null

18-11-2024T03:50:34 - [TEST_STEP][PASSED] - Script1710234207206.PreSettings(run, vir, block, nameOfBlock, typeOfData, todaysDate): null

18-11-2024T03:50:34 - [TEST_STEP][PASSED] - openBrowser(""): Browser is opened with url: ''

18-11-2024T03:50:34 - [MESSAGE][INFO] - Starting 'Chrome' driver

18-11-2024T03:50:34 - [MESSAGE][INFO] - Action delay is set to 0 milliseconds

18-11-2024T03:50:35 - [MESSAGE][PASSED] - Browser is opened with url: ''

18-11-2024T03:50:35 - [TEST_STEP][PASSED] - refresh(): Refresh successfully

18-11-2024T03:50:35 - [MESSAGE][PASSED] - Refresh successfully

18-11-2024T03:50:35 - [TEST_STEP][PASSED] - delay(50): Delayed 50 second(s)

18-11-2024T03:51:25 - [MESSAGE][PASSED] - Delayed 50 second(s)

18-11-2024T03:51:25 - [TEST_STEP][PASSED] - println("run:" + run): null

18-11-2024T03:51:25 - [TEST_STEP][PASSED] - println("vir:" + vir): null

18-11-2024T03:51:25 - [TEST_STEP][PASSED] - println("block:" + block): null

18-11-2024T03:51:25 - [TEST_STEP][PASSED] - if (block == 1): null

18-11-2024T03:51:25 - [TEST_STEP][PASSED] - nameOfBlock = "": null

18-11-2024T03:51:25 - [TEST_STEP][PASSED] - println("nameOfBlock:" + nameOfBlock): null

18-11-2024T03:51:25 - [TEST_STEP][PASSED] - println("typeOfData:" + typeOfData): null

18-11-2024T03:51:25 - [TEST_STEP][PASSED] - println("todaysDate:" + todaysDate): null

18-11-2024T03:51:25 - [TEST_STEP][PASSED] - Script1710234207206.Autorization(block, nameOfBlock): null

18-11-2024T03:51:25 - [TEST_STEP][PASSED] - i = <not implemented yet for class: org.codehaus.groovy.ast.expr.EmptyExpression>: null

18-11-2024T03:51:25 - [TEST_STEP][PASSED] - ii = <not implemented yet for class: org.codehaus.groovy.ast.expr.EmptyExpression>: null

18-11-2024T03:51:25 - [TEST_STEP][PASSED] - urlData = <not implemented yet for class: org.codehaus.groovy.ast.expr.EmptyExpression>: null

18-11-2024T03:51:25 - [TEST_STEP][PASSED] - searchWord = <not implemented yet for class: org.codehaus.groovy.ast.expr.EmptyExpression>: null

18-11-2024T03:51:25 - [TEST_STEP][PASSED] - urlText = <not implemented yet for class: org.codehaus.groovy.ast.expr.EmptyExpression>: null

18-11-2024T03:51:25 - [TEST_STEP][PASSED] - println("block:" + block): null

18-11-2024T03:51:25 - [TEST_STEP][PASSED] - if (block == 1): null

18-11-2024T03:51:25 - [TEST_STEP][PASSED] - nameOfBlock = "": null

18-11-2024T03:51:25 - [TEST_STEP][PASSED] - println("nameOfBlock:" + nameOfBlock): null

18-11-2024T03:51:25 - [TEST_STEP][PASSED] - if (block == 1): Delayed 45 second(s)

18-11-2024T03:51:25 - [TEST_STEP][PASSED] - urlData = 2: null

18-11-2024T03:51:25 - [TEST_STEP][PASSED] - delay(45): Delayed 45 second(s)

18-11-2024T03:52:10 - [MESSAGE][PASSED] - Delayed 45 second(s)

18-11-2024T03:52:10 - [TEST_STEP][PASSED] - navigateToUrl(findTestData("PlanFact").getValue(10, urlData)): Navigate to 'https://bi.rosseti.digital/viewer?dashboardGuid=2301950b23be4ed89c1df75f2020051e&sheetGuid=b723206f698544fb87299f3095c00435&fit=true' successfully

18-11-2024T03:52:18 - [MESSAGE][PASSED] - Navigate to 'https://bi.rosseti.digital/viewer?dashboardGuid=2301950b23be4ed89c1df75f2020051e&sheetGuid=b723206f698544fb87299f3095c00435&fit=true' successfully

18-11-2024T03:52:18 - [TEST_STEP][PASSED] - urlText = getText(findTestObject("Страница авторизации/Text")): Text of object 'Object Repository/Страница авторизации/Text' is: 'Вход'

18-11-2024T03:52:18 - [MESSAGE][PASSED] - Text of object 'Object Repository/Страница авторизации/Text' is: 'Вход'

18-11-2024T03:52:18 - [TEST_STEP][PASSED] - searchWord = "Вход": null

18-11-2024T03:52:18 - [TEST_STEP][PASSED] - if (urlText == null || urlText.contains("ошибка") || urlText.contains(searchWord) == false): null

18-11-2024T03:52:18 - [TEST_STEP][PASSED] - if (verifyElementPresent(findTestObject("Страница авторизации/button_"), 30) == true): null

18-11-2024T03:52:19 - [MESSAGE][PASSED] - Object 'Object Repository/Страница авторизации/button_' is present

18-11-2024T03:52:19 - [TEST_STEP][PASSED] - setText(findTestObject("Страница авторизации/input__username"), findTestData("PlanFact").getValue(8, 1)): Text 'liazgina-di' is set on object 'Object Repository/Страница авторизации/input__username'

18-11-2024T03:52:19 - [MESSAGE][PASSED] - Text 'liazgina-di' is set on object 'Object Repository/Страница авторизации/input__username'

18-11-2024T03:52:19 - [TEST_STEP][PASSED] - setText(findTestObject("Страница авторизации/input__password"), findTestData("PlanFact").getValue(9, 1)): Text ')$%5srZ8o688Dm#q' is set on object 'Object Repository/Страница авторизации/input__password'

18-11-2024T03:52:20 - [MESSAGE][PASSED] - Text ')$%5srZ8o688Dm#q' is set on object 'Object Repository/Страница авторизации/input__password'

18-11-2024T03:52:20 - [TEST_STEP][PASSED] - click(findTestObject("Страница авторизации/button_")): Object: 'Object Repository/Страница авторизации/button_' is clicked on

18-11-2024T03:52:22 - [MESSAGE][PASSED] - Object: 'Object Repository/Страница авторизации/button_' is clicked on

18-11-2024T03:52:22 - [TEST_STEP][PASSED] - delay(45): Delayed 45 second(s)

18-11-2024T03:53:07 - [MESSAGE][PASSED] - Delayed 45 second(s)

18-11-2024T03:53:07 - [TEST_STEP][PASSED] - urlText = getText(findTestObject("Страница авторизации/Text")): Text of object 'Object Repository/Страница авторизации/Text' is: 'Период
1, 2, 3 кв. 2024 года
Выручка
Все
Выполнение плановых показателей по ПАО Россети за 1, 2, 3 кв. 2024 года
План
Факт
Динамика
2024 год
0 млн.руб.
100 000 млн.руб.
200 000 млн.руб.
300 000 млн.руб.
400 000 млн.руб.
500 000 млн.руб.
600 000 млн.руб.
700 000 млн.руб.
800 000 млн.руб.
900 000 млн.руб.
1 000 000 млн.руб.
1 100 000 млн.руб.
1 200 000 млн.руб.
1 300 000 млн.руб.
1 056 816
1 083 641
↑
ДЗО 
Все
Внутренний оборот - выручка за услуги по передаче электрической энергии, учтенная в выручке за электроэнергию для конечных потребителей, при выполнении ДЗО функций гарантирующего поставщика
Подписи данных
⬤Отклонение
АО «Тываэнерго»
АО «Чеченэнерго»
Россети Волга
Россети Кубань
Россети Ленэнерго (ГК)
Россети Московский регион
Россети Северный Кавказ (ГК)
Россети Северо-Запад
Россети Сибирь (ГК)
Россети Томск
Россети Тюмень
Россети Урал (ГК)
Россети ФСК ЕЭС
Россети Центр
Россети Центр и Приволжье (ГК)
Россети Юг (ГК)
Россети Янтарь
-4 000млн.руб.
-2 000млн.руб.
0 млн.руб.
2 000млн.руб.
4 000млн.руб.
6 000млн.руб.
8 00…
-6 000млн.руб.
239
68
25
3 470
3 855
6 900
821
839
2 116
213
-4 312
1 715
1 999
3 410
3 873
1 315
277
млн.
%
Выручка
Отклонение выручки по ПАО Россети за 1, 2, 3 кв. 2024 года (факт/план, млн. руб)
ПАО Россети
26 824.9 млн.руб.
 '

18-11-2024T03:53:08 - [MESSAGE][PASSED] - Text of object 'Object Repository/Страница авторизации/Text' is: 'Период
1, 2, 3 кв. 2024 года
Выручка
Все
Выполнение плановых показателей по ПАО Россети за 1, 2, 3 кв. 2024 года
План
Факт
Динамика
2024 год
0 млн.руб.
100 000 млн.руб.
200 000 млн.руб.
300 000 млн.руб.
400 000 млн.руб.
500 000 млн.руб.
600 000 млн.руб.
700 000 млн.руб.
800 000 млн.руб.
900 000 млн.руб.
1 000 000 млн.руб.
1 100 000 млн.руб.
1 200 000 млн.руб.
1 300 000 млн.руб.
1 056 816
1 083 641
↑
ДЗО 
Все
Внутренний оборот - выручка за услуги по передаче электрической энергии, учтенная в выручке за электроэнергию для конечных потребителей, при выполнении ДЗО функций гарантирующего поставщика
Подписи данных
⬤Отклонение
АО «Тываэнерго»
АО «Чеченэнерго»
Россети Волга
Россети Кубань
Россети Ленэнерго (ГК)
Россети Московский регион
Россети Северный Кавказ (ГК)
Россети Северо-Запад
Россети Сибирь (ГК)
Россети Томск
Россети Тюмень
Россети Урал (ГК)
Россети ФСК ЕЭС
Россети Центр
Россети Центр и Приволжье (ГК)
Россети Юг (ГК)
Россети Янтарь
-4 000млн.руб.
-2 000млн.руб.
0 млн.руб.
2 000млн.руб.
4 000млн.руб.
6 000млн.руб.
8 00…
-6 000млн.руб.
239
68
25
3 470
3 855
6 900
821
839
2 116
213
-4 312
1 715
1 999
3 410
3 873
1 315
277
млн.
%
Выручка
Отклонение выручки по ПАО Россети за 1, 2, 3 кв. 2024 года (факт/план, млн. руб)
ПАО Россети
26 824.9 млн.руб.
 '

18-11-2024T03:53:08 - [TEST_STEP][PASSED] - searchWord = "а": null

18-11-2024T03:53:08 - [TEST_STEP][PASSED] - if (urlText.contains("ошибка") || urlText.contains(searchWord) == false): null

18-11-2024T03:53:08 - [TEST_STEP][PASSED] - delay(45): Delayed 45 second(s)

18-11-2024T03:53:53 - [MESSAGE][PASSED] - Delayed 45 second(s)

18-11-2024T03:53:53 - [TEST_STEP][PASSED] - if (block == 2): null

18-11-2024T03:53:53 - [TEST_STEP][PASSED] - click(findTestObject("Выручка в рублях/Фильтр Период" + nameOfBlock)): Object: 'Object Repository/Выручка в рублях/Фильтр Период' is clicked on

18-11-2024T03:53:54 - [MESSAGE][PASSED] - Object: 'Object Repository/Выручка в рублях/Фильтр Период' is clicked on

18-11-2024T03:53:54 - [TEST_STEP][PASSED] - click(findTestObject("Выручка в рублях/Снять выделение в фильтре Дата" + nameOfBlock)): Object: 'Object Repository/Выручка в рублях/Снять выделение в фильтре Дата' is clicked on

18-11-2024T03:53:54 - [MESSAGE][PASSED] - Object: 'Object Repository/Выручка в рублях/Снять выделение в фильтре Дата' is clicked on

18-11-2024T03:53:54 - [TEST_STEP][PASSED] - click(findTestObject("Выручка в рублях/Применить в фильтре Дата" + nameOfBlock)): Object: 'Object Repository/Выручка в рублях/Применить в фильтре Дата' is clicked on

18-11-2024T03:53:55 - [MESSAGE][PASSED] - Object: 'Object Repository/Выручка в рублях/Применить в фильтре Дата' is clicked on

18-11-2024T03:53:55 - [TEST_STEP][PASSED] - delay(50): Delayed 50 second(s)

18-11-2024T03:54:45 - [MESSAGE][PASSED] - Delayed 50 second(s)

18-11-2024T03:54:45 - [TEST_STEP][PASSED] - click(findTestObject("Выручка в рублях/Фильтр Период" + nameOfBlock)): Object: 'Object Repository/Выручка в рублях/Фильтр Период' is clicked on

18-11-2024T03:54:45 - [MESSAGE][PASSED] - Object: 'Object Repository/Выручка в рублях/Фильтр Период' is clicked on

18-11-2024T03:54:45 - [TEST_STEP][PASSED] - click(findTestObject("Выручка в рублях/Снять выделение в фильтре Дата" + nameOfBlock)): Object: 'Object Repository/Выручка в рублях/Снять выделение в фильтре Дата' is clicked on

18-11-2024T03:54:46 - [MESSAGE][PASSED] - Object: 'Object Repository/Выручка в рублях/Снять выделение в фильтре Дата' is clicked on

18-11-2024T03:54:46 - [TEST_STEP][PASSED] - scrollToElement(findTestObject("Выручка в рублях/2024 список" + nameOfBlock), 30): Scroll to object 'Object Repository/Выручка в рублях/2024 список' successfully

18-11-2024T03:54:46 - [MESSAGE][PASSED] - Scroll to object 'Object Repository/Выручка в рублях/2024 список' successfully

18-11-2024T03:54:46 - [TEST_STEP][PASSED] - click(findTestObject("Выручка в рублях/2024 список" + nameOfBlock)): Object: 'Object Repository/Выручка в рублях/2024 список' is clicked on

18-11-2024T03:54:46 - [MESSAGE][PASSED] - Object: 'Object Repository/Выручка в рублях/2024 список' is clicked on

18-11-2024T03:54:46 - [TEST_STEP][PASSED] - scrollToElement(findTestObject("Выручка в рублях/1 квартал 2024 выбрать" + nameOfBlock), 30): Scroll to object 'Object Repository/Выручка в рублях/1 квартал 2024 выбрать' successfully

18-11-2024T03:54:47 - [MESSAGE][PASSED] - Scroll to object 'Object Repository/Выручка в рублях/1 квартал 2024 выбрать' successfully

18-11-2024T03:54:47 - [TEST_STEP][PASSED] - click(findTestObject("Выручка в рублях/1 квартал 2024 выбрать" + nameOfBlock)): Object: 'Object Repository/Выручка в рублях/1 квартал 2024 выбрать' is clicked on

18-11-2024T03:54:47 - [MESSAGE][PASSED] - Object: 'Object Repository/Выручка в рублях/1 квартал 2024 выбрать' is clicked on

18-11-2024T03:54:47 - [TEST_STEP][PASSED] - scrollToElement(findTestObject("Выручка в рублях/2 квартал 2024 выбрать" + nameOfBlock), 30): Scroll to object 'Object Repository/Выручка в рублях/2 квартал 2024 выбрать' successfully

18-11-2024T03:54:48 - [MESSAGE][PASSED] - Scroll to object 'Object Repository/Выручка в рублях/2 квартал 2024 выбрать' successfully

18-11-2024T03:54:48 - [TEST_STEP][PASSED] - click(findTestObject("Выручка в рублях/2 квартал 2024 выбрать" + nameOfBlock)): Object: 'Object Repository/Выручка в рублях/2 квартал 2024 выбрать' is clicked on

18-11-2024T03:54:48 - [MESSAGE][PASSED] - Object: 'Object Repository/Выручка в рублях/2 квартал 2024 выбрать' is clicked on

18-11-2024T03:54:48 - [TEST_STEP][PASSED] - scrollToElement(findTestObject("Выручка в рублях/3 квартал 2024 список" + nameOfBlock), 30): Scroll to object 'Object Repository/Выручка в рублях/3 квартал 2024 список' successfully

18-11-2024T03:54:48 - [MESSAGE][PASSED] - Scroll to object 'Object Repository/Выручка в рублях/3 квартал 2024 список' successfully

18-11-2024T03:54:48 - [TEST_STEP][PASSED] - click(findTestObject("Выручка в рублях/3 квартал 2024" + nameOfBlock)): Object: 'Object Repository/Выручка в рублях/3 квартал 2024' is clicked on

18-11-2024T03:54:49 - [MESSAGE][PASSED] - Object: 'Object Repository/Выручка в рублях/3 квартал 2024' is clicked on

18-11-2024T03:54:49 - [TEST_STEP][PASSED] - scrollToElement(findTestObject("Выручка в рублях/Заголовок дашборда" + nameOfBlock), 30): Scroll to object 'Object Repository/Выручка в рублях/Заголовок дашборда' successfully

18-11-2024T03:54:49 - [MESSAGE][PASSED] - Scroll to object 'Object Repository/Выручка в рублях/Заголовок дашборда' successfully

18-11-2024T03:54:49 - [TEST_STEP][PASSED] - click(findTestObject("Выручка в рублях/Применить в фильтре Дата" + nameOfBlock)): Object: 'Object Repository/Выручка в рублях/Применить в фильтре Дата' is clicked on

18-11-2024T03:54:50 - [MESSAGE][PASSED] - Object: 'Object Repository/Выручка в рублях/Применить в фильтре Дата' is clicked on

18-11-2024T03:54:50 - [TEST_STEP][PASSED] - delay(55): Delayed 55 second(s)

18-11-2024T03:55:45 - [MESSAGE][PASSED] - Delayed 55 second(s)

18-11-2024T03:55:45 - [TEST_STEP][PASSED] - click(findTestObject("Выручка в рублях/Фильтр ДЗО" + nameOfBlock)): Object: 'Object Repository/Выручка в рублях/Фильтр ДЗО' is clicked on

18-11-2024T03:55:45 - [MESSAGE][PASSED] - Object: 'Object Repository/Выручка в рублях/Фильтр ДЗО' is clicked on

18-11-2024T03:55:45 - [TEST_STEP][PASSED] - click(findTestObject("Выручка в рублях/Снять выделение в фильтре ДЗО" + nameOfBlock)): Object: 'Object Repository/Выручка в рублях/Снять выделение в фильтре ДЗО' is clicked on

18-11-2024T03:55:46 - [MESSAGE][PASSED] - Object: 'Object Repository/Выручка в рублях/Снять выделение в фильтре ДЗО' is clicked on

18-11-2024T03:55:46 - [TEST_STEP][PASSED] - click(findTestObject("Выручка в рублях/Применить в фильтре ДЗО" + nameOfBlock)): Object: 'Object Repository/Выручка в рублях/Применить в фильтре ДЗО' is clicked on

18-11-2024T03:55:46 - [MESSAGE][PASSED] - Object: 'Object Repository/Выручка в рублях/Применить в фильтре ДЗО' is clicked on

18-11-2024T03:55:46 - [TEST_STEP][PASSED] - delay(50): Delayed 50 second(s)

18-11-2024T03:56:36 - [MESSAGE][PASSED] - Delayed 50 second(s)

18-11-2024T03:56:36 - [TEST_STEP][PASSED] - Script1710234207206.Tumbler(run, vir, block, nameOfBlock): null

18-11-2024T03:56:36 - [TEST_STEP][PASSED] - println("run:" + run): null

18-11-2024T03:56:36 - [TEST_STEP][PASSED] - println("vir:" + vir): null

18-11-2024T03:56:36 - [TEST_STEP][PASSED] - println("block:" + block): null

18-11-2024T03:56:36 - [TEST_STEP][PASSED] - println("nameOfBlock:" + nameOfBlock): null

18-11-2024T03:56:36 - [TEST_STEP][PASSED] - if (vir == 1): null

18-11-2024T03:56:36 - [TEST_STEP][PASSED] - else if (vir == 2): Object: 'Object Repository/Выручка в рублях/Применить в фильтре Выручка' is clicked on

18-11-2024T03:56:36 - [TEST_STEP][PASSED] - if (run == 2): Object: 'Object Repository/Выручка в рублях/Переключить отображение с млн на проценты Выручка в рублях' is clicked on

18-11-2024T03:56:36 - [TEST_STEP][PASSED] - click(findTestObject("Выручка в рублях/Переключить отображение с млн на проценты Выручка в рублях" + nameOfBlock)): Object: 'Object Repository/Выручка в рублях/Переключить отображение с млн на проценты Выручка в рублях' is clicked on

18-11-2024T03:56:37 - [MESSAGE][PASSED] - Object: 'Object Repository/Выручка в рублях/Переключить отображение с млн на проценты Выручка в рублях' is clicked on

18-11-2024T03:56:37 - [TEST_STEP][PASSED] - click(findTestObject("Выручка в рублях/Фильтр Выручка" + nameOfBlock)): Object: 'Object Repository/Выручка в рублях/Фильтр Выручка' is clicked on

18-11-2024T03:56:37 - [MESSAGE][PASSED] - Object: 'Object Repository/Выручка в рублях/Фильтр Выручка' is clicked on

18-11-2024T03:56:37 - [TEST_STEP][PASSED] - click(findTestObject("Выручка в рублях/Итого в фильтре Выручка" + nameOfBlock)): Object: 'Object Repository/Выручка в рублях/Итого в фильтре Выручка' is clicked on

18-11-2024T03:56:37 - [MESSAGE][PASSED] - Object: 'Object Repository/Выручка в рублях/Итого в фильтре Выручка' is clicked on

18-11-2024T03:56:37 - [TEST_STEP][PASSED] - click(findTestObject("Выручка в рублях/Применить в фильтре Выручка" + nameOfBlock)): Object: 'Object Repository/Выручка в рублях/Применить в фильтре Выручка' is clicked on

18-11-2024T03:56:38 - [MESSAGE][PASSED] - Object: 'Object Repository/Выручка в рублях/Применить в фильтре Выручка' is clicked on

18-11-2024T03:56:38 - [TEST_STEP][PASSED] - click(findTestObject("Выручка в рублях/Фильтр ДЗО" + nameOfBlock)): Object: 'Object Repository/Выручка в рублях/Фильтр ДЗО' is clicked on

18-11-2024T03:56:41 - [MESSAGE][PASSED] - Object: 'Object Repository/Выручка в рублях/Фильтр ДЗО' is clicked on

18-11-2024T03:56:41 - [TEST_STEP][PASSED] - Script1710234207206.Rosseti(nameOfBlock): null

18-11-2024T03:56:41 - [TEST_STEP][PASSED] - println("nameOfBlock:" + nameOfBlock): null

18-11-2024T03:56:41 - [TEST_STEP][PASSED] - click(findTestObject("Выручка в рублях/ПАО Россети" + nameOfBlock)): Object: 'Object Repository/Выручка в рублях/ПАО Россети' is clicked on

18-11-2024T03:56:41 - [MESSAGE][PASSED] - Object: 'Object Repository/Выручка в рублях/ПАО Россети' is clicked on

18-11-2024T03:56:41 - [TEST_STEP][PASSED] - click(findTestObject("Выручка в рублях/Применить в фильтре ДЗО" + nameOfBlock)): Object: 'Object Repository/Выручка в рублях/Применить в фильтре ДЗО' is clicked on

18-11-2024T03:56:42 - [MESSAGE][PASSED] - Object: 'Object Repository/Выручка в рублях/Применить в фильтре ДЗО' is clicked on

18-11-2024T03:56:42 - [TEST_STEP][PASSED] - if (run == 2): null

18-11-2024T03:56:42 - [TEST_STEP][PASSED] - perc = " Perc": null

18-11-2024T03:56:42 - [TEST_STEP][PASSED] - if (vir == 1 || vir == 2): Text of object 'Object Repository/Выручка в рублях/График План' is: '1 038 923'

18-11-2024T03:56:42 - [TEST_STEP][PASSED] - a1 = getText(findTestObject("Выручка в рублях/График План")): Text of object 'Object Repository/Выручка в рублях/График План' is: '1 038 923'

18-11-2024T03:56:43 - [MESSAGE][PASSED] - Text of object 'Object Repository/Выручка в рублях/График План' is: '1 038 923'

18-11-2024T03:56:43 - [TEST_STEP][PASSED] - if (vir == 1 || vir == 2): Text of object 'Object Repository/Выручка в рублях/График Факт' is: '1 065 140'

18-11-2024T03:56:43 - [TEST_STEP][PASSED] - a2 = getText(findTestObject("Выручка в рублях/График Факт")): Text of object 'Object Repository/Выручка в рублях/График Факт' is: '1 065 140'

18-11-2024T03:56:43 - [MESSAGE][PASSED] - Text of object 'Object Repository/Выручка в рублях/График Факт' is: '1 065 140'

18-11-2024T03:56:43 - [TEST_STEP][PASSED] - a30 = getText(findTestObject("Выручка в рублях/span1" + perc)): Text of object 'Object Repository/Выручка в рублях/span1 Perc' is: '-23.25 %'

18-11-2024T03:56:44 - [MESSAGE][PASSED] - Text of object 'Object Repository/Выручка в рублях/span1 Perc' is: '-23.25 %'

18-11-2024T03:56:44 - [TEST_STEP][PASSED] - i = a30.indexOf("млн.руб."): null

18-11-2024T03:56:44 - [TEST_STEP][PASSED] - if (i > -1): null

18-11-2024T03:56:44 - [TEST_STEP][PASSED] - if (a30.contains("%")): null

18-11-2024T03:56:44 - [TEST_STEP][PASSED] - a30 = a30.replaceAll("%", ""): null

18-11-2024T03:56:44 - [TEST_STEP][PASSED] - a30 = ").trim(): null

18-11-2024T03:56:44 - [TEST_STEP][PASSED] - println("a30: " + a30): null

18-11-2024T03:56:44 - [TEST_STEP][PASSED] - if (vir == 1 || vir == 2): Text of object 'Object Repository/Выручка в рублях/span2 Perc' is: '260.61 %'

18-11-2024T03:56:44 - [TEST_STEP][PASSED] - a31 = ").trim(): Text of object 'Object Repository/Выручка в рублях/span2 Perc' is: '260.61 %'

18-11-2024T03:56:44 - [MESSAGE][PASSED] - Text of object 'Object Repository/Выручка в рублях/span2 Perc' is: '260.61 %'

18-11-2024T03:56:44 - [TEST_STEP][PASSED] - if (vir == 1 || vir == 2): Text of object 'Object Repository/Выручка в рублях/span3 Perc' is: '-72.97 %'

18-11-2024T03:56:44 - [TEST_STEP][PASSED] - a32 = ").trim(): Text of object 'Object Repository/Выручка в рублях/span3 Perc' is: '-72.97 %'

18-11-2024T03:56:44 - [MESSAGE][PASSED] - Text of object 'Object Repository/Выручка в рублях/span3 Perc' is: '-72.97 %'

18-11-2024T03:56:44 - [TEST_STEP][PASSED] - if (vir == 1 || vir == 2): Text of object 'Object Repository/Выручка в рублях/span8 Perc' is: '-48.83 %'

18-11-2024T03:56:44 - [TEST_STEP][PASSED] - a33 = ").trim(): Text of object 'Object Repository/Выручка в рублях/span4 Perc' is: '-49.98 %'

18-11-2024T03:56:45 - [MESSAGE][PASSED] - Text of object 'Object Repository/Выручка в рублях/span4 Perc' is: '-49.98 %'

18-11-2024T03:56:45 - [TEST_STEP][PASSED] - a34 = ").trim(): Text of object 'Object Repository/Выручка в рублях/span5 Perc' is: '-46.94 %'

18-11-2024T03:56:45 - [MESSAGE][PASSED] - Text of object 'Object Repository/Выручка в рублях/span5 Perc' is: '-46.94 %'

18-11-2024T03:56:45 - [TEST_STEP][PASSED] - a35 = ").trim(): Text of object 'Object Repository/Выручка в рублях/span6 Perc' is: '-47.39 %'

18-11-2024T03:56:45 - [MESSAGE][PASSED] - Text of object 'Object Repository/Выручка в рублях/span6 Perc' is: '-47.39 %'

18-11-2024T03:56:45 - [TEST_STEP][PASSED] - a36 = ").trim(): Text of object 'Object Repository/Выручка в рублях/span7 Perc' is: '4.51 %'

18-11-2024T03:56:46 - [MESSAGE][PASSED] - Text of object 'Object Repository/Выручка в рублях/span7 Perc' is: '4.51 %'

18-11-2024T03:56:46 - [TEST_STEP][PASSED] - a37 = ").trim(): Text of object 'Object Repository/Выручка в рублях/span8 Perc' is: '-48.83 %'

18-11-2024T03:56:46 - [MESSAGE][PASSED] - Text of object 'Object Repository/Выручка в рублях/span8 Perc' is: '-48.83 %'

18-11-2024T03:56:46 - [TEST_STEP][PASSED] - if (vir == 1 || vir == 2): Text of object 'Object Repository/Выручка в рублях/span17 Perc' is: '-48.32 %'

18-11-2024T03:56:46 - [TEST_STEP][PASSED] - a38 = ").trim(): Text of object 'Object Repository/Выручка в рублях/span9 Perc' is: '2.16 %'

18-11-2024T03:56:46 - [MESSAGE][PASSED] - Text of object 'Object Repository/Выручка в рублях/span9 Perc' is: '2.16 %'

18-11-2024T03:56:46 - [TEST_STEP][PASSED] - a39 = ").trim(): Text of object 'Object Repository/Выручка в рублях/span10 Perc' is: '4.15 %'

18-11-2024T03:56:46 - [MESSAGE][PASSED] - Text of object 'Object Repository/Выручка в рублях/span10 Perc' is: '4.15 %'

18-11-2024T03:56:46 - [TEST_STEP][PASSED] - a310 = ").trim(): Text of object 'Object Repository/Выручка в рублях/span11 Perc' is: '-48.47 %'

18-11-2024T03:56:47 - [MESSAGE][PASSED] - Text of object 'Object Repository/Выручка в рублях/span11 Perc' is: '-48.47 %'

18-11-2024T03:56:47 - [TEST_STEP][PASSED] - a311 = ").trim(): Text of object 'Object Repository/Выручка в рублях/span12 Perc' is: '-53.49 %'

18-11-2024T03:56:47 - [MESSAGE][PASSED] - Text of object 'Object Repository/Выручка в рублях/span12 Perc' is: '-53.49 %'

18-11-2024T03:56:47 - [TEST_STEP][PASSED] - a312 = ").trim(): Text of object 'Object Repository/Выручка в рублях/span13 Perc' is: '2.23 %'

18-11-2024T03:56:47 - [MESSAGE][PASSED] - Text of object 'Object Repository/Выручка в рублях/span13 Perc' is: '2.23 %'

18-11-2024T03:56:47 - [TEST_STEP][PASSED] - a313 = ").trim(): Text of object 'Object Repository/Выручка в рублях/span14 Perc' is: '0.87 %'

18-11-2024T03:56:48 - [MESSAGE][PASSED] - Text of object 'Object Repository/Выручка в рублях/span14 Perc' is: '0.87 %'

18-11-2024T03:56:48 - [TEST_STEP][PASSED] - a314 = ").trim(): Text of object 'Object Repository/Выручка в рублях/span15 Perc' is: '-30.67 %'

18-11-2024T03:56:48 - [MESSAGE][PASSED] - Text of object 'Object Repository/Выручка в рублях/span15 Perc' is: '-30.67 %'

18-11-2024T03:56:48 - [TEST_STEP][PASSED] - a315 = ").trim(): Text of object 'Object Repository/Выручка в рублях/span16 Perc' is: '4.25 %'

18-11-2024T03:56:48 - [MESSAGE][PASSED] - Text of object 'Object Repository/Выручка в рублях/span16 Perc' is: '4.25 %'

18-11-2024T03:56:48 - [TEST_STEP][PASSED] - a316 = ").trim(): Text of object 'Object Repository/Выручка в рублях/span17 Perc' is: '-48.32 %'

18-11-2024T03:56:49 - [MESSAGE][PASSED] - Text of object 'Object Repository/Выручка в рублях/span17 Perc' is: '-48.32 %'

18-11-2024T03:56:49 - [TEST_STEP][PASSED] - if (vir == 1 || vir == 2): Text of object 'Object Repository/Выручка в рублях/span18 Perc' is: '3.93 %'

18-11-2024T03:56:49 - [TEST_STEP][PASSED] - a317 = ").trim(): Text of object 'Object Repository/Выручка в рублях/span18 Perc' is: '3.93 %'

18-11-2024T03:56:49 - [MESSAGE][PASSED] - Text of object 'Object Repository/Выручка в рублях/span18 Perc' is: '3.93 %'

18-11-2024T03:56:49 - [TEST_STEP][PASSED] - block = 2: null

18-11-2024T03:56:49 - [TEST_STEP][PASSED] - nameOfBlock = " Выручка": null

18-11-2024T03:56:49 - [TEST_STEP][PASSED] - Script1710234207206.PreSettings(run, vir, block, nameOfBlock, typeOfData, todaysDate): null

18-11-2024T03:56:49 - [TEST_STEP][PASSED] - openBrowser(""): Browser is opened with url: ''

18-11-2024T03:56:49 - [MESSAGE][WARNING] - A browser is already opened. Closing browser and opening a new one

18-11-2024T03:56:49 - [MESSAGE][INFO] - Starting 'Chrome' driver

18-11-2024T03:56:49 - [MESSAGE][INFO] - Action delay is set to 0 milliseconds

18-11-2024T03:56:50 - [MESSAGE][PASSED] - Browser is opened with url: ''

18-11-2024T03:56:50 - [TEST_STEP][PASSED] - refresh(): Refresh successfully

18-11-2024T03:56:50 - [MESSAGE][PASSED] - Refresh successfully

18-11-2024T03:56:50 - [TEST_STEP][PASSED] - delay(50): Delayed 50 second(s)

18-11-2024T03:57:40 - [MESSAGE][PASSED] - Delayed 50 second(s)

18-11-2024T03:57:40 - [TEST_STEP][PASSED] - println("run:" + run): null

18-11-2024T03:57:40 - [TEST_STEP][PASSED] - println("vir:" + vir): null

18-11-2024T03:57:40 - [TEST_STEP][PASSED] - println("block:" + block): null

18-11-2024T03:57:40 - [TEST_STEP][PASSED] - if (block == 1): null

18-11-2024T03:57:40 - [TEST_STEP][PASSED] - else: null

18-11-2024T03:57:40 - [TEST_STEP][PASSED] - nameOfBlock = " Выручка": null

18-11-2024T03:57:40 - [TEST_STEP][PASSED] - println("nameOfBlock:" + nameOfBlock): null

18-11-2024T03:57:40 - [TEST_STEP][PASSED] - println("typeOfData:" + typeOfData): null

18-11-2024T03:57:40 - [TEST_STEP][PASSED] - println("todaysDate:" + todaysDate): null

18-11-2024T03:57:40 - [TEST_STEP][PASSED] - Script1710234207206.Autorization(block, nameOfBlock): null

18-11-2024T03:57:40 - [TEST_STEP][PASSED] - i = <not implemented yet for class: org.codehaus.groovy.ast.expr.EmptyExpression>: null

18-11-2024T03:57:40 - [TEST_STEP][PASSED] - ii = <not implemented yet for class: org.codehaus.groovy.ast.expr.EmptyExpression>: null

18-11-2024T03:57:40 - [TEST_STEP][PASSED] - urlData = <not implemented yet for class: org.codehaus.groovy.ast.expr.EmptyExpression>: null

18-11-2024T03:57:40 - [TEST_STEP][PASSED] - searchWord = <not implemented yet for class: org.codehaus.groovy.ast.expr.EmptyExpression>: null

18-11-2024T03:57:40 - [TEST_STEP][PASSED] - urlText = <not implemented yet for class: org.codehaus.groovy.ast.expr.EmptyExpression>: null

18-11-2024T03:57:40 - [TEST_STEP][PASSED] - println("block:" + block): null

18-11-2024T03:57:40 - [TEST_STEP][PASSED] - if (block == 1): null

18-11-2024T03:57:40 - [TEST_STEP][PASSED] - else: null

18-11-2024T03:57:40 - [TEST_STEP][PASSED] - delay(45): Delayed 45 second(s)

18-11-2024T03:58:25 - [MESSAGE][PASSED] - Delayed 45 second(s)

18-11-2024T03:58:25 - [TEST_STEP][PASSED] - nameOfBlock = " Выручка": null

18-11-2024T03:58:25 - [TEST_STEP][PASSED] - println("nameOfBlock:" + nameOfBlock): null

18-11-2024T03:58:25 - [TEST_STEP][PASSED] - if (block == 1): null

18-11-2024T03:58:25 - [TEST_STEP][PASSED] - else: Delayed 45 second(s)

18-11-2024T03:58:25 - [TEST_STEP][PASSED] - urlData = 9: null

18-11-2024T03:58:25 - [TEST_STEP][PASSED] - delay(45): Delayed 45 second(s)

18-11-2024T03:59:10 - [MESSAGE][PASSED] - Delayed 45 second(s)

18-11-2024T03:59:10 - [TEST_STEP][PASSED] - navigateToUrl(findTestData("PlanFact").getValue(10, urlData)): Navigate to 'https://bi.rosseti.digital/viewer?dashboardGuid=a1fd28b3785d443cbc4d7690a1d78e31&sheetGuid=86092a20c5984827a0c87b24cac76a50&fit=true' successfully

18-11-2024T03:59:15 - [MESSAGE][PASSED] - Navigate to 'https://bi.rosseti.digital/viewer?dashboardGuid=a1fd28b3785d443cbc4d7690a1d78e31&sheetGuid=86092a20c5984827a0c87b24cac76a50&fit=true' successfully

18-11-2024T03:59:15 - [TEST_STEP][PASSED] - urlText = getText(findTestObject("Страница авторизации/Text")): Text of object 'Object Repository/Страница авторизации/Text' is: 'Вход'

18-11-2024T03:59:18 - [MESSAGE][PASSED] - Text of object 'Object Repository/Страница авторизации/Text' is: 'Вход'

18-11-2024T03:59:18 - [TEST_STEP][PASSED] - searchWord = "Вход": null

18-11-2024T03:59:18 - [TEST_STEP][PASSED] - if (urlText == null || urlText.contains("ошибка") || urlText.contains(searchWord) == false): null

18-11-2024T03:59:18 - [TEST_STEP][PASSED] - if (verifyElementPresent(findTestObject("Страница авторизации/button_"), 30) == true): null

18-11-2024T03:59:18 - [MESSAGE][PASSED] - Object 'Object Repository/Страница авторизации/button_' is present

18-11-2024T03:59:18 - [TEST_STEP][PASSED] - setText(findTestObject("Страница авторизации/input__username"), findTestData("PlanFact").getValue(8, 1)): Text 'liazgina-di' is set on object 'Object Repository/Страница авторизации/input__username'

18-11-2024T03:59:19 - [MESSAGE][PASSED] - Text 'liazgina-di' is set on object 'Object Repository/Страница авторизации/input__username'

18-11-2024T03:59:19 - [TEST_STEP][PASSED] - setText(findTestObject("Страница авторизации/input__password"), findTestData("PlanFact").getValue(9, 1)): Text ')$%5srZ8o688Dm#q' is set on object 'Object Repository/Страница авторизации/input__password'

18-11-2024T03:59:20 - [MESSAGE][PASSED] - Text ')$%5srZ8o688Dm#q' is set on object 'Object Repository/Страница авторизации/input__password'

18-11-2024T03:59:20 - [TEST_STEP][PASSED] - click(findTestObject("Страница авторизации/button_")): Object: 'Object Repository/Страница авторизации/button_' is clicked on

18-11-2024T03:59:22 - [MESSAGE][PASSED] - Object: 'Object Repository/Страница авторизации/button_' is clicked on

18-11-2024T03:59:22 - [TEST_STEP][PASSED] - delay(45): Delayed 45 second(s)

18-11-2024T04:00:07 - [MESSAGE][PASSED] - Delayed 45 second(s)

18-11-2024T04:00:07 - [TEST_STEP][PASSED] - urlText = getText(findTestObject("Страница авторизации/Text")): Text of object 'Object Repository/Страница авторизации/Text' is: 'Период
Январь, Февраль, Март, Апрель, Май, Июнь, Июль, Август, Сентябрь 2024 года
Выручка
Все
Выполнение плановых показателей по ПАО Россети за Январь, Февраль, Март, Апрель, Май, Июнь, Июль, Август, Сентябрь 2024 года
План
Факт
Динамика
2024 год
0 млн.руб.
100 000 млн.руб.
200 000 млн.руб.
300 000 млн.руб.
400 000 млн.руб.
500 000 млн.руб.
600 000 млн.руб.
700 000 млн.руб.
800 000 млн.руб.
900 000 млн.руб.
1 000 000 млн.руб.
1 100 000 млн.руб.
1 200 000 млн.руб.
1 300 000 млн.руб.
1 056 816
1 083 641
↑
ДЗО 
Все
Подписи данных
⬤Отклонение
АО «Тываэнерго»
АО «Чеченэнерго»
Россети Волга
Россети Кубань
Россети Ленэнерго (ГК)
Россети Московский регион
Россети Северный Кавказ (ГК)
Россети Северо-Запад
Россети Сибирь (ГК)
Россети Томск
Россети Тюмень
Россети Урал (ГК)
Россети ФСК ЕЭС
Россети Центр
Россети Центр и Приволжье (ГК)
Россети Юг (ГК)
Россети Янтарь
-5 000 млн.руб.
-4 000 млн.руб.
-3 000 млн.руб.
-2 000 млн.руб.
-1 000 млн.руб.
0 млн.руб.
1 000 млн.руб.
2 000 млн.руб.
3 000 млн.руб.
4 000 млн.руб.
5 000 млн.руб.
6 000 млн.руб.
7 000 млн.руб.
8 000 млн.руб.
239
68
25
3 470
3 855
6 900
821
839
2 116
213
-4 312
1 715
1 999
3 410
3 873
1 315
277
млн.
%
Выручка
Отклонение выручки по ПАО Россети за Январь, Февраль, Март, Апрель, Май, Июнь, Июль, Август, Сентябрь 2024 года (факт/план, млн. руб)
ПАО Россети
26 824.9 млн.руб.
Статус данных
×
Просьба обратить внимание
Данные занесены не полностью
ВЫБРАННЫЕ ЗНАЧЕНИЯ ФИЛЬТРОВ
ДЗО | ПЕРИОД
ПАО Россети: [«Выбраны все филиалы по всем ДЗО по всем категориям»]
2024: [Янв, Фев, Мар, Апр, Май, Июн, Июл, Авг, Сен]
*Внутренний оборот'

18-11-2024T04:00:08 - [MESSAGE][PASSED] - Text of object 'Object Repository/Страница авторизации/Text' is: 'Период
Январь, Февраль, Март, Апрель, Май, Июнь, Июль, Август, Сентябрь 2024 года
Выручка
Все
Выполнение плановых показателей по ПАО Россети за Январь, Февраль, Март, Апрель, Май, Июнь, Июль, Август, Сентябрь 2024 года
План
Факт
Динамика
2024 год
0 млн.руб.
100 000 млн.руб.
200 000 млн.руб.
300 000 млн.руб.
400 000 млн.руб.
500 000 млн.руб.
600 000 млн.руб.
700 000 млн.руб.
800 000 млн.руб.
900 000 млн.руб.
1 000 000 млн.руб.
1 100 000 млн.руб.
1 200 000 млн.руб.
1 300 000 млн.руб.
1 056 816
1 083 641
↑
ДЗО 
Все
Подписи данных
⬤Отклонение
АО «Тываэнерго»
АО «Чеченэнерго»
Россети Волга
Россети Кубань
Россети Ленэнерго (ГК)
Россети Московский регион
Россети Северный Кавказ (ГК)
Россети Северо-Запад
Россети Сибирь (ГК)
Россети Томск
Россети Тюмень
Россети Урал (ГК)
Россети ФСК ЕЭС
Россети Центр
Россети Центр и Приволжье (ГК)
Россети Юг (ГК)
Россети Янтарь
-5 000 млн.руб.
-4 000 млн.руб.
-3 000 млн.руб.
-2 000 млн.руб.
-1 000 млн.руб.
0 млн.руб.
1 000 млн.руб.
2 000 млн.руб.
3 000 млн.руб.
4 000 млн.руб.
5 000 млн.руб.
6 000 млн.руб.
7 000 млн.руб.
8 000 млн.руб.
239
68
25
3 470
3 855
6 900
821
839
2 116
213
-4 312
1 715
1 999
3 410
3 873
1 315
277
млн.
%
Выручка
Отклонение выручки по ПАО Россети за Январь, Февраль, Март, Апрель, Май, Июнь, Июль, Август, Сентябрь 2024 года (факт/план, млн. руб)
ПАО Россети
26 824.9 млн.руб.
Статус данных
×
Просьба обратить внимание
Данные занесены не полностью
ВЫБРАННЫЕ ЗНАЧЕНИЯ ФИЛЬТРОВ
ДЗО | ПЕРИОД
ПАО Россети: [«Выбраны все филиалы по всем ДЗО по всем категориям»]
2024: [Янв, Фев, Мар, Апр, Май, Июн, Июл, Авг, Сен]
*Внутренний оборот'

18-11-2024T04:00:08 - [TEST_STEP][PASSED] - searchWord = "а": null

18-11-2024T04:00:08 - [TEST_STEP][PASSED] - if (urlText.contains("ошибка") || urlText.contains(searchWord) == false): null

18-11-2024T04:00:08 - [TEST_STEP][PASSED] - delay(45): Delayed 45 second(s)

18-11-2024T04:00:53 - [MESSAGE][PASSED] - Delayed 45 second(s)

18-11-2024T04:00:53 - [TEST_STEP][PASSED] - if (block == 2): Delayed 50 second(s)

18-11-2024T04:00:53 - [TEST_STEP][PASSED] - opoveshenie = getText(findTestObject("Выручка в рублях/Просьба обратить внимание")): Text of object 'Object Repository/Выручка в рублях/Просьба обратить внимание' is: 'Просьба обратить внимание'

18-11-2024T04:00:53 - [MESSAGE][PASSED] - Text of object 'Object Repository/Выручка в рублях/Просьба обратить внимание' is: 'Просьба обратить внимание'

18-11-2024T04:00:53 - [TEST_STEP][PASSED] - if (opoveshenie == "Просьба обратить внимание"): Delayed 50 second(s)

18-11-2024T04:00:53 - [TEST_STEP][PASSED] - click(findTestObject("Выручка в рублях/Закрыть оповещение")): Object: 'Object Repository/Выручка в рублях/Закрыть оповещение' is clicked on

18-11-2024T04:00:54 - [MESSAGE][PASSED] - Object: 'Object Repository/Выручка в рублях/Закрыть оповещение' is clicked on

18-11-2024T04:00:54 - [TEST_STEP][PASSED] - delay(50): Delayed 50 second(s)

18-11-2024T04:01:44 - [MESSAGE][PASSED] - Delayed 50 second(s)

18-11-2024T04:01:44 - [TEST_STEP][PASSED] - click(findTestObject("Выручка в рублях/Фильтр Период" + nameOfBlock)): Object: 'Object Repository/Выручка в рублях/Фильтр Период Выручка' is clicked on

18-11-2024T04:01:44 - [MESSAGE][PASSED] - Object: 'Object Repository/Выручка в рублях/Фильтр Период Выручка' is clicked on

18-11-2024T04:01:44 - [TEST_STEP][PASSED] - click(findTestObject("Выручка в рублях/Снять выделение в фильтре Дата" + nameOfBlock)): Object: 'Object Repository/Выручка в рублях/Снять выделение в фильтре Дата Выручка' is clicked on

18-11-2024T04:01:45 - [MESSAGE][PASSED] - Object: 'Object Repository/Выручка в рублях/Снять выделение в фильтре Дата Выручка' is clicked on

18-11-2024T04:01:45 - [TEST_STEP][PASSED] - click(findTestObject("Выручка в рублях/Применить в фильтре Дата" + nameOfBlock)): Object: 'Object Repository/Выручка в рублях/Применить в фильтре Дата Выручка' is clicked on

18-11-2024T04:01:45 - [MESSAGE][PASSED] - Object: 'Object Repository/Выручка в рублях/Применить в фильтре Дата Выручка' is clicked on

18-11-2024T04:01:45 - [TEST_STEP][PASSED] - delay(50): Delayed 50 second(s)

18-11-2024T04:02:35 - [MESSAGE][PASSED] - Delayed 50 second(s)

18-11-2024T04:02:35 - [TEST_STEP][PASSED] - click(findTestObject("Выручка в рублях/Фильтр Период" + nameOfBlock)): Object: 'Object Repository/Выручка в рублях/Фильтр Период Выручка' is clicked on

18-11-2024T04:02:36 - [MESSAGE][PASSED] - Object: 'Object Repository/Выручка в рублях/Фильтр Период Выручка' is clicked on

18-11-2024T04:02:36 - [TEST_STEP][PASSED] - click(findTestObject("Выручка в рублях/Снять выделение в фильтре Дата" + nameOfBlock)): Object: 'Object Repository/Выручка в рублях/Снять выделение в фильтре Дата Выручка' is clicked on

18-11-2024T04:02:36 - [MESSAGE][PASSED] - Object: 'Object Repository/Выручка в рублях/Снять выделение в фильтре Дата Выручка' is clicked on

18-11-2024T04:02:36 - [TEST_STEP][PASSED] - scrollToElement(findTestObject("Выручка в рублях/2024 список" + nameOfBlock), 30): Scroll to object 'Object Repository/Выручка в рублях/2024 список Выручка' successfully

18-11-2024T04:02:36 - [MESSAGE][PASSED] - Scroll to object 'Object Repository/Выручка в рублях/2024 список Выручка' successfully

18-11-2024T04:02:36 - [TEST_STEP][PASSED] - click(findTestObject("Выручка в рублях/2024 список" + nameOfBlock)): Object: 'Object Repository/Выручка в рублях/2024 список Выручка' is clicked on

18-11-2024T04:02:37 - [MESSAGE][PASSED] - Object: 'Object Repository/Выручка в рублях/2024 список Выручка' is clicked on

18-11-2024T04:02:37 - [TEST_STEP][PASSED] - scrollToElement(findTestObject("Выручка в рублях/1 квартал 2024 выбрать" + nameOfBlock), 30): Scroll to object 'Object Repository/Выручка в рублях/1 квартал 2024 выбрать Выручка' successfully

18-11-2024T04:02:37 - [MESSAGE][PASSED] - Scroll to object 'Object Repository/Выручка в рублях/1 квартал 2024 выбрать Выручка' successfully

18-11-2024T04:02:37 - [TEST_STEP][PASSED] - click(findTestObject("Выручка в рублях/1 квартал 2024 выбрать" + nameOfBlock)): Object: 'Object Repository/Выручка в рублях/1 квартал 2024 выбрать Выручка' is clicked on

18-11-2024T04:02:38 - [MESSAGE][PASSED] - Object: 'Object Repository/Выручка в рублях/1 квартал 2024 выбрать Выручка' is clicked on

18-11-2024T04:02:38 - [TEST_STEP][PASSED] - scrollToElement(findTestObject("Выручка в рублях/2 квартал 2024 выбрать" + nameOfBlock), 30): Scroll to object 'Object Repository/Выручка в рублях/2 квартал 2024 выбрать Выручка' successfully

18-11-2024T04:02:38 - [MESSAGE][PASSED] - Scroll to object 'Object Repository/Выручка в рублях/2 квартал 2024 выбрать Выручка' successfully

18-11-2024T04:02:38 - [TEST_STEP][PASSED] - click(findTestObject("Выручка в рублях/2 квартал 2024 выбрать" + nameOfBlock)): Object: 'Object Repository/Выручка в рублях/2 квартал 2024 выбрать Выручка' is clicked on

18-11-2024T04:02:38 - [MESSAGE][PASSED] - Object: 'Object Repository/Выручка в рублях/2 квартал 2024 выбрать Выручка' is clicked on

18-11-2024T04:02:38 - [TEST_STEP][PASSED] - scrollToElement(findTestObject("Выручка в рублях/3 квартал 2024 список" + nameOfBlock), 30): Scroll to object 'Object Repository/Выручка в рублях/3 квартал 2024 список Выручка' successfully

18-11-2024T04:02:39 - [MESSAGE][PASSED] - Scroll to object 'Object Repository/Выручка в рублях/3 квартал 2024 список Выручка' successfully

18-11-2024T04:02:39 - [TEST_STEP][PASSED] - click(findTestObject("Выручка в рублях/3 квартал 2024" + nameOfBlock)): Object: 'Object Repository/Выручка в рублях/3 квартал 2024 Выручка' is clicked on

18-11-2024T04:02:39 - [MESSAGE][PASSED] - Object: 'Object Repository/Выручка в рублях/3 квартал 2024 Выручка' is clicked on

18-11-2024T04:02:39 - [TEST_STEP][PASSED] - scrollToElement(findTestObject("Выручка в рублях/Заголовок дашборда" + nameOfBlock), 30): Scroll to object 'Object Repository/Выручка в рублях/Заголовок дашборда Выручка' successfully

18-11-2024T04:02:40 - [MESSAGE][PASSED] - Scroll to object 'Object Repository/Выручка в рублях/Заголовок дашборда Выручка' successfully

18-11-2024T04:02:40 - [TEST_STEP][PASSED] - click(findTestObject("Выручка в рублях/Применить в фильтре Дата" + nameOfBlock)): Object: 'Object Repository/Выручка в рублях/Применить в фильтре Дата Выручка' is clicked on

18-11-2024T04:02:40 - [MESSAGE][PASSED] - Object: 'Object Repository/Выручка в рублях/Применить в фильтре Дата Выручка' is clicked on

18-11-2024T04:02:40 - [TEST_STEP][PASSED] - delay(55): Delayed 55 second(s)

18-11-2024T04:03:35 - [MESSAGE][PASSED] - Delayed 55 second(s)

18-11-2024T04:03:35 - [TEST_STEP][PASSED] - click(findTestObject("Выручка в рублях/Фильтр ДЗО" + nameOfBlock)): Object: 'Object Repository/Выручка в рублях/Фильтр ДЗО Выручка' is clicked on

18-11-2024T04:03:36 - [MESSAGE][PASSED] - Object: 'Object Repository/Выручка в рублях/Фильтр ДЗО Выручка' is clicked on

18-11-2024T04:03:36 - [TEST_STEP][PASSED] - click(findTestObject("Выручка в рублях/Снять выделение в фильтре ДЗО" + nameOfBlock)): Object: 'Object Repository/Выручка в рублях/Снять выделение в фильтре ДЗО Выручка' is clicked on

18-11-2024T04:03:36 - [MESSAGE][PASSED] - Object: 'Object Repository/Выручка в рублях/Снять выделение в фильтре ДЗО Выручка' is clicked on

18-11-2024T04:03:36 - [TEST_STEP][PASSED] - click(findTestObject("Выручка в рублях/Применить в фильтре ДЗО" + nameOfBlock)): Object: 'Object Repository/Выручка в рублях/Применить в фильтре ДЗО Выручка' is clicked on

18-11-2024T04:03:37 - [MESSAGE][PASSED] - Object: 'Object Repository/Выручка в рублях/Применить в фильтре ДЗО Выручка' is clicked on

18-11-2024T04:03:37 - [TEST_STEP][PASSED] - delay(50): Delayed 50 second(s)

18-11-2024T04:04:27 - [MESSAGE][PASSED] - Delayed 50 second(s)

18-11-2024T04:04:27 - [TEST_STEP][PASSED] - Script1710234207206.Tumbler(run, vir, block, nameOfBlock): null

18-11-2024T04:04:27 - [TEST_STEP][PASSED] - println("run:" + run): null

18-11-2024T04:04:27 - [TEST_STEP][PASSED] - println("vir:" + vir): null

18-11-2024T04:04:27 - [TEST_STEP][PASSED] - println("block:" + block): null

18-11-2024T04:04:27 - [TEST_STEP][PASSED] - println("nameOfBlock:" + nameOfBlock): null

18-11-2024T04:04:27 - [TEST_STEP][PASSED] - if (vir == 1): null

18-11-2024T04:04:27 - [TEST_STEP][PASSED] - else if (vir == 2): Object: 'Object Repository/Выручка в рублях/Применить в фильтре Выручка Выручка' is clicked on

18-11-2024T04:04:27 - [TEST_STEP][PASSED] - if (run == 2): Object: 'Object Repository/Выручка в рублях/Переключить отображение с млн на проценты Выручка в рублях Выручка' is clicked on

18-11-2024T04:04:27 - [TEST_STEP][PASSED] - click(findTestObject("Выручка в рублях/Переключить отображение с млн на проценты Выручка в рублях" + nameOfBlock)): Object: 'Object Repository/Выручка в рублях/Переключить отображение с млн на проценты Выручка в рублях Выручка' is clicked on

18-11-2024T04:04:27 - [MESSAGE][PASSED] - Object: 'Object Repository/Выручка в рублях/Переключить отображение с млн на проценты Выручка в рублях Выручка' is clicked on

18-11-2024T04:04:27 - [TEST_STEP][PASSED] - click(findTestObject("Выручка в рублях/Фильтр Выручка" + nameOfBlock)): Object: 'Object Repository/Выручка в рублях/Фильтр Выручка Выручка' is clicked on

18-11-2024T04:04:28 - [MESSAGE][PASSED] - Object: 'Object Repository/Выручка в рублях/Фильтр Выручка Выручка' is clicked on

18-11-2024T04:04:28 - [TEST_STEP][PASSED] - click(findTestObject("Выручка в рублях/Итого в фильтре Выручка" + nameOfBlock)): Object: 'Object Repository/Выручка в рублях/Итого в фильтре Выручка Выручка' is clicked on

18-11-2024T04:04:28 - [MESSAGE][PASSED] - Object: 'Object Repository/Выручка в рублях/Итого в фильтре Выручка Выручка' is clicked on

18-11-2024T04:04:28 - [TEST_STEP][PASSED] - click(findTestObject("Выручка в рублях/Применить в фильтре Выручка" + nameOfBlock)): Object: 'Object Repository/Выручка в рублях/Применить в фильтре Выручка Выручка' is clicked on

18-11-2024T04:04:29 - [MESSAGE][PASSED] - Object: 'Object Repository/Выручка в рублях/Применить в фильтре Выручка Выручка' is clicked on

18-11-2024T04:04:29 - [TEST_STEP][PASSED] - click(findTestObject("Выручка в рублях/Фильтр ДЗО" + nameOfBlock)): Object: 'Object Repository/Выручка в рублях/Фильтр ДЗО Выручка' is clicked on

18-11-2024T04:04:31 - [MESSAGE][PASSED] - Object: 'Object Repository/Выручка в рублях/Фильтр ДЗО Выручка' is clicked on

18-11-2024T04:04:31 - [TEST_STEP][PASSED] - Script1710234207206.Rosseti(nameOfBlock): null

18-11-2024T04:04:31 - [TEST_STEP][PASSED] - println("nameOfBlock:" + nameOfBlock): null

18-11-2024T04:04:31 - [TEST_STEP][PASSED] - click(findTestObject("Выручка в рублях/ПАО Россети" + nameOfBlock)): Object: 'Object Repository/Выручка в рублях/ПАО Россети Выручка' is clicked on

18-11-2024T04:04:32 - [MESSAGE][PASSED] - Object: 'Object Repository/Выручка в рублях/ПАО Россети Выручка' is clicked on

18-11-2024T04:04:32 - [TEST_STEP][PASSED] - click(findTestObject("Выручка в рублях/Применить в фильтре ДЗО" + nameOfBlock)): Object: 'Object Repository/Выручка в рублях/Применить в фильтре ДЗО Выручка' is clicked on

18-11-2024T04:04:32 - [MESSAGE][PASSED] - Object: 'Object Repository/Выручка в рублях/Применить в фильтре ДЗО Выручка' is clicked on

18-11-2024T04:04:32 - [TEST_STEP][PASSED] - if (vir == 1 || vir == 2): Text of object 'Object Repository/Выручка в рублях/График План Выручка' is: '1 038 923'

18-11-2024T04:04:32 - [TEST_STEP][PASSED] - b1 = getText(findTestObject("Выручка в рублях/График План Выручка")): Text of object 'Object Repository/Выручка в рублях/График План Выручка' is: '1 038 923'

18-11-2024T04:04:34 - [MESSAGE][PASSED] - Text of object 'Object Repository/Выручка в рублях/График План Выручка' is: '1 038 923'

18-11-2024T04:04:34 - [TEST_STEP][PASSED] - if (vir == 1 || vir == 2): Text of object 'Object Repository/Выручка в рублях/График Факт Выручка' is: '1 065 140'

18-11-2024T04:04:34 - [TEST_STEP][PASSED] - b2 = getText(findTestObject("Выручка в рублях/График Факт Выручка")): Text of object 'Object Repository/Выручка в рублях/График Факт Выручка' is: '1 065 140'

18-11-2024T04:04:34 - [MESSAGE][PASSED] - Text of object 'Object Repository/Выручка в рублях/График Факт Выручка' is: '1 065 140'

18-11-2024T04:04:34 - [TEST_STEP][PASSED] - b30 = getText(findTestObject("Выручка в рублях/span1" + perc)): Text of object 'Object Repository/Выручка в рублях/span1 Perc' is: '2.52 %'

18-11-2024T04:04:34 - [MESSAGE][PASSED] - Text of object 'Object Repository/Выручка в рублях/span1 Perc' is: '2.52 %'

18-11-2024T04:04:34 - [TEST_STEP][PASSED] - i = b30.indexOf("млн.руб."): null

18-11-2024T04:04:34 - [TEST_STEP][PASSED] - if (i > -1): null

18-11-2024T04:04:34 - [TEST_STEP][PASSED] - if (b30.contains("%")): null

18-11-2024T04:04:34 - [TEST_STEP][PASSED] - b30 = b30.replaceAll("%", ""): null

18-11-2024T04:04:34 - [TEST_STEP][PASSED] - b30 = ").trim(): null

18-11-2024T04:04:34 - [TEST_STEP][PASSED] - println("b30: " + b30): null

18-11-2024T04:04:34 - [TEST_STEP][PASSED] - if (vir == 1 || vir == 2): Text of object 'Object Repository/Выручка в рублях/span2 Perc' is: '260.61 %'

18-11-2024T04:04:34 - [TEST_STEP][PASSED] - b31 = ").trim(): Text of object 'Object Repository/Выручка в рублях/span2 Perc' is: '260.61 %'

18-11-2024T04:04:35 - [MESSAGE][PASSED] - Text of object 'Object Repository/Выручка в рублях/span2 Perc' is: '260.61 %'

18-11-2024T04:04:35 - [TEST_STEP][PASSED] - if (vir == 1 || vir == 2): Text of object 'Object Repository/Выручка в рублях/span3 Perc' is: '-45.95 %'

18-11-2024T04:04:35 - [TEST_STEP][PASSED] - b32 = ").trim(): Text of object 'Object Repository/Выручка в рублях/span3 Perc' is: '-45.95 %'

18-11-2024T04:04:35 - [MESSAGE][PASSED] - Text of object 'Object Repository/Выручка в рублях/span3 Perc' is: '-45.95 %'

18-11-2024T04:04:35 - [TEST_STEP][PASSED] - if (vir == 1 || vir == 2): Text of object 'Object Repository/Выручка в рублях/span8 Perc' is: '2.68 %'

18-11-2024T04:04:35 - [TEST_STEP][PASSED] - b33 = ").trim(): Text of object 'Object Repository/Выручка в рублях/span4 Perc' is: '0.04 %'

18-11-2024T04:04:35 - [MESSAGE][PASSED] - Text of object 'Object Repository/Выручка в рублях/span4 Perc' is: '0.04 %'

18-11-2024T04:04:35 - [TEST_STEP][PASSED] - b34 = ").trim(): Text of object 'Object Repository/Выручка в рублях/span5 Perc' is: '6.11 %'

18-11-2024T04:04:36 - [MESSAGE][PASSED] - Text of object 'Object Repository/Выручка в рублях/span5 Perc' is: '6.11 %'

18-11-2024T04:04:36 - [TEST_STEP][PASSED] - b35 = ").trim(): Text of object 'Object Repository/Выручка в рублях/span6 Perc' is: '5.21 %'

18-11-2024T04:04:36 - [MESSAGE][PASSED] - Text of object 'Object Repository/Выручка в рублях/span6 Perc' is: '5.21 %'

18-11-2024T04:04:36 - [TEST_STEP][PASSED] - b36 = ").trim(): Text of object 'Object Repository/Выручка в рублях/span7 Perc' is: '4.51 %'

18-11-2024T04:04:36 - [MESSAGE][PASSED] - Text of object 'Object Repository/Выручка в рублях/span7 Perc' is: '4.51 %'

18-11-2024T04:04:36 - [TEST_STEP][PASSED] - b37 = ").trim(): Text of object 'Object Repository/Выручка в рублях/span8 Perc' is: '2.68 %'

18-11-2024T04:04:36 - [MESSAGE][PASSED] - Text of object 'Object Repository/Выручка в рублях/span8 Perc' is: '2.68 %'

18-11-2024T04:04:36 - [TEST_STEP][PASSED] - if (vir == 1 || vir == 2): Text of object 'Object Repository/Выручка в рублях/span17 Perc' is: '3.35 %'

18-11-2024T04:04:36 - [TEST_STEP][PASSED] - b38 = ").trim(): Text of object 'Object Repository/Выручка в рублях/span9 Perc' is: '2.16 %'

18-11-2024T04:04:37 - [MESSAGE][PASSED] - Text of object 'Object Repository/Выручка в рублях/span9 Perc' is: '2.16 %'

18-11-2024T04:04:37 - [TEST_STEP][PASSED] - b39 = ").trim(): Text of object 'Object Repository/Выручка в рублях/span10 Perc' is: '4.15 %'

18-11-2024T04:04:37 - [MESSAGE][PASSED] - Text of object 'Object Repository/Выручка в рублях/span10 Perc' is: '4.15 %'

18-11-2024T04:04:37 - [TEST_STEP][PASSED] - b310 = ").trim(): Text of object 'Object Repository/Выручка в рублях/span11 Perc' is: '3.07 %'

18-11-2024T04:04:37 - [MESSAGE][PASSED] - Text of object 'Object Repository/Выручка в рублях/span11 Perc' is: '3.07 %'

18-11-2024T04:04:37 - [TEST_STEP][PASSED] - b311 = ").trim(): Text of object 'Object Repository/Выручка в рублях/span12 Perc' is: '-6.98 %'

18-11-2024T04:04:38 - [MESSAGE][PASSED] - Text of object 'Object Repository/Выручка в рублях/span12 Perc' is: '-6.98 %'

18-11-2024T04:04:38 - [TEST_STEP][PASSED] - b312 = ").trim(): Text of object 'Object Repository/Выручка в рублях/span13 Perc' is: '2.23 %'

18-11-2024T04:04:38 - [MESSAGE][PASSED] - Text of object 'Object Repository/Выручка в рублях/span13 Perc' is: '2.23 %'

18-11-2024T04:04:38 - [TEST_STEP][PASSED] - b313 = ").trim(): Text of object 'Object Repository/Выручка в рублях/span14 Perc' is: '0.87 %'

18-11-2024T04:04:38 - [MESSAGE][PASSED] - Text of object 'Object Repository/Выручка в рублях/span14 Perc' is: '0.87 %'

18-11-2024T04:04:38 - [TEST_STEP][PASSED] - b314 = ").trim(): Text of object 'Object Repository/Выручка в рублях/span15 Perc' is: '4 %'

18-11-2024T04:04:38 - [MESSAGE][PASSED] - Text of object 'Object Repository/Выручка в рублях/span15 Perc' is: '4 %'

18-11-2024T04:04:38 - [TEST_STEP][PASSED] - b315 = ").trim(): Text of object 'Object Repository/Выручка в рублях/span16 Perc' is: '4.25 %'

18-11-2024T04:04:39 - [MESSAGE][PASSED] - Text of object 'Object Repository/Выручка в рублях/span16 Perc' is: '4.25 %'

18-11-2024T04:04:39 - [TEST_STEP][PASSED] - b316 = ").trim(): Text of object 'Object Repository/Выручка в рублях/span17 Perc' is: '3.35 %'

18-11-2024T04:04:39 - [MESSAGE][PASSED] - Text of object 'Object Repository/Выручка в рублях/span17 Perc' is: '3.35 %'

18-11-2024T04:04:39 - [TEST_STEP][PASSED] - if (vir == 1 || vir == 2): Text of object 'Object Repository/Выручка в рублях/span18 Perc' is: '3.93 %'

18-11-2024T04:04:39 - [TEST_STEP][PASSED] - b317 = ").trim(): Text of object 'Object Repository/Выручка в рублях/span18 Perc' is: '3.93 %'

18-11-2024T04:04:39 - [MESSAGE][PASSED] - Text of object 'Object Repository/Выручка в рублях/span18 Perc' is: '3.93 %'

18-11-2024T04:04:39 - [TEST_STEP][PASSED] - dZO = "ПАО Россети": null

18-11-2024T04:04:39 - [TEST_STEP][PASSED] - if (verifyEqual(a1, b1) == false): Actual object '1 038 923' and expected object '1 038 923' are equal

18-11-2024T04:04:39 - [MESSAGE][PASSED] - Actual object '1 038 923' and expected object '1 038 923' are equal

18-11-2024T04:04:39 - [TEST_STEP][PASSED] - if (verifyEqual(a2, b2) == false): Actual object '1 065 140' and expected object '1 065 140' are equal

18-11-2024T04:04:39 - [MESSAGE][PASSED] - Actual object '1 065 140' and expected object '1 065 140' are equal

18-11-2024T04:04:39 - [TEST_STEP][PASSED] - vidget = "Отклонения": null

18-11-2024T04:04:39 - [TEST_STEP][FAILED] - if (verifyEqual(a30, b30) == false): null

18-11-2024T04:04:39 - [MESSAGE][FAILED] - Unable to verify equal between actual object '-23.25' and expected object '2.52' (Root cause: com.kms.katalon.core.exception.StepFailedException: Actual object '-23.25' and expected object '2.52' are not equal
	at com.kms.katalon.core.keyword.builtin.VerifyEqualKeyword$_verifyEqual_closure1.doCall(VerifyEqualKeyword.groovy:58)
	at com.kms.katalon.core.keyword.builtin.VerifyEqualKeyword$_verifyEqual_closure1.call(VerifyEqualKeyword.groovy)
	at com.kms.katalon.core.keyword.internal.KeywordMain.runKeyword(KeywordMain.groovy:75)
	at com.kms.katalon.core.keyword.builtin.VerifyEqualKeyword.verifyEqual(VerifyEqualKeyword.groovy:63)
	at com.kms.katalon.core.keyword.builtin.VerifyEqualKeyword.execute(VerifyEqualKeyword.groovy:44)
	at com.kms.katalon.core.keyword.internal.KeywordExecutor.executeKeywordForPlatform(KeywordExecutor.groovy:74)
	at com.kms.katalon.core.keyword.BuiltinKeywords.verifyEqual(BuiltinKeywords.groovy:146)
	at jdk.internal.reflect.GeneratedMethodAccessor25.invoke(Unknown Source)
	at java.base/jdk.internal.reflect.DelegatingMethodAccessorImpl.invoke(DelegatingMethodAccessorImpl.java:43)
	at Выручка в рублях сверка дашбордов ПАО Россети.Blocks(Выручка в рублях сверка дашбордов ПАО Россети:357)
	at Выручка в рублях сверка дашбордов ПАО Россети.ViruchkaChange(Выручка в рублях сверка дашбордов ПАО Россети:60)
	at Выручка в рублях сверка дашбордов ПАО Россети.run(Выручка в рублях сверка дашбордов ПАО Россети:55)
	at com.kms.katalon.core.main.ScriptEngine.run(ScriptEngine.java:194)
	at com.kms.katalon.core.main.ScriptEngine.runScriptAsRawText(ScriptEngine.java:119)
	at com.kms.katalon.core.main.TestCaseExecutor.runScript(TestCaseExecutor.java:448)
	at com.kms.katalon.core.main.TestCaseExecutor.doExecute(TestCaseExecutor.java:439)
	at com.kms.katalon.core.main.TestCaseExecutor.processExecutionPhase(TestCaseExecutor.java:418)
	at com.kms.katalon.core.main.TestCaseExecutor.accessMainPhase(TestCaseExecutor.java:410)
	at com.kms.katalon.core.main.TestCaseExecutor.execute(TestCaseExecutor.java:285)
	at com.kms.katalon.core.common.CommonExecutor.accessTestCaseMainPhase(CommonExecutor.java:65)
	at com.kms.katalon.core.main.TestSuiteExecutor.accessTestSuiteMainPhase(TestSuiteExecutor.java:150)
	at com.kms.katalon.core.main.TestSuiteExecutor.execute(TestSuiteExecutor.java:106)
	at com.kms.katalon.core.main.TestCaseMain.startTestSuite(TestCaseMain.java:180)
	at TempTestSuite1731886967590.run(TempTestSuite1731886967590.groovy:35)
	at java.base/jdk.internal.reflect.NativeMethodAccessorImpl.invoke0(Native Method)
	at java.base/jdk.internal.reflect.NativeMethodAccessorImpl.invoke(NativeMethodAccessorImpl.java:77)
	at java.base/jdk.internal.reflect.DelegatingMethodAccessorImpl.invoke(DelegatingMethodAccessorImpl.java:43)
)

18-11-2024T04:04:39 - [TEST_STEP][PASSED] - a = replaceAll("\s+", "").toDouble(): null

18-11-2024T04:04:39 - [TEST_STEP][PASSED] - b = replaceAll("\s+", "").toDouble(): null

18-11-2024T04:04:39 - [TEST_STEP][PASSED] - Script1710234207206.WriteToExcel(todaysDate, run, vir, block, typeOfData, viruchka, vidget, nameOfBlock, a, b, dZO): null

18-11-2024T04:04:39 - [TEST_STEP][PASSED] - println(run): null

18-11-2024T04:04:39 - [TEST_STEP][PASSED] - if (run == 1): null

18-11-2024T04:04:39 - [TEST_STEP][PASSED] - else if (run == 2): null

18-11-2024T04:04:39 - [TEST_STEP][PASSED] - typeOfData = "Проценты": null

18-11-2024T04:04:39 - [TEST_STEP][PASSED] - println("todaysDate:" + todaysDate): null

18-11-2024T04:04:39 - [TEST_STEP][PASSED] - println("typeOfData:" + typeOfData): null

18-11-2024T04:04:39 - [TEST_STEP][PASSED] - viruchka = getText(findTestObject("Выручка в рублях/Фильтр Выручка" + nameOfBlock)): Text of object 'Object Repository/Выручка в рублях/Фильтр Выручка Выручка' is: 'ПЕРЕДАЧА ЭЛЕКТРОЭНЕРГИИ (ИТОГО, по всем видам тарифа)'

18-11-2024T04:04:40 - [MESSAGE][PASSED] - Text of object 'Object Repository/Выручка в рублях/Фильтр Выручка Выручка' is: 'ПЕРЕДАЧА ЭЛЕКТРОЭНЕРГИИ (ИТОГО, по всем видам тарифа)'

18-11-2024T04:04:40 - [TEST_STEP][PASSED] - println("viruchka" + viruchka): null

18-11-2024T04:04:40 - [TEST_STEP][PASSED] - println("vidget" + vidget): null

18-11-2024T04:04:40 - [TEST_STEP][PASSED] - println("a" + a): null

18-11-2024T04:04:40 - [TEST_STEP][PASSED] - println("b" + b): null

18-11-2024T04:04:40 - [TEST_STEP][PASSED] - sheetName = "Sheet1": null

18-11-2024T04:04:40 - [TEST_STEP][PASSED] - data = findTestData("PlanFact"): null

18-11-2024T04:04:40 - [TEST_STEP][PASSED] - n = data.getRowNumbers() + 1: null

18-11-2024T04:04:40 - [TEST_STEP][PASSED] - period = getText(findTestObject("Выручка в рублях/Фильтр Период")): Text of object 'Object Repository/Выручка в рублях/Фильтр Период' is: '1, 2, 3 кв. 2024 года'

18-11-2024T04:04:40 - [MESSAGE][PASSED] - Text of object 'Object Repository/Выручка в рублях/Фильтр Период' is: '1, 2, 3 кв. 2024 года'

18-11-2024T04:04:40 - [TEST_STEP][PASSED] - println(period): null

18-11-2024T04:04:40 - [TEST_STEP][PASSED] - dashboardName = "Выручка в рублях": null

18-11-2024T04:04:40 - [TEST_STEP][PASSED] - workbook01 = getWorkbook(excelFilePath): null

18-11-2024T04:04:40 - [TEST_STEP][PASSED] - sheet01 = getExcelSheet(workbook01, sheetName): null

18-11-2024T04:04:40 - [TEST_STEP][PASSED] - setValueToCellByIndex(sheet01, n, 0, dashboardName): null

18-11-2024T04:04:40 - [TEST_STEP][PASSED] - setValueToCellByIndex(sheet01, n, 1, dZO): null

18-11-2024T04:04:40 - [TEST_STEP][PASSED] - setValueToCellByIndex(sheet01, n, 2, vidget): null

18-11-2024T04:04:40 - [TEST_STEP][PASSED] - setValueToCellByIndex(sheet01, n, 3, viruchka): null

18-11-2024T04:04:40 - [TEST_STEP][PASSED] - setValueToCellByIndex(sheet01, n, 4, typeOfData): null

18-11-2024T04:04:40 - [TEST_STEP][PASSED] - if (a == null): null

18-11-2024T04:04:40 - [TEST_STEP][PASSED] - else: null

18-11-2024T04:04:40 - [TEST_STEP][PASSED] - setValueToCellByIndex(sheet01, n, 5, a): null

18-11-2024T04:04:40 - [TEST_STEP][PASSED] - if (b == null): null

18-11-2024T04:04:40 - [TEST_STEP][PASSED] - else: null

18-11-2024T04:04:40 - [TEST_STEP][PASSED] - setValueToCellByIndex(sheet01, n, 6, b): null

18-11-2024T04:04:40 - [TEST_STEP][PASSED] - setValueToCellByIndex(sheet01, n, 7, period): null

18-11-2024T04:04:40 - [TEST_STEP][PASSED] - setValueToCellByIndex(sheet01, n, 8, todaysDate): null

18-11-2024T04:04:40 - [TEST_STEP][PASSED] - n = n + 1: null

18-11-2024T04:04:40 - [TEST_STEP][PASSED] - saveWorkbook(excelFilePath, workbook01): null

18-11-2024T04:04:40 - [TEST_STEP][PASSED] - dZO = "АО «Тываэнерго»": null

18-11-2024T04:04:40 - [TEST_STEP][PASSED] - if (verifyEqual(a31, b31) == false): Actual object '260.61' and expected object '260.61' are equal

18-11-2024T04:04:40 - [MESSAGE][PASSED] - Actual object '260.61' and expected object '260.61' are equal

18-11-2024T04:04:40 - [TEST_STEP][PASSED] - dZO = "АО «Чеченэнерго»": null

18-11-2024T04:04:40 - [TEST_STEP][FAILED] - if (verifyEqual(a32, b32) == false): null

18-11-2024T04:04:40 - [MESSAGE][FAILED] - Unable to verify equal between actual object '-72.97' and expected object '-45.95' (Root cause: com.kms.katalon.core.exception.StepFailedException: Actual object '-72.97' and expected object '-45.95' are not equal
	at com.kms.katalon.core.keyword.builtin.VerifyEqualKeyword$_verifyEqual_closure1.doCall(VerifyEqualKeyword.groovy:58)
	at com.kms.katalon.core.keyword.builtin.VerifyEqualKeyword$_verifyEqual_closure1.call(VerifyEqualKeyword.groovy)
	at com.kms.katalon.core.keyword.internal.KeywordMain.runKeyword(KeywordMain.groovy:75)
	at com.kms.katalon.core.keyword.builtin.VerifyEqualKeyword.verifyEqual(VerifyEqualKeyword.groovy:63)
	at com.kms.katalon.core.keyword.builtin.VerifyEqualKeyword.execute(VerifyEqualKeyword.groovy:44)
	at com.kms.katalon.core.keyword.internal.KeywordExecutor.executeKeywordForPlatform(KeywordExecutor.groovy:74)
	at com.kms.katalon.core.keyword.BuiltinKeywords.verifyEqual(BuiltinKeywords.groovy:146)
	at jdk.internal.reflect.GeneratedMethodAccessor25.invoke(Unknown Source)
	at java.base/jdk.internal.reflect.DelegatingMethodAccessorImpl.invoke(DelegatingMethodAccessorImpl.java:43)
	at Выручка в рублях сверка дашбордов ПАО Россети.Blocks(Выручка в рублях сверка дашбордов ПАО Россети:377)
	at Выручка в рублях сверка дашбордов ПАО Россети.ViruchkaChange(Выручка в рублях сверка дашбордов ПАО Россети:60)
	at Выручка в рублях сверка дашбордов ПАО Россети.run(Выручка в рублях сверка дашбордов ПАО Россети:55)
	at com.kms.katalon.core.main.ScriptEngine.run(ScriptEngine.java:194)
	at com.kms.katalon.core.main.ScriptEngine.runScriptAsRawText(ScriptEngine.java:119)
	at com.kms.katalon.core.main.TestCaseExecutor.runScript(TestCaseExecutor.java:448)
	at com.kms.katalon.core.main.TestCaseExecutor.doExecute(TestCaseExecutor.java:439)
	at com.kms.katalon.core.main.TestCaseExecutor.processExecutionPhase(TestCaseExecutor.java:418)
	at com.kms.katalon.core.main.TestCaseExecutor.accessMainPhase(TestCaseExecutor.java:410)
	at com.kms.katalon.core.main.TestCaseExecutor.execute(TestCaseExecutor.java:285)
	at com.kms.katalon.core.common.CommonExecutor.accessTestCaseMainPhase(CommonExecutor.java:65)
	at com.kms.katalon.core.main.TestSuiteExecutor.accessTestSuiteMainPhase(TestSuiteExecutor.java:150)
	at com.kms.katalon.core.main.TestSuiteExecutor.execute(TestSuiteExecutor.java:106)
	at com.kms.katalon.core.main.TestCaseMain.startTestSuite(TestCaseMain.java:180)
	at TempTestSuite1731886967590.run(TempTestSuite1731886967590.groovy:35)
	at java.base/jdk.internal.reflect.NativeMethodAccessorImpl.invoke0(Native Method)
	at java.base/jdk.internal.reflect.NativeMethodAccessorImpl.invoke(NativeMethodAccessorImpl.java:77)
	at java.base/jdk.internal.reflect.DelegatingMethodAccessorImpl.invoke(DelegatingMethodAccessorImpl.java:43)
)

18-11-2024T04:04:40 - [TEST_STEP][PASSED] - a = replaceAll("\s+", "").toDouble(): null

18-11-2024T04:04:40 - [TEST_STEP][PASSED] - b = replaceAll("\s+", "").toDouble(): null

18-11-2024T04:04:40 - [TEST_STEP][PASSED] - Script1710234207206.WriteToExcel(todaysDate, run, vir, block, typeOfData, viruchka, vidget, nameOfBlock, a, b, dZO): null

18-11-2024T04:04:40 - [TEST_STEP][PASSED] - println(run): null

18-11-2024T04:04:40 - [TEST_STEP][PASSED] - if (run == 1): null

18-11-2024T04:04:40 - [TEST_STEP][PASSED] - else if (run == 2): null

18-11-2024T04:04:40 - [TEST_STEP][PASSED] - typeOfData = "Проценты": null

18-11-2024T04:04:40 - [TEST_STEP][PASSED] - println("todaysDate:" + todaysDate): null

18-11-2024T04:04:40 - [TEST_STEP][PASSED] - println("typeOfData:" + typeOfData): null

18-11-2024T04:04:40 - [TEST_STEP][PASSED] - viruchka = getText(findTestObject("Выручка в рублях/Фильтр Выручка" + nameOfBlock)): Text of object 'Object Repository/Выручка в рублях/Фильтр Выручка Выручка' is: 'ПЕРЕДАЧА ЭЛЕКТРОЭНЕРГИИ (ИТОГО, по всем видам тарифа)'

18-11-2024T04:04:41 - [MESSAGE][PASSED] - Text of object 'Object Repository/Выручка в рублях/Фильтр Выручка Выручка' is: 'ПЕРЕДАЧА ЭЛЕКТРОЭНЕРГИИ (ИТОГО, по всем видам тарифа)'

18-11-2024T04:04:41 - [TEST_STEP][PASSED] - println("viruchka" + viruchka): null

18-11-2024T04:04:41 - [TEST_STEP][PASSED] - println("vidget" + vidget): null

18-11-2024T04:04:41 - [TEST_STEP][PASSED] - println("a" + a): null

18-11-2024T04:04:41 - [TEST_STEP][PASSED] - println("b" + b): null

18-11-2024T04:04:41 - [TEST_STEP][PASSED] - sheetName = "Sheet1": null

18-11-2024T04:04:41 - [TEST_STEP][PASSED] - data = findTestData("PlanFact"): null

18-11-2024T04:04:41 - [TEST_STEP][PASSED] - n = data.getRowNumbers() + 1: null

18-11-2024T04:04:41 - [TEST_STEP][PASSED] - period = getText(findTestObject("Выручка в рублях/Фильтр Период")): Text of object 'Object Repository/Выручка в рублях/Фильтр Период' is: '1, 2, 3 кв. 2024 года'

18-11-2024T04:04:41 - [MESSAGE][PASSED] - Text of object 'Object Repository/Выручка в рублях/Фильтр Период' is: '1, 2, 3 кв. 2024 года'

18-11-2024T04:04:41 - [TEST_STEP][PASSED] - println(period): null

18-11-2024T04:04:41 - [TEST_STEP][PASSED] - dashboardName = "Выручка в рублях": null

18-11-2024T04:04:41 - [TEST_STEP][PASSED] - workbook01 = getWorkbook(excelFilePath): null

18-11-2024T04:04:41 - [TEST_STEP][PASSED] - sheet01 = getExcelSheet(workbook01, sheetName): null

18-11-2024T04:04:41 - [TEST_STEP][PASSED] - setValueToCellByIndex(sheet01, n, 0, dashboardName): null

18-11-2024T04:04:41 - [TEST_STEP][PASSED] - setValueToCellByIndex(sheet01, n, 1, dZO): null

18-11-2024T04:04:41 - [TEST_STEP][PASSED] - setValueToCellByIndex(sheet01, n, 2, vidget): null

18-11-2024T04:04:41 - [TEST_STEP][PASSED] - setValueToCellByIndex(sheet01, n, 3, viruchka): null

18-11-2024T04:04:41 - [TEST_STEP][PASSED] - setValueToCellByIndex(sheet01, n, 4, typeOfData): null

18-11-2024T04:04:41 - [TEST_STEP][PASSED] - if (a == null): null

18-11-2024T04:04:41 - [TEST_STEP][PASSED] - else: null

18-11-2024T04:04:41 - [TEST_STEP][PASSED] - setValueToCellByIndex(sheet01, n, 5, a): null

18-11-2024T04:04:41 - [TEST_STEP][PASSED] - if (b == null): null

18-11-2024T04:04:41 - [TEST_STEP][PASSED] - else: null

18-11-2024T04:04:41 - [TEST_STEP][PASSED] - setValueToCellByIndex(sheet01, n, 6, b): null

18-11-2024T04:04:41 - [TEST_STEP][PASSED] - setValueToCellByIndex(sheet01, n, 7, period): null

18-11-2024T04:04:41 - [TEST_STEP][PASSED] - setValueToCellByIndex(sheet01, n, 8, todaysDate): null

18-11-2024T04:04:41 - [TEST_STEP][PASSED] - n = n + 1: null

18-11-2024T04:04:41 - [TEST_STEP][PASSED] - saveWorkbook(excelFilePath, workbook01): null

18-11-2024T04:04:41 - [TEST_STEP][PASSED] - dZO = "Россети Волга": null

18-11-2024T04:04:41 - [TEST_STEP][FAILED] - if (verifyEqual(a33, b33) == false): null

18-11-2024T04:04:41 - [MESSAGE][FAILED] - Unable to verify equal between actual object '-49.98' and expected object '0.04' (Root cause: com.kms.katalon.core.exception.StepFailedException: Actual object '-49.98' and expected object '0.04' are not equal
	at com.kms.katalon.core.keyword.builtin.VerifyEqualKeyword$_verifyEqual_closure1.doCall(VerifyEqualKeyword.groovy:58)
	at com.kms.katalon.core.keyword.builtin.VerifyEqualKeyword$_verifyEqual_closure1.call(VerifyEqualKeyword.groovy)
	at com.kms.katalon.core.keyword.internal.KeywordMain.runKeyword(KeywordMain.groovy:75)
	at com.kms.katalon.core.keyword.builtin.VerifyEqualKeyword.verifyEqual(VerifyEqualKeyword.groovy:63)
	at com.kms.katalon.core.keyword.builtin.VerifyEqualKeyword.execute(VerifyEqualKeyword.groovy:44)
	at com.kms.katalon.core.keyword.internal.KeywordExecutor.executeKeywordForPlatform(KeywordExecutor.groovy:74)
	at com.kms.katalon.core.keyword.BuiltinKeywords.verifyEqual(BuiltinKeywords.groovy:146)
	at jdk.internal.reflect.GeneratedMethodAccessor25.invoke(Unknown Source)
	at java.base/jdk.internal.reflect.DelegatingMethodAccessorImpl.invoke(DelegatingMethodAccessorImpl.java:43)
	at Выручка в рублях сверка дашбордов ПАО Россети.Blocks(Выручка в рублях сверка дашбордов ПАО Россети:387)
	at Выручка в рублях сверка дашбордов ПАО Россети.ViruchkaChange(Выручка в рублях сверка дашбордов ПАО Россети:60)
	at Выручка в рублях сверка дашбордов ПАО Россети.run(Выручка в рублях сверка дашбордов ПАО Россети:55)
	at com.kms.katalon.core.main.ScriptEngine.run(ScriptEngine.java:194)
	at com.kms.katalon.core.main.ScriptEngine.runScriptAsRawText(ScriptEngine.java:119)
	at com.kms.katalon.core.main.TestCaseExecutor.runScript(TestCaseExecutor.java:448)
	at com.kms.katalon.core.main.TestCaseExecutor.doExecute(TestCaseExecutor.java:439)
	at com.kms.katalon.core.main.TestCaseExecutor.processExecutionPhase(TestCaseExecutor.java:418)
	at com.kms.katalon.core.main.TestCaseExecutor.accessMainPhase(TestCaseExecutor.java:410)
	at com.kms.katalon.core.main.TestCaseExecutor.execute(TestCaseExecutor.java:285)
	at com.kms.katalon.core.common.CommonExecutor.accessTestCaseMainPhase(CommonExecutor.java:65)
	at com.kms.katalon.core.main.TestSuiteExecutor.accessTestSuiteMainPhase(TestSuiteExecutor.java:150)
	at com.kms.katalon.core.main.TestSuiteExecutor.execute(TestSuiteExecutor.java:106)
	at com.kms.katalon.core.main.TestCaseMain.startTestSuite(TestCaseMain.java:180)
	at TempTestSuite1731886967590.run(TempTestSuite1731886967590.groovy:35)
	at java.base/jdk.internal.reflect.NativeMethodAccessorImpl.invoke0(Native Method)
	at java.base/jdk.internal.reflect.NativeMethodAccessorImpl.invoke(NativeMethodAccessorImpl.java:77)
	at java.base/jdk.internal.reflect.DelegatingMethodAccessorImpl.invoke(DelegatingMethodAccessorImpl.java:43)
)

18-11-2024T04:04:41 - [TEST_STEP][PASSED] - a = replaceAll("\s+", "").toDouble(): null

18-11-2024T04:04:41 - [TEST_STEP][PASSED] - b = replaceAll("\s+", "").toDouble(): null

18-11-2024T04:04:41 - [TEST_STEP][PASSED] - Script1710234207206.WriteToExcel(todaysDate, run, vir, block, typeOfData, viruchka, vidget, nameOfBlock, a, b, dZO): null

18-11-2024T04:04:41 - [TEST_STEP][PASSED] - println(run): null

18-11-2024T04:04:41 - [TEST_STEP][PASSED] - if (run == 1): null

18-11-2024T04:04:41 - [TEST_STEP][PASSED] - else if (run == 2): null

18-11-2024T04:04:41 - [TEST_STEP][PASSED] - typeOfData = "Проценты": null

18-11-2024T04:04:41 - [TEST_STEP][PASSED] - println("todaysDate:" + todaysDate): null

18-11-2024T04:04:41 - [TEST_STEP][PASSED] - println("typeOfData:" + typeOfData): null

18-11-2024T04:04:41 - [TEST_STEP][PASSED] - viruchka = getText(findTestObject("Выручка в рублях/Фильтр Выручка" + nameOfBlock)): Text of object 'Object Repository/Выручка в рублях/Фильтр Выручка Выручка' is: 'ПЕРЕДАЧА ЭЛЕКТРОЭНЕРГИИ (ИТОГО, по всем видам тарифа)'

18-11-2024T04:04:42 - [MESSAGE][PASSED] - Text of object 'Object Repository/Выручка в рублях/Фильтр Выручка Выручка' is: 'ПЕРЕДАЧА ЭЛЕКТРОЭНЕРГИИ (ИТОГО, по всем видам тарифа)'

18-11-2024T04:04:42 - [TEST_STEP][PASSED] - println("viruchka" + viruchka): null

18-11-2024T04:04:42 - [TEST_STEP][PASSED] - println("vidget" + vidget): null

18-11-2024T04:04:42 - [TEST_STEP][PASSED] - println("a" + a): null

18-11-2024T04:04:42 - [TEST_STEP][PASSED] - println("b" + b): null

18-11-2024T04:04:42 - [TEST_STEP][PASSED] - sheetName = "Sheet1": null

18-11-2024T04:04:42 - [TEST_STEP][PASSED] - data = findTestData("PlanFact"): null

18-11-2024T04:04:42 - [TEST_STEP][PASSED] - n = data.getRowNumbers() + 1: null

18-11-2024T04:04:42 - [TEST_STEP][PASSED] - period = getText(findTestObject("Выручка в рублях/Фильтр Период")): Text of object 'Object Repository/Выручка в рублях/Фильтр Период' is: '1, 2, 3 кв. 2024 года'

18-11-2024T04:04:42 - [MESSAGE][PASSED] - Text of object 'Object Repository/Выручка в рублях/Фильтр Период' is: '1, 2, 3 кв. 2024 года'

18-11-2024T04:04:42 - [TEST_STEP][PASSED] - println(period): null

18-11-2024T04:04:42 - [TEST_STEP][PASSED] - dashboardName = "Выручка в рублях": null

18-11-2024T04:04:42 - [TEST_STEP][PASSED] - workbook01 = getWorkbook(excelFilePath): null

18-11-2024T04:04:42 - [TEST_STEP][PASSED] - sheet01 = getExcelSheet(workbook01, sheetName): null

18-11-2024T04:04:42 - [TEST_STEP][PASSED] - setValueToCellByIndex(sheet01, n, 0, dashboardName): null

18-11-2024T04:04:42 - [TEST_STEP][PASSED] - setValueToCellByIndex(sheet01, n, 1, dZO): null

18-11-2024T04:04:42 - [TEST_STEP][PASSED] - setValueToCellByIndex(sheet01, n, 2, vidget): null

18-11-2024T04:04:42 - [TEST_STEP][PASSED] - setValueToCellByIndex(sheet01, n, 3, viruchka): null

18-11-2024T04:04:42 - [TEST_STEP][PASSED] - setValueToCellByIndex(sheet01, n, 4, typeOfData): null

18-11-2024T04:04:42 - [TEST_STEP][PASSED] - if (a == null): null

18-11-2024T04:04:42 - [TEST_STEP][PASSED] - else: null

18-11-2024T04:04:42 - [TEST_STEP][PASSED] - setValueToCellByIndex(sheet01, n, 5, a): null

18-11-2024T04:04:42 - [TEST_STEP][PASSED] - if (b == null): null

18-11-2024T04:04:42 - [TEST_STEP][PASSED] - else: null

18-11-2024T04:04:42 - [TEST_STEP][PASSED] - setValueToCellByIndex(sheet01, n, 6, b): null

18-11-2024T04:04:42 - [TEST_STEP][PASSED] - setValueToCellByIndex(sheet01, n, 7, period): null

18-11-2024T04:04:42 - [TEST_STEP][PASSED] - setValueToCellByIndex(sheet01, n, 8, todaysDate): null

18-11-2024T04:04:42 - [TEST_STEP][PASSED] - n = n + 1: null

18-11-2024T04:04:42 - [TEST_STEP][PASSED] - saveWorkbook(excelFilePath, workbook01): null

18-11-2024T04:04:42 - [TEST_STEP][PASSED] - dZO = "Россети Кубань": null

18-11-2024T04:04:42 - [TEST_STEP][FAILED] - if (verifyEqual(a34, b34) == false): null

18-11-2024T04:04:42 - [MESSAGE][FAILED] - Unable to verify equal between actual object '-46.94' and expected object '6.11' (Root cause: com.kms.katalon.core.exception.StepFailedException: Actual object '-46.94' and expected object '6.11' are not equal
	at com.kms.katalon.core.keyword.builtin.VerifyEqualKeyword$_verifyEqual_closure1.doCall(VerifyEqualKeyword.groovy:58)
	at com.kms.katalon.core.keyword.builtin.VerifyEqualKeyword$_verifyEqual_closure1.call(VerifyEqualKeyword.groovy)
	at com.kms.katalon.core.keyword.internal.KeywordMain.runKeyword(KeywordMain.groovy:75)
	at com.kms.katalon.core.keyword.builtin.VerifyEqualKeyword.verifyEqual(VerifyEqualKeyword.groovy:63)
	at com.kms.katalon.core.keyword.builtin.VerifyEqualKeyword.execute(VerifyEqualKeyword.groovy:44)
	at com.kms.katalon.core.keyword.internal.KeywordExecutor.executeKeywordForPlatform(KeywordExecutor.groovy:74)
	at com.kms.katalon.core.keyword.BuiltinKeywords.verifyEqual(BuiltinKeywords.groovy:146)
	at jdk.internal.reflect.GeneratedMethodAccessor25.invoke(Unknown Source)
	at java.base/jdk.internal.reflect.DelegatingMethodAccessorImpl.invoke(DelegatingMethodAccessorImpl.java:43)
	at Выручка в рублях сверка дашбордов ПАО Россети.Blocks(Выручка в рублях сверка дашбордов ПАО Россети:397)
	at Выручка в рублях сверка дашбордов ПАО Россети.ViruchkaChange(Выручка в рублях сверка дашбордов ПАО Россети:60)
	at Выручка в рублях сверка дашбордов ПАО Россети.run(Выручка в рублях сверка дашбордов ПАО Россети:55)
	at com.kms.katalon.core.main.ScriptEngine.run(ScriptEngine.java:194)
	at com.kms.katalon.core.main.ScriptEngine.runScriptAsRawText(ScriptEngine.java:119)
	at com.kms.katalon.core.main.TestCaseExecutor.runScript(TestCaseExecutor.java:448)
	at com.kms.katalon.core.main.TestCaseExecutor.doExecute(TestCaseExecutor.java:439)
	at com.kms.katalon.core.main.TestCaseExecutor.processExecutionPhase(TestCaseExecutor.java:418)
	at com.kms.katalon.core.main.TestCaseExecutor.accessMainPhase(TestCaseExecutor.java:410)
	at com.kms.katalon.core.main.TestCaseExecutor.execute(TestCaseExecutor.java:285)
	at com.kms.katalon.core.common.CommonExecutor.accessTestCaseMainPhase(CommonExecutor.java:65)
	at com.kms.katalon.core.main.TestSuiteExecutor.accessTestSuiteMainPhase(TestSuiteExecutor.java:150)
	at com.kms.katalon.core.main.TestSuiteExecutor.execute(TestSuiteExecutor.java:106)
	at com.kms.katalon.core.main.TestCaseMain.startTestSuite(TestCaseMain.java:180)
	at TempTestSuite1731886967590.run(TempTestSuite1731886967590.groovy:35)
	at java.base/jdk.internal.reflect.NativeMethodAccessorImpl.invoke0(Native Method)
	at java.base/jdk.internal.reflect.NativeMethodAccessorImpl.invoke(NativeMethodAccessorImpl.java:77)
	at java.base/jdk.internal.reflect.DelegatingMethodAccessorImpl.invoke(DelegatingMethodAccessorImpl.java:43)
)

18-11-2024T04:04:42 - [TEST_STEP][PASSED] - a = replaceAll("\s+", "").toDouble(): null

18-11-2024T04:04:42 - [TEST_STEP][PASSED] - b = replaceAll("\s+", "").toDouble(): null

18-11-2024T04:04:42 - [TEST_STEP][PASSED] - Script1710234207206.WriteToExcel(todaysDate, run, vir, block, typeOfData, viruchka, vidget, nameOfBlock, a, b, dZO): null

18-11-2024T04:04:42 - [TEST_STEP][PASSED] - println(run): null

18-11-2024T04:04:42 - [TEST_STEP][PASSED] - if (run == 1): null

18-11-2024T04:04:42 - [TEST_STEP][PASSED] - else if (run == 2): null

18-11-2024T04:04:42 - [TEST_STEP][PASSED] - typeOfData = "Проценты": null

18-11-2024T04:04:42 - [TEST_STEP][PASSED] - println("todaysDate:" + todaysDate): null

18-11-2024T04:04:42 - [TEST_STEP][PASSED] - println("typeOfData:" + typeOfData): null

18-11-2024T04:04:42 - [TEST_STEP][PASSED] - viruchka = getText(findTestObject("Выручка в рублях/Фильтр Выручка" + nameOfBlock)): Text of object 'Object Repository/Выручка в рублях/Фильтр Выручка Выручка' is: 'ПЕРЕДАЧА ЭЛЕКТРОЭНЕРГИИ (ИТОГО, по всем видам тарифа)'

18-11-2024T04:04:43 - [MESSAGE][PASSED] - Text of object 'Object Repository/Выручка в рублях/Фильтр Выручка Выручка' is: 'ПЕРЕДАЧА ЭЛЕКТРОЭНЕРГИИ (ИТОГО, по всем видам тарифа)'

18-11-2024T04:04:43 - [TEST_STEP][PASSED] - println("viruchka" + viruchka): null

18-11-2024T04:04:43 - [TEST_STEP][PASSED] - println("vidget" + vidget): null

18-11-2024T04:04:43 - [TEST_STEP][PASSED] - println("a" + a): null

18-11-2024T04:04:43 - [TEST_STEP][PASSED] - println("b" + b): null

18-11-2024T04:04:43 - [TEST_STEP][PASSED] - sheetName = "Sheet1": null

18-11-2024T04:04:43 - [TEST_STEP][PASSED] - data = findTestData("PlanFact"): null

18-11-2024T04:04:43 - [TEST_STEP][PASSED] - n = data.getRowNumbers() + 1: null

18-11-2024T04:04:43 - [TEST_STEP][PASSED] - period = getText(findTestObject("Выручка в рублях/Фильтр Период")): Text of object 'Object Repository/Выручка в рублях/Фильтр Период' is: '1, 2, 3 кв. 2024 года'

18-11-2024T04:04:43 - [MESSAGE][PASSED] - Text of object 'Object Repository/Выручка в рублях/Фильтр Период' is: '1, 2, 3 кв. 2024 года'

18-11-2024T04:04:43 - [TEST_STEP][PASSED] - println(period): null

18-11-2024T04:04:43 - [TEST_STEP][PASSED] - dashboardName = "Выручка в рублях": null

18-11-2024T04:04:43 - [TEST_STEP][PASSED] - workbook01 = getWorkbook(excelFilePath): null

18-11-2024T04:04:43 - [TEST_STEP][PASSED] - sheet01 = getExcelSheet(workbook01, sheetName): null

18-11-2024T04:04:43 - [TEST_STEP][PASSED] - setValueToCellByIndex(sheet01, n, 0, dashboardName): null

18-11-2024T04:04:43 - [TEST_STEP][PASSED] - setValueToCellByIndex(sheet01, n, 1, dZO): null

18-11-2024T04:04:43 - [TEST_STEP][PASSED] - setValueToCellByIndex(sheet01, n, 2, vidget): null

18-11-2024T04:04:43 - [TEST_STEP][PASSED] - setValueToCellByIndex(sheet01, n, 3, viruchka): null

18-11-2024T04:04:43 - [TEST_STEP][PASSED] - setValueToCellByIndex(sheet01, n, 4, typeOfData): null

18-11-2024T04:04:43 - [TEST_STEP][PASSED] - if (a == null): null

18-11-2024T04:04:43 - [TEST_STEP][PASSED] - else: null

18-11-2024T04:04:43 - [TEST_STEP][PASSED] - setValueToCellByIndex(sheet01, n, 5, a): null

18-11-2024T04:04:43 - [TEST_STEP][PASSED] - if (b == null): null

18-11-2024T04:04:43 - [TEST_STEP][PASSED] - else: null

18-11-2024T04:04:43 - [TEST_STEP][PASSED] - setValueToCellByIndex(sheet01, n, 6, b): null

18-11-2024T04:04:43 - [TEST_STEP][PASSED] - setValueToCellByIndex(sheet01, n, 7, period): null

18-11-2024T04:04:43 - [TEST_STEP][PASSED] - setValueToCellByIndex(sheet01, n, 8, todaysDate): null

18-11-2024T04:04:43 - [TEST_STEP][PASSED] - n = n + 1: null

18-11-2024T04:04:43 - [TEST_STEP][PASSED] - saveWorkbook(excelFilePath, workbook01): null

18-11-2024T04:04:43 - [TEST_STEP][PASSED] - dZO = "Россети Ленэнерго (ГК)": null

18-11-2024T04:04:43 - [TEST_STEP][FAILED] - if (verifyEqual(a35, b35) == false): null

18-11-2024T04:04:43 - [MESSAGE][FAILED] - Unable to verify equal between actual object '-47.39' and expected object '5.21' (Root cause: com.kms.katalon.core.exception.StepFailedException: Actual object '-47.39' and expected object '5.21' are not equal
	at com.kms.katalon.core.keyword.builtin.VerifyEqualKeyword$_verifyEqual_closure1.doCall(VerifyEqualKeyword.groovy:58)
	at com.kms.katalon.core.keyword.builtin.VerifyEqualKeyword$_verifyEqual_closure1.call(VerifyEqualKeyword.groovy)
	at com.kms.katalon.core.keyword.internal.KeywordMain.runKeyword(KeywordMain.groovy:75)
	at com.kms.katalon.core.keyword.builtin.VerifyEqualKeyword.verifyEqual(VerifyEqualKeyword.groovy:63)
	at com.kms.katalon.core.keyword.builtin.VerifyEqualKeyword.execute(VerifyEqualKeyword.groovy:44)
	at com.kms.katalon.core.keyword.internal.KeywordExecutor.executeKeywordForPlatform(KeywordExecutor.groovy:74)
	at com.kms.katalon.core.keyword.BuiltinKeywords.verifyEqual(BuiltinKeywords.groovy:146)
	at jdk.internal.reflect.GeneratedMethodAccessor25.invoke(Unknown Source)
	at java.base/jdk.internal.reflect.DelegatingMethodAccessorImpl.invoke(DelegatingMethodAccessorImpl.java:43)
	at Выручка в рублях сверка дашбордов ПАО Россети.Blocks(Выручка в рублях сверка дашбордов ПАО Россети:407)
	at Выручка в рублях сверка дашбордов ПАО Россети.ViruchkaChange(Выручка в рублях сверка дашбордов ПАО Россети:60)
	at Выручка в рублях сверка дашбордов ПАО Россети.run(Выручка в рублях сверка дашбордов ПАО Россети:55)
	at com.kms.katalon.core.main.ScriptEngine.run(ScriptEngine.java:194)
	at com.kms.katalon.core.main.ScriptEngine.runScriptAsRawText(ScriptEngine.java:119)
	at com.kms.katalon.core.main.TestCaseExecutor.runScript(TestCaseExecutor.java:448)
	at com.kms.katalon.core.main.TestCaseExecutor.doExecute(TestCaseExecutor.java:439)
	at com.kms.katalon.core.main.TestCaseExecutor.processExecutionPhase(TestCaseExecutor.java:418)
	at com.kms.katalon.core.main.TestCaseExecutor.accessMainPhase(TestCaseExecutor.java:410)
	at com.kms.katalon.core.main.TestCaseExecutor.execute(TestCaseExecutor.java:285)
	at com.kms.katalon.core.common.CommonExecutor.accessTestCaseMainPhase(CommonExecutor.java:65)
	at com.kms.katalon.core.main.TestSuiteExecutor.accessTestSuiteMainPhase(TestSuiteExecutor.java:150)
	at com.kms.katalon.core.main.TestSuiteExecutor.execute(TestSuiteExecutor.java:106)
	at com.kms.katalon.core.main.TestCaseMain.startTestSuite(TestCaseMain.java:180)
	at TempTestSuite1731886967590.run(TempTestSuite1731886967590.groovy:35)
	at java.base/jdk.internal.reflect.NativeMethodAccessorImpl.invoke0(Native Method)
	at java.base/jdk.internal.reflect.NativeMethodAccessorImpl.invoke(NativeMethodAccessorImpl.java:77)
	at java.base/jdk.internal.reflect.DelegatingMethodAccessorImpl.invoke(DelegatingMethodAccessorImpl.java:43)
)

18-11-2024T04:04:43 - [TEST_STEP][PASSED] - a = replaceAll("\s+", "").toDouble(): null

18-11-2024T04:04:43 - [TEST_STEP][PASSED] - b = replaceAll("\s+", "").toDouble(): null

18-11-2024T04:04:43 - [TEST_STEP][PASSED] - Script1710234207206.WriteToExcel(todaysDate, run, vir, block, typeOfData, viruchka, vidget, nameOfBlock, a, b, dZO): null

18-11-2024T04:04:43 - [TEST_STEP][PASSED] - println(run): null

18-11-2024T04:04:43 - [TEST_STEP][PASSED] - if (run == 1): null

18-11-2024T04:04:43 - [TEST_STEP][PASSED] - else if (run == 2): null

18-11-2024T04:04:43 - [TEST_STEP][PASSED] - typeOfData = "Проценты": null

18-11-2024T04:04:43 - [TEST_STEP][PASSED] - println("todaysDate:" + todaysDate): null

18-11-2024T04:04:43 - [TEST_STEP][PASSED] - println("typeOfData:" + typeOfData): null

18-11-2024T04:04:43 - [TEST_STEP][PASSED] - viruchka = getText(findTestObject("Выручка в рублях/Фильтр Выручка" + nameOfBlock)): Text of object 'Object Repository/Выручка в рублях/Фильтр Выручка Выручка' is: 'ПЕРЕДАЧА ЭЛЕКТРОЭНЕРГИИ (ИТОГО, по всем видам тарифа)'

18-11-2024T04:04:43 - [MESSAGE][PASSED] - Text of object 'Object Repository/Выручка в рублях/Фильтр Выручка Выручка' is: 'ПЕРЕДАЧА ЭЛЕКТРОЭНЕРГИИ (ИТОГО, по всем видам тарифа)'

18-11-2024T04:04:43 - [TEST_STEP][PASSED] - println("viruchka" + viruchka): null

18-11-2024T04:04:43 - [TEST_STEP][PASSED] - println("vidget" + vidget): null

18-11-2024T04:04:43 - [TEST_STEP][PASSED] - println("a" + a): null

18-11-2024T04:04:43 - [TEST_STEP][PASSED] - println("b" + b): null

18-11-2024T04:04:43 - [TEST_STEP][PASSED] - sheetName = "Sheet1": null

18-11-2024T04:04:43 - [TEST_STEP][PASSED] - data = findTestData("PlanFact"): null

18-11-2024T04:04:44 - [TEST_STEP][PASSED] - n = data.getRowNumbers() + 1: null

18-11-2024T04:04:44 - [TEST_STEP][PASSED] - period = getText(findTestObject("Выручка в рублях/Фильтр Период")): Text of object 'Object Repository/Выручка в рублях/Фильтр Период' is: '1, 2, 3 кв. 2024 года'

18-11-2024T04:04:44 - [MESSAGE][PASSED] - Text of object 'Object Repository/Выручка в рублях/Фильтр Период' is: '1, 2, 3 кв. 2024 года'

18-11-2024T04:04:44 - [TEST_STEP][PASSED] - println(period): null

18-11-2024T04:04:44 - [TEST_STEP][PASSED] - dashboardName = "Выручка в рублях": null

18-11-2024T04:04:44 - [TEST_STEP][PASSED] - workbook01 = getWorkbook(excelFilePath): null

18-11-2024T04:04:44 - [TEST_STEP][PASSED] - sheet01 = getExcelSheet(workbook01, sheetName): null

18-11-2024T04:04:44 - [TEST_STEP][PASSED] - setValueToCellByIndex(sheet01, n, 0, dashboardName): null

18-11-2024T04:04:44 - [TEST_STEP][PASSED] - setValueToCellByIndex(sheet01, n, 1, dZO): null

18-11-2024T04:04:44 - [TEST_STEP][PASSED] - setValueToCellByIndex(sheet01, n, 2, vidget): null

18-11-2024T04:04:44 - [TEST_STEP][PASSED] - setValueToCellByIndex(sheet01, n, 3, viruchka): null

18-11-2024T04:04:44 - [TEST_STEP][PASSED] - setValueToCellByIndex(sheet01, n, 4, typeOfData): null

18-11-2024T04:04:44 - [TEST_STEP][PASSED] - if (a == null): null

18-11-2024T04:04:44 - [TEST_STEP][PASSED] - else: null

18-11-2024T04:04:44 - [TEST_STEP][PASSED] - setValueToCellByIndex(sheet01, n, 5, a): null

18-11-2024T04:04:44 - [TEST_STEP][PASSED] - if (b == null): null

18-11-2024T04:04:44 - [TEST_STEP][PASSED] - else: null

18-11-2024T04:04:44 - [TEST_STEP][PASSED] - setValueToCellByIndex(sheet01, n, 6, b): null

18-11-2024T04:04:44 - [TEST_STEP][PASSED] - setValueToCellByIndex(sheet01, n, 7, period): null

18-11-2024T04:04:44 - [TEST_STEP][PASSED] - setValueToCellByIndex(sheet01, n, 8, todaysDate): null

18-11-2024T04:04:44 - [TEST_STEP][PASSED] - n = n + 1: null

18-11-2024T04:04:44 - [TEST_STEP][PASSED] - saveWorkbook(excelFilePath, workbook01): null

18-11-2024T04:04:44 - [TEST_STEP][PASSED] - dZO = "Россети Московский регион": null

18-11-2024T04:04:44 - [TEST_STEP][PASSED] - if (verifyEqual(a36, b36) == false): Actual object '4.51' and expected object '4.51' are equal

18-11-2024T04:04:44 - [MESSAGE][PASSED] - Actual object '4.51' and expected object '4.51' are equal

18-11-2024T04:04:44 - [TEST_STEP][PASSED] - dZO = "Россети Северный Кавказ (ГК)": null

18-11-2024T04:04:44 - [TEST_STEP][FAILED] - if (verifyEqual(a37, b37) == false): null

18-11-2024T04:04:44 - [MESSAGE][FAILED] - Unable to verify equal between actual object '-48.83' and expected object '2.68' (Root cause: com.kms.katalon.core.exception.StepFailedException: Actual object '-48.83' and expected object '2.68' are not equal
	at com.kms.katalon.core.keyword.builtin.VerifyEqualKeyword$_verifyEqual_closure1.doCall(VerifyEqualKeyword.groovy:58)
	at com.kms.katalon.core.keyword.builtin.VerifyEqualKeyword$_verifyEqual_closure1.call(VerifyEqualKeyword.groovy)
	at com.kms.katalon.core.keyword.internal.KeywordMain.runKeyword(KeywordMain.groovy:75)
	at com.kms.katalon.core.keyword.builtin.VerifyEqualKeyword.verifyEqual(VerifyEqualKeyword.groovy:63)
	at com.kms.katalon.core.keyword.builtin.VerifyEqualKeyword.execute(VerifyEqualKeyword.groovy:44)
	at com.kms.katalon.core.keyword.internal.KeywordExecutor.executeKeywordForPlatform(KeywordExecutor.groovy:74)
	at com.kms.katalon.core.keyword.BuiltinKeywords.verifyEqual(BuiltinKeywords.groovy:146)
	at jdk.internal.reflect.GeneratedMethodAccessor25.invoke(Unknown Source)
	at java.base/jdk.internal.reflect.DelegatingMethodAccessorImpl.invoke(DelegatingMethodAccessorImpl.java:43)
	at Выручка в рублях сверка дашбордов ПАО Россети.Blocks(Выручка в рублях сверка дашбордов ПАО Россети:427)
	at Выручка в рублях сверка дашбордов ПАО Россети.ViruchkaChange(Выручка в рублях сверка дашбордов ПАО Россети:60)
	at Выручка в рублях сверка дашбордов ПАО Россети.run(Выручка в рублях сверка дашбордов ПАО Россети:55)
	at com.kms.katalon.core.main.ScriptEngine.run(ScriptEngine.java:194)
	at com.kms.katalon.core.main.ScriptEngine.runScriptAsRawText(ScriptEngine.java:119)
	at com.kms.katalon.core.main.TestCaseExecutor.runScript(TestCaseExecutor.java:448)
	at com.kms.katalon.core.main.TestCaseExecutor.doExecute(TestCaseExecutor.java:439)
	at com.kms.katalon.core.main.TestCaseExecutor.processExecutionPhase(TestCaseExecutor.java:418)
	at com.kms.katalon.core.main.TestCaseExecutor.accessMainPhase(TestCaseExecutor.java:410)
	at com.kms.katalon.core.main.TestCaseExecutor.execute(TestCaseExecutor.java:285)
	at com.kms.katalon.core.common.CommonExecutor.accessTestCaseMainPhase(CommonExecutor.java:65)
	at com.kms.katalon.core.main.TestSuiteExecutor.accessTestSuiteMainPhase(TestSuiteExecutor.java:150)
	at com.kms.katalon.core.main.TestSuiteExecutor.execute(TestSuiteExecutor.java:106)
	at com.kms.katalon.core.main.TestCaseMain.startTestSuite(TestCaseMain.java:180)
	at TempTestSuite1731886967590.run(TempTestSuite1731886967590.groovy:35)
	at java.base/jdk.internal.reflect.NativeMethodAccessorImpl.invoke0(Native Method)
	at java.base/jdk.internal.reflect.NativeMethodAccessorImpl.invoke(NativeMethodAccessorImpl.java:77)
	at java.base/jdk.internal.reflect.DelegatingMethodAccessorImpl.invoke(DelegatingMethodAccessorImpl.java:43)
)

18-11-2024T04:04:44 - [TEST_STEP][PASSED] - a = replaceAll("\s+", "").toDouble(): null

18-11-2024T04:04:44 - [TEST_STEP][PASSED] - b = replaceAll("\s+", "").toDouble(): null

18-11-2024T04:04:44 - [TEST_STEP][PASSED] - Script1710234207206.WriteToExcel(todaysDate, run, vir, block, typeOfData, viruchka, vidget, nameOfBlock, a, b, dZO): null

18-11-2024T04:04:44 - [TEST_STEP][PASSED] - println(run): null

18-11-2024T04:04:44 - [TEST_STEP][PASSED] - if (run == 1): null

18-11-2024T04:04:44 - [TEST_STEP][PASSED] - else if (run == 2): null

18-11-2024T04:04:44 - [TEST_STEP][PASSED] - typeOfData = "Проценты": null

18-11-2024T04:04:44 - [TEST_STEP][PASSED] - println("todaysDate:" + todaysDate): null

18-11-2024T04:04:44 - [TEST_STEP][PASSED] - println("typeOfData:" + typeOfData): null

18-11-2024T04:04:44 - [TEST_STEP][PASSED] - viruchka = getText(findTestObject("Выручка в рублях/Фильтр Выручка" + nameOfBlock)): Text of object 'Object Repository/Выручка в рублях/Фильтр Выручка Выручка' is: 'ПЕРЕДАЧА ЭЛЕКТРОЭНЕРГИИ (ИТОГО, по всем видам тарифа)'

18-11-2024T04:04:44 - [MESSAGE][PASSED] - Text of object 'Object Repository/Выручка в рублях/Фильтр Выручка Выручка' is: 'ПЕРЕДАЧА ЭЛЕКТРОЭНЕРГИИ (ИТОГО, по всем видам тарифа)'

18-11-2024T04:04:44 - [TEST_STEP][PASSED] - println("viruchka" + viruchka): null

18-11-2024T04:04:44 - [TEST_STEP][PASSED] - println("vidget" + vidget): null

18-11-2024T04:04:44 - [TEST_STEP][PASSED] - println("a" + a): null

18-11-2024T04:04:44 - [TEST_STEP][PASSED] - println("b" + b): null

18-11-2024T04:04:44 - [TEST_STEP][PASSED] - sheetName = "Sheet1": null

18-11-2024T04:04:44 - [TEST_STEP][PASSED] - data = findTestData("PlanFact"): null

18-11-2024T04:04:44 - [TEST_STEP][PASSED] - n = data.getRowNumbers() + 1: null

18-11-2024T04:04:44 - [TEST_STEP][PASSED] - period = getText(findTestObject("Выручка в рублях/Фильтр Период")): Text of object 'Object Repository/Выручка в рублях/Фильтр Период' is: '1, 2, 3 кв. 2024 года'

18-11-2024T04:04:45 - [MESSAGE][PASSED] - Text of object 'Object Repository/Выручка в рублях/Фильтр Период' is: '1, 2, 3 кв. 2024 года'

18-11-2024T04:04:45 - [TEST_STEP][PASSED] - println(period): null

18-11-2024T04:04:45 - [TEST_STEP][PASSED] - dashboardName = "Выручка в рублях": null

18-11-2024T04:04:45 - [TEST_STEP][PASSED] - workbook01 = getWorkbook(excelFilePath): null

18-11-2024T04:04:45 - [TEST_STEP][PASSED] - sheet01 = getExcelSheet(workbook01, sheetName): null

18-11-2024T04:04:45 - [TEST_STEP][PASSED] - setValueToCellByIndex(sheet01, n, 0, dashboardName): null

18-11-2024T04:04:45 - [TEST_STEP][PASSED] - setValueToCellByIndex(sheet01, n, 1, dZO): null

18-11-2024T04:04:45 - [TEST_STEP][PASSED] - setValueToCellByIndex(sheet01, n, 2, vidget): null

18-11-2024T04:04:45 - [TEST_STEP][PASSED] - setValueToCellByIndex(sheet01, n, 3, viruchka): null

18-11-2024T04:04:45 - [TEST_STEP][PASSED] - setValueToCellByIndex(sheet01, n, 4, typeOfData): null

18-11-2024T04:04:45 - [TEST_STEP][PASSED] - if (a == null): null

18-11-2024T04:04:45 - [TEST_STEP][PASSED] - else: null

18-11-2024T04:04:45 - [TEST_STEP][PASSED] - setValueToCellByIndex(sheet01, n, 5, a): null

18-11-2024T04:04:45 - [TEST_STEP][PASSED] - if (b == null): null

18-11-2024T04:04:45 - [TEST_STEP][PASSED] - else: null

18-11-2024T04:04:45 - [TEST_STEP][PASSED] - setValueToCellByIndex(sheet01, n, 6, b): null

18-11-2024T04:04:45 - [TEST_STEP][PASSED] - setValueToCellByIndex(sheet01, n, 7, period): null

18-11-2024T04:04:45 - [TEST_STEP][PASSED] - setValueToCellByIndex(sheet01, n, 8, todaysDate): null

18-11-2024T04:04:45 - [TEST_STEP][PASSED] - n = n + 1: null

18-11-2024T04:04:45 - [TEST_STEP][PASSED] - saveWorkbook(excelFilePath, workbook01): null

18-11-2024T04:04:45 - [TEST_STEP][PASSED] - dZO = "Россети Северо-Запад": null

18-11-2024T04:04:45 - [TEST_STEP][PASSED] - if (verifyEqual(a38, b38) == false): Actual object '2.16' and expected object '2.16' are equal

18-11-2024T04:04:45 - [MESSAGE][PASSED] - Actual object '2.16' and expected object '2.16' are equal

18-11-2024T04:04:45 - [TEST_STEP][PASSED] - dZO = "Россети Сибирь (ГК)": null

18-11-2024T04:04:45 - [TEST_STEP][PASSED] - if (verifyEqual(a39, b39) == false): Actual object '4.15' and expected object '4.15' are equal

18-11-2024T04:04:45 - [MESSAGE][PASSED] - Actual object '4.15' and expected object '4.15' are equal

18-11-2024T04:04:45 - [TEST_STEP][PASSED] - dZO = "Россети Томск": null

18-11-2024T04:04:45 - [TEST_STEP][FAILED] - if (verifyEqual(a310, b310) == false): null

18-11-2024T04:04:45 - [MESSAGE][FAILED] - Unable to verify equal between actual object '-48.47' and expected object '3.07' (Root cause: com.kms.katalon.core.exception.StepFailedException: Actual object '-48.47' and expected object '3.07' are not equal
	at com.kms.katalon.core.keyword.builtin.VerifyEqualKeyword$_verifyEqual_closure1.doCall(VerifyEqualKeyword.groovy:58)
	at com.kms.katalon.core.keyword.builtin.VerifyEqualKeyword$_verifyEqual_closure1.call(VerifyEqualKeyword.groovy)
	at com.kms.katalon.core.keyword.internal.KeywordMain.runKeyword(KeywordMain.groovy:75)
	at com.kms.katalon.core.keyword.builtin.VerifyEqualKeyword.verifyEqual(VerifyEqualKeyword.groovy:63)
	at com.kms.katalon.core.keyword.builtin.VerifyEqualKeyword.execute(VerifyEqualKeyword.groovy:44)
	at com.kms.katalon.core.keyword.internal.KeywordExecutor.executeKeywordForPlatform(KeywordExecutor.groovy:74)
	at com.kms.katalon.core.keyword.BuiltinKeywords.verifyEqual(BuiltinKeywords.groovy:146)
	at jdk.internal.reflect.GeneratedMethodAccessor25.invoke(Unknown Source)
	at java.base/jdk.internal.reflect.DelegatingMethodAccessorImpl.invoke(DelegatingMethodAccessorImpl.java:43)
	at Выручка в рублях сверка дашбордов ПАО Россети.Blocks(Выручка в рублях сверка дашбордов ПАО Россети:457)
	at Выручка в рублях сверка дашбордов ПАО Россети.ViruchkaChange(Выручка в рублях сверка дашбордов ПАО Россети:60)
	at Выручка в рублях сверка дашбордов ПАО Россети.run(Выручка в рублях сверка дашбордов ПАО Россети:55)
	at com.kms.katalon.core.main.ScriptEngine.run(ScriptEngine.java:194)
	at com.kms.katalon.core.main.ScriptEngine.runScriptAsRawText(ScriptEngine.java:119)
	at com.kms.katalon.core.main.TestCaseExecutor.runScript(TestCaseExecutor.java:448)
	at com.kms.katalon.core.main.TestCaseExecutor.doExecute(TestCaseExecutor.java:439)
	at com.kms.katalon.core.main.TestCaseExecutor.processExecutionPhase(TestCaseExecutor.java:418)
	at com.kms.katalon.core.main.TestCaseExecutor.accessMainPhase(TestCaseExecutor.java:410)
	at com.kms.katalon.core.main.TestCaseExecutor.execute(TestCaseExecutor.java:285)
	at com.kms.katalon.core.common.CommonExecutor.accessTestCaseMainPhase(CommonExecutor.java:65)
	at com.kms.katalon.core.main.TestSuiteExecutor.accessTestSuiteMainPhase(TestSuiteExecutor.java:150)
	at com.kms.katalon.core.main.TestSuiteExecutor.execute(TestSuiteExecutor.java:106)
	at com.kms.katalon.core.main.TestCaseMain.startTestSuite(TestCaseMain.java:180)
	at TempTestSuite1731886967590.run(TempTestSuite1731886967590.groovy:35)
	at java.base/jdk.internal.reflect.NativeMethodAccessorImpl.invoke0(Native Method)
	at java.base/jdk.internal.reflect.NativeMethodAccessorImpl.invoke(NativeMethodAccessorImpl.java:77)
	at java.base/jdk.internal.reflect.DelegatingMethodAccessorImpl.invoke(DelegatingMethodAccessorImpl.java:43)
)

18-11-2024T04:04:45 - [TEST_STEP][PASSED] - a = replaceAll("\s+", "").toDouble(): null

18-11-2024T04:04:45 - [TEST_STEP][PASSED] - b = replaceAll("\s+", "").toDouble(): null

18-11-2024T04:04:45 - [TEST_STEP][PASSED] - Script1710234207206.WriteToExcel(todaysDate, run, vir, block, typeOfData, viruchka, vidget, nameOfBlock, a, b, dZO): null

18-11-2024T04:04:45 - [TEST_STEP][PASSED] - println(run): null

18-11-2024T04:04:45 - [TEST_STEP][PASSED] - if (run == 1): null

18-11-2024T04:04:45 - [TEST_STEP][PASSED] - else if (run == 2): null

18-11-2024T04:04:45 - [TEST_STEP][PASSED] - typeOfData = "Проценты": null

18-11-2024T04:04:45 - [TEST_STEP][PASSED] - println("todaysDate:" + todaysDate): null

18-11-2024T04:04:45 - [TEST_STEP][PASSED] - println("typeOfData:" + typeOfData): null

18-11-2024T04:04:45 - [TEST_STEP][PASSED] - viruchka = getText(findTestObject("Выручка в рублях/Фильтр Выручка" + nameOfBlock)): Text of object 'Object Repository/Выручка в рублях/Фильтр Выручка Выручка' is: 'ПЕРЕДАЧА ЭЛЕКТРОЭНЕРГИИ (ИТОГО, по всем видам тарифа)'

18-11-2024T04:04:45 - [MESSAGE][PASSED] - Text of object 'Object Repository/Выручка в рублях/Фильтр Выручка Выручка' is: 'ПЕРЕДАЧА ЭЛЕКТРОЭНЕРГИИ (ИТОГО, по всем видам тарифа)'

18-11-2024T04:04:45 - [TEST_STEP][PASSED] - println("viruchka" + viruchka): null

18-11-2024T04:04:45 - [TEST_STEP][PASSED] - println("vidget" + vidget): null

18-11-2024T04:04:45 - [TEST_STEP][PASSED] - println("a" + a): null

18-11-2024T04:04:45 - [TEST_STEP][PASSED] - println("b" + b): null

18-11-2024T04:04:45 - [TEST_STEP][PASSED] - sheetName = "Sheet1": null

18-11-2024T04:04:45 - [TEST_STEP][PASSED] - data = findTestData("PlanFact"): null

18-11-2024T04:04:45 - [TEST_STEP][PASSED] - n = data.getRowNumbers() + 1: null

18-11-2024T04:04:45 - [TEST_STEP][PASSED] - period = getText(findTestObject("Выручка в рублях/Фильтр Период")): Text of object 'Object Repository/Выручка в рублях/Фильтр Период' is: '1, 2, 3 кв. 2024 года'

18-11-2024T04:04:46 - [MESSAGE][PASSED] - Text of object 'Object Repository/Выручка в рублях/Фильтр Период' is: '1, 2, 3 кв. 2024 года'

18-11-2024T04:04:46 - [TEST_STEP][PASSED] - println(period): null

18-11-2024T04:04:46 - [TEST_STEP][PASSED] - dashboardName = "Выручка в рублях": null

18-11-2024T04:04:46 - [TEST_STEP][PASSED] - workbook01 = getWorkbook(excelFilePath): null

18-11-2024T04:04:46 - [TEST_STEP][PASSED] - sheet01 = getExcelSheet(workbook01, sheetName): null

18-11-2024T04:04:46 - [TEST_STEP][PASSED] - setValueToCellByIndex(sheet01, n, 0, dashboardName): null

18-11-2024T04:04:46 - [TEST_STEP][PASSED] - setValueToCellByIndex(sheet01, n, 1, dZO): null

18-11-2024T04:04:46 - [TEST_STEP][PASSED] - setValueToCellByIndex(sheet01, n, 2, vidget): null

18-11-2024T04:04:46 - [TEST_STEP][PASSED] - setValueToCellByIndex(sheet01, n, 3, viruchka): null

18-11-2024T04:04:46 - [TEST_STEP][PASSED] - setValueToCellByIndex(sheet01, n, 4, typeOfData): null

18-11-2024T04:04:46 - [TEST_STEP][PASSED] - if (a == null): null

18-11-2024T04:04:46 - [TEST_STEP][PASSED] - else: null

18-11-2024T04:04:46 - [TEST_STEP][PASSED] - setValueToCellByIndex(sheet01, n, 5, a): null

18-11-2024T04:04:46 - [TEST_STEP][PASSED] - if (b == null): null

18-11-2024T04:04:46 - [TEST_STEP][PASSED] - else: null

18-11-2024T04:04:46 - [TEST_STEP][PASSED] - setValueToCellByIndex(sheet01, n, 6, b): null

18-11-2024T04:04:46 - [TEST_STEP][PASSED] - setValueToCellByIndex(sheet01, n, 7, period): null

18-11-2024T04:04:46 - [TEST_STEP][PASSED] - setValueToCellByIndex(sheet01, n, 8, todaysDate): null

18-11-2024T04:04:46 - [TEST_STEP][PASSED] - n = n + 1: null

18-11-2024T04:04:46 - [TEST_STEP][PASSED] - saveWorkbook(excelFilePath, workbook01): null

18-11-2024T04:04:46 - [TEST_STEP][PASSED] - dZO = "Россети Тюмень": null

18-11-2024T04:04:46 - [TEST_STEP][FAILED] - if (verifyEqual(a311, b311) == false): null

18-11-2024T04:04:46 - [MESSAGE][FAILED] - Unable to verify equal between actual object '-53.49' and expected object '-6.98' (Root cause: com.kms.katalon.core.exception.StepFailedException: Actual object '-53.49' and expected object '-6.98' are not equal
	at com.kms.katalon.core.keyword.builtin.VerifyEqualKeyword$_verifyEqual_closure1.doCall(VerifyEqualKeyword.groovy:58)
	at com.kms.katalon.core.keyword.builtin.VerifyEqualKeyword$_verifyEqual_closure1.call(VerifyEqualKeyword.groovy)
	at com.kms.katalon.core.keyword.internal.KeywordMain.runKeyword(KeywordMain.groovy:75)
	at com.kms.katalon.core.keyword.builtin.VerifyEqualKeyword.verifyEqual(VerifyEqualKeyword.groovy:63)
	at com.kms.katalon.core.keyword.builtin.VerifyEqualKeyword.execute(VerifyEqualKeyword.groovy:44)
	at com.kms.katalon.core.keyword.internal.KeywordExecutor.executeKeywordForPlatform(KeywordExecutor.groovy:74)
	at com.kms.katalon.core.keyword.BuiltinKeywords.verifyEqual(BuiltinKeywords.groovy:146)
	at jdk.internal.reflect.GeneratedMethodAccessor25.invoke(Unknown Source)
	at java.base/jdk.internal.reflect.DelegatingMethodAccessorImpl.invoke(DelegatingMethodAccessorImpl.java:43)
	at Выручка в рублях сверка дашбордов ПАО Россети.Blocks(Выручка в рублях сверка дашбордов ПАО Россети:467)
	at Выручка в рублях сверка дашбордов ПАО Россети.ViruchkaChange(Выручка в рублях сверка дашбордов ПАО Россети:60)
	at Выручка в рублях сверка дашбордов ПАО Россети.run(Выручка в рублях сверка дашбордов ПАО Россети:55)
	at com.kms.katalon.core.main.ScriptEngine.run(ScriptEngine.java:194)
	at com.kms.katalon.core.main.ScriptEngine.runScriptAsRawText(ScriptEngine.java:119)
	at com.kms.katalon.core.main.TestCaseExecutor.runScript(TestCaseExecutor.java:448)
	at com.kms.katalon.core.main.TestCaseExecutor.doExecute(TestCaseExecutor.java:439)
	at com.kms.katalon.core.main.TestCaseExecutor.processExecutionPhase(TestCaseExecutor.java:418)
	at com.kms.katalon.core.main.TestCaseExecutor.accessMainPhase(TestCaseExecutor.java:410)
	at com.kms.katalon.core.main.TestCaseExecutor.execute(TestCaseExecutor.java:285)
	at com.kms.katalon.core.common.CommonExecutor.accessTestCaseMainPhase(CommonExecutor.java:65)
	at com.kms.katalon.core.main.TestSuiteExecutor.accessTestSuiteMainPhase(TestSuiteExecutor.java:150)
	at com.kms.katalon.core.main.TestSuiteExecutor.execute(TestSuiteExecutor.java:106)
	at com.kms.katalon.core.main.TestCaseMain.startTestSuite(TestCaseMain.java:180)
	at TempTestSuite1731886967590.run(TempTestSuite1731886967590.groovy:35)
	at java.base/jdk.internal.reflect.NativeMethodAccessorImpl.invoke0(Native Method)
	at java.base/jdk.internal.reflect.NativeMethodAccessorImpl.invoke(NativeMethodAccessorImpl.java:77)
	at java.base/jdk.internal.reflect.DelegatingMethodAccessorImpl.invoke(DelegatingMethodAccessorImpl.java:43)
)

18-11-2024T04:04:46 - [TEST_STEP][PASSED] - a = replaceAll("\s+", "").toDouble(): null

18-11-2024T04:04:46 - [TEST_STEP][PASSED] - b = replaceAll("\s+", "").toDouble(): null

18-11-2024T04:04:46 - [TEST_STEP][PASSED] - Script1710234207206.WriteToExcel(todaysDate, run, vir, block, typeOfData, viruchka, vidget, nameOfBlock, a, b, dZO): null

18-11-2024T04:04:46 - [TEST_STEP][PASSED] - println(run): null

18-11-2024T04:04:46 - [TEST_STEP][PASSED] - if (run == 1): null

18-11-2024T04:04:46 - [TEST_STEP][PASSED] - else if (run == 2): null

18-11-2024T04:04:46 - [TEST_STEP][PASSED] - typeOfData = "Проценты": null

18-11-2024T04:04:46 - [TEST_STEP][PASSED] - println("todaysDate:" + todaysDate): null

18-11-2024T04:04:46 - [TEST_STEP][PASSED] - println("typeOfData:" + typeOfData): null

18-11-2024T04:04:46 - [TEST_STEP][PASSED] - viruchka = getText(findTestObject("Выручка в рублях/Фильтр Выручка" + nameOfBlock)): Text of object 'Object Repository/Выручка в рублях/Фильтр Выручка Выручка' is: 'ПЕРЕДАЧА ЭЛЕКТРОЭНЕРГИИ (ИТОГО, по всем видам тарифа)'

18-11-2024T04:04:46 - [MESSAGE][PASSED] - Text of object 'Object Repository/Выручка в рублях/Фильтр Выручка Выручка' is: 'ПЕРЕДАЧА ЭЛЕКТРОЭНЕРГИИ (ИТОГО, по всем видам тарифа)'

18-11-2024T04:04:46 - [TEST_STEP][PASSED] - println("viruchka" + viruchka): null

18-11-2024T04:04:46 - [TEST_STEP][PASSED] - println("vidget" + vidget): null

18-11-2024T04:04:46 - [TEST_STEP][PASSED] - println("a" + a): null

18-11-2024T04:04:46 - [TEST_STEP][PASSED] - println("b" + b): null

18-11-2024T04:04:46 - [TEST_STEP][PASSED] - sheetName = "Sheet1": null

18-11-2024T04:04:46 - [TEST_STEP][PASSED] - data = findTestData("PlanFact"): null

18-11-2024T04:04:46 - [TEST_STEP][PASSED] - n = data.getRowNumbers() + 1: null

18-11-2024T04:04:46 - [TEST_STEP][PASSED] - period = getText(findTestObject("Выручка в рублях/Фильтр Период")): Text of object 'Object Repository/Выручка в рублях/Фильтр Период' is: '1, 2, 3 кв. 2024 года'

18-11-2024T04:04:47 - [MESSAGE][PASSED] - Text of object 'Object Repository/Выручка в рублях/Фильтр Период' is: '1, 2, 3 кв. 2024 года'

18-11-2024T04:04:47 - [TEST_STEP][PASSED] - println(period): null

18-11-2024T04:04:47 - [TEST_STEP][PASSED] - dashboardName = "Выручка в рублях": null

18-11-2024T04:04:47 - [TEST_STEP][PASSED] - workbook01 = getWorkbook(excelFilePath): null

18-11-2024T04:04:47 - [TEST_STEP][PASSED] - sheet01 = getExcelSheet(workbook01, sheetName): null

18-11-2024T04:04:47 - [TEST_STEP][PASSED] - setValueToCellByIndex(sheet01, n, 0, dashboardName): null

18-11-2024T04:04:47 - [TEST_STEP][PASSED] - setValueToCellByIndex(sheet01, n, 1, dZO): null

18-11-2024T04:04:47 - [TEST_STEP][PASSED] - setValueToCellByIndex(sheet01, n, 2, vidget): null

18-11-2024T04:04:47 - [TEST_STEP][PASSED] - setValueToCellByIndex(sheet01, n, 3, viruchka): null

18-11-2024T04:04:47 - [TEST_STEP][PASSED] - setValueToCellByIndex(sheet01, n, 4, typeOfData): null

18-11-2024T04:04:47 - [TEST_STEP][PASSED] - if (a == null): null

18-11-2024T04:04:47 - [TEST_STEP][PASSED] - else: null

18-11-2024T04:04:47 - [TEST_STEP][PASSED] - setValueToCellByIndex(sheet01, n, 5, a): null

18-11-2024T04:04:47 - [TEST_STEP][PASSED] - if (b == null): null

18-11-2024T04:04:47 - [TEST_STEP][PASSED] - else: null

18-11-2024T04:04:47 - [TEST_STEP][PASSED] - setValueToCellByIndex(sheet01, n, 6, b): null

18-11-2024T04:04:47 - [TEST_STEP][PASSED] - setValueToCellByIndex(sheet01, n, 7, period): null

18-11-2024T04:04:47 - [TEST_STEP][PASSED] - setValueToCellByIndex(sheet01, n, 8, todaysDate): null

18-11-2024T04:04:47 - [TEST_STEP][PASSED] - n = n + 1: null

18-11-2024T04:04:47 - [TEST_STEP][PASSED] - saveWorkbook(excelFilePath, workbook01): null

18-11-2024T04:04:47 - [TEST_STEP][PASSED] - dZO = "Россети Урал (ГК)": null

18-11-2024T04:04:47 - [TEST_STEP][PASSED] - if (verifyEqual(a312, b312) == false): Actual object '2.23' and expected object '2.23' are equal

18-11-2024T04:04:47 - [MESSAGE][PASSED] - Actual object '2.23' and expected object '2.23' are equal

18-11-2024T04:04:47 - [TEST_STEP][PASSED] - dZO = "Россети ФСК ЕЭС": null

18-11-2024T04:04:47 - [TEST_STEP][PASSED] - if (verifyEqual(a313, b313) == false): Actual object '0.87' and expected object '0.87' are equal

18-11-2024T04:04:47 - [MESSAGE][PASSED] - Actual object '0.87' and expected object '0.87' are equal

18-11-2024T04:04:47 - [TEST_STEP][PASSED] - dZO = "Россети Центр": null

18-11-2024T04:04:47 - [TEST_STEP][FAILED] - if (verifyEqual(a314, b314) == false): null

18-11-2024T04:04:47 - [MESSAGE][FAILED] - Unable to verify equal between actual object '-30.67' and expected object '4' (Root cause: com.kms.katalon.core.exception.StepFailedException: Actual object '-30.67' and expected object '4' are not equal
	at com.kms.katalon.core.keyword.builtin.VerifyEqualKeyword$_verifyEqual_closure1.doCall(VerifyEqualKeyword.groovy:58)
	at com.kms.katalon.core.keyword.builtin.VerifyEqualKeyword$_verifyEqual_closure1.call(VerifyEqualKeyword.groovy)
	at com.kms.katalon.core.keyword.internal.KeywordMain.runKeyword(KeywordMain.groovy:75)
	at com.kms.katalon.core.keyword.builtin.VerifyEqualKeyword.verifyEqual(VerifyEqualKeyword.groovy:63)
	at com.kms.katalon.core.keyword.builtin.VerifyEqualKeyword.execute(VerifyEqualKeyword.groovy:44)
	at com.kms.katalon.core.keyword.internal.KeywordExecutor.executeKeywordForPlatform(KeywordExecutor.groovy:74)
	at com.kms.katalon.core.keyword.BuiltinKeywords.verifyEqual(BuiltinKeywords.groovy:146)
	at jdk.internal.reflect.GeneratedMethodAccessor25.invoke(Unknown Source)
	at java.base/jdk.internal.reflect.DelegatingMethodAccessorImpl.invoke(DelegatingMethodAccessorImpl.java:43)
	at Выручка в рублях сверка дашбордов ПАО Россети.Blocks(Выручка в рублях сверка дашбордов ПАО Россети:497)
	at Выручка в рублях сверка дашбордов ПАО Россети.ViruchkaChange(Выручка в рублях сверка дашбордов ПАО Россети:60)
	at Выручка в рублях сверка дашбордов ПАО Россети.run(Выручка в рублях сверка дашбордов ПАО Россети:55)
	at com.kms.katalon.core.main.ScriptEngine.run(ScriptEngine.java:194)
	at com.kms.katalon.core.main.ScriptEngine.runScriptAsRawText(ScriptEngine.java:119)
	at com.kms.katalon.core.main.TestCaseExecutor.runScript(TestCaseExecutor.java:448)
	at com.kms.katalon.core.main.TestCaseExecutor.doExecute(TestCaseExecutor.java:439)
	at com.kms.katalon.core.main.TestCaseExecutor.processExecutionPhase(TestCaseExecutor.java:418)
	at com.kms.katalon.core.main.TestCaseExecutor.accessMainPhase(TestCaseExecutor.java:410)
	at com.kms.katalon.core.main.TestCaseExecutor.execute(TestCaseExecutor.java:285)
	at com.kms.katalon.core.common.CommonExecutor.accessTestCaseMainPhase(CommonExecutor.java:65)
	at com.kms.katalon.core.main.TestSuiteExecutor.accessTestSuiteMainPhase(TestSuiteExecutor.java:150)
	at com.kms.katalon.core.main.TestSuiteExecutor.execute(TestSuiteExecutor.java:106)
	at com.kms.katalon.core.main.TestCaseMain.startTestSuite(TestCaseMain.java:180)
	at TempTestSuite1731886967590.run(TempTestSuite1731886967590.groovy:35)
	at java.base/jdk.internal.reflect.NativeMethodAccessorImpl.invoke0(Native Method)
	at java.base/jdk.internal.reflect.NativeMethodAccessorImpl.invoke(NativeMethodAccessorImpl.java:77)
	at java.base/jdk.internal.reflect.DelegatingMethodAccessorImpl.invoke(DelegatingMethodAccessorImpl.java:43)
)

18-11-2024T04:04:47 - [TEST_STEP][PASSED] - a = replaceAll("\s+", "").toDouble(): null

18-11-2024T04:04:47 - [TEST_STEP][PASSED] - b = replaceAll("\s+", "").toDouble(): null

18-11-2024T04:04:47 - [TEST_STEP][PASSED] - Script1710234207206.WriteToExcel(todaysDate, run, vir, block, typeOfData, viruchka, vidget, nameOfBlock, a, b, dZO): null

18-11-2024T04:04:47 - [TEST_STEP][PASSED] - println(run): null

18-11-2024T04:04:47 - [TEST_STEP][PASSED] - if (run == 1): null

18-11-2024T04:04:47 - [TEST_STEP][PASSED] - else if (run == 2): null

18-11-2024T04:04:47 - [TEST_STEP][PASSED] - typeOfData = "Проценты": null

18-11-2024T04:04:47 - [TEST_STEP][PASSED] - println("todaysDate:" + todaysDate): null

18-11-2024T04:04:47 - [TEST_STEP][PASSED] - println("typeOfData:" + typeOfData): null

18-11-2024T04:04:47 - [TEST_STEP][PASSED] - viruchka = getText(findTestObject("Выручка в рублях/Фильтр Выручка" + nameOfBlock)): Text of object 'Object Repository/Выручка в рублях/Фильтр Выручка Выручка' is: 'ПЕРЕДАЧА ЭЛЕКТРОЭНЕРГИИ (ИТОГО, по всем видам тарифа)'

18-11-2024T04:04:47 - [MESSAGE][PASSED] - Text of object 'Object Repository/Выручка в рублях/Фильтр Выручка Выручка' is: 'ПЕРЕДАЧА ЭЛЕКТРОЭНЕРГИИ (ИТОГО, по всем видам тарифа)'

18-11-2024T04:04:47 - [TEST_STEP][PASSED] - println("viruchka" + viruchka): null

18-11-2024T04:04:47 - [TEST_STEP][PASSED] - println("vidget" + vidget): null

18-11-2024T04:04:47 - [TEST_STEP][PASSED] - println("a" + a): null

18-11-2024T04:04:47 - [TEST_STEP][PASSED] - println("b" + b): null

18-11-2024T04:04:47 - [TEST_STEP][PASSED] - sheetName = "Sheet1": null

18-11-2024T04:04:47 - [TEST_STEP][PASSED] - data = findTestData("PlanFact"): null

18-11-2024T04:04:47 - [TEST_STEP][PASSED] - n = data.getRowNumbers() + 1: null

18-11-2024T04:04:47 - [TEST_STEP][PASSED] - period = getText(findTestObject("Выручка в рублях/Фильтр Период")): Text of object 'Object Repository/Выручка в рублях/Фильтр Период' is: '1, 2, 3 кв. 2024 года'

18-11-2024T04:04:48 - [MESSAGE][PASSED] - Text of object 'Object Repository/Выручка в рублях/Фильтр Период' is: '1, 2, 3 кв. 2024 года'

18-11-2024T04:04:48 - [TEST_STEP][PASSED] - println(period): null

18-11-2024T04:04:48 - [TEST_STEP][PASSED] - dashboardName = "Выручка в рублях": null

18-11-2024T04:04:48 - [TEST_STEP][PASSED] - workbook01 = getWorkbook(excelFilePath): null

18-11-2024T04:04:48 - [TEST_STEP][PASSED] - sheet01 = getExcelSheet(workbook01, sheetName): null

18-11-2024T04:04:48 - [TEST_STEP][PASSED] - setValueToCellByIndex(sheet01, n, 0, dashboardName): null

18-11-2024T04:04:48 - [TEST_STEP][PASSED] - setValueToCellByIndex(sheet01, n, 1, dZO): null

18-11-2024T04:04:48 - [TEST_STEP][PASSED] - setValueToCellByIndex(sheet01, n, 2, vidget): null

18-11-2024T04:04:48 - [TEST_STEP][PASSED] - setValueToCellByIndex(sheet01, n, 3, viruchka): null

18-11-2024T04:04:48 - [TEST_STEP][PASSED] - setValueToCellByIndex(sheet01, n, 4, typeOfData): null

18-11-2024T04:04:48 - [TEST_STEP][PASSED] - if (a == null): null

18-11-2024T04:04:48 - [TEST_STEP][PASSED] - else: null

18-11-2024T04:04:48 - [TEST_STEP][PASSED] - setValueToCellByIndex(sheet01, n, 5, a): null

18-11-2024T04:04:48 - [TEST_STEP][PASSED] - if (b == null): null

18-11-2024T04:04:48 - [TEST_STEP][PASSED] - else: null

18-11-2024T04:04:48 - [TEST_STEP][PASSED] - setValueToCellByIndex(sheet01, n, 6, b): null

18-11-2024T04:04:48 - [TEST_STEP][PASSED] - setValueToCellByIndex(sheet01, n, 7, period): null

18-11-2024T04:04:48 - [TEST_STEP][PASSED] - setValueToCellByIndex(sheet01, n, 8, todaysDate): null

18-11-2024T04:04:48 - [TEST_STEP][PASSED] - n = n + 1: null

18-11-2024T04:04:48 - [TEST_STEP][PASSED] - saveWorkbook(excelFilePath, workbook01): null

18-11-2024T04:04:48 - [TEST_STEP][PASSED] - dZO = "Россети Центр и Приволжье (ГК)": null

18-11-2024T04:04:48 - [TEST_STEP][PASSED] - if (verifyEqual(a315, b315) == false): Actual object '4.25' and expected object '4.25' are equal

18-11-2024T04:04:48 - [MESSAGE][PASSED] - Actual object '4.25' and expected object '4.25' are equal

18-11-2024T04:04:48 - [TEST_STEP][PASSED] - dZO = "Россети Юг (ГК)": null

18-11-2024T04:04:48 - [TEST_STEP][FAILED] - if (verifyEqual(a316, b316) == false): null

18-11-2024T04:04:48 - [MESSAGE][FAILED] - Unable to verify equal between actual object '-48.32' and expected object '3.35' (Root cause: com.kms.katalon.core.exception.StepFailedException: Actual object '-48.32' and expected object '3.35' are not equal
	at com.kms.katalon.core.keyword.builtin.VerifyEqualKeyword$_verifyEqual_closure1.doCall(VerifyEqualKeyword.groovy:58)
	at com.kms.katalon.core.keyword.builtin.VerifyEqualKeyword$_verifyEqual_closure1.call(VerifyEqualKeyword.groovy)
	at com.kms.katalon.core.keyword.internal.KeywordMain.runKeyword(KeywordMain.groovy:75)
	at com.kms.katalon.core.keyword.builtin.VerifyEqualKeyword.verifyEqual(VerifyEqualKeyword.groovy:63)
	at com.kms.katalon.core.keyword.builtin.VerifyEqualKeyword.execute(VerifyEqualKeyword.groovy:44)
	at com.kms.katalon.core.keyword.internal.KeywordExecutor.executeKeywordForPlatform(KeywordExecutor.groovy:74)
	at com.kms.katalon.core.keyword.BuiltinKeywords.verifyEqual(BuiltinKeywords.groovy:146)
	at jdk.internal.reflect.GeneratedMethodAccessor25.invoke(Unknown Source)
	at java.base/jdk.internal.reflect.DelegatingMethodAccessorImpl.invoke(DelegatingMethodAccessorImpl.java:43)
	at Выручка в рублях сверка дашбордов ПАО Россети.Blocks(Выручка в рублях сверка дашбордов ПАО Россети:517)
	at Выручка в рублях сверка дашбордов ПАО Россети.ViruchkaChange(Выручка в рублях сверка дашбордов ПАО Россети:60)
	at Выручка в рублях сверка дашбордов ПАО Россети.run(Выручка в рублях сверка дашбордов ПАО Россети:55)
	at com.kms.katalon.core.main.ScriptEngine.run(ScriptEngine.java:194)
	at com.kms.katalon.core.main.ScriptEngine.runScriptAsRawText(ScriptEngine.java:119)
	at com.kms.katalon.core.main.TestCaseExecutor.runScript(TestCaseExecutor.java:448)
	at com.kms.katalon.core.main.TestCaseExecutor.doExecute(TestCaseExecutor.java:439)
	at com.kms.katalon.core.main.TestCaseExecutor.processExecutionPhase(TestCaseExecutor.java:418)
	at com.kms.katalon.core.main.TestCaseExecutor.accessMainPhase(TestCaseExecutor.java:410)
	at com.kms.katalon.core.main.TestCaseExecutor.execute(TestCaseExecutor.java:285)
	at com.kms.katalon.core.common.CommonExecutor.accessTestCaseMainPhase(CommonExecutor.java:65)
	at com.kms.katalon.core.main.TestSuiteExecutor.accessTestSuiteMainPhase(TestSuiteExecutor.java:150)
	at com.kms.katalon.core.main.TestSuiteExecutor.execute(TestSuiteExecutor.java:106)
	at com.kms.katalon.core.main.TestCaseMain.startTestSuite(TestCaseMain.java:180)
	at TempTestSuite1731886967590.run(TempTestSuite1731886967590.groovy:35)
	at java.base/jdk.internal.reflect.NativeMethodAccessorImpl.invoke0(Native Method)
	at java.base/jdk.internal.reflect.NativeMethodAccessorImpl.invoke(NativeMethodAccessorImpl.java:77)
	at java.base/jdk.internal.reflect.DelegatingMethodAccessorImpl.invoke(DelegatingMethodAccessorImpl.java:43)
)

18-11-2024T04:04:48 - [TEST_STEP][PASSED] - a = replaceAll("\s+", "").toDouble(): null

18-11-2024T04:04:48 - [TEST_STEP][PASSED] - b = replaceAll("\s+", "").toDouble(): null

18-11-2024T04:04:48 - [TEST_STEP][PASSED] - Script1710234207206.WriteToExcel(todaysDate, run, vir, block, typeOfData, viruchka, vidget, nameOfBlock, a, b, dZO): null

18-11-2024T04:04:48 - [TEST_STEP][PASSED] - println(run): null

18-11-2024T04:04:48 - [TEST_STEP][PASSED] - if (run == 1): null

18-11-2024T04:04:48 - [TEST_STEP][PASSED] - else if (run == 2): null

18-11-2024T04:04:48 - [TEST_STEP][PASSED] - typeOfData = "Проценты": null

18-11-2024T04:04:48 - [TEST_STEP][PASSED] - println("todaysDate:" + todaysDate): null

18-11-2024T04:04:48 - [TEST_STEP][PASSED] - println("typeOfData:" + typeOfData): null

18-11-2024T04:04:48 - [TEST_STEP][PASSED] - viruchka = getText(findTestObject("Выручка в рублях/Фильтр Выручка" + nameOfBlock)): Text of object 'Object Repository/Выручка в рублях/Фильтр Выручка Выручка' is: 'ПЕРЕДАЧА ЭЛЕКТРОЭНЕРГИИ (ИТОГО, по всем видам тарифа)'

18-11-2024T04:04:48 - [MESSAGE][PASSED] - Text of object 'Object Repository/Выручка в рублях/Фильтр Выручка Выручка' is: 'ПЕРЕДАЧА ЭЛЕКТРОЭНЕРГИИ (ИТОГО, по всем видам тарифа)'

18-11-2024T04:04:48 - [TEST_STEP][PASSED] - println("viruchka" + viruchka): null

18-11-2024T04:04:48 - [TEST_STEP][PASSED] - println("vidget" + vidget): null

18-11-2024T04:04:48 - [TEST_STEP][PASSED] - println("a" + a): null

18-11-2024T04:04:48 - [TEST_STEP][PASSED] - println("b" + b): null

18-11-2024T04:04:48 - [TEST_STEP][PASSED] - sheetName = "Sheet1": null

18-11-2024T04:04:48 - [TEST_STEP][PASSED] - data = findTestData("PlanFact"): null

18-11-2024T04:04:48 - [TEST_STEP][PASSED] - n = data.getRowNumbers() + 1: null

18-11-2024T04:04:48 - [TEST_STEP][PASSED] - period = getText(findTestObject("Выручка в рублях/Фильтр Период")): Text of object 'Object Repository/Выручка в рублях/Фильтр Период' is: '1, 2, 3 кв. 2024 года'

18-11-2024T04:04:49 - [MESSAGE][PASSED] - Text of object 'Object Repository/Выручка в рублях/Фильтр Период' is: '1, 2, 3 кв. 2024 года'

18-11-2024T04:04:49 - [TEST_STEP][PASSED] - println(period): null

18-11-2024T04:04:49 - [TEST_STEP][PASSED] - dashboardName = "Выручка в рублях": null

18-11-2024T04:04:49 - [TEST_STEP][PASSED] - workbook01 = getWorkbook(excelFilePath): null

18-11-2024T04:04:49 - [TEST_STEP][PASSED] - sheet01 = getExcelSheet(workbook01, sheetName): null

18-11-2024T04:04:49 - [TEST_STEP][PASSED] - setValueToCellByIndex(sheet01, n, 0, dashboardName): null

18-11-2024T04:04:49 - [TEST_STEP][PASSED] - setValueToCellByIndex(sheet01, n, 1, dZO): null

18-11-2024T04:04:49 - [TEST_STEP][PASSED] - setValueToCellByIndex(sheet01, n, 2, vidget): null

18-11-2024T04:04:49 - [TEST_STEP][PASSED] - setValueToCellByIndex(sheet01, n, 3, viruchka): null

18-11-2024T04:04:49 - [TEST_STEP][PASSED] - setValueToCellByIndex(sheet01, n, 4, typeOfData): null

18-11-2024T04:04:49 - [TEST_STEP][PASSED] - if (a == null): null

18-11-2024T04:04:49 - [TEST_STEP][PASSED] - else: null

18-11-2024T04:04:49 - [TEST_STEP][PASSED] - setValueToCellByIndex(sheet01, n, 5, a): null

18-11-2024T04:04:49 - [TEST_STEP][PASSED] - if (b == null): null

18-11-2024T04:04:49 - [TEST_STEP][PASSED] - else: null

18-11-2024T04:04:49 - [TEST_STEP][PASSED] - setValueToCellByIndex(sheet01, n, 6, b): null

18-11-2024T04:04:49 - [TEST_STEP][PASSED] - setValueToCellByIndex(sheet01, n, 7, period): null

18-11-2024T04:04:49 - [TEST_STEP][PASSED] - setValueToCellByIndex(sheet01, n, 8, todaysDate): null

18-11-2024T04:04:49 - [TEST_STEP][PASSED] - n = n + 1: null

18-11-2024T04:04:49 - [TEST_STEP][PASSED] - saveWorkbook(excelFilePath, workbook01): null

18-11-2024T04:04:49 - [TEST_STEP][PASSED] - dZO = "Россети Янтарь": null

18-11-2024T04:04:49 - [TEST_STEP][PASSED] - if (verifyEqual(a317, b317) == false): Actual object '3.93' and expected object '3.93' are equal

18-11-2024T04:04:49 - [MESSAGE][PASSED] - Actual object '3.93' and expected object '3.93' are equal

18-11-2024T04:04:49 - [TEST_STEP][PASSED] - closeBrowser(): null

18-11-2024T04:04:49 - [MESSAGE][PASSED] - Browser is closed

18-11-2024T04:04:49 - [TEST_STEP][PASSED] - Script1710234207206.Blocks(run, vir, block, nameOfBlock, typeOfData, viruchka, vidget, todaysDate, a, b, dZO, x, y): null

18-11-2024T04:04:49 - [TEST_STEP][PASSED] - i = <not implemented yet for class: org.codehaus.groovy.ast.expr.EmptyExpression>: null

18-11-2024T04:04:49 - [TEST_STEP][PASSED] - perc = "": null

18-11-2024T04:04:49 - [TEST_STEP][PASSED] - a1 = <not implemented yet for class: org.codehaus.groovy.ast.expr.EmptyExpression>: null

18-11-2024T04:04:49 - [TEST_STEP][PASSED] - a2 = <not implemented yet for class: org.codehaus.groovy.ast.expr.EmptyExpression>: null

18-11-2024T04:04:49 - [TEST_STEP][PASSED] - a30 = <not implemented yet for class: org.codehaus.groovy.ast.expr.EmptyExpression>: null

18-11-2024T04:04:49 - [TEST_STEP][PASSED] - a31 = <not implemented yet for class: org.codehaus.groovy.ast.expr.EmptyExpression>: null

18-11-2024T04:04:49 - [TEST_STEP][PASSED] - a32 = <not implemented yet for class: org.codehaus.groovy.ast.expr.EmptyExpression>: null

18-11-2024T04:04:49 - [TEST_STEP][PASSED] - a33 = <not implemented yet for class: org.codehaus.groovy.ast.expr.EmptyExpression>: null

18-11-2024T04:04:49 - [TEST_STEP][PASSED] - a34 = <not implemented yet for class: org.codehaus.groovy.ast.expr.EmptyExpression>: null

18-11-2024T04:04:49 - [TEST_STEP][PASSED] - a35 = <not implemented yet for class: org.codehaus.groovy.ast.expr.EmptyExpression>: null

18-11-2024T04:04:49 - [TEST_STEP][PASSED] - a36 = <not implemented yet for class: org.codehaus.groovy.ast.expr.EmptyExpression>: null

18-11-2024T04:04:49 - [TEST_STEP][PASSED] - a37 = <not implemented yet for class: org.codehaus.groovy.ast.expr.EmptyExpression>: null

18-11-2024T04:04:49 - [TEST_STEP][PASSED] - a38 = <not implemented yet for class: org.codehaus.groovy.ast.expr.EmptyExpression>: null

18-11-2024T04:04:49 - [TEST_STEP][PASSED] - a39 = <not implemented yet for class: org.codehaus.groovy.ast.expr.EmptyExpression>: null

18-11-2024T04:04:49 - [TEST_STEP][PASSED] - a310 = <not implemented yet for class: org.codehaus.groovy.ast.expr.EmptyExpression>: null

18-11-2024T04:04:49 - [TEST_STEP][PASSED] - a311 = <not implemented yet for class: org.codehaus.groovy.ast.expr.EmptyExpression>: null

18-11-2024T04:04:49 - [TEST_STEP][PASSED] - a312 = <not implemented yet for class: org.codehaus.groovy.ast.expr.EmptyExpression>: null

18-11-2024T04:04:49 - [TEST_STEP][PASSED] - a313 = <not implemented yet for class: org.codehaus.groovy.ast.expr.EmptyExpression>: null

18-11-2024T04:04:49 - [TEST_STEP][PASSED] - a314 = <not implemented yet for class: org.codehaus.groovy.ast.expr.EmptyExpression>: null

18-11-2024T04:04:49 - [TEST_STEP][PASSED] - a315 = <not implemented yet for class: org.codehaus.groovy.ast.expr.EmptyExpression>: null

18-11-2024T04:04:49 - [TEST_STEP][PASSED] - a316 = <not implemented yet for class: org.codehaus.groovy.ast.expr.EmptyExpression>: null

18-11-2024T04:04:49 - [TEST_STEP][PASSED] - a317 = <not implemented yet for class: org.codehaus.groovy.ast.expr.EmptyExpression>: null

18-11-2024T04:04:49 - [TEST_STEP][PASSED] - b1 = <not implemented yet for class: org.codehaus.groovy.ast.expr.EmptyExpression>: null

18-11-2024T04:04:49 - [TEST_STEP][PASSED] - b2 = <not implemented yet for class: org.codehaus.groovy.ast.expr.EmptyExpression>: null

18-11-2024T04:04:49 - [TEST_STEP][PASSED] - b30 = <not implemented yet for class: org.codehaus.groovy.ast.expr.EmptyExpression>: null

18-11-2024T04:04:49 - [TEST_STEP][PASSED] - b31 = <not implemented yet for class: org.codehaus.groovy.ast.expr.EmptyExpression>: null

18-11-2024T04:04:49 - [TEST_STEP][PASSED] - b32 = <not implemented yet for class: org.codehaus.groovy.ast.expr.EmptyExpression>: null

18-11-2024T04:04:49 - [TEST_STEP][PASSED] - b33 = <not implemented yet for class: org.codehaus.groovy.ast.expr.EmptyExpression>: null

18-11-2024T04:04:49 - [TEST_STEP][PASSED] - b34 = <not implemented yet for class: org.codehaus.groovy.ast.expr.EmptyExpression>: null

18-11-2024T04:04:49 - [TEST_STEP][PASSED] - b35 = <not implemented yet for class: org.codehaus.groovy.ast.expr.EmptyExpression>: null

18-11-2024T04:04:49 - [TEST_STEP][PASSED] - b36 = <not implemented yet for class: org.codehaus.groovy.ast.expr.EmptyExpression>: null

18-11-2024T04:04:49 - [TEST_STEP][PASSED] - b37 = <not implemented yet for class: org.codehaus.groovy.ast.expr.EmptyExpression>: null

18-11-2024T04:04:49 - [TEST_STEP][PASSED] - b38 = <not implemented yet for class: org.codehaus.groovy.ast.expr.EmptyExpression>: null

18-11-2024T04:04:49 - [TEST_STEP][PASSED] - b39 = <not implemented yet for class: org.codehaus.groovy.ast.expr.EmptyExpression>: null

18-11-2024T04:04:49 - [TEST_STEP][PASSED] - b310 = <not implemented yet for class: org.codehaus.groovy.ast.expr.EmptyExpression>: null

18-11-2024T04:04:49 - [TEST_STEP][PASSED] - b311 = <not implemented yet for class: org.codehaus.groovy.ast.expr.EmptyExpression>: null

18-11-2024T04:04:49 - [TEST_STEP][PASSED] - b312 = <not implemented yet for class: org.codehaus.groovy.ast.expr.EmptyExpression>: null

18-11-2024T04:04:49 - [TEST_STEP][PASSED] - b313 = <not implemented yet for class: org.codehaus.groovy.ast.expr.EmptyExpression>: null

18-11-2024T04:04:49 - [TEST_STEP][PASSED] - b314 = <not implemented yet for class: org.codehaus.groovy.ast.expr.EmptyExpression>: null

18-11-2024T04:04:49 - [TEST_STEP][PASSED] - b315 = <not implemented yet for class: org.codehaus.groovy.ast.expr.EmptyExpression>: null

18-11-2024T04:04:49 - [TEST_STEP][PASSED] - b316 = <not implemented yet for class: org.codehaus.groovy.ast.expr.EmptyExpression>: null

18-11-2024T04:04:49 - [TEST_STEP][PASSED] - b317 = <not implemented yet for class: org.codehaus.groovy.ast.expr.EmptyExpression>: null

18-11-2024T04:04:49 - [TEST_STEP][PASSED] - block = 1: null

18-11-2024T04:04:49 - [TEST_STEP][PASSED] - nameOfBlock = "": null

18-11-2024T04:04:49 - [TEST_STEP][PASSED] - Script1710234207206.PreSettings(run, vir, block, nameOfBlock, typeOfData, todaysDate): null

18-11-2024T04:04:49 - [TEST_STEP][PASSED] - openBrowser(""): Browser is opened with url: ''

18-11-2024T04:04:49 - [MESSAGE][INFO] - Starting 'Chrome' driver

18-11-2024T04:04:49 - [MESSAGE][INFO] - Action delay is set to 0 milliseconds

18-11-2024T04:04:50 - [MESSAGE][PASSED] - Browser is opened with url: ''

18-11-2024T04:04:50 - [TEST_STEP][PASSED] - refresh(): Refresh successfully

18-11-2024T04:04:50 - [MESSAGE][PASSED] - Refresh successfully

18-11-2024T04:04:50 - [TEST_STEP][PASSED] - delay(50): Delayed 50 second(s)

18-11-2024T04:05:40 - [MESSAGE][PASSED] - Delayed 50 second(s)

18-11-2024T04:05:40 - [TEST_STEP][PASSED] - println("run:" + run): null

18-11-2024T04:05:40 - [TEST_STEP][PASSED] - println("vir:" + vir): null

18-11-2024T04:05:40 - [TEST_STEP][PASSED] - println("block:" + block): null

18-11-2024T04:05:40 - [TEST_STEP][PASSED] - if (block == 1): null

18-11-2024T04:05:40 - [TEST_STEP][PASSED] - nameOfBlock = "": null

18-11-2024T04:05:40 - [TEST_STEP][PASSED] - println("nameOfBlock:" + nameOfBlock): null

18-11-2024T04:05:40 - [TEST_STEP][PASSED] - println("typeOfData:" + typeOfData): null

18-11-2024T04:05:40 - [TEST_STEP][PASSED] - println("todaysDate:" + todaysDate): null

18-11-2024T04:05:40 - [TEST_STEP][PASSED] - Script1710234207206.Autorization(block, nameOfBlock): null

18-11-2024T04:05:40 - [TEST_STEP][PASSED] - i = <not implemented yet for class: org.codehaus.groovy.ast.expr.EmptyExpression>: null

18-11-2024T04:05:40 - [TEST_STEP][PASSED] - ii = <not implemented yet for class: org.codehaus.groovy.ast.expr.EmptyExpression>: null

18-11-2024T04:05:40 - [TEST_STEP][PASSED] - urlData = <not implemented yet for class: org.codehaus.groovy.ast.expr.EmptyExpression>: null

18-11-2024T04:05:40 - [TEST_STEP][PASSED] - searchWord = <not implemented yet for class: org.codehaus.groovy.ast.expr.EmptyExpression>: null

18-11-2024T04:05:40 - [TEST_STEP][PASSED] - urlText = <not implemented yet for class: org.codehaus.groovy.ast.expr.EmptyExpression>: null

18-11-2024T04:05:40 - [TEST_STEP][PASSED] - println("block:" + block): null

18-11-2024T04:05:40 - [TEST_STEP][PASSED] - if (block == 1): null

18-11-2024T04:05:40 - [TEST_STEP][PASSED] - nameOfBlock = "": null

18-11-2024T04:05:40 - [TEST_STEP][PASSED] - println("nameOfBlock:" + nameOfBlock): null

18-11-2024T04:05:40 - [TEST_STEP][PASSED] - if (block == 1): Delayed 45 second(s)

18-11-2024T04:05:40 - [TEST_STEP][PASSED] - urlData = 2: null

18-11-2024T04:05:40 - [TEST_STEP][PASSED] - delay(45): Delayed 45 second(s)

18-11-2024T04:06:25 - [MESSAGE][PASSED] - Delayed 45 second(s)

18-11-2024T04:06:25 - [TEST_STEP][PASSED] - navigateToUrl(findTestData("PlanFact").getValue(10, urlData)): Navigate to 'https://bi.rosseti.digital/viewer?dashboardGuid=2301950b23be4ed89c1df75f2020051e&sheetGuid=b723206f698544fb87299f3095c00435&fit=true' successfully

18-11-2024T04:06:30 - [MESSAGE][PASSED] - Navigate to 'https://bi.rosseti.digital/viewer?dashboardGuid=2301950b23be4ed89c1df75f2020051e&sheetGuid=b723206f698544fb87299f3095c00435&fit=true' successfully

18-11-2024T04:06:30 - [TEST_STEP][PASSED] - urlText = getText(findTestObject("Страница авторизации/Text")): Text of object 'Object Repository/Страница авторизации/Text' is: 'Вход'

18-11-2024T04:06:33 - [MESSAGE][PASSED] - Text of object 'Object Repository/Страница авторизации/Text' is: 'Вход'

18-11-2024T04:06:33 - [TEST_STEP][PASSED] - searchWord = "Вход": null

18-11-2024T04:06:33 - [TEST_STEP][PASSED] - if (urlText == null || urlText.contains("ошибка") || urlText.contains(searchWord) == false): null

18-11-2024T04:06:33 - [TEST_STEP][PASSED] - if (verifyElementPresent(findTestObject("Страница авторизации/button_"), 30) == true): null

18-11-2024T04:06:34 - [MESSAGE][PASSED] - Object 'Object Repository/Страница авторизации/button_' is present

18-11-2024T04:06:34 - [TEST_STEP][PASSED] - setText(findTestObject("Страница авторизации/input__username"), findTestData("PlanFact").getValue(8, 1)): Text 'liazgina-di' is set on object 'Object Repository/Страница авторизации/input__username'

18-11-2024T04:06:34 - [MESSAGE][PASSED] - Text 'liazgina-di' is set on object 'Object Repository/Страница авторизации/input__username'

18-11-2024T04:06:34 - [TEST_STEP][PASSED] - setText(findTestObject("Страница авторизации/input__password"), findTestData("PlanFact").getValue(9, 1)): Text ')$%5srZ8o688Dm#q' is set on object 'Object Repository/Страница авторизации/input__password'

18-11-2024T04:06:35 - [MESSAGE][PASSED] - Text ')$%5srZ8o688Dm#q' is set on object 'Object Repository/Страница авторизации/input__password'

18-11-2024T04:06:35 - [TEST_STEP][PASSED] - click(findTestObject("Страница авторизации/button_")): Object: 'Object Repository/Страница авторизации/button_' is clicked on

18-11-2024T04:06:37 - [MESSAGE][PASSED] - Object: 'Object Repository/Страница авторизации/button_' is clicked on

18-11-2024T04:06:37 - [TEST_STEP][PASSED] - delay(45): Delayed 45 second(s)

18-11-2024T04:07:22 - [MESSAGE][PASSED] - Delayed 45 second(s)

18-11-2024T04:07:22 - [TEST_STEP][PASSED] - urlText = getText(findTestObject("Страница авторизации/Text")): Text of object 'Object Repository/Страница авторизации/Text' is: 'Период
1, 2, 3 кв. 2024 года
Выручка
Все
Выполнение плановых показателей по ПАО Россети за 1, 2, 3 кв. 2024 года
План
Факт
Динамика
2024 год
0 млн.руб.
100 000 млн.руб.
200 000 млн.руб.
300 000 млн.руб.
400 000 млн.руб.
500 000 млн.руб.
600 000 млн.руб.
700 000 млн.руб.
800 000 млн.руб.
900 000 млн.руб.
1 000 000 млн.руб.
1 100 000 млн.руб.
1 200 000 млн.руб.
1 300 000 млн.руб.
1 056 816
1 083 641
↑
ДЗО 
Все
Внутренний оборот - выручка за услуги по передаче электрической энергии, учтенная в выручке за электроэнергию для конечных потребителей, при выполнении ДЗО функций гарантирующего поставщика
Подписи данных
⬤Отклонение
АО «Тываэнерго»
АО «Чеченэнерго»
Россети Волга
Россети Кубань
Россети Ленэнерго (ГК)
Россети Московский регион
Россети Северный Кавказ (ГК)
Россети Северо-Запад
Россети Сибирь (ГК)
Россети Томск
Россети Тюмень
Россети Урал (ГК)
Россети ФСК ЕЭС
Россети Центр
Россети Центр и Приволжье (ГК)
Россети Юг (ГК)
Россети Янтарь
-4 000млн.руб.
-2 000млн.руб.
0 млн.руб.
2 000млн.руб.
4 000млн.руб.
6 000млн.руб.
8 00…
-6 000млн.руб.
239
68
25
3 470
3 855
6 900
821
839
2 116
213
-4 312
1 715
1 999
3 410
3 873
1 315
277
млн.
%
Выручка
Отклонение выручки по ПАО Россети за 1, 2, 3 кв. 2024 года (факт/план, млн. руб)
ПАО Россети
26 824.9 млн.руб.
 '

18-11-2024T04:07:23 - [MESSAGE][PASSED] - Text of object 'Object Repository/Страница авторизации/Text' is: 'Период
1, 2, 3 кв. 2024 года
Выручка
Все
Выполнение плановых показателей по ПАО Россети за 1, 2, 3 кв. 2024 года
План
Факт
Динамика
2024 год
0 млн.руб.
100 000 млн.руб.
200 000 млн.руб.
300 000 млн.руб.
400 000 млн.руб.
500 000 млн.руб.
600 000 млн.руб.
700 000 млн.руб.
800 000 млн.руб.
900 000 млн.руб.
1 000 000 млн.руб.
1 100 000 млн.руб.
1 200 000 млн.руб.
1 300 000 млн.руб.
1 056 816
1 083 641
↑
ДЗО 
Все
Внутренний оборот - выручка за услуги по передаче электрической энергии, учтенная в выручке за электроэнергию для конечных потребителей, при выполнении ДЗО функций гарантирующего поставщика
Подписи данных
⬤Отклонение
АО «Тываэнерго»
АО «Чеченэнерго»
Россети Волга
Россети Кубань
Россети Ленэнерго (ГК)
Россети Московский регион
Россети Северный Кавказ (ГК)
Россети Северо-Запад
Россети Сибирь (ГК)
Россети Томск
Россети Тюмень
Россети Урал (ГК)
Россети ФСК ЕЭС
Россети Центр
Россети Центр и Приволжье (ГК)
Россети Юг (ГК)
Россети Янтарь
-4 000млн.руб.
-2 000млн.руб.
0 млн.руб.
2 000млн.руб.
4 000млн.руб.
6 000млн.руб.
8 00…
-6 000млн.руб.
239
68
25
3 470
3 855
6 900
821
839
2 116
213
-4 312
1 715
1 999
3 410
3 873
1 315
277
млн.
%
Выручка
Отклонение выручки по ПАО Россети за 1, 2, 3 кв. 2024 года (факт/план, млн. руб)
ПАО Россети
26 824.9 млн.руб.
 '

18-11-2024T04:07:23 - [TEST_STEP][PASSED] - searchWord = "а": null

18-11-2024T04:07:23 - [TEST_STEP][PASSED] - if (urlText.contains("ошибка") || urlText.contains(searchWord) == false): null

18-11-2024T04:07:23 - [TEST_STEP][PASSED] - delay(45): Delayed 45 second(s)

18-11-2024T04:08:08 - [MESSAGE][PASSED] - Delayed 45 second(s)

18-11-2024T04:08:08 - [TEST_STEP][PASSED] - if (block == 2): null

18-11-2024T04:08:08 - [TEST_STEP][PASSED] - click(findTestObject("Выручка в рублях/Фильтр Период" + nameOfBlock)): Object: 'Object Repository/Выручка в рублях/Фильтр Период' is clicked on

18-11-2024T04:08:09 - [MESSAGE][PASSED] - Object: 'Object Repository/Выручка в рублях/Фильтр Период' is clicked on

18-11-2024T04:08:09 - [TEST_STEP][PASSED] - click(findTestObject("Выручка в рублях/Снять выделение в фильтре Дата" + nameOfBlock)): Object: 'Object Repository/Выручка в рублях/Снять выделение в фильтре Дата' is clicked on

18-11-2024T04:08:09 - [MESSAGE][PASSED] - Object: 'Object Repository/Выручка в рублях/Снять выделение в фильтре Дата' is clicked on

18-11-2024T04:08:09 - [TEST_STEP][PASSED] - click(findTestObject("Выручка в рублях/Применить в фильтре Дата" + nameOfBlock)): Object: 'Object Repository/Выручка в рублях/Применить в фильтре Дата' is clicked on

18-11-2024T04:08:10 - [MESSAGE][PASSED] - Object: 'Object Repository/Выручка в рублях/Применить в фильтре Дата' is clicked on

18-11-2024T04:08:10 - [TEST_STEP][PASSED] - delay(50): Delayed 50 second(s)

18-11-2024T04:09:00 - [MESSAGE][PASSED] - Delayed 50 second(s)

18-11-2024T04:09:00 - [TEST_STEP][PASSED] - click(findTestObject("Выручка в рублях/Фильтр Период" + nameOfBlock)): Object: 'Object Repository/Выручка в рублях/Фильтр Период' is clicked on

18-11-2024T04:09:00 - [MESSAGE][PASSED] - Object: 'Object Repository/Выручка в рублях/Фильтр Период' is clicked on

18-11-2024T04:09:00 - [TEST_STEP][PASSED] - click(findTestObject("Выручка в рублях/Снять выделение в фильтре Дата" + nameOfBlock)): Object: 'Object Repository/Выручка в рублях/Снять выделение в фильтре Дата' is clicked on

18-11-2024T04:09:01 - [MESSAGE][PASSED] - Object: 'Object Repository/Выручка в рублях/Снять выделение в фильтре Дата' is clicked on

18-11-2024T04:09:01 - [TEST_STEP][PASSED] - scrollToElement(findTestObject("Выручка в рублях/2024 список" + nameOfBlock), 30): Scroll to object 'Object Repository/Выручка в рублях/2024 список' successfully

18-11-2024T04:09:01 - [MESSAGE][PASSED] - Scroll to object 'Object Repository/Выручка в рублях/2024 список' successfully

18-11-2024T04:09:01 - [TEST_STEP][PASSED] - click(findTestObject("Выручка в рублях/2024 список" + nameOfBlock)): Object: 'Object Repository/Выручка в рублях/2024 список' is clicked on

18-11-2024T04:09:01 - [MESSAGE][PASSED] - Object: 'Object Repository/Выручка в рублях/2024 список' is clicked on

18-11-2024T04:09:01 - [TEST_STEP][PASSED] - scrollToElement(findTestObject("Выручка в рублях/1 квартал 2024 выбрать" + nameOfBlock), 30): Scroll to object 'Object Repository/Выручка в рублях/1 квартал 2024 выбрать' successfully

18-11-2024T04:09:02 - [MESSAGE][PASSED] - Scroll to object 'Object Repository/Выручка в рублях/1 квартал 2024 выбрать' successfully

18-11-2024T04:09:02 - [TEST_STEP][PASSED] - click(findTestObject("Выручка в рублях/1 квартал 2024 выбрать" + nameOfBlock)): Object: 'Object Repository/Выручка в рублях/1 квартал 2024 выбрать' is clicked on

18-11-2024T04:09:02 - [MESSAGE][PASSED] - Object: 'Object Repository/Выручка в рублях/1 квартал 2024 выбрать' is clicked on

18-11-2024T04:09:02 - [TEST_STEP][PASSED] - scrollToElement(findTestObject("Выручка в рублях/2 квартал 2024 выбрать" + nameOfBlock), 30): Scroll to object 'Object Repository/Выручка в рублях/2 квартал 2024 выбрать' successfully

18-11-2024T04:09:03 - [MESSAGE][PASSED] - Scroll to object 'Object Repository/Выручка в рублях/2 квартал 2024 выбрать' successfully

18-11-2024T04:09:03 - [TEST_STEP][PASSED] - click(findTestObject("Выручка в рублях/2 квартал 2024 выбрать" + nameOfBlock)): Object: 'Object Repository/Выручка в рублях/2 квартал 2024 выбрать' is clicked on

18-11-2024T04:09:03 - [MESSAGE][PASSED] - Object: 'Object Repository/Выручка в рублях/2 квартал 2024 выбрать' is clicked on

18-11-2024T04:09:03 - [TEST_STEP][PASSED] - scrollToElement(findTestObject("Выручка в рублях/3 квартал 2024 список" + nameOfBlock), 30): Scroll to object 'Object Repository/Выручка в рублях/3 квартал 2024 список' successfully

18-11-2024T04:09:03 - [MESSAGE][PASSED] - Scroll to object 'Object Repository/Выручка в рублях/3 квартал 2024 список' successfully

18-11-2024T04:09:03 - [TEST_STEP][PASSED] - click(findTestObject("Выручка в рублях/3 квартал 2024" + nameOfBlock)): Object: 'Object Repository/Выручка в рублях/3 квартал 2024' is clicked on

18-11-2024T04:09:04 - [MESSAGE][PASSED] - Object: 'Object Repository/Выручка в рублях/3 квартал 2024' is clicked on

18-11-2024T04:09:04 - [TEST_STEP][PASSED] - scrollToElement(findTestObject("Выручка в рублях/Заголовок дашборда" + nameOfBlock), 30): Scroll to object 'Object Repository/Выручка в рублях/Заголовок дашборда' successfully

18-11-2024T04:09:04 - [MESSAGE][PASSED] - Scroll to object 'Object Repository/Выручка в рублях/Заголовок дашборда' successfully

18-11-2024T04:09:04 - [TEST_STEP][PASSED] - click(findTestObject("Выручка в рублях/Применить в фильтре Дата" + nameOfBlock)): Object: 'Object Repository/Выручка в рублях/Применить в фильтре Дата' is clicked on

18-11-2024T04:09:05 - [MESSAGE][PASSED] - Object: 'Object Repository/Выручка в рублях/Применить в фильтре Дата' is clicked on

18-11-2024T04:09:05 - [TEST_STEP][PASSED] - delay(55): Delayed 55 second(s)

18-11-2024T04:10:00 - [MESSAGE][PASSED] - Delayed 55 second(s)

18-11-2024T04:10:00 - [TEST_STEP][PASSED] - click(findTestObject("Выручка в рублях/Фильтр ДЗО" + nameOfBlock)): Object: 'Object Repository/Выручка в рублях/Фильтр ДЗО' is clicked on

18-11-2024T04:10:00 - [MESSAGE][PASSED] - Object: 'Object Repository/Выручка в рублях/Фильтр ДЗО' is clicked on

18-11-2024T04:10:00 - [TEST_STEP][PASSED] - click(findTestObject("Выручка в рублях/Снять выделение в фильтре ДЗО" + nameOfBlock)): Object: 'Object Repository/Выручка в рублях/Снять выделение в фильтре ДЗО' is clicked on

18-11-2024T04:10:01 - [MESSAGE][PASSED] - Object: 'Object Repository/Выручка в рублях/Снять выделение в фильтре ДЗО' is clicked on

18-11-2024T04:10:01 - [TEST_STEP][PASSED] - click(findTestObject("Выручка в рублях/Применить в фильтре ДЗО" + nameOfBlock)): Object: 'Object Repository/Выручка в рублях/Применить в фильтре ДЗО' is clicked on

18-11-2024T04:10:01 - [MESSAGE][PASSED] - Object: 'Object Repository/Выручка в рублях/Применить в фильтре ДЗО' is clicked on

18-11-2024T04:10:01 - [TEST_STEP][PASSED] - delay(50): Delayed 50 second(s)

18-11-2024T04:10:51 - [MESSAGE][PASSED] - Delayed 50 second(s)

18-11-2024T04:10:51 - [TEST_STEP][PASSED] - Script1710234207206.Tumbler(run, vir, block, nameOfBlock): null

18-11-2024T04:10:51 - [TEST_STEP][PASSED] - println("run:" + run): null

18-11-2024T04:10:51 - [TEST_STEP][PASSED] - println("vir:" + vir): null

18-11-2024T04:10:51 - [TEST_STEP][PASSED] - println("block:" + block): null

18-11-2024T04:10:51 - [TEST_STEP][PASSED] - println("nameOfBlock:" + nameOfBlock): null

18-11-2024T04:10:51 - [TEST_STEP][PASSED] - if (vir == 1): null

18-11-2024T04:10:51 - [TEST_STEP][PASSED] - else if (vir == 2): null

18-11-2024T04:10:51 - [TEST_STEP][PASSED] - else if (vir == 3): Object: 'Object Repository/Выручка в рублях/Применить в фильтре Выручка' is clicked on

18-11-2024T04:10:51 - [TEST_STEP][PASSED] - if (run == 2): Object: 'Object Repository/Выручка в рублях/Переключить отображение с млн на проценты Выручка в рублях' is clicked on

18-11-2024T04:10:51 - [TEST_STEP][PASSED] - click(findTestObject("Выручка в рублях/Переключить отображение с млн на проценты Выручка в рублях" + nameOfBlock)): Object: 'Object Repository/Выручка в рублях/Переключить отображение с млн на проценты Выручка в рублях' is clicked on

18-11-2024T04:10:52 - [MESSAGE][PASSED] - Object: 'Object Repository/Выручка в рублях/Переключить отображение с млн на проценты Выручка в рублях' is clicked on

18-11-2024T04:10:52 - [TEST_STEP][PASSED] - click(findTestObject("Выручка в рублях/Фильтр Выручка" + nameOfBlock)): Object: 'Object Repository/Выручка в рублях/Фильтр Выручка' is clicked on

18-11-2024T04:10:52 - [MESSAGE][PASSED] - Object: 'Object Repository/Выручка в рублях/Фильтр Выручка' is clicked on

18-11-2024T04:10:52 - [TEST_STEP][PASSED] - click(findTestObject("Выручка в рублях/Внутренний оборот в фильтре Выручка" + nameOfBlock)): Object: 'Object Repository/Выручка в рублях/Внутренний оборот в фильтре Выручка' is clicked on

18-11-2024T04:10:52 - [MESSAGE][PASSED] - Object: 'Object Repository/Выручка в рублях/Внутренний оборот в фильтре Выручка' is clicked on

18-11-2024T04:10:52 - [TEST_STEP][PASSED] - click(findTestObject("Выручка в рублях/Применить в фильтре Выручка" + nameOfBlock)): Object: 'Object Repository/Выручка в рублях/Применить в фильтре Выручка' is clicked on

18-11-2024T04:10:53 - [MESSAGE][PASSED] - Object: 'Object Repository/Выручка в рублях/Применить в фильтре Выручка' is clicked on

18-11-2024T04:10:53 - [TEST_STEP][PASSED] - click(findTestObject("Выручка в рублях/Фильтр ДЗО" + nameOfBlock)): Object: 'Object Repository/Выручка в рублях/Фильтр ДЗО' is clicked on

18-11-2024T04:10:56 - [MESSAGE][PASSED] - Object: 'Object Repository/Выручка в рублях/Фильтр ДЗО' is clicked on

18-11-2024T04:10:56 - [TEST_STEP][PASSED] - Script1710234207206.Rosseti(nameOfBlock): null

18-11-2024T04:10:56 - [TEST_STEP][PASSED] - println("nameOfBlock:" + nameOfBlock): null

18-11-2024T04:10:56 - [TEST_STEP][PASSED] - click(findTestObject("Выручка в рублях/ПАО Россети" + nameOfBlock)): Object: 'Object Repository/Выручка в рублях/ПАО Россети' is clicked on

18-11-2024T04:10:57 - [MESSAGE][PASSED] - Object: 'Object Repository/Выручка в рублях/ПАО Россети' is clicked on

18-11-2024T04:10:57 - [TEST_STEP][PASSED] - click(findTestObject("Выручка в рублях/Применить в фильтре ДЗО" + nameOfBlock)): Object: 'Object Repository/Выручка в рублях/Применить в фильтре ДЗО' is clicked on

18-11-2024T04:10:57 - [MESSAGE][PASSED] - Object: 'Object Repository/Выручка в рублях/Применить в фильтре ДЗО' is clicked on

18-11-2024T04:10:57 - [TEST_STEP][PASSED] - if (run == 2): null

18-11-2024T04:10:57 - [TEST_STEP][PASSED] - perc = " Perc": null

18-11-2024T04:10:57 - [TEST_STEP][PASSED] - if (vir == 1 || vir == 2): null

18-11-2024T04:10:57 - [TEST_STEP][PASSED] - else: Text of object 'Object Repository/Выручка в рублях/vir3Plan' is: '17 893'

18-11-2024T04:10:57 - [TEST_STEP][PASSED] - a1 = getText(findTestObject("Выручка в рублях/vir3Plan")): Text of object 'Object Repository/Выручка в рублях/vir3Plan' is: '17 893'

18-11-2024T04:10:59 - [MESSAGE][PASSED] - Text of object 'Object Repository/Выручка в рублях/vir3Plan' is: '17 893'

18-11-2024T04:10:59 - [TEST_STEP][PASSED] - if (vir == 1 || vir == 2): null

18-11-2024T04:10:59 - [TEST_STEP][PASSED] - else: Text of object 'Object Repository/Выручка в рублях/vir3Fact' is: '18 501'

18-11-2024T04:10:59 - [TEST_STEP][PASSED] - a2 = getText(findTestObject("Выручка в рублях/vir3Fact")): Text of object 'Object Repository/Выручка в рублях/vir3Fact' is: '18 501'

18-11-2024T04:10:59 - [MESSAGE][PASSED] - Text of object 'Object Repository/Выручка в рублях/vir3Fact' is: '18 501'

18-11-2024T04:10:59 - [TEST_STEP][PASSED] - a30 = getText(findTestObject("Выручка в рублях/span1" + perc)): Text of object 'Object Repository/Выручка в рублях/span1 Perc' is: '-47.39 %'

18-11-2024T04:11:00 - [MESSAGE][PASSED] - Text of object 'Object Repository/Выручка в рублях/span1 Perc' is: '-47.39 %'

18-11-2024T04:11:00 - [TEST_STEP][PASSED] - i = a30.indexOf("млн.руб."): null

18-11-2024T04:11:00 - [TEST_STEP][PASSED] - if (i > -1): null

18-11-2024T04:11:00 - [TEST_STEP][PASSED] - if (a30.contains("%")): null

18-11-2024T04:11:00 - [TEST_STEP][PASSED] - a30 = a30.replaceAll("%", ""): null

18-11-2024T04:11:00 - [TEST_STEP][PASSED] - a30 = ").trim(): null

18-11-2024T04:11:00 - [TEST_STEP][PASSED] - println("a30: " + a30): null

18-11-2024T04:11:00 - [TEST_STEP][PASSED] - if (vir == 1 || vir == 2): null

18-11-2024T04:11:00 - [TEST_STEP][PASSED] - else: Text of object 'Object Repository/Выручка в рублях/span15 Perc' is: '-3.8 %'

18-11-2024T04:11:00 - [TEST_STEP][PASSED] - a31 = ").trim(): Text of object 'Object Repository/Выручка в рублях/span15 Perc' is: '-3.8 %'

18-11-2024T04:11:00 - [MESSAGE][PASSED] - Text of object 'Object Repository/Выручка в рублях/span15 Perc' is: '-3.8 %'

18-11-2024T04:11:00 - [TEST_STEP][PASSED] - if (vir == 1 || vir == 2): null

18-11-2024T04:11:00 - [TEST_STEP][PASSED] - else: Text of object 'Object Repository/Выручка в рублях/span16 Perc' is: '-48.83 %'

18-11-2024T04:11:00 - [TEST_STEP][PASSED] - a32 = ").trim(): Text of object 'Object Repository/Выручка в рублях/span16 Perc' is: '-48.83 %'

18-11-2024T04:11:00 - [MESSAGE][PASSED] - Text of object 'Object Repository/Выручка в рублях/span16 Perc' is: '-48.83 %'

18-11-2024T04:11:00 - [TEST_STEP][PASSED] - if (vir == 1 || vir == 2): null

18-11-2024T04:11:00 - [TEST_STEP][PASSED] - else: Text of object 'Object Repository/Выручка в рублях/span17 Perc' is: '-49.16 %'

18-11-2024T04:11:00 - [TEST_STEP][PASSED] - a37 = ").trim(): Text of object 'Object Repository/Выручка в рублях/span17 Perc' is: '-49.16 %'

18-11-2024T04:11:00 - [MESSAGE][PASSED] - Text of object 'Object Repository/Выручка в рублях/span17 Perc' is: '-49.16 %'

18-11-2024T04:11:00 - [TEST_STEP][PASSED] - if (vir == 1 || vir == 2): null

18-11-2024T04:11:00 - [TEST_STEP][PASSED] - else: Text of object 'Object Repository/Выручка в рублях/span18 Perc' is: '-45.97 %'

18-11-2024T04:11:00 - [TEST_STEP][PASSED] - a316 = ").trim(): Text of object 'Object Repository/Выручка в рублях/span18 Perc' is: '-45.97 %'

18-11-2024T04:11:01 - [MESSAGE][PASSED] - Text of object 'Object Repository/Выручка в рублях/span18 Perc' is: '-45.97 %'

18-11-2024T04:11:01 - [TEST_STEP][PASSED] - if (vir == 1 || vir == 2): null

18-11-2024T04:11:01 - [TEST_STEP][PASSED] - block = 2: null

18-11-2024T04:11:01 - [TEST_STEP][PASSED] - nameOfBlock = " Выручка": null

18-11-2024T04:11:01 - [TEST_STEP][PASSED] - Script1710234207206.PreSettings(run, vir, block, nameOfBlock, typeOfData, todaysDate): null

18-11-2024T04:11:01 - [TEST_STEP][PASSED] - openBrowser(""): Browser is opened with url: ''

18-11-2024T04:11:01 - [MESSAGE][WARNING] - A browser is already opened. Closing browser and opening a new one

18-11-2024T04:11:01 - [MESSAGE][INFO] - Starting 'Chrome' driver

18-11-2024T04:11:01 - [MESSAGE][INFO] - Action delay is set to 0 milliseconds

18-11-2024T04:11:02 - [MESSAGE][PASSED] - Browser is opened with url: ''

18-11-2024T04:11:02 - [TEST_STEP][PASSED] - refresh(): Refresh successfully

18-11-2024T04:11:02 - [MESSAGE][PASSED] - Refresh successfully

18-11-2024T04:11:02 - [TEST_STEP][PASSED] - delay(50): Delayed 50 second(s)

18-11-2024T04:11:52 - [MESSAGE][PASSED] - Delayed 50 second(s)

18-11-2024T04:11:52 - [TEST_STEP][PASSED] - println("run:" + run): null

18-11-2024T04:11:52 - [TEST_STEP][PASSED] - println("vir:" + vir): null

18-11-2024T04:11:52 - [TEST_STEP][PASSED] - println("block:" + block): null

18-11-2024T04:11:52 - [TEST_STEP][PASSED] - if (block == 1): null

18-11-2024T04:11:52 - [TEST_STEP][PASSED] - else: null

18-11-2024T04:11:52 - [TEST_STEP][PASSED] - nameOfBlock = " Выручка": null

18-11-2024T04:11:52 - [TEST_STEP][PASSED] - println("nameOfBlock:" + nameOfBlock): null

18-11-2024T04:11:52 - [TEST_STEP][PASSED] - println("typeOfData:" + typeOfData): null

18-11-2024T04:11:52 - [TEST_STEP][PASSED] - println("todaysDate:" + todaysDate): null

18-11-2024T04:11:52 - [TEST_STEP][PASSED] - Script1710234207206.Autorization(block, nameOfBlock): null

18-11-2024T04:11:52 - [TEST_STEP][PASSED] - i = <not implemented yet for class: org.codehaus.groovy.ast.expr.EmptyExpression>: null

18-11-2024T04:11:52 - [TEST_STEP][PASSED] - ii = <not implemented yet for class: org.codehaus.groovy.ast.expr.EmptyExpression>: null

18-11-2024T04:11:52 - [TEST_STEP][PASSED] - urlData = <not implemented yet for class: org.codehaus.groovy.ast.expr.EmptyExpression>: null

18-11-2024T04:11:52 - [TEST_STEP][PASSED] - searchWord = <not implemented yet for class: org.codehaus.groovy.ast.expr.EmptyExpression>: null

18-11-2024T04:11:52 - [TEST_STEP][PASSED] - urlText = <not implemented yet for class: org.codehaus.groovy.ast.expr.EmptyExpression>: null

18-11-2024T04:11:52 - [TEST_STEP][PASSED] - println("block:" + block): null

18-11-2024T04:11:52 - [TEST_STEP][PASSED] - if (block == 1): null

18-11-2024T04:11:52 - [TEST_STEP][PASSED] - else: null

18-11-2024T04:11:52 - [TEST_STEP][PASSED] - delay(45): Delayed 45 second(s)

18-11-2024T04:12:37 - [MESSAGE][PASSED] - Delayed 45 second(s)

18-11-2024T04:12:37 - [TEST_STEP][PASSED] - nameOfBlock = " Выручка": null

18-11-2024T04:12:37 - [TEST_STEP][PASSED] - println("nameOfBlock:" + nameOfBlock): null

18-11-2024T04:12:37 - [TEST_STEP][PASSED] - if (block == 1): null

18-11-2024T04:12:37 - [TEST_STEP][PASSED] - else: Delayed 45 second(s)

18-11-2024T04:12:37 - [TEST_STEP][PASSED] - urlData = 9: null

18-11-2024T04:12:37 - [TEST_STEP][PASSED] - delay(45): Delayed 45 second(s)

18-11-2024T04:13:22 - [MESSAGE][PASSED] - Delayed 45 second(s)

18-11-2024T04:13:22 - [TEST_STEP][PASSED] - navigateToUrl(findTestData("PlanFact").getValue(10, urlData)): Navigate to 'https://bi.rosseti.digital/viewer?dashboardGuid=a1fd28b3785d443cbc4d7690a1d78e31&sheetGuid=86092a20c5984827a0c87b24cac76a50&fit=true' successfully

18-11-2024T04:13:26 - [MESSAGE][PASSED] - Navigate to 'https://bi.rosseti.digital/viewer?dashboardGuid=a1fd28b3785d443cbc4d7690a1d78e31&sheetGuid=86092a20c5984827a0c87b24cac76a50&fit=true' successfully

18-11-2024T04:13:26 - [TEST_STEP][PASSED] - urlText = getText(findTestObject("Страница авторизации/Text")): Text of object 'Object Repository/Страница авторизации/Text' is: 'Вход'

18-11-2024T04:13:30 - [MESSAGE][PASSED] - Text of object 'Object Repository/Страница авторизации/Text' is: 'Вход'

18-11-2024T04:13:30 - [TEST_STEP][PASSED] - searchWord = "Вход": null

18-11-2024T04:13:30 - [TEST_STEP][PASSED] - if (urlText == null || urlText.contains("ошибка") || urlText.contains(searchWord) == false): null

18-11-2024T04:13:30 - [TEST_STEP][PASSED] - if (verifyElementPresent(findTestObject("Страница авторизации/button_"), 30) == true): null

18-11-2024T04:13:31 - [MESSAGE][PASSED] - Object 'Object Repository/Страница авторизации/button_' is present

18-11-2024T04:13:31 - [TEST_STEP][PASSED] - setText(findTestObject("Страница авторизации/input__username"), findTestData("PlanFact").getValue(8, 1)): Text 'liazgina-di' is set on object 'Object Repository/Страница авторизации/input__username'

18-11-2024T04:13:31 - [MESSAGE][PASSED] - Text 'liazgina-di' is set on object 'Object Repository/Страница авторизации/input__username'

18-11-2024T04:13:31 - [TEST_STEP][PASSED] - setText(findTestObject("Страница авторизации/input__password"), findTestData("PlanFact").getValue(9, 1)): Text ')$%5srZ8o688Dm#q' is set on object 'Object Repository/Страница авторизации/input__password'

18-11-2024T04:13:32 - [MESSAGE][PASSED] - Text ')$%5srZ8o688Dm#q' is set on object 'Object Repository/Страница авторизации/input__password'

18-11-2024T04:13:32 - [TEST_STEP][PASSED] - click(findTestObject("Страница авторизации/button_")): Object: 'Object Repository/Страница авторизации/button_' is clicked on

18-11-2024T04:13:34 - [MESSAGE][PASSED] - Object: 'Object Repository/Страница авторизации/button_' is clicked on

18-11-2024T04:13:34 - [TEST_STEP][PASSED] - delay(45): Delayed 45 second(s)

18-11-2024T04:14:19 - [MESSAGE][PASSED] - Delayed 45 second(s)

18-11-2024T04:14:19 - [TEST_STEP][PASSED] - urlText = getText(findTestObject("Страница авторизации/Text")): Text of object 'Object Repository/Страница авторизации/Text' is: 'Период
Январь, Февраль, Март, Апрель, Май, Июнь, Июль, Август, Сентябрь 2024 года
Выручка
Все
Выполнение плановых показателей по ПАО Россети за Январь, Февраль, Март, Апрель, Май, Июнь, Июль, Август, Сентябрь 2024 года
План
Факт
Динамика
2024 год
0 млн.руб.
100 000 млн.руб.
200 000 млн.руб.
300 000 млн.руб.
400 000 млн.руб.
500 000 млн.руб.
600 000 млн.руб.
700 000 млн.руб.
800 000 млн.руб.
900 000 млн.руб.
1 000 000 млн.руб.
1 100 000 млн.руб.
1 200 000 млн.руб.
1 300 000 млн.руб.
1 056 816
1 083 641
↑
ДЗО 
Все
Подписи данных
⬤Отклонение
АО «Тываэнерго»
АО «Чеченэнерго»
Россети Волга
Россети Кубань
Россети Ленэнерго (ГК)
Россети Московский регион
Россети Северный Кавказ (ГК)
Россети Северо-Запад
Россети Сибирь (ГК)
Россети Томск
Россети Тюмень
Россети Урал (ГК)
Россети ФСК ЕЭС
Россети Центр
Россети Центр и Приволжье (ГК)
Россети Юг (ГК)
Россети Янтарь
-5 000 млн.руб.
-4 000 млн.руб.
-3 000 млн.руб.
-2 000 млн.руб.
-1 000 млн.руб.
0 млн.руб.
1 000 млн.руб.
2 000 млн.руб.
3 000 млн.руб.
4 000 млн.руб.
5 000 млн.руб.
6 000 млн.руб.
7 000 млн.руб.
8 000 млн.руб.
239
68
25
3 470
3 855
6 900
821
839
2 116
213
-4 312
1 715
1 999
3 410
3 873
1 315
277
млн.
%
Выручка
Отклонение выручки по ПАО Россети за Январь, Февраль, Март, Апрель, Май, Июнь, Июль, Август, Сентябрь 2024 года (факт/план, млн. руб)
ПАО Россети
26 824.9 млн.руб.
Статус данных
×
Просьба обратить внимание
Данные занесены не полностью
ВЫБРАННЫЕ ЗНАЧЕНИЯ ФИЛЬТРОВ
ДЗО | ПЕРИОД
ПАО Россети: [«Выбраны все филиалы по всем ДЗО по всем категориям»]
2024: [Янв, Фев, Мар, Апр, Май, Июн, Июл, Авг, Сен]
*Внутренний оборот'

18-11-2024T04:14:20 - [MESSAGE][PASSED] - Text of object 'Object Repository/Страница авторизации/Text' is: 'Период
Январь, Февраль, Март, Апрель, Май, Июнь, Июль, Август, Сентябрь 2024 года
Выручка
Все
Выполнение плановых показателей по ПАО Россети за Январь, Февраль, Март, Апрель, Май, Июнь, Июль, Август, Сентябрь 2024 года
План
Факт
Динамика
2024 год
0 млн.руб.
100 000 млн.руб.
200 000 млн.руб.
300 000 млн.руб.
400 000 млн.руб.
500 000 млн.руб.
600 000 млн.руб.
700 000 млн.руб.
800 000 млн.руб.
900 000 млн.руб.
1 000 000 млн.руб.
1 100 000 млн.руб.
1 200 000 млн.руб.
1 300 000 млн.руб.
1 056 816
1 083 641
↑
ДЗО 
Все
Подписи данных
⬤Отклонение
АО «Тываэнерго»
АО «Чеченэнерго»
Россети Волга
Россети Кубань
Россети Ленэнерго (ГК)
Россети Московский регион
Россети Северный Кавказ (ГК)
Россети Северо-Запад
Россети Сибирь (ГК)
Россети Томск
Россети Тюмень
Россети Урал (ГК)
Россети ФСК ЕЭС
Россети Центр
Россети Центр и Приволжье (ГК)
Россети Юг (ГК)
Россети Янтарь
-5 000 млн.руб.
-4 000 млн.руб.
-3 000 млн.руб.
-2 000 млн.руб.
-1 000 млн.руб.
0 млн.руб.
1 000 млн.руб.
2 000 млн.руб.
3 000 млн.руб.
4 000 млн.руб.
5 000 млн.руб.
6 000 млн.руб.
7 000 млн.руб.
8 000 млн.руб.
239
68
25
3 470
3 855
6 900
821
839
2 116
213
-4 312
1 715
1 999
3 410
3 873
1 315
277
млн.
%
Выручка
Отклонение выручки по ПАО Россети за Январь, Февраль, Март, Апрель, Май, Июнь, Июль, Август, Сентябрь 2024 года (факт/план, млн. руб)
ПАО Россети
26 824.9 млн.руб.
Статус данных
×
Просьба обратить внимание
Данные занесены не полностью
ВЫБРАННЫЕ ЗНАЧЕНИЯ ФИЛЬТРОВ
ДЗО | ПЕРИОД
ПАО Россети: [«Выбраны все филиалы по всем ДЗО по всем категориям»]
2024: [Янв, Фев, Мар, Апр, Май, Июн, Июл, Авг, Сен]
*Внутренний оборот'

18-11-2024T04:14:20 - [TEST_STEP][PASSED] - searchWord = "а": null

18-11-2024T04:14:20 - [TEST_STEP][PASSED] - if (urlText.contains("ошибка") || urlText.contains(searchWord) == false): null

18-11-2024T04:14:20 - [TEST_STEP][PASSED] - delay(45): Delayed 45 second(s)

18-11-2024T04:15:05 - [MESSAGE][PASSED] - Delayed 45 second(s)

18-11-2024T04:15:05 - [TEST_STEP][PASSED] - if (block == 2): Delayed 50 second(s)

18-11-2024T04:15:05 - [TEST_STEP][PASSED] - opoveshenie = getText(findTestObject("Выручка в рублях/Просьба обратить внимание")): Text of object 'Object Repository/Выручка в рублях/Просьба обратить внимание' is: 'Просьба обратить внимание'

18-11-2024T04:15:05 - [MESSAGE][PASSED] - Text of object 'Object Repository/Выручка в рублях/Просьба обратить внимание' is: 'Просьба обратить внимание'

18-11-2024T04:15:05 - [TEST_STEP][PASSED] - if (opoveshenie == "Просьба обратить внимание"): Delayed 50 second(s)

18-11-2024T04:15:05 - [TEST_STEP][PASSED] - click(findTestObject("Выручка в рублях/Закрыть оповещение")): Object: 'Object Repository/Выручка в рублях/Закрыть оповещение' is clicked on

18-11-2024T04:15:06 - [MESSAGE][PASSED] - Object: 'Object Repository/Выручка в рублях/Закрыть оповещение' is clicked on

18-11-2024T04:15:06 - [TEST_STEP][PASSED] - delay(50): Delayed 50 second(s)

18-11-2024T04:15:56 - [MESSAGE][PASSED] - Delayed 50 second(s)

18-11-2024T04:15:56 - [TEST_STEP][PASSED] - click(findTestObject("Выручка в рублях/Фильтр Период" + nameOfBlock)): Object: 'Object Repository/Выручка в рублях/Фильтр Период Выручка' is clicked on

18-11-2024T04:15:56 - [MESSAGE][PASSED] - Object: 'Object Repository/Выручка в рублях/Фильтр Период Выручка' is clicked on

18-11-2024T04:15:56 - [TEST_STEP][PASSED] - click(findTestObject("Выручка в рублях/Снять выделение в фильтре Дата" + nameOfBlock)): Object: 'Object Repository/Выручка в рублях/Снять выделение в фильтре Дата Выручка' is clicked on

18-11-2024T04:15:57 - [MESSAGE][PASSED] - Object: 'Object Repository/Выручка в рублях/Снять выделение в фильтре Дата Выручка' is clicked on

18-11-2024T04:15:57 - [TEST_STEP][PASSED] - click(findTestObject("Выручка в рублях/Применить в фильтре Дата" + nameOfBlock)): Object: 'Object Repository/Выручка в рублях/Применить в фильтре Дата Выручка' is clicked on

18-11-2024T04:15:57 - [MESSAGE][PASSED] - Object: 'Object Repository/Выручка в рублях/Применить в фильтре Дата Выручка' is clicked on

18-11-2024T04:15:57 - [TEST_STEP][PASSED] - delay(50): Delayed 50 second(s)

18-11-2024T04:16:47 - [MESSAGE][PASSED] - Delayed 50 second(s)

18-11-2024T04:16:47 - [TEST_STEP][PASSED] - click(findTestObject("Выручка в рублях/Фильтр Период" + nameOfBlock)): Object: 'Object Repository/Выручка в рублях/Фильтр Период Выручка' is clicked on

18-11-2024T04:16:47 - [MESSAGE][PASSED] - Object: 'Object Repository/Выручка в рублях/Фильтр Период Выручка' is clicked on

18-11-2024T04:16:47 - [TEST_STEP][PASSED] - click(findTestObject("Выручка в рублях/Снять выделение в фильтре Дата" + nameOfBlock)): Object: 'Object Repository/Выручка в рублях/Снять выделение в фильтре Дата Выручка' is clicked on

18-11-2024T04:16:48 - [MESSAGE][PASSED] - Object: 'Object Repository/Выручка в рублях/Снять выделение в фильтре Дата Выручка' is clicked on

18-11-2024T04:16:48 - [TEST_STEP][PASSED] - scrollToElement(findTestObject("Выручка в рублях/2024 список" + nameOfBlock), 30): Scroll to object 'Object Repository/Выручка в рублях/2024 список Выручка' successfully

18-11-2024T04:16:48 - [MESSAGE][PASSED] - Scroll to object 'Object Repository/Выручка в рублях/2024 список Выручка' successfully

18-11-2024T04:16:48 - [TEST_STEP][PASSED] - click(findTestObject("Выручка в рублях/2024 список" + nameOfBlock)): Object: 'Object Repository/Выручка в рублях/2024 список Выручка' is clicked on

18-11-2024T04:16:49 - [MESSAGE][PASSED] - Object: 'Object Repository/Выручка в рублях/2024 список Выручка' is clicked on

18-11-2024T04:16:49 - [TEST_STEP][PASSED] - scrollToElement(findTestObject("Выручка в рублях/1 квартал 2024 выбрать" + nameOfBlock), 30): Scroll to object 'Object Repository/Выручка в рублях/1 квартал 2024 выбрать Выручка' successfully

18-11-2024T04:16:49 - [MESSAGE][PASSED] - Scroll to object 'Object Repository/Выручка в рублях/1 квартал 2024 выбрать Выручка' successfully

18-11-2024T04:16:49 - [TEST_STEP][PASSED] - click(findTestObject("Выручка в рублях/1 квартал 2024 выбрать" + nameOfBlock)): Object: 'Object Repository/Выручка в рублях/1 квартал 2024 выбрать Выручка' is clicked on

18-11-2024T04:16:49 - [MESSAGE][PASSED] - Object: 'Object Repository/Выручка в рублях/1 квартал 2024 выбрать Выручка' is clicked on

18-11-2024T04:16:49 - [TEST_STEP][PASSED] - scrollToElement(findTestObject("Выручка в рублях/2 квартал 2024 выбрать" + nameOfBlock), 30): Scroll to object 'Object Repository/Выручка в рублях/2 квартал 2024 выбрать Выручка' successfully

18-11-2024T04:16:50 - [MESSAGE][PASSED] - Scroll to object 'Object Repository/Выручка в рублях/2 квартал 2024 выбрать Выручка' successfully

18-11-2024T04:16:50 - [TEST_STEP][PASSED] - click(findTestObject("Выручка в рублях/2 квартал 2024 выбрать" + nameOfBlock)): Object: 'Object Repository/Выручка в рублях/2 квартал 2024 выбрать Выручка' is clicked on

18-11-2024T04:16:50 - [MESSAGE][PASSED] - Object: 'Object Repository/Выручка в рублях/2 квартал 2024 выбрать Выручка' is clicked on

18-11-2024T04:16:50 - [TEST_STEP][PASSED] - scrollToElement(findTestObject("Выручка в рублях/3 квартал 2024 список" + nameOfBlock), 30): Scroll to object 'Object Repository/Выручка в рублях/3 квартал 2024 список Выручка' successfully

18-11-2024T04:16:51 - [MESSAGE][PASSED] - Scroll to object 'Object Repository/Выручка в рублях/3 квартал 2024 список Выручка' successfully

18-11-2024T04:16:51 - [TEST_STEP][PASSED] - click(findTestObject("Выручка в рублях/3 квартал 2024" + nameOfBlock)): Object: 'Object Repository/Выручка в рублях/3 квартал 2024 Выручка' is clicked on

18-11-2024T04:16:51 - [MESSAGE][PASSED] - Object: 'Object Repository/Выручка в рублях/3 квартал 2024 Выручка' is clicked on

18-11-2024T04:16:51 - [TEST_STEP][PASSED] - scrollToElement(findTestObject("Выручка в рублях/Заголовок дашборда" + nameOfBlock), 30): Scroll to object 'Object Repository/Выручка в рублях/Заголовок дашборда Выручка' successfully

18-11-2024T04:16:52 - [MESSAGE][PASSED] - Scroll to object 'Object Repository/Выручка в рублях/Заголовок дашборда Выручка' successfully

18-11-2024T04:16:52 - [TEST_STEP][PASSED] - click(findTestObject("Выручка в рублях/Применить в фильтре Дата" + nameOfBlock)): Object: 'Object Repository/Выручка в рублях/Применить в фильтре Дата Выручка' is clicked on

18-11-2024T04:16:52 - [MESSAGE][PASSED] - Object: 'Object Repository/Выручка в рублях/Применить в фильтре Дата Выручка' is clicked on

18-11-2024T04:16:52 - [TEST_STEP][PASSED] - delay(55): Delayed 55 second(s)

18-11-2024T04:17:47 - [MESSAGE][PASSED] - Delayed 55 second(s)

18-11-2024T04:17:47 - [TEST_STEP][PASSED] - click(findTestObject("Выручка в рублях/Фильтр ДЗО" + nameOfBlock)): Object: 'Object Repository/Выручка в рублях/Фильтр ДЗО Выручка' is clicked on

18-11-2024T04:17:48 - [MESSAGE][PASSED] - Object: 'Object Repository/Выручка в рублях/Фильтр ДЗО Выручка' is clicked on

18-11-2024T04:17:48 - [TEST_STEP][PASSED] - click(findTestObject("Выручка в рублях/Снять выделение в фильтре ДЗО" + nameOfBlock)): Object: 'Object Repository/Выручка в рублях/Снять выделение в фильтре ДЗО Выручка' is clicked on

18-11-2024T04:17:48 - [MESSAGE][PASSED] - Object: 'Object Repository/Выручка в рублях/Снять выделение в фильтре ДЗО Выручка' is clicked on

18-11-2024T04:17:48 - [TEST_STEP][PASSED] - click(findTestObject("Выручка в рублях/Применить в фильтре ДЗО" + nameOfBlock)): Object: 'Object Repository/Выручка в рублях/Применить в фильтре ДЗО Выручка' is clicked on

18-11-2024T04:17:49 - [MESSAGE][PASSED] - Object: 'Object Repository/Выручка в рублях/Применить в фильтре ДЗО Выручка' is clicked on

18-11-2024T04:17:49 - [TEST_STEP][PASSED] - delay(50): Delayed 50 second(s)

18-11-2024T04:18:39 - [MESSAGE][PASSED] - Delayed 50 second(s)

18-11-2024T04:18:39 - [TEST_STEP][PASSED] - Script1710234207206.Tumbler(run, vir, block, nameOfBlock): null

18-11-2024T04:18:39 - [TEST_STEP][PASSED] - println("run:" + run): null

18-11-2024T04:18:39 - [TEST_STEP][PASSED] - println("vir:" + vir): null

18-11-2024T04:18:39 - [TEST_STEP][PASSED] - println("block:" + block): null

18-11-2024T04:18:39 - [TEST_STEP][PASSED] - println("nameOfBlock:" + nameOfBlock): null

18-11-2024T04:18:39 - [TEST_STEP][PASSED] - if (vir == 1): null

18-11-2024T04:18:39 - [TEST_STEP][PASSED] - else if (vir == 2): null

18-11-2024T04:18:39 - [TEST_STEP][PASSED] - else if (vir == 3): Object: 'Object Repository/Выручка в рублях/Применить в фильтре Выручка Выручка' is clicked on

18-11-2024T04:18:39 - [TEST_STEP][PASSED] - if (run == 2): Object: 'Object Repository/Выручка в рублях/Переключить отображение с млн на проценты Выручка в рублях Выручка' is clicked on

18-11-2024T04:18:39 - [TEST_STEP][PASSED] - click(findTestObject("Выручка в рублях/Переключить отображение с млн на проценты Выручка в рублях" + nameOfBlock)): Object: 'Object Repository/Выручка в рублях/Переключить отображение с млн на проценты Выручка в рублях Выручка' is clicked on

18-11-2024T04:18:39 - [MESSAGE][PASSED] - Object: 'Object Repository/Выручка в рублях/Переключить отображение с млн на проценты Выручка в рублях Выручка' is clicked on

18-11-2024T04:18:39 - [TEST_STEP][PASSED] - click(findTestObject("Выручка в рублях/Фильтр Выручка" + nameOfBlock)): Object: 'Object Repository/Выручка в рублях/Фильтр Выручка Выручка' is clicked on

18-11-2024T04:18:40 - [MESSAGE][PASSED] - Object: 'Object Repository/Выручка в рублях/Фильтр Выручка Выручка' is clicked on

18-11-2024T04:18:40 - [TEST_STEP][PASSED] - click(findTestObject("Выручка в рублях/Внутренний оборот в фильтре Выручка" + nameOfBlock)): Object: 'Object Repository/Выручка в рублях/Внутренний оборот в фильтре Выручка Выручка' is clicked on

18-11-2024T04:18:40 - [MESSAGE][PASSED] - Object: 'Object Repository/Выручка в рублях/Внутренний оборот в фильтре Выручка Выручка' is clicked on

18-11-2024T04:18:40 - [TEST_STEP][PASSED] - click(findTestObject("Выручка в рублях/Применить в фильтре Выручка" + nameOfBlock)): Object: 'Object Repository/Выручка в рублях/Применить в фильтре Выручка Выручка' is clicked on

18-11-2024T04:18:41 - [MESSAGE][PASSED] - Object: 'Object Repository/Выручка в рублях/Применить в фильтре Выручка Выручка' is clicked on

18-11-2024T04:18:41 - [TEST_STEP][PASSED] - click(findTestObject("Выручка в рублях/Фильтр ДЗО" + nameOfBlock)): Object: 'Object Repository/Выручка в рублях/Фильтр ДЗО Выручка' is clicked on

18-11-2024T04:18:43 - [MESSAGE][PASSED] - Object: 'Object Repository/Выручка в рублях/Фильтр ДЗО Выручка' is clicked on

18-11-2024T04:18:43 - [TEST_STEP][PASSED] - Script1710234207206.Rosseti(nameOfBlock): null

18-11-2024T04:18:43 - [TEST_STEP][PASSED] - println("nameOfBlock:" + nameOfBlock): null

18-11-2024T04:18:43 - [TEST_STEP][PASSED] - click(findTestObject("Выручка в рублях/ПАО Россети" + nameOfBlock)): Object: 'Object Repository/Выручка в рублях/ПАО Россети Выручка' is clicked on

18-11-2024T04:18:43 - [MESSAGE][PASSED] - Object: 'Object Repository/Выручка в рублях/ПАО Россети Выручка' is clicked on

18-11-2024T04:18:43 - [TEST_STEP][PASSED] - click(findTestObject("Выручка в рублях/Применить в фильтре ДЗО" + nameOfBlock)): Object: 'Object Repository/Выручка в рублях/Применить в фильтре ДЗО Выручка' is clicked on

18-11-2024T04:18:44 - [MESSAGE][PASSED] - Object: 'Object Repository/Выручка в рублях/Применить в фильтре ДЗО Выручка' is clicked on

18-11-2024T04:18:44 - [TEST_STEP][PASSED] - if (vir == 1 || vir == 2): null

18-11-2024T04:18:44 - [TEST_STEP][PASSED] - else: Text of object 'Object Repository/Выручка в рублях/vir3Plan Выручка' is: '17 893'

18-11-2024T04:18:44 - [TEST_STEP][PASSED] - b1 = getText(findTestObject("Выручка в рублях/vir3Plan Выручка")): Text of object 'Object Repository/Выручка в рублях/vir3Plan Выручка' is: '17 893'

18-11-2024T04:18:45 - [MESSAGE][PASSED] - Text of object 'Object Repository/Выручка в рублях/vir3Plan Выручка' is: '17 893'

18-11-2024T04:18:45 - [TEST_STEP][PASSED] - if (vir == 1 || vir == 2): null

18-11-2024T04:18:45 - [TEST_STEP][PASSED] - else: Text of object 'Object Repository/Выручка в рублях/vir3Fact Выручка' is: '18 501'

18-11-2024T04:18:45 - [TEST_STEP][PASSED] - b2 = getText(findTestObject("Выручка в рублях/vir3Fact Выручка")): Text of object 'Object Repository/Выручка в рублях/vir3Fact Выручка' is: '18 501'

18-11-2024T04:18:46 - [MESSAGE][PASSED] - Text of object 'Object Repository/Выручка в рублях/vir3Fact Выручка' is: '18 501'

18-11-2024T04:18:46 - [TEST_STEP][PASSED] - b30 = getText(findTestObject("Выручка в рублях/span1" + perc)): Text of object 'Object Repository/Выручка в рублях/span1 Perc' is: '3.4 %'

18-11-2024T04:18:46 - [MESSAGE][PASSED] - Text of object 'Object Repository/Выручка в рублях/span1 Perc' is: '3.4 %'

18-11-2024T04:18:46 - [TEST_STEP][PASSED] - i = b30.indexOf("млн.руб."): null

18-11-2024T04:18:46 - [TEST_STEP][PASSED] - if (i > -1): null

18-11-2024T04:18:46 - [TEST_STEP][PASSED] - if (b30.contains("%")): null

18-11-2024T04:18:46 - [TEST_STEP][PASSED] - b30 = b30.replaceAll("%", ""): null

18-11-2024T04:18:46 - [TEST_STEP][PASSED] - b30 = ").trim(): null

18-11-2024T04:18:46 - [TEST_STEP][PASSED] - println("b30: " + b30): null

18-11-2024T04:18:46 - [TEST_STEP][PASSED] - if (vir == 1 || vir == 2): null

18-11-2024T04:18:46 - [TEST_STEP][PASSED] - else: Text of object 'Object Repository/Выручка в рублях/span15 Perc' is: '-3.8 %'

18-11-2024T04:18:46 - [TEST_STEP][PASSED] - b31 = ").trim(): Text of object 'Object Repository/Выручка в рублях/span15 Perc' is: '-3.8 %'

18-11-2024T04:18:46 - [MESSAGE][PASSED] - Text of object 'Object Repository/Выручка в рублях/span15 Perc' is: '-3.8 %'

18-11-2024T04:18:46 - [TEST_STEP][PASSED] - if (vir == 1 || vir == 2): null

18-11-2024T04:18:46 - [TEST_STEP][PASSED] - else: Text of object 'Object Repository/Выручка в рублях/span16 Perc' is: '2.35 %'

18-11-2024T04:18:46 - [TEST_STEP][PASSED] - b32 = ").trim(): Text of object 'Object Repository/Выручка в рублях/span16 Perc' is: '2.35 %'

18-11-2024T04:18:47 - [MESSAGE][PASSED] - Text of object 'Object Repository/Выручка в рублях/span16 Perc' is: '2.35 %'

18-11-2024T04:18:47 - [TEST_STEP][PASSED] - if (vir == 1 || vir == 2): null

18-11-2024T04:18:47 - [TEST_STEP][PASSED] - else: Text of object 'Object Repository/Выручка в рублях/span17 Perc' is: '4.22 %'

18-11-2024T04:18:47 - [TEST_STEP][PASSED] - b37 = ").trim(): Text of object 'Object Repository/Выручка в рублях/span17 Perc' is: '4.22 %'

18-11-2024T04:18:47 - [MESSAGE][PASSED] - Text of object 'Object Repository/Выручка в рублях/span17 Perc' is: '4.22 %'

18-11-2024T04:18:47 - [TEST_STEP][PASSED] - if (vir == 1 || vir == 2): null

18-11-2024T04:18:47 - [TEST_STEP][PASSED] - else: Text of object 'Object Repository/Выручка в рублях/span18 Perc' is: '8.07 %'

18-11-2024T04:18:47 - [TEST_STEP][PASSED] - b316 = ").trim(): Text of object 'Object Repository/Выручка в рублях/span18 Perc' is: '8.07 %'

18-11-2024T04:18:47 - [MESSAGE][PASSED] - Text of object 'Object Repository/Выручка в рублях/span18 Perc' is: '8.07 %'

18-11-2024T04:18:47 - [TEST_STEP][PASSED] - if (vir == 1 || vir == 2): null

18-11-2024T04:18:47 - [TEST_STEP][PASSED] - dZO = "ПАО Россети": null

18-11-2024T04:18:47 - [TEST_STEP][PASSED] - if (verifyEqual(a1, b1) == false): Actual object '17 893' and expected object '17 893' are equal

18-11-2024T04:18:47 - [MESSAGE][PASSED] - Actual object '17 893' and expected object '17 893' are equal

18-11-2024T04:18:47 - [TEST_STEP][PASSED] - if (verifyEqual(a2, b2) == false): Actual object '18 501' and expected object '18 501' are equal

18-11-2024T04:18:47 - [MESSAGE][PASSED] - Actual object '18 501' and expected object '18 501' are equal

18-11-2024T04:18:47 - [TEST_STEP][PASSED] - vidget = "Отклонения": null

18-11-2024T04:18:47 - [TEST_STEP][FAILED] - if (verifyEqual(a30, b30) == false): null

18-11-2024T04:18:47 - [MESSAGE][FAILED] - Unable to verify equal between actual object '-47.39' and expected object '3.4' (Root cause: com.kms.katalon.core.exception.StepFailedException: Actual object '-47.39' and expected object '3.4' are not equal
	at com.kms.katalon.core.keyword.builtin.VerifyEqualKeyword$_verifyEqual_closure1.doCall(VerifyEqualKeyword.groovy:58)
	at com.kms.katalon.core.keyword.builtin.VerifyEqualKeyword$_verifyEqual_closure1.call(VerifyEqualKeyword.groovy)
	at com.kms.katalon.core.keyword.internal.KeywordMain.runKeyword(KeywordMain.groovy:75)
	at com.kms.katalon.core.keyword.builtin.VerifyEqualKeyword.verifyEqual(VerifyEqualKeyword.groovy:63)
	at com.kms.katalon.core.keyword.builtin.VerifyEqualKeyword.execute(VerifyEqualKeyword.groovy:44)
	at com.kms.katalon.core.keyword.internal.KeywordExecutor.executeKeywordForPlatform(KeywordExecutor.groovy:74)
	at com.kms.katalon.core.keyword.BuiltinKeywords.verifyEqual(BuiltinKeywords.groovy:146)
	at jdk.internal.reflect.GeneratedMethodAccessor25.invoke(Unknown Source)
	at java.base/jdk.internal.reflect.DelegatingMethodAccessorImpl.invoke(DelegatingMethodAccessorImpl.java:43)
	at Выручка в рублях сверка дашбордов ПАО Россети.Blocks(Выручка в рублях сверка дашбордов ПАО Россети:357)
	at Выручка в рублях сверка дашбордов ПАО Россети.ViruchkaChange(Выручка в рублях сверка дашбордов ПАО Россети:60)
	at Выручка в рублях сверка дашбордов ПАО Россети.run(Выручка в рублях сверка дашбордов ПАО Россети:55)
	at com.kms.katalon.core.main.ScriptEngine.run(ScriptEngine.java:194)
	at com.kms.katalon.core.main.ScriptEngine.runScriptAsRawText(ScriptEngine.java:119)
	at com.kms.katalon.core.main.TestCaseExecutor.runScript(TestCaseExecutor.java:448)
	at com.kms.katalon.core.main.TestCaseExecutor.doExecute(TestCaseExecutor.java:439)
	at com.kms.katalon.core.main.TestCaseExecutor.processExecutionPhase(TestCaseExecutor.java:418)
	at com.kms.katalon.core.main.TestCaseExecutor.accessMainPhase(TestCaseExecutor.java:410)
	at com.kms.katalon.core.main.TestCaseExecutor.execute(TestCaseExecutor.java:285)
	at com.kms.katalon.core.common.CommonExecutor.accessTestCaseMainPhase(CommonExecutor.java:65)
	at com.kms.katalon.core.main.TestSuiteExecutor.accessTestSuiteMainPhase(TestSuiteExecutor.java:150)
	at com.kms.katalon.core.main.TestSuiteExecutor.execute(TestSuiteExecutor.java:106)
	at com.kms.katalon.core.main.TestCaseMain.startTestSuite(TestCaseMain.java:180)
	at TempTestSuite1731886967590.run(TempTestSuite1731886967590.groovy:35)
	at java.base/jdk.internal.reflect.NativeMethodAccessorImpl.invoke0(Native Method)
	at java.base/jdk.internal.reflect.NativeMethodAccessorImpl.invoke(NativeMethodAccessorImpl.java:77)
	at java.base/jdk.internal.reflect.DelegatingMethodAccessorImpl.invoke(DelegatingMethodAccessorImpl.java:43)
)

18-11-2024T04:18:47 - [TEST_STEP][PASSED] - a = replaceAll("\s+", "").toDouble(): null

18-11-2024T04:18:47 - [TEST_STEP][PASSED] - b = replaceAll("\s+", "").toDouble(): null

18-11-2024T04:18:47 - [TEST_STEP][PASSED] - Script1710234207206.WriteToExcel(todaysDate, run, vir, block, typeOfData, viruchka, vidget, nameOfBlock, a, b, dZO): null

18-11-2024T04:18:47 - [TEST_STEP][PASSED] - println(run): null

18-11-2024T04:18:47 - [TEST_STEP][PASSED] - if (run == 1): null

18-11-2024T04:18:47 - [TEST_STEP][PASSED] - else if (run == 2): null

18-11-2024T04:18:47 - [TEST_STEP][PASSED] - typeOfData = "Проценты": null

18-11-2024T04:18:47 - [TEST_STEP][PASSED] - println("todaysDate:" + todaysDate): null

18-11-2024T04:18:47 - [TEST_STEP][PASSED] - println("typeOfData:" + typeOfData): null

18-11-2024T04:18:47 - [TEST_STEP][PASSED] - viruchka = getText(findTestObject("Выручка в рублях/Фильтр Выручка" + nameOfBlock)): Text of object 'Object Repository/Выручка в рублях/Фильтр Выручка Выручка' is: 'ПЕРЕДАЧА ЭЛЕКТРОЭНЕРГИИ, внутренний оборот'

18-11-2024T04:18:48 - [MESSAGE][PASSED] - Text of object 'Object Repository/Выручка в рублях/Фильтр Выручка Выручка' is: 'ПЕРЕДАЧА ЭЛЕКТРОЭНЕРГИИ, внутренний оборот'

18-11-2024T04:18:48 - [TEST_STEP][PASSED] - println("viruchka" + viruchka): null

18-11-2024T04:18:48 - [TEST_STEP][PASSED] - println("vidget" + vidget): null

18-11-2024T04:18:48 - [TEST_STEP][PASSED] - println("a" + a): null

18-11-2024T04:18:48 - [TEST_STEP][PASSED] - println("b" + b): null

18-11-2024T04:18:48 - [TEST_STEP][PASSED] - sheetName = "Sheet1": null

18-11-2024T04:18:48 - [TEST_STEP][PASSED] - data = findTestData("PlanFact"): null

18-11-2024T04:18:48 - [TEST_STEP][PASSED] - n = data.getRowNumbers() + 1: null

18-11-2024T04:18:48 - [TEST_STEP][PASSED] - period = getText(findTestObject("Выручка в рублях/Фильтр Период")): Text of object 'Object Repository/Выручка в рублях/Фильтр Период' is: '1, 2, 3 кв. 2024 года'

18-11-2024T04:18:48 - [MESSAGE][PASSED] - Text of object 'Object Repository/Выручка в рублях/Фильтр Период' is: '1, 2, 3 кв. 2024 года'

18-11-2024T04:18:48 - [TEST_STEP][PASSED] - println(period): null

18-11-2024T04:18:48 - [TEST_STEP][PASSED] - dashboardName = "Выручка в рублях": null

18-11-2024T04:18:48 - [TEST_STEP][PASSED] - workbook01 = getWorkbook(excelFilePath): null

18-11-2024T04:18:48 - [TEST_STEP][PASSED] - sheet01 = getExcelSheet(workbook01, sheetName): null

18-11-2024T04:18:48 - [TEST_STEP][PASSED] - setValueToCellByIndex(sheet01, n, 0, dashboardName): null

18-11-2024T04:18:48 - [TEST_STEP][PASSED] - setValueToCellByIndex(sheet01, n, 1, dZO): null

18-11-2024T04:18:48 - [TEST_STEP][PASSED] - setValueToCellByIndex(sheet01, n, 2, vidget): null

18-11-2024T04:18:48 - [TEST_STEP][PASSED] - setValueToCellByIndex(sheet01, n, 3, viruchka): null

18-11-2024T04:18:48 - [TEST_STEP][PASSED] - setValueToCellByIndex(sheet01, n, 4, typeOfData): null

18-11-2024T04:18:48 - [TEST_STEP][PASSED] - if (a == null): null

18-11-2024T04:18:48 - [TEST_STEP][PASSED] - else: null

18-11-2024T04:18:48 - [TEST_STEP][PASSED] - setValueToCellByIndex(sheet01, n, 5, a): null

18-11-2024T04:18:48 - [TEST_STEP][PASSED] - if (b == null): null

18-11-2024T04:18:48 - [TEST_STEP][PASSED] - else: null

18-11-2024T04:18:48 - [TEST_STEP][PASSED] - setValueToCellByIndex(sheet01, n, 6, b): null

18-11-2024T04:18:48 - [TEST_STEP][PASSED] - setValueToCellByIndex(sheet01, n, 7, period): null

18-11-2024T04:18:48 - [TEST_STEP][PASSED] - setValueToCellByIndex(sheet01, n, 8, todaysDate): null

18-11-2024T04:18:48 - [TEST_STEP][PASSED] - n = n + 1: null

18-11-2024T04:18:48 - [TEST_STEP][PASSED] - saveWorkbook(excelFilePath, workbook01): null

18-11-2024T04:18:48 - [TEST_STEP][PASSED] - dZO = "АО «Тываэнерго»": null

18-11-2024T04:18:48 - [TEST_STEP][PASSED] - if (verifyEqual(a31, b31) == false): Actual object '-3.8' and expected object '-3.8' are equal

18-11-2024T04:18:48 - [MESSAGE][PASSED] - Actual object '-3.8' and expected object '-3.8' are equal

18-11-2024T04:18:48 - [TEST_STEP][PASSED] - dZO = "АО «Чеченэнерго»": null

18-11-2024T04:18:48 - [TEST_STEP][FAILED] - if (verifyEqual(a32, b32) == false): null

18-11-2024T04:18:48 - [MESSAGE][FAILED] - Unable to verify equal between actual object '-48.83' and expected object '2.35' (Root cause: com.kms.katalon.core.exception.StepFailedException: Actual object '-48.83' and expected object '2.35' are not equal
	at com.kms.katalon.core.keyword.builtin.VerifyEqualKeyword$_verifyEqual_closure1.doCall(VerifyEqualKeyword.groovy:58)
	at com.kms.katalon.core.keyword.builtin.VerifyEqualKeyword$_verifyEqual_closure1.call(VerifyEqualKeyword.groovy)
	at com.kms.katalon.core.keyword.internal.KeywordMain.runKeyword(KeywordMain.groovy:75)
	at com.kms.katalon.core.keyword.builtin.VerifyEqualKeyword.verifyEqual(VerifyEqualKeyword.groovy:63)
	at com.kms.katalon.core.keyword.builtin.VerifyEqualKeyword.execute(VerifyEqualKeyword.groovy:44)
	at com.kms.katalon.core.keyword.internal.KeywordExecutor.executeKeywordForPlatform(KeywordExecutor.groovy:74)
	at com.kms.katalon.core.keyword.BuiltinKeywords.verifyEqual(BuiltinKeywords.groovy:146)
	at jdk.internal.reflect.GeneratedMethodAccessor25.invoke(Unknown Source)
	at java.base/jdk.internal.reflect.DelegatingMethodAccessorImpl.invoke(DelegatingMethodAccessorImpl.java:43)
	at Выручка в рублях сверка дашбордов ПАО Россети.Blocks(Выручка в рублях сверка дашбордов ПАО Россети:377)
	at Выручка в рублях сверка дашбордов ПАО Россети.ViruchkaChange(Выручка в рублях сверка дашбордов ПАО Россети:60)
	at Выручка в рублях сверка дашбордов ПАО Россети.run(Выручка в рублях сверка дашбордов ПАО Россети:55)
	at com.kms.katalon.core.main.ScriptEngine.run(ScriptEngine.java:194)
	at com.kms.katalon.core.main.ScriptEngine.runScriptAsRawText(ScriptEngine.java:119)
	at com.kms.katalon.core.main.TestCaseExecutor.runScript(TestCaseExecutor.java:448)
	at com.kms.katalon.core.main.TestCaseExecutor.doExecute(TestCaseExecutor.java:439)
	at com.kms.katalon.core.main.TestCaseExecutor.processExecutionPhase(TestCaseExecutor.java:418)
	at com.kms.katalon.core.main.TestCaseExecutor.accessMainPhase(TestCaseExecutor.java:410)
	at com.kms.katalon.core.main.TestCaseExecutor.execute(TestCaseExecutor.java:285)
	at com.kms.katalon.core.common.CommonExecutor.accessTestCaseMainPhase(CommonExecutor.java:65)
	at com.kms.katalon.core.main.TestSuiteExecutor.accessTestSuiteMainPhase(TestSuiteExecutor.java:150)
	at com.kms.katalon.core.main.TestSuiteExecutor.execute(TestSuiteExecutor.java:106)
	at com.kms.katalon.core.main.TestCaseMain.startTestSuite(TestCaseMain.java:180)
	at TempTestSuite1731886967590.run(TempTestSuite1731886967590.groovy:35)
	at java.base/jdk.internal.reflect.NativeMethodAccessorImpl.invoke0(Native Method)
	at java.base/jdk.internal.reflect.NativeMethodAccessorImpl.invoke(NativeMethodAccessorImpl.java:77)
	at java.base/jdk.internal.reflect.DelegatingMethodAccessorImpl.invoke(DelegatingMethodAccessorImpl.java:43)
)

18-11-2024T04:18:48 - [TEST_STEP][PASSED] - a = replaceAll("\s+", "").toDouble(): null

18-11-2024T04:18:48 - [TEST_STEP][PASSED] - b = replaceAll("\s+", "").toDouble(): null

18-11-2024T04:18:48 - [TEST_STEP][PASSED] - Script1710234207206.WriteToExcel(todaysDate, run, vir, block, typeOfData, viruchka, vidget, nameOfBlock, a, b, dZO): null

18-11-2024T04:18:48 - [TEST_STEP][PASSED] - println(run): null

18-11-2024T04:18:48 - [TEST_STEP][PASSED] - if (run == 1): null

18-11-2024T04:18:48 - [TEST_STEP][PASSED] - else if (run == 2): null

18-11-2024T04:18:48 - [TEST_STEP][PASSED] - typeOfData = "Проценты": null

18-11-2024T04:18:48 - [TEST_STEP][PASSED] - println("todaysDate:" + todaysDate): null

18-11-2024T04:18:48 - [TEST_STEP][PASSED] - println("typeOfData:" + typeOfData): null

18-11-2024T04:18:48 - [TEST_STEP][PASSED] - viruchka = getText(findTestObject("Выручка в рублях/Фильтр Выручка" + nameOfBlock)): Text of object 'Object Repository/Выручка в рублях/Фильтр Выручка Выручка' is: 'ПЕРЕДАЧА ЭЛЕКТРОЭНЕРГИИ, внутренний оборот'

18-11-2024T04:18:48 - [MESSAGE][PASSED] - Text of object 'Object Repository/Выручка в рублях/Фильтр Выручка Выручка' is: 'ПЕРЕДАЧА ЭЛЕКТРОЭНЕРГИИ, внутренний оборот'

18-11-2024T04:18:48 - [TEST_STEP][PASSED] - println("viruchka" + viruchka): null

18-11-2024T04:18:48 - [TEST_STEP][PASSED] - println("vidget" + vidget): null

18-11-2024T04:18:48 - [TEST_STEP][PASSED] - println("a" + a): null

18-11-2024T04:18:48 - [TEST_STEP][PASSED] - println("b" + b): null

18-11-2024T04:18:48 - [TEST_STEP][PASSED] - sheetName = "Sheet1": null

18-11-2024T04:18:48 - [TEST_STEP][PASSED] - data = findTestData("PlanFact"): null

18-11-2024T04:18:49 - [TEST_STEP][PASSED] - n = data.getRowNumbers() + 1: null

18-11-2024T04:18:49 - [TEST_STEP][PASSED] - period = getText(findTestObject("Выручка в рублях/Фильтр Период")): Text of object 'Object Repository/Выручка в рублях/Фильтр Период' is: '1, 2, 3 кв. 2024 года'

18-11-2024T04:18:49 - [MESSAGE][PASSED] - Text of object 'Object Repository/Выручка в рублях/Фильтр Период' is: '1, 2, 3 кв. 2024 года'

18-11-2024T04:18:49 - [TEST_STEP][PASSED] - println(period): null

18-11-2024T04:18:49 - [TEST_STEP][PASSED] - dashboardName = "Выручка в рублях": null

18-11-2024T04:18:49 - [TEST_STEP][PASSED] - workbook01 = getWorkbook(excelFilePath): null

18-11-2024T04:18:49 - [TEST_STEP][PASSED] - sheet01 = getExcelSheet(workbook01, sheetName): null

18-11-2024T04:18:49 - [TEST_STEP][PASSED] - setValueToCellByIndex(sheet01, n, 0, dashboardName): null

18-11-2024T04:18:49 - [TEST_STEP][PASSED] - setValueToCellByIndex(sheet01, n, 1, dZO): null

18-11-2024T04:18:49 - [TEST_STEP][PASSED] - setValueToCellByIndex(sheet01, n, 2, vidget): null

18-11-2024T04:18:49 - [TEST_STEP][PASSED] - setValueToCellByIndex(sheet01, n, 3, viruchka): null

18-11-2024T04:18:49 - [TEST_STEP][PASSED] - setValueToCellByIndex(sheet01, n, 4, typeOfData): null

18-11-2024T04:18:49 - [TEST_STEP][PASSED] - if (a == null): null

18-11-2024T04:18:49 - [TEST_STEP][PASSED] - else: null

18-11-2024T04:18:49 - [TEST_STEP][PASSED] - setValueToCellByIndex(sheet01, n, 5, a): null

18-11-2024T04:18:49 - [TEST_STEP][PASSED] - if (b == null): null

18-11-2024T04:18:49 - [TEST_STEP][PASSED] - else: null

18-11-2024T04:18:49 - [TEST_STEP][PASSED] - setValueToCellByIndex(sheet01, n, 6, b): null

18-11-2024T04:18:49 - [TEST_STEP][PASSED] - setValueToCellByIndex(sheet01, n, 7, period): null

18-11-2024T04:18:49 - [TEST_STEP][PASSED] - setValueToCellByIndex(sheet01, n, 8, todaysDate): null

18-11-2024T04:18:49 - [TEST_STEP][PASSED] - n = n + 1: null

18-11-2024T04:18:49 - [TEST_STEP][PASSED] - saveWorkbook(excelFilePath, workbook01): null

18-11-2024T04:18:49 - [TEST_STEP][PASSED] - dZO = "Россети Волга": null

18-11-2024T04:18:49 - [TEST_STEP][PASSED] - if (verifyEqual(a33, b33) == false): Actual object 'null' and expected object 'null' are equal

18-11-2024T04:18:49 - [MESSAGE][PASSED] - Actual object 'null' and expected object 'null' are equal

18-11-2024T04:18:49 - [TEST_STEP][PASSED] - dZO = "Россети Кубань": null

18-11-2024T04:18:49 - [TEST_STEP][PASSED] - if (verifyEqual(a34, b34) == false): Actual object 'null' and expected object 'null' are equal

18-11-2024T04:18:49 - [MESSAGE][PASSED] - Actual object 'null' and expected object 'null' are equal

18-11-2024T04:18:49 - [TEST_STEP][PASSED] - dZO = "Россети Ленэнерго (ГК)": null

18-11-2024T04:18:49 - [TEST_STEP][PASSED] - if (verifyEqual(a35, b35) == false): Actual object 'null' and expected object 'null' are equal

18-11-2024T04:18:49 - [MESSAGE][PASSED] - Actual object 'null' and expected object 'null' are equal

18-11-2024T04:18:49 - [TEST_STEP][PASSED] - dZO = "Россети Московский регион": null

18-11-2024T04:18:49 - [TEST_STEP][PASSED] - if (verifyEqual(a36, b36) == false): Actual object 'null' and expected object 'null' are equal

18-11-2024T04:18:49 - [MESSAGE][PASSED] - Actual object 'null' and expected object 'null' are equal

18-11-2024T04:18:49 - [TEST_STEP][PASSED] - dZO = "Россети Северный Кавказ (ГК)": null

18-11-2024T04:18:49 - [TEST_STEP][FAILED] - if (verifyEqual(a37, b37) == false): null

18-11-2024T04:18:49 - [MESSAGE][FAILED] - Unable to verify equal between actual object '-49.16' and expected object '4.22' (Root cause: com.kms.katalon.core.exception.StepFailedException: Actual object '-49.16' and expected object '4.22' are not equal
	at com.kms.katalon.core.keyword.builtin.VerifyEqualKeyword$_verifyEqual_closure1.doCall(VerifyEqualKeyword.groovy:58)
	at com.kms.katalon.core.keyword.builtin.VerifyEqualKeyword$_verifyEqual_closure1.call(VerifyEqualKeyword.groovy)
	at com.kms.katalon.core.keyword.internal.KeywordMain.runKeyword(KeywordMain.groovy:75)
	at com.kms.katalon.core.keyword.builtin.VerifyEqualKeyword.verifyEqual(VerifyEqualKeyword.groovy:63)
	at com.kms.katalon.core.keyword.builtin.VerifyEqualKeyword.execute(VerifyEqualKeyword.groovy:44)
	at com.kms.katalon.core.keyword.internal.KeywordExecutor.executeKeywordForPlatform(KeywordExecutor.groovy:74)
	at com.kms.katalon.core.keyword.BuiltinKeywords.verifyEqual(BuiltinKeywords.groovy:146)
	at jdk.internal.reflect.GeneratedMethodAccessor25.invoke(Unknown Source)
	at java.base/jdk.internal.reflect.DelegatingMethodAccessorImpl.invoke(DelegatingMethodAccessorImpl.java:43)
	at Выручка в рублях сверка дашбордов ПАО Россети.Blocks(Выручка в рублях сверка дашбордов ПАО Россети:427)
	at Выручка в рублях сверка дашбордов ПАО Россети.ViruchkaChange(Выручка в рублях сверка дашбордов ПАО Россети:60)
	at Выручка в рублях сверка дашбордов ПАО Россети.run(Выручка в рублях сверка дашбордов ПАО Россети:55)
	at com.kms.katalon.core.main.ScriptEngine.run(ScriptEngine.java:194)
	at com.kms.katalon.core.main.ScriptEngine.runScriptAsRawText(ScriptEngine.java:119)
	at com.kms.katalon.core.main.TestCaseExecutor.runScript(TestCaseExecutor.java:448)
	at com.kms.katalon.core.main.TestCaseExecutor.doExecute(TestCaseExecutor.java:439)
	at com.kms.katalon.core.main.TestCaseExecutor.processExecutionPhase(TestCaseExecutor.java:418)
	at com.kms.katalon.core.main.TestCaseExecutor.accessMainPhase(TestCaseExecutor.java:410)
	at com.kms.katalon.core.main.TestCaseExecutor.execute(TestCaseExecutor.java:285)
	at com.kms.katalon.core.common.CommonExecutor.accessTestCaseMainPhase(CommonExecutor.java:65)
	at com.kms.katalon.core.main.TestSuiteExecutor.accessTestSuiteMainPhase(TestSuiteExecutor.java:150)
	at com.kms.katalon.core.main.TestSuiteExecutor.execute(TestSuiteExecutor.java:106)
	at com.kms.katalon.core.main.TestCaseMain.startTestSuite(TestCaseMain.java:180)
	at TempTestSuite1731886967590.run(TempTestSuite1731886967590.groovy:35)
	at java.base/jdk.internal.reflect.NativeMethodAccessorImpl.invoke0(Native Method)
	at java.base/jdk.internal.reflect.NativeMethodAccessorImpl.invoke(NativeMethodAccessorImpl.java:77)
	at java.base/jdk.internal.reflect.DelegatingMethodAccessorImpl.invoke(DelegatingMethodAccessorImpl.java:43)
)

18-11-2024T04:18:49 - [TEST_STEP][PASSED] - a = replaceAll("\s+", "").toDouble(): null

18-11-2024T04:18:49 - [TEST_STEP][PASSED] - b = replaceAll("\s+", "").toDouble(): null

18-11-2024T04:18:49 - [TEST_STEP][PASSED] - Script1710234207206.WriteToExcel(todaysDate, run, vir, block, typeOfData, viruchka, vidget, nameOfBlock, a, b, dZO): null

18-11-2024T04:18:49 - [TEST_STEP][PASSED] - println(run): null

18-11-2024T04:18:49 - [TEST_STEP][PASSED] - if (run == 1): null

18-11-2024T04:18:49 - [TEST_STEP][PASSED] - else if (run == 2): null

18-11-2024T04:18:49 - [TEST_STEP][PASSED] - typeOfData = "Проценты": null

18-11-2024T04:18:49 - [TEST_STEP][PASSED] - println("todaysDate:" + todaysDate): null

18-11-2024T04:18:49 - [TEST_STEP][PASSED] - println("typeOfData:" + typeOfData): null

18-11-2024T04:18:49 - [TEST_STEP][PASSED] - viruchka = getText(findTestObject("Выручка в рублях/Фильтр Выручка" + nameOfBlock)): Text of object 'Object Repository/Выручка в рублях/Фильтр Выручка Выручка' is: 'ПЕРЕДАЧА ЭЛЕКТРОЭНЕРГИИ, внутренний оборот'

18-11-2024T04:18:49 - [MESSAGE][PASSED] - Text of object 'Object Repository/Выручка в рублях/Фильтр Выручка Выручка' is: 'ПЕРЕДАЧА ЭЛЕКТРОЭНЕРГИИ, внутренний оборот'

18-11-2024T04:18:49 - [TEST_STEP][PASSED] - println("viruchka" + viruchka): null

18-11-2024T04:18:49 - [TEST_STEP][PASSED] - println("vidget" + vidget): null

18-11-2024T04:18:49 - [TEST_STEP][PASSED] - println("a" + a): null

18-11-2024T04:18:49 - [TEST_STEP][PASSED] - println("b" + b): null

18-11-2024T04:18:49 - [TEST_STEP][PASSED] - sheetName = "Sheet1": null

18-11-2024T04:18:49 - [TEST_STEP][PASSED] - data = findTestData("PlanFact"): null

18-11-2024T04:18:49 - [TEST_STEP][PASSED] - n = data.getRowNumbers() + 1: null

18-11-2024T04:18:49 - [TEST_STEP][PASSED] - period = getText(findTestObject("Выручка в рублях/Фильтр Период")): Text of object 'Object Repository/Выручка в рублях/Фильтр Период' is: '1, 2, 3 кв. 2024 года'

18-11-2024T04:18:50 - [MESSAGE][PASSED] - Text of object 'Object Repository/Выручка в рублях/Фильтр Период' is: '1, 2, 3 кв. 2024 года'

18-11-2024T04:18:50 - [TEST_STEP][PASSED] - println(period): null

18-11-2024T04:18:50 - [TEST_STEP][PASSED] - dashboardName = "Выручка в рублях": null

18-11-2024T04:18:50 - [TEST_STEP][PASSED] - workbook01 = getWorkbook(excelFilePath): null

18-11-2024T04:18:50 - [TEST_STEP][PASSED] - sheet01 = getExcelSheet(workbook01, sheetName): null

18-11-2024T04:18:50 - [TEST_STEP][PASSED] - setValueToCellByIndex(sheet01, n, 0, dashboardName): null

18-11-2024T04:18:50 - [TEST_STEP][PASSED] - setValueToCellByIndex(sheet01, n, 1, dZO): null

18-11-2024T04:18:50 - [TEST_STEP][PASSED] - setValueToCellByIndex(sheet01, n, 2, vidget): null

18-11-2024T04:18:50 - [TEST_STEP][PASSED] - setValueToCellByIndex(sheet01, n, 3, viruchka): null

18-11-2024T04:18:50 - [TEST_STEP][PASSED] - setValueToCellByIndex(sheet01, n, 4, typeOfData): null

18-11-2024T04:18:50 - [TEST_STEP][PASSED] - if (a == null): null

18-11-2024T04:18:50 - [TEST_STEP][PASSED] - else: null

18-11-2024T04:18:50 - [TEST_STEP][PASSED] - setValueToCellByIndex(sheet01, n, 5, a): null

18-11-2024T04:18:50 - [TEST_STEP][PASSED] - if (b == null): null

18-11-2024T04:18:50 - [TEST_STEP][PASSED] - else: null

18-11-2024T04:18:50 - [TEST_STEP][PASSED] - setValueToCellByIndex(sheet01, n, 6, b): null

18-11-2024T04:18:50 - [TEST_STEP][PASSED] - setValueToCellByIndex(sheet01, n, 7, period): null

18-11-2024T04:18:50 - [TEST_STEP][PASSED] - setValueToCellByIndex(sheet01, n, 8, todaysDate): null

18-11-2024T04:18:50 - [TEST_STEP][PASSED] - n = n + 1: null

18-11-2024T04:18:50 - [TEST_STEP][PASSED] - saveWorkbook(excelFilePath, workbook01): null

18-11-2024T04:18:50 - [TEST_STEP][PASSED] - dZO = "Россети Северо-Запад": null

18-11-2024T04:18:50 - [TEST_STEP][PASSED] - if (verifyEqual(a38, b38) == false): Actual object 'null' and expected object 'null' are equal

18-11-2024T04:18:50 - [MESSAGE][PASSED] - Actual object 'null' and expected object 'null' are equal

18-11-2024T04:18:50 - [TEST_STEP][PASSED] - dZO = "Россети Сибирь (ГК)": null

18-11-2024T04:18:50 - [TEST_STEP][PASSED] - if (verifyEqual(a39, b39) == false): Actual object 'null' and expected object 'null' are equal

18-11-2024T04:18:50 - [MESSAGE][PASSED] - Actual object 'null' and expected object 'null' are equal

18-11-2024T04:18:50 - [TEST_STEP][PASSED] - dZO = "Россети Томск": null

18-11-2024T04:18:50 - [TEST_STEP][PASSED] - if (verifyEqual(a310, b310) == false): Actual object 'null' and expected object 'null' are equal

18-11-2024T04:18:50 - [MESSAGE][PASSED] - Actual object 'null' and expected object 'null' are equal

18-11-2024T04:18:50 - [TEST_STEP][PASSED] - dZO = "Россети Тюмень": null

18-11-2024T04:18:50 - [TEST_STEP][PASSED] - if (verifyEqual(a311, b311) == false): Actual object 'null' and expected object 'null' are equal

18-11-2024T04:18:50 - [MESSAGE][PASSED] - Actual object 'null' and expected object 'null' are equal

18-11-2024T04:18:50 - [TEST_STEP][PASSED] - dZO = "Россети Урал (ГК)": null

18-11-2024T04:18:50 - [TEST_STEP][PASSED] - if (verifyEqual(a312, b312) == false): Actual object 'null' and expected object 'null' are equal

18-11-2024T04:18:50 - [MESSAGE][PASSED] - Actual object 'null' and expected object 'null' are equal

18-11-2024T04:18:50 - [TEST_STEP][PASSED] - dZO = "Россети ФСК ЕЭС": null

18-11-2024T04:18:50 - [TEST_STEP][PASSED] - if (verifyEqual(a313, b313) == false): Actual object 'null' and expected object 'null' are equal

18-11-2024T04:18:50 - [MESSAGE][PASSED] - Actual object 'null' and expected object 'null' are equal

18-11-2024T04:18:50 - [TEST_STEP][PASSED] - dZO = "Россети Центр": null

18-11-2024T04:18:50 - [TEST_STEP][PASSED] - if (verifyEqual(a314, b314) == false): Actual object 'null' and expected object 'null' are equal

18-11-2024T04:18:50 - [MESSAGE][PASSED] - Actual object 'null' and expected object 'null' are equal

18-11-2024T04:18:50 - [TEST_STEP][PASSED] - dZO = "Россети Центр и Приволжье (ГК)": null

18-11-2024T04:18:50 - [TEST_STEP][PASSED] - if (verifyEqual(a315, b315) == false): Actual object 'null' and expected object 'null' are equal

18-11-2024T04:18:50 - [MESSAGE][PASSED] - Actual object 'null' and expected object 'null' are equal

18-11-2024T04:18:50 - [TEST_STEP][PASSED] - dZO = "Россети Юг (ГК)": null

18-11-2024T04:18:50 - [TEST_STEP][FAILED] - if (verifyEqual(a316, b316) == false): null

18-11-2024T04:18:50 - [MESSAGE][FAILED] - Unable to verify equal between actual object '-45.97' and expected object '8.07' (Root cause: com.kms.katalon.core.exception.StepFailedException: Actual object '-45.97' and expected object '8.07' are not equal
	at com.kms.katalon.core.keyword.builtin.VerifyEqualKeyword$_verifyEqual_closure1.doCall(VerifyEqualKeyword.groovy:58)
	at com.kms.katalon.core.keyword.builtin.VerifyEqualKeyword$_verifyEqual_closure1.call(VerifyEqualKeyword.groovy)
	at com.kms.katalon.core.keyword.internal.KeywordMain.runKeyword(KeywordMain.groovy:75)
	at com.kms.katalon.core.keyword.builtin.VerifyEqualKeyword.verifyEqual(VerifyEqualKeyword.groovy:63)
	at com.kms.katalon.core.keyword.builtin.VerifyEqualKeyword.execute(VerifyEqualKeyword.groovy:44)
	at com.kms.katalon.core.keyword.internal.KeywordExecutor.executeKeywordForPlatform(KeywordExecutor.groovy:74)
	at com.kms.katalon.core.keyword.BuiltinKeywords.verifyEqual(BuiltinKeywords.groovy:146)
	at jdk.internal.reflect.GeneratedMethodAccessor25.invoke(Unknown Source)
	at java.base/jdk.internal.reflect.DelegatingMethodAccessorImpl.invoke(DelegatingMethodAccessorImpl.java:43)
	at Выручка в рублях сверка дашбордов ПАО Россети.Blocks(Выручка в рублях сверка дашбордов ПАО Россети:517)
	at Выручка в рублях сверка дашбордов ПАО Россети.ViruchkaChange(Выручка в рублях сверка дашбордов ПАО Россети:60)
	at Выручка в рублях сверка дашбордов ПАО Россети.run(Выручка в рублях сверка дашбордов ПАО Россети:55)
	at com.kms.katalon.core.main.ScriptEngine.run(ScriptEngine.java:194)
	at com.kms.katalon.core.main.ScriptEngine.runScriptAsRawText(ScriptEngine.java:119)
	at com.kms.katalon.core.main.TestCaseExecutor.runScript(TestCaseExecutor.java:448)
	at com.kms.katalon.core.main.TestCaseExecutor.doExecute(TestCaseExecutor.java:439)
	at com.kms.katalon.core.main.TestCaseExecutor.processExecutionPhase(TestCaseExecutor.java:418)
	at com.kms.katalon.core.main.TestCaseExecutor.accessMainPhase(TestCaseExecutor.java:410)
	at com.kms.katalon.core.main.TestCaseExecutor.execute(TestCaseExecutor.java:285)
	at com.kms.katalon.core.common.CommonExecutor.accessTestCaseMainPhase(CommonExecutor.java:65)
	at com.kms.katalon.core.main.TestSuiteExecutor.accessTestSuiteMainPhase(TestSuiteExecutor.java:150)
	at com.kms.katalon.core.main.TestSuiteExecutor.execute(TestSuiteExecutor.java:106)
	at com.kms.katalon.core.main.TestCaseMain.startTestSuite(TestCaseMain.java:180)
	at TempTestSuite1731886967590.run(TempTestSuite1731886967590.groovy:35)
	at java.base/jdk.internal.reflect.NativeMethodAccessorImpl.invoke0(Native Method)
	at java.base/jdk.internal.reflect.NativeMethodAccessorImpl.invoke(NativeMethodAccessorImpl.java:77)
	at java.base/jdk.internal.reflect.DelegatingMethodAccessorImpl.invoke(DelegatingMethodAccessorImpl.java:43)
)

18-11-2024T04:18:50 - [TEST_STEP][PASSED] - a = replaceAll("\s+", "").toDouble(): null

18-11-2024T04:18:50 - [TEST_STEP][PASSED] - b = replaceAll("\s+", "").toDouble(): null

18-11-2024T04:18:50 - [TEST_STEP][PASSED] - Script1710234207206.WriteToExcel(todaysDate, run, vir, block, typeOfData, viruchka, vidget, nameOfBlock, a, b, dZO): null

18-11-2024T04:18:50 - [TEST_STEP][PASSED] - println(run): null

18-11-2024T04:18:50 - [TEST_STEP][PASSED] - if (run == 1): null

18-11-2024T04:18:50 - [TEST_STEP][PASSED] - else if (run == 2): null

18-11-2024T04:18:50 - [TEST_STEP][PASSED] - typeOfData = "Проценты": null

18-11-2024T04:18:50 - [TEST_STEP][PASSED] - println("todaysDate:" + todaysDate): null

18-11-2024T04:18:50 - [TEST_STEP][PASSED] - println("typeOfData:" + typeOfData): null

18-11-2024T04:18:50 - [TEST_STEP][PASSED] - viruchka = getText(findTestObject("Выручка в рублях/Фильтр Выручка" + nameOfBlock)): Text of object 'Object Repository/Выручка в рублях/Фильтр Выручка Выручка' is: 'ПЕРЕДАЧА ЭЛЕКТРОЭНЕРГИИ, внутренний оборот'

18-11-2024T04:18:50 - [MESSAGE][PASSED] - Text of object 'Object Repository/Выручка в рублях/Фильтр Выручка Выручка' is: 'ПЕРЕДАЧА ЭЛЕКТРОЭНЕРГИИ, внутренний оборот'

18-11-2024T04:18:50 - [TEST_STEP][PASSED] - println("viruchka" + viruchka): null

18-11-2024T04:18:50 - [TEST_STEP][PASSED] - println("vidget" + vidget): null

18-11-2024T04:18:50 - [TEST_STEP][PASSED] - println("a" + a): null

18-11-2024T04:18:50 - [TEST_STEP][PASSED] - println("b" + b): null

18-11-2024T04:18:50 - [TEST_STEP][PASSED] - sheetName = "Sheet1": null

18-11-2024T04:18:50 - [TEST_STEP][PASSED] - data = findTestData("PlanFact"): null

18-11-2024T04:18:50 - [TEST_STEP][PASSED] - n = data.getRowNumbers() + 1: null

18-11-2024T04:18:50 - [TEST_STEP][PASSED] - period = getText(findTestObject("Выручка в рублях/Фильтр Период")): Text of object 'Object Repository/Выручка в рублях/Фильтр Период' is: '1, 2, 3 кв. 2024 года'

18-11-2024T04:18:51 - [MESSAGE][PASSED] - Text of object 'Object Repository/Выручка в рублях/Фильтр Период' is: '1, 2, 3 кв. 2024 года'

18-11-2024T04:18:51 - [TEST_STEP][PASSED] - println(period): null

18-11-2024T04:18:51 - [TEST_STEP][PASSED] - dashboardName = "Выручка в рублях": null

18-11-2024T04:18:51 - [TEST_STEP][PASSED] - workbook01 = getWorkbook(excelFilePath): null

18-11-2024T04:18:51 - [TEST_STEP][PASSED] - sheet01 = getExcelSheet(workbook01, sheetName): null

18-11-2024T04:18:51 - [TEST_STEP][PASSED] - setValueToCellByIndex(sheet01, n, 0, dashboardName): null

18-11-2024T04:18:51 - [TEST_STEP][PASSED] - setValueToCellByIndex(sheet01, n, 1, dZO): null

18-11-2024T04:18:51 - [TEST_STEP][PASSED] - setValueToCellByIndex(sheet01, n, 2, vidget): null

18-11-2024T04:18:51 - [TEST_STEP][PASSED] - setValueToCellByIndex(sheet01, n, 3, viruchka): null

18-11-2024T04:18:51 - [TEST_STEP][PASSED] - setValueToCellByIndex(sheet01, n, 4, typeOfData): null

18-11-2024T04:18:51 - [TEST_STEP][PASSED] - if (a == null): null

18-11-2024T04:18:51 - [TEST_STEP][PASSED] - else: null

18-11-2024T04:18:51 - [TEST_STEP][PASSED] - setValueToCellByIndex(sheet01, n, 5, a): null

18-11-2024T04:18:51 - [TEST_STEP][PASSED] - if (b == null): null

18-11-2024T04:18:51 - [TEST_STEP][PASSED] - else: null

18-11-2024T04:18:51 - [TEST_STEP][PASSED] - setValueToCellByIndex(sheet01, n, 6, b): null

18-11-2024T04:18:51 - [TEST_STEP][PASSED] - setValueToCellByIndex(sheet01, n, 7, period): null

18-11-2024T04:18:51 - [TEST_STEP][PASSED] - setValueToCellByIndex(sheet01, n, 8, todaysDate): null

18-11-2024T04:18:51 - [TEST_STEP][PASSED] - n = n + 1: null

18-11-2024T04:18:51 - [TEST_STEP][PASSED] - saveWorkbook(excelFilePath, workbook01): null

18-11-2024T04:18:51 - [TEST_STEP][PASSED] - dZO = "Россети Янтарь": null

18-11-2024T04:18:51 - [TEST_STEP][PASSED] - if (verifyEqual(a317, b317) == false): Actual object 'null' and expected object 'null' are equal

18-11-2024T04:18:51 - [MESSAGE][PASSED] - Actual object 'null' and expected object 'null' are equal

18-11-2024T04:18:51 - [TEST_STEP][PASSED] - closeBrowser(): Browser is closed

18-11-2024T04:18:51 - [MESSAGE][PASSED] - Browser is closed]]></system-out>
         <system-err><![CDATA[18-11-2024T02:54:15 - [TEST_CASE][FAILED] - Test Cases/Сверки дашбордов/Выручка в рублях сверка дашбордов ПАО Россети: Test Cases/Сверки дашбордов/Выручка в рублях сверка дашбордов ПАО Россети FAILED.
Reason:
com.kms.katalon.core.exception.StepFailedException: Unable to verify equal between actual object '-23.84' and expected object '2.54' (Root cause: com.kms.katalon.core.exception.StepFailedException: Actual object '-23.84' and expected object '2.54' are not equal
	at com.kms.katalon.core.keyword.builtin.VerifyEqualKeyword$_verifyEqual_closure1.doCall(VerifyEqualKeyword.groovy:58)
	at com.kms.katalon.core.keyword.builtin.VerifyEqualKeyword$_verifyEqual_closure1.call(VerifyEqualKeyword.groovy)
	at com.kms.katalon.core.keyword.internal.KeywordMain.runKeyword(KeywordMain.groovy:75)
	at com.kms.katalon.core.keyword.builtin.VerifyEqualKeyword.verifyEqual(VerifyEqualKeyword.groovy:63)
	at com.kms.katalon.core.keyword.builtin.VerifyEqualKeyword.execute(VerifyEqualKeyword.groovy:44)
	at com.kms.katalon.core.keyword.internal.KeywordExecutor.executeKeywordForPlatform(KeywordExecutor.groovy:74)
	at com.kms.katalon.core.keyword.BuiltinKeywords.verifyEqual(BuiltinKeywords.groovy:146)
	at jdk.internal.reflect.GeneratedMethodAccessor25.invoke(Unknown Source)
	at java.base/jdk.internal.reflect.DelegatingMethodAccessorImpl.invoke(DelegatingMethodAccessorImpl.java:43)
	at Выручка в рублях сверка дашбордов ПАО Россети.Blocks(Выручка в рублях сверка дашбордов ПАО Россети:357)
	at Выручка в рублях сверка дашбордов ПАО Россети.ViruchkaChange(Выручка в рублях сверка дашбордов ПАО Россети:60)
	at Выручка в рублях сверка дашбордов ПАО Россети.run(Выручка в рублях сверка дашбордов ПАО Россети:55)
	at com.kms.katalon.core.main.ScriptEngine.run(ScriptEngine.java:194)
	at com.kms.katalon.core.main.ScriptEngine.runScriptAsRawText(ScriptEngine.java:119)
	at com.kms.katalon.core.main.TestCaseExecutor.runScript(TestCaseExecutor.java:448)
	at com.kms.katalon.core.main.TestCaseExecutor.doExecute(TestCaseExecutor.java:439)
	at com.kms.katalon.core.main.TestCaseExecutor.processExecutionPhase(TestCaseExecutor.java:418)
	at com.kms.katalon.core.main.TestCaseExecutor.accessMainPhase(TestCaseExecutor.java:410)
	at com.kms.katalon.core.main.TestCaseExecutor.execute(TestCaseExecutor.java:285)
	at com.kms.katalon.core.common.CommonExecutor.accessTestCaseMainPhase(CommonExecutor.java:65)
	at com.kms.katalon.core.main.TestSuiteExecutor.accessTestSuiteMainPhase(TestSuiteExecutor.java:150)
	at com.kms.katalon.core.main.TestSuiteExecutor.execute(TestSuiteExecutor.java:106)
	at com.kms.katalon.core.main.TestCaseMain.startTestSuite(TestCaseMain.java:180)
	at TempTestSuite1731886967590.run(TempTestSuite1731886967590.groovy:35)
	at java.base/jdk.internal.reflect.NativeMethodAccessorImpl.invoke0(Native Method)
	at java.base/jdk.internal.reflect.NativeMethodAccessorImpl.invoke(NativeMethodAccessorImpl.java:77)
	at java.base/jdk.internal.reflect.DelegatingMethodAccessorImpl.invoke(DelegatingMethodAccessorImpl.java:43)
)
	at com.kms.katalon.core.keyword.internal.KeywordMain.stepFailed(KeywordMain.groovy:39)
	at com.kms.katalon.core.keyword.internal.KeywordMain.stepFailed(KeywordMain.groovy)
	at com.kms.katalon.core.keyword.internal.KeywordMain.runKeyword(KeywordMain.groovy:77)
	at com.kms.katalon.core.keyword.builtin.VerifyEqualKeyword.verifyEqual(VerifyEqualKeyword.groovy:63)
	at com.kms.katalon.core.keyword.builtin.VerifyEqualKeyword.execute(VerifyEqualKeyword.groovy:44)
	at com.kms.katalon.core.keyword.internal.KeywordExecutor.executeKeywordForPlatform(KeywordExecutor.groovy:74)
	at com.kms.katalon.core.keyword.BuiltinKeywords.verifyEqual(BuiltinKeywords.groovy:146)
	at jdk.internal.reflect.GeneratedMethodAccessor25.invoke(Unknown Source)
	at java.base/jdk.internal.reflect.DelegatingMethodAccessorImpl.invoke(DelegatingMethodAccessorImpl.java:43)
	at Выручка в рублях сверка дашбордов ПАО Россети.Blocks(Выручка в рублях сверка дашбордов ПАО Россети:357)
	at Выручка в рублях сверка дашбордов ПАО Россети.ViruchkaChange(Выручка в рублях сверка дашбордов ПАО Россети:60)
	at Выручка в рублях сверка дашбордов ПАО Россети.run(Выручка в рублях сверка дашбордов ПАО Россети:55)
	at com.kms.katalon.core.main.ScriptEngine.run(ScriptEngine.java:194)
	at com.kms.katalon.core.main.ScriptEngine.runScriptAsRawText(ScriptEngine.java:119)
	at com.kms.katalon.core.main.TestCaseExecutor.runScript(TestCaseExecutor.java:448)
	at com.kms.katalon.core.main.TestCaseExecutor.doExecute(TestCaseExecutor.java:439)
	at com.kms.katalon.core.main.TestCaseExecutor.processExecutionPhase(TestCaseExecutor.java:418)
	at com.kms.katalon.core.main.TestCaseExecutor.accessMainPhase(TestCaseExecutor.java:410)
	at com.kms.katalon.core.main.TestCaseExecutor.execute(TestCaseExecutor.java:285)
	at com.kms.katalon.core.common.CommonExecutor.accessTestCaseMainPhase(CommonExecutor.java:65)
	at com.kms.katalon.core.main.TestSuiteExecutor.accessTestSuiteMainPhase(TestSuiteExecutor.java:150)
	at com.kms.katalon.core.main.TestSuiteExecutor.execute(TestSuiteExecutor.java:106)
	at com.kms.katalon.core.main.TestCaseMain.startTestSuite(TestCaseMain.java:180)
	at TempTestSuite1731886967590.run(TempTestSuite1731886967590.groovy:35)
	at java.base/jdk.internal.reflect.NativeMethodAccessorImpl.invoke0(Native Method)
	at java.base/jdk.internal.reflect.NativeMethodAccessorImpl.invoke(NativeMethodAccessorImpl.java:77)
	at java.base/jdk.internal.reflect.DelegatingMethodAccessorImpl.invoke(DelegatingMethodAccessorImpl.java:43)
Caused by: com.kms.katalon.core.exception.StepFailedException: Actual object '-23.84' and expected object '2.54' are not equal
	at com.kms.katalon.core.keyword.builtin.VerifyEqualKeyword$_verifyEqual_closure1.doCall(VerifyEqualKeyword.groovy:58)
	at com.kms.katalon.core.keyword.builtin.VerifyEqualKeyword$_verifyEqual_closure1.call(VerifyEqualKeyword.groovy)
	at com.kms.katalon.core.keyword.internal.KeywordMain.runKeyword(KeywordMain.groovy:75)
	... 24 more]]></system-err>
      </testcase>
      <testcase name="Test Cases/Сверки дашбордов/Выручка по ДЗО сверка дашбордов" time="140.554" classname="Test Cases/Сверки дашбордов/Выручка по ДЗО сверка дашбордов" status="PASSED">
         <system-out><![CDATA[18-11-2024T04:18:51 - [TEST_CASE][PASSED] - Test Cases/Сверки дашбордов/Выручка по ДЗО сверка дашбордов: Test Cases/Сверки дашбордов/Выручка по ДЗО сверка дашбордов

18-11-2024T04:18:52 - [TEST_STEP][PASSED] - date = new java.util.Date(): null

18-11-2024T04:18:52 - [TEST_STEP][PASSED] - todaysDate = date.format("dd.MM.yyyy"): null

18-11-2024T04:18:52 - [TEST_STEP][PASSED] - println(todaysDate): null

18-11-2024T04:18:52 - [TEST_STEP][PASSED] - openBrowser(""): Browser is opened with url: ''

18-11-2024T04:18:52 - [MESSAGE][INFO] - Starting 'Chrome' driver

18-11-2024T04:18:52 - [MESSAGE][INFO] - Action delay is set to 0 milliseconds

18-11-2024T04:18:53 - [MESSAGE][PASSED] - Browser is opened with url: ''

18-11-2024T04:18:53 - [TEST_STEP][PASSED] - navigateToUrl(findTestData("PlanFact").getValue(10, 5)): Navigate to 'https://bi.rosseti.digital/viewer?dashboardGuid=2301950b23be4ed89c1df75f2020051e&sheetGuid=31530aa0b6664c09b016b7f2ab9d853e&fit=true' successfully

18-11-2024T04:19:00 - [MESSAGE][PASSED] - Navigate to 'https://bi.rosseti.digital/viewer?dashboardGuid=2301950b23be4ed89c1df75f2020051e&sheetGuid=31530aa0b6664c09b016b7f2ab9d853e&fit=true' successfully

18-11-2024T04:19:00 - [TEST_STEP][PASSED] - setText(findTestObject("Страница авторизации/input__username"), findTestData("PlanFact").getValue(8, 1)): Text 'liazgina-di' is set on object 'Object Repository/Страница авторизации/input__username'

18-11-2024T04:19:03 - [MESSAGE][PASSED] - Text 'liazgina-di' is set on object 'Object Repository/Страница авторизации/input__username'

18-11-2024T04:19:03 - [TEST_STEP][PASSED] - setText(findTestObject("Страница авторизации/input__password"), findTestData("PlanFact").getValue(9, 1)): Text ')$%5srZ8o688Dm#q' is set on object 'Object Repository/Страница авторизации/input__password'

18-11-2024T04:19:04 - [MESSAGE][PASSED] - Text ')$%5srZ8o688Dm#q' is set on object 'Object Repository/Страница авторизации/input__password'

18-11-2024T04:19:04 - [TEST_STEP][PASSED] - click(findTestObject("Страница авторизации/button_")): Object: 'Object Repository/Страница авторизации/button_' is clicked on

18-11-2024T04:19:06 - [MESSAGE][PASSED] - Object: 'Object Repository/Страница авторизации/button_' is clicked on

18-11-2024T04:19:06 - [TEST_STEP][PASSED] - delay(30): Delayed 30 second(s)

18-11-2024T04:19:36 - [MESSAGE][PASSED] - Delayed 30 second(s)

18-11-2024T04:19:36 - [TEST_STEP][PASSED] - click(findTestObject("Выручка по ДЗО/Фильтр Дата")): Object: 'Object Repository/Выручка по ДЗО/Фильтр Дата' is clicked on

18-11-2024T04:19:37 - [MESSAGE][PASSED] - Object: 'Object Repository/Выручка по ДЗО/Фильтр Дата' is clicked on

18-11-2024T04:19:37 - [TEST_STEP][PASSED] - click(findTestObject("Выручка по ДЗО/Снять выделение в фильтре Дата")): Object: 'Object Repository/Выручка по ДЗО/Снять выделение в фильтре Дата' is clicked on

18-11-2024T04:19:37 - [MESSAGE][PASSED] - Object: 'Object Repository/Выручка по ДЗО/Снять выделение в фильтре Дата' is clicked on

18-11-2024T04:19:37 - [TEST_STEP][PASSED] - click(findTestObject("Выручка по ДЗО/Применить в фильтре Дата")): Object: 'Object Repository/Выручка по ДЗО/Применить в фильтре Дата' is clicked on

18-11-2024T04:19:38 - [MESSAGE][PASSED] - Object: 'Object Repository/Выручка по ДЗО/Применить в фильтре Дата' is clicked on

18-11-2024T04:19:38 - [TEST_STEP][PASSED] - click(findTestObject("Выручка по ДЗО/Фильтр Дата")): Object: 'Object Repository/Выручка по ДЗО/Фильтр Дата' is clicked on

18-11-2024T04:19:39 - [MESSAGE][PASSED] - Object: 'Object Repository/Выручка по ДЗО/Фильтр Дата' is clicked on

18-11-2024T04:19:39 - [TEST_STEP][PASSED] - click(findTestObject("Выручка по ДЗО/Снять выделение в фильтре Дата")): Object: 'Object Repository/Выручка по ДЗО/Снять выделение в фильтре Дата' is clicked on

18-11-2024T04:19:40 - [MESSAGE][PASSED] - Object: 'Object Repository/Выручка по ДЗО/Снять выделение в фильтре Дата' is clicked on

18-11-2024T04:19:40 - [TEST_STEP][PASSED] - scrollToElement(findTestObject("Выручка по ДЗО/2024 список"), 30): Scroll to object 'Object Repository/Выручка по ДЗО/2024 список' successfully

18-11-2024T04:19:40 - [MESSAGE][PASSED] - Scroll to object 'Object Repository/Выручка по ДЗО/2024 список' successfully

18-11-2024T04:19:40 - [TEST_STEP][PASSED] - click(findTestObject("Выручка по ДЗО/2024 список")): Object: 'Object Repository/Выручка по ДЗО/2024 список' is clicked on

18-11-2024T04:19:41 - [MESSAGE][PASSED] - Object: 'Object Repository/Выручка по ДЗО/2024 список' is clicked on

18-11-2024T04:19:41 - [TEST_STEP][PASSED] - scrollToElement(findTestObject("Выручка по ДЗО/1 квартал 2024 выбрать"), 30): Scroll to object 'Object Repository/Выручка по ДЗО/1 квартал 2024 выбрать' successfully

18-11-2024T04:19:41 - [MESSAGE][PASSED] - Scroll to object 'Object Repository/Выручка по ДЗО/1 квартал 2024 выбрать' successfully

18-11-2024T04:19:41 - [TEST_STEP][PASSED] - click(findTestObject("Выручка по ДЗО/1 квартал 2024 выбрать")): Object: 'Object Repository/Выручка по ДЗО/1 квартал 2024 выбрать' is clicked on

18-11-2024T04:19:41 - [MESSAGE][PASSED] - Object: 'Object Repository/Выручка по ДЗО/1 квартал 2024 выбрать' is clicked on

18-11-2024T04:19:41 - [TEST_STEP][PASSED] - scrollToElement(findTestObject("Выручка по ДЗО/2 квартал 2024 выбрать"), 30): Scroll to object 'Object Repository/Выручка по ДЗО/2 квартал 2024 выбрать' successfully

18-11-2024T04:19:42 - [MESSAGE][PASSED] - Scroll to object 'Object Repository/Выручка по ДЗО/2 квартал 2024 выбрать' successfully

18-11-2024T04:19:42 - [TEST_STEP][PASSED] - click(findTestObject("Выручка по ДЗО/2 квартал 2024 выбрать"), CONTINUE_ON_FAILURE): Object: 'Object Repository/Выручка по ДЗО/2 квартал 2024 выбрать' is clicked on

18-11-2024T04:19:42 - [MESSAGE][PASSED] - Object: 'Object Repository/Выручка по ДЗО/2 квартал 2024 выбрать' is clicked on

18-11-2024T04:19:42 - [TEST_STEP][PASSED] - scrollToElement(findTestObject("Выручка по ДЗО/Заголовок дашборда"), 30): Scroll to object 'Object Repository/Выручка по ДЗО/Заголовок дашборда' successfully

18-11-2024T04:19:43 - [MESSAGE][PASSED] - Scroll to object 'Object Repository/Выручка по ДЗО/Заголовок дашборда' successfully

18-11-2024T04:19:43 - [TEST_STEP][PASSED] - click(findTestObject("Выручка по ДЗО/3 квартал 2024 выбрать"), CONTINUE_ON_FAILURE): Object: 'Object Repository/Выручка по ДЗО/3 квартал 2024 выбрать' is clicked on

18-11-2024T04:19:43 - [MESSAGE][PASSED] - Object: 'Object Repository/Выручка по ДЗО/3 квартал 2024 выбрать' is clicked on

18-11-2024T04:19:43 - [TEST_STEP][PASSED] - click(findTestObject("Выручка по ДЗО/Применить в фильтре Дата")): Object: 'Object Repository/Выручка по ДЗО/Применить в фильтре Дата' is clicked on

18-11-2024T04:19:44 - [MESSAGE][PASSED] - Object: 'Object Repository/Выручка по ДЗО/Применить в фильтре Дата' is clicked on

18-11-2024T04:19:44 - [TEST_STEP][PASSED] - a1 = getText(findTestObject("Выручка по ДЗО/График1 Выполнение плановых показателей Блок руководителя")): Text of object 'Object Repository/Выручка по ДЗО/График1 Выполнение плановых показателей Блок руководителя' is: '1 376 1 376
3 393 3 393
58 100 58 100
56 758 56 758
73 967 73 967
152 892 152 892
23 234 23 234
38 849 38 849
50 960 50 960
6 962 6 962
61 784 61 784
76 788 76 788
230 075 230 075
84 937 84 937
91 081 91 081
38 611 38 611
7 049 7 049
1 615 1 615
3 461 3 461
58 125 58 125
60 228 60 228
77 822 77 822
159 792 159 792
24 054 24 054
39 689 39 689
53 076 53 076
7 175 7 175
57 472 57 472
78 503 78 503
232 074 232 074
88 347 88 347
94 954 94 954
39 927 39 927
7 326 7 326
План
Факт
АО «Тываэнерго»
АО «Чеченэнерго»
Россети Волга
Россети Кубань
Россети Ленэнерго (ГК)
Россети Московский регион
Россети Северный Кавказ (ГК)
Россети Северо-Запад
Россети Сибирь (ГК)
Россети Томск
Россети Тюмень
Россети Урал (ГК)
Россети ФСК ЕЭС
Россети Центр
Россети Центр и Приволжье (ГК)
Россети Юг (ГК)
Россети Янтарь
0 млн. руб.
25 000 млн. руб.
50 000 млн. руб.
75 000 млн. руб.
100 000 млн. руб.
125 000 млн. руб.
150 000 млн. руб.
175 000 млн. руб.
200 000 млн. руб.
225 000 млн. руб.
250 000 млн. руб.'

18-11-2024T04:19:45 - [MESSAGE][PASSED] - Text of object 'Object Repository/Выручка по ДЗО/График1 Выполнение плановых показателей Блок руководителя' is: '1 376 1 376
3 393 3 393
58 100 58 100
56 758 56 758
73 967 73 967
152 892 152 892
23 234 23 234
38 849 38 849
50 960 50 960
6 962 6 962
61 784 61 784
76 788 76 788
230 075 230 075
84 937 84 937
91 081 91 081
38 611 38 611
7 049 7 049
1 615 1 615
3 461 3 461
58 125 58 125
60 228 60 228
77 822 77 822
159 792 159 792
24 054 24 054
39 689 39 689
53 076 53 076
7 175 7 175
57 472 57 472
78 503 78 503
232 074 232 074
88 347 88 347
94 954 94 954
39 927 39 927
7 326 7 326
План
Факт
АО «Тываэнерго»
АО «Чеченэнерго»
Россети Волга
Россети Кубань
Россети Ленэнерго (ГК)
Россети Московский регион
Россети Северный Кавказ (ГК)
Россети Северо-Запад
Россети Сибирь (ГК)
Россети Томск
Россети Тюмень
Россети Урал (ГК)
Россети ФСК ЕЭС
Россети Центр
Россети Центр и Приволжье (ГК)
Россети Юг (ГК)
Россети Янтарь
0 млн. руб.
25 000 млн. руб.
50 000 млн. руб.
75 000 млн. руб.
100 000 млн. руб.
125 000 млн. руб.
150 000 млн. руб.
175 000 млн. руб.
200 000 млн. руб.
225 000 млн. руб.
250 000 млн. руб.'

18-11-2024T04:19:45 - [TEST_STEP][PASSED] - println("a1: " + a1): null

18-11-2024T04:19:45 - [TEST_STEP][PASSED] - i = a1.indexOf("План"): null

18-11-2024T04:19:45 - [TEST_STEP][PASSED] - a1 = a1.substring(0, i): null

18-11-2024T04:19:45 - [TEST_STEP][PASSED] - println("a1: " + a1): null

18-11-2024T04:19:45 - [TEST_STEP][PASSED] - a2 = getText(findTestObject("Выручка по ДЗО/График2 Выполнение плановых показателей Блок руководителя")): Text of object 'Object Repository/Выручка по ДЗО/График2 Выполнение плановых показателей Блок руководителя' is: '0,15%0,15%
0,32%0,32%
5,36%5,36%
5,56%5,56%
7,18%7,18%
14,75%14,75%
2,22%2,22%
3,66%3,66%
4,9%4,9%
0,66%0,66%
5,3%5,3%
7,24%7,24%
21,42%21,42%
8,15%8,15%
8,76%8,76%
3,68%3,68%
0,68%0,68%
АО «Тываэнерго»
АО «Чеченэнерго»
Россети Волга
Россети Кубань
Россети Ленэнерго (ГК)
Россети Московский регион
Россети Северный Кавказ (ГК)
Россети Северо-Запад
Россети Сибирь (ГК)
Россети Томск
Россети Тюмень
Россети Урал (ГК)
Россети ФСК ЕЭС
Россети Центр
Россети Центр и Приволжье (ГК)
Россети Юг (ГК)
Россети Янтарь
Россети Центр и Приволжье (ГК): 94 954 028,58'

18-11-2024T04:19:45 - [MESSAGE][PASSED] - Text of object 'Object Repository/Выручка по ДЗО/График2 Выполнение плановых показателей Блок руководителя' is: '0,15%0,15%
0,32%0,32%
5,36%5,36%
5,56%5,56%
7,18%7,18%
14,75%14,75%
2,22%2,22%
3,66%3,66%
4,9%4,9%
0,66%0,66%
5,3%5,3%
7,24%7,24%
21,42%21,42%
8,15%8,15%
8,76%8,76%
3,68%3,68%
0,68%0,68%
АО «Тываэнерго»
АО «Чеченэнерго»
Россети Волга
Россети Кубань
Россети Ленэнерго (ГК)
Россети Московский регион
Россети Северный Кавказ (ГК)
Россети Северо-Запад
Россети Сибирь (ГК)
Россети Томск
Россети Тюмень
Россети Урал (ГК)
Россети ФСК ЕЭС
Россети Центр
Россети Центр и Приволжье (ГК)
Россети Юг (ГК)
Россети Янтарь
Россети Центр и Приволжье (ГК): 94 954 028,58'

18-11-2024T04:19:45 - [TEST_STEP][PASSED] - println("a2: " + a2): null

18-11-2024T04:19:45 - [TEST_STEP][PASSED] - i = a2.indexOf("АО «Тываэнерго»"): null

18-11-2024T04:19:45 - [TEST_STEP][PASSED] - a2 = a2.substring(0, i): null

18-11-2024T04:19:45 - [TEST_STEP][PASSED] - navigateToUrl(findTestData("PlanFact").getValue(10, 10)): Navigate to 'https://bi.rosseti.digital/viewer?dashboardGuid=a1fd28b3785d443cbc4d7690a1d78e31&sheetGuid=4a2f47326819444da0508dec5c59e502&fit=true' successfully

18-11-2024T04:19:46 - [MESSAGE][PASSED] - Navigate to 'https://bi.rosseti.digital/viewer?dashboardGuid=a1fd28b3785d443cbc4d7690a1d78e31&sheetGuid=4a2f47326819444da0508dec5c59e502&fit=true' successfully

18-11-2024T04:19:46 - [TEST_STEP][PASSED] - delay(30): Delayed 30 second(s)

18-11-2024T04:20:16 - [MESSAGE][PASSED] - Delayed 30 second(s)

18-11-2024T04:20:16 - [TEST_STEP][PASSED] - click(findTestObject("Выручка по ДЗО/Фильтр Дата Выручка")): Object: 'Object Repository/Выручка по ДЗО/Фильтр Дата Выручка' is clicked on

18-11-2024T04:20:16 - [MESSAGE][PASSED] - Object: 'Object Repository/Выручка по ДЗО/Фильтр Дата Выручка' is clicked on

18-11-2024T04:20:16 - [TEST_STEP][PASSED] - click(findTestObject("Выручка по ДЗО/Снять выделение в фильтре Дата Выручка")): Object: 'Object Repository/Выручка по ДЗО/Снять выделение в фильтре Дата Выручка' is clicked on

18-11-2024T04:20:17 - [MESSAGE][PASSED] - Object: 'Object Repository/Выручка по ДЗО/Снять выделение в фильтре Дата Выручка' is clicked on

18-11-2024T04:20:17 - [TEST_STEP][PASSED] - click(findTestObject("Выручка по ДЗО/Применить в фильтре Дата Выручка")): Object: 'Object Repository/Выручка по ДЗО/Применить в фильтре Дата Выручка' is clicked on

18-11-2024T04:20:18 - [MESSAGE][PASSED] - Object: 'Object Repository/Выручка по ДЗО/Применить в фильтре Дата Выручка' is clicked on

18-11-2024T04:20:18 - [TEST_STEP][PASSED] - click(findTestObject("Выручка по ДЗО/Фильтр Дата Выручка")): Object: 'Object Repository/Выручка по ДЗО/Фильтр Дата Выручка' is clicked on

18-11-2024T04:20:48 - [MESSAGE][PASSED] - Object: 'Object Repository/Выручка по ДЗО/Фильтр Дата Выручка' is clicked on

18-11-2024T04:20:48 - [TEST_STEP][PASSED] - click(findTestObject("Выручка по ДЗО/Снять выделение в фильтре Дата Выручка")): Object: 'Object Repository/Выручка по ДЗО/Снять выделение в фильтре Дата Выручка' is clicked on

18-11-2024T04:21:02 - [MESSAGE][PASSED] - Object: 'Object Repository/Выручка по ДЗО/Снять выделение в фильтре Дата Выручка' is clicked on

18-11-2024T04:21:02 - [TEST_STEP][PASSED] - scrollToElement(findTestObject("Выручка по ДЗО/2024 список Выручка"), 30): Scroll to object 'Object Repository/Выручка по ДЗО/2024 список Выручка' successfully

18-11-2024T04:21:02 - [MESSAGE][PASSED] - Scroll to object 'Object Repository/Выручка по ДЗО/2024 список Выручка' successfully

18-11-2024T04:21:02 - [TEST_STEP][PASSED] - click(findTestObject("Выручка по ДЗО/2024 список Выручка")): Object: 'Object Repository/Выручка по ДЗО/2024 список Выручка' is clicked on

18-11-2024T04:21:02 - [MESSAGE][PASSED] - Object: 'Object Repository/Выручка по ДЗО/2024 список Выручка' is clicked on

18-11-2024T04:21:02 - [TEST_STEP][PASSED] - scrollToElement(findTestObject("Выручка по ДЗО/1 квартал 2024 выбрать Выручка"), 30): Scroll to object 'Object Repository/Выручка по ДЗО/1 квартал 2024 выбрать Выручка' successfully

18-11-2024T04:21:03 - [MESSAGE][PASSED] - Scroll to object 'Object Repository/Выручка по ДЗО/1 квартал 2024 выбрать Выручка' successfully

18-11-2024T04:21:03 - [TEST_STEP][PASSED] - click(findTestObject("Выручка по ДЗО/1 квартал 2024 выбрать Выручка")): Object: 'Object Repository/Выручка по ДЗО/1 квартал 2024 выбрать Выручка' is clicked on

18-11-2024T04:21:03 - [MESSAGE][PASSED] - Object: 'Object Repository/Выручка по ДЗО/1 квартал 2024 выбрать Выручка' is clicked on

18-11-2024T04:21:03 - [TEST_STEP][PASSED] - scrollToElement(findTestObject("Выручка по ДЗО/2 квартал 2024 выбрать Выручка"), 30): Scroll to object 'Object Repository/Выручка по ДЗО/2 квартал 2024 выбрать Выручка' successfully

18-11-2024T04:21:04 - [MESSAGE][PASSED] - Scroll to object 'Object Repository/Выручка по ДЗО/2 квартал 2024 выбрать Выручка' successfully

18-11-2024T04:21:04 - [TEST_STEP][PASSED] - click(findTestObject("Выручка по ДЗО/2 квартал 2024 выбрать Выручка"), CONTINUE_ON_FAILURE): Object: 'Object Repository/Выручка по ДЗО/2 квартал 2024 выбрать Выручка' is clicked on

18-11-2024T04:21:04 - [MESSAGE][PASSED] - Object: 'Object Repository/Выручка по ДЗО/2 квартал 2024 выбрать Выручка' is clicked on

18-11-2024T04:21:04 - [TEST_STEP][PASSED] - click(findTestObject("Выручка по ДЗО/3 квартал 2024 выбрать Выручка"), CONTINUE_ON_FAILURE): Object: 'Object Repository/Выручка по ДЗО/3 квартал 2024 выбрать Выручка' is clicked on

18-11-2024T04:21:05 - [MESSAGE][PASSED] - Object: 'Object Repository/Выручка по ДЗО/3 квартал 2024 выбрать Выручка' is clicked on

18-11-2024T04:21:05 - [TEST_STEP][PASSED] - scrollToElement(findTestObject("Выручка по ДЗО/Заголовок дашборда Выручка"), 30): Scroll to object 'Object Repository/Выручка по ДЗО/Заголовок дашборда Выручка' successfully

18-11-2024T04:21:05 - [MESSAGE][PASSED] - Scroll to object 'Object Repository/Выручка по ДЗО/Заголовок дашборда Выручка' successfully

18-11-2024T04:21:05 - [TEST_STEP][PASSED] - click(findTestObject("Выручка по ДЗО/Применить в фильтре Дата Выручка")): Object: 'Object Repository/Выручка по ДЗО/Применить в фильтре Дата Выручка' is clicked on

18-11-2024T04:21:06 - [MESSAGE][PASSED] - Object: 'Object Repository/Выручка по ДЗО/Применить в фильтре Дата Выручка' is clicked on

18-11-2024T04:21:06 - [TEST_STEP][PASSED] - b1 = getText(findTestObject("Выручка по ДЗО/График1 Выполнение плановых показателей Выручка")): Text of object 'Object Repository/Выручка по ДЗО/График1 Выполнение плановых показателей Выручка' is: '1 376 1 376
3 393 3 393
58 100 58 100
56 758 56 758
73 967 73 967
152 892 152 892
23 234 23 234
38 849 38 849
50 960 50 960
6 962 6 962
61 784 61 784
76 788 76 788
230 075 230 075
84 937 84 937
91 081 91 081
38 611 38 611
7 049 7 049
1 615 1 615
3 461 3 461
58 125 58 125
60 228 60 228
77 822 77 822
159 792 159 792
24 054 24 054
39 689 39 689
53 076 53 076
7 175 7 175
57 472 57 472
78 503 78 503
232 074 232 074
88 347 88 347
94 954 94 954
39 927 39 927
7 326 7 326
План
Факт
АО «Тываэнерго»
АО «Чеченэнерго»
Россети Волга
Россети Кубань
Россети Ленэнерго (ГК)
Россети Московский регион
Россети Северный Кавказ (ГК)
Россети Северо-Запад
Россети Сибирь (ГК)
Россети Томск
Россети Тюмень
Россети Урал (ГК)
Россети ФСК ЕЭС
Россети Центр
Россети Центр и Приволжье (ГК)
Россети Юг (ГК)
Россети Янтарь
0 млн. руб.
25 000 млн. руб.
50 000 млн. руб.
75 000 млн. руб.
100 000 млн. руб.
125 000 млн. руб.
150 000 млн. руб.
175 000 млн. руб.
200 000 млн. руб.
225 000 млн. руб.
250 000 млн. руб.'

18-11-2024T04:21:11 - [MESSAGE][PASSED] - Text of object 'Object Repository/Выручка по ДЗО/График1 Выполнение плановых показателей Выручка' is: '1 376 1 376
3 393 3 393
58 100 58 100
56 758 56 758
73 967 73 967
152 892 152 892
23 234 23 234
38 849 38 849
50 960 50 960
6 962 6 962
61 784 61 784
76 788 76 788
230 075 230 075
84 937 84 937
91 081 91 081
38 611 38 611
7 049 7 049
1 615 1 615
3 461 3 461
58 125 58 125
60 228 60 228
77 822 77 822
159 792 159 792
24 054 24 054
39 689 39 689
53 076 53 076
7 175 7 175
57 472 57 472
78 503 78 503
232 074 232 074
88 347 88 347
94 954 94 954
39 927 39 927
7 326 7 326
План
Факт
АО «Тываэнерго»
АО «Чеченэнерго»
Россети Волга
Россети Кубань
Россети Ленэнерго (ГК)
Россети Московский регион
Россети Северный Кавказ (ГК)
Россети Северо-Запад
Россети Сибирь (ГК)
Россети Томск
Россети Тюмень
Россети Урал (ГК)
Россети ФСК ЕЭС
Россети Центр
Россети Центр и Приволжье (ГК)
Россети Юг (ГК)
Россети Янтарь
0 млн. руб.
25 000 млн. руб.
50 000 млн. руб.
75 000 млн. руб.
100 000 млн. руб.
125 000 млн. руб.
150 000 млн. руб.
175 000 млн. руб.
200 000 млн. руб.
225 000 млн. руб.
250 000 млн. руб.'

18-11-2024T04:21:11 - [TEST_STEP][PASSED] - println("b1: " + b1): null

18-11-2024T04:21:11 - [TEST_STEP][PASSED] - i = b1.indexOf("План"): null

18-11-2024T04:21:11 - [TEST_STEP][PASSED] - b1 = b1.substring(0, i): null

18-11-2024T04:21:11 - [TEST_STEP][PASSED] - println("b1: " + b1): null

18-11-2024T04:21:11 - [TEST_STEP][PASSED] - b2 = getText(findTestObject("Выручка по ДЗО/График2 Выполнение плановых показателей Выручка")): Text of object 'Object Repository/Выручка по ДЗО/График2 Выполнение плановых показателей Выручка' is: '0,15%0,15%
0,32%0,32%
5,36%5,36%
5,56%5,56%
7,18%7,18%
14,75%14,75%
2,22%2,22%
3,66%3,66%
4,9%4,9%
0,66%0,66%
5,3%5,3%
7,24%7,24%
21,42%21,42%
8,15%8,15%
8,76%8,76%
3,68%3,68%
0,68%0,68%
АО «Тываэнерго»
АО «Чеченэнерго»
Россети Волга
Россети Кубань
Россети Ленэнерго (ГК)
Россети Московский регион
Россети Северный Кавказ (ГК)
Россети Северо-Запад
Россети Сибирь (ГК)
Россети Томск
Россети Тюмень
Россети Урал (ГК)
Россети ФСК ЕЭС
Россети Центр
Россети Центр и Приволжье (ГК)
Россети Юг (ГК)
Россети Янтарь'

18-11-2024T04:21:12 - [MESSAGE][PASSED] - Text of object 'Object Repository/Выручка по ДЗО/График2 Выполнение плановых показателей Выручка' is: '0,15%0,15%
0,32%0,32%
5,36%5,36%
5,56%5,56%
7,18%7,18%
14,75%14,75%
2,22%2,22%
3,66%3,66%
4,9%4,9%
0,66%0,66%
5,3%5,3%
7,24%7,24%
21,42%21,42%
8,15%8,15%
8,76%8,76%
3,68%3,68%
0,68%0,68%
АО «Тываэнерго»
АО «Чеченэнерго»
Россети Волга
Россети Кубань
Россети Ленэнерго (ГК)
Россети Московский регион
Россети Северный Кавказ (ГК)
Россети Северо-Запад
Россети Сибирь (ГК)
Россети Томск
Россети Тюмень
Россети Урал (ГК)
Россети ФСК ЕЭС
Россети Центр
Россети Центр и Приволжье (ГК)
Россети Юг (ГК)
Россети Янтарь'

18-11-2024T04:21:12 - [TEST_STEP][PASSED] - i = b2.indexOf("АО «Тываэнерго»"): null

18-11-2024T04:21:12 - [TEST_STEP][PASSED] - b2 = b2.substring(0, i): null

18-11-2024T04:21:12 - [TEST_STEP][PASSED] - println(b2): null

18-11-2024T04:21:12 - [TEST_STEP][PASSED] - verifyEqual(a1, b1): Actual object '1 376 1 376
3 393 3 393
58 100 58 100
56 758 56 758
73 967 73 967
152 892 152 892
23 234 23 234
38 849 38 849
50 960 50 960
6 962 6 962
61 784 61 784
76 788 76 788
230 075 230 075
84 937 84 937
91 081 91 081
38 611 38 611
7 049 7 049
1 615 1 615
3 461 3 461
58 125 58 125
60 228 60 228
77 822 77 822
159 792 159 792
24 054 24 054
39 689 39 689
53 076 53 076
7 175 7 175
57 472 57 472
78 503 78 503
232 074 232 074
88 347 88 347
94 954 94 954
39 927 39 927
7 326 7 326
' and expected object '1 376 1 376
3 393 3 393
58 100 58 100
56 758 56 758
73 967 73 967
152 892 152 892
23 234 23 234
38 849 38 849
50 960 50 960
6 962 6 962
61 784 61 784
76 788 76 788
230 075 230 075
84 937 84 937
91 081 91 081
38 611 38 611
7 049 7 049
1 615 1 615
3 461 3 461
58 125 58 125
60 228 60 228
77 822 77 822
159 792 159 792
24 054 24 054
39 689 39 689
53 076 53 076
7 175 7 175
57 472 57 472
78 503 78 503
232 074 232 074
88 347 88 347
94 954 94 954
39 927 39 927
7 326 7 326
' are equal

18-11-2024T04:21:12 - [MESSAGE][PASSED] - Actual object '1 376 1 376
3 393 3 393
58 100 58 100
56 758 56 758
73 967 73 967
152 892 152 892
23 234 23 234
38 849 38 849
50 960 50 960
6 962 6 962
61 784 61 784
76 788 76 788
230 075 230 075
84 937 84 937
91 081 91 081
38 611 38 611
7 049 7 049
1 615 1 615
3 461 3 461
58 125 58 125
60 228 60 228
77 822 77 822
159 792 159 792
24 054 24 054
39 689 39 689
53 076 53 076
7 175 7 175
57 472 57 472
78 503 78 503
232 074 232 074
88 347 88 347
94 954 94 954
39 927 39 927
7 326 7 326
' and expected object '1 376 1 376
3 393 3 393
58 100 58 100
56 758 56 758
73 967 73 967
152 892 152 892
23 234 23 234
38 849 38 849
50 960 50 960
6 962 6 962
61 784 61 784
76 788 76 788
230 075 230 075
84 937 84 937
91 081 91 081
38 611 38 611
7 049 7 049
1 615 1 615
3 461 3 461
58 125 58 125
60 228 60 228
77 822 77 822
159 792 159 792
24 054 24 054
39 689 39 689
53 076 53 076
7 175 7 175
57 472 57 472
78 503 78 503
232 074 232 074
88 347 88 347
94 954 94 954
39 927 39 927
7 326 7 326
' are equal

18-11-2024T04:21:12 - [TEST_STEP][PASSED] - if (verifyEqual(a1, b1) == true): Actual object '1 376 1 376
3 393 3 393
58 100 58 100
56 758 56 758
73 967 73 967
152 892 152 892
23 234 23 234
38 849 38 849
50 960 50 960
6 962 6 962
61 784 61 784
76 788 76 788
230 075 230 075
84 937 84 937
91 081 91 081
38 611 38 611
7 049 7 049
1 615 1 615
3 461 3 461
58 125 58 125
60 228 60 228
77 822 77 822
159 792 159 792
24 054 24 054
39 689 39 689
53 076 53 076
7 175 7 175
57 472 57 472
78 503 78 503
232 074 232 074
88 347 88 347
94 954 94 954
39 927 39 927
7 326 7 326
' and expected object '1 376 1 376
3 393 3 393
58 100 58 100
56 758 56 758
73 967 73 967
152 892 152 892
23 234 23 234
38 849 38 849
50 960 50 960
6 962 6 962
61 784 61 784
76 788 76 788
230 075 230 075
84 937 84 937
91 081 91 081
38 611 38 611
7 049 7 049
1 615 1 615
3 461 3 461
58 125 58 125
60 228 60 228
77 822 77 822
159 792 159 792
24 054 24 054
39 689 39 689
53 076 53 076
7 175 7 175
57 472 57 472
78 503 78 503
232 074 232 074
88 347 88 347
94 954 94 954
39 927 39 927
7 326 7 326
' are equal

18-11-2024T04:21:12 - [MESSAGE][PASSED] - Actual object '1 376 1 376
3 393 3 393
58 100 58 100
56 758 56 758
73 967 73 967
152 892 152 892
23 234 23 234
38 849 38 849
50 960 50 960
6 962 6 962
61 784 61 784
76 788 76 788
230 075 230 075
84 937 84 937
91 081 91 081
38 611 38 611
7 049 7 049
1 615 1 615
3 461 3 461
58 125 58 125
60 228 60 228
77 822 77 822
159 792 159 792
24 054 24 054
39 689 39 689
53 076 53 076
7 175 7 175
57 472 57 472
78 503 78 503
232 074 232 074
88 347 88 347
94 954 94 954
39 927 39 927
7 326 7 326
' and expected object '1 376 1 376
3 393 3 393
58 100 58 100
56 758 56 758
73 967 73 967
152 892 152 892
23 234 23 234
38 849 38 849
50 960 50 960
6 962 6 962
61 784 61 784
76 788 76 788
230 075 230 075
84 937 84 937
91 081 91 081
38 611 38 611
7 049 7 049
1 615 1 615
3 461 3 461
58 125 58 125
60 228 60 228
77 822 77 822
159 792 159 792
24 054 24 054
39 689 39 689
53 076 53 076
7 175 7 175
57 472 57 472
78 503 78 503
232 074 232 074
88 347 88 347
94 954 94 954
39 927 39 927
7 326 7 326
' are equal

18-11-2024T04:21:12 - [TEST_STEP][PASSED] - verifyEqual(a2, b2): Actual object '0,15%0,15%
0,32%0,32%
5,36%5,36%
5,56%5,56%
7,18%7,18%
14,75%14,75%
2,22%2,22%
3,66%3,66%
4,9%4,9%
0,66%0,66%
5,3%5,3%
7,24%7,24%
21,42%21,42%
8,15%8,15%
8,76%8,76%
3,68%3,68%
0,68%0,68%
' and expected object '0,15%0,15%
0,32%0,32%
5,36%5,36%
5,56%5,56%
7,18%7,18%
14,75%14,75%
2,22%2,22%
3,66%3,66%
4,9%4,9%
0,66%0,66%
5,3%5,3%
7,24%7,24%
21,42%21,42%
8,15%8,15%
8,76%8,76%
3,68%3,68%
0,68%0,68%
' are equal

18-11-2024T04:21:12 - [MESSAGE][PASSED] - Actual object '0,15%0,15%
0,32%0,32%
5,36%5,36%
5,56%5,56%
7,18%7,18%
14,75%14,75%
2,22%2,22%
3,66%3,66%
4,9%4,9%
0,66%0,66%
5,3%5,3%
7,24%7,24%
21,42%21,42%
8,15%8,15%
8,76%8,76%
3,68%3,68%
0,68%0,68%
' and expected object '0,15%0,15%
0,32%0,32%
5,36%5,36%
5,56%5,56%
7,18%7,18%
14,75%14,75%
2,22%2,22%
3,66%3,66%
4,9%4,9%
0,66%0,66%
5,3%5,3%
7,24%7,24%
21,42%21,42%
8,15%8,15%
8,76%8,76%
3,68%3,68%
0,68%0,68%
' are equal

18-11-2024T04:21:12 - [TEST_STEP][PASSED] - if (verifyEqual(a2, b2) == true): Actual object '0,15%0,15%
0,32%0,32%
5,36%5,36%
5,56%5,56%
7,18%7,18%
14,75%14,75%
2,22%2,22%
3,66%3,66%
4,9%4,9%
0,66%0,66%
5,3%5,3%
7,24%7,24%
21,42%21,42%
8,15%8,15%
8,76%8,76%
3,68%3,68%
0,68%0,68%
' and expected object '0,15%0,15%
0,32%0,32%
5,36%5,36%
5,56%5,56%
7,18%7,18%
14,75%14,75%
2,22%2,22%
3,66%3,66%
4,9%4,9%
0,66%0,66%
5,3%5,3%
7,24%7,24%
21,42%21,42%
8,15%8,15%
8,76%8,76%
3,68%3,68%
0,68%0,68%
' are equal

18-11-2024T04:21:12 - [MESSAGE][PASSED] - Actual object '0,15%0,15%
0,32%0,32%
5,36%5,36%
5,56%5,56%
7,18%7,18%
14,75%14,75%
2,22%2,22%
3,66%3,66%
4,9%4,9%
0,66%0,66%
5,3%5,3%
7,24%7,24%
21,42%21,42%
8,15%8,15%
8,76%8,76%
3,68%3,68%
0,68%0,68%
' and expected object '0,15%0,15%
0,32%0,32%
5,36%5,36%
5,56%5,56%
7,18%7,18%
14,75%14,75%
2,22%2,22%
3,66%3,66%
4,9%4,9%
0,66%0,66%
5,3%5,3%
7,24%7,24%
21,42%21,42%
8,15%8,15%
8,76%8,76%
3,68%3,68%
0,68%0,68%
' are equal

18-11-2024T04:21:12 - [TEST_STEP][PASSED] - closeBrowser(): Browser is closed

18-11-2024T04:21:12 - [MESSAGE][PASSED] - Browser is closed]]></system-out>
         <system-err><![CDATA[]]></system-err>
      </testcase>
      <testcase name="Test Cases/Сверки дашбордов/Прогноз по отраслям сверка дашбордов" time="1154.463" classname="Test Cases/Сверки дашбордов/Прогноз по отраслям сверка дашбордов" status="PASSED">
         <system-out><![CDATA[18-11-2024T04:21:12 - [TEST_CASE][PASSED] - Test Cases/Сверки дашбордов/Прогноз по отраслям сверка дашбордов: Test Cases/Сверки дашбордов/Прогноз по отраслям сверка дашбордов

18-11-2024T04:21:12 - [TEST_STEP][PASSED] - date = new java.util.Date(): null

18-11-2024T04:21:12 - [TEST_STEP][PASSED] - todaysDate = date.format("dd.MM.yyyy"): null

18-11-2024T04:21:12 - [TEST_STEP][PASSED] - println(todaysDate): null

18-11-2024T04:21:12 - [TEST_STEP][PASSED] - typeOfData = <not implemented yet for class: org.codehaus.groovy.ast.expr.EmptyExpression>: null

18-11-2024T04:21:12 - [TEST_STEP][PASSED] - filterSravnenie = <not implemented yet for class: org.codehaus.groovy.ast.expr.EmptyExpression>: null

18-11-2024T04:21:12 - [TEST_STEP][PASSED] - kpoOtpusk = <not implemented yet for class: org.codehaus.groovy.ast.expr.EmptyExpression>: null

18-11-2024T04:21:12 - [TEST_STEP][PASSED] - openBrowser(""): Browser is opened with url: ''

18-11-2024T04:21:12 - [MESSAGE][INFO] - Starting 'Chrome' driver

18-11-2024T04:21:12 - [MESSAGE][INFO] - Action delay is set to 0 milliseconds

18-11-2024T04:21:13 - [MESSAGE][PASSED] - Browser is opened with url: ''

18-11-2024T04:21:13 - [TEST_STEP][PASSED] - navigateToUrl(findTestData("PlanFact").getValue(10, 6)): Navigate to 'https://bi.rosseti.digital/viewer?dashboardGuid=d6acb5b1a7114a9791b34de39263106e&sheetGuid=0b6d261d7f7b4424a967aa8f3a724189&fit=true' successfully

18-11-2024T04:21:17 - [MESSAGE][PASSED] - Navigate to 'https://bi.rosseti.digital/viewer?dashboardGuid=d6acb5b1a7114a9791b34de39263106e&sheetGuid=0b6d261d7f7b4424a967aa8f3a724189&fit=true' successfully

18-11-2024T04:21:17 - [TEST_STEP][PASSED] - setText(findTestObject("Страница авторизации/input__username"), findTestData("PlanFact").getValue(8, 1)): Text 'liazgina-di' is set on object 'Object Repository/Страница авторизации/input__username'

18-11-2024T04:21:21 - [MESSAGE][PASSED] - Text 'liazgina-di' is set on object 'Object Repository/Страница авторизации/input__username'

18-11-2024T04:21:21 - [TEST_STEP][PASSED] - setText(findTestObject("Страница авторизации/input__password"), findTestData("PlanFact").getValue(9, 1)): Text ')$%5srZ8o688Dm#q' is set on object 'Object Repository/Страница авторизации/input__password'

18-11-2024T04:21:22 - [MESSAGE][PASSED] - Text ')$%5srZ8o688Dm#q' is set on object 'Object Repository/Страница авторизации/input__password'

18-11-2024T04:21:22 - [TEST_STEP][PASSED] - click(findTestObject("Страница авторизации/button_")): Object: 'Object Repository/Страница авторизации/button_' is clicked on

18-11-2024T04:21:24 - [MESSAGE][PASSED] - Object: 'Object Repository/Страница авторизации/button_' is clicked on

18-11-2024T04:21:24 - [TEST_STEP][PASSED] - delay(50): Delayed 50 second(s)

18-11-2024T04:22:14 - [MESSAGE][PASSED] - Delayed 50 second(s)

18-11-2024T04:22:14 - [TEST_STEP][PASSED] - click(findTestObject("Прогноз по отраслям/Фильтр Месяц")): Object: 'Object Repository/Прогноз по отраслям/Фильтр Месяц' is clicked on

18-11-2024T04:22:14 - [MESSAGE][PASSED] - Object: 'Object Repository/Прогноз по отраслям/Фильтр Месяц' is clicked on

18-11-2024T04:22:14 - [TEST_STEP][PASSED] - scrollToElement(findTestObject("Прогноз по отраслям/Ноябрь"), 30): Scroll to object 'Object Repository/Прогноз по отраслям/Ноябрь' successfully

18-11-2024T04:22:15 - [MESSAGE][PASSED] - Scroll to object 'Object Repository/Прогноз по отраслям/Ноябрь' successfully

18-11-2024T04:22:15 - [TEST_STEP][PASSED] - click(findTestObject("Прогноз по отраслям/Ноябрь"), CONTINUE_ON_FAILURE): Object: 'Object Repository/Прогноз по отраслям/Ноябрь' is clicked on

18-11-2024T04:22:16 - [MESSAGE][PASSED] - Object: 'Object Repository/Прогноз по отраслям/Ноябрь' is clicked on

18-11-2024T04:22:16 - [TEST_STEP][PASSED] - scrollToElement(findTestObject("Прогноз по отраслям/Заголовок дашборда"), 30): Scroll to object 'Object Repository/Прогноз по отраслям/Заголовок дашборда' successfully

18-11-2024T04:22:18 - [MESSAGE][PASSED] - Scroll to object 'Object Repository/Прогноз по отраслям/Заголовок дашборда' successfully

18-11-2024T04:22:18 - [TEST_STEP][PASSED] - click(findTestObject("Прогноз по отраслям/Фильтр Сравнение с")): Object: 'Object Repository/Прогноз по отраслям/Фильтр Сравнение с' is clicked on

18-11-2024T04:22:18 - [MESSAGE][PASSED] - Object: 'Object Repository/Прогноз по отраслям/Фильтр Сравнение с' is clicked on

18-11-2024T04:22:18 - [TEST_STEP][PASSED] - click(findTestObject("Прогноз по отраслям/Факт прошлого года")): Object: 'Object Repository/Прогноз по отраслям/Факт прошлого года' is clicked on

18-11-2024T04:22:19 - [MESSAGE][PASSED] - Object: 'Object Repository/Прогноз по отраслям/Факт прошлого года' is clicked on

18-11-2024T04:22:19 - [TEST_STEP][PASSED] - click(findTestObject("Прогноз по отраслям/Фильтр КПО-Отпуск")): Object: 'Object Repository/Прогноз по отраслям/Фильтр КПО-Отпуск' is clicked on

18-11-2024T04:22:20 - [MESSAGE][PASSED] - Object: 'Object Repository/Прогноз по отраслям/Фильтр КПО-Отпуск' is clicked on

18-11-2024T04:22:20 - [TEST_STEP][PASSED] - click(findTestObject("Прогноз по отраслям/Отпуск")): Object: 'Object Repository/Прогноз по отраслям/Отпуск' is clicked on

18-11-2024T04:22:21 - [MESSAGE][PASSED] - Object: 'Object Repository/Прогноз по отраслям/Отпуск' is clicked on

18-11-2024T04:22:21 - [TEST_STEP][PASSED] - delay(40): Delayed 40 second(s)

18-11-2024T04:23:01 - [MESSAGE][PASSED] - Delayed 40 second(s)

18-11-2024T04:23:01 - [TEST_STEP][PASSED] - a1 = getText(findTestObject("Прогноз по отраслям/Виджеты дашборда")): Text of object 'Object Repository/Прогноз по отраслям/Виджеты дашборда' is: 'Год 
2023 год
Сравнение с 
Факт прошлого года
Динамика электропотребления, млрд. кВт.ч. по ПАО Россети на 2023 год
12 12
186 186
36 36
50 50
10 10
19 19
0 0
17 17
85 85
19 19
82 82
604 604
10 10
197 197
37 37
48 48
10 10
15 15
4 4
18 18
80 80
19 19
82 82
608 608
Факт прошлого года
Ожидаемое (прогноз по конца года)
Интер РАО (дляФСК)
Промышленныепотребители
Транспорт
Нефтедобыча
Нефтепереработка
Нефтепроводы
Газопроводы
Сельскоехозяйство ипищеваяпромышленность
Непромышленныепотребители
Государственные(муниципальные)организации ипрочиебюджетныепотребители
Население иприравненныегруппыпотребителей
Территориальныесетевыеорганизации
Выручка по ПАО Россети на 2023 год
5 5
285 285
72 72
72 72
18 18
22 22
0 0
50 50
201 201
61 61
190 190
227 227
6 6
331 331
82 82
77 77
20 20
20 20
3 3
57 57
220 220
68 68
214 214
258 258
Факт прошлого года
Ожидаемое (прогноз по конца года)
Интер РАО (дляФСК)
Промышленныепотребители
Транспорт
Нефтедобыча
Нефтепереработка
Нефтепроводы
Газопроводы
Сельскоехозяйство ипищеваяпромышленность
Непромышленныепотребители
Государственные(муниципальные)организации ипрочиебюджетныепотребители
Население иприравненныегруппыпотребителей
Территориальныесетевыеорганизации
Отклонения по ПАО Россети на 2023 год
-18.5% -18.5%
5.9% 5.9%
3.6% 3.6%
-3.9% -3.9%
0.9% 0.9%
-20.7% -20.7%
3 313.2% 3 313.2%
3.8% 3.8%
-5.6% -5.6%
1.3% 1.3%
-0.9% -0.9%
0.7% 0.7%
⬤ Отклонение, %
Интер РАО (для ФСК)
Промышленные потребители
Транспорт
Нефтедобыча
Нефтепереработка
Нефтепроводы
Газопроводы
Сельское хозяйство и пищевая пр…
Непромышленные потребители
Государственные (муниципальные…
Население и приравненные групп…
Территориальные сетевые органи…
Выручка отклонения по ПАО Россети на 2023 год
7.7% 7.7%
16.0% 16.0%
13.2% 13.2%
6.7% 6.7%
13.3% 13.3%
-7.7% -7.7%
1 331.5% 1 331.5%
14.2% 14.2%
9.9% 9.9%
12.0% 12.0%
12.4% 12.4%
13.7% 13.7%
⬤ Отклонение, %
Интер РАО (для ФСК)
Промышленные потребители
Транспорт
Нефтедобыча
Нефтепереработка
Нефтепроводы
Газопроводы
Сельское хозяйство и пищевая пр…
Непромышленные потребители
Государственные (муниципальные…
Население и приравненные групп…
Территориальные сетевые органи…
абс.
%
Прогноз на месяц 
Ноябрь
КПО/Отпуск из сети 
Отпуск из сети, млн. кВт.ч
Организация 
Все
Прогноз электропотребления и выручки за услуги по передаче в разрезе отраслей'

18-11-2024T04:23:02 - [MESSAGE][PASSED] - Text of object 'Object Repository/Прогноз по отраслям/Виджеты дашборда' is: 'Год 
2023 год
Сравнение с 
Факт прошлого года
Динамика электропотребления, млрд. кВт.ч. по ПАО Россети на 2023 год
12 12
186 186
36 36
50 50
10 10
19 19
0 0
17 17
85 85
19 19
82 82
604 604
10 10
197 197
37 37
48 48
10 10
15 15
4 4
18 18
80 80
19 19
82 82
608 608
Факт прошлого года
Ожидаемое (прогноз по конца года)
Интер РАО (дляФСК)
Промышленныепотребители
Транспорт
Нефтедобыча
Нефтепереработка
Нефтепроводы
Газопроводы
Сельскоехозяйство ипищеваяпромышленность
Непромышленныепотребители
Государственные(муниципальные)организации ипрочиебюджетныепотребители
Население иприравненныегруппыпотребителей
Территориальныесетевыеорганизации
Выручка по ПАО Россети на 2023 год
5 5
285 285
72 72
72 72
18 18
22 22
0 0
50 50
201 201
61 61
190 190
227 227
6 6
331 331
82 82
77 77
20 20
20 20
3 3
57 57
220 220
68 68
214 214
258 258
Факт прошлого года
Ожидаемое (прогноз по конца года)
Интер РАО (дляФСК)
Промышленныепотребители
Транспорт
Нефтедобыча
Нефтепереработка
Нефтепроводы
Газопроводы
Сельскоехозяйство ипищеваяпромышленность
Непромышленныепотребители
Государственные(муниципальные)организации ипрочиебюджетныепотребители
Население иприравненныегруппыпотребителей
Территориальныесетевыеорганизации
Отклонения по ПАО Россети на 2023 год
-18.5% -18.5%
5.9% 5.9%
3.6% 3.6%
-3.9% -3.9%
0.9% 0.9%
-20.7% -20.7%
3 313.2% 3 313.2%
3.8% 3.8%
-5.6% -5.6%
1.3% 1.3%
-0.9% -0.9%
0.7% 0.7%
⬤ Отклонение, %
Интер РАО (для ФСК)
Промышленные потребители
Транспорт
Нефтедобыча
Нефтепереработка
Нефтепроводы
Газопроводы
Сельское хозяйство и пищевая пр…
Непромышленные потребители
Государственные (муниципальные…
Население и приравненные групп…
Территориальные сетевые органи…
Выручка отклонения по ПАО Россети на 2023 год
7.7% 7.7%
16.0% 16.0%
13.2% 13.2%
6.7% 6.7%
13.3% 13.3%
-7.7% -7.7%
1 331.5% 1 331.5%
14.2% 14.2%
9.9% 9.9%
12.0% 12.0%
12.4% 12.4%
13.7% 13.7%
⬤ Отклонение, %
Интер РАО (для ФСК)
Промышленные потребители
Транспорт
Нефтедобыча
Нефтепереработка
Нефтепроводы
Газопроводы
Сельское хозяйство и пищевая пр…
Непромышленные потребители
Государственные (муниципальные…
Население и приравненные групп…
Территориальные сетевые органи…
абс.
%
Прогноз на месяц 
Ноябрь
КПО/Отпуск из сети 
Отпуск из сети, млн. кВт.ч
Организация 
Все
Прогноз электропотребления и выручки за услуги по передаче в разрезе отраслей'

18-11-2024T04:23:02 - [TEST_STEP][PASSED] - a1 = a1.replaceAll("[^0-9]", ""): null

18-11-2024T04:23:02 - [TEST_STEP][PASSED] - println("a1:" + a1): null

18-11-2024T04:23:02 - [TEST_STEP][PASSED] - click(findTestObject("Прогноз по отраслям/Фильтр Сравнение с")): Object: 'Object Repository/Прогноз по отраслям/Фильтр Сравнение с' is clicked on

18-11-2024T04:23:02 - [MESSAGE][PASSED] - Object: 'Object Repository/Прогноз по отраслям/Фильтр Сравнение с' is clicked on

18-11-2024T04:23:02 - [TEST_STEP][PASSED] - click(findTestObject("Прогноз по отраслям/План")): Object: 'Object Repository/Прогноз по отраслям/План' is clicked on

18-11-2024T04:23:03 - [MESSAGE][PASSED] - Object: 'Object Repository/Прогноз по отраслям/План' is clicked on

18-11-2024T04:23:03 - [TEST_STEP][PASSED] - delay(40): Delayed 40 second(s)

18-11-2024T04:23:43 - [MESSAGE][PASSED] - Delayed 40 second(s)

18-11-2024T04:23:43 - [TEST_STEP][PASSED] - a2 = getText(findTestObject("Прогноз по отраслям/Виджеты дашборда")): Text of object 'Object Repository/Прогноз по отраслям/Виджеты дашборда' is: 'Год 
2023 год
Сравнение с 
План
Динамика электропотребления, млрд. кВт.ч. по ПАО Россети на 2023 год
10 10
190 190
36 36
14 14
9 9
14 14
4 4
17 17
80 80
19 19
82 82
588 588
10 10
197 197
37 37
48 48
10 10
15 15
4 4
18 18
80 80
19 19
82 82
608 608
План
Ожидаемое (прогноз по конца года)
Интер РАО (дляФСК)
Промышленныепотребители
Транспорт
Нефтедобыча
Нефтепереработка
Нефтепроводы
Газопроводы
Сельскоехозяйство ипищеваяпромышленность
Непромышленныепотребители
Государственные(муниципальные)организации ипрочиебюджетныепотребители
Население иприравненныегруппыпотребителей
Территориальныесетевыеорганизации
Выручка по ПАО Россети на 2023 год
5 5
319 319
81 81
16 16
16 16
20 20
2 2
56 56
215 215
67 67
218 218
239 239
6 6
331 331
82 82
77 77
20 20
20 20
3 3
57 57
220 220
68 68
214 214
258 258
План
Ожидаемое (прогноз по конца года)
Интер РАО (дляФСК)
Промышленныепотребители
Транспорт
Нефтедобыча
Нефтепереработка
Нефтепроводы
Газопроводы
Сельскоехозяйство ипищеваяпромышленность
Непромышленныепотребители
Государственные(муниципальные)организации ипрочиебюджетныепотребители
Население иприравненныегруппыпотребителей
Территориальныесетевыеорганизации
Отклонения по ПАО Россети на 2023 год
-4.7% -4.7%
3.8% 3.8%
1.9% 1.9%
230.3% 230.3%
10.9% 10.9%
4.2% 4.2%
21.7% 21.7%
3.9% 3.9%
-0.6% -0.6%
1.6% 1.6%
-1.0% -1.0%
3.3% 3.3%
⬤ Отклонение, %
Интер РАО (для ФСК)
Промышленные потребители
Транспорт
Нефтедобыча
Нефтепереработка
Нефтепроводы
Газопроводы
Сельское хозяйство и пищевая пр…
Непромышленные потребители
Государственные (муниципальные…
Население и приравненные групп…
Территориальные сетевые органи…
Выручка отклонения по ПАО Россети на 2023 год
15.6% 15.6%
3.8% 3.8%
1.2% 1.2%
398.2% 398.2%
26.9% 26.9%
-0.6% -0.6%
26.9% 26.9%
1.5% 1.5%
2.7% 2.7%
2.0% 2.0%
-2.0% -2.0%
7.9% 7.9%
⬤ Отклонение, %
Интер РАО (для ФСК)
Промышленные потребители
Транспорт
Нефтедобыча
Нефтепереработка
Нефтепроводы
Газопроводы
Сельское хозяйство и пищевая пр…
Непромышленные потребители
Государственные (муниципальные…
Население и приравненные групп…
Территориальные сетевые органи…
абс.
%
Прогноз на месяц 
Ноябрь
КПО/Отпуск из сети 
Отпуск из сети, млн. кВт.ч
Организация 
Все
Прогноз электропотребления и выручки за услуги по передаче в разрезе отраслей'

18-11-2024T04:23:44 - [MESSAGE][PASSED] - Text of object 'Object Repository/Прогноз по отраслям/Виджеты дашборда' is: 'Год 
2023 год
Сравнение с 
План
Динамика электропотребления, млрд. кВт.ч. по ПАО Россети на 2023 год
10 10
190 190
36 36
14 14
9 9
14 14
4 4
17 17
80 80
19 19
82 82
588 588
10 10
197 197
37 37
48 48
10 10
15 15
4 4
18 18
80 80
19 19
82 82
608 608
План
Ожидаемое (прогноз по конца года)
Интер РАО (дляФСК)
Промышленныепотребители
Транспорт
Нефтедобыча
Нефтепереработка
Нефтепроводы
Газопроводы
Сельскоехозяйство ипищеваяпромышленность
Непромышленныепотребители
Государственные(муниципальные)организации ипрочиебюджетныепотребители
Население иприравненныегруппыпотребителей
Территориальныесетевыеорганизации
Выручка по ПАО Россети на 2023 год
5 5
319 319
81 81
16 16
16 16
20 20
2 2
56 56
215 215
67 67
218 218
239 239
6 6
331 331
82 82
77 77
20 20
20 20
3 3
57 57
220 220
68 68
214 214
258 258
План
Ожидаемое (прогноз по конца года)
Интер РАО (дляФСК)
Промышленныепотребители
Транспорт
Нефтедобыча
Нефтепереработка
Нефтепроводы
Газопроводы
Сельскоехозяйство ипищеваяпромышленность
Непромышленныепотребители
Государственные(муниципальные)организации ипрочиебюджетныепотребители
Население иприравненныегруппыпотребителей
Территориальныесетевыеорганизации
Отклонения по ПАО Россети на 2023 год
-4.7% -4.7%
3.8% 3.8%
1.9% 1.9%
230.3% 230.3%
10.9% 10.9%
4.2% 4.2%
21.7% 21.7%
3.9% 3.9%
-0.6% -0.6%
1.6% 1.6%
-1.0% -1.0%
3.3% 3.3%
⬤ Отклонение, %
Интер РАО (для ФСК)
Промышленные потребители
Транспорт
Нефтедобыча
Нефтепереработка
Нефтепроводы
Газопроводы
Сельское хозяйство и пищевая пр…
Непромышленные потребители
Государственные (муниципальные…
Население и приравненные групп…
Территориальные сетевые органи…
Выручка отклонения по ПАО Россети на 2023 год
15.6% 15.6%
3.8% 3.8%
1.2% 1.2%
398.2% 398.2%
26.9% 26.9%
-0.6% -0.6%
26.9% 26.9%
1.5% 1.5%
2.7% 2.7%
2.0% 2.0%
-2.0% -2.0%
7.9% 7.9%
⬤ Отклонение, %
Интер РАО (для ФСК)
Промышленные потребители
Транспорт
Нефтедобыча
Нефтепереработка
Нефтепроводы
Газопроводы
Сельское хозяйство и пищевая пр…
Непромышленные потребители
Государственные (муниципальные…
Население и приравненные групп…
Территориальные сетевые органи…
абс.
%
Прогноз на месяц 
Ноябрь
КПО/Отпуск из сети 
Отпуск из сети, млн. кВт.ч
Организация 
Все
Прогноз электропотребления и выручки за услуги по передаче в разрезе отраслей'

18-11-2024T04:23:44 - [TEST_STEP][PASSED] - a2 = a2.replaceAll("[^0-9]", ""): null

18-11-2024T04:23:44 - [TEST_STEP][PASSED] - println("a2:" + a2): null

18-11-2024T04:23:44 - [TEST_STEP][PASSED] - click(findTestObject("Прогноз по отраслям/Фильтр Сравнение с")): Object: 'Object Repository/Прогноз по отраслям/Фильтр Сравнение с' is clicked on

18-11-2024T04:23:44 - [MESSAGE][PASSED] - Object: 'Object Repository/Прогноз по отраслям/Фильтр Сравнение с' is clicked on

18-11-2024T04:23:44 - [TEST_STEP][PASSED] - click(findTestObject("Прогноз по отраслям/План СУ")): Object: 'Object Repository/Прогноз по отраслям/План СУ' is clicked on

18-11-2024T04:23:45 - [MESSAGE][PASSED] - Object: 'Object Repository/Прогноз по отраслям/План СУ' is clicked on

18-11-2024T04:23:45 - [TEST_STEP][PASSED] - delay(40): Delayed 40 second(s)

18-11-2024T04:24:25 - [MESSAGE][PASSED] - Delayed 40 second(s)

18-11-2024T04:24:25 - [TEST_STEP][PASSED] - a3 = getText(findTestObject("Прогноз по отраслям/Виджеты дашборда")): Text of object 'Object Repository/Прогноз по отраслям/Виджеты дашборда' is: 'Год 
2023 год
Сравнение с 
План/СУ
Динамика электропотребления, млрд. кВт.ч. по ПАО Россети на 2023 год
10 10
186 186
36 36
15 15
9 9
14 14
4 4
17 17
88 88
19 19
83 83
597 597
10 10
197 197
37 37
48 48
10 10
15 15
4 4
18 18
80 80
19 19
82 82
608 608
СУ
Ожидаемое (прогноз по конца года)
Интер РАО (дляФСК)
Промышленныепотребители
Транспорт
Нефтедобыча
Нефтепереработка
Нефтепроводы
Газопроводы
Сельскоехозяйство ипищеваяпромышленность
Непромышленныепотребители
Государственные(муниципальные)организации ипрочиебюджетныепотребители
Население иприравненныегруппыпотребителей
Территориальныесетевыеорганизации
Выручка по ПАО Россети на 2023 год
6 6
331 331
82 82
77 77
20 20
20 20
3 3
57 57
220 220
68 68
214 214
258 258
Ожидаемое (прогноз по конца года)
Интер РАО (дляФСК)
Промышленныепотребители
Транспорт
Нефтедобыча
Нефтепереработка
Нефтепроводы
Газопроводы
Сельскоехозяйство ипищеваяпромышленность
Непромышленныепотребители
Государственные(муниципальные)организации ипрочиебюджетныепотребители
Население иприравненныегруппыпотребителей
Территориальныесетевыеорганизации
Отклонения по ПАО Россети на 2023 год
2.5% 2.5%
5.9% 5.9%
1.9% 1.9%
219.1% 219.1%
11.7% 11.7%
1.9% 1.9%
13.1% 13.1%
3.5% 3.5%
-8.7% -8.7%
0.2% 0.2%
-1.6% -1.6%
1.8% 1.8%
⬤ Отклонение, %
Интер РАО (для ФСК)
Промышленные потребители
Транспорт
Нефтедобыча
Нефтепереработка
Нефтепроводы
Газопроводы
Сельское хозяйство и пищевая пр…
Непромышленные потребители
Государственные (муниципальные…
Население и приравненные групп…
Территориальные сетевые органи…
Выручка отклонения по ПАО Россети на 2023 год
⬤ Отклонение, %
Интер РАО (для ФСК)
Промышленные потребители
Транспорт
Нефтедобыча
Нефтепереработка
Нефтепроводы
Газопроводы
Сельское хозяйство и пищевая пр…
Непромышленные потребители
Государственные (муниципальные…
Население и приравненные групп…
Территориальные сетевые органи…
абс.
%
Прогноз на месяц 
Ноябрь
КПО/Отпуск из сети 
Отпуск из сети, млн. кВт.ч
Организация 
Все
Прогноз электропотребления и выручки за услуги по передаче в разрезе отраслей'

18-11-2024T04:24:25 - [MESSAGE][PASSED] - Text of object 'Object Repository/Прогноз по отраслям/Виджеты дашборда' is: 'Год 
2023 год
Сравнение с 
План/СУ
Динамика электропотребления, млрд. кВт.ч. по ПАО Россети на 2023 год
10 10
186 186
36 36
15 15
9 9
14 14
4 4
17 17
88 88
19 19
83 83
597 597
10 10
197 197
37 37
48 48
10 10
15 15
4 4
18 18
80 80
19 19
82 82
608 608
СУ
Ожидаемое (прогноз по конца года)
Интер РАО (дляФСК)
Промышленныепотребители
Транспорт
Нефтедобыча
Нефтепереработка
Нефтепроводы
Газопроводы
Сельскоехозяйство ипищеваяпромышленность
Непромышленныепотребители
Государственные(муниципальные)организации ипрочиебюджетныепотребители
Население иприравненныегруппыпотребителей
Территориальныесетевыеорганизации
Выручка по ПАО Россети на 2023 год
6 6
331 331
82 82
77 77
20 20
20 20
3 3
57 57
220 220
68 68
214 214
258 258
Ожидаемое (прогноз по конца года)
Интер РАО (дляФСК)
Промышленныепотребители
Транспорт
Нефтедобыча
Нефтепереработка
Нефтепроводы
Газопроводы
Сельскоехозяйство ипищеваяпромышленность
Непромышленныепотребители
Государственные(муниципальные)организации ипрочиебюджетныепотребители
Население иприравненныегруппыпотребителей
Территориальныесетевыеорганизации
Отклонения по ПАО Россети на 2023 год
2.5% 2.5%
5.9% 5.9%
1.9% 1.9%
219.1% 219.1%
11.7% 11.7%
1.9% 1.9%
13.1% 13.1%
3.5% 3.5%
-8.7% -8.7%
0.2% 0.2%
-1.6% -1.6%
1.8% 1.8%
⬤ Отклонение, %
Интер РАО (для ФСК)
Промышленные потребители
Транспорт
Нефтедобыча
Нефтепереработка
Нефтепроводы
Газопроводы
Сельское хозяйство и пищевая пр…
Непромышленные потребители
Государственные (муниципальные…
Население и приравненные групп…
Территориальные сетевые органи…
Выручка отклонения по ПАО Россети на 2023 год
⬤ Отклонение, %
Интер РАО (для ФСК)
Промышленные потребители
Транспорт
Нефтедобыча
Нефтепереработка
Нефтепроводы
Газопроводы
Сельское хозяйство и пищевая пр…
Непромышленные потребители
Государственные (муниципальные…
Население и приравненные групп…
Территориальные сетевые органи…
абс.
%
Прогноз на месяц 
Ноябрь
КПО/Отпуск из сети 
Отпуск из сети, млн. кВт.ч
Организация 
Все
Прогноз электропотребления и выручки за услуги по передаче в разрезе отраслей'

18-11-2024T04:24:25 - [TEST_STEP][PASSED] - a3 = a3.replaceAll("[^0-9]", ""): null

18-11-2024T04:24:25 - [TEST_STEP][PASSED] - println("a3:" + a3): null

18-11-2024T04:24:25 - [TEST_STEP][PASSED] - click(findTestObject("Прогноз по отраслям/Фильтр Сравнение с")): Object: 'Object Repository/Прогноз по отраслям/Фильтр Сравнение с' is clicked on

18-11-2024T04:24:26 - [MESSAGE][PASSED] - Object: 'Object Repository/Прогноз по отраслям/Фильтр Сравнение с' is clicked on

18-11-2024T04:24:26 - [TEST_STEP][PASSED] - click(findTestObject("Прогноз по отраслям/Факт прошлого года")): Object: 'Object Repository/Прогноз по отраслям/Факт прошлого года' is clicked on

18-11-2024T04:24:27 - [MESSAGE][PASSED] - Object: 'Object Repository/Прогноз по отраслям/Факт прошлого года' is clicked on

18-11-2024T04:24:27 - [TEST_STEP][PASSED] - click(findTestObject("Прогноз по отраслям/Фильтр КПО-Отпуск")): Object: 'Object Repository/Прогноз по отраслям/Фильтр КПО-Отпуск' is clicked on

18-11-2024T04:24:29 - [MESSAGE][PASSED] - Object: 'Object Repository/Прогноз по отраслям/Фильтр КПО-Отпуск' is clicked on

18-11-2024T04:24:29 - [TEST_STEP][PASSED] - click(findTestObject("Прогноз по отраслям/КПО")): Object: 'Object Repository/Прогноз по отраслям/КПО' is clicked on

18-11-2024T04:24:29 - [MESSAGE][PASSED] - Object: 'Object Repository/Прогноз по отраслям/КПО' is clicked on

18-11-2024T04:24:29 - [TEST_STEP][PASSED] - delay(40): Delayed 40 second(s)

18-11-2024T04:25:09 - [MESSAGE][PASSED] - Delayed 40 second(s)

18-11-2024T04:25:09 - [TEST_STEP][PASSED] - a4 = getText(findTestObject("Прогноз по отраслям/Виджеты дашборда")): Text of object 'Object Repository/Прогноз по отраслям/Виджеты дашборда' is: 'Год 
2023 год
Сравнение с 
Факт прошлого года
Динамика электропотребления, млрд. кВт.ч. по ПАО Россети на 2023 год
0 0
120 120
38 38
41 41
8 8
10 10
0 0
19 19
77 77
25 25
122 122
61 61
0 0
120 120
39 39
39 39
8 8
8 8
1 1
20 20
78 78
26 26
121 121
60 60
Факт прошлого года
Ожидаемое (прогноз по конца года)
Интер РАО (дляФСК)
Промышленныепотребители
Транспорт
Нефтедобыча
Нефтепереработка
Нефтепроводы
Газопроводы
Сельскоехозяйство ипищеваяпромышленность
Непромышленныепотребители
Государственные(муниципальные)организации ипрочиебюджетныепотребители
Население иприравненныегруппыпотребителей
Территориальныесетевыеорганизации
Выручка по ПАО Россети на 2023 год
5 5
285 285
72 72
72 72
18 18
22 22
0 0
50 50
201 201
61 61
190 190
227 227
6 6
331 331
82 82
77 77
20 20
20 20
3 3
57 57
220 220
68 68
214 214
258 258
Факт прошлого года
Ожидаемое (прогноз по конца года)
Интер РАО (дляФСК)
Промышленныепотребители
Транспорт
Нефтедобыча
Нефтепереработка
Нефтепроводы
Газопроводы
Сельскоехозяйство ипищеваяпромышленность
Непромышленныепотребители
Государственные(муниципальные)организации ипрочиебюджетныепотребители
Население иприравненныегруппыпотребителей
Территориальныесетевыеорганизации
Отклонения по ПАО Россети на 2023 год
0.5% 0.5%
0.9% 0.9%
-5.9% -5.9%
3.1% 3.1%
-17.9% -17.9%
578.4% 578.4%
2.3% 2.3%
1.8% 1.8%
2.1% 2.1%
-0.9% -0.9%
-0.2% -0.2%
⬤ Отклонение, %
Интер РАО (для ФСК)
Промышленные потребители
Транспорт
Нефтедобыча
Нефтепереработка
Нефтепроводы
Газопроводы
Сельское хозяйство и пищевая пр…
Непромышленные потребители
Государственные (муниципальные…
Население и приравненные групп…
Территориальные сетевые органи…
Выручка отклонения по ПАО Россети на 2023 год
7.7% 7.7%
16.0% 16.0%
13.2% 13.2%
6.7% 6.7%
13.3% 13.3%
-7.7% -7.7%
1 331.5% 1 331.5%
14.2% 14.2%
9.9% 9.9%
12.0% 12.0%
12.4% 12.4%
13.7% 13.7%
⬤ Отклонение, %
Интер РАО (для ФСК)
Промышленные потребители
Транспорт
Нефтедобыча
Нефтепереработка
Нефтепроводы
Газопроводы
Сельское хозяйство и пищевая пр…
Непромышленные потребители
Государственные (муниципальные…
Население и приравненные групп…
Территориальные сетевые органи…
абс.
%
Прогноз на месяц 
Ноябрь
КПО/Отпуск из сети 
Котловой полезный отпуск, млн. кВт.ч
Организация 
Все
Прогноз электропотребления и выручки за услуги по передаче в разрезе отраслей'

18-11-2024T04:25:10 - [MESSAGE][PASSED] - Text of object 'Object Repository/Прогноз по отраслям/Виджеты дашборда' is: 'Год 
2023 год
Сравнение с 
Факт прошлого года
Динамика электропотребления, млрд. кВт.ч. по ПАО Россети на 2023 год
0 0
120 120
38 38
41 41
8 8
10 10
0 0
19 19
77 77
25 25
122 122
61 61
0 0
120 120
39 39
39 39
8 8
8 8
1 1
20 20
78 78
26 26
121 121
60 60
Факт прошлого года
Ожидаемое (прогноз по конца года)
Интер РАО (дляФСК)
Промышленныепотребители
Транспорт
Нефтедобыча
Нефтепереработка
Нефтепроводы
Газопроводы
Сельскоехозяйство ипищеваяпромышленность
Непромышленныепотребители
Государственные(муниципальные)организации ипрочиебюджетныепотребители
Население иприравненныегруппыпотребителей
Территориальныесетевыеорганизации
Выручка по ПАО Россети на 2023 год
5 5
285 285
72 72
72 72
18 18
22 22
0 0
50 50
201 201
61 61
190 190
227 227
6 6
331 331
82 82
77 77
20 20
20 20
3 3
57 57
220 220
68 68
214 214
258 258
Факт прошлого года
Ожидаемое (прогноз по конца года)
Интер РАО (дляФСК)
Промышленныепотребители
Транспорт
Нефтедобыча
Нефтепереработка
Нефтепроводы
Газопроводы
Сельскоехозяйство ипищеваяпромышленность
Непромышленныепотребители
Государственные(муниципальные)организации ипрочиебюджетныепотребители
Население иприравненныегруппыпотребителей
Территориальныесетевыеорганизации
Отклонения по ПАО Россети на 2023 год
0.5% 0.5%
0.9% 0.9%
-5.9% -5.9%
3.1% 3.1%
-17.9% -17.9%
578.4% 578.4%
2.3% 2.3%
1.8% 1.8%
2.1% 2.1%
-0.9% -0.9%
-0.2% -0.2%
⬤ Отклонение, %
Интер РАО (для ФСК)
Промышленные потребители
Транспорт
Нефтедобыча
Нефтепереработка
Нефтепроводы
Газопроводы
Сельское хозяйство и пищевая пр…
Непромышленные потребители
Государственные (муниципальные…
Население и приравненные групп…
Территориальные сетевые органи…
Выручка отклонения по ПАО Россети на 2023 год
7.7% 7.7%
16.0% 16.0%
13.2% 13.2%
6.7% 6.7%
13.3% 13.3%
-7.7% -7.7%
1 331.5% 1 331.5%
14.2% 14.2%
9.9% 9.9%
12.0% 12.0%
12.4% 12.4%
13.7% 13.7%
⬤ Отклонение, %
Интер РАО (для ФСК)
Промышленные потребители
Транспорт
Нефтедобыча
Нефтепереработка
Нефтепроводы
Газопроводы
Сельское хозяйство и пищевая пр…
Непромышленные потребители
Государственные (муниципальные…
Население и приравненные групп…
Территориальные сетевые органи…
абс.
%
Прогноз на месяц 
Ноябрь
КПО/Отпуск из сети 
Котловой полезный отпуск, млн. кВт.ч
Организация 
Все
Прогноз электропотребления и выручки за услуги по передаче в разрезе отраслей'

18-11-2024T04:25:10 - [TEST_STEP][PASSED] - a4 = a4.replaceAll("[^0-9]", ""): null

18-11-2024T04:25:10 - [TEST_STEP][PASSED] - println("a4:" + a4): null

18-11-2024T04:25:10 - [TEST_STEP][PASSED] - click(findTestObject("Прогноз по отраслям/Фильтр Сравнение с")): Object: 'Object Repository/Прогноз по отраслям/Фильтр Сравнение с' is clicked on

18-11-2024T04:25:10 - [MESSAGE][PASSED] - Object: 'Object Repository/Прогноз по отраслям/Фильтр Сравнение с' is clicked on

18-11-2024T04:25:10 - [TEST_STEP][PASSED] - click(findTestObject("Прогноз по отраслям/План")): Object: 'Object Repository/Прогноз по отраслям/План' is clicked on

18-11-2024T04:25:11 - [MESSAGE][PASSED] - Object: 'Object Repository/Прогноз по отраслям/План' is clicked on

18-11-2024T04:25:11 - [TEST_STEP][PASSED] - delay(40): Delayed 40 second(s)

18-11-2024T04:25:51 - [MESSAGE][PASSED] - Delayed 40 second(s)

18-11-2024T04:25:51 - [TEST_STEP][PASSED] - a5 = getText(findTestObject("Прогноз по отраслям/Виджеты дашборда")): Text of object 'Object Repository/Прогноз по отраслям/Виджеты дашборда' is: 'Год 
2023 год
Сравнение с 
План
Динамика электропотребления, млрд. кВт.ч. по ПАО Россети на 2023 год
0 0
119 119
37 37
7 7
7 7
8 8
1 1
19 19
75 75
25 25
123 123
55 55
0 0
120 120
39 39
39 39
8 8
8 8
1 1
20 20
78 78
26 26
121 121
60 60
План
Ожидаемое (прогноз по конца года)
Интер РАО (дляФСК)
Промышленныепотребители
Транспорт
Нефтедобыча
Нефтепереработка
Нефтепроводы
Газопроводы
Сельскоехозяйство ипищеваяпромышленность
Непромышленныепотребители
Государственные(муниципальные)организации ипрочиебюджетныепотребители
Население иприравненныегруппыпотребителей
Территориальныесетевыеорганизации
Выручка по ПАО Россети на 2023 год
5 5
319 319
81 81
16 16
16 16
20 20
2 2
56 56
215 215
67 67
218 218
239 239
6 6
331 331
82 82
77 77
20 20
20 20
3 3
57 57
220 220
68 68
214 214
258 258
План
Ожидаемое (прогноз по конца года)
Интер РАО (дляФСК)
Промышленныепотребители
Транспорт
Нефтедобыча
Нефтепереработка
Нефтепроводы
Газопроводы
Сельскоехозяйство ипищеваяпромышленность
Непромышленныепотребители
Государственные(муниципальные)организации ипрочиебюджетныепотребители
Население иприравненныегруппыпотребителей
Территориальныесетевыеорганизации
Отклонения по ПАО Россети на 2023 год
1.2% 1.2%
3.2% 3.2%
492.1% 492.1%
18.1% 18.1%
4.4% 4.4%
11.9% 11.9%
1.2% 1.2%
4.1% 4.1%
2.4% 2.4%
-1.4% -1.4%
9.7% 9.7%
⬤ Отклонение, %
Интер РАО (для ФСК)
Промышленные потребители
Транспорт
Нефтедобыча
Нефтепереработка
Нефтепроводы
Газопроводы
Сельское хозяйство и пищевая пр…
Непромышленные потребители
Государственные (муниципальные…
Население и приравненные групп…
Территориальные сетевые органи…
Выручка отклонения по ПАО Россети на 2023 год
15.6% 15.6%
3.8% 3.8%
1.2% 1.2%
398.2% 398.2%
26.9% 26.9%
-0.6% -0.6%
26.9% 26.9%
1.5% 1.5%
2.7% 2.7%
2.0% 2.0%
-2.0% -2.0%
7.9% 7.9%
⬤ Отклонение, %
Интер РАО (для ФСК)
Промышленные потребители
Транспорт
Нефтедобыча
Нефтепереработка
Нефтепроводы
Газопроводы
Сельское хозяйство и пищевая пр…
Непромышленные потребители
Государственные (муниципальные…
Население и приравненные групп…
Территориальные сетевые органи…
абс.
%
Прогноз на месяц 
Ноябрь
КПО/Отпуск из сети 
Котловой полезный отпуск, млн. кВт.ч
Организация 
Все
Прогноз электропотребления и выручки за услуги по передаче в разрезе отраслей'

18-11-2024T04:25:52 - [MESSAGE][PASSED] - Text of object 'Object Repository/Прогноз по отраслям/Виджеты дашборда' is: 'Год 
2023 год
Сравнение с 
План
Динамика электропотребления, млрд. кВт.ч. по ПАО Россети на 2023 год
0 0
119 119
37 37
7 7
7 7
8 8
1 1
19 19
75 75
25 25
123 123
55 55
0 0
120 120
39 39
39 39
8 8
8 8
1 1
20 20
78 78
26 26
121 121
60 60
План
Ожидаемое (прогноз по конца года)
Интер РАО (дляФСК)
Промышленныепотребители
Транспорт
Нефтедобыча
Нефтепереработка
Нефтепроводы
Газопроводы
Сельскоехозяйство ипищеваяпромышленность
Непромышленныепотребители
Государственные(муниципальные)организации ипрочиебюджетныепотребители
Население иприравненныегруппыпотребителей
Территориальныесетевыеорганизации
Выручка по ПАО Россети на 2023 год
5 5
319 319
81 81
16 16
16 16
20 20
2 2
56 56
215 215
67 67
218 218
239 239
6 6
331 331
82 82
77 77
20 20
20 20
3 3
57 57
220 220
68 68
214 214
258 258
План
Ожидаемое (прогноз по конца года)
Интер РАО (дляФСК)
Промышленныепотребители
Транспорт
Нефтедобыча
Нефтепереработка
Нефтепроводы
Газопроводы
Сельскоехозяйство ипищеваяпромышленность
Непромышленныепотребители
Государственные(муниципальные)организации ипрочиебюджетныепотребители
Население иприравненныегруппыпотребителей
Территориальныесетевыеорганизации
Отклонения по ПАО Россети на 2023 год
1.2% 1.2%
3.2% 3.2%
492.1% 492.1%
18.1% 18.1%
4.4% 4.4%
11.9% 11.9%
1.2% 1.2%
4.1% 4.1%
2.4% 2.4%
-1.4% -1.4%
9.7% 9.7%
⬤ Отклонение, %
Интер РАО (для ФСК)
Промышленные потребители
Транспорт
Нефтедобыча
Нефтепереработка
Нефтепроводы
Газопроводы
Сельское хозяйство и пищевая пр…
Непромышленные потребители
Государственные (муниципальные…
Население и приравненные групп…
Территориальные сетевые органи…
Выручка отклонения по ПАО Россети на 2023 год
15.6% 15.6%
3.8% 3.8%
1.2% 1.2%
398.2% 398.2%
26.9% 26.9%
-0.6% -0.6%
26.9% 26.9%
1.5% 1.5%
2.7% 2.7%
2.0% 2.0%
-2.0% -2.0%
7.9% 7.9%
⬤ Отклонение, %
Интер РАО (для ФСК)
Промышленные потребители
Транспорт
Нефтедобыча
Нефтепереработка
Нефтепроводы
Газопроводы
Сельское хозяйство и пищевая пр…
Непромышленные потребители
Государственные (муниципальные…
Население и приравненные групп…
Территориальные сетевые органи…
абс.
%
Прогноз на месяц 
Ноябрь
КПО/Отпуск из сети 
Котловой полезный отпуск, млн. кВт.ч
Организация 
Все
Прогноз электропотребления и выручки за услуги по передаче в разрезе отраслей'

18-11-2024T04:25:52 - [TEST_STEP][PASSED] - println("a5:" + a5): null

18-11-2024T04:25:52 - [TEST_STEP][PASSED] - a5 = a5.replaceAll("[^0-9]", ""): null

18-11-2024T04:25:52 - [TEST_STEP][PASSED] - println("a5:" + a5): null

18-11-2024T04:25:52 - [TEST_STEP][PASSED] - click(findTestObject("Прогноз по отраслям/Фильтр Сравнение с")): Object: 'Object Repository/Прогноз по отраслям/Фильтр Сравнение с' is clicked on

18-11-2024T04:25:52 - [MESSAGE][PASSED] - Object: 'Object Repository/Прогноз по отраслям/Фильтр Сравнение с' is clicked on

18-11-2024T04:25:52 - [TEST_STEP][PASSED] - click(findTestObject("Прогноз по отраслям/План СУ")): Object: 'Object Repository/Прогноз по отраслям/План СУ' is clicked on

18-11-2024T04:25:53 - [MESSAGE][PASSED] - Object: 'Object Repository/Прогноз по отраслям/План СУ' is clicked on

18-11-2024T04:25:53 - [TEST_STEP][PASSED] - delay(40): Delayed 40 second(s)

18-11-2024T04:26:33 - [MESSAGE][PASSED] - Delayed 40 second(s)

18-11-2024T04:26:33 - [TEST_STEP][PASSED] - a6 = getText(findTestObject("Прогноз по отраслям/Виджеты дашборда")): Text of object 'Object Repository/Прогноз по отраслям/Виджеты дашборда' is: 'Год 
2023 год
Сравнение с 
План/СУ
Динамика электропотребления, млрд. кВт.ч. по ПАО Россети на 2023 год
0 0
0 0
0 0
0 0
0 0
0 0
0 0
0 0
0 0
0 0
0 0
0 0
0 0
120 120
39 39
39 39
8 8
8 8
1 1
20 20
78 78
26 26
121 121
60 60
СУ
Ожидаемое (прогноз по конца года)
Интер РАО (дляФСК)
Промышленныепотребители
Транспорт
Нефтедобыча
Нефтепереработка
Нефтепроводы
Газопроводы
Сельскоехозяйство ипищеваяпромышленность
Непромышленныепотребители
Государственные(муниципальные)организации ипрочиебюджетныепотребители
Население иприравненныегруппыпотребителей
Территориальныесетевыеорганизации
Выручка по ПАО Россети на 2023 год
6 6
331 331
82 82
77 77
20 20
20 20
3 3
57 57
220 220
68 68
214 214
258 258
Ожидаемое (прогноз по конца года)
Интер РАО (дляФСК)
Промышленныепотребители
Транспорт
Нефтедобыча
Нефтепереработка
Нефтепроводы
Газопроводы
Сельскоехозяйство ипищеваяпромышленность
Непромышленныепотребители
Государственные(муниципальные)организации ипрочиебюджетныепотребители
Население иприравненныегруппыпотребителей
Территориальныесетевыеорганизации
Отклонения по ПАО Россети на 2023 год
⬤ Отклонение, %
Интер РАО (для ФСК)
Промышленные потребители
Транспорт
Нефтедобыча
Нефтепереработка
Нефтепроводы
Газопроводы
Сельское хозяйство и пищевая пр…
Непромышленные потребители
Государственные (муниципальные…
Население и приравненные групп…
Территориальные сетевые органи…
Выручка отклонения по ПАО Россети на 2023 год
⬤ Отклонение, %
Интер РАО (для ФСК)
Промышленные потребители
Транспорт
Нефтедобыча
Нефтепереработка
Нефтепроводы
Газопроводы
Сельское хозяйство и пищевая пр…
Непромышленные потребители
Государственные (муниципальные…
Население и приравненные групп…
Территориальные сетевые органи…
абс.
%
Прогноз на месяц 
Ноябрь
КПО/Отпуск из сети 
Котловой полезный отпуск, млн. кВт.ч
Организация 
Все
Прогноз электропотребления и выручки за услуги по передаче в разрезе отраслей'

18-11-2024T04:26:33 - [MESSAGE][PASSED] - Text of object 'Object Repository/Прогноз по отраслям/Виджеты дашборда' is: 'Год 
2023 год
Сравнение с 
План/СУ
Динамика электропотребления, млрд. кВт.ч. по ПАО Россети на 2023 год
0 0
0 0
0 0
0 0
0 0
0 0
0 0
0 0
0 0
0 0
0 0
0 0
0 0
120 120
39 39
39 39
8 8
8 8
1 1
20 20
78 78
26 26
121 121
60 60
СУ
Ожидаемое (прогноз по конца года)
Интер РАО (дляФСК)
Промышленныепотребители
Транспорт
Нефтедобыча
Нефтепереработка
Нефтепроводы
Газопроводы
Сельскоехозяйство ипищеваяпромышленность
Непромышленныепотребители
Государственные(муниципальные)организации ипрочиебюджетныепотребители
Население иприравненныегруппыпотребителей
Территориальныесетевыеорганизации
Выручка по ПАО Россети на 2023 год
6 6
331 331
82 82
77 77
20 20
20 20
3 3
57 57
220 220
68 68
214 214
258 258
Ожидаемое (прогноз по конца года)
Интер РАО (дляФСК)
Промышленныепотребители
Транспорт
Нефтедобыча
Нефтепереработка
Нефтепроводы
Газопроводы
Сельскоехозяйство ипищеваяпромышленность
Непромышленныепотребители
Государственные(муниципальные)организации ипрочиебюджетныепотребители
Население иприравненныегруппыпотребителей
Территориальныесетевыеорганизации
Отклонения по ПАО Россети на 2023 год
⬤ Отклонение, %
Интер РАО (для ФСК)
Промышленные потребители
Транспорт
Нефтедобыча
Нефтепереработка
Нефтепроводы
Газопроводы
Сельское хозяйство и пищевая пр…
Непромышленные потребители
Государственные (муниципальные…
Население и приравненные групп…
Территориальные сетевые органи…
Выручка отклонения по ПАО Россети на 2023 год
⬤ Отклонение, %
Интер РАО (для ФСК)
Промышленные потребители
Транспорт
Нефтедобыча
Нефтепереработка
Нефтепроводы
Газопроводы
Сельское хозяйство и пищевая пр…
Непромышленные потребители
Государственные (муниципальные…
Население и приравненные групп…
Территориальные сетевые органи…
абс.
%
Прогноз на месяц 
Ноябрь
КПО/Отпуск из сети 
Котловой полезный отпуск, млн. кВт.ч
Организация 
Все
Прогноз электропотребления и выручки за услуги по передаче в разрезе отраслей'

18-11-2024T04:26:33 - [TEST_STEP][PASSED] - a6 = a6.replaceAll("[^0-9]", ""): null

18-11-2024T04:26:33 - [TEST_STEP][PASSED] - println("a6:" + a6): null

18-11-2024T04:26:33 - [TEST_STEP][PASSED] - click(findTestObject("Прогноз по отраслям/Переключить отображение с процентов на абс Блок руководителя")): Object: 'Object Repository/Прогноз по отраслям/Переключить отображение с процентов на абс Блок руководителя' is clicked on

18-11-2024T04:26:34 - [MESSAGE][PASSED] - Object: 'Object Repository/Прогноз по отраслям/Переключить отображение с процентов на абс Блок руководителя' is clicked on

18-11-2024T04:26:34 - [TEST_STEP][PASSED] - click(findTestObject("Прогноз по отраслям/Фильтр Сравнение с")): Object: 'Object Repository/Прогноз по отраслям/Фильтр Сравнение с' is clicked on

18-11-2024T04:26:34 - [MESSAGE][PASSED] - Object: 'Object Repository/Прогноз по отраслям/Фильтр Сравнение с' is clicked on

18-11-2024T04:26:34 - [TEST_STEP][PASSED] - click(findTestObject("Прогноз по отраслям/Факт прошлого года")): Object: 'Object Repository/Прогноз по отраслям/Факт прошлого года' is clicked on

18-11-2024T04:26:35 - [MESSAGE][PASSED] - Object: 'Object Repository/Прогноз по отраслям/Факт прошлого года' is clicked on

18-11-2024T04:26:35 - [TEST_STEP][PASSED] - click(findTestObject("Прогноз по отраслям/Фильтр КПО-Отпуск")): Object: 'Object Repository/Прогноз по отраслям/Фильтр КПО-Отпуск' is clicked on

18-11-2024T04:26:38 - [MESSAGE][PASSED] - Object: 'Object Repository/Прогноз по отраслям/Фильтр КПО-Отпуск' is clicked on

18-11-2024T04:26:38 - [TEST_STEP][PASSED] - click(findTestObject("Прогноз по отраслям/Отпуск")): Object: 'Object Repository/Прогноз по отраслям/Отпуск' is clicked on

18-11-2024T04:26:38 - [MESSAGE][PASSED] - Object: 'Object Repository/Прогноз по отраслям/Отпуск' is clicked on

18-11-2024T04:26:38 - [TEST_STEP][PASSED] - delay(40): Delayed 40 second(s)

18-11-2024T04:27:18 - [MESSAGE][PASSED] - Delayed 40 second(s)

18-11-2024T04:27:18 - [TEST_STEP][PASSED] - a7 = getText(findTestObject("Прогноз по отраслям/Виджеты дашборда")): Text of object 'Object Repository/Прогноз по отраслям/Виджеты дашборда' is: 'Год 
2023 год
Сравнение с 
Факт прошлого года
Отклонения по ПАО Россети на 2023 год
-2 263.5 -2 263.5
11 054.6 11 054.6
1 280.2 1 280.2
-1 947.5 -1 947.5
90.9 90.9
-3 845.0 -3 845.0
4 162.1 4 162.1
651.7 651.7
-4 727.7 -4 727.7
256.5 256.5
-723.9 -723.9
4 292.3 4 292.3
⬤ Отклонение, млн. кВт.ч
Интер РАО (для ФСК)
Промышленные потребители
Транспорт
Нефтедобыча
Нефтепереработка
Нефтепроводы
Газопроводы
Сельское хозяйство и пищевая пр…
Непромышленные потребители
Государственные (муниципальные…
Население и приравненные групп…
Территориальные сетевые органи…
Выручка отклонения по ПАО Россети на 2023 год
421.3 421.3
45 574.9 45 574.9
9 547.5 9 547.5
4 889.3 4 889.3
2 337.4 2 337.4
-1 682.6 -1 682.6
2 919.4 2 919.4
7 110.2 7 110.2
19 840.8 19 840.8
7 289.5 7 289.5
23 664.8 23 664.8
31 028.3 31 028.3
⬤ Отклонение, млн. руб.
Интер РАО (для ФСК)
Промышленные потребители
Транспорт
Нефтедобыча
Нефтепереработка
Нефтепроводы
Газопроводы
Сельское хозяйство и пищевая пр…
Непромышленные потребители
Государственные (муниципальные…
Население и приравненные групп…
Территориальные сетевые органи…
Динамика электропотребления, млрд. кВт.ч. по ПАО Россети на 2023 год
12 12
186 186
36 36
50 50
10 10
19 19
0 0
17 17
85 85
19 19
82 82
604 604
10 10
197 197
37 37
48 48
10 10
15 15
4 4
18 18
80 80
19 19
82 82
608 608
Факт прошлого года
Ожидаемое (прогноз по конца года)
Интер РАО (дляФСК)
Промышленныепотребители
Транспорт
Нефтедобыча
Нефтепереработка
Нефтепроводы
Газопроводы
Сельскоехозяйство ипищеваяпромышленность
Непромышленныепотребители
Государственные(муниципальные)организации ипрочиебюджетныепотребители
Население иприравненныегруппыпотребителей
Территориальныесетевыеорганизации
Выручка по ПАО Россети на 2023 год
5 5
285 285
72 72
72 72
18 18
22 22
0 0
50 50
201 201
61 61
190 190
227 227
6 6
331 331
82 82
77 77
20 20
20 20
3 3
57 57
220 220
68 68
214 214
258 258
Факт прошлого года
Ожидаемое (прогноз по конца года)
Интер РАО (дляФСК)
Промышленныепотребители
Транспорт
Нефтедобыча
Нефтепереработка
Нефтепроводы
Газопроводы
Сельскоехозяйство ипищеваяпромышленность
Непромышленныепотребители
Государственные(муниципальные)организации ипрочиебюджетныепотребители
Население иприравненныегруппыпотребителей
Территориальныесетевыеорганизации
абс.
%
Прогноз на месяц 
Ноябрь
КПО/Отпуск из сети 
Отпуск из сети, млн. кВт.ч
Организация 
Все
Прогноз электропотребления и выручки за услуги по передаче в разрезе отраслей'

18-11-2024T04:27:19 - [MESSAGE][PASSED] - Text of object 'Object Repository/Прогноз по отраслям/Виджеты дашборда' is: 'Год 
2023 год
Сравнение с 
Факт прошлого года
Отклонения по ПАО Россети на 2023 год
-2 263.5 -2 263.5
11 054.6 11 054.6
1 280.2 1 280.2
-1 947.5 -1 947.5
90.9 90.9
-3 845.0 -3 845.0
4 162.1 4 162.1
651.7 651.7
-4 727.7 -4 727.7
256.5 256.5
-723.9 -723.9
4 292.3 4 292.3
⬤ Отклонение, млн. кВт.ч
Интер РАО (для ФСК)
Промышленные потребители
Транспорт
Нефтедобыча
Нефтепереработка
Нефтепроводы
Газопроводы
Сельское хозяйство и пищевая пр…
Непромышленные потребители
Государственные (муниципальные…
Население и приравненные групп…
Территориальные сетевые органи…
Выручка отклонения по ПАО Россети на 2023 год
421.3 421.3
45 574.9 45 574.9
9 547.5 9 547.5
4 889.3 4 889.3
2 337.4 2 337.4
-1 682.6 -1 682.6
2 919.4 2 919.4
7 110.2 7 110.2
19 840.8 19 840.8
7 289.5 7 289.5
23 664.8 23 664.8
31 028.3 31 028.3
⬤ Отклонение, млн. руб.
Интер РАО (для ФСК)
Промышленные потребители
Транспорт
Нефтедобыча
Нефтепереработка
Нефтепроводы
Газопроводы
Сельское хозяйство и пищевая пр…
Непромышленные потребители
Государственные (муниципальные…
Население и приравненные групп…
Территориальные сетевые органи…
Динамика электропотребления, млрд. кВт.ч. по ПАО Россети на 2023 год
12 12
186 186
36 36
50 50
10 10
19 19
0 0
17 17
85 85
19 19
82 82
604 604
10 10
197 197
37 37
48 48
10 10
15 15
4 4
18 18
80 80
19 19
82 82
608 608
Факт прошлого года
Ожидаемое (прогноз по конца года)
Интер РАО (дляФСК)
Промышленныепотребители
Транспорт
Нефтедобыча
Нефтепереработка
Нефтепроводы
Газопроводы
Сельскоехозяйство ипищеваяпромышленность
Непромышленныепотребители
Государственные(муниципальные)организации ипрочиебюджетныепотребители
Население иприравненныегруппыпотребителей
Территориальныесетевыеорганизации
Выручка по ПАО Россети на 2023 год
5 5
285 285
72 72
72 72
18 18
22 22
0 0
50 50
201 201
61 61
190 190
227 227
6 6
331 331
82 82
77 77
20 20
20 20
3 3
57 57
220 220
68 68
214 214
258 258
Факт прошлого года
Ожидаемое (прогноз по конца года)
Интер РАО (дляФСК)
Промышленныепотребители
Транспорт
Нефтедобыча
Нефтепереработка
Нефтепроводы
Газопроводы
Сельскоехозяйство ипищеваяпромышленность
Непромышленныепотребители
Государственные(муниципальные)организации ипрочиебюджетныепотребители
Население иприравненныегруппыпотребителей
Территориальныесетевыеорганизации
абс.
%
Прогноз на месяц 
Ноябрь
КПО/Отпуск из сети 
Отпуск из сети, млн. кВт.ч
Организация 
Все
Прогноз электропотребления и выручки за услуги по передаче в разрезе отраслей'

18-11-2024T04:27:19 - [TEST_STEP][PASSED] - a7 = a7.replaceAll("[^0-9]", ""): null

18-11-2024T04:27:19 - [TEST_STEP][PASSED] - println("a7:" + a7): null

18-11-2024T04:27:19 - [TEST_STEP][PASSED] - click(findTestObject("Прогноз по отраслям/Фильтр Сравнение с")): Object: 'Object Repository/Прогноз по отраслям/Фильтр Сравнение с' is clicked on

18-11-2024T04:27:19 - [MESSAGE][PASSED] - Object: 'Object Repository/Прогноз по отраслям/Фильтр Сравнение с' is clicked on

18-11-2024T04:27:19 - [TEST_STEP][PASSED] - click(findTestObject("Прогноз по отраслям/План")): Object: 'Object Repository/Прогноз по отраслям/План' is clicked on

18-11-2024T04:27:20 - [MESSAGE][PASSED] - Object: 'Object Repository/Прогноз по отраслям/План' is clicked on

18-11-2024T04:27:20 - [TEST_STEP][PASSED] - delay(40): Delayed 40 second(s)

18-11-2024T04:28:00 - [MESSAGE][PASSED] - Delayed 40 second(s)

18-11-2024T04:28:00 - [TEST_STEP][PASSED] - a8 = getText(findTestObject("Прогноз по отраслям/Виджеты дашборда")): Text of object 'Object Repository/Прогноз по отраслям/Виджеты дашборда' is: 'Год 
2023 год
Сравнение с 
План
Отклонения по ПАО Россети на 2023 год
-492.2 -492.2
7 165.1 7 165.1
689.3 689.3
33 271.7 33 271.7
986.4 986.4
593.8 593.8
764.0 764.0
670.4 670.4
-592.4 -592.4
308.8 308.8
-940.9 -940.9
19 604.1 19 604.1
⬤ Отклонение, млн. кВт.ч
Интер РАО (для ФСК)
Промышленные потребители
Транспорт
Нефтедобыча
Нефтепереработка
Нефтепроводы
Газопроводы
Сельское хозяйство и пищевая пр…
Непромышленные потребители
Государственные (муниципальные…
Население и приравненные групп…
Территориальные сетевые органи…
Выручка отклонения по ПАО Россети на 2023 год
794.9 794.9
12 195.0 12 195.0
972.7 972.7
61 803.9 61 803.9
4 222.3 4 222.3
-121.8 -121.8
666.2 666.2
873.2 873.2
5 809.6 5 809.6
1 342.6 1 342.6
-4 463.2 -4 463.2
18 375.5 18 375.5
⬤ Отклонение, млн. руб.
Интер РАО (для ФСК)
Промышленные потребители
Транспорт
Нефтедобыча
Нефтепереработка
Нефтепроводы
Газопроводы
Сельское хозяйство и пищевая пр…
Непромышленные потребители
Государственные (муниципальные…
Население и приравненные групп…
Территориальные сетевые органи…
Динамика электропотребления, млрд. кВт.ч. по ПАО Россети на 2023 год
10 10
190 190
36 36
14 14
9 9
14 14
4 4
17 17
80 80
19 19
82 82
588 588
10 10
197 197
37 37
48 48
10 10
15 15
4 4
18 18
80 80
19 19
82 82
608 608
План
Ожидаемое (прогноз по конца года)
Интер РАО (дляФСК)
Промышленныепотребители
Транспорт
Нефтедобыча
Нефтепереработка
Нефтепроводы
Газопроводы
Сельскоехозяйство ипищеваяпромышленность
Непромышленныепотребители
Государственные(муниципальные)организации ипрочиебюджетныепотребители
Население иприравненныегруппыпотребителей
Территориальныесетевыеорганизации
Выручка по ПАО Россети на 2023 год
5 5
319 319
81 81
16 16
16 16
20 20
2 2
56 56
215 215
67 67
218 218
239 239
6 6
331 331
82 82
77 77
20 20
20 20
3 3
57 57
220 220
68 68
214 214
258 258
План
Ожидаемое (прогноз по конца года)
Интер РАО (дляФСК)
Промышленныепотребители
Транспорт
Нефтедобыча
Нефтепереработка
Нефтепроводы
Газопроводы
Сельскоехозяйство ипищеваяпромышленность
Непромышленныепотребители
Государственные(муниципальные)организации ипрочиебюджетныепотребители
Население иприравненныегруппыпотребителей
Территориальныесетевыеорганизации
абс.
%
Прогноз на месяц 
Ноябрь
КПО/Отпуск из сети 
Отпуск из сети, млн. кВт.ч
Организация 
Все
Прогноз электропотребления и выручки за услуги по передаче в разрезе отраслей'

18-11-2024T04:28:01 - [MESSAGE][PASSED] - Text of object 'Object Repository/Прогноз по отраслям/Виджеты дашборда' is: 'Год 
2023 год
Сравнение с 
План
Отклонения по ПАО Россети на 2023 год
-492.2 -492.2
7 165.1 7 165.1
689.3 689.3
33 271.7 33 271.7
986.4 986.4
593.8 593.8
764.0 764.0
670.4 670.4
-592.4 -592.4
308.8 308.8
-940.9 -940.9
19 604.1 19 604.1
⬤ Отклонение, млн. кВт.ч
Интер РАО (для ФСК)
Промышленные потребители
Транспорт
Нефтедобыча
Нефтепереработка
Нефтепроводы
Газопроводы
Сельское хозяйство и пищевая пр…
Непромышленные потребители
Государственные (муниципальные…
Население и приравненные групп…
Территориальные сетевые органи…
Выручка отклонения по ПАО Россети на 2023 год
794.9 794.9
12 195.0 12 195.0
972.7 972.7
61 803.9 61 803.9
4 222.3 4 222.3
-121.8 -121.8
666.2 666.2
873.2 873.2
5 809.6 5 809.6
1 342.6 1 342.6
-4 463.2 -4 463.2
18 375.5 18 375.5
⬤ Отклонение, млн. руб.
Интер РАО (для ФСК)
Промышленные потребители
Транспорт
Нефтедобыча
Нефтепереработка
Нефтепроводы
Газопроводы
Сельское хозяйство и пищевая пр…
Непромышленные потребители
Государственные (муниципальные…
Население и приравненные групп…
Территориальные сетевые органи…
Динамика электропотребления, млрд. кВт.ч. по ПАО Россети на 2023 год
10 10
190 190
36 36
14 14
9 9
14 14
4 4
17 17
80 80
19 19
82 82
588 588
10 10
197 197
37 37
48 48
10 10
15 15
4 4
18 18
80 80
19 19
82 82
608 608
План
Ожидаемое (прогноз по конца года)
Интер РАО (дляФСК)
Промышленныепотребители
Транспорт
Нефтедобыча
Нефтепереработка
Нефтепроводы
Газопроводы
Сельскоехозяйство ипищеваяпромышленность
Непромышленныепотребители
Государственные(муниципальные)организации ипрочиебюджетныепотребители
Население иприравненныегруппыпотребителей
Территориальныесетевыеорганизации
Выручка по ПАО Россети на 2023 год
5 5
319 319
81 81
16 16
16 16
20 20
2 2
56 56
215 215
67 67
218 218
239 239
6 6
331 331
82 82
77 77
20 20
20 20
3 3
57 57
220 220
68 68
214 214
258 258
План
Ожидаемое (прогноз по конца года)
Интер РАО (дляФСК)
Промышленныепотребители
Транспорт
Нефтедобыча
Нефтепереработка
Нефтепроводы
Газопроводы
Сельскоехозяйство ипищеваяпромышленность
Непромышленныепотребители
Государственные(муниципальные)организации ипрочиебюджетныепотребители
Население иприравненныегруппыпотребителей
Территориальныесетевыеорганизации
абс.
%
Прогноз на месяц 
Ноябрь
КПО/Отпуск из сети 
Отпуск из сети, млн. кВт.ч
Организация 
Все
Прогноз электропотребления и выручки за услуги по передаче в разрезе отраслей'

18-11-2024T04:28:01 - [TEST_STEP][PASSED] - a8 = a8.replaceAll("[^0-9]", ""): null

18-11-2024T04:28:01 - [TEST_STEP][PASSED] - println("a8:" + a8): null

18-11-2024T04:28:01 - [TEST_STEP][PASSED] - click(findTestObject("Прогноз по отраслям/Фильтр Сравнение с")): Object: 'Object Repository/Прогноз по отраслям/Фильтр Сравнение с' is clicked on

18-11-2024T04:28:01 - [MESSAGE][PASSED] - Object: 'Object Repository/Прогноз по отраслям/Фильтр Сравнение с' is clicked on

18-11-2024T04:28:01 - [TEST_STEP][PASSED] - click(findTestObject("Прогноз по отраслям/План СУ")): Object: 'Object Repository/Прогноз по отраслям/План СУ' is clicked on

18-11-2024T04:28:02 - [MESSAGE][PASSED] - Object: 'Object Repository/Прогноз по отраслям/План СУ' is clicked on

18-11-2024T04:28:02 - [TEST_STEP][PASSED] - delay(40): Delayed 40 second(s)

18-11-2024T04:28:42 - [MESSAGE][PASSED] - Delayed 40 second(s)

18-11-2024T04:28:42 - [TEST_STEP][PASSED] - a9 = getText(findTestObject("Прогноз по отраслям/Виджеты дашборда")): Text of object 'Object Repository/Прогноз по отраслям/Виджеты дашборда' is: 'Год 
2023 год
Сравнение с 
План/СУ
Отклонения по ПАО Россети на 2023 год
243.5 243.5
11 013.5 11 013.5
674.8 674.8
32 765.3 32 765.3
1 049.4 1 049.4
271.8 271.8
495.2 495.2
588.7 588.7
-7 607.7 -7 607.7
31.9 31.9
-1 318.1 -1 318.1
10 906.5 10 906.5
⬤ Отклонение, млн. кВт.ч
Интер РАО (для ФСК)
Промышленные потребители
Транспорт
Нефтедобыча
Нефтепереработка
Нефтепроводы
Газопроводы
Сельское хозяйство и пищевая пр…
Непромышленные потребители
Государственные (муниципальные…
Население и приравненные групп…
Территориальные сетевые органи…
Выручка отклонения по ПАО Россети на 2023 год
⬤ Отклонение, млн. руб.
Интер РАО (для ФСК)
Промышленные потребители
Транспорт
Нефтедобыча
Нефтепереработка
Нефтепроводы
Газопроводы
Сельское хозяйство и пищевая пр…
Непромышленные потребители
Государственные (муниципальные…
Население и приравненные групп…
Территориальные сетевые органи…
Динамика электропотребления, млрд. кВт.ч. по ПАО Россети на 2023 год
10 10
186 186
36 36
15 15
9 9
14 14
4 4
17 17
88 88
19 19
83 83
597 597
10 10
197 197
37 37
48 48
10 10
15 15
4 4
18 18
80 80
19 19
82 82
608 608
СУ
Ожидаемое (прогноз по конца года)
Интер РАО (дляФСК)
Промышленныепотребители
Транспорт
Нефтедобыча
Нефтепереработка
Нефтепроводы
Газопроводы
Сельскоехозяйство ипищеваяпромышленность
Непромышленныепотребители
Государственные(муниципальные)организации ипрочиебюджетныепотребители
Население иприравненныегруппыпотребителей
Территориальныесетевыеорганизации
Выручка по ПАО Россети на 2023 год
6 6
331 331
82 82
77 77
20 20
20 20
3 3
57 57
220 220
68 68
214 214
258 258
Ожидаемое (прогноз по конца года)
Интер РАО (дляФСК)
Промышленныепотребители
Транспорт
Нефтедобыча
Нефтепереработка
Нефтепроводы
Газопроводы
Сельскоехозяйство ипищеваяпромышленность
Непромышленныепотребители
Государственные(муниципальные)организации ипрочиебюджетныепотребители
Население иприравненныегруппыпотребителей
Территориальныесетевыеорганизации
абс.
%
Прогноз на месяц 
Ноябрь
КПО/Отпуск из сети 
Отпуск из сети, млн. кВт.ч
Организация 
Все
Прогноз электропотребления и выручки за услуги по передаче в разрезе отраслей'

18-11-2024T04:28:43 - [MESSAGE][PASSED] - Text of object 'Object Repository/Прогноз по отраслям/Виджеты дашборда' is: 'Год 
2023 год
Сравнение с 
План/СУ
Отклонения по ПАО Россети на 2023 год
243.5 243.5
11 013.5 11 013.5
674.8 674.8
32 765.3 32 765.3
1 049.4 1 049.4
271.8 271.8
495.2 495.2
588.7 588.7
-7 607.7 -7 607.7
31.9 31.9
-1 318.1 -1 318.1
10 906.5 10 906.5
⬤ Отклонение, млн. кВт.ч
Интер РАО (для ФСК)
Промышленные потребители
Транспорт
Нефтедобыча
Нефтепереработка
Нефтепроводы
Газопроводы
Сельское хозяйство и пищевая пр…
Непромышленные потребители
Государственные (муниципальные…
Население и приравненные групп…
Территориальные сетевые органи…
Выручка отклонения по ПАО Россети на 2023 год
⬤ Отклонение, млн. руб.
Интер РАО (для ФСК)
Промышленные потребители
Транспорт
Нефтедобыча
Нефтепереработка
Нефтепроводы
Газопроводы
Сельское хозяйство и пищевая пр…
Непромышленные потребители
Государственные (муниципальные…
Население и приравненные групп…
Территориальные сетевые органи…
Динамика электропотребления, млрд. кВт.ч. по ПАО Россети на 2023 год
10 10
186 186
36 36
15 15
9 9
14 14
4 4
17 17
88 88
19 19
83 83
597 597
10 10
197 197
37 37
48 48
10 10
15 15
4 4
18 18
80 80
19 19
82 82
608 608
СУ
Ожидаемое (прогноз по конца года)
Интер РАО (дляФСК)
Промышленныепотребители
Транспорт
Нефтедобыча
Нефтепереработка
Нефтепроводы
Газопроводы
Сельскоехозяйство ипищеваяпромышленность
Непромышленныепотребители
Государственные(муниципальные)организации ипрочиебюджетныепотребители
Население иприравненныегруппыпотребителей
Территориальныесетевыеорганизации
Выручка по ПАО Россети на 2023 год
6 6
331 331
82 82
77 77
20 20
20 20
3 3
57 57
220 220
68 68
214 214
258 258
Ожидаемое (прогноз по конца года)
Интер РАО (дляФСК)
Промышленныепотребители
Транспорт
Нефтедобыча
Нефтепереработка
Нефтепроводы
Газопроводы
Сельскоехозяйство ипищеваяпромышленность
Непромышленныепотребители
Государственные(муниципальные)организации ипрочиебюджетныепотребители
Население иприравненныегруппыпотребителей
Территориальныесетевыеорганизации
абс.
%
Прогноз на месяц 
Ноябрь
КПО/Отпуск из сети 
Отпуск из сети, млн. кВт.ч
Организация 
Все
Прогноз электропотребления и выручки за услуги по передаче в разрезе отраслей'

18-11-2024T04:28:43 - [TEST_STEP][PASSED] - a9 = a9.replaceAll("[^0-9]", ""): null

18-11-2024T04:28:43 - [TEST_STEP][PASSED] - println("a9:" + a9): null

18-11-2024T04:28:43 - [TEST_STEP][PASSED] - click(findTestObject("Прогноз по отраслям/Фильтр Сравнение с")): Object: 'Object Repository/Прогноз по отраслям/Фильтр Сравнение с' is clicked on

18-11-2024T04:28:43 - [MESSAGE][PASSED] - Object: 'Object Repository/Прогноз по отраслям/Фильтр Сравнение с' is clicked on

18-11-2024T04:28:43 - [TEST_STEP][PASSED] - click(findTestObject("Прогноз по отраслям/Факт прошлого года")): Object: 'Object Repository/Прогноз по отраслям/Факт прошлого года' is clicked on

18-11-2024T04:28:44 - [MESSAGE][PASSED] - Object: 'Object Repository/Прогноз по отраслям/Факт прошлого года' is clicked on

18-11-2024T04:28:44 - [TEST_STEP][PASSED] - click(findTestObject("Прогноз по отраслям/Фильтр КПО-Отпуск")): Object: 'Object Repository/Прогноз по отраслям/Фильтр КПО-Отпуск' is clicked on

18-11-2024T04:28:46 - [MESSAGE][PASSED] - Object: 'Object Repository/Прогноз по отраслям/Фильтр КПО-Отпуск' is clicked on

18-11-2024T04:28:46 - [TEST_STEP][PASSED] - click(findTestObject("Прогноз по отраслям/КПО")): Object: 'Object Repository/Прогноз по отраслям/КПО' is clicked on

18-11-2024T04:28:46 - [MESSAGE][PASSED] - Object: 'Object Repository/Прогноз по отраслям/КПО' is clicked on

18-11-2024T04:28:46 - [TEST_STEP][PASSED] - delay(40): Delayed 40 second(s)

18-11-2024T04:29:26 - [MESSAGE][PASSED] - Delayed 40 second(s)

18-11-2024T04:29:26 - [TEST_STEP][PASSED] - a10 = getText(findTestObject("Прогноз по отраслям/Виджеты дашборда")): Text of object 'Object Repository/Прогноз по отраслям/Виджеты дашборда' is: 'Год 
2023 год
Сравнение с 
Факт прошлого года
Отклонения по ПАО Россети на 2023 год
0.0 0.0
646.5 646.5
341.1 341.1
-2 455.6 -2 455.6
245.6 245.6
-1 796.0 -1 796.0
676.2 676.2
452.4 452.4
1 386.2 1 386.2
527.5 527.5
-1 130.4 -1 130.4
-128.7 -128.7
⬤ Отклонение, млн. кВт.ч
Интер РАО (для ФСК)
Промышленные потребители
Транспорт
Нефтедобыча
Нефтепереработка
Нефтепроводы
Газопроводы
Сельское хозяйство и пищевая пр…
Непромышленные потребители
Государственные (муниципальные…
Население и приравненные групп…
Территориальные сетевые органи…
Выручка отклонения по ПАО Россети на 2023 год
421.3 421.3
45 574.9 45 574.9
9 547.5 9 547.5
4 889.3 4 889.3
2 337.4 2 337.4
-1 682.6 -1 682.6
2 919.4 2 919.4
7 110.2 7 110.2
19 840.8 19 840.8
7 289.5 7 289.5
23 664.8 23 664.8
31 028.3 31 028.3
⬤ Отклонение, млн. руб.
Интер РАО (для ФСК)
Промышленные потребители
Транспорт
Нефтедобыча
Нефтепереработка
Нефтепроводы
Газопроводы
Сельское хозяйство и пищевая пр…
Непромышленные потребители
Государственные (муниципальные…
Население и приравненные групп…
Территориальные сетевые органи…
Динамика электропотребления, млрд. кВт.ч. по ПАО Россети на 2023 год
0 0
120 120
38 38
41 41
8 8
10 10
0 0
19 19
77 77
25 25
122 122
61 61
0 0
120 120
39 39
39 39
8 8
8 8
1 1
20 20
78 78
26 26
121 121
60 60
Факт прошлого года
Ожидаемое (прогноз по конца года)
Интер РАО (дляФСК)
Промышленныепотребители
Транспорт
Нефтедобыча
Нефтепереработка
Нефтепроводы
Газопроводы
Сельскоехозяйство ипищеваяпромышленность
Непромышленныепотребители
Государственные(муниципальные)организации ипрочиебюджетныепотребители
Население иприравненныегруппыпотребителей
Территориальныесетевыеорганизации
Выручка по ПАО Россети на 2023 год
5 5
285 285
72 72
72 72
18 18
22 22
0 0
50 50
201 201
61 61
190 190
227 227
6 6
331 331
82 82
77 77
20 20
20 20
3 3
57 57
220 220
68 68
214 214
258 258
Факт прошлого года
Ожидаемое (прогноз по конца года)
Интер РАО (дляФСК)
Промышленныепотребители
Транспорт
Нефтедобыча
Нефтепереработка
Нефтепроводы
Газопроводы
Сельскоехозяйство ипищеваяпромышленность
Непромышленныепотребители
Государственные(муниципальные)организации ипрочиебюджетныепотребители
Население иприравненныегруппыпотребителей
Территориальныесетевыеорганизации
абс.
%
Прогноз на месяц 
Ноябрь
КПО/Отпуск из сети 
Котловой полезный отпуск, млн. кВт.ч
Организация 
Все
Прогноз электропотребления и выручки за услуги по передаче в разрезе отраслей'

18-11-2024T04:29:27 - [MESSAGE][PASSED] - Text of object 'Object Repository/Прогноз по отраслям/Виджеты дашборда' is: 'Год 
2023 год
Сравнение с 
Факт прошлого года
Отклонения по ПАО Россети на 2023 год
0.0 0.0
646.5 646.5
341.1 341.1
-2 455.6 -2 455.6
245.6 245.6
-1 796.0 -1 796.0
676.2 676.2
452.4 452.4
1 386.2 1 386.2
527.5 527.5
-1 130.4 -1 130.4
-128.7 -128.7
⬤ Отклонение, млн. кВт.ч
Интер РАО (для ФСК)
Промышленные потребители
Транспорт
Нефтедобыча
Нефтепереработка
Нефтепроводы
Газопроводы
Сельское хозяйство и пищевая пр…
Непромышленные потребители
Государственные (муниципальные…
Население и приравненные групп…
Территориальные сетевые органи…
Выручка отклонения по ПАО Россети на 2023 год
421.3 421.3
45 574.9 45 574.9
9 547.5 9 547.5
4 889.3 4 889.3
2 337.4 2 337.4
-1 682.6 -1 682.6
2 919.4 2 919.4
7 110.2 7 110.2
19 840.8 19 840.8
7 289.5 7 289.5
23 664.8 23 664.8
31 028.3 31 028.3
⬤ Отклонение, млн. руб.
Интер РАО (для ФСК)
Промышленные потребители
Транспорт
Нефтедобыча
Нефтепереработка
Нефтепроводы
Газопроводы
Сельское хозяйство и пищевая пр…
Непромышленные потребители
Государственные (муниципальные…
Население и приравненные групп…
Территориальные сетевые органи…
Динамика электропотребления, млрд. кВт.ч. по ПАО Россети на 2023 год
0 0
120 120
38 38
41 41
8 8
10 10
0 0
19 19
77 77
25 25
122 122
61 61
0 0
120 120
39 39
39 39
8 8
8 8
1 1
20 20
78 78
26 26
121 121
60 60
Факт прошлого года
Ожидаемое (прогноз по конца года)
Интер РАО (дляФСК)
Промышленныепотребители
Транспорт
Нефтедобыча
Нефтепереработка
Нефтепроводы
Газопроводы
Сельскоехозяйство ипищеваяпромышленность
Непромышленныепотребители
Государственные(муниципальные)организации ипрочиебюджетныепотребители
Население иприравненныегруппыпотребителей
Территориальныесетевыеорганизации
Выручка по ПАО Россети на 2023 год
5 5
285 285
72 72
72 72
18 18
22 22
0 0
50 50
201 201
61 61
190 190
227 227
6 6
331 331
82 82
77 77
20 20
20 20
3 3
57 57
220 220
68 68
214 214
258 258
Факт прошлого года
Ожидаемое (прогноз по конца года)
Интер РАО (дляФСК)
Промышленныепотребители
Транспорт
Нефтедобыча
Нефтепереработка
Нефтепроводы
Газопроводы
Сельскоехозяйство ипищеваяпромышленность
Непромышленныепотребители
Государственные(муниципальные)организации ипрочиебюджетныепотребители
Население иприравненныегруппыпотребителей
Территориальныесетевыеорганизации
абс.
%
Прогноз на месяц 
Ноябрь
КПО/Отпуск из сети 
Котловой полезный отпуск, млн. кВт.ч
Организация 
Все
Прогноз электропотребления и выручки за услуги по передаче в разрезе отраслей'

18-11-2024T04:29:27 - [TEST_STEP][PASSED] - a10 = a10.replaceAll("[^0-9]", ""): null

18-11-2024T04:29:27 - [TEST_STEP][PASSED] - println("a10:" + a10): null

18-11-2024T04:29:27 - [TEST_STEP][PASSED] - click(findTestObject("Прогноз по отраслям/Фильтр Сравнение с")): Object: 'Object Repository/Прогноз по отраслям/Фильтр Сравнение с' is clicked on

18-11-2024T04:29:27 - [MESSAGE][PASSED] - Object: 'Object Repository/Прогноз по отраслям/Фильтр Сравнение с' is clicked on

18-11-2024T04:29:27 - [TEST_STEP][PASSED] - click(findTestObject("Прогноз по отраслям/План")): Object: 'Object Repository/Прогноз по отраслям/План' is clicked on

18-11-2024T04:29:28 - [MESSAGE][PASSED] - Object: 'Object Repository/Прогноз по отраслям/План' is clicked on

18-11-2024T04:29:28 - [TEST_STEP][PASSED] - delay(40): Delayed 40 second(s)

18-11-2024T04:30:08 - [MESSAGE][PASSED] - Delayed 40 second(s)

18-11-2024T04:30:08 - [TEST_STEP][PASSED] - a11 = getText(findTestObject("Прогноз по отраслям/Виджеты дашборда")): Text of object 'Object Repository/Прогноз по отраслям/Виджеты дашборда' is: 'Год 
2023 год
Сравнение с 
План
Отклонения по ПАО Россети на 2023 год
0.0 0.0
1 471.7 1 471.7
1 186.5 1 186.5
32 445.2 32 445.2
1 268.3 1 268.3
349.4 349.4
84.3 84.3
239.8 239.8
2 969.4 2 969.4
589.2 589.2
-1 798.4 -1 798.4
5 359.3 5 359.3
⬤ Отклонение, млн. кВт.ч
Интер РАО (для ФСК)
Промышленные потребители
Транспорт
Нефтедобыча
Нефтепереработка
Нефтепроводы
Газопроводы
Сельское хозяйство и пищевая пр…
Непромышленные потребители
Государственные (муниципальные…
Население и приравненные групп…
Территориальные сетевые органи…
Выручка отклонения по ПАО Россети на 2023 год
794.9 794.9
12 195.0 12 195.0
972.7 972.7
61 803.9 61 803.9
4 222.3 4 222.3
-121.8 -121.8
666.2 666.2
873.2 873.2
5 809.6 5 809.6
1 342.6 1 342.6
-4 463.2 -4 463.2
18 375.5 18 375.5
⬤ Отклонение, млн. руб.
Интер РАО (для ФСК)
Промышленные потребители
Транспорт
Нефтедобыча
Нефтепереработка
Нефтепроводы
Газопроводы
Сельское хозяйство и пищевая пр…
Непромышленные потребители
Государственные (муниципальные…
Население и приравненные групп…
Территориальные сетевые органи…
Динамика электропотребления, млрд. кВт.ч. по ПАО Россети на 2023 год
0 0
119 119
37 37
7 7
7 7
8 8
1 1
19 19
75 75
25 25
123 123
55 55
0 0
120 120
39 39
39 39
8 8
8 8
1 1
20 20
78 78
26 26
121 121
60 60
План
Ожидаемое (прогноз по конца года)
Интер РАО (дляФСК)
Промышленныепотребители
Транспорт
Нефтедобыча
Нефтепереработка
Нефтепроводы
Газопроводы
Сельскоехозяйство ипищеваяпромышленность
Непромышленныепотребители
Государственные(муниципальные)организации ипрочиебюджетныепотребители
Население иприравненныегруппыпотребителей
Территориальныесетевыеорганизации
Выручка по ПАО Россети на 2023 год
5 5
319 319
81 81
16 16
16 16
20 20
2 2
56 56
215 215
67 67
218 218
239 239
6 6
331 331
82 82
77 77
20 20
20 20
3 3
57 57
220 220
68 68
214 214
258 258
План
Ожидаемое (прогноз по конца года)
Интер РАО (дляФСК)
Промышленныепотребители
Транспорт
Нефтедобыча
Нефтепереработка
Нефтепроводы
Газопроводы
Сельскоехозяйство ипищеваяпромышленность
Непромышленныепотребители
Государственные(муниципальные)организации ипрочиебюджетныепотребители
Население иприравненныегруппыпотребителей
Территориальныесетевыеорганизации
абс.
%
Прогноз на месяц 
Ноябрь
КПО/Отпуск из сети 
Котловой полезный отпуск, млн. кВт.ч
Организация 
Все
Прогноз электропотребления и выручки за услуги по передаче в разрезе отраслей'

18-11-2024T04:30:09 - [MESSAGE][PASSED] - Text of object 'Object Repository/Прогноз по отраслям/Виджеты дашборда' is: 'Год 
2023 год
Сравнение с 
План
Отклонения по ПАО Россети на 2023 год
0.0 0.0
1 471.7 1 471.7
1 186.5 1 186.5
32 445.2 32 445.2
1 268.3 1 268.3
349.4 349.4
84.3 84.3
239.8 239.8
2 969.4 2 969.4
589.2 589.2
-1 798.4 -1 798.4
5 359.3 5 359.3
⬤ Отклонение, млн. кВт.ч
Интер РАО (для ФСК)
Промышленные потребители
Транспорт
Нефтедобыча
Нефтепереработка
Нефтепроводы
Газопроводы
Сельское хозяйство и пищевая пр…
Непромышленные потребители
Государственные (муниципальные…
Население и приравненные групп…
Территориальные сетевые органи…
Выручка отклонения по ПАО Россети на 2023 год
794.9 794.9
12 195.0 12 195.0
972.7 972.7
61 803.9 61 803.9
4 222.3 4 222.3
-121.8 -121.8
666.2 666.2
873.2 873.2
5 809.6 5 809.6
1 342.6 1 342.6
-4 463.2 -4 463.2
18 375.5 18 375.5
⬤ Отклонение, млн. руб.
Интер РАО (для ФСК)
Промышленные потребители
Транспорт
Нефтедобыча
Нефтепереработка
Нефтепроводы
Газопроводы
Сельское хозяйство и пищевая пр…
Непромышленные потребители
Государственные (муниципальные…
Население и приравненные групп…
Территориальные сетевые органи…
Динамика электропотребления, млрд. кВт.ч. по ПАО Россети на 2023 год
0 0
119 119
37 37
7 7
7 7
8 8
1 1
19 19
75 75
25 25
123 123
55 55
0 0
120 120
39 39
39 39
8 8
8 8
1 1
20 20
78 78
26 26
121 121
60 60
План
Ожидаемое (прогноз по конца года)
Интер РАО (дляФСК)
Промышленныепотребители
Транспорт
Нефтедобыча
Нефтепереработка
Нефтепроводы
Газопроводы
Сельскоехозяйство ипищеваяпромышленность
Непромышленныепотребители
Государственные(муниципальные)организации ипрочиебюджетныепотребители
Население иприравненныегруппыпотребителей
Территориальныесетевыеорганизации
Выручка по ПАО Россети на 2023 год
5 5
319 319
81 81
16 16
16 16
20 20
2 2
56 56
215 215
67 67
218 218
239 239
6 6
331 331
82 82
77 77
20 20
20 20
3 3
57 57
220 220
68 68
214 214
258 258
План
Ожидаемое (прогноз по конца года)
Интер РАО (дляФСК)
Промышленныепотребители
Транспорт
Нефтедобыча
Нефтепереработка
Нефтепроводы
Газопроводы
Сельскоехозяйство ипищеваяпромышленность
Непромышленныепотребители
Государственные(муниципальные)организации ипрочиебюджетныепотребители
Население иприравненныегруппыпотребителей
Территориальныесетевыеорганизации
абс.
%
Прогноз на месяц 
Ноябрь
КПО/Отпуск из сети 
Котловой полезный отпуск, млн. кВт.ч
Организация 
Все
Прогноз электропотребления и выручки за услуги по передаче в разрезе отраслей'

18-11-2024T04:30:09 - [TEST_STEP][PASSED] - println("a11:" + a11): null

18-11-2024T04:30:09 - [TEST_STEP][PASSED] - a11 = a11.replaceAll("[^0-9]", ""): null

18-11-2024T04:30:09 - [TEST_STEP][PASSED] - println("a11:" + a11): null

18-11-2024T04:30:09 - [TEST_STEP][PASSED] - click(findTestObject("Прогноз по отраслям/Фильтр Сравнение с")): Object: 'Object Repository/Прогноз по отраслям/Фильтр Сравнение с' is clicked on

18-11-2024T04:30:09 - [MESSAGE][PASSED] - Object: 'Object Repository/Прогноз по отраслям/Фильтр Сравнение с' is clicked on

18-11-2024T04:30:09 - [TEST_STEP][PASSED] - click(findTestObject("Прогноз по отраслям/План СУ")): Object: 'Object Repository/Прогноз по отраслям/План СУ' is clicked on

18-11-2024T04:30:10 - [MESSAGE][PASSED] - Object: 'Object Repository/Прогноз по отраслям/План СУ' is clicked on

18-11-2024T04:30:10 - [TEST_STEP][PASSED] - delay(40): Delayed 40 second(s)

18-11-2024T04:30:50 - [MESSAGE][PASSED] - Delayed 40 second(s)

18-11-2024T04:30:50 - [TEST_STEP][PASSED] - a12 = getText(findTestObject("Прогноз по отраслям/Виджеты дашборда")): Text of object 'Object Repository/Прогноз по отраслям/Виджеты дашборда' is: 'Год 
2023 год
Сравнение с 
План/СУ
Отклонения по ПАО Россети на 2023 год
0.0 0.0
120 322.6 120 322.6
38 655.4 38 655.4
39 037.8 39 037.8
8 291.7 8 291.7
8 259.5 8 259.5
793.1 793.1
19 706.6 19 706.6
78 310.2 78 310.2
25 579.5 25 579.5
121 219.7 121 219.7
60 414.9 60 414.9
⬤ Отклонение, млн. кВт.ч
Интер РАО (для ФСК)
Промышленные потребители
Транспорт
Нефтедобыча
Нефтепереработка
Нефтепроводы
Газопроводы
Сельское хозяйство и пищевая пр…
Непромышленные потребители
Государственные (муниципальные…
Население и приравненные групп…
Территориальные сетевые органи…
Выручка отклонения по ПАО Россети на 2023 год
⬤ Отклонение, млн. руб.
Интер РАО (для ФСК)
Промышленные потребители
Транспорт
Нефтедобыча
Нефтепереработка
Нефтепроводы
Газопроводы
Сельское хозяйство и пищевая пр…
Непромышленные потребители
Государственные (муниципальные…
Население и приравненные групп…
Территориальные сетевые органи…
Динамика электропотребления, млрд. кВт.ч. по ПАО Россети на 2023 год
0 0
0 0
0 0
0 0
0 0
0 0
0 0
0 0
0 0
0 0
0 0
0 0
0 0
120 120
39 39
39 39
8 8
8 8
1 1
20 20
78 78
26 26
121 121
60 60
СУ
Ожидаемое (прогноз по конца года)
Интер РАО (дляФСК)
Промышленныепотребители
Транспорт
Нефтедобыча
Нефтепереработка
Нефтепроводы
Газопроводы
Сельскоехозяйство ипищеваяпромышленность
Непромышленныепотребители
Государственные(муниципальные)организации ипрочиебюджетныепотребители
Население иприравненныегруппыпотребителей
Территориальныесетевыеорганизации
Выручка по ПАО Россети на 2023 год
6 6
331 331
82 82
77 77
20 20
20 20
3 3
57 57
220 220
68 68
214 214
258 258
Ожидаемое (прогноз по конца года)
Интер РАО (дляФСК)
Промышленныепотребители
Транспорт
Нефтедобыча
Нефтепереработка
Нефтепроводы
Газопроводы
Сельскоехозяйство ипищеваяпромышленность
Непромышленныепотребители
Государственные(муниципальные)организации ипрочиебюджетныепотребители
Население иприравненныегруппыпотребителей
Территориальныесетевыеорганизации
абс.
%
Прогноз на месяц 
Ноябрь
КПО/Отпуск из сети 
Котловой полезный отпуск, млн. кВт.ч
Организация 
Все
Прогноз электропотребления и выручки за услуги по передаче в разрезе отраслей'

18-11-2024T04:30:50 - [MESSAGE][PASSED] - Text of object 'Object Repository/Прогноз по отраслям/Виджеты дашборда' is: 'Год 
2023 год
Сравнение с 
План/СУ
Отклонения по ПАО Россети на 2023 год
0.0 0.0
120 322.6 120 322.6
38 655.4 38 655.4
39 037.8 39 037.8
8 291.7 8 291.7
8 259.5 8 259.5
793.1 793.1
19 706.6 19 706.6
78 310.2 78 310.2
25 579.5 25 579.5
121 219.7 121 219.7
60 414.9 60 414.9
⬤ Отклонение, млн. кВт.ч
Интер РАО (для ФСК)
Промышленные потребители
Транспорт
Нефтедобыча
Нефтепереработка
Нефтепроводы
Газопроводы
Сельское хозяйство и пищевая пр…
Непромышленные потребители
Государственные (муниципальные…
Население и приравненные групп…
Территориальные сетевые органи…
Выручка отклонения по ПАО Россети на 2023 год
⬤ Отклонение, млн. руб.
Интер РАО (для ФСК)
Промышленные потребители
Транспорт
Нефтедобыча
Нефтепереработка
Нефтепроводы
Газопроводы
Сельское хозяйство и пищевая пр…
Непромышленные потребители
Государственные (муниципальные…
Население и приравненные групп…
Территориальные сетевые органи…
Динамика электропотребления, млрд. кВт.ч. по ПАО Россети на 2023 год
0 0
0 0
0 0
0 0
0 0
0 0
0 0
0 0
0 0
0 0
0 0
0 0
0 0
120 120
39 39
39 39
8 8
8 8
1 1
20 20
78 78
26 26
121 121
60 60
СУ
Ожидаемое (прогноз по конца года)
Интер РАО (дляФСК)
Промышленныепотребители
Транспорт
Нефтедобыча
Нефтепереработка
Нефтепроводы
Газопроводы
Сельскоехозяйство ипищеваяпромышленность
Непромышленныепотребители
Государственные(муниципальные)организации ипрочиебюджетныепотребители
Население иприравненныегруппыпотребителей
Территориальныесетевыеорганизации
Выручка по ПАО Россети на 2023 год
6 6
331 331
82 82
77 77
20 20
20 20
3 3
57 57
220 220
68 68
214 214
258 258
Ожидаемое (прогноз по конца года)
Интер РАО (дляФСК)
Промышленныепотребители
Транспорт
Нефтедобыча
Нефтепереработка
Нефтепроводы
Газопроводы
Сельскоехозяйство ипищеваяпромышленность
Непромышленныепотребители
Государственные(муниципальные)организации ипрочиебюджетныепотребители
Население иприравненныегруппыпотребителей
Территориальныесетевыеорганизации
абс.
%
Прогноз на месяц 
Ноябрь
КПО/Отпуск из сети 
Котловой полезный отпуск, млн. кВт.ч
Организация 
Все
Прогноз электропотребления и выручки за услуги по передаче в разрезе отраслей'

18-11-2024T04:30:50 - [TEST_STEP][PASSED] - a12 = a12.replaceAll("[^0-9]", ""): null

18-11-2024T04:30:50 - [TEST_STEP][PASSED] - println("a12:" + a12): null

18-11-2024T04:30:50 - [TEST_STEP][PASSED] - navigateToUrl(findTestData("PlanFact").getValue(10, 12)): Navigate to 'https://bi.rosseti.digital/viewer?dashboardGuid=d218b6eb1b7845df8f1994d6a65c072b&sheetGuid=3059d1e0f28043ee8c80901707e9c246&fit=true' successfully

18-11-2024T04:30:51 - [MESSAGE][PASSED] - Navigate to 'https://bi.rosseti.digital/viewer?dashboardGuid=d218b6eb1b7845df8f1994d6a65c072b&sheetGuid=3059d1e0f28043ee8c80901707e9c246&fit=true' successfully

18-11-2024T04:30:51 - [TEST_STEP][PASSED] - delay(50): Delayed 50 second(s)

18-11-2024T04:31:41 - [MESSAGE][PASSED] - Delayed 50 second(s)

18-11-2024T04:31:41 - [TEST_STEP][PASSED] - click(findTestObject("Прогноз по отраслям/Фильтр месяц Стресс")): Object: 'Object Repository/Прогноз по отраслям/Фильтр месяц Стресс' is clicked on

18-11-2024T04:31:41 - [MESSAGE][PASSED] - Object: 'Object Repository/Прогноз по отраслям/Фильтр месяц Стресс' is clicked on

18-11-2024T04:31:41 - [TEST_STEP][PASSED] - scrollToElement(findTestObject("Прогноз по отраслям/Ноябрь Стресс"), 30): Scroll to object 'Object Repository/Прогноз по отраслям/Ноябрь Стресс' successfully

18-11-2024T04:31:42 - [MESSAGE][PASSED] - Scroll to object 'Object Repository/Прогноз по отраслям/Ноябрь Стресс' successfully

18-11-2024T04:31:42 - [TEST_STEP][PASSED] - click(findTestObject("Прогноз по отраслям/Ноябрь Стресс")): Object: 'Object Repository/Прогноз по отраслям/Ноябрь Стресс' is clicked on

18-11-2024T04:31:43 - [MESSAGE][PASSED] - Object: 'Object Repository/Прогноз по отраслям/Ноябрь Стресс' is clicked on

18-11-2024T04:31:43 - [TEST_STEP][PASSED] - scrollToElement(findTestObject("Прогноз по отраслям/Заголовок дашборда Стресс"), 30): Scroll to object 'Object Repository/Прогноз по отраслям/Заголовок дашборда Стресс' successfully

18-11-2024T04:31:45 - [MESSAGE][PASSED] - Scroll to object 'Object Repository/Прогноз по отраслям/Заголовок дашборда Стресс' successfully

18-11-2024T04:31:45 - [TEST_STEP][PASSED] - click(findTestObject("Прогноз по отраслям/Фильтр Сравнение с Стресс")): Object: 'Object Repository/Прогноз по отраслям/Фильтр Сравнение с Стресс' is clicked on

18-11-2024T04:31:45 - [MESSAGE][PASSED] - Object: 'Object Repository/Прогноз по отраслям/Фильтр Сравнение с Стресс' is clicked on

18-11-2024T04:31:45 - [TEST_STEP][PASSED] - click(findTestObject("Прогноз по отраслям/Факт прошлого года Стресс")): Object: 'Object Repository/Прогноз по отраслям/Факт прошлого года Стресс' is clicked on

18-11-2024T04:31:46 - [MESSAGE][PASSED] - Object: 'Object Repository/Прогноз по отраслям/Факт прошлого года Стресс' is clicked on

18-11-2024T04:31:46 - [TEST_STEP][PASSED] - click(findTestObject("Прогноз по отраслям/Фильтр КПО-Отпуск Стресс")): Object: 'Object Repository/Прогноз по отраслям/Фильтр КПО-Отпуск Стресс' is clicked on

18-11-2024T04:31:48 - [MESSAGE][PASSED] - Object: 'Object Repository/Прогноз по отраслям/Фильтр КПО-Отпуск Стресс' is clicked on

18-11-2024T04:31:48 - [TEST_STEP][PASSED] - click(findTestObject("Прогноз по отраслям/Отпуск Стресс")): Object: 'Object Repository/Прогноз по отраслям/Отпуск Стресс' is clicked on

18-11-2024T04:31:49 - [MESSAGE][PASSED] - Object: 'Object Repository/Прогноз по отраслям/Отпуск Стресс' is clicked on

18-11-2024T04:31:49 - [TEST_STEP][PASSED] - delay(40): Delayed 40 second(s)

18-11-2024T04:32:29 - [MESSAGE][PASSED] - Delayed 40 second(s)

18-11-2024T04:32:29 - [TEST_STEP][PASSED] - b1 = getText(findTestObject("Прогноз по отраслям/Виджеты дашборда")): Text of object 'Object Repository/Прогноз по отраслям/Виджеты дашборда' is: 'Год 
2023 год
Сравнение с 
Факт прошлого года
Динамика электропотребления, млрд. кВт.ч., по ПАО Россети на 2023 год
12 12
186 186
36 36
50 50
10 10
19 19
0 0
17 17
85 85
19 19
82 82
604 604
10 10
197 197
37 37
48 48
10 10
15 15
4 4
18 18
80 80
19 19
82 82
608 608
Факт прошлого года
Ожидаемое (прогноз до конца года)
Интер РАО(для ФСК)
Промышленныепотребители
Транспорт
Нефтедобыча
Нефтеперераб…
Нефтепроводы
Газопроводы
Сельское хозя…
Непромышлен…
Государственн…
Население иприравненныегруппыпотребителей
Территориальн…
Выручка, млрд. руб, по ПАО Россети на 2023 год
5 5
285 285
72 72
72 72
18 18
22 22
0 0
50 50
201 201
61 61
190 190
227 227
6 6
331 331
82 82
77 77
20 20
20 20
3 3
57 57
220 220
68 68
214 214
258 258
Факт прошлого года
Ожидаемое (прогноз до конца года)
Интер РАО(для ФСК)
Промышленныепотребители
Транспорт
Нефтедобыча
Нефтеперераб…
Нефтепроводы
Газопроводы
Сельское хозя…
Непромышлен…
Государственн…
Население иприравненныегруппыпотребителей
Территориальн…
Отклонения по ПАО Россети на 2023 год
-18.5% -18.5%
5.9% 5.9%
3.6% 3.6%
-3.9% -3.9%
0.9% 0.9%
-20.7% -20.7%
3 313.2% 3 313.2%
3.8% 3.8%
-5.6% -5.6%
1.3% 1.3%
-0.9% -0.9%
0.7% 0.7%
⬤ Отклонение, %
Интер РАО (для ФСК)
Промышленные потребители
Транспорт
Нефтедобыча
Нефтепереработка
Нефтепроводы
Газопроводы
Сельское хозяйство и пищевая про…
Непромышленные потребители
Государственные (муниципальные)…
Население и приравненные группы…
Территориальные сетевые организ…
Выручка отклонения по ПАО Россети на 2023 год
7.7% 7.7%
16.0% 16.0%
13.2% 13.2%
6.7% 6.7%
13.3% 13.3%
-7.7% -7.7%
1 331.5% 1 331.5%
14.2% 14.2%
9.9% 9.9%
12.0% 12.0%
12.4% 12.4%
13.7% 13.7%
⬤ Отклонение, %
Интер РАО (для ФСК)
Промышленные потребители
Транспорт
Нефтедобыча
Нефтепереработка
Нефтепроводы
Газопроводы
Сельское хозяйство и пищевая про…
Непромышленные потребители
Государственные (муниципальные)…
Население и приравненные группы…
Территориальные сетевые организ…
абс.
%
Прогноз на месяц 
Ноябрь
КПО/Отпуск из сети 
Отпуск из сети, млн. кВт.ч
Организация 
Все
Прогноз электропотребления и выручки за услуги по передаче в разрезе отраслей'

18-11-2024T04:32:30 - [MESSAGE][PASSED] - Text of object 'Object Repository/Прогноз по отраслям/Виджеты дашборда' is: 'Год 
2023 год
Сравнение с 
Факт прошлого года
Динамика электропотребления, млрд. кВт.ч., по ПАО Россети на 2023 год
12 12
186 186
36 36
50 50
10 10
19 19
0 0
17 17
85 85
19 19
82 82
604 604
10 10
197 197
37 37
48 48
10 10
15 15
4 4
18 18
80 80
19 19
82 82
608 608
Факт прошлого года
Ожидаемое (прогноз до конца года)
Интер РАО(для ФСК)
Промышленныепотребители
Транспорт
Нефтедобыча
Нефтеперераб…
Нефтепроводы
Газопроводы
Сельское хозя…
Непромышлен…
Государственн…
Население иприравненныегруппыпотребителей
Территориальн…
Выручка, млрд. руб, по ПАО Россети на 2023 год
5 5
285 285
72 72
72 72
18 18
22 22
0 0
50 50
201 201
61 61
190 190
227 227
6 6
331 331
82 82
77 77
20 20
20 20
3 3
57 57
220 220
68 68
214 214
258 258
Факт прошлого года
Ожидаемое (прогноз до конца года)
Интер РАО(для ФСК)
Промышленныепотребители
Транспорт
Нефтедобыча
Нефтеперераб…
Нефтепроводы
Газопроводы
Сельское хозя…
Непромышлен…
Государственн…
Население иприравненныегруппыпотребителей
Территориальн…
Отклонения по ПАО Россети на 2023 год
-18.5% -18.5%
5.9% 5.9%
3.6% 3.6%
-3.9% -3.9%
0.9% 0.9%
-20.7% -20.7%
3 313.2% 3 313.2%
3.8% 3.8%
-5.6% -5.6%
1.3% 1.3%
-0.9% -0.9%
0.7% 0.7%
⬤ Отклонение, %
Интер РАО (для ФСК)
Промышленные потребители
Транспорт
Нефтедобыча
Нефтепереработка
Нефтепроводы
Газопроводы
Сельское хозяйство и пищевая про…
Непромышленные потребители
Государственные (муниципальные)…
Население и приравненные группы…
Территориальные сетевые организ…
Выручка отклонения по ПАО Россети на 2023 год
7.7% 7.7%
16.0% 16.0%
13.2% 13.2%
6.7% 6.7%
13.3% 13.3%
-7.7% -7.7%
1 331.5% 1 331.5%
14.2% 14.2%
9.9% 9.9%
12.0% 12.0%
12.4% 12.4%
13.7% 13.7%
⬤ Отклонение, %
Интер РАО (для ФСК)
Промышленные потребители
Транспорт
Нефтедобыча
Нефтепереработка
Нефтепроводы
Газопроводы
Сельское хозяйство и пищевая про…
Непромышленные потребители
Государственные (муниципальные)…
Население и приравненные группы…
Территориальные сетевые организ…
абс.
%
Прогноз на месяц 
Ноябрь
КПО/Отпуск из сети 
Отпуск из сети, млн. кВт.ч
Организация 
Все
Прогноз электропотребления и выручки за услуги по передаче в разрезе отраслей'

18-11-2024T04:32:30 - [TEST_STEP][PASSED] - b1 = b1.replaceAll("[^0-9]", ""): null

18-11-2024T04:32:30 - [TEST_STEP][PASSED] - println("b1:" + b1): null

18-11-2024T04:32:30 - [TEST_STEP][PASSED] - click(findTestObject("Прогноз по отраслям/Фильтр Сравнение с Стресс")): Object: 'Object Repository/Прогноз по отраслям/Фильтр Сравнение с Стресс' is clicked on

18-11-2024T04:32:30 - [MESSAGE][PASSED] - Object: 'Object Repository/Прогноз по отраслям/Фильтр Сравнение с Стресс' is clicked on

18-11-2024T04:32:30 - [TEST_STEP][PASSED] - click(findTestObject("Прогноз по отраслям/План Стресс")): Object: 'Object Repository/Прогноз по отраслям/План Стресс' is clicked on

18-11-2024T04:32:32 - [MESSAGE][PASSED] - Object: 'Object Repository/Прогноз по отраслям/План Стресс' is clicked on

18-11-2024T04:32:32 - [TEST_STEP][PASSED] - delay(40): Delayed 40 second(s)

18-11-2024T04:33:12 - [MESSAGE][PASSED] - Delayed 40 second(s)

18-11-2024T04:33:12 - [TEST_STEP][PASSED] - b2 = getText(findTestObject("Прогноз по отраслям/Виджеты дашборда")): Text of object 'Object Repository/Прогноз по отраслям/Виджеты дашборда' is: 'Год 
2023 год
Сравнение с 
План
Динамика электропотребления, млрд. кВт.ч., по ПАО Россети на 2023 год
10 10
190 190
36 36
14 14
9 9
14 14
4 4
17 17
80 80
19 19
82 82
588 588
10 10
197 197
37 37
48 48
10 10
15 15
4 4
18 18
80 80
19 19
82 82
608 608
План
Ожидаемое (прогноз до конца года)
Интер РАО(для ФСК)
Промышленныепотребители
Транспорт
Нефтедобыча
Нефтеперераб…
Нефтепроводы
Газопроводы
Сельское хозя…
Непромышлен…
Государственн…
Население иприравненныегруппыпотребителей
Территориальн…
Выручка, млрд. руб, по ПАО Россети на 2023 год
5 5
319 319
81 81
16 16
16 16
20 20
2 2
56 56
215 215
67 67
218 218
239 239
6 6
331 331
82 82
77 77
20 20
20 20
3 3
57 57
220 220
68 68
214 214
258 258
План
Ожидаемое (прогноз до конца года)
Интер РАО(для ФСК)
Промышленныепотребители
Транспорт
Нефтедобыча
Нефтеперераб…
Нефтепроводы
Газопроводы
Сельское хозя…
Непромышлен…
Государственн…
Население иприравненныегруппыпотребителей
Территориальн…
Отклонения по ПАО Россети на 2023 год
-4.7% -4.7%
3.8% 3.8%
1.9% 1.9%
230.3% 230.3%
10.9% 10.9%
4.2% 4.2%
21.7% 21.7%
3.9% 3.9%
-0.6% -0.6%
1.6% 1.6%
-1.0% -1.0%
3.3% 3.3%
⬤ Отклонение, %
Интер РАО (для ФСК)
Промышленные потребители
Транспорт
Нефтедобыча
Нефтепереработка
Нефтепроводы
Газопроводы
Сельское хозяйство и пищевая про…
Непромышленные потребители
Государственные (муниципальные)…
Население и приравненные группы…
Территориальные сетевые организ…
Выручка отклонения по ПАО Россети на 2023 год
15.6% 15.6%
3.8% 3.8%
1.2% 1.2%
398.2% 398.2%
26.9% 26.9%
-0.6% -0.6%
26.9% 26.9%
1.5% 1.5%
2.7% 2.7%
2.0% 2.0%
-2.0% -2.0%
7.9% 7.9%
⬤ Отклонение, %
Интер РАО (для ФСК)
Промышленные потребители
Транспорт
Нефтедобыча
Нефтепереработка
Нефтепроводы
Газопроводы
Сельское хозяйство и пищевая про…
Непромышленные потребители
Государственные (муниципальные)…
Население и приравненные группы…
Территориальные сетевые организ…
абс.
%
Прогноз на месяц 
Ноябрь
КПО/Отпуск из сети 
Отпуск из сети, млн. кВт.ч
Организация 
Все
Прогноз электропотребления и выручки за услуги по передаче в разрезе отраслей'

18-11-2024T04:33:12 - [MESSAGE][PASSED] - Text of object 'Object Repository/Прогноз по отраслям/Виджеты дашборда' is: 'Год 
2023 год
Сравнение с 
План
Динамика электропотребления, млрд. кВт.ч., по ПАО Россети на 2023 год
10 10
190 190
36 36
14 14
9 9
14 14
4 4
17 17
80 80
19 19
82 82
588 588
10 10
197 197
37 37
48 48
10 10
15 15
4 4
18 18
80 80
19 19
82 82
608 608
План
Ожидаемое (прогноз до конца года)
Интер РАО(для ФСК)
Промышленныепотребители
Транспорт
Нефтедобыча
Нефтеперераб…
Нефтепроводы
Газопроводы
Сельское хозя…
Непромышлен…
Государственн…
Население иприравненныегруппыпотребителей
Территориальн…
Выручка, млрд. руб, по ПАО Россети на 2023 год
5 5
319 319
81 81
16 16
16 16
20 20
2 2
56 56
215 215
67 67
218 218
239 239
6 6
331 331
82 82
77 77
20 20
20 20
3 3
57 57
220 220
68 68
214 214
258 258
План
Ожидаемое (прогноз до конца года)
Интер РАО(для ФСК)
Промышленныепотребители
Транспорт
Нефтедобыча
Нефтеперераб…
Нефтепроводы
Газопроводы
Сельское хозя…
Непромышлен…
Государственн…
Население иприравненныегруппыпотребителей
Территориальн…
Отклонения по ПАО Россети на 2023 год
-4.7% -4.7%
3.8% 3.8%
1.9% 1.9%
230.3% 230.3%
10.9% 10.9%
4.2% 4.2%
21.7% 21.7%
3.9% 3.9%
-0.6% -0.6%
1.6% 1.6%
-1.0% -1.0%
3.3% 3.3%
⬤ Отклонение, %
Интер РАО (для ФСК)
Промышленные потребители
Транспорт
Нефтедобыча
Нефтепереработка
Нефтепроводы
Газопроводы
Сельское хозяйство и пищевая про…
Непромышленные потребители
Государственные (муниципальные)…
Население и приравненные группы…
Территориальные сетевые организ…
Выручка отклонения по ПАО Россети на 2023 год
15.6% 15.6%
3.8% 3.8%
1.2% 1.2%
398.2% 398.2%
26.9% 26.9%
-0.6% -0.6%
26.9% 26.9%
1.5% 1.5%
2.7% 2.7%
2.0% 2.0%
-2.0% -2.0%
7.9% 7.9%
⬤ Отклонение, %
Интер РАО (для ФСК)
Промышленные потребители
Транспорт
Нефтедобыча
Нефтепереработка
Нефтепроводы
Газопроводы
Сельское хозяйство и пищевая про…
Непромышленные потребители
Государственные (муниципальные)…
Население и приравненные группы…
Территориальные сетевые организ…
абс.
%
Прогноз на месяц 
Ноябрь
КПО/Отпуск из сети 
Отпуск из сети, млн. кВт.ч
Организация 
Все
Прогноз электропотребления и выручки за услуги по передаче в разрезе отраслей'

18-11-2024T04:33:12 - [TEST_STEP][PASSED] - b2 = b2.replaceAll("[^0-9]", ""): null

18-11-2024T04:33:12 - [TEST_STEP][PASSED] - println("b2:" + b2): null

18-11-2024T04:33:12 - [TEST_STEP][PASSED] - click(findTestObject("Прогноз по отраслям/Фильтр Сравнение с Стресс")): Object: 'Object Repository/Прогноз по отраслям/Фильтр Сравнение с Стресс' is clicked on

18-11-2024T04:33:13 - [MESSAGE][PASSED] - Object: 'Object Repository/Прогноз по отраслям/Фильтр Сравнение с Стресс' is clicked on

18-11-2024T04:33:13 - [TEST_STEP][PASSED] - click(findTestObject("Прогноз по отраслям/План СУ Стресс")): Object: 'Object Repository/Прогноз по отраслям/План СУ Стресс' is clicked on

18-11-2024T04:33:14 - [MESSAGE][PASSED] - Object: 'Object Repository/Прогноз по отраслям/План СУ Стресс' is clicked on

18-11-2024T04:33:14 - [TEST_STEP][PASSED] - delay(40): Delayed 40 second(s)

18-11-2024T04:33:54 - [MESSAGE][PASSED] - Delayed 40 second(s)

18-11-2024T04:33:54 - [TEST_STEP][PASSED] - b3 = getText(findTestObject("Прогноз по отраслям/Виджеты дашборда")): Text of object 'Object Repository/Прогноз по отраслям/Виджеты дашборда' is: 'Год 
2023 год
Сравнение с 
План/СУ
Динамика электропотребления, млрд. кВт.ч., по ПАО Россети на 2023 год
10 10
186 186
36 36
15 15
9 9
14 14
4 4
17 17
88 88
19 19
83 83
597 597
10 10
197 197
37 37
48 48
10 10
15 15
4 4
18 18
80 80
19 19
82 82
608 608
СУ
Ожидаемое (прогноз до конца года)
Интер РАО(для ФСК)
Промышленныепотребители
Транспорт
Нефтедобыча
Нефтеперераб…
Нефтепроводы
Газопроводы
Сельское хозя…
Непромышлен…
Государственн…
Население иприравненныегруппыпотребителей
Территориальн…
Выручка, млрд. руб, по ПАО Россети на 2023 год
6 6
331 331
82 82
77 77
20 20
20 20
3 3
57 57
220 220
68 68
214 214
258 258
Ожидаемое (прогноз до конца года)
Интер РАО(для ФСК)
Промышленныепотребители
Транспорт
Нефтедобыча
Нефтеперераб…
Нефтепроводы
Газопроводы
Сельское хозя…
Непромышлен…
Государственн…
Население иприравненныегруппыпотребителей
Территориальн…
Отклонения по ПАО Россети на 2023 год
2.5% 2.5%
5.9% 5.9%
1.9% 1.9%
219.1% 219.1%
11.7% 11.7%
1.9% 1.9%
13.1% 13.1%
3.5% 3.5%
-8.7% -8.7%
0.2% 0.2%
-1.6% -1.6%
1.8% 1.8%
⬤ Отклонение, %
Интер РАО (для ФСК)
Промышленные потребители
Транспорт
Нефтедобыча
Нефтепереработка
Нефтепроводы
Газопроводы
Сельское хозяйство и пищевая про…
Непромышленные потребители
Государственные (муниципальные)…
Население и приравненные группы…
Территориальные сетевые организ…
Выручка отклонения по ПАО Россети на 2023 год
⬤ Отклонение, %
Интер РАО (для ФСК)
Промышленные потребители
Транспорт
Нефтедобыча
Нефтепереработка
Нефтепроводы
Газопроводы
Сельское хозяйство и пищевая про…
Непромышленные потребители
Государственные (муниципальные)…
Население и приравненные группы…
Территориальные сетевые организ…
абс.
%
Прогноз на месяц 
Ноябрь
КПО/Отпуск из сети 
Отпуск из сети, млн. кВт.ч
Организация 
Все
Прогноз электропотребления и выручки за услуги по передаче в разрезе отраслей'

18-11-2024T04:33:55 - [MESSAGE][PASSED] - Text of object 'Object Repository/Прогноз по отраслям/Виджеты дашборда' is: 'Год 
2023 год
Сравнение с 
План/СУ
Динамика электропотребления, млрд. кВт.ч., по ПАО Россети на 2023 год
10 10
186 186
36 36
15 15
9 9
14 14
4 4
17 17
88 88
19 19
83 83
597 597
10 10
197 197
37 37
48 48
10 10
15 15
4 4
18 18
80 80
19 19
82 82
608 608
СУ
Ожидаемое (прогноз до конца года)
Интер РАО(для ФСК)
Промышленныепотребители
Транспорт
Нефтедобыча
Нефтеперераб…
Нефтепроводы
Газопроводы
Сельское хозя…
Непромышлен…
Государственн…
Население иприравненныегруппыпотребителей
Территориальн…
Выручка, млрд. руб, по ПАО Россети на 2023 год
6 6
331 331
82 82
77 77
20 20
20 20
3 3
57 57
220 220
68 68
214 214
258 258
Ожидаемое (прогноз до конца года)
Интер РАО(для ФСК)
Промышленныепотребители
Транспорт
Нефтедобыча
Нефтеперераб…
Нефтепроводы
Газопроводы
Сельское хозя…
Непромышлен…
Государственн…
Население иприравненныегруппыпотребителей
Территориальн…
Отклонения по ПАО Россети на 2023 год
2.5% 2.5%
5.9% 5.9%
1.9% 1.9%
219.1% 219.1%
11.7% 11.7%
1.9% 1.9%
13.1% 13.1%
3.5% 3.5%
-8.7% -8.7%
0.2% 0.2%
-1.6% -1.6%
1.8% 1.8%
⬤ Отклонение, %
Интер РАО (для ФСК)
Промышленные потребители
Транспорт
Нефтедобыча
Нефтепереработка
Нефтепроводы
Газопроводы
Сельское хозяйство и пищевая про…
Непромышленные потребители
Государственные (муниципальные)…
Население и приравненные группы…
Территориальные сетевые организ…
Выручка отклонения по ПАО Россети на 2023 год
⬤ Отклонение, %
Интер РАО (для ФСК)
Промышленные потребители
Транспорт
Нефтедобыча
Нефтепереработка
Нефтепроводы
Газопроводы
Сельское хозяйство и пищевая про…
Непромышленные потребители
Государственные (муниципальные)…
Население и приравненные группы…
Территориальные сетевые организ…
абс.
%
Прогноз на месяц 
Ноябрь
КПО/Отпуск из сети 
Отпуск из сети, млн. кВт.ч
Организация 
Все
Прогноз электропотребления и выручки за услуги по передаче в разрезе отраслей'

18-11-2024T04:33:55 - [TEST_STEP][PASSED] - b3 = b3.replaceAll("[^0-9]", ""): null

18-11-2024T04:33:55 - [TEST_STEP][PASSED] - println("b3:" + b3): null

18-11-2024T04:33:55 - [TEST_STEP][PASSED] - click(findTestObject("Прогноз по отраслям/Фильтр Сравнение с Стресс")): Object: 'Object Repository/Прогноз по отраслям/Фильтр Сравнение с Стресс' is clicked on

18-11-2024T04:33:55 - [MESSAGE][PASSED] - Object: 'Object Repository/Прогноз по отраслям/Фильтр Сравнение с Стресс' is clicked on

18-11-2024T04:33:55 - [TEST_STEP][PASSED] - click(findTestObject("Прогноз по отраслям/Факт прошлого года Стресс")): Object: 'Object Repository/Прогноз по отраслям/Факт прошлого года Стресс' is clicked on

18-11-2024T04:33:56 - [MESSAGE][PASSED] - Object: 'Object Repository/Прогноз по отраслям/Факт прошлого года Стресс' is clicked on

18-11-2024T04:33:57 - [TEST_STEP][PASSED] - click(findTestObject("Прогноз по отраслям/Фильтр КПО-Отпуск Стресс")): Object: 'Object Repository/Прогноз по отраслям/Фильтр КПО-Отпуск Стресс' is clicked on

18-11-2024T04:33:59 - [MESSAGE][PASSED] - Object: 'Object Repository/Прогноз по отраслям/Фильтр КПО-Отпуск Стресс' is clicked on

18-11-2024T04:33:59 - [TEST_STEP][PASSED] - click(findTestObject("Прогноз по отраслям/КПО Стресс")): Object: 'Object Repository/Прогноз по отраслям/КПО Стресс' is clicked on

18-11-2024T04:34:00 - [MESSAGE][PASSED] - Object: 'Object Repository/Прогноз по отраслям/КПО Стресс' is clicked on

18-11-2024T04:34:00 - [TEST_STEP][PASSED] - delay(40): Delayed 40 second(s)

18-11-2024T04:34:40 - [MESSAGE][PASSED] - Delayed 40 second(s)

18-11-2024T04:34:40 - [TEST_STEP][PASSED] - b4 = getText(findTestObject("Прогноз по отраслям/Виджеты дашборда")): Text of object 'Object Repository/Прогноз по отраслям/Виджеты дашборда' is: 'Год 
2023 год
Сравнение с 
Факт прошлого года
Динамика электропотребления, млрд. кВт.ч., по ПАО Россети на 2023 год
0 0
120 120
38 38
41 41
8 8
10 10
0 0
19 19
77 77
25 25
122 122
61 61
0 0
120 120
39 39
39 39
8 8
8 8
1 1
20 20
78 78
26 26
121 121
60 60
Факт прошлого года
Ожидаемое (прогноз до конца года)
Интер РАО(для ФСК)
Промышленныепотребители
Транспорт
Нефтедобыча
Нефтеперераб…
Нефтепроводы
Газопроводы
Сельское хозя…
Непромышлен…
Государственн…
Население иприравненныегруппыпотребителей
Территориальн…
Выручка, млрд. руб, по ПАО Россети на 2023 год
5 5
285 285
72 72
72 72
18 18
22 22
0 0
50 50
201 201
61 61
190 190
227 227
6 6
331 331
82 82
77 77
20 20
20 20
3 3
57 57
220 220
68 68
214 214
258 258
Факт прошлого года
Ожидаемое (прогноз до конца года)
Интер РАО(для ФСК)
Промышленныепотребители
Транспорт
Нефтедобыча
Нефтеперераб…
Нефтепроводы
Газопроводы
Сельское хозя…
Непромышлен…
Государственн…
Население иприравненныегруппыпотребителей
Территориальн…
Отклонения по ПАО Россети на 2023 год
0.5% 0.5%
0.9% 0.9%
-5.9% -5.9%
3.1% 3.1%
-17.9% -17.9%
578.4% 578.4%
2.3% 2.3%
1.8% 1.8%
2.1% 2.1%
-0.9% -0.9%
-0.2% -0.2%
⬤ Отклонение, %
Интер РАО (для ФСК)
Промышленные потребители
Транспорт
Нефтедобыча
Нефтепереработка
Нефтепроводы
Газопроводы
Сельское хозяйство и пищевая про…
Непромышленные потребители
Государственные (муниципальные)…
Население и приравненные группы…
Территориальные сетевые организ…
Выручка отклонения по ПАО Россети на 2023 год
7.7% 7.7%
16.0% 16.0%
13.2% 13.2%
6.7% 6.7%
13.3% 13.3%
-7.7% -7.7%
1 331.5% 1 331.5%
14.2% 14.2%
9.9% 9.9%
12.0% 12.0%
12.4% 12.4%
13.7% 13.7%
⬤ Отклонение, %
Интер РАО (для ФСК)
Промышленные потребители
Транспорт
Нефтедобыча
Нефтепереработка
Нефтепроводы
Газопроводы
Сельское хозяйство и пищевая про…
Непромышленные потребители
Государственные (муниципальные)…
Население и приравненные группы…
Территориальные сетевые организ…
абс.
%
Прогноз на месяц 
Ноябрь
КПО/Отпуск из сети 
Котловой полезный отпуск, млн. кВт.ч
Организация 
Все
Прогноз электропотребления и выручки за услуги по передаче в разрезе отраслей'

18-11-2024T04:34:40 - [MESSAGE][PASSED] - Text of object 'Object Repository/Прогноз по отраслям/Виджеты дашборда' is: 'Год 
2023 год
Сравнение с 
Факт прошлого года
Динамика электропотребления, млрд. кВт.ч., по ПАО Россети на 2023 год
0 0
120 120
38 38
41 41
8 8
10 10
0 0
19 19
77 77
25 25
122 122
61 61
0 0
120 120
39 39
39 39
8 8
8 8
1 1
20 20
78 78
26 26
121 121
60 60
Факт прошлого года
Ожидаемое (прогноз до конца года)
Интер РАО(для ФСК)
Промышленныепотребители
Транспорт
Нефтедобыча
Нефтеперераб…
Нефтепроводы
Газопроводы
Сельское хозя…
Непромышлен…
Государственн…
Население иприравненныегруппыпотребителей
Территориальн…
Выручка, млрд. руб, по ПАО Россети на 2023 год
5 5
285 285
72 72
72 72
18 18
22 22
0 0
50 50
201 201
61 61
190 190
227 227
6 6
331 331
82 82
77 77
20 20
20 20
3 3
57 57
220 220
68 68
214 214
258 258
Факт прошлого года
Ожидаемое (прогноз до конца года)
Интер РАО(для ФСК)
Промышленныепотребители
Транспорт
Нефтедобыча
Нефтеперераб…
Нефтепроводы
Газопроводы
Сельское хозя…
Непромышлен…
Государственн…
Население иприравненныегруппыпотребителей
Территориальн…
Отклонения по ПАО Россети на 2023 год
0.5% 0.5%
0.9% 0.9%
-5.9% -5.9%
3.1% 3.1%
-17.9% -17.9%
578.4% 578.4%
2.3% 2.3%
1.8% 1.8%
2.1% 2.1%
-0.9% -0.9%
-0.2% -0.2%
⬤ Отклонение, %
Интер РАО (для ФСК)
Промышленные потребители
Транспорт
Нефтедобыча
Нефтепереработка
Нефтепроводы
Газопроводы
Сельское хозяйство и пищевая про…
Непромышленные потребители
Государственные (муниципальные)…
Население и приравненные группы…
Территориальные сетевые организ…
Выручка отклонения по ПАО Россети на 2023 год
7.7% 7.7%
16.0% 16.0%
13.2% 13.2%
6.7% 6.7%
13.3% 13.3%
-7.7% -7.7%
1 331.5% 1 331.5%
14.2% 14.2%
9.9% 9.9%
12.0% 12.0%
12.4% 12.4%
13.7% 13.7%
⬤ Отклонение, %
Интер РАО (для ФСК)
Промышленные потребители
Транспорт
Нефтедобыча
Нефтепереработка
Нефтепроводы
Газопроводы
Сельское хозяйство и пищевая про…
Непромышленные потребители
Государственные (муниципальные)…
Население и приравненные группы…
Территориальные сетевые организ…
абс.
%
Прогноз на месяц 
Ноябрь
КПО/Отпуск из сети 
Котловой полезный отпуск, млн. кВт.ч
Организация 
Все
Прогноз электропотребления и выручки за услуги по передаче в разрезе отраслей'

18-11-2024T04:34:40 - [TEST_STEP][PASSED] - b4 = b4.replaceAll("[^0-9]", ""): null

18-11-2024T04:34:40 - [TEST_STEP][PASSED] - println("b4:" + b4): null

18-11-2024T04:34:40 - [TEST_STEP][PASSED] - click(findTestObject("Прогноз по отраслям/Фильтр Сравнение с Стресс")): Object: 'Object Repository/Прогноз по отраслям/Фильтр Сравнение с Стресс' is clicked on

18-11-2024T04:34:41 - [MESSAGE][PASSED] - Object: 'Object Repository/Прогноз по отраслям/Фильтр Сравнение с Стресс' is clicked on

18-11-2024T04:34:41 - [TEST_STEP][PASSED] - click(findTestObject("Прогноз по отраслям/План Стресс")): Object: 'Object Repository/Прогноз по отраслям/План Стресс' is clicked on

18-11-2024T04:34:42 - [MESSAGE][PASSED] - Object: 'Object Repository/Прогноз по отраслям/План Стресс' is clicked on

18-11-2024T04:34:42 - [TEST_STEP][PASSED] - delay(40): Delayed 40 second(s)

18-11-2024T04:35:22 - [MESSAGE][PASSED] - Delayed 40 second(s)

18-11-2024T04:35:22 - [TEST_STEP][PASSED] - b5 = getText(findTestObject("Прогноз по отраслям/Виджеты дашборда")): Text of object 'Object Repository/Прогноз по отраслям/Виджеты дашборда' is: 'Год 
2023 год
Сравнение с 
План
Динамика электропотребления, млрд. кВт.ч., по ПАО Россети на 2023 год
0 0
119 119
37 37
7 7
7 7
8 8
1 1
19 19
75 75
25 25
123 123
55 55
0 0
120 120
39 39
39 39
8 8
8 8
1 1
20 20
78 78
26 26
121 121
60 60
План
Ожидаемое (прогноз до конца года)
Интер РАО(для ФСК)
Промышленныепотребители
Транспорт
Нефтедобыча
Нефтеперераб…
Нефтепроводы
Газопроводы
Сельское хозя…
Непромышлен…
Государственн…
Население иприравненныегруппыпотребителей
Территориальн…
Выручка, млрд. руб, по ПАО Россети на 2023 год
5 5
319 319
81 81
16 16
16 16
20 20
2 2
56 56
215 215
67 67
218 218
239 239
6 6
331 331
82 82
77 77
20 20
20 20
3 3
57 57
220 220
68 68
214 214
258 258
План
Ожидаемое (прогноз до конца года)
Интер РАО(для ФСК)
Промышленныепотребители
Транспорт
Нефтедобыча
Нефтеперераб…
Нефтепроводы
Газопроводы
Сельское хозя…
Непромышлен…
Государственн…
Население иприравненныегруппыпотребителей
Территориальн…
Отклонения по ПАО Россети на 2023 год
1.2% 1.2%
3.2% 3.2%
492.1% 492.1%
18.1% 18.1%
4.4% 4.4%
11.9% 11.9%
1.2% 1.2%
4.1% 4.1%
2.4% 2.4%
-1.4% -1.4%
9.7% 9.7%
⬤ Отклонение, %
Интер РАО (для ФСК)
Промышленные потребители
Транспорт
Нефтедобыча
Нефтепереработка
Нефтепроводы
Газопроводы
Сельское хозяйство и пищевая про…
Непромышленные потребители
Государственные (муниципальные)…
Население и приравненные группы…
Территориальные сетевые организ…
Выручка отклонения по ПАО Россети на 2023 год
15.6% 15.6%
3.8% 3.8%
1.2% 1.2%
398.2% 398.2%
26.9% 26.9%
-0.6% -0.6%
26.9% 26.9%
1.5% 1.5%
2.7% 2.7%
2.0% 2.0%
-2.0% -2.0%
7.9% 7.9%
⬤ Отклонение, %
Интер РАО (для ФСК)
Промышленные потребители
Транспорт
Нефтедобыча
Нефтепереработка
Нефтепроводы
Газопроводы
Сельское хозяйство и пищевая про…
Непромышленные потребители
Государственные (муниципальные)…
Население и приравненные группы…
Территориальные сетевые организ…
абс.
%
Прогноз на месяц 
Ноябрь
КПО/Отпуск из сети 
Котловой полезный отпуск, млн. кВт.ч
Организация 
Все
Прогноз электропотребления и выручки за услуги по передаче в разрезе отраслей'

18-11-2024T04:35:23 - [MESSAGE][PASSED] - Text of object 'Object Repository/Прогноз по отраслям/Виджеты дашборда' is: 'Год 
2023 год
Сравнение с 
План
Динамика электропотребления, млрд. кВт.ч., по ПАО Россети на 2023 год
0 0
119 119
37 37
7 7
7 7
8 8
1 1
19 19
75 75
25 25
123 123
55 55
0 0
120 120
39 39
39 39
8 8
8 8
1 1
20 20
78 78
26 26
121 121
60 60
План
Ожидаемое (прогноз до конца года)
Интер РАО(для ФСК)
Промышленныепотребители
Транспорт
Нефтедобыча
Нефтеперераб…
Нефтепроводы
Газопроводы
Сельское хозя…
Непромышлен…
Государственн…
Население иприравненныегруппыпотребителей
Территориальн…
Выручка, млрд. руб, по ПАО Россети на 2023 год
5 5
319 319
81 81
16 16
16 16
20 20
2 2
56 56
215 215
67 67
218 218
239 239
6 6
331 331
82 82
77 77
20 20
20 20
3 3
57 57
220 220
68 68
214 214
258 258
План
Ожидаемое (прогноз до конца года)
Интер РАО(для ФСК)
Промышленныепотребители
Транспорт
Нефтедобыча
Нефтеперераб…
Нефтепроводы
Газопроводы
Сельское хозя…
Непромышлен…
Государственн…
Население иприравненныегруппыпотребителей
Территориальн…
Отклонения по ПАО Россети на 2023 год
1.2% 1.2%
3.2% 3.2%
492.1% 492.1%
18.1% 18.1%
4.4% 4.4%
11.9% 11.9%
1.2% 1.2%
4.1% 4.1%
2.4% 2.4%
-1.4% -1.4%
9.7% 9.7%
⬤ Отклонение, %
Интер РАО (для ФСК)
Промышленные потребители
Транспорт
Нефтедобыча
Нефтепереработка
Нефтепроводы
Газопроводы
Сельское хозяйство и пищевая про…
Непромышленные потребители
Государственные (муниципальные)…
Население и приравненные группы…
Территориальные сетевые организ…
Выручка отклонения по ПАО Россети на 2023 год
15.6% 15.6%
3.8% 3.8%
1.2% 1.2%
398.2% 398.2%
26.9% 26.9%
-0.6% -0.6%
26.9% 26.9%
1.5% 1.5%
2.7% 2.7%
2.0% 2.0%
-2.0% -2.0%
7.9% 7.9%
⬤ Отклонение, %
Интер РАО (для ФСК)
Промышленные потребители
Транспорт
Нефтедобыча
Нефтепереработка
Нефтепроводы
Газопроводы
Сельское хозяйство и пищевая про…
Непромышленные потребители
Государственные (муниципальные)…
Население и приравненные группы…
Территориальные сетевые организ…
абс.
%
Прогноз на месяц 
Ноябрь
КПО/Отпуск из сети 
Котловой полезный отпуск, млн. кВт.ч
Организация 
Все
Прогноз электропотребления и выручки за услуги по передаче в разрезе отраслей'

18-11-2024T04:35:23 - [TEST_STEP][PASSED] - println("b5:" + b5): null

18-11-2024T04:35:23 - [TEST_STEP][PASSED] - b5 = b5.replaceAll("[^0-9]", ""): null

18-11-2024T04:35:23 - [TEST_STEP][PASSED] - println("b5:" + b5): null

18-11-2024T04:35:23 - [TEST_STEP][PASSED] - click(findTestObject("Прогноз по отраслям/Фильтр Сравнение с Стресс")): Object: 'Object Repository/Прогноз по отраслям/Фильтр Сравнение с Стресс' is clicked on

18-11-2024T04:35:23 - [MESSAGE][PASSED] - Object: 'Object Repository/Прогноз по отраслям/Фильтр Сравнение с Стресс' is clicked on

18-11-2024T04:35:23 - [TEST_STEP][PASSED] - click(findTestObject("Прогноз по отраслям/План СУ Стресс")): Object: 'Object Repository/Прогноз по отраслям/План СУ Стресс' is clicked on

18-11-2024T04:35:25 - [MESSAGE][PASSED] - Object: 'Object Repository/Прогноз по отраслям/План СУ Стресс' is clicked on

18-11-2024T04:35:25 - [TEST_STEP][PASSED] - delay(40): Delayed 40 second(s)

18-11-2024T04:36:05 - [MESSAGE][PASSED] - Delayed 40 second(s)

18-11-2024T04:36:05 - [TEST_STEP][PASSED] - b6 = getText(findTestObject("Прогноз по отраслям/Виджеты дашборда")): Text of object 'Object Repository/Прогноз по отраслям/Виджеты дашборда' is: 'Год 
2023 год
Сравнение с 
План/СУ
Динамика электропотребления, млрд. кВт.ч., по ПАО Россети на 2023 год
0 0
0 0
0 0
0 0
0 0
0 0
0 0
0 0
0 0
0 0
0 0
0 0
0 0
120 120
39 39
39 39
8 8
8 8
1 1
20 20
78 78
26 26
121 121
60 60
СУ
Ожидаемое (прогноз до конца года)
Интер РАО(для ФСК)
Промышленныепотребители
Транспорт
Нефтедобыча
Нефтеперераб…
Нефтепроводы
Газопроводы
Сельское хозя…
Непромышлен…
Государственн…
Население иприравненныегруппыпотребителей
Территориальн…
Выручка, млрд. руб, по ПАО Россети на 2023 год
6 6
331 331
82 82
77 77
20 20
20 20
3 3
57 57
220 220
68 68
214 214
258 258
Ожидаемое (прогноз до конца года)
Интер РАО(для ФСК)
Промышленныепотребители
Транспорт
Нефтедобыча
Нефтеперераб…
Нефтепроводы
Газопроводы
Сельское хозя…
Непромышлен…
Государственн…
Население иприравненныегруппыпотребителей
Территориальн…
Отклонения по ПАО Россети на 2023 год
⬤ Отклонение, %
Интер РАО (для ФСК)
Промышленные потребители
Транспорт
Нефтедобыча
Нефтепереработка
Нефтепроводы
Газопроводы
Сельское хозяйство и пищевая про…
Непромышленные потребители
Государственные (муниципальные)…
Население и приравненные группы…
Территориальные сетевые организ…
Выручка отклонения по ПАО Россети на 2023 год
⬤ Отклонение, %
Интер РАО (для ФСК)
Промышленные потребители
Транспорт
Нефтедобыча
Нефтепереработка
Нефтепроводы
Газопроводы
Сельское хозяйство и пищевая про…
Непромышленные потребители
Государственные (муниципальные)…
Население и приравненные группы…
Территориальные сетевые организ…
абс.
%
Прогноз на месяц 
Ноябрь
КПО/Отпуск из сети 
Котловой полезный отпуск, млн. кВт.ч
Организация 
Все
Прогноз электропотребления и выручки за услуги по передаче в разрезе отраслей'

18-11-2024T04:36:05 - [MESSAGE][PASSED] - Text of object 'Object Repository/Прогноз по отраслям/Виджеты дашборда' is: 'Год 
2023 год
Сравнение с 
План/СУ
Динамика электропотребления, млрд. кВт.ч., по ПАО Россети на 2023 год
0 0
0 0
0 0
0 0
0 0
0 0
0 0
0 0
0 0
0 0
0 0
0 0
0 0
120 120
39 39
39 39
8 8
8 8
1 1
20 20
78 78
26 26
121 121
60 60
СУ
Ожидаемое (прогноз до конца года)
Интер РАО(для ФСК)
Промышленныепотребители
Транспорт
Нефтедобыча
Нефтеперераб…
Нефтепроводы
Газопроводы
Сельское хозя…
Непромышлен…
Государственн…
Население иприравненныегруппыпотребителей
Территориальн…
Выручка, млрд. руб, по ПАО Россети на 2023 год
6 6
331 331
82 82
77 77
20 20
20 20
3 3
57 57
220 220
68 68
214 214
258 258
Ожидаемое (прогноз до конца года)
Интер РАО(для ФСК)
Промышленныепотребители
Транспорт
Нефтедобыча
Нефтеперераб…
Нефтепроводы
Газопроводы
Сельское хозя…
Непромышлен…
Государственн…
Население иприравненныегруппыпотребителей
Территориальн…
Отклонения по ПАО Россети на 2023 год
⬤ Отклонение, %
Интер РАО (для ФСК)
Промышленные потребители
Транспорт
Нефтедобыча
Нефтепереработка
Нефтепроводы
Газопроводы
Сельское хозяйство и пищевая про…
Непромышленные потребители
Государственные (муниципальные)…
Население и приравненные группы…
Территориальные сетевые организ…
Выручка отклонения по ПАО Россети на 2023 год
⬤ Отклонение, %
Интер РАО (для ФСК)
Промышленные потребители
Транспорт
Нефтедобыча
Нефтепереработка
Нефтепроводы
Газопроводы
Сельское хозяйство и пищевая про…
Непромышленные потребители
Государственные (муниципальные)…
Население и приравненные группы…
Территориальные сетевые организ…
абс.
%
Прогноз на месяц 
Ноябрь
КПО/Отпуск из сети 
Котловой полезный отпуск, млн. кВт.ч
Организация 
Все
Прогноз электропотребления и выручки за услуги по передаче в разрезе отраслей'

18-11-2024T04:36:05 - [TEST_STEP][PASSED] - b6 = b6.replaceAll("[^0-9]", ""): null

18-11-2024T04:36:05 - [TEST_STEP][PASSED] - println("b6:" + b6): null

18-11-2024T04:36:05 - [TEST_STEP][PASSED] - click(findTestObject("Прогноз по отраслям/Переключить отображение с процентов на абс Стресс-сценарий")): Object: 'Object Repository/Прогноз по отраслям/Переключить отображение с процентов на абс Стресс-сценарий' is clicked on

18-11-2024T04:36:06 - [MESSAGE][PASSED] - Object: 'Object Repository/Прогноз по отраслям/Переключить отображение с процентов на абс Стресс-сценарий' is clicked on

18-11-2024T04:36:06 - [TEST_STEP][PASSED] - click(findTestObject("Прогноз по отраслям/Фильтр Сравнение с Стресс")): Object: 'Object Repository/Прогноз по отраслям/Фильтр Сравнение с Стресс' is clicked on

18-11-2024T04:36:06 - [MESSAGE][PASSED] - Object: 'Object Repository/Прогноз по отраслям/Фильтр Сравнение с Стресс' is clicked on

18-11-2024T04:36:06 - [TEST_STEP][PASSED] - click(findTestObject("Прогноз по отраслям/Факт прошлого года Стресс")): Object: 'Object Repository/Прогноз по отраслям/Факт прошлого года Стресс' is clicked on

18-11-2024T04:36:07 - [MESSAGE][PASSED] - Object: 'Object Repository/Прогноз по отраслям/Факт прошлого года Стресс' is clicked on

18-11-2024T04:36:07 - [TEST_STEP][PASSED] - click(findTestObject("Прогноз по отраслям/Фильтр КПО-Отпуск Стресс")): Object: 'Object Repository/Прогноз по отраслям/Фильтр КПО-Отпуск Стресс' is clicked on

18-11-2024T04:36:09 - [MESSAGE][PASSED] - Object: 'Object Repository/Прогноз по отраслям/Фильтр КПО-Отпуск Стресс' is clicked on

18-11-2024T04:36:09 - [TEST_STEP][PASSED] - click(findTestObject("Прогноз по отраслям/Отпуск Стресс")): Object: 'Object Repository/Прогноз по отраслям/Отпуск Стресс' is clicked on

18-11-2024T04:36:10 - [MESSAGE][PASSED] - Object: 'Object Repository/Прогноз по отраслям/Отпуск Стресс' is clicked on

18-11-2024T04:36:10 - [TEST_STEP][PASSED] - delay(40): Delayed 40 second(s)

18-11-2024T04:36:50 - [MESSAGE][PASSED] - Delayed 40 second(s)

18-11-2024T04:36:50 - [TEST_STEP][PASSED] - b7 = getText(findTestObject("Прогноз по отраслям/Виджеты дашборда")): Text of object 'Object Repository/Прогноз по отраслям/Виджеты дашборда' is: 'Год 
2023 год
Сравнение с 
Факт прошлого года
Отклонения по ПАО Россети на 2023 год
-2 263.5 -2 263.5
11 054.6 11 054.6
1 280.2 1 280.2
-1 947.5 -1 947.5
90.9 90.9
-3 845.0 -3 845.0
4 162.1 4 162.1
651.7 651.7
-4 727.7 -4 727.7
256.5 256.5
-723.9 -723.9
4 292.3 4 292.3
⬤ Отклонение, млн. кВт.ч
Интер РАО (для ФСК)
Промышленные потребители
Транспорт
Нефтедобыча
Нефтепереработка
Нефтепроводы
Газопроводы
Сельское хозяйство и пищевая про…
Непромышленные потребители
Государственные (муниципальные…
Население и приравненные группы…
Территориальные сетевые организ…
Выручка отклонения по ПАО Россети на 2023 год
421.3 421.3
45 574.9 45 574.9
9 547.5 9 547.5
4 889.3 4 889.3
2 337.4 2 337.4
-1 682.6 -1 682.6
2 919.4 2 919.4
7 110.2 7 110.2
19 840.8 19 840.8
7 289.5 7 289.5
23 664.8 23 664.8
31 028.3 31 028.3
⬤ Отклонение, млн. руб
Интер РАО (для ФСК)
Промышленные потребители
Транспорт
Нефтедобыча
Нефтепереработка
Нефтепроводы
Газопроводы
Сельское хозяйство и пищевая про…
Непромышленные потребители
Государственные (муниципальные…
Население и приравненные группы…
Территориальные сетевые организ…
Динамика электропотребления, млрд. кВт.ч., по ПАО Россети на 2023 год
12 12
186 186
36 36
50 50
10 10
19 19
0 0
17 17
85 85
19 19
82 82
604 604
10 10
197 197
37 37
48 48
10 10
15 15
4 4
18 18
80 80
19 19
82 82
608 608
Факт прошлого года
Ожидаемое (прогноз до конца года)
Интер РАО(для ФСК)
Промышленныепотребители
Транспорт
Нефтедобыча
Нефтеперераб…
Нефтепроводы
Газопроводы
Сельское хозя…
Непромышлен…
Государственн…
Население иприравненныегруппыпотребителей
Территориальн…
Выручка, млрд. руб, по ПАО Россети на 2023 год
5 5
285 285
72 72
72 72
18 18
22 22
0 0
50 50
201 201
61 61
190 190
227 227
6 6
331 331
82 82
77 77
20 20
20 20
3 3
57 57
220 220
68 68
214 214
258 258
Факт прошлого года
Ожидаемое (прогноз до конца года)
Интер РАО(для ФСК)
Промышленныепотребители
Транспорт
Нефтедобыча
Нефтеперераб…
Нефтепроводы
Газопроводы
Сельское хозя…
Непромышлен…
Государственн…
Население иприравненныегруппыпотребителей
Территориальн…
абс.
%
Прогноз на месяц 
Ноябрь
КПО/Отпуск из сети 
Отпуск из сети, млн. кВт.ч
Организация 
Все
Прогноз электропотребления и выручки за услуги по передаче в разрезе отраслей'

18-11-2024T04:36:51 - [MESSAGE][PASSED] - Text of object 'Object Repository/Прогноз по отраслям/Виджеты дашборда' is: 'Год 
2023 год
Сравнение с 
Факт прошлого года
Отклонения по ПАО Россети на 2023 год
-2 263.5 -2 263.5
11 054.6 11 054.6
1 280.2 1 280.2
-1 947.5 -1 947.5
90.9 90.9
-3 845.0 -3 845.0
4 162.1 4 162.1
651.7 651.7
-4 727.7 -4 727.7
256.5 256.5
-723.9 -723.9
4 292.3 4 292.3
⬤ Отклонение, млн. кВт.ч
Интер РАО (для ФСК)
Промышленные потребители
Транспорт
Нефтедобыча
Нефтепереработка
Нефтепроводы
Газопроводы
Сельское хозяйство и пищевая про…
Непромышленные потребители
Государственные (муниципальные…
Население и приравненные группы…
Территориальные сетевые организ…
Выручка отклонения по ПАО Россети на 2023 год
421.3 421.3
45 574.9 45 574.9
9 547.5 9 547.5
4 889.3 4 889.3
2 337.4 2 337.4
-1 682.6 -1 682.6
2 919.4 2 919.4
7 110.2 7 110.2
19 840.8 19 840.8
7 289.5 7 289.5
23 664.8 23 664.8
31 028.3 31 028.3
⬤ Отклонение, млн. руб
Интер РАО (для ФСК)
Промышленные потребители
Транспорт
Нефтедобыча
Нефтепереработка
Нефтепроводы
Газопроводы
Сельское хозяйство и пищевая про…
Непромышленные потребители
Государственные (муниципальные…
Население и приравненные группы…
Территориальные сетевые организ…
Динамика электропотребления, млрд. кВт.ч., по ПАО Россети на 2023 год
12 12
186 186
36 36
50 50
10 10
19 19
0 0
17 17
85 85
19 19
82 82
604 604
10 10
197 197
37 37
48 48
10 10
15 15
4 4
18 18
80 80
19 19
82 82
608 608
Факт прошлого года
Ожидаемое (прогноз до конца года)
Интер РАО(для ФСК)
Промышленныепотребители
Транспорт
Нефтедобыча
Нефтеперераб…
Нефтепроводы
Газопроводы
Сельское хозя…
Непромышлен…
Государственн…
Население иприравненныегруппыпотребителей
Территориальн…
Выручка, млрд. руб, по ПАО Россети на 2023 год
5 5
285 285
72 72
72 72
18 18
22 22
0 0
50 50
201 201
61 61
190 190
227 227
6 6
331 331
82 82
77 77
20 20
20 20
3 3
57 57
220 220
68 68
214 214
258 258
Факт прошлого года
Ожидаемое (прогноз до конца года)
Интер РАО(для ФСК)
Промышленныепотребители
Транспорт
Нефтедобыча
Нефтеперераб…
Нефтепроводы
Газопроводы
Сельское хозя…
Непромышлен…
Государственн…
Население иприравненныегруппыпотребителей
Территориальн…
абс.
%
Прогноз на месяц 
Ноябрь
КПО/Отпуск из сети 
Отпуск из сети, млн. кВт.ч
Организация 
Все
Прогноз электропотребления и выручки за услуги по передаче в разрезе отраслей'

18-11-2024T04:36:51 - [TEST_STEP][PASSED] - b7 = b7.replaceAll("[^0-9]", ""): null

18-11-2024T04:36:51 - [TEST_STEP][PASSED] - println("b7:" + b7): null

18-11-2024T04:36:51 - [TEST_STEP][PASSED] - click(findTestObject("Прогноз по отраслям/Фильтр Сравнение с Стресс")): Object: 'Object Repository/Прогноз по отраслям/Фильтр Сравнение с Стресс' is clicked on

18-11-2024T04:36:51 - [MESSAGE][PASSED] - Object: 'Object Repository/Прогноз по отраслям/Фильтр Сравнение с Стресс' is clicked on

18-11-2024T04:36:51 - [TEST_STEP][PASSED] - click(findTestObject("Прогноз по отраслям/План Стресс")): Object: 'Object Repository/Прогноз по отраслям/План Стресс' is clicked on

18-11-2024T04:36:52 - [MESSAGE][PASSED] - Object: 'Object Repository/Прогноз по отраслям/План Стресс' is clicked on

18-11-2024T04:36:52 - [TEST_STEP][PASSED] - delay(40): Delayed 40 second(s)

18-11-2024T04:37:32 - [MESSAGE][PASSED] - Delayed 40 second(s)

18-11-2024T04:37:32 - [TEST_STEP][PASSED] - b8 = getText(findTestObject("Прогноз по отраслям/Виджеты дашборда")): Text of object 'Object Repository/Прогноз по отраслям/Виджеты дашборда' is: 'Год 
2023 год
Сравнение с 
План
Отклонения по ПАО Россети на 2023 год
-492.2 -492.2
7 165.1 7 165.1
689.3 689.3
33 271.7 33 271.7
986.4 986.4
593.8 593.8
764.0 764.0
670.4 670.4
-592.4 -592.4
308.8 308.8
-940.9 -940.9
19 604.1 19 604.1
⬤ Отклонение, млн. кВт.ч
Интер РАО (для ФСК)
Промышленные потребители
Транспорт
Нефтедобыча
Нефтепереработка
Нефтепроводы
Газопроводы
Сельское хозяйство и пищевая про…
Непромышленные потребители
Государственные (муниципальные…
Население и приравненные группы…
Территориальные сетевые организ…
Выручка отклонения по ПАО Россети на 2023 год
794.9 794.9
12 195.0 12 195.0
972.7 972.7
61 803.9 61 803.9
4 222.3 4 222.3
-121.8 -121.8
666.2 666.2
873.2 873.2
5 809.6 5 809.6
1 342.6 1 342.6
-4 463.2 -4 463.2
18 375.5 18 375.5
⬤ Отклонение, млн. руб
Интер РАО (для ФСК)
Промышленные потребители
Транспорт
Нефтедобыча
Нефтепереработка
Нефтепроводы
Газопроводы
Сельское хозяйство и пищевая про…
Непромышленные потребители
Государственные (муниципальные…
Население и приравненные группы…
Территориальные сетевые организ…
Динамика электропотребления, млрд. кВт.ч., по ПАО Россети на 2023 год
10 10
190 190
36 36
14 14
9 9
14 14
4 4
17 17
80 80
19 19
82 82
588 588
10 10
197 197
37 37
48 48
10 10
15 15
4 4
18 18
80 80
19 19
82 82
608 608
План
Ожидаемое (прогноз до конца года)
Интер РАО(для ФСК)
Промышленныепотребители
Транспорт
Нефтедобыча
Нефтеперераб…
Нефтепроводы
Газопроводы
Сельское хозя…
Непромышлен…
Государственн…
Население иприравненныегруппыпотребителей
Территориальн…
Выручка, млрд. руб, по ПАО Россети на 2023 год
5 5
319 319
81 81
16 16
16 16
20 20
2 2
56 56
215 215
67 67
218 218
239 239
6 6
331 331
82 82
77 77
20 20
20 20
3 3
57 57
220 220
68 68
214 214
258 258
План
Ожидаемое (прогноз до конца года)
Интер РАО(для ФСК)
Промышленныепотребители
Транспорт
Нефтедобыча
Нефтеперераб…
Нефтепроводы
Газопроводы
Сельское хозя…
Непромышлен…
Государственн…
Население иприравненныегруппыпотребителей
Территориальн…
абс.
%
Прогноз на месяц 
Ноябрь
КПО/Отпуск из сети 
Отпуск из сети, млн. кВт.ч
Организация 
Все
Прогноз электропотребления и выручки за услуги по передаче в разрезе отраслей'

18-11-2024T04:37:33 - [MESSAGE][PASSED] - Text of object 'Object Repository/Прогноз по отраслям/Виджеты дашборда' is: 'Год 
2023 год
Сравнение с 
План
Отклонения по ПАО Россети на 2023 год
-492.2 -492.2
7 165.1 7 165.1
689.3 689.3
33 271.7 33 271.7
986.4 986.4
593.8 593.8
764.0 764.0
670.4 670.4
-592.4 -592.4
308.8 308.8
-940.9 -940.9
19 604.1 19 604.1
⬤ Отклонение, млн. кВт.ч
Интер РАО (для ФСК)
Промышленные потребители
Транспорт
Нефтедобыча
Нефтепереработка
Нефтепроводы
Газопроводы
Сельское хозяйство и пищевая про…
Непромышленные потребители
Государственные (муниципальные…
Население и приравненные группы…
Территориальные сетевые организ…
Выручка отклонения по ПАО Россети на 2023 год
794.9 794.9
12 195.0 12 195.0
972.7 972.7
61 803.9 61 803.9
4 222.3 4 222.3
-121.8 -121.8
666.2 666.2
873.2 873.2
5 809.6 5 809.6
1 342.6 1 342.6
-4 463.2 -4 463.2
18 375.5 18 375.5
⬤ Отклонение, млн. руб
Интер РАО (для ФСК)
Промышленные потребители
Транспорт
Нефтедобыча
Нефтепереработка
Нефтепроводы
Газопроводы
Сельское хозяйство и пищевая про…
Непромышленные потребители
Государственные (муниципальные…
Население и приравненные группы…
Территориальные сетевые организ…
Динамика электропотребления, млрд. кВт.ч., по ПАО Россети на 2023 год
10 10
190 190
36 36
14 14
9 9
14 14
4 4
17 17
80 80
19 19
82 82
588 588
10 10
197 197
37 37
48 48
10 10
15 15
4 4
18 18
80 80
19 19
82 82
608 608
План
Ожидаемое (прогноз до конца года)
Интер РАО(для ФСК)
Промышленныепотребители
Транспорт
Нефтедобыча
Нефтеперераб…
Нефтепроводы
Газопроводы
Сельское хозя…
Непромышлен…
Государственн…
Население иприравненныегруппыпотребителей
Территориальн…
Выручка, млрд. руб, по ПАО Россети на 2023 год
5 5
319 319
81 81
16 16
16 16
20 20
2 2
56 56
215 215
67 67
218 218
239 239
6 6
331 331
82 82
77 77
20 20
20 20
3 3
57 57
220 220
68 68
214 214
258 258
План
Ожидаемое (прогноз до конца года)
Интер РАО(для ФСК)
Промышленныепотребители
Транспорт
Нефтедобыча
Нефтеперераб…
Нефтепроводы
Газопроводы
Сельское хозя…
Непромышлен…
Государственн…
Население иприравненныегруппыпотребителей
Территориальн…
абс.
%
Прогноз на месяц 
Ноябрь
КПО/Отпуск из сети 
Отпуск из сети, млн. кВт.ч
Организация 
Все
Прогноз электропотребления и выручки за услуги по передаче в разрезе отраслей'

18-11-2024T04:37:33 - [TEST_STEP][PASSED] - b8 = b8.replaceAll("[^0-9]", ""): null

18-11-2024T04:37:33 - [TEST_STEP][PASSED] - println("b8:" + b8): null

18-11-2024T04:37:33 - [TEST_STEP][PASSED] - click(findTestObject("Прогноз по отраслям/Фильтр Сравнение с Стресс")): Object: 'Object Repository/Прогноз по отраслям/Фильтр Сравнение с Стресс' is clicked on

18-11-2024T04:37:33 - [MESSAGE][PASSED] - Object: 'Object Repository/Прогноз по отраслям/Фильтр Сравнение с Стресс' is clicked on

18-11-2024T04:37:33 - [TEST_STEP][PASSED] - click(findTestObject("Прогноз по отраслям/План СУ Стресс")): Object: 'Object Repository/Прогноз по отраслям/План СУ Стресс' is clicked on

18-11-2024T04:37:35 - [MESSAGE][PASSED] - Object: 'Object Repository/Прогноз по отраслям/План СУ Стресс' is clicked on

18-11-2024T04:37:35 - [TEST_STEP][PASSED] - delay(40): Delayed 40 second(s)

18-11-2024T04:38:15 - [MESSAGE][PASSED] - Delayed 40 second(s)

18-11-2024T04:38:15 - [TEST_STEP][PASSED] - b9 = getText(findTestObject("Прогноз по отраслям/Виджеты дашборда")): Text of object 'Object Repository/Прогноз по отраслям/Виджеты дашборда' is: 'Год 
2023 год
Сравнение с 
План/СУ
Отклонения по ПАО Россети на 2023 год
243.5 243.5
11 013.5 11 013.5
674.8 674.8
32 765.3 32 765.3
1 049.4 1 049.4
271.8 271.8
495.2 495.2
588.7 588.7
-7 607.7 -7 607.7
31.9 31.9
-1 318.1 -1 318.1
10 906.5 10 906.5
⬤ Отклонение, млн. кВт.ч
Интер РАО (для ФСК)
Промышленные потребители
Транспорт
Нефтедобыча
Нефтепереработка
Нефтепроводы
Газопроводы
Сельское хозяйство и пищевая про…
Непромышленные потребители
Государственные (муниципальные…
Население и приравненные группы…
Территориальные сетевые организ…
Выручка отклонения по ПАО Россети на 2023 год
⬤ Отклонение, млн. руб
Интер РАО (для ФСК)
Промышленные потребители
Транспорт
Нефтедобыча
Нефтепереработка
Нефтепроводы
Газопроводы
Сельское хозяйство и пищевая про…
Непромышленные потребители
Государственные (муниципальные…
Население и приравненные группы…
Территориальные сетевые организ…
Динамика электропотребления, млрд. кВт.ч., по ПАО Россети на 2023 год
10 10
186 186
36 36
15 15
9 9
14 14
4 4
17 17
88 88
19 19
83 83
597 597
10 10
197 197
37 37
48 48
10 10
15 15
4 4
18 18
80 80
19 19
82 82
608 608
СУ
Ожидаемое (прогноз до конца года)
Интер РАО(для ФСК)
Промышленныепотребители
Транспорт
Нефтедобыча
Нефтеперераб…
Нефтепроводы
Газопроводы
Сельское хозя…
Непромышлен…
Государственн…
Население иприравненныегруппыпотребителей
Территориальн…
Выручка, млрд. руб, по ПАО Россети на 2023 год
6 6
331 331
82 82
77 77
20 20
20 20
3 3
57 57
220 220
68 68
214 214
258 258
Ожидаемое (прогноз до конца года)
Интер РАО(для ФСК)
Промышленныепотребители
Транспорт
Нефтедобыча
Нефтеперераб…
Нефтепроводы
Газопроводы
Сельское хозя…
Непромышлен…
Государственн…
Население иприравненныегруппыпотребителей
Территориальн…
абс.
%
Прогноз на месяц 
Ноябрь
КПО/Отпуск из сети 
Отпуск из сети, млн. кВт.ч
Организация 
Все
Прогноз электропотребления и выручки за услуги по передаче в разрезе отраслей'

18-11-2024T04:38:15 - [MESSAGE][PASSED] - Text of object 'Object Repository/Прогноз по отраслям/Виджеты дашборда' is: 'Год 
2023 год
Сравнение с 
План/СУ
Отклонения по ПАО Россети на 2023 год
243.5 243.5
11 013.5 11 013.5
674.8 674.8
32 765.3 32 765.3
1 049.4 1 049.4
271.8 271.8
495.2 495.2
588.7 588.7
-7 607.7 -7 607.7
31.9 31.9
-1 318.1 -1 318.1
10 906.5 10 906.5
⬤ Отклонение, млн. кВт.ч
Интер РАО (для ФСК)
Промышленные потребители
Транспорт
Нефтедобыча
Нефтепереработка
Нефтепроводы
Газопроводы
Сельское хозяйство и пищевая про…
Непромышленные потребители
Государственные (муниципальные…
Население и приравненные группы…
Территориальные сетевые организ…
Выручка отклонения по ПАО Россети на 2023 год
⬤ Отклонение, млн. руб
Интер РАО (для ФСК)
Промышленные потребители
Транспорт
Нефтедобыча
Нефтепереработка
Нефтепроводы
Газопроводы
Сельское хозяйство и пищевая про…
Непромышленные потребители
Государственные (муниципальные…
Население и приравненные группы…
Территориальные сетевые организ…
Динамика электропотребления, млрд. кВт.ч., по ПАО Россети на 2023 год
10 10
186 186
36 36
15 15
9 9
14 14
4 4
17 17
88 88
19 19
83 83
597 597
10 10
197 197
37 37
48 48
10 10
15 15
4 4
18 18
80 80
19 19
82 82
608 608
СУ
Ожидаемое (прогноз до конца года)
Интер РАО(для ФСК)
Промышленныепотребители
Транспорт
Нефтедобыча
Нефтеперераб…
Нефтепроводы
Газопроводы
Сельское хозя…
Непромышлен…
Государственн…
Население иприравненныегруппыпотребителей
Территориальн…
Выручка, млрд. руб, по ПАО Россети на 2023 год
6 6
331 331
82 82
77 77
20 20
20 20
3 3
57 57
220 220
68 68
214 214
258 258
Ожидаемое (прогноз до конца года)
Интер РАО(для ФСК)
Промышленныепотребители
Транспорт
Нефтедобыча
Нефтеперераб…
Нефтепроводы
Газопроводы
Сельское хозя…
Непромышлен…
Государственн…
Население иприравненныегруппыпотребителей
Территориальн…
абс.
%
Прогноз на месяц 
Ноябрь
КПО/Отпуск из сети 
Отпуск из сети, млн. кВт.ч
Организация 
Все
Прогноз электропотребления и выручки за услуги по передаче в разрезе отраслей'

18-11-2024T04:38:15 - [TEST_STEP][PASSED] - b9 = b9.replaceAll("[^0-9]", ""): null

18-11-2024T04:38:15 - [TEST_STEP][PASSED] - println("b9:" + b9): null

18-11-2024T04:38:15 - [TEST_STEP][PASSED] - click(findTestObject("Прогноз по отраслям/Фильтр Сравнение с Стресс")): Object: 'Object Repository/Прогноз по отраслям/Фильтр Сравнение с Стресс' is clicked on

18-11-2024T04:38:16 - [MESSAGE][PASSED] - Object: 'Object Repository/Прогноз по отраслям/Фильтр Сравнение с Стресс' is clicked on

18-11-2024T04:38:16 - [TEST_STEP][PASSED] - click(findTestObject("Прогноз по отраслям/Факт прошлого года Стресс")): Object: 'Object Repository/Прогноз по отраслям/Факт прошлого года Стресс' is clicked on

18-11-2024T04:38:17 - [MESSAGE][PASSED] - Object: 'Object Repository/Прогноз по отраслям/Факт прошлого года Стресс' is clicked on

18-11-2024T04:38:17 - [TEST_STEP][PASSED] - click(findTestObject("Прогноз по отраслям/Фильтр КПО-Отпуск Стресс")): Object: 'Object Repository/Прогноз по отраслям/Фильтр КПО-Отпуск Стресс' is clicked on

18-11-2024T04:38:19 - [MESSAGE][PASSED] - Object: 'Object Repository/Прогноз по отраслям/Фильтр КПО-Отпуск Стресс' is clicked on

18-11-2024T04:38:19 - [TEST_STEP][PASSED] - click(findTestObject("Прогноз по отраслям/КПО Стресс")): Object: 'Object Repository/Прогноз по отраслям/КПО Стресс' is clicked on

18-11-2024T04:38:20 - [MESSAGE][PASSED] - Object: 'Object Repository/Прогноз по отраслям/КПО Стресс' is clicked on

18-11-2024T04:38:20 - [TEST_STEP][PASSED] - delay(40): Delayed 40 second(s)

18-11-2024T04:39:00 - [MESSAGE][PASSED] - Delayed 40 second(s)

18-11-2024T04:39:00 - [TEST_STEP][PASSED] - b10 = getText(findTestObject("Прогноз по отраслям/Виджеты дашборда")): Text of object 'Object Repository/Прогноз по отраслям/Виджеты дашборда' is: 'Год 
2023 год
Сравнение с 
Факт прошлого года
Отклонения по ПАО Россети на 2023 год
0.0 0.0
646.5 646.5
341.1 341.1
-2 455.6 -2 455.6
245.6 245.6
-1 796.0 -1 796.0
676.2 676.2
452.4 452.4
1 386.2 1 386.2
527.5 527.5
-1 130.4 -1 130.4
-128.7 -128.7
⬤ Отклонение, млн. кВт.ч
Интер РАО (для ФСК)
Промышленные потребители
Транспорт
Нефтедобыча
Нефтепереработка
Нефтепроводы
Газопроводы
Сельское хозяйство и пищевая про…
Непромышленные потребители
Государственные (муниципальные…
Население и приравненные группы…
Территориальные сетевые организ…
Выручка отклонения по ПАО Россети на 2023 год
421.3 421.3
45 574.9 45 574.9
9 547.5 9 547.5
4 889.3 4 889.3
2 337.4 2 337.4
-1 682.6 -1 682.6
2 919.4 2 919.4
7 110.2 7 110.2
19 840.8 19 840.8
7 289.5 7 289.5
23 664.8 23 664.8
31 028.3 31 028.3
⬤ Отклонение, млн. руб
Интер РАО (для ФСК)
Промышленные потребители
Транспорт
Нефтедобыча
Нефтепереработка
Нефтепроводы
Газопроводы
Сельское хозяйство и пищевая про…
Непромышленные потребители
Государственные (муниципальные…
Население и приравненные группы…
Территориальные сетевые организ…
Динамика электропотребления, млрд. кВт.ч., по ПАО Россети на 2023 год
0 0
120 120
38 38
41 41
8 8
10 10
0 0
19 19
77 77
25 25
122 122
61 61
0 0
120 120
39 39
39 39
8 8
8 8
1 1
20 20
78 78
26 26
121 121
60 60
Факт прошлого года
Ожидаемое (прогноз до конца года)
Интер РАО(для ФСК)
Промышленныепотребители
Транспорт
Нефтедобыча
Нефтеперераб…
Нефтепроводы
Газопроводы
Сельское хозя…
Непромышлен…
Государственн…
Население иприравненныегруппыпотребителей
Территориальн…
Выручка, млрд. руб, по ПАО Россети на 2023 год
5 5
285 285
72 72
72 72
18 18
22 22
0 0
50 50
201 201
61 61
190 190
227 227
6 6
331 331
82 82
77 77
20 20
20 20
3 3
57 57
220 220
68 68
214 214
258 258
Факт прошлого года
Ожидаемое (прогноз до конца года)
Интер РАО(для ФСК)
Промышленныепотребители
Транспорт
Нефтедобыча
Нефтеперераб…
Нефтепроводы
Газопроводы
Сельское хозя…
Непромышлен…
Государственн…
Население иприравненныегруппыпотребителей
Территориальн…
абс.
%
Прогноз на месяц 
Ноябрь
КПО/Отпуск из сети 
Котловой полезный отпуск, млн. кВт.ч
Организация 
Все
Прогноз электропотребления и выручки за услуги по передаче в разрезе отраслей'

18-11-2024T04:39:01 - [MESSAGE][PASSED] - Text of object 'Object Repository/Прогноз по отраслям/Виджеты дашборда' is: 'Год 
2023 год
Сравнение с 
Факт прошлого года
Отклонения по ПАО Россети на 2023 год
0.0 0.0
646.5 646.5
341.1 341.1
-2 455.6 -2 455.6
245.6 245.6
-1 796.0 -1 796.0
676.2 676.2
452.4 452.4
1 386.2 1 386.2
527.5 527.5
-1 130.4 -1 130.4
-128.7 -128.7
⬤ Отклонение, млн. кВт.ч
Интер РАО (для ФСК)
Промышленные потребители
Транспорт
Нефтедобыча
Нефтепереработка
Нефтепроводы
Газопроводы
Сельское хозяйство и пищевая про…
Непромышленные потребители
Государственные (муниципальные…
Население и приравненные группы…
Территориальные сетевые организ…
Выручка отклонения по ПАО Россети на 2023 год
421.3 421.3
45 574.9 45 574.9
9 547.5 9 547.5
4 889.3 4 889.3
2 337.4 2 337.4
-1 682.6 -1 682.6
2 919.4 2 919.4
7 110.2 7 110.2
19 840.8 19 840.8
7 289.5 7 289.5
23 664.8 23 664.8
31 028.3 31 028.3
⬤ Отклонение, млн. руб
Интер РАО (для ФСК)
Промышленные потребители
Транспорт
Нефтедобыча
Нефтепереработка
Нефтепроводы
Газопроводы
Сельское хозяйство и пищевая про…
Непромышленные потребители
Государственные (муниципальные…
Население и приравненные группы…
Территориальные сетевые организ…
Динамика электропотребления, млрд. кВт.ч., по ПАО Россети на 2023 год
0 0
120 120
38 38
41 41
8 8
10 10
0 0
19 19
77 77
25 25
122 122
61 61
0 0
120 120
39 39
39 39
8 8
8 8
1 1
20 20
78 78
26 26
121 121
60 60
Факт прошлого года
Ожидаемое (прогноз до конца года)
Интер РАО(для ФСК)
Промышленныепотребители
Транспорт
Нефтедобыча
Нефтеперераб…
Нефтепроводы
Газопроводы
Сельское хозя…
Непромышлен…
Государственн…
Население иприравненныегруппыпотребителей
Территориальн…
Выручка, млрд. руб, по ПАО Россети на 2023 год
5 5
285 285
72 72
72 72
18 18
22 22
0 0
50 50
201 201
61 61
190 190
227 227
6 6
331 331
82 82
77 77
20 20
20 20
3 3
57 57
220 220
68 68
214 214
258 258
Факт прошлого года
Ожидаемое (прогноз до конца года)
Интер РАО(для ФСК)
Промышленныепотребители
Транспорт
Нефтедобыча
Нефтеперераб…
Нефтепроводы
Газопроводы
Сельское хозя…
Непромышлен…
Государственн…
Население иприравненныегруппыпотребителей
Территориальн…
абс.
%
Прогноз на месяц 
Ноябрь
КПО/Отпуск из сети 
Котловой полезный отпуск, млн. кВт.ч
Организация 
Все
Прогноз электропотребления и выручки за услуги по передаче в разрезе отраслей'

18-11-2024T04:39:01 - [TEST_STEP][PASSED] - b10 = b10.replaceAll("[^0-9]", ""): null

18-11-2024T04:39:01 - [TEST_STEP][PASSED] - println("b10:" + b10): null

18-11-2024T04:39:01 - [TEST_STEP][PASSED] - click(findTestObject("Прогноз по отраслям/Фильтр Сравнение с Стресс")): Object: 'Object Repository/Прогноз по отраслям/Фильтр Сравнение с Стресс' is clicked on

18-11-2024T04:39:02 - [MESSAGE][PASSED] - Object: 'Object Repository/Прогноз по отраслям/Фильтр Сравнение с Стресс' is clicked on

18-11-2024T04:39:02 - [TEST_STEP][PASSED] - click(findTestObject("Прогноз по отраслям/План Стресс")): Object: 'Object Repository/Прогноз по отраслям/План Стресс' is clicked on

18-11-2024T04:39:03 - [MESSAGE][PASSED] - Object: 'Object Repository/Прогноз по отраслям/План Стресс' is clicked on

18-11-2024T04:39:03 - [TEST_STEP][PASSED] - delay(40): Delayed 40 second(s)

18-11-2024T04:39:43 - [MESSAGE][PASSED] - Delayed 40 second(s)

18-11-2024T04:39:43 - [TEST_STEP][PASSED] - b11 = getText(findTestObject("Прогноз по отраслям/Виджеты дашборда")): Text of object 'Object Repository/Прогноз по отраслям/Виджеты дашборда' is: 'Год 
2023 год
Сравнение с 
План
Отклонения по ПАО Россети на 2023 год
0.0 0.0
1 471.7 1 471.7
1 186.5 1 186.5
32 445.2 32 445.2
1 268.3 1 268.3
349.4 349.4
84.3 84.3
239.8 239.8
2 969.4 2 969.4
589.2 589.2
-1 798.4 -1 798.4
5 359.3 5 359.3
⬤ Отклонение, млн. кВт.ч
Интер РАО (для ФСК)
Промышленные потребители
Транспорт
Нефтедобыча
Нефтепереработка
Нефтепроводы
Газопроводы
Сельское хозяйство и пищевая про…
Непромышленные потребители
Государственные (муниципальные…
Население и приравненные группы…
Территориальные сетевые организ…
Выручка отклонения по ПАО Россети на 2023 год
794.9 794.9
12 195.0 12 195.0
972.7 972.7
61 803.9 61 803.9
4 222.3 4 222.3
-121.8 -121.8
666.2 666.2
873.2 873.2
5 809.6 5 809.6
1 342.6 1 342.6
-4 463.2 -4 463.2
18 375.5 18 375.5
⬤ Отклонение, млн. руб
Интер РАО (для ФСК)
Промышленные потребители
Транспорт
Нефтедобыча
Нефтепереработка
Нефтепроводы
Газопроводы
Сельское хозяйство и пищевая про…
Непромышленные потребители
Государственные (муниципальные…
Население и приравненные группы…
Территориальные сетевые организ…
Динамика электропотребления, млрд. кВт.ч., по ПАО Россети на 2023 год
0 0
119 119
37 37
7 7
7 7
8 8
1 1
19 19
75 75
25 25
123 123
55 55
0 0
120 120
39 39
39 39
8 8
8 8
1 1
20 20
78 78
26 26
121 121
60 60
План
Ожидаемое (прогноз до конца года)
Интер РАО(для ФСК)
Промышленныепотребители
Транспорт
Нефтедобыча
Нефтеперераб…
Нефтепроводы
Газопроводы
Сельское хозя…
Непромышлен…
Государственн…
Население иприравненныегруппыпотребителей
Территориальн…
Выручка, млрд. руб, по ПАО Россети на 2023 год
5 5
319 319
81 81
16 16
16 16
20 20
2 2
56 56
215 215
67 67
218 218
239 239
6 6
331 331
82 82
77 77
20 20
20 20
3 3
57 57
220 220
68 68
214 214
258 258
План
Ожидаемое (прогноз до конца года)
Интер РАО(для ФСК)
Промышленныепотребители
Транспорт
Нефтедобыча
Нефтеперераб…
Нефтепроводы
Газопроводы
Сельское хозя…
Непромышлен…
Государственн…
Население иприравненныегруппыпотребителей
Территориальн…
абс.
%
Прогноз на месяц 
Ноябрь
КПО/Отпуск из сети 
Котловой полезный отпуск, млн. кВт.ч
Организация 
Все
Прогноз электропотребления и выручки за услуги по передаче в разрезе отраслей'

18-11-2024T04:39:44 - [MESSAGE][PASSED] - Text of object 'Object Repository/Прогноз по отраслям/Виджеты дашборда' is: 'Год 
2023 год
Сравнение с 
План
Отклонения по ПАО Россети на 2023 год
0.0 0.0
1 471.7 1 471.7
1 186.5 1 186.5
32 445.2 32 445.2
1 268.3 1 268.3
349.4 349.4
84.3 84.3
239.8 239.8
2 969.4 2 969.4
589.2 589.2
-1 798.4 -1 798.4
5 359.3 5 359.3
⬤ Отклонение, млн. кВт.ч
Интер РАО (для ФСК)
Промышленные потребители
Транспорт
Нефтедобыча
Нефтепереработка
Нефтепроводы
Газопроводы
Сельское хозяйство и пищевая про…
Непромышленные потребители
Государственные (муниципальные…
Население и приравненные группы…
Территориальные сетевые организ…
Выручка отклонения по ПАО Россети на 2023 год
794.9 794.9
12 195.0 12 195.0
972.7 972.7
61 803.9 61 803.9
4 222.3 4 222.3
-121.8 -121.8
666.2 666.2
873.2 873.2
5 809.6 5 809.6
1 342.6 1 342.6
-4 463.2 -4 463.2
18 375.5 18 375.5
⬤ Отклонение, млн. руб
Интер РАО (для ФСК)
Промышленные потребители
Транспорт
Нефтедобыча
Нефтепереработка
Нефтепроводы
Газопроводы
Сельское хозяйство и пищевая про…
Непромышленные потребители
Государственные (муниципальные…
Население и приравненные группы…
Территориальные сетевые организ…
Динамика электропотребления, млрд. кВт.ч., по ПАО Россети на 2023 год
0 0
119 119
37 37
7 7
7 7
8 8
1 1
19 19
75 75
25 25
123 123
55 55
0 0
120 120
39 39
39 39
8 8
8 8
1 1
20 20
78 78
26 26
121 121
60 60
План
Ожидаемое (прогноз до конца года)
Интер РАО(для ФСК)
Промышленныепотребители
Транспорт
Нефтедобыча
Нефтеперераб…
Нефтепроводы
Газопроводы
Сельское хозя…
Непромышлен…
Государственн…
Население иприравненныегруппыпотребителей
Территориальн…
Выручка, млрд. руб, по ПАО Россети на 2023 год
5 5
319 319
81 81
16 16
16 16
20 20
2 2
56 56
215 215
67 67
218 218
239 239
6 6
331 331
82 82
77 77
20 20
20 20
3 3
57 57
220 220
68 68
214 214
258 258
План
Ожидаемое (прогноз до конца года)
Интер РАО(для ФСК)
Промышленныепотребители
Транспорт
Нефтедобыча
Нефтеперераб…
Нефтепроводы
Газопроводы
Сельское хозя…
Непромышлен…
Государственн…
Население иприравненныегруппыпотребителей
Территориальн…
абс.
%
Прогноз на месяц 
Ноябрь
КПО/Отпуск из сети 
Котловой полезный отпуск, млн. кВт.ч
Организация 
Все
Прогноз электропотребления и выручки за услуги по передаче в разрезе отраслей'

18-11-2024T04:39:44 - [TEST_STEP][PASSED] - println("b11:" + b11): null

18-11-2024T04:39:44 - [TEST_STEP][PASSED] - b11 = b11.replaceAll("[^0-9]", ""): null

18-11-2024T04:39:44 - [TEST_STEP][PASSED] - println("b11:" + b11): null

18-11-2024T04:39:44 - [TEST_STEP][PASSED] - click(findTestObject("Прогноз по отраслям/Фильтр Сравнение с Стресс")): Object: 'Object Repository/Прогноз по отраслям/Фильтр Сравнение с Стресс' is clicked on

18-11-2024T04:39:44 - [MESSAGE][PASSED] - Object: 'Object Repository/Прогноз по отраслям/Фильтр Сравнение с Стресс' is clicked on

18-11-2024T04:39:44 - [TEST_STEP][PASSED] - click(findTestObject("Прогноз по отраслям/План СУ Стресс")): Object: 'Object Repository/Прогноз по отраслям/План СУ Стресс' is clicked on

18-11-2024T04:39:45 - [MESSAGE][PASSED] - Object: 'Object Repository/Прогноз по отраслям/План СУ Стресс' is clicked on

18-11-2024T04:39:45 - [TEST_STEP][PASSED] - delay(40): Delayed 40 second(s)

18-11-2024T04:40:25 - [MESSAGE][PASSED] - Delayed 40 second(s)

18-11-2024T04:40:25 - [TEST_STEP][PASSED] - b12 = getText(findTestObject("Прогноз по отраслям/Виджеты дашборда")): Text of object 'Object Repository/Прогноз по отраслям/Виджеты дашборда' is: 'Год 
2023 год
Сравнение с 
План/СУ
Отклонения по ПАО Россети на 2023 год
0.0 0.0
120 322.6 120 322.6
38 655.4 38 655.4
39 037.8 39 037.8
8 291.7 8 291.7
8 259.5 8 259.5
793.1 793.1
19 706.6 19 706.6
78 310.2 78 310.2
25 579.5 25 579.5
121 219.7 121 219.7
60 414.9 60 414.9
⬤ Отклонение, млн. кВт.ч
Интер РАО (для ФСК)
Промышленные потребители
Транспорт
Нефтедобыча
Нефтепереработка
Нефтепроводы
Газопроводы
Сельское хозяйство и пищевая про…
Непромышленные потребители
Государственные (муниципальные…
Население и приравненные группы…
Территориальные сетевые организ…
Выручка отклонения по ПАО Россети на 2023 год
⬤ Отклонение, млн. руб
Интер РАО (для ФСК)
Промышленные потребители
Транспорт
Нефтедобыча
Нефтепереработка
Нефтепроводы
Газопроводы
Сельское хозяйство и пищевая про…
Непромышленные потребители
Государственные (муниципальные…
Население и приравненные группы…
Территориальные сетевые организ…
Динамика электропотребления, млрд. кВт.ч., по ПАО Россети на 2023 год
0 0
0 0
0 0
0 0
0 0
0 0
0 0
0 0
0 0
0 0
0 0
0 0
0 0
120 120
39 39
39 39
8 8
8 8
1 1
20 20
78 78
26 26
121 121
60 60
СУ
Ожидаемое (прогноз до конца года)
Интер РАО(для ФСК)
Промышленныепотребители
Транспорт
Нефтедобыча
Нефтеперераб…
Нефтепроводы
Газопроводы
Сельское хозя…
Непромышлен…
Государственн…
Население иприравненныегруппыпотребителей
Территориальн…
Выручка, млрд. руб, по ПАО Россети на 2023 год
6 6
331 331
82 82
77 77
20 20
20 20
3 3
57 57
220 220
68 68
214 214
258 258
Ожидаемое (прогноз до конца года)
Интер РАО(для ФСК)
Промышленныепотребители
Транспорт
Нефтедобыча
Нефтеперераб…
Нефтепроводы
Газопроводы
Сельское хозя…
Непромышлен…
Государственн…
Население иприравненныегруппыпотребителей
Территориальн…
абс.
%
Прогноз на месяц 
Ноябрь
КПО/Отпуск из сети 
Котловой полезный отпуск, млн. кВт.ч
Организация 
Все
Прогноз электропотребления и выручки за услуги по передаче в разрезе отраслей'

18-11-2024T04:40:26 - [MESSAGE][PASSED] - Text of object 'Object Repository/Прогноз по отраслям/Виджеты дашборда' is: 'Год 
2023 год
Сравнение с 
План/СУ
Отклонения по ПАО Россети на 2023 год
0.0 0.0
120 322.6 120 322.6
38 655.4 38 655.4
39 037.8 39 037.8
8 291.7 8 291.7
8 259.5 8 259.5
793.1 793.1
19 706.6 19 706.6
78 310.2 78 310.2
25 579.5 25 579.5
121 219.7 121 219.7
60 414.9 60 414.9
⬤ Отклонение, млн. кВт.ч
Интер РАО (для ФСК)
Промышленные потребители
Транспорт
Нефтедобыча
Нефтепереработка
Нефтепроводы
Газопроводы
Сельское хозяйство и пищевая про…
Непромышленные потребители
Государственные (муниципальные…
Население и приравненные группы…
Территориальные сетевые организ…
Выручка отклонения по ПАО Россети на 2023 год
⬤ Отклонение, млн. руб
Интер РАО (для ФСК)
Промышленные потребители
Транспорт
Нефтедобыча
Нефтепереработка
Нефтепроводы
Газопроводы
Сельское хозяйство и пищевая про…
Непромышленные потребители
Государственные (муниципальные…
Население и приравненные группы…
Территориальные сетевые организ…
Динамика электропотребления, млрд. кВт.ч., по ПАО Россети на 2023 год
0 0
0 0
0 0
0 0
0 0
0 0
0 0
0 0
0 0
0 0
0 0
0 0
0 0
120 120
39 39
39 39
8 8
8 8
1 1
20 20
78 78
26 26
121 121
60 60
СУ
Ожидаемое (прогноз до конца года)
Интер РАО(для ФСК)
Промышленныепотребители
Транспорт
Нефтедобыча
Нефтеперераб…
Нефтепроводы
Газопроводы
Сельское хозя…
Непромышлен…
Государственн…
Население иприравненныегруппыпотребителей
Территориальн…
Выручка, млрд. руб, по ПАО Россети на 2023 год
6 6
331 331
82 82
77 77
20 20
20 20
3 3
57 57
220 220
68 68
214 214
258 258
Ожидаемое (прогноз до конца года)
Интер РАО(для ФСК)
Промышленныепотребители
Транспорт
Нефтедобыча
Нефтеперераб…
Нефтепроводы
Газопроводы
Сельское хозя…
Непромышлен…
Государственн…
Население иприравненныегруппыпотребителей
Территориальн…
абс.
%
Прогноз на месяц 
Ноябрь
КПО/Отпуск из сети 
Котловой полезный отпуск, млн. кВт.ч
Организация 
Все
Прогноз электропотребления и выручки за услуги по передаче в разрезе отраслей'

18-11-2024T04:40:26 - [TEST_STEP][PASSED] - b12 = b12.replaceAll("[^0-9]", ""): null

18-11-2024T04:40:26 - [TEST_STEP][PASSED] - println("b12:" + b12): null

18-11-2024T04:40:26 - [TEST_STEP][PASSED] - if (verifyEqual(a1, b1) == true): Actual object '20232023121218618636365050101019190017178585191982826046041010197197373748481010151544181880801919828260860820235528528572727272181822220050502012016161190190227227663313318282777720202020335757220220686821421425825820231851855959363639390909207207331323313238385656131309090707202377771601601321326767133133777713315133151421429999120120124124137137' and expected object '20232023121218618636365050101019190017178585191982826046041010197197373748481010151544181880801919828260860820235528528572727272181822220050502012016161190190227227663313318282777720202020335757220220686821421425825820231851855959363639390909207207331323313238385656131309090707202377771601601321326767133133777713315133151421429999120120124124137137' are equal

18-11-2024T04:40:26 - [MESSAGE][PASSED] - Actual object '20232023121218618636365050101019190017178585191982826046041010197197373748481010151544181880801919828260860820235528528572727272181822220050502012016161190190227227663313318282777720202020335757220220686821421425825820231851855959363639390909207207331323313238385656131309090707202377771601601321326767133133777713315133151421429999120120124124137137' and expected object '20232023121218618636365050101019190017178585191982826046041010197197373748481010151544181880801919828260860820235528528572727272181822220050502012016161190190227227663313318282777720202020335757220220686821421425825820231851855959363639390909207207331323313238385656131309090707202377771601601321326767133133777713315133151421429999120120124124137137' are equal

18-11-2024T04:40:26 - [TEST_STEP][PASSED] - if (verifyEqual(a2, b2) == true): Actual object '202320231010190190363614149914144417178080191982825885881010197197373748481010151544181880801919828260860820235531931981811616161620202256562152156767218218239239663313318282777720202020335757220220686821421425825820234747383819192303230310910942422172173939060616161010333320231561563838121239823982269269060626926915152727202020207979' and expected object '202320231010190190363614149914144417178080191982825885881010197197373748481010151544181880801919828260860820235531931981811616161620202256562152156767218218239239663313318282777720202020335757220220686821421425825820234747383819192303230310910942422172173939060616161010333320231561563838121239823982269269060626926915152727202020207979' are equal

18-11-2024T04:40:26 - [MESSAGE][PASSED] - Actual object '202320231010190190363614149914144417178080191982825885881010197197373748481010151544181880801919828260860820235531931981811616161620202256562152156767218218239239663313318282777720202020335757220220686821421425825820234747383819192303230310910942422172173939060616161010333320231561563838121239823982269269060626926915152727202020207979' and expected object '202320231010190190363614149914144417178080191982825885881010197197373748481010151544181880801919828260860820235531931981811616161620202256562152156767218218239239663313318282777720202020335757220220686821421425825820234747383819192303230310910942422172173939060616161010333320231561563838121239823982269269060626926915152727202020207979' are equal

18-11-2024T04:40:26 - [TEST_STEP][PASSED] - if (verifyEqual(a3, b3) == true): Actual object '2023202310101861863636151599141444171788881919838359759710101971973737484810101515441818808019198282608608202366331331828277772020202033575722022068682142142582582023252559591919219121911171171919131131353587870202161618182023' and expected object '2023202310101861863636151599141444171788881919838359759710101971973737484810101515441818808019198282608608202366331331828277772020202033575722022068682142142582582023252559591919219121911171171919131131353587870202161618182023' are equal

18-11-2024T04:40:26 - [MESSAGE][PASSED] - Actual object '2023202310101861863636151599141444171788881919838359759710101971973737484810101515441818808019198282608608202366331331828277772020202033575722022068682142142582582023252559591919219121911171171919131131353587870202161618182023' and expected object '2023202310101861863636151599141444171788881919838359759710101971973737484810101515441818808019198282608608202366331331828277772020202033575722022068682142142582582023252559591919219121911171171919131131353587870202161618182023' are equal

18-11-2024T04:40:26 - [TEST_STEP][PASSED] - if (verifyEqual(a4, b4) == true): Actual object '20232023001201203838414188101000191977772525122122616100120120393939398888112020787826261211216060202355285285727272721818222200505020120161611901902272276633133182827777202020203357572202206868214214258258202305050909595931311791795784578423231818212109090202202377771601601321326767133133777713315133151421429999120120124124137137' and expected object '20232023001201203838414188101000191977772525122122616100120120393939398888112020787826261211216060202355285285727272721818222200505020120161611901902272276633133182827777202020203357572202206868214214258258202305050909595931311791795784578423231818212109090202202377771601601321326767133133777713315133151421429999120120124124137137' are equal

18-11-2024T04:40:26 - [MESSAGE][PASSED] - Actual object '20232023001201203838414188101000191977772525122122616100120120393939398888112020787826261211216060202355285285727272721818222200505020120161611901902272276633133182827777202020203357572202206868214214258258202305050909595931311791795784578423231818212109090202202377771601601321326767133133777713315133151421429999120120124124137137' and expected object '20232023001201203838414188101000191977772525122122616100120120393939398888112020787826261211216060202355285285727272721818222200505020120161611901902272276633133182827777202020203357572202206868214214258258202305050909595931311791795784578423231818212109090202202377771601601321326767133133777713315133151421429999120120124124137137' are equal

18-11-2024T04:40:26 - [TEST_STEP][PASSED] - if (verifyEqual(a5, b5) == true): Actual object '20232023001191193737777788111919757525251231235555001201203939393988881120207878262612112160602023553193198181161616162020225656215215676721821823923966331331828277772020202033575722022068682142142582582023121232324921492118118144441191191212414124241414979720231561563838121239823982269269060626926915152727202020207979' and expected object '20232023001191193737777788111919757525251231235555001201203939393988881120207878262612112160602023553193198181161616162020225656215215676721821823923966331331828277772020202033575722022068682142142582582023121232324921492118118144441191191212414124241414979720231561563838121239823982269269060626926915152727202020207979' are equal

18-11-2024T04:40:26 - [MESSAGE][PASSED] - Actual object '20232023001191193737777788111919757525251231235555001201203939393988881120207878262612112160602023553193198181161616162020225656215215676721821823923966331331828277772020202033575722022068682142142582582023121232324921492118118144441191191212414124241414979720231561563838121239823982269269060626926915152727202020207979' and expected object '20232023001191193737777788111919757525251231235555001201203939393988881120207878262612112160602023553193198181161616162020225656215215676721821823923966331331828277772020202033575722022068682142142582582023121232324921492118118144441191191212414124241414979720231561563838121239823982269269060626926915152727202020207979' are equal

18-11-2024T04:40:26 - [TEST_STEP][PASSED] - if (verifyEqual(a6, b6) == true): Actual object '20232023000000000000000000000000001201203939393988881120207878262612112160602023663313318282777720202020335757220220686821421425825820232023' and expected object '20232023000000000000000000000000001201203939393988881120207878262612112160602023663313318282777720202020335757220220686821421425825820232023' are equal

18-11-2024T04:40:26 - [MESSAGE][PASSED] - Actual object '20232023000000000000000000000000001201203939393988881120207878262612112160602023663313318282777720202020335757220220686821421425825820232023' and expected object '20232023000000000000000000000000001201203939393988881120207878262612112160602023663313318282777720202020335757220220686821421425825820232023' are equal

18-11-2024T04:40:26 - [TEST_STEP][PASSED] - if (verifyEqual(a7, b7) == true): Actual object '202320232263522635110546110546128021280219475194759099093845038450416214162165176517472774727725652565723972394292342923202342134213455749455749954759547548893488932337423374168261682629194291947110271102198408198408728957289523664823664831028331028320231212186186363650501010191900171785851919828260460410101971973737484810101515441818808019198282608608202355285285727272721818222200505020120161611901902272276633133182827777202020203357572202206868214214258258' and expected object '202320232263522635110546110546128021280219475194759099093845038450416214162165176517472774727725652565723972394292342923202342134213455749455749954759547548893488932337423374168261682629194291947110271102198408198408728957289523664823664831028331028320231212186186363650501010191900171785851919828260460410101971973737484810101515441818808019198282608608202355285285727272721818222200505020120161611901902272276633133182827777202020203357572202206868214214258258' are equal

18-11-2024T04:40:26 - [MESSAGE][PASSED] - Actual object '202320232263522635110546110546128021280219475194759099093845038450416214162165176517472774727725652565723972394292342923202342134213455749455749954759547548893488932337423374168261682629194291947110271102198408198408728957289523664823664831028331028320231212186186363650501010191900171785851919828260460410101971973737484810101515441818808019198282608608202355285285727272721818222200505020120161611901902272276633133182827777202020203357572202206868214214258258' and expected object '202320232263522635110546110546128021280219475194759099093845038450416214162165176517472774727725652565723972394292342923202342134213455749455749954759547548893488932337423374168261682629194291947110271102198408198408728957289523664823664831028331028320231212186186363650501010191900171785851919828260460410101971973737484810101515441818808019198282608608202355285285727272721818222200505020120161611901902272276633133182827777202020203357572202206868214214258258' are equal

18-11-2024T04:40:26 - [TEST_STEP][PASSED] - if (verifyEqual(a8, b8) == true): Actual object '202320234922492271651716516893689333271733271798649864593859387640764067046704592459243088308894099409196041196041202379497949121950121950972797276180396180394222342223121812186662666287328732580965809613426134264463244632183755183755202310101901903636141499141444171780801919828258858810101971973737484810101515441818808019198282608608202355319319818116161616202022565621521567672182182392396633133182827777202020203357572202206868214214258258' and expected object '202320234922492271651716516893689333271733271798649864593859387640764067046704592459243088308894099409196041196041202379497949121950121950972797276180396180394222342223121812186662666287328732580965809613426134264463244632183755183755202310101901903636141499141444171780801919828258858810101971973737484810101515441818808019198282608608202355319319818116161616202022565621521567672182182392396633133182827777202020203357572202206868214214258258' are equal

18-11-2024T04:40:26 - [MESSAGE][PASSED] - Actual object '202320234922492271651716516893689333271733271798649864593859387640764067046704592459243088308894099409196041196041202379497949121950121950972797276180396180394222342223121812186662666287328732580965809613426134264463244632183755183755202310101901903636141499141444171780801919828258858810101971973737484810101515441818808019198282608608202355319319818116161616202022565621521567672182182392396633133182827777202020203357572202206868214214258258' and expected object '202320234922492271651716516893689333271733271798649864593859387640764067046704592459243088308894099409196041196041202379497949121950121950972797276180396180394222342223121812186662666287328732580965809613426134264463244632183755183755202310101901903636141499141444171780801919828258858810101971973737484810101515441818808019198282608608202355319319818116161616202022565621521567672182182392396633133182827777202020203357572202206868214214258258' are equal

18-11-2024T04:40:26 - [TEST_STEP][PASSED] - if (verifyEqual(a9, b9) == true): Actual object '202320232435243511013511013567486748327653327653104941049427182718495249525887588776077760773193191318113181109065109065202320231010186186363615159914144417178888191983835975971010197197373748481010151544181880801919828260860820236633133182827777202020203357572202206868214214258258' and expected object '202320232435243511013511013567486748327653327653104941049427182718495249525887588776077760773193191318113181109065109065202320231010186186363615159914144417178888191983835975971010197197373748481010151544181880801919828260860820236633133182827777202020203357572202206868214214258258' are equal

18-11-2024T04:40:26 - [MESSAGE][PASSED] - Actual object '202320232435243511013511013567486748327653327653104941049427182718495249525887588776077760773193191318113181109065109065202320231010186186363615159914144417178888191983835975971010197197373748481010151544181880801919828260860820236633133182827777202020203357572202206868214214258258' and expected object '202320232435243511013511013567486748327653327653104941049427182718495249525887588776077760773193191318113181109065109065202320231010186186363615159914144417178888191983835975971010197197373748481010151544181880801919828260860820236633133182827777202020203357572202206868214214258258' are equal

18-11-2024T04:40:26 - [TEST_STEP][PASSED] - if (verifyEqual(a10, b10) == true): Actual object '20232023000064656465341134112455624556245624561796017960676267624524452413862138625275527511304113041287128720234213421345574945574995475954754889348893233742337416826168262919429194711027110219840819840872895728952366482366483102833102832023001201203838414188101000191977772525122122616100120120393939398888112020787826261211216060202355285285727272721818222200505020120161611901902272276633133182827777202020203357572202206868214214258258' and expected object '20232023000064656465341134112455624556245624561796017960676267624524452413862138625275527511304113041287128720234213421345574945574995475954754889348893233742337416826168262919429194711027110219840819840872895728952366482366483102833102832023001201203838414188101000191977772525122122616100120120393939398888112020787826261211216060202355285285727272721818222200505020120161611901902272276633133182827777202020203357572202206868214214258258' are equal

18-11-2024T04:40:26 - [MESSAGE][PASSED] - Actual object '20232023000064656465341134112455624556245624561796017960676267624524452413862138625275527511304113041287128720234213421345574945574995475954754889348893233742337416826168262919429194711027110219840819840872895728952366482366483102833102832023001201203838414188101000191977772525122122616100120120393939398888112020787826261211216060202355285285727272721818222200505020120161611901902272276633133182827777202020203357572202206868214214258258' and expected object '20232023000064656465341134112455624556245624561796017960676267624524452413862138625275527511304113041287128720234213421345574945574995475954754889348893233742337416826168262919429194711027110219840819840872895728952366482366483102833102832023001201203838414188101000191977772525122122616100120120393939398888112020787826261211216060202355285285727272721818222200505020120161611901902272276633133182827777202020203357572202206868214214258258' are equal

18-11-2024T04:40:26 - [TEST_STEP][PASSED] - if (verifyEqual(a11, b11) == true): Actual object '202320230000147171471711865118653244523244521268312683349434948438432398239829694296945892589217984179845359353593202379497949121950121950972797276180396180394222342223121812186662666287328732580965809613426134264463244632183755183755202300119119373777778811191975752525123123555500120120393939398888112020787826261211216060202355319319818116161616202022565621521567672182182392396633133182827777202020203357572202206868214214258258' and expected object '202320230000147171471711865118653244523244521268312683349434948438432398239829694296945892589217984179845359353593202379497949121950121950972797276180396180394222342223121812186662666287328732580965809613426134264463244632183755183755202300119119373777778811191975752525123123555500120120393939398888112020787826261211216060202355319319818116161616202022565621521567672182182392396633133182827777202020203357572202206868214214258258' are equal

18-11-2024T04:40:26 - [MESSAGE][PASSED] - Actual object '202320230000147171471711865118653244523244521268312683349434948438432398239829694296945892589217984179845359353593202379497949121950121950972797276180396180394222342223121812186662666287328732580965809613426134264463244632183755183755202300119119373777778811191975752525123123555500120120393939398888112020787826261211216060202355319319818116161616202022565621521567672182182392396633133182827777202020203357572202206868214214258258' and expected object '202320230000147171471711865118653244523244521268312683349434948438432398239829694296945892589217984179845359353593202379497949121950121950972797276180396180394222342223121812186662666287328732580965809613426134264463244632183755183755202300119119373777778811191975752525123123555500120120393939398888112020787826261211216060202355319319818116161616202022565621521567672182182392396633133182827777202020203357572202206868214214258258' are equal

18-11-2024T04:40:26 - [TEST_STEP][PASSED] - if (verifyEqual(a12, b12) == true): Actual object '20232023000012032261203226386554386554390378390378829178291782595825957931793119706619706678310278310225579525579512121971212197604149604149202320230000000000000000000000000012012039393939888811202078782626121121606020236633133182827777202020203357572202206868214214258258' and expected object '20232023000012032261203226386554386554390378390378829178291782595825957931793119706619706678310278310225579525579512121971212197604149604149202320230000000000000000000000000012012039393939888811202078782626121121606020236633133182827777202020203357572202206868214214258258' are equal

18-11-2024T04:40:26 - [MESSAGE][PASSED] - Actual object '20232023000012032261203226386554386554390378390378829178291782595825957931793119706619706678310278310225579525579512121971212197604149604149202320230000000000000000000000000012012039393939888811202078782626121121606020236633133182827777202020203357572202206868214214258258' and expected object '20232023000012032261203226386554386554390378390378829178291782595825957931793119706619706678310278310225579525579512121971212197604149604149202320230000000000000000000000000012012039393939888811202078782626121121606020236633133182827777202020203357572202206868214214258258' are equal

18-11-2024T04:40:26 - [TEST_STEP][PASSED] - closeBrowser(): Browser is closed

18-11-2024T04:40:26 - [MESSAGE][PASSED] - Browser is closed]]></system-out>
         <system-err><![CDATA[]]></system-err>
      </testcase>
      <testcase name="Test Cases/Сверки дашбордов/Факторный анализ сверка дашбордов" time="187.674" classname="Test Cases/Сверки дашбордов/Факторный анализ сверка дашбордов" status="FAILED">
         <failure type="FAILED" message="Test Cases/Сверки дашбордов/Факторный анализ сверка дашбордов FAILED.&#xa;Reason:&#xa;com.kms.katalon.core.exception.StepFailedException: Unable to verify equal between actual object '-331405' and expected object '34260' (Root cause: com.kms.katalon.core.exception.StepFailedException: Actual object '-331405' and expected object '34260' are not equal&#xa;	at com.kms.katalon.core.keyword.builtin.VerifyEqualKeyword$_verifyEqual_closure1.doCall(VerifyEqualKeyword.groovy:58)&#xa;	at com.kms.katalon.core.keyword.builtin.VerifyEqualKeyword$_verifyEqual_closure1.call(VerifyEqualKeyword.groovy)&#xa;	at com.kms.katalon.core.keyword.internal.KeywordMain.runKeyword(KeywordMain.groovy:75)&#xa;	at com.kms.katalon.core.keyword.builtin.VerifyEqualKeyword.verifyEqual(VerifyEqualKeyword.groovy:63)&#xa;	at com.kms.katalon.core.keyword.builtin.VerifyEqualKeyword.execute(VerifyEqualKeyword.groovy:44)&#xa;	at com.kms.katalon.core.keyword.internal.KeywordExecutor.executeKeywordForPlatform(KeywordExecutor.groovy:74)&#xa;	at com.kms.katalon.core.keyword.BuiltinKeywords.verifyEqual(BuiltinKeywords.groovy:146)&#xa;	at jdk.internal.reflect.GeneratedMethodAccessor25.invoke(Unknown Source)&#xa;	at java.base/jdk.internal.reflect.DelegatingMethodAccessorImpl.invoke(DelegatingMethodAccessorImpl.java:43)&#xa;	at Факторный анализ сверка дашбордов.Compare(Факторный анализ сверка дашбордов:658)&#xa;	at Факторный анализ сверка дашбордов.Test(Факторный анализ сверка дашбордов:422)&#xa;	at Факторный анализ сверка дашбордов.run(Факторный анализ сверка дашбордов:44)&#xa;	at com.kms.katalon.core.main.ScriptEngine.run(ScriptEngine.java:194)&#xa;	at com.kms.katalon.core.main.ScriptEngine.runScriptAsRawText(ScriptEngine.java:119)&#xa;	at com.kms.katalon.core.main.TestCaseExecutor.runScript(TestCaseExecutor.java:448)&#xa;	at com.kms.katalon.core.main.TestCaseExecutor.doExecute(TestCaseExecutor.java:439)&#xa;	at com.kms.katalon.core.main.TestCaseExecutor.processExecutionPhase(TestCaseExecutor.java:418)&#xa;	at com.kms.katalon.core.main.TestCaseExecutor.accessMainPhase(TestCaseExecutor.java:410)&#xa;	at com.kms.katalon.core.main.TestCaseExecutor.execute(TestCaseExecutor.java:285)&#xa;	at com.kms.katalon.core.common.CommonExecutor.accessTestCaseMainPhase(CommonExecutor.java:65)&#xa;	at com.kms.katalon.core.main.TestSuiteExecutor.accessTestSuiteMainPhase(TestSuiteExecutor.java:150)&#xa;	at com.kms.katalon.core.main.TestSuiteExecutor.execute(TestSuiteExecutor.java:106)&#xa;	at com.kms.katalon.core.main.TestCaseMain.startTestSuite(TestCaseMain.java:180)&#xa;	at TempTestSuite1731886967590.run(TempTestSuite1731886967590.groovy:35)&#xa;	at java.base/jdk.internal.reflect.NativeMethodAccessorImpl.invoke0(Native Method)&#xa;	at java.base/jdk.internal.reflect.NativeMethodAccessorImpl.invoke(NativeMethodAccessorImpl.java:77)&#xa;	at java.base/jdk.internal.reflect.DelegatingMethodAccessorImpl.invoke(DelegatingMethodAccessorImpl.java:43)&#xa;)&#xa;	at com.kms.katalon.core.keyword.internal.KeywordMain.stepFailed(KeywordMain.groovy:39)&#xa;	at com.kms.katalon.core.keyword.internal.KeywordMain.stepFailed(KeywordMain.groovy)&#xa;	at com.kms.katalon.core.keyword.internal.KeywordMain.runKeyword(KeywordMain.groovy:77)&#xa;	at com.kms.katalon.core.keyword.builtin.VerifyEqualKeyword.verifyEqual(VerifyEqualKeyword.groovy:63)&#xa;	at com.kms.katalon.core.keyword.builtin.VerifyEqualKeyword.execute(VerifyEqualKeyword.groovy:44)&#xa;	at com.kms.katalon.core.keyword.internal.KeywordExecutor.executeKeywordForPlatform(KeywordExecutor.groovy:74)&#xa;	at com.kms.katalon.core.keyword.BuiltinKeywords.verifyEqual(BuiltinKeywords.groovy:146)&#xa;	at jdk.internal.reflect.GeneratedMethodAccessor25.invoke(Unknown Source)&#xa;	at java.base/jdk.internal.reflect.DelegatingMethodAccessorImpl.invoke(DelegatingMethodAccessorImpl.java:43)&#xa;	at Факторный анализ сверка дашбордов.Compare(Факторный анализ сверка дашбордов:658)&#xa;	at Факторный анализ сверка дашбордов.Test(Факторный анализ сверка дашбордов:422)&#xa;	at Факторный анализ сверка дашбордов.run(Факторный анализ сверка дашбордов:44)&#xa;	at com.kms.katalon.core.main.ScriptEngine.run(ScriptEngine.java:194)&#xa;	at com.kms.katalon.core.main.ScriptEngine.runScriptAsRawText(ScriptEngine.java:119)&#xa;	at com.kms.katalon.core.main.TestCaseExecutor.runScript(TestCaseExecutor.java:448)&#xa;	at com.kms.katalon.core.main.TestCaseExecutor.doExecute(TestCaseExecutor.java:439)&#xa;	at com.kms.katalon.core.main.TestCaseExecutor.processExecutionPhase(TestCaseExecutor.java:418)&#xa;	at com.kms.katalon.core.main.TestCaseExecutor.accessMainPhase(TestCaseExecutor.java:410)&#xa;	at com.kms.katalon.core.main.TestCaseExecutor.execute(TestCaseExecutor.java:285)&#xa;	at com.kms.katalon.core.common.CommonExecutor.accessTestCaseMainPhase(CommonExecutor.java:65)&#xa;	at com.kms.katalon.core.main.TestSuiteExecutor.accessTestSuiteMainPhase(TestSuiteExecutor.java:150)&#xa;	at com.kms.katalon.core.main.TestSuiteExecutor.execute(TestSuiteExecutor.java:106)&#xa;	at com.kms.katalon.core.main.TestCaseMain.startTestSuite(TestCaseMain.java:180)&#xa;	at TempTestSuite1731886967590.run(TempTestSuite1731886967590.groovy:35)&#xa;	at java.base/jdk.internal.reflect.NativeMethodAccessorImpl.invoke0(Native Method)&#xa;	at java.base/jdk.internal.reflect.NativeMethodAccessorImpl.invoke(NativeMethodAccessorImpl.java:77)&#xa;	at java.base/jdk.internal.reflect.DelegatingMethodAccessorImpl.invoke(DelegatingMethodAccessorImpl.java:43)&#xa;Caused by: com.kms.katalon.core.exception.StepFailedException: Actual object '-331405' and expected object '34260' are not equal&#xa;	at com.kms.katalon.core.keyword.builtin.VerifyEqualKeyword$_verifyEqual_closure1.doCall(VerifyEqualKeyword.groovy:58)&#xa;	at com.kms.katalon.core.keyword.builtin.VerifyEqualKeyword$_verifyEqual_closure1.call(VerifyEqualKeyword.groovy)&#xa;	at com.kms.katalon.core.keyword.internal.KeywordMain.runKeyword(KeywordMain.groovy:75)&#xa;	... 24 more&#xa;"/>
         <system-out><![CDATA[18-11-2024T04:40:26 - [TEST_CASE][FAILED] - Test Cases/Сверки дашбордов/Факторный анализ сверка дашбордов: Test Cases/Сверки дашбордов/Факторный анализ сверка дашбордов FAILED.
Reason:
com.kms.katalon.core.exception.StepFailedException: Unable to verify equal between actual object '-331405' and expected object '34260' (Root cause: com.kms.katalon.core.exception.StepFailedException: Actual object '-331405' and expected object '34260' are not equal
	at com.kms.katalon.core.keyword.builtin.VerifyEqualKeyword$_verifyEqual_closure1.doCall(VerifyEqualKeyword.groovy:58)
	at com.kms.katalon.core.keyword.builtin.VerifyEqualKeyword$_verifyEqual_closure1.call(VerifyEqualKeyword.groovy)
	at com.kms.katalon.core.keyword.internal.KeywordMain.runKeyword(KeywordMain.groovy:75)
	at com.kms.katalon.core.keyword.builtin.VerifyEqualKeyword.verifyEqual(VerifyEqualKeyword.groovy:63)
	at com.kms.katalon.core.keyword.builtin.VerifyEqualKeyword.execute(VerifyEqualKeyword.groovy:44)
	at com.kms.katalon.core.keyword.internal.KeywordExecutor.executeKeywordForPlatform(KeywordExecutor.groovy:74)
	at com.kms.katalon.core.keyword.BuiltinKeywords.verifyEqual(BuiltinKeywords.groovy:146)
	at jdk.internal.reflect.GeneratedMethodAccessor25.invoke(Unknown Source)
	at java.base/jdk.internal.reflect.DelegatingMethodAccessorImpl.invoke(DelegatingMethodAccessorImpl.java:43)
	at Факторный анализ сверка дашбордов.Compare(Факторный анализ сверка дашбордов:658)
	at Факторный анализ сверка дашбордов.Test(Факторный анализ сверка дашбордов:422)
	at Факторный анализ сверка дашбордов.run(Факторный анализ сверка дашбордов:44)
	at com.kms.katalon.core.main.ScriptEngine.run(ScriptEngine.java:194)
	at com.kms.katalon.core.main.ScriptEngine.runScriptAsRawText(ScriptEngine.java:119)
	at com.kms.katalon.core.main.TestCaseExecutor.runScript(TestCaseExecutor.java:448)
	at com.kms.katalon.core.main.TestCaseExecutor.doExecute(TestCaseExecutor.java:439)
	at com.kms.katalon.core.main.TestCaseExecutor.processExecutionPhase(TestCaseExecutor.java:418)
	at com.kms.katalon.core.main.TestCaseExecutor.accessMainPhase(TestCaseExecutor.java:410)
	at com.kms.katalon.core.main.TestCaseExecutor.execute(TestCaseExecutor.java:285)
	at com.kms.katalon.core.common.CommonExecutor.accessTestCaseMainPhase(CommonExecutor.java:65)
	at com.kms.katalon.core.main.TestSuiteExecutor.accessTestSuiteMainPhase(TestSuiteExecutor.java:150)
	at com.kms.katalon.core.main.TestSuiteExecutor.execute(TestSuiteExecutor.java:106)
	at com.kms.katalon.core.main.TestCaseMain.startTestSuite(TestCaseMain.java:180)
	at TempTestSuite1731886967590.run(TempTestSuite1731886967590.groovy:35)
	at java.base/jdk.internal.reflect.NativeMethodAccessorImpl.invoke0(Native Method)
	at java.base/jdk.internal.reflect.NativeMethodAccessorImpl.invoke(NativeMethodAccessorImpl.java:77)
	at java.base/jdk.internal.reflect.DelegatingMethodAccessorImpl.invoke(DelegatingMethodAccessorImpl.java:43)
)
	at com.kms.katalon.core.keyword.internal.KeywordMain.stepFailed(KeywordMain.groovy:39)
	at com.kms.katalon.core.keyword.internal.KeywordMain.stepFailed(KeywordMain.groovy)
	at com.kms.katalon.core.keyword.internal.KeywordMain.runKeyword(KeywordMain.groovy:77)
	at com.kms.katalon.core.keyword.builtin.VerifyEqualKeyword.verifyEqual(VerifyEqualKeyword.groovy:63)
	at com.kms.katalon.core.keyword.builtin.VerifyEqualKeyword.execute(VerifyEqualKeyword.groovy:44)
	at com.kms.katalon.core.keyword.internal.KeywordExecutor.executeKeywordForPlatform(KeywordExecutor.groovy:74)
	at com.kms.katalon.core.keyword.BuiltinKeywords.verifyEqual(BuiltinKeywords.groovy:146)
	at jdk.internal.reflect.GeneratedMethodAccessor25.invoke(Unknown Source)
	at java.base/jdk.internal.reflect.DelegatingMethodAccessorImpl.invoke(DelegatingMethodAccessorImpl.java:43)
	at Факторный анализ сверка дашбордов.Compare(Факторный анализ сверка дашбордов:658)
	at Факторный анализ сверка дашбордов.Test(Факторный анализ сверка дашбордов:422)
	at Факторный анализ сверка дашбордов.run(Факторный анализ сверка дашбордов:44)
	at com.kms.katalon.core.main.ScriptEngine.run(ScriptEngine.java:194)
	at com.kms.katalon.core.main.ScriptEngine.runScriptAsRawText(ScriptEngine.java:119)
	at com.kms.katalon.core.main.TestCaseExecutor.runScript(TestCaseExecutor.java:448)
	at com.kms.katalon.core.main.TestCaseExecutor.doExecute(TestCaseExecutor.java:439)
	at com.kms.katalon.core.main.TestCaseExecutor.processExecutionPhase(TestCaseExecutor.java:418)
	at com.kms.katalon.core.main.TestCaseExecutor.accessMainPhase(TestCaseExecutor.java:410)
	at com.kms.katalon.core.main.TestCaseExecutor.execute(TestCaseExecutor.java:285)
	at com.kms.katalon.core.common.CommonExecutor.accessTestCaseMainPhase(CommonExecutor.java:65)
	at com.kms.katalon.core.main.TestSuiteExecutor.accessTestSuiteMainPhase(TestSuiteExecutor.java:150)
	at com.kms.katalon.core.main.TestSuiteExecutor.execute(TestSuiteExecutor.java:106)
	at com.kms.katalon.core.main.TestCaseMain.startTestSuite(TestCaseMain.java:180)
	at TempTestSuite1731886967590.run(TempTestSuite1731886967590.groovy:35)
	at java.base/jdk.internal.reflect.NativeMethodAccessorImpl.invoke0(Native Method)
	at java.base/jdk.internal.reflect.NativeMethodAccessorImpl.invoke(NativeMethodAccessorImpl.java:77)
	at java.base/jdk.internal.reflect.DelegatingMethodAccessorImpl.invoke(DelegatingMethodAccessorImpl.java:43)
Caused by: com.kms.katalon.core.exception.StepFailedException: Actual object '-331405' and expected object '34260' are not equal
	at com.kms.katalon.core.keyword.builtin.VerifyEqualKeyword$_verifyEqual_closure1.doCall(VerifyEqualKeyword.groovy:58)
	at com.kms.katalon.core.keyword.builtin.VerifyEqualKeyword$_verifyEqual_closure1.call(VerifyEqualKeyword.groovy)
	at com.kms.katalon.core.keyword.internal.KeywordMain.runKeyword(KeywordMain.groovy:75)
	... 24 more


18-11-2024T04:40:27 - [TEST_STEP][PASSED] - date = new java.util.Date(): null

18-11-2024T04:40:27 - [TEST_STEP][PASSED] - todaysDate = date.format("dd.MM.yyyy"): null

18-11-2024T04:40:27 - [TEST_STEP][PASSED] - typeOfData = <not implemented yet for class: org.codehaus.groovy.ast.expr.EmptyExpression>: null

18-11-2024T04:40:27 - [TEST_STEP][PASSED] - otobrajeniyeDannyh = <not implemented yet for class: org.codehaus.groovy.ast.expr.EmptyExpression>: null

18-11-2024T04:40:27 - [TEST_STEP][PASSED] - println(todaysDate): null

18-11-2024T04:40:27 - [TEST_STEP][PASSED] - vidget = <not implemented yet for class: org.codehaus.groovy.ast.expr.EmptyExpression>: null

18-11-2024T04:40:27 - [TEST_STEP][PASSED] - x = <not implemented yet for class: org.codehaus.groovy.ast.expr.EmptyExpression>: null

18-11-2024T04:40:27 - [TEST_STEP][PASSED] - y = <not implemented yet for class: org.codehaus.groovy.ast.expr.EmptyExpression>: null

18-11-2024T04:40:27 - [TEST_STEP][PASSED] - DZO = <not implemented yet for class: org.codehaus.groovy.ast.expr.EmptyExpression>: null

18-11-2024T04:40:27 - [TEST_STEP][PASSED] - openBrowser(""): Browser is opened with url: ''

18-11-2024T04:40:27 - [MESSAGE][INFO] - Starting 'Chrome' driver

18-11-2024T04:40:27 - [MESSAGE][INFO] - Action delay is set to 0 milliseconds

18-11-2024T04:40:28 - [MESSAGE][PASSED] - Browser is opened with url: ''

18-11-2024T04:40:28 - [TEST_STEP][PASSED] - run = 1: null

18-11-2024T04:40:28 - [TEST_STEP][PASSED] - for ([run = 1, run < 3, (run++)]): null

18-11-2024T04:40:28 - [TEST_STEP][PASSED] - Script1719551244403.Test(run, todaysDate, typeOfData, otobrajeniyeDannyh, x, y, vidget, DZO): null

18-11-2024T04:40:28 - [TEST_STEP][PASSED] - navigateToUrl(findTestData("PlanFact").getValue(10, 3)): Navigate to 'https://bi.rosseti.digital/viewer?dashboardGuid=2301950b23be4ed89c1df75f2020051e&sheetGuid=ccd7d7486b3d4e6fa0ee9b1eaebed46c&fit=true' successfully

18-11-2024T04:40:33 - [MESSAGE][PASSED] - Navigate to 'https://bi.rosseti.digital/viewer?dashboardGuid=2301950b23be4ed89c1df75f2020051e&sheetGuid=ccd7d7486b3d4e6fa0ee9b1eaebed46c&fit=true' successfully

18-11-2024T04:40:33 - [TEST_STEP][PASSED] - Script1719551244403.Autorization(run): null

18-11-2024T04:40:33 - [TEST_STEP][PASSED] - delay(10): Delayed 10 second(s)

18-11-2024T04:40:43 - [MESSAGE][PASSED] - Delayed 10 second(s)

18-11-2024T04:40:43 - [TEST_STEP][PASSED] - if (run == 1): Delayed 10 second(s)

18-11-2024T04:40:43 - [TEST_STEP][PASSED] - setText(findTestObject("Страница авторизации/input__username"), findTestData("PlanFact").getValue(8, 1)): Text 'liazgina-di' is set on object 'Object Repository/Страница авторизации/input__username'

18-11-2024T04:40:43 - [MESSAGE][PASSED] - Text 'liazgina-di' is set on object 'Object Repository/Страница авторизации/input__username'

18-11-2024T04:40:43 - [TEST_STEP][PASSED] - setText(findTestObject("Страница авторизации/input__password"), findTestData("PlanFact").getValue(9, 1)): Text ')$%5srZ8o688Dm#q' is set on object 'Object Repository/Страница авторизации/input__password'

18-11-2024T04:40:44 - [MESSAGE][PASSED] - Text ')$%5srZ8o688Dm#q' is set on object 'Object Repository/Страница авторизации/input__password'

18-11-2024T04:40:44 - [TEST_STEP][PASSED] - click(findTestObject("Страница авторизации/button_")): Object: 'Object Repository/Страница авторизации/button_' is clicked on

18-11-2024T04:40:46 - [MESSAGE][PASSED] - Object: 'Object Repository/Страница авторизации/button_' is clicked on

18-11-2024T04:40:46 - [TEST_STEP][PASSED] - delay(10): Delayed 10 second(s)

18-11-2024T04:40:56 - [MESSAGE][PASSED] - Delayed 10 second(s)

18-11-2024T04:40:56 - [TEST_STEP][PASSED] - i = <not implemented yet for class: org.codehaus.groovy.ast.expr.EmptyExpression>: null

18-11-2024T04:40:56 - [TEST_STEP][PASSED] - ii = <not implemented yet for class: org.codehaus.groovy.ast.expr.EmptyExpression>: null

18-11-2024T04:40:56 - [TEST_STEP][PASSED] - a = <not implemented yet for class: org.codehaus.groovy.ast.expr.EmptyExpression>: null

18-11-2024T04:40:56 - [TEST_STEP][PASSED] - a1 = <not implemented yet for class: org.codehaus.groovy.ast.expr.EmptyExpression>: null

18-11-2024T04:40:56 - [TEST_STEP][PASSED] - a2 = <not implemented yet for class: org.codehaus.groovy.ast.expr.EmptyExpression>: null

18-11-2024T04:40:56 - [TEST_STEP][PASSED] - click(findTestObject("Факторный анализ/Фильтр Период")): Object: 'Object Repository/Факторный анализ/Фильтр Период' is clicked on

18-11-2024T04:41:03 - [MESSAGE][PASSED] - Object: 'Object Repository/Факторный анализ/Фильтр Период' is clicked on

18-11-2024T04:41:03 - [TEST_STEP][PASSED] - click(findTestObject("Факторный анализ/Снять выделение в фильтре Дата")): Object: 'Object Repository/Факторный анализ/Снять выделение в фильтре Дата' is clicked on

18-11-2024T04:41:03 - [MESSAGE][PASSED] - Object: 'Object Repository/Факторный анализ/Снять выделение в фильтре Дата' is clicked on

18-11-2024T04:41:03 - [TEST_STEP][PASSED] - click(findTestObject("Факторный анализ/Применить в фильтре Дата")): Object: 'Object Repository/Факторный анализ/Применить в фильтре Дата' is clicked on

18-11-2024T04:41:04 - [MESSAGE][PASSED] - Object: 'Object Repository/Факторный анализ/Применить в фильтре Дата' is clicked on

18-11-2024T04:41:04 - [TEST_STEP][PASSED] - delay(10): Delayed 10 second(s)

18-11-2024T04:41:14 - [MESSAGE][PASSED] - Delayed 10 second(s)

18-11-2024T04:41:14 - [TEST_STEP][PASSED] - click(findTestObject("Факторный анализ/Фильтр Период")): Object: 'Object Repository/Факторный анализ/Фильтр Период' is clicked on

18-11-2024T04:41:14 - [MESSAGE][PASSED] - Object: 'Object Repository/Факторный анализ/Фильтр Период' is clicked on

18-11-2024T04:41:14 - [TEST_STEP][PASSED] - click(findTestObject("Факторный анализ/Снять выделение в фильтре Дата")): Object: 'Object Repository/Факторный анализ/Снять выделение в фильтре Дата' is clicked on

18-11-2024T04:41:14 - [MESSAGE][PASSED] - Object: 'Object Repository/Факторный анализ/Снять выделение в фильтре Дата' is clicked on

18-11-2024T04:41:14 - [TEST_STEP][PASSED] - scrollToElement(findTestObject("Факторный анализ/2024 список"), 30): Scroll to object 'Object Repository/Факторный анализ/2024 список' successfully

18-11-2024T04:41:15 - [MESSAGE][PASSED] - Scroll to object 'Object Repository/Факторный анализ/2024 список' successfully

18-11-2024T04:41:15 - [TEST_STEP][PASSED] - click(findTestObject("Факторный анализ/2024 список")): Object: 'Object Repository/Факторный анализ/2024 список' is clicked on

18-11-2024T04:41:15 - [MESSAGE][PASSED] - Object: 'Object Repository/Факторный анализ/2024 список' is clicked on

18-11-2024T04:41:15 - [TEST_STEP][PASSED] - scrollToElement(findTestObject("Факторный анализ/1 квартал 2024 выбрать"), 30): Scroll to object 'Object Repository/Факторный анализ/1 квартал 2024 выбрать' successfully

18-11-2024T04:41:16 - [MESSAGE][PASSED] - Scroll to object 'Object Repository/Факторный анализ/1 квартал 2024 выбрать' successfully

18-11-2024T04:41:16 - [TEST_STEP][PASSED] - click(findTestObject("Факторный анализ/1 квартал 2024 выбрать")): Object: 'Object Repository/Факторный анализ/1 квартал 2024 выбрать' is clicked on

18-11-2024T04:41:16 - [MESSAGE][PASSED] - Object: 'Object Repository/Факторный анализ/1 квартал 2024 выбрать' is clicked on

18-11-2024T04:41:16 - [TEST_STEP][PASSED] - scrollToElement(findTestObject("Факторный анализ/1 квартал 2024 выбрать"), 30): Scroll to object 'Object Repository/Факторный анализ/1 квартал 2024 выбрать' successfully

18-11-2024T04:41:16 - [MESSAGE][PASSED] - Scroll to object 'Object Repository/Факторный анализ/1 квартал 2024 выбрать' successfully

18-11-2024T04:41:16 - [TEST_STEP][PASSED] - click(findTestObject("Факторный анализ/2 квартал 2024 выбрать"), CONTINUE_ON_FAILURE): Object: 'Object Repository/Факторный анализ/2 квартал 2024 выбрать' is clicked on

18-11-2024T04:41:17 - [MESSAGE][PASSED] - Object: 'Object Repository/Факторный анализ/2 квартал 2024 выбрать' is clicked on

18-11-2024T04:41:17 - [TEST_STEP][PASSED] - click(findTestObject("Факторный анализ/3 квартал 2024 выбрать"), CONTINUE_ON_FAILURE): Object: 'Object Repository/Факторный анализ/3 квартал 2024 выбрать' is clicked on

18-11-2024T04:41:17 - [MESSAGE][PASSED] - Object: 'Object Repository/Факторный анализ/3 квартал 2024 выбрать' is clicked on

18-11-2024T04:41:17 - [TEST_STEP][PASSED] - scrollToElement(findTestObject("Факторный анализ/Заголовок дашборда"), 30): Scroll to object 'Object Repository/Факторный анализ/Заголовок дашборда' successfully

18-11-2024T04:41:18 - [MESSAGE][PASSED] - Scroll to object 'Object Repository/Факторный анализ/Заголовок дашборда' successfully

18-11-2024T04:41:18 - [TEST_STEP][PASSED] - click(findTestObject("Факторный анализ/Применить в фильтре Дата")): Object: 'Object Repository/Факторный анализ/Применить в фильтре Дата' is clicked on

18-11-2024T04:41:18 - [MESSAGE][PASSED] - Object: 'Object Repository/Факторный анализ/Применить в фильтре Дата' is clicked on

18-11-2024T04:41:18 - [TEST_STEP][PASSED] - if (run == 1): null

18-11-2024T04:41:18 - [TEST_STEP][PASSED] - a = getText(findTestObject("Факторный анализ/Отклонения выручки по факторам Блок руководителя")): Text of object 'Object Repository/Факторный анализ/Отклонения выручки по факторам Блок руководителя' is: '-331 405-331 405
-7 906-7 906
Отклонение (объём услуг)
Отклонение (средний тариф)
ПАО Россети'

18-11-2024T04:41:20 - [MESSAGE][PASSED] - Text of object 'Object Repository/Факторный анализ/Отклонения выручки по факторам Блок руководителя' is: '-331 405-331 405
-7 906-7 906
Отклонение (объём услуг)
Отклонение (средний тариф)
ПАО Россети'

18-11-2024T04:41:20 - [TEST_STEP][PASSED] - a = a.replaceAll("[\r?
|
]", "/"): null

18-11-2024T04:41:20 - [TEST_STEP][PASSED] - i = a.indexOf("Отклонение"): null

18-11-2024T04:41:20 - [TEST_STEP][PASSED] - if (i > -1): null

18-11-2024T04:41:20 - [TEST_STEP][PASSED] - i = i: null

18-11-2024T04:41:20 - [TEST_STEP][PASSED] - a = substring(0, i).trim(): null

18-11-2024T04:41:20 - [TEST_STEP][PASSED] - println("a: " + a): null

18-11-2024T04:41:20 - [TEST_STEP][PASSED] - i = a.indexOf("/"): null

18-11-2024T04:41:20 - [TEST_STEP][PASSED] - if (i > -1): null

18-11-2024T04:41:20 - [TEST_STEP][PASSED] - a1 = a.substring(0, i): null

18-11-2024T04:41:20 - [TEST_STEP][PASSED] - println("a1: " + a1): null

18-11-2024T04:41:20 - [TEST_STEP][PASSED] - a2 = a.substring(a1.length() + 1, a.length()): null

18-11-2024T04:41:20 - [TEST_STEP][PASSED] - println("a2: " + a2): null

18-11-2024T04:41:20 - [TEST_STEP][PASSED] - i = a1.length() / 2: null

18-11-2024T04:41:20 - [TEST_STEP][PASSED] - if (i > -1): null

18-11-2024T04:41:20 - [TEST_STEP][PASSED] - a1 = replaceAll("\s+", "").trim(): null

18-11-2024T04:41:20 - [TEST_STEP][PASSED] - println("a1: " + a1): null

18-11-2024T04:41:20 - [TEST_STEP][PASSED] - i = a2.length() / 2: null

18-11-2024T04:41:20 - [TEST_STEP][PASSED] - if (i > -1): null

18-11-2024T04:41:20 - [TEST_STEP][PASSED] - a2 = replaceAll("\s+", "").trim(): null

18-11-2024T04:41:20 - [TEST_STEP][PASSED] - println("a2: " + a2): null

18-11-2024T04:41:20 - [TEST_STEP][PASSED] - tableA = getText(findTestObject("Факторный анализ/AllTable1")).replaceAll("[\r?
|
]", "/"): Text of object 'Object Repository/Факторный анализ/AllTable1' is: 'ДЗО
Филиал
Отклонение (объём услуг)
Отклонение (средний тариф)
АО «Тываэнерго» АО "Тываэнерго" 276 -37
АО «Чеченэнерго» АО «Чеченэнерго» -3 339 14
Россети Волга Мордовэнерго -2 825 -86
Оренбургэнерго -11 247 - 162
Пензаэнерго -6 748 -72
Самарские РС -13 058 -1 024
Саратовские РС -13 303 - 443
Ульяновские РС -4 845 - 201
Чувашэнерго -4 186 126
Россети Кубань Кубаньэнерго -53 529 241
Россети Ленэнерго (ГК) Ленинградская область -29 499 598
г. Санкт-Петербург -41 171 -39
Россети Московский регион Московская область 4 566 - 535
г. Москва 2 812 57
Россети Северный Кавказ (ГК) Дагестанская энергосбытовая компания - 111 69
Дагэнерго -6 378 480
Ингушэнерго -1 440 100
Каббалкэнерго -2 677 26
Карачаево-Черкесскэнерго -1 725 -9
Севкавказэнерго -3 016 125
Ставропольэнерго -8 347 - 222
Россети Северо-Запад Архангельский филиал 63 -80
Вологодский филиал 229 -6
Карельский филиал -21 160
Мурманский филиал 102 64
Новгородский филиал 207 -40
Псковский филиал 146 -18
филиал в Республике Коми 10 23
Россети Сибирь (ГК) Алтайэнерго 275 275
Бурятэнерго -95 298
ГАЭС 114 -15
Красноярскэнерго 1 087 - 413
Кузбассэнерго-РЭС 329 205
Омскэнерго 127 - 112
Хакасэнерго 327 - 363
Читаэнерго -44 120
Россети Томск Томская распределительная компания -6 624 - 125
Россети Тюмень Россети Тюмень -65 636 - 459
Россети Урал (ГК) Пермэнерго 594 - 218
Свердловэнерго 805 233
Челябэнерго 973 - 671
Россети ФСК ЕЭС Итого по ФСК ЕЭС 8 044 -6 045
Россети Центр Белгородэнерго 299 111
Брянскэнерго -4 489 32
Воронежэнерго -12 187 182
Костромаэнерго 83 2
Курскэнерго -2 381 132
Липецкэнерго 731 - 322
Орелэнерго -3 553 -22
Смоленскэнерго -6 765 35
Тамбовэнерго -5 262 -4
Тверьэнерго 319 127
Ярэнерго -6 307 31
Россети Центр и Приволжье (ГК) Владимирэнерго 517 49
Ивэнерго 169 40
Калугаэнерго 558 -42
Кировэнерго 403 0
Мариэнерго 144 19
Нижновэнерго 658 231
Рязаньэнерго 259 47
Тулэнерго 733 - 209
Удмуртэнерго 294 3
Россети Юг (ГК) АО «ВМЭС» -3 370 41
Астраханьэнерго -5 158 90
Волгоградэнерго -8 953 - 310
Калмэнерго -1 477 -5
Ростовэнерго -18 198 44
Россети Янтарь Россети Янтарь 305 -28'

18-11-2024T04:41:20 - [MESSAGE][PASSED] - Text of object 'Object Repository/Факторный анализ/AllTable1' is: 'ДЗО
Филиал
Отклонение (объём услуг)
Отклонение (средний тариф)
АО «Тываэнерго» АО "Тываэнерго" 276 -37
АО «Чеченэнерго» АО «Чеченэнерго» -3 339 14
Россети Волга Мордовэнерго -2 825 -86
Оренбургэнерго -11 247 - 162
Пензаэнерго -6 748 -72
Самарские РС -13 058 -1 024
Саратовские РС -13 303 - 443
Ульяновские РС -4 845 - 201
Чувашэнерго -4 186 126
Россети Кубань Кубаньэнерго -53 529 241
Россети Ленэнерго (ГК) Ленинградская область -29 499 598
г. Санкт-Петербург -41 171 -39
Россети Московский регион Московская область 4 566 - 535
г. Москва 2 812 57
Россети Северный Кавказ (ГК) Дагестанская энергосбытовая компания - 111 69
Дагэнерго -6 378 480
Ингушэнерго -1 440 100
Каббалкэнерго -2 677 26
Карачаево-Черкесскэнерго -1 725 -9
Севкавказэнерго -3 016 125
Ставропольэнерго -8 347 - 222
Россети Северо-Запад Архангельский филиал 63 -80
Вологодский филиал 229 -6
Карельский филиал -21 160
Мурманский филиал 102 64
Новгородский филиал 207 -40
Псковский филиал 146 -18
филиал в Республике Коми 10 23
Россети Сибирь (ГК) Алтайэнерго 275 275
Бурятэнерго -95 298
ГАЭС 114 -15
Красноярскэнерго 1 087 - 413
Кузбассэнерго-РЭС 329 205
Омскэнерго 127 - 112
Хакасэнерго 327 - 363
Читаэнерго -44 120
Россети Томск Томская распределительная компания -6 624 - 125
Россети Тюмень Россети Тюмень -65 636 - 459
Россети Урал (ГК) Пермэнерго 594 - 218
Свердловэнерго 805 233
Челябэнерго 973 - 671
Россети ФСК ЕЭС Итого по ФСК ЕЭС 8 044 -6 045
Россети Центр Белгородэнерго 299 111
Брянскэнерго -4 489 32
Воронежэнерго -12 187 182
Костромаэнерго 83 2
Курскэнерго -2 381 132
Липецкэнерго 731 - 322
Орелэнерго -3 553 -22
Смоленскэнерго -6 765 35
Тамбовэнерго -5 262 -4
Тверьэнерго 319 127
Ярэнерго -6 307 31
Россети Центр и Приволжье (ГК) Владимирэнерго 517 49
Ивэнерго 169 40
Калугаэнерго 558 -42
Кировэнерго 403 0
Мариэнерго 144 19
Нижновэнерго 658 231
Рязаньэнерго 259 47
Тулэнерго 733 - 209
Удмуртэнерго 294 3
Россети Юг (ГК) АО «ВМЭС» -3 370 41
Астраханьэнерго -5 158 90
Волгоградэнерго -8 953 - 310
Калмэнерго -1 477 -5
Ростовэнерго -18 198 44
Россети Янтарь Россети Янтарь 305 -28'

18-11-2024T04:41:20 - [TEST_STEP][PASSED] - println("tableA: " + tableA): null

18-11-2024T04:41:20 - [TEST_STEP][PASSED] - for ([i = 1, i < 5, (i++)]): null

18-11-2024T04:41:20 - [TEST_STEP][PASSED] - ii = tableA.indexOf("/") + 1: null

18-11-2024T04:41:20 - [TEST_STEP][PASSED] - tableA = tableA.substring(ii, tableA.length()): null

18-11-2024T04:41:20 - [TEST_STEP][PASSED] - ii = tableA.indexOf("/") + 1: null

18-11-2024T04:41:20 - [TEST_STEP][PASSED] - tableA = tableA.substring(ii, tableA.length()): null

18-11-2024T04:41:20 - [TEST_STEP][PASSED] - ii = tableA.indexOf("/") + 1: null

18-11-2024T04:41:20 - [TEST_STEP][PASSED] - tableA = tableA.substring(ii, tableA.length()): null

18-11-2024T04:41:20 - [TEST_STEP][PASSED] - ii = tableA.indexOf("/") + 1: null

18-11-2024T04:41:20 - [TEST_STEP][PASSED] - tableA = tableA.substring(ii, tableA.length()): null

18-11-2024T04:41:20 - [TEST_STEP][PASSED] - println("tableA: " + tableA): null

18-11-2024T04:41:20 - [TEST_STEP][PASSED] - TyA = Script1719551244403.GetData(x = tableA): null

18-11-2024T04:41:20 - [TEST_STEP][PASSED] - i2 = <not implemented yet for class: org.codehaus.groovy.ast.expr.EmptyExpression>: null

18-11-2024T04:41:20 - [TEST_STEP][PASSED] - i2 = x.indexOf("/") + 1: null

18-11-2024T04:41:20 - [TEST_STEP][PASSED] - x = replaceAll("\p{P}", "").trim(): null

18-11-2024T04:41:20 - [TEST_STEP][PASSED] - return x: null

18-11-2024T04:41:20 - [TEST_STEP][PASSED] - println("TyA: " + TyA): null

18-11-2024T04:41:20 - [TEST_STEP][PASSED] - tableA = Script1719551244403.NewDZO(x = tableA): null

18-11-2024T04:41:20 - [TEST_STEP][PASSED] - i3 = <not implemented yet for class: org.codehaus.groovy.ast.expr.EmptyExpression>: null

18-11-2024T04:41:20 - [TEST_STEP][PASSED] - i3 = x.indexOf("/") + 1: null

18-11-2024T04:41:20 - [TEST_STEP][PASSED] - x = x.substring(i3, x.length()): null

18-11-2024T04:41:20 - [TEST_STEP][PASSED] - return x: null

18-11-2024T04:41:20 - [TEST_STEP][PASSED] - ChA = Script1719551244403.GetData(x = tableA): null

18-11-2024T04:41:20 - [TEST_STEP][PASSED] - i2 = <not implemented yet for class: org.codehaus.groovy.ast.expr.EmptyExpression>: null

18-11-2024T04:41:20 - [TEST_STEP][PASSED] - i2 = x.indexOf("/") + 1: null

18-11-2024T04:41:20 - [TEST_STEP][PASSED] - x = replaceAll("\p{P}", "").trim(): null

18-11-2024T04:41:20 - [TEST_STEP][PASSED] - return x: null

18-11-2024T04:41:20 - [TEST_STEP][PASSED] - println("ChA: " + ChA): null

18-11-2024T04:41:20 - [TEST_STEP][PASSED] - tableA = Script1719551244403.NewDZO(x = tableA): null

18-11-2024T04:41:20 - [TEST_STEP][PASSED] - i3 = <not implemented yet for class: org.codehaus.groovy.ast.expr.EmptyExpression>: null

18-11-2024T04:41:20 - [TEST_STEP][PASSED] - i3 = x.indexOf("/") + 1: null

18-11-2024T04:41:20 - [TEST_STEP][PASSED] - x = x.substring(i3, x.length()): null

18-11-2024T04:41:20 - [TEST_STEP][PASSED] - return x: null

18-11-2024T04:41:20 - [TEST_STEP][PASSED] - i = tableA.indexOf("Кубань"): null

18-11-2024T04:41:20 - [TEST_STEP][PASSED] - VA = replaceAll("\p{P}", "").trim(): null

18-11-2024T04:41:20 - [TEST_STEP][PASSED] - println("VA: " + VA): null

18-11-2024T04:41:20 - [TEST_STEP][PASSED] - for ([i = 1, i < 8, (i++)]): null

18-11-2024T04:41:20 - [TEST_STEP][PASSED] - tableA = Script1719551244403.NewDZO(x = tableA): null

18-11-2024T04:41:20 - [TEST_STEP][PASSED] - i3 = <not implemented yet for class: org.codehaus.groovy.ast.expr.EmptyExpression>: null

18-11-2024T04:41:20 - [TEST_STEP][PASSED] - i3 = x.indexOf("/") + 1: null

18-11-2024T04:41:20 - [TEST_STEP][PASSED] - x = x.substring(i3, x.length()): null

18-11-2024T04:41:20 - [TEST_STEP][PASSED] - return x: null

18-11-2024T04:41:20 - [TEST_STEP][PASSED] - tableA = Script1719551244403.NewDZO(x = tableA): null

18-11-2024T04:41:20 - [TEST_STEP][PASSED] - i3 = <not implemented yet for class: org.codehaus.groovy.ast.expr.EmptyExpression>: null

18-11-2024T04:41:20 - [TEST_STEP][PASSED] - i3 = x.indexOf("/") + 1: null

18-11-2024T04:41:20 - [TEST_STEP][PASSED] - x = x.substring(i3, x.length()): null

18-11-2024T04:41:20 - [TEST_STEP][PASSED] - return x: null

18-11-2024T04:41:20 - [TEST_STEP][PASSED] - tableA = Script1719551244403.NewDZO(x = tableA): null

18-11-2024T04:41:20 - [TEST_STEP][PASSED] - i3 = <not implemented yet for class: org.codehaus.groovy.ast.expr.EmptyExpression>: null

18-11-2024T04:41:20 - [TEST_STEP][PASSED] - i3 = x.indexOf("/") + 1: null

18-11-2024T04:41:20 - [TEST_STEP][PASSED] - x = x.substring(i3, x.length()): null

18-11-2024T04:41:20 - [TEST_STEP][PASSED] - return x: null

18-11-2024T04:41:20 - [TEST_STEP][PASSED] - tableA = Script1719551244403.NewDZO(x = tableA): null

18-11-2024T04:41:20 - [TEST_STEP][PASSED] - i3 = <not implemented yet for class: org.codehaus.groovy.ast.expr.EmptyExpression>: null

18-11-2024T04:41:20 - [TEST_STEP][PASSED] - i3 = x.indexOf("/") + 1: null

18-11-2024T04:41:20 - [TEST_STEP][PASSED] - x = x.substring(i3, x.length()): null

18-11-2024T04:41:20 - [TEST_STEP][PASSED] - return x: null

18-11-2024T04:41:20 - [TEST_STEP][PASSED] - tableA = Script1719551244403.NewDZO(x = tableA): null

18-11-2024T04:41:20 - [TEST_STEP][PASSED] - i3 = <not implemented yet for class: org.codehaus.groovy.ast.expr.EmptyExpression>: null

18-11-2024T04:41:20 - [TEST_STEP][PASSED] - i3 = x.indexOf("/") + 1: null

18-11-2024T04:41:20 - [TEST_STEP][PASSED] - x = x.substring(i3, x.length()): null

18-11-2024T04:41:20 - [TEST_STEP][PASSED] - return x: null

18-11-2024T04:41:20 - [TEST_STEP][PASSED] - tableA = Script1719551244403.NewDZO(x = tableA): null

18-11-2024T04:41:20 - [TEST_STEP][PASSED] - i3 = <not implemented yet for class: org.codehaus.groovy.ast.expr.EmptyExpression>: null

18-11-2024T04:41:20 - [TEST_STEP][PASSED] - i3 = x.indexOf("/") + 1: null

18-11-2024T04:41:20 - [TEST_STEP][PASSED] - x = x.substring(i3, x.length()): null

18-11-2024T04:41:20 - [TEST_STEP][PASSED] - return x: null

18-11-2024T04:41:20 - [TEST_STEP][PASSED] - tableA = Script1719551244403.NewDZO(x = tableA): null

18-11-2024T04:41:20 - [TEST_STEP][PASSED] - i3 = <not implemented yet for class: org.codehaus.groovy.ast.expr.EmptyExpression>: null

18-11-2024T04:41:20 - [TEST_STEP][PASSED] - i3 = x.indexOf("/") + 1: null

18-11-2024T04:41:20 - [TEST_STEP][PASSED] - x = x.substring(i3, x.length()): null

18-11-2024T04:41:20 - [TEST_STEP][PASSED] - return x: null

18-11-2024T04:41:20 - [TEST_STEP][PASSED] - i = tableA.indexOf("Ленэнерго"): null

18-11-2024T04:41:20 - [TEST_STEP][PASSED] - KuA = Script1719551244403.GetData(x = tableA): null

18-11-2024T04:41:20 - [TEST_STEP][PASSED] - i2 = <not implemented yet for class: org.codehaus.groovy.ast.expr.EmptyExpression>: null

18-11-2024T04:41:20 - [TEST_STEP][PASSED] - i2 = x.indexOf("/") + 1: null

18-11-2024T04:41:20 - [TEST_STEP][PASSED] - x = replaceAll("\p{P}", "").trim(): null

18-11-2024T04:41:20 - [TEST_STEP][PASSED] - return x: null

18-11-2024T04:41:20 - [TEST_STEP][PASSED] - println("KuA: " + KuA): null

18-11-2024T04:41:20 - [TEST_STEP][PASSED] - tableA = Script1719551244403.NewDZO(x = tableA): null

18-11-2024T04:41:20 - [TEST_STEP][PASSED] - i3 = <not implemented yet for class: org.codehaus.groovy.ast.expr.EmptyExpression>: null

18-11-2024T04:41:20 - [TEST_STEP][PASSED] - i3 = x.indexOf("/") + 1: null

18-11-2024T04:41:20 - [TEST_STEP][PASSED] - x = x.substring(i3, x.length()): null

18-11-2024T04:41:20 - [TEST_STEP][PASSED] - return x: null

18-11-2024T04:41:20 - [TEST_STEP][PASSED] - i = tableA.indexOf("Московский"): null

18-11-2024T04:41:20 - [TEST_STEP][PASSED] - LenA = replaceAll("\p{P}", "").trim(): null

18-11-2024T04:41:20 - [TEST_STEP][PASSED] - println("LenA: " + LenA): null

18-11-2024T04:41:20 - [TEST_STEP][PASSED] - tableA = Script1719551244403.NewDZO(x = tableA): null

18-11-2024T04:41:20 - [TEST_STEP][PASSED] - i3 = <not implemented yet for class: org.codehaus.groovy.ast.expr.EmptyExpression>: null

18-11-2024T04:41:20 - [TEST_STEP][PASSED] - i3 = x.indexOf("/") + 1: null

18-11-2024T04:41:20 - [TEST_STEP][PASSED] - x = x.substring(i3, x.length()): null

18-11-2024T04:41:20 - [TEST_STEP][PASSED] - return x: null

18-11-2024T04:41:20 - [TEST_STEP][PASSED] - tableA = Script1719551244403.NewDZO(x = tableA): null

18-11-2024T04:41:20 - [TEST_STEP][PASSED] - i3 = <not implemented yet for class: org.codehaus.groovy.ast.expr.EmptyExpression>: null

18-11-2024T04:41:20 - [TEST_STEP][PASSED] - i3 = x.indexOf("/") + 1: null

18-11-2024T04:41:20 - [TEST_STEP][PASSED] - x = x.substring(i3, x.length()): null

18-11-2024T04:41:20 - [TEST_STEP][PASSED] - return x: null

18-11-2024T04:41:20 - [TEST_STEP][PASSED] - i = tableA.indexOf("Кавказ"): null

18-11-2024T04:41:20 - [TEST_STEP][PASSED] - MosA = replaceAll("\p{P}", "").trim(): null

18-11-2024T04:41:20 - [TEST_STEP][PASSED] - println("MosA: " + MosA): null

18-11-2024T04:41:20 - [TEST_STEP][PASSED] - for ([i = 1, i < 3, (i++)]): null

18-11-2024T04:41:20 - [TEST_STEP][PASSED] - tableA = Script1719551244403.NewDZO(x = tableA): null

18-11-2024T04:41:20 - [TEST_STEP][PASSED] - i3 = <not implemented yet for class: org.codehaus.groovy.ast.expr.EmptyExpression>: null

18-11-2024T04:41:20 - [TEST_STEP][PASSED] - i3 = x.indexOf("/") + 1: null

18-11-2024T04:41:20 - [TEST_STEP][PASSED] - x = x.substring(i3, x.length()): null

18-11-2024T04:41:20 - [TEST_STEP][PASSED] - return x: null

18-11-2024T04:41:20 - [TEST_STEP][PASSED] - tableA = Script1719551244403.NewDZO(x = tableA): null

18-11-2024T04:41:20 - [TEST_STEP][PASSED] - i3 = <not implemented yet for class: org.codehaus.groovy.ast.expr.EmptyExpression>: null

18-11-2024T04:41:20 - [TEST_STEP][PASSED] - i3 = x.indexOf("/") + 1: null

18-11-2024T04:41:20 - [TEST_STEP][PASSED] - x = x.substring(i3, x.length()): null

18-11-2024T04:41:20 - [TEST_STEP][PASSED] - return x: null

18-11-2024T04:41:20 - [TEST_STEP][PASSED] - i = tableA.indexOf("Запад"): null

18-11-2024T04:41:20 - [TEST_STEP][PASSED] - SKA = replaceAll("\p{P}", "").trim(): null

18-11-2024T04:41:20 - [TEST_STEP][PASSED] - println("SKA: " + SKA): null

18-11-2024T04:41:20 - [TEST_STEP][PASSED] - for ([i = 1, i < 7, (i++)]): null

18-11-2024T04:41:20 - [TEST_STEP][PASSED] - tableA = Script1719551244403.NewDZO(x = tableA): null

18-11-2024T04:41:20 - [TEST_STEP][PASSED] - i3 = <not implemented yet for class: org.codehaus.groovy.ast.expr.EmptyExpression>: null

18-11-2024T04:41:20 - [TEST_STEP][PASSED] - i3 = x.indexOf("/") + 1: null

18-11-2024T04:41:20 - [TEST_STEP][PASSED] - x = x.substring(i3, x.length()): null

18-11-2024T04:41:20 - [TEST_STEP][PASSED] - return x: null

18-11-2024T04:41:20 - [TEST_STEP][PASSED] - tableA = Script1719551244403.NewDZO(x = tableA): null

18-11-2024T04:41:20 - [TEST_STEP][PASSED] - i3 = <not implemented yet for class: org.codehaus.groovy.ast.expr.EmptyExpression>: null

18-11-2024T04:41:20 - [TEST_STEP][PASSED] - i3 = x.indexOf("/") + 1: null

18-11-2024T04:41:20 - [TEST_STEP][PASSED] - x = x.substring(i3, x.length()): null

18-11-2024T04:41:20 - [TEST_STEP][PASSED] - return x: null

18-11-2024T04:41:20 - [TEST_STEP][PASSED] - tableA = Script1719551244403.NewDZO(x = tableA): null

18-11-2024T04:41:20 - [TEST_STEP][PASSED] - i3 = <not implemented yet for class: org.codehaus.groovy.ast.expr.EmptyExpression>: null

18-11-2024T04:41:20 - [TEST_STEP][PASSED] - i3 = x.indexOf("/") + 1: null

18-11-2024T04:41:20 - [TEST_STEP][PASSED] - x = x.substring(i3, x.length()): null

18-11-2024T04:41:20 - [TEST_STEP][PASSED] - return x: null

18-11-2024T04:41:20 - [TEST_STEP][PASSED] - tableA = Script1719551244403.NewDZO(x = tableA): null

18-11-2024T04:41:20 - [TEST_STEP][PASSED] - i3 = <not implemented yet for class: org.codehaus.groovy.ast.expr.EmptyExpression>: null

18-11-2024T04:41:20 - [TEST_STEP][PASSED] - i3 = x.indexOf("/") + 1: null

18-11-2024T04:41:20 - [TEST_STEP][PASSED] - x = x.substring(i3, x.length()): null

18-11-2024T04:41:20 - [TEST_STEP][PASSED] - return x: null

18-11-2024T04:41:20 - [TEST_STEP][PASSED] - tableA = Script1719551244403.NewDZO(x = tableA): null

18-11-2024T04:41:20 - [TEST_STEP][PASSED] - i3 = <not implemented yet for class: org.codehaus.groovy.ast.expr.EmptyExpression>: null

18-11-2024T04:41:20 - [TEST_STEP][PASSED] - i3 = x.indexOf("/") + 1: null

18-11-2024T04:41:20 - [TEST_STEP][PASSED] - x = x.substring(i3, x.length()): null

18-11-2024T04:41:20 - [TEST_STEP][PASSED] - return x: null

18-11-2024T04:41:20 - [TEST_STEP][PASSED] - tableA = Script1719551244403.NewDZO(x = tableA): null

18-11-2024T04:41:20 - [TEST_STEP][PASSED] - i3 = <not implemented yet for class: org.codehaus.groovy.ast.expr.EmptyExpression>: null

18-11-2024T04:41:20 - [TEST_STEP][PASSED] - i3 = x.indexOf("/") + 1: null

18-11-2024T04:41:20 - [TEST_STEP][PASSED] - x = x.substring(i3, x.length()): null

18-11-2024T04:41:20 - [TEST_STEP][PASSED] - return x: null

18-11-2024T04:41:20 - [TEST_STEP][PASSED] - i = tableA.indexOf("Сибирь"): null

18-11-2024T04:41:20 - [TEST_STEP][PASSED] - SZA = replaceAll("\p{P}", "").trim(): null

18-11-2024T04:41:20 - [TEST_STEP][PASSED] - println("SZA: " + SZA): null

18-11-2024T04:41:20 - [TEST_STEP][PASSED] - for ([i = 1, i < 8, (i++)]): null

18-11-2024T04:41:20 - [TEST_STEP][PASSED] - tableA = Script1719551244403.NewDZO(x = tableA): null

18-11-2024T04:41:20 - [TEST_STEP][PASSED] - i3 = <not implemented yet for class: org.codehaus.groovy.ast.expr.EmptyExpression>: null

18-11-2024T04:41:20 - [TEST_STEP][PASSED] - i3 = x.indexOf("/") + 1: null

18-11-2024T04:41:20 - [TEST_STEP][PASSED] - x = x.substring(i3, x.length()): null

18-11-2024T04:41:20 - [TEST_STEP][PASSED] - return x: null

18-11-2024T04:41:20 - [TEST_STEP][PASSED] - tableA = Script1719551244403.NewDZO(x = tableA): null

18-11-2024T04:41:20 - [TEST_STEP][PASSED] - i3 = <not implemented yet for class: org.codehaus.groovy.ast.expr.EmptyExpression>: null

18-11-2024T04:41:20 - [TEST_STEP][PASSED] - i3 = x.indexOf("/") + 1: null

18-11-2024T04:41:20 - [TEST_STEP][PASSED] - x = x.substring(i3, x.length()): null

18-11-2024T04:41:20 - [TEST_STEP][PASSED] - return x: null

18-11-2024T04:41:20 - [TEST_STEP][PASSED] - tableA = Script1719551244403.NewDZO(x = tableA): null

18-11-2024T04:41:20 - [TEST_STEP][PASSED] - i3 = <not implemented yet for class: org.codehaus.groovy.ast.expr.EmptyExpression>: null

18-11-2024T04:41:20 - [TEST_STEP][PASSED] - i3 = x.indexOf("/") + 1: null

18-11-2024T04:41:20 - [TEST_STEP][PASSED] - x = x.substring(i3, x.length()): null

18-11-2024T04:41:20 - [TEST_STEP][PASSED] - return x: null

18-11-2024T04:41:20 - [TEST_STEP][PASSED] - tableA = Script1719551244403.NewDZO(x = tableA): null

18-11-2024T04:41:20 - [TEST_STEP][PASSED] - i3 = <not implemented yet for class: org.codehaus.groovy.ast.expr.EmptyExpression>: null

18-11-2024T04:41:20 - [TEST_STEP][PASSED] - i3 = x.indexOf("/") + 1: null

18-11-2024T04:41:20 - [TEST_STEP][PASSED] - x = x.substring(i3, x.length()): null

18-11-2024T04:41:20 - [TEST_STEP][PASSED] - return x: null

18-11-2024T04:41:20 - [TEST_STEP][PASSED] - tableA = Script1719551244403.NewDZO(x = tableA): null

18-11-2024T04:41:20 - [TEST_STEP][PASSED] - i3 = <not implemented yet for class: org.codehaus.groovy.ast.expr.EmptyExpression>: null

18-11-2024T04:41:20 - [TEST_STEP][PASSED] - i3 = x.indexOf("/") + 1: null

18-11-2024T04:41:20 - [TEST_STEP][PASSED] - x = x.substring(i3, x.length()): null

18-11-2024T04:41:20 - [TEST_STEP][PASSED] - return x: null

18-11-2024T04:41:20 - [TEST_STEP][PASSED] - tableA = Script1719551244403.NewDZO(x = tableA): null

18-11-2024T04:41:20 - [TEST_STEP][PASSED] - i3 = <not implemented yet for class: org.codehaus.groovy.ast.expr.EmptyExpression>: null

18-11-2024T04:41:20 - [TEST_STEP][PASSED] - i3 = x.indexOf("/") + 1: null

18-11-2024T04:41:20 - [TEST_STEP][PASSED] - x = x.substring(i3, x.length()): null

18-11-2024T04:41:20 - [TEST_STEP][PASSED] - return x: null

18-11-2024T04:41:20 - [TEST_STEP][PASSED] - tableA = Script1719551244403.NewDZO(x = tableA): null

18-11-2024T04:41:20 - [TEST_STEP][PASSED] - i3 = <not implemented yet for class: org.codehaus.groovy.ast.expr.EmptyExpression>: null

18-11-2024T04:41:20 - [TEST_STEP][PASSED] - i3 = x.indexOf("/") + 1: null

18-11-2024T04:41:20 - [TEST_STEP][PASSED] - x = x.substring(i3, x.length()): null

18-11-2024T04:41:20 - [TEST_STEP][PASSED] - return x: null

18-11-2024T04:41:20 - [TEST_STEP][PASSED] - i = tableA.indexOf("Томск"): null

18-11-2024T04:41:20 - [TEST_STEP][PASSED] - SiA = replaceAll("\p{P}", "").trim(): null

18-11-2024T04:41:20 - [TEST_STEP][PASSED] - println("SiA: " + SiA): null

18-11-2024T04:41:20 - [TEST_STEP][PASSED] - for ([i = 1, i < 9, (i++)]): null

18-11-2024T04:41:20 - [TEST_STEP][PASSED] - tableA = Script1719551244403.NewDZO(x = tableA): null

18-11-2024T04:41:20 - [TEST_STEP][PASSED] - i3 = <not implemented yet for class: org.codehaus.groovy.ast.expr.EmptyExpression>: null

18-11-2024T04:41:20 - [TEST_STEP][PASSED] - i3 = x.indexOf("/") + 1: null

18-11-2024T04:41:20 - [TEST_STEP][PASSED] - x = x.substring(i3, x.length()): null

18-11-2024T04:41:20 - [TEST_STEP][PASSED] - return x: null

18-11-2024T04:41:20 - [TEST_STEP][PASSED] - tableA = Script1719551244403.NewDZO(x = tableA): null

18-11-2024T04:41:20 - [TEST_STEP][PASSED] - i3 = <not implemented yet for class: org.codehaus.groovy.ast.expr.EmptyExpression>: null

18-11-2024T04:41:20 - [TEST_STEP][PASSED] - i3 = x.indexOf("/") + 1: null

18-11-2024T04:41:20 - [TEST_STEP][PASSED] - x = x.substring(i3, x.length()): null

18-11-2024T04:41:20 - [TEST_STEP][PASSED] - return x: null

18-11-2024T04:41:20 - [TEST_STEP][PASSED] - tableA = Script1719551244403.NewDZO(x = tableA): null

18-11-2024T04:41:20 - [TEST_STEP][PASSED] - i3 = <not implemented yet for class: org.codehaus.groovy.ast.expr.EmptyExpression>: null

18-11-2024T04:41:20 - [TEST_STEP][PASSED] - i3 = x.indexOf("/") + 1: null

18-11-2024T04:41:20 - [TEST_STEP][PASSED] - x = x.substring(i3, x.length()): null

18-11-2024T04:41:20 - [TEST_STEP][PASSED] - return x: null

18-11-2024T04:41:20 - [TEST_STEP][PASSED] - tableA = Script1719551244403.NewDZO(x = tableA): null

18-11-2024T04:41:20 - [TEST_STEP][PASSED] - i3 = <not implemented yet for class: org.codehaus.groovy.ast.expr.EmptyExpression>: null

18-11-2024T04:41:20 - [TEST_STEP][PASSED] - i3 = x.indexOf("/") + 1: null

18-11-2024T04:41:20 - [TEST_STEP][PASSED] - x = x.substring(i3, x.length()): null

18-11-2024T04:41:20 - [TEST_STEP][PASSED] - return x: null

18-11-2024T04:41:20 - [TEST_STEP][PASSED] - tableA = Script1719551244403.NewDZO(x = tableA): null

18-11-2024T04:41:20 - [TEST_STEP][PASSED] - i3 = <not implemented yet for class: org.codehaus.groovy.ast.expr.EmptyExpression>: null

18-11-2024T04:41:20 - [TEST_STEP][PASSED] - i3 = x.indexOf("/") + 1: null

18-11-2024T04:41:20 - [TEST_STEP][PASSED] - x = x.substring(i3, x.length()): null

18-11-2024T04:41:20 - [TEST_STEP][PASSED] - return x: null

18-11-2024T04:41:20 - [TEST_STEP][PASSED] - tableA = Script1719551244403.NewDZO(x = tableA): null

18-11-2024T04:41:20 - [TEST_STEP][PASSED] - i3 = <not implemented yet for class: org.codehaus.groovy.ast.expr.EmptyExpression>: null

18-11-2024T04:41:20 - [TEST_STEP][PASSED] - i3 = x.indexOf("/") + 1: null

18-11-2024T04:41:20 - [TEST_STEP][PASSED] - x = x.substring(i3, x.length()): null

18-11-2024T04:41:20 - [TEST_STEP][PASSED] - return x: null

18-11-2024T04:41:20 - [TEST_STEP][PASSED] - tableA = Script1719551244403.NewDZO(x = tableA): null

18-11-2024T04:41:20 - [TEST_STEP][PASSED] - i3 = <not implemented yet for class: org.codehaus.groovy.ast.expr.EmptyExpression>: null

18-11-2024T04:41:20 - [TEST_STEP][PASSED] - i3 = x.indexOf("/") + 1: null

18-11-2024T04:41:20 - [TEST_STEP][PASSED] - x = x.substring(i3, x.length()): null

18-11-2024T04:41:20 - [TEST_STEP][PASSED] - return x: null

18-11-2024T04:41:20 - [TEST_STEP][PASSED] - tableA = Script1719551244403.NewDZO(x = tableA): null

18-11-2024T04:41:20 - [TEST_STEP][PASSED] - i3 = <not implemented yet for class: org.codehaus.groovy.ast.expr.EmptyExpression>: null

18-11-2024T04:41:20 - [TEST_STEP][PASSED] - i3 = x.indexOf("/") + 1: null

18-11-2024T04:41:20 - [TEST_STEP][PASSED] - x = x.substring(i3, x.length()): null

18-11-2024T04:41:20 - [TEST_STEP][PASSED] - return x: null

18-11-2024T04:41:20 - [TEST_STEP][PASSED] - i = tableA.indexOf("Тюмень"): null

18-11-2024T04:41:20 - [TEST_STEP][PASSED] - ToA = replaceAll("\p{P}", "").trim(): null

18-11-2024T04:41:20 - [TEST_STEP][PASSED] - println("ToA: " + ToA): null

18-11-2024T04:41:20 - [TEST_STEP][PASSED] - tableA = Script1719551244403.NewDZO(x = tableA): null

18-11-2024T04:41:20 - [TEST_STEP][PASSED] - i3 = <not implemented yet for class: org.codehaus.groovy.ast.expr.EmptyExpression>: null

18-11-2024T04:41:20 - [TEST_STEP][PASSED] - i3 = x.indexOf("/") + 1: null

18-11-2024T04:41:20 - [TEST_STEP][PASSED] - x = x.substring(i3, x.length()): null

18-11-2024T04:41:20 - [TEST_STEP][PASSED] - return x: null

18-11-2024T04:41:20 - [TEST_STEP][PASSED] - TyuA = replaceAll("\p{P}", "").trim(): null

18-11-2024T04:41:20 - [TEST_STEP][PASSED] - println("TyuA: " + TyuA): null

18-11-2024T04:41:20 - [TEST_STEP][PASSED] - tableA = Script1719551244403.NewDZO(x = tableA): null

18-11-2024T04:41:20 - [TEST_STEP][PASSED] - i3 = <not implemented yet for class: org.codehaus.groovy.ast.expr.EmptyExpression>: null

18-11-2024T04:41:20 - [TEST_STEP][PASSED] - i3 = x.indexOf("/") + 1: null

18-11-2024T04:41:20 - [TEST_STEP][PASSED] - x = x.substring(i3, x.length()): null

18-11-2024T04:41:20 - [TEST_STEP][PASSED] - return x: null

18-11-2024T04:41:20 - [TEST_STEP][PASSED] - i = tableA.indexOf("ЕЭС"): null

18-11-2024T04:41:20 - [TEST_STEP][PASSED] - UrA = replaceAll("\p{P}", "").trim(): null

18-11-2024T04:41:20 - [TEST_STEP][PASSED] - println("UrA: " + UrA): null

18-11-2024T04:41:20 - [TEST_STEP][PASSED] - for ([i = 1, i < 4, (i++)]): null

18-11-2024T04:41:20 - [TEST_STEP][PASSED] - tableA = Script1719551244403.NewDZO(x = tableA): null

18-11-2024T04:41:20 - [TEST_STEP][PASSED] - i3 = <not implemented yet for class: org.codehaus.groovy.ast.expr.EmptyExpression>: null

18-11-2024T04:41:20 - [TEST_STEP][PASSED] - i3 = x.indexOf("/") + 1: null

18-11-2024T04:41:20 - [TEST_STEP][PASSED] - x = x.substring(i3, x.length()): null

18-11-2024T04:41:20 - [TEST_STEP][PASSED] - return x: null

18-11-2024T04:41:20 - [TEST_STEP][PASSED] - tableA = Script1719551244403.NewDZO(x = tableA): null

18-11-2024T04:41:20 - [TEST_STEP][PASSED] - i3 = <not implemented yet for class: org.codehaus.groovy.ast.expr.EmptyExpression>: null

18-11-2024T04:41:20 - [TEST_STEP][PASSED] - i3 = x.indexOf("/") + 1: null

18-11-2024T04:41:20 - [TEST_STEP][PASSED] - x = x.substring(i3, x.length()): null

18-11-2024T04:41:20 - [TEST_STEP][PASSED] - return x: null

18-11-2024T04:41:20 - [TEST_STEP][PASSED] - tableA = Script1719551244403.NewDZO(x = tableA): null

18-11-2024T04:41:20 - [TEST_STEP][PASSED] - i3 = <not implemented yet for class: org.codehaus.groovy.ast.expr.EmptyExpression>: null

18-11-2024T04:41:20 - [TEST_STEP][PASSED] - i3 = x.indexOf("/") + 1: null

18-11-2024T04:41:20 - [TEST_STEP][PASSED] - x = x.substring(i3, x.length()): null

18-11-2024T04:41:20 - [TEST_STEP][PASSED] - return x: null

18-11-2024T04:41:20 - [TEST_STEP][PASSED] - i = tableA.indexOf("Центр"): null

18-11-2024T04:41:20 - [TEST_STEP][PASSED] - FSKA = replaceAll("\p{P}", "").trim(): null

18-11-2024T04:41:20 - [TEST_STEP][PASSED] - println("FSKA: " + FSKA): null

18-11-2024T04:41:20 - [TEST_STEP][PASSED] - tableA = Script1719551244403.NewDZO(x = tableA): null

18-11-2024T04:41:20 - [TEST_STEP][PASSED] - i3 = <not implemented yet for class: org.codehaus.groovy.ast.expr.EmptyExpression>: null

18-11-2024T04:41:20 - [TEST_STEP][PASSED] - i3 = x.indexOf("/") + 1: null

18-11-2024T04:41:20 - [TEST_STEP][PASSED] - x = x.substring(i3, x.length()): null

18-11-2024T04:41:20 - [TEST_STEP][PASSED] - return x: null

18-11-2024T04:41:20 - [TEST_STEP][PASSED] - i = tableA.indexOf("Приволжье"): null

18-11-2024T04:41:20 - [TEST_STEP][PASSED] - CenA = replaceAll("\p{P}", "").trim(): null

18-11-2024T04:41:20 - [TEST_STEP][PASSED] - println("CenA: " + CenA): null

18-11-2024T04:41:20 - [TEST_STEP][PASSED] - for ([i = 1, i < 12, (i++)]): null

18-11-2024T04:41:20 - [TEST_STEP][PASSED] - tableA = Script1719551244403.NewDZO(x = tableA): null

18-11-2024T04:41:20 - [TEST_STEP][PASSED] - i3 = <not implemented yet for class: org.codehaus.groovy.ast.expr.EmptyExpression>: null

18-11-2024T04:41:20 - [TEST_STEP][PASSED] - i3 = x.indexOf("/") + 1: null

18-11-2024T04:41:20 - [TEST_STEP][PASSED] - x = x.substring(i3, x.length()): null

18-11-2024T04:41:20 - [TEST_STEP][PASSED] - return x: null

18-11-2024T04:41:20 - [TEST_STEP][PASSED] - tableA = Script1719551244403.NewDZO(x = tableA): null

18-11-2024T04:41:20 - [TEST_STEP][PASSED] - i3 = <not implemented yet for class: org.codehaus.groovy.ast.expr.EmptyExpression>: null

18-11-2024T04:41:20 - [TEST_STEP][PASSED] - i3 = x.indexOf("/") + 1: null

18-11-2024T04:41:20 - [TEST_STEP][PASSED] - x = x.substring(i3, x.length()): null

18-11-2024T04:41:20 - [TEST_STEP][PASSED] - return x: null

18-11-2024T04:41:20 - [TEST_STEP][PASSED] - tableA = Script1719551244403.NewDZO(x = tableA): null

18-11-2024T04:41:20 - [TEST_STEP][PASSED] - i3 = <not implemented yet for class: org.codehaus.groovy.ast.expr.EmptyExpression>: null

18-11-2024T04:41:20 - [TEST_STEP][PASSED] - i3 = x.indexOf("/") + 1: null

18-11-2024T04:41:20 - [TEST_STEP][PASSED] - x = x.substring(i3, x.length()): null

18-11-2024T04:41:20 - [TEST_STEP][PASSED] - return x: null

18-11-2024T04:41:20 - [TEST_STEP][PASSED] - tableA = Script1719551244403.NewDZO(x = tableA): null

18-11-2024T04:41:20 - [TEST_STEP][PASSED] - i3 = <not implemented yet for class: org.codehaus.groovy.ast.expr.EmptyExpression>: null

18-11-2024T04:41:20 - [TEST_STEP][PASSED] - i3 = x.indexOf("/") + 1: null

18-11-2024T04:41:20 - [TEST_STEP][PASSED] - x = x.substring(i3, x.length()): null

18-11-2024T04:41:20 - [TEST_STEP][PASSED] - return x: null

18-11-2024T04:41:20 - [TEST_STEP][PASSED] - tableA = Script1719551244403.NewDZO(x = tableA): null

18-11-2024T04:41:20 - [TEST_STEP][PASSED] - i3 = <not implemented yet for class: org.codehaus.groovy.ast.expr.EmptyExpression>: null

18-11-2024T04:41:20 - [TEST_STEP][PASSED] - i3 = x.indexOf("/") + 1: null

18-11-2024T04:41:20 - [TEST_STEP][PASSED] - x = x.substring(i3, x.length()): null

18-11-2024T04:41:20 - [TEST_STEP][PASSED] - return x: null

18-11-2024T04:41:20 - [TEST_STEP][PASSED] - tableA = Script1719551244403.NewDZO(x = tableA): null

18-11-2024T04:41:20 - [TEST_STEP][PASSED] - i3 = <not implemented yet for class: org.codehaus.groovy.ast.expr.EmptyExpression>: null

18-11-2024T04:41:20 - [TEST_STEP][PASSED] - i3 = x.indexOf("/") + 1: null

18-11-2024T04:41:20 - [TEST_STEP][PASSED] - x = x.substring(i3, x.length()): null

18-11-2024T04:41:20 - [TEST_STEP][PASSED] - return x: null

18-11-2024T04:41:20 - [TEST_STEP][PASSED] - tableA = Script1719551244403.NewDZO(x = tableA): null

18-11-2024T04:41:20 - [TEST_STEP][PASSED] - i3 = <not implemented yet for class: org.codehaus.groovy.ast.expr.EmptyExpression>: null

18-11-2024T04:41:20 - [TEST_STEP][PASSED] - i3 = x.indexOf("/") + 1: null

18-11-2024T04:41:20 - [TEST_STEP][PASSED] - x = x.substring(i3, x.length()): null

18-11-2024T04:41:20 - [TEST_STEP][PASSED] - return x: null

18-11-2024T04:41:20 - [TEST_STEP][PASSED] - tableA = Script1719551244403.NewDZO(x = tableA): null

18-11-2024T04:41:20 - [TEST_STEP][PASSED] - i3 = <not implemented yet for class: org.codehaus.groovy.ast.expr.EmptyExpression>: null

18-11-2024T04:41:20 - [TEST_STEP][PASSED] - i3 = x.indexOf("/") + 1: null

18-11-2024T04:41:20 - [TEST_STEP][PASSED] - x = x.substring(i3, x.length()): null

18-11-2024T04:41:20 - [TEST_STEP][PASSED] - return x: null

18-11-2024T04:41:20 - [TEST_STEP][PASSED] - tableA = Script1719551244403.NewDZO(x = tableA): null

18-11-2024T04:41:20 - [TEST_STEP][PASSED] - i3 = <not implemented yet for class: org.codehaus.groovy.ast.expr.EmptyExpression>: null

18-11-2024T04:41:20 - [TEST_STEP][PASSED] - i3 = x.indexOf("/") + 1: null

18-11-2024T04:41:20 - [TEST_STEP][PASSED] - x = x.substring(i3, x.length()): null

18-11-2024T04:41:20 - [TEST_STEP][PASSED] - return x: null

18-11-2024T04:41:20 - [TEST_STEP][PASSED] - tableA = Script1719551244403.NewDZO(x = tableA): null

18-11-2024T04:41:20 - [TEST_STEP][PASSED] - i3 = <not implemented yet for class: org.codehaus.groovy.ast.expr.EmptyExpression>: null

18-11-2024T04:41:20 - [TEST_STEP][PASSED] - i3 = x.indexOf("/") + 1: null

18-11-2024T04:41:20 - [TEST_STEP][PASSED] - x = x.substring(i3, x.length()): null

18-11-2024T04:41:20 - [TEST_STEP][PASSED] - return x: null

18-11-2024T04:41:20 - [TEST_STEP][PASSED] - tableA = Script1719551244403.NewDZO(x = tableA): null

18-11-2024T04:41:20 - [TEST_STEP][PASSED] - i3 = <not implemented yet for class: org.codehaus.groovy.ast.expr.EmptyExpression>: null

18-11-2024T04:41:20 - [TEST_STEP][PASSED] - i3 = x.indexOf("/") + 1: null

18-11-2024T04:41:20 - [TEST_STEP][PASSED] - x = x.substring(i3, x.length()): null

18-11-2024T04:41:20 - [TEST_STEP][PASSED] - return x: null

18-11-2024T04:41:20 - [TEST_STEP][PASSED] - i = tableA.indexOf("Юг"): null

18-11-2024T04:41:20 - [TEST_STEP][PASSED] - CiPA = replaceAll("\p{P}", "").trim(): null

18-11-2024T04:41:20 - [TEST_STEP][PASSED] - println("CiPA: " + CiPA): null

18-11-2024T04:41:20 - [TEST_STEP][PASSED] - for ([i = 1, i < 10, (i++)]): null

18-11-2024T04:41:20 - [TEST_STEP][PASSED] - tableA = Script1719551244403.NewDZO(x = tableA): null

18-11-2024T04:41:20 - [TEST_STEP][PASSED] - i3 = <not implemented yet for class: org.codehaus.groovy.ast.expr.EmptyExpression>: null

18-11-2024T04:41:20 - [TEST_STEP][PASSED] - i3 = x.indexOf("/") + 1: null

18-11-2024T04:41:20 - [TEST_STEP][PASSED] - x = x.substring(i3, x.length()): null

18-11-2024T04:41:20 - [TEST_STEP][PASSED] - return x: null

18-11-2024T04:41:20 - [TEST_STEP][PASSED] - tableA = Script1719551244403.NewDZO(x = tableA): null

18-11-2024T04:41:20 - [TEST_STEP][PASSED] - i3 = <not implemented yet for class: org.codehaus.groovy.ast.expr.EmptyExpression>: null

18-11-2024T04:41:20 - [TEST_STEP][PASSED] - i3 = x.indexOf("/") + 1: null

18-11-2024T04:41:20 - [TEST_STEP][PASSED] - x = x.substring(i3, x.length()): null

18-11-2024T04:41:20 - [TEST_STEP][PASSED] - return x: null

18-11-2024T04:41:20 - [TEST_STEP][PASSED] - tableA = Script1719551244403.NewDZO(x = tableA): null

18-11-2024T04:41:20 - [TEST_STEP][PASSED] - i3 = <not implemented yet for class: org.codehaus.groovy.ast.expr.EmptyExpression>: null

18-11-2024T04:41:20 - [TEST_STEP][PASSED] - i3 = x.indexOf("/") + 1: null

18-11-2024T04:41:20 - [TEST_STEP][PASSED] - x = x.substring(i3, x.length()): null

18-11-2024T04:41:20 - [TEST_STEP][PASSED] - return x: null

18-11-2024T04:41:20 - [TEST_STEP][PASSED] - tableA = Script1719551244403.NewDZO(x = tableA): null

18-11-2024T04:41:20 - [TEST_STEP][PASSED] - i3 = <not implemented yet for class: org.codehaus.groovy.ast.expr.EmptyExpression>: null

18-11-2024T04:41:20 - [TEST_STEP][PASSED] - i3 = x.indexOf("/") + 1: null

18-11-2024T04:41:20 - [TEST_STEP][PASSED] - x = x.substring(i3, x.length()): null

18-11-2024T04:41:20 - [TEST_STEP][PASSED] - return x: null

18-11-2024T04:41:20 - [TEST_STEP][PASSED] - tableA = Script1719551244403.NewDZO(x = tableA): null

18-11-2024T04:41:20 - [TEST_STEP][PASSED] - i3 = <not implemented yet for class: org.codehaus.groovy.ast.expr.EmptyExpression>: null

18-11-2024T04:41:20 - [TEST_STEP][PASSED] - i3 = x.indexOf("/") + 1: null

18-11-2024T04:41:20 - [TEST_STEP][PASSED] - x = x.substring(i3, x.length()): null

18-11-2024T04:41:20 - [TEST_STEP][PASSED] - return x: null

18-11-2024T04:41:20 - [TEST_STEP][PASSED] - tableA = Script1719551244403.NewDZO(x = tableA): null

18-11-2024T04:41:20 - [TEST_STEP][PASSED] - i3 = <not implemented yet for class: org.codehaus.groovy.ast.expr.EmptyExpression>: null

18-11-2024T04:41:20 - [TEST_STEP][PASSED] - i3 = x.indexOf("/") + 1: null

18-11-2024T04:41:20 - [TEST_STEP][PASSED] - x = x.substring(i3, x.length()): null

18-11-2024T04:41:20 - [TEST_STEP][PASSED] - return x: null

18-11-2024T04:41:20 - [TEST_STEP][PASSED] - tableA = Script1719551244403.NewDZO(x = tableA): null

18-11-2024T04:41:20 - [TEST_STEP][PASSED] - i3 = <not implemented yet for class: org.codehaus.groovy.ast.expr.EmptyExpression>: null

18-11-2024T04:41:20 - [TEST_STEP][PASSED] - i3 = x.indexOf("/") + 1: null

18-11-2024T04:41:20 - [TEST_STEP][PASSED] - x = x.substring(i3, x.length()): null

18-11-2024T04:41:20 - [TEST_STEP][PASSED] - return x: null

18-11-2024T04:41:20 - [TEST_STEP][PASSED] - tableA = Script1719551244403.NewDZO(x = tableA): null

18-11-2024T04:41:20 - [TEST_STEP][PASSED] - i3 = <not implemented yet for class: org.codehaus.groovy.ast.expr.EmptyExpression>: null

18-11-2024T04:41:20 - [TEST_STEP][PASSED] - i3 = x.indexOf("/") + 1: null

18-11-2024T04:41:20 - [TEST_STEP][PASSED] - x = x.substring(i3, x.length()): null

18-11-2024T04:41:20 - [TEST_STEP][PASSED] - return x: null

18-11-2024T04:41:20 - [TEST_STEP][PASSED] - tableA = Script1719551244403.NewDZO(x = tableA): null

18-11-2024T04:41:20 - [TEST_STEP][PASSED] - i3 = <not implemented yet for class: org.codehaus.groovy.ast.expr.EmptyExpression>: null

18-11-2024T04:41:20 - [TEST_STEP][PASSED] - i3 = x.indexOf("/") + 1: null

18-11-2024T04:41:20 - [TEST_STEP][PASSED] - x = x.substring(i3, x.length()): null

18-11-2024T04:41:20 - [TEST_STEP][PASSED] - return x: null

18-11-2024T04:41:20 - [TEST_STEP][PASSED] - i = tableA.indexOf("Янтарь"): null

18-11-2024T04:41:20 - [TEST_STEP][PASSED] - UgA = replaceAll("\p{P}", "").trim(): null

18-11-2024T04:41:20 - [TEST_STEP][PASSED] - println("UgA: " + UgA): null

18-11-2024T04:41:20 - [TEST_STEP][PASSED] - i = tableA.lastIndexOf("/"): null

18-11-2024T04:41:20 - [TEST_STEP][PASSED] - YaA = replaceAll("\p{P}", "").trim(): null

18-11-2024T04:41:20 - [TEST_STEP][PASSED] - println("YaA: " + YaA): null

18-11-2024T04:41:20 - [TEST_STEP][PASSED] - delay(10): Delayed 10 second(s)

18-11-2024T04:41:30 - [MESSAGE][PASSED] - Delayed 10 second(s)

18-11-2024T04:41:30 - [TEST_STEP][PASSED] - navigateToUrl(findTestData("PlanFact").getValue(10, 11)): Navigate to 'https://bi.rosseti.digital/viewer?dashboardGuid=a1fd28b3785d443cbc4d7690a1d78e31&sheetGuid=d3a0ddec2e914cb380b20dca74903099&fit=true' successfully

18-11-2024T04:41:31 - [MESSAGE][PASSED] - Navigate to 'https://bi.rosseti.digital/viewer?dashboardGuid=a1fd28b3785d443cbc4d7690a1d78e31&sheetGuid=d3a0ddec2e914cb380b20dca74903099&fit=true' successfully

18-11-2024T04:41:31 - [TEST_STEP][PASSED] - b = <not implemented yet for class: org.codehaus.groovy.ast.expr.EmptyExpression>: null

18-11-2024T04:41:31 - [TEST_STEP][PASSED] - b1 = <not implemented yet for class: org.codehaus.groovy.ast.expr.EmptyExpression>: null

18-11-2024T04:41:31 - [TEST_STEP][PASSED] - b2 = <not implemented yet for class: org.codehaus.groovy.ast.expr.EmptyExpression>: null

18-11-2024T04:41:31 - [TEST_STEP][PASSED] - click(findTestObject("Факторный анализ/Фильтр Дата Выручка")): Object: 'Object Repository/Факторный анализ/Фильтр Дата Выручка' is clicked on

18-11-2024T04:41:45 - [MESSAGE][PASSED] - Object: 'Object Repository/Факторный анализ/Фильтр Дата Выручка' is clicked on

18-11-2024T04:41:45 - [TEST_STEP][PASSED] - click(findTestObject("Факторный анализ/Снять выделение в фильтре Дата Выручка")): Object: 'Object Repository/Факторный анализ/Снять выделение в фильтре Дата Выручка' is clicked on

18-11-2024T04:41:46 - [MESSAGE][PASSED] - Object: 'Object Repository/Факторный анализ/Снять выделение в фильтре Дата Выручка' is clicked on

18-11-2024T04:41:46 - [TEST_STEP][PASSED] - click(findTestObject("Факторный анализ/Применить в фильтре Дата Выручка")): Object: 'Object Repository/Факторный анализ/Применить в фильтре Дата Выручка' is clicked on

18-11-2024T04:41:46 - [MESSAGE][PASSED] - Object: 'Object Repository/Факторный анализ/Применить в фильтре Дата Выручка' is clicked on

18-11-2024T04:41:46 - [TEST_STEP][PASSED] - delay(10): Delayed 10 second(s)

18-11-2024T04:41:56 - [MESSAGE][PASSED] - Delayed 10 second(s)

18-11-2024T04:41:56 - [TEST_STEP][PASSED] - click(findTestObject("Факторный анализ/Фильтр Дата Выручка")): Object: 'Object Repository/Факторный анализ/Фильтр Дата Выручка' is clicked on

18-11-2024T04:41:57 - [MESSAGE][PASSED] - Object: 'Object Repository/Факторный анализ/Фильтр Дата Выручка' is clicked on

18-11-2024T04:41:57 - [TEST_STEP][PASSED] - click(findTestObject("Факторный анализ/Снять выделение в фильтре Дата Выручка")): Object: 'Object Repository/Факторный анализ/Снять выделение в фильтре Дата Выручка' is clicked on

18-11-2024T04:41:57 - [MESSAGE][PASSED] - Object: 'Object Repository/Факторный анализ/Снять выделение в фильтре Дата Выручка' is clicked on

18-11-2024T04:41:57 - [TEST_STEP][PASSED] - scrollToElement(findTestObject("Факторный анализ/2024 список Выручка"), 30): Scroll to object 'Object Repository/Факторный анализ/2024 список Выручка' successfully

18-11-2024T04:41:58 - [MESSAGE][PASSED] - Scroll to object 'Object Repository/Факторный анализ/2024 список Выручка' successfully

18-11-2024T04:41:58 - [TEST_STEP][PASSED] - click(findTestObject("Факторный анализ/2024 список Выручка")): Object: 'Object Repository/Факторный анализ/2024 список Выручка' is clicked on

18-11-2024T04:41:58 - [MESSAGE][PASSED] - Object: 'Object Repository/Факторный анализ/2024 список Выручка' is clicked on

18-11-2024T04:41:58 - [TEST_STEP][PASSED] - scrollToElement(findTestObject("Факторный анализ/1 квартал 2024 выбрать Выручка"), 30): Scroll to object 'Object Repository/Факторный анализ/1 квартал 2024 выбрать Выручка' successfully

18-11-2024T04:41:58 - [MESSAGE][PASSED] - Scroll to object 'Object Repository/Факторный анализ/1 квартал 2024 выбрать Выручка' successfully

18-11-2024T04:41:58 - [TEST_STEP][PASSED] - click(findTestObject("Факторный анализ/1 квартал 2024 выбрать Выручка")): Object: 'Object Repository/Факторный анализ/1 квартал 2024 выбрать Выручка' is clicked on

18-11-2024T04:41:59 - [MESSAGE][PASSED] - Object: 'Object Repository/Факторный анализ/1 квартал 2024 выбрать Выручка' is clicked on

18-11-2024T04:41:59 - [TEST_STEP][PASSED] - scrollToElement(findTestObject("Факторный анализ/2 квартал 2024 выбрать Выручка"), 30): Scroll to object 'Object Repository/Факторный анализ/2 квартал 2024 выбрать Выручка' successfully

18-11-2024T04:41:59 - [MESSAGE][PASSED] - Scroll to object 'Object Repository/Факторный анализ/2 квартал 2024 выбрать Выручка' successfully

18-11-2024T04:41:59 - [TEST_STEP][PASSED] - click(findTestObject("Факторный анализ/2 квартал 2024 выбрать Выручка"), CONTINUE_ON_FAILURE): Object: 'Object Repository/Факторный анализ/2 квартал 2024 выбрать Выручка' is clicked on

18-11-2024T04:42:00 - [MESSAGE][PASSED] - Object: 'Object Repository/Факторный анализ/2 квартал 2024 выбрать Выручка' is clicked on

18-11-2024T04:42:00 - [TEST_STEP][PASSED] - click(findTestObject("Факторный анализ/3 квартал 2024 выбрать Выручка"), CONTINUE_ON_FAILURE): Object: 'Object Repository/Факторный анализ/3 квартал 2024 выбрать Выручка' is clicked on

18-11-2024T04:42:00 - [MESSAGE][PASSED] - Object: 'Object Repository/Факторный анализ/3 квартал 2024 выбрать Выручка' is clicked on

18-11-2024T04:42:00 - [TEST_STEP][PASSED] - scrollToElement(findTestObject("Факторный анализ/Заголовок дашборда Выручка"), 30): Scroll to object 'Object Repository/Факторный анализ/Заголовок дашборда Выручка' successfully

18-11-2024T04:42:01 - [MESSAGE][PASSED] - Scroll to object 'Object Repository/Факторный анализ/Заголовок дашборда Выручка' successfully

18-11-2024T04:42:01 - [TEST_STEP][PASSED] - click(findTestObject("Факторный анализ/Применить в фильтре Дата Выручка")): Object: 'Object Repository/Факторный анализ/Применить в фильтре Дата Выручка' is clicked on

18-11-2024T04:42:01 - [MESSAGE][PASSED] - Object: 'Object Repository/Факторный анализ/Применить в фильтре Дата Выручка' is clicked on

18-11-2024T04:42:01 - [TEST_STEP][PASSED] - if (run == 1): null

18-11-2024T04:42:01 - [TEST_STEP][PASSED] - b = getText(findTestObject("Факторный анализ/Отклонения выручки по факторам Выручка")): Text of object 'Object Repository/Факторный анализ/Отклонения выручки по факторам Выручка' is: '34 26034 260
-8 105-8 105
Отклонение (объём услуг) филиал без Nan
Отклонение (средний тариф) филиал без Nan
ПАО Россети'

18-11-2024T04:42:05 - [MESSAGE][PASSED] - Text of object 'Object Repository/Факторный анализ/Отклонения выручки по факторам Выручка' is: '34 26034 260
-8 105-8 105
Отклонение (объём услуг) филиал без Nan
Отклонение (средний тариф) филиал без Nan
ПАО Россети'

18-11-2024T04:42:05 - [TEST_STEP][PASSED] - b = b.replaceAll("[\r?
|
]", "/"): null

18-11-2024T04:42:05 - [TEST_STEP][PASSED] - println("b: " + b): null

18-11-2024T04:42:05 - [TEST_STEP][PASSED] - i = b.indexOf("Отклонение"): null

18-11-2024T04:42:05 - [TEST_STEP][PASSED] - if (i > -1): null

18-11-2024T04:42:05 - [TEST_STEP][PASSED] - i = i: null

18-11-2024T04:42:05 - [TEST_STEP][PASSED] - b = substring(0, i).trim(): null

18-11-2024T04:42:05 - [TEST_STEP][PASSED] - println("b: " + b): null

18-11-2024T04:42:05 - [TEST_STEP][PASSED] - i = b.indexOf("/"): null

18-11-2024T04:42:05 - [TEST_STEP][PASSED] - if (i > -1): null

18-11-2024T04:42:05 - [TEST_STEP][PASSED] - b1 = b.substring(0, i): null

18-11-2024T04:42:05 - [TEST_STEP][PASSED] - println("b1: " + b1): null

18-11-2024T04:42:05 - [TEST_STEP][PASSED] - b2 = b.substring(b1.length() + 1, b.length()): null

18-11-2024T04:42:05 - [TEST_STEP][PASSED] - println("b2: " + b2): null

18-11-2024T04:42:05 - [TEST_STEP][PASSED] - i = b1.length() / 2: null

18-11-2024T04:42:05 - [TEST_STEP][PASSED] - if (i > -1): null

18-11-2024T04:42:05 - [TEST_STEP][PASSED] - b1 = replaceAll("\s+", "").trim(): null

18-11-2024T04:42:05 - [TEST_STEP][PASSED] - println("b1: " + b1): null

18-11-2024T04:42:05 - [TEST_STEP][PASSED] - i = b2.length() / 2: null

18-11-2024T04:42:05 - [TEST_STEP][PASSED] - if (i > -1): null

18-11-2024T04:42:05 - [TEST_STEP][PASSED] - b2 = replaceAll("\s+", "").trim(): null

18-11-2024T04:42:05 - [TEST_STEP][PASSED] - println("b2: " + b2): null

18-11-2024T04:42:05 - [TEST_STEP][PASSED] - vidget = "Отклонения выручки по факторам": null

18-11-2024T04:42:05 - [TEST_STEP][PASSED] - DZO = "ПАО Россети": null

18-11-2024T04:42:05 - [TEST_STEP][PASSED] - typeOfData = "Отклонение (объём услуг)": null

18-11-2024T04:42:05 - [TEST_STEP][PASSED] - Script1719551244403.Compare(x = a1, y = b1, run, typeOfData, otobrajeniyeDannyh, todaysDate, vidget, DZO): null

18-11-2024T04:42:05 - [TEST_STEP][FAILED] - if (verifyEqual(x, y) == true): Unable to verify equal between actual object '-331405' and expected object '34260' (Root cause: com.kms.katalon.core.exception.StepFailedException: Actual object '-331405' and expected object '34260' are not equal
	at com.kms.katalon.core.keyword.builtin.VerifyEqualKeyword$_verifyEqual_closure1.doCall(VerifyEqualKeyword.groovy:58)
	at com.kms.katalon.core.keyword.builtin.VerifyEqualKeyword$_verifyEqual_closure1.call(VerifyEqualKeyword.groovy)
	at com.kms.katalon.core.keyword.internal.KeywordMain.runKeyword(KeywordMain.groovy:75)
	at com.kms.katalon.core.keyword.builtin.VerifyEqualKeyword.verifyEqual(VerifyEqualKeyword.groovy:63)
	at com.kms.katalon.core.keyword.builtin.VerifyEqualKeyword.execute(VerifyEqualKeyword.groovy:44)
	at com.kms.katalon.core.keyword.internal.KeywordExecutor.executeKeywordForPlatform(KeywordExecutor.groovy:74)
	at com.kms.katalon.core.keyword.BuiltinKeywords.verifyEqual(BuiltinKeywords.groovy:146)
	at jdk.internal.reflect.GeneratedMethodAccessor25.invoke(Unknown Source)
	at java.base/jdk.internal.reflect.DelegatingMethodAccessorImpl.invoke(DelegatingMethodAccessorImpl.java:43)
	at Факторный анализ сверка дашбордов.Compare(Факторный анализ сверка дашбордов:658)
	at Факторный анализ сверка дашбордов.Test(Факторный анализ сверка дашбордов:422)
	at Факторный анализ сверка дашбордов.run(Факторный анализ сверка дашбордов:44)
	at com.kms.katalon.core.main.ScriptEngine.run(ScriptEngine.java:194)
	at com.kms.katalon.core.main.ScriptEngine.runScriptAsRawText(ScriptEngine.java:119)
	at com.kms.katalon.core.main.TestCaseExecutor.runScript(TestCaseExecutor.java:448)
	at com.kms.katalon.core.main.TestCaseExecutor.doExecute(TestCaseExecutor.java:439)
	at com.kms.katalon.core.main.TestCaseExecutor.processExecutionPhase(TestCaseExecutor.java:418)
	at com.kms.katalon.core.main.TestCaseExecutor.accessMainPhase(TestCaseExecutor.java:410)
	at com.kms.katalon.core.main.TestCaseExecutor.execute(TestCaseExecutor.java:285)
	at com.kms.katalon.core.common.CommonExecutor.accessTestCaseMainPhase(CommonExecutor.java:65)
	at com.kms.katalon.core.main.TestSuiteExecutor.accessTestSuiteMainPhase(TestSuiteExecutor.java:150)
	at com.kms.katalon.core.main.TestSuiteExecutor.execute(TestSuiteExecutor.java:106)
	at com.kms.katalon.core.main.TestCaseMain.startTestSuite(TestCaseMain.java:180)
	at TempTestSuite1731886967590.run(TempTestSuite1731886967590.groovy:35)
	at java.base/jdk.internal.reflect.NativeMethodAccessorImpl.invoke0(Native Method)
	at java.base/jdk.internal.reflect.NativeMethodAccessorImpl.invoke(NativeMethodAccessorImpl.java:77)
	at java.base/jdk.internal.reflect.DelegatingMethodAccessorImpl.invoke(DelegatingMethodAccessorImpl.java:43)
)

18-11-2024T04:42:05 - [MESSAGE][FAILED] - Unable to verify equal between actual object '-331405' and expected object '34260' (Root cause: com.kms.katalon.core.exception.StepFailedException: Actual object '-331405' and expected object '34260' are not equal
	at com.kms.katalon.core.keyword.builtin.VerifyEqualKeyword$_verifyEqual_closure1.doCall(VerifyEqualKeyword.groovy:58)
	at com.kms.katalon.core.keyword.builtin.VerifyEqualKeyword$_verifyEqual_closure1.call(VerifyEqualKeyword.groovy)
	at com.kms.katalon.core.keyword.internal.KeywordMain.runKeyword(KeywordMain.groovy:75)
	at com.kms.katalon.core.keyword.builtin.VerifyEqualKeyword.verifyEqual(VerifyEqualKeyword.groovy:63)
	at com.kms.katalon.core.keyword.builtin.VerifyEqualKeyword.execute(VerifyEqualKeyword.groovy:44)
	at com.kms.katalon.core.keyword.internal.KeywordExecutor.executeKeywordForPlatform(KeywordExecutor.groovy:74)
	at com.kms.katalon.core.keyword.BuiltinKeywords.verifyEqual(BuiltinKeywords.groovy:146)
	at jdk.internal.reflect.GeneratedMethodAccessor25.invoke(Unknown Source)
	at java.base/jdk.internal.reflect.DelegatingMethodAccessorImpl.invoke(DelegatingMethodAccessorImpl.java:43)
	at Факторный анализ сверка дашбордов.Compare(Факторный анализ сверка дашбордов:658)
	at Факторный анализ сверка дашбордов.Test(Факторный анализ сверка дашбордов:422)
	at Факторный анализ сверка дашбордов.run(Факторный анализ сверка дашбордов:44)
	at com.kms.katalon.core.main.ScriptEngine.run(ScriptEngine.java:194)
	at com.kms.katalon.core.main.ScriptEngine.runScriptAsRawText(ScriptEngine.java:119)
	at com.kms.katalon.core.main.TestCaseExecutor.runScript(TestCaseExecutor.java:448)
	at com.kms.katalon.core.main.TestCaseExecutor.doExecute(TestCaseExecutor.java:439)
	at com.kms.katalon.core.main.TestCaseExecutor.processExecutionPhase(TestCaseExecutor.java:418)
	at com.kms.katalon.core.main.TestCaseExecutor.accessMainPhase(TestCaseExecutor.java:410)
	at com.kms.katalon.core.main.TestCaseExecutor.execute(TestCaseExecutor.java:285)
	at com.kms.katalon.core.common.CommonExecutor.accessTestCaseMainPhase(CommonExecutor.java:65)
	at com.kms.katalon.core.main.TestSuiteExecutor.accessTestSuiteMainPhase(TestSuiteExecutor.java:150)
	at com.kms.katalon.core.main.TestSuiteExecutor.execute(TestSuiteExecutor.java:106)
	at com.kms.katalon.core.main.TestCaseMain.startTestSuite(TestCaseMain.java:180)
	at TempTestSuite1731886967590.run(TempTestSuite1731886967590.groovy:35)
	at java.base/jdk.internal.reflect.NativeMethodAccessorImpl.invoke0(Native Method)
	at java.base/jdk.internal.reflect.NativeMethodAccessorImpl.invoke(NativeMethodAccessorImpl.java:77)
	at java.base/jdk.internal.reflect.DelegatingMethodAccessorImpl.invoke(DelegatingMethodAccessorImpl.java:43)
)

18-11-2024T04:42:05 - [TEST_STEP][PASSED] - else: null

18-11-2024T04:42:05 - [TEST_STEP][PASSED] - if (run == 1): null

18-11-2024T04:42:05 - [TEST_STEP][PASSED] - otobrajeniyeDannyh = "Филиал": null

18-11-2024T04:42:05 - [TEST_STEP][PASSED] - Script1719551244403.WriteToExcel(todaysDate, typeOfData, otobrajeniyeDannyh, x, y, vidget, DZO): null

18-11-2024T04:42:05 - [TEST_STEP][PASSED] - sheetName = "Sheet1": null

18-11-2024T04:42:05 - [TEST_STEP][PASSED] - data = findTestData("PlanFact"): null

18-11-2024T04:42:05 - [TEST_STEP][PASSED] - n = data.getRowNumbers() + 1: null

18-11-2024T04:42:05 - [TEST_STEP][PASSED] - period = getText(findTestObject("Факторный анализ/Фильтр Период")): Text of object 'Object Repository/Факторный анализ/Фильтр Период' is: '1, 2, 3 кв. 2024 года'

18-11-2024T04:42:05 - [MESSAGE][PASSED] - Text of object 'Object Repository/Факторный анализ/Фильтр Период' is: '1, 2, 3 кв. 2024 года'

18-11-2024T04:42:05 - [TEST_STEP][PASSED] - println(period): null

18-11-2024T04:42:05 - [TEST_STEP][PASSED] - dashboardName = "Факторный анализ": null

18-11-2024T04:42:05 - [TEST_STEP][PASSED] - workbook01 = getWorkbook(excelFilePath): null

18-11-2024T04:42:05 - [TEST_STEP][PASSED] - sheet01 = getExcelSheet(workbook01, sheetName): null

18-11-2024T04:42:05 - [TEST_STEP][PASSED] - setValueToCellByIndex(sheet01, n, 0, dashboardName): null

18-11-2024T04:42:05 - [TEST_STEP][PASSED] - setValueToCellByIndex(sheet01, n, 1, DZO): null

18-11-2024T04:42:05 - [TEST_STEP][PASSED] - setValueToCellByIndex(sheet01, n, 2, vidget): null

18-11-2024T04:42:05 - [TEST_STEP][PASSED] - setValueToCellByIndex(sheet01, n, 3, typeOfData): null

18-11-2024T04:42:05 - [TEST_STEP][PASSED] - setValueToCellByIndex(sheet01, n, 4, otobrajeniyeDannyh): null

18-11-2024T04:42:05 - [TEST_STEP][PASSED] - setValueToCellByIndex(sheet01, n, 5, period): null

18-11-2024T04:42:05 - [TEST_STEP][PASSED] - setValueToCellByIndex(sheet01, n, 6, todaysDate): null

18-11-2024T04:42:05 - [TEST_STEP][PASSED] - n = n + 1: null

18-11-2024T04:42:05 - [TEST_STEP][PASSED] - saveWorkbook(excelFilePath, workbook01): null

18-11-2024T04:42:06 - [TEST_STEP][PASSED] - typeOfData = "Отклонение (средний тариф)": null

18-11-2024T04:42:06 - [TEST_STEP][PASSED] - Script1719551244403.Compare(x = a2, y = b2, run, typeOfData, otobrajeniyeDannyh, todaysDate, vidget, DZO): null

18-11-2024T04:42:06 - [TEST_STEP][FAILED] - if (verifyEqual(x, y) == true): Unable to verify equal between actual object '-7906' and expected object '-8105' (Root cause: com.kms.katalon.core.exception.StepFailedException: Actual object '-7906' and expected object '-8105' are not equal
	at com.kms.katalon.core.keyword.builtin.VerifyEqualKeyword$_verifyEqual_closure1.doCall(VerifyEqualKeyword.groovy:58)
	at com.kms.katalon.core.keyword.builtin.VerifyEqualKeyword$_verifyEqual_closure1.call(VerifyEqualKeyword.groovy)
	at com.kms.katalon.core.keyword.internal.KeywordMain.runKeyword(KeywordMain.groovy:75)
	at com.kms.katalon.core.keyword.builtin.VerifyEqualKeyword.verifyEqual(VerifyEqualKeyword.groovy:63)
	at com.kms.katalon.core.keyword.builtin.VerifyEqualKeyword.execute(VerifyEqualKeyword.groovy:44)
	at com.kms.katalon.core.keyword.internal.KeywordExecutor.executeKeywordForPlatform(KeywordExecutor.groovy:74)
	at com.kms.katalon.core.keyword.BuiltinKeywords.verifyEqual(BuiltinKeywords.groovy:146)
	at jdk.internal.reflect.GeneratedMethodAccessor25.invoke(Unknown Source)
	at java.base/jdk.internal.reflect.DelegatingMethodAccessorImpl.invoke(DelegatingMethodAccessorImpl.java:43)
	at Факторный анализ сверка дашбордов.Compare(Факторный анализ сверка дашбордов:658)
	at Факторный анализ сверка дашбордов.Test(Факторный анализ сверка дашбордов:426)
	at Факторный анализ сверка дашбордов.run(Факторный анализ сверка дашбордов:44)
	at com.kms.katalon.core.main.ScriptEngine.run(ScriptEngine.java:194)
	at com.kms.katalon.core.main.ScriptEngine.runScriptAsRawText(ScriptEngine.java:119)
	at com.kms.katalon.core.main.TestCaseExecutor.runScript(TestCaseExecutor.java:448)
	at com.kms.katalon.core.main.TestCaseExecutor.doExecute(TestCaseExecutor.java:439)
	at com.kms.katalon.core.main.TestCaseExecutor.processExecutionPhase(TestCaseExecutor.java:418)
	at com.kms.katalon.core.main.TestCaseExecutor.accessMainPhase(TestCaseExecutor.java:410)
	at com.kms.katalon.core.main.TestCaseExecutor.execute(TestCaseExecutor.java:285)
	at com.kms.katalon.core.common.CommonExecutor.accessTestCaseMainPhase(CommonExecutor.java:65)
	at com.kms.katalon.core.main.TestSuiteExecutor.accessTestSuiteMainPhase(TestSuiteExecutor.java:150)
	at com.kms.katalon.core.main.TestSuiteExecutor.execute(TestSuiteExecutor.java:106)
	at com.kms.katalon.core.main.TestCaseMain.startTestSuite(TestCaseMain.java:180)
	at TempTestSuite1731886967590.run(TempTestSuite1731886967590.groovy:35)
	at java.base/jdk.internal.reflect.NativeMethodAccessorImpl.invoke0(Native Method)
	at java.base/jdk.internal.reflect.NativeMethodAccessorImpl.invoke(NativeMethodAccessorImpl.java:77)
	at java.base/jdk.internal.reflect.DelegatingMethodAccessorImpl.invoke(DelegatingMethodAccessorImpl.java:43)
)

18-11-2024T04:42:06 - [MESSAGE][FAILED] - Unable to verify equal between actual object '-7906' and expected object '-8105' (Root cause: com.kms.katalon.core.exception.StepFailedException: Actual object '-7906' and expected object '-8105' are not equal
	at com.kms.katalon.core.keyword.builtin.VerifyEqualKeyword$_verifyEqual_closure1.doCall(VerifyEqualKeyword.groovy:58)
	at com.kms.katalon.core.keyword.builtin.VerifyEqualKeyword$_verifyEqual_closure1.call(VerifyEqualKeyword.groovy)
	at com.kms.katalon.core.keyword.internal.KeywordMain.runKeyword(KeywordMain.groovy:75)
	at com.kms.katalon.core.keyword.builtin.VerifyEqualKeyword.verifyEqual(VerifyEqualKeyword.groovy:63)
	at com.kms.katalon.core.keyword.builtin.VerifyEqualKeyword.execute(VerifyEqualKeyword.groovy:44)
	at com.kms.katalon.core.keyword.internal.KeywordExecutor.executeKeywordForPlatform(KeywordExecutor.groovy:74)
	at com.kms.katalon.core.keyword.BuiltinKeywords.verifyEqual(BuiltinKeywords.groovy:146)
	at jdk.internal.reflect.GeneratedMethodAccessor25.invoke(Unknown Source)
	at java.base/jdk.internal.reflect.DelegatingMethodAccessorImpl.invoke(DelegatingMethodAccessorImpl.java:43)
	at Факторный анализ сверка дашбордов.Compare(Факторный анализ сверка дашбордов:658)
	at Факторный анализ сверка дашбордов.Test(Факторный анализ сверка дашбордов:426)
	at Факторный анализ сверка дашбордов.run(Факторный анализ сверка дашбордов:44)
	at com.kms.katalon.core.main.ScriptEngine.run(ScriptEngine.java:194)
	at com.kms.katalon.core.main.ScriptEngine.runScriptAsRawText(ScriptEngine.java:119)
	at com.kms.katalon.core.main.TestCaseExecutor.runScript(TestCaseExecutor.java:448)
	at com.kms.katalon.core.main.TestCaseExecutor.doExecute(TestCaseExecutor.java:439)
	at com.kms.katalon.core.main.TestCaseExecutor.processExecutionPhase(TestCaseExecutor.java:418)
	at com.kms.katalon.core.main.TestCaseExecutor.accessMainPhase(TestCaseExecutor.java:410)
	at com.kms.katalon.core.main.TestCaseExecutor.execute(TestCaseExecutor.java:285)
	at com.kms.katalon.core.common.CommonExecutor.accessTestCaseMainPhase(CommonExecutor.java:65)
	at com.kms.katalon.core.main.TestSuiteExecutor.accessTestSuiteMainPhase(TestSuiteExecutor.java:150)
	at com.kms.katalon.core.main.TestSuiteExecutor.execute(TestSuiteExecutor.java:106)
	at com.kms.katalon.core.main.TestCaseMain.startTestSuite(TestCaseMain.java:180)
	at TempTestSuite1731886967590.run(TempTestSuite1731886967590.groovy:35)
	at java.base/jdk.internal.reflect.NativeMethodAccessorImpl.invoke0(Native Method)
	at java.base/jdk.internal.reflect.NativeMethodAccessorImpl.invoke(NativeMethodAccessorImpl.java:77)
	at java.base/jdk.internal.reflect.DelegatingMethodAccessorImpl.invoke(DelegatingMethodAccessorImpl.java:43)
)

18-11-2024T04:42:06 - [TEST_STEP][PASSED] - else: null

18-11-2024T04:42:06 - [TEST_STEP][PASSED] - if (run == 1): null

18-11-2024T04:42:06 - [TEST_STEP][PASSED] - otobrajeniyeDannyh = "Филиал": null

18-11-2024T04:42:06 - [TEST_STEP][PASSED] - Script1719551244403.WriteToExcel(todaysDate, typeOfData, otobrajeniyeDannyh, x, y, vidget, DZO): null

18-11-2024T04:42:06 - [TEST_STEP][PASSED] - sheetName = "Sheet1": null

18-11-2024T04:42:06 - [TEST_STEP][PASSED] - data = findTestData("PlanFact"): null

18-11-2024T04:42:06 - [TEST_STEP][PASSED] - n = data.getRowNumbers() + 1: null

18-11-2024T04:42:06 - [TEST_STEP][PASSED] - period = getText(findTestObject("Факторный анализ/Фильтр Период")): Text of object 'Object Repository/Факторный анализ/Фильтр Период' is: '1, 2, 3 кв. 2024 года'

18-11-2024T04:42:06 - [MESSAGE][PASSED] - Text of object 'Object Repository/Факторный анализ/Фильтр Период' is: '1, 2, 3 кв. 2024 года'

18-11-2024T04:42:06 - [TEST_STEP][PASSED] - println(period): null

18-11-2024T04:42:06 - [TEST_STEP][PASSED] - dashboardName = "Факторный анализ": null

18-11-2024T04:42:06 - [TEST_STEP][PASSED] - workbook01 = getWorkbook(excelFilePath): null

18-11-2024T04:42:06 - [TEST_STEP][PASSED] - sheet01 = getExcelSheet(workbook01, sheetName): null

18-11-2024T04:42:06 - [TEST_STEP][PASSED] - setValueToCellByIndex(sheet01, n, 0, dashboardName): null

18-11-2024T04:42:06 - [TEST_STEP][PASSED] - setValueToCellByIndex(sheet01, n, 1, DZO): null

18-11-2024T04:42:06 - [TEST_STEP][PASSED] - setValueToCellByIndex(sheet01, n, 2, vidget): null

18-11-2024T04:42:06 - [TEST_STEP][PASSED] - setValueToCellByIndex(sheet01, n, 3, typeOfData): null

18-11-2024T04:42:06 - [TEST_STEP][PASSED] - setValueToCellByIndex(sheet01, n, 4, otobrajeniyeDannyh): null

18-11-2024T04:42:06 - [TEST_STEP][PASSED] - setValueToCellByIndex(sheet01, n, 5, period): null

18-11-2024T04:42:06 - [TEST_STEP][PASSED] - setValueToCellByIndex(sheet01, n, 6, todaysDate): null

18-11-2024T04:42:06 - [TEST_STEP][PASSED] - n = n + 1: null

18-11-2024T04:42:06 - [TEST_STEP][PASSED] - saveWorkbook(excelFilePath, workbook01): null

18-11-2024T04:42:06 - [TEST_STEP][PASSED] - tableB = getText(findTestObject("Факторный анализ/AllTable1 Выручка")).replaceAll("[\r?
|
]", "/"): Text of object 'Object Repository/Факторный анализ/AllTable1 Выручка' is: 'ДЗО
Филиал
Отклонение (объём услуг) филиал без Nan
Отклонение (средний тариф) филиал без Nan
АО «Тываэнерго» АО "Тываэнерго" 276 -37
АО «Чеченэнерго» АО «Чеченэнерго» 54 14
Россети Волга Мордовэнерго 169 -86
Оренбургэнерго 532 - 162
Пензаэнерго 259 -72
Самарские РС 395 -1 024
Саратовские РС 428 - 443
Ульяновские РС 231 - 201
Чувашэнерго - 126 126
Россети Кубань Кубаньэнерго 3 229 241
Россети Ленэнерго (ГК) Ленинградская область 1 191 598
г. Санкт-Петербург 2 106 -39
Россети Московский регион Московская область 4 566 - 535
г. Москва 2 812 57
Россети Северный Кавказ (ГК) Дагестанская энергосбытовая компания 0 0
Дагэнерго - 462 480
Ингушэнерго - 185 100
Каббалкэнерго 212 26
Карачаево-Черкесскэнерго 111 -9
Севкавказэнерго - 316 125
Ставропольэнерго 289 - 222
Россети Северо-Запад Архангельский филиал 63 -80
Вологодский филиал 229 -6
Карельский филиал -21 160
Мурманский филиал 102 64
Новгородский филиал 207 -40
Псковский филиал 146 -18
филиал в Республике Коми 10 23
Россети Сибирь (ГК) Алтайэнерго 275 275
Бурятэнерго -95 298
ГАЭС 114 -15
Красноярскэнерго 1 087 - 413
Кузбассэнерго-РЭС 329 205
Омскэнерго 127 - 112
Хакасэнерго 327 - 363
Читаэнерго -44 120
Россети Томск Томская распределительная компания 338 - 125
Россети Тюмень Россети Тюмень -3 853 - 459
Россети Урал (ГК) Пермэнерго 594 - 218
Свердловэнерго 805 233
Челябэнерго 973 - 671
Россети ФСК ЕЭС Итого по ФСК ЕЭС 8 044 -6 045
Россети Центр Белгородэнерго 299 111
Брянскэнерго 73 22
Воронежэнерго 602 133
Костромаэнерго 83 2
Курскэнерго 96 86
Липецкэнерго 731 - 322
Орелэнерго 148 -21
Смоленскэнерго 64 35
Тамбовэнерго 276 -4
Тверьэнерго 319 127
Ярэнерго 545 4
Россети Центр и Приволжье (ГК) Владимирэнерго 517 49
Ивэнерго 169 40
Калугаэнерго 558 -42
Кировэнерго 403 0
Мариэнерго 144 19
Нижновэнерго 658 231
Рязаньэнерго 259 47
Тулэнерго 733 - 209
Удмуртэнерго 294 3
Россети Юг (ГК) АО «ВМЭС» 153 41
Астраханьэнерго 73 90
Волгоградэнерго 392 - 310
Калмэнерго 58 -5
Ростовэнерго 779 44
Россети Янтарь Россети Янтарь 305 -28'

18-11-2024T04:42:07 - [MESSAGE][PASSED] - Text of object 'Object Repository/Факторный анализ/AllTable1 Выручка' is: 'ДЗО
Филиал
Отклонение (объём услуг) филиал без Nan
Отклонение (средний тариф) филиал без Nan
АО «Тываэнерго» АО "Тываэнерго" 276 -37
АО «Чеченэнерго» АО «Чеченэнерго» 54 14
Россети Волга Мордовэнерго 169 -86
Оренбургэнерго 532 - 162
Пензаэнерго 259 -72
Самарские РС 395 -1 024
Саратовские РС 428 - 443
Ульяновские РС 231 - 201
Чувашэнерго - 126 126
Россети Кубань Кубаньэнерго 3 229 241
Россети Ленэнерго (ГК) Ленинградская область 1 191 598
г. Санкт-Петербург 2 106 -39
Россети Московский регион Московская область 4 566 - 535
г. Москва 2 812 57
Россети Северный Кавказ (ГК) Дагестанская энергосбытовая компания 0 0
Дагэнерго - 462 480
Ингушэнерго - 185 100
Каббалкэнерго 212 26
Карачаево-Черкесскэнерго 111 -9
Севкавказэнерго - 316 125
Ставропольэнерго 289 - 222
Россети Северо-Запад Архангельский филиал 63 -80
Вологодский филиал 229 -6
Карельский филиал -21 160
Мурманский филиал 102 64
Новгородский филиал 207 -40
Псковский филиал 146 -18
филиал в Республике Коми 10 23
Россети Сибирь (ГК) Алтайэнерго 275 275
Бурятэнерго -95 298
ГАЭС 114 -15
Красноярскэнерго 1 087 - 413
Кузбассэнерго-РЭС 329 205
Омскэнерго 127 - 112
Хакасэнерго 327 - 363
Читаэнерго -44 120
Россети Томск Томская распределительная компания 338 - 125
Россети Тюмень Россети Тюмень -3 853 - 459
Россети Урал (ГК) Пермэнерго 594 - 218
Свердловэнерго 805 233
Челябэнерго 973 - 671
Россети ФСК ЕЭС Итого по ФСК ЕЭС 8 044 -6 045
Россети Центр Белгородэнерго 299 111
Брянскэнерго 73 22
Воронежэнерго 602 133
Костромаэнерго 83 2
Курскэнерго 96 86
Липецкэнерго 731 - 322
Орелэнерго 148 -21
Смоленскэнерго 64 35
Тамбовэнерго 276 -4
Тверьэнерго 319 127
Ярэнерго 545 4
Россети Центр и Приволжье (ГК) Владимирэнерго 517 49
Ивэнерго 169 40
Калугаэнерго 558 -42
Кировэнерго 403 0
Мариэнерго 144 19
Нижновэнерго 658 231
Рязаньэнерго 259 47
Тулэнерго 733 - 209
Удмуртэнерго 294 3
Россети Юг (ГК) АО «ВМЭС» 153 41
Астраханьэнерго 73 90
Волгоградэнерго 392 - 310
Калмэнерго 58 -5
Ростовэнерго 779 44
Россети Янтарь Россети Янтарь 305 -28'

18-11-2024T04:42:07 - [TEST_STEP][PASSED] - println("tableB: " + tableB): null

18-11-2024T04:42:07 - [TEST_STEP][PASSED] - for ([i = 1, i < 5, (i++)]): null

18-11-2024T04:42:07 - [TEST_STEP][PASSED] - ii = tableB.indexOf("/") + 1: null

18-11-2024T04:42:07 - [TEST_STEP][PASSED] - tableB = tableB.substring(ii, tableB.length()): null

18-11-2024T04:42:07 - [TEST_STEP][PASSED] - ii = tableB.indexOf("/") + 1: null

18-11-2024T04:42:07 - [TEST_STEP][PASSED] - tableB = tableB.substring(ii, tableB.length()): null

18-11-2024T04:42:07 - [TEST_STEP][PASSED] - ii = tableB.indexOf("/") + 1: null

18-11-2024T04:42:07 - [TEST_STEP][PASSED] - tableB = tableB.substring(ii, tableB.length()): null

18-11-2024T04:42:07 - [TEST_STEP][PASSED] - ii = tableB.indexOf("/") + 1: null

18-11-2024T04:42:07 - [TEST_STEP][PASSED] - tableB = tableB.substring(ii, tableB.length()): null

18-11-2024T04:42:07 - [TEST_STEP][PASSED] - println("tableB: " + tableB): null

18-11-2024T04:42:07 - [TEST_STEP][PASSED] - TyB = Script1719551244403.GetData(x = tableB): null

18-11-2024T04:42:07 - [TEST_STEP][PASSED] - i2 = <not implemented yet for class: org.codehaus.groovy.ast.expr.EmptyExpression>: null

18-11-2024T04:42:07 - [TEST_STEP][PASSED] - i2 = x.indexOf("/") + 1: null

18-11-2024T04:42:07 - [TEST_STEP][PASSED] - x = replaceAll("\p{P}", "").trim(): null

18-11-2024T04:42:07 - [TEST_STEP][PASSED] - return x: null

18-11-2024T04:42:07 - [TEST_STEP][PASSED] - println("TyB: " + TyB): null

18-11-2024T04:42:07 - [TEST_STEP][PASSED] - tableB = Script1719551244403.NewDZO(x = tableB): null

18-11-2024T04:42:07 - [TEST_STEP][PASSED] - i3 = <not implemented yet for class: org.codehaus.groovy.ast.expr.EmptyExpression>: null

18-11-2024T04:42:07 - [TEST_STEP][PASSED] - i3 = x.indexOf("/") + 1: null

18-11-2024T04:42:07 - [TEST_STEP][PASSED] - x = x.substring(i3, x.length()): null

18-11-2024T04:42:07 - [TEST_STEP][PASSED] - return x: null

18-11-2024T04:42:07 - [TEST_STEP][PASSED] - ChB = Script1719551244403.GetData(x = tableB): null

18-11-2024T04:42:07 - [TEST_STEP][PASSED] - i2 = <not implemented yet for class: org.codehaus.groovy.ast.expr.EmptyExpression>: null

18-11-2024T04:42:07 - [TEST_STEP][PASSED] - i2 = x.indexOf("/") + 1: null

18-11-2024T04:42:07 - [TEST_STEP][PASSED] - x = replaceAll("\p{P}", "").trim(): null

18-11-2024T04:42:07 - [TEST_STEP][PASSED] - return x: null

18-11-2024T04:42:07 - [TEST_STEP][PASSED] - println("ChB: " + ChB): null

18-11-2024T04:42:07 - [TEST_STEP][PASSED] - tableB = Script1719551244403.NewDZO(x = tableB): null

18-11-2024T04:42:07 - [TEST_STEP][PASSED] - i3 = <not implemented yet for class: org.codehaus.groovy.ast.expr.EmptyExpression>: null

18-11-2024T04:42:07 - [TEST_STEP][PASSED] - i3 = x.indexOf("/") + 1: null

18-11-2024T04:42:07 - [TEST_STEP][PASSED] - x = x.substring(i3, x.length()): null

18-11-2024T04:42:07 - [TEST_STEP][PASSED] - return x: null

18-11-2024T04:42:07 - [TEST_STEP][PASSED] - i = tableB.indexOf("Кубань"): null

18-11-2024T04:42:07 - [TEST_STEP][PASSED] - VB = replaceAll("\p{P}", "").trim(): null

18-11-2024T04:42:07 - [TEST_STEP][PASSED] - println("VB: " + VB): null

18-11-2024T04:42:07 - [TEST_STEP][PASSED] - for ([i = 1, i < 8, (i++)]): null

18-11-2024T04:42:07 - [TEST_STEP][PASSED] - tableB = Script1719551244403.NewDZO(x = tableB): null

18-11-2024T04:42:07 - [TEST_STEP][PASSED] - i3 = <not implemented yet for class: org.codehaus.groovy.ast.expr.EmptyExpression>: null

18-11-2024T04:42:07 - [TEST_STEP][PASSED] - i3 = x.indexOf("/") + 1: null

18-11-2024T04:42:07 - [TEST_STEP][PASSED] - x = x.substring(i3, x.length()): null

18-11-2024T04:42:07 - [TEST_STEP][PASSED] - return x: null

18-11-2024T04:42:07 - [TEST_STEP][PASSED] - tableB = Script1719551244403.NewDZO(x = tableB): null

18-11-2024T04:42:07 - [TEST_STEP][PASSED] - i3 = <not implemented yet for class: org.codehaus.groovy.ast.expr.EmptyExpression>: null

18-11-2024T04:42:07 - [TEST_STEP][PASSED] - i3 = x.indexOf("/") + 1: null

18-11-2024T04:42:07 - [TEST_STEP][PASSED] - x = x.substring(i3, x.length()): null

18-11-2024T04:42:07 - [TEST_STEP][PASSED] - return x: null

18-11-2024T04:42:07 - [TEST_STEP][PASSED] - tableB = Script1719551244403.NewDZO(x = tableB): null

18-11-2024T04:42:07 - [TEST_STEP][PASSED] - i3 = <not implemented yet for class: org.codehaus.groovy.ast.expr.EmptyExpression>: null

18-11-2024T04:42:07 - [TEST_STEP][PASSED] - i3 = x.indexOf("/") + 1: null

18-11-2024T04:42:07 - [TEST_STEP][PASSED] - x = x.substring(i3, x.length()): null

18-11-2024T04:42:07 - [TEST_STEP][PASSED] - return x: null

18-11-2024T04:42:07 - [TEST_STEP][PASSED] - tableB = Script1719551244403.NewDZO(x = tableB): null

18-11-2024T04:42:07 - [TEST_STEP][PASSED] - i3 = <not implemented yet for class: org.codehaus.groovy.ast.expr.EmptyExpression>: null

18-11-2024T04:42:07 - [TEST_STEP][PASSED] - i3 = x.indexOf("/") + 1: null

18-11-2024T04:42:07 - [TEST_STEP][PASSED] - x = x.substring(i3, x.length()): null

18-11-2024T04:42:07 - [TEST_STEP][PASSED] - return x: null

18-11-2024T04:42:07 - [TEST_STEP][PASSED] - tableB = Script1719551244403.NewDZO(x = tableB): null

18-11-2024T04:42:07 - [TEST_STEP][PASSED] - i3 = <not implemented yet for class: org.codehaus.groovy.ast.expr.EmptyExpression>: null

18-11-2024T04:42:07 - [TEST_STEP][PASSED] - i3 = x.indexOf("/") + 1: null

18-11-2024T04:42:07 - [TEST_STEP][PASSED] - x = x.substring(i3, x.length()): null

18-11-2024T04:42:07 - [TEST_STEP][PASSED] - return x: null

18-11-2024T04:42:07 - [TEST_STEP][PASSED] - tableB = Script1719551244403.NewDZO(x = tableB): null

18-11-2024T04:42:07 - [TEST_STEP][PASSED] - i3 = <not implemented yet for class: org.codehaus.groovy.ast.expr.EmptyExpression>: null

18-11-2024T04:42:07 - [TEST_STEP][PASSED] - i3 = x.indexOf("/") + 1: null

18-11-2024T04:42:07 - [TEST_STEP][PASSED] - x = x.substring(i3, x.length()): null

18-11-2024T04:42:07 - [TEST_STEP][PASSED] - return x: null

18-11-2024T04:42:07 - [TEST_STEP][PASSED] - tableB = Script1719551244403.NewDZO(x = tableB): null

18-11-2024T04:42:07 - [TEST_STEP][PASSED] - i3 = <not implemented yet for class: org.codehaus.groovy.ast.expr.EmptyExpression>: null

18-11-2024T04:42:07 - [TEST_STEP][PASSED] - i3 = x.indexOf("/") + 1: null

18-11-2024T04:42:07 - [TEST_STEP][PASSED] - x = x.substring(i3, x.length()): null

18-11-2024T04:42:07 - [TEST_STEP][PASSED] - return x: null

18-11-2024T04:42:07 - [TEST_STEP][PASSED] - i = tableB.indexOf("Ленэнерго"): null

18-11-2024T04:42:07 - [TEST_STEP][PASSED] - KuB = Script1719551244403.GetData(x = tableB): null

18-11-2024T04:42:07 - [TEST_STEP][PASSED] - i2 = <not implemented yet for class: org.codehaus.groovy.ast.expr.EmptyExpression>: null

18-11-2024T04:42:07 - [TEST_STEP][PASSED] - i2 = x.indexOf("/") + 1: null

18-11-2024T04:42:07 - [TEST_STEP][PASSED] - x = replaceAll("\p{P}", "").trim(): null

18-11-2024T04:42:07 - [TEST_STEP][PASSED] - return x: null

18-11-2024T04:42:07 - [TEST_STEP][PASSED] - println("KuB: " + KuB): null

18-11-2024T04:42:07 - [TEST_STEP][PASSED] - tableB = Script1719551244403.NewDZO(x = tableB): null

18-11-2024T04:42:07 - [TEST_STEP][PASSED] - i3 = <not implemented yet for class: org.codehaus.groovy.ast.expr.EmptyExpression>: null

18-11-2024T04:42:07 - [TEST_STEP][PASSED] - i3 = x.indexOf("/") + 1: null

18-11-2024T04:42:07 - [TEST_STEP][PASSED] - x = x.substring(i3, x.length()): null

18-11-2024T04:42:07 - [TEST_STEP][PASSED] - return x: null

18-11-2024T04:42:07 - [TEST_STEP][PASSED] - i = tableB.indexOf("Московский"): null

18-11-2024T04:42:07 - [TEST_STEP][PASSED] - LenB = replaceAll("\p{P}", "").trim(): null

18-11-2024T04:42:07 - [TEST_STEP][PASSED] - println("LenB: " + LenB): null

18-11-2024T04:42:07 - [TEST_STEP][PASSED] - tableB = Script1719551244403.NewDZO(x = tableB): null

18-11-2024T04:42:07 - [TEST_STEP][PASSED] - i3 = <not implemented yet for class: org.codehaus.groovy.ast.expr.EmptyExpression>: null

18-11-2024T04:42:07 - [TEST_STEP][PASSED] - i3 = x.indexOf("/") + 1: null

18-11-2024T04:42:07 - [TEST_STEP][PASSED] - x = x.substring(i3, x.length()): null

18-11-2024T04:42:07 - [TEST_STEP][PASSED] - return x: null

18-11-2024T04:42:07 - [TEST_STEP][PASSED] - tableB = Script1719551244403.NewDZO(x = tableB): null

18-11-2024T04:42:07 - [TEST_STEP][PASSED] - i3 = <not implemented yet for class: org.codehaus.groovy.ast.expr.EmptyExpression>: null

18-11-2024T04:42:07 - [TEST_STEP][PASSED] - i3 = x.indexOf("/") + 1: null

18-11-2024T04:42:07 - [TEST_STEP][PASSED] - x = x.substring(i3, x.length()): null

18-11-2024T04:42:07 - [TEST_STEP][PASSED] - return x: null

18-11-2024T04:42:07 - [TEST_STEP][PASSED] - i = tableB.indexOf("Кавказ"): null

18-11-2024T04:42:07 - [TEST_STEP][PASSED] - MosB = replaceAll("\p{P}", "").trim(): null

18-11-2024T04:42:07 - [TEST_STEP][PASSED] - println("MosB: " + MosB): null

18-11-2024T04:42:07 - [TEST_STEP][PASSED] - for ([i = 1, i < 3, (i++)]): null

18-11-2024T04:42:07 - [TEST_STEP][PASSED] - tableB = Script1719551244403.NewDZO(x = tableB): null

18-11-2024T04:42:07 - [TEST_STEP][PASSED] - i3 = <not implemented yet for class: org.codehaus.groovy.ast.expr.EmptyExpression>: null

18-11-2024T04:42:07 - [TEST_STEP][PASSED] - i3 = x.indexOf("/") + 1: null

18-11-2024T04:42:07 - [TEST_STEP][PASSED] - x = x.substring(i3, x.length()): null

18-11-2024T04:42:07 - [TEST_STEP][PASSED] - return x: null

18-11-2024T04:42:07 - [TEST_STEP][PASSED] - tableB = Script1719551244403.NewDZO(x = tableB): null

18-11-2024T04:42:07 - [TEST_STEP][PASSED] - i3 = <not implemented yet for class: org.codehaus.groovy.ast.expr.EmptyExpression>: null

18-11-2024T04:42:07 - [TEST_STEP][PASSED] - i3 = x.indexOf("/") + 1: null

18-11-2024T04:42:07 - [TEST_STEP][PASSED] - x = x.substring(i3, x.length()): null

18-11-2024T04:42:07 - [TEST_STEP][PASSED] - return x: null

18-11-2024T04:42:07 - [TEST_STEP][PASSED] - i = tableB.indexOf("Запад"): null

18-11-2024T04:42:07 - [TEST_STEP][PASSED] - SKB = replaceAll("\p{P}", "").trim(): null

18-11-2024T04:42:07 - [TEST_STEP][PASSED] - println("SKB: " + SKB): null

18-11-2024T04:42:07 - [TEST_STEP][PASSED] - for ([i = 1, i < 7, (i++)]): null

18-11-2024T04:42:07 - [TEST_STEP][PASSED] - tableB = Script1719551244403.NewDZO(x = tableB): null

18-11-2024T04:42:07 - [TEST_STEP][PASSED] - i3 = <not implemented yet for class: org.codehaus.groovy.ast.expr.EmptyExpression>: null

18-11-2024T04:42:07 - [TEST_STEP][PASSED] - i3 = x.indexOf("/") + 1: null

18-11-2024T04:42:07 - [TEST_STEP][PASSED] - x = x.substring(i3, x.length()): null

18-11-2024T04:42:07 - [TEST_STEP][PASSED] - return x: null

18-11-2024T04:42:07 - [TEST_STEP][PASSED] - tableB = Script1719551244403.NewDZO(x = tableB): null

18-11-2024T04:42:07 - [TEST_STEP][PASSED] - i3 = <not implemented yet for class: org.codehaus.groovy.ast.expr.EmptyExpression>: null

18-11-2024T04:42:07 - [TEST_STEP][PASSED] - i3 = x.indexOf("/") + 1: null

18-11-2024T04:42:07 - [TEST_STEP][PASSED] - x = x.substring(i3, x.length()): null

18-11-2024T04:42:07 - [TEST_STEP][PASSED] - return x: null

18-11-2024T04:42:07 - [TEST_STEP][PASSED] - tableB = Script1719551244403.NewDZO(x = tableB): null

18-11-2024T04:42:07 - [TEST_STEP][PASSED] - i3 = <not implemented yet for class: org.codehaus.groovy.ast.expr.EmptyExpression>: null

18-11-2024T04:42:07 - [TEST_STEP][PASSED] - i3 = x.indexOf("/") + 1: null

18-11-2024T04:42:07 - [TEST_STEP][PASSED] - x = x.substring(i3, x.length()): null

18-11-2024T04:42:07 - [TEST_STEP][PASSED] - return x: null

18-11-2024T04:42:07 - [TEST_STEP][PASSED] - tableB = Script1719551244403.NewDZO(x = tableB): null

18-11-2024T04:42:07 - [TEST_STEP][PASSED] - i3 = <not implemented yet for class: org.codehaus.groovy.ast.expr.EmptyExpression>: null

18-11-2024T04:42:07 - [TEST_STEP][PASSED] - i3 = x.indexOf("/") + 1: null

18-11-2024T04:42:07 - [TEST_STEP][PASSED] - x = x.substring(i3, x.length()): null

18-11-2024T04:42:07 - [TEST_STEP][PASSED] - return x: null

18-11-2024T04:42:07 - [TEST_STEP][PASSED] - tableB = Script1719551244403.NewDZO(x = tableB): null

18-11-2024T04:42:07 - [TEST_STEP][PASSED] - i3 = <not implemented yet for class: org.codehaus.groovy.ast.expr.EmptyExpression>: null

18-11-2024T04:42:07 - [TEST_STEP][PASSED] - i3 = x.indexOf("/") + 1: null

18-11-2024T04:42:07 - [TEST_STEP][PASSED] - x = x.substring(i3, x.length()): null

18-11-2024T04:42:07 - [TEST_STEP][PASSED] - return x: null

18-11-2024T04:42:07 - [TEST_STEP][PASSED] - tableB = Script1719551244403.NewDZO(x = tableB): null

18-11-2024T04:42:07 - [TEST_STEP][PASSED] - i3 = <not implemented yet for class: org.codehaus.groovy.ast.expr.EmptyExpression>: null

18-11-2024T04:42:07 - [TEST_STEP][PASSED] - i3 = x.indexOf("/") + 1: null

18-11-2024T04:42:07 - [TEST_STEP][PASSED] - x = x.substring(i3, x.length()): null

18-11-2024T04:42:07 - [TEST_STEP][PASSED] - return x: null

18-11-2024T04:42:07 - [TEST_STEP][PASSED] - i = tableB.indexOf("Сибирь"): null

18-11-2024T04:42:07 - [TEST_STEP][PASSED] - SZB = replaceAll("\p{P}", "").trim(): null

18-11-2024T04:42:07 - [TEST_STEP][PASSED] - println("SZB: " + SZB): null

18-11-2024T04:42:07 - [TEST_STEP][PASSED] - for ([i = 1, i < 8, (i++)]): null

18-11-2024T04:42:07 - [TEST_STEP][PASSED] - tableB = Script1719551244403.NewDZO(x = tableB): null

18-11-2024T04:42:07 - [TEST_STEP][PASSED] - i3 = <not implemented yet for class: org.codehaus.groovy.ast.expr.EmptyExpression>: null

18-11-2024T04:42:07 - [TEST_STEP][PASSED] - i3 = x.indexOf("/") + 1: null

18-11-2024T04:42:07 - [TEST_STEP][PASSED] - x = x.substring(i3, x.length()): null

18-11-2024T04:42:07 - [TEST_STEP][PASSED] - return x: null

18-11-2024T04:42:07 - [TEST_STEP][PASSED] - tableB = Script1719551244403.NewDZO(x = tableB): null

18-11-2024T04:42:07 - [TEST_STEP][PASSED] - i3 = <not implemented yet for class: org.codehaus.groovy.ast.expr.EmptyExpression>: null

18-11-2024T04:42:07 - [TEST_STEP][PASSED] - i3 = x.indexOf("/") + 1: null

18-11-2024T04:42:07 - [TEST_STEP][PASSED] - x = x.substring(i3, x.length()): null

18-11-2024T04:42:07 - [TEST_STEP][PASSED] - return x: null

18-11-2024T04:42:07 - [TEST_STEP][PASSED] - tableB = Script1719551244403.NewDZO(x = tableB): null

18-11-2024T04:42:07 - [TEST_STEP][PASSED] - i3 = <not implemented yet for class: org.codehaus.groovy.ast.expr.EmptyExpression>: null

18-11-2024T04:42:07 - [TEST_STEP][PASSED] - i3 = x.indexOf("/") + 1: null

18-11-2024T04:42:07 - [TEST_STEP][PASSED] - x = x.substring(i3, x.length()): null

18-11-2024T04:42:07 - [TEST_STEP][PASSED] - return x: null

18-11-2024T04:42:07 - [TEST_STEP][PASSED] - tableB = Script1719551244403.NewDZO(x = tableB): null

18-11-2024T04:42:07 - [TEST_STEP][PASSED] - i3 = <not implemented yet for class: org.codehaus.groovy.ast.expr.EmptyExpression>: null

18-11-2024T04:42:07 - [TEST_STEP][PASSED] - i3 = x.indexOf("/") + 1: null

18-11-2024T04:42:07 - [TEST_STEP][PASSED] - x = x.substring(i3, x.length()): null

18-11-2024T04:42:07 - [TEST_STEP][PASSED] - return x: null

18-11-2024T04:42:07 - [TEST_STEP][PASSED] - tableB = Script1719551244403.NewDZO(x = tableB): null

18-11-2024T04:42:07 - [TEST_STEP][PASSED] - i3 = <not implemented yet for class: org.codehaus.groovy.ast.expr.EmptyExpression>: null

18-11-2024T04:42:07 - [TEST_STEP][PASSED] - i3 = x.indexOf("/") + 1: null

18-11-2024T04:42:07 - [TEST_STEP][PASSED] - x = x.substring(i3, x.length()): null

18-11-2024T04:42:07 - [TEST_STEP][PASSED] - return x: null

18-11-2024T04:42:07 - [TEST_STEP][PASSED] - tableB = Script1719551244403.NewDZO(x = tableB): null

18-11-2024T04:42:07 - [TEST_STEP][PASSED] - i3 = <not implemented yet for class: org.codehaus.groovy.ast.expr.EmptyExpression>: null

18-11-2024T04:42:07 - [TEST_STEP][PASSED] - i3 = x.indexOf("/") + 1: null

18-11-2024T04:42:07 - [TEST_STEP][PASSED] - x = x.substring(i3, x.length()): null

18-11-2024T04:42:07 - [TEST_STEP][PASSED] - return x: null

18-11-2024T04:42:07 - [TEST_STEP][PASSED] - tableB = Script1719551244403.NewDZO(x = tableB): null

18-11-2024T04:42:07 - [TEST_STEP][PASSED] - i3 = <not implemented yet for class: org.codehaus.groovy.ast.expr.EmptyExpression>: null

18-11-2024T04:42:07 - [TEST_STEP][PASSED] - i3 = x.indexOf("/") + 1: null

18-11-2024T04:42:07 - [TEST_STEP][PASSED] - x = x.substring(i3, x.length()): null

18-11-2024T04:42:07 - [TEST_STEP][PASSED] - return x: null

18-11-2024T04:42:07 - [TEST_STEP][PASSED] - i = tableB.indexOf("Томск"): null

18-11-2024T04:42:07 - [TEST_STEP][PASSED] - SiB = replaceAll("\p{P}", "").trim(): null

18-11-2024T04:42:07 - [TEST_STEP][PASSED] - println("SiB: " + SiB): null

18-11-2024T04:42:07 - [TEST_STEP][PASSED] - for ([i = 1, i < 9, (i++)]): null

18-11-2024T04:42:07 - [TEST_STEP][PASSED] - tableB = Script1719551244403.NewDZO(x = tableB): null

18-11-2024T04:42:07 - [TEST_STEP][PASSED] - i3 = <not implemented yet for class: org.codehaus.groovy.ast.expr.EmptyExpression>: null

18-11-2024T04:42:07 - [TEST_STEP][PASSED] - i3 = x.indexOf("/") + 1: null

18-11-2024T04:42:07 - [TEST_STEP][PASSED] - x = x.substring(i3, x.length()): null

18-11-2024T04:42:07 - [TEST_STEP][PASSED] - return x: null

18-11-2024T04:42:07 - [TEST_STEP][PASSED] - tableB = Script1719551244403.NewDZO(x = tableB): null

18-11-2024T04:42:07 - [TEST_STEP][PASSED] - i3 = <not implemented yet for class: org.codehaus.groovy.ast.expr.EmptyExpression>: null

18-11-2024T04:42:07 - [TEST_STEP][PASSED] - i3 = x.indexOf("/") + 1: null

18-11-2024T04:42:07 - [TEST_STEP][PASSED] - x = x.substring(i3, x.length()): null

18-11-2024T04:42:07 - [TEST_STEP][PASSED] - return x: null

18-11-2024T04:42:07 - [TEST_STEP][PASSED] - tableB = Script1719551244403.NewDZO(x = tableB): null

18-11-2024T04:42:07 - [TEST_STEP][PASSED] - i3 = <not implemented yet for class: org.codehaus.groovy.ast.expr.EmptyExpression>: null

18-11-2024T04:42:07 - [TEST_STEP][PASSED] - i3 = x.indexOf("/") + 1: null

18-11-2024T04:42:07 - [TEST_STEP][PASSED] - x = x.substring(i3, x.length()): null

18-11-2024T04:42:07 - [TEST_STEP][PASSED] - return x: null

18-11-2024T04:42:07 - [TEST_STEP][PASSED] - tableB = Script1719551244403.NewDZO(x = tableB): null

18-11-2024T04:42:07 - [TEST_STEP][PASSED] - i3 = <not implemented yet for class: org.codehaus.groovy.ast.expr.EmptyExpression>: null

18-11-2024T04:42:07 - [TEST_STEP][PASSED] - i3 = x.indexOf("/") + 1: null

18-11-2024T04:42:07 - [TEST_STEP][PASSED] - x = x.substring(i3, x.length()): null

18-11-2024T04:42:07 - [TEST_STEP][PASSED] - return x: null

18-11-2024T04:42:07 - [TEST_STEP][PASSED] - tableB = Script1719551244403.NewDZO(x = tableB): null

18-11-2024T04:42:07 - [TEST_STEP][PASSED] - i3 = <not implemented yet for class: org.codehaus.groovy.ast.expr.EmptyExpression>: null

18-11-2024T04:42:07 - [TEST_STEP][PASSED] - i3 = x.indexOf("/") + 1: null

18-11-2024T04:42:07 - [TEST_STEP][PASSED] - x = x.substring(i3, x.length()): null

18-11-2024T04:42:07 - [TEST_STEP][PASSED] - return x: null

18-11-2024T04:42:07 - [TEST_STEP][PASSED] - tableB = Script1719551244403.NewDZO(x = tableB): null

18-11-2024T04:42:07 - [TEST_STEP][PASSED] - i3 = <not implemented yet for class: org.codehaus.groovy.ast.expr.EmptyExpression>: null

18-11-2024T04:42:07 - [TEST_STEP][PASSED] - i3 = x.indexOf("/") + 1: null

18-11-2024T04:42:07 - [TEST_STEP][PASSED] - x = x.substring(i3, x.length()): null

18-11-2024T04:42:07 - [TEST_STEP][PASSED] - return x: null

18-11-2024T04:42:07 - [TEST_STEP][PASSED] - tableB = Script1719551244403.NewDZO(x = tableB): null

18-11-2024T04:42:07 - [TEST_STEP][PASSED] - i3 = <not implemented yet for class: org.codehaus.groovy.ast.expr.EmptyExpression>: null

18-11-2024T04:42:07 - [TEST_STEP][PASSED] - i3 = x.indexOf("/") + 1: null

18-11-2024T04:42:07 - [TEST_STEP][PASSED] - x = x.substring(i3, x.length()): null

18-11-2024T04:42:07 - [TEST_STEP][PASSED] - return x: null

18-11-2024T04:42:07 - [TEST_STEP][PASSED] - tableB = Script1719551244403.NewDZO(x = tableB): null

18-11-2024T04:42:07 - [TEST_STEP][PASSED] - i3 = <not implemented yet for class: org.codehaus.groovy.ast.expr.EmptyExpression>: null

18-11-2024T04:42:07 - [TEST_STEP][PASSED] - i3 = x.indexOf("/") + 1: null

18-11-2024T04:42:07 - [TEST_STEP][PASSED] - x = x.substring(i3, x.length()): null

18-11-2024T04:42:07 - [TEST_STEP][PASSED] - return x: null

18-11-2024T04:42:07 - [TEST_STEP][PASSED] - i = tableB.indexOf("Тюмень"): null

18-11-2024T04:42:07 - [TEST_STEP][PASSED] - ToB = replaceAll("\p{P}", "").trim(): null

18-11-2024T04:42:07 - [TEST_STEP][PASSED] - println("ToB: " + ToB): null

18-11-2024T04:42:07 - [TEST_STEP][PASSED] - tableB = Script1719551244403.NewDZO(x = tableB): null

18-11-2024T04:42:07 - [TEST_STEP][PASSED] - i3 = <not implemented yet for class: org.codehaus.groovy.ast.expr.EmptyExpression>: null

18-11-2024T04:42:07 - [TEST_STEP][PASSED] - i3 = x.indexOf("/") + 1: null

18-11-2024T04:42:07 - [TEST_STEP][PASSED] - x = x.substring(i3, x.length()): null

18-11-2024T04:42:07 - [TEST_STEP][PASSED] - return x: null

18-11-2024T04:42:07 - [TEST_STEP][PASSED] - TyuB = replaceAll("\p{P}", "").trim(): null

18-11-2024T04:42:07 - [TEST_STEP][PASSED] - println("TyuB: " + TyuB): null

18-11-2024T04:42:07 - [TEST_STEP][PASSED] - tableB = Script1719551244403.NewDZO(x = tableB): null

18-11-2024T04:42:07 - [TEST_STEP][PASSED] - i3 = <not implemented yet for class: org.codehaus.groovy.ast.expr.EmptyExpression>: null

18-11-2024T04:42:07 - [TEST_STEP][PASSED] - i3 = x.indexOf("/") + 1: null

18-11-2024T04:42:07 - [TEST_STEP][PASSED] - x = x.substring(i3, x.length()): null

18-11-2024T04:42:07 - [TEST_STEP][PASSED] - return x: null

18-11-2024T04:42:07 - [TEST_STEP][PASSED] - i = tableB.indexOf("ЕЭС"): null

18-11-2024T04:42:07 - [TEST_STEP][PASSED] - UrB = replaceAll("\p{P}", "").trim(): null

18-11-2024T04:42:07 - [TEST_STEP][PASSED] - println("UrB: " + UrB): null

18-11-2024T04:42:07 - [TEST_STEP][PASSED] - for ([i = 1, i < 4, (i++)]): null

18-11-2024T04:42:07 - [TEST_STEP][PASSED] - tableB = Script1719551244403.NewDZO(x = tableB): null

18-11-2024T04:42:07 - [TEST_STEP][PASSED] - i3 = <not implemented yet for class: org.codehaus.groovy.ast.expr.EmptyExpression>: null

18-11-2024T04:42:07 - [TEST_STEP][PASSED] - i3 = x.indexOf("/") + 1: null

18-11-2024T04:42:07 - [TEST_STEP][PASSED] - x = x.substring(i3, x.length()): null

18-11-2024T04:42:07 - [TEST_STEP][PASSED] - return x: null

18-11-2024T04:42:07 - [TEST_STEP][PASSED] - tableB = Script1719551244403.NewDZO(x = tableB): null

18-11-2024T04:42:07 - [TEST_STEP][PASSED] - i3 = <not implemented yet for class: org.codehaus.groovy.ast.expr.EmptyExpression>: null

18-11-2024T04:42:07 - [TEST_STEP][PASSED] - i3 = x.indexOf("/") + 1: null

18-11-2024T04:42:07 - [TEST_STEP][PASSED] - x = x.substring(i3, x.length()): null

18-11-2024T04:42:07 - [TEST_STEP][PASSED] - return x: null

18-11-2024T04:42:07 - [TEST_STEP][PASSED] - tableB = Script1719551244403.NewDZO(x = tableB): null

18-11-2024T04:42:07 - [TEST_STEP][PASSED] - i3 = <not implemented yet for class: org.codehaus.groovy.ast.expr.EmptyExpression>: null

18-11-2024T04:42:07 - [TEST_STEP][PASSED] - i3 = x.indexOf("/") + 1: null

18-11-2024T04:42:07 - [TEST_STEP][PASSED] - x = x.substring(i3, x.length()): null

18-11-2024T04:42:07 - [TEST_STEP][PASSED] - return x: null

18-11-2024T04:42:07 - [TEST_STEP][PASSED] - i = tableB.indexOf("Центр"): null

18-11-2024T04:42:07 - [TEST_STEP][PASSED] - FSKB = replaceAll("\p{P}", "").trim(): null

18-11-2024T04:42:07 - [TEST_STEP][PASSED] - println("FSKB: " + FSKB): null

18-11-2024T04:42:07 - [TEST_STEP][PASSED] - tableB = Script1719551244403.NewDZO(x = tableB): null

18-11-2024T04:42:07 - [TEST_STEP][PASSED] - i3 = <not implemented yet for class: org.codehaus.groovy.ast.expr.EmptyExpression>: null

18-11-2024T04:42:07 - [TEST_STEP][PASSED] - i3 = x.indexOf("/") + 1: null

18-11-2024T04:42:07 - [TEST_STEP][PASSED] - x = x.substring(i3, x.length()): null

18-11-2024T04:42:07 - [TEST_STEP][PASSED] - return x: null

18-11-2024T04:42:07 - [TEST_STEP][PASSED] - i = tableB.indexOf("Приволжье"): null

18-11-2024T04:42:07 - [TEST_STEP][PASSED] - CenB = replaceAll("\p{P}", "").trim(): null

18-11-2024T04:42:07 - [TEST_STEP][PASSED] - println("CenB: " + CenB): null

18-11-2024T04:42:07 - [TEST_STEP][PASSED] - for ([i = 1, i < 12, (i++)]): null

18-11-2024T04:42:07 - [TEST_STEP][PASSED] - tableB = Script1719551244403.NewDZO(x = tableB): null

18-11-2024T04:42:07 - [TEST_STEP][PASSED] - i3 = <not implemented yet for class: org.codehaus.groovy.ast.expr.EmptyExpression>: null

18-11-2024T04:42:07 - [TEST_STEP][PASSED] - i3 = x.indexOf("/") + 1: null

18-11-2024T04:42:07 - [TEST_STEP][PASSED] - x = x.substring(i3, x.length()): null

18-11-2024T04:42:07 - [TEST_STEP][PASSED] - return x: null

18-11-2024T04:42:07 - [TEST_STEP][PASSED] - tableB = Script1719551244403.NewDZO(x = tableB): null

18-11-2024T04:42:07 - [TEST_STEP][PASSED] - i3 = <not implemented yet for class: org.codehaus.groovy.ast.expr.EmptyExpression>: null

18-11-2024T04:42:07 - [TEST_STEP][PASSED] - i3 = x.indexOf("/") + 1: null

18-11-2024T04:42:07 - [TEST_STEP][PASSED] - x = x.substring(i3, x.length()): null

18-11-2024T04:42:07 - [TEST_STEP][PASSED] - return x: null

18-11-2024T04:42:07 - [TEST_STEP][PASSED] - tableB = Script1719551244403.NewDZO(x = tableB): null

18-11-2024T04:42:07 - [TEST_STEP][PASSED] - i3 = <not implemented yet for class: org.codehaus.groovy.ast.expr.EmptyExpression>: null

18-11-2024T04:42:07 - [TEST_STEP][PASSED] - i3 = x.indexOf("/") + 1: null

18-11-2024T04:42:07 - [TEST_STEP][PASSED] - x = x.substring(i3, x.length()): null

18-11-2024T04:42:07 - [TEST_STEP][PASSED] - return x: null

18-11-2024T04:42:07 - [TEST_STEP][PASSED] - tableB = Script1719551244403.NewDZO(x = tableB): null

18-11-2024T04:42:07 - [TEST_STEP][PASSED] - i3 = <not implemented yet for class: org.codehaus.groovy.ast.expr.EmptyExpression>: null

18-11-2024T04:42:07 - [TEST_STEP][PASSED] - i3 = x.indexOf("/") + 1: null

18-11-2024T04:42:07 - [TEST_STEP][PASSED] - x = x.substring(i3, x.length()): null

18-11-2024T04:42:07 - [TEST_STEP][PASSED] - return x: null

18-11-2024T04:42:07 - [TEST_STEP][PASSED] - tableB = Script1719551244403.NewDZO(x = tableB): null

18-11-2024T04:42:07 - [TEST_STEP][PASSED] - i3 = <not implemented yet for class: org.codehaus.groovy.ast.expr.EmptyExpression>: null

18-11-2024T04:42:07 - [TEST_STEP][PASSED] - i3 = x.indexOf("/") + 1: null

18-11-2024T04:42:07 - [TEST_STEP][PASSED] - x = x.substring(i3, x.length()): null

18-11-2024T04:42:07 - [TEST_STEP][PASSED] - return x: null

18-11-2024T04:42:07 - [TEST_STEP][PASSED] - tableB = Script1719551244403.NewDZO(x = tableB): null

18-11-2024T04:42:07 - [TEST_STEP][PASSED] - i3 = <not implemented yet for class: org.codehaus.groovy.ast.expr.EmptyExpression>: null

18-11-2024T04:42:07 - [TEST_STEP][PASSED] - i3 = x.indexOf("/") + 1: null

18-11-2024T04:42:07 - [TEST_STEP][PASSED] - x = x.substring(i3, x.length()): null

18-11-2024T04:42:07 - [TEST_STEP][PASSED] - return x: null

18-11-2024T04:42:07 - [TEST_STEP][PASSED] - tableB = Script1719551244403.NewDZO(x = tableB): null

18-11-2024T04:42:07 - [TEST_STEP][PASSED] - i3 = <not implemented yet for class: org.codehaus.groovy.ast.expr.EmptyExpression>: null

18-11-2024T04:42:07 - [TEST_STEP][PASSED] - i3 = x.indexOf("/") + 1: null

18-11-2024T04:42:07 - [TEST_STEP][PASSED] - x = x.substring(i3, x.length()): null

18-11-2024T04:42:07 - [TEST_STEP][PASSED] - return x: null

18-11-2024T04:42:07 - [TEST_STEP][PASSED] - tableB = Script1719551244403.NewDZO(x = tableB): null

18-11-2024T04:42:07 - [TEST_STEP][PASSED] - i3 = <not implemented yet for class: org.codehaus.groovy.ast.expr.EmptyExpression>: null

18-11-2024T04:42:07 - [TEST_STEP][PASSED] - i3 = x.indexOf("/") + 1: null

18-11-2024T04:42:07 - [TEST_STEP][PASSED] - x = x.substring(i3, x.length()): null

18-11-2024T04:42:07 - [TEST_STEP][PASSED] - return x: null

18-11-2024T04:42:07 - [TEST_STEP][PASSED] - tableB = Script1719551244403.NewDZO(x = tableB): null

18-11-2024T04:42:07 - [TEST_STEP][PASSED] - i3 = <not implemented yet for class: org.codehaus.groovy.ast.expr.EmptyExpression>: null

18-11-2024T04:42:07 - [TEST_STEP][PASSED] - i3 = x.indexOf("/") + 1: null

18-11-2024T04:42:07 - [TEST_STEP][PASSED] - x = x.substring(i3, x.length()): null

18-11-2024T04:42:07 - [TEST_STEP][PASSED] - return x: null

18-11-2024T04:42:07 - [TEST_STEP][PASSED] - tableB = Script1719551244403.NewDZO(x = tableB): null

18-11-2024T04:42:07 - [TEST_STEP][PASSED] - i3 = <not implemented yet for class: org.codehaus.groovy.ast.expr.EmptyExpression>: null

18-11-2024T04:42:07 - [TEST_STEP][PASSED] - i3 = x.indexOf("/") + 1: null

18-11-2024T04:42:07 - [TEST_STEP][PASSED] - x = x.substring(i3, x.length()): null

18-11-2024T04:42:07 - [TEST_STEP][PASSED] - return x: null

18-11-2024T04:42:07 - [TEST_STEP][PASSED] - tableB = Script1719551244403.NewDZO(x = tableB): null

18-11-2024T04:42:07 - [TEST_STEP][PASSED] - i3 = <not implemented yet for class: org.codehaus.groovy.ast.expr.EmptyExpression>: null

18-11-2024T04:42:07 - [TEST_STEP][PASSED] - i3 = x.indexOf("/") + 1: null

18-11-2024T04:42:07 - [TEST_STEP][PASSED] - x = x.substring(i3, x.length()): null

18-11-2024T04:42:07 - [TEST_STEP][PASSED] - return x: null

18-11-2024T04:42:07 - [TEST_STEP][PASSED] - i = tableB.indexOf("Юг"): null

18-11-2024T04:42:07 - [TEST_STEP][PASSED] - CiPB = replaceAll("\p{P}", "").trim(): null

18-11-2024T04:42:07 - [TEST_STEP][PASSED] - println("CiPB: " + CiPB): null

18-11-2024T04:42:07 - [TEST_STEP][PASSED] - for ([i = 1, i < 10, (i++)]): null

18-11-2024T04:42:07 - [TEST_STEP][PASSED] - tableB = Script1719551244403.NewDZO(x = tableB): null

18-11-2024T04:42:07 - [TEST_STEP][PASSED] - i3 = <not implemented yet for class: org.codehaus.groovy.ast.expr.EmptyExpression>: null

18-11-2024T04:42:07 - [TEST_STEP][PASSED] - i3 = x.indexOf("/") + 1: null

18-11-2024T04:42:07 - [TEST_STEP][PASSED] - x = x.substring(i3, x.length()): null

18-11-2024T04:42:07 - [TEST_STEP][PASSED] - return x: null

18-11-2024T04:42:07 - [TEST_STEP][PASSED] - tableB = Script1719551244403.NewDZO(x = tableB): null

18-11-2024T04:42:07 - [TEST_STEP][PASSED] - i3 = <not implemented yet for class: org.codehaus.groovy.ast.expr.EmptyExpression>: null

18-11-2024T04:42:07 - [TEST_STEP][PASSED] - i3 = x.indexOf("/") + 1: null

18-11-2024T04:42:07 - [TEST_STEP][PASSED] - x = x.substring(i3, x.length()): null

18-11-2024T04:42:07 - [TEST_STEP][PASSED] - return x: null

18-11-2024T04:42:07 - [TEST_STEP][PASSED] - tableB = Script1719551244403.NewDZO(x = tableB): null

18-11-2024T04:42:07 - [TEST_STEP][PASSED] - i3 = <not implemented yet for class: org.codehaus.groovy.ast.expr.EmptyExpression>: null

18-11-2024T04:42:07 - [TEST_STEP][PASSED] - i3 = x.indexOf("/") + 1: null

18-11-2024T04:42:07 - [TEST_STEP][PASSED] - x = x.substring(i3, x.length()): null

18-11-2024T04:42:07 - [TEST_STEP][PASSED] - return x: null

18-11-2024T04:42:07 - [TEST_STEP][PASSED] - tableB = Script1719551244403.NewDZO(x = tableB): null

18-11-2024T04:42:07 - [TEST_STEP][PASSED] - i3 = <not implemented yet for class: org.codehaus.groovy.ast.expr.EmptyExpression>: null

18-11-2024T04:42:07 - [TEST_STEP][PASSED] - i3 = x.indexOf("/") + 1: null

18-11-2024T04:42:07 - [TEST_STEP][PASSED] - x = x.substring(i3, x.length()): null

18-11-2024T04:42:07 - [TEST_STEP][PASSED] - return x: null

18-11-2024T04:42:07 - [TEST_STEP][PASSED] - tableB = Script1719551244403.NewDZO(x = tableB): null

18-11-2024T04:42:07 - [TEST_STEP][PASSED] - i3 = <not implemented yet for class: org.codehaus.groovy.ast.expr.EmptyExpression>: null

18-11-2024T04:42:07 - [TEST_STEP][PASSED] - i3 = x.indexOf("/") + 1: null

18-11-2024T04:42:07 - [TEST_STEP][PASSED] - x = x.substring(i3, x.length()): null

18-11-2024T04:42:07 - [TEST_STEP][PASSED] - return x: null

18-11-2024T04:42:07 - [TEST_STEP][PASSED] - tableB = Script1719551244403.NewDZO(x = tableB): null

18-11-2024T04:42:07 - [TEST_STEP][PASSED] - i3 = <not implemented yet for class: org.codehaus.groovy.ast.expr.EmptyExpression>: null

18-11-2024T04:42:07 - [TEST_STEP][PASSED] - i3 = x.indexOf("/") + 1: null

18-11-2024T04:42:07 - [TEST_STEP][PASSED] - x = x.substring(i3, x.length()): null

18-11-2024T04:42:07 - [TEST_STEP][PASSED] - return x: null

18-11-2024T04:42:07 - [TEST_STEP][PASSED] - tableB = Script1719551244403.NewDZO(x = tableB): null

18-11-2024T04:42:07 - [TEST_STEP][PASSED] - i3 = <not implemented yet for class: org.codehaus.groovy.ast.expr.EmptyExpression>: null

18-11-2024T04:42:07 - [TEST_STEP][PASSED] - i3 = x.indexOf("/") + 1: null

18-11-2024T04:42:07 - [TEST_STEP][PASSED] - x = x.substring(i3, x.length()): null

18-11-2024T04:42:07 - [TEST_STEP][PASSED] - return x: null

18-11-2024T04:42:07 - [TEST_STEP][PASSED] - tableB = Script1719551244403.NewDZO(x = tableB): null

18-11-2024T04:42:07 - [TEST_STEP][PASSED] - i3 = <not implemented yet for class: org.codehaus.groovy.ast.expr.EmptyExpression>: null

18-11-2024T04:42:07 - [TEST_STEP][PASSED] - i3 = x.indexOf("/") + 1: null

18-11-2024T04:42:07 - [TEST_STEP][PASSED] - x = x.substring(i3, x.length()): null

18-11-2024T04:42:07 - [TEST_STEP][PASSED] - return x: null

18-11-2024T04:42:07 - [TEST_STEP][PASSED] - tableB = Script1719551244403.NewDZO(x = tableB): null

18-11-2024T04:42:07 - [TEST_STEP][PASSED] - i3 = <not implemented yet for class: org.codehaus.groovy.ast.expr.EmptyExpression>: null

18-11-2024T04:42:07 - [TEST_STEP][PASSED] - i3 = x.indexOf("/") + 1: null

18-11-2024T04:42:07 - [TEST_STEP][PASSED] - x = x.substring(i3, x.length()): null

18-11-2024T04:42:07 - [TEST_STEP][PASSED] - return x: null

18-11-2024T04:42:07 - [TEST_STEP][PASSED] - i = tableB.indexOf("Янтарь"): null

18-11-2024T04:42:07 - [TEST_STEP][PASSED] - UgB = replaceAll("\p{P}", "").trim(): null

18-11-2024T04:42:07 - [TEST_STEP][PASSED] - println("UgB: " + UgB): null

18-11-2024T04:42:07 - [TEST_STEP][PASSED] - i = tableB.lastIndexOf("/"): null

18-11-2024T04:42:07 - [TEST_STEP][PASSED] - YaB = replaceAll("\p{P}", "").trim(): null

18-11-2024T04:42:07 - [TEST_STEP][PASSED] - println("YaB: " + YaB): null

18-11-2024T04:42:07 - [TEST_STEP][PASSED] - vidget = "Отклонения выручки по факторам": null

18-11-2024T04:42:07 - [TEST_STEP][PASSED] - if (run == 2): null

18-11-2024T04:42:07 - [TEST_STEP][PASSED] - Script1719551244403.Test(run, todaysDate, typeOfData, otobrajeniyeDannyh, x, y, vidget, DZO): null

18-11-2024T04:42:07 - [TEST_STEP][PASSED] - navigateToUrl(findTestData("PlanFact").getValue(10, 3)): Navigate to 'https://bi.rosseti.digital/viewer?dashboardGuid=2301950b23be4ed89c1df75f2020051e&sheetGuid=ccd7d7486b3d4e6fa0ee9b1eaebed46c&fit=true' successfully

18-11-2024T04:42:07 - [MESSAGE][PASSED] - Navigate to 'https://bi.rosseti.digital/viewer?dashboardGuid=2301950b23be4ed89c1df75f2020051e&sheetGuid=ccd7d7486b3d4e6fa0ee9b1eaebed46c&fit=true' successfully

18-11-2024T04:42:07 - [TEST_STEP][PASSED] - Script1719551244403.Autorization(run): null

18-11-2024T04:42:07 - [TEST_STEP][PASSED] - delay(10): Delayed 10 second(s)

18-11-2024T04:42:17 - [MESSAGE][PASSED] - Delayed 10 second(s)

18-11-2024T04:42:17 - [TEST_STEP][PASSED] - if (run == 1): null

18-11-2024T04:42:17 - [TEST_STEP][PASSED] - i = <not implemented yet for class: org.codehaus.groovy.ast.expr.EmptyExpression>: null

18-11-2024T04:42:17 - [TEST_STEP][PASSED] - ii = <not implemented yet for class: org.codehaus.groovy.ast.expr.EmptyExpression>: null

18-11-2024T04:42:17 - [TEST_STEP][PASSED] - a = <not implemented yet for class: org.codehaus.groovy.ast.expr.EmptyExpression>: null

18-11-2024T04:42:17 - [TEST_STEP][PASSED] - a1 = <not implemented yet for class: org.codehaus.groovy.ast.expr.EmptyExpression>: null

18-11-2024T04:42:17 - [TEST_STEP][PASSED] - a2 = <not implemented yet for class: org.codehaus.groovy.ast.expr.EmptyExpression>: null

18-11-2024T04:42:17 - [TEST_STEP][PASSED] - click(findTestObject("Факторный анализ/Фильтр Период")): Object: 'Object Repository/Факторный анализ/Фильтр Период' is clicked on

18-11-2024T04:42:19 - [MESSAGE][PASSED] - Object: 'Object Repository/Факторный анализ/Фильтр Период' is clicked on

18-11-2024T04:42:19 - [TEST_STEP][PASSED] - click(findTestObject("Факторный анализ/Снять выделение в фильтре Дата")): Object: 'Object Repository/Факторный анализ/Снять выделение в фильтре Дата' is clicked on

18-11-2024T04:42:20 - [MESSAGE][PASSED] - Object: 'Object Repository/Факторный анализ/Снять выделение в фильтре Дата' is clicked on

18-11-2024T04:42:20 - [TEST_STEP][PASSED] - click(findTestObject("Факторный анализ/Применить в фильтре Дата")): Object: 'Object Repository/Факторный анализ/Применить в фильтре Дата' is clicked on

18-11-2024T04:42:20 - [MESSAGE][PASSED] - Object: 'Object Repository/Факторный анализ/Применить в фильтре Дата' is clicked on

18-11-2024T04:42:20 - [TEST_STEP][PASSED] - delay(10): Delayed 10 second(s)

18-11-2024T04:42:30 - [MESSAGE][PASSED] - Delayed 10 second(s)

18-11-2024T04:42:30 - [TEST_STEP][PASSED] - click(findTestObject("Факторный анализ/Фильтр Период")): Object: 'Object Repository/Факторный анализ/Фильтр Период' is clicked on

18-11-2024T04:42:30 - [MESSAGE][PASSED] - Object: 'Object Repository/Факторный анализ/Фильтр Период' is clicked on

18-11-2024T04:42:30 - [TEST_STEP][PASSED] - click(findTestObject("Факторный анализ/Снять выделение в фильтре Дата")): Object: 'Object Repository/Факторный анализ/Снять выделение в фильтре Дата' is clicked on

18-11-2024T04:42:31 - [MESSAGE][PASSED] - Object: 'Object Repository/Факторный анализ/Снять выделение в фильтре Дата' is clicked on

18-11-2024T04:42:31 - [TEST_STEP][PASSED] - scrollToElement(findTestObject("Факторный анализ/2024 список"), 30): Scroll to object 'Object Repository/Факторный анализ/2024 список' successfully

18-11-2024T04:42:31 - [MESSAGE][PASSED] - Scroll to object 'Object Repository/Факторный анализ/2024 список' successfully

18-11-2024T04:42:31 - [TEST_STEP][PASSED] - click(findTestObject("Факторный анализ/2024 список")): Object: 'Object Repository/Факторный анализ/2024 список' is clicked on

18-11-2024T04:42:32 - [MESSAGE][PASSED] - Object: 'Object Repository/Факторный анализ/2024 список' is clicked on

18-11-2024T04:42:32 - [TEST_STEP][PASSED] - scrollToElement(findTestObject("Факторный анализ/1 квартал 2024 выбрать"), 30): Scroll to object 'Object Repository/Факторный анализ/1 квартал 2024 выбрать' successfully

18-11-2024T04:42:32 - [MESSAGE][PASSED] - Scroll to object 'Object Repository/Факторный анализ/1 квартал 2024 выбрать' successfully

18-11-2024T04:42:32 - [TEST_STEP][PASSED] - click(findTestObject("Факторный анализ/1 квартал 2024 выбрать")): Object: 'Object Repository/Факторный анализ/1 квартал 2024 выбрать' is clicked on

18-11-2024T04:42:32 - [MESSAGE][PASSED] - Object: 'Object Repository/Факторный анализ/1 квартал 2024 выбрать' is clicked on

18-11-2024T04:42:32 - [TEST_STEP][PASSED] - scrollToElement(findTestObject("Факторный анализ/1 квартал 2024 выбрать"), 30): Scroll to object 'Object Repository/Факторный анализ/1 квартал 2024 выбрать' successfully

18-11-2024T04:42:33 - [MESSAGE][PASSED] - Scroll to object 'Object Repository/Факторный анализ/1 квартал 2024 выбрать' successfully

18-11-2024T04:42:33 - [TEST_STEP][PASSED] - click(findTestObject("Факторный анализ/2 квартал 2024 выбрать"), CONTINUE_ON_FAILURE): Object: 'Object Repository/Факторный анализ/2 квартал 2024 выбрать' is clicked on

18-11-2024T04:42:33 - [MESSAGE][PASSED] - Object: 'Object Repository/Факторный анализ/2 квартал 2024 выбрать' is clicked on

18-11-2024T04:42:33 - [TEST_STEP][PASSED] - click(findTestObject("Факторный анализ/3 квартал 2024 выбрать"), CONTINUE_ON_FAILURE): Object: 'Object Repository/Факторный анализ/3 квартал 2024 выбрать' is clicked on

18-11-2024T04:42:34 - [MESSAGE][PASSED] - Object: 'Object Repository/Факторный анализ/3 квартал 2024 выбрать' is clicked on

18-11-2024T04:42:34 - [TEST_STEP][PASSED] - scrollToElement(findTestObject("Факторный анализ/Заголовок дашборда"), 30): Scroll to object 'Object Repository/Факторный анализ/Заголовок дашборда' successfully

18-11-2024T04:42:34 - [MESSAGE][PASSED] - Scroll to object 'Object Repository/Факторный анализ/Заголовок дашборда' successfully

18-11-2024T04:42:34 - [TEST_STEP][PASSED] - click(findTestObject("Факторный анализ/Применить в фильтре Дата")): Object: 'Object Repository/Факторный анализ/Применить в фильтре Дата' is clicked on

18-11-2024T04:42:35 - [MESSAGE][PASSED] - Object: 'Object Repository/Факторный анализ/Применить в фильтре Дата' is clicked on

18-11-2024T04:42:35 - [TEST_STEP][PASSED] - if (run == 1): null

18-11-2024T04:42:35 - [TEST_STEP][PASSED] - else: null

18-11-2024T04:42:35 - [TEST_STEP][PASSED] - click(findTestObject("Факторный анализ/Переключить отображение с филиала на месяц")): Object: 'Object Repository/Факторный анализ/Переключить отображение с филиала на месяц' is clicked on

18-11-2024T04:42:36 - [MESSAGE][PASSED] - Object: 'Object Repository/Факторный анализ/Переключить отображение с филиала на месяц' is clicked on

18-11-2024T04:42:36 - [TEST_STEP][PASSED] - a1 = replaceAll("\s+", "").trim(): Text of object 'Object Repository/Факторный анализ/span1 Блок руководителя' is: '-379 098'

18-11-2024T04:42:37 - [MESSAGE][PASSED] - Text of object 'Object Repository/Факторный анализ/span1 Блок руководителя' is: '-379 098'

18-11-2024T04:42:37 - [TEST_STEP][PASSED] - a2 = replaceAll("\s+", "").trim(): Text of object 'Object Repository/Факторный анализ/span2 Блок руководителя' is: '39 749'

18-11-2024T04:42:37 - [MESSAGE][PASSED] - Text of object 'Object Repository/Факторный анализ/span2 Блок руководителя' is: '39 749'

18-11-2024T04:42:37 - [TEST_STEP][PASSED] - println("a1: " + a1): null

18-11-2024T04:42:37 - [TEST_STEP][PASSED] - println("a2: " + a2): null

18-11-2024T04:42:37 - [TEST_STEP][PASSED] - tableA = getText(findTestObject("Факторный анализ/AllTable1")).replaceAll("[\r?
|
]", "/"): Text of object 'Object Repository/Факторный анализ/AllTable1' is: 'ДЗО
Филиал
Отклонение (объём услуг)
Отклонение (средний тариф)
АО «Тываэнерго» АО "Тываэнерго" 276 -37
АО «Чеченэнерго» АО «Чеченэнерго» -3 339 14
Россети Волга Мордовэнерго -2 825 -86
Оренбургэнерго -11 247 - 162
Пензаэнерго -6 748 -72
Самарские РС -13 058 -1 024
Саратовские РС -13 303 - 443
Ульяновские РС -4 845 - 201
Чувашэнерго -4 186 126
Россети Кубань Кубаньэнерго -53 529 241
Россети Ленэнерго (ГК) Ленинградская область -29 499 598
г. Санкт-Петербург -41 171 -39
Россети Московский регион Московская область 4 566 - 535
г. Москва 2 812 57
Россети Северный Кавказ (ГК) Дагестанская энергосбытовая компания - 111 69
Дагэнерго -6 378 480
Ингушэнерго -1 440 100
Каббалкэнерго -2 677 26
Карачаево-Черкесскэнерго -1 725 -9
Севкавказэнерго -3 016 125
Ставропольэнерго -8 347 - 222
Россети Северо-Запад Архангельский филиал 63 -80
Вологодский филиал 229 -6
Карельский филиал -21 160
Мурманский филиал 102 64
Новгородский филиал 207 -40
Псковский филиал 146 -18
филиал в Республике Коми 10 23
Россети Сибирь (ГК) Алтайэнерго 275 275
Бурятэнерго -95 298
ГАЭС 114 -15
Красноярскэнерго 1 087 - 413
Кузбассэнерго-РЭС 329 205
Омскэнерго 127 - 112
Хакасэнерго 327 - 363
Читаэнерго -44 120
Россети Томск Томская распределительная компания -6 624 - 125
Россети Тюмень Россети Тюмень -65 636 - 459
Россети Урал (ГК) Пермэнерго 594 - 218
Свердловэнерго 805 233
Челябэнерго 973 - 671
Россети ФСК ЕЭС Итого по ФСК ЕЭС 8 044 -6 045
Россети Центр Белгородэнерго 299 111
Брянскэнерго -4 489 32
Воронежэнерго -12 187 182
Костромаэнерго 83 2
Курскэнерго -2 381 132
Липецкэнерго 731 - 322
Орелэнерго -3 553 -22
Смоленскэнерго -6 765 35
Тамбовэнерго -5 262 -4
Тверьэнерго 319 127
Ярэнерго -6 307 31
Россети Центр и Приволжье (ГК) Владимирэнерго 517 49
Ивэнерго 169 40
Калугаэнерго 558 -42
Кировэнерго 403 0
Мариэнерго 144 19
Нижновэнерго 658 231
Рязаньэнерго 259 47
Тулэнерго 733 - 209
Удмуртэнерго 294 3
Россети Юг (ГК) АО «ВМЭС» -3 370 41
Астраханьэнерго -5 158 90
Волгоградэнерго -8 953 - 310
Калмэнерго -1 477 -5
Ростовэнерго -18 198 44
Россети Янтарь Россети Янтарь 305 -28'

18-11-2024T04:42:37 - [MESSAGE][PASSED] - Text of object 'Object Repository/Факторный анализ/AllTable1' is: 'ДЗО
Филиал
Отклонение (объём услуг)
Отклонение (средний тариф)
АО «Тываэнерго» АО "Тываэнерго" 276 -37
АО «Чеченэнерго» АО «Чеченэнерго» -3 339 14
Россети Волга Мордовэнерго -2 825 -86
Оренбургэнерго -11 247 - 162
Пензаэнерго -6 748 -72
Самарские РС -13 058 -1 024
Саратовские РС -13 303 - 443
Ульяновские РС -4 845 - 201
Чувашэнерго -4 186 126
Россети Кубань Кубаньэнерго -53 529 241
Россети Ленэнерго (ГК) Ленинградская область -29 499 598
г. Санкт-Петербург -41 171 -39
Россети Московский регион Московская область 4 566 - 535
г. Москва 2 812 57
Россети Северный Кавказ (ГК) Дагестанская энергосбытовая компания - 111 69
Дагэнерго -6 378 480
Ингушэнерго -1 440 100
Каббалкэнерго -2 677 26
Карачаево-Черкесскэнерго -1 725 -9
Севкавказэнерго -3 016 125
Ставропольэнерго -8 347 - 222
Россети Северо-Запад Архангельский филиал 63 -80
Вологодский филиал 229 -6
Карельский филиал -21 160
Мурманский филиал 102 64
Новгородский филиал 207 -40
Псковский филиал 146 -18
филиал в Республике Коми 10 23
Россети Сибирь (ГК) Алтайэнерго 275 275
Бурятэнерго -95 298
ГАЭС 114 -15
Красноярскэнерго 1 087 - 413
Кузбассэнерго-РЭС 329 205
Омскэнерго 127 - 112
Хакасэнерго 327 - 363
Читаэнерго -44 120
Россети Томск Томская распределительная компания -6 624 - 125
Россети Тюмень Россети Тюмень -65 636 - 459
Россети Урал (ГК) Пермэнерго 594 - 218
Свердловэнерго 805 233
Челябэнерго 973 - 671
Россети ФСК ЕЭС Итого по ФСК ЕЭС 8 044 -6 045
Россети Центр Белгородэнерго 299 111
Брянскэнерго -4 489 32
Воронежэнерго -12 187 182
Костромаэнерго 83 2
Курскэнерго -2 381 132
Липецкэнерго 731 - 322
Орелэнерго -3 553 -22
Смоленскэнерго -6 765 35
Тамбовэнерго -5 262 -4
Тверьэнерго 319 127
Ярэнерго -6 307 31
Россети Центр и Приволжье (ГК) Владимирэнерго 517 49
Ивэнерго 169 40
Калугаэнерго 558 -42
Кировэнерго 403 0
Мариэнерго 144 19
Нижновэнерго 658 231
Рязаньэнерго 259 47
Тулэнерго 733 - 209
Удмуртэнерго 294 3
Россети Юг (ГК) АО «ВМЭС» -3 370 41
Астраханьэнерго -5 158 90
Волгоградэнерго -8 953 - 310
Калмэнерго -1 477 -5
Ростовэнерго -18 198 44
Россети Янтарь Россети Янтарь 305 -28'

18-11-2024T04:42:37 - [TEST_STEP][PASSED] - println("tableA: " + tableA): null

18-11-2024T04:42:37 - [TEST_STEP][PASSED] - for ([i = 1, i < 5, (i++)]): null

18-11-2024T04:42:37 - [TEST_STEP][PASSED] - ii = tableA.indexOf("/") + 1: null

18-11-2024T04:42:37 - [TEST_STEP][PASSED] - tableA = tableA.substring(ii, tableA.length()): null

18-11-2024T04:42:37 - [TEST_STEP][PASSED] - ii = tableA.indexOf("/") + 1: null

18-11-2024T04:42:37 - [TEST_STEP][PASSED] - tableA = tableA.substring(ii, tableA.length()): null

18-11-2024T04:42:37 - [TEST_STEP][PASSED] - ii = tableA.indexOf("/") + 1: null

18-11-2024T04:42:37 - [TEST_STEP][PASSED] - tableA = tableA.substring(ii, tableA.length()): null

18-11-2024T04:42:37 - [TEST_STEP][PASSED] - ii = tableA.indexOf("/") + 1: null

18-11-2024T04:42:37 - [TEST_STEP][PASSED] - tableA = tableA.substring(ii, tableA.length()): null

18-11-2024T04:42:37 - [TEST_STEP][PASSED] - println("tableA: " + tableA): null

18-11-2024T04:42:37 - [TEST_STEP][PASSED] - TyA = Script1719551244403.GetData(x = tableA): null

18-11-2024T04:42:37 - [TEST_STEP][PASSED] - i2 = <not implemented yet for class: org.codehaus.groovy.ast.expr.EmptyExpression>: null

18-11-2024T04:42:37 - [TEST_STEP][PASSED] - i2 = x.indexOf("/") + 1: null

18-11-2024T04:42:37 - [TEST_STEP][PASSED] - x = replaceAll("\p{P}", "").trim(): null

18-11-2024T04:42:37 - [TEST_STEP][PASSED] - return x: null

18-11-2024T04:42:37 - [TEST_STEP][PASSED] - println("TyA: " + TyA): null

18-11-2024T04:42:37 - [TEST_STEP][PASSED] - tableA = Script1719551244403.NewDZO(x = tableA): null

18-11-2024T04:42:37 - [TEST_STEP][PASSED] - i3 = <not implemented yet for class: org.codehaus.groovy.ast.expr.EmptyExpression>: null

18-11-2024T04:42:37 - [TEST_STEP][PASSED] - i3 = x.indexOf("/") + 1: null

18-11-2024T04:42:37 - [TEST_STEP][PASSED] - x = x.substring(i3, x.length()): null

18-11-2024T04:42:37 - [TEST_STEP][PASSED] - return x: null

18-11-2024T04:42:37 - [TEST_STEP][PASSED] - ChA = Script1719551244403.GetData(x = tableA): null

18-11-2024T04:42:37 - [TEST_STEP][PASSED] - i2 = <not implemented yet for class: org.codehaus.groovy.ast.expr.EmptyExpression>: null

18-11-2024T04:42:37 - [TEST_STEP][PASSED] - i2 = x.indexOf("/") + 1: null

18-11-2024T04:42:37 - [TEST_STEP][PASSED] - x = replaceAll("\p{P}", "").trim(): null

18-11-2024T04:42:37 - [TEST_STEP][PASSED] - return x: null

18-11-2024T04:42:37 - [TEST_STEP][PASSED] - println("ChA: " + ChA): null

18-11-2024T04:42:37 - [TEST_STEP][PASSED] - tableA = Script1719551244403.NewDZO(x = tableA): null

18-11-2024T04:42:37 - [TEST_STEP][PASSED] - i3 = <not implemented yet for class: org.codehaus.groovy.ast.expr.EmptyExpression>: null

18-11-2024T04:42:37 - [TEST_STEP][PASSED] - i3 = x.indexOf("/") + 1: null

18-11-2024T04:42:37 - [TEST_STEP][PASSED] - x = x.substring(i3, x.length()): null

18-11-2024T04:42:37 - [TEST_STEP][PASSED] - return x: null

18-11-2024T04:42:37 - [TEST_STEP][PASSED] - i = tableA.indexOf("Кубань"): null

18-11-2024T04:42:37 - [TEST_STEP][PASSED] - VA = replaceAll("\p{P}", "").trim(): null

18-11-2024T04:42:37 - [TEST_STEP][PASSED] - println("VA: " + VA): null

18-11-2024T04:42:37 - [TEST_STEP][PASSED] - for ([i = 1, i < 8, (i++)]): null

18-11-2024T04:42:37 - [TEST_STEP][PASSED] - tableA = Script1719551244403.NewDZO(x = tableA): null

18-11-2024T04:42:37 - [TEST_STEP][PASSED] - i3 = <not implemented yet for class: org.codehaus.groovy.ast.expr.EmptyExpression>: null

18-11-2024T04:42:37 - [TEST_STEP][PASSED] - i3 = x.indexOf("/") + 1: null

18-11-2024T04:42:37 - [TEST_STEP][PASSED] - x = x.substring(i3, x.length()): null

18-11-2024T04:42:37 - [TEST_STEP][PASSED] - return x: null

18-11-2024T04:42:37 - [TEST_STEP][PASSED] - tableA = Script1719551244403.NewDZO(x = tableA): null

18-11-2024T04:42:37 - [TEST_STEP][PASSED] - i3 = <not implemented yet for class: org.codehaus.groovy.ast.expr.EmptyExpression>: null

18-11-2024T04:42:37 - [TEST_STEP][PASSED] - i3 = x.indexOf("/") + 1: null

18-11-2024T04:42:37 - [TEST_STEP][PASSED] - x = x.substring(i3, x.length()): null

18-11-2024T04:42:37 - [TEST_STEP][PASSED] - return x: null

18-11-2024T04:42:37 - [TEST_STEP][PASSED] - tableA = Script1719551244403.NewDZO(x = tableA): null

18-11-2024T04:42:37 - [TEST_STEP][PASSED] - i3 = <not implemented yet for class: org.codehaus.groovy.ast.expr.EmptyExpression>: null

18-11-2024T04:42:37 - [TEST_STEP][PASSED] - i3 = x.indexOf("/") + 1: null

18-11-2024T04:42:37 - [TEST_STEP][PASSED] - x = x.substring(i3, x.length()): null

18-11-2024T04:42:37 - [TEST_STEP][PASSED] - return x: null

18-11-2024T04:42:37 - [TEST_STEP][PASSED] - tableA = Script1719551244403.NewDZO(x = tableA): null

18-11-2024T04:42:37 - [TEST_STEP][PASSED] - i3 = <not implemented yet for class: org.codehaus.groovy.ast.expr.EmptyExpression>: null

18-11-2024T04:42:37 - [TEST_STEP][PASSED] - i3 = x.indexOf("/") + 1: null

18-11-2024T04:42:37 - [TEST_STEP][PASSED] - x = x.substring(i3, x.length()): null

18-11-2024T04:42:37 - [TEST_STEP][PASSED] - return x: null

18-11-2024T04:42:37 - [TEST_STEP][PASSED] - tableA = Script1719551244403.NewDZO(x = tableA): null

18-11-2024T04:42:37 - [TEST_STEP][PASSED] - i3 = <not implemented yet for class: org.codehaus.groovy.ast.expr.EmptyExpression>: null

18-11-2024T04:42:37 - [TEST_STEP][PASSED] - i3 = x.indexOf("/") + 1: null

18-11-2024T04:42:37 - [TEST_STEP][PASSED] - x = x.substring(i3, x.length()): null

18-11-2024T04:42:37 - [TEST_STEP][PASSED] - return x: null

18-11-2024T04:42:37 - [TEST_STEP][PASSED] - tableA = Script1719551244403.NewDZO(x = tableA): null

18-11-2024T04:42:37 - [TEST_STEP][PASSED] - i3 = <not implemented yet for class: org.codehaus.groovy.ast.expr.EmptyExpression>: null

18-11-2024T04:42:37 - [TEST_STEP][PASSED] - i3 = x.indexOf("/") + 1: null

18-11-2024T04:42:37 - [TEST_STEP][PASSED] - x = x.substring(i3, x.length()): null

18-11-2024T04:42:37 - [TEST_STEP][PASSED] - return x: null

18-11-2024T04:42:37 - [TEST_STEP][PASSED] - tableA = Script1719551244403.NewDZO(x = tableA): null

18-11-2024T04:42:37 - [TEST_STEP][PASSED] - i3 = <not implemented yet for class: org.codehaus.groovy.ast.expr.EmptyExpression>: null

18-11-2024T04:42:37 - [TEST_STEP][PASSED] - i3 = x.indexOf("/") + 1: null

18-11-2024T04:42:37 - [TEST_STEP][PASSED] - x = x.substring(i3, x.length()): null

18-11-2024T04:42:37 - [TEST_STEP][PASSED] - return x: null

18-11-2024T04:42:37 - [TEST_STEP][PASSED] - i = tableA.indexOf("Ленэнерго"): null

18-11-2024T04:42:37 - [TEST_STEP][PASSED] - KuA = Script1719551244403.GetData(x = tableA): null

18-11-2024T04:42:37 - [TEST_STEP][PASSED] - i2 = <not implemented yet for class: org.codehaus.groovy.ast.expr.EmptyExpression>: null

18-11-2024T04:42:37 - [TEST_STEP][PASSED] - i2 = x.indexOf("/") + 1: null

18-11-2024T04:42:37 - [TEST_STEP][PASSED] - x = replaceAll("\p{P}", "").trim(): null

18-11-2024T04:42:37 - [TEST_STEP][PASSED] - return x: null

18-11-2024T04:42:37 - [TEST_STEP][PASSED] - println("KuA: " + KuA): null

18-11-2024T04:42:37 - [TEST_STEP][PASSED] - tableA = Script1719551244403.NewDZO(x = tableA): null

18-11-2024T04:42:37 - [TEST_STEP][PASSED] - i3 = <not implemented yet for class: org.codehaus.groovy.ast.expr.EmptyExpression>: null

18-11-2024T04:42:37 - [TEST_STEP][PASSED] - i3 = x.indexOf("/") + 1: null

18-11-2024T04:42:37 - [TEST_STEP][PASSED] - x = x.substring(i3, x.length()): null

18-11-2024T04:42:37 - [TEST_STEP][PASSED] - return x: null

18-11-2024T04:42:37 - [TEST_STEP][PASSED] - i = tableA.indexOf("Московский"): null

18-11-2024T04:42:37 - [TEST_STEP][PASSED] - LenA = replaceAll("\p{P}", "").trim(): null

18-11-2024T04:42:37 - [TEST_STEP][PASSED] - println("LenA: " + LenA): null

18-11-2024T04:42:37 - [TEST_STEP][PASSED] - tableA = Script1719551244403.NewDZO(x = tableA): null

18-11-2024T04:42:37 - [TEST_STEP][PASSED] - i3 = <not implemented yet for class: org.codehaus.groovy.ast.expr.EmptyExpression>: null

18-11-2024T04:42:37 - [TEST_STEP][PASSED] - i3 = x.indexOf("/") + 1: null

18-11-2024T04:42:37 - [TEST_STEP][PASSED] - x = x.substring(i3, x.length()): null

18-11-2024T04:42:37 - [TEST_STEP][PASSED] - return x: null

18-11-2024T04:42:37 - [TEST_STEP][PASSED] - tableA = Script1719551244403.NewDZO(x = tableA): null

18-11-2024T04:42:37 - [TEST_STEP][PASSED] - i3 = <not implemented yet for class: org.codehaus.groovy.ast.expr.EmptyExpression>: null

18-11-2024T04:42:37 - [TEST_STEP][PASSED] - i3 = x.indexOf("/") + 1: null

18-11-2024T04:42:37 - [TEST_STEP][PASSED] - x = x.substring(i3, x.length()): null

18-11-2024T04:42:37 - [TEST_STEP][PASSED] - return x: null

18-11-2024T04:42:37 - [TEST_STEP][PASSED] - i = tableA.indexOf("Кавказ"): null

18-11-2024T04:42:37 - [TEST_STEP][PASSED] - MosA = replaceAll("\p{P}", "").trim(): null

18-11-2024T04:42:37 - [TEST_STEP][PASSED] - println("MosA: " + MosA): null

18-11-2024T04:42:37 - [TEST_STEP][PASSED] - for ([i = 1, i < 3, (i++)]): null

18-11-2024T04:42:37 - [TEST_STEP][PASSED] - tableA = Script1719551244403.NewDZO(x = tableA): null

18-11-2024T04:42:37 - [TEST_STEP][PASSED] - i3 = <not implemented yet for class: org.codehaus.groovy.ast.expr.EmptyExpression>: null

18-11-2024T04:42:37 - [TEST_STEP][PASSED] - i3 = x.indexOf("/") + 1: null

18-11-2024T04:42:37 - [TEST_STEP][PASSED] - x = x.substring(i3, x.length()): null

18-11-2024T04:42:37 - [TEST_STEP][PASSED] - return x: null

18-11-2024T04:42:37 - [TEST_STEP][PASSED] - tableA = Script1719551244403.NewDZO(x = tableA): null

18-11-2024T04:42:37 - [TEST_STEP][PASSED] - i3 = <not implemented yet for class: org.codehaus.groovy.ast.expr.EmptyExpression>: null

18-11-2024T04:42:37 - [TEST_STEP][PASSED] - i3 = x.indexOf("/") + 1: null

18-11-2024T04:42:37 - [TEST_STEP][PASSED] - x = x.substring(i3, x.length()): null

18-11-2024T04:42:37 - [TEST_STEP][PASSED] - return x: null

18-11-2024T04:42:37 - [TEST_STEP][PASSED] - i = tableA.indexOf("Запад"): null

18-11-2024T04:42:37 - [TEST_STEP][PASSED] - SKA = replaceAll("\p{P}", "").trim(): null

18-11-2024T04:42:37 - [TEST_STEP][PASSED] - println("SKA: " + SKA): null

18-11-2024T04:42:37 - [TEST_STEP][PASSED] - for ([i = 1, i < 7, (i++)]): null

18-11-2024T04:42:37 - [TEST_STEP][PASSED] - tableA = Script1719551244403.NewDZO(x = tableA): null

18-11-2024T04:42:37 - [TEST_STEP][PASSED] - i3 = <not implemented yet for class: org.codehaus.groovy.ast.expr.EmptyExpression>: null

18-11-2024T04:42:37 - [TEST_STEP][PASSED] - i3 = x.indexOf("/") + 1: null

18-11-2024T04:42:37 - [TEST_STEP][PASSED] - x = x.substring(i3, x.length()): null

18-11-2024T04:42:37 - [TEST_STEP][PASSED] - return x: null

18-11-2024T04:42:37 - [TEST_STEP][PASSED] - tableA = Script1719551244403.NewDZO(x = tableA): null

18-11-2024T04:42:37 - [TEST_STEP][PASSED] - i3 = <not implemented yet for class: org.codehaus.groovy.ast.expr.EmptyExpression>: null

18-11-2024T04:42:37 - [TEST_STEP][PASSED] - i3 = x.indexOf("/") + 1: null

18-11-2024T04:42:37 - [TEST_STEP][PASSED] - x = x.substring(i3, x.length()): null

18-11-2024T04:42:37 - [TEST_STEP][PASSED] - return x: null

18-11-2024T04:42:37 - [TEST_STEP][PASSED] - tableA = Script1719551244403.NewDZO(x = tableA): null

18-11-2024T04:42:37 - [TEST_STEP][PASSED] - i3 = <not implemented yet for class: org.codehaus.groovy.ast.expr.EmptyExpression>: null

18-11-2024T04:42:37 - [TEST_STEP][PASSED] - i3 = x.indexOf("/") + 1: null

18-11-2024T04:42:37 - [TEST_STEP][PASSED] - x = x.substring(i3, x.length()): null

18-11-2024T04:42:37 - [TEST_STEP][PASSED] - return x: null

18-11-2024T04:42:37 - [TEST_STEP][PASSED] - tableA = Script1719551244403.NewDZO(x = tableA): null

18-11-2024T04:42:37 - [TEST_STEP][PASSED] - i3 = <not implemented yet for class: org.codehaus.groovy.ast.expr.EmptyExpression>: null

18-11-2024T04:42:37 - [TEST_STEP][PASSED] - i3 = x.indexOf("/") + 1: null

18-11-2024T04:42:37 - [TEST_STEP][PASSED] - x = x.substring(i3, x.length()): null

18-11-2024T04:42:37 - [TEST_STEP][PASSED] - return x: null

18-11-2024T04:42:37 - [TEST_STEP][PASSED] - tableA = Script1719551244403.NewDZO(x = tableA): null

18-11-2024T04:42:37 - [TEST_STEP][PASSED] - i3 = <not implemented yet for class: org.codehaus.groovy.ast.expr.EmptyExpression>: null

18-11-2024T04:42:37 - [TEST_STEP][PASSED] - i3 = x.indexOf("/") + 1: null

18-11-2024T04:42:37 - [TEST_STEP][PASSED] - x = x.substring(i3, x.length()): null

18-11-2024T04:42:37 - [TEST_STEP][PASSED] - return x: null

18-11-2024T04:42:37 - [TEST_STEP][PASSED] - tableA = Script1719551244403.NewDZO(x = tableA): null

18-11-2024T04:42:37 - [TEST_STEP][PASSED] - i3 = <not implemented yet for class: org.codehaus.groovy.ast.expr.EmptyExpression>: null

18-11-2024T04:42:37 - [TEST_STEP][PASSED] - i3 = x.indexOf("/") + 1: null

18-11-2024T04:42:37 - [TEST_STEP][PASSED] - x = x.substring(i3, x.length()): null

18-11-2024T04:42:37 - [TEST_STEP][PASSED] - return x: null

18-11-2024T04:42:37 - [TEST_STEP][PASSED] - i = tableA.indexOf("Сибирь"): null

18-11-2024T04:42:37 - [TEST_STEP][PASSED] - SZA = replaceAll("\p{P}", "").trim(): null

18-11-2024T04:42:37 - [TEST_STEP][PASSED] - println("SZA: " + SZA): null

18-11-2024T04:42:37 - [TEST_STEP][PASSED] - for ([i = 1, i < 8, (i++)]): null

18-11-2024T04:42:37 - [TEST_STEP][PASSED] - tableA = Script1719551244403.NewDZO(x = tableA): null

18-11-2024T04:42:37 - [TEST_STEP][PASSED] - i3 = <not implemented yet for class: org.codehaus.groovy.ast.expr.EmptyExpression>: null

18-11-2024T04:42:37 - [TEST_STEP][PASSED] - i3 = x.indexOf("/") + 1: null

18-11-2024T04:42:37 - [TEST_STEP][PASSED] - x = x.substring(i3, x.length()): null

18-11-2024T04:42:37 - [TEST_STEP][PASSED] - return x: null

18-11-2024T04:42:37 - [TEST_STEP][PASSED] - tableA = Script1719551244403.NewDZO(x = tableA): null

18-11-2024T04:42:37 - [TEST_STEP][PASSED] - i3 = <not implemented yet for class: org.codehaus.groovy.ast.expr.EmptyExpression>: null

18-11-2024T04:42:37 - [TEST_STEP][PASSED] - i3 = x.indexOf("/") + 1: null

18-11-2024T04:42:37 - [TEST_STEP][PASSED] - x = x.substring(i3, x.length()): null

18-11-2024T04:42:37 - [TEST_STEP][PASSED] - return x: null

18-11-2024T04:42:37 - [TEST_STEP][PASSED] - tableA = Script1719551244403.NewDZO(x = tableA): null

18-11-2024T04:42:37 - [TEST_STEP][PASSED] - i3 = <not implemented yet for class: org.codehaus.groovy.ast.expr.EmptyExpression>: null

18-11-2024T04:42:37 - [TEST_STEP][PASSED] - i3 = x.indexOf("/") + 1: null

18-11-2024T04:42:37 - [TEST_STEP][PASSED] - x = x.substring(i3, x.length()): null

18-11-2024T04:42:37 - [TEST_STEP][PASSED] - return x: null

18-11-2024T04:42:37 - [TEST_STEP][PASSED] - tableA = Script1719551244403.NewDZO(x = tableA): null

18-11-2024T04:42:37 - [TEST_STEP][PASSED] - i3 = <not implemented yet for class: org.codehaus.groovy.ast.expr.EmptyExpression>: null

18-11-2024T04:42:37 - [TEST_STEP][PASSED] - i3 = x.indexOf("/") + 1: null

18-11-2024T04:42:37 - [TEST_STEP][PASSED] - x = x.substring(i3, x.length()): null

18-11-2024T04:42:37 - [TEST_STEP][PASSED] - return x: null

18-11-2024T04:42:37 - [TEST_STEP][PASSED] - tableA = Script1719551244403.NewDZO(x = tableA): null

18-11-2024T04:42:37 - [TEST_STEP][PASSED] - i3 = <not implemented yet for class: org.codehaus.groovy.ast.expr.EmptyExpression>: null

18-11-2024T04:42:37 - [TEST_STEP][PASSED] - i3 = x.indexOf("/") + 1: null

18-11-2024T04:42:37 - [TEST_STEP][PASSED] - x = x.substring(i3, x.length()): null

18-11-2024T04:42:37 - [TEST_STEP][PASSED] - return x: null

18-11-2024T04:42:37 - [TEST_STEP][PASSED] - tableA = Script1719551244403.NewDZO(x = tableA): null

18-11-2024T04:42:37 - [TEST_STEP][PASSED] - i3 = <not implemented yet for class: org.codehaus.groovy.ast.expr.EmptyExpression>: null

18-11-2024T04:42:37 - [TEST_STEP][PASSED] - i3 = x.indexOf("/") + 1: null

18-11-2024T04:42:37 - [TEST_STEP][PASSED] - x = x.substring(i3, x.length()): null

18-11-2024T04:42:37 - [TEST_STEP][PASSED] - return x: null

18-11-2024T04:42:37 - [TEST_STEP][PASSED] - tableA = Script1719551244403.NewDZO(x = tableA): null

18-11-2024T04:42:37 - [TEST_STEP][PASSED] - i3 = <not implemented yet for class: org.codehaus.groovy.ast.expr.EmptyExpression>: null

18-11-2024T04:42:37 - [TEST_STEP][PASSED] - i3 = x.indexOf("/") + 1: null

18-11-2024T04:42:37 - [TEST_STEP][PASSED] - x = x.substring(i3, x.length()): null

18-11-2024T04:42:37 - [TEST_STEP][PASSED] - return x: null

18-11-2024T04:42:37 - [TEST_STEP][PASSED] - i = tableA.indexOf("Томск"): null

18-11-2024T04:42:37 - [TEST_STEP][PASSED] - SiA = replaceAll("\p{P}", "").trim(): null

18-11-2024T04:42:37 - [TEST_STEP][PASSED] - println("SiA: " + SiA): null

18-11-2024T04:42:37 - [TEST_STEP][PASSED] - for ([i = 1, i < 9, (i++)]): null

18-11-2024T04:42:37 - [TEST_STEP][PASSED] - tableA = Script1719551244403.NewDZO(x = tableA): null

18-11-2024T04:42:37 - [TEST_STEP][PASSED] - i3 = <not implemented yet for class: org.codehaus.groovy.ast.expr.EmptyExpression>: null

18-11-2024T04:42:37 - [TEST_STEP][PASSED] - i3 = x.indexOf("/") + 1: null

18-11-2024T04:42:37 - [TEST_STEP][PASSED] - x = x.substring(i3, x.length()): null

18-11-2024T04:42:37 - [TEST_STEP][PASSED] - return x: null

18-11-2024T04:42:37 - [TEST_STEP][PASSED] - tableA = Script1719551244403.NewDZO(x = tableA): null

18-11-2024T04:42:37 - [TEST_STEP][PASSED] - i3 = <not implemented yet for class: org.codehaus.groovy.ast.expr.EmptyExpression>: null

18-11-2024T04:42:37 - [TEST_STEP][PASSED] - i3 = x.indexOf("/") + 1: null

18-11-2024T04:42:37 - [TEST_STEP][PASSED] - x = x.substring(i3, x.length()): null

18-11-2024T04:42:37 - [TEST_STEP][PASSED] - return x: null

18-11-2024T04:42:37 - [TEST_STEP][PASSED] - tableA = Script1719551244403.NewDZO(x = tableA): null

18-11-2024T04:42:37 - [TEST_STEP][PASSED] - i3 = <not implemented yet for class: org.codehaus.groovy.ast.expr.EmptyExpression>: null

18-11-2024T04:42:37 - [TEST_STEP][PASSED] - i3 = x.indexOf("/") + 1: null

18-11-2024T04:42:37 - [TEST_STEP][PASSED] - x = x.substring(i3, x.length()): null

18-11-2024T04:42:37 - [TEST_STEP][PASSED] - return x: null

18-11-2024T04:42:37 - [TEST_STEP][PASSED] - tableA = Script1719551244403.NewDZO(x = tableA): null

18-11-2024T04:42:37 - [TEST_STEP][PASSED] - i3 = <not implemented yet for class: org.codehaus.groovy.ast.expr.EmptyExpression>: null

18-11-2024T04:42:37 - [TEST_STEP][PASSED] - i3 = x.indexOf("/") + 1: null

18-11-2024T04:42:37 - [TEST_STEP][PASSED] - x = x.substring(i3, x.length()): null

18-11-2024T04:42:37 - [TEST_STEP][PASSED] - return x: null

18-11-2024T04:42:37 - [TEST_STEP][PASSED] - tableA = Script1719551244403.NewDZO(x = tableA): null

18-11-2024T04:42:37 - [TEST_STEP][PASSED] - i3 = <not implemented yet for class: org.codehaus.groovy.ast.expr.EmptyExpression>: null

18-11-2024T04:42:37 - [TEST_STEP][PASSED] - i3 = x.indexOf("/") + 1: null

18-11-2024T04:42:37 - [TEST_STEP][PASSED] - x = x.substring(i3, x.length()): null

18-11-2024T04:42:37 - [TEST_STEP][PASSED] - return x: null

18-11-2024T04:42:37 - [TEST_STEP][PASSED] - tableA = Script1719551244403.NewDZO(x = tableA): null

18-11-2024T04:42:37 - [TEST_STEP][PASSED] - i3 = <not implemented yet for class: org.codehaus.groovy.ast.expr.EmptyExpression>: null

18-11-2024T04:42:37 - [TEST_STEP][PASSED] - i3 = x.indexOf("/") + 1: null

18-11-2024T04:42:37 - [TEST_STEP][PASSED] - x = x.substring(i3, x.length()): null

18-11-2024T04:42:37 - [TEST_STEP][PASSED] - return x: null

18-11-2024T04:42:37 - [TEST_STEP][PASSED] - tableA = Script1719551244403.NewDZO(x = tableA): null

18-11-2024T04:42:37 - [TEST_STEP][PASSED] - i3 = <not implemented yet for class: org.codehaus.groovy.ast.expr.EmptyExpression>: null

18-11-2024T04:42:37 - [TEST_STEP][PASSED] - i3 = x.indexOf("/") + 1: null

18-11-2024T04:42:37 - [TEST_STEP][PASSED] - x = x.substring(i3, x.length()): null

18-11-2024T04:42:37 - [TEST_STEP][PASSED] - return x: null

18-11-2024T04:42:37 - [TEST_STEP][PASSED] - tableA = Script1719551244403.NewDZO(x = tableA): null

18-11-2024T04:42:37 - [TEST_STEP][PASSED] - i3 = <not implemented yet for class: org.codehaus.groovy.ast.expr.EmptyExpression>: null

18-11-2024T04:42:37 - [TEST_STEP][PASSED] - i3 = x.indexOf("/") + 1: null

18-11-2024T04:42:37 - [TEST_STEP][PASSED] - x = x.substring(i3, x.length()): null

18-11-2024T04:42:37 - [TEST_STEP][PASSED] - return x: null

18-11-2024T04:42:37 - [TEST_STEP][PASSED] - i = tableA.indexOf("Тюмень"): null

18-11-2024T04:42:37 - [TEST_STEP][PASSED] - ToA = replaceAll("\p{P}", "").trim(): null

18-11-2024T04:42:37 - [TEST_STEP][PASSED] - println("ToA: " + ToA): null

18-11-2024T04:42:37 - [TEST_STEP][PASSED] - tableA = Script1719551244403.NewDZO(x = tableA): null

18-11-2024T04:42:37 - [TEST_STEP][PASSED] - i3 = <not implemented yet for class: org.codehaus.groovy.ast.expr.EmptyExpression>: null

18-11-2024T04:42:37 - [TEST_STEP][PASSED] - i3 = x.indexOf("/") + 1: null

18-11-2024T04:42:37 - [TEST_STEP][PASSED] - x = x.substring(i3, x.length()): null

18-11-2024T04:42:37 - [TEST_STEP][PASSED] - return x: null

18-11-2024T04:42:37 - [TEST_STEP][PASSED] - TyuA = replaceAll("\p{P}", "").trim(): null

18-11-2024T04:42:37 - [TEST_STEP][PASSED] - println("TyuA: " + TyuA): null

18-11-2024T04:42:37 - [TEST_STEP][PASSED] - tableA = Script1719551244403.NewDZO(x = tableA): null

18-11-2024T04:42:37 - [TEST_STEP][PASSED] - i3 = <not implemented yet for class: org.codehaus.groovy.ast.expr.EmptyExpression>: null

18-11-2024T04:42:37 - [TEST_STEP][PASSED] - i3 = x.indexOf("/") + 1: null

18-11-2024T04:42:37 - [TEST_STEP][PASSED] - x = x.substring(i3, x.length()): null

18-11-2024T04:42:37 - [TEST_STEP][PASSED] - return x: null

18-11-2024T04:42:37 - [TEST_STEP][PASSED] - i = tableA.indexOf("ЕЭС"): null

18-11-2024T04:42:37 - [TEST_STEP][PASSED] - UrA = replaceAll("\p{P}", "").trim(): null

18-11-2024T04:42:37 - [TEST_STEP][PASSED] - println("UrA: " + UrA): null

18-11-2024T04:42:37 - [TEST_STEP][PASSED] - for ([i = 1, i < 4, (i++)]): null

18-11-2024T04:42:37 - [TEST_STEP][PASSED] - tableA = Script1719551244403.NewDZO(x = tableA): null

18-11-2024T04:42:37 - [TEST_STEP][PASSED] - i3 = <not implemented yet for class: org.codehaus.groovy.ast.expr.EmptyExpression>: null

18-11-2024T04:42:37 - [TEST_STEP][PASSED] - i3 = x.indexOf("/") + 1: null

18-11-2024T04:42:37 - [TEST_STEP][PASSED] - x = x.substring(i3, x.length()): null

18-11-2024T04:42:37 - [TEST_STEP][PASSED] - return x: null

18-11-2024T04:42:37 - [TEST_STEP][PASSED] - tableA = Script1719551244403.NewDZO(x = tableA): null

18-11-2024T04:42:37 - [TEST_STEP][PASSED] - i3 = <not implemented yet for class: org.codehaus.groovy.ast.expr.EmptyExpression>: null

18-11-2024T04:42:37 - [TEST_STEP][PASSED] - i3 = x.indexOf("/") + 1: null

18-11-2024T04:42:37 - [TEST_STEP][PASSED] - x = x.substring(i3, x.length()): null

18-11-2024T04:42:37 - [TEST_STEP][PASSED] - return x: null

18-11-2024T04:42:37 - [TEST_STEP][PASSED] - tableA = Script1719551244403.NewDZO(x = tableA): null

18-11-2024T04:42:37 - [TEST_STEP][PASSED] - i3 = <not implemented yet for class: org.codehaus.groovy.ast.expr.EmptyExpression>: null

18-11-2024T04:42:37 - [TEST_STEP][PASSED] - i3 = x.indexOf("/") + 1: null

18-11-2024T04:42:37 - [TEST_STEP][PASSED] - x = x.substring(i3, x.length()): null

18-11-2024T04:42:37 - [TEST_STEP][PASSED] - return x: null

18-11-2024T04:42:37 - [TEST_STEP][PASSED] - i = tableA.indexOf("Центр"): null

18-11-2024T04:42:37 - [TEST_STEP][PASSED] - FSKA = replaceAll("\p{P}", "").trim(): null

18-11-2024T04:42:37 - [TEST_STEP][PASSED] - println("FSKA: " + FSKA): null

18-11-2024T04:42:37 - [TEST_STEP][PASSED] - tableA = Script1719551244403.NewDZO(x = tableA): null

18-11-2024T04:42:37 - [TEST_STEP][PASSED] - i3 = <not implemented yet for class: org.codehaus.groovy.ast.expr.EmptyExpression>: null

18-11-2024T04:42:37 - [TEST_STEP][PASSED] - i3 = x.indexOf("/") + 1: null

18-11-2024T04:42:37 - [TEST_STEP][PASSED] - x = x.substring(i3, x.length()): null

18-11-2024T04:42:37 - [TEST_STEP][PASSED] - return x: null

18-11-2024T04:42:37 - [TEST_STEP][PASSED] - i = tableA.indexOf("Приволжье"): null

18-11-2024T04:42:37 - [TEST_STEP][PASSED] - CenA = replaceAll("\p{P}", "").trim(): null

18-11-2024T04:42:37 - [TEST_STEP][PASSED] - println("CenA: " + CenA): null

18-11-2024T04:42:37 - [TEST_STEP][PASSED] - for ([i = 1, i < 12, (i++)]): null

18-11-2024T04:42:37 - [TEST_STEP][PASSED] - tableA = Script1719551244403.NewDZO(x = tableA): null

18-11-2024T04:42:37 - [TEST_STEP][PASSED] - i3 = <not implemented yet for class: org.codehaus.groovy.ast.expr.EmptyExpression>: null

18-11-2024T04:42:37 - [TEST_STEP][PASSED] - i3 = x.indexOf("/") + 1: null

18-11-2024T04:42:37 - [TEST_STEP][PASSED] - x = x.substring(i3, x.length()): null

18-11-2024T04:42:37 - [TEST_STEP][PASSED] - return x: null

18-11-2024T04:42:37 - [TEST_STEP][PASSED] - tableA = Script1719551244403.NewDZO(x = tableA): null

18-11-2024T04:42:37 - [TEST_STEP][PASSED] - i3 = <not implemented yet for class: org.codehaus.groovy.ast.expr.EmptyExpression>: null

18-11-2024T04:42:37 - [TEST_STEP][PASSED] - i3 = x.indexOf("/") + 1: null

18-11-2024T04:42:37 - [TEST_STEP][PASSED] - x = x.substring(i3, x.length()): null

18-11-2024T04:42:37 - [TEST_STEP][PASSED] - return x: null

18-11-2024T04:42:37 - [TEST_STEP][PASSED] - tableA = Script1719551244403.NewDZO(x = tableA): null

18-11-2024T04:42:37 - [TEST_STEP][PASSED] - i3 = <not implemented yet for class: org.codehaus.groovy.ast.expr.EmptyExpression>: null

18-11-2024T04:42:37 - [TEST_STEP][PASSED] - i3 = x.indexOf("/") + 1: null

18-11-2024T04:42:37 - [TEST_STEP][PASSED] - x = x.substring(i3, x.length()): null

18-11-2024T04:42:37 - [TEST_STEP][PASSED] - return x: null

18-11-2024T04:42:37 - [TEST_STEP][PASSED] - tableA = Script1719551244403.NewDZO(x = tableA): null

18-11-2024T04:42:37 - [TEST_STEP][PASSED] - i3 = <not implemented yet for class: org.codehaus.groovy.ast.expr.EmptyExpression>: null

18-11-2024T04:42:37 - [TEST_STEP][PASSED] - i3 = x.indexOf("/") + 1: null

18-11-2024T04:42:37 - [TEST_STEP][PASSED] - x = x.substring(i3, x.length()): null

18-11-2024T04:42:37 - [TEST_STEP][PASSED] - return x: null

18-11-2024T04:42:37 - [TEST_STEP][PASSED] - tableA = Script1719551244403.NewDZO(x = tableA): null

18-11-2024T04:42:37 - [TEST_STEP][PASSED] - i3 = <not implemented yet for class: org.codehaus.groovy.ast.expr.EmptyExpression>: null

18-11-2024T04:42:37 - [TEST_STEP][PASSED] - i3 = x.indexOf("/") + 1: null

18-11-2024T04:42:37 - [TEST_STEP][PASSED] - x = x.substring(i3, x.length()): null

18-11-2024T04:42:37 - [TEST_STEP][PASSED] - return x: null

18-11-2024T04:42:37 - [TEST_STEP][PASSED] - tableA = Script1719551244403.NewDZO(x = tableA): null

18-11-2024T04:42:37 - [TEST_STEP][PASSED] - i3 = <not implemented yet for class: org.codehaus.groovy.ast.expr.EmptyExpression>: null

18-11-2024T04:42:37 - [TEST_STEP][PASSED] - i3 = x.indexOf("/") + 1: null

18-11-2024T04:42:37 - [TEST_STEP][PASSED] - x = x.substring(i3, x.length()): null

18-11-2024T04:42:37 - [TEST_STEP][PASSED] - return x: null

18-11-2024T04:42:37 - [TEST_STEP][PASSED] - tableA = Script1719551244403.NewDZO(x = tableA): null

18-11-2024T04:42:37 - [TEST_STEP][PASSED] - i3 = <not implemented yet for class: org.codehaus.groovy.ast.expr.EmptyExpression>: null

18-11-2024T04:42:37 - [TEST_STEP][PASSED] - i3 = x.indexOf("/") + 1: null

18-11-2024T04:42:37 - [TEST_STEP][PASSED] - x = x.substring(i3, x.length()): null

18-11-2024T04:42:37 - [TEST_STEP][PASSED] - return x: null

18-11-2024T04:42:37 - [TEST_STEP][PASSED] - tableA = Script1719551244403.NewDZO(x = tableA): null

18-11-2024T04:42:37 - [TEST_STEP][PASSED] - i3 = <not implemented yet for class: org.codehaus.groovy.ast.expr.EmptyExpression>: null

18-11-2024T04:42:37 - [TEST_STEP][PASSED] - i3 = x.indexOf("/") + 1: null

18-11-2024T04:42:37 - [TEST_STEP][PASSED] - x = x.substring(i3, x.length()): null

18-11-2024T04:42:37 - [TEST_STEP][PASSED] - return x: null

18-11-2024T04:42:37 - [TEST_STEP][PASSED] - tableA = Script1719551244403.NewDZO(x = tableA): null

18-11-2024T04:42:37 - [TEST_STEP][PASSED] - i3 = <not implemented yet for class: org.codehaus.groovy.ast.expr.EmptyExpression>: null

18-11-2024T04:42:37 - [TEST_STEP][PASSED] - i3 = x.indexOf("/") + 1: null

18-11-2024T04:42:37 - [TEST_STEP][PASSED] - x = x.substring(i3, x.length()): null

18-11-2024T04:42:37 - [TEST_STEP][PASSED] - return x: null

18-11-2024T04:42:37 - [TEST_STEP][PASSED] - tableA = Script1719551244403.NewDZO(x = tableA): null

18-11-2024T04:42:37 - [TEST_STEP][PASSED] - i3 = <not implemented yet for class: org.codehaus.groovy.ast.expr.EmptyExpression>: null

18-11-2024T04:42:37 - [TEST_STEP][PASSED] - i3 = x.indexOf("/") + 1: null

18-11-2024T04:42:37 - [TEST_STEP][PASSED] - x = x.substring(i3, x.length()): null

18-11-2024T04:42:37 - [TEST_STEP][PASSED] - return x: null

18-11-2024T04:42:37 - [TEST_STEP][PASSED] - tableA = Script1719551244403.NewDZO(x = tableA): null

18-11-2024T04:42:37 - [TEST_STEP][PASSED] - i3 = <not implemented yet for class: org.codehaus.groovy.ast.expr.EmptyExpression>: null

18-11-2024T04:42:37 - [TEST_STEP][PASSED] - i3 = x.indexOf("/") + 1: null

18-11-2024T04:42:37 - [TEST_STEP][PASSED] - x = x.substring(i3, x.length()): null

18-11-2024T04:42:37 - [TEST_STEP][PASSED] - return x: null

18-11-2024T04:42:37 - [TEST_STEP][PASSED] - i = tableA.indexOf("Юг"): null

18-11-2024T04:42:37 - [TEST_STEP][PASSED] - CiPA = replaceAll("\p{P}", "").trim(): null

18-11-2024T04:42:37 - [TEST_STEP][PASSED] - println("CiPA: " + CiPA): null

18-11-2024T04:42:37 - [TEST_STEP][PASSED] - for ([i = 1, i < 10, (i++)]): null

18-11-2024T04:42:37 - [TEST_STEP][PASSED] - tableA = Script1719551244403.NewDZO(x = tableA): null

18-11-2024T04:42:37 - [TEST_STEP][PASSED] - i3 = <not implemented yet for class: org.codehaus.groovy.ast.expr.EmptyExpression>: null

18-11-2024T04:42:37 - [TEST_STEP][PASSED] - i3 = x.indexOf("/") + 1: null

18-11-2024T04:42:37 - [TEST_STEP][PASSED] - x = x.substring(i3, x.length()): null

18-11-2024T04:42:37 - [TEST_STEP][PASSED] - return x: null

18-11-2024T04:42:37 - [TEST_STEP][PASSED] - tableA = Script1719551244403.NewDZO(x = tableA): null

18-11-2024T04:42:37 - [TEST_STEP][PASSED] - i3 = <not implemented yet for class: org.codehaus.groovy.ast.expr.EmptyExpression>: null

18-11-2024T04:42:37 - [TEST_STEP][PASSED] - i3 = x.indexOf("/") + 1: null

18-11-2024T04:42:37 - [TEST_STEP][PASSED] - x = x.substring(i3, x.length()): null

18-11-2024T04:42:37 - [TEST_STEP][PASSED] - return x: null

18-11-2024T04:42:37 - [TEST_STEP][PASSED] - tableA = Script1719551244403.NewDZO(x = tableA): null

18-11-2024T04:42:37 - [TEST_STEP][PASSED] - i3 = <not implemented yet for class: org.codehaus.groovy.ast.expr.EmptyExpression>: null

18-11-2024T04:42:37 - [TEST_STEP][PASSED] - i3 = x.indexOf("/") + 1: null

18-11-2024T04:42:37 - [TEST_STEP][PASSED] - x = x.substring(i3, x.length()): null

18-11-2024T04:42:37 - [TEST_STEP][PASSED] - return x: null

18-11-2024T04:42:37 - [TEST_STEP][PASSED] - tableA = Script1719551244403.NewDZO(x = tableA): null

18-11-2024T04:42:37 - [TEST_STEP][PASSED] - i3 = <not implemented yet for class: org.codehaus.groovy.ast.expr.EmptyExpression>: null

18-11-2024T04:42:37 - [TEST_STEP][PASSED] - i3 = x.indexOf("/") + 1: null

18-11-2024T04:42:37 - [TEST_STEP][PASSED] - x = x.substring(i3, x.length()): null

18-11-2024T04:42:37 - [TEST_STEP][PASSED] - return x: null

18-11-2024T04:42:37 - [TEST_STEP][PASSED] - tableA = Script1719551244403.NewDZO(x = tableA): null

18-11-2024T04:42:37 - [TEST_STEP][PASSED] - i3 = <not implemented yet for class: org.codehaus.groovy.ast.expr.EmptyExpression>: null

18-11-2024T04:42:37 - [TEST_STEP][PASSED] - i3 = x.indexOf("/") + 1: null

18-11-2024T04:42:37 - [TEST_STEP][PASSED] - x = x.substring(i3, x.length()): null

18-11-2024T04:42:37 - [TEST_STEP][PASSED] - return x: null

18-11-2024T04:42:37 - [TEST_STEP][PASSED] - tableA = Script1719551244403.NewDZO(x = tableA): null

18-11-2024T04:42:37 - [TEST_STEP][PASSED] - i3 = <not implemented yet for class: org.codehaus.groovy.ast.expr.EmptyExpression>: null

18-11-2024T04:42:37 - [TEST_STEP][PASSED] - i3 = x.indexOf("/") + 1: null

18-11-2024T04:42:37 - [TEST_STEP][PASSED] - x = x.substring(i3, x.length()): null

18-11-2024T04:42:37 - [TEST_STEP][PASSED] - return x: null

18-11-2024T04:42:37 - [TEST_STEP][PASSED] - tableA = Script1719551244403.NewDZO(x = tableA): null

18-11-2024T04:42:37 - [TEST_STEP][PASSED] - i3 = <not implemented yet for class: org.codehaus.groovy.ast.expr.EmptyExpression>: null

18-11-2024T04:42:37 - [TEST_STEP][PASSED] - i3 = x.indexOf("/") + 1: null

18-11-2024T04:42:37 - [TEST_STEP][PASSED] - x = x.substring(i3, x.length()): null

18-11-2024T04:42:37 - [TEST_STEP][PASSED] - return x: null

18-11-2024T04:42:37 - [TEST_STEP][PASSED] - tableA = Script1719551244403.NewDZO(x = tableA): null

18-11-2024T04:42:37 - [TEST_STEP][PASSED] - i3 = <not implemented yet for class: org.codehaus.groovy.ast.expr.EmptyExpression>: null

18-11-2024T04:42:37 - [TEST_STEP][PASSED] - i3 = x.indexOf("/") + 1: null

18-11-2024T04:42:37 - [TEST_STEP][PASSED] - x = x.substring(i3, x.length()): null

18-11-2024T04:42:37 - [TEST_STEP][PASSED] - return x: null

18-11-2024T04:42:37 - [TEST_STEP][PASSED] - tableA = Script1719551244403.NewDZO(x = tableA): null

18-11-2024T04:42:37 - [TEST_STEP][PASSED] - i3 = <not implemented yet for class: org.codehaus.groovy.ast.expr.EmptyExpression>: null

18-11-2024T04:42:37 - [TEST_STEP][PASSED] - i3 = x.indexOf("/") + 1: null

18-11-2024T04:42:37 - [TEST_STEP][PASSED] - x = x.substring(i3, x.length()): null

18-11-2024T04:42:37 - [TEST_STEP][PASSED] - return x: null

18-11-2024T04:42:37 - [TEST_STEP][PASSED] - i = tableA.indexOf("Янтарь"): null

18-11-2024T04:42:37 - [TEST_STEP][PASSED] - UgA = replaceAll("\p{P}", "").trim(): null

18-11-2024T04:42:37 - [TEST_STEP][PASSED] - println("UgA: " + UgA): null

18-11-2024T04:42:37 - [TEST_STEP][PASSED] - i = tableA.lastIndexOf("/"): null

18-11-2024T04:42:37 - [TEST_STEP][PASSED] - YaA = replaceAll("\p{P}", "").trim(): null

18-11-2024T04:42:37 - [TEST_STEP][PASSED] - println("YaA: " + YaA): null

18-11-2024T04:42:37 - [TEST_STEP][PASSED] - delay(10): Delayed 10 second(s)

18-11-2024T04:42:47 - [MESSAGE][PASSED] - Delayed 10 second(s)

18-11-2024T04:42:47 - [TEST_STEP][PASSED] - navigateToUrl(findTestData("PlanFact").getValue(10, 11)): Navigate to 'https://bi.rosseti.digital/viewer?dashboardGuid=a1fd28b3785d443cbc4d7690a1d78e31&sheetGuid=d3a0ddec2e914cb380b20dca74903099&fit=true' successfully

18-11-2024T04:42:49 - [MESSAGE][PASSED] - Navigate to 'https://bi.rosseti.digital/viewer?dashboardGuid=a1fd28b3785d443cbc4d7690a1d78e31&sheetGuid=d3a0ddec2e914cb380b20dca74903099&fit=true' successfully

18-11-2024T04:42:49 - [TEST_STEP][PASSED] - b = <not implemented yet for class: org.codehaus.groovy.ast.expr.EmptyExpression>: null

18-11-2024T04:42:49 - [TEST_STEP][PASSED] - b1 = <not implemented yet for class: org.codehaus.groovy.ast.expr.EmptyExpression>: null

18-11-2024T04:42:49 - [TEST_STEP][PASSED] - b2 = <not implemented yet for class: org.codehaus.groovy.ast.expr.EmptyExpression>: null

18-11-2024T04:42:49 - [TEST_STEP][PASSED] - click(findTestObject("Факторный анализ/Фильтр Дата Выручка")): Object: 'Object Repository/Факторный анализ/Фильтр Дата Выручка' is clicked on

18-11-2024T04:43:06 - [MESSAGE][PASSED] - Object: 'Object Repository/Факторный анализ/Фильтр Дата Выручка' is clicked on

18-11-2024T04:43:06 - [TEST_STEP][PASSED] - click(findTestObject("Факторный анализ/Снять выделение в фильтре Дата Выручка")): Object: 'Object Repository/Факторный анализ/Снять выделение в фильтре Дата Выручка' is clicked on

18-11-2024T04:43:07 - [MESSAGE][PASSED] - Object: 'Object Repository/Факторный анализ/Снять выделение в фильтре Дата Выручка' is clicked on

18-11-2024T04:43:07 - [TEST_STEP][PASSED] - click(findTestObject("Факторный анализ/Применить в фильтре Дата Выручка")): Object: 'Object Repository/Факторный анализ/Применить в фильтре Дата Выручка' is clicked on

18-11-2024T04:43:07 - [MESSAGE][PASSED] - Object: 'Object Repository/Факторный анализ/Применить в фильтре Дата Выручка' is clicked on

18-11-2024T04:43:07 - [TEST_STEP][PASSED] - delay(10): Delayed 10 second(s)

18-11-2024T04:43:17 - [MESSAGE][PASSED] - Delayed 10 second(s)

18-11-2024T04:43:17 - [TEST_STEP][PASSED] - click(findTestObject("Факторный анализ/Фильтр Дата Выручка")): Object: 'Object Repository/Факторный анализ/Фильтр Дата Выручка' is clicked on

18-11-2024T04:43:18 - [MESSAGE][PASSED] - Object: 'Object Repository/Факторный анализ/Фильтр Дата Выручка' is clicked on

18-11-2024T04:43:18 - [TEST_STEP][PASSED] - click(findTestObject("Факторный анализ/Снять выделение в фильтре Дата Выручка")): Object: 'Object Repository/Факторный анализ/Снять выделение в фильтре Дата Выручка' is clicked on

18-11-2024T04:43:18 - [MESSAGE][PASSED] - Object: 'Object Repository/Факторный анализ/Снять выделение в фильтре Дата Выручка' is clicked on

18-11-2024T04:43:18 - [TEST_STEP][PASSED] - scrollToElement(findTestObject("Факторный анализ/2024 список Выручка"), 30): Scroll to object 'Object Repository/Факторный анализ/2024 список Выручка' successfully

18-11-2024T04:43:19 - [MESSAGE][PASSED] - Scroll to object 'Object Repository/Факторный анализ/2024 список Выручка' successfully

18-11-2024T04:43:19 - [TEST_STEP][PASSED] - click(findTestObject("Факторный анализ/2024 список Выручка")): Object: 'Object Repository/Факторный анализ/2024 список Выручка' is clicked on

18-11-2024T04:43:19 - [MESSAGE][PASSED] - Object: 'Object Repository/Факторный анализ/2024 список Выручка' is clicked on

18-11-2024T04:43:19 - [TEST_STEP][PASSED] - scrollToElement(findTestObject("Факторный анализ/1 квартал 2024 выбрать Выручка"), 30): Scroll to object 'Object Repository/Факторный анализ/1 квартал 2024 выбрать Выручка' successfully

18-11-2024T04:43:20 - [MESSAGE][PASSED] - Scroll to object 'Object Repository/Факторный анализ/1 квартал 2024 выбрать Выручка' successfully

18-11-2024T04:43:20 - [TEST_STEP][PASSED] - click(findTestObject("Факторный анализ/1 квартал 2024 выбрать Выручка")): Object: 'Object Repository/Факторный анализ/1 квартал 2024 выбрать Выручка' is clicked on

18-11-2024T04:43:20 - [MESSAGE][PASSED] - Object: 'Object Repository/Факторный анализ/1 квартал 2024 выбрать Выручка' is clicked on

18-11-2024T04:43:20 - [TEST_STEP][PASSED] - scrollToElement(findTestObject("Факторный анализ/2 квартал 2024 выбрать Выручка"), 30): Scroll to object 'Object Repository/Факторный анализ/2 квартал 2024 выбрать Выручка' successfully

18-11-2024T04:43:20 - [MESSAGE][PASSED] - Scroll to object 'Object Repository/Факторный анализ/2 квартал 2024 выбрать Выручка' successfully

18-11-2024T04:43:20 - [TEST_STEP][PASSED] - click(findTestObject("Факторный анализ/2 квартал 2024 выбрать Выручка"), CONTINUE_ON_FAILURE): Object: 'Object Repository/Факторный анализ/2 квартал 2024 выбрать Выручка' is clicked on

18-11-2024T04:43:21 - [MESSAGE][PASSED] - Object: 'Object Repository/Факторный анализ/2 квартал 2024 выбрать Выручка' is clicked on

18-11-2024T04:43:21 - [TEST_STEP][PASSED] - click(findTestObject("Факторный анализ/3 квартал 2024 выбрать Выручка"), CONTINUE_ON_FAILURE): Object: 'Object Repository/Факторный анализ/3 квартал 2024 выбрать Выручка' is clicked on

18-11-2024T04:43:21 - [MESSAGE][PASSED] - Object: 'Object Repository/Факторный анализ/3 квартал 2024 выбрать Выручка' is clicked on

18-11-2024T04:43:21 - [TEST_STEP][PASSED] - scrollToElement(findTestObject("Факторный анализ/Заголовок дашборда Выручка"), 30): Scroll to object 'Object Repository/Факторный анализ/Заголовок дашборда Выручка' successfully

18-11-2024T04:43:22 - [MESSAGE][PASSED] - Scroll to object 'Object Repository/Факторный анализ/Заголовок дашборда Выручка' successfully

18-11-2024T04:43:22 - [TEST_STEP][PASSED] - click(findTestObject("Факторный анализ/Применить в фильтре Дата Выручка")): Object: 'Object Repository/Факторный анализ/Применить в фильтре Дата Выручка' is clicked on

18-11-2024T04:43:22 - [MESSAGE][PASSED] - Object: 'Object Repository/Факторный анализ/Применить в фильтре Дата Выручка' is clicked on

18-11-2024T04:43:22 - [TEST_STEP][PASSED] - if (run == 1): null

18-11-2024T04:43:22 - [TEST_STEP][PASSED] - else: null

18-11-2024T04:43:22 - [TEST_STEP][PASSED] - click(findTestObject("Факторный анализ/Переключить отображение с филиала на месяц")): Object: 'Object Repository/Факторный анализ/Переключить отображение с филиала на месяц' is clicked on

18-11-2024T04:43:25 - [MESSAGE][PASSED] - Object: 'Object Repository/Факторный анализ/Переключить отображение с филиала на месяц' is clicked on

18-11-2024T04:43:25 - [TEST_STEP][PASSED] - b1 = replaceAll("\s+", "").trim(): Text of object 'Object Repository/Факторный анализ/span1 Выручка' is: '-379 098'

18-11-2024T04:43:25 - [MESSAGE][PASSED] - Text of object 'Object Repository/Факторный анализ/span1 Выручка' is: '-379 098'

18-11-2024T04:43:25 - [TEST_STEP][PASSED] - b2 = replaceAll("\s+", "").trim(): Text of object 'Object Repository/Факторный анализ/span2 Выручка' is: '39 749'

18-11-2024T04:43:26 - [MESSAGE][PASSED] - Text of object 'Object Repository/Факторный анализ/span2 Выручка' is: '39 749'

18-11-2024T04:43:26 - [TEST_STEP][PASSED] - println("b1: " + b1): null

18-11-2024T04:43:26 - [TEST_STEP][PASSED] - println("b2: " + b2): null

18-11-2024T04:43:26 - [TEST_STEP][PASSED] - vidget = "Отклонения выручки по факторам": null

18-11-2024T04:43:26 - [TEST_STEP][PASSED] - DZO = "ПАО Россети": null

18-11-2024T04:43:26 - [TEST_STEP][PASSED] - typeOfData = "Отклонение (объём услуг)": null

18-11-2024T04:43:26 - [TEST_STEP][PASSED] - Script1719551244403.Compare(x = a1, y = b1, run, typeOfData, otobrajeniyeDannyh, todaysDate, vidget, DZO): null

18-11-2024T04:43:26 - [TEST_STEP][PASSED] - if (verifyEqual(x, y) == true): Actual object '-379098' and expected object '-379098' are equal

18-11-2024T04:43:26 - [MESSAGE][PASSED] - Actual object '-379098' and expected object '-379098' are equal

18-11-2024T04:43:26 - [TEST_STEP][PASSED] - typeOfData = "Отклонение (средний тариф)": null

18-11-2024T04:43:26 - [TEST_STEP][PASSED] - Script1719551244403.Compare(x = a2, y = b2, run, typeOfData, otobrajeniyeDannyh, todaysDate, vidget, DZO): null

18-11-2024T04:43:26 - [TEST_STEP][PASSED] - if (verifyEqual(x, y) == true): Actual object '39749' and expected object '39749' are equal

18-11-2024T04:43:26 - [MESSAGE][PASSED] - Actual object '39749' and expected object '39749' are equal

18-11-2024T04:43:26 - [TEST_STEP][PASSED] - tableB = getText(findTestObject("Факторный анализ/AllTable1 Выручка")).replaceAll("[\r?
|
]", "/"): Text of object 'Object Repository/Факторный анализ/AllTable1 Выручка' is: 'ДЗО
Филиал
Отклонение (объём услуг) филиал без Nan
Отклонение (средний тариф) филиал без Nan
АО «Тываэнерго» АО "Тываэнерго" 276 -37
АО «Чеченэнерго» АО «Чеченэнерго» 54 14
Россети Волга Мордовэнерго 169 -86
Оренбургэнерго 532 - 162
Пензаэнерго 259 -72
Самарские РС 395 -1 024
Саратовские РС 428 - 443
Ульяновские РС 231 - 201
Чувашэнерго - 126 126
Россети Кубань Кубаньэнерго 3 229 241
Россети Ленэнерго (ГК) Ленинградская область 1 191 598
г. Санкт-Петербург 2 106 -39
Россети Московский регион Московская область 4 566 - 535
г. Москва 2 812 57
Россети Северный Кавказ (ГК) Дагестанская энергосбытовая компания 0 0
Дагэнерго - 462 480
Ингушэнерго - 185 100
Каббалкэнерго 212 26
Карачаево-Черкесскэнерго 111 -9
Севкавказэнерго - 316 125
Ставропольэнерго 289 - 222
Россети Северо-Запад Архангельский филиал 63 -80
Вологодский филиал 229 -6
Карельский филиал -21 160
Мурманский филиал 102 64
Новгородский филиал 207 -40
Псковский филиал 146 -18
филиал в Республике Коми 10 23
Россети Сибирь (ГК) Алтайэнерго 275 275
Бурятэнерго -95 298
ГАЭС 114 -15
Красноярскэнерго 1 087 - 413
Кузбассэнерго-РЭС 329 205
Омскэнерго 127 - 112
Хакасэнерго 327 - 363
Читаэнерго -44 120
Россети Томск Томская распределительная компания 338 - 125
Россети Тюмень Россети Тюмень -3 853 - 459
Россети Урал (ГК) Пермэнерго 594 - 218
Свердловэнерго 805 233
Челябэнерго 973 - 671
Россети ФСК ЕЭС Итого по ФСК ЕЭС 8 044 -6 045
Россети Центр Белгородэнерго 299 111
Брянскэнерго 73 22
Воронежэнерго 602 133
Костромаэнерго 83 2
Курскэнерго 96 86
Липецкэнерго 731 - 322
Орелэнерго 148 -21
Смоленскэнерго 64 35
Тамбовэнерго 276 -4
Тверьэнерго 319 127
Ярэнерго 545 4
Россети Центр и Приволжье (ГК) Владимирэнерго 517 49
Ивэнерго 169 40
Калугаэнерго 558 -42
Кировэнерго 403 0
Мариэнерго 144 19
Нижновэнерго 658 231
Рязаньэнерго 259 47
Тулэнерго 733 - 209
Удмуртэнерго 294 3
Россети Юг (ГК) АО «ВМЭС» 153 41
Астраханьэнерго 73 90
Волгоградэнерго 392 - 310
Калмэнерго 58 -5
Ростовэнерго 779 44
Россети Янтарь Россети Янтарь 305 -28'

18-11-2024T04:43:26 - [MESSAGE][PASSED] - Text of object 'Object Repository/Факторный анализ/AllTable1 Выручка' is: 'ДЗО
Филиал
Отклонение (объём услуг) филиал без Nan
Отклонение (средний тариф) филиал без Nan
АО «Тываэнерго» АО "Тываэнерго" 276 -37
АО «Чеченэнерго» АО «Чеченэнерго» 54 14
Россети Волга Мордовэнерго 169 -86
Оренбургэнерго 532 - 162
Пензаэнерго 259 -72
Самарские РС 395 -1 024
Саратовские РС 428 - 443
Ульяновские РС 231 - 201
Чувашэнерго - 126 126
Россети Кубань Кубаньэнерго 3 229 241
Россети Ленэнерго (ГК) Ленинградская область 1 191 598
г. Санкт-Петербург 2 106 -39
Россети Московский регион Московская область 4 566 - 535
г. Москва 2 812 57
Россети Северный Кавказ (ГК) Дагестанская энергосбытовая компания 0 0
Дагэнерго - 462 480
Ингушэнерго - 185 100
Каббалкэнерго 212 26
Карачаево-Черкесскэнерго 111 -9
Севкавказэнерго - 316 125
Ставропольэнерго 289 - 222
Россети Северо-Запад Архангельский филиал 63 -80
Вологодский филиал 229 -6
Карельский филиал -21 160
Мурманский филиал 102 64
Новгородский филиал 207 -40
Псковский филиал 146 -18
филиал в Республике Коми 10 23
Россети Сибирь (ГК) Алтайэнерго 275 275
Бурятэнерго -95 298
ГАЭС 114 -15
Красноярскэнерго 1 087 - 413
Кузбассэнерго-РЭС 329 205
Омскэнерго 127 - 112
Хакасэнерго 327 - 363
Читаэнерго -44 120
Россети Томск Томская распределительная компания 338 - 125
Россети Тюмень Россети Тюмень -3 853 - 459
Россети Урал (ГК) Пермэнерго 594 - 218
Свердловэнерго 805 233
Челябэнерго 973 - 671
Россети ФСК ЕЭС Итого по ФСК ЕЭС 8 044 -6 045
Россети Центр Белгородэнерго 299 111
Брянскэнерго 73 22
Воронежэнерго 602 133
Костромаэнерго 83 2
Курскэнерго 96 86
Липецкэнерго 731 - 322
Орелэнерго 148 -21
Смоленскэнерго 64 35
Тамбовэнерго 276 -4
Тверьэнерго 319 127
Ярэнерго 545 4
Россети Центр и Приволжье (ГК) Владимирэнерго 517 49
Ивэнерго 169 40
Калугаэнерго 558 -42
Кировэнерго 403 0
Мариэнерго 144 19
Нижновэнерго 658 231
Рязаньэнерго 259 47
Тулэнерго 733 - 209
Удмуртэнерго 294 3
Россети Юг (ГК) АО «ВМЭС» 153 41
Астраханьэнерго 73 90
Волгоградэнерго 392 - 310
Калмэнерго 58 -5
Ростовэнерго 779 44
Россети Янтарь Россети Янтарь 305 -28'

18-11-2024T04:43:26 - [TEST_STEP][PASSED] - println("tableB: " + tableB): null

18-11-2024T04:43:26 - [TEST_STEP][PASSED] - for ([i = 1, i < 5, (i++)]): null

18-11-2024T04:43:26 - [TEST_STEP][PASSED] - ii = tableB.indexOf("/") + 1: null

18-11-2024T04:43:26 - [TEST_STEP][PASSED] - tableB = tableB.substring(ii, tableB.length()): null

18-11-2024T04:43:26 - [TEST_STEP][PASSED] - ii = tableB.indexOf("/") + 1: null

18-11-2024T04:43:26 - [TEST_STEP][PASSED] - tableB = tableB.substring(ii, tableB.length()): null

18-11-2024T04:43:26 - [TEST_STEP][PASSED] - ii = tableB.indexOf("/") + 1: null

18-11-2024T04:43:26 - [TEST_STEP][PASSED] - tableB = tableB.substring(ii, tableB.length()): null

18-11-2024T04:43:26 - [TEST_STEP][PASSED] - ii = tableB.indexOf("/") + 1: null

18-11-2024T04:43:26 - [TEST_STEP][PASSED] - tableB = tableB.substring(ii, tableB.length()): null

18-11-2024T04:43:26 - [TEST_STEP][PASSED] - println("tableB: " + tableB): null

18-11-2024T04:43:26 - [TEST_STEP][PASSED] - TyB = Script1719551244403.GetData(x = tableB): null

18-11-2024T04:43:26 - [TEST_STEP][PASSED] - i2 = <not implemented yet for class: org.codehaus.groovy.ast.expr.EmptyExpression>: null

18-11-2024T04:43:26 - [TEST_STEP][PASSED] - i2 = x.indexOf("/") + 1: null

18-11-2024T04:43:26 - [TEST_STEP][PASSED] - x = replaceAll("\p{P}", "").trim(): null

18-11-2024T04:43:26 - [TEST_STEP][PASSED] - return x: null

18-11-2024T04:43:26 - [TEST_STEP][PASSED] - println("TyB: " + TyB): null

18-11-2024T04:43:26 - [TEST_STEP][PASSED] - tableB = Script1719551244403.NewDZO(x = tableB): null

18-11-2024T04:43:26 - [TEST_STEP][PASSED] - i3 = <not implemented yet for class: org.codehaus.groovy.ast.expr.EmptyExpression>: null

18-11-2024T04:43:26 - [TEST_STEP][PASSED] - i3 = x.indexOf("/") + 1: null

18-11-2024T04:43:26 - [TEST_STEP][PASSED] - x = x.substring(i3, x.length()): null

18-11-2024T04:43:26 - [TEST_STEP][PASSED] - return x: null

18-11-2024T04:43:26 - [TEST_STEP][PASSED] - ChB = Script1719551244403.GetData(x = tableB): null

18-11-2024T04:43:26 - [TEST_STEP][PASSED] - i2 = <not implemented yet for class: org.codehaus.groovy.ast.expr.EmptyExpression>: null

18-11-2024T04:43:26 - [TEST_STEP][PASSED] - i2 = x.indexOf("/") + 1: null

18-11-2024T04:43:26 - [TEST_STEP][PASSED] - x = replaceAll("\p{P}", "").trim(): null

18-11-2024T04:43:26 - [TEST_STEP][PASSED] - return x: null

18-11-2024T04:43:26 - [TEST_STEP][PASSED] - println("ChB: " + ChB): null

18-11-2024T04:43:26 - [TEST_STEP][PASSED] - tableB = Script1719551244403.NewDZO(x = tableB): null

18-11-2024T04:43:26 - [TEST_STEP][PASSED] - i3 = <not implemented yet for class: org.codehaus.groovy.ast.expr.EmptyExpression>: null

18-11-2024T04:43:26 - [TEST_STEP][PASSED] - i3 = x.indexOf("/") + 1: null

18-11-2024T04:43:26 - [TEST_STEP][PASSED] - x = x.substring(i3, x.length()): null

18-11-2024T04:43:26 - [TEST_STEP][PASSED] - return x: null

18-11-2024T04:43:26 - [TEST_STEP][PASSED] - i = tableB.indexOf("Кубань"): null

18-11-2024T04:43:26 - [TEST_STEP][PASSED] - VB = replaceAll("\p{P}", "").trim(): null

18-11-2024T04:43:26 - [TEST_STEP][PASSED] - println("VB: " + VB): null

18-11-2024T04:43:26 - [TEST_STEP][PASSED] - for ([i = 1, i < 8, (i++)]): null

18-11-2024T04:43:26 - [TEST_STEP][PASSED] - tableB = Script1719551244403.NewDZO(x = tableB): null

18-11-2024T04:43:26 - [TEST_STEP][PASSED] - i3 = <not implemented yet for class: org.codehaus.groovy.ast.expr.EmptyExpression>: null

18-11-2024T04:43:26 - [TEST_STEP][PASSED] - i3 = x.indexOf("/") + 1: null

18-11-2024T04:43:26 - [TEST_STEP][PASSED] - x = x.substring(i3, x.length()): null

18-11-2024T04:43:26 - [TEST_STEP][PASSED] - return x: null

18-11-2024T04:43:26 - [TEST_STEP][PASSED] - tableB = Script1719551244403.NewDZO(x = tableB): null

18-11-2024T04:43:26 - [TEST_STEP][PASSED] - i3 = <not implemented yet for class: org.codehaus.groovy.ast.expr.EmptyExpression>: null

18-11-2024T04:43:26 - [TEST_STEP][PASSED] - i3 = x.indexOf("/") + 1: null

18-11-2024T04:43:26 - [TEST_STEP][PASSED] - x = x.substring(i3, x.length()): null

18-11-2024T04:43:26 - [TEST_STEP][PASSED] - return x: null

18-11-2024T04:43:26 - [TEST_STEP][PASSED] - tableB = Script1719551244403.NewDZO(x = tableB): null

18-11-2024T04:43:26 - [TEST_STEP][PASSED] - i3 = <not implemented yet for class: org.codehaus.groovy.ast.expr.EmptyExpression>: null

18-11-2024T04:43:26 - [TEST_STEP][PASSED] - i3 = x.indexOf("/") + 1: null

18-11-2024T04:43:26 - [TEST_STEP][PASSED] - x = x.substring(i3, x.length()): null

18-11-2024T04:43:26 - [TEST_STEP][PASSED] - return x: null

18-11-2024T04:43:26 - [TEST_STEP][PASSED] - tableB = Script1719551244403.NewDZO(x = tableB): null

18-11-2024T04:43:26 - [TEST_STEP][PASSED] - i3 = <not implemented yet for class: org.codehaus.groovy.ast.expr.EmptyExpression>: null

18-11-2024T04:43:26 - [TEST_STEP][PASSED] - i3 = x.indexOf("/") + 1: null

18-11-2024T04:43:26 - [TEST_STEP][PASSED] - x = x.substring(i3, x.length()): null

18-11-2024T04:43:26 - [TEST_STEP][PASSED] - return x: null

18-11-2024T04:43:26 - [TEST_STEP][PASSED] - tableB = Script1719551244403.NewDZO(x = tableB): null

18-11-2024T04:43:26 - [TEST_STEP][PASSED] - i3 = <not implemented yet for class: org.codehaus.groovy.ast.expr.EmptyExpression>: null

18-11-2024T04:43:26 - [TEST_STEP][PASSED] - i3 = x.indexOf("/") + 1: null

18-11-2024T04:43:26 - [TEST_STEP][PASSED] - x = x.substring(i3, x.length()): null

18-11-2024T04:43:26 - [TEST_STEP][PASSED] - return x: null

18-11-2024T04:43:26 - [TEST_STEP][PASSED] - tableB = Script1719551244403.NewDZO(x = tableB): null

18-11-2024T04:43:26 - [TEST_STEP][PASSED] - i3 = <not implemented yet for class: org.codehaus.groovy.ast.expr.EmptyExpression>: null

18-11-2024T04:43:26 - [TEST_STEP][PASSED] - i3 = x.indexOf("/") + 1: null

18-11-2024T04:43:26 - [TEST_STEP][PASSED] - x = x.substring(i3, x.length()): null

18-11-2024T04:43:26 - [TEST_STEP][PASSED] - return x: null

18-11-2024T04:43:26 - [TEST_STEP][PASSED] - tableB = Script1719551244403.NewDZO(x = tableB): null

18-11-2024T04:43:26 - [TEST_STEP][PASSED] - i3 = <not implemented yet for class: org.codehaus.groovy.ast.expr.EmptyExpression>: null

18-11-2024T04:43:26 - [TEST_STEP][PASSED] - i3 = x.indexOf("/") + 1: null

18-11-2024T04:43:26 - [TEST_STEP][PASSED] - x = x.substring(i3, x.length()): null

18-11-2024T04:43:26 - [TEST_STEP][PASSED] - return x: null

18-11-2024T04:43:26 - [TEST_STEP][PASSED] - i = tableB.indexOf("Ленэнерго"): null

18-11-2024T04:43:26 - [TEST_STEP][PASSED] - KuB = Script1719551244403.GetData(x = tableB): null

18-11-2024T04:43:26 - [TEST_STEP][PASSED] - i2 = <not implemented yet for class: org.codehaus.groovy.ast.expr.EmptyExpression>: null

18-11-2024T04:43:26 - [TEST_STEP][PASSED] - i2 = x.indexOf("/") + 1: null

18-11-2024T04:43:26 - [TEST_STEP][PASSED] - x = replaceAll("\p{P}", "").trim(): null

18-11-2024T04:43:26 - [TEST_STEP][PASSED] - return x: null

18-11-2024T04:43:26 - [TEST_STEP][PASSED] - println("KuB: " + KuB): null

18-11-2024T04:43:26 - [TEST_STEP][PASSED] - tableB = Script1719551244403.NewDZO(x = tableB): null

18-11-2024T04:43:26 - [TEST_STEP][PASSED] - i3 = <not implemented yet for class: org.codehaus.groovy.ast.expr.EmptyExpression>: null

18-11-2024T04:43:26 - [TEST_STEP][PASSED] - i3 = x.indexOf("/") + 1: null

18-11-2024T04:43:26 - [TEST_STEP][PASSED] - x = x.substring(i3, x.length()): null

18-11-2024T04:43:26 - [TEST_STEP][PASSED] - return x: null

18-11-2024T04:43:26 - [TEST_STEP][PASSED] - i = tableB.indexOf("Московский"): null

18-11-2024T04:43:26 - [TEST_STEP][PASSED] - LenB = replaceAll("\p{P}", "").trim(): null

18-11-2024T04:43:26 - [TEST_STEP][PASSED] - println("LenB: " + LenB): null

18-11-2024T04:43:26 - [TEST_STEP][PASSED] - tableB = Script1719551244403.NewDZO(x = tableB): null

18-11-2024T04:43:26 - [TEST_STEP][PASSED] - i3 = <not implemented yet for class: org.codehaus.groovy.ast.expr.EmptyExpression>: null

18-11-2024T04:43:26 - [TEST_STEP][PASSED] - i3 = x.indexOf("/") + 1: null

18-11-2024T04:43:26 - [TEST_STEP][PASSED] - x = x.substring(i3, x.length()): null

18-11-2024T04:43:26 - [TEST_STEP][PASSED] - return x: null

18-11-2024T04:43:26 - [TEST_STEP][PASSED] - tableB = Script1719551244403.NewDZO(x = tableB): null

18-11-2024T04:43:26 - [TEST_STEP][PASSED] - i3 = <not implemented yet for class: org.codehaus.groovy.ast.expr.EmptyExpression>: null

18-11-2024T04:43:26 - [TEST_STEP][PASSED] - i3 = x.indexOf("/") + 1: null

18-11-2024T04:43:26 - [TEST_STEP][PASSED] - x = x.substring(i3, x.length()): null

18-11-2024T04:43:26 - [TEST_STEP][PASSED] - return x: null

18-11-2024T04:43:26 - [TEST_STEP][PASSED] - i = tableB.indexOf("Кавказ"): null

18-11-2024T04:43:26 - [TEST_STEP][PASSED] - MosB = replaceAll("\p{P}", "").trim(): null

18-11-2024T04:43:26 - [TEST_STEP][PASSED] - println("MosB: " + MosB): null

18-11-2024T04:43:26 - [TEST_STEP][PASSED] - for ([i = 1, i < 3, (i++)]): null

18-11-2024T04:43:26 - [TEST_STEP][PASSED] - tableB = Script1719551244403.NewDZO(x = tableB): null

18-11-2024T04:43:26 - [TEST_STEP][PASSED] - i3 = <not implemented yet for class: org.codehaus.groovy.ast.expr.EmptyExpression>: null

18-11-2024T04:43:26 - [TEST_STEP][PASSED] - i3 = x.indexOf("/") + 1: null

18-11-2024T04:43:26 - [TEST_STEP][PASSED] - x = x.substring(i3, x.length()): null

18-11-2024T04:43:26 - [TEST_STEP][PASSED] - return x: null

18-11-2024T04:43:26 - [TEST_STEP][PASSED] - tableB = Script1719551244403.NewDZO(x = tableB): null

18-11-2024T04:43:26 - [TEST_STEP][PASSED] - i3 = <not implemented yet for class: org.codehaus.groovy.ast.expr.EmptyExpression>: null

18-11-2024T04:43:26 - [TEST_STEP][PASSED] - i3 = x.indexOf("/") + 1: null

18-11-2024T04:43:26 - [TEST_STEP][PASSED] - x = x.substring(i3, x.length()): null

18-11-2024T04:43:26 - [TEST_STEP][PASSED] - return x: null

18-11-2024T04:43:26 - [TEST_STEP][PASSED] - i = tableB.indexOf("Запад"): null

18-11-2024T04:43:26 - [TEST_STEP][PASSED] - SKB = replaceAll("\p{P}", "").trim(): null

18-11-2024T04:43:26 - [TEST_STEP][PASSED] - println("SKB: " + SKB): null

18-11-2024T04:43:26 - [TEST_STEP][PASSED] - for ([i = 1, i < 7, (i++)]): null

18-11-2024T04:43:26 - [TEST_STEP][PASSED] - tableB = Script1719551244403.NewDZO(x = tableB): null

18-11-2024T04:43:26 - [TEST_STEP][PASSED] - i3 = <not implemented yet for class: org.codehaus.groovy.ast.expr.EmptyExpression>: null

18-11-2024T04:43:26 - [TEST_STEP][PASSED] - i3 = x.indexOf("/") + 1: null

18-11-2024T04:43:26 - [TEST_STEP][PASSED] - x = x.substring(i3, x.length()): null

18-11-2024T04:43:26 - [TEST_STEP][PASSED] - return x: null

18-11-2024T04:43:26 - [TEST_STEP][PASSED] - tableB = Script1719551244403.NewDZO(x = tableB): null

18-11-2024T04:43:26 - [TEST_STEP][PASSED] - i3 = <not implemented yet for class: org.codehaus.groovy.ast.expr.EmptyExpression>: null

18-11-2024T04:43:26 - [TEST_STEP][PASSED] - i3 = x.indexOf("/") + 1: null

18-11-2024T04:43:26 - [TEST_STEP][PASSED] - x = x.substring(i3, x.length()): null

18-11-2024T04:43:26 - [TEST_STEP][PASSED] - return x: null

18-11-2024T04:43:26 - [TEST_STEP][PASSED] - tableB = Script1719551244403.NewDZO(x = tableB): null

18-11-2024T04:43:26 - [TEST_STEP][PASSED] - i3 = <not implemented yet for class: org.codehaus.groovy.ast.expr.EmptyExpression>: null

18-11-2024T04:43:26 - [TEST_STEP][PASSED] - i3 = x.indexOf("/") + 1: null

18-11-2024T04:43:26 - [TEST_STEP][PASSED] - x = x.substring(i3, x.length()): null

18-11-2024T04:43:26 - [TEST_STEP][PASSED] - return x: null

18-11-2024T04:43:26 - [TEST_STEP][PASSED] - tableB = Script1719551244403.NewDZO(x = tableB): null

18-11-2024T04:43:26 - [TEST_STEP][PASSED] - i3 = <not implemented yet for class: org.codehaus.groovy.ast.expr.EmptyExpression>: null

18-11-2024T04:43:26 - [TEST_STEP][PASSED] - i3 = x.indexOf("/") + 1: null

18-11-2024T04:43:26 - [TEST_STEP][PASSED] - x = x.substring(i3, x.length()): null

18-11-2024T04:43:26 - [TEST_STEP][PASSED] - return x: null

18-11-2024T04:43:26 - [TEST_STEP][PASSED] - tableB = Script1719551244403.NewDZO(x = tableB): null

18-11-2024T04:43:26 - [TEST_STEP][PASSED] - i3 = <not implemented yet for class: org.codehaus.groovy.ast.expr.EmptyExpression>: null

18-11-2024T04:43:26 - [TEST_STEP][PASSED] - i3 = x.indexOf("/") + 1: null

18-11-2024T04:43:26 - [TEST_STEP][PASSED] - x = x.substring(i3, x.length()): null

18-11-2024T04:43:26 - [TEST_STEP][PASSED] - return x: null

18-11-2024T04:43:26 - [TEST_STEP][PASSED] - tableB = Script1719551244403.NewDZO(x = tableB): null

18-11-2024T04:43:26 - [TEST_STEP][PASSED] - i3 = <not implemented yet for class: org.codehaus.groovy.ast.expr.EmptyExpression>: null

18-11-2024T04:43:26 - [TEST_STEP][PASSED] - i3 = x.indexOf("/") + 1: null

18-11-2024T04:43:26 - [TEST_STEP][PASSED] - x = x.substring(i3, x.length()): null

18-11-2024T04:43:26 - [TEST_STEP][PASSED] - return x: null

18-11-2024T04:43:26 - [TEST_STEP][PASSED] - i = tableB.indexOf("Сибирь"): null

18-11-2024T04:43:26 - [TEST_STEP][PASSED] - SZB = replaceAll("\p{P}", "").trim(): null

18-11-2024T04:43:26 - [TEST_STEP][PASSED] - println("SZB: " + SZB): null

18-11-2024T04:43:26 - [TEST_STEP][PASSED] - for ([i = 1, i < 8, (i++)]): null

18-11-2024T04:43:26 - [TEST_STEP][PASSED] - tableB = Script1719551244403.NewDZO(x = tableB): null

18-11-2024T04:43:26 - [TEST_STEP][PASSED] - i3 = <not implemented yet for class: org.codehaus.groovy.ast.expr.EmptyExpression>: null

18-11-2024T04:43:26 - [TEST_STEP][PASSED] - i3 = x.indexOf("/") + 1: null

18-11-2024T04:43:26 - [TEST_STEP][PASSED] - x = x.substring(i3, x.length()): null

18-11-2024T04:43:26 - [TEST_STEP][PASSED] - return x: null

18-11-2024T04:43:26 - [TEST_STEP][PASSED] - tableB = Script1719551244403.NewDZO(x = tableB): null

18-11-2024T04:43:26 - [TEST_STEP][PASSED] - i3 = <not implemented yet for class: org.codehaus.groovy.ast.expr.EmptyExpression>: null

18-11-2024T04:43:26 - [TEST_STEP][PASSED] - i3 = x.indexOf("/") + 1: null

18-11-2024T04:43:26 - [TEST_STEP][PASSED] - x = x.substring(i3, x.length()): null

18-11-2024T04:43:26 - [TEST_STEP][PASSED] - return x: null

18-11-2024T04:43:26 - [TEST_STEP][PASSED] - tableB = Script1719551244403.NewDZO(x = tableB): null

18-11-2024T04:43:26 - [TEST_STEP][PASSED] - i3 = <not implemented yet for class: org.codehaus.groovy.ast.expr.EmptyExpression>: null

18-11-2024T04:43:26 - [TEST_STEP][PASSED] - i3 = x.indexOf("/") + 1: null

18-11-2024T04:43:26 - [TEST_STEP][PASSED] - x = x.substring(i3, x.length()): null

18-11-2024T04:43:26 - [TEST_STEP][PASSED] - return x: null

18-11-2024T04:43:26 - [TEST_STEP][PASSED] - tableB = Script1719551244403.NewDZO(x = tableB): null

18-11-2024T04:43:26 - [TEST_STEP][PASSED] - i3 = <not implemented yet for class: org.codehaus.groovy.ast.expr.EmptyExpression>: null

18-11-2024T04:43:26 - [TEST_STEP][PASSED] - i3 = x.indexOf("/") + 1: null

18-11-2024T04:43:26 - [TEST_STEP][PASSED] - x = x.substring(i3, x.length()): null

18-11-2024T04:43:26 - [TEST_STEP][PASSED] - return x: null

18-11-2024T04:43:26 - [TEST_STEP][PASSED] - tableB = Script1719551244403.NewDZO(x = tableB): null

18-11-2024T04:43:26 - [TEST_STEP][PASSED] - i3 = <not implemented yet for class: org.codehaus.groovy.ast.expr.EmptyExpression>: null

18-11-2024T04:43:26 - [TEST_STEP][PASSED] - i3 = x.indexOf("/") + 1: null

18-11-2024T04:43:26 - [TEST_STEP][PASSED] - x = x.substring(i3, x.length()): null

18-11-2024T04:43:26 - [TEST_STEP][PASSED] - return x: null

18-11-2024T04:43:26 - [TEST_STEP][PASSED] - tableB = Script1719551244403.NewDZO(x = tableB): null

18-11-2024T04:43:26 - [TEST_STEP][PASSED] - i3 = <not implemented yet for class: org.codehaus.groovy.ast.expr.EmptyExpression>: null

18-11-2024T04:43:26 - [TEST_STEP][PASSED] - i3 = x.indexOf("/") + 1: null

18-11-2024T04:43:26 - [TEST_STEP][PASSED] - x = x.substring(i3, x.length()): null

18-11-2024T04:43:26 - [TEST_STEP][PASSED] - return x: null

18-11-2024T04:43:26 - [TEST_STEP][PASSED] - tableB = Script1719551244403.NewDZO(x = tableB): null

18-11-2024T04:43:26 - [TEST_STEP][PASSED] - i3 = <not implemented yet for class: org.codehaus.groovy.ast.expr.EmptyExpression>: null

18-11-2024T04:43:26 - [TEST_STEP][PASSED] - i3 = x.indexOf("/") + 1: null

18-11-2024T04:43:26 - [TEST_STEP][PASSED] - x = x.substring(i3, x.length()): null

18-11-2024T04:43:26 - [TEST_STEP][PASSED] - return x: null

18-11-2024T04:43:26 - [TEST_STEP][PASSED] - i = tableB.indexOf("Томск"): null

18-11-2024T04:43:26 - [TEST_STEP][PASSED] - SiB = replaceAll("\p{P}", "").trim(): null

18-11-2024T04:43:26 - [TEST_STEP][PASSED] - println("SiB: " + SiB): null

18-11-2024T04:43:26 - [TEST_STEP][PASSED] - for ([i = 1, i < 9, (i++)]): null

18-11-2024T04:43:26 - [TEST_STEP][PASSED] - tableB = Script1719551244403.NewDZO(x = tableB): null

18-11-2024T04:43:26 - [TEST_STEP][PASSED] - i3 = <not implemented yet for class: org.codehaus.groovy.ast.expr.EmptyExpression>: null

18-11-2024T04:43:26 - [TEST_STEP][PASSED] - i3 = x.indexOf("/") + 1: null

18-11-2024T04:43:26 - [TEST_STEP][PASSED] - x = x.substring(i3, x.length()): null

18-11-2024T04:43:26 - [TEST_STEP][PASSED] - return x: null

18-11-2024T04:43:26 - [TEST_STEP][PASSED] - tableB = Script1719551244403.NewDZO(x = tableB): null

18-11-2024T04:43:26 - [TEST_STEP][PASSED] - i3 = <not implemented yet for class: org.codehaus.groovy.ast.expr.EmptyExpression>: null

18-11-2024T04:43:26 - [TEST_STEP][PASSED] - i3 = x.indexOf("/") + 1: null

18-11-2024T04:43:26 - [TEST_STEP][PASSED] - x = x.substring(i3, x.length()): null

18-11-2024T04:43:26 - [TEST_STEP][PASSED] - return x: null

18-11-2024T04:43:26 - [TEST_STEP][PASSED] - tableB = Script1719551244403.NewDZO(x = tableB): null

18-11-2024T04:43:26 - [TEST_STEP][PASSED] - i3 = <not implemented yet for class: org.codehaus.groovy.ast.expr.EmptyExpression>: null

18-11-2024T04:43:26 - [TEST_STEP][PASSED] - i3 = x.indexOf("/") + 1: null

18-11-2024T04:43:26 - [TEST_STEP][PASSED] - x = x.substring(i3, x.length()): null

18-11-2024T04:43:26 - [TEST_STEP][PASSED] - return x: null

18-11-2024T04:43:26 - [TEST_STEP][PASSED] - tableB = Script1719551244403.NewDZO(x = tableB): null

18-11-2024T04:43:26 - [TEST_STEP][PASSED] - i3 = <not implemented yet for class: org.codehaus.groovy.ast.expr.EmptyExpression>: null

18-11-2024T04:43:26 - [TEST_STEP][PASSED] - i3 = x.indexOf("/") + 1: null

18-11-2024T04:43:26 - [TEST_STEP][PASSED] - x = x.substring(i3, x.length()): null

18-11-2024T04:43:26 - [TEST_STEP][PASSED] - return x: null

18-11-2024T04:43:26 - [TEST_STEP][PASSED] - tableB = Script1719551244403.NewDZO(x = tableB): null

18-11-2024T04:43:26 - [TEST_STEP][PASSED] - i3 = <not implemented yet for class: org.codehaus.groovy.ast.expr.EmptyExpression>: null

18-11-2024T04:43:26 - [TEST_STEP][PASSED] - i3 = x.indexOf("/") + 1: null

18-11-2024T04:43:26 - [TEST_STEP][PASSED] - x = x.substring(i3, x.length()): null

18-11-2024T04:43:26 - [TEST_STEP][PASSED] - return x: null

18-11-2024T04:43:26 - [TEST_STEP][PASSED] - tableB = Script1719551244403.NewDZO(x = tableB): null

18-11-2024T04:43:26 - [TEST_STEP][PASSED] - i3 = <not implemented yet for class: org.codehaus.groovy.ast.expr.EmptyExpression>: null

18-11-2024T04:43:26 - [TEST_STEP][PASSED] - i3 = x.indexOf("/") + 1: null

18-11-2024T04:43:26 - [TEST_STEP][PASSED] - x = x.substring(i3, x.length()): null

18-11-2024T04:43:26 - [TEST_STEP][PASSED] - return x: null

18-11-2024T04:43:26 - [TEST_STEP][PASSED] - tableB = Script1719551244403.NewDZO(x = tableB): null

18-11-2024T04:43:26 - [TEST_STEP][PASSED] - i3 = <not implemented yet for class: org.codehaus.groovy.ast.expr.EmptyExpression>: null

18-11-2024T04:43:26 - [TEST_STEP][PASSED] - i3 = x.indexOf("/") + 1: null

18-11-2024T04:43:26 - [TEST_STEP][PASSED] - x = x.substring(i3, x.length()): null

18-11-2024T04:43:26 - [TEST_STEP][PASSED] - return x: null

18-11-2024T04:43:26 - [TEST_STEP][PASSED] - tableB = Script1719551244403.NewDZO(x = tableB): null

18-11-2024T04:43:26 - [TEST_STEP][PASSED] - i3 = <not implemented yet for class: org.codehaus.groovy.ast.expr.EmptyExpression>: null

18-11-2024T04:43:26 - [TEST_STEP][PASSED] - i3 = x.indexOf("/") + 1: null

18-11-2024T04:43:26 - [TEST_STEP][PASSED] - x = x.substring(i3, x.length()): null

18-11-2024T04:43:26 - [TEST_STEP][PASSED] - return x: null

18-11-2024T04:43:26 - [TEST_STEP][PASSED] - i = tableB.indexOf("Тюмень"): null

18-11-2024T04:43:26 - [TEST_STEP][PASSED] - ToB = replaceAll("\p{P}", "").trim(): null

18-11-2024T04:43:26 - [TEST_STEP][PASSED] - println("ToB: " + ToB): null

18-11-2024T04:43:26 - [TEST_STEP][PASSED] - tableB = Script1719551244403.NewDZO(x = tableB): null

18-11-2024T04:43:26 - [TEST_STEP][PASSED] - i3 = <not implemented yet for class: org.codehaus.groovy.ast.expr.EmptyExpression>: null

18-11-2024T04:43:26 - [TEST_STEP][PASSED] - i3 = x.indexOf("/") + 1: null

18-11-2024T04:43:26 - [TEST_STEP][PASSED] - x = x.substring(i3, x.length()): null

18-11-2024T04:43:26 - [TEST_STEP][PASSED] - return x: null

18-11-2024T04:43:26 - [TEST_STEP][PASSED] - TyuB = replaceAll("\p{P}", "").trim(): null

18-11-2024T04:43:26 - [TEST_STEP][PASSED] - println("TyuB: " + TyuB): null

18-11-2024T04:43:26 - [TEST_STEP][PASSED] - tableB = Script1719551244403.NewDZO(x = tableB): null

18-11-2024T04:43:26 - [TEST_STEP][PASSED] - i3 = <not implemented yet for class: org.codehaus.groovy.ast.expr.EmptyExpression>: null

18-11-2024T04:43:26 - [TEST_STEP][PASSED] - i3 = x.indexOf("/") + 1: null

18-11-2024T04:43:26 - [TEST_STEP][PASSED] - x = x.substring(i3, x.length()): null

18-11-2024T04:43:26 - [TEST_STEP][PASSED] - return x: null

18-11-2024T04:43:26 - [TEST_STEP][PASSED] - i = tableB.indexOf("ЕЭС"): null

18-11-2024T04:43:26 - [TEST_STEP][PASSED] - UrB = replaceAll("\p{P}", "").trim(): null

18-11-2024T04:43:26 - [TEST_STEP][PASSED] - println("UrB: " + UrB): null

18-11-2024T04:43:26 - [TEST_STEP][PASSED] - for ([i = 1, i < 4, (i++)]): null

18-11-2024T04:43:26 - [TEST_STEP][PASSED] - tableB = Script1719551244403.NewDZO(x = tableB): null

18-11-2024T04:43:26 - [TEST_STEP][PASSED] - i3 = <not implemented yet for class: org.codehaus.groovy.ast.expr.EmptyExpression>: null

18-11-2024T04:43:26 - [TEST_STEP][PASSED] - i3 = x.indexOf("/") + 1: null

18-11-2024T04:43:26 - [TEST_STEP][PASSED] - x = x.substring(i3, x.length()): null

18-11-2024T04:43:26 - [TEST_STEP][PASSED] - return x: null

18-11-2024T04:43:26 - [TEST_STEP][PASSED] - tableB = Script1719551244403.NewDZO(x = tableB): null

18-11-2024T04:43:26 - [TEST_STEP][PASSED] - i3 = <not implemented yet for class: org.codehaus.groovy.ast.expr.EmptyExpression>: null

18-11-2024T04:43:26 - [TEST_STEP][PASSED] - i3 = x.indexOf("/") + 1: null

18-11-2024T04:43:26 - [TEST_STEP][PASSED] - x = x.substring(i3, x.length()): null

18-11-2024T04:43:26 - [TEST_STEP][PASSED] - return x: null

18-11-2024T04:43:26 - [TEST_STEP][PASSED] - tableB = Script1719551244403.NewDZO(x = tableB): null

18-11-2024T04:43:26 - [TEST_STEP][PASSED] - i3 = <not implemented yet for class: org.codehaus.groovy.ast.expr.EmptyExpression>: null

18-11-2024T04:43:26 - [TEST_STEP][PASSED] - i3 = x.indexOf("/") + 1: null

18-11-2024T04:43:26 - [TEST_STEP][PASSED] - x = x.substring(i3, x.length()): null

18-11-2024T04:43:26 - [TEST_STEP][PASSED] - return x: null

18-11-2024T04:43:26 - [TEST_STEP][PASSED] - i = tableB.indexOf("Центр"): null

18-11-2024T04:43:26 - [TEST_STEP][PASSED] - FSKB = replaceAll("\p{P}", "").trim(): null

18-11-2024T04:43:26 - [TEST_STEP][PASSED] - println("FSKB: " + FSKB): null

18-11-2024T04:43:26 - [TEST_STEP][PASSED] - tableB = Script1719551244403.NewDZO(x = tableB): null

18-11-2024T04:43:26 - [TEST_STEP][PASSED] - i3 = <not implemented yet for class: org.codehaus.groovy.ast.expr.EmptyExpression>: null

18-11-2024T04:43:26 - [TEST_STEP][PASSED] - i3 = x.indexOf("/") + 1: null

18-11-2024T04:43:26 - [TEST_STEP][PASSED] - x = x.substring(i3, x.length()): null

18-11-2024T04:43:26 - [TEST_STEP][PASSED] - return x: null

18-11-2024T04:43:26 - [TEST_STEP][PASSED] - i = tableB.indexOf("Приволжье"): null

18-11-2024T04:43:26 - [TEST_STEP][PASSED] - CenB = replaceAll("\p{P}", "").trim(): null

18-11-2024T04:43:26 - [TEST_STEP][PASSED] - println("CenB: " + CenB): null

18-11-2024T04:43:26 - [TEST_STEP][PASSED] - for ([i = 1, i < 12, (i++)]): null

18-11-2024T04:43:26 - [TEST_STEP][PASSED] - tableB = Script1719551244403.NewDZO(x = tableB): null

18-11-2024T04:43:26 - [TEST_STEP][PASSED] - i3 = <not implemented yet for class: org.codehaus.groovy.ast.expr.EmptyExpression>: null

18-11-2024T04:43:26 - [TEST_STEP][PASSED] - i3 = x.indexOf("/") + 1: null

18-11-2024T04:43:26 - [TEST_STEP][PASSED] - x = x.substring(i3, x.length()): null

18-11-2024T04:43:26 - [TEST_STEP][PASSED] - return x: null

18-11-2024T04:43:26 - [TEST_STEP][PASSED] - tableB = Script1719551244403.NewDZO(x = tableB): null

18-11-2024T04:43:26 - [TEST_STEP][PASSED] - i3 = <not implemented yet for class: org.codehaus.groovy.ast.expr.EmptyExpression>: null

18-11-2024T04:43:26 - [TEST_STEP][PASSED] - i3 = x.indexOf("/") + 1: null

18-11-2024T04:43:26 - [TEST_STEP][PASSED] - x = x.substring(i3, x.length()): null

18-11-2024T04:43:26 - [TEST_STEP][PASSED] - return x: null

18-11-2024T04:43:26 - [TEST_STEP][PASSED] - tableB = Script1719551244403.NewDZO(x = tableB): null

18-11-2024T04:43:26 - [TEST_STEP][PASSED] - i3 = <not implemented yet for class: org.codehaus.groovy.ast.expr.EmptyExpression>: null

18-11-2024T04:43:26 - [TEST_STEP][PASSED] - i3 = x.indexOf("/") + 1: null

18-11-2024T04:43:26 - [TEST_STEP][PASSED] - x = x.substring(i3, x.length()): null

18-11-2024T04:43:26 - [TEST_STEP][PASSED] - return x: null

18-11-2024T04:43:26 - [TEST_STEP][PASSED] - tableB = Script1719551244403.NewDZO(x = tableB): null

18-11-2024T04:43:26 - [TEST_STEP][PASSED] - i3 = <not implemented yet for class: org.codehaus.groovy.ast.expr.EmptyExpression>: null

18-11-2024T04:43:26 - [TEST_STEP][PASSED] - i3 = x.indexOf("/") + 1: null

18-11-2024T04:43:26 - [TEST_STEP][PASSED] - x = x.substring(i3, x.length()): null

18-11-2024T04:43:26 - [TEST_STEP][PASSED] - return x: null

18-11-2024T04:43:26 - [TEST_STEP][PASSED] - tableB = Script1719551244403.NewDZO(x = tableB): null

18-11-2024T04:43:26 - [TEST_STEP][PASSED] - i3 = <not implemented yet for class: org.codehaus.groovy.ast.expr.EmptyExpression>: null

18-11-2024T04:43:26 - [TEST_STEP][PASSED] - i3 = x.indexOf("/") + 1: null

18-11-2024T04:43:26 - [TEST_STEP][PASSED] - x = x.substring(i3, x.length()): null

18-11-2024T04:43:26 - [TEST_STEP][PASSED] - return x: null

18-11-2024T04:43:26 - [TEST_STEP][PASSED] - tableB = Script1719551244403.NewDZO(x = tableB): null

18-11-2024T04:43:26 - [TEST_STEP][PASSED] - i3 = <not implemented yet for class: org.codehaus.groovy.ast.expr.EmptyExpression>: null

18-11-2024T04:43:26 - [TEST_STEP][PASSED] - i3 = x.indexOf("/") + 1: null

18-11-2024T04:43:26 - [TEST_STEP][PASSED] - x = x.substring(i3, x.length()): null

18-11-2024T04:43:26 - [TEST_STEP][PASSED] - return x: null

18-11-2024T04:43:26 - [TEST_STEP][PASSED] - tableB = Script1719551244403.NewDZO(x = tableB): null

18-11-2024T04:43:26 - [TEST_STEP][PASSED] - i3 = <not implemented yet for class: org.codehaus.groovy.ast.expr.EmptyExpression>: null

18-11-2024T04:43:26 - [TEST_STEP][PASSED] - i3 = x.indexOf("/") + 1: null

18-11-2024T04:43:26 - [TEST_STEP][PASSED] - x = x.substring(i3, x.length()): null

18-11-2024T04:43:26 - [TEST_STEP][PASSED] - return x: null

18-11-2024T04:43:26 - [TEST_STEP][PASSED] - tableB = Script1719551244403.NewDZO(x = tableB): null

18-11-2024T04:43:26 - [TEST_STEP][PASSED] - i3 = <not implemented yet for class: org.codehaus.groovy.ast.expr.EmptyExpression>: null

18-11-2024T04:43:26 - [TEST_STEP][PASSED] - i3 = x.indexOf("/") + 1: null

18-11-2024T04:43:26 - [TEST_STEP][PASSED] - x = x.substring(i3, x.length()): null

18-11-2024T04:43:26 - [TEST_STEP][PASSED] - return x: null

18-11-2024T04:43:26 - [TEST_STEP][PASSED] - tableB = Script1719551244403.NewDZO(x = tableB): null

18-11-2024T04:43:26 - [TEST_STEP][PASSED] - i3 = <not implemented yet for class: org.codehaus.groovy.ast.expr.EmptyExpression>: null

18-11-2024T04:43:26 - [TEST_STEP][PASSED] - i3 = x.indexOf("/") + 1: null

18-11-2024T04:43:26 - [TEST_STEP][PASSED] - x = x.substring(i3, x.length()): null

18-11-2024T04:43:26 - [TEST_STEP][PASSED] - return x: null

18-11-2024T04:43:26 - [TEST_STEP][PASSED] - tableB = Script1719551244403.NewDZO(x = tableB): null

18-11-2024T04:43:26 - [TEST_STEP][PASSED] - i3 = <not implemented yet for class: org.codehaus.groovy.ast.expr.EmptyExpression>: null

18-11-2024T04:43:26 - [TEST_STEP][PASSED] - i3 = x.indexOf("/") + 1: null

18-11-2024T04:43:26 - [TEST_STEP][PASSED] - x = x.substring(i3, x.length()): null

18-11-2024T04:43:26 - [TEST_STEP][PASSED] - return x: null

18-11-2024T04:43:26 - [TEST_STEP][PASSED] - tableB = Script1719551244403.NewDZO(x = tableB): null

18-11-2024T04:43:26 - [TEST_STEP][PASSED] - i3 = <not implemented yet for class: org.codehaus.groovy.ast.expr.EmptyExpression>: null

18-11-2024T04:43:26 - [TEST_STEP][PASSED] - i3 = x.indexOf("/") + 1: null

18-11-2024T04:43:26 - [TEST_STEP][PASSED] - x = x.substring(i3, x.length()): null

18-11-2024T04:43:26 - [TEST_STEP][PASSED] - return x: null

18-11-2024T04:43:26 - [TEST_STEP][PASSED] - i = tableB.indexOf("Юг"): null

18-11-2024T04:43:26 - [TEST_STEP][PASSED] - CiPB = replaceAll("\p{P}", "").trim(): null

18-11-2024T04:43:26 - [TEST_STEP][PASSED] - println("CiPB: " + CiPB): null

18-11-2024T04:43:26 - [TEST_STEP][PASSED] - for ([i = 1, i < 10, (i++)]): null

18-11-2024T04:43:26 - [TEST_STEP][PASSED] - tableB = Script1719551244403.NewDZO(x = tableB): null

18-11-2024T04:43:26 - [TEST_STEP][PASSED] - i3 = <not implemented yet for class: org.codehaus.groovy.ast.expr.EmptyExpression>: null

18-11-2024T04:43:26 - [TEST_STEP][PASSED] - i3 = x.indexOf("/") + 1: null

18-11-2024T04:43:26 - [TEST_STEP][PASSED] - x = x.substring(i3, x.length()): null

18-11-2024T04:43:26 - [TEST_STEP][PASSED] - return x: null

18-11-2024T04:43:26 - [TEST_STEP][PASSED] - tableB = Script1719551244403.NewDZO(x = tableB): null

18-11-2024T04:43:26 - [TEST_STEP][PASSED] - i3 = <not implemented yet for class: org.codehaus.groovy.ast.expr.EmptyExpression>: null

18-11-2024T04:43:26 - [TEST_STEP][PASSED] - i3 = x.indexOf("/") + 1: null

18-11-2024T04:43:26 - [TEST_STEP][PASSED] - x = x.substring(i3, x.length()): null

18-11-2024T04:43:26 - [TEST_STEP][PASSED] - return x: null

18-11-2024T04:43:26 - [TEST_STEP][PASSED] - tableB = Script1719551244403.NewDZO(x = tableB): null

18-11-2024T04:43:26 - [TEST_STEP][PASSED] - i3 = <not implemented yet for class: org.codehaus.groovy.ast.expr.EmptyExpression>: null

18-11-2024T04:43:26 - [TEST_STEP][PASSED] - i3 = x.indexOf("/") + 1: null

18-11-2024T04:43:26 - [TEST_STEP][PASSED] - x = x.substring(i3, x.length()): null

18-11-2024T04:43:26 - [TEST_STEP][PASSED] - return x: null

18-11-2024T04:43:26 - [TEST_STEP][PASSED] - tableB = Script1719551244403.NewDZO(x = tableB): null

18-11-2024T04:43:26 - [TEST_STEP][PASSED] - i3 = <not implemented yet for class: org.codehaus.groovy.ast.expr.EmptyExpression>: null

18-11-2024T04:43:26 - [TEST_STEP][PASSED] - i3 = x.indexOf("/") + 1: null

18-11-2024T04:43:26 - [TEST_STEP][PASSED] - x = x.substring(i3, x.length()): null

18-11-2024T04:43:26 - [TEST_STEP][PASSED] - return x: null

18-11-2024T04:43:26 - [TEST_STEP][PASSED] - tableB = Script1719551244403.NewDZO(x = tableB): null

18-11-2024T04:43:26 - [TEST_STEP][PASSED] - i3 = <not implemented yet for class: org.codehaus.groovy.ast.expr.EmptyExpression>: null

18-11-2024T04:43:26 - [TEST_STEP][PASSED] - i3 = x.indexOf("/") + 1: null

18-11-2024T04:43:26 - [TEST_STEP][PASSED] - x = x.substring(i3, x.length()): null

18-11-2024T04:43:26 - [TEST_STEP][PASSED] - return x: null

18-11-2024T04:43:26 - [TEST_STEP][PASSED] - tableB = Script1719551244403.NewDZO(x = tableB): null

18-11-2024T04:43:26 - [TEST_STEP][PASSED] - i3 = <not implemented yet for class: org.codehaus.groovy.ast.expr.EmptyExpression>: null

18-11-2024T04:43:26 - [TEST_STEP][PASSED] - i3 = x.indexOf("/") + 1: null

18-11-2024T04:43:26 - [TEST_STEP][PASSED] - x = x.substring(i3, x.length()): null

18-11-2024T04:43:26 - [TEST_STEP][PASSED] - return x: null

18-11-2024T04:43:26 - [TEST_STEP][PASSED] - tableB = Script1719551244403.NewDZO(x = tableB): null

18-11-2024T04:43:26 - [TEST_STEP][PASSED] - i3 = <not implemented yet for class: org.codehaus.groovy.ast.expr.EmptyExpression>: null

18-11-2024T04:43:26 - [TEST_STEP][PASSED] - i3 = x.indexOf("/") + 1: null

18-11-2024T04:43:26 - [TEST_STEP][PASSED] - x = x.substring(i3, x.length()): null

18-11-2024T04:43:26 - [TEST_STEP][PASSED] - return x: null

18-11-2024T04:43:26 - [TEST_STEP][PASSED] - tableB = Script1719551244403.NewDZO(x = tableB): null

18-11-2024T04:43:26 - [TEST_STEP][PASSED] - i3 = <not implemented yet for class: org.codehaus.groovy.ast.expr.EmptyExpression>: null

18-11-2024T04:43:26 - [TEST_STEP][PASSED] - i3 = x.indexOf("/") + 1: null

18-11-2024T04:43:26 - [TEST_STEP][PASSED] - x = x.substring(i3, x.length()): null

18-11-2024T04:43:26 - [TEST_STEP][PASSED] - return x: null

18-11-2024T04:43:26 - [TEST_STEP][PASSED] - tableB = Script1719551244403.NewDZO(x = tableB): null

18-11-2024T04:43:26 - [TEST_STEP][PASSED] - i3 = <not implemented yet for class: org.codehaus.groovy.ast.expr.EmptyExpression>: null

18-11-2024T04:43:26 - [TEST_STEP][PASSED] - i3 = x.indexOf("/") + 1: null

18-11-2024T04:43:26 - [TEST_STEP][PASSED] - x = x.substring(i3, x.length()): null

18-11-2024T04:43:26 - [TEST_STEP][PASSED] - return x: null

18-11-2024T04:43:26 - [TEST_STEP][PASSED] - i = tableB.indexOf("Янтарь"): null

18-11-2024T04:43:26 - [TEST_STEP][PASSED] - UgB = replaceAll("\p{P}", "").trim(): null

18-11-2024T04:43:26 - [TEST_STEP][PASSED] - println("UgB: " + UgB): null

18-11-2024T04:43:26 - [TEST_STEP][PASSED] - i = tableB.lastIndexOf("/"): null

18-11-2024T04:43:26 - [TEST_STEP][PASSED] - YaB = replaceAll("\p{P}", "").trim(): null

18-11-2024T04:43:26 - [TEST_STEP][PASSED] - println("YaB: " + YaB): null

18-11-2024T04:43:26 - [TEST_STEP][PASSED] - vidget = "Отклонения выручки по факторам": null

18-11-2024T04:43:26 - [TEST_STEP][PASSED] - if (run == 2): null

18-11-2024T04:43:26 - [TEST_STEP][PASSED] - DZO = "АО «Тываэнерго»": null

18-11-2024T04:43:26 - [TEST_STEP][PASSED] - Script1719551244403.CompareDZO(x = TyA, y = TyB, run, typeOfData, otobrajeniyeDannyh, todaysDate, vidget, DZO): null

18-11-2024T04:43:26 - [TEST_STEP][PASSED] - x1 = x: null

18-11-2024T04:43:26 - [TEST_STEP][PASSED] - y1 = y: null

18-11-2024T04:43:26 - [TEST_STEP][PASSED] - i1 = <not implemented yet for class: org.codehaus.groovy.ast.expr.EmptyExpression>: null

18-11-2024T04:43:26 - [TEST_STEP][PASSED] - if (verifyEqual(x, y) == true): null

18-11-2024T04:43:26 - [MESSAGE][PASSED] - Actual object '276 37' and expected object '276 37' are equal

18-11-2024T04:43:26 - [TEST_STEP][PASSED] - DZO = "АО «Чеченэнерго»": null

18-11-2024T04:43:26 - [TEST_STEP][PASSED] - Script1719551244403.CompareDZO(x = ChA, y = ChB, run, typeOfData, otobrajeniyeDannyh, todaysDate, vidget, DZO): null

18-11-2024T04:43:26 - [TEST_STEP][PASSED] - x1 = x: null

18-11-2024T04:43:26 - [TEST_STEP][PASSED] - y1 = y: null

18-11-2024T04:43:26 - [TEST_STEP][PASSED] - i1 = <not implemented yet for class: org.codehaus.groovy.ast.expr.EmptyExpression>: null

18-11-2024T04:43:26 - [TEST_STEP][FAILED] - if (verifyEqual(x, y) == true): Unable to verify equal between actual object '3 339 14' and expected object '54 14' (Root cause: com.kms.katalon.core.exception.StepFailedException: Actual object '3 339 14' and expected object '54 14' are not equal
	at com.kms.katalon.core.keyword.builtin.VerifyEqualKeyword$_verifyEqual_closure1.doCall(VerifyEqualKeyword.groovy:58)
	at com.kms.katalon.core.keyword.builtin.VerifyEqualKeyword$_verifyEqual_closure1.call(VerifyEqualKeyword.groovy)
	at com.kms.katalon.core.keyword.internal.KeywordMain.runKeyword(KeywordMain.groovy:75)
	at com.kms.katalon.core.keyword.builtin.VerifyEqualKeyword.verifyEqual(VerifyEqualKeyword.groovy:63)
	at com.kms.katalon.core.keyword.builtin.VerifyEqualKeyword.execute(VerifyEqualKeyword.groovy:44)
	at com.kms.katalon.core.keyword.internal.KeywordExecutor.executeKeywordForPlatform(KeywordExecutor.groovy:74)
	at com.kms.katalon.core.keyword.BuiltinKeywords.verifyEqual(BuiltinKeywords.groovy:146)
	at jdk.internal.reflect.GeneratedMethodAccessor25.invoke(Unknown Source)
	at java.base/jdk.internal.reflect.DelegatingMethodAccessorImpl.invoke(DelegatingMethodAccessorImpl.java:43)
	at Факторный анализ сверка дашбордов.CompareDZO(Факторный анализ сверка дашбордов:679)
	at Факторный анализ сверка дашбордов.Test(Факторный анализ сверка дашбордов:593)
	at Факторный анализ сверка дашбордов.run(Факторный анализ сверка дашбордов:44)
	at com.kms.katalon.core.main.ScriptEngine.run(ScriptEngine.java:194)
	at com.kms.katalon.core.main.ScriptEngine.runScriptAsRawText(ScriptEngine.java:119)
	at com.kms.katalon.core.main.TestCaseExecutor.runScript(TestCaseExecutor.java:448)
	at com.kms.katalon.core.main.TestCaseExecutor.doExecute(TestCaseExecutor.java:439)
	at com.kms.katalon.core.main.TestCaseExecutor.processExecutionPhase(TestCaseExecutor.java:418)
	at com.kms.katalon.core.main.TestCaseExecutor.accessMainPhase(TestCaseExecutor.java:410)
	at com.kms.katalon.core.main.TestCaseExecutor.execute(TestCaseExecutor.java:285)
	at com.kms.katalon.core.common.CommonExecutor.accessTestCaseMainPhase(CommonExecutor.java:65)
	at com.kms.katalon.core.main.TestSuiteExecutor.accessTestSuiteMainPhase(TestSuiteExecutor.java:150)
	at com.kms.katalon.core.main.TestSuiteExecutor.execute(TestSuiteExecutor.java:106)
	at com.kms.katalon.core.main.TestCaseMain.startTestSuite(TestCaseMain.java:180)
	at TempTestSuite1731886967590.run(TempTestSuite1731886967590.groovy:35)
	at java.base/jdk.internal.reflect.NativeMethodAccessorImpl.invoke0(Native Method)
	at java.base/jdk.internal.reflect.NativeMethodAccessorImpl.invoke(NativeMethodAccessorImpl.java:77)
	at java.base/jdk.internal.reflect.DelegatingMethodAccessorImpl.invoke(DelegatingMethodAccessorImpl.java:43)
)

18-11-2024T04:43:26 - [MESSAGE][FAILED] - Unable to verify equal between actual object '3 339 14' and expected object '54 14' (Root cause: com.kms.katalon.core.exception.StepFailedException: Actual object '3 339 14' and expected object '54 14' are not equal
	at com.kms.katalon.core.keyword.builtin.VerifyEqualKeyword$_verifyEqual_closure1.doCall(VerifyEqualKeyword.groovy:58)
	at com.kms.katalon.core.keyword.builtin.VerifyEqualKeyword$_verifyEqual_closure1.call(VerifyEqualKeyword.groovy)
	at com.kms.katalon.core.keyword.internal.KeywordMain.runKeyword(KeywordMain.groovy:75)
	at com.kms.katalon.core.keyword.builtin.VerifyEqualKeyword.verifyEqual(VerifyEqualKeyword.groovy:63)
	at com.kms.katalon.core.keyword.builtin.VerifyEqualKeyword.execute(VerifyEqualKeyword.groovy:44)
	at com.kms.katalon.core.keyword.internal.KeywordExecutor.executeKeywordForPlatform(KeywordExecutor.groovy:74)
	at com.kms.katalon.core.keyword.BuiltinKeywords.verifyEqual(BuiltinKeywords.groovy:146)
	at jdk.internal.reflect.GeneratedMethodAccessor25.invoke(Unknown Source)
	at java.base/jdk.internal.reflect.DelegatingMethodAccessorImpl.invoke(DelegatingMethodAccessorImpl.java:43)
	at Факторный анализ сверка дашбордов.CompareDZO(Факторный анализ сверка дашбордов:679)
	at Факторный анализ сверка дашбордов.Test(Факторный анализ сверка дашбордов:593)
	at Факторный анализ сверка дашбордов.run(Факторный анализ сверка дашбордов:44)
	at com.kms.katalon.core.main.ScriptEngine.run(ScriptEngine.java:194)
	at com.kms.katalon.core.main.ScriptEngine.runScriptAsRawText(ScriptEngine.java:119)
	at com.kms.katalon.core.main.TestCaseExecutor.runScript(TestCaseExecutor.java:448)
	at com.kms.katalon.core.main.TestCaseExecutor.doExecute(TestCaseExecutor.java:439)
	at com.kms.katalon.core.main.TestCaseExecutor.processExecutionPhase(TestCaseExecutor.java:418)
	at com.kms.katalon.core.main.TestCaseExecutor.accessMainPhase(TestCaseExecutor.java:410)
	at com.kms.katalon.core.main.TestCaseExecutor.execute(TestCaseExecutor.java:285)
	at com.kms.katalon.core.common.CommonExecutor.accessTestCaseMainPhase(CommonExecutor.java:65)
	at com.kms.katalon.core.main.TestSuiteExecutor.accessTestSuiteMainPhase(TestSuiteExecutor.java:150)
	at com.kms.katalon.core.main.TestSuiteExecutor.execute(TestSuiteExecutor.java:106)
	at com.kms.katalon.core.main.TestCaseMain.startTestSuite(TestCaseMain.java:180)
	at TempTestSuite1731886967590.run(TempTestSuite1731886967590.groovy:35)
	at java.base/jdk.internal.reflect.NativeMethodAccessorImpl.invoke0(Native Method)
	at java.base/jdk.internal.reflect.NativeMethodAccessorImpl.invoke(NativeMethodAccessorImpl.java:77)
	at java.base/jdk.internal.reflect.DelegatingMethodAccessorImpl.invoke(DelegatingMethodAccessorImpl.java:43)
)

18-11-2024T04:43:26 - [TEST_STEP][PASSED] - else: null

18-11-2024T04:43:26 - [TEST_STEP][PASSED] - otobrajeniyeDannyh = "Все": null

18-11-2024T04:43:26 - [TEST_STEP][PASSED] - vidget = "Всего отклонения по факторам": null

18-11-2024T04:43:26 - [TEST_STEP][PASSED] - Script1719551244403.WriteToExcel(todaysDate, typeOfData, otobrajeniyeDannyh, x, y, vidget, DZO): null

18-11-2024T04:43:26 - [TEST_STEP][PASSED] - sheetName = "Sheet1": null

18-11-2024T04:43:26 - [TEST_STEP][PASSED] - data = findTestData("PlanFact"): null

18-11-2024T04:43:26 - [TEST_STEP][PASSED] - n = data.getRowNumbers() + 1: null

18-11-2024T04:43:26 - [TEST_STEP][PASSED] - period = getText(findTestObject("Факторный анализ/Фильтр Период")): Text of object 'Object Repository/Факторный анализ/Фильтр Период' is: '1, 2, 3 кв. 2024 года'

18-11-2024T04:43:26 - [MESSAGE][PASSED] - Text of object 'Object Repository/Факторный анализ/Фильтр Период' is: '1, 2, 3 кв. 2024 года'

18-11-2024T04:43:26 - [TEST_STEP][PASSED] - println(period): null

18-11-2024T04:43:26 - [TEST_STEP][PASSED] - dashboardName = "Факторный анализ": null

18-11-2024T04:43:26 - [TEST_STEP][PASSED] - workbook01 = getWorkbook(excelFilePath): null

18-11-2024T04:43:27 - [TEST_STEP][PASSED] - sheet01 = getExcelSheet(workbook01, sheetName): null

18-11-2024T04:43:27 - [TEST_STEP][PASSED] - setValueToCellByIndex(sheet01, n, 0, dashboardName): null

18-11-2024T04:43:27 - [TEST_STEP][PASSED] - setValueToCellByIndex(sheet01, n, 1, DZO): null

18-11-2024T04:43:27 - [TEST_STEP][PASSED] - setValueToCellByIndex(sheet01, n, 2, vidget): null

18-11-2024T04:43:27 - [TEST_STEP][PASSED] - setValueToCellByIndex(sheet01, n, 3, typeOfData): null

18-11-2024T04:43:27 - [TEST_STEP][PASSED] - setValueToCellByIndex(sheet01, n, 4, otobrajeniyeDannyh): null

18-11-2024T04:43:27 - [TEST_STEP][PASSED] - setValueToCellByIndex(sheet01, n, 5, period): null

18-11-2024T04:43:27 - [TEST_STEP][PASSED] - setValueToCellByIndex(sheet01, n, 6, todaysDate): null

18-11-2024T04:43:27 - [TEST_STEP][PASSED] - n = n + 1: null

18-11-2024T04:43:27 - [TEST_STEP][PASSED] - saveWorkbook(excelFilePath, workbook01): null

18-11-2024T04:43:27 - [TEST_STEP][PASSED] - DZO = "Россети Волга": null

18-11-2024T04:43:27 - [TEST_STEP][PASSED] - Script1719551244403.CompareDZO(x = VA, y = VB, run, typeOfData, otobrajeniyeDannyh, todaysDate, vidget, DZO): null

18-11-2024T04:43:27 - [TEST_STEP][PASSED] - x1 = x: null

18-11-2024T04:43:27 - [TEST_STEP][PASSED] - y1 = y: null

18-11-2024T04:43:27 - [TEST_STEP][PASSED] - i1 = <not implemented yet for class: org.codehaus.groovy.ast.expr.EmptyExpression>: null

18-11-2024T04:43:27 - [TEST_STEP][FAILED] - if (verifyEqual(x, y) == true): Unable to verify equal between actual object '2 825 86 11 247  162 6 748 72  13 058 1 024  13 303  443  4 845  201 4 186 126' and expected object '169 86 532  162 259 72  395 1 024  428  443  231  201  126 126' (Root cause: com.kms.katalon.core.exception.StepFailedException: Actual object '2 825 86 11 247  162 6 748 72  13 058 1 024  13 303  443  4 845  201 4 186 126' and expected object '169 86 532  162 259 72  395 1 024  428  443  231  201  126 126' are not equal
	at com.kms.katalon.core.keyword.builtin.VerifyEqualKeyword$_verifyEqual_closure1.doCall(VerifyEqualKeyword.groovy:58)
	at com.kms.katalon.core.keyword.builtin.VerifyEqualKeyword$_verifyEqual_closure1.call(VerifyEqualKeyword.groovy)
	at com.kms.katalon.core.keyword.internal.KeywordMain.runKeyword(KeywordMain.groovy:75)
	at com.kms.katalon.core.keyword.builtin.VerifyEqualKeyword.verifyEqual(VerifyEqualKeyword.groovy:63)
	at com.kms.katalon.core.keyword.builtin.VerifyEqualKeyword.execute(VerifyEqualKeyword.groovy:44)
	at com.kms.katalon.core.keyword.internal.KeywordExecutor.executeKeywordForPlatform(KeywordExecutor.groovy:74)
	at com.kms.katalon.core.keyword.BuiltinKeywords.verifyEqual(BuiltinKeywords.groovy:146)
	at jdk.internal.reflect.GeneratedMethodAccessor25.invoke(Unknown Source)
	at java.base/jdk.internal.reflect.DelegatingMethodAccessorImpl.invoke(DelegatingMethodAccessorImpl.java:43)
	at Факторный анализ сверка дашбордов.CompareDZO(Факторный анализ сверка дашбордов:679)
	at Факторный анализ сверка дашбордов.Test(Факторный анализ сверка дашбордов:597)
	at Факторный анализ сверка дашбордов.run(Факторный анализ сверка дашбордов:44)
	at com.kms.katalon.core.main.ScriptEngine.run(ScriptEngine.java:194)
	at com.kms.katalon.core.main.ScriptEngine.runScriptAsRawText(ScriptEngine.java:119)
	at com.kms.katalon.core.main.TestCaseExecutor.runScript(TestCaseExecutor.java:448)
	at com.kms.katalon.core.main.TestCaseExecutor.doExecute(TestCaseExecutor.java:439)
	at com.kms.katalon.core.main.TestCaseExecutor.processExecutionPhase(TestCaseExecutor.java:418)
	at com.kms.katalon.core.main.TestCaseExecutor.accessMainPhase(TestCaseExecutor.java:410)
	at com.kms.katalon.core.main.TestCaseExecutor.execute(TestCaseExecutor.java:285)
	at com.kms.katalon.core.common.CommonExecutor.accessTestCaseMainPhase(CommonExecutor.java:65)
	at com.kms.katalon.core.main.TestSuiteExecutor.accessTestSuiteMainPhase(TestSuiteExecutor.java:150)
	at com.kms.katalon.core.main.TestSuiteExecutor.execute(TestSuiteExecutor.java:106)
	at com.kms.katalon.core.main.TestCaseMain.startTestSuite(TestCaseMain.java:180)
	at TempTestSuite1731886967590.run(TempTestSuite1731886967590.groovy:35)
	at java.base/jdk.internal.reflect.NativeMethodAccessorImpl.invoke0(Native Method)
	at java.base/jdk.internal.reflect.NativeMethodAccessorImpl.invoke(NativeMethodAccessorImpl.java:77)
	at java.base/jdk.internal.reflect.DelegatingMethodAccessorImpl.invoke(DelegatingMethodAccessorImpl.java:43)
)

18-11-2024T04:43:27 - [MESSAGE][FAILED] - Unable to verify equal between actual object '2 825 86 11 247  162 6 748 72  13 058 1 024  13 303  443  4 845  201 4 186 126' and expected object '169 86 532  162 259 72  395 1 024  428  443  231  201  126 126' (Root cause: com.kms.katalon.core.exception.StepFailedException: Actual object '2 825 86 11 247  162 6 748 72  13 058 1 024  13 303  443  4 845  201 4 186 126' and expected object '169 86 532  162 259 72  395 1 024  428  443  231  201  126 126' are not equal
	at com.kms.katalon.core.keyword.builtin.VerifyEqualKeyword$_verifyEqual_closure1.doCall(VerifyEqualKeyword.groovy:58)
	at com.kms.katalon.core.keyword.builtin.VerifyEqualKeyword$_verifyEqual_closure1.call(VerifyEqualKeyword.groovy)
	at com.kms.katalon.core.keyword.internal.KeywordMain.runKeyword(KeywordMain.groovy:75)
	at com.kms.katalon.core.keyword.builtin.VerifyEqualKeyword.verifyEqual(VerifyEqualKeyword.groovy:63)
	at com.kms.katalon.core.keyword.builtin.VerifyEqualKeyword.execute(VerifyEqualKeyword.groovy:44)
	at com.kms.katalon.core.keyword.internal.KeywordExecutor.executeKeywordForPlatform(KeywordExecutor.groovy:74)
	at com.kms.katalon.core.keyword.BuiltinKeywords.verifyEqual(BuiltinKeywords.groovy:146)
	at jdk.internal.reflect.GeneratedMethodAccessor25.invoke(Unknown Source)
	at java.base/jdk.internal.reflect.DelegatingMethodAccessorImpl.invoke(DelegatingMethodAccessorImpl.java:43)
	at Факторный анализ сверка дашбордов.CompareDZO(Факторный анализ сверка дашбордов:679)
	at Факторный анализ сверка дашбордов.Test(Факторный анализ сверка дашбордов:597)
	at Факторный анализ сверка дашбордов.run(Факторный анализ сверка дашбордов:44)
	at com.kms.katalon.core.main.ScriptEngine.run(ScriptEngine.java:194)
	at com.kms.katalon.core.main.ScriptEngine.runScriptAsRawText(ScriptEngine.java:119)
	at com.kms.katalon.core.main.TestCaseExecutor.runScript(TestCaseExecutor.java:448)
	at com.kms.katalon.core.main.TestCaseExecutor.doExecute(TestCaseExecutor.java:439)
	at com.kms.katalon.core.main.TestCaseExecutor.processExecutionPhase(TestCaseExecutor.java:418)
	at com.kms.katalon.core.main.TestCaseExecutor.accessMainPhase(TestCaseExecutor.java:410)
	at com.kms.katalon.core.main.TestCaseExecutor.execute(TestCaseExecutor.java:285)
	at com.kms.katalon.core.common.CommonExecutor.accessTestCaseMainPhase(CommonExecutor.java:65)
	at com.kms.katalon.core.main.TestSuiteExecutor.accessTestSuiteMainPhase(TestSuiteExecutor.java:150)
	at com.kms.katalon.core.main.TestSuiteExecutor.execute(TestSuiteExecutor.java:106)
	at com.kms.katalon.core.main.TestCaseMain.startTestSuite(TestCaseMain.java:180)
	at TempTestSuite1731886967590.run(TempTestSuite1731886967590.groovy:35)
	at java.base/jdk.internal.reflect.NativeMethodAccessorImpl.invoke0(Native Method)
	at java.base/jdk.internal.reflect.NativeMethodAccessorImpl.invoke(NativeMethodAccessorImpl.java:77)
	at java.base/jdk.internal.reflect.DelegatingMethodAccessorImpl.invoke(DelegatingMethodAccessorImpl.java:43)
)

18-11-2024T04:43:27 - [TEST_STEP][PASSED] - else: null

18-11-2024T04:43:27 - [TEST_STEP][PASSED] - otobrajeniyeDannyh = "Все": null

18-11-2024T04:43:27 - [TEST_STEP][PASSED] - vidget = "Всего отклонения по факторам": null

18-11-2024T04:43:27 - [TEST_STEP][PASSED] - Script1719551244403.WriteToExcel(todaysDate, typeOfData, otobrajeniyeDannyh, x, y, vidget, DZO): null

18-11-2024T04:43:27 - [TEST_STEP][PASSED] - sheetName = "Sheet1": null

18-11-2024T04:43:27 - [TEST_STEP][PASSED] - data = findTestData("PlanFact"): null

18-11-2024T04:43:27 - [TEST_STEP][PASSED] - n = data.getRowNumbers() + 1: null

18-11-2024T04:43:27 - [TEST_STEP][PASSED] - period = getText(findTestObject("Факторный анализ/Фильтр Период")): Text of object 'Object Repository/Факторный анализ/Фильтр Период' is: '1, 2, 3 кв. 2024 года'

18-11-2024T04:43:27 - [MESSAGE][PASSED] - Text of object 'Object Repository/Факторный анализ/Фильтр Период' is: '1, 2, 3 кв. 2024 года'

18-11-2024T04:43:27 - [TEST_STEP][PASSED] - println(period): null

18-11-2024T04:43:27 - [TEST_STEP][PASSED] - dashboardName = "Факторный анализ": null

18-11-2024T04:43:27 - [TEST_STEP][PASSED] - workbook01 = getWorkbook(excelFilePath): null

18-11-2024T04:43:27 - [TEST_STEP][PASSED] - sheet01 = getExcelSheet(workbook01, sheetName): null

18-11-2024T04:43:27 - [TEST_STEP][PASSED] - setValueToCellByIndex(sheet01, n, 0, dashboardName): null

18-11-2024T04:43:27 - [TEST_STEP][PASSED] - setValueToCellByIndex(sheet01, n, 1, DZO): null

18-11-2024T04:43:27 - [TEST_STEP][PASSED] - setValueToCellByIndex(sheet01, n, 2, vidget): null

18-11-2024T04:43:27 - [TEST_STEP][PASSED] - setValueToCellByIndex(sheet01, n, 3, typeOfData): null

18-11-2024T04:43:27 - [TEST_STEP][PASSED] - setValueToCellByIndex(sheet01, n, 4, otobrajeniyeDannyh): null

18-11-2024T04:43:27 - [TEST_STEP][PASSED] - setValueToCellByIndex(sheet01, n, 5, period): null

18-11-2024T04:43:27 - [TEST_STEP][PASSED] - setValueToCellByIndex(sheet01, n, 6, todaysDate): null

18-11-2024T04:43:27 - [TEST_STEP][PASSED] - n = n + 1: null

18-11-2024T04:43:27 - [TEST_STEP][PASSED] - saveWorkbook(excelFilePath, workbook01): null

18-11-2024T04:43:27 - [TEST_STEP][PASSED] - DZO = "Россети Кубань": null

18-11-2024T04:43:27 - [TEST_STEP][PASSED] - Script1719551244403.CompareDZO(x = KuA, y = KuB, run, typeOfData, otobrajeniyeDannyh, todaysDate, vidget, DZO): null

18-11-2024T04:43:27 - [TEST_STEP][PASSED] - x1 = x: null

18-11-2024T04:43:27 - [TEST_STEP][PASSED] - y1 = y: null

18-11-2024T04:43:27 - [TEST_STEP][PASSED] - i1 = <not implemented yet for class: org.codehaus.groovy.ast.expr.EmptyExpression>: null

18-11-2024T04:43:27 - [TEST_STEP][FAILED] - if (verifyEqual(x, y) == true): Unable to verify equal between actual object '53 529 241' and expected object '3 229 241' (Root cause: com.kms.katalon.core.exception.StepFailedException: Actual object '53 529 241' and expected object '3 229 241' are not equal
	at com.kms.katalon.core.keyword.builtin.VerifyEqualKeyword$_verifyEqual_closure1.doCall(VerifyEqualKeyword.groovy:58)
	at com.kms.katalon.core.keyword.builtin.VerifyEqualKeyword$_verifyEqual_closure1.call(VerifyEqualKeyword.groovy)
	at com.kms.katalon.core.keyword.internal.KeywordMain.runKeyword(KeywordMain.groovy:75)
	at com.kms.katalon.core.keyword.builtin.VerifyEqualKeyword.verifyEqual(VerifyEqualKeyword.groovy:63)
	at com.kms.katalon.core.keyword.builtin.VerifyEqualKeyword.execute(VerifyEqualKeyword.groovy:44)
	at com.kms.katalon.core.keyword.internal.KeywordExecutor.executeKeywordForPlatform(KeywordExecutor.groovy:74)
	at com.kms.katalon.core.keyword.BuiltinKeywords.verifyEqual(BuiltinKeywords.groovy:146)
	at jdk.internal.reflect.GeneratedMethodAccessor25.invoke(Unknown Source)
	at java.base/jdk.internal.reflect.DelegatingMethodAccessorImpl.invoke(DelegatingMethodAccessorImpl.java:43)
	at Факторный анализ сверка дашбордов.CompareDZO(Факторный анализ сверка дашбордов:679)
	at Факторный анализ сверка дашбордов.Test(Факторный анализ сверка дашбордов:601)
	at Факторный анализ сверка дашбордов.run(Факторный анализ сверка дашбордов:44)
	at com.kms.katalon.core.main.ScriptEngine.run(ScriptEngine.java:194)
	at com.kms.katalon.core.main.ScriptEngine.runScriptAsRawText(ScriptEngine.java:119)
	at com.kms.katalon.core.main.TestCaseExecutor.runScript(TestCaseExecutor.java:448)
	at com.kms.katalon.core.main.TestCaseExecutor.doExecute(TestCaseExecutor.java:439)
	at com.kms.katalon.core.main.TestCaseExecutor.processExecutionPhase(TestCaseExecutor.java:418)
	at com.kms.katalon.core.main.TestCaseExecutor.accessMainPhase(TestCaseExecutor.java:410)
	at com.kms.katalon.core.main.TestCaseExecutor.execute(TestCaseExecutor.java:285)
	at com.kms.katalon.core.common.CommonExecutor.accessTestCaseMainPhase(CommonExecutor.java:65)
	at com.kms.katalon.core.main.TestSuiteExecutor.accessTestSuiteMainPhase(TestSuiteExecutor.java:150)
	at com.kms.katalon.core.main.TestSuiteExecutor.execute(TestSuiteExecutor.java:106)
	at com.kms.katalon.core.main.TestCaseMain.startTestSuite(TestCaseMain.java:180)
	at TempTestSuite1731886967590.run(TempTestSuite1731886967590.groovy:35)
	at java.base/jdk.internal.reflect.NativeMethodAccessorImpl.invoke0(Native Method)
	at java.base/jdk.internal.reflect.NativeMethodAccessorImpl.invoke(NativeMethodAccessorImpl.java:77)
	at java.base/jdk.internal.reflect.DelegatingMethodAccessorImpl.invoke(DelegatingMethodAccessorImpl.java:43)
)

18-11-2024T04:43:27 - [MESSAGE][FAILED] - Unable to verify equal between actual object '53 529 241' and expected object '3 229 241' (Root cause: com.kms.katalon.core.exception.StepFailedException: Actual object '53 529 241' and expected object '3 229 241' are not equal
	at com.kms.katalon.core.keyword.builtin.VerifyEqualKeyword$_verifyEqual_closure1.doCall(VerifyEqualKeyword.groovy:58)
	at com.kms.katalon.core.keyword.builtin.VerifyEqualKeyword$_verifyEqual_closure1.call(VerifyEqualKeyword.groovy)
	at com.kms.katalon.core.keyword.internal.KeywordMain.runKeyword(KeywordMain.groovy:75)
	at com.kms.katalon.core.keyword.builtin.VerifyEqualKeyword.verifyEqual(VerifyEqualKeyword.groovy:63)
	at com.kms.katalon.core.keyword.builtin.VerifyEqualKeyword.execute(VerifyEqualKeyword.groovy:44)
	at com.kms.katalon.core.keyword.internal.KeywordExecutor.executeKeywordForPlatform(KeywordExecutor.groovy:74)
	at com.kms.katalon.core.keyword.BuiltinKeywords.verifyEqual(BuiltinKeywords.groovy:146)
	at jdk.internal.reflect.GeneratedMethodAccessor25.invoke(Unknown Source)
	at java.base/jdk.internal.reflect.DelegatingMethodAccessorImpl.invoke(DelegatingMethodAccessorImpl.java:43)
	at Факторный анализ сверка дашбордов.CompareDZO(Факторный анализ сверка дашбордов:679)
	at Факторный анализ сверка дашбордов.Test(Факторный анализ сверка дашбордов:601)
	at Факторный анализ сверка дашбордов.run(Факторный анализ сверка дашбордов:44)
	at com.kms.katalon.core.main.ScriptEngine.run(ScriptEngine.java:194)
	at com.kms.katalon.core.main.ScriptEngine.runScriptAsRawText(ScriptEngine.java:119)
	at com.kms.katalon.core.main.TestCaseExecutor.runScript(TestCaseExecutor.java:448)
	at com.kms.katalon.core.main.TestCaseExecutor.doExecute(TestCaseExecutor.java:439)
	at com.kms.katalon.core.main.TestCaseExecutor.processExecutionPhase(TestCaseExecutor.java:418)
	at com.kms.katalon.core.main.TestCaseExecutor.accessMainPhase(TestCaseExecutor.java:410)
	at com.kms.katalon.core.main.TestCaseExecutor.execute(TestCaseExecutor.java:285)
	at com.kms.katalon.core.common.CommonExecutor.accessTestCaseMainPhase(CommonExecutor.java:65)
	at com.kms.katalon.core.main.TestSuiteExecutor.accessTestSuiteMainPhase(TestSuiteExecutor.java:150)
	at com.kms.katalon.core.main.TestSuiteExecutor.execute(TestSuiteExecutor.java:106)
	at com.kms.katalon.core.main.TestCaseMain.startTestSuite(TestCaseMain.java:180)
	at TempTestSuite1731886967590.run(TempTestSuite1731886967590.groovy:35)
	at java.base/jdk.internal.reflect.NativeMethodAccessorImpl.invoke0(Native Method)
	at java.base/jdk.internal.reflect.NativeMethodAccessorImpl.invoke(NativeMethodAccessorImpl.java:77)
	at java.base/jdk.internal.reflect.DelegatingMethodAccessorImpl.invoke(DelegatingMethodAccessorImpl.java:43)
)

18-11-2024T04:43:27 - [TEST_STEP][PASSED] - else: null

18-11-2024T04:43:27 - [TEST_STEP][PASSED] - otobrajeniyeDannyh = "Все": null

18-11-2024T04:43:27 - [TEST_STEP][PASSED] - vidget = "Всего отклонения по факторам": null

18-11-2024T04:43:27 - [TEST_STEP][PASSED] - Script1719551244403.WriteToExcel(todaysDate, typeOfData, otobrajeniyeDannyh, x, y, vidget, DZO): null

18-11-2024T04:43:27 - [TEST_STEP][PASSED] - sheetName = "Sheet1": null

18-11-2024T04:43:27 - [TEST_STEP][PASSED] - data = findTestData("PlanFact"): null

18-11-2024T04:43:27 - [TEST_STEP][PASSED] - n = data.getRowNumbers() + 1: null

18-11-2024T04:43:27 - [TEST_STEP][PASSED] - period = getText(findTestObject("Факторный анализ/Фильтр Период")): Text of object 'Object Repository/Факторный анализ/Фильтр Период' is: '1, 2, 3 кв. 2024 года'

18-11-2024T04:43:28 - [MESSAGE][PASSED] - Text of object 'Object Repository/Факторный анализ/Фильтр Период' is: '1, 2, 3 кв. 2024 года'

18-11-2024T04:43:28 - [TEST_STEP][PASSED] - println(period): null

18-11-2024T04:43:28 - [TEST_STEP][PASSED] - dashboardName = "Факторный анализ": null

18-11-2024T04:43:28 - [TEST_STEP][PASSED] - workbook01 = getWorkbook(excelFilePath): null

18-11-2024T04:43:28 - [TEST_STEP][PASSED] - sheet01 = getExcelSheet(workbook01, sheetName): null

18-11-2024T04:43:28 - [TEST_STEP][PASSED] - setValueToCellByIndex(sheet01, n, 0, dashboardName): null

18-11-2024T04:43:28 - [TEST_STEP][PASSED] - setValueToCellByIndex(sheet01, n, 1, DZO): null

18-11-2024T04:43:28 - [TEST_STEP][PASSED] - setValueToCellByIndex(sheet01, n, 2, vidget): null

18-11-2024T04:43:28 - [TEST_STEP][PASSED] - setValueToCellByIndex(sheet01, n, 3, typeOfData): null

18-11-2024T04:43:28 - [TEST_STEP][PASSED] - setValueToCellByIndex(sheet01, n, 4, otobrajeniyeDannyh): null

18-11-2024T04:43:28 - [TEST_STEP][PASSED] - setValueToCellByIndex(sheet01, n, 5, period): null

18-11-2024T04:43:28 - [TEST_STEP][PASSED] - setValueToCellByIndex(sheet01, n, 6, todaysDate): null

18-11-2024T04:43:28 - [TEST_STEP][PASSED] - n = n + 1: null

18-11-2024T04:43:28 - [TEST_STEP][PASSED] - saveWorkbook(excelFilePath, workbook01): null

18-11-2024T04:43:28 - [TEST_STEP][PASSED] - DZO = "Московский регион": null

18-11-2024T04:43:28 - [TEST_STEP][PASSED] - Script1719551244403.CompareDZO(x = MosA, y = MosB, run, typeOfData, otobrajeniyeDannyh, todaysDate, vidget, DZO): null

18-11-2024T04:43:28 - [TEST_STEP][PASSED] - x1 = x: null

18-11-2024T04:43:28 - [TEST_STEP][PASSED] - y1 = y: null

18-11-2024T04:43:28 - [TEST_STEP][PASSED] - i1 = <not implemented yet for class: org.codehaus.groovy.ast.expr.EmptyExpression>: null

18-11-2024T04:43:28 - [TEST_STEP][PASSED] - if (verifyEqual(x, y) == true): null

18-11-2024T04:43:28 - [MESSAGE][PASSED] - Actual object '4 566  535  2 812 57' and expected object '4 566  535  2 812 57' are equal

18-11-2024T04:43:28 - [TEST_STEP][PASSED] - DZO = "Россети Ленэнерго (ГК)": null

18-11-2024T04:43:28 - [TEST_STEP][PASSED] - Script1719551244403.CompareDZO(x = LenA, y = LenB, run, typeOfData, otobrajeniyeDannyh, todaysDate, vidget, DZO): null

18-11-2024T04:43:28 - [TEST_STEP][PASSED] - x1 = x: null

18-11-2024T04:43:28 - [TEST_STEP][PASSED] - y1 = y: null

18-11-2024T04:43:28 - [TEST_STEP][PASSED] - i1 = <not implemented yet for class: org.codehaus.groovy.ast.expr.EmptyExpression>: null

18-11-2024T04:43:28 - [TEST_STEP][FAILED] - if (verifyEqual(x, y) == true): Unable to verify equal between actual object '29 499 598  41 171 39' and expected object '1 191 598  2 106 39' (Root cause: com.kms.katalon.core.exception.StepFailedException: Actual object '29 499 598  41 171 39' and expected object '1 191 598  2 106 39' are not equal
	at com.kms.katalon.core.keyword.builtin.VerifyEqualKeyword$_verifyEqual_closure1.doCall(VerifyEqualKeyword.groovy:58)
	at com.kms.katalon.core.keyword.builtin.VerifyEqualKeyword$_verifyEqual_closure1.call(VerifyEqualKeyword.groovy)
	at com.kms.katalon.core.keyword.internal.KeywordMain.runKeyword(KeywordMain.groovy:75)
	at com.kms.katalon.core.keyword.builtin.VerifyEqualKeyword.verifyEqual(VerifyEqualKeyword.groovy:63)
	at com.kms.katalon.core.keyword.builtin.VerifyEqualKeyword.execute(VerifyEqualKeyword.groovy:44)
	at com.kms.katalon.core.keyword.internal.KeywordExecutor.executeKeywordForPlatform(KeywordExecutor.groovy:74)
	at com.kms.katalon.core.keyword.BuiltinKeywords.verifyEqual(BuiltinKeywords.groovy:146)
	at jdk.internal.reflect.GeneratedMethodAccessor25.invoke(Unknown Source)
	at java.base/jdk.internal.reflect.DelegatingMethodAccessorImpl.invoke(DelegatingMethodAccessorImpl.java:43)
	at Факторный анализ сверка дашбордов.CompareDZO(Факторный анализ сверка дашбордов:679)
	at Факторный анализ сверка дашбордов.Test(Факторный анализ сверка дашбордов:609)
	at Факторный анализ сверка дашбордов.run(Факторный анализ сверка дашбордов:44)
	at com.kms.katalon.core.main.ScriptEngine.run(ScriptEngine.java:194)
	at com.kms.katalon.core.main.ScriptEngine.runScriptAsRawText(ScriptEngine.java:119)
	at com.kms.katalon.core.main.TestCaseExecutor.runScript(TestCaseExecutor.java:448)
	at com.kms.katalon.core.main.TestCaseExecutor.doExecute(TestCaseExecutor.java:439)
	at com.kms.katalon.core.main.TestCaseExecutor.processExecutionPhase(TestCaseExecutor.java:418)
	at com.kms.katalon.core.main.TestCaseExecutor.accessMainPhase(TestCaseExecutor.java:410)
	at com.kms.katalon.core.main.TestCaseExecutor.execute(TestCaseExecutor.java:285)
	at com.kms.katalon.core.common.CommonExecutor.accessTestCaseMainPhase(CommonExecutor.java:65)
	at com.kms.katalon.core.main.TestSuiteExecutor.accessTestSuiteMainPhase(TestSuiteExecutor.java:150)
	at com.kms.katalon.core.main.TestSuiteExecutor.execute(TestSuiteExecutor.java:106)
	at com.kms.katalon.core.main.TestCaseMain.startTestSuite(TestCaseMain.java:180)
	at TempTestSuite1731886967590.run(TempTestSuite1731886967590.groovy:35)
	at java.base/jdk.internal.reflect.NativeMethodAccessorImpl.invoke0(Native Method)
	at java.base/jdk.internal.reflect.NativeMethodAccessorImpl.invoke(NativeMethodAccessorImpl.java:77)
	at java.base/jdk.internal.reflect.DelegatingMethodAccessorImpl.invoke(DelegatingMethodAccessorImpl.java:43)
)

18-11-2024T04:43:28 - [MESSAGE][FAILED] - Unable to verify equal between actual object '29 499 598  41 171 39' and expected object '1 191 598  2 106 39' (Root cause: com.kms.katalon.core.exception.StepFailedException: Actual object '29 499 598  41 171 39' and expected object '1 191 598  2 106 39' are not equal
	at com.kms.katalon.core.keyword.builtin.VerifyEqualKeyword$_verifyEqual_closure1.doCall(VerifyEqualKeyword.groovy:58)
	at com.kms.katalon.core.keyword.builtin.VerifyEqualKeyword$_verifyEqual_closure1.call(VerifyEqualKeyword.groovy)
	at com.kms.katalon.core.keyword.internal.KeywordMain.runKeyword(KeywordMain.groovy:75)
	at com.kms.katalon.core.keyword.builtin.VerifyEqualKeyword.verifyEqual(VerifyEqualKeyword.groovy:63)
	at com.kms.katalon.core.keyword.builtin.VerifyEqualKeyword.execute(VerifyEqualKeyword.groovy:44)
	at com.kms.katalon.core.keyword.internal.KeywordExecutor.executeKeywordForPlatform(KeywordExecutor.groovy:74)
	at com.kms.katalon.core.keyword.BuiltinKeywords.verifyEqual(BuiltinKeywords.groovy:146)
	at jdk.internal.reflect.GeneratedMethodAccessor25.invoke(Unknown Source)
	at java.base/jdk.internal.reflect.DelegatingMethodAccessorImpl.invoke(DelegatingMethodAccessorImpl.java:43)
	at Факторный анализ сверка дашбордов.CompareDZO(Факторный анализ сверка дашбордов:679)
	at Факторный анализ сверка дашбордов.Test(Факторный анализ сверка дашбордов:609)
	at Факторный анализ сверка дашбордов.run(Факторный анализ сверка дашбордов:44)
	at com.kms.katalon.core.main.ScriptEngine.run(ScriptEngine.java:194)
	at com.kms.katalon.core.main.ScriptEngine.runScriptAsRawText(ScriptEngine.java:119)
	at com.kms.katalon.core.main.TestCaseExecutor.runScript(TestCaseExecutor.java:448)
	at com.kms.katalon.core.main.TestCaseExecutor.doExecute(TestCaseExecutor.java:439)
	at com.kms.katalon.core.main.TestCaseExecutor.processExecutionPhase(TestCaseExecutor.java:418)
	at com.kms.katalon.core.main.TestCaseExecutor.accessMainPhase(TestCaseExecutor.java:410)
	at com.kms.katalon.core.main.TestCaseExecutor.execute(TestCaseExecutor.java:285)
	at com.kms.katalon.core.common.CommonExecutor.accessTestCaseMainPhase(CommonExecutor.java:65)
	at com.kms.katalon.core.main.TestSuiteExecutor.accessTestSuiteMainPhase(TestSuiteExecutor.java:150)
	at com.kms.katalon.core.main.TestSuiteExecutor.execute(TestSuiteExecutor.java:106)
	at com.kms.katalon.core.main.TestCaseMain.startTestSuite(TestCaseMain.java:180)
	at TempTestSuite1731886967590.run(TempTestSuite1731886967590.groovy:35)
	at java.base/jdk.internal.reflect.NativeMethodAccessorImpl.invoke0(Native Method)
	at java.base/jdk.internal.reflect.NativeMethodAccessorImpl.invoke(NativeMethodAccessorImpl.java:77)
	at java.base/jdk.internal.reflect.DelegatingMethodAccessorImpl.invoke(DelegatingMethodAccessorImpl.java:43)
)

18-11-2024T04:43:28 - [TEST_STEP][PASSED] - else: null

18-11-2024T04:43:28 - [TEST_STEP][PASSED] - otobrajeniyeDannyh = "Все": null

18-11-2024T04:43:28 - [TEST_STEP][PASSED] - vidget = "Всего отклонения по факторам": null

18-11-2024T04:43:28 - [TEST_STEP][PASSED] - Script1719551244403.WriteToExcel(todaysDate, typeOfData, otobrajeniyeDannyh, x, y, vidget, DZO): null

18-11-2024T04:43:28 - [TEST_STEP][PASSED] - sheetName = "Sheet1": null

18-11-2024T04:43:28 - [TEST_STEP][PASSED] - data = findTestData("PlanFact"): null

18-11-2024T04:43:28 - [TEST_STEP][PASSED] - n = data.getRowNumbers() + 1: null

18-11-2024T04:43:28 - [TEST_STEP][PASSED] - period = getText(findTestObject("Факторный анализ/Фильтр Период")): Text of object 'Object Repository/Факторный анализ/Фильтр Период' is: '1, 2, 3 кв. 2024 года'

18-11-2024T04:43:28 - [MESSAGE][PASSED] - Text of object 'Object Repository/Факторный анализ/Фильтр Период' is: '1, 2, 3 кв. 2024 года'

18-11-2024T04:43:28 - [TEST_STEP][PASSED] - println(period): null

18-11-2024T04:43:28 - [TEST_STEP][PASSED] - dashboardName = "Факторный анализ": null

18-11-2024T04:43:28 - [TEST_STEP][PASSED] - workbook01 = getWorkbook(excelFilePath): null

18-11-2024T04:43:28 - [TEST_STEP][PASSED] - sheet01 = getExcelSheet(workbook01, sheetName): null

18-11-2024T04:43:28 - [TEST_STEP][PASSED] - setValueToCellByIndex(sheet01, n, 0, dashboardName): null

18-11-2024T04:43:28 - [TEST_STEP][PASSED] - setValueToCellByIndex(sheet01, n, 1, DZO): null

18-11-2024T04:43:28 - [TEST_STEP][PASSED] - setValueToCellByIndex(sheet01, n, 2, vidget): null

18-11-2024T04:43:28 - [TEST_STEP][PASSED] - setValueToCellByIndex(sheet01, n, 3, typeOfData): null

18-11-2024T04:43:28 - [TEST_STEP][PASSED] - setValueToCellByIndex(sheet01, n, 4, otobrajeniyeDannyh): null

18-11-2024T04:43:28 - [TEST_STEP][PASSED] - setValueToCellByIndex(sheet01, n, 5, period): null

18-11-2024T04:43:28 - [TEST_STEP][PASSED] - setValueToCellByIndex(sheet01, n, 6, todaysDate): null

18-11-2024T04:43:28 - [TEST_STEP][PASSED] - n = n + 1: null

18-11-2024T04:43:28 - [TEST_STEP][PASSED] - saveWorkbook(excelFilePath, workbook01): null

18-11-2024T04:43:29 - [TEST_STEP][PASSED] - DZO = "Россети Северный Кавказ (ГК)": null

18-11-2024T04:43:29 - [TEST_STEP][PASSED] - Script1719551244403.CompareDZO(x = SKA, y = SKB, run, typeOfData, otobrajeniyeDannyh, todaysDate, vidget, DZO): null

18-11-2024T04:43:29 - [TEST_STEP][PASSED] - x1 = x: null

18-11-2024T04:43:29 - [TEST_STEP][PASSED] - y1 = y: null

18-11-2024T04:43:29 - [TEST_STEP][PASSED] - i1 = <not implemented yet for class: org.codehaus.groovy.ast.expr.EmptyExpression>: null

18-11-2024T04:43:29 - [TEST_STEP][FAILED] - if (verifyEqual(x, y) == true): Unable to verify equal between actual object '111 69 6 378 480 1 440 100 2 677 26 1 725 9 3 016 125 8 347  222' and expected object '0 0  462 480  185 100 212 26 111 9  316 125 289  222' (Root cause: com.kms.katalon.core.exception.StepFailedException: Actual object '111 69 6 378 480 1 440 100 2 677 26 1 725 9 3 016 125 8 347  222' and expected object '0 0  462 480  185 100 212 26 111 9  316 125 289  222' are not equal
	at com.kms.katalon.core.keyword.builtin.VerifyEqualKeyword$_verifyEqual_closure1.doCall(VerifyEqualKeyword.groovy:58)
	at com.kms.katalon.core.keyword.builtin.VerifyEqualKeyword$_verifyEqual_closure1.call(VerifyEqualKeyword.groovy)
	at com.kms.katalon.core.keyword.internal.KeywordMain.runKeyword(KeywordMain.groovy:75)
	at com.kms.katalon.core.keyword.builtin.VerifyEqualKeyword.verifyEqual(VerifyEqualKeyword.groovy:63)
	at com.kms.katalon.core.keyword.builtin.VerifyEqualKeyword.execute(VerifyEqualKeyword.groovy:44)
	at com.kms.katalon.core.keyword.internal.KeywordExecutor.executeKeywordForPlatform(KeywordExecutor.groovy:74)
	at com.kms.katalon.core.keyword.BuiltinKeywords.verifyEqual(BuiltinKeywords.groovy:146)
	at jdk.internal.reflect.GeneratedMethodAccessor25.invoke(Unknown Source)
	at java.base/jdk.internal.reflect.DelegatingMethodAccessorImpl.invoke(DelegatingMethodAccessorImpl.java:43)
	at Факторный анализ сверка дашбордов.CompareDZO(Факторный анализ сверка дашбордов:679)
	at Факторный анализ сверка дашбордов.Test(Факторный анализ сверка дашбордов:613)
	at Факторный анализ сверка дашбордов.run(Факторный анализ сверка дашбордов:44)
	at com.kms.katalon.core.main.ScriptEngine.run(ScriptEngine.java:194)
	at com.kms.katalon.core.main.ScriptEngine.runScriptAsRawText(ScriptEngine.java:119)
	at com.kms.katalon.core.main.TestCaseExecutor.runScript(TestCaseExecutor.java:448)
	at com.kms.katalon.core.main.TestCaseExecutor.doExecute(TestCaseExecutor.java:439)
	at com.kms.katalon.core.main.TestCaseExecutor.processExecutionPhase(TestCaseExecutor.java:418)
	at com.kms.katalon.core.main.TestCaseExecutor.accessMainPhase(TestCaseExecutor.java:410)
	at com.kms.katalon.core.main.TestCaseExecutor.execute(TestCaseExecutor.java:285)
	at com.kms.katalon.core.common.CommonExecutor.accessTestCaseMainPhase(CommonExecutor.java:65)
	at com.kms.katalon.core.main.TestSuiteExecutor.accessTestSuiteMainPhase(TestSuiteExecutor.java:150)
	at com.kms.katalon.core.main.TestSuiteExecutor.execute(TestSuiteExecutor.java:106)
	at com.kms.katalon.core.main.TestCaseMain.startTestSuite(TestCaseMain.java:180)
	at TempTestSuite1731886967590.run(TempTestSuite1731886967590.groovy:35)
	at java.base/jdk.internal.reflect.NativeMethodAccessorImpl.invoke0(Native Method)
	at java.base/jdk.internal.reflect.NativeMethodAccessorImpl.invoke(NativeMethodAccessorImpl.java:77)
	at java.base/jdk.internal.reflect.DelegatingMethodAccessorImpl.invoke(DelegatingMethodAccessorImpl.java:43)
)

18-11-2024T04:43:29 - [MESSAGE][FAILED] - Unable to verify equal between actual object '111 69 6 378 480 1 440 100 2 677 26 1 725 9 3 016 125 8 347  222' and expected object '0 0  462 480  185 100 212 26 111 9  316 125 289  222' (Root cause: com.kms.katalon.core.exception.StepFailedException: Actual object '111 69 6 378 480 1 440 100 2 677 26 1 725 9 3 016 125 8 347  222' and expected object '0 0  462 480  185 100 212 26 111 9  316 125 289  222' are not equal
	at com.kms.katalon.core.keyword.builtin.VerifyEqualKeyword$_verifyEqual_closure1.doCall(VerifyEqualKeyword.groovy:58)
	at com.kms.katalon.core.keyword.builtin.VerifyEqualKeyword$_verifyEqual_closure1.call(VerifyEqualKeyword.groovy)
	at com.kms.katalon.core.keyword.internal.KeywordMain.runKeyword(KeywordMain.groovy:75)
	at com.kms.katalon.core.keyword.builtin.VerifyEqualKeyword.verifyEqual(VerifyEqualKeyword.groovy:63)
	at com.kms.katalon.core.keyword.builtin.VerifyEqualKeyword.execute(VerifyEqualKeyword.groovy:44)
	at com.kms.katalon.core.keyword.internal.KeywordExecutor.executeKeywordForPlatform(KeywordExecutor.groovy:74)
	at com.kms.katalon.core.keyword.BuiltinKeywords.verifyEqual(BuiltinKeywords.groovy:146)
	at jdk.internal.reflect.GeneratedMethodAccessor25.invoke(Unknown Source)
	at java.base/jdk.internal.reflect.DelegatingMethodAccessorImpl.invoke(DelegatingMethodAccessorImpl.java:43)
	at Факторный анализ сверка дашбордов.CompareDZO(Факторный анализ сверка дашбордов:679)
	at Факторный анализ сверка дашбордов.Test(Факторный анализ сверка дашбордов:613)
	at Факторный анализ сверка дашбордов.run(Факторный анализ сверка дашбордов:44)
	at com.kms.katalon.core.main.ScriptEngine.run(ScriptEngine.java:194)
	at com.kms.katalon.core.main.ScriptEngine.runScriptAsRawText(ScriptEngine.java:119)
	at com.kms.katalon.core.main.TestCaseExecutor.runScript(TestCaseExecutor.java:448)
	at com.kms.katalon.core.main.TestCaseExecutor.doExecute(TestCaseExecutor.java:439)
	at com.kms.katalon.core.main.TestCaseExecutor.processExecutionPhase(TestCaseExecutor.java:418)
	at com.kms.katalon.core.main.TestCaseExecutor.accessMainPhase(TestCaseExecutor.java:410)
	at com.kms.katalon.core.main.TestCaseExecutor.execute(TestCaseExecutor.java:285)
	at com.kms.katalon.core.common.CommonExecutor.accessTestCaseMainPhase(CommonExecutor.java:65)
	at com.kms.katalon.core.main.TestSuiteExecutor.accessTestSuiteMainPhase(TestSuiteExecutor.java:150)
	at com.kms.katalon.core.main.TestSuiteExecutor.execute(TestSuiteExecutor.java:106)
	at com.kms.katalon.core.main.TestCaseMain.startTestSuite(TestCaseMain.java:180)
	at TempTestSuite1731886967590.run(TempTestSuite1731886967590.groovy:35)
	at java.base/jdk.internal.reflect.NativeMethodAccessorImpl.invoke0(Native Method)
	at java.base/jdk.internal.reflect.NativeMethodAccessorImpl.invoke(NativeMethodAccessorImpl.java:77)
	at java.base/jdk.internal.reflect.DelegatingMethodAccessorImpl.invoke(DelegatingMethodAccessorImpl.java:43)
)

18-11-2024T04:43:29 - [TEST_STEP][PASSED] - else: null

18-11-2024T04:43:29 - [TEST_STEP][PASSED] - otobrajeniyeDannyh = "Все": null

18-11-2024T04:43:29 - [TEST_STEP][PASSED] - vidget = "Всего отклонения по факторам": null

18-11-2024T04:43:29 - [TEST_STEP][PASSED] - Script1719551244403.WriteToExcel(todaysDate, typeOfData, otobrajeniyeDannyh, x, y, vidget, DZO): null

18-11-2024T04:43:29 - [TEST_STEP][PASSED] - sheetName = "Sheet1": null

18-11-2024T04:43:29 - [TEST_STEP][PASSED] - data = findTestData("PlanFact"): null

18-11-2024T04:43:29 - [TEST_STEP][PASSED] - n = data.getRowNumbers() + 1: null

18-11-2024T04:43:29 - [TEST_STEP][PASSED] - period = getText(findTestObject("Факторный анализ/Фильтр Период")): Text of object 'Object Repository/Факторный анализ/Фильтр Период' is: '1, 2, 3 кв. 2024 года'

18-11-2024T04:43:29 - [MESSAGE][PASSED] - Text of object 'Object Repository/Факторный анализ/Фильтр Период' is: '1, 2, 3 кв. 2024 года'

18-11-2024T04:43:29 - [TEST_STEP][PASSED] - println(period): null

18-11-2024T04:43:29 - [TEST_STEP][PASSED] - dashboardName = "Факторный анализ": null

18-11-2024T04:43:29 - [TEST_STEP][PASSED] - workbook01 = getWorkbook(excelFilePath): null

18-11-2024T04:43:29 - [TEST_STEP][PASSED] - sheet01 = getExcelSheet(workbook01, sheetName): null

18-11-2024T04:43:29 - [TEST_STEP][PASSED] - setValueToCellByIndex(sheet01, n, 0, dashboardName): null

18-11-2024T04:43:29 - [TEST_STEP][PASSED] - setValueToCellByIndex(sheet01, n, 1, DZO): null

18-11-2024T04:43:29 - [TEST_STEP][PASSED] - setValueToCellByIndex(sheet01, n, 2, vidget): null

18-11-2024T04:43:29 - [TEST_STEP][PASSED] - setValueToCellByIndex(sheet01, n, 3, typeOfData): null

18-11-2024T04:43:29 - [TEST_STEP][PASSED] - setValueToCellByIndex(sheet01, n, 4, otobrajeniyeDannyh): null

18-11-2024T04:43:29 - [TEST_STEP][PASSED] - setValueToCellByIndex(sheet01, n, 5, period): null

18-11-2024T04:43:29 - [TEST_STEP][PASSED] - setValueToCellByIndex(sheet01, n, 6, todaysDate): null

18-11-2024T04:43:29 - [TEST_STEP][PASSED] - n = n + 1: null

18-11-2024T04:43:29 - [TEST_STEP][PASSED] - saveWorkbook(excelFilePath, workbook01): null

18-11-2024T04:43:29 - [TEST_STEP][PASSED] - DZO = "Россети Северо-Запад": null

18-11-2024T04:43:29 - [TEST_STEP][PASSED] - Script1719551244403.CompareDZO(x = SZA, y = SZB, run, typeOfData, otobrajeniyeDannyh, todaysDate, vidget, DZO): null

18-11-2024T04:43:29 - [TEST_STEP][PASSED] - x1 = x: null

18-11-2024T04:43:29 - [TEST_STEP][PASSED] - y1 = y: null

18-11-2024T04:43:29 - [TEST_STEP][PASSED] - i1 = <not implemented yet for class: org.codehaus.groovy.ast.expr.EmptyExpression>: null

18-11-2024T04:43:29 - [TEST_STEP][FAILED] - if (verifyEqual(x, y) == true): Unable to verify equal between actual object '8 347  222    63 80  229 6  21 160  102 64  207 40  146 18    10 23' and expected object '289  222    63 80  229 6  21 160  102 64  207 40  146 18    10 23' (Root cause: com.kms.katalon.core.exception.StepFailedException: Actual object '8 347  222    63 80  229 6  21 160  102 64  207 40  146 18    10 23' and expected object '289  222    63 80  229 6  21 160  102 64  207 40  146 18    10 23' are not equal
	at com.kms.katalon.core.keyword.builtin.VerifyEqualKeyword$_verifyEqual_closure1.doCall(VerifyEqualKeyword.groovy:58)
	at com.kms.katalon.core.keyword.builtin.VerifyEqualKeyword$_verifyEqual_closure1.call(VerifyEqualKeyword.groovy)
	at com.kms.katalon.core.keyword.internal.KeywordMain.runKeyword(KeywordMain.groovy:75)
	at com.kms.katalon.core.keyword.builtin.VerifyEqualKeyword.verifyEqual(VerifyEqualKeyword.groovy:63)
	at com.kms.katalon.core.keyword.builtin.VerifyEqualKeyword.execute(VerifyEqualKeyword.groovy:44)
	at com.kms.katalon.core.keyword.internal.KeywordExecutor.executeKeywordForPlatform(KeywordExecutor.groovy:74)
	at com.kms.katalon.core.keyword.BuiltinKeywords.verifyEqual(BuiltinKeywords.groovy:146)
	at jdk.internal.reflect.GeneratedMethodAccessor25.invoke(Unknown Source)
	at java.base/jdk.internal.reflect.DelegatingMethodAccessorImpl.invoke(DelegatingMethodAccessorImpl.java:43)
	at Факторный анализ сверка дашбордов.CompareDZO(Факторный анализ сверка дашбордов:679)
	at Факторный анализ сверка дашбордов.Test(Факторный анализ сверка дашбордов:617)
	at Факторный анализ сверка дашбордов.run(Факторный анализ сверка дашбордов:44)
	at com.kms.katalon.core.main.ScriptEngine.run(ScriptEngine.java:194)
	at com.kms.katalon.core.main.ScriptEngine.runScriptAsRawText(ScriptEngine.java:119)
	at com.kms.katalon.core.main.TestCaseExecutor.runScript(TestCaseExecutor.java:448)
	at com.kms.katalon.core.main.TestCaseExecutor.doExecute(TestCaseExecutor.java:439)
	at com.kms.katalon.core.main.TestCaseExecutor.processExecutionPhase(TestCaseExecutor.java:418)
	at com.kms.katalon.core.main.TestCaseExecutor.accessMainPhase(TestCaseExecutor.java:410)
	at com.kms.katalon.core.main.TestCaseExecutor.execute(TestCaseExecutor.java:285)
	at com.kms.katalon.core.common.CommonExecutor.accessTestCaseMainPhase(CommonExecutor.java:65)
	at com.kms.katalon.core.main.TestSuiteExecutor.accessTestSuiteMainPhase(TestSuiteExecutor.java:150)
	at com.kms.katalon.core.main.TestSuiteExecutor.execute(TestSuiteExecutor.java:106)
	at com.kms.katalon.core.main.TestCaseMain.startTestSuite(TestCaseMain.java:180)
	at TempTestSuite1731886967590.run(TempTestSuite1731886967590.groovy:35)
	at java.base/jdk.internal.reflect.NativeMethodAccessorImpl.invoke0(Native Method)
	at java.base/jdk.internal.reflect.NativeMethodAccessorImpl.invoke(NativeMethodAccessorImpl.java:77)
	at java.base/jdk.internal.reflect.DelegatingMethodAccessorImpl.invoke(DelegatingMethodAccessorImpl.java:43)
)

18-11-2024T04:43:29 - [MESSAGE][FAILED] - Unable to verify equal between actual object '8 347  222    63 80  229 6  21 160  102 64  207 40  146 18    10 23' and expected object '289  222    63 80  229 6  21 160  102 64  207 40  146 18    10 23' (Root cause: com.kms.katalon.core.exception.StepFailedException: Actual object '8 347  222    63 80  229 6  21 160  102 64  207 40  146 18    10 23' and expected object '289  222    63 80  229 6  21 160  102 64  207 40  146 18    10 23' are not equal
	at com.kms.katalon.core.keyword.builtin.VerifyEqualKeyword$_verifyEqual_closure1.doCall(VerifyEqualKeyword.groovy:58)
	at com.kms.katalon.core.keyword.builtin.VerifyEqualKeyword$_verifyEqual_closure1.call(VerifyEqualKeyword.groovy)
	at com.kms.katalon.core.keyword.internal.KeywordMain.runKeyword(KeywordMain.groovy:75)
	at com.kms.katalon.core.keyword.builtin.VerifyEqualKeyword.verifyEqual(VerifyEqualKeyword.groovy:63)
	at com.kms.katalon.core.keyword.builtin.VerifyEqualKeyword.execute(VerifyEqualKeyword.groovy:44)
	at com.kms.katalon.core.keyword.internal.KeywordExecutor.executeKeywordForPlatform(KeywordExecutor.groovy:74)
	at com.kms.katalon.core.keyword.BuiltinKeywords.verifyEqual(BuiltinKeywords.groovy:146)
	at jdk.internal.reflect.GeneratedMethodAccessor25.invoke(Unknown Source)
	at java.base/jdk.internal.reflect.DelegatingMethodAccessorImpl.invoke(DelegatingMethodAccessorImpl.java:43)
	at Факторный анализ сверка дашбордов.CompareDZO(Факторный анализ сверка дашбордов:679)
	at Факторный анализ сверка дашбордов.Test(Факторный анализ сверка дашбордов:617)
	at Факторный анализ сверка дашбордов.run(Факторный анализ сверка дашбордов:44)
	at com.kms.katalon.core.main.ScriptEngine.run(ScriptEngine.java:194)
	at com.kms.katalon.core.main.ScriptEngine.runScriptAsRawText(ScriptEngine.java:119)
	at com.kms.katalon.core.main.TestCaseExecutor.runScript(TestCaseExecutor.java:448)
	at com.kms.katalon.core.main.TestCaseExecutor.doExecute(TestCaseExecutor.java:439)
	at com.kms.katalon.core.main.TestCaseExecutor.processExecutionPhase(TestCaseExecutor.java:418)
	at com.kms.katalon.core.main.TestCaseExecutor.accessMainPhase(TestCaseExecutor.java:410)
	at com.kms.katalon.core.main.TestCaseExecutor.execute(TestCaseExecutor.java:285)
	at com.kms.katalon.core.common.CommonExecutor.accessTestCaseMainPhase(CommonExecutor.java:65)
	at com.kms.katalon.core.main.TestSuiteExecutor.accessTestSuiteMainPhase(TestSuiteExecutor.java:150)
	at com.kms.katalon.core.main.TestSuiteExecutor.execute(TestSuiteExecutor.java:106)
	at com.kms.katalon.core.main.TestCaseMain.startTestSuite(TestCaseMain.java:180)
	at TempTestSuite1731886967590.run(TempTestSuite1731886967590.groovy:35)
	at java.base/jdk.internal.reflect.NativeMethodAccessorImpl.invoke0(Native Method)
	at java.base/jdk.internal.reflect.NativeMethodAccessorImpl.invoke(NativeMethodAccessorImpl.java:77)
	at java.base/jdk.internal.reflect.DelegatingMethodAccessorImpl.invoke(DelegatingMethodAccessorImpl.java:43)
)

18-11-2024T04:43:29 - [TEST_STEP][PASSED] - else: null

18-11-2024T04:43:29 - [TEST_STEP][PASSED] - otobrajeniyeDannyh = "Все": null

18-11-2024T04:43:29 - [TEST_STEP][PASSED] - vidget = "Всего отклонения по факторам": null

18-11-2024T04:43:29 - [TEST_STEP][PASSED] - Script1719551244403.WriteToExcel(todaysDate, typeOfData, otobrajeniyeDannyh, x, y, vidget, DZO): null

18-11-2024T04:43:29 - [TEST_STEP][PASSED] - sheetName = "Sheet1": null

18-11-2024T04:43:29 - [TEST_STEP][PASSED] - data = findTestData("PlanFact"): null

18-11-2024T04:43:29 - [TEST_STEP][PASSED] - n = data.getRowNumbers() + 1: null

18-11-2024T04:43:29 - [TEST_STEP][PASSED] - period = getText(findTestObject("Факторный анализ/Фильтр Период")): Text of object 'Object Repository/Факторный анализ/Фильтр Период' is: '1, 2, 3 кв. 2024 года'

18-11-2024T04:43:30 - [MESSAGE][PASSED] - Text of object 'Object Repository/Факторный анализ/Фильтр Период' is: '1, 2, 3 кв. 2024 года'

18-11-2024T04:43:30 - [TEST_STEP][PASSED] - println(period): null

18-11-2024T04:43:30 - [TEST_STEP][PASSED] - dashboardName = "Факторный анализ": null

18-11-2024T04:43:30 - [TEST_STEP][PASSED] - workbook01 = getWorkbook(excelFilePath): null

18-11-2024T04:43:30 - [TEST_STEP][PASSED] - sheet01 = getExcelSheet(workbook01, sheetName): null

18-11-2024T04:43:30 - [TEST_STEP][PASSED] - setValueToCellByIndex(sheet01, n, 0, dashboardName): null

18-11-2024T04:43:30 - [TEST_STEP][PASSED] - setValueToCellByIndex(sheet01, n, 1, DZO): null

18-11-2024T04:43:30 - [TEST_STEP][PASSED] - setValueToCellByIndex(sheet01, n, 2, vidget): null

18-11-2024T04:43:30 - [TEST_STEP][PASSED] - setValueToCellByIndex(sheet01, n, 3, typeOfData): null

18-11-2024T04:43:30 - [TEST_STEP][PASSED] - setValueToCellByIndex(sheet01, n, 4, otobrajeniyeDannyh): null

18-11-2024T04:43:30 - [TEST_STEP][PASSED] - setValueToCellByIndex(sheet01, n, 5, period): null

18-11-2024T04:43:30 - [TEST_STEP][PASSED] - setValueToCellByIndex(sheet01, n, 6, todaysDate): null

18-11-2024T04:43:30 - [TEST_STEP][PASSED] - n = n + 1: null

18-11-2024T04:43:30 - [TEST_STEP][PASSED] - saveWorkbook(excelFilePath, workbook01): null

18-11-2024T04:43:30 - [TEST_STEP][PASSED] - DZO = "Россети Сибирь (ГК)": null

18-11-2024T04:43:30 - [TEST_STEP][PASSED] - Script1719551244403.CompareDZO(x = SiA, y = SiB, run, typeOfData, otobrajeniyeDannyh, todaysDate, vidget, DZO): null

18-11-2024T04:43:30 - [TEST_STEP][PASSED] - x1 = x: null

18-11-2024T04:43:30 - [TEST_STEP][PASSED] - y1 = y: null

18-11-2024T04:43:30 - [TEST_STEP][PASSED] - i1 = <not implemented yet for class: org.codehaus.groovy.ast.expr.EmptyExpression>: null

18-11-2024T04:43:30 - [TEST_STEP][PASSED] - if (verifyEqual(x, y) == true): null

18-11-2024T04:43:30 - [MESSAGE][PASSED] - Actual object '10 23    275 275 95 298 114 15 1 087  413 329 205 127  112 327  363 44 120' and expected object '10 23    275 275 95 298 114 15 1 087  413 329 205 127  112 327  363 44 120' are equal

18-11-2024T04:43:30 - [TEST_STEP][PASSED] - DZO = "Россети Томск": null

18-11-2024T04:43:30 - [TEST_STEP][PASSED] - Script1719551244403.CompareDZO(x = ToA, y = ToB, run, typeOfData, otobrajeniyeDannyh, todaysDate, vidget, DZO): null

18-11-2024T04:43:30 - [TEST_STEP][PASSED] - x1 = x: null

18-11-2024T04:43:30 - [TEST_STEP][PASSED] - y1 = y: null

18-11-2024T04:43:30 - [TEST_STEP][PASSED] - i1 = <not implemented yet for class: org.codehaus.groovy.ast.expr.EmptyExpression>: null

18-11-2024T04:43:30 - [TEST_STEP][FAILED] - if (verifyEqual(x, y) == true): Unable to verify equal between actual object '44 120     6 624  125' and expected object '44 120     338  125' (Root cause: com.kms.katalon.core.exception.StepFailedException: Actual object '44 120     6 624  125' and expected object '44 120     338  125' are not equal
	at com.kms.katalon.core.keyword.builtin.VerifyEqualKeyword$_verifyEqual_closure1.doCall(VerifyEqualKeyword.groovy:58)
	at com.kms.katalon.core.keyword.builtin.VerifyEqualKeyword$_verifyEqual_closure1.call(VerifyEqualKeyword.groovy)
	at com.kms.katalon.core.keyword.internal.KeywordMain.runKeyword(KeywordMain.groovy:75)
	at com.kms.katalon.core.keyword.builtin.VerifyEqualKeyword.verifyEqual(VerifyEqualKeyword.groovy:63)
	at com.kms.katalon.core.keyword.builtin.VerifyEqualKeyword.execute(VerifyEqualKeyword.groovy:44)
	at com.kms.katalon.core.keyword.internal.KeywordExecutor.executeKeywordForPlatform(KeywordExecutor.groovy:74)
	at com.kms.katalon.core.keyword.BuiltinKeywords.verifyEqual(BuiltinKeywords.groovy:146)
	at jdk.internal.reflect.GeneratedMethodAccessor25.invoke(Unknown Source)
	at java.base/jdk.internal.reflect.DelegatingMethodAccessorImpl.invoke(DelegatingMethodAccessorImpl.java:43)
	at Факторный анализ сверка дашбордов.CompareDZO(Факторный анализ сверка дашбордов:679)
	at Факторный анализ сверка дашбордов.Test(Факторный анализ сверка дашбордов:625)
	at Факторный анализ сверка дашбордов.run(Факторный анализ сверка дашбордов:44)
	at com.kms.katalon.core.main.ScriptEngine.run(ScriptEngine.java:194)
	at com.kms.katalon.core.main.ScriptEngine.runScriptAsRawText(ScriptEngine.java:119)
	at com.kms.katalon.core.main.TestCaseExecutor.runScript(TestCaseExecutor.java:448)
	at com.kms.katalon.core.main.TestCaseExecutor.doExecute(TestCaseExecutor.java:439)
	at com.kms.katalon.core.main.TestCaseExecutor.processExecutionPhase(TestCaseExecutor.java:418)
	at com.kms.katalon.core.main.TestCaseExecutor.accessMainPhase(TestCaseExecutor.java:410)
	at com.kms.katalon.core.main.TestCaseExecutor.execute(TestCaseExecutor.java:285)
	at com.kms.katalon.core.common.CommonExecutor.accessTestCaseMainPhase(CommonExecutor.java:65)
	at com.kms.katalon.core.main.TestSuiteExecutor.accessTestSuiteMainPhase(TestSuiteExecutor.java:150)
	at com.kms.katalon.core.main.TestSuiteExecutor.execute(TestSuiteExecutor.java:106)
	at com.kms.katalon.core.main.TestCaseMain.startTestSuite(TestCaseMain.java:180)
	at TempTestSuite1731886967590.run(TempTestSuite1731886967590.groovy:35)
	at java.base/jdk.internal.reflect.NativeMethodAccessorImpl.invoke0(Native Method)
	at java.base/jdk.internal.reflect.NativeMethodAccessorImpl.invoke(NativeMethodAccessorImpl.java:77)
	at java.base/jdk.internal.reflect.DelegatingMethodAccessorImpl.invoke(DelegatingMethodAccessorImpl.java:43)
)

18-11-2024T04:43:30 - [MESSAGE][FAILED] - Unable to verify equal between actual object '44 120     6 624  125' and expected object '44 120     338  125' (Root cause: com.kms.katalon.core.exception.StepFailedException: Actual object '44 120     6 624  125' and expected object '44 120     338  125' are not equal
	at com.kms.katalon.core.keyword.builtin.VerifyEqualKeyword$_verifyEqual_closure1.doCall(VerifyEqualKeyword.groovy:58)
	at com.kms.katalon.core.keyword.builtin.VerifyEqualKeyword$_verifyEqual_closure1.call(VerifyEqualKeyword.groovy)
	at com.kms.katalon.core.keyword.internal.KeywordMain.runKeyword(KeywordMain.groovy:75)
	at com.kms.katalon.core.keyword.builtin.VerifyEqualKeyword.verifyEqual(VerifyEqualKeyword.groovy:63)
	at com.kms.katalon.core.keyword.builtin.VerifyEqualKeyword.execute(VerifyEqualKeyword.groovy:44)
	at com.kms.katalon.core.keyword.internal.KeywordExecutor.executeKeywordForPlatform(KeywordExecutor.groovy:74)
	at com.kms.katalon.core.keyword.BuiltinKeywords.verifyEqual(BuiltinKeywords.groovy:146)
	at jdk.internal.reflect.GeneratedMethodAccessor25.invoke(Unknown Source)
	at java.base/jdk.internal.reflect.DelegatingMethodAccessorImpl.invoke(DelegatingMethodAccessorImpl.java:43)
	at Факторный анализ сверка дашбордов.CompareDZO(Факторный анализ сверка дашбордов:679)
	at Факторный анализ сверка дашбордов.Test(Факторный анализ сверка дашбордов:625)
	at Факторный анализ сверка дашбордов.run(Факторный анализ сверка дашбордов:44)
	at com.kms.katalon.core.main.ScriptEngine.run(ScriptEngine.java:194)
	at com.kms.katalon.core.main.ScriptEngine.runScriptAsRawText(ScriptEngine.java:119)
	at com.kms.katalon.core.main.TestCaseExecutor.runScript(TestCaseExecutor.java:448)
	at com.kms.katalon.core.main.TestCaseExecutor.doExecute(TestCaseExecutor.java:439)
	at com.kms.katalon.core.main.TestCaseExecutor.processExecutionPhase(TestCaseExecutor.java:418)
	at com.kms.katalon.core.main.TestCaseExecutor.accessMainPhase(TestCaseExecutor.java:410)
	at com.kms.katalon.core.main.TestCaseExecutor.execute(TestCaseExecutor.java:285)
	at com.kms.katalon.core.common.CommonExecutor.accessTestCaseMainPhase(CommonExecutor.java:65)
	at com.kms.katalon.core.main.TestSuiteExecutor.accessTestSuiteMainPhase(TestSuiteExecutor.java:150)
	at com.kms.katalon.core.main.TestSuiteExecutor.execute(TestSuiteExecutor.java:106)
	at com.kms.katalon.core.main.TestCaseMain.startTestSuite(TestCaseMain.java:180)
	at TempTestSuite1731886967590.run(TempTestSuite1731886967590.groovy:35)
	at java.base/jdk.internal.reflect.NativeMethodAccessorImpl.invoke0(Native Method)
	at java.base/jdk.internal.reflect.NativeMethodAccessorImpl.invoke(NativeMethodAccessorImpl.java:77)
	at java.base/jdk.internal.reflect.DelegatingMethodAccessorImpl.invoke(DelegatingMethodAccessorImpl.java:43)
)

18-11-2024T04:43:30 - [TEST_STEP][PASSED] - else: null

18-11-2024T04:43:30 - [TEST_STEP][PASSED] - otobrajeniyeDannyh = "Все": null

18-11-2024T04:43:30 - [TEST_STEP][PASSED] - vidget = "Всего отклонения по факторам": null

18-11-2024T04:43:30 - [TEST_STEP][PASSED] - Script1719551244403.WriteToExcel(todaysDate, typeOfData, otobrajeniyeDannyh, x, y, vidget, DZO): null

18-11-2024T04:43:30 - [TEST_STEP][PASSED] - sheetName = "Sheet1": null

18-11-2024T04:43:30 - [TEST_STEP][PASSED] - data = findTestData("PlanFact"): null

18-11-2024T04:43:30 - [TEST_STEP][PASSED] - n = data.getRowNumbers() + 1: null

18-11-2024T04:43:30 - [TEST_STEP][PASSED] - period = getText(findTestObject("Факторный анализ/Фильтр Период")): Text of object 'Object Repository/Факторный анализ/Фильтр Период' is: '1, 2, 3 кв. 2024 года'

18-11-2024T04:43:30 - [MESSAGE][PASSED] - Text of object 'Object Repository/Факторный анализ/Фильтр Период' is: '1, 2, 3 кв. 2024 года'

18-11-2024T04:43:30 - [TEST_STEP][PASSED] - println(period): null

18-11-2024T04:43:30 - [TEST_STEP][PASSED] - dashboardName = "Факторный анализ": null

18-11-2024T04:43:30 - [TEST_STEP][PASSED] - workbook01 = getWorkbook(excelFilePath): null

18-11-2024T04:43:30 - [TEST_STEP][PASSED] - sheet01 = getExcelSheet(workbook01, sheetName): null

18-11-2024T04:43:30 - [TEST_STEP][PASSED] - setValueToCellByIndex(sheet01, n, 0, dashboardName): null

18-11-2024T04:43:30 - [TEST_STEP][PASSED] - setValueToCellByIndex(sheet01, n, 1, DZO): null

18-11-2024T04:43:30 - [TEST_STEP][PASSED] - setValueToCellByIndex(sheet01, n, 2, vidget): null

18-11-2024T04:43:30 - [TEST_STEP][PASSED] - setValueToCellByIndex(sheet01, n, 3, typeOfData): null

18-11-2024T04:43:30 - [TEST_STEP][PASSED] - setValueToCellByIndex(sheet01, n, 4, otobrajeniyeDannyh): null

18-11-2024T04:43:30 - [TEST_STEP][PASSED] - setValueToCellByIndex(sheet01, n, 5, period): null

18-11-2024T04:43:30 - [TEST_STEP][PASSED] - setValueToCellByIndex(sheet01, n, 6, todaysDate): null

18-11-2024T04:43:30 - [TEST_STEP][PASSED] - n = n + 1: null

18-11-2024T04:43:30 - [TEST_STEP][PASSED] - saveWorkbook(excelFilePath, workbook01): null

18-11-2024T04:43:31 - [TEST_STEP][PASSED] - DZO = "Россети Тюмень": null

18-11-2024T04:43:31 - [TEST_STEP][PASSED] - Script1719551244403.CompareDZO(x = TyuA, y = TyuB, run, typeOfData, otobrajeniyeDannyh, todaysDate, vidget, DZO): null

18-11-2024T04:43:31 - [TEST_STEP][PASSED] - x1 = x: null

18-11-2024T04:43:31 - [TEST_STEP][PASSED] - y1 = y: null

18-11-2024T04:43:31 - [TEST_STEP][PASSED] - i1 = <not implemented yet for class: org.codehaus.groovy.ast.expr.EmptyExpression>: null

18-11-2024T04:43:31 - [TEST_STEP][FAILED] - if (verifyEqual(x, y) == true): Unable to verify equal between actual object '6 624  125' and expected object '338  125' (Root cause: com.kms.katalon.core.exception.StepFailedException: Actual object '6 624  125' and expected object '338  125' are not equal
	at com.kms.katalon.core.keyword.builtin.VerifyEqualKeyword$_verifyEqual_closure1.doCall(VerifyEqualKeyword.groovy:58)
	at com.kms.katalon.core.keyword.builtin.VerifyEqualKeyword$_verifyEqual_closure1.call(VerifyEqualKeyword.groovy)
	at com.kms.katalon.core.keyword.internal.KeywordMain.runKeyword(KeywordMain.groovy:75)
	at com.kms.katalon.core.keyword.builtin.VerifyEqualKeyword.verifyEqual(VerifyEqualKeyword.groovy:63)
	at com.kms.katalon.core.keyword.builtin.VerifyEqualKeyword.execute(VerifyEqualKeyword.groovy:44)
	at com.kms.katalon.core.keyword.internal.KeywordExecutor.executeKeywordForPlatform(KeywordExecutor.groovy:74)
	at com.kms.katalon.core.keyword.BuiltinKeywords.verifyEqual(BuiltinKeywords.groovy:146)
	at jdk.internal.reflect.GeneratedMethodAccessor25.invoke(Unknown Source)
	at java.base/jdk.internal.reflect.DelegatingMethodAccessorImpl.invoke(DelegatingMethodAccessorImpl.java:43)
	at Факторный анализ сверка дашбордов.CompareDZO(Факторный анализ сверка дашбордов:679)
	at Факторный анализ сверка дашбордов.Test(Факторный анализ сверка дашбордов:629)
	at Факторный анализ сверка дашбордов.run(Факторный анализ сверка дашбордов:44)
	at com.kms.katalon.core.main.ScriptEngine.run(ScriptEngine.java:194)
	at com.kms.katalon.core.main.ScriptEngine.runScriptAsRawText(ScriptEngine.java:119)
	at com.kms.katalon.core.main.TestCaseExecutor.runScript(TestCaseExecutor.java:448)
	at com.kms.katalon.core.main.TestCaseExecutor.doExecute(TestCaseExecutor.java:439)
	at com.kms.katalon.core.main.TestCaseExecutor.processExecutionPhase(TestCaseExecutor.java:418)
	at com.kms.katalon.core.main.TestCaseExecutor.accessMainPhase(TestCaseExecutor.java:410)
	at com.kms.katalon.core.main.TestCaseExecutor.execute(TestCaseExecutor.java:285)
	at com.kms.katalon.core.common.CommonExecutor.accessTestCaseMainPhase(CommonExecutor.java:65)
	at com.kms.katalon.core.main.TestSuiteExecutor.accessTestSuiteMainPhase(TestSuiteExecutor.java:150)
	at com.kms.katalon.core.main.TestSuiteExecutor.execute(TestSuiteExecutor.java:106)
	at com.kms.katalon.core.main.TestCaseMain.startTestSuite(TestCaseMain.java:180)
	at TempTestSuite1731886967590.run(TempTestSuite1731886967590.groovy:35)
	at java.base/jdk.internal.reflect.NativeMethodAccessorImpl.invoke0(Native Method)
	at java.base/jdk.internal.reflect.NativeMethodAccessorImpl.invoke(NativeMethodAccessorImpl.java:77)
	at java.base/jdk.internal.reflect.DelegatingMethodAccessorImpl.invoke(DelegatingMethodAccessorImpl.java:43)
)

18-11-2024T04:43:31 - [MESSAGE][FAILED] - Unable to verify equal between actual object '6 624  125' and expected object '338  125' (Root cause: com.kms.katalon.core.exception.StepFailedException: Actual object '6 624  125' and expected object '338  125' are not equal
	at com.kms.katalon.core.keyword.builtin.VerifyEqualKeyword$_verifyEqual_closure1.doCall(VerifyEqualKeyword.groovy:58)
	at com.kms.katalon.core.keyword.builtin.VerifyEqualKeyword$_verifyEqual_closure1.call(VerifyEqualKeyword.groovy)
	at com.kms.katalon.core.keyword.internal.KeywordMain.runKeyword(KeywordMain.groovy:75)
	at com.kms.katalon.core.keyword.builtin.VerifyEqualKeyword.verifyEqual(VerifyEqualKeyword.groovy:63)
	at com.kms.katalon.core.keyword.builtin.VerifyEqualKeyword.execute(VerifyEqualKeyword.groovy:44)
	at com.kms.katalon.core.keyword.internal.KeywordExecutor.executeKeywordForPlatform(KeywordExecutor.groovy:74)
	at com.kms.katalon.core.keyword.BuiltinKeywords.verifyEqual(BuiltinKeywords.groovy:146)
	at jdk.internal.reflect.GeneratedMethodAccessor25.invoke(Unknown Source)
	at java.base/jdk.internal.reflect.DelegatingMethodAccessorImpl.invoke(DelegatingMethodAccessorImpl.java:43)
	at Факторный анализ сверка дашбордов.CompareDZO(Факторный анализ сверка дашбордов:679)
	at Факторный анализ сверка дашбордов.Test(Факторный анализ сверка дашбордов:629)
	at Факторный анализ сверка дашбордов.run(Факторный анализ сверка дашбордов:44)
	at com.kms.katalon.core.main.ScriptEngine.run(ScriptEngine.java:194)
	at com.kms.katalon.core.main.ScriptEngine.runScriptAsRawText(ScriptEngine.java:119)
	at com.kms.katalon.core.main.TestCaseExecutor.runScript(TestCaseExecutor.java:448)
	at com.kms.katalon.core.main.TestCaseExecutor.doExecute(TestCaseExecutor.java:439)
	at com.kms.katalon.core.main.TestCaseExecutor.processExecutionPhase(TestCaseExecutor.java:418)
	at com.kms.katalon.core.main.TestCaseExecutor.accessMainPhase(TestCaseExecutor.java:410)
	at com.kms.katalon.core.main.TestCaseExecutor.execute(TestCaseExecutor.java:285)
	at com.kms.katalon.core.common.CommonExecutor.accessTestCaseMainPhase(CommonExecutor.java:65)
	at com.kms.katalon.core.main.TestSuiteExecutor.accessTestSuiteMainPhase(TestSuiteExecutor.java:150)
	at com.kms.katalon.core.main.TestSuiteExecutor.execute(TestSuiteExecutor.java:106)
	at com.kms.katalon.core.main.TestCaseMain.startTestSuite(TestCaseMain.java:180)
	at TempTestSuite1731886967590.run(TempTestSuite1731886967590.groovy:35)
	at java.base/jdk.internal.reflect.NativeMethodAccessorImpl.invoke0(Native Method)
	at java.base/jdk.internal.reflect.NativeMethodAccessorImpl.invoke(NativeMethodAccessorImpl.java:77)
	at java.base/jdk.internal.reflect.DelegatingMethodAccessorImpl.invoke(DelegatingMethodAccessorImpl.java:43)
)

18-11-2024T04:43:31 - [TEST_STEP][PASSED] - else: null

18-11-2024T04:43:31 - [TEST_STEP][PASSED] - otobrajeniyeDannyh = "Все": null

18-11-2024T04:43:31 - [TEST_STEP][PASSED] - vidget = "Всего отклонения по факторам": null

18-11-2024T04:43:31 - [TEST_STEP][PASSED] - Script1719551244403.WriteToExcel(todaysDate, typeOfData, otobrajeniyeDannyh, x, y, vidget, DZO): null

18-11-2024T04:43:31 - [TEST_STEP][PASSED] - sheetName = "Sheet1": null

18-11-2024T04:43:31 - [TEST_STEP][PASSED] - data = findTestData("PlanFact"): null

18-11-2024T04:43:31 - [TEST_STEP][PASSED] - n = data.getRowNumbers() + 1: null

18-11-2024T04:43:31 - [TEST_STEP][PASSED] - period = getText(findTestObject("Факторный анализ/Фильтр Период")): Text of object 'Object Repository/Факторный анализ/Фильтр Период' is: '1, 2, 3 кв. 2024 года'

18-11-2024T04:43:31 - [MESSAGE][PASSED] - Text of object 'Object Repository/Факторный анализ/Фильтр Период' is: '1, 2, 3 кв. 2024 года'

18-11-2024T04:43:31 - [TEST_STEP][PASSED] - println(period): null

18-11-2024T04:43:31 - [TEST_STEP][PASSED] - dashboardName = "Факторный анализ": null

18-11-2024T04:43:31 - [TEST_STEP][PASSED] - workbook01 = getWorkbook(excelFilePath): null

18-11-2024T04:43:31 - [TEST_STEP][PASSED] - sheet01 = getExcelSheet(workbook01, sheetName): null

18-11-2024T04:43:31 - [TEST_STEP][PASSED] - setValueToCellByIndex(sheet01, n, 0, dashboardName): null

18-11-2024T04:43:31 - [TEST_STEP][PASSED] - setValueToCellByIndex(sheet01, n, 1, DZO): null

18-11-2024T04:43:31 - [TEST_STEP][PASSED] - setValueToCellByIndex(sheet01, n, 2, vidget): null

18-11-2024T04:43:31 - [TEST_STEP][PASSED] - setValueToCellByIndex(sheet01, n, 3, typeOfData): null

18-11-2024T04:43:31 - [TEST_STEP][PASSED] - setValueToCellByIndex(sheet01, n, 4, otobrajeniyeDannyh): null

18-11-2024T04:43:31 - [TEST_STEP][PASSED] - setValueToCellByIndex(sheet01, n, 5, period): null

18-11-2024T04:43:31 - [TEST_STEP][PASSED] - setValueToCellByIndex(sheet01, n, 6, todaysDate): null

18-11-2024T04:43:31 - [TEST_STEP][PASSED] - n = n + 1: null

18-11-2024T04:43:31 - [TEST_STEP][PASSED] - saveWorkbook(excelFilePath, workbook01): null

18-11-2024T04:43:31 - [TEST_STEP][PASSED] - DZO = "Россети Урал (ГК)": null

18-11-2024T04:43:31 - [TEST_STEP][PASSED] - Script1719551244403.CompareDZO(x = UrA, y = UrB, run, typeOfData, otobrajeniyeDannyh, todaysDate, vidget, DZO): null

18-11-2024T04:43:31 - [TEST_STEP][PASSED] - x1 = x: null

18-11-2024T04:43:31 - [TEST_STEP][PASSED] - y1 = y: null

18-11-2024T04:43:31 - [TEST_STEP][PASSED] - i1 = <not implemented yet for class: org.codehaus.groovy.ast.expr.EmptyExpression>: null

18-11-2024T04:43:31 - [TEST_STEP][FAILED] - if (verifyEqual(x, y) == true): Unable to verify equal between actual object '65 636  459    594  218 805 233 973  671' and expected object '3 853  459    594  218 805 233 973  671' (Root cause: com.kms.katalon.core.exception.StepFailedException: Actual object '65 636  459    594  218 805 233 973  671' and expected object '3 853  459    594  218 805 233 973  671' are not equal
	at com.kms.katalon.core.keyword.builtin.VerifyEqualKeyword$_verifyEqual_closure1.doCall(VerifyEqualKeyword.groovy:58)
	at com.kms.katalon.core.keyword.builtin.VerifyEqualKeyword$_verifyEqual_closure1.call(VerifyEqualKeyword.groovy)
	at com.kms.katalon.core.keyword.internal.KeywordMain.runKeyword(KeywordMain.groovy:75)
	at com.kms.katalon.core.keyword.builtin.VerifyEqualKeyword.verifyEqual(VerifyEqualKeyword.groovy:63)
	at com.kms.katalon.core.keyword.builtin.VerifyEqualKeyword.execute(VerifyEqualKeyword.groovy:44)
	at com.kms.katalon.core.keyword.internal.KeywordExecutor.executeKeywordForPlatform(KeywordExecutor.groovy:74)
	at com.kms.katalon.core.keyword.BuiltinKeywords.verifyEqual(BuiltinKeywords.groovy:146)
	at jdk.internal.reflect.GeneratedMethodAccessor25.invoke(Unknown Source)
	at java.base/jdk.internal.reflect.DelegatingMethodAccessorImpl.invoke(DelegatingMethodAccessorImpl.java:43)
	at Факторный анализ сверка дашбордов.CompareDZO(Факторный анализ сверка дашбордов:679)
	at Факторный анализ сверка дашбордов.Test(Факторный анализ сверка дашбордов:633)
	at Факторный анализ сверка дашбордов.run(Факторный анализ сверка дашбордов:44)
	at com.kms.katalon.core.main.ScriptEngine.run(ScriptEngine.java:194)
	at com.kms.katalon.core.main.ScriptEngine.runScriptAsRawText(ScriptEngine.java:119)
	at com.kms.katalon.core.main.TestCaseExecutor.runScript(TestCaseExecutor.java:448)
	at com.kms.katalon.core.main.TestCaseExecutor.doExecute(TestCaseExecutor.java:439)
	at com.kms.katalon.core.main.TestCaseExecutor.processExecutionPhase(TestCaseExecutor.java:418)
	at com.kms.katalon.core.main.TestCaseExecutor.accessMainPhase(TestCaseExecutor.java:410)
	at com.kms.katalon.core.main.TestCaseExecutor.execute(TestCaseExecutor.java:285)
	at com.kms.katalon.core.common.CommonExecutor.accessTestCaseMainPhase(CommonExecutor.java:65)
	at com.kms.katalon.core.main.TestSuiteExecutor.accessTestSuiteMainPhase(TestSuiteExecutor.java:150)
	at com.kms.katalon.core.main.TestSuiteExecutor.execute(TestSuiteExecutor.java:106)
	at com.kms.katalon.core.main.TestCaseMain.startTestSuite(TestCaseMain.java:180)
	at TempTestSuite1731886967590.run(TempTestSuite1731886967590.groovy:35)
	at java.base/jdk.internal.reflect.NativeMethodAccessorImpl.invoke0(Native Method)
	at java.base/jdk.internal.reflect.NativeMethodAccessorImpl.invoke(NativeMethodAccessorImpl.java:77)
	at java.base/jdk.internal.reflect.DelegatingMethodAccessorImpl.invoke(DelegatingMethodAccessorImpl.java:43)
)

18-11-2024T04:43:31 - [MESSAGE][FAILED] - Unable to verify equal between actual object '65 636  459    594  218 805 233 973  671' and expected object '3 853  459    594  218 805 233 973  671' (Root cause: com.kms.katalon.core.exception.StepFailedException: Actual object '65 636  459    594  218 805 233 973  671' and expected object '3 853  459    594  218 805 233 973  671' are not equal
	at com.kms.katalon.core.keyword.builtin.VerifyEqualKeyword$_verifyEqual_closure1.doCall(VerifyEqualKeyword.groovy:58)
	at com.kms.katalon.core.keyword.builtin.VerifyEqualKeyword$_verifyEqual_closure1.call(VerifyEqualKeyword.groovy)
	at com.kms.katalon.core.keyword.internal.KeywordMain.runKeyword(KeywordMain.groovy:75)
	at com.kms.katalon.core.keyword.builtin.VerifyEqualKeyword.verifyEqual(VerifyEqualKeyword.groovy:63)
	at com.kms.katalon.core.keyword.builtin.VerifyEqualKeyword.execute(VerifyEqualKeyword.groovy:44)
	at com.kms.katalon.core.keyword.internal.KeywordExecutor.executeKeywordForPlatform(KeywordExecutor.groovy:74)
	at com.kms.katalon.core.keyword.BuiltinKeywords.verifyEqual(BuiltinKeywords.groovy:146)
	at jdk.internal.reflect.GeneratedMethodAccessor25.invoke(Unknown Source)
	at java.base/jdk.internal.reflect.DelegatingMethodAccessorImpl.invoke(DelegatingMethodAccessorImpl.java:43)
	at Факторный анализ сверка дашбордов.CompareDZO(Факторный анализ сверка дашбордов:679)
	at Факторный анализ сверка дашбордов.Test(Факторный анализ сверка дашбордов:633)
	at Факторный анализ сверка дашбордов.run(Факторный анализ сверка дашбордов:44)
	at com.kms.katalon.core.main.ScriptEngine.run(ScriptEngine.java:194)
	at com.kms.katalon.core.main.ScriptEngine.runScriptAsRawText(ScriptEngine.java:119)
	at com.kms.katalon.core.main.TestCaseExecutor.runScript(TestCaseExecutor.java:448)
	at com.kms.katalon.core.main.TestCaseExecutor.doExecute(TestCaseExecutor.java:439)
	at com.kms.katalon.core.main.TestCaseExecutor.processExecutionPhase(TestCaseExecutor.java:418)
	at com.kms.katalon.core.main.TestCaseExecutor.accessMainPhase(TestCaseExecutor.java:410)
	at com.kms.katalon.core.main.TestCaseExecutor.execute(TestCaseExecutor.java:285)
	at com.kms.katalon.core.common.CommonExecutor.accessTestCaseMainPhase(CommonExecutor.java:65)
	at com.kms.katalon.core.main.TestSuiteExecutor.accessTestSuiteMainPhase(TestSuiteExecutor.java:150)
	at com.kms.katalon.core.main.TestSuiteExecutor.execute(TestSuiteExecutor.java:106)
	at com.kms.katalon.core.main.TestCaseMain.startTestSuite(TestCaseMain.java:180)
	at TempTestSuite1731886967590.run(TempTestSuite1731886967590.groovy:35)
	at java.base/jdk.internal.reflect.NativeMethodAccessorImpl.invoke0(Native Method)
	at java.base/jdk.internal.reflect.NativeMethodAccessorImpl.invoke(NativeMethodAccessorImpl.java:77)
	at java.base/jdk.internal.reflect.DelegatingMethodAccessorImpl.invoke(DelegatingMethodAccessorImpl.java:43)
)

18-11-2024T04:43:31 - [TEST_STEP][PASSED] - else: null

18-11-2024T04:43:31 - [TEST_STEP][PASSED] - otobrajeniyeDannyh = "Все": null

18-11-2024T04:43:31 - [TEST_STEP][PASSED] - vidget = "Всего отклонения по факторам": null

18-11-2024T04:43:31 - [TEST_STEP][PASSED] - Script1719551244403.WriteToExcel(todaysDate, typeOfData, otobrajeniyeDannyh, x, y, vidget, DZO): null

18-11-2024T04:43:31 - [TEST_STEP][PASSED] - sheetName = "Sheet1": null

18-11-2024T04:43:31 - [TEST_STEP][PASSED] - data = findTestData("PlanFact"): null

18-11-2024T04:43:31 - [TEST_STEP][PASSED] - n = data.getRowNumbers() + 1: null

18-11-2024T04:43:31 - [TEST_STEP][PASSED] - period = getText(findTestObject("Факторный анализ/Фильтр Период")): Text of object 'Object Repository/Факторный анализ/Фильтр Период' is: '1, 2, 3 кв. 2024 года'

18-11-2024T04:43:32 - [MESSAGE][PASSED] - Text of object 'Object Repository/Факторный анализ/Фильтр Период' is: '1, 2, 3 кв. 2024 года'

18-11-2024T04:43:32 - [TEST_STEP][PASSED] - println(period): null

18-11-2024T04:43:32 - [TEST_STEP][PASSED] - dashboardName = "Факторный анализ": null

18-11-2024T04:43:32 - [TEST_STEP][PASSED] - workbook01 = getWorkbook(excelFilePath): null

18-11-2024T04:43:32 - [TEST_STEP][PASSED] - sheet01 = getExcelSheet(workbook01, sheetName): null

18-11-2024T04:43:32 - [TEST_STEP][PASSED] - setValueToCellByIndex(sheet01, n, 0, dashboardName): null

18-11-2024T04:43:32 - [TEST_STEP][PASSED] - setValueToCellByIndex(sheet01, n, 1, DZO): null

18-11-2024T04:43:32 - [TEST_STEP][PASSED] - setValueToCellByIndex(sheet01, n, 2, vidget): null

18-11-2024T04:43:32 - [TEST_STEP][PASSED] - setValueToCellByIndex(sheet01, n, 3, typeOfData): null

18-11-2024T04:43:32 - [TEST_STEP][PASSED] - setValueToCellByIndex(sheet01, n, 4, otobrajeniyeDannyh): null

18-11-2024T04:43:32 - [TEST_STEP][PASSED] - setValueToCellByIndex(sheet01, n, 5, period): null

18-11-2024T04:43:32 - [TEST_STEP][PASSED] - setValueToCellByIndex(sheet01, n, 6, todaysDate): null

18-11-2024T04:43:32 - [TEST_STEP][PASSED] - n = n + 1: null

18-11-2024T04:43:32 - [TEST_STEP][PASSED] - saveWorkbook(excelFilePath, workbook01): null

18-11-2024T04:43:32 - [TEST_STEP][PASSED] - DZO = "Россети ФСК ЕЭС": null

18-11-2024T04:43:32 - [TEST_STEP][PASSED] - Script1719551244403.CompareDZO(x = FSKA, y = FSKB, run, typeOfData, otobrajeniyeDannyh, todaysDate, vidget, DZO): null

18-11-2024T04:43:32 - [TEST_STEP][PASSED] - x1 = x: null

18-11-2024T04:43:32 - [TEST_STEP][PASSED] - y1 = y: null

18-11-2024T04:43:32 - [TEST_STEP][PASSED] - i1 = <not implemented yet for class: org.codehaus.groovy.ast.expr.EmptyExpression>: null

18-11-2024T04:43:32 - [TEST_STEP][PASSED] - if (verifyEqual(x, y) == true): null

18-11-2024T04:43:32 - [MESSAGE][PASSED] - Actual object '973  671       8 044 6 045' and expected object '973  671       8 044 6 045' are equal

18-11-2024T04:43:32 - [TEST_STEP][PASSED] - DZO = "Центр": null

18-11-2024T04:43:32 - [TEST_STEP][PASSED] - Script1719551244403.CompareDZO(x = CenA, y = CenB, run, typeOfData, otobrajeniyeDannyh, todaysDate, vidget, DZO): null

18-11-2024T04:43:32 - [TEST_STEP][PASSED] - x1 = x: null

18-11-2024T04:43:32 - [TEST_STEP][PASSED] - y1 = y: null

18-11-2024T04:43:32 - [TEST_STEP][PASSED] - i1 = <not implemented yet for class: org.codehaus.groovy.ast.expr.EmptyExpression>: null

18-11-2024T04:43:32 - [TEST_STEP][FAILED] - if (verifyEqual(x, y) == true): Unable to verify equal between actual object '8 044 6 045   299 111 4 489 32 12 187 182 83 2 2 381 132 731  322 3 553 22 6 765 35 5 262 4 319 127 6 307 31' and expected object '8 044 6 045   299 111 73 22 602 133 83 2 96 86 731  322 148 21 64 35 276 4 319 127 545 4' (Root cause: com.kms.katalon.core.exception.StepFailedException: Actual object '8 044 6 045   299 111 4 489 32 12 187 182 83 2 2 381 132 731  322 3 553 22 6 765 35 5 262 4 319 127 6 307 31' and expected object '8 044 6 045   299 111 73 22 602 133 83 2 96 86 731  322 148 21 64 35 276 4 319 127 545 4' are not equal
	at com.kms.katalon.core.keyword.builtin.VerifyEqualKeyword$_verifyEqual_closure1.doCall(VerifyEqualKeyword.groovy:58)
	at com.kms.katalon.core.keyword.builtin.VerifyEqualKeyword$_verifyEqual_closure1.call(VerifyEqualKeyword.groovy)
	at com.kms.katalon.core.keyword.internal.KeywordMain.runKeyword(KeywordMain.groovy:75)
	at com.kms.katalon.core.keyword.builtin.VerifyEqualKeyword.verifyEqual(VerifyEqualKeyword.groovy:63)
	at com.kms.katalon.core.keyword.builtin.VerifyEqualKeyword.execute(VerifyEqualKeyword.groovy:44)
	at com.kms.katalon.core.keyword.internal.KeywordExecutor.executeKeywordForPlatform(KeywordExecutor.groovy:74)
	at com.kms.katalon.core.keyword.BuiltinKeywords.verifyEqual(BuiltinKeywords.groovy:146)
	at jdk.internal.reflect.GeneratedMethodAccessor25.invoke(Unknown Source)
	at java.base/jdk.internal.reflect.DelegatingMethodAccessorImpl.invoke(DelegatingMethodAccessorImpl.java:43)
	at Факторный анализ сверка дашбордов.CompareDZO(Факторный анализ сверка дашбордов:679)
	at Факторный анализ сверка дашбордов.Test(Факторный анализ сверка дашбордов:641)
	at Факторный анализ сверка дашбордов.run(Факторный анализ сверка дашбордов:44)
	at com.kms.katalon.core.main.ScriptEngine.run(ScriptEngine.java:194)
	at com.kms.katalon.core.main.ScriptEngine.runScriptAsRawText(ScriptEngine.java:119)
	at com.kms.katalon.core.main.TestCaseExecutor.runScript(TestCaseExecutor.java:448)
	at com.kms.katalon.core.main.TestCaseExecutor.doExecute(TestCaseExecutor.java:439)
	at com.kms.katalon.core.main.TestCaseExecutor.processExecutionPhase(TestCaseExecutor.java:418)
	at com.kms.katalon.core.main.TestCaseExecutor.accessMainPhase(TestCaseExecutor.java:410)
	at com.kms.katalon.core.main.TestCaseExecutor.execute(TestCaseExecutor.java:285)
	at com.kms.katalon.core.common.CommonExecutor.accessTestCaseMainPhase(CommonExecutor.java:65)
	at com.kms.katalon.core.main.TestSuiteExecutor.accessTestSuiteMainPhase(TestSuiteExecutor.java:150)
	at com.kms.katalon.core.main.TestSuiteExecutor.execute(TestSuiteExecutor.java:106)
	at com.kms.katalon.core.main.TestCaseMain.startTestSuite(TestCaseMain.java:180)
	at TempTestSuite1731886967590.run(TempTestSuite1731886967590.groovy:35)
	at java.base/jdk.internal.reflect.NativeMethodAccessorImpl.invoke0(Native Method)
	at java.base/jdk.internal.reflect.NativeMethodAccessorImpl.invoke(NativeMethodAccessorImpl.java:77)
	at java.base/jdk.internal.reflect.DelegatingMethodAccessorImpl.invoke(DelegatingMethodAccessorImpl.java:43)
)

18-11-2024T04:43:32 - [MESSAGE][FAILED] - Unable to verify equal between actual object '8 044 6 045   299 111 4 489 32 12 187 182 83 2 2 381 132 731  322 3 553 22 6 765 35 5 262 4 319 127 6 307 31' and expected object '8 044 6 045   299 111 73 22 602 133 83 2 96 86 731  322 148 21 64 35 276 4 319 127 545 4' (Root cause: com.kms.katalon.core.exception.StepFailedException: Actual object '8 044 6 045   299 111 4 489 32 12 187 182 83 2 2 381 132 731  322 3 553 22 6 765 35 5 262 4 319 127 6 307 31' and expected object '8 044 6 045   299 111 73 22 602 133 83 2 96 86 731  322 148 21 64 35 276 4 319 127 545 4' are not equal
	at com.kms.katalon.core.keyword.builtin.VerifyEqualKeyword$_verifyEqual_closure1.doCall(VerifyEqualKeyword.groovy:58)
	at com.kms.katalon.core.keyword.builtin.VerifyEqualKeyword$_verifyEqual_closure1.call(VerifyEqualKeyword.groovy)
	at com.kms.katalon.core.keyword.internal.KeywordMain.runKeyword(KeywordMain.groovy:75)
	at com.kms.katalon.core.keyword.builtin.VerifyEqualKeyword.verifyEqual(VerifyEqualKeyword.groovy:63)
	at com.kms.katalon.core.keyword.builtin.VerifyEqualKeyword.execute(VerifyEqualKeyword.groovy:44)
	at com.kms.katalon.core.keyword.internal.KeywordExecutor.executeKeywordForPlatform(KeywordExecutor.groovy:74)
	at com.kms.katalon.core.keyword.BuiltinKeywords.verifyEqual(BuiltinKeywords.groovy:146)
	at jdk.internal.reflect.GeneratedMethodAccessor25.invoke(Unknown Source)
	at java.base/jdk.internal.reflect.DelegatingMethodAccessorImpl.invoke(DelegatingMethodAccessorImpl.java:43)
	at Факторный анализ сверка дашбордов.CompareDZO(Факторный анализ сверка дашбордов:679)
	at Факторный анализ сверка дашбордов.Test(Факторный анализ сверка дашбордов:641)
	at Факторный анализ сверка дашбордов.run(Факторный анализ сверка дашбордов:44)
	at com.kms.katalon.core.main.ScriptEngine.run(ScriptEngine.java:194)
	at com.kms.katalon.core.main.ScriptEngine.runScriptAsRawText(ScriptEngine.java:119)
	at com.kms.katalon.core.main.TestCaseExecutor.runScript(TestCaseExecutor.java:448)
	at com.kms.katalon.core.main.TestCaseExecutor.doExecute(TestCaseExecutor.java:439)
	at com.kms.katalon.core.main.TestCaseExecutor.processExecutionPhase(TestCaseExecutor.java:418)
	at com.kms.katalon.core.main.TestCaseExecutor.accessMainPhase(TestCaseExecutor.java:410)
	at com.kms.katalon.core.main.TestCaseExecutor.execute(TestCaseExecutor.java:285)
	at com.kms.katalon.core.common.CommonExecutor.accessTestCaseMainPhase(CommonExecutor.java:65)
	at com.kms.katalon.core.main.TestSuiteExecutor.accessTestSuiteMainPhase(TestSuiteExecutor.java:150)
	at com.kms.katalon.core.main.TestSuiteExecutor.execute(TestSuiteExecutor.java:106)
	at com.kms.katalon.core.main.TestCaseMain.startTestSuite(TestCaseMain.java:180)
	at TempTestSuite1731886967590.run(TempTestSuite1731886967590.groovy:35)
	at java.base/jdk.internal.reflect.NativeMethodAccessorImpl.invoke0(Native Method)
	at java.base/jdk.internal.reflect.NativeMethodAccessorImpl.invoke(NativeMethodAccessorImpl.java:77)
	at java.base/jdk.internal.reflect.DelegatingMethodAccessorImpl.invoke(DelegatingMethodAccessorImpl.java:43)
)

18-11-2024T04:43:32 - [TEST_STEP][PASSED] - else: null

18-11-2024T04:43:32 - [TEST_STEP][PASSED] - otobrajeniyeDannyh = "Все": null

18-11-2024T04:43:32 - [TEST_STEP][PASSED] - vidget = "Всего отклонения по факторам": null

18-11-2024T04:43:32 - [TEST_STEP][PASSED] - Script1719551244403.WriteToExcel(todaysDate, typeOfData, otobrajeniyeDannyh, x, y, vidget, DZO): null

18-11-2024T04:43:32 - [TEST_STEP][PASSED] - sheetName = "Sheet1": null

18-11-2024T04:43:32 - [TEST_STEP][PASSED] - data = findTestData("PlanFact"): null

18-11-2024T04:43:32 - [TEST_STEP][PASSED] - n = data.getRowNumbers() + 1: null

18-11-2024T04:43:32 - [TEST_STEP][PASSED] - period = getText(findTestObject("Факторный анализ/Фильтр Период")): Text of object 'Object Repository/Факторный анализ/Фильтр Период' is: '1, 2, 3 кв. 2024 года'

18-11-2024T04:43:32 - [MESSAGE][PASSED] - Text of object 'Object Repository/Факторный анализ/Фильтр Период' is: '1, 2, 3 кв. 2024 года'

18-11-2024T04:43:32 - [TEST_STEP][PASSED] - println(period): null

18-11-2024T04:43:32 - [TEST_STEP][PASSED] - dashboardName = "Факторный анализ": null

18-11-2024T04:43:32 - [TEST_STEP][PASSED] - workbook01 = getWorkbook(excelFilePath): null

18-11-2024T04:43:32 - [TEST_STEP][PASSED] - sheet01 = getExcelSheet(workbook01, sheetName): null

18-11-2024T04:43:32 - [TEST_STEP][PASSED] - setValueToCellByIndex(sheet01, n, 0, dashboardName): null

18-11-2024T04:43:32 - [TEST_STEP][PASSED] - setValueToCellByIndex(sheet01, n, 1, DZO): null

18-11-2024T04:43:32 - [TEST_STEP][PASSED] - setValueToCellByIndex(sheet01, n, 2, vidget): null

18-11-2024T04:43:32 - [TEST_STEP][PASSED] - setValueToCellByIndex(sheet01, n, 3, typeOfData): null

18-11-2024T04:43:32 - [TEST_STEP][PASSED] - setValueToCellByIndex(sheet01, n, 4, otobrajeniyeDannyh): null

18-11-2024T04:43:32 - [TEST_STEP][PASSED] - setValueToCellByIndex(sheet01, n, 5, period): null

18-11-2024T04:43:32 - [TEST_STEP][PASSED] - setValueToCellByIndex(sheet01, n, 6, todaysDate): null

18-11-2024T04:43:32 - [TEST_STEP][PASSED] - n = n + 1: null

18-11-2024T04:43:32 - [TEST_STEP][PASSED] - saveWorkbook(excelFilePath, workbook01): null

18-11-2024T04:43:32 - [TEST_STEP][PASSED] - DZO = "Центр и Приволжье (ГК)": null

18-11-2024T04:43:32 - [TEST_STEP][PASSED] - Script1719551244403.CompareDZO(x = CiPA, y = CiPB, run, typeOfData, otobrajeniyeDannyh, todaysDate, vidget, DZO): null

18-11-2024T04:43:32 - [TEST_STEP][PASSED] - x1 = x: null

18-11-2024T04:43:32 - [TEST_STEP][PASSED] - y1 = y: null

18-11-2024T04:43:32 - [TEST_STEP][PASSED] - i1 = <not implemented yet for class: org.codehaus.groovy.ast.expr.EmptyExpression>: null

18-11-2024T04:43:32 - [TEST_STEP][FAILED] - if (verifyEqual(x, y) == true): Unable to verify equal between actual object '6 307 31      517 49 169 40 558 42 403 0 144 19 658 231 259 47 733  209 294 3' and expected object '545 4      517 49 169 40 558 42 403 0 144 19 658 231 259 47 733  209 294 3' (Root cause: com.kms.katalon.core.exception.StepFailedException: Actual object '6 307 31      517 49 169 40 558 42 403 0 144 19 658 231 259 47 733  209 294 3' and expected object '545 4      517 49 169 40 558 42 403 0 144 19 658 231 259 47 733  209 294 3' are not equal
	at com.kms.katalon.core.keyword.builtin.VerifyEqualKeyword$_verifyEqual_closure1.doCall(VerifyEqualKeyword.groovy:58)
	at com.kms.katalon.core.keyword.builtin.VerifyEqualKeyword$_verifyEqual_closure1.call(VerifyEqualKeyword.groovy)
	at com.kms.katalon.core.keyword.internal.KeywordMain.runKeyword(KeywordMain.groovy:75)
	at com.kms.katalon.core.keyword.builtin.VerifyEqualKeyword.verifyEqual(VerifyEqualKeyword.groovy:63)
	at com.kms.katalon.core.keyword.builtin.VerifyEqualKeyword.execute(VerifyEqualKeyword.groovy:44)
	at com.kms.katalon.core.keyword.internal.KeywordExecutor.executeKeywordForPlatform(KeywordExecutor.groovy:74)
	at com.kms.katalon.core.keyword.BuiltinKeywords.verifyEqual(BuiltinKeywords.groovy:146)
	at jdk.internal.reflect.GeneratedMethodAccessor25.invoke(Unknown Source)
	at java.base/jdk.internal.reflect.DelegatingMethodAccessorImpl.invoke(DelegatingMethodAccessorImpl.java:43)
	at Факторный анализ сверка дашбордов.CompareDZO(Факторный анализ сверка дашбордов:679)
	at Факторный анализ сверка дашбордов.Test(Факторный анализ сверка дашбордов:645)
	at Факторный анализ сверка дашбордов.run(Факторный анализ сверка дашбордов:44)
	at com.kms.katalon.core.main.ScriptEngine.run(ScriptEngine.java:194)
	at com.kms.katalon.core.main.ScriptEngine.runScriptAsRawText(ScriptEngine.java:119)
	at com.kms.katalon.core.main.TestCaseExecutor.runScript(TestCaseExecutor.java:448)
	at com.kms.katalon.core.main.TestCaseExecutor.doExecute(TestCaseExecutor.java:439)
	at com.kms.katalon.core.main.TestCaseExecutor.processExecutionPhase(TestCaseExecutor.java:418)
	at com.kms.katalon.core.main.TestCaseExecutor.accessMainPhase(TestCaseExecutor.java:410)
	at com.kms.katalon.core.main.TestCaseExecutor.execute(TestCaseExecutor.java:285)
	at com.kms.katalon.core.common.CommonExecutor.accessTestCaseMainPhase(CommonExecutor.java:65)
	at com.kms.katalon.core.main.TestSuiteExecutor.accessTestSuiteMainPhase(TestSuiteExecutor.java:150)
	at com.kms.katalon.core.main.TestSuiteExecutor.execute(TestSuiteExecutor.java:106)
	at com.kms.katalon.core.main.TestCaseMain.startTestSuite(TestCaseMain.java:180)
	at TempTestSuite1731886967590.run(TempTestSuite1731886967590.groovy:35)
	at java.base/jdk.internal.reflect.NativeMethodAccessorImpl.invoke0(Native Method)
	at java.base/jdk.internal.reflect.NativeMethodAccessorImpl.invoke(NativeMethodAccessorImpl.java:77)
	at java.base/jdk.internal.reflect.DelegatingMethodAccessorImpl.invoke(DelegatingMethodAccessorImpl.java:43)
)

18-11-2024T04:43:32 - [MESSAGE][FAILED] - Unable to verify equal between actual object '6 307 31      517 49 169 40 558 42 403 0 144 19 658 231 259 47 733  209 294 3' and expected object '545 4      517 49 169 40 558 42 403 0 144 19 658 231 259 47 733  209 294 3' (Root cause: com.kms.katalon.core.exception.StepFailedException: Actual object '6 307 31      517 49 169 40 558 42 403 0 144 19 658 231 259 47 733  209 294 3' and expected object '545 4      517 49 169 40 558 42 403 0 144 19 658 231 259 47 733  209 294 3' are not equal
	at com.kms.katalon.core.keyword.builtin.VerifyEqualKeyword$_verifyEqual_closure1.doCall(VerifyEqualKeyword.groovy:58)
	at com.kms.katalon.core.keyword.builtin.VerifyEqualKeyword$_verifyEqual_closure1.call(VerifyEqualKeyword.groovy)
	at com.kms.katalon.core.keyword.internal.KeywordMain.runKeyword(KeywordMain.groovy:75)
	at com.kms.katalon.core.keyword.builtin.VerifyEqualKeyword.verifyEqual(VerifyEqualKeyword.groovy:63)
	at com.kms.katalon.core.keyword.builtin.VerifyEqualKeyword.execute(VerifyEqualKeyword.groovy:44)
	at com.kms.katalon.core.keyword.internal.KeywordExecutor.executeKeywordForPlatform(KeywordExecutor.groovy:74)
	at com.kms.katalon.core.keyword.BuiltinKeywords.verifyEqual(BuiltinKeywords.groovy:146)
	at jdk.internal.reflect.GeneratedMethodAccessor25.invoke(Unknown Source)
	at java.base/jdk.internal.reflect.DelegatingMethodAccessorImpl.invoke(DelegatingMethodAccessorImpl.java:43)
	at Факторный анализ сверка дашбордов.CompareDZO(Факторный анализ сверка дашбордов:679)
	at Факторный анализ сверка дашбордов.Test(Факторный анализ сверка дашбордов:645)
	at Факторный анализ сверка дашбордов.run(Факторный анализ сверка дашбордов:44)
	at com.kms.katalon.core.main.ScriptEngine.run(ScriptEngine.java:194)
	at com.kms.katalon.core.main.ScriptEngine.runScriptAsRawText(ScriptEngine.java:119)
	at com.kms.katalon.core.main.TestCaseExecutor.runScript(TestCaseExecutor.java:448)
	at com.kms.katalon.core.main.TestCaseExecutor.doExecute(TestCaseExecutor.java:439)
	at com.kms.katalon.core.main.TestCaseExecutor.processExecutionPhase(TestCaseExecutor.java:418)
	at com.kms.katalon.core.main.TestCaseExecutor.accessMainPhase(TestCaseExecutor.java:410)
	at com.kms.katalon.core.main.TestCaseExecutor.execute(TestCaseExecutor.java:285)
	at com.kms.katalon.core.common.CommonExecutor.accessTestCaseMainPhase(CommonExecutor.java:65)
	at com.kms.katalon.core.main.TestSuiteExecutor.accessTestSuiteMainPhase(TestSuiteExecutor.java:150)
	at com.kms.katalon.core.main.TestSuiteExecutor.execute(TestSuiteExecutor.java:106)
	at com.kms.katalon.core.main.TestCaseMain.startTestSuite(TestCaseMain.java:180)
	at TempTestSuite1731886967590.run(TempTestSuite1731886967590.groovy:35)
	at java.base/jdk.internal.reflect.NativeMethodAccessorImpl.invoke0(Native Method)
	at java.base/jdk.internal.reflect.NativeMethodAccessorImpl.invoke(NativeMethodAccessorImpl.java:77)
	at java.base/jdk.internal.reflect.DelegatingMethodAccessorImpl.invoke(DelegatingMethodAccessorImpl.java:43)
)

18-11-2024T04:43:32 - [TEST_STEP][PASSED] - else: null

18-11-2024T04:43:32 - [TEST_STEP][PASSED] - otobrajeniyeDannyh = "Все": null

18-11-2024T04:43:32 - [TEST_STEP][PASSED] - vidget = "Всего отклонения по факторам": null

18-11-2024T04:43:32 - [TEST_STEP][PASSED] - Script1719551244403.WriteToExcel(todaysDate, typeOfData, otobrajeniyeDannyh, x, y, vidget, DZO): null

18-11-2024T04:43:32 - [TEST_STEP][PASSED] - sheetName = "Sheet1": null

18-11-2024T04:43:32 - [TEST_STEP][PASSED] - data = findTestData("PlanFact"): null

18-11-2024T04:43:33 - [TEST_STEP][PASSED] - n = data.getRowNumbers() + 1: null

18-11-2024T04:43:33 - [TEST_STEP][PASSED] - period = getText(findTestObject("Факторный анализ/Фильтр Период")): Text of object 'Object Repository/Факторный анализ/Фильтр Период' is: '1, 2, 3 кв. 2024 года'

18-11-2024T04:43:33 - [MESSAGE][PASSED] - Text of object 'Object Repository/Факторный анализ/Фильтр Период' is: '1, 2, 3 кв. 2024 года'

18-11-2024T04:43:33 - [TEST_STEP][PASSED] - println(period): null

18-11-2024T04:43:33 - [TEST_STEP][PASSED] - dashboardName = "Факторный анализ": null

18-11-2024T04:43:33 - [TEST_STEP][PASSED] - workbook01 = getWorkbook(excelFilePath): null

18-11-2024T04:43:33 - [TEST_STEP][PASSED] - sheet01 = getExcelSheet(workbook01, sheetName): null

18-11-2024T04:43:33 - [TEST_STEP][PASSED] - setValueToCellByIndex(sheet01, n, 0, dashboardName): null

18-11-2024T04:43:33 - [TEST_STEP][PASSED] - setValueToCellByIndex(sheet01, n, 1, DZO): null

18-11-2024T04:43:33 - [TEST_STEP][PASSED] - setValueToCellByIndex(sheet01, n, 2, vidget): null

18-11-2024T04:43:33 - [TEST_STEP][PASSED] - setValueToCellByIndex(sheet01, n, 3, typeOfData): null

18-11-2024T04:43:33 - [TEST_STEP][PASSED] - setValueToCellByIndex(sheet01, n, 4, otobrajeniyeDannyh): null

18-11-2024T04:43:33 - [TEST_STEP][PASSED] - setValueToCellByIndex(sheet01, n, 5, period): null

18-11-2024T04:43:33 - [TEST_STEP][PASSED] - setValueToCellByIndex(sheet01, n, 6, todaysDate): null

18-11-2024T04:43:33 - [TEST_STEP][PASSED] - n = n + 1: null

18-11-2024T04:43:33 - [TEST_STEP][PASSED] - saveWorkbook(excelFilePath, workbook01): null

18-11-2024T04:43:33 - [TEST_STEP][PASSED] - DZO = "Россети Юг (ГК)": null

18-11-2024T04:43:33 - [TEST_STEP][PASSED] - Script1719551244403.CompareDZO(x = UgA, y = UgB, run, typeOfData, otobrajeniyeDannyh, todaysDate, vidget, DZO): null

18-11-2024T04:43:33 - [TEST_STEP][PASSED] - x1 = x: null

18-11-2024T04:43:33 - [TEST_STEP][PASSED] - y1 = y: null

18-11-2024T04:43:33 - [TEST_STEP][PASSED] - i1 = <not implemented yet for class: org.codehaus.groovy.ast.expr.EmptyExpression>: null

18-11-2024T04:43:33 - [TEST_STEP][FAILED] - if (verifyEqual(x, y) == true): Unable to verify equal between actual object '294 3     3 370 41 5 158 90 8 953  310 1 477 5 18 198 44' and expected object '294 3     153 41 73 90 392  310 58 5 779 44' (Root cause: com.kms.katalon.core.exception.StepFailedException: Actual object '294 3     3 370 41 5 158 90 8 953  310 1 477 5 18 198 44' and expected object '294 3     153 41 73 90 392  310 58 5 779 44' are not equal
	at com.kms.katalon.core.keyword.builtin.VerifyEqualKeyword$_verifyEqual_closure1.doCall(VerifyEqualKeyword.groovy:58)
	at com.kms.katalon.core.keyword.builtin.VerifyEqualKeyword$_verifyEqual_closure1.call(VerifyEqualKeyword.groovy)
	at com.kms.katalon.core.keyword.internal.KeywordMain.runKeyword(KeywordMain.groovy:75)
	at com.kms.katalon.core.keyword.builtin.VerifyEqualKeyword.verifyEqual(VerifyEqualKeyword.groovy:63)
	at com.kms.katalon.core.keyword.builtin.VerifyEqualKeyword.execute(VerifyEqualKeyword.groovy:44)
	at com.kms.katalon.core.keyword.internal.KeywordExecutor.executeKeywordForPlatform(KeywordExecutor.groovy:74)
	at com.kms.katalon.core.keyword.BuiltinKeywords.verifyEqual(BuiltinKeywords.groovy:146)
	at jdk.internal.reflect.GeneratedMethodAccessor25.invoke(Unknown Source)
	at java.base/jdk.internal.reflect.DelegatingMethodAccessorImpl.invoke(DelegatingMethodAccessorImpl.java:43)
	at Факторный анализ сверка дашбордов.CompareDZO(Факторный анализ сверка дашбордов:679)
	at Факторный анализ сверка дашбордов.Test(Факторный анализ сверка дашбордов:649)
	at Факторный анализ сверка дашбордов.run(Факторный анализ сверка дашбордов:44)
	at com.kms.katalon.core.main.ScriptEngine.run(ScriptEngine.java:194)
	at com.kms.katalon.core.main.ScriptEngine.runScriptAsRawText(ScriptEngine.java:119)
	at com.kms.katalon.core.main.TestCaseExecutor.runScript(TestCaseExecutor.java:448)
	at com.kms.katalon.core.main.TestCaseExecutor.doExecute(TestCaseExecutor.java:439)
	at com.kms.katalon.core.main.TestCaseExecutor.processExecutionPhase(TestCaseExecutor.java:418)
	at com.kms.katalon.core.main.TestCaseExecutor.accessMainPhase(TestCaseExecutor.java:410)
	at com.kms.katalon.core.main.TestCaseExecutor.execute(TestCaseExecutor.java:285)
	at com.kms.katalon.core.common.CommonExecutor.accessTestCaseMainPhase(CommonExecutor.java:65)
	at com.kms.katalon.core.main.TestSuiteExecutor.accessTestSuiteMainPhase(TestSuiteExecutor.java:150)
	at com.kms.katalon.core.main.TestSuiteExecutor.execute(TestSuiteExecutor.java:106)
	at com.kms.katalon.core.main.TestCaseMain.startTestSuite(TestCaseMain.java:180)
	at TempTestSuite1731886967590.run(TempTestSuite1731886967590.groovy:35)
	at java.base/jdk.internal.reflect.NativeMethodAccessorImpl.invoke0(Native Method)
	at java.base/jdk.internal.reflect.NativeMethodAccessorImpl.invoke(NativeMethodAccessorImpl.java:77)
	at java.base/jdk.internal.reflect.DelegatingMethodAccessorImpl.invoke(DelegatingMethodAccessorImpl.java:43)
)

18-11-2024T04:43:33 - [MESSAGE][FAILED] - Unable to verify equal between actual object '294 3     3 370 41 5 158 90 8 953  310 1 477 5 18 198 44' and expected object '294 3     153 41 73 90 392  310 58 5 779 44' (Root cause: com.kms.katalon.core.exception.StepFailedException: Actual object '294 3     3 370 41 5 158 90 8 953  310 1 477 5 18 198 44' and expected object '294 3     153 41 73 90 392  310 58 5 779 44' are not equal
	at com.kms.katalon.core.keyword.builtin.VerifyEqualKeyword$_verifyEqual_closure1.doCall(VerifyEqualKeyword.groovy:58)
	at com.kms.katalon.core.keyword.builtin.VerifyEqualKeyword$_verifyEqual_closure1.call(VerifyEqualKeyword.groovy)
	at com.kms.katalon.core.keyword.internal.KeywordMain.runKeyword(KeywordMain.groovy:75)
	at com.kms.katalon.core.keyword.builtin.VerifyEqualKeyword.verifyEqual(VerifyEqualKeyword.groovy:63)
	at com.kms.katalon.core.keyword.builtin.VerifyEqualKeyword.execute(VerifyEqualKeyword.groovy:44)
	at com.kms.katalon.core.keyword.internal.KeywordExecutor.executeKeywordForPlatform(KeywordExecutor.groovy:74)
	at com.kms.katalon.core.keyword.BuiltinKeywords.verifyEqual(BuiltinKeywords.groovy:146)
	at jdk.internal.reflect.GeneratedMethodAccessor25.invoke(Unknown Source)
	at java.base/jdk.internal.reflect.DelegatingMethodAccessorImpl.invoke(DelegatingMethodAccessorImpl.java:43)
	at Факторный анализ сверка дашбордов.CompareDZO(Факторный анализ сверка дашбордов:679)
	at Факторный анализ сверка дашбордов.Test(Факторный анализ сверка дашбордов:649)
	at Факторный анализ сверка дашбордов.run(Факторный анализ сверка дашбордов:44)
	at com.kms.katalon.core.main.ScriptEngine.run(ScriptEngine.java:194)
	at com.kms.katalon.core.main.ScriptEngine.runScriptAsRawText(ScriptEngine.java:119)
	at com.kms.katalon.core.main.TestCaseExecutor.runScript(TestCaseExecutor.java:448)
	at com.kms.katalon.core.main.TestCaseExecutor.doExecute(TestCaseExecutor.java:439)
	at com.kms.katalon.core.main.TestCaseExecutor.processExecutionPhase(TestCaseExecutor.java:418)
	at com.kms.katalon.core.main.TestCaseExecutor.accessMainPhase(TestCaseExecutor.java:410)
	at com.kms.katalon.core.main.TestCaseExecutor.execute(TestCaseExecutor.java:285)
	at com.kms.katalon.core.common.CommonExecutor.accessTestCaseMainPhase(CommonExecutor.java:65)
	at com.kms.katalon.core.main.TestSuiteExecutor.accessTestSuiteMainPhase(TestSuiteExecutor.java:150)
	at com.kms.katalon.core.main.TestSuiteExecutor.execute(TestSuiteExecutor.java:106)
	at com.kms.katalon.core.main.TestCaseMain.startTestSuite(TestCaseMain.java:180)
	at TempTestSuite1731886967590.run(TempTestSuite1731886967590.groovy:35)
	at java.base/jdk.internal.reflect.NativeMethodAccessorImpl.invoke0(Native Method)
	at java.base/jdk.internal.reflect.NativeMethodAccessorImpl.invoke(NativeMethodAccessorImpl.java:77)
	at java.base/jdk.internal.reflect.DelegatingMethodAccessorImpl.invoke(DelegatingMethodAccessorImpl.java:43)
)

18-11-2024T04:43:33 - [TEST_STEP][PASSED] - else: null

18-11-2024T04:43:33 - [TEST_STEP][PASSED] - otobrajeniyeDannyh = "Все": null

18-11-2024T04:43:33 - [TEST_STEP][PASSED] - vidget = "Всего отклонения по факторам": null

18-11-2024T04:43:33 - [TEST_STEP][PASSED] - Script1719551244403.WriteToExcel(todaysDate, typeOfData, otobrajeniyeDannyh, x, y, vidget, DZO): null

18-11-2024T04:43:33 - [TEST_STEP][PASSED] - sheetName = "Sheet1": null

18-11-2024T04:43:33 - [TEST_STEP][PASSED] - data = findTestData("PlanFact"): null

18-11-2024T04:43:33 - [TEST_STEP][PASSED] - n = data.getRowNumbers() + 1: null

18-11-2024T04:43:33 - [TEST_STEP][PASSED] - period = getText(findTestObject("Факторный анализ/Фильтр Период")): Text of object 'Object Repository/Факторный анализ/Фильтр Период' is: '1, 2, 3 кв. 2024 года'

18-11-2024T04:43:33 - [MESSAGE][PASSED] - Text of object 'Object Repository/Факторный анализ/Фильтр Период' is: '1, 2, 3 кв. 2024 года'

18-11-2024T04:43:33 - [TEST_STEP][PASSED] - println(period): null

18-11-2024T04:43:33 - [TEST_STEP][PASSED] - dashboardName = "Факторный анализ": null

18-11-2024T04:43:33 - [TEST_STEP][PASSED] - workbook01 = getWorkbook(excelFilePath): null

18-11-2024T04:43:33 - [TEST_STEP][PASSED] - sheet01 = getExcelSheet(workbook01, sheetName): null

18-11-2024T04:43:33 - [TEST_STEP][PASSED] - setValueToCellByIndex(sheet01, n, 0, dashboardName): null

18-11-2024T04:43:33 - [TEST_STEP][PASSED] - setValueToCellByIndex(sheet01, n, 1, DZO): null

18-11-2024T04:43:33 - [TEST_STEP][PASSED] - setValueToCellByIndex(sheet01, n, 2, vidget): null

18-11-2024T04:43:33 - [TEST_STEP][PASSED] - setValueToCellByIndex(sheet01, n, 3, typeOfData): null

18-11-2024T04:43:33 - [TEST_STEP][PASSED] - setValueToCellByIndex(sheet01, n, 4, otobrajeniyeDannyh): null

18-11-2024T04:43:33 - [TEST_STEP][PASSED] - setValueToCellByIndex(sheet01, n, 5, period): null

18-11-2024T04:43:33 - [TEST_STEP][PASSED] - setValueToCellByIndex(sheet01, n, 6, todaysDate): null

18-11-2024T04:43:33 - [TEST_STEP][PASSED] - n = n + 1: null

18-11-2024T04:43:33 - [TEST_STEP][PASSED] - saveWorkbook(excelFilePath, workbook01): null

18-11-2024T04:43:34 - [TEST_STEP][PASSED] - DZO = "Россети Янтарь": null

18-11-2024T04:43:34 - [TEST_STEP][PASSED] - Script1719551244403.CompareDZO(x = YaA, y = YaB, run, typeOfData, otobrajeniyeDannyh, todaysDate, vidget, DZO): null

18-11-2024T04:43:34 - [TEST_STEP][PASSED] - x1 = x: null

18-11-2024T04:43:34 - [TEST_STEP][PASSED] - y1 = y: null

18-11-2024T04:43:34 - [TEST_STEP][PASSED] - i1 = <not implemented yet for class: org.codehaus.groovy.ast.expr.EmptyExpression>: null

18-11-2024T04:43:34 - [TEST_STEP][PASSED] - if (verifyEqual(x, y) == true): Actual object '305 28' and expected object '305 28' are equal

18-11-2024T04:43:34 - [MESSAGE][PASSED] - Actual object '305 28' and expected object '305 28' are equal

18-11-2024T04:43:34 - [TEST_STEP][PASSED] - closeBrowser(): Browser is closed

18-11-2024T04:43:34 - [MESSAGE][PASSED] - Browser is closed]]></system-out>
         <system-err><![CDATA[18-11-2024T04:40:26 - [TEST_CASE][FAILED] - Test Cases/Сверки дашбордов/Факторный анализ сверка дашбордов: Test Cases/Сверки дашбордов/Факторный анализ сверка дашбордов FAILED.
Reason:
com.kms.katalon.core.exception.StepFailedException: Unable to verify equal between actual object '-331405' and expected object '34260' (Root cause: com.kms.katalon.core.exception.StepFailedException: Actual object '-331405' and expected object '34260' are not equal
	at com.kms.katalon.core.keyword.builtin.VerifyEqualKeyword$_verifyEqual_closure1.doCall(VerifyEqualKeyword.groovy:58)
	at com.kms.katalon.core.keyword.builtin.VerifyEqualKeyword$_verifyEqual_closure1.call(VerifyEqualKeyword.groovy)
	at com.kms.katalon.core.keyword.internal.KeywordMain.runKeyword(KeywordMain.groovy:75)
	at com.kms.katalon.core.keyword.builtin.VerifyEqualKeyword.verifyEqual(VerifyEqualKeyword.groovy:63)
	at com.kms.katalon.core.keyword.builtin.VerifyEqualKeyword.execute(VerifyEqualKeyword.groovy:44)
	at com.kms.katalon.core.keyword.internal.KeywordExecutor.executeKeywordForPlatform(KeywordExecutor.groovy:74)
	at com.kms.katalon.core.keyword.BuiltinKeywords.verifyEqual(BuiltinKeywords.groovy:146)
	at jdk.internal.reflect.GeneratedMethodAccessor25.invoke(Unknown Source)
	at java.base/jdk.internal.reflect.DelegatingMethodAccessorImpl.invoke(DelegatingMethodAccessorImpl.java:43)
	at Факторный анализ сверка дашбордов.Compare(Факторный анализ сверка дашбордов:658)
	at Факторный анализ сверка дашбордов.Test(Факторный анализ сверка дашбордов:422)
	at Факторный анализ сверка дашбордов.run(Факторный анализ сверка дашбордов:44)
	at com.kms.katalon.core.main.ScriptEngine.run(ScriptEngine.java:194)
	at com.kms.katalon.core.main.ScriptEngine.runScriptAsRawText(ScriptEngine.java:119)
	at com.kms.katalon.core.main.TestCaseExecutor.runScript(TestCaseExecutor.java:448)
	at com.kms.katalon.core.main.TestCaseExecutor.doExecute(TestCaseExecutor.java:439)
	at com.kms.katalon.core.main.TestCaseExecutor.processExecutionPhase(TestCaseExecutor.java:418)
	at com.kms.katalon.core.main.TestCaseExecutor.accessMainPhase(TestCaseExecutor.java:410)
	at com.kms.katalon.core.main.TestCaseExecutor.execute(TestCaseExecutor.java:285)
	at com.kms.katalon.core.common.CommonExecutor.accessTestCaseMainPhase(CommonExecutor.java:65)
	at com.kms.katalon.core.main.TestSuiteExecutor.accessTestSuiteMainPhase(TestSuiteExecutor.java:150)
	at com.kms.katalon.core.main.TestSuiteExecutor.execute(TestSuiteExecutor.java:106)
	at com.kms.katalon.core.main.TestCaseMain.startTestSuite(TestCaseMain.java:180)
	at TempTestSuite1731886967590.run(TempTestSuite1731886967590.groovy:35)
	at java.base/jdk.internal.reflect.NativeMethodAccessorImpl.invoke0(Native Method)
	at java.base/jdk.internal.reflect.NativeMethodAccessorImpl.invoke(NativeMethodAccessorImpl.java:77)
	at java.base/jdk.internal.reflect.DelegatingMethodAccessorImpl.invoke(DelegatingMethodAccessorImpl.java:43)
)
	at com.kms.katalon.core.keyword.internal.KeywordMain.stepFailed(KeywordMain.groovy:39)
	at com.kms.katalon.core.keyword.internal.KeywordMain.stepFailed(KeywordMain.groovy)
	at com.kms.katalon.core.keyword.internal.KeywordMain.runKeyword(KeywordMain.groovy:77)
	at com.kms.katalon.core.keyword.builtin.VerifyEqualKeyword.verifyEqual(VerifyEqualKeyword.groovy:63)
	at com.kms.katalon.core.keyword.builtin.VerifyEqualKeyword.execute(VerifyEqualKeyword.groovy:44)
	at com.kms.katalon.core.keyword.internal.KeywordExecutor.executeKeywordForPlatform(KeywordExecutor.groovy:74)
	at com.kms.katalon.core.keyword.BuiltinKeywords.verifyEqual(BuiltinKeywords.groovy:146)
	at jdk.internal.reflect.GeneratedMethodAccessor25.invoke(Unknown Source)
	at java.base/jdk.internal.reflect.DelegatingMethodAccessorImpl.invoke(DelegatingMethodAccessorImpl.java:43)
	at Факторный анализ сверка дашбордов.Compare(Факторный анализ сверка дашбордов:658)
	at Факторный анализ сверка дашбордов.Test(Факторный анализ сверка дашбордов:422)
	at Факторный анализ сверка дашбордов.run(Факторный анализ сверка дашбордов:44)
	at com.kms.katalon.core.main.ScriptEngine.run(ScriptEngine.java:194)
	at com.kms.katalon.core.main.ScriptEngine.runScriptAsRawText(ScriptEngine.java:119)
	at com.kms.katalon.core.main.TestCaseExecutor.runScript(TestCaseExecutor.java:448)
	at com.kms.katalon.core.main.TestCaseExecutor.doExecute(TestCaseExecutor.java:439)
	at com.kms.katalon.core.main.TestCaseExecutor.processExecutionPhase(TestCaseExecutor.java:418)
	at com.kms.katalon.core.main.TestCaseExecutor.accessMainPhase(TestCaseExecutor.java:410)
	at com.kms.katalon.core.main.TestCaseExecutor.execute(TestCaseExecutor.java:285)
	at com.kms.katalon.core.common.CommonExecutor.accessTestCaseMainPhase(CommonExecutor.java:65)
	at com.kms.katalon.core.main.TestSuiteExecutor.accessTestSuiteMainPhase(TestSuiteExecutor.java:150)
	at com.kms.katalon.core.main.TestSuiteExecutor.execute(TestSuiteExecutor.java:106)
	at com.kms.katalon.core.main.TestCaseMain.startTestSuite(TestCaseMain.java:180)
	at TempTestSuite1731886967590.run(TempTestSuite1731886967590.groovy:35)
	at java.base/jdk.internal.reflect.NativeMethodAccessorImpl.invoke0(Native Method)
	at java.base/jdk.internal.reflect.NativeMethodAccessorImpl.invoke(NativeMethodAccessorImpl.java:77)
	at java.base/jdk.internal.reflect.DelegatingMethodAccessorImpl.invoke(DelegatingMethodAccessorImpl.java:43)
Caused by: com.kms.katalon.core.exception.StepFailedException: Actual object '-331405' and expected object '34260' are not equal
	at com.kms.katalon.core.keyword.builtin.VerifyEqualKeyword$_verifyEqual_closure1.doCall(VerifyEqualKeyword.groovy:58)
	at com.kms.katalon.core.keyword.builtin.VerifyEqualKeyword$_verifyEqual_closure1.call(VerifyEqualKeyword.groovy)
	at com.kms.katalon.core.keyword.internal.KeywordMain.runKeyword(KeywordMain.groovy:75)
	... 24 more]]></system-err>
      </testcase>
      <system-out><![CDATA[18-11-2024T02:42:52 - [TEST_SUITE][FAILED] - Сверка дашбордов из разных блоков: Test Cases/Сверки дашбордов/Выполнение бизнес-плана сверка дашбордов FAILED.
Reason:
com.kms.katalon.core.exception.StepFailedException: Unable to verify object is present (Root cause: com.kms.katalon.core.exception.StepFailedException: Unable to verify object is present
	at com.kms.katalon.core.webui.keyword.internal.WebUIKeywordMain.stepFailed(WebUIKeywordMain.groovy:64)
	at com.kms.katalon.core.webui.keyword.internal.WebUIKeywordMain.runKeyword(WebUIKeywordMain.groovy:26)
	at com.kms.katalon.core.webui.keyword.builtin.VerifyElementPresentKeyword.verifyElementPresent(VerifyElementPresentKeyword.groovy:92)
	at com.kms.katalon.core.webui.keyword.builtin.VerifyElementPresentKeyword.execute(VerifyElementPresentKeyword.groovy:68)
	at com.kms.katalon.core.keyword.internal.KeywordExecutor.executeKeywordForPlatform(KeywordExecutor.groovy:74)
	at com.kms.katalon.core.webui.keyword.WebUiBuiltInKeywords.verifyElementPresent(WebUiBuiltInKeywords.groovy:1503)
	at Выполнение бизнес-плана сверка дашбордов.GetAllPAOData(Выполнение бизнес-плана сверка дашбордов:862)
	at Выполнение бизнес-плана сверка дашбордов.run(Выполнение бизнес-плана сверка дашбордов:362)
	at com.kms.katalon.core.main.ScriptEngine.run(ScriptEngine.java:194)
	at com.kms.katalon.core.main.ScriptEngine.runScriptAsRawText(ScriptEngine.java:119)
	at com.kms.katalon.core.main.TestCaseExecutor.runScript(TestCaseExecutor.java:448)
	at com.kms.katalon.core.main.TestCaseExecutor.doExecute(TestCaseExecutor.java:439)
	at com.kms.katalon.core.main.TestCaseExecutor.processExecutionPhase(TestCaseExecutor.java:418)
	at com.kms.katalon.core.main.TestCaseExecutor.accessMainPhase(TestCaseExecutor.java:410)
	at com.kms.katalon.core.main.TestCaseExecutor.execute(TestCaseExecutor.java:285)
	at com.kms.katalon.core.common.CommonExecutor.accessTestCaseMainPhase(CommonExecutor.java:65)
	at com.kms.katalon.core.main.TestSuiteExecutor.accessTestSuiteMainPhase(TestSuiteExecutor.java:150)
	at com.kms.katalon.core.main.TestSuiteExecutor.execute(TestSuiteExecutor.java:106)
	at com.kms.katalon.core.main.TestCaseMain.startTestSuite(TestCaseMain.java:180)
	at TempTestSuite1731886967590.run(TempTestSuite1731886967590.groovy:35)
	at java.base/jdk.internal.reflect.NativeMethodAccessorImpl.invoke0(Native Method)
	at java.base/jdk.internal.reflect.NativeMethodAccessorImpl.invoke(NativeMethodAccessorImpl.java:77)
	at java.base/jdk.internal.reflect.DelegatingMethodAccessorImpl.invoke(DelegatingMethodAccessorImpl.java:43)
Caused by: java.lang.IllegalArgumentException: Object is null
	at com.kms.katalon.core.helper.KeywordHelper.checkTestObjectParameter(KeywordHelper.java:33)
	at com.kms.katalon.core.webui.keyword.builtin.VerifyElementPresentKeyword$_verifyElementPresent_closure1.doCall(VerifyElementPresentKeyword.groovy:76)
	at com.kms.katalon.core.webui.keyword.builtin.VerifyElementPresentKeyword$_verifyElementPresent_closure1.call(VerifyElementPresentKeyword.groovy)
	at com.kms.katalon.core.webui.keyword.internal.WebUIKeywordMain.runKeyword(WebUIKeywordMain.groovy:20)
	at com.kms.katalon.core.webui.keyword.builtin.VerifyElementPresentKeyword.verifyElementPresent(VerifyElementPresentKeyword.groovy:92)
	at com.kms.katalon.core.webui.keyword.builtin.VerifyElementPresentKeyword.execute(VerifyElementPresentKeyword.groovy:68)
	at com.kms.katalon.core.keyword.internal.KeywordExecutor.executeKeywordForPlatform(KeywordExecutor.groovy:74)
	at com.kms.katalon.core.webui.keyword.WebUiBuiltInKeywords.verifyElementPresent(WebUiBuiltInKeywords.groovy:1503)
	at Script1719299571342.GetAllPAOData(Script1719299571342.groovy:862)
	at Script1719299571342.run(Script1719299571342.groovy:362)
	... 15 more
)
	at com.kms.katalon.core.keyword.internal.KeywordMain.stepFailed(KeywordMain.groovy:39)
	at com.kms.katalon.core.webui.keyword.internal.WebUIKeywordMain.stepFailed(WebUIKeywordMain.groovy:64)
	at com.kms.katalon.core.webui.keyword.internal.WebUIKeywordMain.runKeyword(WebUIKeywordMain.groovy:26)
	at com.kms.katalon.core.webui.keyword.builtin.VerifyElementPresentKeyword.verifyElementPresent(VerifyElementPresentKeyword.groovy:92)
	at com.kms.katalon.core.webui.keyword.builtin.VerifyElementPresentKeyword.execute(VerifyElementPresentKeyword.groovy:68)
	at com.kms.katalon.core.keyword.internal.KeywordExecutor.executeKeywordForPlatform(KeywordExecutor.groovy:74)
	at com.kms.katalon.core.webui.keyword.WebUiBuiltInKeywords.verifyElementPresent(WebUiBuiltInKeywords.groovy:1503)
	at Выполнение бизнес-плана сверка дашбордов.GetAllPAOData(Выполнение бизнес-плана сверка дашбордов:862)
	at Выполнение бизнес-плана сверка дашбордов.run(Выполнение бизнес-плана сверка дашбордов:362)
	at com.kms.katalon.core.main.ScriptEngine.run(ScriptEngine.java:194)
	at com.kms.katalon.core.main.ScriptEngine.runScriptAsRawText(ScriptEngine.java:119)
	at com.kms.katalon.core.main.TestCaseExecutor.runScript(TestCaseExecutor.java:448)
	at com.kms.katalon.core.main.TestCaseExecutor.doExecute(TestCaseExecutor.java:439)
	at com.kms.katalon.core.main.TestCaseExecutor.processExecutionPhase(TestCaseExecutor.java:418)
	at com.kms.katalon.core.main.TestCaseExecutor.accessMainPhase(TestCaseExecutor.java:410)
	at com.kms.katalon.core.main.TestCaseExecutor.execute(TestCaseExecutor.java:285)
	at com.kms.katalon.core.common.CommonExecutor.accessTestCaseMainPhase(CommonExecutor.java:65)
	at com.kms.katalon.core.main.TestSuiteExecutor.accessTestSuiteMainPhase(TestSuiteExecutor.java:150)
	at com.kms.katalon.core.main.TestSuiteExecutor.execute(TestSuiteExecutor.java:106)
	at com.kms.katalon.core.main.TestCaseMain.startTestSuite(TestCaseMain.java:180)
	at TempTestSuite1731886967590.run(TempTestSuite1731886967590.groovy:35)
	at java.base/jdk.internal.reflect.NativeMethodAccessorImpl.invoke0(Native Method)
	at java.base/jdk.internal.reflect.NativeMethodAccessorImpl.invoke(NativeMethodAccessorImpl.java:77)
	at java.base/jdk.internal.reflect.DelegatingMethodAccessorImpl.invoke(DelegatingMethodAccessorImpl.java:43)
Caused by: com.kms.katalon.core.exception.StepFailedException: Unable to verify object is present
	... 23 more
Caused by: java.lang.IllegalArgumentException: Object is null
	at com.kms.katalon.core.helper.KeywordHelper.checkTestObjectParameter(KeywordHelper.java:33)
	at com.kms.katalon.core.webui.keyword.builtin.VerifyElementPresentKeyword$_verifyElementPresent_closure1.doCall(VerifyElementPresentKeyword.groovy:76)
	at com.kms.katalon.core.webui.keyword.builtin.VerifyElementPresentKeyword$_verifyElementPresent_closure1.call(VerifyElementPresentKeyword.groovy)
	at com.kms.katalon.core.webui.keyword.internal.WebUIKeywordMain.runKeyword(WebUIKeywordMain.groovy:20)
	... 21 more]]></system-out>
      <system-err><![CDATA[18-11-2024T02:42:52 - [TEST_SUITE][FAILED] - Сверка дашбордов из разных блоков: Test Cases/Сверки дашбордов/Выполнение бизнес-плана сверка дашбордов FAILED.
Reason:
com.kms.katalon.core.exception.StepFailedException: Unable to verify object is present (Root cause: com.kms.katalon.core.exception.StepFailedException: Unable to verify object is present
	at com.kms.katalon.core.webui.keyword.internal.WebUIKeywordMain.stepFailed(WebUIKeywordMain.groovy:64)
	at com.kms.katalon.core.webui.keyword.internal.WebUIKeywordMain.runKeyword(WebUIKeywordMain.groovy:26)
	at com.kms.katalon.core.webui.keyword.builtin.VerifyElementPresentKeyword.verifyElementPresent(VerifyElementPresentKeyword.groovy:92)
	at com.kms.katalon.core.webui.keyword.builtin.VerifyElementPresentKeyword.execute(VerifyElementPresentKeyword.groovy:68)
	at com.kms.katalon.core.keyword.internal.KeywordExecutor.executeKeywordForPlatform(KeywordExecutor.groovy:74)
	at com.kms.katalon.core.webui.keyword.WebUiBuiltInKeywords.verifyElementPresent(WebUiBuiltInKeywords.groovy:1503)
	at Выполнение бизнес-плана сверка дашбордов.GetAllPAOData(Выполнение бизнес-плана сверка дашбордов:862)
	at Выполнение бизнес-плана сверка дашбордов.run(Выполнение бизнес-плана сверка дашбордов:362)
	at com.kms.katalon.core.main.ScriptEngine.run(ScriptEngine.java:194)
	at com.kms.katalon.core.main.ScriptEngine.runScriptAsRawText(ScriptEngine.java:119)
	at com.kms.katalon.core.main.TestCaseExecutor.runScript(TestCaseExecutor.java:448)
	at com.kms.katalon.core.main.TestCaseExecutor.doExecute(TestCaseExecutor.java:439)
	at com.kms.katalon.core.main.TestCaseExecutor.processExecutionPhase(TestCaseExecutor.java:418)
	at com.kms.katalon.core.main.TestCaseExecutor.accessMainPhase(TestCaseExecutor.java:410)
	at com.kms.katalon.core.main.TestCaseExecutor.execute(TestCaseExecutor.java:285)
	at com.kms.katalon.core.common.CommonExecutor.accessTestCaseMainPhase(CommonExecutor.java:65)
	at com.kms.katalon.core.main.TestSuiteExecutor.accessTestSuiteMainPhase(TestSuiteExecutor.java:150)
	at com.kms.katalon.core.main.TestSuiteExecutor.execute(TestSuiteExecutor.java:106)
	at com.kms.katalon.core.main.TestCaseMain.startTestSuite(TestCaseMain.java:180)
	at TempTestSuite1731886967590.run(TempTestSuite1731886967590.groovy:35)
	at java.base/jdk.internal.reflect.NativeMethodAccessorImpl.invoke0(Native Method)
	at java.base/jdk.internal.reflect.NativeMethodAccessorImpl.invoke(NativeMethodAccessorImpl.java:77)
	at java.base/jdk.internal.reflect.DelegatingMethodAccessorImpl.invoke(DelegatingMethodAccessorImpl.java:43)
Caused by: java.lang.IllegalArgumentException: Object is null
	at com.kms.katalon.core.helper.KeywordHelper.checkTestObjectParameter(KeywordHelper.java:33)
	at com.kms.katalon.core.webui.keyword.builtin.VerifyElementPresentKeyword$_verifyElementPresent_closure1.doCall(VerifyElementPresentKeyword.groovy:76)
	at com.kms.katalon.core.webui.keyword.builtin.VerifyElementPresentKeyword$_verifyElementPresent_closure1.call(VerifyElementPresentKeyword.groovy)
	at com.kms.katalon.core.webui.keyword.internal.WebUIKeywordMain.runKeyword(WebUIKeywordMain.groovy:20)
	at com.kms.katalon.core.webui.keyword.builtin.VerifyElementPresentKeyword.verifyElementPresent(VerifyElementPresentKeyword.groovy:92)
	at com.kms.katalon.core.webui.keyword.builtin.VerifyElementPresentKeyword.execute(VerifyElementPresentKeyword.groovy:68)
	at com.kms.katalon.core.keyword.internal.KeywordExecutor.executeKeywordForPlatform(KeywordExecutor.groovy:74)
	at com.kms.katalon.core.webui.keyword.WebUiBuiltInKeywords.verifyElementPresent(WebUiBuiltInKeywords.groovy:1503)
	at Script1719299571342.GetAllPAOData(Script1719299571342.groovy:862)
	at Script1719299571342.run(Script1719299571342.groovy:362)
	... 15 more
)
	at com.kms.katalon.core.keyword.internal.KeywordMain.stepFailed(KeywordMain.groovy:39)
	at com.kms.katalon.core.webui.keyword.internal.WebUIKeywordMain.stepFailed(WebUIKeywordMain.groovy:64)
	at com.kms.katalon.core.webui.keyword.internal.WebUIKeywordMain.runKeyword(WebUIKeywordMain.groovy:26)
	at com.kms.katalon.core.webui.keyword.builtin.VerifyElementPresentKeyword.verifyElementPresent(VerifyElementPresentKeyword.groovy:92)
	at com.kms.katalon.core.webui.keyword.builtin.VerifyElementPresentKeyword.execute(VerifyElementPresentKeyword.groovy:68)
	at com.kms.katalon.core.keyword.internal.KeywordExecutor.executeKeywordForPlatform(KeywordExecutor.groovy:74)
	at com.kms.katalon.core.webui.keyword.WebUiBuiltInKeywords.verifyElementPresent(WebUiBuiltInKeywords.groovy:1503)
	at Выполнение бизнес-плана сверка дашбордов.GetAllPAOData(Выполнение бизнес-плана сверка дашбордов:862)
	at Выполнение бизнес-плана сверка дашбордов.run(Выполнение бизнес-плана сверка дашбордов:362)
	at com.kms.katalon.core.main.ScriptEngine.run(ScriptEngine.java:194)
	at com.kms.katalon.core.main.ScriptEngine.runScriptAsRawText(ScriptEngine.java:119)
	at com.kms.katalon.core.main.TestCaseExecutor.runScript(TestCaseExecutor.java:448)
	at com.kms.katalon.core.main.TestCaseExecutor.doExecute(TestCaseExecutor.java:439)
	at com.kms.katalon.core.main.TestCaseExecutor.processExecutionPhase(TestCaseExecutor.java:418)
	at com.kms.katalon.core.main.TestCaseExecutor.accessMainPhase(TestCaseExecutor.java:410)
	at com.kms.katalon.core.main.TestCaseExecutor.execute(TestCaseExecutor.java:285)
	at com.kms.katalon.core.common.CommonExecutor.accessTestCaseMainPhase(CommonExecutor.java:65)
	at com.kms.katalon.core.main.TestSuiteExecutor.accessTestSuiteMainPhase(TestSuiteExecutor.java:150)
	at com.kms.katalon.core.main.TestSuiteExecutor.execute(TestSuiteExecutor.java:106)
	at com.kms.katalon.core.main.TestCaseMain.startTestSuite(TestCaseMain.java:180)
	at TempTestSuite1731886967590.run(TempTestSuite1731886967590.groovy:35)
	at java.base/jdk.internal.reflect.NativeMethodAccessorImpl.invoke0(Native Method)
	at java.base/jdk.internal.reflect.NativeMethodAccessorImpl.invoke(NativeMethodAccessorImpl.java:77)
	at java.base/jdk.internal.reflect.DelegatingMethodAccessorImpl.invoke(DelegatingMethodAccessorImpl.java:43)
Caused by: com.kms.katalon.core.exception.StepFailedException: Unable to verify object is present
	... 23 more
Caused by: java.lang.IllegalArgumentException: Object is null
	at com.kms.katalon.core.helper.KeywordHelper.checkTestObjectParameter(KeywordHelper.java:33)
	at com.kms.katalon.core.webui.keyword.builtin.VerifyElementPresentKeyword$_verifyElementPresent_closure1.doCall(VerifyElementPresentKeyword.groovy:76)
	at com.kms.katalon.core.webui.keyword.builtin.VerifyElementPresentKeyword$_verifyElementPresent_closure1.call(VerifyElementPresentKeyword.groovy)
	at com.kms.katalon.core.webui.keyword.internal.WebUIKeywordMain.runKeyword(WebUIKeywordMain.groovy:20)
	... 21 more]]></system-err>
   </testsuite>
</testsuites>
