<?xml version="1.0" encoding="UTF-8"?>
<testsuites name="Сверка дашбордов из разных блоков" time="5933.404" tests="2" failures="2" errors="0">
   <testsuite name="Сверка дашбордов из разных блоков" tests="2" failures="2" errors="0" time="5933.404" skipped="0" timestamp="04-12-2024T07:19:37" hostname="liazgina-di - UVV-WS904-D.ot.ru" id="Test Suites/Пн-Ср-Пт/Сверка дашбордов из разных блоков">
      <properties>
         <property name="deviceName" value=""/>
         <property name="devicePlatform"/>
         <property name="logFolder" value="C:\\Users\\LIAZGINA-DI\\git\\SPORU\\Reports\\20241204_071931\\\u041F\u043D-\u0421\u0440-\u041F\u0442\\\u0421\u0432\u0435\u0440\u043A\u0430 \u0434\u0430\u0448\u0431\u043E\u0440\u0434\u043E\u0432 \u0438\u0437 \u0440\u0430\u0437\u043D\u044B\u0445 \u0431\u043B\u043E\u043A\u043E\u0432\\20241204_071932"/>
         <property name="logFiles" value="C:\\Users\\LIAZGINA-DI\\git\\SPORU\\Reports\\20241204_071931\\\u041F\u043D-\u0421\u0440-\u041F\u0442\\\u0421\u0432\u0435\u0440\u043A\u0430 \u0434\u0430\u0448\u0431\u043E\u0440\u0434\u043E\u0432 \u0438\u0437 \u0440\u0430\u0437\u043D\u044B\u0445 \u0431\u043B\u043E\u043A\u043E\u0432\\20241204_071932\\execution0.log, C:\\Users\\LIAZGINA-DI\\git\\SPORU\\Reports\\20241204_071931\\\u041F\u043D-\u0421\u0440-\u041F\u0442\\\u0421\u0432\u0435\u0440\u043A\u0430 \u0434\u0430\u0448\u0431\u043E\u0440\u0434\u043E\u0432 \u0438\u0437 \u0440\u0430\u0437\u043D\u044B\u0445 \u0431\u043B\u043E\u043A\u043E\u0432\\20241204_071932\\execution1.log"/>
         <property name="attachments" value="C:\\Users\\LIAZGINA-DI\\git\\SPORU\\Reports\\20241204_071931\\\u041F\u043D-\u0421\u0440-\u041F\u0442\\\u0421\u0432\u0435\u0440\u043A\u0430 \u0434\u0430\u0448\u0431\u043E\u0440\u0434\u043E\u0432 \u0438\u0437 \u0440\u0430\u0437\u043D\u044B\u0445 \u0431\u043B\u043E\u043A\u043E\u0432\\20241204_071932\\1733286469716.png"/>
         <property name="hostName" value="liazgina-di - UVV-WS904-D.ot.ru"/>
         <property name="os" value="Windows 10 64bit"/>
         <property name="katalonVersion" value="9.5.0.217"/>
         <property name="browser" value="Chrome 131.0.0.0"/>
         <property name="hostAddress" value="192.168.0.19"/>
         <property name="sessionId" value="d62106efab454d9e9ed3c98a0c0a9c92"/>
         <property name="seleniumVersion" value="3.141.59"/>
         <property name="proxyInformation" value="ProxyInformation { proxyOption=NO_PROXY, proxyServerType=HTTP, username=, password=********, proxyServerAddress=, proxyServerPort=0, executionList=&quot;&quot;, isApplyToDesiredCapabilities=true }"/>
         <property name="platform" value="Windows 10"/>
      </properties>
      <testcase name="Test Cases/Сверки дашбордов/Выполнение бизнес-плана сверка дашбордов" time="759.682" classname="Test Cases/Сверки дашбордов/Выполнение бизнес-плана сверка дашбордов" status="FAILED">
         <failure type="FAILED" message="Test Cases/Сверки дашбордов/Выполнение бизнес-плана сверка дашбордов FAILED.&#xa;Reason:&#xa;com.kms.katalon.core.exception.StepFailedException: Unable to verify object is present (Root cause: com.kms.katalon.core.exception.StepFailedException: Unable to verify object is present&#xa;	at com.kms.katalon.core.webui.keyword.internal.WebUIKeywordMain.stepFailed(WebUIKeywordMain.groovy:64)&#xa;	at com.kms.katalon.core.webui.keyword.internal.WebUIKeywordMain.runKeyword(WebUIKeywordMain.groovy:26)&#xa;	at com.kms.katalon.core.webui.keyword.builtin.VerifyElementPresentKeyword.verifyElementPresent(VerifyElementPresentKeyword.groovy:92)&#xa;	at com.kms.katalon.core.webui.keyword.builtin.VerifyElementPresentKeyword.execute(VerifyElementPresentKeyword.groovy:68)&#xa;	at com.kms.katalon.core.keyword.internal.KeywordExecutor.executeKeywordForPlatform(KeywordExecutor.groovy:74)&#xa;	at com.kms.katalon.core.webui.keyword.WebUiBuiltInKeywords.verifyElementPresent(WebUiBuiltInKeywords.groovy:1503)&#xa;	at Выполнение бизнес-плана сверка дашбордов.GetAllPAOData(Выполнение бизнес-плана сверка дашбордов:862)&#xa;	at Выполнение бизнес-плана сверка дашбордов.run(Выполнение бизнес-плана сверка дашбордов:362)&#xa;	at com.kms.katalon.core.main.ScriptEngine.run(ScriptEngine.java:194)&#xa;	at com.kms.katalon.core.main.ScriptEngine.runScriptAsRawText(ScriptEngine.java:119)&#xa;	at com.kms.katalon.core.main.TestCaseExecutor.runScript(TestCaseExecutor.java:448)&#xa;	at com.kms.katalon.core.main.TestCaseExecutor.doExecute(TestCaseExecutor.java:439)&#xa;	at com.kms.katalon.core.main.TestCaseExecutor.processExecutionPhase(TestCaseExecutor.java:418)&#xa;	at com.kms.katalon.core.main.TestCaseExecutor.accessMainPhase(TestCaseExecutor.java:410)&#xa;	at com.kms.katalon.core.main.TestCaseExecutor.execute(TestCaseExecutor.java:285)&#xa;	at com.kms.katalon.core.common.CommonExecutor.accessTestCaseMainPhase(CommonExecutor.java:65)&#xa;	at com.kms.katalon.core.main.TestSuiteExecutor.accessTestSuiteMainPhase(TestSuiteExecutor.java:150)&#xa;	at com.kms.katalon.core.main.TestSuiteExecutor.execute(TestSuiteExecutor.java:106)&#xa;	at com.kms.katalon.core.main.TestCaseMain.startTestSuite(TestCaseMain.java:180)&#xa;	at TempTestSuite1733285972582.run(TempTestSuite1733285972582.groovy:35)&#xa;	at java.base/jdk.internal.reflect.NativeMethodAccessorImpl.invoke0(Native Method)&#xa;	at java.base/jdk.internal.reflect.NativeMethodAccessorImpl.invoke(NativeMethodAccessorImpl.java:77)&#xa;	at java.base/jdk.internal.reflect.DelegatingMethodAccessorImpl.invoke(DelegatingMethodAccessorImpl.java:43)&#xa;Caused by: java.lang.IllegalArgumentException: Object is null&#xa;	at com.kms.katalon.core.helper.KeywordHelper.checkTestObjectParameter(KeywordHelper.java:33)&#xa;	at com.kms.katalon.core.webui.keyword.builtin.VerifyElementPresentKeyword$_verifyElementPresent_closure1.doCall(VerifyElementPresentKeyword.groovy:76)&#xa;	at com.kms.katalon.core.webui.keyword.builtin.VerifyElementPresentKeyword$_verifyElementPresent_closure1.call(VerifyElementPresentKeyword.groovy)&#xa;	at com.kms.katalon.core.webui.keyword.internal.WebUIKeywordMain.runKeyword(WebUIKeywordMain.groovy:20)&#xa;	at com.kms.katalon.core.webui.keyword.builtin.VerifyElementPresentKeyword.verifyElementPresent(VerifyElementPresentKeyword.groovy:92)&#xa;	at com.kms.katalon.core.webui.keyword.builtin.VerifyElementPresentKeyword.execute(VerifyElementPresentKeyword.groovy:68)&#xa;	at com.kms.katalon.core.keyword.internal.KeywordExecutor.executeKeywordForPlatform(KeywordExecutor.groovy:74)&#xa;	at com.kms.katalon.core.webui.keyword.WebUiBuiltInKeywords.verifyElementPresent(WebUiBuiltInKeywords.groovy:1503)&#xa;	at Script1719299571342.GetAllPAOData(Script1719299571342.groovy:862)&#xa;	at Script1719299571342.run(Script1719299571342.groovy:362)&#xa;	... 15 more&#xa;)&#xa;	at com.kms.katalon.core.keyword.internal.KeywordMain.stepFailed(KeywordMain.groovy:39)&#xa;	at com.kms.katalon.core.webui.keyword.internal.WebUIKeywordMain.stepFailed(WebUIKeywordMain.groovy:64)&#xa;	at com.kms.katalon.core.webui.keyword.internal.WebUIKeywordMain.runKeyword(WebUIKeywordMain.groovy:26)&#xa;	at com.kms.katalon.core.webui.keyword.builtin.VerifyElementPresentKeyword.verifyElementPresent(VerifyElementPresentKeyword.groovy:92)&#xa;	at com.kms.katalon.core.webui.keyword.builtin.VerifyElementPresentKeyword.execute(VerifyElementPresentKeyword.groovy:68)&#xa;	at com.kms.katalon.core.keyword.internal.KeywordExecutor.executeKeywordForPlatform(KeywordExecutor.groovy:74)&#xa;	at com.kms.katalon.core.webui.keyword.WebUiBuiltInKeywords.verifyElementPresent(WebUiBuiltInKeywords.groovy:1503)&#xa;	at Выполнение бизнес-плана сверка дашбордов.GetAllPAOData(Выполнение бизнес-плана сверка дашбордов:862)&#xa;	at Выполнение бизнес-плана сверка дашбордов.run(Выполнение бизнес-плана сверка дашбордов:362)&#xa;	at com.kms.katalon.core.main.ScriptEngine.run(ScriptEngine.java:194)&#xa;	at com.kms.katalon.core.main.ScriptEngine.runScriptAsRawText(ScriptEngine.java:119)&#xa;	at com.kms.katalon.core.main.TestCaseExecutor.runScript(TestCaseExecutor.java:448)&#xa;	at com.kms.katalon.core.main.TestCaseExecutor.doExecute(TestCaseExecutor.java:439)&#xa;	at com.kms.katalon.core.main.TestCaseExecutor.processExecutionPhase(TestCaseExecutor.java:418)&#xa;	at com.kms.katalon.core.main.TestCaseExecutor.accessMainPhase(TestCaseExecutor.java:410)&#xa;	at com.kms.katalon.core.main.TestCaseExecutor.execute(TestCaseExecutor.java:285)&#xa;	at com.kms.katalon.core.common.CommonExecutor.accessTestCaseMainPhase(CommonExecutor.java:65)&#xa;	at com.kms.katalon.core.main.TestSuiteExecutor.accessTestSuiteMainPhase(TestSuiteExecutor.java:150)&#xa;	at com.kms.katalon.core.main.TestSuiteExecutor.execute(TestSuiteExecutor.java:106)&#xa;	at com.kms.katalon.core.main.TestCaseMain.startTestSuite(TestCaseMain.java:180)&#xa;	at TempTestSuite1733285972582.run(TempTestSuite1733285972582.groovy:35)&#xa;	at java.base/jdk.internal.reflect.NativeMethodAccessorImpl.invoke0(Native Method)&#xa;	at java.base/jdk.internal.reflect.NativeMethodAccessorImpl.invoke(NativeMethodAccessorImpl.java:77)&#xa;	at java.base/jdk.internal.reflect.DelegatingMethodAccessorImpl.invoke(DelegatingMethodAccessorImpl.java:43)&#xa;Caused by: com.kms.katalon.core.exception.StepFailedException: Unable to verify object is present&#xa;	... 23 more&#xa;Caused by: java.lang.IllegalArgumentException: Object is null&#xa;	at com.kms.katalon.core.helper.KeywordHelper.checkTestObjectParameter(KeywordHelper.java:33)&#xa;	at com.kms.katalon.core.webui.keyword.builtin.VerifyElementPresentKeyword$_verifyElementPresent_closure1.doCall(VerifyElementPresentKeyword.groovy:76)&#xa;	at com.kms.katalon.core.webui.keyword.builtin.VerifyElementPresentKeyword$_verifyElementPresent_closure1.call(VerifyElementPresentKeyword.groovy)&#xa;	at com.kms.katalon.core.webui.keyword.internal.WebUIKeywordMain.runKeyword(WebUIKeywordMain.groovy:20)&#xa;	... 21 more&#xa;"/>
         <system-out><![CDATA[04-12-2024T07:19:37 - [TEST_CASE][FAILED] - Test Cases/Сверки дашбордов/Выполнение бизнес-плана сверка дашбордов: Test Cases/Сверки дашбордов/Выполнение бизнес-плана сверка дашбордов FAILED.
Reason:
com.kms.katalon.core.exception.StepFailedException: Unable to verify object is present (Root cause: com.kms.katalon.core.exception.StepFailedException: Unable to verify object is present
	at com.kms.katalon.core.webui.keyword.internal.WebUIKeywordMain.stepFailed(WebUIKeywordMain.groovy:64)
	at com.kms.katalon.core.webui.keyword.internal.WebUIKeywordMain.runKeyword(WebUIKeywordMain.groovy:26)
	at com.kms.katalon.core.webui.keyword.builtin.VerifyElementPresentKeyword.verifyElementPresent(VerifyElementPresentKeyword.groovy:92)
	at com.kms.katalon.core.webui.keyword.builtin.VerifyElementPresentKeyword.execute(VerifyElementPresentKeyword.groovy:68)
	at com.kms.katalon.core.keyword.internal.KeywordExecutor.executeKeywordForPlatform(KeywordExecutor.groovy:74)
	at com.kms.katalon.core.webui.keyword.WebUiBuiltInKeywords.verifyElementPresent(WebUiBuiltInKeywords.groovy:1503)
	at Выполнение бизнес-плана сверка дашбордов.GetAllPAOData(Выполнение бизнес-плана сверка дашбордов:862)
	at Выполнение бизнес-плана сверка дашбордов.run(Выполнение бизнес-плана сверка дашбордов:362)
	at com.kms.katalon.core.main.ScriptEngine.run(ScriptEngine.java:194)
	at com.kms.katalon.core.main.ScriptEngine.runScriptAsRawText(ScriptEngine.java:119)
	at com.kms.katalon.core.main.TestCaseExecutor.runScript(TestCaseExecutor.java:448)
	at com.kms.katalon.core.main.TestCaseExecutor.doExecute(TestCaseExecutor.java:439)
	at com.kms.katalon.core.main.TestCaseExecutor.processExecutionPhase(TestCaseExecutor.java:418)
	at com.kms.katalon.core.main.TestCaseExecutor.accessMainPhase(TestCaseExecutor.java:410)
	at com.kms.katalon.core.main.TestCaseExecutor.execute(TestCaseExecutor.java:285)
	at com.kms.katalon.core.common.CommonExecutor.accessTestCaseMainPhase(CommonExecutor.java:65)
	at com.kms.katalon.core.main.TestSuiteExecutor.accessTestSuiteMainPhase(TestSuiteExecutor.java:150)
	at com.kms.katalon.core.main.TestSuiteExecutor.execute(TestSuiteExecutor.java:106)
	at com.kms.katalon.core.main.TestCaseMain.startTestSuite(TestCaseMain.java:180)
	at TempTestSuite1733285972582.run(TempTestSuite1733285972582.groovy:35)
	at java.base/jdk.internal.reflect.NativeMethodAccessorImpl.invoke0(Native Method)
	at java.base/jdk.internal.reflect.NativeMethodAccessorImpl.invoke(NativeMethodAccessorImpl.java:77)
	at java.base/jdk.internal.reflect.DelegatingMethodAccessorImpl.invoke(DelegatingMethodAccessorImpl.java:43)
Caused by: java.lang.IllegalArgumentException: Object is null
	at com.kms.katalon.core.helper.KeywordHelper.checkTestObjectParameter(KeywordHelper.java:33)
	at com.kms.katalon.core.webui.keyword.builtin.VerifyElementPresentKeyword$_verifyElementPresent_closure1.doCall(VerifyElementPresentKeyword.groovy:76)
	at com.kms.katalon.core.webui.keyword.builtin.VerifyElementPresentKeyword$_verifyElementPresent_closure1.call(VerifyElementPresentKeyword.groovy)
	at com.kms.katalon.core.webui.keyword.internal.WebUIKeywordMain.runKeyword(WebUIKeywordMain.groovy:20)
	at com.kms.katalon.core.webui.keyword.builtin.VerifyElementPresentKeyword.verifyElementPresent(VerifyElementPresentKeyword.groovy:92)
	at com.kms.katalon.core.webui.keyword.builtin.VerifyElementPresentKeyword.execute(VerifyElementPresentKeyword.groovy:68)
	at com.kms.katalon.core.keyword.internal.KeywordExecutor.executeKeywordForPlatform(KeywordExecutor.groovy:74)
	at com.kms.katalon.core.webui.keyword.WebUiBuiltInKeywords.verifyElementPresent(WebUiBuiltInKeywords.groovy:1503)
	at Script1719299571342.GetAllPAOData(Script1719299571342.groovy:862)
	at Script1719299571342.run(Script1719299571342.groovy:362)
	... 15 more
)
	at com.kms.katalon.core.keyword.internal.KeywordMain.stepFailed(KeywordMain.groovy:39)
	at com.kms.katalon.core.webui.keyword.internal.WebUIKeywordMain.stepFailed(WebUIKeywordMain.groovy:64)
	at com.kms.katalon.core.webui.keyword.internal.WebUIKeywordMain.runKeyword(WebUIKeywordMain.groovy:26)
	at com.kms.katalon.core.webui.keyword.builtin.VerifyElementPresentKeyword.verifyElementPresent(VerifyElementPresentKeyword.groovy:92)
	at com.kms.katalon.core.webui.keyword.builtin.VerifyElementPresentKeyword.execute(VerifyElementPresentKeyword.groovy:68)
	at com.kms.katalon.core.keyword.internal.KeywordExecutor.executeKeywordForPlatform(KeywordExecutor.groovy:74)
	at com.kms.katalon.core.webui.keyword.WebUiBuiltInKeywords.verifyElementPresent(WebUiBuiltInKeywords.groovy:1503)
	at Выполнение бизнес-плана сверка дашбордов.GetAllPAOData(Выполнение бизнес-плана сверка дашбордов:862)
	at Выполнение бизнес-плана сверка дашбордов.run(Выполнение бизнес-плана сверка дашбордов:362)
	at com.kms.katalon.core.main.ScriptEngine.run(ScriptEngine.java:194)
	at com.kms.katalon.core.main.ScriptEngine.runScriptAsRawText(ScriptEngine.java:119)
	at com.kms.katalon.core.main.TestCaseExecutor.runScript(TestCaseExecutor.java:448)
	at com.kms.katalon.core.main.TestCaseExecutor.doExecute(TestCaseExecutor.java:439)
	at com.kms.katalon.core.main.TestCaseExecutor.processExecutionPhase(TestCaseExecutor.java:418)
	at com.kms.katalon.core.main.TestCaseExecutor.accessMainPhase(TestCaseExecutor.java:410)
	at com.kms.katalon.core.main.TestCaseExecutor.execute(TestCaseExecutor.java:285)
	at com.kms.katalon.core.common.CommonExecutor.accessTestCaseMainPhase(CommonExecutor.java:65)
	at com.kms.katalon.core.main.TestSuiteExecutor.accessTestSuiteMainPhase(TestSuiteExecutor.java:150)
	at com.kms.katalon.core.main.TestSuiteExecutor.execute(TestSuiteExecutor.java:106)
	at com.kms.katalon.core.main.TestCaseMain.startTestSuite(TestCaseMain.java:180)
	at TempTestSuite1733285972582.run(TempTestSuite1733285972582.groovy:35)
	at java.base/jdk.internal.reflect.NativeMethodAccessorImpl.invoke0(Native Method)
	at java.base/jdk.internal.reflect.NativeMethodAccessorImpl.invoke(NativeMethodAccessorImpl.java:77)
	at java.base/jdk.internal.reflect.DelegatingMethodAccessorImpl.invoke(DelegatingMethodAccessorImpl.java:43)
Caused by: com.kms.katalon.core.exception.StepFailedException: Unable to verify object is present
	... 23 more
Caused by: java.lang.IllegalArgumentException: Object is null
	at com.kms.katalon.core.helper.KeywordHelper.checkTestObjectParameter(KeywordHelper.java:33)
	at com.kms.katalon.core.webui.keyword.builtin.VerifyElementPresentKeyword$_verifyElementPresent_closure1.doCall(VerifyElementPresentKeyword.groovy:76)
	at com.kms.katalon.core.webui.keyword.builtin.VerifyElementPresentKeyword$_verifyElementPresent_closure1.call(VerifyElementPresentKeyword.groovy)
	at com.kms.katalon.core.webui.keyword.internal.WebUIKeywordMain.runKeyword(WebUIKeywordMain.groovy:20)
	... 21 more


04-12-2024T07:19:38 - [TEST_STEP][PASSED] - date = new java.util.Date(): null

04-12-2024T07:19:38 - [TEST_STEP][PASSED] - todaysDate = date.format("dd.MM.yyyy"): null

04-12-2024T07:19:38 - [TEST_STEP][PASSED] - blockNum = <not implemented yet for class: org.codehaus.groovy.ast.expr.EmptyExpression>: null

04-12-2024T07:19:38 - [TEST_STEP][PASSED] - path = <not implemented yet for class: org.codehaus.groovy.ast.expr.EmptyExpression>: null

04-12-2024T07:19:38 - [TEST_STEP][PASSED] - typeOfData = <not implemented yet for class: org.codehaus.groovy.ast.expr.EmptyExpression>: null

04-12-2024T07:19:38 - [TEST_STEP][PASSED] - i = <not implemented yet for class: org.codehaus.groovy.ast.expr.EmptyExpression>: null

04-12-2024T07:19:38 - [TEST_STEP][PASSED] - dZO = <not implemented yet for class: org.codehaus.groovy.ast.expr.EmptyExpression>: null

04-12-2024T07:19:38 - [TEST_STEP][PASSED] - vidget = <not implemented yet for class: org.codehaus.groovy.ast.expr.EmptyExpression>: null

04-12-2024T07:19:38 - [TEST_STEP][PASSED] - tabR = <not implemented yet for class: org.codehaus.groovy.ast.expr.EmptyExpression>: null

04-12-2024T07:19:38 - [TEST_STEP][PASSED] - tabB = <not implemented yet for class: org.codehaus.groovy.ast.expr.EmptyExpression>: null

04-12-2024T07:19:38 - [TEST_STEP][PASSED] - o1R = <not implemented yet for class: org.codehaus.groovy.ast.expr.EmptyExpression>: null

04-12-2024T07:19:38 - [TEST_STEP][PASSED] - o1B = <not implemented yet for class: org.codehaus.groovy.ast.expr.EmptyExpression>: null

04-12-2024T07:19:38 - [TEST_STEP][PASSED] - PercPlanR = <not implemented yet for class: org.codehaus.groovy.ast.expr.EmptyExpression>: null

04-12-2024T07:19:38 - [TEST_STEP][PASSED] - PercPlanB = <not implemented yet for class: org.codehaus.groovy.ast.expr.EmptyExpression>: null

04-12-2024T07:19:38 - [TEST_STEP][PASSED] - PercFactR = <not implemented yet for class: org.codehaus.groovy.ast.expr.EmptyExpression>: null

04-12-2024T07:19:38 - [TEST_STEP][PASSED] - PercFactB = <not implemented yet for class: org.codehaus.groovy.ast.expr.EmptyExpression>: null

04-12-2024T07:19:38 - [TEST_STEP][PASSED] - pRR = "ПАО Россети/": null

04-12-2024T07:19:38 - [TEST_STEP][PASSED] - fR = "Россети ФСК ЕЭС/": null

04-12-2024T07:19:38 - [TEST_STEP][PASSED] - tyR = "АО "Тываэнерго"/": null

04-12-2024T07:19:38 - [TEST_STEP][PASSED] - chR = "Чеченэнерго": null

04-12-2024T07:19:38 - [TEST_STEP][PASSED] - vR = "Россети Волга/": null

04-12-2024T07:19:38 - [TEST_STEP][PASSED] - kR = "Россети Кубань/": null

04-12-2024T07:19:38 - [TEST_STEP][PASSED] - lR = "Россети Ленэнерго (ГК)/": null

04-12-2024T07:19:38 - [TEST_STEP][PASSED] - mR = "Россети Московский регион/": null

04-12-2024T07:19:38 - [TEST_STEP][PASSED] - sKR = "Россети Северный Кавказ (ГК)/": null

04-12-2024T07:19:38 - [TEST_STEP][PASSED] - sZR = "Россети Северо-Запад/": null

04-12-2024T07:19:38 - [TEST_STEP][PASSED] - siR = "Россети Сибирь (ГК)/": null

04-12-2024T07:19:38 - [TEST_STEP][PASSED] - tomR = "Россети Томск/": null

04-12-2024T07:19:38 - [TEST_STEP][PASSED] - tyumR = "Россети Тюмень/": null

04-12-2024T07:19:38 - [TEST_STEP][PASSED] - urR = "Россети Урал (ГК)/": null

04-12-2024T07:19:38 - [TEST_STEP][PASSED] - cenR = "Россети Центр (ГК)/": null

04-12-2024T07:19:38 - [TEST_STEP][PASSED] - cIPR = "Россети Центр и Приволжье (ГК)/": null

04-12-2024T07:19:38 - [TEST_STEP][PASSED] - ugR = "Россети Юг (ГК)/": null

04-12-2024T07:19:38 - [TEST_STEP][PASSED] - yR = "Россети Янтарь/": null

04-12-2024T07:19:38 - [TEST_STEP][PASSED] - pRB = "ПАО Россети/": null

04-12-2024T07:19:38 - [TEST_STEP][PASSED] - fB = "Россети ФСК ЕЭС/": null

04-12-2024T07:19:38 - [TEST_STEP][PASSED] - tyB = "АО "Тываэнерго"/": null

04-12-2024T07:19:38 - [TEST_STEP][PASSED] - chB = "Чеченэнерго": null

04-12-2024T07:19:38 - [TEST_STEP][PASSED] - vB = "Россети Волга/": null

04-12-2024T07:19:38 - [TEST_STEP][PASSED] - kB = "Россети Кубань/": null

04-12-2024T07:19:38 - [TEST_STEP][PASSED] - lB = "Россети Ленэнерго (ГК)/": null

04-12-2024T07:19:38 - [TEST_STEP][PASSED] - mB = "Россети Московский регион/": null

04-12-2024T07:19:38 - [TEST_STEP][PASSED] - sKB = "Россети Северный Кавказ (ГК)/": null

04-12-2024T07:19:38 - [TEST_STEP][PASSED] - sZB = "Россети Северо-Запад/": null

04-12-2024T07:19:38 - [TEST_STEP][PASSED] - siB = "Россети Сибирь (ГК)/": null

04-12-2024T07:19:38 - [TEST_STEP][PASSED] - tomB = "Россети Томск/": null

04-12-2024T07:19:38 - [TEST_STEP][PASSED] - tyumB = "Россети Тюмень/": null

04-12-2024T07:19:38 - [TEST_STEP][PASSED] - urB = "Россети Урал (ГК)/": null

04-12-2024T07:19:38 - [TEST_STEP][PASSED] - cenB = "Россети Центр (ГК)/": null

04-12-2024T07:19:38 - [TEST_STEP][PASSED] - cIPB = "Россети Центр и Приволжье (ГК)/": null

04-12-2024T07:19:38 - [TEST_STEP][PASSED] - ugB = "Россети Юг (ГК)/": null

04-12-2024T07:19:38 - [TEST_STEP][PASSED] - yB = "Россети Янтарь/": null

04-12-2024T07:19:38 - [TEST_STEP][PASSED] - VseDZO = <not implemented yet for class: org.codehaus.groovy.ast.expr.EmptyExpression>: null

04-12-2024T07:19:38 - [TEST_STEP][PASSED] - a = <not implemented yet for class: org.codehaus.groovy.ast.expr.EmptyExpression>: null

04-12-2024T07:19:38 - [TEST_STEP][PASSED] - b = <not implemented yet for class: org.codehaus.groovy.ast.expr.EmptyExpression>: null

04-12-2024T07:19:38 - [TEST_STEP][PASSED] - dZONum = 0: null

04-12-2024T07:19:38 - [TEST_STEP][PASSED] - x = <not implemented yet for class: org.codehaus.groovy.ast.expr.EmptyExpression>: null

04-12-2024T07:19:38 - [TEST_STEP][PASSED] - blockNum = 1: null

04-12-2024T07:19:38 - [TEST_STEP][PASSED] - path = "Object Repository/Выполнение бизнес-плана/": null

04-12-2024T07:19:38 - [TEST_STEP][PASSED] - Script1719299571342.Presettings(blockNum, path): null

04-12-2024T07:19:38 - [TEST_STEP][PASSED] - blockNumber = <not implemented yet for class: org.codehaus.groovy.ast.expr.EmptyExpression>: null

04-12-2024T07:19:38 - [TEST_STEP][PASSED] - urlText = <not implemented yet for class: org.codehaus.groovy.ast.expr.EmptyExpression>: null

04-12-2024T07:19:38 - [TEST_STEP][PASSED] - searchWord = <not implemented yet for class: org.codehaus.groovy.ast.expr.EmptyExpression>: null

04-12-2024T07:19:38 - [TEST_STEP][PASSED] - i = <not implemented yet for class: org.codehaus.groovy.ast.expr.EmptyExpression>: null

04-12-2024T07:19:38 - [TEST_STEP][PASSED] - ii = <not implemented yet for class: org.codehaus.groovy.ast.expr.EmptyExpression>: null

04-12-2024T07:19:38 - [TEST_STEP][PASSED] - openBrowser(""): Browser is opened with url: ''

04-12-2024T07:19:39 - [MESSAGE][INFO] - Starting 'Chrome' driver

04-12-2024T07:19:39 - [MESSAGE][INFO] - Action delay is set to 0 milliseconds

04-12-2024T07:19:41 - [MESSAGE][PASSED] - Browser is opened with url: ''

04-12-2024T07:19:41 - [TEST_STEP][PASSED] - if (blockNum == 1): null

04-12-2024T07:19:41 - [TEST_STEP][PASSED] - path = "Object Repository/Выполнение бизнес-плана/": null

04-12-2024T07:19:41 - [TEST_STEP][PASSED] - blockNumber = 1: null

04-12-2024T07:19:41 - [TEST_STEP][PASSED] - navigateToUrl(findTestData("PlanFact").getValue(10, blockNumber)): Navigate to 'https://bi.rosseti.digital/viewer?dashboardGuid=d154a8eaf6824e2b9de1bb04dd061c18&sheetGuid=1305e8ce744049e1abdacea1ea397a26&fit=true' successfully

04-12-2024T07:19:48 - [MESSAGE][PASSED] - Navigate to 'https://bi.rosseti.digital/viewer?dashboardGuid=d154a8eaf6824e2b9de1bb04dd061c18&sheetGuid=1305e8ce744049e1abdacea1ea397a26&fit=true' successfully

04-12-2024T07:19:48 - [TEST_STEP][PASSED] - urlText = getText(findTestObject("Страница авторизации/Text")): Text of object 'Object Repository/Страница авторизации/Text' is: 'Вход'

04-12-2024T07:19:51 - [MESSAGE][PASSED] - Text of object 'Object Repository/Страница авторизации/Text' is: 'Вход'

04-12-2024T07:19:51 - [TEST_STEP][PASSED] - delay(10): Delayed 10 second(s)

04-12-2024T07:20:01 - [MESSAGE][PASSED] - Delayed 10 second(s)

04-12-2024T07:20:01 - [TEST_STEP][PASSED] - searchWord = "Вход": null

04-12-2024T07:20:01 - [TEST_STEP][PASSED] - if (urlText.contains(searchWord) == false): null

04-12-2024T07:20:01 - [TEST_STEP][PASSED] - setText(findTestObject("Страница авторизации/input__username"), findTestData("PlanFact").getValue(8, 1)): Text 'liazgina-di' is set on object 'Object Repository/Страница авторизации/input__username'

04-12-2024T07:20:02 - [MESSAGE][PASSED] - Text 'liazgina-di' is set on object 'Object Repository/Страница авторизации/input__username'

04-12-2024T07:20:02 - [TEST_STEP][PASSED] - setText(findTestObject("Страница авторизации/input__password"), findTestData("PlanFact").getValue(9, 1)): Text ')$%5srZ8o688Dm#q' is set on object 'Object Repository/Страница авторизации/input__password'

04-12-2024T07:20:03 - [MESSAGE][PASSED] - Text ')$%5srZ8o688Dm#q' is set on object 'Object Repository/Страница авторизации/input__password'

04-12-2024T07:20:03 - [TEST_STEP][PASSED] - click(findTestObject("Страница авторизации/button_")): Object: 'Object Repository/Страница авторизации/button_' is clicked on

04-12-2024T07:20:05 - [MESSAGE][PASSED] - Object: 'Object Repository/Страница авторизации/button_' is clicked on

04-12-2024T07:20:05 - [TEST_STEP][PASSED] - delay(50): Delayed 50 second(s)

04-12-2024T07:20:55 - [MESSAGE][PASSED] - Delayed 50 second(s)

04-12-2024T07:20:55 - [TEST_STEP][PASSED] - searchWord = "ДЗО": null

04-12-2024T07:20:55 - [TEST_STEP][PASSED] - urlText = getText(findTestObject("Страница авторизации/Text")): Text of object 'Object Repository/Страница авторизации/Text' is: 'ДЗО 
Все
Период
1, 2, 3 кв., Октябрь 2024 года
Отклонения фактического уровня потерь от бизнес-плана, п.п.
-0.07
3.72
3.84
-0.05
0.15
-0.50
-0.27
АО «Тываэнерго»
АО «Чеченэнерго»
Россети Северный Кавказ
Россети Сибирь
Россети Тюмень
Россети Центр (ГК)
Россети Центр и Приволжье (ГК)
-1
0
1
2
3
4
5
6
7

Уровень потерь электроэнергии
АО «Тываэнерго»
АО «Чеченэнерго»
Россети Северный Кавказ
Россети Сибирь
Россети Тюмень
Россети Центр (ГК)
Россети Центр и Приволжье (ГК)
0
10
20
30
40
50
60
70
21.24
|
32.87
23.70
7.14
|
2.50
10.14
|
7.04
|
21.17
36.59
|
27.54
|
7.09
2.65
|
9.64
6.77
Ошибка запроса данных
%
5.39 5.39
5.35 5.35
План
Факт
1
100

● Бизнес-план выполнен● ●● Превышение бизнес-плана
Отклонения фактического уровня потерь от бизнес-плана за 3 месяца (нарастающим итогом), п.п.
-0.0-0.0
4.14.1
4.04.0
-0.1-0.1
0.10.1
-0.4-0.4
-0.2-0.2
-0.1-0.1
3.73.7
3.83.8
-0.0-0.0
0.10.1
-0.5-0.5
-0.2-0.2
-0.1-0.1
3.73.7
3.83.8
-0.0-0.0
0.10.1
-0.5-0.5
-0.3-0.3
Россети ФСКЕЭС
АО«Тываэнерго»
АО«Чеченэнерго»
Россети Волга
РоссетиКубань
РоссетиЛенэнерго (ГК)
РоссетиМосковскийрегион
РоссетиСеверныйКавказ (ГК)
Россети Северо-Запад
Россети Сибирь(ГК)
Россети Томск
Россети Тюмень
Россети Урал(ГК)
Россети Центр
Россети Центр иПриволжье (ГК)
Россети Юг (Г…
РоссетиЯнтарь
0
-5
5
п.п.
Отклонения фактического уровня потерь от бизнес-плана за 3 месяца (нарастающим итогом)
-0.2-0.2
-0.0-0.0
0.20.2
-0.1-0.1
4.24.2
-1.7-1.7
-0.1-0.1
-0.3-0.3
-0.1-0.1
0.30.3
-0.7-0.7
-0.4-0.4
8.48.4
0.20.2
13.213.2
-0.2-0.2
-0.1-0.1
-0.5-0.5
-0.3-0.3
3.83.8
-1.8-1.8
-0.1-0.1
-0.3-0.3
-0.2-0.2
0.40.4
-0.7-0.7
-0.4-0.4
8.08.0
0.30.3
13.213.2
-0.1-0.1
-0.2-0.2
-0.3-0.3
-1.8-1.8
-0.1-0.1
-0.3-0.3
-0.2-0.2
0.40.4
-0.7-0.7
-0.5-0.5
0.40.4
Итого по ФСК ЕЭС
Каббалкэнерго
Калмэнерго
Калугаэнерго
АО "Кинешемская электросеть"
АО "Тываэнерго"
АО «ВМЭС»
АО «Воронежская горэлектросеть»
АО «Тульские городские электрические сети»
АО «Чеченэнерго»
АО «Ярославская электросетевая компания»
АО ЕЭСК
Алтайэнерго
Архангельский филиал
Астраханьэнерго
Белгородэнерго
Брянскэнерго
Бурятэнерго
Владимирэнерго
Волгоградэнерго
Вологодский филиал
Воронежэнерго
Дагэнерго
Ивэнерго
Ингушэнерго
-5
15

Статус данных
Просьба обратить внимание
— все данные не занесены
Факт
План
Итого – Факт
Отпуск в сеть 211 719 944
Отпуск из сети 192 987 366
Потери 18 732 578
Итого – План
Отпуск в сеть 206 707 707
Отпуск из сети 189 135 798
Потери 17 571 909
Выполнение бизнес-плана в части показателя «Уровень потерь электроэнергии»
Показатели баланса электроэнергии по ДЗО – Факт 
642 168 3 034 612 17 367 779 52 412 668 43 413 766 49 425 284 45 596 339
506 218 1 924 288 12 584 601 48 697 705 42 264 622 44 662 142 42 504 429
135 950 1 110 325 4 783 177 3 714 964 1 149 143 4 763 141 3 091 910
Показатели баланса электроэнергии по ДЗО – План
608 287 2 822 152 16 300 204 50 003 068 45 056 130 48 037 333 44 041 851
479 095 1 894 447 12 437 092 46 434 624 43 930 370 43 167 677 40 938 806
129 192 927 705 3 863 112 3 568 444 1 125 760 4 869 656 3 103 045'

04-12-2024T07:21:23 - [MESSAGE][PASSED] - Text of object 'Object Repository/Страница авторизации/Text' is: 'ДЗО 
Все
Период
1, 2, 3 кв., Октябрь 2024 года
Отклонения фактического уровня потерь от бизнес-плана, п.п.
-0.07
3.72
3.84
-0.05
0.15
-0.50
-0.27
АО «Тываэнерго»
АО «Чеченэнерго»
Россети Северный Кавказ
Россети Сибирь
Россети Тюмень
Россети Центр (ГК)
Россети Центр и Приволжье (ГК)
-1
0
1
2
3
4
5
6
7

Уровень потерь электроэнергии
АО «Тываэнерго»
АО «Чеченэнерго»
Россети Северный Кавказ
Россети Сибирь
Россети Тюмень
Россети Центр (ГК)
Россети Центр и Приволжье (ГК)
0
10
20
30
40
50
60
70
21.24
|
32.87
23.70
7.14
|
2.50
10.14
|
7.04
|
21.17
36.59
|
27.54
|
7.09
2.65
|
9.64
6.77
Ошибка запроса данных
%
5.39 5.39
5.35 5.35
План
Факт
1
100

● Бизнес-план выполнен● ●● Превышение бизнес-плана
Отклонения фактического уровня потерь от бизнес-плана за 3 месяца (нарастающим итогом), п.п.
-0.0-0.0
4.14.1
4.04.0
-0.1-0.1
0.10.1
-0.4-0.4
-0.2-0.2
-0.1-0.1
3.73.7
3.83.8
-0.0-0.0
0.10.1
-0.5-0.5
-0.2-0.2
-0.1-0.1
3.73.7
3.83.8
-0.0-0.0
0.10.1
-0.5-0.5
-0.3-0.3
Россети ФСКЕЭС
АО«Тываэнерго»
АО«Чеченэнерго»
Россети Волга
РоссетиКубань
РоссетиЛенэнерго (ГК)
РоссетиМосковскийрегион
РоссетиСеверныйКавказ (ГК)
Россети Северо-Запад
Россети Сибирь(ГК)
Россети Томск
Россети Тюмень
Россети Урал(ГК)
Россети Центр
Россети Центр иПриволжье (ГК)
Россети Юг (Г…
РоссетиЯнтарь
0
-5
5
п.п.
Отклонения фактического уровня потерь от бизнес-плана за 3 месяца (нарастающим итогом)
-0.2-0.2
-0.0-0.0
0.20.2
-0.1-0.1
4.24.2
-1.7-1.7
-0.1-0.1
-0.3-0.3
-0.1-0.1
0.30.3
-0.7-0.7
-0.4-0.4
8.48.4
0.20.2
13.213.2
-0.2-0.2
-0.1-0.1
-0.5-0.5
-0.3-0.3
3.83.8
-1.8-1.8
-0.1-0.1
-0.3-0.3
-0.2-0.2
0.40.4
-0.7-0.7
-0.4-0.4
8.08.0
0.30.3
13.213.2
-0.1-0.1
-0.2-0.2
-0.3-0.3
-1.8-1.8
-0.1-0.1
-0.3-0.3
-0.2-0.2
0.40.4
-0.7-0.7
-0.5-0.5
0.40.4
Итого по ФСК ЕЭС
Каббалкэнерго
Калмэнерго
Калугаэнерго
АО "Кинешемская электросеть"
АО "Тываэнерго"
АО «ВМЭС»
АО «Воронежская горэлектросеть»
АО «Тульские городские электрические сети»
АО «Чеченэнерго»
АО «Ярославская электросетевая компания»
АО ЕЭСК
Алтайэнерго
Архангельский филиал
Астраханьэнерго
Белгородэнерго
Брянскэнерго
Бурятэнерго
Владимирэнерго
Волгоградэнерго
Вологодский филиал
Воронежэнерго
Дагэнерго
Ивэнерго
Ингушэнерго
-5
15

Статус данных
Просьба обратить внимание
— все данные не занесены
Факт
План
Итого – Факт
Отпуск в сеть 211 719 944
Отпуск из сети 192 987 366
Потери 18 732 578
Итого – План
Отпуск в сеть 206 707 707
Отпуск из сети 189 135 798
Потери 17 571 909
Выполнение бизнес-плана в части показателя «Уровень потерь электроэнергии»
Показатели баланса электроэнергии по ДЗО – Факт 
642 168 3 034 612 17 367 779 52 412 668 43 413 766 49 425 284 45 596 339
506 218 1 924 288 12 584 601 48 697 705 42 264 622 44 662 142 42 504 429
135 950 1 110 325 4 783 177 3 714 964 1 149 143 4 763 141 3 091 910
Показатели баланса электроэнергии по ДЗО – План
608 287 2 822 152 16 300 204 50 003 068 45 056 130 48 037 333 44 041 851
479 095 1 894 447 12 437 092 46 434 624 43 930 370 43 167 677 40 938 806
129 192 927 705 3 863 112 3 568 444 1 125 760 4 869 656 3 103 045'

04-12-2024T07:21:23 - [TEST_STEP][PASSED] - if (urlText.contains("ошибка") || urlText.contains(searchWord) == false): null

04-12-2024T07:21:23 - [TEST_STEP][PASSED] - Script1719299571342.ZakrytOpoveshenie(): null

04-12-2024T07:21:23 - [TEST_STEP][PASSED] - opoveshenie = getText(findTestObject("Выполнение бизнес-плана/Просьба обратить внимание")): Text of object 'Object Repository/Выполнение бизнес-плана/Просьба обратить внимание' is: 'Просьба обратить внимание'

04-12-2024T07:21:23 - [MESSAGE][PASSED] - Text of object 'Object Repository/Выполнение бизнес-плана/Просьба обратить внимание' is: 'Просьба обратить внимание'

04-12-2024T07:21:23 - [TEST_STEP][PASSED] - if (opoveshenie == "Просьба обратить внимание"): Object: 'Object Repository/Выполнение бизнес-плана/Закрыть оповещение' is clicked on

04-12-2024T07:21:23 - [TEST_STEP][PASSED] - click(findTestObject("Выполнение бизнес-плана/Закрыть оповещение")): Object: 'Object Repository/Выполнение бизнес-плана/Закрыть оповещение' is clicked on

04-12-2024T07:21:24 - [MESSAGE][PASSED] - Object: 'Object Repository/Выполнение бизнес-плана/Закрыть оповещение' is clicked on

04-12-2024T07:21:24 - [TEST_STEP][PASSED] - click(findTestObject(path + "Фильтр Дата")): Object: 'Object Repository/Выполнение бизнес-плана/Фильтр Дата' is clicked on

04-12-2024T07:21:24 - [MESSAGE][PASSED] - Object: 'Object Repository/Выполнение бизнес-плана/Фильтр Дата' is clicked on

04-12-2024T07:21:24 - [TEST_STEP][PASSED] - click(findTestObject(path + "Снять выделение в фильтре Дата")): Object: 'Object Repository/Выполнение бизнес-плана/Снять выделение в фильтре Дата' is clicked on

04-12-2024T07:21:25 - [MESSAGE][PASSED] - Object: 'Object Repository/Выполнение бизнес-плана/Снять выделение в фильтре Дата' is clicked on

04-12-2024T07:21:25 - [TEST_STEP][PASSED] - click(findTestObject(path + "Применить в фильтре Дата")): Object: 'Object Repository/Выполнение бизнес-плана/Применить в фильтре Дата' is clicked on

04-12-2024T07:21:26 - [MESSAGE][PASSED] - Object: 'Object Repository/Выполнение бизнес-плана/Применить в фильтре Дата' is clicked on

04-12-2024T07:21:26 - [TEST_STEP][PASSED] - delay(50): Delayed 50 second(s)

04-12-2024T07:22:16 - [MESSAGE][PASSED] - Delayed 50 second(s)

04-12-2024T07:22:16 - [TEST_STEP][PASSED] - Script1719299571342.ZakrytOpoveshenie(): null

04-12-2024T07:22:16 - [TEST_STEP][PASSED] - opoveshenie = getText(findTestObject("Выполнение бизнес-плана/Просьба обратить внимание")): Text of object 'Object Repository/Выполнение бизнес-плана/Просьба обратить внимание' is: 'Просьба обратить внимание'

04-12-2024T07:22:16 - [MESSAGE][PASSED] - Text of object 'Object Repository/Выполнение бизнес-плана/Просьба обратить внимание' is: 'Просьба обратить внимание'

04-12-2024T07:22:16 - [TEST_STEP][PASSED] - if (opoveshenie == "Просьба обратить внимание"): Object: 'Object Repository/Выполнение бизнес-плана/Закрыть оповещение' is clicked on

04-12-2024T07:22:16 - [TEST_STEP][PASSED] - click(findTestObject("Выполнение бизнес-плана/Закрыть оповещение")): Object: 'Object Repository/Выполнение бизнес-плана/Закрыть оповещение' is clicked on

04-12-2024T07:22:16 - [MESSAGE][PASSED] - Object: 'Object Repository/Выполнение бизнес-плана/Закрыть оповещение' is clicked on

04-12-2024T07:22:16 - [TEST_STEP][PASSED] - click(findTestObject(path + "Фильтр Дата")): Object: 'Object Repository/Выполнение бизнес-плана/Фильтр Дата' is clicked on

04-12-2024T07:22:17 - [MESSAGE][PASSED] - Object: 'Object Repository/Выполнение бизнес-плана/Фильтр Дата' is clicked on

04-12-2024T07:22:17 - [TEST_STEP][PASSED] - scrollToElement(findTestObject(path + "2024 список"), 30): Scroll to object 'Object Repository/Выполнение бизнес-плана/2024 список' successfully

04-12-2024T07:22:17 - [MESSAGE][PASSED] - Scroll to object 'Object Repository/Выполнение бизнес-плана/2024 список' successfully

04-12-2024T07:22:17 - [TEST_STEP][PASSED] - click(findTestObject(path + "2024 список")): Object: 'Object Repository/Выполнение бизнес-плана/2024 список' is clicked on

04-12-2024T07:22:18 - [MESSAGE][PASSED] - Object: 'Object Repository/Выполнение бизнес-плана/2024 список' is clicked on

04-12-2024T07:22:18 - [TEST_STEP][PASSED] - scrollToElement(findTestObject(path + "1 квартал 2024 список"), 30): Scroll to object 'Object Repository/Выполнение бизнес-плана/1 квартал 2024 список' successfully

04-12-2024T07:22:18 - [MESSAGE][PASSED] - Scroll to object 'Object Repository/Выполнение бизнес-плана/1 квартал 2024 список' successfully

04-12-2024T07:22:18 - [TEST_STEP][PASSED] - click(findTestObject(path + "1 квартал 2024 список")): Object: 'Object Repository/Выполнение бизнес-плана/1 квартал 2024 список' is clicked on

04-12-2024T07:22:18 - [MESSAGE][PASSED] - Object: 'Object Repository/Выполнение бизнес-плана/1 квартал 2024 список' is clicked on

04-12-2024T07:22:18 - [TEST_STEP][PASSED] - click(findTestObject(path + "Январь 2024")): Object: 'Object Repository/Выполнение бизнес-плана/Январь 2024' is clicked on

04-12-2024T07:22:19 - [MESSAGE][PASSED] - Object: 'Object Repository/Выполнение бизнес-плана/Январь 2024' is clicked on

04-12-2024T07:22:19 - [TEST_STEP][PASSED] - click(findTestObject(path + "Февраль 2024")): Object: 'Object Repository/Выполнение бизнес-плана/Февраль 2024' is clicked on

04-12-2024T07:22:19 - [MESSAGE][PASSED] - Object: 'Object Repository/Выполнение бизнес-плана/Февраль 2024' is clicked on

04-12-2024T07:22:19 - [TEST_STEP][PASSED] - click(findTestObject(path + "Март 2024")): Object: 'Object Repository/Выполнение бизнес-плана/Март 2024' is clicked on

04-12-2024T07:22:20 - [MESSAGE][PASSED] - Object: 'Object Repository/Выполнение бизнес-плана/Март 2024' is clicked on

04-12-2024T07:22:20 - [TEST_STEP][PASSED] - scrollToElement(findTestObject(path + "2 квартал 2024"), 30): Scroll to object 'Object Repository/Выполнение бизнес-плана/2 квартал 2024' successfully

04-12-2024T07:22:20 - [MESSAGE][PASSED] - Scroll to object 'Object Repository/Выполнение бизнес-плана/2 квартал 2024' successfully

04-12-2024T07:22:20 - [TEST_STEP][PASSED] - click(findTestObject(path + "2 квартал 2024")): Object: 'Object Repository/Выполнение бизнес-плана/2 квартал 2024' is clicked on

04-12-2024T07:22:21 - [MESSAGE][PASSED] - Object: 'Object Repository/Выполнение бизнес-плана/2 квартал 2024' is clicked on

04-12-2024T07:22:21 - [TEST_STEP][PASSED] - scrollToElement(findTestObject(path + "3 квартал 2024 список"), 30): Scroll to object 'Object Repository/Выполнение бизнес-плана/3 квартал 2024 список' successfully

04-12-2024T07:22:21 - [MESSAGE][PASSED] - Scroll to object 'Object Repository/Выполнение бизнес-плана/3 квартал 2024 список' successfully

04-12-2024T07:22:21 - [TEST_STEP][PASSED] - click(findTestObject(path + "3 квартал 2024")): Object: 'Object Repository/Выполнение бизнес-плана/3 квартал 2024' is clicked on

04-12-2024T07:22:22 - [MESSAGE][PASSED] - Object: 'Object Repository/Выполнение бизнес-плана/3 квартал 2024' is clicked on

04-12-2024T07:22:22 - [TEST_STEP][PASSED] - scrollToElement(findTestObject(path + "4 квартал 2024 список"), 30): Scroll to object 'Object Repository/Выполнение бизнес-плана/4 квартал 2024 список' successfully

04-12-2024T07:22:22 - [MESSAGE][PASSED] - Scroll to object 'Object Repository/Выполнение бизнес-плана/4 квартал 2024 список' successfully

04-12-2024T07:22:22 - [TEST_STEP][PASSED] - click(findTestObject(path + "4 квартал 2024 список")): Object: 'Object Repository/Выполнение бизнес-плана/4 квартал 2024 список' is clicked on

04-12-2024T07:22:22 - [MESSAGE][PASSED] - Object: 'Object Repository/Выполнение бизнес-плана/4 квартал 2024 список' is clicked on

04-12-2024T07:22:22 - [TEST_STEP][PASSED] - scrollToElement(findTestObject(path + "Октябрь 2024"), 30): Scroll to object 'Object Repository/Выполнение бизнес-плана/Октябрь 2024' successfully

04-12-2024T07:22:23 - [MESSAGE][PASSED] - Scroll to object 'Object Repository/Выполнение бизнес-плана/Октябрь 2024' successfully

04-12-2024T07:22:23 - [TEST_STEP][PASSED] - click(findTestObject(path + "Октябрь 2024")): Object: 'Object Repository/Выполнение бизнес-плана/Октябрь 2024' is clicked on

04-12-2024T07:22:23 - [MESSAGE][PASSED] - Object: 'Object Repository/Выполнение бизнес-плана/Октябрь 2024' is clicked on

04-12-2024T07:22:23 - [TEST_STEP][PASSED] - scrollToElement(findTestObject(path + "Заголовок дашборда"), 30): Scroll to object 'Object Repository/Выполнение бизнес-плана/Заголовок дашборда' successfully

04-12-2024T07:22:24 - [MESSAGE][PASSED] - Scroll to object 'Object Repository/Выполнение бизнес-плана/Заголовок дашборда' successfully

04-12-2024T07:22:24 - [TEST_STEP][PASSED] - click(findTestObject(path + "Применить в фильтре Дата")): Object: 'Object Repository/Выполнение бизнес-плана/Применить в фильтре Дата' is clicked on

04-12-2024T07:22:24 - [MESSAGE][PASSED] - Object: 'Object Repository/Выполнение бизнес-плана/Применить в фильтре Дата' is clicked on

04-12-2024T07:22:24 - [TEST_STEP][PASSED] - delay(30): Delayed 30 second(s)

04-12-2024T07:22:54 - [MESSAGE][PASSED] - Delayed 30 second(s)

04-12-2024T07:22:54 - [TEST_STEP][PASSED] - Script1719299571342.ZakrytOpoveshenie(): null

04-12-2024T07:22:54 - [TEST_STEP][PASSED] - opoveshenie = getText(findTestObject("Выполнение бизнес-плана/Просьба обратить внимание")): Text of object 'Object Repository/Выполнение бизнес-плана/Просьба обратить внимание' is: 'Просьба обратить внимание'

04-12-2024T07:23:00 - [MESSAGE][PASSED] - Text of object 'Object Repository/Выполнение бизнес-плана/Просьба обратить внимание' is: 'Просьба обратить внимание'

04-12-2024T07:23:00 - [TEST_STEP][PASSED] - if (opoveshenie == "Просьба обратить внимание"): Object: 'Object Repository/Выполнение бизнес-плана/Закрыть оповещение' is clicked on

04-12-2024T07:23:00 - [TEST_STEP][PASSED] - click(findTestObject("Выполнение бизнес-плана/Закрыть оповещение")): Object: 'Object Repository/Выполнение бизнес-плана/Закрыть оповещение' is clicked on

04-12-2024T07:23:00 - [MESSAGE][PASSED] - Object: 'Object Repository/Выполнение бизнес-плана/Закрыть оповещение' is clicked on

04-12-2024T07:23:00 - [TEST_STEP][PASSED] - click(findTestObject(path + "Фильтр ДЗО")): Object: 'Object Repository/Выполнение бизнес-плана/Фильтр ДЗО' is clicked on

04-12-2024T07:23:01 - [MESSAGE][PASSED] - Object: 'Object Repository/Выполнение бизнес-плана/Фильтр ДЗО' is clicked on

04-12-2024T07:23:01 - [TEST_STEP][PASSED] - click(findTestObject(path + "Снять выделение в фильтре ДЗО")): Object: 'Object Repository/Выполнение бизнес-плана/Снять выделение в фильтре ДЗО' is clicked on

04-12-2024T07:23:01 - [MESSAGE][PASSED] - Object: 'Object Repository/Выполнение бизнес-плана/Снять выделение в фильтре ДЗО' is clicked on

04-12-2024T07:23:01 - [TEST_STEP][PASSED] - click(findTestObject(path + "ПАО Россети")): Object: 'Object Repository/Выполнение бизнес-плана/ПАО Россети' is clicked on

04-12-2024T07:23:02 - [MESSAGE][PASSED] - Object: 'Object Repository/Выполнение бизнес-плана/ПАО Россети' is clicked on

04-12-2024T07:23:02 - [TEST_STEP][PASSED] - click(findTestObject(path + "Применить в фильтре ДЗО")): Object: 'Object Repository/Выполнение бизнес-плана/Применить в фильтре ДЗО' is clicked on

04-12-2024T07:23:03 - [MESSAGE][PASSED] - Object: 'Object Repository/Выполнение бизнес-плана/Применить в фильтре ДЗО' is clicked on

04-12-2024T07:23:03 - [TEST_STEP][PASSED] - delay(30): Delayed 30 second(s)

04-12-2024T07:23:33 - [MESSAGE][PASSED] - Delayed 30 second(s)

04-12-2024T07:23:33 - [TEST_STEP][PASSED] - VseDZO = getText(findTestObject(path + "Список ДЗО")): Text of object 'Object Repository/Выполнение бизнес-плана/Список ДЗО' is: '-0.07
3.72
3.84
-0.05
0.15
-0.50
-0.27
АО «Тываэнерго»
АО «Чеченэнерго»
Россети Северный Кавказ
Россети Сибирь
Россети Тюмень
Россети Центр (ГК)
Россети Центр и Приволжье (ГК)
-1
0
1
2
3
4
5
6
7'

04-12-2024T07:23:33 - [MESSAGE][PASSED] - Text of object 'Object Repository/Выполнение бизнес-плана/Список ДЗО' is: '-0.07
3.72
3.84
-0.05
0.15
-0.50
-0.27
АО «Тываэнерго»
АО «Чеченэнерго»
Россети Северный Кавказ
Россети Сибирь
Россети Тюмень
Россети Центр (ГК)
Россети Центр и Приволжье (ГК)
-1
0
1
2
3
4
5
6
7'

04-12-2024T07:23:33 - [TEST_STEP][PASSED] - pRR = GetAllPAOData(path, dZONum, VseDZO, z = "ПАО Россети/"): null

04-12-2024T07:23:33 - [TEST_STEP][PASSED] - path2 = "Значения со страницы Выполнение бизнес-плана/Table Data/": null

04-12-2024T07:23:33 - [TEST_STEP][PASSED] - ii = <not implemented yet for class: org.codehaus.groovy.ast.expr.EmptyExpression>: null

04-12-2024T07:23:33 - [TEST_STEP][PASSED] - i1 = <not implemented yet for class: org.codehaus.groovy.ast.expr.EmptyExpression>: null

04-12-2024T07:23:33 - [TEST_STEP][PASSED] - z = <not implemented yet for class: org.codehaus.groovy.ast.expr.EmptyExpression>: null

04-12-2024T07:23:33 - [TEST_STEP][PASSED] - z1 = <not implemented yet for class: org.codehaus.groovy.ast.expr.EmptyExpression>: null

04-12-2024T07:23:33 - [TEST_STEP][PASSED] - println("path: " + path): null

04-12-2024T07:23:33 - [TEST_STEP][PASSED] - z = getText(findTestObject(path + "Итого")).replaceAll("[\r?
|
]", "/"): Text of object 'Object Repository/Выполнение бизнес-плана/Итого' is: '%
5.39 5.39
5.35 5.35
План
Факт
1
100'

04-12-2024T07:23:33 - [MESSAGE][PASSED] - Text of object 'Object Repository/Выполнение бизнес-плана/Итого' is: '%
5.39 5.39
5.35 5.35
План
Факт
1
100'

04-12-2024T07:23:33 - [TEST_STEP][PASSED] - ii = z.indexOf("%") + 2: null

04-12-2024T07:23:33 - [TEST_STEP][PASSED] - if (ii > -1): null

04-12-2024T07:23:33 - [TEST_STEP][PASSED] - z = z.substring(ii, z.length()): null

04-12-2024T07:23:33 - [TEST_STEP][PASSED] - println(z): null

04-12-2024T07:23:33 - [TEST_STEP][PASSED] - ii = z.indexOf("/1/100") - 1: null

04-12-2024T07:23:33 - [TEST_STEP][PASSED] - if (ii > -1): null

04-12-2024T07:23:33 - [TEST_STEP][PASSED] - z = z.substring(0, ii): null

04-12-2024T07:23:33 - [TEST_STEP][PASSED] - println(z): null

04-12-2024T07:23:33 - [TEST_STEP][PASSED] - ii = z.indexOf("План"): null

04-12-2024T07:23:33 - [TEST_STEP][PASSED] - if (ii > -1): null

04-12-2024T07:23:33 - [TEST_STEP][PASSED] - z = z.substring(0, ii): null

04-12-2024T07:23:33 - [TEST_STEP][PASSED] - println(z): null

04-12-2024T07:23:33 - [TEST_STEP][PASSED] - ii = z.indexOf("/") + 1: null

04-12-2024T07:23:33 - [TEST_STEP][PASSED] - z1 = z.substring(0, ii): null

04-12-2024T07:23:33 - [TEST_STEP][PASSED] - println(z1): null

04-12-2024T07:23:33 - [TEST_STEP][PASSED] - z = z.substring(ii, z.length()): null

04-12-2024T07:23:33 - [TEST_STEP][PASSED] - println(z): null

04-12-2024T07:23:33 - [TEST_STEP][PASSED] - ii = z1.length() / 2: null

04-12-2024T07:23:33 - [TEST_STEP][PASSED] - z1 = replaceAll("[\r?
|
]", "/").trim(): null

04-12-2024T07:23:33 - [TEST_STEP][PASSED] - println(z1): null

04-12-2024T07:23:33 - [TEST_STEP][PASSED] - ii = z.length() / 2: null

04-12-2024T07:23:33 - [TEST_STEP][PASSED] - z = replace("/", "").trim(): null

04-12-2024T07:23:33 - [TEST_STEP][PASSED] - println(z): null

04-12-2024T07:23:33 - [TEST_STEP][PASSED] - x = x + z1 + "/" + z: null

04-12-2024T07:23:33 - [TEST_STEP][PASSED] - println(x): null

04-12-2024T07:23:33 - [TEST_STEP][PASSED] - if (verifyElementPresent(findTestObject(path + "Таблица Итого-Факт"), 30)): null

04-12-2024T07:23:34 - [MESSAGE][PASSED] - Object 'Object Repository/Выполнение бизнес-плана/Таблица Итого-Факт' is present

04-12-2024T07:23:34 - [TEST_STEP][PASSED] - z = replaceAll("\s+", "").replaceAll("[а-яА-Я]", ""): Text of object 'Object Repository/Выполнение бизнес-плана/Таблица Итого-Факт' is: 'Отпуск в сеть 211 719 944
Отпуск из сети 192 987 366
Потери 18 732 578'

04-12-2024T07:23:34 - [MESSAGE][PASSED] - Text of object 'Object Repository/Выполнение бизнес-плана/Таблица Итого-Факт' is: 'Отпуск в сеть 211 719 944
Отпуск из сети 192 987 366
Потери 18 732 578'

04-12-2024T07:23:34 - [TEST_STEP][PASSED] - println(z): null

04-12-2024T07:23:34 - [TEST_STEP][PASSED] - x = x + "/" + z: null

04-12-2024T07:23:34 - [TEST_STEP][PASSED] - println(x): null

04-12-2024T07:23:34 - [TEST_STEP][PASSED] - click(findTestObject(path + "Кнопка План")): Object: 'Object Repository/Выполнение бизнес-плана/Кнопка План' is clicked on

04-12-2024T07:23:34 - [MESSAGE][PASSED] - Object: 'Object Repository/Выполнение бизнес-плана/Кнопка План' is clicked on

04-12-2024T07:23:34 - [TEST_STEP][PASSED] - z = replaceAll("\s+", "").replaceAll("[а-яА-Я]", ""): Text of object 'Object Repository/Выполнение бизнес-плана/Таблица Итого-План' is: 'Отпуск в сеть 206 707 707
Отпуск из сети 189 135 798
Потери 17 571 909'

04-12-2024T07:23:35 - [MESSAGE][PASSED] - Text of object 'Object Repository/Выполнение бизнес-плана/Таблица Итого-План' is: 'Отпуск в сеть 206 707 707
Отпуск из сети 189 135 798
Потери 17 571 909'

04-12-2024T07:23:35 - [TEST_STEP][PASSED] - x = x + "/" + z: null

04-12-2024T07:23:35 - [TEST_STEP][PASSED] - println(x): null

04-12-2024T07:23:35 - [TEST_STEP][PASSED] - click(findTestObject(path + "Кнопка Факт")): Object: 'Object Repository/Выполнение бизнес-плана/Кнопка Факт' is clicked on

04-12-2024T07:23:35 - [MESSAGE][PASSED] - Object: 'Object Repository/Выполнение бизнес-плана/Кнопка Факт' is clicked on

04-12-2024T07:23:35 - [TEST_STEP][PASSED] - return x: null

04-12-2024T07:23:35 - [TEST_STEP][PASSED] - println("pRR: " + pRR): null

04-12-2024T07:23:35 - [TEST_STEP][PASSED] - i = VseDZO.indexOf("ЕЭС"): null

04-12-2024T07:23:35 - [TEST_STEP][PASSED] - if (i > -1): null

04-12-2024T07:23:35 - [TEST_STEP][PASSED] - else: null

04-12-2024T07:23:35 - [TEST_STEP][PASSED] - fR = fR + "нет данных/нет данных/нет данных/нет данных/нет данных/нет данных/нет данных/нет данных/нет данных": null

04-12-2024T07:23:35 - [TEST_STEP][PASSED] - println("fR: " + fR): null

04-12-2024T07:23:35 - [TEST_STEP][PASSED] - i = VseDZO.indexOf("Тываэнерго"): null

04-12-2024T07:23:35 - [TEST_STEP][PASSED] - if (i > -1): null

04-12-2024T07:23:35 - [TEST_STEP][PASSED] - dZONum = dZONum + 1: null

04-12-2024T07:23:35 - [TEST_STEP][PASSED] - tyR = GetAllData(path, dZONum, VseDZO, x = "АО "Тываэнерго"/"): null

04-12-2024T07:23:35 - [TEST_STEP][PASSED] - ii = <not implemented yet for class: org.codehaus.groovy.ast.expr.EmptyExpression>: null

04-12-2024T07:23:35 - [TEST_STEP][PASSED] - i1 = <not implemented yet for class: org.codehaus.groovy.ast.expr.EmptyExpression>: null

04-12-2024T07:23:35 - [TEST_STEP][PASSED] - z = <not implemented yet for class: org.codehaus.groovy.ast.expr.EmptyExpression>: null

04-12-2024T07:23:35 - [TEST_STEP][PASSED] - path2 = "Значения со страницы Выполнение бизнес-плана/Table Data/": null

04-12-2024T07:23:35 - [TEST_STEP][PASSED] - println("path: " + path): null

04-12-2024T07:23:35 - [TEST_STEP][PASSED] - println("dZONum: " + dZONum): null

04-12-2024T07:23:35 - [TEST_STEP][PASSED] - z = getText(findTestObject(path + "spanPlan" + dZONum)): Text of object 'Object Repository/Выполнение бизнес-плана/spanPlan1' is: '21.24
|'

04-12-2024T07:23:35 - [MESSAGE][PASSED] - Text of object 'Object Repository/Выполнение бизнес-плана/spanPlan1' is: '21.24
|'

04-12-2024T07:23:35 - [TEST_STEP][PASSED] - println(z): null

04-12-2024T07:23:35 - [TEST_STEP][PASSED] - ii = z.indexOf("|"): null

04-12-2024T07:23:35 - [TEST_STEP][PASSED] - if (ii > -1): null

04-12-2024T07:23:35 - [TEST_STEP][PASSED] - z = z.substring(0, z.length() - 1): null

04-12-2024T07:23:35 - [TEST_STEP][PASSED] - println(z): null

04-12-2024T07:23:35 - [TEST_STEP][PASSED] - z = z.replaceAll("\s+", ""): null

04-12-2024T07:23:35 - [TEST_STEP][PASSED] - z = z.replace("[\r?
|
]", "/"): null

04-12-2024T07:23:35 - [TEST_STEP][PASSED] - println(z): null

04-12-2024T07:23:35 - [TEST_STEP][PASSED] - x = x + z: null

04-12-2024T07:23:35 - [TEST_STEP][PASSED] - z = getText(findTestObject(path + "spanFact" + dZONum)): Text of object 'Object Repository/Выполнение бизнес-плана/spanFact1' is: '21.17'

04-12-2024T07:23:36 - [MESSAGE][PASSED] - Text of object 'Object Repository/Выполнение бизнес-плана/spanFact1' is: '21.17'

04-12-2024T07:23:36 - [TEST_STEP][PASSED] - ii = z.indexOf("|"): null

04-12-2024T07:23:36 - [TEST_STEP][PASSED] - if (ii > -1): null

04-12-2024T07:23:36 - [TEST_STEP][PASSED] - x = x + "/" + z: null

04-12-2024T07:23:36 - [TEST_STEP][PASSED] - z = getText(findTestObject(path + path2 + "Факт Отпуск в сеть за отчётный период " + dZONum)).replaceAll("\s+", ""): Text of object 'Object Repository/Выполнение бизнес-плана/Значения со страницы Выполнение бизнес-плана/Table Data/Факт Отпуск в сеть за отчётный период 1' is: '642 168'

04-12-2024T07:23:36 - [MESSAGE][PASSED] - Text of object 'Object Repository/Выполнение бизнес-плана/Значения со страницы Выполнение бизнес-плана/Table Data/Факт Отпуск в сеть за отчётный период 1' is: '642 168'

04-12-2024T07:23:36 - [TEST_STEP][PASSED] - x = x + "/" + z: null

04-12-2024T07:23:36 - [TEST_STEP][PASSED] - z = getText(findTestObject(path + path2 + "Факт Отпуск из сети за отчётный период " + dZONum)).replaceAll("\s+", ""): Text of object 'Object Repository/Выполнение бизнес-плана/Значения со страницы Выполнение бизнес-плана/Table Data/Факт Отпуск из сети за отчётный период 1' is: '506 218'

04-12-2024T07:23:36 - [MESSAGE][PASSED] - Text of object 'Object Repository/Выполнение бизнес-плана/Значения со страницы Выполнение бизнес-плана/Table Data/Факт Отпуск из сети за отчётный период 1' is: '506 218'

04-12-2024T07:23:36 - [TEST_STEP][PASSED] - x = x + "/" + z: null

04-12-2024T07:23:36 - [TEST_STEP][PASSED] - z = getText(findTestObject(path + path2 + "Факт Потери за отчётный период " + dZONum)).replaceAll("\s+", ""): Text of object 'Object Repository/Выполнение бизнес-плана/Значения со страницы Выполнение бизнес-плана/Table Data/Факт Потери за отчётный период 1' is: '135 950'

04-12-2024T07:23:36 - [MESSAGE][PASSED] - Text of object 'Object Repository/Выполнение бизнес-плана/Значения со страницы Выполнение бизнес-плана/Table Data/Факт Потери за отчётный период 1' is: '135 950'

04-12-2024T07:23:36 - [TEST_STEP][PASSED] - x = x + "/" + z: null

04-12-2024T07:23:36 - [TEST_STEP][PASSED] - z = getText(findTestObject(path + path2 + "План Отпуск в сеть за отчётный период " + dZONum)).replaceAll("\s+", ""): Text of object 'Object Repository/Выполнение бизнес-плана/Значения со страницы Выполнение бизнес-плана/Table Data/План Отпуск в сеть за отчётный период 1' is: '608 287'

04-12-2024T07:23:37 - [MESSAGE][PASSED] - Text of object 'Object Repository/Выполнение бизнес-плана/Значения со страницы Выполнение бизнес-плана/Table Data/План Отпуск в сеть за отчётный период 1' is: '608 287'

04-12-2024T07:23:37 - [TEST_STEP][PASSED] - x = x + "/" + z: null

04-12-2024T07:23:37 - [TEST_STEP][PASSED] - z = getText(findTestObject(path + path2 + "План Отпуск из сети за отчётный период " + dZONum)).replaceAll("\s+", ""): Text of object 'Object Repository/Выполнение бизнес-плана/Значения со страницы Выполнение бизнес-плана/Table Data/План Отпуск из сети за отчётный период 1' is: '479 095'

04-12-2024T07:23:37 - [MESSAGE][PASSED] - Text of object 'Object Repository/Выполнение бизнес-плана/Значения со страницы Выполнение бизнес-плана/Table Data/План Отпуск из сети за отчётный период 1' is: '479 095'

04-12-2024T07:23:37 - [TEST_STEP][PASSED] - x = x + "/" + z: null

04-12-2024T07:23:37 - [TEST_STEP][PASSED] - z = getText(findTestObject(path + path2 + "План Потери за отчётный период " + dZONum)).replaceAll("\s+", ""): Text of object 'Object Repository/Выполнение бизнес-плана/Значения со страницы Выполнение бизнес-плана/Table Data/План Потери за отчётный период 1' is: '129 192'

04-12-2024T07:23:37 - [MESSAGE][PASSED] - Text of object 'Object Repository/Выполнение бизнес-плана/Значения со страницы Выполнение бизнес-плана/Table Data/План Потери за отчётный период 1' is: '129 192'

04-12-2024T07:23:37 - [TEST_STEP][PASSED] - x = x + "/" + z: null

04-12-2024T07:23:37 - [TEST_STEP][PASSED] - z = getText(findTestObject(path + "Список ДЗО")).replaceAll("[\r?
|
]", "/"): Text of object 'Object Repository/Выполнение бизнес-плана/Список ДЗО' is: '-0.07
3.72
3.84
-0.05
0.15
-0.50
-0.27
АО «Тываэнерго»
АО «Чеченэнерго»
Россети Северный Кавказ
Россети Сибирь
Россети Тюмень
Россети Центр (ГК)
Россети Центр и Приволжье (ГК)
-1
0
1
2
3
4
5
6
7'

04-12-2024T07:23:38 - [MESSAGE][PASSED] - Text of object 'Object Repository/Выполнение бизнес-плана/Список ДЗО' is: '-0.07
3.72
3.84
-0.05
0.15
-0.50
-0.27
АО «Тываэнерго»
АО «Чеченэнерго»
Россети Северный Кавказ
Россети Сибирь
Россети Тюмень
Россети Центр (ГК)
Россети Центр и Приволжье (ГК)
-1
0
1
2
3
4
5
6
7'

04-12-2024T07:23:38 - [TEST_STEP][PASSED] - for ([ii = 1, ii < dZONum, (ii++)]): null

04-12-2024T07:23:38 - [TEST_STEP][PASSED] - i1 = z.indexOf("/"): null

04-12-2024T07:23:38 - [TEST_STEP][PASSED] - if (i1 > -1): null

04-12-2024T07:23:38 - [TEST_STEP][PASSED] - z = z.substring(0, i1): null

04-12-2024T07:23:38 - [TEST_STEP][PASSED] - z = z.replace(",", "."): null

04-12-2024T07:23:38 - [TEST_STEP][PASSED] - println(z): null

04-12-2024T07:23:38 - [TEST_STEP][PASSED] - x = x + "/" + z: null

04-12-2024T07:23:38 - [TEST_STEP][PASSED] - x = x.replaceAll("[\r?
|
]", ""): null

04-12-2024T07:23:38 - [TEST_STEP][PASSED] - println(x): null

04-12-2024T07:23:38 - [TEST_STEP][PASSED] - return x: null

04-12-2024T07:23:38 - [TEST_STEP][PASSED] - println("tyR: " + tyR): null

04-12-2024T07:23:38 - [TEST_STEP][PASSED] - i = VseDZO.indexOf("Чеченэнерго"): null

04-12-2024T07:23:38 - [TEST_STEP][PASSED] - if (i > -1): null

04-12-2024T07:23:38 - [TEST_STEP][PASSED] - dZONum = dZONum + 1: null

04-12-2024T07:23:38 - [TEST_STEP][PASSED] - chR = GetAllData(path, dZONum, VseDZO, x = "АО "Чеченэнерго"/"): null

04-12-2024T07:23:38 - [TEST_STEP][PASSED] - ii = <not implemented yet for class: org.codehaus.groovy.ast.expr.EmptyExpression>: null

04-12-2024T07:23:38 - [TEST_STEP][PASSED] - i1 = <not implemented yet for class: org.codehaus.groovy.ast.expr.EmptyExpression>: null

04-12-2024T07:23:38 - [TEST_STEP][PASSED] - z = <not implemented yet for class: org.codehaus.groovy.ast.expr.EmptyExpression>: null

04-12-2024T07:23:38 - [TEST_STEP][PASSED] - path2 = "Значения со страницы Выполнение бизнес-плана/Table Data/": null

04-12-2024T07:23:38 - [TEST_STEP][PASSED] - println("path: " + path): null

04-12-2024T07:23:38 - [TEST_STEP][PASSED] - println("dZONum: " + dZONum): null

04-12-2024T07:23:38 - [TEST_STEP][PASSED] - z = getText(findTestObject(path + "spanPlan" + dZONum)): Text of object 'Object Repository/Выполнение бизнес-плана/spanPlan2' is: '32.87'

04-12-2024T07:23:38 - [MESSAGE][PASSED] - Text of object 'Object Repository/Выполнение бизнес-плана/spanPlan2' is: '32.87'

04-12-2024T07:23:38 - [TEST_STEP][PASSED] - println(z): null

04-12-2024T07:23:38 - [TEST_STEP][PASSED] - ii = z.indexOf("|"): null

04-12-2024T07:23:38 - [TEST_STEP][PASSED] - if (ii > -1): null

04-12-2024T07:23:38 - [TEST_STEP][PASSED] - z = z.replaceAll("\s+", ""): null

04-12-2024T07:23:38 - [TEST_STEP][PASSED] - z = z.replace("[\r?
|
]", "/"): null

04-12-2024T07:23:38 - [TEST_STEP][PASSED] - println(z): null

04-12-2024T07:23:38 - [TEST_STEP][PASSED] - x = x + z: null

04-12-2024T07:23:38 - [TEST_STEP][PASSED] - z = getText(findTestObject(path + "spanFact" + dZONum)): Text of object 'Object Repository/Выполнение бизнес-плана/spanFact2' is: '36.59
|'

04-12-2024T07:23:38 - [MESSAGE][PASSED] - Text of object 'Object Repository/Выполнение бизнес-плана/spanFact2' is: '36.59
|'

04-12-2024T07:23:38 - [TEST_STEP][PASSED] - ii = z.indexOf("|"): null

04-12-2024T07:23:38 - [TEST_STEP][PASSED] - if (ii > -1): null

04-12-2024T07:23:38 - [TEST_STEP][PASSED] - z = length() - 1).replace("[\r?
|
]", "/"): null

04-12-2024T07:23:38 - [TEST_STEP][PASSED] - x = x + "/" + z: null

04-12-2024T07:23:38 - [TEST_STEP][PASSED] - z = getText(findTestObject(path + path2 + "Факт Отпуск в сеть за отчётный период " + dZONum)).replaceAll("\s+", ""): Text of object 'Object Repository/Выполнение бизнес-плана/Значения со страницы Выполнение бизнес-плана/Table Data/Факт Отпуск в сеть за отчётный период 2' is: '3 034 612'

04-12-2024T07:23:39 - [MESSAGE][PASSED] - Text of object 'Object Repository/Выполнение бизнес-плана/Значения со страницы Выполнение бизнес-плана/Table Data/Факт Отпуск в сеть за отчётный период 2' is: '3 034 612'

04-12-2024T07:23:39 - [TEST_STEP][PASSED] - x = x + "/" + z: null

04-12-2024T07:23:39 - [TEST_STEP][PASSED] - z = getText(findTestObject(path + path2 + "Факт Отпуск из сети за отчётный период " + dZONum)).replaceAll("\s+", ""): Text of object 'Object Repository/Выполнение бизнес-плана/Значения со страницы Выполнение бизнес-плана/Table Data/Факт Отпуск из сети за отчётный период 2' is: '1 924 288'

04-12-2024T07:23:39 - [MESSAGE][PASSED] - Text of object 'Object Repository/Выполнение бизнес-плана/Значения со страницы Выполнение бизнес-плана/Table Data/Факт Отпуск из сети за отчётный период 2' is: '1 924 288'

04-12-2024T07:23:39 - [TEST_STEP][PASSED] - x = x + "/" + z: null

04-12-2024T07:23:39 - [TEST_STEP][PASSED] - z = getText(findTestObject(path + path2 + "Факт Потери за отчётный период " + dZONum)).replaceAll("\s+", ""): Text of object 'Object Repository/Выполнение бизнес-плана/Значения со страницы Выполнение бизнес-плана/Table Data/Факт Потери за отчётный период 2' is: '1 110 325'

04-12-2024T07:23:39 - [MESSAGE][PASSED] - Text of object 'Object Repository/Выполнение бизнес-плана/Значения со страницы Выполнение бизнес-плана/Table Data/Факт Потери за отчётный период 2' is: '1 110 325'

04-12-2024T07:23:39 - [TEST_STEP][PASSED] - x = x + "/" + z: null

04-12-2024T07:23:39 - [TEST_STEP][PASSED] - z = getText(findTestObject(path + path2 + "План Отпуск в сеть за отчётный период " + dZONum)).replaceAll("\s+", ""): Text of object 'Object Repository/Выполнение бизнес-плана/Значения со страницы Выполнение бизнес-плана/Table Data/План Отпуск в сеть за отчётный период 2' is: '2 822 152'

04-12-2024T07:23:39 - [MESSAGE][PASSED] - Text of object 'Object Repository/Выполнение бизнес-плана/Значения со страницы Выполнение бизнес-плана/Table Data/План Отпуск в сеть за отчётный период 2' is: '2 822 152'

04-12-2024T07:23:39 - [TEST_STEP][PASSED] - x = x + "/" + z: null

04-12-2024T07:23:39 - [TEST_STEP][PASSED] - z = getText(findTestObject(path + path2 + "План Отпуск из сети за отчётный период " + dZONum)).replaceAll("\s+", ""): Text of object 'Object Repository/Выполнение бизнес-плана/Значения со страницы Выполнение бизнес-плана/Table Data/План Отпуск из сети за отчётный период 2' is: '1 894 447'

04-12-2024T07:23:40 - [MESSAGE][PASSED] - Text of object 'Object Repository/Выполнение бизнес-плана/Значения со страницы Выполнение бизнес-плана/Table Data/План Отпуск из сети за отчётный период 2' is: '1 894 447'

04-12-2024T07:23:40 - [TEST_STEP][PASSED] - x = x + "/" + z: null

04-12-2024T07:23:40 - [TEST_STEP][PASSED] - z = getText(findTestObject(path + path2 + "План Потери за отчётный период " + dZONum)).replaceAll("\s+", ""): Text of object 'Object Repository/Выполнение бизнес-плана/Значения со страницы Выполнение бизнес-плана/Table Data/План Потери за отчётный период 2' is: '927 705'

04-12-2024T07:23:40 - [MESSAGE][PASSED] - Text of object 'Object Repository/Выполнение бизнес-плана/Значения со страницы Выполнение бизнес-плана/Table Data/План Потери за отчётный период 2' is: '927 705'

04-12-2024T07:23:40 - [TEST_STEP][PASSED] - x = x + "/" + z: null

04-12-2024T07:23:40 - [TEST_STEP][PASSED] - z = getText(findTestObject(path + "Список ДЗО")).replaceAll("[\r?
|
]", "/"): Text of object 'Object Repository/Выполнение бизнес-плана/Список ДЗО' is: '-0.07
3.72
3.84
-0.05
0.15
-0.50
-0.27
АО «Тываэнерго»
АО «Чеченэнерго»
Россети Северный Кавказ
Россети Сибирь
Россети Тюмень
Россети Центр (ГК)
Россети Центр и Приволжье (ГК)
-1
0
1
2
3
4
5
6
7'

04-12-2024T07:23:40 - [MESSAGE][PASSED] - Text of object 'Object Repository/Выполнение бизнес-плана/Список ДЗО' is: '-0.07
3.72
3.84
-0.05
0.15
-0.50
-0.27
АО «Тываэнерго»
АО «Чеченэнерго»
Россети Северный Кавказ
Россети Сибирь
Россети Тюмень
Россети Центр (ГК)
Россети Центр и Приволжье (ГК)
-1
0
1
2
3
4
5
6
7'

04-12-2024T07:23:40 - [TEST_STEP][PASSED] - for ([ii = 1, ii < dZONum, (ii++)]): null

04-12-2024T07:23:40 - [TEST_STEP][PASSED] - i1 = z.indexOf("/") + 1: null

04-12-2024T07:23:40 - [TEST_STEP][PASSED] - if (i1 > -1): null

04-12-2024T07:23:40 - [TEST_STEP][PASSED] - z = z.substring(i1, z.length()): null

04-12-2024T07:23:40 - [TEST_STEP][PASSED] - i1 = z.indexOf("/"): null

04-12-2024T07:23:40 - [TEST_STEP][PASSED] - i1 = z.indexOf("/"): null

04-12-2024T07:23:40 - [TEST_STEP][PASSED] - if (i1 > -1): null

04-12-2024T07:23:40 - [TEST_STEP][PASSED] - z = z.substring(0, i1): null

04-12-2024T07:23:40 - [TEST_STEP][PASSED] - z = z.replace(",", "."): null

04-12-2024T07:23:40 - [TEST_STEP][PASSED] - println(z): null

04-12-2024T07:23:40 - [TEST_STEP][PASSED] - x = x + "/" + z: null

04-12-2024T07:23:40 - [TEST_STEP][PASSED] - x = x.replaceAll("[\r?
|
]", ""): null

04-12-2024T07:23:40 - [TEST_STEP][PASSED] - println(x): null

04-12-2024T07:23:40 - [TEST_STEP][PASSED] - return x: null

04-12-2024T07:23:40 - [TEST_STEP][PASSED] - println("chR: " + chR): null

04-12-2024T07:23:40 - [TEST_STEP][PASSED] - i = VseDZO.indexOf("Волга"): null

04-12-2024T07:23:40 - [TEST_STEP][PASSED] - if (i > -1): null

04-12-2024T07:23:40 - [TEST_STEP][PASSED] - else: null

04-12-2024T07:23:40 - [TEST_STEP][PASSED] - vR = vR + "нет данных/нет данных/нет данных/нет данных/нет данных/нет данных/нет данных/нет данных/нет данных": null

04-12-2024T07:23:40 - [TEST_STEP][PASSED] - println("vR: " + vR): null

04-12-2024T07:23:40 - [TEST_STEP][PASSED] - i = VseDZO.indexOf("Кубань"): null

04-12-2024T07:23:40 - [TEST_STEP][PASSED] - if (i > -1): null

04-12-2024T07:23:40 - [TEST_STEP][PASSED] - else: null

04-12-2024T07:23:40 - [TEST_STEP][PASSED] - kR = kR + "нет данных/нет данных/нет данных/нет данных/нет данных/нет данных/нет данных/нет данных/нет данных": null

04-12-2024T07:23:40 - [TEST_STEP][PASSED] - println("kR: " + kR): null

04-12-2024T07:23:40 - [TEST_STEP][PASSED] - i = VseDZO.indexOf("Ленэнерго"): null

04-12-2024T07:23:40 - [TEST_STEP][PASSED] - if (i > -1): null

04-12-2024T07:23:40 - [TEST_STEP][PASSED] - else: null

04-12-2024T07:23:40 - [TEST_STEP][PASSED] - lR = lR + "нет данных/нет данных/нет данных/нет данных/нет данных/нет данных/нет данных/нет данных/нет данных": null

04-12-2024T07:23:40 - [TEST_STEP][PASSED] - println("lR: " + lR): null

04-12-2024T07:23:40 - [TEST_STEP][PASSED] - i = VseDZO.indexOf("Московский"): null

04-12-2024T07:23:40 - [TEST_STEP][PASSED] - if (i > -1): null

04-12-2024T07:23:40 - [TEST_STEP][PASSED] - else: null

04-12-2024T07:23:40 - [TEST_STEP][PASSED] - mR = mR + "нет данных/нет данных/нет данных/нет данных/нет данных/нет данных/нет данных/нет данных/нет данных": null

04-12-2024T07:23:40 - [TEST_STEP][PASSED] - println("mR: " + mR): null

04-12-2024T07:23:40 - [TEST_STEP][PASSED] - i = VseDZO.indexOf("Кавказ"): null

04-12-2024T07:23:40 - [TEST_STEP][PASSED] - if (i > -1): null

04-12-2024T07:23:40 - [TEST_STEP][PASSED] - dZONum = dZONum + 1: null

04-12-2024T07:23:40 - [TEST_STEP][PASSED] - sKR = GetAllData(path, dZONum, VseDZO, x = "Россети Северный Кавказ (ГК)/"): null

04-12-2024T07:23:40 - [TEST_STEP][PASSED] - ii = <not implemented yet for class: org.codehaus.groovy.ast.expr.EmptyExpression>: null

04-12-2024T07:23:40 - [TEST_STEP][PASSED] - i1 = <not implemented yet for class: org.codehaus.groovy.ast.expr.EmptyExpression>: null

04-12-2024T07:23:40 - [TEST_STEP][PASSED] - z = <not implemented yet for class: org.codehaus.groovy.ast.expr.EmptyExpression>: null

04-12-2024T07:23:40 - [TEST_STEP][PASSED] - path2 = "Значения со страницы Выполнение бизнес-плана/Table Data/": null

04-12-2024T07:23:40 - [TEST_STEP][PASSED] - println("path: " + path): null

04-12-2024T07:23:40 - [TEST_STEP][PASSED] - println("dZONum: " + dZONum): null

04-12-2024T07:23:40 - [TEST_STEP][PASSED] - z = getText(findTestObject(path + "spanPlan" + dZONum)): Text of object 'Object Repository/Выполнение бизнес-плана/spanPlan3' is: '23.70'

04-12-2024T07:23:41 - [MESSAGE][PASSED] - Text of object 'Object Repository/Выполнение бизнес-плана/spanPlan3' is: '23.70'

04-12-2024T07:23:41 - [TEST_STEP][PASSED] - println(z): null

04-12-2024T07:23:41 - [TEST_STEP][PASSED] - ii = z.indexOf("|"): null

04-12-2024T07:23:41 - [TEST_STEP][PASSED] - if (ii > -1): null

04-12-2024T07:23:41 - [TEST_STEP][PASSED] - z = z.replaceAll("\s+", ""): null

04-12-2024T07:23:41 - [TEST_STEP][PASSED] - z = z.replace("[\r?
|
]", "/"): null

04-12-2024T07:23:41 - [TEST_STEP][PASSED] - println(z): null

04-12-2024T07:23:41 - [TEST_STEP][PASSED] - x = x + z: null

04-12-2024T07:23:41 - [TEST_STEP][PASSED] - z = getText(findTestObject(path + "spanFact" + dZONum)): Text of object 'Object Repository/Выполнение бизнес-плана/spanFact3' is: '27.54
|'

04-12-2024T07:23:41 - [MESSAGE][PASSED] - Text of object 'Object Repository/Выполнение бизнес-плана/spanFact3' is: '27.54
|'

04-12-2024T07:23:41 - [TEST_STEP][PASSED] - ii = z.indexOf("|"): null

04-12-2024T07:23:41 - [TEST_STEP][PASSED] - if (ii > -1): null

04-12-2024T07:23:41 - [TEST_STEP][PASSED] - z = length() - 1).replace("[\r?
|
]", "/"): null

04-12-2024T07:23:41 - [TEST_STEP][PASSED] - x = x + "/" + z: null

04-12-2024T07:23:41 - [TEST_STEP][PASSED] - z = getText(findTestObject(path + path2 + "Факт Отпуск в сеть за отчётный период " + dZONum)).replaceAll("\s+", ""): Text of object 'Object Repository/Выполнение бизнес-плана/Значения со страницы Выполнение бизнес-плана/Table Data/Факт Отпуск в сеть за отчётный период 3' is: '17 367 779'

04-12-2024T07:23:41 - [MESSAGE][PASSED] - Text of object 'Object Repository/Выполнение бизнес-плана/Значения со страницы Выполнение бизнес-плана/Table Data/Факт Отпуск в сеть за отчётный период 3' is: '17 367 779'

04-12-2024T07:23:41 - [TEST_STEP][PASSED] - x = x + "/" + z: null

04-12-2024T07:23:41 - [TEST_STEP][PASSED] - z = getText(findTestObject(path + path2 + "Факт Отпуск из сети за отчётный период " + dZONum)).replaceAll("\s+", ""): Text of object 'Object Repository/Выполнение бизнес-плана/Значения со страницы Выполнение бизнес-плана/Table Data/Факт Отпуск из сети за отчётный период 3' is: '12 584 601'

04-12-2024T07:23:42 - [MESSAGE][PASSED] - Text of object 'Object Repository/Выполнение бизнес-плана/Значения со страницы Выполнение бизнес-плана/Table Data/Факт Отпуск из сети за отчётный период 3' is: '12 584 601'

04-12-2024T07:23:42 - [TEST_STEP][PASSED] - x = x + "/" + z: null

04-12-2024T07:23:42 - [TEST_STEP][PASSED] - z = getText(findTestObject(path + path2 + "Факт Потери за отчётный период " + dZONum)).replaceAll("\s+", ""): Text of object 'Object Repository/Выполнение бизнес-плана/Значения со страницы Выполнение бизнес-плана/Table Data/Факт Потери за отчётный период 3' is: '4 783 177'

04-12-2024T07:23:42 - [MESSAGE][PASSED] - Text of object 'Object Repository/Выполнение бизнес-плана/Значения со страницы Выполнение бизнес-плана/Table Data/Факт Потери за отчётный период 3' is: '4 783 177'

04-12-2024T07:23:42 - [TEST_STEP][PASSED] - x = x + "/" + z: null

04-12-2024T07:23:42 - [TEST_STEP][PASSED] - z = getText(findTestObject(path + path2 + "План Отпуск в сеть за отчётный период " + dZONum)).replaceAll("\s+", ""): Text of object 'Object Repository/Выполнение бизнес-плана/Значения со страницы Выполнение бизнес-плана/Table Data/План Отпуск в сеть за отчётный период 3' is: '16 300 204'

04-12-2024T07:23:42 - [MESSAGE][PASSED] - Text of object 'Object Repository/Выполнение бизнес-плана/Значения со страницы Выполнение бизнес-плана/Table Data/План Отпуск в сеть за отчётный период 3' is: '16 300 204'

04-12-2024T07:23:42 - [TEST_STEP][PASSED] - x = x + "/" + z: null

04-12-2024T07:23:42 - [TEST_STEP][PASSED] - z = getText(findTestObject(path + path2 + "План Отпуск из сети за отчётный период " + dZONum)).replaceAll("\s+", ""): Text of object 'Object Repository/Выполнение бизнес-плана/Значения со страницы Выполнение бизнес-плана/Table Data/План Отпуск из сети за отчётный период 3' is: '12 437 092'

04-12-2024T07:23:43 - [MESSAGE][PASSED] - Text of object 'Object Repository/Выполнение бизнес-плана/Значения со страницы Выполнение бизнес-плана/Table Data/План Отпуск из сети за отчётный период 3' is: '12 437 092'

04-12-2024T07:23:43 - [TEST_STEP][PASSED] - x = x + "/" + z: null

04-12-2024T07:23:43 - [TEST_STEP][PASSED] - z = getText(findTestObject(path + path2 + "План Потери за отчётный период " + dZONum)).replaceAll("\s+", ""): Text of object 'Object Repository/Выполнение бизнес-плана/Значения со страницы Выполнение бизнес-плана/Table Data/План Потери за отчётный период 3' is: '3 863 112'

04-12-2024T07:23:43 - [MESSAGE][PASSED] - Text of object 'Object Repository/Выполнение бизнес-плана/Значения со страницы Выполнение бизнес-плана/Table Data/План Потери за отчётный период 3' is: '3 863 112'

04-12-2024T07:23:43 - [TEST_STEP][PASSED] - x = x + "/" + z: null

04-12-2024T07:23:43 - [TEST_STEP][PASSED] - z = getText(findTestObject(path + "Список ДЗО")).replaceAll("[\r?
|
]", "/"): Text of object 'Object Repository/Выполнение бизнес-плана/Список ДЗО' is: '-0.07
3.72
3.84
-0.05
0.15
-0.50
-0.27
АО «Тываэнерго»
АО «Чеченэнерго»
Россети Северный Кавказ
Россети Сибирь
Россети Тюмень
Россети Центр (ГК)
Россети Центр и Приволжье (ГК)
-1
0
1
2
3
4
5
6
7'

04-12-2024T07:23:43 - [MESSAGE][PASSED] - Text of object 'Object Repository/Выполнение бизнес-плана/Список ДЗО' is: '-0.07
3.72
3.84
-0.05
0.15
-0.50
-0.27
АО «Тываэнерго»
АО «Чеченэнерго»
Россети Северный Кавказ
Россети Сибирь
Россети Тюмень
Россети Центр (ГК)
Россети Центр и Приволжье (ГК)
-1
0
1
2
3
4
5
6
7'

04-12-2024T07:23:43 - [TEST_STEP][PASSED] - for ([ii = 1, ii < dZONum, (ii++)]): null

04-12-2024T07:23:43 - [TEST_STEP][PASSED] - i1 = z.indexOf("/") + 1: null

04-12-2024T07:23:43 - [TEST_STEP][PASSED] - if (i1 > -1): null

04-12-2024T07:23:43 - [TEST_STEP][PASSED] - z = z.substring(i1, z.length()): null

04-12-2024T07:23:43 - [TEST_STEP][PASSED] - i1 = z.indexOf("/"): null

04-12-2024T07:23:43 - [TEST_STEP][PASSED] - i1 = z.indexOf("/") + 1: null

04-12-2024T07:23:43 - [TEST_STEP][PASSED] - if (i1 > -1): null

04-12-2024T07:23:43 - [TEST_STEP][PASSED] - z = z.substring(i1, z.length()): null

04-12-2024T07:23:43 - [TEST_STEP][PASSED] - i1 = z.indexOf("/"): null

04-12-2024T07:23:43 - [TEST_STEP][PASSED] - i1 = z.indexOf("/"): null

04-12-2024T07:23:43 - [TEST_STEP][PASSED] - if (i1 > -1): null

04-12-2024T07:23:43 - [TEST_STEP][PASSED] - z = z.substring(0, i1): null

04-12-2024T07:23:43 - [TEST_STEP][PASSED] - z = z.replace(",", "."): null

04-12-2024T07:23:43 - [TEST_STEP][PASSED] - println(z): null

04-12-2024T07:23:43 - [TEST_STEP][PASSED] - x = x + "/" + z: null

04-12-2024T07:23:43 - [TEST_STEP][PASSED] - x = x.replaceAll("[\r?
|
]", ""): null

04-12-2024T07:23:43 - [TEST_STEP][PASSED] - println(x): null

04-12-2024T07:23:43 - [TEST_STEP][PASSED] - return x: null

04-12-2024T07:23:43 - [TEST_STEP][PASSED] - println("sKR: " + sKR): null

04-12-2024T07:23:43 - [TEST_STEP][PASSED] - i = VseDZO.indexOf("Запад"): null

04-12-2024T07:23:43 - [TEST_STEP][PASSED] - if (i > -1): null

04-12-2024T07:23:43 - [TEST_STEP][PASSED] - else: null

04-12-2024T07:23:43 - [TEST_STEP][PASSED] - sZR = sZR + "нет данных/нет данных/нет данных/нет данных/нет данных/нет данных/нет данных/нет данных/нет данных": null

04-12-2024T07:23:43 - [TEST_STEP][PASSED] - println("sZR: " + sZR): null

04-12-2024T07:23:43 - [TEST_STEP][PASSED] - i = VseDZO.indexOf("Сибирь"): null

04-12-2024T07:23:43 - [TEST_STEP][PASSED] - if (i > -1): null

04-12-2024T07:23:43 - [TEST_STEP][PASSED] - dZONum = dZONum + 1: null

04-12-2024T07:23:43 - [TEST_STEP][PASSED] - siR = GetAllData(path, dZONum, VseDZO, x = "Россети Сибирь (ГК)/"): null

04-12-2024T07:23:43 - [TEST_STEP][PASSED] - ii = <not implemented yet for class: org.codehaus.groovy.ast.expr.EmptyExpression>: null

04-12-2024T07:23:43 - [TEST_STEP][PASSED] - i1 = <not implemented yet for class: org.codehaus.groovy.ast.expr.EmptyExpression>: null

04-12-2024T07:23:43 - [TEST_STEP][PASSED] - z = <not implemented yet for class: org.codehaus.groovy.ast.expr.EmptyExpression>: null

04-12-2024T07:23:43 - [TEST_STEP][PASSED] - path2 = "Значения со страницы Выполнение бизнес-плана/Table Data/": null

04-12-2024T07:23:43 - [TEST_STEP][PASSED] - println("path: " + path): null

04-12-2024T07:23:43 - [TEST_STEP][PASSED] - println("dZONum: " + dZONum): null

04-12-2024T07:23:43 - [TEST_STEP][PASSED] - z = getText(findTestObject(path + "spanPlan" + dZONum)): Text of object 'Object Repository/Выполнение бизнес-плана/spanPlan4' is: '7.14
|'

04-12-2024T07:23:43 - [MESSAGE][PASSED] - Text of object 'Object Repository/Выполнение бизнес-плана/spanPlan4' is: '7.14
|'

04-12-2024T07:23:43 - [TEST_STEP][PASSED] - println(z): null

04-12-2024T07:23:43 - [TEST_STEP][PASSED] - ii = z.indexOf("|"): null

04-12-2024T07:23:43 - [TEST_STEP][PASSED] - if (ii > -1): null

04-12-2024T07:23:43 - [TEST_STEP][PASSED] - z = z.substring(0, z.length() - 1): null

04-12-2024T07:23:43 - [TEST_STEP][PASSED] - println(z): null

04-12-2024T07:23:43 - [TEST_STEP][PASSED] - z = z.replaceAll("\s+", ""): null

04-12-2024T07:23:43 - [TEST_STEP][PASSED] - z = z.replace("[\r?
|
]", "/"): null

04-12-2024T07:23:43 - [TEST_STEP][PASSED] - println(z): null

04-12-2024T07:23:43 - [TEST_STEP][PASSED] - x = x + z: null

04-12-2024T07:23:43 - [TEST_STEP][PASSED] - z = getText(findTestObject(path + "spanFact" + dZONum)): Text of object 'Object Repository/Выполнение бизнес-плана/spanFact4' is: '7.09'

04-12-2024T07:23:44 - [MESSAGE][PASSED] - Text of object 'Object Repository/Выполнение бизнес-плана/spanFact4' is: '7.09'

04-12-2024T07:23:44 - [TEST_STEP][PASSED] - ii = z.indexOf("|"): null

04-12-2024T07:23:44 - [TEST_STEP][PASSED] - if (ii > -1): null

04-12-2024T07:23:44 - [TEST_STEP][PASSED] - x = x + "/" + z: null

04-12-2024T07:23:44 - [TEST_STEP][PASSED] - z = getText(findTestObject(path + path2 + "Факт Отпуск в сеть за отчётный период " + dZONum)).replaceAll("\s+", ""): Text of object 'Object Repository/Выполнение бизнес-плана/Значения со страницы Выполнение бизнес-плана/Table Data/Факт Отпуск в сеть за отчётный период 4' is: '52 412 668'

04-12-2024T07:23:44 - [MESSAGE][PASSED] - Text of object 'Object Repository/Выполнение бизнес-плана/Значения со страницы Выполнение бизнес-плана/Table Data/Факт Отпуск в сеть за отчётный период 4' is: '52 412 668'

04-12-2024T07:23:44 - [TEST_STEP][PASSED] - x = x + "/" + z: null

04-12-2024T07:23:44 - [TEST_STEP][PASSED] - z = getText(findTestObject(path + path2 + "Факт Отпуск из сети за отчётный период " + dZONum)).replaceAll("\s+", ""): Text of object 'Object Repository/Выполнение бизнес-плана/Значения со страницы Выполнение бизнес-плана/Table Data/Факт Отпуск из сети за отчётный период 4' is: '48 697 705'

04-12-2024T07:23:44 - [MESSAGE][PASSED] - Text of object 'Object Repository/Выполнение бизнес-плана/Значения со страницы Выполнение бизнес-плана/Table Data/Факт Отпуск из сети за отчётный период 4' is: '48 697 705'

04-12-2024T07:23:44 - [TEST_STEP][PASSED] - x = x + "/" + z: null

04-12-2024T07:23:44 - [TEST_STEP][PASSED] - z = getText(findTestObject(path + path2 + "Факт Потери за отчётный период " + dZONum)).replaceAll("\s+", ""): Text of object 'Object Repository/Выполнение бизнес-плана/Значения со страницы Выполнение бизнес-плана/Table Data/Факт Потери за отчётный период 4' is: '3 714 964'

04-12-2024T07:23:45 - [MESSAGE][PASSED] - Text of object 'Object Repository/Выполнение бизнес-плана/Значения со страницы Выполнение бизнес-плана/Table Data/Факт Потери за отчётный период 4' is: '3 714 964'

04-12-2024T07:23:45 - [TEST_STEP][PASSED] - x = x + "/" + z: null

04-12-2024T07:23:45 - [TEST_STEP][PASSED] - z = getText(findTestObject(path + path2 + "План Отпуск в сеть за отчётный период " + dZONum)).replaceAll("\s+", ""): Text of object 'Object Repository/Выполнение бизнес-плана/Значения со страницы Выполнение бизнес-плана/Table Data/План Отпуск в сеть за отчётный период 4' is: '50 003 068'

04-12-2024T07:23:45 - [MESSAGE][PASSED] - Text of object 'Object Repository/Выполнение бизнес-плана/Значения со страницы Выполнение бизнес-плана/Table Data/План Отпуск в сеть за отчётный период 4' is: '50 003 068'

04-12-2024T07:23:45 - [TEST_STEP][PASSED] - x = x + "/" + z: null

04-12-2024T07:23:45 - [TEST_STEP][PASSED] - z = getText(findTestObject(path + path2 + "План Отпуск из сети за отчётный период " + dZONum)).replaceAll("\s+", ""): Text of object 'Object Repository/Выполнение бизнес-плана/Значения со страницы Выполнение бизнес-плана/Table Data/План Отпуск из сети за отчётный период 4' is: '46 434 624'

04-12-2024T07:23:45 - [MESSAGE][PASSED] - Text of object 'Object Repository/Выполнение бизнес-плана/Значения со страницы Выполнение бизнес-плана/Table Data/План Отпуск из сети за отчётный период 4' is: '46 434 624'

04-12-2024T07:23:45 - [TEST_STEP][PASSED] - x = x + "/" + z: null

04-12-2024T07:23:45 - [TEST_STEP][PASSED] - z = getText(findTestObject(path + path2 + "План Потери за отчётный период " + dZONum)).replaceAll("\s+", ""): Text of object 'Object Repository/Выполнение бизнес-плана/Значения со страницы Выполнение бизнес-плана/Table Data/План Потери за отчётный период 4' is: '3 568 444'

04-12-2024T07:23:46 - [MESSAGE][PASSED] - Text of object 'Object Repository/Выполнение бизнес-плана/Значения со страницы Выполнение бизнес-плана/Table Data/План Потери за отчётный период 4' is: '3 568 444'

04-12-2024T07:23:46 - [TEST_STEP][PASSED] - x = x + "/" + z: null

04-12-2024T07:23:46 - [TEST_STEP][PASSED] - z = getText(findTestObject(path + "Список ДЗО")).replaceAll("[\r?
|
]", "/"): Text of object 'Object Repository/Выполнение бизнес-плана/Список ДЗО' is: '-0.07
3.72
3.84
-0.05
0.15
-0.50
-0.27
АО «Тываэнерго»
АО «Чеченэнерго»
Россети Северный Кавказ
Россети Сибирь
Россети Тюмень
Россети Центр (ГК)
Россети Центр и Приволжье (ГК)
-1
0
1
2
3
4
5
6
7'

04-12-2024T07:23:46 - [MESSAGE][PASSED] - Text of object 'Object Repository/Выполнение бизнес-плана/Список ДЗО' is: '-0.07
3.72
3.84
-0.05
0.15
-0.50
-0.27
АО «Тываэнерго»
АО «Чеченэнерго»
Россети Северный Кавказ
Россети Сибирь
Россети Тюмень
Россети Центр (ГК)
Россети Центр и Приволжье (ГК)
-1
0
1
2
3
4
5
6
7'

04-12-2024T07:23:46 - [TEST_STEP][PASSED] - for ([ii = 1, ii < dZONum, (ii++)]): null

04-12-2024T07:23:46 - [TEST_STEP][PASSED] - i1 = z.indexOf("/") + 1: null

04-12-2024T07:23:46 - [TEST_STEP][PASSED] - if (i1 > -1): null

04-12-2024T07:23:46 - [TEST_STEP][PASSED] - z = z.substring(i1, z.length()): null

04-12-2024T07:23:46 - [TEST_STEP][PASSED] - i1 = z.indexOf("/"): null

04-12-2024T07:23:46 - [TEST_STEP][PASSED] - i1 = z.indexOf("/") + 1: null

04-12-2024T07:23:46 - [TEST_STEP][PASSED] - if (i1 > -1): null

04-12-2024T07:23:46 - [TEST_STEP][PASSED] - z = z.substring(i1, z.length()): null

04-12-2024T07:23:46 - [TEST_STEP][PASSED] - i1 = z.indexOf("/"): null

04-12-2024T07:23:46 - [TEST_STEP][PASSED] - i1 = z.indexOf("/") + 1: null

04-12-2024T07:23:46 - [TEST_STEP][PASSED] - if (i1 > -1): null

04-12-2024T07:23:46 - [TEST_STEP][PASSED] - z = z.substring(i1, z.length()): null

04-12-2024T07:23:46 - [TEST_STEP][PASSED] - i1 = z.indexOf("/"): null

04-12-2024T07:23:46 - [TEST_STEP][PASSED] - i1 = z.indexOf("/"): null

04-12-2024T07:23:46 - [TEST_STEP][PASSED] - if (i1 > -1): null

04-12-2024T07:23:46 - [TEST_STEP][PASSED] - z = z.substring(0, i1): null

04-12-2024T07:23:46 - [TEST_STEP][PASSED] - z = z.replace(",", "."): null

04-12-2024T07:23:46 - [TEST_STEP][PASSED] - println(z): null

04-12-2024T07:23:46 - [TEST_STEP][PASSED] - x = x + "/" + z: null

04-12-2024T07:23:46 - [TEST_STEP][PASSED] - x = x.replaceAll("[\r?
|
]", ""): null

04-12-2024T07:23:46 - [TEST_STEP][PASSED] - println(x): null

04-12-2024T07:23:46 - [TEST_STEP][PASSED] - return x: null

04-12-2024T07:23:46 - [TEST_STEP][PASSED] - println("siR: " + siR): null

04-12-2024T07:23:46 - [TEST_STEP][PASSED] - i = VseDZO.indexOf("Томск"): null

04-12-2024T07:23:46 - [TEST_STEP][PASSED] - if (i > -1): null

04-12-2024T07:23:46 - [TEST_STEP][PASSED] - else: null

04-12-2024T07:23:46 - [TEST_STEP][PASSED] - tomR = tomR + "нет данных/нет данных/нет данных/нет данных/нет данных/нет данных/нет данных/нет данных/нет данных": null

04-12-2024T07:23:46 - [TEST_STEP][PASSED] - println("tomR: " + tomR): null

04-12-2024T07:23:46 - [TEST_STEP][PASSED] - i = VseDZO.indexOf("Тюмень"): null

04-12-2024T07:23:46 - [TEST_STEP][PASSED] - if (i > -1): null

04-12-2024T07:23:46 - [TEST_STEP][PASSED] - dZONum = dZONum + 1: null

04-12-2024T07:23:46 - [TEST_STEP][PASSED] - tyumR = GetAllData(path, dZONum, VseDZO, x = "Россети Тюмень/"): null

04-12-2024T07:23:46 - [TEST_STEP][PASSED] - ii = <not implemented yet for class: org.codehaus.groovy.ast.expr.EmptyExpression>: null

04-12-2024T07:23:46 - [TEST_STEP][PASSED] - i1 = <not implemented yet for class: org.codehaus.groovy.ast.expr.EmptyExpression>: null

04-12-2024T07:23:46 - [TEST_STEP][PASSED] - z = <not implemented yet for class: org.codehaus.groovy.ast.expr.EmptyExpression>: null

04-12-2024T07:23:46 - [TEST_STEP][PASSED] - path2 = "Значения со страницы Выполнение бизнес-плана/Table Data/": null

04-12-2024T07:23:46 - [TEST_STEP][PASSED] - println("path: " + path): null

04-12-2024T07:23:46 - [TEST_STEP][PASSED] - println("dZONum: " + dZONum): null

04-12-2024T07:23:46 - [TEST_STEP][PASSED] - z = getText(findTestObject(path + "spanPlan" + dZONum)): Text of object 'Object Repository/Выполнение бизнес-плана/spanPlan5' is: '2.50'

04-12-2024T07:23:46 - [MESSAGE][PASSED] - Text of object 'Object Repository/Выполнение бизнес-плана/spanPlan5' is: '2.50'

04-12-2024T07:23:46 - [TEST_STEP][PASSED] - println(z): null

04-12-2024T07:23:46 - [TEST_STEP][PASSED] - ii = z.indexOf("|"): null

04-12-2024T07:23:46 - [TEST_STEP][PASSED] - if (ii > -1): null

04-12-2024T07:23:46 - [TEST_STEP][PASSED] - z = z.replaceAll("\s+", ""): null

04-12-2024T07:23:46 - [TEST_STEP][PASSED] - z = z.replace("[\r?
|
]", "/"): null

04-12-2024T07:23:46 - [TEST_STEP][PASSED] - println(z): null

04-12-2024T07:23:46 - [TEST_STEP][PASSED] - x = x + z: null

04-12-2024T07:23:46 - [TEST_STEP][PASSED] - z = getText(findTestObject(path + "spanFact" + dZONum)): Text of object 'Object Repository/Выполнение бизнес-плана/spanFact5' is: '2.65
|'

04-12-2024T07:23:47 - [MESSAGE][PASSED] - Text of object 'Object Repository/Выполнение бизнес-плана/spanFact5' is: '2.65
|'

04-12-2024T07:23:47 - [TEST_STEP][PASSED] - ii = z.indexOf("|"): null

04-12-2024T07:23:47 - [TEST_STEP][PASSED] - if (ii > -1): null

04-12-2024T07:23:47 - [TEST_STEP][PASSED] - z = length() - 1).replace("[\r?
|
]", "/"): null

04-12-2024T07:23:47 - [TEST_STEP][PASSED] - x = x + "/" + z: null

04-12-2024T07:23:47 - [TEST_STEP][PASSED] - z = getText(findTestObject(path + path2 + "Факт Отпуск в сеть за отчётный период " + dZONum)).replaceAll("\s+", ""): Text of object 'Object Repository/Выполнение бизнес-плана/Значения со страницы Выполнение бизнес-плана/Table Data/Факт Отпуск в сеть за отчётный период 5' is: '43 413 766'

04-12-2024T07:23:47 - [MESSAGE][PASSED] - Text of object 'Object Repository/Выполнение бизнес-плана/Значения со страницы Выполнение бизнес-плана/Table Data/Факт Отпуск в сеть за отчётный период 5' is: '43 413 766'

04-12-2024T07:23:47 - [TEST_STEP][PASSED] - x = x + "/" + z: null

04-12-2024T07:23:47 - [TEST_STEP][PASSED] - z = getText(findTestObject(path + path2 + "Факт Отпуск из сети за отчётный период " + dZONum)).replaceAll("\s+", ""): Text of object 'Object Repository/Выполнение бизнес-плана/Значения со страницы Выполнение бизнес-плана/Table Data/Факт Отпуск из сети за отчётный период 5' is: '42 264 622'

04-12-2024T07:23:47 - [MESSAGE][PASSED] - Text of object 'Object Repository/Выполнение бизнес-плана/Значения со страницы Выполнение бизнес-плана/Table Data/Факт Отпуск из сети за отчётный период 5' is: '42 264 622'

04-12-2024T07:23:47 - [TEST_STEP][PASSED] - x = x + "/" + z: null

04-12-2024T07:23:47 - [TEST_STEP][PASSED] - z = getText(findTestObject(path + path2 + "Факт Потери за отчётный период " + dZONum)).replaceAll("\s+", ""): Text of object 'Object Repository/Выполнение бизнес-плана/Значения со страницы Выполнение бизнес-плана/Table Data/Факт Потери за отчётный период 5' is: '1 149 143'

04-12-2024T07:23:47 - [MESSAGE][PASSED] - Text of object 'Object Repository/Выполнение бизнес-плана/Значения со страницы Выполнение бизнес-плана/Table Data/Факт Потери за отчётный период 5' is: '1 149 143'

04-12-2024T07:23:47 - [TEST_STEP][PASSED] - x = x + "/" + z: null

04-12-2024T07:23:47 - [TEST_STEP][PASSED] - z = getText(findTestObject(path + path2 + "План Отпуск в сеть за отчётный период " + dZONum)).replaceAll("\s+", ""): Text of object 'Object Repository/Выполнение бизнес-плана/Значения со страницы Выполнение бизнес-плана/Table Data/План Отпуск в сеть за отчётный период 5' is: '45 056 130'

04-12-2024T07:23:48 - [MESSAGE][PASSED] - Text of object 'Object Repository/Выполнение бизнес-плана/Значения со страницы Выполнение бизнес-плана/Table Data/План Отпуск в сеть за отчётный период 5' is: '45 056 130'

04-12-2024T07:23:48 - [TEST_STEP][PASSED] - x = x + "/" + z: null

04-12-2024T07:23:48 - [TEST_STEP][PASSED] - z = getText(findTestObject(path + path2 + "План Отпуск из сети за отчётный период " + dZONum)).replaceAll("\s+", ""): Text of object 'Object Repository/Выполнение бизнес-плана/Значения со страницы Выполнение бизнес-плана/Table Data/План Отпуск из сети за отчётный период 5' is: '43 930 370'

04-12-2024T07:23:48 - [MESSAGE][PASSED] - Text of object 'Object Repository/Выполнение бизнес-плана/Значения со страницы Выполнение бизнес-плана/Table Data/План Отпуск из сети за отчётный период 5' is: '43 930 370'

04-12-2024T07:23:48 - [TEST_STEP][PASSED] - x = x + "/" + z: null

04-12-2024T07:23:48 - [TEST_STEP][PASSED] - z = getText(findTestObject(path + path2 + "План Потери за отчётный период " + dZONum)).replaceAll("\s+", ""): Text of object 'Object Repository/Выполнение бизнес-плана/Значения со страницы Выполнение бизнес-плана/Table Data/План Потери за отчётный период 5' is: '1 125 760'

04-12-2024T07:23:48 - [MESSAGE][PASSED] - Text of object 'Object Repository/Выполнение бизнес-плана/Значения со страницы Выполнение бизнес-плана/Table Data/План Потери за отчётный период 5' is: '1 125 760'

04-12-2024T07:23:48 - [TEST_STEP][PASSED] - x = x + "/" + z: null

04-12-2024T07:23:48 - [TEST_STEP][PASSED] - z = getText(findTestObject(path + "Список ДЗО")).replaceAll("[\r?
|
]", "/"): Text of object 'Object Repository/Выполнение бизнес-плана/Список ДЗО' is: '-0.07
3.72
3.84
-0.05
0.15
-0.50
-0.27
АО «Тываэнерго»
АО «Чеченэнерго»
Россети Северный Кавказ
Россети Сибирь
Россети Тюмень
Россети Центр (ГК)
Россети Центр и Приволжье (ГК)
-1
0
1
2
3
4
5
6
7'

04-12-2024T07:23:49 - [MESSAGE][PASSED] - Text of object 'Object Repository/Выполнение бизнес-плана/Список ДЗО' is: '-0.07
3.72
3.84
-0.05
0.15
-0.50
-0.27
АО «Тываэнерго»
АО «Чеченэнерго»
Россети Северный Кавказ
Россети Сибирь
Россети Тюмень
Россети Центр (ГК)
Россети Центр и Приволжье (ГК)
-1
0
1
2
3
4
5
6
7'

04-12-2024T07:23:49 - [TEST_STEP][PASSED] - for ([ii = 1, ii < dZONum, (ii++)]): null

04-12-2024T07:23:49 - [TEST_STEP][PASSED] - i1 = z.indexOf("/") + 1: null

04-12-2024T07:23:49 - [TEST_STEP][PASSED] - if (i1 > -1): null

04-12-2024T07:23:49 - [TEST_STEP][PASSED] - z = z.substring(i1, z.length()): null

04-12-2024T07:23:49 - [TEST_STEP][PASSED] - i1 = z.indexOf("/"): null

04-12-2024T07:23:49 - [TEST_STEP][PASSED] - i1 = z.indexOf("/") + 1: null

04-12-2024T07:23:49 - [TEST_STEP][PASSED] - if (i1 > -1): null

04-12-2024T07:23:49 - [TEST_STEP][PASSED] - z = z.substring(i1, z.length()): null

04-12-2024T07:23:49 - [TEST_STEP][PASSED] - i1 = z.indexOf("/"): null

04-12-2024T07:23:49 - [TEST_STEP][PASSED] - i1 = z.indexOf("/") + 1: null

04-12-2024T07:23:49 - [TEST_STEP][PASSED] - if (i1 > -1): null

04-12-2024T07:23:49 - [TEST_STEP][PASSED] - z = z.substring(i1, z.length()): null

04-12-2024T07:23:49 - [TEST_STEP][PASSED] - i1 = z.indexOf("/"): null

04-12-2024T07:23:49 - [TEST_STEP][PASSED] - i1 = z.indexOf("/") + 1: null

04-12-2024T07:23:49 - [TEST_STEP][PASSED] - if (i1 > -1): null

04-12-2024T07:23:49 - [TEST_STEP][PASSED] - z = z.substring(i1, z.length()): null

04-12-2024T07:23:49 - [TEST_STEP][PASSED] - i1 = z.indexOf("/"): null

04-12-2024T07:23:49 - [TEST_STEP][PASSED] - i1 = z.indexOf("/"): null

04-12-2024T07:23:49 - [TEST_STEP][PASSED] - if (i1 > -1): null

04-12-2024T07:23:49 - [TEST_STEP][PASSED] - z = z.substring(0, i1): null

04-12-2024T07:23:49 - [TEST_STEP][PASSED] - z = z.replace(",", "."): null

04-12-2024T07:23:49 - [TEST_STEP][PASSED] - println(z): null

04-12-2024T07:23:49 - [TEST_STEP][PASSED] - x = x + "/" + z: null

04-12-2024T07:23:49 - [TEST_STEP][PASSED] - x = x.replaceAll("[\r?
|
]", ""): null

04-12-2024T07:23:49 - [TEST_STEP][PASSED] - println(x): null

04-12-2024T07:23:49 - [TEST_STEP][PASSED] - return x: null

04-12-2024T07:23:49 - [TEST_STEP][PASSED] - println("tyumR: " + tyumR): null

04-12-2024T07:23:49 - [TEST_STEP][PASSED] - i = VseDZO.indexOf("Урал"): null

04-12-2024T07:23:49 - [TEST_STEP][PASSED] - if (i > -1): null

04-12-2024T07:23:49 - [TEST_STEP][PASSED] - else: null

04-12-2024T07:23:49 - [TEST_STEP][PASSED] - urR = urR + "нет данных/нет данных/нет данных/нет данных/нет данных/нет данных/нет данных/нет данных/нет данных": null

04-12-2024T07:23:49 - [TEST_STEP][PASSED] - println("urR: " + urR): null

04-12-2024T07:23:49 - [TEST_STEP][PASSED] - i = VseDZO.indexOf("Центр"): null

04-12-2024T07:23:49 - [TEST_STEP][PASSED] - if (i > -1): null

04-12-2024T07:23:49 - [TEST_STEP][PASSED] - dZONum = dZONum + 1: null

04-12-2024T07:23:49 - [TEST_STEP][PASSED] - cenR = GetAllData(path, dZONum, VseDZO, x = "Россети Центр (ГК)/"): null

04-12-2024T07:23:49 - [TEST_STEP][PASSED] - ii = <not implemented yet for class: org.codehaus.groovy.ast.expr.EmptyExpression>: null

04-12-2024T07:23:49 - [TEST_STEP][PASSED] - i1 = <not implemented yet for class: org.codehaus.groovy.ast.expr.EmptyExpression>: null

04-12-2024T07:23:49 - [TEST_STEP][PASSED] - z = <not implemented yet for class: org.codehaus.groovy.ast.expr.EmptyExpression>: null

04-12-2024T07:23:49 - [TEST_STEP][PASSED] - path2 = "Значения со страницы Выполнение бизнес-плана/Table Data/": null

04-12-2024T07:23:49 - [TEST_STEP][PASSED] - println("path: " + path): null

04-12-2024T07:23:49 - [TEST_STEP][PASSED] - println("dZONum: " + dZONum): null

04-12-2024T07:23:49 - [TEST_STEP][PASSED] - z = getText(findTestObject(path + "spanPlan" + dZONum)): Text of object 'Object Repository/Выполнение бизнес-плана/spanPlan6' is: '10.14
|'

04-12-2024T07:23:49 - [MESSAGE][PASSED] - Text of object 'Object Repository/Выполнение бизнес-плана/spanPlan6' is: '10.14
|'

04-12-2024T07:23:49 - [TEST_STEP][PASSED] - println(z): null

04-12-2024T07:23:49 - [TEST_STEP][PASSED] - ii = z.indexOf("|"): null

04-12-2024T07:23:49 - [TEST_STEP][PASSED] - if (ii > -1): null

04-12-2024T07:23:49 - [TEST_STEP][PASSED] - z = z.substring(0, z.length() - 1): null

04-12-2024T07:23:49 - [TEST_STEP][PASSED] - println(z): null

04-12-2024T07:23:49 - [TEST_STEP][PASSED] - z = z.replaceAll("\s+", ""): null

04-12-2024T07:23:49 - [TEST_STEP][PASSED] - z = z.replace("[\r?
|
]", "/"): null

04-12-2024T07:23:49 - [TEST_STEP][PASSED] - println(z): null

04-12-2024T07:23:49 - [TEST_STEP][PASSED] - x = x + z: null

04-12-2024T07:23:49 - [TEST_STEP][PASSED] - z = getText(findTestObject(path + "spanFact" + dZONum)): Text of object 'Object Repository/Выполнение бизнес-плана/spanFact6' is: '9.64'

04-12-2024T07:23:49 - [MESSAGE][PASSED] - Text of object 'Object Repository/Выполнение бизнес-плана/spanFact6' is: '9.64'

04-12-2024T07:23:49 - [TEST_STEP][PASSED] - ii = z.indexOf("|"): null

04-12-2024T07:23:49 - [TEST_STEP][PASSED] - if (ii > -1): null

04-12-2024T07:23:49 - [TEST_STEP][PASSED] - x = x + "/" + z: null

04-12-2024T07:23:49 - [TEST_STEP][PASSED] - z = getText(findTestObject(path + path2 + "Факт Отпуск в сеть за отчётный период " + dZONum)).replaceAll("\s+", ""): Text of object 'Object Repository/Выполнение бизнес-плана/Значения со страницы Выполнение бизнес-плана/Table Data/Факт Отпуск в сеть за отчётный период 6' is: '49 425 284'

04-12-2024T07:23:50 - [MESSAGE][PASSED] - Text of object 'Object Repository/Выполнение бизнес-плана/Значения со страницы Выполнение бизнес-плана/Table Data/Факт Отпуск в сеть за отчётный период 6' is: '49 425 284'

04-12-2024T07:23:50 - [TEST_STEP][PASSED] - x = x + "/" + z: null

04-12-2024T07:23:50 - [TEST_STEP][PASSED] - z = getText(findTestObject(path + path2 + "Факт Отпуск из сети за отчётный период " + dZONum)).replaceAll("\s+", ""): Text of object 'Object Repository/Выполнение бизнес-плана/Значения со страницы Выполнение бизнес-плана/Table Data/Факт Отпуск из сети за отчётный период 6' is: '44 662 142'

04-12-2024T07:23:50 - [MESSAGE][PASSED] - Text of object 'Object Repository/Выполнение бизнес-плана/Значения со страницы Выполнение бизнес-плана/Table Data/Факт Отпуск из сети за отчётный период 6' is: '44 662 142'

04-12-2024T07:23:50 - [TEST_STEP][PASSED] - x = x + "/" + z: null

04-12-2024T07:23:50 - [TEST_STEP][PASSED] - z = getText(findTestObject(path + path2 + "Факт Потери за отчётный период " + dZONum)).replaceAll("\s+", ""): Text of object 'Object Repository/Выполнение бизнес-плана/Значения со страницы Выполнение бизнес-плана/Table Data/Факт Потери за отчётный период 6' is: '4 763 141'

04-12-2024T07:23:50 - [MESSAGE][PASSED] - Text of object 'Object Repository/Выполнение бизнес-плана/Значения со страницы Выполнение бизнес-плана/Table Data/Факт Потери за отчётный период 6' is: '4 763 141'

04-12-2024T07:23:50 - [TEST_STEP][PASSED] - x = x + "/" + z: null

04-12-2024T07:23:50 - [TEST_STEP][PASSED] - z = getText(findTestObject(path + path2 + "План Отпуск в сеть за отчётный период " + dZONum)).replaceAll("\s+", ""): Text of object 'Object Repository/Выполнение бизнес-плана/Значения со страницы Выполнение бизнес-плана/Table Data/План Отпуск в сеть за отчётный период 6' is: '48 037 333'

04-12-2024T07:23:50 - [MESSAGE][PASSED] - Text of object 'Object Repository/Выполнение бизнес-плана/Значения со страницы Выполнение бизнес-плана/Table Data/План Отпуск в сеть за отчётный период 6' is: '48 037 333'

04-12-2024T07:23:50 - [TEST_STEP][PASSED] - x = x + "/" + z: null

04-12-2024T07:23:50 - [TEST_STEP][PASSED] - z = getText(findTestObject(path + path2 + "План Отпуск из сети за отчётный период " + dZONum)).replaceAll("\s+", ""): Text of object 'Object Repository/Выполнение бизнес-плана/Значения со страницы Выполнение бизнес-плана/Table Data/План Отпуск из сети за отчётный период 6' is: '43 167 677'

04-12-2024T07:23:51 - [MESSAGE][PASSED] - Text of object 'Object Repository/Выполнение бизнес-плана/Значения со страницы Выполнение бизнес-плана/Table Data/План Отпуск из сети за отчётный период 6' is: '43 167 677'

04-12-2024T07:23:51 - [TEST_STEP][PASSED] - x = x + "/" + z: null

04-12-2024T07:23:51 - [TEST_STEP][PASSED] - z = getText(findTestObject(path + path2 + "План Потери за отчётный период " + dZONum)).replaceAll("\s+", ""): Text of object 'Object Repository/Выполнение бизнес-плана/Значения со страницы Выполнение бизнес-плана/Table Data/План Потери за отчётный период 6' is: '4 869 656'

04-12-2024T07:23:51 - [MESSAGE][PASSED] - Text of object 'Object Repository/Выполнение бизнес-плана/Значения со страницы Выполнение бизнес-плана/Table Data/План Потери за отчётный период 6' is: '4 869 656'

04-12-2024T07:23:51 - [TEST_STEP][PASSED] - x = x + "/" + z: null

04-12-2024T07:23:51 - [TEST_STEP][PASSED] - z = getText(findTestObject(path + "Список ДЗО")).replaceAll("[\r?
|
]", "/"): Text of object 'Object Repository/Выполнение бизнес-плана/Список ДЗО' is: '-0.07
3.72
3.84
-0.05
0.15
-0.50
-0.27
АО «Тываэнерго»
АО «Чеченэнерго»
Россети Северный Кавказ
Россети Сибирь
Россети Тюмень
Россети Центр (ГК)
Россети Центр и Приволжье (ГК)
-1
0
1
2
3
4
5
6
7'

04-12-2024T07:23:51 - [MESSAGE][PASSED] - Text of object 'Object Repository/Выполнение бизнес-плана/Список ДЗО' is: '-0.07
3.72
3.84
-0.05
0.15
-0.50
-0.27
АО «Тываэнерго»
АО «Чеченэнерго»
Россети Северный Кавказ
Россети Сибирь
Россети Тюмень
Россети Центр (ГК)
Россети Центр и Приволжье (ГК)
-1
0
1
2
3
4
5
6
7'

04-12-2024T07:23:51 - [TEST_STEP][PASSED] - for ([ii = 1, ii < dZONum, (ii++)]): null

04-12-2024T07:23:51 - [TEST_STEP][PASSED] - i1 = z.indexOf("/") + 1: null

04-12-2024T07:23:51 - [TEST_STEP][PASSED] - if (i1 > -1): null

04-12-2024T07:23:51 - [TEST_STEP][PASSED] - z = z.substring(i1, z.length()): null

04-12-2024T07:23:51 - [TEST_STEP][PASSED] - i1 = z.indexOf("/"): null

04-12-2024T07:23:51 - [TEST_STEP][PASSED] - i1 = z.indexOf("/") + 1: null

04-12-2024T07:23:51 - [TEST_STEP][PASSED] - if (i1 > -1): null

04-12-2024T07:23:51 - [TEST_STEP][PASSED] - z = z.substring(i1, z.length()): null

04-12-2024T07:23:51 - [TEST_STEP][PASSED] - i1 = z.indexOf("/"): null

04-12-2024T07:23:51 - [TEST_STEP][PASSED] - i1 = z.indexOf("/") + 1: null

04-12-2024T07:23:51 - [TEST_STEP][PASSED] - if (i1 > -1): null

04-12-2024T07:23:51 - [TEST_STEP][PASSED] - z = z.substring(i1, z.length()): null

04-12-2024T07:23:51 - [TEST_STEP][PASSED] - i1 = z.indexOf("/"): null

04-12-2024T07:23:51 - [TEST_STEP][PASSED] - i1 = z.indexOf("/") + 1: null

04-12-2024T07:23:51 - [TEST_STEP][PASSED] - if (i1 > -1): null

04-12-2024T07:23:51 - [TEST_STEP][PASSED] - z = z.substring(i1, z.length()): null

04-12-2024T07:23:51 - [TEST_STEP][PASSED] - i1 = z.indexOf("/"): null

04-12-2024T07:23:51 - [TEST_STEP][PASSED] - i1 = z.indexOf("/") + 1: null

04-12-2024T07:23:51 - [TEST_STEP][PASSED] - if (i1 > -1): null

04-12-2024T07:23:51 - [TEST_STEP][PASSED] - z = z.substring(i1, z.length()): null

04-12-2024T07:23:51 - [TEST_STEP][PASSED] - i1 = z.indexOf("/"): null

04-12-2024T07:23:51 - [TEST_STEP][PASSED] - i1 = z.indexOf("/"): null

04-12-2024T07:23:51 - [TEST_STEP][PASSED] - if (i1 > -1): null

04-12-2024T07:23:51 - [TEST_STEP][PASSED] - z = z.substring(0, i1): null

04-12-2024T07:23:51 - [TEST_STEP][PASSED] - z = z.replace(",", "."): null

04-12-2024T07:23:51 - [TEST_STEP][PASSED] - println(z): null

04-12-2024T07:23:51 - [TEST_STEP][PASSED] - x = x + "/" + z: null

04-12-2024T07:23:51 - [TEST_STEP][PASSED] - x = x.replaceAll("[\r?
|
]", ""): null

04-12-2024T07:23:51 - [TEST_STEP][PASSED] - println(x): null

04-12-2024T07:23:51 - [TEST_STEP][PASSED] - return x: null

04-12-2024T07:23:51 - [TEST_STEP][PASSED] - println("cenR: " + cenR): null

04-12-2024T07:23:51 - [TEST_STEP][PASSED] - i = VseDZO.indexOf("Приволжье"): null

04-12-2024T07:23:51 - [TEST_STEP][PASSED] - if (i > -1): null

04-12-2024T07:23:51 - [TEST_STEP][PASSED] - dZONum = dZONum + 1: null

04-12-2024T07:23:51 - [TEST_STEP][PASSED] - cIPR = GetAllData(path, dZONum, VseDZO, x = "Россети Центр и Приволжье (ГК)/"): null

04-12-2024T07:23:51 - [TEST_STEP][PASSED] - ii = <not implemented yet for class: org.codehaus.groovy.ast.expr.EmptyExpression>: null

04-12-2024T07:23:51 - [TEST_STEP][PASSED] - i1 = <not implemented yet for class: org.codehaus.groovy.ast.expr.EmptyExpression>: null

04-12-2024T07:23:51 - [TEST_STEP][PASSED] - z = <not implemented yet for class: org.codehaus.groovy.ast.expr.EmptyExpression>: null

04-12-2024T07:23:51 - [TEST_STEP][PASSED] - path2 = "Значения со страницы Выполнение бизнес-плана/Table Data/": null

04-12-2024T07:23:51 - [TEST_STEP][PASSED] - println("path: " + path): null

04-12-2024T07:23:51 - [TEST_STEP][PASSED] - println("dZONum: " + dZONum): null

04-12-2024T07:23:51 - [TEST_STEP][PASSED] - z = getText(findTestObject(path + "spanPlan" + dZONum)): Text of object 'Object Repository/Выполнение бизнес-плана/spanPlan7' is: '7.04
|'

04-12-2024T07:23:52 - [MESSAGE][PASSED] - Text of object 'Object Repository/Выполнение бизнес-плана/spanPlan7' is: '7.04
|'

04-12-2024T07:23:52 - [TEST_STEP][PASSED] - println(z): null

04-12-2024T07:23:52 - [TEST_STEP][PASSED] - ii = z.indexOf("|"): null

04-12-2024T07:23:52 - [TEST_STEP][PASSED] - if (ii > -1): null

04-12-2024T07:23:52 - [TEST_STEP][PASSED] - z = z.substring(0, z.length() - 1): null

04-12-2024T07:23:52 - [TEST_STEP][PASSED] - println(z): null

04-12-2024T07:23:52 - [TEST_STEP][PASSED] - z = z.replaceAll("\s+", ""): null

04-12-2024T07:23:52 - [TEST_STEP][PASSED] - z = z.replace("[\r?
|
]", "/"): null

04-12-2024T07:23:52 - [TEST_STEP][PASSED] - println(z): null

04-12-2024T07:23:52 - [TEST_STEP][PASSED] - x = x + z: null

04-12-2024T07:23:52 - [TEST_STEP][PASSED] - z = getText(findTestObject(path + "spanFact" + dZONum)): Text of object 'Object Repository/Выполнение бизнес-плана/spanFact7' is: '6.77'

04-12-2024T07:23:52 - [MESSAGE][PASSED] - Text of object 'Object Repository/Выполнение бизнес-плана/spanFact7' is: '6.77'

04-12-2024T07:23:52 - [TEST_STEP][PASSED] - ii = z.indexOf("|"): null

04-12-2024T07:23:52 - [TEST_STEP][PASSED] - if (ii > -1): null

04-12-2024T07:23:52 - [TEST_STEP][PASSED] - x = x + "/" + z: null

04-12-2024T07:23:52 - [TEST_STEP][PASSED] - z = getText(findTestObject(path + path2 + "Факт Отпуск в сеть за отчётный период " + dZONum)).replaceAll("\s+", ""): Text of object 'Object Repository/Выполнение бизнес-плана/Значения со страницы Выполнение бизнес-плана/Table Data/Факт Отпуск в сеть за отчётный период 7' is: '45 596 339'

04-12-2024T07:23:52 - [MESSAGE][PASSED] - Text of object 'Object Repository/Выполнение бизнес-плана/Значения со страницы Выполнение бизнес-плана/Table Data/Факт Отпуск в сеть за отчётный период 7' is: '45 596 339'

04-12-2024T07:23:52 - [TEST_STEP][PASSED] - x = x + "/" + z: null

04-12-2024T07:23:52 - [TEST_STEP][PASSED] - z = getText(findTestObject(path + path2 + "Факт Отпуск из сети за отчётный период " + dZONum)).replaceAll("\s+", ""): Text of object 'Object Repository/Выполнение бизнес-плана/Значения со страницы Выполнение бизнес-плана/Table Data/Факт Отпуск из сети за отчётный период 7' is: '42 504 429'

04-12-2024T07:23:53 - [MESSAGE][PASSED] - Text of object 'Object Repository/Выполнение бизнес-плана/Значения со страницы Выполнение бизнес-плана/Table Data/Факт Отпуск из сети за отчётный период 7' is: '42 504 429'

04-12-2024T07:23:53 - [TEST_STEP][PASSED] - x = x + "/" + z: null

04-12-2024T07:23:53 - [TEST_STEP][PASSED] - z = getText(findTestObject(path + path2 + "Факт Потери за отчётный период " + dZONum)).replaceAll("\s+", ""): Text of object 'Object Repository/Выполнение бизнес-плана/Значения со страницы Выполнение бизнес-плана/Table Data/Факт Потери за отчётный период 7' is: '3 091 910'

04-12-2024T07:23:53 - [MESSAGE][PASSED] - Text of object 'Object Repository/Выполнение бизнес-плана/Значения со страницы Выполнение бизнес-плана/Table Data/Факт Потери за отчётный период 7' is: '3 091 910'

04-12-2024T07:23:53 - [TEST_STEP][PASSED] - x = x + "/" + z: null

04-12-2024T07:23:53 - [TEST_STEP][PASSED] - z = getText(findTestObject(path + path2 + "План Отпуск в сеть за отчётный период " + dZONum)).replaceAll("\s+", ""): Text of object 'Object Repository/Выполнение бизнес-плана/Значения со страницы Выполнение бизнес-плана/Table Data/План Отпуск в сеть за отчётный период 7' is: '44 041 851'

04-12-2024T07:23:53 - [MESSAGE][PASSED] - Text of object 'Object Repository/Выполнение бизнес-плана/Значения со страницы Выполнение бизнес-плана/Table Data/План Отпуск в сеть за отчётный период 7' is: '44 041 851'

04-12-2024T07:23:53 - [TEST_STEP][PASSED] - x = x + "/" + z: null

04-12-2024T07:23:53 - [TEST_STEP][PASSED] - z = getText(findTestObject(path + path2 + "План Отпуск из сети за отчётный период " + dZONum)).replaceAll("\s+", ""): Text of object 'Object Repository/Выполнение бизнес-плана/Значения со страницы Выполнение бизнес-плана/Table Data/План Отпуск из сети за отчётный период 7' is: '40 938 806'

04-12-2024T07:23:53 - [MESSAGE][PASSED] - Text of object 'Object Repository/Выполнение бизнес-плана/Значения со страницы Выполнение бизнес-плана/Table Data/План Отпуск из сети за отчётный период 7' is: '40 938 806'

04-12-2024T07:23:53 - [TEST_STEP][PASSED] - x = x + "/" + z: null

04-12-2024T07:23:53 - [TEST_STEP][PASSED] - z = getText(findTestObject(path + path2 + "План Потери за отчётный период " + dZONum)).replaceAll("\s+", ""): Text of object 'Object Repository/Выполнение бизнес-плана/Значения со страницы Выполнение бизнес-плана/Table Data/План Потери за отчётный период 7' is: '3 103 045'

04-12-2024T07:23:54 - [MESSAGE][PASSED] - Text of object 'Object Repository/Выполнение бизнес-плана/Значения со страницы Выполнение бизнес-плана/Table Data/План Потери за отчётный период 7' is: '3 103 045'

04-12-2024T07:23:54 - [TEST_STEP][PASSED] - x = x + "/" + z: null

04-12-2024T07:23:54 - [TEST_STEP][PASSED] - z = getText(findTestObject(path + "Список ДЗО")).replaceAll("[\r?
|
]", "/"): Text of object 'Object Repository/Выполнение бизнес-плана/Список ДЗО' is: '-0.07
3.72
3.84
-0.05
0.15
-0.50
-0.27
АО «Тываэнерго»
АО «Чеченэнерго»
Россети Северный Кавказ
Россети Сибирь
Россети Тюмень
Россети Центр (ГК)
Россети Центр и Приволжье (ГК)
-1
0
1
2
3
4
5
6
7'

04-12-2024T07:23:54 - [MESSAGE][PASSED] - Text of object 'Object Repository/Выполнение бизнес-плана/Список ДЗО' is: '-0.07
3.72
3.84
-0.05
0.15
-0.50
-0.27
АО «Тываэнерго»
АО «Чеченэнерго»
Россети Северный Кавказ
Россети Сибирь
Россети Тюмень
Россети Центр (ГК)
Россети Центр и Приволжье (ГК)
-1
0
1
2
3
4
5
6
7'

04-12-2024T07:23:54 - [TEST_STEP][PASSED] - for ([ii = 1, ii < dZONum, (ii++)]): null

04-12-2024T07:23:54 - [TEST_STEP][PASSED] - i1 = z.indexOf("/") + 1: null

04-12-2024T07:23:54 - [TEST_STEP][PASSED] - if (i1 > -1): null

04-12-2024T07:23:54 - [TEST_STEP][PASSED] - z = z.substring(i1, z.length()): null

04-12-2024T07:23:54 - [TEST_STEP][PASSED] - i1 = z.indexOf("/"): null

04-12-2024T07:23:54 - [TEST_STEP][PASSED] - i1 = z.indexOf("/") + 1: null

04-12-2024T07:23:54 - [TEST_STEP][PASSED] - if (i1 > -1): null

04-12-2024T07:23:54 - [TEST_STEP][PASSED] - z = z.substring(i1, z.length()): null

04-12-2024T07:23:54 - [TEST_STEP][PASSED] - i1 = z.indexOf("/"): null

04-12-2024T07:23:54 - [TEST_STEP][PASSED] - i1 = z.indexOf("/") + 1: null

04-12-2024T07:23:54 - [TEST_STEP][PASSED] - if (i1 > -1): null

04-12-2024T07:23:54 - [TEST_STEP][PASSED] - z = z.substring(i1, z.length()): null

04-12-2024T07:23:54 - [TEST_STEP][PASSED] - i1 = z.indexOf("/"): null

04-12-2024T07:23:54 - [TEST_STEP][PASSED] - i1 = z.indexOf("/") + 1: null

04-12-2024T07:23:54 - [TEST_STEP][PASSED] - if (i1 > -1): null

04-12-2024T07:23:54 - [TEST_STEP][PASSED] - z = z.substring(i1, z.length()): null

04-12-2024T07:23:54 - [TEST_STEP][PASSED] - i1 = z.indexOf("/"): null

04-12-2024T07:23:54 - [TEST_STEP][PASSED] - i1 = z.indexOf("/") + 1: null

04-12-2024T07:23:54 - [TEST_STEP][PASSED] - if (i1 > -1): null

04-12-2024T07:23:54 - [TEST_STEP][PASSED] - z = z.substring(i1, z.length()): null

04-12-2024T07:23:54 - [TEST_STEP][PASSED] - i1 = z.indexOf("/"): null

04-12-2024T07:23:54 - [TEST_STEP][PASSED] - i1 = z.indexOf("/") + 1: null

04-12-2024T07:23:54 - [TEST_STEP][PASSED] - if (i1 > -1): null

04-12-2024T07:23:54 - [TEST_STEP][PASSED] - z = z.substring(i1, z.length()): null

04-12-2024T07:23:54 - [TEST_STEP][PASSED] - i1 = z.indexOf("/"): null

04-12-2024T07:23:54 - [TEST_STEP][PASSED] - i1 = z.indexOf("/"): null

04-12-2024T07:23:54 - [TEST_STEP][PASSED] - if (i1 > -1): null

04-12-2024T07:23:54 - [TEST_STEP][PASSED] - z = z.substring(0, i1): null

04-12-2024T07:23:54 - [TEST_STEP][PASSED] - z = z.replace(",", "."): null

04-12-2024T07:23:54 - [TEST_STEP][PASSED] - println(z): null

04-12-2024T07:23:54 - [TEST_STEP][PASSED] - x = x + "/" + z: null

04-12-2024T07:23:54 - [TEST_STEP][PASSED] - x = x.replaceAll("[\r?
|
]", ""): null

04-12-2024T07:23:54 - [TEST_STEP][PASSED] - println(x): null

04-12-2024T07:23:54 - [TEST_STEP][PASSED] - return x: null

04-12-2024T07:23:54 - [TEST_STEP][PASSED] - println("cIPR: " + cIPR): null

04-12-2024T07:23:54 - [TEST_STEP][PASSED] - i = VseDZO.indexOf("Юг"): null

04-12-2024T07:23:54 - [TEST_STEP][PASSED] - if (i > -1): null

04-12-2024T07:23:54 - [TEST_STEP][PASSED] - else: null

04-12-2024T07:23:54 - [TEST_STEP][PASSED] - ugR = ugR + "нет данных/нет данных/нет данных/нет данных/нет данных/нет данных/нет данных/нет данных/нет данных": null

04-12-2024T07:23:54 - [TEST_STEP][PASSED] - println("ugR: " + ugR): null

04-12-2024T07:23:54 - [TEST_STEP][PASSED] - i = VseDZO.indexOf("Янтарь"): null

04-12-2024T07:23:54 - [TEST_STEP][PASSED] - if (i > -1): null

04-12-2024T07:23:54 - [TEST_STEP][PASSED] - else: null

04-12-2024T07:23:54 - [TEST_STEP][PASSED] - yR = yR + "нет данных/нет данных/нет данных/нет данных/нет данных/нет данных/нет данных/нет данных/нет данных": null

04-12-2024T07:23:54 - [TEST_STEP][PASSED] - println("yR: " + yR): null

04-12-2024T07:23:54 - [TEST_STEP][PASSED] - blockNum = 2: null

04-12-2024T07:23:54 - [TEST_STEP][PASSED] - path = "Object Repository/Выполнение бизнес-плана/Выполнение бизнес-плана Балансы/": null

04-12-2024T07:23:54 - [TEST_STEP][PASSED] - Script1719299571342.Presettings(blockNum, path): null

04-12-2024T07:23:54 - [TEST_STEP][PASSED] - blockNumber = <not implemented yet for class: org.codehaus.groovy.ast.expr.EmptyExpression>: null

04-12-2024T07:23:54 - [TEST_STEP][PASSED] - urlText = <not implemented yet for class: org.codehaus.groovy.ast.expr.EmptyExpression>: null

04-12-2024T07:23:54 - [TEST_STEP][PASSED] - searchWord = <not implemented yet for class: org.codehaus.groovy.ast.expr.EmptyExpression>: null

04-12-2024T07:23:54 - [TEST_STEP][PASSED] - i = <not implemented yet for class: org.codehaus.groovy.ast.expr.EmptyExpression>: null

04-12-2024T07:23:54 - [TEST_STEP][PASSED] - ii = <not implemented yet for class: org.codehaus.groovy.ast.expr.EmptyExpression>: null

04-12-2024T07:23:54 - [TEST_STEP][PASSED] - openBrowser(""): Browser is opened with url: ''

04-12-2024T07:23:54 - [MESSAGE][WARNING] - A browser is already opened. Closing browser and opening a new one

04-12-2024T07:23:54 - [MESSAGE][INFO] - Starting 'Chrome' driver

04-12-2024T07:23:54 - [MESSAGE][INFO] - Action delay is set to 0 milliseconds

04-12-2024T07:23:55 - [MESSAGE][PASSED] - Browser is opened with url: ''

04-12-2024T07:23:55 - [TEST_STEP][PASSED] - if (blockNum == 1): null

04-12-2024T07:23:55 - [TEST_STEP][PASSED] - else: null

04-12-2024T07:23:55 - [TEST_STEP][PASSED] - path = "Object Repository/Выполнение бизнес-плана/Выполнение бизнес-плана Балансы/": null

04-12-2024T07:23:55 - [TEST_STEP][PASSED] - blockNumber = 4: null

04-12-2024T07:23:55 - [TEST_STEP][PASSED] - navigateToUrl(findTestData("PlanFact").getValue(10, blockNumber)): Navigate to 'https://bi.rosseti.digital/viewer?dashboardGuid=5ed11b2f4eb2434fa5c5ff1537a71532&sheetGuid=0d90a67b6f664f58b2e6cf8ff5d9a66c&fit=true' successfully

04-12-2024T07:24:01 - [MESSAGE][PASSED] - Navigate to 'https://bi.rosseti.digital/viewer?dashboardGuid=5ed11b2f4eb2434fa5c5ff1537a71532&sheetGuid=0d90a67b6f664f58b2e6cf8ff5d9a66c&fit=true' successfully

04-12-2024T07:24:01 - [TEST_STEP][PASSED] - urlText = getText(findTestObject("Страница авторизации/Text")): Text of object 'Object Repository/Страница авторизации/Text' is: 'Вход'

04-12-2024T07:24:04 - [MESSAGE][PASSED] - Text of object 'Object Repository/Страница авторизации/Text' is: 'Вход'

04-12-2024T07:24:04 - [TEST_STEP][PASSED] - delay(10): Delayed 10 second(s)

04-12-2024T07:24:14 - [MESSAGE][PASSED] - Delayed 10 second(s)

04-12-2024T07:24:14 - [TEST_STEP][PASSED] - searchWord = "Вход": null

04-12-2024T07:24:14 - [TEST_STEP][PASSED] - if (urlText.contains(searchWord) == false): null

04-12-2024T07:24:14 - [TEST_STEP][PASSED] - setText(findTestObject("Страница авторизации/input__username"), findTestData("PlanFact").getValue(8, 1)): Text 'liazgina-di' is set on object 'Object Repository/Страница авторизации/input__username'

04-12-2024T07:24:15 - [MESSAGE][PASSED] - Text 'liazgina-di' is set on object 'Object Repository/Страница авторизации/input__username'

04-12-2024T07:24:15 - [TEST_STEP][PASSED] - setText(findTestObject("Страница авторизации/input__password"), findTestData("PlanFact").getValue(9, 1)): Text ')$%5srZ8o688Dm#q' is set on object 'Object Repository/Страница авторизации/input__password'

04-12-2024T07:24:16 - [MESSAGE][PASSED] - Text ')$%5srZ8o688Dm#q' is set on object 'Object Repository/Страница авторизации/input__password'

04-12-2024T07:24:16 - [TEST_STEP][PASSED] - click(findTestObject("Страница авторизации/button_")): Object: 'Object Repository/Страница авторизации/button_' is clicked on

04-12-2024T07:24:19 - [MESSAGE][PASSED] - Object: 'Object Repository/Страница авторизации/button_' is clicked on

04-12-2024T07:24:19 - [TEST_STEP][PASSED] - delay(50): Delayed 50 second(s)

04-12-2024T07:25:09 - [MESSAGE][PASSED] - Delayed 50 second(s)

04-12-2024T07:25:09 - [TEST_STEP][PASSED] - searchWord = "ДЗО": null

04-12-2024T07:25:09 - [TEST_STEP][PASSED] - urlText = getText(findTestObject("Страница авторизации/Text")): Text of object 'Object Repository/Страница авторизации/Text' is: 'ДЗО 
ПАО Россети - РаспредКомплекс - Россети Урал (ГК) - Свердловэнерго
Период
1, 2, 3 кв., Октябрь 2024 года

Показатели баланса электроэнергии по ДЗО – Факт
24 739 145 0
23 768 762 0
970 383 0
Итого
п.п.
-0.05
-0.06
-0.04
-0.02
0
Итого
%
4.11 4.11
4.04 4.04
1
100

Выполнение бизнес-плана в части показателя «Уровень потерь электроэнергии»
Итого – Факт
Отпуск в сеть 24 739 145
Отпуск из сети 23 768 762
Потери 970 383
Статус данных
Просьба обратить внимание
— данные занесены не полностью
Показатели баланса электроэнергии по ДЗО – План
29 246 626 0
28 024 791 0
1 221 835 0
Факт
План
Итого – План
Отпуск в сеть 24 092 241
Отпуск из сети 23 119 085
Потери 973 156
Отклонения фактического уровня потерь от бизнес-плана, п.п. 
-0.10
Россети Урал (ГК)
-1
0
1
2
3
4
5
6
7
Уровень потерь электроэнергии 
Россети Урал (ГК)
0
10
20
30
40
50
60
70
4.02
|
3.92
● Отрицательные/нулевые отклонения● ● ● ● Положительные отклонения
п.п.
Отклонения фактического уровня потерь от бизнес-плана за 3 месяца (нарастающим итогом)
Свердловэнерго'

04-12-2024T07:25:40 - [MESSAGE][PASSED] - Text of object 'Object Repository/Страница авторизации/Text' is: 'ДЗО 
ПАО Россети - РаспредКомплекс - Россети Урал (ГК) - Свердловэнерго
Период
1, 2, 3 кв., Октябрь 2024 года

Показатели баланса электроэнергии по ДЗО – Факт
24 739 145 0
23 768 762 0
970 383 0
Итого
п.п.
-0.05
-0.06
-0.04
-0.02
0
Итого
%
4.11 4.11
4.04 4.04
1
100

Выполнение бизнес-плана в части показателя «Уровень потерь электроэнергии»
Итого – Факт
Отпуск в сеть 24 739 145
Отпуск из сети 23 768 762
Потери 970 383
Статус данных
Просьба обратить внимание
— данные занесены не полностью
Показатели баланса электроэнергии по ДЗО – План
29 246 626 0
28 024 791 0
1 221 835 0
Факт
План
Итого – План
Отпуск в сеть 24 092 241
Отпуск из сети 23 119 085
Потери 973 156
Отклонения фактического уровня потерь от бизнес-плана, п.п. 
-0.10
Россети Урал (ГК)
-1
0
1
2
3
4
5
6
7
Уровень потерь электроэнергии 
Россети Урал (ГК)
0
10
20
30
40
50
60
70
4.02
|
3.92
● Отрицательные/нулевые отклонения● ● ● ● Положительные отклонения
п.п.
Отклонения фактического уровня потерь от бизнес-плана за 3 месяца (нарастающим итогом)
Свердловэнерго'

04-12-2024T07:25:40 - [TEST_STEP][PASSED] - if (urlText.contains("ошибка") || urlText.contains(searchWord) == false): null

04-12-2024T07:25:40 - [TEST_STEP][PASSED] - Script1719299571342.ZakrytOpoveshenie(): null

04-12-2024T07:25:40 - [TEST_STEP][PASSED] - opoveshenie = getText(findTestObject("Выполнение бизнес-плана/Просьба обратить внимание")): Text of object 'Object Repository/Выполнение бизнес-плана/Просьба обратить внимание' is: 'Просьба обратить внимание'

04-12-2024T07:25:41 - [MESSAGE][PASSED] - Text of object 'Object Repository/Выполнение бизнес-плана/Просьба обратить внимание' is: 'Просьба обратить внимание'

04-12-2024T07:25:41 - [TEST_STEP][PASSED] - if (opoveshenie == "Просьба обратить внимание"): Object: 'Object Repository/Выполнение бизнес-плана/Закрыть оповещение' is clicked on

04-12-2024T07:25:41 - [TEST_STEP][PASSED] - click(findTestObject("Выполнение бизнес-плана/Закрыть оповещение")): Object: 'Object Repository/Выполнение бизнес-плана/Закрыть оповещение' is clicked on

04-12-2024T07:25:41 - [MESSAGE][PASSED] - Object: 'Object Repository/Выполнение бизнес-плана/Закрыть оповещение' is clicked on

04-12-2024T07:25:41 - [TEST_STEP][PASSED] - click(findTestObject(path + "Фильтр Дата")): Object: 'Object Repository/Выполнение бизнес-плана/Выполнение бизнес-плана Балансы/Фильтр Дата' is clicked on

04-12-2024T07:25:42 - [MESSAGE][PASSED] - Object: 'Object Repository/Выполнение бизнес-плана/Выполнение бизнес-плана Балансы/Фильтр Дата' is clicked on

04-12-2024T07:25:42 - [TEST_STEP][PASSED] - click(findTestObject(path + "Снять выделение в фильтре Дата")): Object: 'Object Repository/Выполнение бизнес-плана/Выполнение бизнес-плана Балансы/Снять выделение в фильтре Дата' is clicked on

04-12-2024T07:25:43 - [MESSAGE][PASSED] - Object: 'Object Repository/Выполнение бизнес-плана/Выполнение бизнес-плана Балансы/Снять выделение в фильтре Дата' is clicked on

04-12-2024T07:25:43 - [TEST_STEP][PASSED] - click(findTestObject(path + "Применить в фильтре Дата")): Object: 'Object Repository/Выполнение бизнес-плана/Выполнение бизнес-плана Балансы/Применить в фильтре Дата' is clicked on

04-12-2024T07:25:43 - [MESSAGE][PASSED] - Object: 'Object Repository/Выполнение бизнес-плана/Выполнение бизнес-плана Балансы/Применить в фильтре Дата' is clicked on

04-12-2024T07:25:43 - [TEST_STEP][PASSED] - delay(50): Delayed 50 second(s)

04-12-2024T07:26:33 - [MESSAGE][PASSED] - Delayed 50 second(s)

04-12-2024T07:26:33 - [TEST_STEP][PASSED] - Script1719299571342.ZakrytOpoveshenie(): null

04-12-2024T07:26:33 - [TEST_STEP][PASSED] - opoveshenie = getText(findTestObject("Выполнение бизнес-плана/Просьба обратить внимание")): Text of object 'Object Repository/Выполнение бизнес-плана/Просьба обратить внимание' is: 'Просьба обратить внимание'

04-12-2024T07:26:34 - [MESSAGE][PASSED] - Text of object 'Object Repository/Выполнение бизнес-плана/Просьба обратить внимание' is: 'Просьба обратить внимание'

04-12-2024T07:26:34 - [TEST_STEP][PASSED] - if (opoveshenie == "Просьба обратить внимание"): Object: 'Object Repository/Выполнение бизнес-плана/Закрыть оповещение' is clicked on

04-12-2024T07:26:34 - [TEST_STEP][PASSED] - click(findTestObject("Выполнение бизнес-плана/Закрыть оповещение")): Object: 'Object Repository/Выполнение бизнес-плана/Закрыть оповещение' is clicked on

04-12-2024T07:26:34 - [MESSAGE][PASSED] - Object: 'Object Repository/Выполнение бизнес-плана/Закрыть оповещение' is clicked on

04-12-2024T07:26:34 - [TEST_STEP][PASSED] - click(findTestObject(path + "Фильтр Дата")): Object: 'Object Repository/Выполнение бизнес-плана/Выполнение бизнес-плана Балансы/Фильтр Дата' is clicked on

04-12-2024T07:26:34 - [MESSAGE][PASSED] - Object: 'Object Repository/Выполнение бизнес-плана/Выполнение бизнес-плана Балансы/Фильтр Дата' is clicked on

04-12-2024T07:26:34 - [TEST_STEP][PASSED] - scrollToElement(findTestObject(path + "2024 список"), 30): Scroll to object 'Object Repository/Выполнение бизнес-плана/Выполнение бизнес-плана Балансы/2024 список' successfully

04-12-2024T07:26:35 - [MESSAGE][PASSED] - Scroll to object 'Object Repository/Выполнение бизнес-плана/Выполнение бизнес-плана Балансы/2024 список' successfully

04-12-2024T07:26:35 - [TEST_STEP][PASSED] - click(findTestObject(path + "2024 список")): Object: 'Object Repository/Выполнение бизнес-плана/Выполнение бизнес-плана Балансы/2024 список' is clicked on

04-12-2024T07:26:35 - [MESSAGE][PASSED] - Object: 'Object Repository/Выполнение бизнес-плана/Выполнение бизнес-плана Балансы/2024 список' is clicked on

04-12-2024T07:26:35 - [TEST_STEP][PASSED] - scrollToElement(findTestObject(path + "1 квартал 2024 список"), 30): Scroll to object 'Object Repository/Выполнение бизнес-плана/Выполнение бизнес-плана Балансы/1 квартал 2024 список' successfully

04-12-2024T07:26:36 - [MESSAGE][PASSED] - Scroll to object 'Object Repository/Выполнение бизнес-плана/Выполнение бизнес-плана Балансы/1 квартал 2024 список' successfully

04-12-2024T07:26:36 - [TEST_STEP][PASSED] - click(findTestObject(path + "1 квартал 2024 список")): Object: 'Object Repository/Выполнение бизнес-плана/Выполнение бизнес-плана Балансы/1 квартал 2024 список' is clicked on

04-12-2024T07:26:36 - [MESSAGE][PASSED] - Object: 'Object Repository/Выполнение бизнес-плана/Выполнение бизнес-плана Балансы/1 квартал 2024 список' is clicked on

04-12-2024T07:26:36 - [TEST_STEP][PASSED] - click(findTestObject(path + "Январь 2024")): Object: 'Object Repository/Выполнение бизнес-плана/Выполнение бизнес-плана Балансы/Январь 2024' is clicked on

04-12-2024T07:26:36 - [MESSAGE][PASSED] - Object: 'Object Repository/Выполнение бизнес-плана/Выполнение бизнес-плана Балансы/Январь 2024' is clicked on

04-12-2024T07:26:36 - [TEST_STEP][PASSED] - click(findTestObject(path + "Февраль 2024")): Object: 'Object Repository/Выполнение бизнес-плана/Выполнение бизнес-плана Балансы/Февраль 2024' is clicked on

04-12-2024T07:26:37 - [MESSAGE][PASSED] - Object: 'Object Repository/Выполнение бизнес-плана/Выполнение бизнес-плана Балансы/Февраль 2024' is clicked on

04-12-2024T07:26:37 - [TEST_STEP][PASSED] - click(findTestObject(path + "Март 2024")): Object: 'Object Repository/Выполнение бизнес-плана/Выполнение бизнес-плана Балансы/Март 2024' is clicked on

04-12-2024T07:26:38 - [MESSAGE][PASSED] - Object: 'Object Repository/Выполнение бизнес-плана/Выполнение бизнес-плана Балансы/Март 2024' is clicked on

04-12-2024T07:26:38 - [TEST_STEP][PASSED] - scrollToElement(findTestObject(path + "2 квартал 2024"), 30): Scroll to object 'Object Repository/Выполнение бизнес-плана/Выполнение бизнес-плана Балансы/2 квартал 2024' successfully

04-12-2024T07:26:38 - [MESSAGE][PASSED] - Scroll to object 'Object Repository/Выполнение бизнес-плана/Выполнение бизнес-плана Балансы/2 квартал 2024' successfully

04-12-2024T07:26:38 - [TEST_STEP][PASSED] - click(findTestObject(path + "2 квартал 2024")): Object: 'Object Repository/Выполнение бизнес-плана/Выполнение бизнес-плана Балансы/2 квартал 2024' is clicked on

04-12-2024T07:26:38 - [MESSAGE][PASSED] - Object: 'Object Repository/Выполнение бизнес-плана/Выполнение бизнес-плана Балансы/2 квартал 2024' is clicked on

04-12-2024T07:26:38 - [TEST_STEP][PASSED] - scrollToElement(findTestObject(path + "3 квартал 2024 список"), 30): Scroll to object 'Object Repository/Выполнение бизнес-плана/Выполнение бизнес-плана Балансы/3 квартал 2024 список' successfully

04-12-2024T07:26:39 - [MESSAGE][PASSED] - Scroll to object 'Object Repository/Выполнение бизнес-плана/Выполнение бизнес-плана Балансы/3 квартал 2024 список' successfully

04-12-2024T07:26:39 - [TEST_STEP][PASSED] - click(findTestObject(path + "3 квартал 2024")): Object: 'Object Repository/Выполнение бизнес-плана/Выполнение бизнес-плана Балансы/3 квартал 2024' is clicked on

04-12-2024T07:26:39 - [MESSAGE][PASSED] - Object: 'Object Repository/Выполнение бизнес-плана/Выполнение бизнес-плана Балансы/3 квартал 2024' is clicked on

04-12-2024T07:26:39 - [TEST_STEP][PASSED] - scrollToElement(findTestObject(path + "4 квартал 2024 список"), 30): Scroll to object 'Object Repository/Выполнение бизнес-плана/Выполнение бизнес-плана Балансы/4 квартал 2024 список' successfully

04-12-2024T07:26:40 - [MESSAGE][PASSED] - Scroll to object 'Object Repository/Выполнение бизнес-плана/Выполнение бизнес-плана Балансы/4 квартал 2024 список' successfully

04-12-2024T07:26:40 - [TEST_STEP][PASSED] - click(findTestObject(path + "4 квартал 2024 список")): Object: 'Object Repository/Выполнение бизнес-плана/Выполнение бизнес-плана Балансы/4 квартал 2024 список' is clicked on

04-12-2024T07:26:40 - [MESSAGE][PASSED] - Object: 'Object Repository/Выполнение бизнес-плана/Выполнение бизнес-плана Балансы/4 квартал 2024 список' is clicked on

04-12-2024T07:26:40 - [TEST_STEP][PASSED] - scrollToElement(findTestObject(path + "Октябрь 2024"), 30): Scroll to object 'Object Repository/Выполнение бизнес-плана/Выполнение бизнес-плана Балансы/Октябрь 2024' successfully

04-12-2024T07:26:40 - [MESSAGE][PASSED] - Scroll to object 'Object Repository/Выполнение бизнес-плана/Выполнение бизнес-плана Балансы/Октябрь 2024' successfully

04-12-2024T07:26:40 - [TEST_STEP][PASSED] - click(findTestObject(path + "Октябрь 2024")): Object: 'Object Repository/Выполнение бизнес-плана/Выполнение бизнес-плана Балансы/Октябрь 2024' is clicked on

04-12-2024T07:26:41 - [MESSAGE][PASSED] - Object: 'Object Repository/Выполнение бизнес-плана/Выполнение бизнес-плана Балансы/Октябрь 2024' is clicked on

04-12-2024T07:26:41 - [TEST_STEP][PASSED] - scrollToElement(findTestObject(path + "Заголовок дашборда"), 30): Scroll to object 'Object Repository/Выполнение бизнес-плана/Выполнение бизнес-плана Балансы/Заголовок дашборда' successfully

04-12-2024T07:26:41 - [MESSAGE][PASSED] - Scroll to object 'Object Repository/Выполнение бизнес-плана/Выполнение бизнес-плана Балансы/Заголовок дашборда' successfully

04-12-2024T07:26:41 - [TEST_STEP][PASSED] - click(findTestObject(path + "Применить в фильтре Дата")): Object: 'Object Repository/Выполнение бизнес-плана/Выполнение бизнес-плана Балансы/Применить в фильтре Дата' is clicked on

04-12-2024T07:26:42 - [MESSAGE][PASSED] - Object: 'Object Repository/Выполнение бизнес-плана/Выполнение бизнес-плана Балансы/Применить в фильтре Дата' is clicked on

04-12-2024T07:26:42 - [TEST_STEP][PASSED] - delay(30): Delayed 30 second(s)

04-12-2024T07:27:12 - [MESSAGE][PASSED] - Delayed 30 second(s)

04-12-2024T07:27:12 - [TEST_STEP][PASSED] - Script1719299571342.ZakrytOpoveshenie(): null

04-12-2024T07:27:12 - [TEST_STEP][PASSED] - opoveshenie = getText(findTestObject("Выполнение бизнес-плана/Просьба обратить внимание")): Text of object 'Object Repository/Выполнение бизнес-плана/Просьба обратить внимание' is: 'Просьба обратить внимание'

04-12-2024T07:27:14 - [MESSAGE][PASSED] - Text of object 'Object Repository/Выполнение бизнес-плана/Просьба обратить внимание' is: 'Просьба обратить внимание'

04-12-2024T07:27:14 - [TEST_STEP][PASSED] - if (opoveshenie == "Просьба обратить внимание"): Object: 'Object Repository/Выполнение бизнес-плана/Закрыть оповещение' is clicked on

04-12-2024T07:27:14 - [TEST_STEP][PASSED] - click(findTestObject("Выполнение бизнес-плана/Закрыть оповещение")): Object: 'Object Repository/Выполнение бизнес-плана/Закрыть оповещение' is clicked on

04-12-2024T07:27:15 - [MESSAGE][PASSED] - Object: 'Object Repository/Выполнение бизнес-плана/Закрыть оповещение' is clicked on

04-12-2024T07:27:15 - [TEST_STEP][PASSED] - click(findTestObject(path + "Фильтр ДЗО")): Object: 'Object Repository/Выполнение бизнес-плана/Выполнение бизнес-плана Балансы/Фильтр ДЗО' is clicked on

04-12-2024T07:27:15 - [MESSAGE][PASSED] - Object: 'Object Repository/Выполнение бизнес-плана/Выполнение бизнес-плана Балансы/Фильтр ДЗО' is clicked on

04-12-2024T07:27:15 - [TEST_STEP][PASSED] - click(findTestObject(path + "Снять выделение в фильтре ДЗО")): Object: 'Object Repository/Выполнение бизнес-плана/Выполнение бизнес-плана Балансы/Снять выделение в фильтре ДЗО' is clicked on

04-12-2024T07:27:16 - [MESSAGE][PASSED] - Object: 'Object Repository/Выполнение бизнес-плана/Выполнение бизнес-плана Балансы/Снять выделение в фильтре ДЗО' is clicked on

04-12-2024T07:27:16 - [TEST_STEP][PASSED] - click(findTestObject(path + "ПАО Россети")): Object: 'Object Repository/Выполнение бизнес-плана/Выполнение бизнес-плана Балансы/ПАО Россети' is clicked on

04-12-2024T07:27:16 - [MESSAGE][PASSED] - Object: 'Object Repository/Выполнение бизнес-плана/Выполнение бизнес-плана Балансы/ПАО Россети' is clicked on

04-12-2024T07:27:16 - [TEST_STEP][PASSED] - click(findTestObject(path + "Применить в фильтре ДЗО")): Object: 'Object Repository/Выполнение бизнес-плана/Выполнение бизнес-плана Балансы/Применить в фильтре ДЗО' is clicked on

04-12-2024T07:27:17 - [MESSAGE][PASSED] - Object: 'Object Repository/Выполнение бизнес-плана/Выполнение бизнес-плана Балансы/Применить в фильтре ДЗО' is clicked on

04-12-2024T07:27:17 - [TEST_STEP][PASSED] - delay(30): Delayed 30 second(s)

04-12-2024T07:27:47 - [MESSAGE][PASSED] - Delayed 30 second(s)

04-12-2024T07:27:47 - [TEST_STEP][PASSED] - pRB = GetAllPAOData(path, dZONum, VseDZO, z = "ПАО Россети/"): null

04-12-2024T07:27:47 - [TEST_STEP][PASSED] - path2 = "Значения со страницы Выполнение бизнес-плана/Table Data/": null

04-12-2024T07:27:47 - [TEST_STEP][PASSED] - ii = <not implemented yet for class: org.codehaus.groovy.ast.expr.EmptyExpression>: null

04-12-2024T07:27:47 - [TEST_STEP][PASSED] - i1 = <not implemented yet for class: org.codehaus.groovy.ast.expr.EmptyExpression>: null

04-12-2024T07:27:47 - [TEST_STEP][PASSED] - z = <not implemented yet for class: org.codehaus.groovy.ast.expr.EmptyExpression>: null

04-12-2024T07:27:47 - [TEST_STEP][PASSED] - z1 = <not implemented yet for class: org.codehaus.groovy.ast.expr.EmptyExpression>: null

04-12-2024T07:27:47 - [TEST_STEP][PASSED] - println("path: " + path): null

04-12-2024T07:27:47 - [TEST_STEP][PASSED] - z = getText(findTestObject(path + "Итого")).replaceAll("[\r?
|
]", "/"): Text of object 'Object Repository/Выполнение бизнес-плана/Выполнение бизнес-плана Балансы/Итого' is: 'Итого
%
5.82 5.82
7.98 7.98
1
100'

04-12-2024T07:27:49 - [MESSAGE][PASSED] - Text of object 'Object Repository/Выполнение бизнес-плана/Выполнение бизнес-плана Балансы/Итого' is: 'Итого
%
5.82 5.82
7.98 7.98
1
100'

04-12-2024T07:27:49 - [TEST_STEP][PASSED] - ii = z.indexOf("%") + 2: null

04-12-2024T07:27:49 - [TEST_STEP][PASSED] - if (ii > -1): null

04-12-2024T07:27:49 - [TEST_STEP][PASSED] - z = z.substring(ii, z.length()): null

04-12-2024T07:27:49 - [TEST_STEP][PASSED] - println(z): null

04-12-2024T07:27:49 - [TEST_STEP][PASSED] - ii = z.indexOf("/1/100") - 1: null

04-12-2024T07:27:49 - [TEST_STEP][PASSED] - if (ii > -1): null

04-12-2024T07:27:49 - [TEST_STEP][PASSED] - z = z.substring(0, ii): null

04-12-2024T07:27:49 - [TEST_STEP][PASSED] - println(z): null

04-12-2024T07:27:49 - [TEST_STEP][PASSED] - ii = z.indexOf("План"): null

04-12-2024T07:27:49 - [TEST_STEP][PASSED] - if (ii > -1): null

04-12-2024T07:27:49 - [TEST_STEP][PASSED] - ii = z.indexOf("/") + 1: null

04-12-2024T07:27:49 - [TEST_STEP][PASSED] - z1 = z.substring(0, ii): null

04-12-2024T07:27:49 - [TEST_STEP][PASSED] - println(z1): null

04-12-2024T07:27:49 - [TEST_STEP][PASSED] - z = z.substring(ii, z.length()): null

04-12-2024T07:27:49 - [TEST_STEP][PASSED] - println(z): null

04-12-2024T07:27:49 - [TEST_STEP][PASSED] - ii = z1.length() / 2: null

04-12-2024T07:27:49 - [TEST_STEP][PASSED] - z1 = replaceAll("[\r?
|
]", "/").trim(): null

04-12-2024T07:27:49 - [TEST_STEP][PASSED] - println(z1): null

04-12-2024T07:27:49 - [TEST_STEP][PASSED] - ii = z.length() / 2: null

04-12-2024T07:27:49 - [TEST_STEP][PASSED] - z = replace("/", "").trim(): null

04-12-2024T07:27:49 - [TEST_STEP][PASSED] - println(z): null

04-12-2024T07:27:49 - [TEST_STEP][PASSED] - x = x + z1 + "/" + z: null

04-12-2024T07:27:49 - [TEST_STEP][PASSED] - println(x): null

04-12-2024T07:27:49 - [TEST_STEP][FAILED] - if (verifyElementPresent(findTestObject(path + "Таблица Итого-Факт"), 30)): Unable to verify object is present (Root cause: com.kms.katalon.core.exception.StepFailedException: Unable to verify object is present
	at com.kms.katalon.core.webui.keyword.internal.WebUIKeywordMain.stepFailed(WebUIKeywordMain.groovy:64)
	at com.kms.katalon.core.webui.keyword.internal.WebUIKeywordMain.runKeyword(WebUIKeywordMain.groovy:26)
	at com.kms.katalon.core.webui.keyword.builtin.VerifyElementPresentKeyword.verifyElementPresent(VerifyElementPresentKeyword.groovy:92)
	at com.kms.katalon.core.webui.keyword.builtin.VerifyElementPresentKeyword.execute(VerifyElementPresentKeyword.groovy:68)
	at com.kms.katalon.core.keyword.internal.KeywordExecutor.executeKeywordForPlatform(KeywordExecutor.groovy:74)
	at com.kms.katalon.core.webui.keyword.WebUiBuiltInKeywords.verifyElementPresent(WebUiBuiltInKeywords.groovy:1503)
	at Выполнение бизнес-плана сверка дашбордов.GetAllPAOData(Выполнение бизнес-плана сверка дашбордов:862)
	at Выполнение бизнес-плана сверка дашбордов.run(Выполнение бизнес-плана сверка дашбордов:362)
	at com.kms.katalon.core.main.ScriptEngine.run(ScriptEngine.java:194)
	at com.kms.katalon.core.main.ScriptEngine.runScriptAsRawText(ScriptEngine.java:119)
	at com.kms.katalon.core.main.TestCaseExecutor.runScript(TestCaseExecutor.java:448)
	at com.kms.katalon.core.main.TestCaseExecutor.doExecute(TestCaseExecutor.java:439)
	at com.kms.katalon.core.main.TestCaseExecutor.processExecutionPhase(TestCaseExecutor.java:418)
	at com.kms.katalon.core.main.TestCaseExecutor.accessMainPhase(TestCaseExecutor.java:410)
	at com.kms.katalon.core.main.TestCaseExecutor.execute(TestCaseExecutor.java:285)
	at com.kms.katalon.core.common.CommonExecutor.accessTestCaseMainPhase(CommonExecutor.java:65)
	at com.kms.katalon.core.main.TestSuiteExecutor.accessTestSuiteMainPhase(TestSuiteExecutor.java:150)
	at com.kms.katalon.core.main.TestSuiteExecutor.execute(TestSuiteExecutor.java:106)
	at com.kms.katalon.core.main.TestCaseMain.startTestSuite(TestCaseMain.java:180)
	at TempTestSuite1733285972582.run(TempTestSuite1733285972582.groovy:35)
	at java.base/jdk.internal.reflect.NativeMethodAccessorImpl.invoke0(Native Method)
	at java.base/jdk.internal.reflect.NativeMethodAccessorImpl.invoke(NativeMethodAccessorImpl.java:77)
	at java.base/jdk.internal.reflect.DelegatingMethodAccessorImpl.invoke(DelegatingMethodAccessorImpl.java:43)
Caused by: java.lang.IllegalArgumentException: Object is null
	at com.kms.katalon.core.helper.KeywordHelper.checkTestObjectParameter(KeywordHelper.java:33)
	at com.kms.katalon.core.webui.keyword.builtin.VerifyElementPresentKeyword$_verifyElementPresent_closure1.doCall(VerifyElementPresentKeyword.groovy:76)
	at com.kms.katalon.core.webui.keyword.builtin.VerifyElementPresentKeyword$_verifyElementPresent_closure1.call(VerifyElementPresentKeyword.groovy)
	at com.kms.katalon.core.webui.keyword.internal.WebUIKeywordMain.runKeyword(WebUIKeywordMain.groovy:20)
	at com.kms.katalon.core.webui.keyword.builtin.VerifyElementPresentKeyword.verifyElementPresent(VerifyElementPresentKeyword.groovy:92)
	at com.kms.katalon.core.webui.keyword.builtin.VerifyElementPresentKeyword.execute(VerifyElementPresentKeyword.groovy:68)
	at com.kms.katalon.core.keyword.internal.KeywordExecutor.executeKeywordForPlatform(KeywordExecutor.groovy:74)
	at com.kms.katalon.core.webui.keyword.WebUiBuiltInKeywords.verifyElementPresent(WebUiBuiltInKeywords.groovy:1503)
	at Script1719299571342.GetAllPAOData(Script1719299571342.groovy:862)
	at Script1719299571342.run(Script1719299571342.groovy:362)
	... 15 more
)

04-12-2024T07:27:49 - [MESSAGE][WARNING] - Test object with id 'Object Repository/Выполнение бизнес-плана/Выполнение бизнес-плана Балансы/Таблица Итого-Факт' does not exist

04-12-2024T07:27:49 - [MESSAGE][WARNING] - Test object with id 'Object Repository/' does not exist

04-12-2024T07:27:49 - [MESSAGE][FAILED] - Unable to verify object is present (Root cause: com.kms.katalon.core.exception.StepFailedException: Unable to verify object is present
	at com.kms.katalon.core.webui.keyword.internal.WebUIKeywordMain.stepFailed(WebUIKeywordMain.groovy:64)
	at com.kms.katalon.core.webui.keyword.internal.WebUIKeywordMain.runKeyword(WebUIKeywordMain.groovy:26)
	at com.kms.katalon.core.webui.keyword.builtin.VerifyElementPresentKeyword.verifyElementPresent(VerifyElementPresentKeyword.groovy:92)
	at com.kms.katalon.core.webui.keyword.builtin.VerifyElementPresentKeyword.execute(VerifyElementPresentKeyword.groovy:68)
	at com.kms.katalon.core.keyword.internal.KeywordExecutor.executeKeywordForPlatform(KeywordExecutor.groovy:74)
	at com.kms.katalon.core.webui.keyword.WebUiBuiltInKeywords.verifyElementPresent(WebUiBuiltInKeywords.groovy:1503)
	at Выполнение бизнес-плана сверка дашбордов.GetAllPAOData(Выполнение бизнес-плана сверка дашбордов:862)
	at Выполнение бизнес-плана сверка дашбордов.run(Выполнение бизнес-плана сверка дашбордов:362)
	at com.kms.katalon.core.main.ScriptEngine.run(ScriptEngine.java:194)
	at com.kms.katalon.core.main.ScriptEngine.runScriptAsRawText(ScriptEngine.java:119)
	at com.kms.katalon.core.main.TestCaseExecutor.runScript(TestCaseExecutor.java:448)
	at com.kms.katalon.core.main.TestCaseExecutor.doExecute(TestCaseExecutor.java:439)
	at com.kms.katalon.core.main.TestCaseExecutor.processExecutionPhase(TestCaseExecutor.java:418)
	at com.kms.katalon.core.main.TestCaseExecutor.accessMainPhase(TestCaseExecutor.java:410)
	at com.kms.katalon.core.main.TestCaseExecutor.execute(TestCaseExecutor.java:285)
	at com.kms.katalon.core.common.CommonExecutor.accessTestCaseMainPhase(CommonExecutor.java:65)
	at com.kms.katalon.core.main.TestSuiteExecutor.accessTestSuiteMainPhase(TestSuiteExecutor.java:150)
	at com.kms.katalon.core.main.TestSuiteExecutor.execute(TestSuiteExecutor.java:106)
	at com.kms.katalon.core.main.TestCaseMain.startTestSuite(TestCaseMain.java:180)
	at TempTestSuite1733285972582.run(TempTestSuite1733285972582.groovy:35)
	at java.base/jdk.internal.reflect.NativeMethodAccessorImpl.invoke0(Native Method)
	at java.base/jdk.internal.reflect.NativeMethodAccessorImpl.invoke(NativeMethodAccessorImpl.java:77)
	at java.base/jdk.internal.reflect.DelegatingMethodAccessorImpl.invoke(DelegatingMethodAccessorImpl.java:43)
Caused by: java.lang.IllegalArgumentException: Object is null
	at com.kms.katalon.core.helper.KeywordHelper.checkTestObjectParameter(KeywordHelper.java:33)
	at com.kms.katalon.core.webui.keyword.builtin.VerifyElementPresentKeyword$_verifyElementPresent_closure1.doCall(VerifyElementPresentKeyword.groovy:76)
	at com.kms.katalon.core.webui.keyword.builtin.VerifyElementPresentKeyword$_verifyElementPresent_closure1.call(VerifyElementPresentKeyword.groovy)
	at com.kms.katalon.core.webui.keyword.internal.WebUIKeywordMain.runKeyword(WebUIKeywordMain.groovy:20)
	at com.kms.katalon.core.webui.keyword.builtin.VerifyElementPresentKeyword.verifyElementPresent(VerifyElementPresentKeyword.groovy:92)
	at com.kms.katalon.core.webui.keyword.builtin.VerifyElementPresentKeyword.execute(VerifyElementPresentKeyword.groovy:68)
	at com.kms.katalon.core.keyword.internal.KeywordExecutor.executeKeywordForPlatform(KeywordExecutor.groovy:74)
	at com.kms.katalon.core.webui.keyword.WebUiBuiltInKeywords.verifyElementPresent(WebUiBuiltInKeywords.groovy:1503)
	at Script1719299571342.GetAllPAOData(Script1719299571342.groovy:862)
	at Script1719299571342.run(Script1719299571342.groovy:362)
	... 15 more
)
[[ATTACHMENT|C:\\Users\\LIAZGINA-DI\\git\\SPORU\\Reports\\20241204_071931\\\u041F\u043D-\u0421\u0440-\u041F\u0442\\\u0421\u0432\u0435\u0440\u043A\u0430 \u0434\u0430\u0448\u0431\u043E\u0440\u0434\u043E\u0432 \u0438\u0437 \u0440\u0430\u0437\u043D\u044B\u0445 \u0431\u043B\u043E\u043A\u043E\u0432\\20241204_071932\\1733286469716.png]]

04-12-2024T07:27:49 - [TEST_STEP][PASSED] - else: null

04-12-2024T07:27:49 - [TEST_STEP][PASSED] - z = getText(findTestObject(path + "Факт Отпуск в сеть за отчётный период ПАО Россети")).replaceAll("\s+", ""): Text of object 'Object Repository/Выполнение бизнес-плана/Выполнение бизнес-плана Балансы/Факт Отпуск в сеть за отчётный период ПАО Россети' is: '515 627 424'

04-12-2024T07:27:50 - [MESSAGE][PASSED] - Text of object 'Object Repository/Выполнение бизнес-плана/Выполнение бизнес-плана Балансы/Факт Отпуск в сеть за отчётный период ПАО Россети' is: '515 627 424'

04-12-2024T07:27:50 - [TEST_STEP][PASSED] - x = x + "/" + z: null

04-12-2024T07:27:50 - [TEST_STEP][PASSED] - z = getText(findTestObject(path + "Факт Отпуск из сети за отчётный период ПАО Россети")).replaceAll("\s+", ""): Text of object 'Object Repository/Выполнение бизнес-плана/Выполнение бизнес-плана Балансы/Факт Отпуск из сети за отчётный период ПАО Россети' is: '475 375 602'

04-12-2024T07:27:50 - [MESSAGE][PASSED] - Text of object 'Object Repository/Выполнение бизнес-плана/Выполнение бизнес-плана Балансы/Факт Отпуск из сети за отчётный период ПАО Россети' is: '475 375 602'

04-12-2024T07:27:50 - [TEST_STEP][PASSED] - x = x + "/" + z: null

04-12-2024T07:27:50 - [TEST_STEP][PASSED] - z = getText(findTestObject(path + "Факт Потери за отчётный период ПАО Россети")).replaceAll("\s+", ""): Text of object 'Object Repository/Выполнение бизнес-плана/Выполнение бизнес-плана Балансы/Факт Потери за отчётный период ПАО Россети' is: '40 251 822'

04-12-2024T07:27:50 - [MESSAGE][PASSED] - Text of object 'Object Repository/Выполнение бизнес-плана/Выполнение бизнес-плана Балансы/Факт Потери за отчётный период ПАО Россети' is: '40 251 822'

04-12-2024T07:27:50 - [TEST_STEP][PASSED] - x = x + "/" + z: null

04-12-2024T07:27:50 - [TEST_STEP][PASSED] - z = getText(findTestObject(path + "План Отпуск в сеть за отчётный период ПАО Россети")).replaceAll("\s+", ""): Text of object 'Object Repository/Выполнение бизнес-плана/Выполнение бизнес-плана Балансы/План Отпуск в сеть за отчётный период ПАО Россети' is: '999 771 369'

04-12-2024T07:27:51 - [MESSAGE][PASSED] - Text of object 'Object Repository/Выполнение бизнес-плана/Выполнение бизнес-плана Балансы/План Отпуск в сеть за отчётный период ПАО Россети' is: '999 771 369'

04-12-2024T07:27:51 - [TEST_STEP][PASSED] - x = x + "/" + z: null

04-12-2024T07:27:51 - [TEST_STEP][PASSED] - z = getText(findTestObject(path + "План Отпуск из сети за отчётный период ПАО Россети")).replaceAll("\s+", ""): Text of object 'Object Repository/Выполнение бизнес-плана/Выполнение бизнес-плана Балансы/План Отпуск из сети за отчётный период ПАО Россети' is: '942 378 723'

04-12-2024T07:27:51 - [MESSAGE][PASSED] - Text of object 'Object Repository/Выполнение бизнес-плана/Выполнение бизнес-плана Балансы/План Отпуск из сети за отчётный период ПАО Россети' is: '942 378 723'

04-12-2024T07:27:51 - [TEST_STEP][PASSED] - x = x + "/" + z: null

04-12-2024T07:27:51 - [TEST_STEP][PASSED] - z = getText(findTestObject(path + "План Потери за отчётный период ПАО Россети")).replaceAll("\s+", ""): Text of object 'Object Repository/Выполнение бизнес-плана/Выполнение бизнес-плана Балансы/План Потери за отчётный период ПАО Россети' is: '57 392 646'

04-12-2024T07:27:51 - [MESSAGE][PASSED] - Text of object 'Object Repository/Выполнение бизнес-плана/Выполнение бизнес-плана Балансы/План Потери за отчётный период ПАО Россети' is: '57 392 646'

04-12-2024T07:27:51 - [TEST_STEP][PASSED] - x = x + "/" + z: null

04-12-2024T07:27:51 - [TEST_STEP][PASSED] - return x: null

04-12-2024T07:27:51 - [TEST_STEP][PASSED] - println("pRB: " + pRB): null

04-12-2024T07:27:51 - [TEST_STEP][PASSED] - VseDZO = getText(findTestObject(path + "Список ДЗО")): Text of object 'Object Repository/Выполнение бизнес-плана/Выполнение бизнес-плана Балансы/Список ДЗО' is: '-0.21
-0.07
3.72
-0.38
-0.73
0.09
0.09
3.84
-0.41
-0.05
-0.01
0.15
-0.11
-0.50
-0.27
-0.45
-0.05
Россети ФСКЕЭС
АО«Тываэнерго»
АО«Чеченэнерго»
РоссетиВолга
РоссетиКубань
РоссетиЛенэнерго(ГК)
РоссетиМосковскийрегион
РоссетиСеверныйКавказ
РоссетиСеверо-Запад
РоссетиСибирь
РоссетиТомск
РоссетиТюмень
Россети Урал(ГК)
РоссетиЦентр (ГК)
РоссетиЦентр иПриволжье(ГК)
Россети Юг(ГК)
РоссетиЯнтарь
-2
0
2
4
6
8'

04-12-2024T07:27:52 - [MESSAGE][PASSED] - Text of object 'Object Repository/Выполнение бизнес-плана/Выполнение бизнес-плана Балансы/Список ДЗО' is: '-0.21
-0.07
3.72
-0.38
-0.73
0.09
0.09
3.84
-0.41
-0.05
-0.01
0.15
-0.11
-0.50
-0.27
-0.45
-0.05
Россети ФСКЕЭС
АО«Тываэнерго»
АО«Чеченэнерго»
РоссетиВолга
РоссетиКубань
РоссетиЛенэнерго(ГК)
РоссетиМосковскийрегион
РоссетиСеверныйКавказ
РоссетиСеверо-Запад
РоссетиСибирь
РоссетиТомск
РоссетиТюмень
Россети Урал(ГК)
РоссетиЦентр (ГК)
РоссетиЦентр иПриволжье(ГК)
Россети Юг(ГК)
РоссетиЯнтарь
-2
0
2
4
6
8'

04-12-2024T07:27:52 - [TEST_STEP][PASSED] - dZONum = 0: null

04-12-2024T07:27:52 - [TEST_STEP][PASSED] - i = VseDZO.indexOf("ЕЭС"): null

04-12-2024T07:27:52 - [TEST_STEP][PASSED] - if (i > -1): null

04-12-2024T07:27:52 - [TEST_STEP][PASSED] - dZONum = dZONum + 1: null

04-12-2024T07:27:52 - [TEST_STEP][PASSED] - fB = GetAllData(path, dZONum, VseDZO, x = "Россети ФСК ЕЭС/"): null

04-12-2024T07:27:52 - [TEST_STEP][PASSED] - ii = <not implemented yet for class: org.codehaus.groovy.ast.expr.EmptyExpression>: null

04-12-2024T07:27:52 - [TEST_STEP][PASSED] - i1 = <not implemented yet for class: org.codehaus.groovy.ast.expr.EmptyExpression>: null

04-12-2024T07:27:52 - [TEST_STEP][PASSED] - z = <not implemented yet for class: org.codehaus.groovy.ast.expr.EmptyExpression>: null

04-12-2024T07:27:52 - [TEST_STEP][PASSED] - path2 = "Значения со страницы Выполнение бизнес-плана/Table Data/": null

04-12-2024T07:27:52 - [TEST_STEP][PASSED] - println("path: " + path): null

04-12-2024T07:27:52 - [TEST_STEP][PASSED] - println("dZONum: " + dZONum): null

04-12-2024T07:27:52 - [TEST_STEP][PASSED] - z = getText(findTestObject(path + "spanPlan" + dZONum)): Text of object 'Object Repository/Выполнение бизнес-плана/Выполнение бизнес-плана Балансы/spanPlan1' is: '3.86
|'

04-12-2024T07:27:52 - [MESSAGE][PASSED] - Text of object 'Object Repository/Выполнение бизнес-плана/Выполнение бизнес-плана Балансы/spanPlan1' is: '3.86
|'

04-12-2024T07:27:52 - [TEST_STEP][PASSED] - println(z): null

04-12-2024T07:27:52 - [TEST_STEP][PASSED] - ii = z.indexOf("|"): null

04-12-2024T07:27:52 - [TEST_STEP][PASSED] - if (ii > -1): null

04-12-2024T07:27:52 - [TEST_STEP][PASSED] - z = z.substring(0, z.length() - 1): null

04-12-2024T07:27:52 - [TEST_STEP][PASSED] - println(z): null

04-12-2024T07:27:52 - [TEST_STEP][PASSED] - z = z.replaceAll("\s+", ""): null

04-12-2024T07:27:52 - [TEST_STEP][PASSED] - z = z.replace("[\r?
|
]", "/"): null

04-12-2024T07:27:52 - [TEST_STEP][PASSED] - println(z): null

04-12-2024T07:27:52 - [TEST_STEP][PASSED] - x = x + z: null

04-12-2024T07:27:52 - [TEST_STEP][PASSED] - z = getText(findTestObject(path + "spanFact" + dZONum)): Text of object 'Object Repository/Выполнение бизнес-плана/Выполнение бизнес-плана Балансы/spanFact1' is: '3.65'

04-12-2024T07:27:52 - [MESSAGE][PASSED] - Text of object 'Object Repository/Выполнение бизнес-плана/Выполнение бизнес-плана Балансы/spanFact1' is: '3.65'

04-12-2024T07:27:52 - [TEST_STEP][PASSED] - ii = z.indexOf("|"): null

04-12-2024T07:27:52 - [TEST_STEP][PASSED] - if (ii > -1): null

04-12-2024T07:27:52 - [TEST_STEP][PASSED] - x = x + "/" + z: null

04-12-2024T07:27:52 - [TEST_STEP][PASSED] - z = getText(findTestObject(path + path2 + "Факт Отпуск в сеть за отчётный период " + dZONum)).replaceAll("\s+", ""): Text of object 'Object Repository/Выполнение бизнес-плана/Выполнение бизнес-плана Балансы/Значения со страницы Выполнение бизнес-плана/Table Data/Факт Отпуск в сеть за отчётный период 1' is: '515 451 879'

04-12-2024T07:27:53 - [MESSAGE][PASSED] - Text of object 'Object Repository/Выполнение бизнес-плана/Выполнение бизнес-плана Балансы/Значения со страницы Выполнение бизнес-плана/Table Data/Факт Отпуск в сеть за отчётный период 1' is: '515 451 879'

04-12-2024T07:27:53 - [TEST_STEP][PASSED] - x = x + "/" + z: null

04-12-2024T07:27:53 - [TEST_STEP][PASSED] - z = getText(findTestObject(path + path2 + "Факт Отпуск из сети за отчётный период " + dZONum)).replaceAll("\s+", ""): Text of object 'Object Repository/Выполнение бизнес-плана/Выполнение бизнес-плана Балансы/Значения со страницы Выполнение бизнес-плана/Table Data/Факт Отпуск из сети за отчётный период 1' is: '497 290 886'

04-12-2024T07:27:53 - [MESSAGE][PASSED] - Text of object 'Object Repository/Выполнение бизнес-плана/Выполнение бизнес-плана Балансы/Значения со страницы Выполнение бизнес-плана/Table Data/Факт Отпуск из сети за отчётный период 1' is: '497 290 886'

04-12-2024T07:27:53 - [TEST_STEP][PASSED] - x = x + "/" + z: null

04-12-2024T07:27:53 - [TEST_STEP][PASSED] - z = getText(findTestObject(path + path2 + "Факт Потери за отчётный период " + dZONum)).replaceAll("\s+", ""): Text of object 'Object Repository/Выполнение бизнес-плана/Выполнение бизнес-плана Балансы/Значения со страницы Выполнение бизнес-плана/Table Data/Факт Потери за отчётный период 1' is: '18 160 993'

04-12-2024T07:27:53 - [MESSAGE][PASSED] - Text of object 'Object Repository/Выполнение бизнес-плана/Выполнение бизнес-плана Балансы/Значения со страницы Выполнение бизнес-плана/Table Data/Факт Потери за отчётный период 1' is: '18 160 993'

04-12-2024T07:27:53 - [TEST_STEP][PASSED] - x = x + "/" + z: null

04-12-2024T07:27:53 - [TEST_STEP][PASSED] - z = getText(findTestObject(path + path2 + "План Отпуск в сеть за отчётный период " + dZONum)).replaceAll("\s+", ""): Text of object 'Object Repository/Выполнение бизнес-плана/Выполнение бизнес-плана Балансы/Значения со страницы Выполнение бизнес-плана/Table Data/План Отпуск в сеть за отчётный период 1' is: '500 569 809'

04-12-2024T07:27:53 - [MESSAGE][PASSED] - Text of object 'Object Repository/Выполнение бизнес-плана/Выполнение бизнес-плана Балансы/Значения со страницы Выполнение бизнес-плана/Table Data/План Отпуск в сеть за отчётный период 1' is: '500 569 809'

04-12-2024T07:27:53 - [TEST_STEP][PASSED] - x = x + "/" + z: null

04-12-2024T07:27:53 - [TEST_STEP][PASSED] - z = getText(findTestObject(path + path2 + "План Отпуск из сети за отчётный период " + dZONum)).replaceAll("\s+", ""): Text of object 'Object Repository/Выполнение бизнес-плана/Выполнение бизнес-плана Балансы/Значения со страницы Выполнение бизнес-плана/Table Data/План Отпуск из сети за отчётный период 1' is: '481 951 765'

04-12-2024T07:27:54 - [MESSAGE][PASSED] - Text of object 'Object Repository/Выполнение бизнес-плана/Выполнение бизнес-плана Балансы/Значения со страницы Выполнение бизнес-плана/Table Data/План Отпуск из сети за отчётный период 1' is: '481 951 765'

04-12-2024T07:27:54 - [TEST_STEP][PASSED] - x = x + "/" + z: null

04-12-2024T07:27:54 - [TEST_STEP][PASSED] - z = getText(findTestObject(path + path2 + "План Потери за отчётный период " + dZONum)).replaceAll("\s+", ""): Text of object 'Object Repository/Выполнение бизнес-плана/Выполнение бизнес-плана Балансы/Значения со страницы Выполнение бизнес-плана/Table Data/План Потери за отчётный период 1' is: '18 618 044'

04-12-2024T07:27:54 - [MESSAGE][PASSED] - Text of object 'Object Repository/Выполнение бизнес-плана/Выполнение бизнес-плана Балансы/Значения со страницы Выполнение бизнес-плана/Table Data/План Потери за отчётный период 1' is: '18 618 044'

04-12-2024T07:27:54 - [TEST_STEP][PASSED] - x = x + "/" + z: null

04-12-2024T07:27:54 - [TEST_STEP][PASSED] - z = getText(findTestObject(path + "Список ДЗО")).replaceAll("[\r?
|
]", "/"): Text of object 'Object Repository/Выполнение бизнес-плана/Выполнение бизнес-плана Балансы/Список ДЗО' is: '-0.21
-0.07
3.72
-0.38
-0.73
0.09
0.09
3.84
-0.41
-0.05
-0.01
0.15
-0.11
-0.50
-0.27
-0.45
-0.05
Россети ФСКЕЭС
АО«Тываэнерго»
АО«Чеченэнерго»
РоссетиВолга
РоссетиКубань
РоссетиЛенэнерго(ГК)
РоссетиМосковскийрегион
РоссетиСеверныйКавказ
РоссетиСеверо-Запад
РоссетиСибирь
РоссетиТомск
РоссетиТюмень
Россети Урал(ГК)
РоссетиЦентр (ГК)
РоссетиЦентр иПриволжье(ГК)
Россети Юг(ГК)
РоссетиЯнтарь
-2
0
2
4
6
8'

04-12-2024T07:27:54 - [MESSAGE][PASSED] - Text of object 'Object Repository/Выполнение бизнес-плана/Выполнение бизнес-плана Балансы/Список ДЗО' is: '-0.21
-0.07
3.72
-0.38
-0.73
0.09
0.09
3.84
-0.41
-0.05
-0.01
0.15
-0.11
-0.50
-0.27
-0.45
-0.05
Россети ФСКЕЭС
АО«Тываэнерго»
АО«Чеченэнерго»
РоссетиВолга
РоссетиКубань
РоссетиЛенэнерго(ГК)
РоссетиМосковскийрегион
РоссетиСеверныйКавказ
РоссетиСеверо-Запад
РоссетиСибирь
РоссетиТомск
РоссетиТюмень
Россети Урал(ГК)
РоссетиЦентр (ГК)
РоссетиЦентр иПриволжье(ГК)
Россети Юг(ГК)
РоссетиЯнтарь
-2
0
2
4
6
8'

04-12-2024T07:27:54 - [TEST_STEP][PASSED] - for ([ii = 1, ii < dZONum, (ii++)]): null

04-12-2024T07:27:54 - [TEST_STEP][PASSED] - i1 = z.indexOf("/"): null

04-12-2024T07:27:54 - [TEST_STEP][PASSED] - if (i1 > -1): null

04-12-2024T07:27:54 - [TEST_STEP][PASSED] - z = z.substring(0, i1): null

04-12-2024T07:27:54 - [TEST_STEP][PASSED] - z = z.replace(",", "."): null

04-12-2024T07:27:54 - [TEST_STEP][PASSED] - println(z): null

04-12-2024T07:27:54 - [TEST_STEP][PASSED] - x = x + "/" + z: null

04-12-2024T07:27:54 - [TEST_STEP][PASSED] - x = x.replaceAll("[\r?
|
]", ""): null

04-12-2024T07:27:54 - [TEST_STEP][PASSED] - println(x): null

04-12-2024T07:27:54 - [TEST_STEP][PASSED] - return x: null

04-12-2024T07:27:54 - [TEST_STEP][PASSED] - println("fB: " + fB): null

04-12-2024T07:27:54 - [TEST_STEP][PASSED] - i = VseDZO.indexOf("Тываэнерго"): null

04-12-2024T07:27:54 - [TEST_STEP][PASSED] - if (i > -1): null

04-12-2024T07:27:54 - [TEST_STEP][PASSED] - dZONum = dZONum + 1: null

04-12-2024T07:27:54 - [TEST_STEP][PASSED] - tyB = GetAllData(path, dZONum, VseDZO, x = "АО "Тываэнерго"/"): null

04-12-2024T07:27:54 - [TEST_STEP][PASSED] - ii = <not implemented yet for class: org.codehaus.groovy.ast.expr.EmptyExpression>: null

04-12-2024T07:27:54 - [TEST_STEP][PASSED] - i1 = <not implemented yet for class: org.codehaus.groovy.ast.expr.EmptyExpression>: null

04-12-2024T07:27:54 - [TEST_STEP][PASSED] - z = <not implemented yet for class: org.codehaus.groovy.ast.expr.EmptyExpression>: null

04-12-2024T07:27:54 - [TEST_STEP][PASSED] - path2 = "Значения со страницы Выполнение бизнес-плана/Table Data/": null

04-12-2024T07:27:54 - [TEST_STEP][PASSED] - println("path: " + path): null

04-12-2024T07:27:54 - [TEST_STEP][PASSED] - println("dZONum: " + dZONum): null

04-12-2024T07:27:54 - [TEST_STEP][PASSED] - z = getText(findTestObject(path + "spanPlan" + dZONum)): Text of object 'Object Repository/Выполнение бизнес-плана/Выполнение бизнес-плана Балансы/spanPlan2' is: '21.24
|'

04-12-2024T07:27:55 - [MESSAGE][PASSED] - Text of object 'Object Repository/Выполнение бизнес-плана/Выполнение бизнес-плана Балансы/spanPlan2' is: '21.24
|'

04-12-2024T07:27:55 - [TEST_STEP][PASSED] - println(z): null

04-12-2024T07:27:55 - [TEST_STEP][PASSED] - ii = z.indexOf("|"): null

04-12-2024T07:27:55 - [TEST_STEP][PASSED] - if (ii > -1): null

04-12-2024T07:27:55 - [TEST_STEP][PASSED] - z = z.substring(0, z.length() - 1): null

04-12-2024T07:27:55 - [TEST_STEP][PASSED] - println(z): null

04-12-2024T07:27:55 - [TEST_STEP][PASSED] - z = z.replaceAll("\s+", ""): null

04-12-2024T07:27:55 - [TEST_STEP][PASSED] - z = z.replace("[\r?
|
]", "/"): null

04-12-2024T07:27:55 - [TEST_STEP][PASSED] - println(z): null

04-12-2024T07:27:55 - [TEST_STEP][PASSED] - x = x + z: null

04-12-2024T07:27:55 - [TEST_STEP][PASSED] - z = getText(findTestObject(path + "spanFact" + dZONum)): Text of object 'Object Repository/Выполнение бизнес-плана/Выполнение бизнес-плана Балансы/spanFact2' is: '21.17'

04-12-2024T07:27:55 - [MESSAGE][PASSED] - Text of object 'Object Repository/Выполнение бизнес-плана/Выполнение бизнес-плана Балансы/spanFact2' is: '21.17'

04-12-2024T07:27:55 - [TEST_STEP][PASSED] - ii = z.indexOf("|"): null

04-12-2024T07:27:55 - [TEST_STEP][PASSED] - if (ii > -1): null

04-12-2024T07:27:55 - [TEST_STEP][PASSED] - x = x + "/" + z: null

04-12-2024T07:27:55 - [TEST_STEP][PASSED] - z = getText(findTestObject(path + path2 + "Факт Отпуск в сеть за отчётный период " + dZONum)).replaceAll("\s+", ""): Text of object 'Object Repository/Выполнение бизнес-плана/Выполнение бизнес-плана Балансы/Значения со страницы Выполнение бизнес-плана/Table Data/Факт Отпуск в сеть за отчётный период 2' is: '642 168'

04-12-2024T07:27:55 - [MESSAGE][PASSED] - Text of object 'Object Repository/Выполнение бизнес-плана/Выполнение бизнес-плана Балансы/Значения со страницы Выполнение бизнес-плана/Table Data/Факт Отпуск в сеть за отчётный период 2' is: '642 168'

04-12-2024T07:27:55 - [TEST_STEP][PASSED] - x = x + "/" + z: null

04-12-2024T07:27:55 - [TEST_STEP][PASSED] - z = getText(findTestObject(path + path2 + "Факт Отпуск из сети за отчётный период " + dZONum)).replaceAll("\s+", ""): Text of object 'Object Repository/Выполнение бизнес-плана/Выполнение бизнес-плана Балансы/Значения со страницы Выполнение бизнес-плана/Table Data/Факт Отпуск из сети за отчётный период 2' is: '506 218'

04-12-2024T07:27:56 - [MESSAGE][PASSED] - Text of object 'Object Repository/Выполнение бизнес-плана/Выполнение бизнес-плана Балансы/Значения со страницы Выполнение бизнес-плана/Table Data/Факт Отпуск из сети за отчётный период 2' is: '506 218'

04-12-2024T07:27:56 - [TEST_STEP][PASSED] - x = x + "/" + z: null

04-12-2024T07:27:56 - [TEST_STEP][PASSED] - z = getText(findTestObject(path + path2 + "Факт Потери за отчётный период " + dZONum)).replaceAll("\s+", ""): Text of object 'Object Repository/Выполнение бизнес-плана/Выполнение бизнес-плана Балансы/Значения со страницы Выполнение бизнес-плана/Table Data/Факт Потери за отчётный период 2' is: '135 950'

04-12-2024T07:27:56 - [MESSAGE][PASSED] - Text of object 'Object Repository/Выполнение бизнес-плана/Выполнение бизнес-плана Балансы/Значения со страницы Выполнение бизнес-плана/Table Data/Факт Потери за отчётный период 2' is: '135 950'

04-12-2024T07:27:56 - [TEST_STEP][PASSED] - x = x + "/" + z: null

04-12-2024T07:27:56 - [TEST_STEP][PASSED] - z = getText(findTestObject(path + path2 + "План Отпуск в сеть за отчётный период " + dZONum)).replaceAll("\s+", ""): Text of object 'Object Repository/Выполнение бизнес-плана/Выполнение бизнес-плана Балансы/Значения со страницы Выполнение бизнес-плана/Table Data/План Отпуск в сеть за отчётный период 2' is: '608 287'

04-12-2024T07:27:56 - [MESSAGE][PASSED] - Text of object 'Object Repository/Выполнение бизнес-плана/Выполнение бизнес-плана Балансы/Значения со страницы Выполнение бизнес-плана/Table Data/План Отпуск в сеть за отчётный период 2' is: '608 287'

04-12-2024T07:27:56 - [TEST_STEP][PASSED] - x = x + "/" + z: null

04-12-2024T07:27:56 - [TEST_STEP][PASSED] - z = getText(findTestObject(path + path2 + "План Отпуск из сети за отчётный период " + dZONum)).replaceAll("\s+", ""): Text of object 'Object Repository/Выполнение бизнес-плана/Выполнение бизнес-плана Балансы/Значения со страницы Выполнение бизнес-плана/Table Data/План Отпуск из сети за отчётный период 2' is: '479 095'

04-12-2024T07:27:56 - [MESSAGE][PASSED] - Text of object 'Object Repository/Выполнение бизнес-плана/Выполнение бизнес-плана Балансы/Значения со страницы Выполнение бизнес-плана/Table Data/План Отпуск из сети за отчётный период 2' is: '479 095'

04-12-2024T07:27:56 - [TEST_STEP][PASSED] - x = x + "/" + z: null

04-12-2024T07:27:56 - [TEST_STEP][PASSED] - z = getText(findTestObject(path + path2 + "План Потери за отчётный период " + dZONum)).replaceAll("\s+", ""): Text of object 'Object Repository/Выполнение бизнес-плана/Выполнение бизнес-плана Балансы/Значения со страницы Выполнение бизнес-плана/Table Data/План Потери за отчётный период 2' is: '129 192'

04-12-2024T07:27:57 - [MESSAGE][PASSED] - Text of object 'Object Repository/Выполнение бизнес-плана/Выполнение бизнес-плана Балансы/Значения со страницы Выполнение бизнес-плана/Table Data/План Потери за отчётный период 2' is: '129 192'

04-12-2024T07:27:57 - [TEST_STEP][PASSED] - x = x + "/" + z: null

04-12-2024T07:27:57 - [TEST_STEP][PASSED] - z = getText(findTestObject(path + "Список ДЗО")).replaceAll("[\r?
|
]", "/"): Text of object 'Object Repository/Выполнение бизнес-плана/Выполнение бизнес-плана Балансы/Список ДЗО' is: '-0.21
-0.07
3.72
-0.38
-0.73
0.09
0.09
3.84
-0.41
-0.05
-0.01
0.15
-0.11
-0.50
-0.27
-0.45
-0.05
Россети ФСКЕЭС
АО«Тываэнерго»
АО«Чеченэнерго»
РоссетиВолга
РоссетиКубань
РоссетиЛенэнерго(ГК)
РоссетиМосковскийрегион
РоссетиСеверныйКавказ
РоссетиСеверо-Запад
РоссетиСибирь
РоссетиТомск
РоссетиТюмень
Россети Урал(ГК)
РоссетиЦентр (ГК)
РоссетиЦентр иПриволжье(ГК)
Россети Юг(ГК)
РоссетиЯнтарь
-2
0
2
4
6
8'

04-12-2024T07:27:57 - [MESSAGE][PASSED] - Text of object 'Object Repository/Выполнение бизнес-плана/Выполнение бизнес-плана Балансы/Список ДЗО' is: '-0.21
-0.07
3.72
-0.38
-0.73
0.09
0.09
3.84
-0.41
-0.05
-0.01
0.15
-0.11
-0.50
-0.27
-0.45
-0.05
Россети ФСКЕЭС
АО«Тываэнерго»
АО«Чеченэнерго»
РоссетиВолга
РоссетиКубань
РоссетиЛенэнерго(ГК)
РоссетиМосковскийрегион
РоссетиСеверныйКавказ
РоссетиСеверо-Запад
РоссетиСибирь
РоссетиТомск
РоссетиТюмень
Россети Урал(ГК)
РоссетиЦентр (ГК)
РоссетиЦентр иПриволжье(ГК)
Россети Юг(ГК)
РоссетиЯнтарь
-2
0
2
4
6
8'

04-12-2024T07:27:57 - [TEST_STEP][PASSED] - for ([ii = 1, ii < dZONum, (ii++)]): null

04-12-2024T07:27:57 - [TEST_STEP][PASSED] - i1 = z.indexOf("/") + 1: null

04-12-2024T07:27:57 - [TEST_STEP][PASSED] - if (i1 > -1): null

04-12-2024T07:27:57 - [TEST_STEP][PASSED] - z = z.substring(i1, z.length()): null

04-12-2024T07:27:57 - [TEST_STEP][PASSED] - i1 = z.indexOf("/"): null

04-12-2024T07:27:57 - [TEST_STEP][PASSED] - i1 = z.indexOf("/"): null

04-12-2024T07:27:57 - [TEST_STEP][PASSED] - if (i1 > -1): null

04-12-2024T07:27:57 - [TEST_STEP][PASSED] - z = z.substring(0, i1): null

04-12-2024T07:27:57 - [TEST_STEP][PASSED] - z = z.replace(",", "."): null

04-12-2024T07:27:57 - [TEST_STEP][PASSED] - println(z): null

04-12-2024T07:27:57 - [TEST_STEP][PASSED] - x = x + "/" + z: null

04-12-2024T07:27:57 - [TEST_STEP][PASSED] - x = x.replaceAll("[\r?
|
]", ""): null

04-12-2024T07:27:57 - [TEST_STEP][PASSED] - println(x): null

04-12-2024T07:27:57 - [TEST_STEP][PASSED] - return x: null

04-12-2024T07:27:57 - [TEST_STEP][PASSED] - println("tyB: " + tyB): null

04-12-2024T07:27:57 - [TEST_STEP][PASSED] - i = VseDZO.indexOf("Чеченэнерго"): null

04-12-2024T07:27:57 - [TEST_STEP][PASSED] - if (i > -1): null

04-12-2024T07:27:57 - [TEST_STEP][PASSED] - dZONum = dZONum + 1: null

04-12-2024T07:27:57 - [TEST_STEP][PASSED] - chB = GetAllData(path, dZONum, VseDZO, x = "АО "Чеченэнерго"/"): null

04-12-2024T07:27:57 - [TEST_STEP][PASSED] - ii = <not implemented yet for class: org.codehaus.groovy.ast.expr.EmptyExpression>: null

04-12-2024T07:27:57 - [TEST_STEP][PASSED] - i1 = <not implemented yet for class: org.codehaus.groovy.ast.expr.EmptyExpression>: null

04-12-2024T07:27:57 - [TEST_STEP][PASSED] - z = <not implemented yet for class: org.codehaus.groovy.ast.expr.EmptyExpression>: null

04-12-2024T07:27:57 - [TEST_STEP][PASSED] - path2 = "Значения со страницы Выполнение бизнес-плана/Table Data/": null

04-12-2024T07:27:57 - [TEST_STEP][PASSED] - println("path: " + path): null

04-12-2024T07:27:57 - [TEST_STEP][PASSED] - println("dZONum: " + dZONum): null

04-12-2024T07:27:57 - [TEST_STEP][PASSED] - z = getText(findTestObject(path + "spanPlan" + dZONum)): Text of object 'Object Repository/Выполнение бизнес-плана/Выполнение бизнес-плана Балансы/spanPlan3' is: '32.87'

04-12-2024T07:27:57 - [MESSAGE][PASSED] - Text of object 'Object Repository/Выполнение бизнес-плана/Выполнение бизнес-плана Балансы/spanPlan3' is: '32.87'

04-12-2024T07:27:57 - [TEST_STEP][PASSED] - println(z): null

04-12-2024T07:27:57 - [TEST_STEP][PASSED] - ii = z.indexOf("|"): null

04-12-2024T07:27:57 - [TEST_STEP][PASSED] - if (ii > -1): null

04-12-2024T07:27:57 - [TEST_STEP][PASSED] - z = z.replaceAll("\s+", ""): null

04-12-2024T07:27:57 - [TEST_STEP][PASSED] - z = z.replace("[\r?
|
]", "/"): null

04-12-2024T07:27:57 - [TEST_STEP][PASSED] - println(z): null

04-12-2024T07:27:57 - [TEST_STEP][PASSED] - x = x + z: null

04-12-2024T07:27:57 - [TEST_STEP][PASSED] - z = getText(findTestObject(path + "spanFact" + dZONum)): Text of object 'Object Repository/Выполнение бизнес-плана/Выполнение бизнес-плана Балансы/spanFact3' is: '36.59
|'

04-12-2024T07:27:58 - [MESSAGE][PASSED] - Text of object 'Object Repository/Выполнение бизнес-плана/Выполнение бизнес-плана Балансы/spanFact3' is: '36.59
|'

04-12-2024T07:27:58 - [TEST_STEP][PASSED] - ii = z.indexOf("|"): null

04-12-2024T07:27:58 - [TEST_STEP][PASSED] - if (ii > -1): null

04-12-2024T07:27:58 - [TEST_STEP][PASSED] - z = length() - 1).replace("[\r?
|
]", "/"): null

04-12-2024T07:27:58 - [TEST_STEP][PASSED] - x = x + "/" + z: null

04-12-2024T07:27:58 - [TEST_STEP][PASSED] - z = getText(findTestObject(path + path2 + "Факт Отпуск в сеть за отчётный период " + dZONum)).replaceAll("\s+", ""): Text of object 'Object Repository/Выполнение бизнес-плана/Выполнение бизнес-плана Балансы/Значения со страницы Выполнение бизнес-плана/Table Data/Факт Отпуск в сеть за отчётный период 3' is: '3 034 612'

04-12-2024T07:27:58 - [MESSAGE][PASSED] - Text of object 'Object Repository/Выполнение бизнес-плана/Выполнение бизнес-плана Балансы/Значения со страницы Выполнение бизнес-плана/Table Data/Факт Отпуск в сеть за отчётный период 3' is: '3 034 612'

04-12-2024T07:27:58 - [TEST_STEP][PASSED] - x = x + "/" + z: null

04-12-2024T07:27:58 - [TEST_STEP][PASSED] - z = getText(findTestObject(path + path2 + "Факт Отпуск из сети за отчётный период " + dZONum)).replaceAll("\s+", ""): Text of object 'Object Repository/Выполнение бизнес-плана/Выполнение бизнес-плана Балансы/Значения со страницы Выполнение бизнес-плана/Table Data/Факт Отпуск из сети за отчётный период 3' is: '1 924 288'

04-12-2024T07:27:58 - [MESSAGE][PASSED] - Text of object 'Object Repository/Выполнение бизнес-плана/Выполнение бизнес-плана Балансы/Значения со страницы Выполнение бизнес-плана/Table Data/Факт Отпуск из сети за отчётный период 3' is: '1 924 288'

04-12-2024T07:27:58 - [TEST_STEP][PASSED] - x = x + "/" + z: null

04-12-2024T07:27:58 - [TEST_STEP][PASSED] - z = getText(findTestObject(path + path2 + "Факт Потери за отчётный период " + dZONum)).replaceAll("\s+", ""): Text of object 'Object Repository/Выполнение бизнес-плана/Выполнение бизнес-плана Балансы/Значения со страницы Выполнение бизнес-плана/Table Data/Факт Потери за отчётный период 3' is: '1 110 325'

04-12-2024T07:27:59 - [MESSAGE][PASSED] - Text of object 'Object Repository/Выполнение бизнес-плана/Выполнение бизнес-плана Балансы/Значения со страницы Выполнение бизнес-плана/Table Data/Факт Потери за отчётный период 3' is: '1 110 325'

04-12-2024T07:27:59 - [TEST_STEP][PASSED] - x = x + "/" + z: null

04-12-2024T07:27:59 - [TEST_STEP][PASSED] - z = getText(findTestObject(path + path2 + "План Отпуск в сеть за отчётный период " + dZONum)).replaceAll("\s+", ""): Text of object 'Object Repository/Выполнение бизнес-плана/Выполнение бизнес-плана Балансы/Значения со страницы Выполнение бизнес-плана/Table Data/План Отпуск в сеть за отчётный период 3' is: '2 822 152'

04-12-2024T07:27:59 - [MESSAGE][PASSED] - Text of object 'Object Repository/Выполнение бизнес-плана/Выполнение бизнес-плана Балансы/Значения со страницы Выполнение бизнес-плана/Table Data/План Отпуск в сеть за отчётный период 3' is: '2 822 152'

04-12-2024T07:27:59 - [TEST_STEP][PASSED] - x = x + "/" + z: null

04-12-2024T07:27:59 - [TEST_STEP][PASSED] - z = getText(findTestObject(path + path2 + "План Отпуск из сети за отчётный период " + dZONum)).replaceAll("\s+", ""): Text of object 'Object Repository/Выполнение бизнес-плана/Выполнение бизнес-плана Балансы/Значения со страницы Выполнение бизнес-плана/Table Data/План Отпуск из сети за отчётный период 3' is: '1 894 447'

04-12-2024T07:27:59 - [MESSAGE][PASSED] - Text of object 'Object Repository/Выполнение бизнес-плана/Выполнение бизнес-плана Балансы/Значения со страницы Выполнение бизнес-плана/Table Data/План Отпуск из сети за отчётный период 3' is: '1 894 447'

04-12-2024T07:27:59 - [TEST_STEP][PASSED] - x = x + "/" + z: null

04-12-2024T07:27:59 - [TEST_STEP][PASSED] - z = getText(findTestObject(path + path2 + "План Потери за отчётный период " + dZONum)).replaceAll("\s+", ""): Text of object 'Object Repository/Выполнение бизнес-плана/Выполнение бизнес-плана Балансы/Значения со страницы Выполнение бизнес-плана/Table Data/План Потери за отчётный период 3' is: '927 705'

04-12-2024T07:27:59 - [MESSAGE][PASSED] - Text of object 'Object Repository/Выполнение бизнес-плана/Выполнение бизнес-плана Балансы/Значения со страницы Выполнение бизнес-плана/Table Data/План Потери за отчётный период 3' is: '927 705'

04-12-2024T07:27:59 - [TEST_STEP][PASSED] - x = x + "/" + z: null

04-12-2024T07:27:59 - [TEST_STEP][PASSED] - z = getText(findTestObject(path + "Список ДЗО")).replaceAll("[\r?
|
]", "/"): Text of object 'Object Repository/Выполнение бизнес-плана/Выполнение бизнес-плана Балансы/Список ДЗО' is: '-0.21
-0.07
3.72
-0.38
-0.73
0.09
0.09
3.84
-0.41
-0.05
-0.01
0.15
-0.11
-0.50
-0.27
-0.45
-0.05
Россети ФСКЕЭС
АО«Тываэнерго»
АО«Чеченэнерго»
РоссетиВолга
РоссетиКубань
РоссетиЛенэнерго(ГК)
РоссетиМосковскийрегион
РоссетиСеверныйКавказ
РоссетиСеверо-Запад
РоссетиСибирь
РоссетиТомск
РоссетиТюмень
Россети Урал(ГК)
РоссетиЦентр (ГК)
РоссетиЦентр иПриволжье(ГК)
Россети Юг(ГК)
РоссетиЯнтарь
-2
0
2
4
6
8'

04-12-2024T07:28:00 - [MESSAGE][PASSED] - Text of object 'Object Repository/Выполнение бизнес-плана/Выполнение бизнес-плана Балансы/Список ДЗО' is: '-0.21
-0.07
3.72
-0.38
-0.73
0.09
0.09
3.84
-0.41
-0.05
-0.01
0.15
-0.11
-0.50
-0.27
-0.45
-0.05
Россети ФСКЕЭС
АО«Тываэнерго»
АО«Чеченэнерго»
РоссетиВолга
РоссетиКубань
РоссетиЛенэнерго(ГК)
РоссетиМосковскийрегион
РоссетиСеверныйКавказ
РоссетиСеверо-Запад
РоссетиСибирь
РоссетиТомск
РоссетиТюмень
Россети Урал(ГК)
РоссетиЦентр (ГК)
РоссетиЦентр иПриволжье(ГК)
Россети Юг(ГК)
РоссетиЯнтарь
-2
0
2
4
6
8'

04-12-2024T07:28:00 - [TEST_STEP][PASSED] - for ([ii = 1, ii < dZONum, (ii++)]): null

04-12-2024T07:28:00 - [TEST_STEP][PASSED] - i1 = z.indexOf("/") + 1: null

04-12-2024T07:28:00 - [TEST_STEP][PASSED] - if (i1 > -1): null

04-12-2024T07:28:00 - [TEST_STEP][PASSED] - z = z.substring(i1, z.length()): null

04-12-2024T07:28:00 - [TEST_STEP][PASSED] - i1 = z.indexOf("/"): null

04-12-2024T07:28:00 - [TEST_STEP][PASSED] - i1 = z.indexOf("/") + 1: null

04-12-2024T07:28:00 - [TEST_STEP][PASSED] - if (i1 > -1): null

04-12-2024T07:28:00 - [TEST_STEP][PASSED] - z = z.substring(i1, z.length()): null

04-12-2024T07:28:00 - [TEST_STEP][PASSED] - i1 = z.indexOf("/"): null

04-12-2024T07:28:00 - [TEST_STEP][PASSED] - i1 = z.indexOf("/"): null

04-12-2024T07:28:00 - [TEST_STEP][PASSED] - if (i1 > -1): null

04-12-2024T07:28:00 - [TEST_STEP][PASSED] - z = z.substring(0, i1): null

04-12-2024T07:28:00 - [TEST_STEP][PASSED] - z = z.replace(",", "."): null

04-12-2024T07:28:00 - [TEST_STEP][PASSED] - println(z): null

04-12-2024T07:28:00 - [TEST_STEP][PASSED] - x = x + "/" + z: null

04-12-2024T07:28:00 - [TEST_STEP][PASSED] - x = x.replaceAll("[\r?
|
]", ""): null

04-12-2024T07:28:00 - [TEST_STEP][PASSED] - println(x): null

04-12-2024T07:28:00 - [TEST_STEP][PASSED] - return x: null

04-12-2024T07:28:00 - [TEST_STEP][PASSED] - println("chB: " + chB): null

04-12-2024T07:28:00 - [TEST_STEP][PASSED] - i = VseDZO.indexOf("Волга"): null

04-12-2024T07:28:00 - [TEST_STEP][PASSED] - if (i > -1): null

04-12-2024T07:28:00 - [TEST_STEP][PASSED] - dZONum = dZONum + 1: null

04-12-2024T07:28:00 - [TEST_STEP][PASSED] - vB = GetAllData(path, dZONum, VseDZO, x = "Россети Волга/"): null

04-12-2024T07:28:00 - [TEST_STEP][PASSED] - ii = <not implemented yet for class: org.codehaus.groovy.ast.expr.EmptyExpression>: null

04-12-2024T07:28:00 - [TEST_STEP][PASSED] - i1 = <not implemented yet for class: org.codehaus.groovy.ast.expr.EmptyExpression>: null

04-12-2024T07:28:00 - [TEST_STEP][PASSED] - z = <not implemented yet for class: org.codehaus.groovy.ast.expr.EmptyExpression>: null

04-12-2024T07:28:00 - [TEST_STEP][PASSED] - path2 = "Значения со страницы Выполнение бизнес-плана/Table Data/": null

04-12-2024T07:28:00 - [TEST_STEP][PASSED] - println("path: " + path): null

04-12-2024T07:28:00 - [TEST_STEP][PASSED] - println("dZONum: " + dZONum): null

04-12-2024T07:28:00 - [TEST_STEP][PASSED] - z = getText(findTestObject(path + "spanPlan" + dZONum)): Text of object 'Object Repository/Выполнение бизнес-плана/Выполнение бизнес-плана Балансы/spanPlan4' is: '5.43
|'

04-12-2024T07:28:00 - [MESSAGE][PASSED] - Text of object 'Object Repository/Выполнение бизнес-плана/Выполнение бизнес-плана Балансы/spanPlan4' is: '5.43
|'

04-12-2024T07:28:00 - [TEST_STEP][PASSED] - println(z): null

04-12-2024T07:28:00 - [TEST_STEP][PASSED] - ii = z.indexOf("|"): null

04-12-2024T07:28:00 - [TEST_STEP][PASSED] - if (ii > -1): null

04-12-2024T07:28:00 - [TEST_STEP][PASSED] - z = z.substring(0, z.length() - 1): null

04-12-2024T07:28:00 - [TEST_STEP][PASSED] - println(z): null

04-12-2024T07:28:00 - [TEST_STEP][PASSED] - z = z.replaceAll("\s+", ""): null

04-12-2024T07:28:00 - [TEST_STEP][PASSED] - z = z.replace("[\r?
|
]", "/"): null

04-12-2024T07:28:00 - [TEST_STEP][PASSED] - println(z): null

04-12-2024T07:28:00 - [TEST_STEP][PASSED] - x = x + z: null

04-12-2024T07:28:00 - [TEST_STEP][PASSED] - z = getText(findTestObject(path + "spanFact" + dZONum)): Text of object 'Object Repository/Выполнение бизнес-плана/Выполнение бизнес-плана Балансы/spanFact4' is: '5.05'

04-12-2024T07:28:00 - [MESSAGE][PASSED] - Text of object 'Object Repository/Выполнение бизнес-плана/Выполнение бизнес-плана Балансы/spanFact4' is: '5.05'

04-12-2024T07:28:00 - [TEST_STEP][PASSED] - ii = z.indexOf("|"): null

04-12-2024T07:28:00 - [TEST_STEP][PASSED] - if (ii > -1): null

04-12-2024T07:28:00 - [TEST_STEP][PASSED] - x = x + "/" + z: null

04-12-2024T07:28:00 - [TEST_STEP][PASSED] - z = getText(findTestObject(path + path2 + "Факт Отпуск в сеть за отчётный период " + dZONum)).replaceAll("\s+", ""): Text of object 'Object Repository/Выполнение бизнес-плана/Выполнение бизнес-плана Балансы/Значения со страницы Выполнение бизнес-плана/Table Data/Факт Отпуск в сеть за отчётный период 4' is: '44 218 047'

04-12-2024T07:28:01 - [MESSAGE][PASSED] - Text of object 'Object Repository/Выполнение бизнес-плана/Выполнение бизнес-плана Балансы/Значения со страницы Выполнение бизнес-плана/Table Data/Факт Отпуск в сеть за отчётный период 4' is: '44 218 047'

04-12-2024T07:28:01 - [TEST_STEP][PASSED] - x = x + "/" + z: null

04-12-2024T07:28:01 - [TEST_STEP][PASSED] - z = getText(findTestObject(path + path2 + "Факт Отпуск из сети за отчётный период " + dZONum)).replaceAll("\s+", ""): Text of object 'Object Repository/Выполнение бизнес-плана/Выполнение бизнес-плана Балансы/Значения со страницы Выполнение бизнес-плана/Table Data/Факт Отпуск из сети за отчётный период 4' is: '41 984 455'

04-12-2024T07:28:01 - [MESSAGE][PASSED] - Text of object 'Object Repository/Выполнение бизнес-плана/Выполнение бизнес-плана Балансы/Значения со страницы Выполнение бизнес-плана/Table Data/Факт Отпуск из сети за отчётный период 4' is: '41 984 455'

04-12-2024T07:28:01 - [TEST_STEP][PASSED] - x = x + "/" + z: null

04-12-2024T07:28:01 - [TEST_STEP][PASSED] - z = getText(findTestObject(path + path2 + "Факт Потери за отчётный период " + dZONum)).replaceAll("\s+", ""): Text of object 'Object Repository/Выполнение бизнес-плана/Выполнение бизнес-плана Балансы/Значения со страницы Выполнение бизнес-плана/Table Data/Факт Потери за отчётный период 4' is: '2 233 593'

04-12-2024T07:28:01 - [MESSAGE][PASSED] - Text of object 'Object Repository/Выполнение бизнес-плана/Выполнение бизнес-плана Балансы/Значения со страницы Выполнение бизнес-плана/Table Data/Факт Потери за отчётный период 4' is: '2 233 593'

04-12-2024T07:28:01 - [TEST_STEP][PASSED] - x = x + "/" + z: null

04-12-2024T07:28:01 - [TEST_STEP][PASSED] - z = getText(findTestObject(path + path2 + "План Отпуск в сеть за отчётный период " + dZONum)).replaceAll("\s+", ""): Text of object 'Object Repository/Выполнение бизнес-плана/Выполнение бизнес-плана Балансы/Значения со страницы Выполнение бизнес-плана/Table Data/План Отпуск в сеть за отчётный период 4' is: '43 718 080'

04-12-2024T07:28:02 - [MESSAGE][PASSED] - Text of object 'Object Repository/Выполнение бизнес-плана/Выполнение бизнес-плана Балансы/Значения со страницы Выполнение бизнес-плана/Table Data/План Отпуск в сеть за отчётный период 4' is: '43 718 080'

04-12-2024T07:28:02 - [TEST_STEP][PASSED] - x = x + "/" + z: null

04-12-2024T07:28:02 - [TEST_STEP][PASSED] - z = getText(findTestObject(path + path2 + "План Отпуск из сети за отчётный период " + dZONum)).replaceAll("\s+", ""): Text of object 'Object Repository/Выполнение бизнес-плана/Выполнение бизнес-плана Балансы/Значения со страницы Выполнение бизнес-плана/Table Data/План Отпуск из сети за отчётный период 4' is: '41 326 865'

04-12-2024T07:28:02 - [MESSAGE][PASSED] - Text of object 'Object Repository/Выполнение бизнес-плана/Выполнение бизнес-плана Балансы/Значения со страницы Выполнение бизнес-плана/Table Data/План Отпуск из сети за отчётный период 4' is: '41 326 865'

04-12-2024T07:28:02 - [TEST_STEP][PASSED] - x = x + "/" + z: null

04-12-2024T07:28:02 - [TEST_STEP][PASSED] - z = getText(findTestObject(path + path2 + "План Потери за отчётный период " + dZONum)).replaceAll("\s+", ""): Text of object 'Object Repository/Выполнение бизнес-плана/Выполнение бизнес-плана Балансы/Значения со страницы Выполнение бизнес-плана/Table Data/План Потери за отчётный период 4' is: '2 391 215'

04-12-2024T07:28:02 - [MESSAGE][PASSED] - Text of object 'Object Repository/Выполнение бизнес-плана/Выполнение бизнес-плана Балансы/Значения со страницы Выполнение бизнес-плана/Table Data/План Потери за отчётный период 4' is: '2 391 215'

04-12-2024T07:28:02 - [TEST_STEP][PASSED] - x = x + "/" + z: null

04-12-2024T07:28:02 - [TEST_STEP][PASSED] - z = getText(findTestObject(path + "Список ДЗО")).replaceAll("[\r?
|
]", "/"): Text of object 'Object Repository/Выполнение бизнес-плана/Выполнение бизнес-плана Балансы/Список ДЗО' is: '-0.21
-0.07
3.72
-0.38
-0.73
0.09
0.09
3.84
-0.41
-0.05
-0.01
0.15
-0.11
-0.50
-0.27
-0.45
-0.05
Россети ФСКЕЭС
АО«Тываэнерго»
АО«Чеченэнерго»
РоссетиВолга
РоссетиКубань
РоссетиЛенэнерго(ГК)
РоссетиМосковскийрегион
РоссетиСеверныйКавказ
РоссетиСеверо-Запад
РоссетиСибирь
РоссетиТомск
РоссетиТюмень
Россети Урал(ГК)
РоссетиЦентр (ГК)
РоссетиЦентр иПриволжье(ГК)
Россети Юг(ГК)
РоссетиЯнтарь
-2
0
2
4
6
8'

04-12-2024T07:28:03 - [MESSAGE][PASSED] - Text of object 'Object Repository/Выполнение бизнес-плана/Выполнение бизнес-плана Балансы/Список ДЗО' is: '-0.21
-0.07
3.72
-0.38
-0.73
0.09
0.09
3.84
-0.41
-0.05
-0.01
0.15
-0.11
-0.50
-0.27
-0.45
-0.05
Россети ФСКЕЭС
АО«Тываэнерго»
АО«Чеченэнерго»
РоссетиВолга
РоссетиКубань
РоссетиЛенэнерго(ГК)
РоссетиМосковскийрегион
РоссетиСеверныйКавказ
РоссетиСеверо-Запад
РоссетиСибирь
РоссетиТомск
РоссетиТюмень
Россети Урал(ГК)
РоссетиЦентр (ГК)
РоссетиЦентр иПриволжье(ГК)
Россети Юг(ГК)
РоссетиЯнтарь
-2
0
2
4
6
8'

04-12-2024T07:28:03 - [TEST_STEP][PASSED] - for ([ii = 1, ii < dZONum, (ii++)]): null

04-12-2024T07:28:03 - [TEST_STEP][PASSED] - i1 = z.indexOf("/") + 1: null

04-12-2024T07:28:03 - [TEST_STEP][PASSED] - if (i1 > -1): null

04-12-2024T07:28:03 - [TEST_STEP][PASSED] - z = z.substring(i1, z.length()): null

04-12-2024T07:28:03 - [TEST_STEP][PASSED] - i1 = z.indexOf("/"): null

04-12-2024T07:28:03 - [TEST_STEP][PASSED] - i1 = z.indexOf("/") + 1: null

04-12-2024T07:28:03 - [TEST_STEP][PASSED] - if (i1 > -1): null

04-12-2024T07:28:03 - [TEST_STEP][PASSED] - z = z.substring(i1, z.length()): null

04-12-2024T07:28:03 - [TEST_STEP][PASSED] - i1 = z.indexOf("/"): null

04-12-2024T07:28:03 - [TEST_STEP][PASSED] - i1 = z.indexOf("/") + 1: null

04-12-2024T07:28:03 - [TEST_STEP][PASSED] - if (i1 > -1): null

04-12-2024T07:28:03 - [TEST_STEP][PASSED] - z = z.substring(i1, z.length()): null

04-12-2024T07:28:03 - [TEST_STEP][PASSED] - i1 = z.indexOf("/"): null

04-12-2024T07:28:03 - [TEST_STEP][PASSED] - i1 = z.indexOf("/"): null

04-12-2024T07:28:03 - [TEST_STEP][PASSED] - if (i1 > -1): null

04-12-2024T07:28:03 - [TEST_STEP][PASSED] - z = z.substring(0, i1): null

04-12-2024T07:28:03 - [TEST_STEP][PASSED] - z = z.replace(",", "."): null

04-12-2024T07:28:03 - [TEST_STEP][PASSED] - println(z): null

04-12-2024T07:28:03 - [TEST_STEP][PASSED] - x = x + "/" + z: null

04-12-2024T07:28:03 - [TEST_STEP][PASSED] - x = x.replaceAll("[\r?
|
]", ""): null

04-12-2024T07:28:03 - [TEST_STEP][PASSED] - println(x): null

04-12-2024T07:28:03 - [TEST_STEP][PASSED] - return x: null

04-12-2024T07:28:03 - [TEST_STEP][PASSED] - println("vB: " + vB): null

04-12-2024T07:28:03 - [TEST_STEP][PASSED] - i = VseDZO.indexOf("Кубань"): null

04-12-2024T07:28:03 - [TEST_STEP][PASSED] - if (i > -1): null

04-12-2024T07:28:03 - [TEST_STEP][PASSED] - dZONum = dZONum + 1: null

04-12-2024T07:28:03 - [TEST_STEP][PASSED] - kB = GetAllData(path, dZONum, VseDZO, x = "Россети Кубань/"): null

04-12-2024T07:28:03 - [TEST_STEP][PASSED] - ii = <not implemented yet for class: org.codehaus.groovy.ast.expr.EmptyExpression>: null

04-12-2024T07:28:03 - [TEST_STEP][PASSED] - i1 = <not implemented yet for class: org.codehaus.groovy.ast.expr.EmptyExpression>: null

04-12-2024T07:28:03 - [TEST_STEP][PASSED] - z = <not implemented yet for class: org.codehaus.groovy.ast.expr.EmptyExpression>: null

04-12-2024T07:28:03 - [TEST_STEP][PASSED] - path2 = "Значения со страницы Выполнение бизнес-плана/Table Data/": null

04-12-2024T07:28:03 - [TEST_STEP][PASSED] - println("path: " + path): null

04-12-2024T07:28:03 - [TEST_STEP][PASSED] - println("dZONum: " + dZONum): null

04-12-2024T07:28:03 - [TEST_STEP][PASSED] - z = getText(findTestObject(path + "spanPlan" + dZONum)): Text of object 'Object Repository/Выполнение бизнес-плана/Выполнение бизнес-плана Балансы/spanPlan5' is: '9.19
|'

04-12-2024T07:28:03 - [MESSAGE][PASSED] - Text of object 'Object Repository/Выполнение бизнес-плана/Выполнение бизнес-плана Балансы/spanPlan5' is: '9.19
|'

04-12-2024T07:28:03 - [TEST_STEP][PASSED] - println(z): null

04-12-2024T07:28:03 - [TEST_STEP][PASSED] - ii = z.indexOf("|"): null

04-12-2024T07:28:03 - [TEST_STEP][PASSED] - if (ii > -1): null

04-12-2024T07:28:03 - [TEST_STEP][PASSED] - z = z.substring(0, z.length() - 1): null

04-12-2024T07:28:03 - [TEST_STEP][PASSED] - println(z): null

04-12-2024T07:28:03 - [TEST_STEP][PASSED] - z = z.replaceAll("\s+", ""): null

04-12-2024T07:28:03 - [TEST_STEP][PASSED] - z = z.replace("[\r?
|
]", "/"): null

04-12-2024T07:28:03 - [TEST_STEP][PASSED] - println(z): null

04-12-2024T07:28:03 - [TEST_STEP][PASSED] - x = x + z: null

04-12-2024T07:28:03 - [TEST_STEP][PASSED] - z = getText(findTestObject(path + "spanFact" + dZONum)): Text of object 'Object Repository/Выполнение бизнес-плана/Выполнение бизнес-плана Балансы/spanFact5' is: '8.46'

04-12-2024T07:28:03 - [MESSAGE][PASSED] - Text of object 'Object Repository/Выполнение бизнес-плана/Выполнение бизнес-плана Балансы/spanFact5' is: '8.46'

04-12-2024T07:28:03 - [TEST_STEP][PASSED] - ii = z.indexOf("|"): null

04-12-2024T07:28:03 - [TEST_STEP][PASSED] - if (ii > -1): null

04-12-2024T07:28:03 - [TEST_STEP][PASSED] - x = x + "/" + z: null

04-12-2024T07:28:03 - [TEST_STEP][PASSED] - z = getText(findTestObject(path + path2 + "Факт Отпуск в сеть за отчётный период " + dZONum)).replaceAll("\s+", ""): Text of object 'Object Repository/Выполнение бизнес-плана/Выполнение бизнес-плана Балансы/Значения со страницы Выполнение бизнес-плана/Table Data/Факт Отпуск в сеть за отчётный период 5' is: '23 489 307'

04-12-2024T07:28:03 - [MESSAGE][PASSED] - Text of object 'Object Repository/Выполнение бизнес-плана/Выполнение бизнес-плана Балансы/Значения со страницы Выполнение бизнес-плана/Table Data/Факт Отпуск в сеть за отчётный период 5' is: '23 489 307'

04-12-2024T07:28:03 - [TEST_STEP][PASSED] - x = x + "/" + z: null

04-12-2024T07:28:03 - [TEST_STEP][PASSED] - z = getText(findTestObject(path + path2 + "Факт Отпуск из сети за отчётный период " + dZONum)).replaceAll("\s+", ""): Text of object 'Object Repository/Выполнение бизнес-плана/Выполнение бизнес-плана Балансы/Значения со страницы Выполнение бизнес-плана/Table Data/Факт Отпуск из сети за отчётный период 5' is: '21 501 911'

04-12-2024T07:28:04 - [MESSAGE][PASSED] - Text of object 'Object Repository/Выполнение бизнес-плана/Выполнение бизнес-плана Балансы/Значения со страницы Выполнение бизнес-плана/Table Data/Факт Отпуск из сети за отчётный период 5' is: '21 501 911'

04-12-2024T07:28:04 - [TEST_STEP][PASSED] - x = x + "/" + z: null

04-12-2024T07:28:04 - [TEST_STEP][PASSED] - z = getText(findTestObject(path + path2 + "Факт Потери за отчётный период " + dZONum)).replaceAll("\s+", ""): Text of object 'Object Repository/Выполнение бизнес-плана/Выполнение бизнес-плана Балансы/Значения со страницы Выполнение бизнес-плана/Table Data/Факт Потери за отчётный период 5' is: '1 987 396'

04-12-2024T07:28:04 - [MESSAGE][PASSED] - Text of object 'Object Repository/Выполнение бизнес-плана/Выполнение бизнес-плана Балансы/Значения со страницы Выполнение бизнес-плана/Table Data/Факт Потери за отчётный период 5' is: '1 987 396'

04-12-2024T07:28:04 - [TEST_STEP][PASSED] - x = x + "/" + z: null

04-12-2024T07:28:04 - [TEST_STEP][PASSED] - z = getText(findTestObject(path + path2 + "План Отпуск в сеть за отчётный период " + dZONum)).replaceAll("\s+", ""): Text of object 'Object Repository/Выполнение бизнес-плана/Выполнение бизнес-плана Балансы/Значения со страницы Выполнение бизнес-плана/Table Data/План Отпуск в сеть за отчётный период 5' is: '22 568 383'

04-12-2024T07:28:04 - [MESSAGE][PASSED] - Text of object 'Object Repository/Выполнение бизнес-плана/Выполнение бизнес-плана Балансы/Значения со страницы Выполнение бизнес-плана/Table Data/План Отпуск в сеть за отчётный период 5' is: '22 568 383'

04-12-2024T07:28:04 - [TEST_STEP][PASSED] - x = x + "/" + z: null

04-12-2024T07:28:04 - [TEST_STEP][PASSED] - z = getText(findTestObject(path + path2 + "План Отпуск из сети за отчётный период " + dZONum)).replaceAll("\s+", ""): Text of object 'Object Repository/Выполнение бизнес-плана/Выполнение бизнес-плана Балансы/Значения со страницы Выполнение бизнес-плана/Table Data/План Отпуск из сети за отчётный период 5' is: '20 493 323'

04-12-2024T07:28:05 - [MESSAGE][PASSED] - Text of object 'Object Repository/Выполнение бизнес-плана/Выполнение бизнес-плана Балансы/Значения со страницы Выполнение бизнес-плана/Table Data/План Отпуск из сети за отчётный период 5' is: '20 493 323'

04-12-2024T07:28:05 - [TEST_STEP][PASSED] - x = x + "/" + z: null

04-12-2024T07:28:05 - [TEST_STEP][PASSED] - z = getText(findTestObject(path + path2 + "План Потери за отчётный период " + dZONum)).replaceAll("\s+", ""): Text of object 'Object Repository/Выполнение бизнес-плана/Выполнение бизнес-плана Балансы/Значения со страницы Выполнение бизнес-плана/Table Data/План Потери за отчётный период 5' is: '2 075 060'

04-12-2024T07:28:05 - [MESSAGE][PASSED] - Text of object 'Object Repository/Выполнение бизнес-плана/Выполнение бизнес-плана Балансы/Значения со страницы Выполнение бизнес-плана/Table Data/План Потери за отчётный период 5' is: '2 075 060'

04-12-2024T07:28:05 - [TEST_STEP][PASSED] - x = x + "/" + z: null

04-12-2024T07:28:05 - [TEST_STEP][PASSED] - z = getText(findTestObject(path + "Список ДЗО")).replaceAll("[\r?
|
]", "/"): Text of object 'Object Repository/Выполнение бизнес-плана/Выполнение бизнес-плана Балансы/Список ДЗО' is: '-0.21
-0.07
3.72
-0.38
-0.73
0.09
0.09
3.84
-0.41
-0.05
-0.01
0.15
-0.11
-0.50
-0.27
-0.45
-0.05
Россети ФСКЕЭС
АО«Тываэнерго»
АО«Чеченэнерго»
РоссетиВолга
РоссетиКубань
РоссетиЛенэнерго(ГК)
РоссетиМосковскийрегион
РоссетиСеверныйКавказ
РоссетиСеверо-Запад
РоссетиСибирь
РоссетиТомск
РоссетиТюмень
Россети Урал(ГК)
РоссетиЦентр (ГК)
РоссетиЦентр иПриволжье(ГК)
Россети Юг(ГК)
РоссетиЯнтарь
-2
0
2
4
6
8'

04-12-2024T07:28:05 - [MESSAGE][PASSED] - Text of object 'Object Repository/Выполнение бизнес-плана/Выполнение бизнес-плана Балансы/Список ДЗО' is: '-0.21
-0.07
3.72
-0.38
-0.73
0.09
0.09
3.84
-0.41
-0.05
-0.01
0.15
-0.11
-0.50
-0.27
-0.45
-0.05
Россети ФСКЕЭС
АО«Тываэнерго»
АО«Чеченэнерго»
РоссетиВолга
РоссетиКубань
РоссетиЛенэнерго(ГК)
РоссетиМосковскийрегион
РоссетиСеверныйКавказ
РоссетиСеверо-Запад
РоссетиСибирь
РоссетиТомск
РоссетиТюмень
Россети Урал(ГК)
РоссетиЦентр (ГК)
РоссетиЦентр иПриволжье(ГК)
Россети Юг(ГК)
РоссетиЯнтарь
-2
0
2
4
6
8'

04-12-2024T07:28:05 - [TEST_STEP][PASSED] - for ([ii = 1, ii < dZONum, (ii++)]): null

04-12-2024T07:28:05 - [TEST_STEP][PASSED] - i1 = z.indexOf("/") + 1: null

04-12-2024T07:28:05 - [TEST_STEP][PASSED] - if (i1 > -1): null

04-12-2024T07:28:05 - [TEST_STEP][PASSED] - z = z.substring(i1, z.length()): null

04-12-2024T07:28:05 - [TEST_STEP][PASSED] - i1 = z.indexOf("/"): null

04-12-2024T07:28:05 - [TEST_STEP][PASSED] - i1 = z.indexOf("/") + 1: null

04-12-2024T07:28:05 - [TEST_STEP][PASSED] - if (i1 > -1): null

04-12-2024T07:28:05 - [TEST_STEP][PASSED] - z = z.substring(i1, z.length()): null

04-12-2024T07:28:05 - [TEST_STEP][PASSED] - i1 = z.indexOf("/"): null

04-12-2024T07:28:05 - [TEST_STEP][PASSED] - i1 = z.indexOf("/") + 1: null

04-12-2024T07:28:05 - [TEST_STEP][PASSED] - if (i1 > -1): null

04-12-2024T07:28:05 - [TEST_STEP][PASSED] - z = z.substring(i1, z.length()): null

04-12-2024T07:28:05 - [TEST_STEP][PASSED] - i1 = z.indexOf("/"): null

04-12-2024T07:28:05 - [TEST_STEP][PASSED] - i1 = z.indexOf("/") + 1: null

04-12-2024T07:28:05 - [TEST_STEP][PASSED] - if (i1 > -1): null

04-12-2024T07:28:05 - [TEST_STEP][PASSED] - z = z.substring(i1, z.length()): null

04-12-2024T07:28:05 - [TEST_STEP][PASSED] - i1 = z.indexOf("/"): null

04-12-2024T07:28:05 - [TEST_STEP][PASSED] - i1 = z.indexOf("/"): null

04-12-2024T07:28:05 - [TEST_STEP][PASSED] - if (i1 > -1): null

04-12-2024T07:28:05 - [TEST_STEP][PASSED] - z = z.substring(0, i1): null

04-12-2024T07:28:05 - [TEST_STEP][PASSED] - z = z.replace(",", "."): null

04-12-2024T07:28:05 - [TEST_STEP][PASSED] - println(z): null

04-12-2024T07:28:05 - [TEST_STEP][PASSED] - x = x + "/" + z: null

04-12-2024T07:28:05 - [TEST_STEP][PASSED] - x = x.replaceAll("[\r?
|
]", ""): null

04-12-2024T07:28:05 - [TEST_STEP][PASSED] - println(x): null

04-12-2024T07:28:05 - [TEST_STEP][PASSED] - return x: null

04-12-2024T07:28:05 - [TEST_STEP][PASSED] - println("kB: " + kB): null

04-12-2024T07:28:05 - [TEST_STEP][PASSED] - i = VseDZO.indexOf("Ленэнерго"): null

04-12-2024T07:28:05 - [TEST_STEP][PASSED] - if (i > -1): null

04-12-2024T07:28:05 - [TEST_STEP][PASSED] - dZONum = dZONum + 1: null

04-12-2024T07:28:05 - [TEST_STEP][PASSED] - lB = GetAllData(path, dZONum, VseDZO, x = "Россети Ленэнерго (ГК)/"): null

04-12-2024T07:28:05 - [TEST_STEP][PASSED] - ii = <not implemented yet for class: org.codehaus.groovy.ast.expr.EmptyExpression>: null

04-12-2024T07:28:05 - [TEST_STEP][PASSED] - i1 = <not implemented yet for class: org.codehaus.groovy.ast.expr.EmptyExpression>: null

04-12-2024T07:28:05 - [TEST_STEP][PASSED] - z = <not implemented yet for class: org.codehaus.groovy.ast.expr.EmptyExpression>: null

04-12-2024T07:28:05 - [TEST_STEP][PASSED] - path2 = "Значения со страницы Выполнение бизнес-плана/Table Data/": null

04-12-2024T07:28:05 - [TEST_STEP][PASSED] - println("path: " + path): null

04-12-2024T07:28:05 - [TEST_STEP][PASSED] - println("dZONum: " + dZONum): null

04-12-2024T07:28:05 - [TEST_STEP][PASSED] - z = getText(findTestObject(path + "spanPlan" + dZONum)): Text of object 'Object Repository/Выполнение бизнес-плана/Выполнение бизнес-плана Балансы/spanPlan6' is: '10.63'

04-12-2024T07:28:06 - [MESSAGE][PASSED] - Text of object 'Object Repository/Выполнение бизнес-плана/Выполнение бизнес-плана Балансы/spanPlan6' is: '10.63'

04-12-2024T07:28:06 - [TEST_STEP][PASSED] - println(z): null

04-12-2024T07:28:06 - [TEST_STEP][PASSED] - ii = z.indexOf("|"): null

04-12-2024T07:28:06 - [TEST_STEP][PASSED] - if (ii > -1): null

04-12-2024T07:28:06 - [TEST_STEP][PASSED] - z = z.replaceAll("\s+", ""): null

04-12-2024T07:28:06 - [TEST_STEP][PASSED] - z = z.replace("[\r?
|
]", "/"): null

04-12-2024T07:28:06 - [TEST_STEP][PASSED] - println(z): null

04-12-2024T07:28:06 - [TEST_STEP][PASSED] - x = x + z: null

04-12-2024T07:28:06 - [TEST_STEP][PASSED] - z = getText(findTestObject(path + "spanFact" + dZONum)): Text of object 'Object Repository/Выполнение бизнес-плана/Выполнение бизнес-плана Балансы/spanFact6' is: '10.72
|'

04-12-2024T07:28:06 - [MESSAGE][PASSED] - Text of object 'Object Repository/Выполнение бизнес-плана/Выполнение бизнес-плана Балансы/spanFact6' is: '10.72
|'

04-12-2024T07:28:06 - [TEST_STEP][PASSED] - ii = z.indexOf("|"): null

04-12-2024T07:28:06 - [TEST_STEP][PASSED] - if (ii > -1): null

04-12-2024T07:28:06 - [TEST_STEP][PASSED] - z = length() - 1).replace("[\r?
|
]", "/"): null

04-12-2024T07:28:06 - [TEST_STEP][PASSED] - x = x + "/" + z: null

04-12-2024T07:28:06 - [TEST_STEP][PASSED] - z = getText(findTestObject(path + path2 + "Факт Отпуск в сеть за отчётный период " + dZONum)).replaceAll("\s+", ""): Text of object 'Object Repository/Выполнение бизнес-плана/Выполнение бизнес-плана Балансы/Значения со страницы Выполнение бизнес-плана/Table Data/Факт Отпуск в сеть за отчётный период 6' is: '31 469 202'

04-12-2024T07:28:06 - [MESSAGE][PASSED] - Text of object 'Object Repository/Выполнение бизнес-плана/Выполнение бизнес-плана Балансы/Значения со страницы Выполнение бизнес-плана/Table Data/Факт Отпуск в сеть за отчётный период 6' is: '31 469 202'

04-12-2024T07:28:06 - [TEST_STEP][PASSED] - x = x + "/" + z: null

04-12-2024T07:28:06 - [TEST_STEP][PASSED] - z = getText(findTestObject(path + path2 + "Факт Отпуск из сети за отчётный период " + dZONum)).replaceAll("\s+", ""): Text of object 'Object Repository/Выполнение бизнес-плана/Выполнение бизнес-плана Балансы/Значения со страницы Выполнение бизнес-плана/Table Data/Факт Отпуск из сети за отчётный период 6' is: '28 096 239'

04-12-2024T07:28:06 - [MESSAGE][PASSED] - Text of object 'Object Repository/Выполнение бизнес-плана/Выполнение бизнес-плана Балансы/Значения со страницы Выполнение бизнес-плана/Table Data/Факт Отпуск из сети за отчётный период 6' is: '28 096 239'

04-12-2024T07:28:06 - [TEST_STEP][PASSED] - x = x + "/" + z: null

04-12-2024T07:28:06 - [TEST_STEP][PASSED] - z = getText(findTestObject(path + path2 + "Факт Потери за отчётный период " + dZONum)).replaceAll("\s+", ""): Text of object 'Object Repository/Выполнение бизнес-плана/Выполнение бизнес-плана Балансы/Значения со страницы Выполнение бизнес-плана/Table Data/Факт Потери за отчётный период 6' is: '3 372 962'

04-12-2024T07:28:07 - [MESSAGE][PASSED] - Text of object 'Object Repository/Выполнение бизнес-плана/Выполнение бизнес-плана Балансы/Значения со страницы Выполнение бизнес-плана/Table Data/Факт Потери за отчётный период 6' is: '3 372 962'

04-12-2024T07:28:07 - [TEST_STEP][PASSED] - x = x + "/" + z: null

04-12-2024T07:28:07 - [TEST_STEP][PASSED] - z = getText(findTestObject(path + path2 + "План Отпуск в сеть за отчётный период " + dZONum)).replaceAll("\s+", ""): Text of object 'Object Repository/Выполнение бизнес-плана/Выполнение бизнес-плана Балансы/Значения со страницы Выполнение бизнес-плана/Table Data/План Отпуск в сеть за отчётный период 6' is: '30 053 986'

04-12-2024T07:28:07 - [MESSAGE][PASSED] - Text of object 'Object Repository/Выполнение бизнес-плана/Выполнение бизнес-плана Балансы/Значения со страницы Выполнение бизнес-плана/Table Data/План Отпуск в сеть за отчётный период 6' is: '30 053 986'

04-12-2024T07:28:07 - [TEST_STEP][PASSED] - x = x + "/" + z: null

04-12-2024T07:28:07 - [TEST_STEP][PASSED] - z = getText(findTestObject(path + path2 + "План Отпуск из сети за отчётный период " + dZONum)).replaceAll("\s+", ""): Text of object 'Object Repository/Выполнение бизнес-плана/Выполнение бизнес-плана Балансы/Значения со страницы Выполнение бизнес-плана/Table Data/План Отпуск из сети за отчётный период 6' is: '26 859 673'

04-12-2024T07:28:07 - [MESSAGE][PASSED] - Text of object 'Object Repository/Выполнение бизнес-плана/Выполнение бизнес-плана Балансы/Значения со страницы Выполнение бизнес-плана/Table Data/План Отпуск из сети за отчётный период 6' is: '26 859 673'

04-12-2024T07:28:07 - [TEST_STEP][PASSED] - x = x + "/" + z: null

04-12-2024T07:28:07 - [TEST_STEP][PASSED] - z = getText(findTestObject(path + path2 + "План Потери за отчётный период " + dZONum)).replaceAll("\s+", ""): Text of object 'Object Repository/Выполнение бизнес-плана/Выполнение бизнес-плана Балансы/Значения со страницы Выполнение бизнес-плана/Table Data/План Потери за отчётный период 6' is: '3 194 313'

04-12-2024T07:28:08 - [MESSAGE][PASSED] - Text of object 'Object Repository/Выполнение бизнес-плана/Выполнение бизнес-плана Балансы/Значения со страницы Выполнение бизнес-плана/Table Data/План Потери за отчётный период 6' is: '3 194 313'

04-12-2024T07:28:08 - [TEST_STEP][PASSED] - x = x + "/" + z: null

04-12-2024T07:28:08 - [TEST_STEP][PASSED] - z = getText(findTestObject(path + "Список ДЗО")).replaceAll("[\r?
|
]", "/"): Text of object 'Object Repository/Выполнение бизнес-плана/Выполнение бизнес-плана Балансы/Список ДЗО' is: '-0.21
-0.07
3.72
-0.38
-0.73
0.09
0.09
3.84
-0.41
-0.05
-0.01
0.15
-0.11
-0.50
-0.27
-0.45
-0.05
Россети ФСКЕЭС
АО«Тываэнерго»
АО«Чеченэнерго»
РоссетиВолга
РоссетиКубань
РоссетиЛенэнерго(ГК)
РоссетиМосковскийрегион
РоссетиСеверныйКавказ
РоссетиСеверо-Запад
РоссетиСибирь
РоссетиТомск
РоссетиТюмень
Россети Урал(ГК)
РоссетиЦентр (ГК)
РоссетиЦентр иПриволжье(ГК)
Россети Юг(ГК)
РоссетиЯнтарь
-2
0
2
4
6
8'

04-12-2024T07:28:08 - [MESSAGE][PASSED] - Text of object 'Object Repository/Выполнение бизнес-плана/Выполнение бизнес-плана Балансы/Список ДЗО' is: '-0.21
-0.07
3.72
-0.38
-0.73
0.09
0.09
3.84
-0.41
-0.05
-0.01
0.15
-0.11
-0.50
-0.27
-0.45
-0.05
Россети ФСКЕЭС
АО«Тываэнерго»
АО«Чеченэнерго»
РоссетиВолга
РоссетиКубань
РоссетиЛенэнерго(ГК)
РоссетиМосковскийрегион
РоссетиСеверныйКавказ
РоссетиСеверо-Запад
РоссетиСибирь
РоссетиТомск
РоссетиТюмень
Россети Урал(ГК)
РоссетиЦентр (ГК)
РоссетиЦентр иПриволжье(ГК)
Россети Юг(ГК)
РоссетиЯнтарь
-2
0
2
4
6
8'

04-12-2024T07:28:08 - [TEST_STEP][PASSED] - for ([ii = 1, ii < dZONum, (ii++)]): null

04-12-2024T07:28:08 - [TEST_STEP][PASSED] - i1 = z.indexOf("/") + 1: null

04-12-2024T07:28:08 - [TEST_STEP][PASSED] - if (i1 > -1): null

04-12-2024T07:28:08 - [TEST_STEP][PASSED] - z = z.substring(i1, z.length()): null

04-12-2024T07:28:08 - [TEST_STEP][PASSED] - i1 = z.indexOf("/"): null

04-12-2024T07:28:08 - [TEST_STEP][PASSED] - i1 = z.indexOf("/") + 1: null

04-12-2024T07:28:08 - [TEST_STEP][PASSED] - if (i1 > -1): null

04-12-2024T07:28:08 - [TEST_STEP][PASSED] - z = z.substring(i1, z.length()): null

04-12-2024T07:28:08 - [TEST_STEP][PASSED] - i1 = z.indexOf("/"): null

04-12-2024T07:28:08 - [TEST_STEP][PASSED] - i1 = z.indexOf("/") + 1: null

04-12-2024T07:28:08 - [TEST_STEP][PASSED] - if (i1 > -1): null

04-12-2024T07:28:08 - [TEST_STEP][PASSED] - z = z.substring(i1, z.length()): null

04-12-2024T07:28:08 - [TEST_STEP][PASSED] - i1 = z.indexOf("/"): null

04-12-2024T07:28:08 - [TEST_STEP][PASSED] - i1 = z.indexOf("/") + 1: null

04-12-2024T07:28:08 - [TEST_STEP][PASSED] - if (i1 > -1): null

04-12-2024T07:28:08 - [TEST_STEP][PASSED] - z = z.substring(i1, z.length()): null

04-12-2024T07:28:08 - [TEST_STEP][PASSED] - i1 = z.indexOf("/"): null

04-12-2024T07:28:08 - [TEST_STEP][PASSED] - i1 = z.indexOf("/") + 1: null

04-12-2024T07:28:08 - [TEST_STEP][PASSED] - if (i1 > -1): null

04-12-2024T07:28:08 - [TEST_STEP][PASSED] - z = z.substring(i1, z.length()): null

04-12-2024T07:28:08 - [TEST_STEP][PASSED] - i1 = z.indexOf("/"): null

04-12-2024T07:28:08 - [TEST_STEP][PASSED] - i1 = z.indexOf("/"): null

04-12-2024T07:28:08 - [TEST_STEP][PASSED] - if (i1 > -1): null

04-12-2024T07:28:08 - [TEST_STEP][PASSED] - z = z.substring(0, i1): null

04-12-2024T07:28:08 - [TEST_STEP][PASSED] - z = z.replace(",", "."): null

04-12-2024T07:28:08 - [TEST_STEP][PASSED] - println(z): null

04-12-2024T07:28:08 - [TEST_STEP][PASSED] - x = x + "/" + z: null

04-12-2024T07:28:08 - [TEST_STEP][PASSED] - x = x.replaceAll("[\r?
|
]", ""): null

04-12-2024T07:28:08 - [TEST_STEP][PASSED] - println(x): null

04-12-2024T07:28:08 - [TEST_STEP][PASSED] - return x: null

04-12-2024T07:28:08 - [TEST_STEP][PASSED] - println("lB: " + lB): null

04-12-2024T07:28:08 - [TEST_STEP][PASSED] - i = VseDZO.indexOf("Московский"): null

04-12-2024T07:28:08 - [TEST_STEP][PASSED] - if (i > -1): null

04-12-2024T07:28:08 - [TEST_STEP][PASSED] - dZONum = dZONum + 1: null

04-12-2024T07:28:08 - [TEST_STEP][PASSED] - mB = GetAllData(path, dZONum, VseDZO, x = "Россети Московский регион/"): null

04-12-2024T07:28:08 - [TEST_STEP][PASSED] - ii = <not implemented yet for class: org.codehaus.groovy.ast.expr.EmptyExpression>: null

04-12-2024T07:28:08 - [TEST_STEP][PASSED] - i1 = <not implemented yet for class: org.codehaus.groovy.ast.expr.EmptyExpression>: null

04-12-2024T07:28:08 - [TEST_STEP][PASSED] - z = <not implemented yet for class: org.codehaus.groovy.ast.expr.EmptyExpression>: null

04-12-2024T07:28:08 - [TEST_STEP][PASSED] - path2 = "Значения со страницы Выполнение бизнес-плана/Table Data/": null

04-12-2024T07:28:08 - [TEST_STEP][PASSED] - println("path: " + path): null

04-12-2024T07:28:08 - [TEST_STEP][PASSED] - println("dZONum: " + dZONum): null

04-12-2024T07:28:08 - [TEST_STEP][PASSED] - z = getText(findTestObject(path + "spanPlan" + dZONum)): Text of object 'Object Repository/Выполнение бизнес-плана/Выполнение бизнес-плана Балансы/spanPlan7' is: '7.26'

04-12-2024T07:28:08 - [MESSAGE][PASSED] - Text of object 'Object Repository/Выполнение бизнес-плана/Выполнение бизнес-плана Балансы/spanPlan7' is: '7.26'

04-12-2024T07:28:08 - [TEST_STEP][PASSED] - println(z): null

04-12-2024T07:28:08 - [TEST_STEP][PASSED] - ii = z.indexOf("|"): null

04-12-2024T07:28:08 - [TEST_STEP][PASSED] - if (ii > -1): null

04-12-2024T07:28:08 - [TEST_STEP][PASSED] - z = z.replaceAll("\s+", ""): null

04-12-2024T07:28:08 - [TEST_STEP][PASSED] - z = z.replace("[\r?
|
]", "/"): null

04-12-2024T07:28:08 - [TEST_STEP][PASSED] - println(z): null

04-12-2024T07:28:08 - [TEST_STEP][PASSED] - x = x + z: null

04-12-2024T07:28:08 - [TEST_STEP][PASSED] - z = getText(findTestObject(path + "spanFact" + dZONum)): Text of object 'Object Repository/Выполнение бизнес-плана/Выполнение бизнес-плана Балансы/spanFact7' is: '7.35
|'

04-12-2024T07:28:09 - [MESSAGE][PASSED] - Text of object 'Object Repository/Выполнение бизнес-плана/Выполнение бизнес-плана Балансы/spanFact7' is: '7.35
|'

04-12-2024T07:28:09 - [TEST_STEP][PASSED] - ii = z.indexOf("|"): null

04-12-2024T07:28:09 - [TEST_STEP][PASSED] - if (ii > -1): null

04-12-2024T07:28:09 - [TEST_STEP][PASSED] - z = length() - 1).replace("[\r?
|
]", "/"): null

04-12-2024T07:28:09 - [TEST_STEP][PASSED] - x = x + "/" + z: null

04-12-2024T07:28:09 - [TEST_STEP][PASSED] - z = getText(findTestObject(path + path2 + "Факт Отпуск в сеть за отчётный период " + dZONum)).replaceAll("\s+", ""): Text of object 'Object Repository/Выполнение бизнес-плана/Выполнение бизнес-плана Балансы/Значения со страницы Выполнение бизнес-плана/Table Data/Факт Отпуск в сеть за отчётный период 7' is: '84 423 998'

04-12-2024T07:28:09 - [MESSAGE][PASSED] - Text of object 'Object Repository/Выполнение бизнес-плана/Выполнение бизнес-плана Балансы/Значения со страницы Выполнение бизнес-плана/Table Data/Факт Отпуск в сеть за отчётный период 7' is: '84 423 998'

04-12-2024T07:28:09 - [TEST_STEP][PASSED] - x = x + "/" + z: null

04-12-2024T07:28:09 - [TEST_STEP][PASSED] - z = getText(findTestObject(path + path2 + "Факт Отпуск из сети за отчётный период " + dZONum)).replaceAll("\s+", ""): Text of object 'Object Repository/Выполнение бизнес-плана/Выполнение бизнес-плана Балансы/Значения со страницы Выполнение бизнес-плана/Table Data/Факт Отпуск из сети за отчётный период 7' is: '78 218 926'

04-12-2024T07:28:09 - [MESSAGE][PASSED] - Text of object 'Object Repository/Выполнение бизнес-плана/Выполнение бизнес-плана Балансы/Значения со страницы Выполнение бизнес-плана/Table Data/Факт Отпуск из сети за отчётный период 7' is: '78 218 926'

04-12-2024T07:28:09 - [TEST_STEP][PASSED] - x = x + "/" + z: null

04-12-2024T07:28:09 - [TEST_STEP][PASSED] - z = getText(findTestObject(path + path2 + "Факт Потери за отчётный период " + dZONum)).replaceAll("\s+", ""): Text of object 'Object Repository/Выполнение бизнес-плана/Выполнение бизнес-плана Балансы/Значения со страницы Выполнение бизнес-плана/Table Data/Факт Потери за отчётный период 7' is: '6 205 073'

04-12-2024T07:28:09 - [MESSAGE][PASSED] - Text of object 'Object Repository/Выполнение бизнес-плана/Выполнение бизнес-плана Балансы/Значения со страницы Выполнение бизнес-плана/Table Data/Факт Потери за отчётный период 7' is: '6 205 073'

04-12-2024T07:28:09 - [TEST_STEP][PASSED] - x = x + "/" + z: null

04-12-2024T07:28:09 - [TEST_STEP][PASSED] - z = getText(findTestObject(path + path2 + "План Отпуск в сеть за отчётный период " + dZONum)).replaceAll("\s+", ""): Text of object 'Object Repository/Выполнение бизнес-плана/Выполнение бизнес-плана Балансы/Значения со страницы Выполнение бизнес-плана/Table Data/План Отпуск в сеть за отчётный период 7' is: '80 544 314'

04-12-2024T07:28:10 - [MESSAGE][PASSED] - Text of object 'Object Repository/Выполнение бизнес-плана/Выполнение бизнес-плана Балансы/Значения со страницы Выполнение бизнес-плана/Table Data/План Отпуск в сеть за отчётный период 7' is: '80 544 314'

04-12-2024T07:28:10 - [TEST_STEP][PASSED] - x = x + "/" + z: null

04-12-2024T07:28:10 - [TEST_STEP][PASSED] - z = getText(findTestObject(path + path2 + "План Отпуск из сети за отчётный период " + dZONum)).replaceAll("\s+", ""): Text of object 'Object Repository/Выполнение бизнес-плана/Выполнение бизнес-плана Балансы/Значения со страницы Выполнение бизнес-плана/Table Data/План Отпуск из сети за отчётный период 7' is: '74 697 878'

04-12-2024T07:28:10 - [MESSAGE][PASSED] - Text of object 'Object Repository/Выполнение бизнес-плана/Выполнение бизнес-плана Балансы/Значения со страницы Выполнение бизнес-плана/Table Data/План Отпуск из сети за отчётный период 7' is: '74 697 878'

04-12-2024T07:28:10 - [TEST_STEP][PASSED] - x = x + "/" + z: null

04-12-2024T07:28:10 - [TEST_STEP][PASSED] - z = getText(findTestObject(path + path2 + "План Потери за отчётный период " + dZONum)).replaceAll("\s+", ""): Text of object 'Object Repository/Выполнение бизнес-плана/Выполнение бизнес-плана Балансы/Значения со страницы Выполнение бизнес-плана/Table Data/План Потери за отчётный период 7' is: '5 846 436'

04-12-2024T07:28:10 - [MESSAGE][PASSED] - Text of object 'Object Repository/Выполнение бизнес-плана/Выполнение бизнес-плана Балансы/Значения со страницы Выполнение бизнес-плана/Table Data/План Потери за отчётный период 7' is: '5 846 436'

04-12-2024T07:28:10 - [TEST_STEP][PASSED] - x = x + "/" + z: null

04-12-2024T07:28:10 - [TEST_STEP][PASSED] - z = getText(findTestObject(path + "Список ДЗО")).replaceAll("[\r?
|
]", "/"): Text of object 'Object Repository/Выполнение бизнес-плана/Выполнение бизнес-плана Балансы/Список ДЗО' is: '-0.21
-0.07
3.72
-0.38
-0.73
0.09
0.09
3.84
-0.41
-0.05
-0.01
0.15
-0.11
-0.50
-0.27
-0.45
-0.05
Россети ФСКЕЭС
АО«Тываэнерго»
АО«Чеченэнерго»
РоссетиВолга
РоссетиКубань
РоссетиЛенэнерго(ГК)
РоссетиМосковскийрегион
РоссетиСеверныйКавказ
РоссетиСеверо-Запад
РоссетиСибирь
РоссетиТомск
РоссетиТюмень
Россети Урал(ГК)
РоссетиЦентр (ГК)
РоссетиЦентр иПриволжье(ГК)
Россети Юг(ГК)
РоссетиЯнтарь
-2
0
2
4
6
8'

04-12-2024T07:28:11 - [MESSAGE][PASSED] - Text of object 'Object Repository/Выполнение бизнес-плана/Выполнение бизнес-плана Балансы/Список ДЗО' is: '-0.21
-0.07
3.72
-0.38
-0.73
0.09
0.09
3.84
-0.41
-0.05
-0.01
0.15
-0.11
-0.50
-0.27
-0.45
-0.05
Россети ФСКЕЭС
АО«Тываэнерго»
АО«Чеченэнерго»
РоссетиВолга
РоссетиКубань
РоссетиЛенэнерго(ГК)
РоссетиМосковскийрегион
РоссетиСеверныйКавказ
РоссетиСеверо-Запад
РоссетиСибирь
РоссетиТомск
РоссетиТюмень
Россети Урал(ГК)
РоссетиЦентр (ГК)
РоссетиЦентр иПриволжье(ГК)
Россети Юг(ГК)
РоссетиЯнтарь
-2
0
2
4
6
8'

04-12-2024T07:28:11 - [TEST_STEP][PASSED] - for ([ii = 1, ii < dZONum, (ii++)]): null

04-12-2024T07:28:11 - [TEST_STEP][PASSED] - i1 = z.indexOf("/") + 1: null

04-12-2024T07:28:11 - [TEST_STEP][PASSED] - if (i1 > -1): null

04-12-2024T07:28:11 - [TEST_STEP][PASSED] - z = z.substring(i1, z.length()): null

04-12-2024T07:28:11 - [TEST_STEP][PASSED] - i1 = z.indexOf("/"): null

04-12-2024T07:28:11 - [TEST_STEP][PASSED] - i1 = z.indexOf("/") + 1: null

04-12-2024T07:28:11 - [TEST_STEP][PASSED] - if (i1 > -1): null

04-12-2024T07:28:11 - [TEST_STEP][PASSED] - z = z.substring(i1, z.length()): null

04-12-2024T07:28:11 - [TEST_STEP][PASSED] - i1 = z.indexOf("/"): null

04-12-2024T07:28:11 - [TEST_STEP][PASSED] - i1 = z.indexOf("/") + 1: null

04-12-2024T07:28:11 - [TEST_STEP][PASSED] - if (i1 > -1): null

04-12-2024T07:28:11 - [TEST_STEP][PASSED] - z = z.substring(i1, z.length()): null

04-12-2024T07:28:11 - [TEST_STEP][PASSED] - i1 = z.indexOf("/"): null

04-12-2024T07:28:11 - [TEST_STEP][PASSED] - i1 = z.indexOf("/") + 1: null

04-12-2024T07:28:11 - [TEST_STEP][PASSED] - if (i1 > -1): null

04-12-2024T07:28:11 - [TEST_STEP][PASSED] - z = z.substring(i1, z.length()): null

04-12-2024T07:28:11 - [TEST_STEP][PASSED] - i1 = z.indexOf("/"): null

04-12-2024T07:28:11 - [TEST_STEP][PASSED] - i1 = z.indexOf("/") + 1: null

04-12-2024T07:28:11 - [TEST_STEP][PASSED] - if (i1 > -1): null

04-12-2024T07:28:11 - [TEST_STEP][PASSED] - z = z.substring(i1, z.length()): null

04-12-2024T07:28:11 - [TEST_STEP][PASSED] - i1 = z.indexOf("/"): null

04-12-2024T07:28:11 - [TEST_STEP][PASSED] - i1 = z.indexOf("/") + 1: null

04-12-2024T07:28:11 - [TEST_STEP][PASSED] - if (i1 > -1): null

04-12-2024T07:28:11 - [TEST_STEP][PASSED] - z = z.substring(i1, z.length()): null

04-12-2024T07:28:11 - [TEST_STEP][PASSED] - i1 = z.indexOf("/"): null

04-12-2024T07:28:11 - [TEST_STEP][PASSED] - i1 = z.indexOf("/"): null

04-12-2024T07:28:11 - [TEST_STEP][PASSED] - if (i1 > -1): null

04-12-2024T07:28:11 - [TEST_STEP][PASSED] - z = z.substring(0, i1): null

04-12-2024T07:28:11 - [TEST_STEP][PASSED] - z = z.replace(",", "."): null

04-12-2024T07:28:11 - [TEST_STEP][PASSED] - println(z): null

04-12-2024T07:28:11 - [TEST_STEP][PASSED] - x = x + "/" + z: null

04-12-2024T07:28:11 - [TEST_STEP][PASSED] - x = x.replaceAll("[\r?
|
]", ""): null

04-12-2024T07:28:11 - [TEST_STEP][PASSED] - println(x): null

04-12-2024T07:28:11 - [TEST_STEP][PASSED] - return x: null

04-12-2024T07:28:11 - [TEST_STEP][PASSED] - println("mB: " + mB): null

04-12-2024T07:28:11 - [TEST_STEP][PASSED] - i = VseDZO.indexOf("Кавказ"): null

04-12-2024T07:28:11 - [TEST_STEP][PASSED] - if (i > -1): null

04-12-2024T07:28:11 - [TEST_STEP][PASSED] - dZONum = dZONum + 1: null

04-12-2024T07:28:11 - [TEST_STEP][PASSED] - sKB = GetAllData(path, dZONum, VseDZO, x = "Россети Северный Кавказ (ГК)/"): null

04-12-2024T07:28:11 - [TEST_STEP][PASSED] - ii = <not implemented yet for class: org.codehaus.groovy.ast.expr.EmptyExpression>: null

04-12-2024T07:28:11 - [TEST_STEP][PASSED] - i1 = <not implemented yet for class: org.codehaus.groovy.ast.expr.EmptyExpression>: null

04-12-2024T07:28:11 - [TEST_STEP][PASSED] - z = <not implemented yet for class: org.codehaus.groovy.ast.expr.EmptyExpression>: null

04-12-2024T07:28:11 - [TEST_STEP][PASSED] - path2 = "Значения со страницы Выполнение бизнес-плана/Table Data/": null

04-12-2024T07:28:11 - [TEST_STEP][PASSED] - println("path: " + path): null

04-12-2024T07:28:11 - [TEST_STEP][PASSED] - println("dZONum: " + dZONum): null

04-12-2024T07:28:11 - [TEST_STEP][PASSED] - z = getText(findTestObject(path + "spanPlan" + dZONum)): Text of object 'Object Repository/Выполнение бизнес-плана/Выполнение бизнес-плана Балансы/spanPlan8' is: '23.70'

04-12-2024T07:28:11 - [MESSAGE][PASSED] - Text of object 'Object Repository/Выполнение бизнес-плана/Выполнение бизнес-плана Балансы/spanPlan8' is: '23.70'

04-12-2024T07:28:11 - [TEST_STEP][PASSED] - println(z): null

04-12-2024T07:28:11 - [TEST_STEP][PASSED] - ii = z.indexOf("|"): null

04-12-2024T07:28:11 - [TEST_STEP][PASSED] - if (ii > -1): null

04-12-2024T07:28:11 - [TEST_STEP][PASSED] - z = z.replaceAll("\s+", ""): null

04-12-2024T07:28:11 - [TEST_STEP][PASSED] - z = z.replace("[\r?
|
]", "/"): null

04-12-2024T07:28:11 - [TEST_STEP][PASSED] - println(z): null

04-12-2024T07:28:11 - [TEST_STEP][PASSED] - x = x + z: null

04-12-2024T07:28:11 - [TEST_STEP][PASSED] - z = getText(findTestObject(path + "spanFact" + dZONum)): Text of object 'Object Repository/Выполнение бизнес-плана/Выполнение бизнес-плана Балансы/spanFact8' is: '27.54
|'

04-12-2024T07:28:11 - [MESSAGE][PASSED] - Text of object 'Object Repository/Выполнение бизнес-плана/Выполнение бизнес-плана Балансы/spanFact8' is: '27.54
|'

04-12-2024T07:28:11 - [TEST_STEP][PASSED] - ii = z.indexOf("|"): null

04-12-2024T07:28:11 - [TEST_STEP][PASSED] - if (ii > -1): null

04-12-2024T07:28:11 - [TEST_STEP][PASSED] - z = length() - 1).replace("[\r?
|
]", "/"): null

04-12-2024T07:28:11 - [TEST_STEP][PASSED] - x = x + "/" + z: null

04-12-2024T07:28:11 - [TEST_STEP][PASSED] - z = getText(findTestObject(path + path2 + "Факт Отпуск в сеть за отчётный период " + dZONum)).replaceAll("\s+", ""): Text of object 'Object Repository/Выполнение бизнес-плана/Выполнение бизнес-плана Балансы/Значения со страницы Выполнение бизнес-плана/Table Data/Факт Отпуск в сеть за отчётный период 8' is: '17 367 779'

04-12-2024T07:28:12 - [MESSAGE][PASSED] - Text of object 'Object Repository/Выполнение бизнес-плана/Выполнение бизнес-плана Балансы/Значения со страницы Выполнение бизнес-плана/Table Data/Факт Отпуск в сеть за отчётный период 8' is: '17 367 779'

04-12-2024T07:28:12 - [TEST_STEP][PASSED] - x = x + "/" + z: null

04-12-2024T07:28:12 - [TEST_STEP][PASSED] - z = getText(findTestObject(path + path2 + "Факт Отпуск из сети за отчётный период " + dZONum)).replaceAll("\s+", ""): Text of object 'Object Repository/Выполнение бизнес-плана/Выполнение бизнес-плана Балансы/Значения со страницы Выполнение бизнес-плана/Table Data/Факт Отпуск из сети за отчётный период 8' is: '12 584 601'

04-12-2024T07:28:12 - [MESSAGE][PASSED] - Text of object 'Object Repository/Выполнение бизнес-плана/Выполнение бизнес-плана Балансы/Значения со страницы Выполнение бизнес-плана/Table Data/Факт Отпуск из сети за отчётный период 8' is: '12 584 601'

04-12-2024T07:28:12 - [TEST_STEP][PASSED] - x = x + "/" + z: null

04-12-2024T07:28:12 - [TEST_STEP][PASSED] - z = getText(findTestObject(path + path2 + "Факт Потери за отчётный период " + dZONum)).replaceAll("\s+", ""): Text of object 'Object Repository/Выполнение бизнес-плана/Выполнение бизнес-плана Балансы/Значения со страницы Выполнение бизнес-плана/Table Data/Факт Потери за отчётный период 8' is: '4 783 177'

04-12-2024T07:28:12 - [MESSAGE][PASSED] - Text of object 'Object Repository/Выполнение бизнес-плана/Выполнение бизнес-плана Балансы/Значения со страницы Выполнение бизнес-плана/Table Data/Факт Потери за отчётный период 8' is: '4 783 177'

04-12-2024T07:28:12 - [TEST_STEP][PASSED] - x = x + "/" + z: null

04-12-2024T07:28:12 - [TEST_STEP][PASSED] - z = getText(findTestObject(path + path2 + "План Отпуск в сеть за отчётный период " + dZONum)).replaceAll("\s+", ""): Text of object 'Object Repository/Выполнение бизнес-плана/Выполнение бизнес-плана Балансы/Значения со страницы Выполнение бизнес-плана/Table Data/План Отпуск в сеть за отчётный период 8' is: '16 300 204'

04-12-2024T07:28:12 - [MESSAGE][PASSED] - Text of object 'Object Repository/Выполнение бизнес-плана/Выполнение бизнес-плана Балансы/Значения со страницы Выполнение бизнес-плана/Table Data/План Отпуск в сеть за отчётный период 8' is: '16 300 204'

04-12-2024T07:28:12 - [TEST_STEP][PASSED] - x = x + "/" + z: null

04-12-2024T07:28:12 - [TEST_STEP][PASSED] - z = getText(findTestObject(path + path2 + "План Отпуск из сети за отчётный период " + dZONum)).replaceAll("\s+", ""): Text of object 'Object Repository/Выполнение бизнес-плана/Выполнение бизнес-плана Балансы/Значения со страницы Выполнение бизнес-плана/Table Data/План Отпуск из сети за отчётный период 8' is: '12 437 092'

04-12-2024T07:28:13 - [MESSAGE][PASSED] - Text of object 'Object Repository/Выполнение бизнес-плана/Выполнение бизнес-плана Балансы/Значения со страницы Выполнение бизнес-плана/Table Data/План Отпуск из сети за отчётный период 8' is: '12 437 092'

04-12-2024T07:28:13 - [TEST_STEP][PASSED] - x = x + "/" + z: null

04-12-2024T07:28:13 - [TEST_STEP][PASSED] - z = getText(findTestObject(path + path2 + "План Потери за отчётный период " + dZONum)).replaceAll("\s+", ""): Text of object 'Object Repository/Выполнение бизнес-плана/Выполнение бизнес-плана Балансы/Значения со страницы Выполнение бизнес-плана/Table Data/План Потери за отчётный период 8' is: '3 863 112'

04-12-2024T07:28:13 - [MESSAGE][PASSED] - Text of object 'Object Repository/Выполнение бизнес-плана/Выполнение бизнес-плана Балансы/Значения со страницы Выполнение бизнес-плана/Table Data/План Потери за отчётный период 8' is: '3 863 112'

04-12-2024T07:28:13 - [TEST_STEP][PASSED] - x = x + "/" + z: null

04-12-2024T07:28:13 - [TEST_STEP][PASSED] - z = getText(findTestObject(path + "Список ДЗО")).replaceAll("[\r?
|
]", "/"): Text of object 'Object Repository/Выполнение бизнес-плана/Выполнение бизнес-плана Балансы/Список ДЗО' is: '-0.21
-0.07
3.72
-0.38
-0.73
0.09
0.09
3.84
-0.41
-0.05
-0.01
0.15
-0.11
-0.50
-0.27
-0.45
-0.05
Россети ФСКЕЭС
АО«Тываэнерго»
АО«Чеченэнерго»
РоссетиВолга
РоссетиКубань
РоссетиЛенэнерго(ГК)
РоссетиМосковскийрегион
РоссетиСеверныйКавказ
РоссетиСеверо-Запад
РоссетиСибирь
РоссетиТомск
РоссетиТюмень
Россети Урал(ГК)
РоссетиЦентр (ГК)
РоссетиЦентр иПриволжье(ГК)
Россети Юг(ГК)
РоссетиЯнтарь
-2
0
2
4
6
8'

04-12-2024T07:28:13 - [MESSAGE][PASSED] - Text of object 'Object Repository/Выполнение бизнес-плана/Выполнение бизнес-плана Балансы/Список ДЗО' is: '-0.21
-0.07
3.72
-0.38
-0.73
0.09
0.09
3.84
-0.41
-0.05
-0.01
0.15
-0.11
-0.50
-0.27
-0.45
-0.05
Россети ФСКЕЭС
АО«Тываэнерго»
АО«Чеченэнерго»
РоссетиВолга
РоссетиКубань
РоссетиЛенэнерго(ГК)
РоссетиМосковскийрегион
РоссетиСеверныйКавказ
РоссетиСеверо-Запад
РоссетиСибирь
РоссетиТомск
РоссетиТюмень
Россети Урал(ГК)
РоссетиЦентр (ГК)
РоссетиЦентр иПриволжье(ГК)
Россети Юг(ГК)
РоссетиЯнтарь
-2
0
2
4
6
8'

04-12-2024T07:28:13 - [TEST_STEP][PASSED] - for ([ii = 1, ii < dZONum, (ii++)]): null

04-12-2024T07:28:13 - [TEST_STEP][PASSED] - i1 = z.indexOf("/") + 1: null

04-12-2024T07:28:13 - [TEST_STEP][PASSED] - if (i1 > -1): null

04-12-2024T07:28:13 - [TEST_STEP][PASSED] - z = z.substring(i1, z.length()): null

04-12-2024T07:28:13 - [TEST_STEP][PASSED] - i1 = z.indexOf("/"): null

04-12-2024T07:28:13 - [TEST_STEP][PASSED] - i1 = z.indexOf("/") + 1: null

04-12-2024T07:28:13 - [TEST_STEP][PASSED] - if (i1 > -1): null

04-12-2024T07:28:13 - [TEST_STEP][PASSED] - z = z.substring(i1, z.length()): null

04-12-2024T07:28:13 - [TEST_STEP][PASSED] - i1 = z.indexOf("/"): null

04-12-2024T07:28:13 - [TEST_STEP][PASSED] - i1 = z.indexOf("/") + 1: null

04-12-2024T07:28:13 - [TEST_STEP][PASSED] - if (i1 > -1): null

04-12-2024T07:28:13 - [TEST_STEP][PASSED] - z = z.substring(i1, z.length()): null

04-12-2024T07:28:13 - [TEST_STEP][PASSED] - i1 = z.indexOf("/"): null

04-12-2024T07:28:13 - [TEST_STEP][PASSED] - i1 = z.indexOf("/") + 1: null

04-12-2024T07:28:13 - [TEST_STEP][PASSED] - if (i1 > -1): null

04-12-2024T07:28:13 - [TEST_STEP][PASSED] - z = z.substring(i1, z.length()): null

04-12-2024T07:28:13 - [TEST_STEP][PASSED] - i1 = z.indexOf("/"): null

04-12-2024T07:28:13 - [TEST_STEP][PASSED] - i1 = z.indexOf("/") + 1: null

04-12-2024T07:28:13 - [TEST_STEP][PASSED] - if (i1 > -1): null

04-12-2024T07:28:13 - [TEST_STEP][PASSED] - z = z.substring(i1, z.length()): null

04-12-2024T07:28:13 - [TEST_STEP][PASSED] - i1 = z.indexOf("/"): null

04-12-2024T07:28:13 - [TEST_STEP][PASSED] - i1 = z.indexOf("/") + 1: null

04-12-2024T07:28:13 - [TEST_STEP][PASSED] - if (i1 > -1): null

04-12-2024T07:28:13 - [TEST_STEP][PASSED] - z = z.substring(i1, z.length()): null

04-12-2024T07:28:13 - [TEST_STEP][PASSED] - i1 = z.indexOf("/"): null

04-12-2024T07:28:13 - [TEST_STEP][PASSED] - i1 = z.indexOf("/") + 1: null

04-12-2024T07:28:13 - [TEST_STEP][PASSED] - if (i1 > -1): null

04-12-2024T07:28:13 - [TEST_STEP][PASSED] - z = z.substring(i1, z.length()): null

04-12-2024T07:28:13 - [TEST_STEP][PASSED] - i1 = z.indexOf("/"): null

04-12-2024T07:28:13 - [TEST_STEP][PASSED] - i1 = z.indexOf("/"): null

04-12-2024T07:28:13 - [TEST_STEP][PASSED] - if (i1 > -1): null

04-12-2024T07:28:13 - [TEST_STEP][PASSED] - z = z.substring(0, i1): null

04-12-2024T07:28:13 - [TEST_STEP][PASSED] - z = z.replace(",", "."): null

04-12-2024T07:28:13 - [TEST_STEP][PASSED] - println(z): null

04-12-2024T07:28:13 - [TEST_STEP][PASSED] - x = x + "/" + z: null

04-12-2024T07:28:13 - [TEST_STEP][PASSED] - x = x.replaceAll("[\r?
|
]", ""): null

04-12-2024T07:28:13 - [TEST_STEP][PASSED] - println(x): null

04-12-2024T07:28:13 - [TEST_STEP][PASSED] - return x: null

04-12-2024T07:28:13 - [TEST_STEP][PASSED] - println("sKB: " + sKB): null

04-12-2024T07:28:13 - [TEST_STEP][PASSED] - i = VseDZO.indexOf("Запад"): null

04-12-2024T07:28:13 - [TEST_STEP][PASSED] - if (i > -1): null

04-12-2024T07:28:13 - [TEST_STEP][PASSED] - dZONum = dZONum + 1: null

04-12-2024T07:28:13 - [TEST_STEP][PASSED] - sZB = GetAllData(path, dZONum, VseDZO, x = "Россети Северо-Запад/"): null

04-12-2024T07:28:13 - [TEST_STEP][PASSED] - ii = <not implemented yet for class: org.codehaus.groovy.ast.expr.EmptyExpression>: null

04-12-2024T07:28:13 - [TEST_STEP][PASSED] - i1 = <not implemented yet for class: org.codehaus.groovy.ast.expr.EmptyExpression>: null

04-12-2024T07:28:13 - [TEST_STEP][PASSED] - z = <not implemented yet for class: org.codehaus.groovy.ast.expr.EmptyExpression>: null

04-12-2024T07:28:13 - [TEST_STEP][PASSED] - path2 = "Значения со страницы Выполнение бизнес-плана/Table Data/": null

04-12-2024T07:28:13 - [TEST_STEP][PASSED] - println("path: " + path): null

04-12-2024T07:28:13 - [TEST_STEP][PASSED] - println("dZONum: " + dZONum): null

04-12-2024T07:28:13 - [TEST_STEP][PASSED] - z = getText(findTestObject(path + "spanPlan" + dZONum)): Text of object 'Object Repository/Выполнение бизнес-плана/Выполнение бизнес-плана Балансы/spanPlan9' is: '5.67
|'

04-12-2024T07:28:14 - [MESSAGE][PASSED] - Text of object 'Object Repository/Выполнение бизнес-плана/Выполнение бизнес-плана Балансы/spanPlan9' is: '5.67
|'

04-12-2024T07:28:14 - [TEST_STEP][PASSED] - println(z): null

04-12-2024T07:28:14 - [TEST_STEP][PASSED] - ii = z.indexOf("|"): null

04-12-2024T07:28:14 - [TEST_STEP][PASSED] - if (ii > -1): null

04-12-2024T07:28:14 - [TEST_STEP][PASSED] - z = z.substring(0, z.length() - 1): null

04-12-2024T07:28:14 - [TEST_STEP][PASSED] - println(z): null

04-12-2024T07:28:14 - [TEST_STEP][PASSED] - z = z.replaceAll("\s+", ""): null

04-12-2024T07:28:14 - [TEST_STEP][PASSED] - z = z.replace("[\r?
|
]", "/"): null

04-12-2024T07:28:14 - [TEST_STEP][PASSED] - println(z): null

04-12-2024T07:28:14 - [TEST_STEP][PASSED] - x = x + z: null

04-12-2024T07:28:14 - [TEST_STEP][PASSED] - z = getText(findTestObject(path + "spanFact" + dZONum)): Text of object 'Object Repository/Выполнение бизнес-плана/Выполнение бизнес-плана Балансы/spanFact9' is: '5.26'

04-12-2024T07:28:14 - [MESSAGE][PASSED] - Text of object 'Object Repository/Выполнение бизнес-плана/Выполнение бизнес-плана Балансы/spanFact9' is: '5.26'

04-12-2024T07:28:14 - [TEST_STEP][PASSED] - ii = z.indexOf("|"): null

04-12-2024T07:28:14 - [TEST_STEP][PASSED] - if (ii > -1): null

04-12-2024T07:28:14 - [TEST_STEP][PASSED] - x = x + "/" + z: null

04-12-2024T07:28:14 - [TEST_STEP][PASSED] - z = getText(findTestObject(path + path2 + "Факт Отпуск в сеть за отчётный период " + dZONum)).replaceAll("\s+", ""): Text of object 'Object Repository/Выполнение бизнес-плана/Выполнение бизнес-плана Балансы/Значения со страницы Выполнение бизнес-плана/Table Data/Факт Отпуск в сеть за отчётный период 9' is: '27 102 297'

04-12-2024T07:28:14 - [MESSAGE][PASSED] - Text of object 'Object Repository/Выполнение бизнес-плана/Выполнение бизнес-плана Балансы/Значения со страницы Выполнение бизнес-плана/Table Data/Факт Отпуск в сеть за отчётный период 9' is: '27 102 297'

04-12-2024T07:28:14 - [TEST_STEP][PASSED] - x = x + "/" + z: null

04-12-2024T07:28:14 - [TEST_STEP][PASSED] - z = getText(findTestObject(path + path2 + "Факт Отпуск из сети за отчётный период " + dZONum)).replaceAll("\s+", ""): Text of object 'Object Repository/Выполнение бизнес-плана/Выполнение бизнес-плана Балансы/Значения со страницы Выполнение бизнес-плана/Table Data/Факт Отпуск из сети за отчётный период 9' is: '25 676 842'

04-12-2024T07:28:15 - [MESSAGE][PASSED] - Text of object 'Object Repository/Выполнение бизнес-плана/Выполнение бизнес-плана Балансы/Значения со страницы Выполнение бизнес-плана/Table Data/Факт Отпуск из сети за отчётный период 9' is: '25 676 842'

04-12-2024T07:28:15 - [TEST_STEP][PASSED] - x = x + "/" + z: null

04-12-2024T07:28:15 - [TEST_STEP][PASSED] - z = getText(findTestObject(path + path2 + "Факт Потери за отчётный период " + dZONum)).replaceAll("\s+", ""): Text of object 'Object Repository/Выполнение бизнес-плана/Выполнение бизнес-плана Балансы/Значения со страницы Выполнение бизнес-плана/Table Data/Факт Потери за отчётный период 9' is: '1 425 455'

04-12-2024T07:28:15 - [MESSAGE][PASSED] - Text of object 'Object Repository/Выполнение бизнес-плана/Выполнение бизнес-плана Балансы/Значения со страницы Выполнение бизнес-плана/Table Data/Факт Потери за отчётный период 9' is: '1 425 455'

04-12-2024T07:28:15 - [TEST_STEP][PASSED] - x = x + "/" + z: null

04-12-2024T07:28:15 - [TEST_STEP][PASSED] - z = getText(findTestObject(path + path2 + "План Отпуск в сеть за отчётный период " + dZONum)).replaceAll("\s+", ""): Text of object 'Object Repository/Выполнение бизнес-плана/Выполнение бизнес-плана Балансы/Значения со страницы Выполнение бизнес-плана/Table Data/План Отпуск в сеть за отчётный период 9' is: '26 659 502'

04-12-2024T07:28:15 - [MESSAGE][PASSED] - Text of object 'Object Repository/Выполнение бизнес-плана/Выполнение бизнес-плана Балансы/Значения со страницы Выполнение бизнес-плана/Table Data/План Отпуск в сеть за отчётный период 9' is: '26 659 502'

04-12-2024T07:28:15 - [TEST_STEP][PASSED] - x = x + "/" + z: null

04-12-2024T07:28:15 - [TEST_STEP][PASSED] - z = getText(findTestObject(path + path2 + "План Отпуск из сети за отчётный период " + dZONum)).replaceAll("\s+", ""): Text of object 'Object Repository/Выполнение бизнес-плана/Выполнение бизнес-плана Балансы/Значения со страницы Выполнение бизнес-плана/Table Data/План Отпуск из сети за отчётный период 9' is: '25 149 128'

04-12-2024T07:28:16 - [MESSAGE][PASSED] - Text of object 'Object Repository/Выполнение бизнес-плана/Выполнение бизнес-плана Балансы/Значения со страницы Выполнение бизнес-плана/Table Data/План Отпуск из сети за отчётный период 9' is: '25 149 128'

04-12-2024T07:28:16 - [TEST_STEP][PASSED] - x = x + "/" + z: null

04-12-2024T07:28:16 - [TEST_STEP][PASSED] - z = getText(findTestObject(path + path2 + "План Потери за отчётный период " + dZONum)).replaceAll("\s+", ""): Text of object 'Object Repository/Выполнение бизнес-плана/Выполнение бизнес-плана Балансы/Значения со страницы Выполнение бизнес-плана/Table Data/План Потери за отчётный период 9' is: '1 510 374'

04-12-2024T07:28:16 - [MESSAGE][PASSED] - Text of object 'Object Repository/Выполнение бизнес-плана/Выполнение бизнес-плана Балансы/Значения со страницы Выполнение бизнес-плана/Table Data/План Потери за отчётный период 9' is: '1 510 374'

04-12-2024T07:28:16 - [TEST_STEP][PASSED] - x = x + "/" + z: null

04-12-2024T07:28:16 - [TEST_STEP][PASSED] - z = getText(findTestObject(path + "Список ДЗО")).replaceAll("[\r?
|
]", "/"): Text of object 'Object Repository/Выполнение бизнес-плана/Выполнение бизнес-плана Балансы/Список ДЗО' is: '-0.21
-0.07
3.72
-0.38
-0.73
0.09
0.09
3.84
-0.41
-0.05
-0.01
0.15
-0.11
-0.50
-0.27
-0.45
-0.05
Россети ФСКЕЭС
АО«Тываэнерго»
АО«Чеченэнерго»
РоссетиВолга
РоссетиКубань
РоссетиЛенэнерго(ГК)
РоссетиМосковскийрегион
РоссетиСеверныйКавказ
РоссетиСеверо-Запад
РоссетиСибирь
РоссетиТомск
РоссетиТюмень
Россети Урал(ГК)
РоссетиЦентр (ГК)
РоссетиЦентр иПриволжье(ГК)
Россети Юг(ГК)
РоссетиЯнтарь
-2
0
2
4
6
8'

04-12-2024T07:28:16 - [MESSAGE][PASSED] - Text of object 'Object Repository/Выполнение бизнес-плана/Выполнение бизнес-плана Балансы/Список ДЗО' is: '-0.21
-0.07
3.72
-0.38
-0.73
0.09
0.09
3.84
-0.41
-0.05
-0.01
0.15
-0.11
-0.50
-0.27
-0.45
-0.05
Россети ФСКЕЭС
АО«Тываэнерго»
АО«Чеченэнерго»
РоссетиВолга
РоссетиКубань
РоссетиЛенэнерго(ГК)
РоссетиМосковскийрегион
РоссетиСеверныйКавказ
РоссетиСеверо-Запад
РоссетиСибирь
РоссетиТомск
РоссетиТюмень
Россети Урал(ГК)
РоссетиЦентр (ГК)
РоссетиЦентр иПриволжье(ГК)
Россети Юг(ГК)
РоссетиЯнтарь
-2
0
2
4
6
8'

04-12-2024T07:28:16 - [TEST_STEP][PASSED] - for ([ii = 1, ii < dZONum, (ii++)]): null

04-12-2024T07:28:16 - [TEST_STEP][PASSED] - i1 = z.indexOf("/") + 1: null

04-12-2024T07:28:16 - [TEST_STEP][PASSED] - if (i1 > -1): null

04-12-2024T07:28:16 - [TEST_STEP][PASSED] - z = z.substring(i1, z.length()): null

04-12-2024T07:28:16 - [TEST_STEP][PASSED] - i1 = z.indexOf("/"): null

04-12-2024T07:28:16 - [TEST_STEP][PASSED] - i1 = z.indexOf("/") + 1: null

04-12-2024T07:28:16 - [TEST_STEP][PASSED] - if (i1 > -1): null

04-12-2024T07:28:16 - [TEST_STEP][PASSED] - z = z.substring(i1, z.length()): null

04-12-2024T07:28:16 - [TEST_STEP][PASSED] - i1 = z.indexOf("/"): null

04-12-2024T07:28:16 - [TEST_STEP][PASSED] - i1 = z.indexOf("/") + 1: null

04-12-2024T07:28:16 - [TEST_STEP][PASSED] - if (i1 > -1): null

04-12-2024T07:28:16 - [TEST_STEP][PASSED] - z = z.substring(i1, z.length()): null

04-12-2024T07:28:16 - [TEST_STEP][PASSED] - i1 = z.indexOf("/"): null

04-12-2024T07:28:16 - [TEST_STEP][PASSED] - i1 = z.indexOf("/") + 1: null

04-12-2024T07:28:16 - [TEST_STEP][PASSED] - if (i1 > -1): null

04-12-2024T07:28:16 - [TEST_STEP][PASSED] - z = z.substring(i1, z.length()): null

04-12-2024T07:28:16 - [TEST_STEP][PASSED] - i1 = z.indexOf("/"): null

04-12-2024T07:28:16 - [TEST_STEP][PASSED] - i1 = z.indexOf("/") + 1: null

04-12-2024T07:28:16 - [TEST_STEP][PASSED] - if (i1 > -1): null

04-12-2024T07:28:16 - [TEST_STEP][PASSED] - z = z.substring(i1, z.length()): null

04-12-2024T07:28:16 - [TEST_STEP][PASSED] - i1 = z.indexOf("/"): null

04-12-2024T07:28:16 - [TEST_STEP][PASSED] - i1 = z.indexOf("/") + 1: null

04-12-2024T07:28:16 - [TEST_STEP][PASSED] - if (i1 > -1): null

04-12-2024T07:28:16 - [TEST_STEP][PASSED] - z = z.substring(i1, z.length()): null

04-12-2024T07:28:16 - [TEST_STEP][PASSED] - i1 = z.indexOf("/"): null

04-12-2024T07:28:16 - [TEST_STEP][PASSED] - i1 = z.indexOf("/") + 1: null

04-12-2024T07:28:16 - [TEST_STEP][PASSED] - if (i1 > -1): null

04-12-2024T07:28:16 - [TEST_STEP][PASSED] - z = z.substring(i1, z.length()): null

04-12-2024T07:28:16 - [TEST_STEP][PASSED] - i1 = z.indexOf("/"): null

04-12-2024T07:28:16 - [TEST_STEP][PASSED] - i1 = z.indexOf("/") + 1: null

04-12-2024T07:28:16 - [TEST_STEP][PASSED] - if (i1 > -1): null

04-12-2024T07:28:16 - [TEST_STEP][PASSED] - z = z.substring(i1, z.length()): null

04-12-2024T07:28:16 - [TEST_STEP][PASSED] - i1 = z.indexOf("/"): null

04-12-2024T07:28:16 - [TEST_STEP][PASSED] - i1 = z.indexOf("/"): null

04-12-2024T07:28:16 - [TEST_STEP][PASSED] - if (i1 > -1): null

04-12-2024T07:28:16 - [TEST_STEP][PASSED] - z = z.substring(0, i1): null

04-12-2024T07:28:16 - [TEST_STEP][PASSED] - z = z.replace(",", "."): null

04-12-2024T07:28:16 - [TEST_STEP][PASSED] - println(z): null

04-12-2024T07:28:16 - [TEST_STEP][PASSED] - x = x + "/" + z: null

04-12-2024T07:28:16 - [TEST_STEP][PASSED] - x = x.replaceAll("[\r?
|
]", ""): null

04-12-2024T07:28:16 - [TEST_STEP][PASSED] - println(x): null

04-12-2024T07:28:16 - [TEST_STEP][PASSED] - return x: null

04-12-2024T07:28:16 - [TEST_STEP][PASSED] - println("sZB: " + sZB): null

04-12-2024T07:28:16 - [TEST_STEP][PASSED] - i = VseDZO.indexOf("Сибирь"): null

04-12-2024T07:28:16 - [TEST_STEP][PASSED] - if (i > -1): null

04-12-2024T07:28:16 - [TEST_STEP][PASSED] - dZONum = dZONum + 1: null

04-12-2024T07:28:16 - [TEST_STEP][PASSED] - siB = GetAllData(path, dZONum, VseDZO, x = "Россети Сибирь (ГК)/"): null

04-12-2024T07:28:16 - [TEST_STEP][PASSED] - ii = <not implemented yet for class: org.codehaus.groovy.ast.expr.EmptyExpression>: null

04-12-2024T07:28:16 - [TEST_STEP][PASSED] - i1 = <not implemented yet for class: org.codehaus.groovy.ast.expr.EmptyExpression>: null

04-12-2024T07:28:16 - [TEST_STEP][PASSED] - z = <not implemented yet for class: org.codehaus.groovy.ast.expr.EmptyExpression>: null

04-12-2024T07:28:16 - [TEST_STEP][PASSED] - path2 = "Значения со страницы Выполнение бизнес-плана/Table Data/": null

04-12-2024T07:28:16 - [TEST_STEP][PASSED] - println("path: " + path): null

04-12-2024T07:28:16 - [TEST_STEP][PASSED] - println("dZONum: " + dZONum): null

04-12-2024T07:28:16 - [TEST_STEP][PASSED] - z = getText(findTestObject(path + "spanPlan" + dZONum)): Text of object 'Object Repository/Выполнение бизнес-плана/Выполнение бизнес-плана Балансы/spanPlan10' is: '7.14
|'

04-12-2024T07:28:16 - [MESSAGE][PASSED] - Text of object 'Object Repository/Выполнение бизнес-плана/Выполнение бизнес-плана Балансы/spanPlan10' is: '7.14
|'

04-12-2024T07:28:16 - [TEST_STEP][PASSED] - println(z): null

04-12-2024T07:28:16 - [TEST_STEP][PASSED] - ii = z.indexOf("|"): null

04-12-2024T07:28:16 - [TEST_STEP][PASSED] - if (ii > -1): null

04-12-2024T07:28:16 - [TEST_STEP][PASSED] - z = z.substring(0, z.length() - 1): null

04-12-2024T07:28:16 - [TEST_STEP][PASSED] - println(z): null

04-12-2024T07:28:16 - [TEST_STEP][PASSED] - z = z.replaceAll("\s+", ""): null

04-12-2024T07:28:16 - [TEST_STEP][PASSED] - z = z.replace("[\r?
|
]", "/"): null

04-12-2024T07:28:16 - [TEST_STEP][PASSED] - println(z): null

04-12-2024T07:28:16 - [TEST_STEP][PASSED] - x = x + z: null

04-12-2024T07:28:16 - [TEST_STEP][PASSED] - z = getText(findTestObject(path + "spanFact" + dZONum)): Text of object 'Object Repository/Выполнение бизнес-плана/Выполнение бизнес-плана Балансы/spanFact10' is: '7.09'

04-12-2024T07:28:17 - [MESSAGE][PASSED] - Text of object 'Object Repository/Выполнение бизнес-плана/Выполнение бизнес-плана Балансы/spanFact10' is: '7.09'

04-12-2024T07:28:17 - [TEST_STEP][PASSED] - ii = z.indexOf("|"): null

04-12-2024T07:28:17 - [TEST_STEP][PASSED] - if (ii > -1): null

04-12-2024T07:28:17 - [TEST_STEP][PASSED] - x = x + "/" + z: null

04-12-2024T07:28:17 - [TEST_STEP][PASSED] - z = getText(findTestObject(path + path2 + "Факт Отпуск в сеть за отчётный период " + dZONum)).replaceAll("\s+", ""): Text of object 'Object Repository/Выполнение бизнес-плана/Выполнение бизнес-плана Балансы/Значения со страницы Выполнение бизнес-плана/Table Data/Факт Отпуск в сеть за отчётный период 10' is: '52 412 668'

04-12-2024T07:28:17 - [MESSAGE][PASSED] - Text of object 'Object Repository/Выполнение бизнес-плана/Выполнение бизнес-плана Балансы/Значения со страницы Выполнение бизнес-плана/Table Data/Факт Отпуск в сеть за отчётный период 10' is: '52 412 668'

04-12-2024T07:28:17 - [TEST_STEP][PASSED] - x = x + "/" + z: null

04-12-2024T07:28:17 - [TEST_STEP][PASSED] - z = getText(findTestObject(path + path2 + "Факт Отпуск из сети за отчётный период " + dZONum)).replaceAll("\s+", ""): Text of object 'Object Repository/Выполнение бизнес-плана/Выполнение бизнес-плана Балансы/Значения со страницы Выполнение бизнес-плана/Table Data/Факт Отпуск из сети за отчётный период 10' is: '48 697 705'

04-12-2024T07:28:17 - [MESSAGE][PASSED] - Text of object 'Object Repository/Выполнение бизнес-плана/Выполнение бизнес-плана Балансы/Значения со страницы Выполнение бизнес-плана/Table Data/Факт Отпуск из сети за отчётный период 10' is: '48 697 705'

04-12-2024T07:28:17 - [TEST_STEP][PASSED] - x = x + "/" + z: null

04-12-2024T07:28:17 - [TEST_STEP][PASSED] - z = getText(findTestObject(path + path2 + "Факт Потери за отчётный период " + dZONum)).replaceAll("\s+", ""): Text of object 'Object Repository/Выполнение бизнес-плана/Выполнение бизнес-плана Балансы/Значения со страницы Выполнение бизнес-плана/Table Data/Факт Потери за отчётный период 10' is: '3 714 964'

04-12-2024T07:28:18 - [MESSAGE][PASSED] - Text of object 'Object Repository/Выполнение бизнес-плана/Выполнение бизнес-плана Балансы/Значения со страницы Выполнение бизнес-плана/Table Data/Факт Потери за отчётный период 10' is: '3 714 964'

04-12-2024T07:28:18 - [TEST_STEP][PASSED] - x = x + "/" + z: null

04-12-2024T07:28:18 - [TEST_STEP][PASSED] - z = getText(findTestObject(path + path2 + "План Отпуск в сеть за отчётный период " + dZONum)).replaceAll("\s+", ""): Text of object 'Object Repository/Выполнение бизнес-плана/Выполнение бизнес-плана Балансы/Значения со страницы Выполнение бизнес-плана/Table Data/План Отпуск в сеть за отчётный период 10' is: '50 003 068'

04-12-2024T07:28:18 - [MESSAGE][PASSED] - Text of object 'Object Repository/Выполнение бизнес-плана/Выполнение бизнес-плана Балансы/Значения со страницы Выполнение бизнес-плана/Table Data/План Отпуск в сеть за отчётный период 10' is: '50 003 068'

04-12-2024T07:28:18 - [TEST_STEP][PASSED] - x = x + "/" + z: null

04-12-2024T07:28:18 - [TEST_STEP][PASSED] - z = getText(findTestObject(path + path2 + "План Отпуск из сети за отчётный период " + dZONum)).replaceAll("\s+", ""): Text of object 'Object Repository/Выполнение бизнес-плана/Выполнение бизнес-плана Балансы/Значения со страницы Выполнение бизнес-плана/Table Data/План Отпуск из сети за отчётный период 10' is: '46 434 624'

04-12-2024T07:28:18 - [MESSAGE][PASSED] - Text of object 'Object Repository/Выполнение бизнес-плана/Выполнение бизнес-плана Балансы/Значения со страницы Выполнение бизнес-плана/Table Data/План Отпуск из сети за отчётный период 10' is: '46 434 624'

04-12-2024T07:28:18 - [TEST_STEP][PASSED] - x = x + "/" + z: null

04-12-2024T07:28:18 - [TEST_STEP][PASSED] - z = getText(findTestObject(path + path2 + "План Потери за отчётный период " + dZONum)).replaceAll("\s+", ""): Text of object 'Object Repository/Выполнение бизнес-плана/Выполнение бизнес-плана Балансы/Значения со страницы Выполнение бизнес-плана/Table Data/План Потери за отчётный период 10' is: '3 568 444'

04-12-2024T07:28:19 - [MESSAGE][PASSED] - Text of object 'Object Repository/Выполнение бизнес-плана/Выполнение бизнес-плана Балансы/Значения со страницы Выполнение бизнес-плана/Table Data/План Потери за отчётный период 10' is: '3 568 444'

04-12-2024T07:28:19 - [TEST_STEP][PASSED] - x = x + "/" + z: null

04-12-2024T07:28:19 - [TEST_STEP][PASSED] - z = getText(findTestObject(path + "Список ДЗО")).replaceAll("[\r?
|
]", "/"): Text of object 'Object Repository/Выполнение бизнес-плана/Выполнение бизнес-плана Балансы/Список ДЗО' is: '-0.21
-0.07
3.72
-0.38
-0.73
0.09
0.09
3.84
-0.41
-0.05
-0.01
0.15
-0.11
-0.50
-0.27
-0.45
-0.05
Россети ФСКЕЭС
АО«Тываэнерго»
АО«Чеченэнерго»
РоссетиВолга
РоссетиКубань
РоссетиЛенэнерго(ГК)
РоссетиМосковскийрегион
РоссетиСеверныйКавказ
РоссетиСеверо-Запад
РоссетиСибирь
РоссетиТомск
РоссетиТюмень
Россети Урал(ГК)
РоссетиЦентр (ГК)
РоссетиЦентр иПриволжье(ГК)
Россети Юг(ГК)
РоссетиЯнтарь
-2
0
2
4
6
8'

04-12-2024T07:28:19 - [MESSAGE][PASSED] - Text of object 'Object Repository/Выполнение бизнес-плана/Выполнение бизнес-плана Балансы/Список ДЗО' is: '-0.21
-0.07
3.72
-0.38
-0.73
0.09
0.09
3.84
-0.41
-0.05
-0.01
0.15
-0.11
-0.50
-0.27
-0.45
-0.05
Россети ФСКЕЭС
АО«Тываэнерго»
АО«Чеченэнерго»
РоссетиВолга
РоссетиКубань
РоссетиЛенэнерго(ГК)
РоссетиМосковскийрегион
РоссетиСеверныйКавказ
РоссетиСеверо-Запад
РоссетиСибирь
РоссетиТомск
РоссетиТюмень
Россети Урал(ГК)
РоссетиЦентр (ГК)
РоссетиЦентр иПриволжье(ГК)
Россети Юг(ГК)
РоссетиЯнтарь
-2
0
2
4
6
8'

04-12-2024T07:28:19 - [TEST_STEP][PASSED] - for ([ii = 1, ii < dZONum, (ii++)]): null

04-12-2024T07:28:19 - [TEST_STEP][PASSED] - i1 = z.indexOf("/") + 1: null

04-12-2024T07:28:19 - [TEST_STEP][PASSED] - if (i1 > -1): null

04-12-2024T07:28:19 - [TEST_STEP][PASSED] - z = z.substring(i1, z.length()): null

04-12-2024T07:28:19 - [TEST_STEP][PASSED] - i1 = z.indexOf("/"): null

04-12-2024T07:28:19 - [TEST_STEP][PASSED] - i1 = z.indexOf("/") + 1: null

04-12-2024T07:28:19 - [TEST_STEP][PASSED] - if (i1 > -1): null

04-12-2024T07:28:19 - [TEST_STEP][PASSED] - z = z.substring(i1, z.length()): null

04-12-2024T07:28:19 - [TEST_STEP][PASSED] - i1 = z.indexOf("/"): null

04-12-2024T07:28:19 - [TEST_STEP][PASSED] - i1 = z.indexOf("/") + 1: null

04-12-2024T07:28:19 - [TEST_STEP][PASSED] - if (i1 > -1): null

04-12-2024T07:28:19 - [TEST_STEP][PASSED] - z = z.substring(i1, z.length()): null

04-12-2024T07:28:19 - [TEST_STEP][PASSED] - i1 = z.indexOf("/"): null

04-12-2024T07:28:19 - [TEST_STEP][PASSED] - i1 = z.indexOf("/") + 1: null

04-12-2024T07:28:19 - [TEST_STEP][PASSED] - if (i1 > -1): null

04-12-2024T07:28:19 - [TEST_STEP][PASSED] - z = z.substring(i1, z.length()): null

04-12-2024T07:28:19 - [TEST_STEP][PASSED] - i1 = z.indexOf("/"): null

04-12-2024T07:28:19 - [TEST_STEP][PASSED] - i1 = z.indexOf("/") + 1: null

04-12-2024T07:28:19 - [TEST_STEP][PASSED] - if (i1 > -1): null

04-12-2024T07:28:19 - [TEST_STEP][PASSED] - z = z.substring(i1, z.length()): null

04-12-2024T07:28:19 - [TEST_STEP][PASSED] - i1 = z.indexOf("/"): null

04-12-2024T07:28:19 - [TEST_STEP][PASSED] - i1 = z.indexOf("/") + 1: null

04-12-2024T07:28:19 - [TEST_STEP][PASSED] - if (i1 > -1): null

04-12-2024T07:28:19 - [TEST_STEP][PASSED] - z = z.substring(i1, z.length()): null

04-12-2024T07:28:19 - [TEST_STEP][PASSED] - i1 = z.indexOf("/"): null

04-12-2024T07:28:19 - [TEST_STEP][PASSED] - i1 = z.indexOf("/") + 1: null

04-12-2024T07:28:19 - [TEST_STEP][PASSED] - if (i1 > -1): null

04-12-2024T07:28:19 - [TEST_STEP][PASSED] - z = z.substring(i1, z.length()): null

04-12-2024T07:28:19 - [TEST_STEP][PASSED] - i1 = z.indexOf("/"): null

04-12-2024T07:28:19 - [TEST_STEP][PASSED] - i1 = z.indexOf("/") + 1: null

04-12-2024T07:28:19 - [TEST_STEP][PASSED] - if (i1 > -1): null

04-12-2024T07:28:19 - [TEST_STEP][PASSED] - z = z.substring(i1, z.length()): null

04-12-2024T07:28:19 - [TEST_STEP][PASSED] - i1 = z.indexOf("/"): null

04-12-2024T07:28:19 - [TEST_STEP][PASSED] - i1 = z.indexOf("/") + 1: null

04-12-2024T07:28:19 - [TEST_STEP][PASSED] - if (i1 > -1): null

04-12-2024T07:28:19 - [TEST_STEP][PASSED] - z = z.substring(i1, z.length()): null

04-12-2024T07:28:19 - [TEST_STEP][PASSED] - i1 = z.indexOf("/"): null

04-12-2024T07:28:19 - [TEST_STEP][PASSED] - i1 = z.indexOf("/"): null

04-12-2024T07:28:19 - [TEST_STEP][PASSED] - if (i1 > -1): null

04-12-2024T07:28:19 - [TEST_STEP][PASSED] - z = z.substring(0, i1): null

04-12-2024T07:28:19 - [TEST_STEP][PASSED] - z = z.replace(",", "."): null

04-12-2024T07:28:19 - [TEST_STEP][PASSED] - println(z): null

04-12-2024T07:28:19 - [TEST_STEP][PASSED] - x = x + "/" + z: null

04-12-2024T07:28:19 - [TEST_STEP][PASSED] - x = x.replaceAll("[\r?
|
]", ""): null

04-12-2024T07:28:19 - [TEST_STEP][PASSED] - println(x): null

04-12-2024T07:28:19 - [TEST_STEP][PASSED] - return x: null

04-12-2024T07:28:19 - [TEST_STEP][PASSED] - println("siB: " + siB): null

04-12-2024T07:28:19 - [TEST_STEP][PASSED] - i = VseDZO.indexOf("Томск"): null

04-12-2024T07:28:19 - [TEST_STEP][PASSED] - if (i > -1): null

04-12-2024T07:28:19 - [TEST_STEP][PASSED] - dZONum = dZONum + 1: null

04-12-2024T07:28:19 - [TEST_STEP][PASSED] - tomB = GetAllData(path, dZONum, VseDZO, x = "Россети Томск/"): null

04-12-2024T07:28:19 - [TEST_STEP][PASSED] - ii = <not implemented yet for class: org.codehaus.groovy.ast.expr.EmptyExpression>: null

04-12-2024T07:28:19 - [TEST_STEP][PASSED] - i1 = <not implemented yet for class: org.codehaus.groovy.ast.expr.EmptyExpression>: null

04-12-2024T07:28:19 - [TEST_STEP][PASSED] - z = <not implemented yet for class: org.codehaus.groovy.ast.expr.EmptyExpression>: null

04-12-2024T07:28:19 - [TEST_STEP][PASSED] - path2 = "Значения со страницы Выполнение бизнес-плана/Table Data/": null

04-12-2024T07:28:19 - [TEST_STEP][PASSED] - println("path: " + path): null

04-12-2024T07:28:19 - [TEST_STEP][PASSED] - println("dZONum: " + dZONum): null

04-12-2024T07:28:19 - [TEST_STEP][PASSED] - z = getText(findTestObject(path + "spanPlan" + dZONum)): Text of object 'Object Repository/Выполнение бизнес-плана/Выполнение бизнес-плана Балансы/spanPlan11' is: '8.29
|'

04-12-2024T07:28:19 - [MESSAGE][PASSED] - Text of object 'Object Repository/Выполнение бизнес-плана/Выполнение бизнес-плана Балансы/spanPlan11' is: '8.29
|'

04-12-2024T07:28:19 - [TEST_STEP][PASSED] - println(z): null

04-12-2024T07:28:19 - [TEST_STEP][PASSED] - ii = z.indexOf("|"): null

04-12-2024T07:28:19 - [TEST_STEP][PASSED] - if (ii > -1): null

04-12-2024T07:28:19 - [TEST_STEP][PASSED] - z = z.substring(0, z.length() - 1): null

04-12-2024T07:28:19 - [TEST_STEP][PASSED] - println(z): null

04-12-2024T07:28:19 - [TEST_STEP][PASSED] - z = z.replaceAll("\s+", ""): null

04-12-2024T07:28:19 - [TEST_STEP][PASSED] - z = z.replace("[\r?
|
]", "/"): null

04-12-2024T07:28:19 - [TEST_STEP][PASSED] - println(z): null

04-12-2024T07:28:19 - [TEST_STEP][PASSED] - x = x + z: null

04-12-2024T07:28:19 - [TEST_STEP][PASSED] - z = getText(findTestObject(path + "spanFact" + dZONum)): Text of object 'Object Repository/Выполнение бизнес-плана/Выполнение бизнес-плана Балансы/spanFact11' is: '8.28'

04-12-2024T07:28:19 - [MESSAGE][PASSED] - Text of object 'Object Repository/Выполнение бизнес-плана/Выполнение бизнес-плана Балансы/spanFact11' is: '8.28'

04-12-2024T07:28:19 - [TEST_STEP][PASSED] - ii = z.indexOf("|"): null

04-12-2024T07:28:19 - [TEST_STEP][PASSED] - if (ii > -1): null

04-12-2024T07:28:19 - [TEST_STEP][PASSED] - x = x + "/" + z: null

04-12-2024T07:28:19 - [TEST_STEP][PASSED] - z = getText(findTestObject(path + path2 + "Факт Отпуск в сеть за отчётный период " + dZONum)).replaceAll("\s+", ""): Text of object 'Object Repository/Выполнение бизнес-плана/Выполнение бизнес-плана Балансы/Значения со страницы Выполнение бизнес-плана/Table Data/Факт Отпуск в сеть за отчётный период 11' is: '4 235 220'

04-12-2024T07:28:20 - [MESSAGE][PASSED] - Text of object 'Object Repository/Выполнение бизнес-плана/Выполнение бизнес-плана Балансы/Значения со страницы Выполнение бизнес-плана/Table Data/Факт Отпуск в сеть за отчётный период 11' is: '4 235 220'

04-12-2024T07:28:20 - [TEST_STEP][PASSED] - x = x + "/" + z: null

04-12-2024T07:28:20 - [TEST_STEP][PASSED] - z = getText(findTestObject(path + path2 + "Факт Отпуск из сети за отчётный период " + dZONum)).replaceAll("\s+", ""): Text of object 'Object Repository/Выполнение бизнес-плана/Выполнение бизнес-плана Балансы/Значения со страницы Выполнение бизнес-плана/Table Data/Факт Отпуск из сети за отчётный период 11' is: '3 884 378'

04-12-2024T07:28:20 - [MESSAGE][PASSED] - Text of object 'Object Repository/Выполнение бизнес-плана/Выполнение бизнес-плана Балансы/Значения со страницы Выполнение бизнес-плана/Table Data/Факт Отпуск из сети за отчётный период 11' is: '3 884 378'

04-12-2024T07:28:20 - [TEST_STEP][PASSED] - x = x + "/" + z: null

04-12-2024T07:28:20 - [TEST_STEP][PASSED] - z = getText(findTestObject(path + path2 + "Факт Потери за отчётный период " + dZONum)).replaceAll("\s+", ""): Text of object 'Object Repository/Выполнение бизнес-плана/Выполнение бизнес-плана Балансы/Значения со страницы Выполнение бизнес-плана/Table Data/Факт Потери за отчётный период 11' is: '350 842'

04-12-2024T07:28:20 - [MESSAGE][PASSED] - Text of object 'Object Repository/Выполнение бизнес-плана/Выполнение бизнес-плана Балансы/Значения со страницы Выполнение бизнес-плана/Table Data/Факт Потери за отчётный период 11' is: '350 842'

04-12-2024T07:28:20 - [TEST_STEP][PASSED] - x = x + "/" + z: null

04-12-2024T07:28:20 - [TEST_STEP][PASSED] - z = getText(findTestObject(path + path2 + "План Отпуск в сеть за отчётный период " + dZONum)).replaceAll("\s+", ""): Text of object 'Object Repository/Выполнение бизнес-плана/Выполнение бизнес-плана Балансы/Значения со страницы Выполнение бизнес-плана/Table Data/План Отпуск в сеть за отчётный период 11' is: '4 062 314'

04-12-2024T07:28:21 - [MESSAGE][PASSED] - Text of object 'Object Repository/Выполнение бизнес-плана/Выполнение бизнес-плана Балансы/Значения со страницы Выполнение бизнес-плана/Table Data/План Отпуск в сеть за отчётный период 11' is: '4 062 314'

04-12-2024T07:28:21 - [TEST_STEP][PASSED] - x = x + "/" + z: null

04-12-2024T07:28:21 - [TEST_STEP][PASSED] - z = getText(findTestObject(path + path2 + "План Отпуск из сети за отчётный период " + dZONum)).replaceAll("\s+", ""): Text of object 'Object Repository/Выполнение бизнес-плана/Выполнение бизнес-плана Балансы/Значения со страницы Выполнение бизнес-плана/Table Data/План Отпуск из сети за отчётный период 11' is: '3 725 557'

04-12-2024T07:28:21 - [MESSAGE][PASSED] - Text of object 'Object Repository/Выполнение бизнес-плана/Выполнение бизнес-плана Балансы/Значения со страницы Выполнение бизнес-плана/Table Data/План Отпуск из сети за отчётный период 11' is: '3 725 557'

04-12-2024T07:28:21 - [TEST_STEP][PASSED] - x = x + "/" + z: null

04-12-2024T07:28:21 - [TEST_STEP][PASSED] - z = getText(findTestObject(path + path2 + "План Потери за отчётный период " + dZONum)).replaceAll("\s+", ""): Text of object 'Object Repository/Выполнение бизнес-плана/Выполнение бизнес-плана Балансы/Значения со страницы Выполнение бизнес-плана/Table Data/План Потери за отчётный период 11' is: '336 757'

04-12-2024T07:28:21 - [MESSAGE][PASSED] - Text of object 'Object Repository/Выполнение бизнес-плана/Выполнение бизнес-плана Балансы/Значения со страницы Выполнение бизнес-плана/Table Data/План Потери за отчётный период 11' is: '336 757'

04-12-2024T07:28:21 - [TEST_STEP][PASSED] - x = x + "/" + z: null

04-12-2024T07:28:21 - [TEST_STEP][PASSED] - z = getText(findTestObject(path + "Список ДЗО")).replaceAll("[\r?
|
]", "/"): Text of object 'Object Repository/Выполнение бизнес-плана/Выполнение бизнес-плана Балансы/Список ДЗО' is: '-0.21
-0.07
3.72
-0.38
-0.73
0.09
0.09
3.84
-0.41
-0.05
-0.01
0.15
-0.11
-0.50
-0.27
-0.45
-0.05
Россети ФСКЕЭС
АО«Тываэнерго»
АО«Чеченэнерго»
РоссетиВолга
РоссетиКубань
РоссетиЛенэнерго(ГК)
РоссетиМосковскийрегион
РоссетиСеверныйКавказ
РоссетиСеверо-Запад
РоссетиСибирь
РоссетиТомск
РоссетиТюмень
Россети Урал(ГК)
РоссетиЦентр (ГК)
РоссетиЦентр иПриволжье(ГК)
Россети Юг(ГК)
РоссетиЯнтарь
-2
0
2
4
6
8'

04-12-2024T07:28:22 - [MESSAGE][PASSED] - Text of object 'Object Repository/Выполнение бизнес-плана/Выполнение бизнес-плана Балансы/Список ДЗО' is: '-0.21
-0.07
3.72
-0.38
-0.73
0.09
0.09
3.84
-0.41
-0.05
-0.01
0.15
-0.11
-0.50
-0.27
-0.45
-0.05
Россети ФСКЕЭС
АО«Тываэнерго»
АО«Чеченэнерго»
РоссетиВолга
РоссетиКубань
РоссетиЛенэнерго(ГК)
РоссетиМосковскийрегион
РоссетиСеверныйКавказ
РоссетиСеверо-Запад
РоссетиСибирь
РоссетиТомск
РоссетиТюмень
Россети Урал(ГК)
РоссетиЦентр (ГК)
РоссетиЦентр иПриволжье(ГК)
Россети Юг(ГК)
РоссетиЯнтарь
-2
0
2
4
6
8'

04-12-2024T07:28:22 - [TEST_STEP][PASSED] - for ([ii = 1, ii < dZONum, (ii++)]): null

04-12-2024T07:28:22 - [TEST_STEP][PASSED] - i1 = z.indexOf("/") + 1: null

04-12-2024T07:28:22 - [TEST_STEP][PASSED] - if (i1 > -1): null

04-12-2024T07:28:22 - [TEST_STEP][PASSED] - z = z.substring(i1, z.length()): null

04-12-2024T07:28:22 - [TEST_STEP][PASSED] - i1 = z.indexOf("/"): null

04-12-2024T07:28:22 - [TEST_STEP][PASSED] - i1 = z.indexOf("/") + 1: null

04-12-2024T07:28:22 - [TEST_STEP][PASSED] - if (i1 > -1): null

04-12-2024T07:28:22 - [TEST_STEP][PASSED] - z = z.substring(i1, z.length()): null

04-12-2024T07:28:22 - [TEST_STEP][PASSED] - i1 = z.indexOf("/"): null

04-12-2024T07:28:22 - [TEST_STEP][PASSED] - i1 = z.indexOf("/") + 1: null

04-12-2024T07:28:22 - [TEST_STEP][PASSED] - if (i1 > -1): null

04-12-2024T07:28:22 - [TEST_STEP][PASSED] - z = z.substring(i1, z.length()): null

04-12-2024T07:28:22 - [TEST_STEP][PASSED] - i1 = z.indexOf("/"): null

04-12-2024T07:28:22 - [TEST_STEP][PASSED] - i1 = z.indexOf("/") + 1: null

04-12-2024T07:28:22 - [TEST_STEP][PASSED] - if (i1 > -1): null

04-12-2024T07:28:22 - [TEST_STEP][PASSED] - z = z.substring(i1, z.length()): null

04-12-2024T07:28:22 - [TEST_STEP][PASSED] - i1 = z.indexOf("/"): null

04-12-2024T07:28:22 - [TEST_STEP][PASSED] - i1 = z.indexOf("/") + 1: null

04-12-2024T07:28:22 - [TEST_STEP][PASSED] - if (i1 > -1): null

04-12-2024T07:28:22 - [TEST_STEP][PASSED] - z = z.substring(i1, z.length()): null

04-12-2024T07:28:22 - [TEST_STEP][PASSED] - i1 = z.indexOf("/"): null

04-12-2024T07:28:22 - [TEST_STEP][PASSED] - i1 = z.indexOf("/") + 1: null

04-12-2024T07:28:22 - [TEST_STEP][PASSED] - if (i1 > -1): null

04-12-2024T07:28:22 - [TEST_STEP][PASSED] - z = z.substring(i1, z.length()): null

04-12-2024T07:28:22 - [TEST_STEP][PASSED] - i1 = z.indexOf("/"): null

04-12-2024T07:28:22 - [TEST_STEP][PASSED] - i1 = z.indexOf("/") + 1: null

04-12-2024T07:28:22 - [TEST_STEP][PASSED] - if (i1 > -1): null

04-12-2024T07:28:22 - [TEST_STEP][PASSED] - z = z.substring(i1, z.length()): null

04-12-2024T07:28:22 - [TEST_STEP][PASSED] - i1 = z.indexOf("/"): null

04-12-2024T07:28:22 - [TEST_STEP][PASSED] - i1 = z.indexOf("/") + 1: null

04-12-2024T07:28:22 - [TEST_STEP][PASSED] - if (i1 > -1): null

04-12-2024T07:28:22 - [TEST_STEP][PASSED] - z = z.substring(i1, z.length()): null

04-12-2024T07:28:22 - [TEST_STEP][PASSED] - i1 = z.indexOf("/"): null

04-12-2024T07:28:22 - [TEST_STEP][PASSED] - i1 = z.indexOf("/") + 1: null

04-12-2024T07:28:22 - [TEST_STEP][PASSED] - if (i1 > -1): null

04-12-2024T07:28:22 - [TEST_STEP][PASSED] - z = z.substring(i1, z.length()): null

04-12-2024T07:28:22 - [TEST_STEP][PASSED] - i1 = z.indexOf("/"): null

04-12-2024T07:28:22 - [TEST_STEP][PASSED] - i1 = z.indexOf("/") + 1: null

04-12-2024T07:28:22 - [TEST_STEP][PASSED] - if (i1 > -1): null

04-12-2024T07:28:22 - [TEST_STEP][PASSED] - z = z.substring(i1, z.length()): null

04-12-2024T07:28:22 - [TEST_STEP][PASSED] - i1 = z.indexOf("/"): null

04-12-2024T07:28:22 - [TEST_STEP][PASSED] - i1 = z.indexOf("/"): null

04-12-2024T07:28:22 - [TEST_STEP][PASSED] - if (i1 > -1): null

04-12-2024T07:28:22 - [TEST_STEP][PASSED] - z = z.substring(0, i1): null

04-12-2024T07:28:22 - [TEST_STEP][PASSED] - z = z.replace(",", "."): null

04-12-2024T07:28:22 - [TEST_STEP][PASSED] - println(z): null

04-12-2024T07:28:22 - [TEST_STEP][PASSED] - x = x + "/" + z: null

04-12-2024T07:28:22 - [TEST_STEP][PASSED] - x = x.replaceAll("[\r?
|
]", ""): null

04-12-2024T07:28:22 - [TEST_STEP][PASSED] - println(x): null

04-12-2024T07:28:22 - [TEST_STEP][PASSED] - return x: null

04-12-2024T07:28:22 - [TEST_STEP][PASSED] - println("tomB: " + tomB): null

04-12-2024T07:28:22 - [TEST_STEP][PASSED] - i = VseDZO.indexOf("Тюмень"): null

04-12-2024T07:28:22 - [TEST_STEP][PASSED] - if (i > -1): null

04-12-2024T07:28:22 - [TEST_STEP][PASSED] - dZONum = dZONum + 1: null

04-12-2024T07:28:22 - [TEST_STEP][PASSED] - tyumB = GetAllData(path, dZONum, VseDZO, x = "Россети Тюмень/"): null

04-12-2024T07:28:22 - [TEST_STEP][PASSED] - ii = <not implemented yet for class: org.codehaus.groovy.ast.expr.EmptyExpression>: null

04-12-2024T07:28:22 - [TEST_STEP][PASSED] - i1 = <not implemented yet for class: org.codehaus.groovy.ast.expr.EmptyExpression>: null

04-12-2024T07:28:22 - [TEST_STEP][PASSED] - z = <not implemented yet for class: org.codehaus.groovy.ast.expr.EmptyExpression>: null

04-12-2024T07:28:22 - [TEST_STEP][PASSED] - path2 = "Значения со страницы Выполнение бизнес-плана/Table Data/": null

04-12-2024T07:28:22 - [TEST_STEP][PASSED] - println("path: " + path): null

04-12-2024T07:28:22 - [TEST_STEP][PASSED] - println("dZONum: " + dZONum): null

04-12-2024T07:28:22 - [TEST_STEP][PASSED] - z = getText(findTestObject(path + "spanPlan" + dZONum)): Text of object 'Object Repository/Выполнение бизнес-плана/Выполнение бизнес-плана Балансы/spanPlan12' is: '2.50'

04-12-2024T07:28:22 - [MESSAGE][PASSED] - Text of object 'Object Repository/Выполнение бизнес-плана/Выполнение бизнес-плана Балансы/spanPlan12' is: '2.50'

04-12-2024T07:28:22 - [TEST_STEP][PASSED] - println(z): null

04-12-2024T07:28:22 - [TEST_STEP][PASSED] - ii = z.indexOf("|"): null

04-12-2024T07:28:22 - [TEST_STEP][PASSED] - if (ii > -1): null

04-12-2024T07:28:22 - [TEST_STEP][PASSED] - z = z.replaceAll("\s+", ""): null

04-12-2024T07:28:22 - [TEST_STEP][PASSED] - z = z.replace("[\r?
|
]", "/"): null

04-12-2024T07:28:22 - [TEST_STEP][PASSED] - println(z): null

04-12-2024T07:28:22 - [TEST_STEP][PASSED] - x = x + z: null

04-12-2024T07:28:22 - [TEST_STEP][PASSED] - z = getText(findTestObject(path + "spanFact" + dZONum)): Text of object 'Object Repository/Выполнение бизнес-плана/Выполнение бизнес-плана Балансы/spanFact12' is: '2.65
|'

04-12-2024T07:28:22 - [MESSAGE][PASSED] - Text of object 'Object Repository/Выполнение бизнес-плана/Выполнение бизнес-плана Балансы/spanFact12' is: '2.65
|'

04-12-2024T07:28:22 - [TEST_STEP][PASSED] - ii = z.indexOf("|"): null

04-12-2024T07:28:22 - [TEST_STEP][PASSED] - if (ii > -1): null

04-12-2024T07:28:22 - [TEST_STEP][PASSED] - z = length() - 1).replace("[\r?
|
]", "/"): null

04-12-2024T07:28:22 - [TEST_STEP][PASSED] - x = x + "/" + z: null

04-12-2024T07:28:22 - [TEST_STEP][PASSED] - z = getText(findTestObject(path + path2 + "Факт Отпуск в сеть за отчётный период " + dZONum)).replaceAll("\s+", ""): Text of object 'Object Repository/Выполнение бизнес-плана/Выполнение бизнес-плана Балансы/Значения со страницы Выполнение бизнес-плана/Table Data/Факт Отпуск в сеть за отчётный период 12' is: '43 413 766'

04-12-2024T07:28:23 - [MESSAGE][PASSED] - Text of object 'Object Repository/Выполнение бизнес-плана/Выполнение бизнес-плана Балансы/Значения со страницы Выполнение бизнес-плана/Table Data/Факт Отпуск в сеть за отчётный период 12' is: '43 413 766'

04-12-2024T07:28:23 - [TEST_STEP][PASSED] - x = x + "/" + z: null

04-12-2024T07:28:23 - [TEST_STEP][PASSED] - z = getText(findTestObject(path + path2 + "Факт Отпуск из сети за отчётный период " + dZONum)).replaceAll("\s+", ""): Text of object 'Object Repository/Выполнение бизнес-плана/Выполнение бизнес-плана Балансы/Значения со страницы Выполнение бизнес-плана/Table Data/Факт Отпуск из сети за отчётный период 12' is: '42 264 622'

04-12-2024T07:28:23 - [MESSAGE][PASSED] - Text of object 'Object Repository/Выполнение бизнес-плана/Выполнение бизнес-плана Балансы/Значения со страницы Выполнение бизнес-плана/Table Data/Факт Отпуск из сети за отчётный период 12' is: '42 264 622'

04-12-2024T07:28:23 - [TEST_STEP][PASSED] - x = x + "/" + z: null

04-12-2024T07:28:23 - [TEST_STEP][PASSED] - z = getText(findTestObject(path + path2 + "Факт Потери за отчётный период " + dZONum)).replaceAll("\s+", ""): Text of object 'Object Repository/Выполнение бизнес-плана/Выполнение бизнес-плана Балансы/Значения со страницы Выполнение бизнес-плана/Table Data/Факт Потери за отчётный период 12' is: '1 149 143'

04-12-2024T07:28:23 - [MESSAGE][PASSED] - Text of object 'Object Repository/Выполнение бизнес-плана/Выполнение бизнес-плана Балансы/Значения со страницы Выполнение бизнес-плана/Table Data/Факт Потери за отчётный период 12' is: '1 149 143'

04-12-2024T07:28:23 - [TEST_STEP][PASSED] - x = x + "/" + z: null

04-12-2024T07:28:23 - [TEST_STEP][PASSED] - z = getText(findTestObject(path + path2 + "План Отпуск в сеть за отчётный период " + dZONum)).replaceAll("\s+", ""): Text of object 'Object Repository/Выполнение бизнес-плана/Выполнение бизнес-плана Балансы/Значения со страницы Выполнение бизнес-плана/Table Data/План Отпуск в сеть за отчётный период 12' is: '45 056 130'

04-12-2024T07:28:24 - [MESSAGE][PASSED] - Text of object 'Object Repository/Выполнение бизнес-плана/Выполнение бизнес-плана Балансы/Значения со страницы Выполнение бизнес-плана/Table Data/План Отпуск в сеть за отчётный период 12' is: '45 056 130'

04-12-2024T07:28:24 - [TEST_STEP][PASSED] - x = x + "/" + z: null

04-12-2024T07:28:24 - [TEST_STEP][PASSED] - z = getText(findTestObject(path + path2 + "План Отпуск из сети за отчётный период " + dZONum)).replaceAll("\s+", ""): Text of object 'Object Repository/Выполнение бизнес-плана/Выполнение бизнес-плана Балансы/Значения со страницы Выполнение бизнес-плана/Table Data/План Отпуск из сети за отчётный период 12' is: '43 930 370'

04-12-2024T07:28:24 - [MESSAGE][PASSED] - Text of object 'Object Repository/Выполнение бизнес-плана/Выполнение бизнес-плана Балансы/Значения со страницы Выполнение бизнес-плана/Table Data/План Отпуск из сети за отчётный период 12' is: '43 930 370'

04-12-2024T07:28:24 - [TEST_STEP][PASSED] - x = x + "/" + z: null

04-12-2024T07:28:24 - [TEST_STEP][PASSED] - z = getText(findTestObject(path + path2 + "План Потери за отчётный период " + dZONum)).replaceAll("\s+", ""): Text of object 'Object Repository/Выполнение бизнес-плана/Выполнение бизнес-плана Балансы/Значения со страницы Выполнение бизнес-плана/Table Data/План Потери за отчётный период 12' is: '1 125 760'

04-12-2024T07:28:24 - [MESSAGE][PASSED] - Text of object 'Object Repository/Выполнение бизнес-плана/Выполнение бизнес-плана Балансы/Значения со страницы Выполнение бизнес-плана/Table Data/План Потери за отчётный период 12' is: '1 125 760'

04-12-2024T07:28:24 - [TEST_STEP][PASSED] - x = x + "/" + z: null

04-12-2024T07:28:24 - [TEST_STEP][PASSED] - z = getText(findTestObject(path + "Список ДЗО")).replaceAll("[\r?
|
]", "/"): Text of object 'Object Repository/Выполнение бизнес-плана/Выполнение бизнес-плана Балансы/Список ДЗО' is: '-0.21
-0.07
3.72
-0.38
-0.73
0.09
0.09
3.84
-0.41
-0.05
-0.01
0.15
-0.11
-0.50
-0.27
-0.45
-0.05
Россети ФСКЕЭС
АО«Тываэнерго»
АО«Чеченэнерго»
РоссетиВолга
РоссетиКубань
РоссетиЛенэнерго(ГК)
РоссетиМосковскийрегион
РоссетиСеверныйКавказ
РоссетиСеверо-Запад
РоссетиСибирь
РоссетиТомск
РоссетиТюмень
Россети Урал(ГК)
РоссетиЦентр (ГК)
РоссетиЦентр иПриволжье(ГК)
Россети Юг(ГК)
РоссетиЯнтарь
-2
0
2
4
6
8'

04-12-2024T07:28:24 - [MESSAGE][PASSED] - Text of object 'Object Repository/Выполнение бизнес-плана/Выполнение бизнес-плана Балансы/Список ДЗО' is: '-0.21
-0.07
3.72
-0.38
-0.73
0.09
0.09
3.84
-0.41
-0.05
-0.01
0.15
-0.11
-0.50
-0.27
-0.45
-0.05
Россети ФСКЕЭС
АО«Тываэнерго»
АО«Чеченэнерго»
РоссетиВолга
РоссетиКубань
РоссетиЛенэнерго(ГК)
РоссетиМосковскийрегион
РоссетиСеверныйКавказ
РоссетиСеверо-Запад
РоссетиСибирь
РоссетиТомск
РоссетиТюмень
Россети Урал(ГК)
РоссетиЦентр (ГК)
РоссетиЦентр иПриволжье(ГК)
Россети Юг(ГК)
РоссетиЯнтарь
-2
0
2
4
6
8'

04-12-2024T07:28:24 - [TEST_STEP][PASSED] - for ([ii = 1, ii < dZONum, (ii++)]): null

04-12-2024T07:28:24 - [TEST_STEP][PASSED] - i1 = z.indexOf("/") + 1: null

04-12-2024T07:28:24 - [TEST_STEP][PASSED] - if (i1 > -1): null

04-12-2024T07:28:24 - [TEST_STEP][PASSED] - z = z.substring(i1, z.length()): null

04-12-2024T07:28:24 - [TEST_STEP][PASSED] - i1 = z.indexOf("/"): null

04-12-2024T07:28:24 - [TEST_STEP][PASSED] - i1 = z.indexOf("/") + 1: null

04-12-2024T07:28:24 - [TEST_STEP][PASSED] - if (i1 > -1): null

04-12-2024T07:28:24 - [TEST_STEP][PASSED] - z = z.substring(i1, z.length()): null

04-12-2024T07:28:24 - [TEST_STEP][PASSED] - i1 = z.indexOf("/"): null

04-12-2024T07:28:24 - [TEST_STEP][PASSED] - i1 = z.indexOf("/") + 1: null

04-12-2024T07:28:24 - [TEST_STEP][PASSED] - if (i1 > -1): null

04-12-2024T07:28:24 - [TEST_STEP][PASSED] - z = z.substring(i1, z.length()): null

04-12-2024T07:28:24 - [TEST_STEP][PASSED] - i1 = z.indexOf("/"): null

04-12-2024T07:28:24 - [TEST_STEP][PASSED] - i1 = z.indexOf("/") + 1: null

04-12-2024T07:28:24 - [TEST_STEP][PASSED] - if (i1 > -1): null

04-12-2024T07:28:24 - [TEST_STEP][PASSED] - z = z.substring(i1, z.length()): null

04-12-2024T07:28:24 - [TEST_STEP][PASSED] - i1 = z.indexOf("/"): null

04-12-2024T07:28:24 - [TEST_STEP][PASSED] - i1 = z.indexOf("/") + 1: null

04-12-2024T07:28:24 - [TEST_STEP][PASSED] - if (i1 > -1): null

04-12-2024T07:28:24 - [TEST_STEP][PASSED] - z = z.substring(i1, z.length()): null

04-12-2024T07:28:24 - [TEST_STEP][PASSED] - i1 = z.indexOf("/"): null

04-12-2024T07:28:24 - [TEST_STEP][PASSED] - i1 = z.indexOf("/") + 1: null

04-12-2024T07:28:24 - [TEST_STEP][PASSED] - if (i1 > -1): null

04-12-2024T07:28:24 - [TEST_STEP][PASSED] - z = z.substring(i1, z.length()): null

04-12-2024T07:28:24 - [TEST_STEP][PASSED] - i1 = z.indexOf("/"): null

04-12-2024T07:28:24 - [TEST_STEP][PASSED] - i1 = z.indexOf("/") + 1: null

04-12-2024T07:28:24 - [TEST_STEP][PASSED] - if (i1 > -1): null

04-12-2024T07:28:24 - [TEST_STEP][PASSED] - z = z.substring(i1, z.length()): null

04-12-2024T07:28:24 - [TEST_STEP][PASSED] - i1 = z.indexOf("/"): null

04-12-2024T07:28:24 - [TEST_STEP][PASSED] - i1 = z.indexOf("/") + 1: null

04-12-2024T07:28:24 - [TEST_STEP][PASSED] - if (i1 > -1): null

04-12-2024T07:28:24 - [TEST_STEP][PASSED] - z = z.substring(i1, z.length()): null

04-12-2024T07:28:24 - [TEST_STEP][PASSED] - i1 = z.indexOf("/"): null

04-12-2024T07:28:24 - [TEST_STEP][PASSED] - i1 = z.indexOf("/") + 1: null

04-12-2024T07:28:24 - [TEST_STEP][PASSED] - if (i1 > -1): null

04-12-2024T07:28:24 - [TEST_STEP][PASSED] - z = z.substring(i1, z.length()): null

04-12-2024T07:28:24 - [TEST_STEP][PASSED] - i1 = z.indexOf("/"): null

04-12-2024T07:28:24 - [TEST_STEP][PASSED] - i1 = z.indexOf("/") + 1: null

04-12-2024T07:28:24 - [TEST_STEP][PASSED] - if (i1 > -1): null

04-12-2024T07:28:24 - [TEST_STEP][PASSED] - z = z.substring(i1, z.length()): null

04-12-2024T07:28:24 - [TEST_STEP][PASSED] - i1 = z.indexOf("/"): null

04-12-2024T07:28:24 - [TEST_STEP][PASSED] - i1 = z.indexOf("/") + 1: null

04-12-2024T07:28:24 - [TEST_STEP][PASSED] - if (i1 > -1): null

04-12-2024T07:28:24 - [TEST_STEP][PASSED] - z = z.substring(i1, z.length()): null

04-12-2024T07:28:24 - [TEST_STEP][PASSED] - i1 = z.indexOf("/"): null

04-12-2024T07:28:24 - [TEST_STEP][PASSED] - i1 = z.indexOf("/"): null

04-12-2024T07:28:24 - [TEST_STEP][PASSED] - if (i1 > -1): null

04-12-2024T07:28:24 - [TEST_STEP][PASSED] - z = z.substring(0, i1): null

04-12-2024T07:28:24 - [TEST_STEP][PASSED] - z = z.replace(",", "."): null

04-12-2024T07:28:24 - [TEST_STEP][PASSED] - println(z): null

04-12-2024T07:28:24 - [TEST_STEP][PASSED] - x = x + "/" + z: null

04-12-2024T07:28:24 - [TEST_STEP][PASSED] - x = x.replaceAll("[\r?
|
]", ""): null

04-12-2024T07:28:24 - [TEST_STEP][PASSED] - println(x): null

04-12-2024T07:28:24 - [TEST_STEP][PASSED] - return x: null

04-12-2024T07:28:24 - [TEST_STEP][PASSED] - println("tyumB: " + tyumB): null

04-12-2024T07:28:24 - [TEST_STEP][PASSED] - i = VseDZO.indexOf("Урал"): null

04-12-2024T07:28:24 - [TEST_STEP][PASSED] - if (i > -1): null

04-12-2024T07:28:24 - [TEST_STEP][PASSED] - dZONum = dZONum + 1: null

04-12-2024T07:28:24 - [TEST_STEP][PASSED] - urB = GetAllData(path, dZONum, VseDZO, x = "Россети Урал (ГК)/"): null

04-12-2024T07:28:24 - [TEST_STEP][PASSED] - ii = <not implemented yet for class: org.codehaus.groovy.ast.expr.EmptyExpression>: null

04-12-2024T07:28:24 - [TEST_STEP][PASSED] - i1 = <not implemented yet for class: org.codehaus.groovy.ast.expr.EmptyExpression>: null

04-12-2024T07:28:24 - [TEST_STEP][PASSED] - z = <not implemented yet for class: org.codehaus.groovy.ast.expr.EmptyExpression>: null

04-12-2024T07:28:24 - [TEST_STEP][PASSED] - path2 = "Значения со страницы Выполнение бизнес-плана/Table Data/": null

04-12-2024T07:28:24 - [TEST_STEP][PASSED] - println("path: " + path): null

04-12-2024T07:28:24 - [TEST_STEP][PASSED] - println("dZONum: " + dZONum): null

04-12-2024T07:28:24 - [TEST_STEP][PASSED] - z = getText(findTestObject(path + "spanPlan" + dZONum)): Text of object 'Object Repository/Выполнение бизнес-плана/Выполнение бизнес-плана Балансы/spanPlan13' is: '5.87
|'

04-12-2024T07:28:25 - [MESSAGE][PASSED] - Text of object 'Object Repository/Выполнение бизнес-плана/Выполнение бизнес-плана Балансы/spanPlan13' is: '5.87
|'

04-12-2024T07:28:25 - [TEST_STEP][PASSED] - println(z): null

04-12-2024T07:28:25 - [TEST_STEP][PASSED] - ii = z.indexOf("|"): null

04-12-2024T07:28:25 - [TEST_STEP][PASSED] - if (ii > -1): null

04-12-2024T07:28:25 - [TEST_STEP][PASSED] - z = z.substring(0, z.length() - 1): null

04-12-2024T07:28:25 - [TEST_STEP][PASSED] - println(z): null

04-12-2024T07:28:25 - [TEST_STEP][PASSED] - z = z.replaceAll("\s+", ""): null

04-12-2024T07:28:25 - [TEST_STEP][PASSED] - z = z.replace("[\r?
|
]", "/"): null

04-12-2024T07:28:25 - [TEST_STEP][PASSED] - println(z): null

04-12-2024T07:28:25 - [TEST_STEP][PASSED] - x = x + z: null

04-12-2024T07:28:25 - [TEST_STEP][PASSED] - z = getText(findTestObject(path + "spanFact" + dZONum)): Text of object 'Object Repository/Выполнение бизнес-плана/Выполнение бизнес-плана Балансы/spanFact13' is: '5.76'

04-12-2024T07:28:25 - [MESSAGE][PASSED] - Text of object 'Object Repository/Выполнение бизнес-плана/Выполнение бизнес-плана Балансы/spanFact13' is: '5.76'

04-12-2024T07:28:25 - [TEST_STEP][PASSED] - ii = z.indexOf("|"): null

04-12-2024T07:28:25 - [TEST_STEP][PASSED] - if (ii > -1): null

04-12-2024T07:28:25 - [TEST_STEP][PASSED] - x = x + "/" + z: null

04-12-2024T07:28:25 - [TEST_STEP][PASSED] - z = getText(findTestObject(path + path2 + "Факт Отпуск в сеть за отчётный период " + dZONum)).replaceAll("\s+", ""): Text of object 'Object Repository/Выполнение бизнес-плана/Выполнение бизнес-плана Балансы/Значения со страницы Выполнение бизнес-плана/Table Data/Факт Отпуск в сеть за отчётный период 13' is: '60 236 197'

04-12-2024T07:28:25 - [MESSAGE][PASSED] - Text of object 'Object Repository/Выполнение бизнес-плана/Выполнение бизнес-плана Балансы/Значения со страницы Выполнение бизнес-плана/Table Data/Факт Отпуск в сеть за отчётный период 13' is: '60 236 197'

04-12-2024T07:28:25 - [TEST_STEP][PASSED] - x = x + "/" + z: null

04-12-2024T07:28:25 - [TEST_STEP][PASSED] - z = getText(findTestObject(path + path2 + "Факт Отпуск из сети за отчётный период " + dZONum)).replaceAll("\s+", ""): Text of object 'Object Repository/Выполнение бизнес-плана/Выполнение бизнес-плана Балансы/Значения со страницы Выполнение бизнес-плана/Table Data/Факт Отпуск из сети за отчётный период 13' is: '56 765 393'

04-12-2024T07:28:26 - [MESSAGE][PASSED] - Text of object 'Object Repository/Выполнение бизнес-плана/Выполнение бизнес-плана Балансы/Значения со страницы Выполнение бизнес-плана/Table Data/Факт Отпуск из сети за отчётный период 13' is: '56 765 393'

04-12-2024T07:28:26 - [TEST_STEP][PASSED] - x = x + "/" + z: null

04-12-2024T07:28:26 - [TEST_STEP][PASSED] - z = getText(findTestObject(path + path2 + "Факт Потери за отчётный период " + dZONum)).replaceAll("\s+", ""): Text of object 'Object Repository/Выполнение бизнес-плана/Выполнение бизнес-плана Балансы/Значения со страницы Выполнение бизнес-плана/Table Data/Факт Потери за отчётный период 13' is: '3 470 805'

04-12-2024T07:28:26 - [MESSAGE][PASSED] - Text of object 'Object Repository/Выполнение бизнес-плана/Выполнение бизнес-плана Балансы/Значения со страницы Выполнение бизнес-плана/Table Data/Факт Потери за отчётный период 13' is: '3 470 805'

04-12-2024T07:28:26 - [TEST_STEP][PASSED] - x = x + "/" + z: null

04-12-2024T07:28:26 - [TEST_STEP][PASSED] - z = getText(findTestObject(path + path2 + "План Отпуск в сеть за отчётный период " + dZONum)).replaceAll("\s+", ""): Text of object 'Object Repository/Выполнение бизнес-плана/Выполнение бизнес-плана Балансы/Значения со страницы Выполнение бизнес-плана/Table Data/План Отпуск в сеть за отчётный период 13' is: '66 176 856'

04-12-2024T07:28:26 - [MESSAGE][PASSED] - Text of object 'Object Repository/Выполнение бизнес-плана/Выполнение бизнес-плана Балансы/Значения со страницы Выполнение бизнес-плана/Table Data/План Отпуск в сеть за отчётный период 13' is: '66 176 856'

04-12-2024T07:28:26 - [TEST_STEP][PASSED] - x = x + "/" + z: null

04-12-2024T07:28:26 - [TEST_STEP][PASSED] - z = getText(findTestObject(path + path2 + "План Отпуск из сети за отчётный период " + dZONum)).replaceAll("\s+", ""): Text of object 'Object Repository/Выполнение бизнес-плана/Выполнение бизнес-плана Балансы/Значения со страницы Выполнение бизнес-плана/Table Data/План Отпуск из сети за отчётный период 13' is: '62 251 551'

04-12-2024T07:28:27 - [MESSAGE][PASSED] - Text of object 'Object Repository/Выполнение бизнес-плана/Выполнение бизнес-плана Балансы/Значения со страницы Выполнение бизнес-плана/Table Data/План Отпуск из сети за отчётный период 13' is: '62 251 551'

04-12-2024T07:28:27 - [TEST_STEP][PASSED] - x = x + "/" + z: null

04-12-2024T07:28:27 - [TEST_STEP][PASSED] - z = getText(findTestObject(path + path2 + "План Потери за отчётный период " + dZONum)).replaceAll("\s+", ""): Text of object 'Object Repository/Выполнение бизнес-плана/Выполнение бизнес-плана Балансы/Значения со страницы Выполнение бизнес-плана/Table Data/План Потери за отчётный период 13' is: '3 925 305'

04-12-2024T07:28:27 - [MESSAGE][PASSED] - Text of object 'Object Repository/Выполнение бизнес-плана/Выполнение бизнес-плана Балансы/Значения со страницы Выполнение бизнес-плана/Table Data/План Потери за отчётный период 13' is: '3 925 305'

04-12-2024T07:28:27 - [TEST_STEP][PASSED] - x = x + "/" + z: null

04-12-2024T07:28:27 - [TEST_STEP][PASSED] - z = getText(findTestObject(path + "Список ДЗО")).replaceAll("[\r?
|
]", "/"): Text of object 'Object Repository/Выполнение бизнес-плана/Выполнение бизнес-плана Балансы/Список ДЗО' is: '-0.21
-0.07
3.72
-0.38
-0.73
0.09
0.09
3.84
-0.41
-0.05
-0.01
0.15
-0.11
-0.50
-0.27
-0.45
-0.05
Россети ФСКЕЭС
АО«Тываэнерго»
АО«Чеченэнерго»
РоссетиВолга
РоссетиКубань
РоссетиЛенэнерго(ГК)
РоссетиМосковскийрегион
РоссетиСеверныйКавказ
РоссетиСеверо-Запад
РоссетиСибирь
РоссетиТомск
РоссетиТюмень
Россети Урал(ГК)
РоссетиЦентр (ГК)
РоссетиЦентр иПриволжье(ГК)
Россети Юг(ГК)
РоссетиЯнтарь
-2
0
2
4
6
8'

04-12-2024T07:28:27 - [MESSAGE][PASSED] - Text of object 'Object Repository/Выполнение бизнес-плана/Выполнение бизнес-плана Балансы/Список ДЗО' is: '-0.21
-0.07
3.72
-0.38
-0.73
0.09
0.09
3.84
-0.41
-0.05
-0.01
0.15
-0.11
-0.50
-0.27
-0.45
-0.05
Россети ФСКЕЭС
АО«Тываэнерго»
АО«Чеченэнерго»
РоссетиВолга
РоссетиКубань
РоссетиЛенэнерго(ГК)
РоссетиМосковскийрегион
РоссетиСеверныйКавказ
РоссетиСеверо-Запад
РоссетиСибирь
РоссетиТомск
РоссетиТюмень
Россети Урал(ГК)
РоссетиЦентр (ГК)
РоссетиЦентр иПриволжье(ГК)
Россети Юг(ГК)
РоссетиЯнтарь
-2
0
2
4
6
8'

04-12-2024T07:28:27 - [TEST_STEP][PASSED] - for ([ii = 1, ii < dZONum, (ii++)]): null

04-12-2024T07:28:27 - [TEST_STEP][PASSED] - i1 = z.indexOf("/") + 1: null

04-12-2024T07:28:27 - [TEST_STEP][PASSED] - if (i1 > -1): null

04-12-2024T07:28:27 - [TEST_STEP][PASSED] - z = z.substring(i1, z.length()): null

04-12-2024T07:28:27 - [TEST_STEP][PASSED] - i1 = z.indexOf("/"): null

04-12-2024T07:28:27 - [TEST_STEP][PASSED] - i1 = z.indexOf("/") + 1: null

04-12-2024T07:28:27 - [TEST_STEP][PASSED] - if (i1 > -1): null

04-12-2024T07:28:27 - [TEST_STEP][PASSED] - z = z.substring(i1, z.length()): null

04-12-2024T07:28:27 - [TEST_STEP][PASSED] - i1 = z.indexOf("/"): null

04-12-2024T07:28:27 - [TEST_STEP][PASSED] - i1 = z.indexOf("/") + 1: null

04-12-2024T07:28:27 - [TEST_STEP][PASSED] - if (i1 > -1): null

04-12-2024T07:28:27 - [TEST_STEP][PASSED] - z = z.substring(i1, z.length()): null

04-12-2024T07:28:27 - [TEST_STEP][PASSED] - i1 = z.indexOf("/"): null

04-12-2024T07:28:27 - [TEST_STEP][PASSED] - i1 = z.indexOf("/") + 1: null

04-12-2024T07:28:27 - [TEST_STEP][PASSED] - if (i1 > -1): null

04-12-2024T07:28:27 - [TEST_STEP][PASSED] - z = z.substring(i1, z.length()): null

04-12-2024T07:28:27 - [TEST_STEP][PASSED] - i1 = z.indexOf("/"): null

04-12-2024T07:28:27 - [TEST_STEP][PASSED] - i1 = z.indexOf("/") + 1: null

04-12-2024T07:28:27 - [TEST_STEP][PASSED] - if (i1 > -1): null

04-12-2024T07:28:27 - [TEST_STEP][PASSED] - z = z.substring(i1, z.length()): null

04-12-2024T07:28:27 - [TEST_STEP][PASSED] - i1 = z.indexOf("/"): null

04-12-2024T07:28:27 - [TEST_STEP][PASSED] - i1 = z.indexOf("/") + 1: null

04-12-2024T07:28:27 - [TEST_STEP][PASSED] - if (i1 > -1): null

04-12-2024T07:28:27 - [TEST_STEP][PASSED] - z = z.substring(i1, z.length()): null

04-12-2024T07:28:27 - [TEST_STEP][PASSED] - i1 = z.indexOf("/"): null

04-12-2024T07:28:27 - [TEST_STEP][PASSED] - i1 = z.indexOf("/") + 1: null

04-12-2024T07:28:27 - [TEST_STEP][PASSED] - if (i1 > -1): null

04-12-2024T07:28:27 - [TEST_STEP][PASSED] - z = z.substring(i1, z.length()): null

04-12-2024T07:28:27 - [TEST_STEP][PASSED] - i1 = z.indexOf("/"): null

04-12-2024T07:28:27 - [TEST_STEP][PASSED] - i1 = z.indexOf("/") + 1: null

04-12-2024T07:28:27 - [TEST_STEP][PASSED] - if (i1 > -1): null

04-12-2024T07:28:27 - [TEST_STEP][PASSED] - z = z.substring(i1, z.length()): null

04-12-2024T07:28:27 - [TEST_STEP][PASSED] - i1 = z.indexOf("/"): null

04-12-2024T07:28:27 - [TEST_STEP][PASSED] - i1 = z.indexOf("/") + 1: null

04-12-2024T07:28:27 - [TEST_STEP][PASSED] - if (i1 > -1): null

04-12-2024T07:28:27 - [TEST_STEP][PASSED] - z = z.substring(i1, z.length()): null

04-12-2024T07:28:27 - [TEST_STEP][PASSED] - i1 = z.indexOf("/"): null

04-12-2024T07:28:27 - [TEST_STEP][PASSED] - i1 = z.indexOf("/") + 1: null

04-12-2024T07:28:27 - [TEST_STEP][PASSED] - if (i1 > -1): null

04-12-2024T07:28:27 - [TEST_STEP][PASSED] - z = z.substring(i1, z.length()): null

04-12-2024T07:28:27 - [TEST_STEP][PASSED] - i1 = z.indexOf("/"): null

04-12-2024T07:28:27 - [TEST_STEP][PASSED] - i1 = z.indexOf("/") + 1: null

04-12-2024T07:28:27 - [TEST_STEP][PASSED] - if (i1 > -1): null

04-12-2024T07:28:27 - [TEST_STEP][PASSED] - z = z.substring(i1, z.length()): null

04-12-2024T07:28:27 - [TEST_STEP][PASSED] - i1 = z.indexOf("/"): null

04-12-2024T07:28:27 - [TEST_STEP][PASSED] - i1 = z.indexOf("/") + 1: null

04-12-2024T07:28:27 - [TEST_STEP][PASSED] - if (i1 > -1): null

04-12-2024T07:28:27 - [TEST_STEP][PASSED] - z = z.substring(i1, z.length()): null

04-12-2024T07:28:27 - [TEST_STEP][PASSED] - i1 = z.indexOf("/"): null

04-12-2024T07:28:27 - [TEST_STEP][PASSED] - i1 = z.indexOf("/"): null

04-12-2024T07:28:27 - [TEST_STEP][PASSED] - if (i1 > -1): null

04-12-2024T07:28:27 - [TEST_STEP][PASSED] - z = z.substring(0, i1): null

04-12-2024T07:28:27 - [TEST_STEP][PASSED] - z = z.replace(",", "."): null

04-12-2024T07:28:27 - [TEST_STEP][PASSED] - println(z): null

04-12-2024T07:28:27 - [TEST_STEP][PASSED] - x = x + "/" + z: null

04-12-2024T07:28:27 - [TEST_STEP][PASSED] - x = x.replaceAll("[\r?
|
]", ""): null

04-12-2024T07:28:27 - [TEST_STEP][PASSED] - println(x): null

04-12-2024T07:28:27 - [TEST_STEP][PASSED] - return x: null

04-12-2024T07:28:27 - [TEST_STEP][PASSED] - println("urB: " + urB): null

04-12-2024T07:28:27 - [TEST_STEP][PASSED] - i = VseDZO.indexOf("Центр"): null

04-12-2024T07:28:27 - [TEST_STEP][PASSED] - if (i > -1): null

04-12-2024T07:28:27 - [TEST_STEP][PASSED] - dZONum = dZONum + 1: null

04-12-2024T07:28:27 - [TEST_STEP][PASSED] - cenB = GetAllData(path, dZONum, VseDZO, x = "Россети Центр (ГК)/"): null

04-12-2024T07:28:27 - [TEST_STEP][PASSED] - ii = <not implemented yet for class: org.codehaus.groovy.ast.expr.EmptyExpression>: null

04-12-2024T07:28:27 - [TEST_STEP][PASSED] - i1 = <not implemented yet for class: org.codehaus.groovy.ast.expr.EmptyExpression>: null

04-12-2024T07:28:27 - [TEST_STEP][PASSED] - z = <not implemented yet for class: org.codehaus.groovy.ast.expr.EmptyExpression>: null

04-12-2024T07:28:27 - [TEST_STEP][PASSED] - path2 = "Значения со страницы Выполнение бизнес-плана/Table Data/": null

04-12-2024T07:28:27 - [TEST_STEP][PASSED] - println("path: " + path): null

04-12-2024T07:28:27 - [TEST_STEP][PASSED] - println("dZONum: " + dZONum): null

04-12-2024T07:28:27 - [TEST_STEP][PASSED] - z = getText(findTestObject(path + "spanPlan" + dZONum)): Text of object 'Object Repository/Выполнение бизнес-плана/Выполнение бизнес-плана Балансы/spanPlan14' is: '10.14
|'

04-12-2024T07:28:27 - [MESSAGE][PASSED] - Text of object 'Object Repository/Выполнение бизнес-плана/Выполнение бизнес-плана Балансы/spanPlan14' is: '10.14
|'

04-12-2024T07:28:27 - [TEST_STEP][PASSED] - println(z): null

04-12-2024T07:28:27 - [TEST_STEP][PASSED] - ii = z.indexOf("|"): null

04-12-2024T07:28:27 - [TEST_STEP][PASSED] - if (ii > -1): null

04-12-2024T07:28:27 - [TEST_STEP][PASSED] - z = z.substring(0, z.length() - 1): null

04-12-2024T07:28:27 - [TEST_STEP][PASSED] - println(z): null

04-12-2024T07:28:27 - [TEST_STEP][PASSED] - z = z.replaceAll("\s+", ""): null

04-12-2024T07:28:27 - [TEST_STEP][PASSED] - z = z.replace("[\r?
|
]", "/"): null

04-12-2024T07:28:27 - [TEST_STEP][PASSED] - println(z): null

04-12-2024T07:28:27 - [TEST_STEP][PASSED] - x = x + z: null

04-12-2024T07:28:27 - [TEST_STEP][PASSED] - z = getText(findTestObject(path + "spanFact" + dZONum)): Text of object 'Object Repository/Выполнение бизнес-плана/Выполнение бизнес-плана Балансы/spanFact14' is: '9.64'

04-12-2024T07:28:28 - [MESSAGE][PASSED] - Text of object 'Object Repository/Выполнение бизнес-плана/Выполнение бизнес-плана Балансы/spanFact14' is: '9.64'

04-12-2024T07:28:28 - [TEST_STEP][PASSED] - ii = z.indexOf("|"): null

04-12-2024T07:28:28 - [TEST_STEP][PASSED] - if (ii > -1): null

04-12-2024T07:28:28 - [TEST_STEP][PASSED] - x = x + "/" + z: null

04-12-2024T07:28:28 - [TEST_STEP][PASSED] - z = getText(findTestObject(path + path2 + "Факт Отпуск в сеть за отчётный период " + dZONum)).replaceAll("\s+", ""): Text of object 'Object Repository/Выполнение бизнес-плана/Выполнение бизнес-плана Балансы/Значения со страницы Выполнение бизнес-плана/Table Data/Факт Отпуск в сеть за отчётный период 14' is: '49 425 284'

04-12-2024T07:28:28 - [MESSAGE][PASSED] - Text of object 'Object Repository/Выполнение бизнес-плана/Выполнение бизнес-плана Балансы/Значения со страницы Выполнение бизнес-плана/Table Data/Факт Отпуск в сеть за отчётный период 14' is: '49 425 284'

04-12-2024T07:28:28 - [TEST_STEP][PASSED] - x = x + "/" + z: null

04-12-2024T07:28:28 - [TEST_STEP][PASSED] - z = getText(findTestObject(path + path2 + "Факт Отпуск из сети за отчётный период " + dZONum)).replaceAll("\s+", ""): Text of object 'Object Repository/Выполнение бизнес-плана/Выполнение бизнес-плана Балансы/Значения со страницы Выполнение бизнес-плана/Table Data/Факт Отпуск из сети за отчётный период 14' is: '44 662 142'

04-12-2024T07:28:28 - [MESSAGE][PASSED] - Text of object 'Object Repository/Выполнение бизнес-плана/Выполнение бизнес-плана Балансы/Значения со страницы Выполнение бизнес-плана/Table Data/Факт Отпуск из сети за отчётный период 14' is: '44 662 142'

04-12-2024T07:28:28 - [TEST_STEP][PASSED] - x = x + "/" + z: null

04-12-2024T07:28:28 - [TEST_STEP][PASSED] - z = getText(findTestObject(path + path2 + "Факт Потери за отчётный период " + dZONum)).replaceAll("\s+", ""): Text of object 'Object Repository/Выполнение бизнес-плана/Выполнение бизнес-плана Балансы/Значения со страницы Выполнение бизнес-плана/Table Data/Факт Потери за отчётный период 14' is: '4 763 141'

04-12-2024T07:28:29 - [MESSAGE][PASSED] - Text of object 'Object Repository/Выполнение бизнес-плана/Выполнение бизнес-плана Балансы/Значения со страницы Выполнение бизнес-плана/Table Data/Факт Потери за отчётный период 14' is: '4 763 141'

04-12-2024T07:28:29 - [TEST_STEP][PASSED] - x = x + "/" + z: null

04-12-2024T07:28:29 - [TEST_STEP][PASSED] - z = getText(findTestObject(path + path2 + "План Отпуск в сеть за отчётный период " + dZONum)).replaceAll("\s+", ""): Text of object 'Object Repository/Выполнение бизнес-плана/Выполнение бизнес-плана Балансы/Значения со страницы Выполнение бизнес-плана/Table Data/План Отпуск в сеть за отчётный период 14' is: '48 037 333'

04-12-2024T07:28:29 - [MESSAGE][PASSED] - Text of object 'Object Repository/Выполнение бизнес-плана/Выполнение бизнес-плана Балансы/Значения со страницы Выполнение бизнес-плана/Table Data/План Отпуск в сеть за отчётный период 14' is: '48 037 333'

04-12-2024T07:28:29 - [TEST_STEP][PASSED] - x = x + "/" + z: null

04-12-2024T07:28:29 - [TEST_STEP][PASSED] - z = getText(findTestObject(path + path2 + "План Отпуск из сети за отчётный период " + dZONum)).replaceAll("\s+", ""): Text of object 'Object Repository/Выполнение бизнес-плана/Выполнение бизнес-плана Балансы/Значения со страницы Выполнение бизнес-плана/Table Data/План Отпуск из сети за отчётный период 14' is: '43 167 677'

04-12-2024T07:28:29 - [MESSAGE][PASSED] - Text of object 'Object Repository/Выполнение бизнес-плана/Выполнение бизнес-плана Балансы/Значения со страницы Выполнение бизнес-плана/Table Data/План Отпуск из сети за отчётный период 14' is: '43 167 677'

04-12-2024T07:28:29 - [TEST_STEP][PASSED] - x = x + "/" + z: null

04-12-2024T07:28:29 - [TEST_STEP][PASSED] - z = getText(findTestObject(path + path2 + "План Потери за отчётный период " + dZONum)).replaceAll("\s+", ""): Text of object 'Object Repository/Выполнение бизнес-плана/Выполнение бизнес-плана Балансы/Значения со страницы Выполнение бизнес-плана/Table Data/План Потери за отчётный период 14' is: '4 869 656'

04-12-2024T07:28:30 - [MESSAGE][PASSED] - Text of object 'Object Repository/Выполнение бизнес-плана/Выполнение бизнес-плана Балансы/Значения со страницы Выполнение бизнес-плана/Table Data/План Потери за отчётный период 14' is: '4 869 656'

04-12-2024T07:28:30 - [TEST_STEP][PASSED] - x = x + "/" + z: null

04-12-2024T07:28:30 - [TEST_STEP][PASSED] - z = getText(findTestObject(path + "Список ДЗО")).replaceAll("[\r?
|
]", "/"): Text of object 'Object Repository/Выполнение бизнес-плана/Выполнение бизнес-плана Балансы/Список ДЗО' is: '-0.21
-0.07
3.72
-0.38
-0.73
0.09
0.09
3.84
-0.41
-0.05
-0.01
0.15
-0.11
-0.50
-0.27
-0.45
-0.05
Россети ФСКЕЭС
АО«Тываэнерго»
АО«Чеченэнерго»
РоссетиВолга
РоссетиКубань
РоссетиЛенэнерго(ГК)
РоссетиМосковскийрегион
РоссетиСеверныйКавказ
РоссетиСеверо-Запад
РоссетиСибирь
РоссетиТомск
РоссетиТюмень
Россети Урал(ГК)
РоссетиЦентр (ГК)
РоссетиЦентр иПриволжье(ГК)
Россети Юг(ГК)
РоссетиЯнтарь
-2
0
2
4
6
8'

04-12-2024T07:28:30 - [MESSAGE][PASSED] - Text of object 'Object Repository/Выполнение бизнес-плана/Выполнение бизнес-плана Балансы/Список ДЗО' is: '-0.21
-0.07
3.72
-0.38
-0.73
0.09
0.09
3.84
-0.41
-0.05
-0.01
0.15
-0.11
-0.50
-0.27
-0.45
-0.05
Россети ФСКЕЭС
АО«Тываэнерго»
АО«Чеченэнерго»
РоссетиВолга
РоссетиКубань
РоссетиЛенэнерго(ГК)
РоссетиМосковскийрегион
РоссетиСеверныйКавказ
РоссетиСеверо-Запад
РоссетиСибирь
РоссетиТомск
РоссетиТюмень
Россети Урал(ГК)
РоссетиЦентр (ГК)
РоссетиЦентр иПриволжье(ГК)
Россети Юг(ГК)
РоссетиЯнтарь
-2
0
2
4
6
8'

04-12-2024T07:28:30 - [TEST_STEP][PASSED] - for ([ii = 1, ii < dZONum, (ii++)]): null

04-12-2024T07:28:30 - [TEST_STEP][PASSED] - i1 = z.indexOf("/") + 1: null

04-12-2024T07:28:30 - [TEST_STEP][PASSED] - if (i1 > -1): null

04-12-2024T07:28:30 - [TEST_STEP][PASSED] - z = z.substring(i1, z.length()): null

04-12-2024T07:28:30 - [TEST_STEP][PASSED] - i1 = z.indexOf("/"): null

04-12-2024T07:28:30 - [TEST_STEP][PASSED] - i1 = z.indexOf("/") + 1: null

04-12-2024T07:28:30 - [TEST_STEP][PASSED] - if (i1 > -1): null

04-12-2024T07:28:30 - [TEST_STEP][PASSED] - z = z.substring(i1, z.length()): null

04-12-2024T07:28:30 - [TEST_STEP][PASSED] - i1 = z.indexOf("/"): null

04-12-2024T07:28:30 - [TEST_STEP][PASSED] - i1 = z.indexOf("/") + 1: null

04-12-2024T07:28:30 - [TEST_STEP][PASSED] - if (i1 > -1): null

04-12-2024T07:28:30 - [TEST_STEP][PASSED] - z = z.substring(i1, z.length()): null

04-12-2024T07:28:30 - [TEST_STEP][PASSED] - i1 = z.indexOf("/"): null

04-12-2024T07:28:30 - [TEST_STEP][PASSED] - i1 = z.indexOf("/") + 1: null

04-12-2024T07:28:30 - [TEST_STEP][PASSED] - if (i1 > -1): null

04-12-2024T07:28:30 - [TEST_STEP][PASSED] - z = z.substring(i1, z.length()): null

04-12-2024T07:28:30 - [TEST_STEP][PASSED] - i1 = z.indexOf("/"): null

04-12-2024T07:28:30 - [TEST_STEP][PASSED] - i1 = z.indexOf("/") + 1: null

04-12-2024T07:28:30 - [TEST_STEP][PASSED] - if (i1 > -1): null

04-12-2024T07:28:30 - [TEST_STEP][PASSED] - z = z.substring(i1, z.length()): null

04-12-2024T07:28:30 - [TEST_STEP][PASSED] - i1 = z.indexOf("/"): null

04-12-2024T07:28:30 - [TEST_STEP][PASSED] - i1 = z.indexOf("/") + 1: null

04-12-2024T07:28:30 - [TEST_STEP][PASSED] - if (i1 > -1): null

04-12-2024T07:28:30 - [TEST_STEP][PASSED] - z = z.substring(i1, z.length()): null

04-12-2024T07:28:30 - [TEST_STEP][PASSED] - i1 = z.indexOf("/"): null

04-12-2024T07:28:30 - [TEST_STEP][PASSED] - i1 = z.indexOf("/") + 1: null

04-12-2024T07:28:30 - [TEST_STEP][PASSED] - if (i1 > -1): null

04-12-2024T07:28:30 - [TEST_STEP][PASSED] - z = z.substring(i1, z.length()): null

04-12-2024T07:28:30 - [TEST_STEP][PASSED] - i1 = z.indexOf("/"): null

04-12-2024T07:28:30 - [TEST_STEP][PASSED] - i1 = z.indexOf("/") + 1: null

04-12-2024T07:28:30 - [TEST_STEP][PASSED] - if (i1 > -1): null

04-12-2024T07:28:30 - [TEST_STEP][PASSED] - z = z.substring(i1, z.length()): null

04-12-2024T07:28:30 - [TEST_STEP][PASSED] - i1 = z.indexOf("/"): null

04-12-2024T07:28:30 - [TEST_STEP][PASSED] - i1 = z.indexOf("/") + 1: null

04-12-2024T07:28:30 - [TEST_STEP][PASSED] - if (i1 > -1): null

04-12-2024T07:28:30 - [TEST_STEP][PASSED] - z = z.substring(i1, z.length()): null

04-12-2024T07:28:30 - [TEST_STEP][PASSED] - i1 = z.indexOf("/"): null

04-12-2024T07:28:30 - [TEST_STEP][PASSED] - i1 = z.indexOf("/") + 1: null

04-12-2024T07:28:30 - [TEST_STEP][PASSED] - if (i1 > -1): null

04-12-2024T07:28:30 - [TEST_STEP][PASSED] - z = z.substring(i1, z.length()): null

04-12-2024T07:28:30 - [TEST_STEP][PASSED] - i1 = z.indexOf("/"): null

04-12-2024T07:28:30 - [TEST_STEP][PASSED] - i1 = z.indexOf("/") + 1: null

04-12-2024T07:28:30 - [TEST_STEP][PASSED] - if (i1 > -1): null

04-12-2024T07:28:30 - [TEST_STEP][PASSED] - z = z.substring(i1, z.length()): null

04-12-2024T07:28:30 - [TEST_STEP][PASSED] - i1 = z.indexOf("/"): null

04-12-2024T07:28:30 - [TEST_STEP][PASSED] - i1 = z.indexOf("/") + 1: null

04-12-2024T07:28:30 - [TEST_STEP][PASSED] - if (i1 > -1): null

04-12-2024T07:28:30 - [TEST_STEP][PASSED] - z = z.substring(i1, z.length()): null

04-12-2024T07:28:30 - [TEST_STEP][PASSED] - i1 = z.indexOf("/"): null

04-12-2024T07:28:30 - [TEST_STEP][PASSED] - i1 = z.indexOf("/") + 1: null

04-12-2024T07:28:30 - [TEST_STEP][PASSED] - if (i1 > -1): null

04-12-2024T07:28:30 - [TEST_STEP][PASSED] - z = z.substring(i1, z.length()): null

04-12-2024T07:28:30 - [TEST_STEP][PASSED] - i1 = z.indexOf("/"): null

04-12-2024T07:28:30 - [TEST_STEP][PASSED] - i1 = z.indexOf("/"): null

04-12-2024T07:28:30 - [TEST_STEP][PASSED] - if (i1 > -1): null

04-12-2024T07:28:30 - [TEST_STEP][PASSED] - z = z.substring(0, i1): null

04-12-2024T07:28:30 - [TEST_STEP][PASSED] - z = z.replace(",", "."): null

04-12-2024T07:28:30 - [TEST_STEP][PASSED] - println(z): null

04-12-2024T07:28:30 - [TEST_STEP][PASSED] - x = x + "/" + z: null

04-12-2024T07:28:30 - [TEST_STEP][PASSED] - x = x.replaceAll("[\r?
|
]", ""): null

04-12-2024T07:28:30 - [TEST_STEP][PASSED] - println(x): null

04-12-2024T07:28:30 - [TEST_STEP][PASSED] - return x: null

04-12-2024T07:28:30 - [TEST_STEP][PASSED] - println("cenB: " + cenB): null

04-12-2024T07:28:30 - [TEST_STEP][PASSED] - i = VseDZO.indexOf("Приволжье"): null

04-12-2024T07:28:30 - [TEST_STEP][PASSED] - if (i > -1): null

04-12-2024T07:28:30 - [TEST_STEP][PASSED] - dZONum = dZONum + 1: null

04-12-2024T07:28:30 - [TEST_STEP][PASSED] - cIPB = GetAllData(path, dZONum, VseDZO, x = "Россети Центр и Приволжье (ГК)/"): null

04-12-2024T07:28:30 - [TEST_STEP][PASSED] - ii = <not implemented yet for class: org.codehaus.groovy.ast.expr.EmptyExpression>: null

04-12-2024T07:28:30 - [TEST_STEP][PASSED] - i1 = <not implemented yet for class: org.codehaus.groovy.ast.expr.EmptyExpression>: null

04-12-2024T07:28:30 - [TEST_STEP][PASSED] - z = <not implemented yet for class: org.codehaus.groovy.ast.expr.EmptyExpression>: null

04-12-2024T07:28:30 - [TEST_STEP][PASSED] - path2 = "Значения со страницы Выполнение бизнес-плана/Table Data/": null

04-12-2024T07:28:30 - [TEST_STEP][PASSED] - println("path: " + path): null

04-12-2024T07:28:30 - [TEST_STEP][PASSED] - println("dZONum: " + dZONum): null

04-12-2024T07:28:30 - [TEST_STEP][PASSED] - z = getText(findTestObject(path + "spanPlan" + dZONum)): Text of object 'Object Repository/Выполнение бизнес-плана/Выполнение бизнес-плана Балансы/spanPlan15' is: '7.04
|'

04-12-2024T07:28:30 - [MESSAGE][PASSED] - Text of object 'Object Repository/Выполнение бизнес-плана/Выполнение бизнес-плана Балансы/spanPlan15' is: '7.04
|'

04-12-2024T07:28:30 - [TEST_STEP][PASSED] - println(z): null

04-12-2024T07:28:30 - [TEST_STEP][PASSED] - ii = z.indexOf("|"): null

04-12-2024T07:28:30 - [TEST_STEP][PASSED] - if (ii > -1): null

04-12-2024T07:28:30 - [TEST_STEP][PASSED] - z = z.substring(0, z.length() - 1): null

04-12-2024T07:28:30 - [TEST_STEP][PASSED] - println(z): null

04-12-2024T07:28:30 - [TEST_STEP][PASSED] - z = z.replaceAll("\s+", ""): null

04-12-2024T07:28:30 - [TEST_STEP][PASSED] - z = z.replace("[\r?
|
]", "/"): null

04-12-2024T07:28:30 - [TEST_STEP][PASSED] - println(z): null

04-12-2024T07:28:30 - [TEST_STEP][PASSED] - x = x + z: null

04-12-2024T07:28:30 - [TEST_STEP][PASSED] - z = getText(findTestObject(path + "spanFact" + dZONum)): Text of object 'Object Repository/Выполнение бизнес-плана/Выполнение бизнес-плана Балансы/spanFact15' is: '6.77'

04-12-2024T07:28:30 - [MESSAGE][PASSED] - Text of object 'Object Repository/Выполнение бизнес-плана/Выполнение бизнес-плана Балансы/spanFact15' is: '6.77'

04-12-2024T07:28:30 - [TEST_STEP][PASSED] - ii = z.indexOf("|"): null

04-12-2024T07:28:30 - [TEST_STEP][PASSED] - if (ii > -1): null

04-12-2024T07:28:30 - [TEST_STEP][PASSED] - x = x + "/" + z: null

04-12-2024T07:28:30 - [TEST_STEP][PASSED] - z = getText(findTestObject(path + path2 + "Факт Отпуск в сеть за отчётный период " + dZONum)).replaceAll("\s+", ""): Text of object 'Object Repository/Выполнение бизнес-плана/Выполнение бизнес-плана Балансы/Значения со страницы Выполнение бизнес-плана/Table Data/Факт Отпуск в сеть за отчётный период 15' is: '45 423 668'

04-12-2024T07:28:31 - [MESSAGE][PASSED] - Text of object 'Object Repository/Выполнение бизнес-плана/Выполнение бизнес-плана Балансы/Значения со страницы Выполнение бизнес-плана/Table Data/Факт Отпуск в сеть за отчётный период 15' is: '45 423 668'

04-12-2024T07:28:31 - [TEST_STEP][PASSED] - x = x + "/" + z: null

04-12-2024T07:28:31 - [TEST_STEP][PASSED] - z = getText(findTestObject(path + path2 + "Факт Отпуск из сети за отчётный период " + dZONum)).replaceAll("\s+", ""): Text of object 'Object Repository/Выполнение бизнес-плана/Выполнение бизнес-плана Балансы/Значения со страницы Выполнение бизнес-плана/Table Data/Факт Отпуск из сети за отчётный период 15' is: '42 347 790'

04-12-2024T07:28:31 - [MESSAGE][PASSED] - Text of object 'Object Repository/Выполнение бизнес-плана/Выполнение бизнес-плана Балансы/Значения со страницы Выполнение бизнес-плана/Table Data/Факт Отпуск из сети за отчётный период 15' is: '42 347 790'

04-12-2024T07:28:31 - [TEST_STEP][PASSED] - x = x + "/" + z: null

04-12-2024T07:28:31 - [TEST_STEP][PASSED] - z = getText(findTestObject(path + path2 + "Факт Потери за отчётный период " + dZONum)).replaceAll("\s+", ""): Text of object 'Object Repository/Выполнение бизнес-плана/Выполнение бизнес-плана Балансы/Значения со страницы Выполнение бизнес-плана/Table Data/Факт Потери за отчётный период 15' is: '3 075 878'

04-12-2024T07:28:31 - [MESSAGE][PASSED] - Text of object 'Object Repository/Выполнение бизнес-плана/Выполнение бизнес-плана Балансы/Значения со страницы Выполнение бизнес-плана/Table Data/Факт Потери за отчётный период 15' is: '3 075 878'

04-12-2024T07:28:31 - [TEST_STEP][PASSED] - x = x + "/" + z: null

04-12-2024T07:28:31 - [TEST_STEP][PASSED] - z = getText(findTestObject(path + path2 + "План Отпуск в сеть за отчётный период " + dZONum)).replaceAll("\s+", ""): Text of object 'Object Repository/Выполнение бизнес-плана/Выполнение бизнес-плана Балансы/Значения со страницы Выполнение бизнес-плана/Table Data/План Отпуск в сеть за отчётный период 15' is: '44 041 851'

04-12-2024T07:28:32 - [MESSAGE][PASSED] - Text of object 'Object Repository/Выполнение бизнес-плана/Выполнение бизнес-плана Балансы/Значения со страницы Выполнение бизнес-плана/Table Data/План Отпуск в сеть за отчётный период 15' is: '44 041 851'

04-12-2024T07:28:32 - [TEST_STEP][PASSED] - x = x + "/" + z: null

04-12-2024T07:28:32 - [TEST_STEP][PASSED] - z = getText(findTestObject(path + path2 + "План Отпуск из сети за отчётный период " + dZONum)).replaceAll("\s+", ""): Text of object 'Object Repository/Выполнение бизнес-плана/Выполнение бизнес-плана Балансы/Значения со страницы Выполнение бизнес-плана/Table Data/План Отпуск из сети за отчётный период 15' is: '40 938 806'

04-12-2024T07:28:32 - [MESSAGE][PASSED] - Text of object 'Object Repository/Выполнение бизнес-плана/Выполнение бизнес-плана Балансы/Значения со страницы Выполнение бизнес-плана/Table Data/План Отпуск из сети за отчётный период 15' is: '40 938 806'

04-12-2024T07:28:32 - [TEST_STEP][PASSED] - x = x + "/" + z: null

04-12-2024T07:28:32 - [TEST_STEP][PASSED] - z = getText(findTestObject(path + path2 + "План Потери за отчётный период " + dZONum)).replaceAll("\s+", ""): Text of object 'Object Repository/Выполнение бизнес-плана/Выполнение бизнес-плана Балансы/Значения со страницы Выполнение бизнес-плана/Table Data/План Потери за отчётный период 15' is: '3 103 045'

04-12-2024T07:28:32 - [MESSAGE][PASSED] - Text of object 'Object Repository/Выполнение бизнес-плана/Выполнение бизнес-плана Балансы/Значения со страницы Выполнение бизнес-плана/Table Data/План Потери за отчётный период 15' is: '3 103 045'

04-12-2024T07:28:32 - [TEST_STEP][PASSED] - x = x + "/" + z: null

04-12-2024T07:28:32 - [TEST_STEP][PASSED] - z = getText(findTestObject(path + "Список ДЗО")).replaceAll("[\r?
|
]", "/"): Text of object 'Object Repository/Выполнение бизнес-плана/Выполнение бизнес-плана Балансы/Список ДЗО' is: '-0.21
-0.07
3.72
-0.38
-0.73
0.09
0.09
3.84
-0.41
-0.05
-0.01
0.15
-0.11
-0.50
-0.27
-0.45
-0.05
Россети ФСКЕЭС
АО«Тываэнерго»
АО«Чеченэнерго»
РоссетиВолга
РоссетиКубань
РоссетиЛенэнерго(ГК)
РоссетиМосковскийрегион
РоссетиСеверныйКавказ
РоссетиСеверо-Запад
РоссетиСибирь
РоссетиТомск
РоссетиТюмень
Россети Урал(ГК)
РоссетиЦентр (ГК)
РоссетиЦентр иПриволжье(ГК)
Россети Юг(ГК)
РоссетиЯнтарь
-2
0
2
4
6
8'

04-12-2024T07:28:33 - [MESSAGE][PASSED] - Text of object 'Object Repository/Выполнение бизнес-плана/Выполнение бизнес-плана Балансы/Список ДЗО' is: '-0.21
-0.07
3.72
-0.38
-0.73
0.09
0.09
3.84
-0.41
-0.05
-0.01
0.15
-0.11
-0.50
-0.27
-0.45
-0.05
Россети ФСКЕЭС
АО«Тываэнерго»
АО«Чеченэнерго»
РоссетиВолга
РоссетиКубань
РоссетиЛенэнерго(ГК)
РоссетиМосковскийрегион
РоссетиСеверныйКавказ
РоссетиСеверо-Запад
РоссетиСибирь
РоссетиТомск
РоссетиТюмень
Россети Урал(ГК)
РоссетиЦентр (ГК)
РоссетиЦентр иПриволжье(ГК)
Россети Юг(ГК)
РоссетиЯнтарь
-2
0
2
4
6
8'

04-12-2024T07:28:33 - [TEST_STEP][PASSED] - for ([ii = 1, ii < dZONum, (ii++)]): null

04-12-2024T07:28:33 - [TEST_STEP][PASSED] - i1 = z.indexOf("/") + 1: null

04-12-2024T07:28:33 - [TEST_STEP][PASSED] - if (i1 > -1): null

04-12-2024T07:28:33 - [TEST_STEP][PASSED] - z = z.substring(i1, z.length()): null

04-12-2024T07:28:33 - [TEST_STEP][PASSED] - i1 = z.indexOf("/"): null

04-12-2024T07:28:33 - [TEST_STEP][PASSED] - i1 = z.indexOf("/") + 1: null

04-12-2024T07:28:33 - [TEST_STEP][PASSED] - if (i1 > -1): null

04-12-2024T07:28:33 - [TEST_STEP][PASSED] - z = z.substring(i1, z.length()): null

04-12-2024T07:28:33 - [TEST_STEP][PASSED] - i1 = z.indexOf("/"): null

04-12-2024T07:28:33 - [TEST_STEP][PASSED] - i1 = z.indexOf("/") + 1: null

04-12-2024T07:28:33 - [TEST_STEP][PASSED] - if (i1 > -1): null

04-12-2024T07:28:33 - [TEST_STEP][PASSED] - z = z.substring(i1, z.length()): null

04-12-2024T07:28:33 - [TEST_STEP][PASSED] - i1 = z.indexOf("/"): null

04-12-2024T07:28:33 - [TEST_STEP][PASSED] - i1 = z.indexOf("/") + 1: null

04-12-2024T07:28:33 - [TEST_STEP][PASSED] - if (i1 > -1): null

04-12-2024T07:28:33 - [TEST_STEP][PASSED] - z = z.substring(i1, z.length()): null

04-12-2024T07:28:33 - [TEST_STEP][PASSED] - i1 = z.indexOf("/"): null

04-12-2024T07:28:33 - [TEST_STEP][PASSED] - i1 = z.indexOf("/") + 1: null

04-12-2024T07:28:33 - [TEST_STEP][PASSED] - if (i1 > -1): null

04-12-2024T07:28:33 - [TEST_STEP][PASSED] - z = z.substring(i1, z.length()): null

04-12-2024T07:28:33 - [TEST_STEP][PASSED] - i1 = z.indexOf("/"): null

04-12-2024T07:28:33 - [TEST_STEP][PASSED] - i1 = z.indexOf("/") + 1: null

04-12-2024T07:28:33 - [TEST_STEP][PASSED] - if (i1 > -1): null

04-12-2024T07:28:33 - [TEST_STEP][PASSED] - z = z.substring(i1, z.length()): null

04-12-2024T07:28:33 - [TEST_STEP][PASSED] - i1 = z.indexOf("/"): null

04-12-2024T07:28:33 - [TEST_STEP][PASSED] - i1 = z.indexOf("/") + 1: null

04-12-2024T07:28:33 - [TEST_STEP][PASSED] - if (i1 > -1): null

04-12-2024T07:28:33 - [TEST_STEP][PASSED] - z = z.substring(i1, z.length()): null

04-12-2024T07:28:33 - [TEST_STEP][PASSED] - i1 = z.indexOf("/"): null

04-12-2024T07:28:33 - [TEST_STEP][PASSED] - i1 = z.indexOf("/") + 1: null

04-12-2024T07:28:33 - [TEST_STEP][PASSED] - if (i1 > -1): null

04-12-2024T07:28:33 - [TEST_STEP][PASSED] - z = z.substring(i1, z.length()): null

04-12-2024T07:28:33 - [TEST_STEP][PASSED] - i1 = z.indexOf("/"): null

04-12-2024T07:28:33 - [TEST_STEP][PASSED] - i1 = z.indexOf("/") + 1: null

04-12-2024T07:28:33 - [TEST_STEP][PASSED] - if (i1 > -1): null

04-12-2024T07:28:33 - [TEST_STEP][PASSED] - z = z.substring(i1, z.length()): null

04-12-2024T07:28:33 - [TEST_STEP][PASSED] - i1 = z.indexOf("/"): null

04-12-2024T07:28:33 - [TEST_STEP][PASSED] - i1 = z.indexOf("/") + 1: null

04-12-2024T07:28:33 - [TEST_STEP][PASSED] - if (i1 > -1): null

04-12-2024T07:28:33 - [TEST_STEP][PASSED] - z = z.substring(i1, z.length()): null

04-12-2024T07:28:33 - [TEST_STEP][PASSED] - i1 = z.indexOf("/"): null

04-12-2024T07:28:33 - [TEST_STEP][PASSED] - i1 = z.indexOf("/") + 1: null

04-12-2024T07:28:33 - [TEST_STEP][PASSED] - if (i1 > -1): null

04-12-2024T07:28:33 - [TEST_STEP][PASSED] - z = z.substring(i1, z.length()): null

04-12-2024T07:28:33 - [TEST_STEP][PASSED] - i1 = z.indexOf("/"): null

04-12-2024T07:28:33 - [TEST_STEP][PASSED] - i1 = z.indexOf("/") + 1: null

04-12-2024T07:28:33 - [TEST_STEP][PASSED] - if (i1 > -1): null

04-12-2024T07:28:33 - [TEST_STEP][PASSED] - z = z.substring(i1, z.length()): null

04-12-2024T07:28:33 - [TEST_STEP][PASSED] - i1 = z.indexOf("/"): null

04-12-2024T07:28:33 - [TEST_STEP][PASSED] - i1 = z.indexOf("/") + 1: null

04-12-2024T07:28:33 - [TEST_STEP][PASSED] - if (i1 > -1): null

04-12-2024T07:28:33 - [TEST_STEP][PASSED] - z = z.substring(i1, z.length()): null

04-12-2024T07:28:33 - [TEST_STEP][PASSED] - i1 = z.indexOf("/"): null

04-12-2024T07:28:33 - [TEST_STEP][PASSED] - i1 = z.indexOf("/") + 1: null

04-12-2024T07:28:33 - [TEST_STEP][PASSED] - if (i1 > -1): null

04-12-2024T07:28:33 - [TEST_STEP][PASSED] - z = z.substring(i1, z.length()): null

04-12-2024T07:28:33 - [TEST_STEP][PASSED] - i1 = z.indexOf("/"): null

04-12-2024T07:28:33 - [TEST_STEP][PASSED] - i1 = z.indexOf("/"): null

04-12-2024T07:28:33 - [TEST_STEP][PASSED] - if (i1 > -1): null

04-12-2024T07:28:33 - [TEST_STEP][PASSED] - z = z.substring(0, i1): null

04-12-2024T07:28:33 - [TEST_STEP][PASSED] - z = z.replace(",", "."): null

04-12-2024T07:28:33 - [TEST_STEP][PASSED] - println(z): null

04-12-2024T07:28:33 - [TEST_STEP][PASSED] - x = x + "/" + z: null

04-12-2024T07:28:33 - [TEST_STEP][PASSED] - x = x.replaceAll("[\r?
|
]", ""): null

04-12-2024T07:28:33 - [TEST_STEP][PASSED] - println(x): null

04-12-2024T07:28:33 - [TEST_STEP][PASSED] - return x: null

04-12-2024T07:28:33 - [TEST_STEP][PASSED] - println("cIPB: " + cIPB): null

04-12-2024T07:28:33 - [TEST_STEP][PASSED] - i = VseDZO.indexOf("Юг"): null

04-12-2024T07:28:33 - [TEST_STEP][PASSED] - if (i > -1): null

04-12-2024T07:28:33 - [TEST_STEP][PASSED] - dZONum = dZONum + 1: null

04-12-2024T07:28:33 - [TEST_STEP][PASSED] - ugB = GetAllData(path, dZONum, VseDZO, x = "Россети Юг (ГК)/"): null

04-12-2024T07:28:33 - [TEST_STEP][PASSED] - ii = <not implemented yet for class: org.codehaus.groovy.ast.expr.EmptyExpression>: null

04-12-2024T07:28:33 - [TEST_STEP][PASSED] - i1 = <not implemented yet for class: org.codehaus.groovy.ast.expr.EmptyExpression>: null

04-12-2024T07:28:33 - [TEST_STEP][PASSED] - z = <not implemented yet for class: org.codehaus.groovy.ast.expr.EmptyExpression>: null

04-12-2024T07:28:33 - [TEST_STEP][PASSED] - path2 = "Значения со страницы Выполнение бизнес-плана/Table Data/": null

04-12-2024T07:28:33 - [TEST_STEP][PASSED] - println("path: " + path): null

04-12-2024T07:28:33 - [TEST_STEP][PASSED] - println("dZONum: " + dZONum): null

04-12-2024T07:28:33 - [TEST_STEP][PASSED] - z = getText(findTestObject(path + "spanPlan" + dZONum)): Text of object 'Object Repository/Выполнение бизнес-плана/Выполнение бизнес-плана Балансы/spanPlan16' is: '9.03
|'

04-12-2024T07:28:33 - [MESSAGE][PASSED] - Text of object 'Object Repository/Выполнение бизнес-плана/Выполнение бизнес-плана Балансы/spanPlan16' is: '9.03
|'

04-12-2024T07:28:33 - [TEST_STEP][PASSED] - println(z): null

04-12-2024T07:28:33 - [TEST_STEP][PASSED] - ii = z.indexOf("|"): null

04-12-2024T07:28:33 - [TEST_STEP][PASSED] - if (ii > -1): null

04-12-2024T07:28:33 - [TEST_STEP][PASSED] - z = z.substring(0, z.length() - 1): null

04-12-2024T07:28:33 - [TEST_STEP][PASSED] - println(z): null

04-12-2024T07:28:33 - [TEST_STEP][PASSED] - z = z.replaceAll("\s+", ""): null

04-12-2024T07:28:33 - [TEST_STEP][PASSED] - z = z.replace("[\r?
|
]", "/"): null

04-12-2024T07:28:33 - [TEST_STEP][PASSED] - println(z): null

04-12-2024T07:28:33 - [TEST_STEP][PASSED] - x = x + z: null

04-12-2024T07:28:33 - [TEST_STEP][PASSED] - z = getText(findTestObject(path + "spanFact" + dZONum)): Text of object 'Object Repository/Выполнение бизнес-плана/Выполнение бизнес-плана Балансы/spanFact16' is: '8.58'

04-12-2024T07:28:33 - [MESSAGE][PASSED] - Text of object 'Object Repository/Выполнение бизнес-плана/Выполнение бизнес-плана Балансы/spanFact16' is: '8.58'

04-12-2024T07:28:33 - [TEST_STEP][PASSED] - ii = z.indexOf("|"): null

04-12-2024T07:28:33 - [TEST_STEP][PASSED] - if (ii > -1): null

04-12-2024T07:28:33 - [TEST_STEP][PASSED] - x = x + "/" + z: null

04-12-2024T07:28:33 - [TEST_STEP][PASSED] - z = getText(findTestObject(path + path2 + "Факт Отпуск в сеть за отчётный период " + dZONum)).replaceAll("\s+", ""): Text of object 'Object Repository/Выполнение бизнес-плана/Выполнение бизнес-плана Балансы/Значения со страницы Выполнение бизнес-плана/Table Data/Факт Отпуск в сеть за отчётный период 16' is: '24 803 317'

04-12-2024T07:28:34 - [MESSAGE][PASSED] - Text of object 'Object Repository/Выполнение бизнес-плана/Выполнение бизнес-плана Балансы/Значения со страницы Выполнение бизнес-плана/Table Data/Факт Отпуск в сеть за отчётный период 16' is: '24 803 317'

04-12-2024T07:28:34 - [TEST_STEP][PASSED] - x = x + "/" + z: null

04-12-2024T07:28:34 - [TEST_STEP][PASSED] - z = getText(findTestObject(path + path2 + "Факт Отпуск из сети за отчётный период " + dZONum)).replaceAll("\s+", ""): Text of object 'Object Repository/Выполнение бизнес-плана/Выполнение бизнес-плана Балансы/Значения со страницы Выполнение бизнес-плана/Table Data/Факт Отпуск из сети за отчётный период 16' is: '22 675 442'

04-12-2024T07:28:34 - [MESSAGE][PASSED] - Text of object 'Object Repository/Выполнение бизнес-плана/Выполнение бизнес-плана Балансы/Значения со страницы Выполнение бизнес-плана/Table Data/Факт Отпуск из сети за отчётный период 16' is: '22 675 442'

04-12-2024T07:28:34 - [TEST_STEP][PASSED] - x = x + "/" + z: null

04-12-2024T07:28:34 - [TEST_STEP][PASSED] - z = getText(findTestObject(path + path2 + "Факт Потери за отчётный период " + dZONum)).replaceAll("\s+", ""): Text of object 'Object Repository/Выполнение бизнес-плана/Выполнение бизнес-плана Балансы/Значения со страницы Выполнение бизнес-плана/Table Data/Факт Потери за отчётный период 16' is: '2 127 876'

04-12-2024T07:28:34 - [MESSAGE][PASSED] - Text of object 'Object Repository/Выполнение бизнес-плана/Выполнение бизнес-плана Балансы/Значения со страницы Выполнение бизнес-плана/Table Data/Факт Потери за отчётный период 16' is: '2 127 876'

04-12-2024T07:28:34 - [TEST_STEP][PASSED] - x = x + "/" + z: null

04-12-2024T07:28:34 - [TEST_STEP][PASSED] - z = getText(findTestObject(path + path2 + "План Отпуск в сеть за отчётный период " + dZONum)).replaceAll("\s+", ""): Text of object 'Object Repository/Выполнение бизнес-плана/Выполнение бизнес-плана Балансы/Значения со страницы Выполнение бизнес-плана/Table Data/План Отпуск в сеть за отчётный период 16' is: '24 059 967'

04-12-2024T07:28:34 - [MESSAGE][PASSED] - Text of object 'Object Repository/Выполнение бизнес-плана/Выполнение бизнес-плана Балансы/Значения со страницы Выполнение бизнес-плана/Table Data/План Отпуск в сеть за отчётный период 16' is: '24 059 967'

04-12-2024T07:28:34 - [TEST_STEP][PASSED] - x = x + "/" + z: null

04-12-2024T07:28:34 - [TEST_STEP][PASSED] - z = getText(findTestObject(path + path2 + "План Отпуск из сети за отчётный период " + dZONum)).replaceAll("\s+", ""): Text of object 'Object Repository/Выполнение бизнес-плана/Выполнение бизнес-плана Балансы/Значения со страницы Выполнение бизнес-плана/Table Data/План Отпуск из сети за отчётный период 16' is: '21 888 350'

04-12-2024T07:28:35 - [MESSAGE][PASSED] - Text of object 'Object Repository/Выполнение бизнес-плана/Выполнение бизнес-плана Балансы/Значения со страницы Выполнение бизнес-плана/Table Data/План Отпуск из сети за отчётный период 16' is: '21 888 350'

04-12-2024T07:28:35 - [TEST_STEP][PASSED] - x = x + "/" + z: null

04-12-2024T07:28:35 - [TEST_STEP][PASSED] - z = getText(findTestObject(path + path2 + "План Потери за отчётный период " + dZONum)).replaceAll("\s+", ""): Text of object 'Object Repository/Выполнение бизнес-плана/Выполнение бизнес-плана Балансы/Значения со страницы Выполнение бизнес-плана/Table Data/План Потери за отчётный период 16' is: '2 171 617'

04-12-2024T07:28:35 - [MESSAGE][PASSED] - Text of object 'Object Repository/Выполнение бизнес-плана/Выполнение бизнес-плана Балансы/Значения со страницы Выполнение бизнес-плана/Table Data/План Потери за отчётный период 16' is: '2 171 617'

04-12-2024T07:28:35 - [TEST_STEP][PASSED] - x = x + "/" + z: null

04-12-2024T07:28:35 - [TEST_STEP][PASSED] - z = getText(findTestObject(path + "Список ДЗО")).replaceAll("[\r?
|
]", "/"): Text of object 'Object Repository/Выполнение бизнес-плана/Выполнение бизнес-плана Балансы/Список ДЗО' is: '-0.21
-0.07
3.72
-0.38
-0.73
0.09
0.09
3.84
-0.41
-0.05
-0.01
0.15
-0.11
-0.50
-0.27
-0.45
-0.05
Россети ФСКЕЭС
АО«Тываэнерго»
АО«Чеченэнерго»
РоссетиВолга
РоссетиКубань
РоссетиЛенэнерго(ГК)
РоссетиМосковскийрегион
РоссетиСеверныйКавказ
РоссетиСеверо-Запад
РоссетиСибирь
РоссетиТомск
РоссетиТюмень
Россети Урал(ГК)
РоссетиЦентр (ГК)
РоссетиЦентр иПриволжье(ГК)
Россети Юг(ГК)
РоссетиЯнтарь
-2
0
2
4
6
8'

04-12-2024T07:28:35 - [MESSAGE][PASSED] - Text of object 'Object Repository/Выполнение бизнес-плана/Выполнение бизнес-плана Балансы/Список ДЗО' is: '-0.21
-0.07
3.72
-0.38
-0.73
0.09
0.09
3.84
-0.41
-0.05
-0.01
0.15
-0.11
-0.50
-0.27
-0.45
-0.05
Россети ФСКЕЭС
АО«Тываэнерго»
АО«Чеченэнерго»
РоссетиВолга
РоссетиКубань
РоссетиЛенэнерго(ГК)
РоссетиМосковскийрегион
РоссетиСеверныйКавказ
РоссетиСеверо-Запад
РоссетиСибирь
РоссетиТомск
РоссетиТюмень
Россети Урал(ГК)
РоссетиЦентр (ГК)
РоссетиЦентр иПриволжье(ГК)
Россети Юг(ГК)
РоссетиЯнтарь
-2
0
2
4
6
8'

04-12-2024T07:28:35 - [TEST_STEP][PASSED] - for ([ii = 1, ii < dZONum, (ii++)]): null

04-12-2024T07:28:35 - [TEST_STEP][PASSED] - i1 = z.indexOf("/") + 1: null

04-12-2024T07:28:35 - [TEST_STEP][PASSED] - if (i1 > -1): null

04-12-2024T07:28:35 - [TEST_STEP][PASSED] - z = z.substring(i1, z.length()): null

04-12-2024T07:28:35 - [TEST_STEP][PASSED] - i1 = z.indexOf("/"): null

04-12-2024T07:28:35 - [TEST_STEP][PASSED] - i1 = z.indexOf("/") + 1: null

04-12-2024T07:28:35 - [TEST_STEP][PASSED] - if (i1 > -1): null

04-12-2024T07:28:35 - [TEST_STEP][PASSED] - z = z.substring(i1, z.length()): null

04-12-2024T07:28:35 - [TEST_STEP][PASSED] - i1 = z.indexOf("/"): null

04-12-2024T07:28:35 - [TEST_STEP][PASSED] - i1 = z.indexOf("/") + 1: null

04-12-2024T07:28:35 - [TEST_STEP][PASSED] - if (i1 > -1): null

04-12-2024T07:28:35 - [TEST_STEP][PASSED] - z = z.substring(i1, z.length()): null

04-12-2024T07:28:35 - [TEST_STEP][PASSED] - i1 = z.indexOf("/"): null

04-12-2024T07:28:35 - [TEST_STEP][PASSED] - i1 = z.indexOf("/") + 1: null

04-12-2024T07:28:35 - [TEST_STEP][PASSED] - if (i1 > -1): null

04-12-2024T07:28:35 - [TEST_STEP][PASSED] - z = z.substring(i1, z.length()): null

04-12-2024T07:28:35 - [TEST_STEP][PASSED] - i1 = z.indexOf("/"): null

04-12-2024T07:28:35 - [TEST_STEP][PASSED] - i1 = z.indexOf("/") + 1: null

04-12-2024T07:28:35 - [TEST_STEP][PASSED] - if (i1 > -1): null

04-12-2024T07:28:35 - [TEST_STEP][PASSED] - z = z.substring(i1, z.length()): null

04-12-2024T07:28:35 - [TEST_STEP][PASSED] - i1 = z.indexOf("/"): null

04-12-2024T07:28:35 - [TEST_STEP][PASSED] - i1 = z.indexOf("/") + 1: null

04-12-2024T07:28:35 - [TEST_STEP][PASSED] - if (i1 > -1): null

04-12-2024T07:28:35 - [TEST_STEP][PASSED] - z = z.substring(i1, z.length()): null

04-12-2024T07:28:35 - [TEST_STEP][PASSED] - i1 = z.indexOf("/"): null

04-12-2024T07:28:35 - [TEST_STEP][PASSED] - i1 = z.indexOf("/") + 1: null

04-12-2024T07:28:35 - [TEST_STEP][PASSED] - if (i1 > -1): null

04-12-2024T07:28:35 - [TEST_STEP][PASSED] - z = z.substring(i1, z.length()): null

04-12-2024T07:28:35 - [TEST_STEP][PASSED] - i1 = z.indexOf("/"): null

04-12-2024T07:28:35 - [TEST_STEP][PASSED] - i1 = z.indexOf("/") + 1: null

04-12-2024T07:28:35 - [TEST_STEP][PASSED] - if (i1 > -1): null

04-12-2024T07:28:35 - [TEST_STEP][PASSED] - z = z.substring(i1, z.length()): null

04-12-2024T07:28:35 - [TEST_STEP][PASSED] - i1 = z.indexOf("/"): null

04-12-2024T07:28:35 - [TEST_STEP][PASSED] - i1 = z.indexOf("/") + 1: null

04-12-2024T07:28:35 - [TEST_STEP][PASSED] - if (i1 > -1): null

04-12-2024T07:28:35 - [TEST_STEP][PASSED] - z = z.substring(i1, z.length()): null

04-12-2024T07:28:35 - [TEST_STEP][PASSED] - i1 = z.indexOf("/"): null

04-12-2024T07:28:35 - [TEST_STEP][PASSED] - i1 = z.indexOf("/") + 1: null

04-12-2024T07:28:35 - [TEST_STEP][PASSED] - if (i1 > -1): null

04-12-2024T07:28:35 - [TEST_STEP][PASSED] - z = z.substring(i1, z.length()): null

04-12-2024T07:28:35 - [TEST_STEP][PASSED] - i1 = z.indexOf("/"): null

04-12-2024T07:28:35 - [TEST_STEP][PASSED] - i1 = z.indexOf("/") + 1: null

04-12-2024T07:28:35 - [TEST_STEP][PASSED] - if (i1 > -1): null

04-12-2024T07:28:35 - [TEST_STEP][PASSED] - z = z.substring(i1, z.length()): null

04-12-2024T07:28:35 - [TEST_STEP][PASSED] - i1 = z.indexOf("/"): null

04-12-2024T07:28:35 - [TEST_STEP][PASSED] - i1 = z.indexOf("/") + 1: null

04-12-2024T07:28:35 - [TEST_STEP][PASSED] - if (i1 > -1): null

04-12-2024T07:28:35 - [TEST_STEP][PASSED] - z = z.substring(i1, z.length()): null

04-12-2024T07:28:35 - [TEST_STEP][PASSED] - i1 = z.indexOf("/"): null

04-12-2024T07:28:35 - [TEST_STEP][PASSED] - i1 = z.indexOf("/") + 1: null

04-12-2024T07:28:35 - [TEST_STEP][PASSED] - if (i1 > -1): null

04-12-2024T07:28:35 - [TEST_STEP][PASSED] - z = z.substring(i1, z.length()): null

04-12-2024T07:28:35 - [TEST_STEP][PASSED] - i1 = z.indexOf("/"): null

04-12-2024T07:28:35 - [TEST_STEP][PASSED] - i1 = z.indexOf("/") + 1: null

04-12-2024T07:28:35 - [TEST_STEP][PASSED] - if (i1 > -1): null

04-12-2024T07:28:35 - [TEST_STEP][PASSED] - z = z.substring(i1, z.length()): null

04-12-2024T07:28:35 - [TEST_STEP][PASSED] - i1 = z.indexOf("/"): null

04-12-2024T07:28:35 - [TEST_STEP][PASSED] - i1 = z.indexOf("/") + 1: null

04-12-2024T07:28:35 - [TEST_STEP][PASSED] - if (i1 > -1): null

04-12-2024T07:28:35 - [TEST_STEP][PASSED] - z = z.substring(i1, z.length()): null

04-12-2024T07:28:35 - [TEST_STEP][PASSED] - i1 = z.indexOf("/"): null

04-12-2024T07:28:35 - [TEST_STEP][PASSED] - i1 = z.indexOf("/"): null

04-12-2024T07:28:35 - [TEST_STEP][PASSED] - if (i1 > -1): null

04-12-2024T07:28:35 - [TEST_STEP][PASSED] - z = z.substring(0, i1): null

04-12-2024T07:28:35 - [TEST_STEP][PASSED] - z = z.replace(",", "."): null

04-12-2024T07:28:35 - [TEST_STEP][PASSED] - println(z): null

04-12-2024T07:28:35 - [TEST_STEP][PASSED] - x = x + "/" + z: null

04-12-2024T07:28:35 - [TEST_STEP][PASSED] - x = x.replaceAll("[\r?
|
]", ""): null

04-12-2024T07:28:35 - [TEST_STEP][PASSED] - println(x): null

04-12-2024T07:28:35 - [TEST_STEP][PASSED] - return x: null

04-12-2024T07:28:35 - [TEST_STEP][PASSED] - println("ugB: " + ugB): null

04-12-2024T07:28:35 - [TEST_STEP][PASSED] - i = VseDZO.indexOf("Янтарь"): null

04-12-2024T07:28:35 - [TEST_STEP][PASSED] - if (i > -1): null

04-12-2024T07:28:35 - [TEST_STEP][PASSED] - dZONum = dZONum + 1: null

04-12-2024T07:28:35 - [TEST_STEP][PASSED] - yB = GetAllData(path, dZONum, VseDZO, x = "Россети Янтарь/"): null

04-12-2024T07:28:35 - [TEST_STEP][PASSED] - ii = <not implemented yet for class: org.codehaus.groovy.ast.expr.EmptyExpression>: null

04-12-2024T07:28:35 - [TEST_STEP][PASSED] - i1 = <not implemented yet for class: org.codehaus.groovy.ast.expr.EmptyExpression>: null

04-12-2024T07:28:35 - [TEST_STEP][PASSED] - z = <not implemented yet for class: org.codehaus.groovy.ast.expr.EmptyExpression>: null

04-12-2024T07:28:35 - [TEST_STEP][PASSED] - path2 = "Значения со страницы Выполнение бизнес-плана/Table Data/": null

04-12-2024T07:28:35 - [TEST_STEP][PASSED] - println("path: " + path): null

04-12-2024T07:28:35 - [TEST_STEP][PASSED] - println("dZONum: " + dZONum): null

04-12-2024T07:28:35 - [TEST_STEP][PASSED] - z = getText(findTestObject(path + "spanPlan" + dZONum)): Text of object 'Object Repository/Выполнение бизнес-плана/Выполнение бизнес-плана Балансы/spanPlan17' is: '8.82
|'

04-12-2024T07:28:36 - [MESSAGE][PASSED] - Text of object 'Object Repository/Выполнение бизнес-плана/Выполнение бизнес-плана Балансы/spanPlan17' is: '8.82
|'

04-12-2024T07:28:36 - [TEST_STEP][PASSED] - println(z): null

04-12-2024T07:28:36 - [TEST_STEP][PASSED] - ii = z.indexOf("|"): null

04-12-2024T07:28:36 - [TEST_STEP][PASSED] - if (ii > -1): null

04-12-2024T07:28:36 - [TEST_STEP][PASSED] - z = z.substring(0, z.length() - 1): null

04-12-2024T07:28:36 - [TEST_STEP][PASSED] - println(z): null

04-12-2024T07:28:36 - [TEST_STEP][PASSED] - z = z.replaceAll("\s+", ""): null

04-12-2024T07:28:36 - [TEST_STEP][PASSED] - z = z.replace("[\r?
|
]", "/"): null

04-12-2024T07:28:36 - [TEST_STEP][PASSED] - println(z): null

04-12-2024T07:28:36 - [TEST_STEP][PASSED] - x = x + z: null

04-12-2024T07:28:36 - [TEST_STEP][PASSED] - z = getText(findTestObject(path + "spanFact" + dZONum)): Text of object 'Object Repository/Выполнение бизнес-плана/Выполнение бизнес-плана Балансы/spanFact17' is: '8.76'

04-12-2024T07:28:36 - [MESSAGE][PASSED] - Text of object 'Object Repository/Выполнение бизнес-плана/Выполнение бизнес-плана Балансы/spanFact17' is: '8.76'

04-12-2024T07:28:36 - [TEST_STEP][PASSED] - ii = z.indexOf("|"): null

04-12-2024T07:28:36 - [TEST_STEP][PASSED] - if (ii > -1): null

04-12-2024T07:28:36 - [TEST_STEP][PASSED] - x = x + "/" + z: null

04-12-2024T07:28:36 - [TEST_STEP][PASSED] - z = getText(findTestObject(path + path2 + "Факт Отпуск в сеть за отчётный период " + dZONum)).replaceAll("\s+", ""): Text of object 'Object Repository/Выполнение бизнес-плана/Выполнение бизнес-плана Балансы/Значения со страницы Выполнение бизнес-плана/Table Data/Факт Отпуск в сеть за отчётный период 17' is: '3 757 223'

04-12-2024T07:28:36 - [MESSAGE][PASSED] - Text of object 'Object Repository/Выполнение бизнес-плана/Выполнение бизнес-плана Балансы/Значения со страницы Выполнение бизнес-плана/Table Data/Факт Отпуск в сеть за отчётный период 17' is: '3 757 223'

04-12-2024T07:28:36 - [TEST_STEP][PASSED] - x = x + "/" + z: null

04-12-2024T07:28:36 - [TEST_STEP][PASSED] - z = getText(findTestObject(path + path2 + "Факт Отпуск из сети за отчётный период " + dZONum)).replaceAll("\s+", ""): Text of object 'Object Repository/Выполнение бизнес-плана/Выполнение бизнес-плана Балансы/Значения со страницы Выполнение бизнес-плана/Table Data/Факт Отпуск из сети за отчётный период 17' is: '3 428 012'

04-12-2024T07:28:37 - [MESSAGE][PASSED] - Text of object 'Object Repository/Выполнение бизнес-плана/Выполнение бизнес-плана Балансы/Значения со страницы Выполнение бизнес-плана/Table Data/Факт Отпуск из сети за отчётный период 17' is: '3 428 012'

04-12-2024T07:28:37 - [TEST_STEP][PASSED] - x = x + "/" + z: null

04-12-2024T07:28:37 - [TEST_STEP][PASSED] - z = getText(findTestObject(path + path2 + "Факт Потери за отчётный период " + dZONum)).replaceAll("\s+", ""): Text of object 'Object Repository/Выполнение бизнес-плана/Выполнение бизнес-плана Балансы/Значения со страницы Выполнение бизнес-плана/Table Data/Факт Потери за отчётный период 17' is: '329 211'

04-12-2024T07:28:37 - [MESSAGE][PASSED] - Text of object 'Object Repository/Выполнение бизнес-плана/Выполнение бизнес-плана Балансы/Значения со страницы Выполнение бизнес-плана/Table Data/Факт Потери за отчётный период 17' is: '329 211'

04-12-2024T07:28:37 - [TEST_STEP][PASSED] - x = x + "/" + z: null

04-12-2024T07:28:37 - [TEST_STEP][PASSED] - z = getText(findTestObject(path + path2 + "План Отпуск в сеть за отчётный период " + dZONum)).replaceAll("\s+", ""): Text of object 'Object Repository/Выполнение бизнес-плана/Выполнение бизнес-плана Балансы/Значения со страницы Выполнение бизнес-плана/Table Data/План Отпуск в сеть за отчётный период 17' is: '3 603 098'

04-12-2024T07:28:37 - [MESSAGE][PASSED] - Text of object 'Object Repository/Выполнение бизнес-плана/Выполнение бизнес-плана Балансы/Значения со страницы Выполнение бизнес-плана/Table Data/План Отпуск в сеть за отчётный период 17' is: '3 603 098'

04-12-2024T07:28:37 - [TEST_STEP][PASSED] - x = x + "/" + z: null

04-12-2024T07:28:37 - [TEST_STEP][PASSED] - z = getText(findTestObject(path + path2 + "План Отпуск из сети за отчётный период " + dZONum)).replaceAll("\s+", ""): Text of object 'Object Repository/Выполнение бизнес-плана/Выполнение бизнес-плана Балансы/Значения со страницы Выполнение бизнес-плана/Table Data/План Отпуск из сети за отчётный период 17' is: '3 285 438'

04-12-2024T07:28:38 - [MESSAGE][PASSED] - Text of object 'Object Repository/Выполнение бизнес-плана/Выполнение бизнес-плана Балансы/Значения со страницы Выполнение бизнес-плана/Table Data/План Отпуск из сети за отчётный период 17' is: '3 285 438'

04-12-2024T07:28:38 - [TEST_STEP][PASSED] - x = x + "/" + z: null

04-12-2024T07:28:38 - [TEST_STEP][PASSED] - z = getText(findTestObject(path + path2 + "План Потери за отчётный период " + dZONum)).replaceAll("\s+", ""): Text of object 'Object Repository/Выполнение бизнес-плана/Выполнение бизнес-плана Балансы/Значения со страницы Выполнение бизнес-плана/Table Data/План Потери за отчётный период 17' is: '317 660'

04-12-2024T07:28:38 - [MESSAGE][PASSED] - Text of object 'Object Repository/Выполнение бизнес-плана/Выполнение бизнес-плана Балансы/Значения со страницы Выполнение бизнес-плана/Table Data/План Потери за отчётный период 17' is: '317 660'

04-12-2024T07:28:38 - [TEST_STEP][PASSED] - x = x + "/" + z: null

04-12-2024T07:28:38 - [TEST_STEP][PASSED] - z = getText(findTestObject(path + "Список ДЗО")).replaceAll("[\r?
|
]", "/"): Text of object 'Object Repository/Выполнение бизнес-плана/Выполнение бизнес-плана Балансы/Список ДЗО' is: '-0.21
-0.07
3.72
-0.38
-0.73
0.09
0.09
3.84
-0.41
-0.05
-0.01
0.15
-0.11
-0.50
-0.27
-0.45
-0.05
Россети ФСКЕЭС
АО«Тываэнерго»
АО«Чеченэнерго»
РоссетиВолга
РоссетиКубань
РоссетиЛенэнерго(ГК)
РоссетиМосковскийрегион
РоссетиСеверныйКавказ
РоссетиСеверо-Запад
РоссетиСибирь
РоссетиТомск
РоссетиТюмень
Россети Урал(ГК)
РоссетиЦентр (ГК)
РоссетиЦентр иПриволжье(ГК)
Россети Юг(ГК)
РоссетиЯнтарь
-2
0
2
4
6
8'

04-12-2024T07:28:38 - [MESSAGE][PASSED] - Text of object 'Object Repository/Выполнение бизнес-плана/Выполнение бизнес-плана Балансы/Список ДЗО' is: '-0.21
-0.07
3.72
-0.38
-0.73
0.09
0.09
3.84
-0.41
-0.05
-0.01
0.15
-0.11
-0.50
-0.27
-0.45
-0.05
Россети ФСКЕЭС
АО«Тываэнерго»
АО«Чеченэнерго»
РоссетиВолга
РоссетиКубань
РоссетиЛенэнерго(ГК)
РоссетиМосковскийрегион
РоссетиСеверныйКавказ
РоссетиСеверо-Запад
РоссетиСибирь
РоссетиТомск
РоссетиТюмень
Россети Урал(ГК)
РоссетиЦентр (ГК)
РоссетиЦентр иПриволжье(ГК)
Россети Юг(ГК)
РоссетиЯнтарь
-2
0
2
4
6
8'

04-12-2024T07:28:38 - [TEST_STEP][PASSED] - for ([ii = 1, ii < dZONum, (ii++)]): null

04-12-2024T07:28:38 - [TEST_STEP][PASSED] - i1 = z.indexOf("/") + 1: null

04-12-2024T07:28:38 - [TEST_STEP][PASSED] - if (i1 > -1): null

04-12-2024T07:28:38 - [TEST_STEP][PASSED] - z = z.substring(i1, z.length()): null

04-12-2024T07:28:38 - [TEST_STEP][PASSED] - i1 = z.indexOf("/"): null

04-12-2024T07:28:38 - [TEST_STEP][PASSED] - i1 = z.indexOf("/") + 1: null

04-12-2024T07:28:38 - [TEST_STEP][PASSED] - if (i1 > -1): null

04-12-2024T07:28:38 - [TEST_STEP][PASSED] - z = z.substring(i1, z.length()): null

04-12-2024T07:28:38 - [TEST_STEP][PASSED] - i1 = z.indexOf("/"): null

04-12-2024T07:28:38 - [TEST_STEP][PASSED] - i1 = z.indexOf("/") + 1: null

04-12-2024T07:28:38 - [TEST_STEP][PASSED] - if (i1 > -1): null

04-12-2024T07:28:38 - [TEST_STEP][PASSED] - z = z.substring(i1, z.length()): null

04-12-2024T07:28:38 - [TEST_STEP][PASSED] - i1 = z.indexOf("/"): null

04-12-2024T07:28:38 - [TEST_STEP][PASSED] - i1 = z.indexOf("/") + 1: null

04-12-2024T07:28:38 - [TEST_STEP][PASSED] - if (i1 > -1): null

04-12-2024T07:28:38 - [TEST_STEP][PASSED] - z = z.substring(i1, z.length()): null

04-12-2024T07:28:38 - [TEST_STEP][PASSED] - i1 = z.indexOf("/"): null

04-12-2024T07:28:38 - [TEST_STEP][PASSED] - i1 = z.indexOf("/") + 1: null

04-12-2024T07:28:38 - [TEST_STEP][PASSED] - if (i1 > -1): null

04-12-2024T07:28:38 - [TEST_STEP][PASSED] - z = z.substring(i1, z.length()): null

04-12-2024T07:28:38 - [TEST_STEP][PASSED] - i1 = z.indexOf("/"): null

04-12-2024T07:28:38 - [TEST_STEP][PASSED] - i1 = z.indexOf("/") + 1: null

04-12-2024T07:28:38 - [TEST_STEP][PASSED] - if (i1 > -1): null

04-12-2024T07:28:38 - [TEST_STEP][PASSED] - z = z.substring(i1, z.length()): null

04-12-2024T07:28:38 - [TEST_STEP][PASSED] - i1 = z.indexOf("/"): null

04-12-2024T07:28:38 - [TEST_STEP][PASSED] - i1 = z.indexOf("/") + 1: null

04-12-2024T07:28:38 - [TEST_STEP][PASSED] - if (i1 > -1): null

04-12-2024T07:28:38 - [TEST_STEP][PASSED] - z = z.substring(i1, z.length()): null

04-12-2024T07:28:38 - [TEST_STEP][PASSED] - i1 = z.indexOf("/"): null

04-12-2024T07:28:38 - [TEST_STEP][PASSED] - i1 = z.indexOf("/") + 1: null

04-12-2024T07:28:38 - [TEST_STEP][PASSED] - if (i1 > -1): null

04-12-2024T07:28:38 - [TEST_STEP][PASSED] - z = z.substring(i1, z.length()): null

04-12-2024T07:28:38 - [TEST_STEP][PASSED] - i1 = z.indexOf("/"): null

04-12-2024T07:28:38 - [TEST_STEP][PASSED] - i1 = z.indexOf("/") + 1: null

04-12-2024T07:28:38 - [TEST_STEP][PASSED] - if (i1 > -1): null

04-12-2024T07:28:38 - [TEST_STEP][PASSED] - z = z.substring(i1, z.length()): null

04-12-2024T07:28:38 - [TEST_STEP][PASSED] - i1 = z.indexOf("/"): null

04-12-2024T07:28:38 - [TEST_STEP][PASSED] - i1 = z.indexOf("/") + 1: null

04-12-2024T07:28:38 - [TEST_STEP][PASSED] - if (i1 > -1): null

04-12-2024T07:28:38 - [TEST_STEP][PASSED] - z = z.substring(i1, z.length()): null

04-12-2024T07:28:38 - [TEST_STEP][PASSED] - i1 = z.indexOf("/"): null

04-12-2024T07:28:38 - [TEST_STEP][PASSED] - i1 = z.indexOf("/") + 1: null

04-12-2024T07:28:38 - [TEST_STEP][PASSED] - if (i1 > -1): null

04-12-2024T07:28:38 - [TEST_STEP][PASSED] - z = z.substring(i1, z.length()): null

04-12-2024T07:28:38 - [TEST_STEP][PASSED] - i1 = z.indexOf("/"): null

04-12-2024T07:28:38 - [TEST_STEP][PASSED] - i1 = z.indexOf("/") + 1: null

04-12-2024T07:28:38 - [TEST_STEP][PASSED] - if (i1 > -1): null

04-12-2024T07:28:38 - [TEST_STEP][PASSED] - z = z.substring(i1, z.length()): null

04-12-2024T07:28:38 - [TEST_STEP][PASSED] - i1 = z.indexOf("/"): null

04-12-2024T07:28:38 - [TEST_STEP][PASSED] - i1 = z.indexOf("/") + 1: null

04-12-2024T07:28:38 - [TEST_STEP][PASSED] - if (i1 > -1): null

04-12-2024T07:28:38 - [TEST_STEP][PASSED] - z = z.substring(i1, z.length()): null

04-12-2024T07:28:38 - [TEST_STEP][PASSED] - i1 = z.indexOf("/"): null

04-12-2024T07:28:38 - [TEST_STEP][PASSED] - i1 = z.indexOf("/") + 1: null

04-12-2024T07:28:38 - [TEST_STEP][PASSED] - if (i1 > -1): null

04-12-2024T07:28:38 - [TEST_STEP][PASSED] - z = z.substring(i1, z.length()): null

04-12-2024T07:28:38 - [TEST_STEP][PASSED] - i1 = z.indexOf("/"): null

04-12-2024T07:28:38 - [TEST_STEP][PASSED] - i1 = z.indexOf("/") + 1: null

04-12-2024T07:28:38 - [TEST_STEP][PASSED] - if (i1 > -1): null

04-12-2024T07:28:38 - [TEST_STEP][PASSED] - z = z.substring(i1, z.length()): null

04-12-2024T07:28:38 - [TEST_STEP][PASSED] - i1 = z.indexOf("/"): null

04-12-2024T07:28:38 - [TEST_STEP][PASSED] - i1 = z.indexOf("/") + 1: null

04-12-2024T07:28:38 - [TEST_STEP][PASSED] - if (i1 > -1): null

04-12-2024T07:28:38 - [TEST_STEP][PASSED] - z = z.substring(i1, z.length()): null

04-12-2024T07:28:38 - [TEST_STEP][PASSED] - i1 = z.indexOf("/"): null

04-12-2024T07:28:38 - [TEST_STEP][PASSED] - i1 = z.indexOf("/"): null

04-12-2024T07:28:38 - [TEST_STEP][PASSED] - if (i1 > -1): null

04-12-2024T07:28:38 - [TEST_STEP][PASSED] - z = z.substring(0, i1): null

04-12-2024T07:28:38 - [TEST_STEP][PASSED] - z = z.replace(",", "."): null

04-12-2024T07:28:38 - [TEST_STEP][PASSED] - println(z): null

04-12-2024T07:28:38 - [TEST_STEP][PASSED] - x = x + "/" + z: null

04-12-2024T07:28:38 - [TEST_STEP][PASSED] - x = x.replaceAll("[\r?
|
]", ""): null

04-12-2024T07:28:38 - [TEST_STEP][PASSED] - println(x): null

04-12-2024T07:28:38 - [TEST_STEP][PASSED] - return x: null

04-12-2024T07:28:38 - [TEST_STEP][PASSED] - println("yB: " + yB): null

04-12-2024T07:28:38 - [TEST_STEP][PASSED] - VseDZO = getText(findTestObject(path + "Список ДЗО")): Text of object 'Object Repository/Выполнение бизнес-плана/Выполнение бизнес-плана Балансы/Список ДЗО' is: '-0.21
-0.07
3.72
-0.38
-0.73
0.09
0.09
3.84
-0.41
-0.05
-0.01
0.15
-0.11
-0.50
-0.27
-0.45
-0.05
Россети ФСКЕЭС
АО«Тываэнерго»
АО«Чеченэнерго»
РоссетиВолга
РоссетиКубань
РоссетиЛенэнерго(ГК)
РоссетиМосковскийрегион
РоссетиСеверныйКавказ
РоссетиСеверо-Запад
РоссетиСибирь
РоссетиТомск
РоссетиТюмень
Россети Урал(ГК)
РоссетиЦентр (ГК)
РоссетиЦентр иПриволжье(ГК)
Россети Юг(ГК)
РоссетиЯнтарь
-2
0
2
4
6
8'

04-12-2024T07:28:39 - [MESSAGE][PASSED] - Text of object 'Object Repository/Выполнение бизнес-плана/Выполнение бизнес-плана Балансы/Список ДЗО' is: '-0.21
-0.07
3.72
-0.38
-0.73
0.09
0.09
3.84
-0.41
-0.05
-0.01
0.15
-0.11
-0.50
-0.27
-0.45
-0.05
Россети ФСКЕЭС
АО«Тываэнерго»
АО«Чеченэнерго»
РоссетиВолга
РоссетиКубань
РоссетиЛенэнерго(ГК)
РоссетиМосковскийрегион
РоссетиСеверныйКавказ
РоссетиСеверо-Запад
РоссетиСибирь
РоссетиТомск
РоссетиТюмень
Россети Урал(ГК)
РоссетиЦентр (ГК)
РоссетиЦентр иПриволжье(ГК)
Россети Юг(ГК)
РоссетиЯнтарь
-2
0
2
4
6
8'

04-12-2024T07:28:39 - [TEST_STEP][FAILED] - if (blockNum == 2): null

04-12-2024T07:28:39 - [TEST_STEP][FAILED] - if (verifyEqual(pRR, pRB) == false): null

04-12-2024T07:28:39 - [MESSAGE][FAILED] - Unable to verify equal between actual object 'ПАО Россети/5.39/5.35/211719944/192987366/18732578/206707707/189135798/17571909' and expected object 'ПАО Россети/5.82/7.98/515627424/475375602/40251822/999771369/942378723/57392646' (Root cause: com.kms.katalon.core.exception.StepFailedException: Actual object 'ПАО Россети/5.39/5.35/211719944/192987366/18732578/206707707/189135798/17571909' and expected object 'ПАО Россети/5.82/7.98/515627424/475375602/40251822/999771369/942378723/57392646' are not equal
	at com.kms.katalon.core.keyword.builtin.VerifyEqualKeyword$_verifyEqual_closure1.doCall(VerifyEqualKeyword.groovy:58)
	at com.kms.katalon.core.keyword.builtin.VerifyEqualKeyword$_verifyEqual_closure1.call(VerifyEqualKeyword.groovy)
	at com.kms.katalon.core.keyword.internal.KeywordMain.runKeyword(KeywordMain.groovy:75)
	at com.kms.katalon.core.keyword.builtin.VerifyEqualKeyword.verifyEqual(VerifyEqualKeyword.groovy:63)
	at com.kms.katalon.core.keyword.builtin.VerifyEqualKeyword.execute(VerifyEqualKeyword.groovy:44)
	at com.kms.katalon.core.keyword.internal.KeywordExecutor.executeKeywordForPlatform(KeywordExecutor.groovy:74)
	at com.kms.katalon.core.keyword.BuiltinKeywords.verifyEqual(BuiltinKeywords.groovy:146)
	at java.base/jdk.internal.reflect.NativeMethodAccessorImpl.invoke0(Native Method)
	at java.base/jdk.internal.reflect.NativeMethodAccessorImpl.invoke(NativeMethodAccessorImpl.java:77)
	at java.base/jdk.internal.reflect.DelegatingMethodAccessorImpl.invoke(DelegatingMethodAccessorImpl.java:43)
	at Выполнение бизнес-плана сверка дашбордов.run(Выполнение бизнес-плана сверка дашбордов:577)
	at com.kms.katalon.core.main.ScriptEngine.run(ScriptEngine.java:194)
	at com.kms.katalon.core.main.ScriptEngine.runScriptAsRawText(ScriptEngine.java:119)
	at com.kms.katalon.core.main.TestCaseExecutor.runScript(TestCaseExecutor.java:448)
	at com.kms.katalon.core.main.TestCaseExecutor.doExecute(TestCaseExecutor.java:439)
	at com.kms.katalon.core.main.TestCaseExecutor.processExecutionPhase(TestCaseExecutor.java:418)
	at com.kms.katalon.core.main.TestCaseExecutor.accessMainPhase(TestCaseExecutor.java:410)
	at com.kms.katalon.core.main.TestCaseExecutor.execute(TestCaseExecutor.java:285)
	at com.kms.katalon.core.common.CommonExecutor.accessTestCaseMainPhase(CommonExecutor.java:65)
	at com.kms.katalon.core.main.TestSuiteExecutor.accessTestSuiteMainPhase(TestSuiteExecutor.java:150)
	at com.kms.katalon.core.main.TestSuiteExecutor.execute(TestSuiteExecutor.java:106)
	at com.kms.katalon.core.main.TestCaseMain.startTestSuite(TestCaseMain.java:180)
	at TempTestSuite1733285972582.run(TempTestSuite1733285972582.groovy:35)
	at java.base/jdk.internal.reflect.NativeMethodAccessorImpl.invoke0(Native Method)
	at java.base/jdk.internal.reflect.NativeMethodAccessorImpl.invoke(NativeMethodAccessorImpl.java:77)
	at java.base/jdk.internal.reflect.DelegatingMethodAccessorImpl.invoke(DelegatingMethodAccessorImpl.java:43)
)

04-12-2024T07:28:39 - [TEST_STEP][PASSED] - result = CompareDZOData(a = pRR, b = pRB, dZO, typeOfData, PercPlanR, PercPlanB, PercFactR, PercFactB, todaysDate, x, vidget, tabR, tabB, o1R, o1B): null

04-12-2024T07:28:39 - [TEST_STEP][PASSED] - ii2 = <not implemented yet for class: org.codehaus.groovy.ast.expr.EmptyExpression>: null

04-12-2024T07:28:39 - [TEST_STEP][FAILED] - if (verifyEqual(a, b) == false): null

04-12-2024T07:28:39 - [MESSAGE][FAILED] - Unable to verify equal between actual object 'ПАО Россети/5.39/5.35/211719944/192987366/18732578/206707707/189135798/17571909' and expected object 'ПАО Россети/5.82/7.98/515627424/475375602/40251822/999771369/942378723/57392646' (Root cause: com.kms.katalon.core.exception.StepFailedException: Actual object 'ПАО Россети/5.39/5.35/211719944/192987366/18732578/206707707/189135798/17571909' and expected object 'ПАО Россети/5.82/7.98/515627424/475375602/40251822/999771369/942378723/57392646' are not equal
	at com.kms.katalon.core.keyword.builtin.VerifyEqualKeyword$_verifyEqual_closure1.doCall(VerifyEqualKeyword.groovy:58)
	at com.kms.katalon.core.keyword.builtin.VerifyEqualKeyword$_verifyEqual_closure1.call(VerifyEqualKeyword.groovy)
	at com.kms.katalon.core.keyword.internal.KeywordMain.runKeyword(KeywordMain.groovy:75)
	at com.kms.katalon.core.keyword.builtin.VerifyEqualKeyword.verifyEqual(VerifyEqualKeyword.groovy:63)
	at com.kms.katalon.core.keyword.builtin.VerifyEqualKeyword.execute(VerifyEqualKeyword.groovy:44)
	at com.kms.katalon.core.keyword.internal.KeywordExecutor.executeKeywordForPlatform(KeywordExecutor.groovy:74)
	at com.kms.katalon.core.keyword.BuiltinKeywords.verifyEqual(BuiltinKeywords.groovy:146)
	at java.base/jdk.internal.reflect.NativeMethodAccessorImpl.invoke0(Native Method)
	at java.base/jdk.internal.reflect.NativeMethodAccessorImpl.invoke(NativeMethodAccessorImpl.java:77)
	at java.base/jdk.internal.reflect.DelegatingMethodAccessorImpl.invoke(DelegatingMethodAccessorImpl.java:43)
	at Выполнение бизнес-плана сверка дашбордов.CompareDZOData(Выполнение бизнес-плана сверка дашбордов:673)
	at Выполнение бизнес-плана сверка дашбордов.run(Выполнение бизнес-плана сверка дашбордов:578)
	at com.kms.katalon.core.main.ScriptEngine.run(ScriptEngine.java:194)
	at com.kms.katalon.core.main.ScriptEngine.runScriptAsRawText(ScriptEngine.java:119)
	at com.kms.katalon.core.main.TestCaseExecutor.runScript(TestCaseExecutor.java:448)
	at com.kms.katalon.core.main.TestCaseExecutor.doExecute(TestCaseExecutor.java:439)
	at com.kms.katalon.core.main.TestCaseExecutor.processExecutionPhase(TestCaseExecutor.java:418)
	at com.kms.katalon.core.main.TestCaseExecutor.accessMainPhase(TestCaseExecutor.java:410)
	at com.kms.katalon.core.main.TestCaseExecutor.execute(TestCaseExecutor.java:285)
	at com.kms.katalon.core.common.CommonExecutor.accessTestCaseMainPhase(CommonExecutor.java:65)
	at com.kms.katalon.core.main.TestSuiteExecutor.accessTestSuiteMainPhase(TestSuiteExecutor.java:150)
	at com.kms.katalon.core.main.TestSuiteExecutor.execute(TestSuiteExecutor.java:106)
	at com.kms.katalon.core.main.TestCaseMain.startTestSuite(TestCaseMain.java:180)
	at TempTestSuite1733285972582.run(TempTestSuite1733285972582.groovy:35)
	at java.base/jdk.internal.reflect.NativeMethodAccessorImpl.invoke0(Native Method)
	at java.base/jdk.internal.reflect.NativeMethodAccessorImpl.invoke(NativeMethodAccessorImpl.java:77)
	at java.base/jdk.internal.reflect.DelegatingMethodAccessorImpl.invoke(DelegatingMethodAccessorImpl.java:43)
)

04-12-2024T07:28:39 - [TEST_STEP][PASSED] - vidget = "Уровень потерь электроэнергии": null

04-12-2024T07:28:39 - [TEST_STEP][PASSED] - typeOfData = "План": null

04-12-2024T07:28:39 - [TEST_STEP][PASSED] - PercPlanR = GetPercPlanR(x = a): null

04-12-2024T07:28:39 - [TEST_STEP][PASSED] - i1 = <not implemented yet for class: org.codehaus.groovy.ast.expr.EmptyExpression>: null

04-12-2024T07:28:39 - [TEST_STEP][PASSED] - i1 = x.indexOf("/") + 1: null

04-12-2024T07:28:39 - [TEST_STEP][PASSED] - if (i1 > -1): null

04-12-2024T07:28:39 - [TEST_STEP][PASSED] - x = x.substring(i1, x.length()): null

04-12-2024T07:28:39 - [TEST_STEP][PASSED] - i1 = x.indexOf("/"): null

04-12-2024T07:28:39 - [TEST_STEP][PASSED] - if (i1 > -1): null

04-12-2024T07:28:39 - [TEST_STEP][PASSED] - x = x.substring(0, i1): null

04-12-2024T07:28:39 - [TEST_STEP][PASSED] - return x: null

04-12-2024T07:28:39 - [TEST_STEP][PASSED] - PercPlanB = GetPercPlanB(x = b): null

04-12-2024T07:28:39 - [TEST_STEP][PASSED] - i1 = <not implemented yet for class: org.codehaus.groovy.ast.expr.EmptyExpression>: null

04-12-2024T07:28:39 - [TEST_STEP][PASSED] - i1 = x.indexOf("/") + 1: null

04-12-2024T07:28:39 - [TEST_STEP][PASSED] - if (i1 > -1): null

04-12-2024T07:28:39 - [TEST_STEP][PASSED] - x = x.substring(i1, x.length()): null

04-12-2024T07:28:39 - [TEST_STEP][PASSED] - i1 = x.indexOf("/"): null

04-12-2024T07:28:39 - [TEST_STEP][PASSED] - if (i1 > -1): null

04-12-2024T07:28:39 - [TEST_STEP][PASSED] - x = x.substring(0, i1): null

04-12-2024T07:28:39 - [TEST_STEP][FAILED] - return x: null

04-12-2024T07:28:39 - [TEST_STEP][FAILED] - if (verifyEqual(PercPlanR, PercPlanB) == false): null

04-12-2024T07:28:39 - [MESSAGE][FAILED] - Unable to verify equal between actual object '5.39' and expected object '5.82' (Root cause: com.kms.katalon.core.exception.StepFailedException: Actual object '5.39' and expected object '5.82' are not equal
	at com.kms.katalon.core.keyword.builtin.VerifyEqualKeyword$_verifyEqual_closure1.doCall(VerifyEqualKeyword.groovy:58)
	at com.kms.katalon.core.keyword.builtin.VerifyEqualKeyword$_verifyEqual_closure1.call(VerifyEqualKeyword.groovy)
	at com.kms.katalon.core.keyword.internal.KeywordMain.runKeyword(KeywordMain.groovy:75)
	at com.kms.katalon.core.keyword.builtin.VerifyEqualKeyword.verifyEqual(VerifyEqualKeyword.groovy:63)
	at com.kms.katalon.core.keyword.builtin.VerifyEqualKeyword.execute(VerifyEqualKeyword.groovy:44)
	at com.kms.katalon.core.keyword.internal.KeywordExecutor.executeKeywordForPlatform(KeywordExecutor.groovy:74)
	at com.kms.katalon.core.keyword.BuiltinKeywords.verifyEqual(BuiltinKeywords.groovy:146)
	at java.base/jdk.internal.reflect.NativeMethodAccessorImpl.invoke0(Native Method)
	at java.base/jdk.internal.reflect.NativeMethodAccessorImpl.invoke(NativeMethodAccessorImpl.java:77)
	at java.base/jdk.internal.reflect.DelegatingMethodAccessorImpl.invoke(DelegatingMethodAccessorImpl.java:43)
	at Выполнение бизнес-плана сверка дашбордов.CompareDZOData(Выполнение бизнес-плана сверка дашбордов:682)
	at Выполнение бизнес-плана сверка дашбордов.run(Выполнение бизнес-плана сверка дашбордов:578)
	at com.kms.katalon.core.main.ScriptEngine.run(ScriptEngine.java:194)
	at com.kms.katalon.core.main.ScriptEngine.runScriptAsRawText(ScriptEngine.java:119)
	at com.kms.katalon.core.main.TestCaseExecutor.runScript(TestCaseExecutor.java:448)
	at com.kms.katalon.core.main.TestCaseExecutor.doExecute(TestCaseExecutor.java:439)
	at com.kms.katalon.core.main.TestCaseExecutor.processExecutionPhase(TestCaseExecutor.java:418)
	at com.kms.katalon.core.main.TestCaseExecutor.accessMainPhase(TestCaseExecutor.java:410)
	at com.kms.katalon.core.main.TestCaseExecutor.execute(TestCaseExecutor.java:285)
	at com.kms.katalon.core.common.CommonExecutor.accessTestCaseMainPhase(CommonExecutor.java:65)
	at com.kms.katalon.core.main.TestSuiteExecutor.accessTestSuiteMainPhase(TestSuiteExecutor.java:150)
	at com.kms.katalon.core.main.TestSuiteExecutor.execute(TestSuiteExecutor.java:106)
	at com.kms.katalon.core.main.TestCaseMain.startTestSuite(TestCaseMain.java:180)
	at TempTestSuite1733285972582.run(TempTestSuite1733285972582.groovy:35)
	at java.base/jdk.internal.reflect.NativeMethodAccessorImpl.invoke0(Native Method)
	at java.base/jdk.internal.reflect.NativeMethodAccessorImpl.invoke(NativeMethodAccessorImpl.java:77)
	at java.base/jdk.internal.reflect.DelegatingMethodAccessorImpl.invoke(DelegatingMethodAccessorImpl.java:43)
)

04-12-2024T07:28:39 - [TEST_STEP][PASSED] - result = WriteToExcel(typeOfData, todaysDate, PercPlanR, PercPlanB, PercFactR, PercFactB, x, tabR, tabB, o1R, o1B, vidget): null

04-12-2024T07:28:39 - [TEST_STEP][PASSED] - iii = dZO.indexOf("/"): null

04-12-2024T07:28:39 - [TEST_STEP][PASSED] - println(iii): null

04-12-2024T07:28:39 - [TEST_STEP][PASSED] - dZO = dZO.substring(0, iii): null

04-12-2024T07:28:39 - [TEST_STEP][PASSED] - println(dZO): null

04-12-2024T07:28:39 - [TEST_STEP][PASSED] - println(PercPlanR): null

04-12-2024T07:28:39 - [TEST_STEP][PASSED] - println(PercPlanB): null

04-12-2024T07:28:39 - [TEST_STEP][PASSED] - println(PercFactR): null

04-12-2024T07:28:39 - [TEST_STEP][PASSED] - println(PercFactB): null

04-12-2024T07:28:39 - [TEST_STEP][PASSED] - println(tabR): null

04-12-2024T07:28:39 - [TEST_STEP][PASSED] - println(tabB): null

04-12-2024T07:28:39 - [TEST_STEP][PASSED] - println(o1R): null

04-12-2024T07:28:39 - [TEST_STEP][PASSED] - println(o1B): null

04-12-2024T07:28:39 - [TEST_STEP][PASSED] - PR = <not implemented yet for class: org.codehaus.groovy.ast.expr.EmptyExpression>: null

04-12-2024T07:28:39 - [TEST_STEP][PASSED] - FR = <not implemented yet for class: org.codehaus.groovy.ast.expr.EmptyExpression>: null

04-12-2024T07:28:39 - [TEST_STEP][PASSED] - PB = <not implemented yet for class: org.codehaus.groovy.ast.expr.EmptyExpression>: null

04-12-2024T07:28:39 - [TEST_STEP][PASSED] - FB = <not implemented yet for class: org.codehaus.groovy.ast.expr.EmptyExpression>: null

04-12-2024T07:28:39 - [TEST_STEP][PASSED] - TR = <not implemented yet for class: org.codehaus.groovy.ast.expr.EmptyExpression>: null

04-12-2024T07:28:39 - [TEST_STEP][PASSED] - TB = <not implemented yet for class: org.codehaus.groovy.ast.expr.EmptyExpression>: null

04-12-2024T07:28:39 - [TEST_STEP][PASSED] - sheetName = "Sheet1": null

04-12-2024T07:28:39 - [TEST_STEP][PASSED] - data = findTestData("PlanFact"): null

04-12-2024T07:28:39 - [TEST_STEP][PASSED] - n = data.getRowNumbers() + 1: null

04-12-2024T07:28:39 - [TEST_STEP][PASSED] - year = todaysDate.substring(todaysDate.length() - 4, todaysDate.length()): null

04-12-2024T07:28:39 - [TEST_STEP][PASSED] - y = year.toInteger(): null

04-12-2024T07:28:39 - [TEST_STEP][PASSED] - m = getText(findTestObject("Выполнение бизнес-плана/Выполнение бизнес-плана Балансы/Фильтр Дата")): Text of object 'Object Repository/Выполнение бизнес-плана/Выполнение бизнес-плана Балансы/Фильтр Дата' is: '1, 2, 3 кв., Октябрь 2024 года'

04-12-2024T07:28:39 - [MESSAGE][PASSED] - Text of object 'Object Repository/Выполнение бизнес-плана/Выполнение бизнес-плана Балансы/Фильтр Дата' is: '1, 2, 3 кв., Октябрь 2024 года'

04-12-2024T07:28:39 - [TEST_STEP][PASSED] - m = m.substring(0, m.indexOf("2024")): null

04-12-2024T07:28:39 - [TEST_STEP][PASSED] - m = m.trim(): null

04-12-2024T07:28:39 - [TEST_STEP][PASSED] - dashboardName = "Выполнение бизнес-плана": null

04-12-2024T07:28:39 - [TEST_STEP][PASSED] - workbook01 = getWorkbook(excelFilePath): null

04-12-2024T07:28:39 - [TEST_STEP][PASSED] - sheet01 = getExcelSheet(workbook01, sheetName): null

04-12-2024T07:28:39 - [TEST_STEP][PASSED] - setValueToCellByIndex(sheet01, n, 0, dashboardName): null

04-12-2024T07:28:39 - [TEST_STEP][PASSED] - setValueToCellByIndex(sheet01, n, 1, dZO): null

04-12-2024T07:28:39 - [TEST_STEP][PASSED] - setValueToCellByIndex(sheet01, n, 2, typeOfData): null

04-12-2024T07:28:39 - [TEST_STEP][PASSED] - setValueToCellByIndex(sheet01, n, 3, typeOfData): null

04-12-2024T07:28:39 - [TEST_STEP][PASSED] - if (typeOfData == "План"): null

04-12-2024T07:28:39 - [TEST_STEP][PASSED] - if (PercPlanR == null): null

04-12-2024T07:28:39 - [TEST_STEP][PASSED] - else: null

04-12-2024T07:28:39 - [TEST_STEP][PASSED] - if (PercPlanR == "нет данных"): null

04-12-2024T07:28:39 - [TEST_STEP][PASSED] - else: null

04-12-2024T07:28:39 - [TEST_STEP][PASSED] - PR = PercPlanR.toDouble(): null

04-12-2024T07:28:39 - [TEST_STEP][PASSED] - setValueToCellByIndex(sheet01, n, 4, PR): null

04-12-2024T07:28:39 - [TEST_STEP][PASSED] - if (PercPlanB == null): null

04-12-2024T07:28:39 - [TEST_STEP][PASSED] - else: null

04-12-2024T07:28:39 - [TEST_STEP][PASSED] - if (PercPlanB == "нет данных"): null

04-12-2024T07:28:39 - [TEST_STEP][PASSED] - else: null

04-12-2024T07:28:39 - [TEST_STEP][PASSED] - PB = PercPlanB.toDouble(): null

04-12-2024T07:28:39 - [TEST_STEP][PASSED] - setValueToCellByIndex(sheet01, n, 5, PB): null

04-12-2024T07:28:39 - [TEST_STEP][PASSED] - setValueToCellByIndex(sheet01, n, 6, m): null

04-12-2024T07:28:39 - [TEST_STEP][PASSED] - setValueToCellByIndex(sheet01, n, 7, y): null

04-12-2024T07:28:39 - [TEST_STEP][PASSED] - setValueToCellByIndex(sheet01, n, 8, todaysDate): null

04-12-2024T07:28:39 - [TEST_STEP][PASSED] - n = n + 1: null

04-12-2024T07:28:39 - [TEST_STEP][PASSED] - saveWorkbook(excelFilePath, workbook01): null

04-12-2024T07:28:40 - [TEST_STEP][PASSED] - typeOfData = "Факт": null

04-12-2024T07:28:40 - [TEST_STEP][PASSED] - PercFactR = GetPercFactR(x = a): null

04-12-2024T07:28:40 - [TEST_STEP][PASSED] - i1 = <not implemented yet for class: org.codehaus.groovy.ast.expr.EmptyExpression>: null

04-12-2024T07:28:40 - [TEST_STEP][PASSED] - ii = <not implemented yet for class: org.codehaus.groovy.ast.expr.EmptyExpression>: null

04-12-2024T07:28:40 - [TEST_STEP][PASSED] - for ([ii = 1, ii < 3, (ii++)]): null

04-12-2024T07:28:40 - [TEST_STEP][PASSED] - i1 = x.indexOf("/") + 1: null

04-12-2024T07:28:40 - [TEST_STEP][PASSED] - if (i1 > -1): null

04-12-2024T07:28:40 - [TEST_STEP][PASSED] - x = x.substring(i1, x.length()): null

04-12-2024T07:28:40 - [TEST_STEP][PASSED] - println(x): null

04-12-2024T07:28:40 - [TEST_STEP][PASSED] - i1 = x.indexOf("/") + 1: null

04-12-2024T07:28:40 - [TEST_STEP][PASSED] - if (i1 > -1): null

04-12-2024T07:28:40 - [TEST_STEP][PASSED] - x = x.substring(i1, x.length()): null

04-12-2024T07:28:40 - [TEST_STEP][PASSED] - println(x): null

04-12-2024T07:28:40 - [TEST_STEP][PASSED] - i1 = x.indexOf("/"): null

04-12-2024T07:28:40 - [TEST_STEP][PASSED] - if (i1 > -1): null

04-12-2024T07:28:40 - [TEST_STEP][PASSED] - x = x.substring(0, i1): null

04-12-2024T07:28:40 - [TEST_STEP][PASSED] - println(x): null

04-12-2024T07:28:40 - [TEST_STEP][PASSED] - return x: null

04-12-2024T07:28:40 - [TEST_STEP][PASSED] - PercFactB = GetPercFactB(x = b): null

04-12-2024T07:28:40 - [TEST_STEP][PASSED] - i1 = <not implemented yet for class: org.codehaus.groovy.ast.expr.EmptyExpression>: null

04-12-2024T07:28:40 - [TEST_STEP][PASSED] - ii = <not implemented yet for class: org.codehaus.groovy.ast.expr.EmptyExpression>: null

04-12-2024T07:28:40 - [TEST_STEP][PASSED] - for ([ii = 1, ii < 3, (ii++)]): null

04-12-2024T07:28:40 - [TEST_STEP][PASSED] - i1 = x.indexOf("/") + 1: null

04-12-2024T07:28:40 - [TEST_STEP][PASSED] - if (i1 > -1): null

04-12-2024T07:28:40 - [TEST_STEP][PASSED] - x = x.substring(i1, x.length()): null

04-12-2024T07:28:40 - [TEST_STEP][PASSED] - println(x): null

04-12-2024T07:28:40 - [TEST_STEP][PASSED] - i1 = x.indexOf("/") + 1: null

04-12-2024T07:28:40 - [TEST_STEP][PASSED] - if (i1 > -1): null

04-12-2024T07:28:40 - [TEST_STEP][PASSED] - x = x.substring(i1, x.length()): null

04-12-2024T07:28:40 - [TEST_STEP][PASSED] - println(x): null

04-12-2024T07:28:40 - [TEST_STEP][PASSED] - i1 = x.indexOf("/"): null

04-12-2024T07:28:40 - [TEST_STEP][PASSED] - if (i1 > -1): null

04-12-2024T07:28:40 - [TEST_STEP][PASSED] - x = x.substring(0, i1): null

04-12-2024T07:28:40 - [TEST_STEP][PASSED] - println(x): null

04-12-2024T07:28:40 - [TEST_STEP][FAILED] - return x: null

04-12-2024T07:28:40 - [TEST_STEP][FAILED] - if (verifyEqual(PercFactR, PercFactB) == false): null

04-12-2024T07:28:40 - [MESSAGE][FAILED] - Unable to verify equal between actual object '5.35' and expected object '7.98' (Root cause: com.kms.katalon.core.exception.StepFailedException: Actual object '5.35' and expected object '7.98' are not equal
	at com.kms.katalon.core.keyword.builtin.VerifyEqualKeyword$_verifyEqual_closure1.doCall(VerifyEqualKeyword.groovy:58)
	at com.kms.katalon.core.keyword.builtin.VerifyEqualKeyword$_verifyEqual_closure1.call(VerifyEqualKeyword.groovy)
	at com.kms.katalon.core.keyword.internal.KeywordMain.runKeyword(KeywordMain.groovy:75)
	at com.kms.katalon.core.keyword.builtin.VerifyEqualKeyword.verifyEqual(VerifyEqualKeyword.groovy:63)
	at com.kms.katalon.core.keyword.builtin.VerifyEqualKeyword.execute(VerifyEqualKeyword.groovy:44)
	at com.kms.katalon.core.keyword.internal.KeywordExecutor.executeKeywordForPlatform(KeywordExecutor.groovy:74)
	at com.kms.katalon.core.keyword.BuiltinKeywords.verifyEqual(BuiltinKeywords.groovy:146)
	at java.base/jdk.internal.reflect.NativeMethodAccessorImpl.invoke0(Native Method)
	at java.base/jdk.internal.reflect.NativeMethodAccessorImpl.invoke(NativeMethodAccessorImpl.java:77)
	at java.base/jdk.internal.reflect.DelegatingMethodAccessorImpl.invoke(DelegatingMethodAccessorImpl.java:43)
	at Выполнение бизнес-плана сверка дашбордов.CompareDZOData(Выполнение бизнес-плана сверка дашбордов:693)
	at Выполнение бизнес-плана сверка дашбордов.run(Выполнение бизнес-плана сверка дашбордов:578)
	at com.kms.katalon.core.main.ScriptEngine.run(ScriptEngine.java:194)
	at com.kms.katalon.core.main.ScriptEngine.runScriptAsRawText(ScriptEngine.java:119)
	at com.kms.katalon.core.main.TestCaseExecutor.runScript(TestCaseExecutor.java:448)
	at com.kms.katalon.core.main.TestCaseExecutor.doExecute(TestCaseExecutor.java:439)
	at com.kms.katalon.core.main.TestCaseExecutor.processExecutionPhase(TestCaseExecutor.java:418)
	at com.kms.katalon.core.main.TestCaseExecutor.accessMainPhase(TestCaseExecutor.java:410)
	at com.kms.katalon.core.main.TestCaseExecutor.execute(TestCaseExecutor.java:285)
	at com.kms.katalon.core.common.CommonExecutor.accessTestCaseMainPhase(CommonExecutor.java:65)
	at com.kms.katalon.core.main.TestSuiteExecutor.accessTestSuiteMainPhase(TestSuiteExecutor.java:150)
	at com.kms.katalon.core.main.TestSuiteExecutor.execute(TestSuiteExecutor.java:106)
	at com.kms.katalon.core.main.TestCaseMain.startTestSuite(TestCaseMain.java:180)
	at TempTestSuite1733285972582.run(TempTestSuite1733285972582.groovy:35)
	at java.base/jdk.internal.reflect.NativeMethodAccessorImpl.invoke0(Native Method)
	at java.base/jdk.internal.reflect.NativeMethodAccessorImpl.invoke(NativeMethodAccessorImpl.java:77)
	at java.base/jdk.internal.reflect.DelegatingMethodAccessorImpl.invoke(DelegatingMethodAccessorImpl.java:43)
)

04-12-2024T07:28:40 - [TEST_STEP][PASSED] - result = WriteToExcel(typeOfData, todaysDate, PercPlanR, PercPlanB, PercFactR, PercFactB, x, tabR, tabB, o1R, o1B, vidget): null

04-12-2024T07:28:40 - [TEST_STEP][PASSED] - iii = dZO.indexOf("/"): null

04-12-2024T07:28:40 - [TEST_STEP][PASSED] - println(iii): null

04-12-2024T07:28:40 - [TEST_STEP][PASSED] - dZO = dZO.substring(0, iii): null

04-12-2024T07:28:40 - [TEST_STEP][PASSED] - println(dZO): null

04-12-2024T07:28:40 - [TEST_STEP][PASSED] - println(PercPlanR): null

04-12-2024T07:28:40 - [TEST_STEP][PASSED] - println(PercPlanB): null

04-12-2024T07:28:40 - [TEST_STEP][PASSED] - println(PercFactR): null

04-12-2024T07:28:40 - [TEST_STEP][PASSED] - println(PercFactB): null

04-12-2024T07:28:40 - [TEST_STEP][PASSED] - println(tabR): null

04-12-2024T07:28:40 - [TEST_STEP][PASSED] - println(tabB): null

04-12-2024T07:28:40 - [TEST_STEP][PASSED] - println(o1R): null

04-12-2024T07:28:40 - [TEST_STEP][PASSED] - println(o1B): null

04-12-2024T07:28:40 - [TEST_STEP][PASSED] - PR = <not implemented yet for class: org.codehaus.groovy.ast.expr.EmptyExpression>: null

04-12-2024T07:28:40 - [TEST_STEP][PASSED] - FR = <not implemented yet for class: org.codehaus.groovy.ast.expr.EmptyExpression>: null

04-12-2024T07:28:40 - [TEST_STEP][PASSED] - PB = <not implemented yet for class: org.codehaus.groovy.ast.expr.EmptyExpression>: null

04-12-2024T07:28:40 - [TEST_STEP][PASSED] - FB = <not implemented yet for class: org.codehaus.groovy.ast.expr.EmptyExpression>: null

04-12-2024T07:28:40 - [TEST_STEP][PASSED] - TR = <not implemented yet for class: org.codehaus.groovy.ast.expr.EmptyExpression>: null

04-12-2024T07:28:40 - [TEST_STEP][PASSED] - TB = <not implemented yet for class: org.codehaus.groovy.ast.expr.EmptyExpression>: null

04-12-2024T07:28:40 - [TEST_STEP][PASSED] - sheetName = "Sheet1": null

04-12-2024T07:28:40 - [TEST_STEP][PASSED] - data = findTestData("PlanFact"): null

04-12-2024T07:28:40 - [TEST_STEP][PASSED] - n = data.getRowNumbers() + 1: null

04-12-2024T07:28:40 - [TEST_STEP][PASSED] - year = todaysDate.substring(todaysDate.length() - 4, todaysDate.length()): null

04-12-2024T07:28:40 - [TEST_STEP][PASSED] - y = year.toInteger(): null

04-12-2024T07:28:40 - [TEST_STEP][PASSED] - m = getText(findTestObject("Выполнение бизнес-плана/Выполнение бизнес-плана Балансы/Фильтр Дата")): Text of object 'Object Repository/Выполнение бизнес-плана/Выполнение бизнес-плана Балансы/Фильтр Дата' is: '1, 2, 3 кв., Октябрь 2024 года'

04-12-2024T07:28:40 - [MESSAGE][PASSED] - Text of object 'Object Repository/Выполнение бизнес-плана/Выполнение бизнес-плана Балансы/Фильтр Дата' is: '1, 2, 3 кв., Октябрь 2024 года'

04-12-2024T07:28:40 - [TEST_STEP][PASSED] - m = m.substring(0, m.indexOf("2024")): null

04-12-2024T07:28:40 - [TEST_STEP][PASSED] - m = m.trim(): null

04-12-2024T07:28:40 - [TEST_STEP][PASSED] - dashboardName = "Выполнение бизнес-плана": null

04-12-2024T07:28:40 - [TEST_STEP][PASSED] - workbook01 = getWorkbook(excelFilePath): null

04-12-2024T07:28:40 - [TEST_STEP][PASSED] - sheet01 = getExcelSheet(workbook01, sheetName): null

04-12-2024T07:28:40 - [TEST_STEP][PASSED] - setValueToCellByIndex(sheet01, n, 0, dashboardName): null

04-12-2024T07:28:40 - [TEST_STEP][PASSED] - setValueToCellByIndex(sheet01, n, 1, dZO): null

04-12-2024T07:28:40 - [TEST_STEP][PASSED] - setValueToCellByIndex(sheet01, n, 2, typeOfData): null

04-12-2024T07:28:40 - [TEST_STEP][PASSED] - setValueToCellByIndex(sheet01, n, 3, typeOfData): null

04-12-2024T07:28:40 - [TEST_STEP][PASSED] - if (typeOfData == "План"): null

04-12-2024T07:28:40 - [TEST_STEP][PASSED] - else if (typeOfData == "Факт"): null

04-12-2024T07:28:40 - [TEST_STEP][PASSED] - if (PercFactR == null): null

04-12-2024T07:28:40 - [TEST_STEP][PASSED] - else: null

04-12-2024T07:28:40 - [TEST_STEP][PASSED] - if (PercFactR == "нет данных"): null

04-12-2024T07:28:40 - [TEST_STEP][PASSED] - else: null

04-12-2024T07:28:40 - [TEST_STEP][PASSED] - FR = PercFactR.toDouble(): null

04-12-2024T07:28:40 - [TEST_STEP][PASSED] - setValueToCellByIndex(sheet01, n, 4, FR): null

04-12-2024T07:28:40 - [TEST_STEP][PASSED] - if (PercFactB == null): null

04-12-2024T07:28:40 - [TEST_STEP][PASSED] - else: null

04-12-2024T07:28:40 - [TEST_STEP][PASSED] - if (PercFactB == "нет данных"): null

04-12-2024T07:28:40 - [TEST_STEP][PASSED] - else: null

04-12-2024T07:28:40 - [TEST_STEP][PASSED] - FB = PercFactB.toDouble(): null

04-12-2024T07:28:40 - [TEST_STEP][PASSED] - setValueToCellByIndex(sheet01, n, 5, FB): null

04-12-2024T07:28:40 - [TEST_STEP][PASSED] - setValueToCellByIndex(sheet01, n, 6, m): null

04-12-2024T07:28:40 - [TEST_STEP][PASSED] - setValueToCellByIndex(sheet01, n, 7, y): null

04-12-2024T07:28:40 - [TEST_STEP][PASSED] - setValueToCellByIndex(sheet01, n, 8, todaysDate): null

04-12-2024T07:28:40 - [TEST_STEP][PASSED] - n = n + 1: null

04-12-2024T07:28:40 - [TEST_STEP][PASSED] - saveWorkbook(excelFilePath, workbook01): null

04-12-2024T07:28:40 - [TEST_STEP][PASSED] - vidget = "Показатели баланса электроэнергии по ДЗО – Факт": null

04-12-2024T07:28:40 - [TEST_STEP][PASSED] - typeOfData = "Факт Отпуск в сеть": null

04-12-2024T07:28:40 - [TEST_STEP][PASSED] - tabR = GetOvSFactR(x = a): null

04-12-2024T07:28:40 - [TEST_STEP][PASSED] - i1 = <not implemented yet for class: org.codehaus.groovy.ast.expr.EmptyExpression>: null

04-12-2024T07:28:40 - [TEST_STEP][PASSED] - ii = <not implemented yet for class: org.codehaus.groovy.ast.expr.EmptyExpression>: null

04-12-2024T07:28:40 - [TEST_STEP][PASSED] - for ([ii = 1, ii < 4, (ii++)]): null

04-12-2024T07:28:40 - [TEST_STEP][PASSED] - i1 = x.indexOf("/") + 1: null

04-12-2024T07:28:40 - [TEST_STEP][PASSED] - if (i1 > -1): null

04-12-2024T07:28:40 - [TEST_STEP][PASSED] - x = x.substring(i1, x.length()): null

04-12-2024T07:28:41 - [TEST_STEP][PASSED] - println(x): null

04-12-2024T07:28:41 - [TEST_STEP][PASSED] - i1 = x.indexOf("/") + 1: null

04-12-2024T07:28:41 - [TEST_STEP][PASSED] - if (i1 > -1): null

04-12-2024T07:28:41 - [TEST_STEP][PASSED] - x = x.substring(i1, x.length()): null

04-12-2024T07:28:41 - [TEST_STEP][PASSED] - println(x): null

04-12-2024T07:28:41 - [TEST_STEP][PASSED] - i1 = x.indexOf("/") + 1: null

04-12-2024T07:28:41 - [TEST_STEP][PASSED] - if (i1 > -1): null

04-12-2024T07:28:41 - [TEST_STEP][PASSED] - x = x.substring(i1, x.length()): null

04-12-2024T07:28:41 - [TEST_STEP][PASSED] - println(x): null

04-12-2024T07:28:41 - [TEST_STEP][PASSED] - i1 = x.indexOf("/"): null

04-12-2024T07:28:41 - [TEST_STEP][PASSED] - if (i1 > -1): null

04-12-2024T07:28:41 - [TEST_STEP][PASSED] - x = x.substring(0, i1): null

04-12-2024T07:28:41 - [TEST_STEP][PASSED] - println(x): null

04-12-2024T07:28:41 - [TEST_STEP][PASSED] - return x: null

04-12-2024T07:28:41 - [TEST_STEP][PASSED] - tabB = GetOvSFactB(x = b): null

04-12-2024T07:28:41 - [TEST_STEP][PASSED] - i1 = <not implemented yet for class: org.codehaus.groovy.ast.expr.EmptyExpression>: null

04-12-2024T07:28:41 - [TEST_STEP][PASSED] - ii = <not implemented yet for class: org.codehaus.groovy.ast.expr.EmptyExpression>: null

04-12-2024T07:28:41 - [TEST_STEP][PASSED] - for ([ii = 1, ii < 4, (ii++)]): null

04-12-2024T07:28:41 - [TEST_STEP][PASSED] - i1 = x.indexOf("/") + 1: null

04-12-2024T07:28:41 - [TEST_STEP][PASSED] - if (i1 > -1): null

04-12-2024T07:28:41 - [TEST_STEP][PASSED] - x = x.substring(i1, x.length()): null

04-12-2024T07:28:41 - [TEST_STEP][PASSED] - println(x): null

04-12-2024T07:28:41 - [TEST_STEP][PASSED] - i1 = x.indexOf("/") + 1: null

04-12-2024T07:28:41 - [TEST_STEP][PASSED] - if (i1 > -1): null

04-12-2024T07:28:41 - [TEST_STEP][PASSED] - x = x.substring(i1, x.length()): null

04-12-2024T07:28:41 - [TEST_STEP][PASSED] - println(x): null

04-12-2024T07:28:41 - [TEST_STEP][PASSED] - i1 = x.indexOf("/") + 1: null

04-12-2024T07:28:41 - [TEST_STEP][PASSED] - if (i1 > -1): null

04-12-2024T07:28:41 - [TEST_STEP][PASSED] - x = x.substring(i1, x.length()): null

04-12-2024T07:28:41 - [TEST_STEP][PASSED] - println(x): null

04-12-2024T07:28:41 - [TEST_STEP][PASSED] - i1 = x.indexOf("/"): null

04-12-2024T07:28:41 - [TEST_STEP][PASSED] - if (i1 > -1): null

04-12-2024T07:28:41 - [TEST_STEP][PASSED] - x = x.substring(0, i1): null

04-12-2024T07:28:41 - [TEST_STEP][PASSED] - println(x): null

04-12-2024T07:28:41 - [TEST_STEP][FAILED] - return x: null

04-12-2024T07:28:41 - [TEST_STEP][FAILED] - if (verifyEqual(tabR, tabB) == false): null

04-12-2024T07:28:41 - [MESSAGE][FAILED] - Unable to verify equal between actual object '211719944' and expected object '515627424' (Root cause: com.kms.katalon.core.exception.StepFailedException: Actual object '211719944' and expected object '515627424' are not equal
	at com.kms.katalon.core.keyword.builtin.VerifyEqualKeyword$_verifyEqual_closure1.doCall(VerifyEqualKeyword.groovy:58)
	at com.kms.katalon.core.keyword.builtin.VerifyEqualKeyword$_verifyEqual_closure1.call(VerifyEqualKeyword.groovy)
	at com.kms.katalon.core.keyword.internal.KeywordMain.runKeyword(KeywordMain.groovy:75)
	at com.kms.katalon.core.keyword.builtin.VerifyEqualKeyword.verifyEqual(VerifyEqualKeyword.groovy:63)
	at com.kms.katalon.core.keyword.builtin.VerifyEqualKeyword.execute(VerifyEqualKeyword.groovy:44)
	at com.kms.katalon.core.keyword.internal.KeywordExecutor.executeKeywordForPlatform(KeywordExecutor.groovy:74)
	at com.kms.katalon.core.keyword.BuiltinKeywords.verifyEqual(BuiltinKeywords.groovy:146)
	at java.base/jdk.internal.reflect.NativeMethodAccessorImpl.invoke0(Native Method)
	at java.base/jdk.internal.reflect.NativeMethodAccessorImpl.invoke(NativeMethodAccessorImpl.java:77)
	at java.base/jdk.internal.reflect.DelegatingMethodAccessorImpl.invoke(DelegatingMethodAccessorImpl.java:43)
	at Выполнение бизнес-плана сверка дашбордов.CompareDZOData(Выполнение бизнес-плана сверка дашбордов:706)
	at Выполнение бизнес-плана сверка дашбордов.run(Выполнение бизнес-плана сверка дашбордов:578)
	at com.kms.katalon.core.main.ScriptEngine.run(ScriptEngine.java:194)
	at com.kms.katalon.core.main.ScriptEngine.runScriptAsRawText(ScriptEngine.java:119)
	at com.kms.katalon.core.main.TestCaseExecutor.runScript(TestCaseExecutor.java:448)
	at com.kms.katalon.core.main.TestCaseExecutor.doExecute(TestCaseExecutor.java:439)
	at com.kms.katalon.core.main.TestCaseExecutor.processExecutionPhase(TestCaseExecutor.java:418)
	at com.kms.katalon.core.main.TestCaseExecutor.accessMainPhase(TestCaseExecutor.java:410)
	at com.kms.katalon.core.main.TestCaseExecutor.execute(TestCaseExecutor.java:285)
	at com.kms.katalon.core.common.CommonExecutor.accessTestCaseMainPhase(CommonExecutor.java:65)
	at com.kms.katalon.core.main.TestSuiteExecutor.accessTestSuiteMainPhase(TestSuiteExecutor.java:150)
	at com.kms.katalon.core.main.TestSuiteExecutor.execute(TestSuiteExecutor.java:106)
	at com.kms.katalon.core.main.TestCaseMain.startTestSuite(TestCaseMain.java:180)
	at TempTestSuite1733285972582.run(TempTestSuite1733285972582.groovy:35)
	at java.base/jdk.internal.reflect.NativeMethodAccessorImpl.invoke0(Native Method)
	at java.base/jdk.internal.reflect.NativeMethodAccessorImpl.invoke(NativeMethodAccessorImpl.java:77)
	at java.base/jdk.internal.reflect.DelegatingMethodAccessorImpl.invoke(DelegatingMethodAccessorImpl.java:43)
)

04-12-2024T07:28:41 - [TEST_STEP][PASSED] - result = WriteToExcel(typeOfData, todaysDate, PercPlanR, PercPlanB, PercFactR, PercFactB, x, tabR, tabB, o1R, o1B, vidget): null

04-12-2024T07:28:41 - [TEST_STEP][PASSED] - iii = dZO.indexOf("/"): null

04-12-2024T07:28:41 - [TEST_STEP][PASSED] - println(iii): null

04-12-2024T07:28:41 - [TEST_STEP][PASSED] - dZO = dZO.substring(0, iii): null

04-12-2024T07:28:41 - [TEST_STEP][PASSED] - println(dZO): null

04-12-2024T07:28:41 - [TEST_STEP][PASSED] - println(PercPlanR): null

04-12-2024T07:28:41 - [TEST_STEP][PASSED] - println(PercPlanB): null

04-12-2024T07:28:41 - [TEST_STEP][PASSED] - println(PercFactR): null

04-12-2024T07:28:41 - [TEST_STEP][PASSED] - println(PercFactB): null

04-12-2024T07:28:41 - [TEST_STEP][PASSED] - println(tabR): null

04-12-2024T07:28:41 - [TEST_STEP][PASSED] - println(tabB): null

04-12-2024T07:28:41 - [TEST_STEP][PASSED] - println(o1R): null

04-12-2024T07:28:41 - [TEST_STEP][PASSED] - println(o1B): null

04-12-2024T07:28:41 - [TEST_STEP][PASSED] - PR = <not implemented yet for class: org.codehaus.groovy.ast.expr.EmptyExpression>: null

04-12-2024T07:28:41 - [TEST_STEP][PASSED] - FR = <not implemented yet for class: org.codehaus.groovy.ast.expr.EmptyExpression>: null

04-12-2024T07:28:41 - [TEST_STEP][PASSED] - PB = <not implemented yet for class: org.codehaus.groovy.ast.expr.EmptyExpression>: null

04-12-2024T07:28:41 - [TEST_STEP][PASSED] - FB = <not implemented yet for class: org.codehaus.groovy.ast.expr.EmptyExpression>: null

04-12-2024T07:28:41 - [TEST_STEP][PASSED] - TR = <not implemented yet for class: org.codehaus.groovy.ast.expr.EmptyExpression>: null

04-12-2024T07:28:41 - [TEST_STEP][PASSED] - TB = <not implemented yet for class: org.codehaus.groovy.ast.expr.EmptyExpression>: null

04-12-2024T07:28:41 - [TEST_STEP][PASSED] - sheetName = "Sheet1": null

04-12-2024T07:28:41 - [TEST_STEP][PASSED] - data = findTestData("PlanFact"): null

04-12-2024T07:28:41 - [TEST_STEP][PASSED] - n = data.getRowNumbers() + 1: null

04-12-2024T07:28:41 - [TEST_STEP][PASSED] - year = todaysDate.substring(todaysDate.length() - 4, todaysDate.length()): null

04-12-2024T07:28:41 - [TEST_STEP][PASSED] - y = year.toInteger(): null

04-12-2024T07:28:41 - [TEST_STEP][PASSED] - m = getText(findTestObject("Выполнение бизнес-плана/Выполнение бизнес-плана Балансы/Фильтр Дата")): Text of object 'Object Repository/Выполнение бизнес-плана/Выполнение бизнес-плана Балансы/Фильтр Дата' is: '1, 2, 3 кв., Октябрь 2024 года'

04-12-2024T07:28:41 - [MESSAGE][PASSED] - Text of object 'Object Repository/Выполнение бизнес-плана/Выполнение бизнес-плана Балансы/Фильтр Дата' is: '1, 2, 3 кв., Октябрь 2024 года'

04-12-2024T07:28:41 - [TEST_STEP][PASSED] - m = m.substring(0, m.indexOf("2024")): null

04-12-2024T07:28:41 - [TEST_STEP][PASSED] - m = m.trim(): null

04-12-2024T07:28:41 - [TEST_STEP][PASSED] - dashboardName = "Выполнение бизнес-плана": null

04-12-2024T07:28:41 - [TEST_STEP][PASSED] - workbook01 = getWorkbook(excelFilePath): null

04-12-2024T07:28:41 - [TEST_STEP][PASSED] - sheet01 = getExcelSheet(workbook01, sheetName): null

04-12-2024T07:28:41 - [TEST_STEP][PASSED] - setValueToCellByIndex(sheet01, n, 0, dashboardName): null

04-12-2024T07:28:41 - [TEST_STEP][PASSED] - setValueToCellByIndex(sheet01, n, 1, dZO): null

04-12-2024T07:28:41 - [TEST_STEP][PASSED] - setValueToCellByIndex(sheet01, n, 2, typeOfData): null

04-12-2024T07:28:41 - [TEST_STEP][PASSED] - setValueToCellByIndex(sheet01, n, 3, typeOfData): null

04-12-2024T07:28:41 - [TEST_STEP][PASSED] - if (typeOfData == "План"): null

04-12-2024T07:28:41 - [TEST_STEP][PASSED] - else if (typeOfData == "Факт"): null

04-12-2024T07:28:41 - [TEST_STEP][PASSED] - else if (vidget.contains("электроэнергии") == true): null

04-12-2024T07:28:41 - [TEST_STEP][PASSED] - if (tabR == null): null

04-12-2024T07:28:41 - [TEST_STEP][PASSED] - else: null

04-12-2024T07:28:41 - [TEST_STEP][PASSED] - if (tabR == "нет данных"): null

04-12-2024T07:28:41 - [TEST_STEP][PASSED] - else: null

04-12-2024T07:28:41 - [TEST_STEP][PASSED] - TR = tabR.toInteger(): null

04-12-2024T07:28:41 - [TEST_STEP][PASSED] - setValueToCellByIndex(sheet01, n, 4, TR): null

04-12-2024T07:28:41 - [TEST_STEP][PASSED] - if (tabB == null): null

04-12-2024T07:28:41 - [TEST_STEP][PASSED] - else: null

04-12-2024T07:28:41 - [TEST_STEP][PASSED] - if (tabB == "нет данных"): null

04-12-2024T07:28:41 - [TEST_STEP][PASSED] - else: null

04-12-2024T07:28:41 - [TEST_STEP][PASSED] - TB = tabB.toInteger(): null

04-12-2024T07:28:41 - [TEST_STEP][PASSED] - setValueToCellByIndex(sheet01, n, 5, TB): null

04-12-2024T07:28:41 - [TEST_STEP][PASSED] - setValueToCellByIndex(sheet01, n, 6, m): null

04-12-2024T07:28:41 - [TEST_STEP][PASSED] - setValueToCellByIndex(sheet01, n, 7, y): null

04-12-2024T07:28:41 - [TEST_STEP][PASSED] - setValueToCellByIndex(sheet01, n, 8, todaysDate): null

04-12-2024T07:28:41 - [TEST_STEP][PASSED] - n = n + 1: null

04-12-2024T07:28:41 - [TEST_STEP][PASSED] - saveWorkbook(excelFilePath, workbook01): null

04-12-2024T07:28:41 - [TEST_STEP][PASSED] - typeOfData = "Факт Отпуск из сети": null

04-12-2024T07:28:41 - [TEST_STEP][PASSED] - tabR = GetOiSFactR(x = a): null

04-12-2024T07:28:41 - [TEST_STEP][PASSED] - i1 = <not implemented yet for class: org.codehaus.groovy.ast.expr.EmptyExpression>: null

04-12-2024T07:28:41 - [TEST_STEP][PASSED] - ii = <not implemented yet for class: org.codehaus.groovy.ast.expr.EmptyExpression>: null

04-12-2024T07:28:41 - [TEST_STEP][PASSED] - for ([ii = 1, ii < 5, (ii++)]): null

04-12-2024T07:28:41 - [TEST_STEP][PASSED] - i1 = x.indexOf("/") + 1: null

04-12-2024T07:28:41 - [TEST_STEP][PASSED] - if (i1 > -1): null

04-12-2024T07:28:41 - [TEST_STEP][PASSED] - x = x.substring(i1, x.length()): null

04-12-2024T07:28:41 - [TEST_STEP][PASSED] - println(x): null

04-12-2024T07:28:41 - [TEST_STEP][PASSED] - i1 = x.indexOf("/") + 1: null

04-12-2024T07:28:41 - [TEST_STEP][PASSED] - if (i1 > -1): null

04-12-2024T07:28:41 - [TEST_STEP][PASSED] - x = x.substring(i1, x.length()): null

04-12-2024T07:28:41 - [TEST_STEP][PASSED] - println(x): null

04-12-2024T07:28:41 - [TEST_STEP][PASSED] - i1 = x.indexOf("/") + 1: null

04-12-2024T07:28:41 - [TEST_STEP][PASSED] - if (i1 > -1): null

04-12-2024T07:28:41 - [TEST_STEP][PASSED] - x = x.substring(i1, x.length()): null

04-12-2024T07:28:41 - [TEST_STEP][PASSED] - println(x): null

04-12-2024T07:28:41 - [TEST_STEP][PASSED] - i1 = x.indexOf("/") + 1: null

04-12-2024T07:28:41 - [TEST_STEP][PASSED] - if (i1 > -1): null

04-12-2024T07:28:41 - [TEST_STEP][PASSED] - x = x.substring(i1, x.length()): null

04-12-2024T07:28:41 - [TEST_STEP][PASSED] - println(x): null

04-12-2024T07:28:41 - [TEST_STEP][PASSED] - i1 = x.indexOf("/"): null

04-12-2024T07:28:41 - [TEST_STEP][PASSED] - if (i1 > -1): null

04-12-2024T07:28:41 - [TEST_STEP][PASSED] - x = x.substring(0, i1): null

04-12-2024T07:28:41 - [TEST_STEP][PASSED] - println(x): null

04-12-2024T07:28:41 - [TEST_STEP][PASSED] - return x: null

04-12-2024T07:28:41 - [TEST_STEP][PASSED] - tabB = GetOiSFactB(x = b): null

04-12-2024T07:28:41 - [TEST_STEP][PASSED] - i1 = <not implemented yet for class: org.codehaus.groovy.ast.expr.EmptyExpression>: null

04-12-2024T07:28:41 - [TEST_STEP][PASSED] - ii = <not implemented yet for class: org.codehaus.groovy.ast.expr.EmptyExpression>: null

04-12-2024T07:28:41 - [TEST_STEP][PASSED] - for ([ii = 1, ii < 5, (ii++)]): null

04-12-2024T07:28:41 - [TEST_STEP][PASSED] - i1 = x.indexOf("/") + 1: null

04-12-2024T07:28:41 - [TEST_STEP][PASSED] - if (i1 > -1): null

04-12-2024T07:28:41 - [TEST_STEP][PASSED] - x = x.substring(i1, x.length()): null

04-12-2024T07:28:41 - [TEST_STEP][PASSED] - println(x): null

04-12-2024T07:28:41 - [TEST_STEP][PASSED] - i1 = x.indexOf("/") + 1: null

04-12-2024T07:28:41 - [TEST_STEP][PASSED] - if (i1 > -1): null

04-12-2024T07:28:41 - [TEST_STEP][PASSED] - x = x.substring(i1, x.length()): null

04-12-2024T07:28:41 - [TEST_STEP][PASSED] - println(x): null

04-12-2024T07:28:41 - [TEST_STEP][PASSED] - i1 = x.indexOf("/") + 1: null

04-12-2024T07:28:41 - [TEST_STEP][PASSED] - if (i1 > -1): null

04-12-2024T07:28:41 - [TEST_STEP][PASSED] - x = x.substring(i1, x.length()): null

04-12-2024T07:28:41 - [TEST_STEP][PASSED] - println(x): null

04-12-2024T07:28:41 - [TEST_STEP][PASSED] - i1 = x.indexOf("/") + 1: null

04-12-2024T07:28:41 - [TEST_STEP][PASSED] - if (i1 > -1): null

04-12-2024T07:28:41 - [TEST_STEP][PASSED] - x = x.substring(i1, x.length()): null

04-12-2024T07:28:41 - [TEST_STEP][PASSED] - println(x): null

04-12-2024T07:28:41 - [TEST_STEP][PASSED] - i1 = x.indexOf("/"): null

04-12-2024T07:28:41 - [TEST_STEP][PASSED] - if (i1 > -1): null

04-12-2024T07:28:41 - [TEST_STEP][PASSED] - x = x.substring(0, i1): null

04-12-2024T07:28:41 - [TEST_STEP][PASSED] - println(x): null

04-12-2024T07:28:41 - [TEST_STEP][FAILED] - return x: null

04-12-2024T07:28:41 - [TEST_STEP][FAILED] - if (verifyEqual(tabR, tabB) == false): null

04-12-2024T07:28:41 - [MESSAGE][FAILED] - Unable to verify equal between actual object '192987366' and expected object '475375602' (Root cause: com.kms.katalon.core.exception.StepFailedException: Actual object '192987366' and expected object '475375602' are not equal
	at com.kms.katalon.core.keyword.builtin.VerifyEqualKeyword$_verifyEqual_closure1.doCall(VerifyEqualKeyword.groovy:58)
	at com.kms.katalon.core.keyword.builtin.VerifyEqualKeyword$_verifyEqual_closure1.call(VerifyEqualKeyword.groovy)
	at com.kms.katalon.core.keyword.internal.KeywordMain.runKeyword(KeywordMain.groovy:75)
	at com.kms.katalon.core.keyword.builtin.VerifyEqualKeyword.verifyEqual(VerifyEqualKeyword.groovy:63)
	at com.kms.katalon.core.keyword.builtin.VerifyEqualKeyword.execute(VerifyEqualKeyword.groovy:44)
	at com.kms.katalon.core.keyword.internal.KeywordExecutor.executeKeywordForPlatform(KeywordExecutor.groovy:74)
	at com.kms.katalon.core.keyword.BuiltinKeywords.verifyEqual(BuiltinKeywords.groovy:146)
	at java.base/jdk.internal.reflect.NativeMethodAccessorImpl.invoke0(Native Method)
	at java.base/jdk.internal.reflect.NativeMethodAccessorImpl.invoke(NativeMethodAccessorImpl.java:77)
	at java.base/jdk.internal.reflect.DelegatingMethodAccessorImpl.invoke(DelegatingMethodAccessorImpl.java:43)
	at Выполнение бизнес-плана сверка дашбордов.CompareDZOData(Выполнение бизнес-плана сверка дашбордов:717)
	at Выполнение бизнес-плана сверка дашбордов.run(Выполнение бизнес-плана сверка дашбордов:578)
	at com.kms.katalon.core.main.ScriptEngine.run(ScriptEngine.java:194)
	at com.kms.katalon.core.main.ScriptEngine.runScriptAsRawText(ScriptEngine.java:119)
	at com.kms.katalon.core.main.TestCaseExecutor.runScript(TestCaseExecutor.java:448)
	at com.kms.katalon.core.main.TestCaseExecutor.doExecute(TestCaseExecutor.java:439)
	at com.kms.katalon.core.main.TestCaseExecutor.processExecutionPhase(TestCaseExecutor.java:418)
	at com.kms.katalon.core.main.TestCaseExecutor.accessMainPhase(TestCaseExecutor.java:410)
	at com.kms.katalon.core.main.TestCaseExecutor.execute(TestCaseExecutor.java:285)
	at com.kms.katalon.core.common.CommonExecutor.accessTestCaseMainPhase(CommonExecutor.java:65)
	at com.kms.katalon.core.main.TestSuiteExecutor.accessTestSuiteMainPhase(TestSuiteExecutor.java:150)
	at com.kms.katalon.core.main.TestSuiteExecutor.execute(TestSuiteExecutor.java:106)
	at com.kms.katalon.core.main.TestCaseMain.startTestSuite(TestCaseMain.java:180)
	at TempTestSuite1733285972582.run(TempTestSuite1733285972582.groovy:35)
	at java.base/jdk.internal.reflect.NativeMethodAccessorImpl.invoke0(Native Method)
	at java.base/jdk.internal.reflect.NativeMethodAccessorImpl.invoke(NativeMethodAccessorImpl.java:77)
	at java.base/jdk.internal.reflect.DelegatingMethodAccessorImpl.invoke(DelegatingMethodAccessorImpl.java:43)
)

04-12-2024T07:28:41 - [TEST_STEP][PASSED] - result = WriteToExcel(typeOfData, todaysDate, PercPlanR, PercPlanB, PercFactR, PercFactB, x, tabR, tabB, o1R, o1B, vidget): null

04-12-2024T07:28:41 - [TEST_STEP][PASSED] - iii = dZO.indexOf("/"): null

04-12-2024T07:28:41 - [TEST_STEP][PASSED] - println(iii): null

04-12-2024T07:28:41 - [TEST_STEP][PASSED] - dZO = dZO.substring(0, iii): null

04-12-2024T07:28:41 - [TEST_STEP][PASSED] - println(dZO): null

04-12-2024T07:28:41 - [TEST_STEP][PASSED] - println(PercPlanR): null

04-12-2024T07:28:41 - [TEST_STEP][PASSED] - println(PercPlanB): null

04-12-2024T07:28:41 - [TEST_STEP][PASSED] - println(PercFactR): null

04-12-2024T07:28:41 - [TEST_STEP][PASSED] - println(PercFactB): null

04-12-2024T07:28:41 - [TEST_STEP][PASSED] - println(tabR): null

04-12-2024T07:28:41 - [TEST_STEP][PASSED] - println(tabB): null

04-12-2024T07:28:41 - [TEST_STEP][PASSED] - println(o1R): null

04-12-2024T07:28:41 - [TEST_STEP][PASSED] - println(o1B): null

04-12-2024T07:28:41 - [TEST_STEP][PASSED] - PR = <not implemented yet for class: org.codehaus.groovy.ast.expr.EmptyExpression>: null

04-12-2024T07:28:41 - [TEST_STEP][PASSED] - FR = <not implemented yet for class: org.codehaus.groovy.ast.expr.EmptyExpression>: null

04-12-2024T07:28:41 - [TEST_STEP][PASSED] - PB = <not implemented yet for class: org.codehaus.groovy.ast.expr.EmptyExpression>: null

04-12-2024T07:28:41 - [TEST_STEP][PASSED] - FB = <not implemented yet for class: org.codehaus.groovy.ast.expr.EmptyExpression>: null

04-12-2024T07:28:41 - [TEST_STEP][PASSED] - TR = <not implemented yet for class: org.codehaus.groovy.ast.expr.EmptyExpression>: null

04-12-2024T07:28:41 - [TEST_STEP][PASSED] - TB = <not implemented yet for class: org.codehaus.groovy.ast.expr.EmptyExpression>: null

04-12-2024T07:28:41 - [TEST_STEP][PASSED] - sheetName = "Sheet1": null

04-12-2024T07:28:41 - [TEST_STEP][PASSED] - data = findTestData("PlanFact"): null

04-12-2024T07:28:41 - [TEST_STEP][PASSED] - n = data.getRowNumbers() + 1: null

04-12-2024T07:28:41 - [TEST_STEP][PASSED] - year = todaysDate.substring(todaysDate.length() - 4, todaysDate.length()): null

04-12-2024T07:28:41 - [TEST_STEP][PASSED] - y = year.toInteger(): null

04-12-2024T07:28:41 - [TEST_STEP][PASSED] - m = getText(findTestObject("Выполнение бизнес-плана/Выполнение бизнес-плана Балансы/Фильтр Дата")): Text of object 'Object Repository/Выполнение бизнес-плана/Выполнение бизнес-плана Балансы/Фильтр Дата' is: '1, 2, 3 кв., Октябрь 2024 года'

04-12-2024T07:28:42 - [MESSAGE][PASSED] - Text of object 'Object Repository/Выполнение бизнес-плана/Выполнение бизнес-плана Балансы/Фильтр Дата' is: '1, 2, 3 кв., Октябрь 2024 года'

04-12-2024T07:28:42 - [TEST_STEP][PASSED] - m = m.substring(0, m.indexOf("2024")): null

04-12-2024T07:28:42 - [TEST_STEP][PASSED] - m = m.trim(): null

04-12-2024T07:28:42 - [TEST_STEP][PASSED] - dashboardName = "Выполнение бизнес-плана": null

04-12-2024T07:28:42 - [TEST_STEP][PASSED] - workbook01 = getWorkbook(excelFilePath): null

04-12-2024T07:28:42 - [TEST_STEP][PASSED] - sheet01 = getExcelSheet(workbook01, sheetName): null

04-12-2024T07:28:42 - [TEST_STEP][PASSED] - setValueToCellByIndex(sheet01, n, 0, dashboardName): null

04-12-2024T07:28:42 - [TEST_STEP][PASSED] - setValueToCellByIndex(sheet01, n, 1, dZO): null

04-12-2024T07:28:42 - [TEST_STEP][PASSED] - setValueToCellByIndex(sheet01, n, 2, typeOfData): null

04-12-2024T07:28:42 - [TEST_STEP][PASSED] - setValueToCellByIndex(sheet01, n, 3, typeOfData): null

04-12-2024T07:28:42 - [TEST_STEP][PASSED] - if (typeOfData == "План"): null

04-12-2024T07:28:42 - [TEST_STEP][PASSED] - else if (typeOfData == "Факт"): null

04-12-2024T07:28:42 - [TEST_STEP][PASSED] - else if (vidget.contains("электроэнергии") == true): null

04-12-2024T07:28:42 - [TEST_STEP][PASSED] - if (tabR == null): null

04-12-2024T07:28:42 - [TEST_STEP][PASSED] - else: null

04-12-2024T07:28:42 - [TEST_STEP][PASSED] - if (tabR == "нет данных"): null

04-12-2024T07:28:42 - [TEST_STEP][PASSED] - else: null

04-12-2024T07:28:42 - [TEST_STEP][PASSED] - TR = tabR.toInteger(): null

04-12-2024T07:28:42 - [TEST_STEP][PASSED] - setValueToCellByIndex(sheet01, n, 4, TR): null

04-12-2024T07:28:42 - [TEST_STEP][PASSED] - if (tabB == null): null

04-12-2024T07:28:42 - [TEST_STEP][PASSED] - else: null

04-12-2024T07:28:42 - [TEST_STEP][PASSED] - if (tabB == "нет данных"): null

04-12-2024T07:28:42 - [TEST_STEP][PASSED] - else: null

04-12-2024T07:28:42 - [TEST_STEP][PASSED] - TB = tabB.toInteger(): null

04-12-2024T07:28:42 - [TEST_STEP][PASSED] - setValueToCellByIndex(sheet01, n, 5, TB): null

04-12-2024T07:28:42 - [TEST_STEP][PASSED] - setValueToCellByIndex(sheet01, n, 6, m): null

04-12-2024T07:28:42 - [TEST_STEP][PASSED] - setValueToCellByIndex(sheet01, n, 7, y): null

04-12-2024T07:28:42 - [TEST_STEP][PASSED] - setValueToCellByIndex(sheet01, n, 8, todaysDate): null

04-12-2024T07:28:42 - [TEST_STEP][PASSED] - n = n + 1: null

04-12-2024T07:28:42 - [TEST_STEP][PASSED] - saveWorkbook(excelFilePath, workbook01): null

04-12-2024T07:28:42 - [TEST_STEP][PASSED] - typeOfData = "Факт Потери": null

04-12-2024T07:28:42 - [TEST_STEP][PASSED] - tabR = GetPFactR(x = a): null

04-12-2024T07:28:42 - [TEST_STEP][PASSED] - i1 = <not implemented yet for class: org.codehaus.groovy.ast.expr.EmptyExpression>: null

04-12-2024T07:28:42 - [TEST_STEP][PASSED] - ii = <not implemented yet for class: org.codehaus.groovy.ast.expr.EmptyExpression>: null

04-12-2024T07:28:42 - [TEST_STEP][PASSED] - for ([ii = 1, ii < 6, (ii++)]): null

04-12-2024T07:28:42 - [TEST_STEP][PASSED] - i1 = x.indexOf("/") + 1: null

04-12-2024T07:28:42 - [TEST_STEP][PASSED] - if (i1 > -1): null

04-12-2024T07:28:42 - [TEST_STEP][PASSED] - x = x.substring(i1, x.length()): null

04-12-2024T07:28:42 - [TEST_STEP][PASSED] - println(x): null

04-12-2024T07:28:42 - [TEST_STEP][PASSED] - i1 = x.indexOf("/") + 1: null

04-12-2024T07:28:42 - [TEST_STEP][PASSED] - if (i1 > -1): null

04-12-2024T07:28:42 - [TEST_STEP][PASSED] - x = x.substring(i1, x.length()): null

04-12-2024T07:28:42 - [TEST_STEP][PASSED] - println(x): null

04-12-2024T07:28:42 - [TEST_STEP][PASSED] - i1 = x.indexOf("/") + 1: null

04-12-2024T07:28:42 - [TEST_STEP][PASSED] - if (i1 > -1): null

04-12-2024T07:28:42 - [TEST_STEP][PASSED] - x = x.substring(i1, x.length()): null

04-12-2024T07:28:42 - [TEST_STEP][PASSED] - println(x): null

04-12-2024T07:28:42 - [TEST_STEP][PASSED] - i1 = x.indexOf("/") + 1: null

04-12-2024T07:28:42 - [TEST_STEP][PASSED] - if (i1 > -1): null

04-12-2024T07:28:42 - [TEST_STEP][PASSED] - x = x.substring(i1, x.length()): null

04-12-2024T07:28:42 - [TEST_STEP][PASSED] - println(x): null

04-12-2024T07:28:42 - [TEST_STEP][PASSED] - i1 = x.indexOf("/") + 1: null

04-12-2024T07:28:42 - [TEST_STEP][PASSED] - if (i1 > -1): null

04-12-2024T07:28:42 - [TEST_STEP][PASSED] - x = x.substring(i1, x.length()): null

04-12-2024T07:28:42 - [TEST_STEP][PASSED] - println(x): null

04-12-2024T07:28:42 - [TEST_STEP][PASSED] - i1 = x.indexOf("/"): null

04-12-2024T07:28:42 - [TEST_STEP][PASSED] - if (i1 > -1): null

04-12-2024T07:28:42 - [TEST_STEP][PASSED] - x = x.substring(0, i1): null

04-12-2024T07:28:42 - [TEST_STEP][PASSED] - println(x): null

04-12-2024T07:28:42 - [TEST_STEP][PASSED] - return x: null

04-12-2024T07:28:42 - [TEST_STEP][PASSED] - tabB = GetPFactB(x = b): null

04-12-2024T07:28:42 - [TEST_STEP][PASSED] - i1 = <not implemented yet for class: org.codehaus.groovy.ast.expr.EmptyExpression>: null

04-12-2024T07:28:42 - [TEST_STEP][PASSED] - ii = <not implemented yet for class: org.codehaus.groovy.ast.expr.EmptyExpression>: null

04-12-2024T07:28:42 - [TEST_STEP][PASSED] - for ([ii = 1, ii < 6, (ii++)]): null

04-12-2024T07:28:42 - [TEST_STEP][PASSED] - i1 = x.indexOf("/") + 1: null

04-12-2024T07:28:42 - [TEST_STEP][PASSED] - if (i1 > -1): null

04-12-2024T07:28:42 - [TEST_STEP][PASSED] - x = x.substring(i1, x.length()): null

04-12-2024T07:28:42 - [TEST_STEP][PASSED] - println(x): null

04-12-2024T07:28:42 - [TEST_STEP][PASSED] - i1 = x.indexOf("/") + 1: null

04-12-2024T07:28:42 - [TEST_STEP][PASSED] - if (i1 > -1): null

04-12-2024T07:28:42 - [TEST_STEP][PASSED] - x = x.substring(i1, x.length()): null

04-12-2024T07:28:42 - [TEST_STEP][PASSED] - println(x): null

04-12-2024T07:28:42 - [TEST_STEP][PASSED] - i1 = x.indexOf("/") + 1: null

04-12-2024T07:28:42 - [TEST_STEP][PASSED] - if (i1 > -1): null

04-12-2024T07:28:42 - [TEST_STEP][PASSED] - x = x.substring(i1, x.length()): null

04-12-2024T07:28:42 - [TEST_STEP][PASSED] - println(x): null

04-12-2024T07:28:42 - [TEST_STEP][PASSED] - i1 = x.indexOf("/") + 1: null

04-12-2024T07:28:42 - [TEST_STEP][PASSED] - if (i1 > -1): null

04-12-2024T07:28:42 - [TEST_STEP][PASSED] - x = x.substring(i1, x.length()): null

04-12-2024T07:28:42 - [TEST_STEP][PASSED] - println(x): null

04-12-2024T07:28:42 - [TEST_STEP][PASSED] - i1 = x.indexOf("/") + 1: null

04-12-2024T07:28:42 - [TEST_STEP][PASSED] - if (i1 > -1): null

04-12-2024T07:28:42 - [TEST_STEP][PASSED] - x = x.substring(i1, x.length()): null

04-12-2024T07:28:42 - [TEST_STEP][PASSED] - println(x): null

04-12-2024T07:28:42 - [TEST_STEP][PASSED] - i1 = x.indexOf("/"): null

04-12-2024T07:28:42 - [TEST_STEP][PASSED] - if (i1 > -1): null

04-12-2024T07:28:42 - [TEST_STEP][PASSED] - x = x.substring(0, i1): null

04-12-2024T07:28:42 - [TEST_STEP][PASSED] - println(x): null

04-12-2024T07:28:42 - [TEST_STEP][FAILED] - return x: null

04-12-2024T07:28:42 - [TEST_STEP][PASSED] - println(tabR + "/" + tabB): null

04-12-2024T07:28:42 - [TEST_STEP][FAILED] - if (verifyEqual(tabR, tabB) == false): null

04-12-2024T07:28:42 - [MESSAGE][FAILED] - Unable to verify equal between actual object '18732578' and expected object '40251822' (Root cause: com.kms.katalon.core.exception.StepFailedException: Actual object '18732578' and expected object '40251822' are not equal
	at com.kms.katalon.core.keyword.builtin.VerifyEqualKeyword$_verifyEqual_closure1.doCall(VerifyEqualKeyword.groovy:58)
	at com.kms.katalon.core.keyword.builtin.VerifyEqualKeyword$_verifyEqual_closure1.call(VerifyEqualKeyword.groovy)
	at com.kms.katalon.core.keyword.internal.KeywordMain.runKeyword(KeywordMain.groovy:75)
	at com.kms.katalon.core.keyword.builtin.VerifyEqualKeyword.verifyEqual(VerifyEqualKeyword.groovy:63)
	at com.kms.katalon.core.keyword.builtin.VerifyEqualKeyword.execute(VerifyEqualKeyword.groovy:44)
	at com.kms.katalon.core.keyword.internal.KeywordExecutor.executeKeywordForPlatform(KeywordExecutor.groovy:74)
	at com.kms.katalon.core.keyword.BuiltinKeywords.verifyEqual(BuiltinKeywords.groovy:146)
	at java.base/jdk.internal.reflect.NativeMethodAccessorImpl.invoke0(Native Method)
	at java.base/jdk.internal.reflect.NativeMethodAccessorImpl.invoke(NativeMethodAccessorImpl.java:77)
	at java.base/jdk.internal.reflect.DelegatingMethodAccessorImpl.invoke(DelegatingMethodAccessorImpl.java:43)
	at Выполнение бизнес-плана сверка дашбордов.CompareDZOData(Выполнение бизнес-плана сверка дашбордов:730)
	at Выполнение бизнес-плана сверка дашбордов.run(Выполнение бизнес-плана сверка дашбордов:578)
	at com.kms.katalon.core.main.ScriptEngine.run(ScriptEngine.java:194)
	at com.kms.katalon.core.main.ScriptEngine.runScriptAsRawText(ScriptEngine.java:119)
	at com.kms.katalon.core.main.TestCaseExecutor.runScript(TestCaseExecutor.java:448)
	at com.kms.katalon.core.main.TestCaseExecutor.doExecute(TestCaseExecutor.java:439)
	at com.kms.katalon.core.main.TestCaseExecutor.processExecutionPhase(TestCaseExecutor.java:418)
	at com.kms.katalon.core.main.TestCaseExecutor.accessMainPhase(TestCaseExecutor.java:410)
	at com.kms.katalon.core.main.TestCaseExecutor.execute(TestCaseExecutor.java:285)
	at com.kms.katalon.core.common.CommonExecutor.accessTestCaseMainPhase(CommonExecutor.java:65)
	at com.kms.katalon.core.main.TestSuiteExecutor.accessTestSuiteMainPhase(TestSuiteExecutor.java:150)
	at com.kms.katalon.core.main.TestSuiteExecutor.execute(TestSuiteExecutor.java:106)
	at com.kms.katalon.core.main.TestCaseMain.startTestSuite(TestCaseMain.java:180)
	at TempTestSuite1733285972582.run(TempTestSuite1733285972582.groovy:35)
	at java.base/jdk.internal.reflect.NativeMethodAccessorImpl.invoke0(Native Method)
	at java.base/jdk.internal.reflect.NativeMethodAccessorImpl.invoke(NativeMethodAccessorImpl.java:77)
	at java.base/jdk.internal.reflect.DelegatingMethodAccessorImpl.invoke(DelegatingMethodAccessorImpl.java:43)
)

04-12-2024T07:28:42 - [TEST_STEP][PASSED] - result = WriteToExcel(typeOfData, todaysDate, PercPlanR, PercPlanB, PercFactR, PercFactB, x, tabR, tabB, o1R, o1B, vidget): null

04-12-2024T07:28:42 - [TEST_STEP][PASSED] - iii = dZO.indexOf("/"): null

04-12-2024T07:28:42 - [TEST_STEP][PASSED] - println(iii): null

04-12-2024T07:28:42 - [TEST_STEP][PASSED] - dZO = dZO.substring(0, iii): null

04-12-2024T07:28:42 - [TEST_STEP][PASSED] - println(dZO): null

04-12-2024T07:28:42 - [TEST_STEP][PASSED] - println(PercPlanR): null

04-12-2024T07:28:42 - [TEST_STEP][PASSED] - println(PercPlanB): null

04-12-2024T07:28:42 - [TEST_STEP][PASSED] - println(PercFactR): null

04-12-2024T07:28:42 - [TEST_STEP][PASSED] - println(PercFactB): null

04-12-2024T07:28:42 - [TEST_STEP][PASSED] - println(tabR): null

04-12-2024T07:28:42 - [TEST_STEP][PASSED] - println(tabB): null

04-12-2024T07:28:42 - [TEST_STEP][PASSED] - println(o1R): null

04-12-2024T07:28:42 - [TEST_STEP][PASSED] - println(o1B): null

04-12-2024T07:28:42 - [TEST_STEP][PASSED] - PR = <not implemented yet for class: org.codehaus.groovy.ast.expr.EmptyExpression>: null

04-12-2024T07:28:42 - [TEST_STEP][PASSED] - FR = <not implemented yet for class: org.codehaus.groovy.ast.expr.EmptyExpression>: null

04-12-2024T07:28:42 - [TEST_STEP][PASSED] - PB = <not implemented yet for class: org.codehaus.groovy.ast.expr.EmptyExpression>: null

04-12-2024T07:28:42 - [TEST_STEP][PASSED] - FB = <not implemented yet for class: org.codehaus.groovy.ast.expr.EmptyExpression>: null

04-12-2024T07:28:42 - [TEST_STEP][PASSED] - TR = <not implemented yet for class: org.codehaus.groovy.ast.expr.EmptyExpression>: null

04-12-2024T07:28:42 - [TEST_STEP][PASSED] - TB = <not implemented yet for class: org.codehaus.groovy.ast.expr.EmptyExpression>: null

04-12-2024T07:28:42 - [TEST_STEP][PASSED] - sheetName = "Sheet1": null

04-12-2024T07:28:42 - [TEST_STEP][PASSED] - data = findTestData("PlanFact"): null

04-12-2024T07:28:42 - [TEST_STEP][PASSED] - n = data.getRowNumbers() + 1: null

04-12-2024T07:28:42 - [TEST_STEP][PASSED] - year = todaysDate.substring(todaysDate.length() - 4, todaysDate.length()): null

04-12-2024T07:28:42 - [TEST_STEP][PASSED] - y = year.toInteger(): null

04-12-2024T07:28:42 - [TEST_STEP][PASSED] - m = getText(findTestObject("Выполнение бизнес-плана/Выполнение бизнес-плана Балансы/Фильтр Дата")): Text of object 'Object Repository/Выполнение бизнес-плана/Выполнение бизнес-плана Балансы/Фильтр Дата' is: '1, 2, 3 кв., Октябрь 2024 года'

04-12-2024T07:28:42 - [MESSAGE][PASSED] - Text of object 'Object Repository/Выполнение бизнес-плана/Выполнение бизнес-плана Балансы/Фильтр Дата' is: '1, 2, 3 кв., Октябрь 2024 года'

04-12-2024T07:28:42 - [TEST_STEP][PASSED] - m = m.substring(0, m.indexOf("2024")): null

04-12-2024T07:28:42 - [TEST_STEP][PASSED] - m = m.trim(): null

04-12-2024T07:28:42 - [TEST_STEP][PASSED] - dashboardName = "Выполнение бизнес-плана": null

04-12-2024T07:28:42 - [TEST_STEP][PASSED] - workbook01 = getWorkbook(excelFilePath): null

04-12-2024T07:28:42 - [TEST_STEP][PASSED] - sheet01 = getExcelSheet(workbook01, sheetName): null

04-12-2024T07:28:42 - [TEST_STEP][PASSED] - setValueToCellByIndex(sheet01, n, 0, dashboardName): null

04-12-2024T07:28:42 - [TEST_STEP][PASSED] - setValueToCellByIndex(sheet01, n, 1, dZO): null

04-12-2024T07:28:42 - [TEST_STEP][PASSED] - setValueToCellByIndex(sheet01, n, 2, typeOfData): null

04-12-2024T07:28:42 - [TEST_STEP][PASSED] - setValueToCellByIndex(sheet01, n, 3, typeOfData): null

04-12-2024T07:28:42 - [TEST_STEP][PASSED] - if (typeOfData == "План"): null

04-12-2024T07:28:42 - [TEST_STEP][PASSED] - else if (typeOfData == "Факт"): null

04-12-2024T07:28:42 - [TEST_STEP][PASSED] - else if (vidget.contains("электроэнергии") == true): null

04-12-2024T07:28:42 - [TEST_STEP][PASSED] - if (tabR == null): null

04-12-2024T07:28:42 - [TEST_STEP][PASSED] - else: null

04-12-2024T07:28:42 - [TEST_STEP][PASSED] - if (tabR == "нет данных"): null

04-12-2024T07:28:42 - [TEST_STEP][PASSED] - else: null

04-12-2024T07:28:42 - [TEST_STEP][PASSED] - TR = tabR.toInteger(): null

04-12-2024T07:28:42 - [TEST_STEP][PASSED] - setValueToCellByIndex(sheet01, n, 4, TR): null

04-12-2024T07:28:42 - [TEST_STEP][PASSED] - if (tabB == null): null

04-12-2024T07:28:42 - [TEST_STEP][PASSED] - else: null

04-12-2024T07:28:42 - [TEST_STEP][PASSED] - if (tabB == "нет данных"): null

04-12-2024T07:28:42 - [TEST_STEP][PASSED] - else: null

04-12-2024T07:28:42 - [TEST_STEP][PASSED] - TB = tabB.toInteger(): null

04-12-2024T07:28:42 - [TEST_STEP][PASSED] - setValueToCellByIndex(sheet01, n, 5, TB): null

04-12-2024T07:28:42 - [TEST_STEP][PASSED] - setValueToCellByIndex(sheet01, n, 6, m): null

04-12-2024T07:28:42 - [TEST_STEP][PASSED] - setValueToCellByIndex(sheet01, n, 7, y): null

04-12-2024T07:28:42 - [TEST_STEP][PASSED] - setValueToCellByIndex(sheet01, n, 8, todaysDate): null

04-12-2024T07:28:42 - [TEST_STEP][PASSED] - n = n + 1: null

04-12-2024T07:28:42 - [TEST_STEP][PASSED] - saveWorkbook(excelFilePath, workbook01): null

04-12-2024T07:28:43 - [TEST_STEP][PASSED] - vidget = "Показатели баланса электроэнергии по ДЗО – План": null

04-12-2024T07:28:43 - [TEST_STEP][PASSED] - typeOfData = "План Отпуск в сеть": null

04-12-2024T07:28:43 - [TEST_STEP][PASSED] - tabR = GetOvSPlanR(x = a): null

04-12-2024T07:28:43 - [TEST_STEP][PASSED] - i1 = <not implemented yet for class: org.codehaus.groovy.ast.expr.EmptyExpression>: null

04-12-2024T07:28:43 - [TEST_STEP][PASSED] - ii = <not implemented yet for class: org.codehaus.groovy.ast.expr.EmptyExpression>: null

04-12-2024T07:28:43 - [TEST_STEP][PASSED] - for ([ii = 1, ii < 7, (ii++)]): null

04-12-2024T07:28:43 - [TEST_STEP][PASSED] - i1 = x.indexOf("/") + 1: null

04-12-2024T07:28:43 - [TEST_STEP][PASSED] - if (i1 > -1): null

04-12-2024T07:28:43 - [TEST_STEP][PASSED] - x = x.substring(i1, x.length()): null

04-12-2024T07:28:43 - [TEST_STEP][PASSED] - println(x): null

04-12-2024T07:28:43 - [TEST_STEP][PASSED] - i1 = x.indexOf("/") + 1: null

04-12-2024T07:28:43 - [TEST_STEP][PASSED] - if (i1 > -1): null

04-12-2024T07:28:43 - [TEST_STEP][PASSED] - x = x.substring(i1, x.length()): null

04-12-2024T07:28:43 - [TEST_STEP][PASSED] - println(x): null

04-12-2024T07:28:43 - [TEST_STEP][PASSED] - i1 = x.indexOf("/") + 1: null

04-12-2024T07:28:43 - [TEST_STEP][PASSED] - if (i1 > -1): null

04-12-2024T07:28:43 - [TEST_STEP][PASSED] - x = x.substring(i1, x.length()): null

04-12-2024T07:28:43 - [TEST_STEP][PASSED] - println(x): null

04-12-2024T07:28:43 - [TEST_STEP][PASSED] - i1 = x.indexOf("/") + 1: null

04-12-2024T07:28:43 - [TEST_STEP][PASSED] - if (i1 > -1): null

04-12-2024T07:28:43 - [TEST_STEP][PASSED] - x = x.substring(i1, x.length()): null

04-12-2024T07:28:43 - [TEST_STEP][PASSED] - println(x): null

04-12-2024T07:28:43 - [TEST_STEP][PASSED] - i1 = x.indexOf("/") + 1: null

04-12-2024T07:28:43 - [TEST_STEP][PASSED] - if (i1 > -1): null

04-12-2024T07:28:43 - [TEST_STEP][PASSED] - x = x.substring(i1, x.length()): null

04-12-2024T07:28:43 - [TEST_STEP][PASSED] - println(x): null

04-12-2024T07:28:43 - [TEST_STEP][PASSED] - i1 = x.indexOf("/") + 1: null

04-12-2024T07:28:43 - [TEST_STEP][PASSED] - if (i1 > -1): null

04-12-2024T07:28:43 - [TEST_STEP][PASSED] - x = x.substring(i1, x.length()): null

04-12-2024T07:28:43 - [TEST_STEP][PASSED] - println(x): null

04-12-2024T07:28:43 - [TEST_STEP][PASSED] - i1 = x.indexOf("/"): null

04-12-2024T07:28:43 - [TEST_STEP][PASSED] - if (i1 > -1): null

04-12-2024T07:28:43 - [TEST_STEP][PASSED] - x = x.substring(0, i1): null

04-12-2024T07:28:43 - [TEST_STEP][PASSED] - println(x): null

04-12-2024T07:28:43 - [TEST_STEP][PASSED] - return x: null

04-12-2024T07:28:43 - [TEST_STEP][PASSED] - tabB = GetOvSPlanB(x = b): null

04-12-2024T07:28:43 - [TEST_STEP][PASSED] - i1 = <not implemented yet for class: org.codehaus.groovy.ast.expr.EmptyExpression>: null

04-12-2024T07:28:43 - [TEST_STEP][PASSED] - ii = <not implemented yet for class: org.codehaus.groovy.ast.expr.EmptyExpression>: null

04-12-2024T07:28:43 - [TEST_STEP][PASSED] - for ([ii = 1, ii < 7, (ii++)]): null

04-12-2024T07:28:43 - [TEST_STEP][PASSED] - i1 = x.indexOf("/") + 1: null

04-12-2024T07:28:43 - [TEST_STEP][PASSED] - if (i1 > -1): null

04-12-2024T07:28:43 - [TEST_STEP][PASSED] - x = x.substring(i1, x.length()): null

04-12-2024T07:28:43 - [TEST_STEP][PASSED] - println(x): null

04-12-2024T07:28:43 - [TEST_STEP][PASSED] - i1 = x.indexOf("/") + 1: null

04-12-2024T07:28:43 - [TEST_STEP][PASSED] - if (i1 > -1): null

04-12-2024T07:28:43 - [TEST_STEP][PASSED] - x = x.substring(i1, x.length()): null

04-12-2024T07:28:43 - [TEST_STEP][PASSED] - println(x): null

04-12-2024T07:28:43 - [TEST_STEP][PASSED] - i1 = x.indexOf("/") + 1: null

04-12-2024T07:28:43 - [TEST_STEP][PASSED] - if (i1 > -1): null

04-12-2024T07:28:43 - [TEST_STEP][PASSED] - x = x.substring(i1, x.length()): null

04-12-2024T07:28:43 - [TEST_STEP][PASSED] - println(x): null

04-12-2024T07:28:43 - [TEST_STEP][PASSED] - i1 = x.indexOf("/") + 1: null

04-12-2024T07:28:43 - [TEST_STEP][PASSED] - if (i1 > -1): null

04-12-2024T07:28:43 - [TEST_STEP][PASSED] - x = x.substring(i1, x.length()): null

04-12-2024T07:28:43 - [TEST_STEP][PASSED] - println(x): null

04-12-2024T07:28:43 - [TEST_STEP][PASSED] - i1 = x.indexOf("/") + 1: null

04-12-2024T07:28:43 - [TEST_STEP][PASSED] - if (i1 > -1): null

04-12-2024T07:28:43 - [TEST_STEP][PASSED] - x = x.substring(i1, x.length()): null

04-12-2024T07:28:43 - [TEST_STEP][PASSED] - println(x): null

04-12-2024T07:28:43 - [TEST_STEP][PASSED] - i1 = x.indexOf("/") + 1: null

04-12-2024T07:28:43 - [TEST_STEP][PASSED] - if (i1 > -1): null

04-12-2024T07:28:43 - [TEST_STEP][PASSED] - x = x.substring(i1, x.length()): null

04-12-2024T07:28:43 - [TEST_STEP][PASSED] - println(x): null

04-12-2024T07:28:43 - [TEST_STEP][PASSED] - i1 = x.indexOf("/"): null

04-12-2024T07:28:43 - [TEST_STEP][PASSED] - if (i1 > -1): null

04-12-2024T07:28:43 - [TEST_STEP][PASSED] - x = x.substring(0, i1): null

04-12-2024T07:28:43 - [TEST_STEP][PASSED] - println(x): null

04-12-2024T07:28:43 - [TEST_STEP][FAILED] - return x: null

04-12-2024T07:28:43 - [TEST_STEP][PASSED] - println(tabR + "/" + tabB): null

04-12-2024T07:28:43 - [TEST_STEP][FAILED] - if (verifyEqual(PercFactR, PercFactB) == false): null

04-12-2024T07:28:43 - [MESSAGE][FAILED] - Unable to verify equal between actual object '5.35' and expected object '7.98' (Root cause: com.kms.katalon.core.exception.StepFailedException: Actual object '5.35' and expected object '7.98' are not equal
	at com.kms.katalon.core.keyword.builtin.VerifyEqualKeyword$_verifyEqual_closure1.doCall(VerifyEqualKeyword.groovy:58)
	at com.kms.katalon.core.keyword.builtin.VerifyEqualKeyword$_verifyEqual_closure1.call(VerifyEqualKeyword.groovy)
	at com.kms.katalon.core.keyword.internal.KeywordMain.runKeyword(KeywordMain.groovy:75)
	at com.kms.katalon.core.keyword.builtin.VerifyEqualKeyword.verifyEqual(VerifyEqualKeyword.groovy:63)
	at com.kms.katalon.core.keyword.builtin.VerifyEqualKeyword.execute(VerifyEqualKeyword.groovy:44)
	at com.kms.katalon.core.keyword.internal.KeywordExecutor.executeKeywordForPlatform(KeywordExecutor.groovy:74)
	at com.kms.katalon.core.keyword.BuiltinKeywords.verifyEqual(BuiltinKeywords.groovy:146)
	at java.base/jdk.internal.reflect.NativeMethodAccessorImpl.invoke0(Native Method)
	at java.base/jdk.internal.reflect.NativeMethodAccessorImpl.invoke(NativeMethodAccessorImpl.java:77)
	at java.base/jdk.internal.reflect.DelegatingMethodAccessorImpl.invoke(DelegatingMethodAccessorImpl.java:43)
	at Выполнение бизнес-плана сверка дашбордов.CompareDZOData(Выполнение бизнес-плана сверка дашбордов:745)
	at Выполнение бизнес-плана сверка дашбордов.run(Выполнение бизнес-плана сверка дашбордов:578)
	at com.kms.katalon.core.main.ScriptEngine.run(ScriptEngine.java:194)
	at com.kms.katalon.core.main.ScriptEngine.runScriptAsRawText(ScriptEngine.java:119)
	at com.kms.katalon.core.main.TestCaseExecutor.runScript(TestCaseExecutor.java:448)
	at com.kms.katalon.core.main.TestCaseExecutor.doExecute(TestCaseExecutor.java:439)
	at com.kms.katalon.core.main.TestCaseExecutor.processExecutionPhase(TestCaseExecutor.java:418)
	at com.kms.katalon.core.main.TestCaseExecutor.accessMainPhase(TestCaseExecutor.java:410)
	at com.kms.katalon.core.main.TestCaseExecutor.execute(TestCaseExecutor.java:285)
	at com.kms.katalon.core.common.CommonExecutor.accessTestCaseMainPhase(CommonExecutor.java:65)
	at com.kms.katalon.core.main.TestSuiteExecutor.accessTestSuiteMainPhase(TestSuiteExecutor.java:150)
	at com.kms.katalon.core.main.TestSuiteExecutor.execute(TestSuiteExecutor.java:106)
	at com.kms.katalon.core.main.TestCaseMain.startTestSuite(TestCaseMain.java:180)
	at TempTestSuite1733285972582.run(TempTestSuite1733285972582.groovy:35)
	at java.base/jdk.internal.reflect.NativeMethodAccessorImpl.invoke0(Native Method)
	at java.base/jdk.internal.reflect.NativeMethodAccessorImpl.invoke(NativeMethodAccessorImpl.java:77)
	at java.base/jdk.internal.reflect.DelegatingMethodAccessorImpl.invoke(DelegatingMethodAccessorImpl.java:43)
)

04-12-2024T07:28:43 - [TEST_STEP][PASSED] - result = WriteToExcel(typeOfData, todaysDate, PercPlanR, PercPlanB, PercFactR, PercFactB, x, tabR, tabB, o1R, o1B, vidget): null

04-12-2024T07:28:43 - [TEST_STEP][PASSED] - iii = dZO.indexOf("/"): null

04-12-2024T07:28:43 - [TEST_STEP][PASSED] - println(iii): null

04-12-2024T07:28:43 - [TEST_STEP][PASSED] - dZO = dZO.substring(0, iii): null

04-12-2024T07:28:43 - [TEST_STEP][PASSED] - println(dZO): null

04-12-2024T07:28:43 - [TEST_STEP][PASSED] - println(PercPlanR): null

04-12-2024T07:28:43 - [TEST_STEP][PASSED] - println(PercPlanB): null

04-12-2024T07:28:43 - [TEST_STEP][PASSED] - println(PercFactR): null

04-12-2024T07:28:43 - [TEST_STEP][PASSED] - println(PercFactB): null

04-12-2024T07:28:43 - [TEST_STEP][PASSED] - println(tabR): null

04-12-2024T07:28:43 - [TEST_STEP][PASSED] - println(tabB): null

04-12-2024T07:28:43 - [TEST_STEP][PASSED] - println(o1R): null

04-12-2024T07:28:43 - [TEST_STEP][PASSED] - println(o1B): null

04-12-2024T07:28:43 - [TEST_STEP][PASSED] - PR = <not implemented yet for class: org.codehaus.groovy.ast.expr.EmptyExpression>: null

04-12-2024T07:28:43 - [TEST_STEP][PASSED] - FR = <not implemented yet for class: org.codehaus.groovy.ast.expr.EmptyExpression>: null

04-12-2024T07:28:43 - [TEST_STEP][PASSED] - PB = <not implemented yet for class: org.codehaus.groovy.ast.expr.EmptyExpression>: null

04-12-2024T07:28:43 - [TEST_STEP][PASSED] - FB = <not implemented yet for class: org.codehaus.groovy.ast.expr.EmptyExpression>: null

04-12-2024T07:28:43 - [TEST_STEP][PASSED] - TR = <not implemented yet for class: org.codehaus.groovy.ast.expr.EmptyExpression>: null

04-12-2024T07:28:43 - [TEST_STEP][PASSED] - TB = <not implemented yet for class: org.codehaus.groovy.ast.expr.EmptyExpression>: null

04-12-2024T07:28:43 - [TEST_STEP][PASSED] - sheetName = "Sheet1": null

04-12-2024T07:28:43 - [TEST_STEP][PASSED] - data = findTestData("PlanFact"): null

04-12-2024T07:28:43 - [TEST_STEP][PASSED] - n = data.getRowNumbers() + 1: null

04-12-2024T07:28:43 - [TEST_STEP][PASSED] - year = todaysDate.substring(todaysDate.length() - 4, todaysDate.length()): null

04-12-2024T07:28:43 - [TEST_STEP][PASSED] - y = year.toInteger(): null

04-12-2024T07:28:43 - [TEST_STEP][PASSED] - m = getText(findTestObject("Выполнение бизнес-плана/Выполнение бизнес-плана Балансы/Фильтр Дата")): Text of object 'Object Repository/Выполнение бизнес-плана/Выполнение бизнес-плана Балансы/Фильтр Дата' is: '1, 2, 3 кв., Октябрь 2024 года'

04-12-2024T07:28:43 - [MESSAGE][PASSED] - Text of object 'Object Repository/Выполнение бизнес-плана/Выполнение бизнес-плана Балансы/Фильтр Дата' is: '1, 2, 3 кв., Октябрь 2024 года'

04-12-2024T07:28:43 - [TEST_STEP][PASSED] - m = m.substring(0, m.indexOf("2024")): null

04-12-2024T07:28:43 - [TEST_STEP][PASSED] - m = m.trim(): null

04-12-2024T07:28:43 - [TEST_STEP][PASSED] - dashboardName = "Выполнение бизнес-плана": null

04-12-2024T07:28:43 - [TEST_STEP][PASSED] - workbook01 = getWorkbook(excelFilePath): null

04-12-2024T07:28:43 - [TEST_STEP][PASSED] - sheet01 = getExcelSheet(workbook01, sheetName): null

04-12-2024T07:28:43 - [TEST_STEP][PASSED] - setValueToCellByIndex(sheet01, n, 0, dashboardName): null

04-12-2024T07:28:43 - [TEST_STEP][PASSED] - setValueToCellByIndex(sheet01, n, 1, dZO): null

04-12-2024T07:28:43 - [TEST_STEP][PASSED] - setValueToCellByIndex(sheet01, n, 2, typeOfData): null

04-12-2024T07:28:43 - [TEST_STEP][PASSED] - setValueToCellByIndex(sheet01, n, 3, typeOfData): null

04-12-2024T07:28:43 - [TEST_STEP][PASSED] - if (typeOfData == "План"): null

04-12-2024T07:28:43 - [TEST_STEP][PASSED] - else if (typeOfData == "Факт"): null

04-12-2024T07:28:43 - [TEST_STEP][PASSED] - else if (vidget.contains("электроэнергии") == true): null

04-12-2024T07:28:43 - [TEST_STEP][PASSED] - if (tabR == null): null

04-12-2024T07:28:43 - [TEST_STEP][PASSED] - else: null

04-12-2024T07:28:43 - [TEST_STEP][PASSED] - if (tabR == "нет данных"): null

04-12-2024T07:28:43 - [TEST_STEP][PASSED] - else: null

04-12-2024T07:28:43 - [TEST_STEP][PASSED] - TR = tabR.toInteger(): null

04-12-2024T07:28:43 - [TEST_STEP][PASSED] - setValueToCellByIndex(sheet01, n, 4, TR): null

04-12-2024T07:28:43 - [TEST_STEP][PASSED] - if (tabB == null): null

04-12-2024T07:28:43 - [TEST_STEP][PASSED] - else: null

04-12-2024T07:28:43 - [TEST_STEP][PASSED] - if (tabB == "нет данных"): null

04-12-2024T07:28:43 - [TEST_STEP][PASSED] - else: null

04-12-2024T07:28:43 - [TEST_STEP][PASSED] - TB = tabB.toInteger(): null

04-12-2024T07:28:43 - [TEST_STEP][PASSED] - setValueToCellByIndex(sheet01, n, 5, TB): null

04-12-2024T07:28:43 - [TEST_STEP][PASSED] - setValueToCellByIndex(sheet01, n, 6, m): null

04-12-2024T07:28:43 - [TEST_STEP][PASSED] - setValueToCellByIndex(sheet01, n, 7, y): null

04-12-2024T07:28:43 - [TEST_STEP][PASSED] - setValueToCellByIndex(sheet01, n, 8, todaysDate): null

04-12-2024T07:28:43 - [TEST_STEP][PASSED] - n = n + 1: null

04-12-2024T07:28:43 - [TEST_STEP][PASSED] - saveWorkbook(excelFilePath, workbook01): null

04-12-2024T07:28:43 - [TEST_STEP][PASSED] - typeOfData = "План Отпуск из сети": null

04-12-2024T07:28:43 - [TEST_STEP][PASSED] - tabR = GetOiSPlanR(x = a): null

04-12-2024T07:28:43 - [TEST_STEP][PASSED] - i1 = <not implemented yet for class: org.codehaus.groovy.ast.expr.EmptyExpression>: null

04-12-2024T07:28:43 - [TEST_STEP][PASSED] - ii = <not implemented yet for class: org.codehaus.groovy.ast.expr.EmptyExpression>: null

04-12-2024T07:28:43 - [TEST_STEP][PASSED] - for ([ii = 1, ii < 8, (ii++)]): null

04-12-2024T07:28:43 - [TEST_STEP][PASSED] - i1 = x.indexOf("/") + 1: null

04-12-2024T07:28:43 - [TEST_STEP][PASSED] - if (i1 > -1): null

04-12-2024T07:28:43 - [TEST_STEP][PASSED] - x = x.substring(i1, x.length()): null

04-12-2024T07:28:43 - [TEST_STEP][PASSED] - println(x): null

04-12-2024T07:28:43 - [TEST_STEP][PASSED] - i1 = x.indexOf("/") + 1: null

04-12-2024T07:28:43 - [TEST_STEP][PASSED] - if (i1 > -1): null

04-12-2024T07:28:43 - [TEST_STEP][PASSED] - x = x.substring(i1, x.length()): null

04-12-2024T07:28:43 - [TEST_STEP][PASSED] - println(x): null

04-12-2024T07:28:43 - [TEST_STEP][PASSED] - i1 = x.indexOf("/") + 1: null

04-12-2024T07:28:43 - [TEST_STEP][PASSED] - if (i1 > -1): null

04-12-2024T07:28:43 - [TEST_STEP][PASSED] - x = x.substring(i1, x.length()): null

04-12-2024T07:28:43 - [TEST_STEP][PASSED] - println(x): null

04-12-2024T07:28:43 - [TEST_STEP][PASSED] - i1 = x.indexOf("/") + 1: null

04-12-2024T07:28:43 - [TEST_STEP][PASSED] - if (i1 > -1): null

04-12-2024T07:28:43 - [TEST_STEP][PASSED] - x = x.substring(i1, x.length()): null

04-12-2024T07:28:43 - [TEST_STEP][PASSED] - println(x): null

04-12-2024T07:28:43 - [TEST_STEP][PASSED] - i1 = x.indexOf("/") + 1: null

04-12-2024T07:28:43 - [TEST_STEP][PASSED] - if (i1 > -1): null

04-12-2024T07:28:43 - [TEST_STEP][PASSED] - x = x.substring(i1, x.length()): null

04-12-2024T07:28:43 - [TEST_STEP][PASSED] - println(x): null

04-12-2024T07:28:43 - [TEST_STEP][PASSED] - i1 = x.indexOf("/") + 1: null

04-12-2024T07:28:43 - [TEST_STEP][PASSED] - if (i1 > -1): null

04-12-2024T07:28:43 - [TEST_STEP][PASSED] - x = x.substring(i1, x.length()): null

04-12-2024T07:28:43 - [TEST_STEP][PASSED] - println(x): null

04-12-2024T07:28:43 - [TEST_STEP][PASSED] - i1 = x.indexOf("/") + 1: null

04-12-2024T07:28:43 - [TEST_STEP][PASSED] - if (i1 > -1): null

04-12-2024T07:28:43 - [TEST_STEP][PASSED] - x = x.substring(i1, x.length()): null

04-12-2024T07:28:43 - [TEST_STEP][PASSED] - println(x): null

04-12-2024T07:28:43 - [TEST_STEP][PASSED] - i1 = x.indexOf("/"): null

04-12-2024T07:28:43 - [TEST_STEP][PASSED] - if (i1 > -1): null

04-12-2024T07:28:43 - [TEST_STEP][PASSED] - x = x.substring(0, i1): null

04-12-2024T07:28:43 - [TEST_STEP][PASSED] - println(x): null

04-12-2024T07:28:43 - [TEST_STEP][PASSED] - return x: null

04-12-2024T07:28:43 - [TEST_STEP][PASSED] - tabB = GetOiSPlanB(x = b): null

04-12-2024T07:28:43 - [TEST_STEP][PASSED] - i1 = <not implemented yet for class: org.codehaus.groovy.ast.expr.EmptyExpression>: null

04-12-2024T07:28:43 - [TEST_STEP][PASSED] - ii = <not implemented yet for class: org.codehaus.groovy.ast.expr.EmptyExpression>: null

04-12-2024T07:28:43 - [TEST_STEP][PASSED] - for ([ii = 1, ii < 8, (ii++)]): null

04-12-2024T07:28:43 - [TEST_STEP][PASSED] - i1 = x.indexOf("/") + 1: null

04-12-2024T07:28:43 - [TEST_STEP][PASSED] - if (i1 > -1): null

04-12-2024T07:28:43 - [TEST_STEP][PASSED] - x = x.substring(i1, x.length()): null

04-12-2024T07:28:43 - [TEST_STEP][PASSED] - println(x): null

04-12-2024T07:28:43 - [TEST_STEP][PASSED] - i1 = x.indexOf("/") + 1: null

04-12-2024T07:28:43 - [TEST_STEP][PASSED] - if (i1 > -1): null

04-12-2024T07:28:43 - [TEST_STEP][PASSED] - x = x.substring(i1, x.length()): null

04-12-2024T07:28:43 - [TEST_STEP][PASSED] - println(x): null

04-12-2024T07:28:43 - [TEST_STEP][PASSED] - i1 = x.indexOf("/") + 1: null

04-12-2024T07:28:43 - [TEST_STEP][PASSED] - if (i1 > -1): null

04-12-2024T07:28:43 - [TEST_STEP][PASSED] - x = x.substring(i1, x.length()): null

04-12-2024T07:28:43 - [TEST_STEP][PASSED] - println(x): null

04-12-2024T07:28:43 - [TEST_STEP][PASSED] - i1 = x.indexOf("/") + 1: null

04-12-2024T07:28:43 - [TEST_STEP][PASSED] - if (i1 > -1): null

04-12-2024T07:28:43 - [TEST_STEP][PASSED] - x = x.substring(i1, x.length()): null

04-12-2024T07:28:43 - [TEST_STEP][PASSED] - println(x): null

04-12-2024T07:28:43 - [TEST_STEP][PASSED] - i1 = x.indexOf("/") + 1: null

04-12-2024T07:28:43 - [TEST_STEP][PASSED] - if (i1 > -1): null

04-12-2024T07:28:43 - [TEST_STEP][PASSED] - x = x.substring(i1, x.length()): null

04-12-2024T07:28:43 - [TEST_STEP][PASSED] - println(x): null

04-12-2024T07:28:43 - [TEST_STEP][PASSED] - i1 = x.indexOf("/") + 1: null

04-12-2024T07:28:43 - [TEST_STEP][PASSED] - if (i1 > -1): null

04-12-2024T07:28:43 - [TEST_STEP][PASSED] - x = x.substring(i1, x.length()): null

04-12-2024T07:28:43 - [TEST_STEP][PASSED] - println(x): null

04-12-2024T07:28:43 - [TEST_STEP][PASSED] - i1 = x.indexOf("/") + 1: null

04-12-2024T07:28:43 - [TEST_STEP][PASSED] - if (i1 > -1): null

04-12-2024T07:28:43 - [TEST_STEP][PASSED] - x = x.substring(i1, x.length()): null

04-12-2024T07:28:43 - [TEST_STEP][PASSED] - println(x): null

04-12-2024T07:28:43 - [TEST_STEP][PASSED] - i1 = x.indexOf("/"): null

04-12-2024T07:28:43 - [TEST_STEP][PASSED] - if (i1 > -1): null

04-12-2024T07:28:43 - [TEST_STEP][PASSED] - x = x.substring(0, i1): null

04-12-2024T07:28:43 - [TEST_STEP][PASSED] - println(x): null

04-12-2024T07:28:43 - [TEST_STEP][FAILED] - return x: null

04-12-2024T07:28:43 - [TEST_STEP][PASSED] - println(tabR + "/" + tabB): null

04-12-2024T07:28:43 - [TEST_STEP][FAILED] - if (verifyEqual(PercFactR, PercFactB) == false): null

04-12-2024T07:28:43 - [MESSAGE][FAILED] - Unable to verify equal between actual object '5.35' and expected object '7.98' (Root cause: com.kms.katalon.core.exception.StepFailedException: Actual object '5.35' and expected object '7.98' are not equal
	at com.kms.katalon.core.keyword.builtin.VerifyEqualKeyword$_verifyEqual_closure1.doCall(VerifyEqualKeyword.groovy:58)
	at com.kms.katalon.core.keyword.builtin.VerifyEqualKeyword$_verifyEqual_closure1.call(VerifyEqualKeyword.groovy)
	at com.kms.katalon.core.keyword.internal.KeywordMain.runKeyword(KeywordMain.groovy:75)
	at com.kms.katalon.core.keyword.builtin.VerifyEqualKeyword.verifyEqual(VerifyEqualKeyword.groovy:63)
	at com.kms.katalon.core.keyword.builtin.VerifyEqualKeyword.execute(VerifyEqualKeyword.groovy:44)
	at com.kms.katalon.core.keyword.internal.KeywordExecutor.executeKeywordForPlatform(KeywordExecutor.groovy:74)
	at com.kms.katalon.core.keyword.BuiltinKeywords.verifyEqual(BuiltinKeywords.groovy:146)
	at java.base/jdk.internal.reflect.NativeMethodAccessorImpl.invoke0(Native Method)
	at java.base/jdk.internal.reflect.NativeMethodAccessorImpl.invoke(NativeMethodAccessorImpl.java:77)
	at java.base/jdk.internal.reflect.DelegatingMethodAccessorImpl.invoke(DelegatingMethodAccessorImpl.java:43)
	at Выполнение бизнес-плана сверка дашбордов.CompareDZOData(Выполнение бизнес-плана сверка дашбордов:758)
	at Выполнение бизнес-плана сверка дашбордов.run(Выполнение бизнес-плана сверка дашбордов:578)
	at com.kms.katalon.core.main.ScriptEngine.run(ScriptEngine.java:194)
	at com.kms.katalon.core.main.ScriptEngine.runScriptAsRawText(ScriptEngine.java:119)
	at com.kms.katalon.core.main.TestCaseExecutor.runScript(TestCaseExecutor.java:448)
	at com.kms.katalon.core.main.TestCaseExecutor.doExecute(TestCaseExecutor.java:439)
	at com.kms.katalon.core.main.TestCaseExecutor.processExecutionPhase(TestCaseExecutor.java:418)
	at com.kms.katalon.core.main.TestCaseExecutor.accessMainPhase(TestCaseExecutor.java:410)
	at com.kms.katalon.core.main.TestCaseExecutor.execute(TestCaseExecutor.java:285)
	at com.kms.katalon.core.common.CommonExecutor.accessTestCaseMainPhase(CommonExecutor.java:65)
	at com.kms.katalon.core.main.TestSuiteExecutor.accessTestSuiteMainPhase(TestSuiteExecutor.java:150)
	at com.kms.katalon.core.main.TestSuiteExecutor.execute(TestSuiteExecutor.java:106)
	at com.kms.katalon.core.main.TestCaseMain.startTestSuite(TestCaseMain.java:180)
	at TempTestSuite1733285972582.run(TempTestSuite1733285972582.groovy:35)
	at java.base/jdk.internal.reflect.NativeMethodAccessorImpl.invoke0(Native Method)
	at java.base/jdk.internal.reflect.NativeMethodAccessorImpl.invoke(NativeMethodAccessorImpl.java:77)
	at java.base/jdk.internal.reflect.DelegatingMethodAccessorImpl.invoke(DelegatingMethodAccessorImpl.java:43)
)

04-12-2024T07:28:43 - [TEST_STEP][PASSED] - result = WriteToExcel(typeOfData, todaysDate, PercPlanR, PercPlanB, PercFactR, PercFactB, x, tabR, tabB, o1R, o1B, vidget): null

04-12-2024T07:28:43 - [TEST_STEP][PASSED] - iii = dZO.indexOf("/"): null

04-12-2024T07:28:43 - [TEST_STEP][PASSED] - println(iii): null

04-12-2024T07:28:43 - [TEST_STEP][PASSED] - dZO = dZO.substring(0, iii): null

04-12-2024T07:28:43 - [TEST_STEP][PASSED] - println(dZO): null

04-12-2024T07:28:43 - [TEST_STEP][PASSED] - println(PercPlanR): null

04-12-2024T07:28:43 - [TEST_STEP][PASSED] - println(PercPlanB): null

04-12-2024T07:28:43 - [TEST_STEP][PASSED] - println(PercFactR): null

04-12-2024T07:28:43 - [TEST_STEP][PASSED] - println(PercFactB): null

04-12-2024T07:28:43 - [TEST_STEP][PASSED] - println(tabR): null

04-12-2024T07:28:43 - [TEST_STEP][PASSED] - println(tabB): null

04-12-2024T07:28:43 - [TEST_STEP][PASSED] - println(o1R): null

04-12-2024T07:28:43 - [TEST_STEP][PASSED] - println(o1B): null

04-12-2024T07:28:43 - [TEST_STEP][PASSED] - PR = <not implemented yet for class: org.codehaus.groovy.ast.expr.EmptyExpression>: null

04-12-2024T07:28:43 - [TEST_STEP][PASSED] - FR = <not implemented yet for class: org.codehaus.groovy.ast.expr.EmptyExpression>: null

04-12-2024T07:28:43 - [TEST_STEP][PASSED] - PB = <not implemented yet for class: org.codehaus.groovy.ast.expr.EmptyExpression>: null

04-12-2024T07:28:43 - [TEST_STEP][PASSED] - FB = <not implemented yet for class: org.codehaus.groovy.ast.expr.EmptyExpression>: null

04-12-2024T07:28:43 - [TEST_STEP][PASSED] - TR = <not implemented yet for class: org.codehaus.groovy.ast.expr.EmptyExpression>: null

04-12-2024T07:28:43 - [TEST_STEP][PASSED] - TB = <not implemented yet for class: org.codehaus.groovy.ast.expr.EmptyExpression>: null

04-12-2024T07:28:43 - [TEST_STEP][PASSED] - sheetName = "Sheet1": null

04-12-2024T07:28:43 - [TEST_STEP][PASSED] - data = findTestData("PlanFact"): null

04-12-2024T07:28:43 - [TEST_STEP][PASSED] - n = data.getRowNumbers() + 1: null

04-12-2024T07:28:43 - [TEST_STEP][PASSED] - year = todaysDate.substring(todaysDate.length() - 4, todaysDate.length()): null

04-12-2024T07:28:43 - [TEST_STEP][PASSED] - y = year.toInteger(): null

04-12-2024T07:28:43 - [TEST_STEP][PASSED] - m = getText(findTestObject("Выполнение бизнес-плана/Выполнение бизнес-плана Балансы/Фильтр Дата")): Text of object 'Object Repository/Выполнение бизнес-плана/Выполнение бизнес-плана Балансы/Фильтр Дата' is: '1, 2, 3 кв., Октябрь 2024 года'

04-12-2024T07:28:44 - [MESSAGE][PASSED] - Text of object 'Object Repository/Выполнение бизнес-плана/Выполнение бизнес-плана Балансы/Фильтр Дата' is: '1, 2, 3 кв., Октябрь 2024 года'

04-12-2024T07:28:44 - [TEST_STEP][PASSED] - m = m.substring(0, m.indexOf("2024")): null

04-12-2024T07:28:44 - [TEST_STEP][PASSED] - m = m.trim(): null

04-12-2024T07:28:44 - [TEST_STEP][PASSED] - dashboardName = "Выполнение бизнес-плана": null

04-12-2024T07:28:44 - [TEST_STEP][PASSED] - workbook01 = getWorkbook(excelFilePath): null

04-12-2024T07:28:44 - [TEST_STEP][PASSED] - sheet01 = getExcelSheet(workbook01, sheetName): null

04-12-2024T07:28:44 - [TEST_STEP][PASSED] - setValueToCellByIndex(sheet01, n, 0, dashboardName): null

04-12-2024T07:28:44 - [TEST_STEP][PASSED] - setValueToCellByIndex(sheet01, n, 1, dZO): null

04-12-2024T07:28:44 - [TEST_STEP][PASSED] - setValueToCellByIndex(sheet01, n, 2, typeOfData): null

04-12-2024T07:28:44 - [TEST_STEP][PASSED] - setValueToCellByIndex(sheet01, n, 3, typeOfData): null

04-12-2024T07:28:44 - [TEST_STEP][PASSED] - if (typeOfData == "План"): null

04-12-2024T07:28:44 - [TEST_STEP][PASSED] - else if (typeOfData == "Факт"): null

04-12-2024T07:28:44 - [TEST_STEP][PASSED] - else if (vidget.contains("электроэнергии") == true): null

04-12-2024T07:28:44 - [TEST_STEP][PASSED] - if (tabR == null): null

04-12-2024T07:28:44 - [TEST_STEP][PASSED] - else: null

04-12-2024T07:28:44 - [TEST_STEP][PASSED] - if (tabR == "нет данных"): null

04-12-2024T07:28:44 - [TEST_STEP][PASSED] - else: null

04-12-2024T07:28:44 - [TEST_STEP][PASSED] - TR = tabR.toInteger(): null

04-12-2024T07:28:44 - [TEST_STEP][PASSED] - setValueToCellByIndex(sheet01, n, 4, TR): null

04-12-2024T07:28:44 - [TEST_STEP][PASSED] - if (tabB == null): null

04-12-2024T07:28:44 - [TEST_STEP][PASSED] - else: null

04-12-2024T07:28:44 - [TEST_STEP][PASSED] - if (tabB == "нет данных"): null

04-12-2024T07:28:44 - [TEST_STEP][PASSED] - else: null

04-12-2024T07:28:44 - [TEST_STEP][PASSED] - TB = tabB.toInteger(): null

04-12-2024T07:28:44 - [TEST_STEP][PASSED] - setValueToCellByIndex(sheet01, n, 5, TB): null

04-12-2024T07:28:44 - [TEST_STEP][PASSED] - setValueToCellByIndex(sheet01, n, 6, m): null

04-12-2024T07:28:44 - [TEST_STEP][PASSED] - setValueToCellByIndex(sheet01, n, 7, y): null

04-12-2024T07:28:44 - [TEST_STEP][PASSED] - setValueToCellByIndex(sheet01, n, 8, todaysDate): null

04-12-2024T07:28:44 - [TEST_STEP][PASSED] - n = n + 1: null

04-12-2024T07:28:44 - [TEST_STEP][PASSED] - saveWorkbook(excelFilePath, workbook01): null

04-12-2024T07:28:44 - [TEST_STEP][PASSED] - typeOfData = "План Потери": null

04-12-2024T07:28:44 - [TEST_STEP][PASSED] - tabR = GetPPlanR(x = a): null

04-12-2024T07:28:44 - [TEST_STEP][PASSED] - i1 = <not implemented yet for class: org.codehaus.groovy.ast.expr.EmptyExpression>: null

04-12-2024T07:28:44 - [TEST_STEP][PASSED] - ii = <not implemented yet for class: org.codehaus.groovy.ast.expr.EmptyExpression>: null

04-12-2024T07:28:44 - [TEST_STEP][PASSED] - for ([ii = 1, ii < 9, (ii++)]): null

04-12-2024T07:28:44 - [TEST_STEP][PASSED] - i1 = x.indexOf("/") + 1: null

04-12-2024T07:28:44 - [TEST_STEP][PASSED] - if (i1 > -1): null

04-12-2024T07:28:44 - [TEST_STEP][PASSED] - x = x.substring(i1, x.length()): null

04-12-2024T07:28:44 - [TEST_STEP][PASSED] - println(x): null

04-12-2024T07:28:44 - [TEST_STEP][PASSED] - i1 = x.indexOf("/") + 1: null

04-12-2024T07:28:44 - [TEST_STEP][PASSED] - if (i1 > -1): null

04-12-2024T07:28:44 - [TEST_STEP][PASSED] - x = x.substring(i1, x.length()): null

04-12-2024T07:28:44 - [TEST_STEP][PASSED] - println(x): null

04-12-2024T07:28:44 - [TEST_STEP][PASSED] - i1 = x.indexOf("/") + 1: null

04-12-2024T07:28:44 - [TEST_STEP][PASSED] - if (i1 > -1): null

04-12-2024T07:28:44 - [TEST_STEP][PASSED] - x = x.substring(i1, x.length()): null

04-12-2024T07:28:44 - [TEST_STEP][PASSED] - println(x): null

04-12-2024T07:28:44 - [TEST_STEP][PASSED] - i1 = x.indexOf("/") + 1: null

04-12-2024T07:28:44 - [TEST_STEP][PASSED] - if (i1 > -1): null

04-12-2024T07:28:44 - [TEST_STEP][PASSED] - x = x.substring(i1, x.length()): null

04-12-2024T07:28:44 - [TEST_STEP][PASSED] - println(x): null

04-12-2024T07:28:44 - [TEST_STEP][PASSED] - i1 = x.indexOf("/") + 1: null

04-12-2024T07:28:44 - [TEST_STEP][PASSED] - if (i1 > -1): null

04-12-2024T07:28:44 - [TEST_STEP][PASSED] - x = x.substring(i1, x.length()): null

04-12-2024T07:28:44 - [TEST_STEP][PASSED] - println(x): null

04-12-2024T07:28:44 - [TEST_STEP][PASSED] - i1 = x.indexOf("/") + 1: null

04-12-2024T07:28:44 - [TEST_STEP][PASSED] - if (i1 > -1): null

04-12-2024T07:28:44 - [TEST_STEP][PASSED] - x = x.substring(i1, x.length()): null

04-12-2024T07:28:44 - [TEST_STEP][PASSED] - println(x): null

04-12-2024T07:28:44 - [TEST_STEP][PASSED] - i1 = x.indexOf("/") + 1: null

04-12-2024T07:28:44 - [TEST_STEP][PASSED] - if (i1 > -1): null

04-12-2024T07:28:44 - [TEST_STEP][PASSED] - x = x.substring(i1, x.length()): null

04-12-2024T07:28:44 - [TEST_STEP][PASSED] - println(x): null

04-12-2024T07:28:44 - [TEST_STEP][PASSED] - i1 = x.indexOf("/") + 1: null

04-12-2024T07:28:44 - [TEST_STEP][PASSED] - if (i1 > -1): null

04-12-2024T07:28:44 - [TEST_STEP][PASSED] - x = x.substring(i1, x.length()): null

04-12-2024T07:28:44 - [TEST_STEP][PASSED] - println(x): null

04-12-2024T07:28:44 - [TEST_STEP][PASSED] - i1 = x.indexOf("/"): null

04-12-2024T07:28:44 - [TEST_STEP][PASSED] - if (i1 > -1): null

04-12-2024T07:28:44 - [TEST_STEP][PASSED] - println(x): null

04-12-2024T07:28:44 - [TEST_STEP][PASSED] - return x: null

04-12-2024T07:28:44 - [TEST_STEP][PASSED] - tabB = GetPPlanB(x = b): null

04-12-2024T07:28:44 - [TEST_STEP][PASSED] - i1 = <not implemented yet for class: org.codehaus.groovy.ast.expr.EmptyExpression>: null

04-12-2024T07:28:44 - [TEST_STEP][PASSED] - ii = <not implemented yet for class: org.codehaus.groovy.ast.expr.EmptyExpression>: null

04-12-2024T07:28:44 - [TEST_STEP][PASSED] - for ([ii = 1, ii < 9, (ii++)]): null

04-12-2024T07:28:44 - [TEST_STEP][PASSED] - i1 = x.indexOf("/") + 1: null

04-12-2024T07:28:44 - [TEST_STEP][PASSED] - if (i1 > -1): null

04-12-2024T07:28:44 - [TEST_STEP][PASSED] - x = x.substring(i1, x.length()): null

04-12-2024T07:28:44 - [TEST_STEP][PASSED] - println(x): null

04-12-2024T07:28:44 - [TEST_STEP][PASSED] - i1 = x.indexOf("/") + 1: null

04-12-2024T07:28:44 - [TEST_STEP][PASSED] - if (i1 > -1): null

04-12-2024T07:28:44 - [TEST_STEP][PASSED] - x = x.substring(i1, x.length()): null

04-12-2024T07:28:44 - [TEST_STEP][PASSED] - println(x): null

04-12-2024T07:28:44 - [TEST_STEP][PASSED] - i1 = x.indexOf("/") + 1: null

04-12-2024T07:28:44 - [TEST_STEP][PASSED] - if (i1 > -1): null

04-12-2024T07:28:44 - [TEST_STEP][PASSED] - x = x.substring(i1, x.length()): null

04-12-2024T07:28:44 - [TEST_STEP][PASSED] - println(x): null

04-12-2024T07:28:44 - [TEST_STEP][PASSED] - i1 = x.indexOf("/") + 1: null

04-12-2024T07:28:44 - [TEST_STEP][PASSED] - if (i1 > -1): null

04-12-2024T07:28:44 - [TEST_STEP][PASSED] - x = x.substring(i1, x.length()): null

04-12-2024T07:28:44 - [TEST_STEP][PASSED] - println(x): null

04-12-2024T07:28:44 - [TEST_STEP][PASSED] - i1 = x.indexOf("/") + 1: null

04-12-2024T07:28:44 - [TEST_STEP][PASSED] - if (i1 > -1): null

04-12-2024T07:28:44 - [TEST_STEP][PASSED] - x = x.substring(i1, x.length()): null

04-12-2024T07:28:44 - [TEST_STEP][PASSED] - println(x): null

04-12-2024T07:28:44 - [TEST_STEP][PASSED] - i1 = x.indexOf("/") + 1: null

04-12-2024T07:28:44 - [TEST_STEP][PASSED] - if (i1 > -1): null

04-12-2024T07:28:44 - [TEST_STEP][PASSED] - x = x.substring(i1, x.length()): null

04-12-2024T07:28:44 - [TEST_STEP][PASSED] - println(x): null

04-12-2024T07:28:44 - [TEST_STEP][PASSED] - i1 = x.indexOf("/") + 1: null

04-12-2024T07:28:44 - [TEST_STEP][PASSED] - if (i1 > -1): null

04-12-2024T07:28:44 - [TEST_STEP][PASSED] - x = x.substring(i1, x.length()): null

04-12-2024T07:28:44 - [TEST_STEP][PASSED] - println(x): null

04-12-2024T07:28:44 - [TEST_STEP][PASSED] - i1 = x.indexOf("/") + 1: null

04-12-2024T07:28:44 - [TEST_STEP][PASSED] - if (i1 > -1): null

04-12-2024T07:28:44 - [TEST_STEP][PASSED] - x = x.substring(i1, x.length()): null

04-12-2024T07:28:44 - [TEST_STEP][PASSED] - println(x): null

04-12-2024T07:28:44 - [TEST_STEP][PASSED] - i1 = x.indexOf("/"): null

04-12-2024T07:28:44 - [TEST_STEP][PASSED] - if (i1 > -1): null

04-12-2024T07:28:44 - [TEST_STEP][PASSED] - println(x): null

04-12-2024T07:28:44 - [TEST_STEP][FAILED] - return x: null

04-12-2024T07:28:44 - [TEST_STEP][PASSED] - println(tabR + "/" + tabB): null

04-12-2024T07:28:44 - [TEST_STEP][FAILED] - if (verifyEqual(PercFactR, PercFactB) == false): null

04-12-2024T07:28:44 - [MESSAGE][FAILED] - Unable to verify equal between actual object '5.35' and expected object '7.98' (Root cause: com.kms.katalon.core.exception.StepFailedException: Actual object '5.35' and expected object '7.98' are not equal
	at com.kms.katalon.core.keyword.builtin.VerifyEqualKeyword$_verifyEqual_closure1.doCall(VerifyEqualKeyword.groovy:58)
	at com.kms.katalon.core.keyword.builtin.VerifyEqualKeyword$_verifyEqual_closure1.call(VerifyEqualKeyword.groovy)
	at com.kms.katalon.core.keyword.internal.KeywordMain.runKeyword(KeywordMain.groovy:75)
	at com.kms.katalon.core.keyword.builtin.VerifyEqualKeyword.verifyEqual(VerifyEqualKeyword.groovy:63)
	at com.kms.katalon.core.keyword.builtin.VerifyEqualKeyword.execute(VerifyEqualKeyword.groovy:44)
	at com.kms.katalon.core.keyword.internal.KeywordExecutor.executeKeywordForPlatform(KeywordExecutor.groovy:74)
	at com.kms.katalon.core.keyword.BuiltinKeywords.verifyEqual(BuiltinKeywords.groovy:146)
	at java.base/jdk.internal.reflect.NativeMethodAccessorImpl.invoke0(Native Method)
	at java.base/jdk.internal.reflect.NativeMethodAccessorImpl.invoke(NativeMethodAccessorImpl.java:77)
	at java.base/jdk.internal.reflect.DelegatingMethodAccessorImpl.invoke(DelegatingMethodAccessorImpl.java:43)
	at Выполнение бизнес-плана сверка дашбордов.CompareDZOData(Выполнение бизнес-плана сверка дашбордов:771)
	at Выполнение бизнес-плана сверка дашбордов.run(Выполнение бизнес-плана сверка дашбордов:578)
	at com.kms.katalon.core.main.ScriptEngine.run(ScriptEngine.java:194)
	at com.kms.katalon.core.main.ScriptEngine.runScriptAsRawText(ScriptEngine.java:119)
	at com.kms.katalon.core.main.TestCaseExecutor.runScript(TestCaseExecutor.java:448)
	at com.kms.katalon.core.main.TestCaseExecutor.doExecute(TestCaseExecutor.java:439)
	at com.kms.katalon.core.main.TestCaseExecutor.processExecutionPhase(TestCaseExecutor.java:418)
	at com.kms.katalon.core.main.TestCaseExecutor.accessMainPhase(TestCaseExecutor.java:410)
	at com.kms.katalon.core.main.TestCaseExecutor.execute(TestCaseExecutor.java:285)
	at com.kms.katalon.core.common.CommonExecutor.accessTestCaseMainPhase(CommonExecutor.java:65)
	at com.kms.katalon.core.main.TestSuiteExecutor.accessTestSuiteMainPhase(TestSuiteExecutor.java:150)
	at com.kms.katalon.core.main.TestSuiteExecutor.execute(TestSuiteExecutor.java:106)
	at com.kms.katalon.core.main.TestCaseMain.startTestSuite(TestCaseMain.java:180)
	at TempTestSuite1733285972582.run(TempTestSuite1733285972582.groovy:35)
	at java.base/jdk.internal.reflect.NativeMethodAccessorImpl.invoke0(Native Method)
	at java.base/jdk.internal.reflect.NativeMethodAccessorImpl.invoke(NativeMethodAccessorImpl.java:77)
	at java.base/jdk.internal.reflect.DelegatingMethodAccessorImpl.invoke(DelegatingMethodAccessorImpl.java:43)
)

04-12-2024T07:28:44 - [TEST_STEP][PASSED] - result = WriteToExcel(typeOfData, todaysDate, PercPlanR, PercPlanB, PercFactR, PercFactB, x, tabR, tabB, o1R, o1B, vidget): null

04-12-2024T07:28:44 - [TEST_STEP][PASSED] - iii = dZO.indexOf("/"): null

04-12-2024T07:28:44 - [TEST_STEP][PASSED] - println(iii): null

04-12-2024T07:28:44 - [TEST_STEP][PASSED] - dZO = dZO.substring(0, iii): null

04-12-2024T07:28:44 - [TEST_STEP][PASSED] - println(dZO): null

04-12-2024T07:28:44 - [TEST_STEP][PASSED] - println(PercPlanR): null

04-12-2024T07:28:44 - [TEST_STEP][PASSED] - println(PercPlanB): null

04-12-2024T07:28:44 - [TEST_STEP][PASSED] - println(PercFactR): null

04-12-2024T07:28:44 - [TEST_STEP][PASSED] - println(PercFactB): null

04-12-2024T07:28:44 - [TEST_STEP][PASSED] - println(tabR): null

04-12-2024T07:28:44 - [TEST_STEP][PASSED] - println(tabB): null

04-12-2024T07:28:44 - [TEST_STEP][PASSED] - println(o1R): null

04-12-2024T07:28:44 - [TEST_STEP][PASSED] - println(o1B): null

04-12-2024T07:28:44 - [TEST_STEP][PASSED] - PR = <not implemented yet for class: org.codehaus.groovy.ast.expr.EmptyExpression>: null

04-12-2024T07:28:44 - [TEST_STEP][PASSED] - FR = <not implemented yet for class: org.codehaus.groovy.ast.expr.EmptyExpression>: null

04-12-2024T07:28:44 - [TEST_STEP][PASSED] - PB = <not implemented yet for class: org.codehaus.groovy.ast.expr.EmptyExpression>: null

04-12-2024T07:28:44 - [TEST_STEP][PASSED] - FB = <not implemented yet for class: org.codehaus.groovy.ast.expr.EmptyExpression>: null

04-12-2024T07:28:44 - [TEST_STEP][PASSED] - TR = <not implemented yet for class: org.codehaus.groovy.ast.expr.EmptyExpression>: null

04-12-2024T07:28:44 - [TEST_STEP][PASSED] - TB = <not implemented yet for class: org.codehaus.groovy.ast.expr.EmptyExpression>: null

04-12-2024T07:28:44 - [TEST_STEP][PASSED] - sheetName = "Sheet1": null

04-12-2024T07:28:44 - [TEST_STEP][PASSED] - data = findTestData("PlanFact"): null

04-12-2024T07:28:44 - [TEST_STEP][PASSED] - n = data.getRowNumbers() + 1: null

04-12-2024T07:28:44 - [TEST_STEP][PASSED] - year = todaysDate.substring(todaysDate.length() - 4, todaysDate.length()): null

04-12-2024T07:28:44 - [TEST_STEP][PASSED] - y = year.toInteger(): null

04-12-2024T07:28:44 - [TEST_STEP][PASSED] - m = getText(findTestObject("Выполнение бизнес-плана/Выполнение бизнес-плана Балансы/Фильтр Дата")): Text of object 'Object Repository/Выполнение бизнес-плана/Выполнение бизнес-плана Балансы/Фильтр Дата' is: '1, 2, 3 кв., Октябрь 2024 года'

04-12-2024T07:28:44 - [MESSAGE][PASSED] - Text of object 'Object Repository/Выполнение бизнес-плана/Выполнение бизнес-плана Балансы/Фильтр Дата' is: '1, 2, 3 кв., Октябрь 2024 года'

04-12-2024T07:28:44 - [TEST_STEP][PASSED] - m = m.substring(0, m.indexOf("2024")): null

04-12-2024T07:28:44 - [TEST_STEP][PASSED] - m = m.trim(): null

04-12-2024T07:28:44 - [TEST_STEP][PASSED] - dashboardName = "Выполнение бизнес-плана": null

04-12-2024T07:28:44 - [TEST_STEP][PASSED] - workbook01 = getWorkbook(excelFilePath): null

04-12-2024T07:28:44 - [TEST_STEP][PASSED] - sheet01 = getExcelSheet(workbook01, sheetName): null

04-12-2024T07:28:44 - [TEST_STEP][PASSED] - setValueToCellByIndex(sheet01, n, 0, dashboardName): null

04-12-2024T07:28:44 - [TEST_STEP][PASSED] - setValueToCellByIndex(sheet01, n, 1, dZO): null

04-12-2024T07:28:44 - [TEST_STEP][PASSED] - setValueToCellByIndex(sheet01, n, 2, typeOfData): null

04-12-2024T07:28:44 - [TEST_STEP][PASSED] - setValueToCellByIndex(sheet01, n, 3, typeOfData): null

04-12-2024T07:28:44 - [TEST_STEP][PASSED] - if (typeOfData == "План"): null

04-12-2024T07:28:44 - [TEST_STEP][PASSED] - else if (typeOfData == "Факт"): null

04-12-2024T07:28:44 - [TEST_STEP][PASSED] - else if (vidget.contains("электроэнергии") == true): null

04-12-2024T07:28:44 - [TEST_STEP][PASSED] - if (tabR == null): null

04-12-2024T07:28:44 - [TEST_STEP][PASSED] - else: null

04-12-2024T07:28:44 - [TEST_STEP][PASSED] - if (tabR == "нет данных"): null

04-12-2024T07:28:44 - [TEST_STEP][PASSED] - else: null

04-12-2024T07:28:44 - [TEST_STEP][PASSED] - TR = tabR.toInteger(): null

04-12-2024T07:28:44 - [TEST_STEP][PASSED] - setValueToCellByIndex(sheet01, n, 4, TR): null

04-12-2024T07:28:44 - [TEST_STEP][PASSED] - if (tabB == null): null

04-12-2024T07:28:44 - [TEST_STEP][PASSED] - else: null

04-12-2024T07:28:44 - [TEST_STEP][PASSED] - if (tabB == "нет данных"): null

04-12-2024T07:28:44 - [TEST_STEP][PASSED] - else: null

04-12-2024T07:28:44 - [TEST_STEP][PASSED] - TB = tabB.toInteger(): null

04-12-2024T07:28:44 - [TEST_STEP][PASSED] - setValueToCellByIndex(sheet01, n, 5, TB): null

04-12-2024T07:28:44 - [TEST_STEP][PASSED] - setValueToCellByIndex(sheet01, n, 6, m): null

04-12-2024T07:28:44 - [TEST_STEP][PASSED] - setValueToCellByIndex(sheet01, n, 7, y): null

04-12-2024T07:28:44 - [TEST_STEP][PASSED] - setValueToCellByIndex(sheet01, n, 8, todaysDate): null

04-12-2024T07:28:44 - [TEST_STEP][PASSED] - n = n + 1: null

04-12-2024T07:28:44 - [TEST_STEP][FAILED] - saveWorkbook(excelFilePath, workbook01): null

04-12-2024T07:28:45 - [TEST_STEP][PASSED] - ii2 = a.indexOf("ПАО"): null

04-12-2024T07:28:45 - [TEST_STEP][PASSED] - if (ii2 == -1): null

04-12-2024T07:28:45 - [TEST_STEP][FAILED] - if (verifyEqual(fR, fB) == false): null

04-12-2024T07:28:45 - [MESSAGE][FAILED] - Unable to verify equal between actual object 'Россети ФСК ЕЭС/нет данных/нет данных/нет данных/нет данных/нет данных/нет данных/нет данных/нет данных/нет данных' and expected object 'Россети ФСК ЕЭС/3.86/3.65/515451879/497290886/18160993/500569809/481951765/18618044/-0.21' (Root cause: com.kms.katalon.core.exception.StepFailedException: Actual object 'Россети ФСК ЕЭС/нет данных/нет данных/нет данных/нет данных/нет данных/нет данных/нет данных/нет данных/нет данных' and expected object 'Россети ФСК ЕЭС/3.86/3.65/515451879/497290886/18160993/500569809/481951765/18618044/-0.21' are not equal
	at com.kms.katalon.core.keyword.builtin.VerifyEqualKeyword$_verifyEqual_closure1.doCall(VerifyEqualKeyword.groovy:58)
	at com.kms.katalon.core.keyword.builtin.VerifyEqualKeyword$_verifyEqual_closure1.call(VerifyEqualKeyword.groovy)
	at com.kms.katalon.core.keyword.internal.KeywordMain.runKeyword(KeywordMain.groovy:75)
	at com.kms.katalon.core.keyword.builtin.VerifyEqualKeyword.verifyEqual(VerifyEqualKeyword.groovy:63)
	at com.kms.katalon.core.keyword.builtin.VerifyEqualKeyword.execute(VerifyEqualKeyword.groovy:44)
	at com.kms.katalon.core.keyword.internal.KeywordExecutor.executeKeywordForPlatform(KeywordExecutor.groovy:74)
	at com.kms.katalon.core.keyword.BuiltinKeywords.verifyEqual(BuiltinKeywords.groovy:146)
	at java.base/jdk.internal.reflect.NativeMethodAccessorImpl.invoke0(Native Method)
	at java.base/jdk.internal.reflect.NativeMethodAccessorImpl.invoke(NativeMethodAccessorImpl.java:77)
	at java.base/jdk.internal.reflect.DelegatingMethodAccessorImpl.invoke(DelegatingMethodAccessorImpl.java:43)
	at Выполнение бизнес-плана сверка дашбордов.run(Выполнение бизнес-плана сверка дашбордов:582)
	at com.kms.katalon.core.main.ScriptEngine.run(ScriptEngine.java:194)
	at com.kms.katalon.core.main.ScriptEngine.runScriptAsRawText(ScriptEngine.java:119)
	at com.kms.katalon.core.main.TestCaseExecutor.runScript(TestCaseExecutor.java:448)
	at com.kms.katalon.core.main.TestCaseExecutor.doExecute(TestCaseExecutor.java:439)
	at com.kms.katalon.core.main.TestCaseExecutor.processExecutionPhase(TestCaseExecutor.java:418)
	at com.kms.katalon.core.main.TestCaseExecutor.accessMainPhase(TestCaseExecutor.java:410)
	at com.kms.katalon.core.main.TestCaseExecutor.execute(TestCaseExecutor.java:285)
	at com.kms.katalon.core.common.CommonExecutor.accessTestCaseMainPhase(CommonExecutor.java:65)
	at com.kms.katalon.core.main.TestSuiteExecutor.accessTestSuiteMainPhase(TestSuiteExecutor.java:150)
	at com.kms.katalon.core.main.TestSuiteExecutor.execute(TestSuiteExecutor.java:106)
	at com.kms.katalon.core.main.TestCaseMain.startTestSuite(TestCaseMain.java:180)
	at TempTestSuite1733285972582.run(TempTestSuite1733285972582.groovy:35)
	at java.base/jdk.internal.reflect.NativeMethodAccessorImpl.invoke0(Native Method)
	at java.base/jdk.internal.reflect.NativeMethodAccessorImpl.invoke(NativeMethodAccessorImpl.java:77)
	at java.base/jdk.internal.reflect.DelegatingMethodAccessorImpl.invoke(DelegatingMethodAccessorImpl.java:43)
)

04-12-2024T07:28:45 - [TEST_STEP][PASSED] - result = CompareDZOData(a = fR, b = fB, dZO, typeOfData, PercPlanR, PercPlanB, PercFactR, PercFactB, todaysDate, x, vidget, tabR, tabB, o1R, o1B): null

04-12-2024T07:28:45 - [TEST_STEP][PASSED] - ii2 = <not implemented yet for class: org.codehaus.groovy.ast.expr.EmptyExpression>: null

04-12-2024T07:28:45 - [TEST_STEP][FAILED] - if (verifyEqual(a, b) == false): null

04-12-2024T07:28:45 - [MESSAGE][FAILED] - Unable to verify equal between actual object 'Россети ФСК ЕЭС/нет данных/нет данных/нет данных/нет данных/нет данных/нет данных/нет данных/нет данных/нет данных' and expected object 'Россети ФСК ЕЭС/3.86/3.65/515451879/497290886/18160993/500569809/481951765/18618044/-0.21' (Root cause: com.kms.katalon.core.exception.StepFailedException: Actual object 'Россети ФСК ЕЭС/нет данных/нет данных/нет данных/нет данных/нет данных/нет данных/нет данных/нет данных/нет данных' and expected object 'Россети ФСК ЕЭС/3.86/3.65/515451879/497290886/18160993/500569809/481951765/18618044/-0.21' are not equal
	at com.kms.katalon.core.keyword.builtin.VerifyEqualKeyword$_verifyEqual_closure1.doCall(VerifyEqualKeyword.groovy:58)
	at com.kms.katalon.core.keyword.builtin.VerifyEqualKeyword$_verifyEqual_closure1.call(VerifyEqualKeyword.groovy)
	at com.kms.katalon.core.keyword.internal.KeywordMain.runKeyword(KeywordMain.groovy:75)
	at com.kms.katalon.core.keyword.builtin.VerifyEqualKeyword.verifyEqual(VerifyEqualKeyword.groovy:63)
	at com.kms.katalon.core.keyword.builtin.VerifyEqualKeyword.execute(VerifyEqualKeyword.groovy:44)
	at com.kms.katalon.core.keyword.internal.KeywordExecutor.executeKeywordForPlatform(KeywordExecutor.groovy:74)
	at com.kms.katalon.core.keyword.BuiltinKeywords.verifyEqual(BuiltinKeywords.groovy:146)
	at java.base/jdk.internal.reflect.NativeMethodAccessorImpl.invoke0(Native Method)
	at java.base/jdk.internal.reflect.NativeMethodAccessorImpl.invoke(NativeMethodAccessorImpl.java:77)
	at java.base/jdk.internal.reflect.DelegatingMethodAccessorImpl.invoke(DelegatingMethodAccessorImpl.java:43)
	at Выполнение бизнес-плана сверка дашбордов.CompareDZOData(Выполнение бизнес-плана сверка дашбордов:673)
	at Выполнение бизнес-плана сверка дашбордов.run(Выполнение бизнес-плана сверка дашбордов:583)
	at com.kms.katalon.core.main.ScriptEngine.run(ScriptEngine.java:194)
	at com.kms.katalon.core.main.ScriptEngine.runScriptAsRawText(ScriptEngine.java:119)
	at com.kms.katalon.core.main.TestCaseExecutor.runScript(TestCaseExecutor.java:448)
	at com.kms.katalon.core.main.TestCaseExecutor.doExecute(TestCaseExecutor.java:439)
	at com.kms.katalon.core.main.TestCaseExecutor.processExecutionPhase(TestCaseExecutor.java:418)
	at com.kms.katalon.core.main.TestCaseExecutor.accessMainPhase(TestCaseExecutor.java:410)
	at com.kms.katalon.core.main.TestCaseExecutor.execute(TestCaseExecutor.java:285)
	at com.kms.katalon.core.common.CommonExecutor.accessTestCaseMainPhase(CommonExecutor.java:65)
	at com.kms.katalon.core.main.TestSuiteExecutor.accessTestSuiteMainPhase(TestSuiteExecutor.java:150)
	at com.kms.katalon.core.main.TestSuiteExecutor.execute(TestSuiteExecutor.java:106)
	at com.kms.katalon.core.main.TestCaseMain.startTestSuite(TestCaseMain.java:180)
	at TempTestSuite1733285972582.run(TempTestSuite1733285972582.groovy:35)
	at java.base/jdk.internal.reflect.NativeMethodAccessorImpl.invoke0(Native Method)
	at java.base/jdk.internal.reflect.NativeMethodAccessorImpl.invoke(NativeMethodAccessorImpl.java:77)
	at java.base/jdk.internal.reflect.DelegatingMethodAccessorImpl.invoke(DelegatingMethodAccessorImpl.java:43)
)

04-12-2024T07:28:45 - [TEST_STEP][PASSED] - vidget = "Уровень потерь электроэнергии": null

04-12-2024T07:28:45 - [TEST_STEP][PASSED] - typeOfData = "План": null

04-12-2024T07:28:45 - [TEST_STEP][PASSED] - PercPlanR = GetPercPlanR(x = a): null

04-12-2024T07:28:45 - [TEST_STEP][PASSED] - i1 = <not implemented yet for class: org.codehaus.groovy.ast.expr.EmptyExpression>: null

04-12-2024T07:28:45 - [TEST_STEP][PASSED] - i1 = x.indexOf("/") + 1: null

04-12-2024T07:28:45 - [TEST_STEP][PASSED] - if (i1 > -1): null

04-12-2024T07:28:45 - [TEST_STEP][PASSED] - x = x.substring(i1, x.length()): null

04-12-2024T07:28:45 - [TEST_STEP][PASSED] - i1 = x.indexOf("/"): null

04-12-2024T07:28:45 - [TEST_STEP][PASSED] - if (i1 > -1): null

04-12-2024T07:28:45 - [TEST_STEP][PASSED] - x = x.substring(0, i1): null

04-12-2024T07:28:45 - [TEST_STEP][PASSED] - return x: null

04-12-2024T07:28:45 - [TEST_STEP][PASSED] - PercPlanB = GetPercPlanB(x = b): null

04-12-2024T07:28:45 - [TEST_STEP][PASSED] - i1 = <not implemented yet for class: org.codehaus.groovy.ast.expr.EmptyExpression>: null

04-12-2024T07:28:45 - [TEST_STEP][PASSED] - i1 = x.indexOf("/") + 1: null

04-12-2024T07:28:45 - [TEST_STEP][PASSED] - if (i1 > -1): null

04-12-2024T07:28:45 - [TEST_STEP][PASSED] - x = x.substring(i1, x.length()): null

04-12-2024T07:28:45 - [TEST_STEP][PASSED] - i1 = x.indexOf("/"): null

04-12-2024T07:28:45 - [TEST_STEP][PASSED] - if (i1 > -1): null

04-12-2024T07:28:45 - [TEST_STEP][PASSED] - x = x.substring(0, i1): null

04-12-2024T07:28:45 - [TEST_STEP][FAILED] - return x: null

04-12-2024T07:28:45 - [TEST_STEP][FAILED] - if (verifyEqual(PercPlanR, PercPlanB) == false): null

04-12-2024T07:28:45 - [MESSAGE][FAILED] - Unable to verify equal between actual object 'нет данных' and expected object '3.86' (Root cause: com.kms.katalon.core.exception.StepFailedException: Actual object 'нет данных' and expected object '3.86' are not equal
	at com.kms.katalon.core.keyword.builtin.VerifyEqualKeyword$_verifyEqual_closure1.doCall(VerifyEqualKeyword.groovy:58)
	at com.kms.katalon.core.keyword.builtin.VerifyEqualKeyword$_verifyEqual_closure1.call(VerifyEqualKeyword.groovy)
	at com.kms.katalon.core.keyword.internal.KeywordMain.runKeyword(KeywordMain.groovy:75)
	at com.kms.katalon.core.keyword.builtin.VerifyEqualKeyword.verifyEqual(VerifyEqualKeyword.groovy:63)
	at com.kms.katalon.core.keyword.builtin.VerifyEqualKeyword.execute(VerifyEqualKeyword.groovy:44)
	at com.kms.katalon.core.keyword.internal.KeywordExecutor.executeKeywordForPlatform(KeywordExecutor.groovy:74)
	at com.kms.katalon.core.keyword.BuiltinKeywords.verifyEqual(BuiltinKeywords.groovy:146)
	at java.base/jdk.internal.reflect.NativeMethodAccessorImpl.invoke0(Native Method)
	at java.base/jdk.internal.reflect.NativeMethodAccessorImpl.invoke(NativeMethodAccessorImpl.java:77)
	at java.base/jdk.internal.reflect.DelegatingMethodAccessorImpl.invoke(DelegatingMethodAccessorImpl.java:43)
	at Выполнение бизнес-плана сверка дашбордов.CompareDZOData(Выполнение бизнес-плана сверка дашбордов:682)
	at Выполнение бизнес-плана сверка дашбордов.run(Выполнение бизнес-плана сверка дашбордов:583)
	at com.kms.katalon.core.main.ScriptEngine.run(ScriptEngine.java:194)
	at com.kms.katalon.core.main.ScriptEngine.runScriptAsRawText(ScriptEngine.java:119)
	at com.kms.katalon.core.main.TestCaseExecutor.runScript(TestCaseExecutor.java:448)
	at com.kms.katalon.core.main.TestCaseExecutor.doExecute(TestCaseExecutor.java:439)
	at com.kms.katalon.core.main.TestCaseExecutor.processExecutionPhase(TestCaseExecutor.java:418)
	at com.kms.katalon.core.main.TestCaseExecutor.accessMainPhase(TestCaseExecutor.java:410)
	at com.kms.katalon.core.main.TestCaseExecutor.execute(TestCaseExecutor.java:285)
	at com.kms.katalon.core.common.CommonExecutor.accessTestCaseMainPhase(CommonExecutor.java:65)
	at com.kms.katalon.core.main.TestSuiteExecutor.accessTestSuiteMainPhase(TestSuiteExecutor.java:150)
	at com.kms.katalon.core.main.TestSuiteExecutor.execute(TestSuiteExecutor.java:106)
	at com.kms.katalon.core.main.TestCaseMain.startTestSuite(TestCaseMain.java:180)
	at TempTestSuite1733285972582.run(TempTestSuite1733285972582.groovy:35)
	at java.base/jdk.internal.reflect.NativeMethodAccessorImpl.invoke0(Native Method)
	at java.base/jdk.internal.reflect.NativeMethodAccessorImpl.invoke(NativeMethodAccessorImpl.java:77)
	at java.base/jdk.internal.reflect.DelegatingMethodAccessorImpl.invoke(DelegatingMethodAccessorImpl.java:43)
)

04-12-2024T07:28:45 - [TEST_STEP][PASSED] - result = WriteToExcel(typeOfData, todaysDate, PercPlanR, PercPlanB, PercFactR, PercFactB, x, tabR, tabB, o1R, o1B, vidget): null

04-12-2024T07:28:45 - [TEST_STEP][PASSED] - iii = dZO.indexOf("/"): null

04-12-2024T07:28:45 - [TEST_STEP][PASSED] - println(iii): null

04-12-2024T07:28:45 - [TEST_STEP][PASSED] - dZO = dZO.substring(0, iii): null

04-12-2024T07:28:45 - [TEST_STEP][PASSED] - println(dZO): null

04-12-2024T07:28:45 - [TEST_STEP][PASSED] - println(PercPlanR): null

04-12-2024T07:28:45 - [TEST_STEP][PASSED] - println(PercPlanB): null

04-12-2024T07:28:45 - [TEST_STEP][PASSED] - println(PercFactR): null

04-12-2024T07:28:45 - [TEST_STEP][PASSED] - println(PercFactB): null

04-12-2024T07:28:45 - [TEST_STEP][PASSED] - println(tabR): null

04-12-2024T07:28:45 - [TEST_STEP][PASSED] - println(tabB): null

04-12-2024T07:28:45 - [TEST_STEP][PASSED] - println(o1R): null

04-12-2024T07:28:45 - [TEST_STEP][PASSED] - println(o1B): null

04-12-2024T07:28:45 - [TEST_STEP][PASSED] - PR = <not implemented yet for class: org.codehaus.groovy.ast.expr.EmptyExpression>: null

04-12-2024T07:28:45 - [TEST_STEP][PASSED] - FR = <not implemented yet for class: org.codehaus.groovy.ast.expr.EmptyExpression>: null

04-12-2024T07:28:45 - [TEST_STEP][PASSED] - PB = <not implemented yet for class: org.codehaus.groovy.ast.expr.EmptyExpression>: null

04-12-2024T07:28:45 - [TEST_STEP][PASSED] - FB = <not implemented yet for class: org.codehaus.groovy.ast.expr.EmptyExpression>: null

04-12-2024T07:28:45 - [TEST_STEP][PASSED] - TR = <not implemented yet for class: org.codehaus.groovy.ast.expr.EmptyExpression>: null

04-12-2024T07:28:45 - [TEST_STEP][PASSED] - TB = <not implemented yet for class: org.codehaus.groovy.ast.expr.EmptyExpression>: null

04-12-2024T07:28:45 - [TEST_STEP][PASSED] - sheetName = "Sheet1": null

04-12-2024T07:28:45 - [TEST_STEP][PASSED] - data = findTestData("PlanFact"): null

04-12-2024T07:28:45 - [TEST_STEP][PASSED] - n = data.getRowNumbers() + 1: null

04-12-2024T07:28:45 - [TEST_STEP][PASSED] - year = todaysDate.substring(todaysDate.length() - 4, todaysDate.length()): null

04-12-2024T07:28:45 - [TEST_STEP][PASSED] - y = year.toInteger(): null

04-12-2024T07:28:45 - [TEST_STEP][PASSED] - m = getText(findTestObject("Выполнение бизнес-плана/Выполнение бизнес-плана Балансы/Фильтр Дата")): Text of object 'Object Repository/Выполнение бизнес-плана/Выполнение бизнес-плана Балансы/Фильтр Дата' is: '1, 2, 3 кв., Октябрь 2024 года'

04-12-2024T07:28:45 - [MESSAGE][PASSED] - Text of object 'Object Repository/Выполнение бизнес-плана/Выполнение бизнес-плана Балансы/Фильтр Дата' is: '1, 2, 3 кв., Октябрь 2024 года'

04-12-2024T07:28:45 - [TEST_STEP][PASSED] - m = m.substring(0, m.indexOf("2024")): null

04-12-2024T07:28:45 - [TEST_STEP][PASSED] - m = m.trim(): null

04-12-2024T07:28:45 - [TEST_STEP][PASSED] - dashboardName = "Выполнение бизнес-плана": null

04-12-2024T07:28:45 - [TEST_STEP][PASSED] - workbook01 = getWorkbook(excelFilePath): null

04-12-2024T07:28:45 - [TEST_STEP][PASSED] - sheet01 = getExcelSheet(workbook01, sheetName): null

04-12-2024T07:28:45 - [TEST_STEP][PASSED] - setValueToCellByIndex(sheet01, n, 0, dashboardName): null

04-12-2024T07:28:45 - [TEST_STEP][PASSED] - setValueToCellByIndex(sheet01, n, 1, dZO): null

04-12-2024T07:28:45 - [TEST_STEP][PASSED] - setValueToCellByIndex(sheet01, n, 2, typeOfData): null

04-12-2024T07:28:45 - [TEST_STEP][PASSED] - setValueToCellByIndex(sheet01, n, 3, typeOfData): null

04-12-2024T07:28:45 - [TEST_STEP][PASSED] - if (typeOfData == "План"): null

04-12-2024T07:28:45 - [TEST_STEP][PASSED] - if (PercPlanR == null): null

04-12-2024T07:28:45 - [TEST_STEP][PASSED] - else: null

04-12-2024T07:28:45 - [TEST_STEP][PASSED] - if (PercPlanR == "нет данных"): null

04-12-2024T07:28:45 - [TEST_STEP][PASSED] - setValueToCellByIndex(sheet01, n, 4, "нет данных"): null

04-12-2024T07:28:45 - [TEST_STEP][PASSED] - if (PercPlanB == null): null

04-12-2024T07:28:45 - [TEST_STEP][PASSED] - else: null

04-12-2024T07:28:45 - [TEST_STEP][PASSED] - if (PercPlanB == "нет данных"): null

04-12-2024T07:28:45 - [TEST_STEP][PASSED] - else: null

04-12-2024T07:28:45 - [TEST_STEP][PASSED] - PB = PercPlanB.toDouble(): null

04-12-2024T07:28:45 - [TEST_STEP][PASSED] - setValueToCellByIndex(sheet01, n, 5, PB): null

04-12-2024T07:28:45 - [TEST_STEP][PASSED] - setValueToCellByIndex(sheet01, n, 6, m): null

04-12-2024T07:28:45 - [TEST_STEP][PASSED] - setValueToCellByIndex(sheet01, n, 7, y): null

04-12-2024T07:28:45 - [TEST_STEP][PASSED] - setValueToCellByIndex(sheet01, n, 8, todaysDate): null

04-12-2024T07:28:45 - [TEST_STEP][PASSED] - n = n + 1: null

04-12-2024T07:28:45 - [TEST_STEP][PASSED] - saveWorkbook(excelFilePath, workbook01): null

04-12-2024T07:28:45 - [TEST_STEP][PASSED] - typeOfData = "Факт": null

04-12-2024T07:28:45 - [TEST_STEP][PASSED] - PercFactR = GetPercFactR(x = a): null

04-12-2024T07:28:45 - [TEST_STEP][PASSED] - i1 = <not implemented yet for class: org.codehaus.groovy.ast.expr.EmptyExpression>: null

04-12-2024T07:28:45 - [TEST_STEP][PASSED] - ii = <not implemented yet for class: org.codehaus.groovy.ast.expr.EmptyExpression>: null

04-12-2024T07:28:45 - [TEST_STEP][PASSED] - for ([ii = 1, ii < 3, (ii++)]): null

04-12-2024T07:28:45 - [TEST_STEP][PASSED] - i1 = x.indexOf("/") + 1: null

04-12-2024T07:28:45 - [TEST_STEP][PASSED] - if (i1 > -1): null

04-12-2024T07:28:45 - [TEST_STEP][PASSED] - x = x.substring(i1, x.length()): null

04-12-2024T07:28:45 - [TEST_STEP][PASSED] - println(x): null

04-12-2024T07:28:45 - [TEST_STEP][PASSED] - i1 = x.indexOf("/") + 1: null

04-12-2024T07:28:45 - [TEST_STEP][PASSED] - if (i1 > -1): null

04-12-2024T07:28:45 - [TEST_STEP][PASSED] - x = x.substring(i1, x.length()): null

04-12-2024T07:28:45 - [TEST_STEP][PASSED] - println(x): null

04-12-2024T07:28:45 - [TEST_STEP][PASSED] - i1 = x.indexOf("/"): null

04-12-2024T07:28:45 - [TEST_STEP][PASSED] - if (i1 > -1): null

04-12-2024T07:28:45 - [TEST_STEP][PASSED] - x = x.substring(0, i1): null

04-12-2024T07:28:45 - [TEST_STEP][PASSED] - println(x): null

04-12-2024T07:28:45 - [TEST_STEP][PASSED] - return x: null

04-12-2024T07:28:45 - [TEST_STEP][PASSED] - PercFactB = GetPercFactB(x = b): null

04-12-2024T07:28:45 - [TEST_STEP][PASSED] - i1 = <not implemented yet for class: org.codehaus.groovy.ast.expr.EmptyExpression>: null

04-12-2024T07:28:45 - [TEST_STEP][PASSED] - ii = <not implemented yet for class: org.codehaus.groovy.ast.expr.EmptyExpression>: null

04-12-2024T07:28:45 - [TEST_STEP][PASSED] - for ([ii = 1, ii < 3, (ii++)]): null

04-12-2024T07:28:45 - [TEST_STEP][PASSED] - i1 = x.indexOf("/") + 1: null

04-12-2024T07:28:45 - [TEST_STEP][PASSED] - if (i1 > -1): null

04-12-2024T07:28:45 - [TEST_STEP][PASSED] - x = x.substring(i1, x.length()): null

04-12-2024T07:28:45 - [TEST_STEP][PASSED] - println(x): null

04-12-2024T07:28:45 - [TEST_STEP][PASSED] - i1 = x.indexOf("/") + 1: null

04-12-2024T07:28:45 - [TEST_STEP][PASSED] - if (i1 > -1): null

04-12-2024T07:28:45 - [TEST_STEP][PASSED] - x = x.substring(i1, x.length()): null

04-12-2024T07:28:45 - [TEST_STEP][PASSED] - println(x): null

04-12-2024T07:28:45 - [TEST_STEP][PASSED] - i1 = x.indexOf("/"): null

04-12-2024T07:28:45 - [TEST_STEP][PASSED] - if (i1 > -1): null

04-12-2024T07:28:45 - [TEST_STEP][PASSED] - x = x.substring(0, i1): null

04-12-2024T07:28:45 - [TEST_STEP][PASSED] - println(x): null

04-12-2024T07:28:45 - [TEST_STEP][FAILED] - return x: null

04-12-2024T07:28:45 - [TEST_STEP][FAILED] - if (verifyEqual(PercFactR, PercFactB) == false): null

04-12-2024T07:28:45 - [MESSAGE][FAILED] - Unable to verify equal between actual object 'нет данных' and expected object '3.65' (Root cause: com.kms.katalon.core.exception.StepFailedException: Actual object 'нет данных' and expected object '3.65' are not equal
	at com.kms.katalon.core.keyword.builtin.VerifyEqualKeyword$_verifyEqual_closure1.doCall(VerifyEqualKeyword.groovy:58)
	at com.kms.katalon.core.keyword.builtin.VerifyEqualKeyword$_verifyEqual_closure1.call(VerifyEqualKeyword.groovy)
	at com.kms.katalon.core.keyword.internal.KeywordMain.runKeyword(KeywordMain.groovy:75)
	at com.kms.katalon.core.keyword.builtin.VerifyEqualKeyword.verifyEqual(VerifyEqualKeyword.groovy:63)
	at com.kms.katalon.core.keyword.builtin.VerifyEqualKeyword.execute(VerifyEqualKeyword.groovy:44)
	at com.kms.katalon.core.keyword.internal.KeywordExecutor.executeKeywordForPlatform(KeywordExecutor.groovy:74)
	at com.kms.katalon.core.keyword.BuiltinKeywords.verifyEqual(BuiltinKeywords.groovy:146)
	at java.base/jdk.internal.reflect.NativeMethodAccessorImpl.invoke0(Native Method)
	at java.base/jdk.internal.reflect.NativeMethodAccessorImpl.invoke(NativeMethodAccessorImpl.java:77)
	at java.base/jdk.internal.reflect.DelegatingMethodAccessorImpl.invoke(DelegatingMethodAccessorImpl.java:43)
	at Выполнение бизнес-плана сверка дашбордов.CompareDZOData(Выполнение бизнес-плана сверка дашбордов:693)
	at Выполнение бизнес-плана сверка дашбордов.run(Выполнение бизнес-плана сверка дашбордов:583)
	at com.kms.katalon.core.main.ScriptEngine.run(ScriptEngine.java:194)
	at com.kms.katalon.core.main.ScriptEngine.runScriptAsRawText(ScriptEngine.java:119)
	at com.kms.katalon.core.main.TestCaseExecutor.runScript(TestCaseExecutor.java:448)
	at com.kms.katalon.core.main.TestCaseExecutor.doExecute(TestCaseExecutor.java:439)
	at com.kms.katalon.core.main.TestCaseExecutor.processExecutionPhase(TestCaseExecutor.java:418)
	at com.kms.katalon.core.main.TestCaseExecutor.accessMainPhase(TestCaseExecutor.java:410)
	at com.kms.katalon.core.main.TestCaseExecutor.execute(TestCaseExecutor.java:285)
	at com.kms.katalon.core.common.CommonExecutor.accessTestCaseMainPhase(CommonExecutor.java:65)
	at com.kms.katalon.core.main.TestSuiteExecutor.accessTestSuiteMainPhase(TestSuiteExecutor.java:150)
	at com.kms.katalon.core.main.TestSuiteExecutor.execute(TestSuiteExecutor.java:106)
	at com.kms.katalon.core.main.TestCaseMain.startTestSuite(TestCaseMain.java:180)
	at TempTestSuite1733285972582.run(TempTestSuite1733285972582.groovy:35)
	at java.base/jdk.internal.reflect.NativeMethodAccessorImpl.invoke0(Native Method)
	at java.base/jdk.internal.reflect.NativeMethodAccessorImpl.invoke(NativeMethodAccessorImpl.java:77)
	at java.base/jdk.internal.reflect.DelegatingMethodAccessorImpl.invoke(DelegatingMethodAccessorImpl.java:43)
)

04-12-2024T07:28:45 - [TEST_STEP][PASSED] - result = WriteToExcel(typeOfData, todaysDate, PercPlanR, PercPlanB, PercFactR, PercFactB, x, tabR, tabB, o1R, o1B, vidget): null

04-12-2024T07:28:45 - [TEST_STEP][PASSED] - iii = dZO.indexOf("/"): null

04-12-2024T07:28:45 - [TEST_STEP][PASSED] - println(iii): null

04-12-2024T07:28:45 - [TEST_STEP][PASSED] - dZO = dZO.substring(0, iii): null

04-12-2024T07:28:45 - [TEST_STEP][PASSED] - println(dZO): null

04-12-2024T07:28:45 - [TEST_STEP][PASSED] - println(PercPlanR): null

04-12-2024T07:28:45 - [TEST_STEP][PASSED] - println(PercPlanB): null

04-12-2024T07:28:45 - [TEST_STEP][PASSED] - println(PercFactR): null

04-12-2024T07:28:45 - [TEST_STEP][PASSED] - println(PercFactB): null

04-12-2024T07:28:45 - [TEST_STEP][PASSED] - println(tabR): null

04-12-2024T07:28:45 - [TEST_STEP][PASSED] - println(tabB): null

04-12-2024T07:28:45 - [TEST_STEP][PASSED] - println(o1R): null

04-12-2024T07:28:45 - [TEST_STEP][PASSED] - println(o1B): null

04-12-2024T07:28:45 - [TEST_STEP][PASSED] - PR = <not implemented yet for class: org.codehaus.groovy.ast.expr.EmptyExpression>: null

04-12-2024T07:28:45 - [TEST_STEP][PASSED] - FR = <not implemented yet for class: org.codehaus.groovy.ast.expr.EmptyExpression>: null

04-12-2024T07:28:45 - [TEST_STEP][PASSED] - PB = <not implemented yet for class: org.codehaus.groovy.ast.expr.EmptyExpression>: null

04-12-2024T07:28:45 - [TEST_STEP][PASSED] - FB = <not implemented yet for class: org.codehaus.groovy.ast.expr.EmptyExpression>: null

04-12-2024T07:28:45 - [TEST_STEP][PASSED] - TR = <not implemented yet for class: org.codehaus.groovy.ast.expr.EmptyExpression>: null

04-12-2024T07:28:45 - [TEST_STEP][PASSED] - TB = <not implemented yet for class: org.codehaus.groovy.ast.expr.EmptyExpression>: null

04-12-2024T07:28:45 - [TEST_STEP][PASSED] - sheetName = "Sheet1": null

04-12-2024T07:28:45 - [TEST_STEP][PASSED] - data = findTestData("PlanFact"): null

04-12-2024T07:28:45 - [TEST_STEP][PASSED] - n = data.getRowNumbers() + 1: null

04-12-2024T07:28:45 - [TEST_STEP][PASSED] - year = todaysDate.substring(todaysDate.length() - 4, todaysDate.length()): null

04-12-2024T07:28:45 - [TEST_STEP][PASSED] - y = year.toInteger(): null

04-12-2024T07:28:45 - [TEST_STEP][PASSED] - m = getText(findTestObject("Выполнение бизнес-плана/Выполнение бизнес-плана Балансы/Фильтр Дата")): Text of object 'Object Repository/Выполнение бизнес-плана/Выполнение бизнес-плана Балансы/Фильтр Дата' is: '1, 2, 3 кв., Октябрь 2024 года'

04-12-2024T07:28:46 - [MESSAGE][PASSED] - Text of object 'Object Repository/Выполнение бизнес-плана/Выполнение бизнес-плана Балансы/Фильтр Дата' is: '1, 2, 3 кв., Октябрь 2024 года'

04-12-2024T07:28:46 - [TEST_STEP][PASSED] - m = m.substring(0, m.indexOf("2024")): null

04-12-2024T07:28:46 - [TEST_STEP][PASSED] - m = m.trim(): null

04-12-2024T07:28:46 - [TEST_STEP][PASSED] - dashboardName = "Выполнение бизнес-плана": null

04-12-2024T07:28:46 - [TEST_STEP][PASSED] - workbook01 = getWorkbook(excelFilePath): null

04-12-2024T07:28:46 - [TEST_STEP][PASSED] - sheet01 = getExcelSheet(workbook01, sheetName): null

04-12-2024T07:28:46 - [TEST_STEP][PASSED] - setValueToCellByIndex(sheet01, n, 0, dashboardName): null

04-12-2024T07:28:46 - [TEST_STEP][PASSED] - setValueToCellByIndex(sheet01, n, 1, dZO): null

04-12-2024T07:28:46 - [TEST_STEP][PASSED] - setValueToCellByIndex(sheet01, n, 2, typeOfData): null

04-12-2024T07:28:46 - [TEST_STEP][PASSED] - setValueToCellByIndex(sheet01, n, 3, typeOfData): null

04-12-2024T07:28:46 - [TEST_STEP][PASSED] - if (typeOfData == "План"): null

04-12-2024T07:28:46 - [TEST_STEP][PASSED] - else if (typeOfData == "Факт"): null

04-12-2024T07:28:46 - [TEST_STEP][PASSED] - if (PercFactR == null): null

04-12-2024T07:28:46 - [TEST_STEP][PASSED] - else: null

04-12-2024T07:28:46 - [TEST_STEP][PASSED] - if (PercFactR == "нет данных"): null

04-12-2024T07:28:46 - [TEST_STEP][PASSED] - setValueToCellByIndex(sheet01, n, 4, "нет данных"): null

04-12-2024T07:28:46 - [TEST_STEP][PASSED] - if (PercFactB == null): null

04-12-2024T07:28:46 - [TEST_STEP][PASSED] - else: null

04-12-2024T07:28:46 - [TEST_STEP][PASSED] - if (PercFactB == "нет данных"): null

04-12-2024T07:28:46 - [TEST_STEP][PASSED] - else: null

04-12-2024T07:28:46 - [TEST_STEP][PASSED] - FB = PercFactB.toDouble(): null

04-12-2024T07:28:46 - [TEST_STEP][PASSED] - setValueToCellByIndex(sheet01, n, 5, FB): null

04-12-2024T07:28:46 - [TEST_STEP][PASSED] - setValueToCellByIndex(sheet01, n, 6, m): null

04-12-2024T07:28:46 - [TEST_STEP][PASSED] - setValueToCellByIndex(sheet01, n, 7, y): null

04-12-2024T07:28:46 - [TEST_STEP][PASSED] - setValueToCellByIndex(sheet01, n, 8, todaysDate): null

04-12-2024T07:28:46 - [TEST_STEP][PASSED] - n = n + 1: null

04-12-2024T07:28:46 - [TEST_STEP][PASSED] - saveWorkbook(excelFilePath, workbook01): null

04-12-2024T07:28:46 - [TEST_STEP][PASSED] - vidget = "Показатели баланса электроэнергии по ДЗО – Факт": null

04-12-2024T07:28:46 - [TEST_STEP][PASSED] - typeOfData = "Факт Отпуск в сеть": null

04-12-2024T07:28:46 - [TEST_STEP][PASSED] - tabR = GetOvSFactR(x = a): null

04-12-2024T07:28:46 - [TEST_STEP][PASSED] - i1 = <not implemented yet for class: org.codehaus.groovy.ast.expr.EmptyExpression>: null

04-12-2024T07:28:46 - [TEST_STEP][PASSED] - ii = <not implemented yet for class: org.codehaus.groovy.ast.expr.EmptyExpression>: null

04-12-2024T07:28:46 - [TEST_STEP][PASSED] - for ([ii = 1, ii < 4, (ii++)]): null

04-12-2024T07:28:46 - [TEST_STEP][PASSED] - i1 = x.indexOf("/") + 1: null

04-12-2024T07:28:46 - [TEST_STEP][PASSED] - if (i1 > -1): null

04-12-2024T07:28:46 - [TEST_STEP][PASSED] - x = x.substring(i1, x.length()): null

04-12-2024T07:28:46 - [TEST_STEP][PASSED] - println(x): null

04-12-2024T07:28:46 - [TEST_STEP][PASSED] - i1 = x.indexOf("/") + 1: null

04-12-2024T07:28:46 - [TEST_STEP][PASSED] - if (i1 > -1): null

04-12-2024T07:28:46 - [TEST_STEP][PASSED] - x = x.substring(i1, x.length()): null

04-12-2024T07:28:46 - [TEST_STEP][PASSED] - println(x): null

04-12-2024T07:28:46 - [TEST_STEP][PASSED] - i1 = x.indexOf("/") + 1: null

04-12-2024T07:28:46 - [TEST_STEP][PASSED] - if (i1 > -1): null

04-12-2024T07:28:46 - [TEST_STEP][PASSED] - x = x.substring(i1, x.length()): null

04-12-2024T07:28:46 - [TEST_STEP][PASSED] - println(x): null

04-12-2024T07:28:46 - [TEST_STEP][PASSED] - i1 = x.indexOf("/"): null

04-12-2024T07:28:46 - [TEST_STEP][PASSED] - if (i1 > -1): null

04-12-2024T07:28:46 - [TEST_STEP][PASSED] - x = x.substring(0, i1): null

04-12-2024T07:28:46 - [TEST_STEP][PASSED] - println(x): null

04-12-2024T07:28:46 - [TEST_STEP][PASSED] - return x: null

04-12-2024T07:28:46 - [TEST_STEP][PASSED] - tabB = GetOvSFactB(x = b): null

04-12-2024T07:28:46 - [TEST_STEP][PASSED] - i1 = <not implemented yet for class: org.codehaus.groovy.ast.expr.EmptyExpression>: null

04-12-2024T07:28:46 - [TEST_STEP][PASSED] - ii = <not implemented yet for class: org.codehaus.groovy.ast.expr.EmptyExpression>: null

04-12-2024T07:28:46 - [TEST_STEP][PASSED] - for ([ii = 1, ii < 4, (ii++)]): null

04-12-2024T07:28:46 - [TEST_STEP][PASSED] - i1 = x.indexOf("/") + 1: null

04-12-2024T07:28:46 - [TEST_STEP][PASSED] - if (i1 > -1): null

04-12-2024T07:28:46 - [TEST_STEP][PASSED] - x = x.substring(i1, x.length()): null

04-12-2024T07:28:46 - [TEST_STEP][PASSED] - println(x): null

04-12-2024T07:28:46 - [TEST_STEP][PASSED] - i1 = x.indexOf("/") + 1: null

04-12-2024T07:28:46 - [TEST_STEP][PASSED] - if (i1 > -1): null

04-12-2024T07:28:46 - [TEST_STEP][PASSED] - x = x.substring(i1, x.length()): null

04-12-2024T07:28:46 - [TEST_STEP][PASSED] - println(x): null

04-12-2024T07:28:46 - [TEST_STEP][PASSED] - i1 = x.indexOf("/") + 1: null

04-12-2024T07:28:46 - [TEST_STEP][PASSED] - if (i1 > -1): null

04-12-2024T07:28:46 - [TEST_STEP][PASSED] - x = x.substring(i1, x.length()): null

04-12-2024T07:28:46 - [TEST_STEP][PASSED] - println(x): null

04-12-2024T07:28:46 - [TEST_STEP][PASSED] - i1 = x.indexOf("/"): null

04-12-2024T07:28:46 - [TEST_STEP][PASSED] - if (i1 > -1): null

04-12-2024T07:28:46 - [TEST_STEP][PASSED] - x = x.substring(0, i1): null

04-12-2024T07:28:46 - [TEST_STEP][PASSED] - println(x): null

04-12-2024T07:28:46 - [TEST_STEP][FAILED] - return x: null

04-12-2024T07:28:46 - [TEST_STEP][FAILED] - if (verifyEqual(tabR, tabB) == false): null

04-12-2024T07:28:46 - [MESSAGE][FAILED] - Unable to verify equal between actual object 'нет данных' and expected object '515451879' (Root cause: com.kms.katalon.core.exception.StepFailedException: Actual object 'нет данных' and expected object '515451879' are not equal
	at com.kms.katalon.core.keyword.builtin.VerifyEqualKeyword$_verifyEqual_closure1.doCall(VerifyEqualKeyword.groovy:58)
	at com.kms.katalon.core.keyword.builtin.VerifyEqualKeyword$_verifyEqual_closure1.call(VerifyEqualKeyword.groovy)
	at com.kms.katalon.core.keyword.internal.KeywordMain.runKeyword(KeywordMain.groovy:75)
	at com.kms.katalon.core.keyword.builtin.VerifyEqualKeyword.verifyEqual(VerifyEqualKeyword.groovy:63)
	at com.kms.katalon.core.keyword.builtin.VerifyEqualKeyword.execute(VerifyEqualKeyword.groovy:44)
	at com.kms.katalon.core.keyword.internal.KeywordExecutor.executeKeywordForPlatform(KeywordExecutor.groovy:74)
	at com.kms.katalon.core.keyword.BuiltinKeywords.verifyEqual(BuiltinKeywords.groovy:146)
	at java.base/jdk.internal.reflect.NativeMethodAccessorImpl.invoke0(Native Method)
	at java.base/jdk.internal.reflect.NativeMethodAccessorImpl.invoke(NativeMethodAccessorImpl.java:77)
	at java.base/jdk.internal.reflect.DelegatingMethodAccessorImpl.invoke(DelegatingMethodAccessorImpl.java:43)
	at Выполнение бизнес-плана сверка дашбордов.CompareDZOData(Выполнение бизнес-плана сверка дашбордов:706)
	at Выполнение бизнес-плана сверка дашбордов.run(Выполнение бизнес-плана сверка дашбордов:583)
	at com.kms.katalon.core.main.ScriptEngine.run(ScriptEngine.java:194)
	at com.kms.katalon.core.main.ScriptEngine.runScriptAsRawText(ScriptEngine.java:119)
	at com.kms.katalon.core.main.TestCaseExecutor.runScript(TestCaseExecutor.java:448)
	at com.kms.katalon.core.main.TestCaseExecutor.doExecute(TestCaseExecutor.java:439)
	at com.kms.katalon.core.main.TestCaseExecutor.processExecutionPhase(TestCaseExecutor.java:418)
	at com.kms.katalon.core.main.TestCaseExecutor.accessMainPhase(TestCaseExecutor.java:410)
	at com.kms.katalon.core.main.TestCaseExecutor.execute(TestCaseExecutor.java:285)
	at com.kms.katalon.core.common.CommonExecutor.accessTestCaseMainPhase(CommonExecutor.java:65)
	at com.kms.katalon.core.main.TestSuiteExecutor.accessTestSuiteMainPhase(TestSuiteExecutor.java:150)
	at com.kms.katalon.core.main.TestSuiteExecutor.execute(TestSuiteExecutor.java:106)
	at com.kms.katalon.core.main.TestCaseMain.startTestSuite(TestCaseMain.java:180)
	at TempTestSuite1733285972582.run(TempTestSuite1733285972582.groovy:35)
	at java.base/jdk.internal.reflect.NativeMethodAccessorImpl.invoke0(Native Method)
	at java.base/jdk.internal.reflect.NativeMethodAccessorImpl.invoke(NativeMethodAccessorImpl.java:77)
	at java.base/jdk.internal.reflect.DelegatingMethodAccessorImpl.invoke(DelegatingMethodAccessorImpl.java:43)
)

04-12-2024T07:28:46 - [TEST_STEP][PASSED] - result = WriteToExcel(typeOfData, todaysDate, PercPlanR, PercPlanB, PercFactR, PercFactB, x, tabR, tabB, o1R, o1B, vidget): null

04-12-2024T07:28:46 - [TEST_STEP][PASSED] - iii = dZO.indexOf("/"): null

04-12-2024T07:28:46 - [TEST_STEP][PASSED] - println(iii): null

04-12-2024T07:28:46 - [TEST_STEP][PASSED] - dZO = dZO.substring(0, iii): null

04-12-2024T07:28:46 - [TEST_STEP][PASSED] - println(dZO): null

04-12-2024T07:28:46 - [TEST_STEP][PASSED] - println(PercPlanR): null

04-12-2024T07:28:46 - [TEST_STEP][PASSED] - println(PercPlanB): null

04-12-2024T07:28:46 - [TEST_STEP][PASSED] - println(PercFactR): null

04-12-2024T07:28:46 - [TEST_STEP][PASSED] - println(PercFactB): null

04-12-2024T07:28:46 - [TEST_STEP][PASSED] - println(tabR): null

04-12-2024T07:28:46 - [TEST_STEP][PASSED] - println(tabB): null

04-12-2024T07:28:46 - [TEST_STEP][PASSED] - println(o1R): null

04-12-2024T07:28:46 - [TEST_STEP][PASSED] - println(o1B): null

04-12-2024T07:28:46 - [TEST_STEP][PASSED] - PR = <not implemented yet for class: org.codehaus.groovy.ast.expr.EmptyExpression>: null

04-12-2024T07:28:46 - [TEST_STEP][PASSED] - FR = <not implemented yet for class: org.codehaus.groovy.ast.expr.EmptyExpression>: null

04-12-2024T07:28:46 - [TEST_STEP][PASSED] - PB = <not implemented yet for class: org.codehaus.groovy.ast.expr.EmptyExpression>: null

04-12-2024T07:28:46 - [TEST_STEP][PASSED] - FB = <not implemented yet for class: org.codehaus.groovy.ast.expr.EmptyExpression>: null

04-12-2024T07:28:46 - [TEST_STEP][PASSED] - TR = <not implemented yet for class: org.codehaus.groovy.ast.expr.EmptyExpression>: null

04-12-2024T07:28:46 - [TEST_STEP][PASSED] - TB = <not implemented yet for class: org.codehaus.groovy.ast.expr.EmptyExpression>: null

04-12-2024T07:28:46 - [TEST_STEP][PASSED] - sheetName = "Sheet1": null

04-12-2024T07:28:46 - [TEST_STEP][PASSED] - data = findTestData("PlanFact"): null

04-12-2024T07:28:46 - [TEST_STEP][PASSED] - n = data.getRowNumbers() + 1: null

04-12-2024T07:28:46 - [TEST_STEP][PASSED] - year = todaysDate.substring(todaysDate.length() - 4, todaysDate.length()): null

04-12-2024T07:28:46 - [TEST_STEP][PASSED] - y = year.toInteger(): null

04-12-2024T07:28:46 - [TEST_STEP][PASSED] - m = getText(findTestObject("Выполнение бизнес-плана/Выполнение бизнес-плана Балансы/Фильтр Дата")): Text of object 'Object Repository/Выполнение бизнес-плана/Выполнение бизнес-плана Балансы/Фильтр Дата' is: '1, 2, 3 кв., Октябрь 2024 года'

04-12-2024T07:28:46 - [MESSAGE][PASSED] - Text of object 'Object Repository/Выполнение бизнес-плана/Выполнение бизнес-плана Балансы/Фильтр Дата' is: '1, 2, 3 кв., Октябрь 2024 года'

04-12-2024T07:28:46 - [TEST_STEP][PASSED] - m = m.substring(0, m.indexOf("2024")): null

04-12-2024T07:28:46 - [TEST_STEP][PASSED] - m = m.trim(): null

04-12-2024T07:28:46 - [TEST_STEP][PASSED] - dashboardName = "Выполнение бизнес-плана": null

04-12-2024T07:28:46 - [TEST_STEP][PASSED] - workbook01 = getWorkbook(excelFilePath): null

04-12-2024T07:28:46 - [TEST_STEP][PASSED] - sheet01 = getExcelSheet(workbook01, sheetName): null

04-12-2024T07:28:46 - [TEST_STEP][PASSED] - setValueToCellByIndex(sheet01, n, 0, dashboardName): null

04-12-2024T07:28:46 - [TEST_STEP][PASSED] - setValueToCellByIndex(sheet01, n, 1, dZO): null

04-12-2024T07:28:46 - [TEST_STEP][PASSED] - setValueToCellByIndex(sheet01, n, 2, typeOfData): null

04-12-2024T07:28:46 - [TEST_STEP][PASSED] - setValueToCellByIndex(sheet01, n, 3, typeOfData): null

04-12-2024T07:28:46 - [TEST_STEP][PASSED] - if (typeOfData == "План"): null

04-12-2024T07:28:46 - [TEST_STEP][PASSED] - else if (typeOfData == "Факт"): null

04-12-2024T07:28:46 - [TEST_STEP][PASSED] - else if (vidget.contains("электроэнергии") == true): null

04-12-2024T07:28:46 - [TEST_STEP][PASSED] - if (tabR == null): null

04-12-2024T07:28:46 - [TEST_STEP][PASSED] - else: null

04-12-2024T07:28:46 - [TEST_STEP][PASSED] - if (tabR == "нет данных"): null

04-12-2024T07:28:46 - [TEST_STEP][PASSED] - setValueToCellByIndex(sheet01, n, 4, "нет данных"): null

04-12-2024T07:28:46 - [TEST_STEP][PASSED] - if (tabB == null): null

04-12-2024T07:28:46 - [TEST_STEP][PASSED] - else: null

04-12-2024T07:28:46 - [TEST_STEP][PASSED] - if (tabB == "нет данных"): null

04-12-2024T07:28:46 - [TEST_STEP][PASSED] - else: null

04-12-2024T07:28:46 - [TEST_STEP][PASSED] - TB = tabB.toInteger(): null

04-12-2024T07:28:46 - [TEST_STEP][PASSED] - setValueToCellByIndex(sheet01, n, 5, TB): null

04-12-2024T07:28:46 - [TEST_STEP][PASSED] - setValueToCellByIndex(sheet01, n, 6, m): null

04-12-2024T07:28:46 - [TEST_STEP][PASSED] - setValueToCellByIndex(sheet01, n, 7, y): null

04-12-2024T07:28:46 - [TEST_STEP][PASSED] - setValueToCellByIndex(sheet01, n, 8, todaysDate): null

04-12-2024T07:28:46 - [TEST_STEP][PASSED] - n = n + 1: null

04-12-2024T07:28:46 - [TEST_STEP][PASSED] - saveWorkbook(excelFilePath, workbook01): null

04-12-2024T07:28:47 - [TEST_STEP][PASSED] - typeOfData = "Факт Отпуск из сети": null

04-12-2024T07:28:47 - [TEST_STEP][PASSED] - tabR = GetOiSFactR(x = a): null

04-12-2024T07:28:47 - [TEST_STEP][PASSED] - i1 = <not implemented yet for class: org.codehaus.groovy.ast.expr.EmptyExpression>: null

04-12-2024T07:28:47 - [TEST_STEP][PASSED] - ii = <not implemented yet for class: org.codehaus.groovy.ast.expr.EmptyExpression>: null

04-12-2024T07:28:47 - [TEST_STEP][PASSED] - for ([ii = 1, ii < 5, (ii++)]): null

04-12-2024T07:28:47 - [TEST_STEP][PASSED] - i1 = x.indexOf("/") + 1: null

04-12-2024T07:28:47 - [TEST_STEP][PASSED] - if (i1 > -1): null

04-12-2024T07:28:47 - [TEST_STEP][PASSED] - x = x.substring(i1, x.length()): null

04-12-2024T07:28:47 - [TEST_STEP][PASSED] - println(x): null

04-12-2024T07:28:47 - [TEST_STEP][PASSED] - i1 = x.indexOf("/") + 1: null

04-12-2024T07:28:47 - [TEST_STEP][PASSED] - if (i1 > -1): null

04-12-2024T07:28:47 - [TEST_STEP][PASSED] - x = x.substring(i1, x.length()): null

04-12-2024T07:28:47 - [TEST_STEP][PASSED] - println(x): null

04-12-2024T07:28:47 - [TEST_STEP][PASSED] - i1 = x.indexOf("/") + 1: null

04-12-2024T07:28:47 - [TEST_STEP][PASSED] - if (i1 > -1): null

04-12-2024T07:28:47 - [TEST_STEP][PASSED] - x = x.substring(i1, x.length()): null

04-12-2024T07:28:47 - [TEST_STEP][PASSED] - println(x): null

04-12-2024T07:28:47 - [TEST_STEP][PASSED] - i1 = x.indexOf("/") + 1: null

04-12-2024T07:28:47 - [TEST_STEP][PASSED] - if (i1 > -1): null

04-12-2024T07:28:47 - [TEST_STEP][PASSED] - x = x.substring(i1, x.length()): null

04-12-2024T07:28:47 - [TEST_STEP][PASSED] - println(x): null

04-12-2024T07:28:47 - [TEST_STEP][PASSED] - i1 = x.indexOf("/"): null

04-12-2024T07:28:47 - [TEST_STEP][PASSED] - if (i1 > -1): null

04-12-2024T07:28:47 - [TEST_STEP][PASSED] - x = x.substring(0, i1): null

04-12-2024T07:28:47 - [TEST_STEP][PASSED] - println(x): null

04-12-2024T07:28:47 - [TEST_STEP][PASSED] - return x: null

04-12-2024T07:28:47 - [TEST_STEP][PASSED] - tabB = GetOiSFactB(x = b): null

04-12-2024T07:28:47 - [TEST_STEP][PASSED] - i1 = <not implemented yet for class: org.codehaus.groovy.ast.expr.EmptyExpression>: null

04-12-2024T07:28:47 - [TEST_STEP][PASSED] - ii = <not implemented yet for class: org.codehaus.groovy.ast.expr.EmptyExpression>: null

04-12-2024T07:28:47 - [TEST_STEP][PASSED] - for ([ii = 1, ii < 5, (ii++)]): null

04-12-2024T07:28:47 - [TEST_STEP][PASSED] - i1 = x.indexOf("/") + 1: null

04-12-2024T07:28:47 - [TEST_STEP][PASSED] - if (i1 > -1): null

04-12-2024T07:28:47 - [TEST_STEP][PASSED] - x = x.substring(i1, x.length()): null

04-12-2024T07:28:47 - [TEST_STEP][PASSED] - println(x): null

04-12-2024T07:28:47 - [TEST_STEP][PASSED] - i1 = x.indexOf("/") + 1: null

04-12-2024T07:28:47 - [TEST_STEP][PASSED] - if (i1 > -1): null

04-12-2024T07:28:47 - [TEST_STEP][PASSED] - x = x.substring(i1, x.length()): null

04-12-2024T07:28:47 - [TEST_STEP][PASSED] - println(x): null

04-12-2024T07:28:47 - [TEST_STEP][PASSED] - i1 = x.indexOf("/") + 1: null

04-12-2024T07:28:47 - [TEST_STEP][PASSED] - if (i1 > -1): null

04-12-2024T07:28:47 - [TEST_STEP][PASSED] - x = x.substring(i1, x.length()): null

04-12-2024T07:28:47 - [TEST_STEP][PASSED] - println(x): null

04-12-2024T07:28:47 - [TEST_STEP][PASSED] - i1 = x.indexOf("/") + 1: null

04-12-2024T07:28:47 - [TEST_STEP][PASSED] - if (i1 > -1): null

04-12-2024T07:28:47 - [TEST_STEP][PASSED] - x = x.substring(i1, x.length()): null

04-12-2024T07:28:47 - [TEST_STEP][PASSED] - println(x): null

04-12-2024T07:28:47 - [TEST_STEP][PASSED] - i1 = x.indexOf("/"): null

04-12-2024T07:28:47 - [TEST_STEP][PASSED] - if (i1 > -1): null

04-12-2024T07:28:47 - [TEST_STEP][PASSED] - x = x.substring(0, i1): null

04-12-2024T07:28:47 - [TEST_STEP][PASSED] - println(x): null

04-12-2024T07:28:47 - [TEST_STEP][FAILED] - return x: null

04-12-2024T07:28:47 - [TEST_STEP][FAILED] - if (verifyEqual(tabR, tabB) == false): null

04-12-2024T07:28:47 - [MESSAGE][FAILED] - Unable to verify equal between actual object 'нет данных' and expected object '497290886' (Root cause: com.kms.katalon.core.exception.StepFailedException: Actual object 'нет данных' and expected object '497290886' are not equal
	at com.kms.katalon.core.keyword.builtin.VerifyEqualKeyword$_verifyEqual_closure1.doCall(VerifyEqualKeyword.groovy:58)
	at com.kms.katalon.core.keyword.builtin.VerifyEqualKeyword$_verifyEqual_closure1.call(VerifyEqualKeyword.groovy)
	at com.kms.katalon.core.keyword.internal.KeywordMain.runKeyword(KeywordMain.groovy:75)
	at com.kms.katalon.core.keyword.builtin.VerifyEqualKeyword.verifyEqual(VerifyEqualKeyword.groovy:63)
	at com.kms.katalon.core.keyword.builtin.VerifyEqualKeyword.execute(VerifyEqualKeyword.groovy:44)
	at com.kms.katalon.core.keyword.internal.KeywordExecutor.executeKeywordForPlatform(KeywordExecutor.groovy:74)
	at com.kms.katalon.core.keyword.BuiltinKeywords.verifyEqual(BuiltinKeywords.groovy:146)
	at java.base/jdk.internal.reflect.NativeMethodAccessorImpl.invoke0(Native Method)
	at java.base/jdk.internal.reflect.NativeMethodAccessorImpl.invoke(NativeMethodAccessorImpl.java:77)
	at java.base/jdk.internal.reflect.DelegatingMethodAccessorImpl.invoke(DelegatingMethodAccessorImpl.java:43)
	at Выполнение бизнес-плана сверка дашбордов.CompareDZOData(Выполнение бизнес-плана сверка дашбордов:717)
	at Выполнение бизнес-плана сверка дашбордов.run(Выполнение бизнес-плана сверка дашбордов:583)
	at com.kms.katalon.core.main.ScriptEngine.run(ScriptEngine.java:194)
	at com.kms.katalon.core.main.ScriptEngine.runScriptAsRawText(ScriptEngine.java:119)
	at com.kms.katalon.core.main.TestCaseExecutor.runScript(TestCaseExecutor.java:448)
	at com.kms.katalon.core.main.TestCaseExecutor.doExecute(TestCaseExecutor.java:439)
	at com.kms.katalon.core.main.TestCaseExecutor.processExecutionPhase(TestCaseExecutor.java:418)
	at com.kms.katalon.core.main.TestCaseExecutor.accessMainPhase(TestCaseExecutor.java:410)
	at com.kms.katalon.core.main.TestCaseExecutor.execute(TestCaseExecutor.java:285)
	at com.kms.katalon.core.common.CommonExecutor.accessTestCaseMainPhase(CommonExecutor.java:65)
	at com.kms.katalon.core.main.TestSuiteExecutor.accessTestSuiteMainPhase(TestSuiteExecutor.java:150)
	at com.kms.katalon.core.main.TestSuiteExecutor.execute(TestSuiteExecutor.java:106)
	at com.kms.katalon.core.main.TestCaseMain.startTestSuite(TestCaseMain.java:180)
	at TempTestSuite1733285972582.run(TempTestSuite1733285972582.groovy:35)
	at java.base/jdk.internal.reflect.NativeMethodAccessorImpl.invoke0(Native Method)
	at java.base/jdk.internal.reflect.NativeMethodAccessorImpl.invoke(NativeMethodAccessorImpl.java:77)
	at java.base/jdk.internal.reflect.DelegatingMethodAccessorImpl.invoke(DelegatingMethodAccessorImpl.java:43)
)

04-12-2024T07:28:47 - [TEST_STEP][PASSED] - result = WriteToExcel(typeOfData, todaysDate, PercPlanR, PercPlanB, PercFactR, PercFactB, x, tabR, tabB, o1R, o1B, vidget): null

04-12-2024T07:28:47 - [TEST_STEP][PASSED] - iii = dZO.indexOf("/"): null

04-12-2024T07:28:47 - [TEST_STEP][PASSED] - println(iii): null

04-12-2024T07:28:47 - [TEST_STEP][PASSED] - dZO = dZO.substring(0, iii): null

04-12-2024T07:28:47 - [TEST_STEP][PASSED] - println(dZO): null

04-12-2024T07:28:47 - [TEST_STEP][PASSED] - println(PercPlanR): null

04-12-2024T07:28:47 - [TEST_STEP][PASSED] - println(PercPlanB): null

04-12-2024T07:28:47 - [TEST_STEP][PASSED] - println(PercFactR): null

04-12-2024T07:28:47 - [TEST_STEP][PASSED] - println(PercFactB): null

04-12-2024T07:28:47 - [TEST_STEP][PASSED] - println(tabR): null

04-12-2024T07:28:47 - [TEST_STEP][PASSED] - println(tabB): null

04-12-2024T07:28:47 - [TEST_STEP][PASSED] - println(o1R): null

04-12-2024T07:28:47 - [TEST_STEP][PASSED] - println(o1B): null

04-12-2024T07:28:47 - [TEST_STEP][PASSED] - PR = <not implemented yet for class: org.codehaus.groovy.ast.expr.EmptyExpression>: null

04-12-2024T07:28:47 - [TEST_STEP][PASSED] - FR = <not implemented yet for class: org.codehaus.groovy.ast.expr.EmptyExpression>: null

04-12-2024T07:28:47 - [TEST_STEP][PASSED] - PB = <not implemented yet for class: org.codehaus.groovy.ast.expr.EmptyExpression>: null

04-12-2024T07:28:47 - [TEST_STEP][PASSED] - FB = <not implemented yet for class: org.codehaus.groovy.ast.expr.EmptyExpression>: null

04-12-2024T07:28:47 - [TEST_STEP][PASSED] - TR = <not implemented yet for class: org.codehaus.groovy.ast.expr.EmptyExpression>: null

04-12-2024T07:28:47 - [TEST_STEP][PASSED] - TB = <not implemented yet for class: org.codehaus.groovy.ast.expr.EmptyExpression>: null

04-12-2024T07:28:47 - [TEST_STEP][PASSED] - sheetName = "Sheet1": null

04-12-2024T07:28:47 - [TEST_STEP][PASSED] - data = findTestData("PlanFact"): null

04-12-2024T07:28:47 - [TEST_STEP][PASSED] - n = data.getRowNumbers() + 1: null

04-12-2024T07:28:47 - [TEST_STEP][PASSED] - year = todaysDate.substring(todaysDate.length() - 4, todaysDate.length()): null

04-12-2024T07:28:47 - [TEST_STEP][PASSED] - y = year.toInteger(): null

04-12-2024T07:28:47 - [TEST_STEP][PASSED] - m = getText(findTestObject("Выполнение бизнес-плана/Выполнение бизнес-плана Балансы/Фильтр Дата")): Text of object 'Object Repository/Выполнение бизнес-плана/Выполнение бизнес-плана Балансы/Фильтр Дата' is: '1, 2, 3 кв., Октябрь 2024 года'

04-12-2024T07:28:47 - [MESSAGE][PASSED] - Text of object 'Object Repository/Выполнение бизнес-плана/Выполнение бизнес-плана Балансы/Фильтр Дата' is: '1, 2, 3 кв., Октябрь 2024 года'

04-12-2024T07:28:47 - [TEST_STEP][PASSED] - m = m.substring(0, m.indexOf("2024")): null

04-12-2024T07:28:47 - [TEST_STEP][PASSED] - m = m.trim(): null

04-12-2024T07:28:47 - [TEST_STEP][PASSED] - dashboardName = "Выполнение бизнес-плана": null

04-12-2024T07:28:47 - [TEST_STEP][PASSED] - workbook01 = getWorkbook(excelFilePath): null

04-12-2024T07:28:47 - [TEST_STEP][PASSED] - sheet01 = getExcelSheet(workbook01, sheetName): null

04-12-2024T07:28:47 - [TEST_STEP][PASSED] - setValueToCellByIndex(sheet01, n, 0, dashboardName): null

04-12-2024T07:28:47 - [TEST_STEP][PASSED] - setValueToCellByIndex(sheet01, n, 1, dZO): null

04-12-2024T07:28:47 - [TEST_STEP][PASSED] - setValueToCellByIndex(sheet01, n, 2, typeOfData): null

04-12-2024T07:28:47 - [TEST_STEP][PASSED] - setValueToCellByIndex(sheet01, n, 3, typeOfData): null

04-12-2024T07:28:47 - [TEST_STEP][PASSED] - if (typeOfData == "План"): null

04-12-2024T07:28:47 - [TEST_STEP][PASSED] - else if (typeOfData == "Факт"): null

04-12-2024T07:28:47 - [TEST_STEP][PASSED] - else if (vidget.contains("электроэнергии") == true): null

04-12-2024T07:28:47 - [TEST_STEP][PASSED] - if (tabR == null): null

04-12-2024T07:28:47 - [TEST_STEP][PASSED] - else: null

04-12-2024T07:28:47 - [TEST_STEP][PASSED] - if (tabR == "нет данных"): null

04-12-2024T07:28:47 - [TEST_STEP][PASSED] - setValueToCellByIndex(sheet01, n, 4, "нет данных"): null

04-12-2024T07:28:47 - [TEST_STEP][PASSED] - if (tabB == null): null

04-12-2024T07:28:47 - [TEST_STEP][PASSED] - else: null

04-12-2024T07:28:47 - [TEST_STEP][PASSED] - if (tabB == "нет данных"): null

04-12-2024T07:28:47 - [TEST_STEP][PASSED] - else: null

04-12-2024T07:28:47 - [TEST_STEP][PASSED] - TB = tabB.toInteger(): null

04-12-2024T07:28:47 - [TEST_STEP][PASSED] - setValueToCellByIndex(sheet01, n, 5, TB): null

04-12-2024T07:28:47 - [TEST_STEP][PASSED] - setValueToCellByIndex(sheet01, n, 6, m): null

04-12-2024T07:28:47 - [TEST_STEP][PASSED] - setValueToCellByIndex(sheet01, n, 7, y): null

04-12-2024T07:28:47 - [TEST_STEP][PASSED] - setValueToCellByIndex(sheet01, n, 8, todaysDate): null

04-12-2024T07:28:47 - [TEST_STEP][PASSED] - n = n + 1: null

04-12-2024T07:28:47 - [TEST_STEP][PASSED] - saveWorkbook(excelFilePath, workbook01): null

04-12-2024T07:28:47 - [TEST_STEP][PASSED] - typeOfData = "Факт Потери": null

04-12-2024T07:28:47 - [TEST_STEP][PASSED] - tabR = GetPFactR(x = a): null

04-12-2024T07:28:47 - [TEST_STEP][PASSED] - i1 = <not implemented yet for class: org.codehaus.groovy.ast.expr.EmptyExpression>: null

04-12-2024T07:28:47 - [TEST_STEP][PASSED] - ii = <not implemented yet for class: org.codehaus.groovy.ast.expr.EmptyExpression>: null

04-12-2024T07:28:47 - [TEST_STEP][PASSED] - for ([ii = 1, ii < 6, (ii++)]): null

04-12-2024T07:28:47 - [TEST_STEP][PASSED] - i1 = x.indexOf("/") + 1: null

04-12-2024T07:28:47 - [TEST_STEP][PASSED] - if (i1 > -1): null

04-12-2024T07:28:47 - [TEST_STEP][PASSED] - x = x.substring(i1, x.length()): null

04-12-2024T07:28:47 - [TEST_STEP][PASSED] - println(x): null

04-12-2024T07:28:47 - [TEST_STEP][PASSED] - i1 = x.indexOf("/") + 1: null

04-12-2024T07:28:47 - [TEST_STEP][PASSED] - if (i1 > -1): null

04-12-2024T07:28:47 - [TEST_STEP][PASSED] - x = x.substring(i1, x.length()): null

04-12-2024T07:28:47 - [TEST_STEP][PASSED] - println(x): null

04-12-2024T07:28:47 - [TEST_STEP][PASSED] - i1 = x.indexOf("/") + 1: null

04-12-2024T07:28:47 - [TEST_STEP][PASSED] - if (i1 > -1): null

04-12-2024T07:28:47 - [TEST_STEP][PASSED] - x = x.substring(i1, x.length()): null

04-12-2024T07:28:47 - [TEST_STEP][PASSED] - println(x): null

04-12-2024T07:28:47 - [TEST_STEP][PASSED] - i1 = x.indexOf("/") + 1: null

04-12-2024T07:28:47 - [TEST_STEP][PASSED] - if (i1 > -1): null

04-12-2024T07:28:47 - [TEST_STEP][PASSED] - x = x.substring(i1, x.length()): null

04-12-2024T07:28:47 - [TEST_STEP][PASSED] - println(x): null

04-12-2024T07:28:47 - [TEST_STEP][PASSED] - i1 = x.indexOf("/") + 1: null

04-12-2024T07:28:47 - [TEST_STEP][PASSED] - if (i1 > -1): null

04-12-2024T07:28:47 - [TEST_STEP][PASSED] - x = x.substring(i1, x.length()): null

04-12-2024T07:28:47 - [TEST_STEP][PASSED] - println(x): null

04-12-2024T07:28:47 - [TEST_STEP][PASSED] - i1 = x.indexOf("/"): null

04-12-2024T07:28:47 - [TEST_STEP][PASSED] - if (i1 > -1): null

04-12-2024T07:28:47 - [TEST_STEP][PASSED] - x = x.substring(0, i1): null

04-12-2024T07:28:47 - [TEST_STEP][PASSED] - println(x): null

04-12-2024T07:28:47 - [TEST_STEP][PASSED] - return x: null

04-12-2024T07:28:47 - [TEST_STEP][PASSED] - tabB = GetPFactB(x = b): null

04-12-2024T07:28:47 - [TEST_STEP][PASSED] - i1 = <not implemented yet for class: org.codehaus.groovy.ast.expr.EmptyExpression>: null

04-12-2024T07:28:47 - [TEST_STEP][PASSED] - ii = <not implemented yet for class: org.codehaus.groovy.ast.expr.EmptyExpression>: null

04-12-2024T07:28:47 - [TEST_STEP][PASSED] - for ([ii = 1, ii < 6, (ii++)]): null

04-12-2024T07:28:47 - [TEST_STEP][PASSED] - i1 = x.indexOf("/") + 1: null

04-12-2024T07:28:47 - [TEST_STEP][PASSED] - if (i1 > -1): null

04-12-2024T07:28:47 - [TEST_STEP][PASSED] - x = x.substring(i1, x.length()): null

04-12-2024T07:28:47 - [TEST_STEP][PASSED] - println(x): null

04-12-2024T07:28:47 - [TEST_STEP][PASSED] - i1 = x.indexOf("/") + 1: null

04-12-2024T07:28:47 - [TEST_STEP][PASSED] - if (i1 > -1): null

04-12-2024T07:28:47 - [TEST_STEP][PASSED] - x = x.substring(i1, x.length()): null

04-12-2024T07:28:47 - [TEST_STEP][PASSED] - println(x): null

04-12-2024T07:28:47 - [TEST_STEP][PASSED] - i1 = x.indexOf("/") + 1: null

04-12-2024T07:28:47 - [TEST_STEP][PASSED] - if (i1 > -1): null

04-12-2024T07:28:47 - [TEST_STEP][PASSED] - x = x.substring(i1, x.length()): null

04-12-2024T07:28:47 - [TEST_STEP][PASSED] - println(x): null

04-12-2024T07:28:47 - [TEST_STEP][PASSED] - i1 = x.indexOf("/") + 1: null

04-12-2024T07:28:47 - [TEST_STEP][PASSED] - if (i1 > -1): null

04-12-2024T07:28:47 - [TEST_STEP][PASSED] - x = x.substring(i1, x.length()): null

04-12-2024T07:28:47 - [TEST_STEP][PASSED] - println(x): null

04-12-2024T07:28:47 - [TEST_STEP][PASSED] - i1 = x.indexOf("/") + 1: null

04-12-2024T07:28:47 - [TEST_STEP][PASSED] - if (i1 > -1): null

04-12-2024T07:28:47 - [TEST_STEP][PASSED] - x = x.substring(i1, x.length()): null

04-12-2024T07:28:47 - [TEST_STEP][PASSED] - println(x): null

04-12-2024T07:28:47 - [TEST_STEP][PASSED] - i1 = x.indexOf("/"): null

04-12-2024T07:28:47 - [TEST_STEP][PASSED] - if (i1 > -1): null

04-12-2024T07:28:47 - [TEST_STEP][PASSED] - x = x.substring(0, i1): null

04-12-2024T07:28:47 - [TEST_STEP][PASSED] - println(x): null

04-12-2024T07:28:47 - [TEST_STEP][FAILED] - return x: null

04-12-2024T07:28:47 - [TEST_STEP][PASSED] - println(tabR + "/" + tabB): null

04-12-2024T07:28:47 - [TEST_STEP][FAILED] - if (verifyEqual(tabR, tabB) == false): null

04-12-2024T07:28:47 - [MESSAGE][FAILED] - Unable to verify equal between actual object 'нет данных' and expected object '18160993' (Root cause: com.kms.katalon.core.exception.StepFailedException: Actual object 'нет данных' and expected object '18160993' are not equal
	at com.kms.katalon.core.keyword.builtin.VerifyEqualKeyword$_verifyEqual_closure1.doCall(VerifyEqualKeyword.groovy:58)
	at com.kms.katalon.core.keyword.builtin.VerifyEqualKeyword$_verifyEqual_closure1.call(VerifyEqualKeyword.groovy)
	at com.kms.katalon.core.keyword.internal.KeywordMain.runKeyword(KeywordMain.groovy:75)
	at com.kms.katalon.core.keyword.builtin.VerifyEqualKeyword.verifyEqual(VerifyEqualKeyword.groovy:63)
	at com.kms.katalon.core.keyword.builtin.VerifyEqualKeyword.execute(VerifyEqualKeyword.groovy:44)
	at com.kms.katalon.core.keyword.internal.KeywordExecutor.executeKeywordForPlatform(KeywordExecutor.groovy:74)
	at com.kms.katalon.core.keyword.BuiltinKeywords.verifyEqual(BuiltinKeywords.groovy:146)
	at jdk.internal.reflect.GeneratedMethodAccessor25.invoke(Unknown Source)
	at java.base/jdk.internal.reflect.DelegatingMethodAccessorImpl.invoke(DelegatingMethodAccessorImpl.java:43)
	at Выполнение бизнес-плана сверка дашбордов.CompareDZOData(Выполнение бизнес-плана сверка дашбордов:730)
	at Выполнение бизнес-плана сверка дашбордов.run(Выполнение бизнес-плана сверка дашбордов:583)
	at com.kms.katalon.core.main.ScriptEngine.run(ScriptEngine.java:194)
	at com.kms.katalon.core.main.ScriptEngine.runScriptAsRawText(ScriptEngine.java:119)
	at com.kms.katalon.core.main.TestCaseExecutor.runScript(TestCaseExecutor.java:448)
	at com.kms.katalon.core.main.TestCaseExecutor.doExecute(TestCaseExecutor.java:439)
	at com.kms.katalon.core.main.TestCaseExecutor.processExecutionPhase(TestCaseExecutor.java:418)
	at com.kms.katalon.core.main.TestCaseExecutor.accessMainPhase(TestCaseExecutor.java:410)
	at com.kms.katalon.core.main.TestCaseExecutor.execute(TestCaseExecutor.java:285)
	at com.kms.katalon.core.common.CommonExecutor.accessTestCaseMainPhase(CommonExecutor.java:65)
	at com.kms.katalon.core.main.TestSuiteExecutor.accessTestSuiteMainPhase(TestSuiteExecutor.java:150)
	at com.kms.katalon.core.main.TestSuiteExecutor.execute(TestSuiteExecutor.java:106)
	at com.kms.katalon.core.main.TestCaseMain.startTestSuite(TestCaseMain.java:180)
	at TempTestSuite1733285972582.run(TempTestSuite1733285972582.groovy:35)
	at java.base/jdk.internal.reflect.NativeMethodAccessorImpl.invoke0(Native Method)
	at java.base/jdk.internal.reflect.NativeMethodAccessorImpl.invoke(NativeMethodAccessorImpl.java:77)
	at java.base/jdk.internal.reflect.DelegatingMethodAccessorImpl.invoke(DelegatingMethodAccessorImpl.java:43)
)

04-12-2024T07:28:47 - [TEST_STEP][PASSED] - result = WriteToExcel(typeOfData, todaysDate, PercPlanR, PercPlanB, PercFactR, PercFactB, x, tabR, tabB, o1R, o1B, vidget): null

04-12-2024T07:28:47 - [TEST_STEP][PASSED] - iii = dZO.indexOf("/"): null

04-12-2024T07:28:47 - [TEST_STEP][PASSED] - println(iii): null

04-12-2024T07:28:47 - [TEST_STEP][PASSED] - dZO = dZO.substring(0, iii): null

04-12-2024T07:28:47 - [TEST_STEP][PASSED] - println(dZO): null

04-12-2024T07:28:47 - [TEST_STEP][PASSED] - println(PercPlanR): null

04-12-2024T07:28:47 - [TEST_STEP][PASSED] - println(PercPlanB): null

04-12-2024T07:28:47 - [TEST_STEP][PASSED] - println(PercFactR): null

04-12-2024T07:28:47 - [TEST_STEP][PASSED] - println(PercFactB): null

04-12-2024T07:28:47 - [TEST_STEP][PASSED] - println(tabR): null

04-12-2024T07:28:47 - [TEST_STEP][PASSED] - println(tabB): null

04-12-2024T07:28:47 - [TEST_STEP][PASSED] - println(o1R): null

04-12-2024T07:28:47 - [TEST_STEP][PASSED] - println(o1B): null

04-12-2024T07:28:47 - [TEST_STEP][PASSED] - PR = <not implemented yet for class: org.codehaus.groovy.ast.expr.EmptyExpression>: null

04-12-2024T07:28:47 - [TEST_STEP][PASSED] - FR = <not implemented yet for class: org.codehaus.groovy.ast.expr.EmptyExpression>: null

04-12-2024T07:28:47 - [TEST_STEP][PASSED] - PB = <not implemented yet for class: org.codehaus.groovy.ast.expr.EmptyExpression>: null

04-12-2024T07:28:47 - [TEST_STEP][PASSED] - FB = <not implemented yet for class: org.codehaus.groovy.ast.expr.EmptyExpression>: null

04-12-2024T07:28:47 - [TEST_STEP][PASSED] - TR = <not implemented yet for class: org.codehaus.groovy.ast.expr.EmptyExpression>: null

04-12-2024T07:28:47 - [TEST_STEP][PASSED] - TB = <not implemented yet for class: org.codehaus.groovy.ast.expr.EmptyExpression>: null

04-12-2024T07:28:47 - [TEST_STEP][PASSED] - sheetName = "Sheet1": null

04-12-2024T07:28:47 - [TEST_STEP][PASSED] - data = findTestData("PlanFact"): null

04-12-2024T07:28:48 - [TEST_STEP][PASSED] - n = data.getRowNumbers() + 1: null

04-12-2024T07:28:48 - [TEST_STEP][PASSED] - year = todaysDate.substring(todaysDate.length() - 4, todaysDate.length()): null

04-12-2024T07:28:48 - [TEST_STEP][PASSED] - y = year.toInteger(): null

04-12-2024T07:28:48 - [TEST_STEP][PASSED] - m = getText(findTestObject("Выполнение бизнес-плана/Выполнение бизнес-плана Балансы/Фильтр Дата")): Text of object 'Object Repository/Выполнение бизнес-плана/Выполнение бизнес-плана Балансы/Фильтр Дата' is: '1, 2, 3 кв., Октябрь 2024 года'

04-12-2024T07:28:48 - [MESSAGE][PASSED] - Text of object 'Object Repository/Выполнение бизнес-плана/Выполнение бизнес-плана Балансы/Фильтр Дата' is: '1, 2, 3 кв., Октябрь 2024 года'

04-12-2024T07:28:48 - [TEST_STEP][PASSED] - m = m.substring(0, m.indexOf("2024")): null

04-12-2024T07:28:48 - [TEST_STEP][PASSED] - m = m.trim(): null

04-12-2024T07:28:48 - [TEST_STEP][PASSED] - dashboardName = "Выполнение бизнес-плана": null

04-12-2024T07:28:48 - [TEST_STEP][PASSED] - workbook01 = getWorkbook(excelFilePath): null

04-12-2024T07:28:48 - [TEST_STEP][PASSED] - sheet01 = getExcelSheet(workbook01, sheetName): null

04-12-2024T07:28:48 - [TEST_STEP][PASSED] - setValueToCellByIndex(sheet01, n, 0, dashboardName): null

04-12-2024T07:28:48 - [TEST_STEP][PASSED] - setValueToCellByIndex(sheet01, n, 1, dZO): null

04-12-2024T07:28:48 - [TEST_STEP][PASSED] - setValueToCellByIndex(sheet01, n, 2, typeOfData): null

04-12-2024T07:28:48 - [TEST_STEP][PASSED] - setValueToCellByIndex(sheet01, n, 3, typeOfData): null

04-12-2024T07:28:48 - [TEST_STEP][PASSED] - if (typeOfData == "План"): null

04-12-2024T07:28:48 - [TEST_STEP][PASSED] - else if (typeOfData == "Факт"): null

04-12-2024T07:28:48 - [TEST_STEP][PASSED] - else if (vidget.contains("электроэнергии") == true): null

04-12-2024T07:28:48 - [TEST_STEP][PASSED] - if (tabR == null): null

04-12-2024T07:28:48 - [TEST_STEP][PASSED] - else: null

04-12-2024T07:28:48 - [TEST_STEP][PASSED] - if (tabR == "нет данных"): null

04-12-2024T07:28:48 - [TEST_STEP][PASSED] - setValueToCellByIndex(sheet01, n, 4, "нет данных"): null

04-12-2024T07:28:48 - [TEST_STEP][PASSED] - if (tabB == null): null

04-12-2024T07:28:48 - [TEST_STEP][PASSED] - else: null

04-12-2024T07:28:48 - [TEST_STEP][PASSED] - if (tabB == "нет данных"): null

04-12-2024T07:28:48 - [TEST_STEP][PASSED] - else: null

04-12-2024T07:28:48 - [TEST_STEP][PASSED] - TB = tabB.toInteger(): null

04-12-2024T07:28:48 - [TEST_STEP][PASSED] - setValueToCellByIndex(sheet01, n, 5, TB): null

04-12-2024T07:28:48 - [TEST_STEP][PASSED] - setValueToCellByIndex(sheet01, n, 6, m): null

04-12-2024T07:28:48 - [TEST_STEP][PASSED] - setValueToCellByIndex(sheet01, n, 7, y): null

04-12-2024T07:28:48 - [TEST_STEP][PASSED] - setValueToCellByIndex(sheet01, n, 8, todaysDate): null

04-12-2024T07:28:48 - [TEST_STEP][PASSED] - n = n + 1: null

04-12-2024T07:28:48 - [TEST_STEP][PASSED] - saveWorkbook(excelFilePath, workbook01): null

04-12-2024T07:28:48 - [TEST_STEP][PASSED] - vidget = "Показатели баланса электроэнергии по ДЗО – План": null

04-12-2024T07:28:48 - [TEST_STEP][PASSED] - typeOfData = "План Отпуск в сеть": null

04-12-2024T07:28:48 - [TEST_STEP][PASSED] - tabR = GetOvSPlanR(x = a): null

04-12-2024T07:28:48 - [TEST_STEP][PASSED] - i1 = <not implemented yet for class: org.codehaus.groovy.ast.expr.EmptyExpression>: null

04-12-2024T07:28:48 - [TEST_STEP][PASSED] - ii = <not implemented yet for class: org.codehaus.groovy.ast.expr.EmptyExpression>: null

04-12-2024T07:28:48 - [TEST_STEP][PASSED] - for ([ii = 1, ii < 7, (ii++)]): null

04-12-2024T07:28:48 - [TEST_STEP][PASSED] - i1 = x.indexOf("/") + 1: null

04-12-2024T07:28:48 - [TEST_STEP][PASSED] - if (i1 > -1): null

04-12-2024T07:28:48 - [TEST_STEP][PASSED] - x = x.substring(i1, x.length()): null

04-12-2024T07:28:48 - [TEST_STEP][PASSED] - println(x): null

04-12-2024T07:28:48 - [TEST_STEP][PASSED] - i1 = x.indexOf("/") + 1: null

04-12-2024T07:28:48 - [TEST_STEP][PASSED] - if (i1 > -1): null

04-12-2024T07:28:48 - [TEST_STEP][PASSED] - x = x.substring(i1, x.length()): null

04-12-2024T07:28:48 - [TEST_STEP][PASSED] - println(x): null

04-12-2024T07:28:48 - [TEST_STEP][PASSED] - i1 = x.indexOf("/") + 1: null

04-12-2024T07:28:48 - [TEST_STEP][PASSED] - if (i1 > -1): null

04-12-2024T07:28:48 - [TEST_STEP][PASSED] - x = x.substring(i1, x.length()): null

04-12-2024T07:28:48 - [TEST_STEP][PASSED] - println(x): null

04-12-2024T07:28:48 - [TEST_STEP][PASSED] - i1 = x.indexOf("/") + 1: null

04-12-2024T07:28:48 - [TEST_STEP][PASSED] - if (i1 > -1): null

04-12-2024T07:28:48 - [TEST_STEP][PASSED] - x = x.substring(i1, x.length()): null

04-12-2024T07:28:48 - [TEST_STEP][PASSED] - println(x): null

04-12-2024T07:28:48 - [TEST_STEP][PASSED] - i1 = x.indexOf("/") + 1: null

04-12-2024T07:28:48 - [TEST_STEP][PASSED] - if (i1 > -1): null

04-12-2024T07:28:48 - [TEST_STEP][PASSED] - x = x.substring(i1, x.length()): null

04-12-2024T07:28:48 - [TEST_STEP][PASSED] - println(x): null

04-12-2024T07:28:48 - [TEST_STEP][PASSED] - i1 = x.indexOf("/") + 1: null

04-12-2024T07:28:48 - [TEST_STEP][PASSED] - if (i1 > -1): null

04-12-2024T07:28:48 - [TEST_STEP][PASSED] - x = x.substring(i1, x.length()): null

04-12-2024T07:28:48 - [TEST_STEP][PASSED] - println(x): null

04-12-2024T07:28:48 - [TEST_STEP][PASSED] - i1 = x.indexOf("/"): null

04-12-2024T07:28:48 - [TEST_STEP][PASSED] - if (i1 > -1): null

04-12-2024T07:28:48 - [TEST_STEP][PASSED] - x = x.substring(0, i1): null

04-12-2024T07:28:48 - [TEST_STEP][PASSED] - println(x): null

04-12-2024T07:28:48 - [TEST_STEP][PASSED] - return x: null

04-12-2024T07:28:48 - [TEST_STEP][PASSED] - tabB = GetOvSPlanB(x = b): null

04-12-2024T07:28:48 - [TEST_STEP][PASSED] - i1 = <not implemented yet for class: org.codehaus.groovy.ast.expr.EmptyExpression>: null

04-12-2024T07:28:48 - [TEST_STEP][PASSED] - ii = <not implemented yet for class: org.codehaus.groovy.ast.expr.EmptyExpression>: null

04-12-2024T07:28:48 - [TEST_STEP][PASSED] - for ([ii = 1, ii < 7, (ii++)]): null

04-12-2024T07:28:48 - [TEST_STEP][PASSED] - i1 = x.indexOf("/") + 1: null

04-12-2024T07:28:48 - [TEST_STEP][PASSED] - if (i1 > -1): null

04-12-2024T07:28:48 - [TEST_STEP][PASSED] - x = x.substring(i1, x.length()): null

04-12-2024T07:28:48 - [TEST_STEP][PASSED] - println(x): null

04-12-2024T07:28:48 - [TEST_STEP][PASSED] - i1 = x.indexOf("/") + 1: null

04-12-2024T07:28:48 - [TEST_STEP][PASSED] - if (i1 > -1): null

04-12-2024T07:28:48 - [TEST_STEP][PASSED] - x = x.substring(i1, x.length()): null

04-12-2024T07:28:48 - [TEST_STEP][PASSED] - println(x): null

04-12-2024T07:28:48 - [TEST_STEP][PASSED] - i1 = x.indexOf("/") + 1: null

04-12-2024T07:28:48 - [TEST_STEP][PASSED] - if (i1 > -1): null

04-12-2024T07:28:48 - [TEST_STEP][PASSED] - x = x.substring(i1, x.length()): null

04-12-2024T07:28:48 - [TEST_STEP][PASSED] - println(x): null

04-12-2024T07:28:48 - [TEST_STEP][PASSED] - i1 = x.indexOf("/") + 1: null

04-12-2024T07:28:48 - [TEST_STEP][PASSED] - if (i1 > -1): null

04-12-2024T07:28:48 - [TEST_STEP][PASSED] - x = x.substring(i1, x.length()): null

04-12-2024T07:28:48 - [TEST_STEP][PASSED] - println(x): null

04-12-2024T07:28:48 - [TEST_STEP][PASSED] - i1 = x.indexOf("/") + 1: null

04-12-2024T07:28:48 - [TEST_STEP][PASSED] - if (i1 > -1): null

04-12-2024T07:28:48 - [TEST_STEP][PASSED] - x = x.substring(i1, x.length()): null

04-12-2024T07:28:48 - [TEST_STEP][PASSED] - println(x): null

04-12-2024T07:28:48 - [TEST_STEP][PASSED] - i1 = x.indexOf("/") + 1: null

04-12-2024T07:28:48 - [TEST_STEP][PASSED] - if (i1 > -1): null

04-12-2024T07:28:48 - [TEST_STEP][PASSED] - x = x.substring(i1, x.length()): null

04-12-2024T07:28:48 - [TEST_STEP][PASSED] - println(x): null

04-12-2024T07:28:48 - [TEST_STEP][PASSED] - i1 = x.indexOf("/"): null

04-12-2024T07:28:48 - [TEST_STEP][PASSED] - if (i1 > -1): null

04-12-2024T07:28:48 - [TEST_STEP][PASSED] - x = x.substring(0, i1): null

04-12-2024T07:28:48 - [TEST_STEP][PASSED] - println(x): null

04-12-2024T07:28:48 - [TEST_STEP][FAILED] - return x: null

04-12-2024T07:28:48 - [TEST_STEP][PASSED] - println(tabR + "/" + tabB): null

04-12-2024T07:28:48 - [TEST_STEP][FAILED] - if (verifyEqual(PercFactR, PercFactB) == false): null

04-12-2024T07:28:48 - [MESSAGE][FAILED] - Unable to verify equal between actual object 'нет данных' and expected object '3.65' (Root cause: com.kms.katalon.core.exception.StepFailedException: Actual object 'нет данных' and expected object '3.65' are not equal
	at com.kms.katalon.core.keyword.builtin.VerifyEqualKeyword$_verifyEqual_closure1.doCall(VerifyEqualKeyword.groovy:58)
	at com.kms.katalon.core.keyword.builtin.VerifyEqualKeyword$_verifyEqual_closure1.call(VerifyEqualKeyword.groovy)
	at com.kms.katalon.core.keyword.internal.KeywordMain.runKeyword(KeywordMain.groovy:75)
	at com.kms.katalon.core.keyword.builtin.VerifyEqualKeyword.verifyEqual(VerifyEqualKeyword.groovy:63)
	at com.kms.katalon.core.keyword.builtin.VerifyEqualKeyword.execute(VerifyEqualKeyword.groovy:44)
	at com.kms.katalon.core.keyword.internal.KeywordExecutor.executeKeywordForPlatform(KeywordExecutor.groovy:74)
	at com.kms.katalon.core.keyword.BuiltinKeywords.verifyEqual(BuiltinKeywords.groovy:146)
	at jdk.internal.reflect.GeneratedMethodAccessor25.invoke(Unknown Source)
	at java.base/jdk.internal.reflect.DelegatingMethodAccessorImpl.invoke(DelegatingMethodAccessorImpl.java:43)
	at Выполнение бизнес-плана сверка дашбордов.CompareDZOData(Выполнение бизнес-плана сверка дашбордов:745)
	at Выполнение бизнес-плана сверка дашбордов.run(Выполнение бизнес-плана сверка дашбордов:583)
	at com.kms.katalon.core.main.ScriptEngine.run(ScriptEngine.java:194)
	at com.kms.katalon.core.main.ScriptEngine.runScriptAsRawText(ScriptEngine.java:119)
	at com.kms.katalon.core.main.TestCaseExecutor.runScript(TestCaseExecutor.java:448)
	at com.kms.katalon.core.main.TestCaseExecutor.doExecute(TestCaseExecutor.java:439)
	at com.kms.katalon.core.main.TestCaseExecutor.processExecutionPhase(TestCaseExecutor.java:418)
	at com.kms.katalon.core.main.TestCaseExecutor.accessMainPhase(TestCaseExecutor.java:410)
	at com.kms.katalon.core.main.TestCaseExecutor.execute(TestCaseExecutor.java:285)
	at com.kms.katalon.core.common.CommonExecutor.accessTestCaseMainPhase(CommonExecutor.java:65)
	at com.kms.katalon.core.main.TestSuiteExecutor.accessTestSuiteMainPhase(TestSuiteExecutor.java:150)
	at com.kms.katalon.core.main.TestSuiteExecutor.execute(TestSuiteExecutor.java:106)
	at com.kms.katalon.core.main.TestCaseMain.startTestSuite(TestCaseMain.java:180)
	at TempTestSuite1733285972582.run(TempTestSuite1733285972582.groovy:35)
	at java.base/jdk.internal.reflect.NativeMethodAccessorImpl.invoke0(Native Method)
	at java.base/jdk.internal.reflect.NativeMethodAccessorImpl.invoke(NativeMethodAccessorImpl.java:77)
	at java.base/jdk.internal.reflect.DelegatingMethodAccessorImpl.invoke(DelegatingMethodAccessorImpl.java:43)
)

04-12-2024T07:28:48 - [TEST_STEP][PASSED] - result = WriteToExcel(typeOfData, todaysDate, PercPlanR, PercPlanB, PercFactR, PercFactB, x, tabR, tabB, o1R, o1B, vidget): null

04-12-2024T07:28:48 - [TEST_STEP][PASSED] - iii = dZO.indexOf("/"): null

04-12-2024T07:28:48 - [TEST_STEP][PASSED] - println(iii): null

04-12-2024T07:28:48 - [TEST_STEP][PASSED] - dZO = dZO.substring(0, iii): null

04-12-2024T07:28:48 - [TEST_STEP][PASSED] - println(dZO): null

04-12-2024T07:28:48 - [TEST_STEP][PASSED] - println(PercPlanR): null

04-12-2024T07:28:48 - [TEST_STEP][PASSED] - println(PercPlanB): null

04-12-2024T07:28:48 - [TEST_STEP][PASSED] - println(PercFactR): null

04-12-2024T07:28:48 - [TEST_STEP][PASSED] - println(PercFactB): null

04-12-2024T07:28:48 - [TEST_STEP][PASSED] - println(tabR): null

04-12-2024T07:28:48 - [TEST_STEP][PASSED] - println(tabB): null

04-12-2024T07:28:48 - [TEST_STEP][PASSED] - println(o1R): null

04-12-2024T07:28:48 - [TEST_STEP][PASSED] - println(o1B): null

04-12-2024T07:28:48 - [TEST_STEP][PASSED] - PR = <not implemented yet for class: org.codehaus.groovy.ast.expr.EmptyExpression>: null

04-12-2024T07:28:48 - [TEST_STEP][PASSED] - FR = <not implemented yet for class: org.codehaus.groovy.ast.expr.EmptyExpression>: null

04-12-2024T07:28:48 - [TEST_STEP][PASSED] - PB = <not implemented yet for class: org.codehaus.groovy.ast.expr.EmptyExpression>: null

04-12-2024T07:28:48 - [TEST_STEP][PASSED] - FB = <not implemented yet for class: org.codehaus.groovy.ast.expr.EmptyExpression>: null

04-12-2024T07:28:48 - [TEST_STEP][PASSED] - TR = <not implemented yet for class: org.codehaus.groovy.ast.expr.EmptyExpression>: null

04-12-2024T07:28:48 - [TEST_STEP][PASSED] - TB = <not implemented yet for class: org.codehaus.groovy.ast.expr.EmptyExpression>: null

04-12-2024T07:28:48 - [TEST_STEP][PASSED] - sheetName = "Sheet1": null

04-12-2024T07:28:48 - [TEST_STEP][PASSED] - data = findTestData("PlanFact"): null

04-12-2024T07:28:48 - [TEST_STEP][PASSED] - n = data.getRowNumbers() + 1: null

04-12-2024T07:28:48 - [TEST_STEP][PASSED] - year = todaysDate.substring(todaysDate.length() - 4, todaysDate.length()): null

04-12-2024T07:28:48 - [TEST_STEP][PASSED] - y = year.toInteger(): null

04-12-2024T07:28:48 - [TEST_STEP][PASSED] - m = getText(findTestObject("Выполнение бизнес-плана/Выполнение бизнес-плана Балансы/Фильтр Дата")): Text of object 'Object Repository/Выполнение бизнес-плана/Выполнение бизнес-плана Балансы/Фильтр Дата' is: '1, 2, 3 кв., Октябрь 2024 года'

04-12-2024T07:28:48 - [MESSAGE][PASSED] - Text of object 'Object Repository/Выполнение бизнес-плана/Выполнение бизнес-плана Балансы/Фильтр Дата' is: '1, 2, 3 кв., Октябрь 2024 года'

04-12-2024T07:28:48 - [TEST_STEP][PASSED] - m = m.substring(0, m.indexOf("2024")): null

04-12-2024T07:28:48 - [TEST_STEP][PASSED] - m = m.trim(): null

04-12-2024T07:28:48 - [TEST_STEP][PASSED] - dashboardName = "Выполнение бизнес-плана": null

04-12-2024T07:28:48 - [TEST_STEP][PASSED] - workbook01 = getWorkbook(excelFilePath): null

04-12-2024T07:28:49 - [TEST_STEP][PASSED] - sheet01 = getExcelSheet(workbook01, sheetName): null

04-12-2024T07:28:49 - [TEST_STEP][PASSED] - setValueToCellByIndex(sheet01, n, 0, dashboardName): null

04-12-2024T07:28:49 - [TEST_STEP][PASSED] - setValueToCellByIndex(sheet01, n, 1, dZO): null

04-12-2024T07:28:49 - [TEST_STEP][PASSED] - setValueToCellByIndex(sheet01, n, 2, typeOfData): null

04-12-2024T07:28:49 - [TEST_STEP][PASSED] - setValueToCellByIndex(sheet01, n, 3, typeOfData): null

04-12-2024T07:28:49 - [TEST_STEP][PASSED] - if (typeOfData == "План"): null

04-12-2024T07:28:49 - [TEST_STEP][PASSED] - else if (typeOfData == "Факт"): null

04-12-2024T07:28:49 - [TEST_STEP][PASSED] - else if (vidget.contains("электроэнергии") == true): null

04-12-2024T07:28:49 - [TEST_STEP][PASSED] - if (tabR == null): null

04-12-2024T07:28:49 - [TEST_STEP][PASSED] - else: null

04-12-2024T07:28:49 - [TEST_STEP][PASSED] - if (tabR == "нет данных"): null

04-12-2024T07:28:49 - [TEST_STEP][PASSED] - setValueToCellByIndex(sheet01, n, 4, "нет данных"): null

04-12-2024T07:28:49 - [TEST_STEP][PASSED] - if (tabB == null): null

04-12-2024T07:28:49 - [TEST_STEP][PASSED] - else: null

04-12-2024T07:28:49 - [TEST_STEP][PASSED] - if (tabB == "нет данных"): null

04-12-2024T07:28:49 - [TEST_STEP][PASSED] - else: null

04-12-2024T07:28:49 - [TEST_STEP][PASSED] - TB = tabB.toInteger(): null

04-12-2024T07:28:49 - [TEST_STEP][PASSED] - setValueToCellByIndex(sheet01, n, 5, TB): null

04-12-2024T07:28:49 - [TEST_STEP][PASSED] - setValueToCellByIndex(sheet01, n, 6, m): null

04-12-2024T07:28:49 - [TEST_STEP][PASSED] - setValueToCellByIndex(sheet01, n, 7, y): null

04-12-2024T07:28:49 - [TEST_STEP][PASSED] - setValueToCellByIndex(sheet01, n, 8, todaysDate): null

04-12-2024T07:28:49 - [TEST_STEP][PASSED] - n = n + 1: null

04-12-2024T07:28:49 - [TEST_STEP][PASSED] - saveWorkbook(excelFilePath, workbook01): null

04-12-2024T07:28:49 - [TEST_STEP][PASSED] - typeOfData = "План Отпуск из сети": null

04-12-2024T07:28:49 - [TEST_STEP][PASSED] - tabR = GetOiSPlanR(x = a): null

04-12-2024T07:28:49 - [TEST_STEP][PASSED] - i1 = <not implemented yet for class: org.codehaus.groovy.ast.expr.EmptyExpression>: null

04-12-2024T07:28:49 - [TEST_STEP][PASSED] - ii = <not implemented yet for class: org.codehaus.groovy.ast.expr.EmptyExpression>: null

04-12-2024T07:28:49 - [TEST_STEP][PASSED] - for ([ii = 1, ii < 8, (ii++)]): null

04-12-2024T07:28:49 - [TEST_STEP][PASSED] - i1 = x.indexOf("/") + 1: null

04-12-2024T07:28:49 - [TEST_STEP][PASSED] - if (i1 > -1): null

04-12-2024T07:28:49 - [TEST_STEP][PASSED] - x = x.substring(i1, x.length()): null

04-12-2024T07:28:49 - [TEST_STEP][PASSED] - println(x): null

04-12-2024T07:28:49 - [TEST_STEP][PASSED] - i1 = x.indexOf("/") + 1: null

04-12-2024T07:28:49 - [TEST_STEP][PASSED] - if (i1 > -1): null

04-12-2024T07:28:49 - [TEST_STEP][PASSED] - x = x.substring(i1, x.length()): null

04-12-2024T07:28:49 - [TEST_STEP][PASSED] - println(x): null

04-12-2024T07:28:49 - [TEST_STEP][PASSED] - i1 = x.indexOf("/") + 1: null

04-12-2024T07:28:49 - [TEST_STEP][PASSED] - if (i1 > -1): null

04-12-2024T07:28:49 - [TEST_STEP][PASSED] - x = x.substring(i1, x.length()): null

04-12-2024T07:28:49 - [TEST_STEP][PASSED] - println(x): null

04-12-2024T07:28:49 - [TEST_STEP][PASSED] - i1 = x.indexOf("/") + 1: null

04-12-2024T07:28:49 - [TEST_STEP][PASSED] - if (i1 > -1): null

04-12-2024T07:28:49 - [TEST_STEP][PASSED] - x = x.substring(i1, x.length()): null

04-12-2024T07:28:49 - [TEST_STEP][PASSED] - println(x): null

04-12-2024T07:28:49 - [TEST_STEP][PASSED] - i1 = x.indexOf("/") + 1: null

04-12-2024T07:28:49 - [TEST_STEP][PASSED] - if (i1 > -1): null

04-12-2024T07:28:49 - [TEST_STEP][PASSED] - x = x.substring(i1, x.length()): null

04-12-2024T07:28:49 - [TEST_STEP][PASSED] - println(x): null

04-12-2024T07:28:49 - [TEST_STEP][PASSED] - i1 = x.indexOf("/") + 1: null

04-12-2024T07:28:49 - [TEST_STEP][PASSED] - if (i1 > -1): null

04-12-2024T07:28:49 - [TEST_STEP][PASSED] - x = x.substring(i1, x.length()): null

04-12-2024T07:28:49 - [TEST_STEP][PASSED] - println(x): null

04-12-2024T07:28:49 - [TEST_STEP][PASSED] - i1 = x.indexOf("/") + 1: null

04-12-2024T07:28:49 - [TEST_STEP][PASSED] - if (i1 > -1): null

04-12-2024T07:28:49 - [TEST_STEP][PASSED] - x = x.substring(i1, x.length()): null

04-12-2024T07:28:49 - [TEST_STEP][PASSED] - println(x): null

04-12-2024T07:28:49 - [TEST_STEP][PASSED] - i1 = x.indexOf("/"): null

04-12-2024T07:28:49 - [TEST_STEP][PASSED] - if (i1 > -1): null

04-12-2024T07:28:49 - [TEST_STEP][PASSED] - x = x.substring(0, i1): null

04-12-2024T07:28:49 - [TEST_STEP][PASSED] - println(x): null

04-12-2024T07:28:49 - [TEST_STEP][PASSED] - return x: null

04-12-2024T07:28:49 - [TEST_STEP][PASSED] - tabB = GetOiSPlanB(x = b): null

04-12-2024T07:28:49 - [TEST_STEP][PASSED] - i1 = <not implemented yet for class: org.codehaus.groovy.ast.expr.EmptyExpression>: null

04-12-2024T07:28:49 - [TEST_STEP][PASSED] - ii = <not implemented yet for class: org.codehaus.groovy.ast.expr.EmptyExpression>: null

04-12-2024T07:28:49 - [TEST_STEP][PASSED] - for ([ii = 1, ii < 8, (ii++)]): null

04-12-2024T07:28:49 - [TEST_STEP][PASSED] - i1 = x.indexOf("/") + 1: null

04-12-2024T07:28:49 - [TEST_STEP][PASSED] - if (i1 > -1): null

04-12-2024T07:28:49 - [TEST_STEP][PASSED] - x = x.substring(i1, x.length()): null

04-12-2024T07:28:49 - [TEST_STEP][PASSED] - println(x): null

04-12-2024T07:28:49 - [TEST_STEP][PASSED] - i1 = x.indexOf("/") + 1: null

04-12-2024T07:28:49 - [TEST_STEP][PASSED] - if (i1 > -1): null

04-12-2024T07:28:49 - [TEST_STEP][PASSED] - x = x.substring(i1, x.length()): null

04-12-2024T07:28:49 - [TEST_STEP][PASSED] - println(x): null

04-12-2024T07:28:49 - [TEST_STEP][PASSED] - i1 = x.indexOf("/") + 1: null

04-12-2024T07:28:49 - [TEST_STEP][PASSED] - if (i1 > -1): null

04-12-2024T07:28:49 - [TEST_STEP][PASSED] - x = x.substring(i1, x.length()): null

04-12-2024T07:28:49 - [TEST_STEP][PASSED] - println(x): null

04-12-2024T07:28:49 - [TEST_STEP][PASSED] - i1 = x.indexOf("/") + 1: null

04-12-2024T07:28:49 - [TEST_STEP][PASSED] - if (i1 > -1): null

04-12-2024T07:28:49 - [TEST_STEP][PASSED] - x = x.substring(i1, x.length()): null

04-12-2024T07:28:49 - [TEST_STEP][PASSED] - println(x): null

04-12-2024T07:28:49 - [TEST_STEP][PASSED] - i1 = x.indexOf("/") + 1: null

04-12-2024T07:28:49 - [TEST_STEP][PASSED] - if (i1 > -1): null

04-12-2024T07:28:49 - [TEST_STEP][PASSED] - x = x.substring(i1, x.length()): null

04-12-2024T07:28:49 - [TEST_STEP][PASSED] - println(x): null

04-12-2024T07:28:49 - [TEST_STEP][PASSED] - i1 = x.indexOf("/") + 1: null

04-12-2024T07:28:49 - [TEST_STEP][PASSED] - if (i1 > -1): null

04-12-2024T07:28:49 - [TEST_STEP][PASSED] - x = x.substring(i1, x.length()): null

04-12-2024T07:28:49 - [TEST_STEP][PASSED] - println(x): null

04-12-2024T07:28:49 - [TEST_STEP][PASSED] - i1 = x.indexOf("/") + 1: null

04-12-2024T07:28:49 - [TEST_STEP][PASSED] - if (i1 > -1): null

04-12-2024T07:28:49 - [TEST_STEP][PASSED] - x = x.substring(i1, x.length()): null

04-12-2024T07:28:49 - [TEST_STEP][PASSED] - println(x): null

04-12-2024T07:28:49 - [TEST_STEP][PASSED] - i1 = x.indexOf("/"): null

04-12-2024T07:28:49 - [TEST_STEP][PASSED] - if (i1 > -1): null

04-12-2024T07:28:49 - [TEST_STEP][PASSED] - x = x.substring(0, i1): null

04-12-2024T07:28:49 - [TEST_STEP][PASSED] - println(x): null

04-12-2024T07:28:49 - [TEST_STEP][FAILED] - return x: null

04-12-2024T07:28:49 - [TEST_STEP][PASSED] - println(tabR + "/" + tabB): null

04-12-2024T07:28:49 - [TEST_STEP][FAILED] - if (verifyEqual(PercFactR, PercFactB) == false): null

04-12-2024T07:28:49 - [MESSAGE][FAILED] - Unable to verify equal between actual object 'нет данных' and expected object '3.65' (Root cause: com.kms.katalon.core.exception.StepFailedException: Actual object 'нет данных' and expected object '3.65' are not equal
	at com.kms.katalon.core.keyword.builtin.VerifyEqualKeyword$_verifyEqual_closure1.doCall(VerifyEqualKeyword.groovy:58)
	at com.kms.katalon.core.keyword.builtin.VerifyEqualKeyword$_verifyEqual_closure1.call(VerifyEqualKeyword.groovy)
	at com.kms.katalon.core.keyword.internal.KeywordMain.runKeyword(KeywordMain.groovy:75)
	at com.kms.katalon.core.keyword.builtin.VerifyEqualKeyword.verifyEqual(VerifyEqualKeyword.groovy:63)
	at com.kms.katalon.core.keyword.builtin.VerifyEqualKeyword.execute(VerifyEqualKeyword.groovy:44)
	at com.kms.katalon.core.keyword.internal.KeywordExecutor.executeKeywordForPlatform(KeywordExecutor.groovy:74)
	at com.kms.katalon.core.keyword.BuiltinKeywords.verifyEqual(BuiltinKeywords.groovy:146)
	at jdk.internal.reflect.GeneratedMethodAccessor25.invoke(Unknown Source)
	at java.base/jdk.internal.reflect.DelegatingMethodAccessorImpl.invoke(DelegatingMethodAccessorImpl.java:43)
	at Выполнение бизнес-плана сверка дашбордов.CompareDZOData(Выполнение бизнес-плана сверка дашбордов:758)
	at Выполнение бизнес-плана сверка дашбордов.run(Выполнение бизнес-плана сверка дашбордов:583)
	at com.kms.katalon.core.main.ScriptEngine.run(ScriptEngine.java:194)
	at com.kms.katalon.core.main.ScriptEngine.runScriptAsRawText(ScriptEngine.java:119)
	at com.kms.katalon.core.main.TestCaseExecutor.runScript(TestCaseExecutor.java:448)
	at com.kms.katalon.core.main.TestCaseExecutor.doExecute(TestCaseExecutor.java:439)
	at com.kms.katalon.core.main.TestCaseExecutor.processExecutionPhase(TestCaseExecutor.java:418)
	at com.kms.katalon.core.main.TestCaseExecutor.accessMainPhase(TestCaseExecutor.java:410)
	at com.kms.katalon.core.main.TestCaseExecutor.execute(TestCaseExecutor.java:285)
	at com.kms.katalon.core.common.CommonExecutor.accessTestCaseMainPhase(CommonExecutor.java:65)
	at com.kms.katalon.core.main.TestSuiteExecutor.accessTestSuiteMainPhase(TestSuiteExecutor.java:150)
	at com.kms.katalon.core.main.TestSuiteExecutor.execute(TestSuiteExecutor.java:106)
	at com.kms.katalon.core.main.TestCaseMain.startTestSuite(TestCaseMain.java:180)
	at TempTestSuite1733285972582.run(TempTestSuite1733285972582.groovy:35)
	at java.base/jdk.internal.reflect.NativeMethodAccessorImpl.invoke0(Native Method)
	at java.base/jdk.internal.reflect.NativeMethodAccessorImpl.invoke(NativeMethodAccessorImpl.java:77)
	at java.base/jdk.internal.reflect.DelegatingMethodAccessorImpl.invoke(DelegatingMethodAccessorImpl.java:43)
)

04-12-2024T07:28:49 - [TEST_STEP][PASSED] - result = WriteToExcel(typeOfData, todaysDate, PercPlanR, PercPlanB, PercFactR, PercFactB, x, tabR, tabB, o1R, o1B, vidget): null

04-12-2024T07:28:49 - [TEST_STEP][PASSED] - iii = dZO.indexOf("/"): null

04-12-2024T07:28:49 - [TEST_STEP][PASSED] - println(iii): null

04-12-2024T07:28:49 - [TEST_STEP][PASSED] - dZO = dZO.substring(0, iii): null

04-12-2024T07:28:49 - [TEST_STEP][PASSED] - println(dZO): null

04-12-2024T07:28:49 - [TEST_STEP][PASSED] - println(PercPlanR): null

04-12-2024T07:28:49 - [TEST_STEP][PASSED] - println(PercPlanB): null

04-12-2024T07:28:49 - [TEST_STEP][PASSED] - println(PercFactR): null

04-12-2024T07:28:49 - [TEST_STEP][PASSED] - println(PercFactB): null

04-12-2024T07:28:49 - [TEST_STEP][PASSED] - println(tabR): null

04-12-2024T07:28:49 - [TEST_STEP][PASSED] - println(tabB): null

04-12-2024T07:28:49 - [TEST_STEP][PASSED] - println(o1R): null

04-12-2024T07:28:49 - [TEST_STEP][PASSED] - println(o1B): null

04-12-2024T07:28:49 - [TEST_STEP][PASSED] - PR = <not implemented yet for class: org.codehaus.groovy.ast.expr.EmptyExpression>: null

04-12-2024T07:28:49 - [TEST_STEP][PASSED] - FR = <not implemented yet for class: org.codehaus.groovy.ast.expr.EmptyExpression>: null

04-12-2024T07:28:49 - [TEST_STEP][PASSED] - PB = <not implemented yet for class: org.codehaus.groovy.ast.expr.EmptyExpression>: null

04-12-2024T07:28:49 - [TEST_STEP][PASSED] - FB = <not implemented yet for class: org.codehaus.groovy.ast.expr.EmptyExpression>: null

04-12-2024T07:28:49 - [TEST_STEP][PASSED] - TR = <not implemented yet for class: org.codehaus.groovy.ast.expr.EmptyExpression>: null

04-12-2024T07:28:49 - [TEST_STEP][PASSED] - TB = <not implemented yet for class: org.codehaus.groovy.ast.expr.EmptyExpression>: null

04-12-2024T07:28:49 - [TEST_STEP][PASSED] - sheetName = "Sheet1": null

04-12-2024T07:28:49 - [TEST_STEP][PASSED] - data = findTestData("PlanFact"): null

04-12-2024T07:28:49 - [TEST_STEP][PASSED] - n = data.getRowNumbers() + 1: null

04-12-2024T07:28:49 - [TEST_STEP][PASSED] - year = todaysDate.substring(todaysDate.length() - 4, todaysDate.length()): null

04-12-2024T07:28:49 - [TEST_STEP][PASSED] - y = year.toInteger(): null

04-12-2024T07:28:49 - [TEST_STEP][PASSED] - m = getText(findTestObject("Выполнение бизнес-плана/Выполнение бизнес-плана Балансы/Фильтр Дата")): Text of object 'Object Repository/Выполнение бизнес-плана/Выполнение бизнес-плана Балансы/Фильтр Дата' is: '1, 2, 3 кв., Октябрь 2024 года'

04-12-2024T07:28:49 - [MESSAGE][PASSED] - Text of object 'Object Repository/Выполнение бизнес-плана/Выполнение бизнес-плана Балансы/Фильтр Дата' is: '1, 2, 3 кв., Октябрь 2024 года'

04-12-2024T07:28:49 - [TEST_STEP][PASSED] - m = m.substring(0, m.indexOf("2024")): null

04-12-2024T07:28:49 - [TEST_STEP][PASSED] - m = m.trim(): null

04-12-2024T07:28:49 - [TEST_STEP][PASSED] - dashboardName = "Выполнение бизнес-плана": null

04-12-2024T07:28:49 - [TEST_STEP][PASSED] - workbook01 = getWorkbook(excelFilePath): null

04-12-2024T07:28:49 - [TEST_STEP][PASSED] - sheet01 = getExcelSheet(workbook01, sheetName): null

04-12-2024T07:28:49 - [TEST_STEP][PASSED] - setValueToCellByIndex(sheet01, n, 0, dashboardName): null

04-12-2024T07:28:49 - [TEST_STEP][PASSED] - setValueToCellByIndex(sheet01, n, 1, dZO): null

04-12-2024T07:28:49 - [TEST_STEP][PASSED] - setValueToCellByIndex(sheet01, n, 2, typeOfData): null

04-12-2024T07:28:49 - [TEST_STEP][PASSED] - setValueToCellByIndex(sheet01, n, 3, typeOfData): null

04-12-2024T07:28:49 - [TEST_STEP][PASSED] - if (typeOfData == "План"): null

04-12-2024T07:28:49 - [TEST_STEP][PASSED] - else if (typeOfData == "Факт"): null

04-12-2024T07:28:49 - [TEST_STEP][PASSED] - else if (vidget.contains("электроэнергии") == true): null

04-12-2024T07:28:49 - [TEST_STEP][PASSED] - if (tabR == null): null

04-12-2024T07:28:49 - [TEST_STEP][PASSED] - else: null

04-12-2024T07:28:49 - [TEST_STEP][PASSED] - if (tabR == "нет данных"): null

04-12-2024T07:28:49 - [TEST_STEP][PASSED] - setValueToCellByIndex(sheet01, n, 4, "нет данных"): null

04-12-2024T07:28:49 - [TEST_STEP][PASSED] - if (tabB == null): null

04-12-2024T07:28:49 - [TEST_STEP][PASSED] - else: null

04-12-2024T07:28:49 - [TEST_STEP][PASSED] - if (tabB == "нет данных"): null

04-12-2024T07:28:49 - [TEST_STEP][PASSED] - else: null

04-12-2024T07:28:49 - [TEST_STEP][PASSED] - TB = tabB.toInteger(): null

04-12-2024T07:28:49 - [TEST_STEP][PASSED] - setValueToCellByIndex(sheet01, n, 5, TB): null

04-12-2024T07:28:49 - [TEST_STEP][PASSED] - setValueToCellByIndex(sheet01, n, 6, m): null

04-12-2024T07:28:49 - [TEST_STEP][PASSED] - setValueToCellByIndex(sheet01, n, 7, y): null

04-12-2024T07:28:49 - [TEST_STEP][PASSED] - setValueToCellByIndex(sheet01, n, 8, todaysDate): null

04-12-2024T07:28:49 - [TEST_STEP][PASSED] - n = n + 1: null

04-12-2024T07:28:49 - [TEST_STEP][PASSED] - saveWorkbook(excelFilePath, workbook01): null

04-12-2024T07:28:49 - [TEST_STEP][PASSED] - typeOfData = "План Потери": null

04-12-2024T07:28:49 - [TEST_STEP][PASSED] - tabR = GetPPlanR(x = a): null

04-12-2024T07:28:49 - [TEST_STEP][PASSED] - i1 = <not implemented yet for class: org.codehaus.groovy.ast.expr.EmptyExpression>: null

04-12-2024T07:28:49 - [TEST_STEP][PASSED] - ii = <not implemented yet for class: org.codehaus.groovy.ast.expr.EmptyExpression>: null

04-12-2024T07:28:49 - [TEST_STEP][PASSED] - for ([ii = 1, ii < 9, (ii++)]): null

04-12-2024T07:28:49 - [TEST_STEP][PASSED] - i1 = x.indexOf("/") + 1: null

04-12-2024T07:28:49 - [TEST_STEP][PASSED] - if (i1 > -1): null

04-12-2024T07:28:49 - [TEST_STEP][PASSED] - x = x.substring(i1, x.length()): null

04-12-2024T07:28:49 - [TEST_STEP][PASSED] - println(x): null

04-12-2024T07:28:49 - [TEST_STEP][PASSED] - i1 = x.indexOf("/") + 1: null

04-12-2024T07:28:49 - [TEST_STEP][PASSED] - if (i1 > -1): null

04-12-2024T07:28:49 - [TEST_STEP][PASSED] - x = x.substring(i1, x.length()): null

04-12-2024T07:28:49 - [TEST_STEP][PASSED] - println(x): null

04-12-2024T07:28:49 - [TEST_STEP][PASSED] - i1 = x.indexOf("/") + 1: null

04-12-2024T07:28:49 - [TEST_STEP][PASSED] - if (i1 > -1): null

04-12-2024T07:28:49 - [TEST_STEP][PASSED] - x = x.substring(i1, x.length()): null

04-12-2024T07:28:49 - [TEST_STEP][PASSED] - println(x): null

04-12-2024T07:28:49 - [TEST_STEP][PASSED] - i1 = x.indexOf("/") + 1: null

04-12-2024T07:28:49 - [TEST_STEP][PASSED] - if (i1 > -1): null

04-12-2024T07:28:49 - [TEST_STEP][PASSED] - x = x.substring(i1, x.length()): null

04-12-2024T07:28:49 - [TEST_STEP][PASSED] - println(x): null

04-12-2024T07:28:49 - [TEST_STEP][PASSED] - i1 = x.indexOf("/") + 1: null

04-12-2024T07:28:49 - [TEST_STEP][PASSED] - if (i1 > -1): null

04-12-2024T07:28:49 - [TEST_STEP][PASSED] - x = x.substring(i1, x.length()): null

04-12-2024T07:28:49 - [TEST_STEP][PASSED] - println(x): null

04-12-2024T07:28:49 - [TEST_STEP][PASSED] - i1 = x.indexOf("/") + 1: null

04-12-2024T07:28:49 - [TEST_STEP][PASSED] - if (i1 > -1): null

04-12-2024T07:28:49 - [TEST_STEP][PASSED] - x = x.substring(i1, x.length()): null

04-12-2024T07:28:49 - [TEST_STEP][PASSED] - println(x): null

04-12-2024T07:28:49 - [TEST_STEP][PASSED] - i1 = x.indexOf("/") + 1: null

04-12-2024T07:28:49 - [TEST_STEP][PASSED] - if (i1 > -1): null

04-12-2024T07:28:49 - [TEST_STEP][PASSED] - x = x.substring(i1, x.length()): null

04-12-2024T07:28:49 - [TEST_STEP][PASSED] - println(x): null

04-12-2024T07:28:49 - [TEST_STEP][PASSED] - i1 = x.indexOf("/") + 1: null

04-12-2024T07:28:49 - [TEST_STEP][PASSED] - if (i1 > -1): null

04-12-2024T07:28:49 - [TEST_STEP][PASSED] - x = x.substring(i1, x.length()): null

04-12-2024T07:28:49 - [TEST_STEP][PASSED] - println(x): null

04-12-2024T07:28:49 - [TEST_STEP][PASSED] - i1 = x.indexOf("/"): null

04-12-2024T07:28:49 - [TEST_STEP][PASSED] - if (i1 > -1): null

04-12-2024T07:28:49 - [TEST_STEP][PASSED] - x = x.substring(0, i1): null

04-12-2024T07:28:49 - [TEST_STEP][PASSED] - println(x): null

04-12-2024T07:28:49 - [TEST_STEP][PASSED] - return x: null

04-12-2024T07:28:49 - [TEST_STEP][PASSED] - tabB = GetPPlanB(x = b): null

04-12-2024T07:28:49 - [TEST_STEP][PASSED] - i1 = <not implemented yet for class: org.codehaus.groovy.ast.expr.EmptyExpression>: null

04-12-2024T07:28:49 - [TEST_STEP][PASSED] - ii = <not implemented yet for class: org.codehaus.groovy.ast.expr.EmptyExpression>: null

04-12-2024T07:28:49 - [TEST_STEP][PASSED] - for ([ii = 1, ii < 9, (ii++)]): null

04-12-2024T07:28:49 - [TEST_STEP][PASSED] - i1 = x.indexOf("/") + 1: null

04-12-2024T07:28:49 - [TEST_STEP][PASSED] - if (i1 > -1): null

04-12-2024T07:28:49 - [TEST_STEP][PASSED] - x = x.substring(i1, x.length()): null

04-12-2024T07:28:49 - [TEST_STEP][PASSED] - println(x): null

04-12-2024T07:28:49 - [TEST_STEP][PASSED] - i1 = x.indexOf("/") + 1: null

04-12-2024T07:28:49 - [TEST_STEP][PASSED] - if (i1 > -1): null

04-12-2024T07:28:49 - [TEST_STEP][PASSED] - x = x.substring(i1, x.length()): null

04-12-2024T07:28:49 - [TEST_STEP][PASSED] - println(x): null

04-12-2024T07:28:49 - [TEST_STEP][PASSED] - i1 = x.indexOf("/") + 1: null

04-12-2024T07:28:49 - [TEST_STEP][PASSED] - if (i1 > -1): null

04-12-2024T07:28:49 - [TEST_STEP][PASSED] - x = x.substring(i1, x.length()): null

04-12-2024T07:28:49 - [TEST_STEP][PASSED] - println(x): null

04-12-2024T07:28:49 - [TEST_STEP][PASSED] - i1 = x.indexOf("/") + 1: null

04-12-2024T07:28:49 - [TEST_STEP][PASSED] - if (i1 > -1): null

04-12-2024T07:28:49 - [TEST_STEP][PASSED] - x = x.substring(i1, x.length()): null

04-12-2024T07:28:49 - [TEST_STEP][PASSED] - println(x): null

04-12-2024T07:28:49 - [TEST_STEP][PASSED] - i1 = x.indexOf("/") + 1: null

04-12-2024T07:28:49 - [TEST_STEP][PASSED] - if (i1 > -1): null

04-12-2024T07:28:49 - [TEST_STEP][PASSED] - x = x.substring(i1, x.length()): null

04-12-2024T07:28:49 - [TEST_STEP][PASSED] - println(x): null

04-12-2024T07:28:49 - [TEST_STEP][PASSED] - i1 = x.indexOf("/") + 1: null

04-12-2024T07:28:49 - [TEST_STEP][PASSED] - if (i1 > -1): null

04-12-2024T07:28:49 - [TEST_STEP][PASSED] - x = x.substring(i1, x.length()): null

04-12-2024T07:28:49 - [TEST_STEP][PASSED] - println(x): null

04-12-2024T07:28:49 - [TEST_STEP][PASSED] - i1 = x.indexOf("/") + 1: null

04-12-2024T07:28:49 - [TEST_STEP][PASSED] - if (i1 > -1): null

04-12-2024T07:28:49 - [TEST_STEP][PASSED] - x = x.substring(i1, x.length()): null

04-12-2024T07:28:49 - [TEST_STEP][PASSED] - println(x): null

04-12-2024T07:28:49 - [TEST_STEP][PASSED] - i1 = x.indexOf("/") + 1: null

04-12-2024T07:28:49 - [TEST_STEP][PASSED] - if (i1 > -1): null

04-12-2024T07:28:49 - [TEST_STEP][PASSED] - x = x.substring(i1, x.length()): null

04-12-2024T07:28:49 - [TEST_STEP][PASSED] - println(x): null

04-12-2024T07:28:49 - [TEST_STEP][PASSED] - i1 = x.indexOf("/"): null

04-12-2024T07:28:49 - [TEST_STEP][PASSED] - if (i1 > -1): null

04-12-2024T07:28:49 - [TEST_STEP][PASSED] - x = x.substring(0, i1): null

04-12-2024T07:28:49 - [TEST_STEP][PASSED] - println(x): null

04-12-2024T07:28:49 - [TEST_STEP][FAILED] - return x: null

04-12-2024T07:28:49 - [TEST_STEP][PASSED] - println(tabR + "/" + tabB): null

04-12-2024T07:28:49 - [TEST_STEP][FAILED] - if (verifyEqual(PercFactR, PercFactB) == false): null

04-12-2024T07:28:49 - [MESSAGE][FAILED] - Unable to verify equal between actual object 'нет данных' and expected object '3.65' (Root cause: com.kms.katalon.core.exception.StepFailedException: Actual object 'нет данных' and expected object '3.65' are not equal
	at com.kms.katalon.core.keyword.builtin.VerifyEqualKeyword$_verifyEqual_closure1.doCall(VerifyEqualKeyword.groovy:58)
	at com.kms.katalon.core.keyword.builtin.VerifyEqualKeyword$_verifyEqual_closure1.call(VerifyEqualKeyword.groovy)
	at com.kms.katalon.core.keyword.internal.KeywordMain.runKeyword(KeywordMain.groovy:75)
	at com.kms.katalon.core.keyword.builtin.VerifyEqualKeyword.verifyEqual(VerifyEqualKeyword.groovy:63)
	at com.kms.katalon.core.keyword.builtin.VerifyEqualKeyword.execute(VerifyEqualKeyword.groovy:44)
	at com.kms.katalon.core.keyword.internal.KeywordExecutor.executeKeywordForPlatform(KeywordExecutor.groovy:74)
	at com.kms.katalon.core.keyword.BuiltinKeywords.verifyEqual(BuiltinKeywords.groovy:146)
	at jdk.internal.reflect.GeneratedMethodAccessor25.invoke(Unknown Source)
	at java.base/jdk.internal.reflect.DelegatingMethodAccessorImpl.invoke(DelegatingMethodAccessorImpl.java:43)
	at Выполнение бизнес-плана сверка дашбордов.CompareDZOData(Выполнение бизнес-плана сверка дашбордов:771)
	at Выполнение бизнес-плана сверка дашбордов.run(Выполнение бизнес-плана сверка дашбордов:583)
	at com.kms.katalon.core.main.ScriptEngine.run(ScriptEngine.java:194)
	at com.kms.katalon.core.main.ScriptEngine.runScriptAsRawText(ScriptEngine.java:119)
	at com.kms.katalon.core.main.TestCaseExecutor.runScript(TestCaseExecutor.java:448)
	at com.kms.katalon.core.main.TestCaseExecutor.doExecute(TestCaseExecutor.java:439)
	at com.kms.katalon.core.main.TestCaseExecutor.processExecutionPhase(TestCaseExecutor.java:418)
	at com.kms.katalon.core.main.TestCaseExecutor.accessMainPhase(TestCaseExecutor.java:410)
	at com.kms.katalon.core.main.TestCaseExecutor.execute(TestCaseExecutor.java:285)
	at com.kms.katalon.core.common.CommonExecutor.accessTestCaseMainPhase(CommonExecutor.java:65)
	at com.kms.katalon.core.main.TestSuiteExecutor.accessTestSuiteMainPhase(TestSuiteExecutor.java:150)
	at com.kms.katalon.core.main.TestSuiteExecutor.execute(TestSuiteExecutor.java:106)
	at com.kms.katalon.core.main.TestCaseMain.startTestSuite(TestCaseMain.java:180)
	at TempTestSuite1733285972582.run(TempTestSuite1733285972582.groovy:35)
	at java.base/jdk.internal.reflect.NativeMethodAccessorImpl.invoke0(Native Method)
	at java.base/jdk.internal.reflect.NativeMethodAccessorImpl.invoke(NativeMethodAccessorImpl.java:77)
	at java.base/jdk.internal.reflect.DelegatingMethodAccessorImpl.invoke(DelegatingMethodAccessorImpl.java:43)
)

04-12-2024T07:28:49 - [TEST_STEP][PASSED] - result = WriteToExcel(typeOfData, todaysDate, PercPlanR, PercPlanB, PercFactR, PercFactB, x, tabR, tabB, o1R, o1B, vidget): null

04-12-2024T07:28:49 - [TEST_STEP][PASSED] - iii = dZO.indexOf("/"): null

04-12-2024T07:28:49 - [TEST_STEP][PASSED] - println(iii): null

04-12-2024T07:28:49 - [TEST_STEP][PASSED] - dZO = dZO.substring(0, iii): null

04-12-2024T07:28:49 - [TEST_STEP][PASSED] - println(dZO): null

04-12-2024T07:28:49 - [TEST_STEP][PASSED] - println(PercPlanR): null

04-12-2024T07:28:49 - [TEST_STEP][PASSED] - println(PercPlanB): null

04-12-2024T07:28:49 - [TEST_STEP][PASSED] - println(PercFactR): null

04-12-2024T07:28:49 - [TEST_STEP][PASSED] - println(PercFactB): null

04-12-2024T07:28:49 - [TEST_STEP][PASSED] - println(tabR): null

04-12-2024T07:28:49 - [TEST_STEP][PASSED] - println(tabB): null

04-12-2024T07:28:49 - [TEST_STEP][PASSED] - println(o1R): null

04-12-2024T07:28:49 - [TEST_STEP][PASSED] - println(o1B): null

04-12-2024T07:28:49 - [TEST_STEP][PASSED] - PR = <not implemented yet for class: org.codehaus.groovy.ast.expr.EmptyExpression>: null

04-12-2024T07:28:49 - [TEST_STEP][PASSED] - FR = <not implemented yet for class: org.codehaus.groovy.ast.expr.EmptyExpression>: null

04-12-2024T07:28:49 - [TEST_STEP][PASSED] - PB = <not implemented yet for class: org.codehaus.groovy.ast.expr.EmptyExpression>: null

04-12-2024T07:28:49 - [TEST_STEP][PASSED] - FB = <not implemented yet for class: org.codehaus.groovy.ast.expr.EmptyExpression>: null

04-12-2024T07:28:49 - [TEST_STEP][PASSED] - TR = <not implemented yet for class: org.codehaus.groovy.ast.expr.EmptyExpression>: null

04-12-2024T07:28:49 - [TEST_STEP][PASSED] - TB = <not implemented yet for class: org.codehaus.groovy.ast.expr.EmptyExpression>: null

04-12-2024T07:28:49 - [TEST_STEP][PASSED] - sheetName = "Sheet1": null

04-12-2024T07:28:49 - [TEST_STEP][PASSED] - data = findTestData("PlanFact"): null

04-12-2024T07:28:49 - [TEST_STEP][PASSED] - n = data.getRowNumbers() + 1: null

04-12-2024T07:28:49 - [TEST_STEP][PASSED] - year = todaysDate.substring(todaysDate.length() - 4, todaysDate.length()): null

04-12-2024T07:28:49 - [TEST_STEP][PASSED] - y = year.toInteger(): null

04-12-2024T07:28:49 - [TEST_STEP][PASSED] - m = getText(findTestObject("Выполнение бизнес-плана/Выполнение бизнес-плана Балансы/Фильтр Дата")): Text of object 'Object Repository/Выполнение бизнес-плана/Выполнение бизнес-плана Балансы/Фильтр Дата' is: '1, 2, 3 кв., Октябрь 2024 года'

04-12-2024T07:28:50 - [MESSAGE][PASSED] - Text of object 'Object Repository/Выполнение бизнес-плана/Выполнение бизнес-плана Балансы/Фильтр Дата' is: '1, 2, 3 кв., Октябрь 2024 года'

04-12-2024T07:28:50 - [TEST_STEP][PASSED] - m = m.substring(0, m.indexOf("2024")): null

04-12-2024T07:28:50 - [TEST_STEP][PASSED] - m = m.trim(): null

04-12-2024T07:28:50 - [TEST_STEP][PASSED] - dashboardName = "Выполнение бизнес-плана": null

04-12-2024T07:28:50 - [TEST_STEP][PASSED] - workbook01 = getWorkbook(excelFilePath): null

04-12-2024T07:28:50 - [TEST_STEP][PASSED] - sheet01 = getExcelSheet(workbook01, sheetName): null

04-12-2024T07:28:50 - [TEST_STEP][PASSED] - setValueToCellByIndex(sheet01, n, 0, dashboardName): null

04-12-2024T07:28:50 - [TEST_STEP][PASSED] - setValueToCellByIndex(sheet01, n, 1, dZO): null

04-12-2024T07:28:50 - [TEST_STEP][PASSED] - setValueToCellByIndex(sheet01, n, 2, typeOfData): null

04-12-2024T07:28:50 - [TEST_STEP][PASSED] - setValueToCellByIndex(sheet01, n, 3, typeOfData): null

04-12-2024T07:28:50 - [TEST_STEP][PASSED] - if (typeOfData == "План"): null

04-12-2024T07:28:50 - [TEST_STEP][PASSED] - else if (typeOfData == "Факт"): null

04-12-2024T07:28:50 - [TEST_STEP][PASSED] - else if (vidget.contains("электроэнергии") == true): null

04-12-2024T07:28:50 - [TEST_STEP][PASSED] - if (tabR == null): null

04-12-2024T07:28:50 - [TEST_STEP][PASSED] - else: null

04-12-2024T07:28:50 - [TEST_STEP][PASSED] - if (tabR == "нет данных"): null

04-12-2024T07:28:50 - [TEST_STEP][PASSED] - setValueToCellByIndex(sheet01, n, 4, "нет данных"): null

04-12-2024T07:28:50 - [TEST_STEP][PASSED] - if (tabB == null): null

04-12-2024T07:28:50 - [TEST_STEP][PASSED] - else: null

04-12-2024T07:28:50 - [TEST_STEP][PASSED] - if (tabB == "нет данных"): null

04-12-2024T07:28:50 - [TEST_STEP][PASSED] - else: null

04-12-2024T07:28:50 - [TEST_STEP][PASSED] - TB = tabB.toInteger(): null

04-12-2024T07:28:50 - [TEST_STEP][PASSED] - setValueToCellByIndex(sheet01, n, 5, TB): null

04-12-2024T07:28:50 - [TEST_STEP][PASSED] - setValueToCellByIndex(sheet01, n, 6, m): null

04-12-2024T07:28:50 - [TEST_STEP][PASSED] - setValueToCellByIndex(sheet01, n, 7, y): null

04-12-2024T07:28:50 - [TEST_STEP][PASSED] - setValueToCellByIndex(sheet01, n, 8, todaysDate): null

04-12-2024T07:28:50 - [TEST_STEP][PASSED] - n = n + 1: null

04-12-2024T07:28:50 - [TEST_STEP][PASSED] - saveWorkbook(excelFilePath, workbook01): null

04-12-2024T07:28:50 - [TEST_STEP][PASSED] - ii2 = a.indexOf("ПАО"): null

04-12-2024T07:28:50 - [TEST_STEP][PASSED] - if (ii2 == -1): null

04-12-2024T07:28:50 - [TEST_STEP][PASSED] - vidget = "Отклонения фактического уровня потерь от бизнес-плана": null

04-12-2024T07:28:50 - [TEST_STEP][PASSED] - typeOfData = "Коэффициент": null

04-12-2024T07:28:50 - [TEST_STEP][PASSED] - o1R = Geto1R(x = a): null

04-12-2024T07:28:50 - [TEST_STEP][PASSED] - i1 = <not implemented yet for class: org.codehaus.groovy.ast.expr.EmptyExpression>: null

04-12-2024T07:28:50 - [TEST_STEP][PASSED] - ii = <not implemented yet for class: org.codehaus.groovy.ast.expr.EmptyExpression>: null

04-12-2024T07:28:50 - [TEST_STEP][PASSED] - for ([ii = 1, ii < 10, (ii++)]): null

04-12-2024T07:28:50 - [TEST_STEP][PASSED] - i1 = x.indexOf("/") + 1: null

04-12-2024T07:28:50 - [TEST_STEP][PASSED] - if (i1 > -1): null

04-12-2024T07:28:50 - [TEST_STEP][PASSED] - x = x.substring(i1, x.length()): null

04-12-2024T07:28:50 - [TEST_STEP][PASSED] - i1 = x.indexOf("/") + 1: null

04-12-2024T07:28:50 - [TEST_STEP][PASSED] - if (i1 > -1): null

04-12-2024T07:28:50 - [TEST_STEP][PASSED] - x = x.substring(i1, x.length()): null

04-12-2024T07:28:50 - [TEST_STEP][PASSED] - i1 = x.indexOf("/") + 1: null

04-12-2024T07:28:50 - [TEST_STEP][PASSED] - if (i1 > -1): null

04-12-2024T07:28:50 - [TEST_STEP][PASSED] - x = x.substring(i1, x.length()): null

04-12-2024T07:28:50 - [TEST_STEP][PASSED] - i1 = x.indexOf("/") + 1: null

04-12-2024T07:28:50 - [TEST_STEP][PASSED] - if (i1 > -1): null

04-12-2024T07:28:50 - [TEST_STEP][PASSED] - x = x.substring(i1, x.length()): null

04-12-2024T07:28:50 - [TEST_STEP][PASSED] - i1 = x.indexOf("/") + 1: null

04-12-2024T07:28:50 - [TEST_STEP][PASSED] - if (i1 > -1): null

04-12-2024T07:28:50 - [TEST_STEP][PASSED] - x = x.substring(i1, x.length()): null

04-12-2024T07:28:50 - [TEST_STEP][PASSED] - i1 = x.indexOf("/") + 1: null

04-12-2024T07:28:50 - [TEST_STEP][PASSED] - if (i1 > -1): null

04-12-2024T07:28:50 - [TEST_STEP][PASSED] - x = x.substring(i1, x.length()): null

04-12-2024T07:28:50 - [TEST_STEP][PASSED] - i1 = x.indexOf("/") + 1: null

04-12-2024T07:28:50 - [TEST_STEP][PASSED] - if (i1 > -1): null

04-12-2024T07:28:50 - [TEST_STEP][PASSED] - x = x.substring(i1, x.length()): null

04-12-2024T07:28:50 - [TEST_STEP][PASSED] - i1 = x.indexOf("/") + 1: null

04-12-2024T07:28:50 - [TEST_STEP][PASSED] - if (i1 > -1): null

04-12-2024T07:28:50 - [TEST_STEP][PASSED] - x = x.substring(i1, x.length()): null

04-12-2024T07:28:50 - [TEST_STEP][PASSED] - i1 = x.indexOf("/") + 1: null

04-12-2024T07:28:50 - [TEST_STEP][PASSED] - if (i1 > -1): null

04-12-2024T07:28:50 - [TEST_STEP][PASSED] - x = x.substring(i1, x.length()): null

04-12-2024T07:28:50 - [TEST_STEP][PASSED] - i1 = x.indexOf("/"): null

04-12-2024T07:28:50 - [TEST_STEP][PASSED] - if (i1 > -1): null

04-12-2024T07:28:50 - [TEST_STEP][PASSED] - println(x): null

04-12-2024T07:28:50 - [TEST_STEP][PASSED] - return x: null

04-12-2024T07:28:50 - [TEST_STEP][PASSED] - o1B = Geto1B(x = b): null

04-12-2024T07:28:50 - [TEST_STEP][PASSED] - i1 = <not implemented yet for class: org.codehaus.groovy.ast.expr.EmptyExpression>: null

04-12-2024T07:28:50 - [TEST_STEP][PASSED] - ii = <not implemented yet for class: org.codehaus.groovy.ast.expr.EmptyExpression>: null

04-12-2024T07:28:50 - [TEST_STEP][PASSED] - for ([ii = 1, ii < 10, (ii++)]): null

04-12-2024T07:28:50 - [TEST_STEP][PASSED] - i1 = x.indexOf("/") + 1: null

04-12-2024T07:28:50 - [TEST_STEP][PASSED] - if (i1 > -1): null

04-12-2024T07:28:50 - [TEST_STEP][PASSED] - x = x.substring(i1, x.length()): null

04-12-2024T07:28:50 - [TEST_STEP][PASSED] - i1 = x.indexOf("/") + 1: null

04-12-2024T07:28:50 - [TEST_STEP][PASSED] - if (i1 > -1): null

04-12-2024T07:28:50 - [TEST_STEP][PASSED] - x = x.substring(i1, x.length()): null

04-12-2024T07:28:50 - [TEST_STEP][PASSED] - i1 = x.indexOf("/") + 1: null

04-12-2024T07:28:50 - [TEST_STEP][PASSED] - if (i1 > -1): null

04-12-2024T07:28:50 - [TEST_STEP][PASSED] - x = x.substring(i1, x.length()): null

04-12-2024T07:28:50 - [TEST_STEP][PASSED] - i1 = x.indexOf("/") + 1: null

04-12-2024T07:28:50 - [TEST_STEP][PASSED] - if (i1 > -1): null

04-12-2024T07:28:50 - [TEST_STEP][PASSED] - x = x.substring(i1, x.length()): null

04-12-2024T07:28:50 - [TEST_STEP][PASSED] - i1 = x.indexOf("/") + 1: null

04-12-2024T07:28:50 - [TEST_STEP][PASSED] - if (i1 > -1): null

04-12-2024T07:28:50 - [TEST_STEP][PASSED] - x = x.substring(i1, x.length()): null

04-12-2024T07:28:50 - [TEST_STEP][PASSED] - i1 = x.indexOf("/") + 1: null

04-12-2024T07:28:50 - [TEST_STEP][PASSED] - if (i1 > -1): null

04-12-2024T07:28:50 - [TEST_STEP][PASSED] - x = x.substring(i1, x.length()): null

04-12-2024T07:28:50 - [TEST_STEP][PASSED] - i1 = x.indexOf("/") + 1: null

04-12-2024T07:28:50 - [TEST_STEP][PASSED] - if (i1 > -1): null

04-12-2024T07:28:50 - [TEST_STEP][PASSED] - x = x.substring(i1, x.length()): null

04-12-2024T07:28:50 - [TEST_STEP][PASSED] - i1 = x.indexOf("/") + 1: null

04-12-2024T07:28:50 - [TEST_STEP][PASSED] - if (i1 > -1): null

04-12-2024T07:28:50 - [TEST_STEP][PASSED] - x = x.substring(i1, x.length()): null

04-12-2024T07:28:50 - [TEST_STEP][PASSED] - i1 = x.indexOf("/") + 1: null

04-12-2024T07:28:50 - [TEST_STEP][PASSED] - if (i1 > -1): null

04-12-2024T07:28:50 - [TEST_STEP][PASSED] - x = x.substring(i1, x.length()): null

04-12-2024T07:28:50 - [TEST_STEP][PASSED] - i1 = x.indexOf("/"): null

04-12-2024T07:28:50 - [TEST_STEP][PASSED] - if (i1 > -1): null

04-12-2024T07:28:50 - [TEST_STEP][PASSED] - println(x): null

04-12-2024T07:28:50 - [TEST_STEP][FAILED] - return x: null

04-12-2024T07:28:50 - [TEST_STEP][PASSED] - println(o1R + "/" + o1B): null

04-12-2024T07:28:50 - [TEST_STEP][FAILED] - if (verifyEqual(PercFactR, PercFactB) == false): null

04-12-2024T07:28:50 - [MESSAGE][FAILED] - Unable to verify equal between actual object 'нет данных' and expected object '3.65' (Root cause: com.kms.katalon.core.exception.StepFailedException: Actual object 'нет данных' and expected object '3.65' are not equal
	at com.kms.katalon.core.keyword.builtin.VerifyEqualKeyword$_verifyEqual_closure1.doCall(VerifyEqualKeyword.groovy:58)
	at com.kms.katalon.core.keyword.builtin.VerifyEqualKeyword$_verifyEqual_closure1.call(VerifyEqualKeyword.groovy)
	at com.kms.katalon.core.keyword.internal.KeywordMain.runKeyword(KeywordMain.groovy:75)
	at com.kms.katalon.core.keyword.builtin.VerifyEqualKeyword.verifyEqual(VerifyEqualKeyword.groovy:63)
	at com.kms.katalon.core.keyword.builtin.VerifyEqualKeyword.execute(VerifyEqualKeyword.groovy:44)
	at com.kms.katalon.core.keyword.internal.KeywordExecutor.executeKeywordForPlatform(KeywordExecutor.groovy:74)
	at com.kms.katalon.core.keyword.BuiltinKeywords.verifyEqual(BuiltinKeywords.groovy:146)
	at jdk.internal.reflect.GeneratedMethodAccessor25.invoke(Unknown Source)
	at java.base/jdk.internal.reflect.DelegatingMethodAccessorImpl.invoke(DelegatingMethodAccessorImpl.java:43)
	at Выполнение бизнес-плана сверка дашбордов.CompareDZOData(Выполнение бизнес-плана сверка дашбордов:789)
	at Выполнение бизнес-плана сверка дашбордов.run(Выполнение бизнес-плана сверка дашбордов:583)
	at com.kms.katalon.core.main.ScriptEngine.run(ScriptEngine.java:194)
	at com.kms.katalon.core.main.ScriptEngine.runScriptAsRawText(ScriptEngine.java:119)
	at com.kms.katalon.core.main.TestCaseExecutor.runScript(TestCaseExecutor.java:448)
	at com.kms.katalon.core.main.TestCaseExecutor.doExecute(TestCaseExecutor.java:439)
	at com.kms.katalon.core.main.TestCaseExecutor.processExecutionPhase(TestCaseExecutor.java:418)
	at com.kms.katalon.core.main.TestCaseExecutor.accessMainPhase(TestCaseExecutor.java:410)
	at com.kms.katalon.core.main.TestCaseExecutor.execute(TestCaseExecutor.java:285)
	at com.kms.katalon.core.common.CommonExecutor.accessTestCaseMainPhase(CommonExecutor.java:65)
	at com.kms.katalon.core.main.TestSuiteExecutor.accessTestSuiteMainPhase(TestSuiteExecutor.java:150)
	at com.kms.katalon.core.main.TestSuiteExecutor.execute(TestSuiteExecutor.java:106)
	at com.kms.katalon.core.main.TestCaseMain.startTestSuite(TestCaseMain.java:180)
	at TempTestSuite1733285972582.run(TempTestSuite1733285972582.groovy:35)
	at java.base/jdk.internal.reflect.NativeMethodAccessorImpl.invoke0(Native Method)
	at java.base/jdk.internal.reflect.NativeMethodAccessorImpl.invoke(NativeMethodAccessorImpl.java:77)
	at java.base/jdk.internal.reflect.DelegatingMethodAccessorImpl.invoke(DelegatingMethodAccessorImpl.java:43)
)

04-12-2024T07:28:50 - [TEST_STEP][PASSED] - result = WriteToExcel(typeOfData, todaysDate, PercPlanR, PercPlanB, PercFactR, PercFactB, x, tabR, tabB, o1R, o1B, vidget): null

04-12-2024T07:28:50 - [TEST_STEP][PASSED] - iii = dZO.indexOf("/"): null

04-12-2024T07:28:50 - [TEST_STEP][PASSED] - println(iii): null

04-12-2024T07:28:50 - [TEST_STEP][PASSED] - dZO = dZO.substring(0, iii): null

04-12-2024T07:28:50 - [TEST_STEP][PASSED] - println(dZO): null

04-12-2024T07:28:50 - [TEST_STEP][PASSED] - println(PercPlanR): null

04-12-2024T07:28:50 - [TEST_STEP][PASSED] - println(PercPlanB): null

04-12-2024T07:28:50 - [TEST_STEP][PASSED] - println(PercFactR): null

04-12-2024T07:28:50 - [TEST_STEP][PASSED] - println(PercFactB): null

04-12-2024T07:28:50 - [TEST_STEP][PASSED] - println(tabR): null

04-12-2024T07:28:50 - [TEST_STEP][PASSED] - println(tabB): null

04-12-2024T07:28:50 - [TEST_STEP][PASSED] - println(o1R): null

04-12-2024T07:28:50 - [TEST_STEP][PASSED] - println(o1B): null

04-12-2024T07:28:50 - [TEST_STEP][PASSED] - PR = <not implemented yet for class: org.codehaus.groovy.ast.expr.EmptyExpression>: null

04-12-2024T07:28:50 - [TEST_STEP][PASSED] - FR = <not implemented yet for class: org.codehaus.groovy.ast.expr.EmptyExpression>: null

04-12-2024T07:28:50 - [TEST_STEP][PASSED] - PB = <not implemented yet for class: org.codehaus.groovy.ast.expr.EmptyExpression>: null

04-12-2024T07:28:50 - [TEST_STEP][PASSED] - FB = <not implemented yet for class: org.codehaus.groovy.ast.expr.EmptyExpression>: null

04-12-2024T07:28:50 - [TEST_STEP][PASSED] - TR = <not implemented yet for class: org.codehaus.groovy.ast.expr.EmptyExpression>: null

04-12-2024T07:28:50 - [TEST_STEP][PASSED] - TB = <not implemented yet for class: org.codehaus.groovy.ast.expr.EmptyExpression>: null

04-12-2024T07:28:50 - [TEST_STEP][PASSED] - sheetName = "Sheet1": null

04-12-2024T07:28:50 - [TEST_STEP][PASSED] - data = findTestData("PlanFact"): null

04-12-2024T07:28:50 - [TEST_STEP][PASSED] - n = data.getRowNumbers() + 1: null

04-12-2024T07:28:50 - [TEST_STEP][PASSED] - year = todaysDate.substring(todaysDate.length() - 4, todaysDate.length()): null

04-12-2024T07:28:50 - [TEST_STEP][PASSED] - y = year.toInteger(): null

04-12-2024T07:28:50 - [TEST_STEP][PASSED] - m = getText(findTestObject("Выполнение бизнес-плана/Выполнение бизнес-плана Балансы/Фильтр Дата")): Text of object 'Object Repository/Выполнение бизнес-плана/Выполнение бизнес-плана Балансы/Фильтр Дата' is: '1, 2, 3 кв., Октябрь 2024 года'

04-12-2024T07:28:50 - [MESSAGE][PASSED] - Text of object 'Object Repository/Выполнение бизнес-плана/Выполнение бизнес-плана Балансы/Фильтр Дата' is: '1, 2, 3 кв., Октябрь 2024 года'

04-12-2024T07:28:50 - [TEST_STEP][PASSED] - m = m.substring(0, m.indexOf("2024")): null

04-12-2024T07:28:50 - [TEST_STEP][PASSED] - m = m.trim(): null

04-12-2024T07:28:50 - [TEST_STEP][PASSED] - dashboardName = "Выполнение бизнес-плана": null

04-12-2024T07:28:50 - [TEST_STEP][PASSED] - workbook01 = getWorkbook(excelFilePath): null

04-12-2024T07:28:51 - [TEST_STEP][PASSED] - sheet01 = getExcelSheet(workbook01, sheetName): null

04-12-2024T07:28:51 - [TEST_STEP][PASSED] - setValueToCellByIndex(sheet01, n, 0, dashboardName): null

04-12-2024T07:28:51 - [TEST_STEP][PASSED] - setValueToCellByIndex(sheet01, n, 1, dZO): null

04-12-2024T07:28:51 - [TEST_STEP][PASSED] - setValueToCellByIndex(sheet01, n, 2, typeOfData): null

04-12-2024T07:28:51 - [TEST_STEP][PASSED] - setValueToCellByIndex(sheet01, n, 3, typeOfData): null

04-12-2024T07:28:51 - [TEST_STEP][PASSED] - if (typeOfData == "План"): null

04-12-2024T07:28:51 - [TEST_STEP][PASSED] - else if (typeOfData == "Факт"): null

04-12-2024T07:28:51 - [TEST_STEP][PASSED] - else if (vidget.contains("электроэнергии") == true): null

04-12-2024T07:28:51 - [TEST_STEP][PASSED] - else: null

04-12-2024T07:28:51 - [TEST_STEP][PASSED] - if (o1R == null): null

04-12-2024T07:28:51 - [TEST_STEP][PASSED] - else: null

04-12-2024T07:28:51 - [TEST_STEP][PASSED] - if (o1R == "нет данных"): null

04-12-2024T07:28:51 - [TEST_STEP][PASSED] - setValueToCellByIndex(sheet01, n, 4, "нет данных"): null

04-12-2024T07:28:51 - [TEST_STEP][PASSED] - if (o1B == null): null

04-12-2024T07:28:51 - [TEST_STEP][PASSED] - else: null

04-12-2024T07:28:51 - [TEST_STEP][PASSED] - if (o1B == "нет данных"): null

04-12-2024T07:28:51 - [TEST_STEP][PASSED] - else: null

04-12-2024T07:28:51 - [TEST_STEP][PASSED] - FB = o1B.toDouble(): null

04-12-2024T07:28:51 - [TEST_STEP][PASSED] - setValueToCellByIndex(sheet01, n, 5, FB): null

04-12-2024T07:28:51 - [TEST_STEP][PASSED] - setValueToCellByIndex(sheet01, n, 6, m): null

04-12-2024T07:28:51 - [TEST_STEP][PASSED] - setValueToCellByIndex(sheet01, n, 7, y): null

04-12-2024T07:28:51 - [TEST_STEP][PASSED] - setValueToCellByIndex(sheet01, n, 8, todaysDate): null

04-12-2024T07:28:51 - [TEST_STEP][PASSED] - n = n + 1: null

04-12-2024T07:28:51 - [TEST_STEP][FAILED] - saveWorkbook(excelFilePath, workbook01): null

04-12-2024T07:28:51 - [TEST_STEP][PASSED] - if (verifyEqual(tyR, tyB) == false): Actual object 'АО "Тываэнерго"/21.24/21.17/642168/506218/135950/608287/479095/129192/-0.07' and expected object 'АО "Тываэнерго"/21.24/21.17/642168/506218/135950/608287/479095/129192/-0.07' are equal

04-12-2024T07:28:51 - [MESSAGE][PASSED] - Actual object 'АО "Тываэнерго"/21.24/21.17/642168/506218/135950/608287/479095/129192/-0.07' and expected object 'АО "Тываэнерго"/21.24/21.17/642168/506218/135950/608287/479095/129192/-0.07' are equal

04-12-2024T07:28:51 - [TEST_STEP][PASSED] - if (verifyEqual(chR, chB) == false): Actual object 'АО "Чеченэнерго"/32.87/36.59/3034612/1924288/1110325/2822152/1894447/927705/3.72' and expected object 'АО "Чеченэнерго"/32.87/36.59/3034612/1924288/1110325/2822152/1894447/927705/3.72' are equal

04-12-2024T07:28:51 - [MESSAGE][PASSED] - Actual object 'АО "Чеченэнерго"/32.87/36.59/3034612/1924288/1110325/2822152/1894447/927705/3.72' and expected object 'АО "Чеченэнерго"/32.87/36.59/3034612/1924288/1110325/2822152/1894447/927705/3.72' are equal

04-12-2024T07:28:51 - [TEST_STEP][FAILED] - if (verifyEqual(vR, vB) == false): null

04-12-2024T07:28:51 - [MESSAGE][FAILED] - Unable to verify equal between actual object 'Россети Волга/нет данных/нет данных/нет данных/нет данных/нет данных/нет данных/нет данных/нет данных/нет данных' and expected object 'Россети Волга/5.43/5.05/44218047/41984455/2233593/43718080/41326865/2391215/-0.38' (Root cause: com.kms.katalon.core.exception.StepFailedException: Actual object 'Россети Волга/нет данных/нет данных/нет данных/нет данных/нет данных/нет данных/нет данных/нет данных/нет данных' and expected object 'Россети Волга/5.43/5.05/44218047/41984455/2233593/43718080/41326865/2391215/-0.38' are not equal
	at com.kms.katalon.core.keyword.builtin.VerifyEqualKeyword$_verifyEqual_closure1.doCall(VerifyEqualKeyword.groovy:58)
	at com.kms.katalon.core.keyword.builtin.VerifyEqualKeyword$_verifyEqual_closure1.call(VerifyEqualKeyword.groovy)
	at com.kms.katalon.core.keyword.internal.KeywordMain.runKeyword(KeywordMain.groovy:75)
	at com.kms.katalon.core.keyword.builtin.VerifyEqualKeyword.verifyEqual(VerifyEqualKeyword.groovy:63)
	at com.kms.katalon.core.keyword.builtin.VerifyEqualKeyword.execute(VerifyEqualKeyword.groovy:44)
	at com.kms.katalon.core.keyword.internal.KeywordExecutor.executeKeywordForPlatform(KeywordExecutor.groovy:74)
	at com.kms.katalon.core.keyword.BuiltinKeywords.verifyEqual(BuiltinKeywords.groovy:146)
	at jdk.internal.reflect.GeneratedMethodAccessor25.invoke(Unknown Source)
	at java.base/jdk.internal.reflect.DelegatingMethodAccessorImpl.invoke(DelegatingMethodAccessorImpl.java:43)
	at Выполнение бизнес-плана сверка дашбордов.run(Выполнение бизнес-плана сверка дашбордов:597)
	at com.kms.katalon.core.main.ScriptEngine.run(ScriptEngine.java:194)
	at com.kms.katalon.core.main.ScriptEngine.runScriptAsRawText(ScriptEngine.java:119)
	at com.kms.katalon.core.main.TestCaseExecutor.runScript(TestCaseExecutor.java:448)
	at com.kms.katalon.core.main.TestCaseExecutor.doExecute(TestCaseExecutor.java:439)
	at com.kms.katalon.core.main.TestCaseExecutor.processExecutionPhase(TestCaseExecutor.java:418)
	at com.kms.katalon.core.main.TestCaseExecutor.accessMainPhase(TestCaseExecutor.java:410)
	at com.kms.katalon.core.main.TestCaseExecutor.execute(TestCaseExecutor.java:285)
	at com.kms.katalon.core.common.CommonExecutor.accessTestCaseMainPhase(CommonExecutor.java:65)
	at com.kms.katalon.core.main.TestSuiteExecutor.accessTestSuiteMainPhase(TestSuiteExecutor.java:150)
	at com.kms.katalon.core.main.TestSuiteExecutor.execute(TestSuiteExecutor.java:106)
	at com.kms.katalon.core.main.TestCaseMain.startTestSuite(TestCaseMain.java:180)
	at TempTestSuite1733285972582.run(TempTestSuite1733285972582.groovy:35)
	at java.base/jdk.internal.reflect.NativeMethodAccessorImpl.invoke0(Native Method)
	at java.base/jdk.internal.reflect.NativeMethodAccessorImpl.invoke(NativeMethodAccessorImpl.java:77)
	at java.base/jdk.internal.reflect.DelegatingMethodAccessorImpl.invoke(DelegatingMethodAccessorImpl.java:43)
)

04-12-2024T07:28:51 - [TEST_STEP][PASSED] - result = CompareDZOData(a = vR, b = vB, dZO, typeOfData, PercPlanR, PercPlanB, PercFactR, PercFactB, todaysDate, x, vidget, tabR, tabB, o1R, o1B): null

04-12-2024T07:28:51 - [TEST_STEP][PASSED] - ii2 = <not implemented yet for class: org.codehaus.groovy.ast.expr.EmptyExpression>: null

04-12-2024T07:28:51 - [TEST_STEP][FAILED] - if (verifyEqual(a, b) == false): null

04-12-2024T07:28:51 - [MESSAGE][FAILED] - Unable to verify equal between actual object 'Россети Волга/нет данных/нет данных/нет данных/нет данных/нет данных/нет данных/нет данных/нет данных/нет данных' and expected object 'Россети Волга/5.43/5.05/44218047/41984455/2233593/43718080/41326865/2391215/-0.38' (Root cause: com.kms.katalon.core.exception.StepFailedException: Actual object 'Россети Волга/нет данных/нет данных/нет данных/нет данных/нет данных/нет данных/нет данных/нет данных/нет данных' and expected object 'Россети Волга/5.43/5.05/44218047/41984455/2233593/43718080/41326865/2391215/-0.38' are not equal
	at com.kms.katalon.core.keyword.builtin.VerifyEqualKeyword$_verifyEqual_closure1.doCall(VerifyEqualKeyword.groovy:58)
	at com.kms.katalon.core.keyword.builtin.VerifyEqualKeyword$_verifyEqual_closure1.call(VerifyEqualKeyword.groovy)
	at com.kms.katalon.core.keyword.internal.KeywordMain.runKeyword(KeywordMain.groovy:75)
	at com.kms.katalon.core.keyword.builtin.VerifyEqualKeyword.verifyEqual(VerifyEqualKeyword.groovy:63)
	at com.kms.katalon.core.keyword.builtin.VerifyEqualKeyword.execute(VerifyEqualKeyword.groovy:44)
	at com.kms.katalon.core.keyword.internal.KeywordExecutor.executeKeywordForPlatform(KeywordExecutor.groovy:74)
	at com.kms.katalon.core.keyword.BuiltinKeywords.verifyEqual(BuiltinKeywords.groovy:146)
	at jdk.internal.reflect.GeneratedMethodAccessor25.invoke(Unknown Source)
	at java.base/jdk.internal.reflect.DelegatingMethodAccessorImpl.invoke(DelegatingMethodAccessorImpl.java:43)
	at Выполнение бизнес-плана сверка дашбордов.CompareDZOData(Выполнение бизнес-плана сверка дашбордов:673)
	at Выполнение бизнес-плана сверка дашбордов.run(Выполнение бизнес-плана сверка дашбордов:598)
	at com.kms.katalon.core.main.ScriptEngine.run(ScriptEngine.java:194)
	at com.kms.katalon.core.main.ScriptEngine.runScriptAsRawText(ScriptEngine.java:119)
	at com.kms.katalon.core.main.TestCaseExecutor.runScript(TestCaseExecutor.java:448)
	at com.kms.katalon.core.main.TestCaseExecutor.doExecute(TestCaseExecutor.java:439)
	at com.kms.katalon.core.main.TestCaseExecutor.processExecutionPhase(TestCaseExecutor.java:418)
	at com.kms.katalon.core.main.TestCaseExecutor.accessMainPhase(TestCaseExecutor.java:410)
	at com.kms.katalon.core.main.TestCaseExecutor.execute(TestCaseExecutor.java:285)
	at com.kms.katalon.core.common.CommonExecutor.accessTestCaseMainPhase(CommonExecutor.java:65)
	at com.kms.katalon.core.main.TestSuiteExecutor.accessTestSuiteMainPhase(TestSuiteExecutor.java:150)
	at com.kms.katalon.core.main.TestSuiteExecutor.execute(TestSuiteExecutor.java:106)
	at com.kms.katalon.core.main.TestCaseMain.startTestSuite(TestCaseMain.java:180)
	at TempTestSuite1733285972582.run(TempTestSuite1733285972582.groovy:35)
	at java.base/jdk.internal.reflect.NativeMethodAccessorImpl.invoke0(Native Method)
	at java.base/jdk.internal.reflect.NativeMethodAccessorImpl.invoke(NativeMethodAccessorImpl.java:77)
	at java.base/jdk.internal.reflect.DelegatingMethodAccessorImpl.invoke(DelegatingMethodAccessorImpl.java:43)
)

04-12-2024T07:28:51 - [TEST_STEP][PASSED] - vidget = "Уровень потерь электроэнергии": null

04-12-2024T07:28:51 - [TEST_STEP][PASSED] - typeOfData = "План": null

04-12-2024T07:28:51 - [TEST_STEP][PASSED] - PercPlanR = GetPercPlanR(x = a): null

04-12-2024T07:28:51 - [TEST_STEP][PASSED] - i1 = <not implemented yet for class: org.codehaus.groovy.ast.expr.EmptyExpression>: null

04-12-2024T07:28:51 - [TEST_STEP][PASSED] - i1 = x.indexOf("/") + 1: null

04-12-2024T07:28:51 - [TEST_STEP][PASSED] - if (i1 > -1): null

04-12-2024T07:28:51 - [TEST_STEP][PASSED] - x = x.substring(i1, x.length()): null

04-12-2024T07:28:51 - [TEST_STEP][PASSED] - i1 = x.indexOf("/"): null

04-12-2024T07:28:51 - [TEST_STEP][PASSED] - if (i1 > -1): null

04-12-2024T07:28:51 - [TEST_STEP][PASSED] - x = x.substring(0, i1): null

04-12-2024T07:28:51 - [TEST_STEP][PASSED] - return x: null

04-12-2024T07:28:51 - [TEST_STEP][PASSED] - PercPlanB = GetPercPlanB(x = b): null

04-12-2024T07:28:51 - [TEST_STEP][PASSED] - i1 = <not implemented yet for class: org.codehaus.groovy.ast.expr.EmptyExpression>: null

04-12-2024T07:28:51 - [TEST_STEP][PASSED] - i1 = x.indexOf("/") + 1: null

04-12-2024T07:28:51 - [TEST_STEP][PASSED] - if (i1 > -1): null

04-12-2024T07:28:51 - [TEST_STEP][PASSED] - x = x.substring(i1, x.length()): null

04-12-2024T07:28:51 - [TEST_STEP][PASSED] - i1 = x.indexOf("/"): null

04-12-2024T07:28:51 - [TEST_STEP][PASSED] - if (i1 > -1): null

04-12-2024T07:28:51 - [TEST_STEP][PASSED] - x = x.substring(0, i1): null

04-12-2024T07:28:51 - [TEST_STEP][FAILED] - return x: null

04-12-2024T07:28:51 - [TEST_STEP][FAILED] - if (verifyEqual(PercPlanR, PercPlanB) == false): null

04-12-2024T07:28:51 - [MESSAGE][FAILED] - Unable to verify equal between actual object 'нет данных' and expected object '5.43' (Root cause: com.kms.katalon.core.exception.StepFailedException: Actual object 'нет данных' and expected object '5.43' are not equal
	at com.kms.katalon.core.keyword.builtin.VerifyEqualKeyword$_verifyEqual_closure1.doCall(VerifyEqualKeyword.groovy:58)
	at com.kms.katalon.core.keyword.builtin.VerifyEqualKeyword$_verifyEqual_closure1.call(VerifyEqualKeyword.groovy)
	at com.kms.katalon.core.keyword.internal.KeywordMain.runKeyword(KeywordMain.groovy:75)
	at com.kms.katalon.core.keyword.builtin.VerifyEqualKeyword.verifyEqual(VerifyEqualKeyword.groovy:63)
	at com.kms.katalon.core.keyword.builtin.VerifyEqualKeyword.execute(VerifyEqualKeyword.groovy:44)
	at com.kms.katalon.core.keyword.internal.KeywordExecutor.executeKeywordForPlatform(KeywordExecutor.groovy:74)
	at com.kms.katalon.core.keyword.BuiltinKeywords.verifyEqual(BuiltinKeywords.groovy:146)
	at jdk.internal.reflect.GeneratedMethodAccessor25.invoke(Unknown Source)
	at java.base/jdk.internal.reflect.DelegatingMethodAccessorImpl.invoke(DelegatingMethodAccessorImpl.java:43)
	at Выполнение бизнес-плана сверка дашбордов.CompareDZOData(Выполнение бизнес-плана сверка дашбордов:682)
	at Выполнение бизнес-плана сверка дашбордов.run(Выполнение бизнес-плана сверка дашбордов:598)
	at com.kms.katalon.core.main.ScriptEngine.run(ScriptEngine.java:194)
	at com.kms.katalon.core.main.ScriptEngine.runScriptAsRawText(ScriptEngine.java:119)
	at com.kms.katalon.core.main.TestCaseExecutor.runScript(TestCaseExecutor.java:448)
	at com.kms.katalon.core.main.TestCaseExecutor.doExecute(TestCaseExecutor.java:439)
	at com.kms.katalon.core.main.TestCaseExecutor.processExecutionPhase(TestCaseExecutor.java:418)
	at com.kms.katalon.core.main.TestCaseExecutor.accessMainPhase(TestCaseExecutor.java:410)
	at com.kms.katalon.core.main.TestCaseExecutor.execute(TestCaseExecutor.java:285)
	at com.kms.katalon.core.common.CommonExecutor.accessTestCaseMainPhase(CommonExecutor.java:65)
	at com.kms.katalon.core.main.TestSuiteExecutor.accessTestSuiteMainPhase(TestSuiteExecutor.java:150)
	at com.kms.katalon.core.main.TestSuiteExecutor.execute(TestSuiteExecutor.java:106)
	at com.kms.katalon.core.main.TestCaseMain.startTestSuite(TestCaseMain.java:180)
	at TempTestSuite1733285972582.run(TempTestSuite1733285972582.groovy:35)
	at java.base/jdk.internal.reflect.NativeMethodAccessorImpl.invoke0(Native Method)
	at java.base/jdk.internal.reflect.NativeMethodAccessorImpl.invoke(NativeMethodAccessorImpl.java:77)
	at java.base/jdk.internal.reflect.DelegatingMethodAccessorImpl.invoke(DelegatingMethodAccessorImpl.java:43)
)

04-12-2024T07:28:51 - [TEST_STEP][PASSED] - result = WriteToExcel(typeOfData, todaysDate, PercPlanR, PercPlanB, PercFactR, PercFactB, x, tabR, tabB, o1R, o1B, vidget): null

04-12-2024T07:28:51 - [TEST_STEP][PASSED] - iii = dZO.indexOf("/"): null

04-12-2024T07:28:51 - [TEST_STEP][PASSED] - println(iii): null

04-12-2024T07:28:51 - [TEST_STEP][PASSED] - dZO = dZO.substring(0, iii): null

04-12-2024T07:28:51 - [TEST_STEP][PASSED] - println(dZO): null

04-12-2024T07:28:51 - [TEST_STEP][PASSED] - println(PercPlanR): null

04-12-2024T07:28:51 - [TEST_STEP][PASSED] - println(PercPlanB): null

04-12-2024T07:28:51 - [TEST_STEP][PASSED] - println(PercFactR): null

04-12-2024T07:28:51 - [TEST_STEP][PASSED] - println(PercFactB): null

04-12-2024T07:28:51 - [TEST_STEP][PASSED] - println(tabR): null

04-12-2024T07:28:51 - [TEST_STEP][PASSED] - println(tabB): null

04-12-2024T07:28:51 - [TEST_STEP][PASSED] - println(o1R): null

04-12-2024T07:28:51 - [TEST_STEP][PASSED] - println(o1B): null

04-12-2024T07:28:51 - [TEST_STEP][PASSED] - PR = <not implemented yet for class: org.codehaus.groovy.ast.expr.EmptyExpression>: null

04-12-2024T07:28:51 - [TEST_STEP][PASSED] - FR = <not implemented yet for class: org.codehaus.groovy.ast.expr.EmptyExpression>: null

04-12-2024T07:28:51 - [TEST_STEP][PASSED] - PB = <not implemented yet for class: org.codehaus.groovy.ast.expr.EmptyExpression>: null

04-12-2024T07:28:51 - [TEST_STEP][PASSED] - FB = <not implemented yet for class: org.codehaus.groovy.ast.expr.EmptyExpression>: null

04-12-2024T07:28:51 - [TEST_STEP][PASSED] - TR = <not implemented yet for class: org.codehaus.groovy.ast.expr.EmptyExpression>: null

04-12-2024T07:28:51 - [TEST_STEP][PASSED] - TB = <not implemented yet for class: org.codehaus.groovy.ast.expr.EmptyExpression>: null

04-12-2024T07:28:51 - [TEST_STEP][PASSED] - sheetName = "Sheet1": null

04-12-2024T07:28:51 - [TEST_STEP][PASSED] - data = findTestData("PlanFact"): null

04-12-2024T07:28:51 - [TEST_STEP][PASSED] - n = data.getRowNumbers() + 1: null

04-12-2024T07:28:51 - [TEST_STEP][PASSED] - year = todaysDate.substring(todaysDate.length() - 4, todaysDate.length()): null

04-12-2024T07:28:51 - [TEST_STEP][PASSED] - y = year.toInteger(): null

04-12-2024T07:28:51 - [TEST_STEP][PASSED] - m = getText(findTestObject("Выполнение бизнес-плана/Выполнение бизнес-плана Балансы/Фильтр Дата")): Text of object 'Object Repository/Выполнение бизнес-плана/Выполнение бизнес-плана Балансы/Фильтр Дата' is: '1, 2, 3 кв., Октябрь 2024 года'

04-12-2024T07:28:51 - [MESSAGE][PASSED] - Text of object 'Object Repository/Выполнение бизнес-плана/Выполнение бизнес-плана Балансы/Фильтр Дата' is: '1, 2, 3 кв., Октябрь 2024 года'

04-12-2024T07:28:51 - [TEST_STEP][PASSED] - m = m.substring(0, m.indexOf("2024")): null

04-12-2024T07:28:51 - [TEST_STEP][PASSED] - m = m.trim(): null

04-12-2024T07:28:51 - [TEST_STEP][PASSED] - dashboardName = "Выполнение бизнес-плана": null

04-12-2024T07:28:51 - [TEST_STEP][PASSED] - workbook01 = getWorkbook(excelFilePath): null

04-12-2024T07:28:51 - [TEST_STEP][PASSED] - sheet01 = getExcelSheet(workbook01, sheetName): null

04-12-2024T07:28:51 - [TEST_STEP][PASSED] - setValueToCellByIndex(sheet01, n, 0, dashboardName): null

04-12-2024T07:28:51 - [TEST_STEP][PASSED] - setValueToCellByIndex(sheet01, n, 1, dZO): null

04-12-2024T07:28:51 - [TEST_STEP][PASSED] - setValueToCellByIndex(sheet01, n, 2, typeOfData): null

04-12-2024T07:28:51 - [TEST_STEP][PASSED] - setValueToCellByIndex(sheet01, n, 3, typeOfData): null

04-12-2024T07:28:51 - [TEST_STEP][PASSED] - if (typeOfData == "План"): null

04-12-2024T07:28:51 - [TEST_STEP][PASSED] - if (PercPlanR == null): null

04-12-2024T07:28:51 - [TEST_STEP][PASSED] - else: null

04-12-2024T07:28:51 - [TEST_STEP][PASSED] - if (PercPlanR == "нет данных"): null

04-12-2024T07:28:51 - [TEST_STEP][PASSED] - setValueToCellByIndex(sheet01, n, 4, "нет данных"): null

04-12-2024T07:28:51 - [TEST_STEP][PASSED] - if (PercPlanB == null): null

04-12-2024T07:28:51 - [TEST_STEP][PASSED] - else: null

04-12-2024T07:28:51 - [TEST_STEP][PASSED] - if (PercPlanB == "нет данных"): null

04-12-2024T07:28:51 - [TEST_STEP][PASSED] - else: null

04-12-2024T07:28:51 - [TEST_STEP][PASSED] - PB = PercPlanB.toDouble(): null

04-12-2024T07:28:51 - [TEST_STEP][PASSED] - setValueToCellByIndex(sheet01, n, 5, PB): null

04-12-2024T07:28:51 - [TEST_STEP][PASSED] - setValueToCellByIndex(sheet01, n, 6, m): null

04-12-2024T07:28:51 - [TEST_STEP][PASSED] - setValueToCellByIndex(sheet01, n, 7, y): null

04-12-2024T07:28:51 - [TEST_STEP][PASSED] - setValueToCellByIndex(sheet01, n, 8, todaysDate): null

04-12-2024T07:28:51 - [TEST_STEP][PASSED] - n = n + 1: null

04-12-2024T07:28:51 - [TEST_STEP][PASSED] - saveWorkbook(excelFilePath, workbook01): null

04-12-2024T07:28:51 - [TEST_STEP][PASSED] - typeOfData = "Факт": null

04-12-2024T07:28:51 - [TEST_STEP][PASSED] - PercFactR = GetPercFactR(x = a): null

04-12-2024T07:28:51 - [TEST_STEP][PASSED] - i1 = <not implemented yet for class: org.codehaus.groovy.ast.expr.EmptyExpression>: null

04-12-2024T07:28:51 - [TEST_STEP][PASSED] - ii = <not implemented yet for class: org.codehaus.groovy.ast.expr.EmptyExpression>: null

04-12-2024T07:28:51 - [TEST_STEP][PASSED] - for ([ii = 1, ii < 3, (ii++)]): null

04-12-2024T07:28:51 - [TEST_STEP][PASSED] - i1 = x.indexOf("/") + 1: null

04-12-2024T07:28:51 - [TEST_STEP][PASSED] - if (i1 > -1): null

04-12-2024T07:28:51 - [TEST_STEP][PASSED] - x = x.substring(i1, x.length()): null

04-12-2024T07:28:51 - [TEST_STEP][PASSED] - println(x): null

04-12-2024T07:28:51 - [TEST_STEP][PASSED] - i1 = x.indexOf("/") + 1: null

04-12-2024T07:28:51 - [TEST_STEP][PASSED] - if (i1 > -1): null

04-12-2024T07:28:51 - [TEST_STEP][PASSED] - x = x.substring(i1, x.length()): null

04-12-2024T07:28:51 - [TEST_STEP][PASSED] - println(x): null

04-12-2024T07:28:51 - [TEST_STEP][PASSED] - i1 = x.indexOf("/"): null

04-12-2024T07:28:51 - [TEST_STEP][PASSED] - if (i1 > -1): null

04-12-2024T07:28:51 - [TEST_STEP][PASSED] - x = x.substring(0, i1): null

04-12-2024T07:28:51 - [TEST_STEP][PASSED] - println(x): null

04-12-2024T07:28:51 - [TEST_STEP][PASSED] - return x: null

04-12-2024T07:28:51 - [TEST_STEP][PASSED] - PercFactB = GetPercFactB(x = b): null

04-12-2024T07:28:51 - [TEST_STEP][PASSED] - i1 = <not implemented yet for class: org.codehaus.groovy.ast.expr.EmptyExpression>: null

04-12-2024T07:28:51 - [TEST_STEP][PASSED] - ii = <not implemented yet for class: org.codehaus.groovy.ast.expr.EmptyExpression>: null

04-12-2024T07:28:51 - [TEST_STEP][PASSED] - for ([ii = 1, ii < 3, (ii++)]): null

04-12-2024T07:28:51 - [TEST_STEP][PASSED] - i1 = x.indexOf("/") + 1: null

04-12-2024T07:28:51 - [TEST_STEP][PASSED] - if (i1 > -1): null

04-12-2024T07:28:51 - [TEST_STEP][PASSED] - x = x.substring(i1, x.length()): null

04-12-2024T07:28:51 - [TEST_STEP][PASSED] - println(x): null

04-12-2024T07:28:51 - [TEST_STEP][PASSED] - i1 = x.indexOf("/") + 1: null

04-12-2024T07:28:51 - [TEST_STEP][PASSED] - if (i1 > -1): null

04-12-2024T07:28:51 - [TEST_STEP][PASSED] - x = x.substring(i1, x.length()): null

04-12-2024T07:28:51 - [TEST_STEP][PASSED] - println(x): null

04-12-2024T07:28:51 - [TEST_STEP][PASSED] - i1 = x.indexOf("/"): null

04-12-2024T07:28:51 - [TEST_STEP][PASSED] - if (i1 > -1): null

04-12-2024T07:28:51 - [TEST_STEP][PASSED] - x = x.substring(0, i1): null

04-12-2024T07:28:51 - [TEST_STEP][PASSED] - println(x): null

04-12-2024T07:28:51 - [TEST_STEP][FAILED] - return x: null

04-12-2024T07:28:51 - [TEST_STEP][FAILED] - if (verifyEqual(PercFactR, PercFactB) == false): null

04-12-2024T07:28:51 - [MESSAGE][FAILED] - Unable to verify equal between actual object 'нет данных' and expected object '5.05' (Root cause: com.kms.katalon.core.exception.StepFailedException: Actual object 'нет данных' and expected object '5.05' are not equal
	at com.kms.katalon.core.keyword.builtin.VerifyEqualKeyword$_verifyEqual_closure1.doCall(VerifyEqualKeyword.groovy:58)
	at com.kms.katalon.core.keyword.builtin.VerifyEqualKeyword$_verifyEqual_closure1.call(VerifyEqualKeyword.groovy)
	at com.kms.katalon.core.keyword.internal.KeywordMain.runKeyword(KeywordMain.groovy:75)
	at com.kms.katalon.core.keyword.builtin.VerifyEqualKeyword.verifyEqual(VerifyEqualKeyword.groovy:63)
	at com.kms.katalon.core.keyword.builtin.VerifyEqualKeyword.execute(VerifyEqualKeyword.groovy:44)
	at com.kms.katalon.core.keyword.internal.KeywordExecutor.executeKeywordForPlatform(KeywordExecutor.groovy:74)
	at com.kms.katalon.core.keyword.BuiltinKeywords.verifyEqual(BuiltinKeywords.groovy:146)
	at jdk.internal.reflect.GeneratedMethodAccessor25.invoke(Unknown Source)
	at java.base/jdk.internal.reflect.DelegatingMethodAccessorImpl.invoke(DelegatingMethodAccessorImpl.java:43)
	at Выполнение бизнес-плана сверка дашбордов.CompareDZOData(Выполнение бизнес-плана сверка дашбордов:693)
	at Выполнение бизнес-плана сверка дашбордов.run(Выполнение бизнес-плана сверка дашбордов:598)
	at com.kms.katalon.core.main.ScriptEngine.run(ScriptEngine.java:194)
	at com.kms.katalon.core.main.ScriptEngine.runScriptAsRawText(ScriptEngine.java:119)
	at com.kms.katalon.core.main.TestCaseExecutor.runScript(TestCaseExecutor.java:448)
	at com.kms.katalon.core.main.TestCaseExecutor.doExecute(TestCaseExecutor.java:439)
	at com.kms.katalon.core.main.TestCaseExecutor.processExecutionPhase(TestCaseExecutor.java:418)
	at com.kms.katalon.core.main.TestCaseExecutor.accessMainPhase(TestCaseExecutor.java:410)
	at com.kms.katalon.core.main.TestCaseExecutor.execute(TestCaseExecutor.java:285)
	at com.kms.katalon.core.common.CommonExecutor.accessTestCaseMainPhase(CommonExecutor.java:65)
	at com.kms.katalon.core.main.TestSuiteExecutor.accessTestSuiteMainPhase(TestSuiteExecutor.java:150)
	at com.kms.katalon.core.main.TestSuiteExecutor.execute(TestSuiteExecutor.java:106)
	at com.kms.katalon.core.main.TestCaseMain.startTestSuite(TestCaseMain.java:180)
	at TempTestSuite1733285972582.run(TempTestSuite1733285972582.groovy:35)
	at java.base/jdk.internal.reflect.NativeMethodAccessorImpl.invoke0(Native Method)
	at java.base/jdk.internal.reflect.NativeMethodAccessorImpl.invoke(NativeMethodAccessorImpl.java:77)
	at java.base/jdk.internal.reflect.DelegatingMethodAccessorImpl.invoke(DelegatingMethodAccessorImpl.java:43)
)

04-12-2024T07:28:51 - [TEST_STEP][PASSED] - result = WriteToExcel(typeOfData, todaysDate, PercPlanR, PercPlanB, PercFactR, PercFactB, x, tabR, tabB, o1R, o1B, vidget): null

04-12-2024T07:28:51 - [TEST_STEP][PASSED] - iii = dZO.indexOf("/"): null

04-12-2024T07:28:51 - [TEST_STEP][PASSED] - println(iii): null

04-12-2024T07:28:51 - [TEST_STEP][PASSED] - dZO = dZO.substring(0, iii): null

04-12-2024T07:28:51 - [TEST_STEP][PASSED] - println(dZO): null

04-12-2024T07:28:51 - [TEST_STEP][PASSED] - println(PercPlanR): null

04-12-2024T07:28:51 - [TEST_STEP][PASSED] - println(PercPlanB): null

04-12-2024T07:28:51 - [TEST_STEP][PASSED] - println(PercFactR): null

04-12-2024T07:28:51 - [TEST_STEP][PASSED] - println(PercFactB): null

04-12-2024T07:28:51 - [TEST_STEP][PASSED] - println(tabR): null

04-12-2024T07:28:51 - [TEST_STEP][PASSED] - println(tabB): null

04-12-2024T07:28:51 - [TEST_STEP][PASSED] - println(o1R): null

04-12-2024T07:28:51 - [TEST_STEP][PASSED] - println(o1B): null

04-12-2024T07:28:51 - [TEST_STEP][PASSED] - PR = <not implemented yet for class: org.codehaus.groovy.ast.expr.EmptyExpression>: null

04-12-2024T07:28:51 - [TEST_STEP][PASSED] - FR = <not implemented yet for class: org.codehaus.groovy.ast.expr.EmptyExpression>: null

04-12-2024T07:28:51 - [TEST_STEP][PASSED] - PB = <not implemented yet for class: org.codehaus.groovy.ast.expr.EmptyExpression>: null

04-12-2024T07:28:51 - [TEST_STEP][PASSED] - FB = <not implemented yet for class: org.codehaus.groovy.ast.expr.EmptyExpression>: null

04-12-2024T07:28:51 - [TEST_STEP][PASSED] - TR = <not implemented yet for class: org.codehaus.groovy.ast.expr.EmptyExpression>: null

04-12-2024T07:28:51 - [TEST_STEP][PASSED] - TB = <not implemented yet for class: org.codehaus.groovy.ast.expr.EmptyExpression>: null

04-12-2024T07:28:51 - [TEST_STEP][PASSED] - sheetName = "Sheet1": null

04-12-2024T07:28:51 - [TEST_STEP][PASSED] - data = findTestData("PlanFact"): null

04-12-2024T07:28:51 - [TEST_STEP][PASSED] - n = data.getRowNumbers() + 1: null

04-12-2024T07:28:51 - [TEST_STEP][PASSED] - year = todaysDate.substring(todaysDate.length() - 4, todaysDate.length()): null

04-12-2024T07:28:51 - [TEST_STEP][PASSED] - y = year.toInteger(): null

04-12-2024T07:28:51 - [TEST_STEP][PASSED] - m = getText(findTestObject("Выполнение бизнес-плана/Выполнение бизнес-плана Балансы/Фильтр Дата")): Text of object 'Object Repository/Выполнение бизнес-плана/Выполнение бизнес-плана Балансы/Фильтр Дата' is: '1, 2, 3 кв., Октябрь 2024 года'

04-12-2024T07:28:52 - [MESSAGE][PASSED] - Text of object 'Object Repository/Выполнение бизнес-плана/Выполнение бизнес-плана Балансы/Фильтр Дата' is: '1, 2, 3 кв., Октябрь 2024 года'

04-12-2024T07:28:52 - [TEST_STEP][PASSED] - m = m.substring(0, m.indexOf("2024")): null

04-12-2024T07:28:52 - [TEST_STEP][PASSED] - m = m.trim(): null

04-12-2024T07:28:52 - [TEST_STEP][PASSED] - dashboardName = "Выполнение бизнес-плана": null

04-12-2024T07:28:52 - [TEST_STEP][PASSED] - workbook01 = getWorkbook(excelFilePath): null

04-12-2024T07:28:52 - [TEST_STEP][PASSED] - sheet01 = getExcelSheet(workbook01, sheetName): null

04-12-2024T07:28:52 - [TEST_STEP][PASSED] - setValueToCellByIndex(sheet01, n, 0, dashboardName): null

04-12-2024T07:28:52 - [TEST_STEP][PASSED] - setValueToCellByIndex(sheet01, n, 1, dZO): null

04-12-2024T07:28:52 - [TEST_STEP][PASSED] - setValueToCellByIndex(sheet01, n, 2, typeOfData): null

04-12-2024T07:28:52 - [TEST_STEP][PASSED] - setValueToCellByIndex(sheet01, n, 3, typeOfData): null

04-12-2024T07:28:52 - [TEST_STEP][PASSED] - if (typeOfData == "План"): null

04-12-2024T07:28:52 - [TEST_STEP][PASSED] - else if (typeOfData == "Факт"): null

04-12-2024T07:28:52 - [TEST_STEP][PASSED] - if (PercFactR == null): null

04-12-2024T07:28:52 - [TEST_STEP][PASSED] - else: null

04-12-2024T07:28:52 - [TEST_STEP][PASSED] - if (PercFactR == "нет данных"): null

04-12-2024T07:28:52 - [TEST_STEP][PASSED] - setValueToCellByIndex(sheet01, n, 4, "нет данных"): null

04-12-2024T07:28:52 - [TEST_STEP][PASSED] - if (PercFactB == null): null

04-12-2024T07:28:52 - [TEST_STEP][PASSED] - else: null

04-12-2024T07:28:52 - [TEST_STEP][PASSED] - if (PercFactB == "нет данных"): null

04-12-2024T07:28:52 - [TEST_STEP][PASSED] - else: null

04-12-2024T07:28:52 - [TEST_STEP][PASSED] - FB = PercFactB.toDouble(): null

04-12-2024T07:28:52 - [TEST_STEP][PASSED] - setValueToCellByIndex(sheet01, n, 5, FB): null

04-12-2024T07:28:52 - [TEST_STEP][PASSED] - setValueToCellByIndex(sheet01, n, 6, m): null

04-12-2024T07:28:52 - [TEST_STEP][PASSED] - setValueToCellByIndex(sheet01, n, 7, y): null

04-12-2024T07:28:52 - [TEST_STEP][PASSED] - setValueToCellByIndex(sheet01, n, 8, todaysDate): null

04-12-2024T07:28:52 - [TEST_STEP][PASSED] - n = n + 1: null

04-12-2024T07:28:52 - [TEST_STEP][PASSED] - saveWorkbook(excelFilePath, workbook01): null

04-12-2024T07:28:52 - [TEST_STEP][PASSED] - vidget = "Показатели баланса электроэнергии по ДЗО – Факт": null

04-12-2024T07:28:52 - [TEST_STEP][PASSED] - typeOfData = "Факт Отпуск в сеть": null

04-12-2024T07:28:52 - [TEST_STEP][PASSED] - tabR = GetOvSFactR(x = a): null

04-12-2024T07:28:52 - [TEST_STEP][PASSED] - i1 = <not implemented yet for class: org.codehaus.groovy.ast.expr.EmptyExpression>: null

04-12-2024T07:28:52 - [TEST_STEP][PASSED] - ii = <not implemented yet for class: org.codehaus.groovy.ast.expr.EmptyExpression>: null

04-12-2024T07:28:52 - [TEST_STEP][PASSED] - for ([ii = 1, ii < 4, (ii++)]): null

04-12-2024T07:28:52 - [TEST_STEP][PASSED] - i1 = x.indexOf("/") + 1: null

04-12-2024T07:28:52 - [TEST_STEP][PASSED] - if (i1 > -1): null

04-12-2024T07:28:52 - [TEST_STEP][PASSED] - x = x.substring(i1, x.length()): null

04-12-2024T07:28:52 - [TEST_STEP][PASSED] - println(x): null

04-12-2024T07:28:52 - [TEST_STEP][PASSED] - i1 = x.indexOf("/") + 1: null

04-12-2024T07:28:52 - [TEST_STEP][PASSED] - if (i1 > -1): null

04-12-2024T07:28:52 - [TEST_STEP][PASSED] - x = x.substring(i1, x.length()): null

04-12-2024T07:28:52 - [TEST_STEP][PASSED] - println(x): null

04-12-2024T07:28:52 - [TEST_STEP][PASSED] - i1 = x.indexOf("/") + 1: null

04-12-2024T07:28:52 - [TEST_STEP][PASSED] - if (i1 > -1): null

04-12-2024T07:28:52 - [TEST_STEP][PASSED] - x = x.substring(i1, x.length()): null

04-12-2024T07:28:52 - [TEST_STEP][PASSED] - println(x): null

04-12-2024T07:28:52 - [TEST_STEP][PASSED] - i1 = x.indexOf("/"): null

04-12-2024T07:28:52 - [TEST_STEP][PASSED] - if (i1 > -1): null

04-12-2024T07:28:52 - [TEST_STEP][PASSED] - x = x.substring(0, i1): null

04-12-2024T07:28:52 - [TEST_STEP][PASSED] - println(x): null

04-12-2024T07:28:52 - [TEST_STEP][PASSED] - return x: null

04-12-2024T07:28:52 - [TEST_STEP][PASSED] - tabB = GetOvSFactB(x = b): null

04-12-2024T07:28:52 - [TEST_STEP][PASSED] - i1 = <not implemented yet for class: org.codehaus.groovy.ast.expr.EmptyExpression>: null

04-12-2024T07:28:52 - [TEST_STEP][PASSED] - ii = <not implemented yet for class: org.codehaus.groovy.ast.expr.EmptyExpression>: null

04-12-2024T07:28:52 - [TEST_STEP][PASSED] - for ([ii = 1, ii < 4, (ii++)]): null

04-12-2024T07:28:52 - [TEST_STEP][PASSED] - i1 = x.indexOf("/") + 1: null

04-12-2024T07:28:52 - [TEST_STEP][PASSED] - if (i1 > -1): null

04-12-2024T07:28:52 - [TEST_STEP][PASSED] - x = x.substring(i1, x.length()): null

04-12-2024T07:28:52 - [TEST_STEP][PASSED] - println(x): null

04-12-2024T07:28:52 - [TEST_STEP][PASSED] - i1 = x.indexOf("/") + 1: null

04-12-2024T07:28:52 - [TEST_STEP][PASSED] - if (i1 > -1): null

04-12-2024T07:28:52 - [TEST_STEP][PASSED] - x = x.substring(i1, x.length()): null

04-12-2024T07:28:52 - [TEST_STEP][PASSED] - println(x): null

04-12-2024T07:28:52 - [TEST_STEP][PASSED] - i1 = x.indexOf("/") + 1: null

04-12-2024T07:28:52 - [TEST_STEP][PASSED] - if (i1 > -1): null

04-12-2024T07:28:52 - [TEST_STEP][PASSED] - x = x.substring(i1, x.length()): null

04-12-2024T07:28:52 - [TEST_STEP][PASSED] - println(x): null

04-12-2024T07:28:52 - [TEST_STEP][PASSED] - i1 = x.indexOf("/"): null

04-12-2024T07:28:52 - [TEST_STEP][PASSED] - if (i1 > -1): null

04-12-2024T07:28:52 - [TEST_STEP][PASSED] - x = x.substring(0, i1): null

04-12-2024T07:28:52 - [TEST_STEP][PASSED] - println(x): null

04-12-2024T07:28:52 - [TEST_STEP][FAILED] - return x: null

04-12-2024T07:28:52 - [TEST_STEP][FAILED] - if (verifyEqual(tabR, tabB) == false): null

04-12-2024T07:28:52 - [MESSAGE][FAILED] - Unable to verify equal between actual object 'нет данных' and expected object '44218047' (Root cause: com.kms.katalon.core.exception.StepFailedException: Actual object 'нет данных' and expected object '44218047' are not equal
	at com.kms.katalon.core.keyword.builtin.VerifyEqualKeyword$_verifyEqual_closure1.doCall(VerifyEqualKeyword.groovy:58)
	at com.kms.katalon.core.keyword.builtin.VerifyEqualKeyword$_verifyEqual_closure1.call(VerifyEqualKeyword.groovy)
	at com.kms.katalon.core.keyword.internal.KeywordMain.runKeyword(KeywordMain.groovy:75)
	at com.kms.katalon.core.keyword.builtin.VerifyEqualKeyword.verifyEqual(VerifyEqualKeyword.groovy:63)
	at com.kms.katalon.core.keyword.builtin.VerifyEqualKeyword.execute(VerifyEqualKeyword.groovy:44)
	at com.kms.katalon.core.keyword.internal.KeywordExecutor.executeKeywordForPlatform(KeywordExecutor.groovy:74)
	at com.kms.katalon.core.keyword.BuiltinKeywords.verifyEqual(BuiltinKeywords.groovy:146)
	at jdk.internal.reflect.GeneratedMethodAccessor25.invoke(Unknown Source)
	at java.base/jdk.internal.reflect.DelegatingMethodAccessorImpl.invoke(DelegatingMethodAccessorImpl.java:43)
	at Выполнение бизнес-плана сверка дашбордов.CompareDZOData(Выполнение бизнес-плана сверка дашбордов:706)
	at Выполнение бизнес-плана сверка дашбордов.run(Выполнение бизнес-плана сверка дашбордов:598)
	at com.kms.katalon.core.main.ScriptEngine.run(ScriptEngine.java:194)
	at com.kms.katalon.core.main.ScriptEngine.runScriptAsRawText(ScriptEngine.java:119)
	at com.kms.katalon.core.main.TestCaseExecutor.runScript(TestCaseExecutor.java:448)
	at com.kms.katalon.core.main.TestCaseExecutor.doExecute(TestCaseExecutor.java:439)
	at com.kms.katalon.core.main.TestCaseExecutor.processExecutionPhase(TestCaseExecutor.java:418)
	at com.kms.katalon.core.main.TestCaseExecutor.accessMainPhase(TestCaseExecutor.java:410)
	at com.kms.katalon.core.main.TestCaseExecutor.execute(TestCaseExecutor.java:285)
	at com.kms.katalon.core.common.CommonExecutor.accessTestCaseMainPhase(CommonExecutor.java:65)
	at com.kms.katalon.core.main.TestSuiteExecutor.accessTestSuiteMainPhase(TestSuiteExecutor.java:150)
	at com.kms.katalon.core.main.TestSuiteExecutor.execute(TestSuiteExecutor.java:106)
	at com.kms.katalon.core.main.TestCaseMain.startTestSuite(TestCaseMain.java:180)
	at TempTestSuite1733285972582.run(TempTestSuite1733285972582.groovy:35)
	at java.base/jdk.internal.reflect.NativeMethodAccessorImpl.invoke0(Native Method)
	at java.base/jdk.internal.reflect.NativeMethodAccessorImpl.invoke(NativeMethodAccessorImpl.java:77)
	at java.base/jdk.internal.reflect.DelegatingMethodAccessorImpl.invoke(DelegatingMethodAccessorImpl.java:43)
)

04-12-2024T07:28:52 - [TEST_STEP][PASSED] - result = WriteToExcel(typeOfData, todaysDate, PercPlanR, PercPlanB, PercFactR, PercFactB, x, tabR, tabB, o1R, o1B, vidget): null

04-12-2024T07:28:52 - [TEST_STEP][PASSED] - iii = dZO.indexOf("/"): null

04-12-2024T07:28:52 - [TEST_STEP][PASSED] - println(iii): null

04-12-2024T07:28:52 - [TEST_STEP][PASSED] - dZO = dZO.substring(0, iii): null

04-12-2024T07:28:52 - [TEST_STEP][PASSED] - println(dZO): null

04-12-2024T07:28:52 - [TEST_STEP][PASSED] - println(PercPlanR): null

04-12-2024T07:28:52 - [TEST_STEP][PASSED] - println(PercPlanB): null

04-12-2024T07:28:52 - [TEST_STEP][PASSED] - println(PercFactR): null

04-12-2024T07:28:52 - [TEST_STEP][PASSED] - println(PercFactB): null

04-12-2024T07:28:52 - [TEST_STEP][PASSED] - println(tabR): null

04-12-2024T07:28:52 - [TEST_STEP][PASSED] - println(tabB): null

04-12-2024T07:28:52 - [TEST_STEP][PASSED] - println(o1R): null

04-12-2024T07:28:52 - [TEST_STEP][PASSED] - println(o1B): null

04-12-2024T07:28:52 - [TEST_STEP][PASSED] - PR = <not implemented yet for class: org.codehaus.groovy.ast.expr.EmptyExpression>: null

04-12-2024T07:28:52 - [TEST_STEP][PASSED] - FR = <not implemented yet for class: org.codehaus.groovy.ast.expr.EmptyExpression>: null

04-12-2024T07:28:52 - [TEST_STEP][PASSED] - PB = <not implemented yet for class: org.codehaus.groovy.ast.expr.EmptyExpression>: null

04-12-2024T07:28:52 - [TEST_STEP][PASSED] - FB = <not implemented yet for class: org.codehaus.groovy.ast.expr.EmptyExpression>: null

04-12-2024T07:28:52 - [TEST_STEP][PASSED] - TR = <not implemented yet for class: org.codehaus.groovy.ast.expr.EmptyExpression>: null

04-12-2024T07:28:52 - [TEST_STEP][PASSED] - TB = <not implemented yet for class: org.codehaus.groovy.ast.expr.EmptyExpression>: null

04-12-2024T07:28:52 - [TEST_STEP][PASSED] - sheetName = "Sheet1": null

04-12-2024T07:28:52 - [TEST_STEP][PASSED] - data = findTestData("PlanFact"): null

04-12-2024T07:28:52 - [TEST_STEP][PASSED] - n = data.getRowNumbers() + 1: null

04-12-2024T07:28:52 - [TEST_STEP][PASSED] - year = todaysDate.substring(todaysDate.length() - 4, todaysDate.length()): null

04-12-2024T07:28:52 - [TEST_STEP][PASSED] - y = year.toInteger(): null

04-12-2024T07:28:52 - [TEST_STEP][PASSED] - m = getText(findTestObject("Выполнение бизнес-плана/Выполнение бизнес-плана Балансы/Фильтр Дата")): Text of object 'Object Repository/Выполнение бизнес-плана/Выполнение бизнес-плана Балансы/Фильтр Дата' is: '1, 2, 3 кв., Октябрь 2024 года'

04-12-2024T07:28:52 - [MESSAGE][PASSED] - Text of object 'Object Repository/Выполнение бизнес-плана/Выполнение бизнес-плана Балансы/Фильтр Дата' is: '1, 2, 3 кв., Октябрь 2024 года'

04-12-2024T07:28:52 - [TEST_STEP][PASSED] - m = m.substring(0, m.indexOf("2024")): null

04-12-2024T07:28:52 - [TEST_STEP][PASSED] - m = m.trim(): null

04-12-2024T07:28:52 - [TEST_STEP][PASSED] - dashboardName = "Выполнение бизнес-плана": null

04-12-2024T07:28:52 - [TEST_STEP][PASSED] - workbook01 = getWorkbook(excelFilePath): null

04-12-2024T07:28:52 - [TEST_STEP][PASSED] - sheet01 = getExcelSheet(workbook01, sheetName): null

04-12-2024T07:28:52 - [TEST_STEP][PASSED] - setValueToCellByIndex(sheet01, n, 0, dashboardName): null

04-12-2024T07:28:52 - [TEST_STEP][PASSED] - setValueToCellByIndex(sheet01, n, 1, dZO): null

04-12-2024T07:28:52 - [TEST_STEP][PASSED] - setValueToCellByIndex(sheet01, n, 2, typeOfData): null

04-12-2024T07:28:52 - [TEST_STEP][PASSED] - setValueToCellByIndex(sheet01, n, 3, typeOfData): null

04-12-2024T07:28:52 - [TEST_STEP][PASSED] - if (typeOfData == "План"): null

04-12-2024T07:28:52 - [TEST_STEP][PASSED] - else if (typeOfData == "Факт"): null

04-12-2024T07:28:52 - [TEST_STEP][PASSED] - else if (vidget.contains("электроэнергии") == true): null

04-12-2024T07:28:52 - [TEST_STEP][PASSED] - if (tabR == null): null

04-12-2024T07:28:52 - [TEST_STEP][PASSED] - else: null

04-12-2024T07:28:52 - [TEST_STEP][PASSED] - if (tabR == "нет данных"): null

04-12-2024T07:28:52 - [TEST_STEP][PASSED] - setValueToCellByIndex(sheet01, n, 4, "нет данных"): null

04-12-2024T07:28:52 - [TEST_STEP][PASSED] - if (tabB == null): null

04-12-2024T07:28:52 - [TEST_STEP][PASSED] - else: null

04-12-2024T07:28:52 - [TEST_STEP][PASSED] - if (tabB == "нет данных"): null

04-12-2024T07:28:52 - [TEST_STEP][PASSED] - else: null

04-12-2024T07:28:52 - [TEST_STEP][PASSED] - TB = tabB.toInteger(): null

04-12-2024T07:28:52 - [TEST_STEP][PASSED] - setValueToCellByIndex(sheet01, n, 5, TB): null

04-12-2024T07:28:52 - [TEST_STEP][PASSED] - setValueToCellByIndex(sheet01, n, 6, m): null

04-12-2024T07:28:52 - [TEST_STEP][PASSED] - setValueToCellByIndex(sheet01, n, 7, y): null

04-12-2024T07:28:52 - [TEST_STEP][PASSED] - setValueToCellByIndex(sheet01, n, 8, todaysDate): null

04-12-2024T07:28:52 - [TEST_STEP][PASSED] - n = n + 1: null

04-12-2024T07:28:52 - [TEST_STEP][PASSED] - saveWorkbook(excelFilePath, workbook01): null

04-12-2024T07:28:53 - [TEST_STEP][PASSED] - typeOfData = "Факт Отпуск из сети": null

04-12-2024T07:28:53 - [TEST_STEP][PASSED] - tabR = GetOiSFactR(x = a): null

04-12-2024T07:28:53 - [TEST_STEP][PASSED] - i1 = <not implemented yet for class: org.codehaus.groovy.ast.expr.EmptyExpression>: null

04-12-2024T07:28:53 - [TEST_STEP][PASSED] - ii = <not implemented yet for class: org.codehaus.groovy.ast.expr.EmptyExpression>: null

04-12-2024T07:28:53 - [TEST_STEP][PASSED] - for ([ii = 1, ii < 5, (ii++)]): null

04-12-2024T07:28:53 - [TEST_STEP][PASSED] - i1 = x.indexOf("/") + 1: null

04-12-2024T07:28:53 - [TEST_STEP][PASSED] - if (i1 > -1): null

04-12-2024T07:28:53 - [TEST_STEP][PASSED] - x = x.substring(i1, x.length()): null

04-12-2024T07:28:53 - [TEST_STEP][PASSED] - println(x): null

04-12-2024T07:28:53 - [TEST_STEP][PASSED] - i1 = x.indexOf("/") + 1: null

04-12-2024T07:28:53 - [TEST_STEP][PASSED] - if (i1 > -1): null

04-12-2024T07:28:53 - [TEST_STEP][PASSED] - x = x.substring(i1, x.length()): null

04-12-2024T07:28:53 - [TEST_STEP][PASSED] - println(x): null

04-12-2024T07:28:53 - [TEST_STEP][PASSED] - i1 = x.indexOf("/") + 1: null

04-12-2024T07:28:53 - [TEST_STEP][PASSED] - if (i1 > -1): null

04-12-2024T07:28:53 - [TEST_STEP][PASSED] - x = x.substring(i1, x.length()): null

04-12-2024T07:28:53 - [TEST_STEP][PASSED] - println(x): null

04-12-2024T07:28:53 - [TEST_STEP][PASSED] - i1 = x.indexOf("/") + 1: null

04-12-2024T07:28:53 - [TEST_STEP][PASSED] - if (i1 > -1): null

04-12-2024T07:28:53 - [TEST_STEP][PASSED] - x = x.substring(i1, x.length()): null

04-12-2024T07:28:53 - [TEST_STEP][PASSED] - println(x): null

04-12-2024T07:28:53 - [TEST_STEP][PASSED] - i1 = x.indexOf("/"): null

04-12-2024T07:28:53 - [TEST_STEP][PASSED] - if (i1 > -1): null

04-12-2024T07:28:53 - [TEST_STEP][PASSED] - x = x.substring(0, i1): null

04-12-2024T07:28:53 - [TEST_STEP][PASSED] - println(x): null

04-12-2024T07:28:53 - [TEST_STEP][PASSED] - return x: null

04-12-2024T07:28:53 - [TEST_STEP][PASSED] - tabB = GetOiSFactB(x = b): null

04-12-2024T07:28:53 - [TEST_STEP][PASSED] - i1 = <not implemented yet for class: org.codehaus.groovy.ast.expr.EmptyExpression>: null

04-12-2024T07:28:53 - [TEST_STEP][PASSED] - ii = <not implemented yet for class: org.codehaus.groovy.ast.expr.EmptyExpression>: null

04-12-2024T07:28:53 - [TEST_STEP][PASSED] - for ([ii = 1, ii < 5, (ii++)]): null

04-12-2024T07:28:53 - [TEST_STEP][PASSED] - i1 = x.indexOf("/") + 1: null

04-12-2024T07:28:53 - [TEST_STEP][PASSED] - if (i1 > -1): null

04-12-2024T07:28:53 - [TEST_STEP][PASSED] - x = x.substring(i1, x.length()): null

04-12-2024T07:28:53 - [TEST_STEP][PASSED] - println(x): null

04-12-2024T07:28:53 - [TEST_STEP][PASSED] - i1 = x.indexOf("/") + 1: null

04-12-2024T07:28:53 - [TEST_STEP][PASSED] - if (i1 > -1): null

04-12-2024T07:28:53 - [TEST_STEP][PASSED] - x = x.substring(i1, x.length()): null

04-12-2024T07:28:53 - [TEST_STEP][PASSED] - println(x): null

04-12-2024T07:28:53 - [TEST_STEP][PASSED] - i1 = x.indexOf("/") + 1: null

04-12-2024T07:28:53 - [TEST_STEP][PASSED] - if (i1 > -1): null

04-12-2024T07:28:53 - [TEST_STEP][PASSED] - x = x.substring(i1, x.length()): null

04-12-2024T07:28:53 - [TEST_STEP][PASSED] - println(x): null

04-12-2024T07:28:53 - [TEST_STEP][PASSED] - i1 = x.indexOf("/") + 1: null

04-12-2024T07:28:53 - [TEST_STEP][PASSED] - if (i1 > -1): null

04-12-2024T07:28:53 - [TEST_STEP][PASSED] - x = x.substring(i1, x.length()): null

04-12-2024T07:28:53 - [TEST_STEP][PASSED] - println(x): null

04-12-2024T07:28:53 - [TEST_STEP][PASSED] - i1 = x.indexOf("/"): null

04-12-2024T07:28:53 - [TEST_STEP][PASSED] - if (i1 > -1): null

04-12-2024T07:28:53 - [TEST_STEP][PASSED] - x = x.substring(0, i1): null

04-12-2024T07:28:53 - [TEST_STEP][PASSED] - println(x): null

04-12-2024T07:28:53 - [TEST_STEP][FAILED] - return x: null

04-12-2024T07:28:53 - [TEST_STEP][FAILED] - if (verifyEqual(tabR, tabB) == false): null

04-12-2024T07:28:53 - [MESSAGE][FAILED] - Unable to verify equal between actual object 'нет данных' and expected object '41984455' (Root cause: com.kms.katalon.core.exception.StepFailedException: Actual object 'нет данных' and expected object '41984455' are not equal
	at com.kms.katalon.core.keyword.builtin.VerifyEqualKeyword$_verifyEqual_closure1.doCall(VerifyEqualKeyword.groovy:58)
	at com.kms.katalon.core.keyword.builtin.VerifyEqualKeyword$_verifyEqual_closure1.call(VerifyEqualKeyword.groovy)
	at com.kms.katalon.core.keyword.internal.KeywordMain.runKeyword(KeywordMain.groovy:75)
	at com.kms.katalon.core.keyword.builtin.VerifyEqualKeyword.verifyEqual(VerifyEqualKeyword.groovy:63)
	at com.kms.katalon.core.keyword.builtin.VerifyEqualKeyword.execute(VerifyEqualKeyword.groovy:44)
	at com.kms.katalon.core.keyword.internal.KeywordExecutor.executeKeywordForPlatform(KeywordExecutor.groovy:74)
	at com.kms.katalon.core.keyword.BuiltinKeywords.verifyEqual(BuiltinKeywords.groovy:146)
	at jdk.internal.reflect.GeneratedMethodAccessor25.invoke(Unknown Source)
	at java.base/jdk.internal.reflect.DelegatingMethodAccessorImpl.invoke(DelegatingMethodAccessorImpl.java:43)
	at Выполнение бизнес-плана сверка дашбордов.CompareDZOData(Выполнение бизнес-плана сверка дашбордов:717)
	at Выполнение бизнес-плана сверка дашбордов.run(Выполнение бизнес-плана сверка дашбордов:598)
	at com.kms.katalon.core.main.ScriptEngine.run(ScriptEngine.java:194)
	at com.kms.katalon.core.main.ScriptEngine.runScriptAsRawText(ScriptEngine.java:119)
	at com.kms.katalon.core.main.TestCaseExecutor.runScript(TestCaseExecutor.java:448)
	at com.kms.katalon.core.main.TestCaseExecutor.doExecute(TestCaseExecutor.java:439)
	at com.kms.katalon.core.main.TestCaseExecutor.processExecutionPhase(TestCaseExecutor.java:418)
	at com.kms.katalon.core.main.TestCaseExecutor.accessMainPhase(TestCaseExecutor.java:410)
	at com.kms.katalon.core.main.TestCaseExecutor.execute(TestCaseExecutor.java:285)
	at com.kms.katalon.core.common.CommonExecutor.accessTestCaseMainPhase(CommonExecutor.java:65)
	at com.kms.katalon.core.main.TestSuiteExecutor.accessTestSuiteMainPhase(TestSuiteExecutor.java:150)
	at com.kms.katalon.core.main.TestSuiteExecutor.execute(TestSuiteExecutor.java:106)
	at com.kms.katalon.core.main.TestCaseMain.startTestSuite(TestCaseMain.java:180)
	at TempTestSuite1733285972582.run(TempTestSuite1733285972582.groovy:35)
	at java.base/jdk.internal.reflect.NativeMethodAccessorImpl.invoke0(Native Method)
	at java.base/jdk.internal.reflect.NativeMethodAccessorImpl.invoke(NativeMethodAccessorImpl.java:77)
	at java.base/jdk.internal.reflect.DelegatingMethodAccessorImpl.invoke(DelegatingMethodAccessorImpl.java:43)
)

04-12-2024T07:28:53 - [TEST_STEP][PASSED] - result = WriteToExcel(typeOfData, todaysDate, PercPlanR, PercPlanB, PercFactR, PercFactB, x, tabR, tabB, o1R, o1B, vidget): null

04-12-2024T07:28:53 - [TEST_STEP][PASSED] - iii = dZO.indexOf("/"): null

04-12-2024T07:28:53 - [TEST_STEP][PASSED] - println(iii): null

04-12-2024T07:28:53 - [TEST_STEP][PASSED] - dZO = dZO.substring(0, iii): null

04-12-2024T07:28:53 - [TEST_STEP][PASSED] - println(dZO): null

04-12-2024T07:28:53 - [TEST_STEP][PASSED] - println(PercPlanR): null

04-12-2024T07:28:53 - [TEST_STEP][PASSED] - println(PercPlanB): null

04-12-2024T07:28:53 - [TEST_STEP][PASSED] - println(PercFactR): null

04-12-2024T07:28:53 - [TEST_STEP][PASSED] - println(PercFactB): null

04-12-2024T07:28:53 - [TEST_STEP][PASSED] - println(tabR): null

04-12-2024T07:28:53 - [TEST_STEP][PASSED] - println(tabB): null

04-12-2024T07:28:53 - [TEST_STEP][PASSED] - println(o1R): null

04-12-2024T07:28:53 - [TEST_STEP][PASSED] - println(o1B): null

04-12-2024T07:28:53 - [TEST_STEP][PASSED] - PR = <not implemented yet for class: org.codehaus.groovy.ast.expr.EmptyExpression>: null

04-12-2024T07:28:53 - [TEST_STEP][PASSED] - FR = <not implemented yet for class: org.codehaus.groovy.ast.expr.EmptyExpression>: null

04-12-2024T07:28:53 - [TEST_STEP][PASSED] - PB = <not implemented yet for class: org.codehaus.groovy.ast.expr.EmptyExpression>: null

04-12-2024T07:28:53 - [TEST_STEP][PASSED] - FB = <not implemented yet for class: org.codehaus.groovy.ast.expr.EmptyExpression>: null

04-12-2024T07:28:53 - [TEST_STEP][PASSED] - TR = <not implemented yet for class: org.codehaus.groovy.ast.expr.EmptyExpression>: null

04-12-2024T07:28:53 - [TEST_STEP][PASSED] - TB = <not implemented yet for class: org.codehaus.groovy.ast.expr.EmptyExpression>: null

04-12-2024T07:28:53 - [TEST_STEP][PASSED] - sheetName = "Sheet1": null

04-12-2024T07:28:53 - [TEST_STEP][PASSED] - data = findTestData("PlanFact"): null

04-12-2024T07:28:53 - [TEST_STEP][PASSED] - n = data.getRowNumbers() + 1: null

04-12-2024T07:28:53 - [TEST_STEP][PASSED] - year = todaysDate.substring(todaysDate.length() - 4, todaysDate.length()): null

04-12-2024T07:28:53 - [TEST_STEP][PASSED] - y = year.toInteger(): null

04-12-2024T07:28:53 - [TEST_STEP][PASSED] - m = getText(findTestObject("Выполнение бизнес-плана/Выполнение бизнес-плана Балансы/Фильтр Дата")): Text of object 'Object Repository/Выполнение бизнес-плана/Выполнение бизнес-плана Балансы/Фильтр Дата' is: '1, 2, 3 кв., Октябрь 2024 года'

04-12-2024T07:28:53 - [MESSAGE][PASSED] - Text of object 'Object Repository/Выполнение бизнес-плана/Выполнение бизнес-плана Балансы/Фильтр Дата' is: '1, 2, 3 кв., Октябрь 2024 года'

04-12-2024T07:28:53 - [TEST_STEP][PASSED] - m = m.substring(0, m.indexOf("2024")): null

04-12-2024T07:28:53 - [TEST_STEP][PASSED] - m = m.trim(): null

04-12-2024T07:28:53 - [TEST_STEP][PASSED] - dashboardName = "Выполнение бизнес-плана": null

04-12-2024T07:28:53 - [TEST_STEP][PASSED] - workbook01 = getWorkbook(excelFilePath): null

04-12-2024T07:28:53 - [TEST_STEP][PASSED] - sheet01 = getExcelSheet(workbook01, sheetName): null

04-12-2024T07:28:53 - [TEST_STEP][PASSED] - setValueToCellByIndex(sheet01, n, 0, dashboardName): null

04-12-2024T07:28:53 - [TEST_STEP][PASSED] - setValueToCellByIndex(sheet01, n, 1, dZO): null

04-12-2024T07:28:53 - [TEST_STEP][PASSED] - setValueToCellByIndex(sheet01, n, 2, typeOfData): null

04-12-2024T07:28:53 - [TEST_STEP][PASSED] - setValueToCellByIndex(sheet01, n, 3, typeOfData): null

04-12-2024T07:28:53 - [TEST_STEP][PASSED] - if (typeOfData == "План"): null

04-12-2024T07:28:53 - [TEST_STEP][PASSED] - else if (typeOfData == "Факт"): null

04-12-2024T07:28:53 - [TEST_STEP][PASSED] - else if (vidget.contains("электроэнергии") == true): null

04-12-2024T07:28:53 - [TEST_STEP][PASSED] - if (tabR == null): null

04-12-2024T07:28:53 - [TEST_STEP][PASSED] - else: null

04-12-2024T07:28:53 - [TEST_STEP][PASSED] - if (tabR == "нет данных"): null

04-12-2024T07:28:53 - [TEST_STEP][PASSED] - setValueToCellByIndex(sheet01, n, 4, "нет данных"): null

04-12-2024T07:28:53 - [TEST_STEP][PASSED] - if (tabB == null): null

04-12-2024T07:28:53 - [TEST_STEP][PASSED] - else: null

04-12-2024T07:28:53 - [TEST_STEP][PASSED] - if (tabB == "нет данных"): null

04-12-2024T07:28:53 - [TEST_STEP][PASSED] - else: null

04-12-2024T07:28:53 - [TEST_STEP][PASSED] - TB = tabB.toInteger(): null

04-12-2024T07:28:53 - [TEST_STEP][PASSED] - setValueToCellByIndex(sheet01, n, 5, TB): null

04-12-2024T07:28:53 - [TEST_STEP][PASSED] - setValueToCellByIndex(sheet01, n, 6, m): null

04-12-2024T07:28:53 - [TEST_STEP][PASSED] - setValueToCellByIndex(sheet01, n, 7, y): null

04-12-2024T07:28:53 - [TEST_STEP][PASSED] - setValueToCellByIndex(sheet01, n, 8, todaysDate): null

04-12-2024T07:28:53 - [TEST_STEP][PASSED] - n = n + 1: null

04-12-2024T07:28:53 - [TEST_STEP][PASSED] - saveWorkbook(excelFilePath, workbook01): null

04-12-2024T07:28:53 - [TEST_STEP][PASSED] - typeOfData = "Факт Потери": null

04-12-2024T07:28:53 - [TEST_STEP][PASSED] - tabR = GetPFactR(x = a): null

04-12-2024T07:28:53 - [TEST_STEP][PASSED] - i1 = <not implemented yet for class: org.codehaus.groovy.ast.expr.EmptyExpression>: null

04-12-2024T07:28:53 - [TEST_STEP][PASSED] - ii = <not implemented yet for class: org.codehaus.groovy.ast.expr.EmptyExpression>: null

04-12-2024T07:28:53 - [TEST_STEP][PASSED] - for ([ii = 1, ii < 6, (ii++)]): null

04-12-2024T07:28:53 - [TEST_STEP][PASSED] - i1 = x.indexOf("/") + 1: null

04-12-2024T07:28:53 - [TEST_STEP][PASSED] - if (i1 > -1): null

04-12-2024T07:28:53 - [TEST_STEP][PASSED] - x = x.substring(i1, x.length()): null

04-12-2024T07:28:53 - [TEST_STEP][PASSED] - println(x): null

04-12-2024T07:28:53 - [TEST_STEP][PASSED] - i1 = x.indexOf("/") + 1: null

04-12-2024T07:28:53 - [TEST_STEP][PASSED] - if (i1 > -1): null

04-12-2024T07:28:53 - [TEST_STEP][PASSED] - x = x.substring(i1, x.length()): null

04-12-2024T07:28:53 - [TEST_STEP][PASSED] - println(x): null

04-12-2024T07:28:53 - [TEST_STEP][PASSED] - i1 = x.indexOf("/") + 1: null

04-12-2024T07:28:53 - [TEST_STEP][PASSED] - if (i1 > -1): null

04-12-2024T07:28:53 - [TEST_STEP][PASSED] - x = x.substring(i1, x.length()): null

04-12-2024T07:28:53 - [TEST_STEP][PASSED] - println(x): null

04-12-2024T07:28:53 - [TEST_STEP][PASSED] - i1 = x.indexOf("/") + 1: null

04-12-2024T07:28:53 - [TEST_STEP][PASSED] - if (i1 > -1): null

04-12-2024T07:28:53 - [TEST_STEP][PASSED] - x = x.substring(i1, x.length()): null

04-12-2024T07:28:53 - [TEST_STEP][PASSED] - println(x): null

04-12-2024T07:28:53 - [TEST_STEP][PASSED] - i1 = x.indexOf("/") + 1: null

04-12-2024T07:28:53 - [TEST_STEP][PASSED] - if (i1 > -1): null

04-12-2024T07:28:53 - [TEST_STEP][PASSED] - x = x.substring(i1, x.length()): null

04-12-2024T07:28:53 - [TEST_STEP][PASSED] - println(x): null

04-12-2024T07:28:53 - [TEST_STEP][PASSED] - i1 = x.indexOf("/"): null

04-12-2024T07:28:53 - [TEST_STEP][PASSED] - if (i1 > -1): null

04-12-2024T07:28:53 - [TEST_STEP][PASSED] - x = x.substring(0, i1): null

04-12-2024T07:28:53 - [TEST_STEP][PASSED] - println(x): null

04-12-2024T07:28:53 - [TEST_STEP][PASSED] - return x: null

04-12-2024T07:28:53 - [TEST_STEP][PASSED] - tabB = GetPFactB(x = b): null

04-12-2024T07:28:53 - [TEST_STEP][PASSED] - i1 = <not implemented yet for class: org.codehaus.groovy.ast.expr.EmptyExpression>: null

04-12-2024T07:28:53 - [TEST_STEP][PASSED] - ii = <not implemented yet for class: org.codehaus.groovy.ast.expr.EmptyExpression>: null

04-12-2024T07:28:53 - [TEST_STEP][PASSED] - for ([ii = 1, ii < 6, (ii++)]): null

04-12-2024T07:28:53 - [TEST_STEP][PASSED] - i1 = x.indexOf("/") + 1: null

04-12-2024T07:28:53 - [TEST_STEP][PASSED] - if (i1 > -1): null

04-12-2024T07:28:53 - [TEST_STEP][PASSED] - x = x.substring(i1, x.length()): null

04-12-2024T07:28:53 - [TEST_STEP][PASSED] - println(x): null

04-12-2024T07:28:53 - [TEST_STEP][PASSED] - i1 = x.indexOf("/") + 1: null

04-12-2024T07:28:53 - [TEST_STEP][PASSED] - if (i1 > -1): null

04-12-2024T07:28:53 - [TEST_STEP][PASSED] - x = x.substring(i1, x.length()): null

04-12-2024T07:28:53 - [TEST_STEP][PASSED] - println(x): null

04-12-2024T07:28:53 - [TEST_STEP][PASSED] - i1 = x.indexOf("/") + 1: null

04-12-2024T07:28:53 - [TEST_STEP][PASSED] - if (i1 > -1): null

04-12-2024T07:28:53 - [TEST_STEP][PASSED] - x = x.substring(i1, x.length()): null

04-12-2024T07:28:53 - [TEST_STEP][PASSED] - println(x): null

04-12-2024T07:28:53 - [TEST_STEP][PASSED] - i1 = x.indexOf("/") + 1: null

04-12-2024T07:28:53 - [TEST_STEP][PASSED] - if (i1 > -1): null

04-12-2024T07:28:53 - [TEST_STEP][PASSED] - x = x.substring(i1, x.length()): null

04-12-2024T07:28:53 - [TEST_STEP][PASSED] - println(x): null

04-12-2024T07:28:53 - [TEST_STEP][PASSED] - i1 = x.indexOf("/") + 1: null

04-12-2024T07:28:53 - [TEST_STEP][PASSED] - if (i1 > -1): null

04-12-2024T07:28:53 - [TEST_STEP][PASSED] - x = x.substring(i1, x.length()): null

04-12-2024T07:28:53 - [TEST_STEP][PASSED] - println(x): null

04-12-2024T07:28:53 - [TEST_STEP][PASSED] - i1 = x.indexOf("/"): null

04-12-2024T07:28:53 - [TEST_STEP][PASSED] - if (i1 > -1): null

04-12-2024T07:28:53 - [TEST_STEP][PASSED] - x = x.substring(0, i1): null

04-12-2024T07:28:53 - [TEST_STEP][PASSED] - println(x): null

04-12-2024T07:28:53 - [TEST_STEP][FAILED] - return x: null

04-12-2024T07:28:53 - [TEST_STEP][PASSED] - println(tabR + "/" + tabB): null

04-12-2024T07:28:53 - [TEST_STEP][FAILED] - if (verifyEqual(tabR, tabB) == false): null

04-12-2024T07:28:53 - [MESSAGE][FAILED] - Unable to verify equal between actual object 'нет данных' and expected object '2233593' (Root cause: com.kms.katalon.core.exception.StepFailedException: Actual object 'нет данных' and expected object '2233593' are not equal
	at com.kms.katalon.core.keyword.builtin.VerifyEqualKeyword$_verifyEqual_closure1.doCall(VerifyEqualKeyword.groovy:58)
	at com.kms.katalon.core.keyword.builtin.VerifyEqualKeyword$_verifyEqual_closure1.call(VerifyEqualKeyword.groovy)
	at com.kms.katalon.core.keyword.internal.KeywordMain.runKeyword(KeywordMain.groovy:75)
	at com.kms.katalon.core.keyword.builtin.VerifyEqualKeyword.verifyEqual(VerifyEqualKeyword.groovy:63)
	at com.kms.katalon.core.keyword.builtin.VerifyEqualKeyword.execute(VerifyEqualKeyword.groovy:44)
	at com.kms.katalon.core.keyword.internal.KeywordExecutor.executeKeywordForPlatform(KeywordExecutor.groovy:74)
	at com.kms.katalon.core.keyword.BuiltinKeywords.verifyEqual(BuiltinKeywords.groovy:146)
	at jdk.internal.reflect.GeneratedMethodAccessor25.invoke(Unknown Source)
	at java.base/jdk.internal.reflect.DelegatingMethodAccessorImpl.invoke(DelegatingMethodAccessorImpl.java:43)
	at Выполнение бизнес-плана сверка дашбордов.CompareDZOData(Выполнение бизнес-плана сверка дашбордов:730)
	at Выполнение бизнес-плана сверка дашбордов.run(Выполнение бизнес-плана сверка дашбордов:598)
	at com.kms.katalon.core.main.ScriptEngine.run(ScriptEngine.java:194)
	at com.kms.katalon.core.main.ScriptEngine.runScriptAsRawText(ScriptEngine.java:119)
	at com.kms.katalon.core.main.TestCaseExecutor.runScript(TestCaseExecutor.java:448)
	at com.kms.katalon.core.main.TestCaseExecutor.doExecute(TestCaseExecutor.java:439)
	at com.kms.katalon.core.main.TestCaseExecutor.processExecutionPhase(TestCaseExecutor.java:418)
	at com.kms.katalon.core.main.TestCaseExecutor.accessMainPhase(TestCaseExecutor.java:410)
	at com.kms.katalon.core.main.TestCaseExecutor.execute(TestCaseExecutor.java:285)
	at com.kms.katalon.core.common.CommonExecutor.accessTestCaseMainPhase(CommonExecutor.java:65)
	at com.kms.katalon.core.main.TestSuiteExecutor.accessTestSuiteMainPhase(TestSuiteExecutor.java:150)
	at com.kms.katalon.core.main.TestSuiteExecutor.execute(TestSuiteExecutor.java:106)
	at com.kms.katalon.core.main.TestCaseMain.startTestSuite(TestCaseMain.java:180)
	at TempTestSuite1733285972582.run(TempTestSuite1733285972582.groovy:35)
	at java.base/jdk.internal.reflect.NativeMethodAccessorImpl.invoke0(Native Method)
	at java.base/jdk.internal.reflect.NativeMethodAccessorImpl.invoke(NativeMethodAccessorImpl.java:77)
	at java.base/jdk.internal.reflect.DelegatingMethodAccessorImpl.invoke(DelegatingMethodAccessorImpl.java:43)
)

04-12-2024T07:28:53 - [TEST_STEP][PASSED] - result = WriteToExcel(typeOfData, todaysDate, PercPlanR, PercPlanB, PercFactR, PercFactB, x, tabR, tabB, o1R, o1B, vidget): null

04-12-2024T07:28:53 - [TEST_STEP][PASSED] - iii = dZO.indexOf("/"): null

04-12-2024T07:28:53 - [TEST_STEP][PASSED] - println(iii): null

04-12-2024T07:28:53 - [TEST_STEP][PASSED] - dZO = dZO.substring(0, iii): null

04-12-2024T07:28:53 - [TEST_STEP][PASSED] - println(dZO): null

04-12-2024T07:28:53 - [TEST_STEP][PASSED] - println(PercPlanR): null

04-12-2024T07:28:53 - [TEST_STEP][PASSED] - println(PercPlanB): null

04-12-2024T07:28:53 - [TEST_STEP][PASSED] - println(PercFactR): null

04-12-2024T07:28:53 - [TEST_STEP][PASSED] - println(PercFactB): null

04-12-2024T07:28:53 - [TEST_STEP][PASSED] - println(tabR): null

04-12-2024T07:28:53 - [TEST_STEP][PASSED] - println(tabB): null

04-12-2024T07:28:53 - [TEST_STEP][PASSED] - println(o1R): null

04-12-2024T07:28:53 - [TEST_STEP][PASSED] - println(o1B): null

04-12-2024T07:28:53 - [TEST_STEP][PASSED] - PR = <not implemented yet for class: org.codehaus.groovy.ast.expr.EmptyExpression>: null

04-12-2024T07:28:53 - [TEST_STEP][PASSED] - FR = <not implemented yet for class: org.codehaus.groovy.ast.expr.EmptyExpression>: null

04-12-2024T07:28:53 - [TEST_STEP][PASSED] - PB = <not implemented yet for class: org.codehaus.groovy.ast.expr.EmptyExpression>: null

04-12-2024T07:28:53 - [TEST_STEP][PASSED] - FB = <not implemented yet for class: org.codehaus.groovy.ast.expr.EmptyExpression>: null

04-12-2024T07:28:53 - [TEST_STEP][PASSED] - TR = <not implemented yet for class: org.codehaus.groovy.ast.expr.EmptyExpression>: null

04-12-2024T07:28:53 - [TEST_STEP][PASSED] - TB = <not implemented yet for class: org.codehaus.groovy.ast.expr.EmptyExpression>: null

04-12-2024T07:28:53 - [TEST_STEP][PASSED] - sheetName = "Sheet1": null

04-12-2024T07:28:53 - [TEST_STEP][PASSED] - data = findTestData("PlanFact"): null

04-12-2024T07:28:53 - [TEST_STEP][PASSED] - n = data.getRowNumbers() + 1: null

04-12-2024T07:28:53 - [TEST_STEP][PASSED] - year = todaysDate.substring(todaysDate.length() - 4, todaysDate.length()): null

04-12-2024T07:28:53 - [TEST_STEP][PASSED] - y = year.toInteger(): null

04-12-2024T07:28:53 - [TEST_STEP][PASSED] - m = getText(findTestObject("Выполнение бизнес-плана/Выполнение бизнес-плана Балансы/Фильтр Дата")): Text of object 'Object Repository/Выполнение бизнес-плана/Выполнение бизнес-плана Балансы/Фильтр Дата' is: '1, 2, 3 кв., Октябрь 2024 года'

04-12-2024T07:28:54 - [MESSAGE][PASSED] - Text of object 'Object Repository/Выполнение бизнес-плана/Выполнение бизнес-плана Балансы/Фильтр Дата' is: '1, 2, 3 кв., Октябрь 2024 года'

04-12-2024T07:28:54 - [TEST_STEP][PASSED] - m = m.substring(0, m.indexOf("2024")): null

04-12-2024T07:28:54 - [TEST_STEP][PASSED] - m = m.trim(): null

04-12-2024T07:28:54 - [TEST_STEP][PASSED] - dashboardName = "Выполнение бизнес-плана": null

04-12-2024T07:28:54 - [TEST_STEP][PASSED] - workbook01 = getWorkbook(excelFilePath): null

04-12-2024T07:28:54 - [TEST_STEP][PASSED] - sheet01 = getExcelSheet(workbook01, sheetName): null

04-12-2024T07:28:54 - [TEST_STEP][PASSED] - setValueToCellByIndex(sheet01, n, 0, dashboardName): null

04-12-2024T07:28:54 - [TEST_STEP][PASSED] - setValueToCellByIndex(sheet01, n, 1, dZO): null

04-12-2024T07:28:54 - [TEST_STEP][PASSED] - setValueToCellByIndex(sheet01, n, 2, typeOfData): null

04-12-2024T07:28:54 - [TEST_STEP][PASSED] - setValueToCellByIndex(sheet01, n, 3, typeOfData): null

04-12-2024T07:28:54 - [TEST_STEP][PASSED] - if (typeOfData == "План"): null

04-12-2024T07:28:54 - [TEST_STEP][PASSED] - else if (typeOfData == "Факт"): null

04-12-2024T07:28:54 - [TEST_STEP][PASSED] - else if (vidget.contains("электроэнергии") == true): null

04-12-2024T07:28:54 - [TEST_STEP][PASSED] - if (tabR == null): null

04-12-2024T07:28:54 - [TEST_STEP][PASSED] - else: null

04-12-2024T07:28:54 - [TEST_STEP][PASSED] - if (tabR == "нет данных"): null

04-12-2024T07:28:54 - [TEST_STEP][PASSED] - setValueToCellByIndex(sheet01, n, 4, "нет данных"): null

04-12-2024T07:28:54 - [TEST_STEP][PASSED] - if (tabB == null): null

04-12-2024T07:28:54 - [TEST_STEP][PASSED] - else: null

04-12-2024T07:28:54 - [TEST_STEP][PASSED] - if (tabB == "нет данных"): null

04-12-2024T07:28:54 - [TEST_STEP][PASSED] - else: null

04-12-2024T07:28:54 - [TEST_STEP][PASSED] - TB = tabB.toInteger(): null

04-12-2024T07:28:54 - [TEST_STEP][PASSED] - setValueToCellByIndex(sheet01, n, 5, TB): null

04-12-2024T07:28:54 - [TEST_STEP][PASSED] - setValueToCellByIndex(sheet01, n, 6, m): null

04-12-2024T07:28:54 - [TEST_STEP][PASSED] - setValueToCellByIndex(sheet01, n, 7, y): null

04-12-2024T07:28:54 - [TEST_STEP][PASSED] - setValueToCellByIndex(sheet01, n, 8, todaysDate): null

04-12-2024T07:28:54 - [TEST_STEP][PASSED] - n = n + 1: null

04-12-2024T07:28:54 - [TEST_STEP][PASSED] - saveWorkbook(excelFilePath, workbook01): null

04-12-2024T07:28:54 - [TEST_STEP][PASSED] - vidget = "Показатели баланса электроэнергии по ДЗО – План": null

04-12-2024T07:28:54 - [TEST_STEP][PASSED] - typeOfData = "План Отпуск в сеть": null

04-12-2024T07:28:54 - [TEST_STEP][PASSED] - tabR = GetOvSPlanR(x = a): null

04-12-2024T07:28:54 - [TEST_STEP][PASSED] - i1 = <not implemented yet for class: org.codehaus.groovy.ast.expr.EmptyExpression>: null

04-12-2024T07:28:54 - [TEST_STEP][PASSED] - ii = <not implemented yet for class: org.codehaus.groovy.ast.expr.EmptyExpression>: null

04-12-2024T07:28:54 - [TEST_STEP][PASSED] - for ([ii = 1, ii < 7, (ii++)]): null

04-12-2024T07:28:54 - [TEST_STEP][PASSED] - i1 = x.indexOf("/") + 1: null

04-12-2024T07:28:54 - [TEST_STEP][PASSED] - if (i1 > -1): null

04-12-2024T07:28:54 - [TEST_STEP][PASSED] - x = x.substring(i1, x.length()): null

04-12-2024T07:28:54 - [TEST_STEP][PASSED] - println(x): null

04-12-2024T07:28:54 - [TEST_STEP][PASSED] - i1 = x.indexOf("/") + 1: null

04-12-2024T07:28:54 - [TEST_STEP][PASSED] - if (i1 > -1): null

04-12-2024T07:28:54 - [TEST_STEP][PASSED] - x = x.substring(i1, x.length()): null

04-12-2024T07:28:54 - [TEST_STEP][PASSED] - println(x): null

04-12-2024T07:28:54 - [TEST_STEP][PASSED] - i1 = x.indexOf("/") + 1: null

04-12-2024T07:28:54 - [TEST_STEP][PASSED] - if (i1 > -1): null

04-12-2024T07:28:54 - [TEST_STEP][PASSED] - x = x.substring(i1, x.length()): null

04-12-2024T07:28:54 - [TEST_STEP][PASSED] - println(x): null

04-12-2024T07:28:54 - [TEST_STEP][PASSED] - i1 = x.indexOf("/") + 1: null

04-12-2024T07:28:54 - [TEST_STEP][PASSED] - if (i1 > -1): null

04-12-2024T07:28:54 - [TEST_STEP][PASSED] - x = x.substring(i1, x.length()): null

04-12-2024T07:28:54 - [TEST_STEP][PASSED] - println(x): null

04-12-2024T07:28:54 - [TEST_STEP][PASSED] - i1 = x.indexOf("/") + 1: null

04-12-2024T07:28:54 - [TEST_STEP][PASSED] - if (i1 > -1): null

04-12-2024T07:28:54 - [TEST_STEP][PASSED] - x = x.substring(i1, x.length()): null

04-12-2024T07:28:54 - [TEST_STEP][PASSED] - println(x): null

04-12-2024T07:28:54 - [TEST_STEP][PASSED] - i1 = x.indexOf("/") + 1: null

04-12-2024T07:28:54 - [TEST_STEP][PASSED] - if (i1 > -1): null

04-12-2024T07:28:54 - [TEST_STEP][PASSED] - x = x.substring(i1, x.length()): null

04-12-2024T07:28:54 - [TEST_STEP][PASSED] - println(x): null

04-12-2024T07:28:54 - [TEST_STEP][PASSED] - i1 = x.indexOf("/"): null

04-12-2024T07:28:54 - [TEST_STEP][PASSED] - if (i1 > -1): null

04-12-2024T07:28:54 - [TEST_STEP][PASSED] - x = x.substring(0, i1): null

04-12-2024T07:28:54 - [TEST_STEP][PASSED] - println(x): null

04-12-2024T07:28:54 - [TEST_STEP][PASSED] - return x: null

04-12-2024T07:28:54 - [TEST_STEP][PASSED] - tabB = GetOvSPlanB(x = b): null

04-12-2024T07:28:54 - [TEST_STEP][PASSED] - i1 = <not implemented yet for class: org.codehaus.groovy.ast.expr.EmptyExpression>: null

04-12-2024T07:28:54 - [TEST_STEP][PASSED] - ii = <not implemented yet for class: org.codehaus.groovy.ast.expr.EmptyExpression>: null

04-12-2024T07:28:54 - [TEST_STEP][PASSED] - for ([ii = 1, ii < 7, (ii++)]): null

04-12-2024T07:28:54 - [TEST_STEP][PASSED] - i1 = x.indexOf("/") + 1: null

04-12-2024T07:28:54 - [TEST_STEP][PASSED] - if (i1 > -1): null

04-12-2024T07:28:54 - [TEST_STEP][PASSED] - x = x.substring(i1, x.length()): null

04-12-2024T07:28:54 - [TEST_STEP][PASSED] - println(x): null

04-12-2024T07:28:54 - [TEST_STEP][PASSED] - i1 = x.indexOf("/") + 1: null

04-12-2024T07:28:54 - [TEST_STEP][PASSED] - if (i1 > -1): null

04-12-2024T07:28:54 - [TEST_STEP][PASSED] - x = x.substring(i1, x.length()): null

04-12-2024T07:28:54 - [TEST_STEP][PASSED] - println(x): null

04-12-2024T07:28:54 - [TEST_STEP][PASSED] - i1 = x.indexOf("/") + 1: null

04-12-2024T07:28:54 - [TEST_STEP][PASSED] - if (i1 > -1): null

04-12-2024T07:28:54 - [TEST_STEP][PASSED] - x = x.substring(i1, x.length()): null

04-12-2024T07:28:54 - [TEST_STEP][PASSED] - println(x): null

04-12-2024T07:28:54 - [TEST_STEP][PASSED] - i1 = x.indexOf("/") + 1: null

04-12-2024T07:28:54 - [TEST_STEP][PASSED] - if (i1 > -1): null

04-12-2024T07:28:54 - [TEST_STEP][PASSED] - x = x.substring(i1, x.length()): null

04-12-2024T07:28:54 - [TEST_STEP][PASSED] - println(x): null

04-12-2024T07:28:54 - [TEST_STEP][PASSED] - i1 = x.indexOf("/") + 1: null

04-12-2024T07:28:54 - [TEST_STEP][PASSED] - if (i1 > -1): null

04-12-2024T07:28:54 - [TEST_STEP][PASSED] - x = x.substring(i1, x.length()): null

04-12-2024T07:28:54 - [TEST_STEP][PASSED] - println(x): null

04-12-2024T07:28:54 - [TEST_STEP][PASSED] - i1 = x.indexOf("/") + 1: null

04-12-2024T07:28:54 - [TEST_STEP][PASSED] - if (i1 > -1): null

04-12-2024T07:28:54 - [TEST_STEP][PASSED] - x = x.substring(i1, x.length()): null

04-12-2024T07:28:54 - [TEST_STEP][PASSED] - println(x): null

04-12-2024T07:28:54 - [TEST_STEP][PASSED] - i1 = x.indexOf("/"): null

04-12-2024T07:28:54 - [TEST_STEP][PASSED] - if (i1 > -1): null

04-12-2024T07:28:54 - [TEST_STEP][PASSED] - x = x.substring(0, i1): null

04-12-2024T07:28:54 - [TEST_STEP][PASSED] - println(x): null

04-12-2024T07:28:54 - [TEST_STEP][FAILED] - return x: null

04-12-2024T07:28:54 - [TEST_STEP][PASSED] - println(tabR + "/" + tabB): null

04-12-2024T07:28:54 - [TEST_STEP][FAILED] - if (verifyEqual(PercFactR, PercFactB) == false): null

04-12-2024T07:28:54 - [MESSAGE][FAILED] - Unable to verify equal between actual object 'нет данных' and expected object '5.05' (Root cause: com.kms.katalon.core.exception.StepFailedException: Actual object 'нет данных' and expected object '5.05' are not equal
	at com.kms.katalon.core.keyword.builtin.VerifyEqualKeyword$_verifyEqual_closure1.doCall(VerifyEqualKeyword.groovy:58)
	at com.kms.katalon.core.keyword.builtin.VerifyEqualKeyword$_verifyEqual_closure1.call(VerifyEqualKeyword.groovy)
	at com.kms.katalon.core.keyword.internal.KeywordMain.runKeyword(KeywordMain.groovy:75)
	at com.kms.katalon.core.keyword.builtin.VerifyEqualKeyword.verifyEqual(VerifyEqualKeyword.groovy:63)
	at com.kms.katalon.core.keyword.builtin.VerifyEqualKeyword.execute(VerifyEqualKeyword.groovy:44)
	at com.kms.katalon.core.keyword.internal.KeywordExecutor.executeKeywordForPlatform(KeywordExecutor.groovy:74)
	at com.kms.katalon.core.keyword.BuiltinKeywords.verifyEqual(BuiltinKeywords.groovy:146)
	at jdk.internal.reflect.GeneratedMethodAccessor25.invoke(Unknown Source)
	at java.base/jdk.internal.reflect.DelegatingMethodAccessorImpl.invoke(DelegatingMethodAccessorImpl.java:43)
	at Выполнение бизнес-плана сверка дашбордов.CompareDZOData(Выполнение бизнес-плана сверка дашбордов:745)
	at Выполнение бизнес-плана сверка дашбордов.run(Выполнение бизнес-плана сверка дашбордов:598)
	at com.kms.katalon.core.main.ScriptEngine.run(ScriptEngine.java:194)
	at com.kms.katalon.core.main.ScriptEngine.runScriptAsRawText(ScriptEngine.java:119)
	at com.kms.katalon.core.main.TestCaseExecutor.runScript(TestCaseExecutor.java:448)
	at com.kms.katalon.core.main.TestCaseExecutor.doExecute(TestCaseExecutor.java:439)
	at com.kms.katalon.core.main.TestCaseExecutor.processExecutionPhase(TestCaseExecutor.java:418)
	at com.kms.katalon.core.main.TestCaseExecutor.accessMainPhase(TestCaseExecutor.java:410)
	at com.kms.katalon.core.main.TestCaseExecutor.execute(TestCaseExecutor.java:285)
	at com.kms.katalon.core.common.CommonExecutor.accessTestCaseMainPhase(CommonExecutor.java:65)
	at com.kms.katalon.core.main.TestSuiteExecutor.accessTestSuiteMainPhase(TestSuiteExecutor.java:150)
	at com.kms.katalon.core.main.TestSuiteExecutor.execute(TestSuiteExecutor.java:106)
	at com.kms.katalon.core.main.TestCaseMain.startTestSuite(TestCaseMain.java:180)
	at TempTestSuite1733285972582.run(TempTestSuite1733285972582.groovy:35)
	at java.base/jdk.internal.reflect.NativeMethodAccessorImpl.invoke0(Native Method)
	at java.base/jdk.internal.reflect.NativeMethodAccessorImpl.invoke(NativeMethodAccessorImpl.java:77)
	at java.base/jdk.internal.reflect.DelegatingMethodAccessorImpl.invoke(DelegatingMethodAccessorImpl.java:43)
)

04-12-2024T07:28:54 - [TEST_STEP][PASSED] - result = WriteToExcel(typeOfData, todaysDate, PercPlanR, PercPlanB, PercFactR, PercFactB, x, tabR, tabB, o1R, o1B, vidget): null

04-12-2024T07:28:54 - [TEST_STEP][PASSED] - iii = dZO.indexOf("/"): null

04-12-2024T07:28:54 - [TEST_STEP][PASSED] - println(iii): null

04-12-2024T07:28:54 - [TEST_STEP][PASSED] - dZO = dZO.substring(0, iii): null

04-12-2024T07:28:54 - [TEST_STEP][PASSED] - println(dZO): null

04-12-2024T07:28:54 - [TEST_STEP][PASSED] - println(PercPlanR): null

04-12-2024T07:28:54 - [TEST_STEP][PASSED] - println(PercPlanB): null

04-12-2024T07:28:54 - [TEST_STEP][PASSED] - println(PercFactR): null

04-12-2024T07:28:54 - [TEST_STEP][PASSED] - println(PercFactB): null

04-12-2024T07:28:54 - [TEST_STEP][PASSED] - println(tabR): null

04-12-2024T07:28:54 - [TEST_STEP][PASSED] - println(tabB): null

04-12-2024T07:28:54 - [TEST_STEP][PASSED] - println(o1R): null

04-12-2024T07:28:54 - [TEST_STEP][PASSED] - println(o1B): null

04-12-2024T07:28:54 - [TEST_STEP][PASSED] - PR = <not implemented yet for class: org.codehaus.groovy.ast.expr.EmptyExpression>: null

04-12-2024T07:28:54 - [TEST_STEP][PASSED] - FR = <not implemented yet for class: org.codehaus.groovy.ast.expr.EmptyExpression>: null

04-12-2024T07:28:54 - [TEST_STEP][PASSED] - PB = <not implemented yet for class: org.codehaus.groovy.ast.expr.EmptyExpression>: null

04-12-2024T07:28:54 - [TEST_STEP][PASSED] - FB = <not implemented yet for class: org.codehaus.groovy.ast.expr.EmptyExpression>: null

04-12-2024T07:28:54 - [TEST_STEP][PASSED] - TR = <not implemented yet for class: org.codehaus.groovy.ast.expr.EmptyExpression>: null

04-12-2024T07:28:54 - [TEST_STEP][PASSED] - TB = <not implemented yet for class: org.codehaus.groovy.ast.expr.EmptyExpression>: null

04-12-2024T07:28:54 - [TEST_STEP][PASSED] - sheetName = "Sheet1": null

04-12-2024T07:28:54 - [TEST_STEP][PASSED] - data = findTestData("PlanFact"): null

04-12-2024T07:28:54 - [TEST_STEP][PASSED] - n = data.getRowNumbers() + 1: null

04-12-2024T07:28:54 - [TEST_STEP][PASSED] - year = todaysDate.substring(todaysDate.length() - 4, todaysDate.length()): null

04-12-2024T07:28:54 - [TEST_STEP][PASSED] - y = year.toInteger(): null

04-12-2024T07:28:54 - [TEST_STEP][PASSED] - m = getText(findTestObject("Выполнение бизнес-плана/Выполнение бизнес-плана Балансы/Фильтр Дата")): Text of object 'Object Repository/Выполнение бизнес-плана/Выполнение бизнес-плана Балансы/Фильтр Дата' is: '1, 2, 3 кв., Октябрь 2024 года'

04-12-2024T07:28:54 - [MESSAGE][PASSED] - Text of object 'Object Repository/Выполнение бизнес-плана/Выполнение бизнес-плана Балансы/Фильтр Дата' is: '1, 2, 3 кв., Октябрь 2024 года'

04-12-2024T07:28:54 - [TEST_STEP][PASSED] - m = m.substring(0, m.indexOf("2024")): null

04-12-2024T07:28:54 - [TEST_STEP][PASSED] - m = m.trim(): null

04-12-2024T07:28:54 - [TEST_STEP][PASSED] - dashboardName = "Выполнение бизнес-плана": null

04-12-2024T07:28:54 - [TEST_STEP][PASSED] - workbook01 = getWorkbook(excelFilePath): null

04-12-2024T07:28:54 - [TEST_STEP][PASSED] - sheet01 = getExcelSheet(workbook01, sheetName): null

04-12-2024T07:28:54 - [TEST_STEP][PASSED] - setValueToCellByIndex(sheet01, n, 0, dashboardName): null

04-12-2024T07:28:54 - [TEST_STEP][PASSED] - setValueToCellByIndex(sheet01, n, 1, dZO): null

04-12-2024T07:28:54 - [TEST_STEP][PASSED] - setValueToCellByIndex(sheet01, n, 2, typeOfData): null

04-12-2024T07:28:54 - [TEST_STEP][PASSED] - setValueToCellByIndex(sheet01, n, 3, typeOfData): null

04-12-2024T07:28:54 - [TEST_STEP][PASSED] - if (typeOfData == "План"): null

04-12-2024T07:28:54 - [TEST_STEP][PASSED] - else if (typeOfData == "Факт"): null

04-12-2024T07:28:54 - [TEST_STEP][PASSED] - else if (vidget.contains("электроэнергии") == true): null

04-12-2024T07:28:54 - [TEST_STEP][PASSED] - if (tabR == null): null

04-12-2024T07:28:54 - [TEST_STEP][PASSED] - else: null

04-12-2024T07:28:54 - [TEST_STEP][PASSED] - if (tabR == "нет данных"): null

04-12-2024T07:28:54 - [TEST_STEP][PASSED] - setValueToCellByIndex(sheet01, n, 4, "нет данных"): null

04-12-2024T07:28:54 - [TEST_STEP][PASSED] - if (tabB == null): null

04-12-2024T07:28:54 - [TEST_STEP][PASSED] - else: null

04-12-2024T07:28:54 - [TEST_STEP][PASSED] - if (tabB == "нет данных"): null

04-12-2024T07:28:54 - [TEST_STEP][PASSED] - else: null

04-12-2024T07:28:54 - [TEST_STEP][PASSED] - TB = tabB.toInteger(): null

04-12-2024T07:28:54 - [TEST_STEP][PASSED] - setValueToCellByIndex(sheet01, n, 5, TB): null

04-12-2024T07:28:54 - [TEST_STEP][PASSED] - setValueToCellByIndex(sheet01, n, 6, m): null

04-12-2024T07:28:54 - [TEST_STEP][PASSED] - setValueToCellByIndex(sheet01, n, 7, y): null

04-12-2024T07:28:54 - [TEST_STEP][PASSED] - setValueToCellByIndex(sheet01, n, 8, todaysDate): null

04-12-2024T07:28:54 - [TEST_STEP][PASSED] - n = n + 1: null

04-12-2024T07:28:54 - [TEST_STEP][PASSED] - saveWorkbook(excelFilePath, workbook01): null

04-12-2024T07:28:55 - [TEST_STEP][PASSED] - typeOfData = "План Отпуск из сети": null

04-12-2024T07:28:55 - [TEST_STEP][PASSED] - tabR = GetOiSPlanR(x = a): null

04-12-2024T07:28:55 - [TEST_STEP][PASSED] - i1 = <not implemented yet for class: org.codehaus.groovy.ast.expr.EmptyExpression>: null

04-12-2024T07:28:55 - [TEST_STEP][PASSED] - ii = <not implemented yet for class: org.codehaus.groovy.ast.expr.EmptyExpression>: null

04-12-2024T07:28:55 - [TEST_STEP][PASSED] - for ([ii = 1, ii < 8, (ii++)]): null

04-12-2024T07:28:55 - [TEST_STEP][PASSED] - i1 = x.indexOf("/") + 1: null

04-12-2024T07:28:55 - [TEST_STEP][PASSED] - if (i1 > -1): null

04-12-2024T07:28:55 - [TEST_STEP][PASSED] - x = x.substring(i1, x.length()): null

04-12-2024T07:28:55 - [TEST_STEP][PASSED] - println(x): null

04-12-2024T07:28:55 - [TEST_STEP][PASSED] - i1 = x.indexOf("/") + 1: null

04-12-2024T07:28:55 - [TEST_STEP][PASSED] - if (i1 > -1): null

04-12-2024T07:28:55 - [TEST_STEP][PASSED] - x = x.substring(i1, x.length()): null

04-12-2024T07:28:55 - [TEST_STEP][PASSED] - println(x): null

04-12-2024T07:28:55 - [TEST_STEP][PASSED] - i1 = x.indexOf("/") + 1: null

04-12-2024T07:28:55 - [TEST_STEP][PASSED] - if (i1 > -1): null

04-12-2024T07:28:55 - [TEST_STEP][PASSED] - x = x.substring(i1, x.length()): null

04-12-2024T07:28:55 - [TEST_STEP][PASSED] - println(x): null

04-12-2024T07:28:55 - [TEST_STEP][PASSED] - i1 = x.indexOf("/") + 1: null

04-12-2024T07:28:55 - [TEST_STEP][PASSED] - if (i1 > -1): null

04-12-2024T07:28:55 - [TEST_STEP][PASSED] - x = x.substring(i1, x.length()): null

04-12-2024T07:28:55 - [TEST_STEP][PASSED] - println(x): null

04-12-2024T07:28:55 - [TEST_STEP][PASSED] - i1 = x.indexOf("/") + 1: null

04-12-2024T07:28:55 - [TEST_STEP][PASSED] - if (i1 > -1): null

04-12-2024T07:28:55 - [TEST_STEP][PASSED] - x = x.substring(i1, x.length()): null

04-12-2024T07:28:55 - [TEST_STEP][PASSED] - println(x): null

04-12-2024T07:28:55 - [TEST_STEP][PASSED] - i1 = x.indexOf("/") + 1: null

04-12-2024T07:28:55 - [TEST_STEP][PASSED] - if (i1 > -1): null

04-12-2024T07:28:55 - [TEST_STEP][PASSED] - x = x.substring(i1, x.length()): null

04-12-2024T07:28:55 - [TEST_STEP][PASSED] - println(x): null

04-12-2024T07:28:55 - [TEST_STEP][PASSED] - i1 = x.indexOf("/") + 1: null

04-12-2024T07:28:55 - [TEST_STEP][PASSED] - if (i1 > -1): null

04-12-2024T07:28:55 - [TEST_STEP][PASSED] - x = x.substring(i1, x.length()): null

04-12-2024T07:28:55 - [TEST_STEP][PASSED] - println(x): null

04-12-2024T07:28:55 - [TEST_STEP][PASSED] - i1 = x.indexOf("/"): null

04-12-2024T07:28:55 - [TEST_STEP][PASSED] - if (i1 > -1): null

04-12-2024T07:28:55 - [TEST_STEP][PASSED] - x = x.substring(0, i1): null

04-12-2024T07:28:55 - [TEST_STEP][PASSED] - println(x): null

04-12-2024T07:28:55 - [TEST_STEP][PASSED] - return x: null

04-12-2024T07:28:55 - [TEST_STEP][PASSED] - tabB = GetOiSPlanB(x = b): null

04-12-2024T07:28:55 - [TEST_STEP][PASSED] - i1 = <not implemented yet for class: org.codehaus.groovy.ast.expr.EmptyExpression>: null

04-12-2024T07:28:55 - [TEST_STEP][PASSED] - ii = <not implemented yet for class: org.codehaus.groovy.ast.expr.EmptyExpression>: null

04-12-2024T07:28:55 - [TEST_STEP][PASSED] - for ([ii = 1, ii < 8, (ii++)]): null

04-12-2024T07:28:55 - [TEST_STEP][PASSED] - i1 = x.indexOf("/") + 1: null

04-12-2024T07:28:55 - [TEST_STEP][PASSED] - if (i1 > -1): null

04-12-2024T07:28:55 - [TEST_STEP][PASSED] - x = x.substring(i1, x.length()): null

04-12-2024T07:28:55 - [TEST_STEP][PASSED] - println(x): null

04-12-2024T07:28:55 - [TEST_STEP][PASSED] - i1 = x.indexOf("/") + 1: null

04-12-2024T07:28:55 - [TEST_STEP][PASSED] - if (i1 > -1): null

04-12-2024T07:28:55 - [TEST_STEP][PASSED] - x = x.substring(i1, x.length()): null

04-12-2024T07:28:55 - [TEST_STEP][PASSED] - println(x): null

04-12-2024T07:28:55 - [TEST_STEP][PASSED] - i1 = x.indexOf("/") + 1: null

04-12-2024T07:28:55 - [TEST_STEP][PASSED] - if (i1 > -1): null

04-12-2024T07:28:55 - [TEST_STEP][PASSED] - x = x.substring(i1, x.length()): null

04-12-2024T07:28:55 - [TEST_STEP][PASSED] - println(x): null

04-12-2024T07:28:55 - [TEST_STEP][PASSED] - i1 = x.indexOf("/") + 1: null

04-12-2024T07:28:55 - [TEST_STEP][PASSED] - if (i1 > -1): null

04-12-2024T07:28:55 - [TEST_STEP][PASSED] - x = x.substring(i1, x.length()): null

04-12-2024T07:28:55 - [TEST_STEP][PASSED] - println(x): null

04-12-2024T07:28:55 - [TEST_STEP][PASSED] - i1 = x.indexOf("/") + 1: null

04-12-2024T07:28:55 - [TEST_STEP][PASSED] - if (i1 > -1): null

04-12-2024T07:28:55 - [TEST_STEP][PASSED] - x = x.substring(i1, x.length()): null

04-12-2024T07:28:55 - [TEST_STEP][PASSED] - println(x): null

04-12-2024T07:28:55 - [TEST_STEP][PASSED] - i1 = x.indexOf("/") + 1: null

04-12-2024T07:28:55 - [TEST_STEP][PASSED] - if (i1 > -1): null

04-12-2024T07:28:55 - [TEST_STEP][PASSED] - x = x.substring(i1, x.length()): null

04-12-2024T07:28:55 - [TEST_STEP][PASSED] - println(x): null

04-12-2024T07:28:55 - [TEST_STEP][PASSED] - i1 = x.indexOf("/") + 1: null

04-12-2024T07:28:55 - [TEST_STEP][PASSED] - if (i1 > -1): null

04-12-2024T07:28:55 - [TEST_STEP][PASSED] - x = x.substring(i1, x.length()): null

04-12-2024T07:28:55 - [TEST_STEP][PASSED] - println(x): null

04-12-2024T07:28:55 - [TEST_STEP][PASSED] - i1 = x.indexOf("/"): null

04-12-2024T07:28:55 - [TEST_STEP][PASSED] - if (i1 > -1): null

04-12-2024T07:28:55 - [TEST_STEP][PASSED] - x = x.substring(0, i1): null

04-12-2024T07:28:55 - [TEST_STEP][PASSED] - println(x): null

04-12-2024T07:28:55 - [TEST_STEP][FAILED] - return x: null

04-12-2024T07:28:55 - [TEST_STEP][PASSED] - println(tabR + "/" + tabB): null

04-12-2024T07:28:55 - [TEST_STEP][FAILED] - if (verifyEqual(PercFactR, PercFactB) == false): null

04-12-2024T07:28:55 - [MESSAGE][FAILED] - Unable to verify equal between actual object 'нет данных' and expected object '5.05' (Root cause: com.kms.katalon.core.exception.StepFailedException: Actual object 'нет данных' and expected object '5.05' are not equal
	at com.kms.katalon.core.keyword.builtin.VerifyEqualKeyword$_verifyEqual_closure1.doCall(VerifyEqualKeyword.groovy:58)
	at com.kms.katalon.core.keyword.builtin.VerifyEqualKeyword$_verifyEqual_closure1.call(VerifyEqualKeyword.groovy)
	at com.kms.katalon.core.keyword.internal.KeywordMain.runKeyword(KeywordMain.groovy:75)
	at com.kms.katalon.core.keyword.builtin.VerifyEqualKeyword.verifyEqual(VerifyEqualKeyword.groovy:63)
	at com.kms.katalon.core.keyword.builtin.VerifyEqualKeyword.execute(VerifyEqualKeyword.groovy:44)
	at com.kms.katalon.core.keyword.internal.KeywordExecutor.executeKeywordForPlatform(KeywordExecutor.groovy:74)
	at com.kms.katalon.core.keyword.BuiltinKeywords.verifyEqual(BuiltinKeywords.groovy:146)
	at jdk.internal.reflect.GeneratedMethodAccessor25.invoke(Unknown Source)
	at java.base/jdk.internal.reflect.DelegatingMethodAccessorImpl.invoke(DelegatingMethodAccessorImpl.java:43)
	at Выполнение бизнес-плана сверка дашбордов.CompareDZOData(Выполнение бизнес-плана сверка дашбордов:758)
	at Выполнение бизнес-плана сверка дашбордов.run(Выполнение бизнес-плана сверка дашбордов:598)
	at com.kms.katalon.core.main.ScriptEngine.run(ScriptEngine.java:194)
	at com.kms.katalon.core.main.ScriptEngine.runScriptAsRawText(ScriptEngine.java:119)
	at com.kms.katalon.core.main.TestCaseExecutor.runScript(TestCaseExecutor.java:448)
	at com.kms.katalon.core.main.TestCaseExecutor.doExecute(TestCaseExecutor.java:439)
	at com.kms.katalon.core.main.TestCaseExecutor.processExecutionPhase(TestCaseExecutor.java:418)
	at com.kms.katalon.core.main.TestCaseExecutor.accessMainPhase(TestCaseExecutor.java:410)
	at com.kms.katalon.core.main.TestCaseExecutor.execute(TestCaseExecutor.java:285)
	at com.kms.katalon.core.common.CommonExecutor.accessTestCaseMainPhase(CommonExecutor.java:65)
	at com.kms.katalon.core.main.TestSuiteExecutor.accessTestSuiteMainPhase(TestSuiteExecutor.java:150)
	at com.kms.katalon.core.main.TestSuiteExecutor.execute(TestSuiteExecutor.java:106)
	at com.kms.katalon.core.main.TestCaseMain.startTestSuite(TestCaseMain.java:180)
	at TempTestSuite1733285972582.run(TempTestSuite1733285972582.groovy:35)
	at java.base/jdk.internal.reflect.NativeMethodAccessorImpl.invoke0(Native Method)
	at java.base/jdk.internal.reflect.NativeMethodAccessorImpl.invoke(NativeMethodAccessorImpl.java:77)
	at java.base/jdk.internal.reflect.DelegatingMethodAccessorImpl.invoke(DelegatingMethodAccessorImpl.java:43)
)

04-12-2024T07:28:55 - [TEST_STEP][PASSED] - result = WriteToExcel(typeOfData, todaysDate, PercPlanR, PercPlanB, PercFactR, PercFactB, x, tabR, tabB, o1R, o1B, vidget): null

04-12-2024T07:28:55 - [TEST_STEP][PASSED] - iii = dZO.indexOf("/"): null

04-12-2024T07:28:55 - [TEST_STEP][PASSED] - println(iii): null

04-12-2024T07:28:55 - [TEST_STEP][PASSED] - dZO = dZO.substring(0, iii): null

04-12-2024T07:28:55 - [TEST_STEP][PASSED] - println(dZO): null

04-12-2024T07:28:55 - [TEST_STEP][PASSED] - println(PercPlanR): null

04-12-2024T07:28:55 - [TEST_STEP][PASSED] - println(PercPlanB): null

04-12-2024T07:28:55 - [TEST_STEP][PASSED] - println(PercFactR): null

04-12-2024T07:28:55 - [TEST_STEP][PASSED] - println(PercFactB): null

04-12-2024T07:28:55 - [TEST_STEP][PASSED] - println(tabR): null

04-12-2024T07:28:55 - [TEST_STEP][PASSED] - println(tabB): null

04-12-2024T07:28:55 - [TEST_STEP][PASSED] - println(o1R): null

04-12-2024T07:28:55 - [TEST_STEP][PASSED] - println(o1B): null

04-12-2024T07:28:55 - [TEST_STEP][PASSED] - PR = <not implemented yet for class: org.codehaus.groovy.ast.expr.EmptyExpression>: null

04-12-2024T07:28:55 - [TEST_STEP][PASSED] - FR = <not implemented yet for class: org.codehaus.groovy.ast.expr.EmptyExpression>: null

04-12-2024T07:28:55 - [TEST_STEP][PASSED] - PB = <not implemented yet for class: org.codehaus.groovy.ast.expr.EmptyExpression>: null

04-12-2024T07:28:55 - [TEST_STEP][PASSED] - FB = <not implemented yet for class: org.codehaus.groovy.ast.expr.EmptyExpression>: null

04-12-2024T07:28:55 - [TEST_STEP][PASSED] - TR = <not implemented yet for class: org.codehaus.groovy.ast.expr.EmptyExpression>: null

04-12-2024T07:28:55 - [TEST_STEP][PASSED] - TB = <not implemented yet for class: org.codehaus.groovy.ast.expr.EmptyExpression>: null

04-12-2024T07:28:55 - [TEST_STEP][PASSED] - sheetName = "Sheet1": null

04-12-2024T07:28:55 - [TEST_STEP][PASSED] - data = findTestData("PlanFact"): null

04-12-2024T07:28:55 - [TEST_STEP][PASSED] - n = data.getRowNumbers() + 1: null

04-12-2024T07:28:55 - [TEST_STEP][PASSED] - year = todaysDate.substring(todaysDate.length() - 4, todaysDate.length()): null

04-12-2024T07:28:55 - [TEST_STEP][PASSED] - y = year.toInteger(): null

04-12-2024T07:28:55 - [TEST_STEP][PASSED] - m = getText(findTestObject("Выполнение бизнес-плана/Выполнение бизнес-плана Балансы/Фильтр Дата")): Text of object 'Object Repository/Выполнение бизнес-плана/Выполнение бизнес-плана Балансы/Фильтр Дата' is: '1, 2, 3 кв., Октябрь 2024 года'

04-12-2024T07:28:55 - [MESSAGE][PASSED] - Text of object 'Object Repository/Выполнение бизнес-плана/Выполнение бизнес-плана Балансы/Фильтр Дата' is: '1, 2, 3 кв., Октябрь 2024 года'

04-12-2024T07:28:55 - [TEST_STEP][PASSED] - m = m.substring(0, m.indexOf("2024")): null

04-12-2024T07:28:55 - [TEST_STEP][PASSED] - m = m.trim(): null

04-12-2024T07:28:55 - [TEST_STEP][PASSED] - dashboardName = "Выполнение бизнес-плана": null

04-12-2024T07:28:55 - [TEST_STEP][PASSED] - workbook01 = getWorkbook(excelFilePath): null

04-12-2024T07:28:55 - [TEST_STEP][PASSED] - sheet01 = getExcelSheet(workbook01, sheetName): null

04-12-2024T07:28:55 - [TEST_STEP][PASSED] - setValueToCellByIndex(sheet01, n, 0, dashboardName): null

04-12-2024T07:28:55 - [TEST_STEP][PASSED] - setValueToCellByIndex(sheet01, n, 1, dZO): null

04-12-2024T07:28:55 - [TEST_STEP][PASSED] - setValueToCellByIndex(sheet01, n, 2, typeOfData): null

04-12-2024T07:28:55 - [TEST_STEP][PASSED] - setValueToCellByIndex(sheet01, n, 3, typeOfData): null

04-12-2024T07:28:55 - [TEST_STEP][PASSED] - if (typeOfData == "План"): null

04-12-2024T07:28:55 - [TEST_STEP][PASSED] - else if (typeOfData == "Факт"): null

04-12-2024T07:28:55 - [TEST_STEP][PASSED] - else if (vidget.contains("электроэнергии") == true): null

04-12-2024T07:28:55 - [TEST_STEP][PASSED] - if (tabR == null): null

04-12-2024T07:28:55 - [TEST_STEP][PASSED] - else: null

04-12-2024T07:28:55 - [TEST_STEP][PASSED] - if (tabR == "нет данных"): null

04-12-2024T07:28:55 - [TEST_STEP][PASSED] - setValueToCellByIndex(sheet01, n, 4, "нет данных"): null

04-12-2024T07:28:55 - [TEST_STEP][PASSED] - if (tabB == null): null

04-12-2024T07:28:55 - [TEST_STEP][PASSED] - else: null

04-12-2024T07:28:55 - [TEST_STEP][PASSED] - if (tabB == "нет данных"): null

04-12-2024T07:28:55 - [TEST_STEP][PASSED] - else: null

04-12-2024T07:28:55 - [TEST_STEP][PASSED] - TB = tabB.toInteger(): null

04-12-2024T07:28:55 - [TEST_STEP][PASSED] - setValueToCellByIndex(sheet01, n, 5, TB): null

04-12-2024T07:28:55 - [TEST_STEP][PASSED] - setValueToCellByIndex(sheet01, n, 6, m): null

04-12-2024T07:28:55 - [TEST_STEP][PASSED] - setValueToCellByIndex(sheet01, n, 7, y): null

04-12-2024T07:28:55 - [TEST_STEP][PASSED] - setValueToCellByIndex(sheet01, n, 8, todaysDate): null

04-12-2024T07:28:55 - [TEST_STEP][PASSED] - n = n + 1: null

04-12-2024T07:28:55 - [TEST_STEP][PASSED] - saveWorkbook(excelFilePath, workbook01): null

04-12-2024T07:28:55 - [TEST_STEP][PASSED] - typeOfData = "План Потери": null

04-12-2024T07:28:55 - [TEST_STEP][PASSED] - tabR = GetPPlanR(x = a): null

04-12-2024T07:28:55 - [TEST_STEP][PASSED] - i1 = <not implemented yet for class: org.codehaus.groovy.ast.expr.EmptyExpression>: null

04-12-2024T07:28:55 - [TEST_STEP][PASSED] - ii = <not implemented yet for class: org.codehaus.groovy.ast.expr.EmptyExpression>: null

04-12-2024T07:28:55 - [TEST_STEP][PASSED] - for ([ii = 1, ii < 9, (ii++)]): null

04-12-2024T07:28:55 - [TEST_STEP][PASSED] - i1 = x.indexOf("/") + 1: null

04-12-2024T07:28:55 - [TEST_STEP][PASSED] - if (i1 > -1): null

04-12-2024T07:28:55 - [TEST_STEP][PASSED] - x = x.substring(i1, x.length()): null

04-12-2024T07:28:55 - [TEST_STEP][PASSED] - println(x): null

04-12-2024T07:28:55 - [TEST_STEP][PASSED] - i1 = x.indexOf("/") + 1: null

04-12-2024T07:28:55 - [TEST_STEP][PASSED] - if (i1 > -1): null

04-12-2024T07:28:55 - [TEST_STEP][PASSED] - x = x.substring(i1, x.length()): null

04-12-2024T07:28:55 - [TEST_STEP][PASSED] - println(x): null

04-12-2024T07:28:55 - [TEST_STEP][PASSED] - i1 = x.indexOf("/") + 1: null

04-12-2024T07:28:55 - [TEST_STEP][PASSED] - if (i1 > -1): null

04-12-2024T07:28:55 - [TEST_STEP][PASSED] - x = x.substring(i1, x.length()): null

04-12-2024T07:28:55 - [TEST_STEP][PASSED] - println(x): null

04-12-2024T07:28:55 - [TEST_STEP][PASSED] - i1 = x.indexOf("/") + 1: null

04-12-2024T07:28:55 - [TEST_STEP][PASSED] - if (i1 > -1): null

04-12-2024T07:28:55 - [TEST_STEP][PASSED] - x = x.substring(i1, x.length()): null

04-12-2024T07:28:55 - [TEST_STEP][PASSED] - println(x): null

04-12-2024T07:28:55 - [TEST_STEP][PASSED] - i1 = x.indexOf("/") + 1: null

04-12-2024T07:28:55 - [TEST_STEP][PASSED] - if (i1 > -1): null

04-12-2024T07:28:55 - [TEST_STEP][PASSED] - x = x.substring(i1, x.length()): null

04-12-2024T07:28:55 - [TEST_STEP][PASSED] - println(x): null

04-12-2024T07:28:55 - [TEST_STEP][PASSED] - i1 = x.indexOf("/") + 1: null

04-12-2024T07:28:55 - [TEST_STEP][PASSED] - if (i1 > -1): null

04-12-2024T07:28:55 - [TEST_STEP][PASSED] - x = x.substring(i1, x.length()): null

04-12-2024T07:28:55 - [TEST_STEP][PASSED] - println(x): null

04-12-2024T07:28:55 - [TEST_STEP][PASSED] - i1 = x.indexOf("/") + 1: null

04-12-2024T07:28:55 - [TEST_STEP][PASSED] - if (i1 > -1): null

04-12-2024T07:28:55 - [TEST_STEP][PASSED] - x = x.substring(i1, x.length()): null

04-12-2024T07:28:55 - [TEST_STEP][PASSED] - println(x): null

04-12-2024T07:28:55 - [TEST_STEP][PASSED] - i1 = x.indexOf("/") + 1: null

04-12-2024T07:28:55 - [TEST_STEP][PASSED] - if (i1 > -1): null

04-12-2024T07:28:55 - [TEST_STEP][PASSED] - x = x.substring(i1, x.length()): null

04-12-2024T07:28:55 - [TEST_STEP][PASSED] - println(x): null

04-12-2024T07:28:55 - [TEST_STEP][PASSED] - i1 = x.indexOf("/"): null

04-12-2024T07:28:55 - [TEST_STEP][PASSED] - if (i1 > -1): null

04-12-2024T07:28:55 - [TEST_STEP][PASSED] - x = x.substring(0, i1): null

04-12-2024T07:28:55 - [TEST_STEP][PASSED] - println(x): null

04-12-2024T07:28:55 - [TEST_STEP][PASSED] - return x: null

04-12-2024T07:28:55 - [TEST_STEP][PASSED] - tabB = GetPPlanB(x = b): null

04-12-2024T07:28:55 - [TEST_STEP][PASSED] - i1 = <not implemented yet for class: org.codehaus.groovy.ast.expr.EmptyExpression>: null

04-12-2024T07:28:55 - [TEST_STEP][PASSED] - ii = <not implemented yet for class: org.codehaus.groovy.ast.expr.EmptyExpression>: null

04-12-2024T07:28:55 - [TEST_STEP][PASSED] - for ([ii = 1, ii < 9, (ii++)]): null

04-12-2024T07:28:55 - [TEST_STEP][PASSED] - i1 = x.indexOf("/") + 1: null

04-12-2024T07:28:55 - [TEST_STEP][PASSED] - if (i1 > -1): null

04-12-2024T07:28:55 - [TEST_STEP][PASSED] - x = x.substring(i1, x.length()): null

04-12-2024T07:28:55 - [TEST_STEP][PASSED] - println(x): null

04-12-2024T07:28:55 - [TEST_STEP][PASSED] - i1 = x.indexOf("/") + 1: null

04-12-2024T07:28:55 - [TEST_STEP][PASSED] - if (i1 > -1): null

04-12-2024T07:28:55 - [TEST_STEP][PASSED] - x = x.substring(i1, x.length()): null

04-12-2024T07:28:55 - [TEST_STEP][PASSED] - println(x): null

04-12-2024T07:28:55 - [TEST_STEP][PASSED] - i1 = x.indexOf("/") + 1: null

04-12-2024T07:28:55 - [TEST_STEP][PASSED] - if (i1 > -1): null

04-12-2024T07:28:55 - [TEST_STEP][PASSED] - x = x.substring(i1, x.length()): null

04-12-2024T07:28:55 - [TEST_STEP][PASSED] - println(x): null

04-12-2024T07:28:55 - [TEST_STEP][PASSED] - i1 = x.indexOf("/") + 1: null

04-12-2024T07:28:55 - [TEST_STEP][PASSED] - if (i1 > -1): null

04-12-2024T07:28:55 - [TEST_STEP][PASSED] - x = x.substring(i1, x.length()): null

04-12-2024T07:28:55 - [TEST_STEP][PASSED] - println(x): null

04-12-2024T07:28:55 - [TEST_STEP][PASSED] - i1 = x.indexOf("/") + 1: null

04-12-2024T07:28:55 - [TEST_STEP][PASSED] - if (i1 > -1): null

04-12-2024T07:28:55 - [TEST_STEP][PASSED] - x = x.substring(i1, x.length()): null

04-12-2024T07:28:55 - [TEST_STEP][PASSED] - println(x): null

04-12-2024T07:28:55 - [TEST_STEP][PASSED] - i1 = x.indexOf("/") + 1: null

04-12-2024T07:28:55 - [TEST_STEP][PASSED] - if (i1 > -1): null

04-12-2024T07:28:55 - [TEST_STEP][PASSED] - x = x.substring(i1, x.length()): null

04-12-2024T07:28:55 - [TEST_STEP][PASSED] - println(x): null

04-12-2024T07:28:55 - [TEST_STEP][PASSED] - i1 = x.indexOf("/") + 1: null

04-12-2024T07:28:55 - [TEST_STEP][PASSED] - if (i1 > -1): null

04-12-2024T07:28:55 - [TEST_STEP][PASSED] - x = x.substring(i1, x.length()): null

04-12-2024T07:28:55 - [TEST_STEP][PASSED] - println(x): null

04-12-2024T07:28:55 - [TEST_STEP][PASSED] - i1 = x.indexOf("/") + 1: null

04-12-2024T07:28:55 - [TEST_STEP][PASSED] - if (i1 > -1): null

04-12-2024T07:28:55 - [TEST_STEP][PASSED] - x = x.substring(i1, x.length()): null

04-12-2024T07:28:55 - [TEST_STEP][PASSED] - println(x): null

04-12-2024T07:28:55 - [TEST_STEP][PASSED] - i1 = x.indexOf("/"): null

04-12-2024T07:28:55 - [TEST_STEP][PASSED] - if (i1 > -1): null

04-12-2024T07:28:55 - [TEST_STEP][PASSED] - x = x.substring(0, i1): null

04-12-2024T07:28:55 - [TEST_STEP][PASSED] - println(x): null

04-12-2024T07:28:55 - [TEST_STEP][FAILED] - return x: null

04-12-2024T07:28:55 - [TEST_STEP][PASSED] - println(tabR + "/" + tabB): null

04-12-2024T07:28:55 - [TEST_STEP][FAILED] - if (verifyEqual(PercFactR, PercFactB) == false): null

04-12-2024T07:28:55 - [MESSAGE][FAILED] - Unable to verify equal between actual object 'нет данных' and expected object '5.05' (Root cause: com.kms.katalon.core.exception.StepFailedException: Actual object 'нет данных' and expected object '5.05' are not equal
	at com.kms.katalon.core.keyword.builtin.VerifyEqualKeyword$_verifyEqual_closure1.doCall(VerifyEqualKeyword.groovy:58)
	at com.kms.katalon.core.keyword.builtin.VerifyEqualKeyword$_verifyEqual_closure1.call(VerifyEqualKeyword.groovy)
	at com.kms.katalon.core.keyword.internal.KeywordMain.runKeyword(KeywordMain.groovy:75)
	at com.kms.katalon.core.keyword.builtin.VerifyEqualKeyword.verifyEqual(VerifyEqualKeyword.groovy:63)
	at com.kms.katalon.core.keyword.builtin.VerifyEqualKeyword.execute(VerifyEqualKeyword.groovy:44)
	at com.kms.katalon.core.keyword.internal.KeywordExecutor.executeKeywordForPlatform(KeywordExecutor.groovy:74)
	at com.kms.katalon.core.keyword.BuiltinKeywords.verifyEqual(BuiltinKeywords.groovy:146)
	at jdk.internal.reflect.GeneratedMethodAccessor25.invoke(Unknown Source)
	at java.base/jdk.internal.reflect.DelegatingMethodAccessorImpl.invoke(DelegatingMethodAccessorImpl.java:43)
	at Выполнение бизнес-плана сверка дашбордов.CompareDZOData(Выполнение бизнес-плана сверка дашбордов:771)
	at Выполнение бизнес-плана сверка дашбордов.run(Выполнение бизнес-плана сверка дашбордов:598)
	at com.kms.katalon.core.main.ScriptEngine.run(ScriptEngine.java:194)
	at com.kms.katalon.core.main.ScriptEngine.runScriptAsRawText(ScriptEngine.java:119)
	at com.kms.katalon.core.main.TestCaseExecutor.runScript(TestCaseExecutor.java:448)
	at com.kms.katalon.core.main.TestCaseExecutor.doExecute(TestCaseExecutor.java:439)
	at com.kms.katalon.core.main.TestCaseExecutor.processExecutionPhase(TestCaseExecutor.java:418)
	at com.kms.katalon.core.main.TestCaseExecutor.accessMainPhase(TestCaseExecutor.java:410)
	at com.kms.katalon.core.main.TestCaseExecutor.execute(TestCaseExecutor.java:285)
	at com.kms.katalon.core.common.CommonExecutor.accessTestCaseMainPhase(CommonExecutor.java:65)
	at com.kms.katalon.core.main.TestSuiteExecutor.accessTestSuiteMainPhase(TestSuiteExecutor.java:150)
	at com.kms.katalon.core.main.TestSuiteExecutor.execute(TestSuiteExecutor.java:106)
	at com.kms.katalon.core.main.TestCaseMain.startTestSuite(TestCaseMain.java:180)
	at TempTestSuite1733285972582.run(TempTestSuite1733285972582.groovy:35)
	at java.base/jdk.internal.reflect.NativeMethodAccessorImpl.invoke0(Native Method)
	at java.base/jdk.internal.reflect.NativeMethodAccessorImpl.invoke(NativeMethodAccessorImpl.java:77)
	at java.base/jdk.internal.reflect.DelegatingMethodAccessorImpl.invoke(DelegatingMethodAccessorImpl.java:43)
)

04-12-2024T07:28:55 - [TEST_STEP][PASSED] - result = WriteToExcel(typeOfData, todaysDate, PercPlanR, PercPlanB, PercFactR, PercFactB, x, tabR, tabB, o1R, o1B, vidget): null

04-12-2024T07:28:55 - [TEST_STEP][PASSED] - iii = dZO.indexOf("/"): null

04-12-2024T07:28:55 - [TEST_STEP][PASSED] - println(iii): null

04-12-2024T07:28:55 - [TEST_STEP][PASSED] - dZO = dZO.substring(0, iii): null

04-12-2024T07:28:55 - [TEST_STEP][PASSED] - println(dZO): null

04-12-2024T07:28:55 - [TEST_STEP][PASSED] - println(PercPlanR): null

04-12-2024T07:28:55 - [TEST_STEP][PASSED] - println(PercPlanB): null

04-12-2024T07:28:55 - [TEST_STEP][PASSED] - println(PercFactR): null

04-12-2024T07:28:55 - [TEST_STEP][PASSED] - println(PercFactB): null

04-12-2024T07:28:55 - [TEST_STEP][PASSED] - println(tabR): null

04-12-2024T07:28:55 - [TEST_STEP][PASSED] - println(tabB): null

04-12-2024T07:28:55 - [TEST_STEP][PASSED] - println(o1R): null

04-12-2024T07:28:55 - [TEST_STEP][PASSED] - println(o1B): null

04-12-2024T07:28:55 - [TEST_STEP][PASSED] - PR = <not implemented yet for class: org.codehaus.groovy.ast.expr.EmptyExpression>: null

04-12-2024T07:28:55 - [TEST_STEP][PASSED] - FR = <not implemented yet for class: org.codehaus.groovy.ast.expr.EmptyExpression>: null

04-12-2024T07:28:55 - [TEST_STEP][PASSED] - PB = <not implemented yet for class: org.codehaus.groovy.ast.expr.EmptyExpression>: null

04-12-2024T07:28:55 - [TEST_STEP][PASSED] - FB = <not implemented yet for class: org.codehaus.groovy.ast.expr.EmptyExpression>: null

04-12-2024T07:28:55 - [TEST_STEP][PASSED] - TR = <not implemented yet for class: org.codehaus.groovy.ast.expr.EmptyExpression>: null

04-12-2024T07:28:55 - [TEST_STEP][PASSED] - TB = <not implemented yet for class: org.codehaus.groovy.ast.expr.EmptyExpression>: null

04-12-2024T07:28:55 - [TEST_STEP][PASSED] - sheetName = "Sheet1": null

04-12-2024T07:28:55 - [TEST_STEP][PASSED] - data = findTestData("PlanFact"): null

04-12-2024T07:28:55 - [TEST_STEP][PASSED] - n = data.getRowNumbers() + 1: null

04-12-2024T07:28:55 - [TEST_STEP][PASSED] - year = todaysDate.substring(todaysDate.length() - 4, todaysDate.length()): null

04-12-2024T07:28:55 - [TEST_STEP][PASSED] - y = year.toInteger(): null

04-12-2024T07:28:55 - [TEST_STEP][PASSED] - m = getText(findTestObject("Выполнение бизнес-плана/Выполнение бизнес-плана Балансы/Фильтр Дата")): Text of object 'Object Repository/Выполнение бизнес-плана/Выполнение бизнес-плана Балансы/Фильтр Дата' is: '1, 2, 3 кв., Октябрь 2024 года'

04-12-2024T07:28:56 - [MESSAGE][PASSED] - Text of object 'Object Repository/Выполнение бизнес-плана/Выполнение бизнес-плана Балансы/Фильтр Дата' is: '1, 2, 3 кв., Октябрь 2024 года'

04-12-2024T07:28:56 - [TEST_STEP][PASSED] - m = m.substring(0, m.indexOf("2024")): null

04-12-2024T07:28:56 - [TEST_STEP][PASSED] - m = m.trim(): null

04-12-2024T07:28:56 - [TEST_STEP][PASSED] - dashboardName = "Выполнение бизнес-плана": null

04-12-2024T07:28:56 - [TEST_STEP][PASSED] - workbook01 = getWorkbook(excelFilePath): null

04-12-2024T07:28:56 - [TEST_STEP][PASSED] - sheet01 = getExcelSheet(workbook01, sheetName): null

04-12-2024T07:28:56 - [TEST_STEP][PASSED] - setValueToCellByIndex(sheet01, n, 0, dashboardName): null

04-12-2024T07:28:56 - [TEST_STEP][PASSED] - setValueToCellByIndex(sheet01, n, 1, dZO): null

04-12-2024T07:28:56 - [TEST_STEP][PASSED] - setValueToCellByIndex(sheet01, n, 2, typeOfData): null

04-12-2024T07:28:56 - [TEST_STEP][PASSED] - setValueToCellByIndex(sheet01, n, 3, typeOfData): null

04-12-2024T07:28:56 - [TEST_STEP][PASSED] - if (typeOfData == "План"): null

04-12-2024T07:28:56 - [TEST_STEP][PASSED] - else if (typeOfData == "Факт"): null

04-12-2024T07:28:56 - [TEST_STEP][PASSED] - else if (vidget.contains("электроэнергии") == true): null

04-12-2024T07:28:56 - [TEST_STEP][PASSED] - if (tabR == null): null

04-12-2024T07:28:56 - [TEST_STEP][PASSED] - else: null

04-12-2024T07:28:56 - [TEST_STEP][PASSED] - if (tabR == "нет данных"): null

04-12-2024T07:28:56 - [TEST_STEP][PASSED] - setValueToCellByIndex(sheet01, n, 4, "нет данных"): null

04-12-2024T07:28:56 - [TEST_STEP][PASSED] - if (tabB == null): null

04-12-2024T07:28:56 - [TEST_STEP][PASSED] - else: null

04-12-2024T07:28:56 - [TEST_STEP][PASSED] - if (tabB == "нет данных"): null

04-12-2024T07:28:56 - [TEST_STEP][PASSED] - else: null

04-12-2024T07:28:56 - [TEST_STEP][PASSED] - TB = tabB.toInteger(): null

04-12-2024T07:28:56 - [TEST_STEP][PASSED] - setValueToCellByIndex(sheet01, n, 5, TB): null

04-12-2024T07:28:56 - [TEST_STEP][PASSED] - setValueToCellByIndex(sheet01, n, 6, m): null

04-12-2024T07:28:56 - [TEST_STEP][PASSED] - setValueToCellByIndex(sheet01, n, 7, y): null

04-12-2024T07:28:56 - [TEST_STEP][PASSED] - setValueToCellByIndex(sheet01, n, 8, todaysDate): null

04-12-2024T07:28:56 - [TEST_STEP][PASSED] - n = n + 1: null

04-12-2024T07:28:56 - [TEST_STEP][PASSED] - saveWorkbook(excelFilePath, workbook01): null

04-12-2024T07:28:56 - [TEST_STEP][PASSED] - ii2 = a.indexOf("ПАО"): null

04-12-2024T07:28:56 - [TEST_STEP][PASSED] - if (ii2 == -1): null

04-12-2024T07:28:56 - [TEST_STEP][PASSED] - vidget = "Отклонения фактического уровня потерь от бизнес-плана": null

04-12-2024T07:28:56 - [TEST_STEP][PASSED] - typeOfData = "Коэффициент": null

04-12-2024T07:28:56 - [TEST_STEP][PASSED] - o1R = Geto1R(x = a): null

04-12-2024T07:28:56 - [TEST_STEP][PASSED] - i1 = <not implemented yet for class: org.codehaus.groovy.ast.expr.EmptyExpression>: null

04-12-2024T07:28:56 - [TEST_STEP][PASSED] - ii = <not implemented yet for class: org.codehaus.groovy.ast.expr.EmptyExpression>: null

04-12-2024T07:28:56 - [TEST_STEP][PASSED] - for ([ii = 1, ii < 10, (ii++)]): null

04-12-2024T07:28:56 - [TEST_STEP][PASSED] - i1 = x.indexOf("/") + 1: null

04-12-2024T07:28:56 - [TEST_STEP][PASSED] - if (i1 > -1): null

04-12-2024T07:28:56 - [TEST_STEP][PASSED] - x = x.substring(i1, x.length()): null

04-12-2024T07:28:56 - [TEST_STEP][PASSED] - i1 = x.indexOf("/") + 1: null

04-12-2024T07:28:56 - [TEST_STEP][PASSED] - if (i1 > -1): null

04-12-2024T07:28:56 - [TEST_STEP][PASSED] - x = x.substring(i1, x.length()): null

04-12-2024T07:28:56 - [TEST_STEP][PASSED] - i1 = x.indexOf("/") + 1: null

04-12-2024T07:28:56 - [TEST_STEP][PASSED] - if (i1 > -1): null

04-12-2024T07:28:56 - [TEST_STEP][PASSED] - x = x.substring(i1, x.length()): null

04-12-2024T07:28:56 - [TEST_STEP][PASSED] - i1 = x.indexOf("/") + 1: null

04-12-2024T07:28:56 - [TEST_STEP][PASSED] - if (i1 > -1): null

04-12-2024T07:28:56 - [TEST_STEP][PASSED] - x = x.substring(i1, x.length()): null

04-12-2024T07:28:56 - [TEST_STEP][PASSED] - i1 = x.indexOf("/") + 1: null

04-12-2024T07:28:56 - [TEST_STEP][PASSED] - if (i1 > -1): null

04-12-2024T07:28:56 - [TEST_STEP][PASSED] - x = x.substring(i1, x.length()): null

04-12-2024T07:28:56 - [TEST_STEP][PASSED] - i1 = x.indexOf("/") + 1: null

04-12-2024T07:28:56 - [TEST_STEP][PASSED] - if (i1 > -1): null

04-12-2024T07:28:56 - [TEST_STEP][PASSED] - x = x.substring(i1, x.length()): null

04-12-2024T07:28:56 - [TEST_STEP][PASSED] - i1 = x.indexOf("/") + 1: null

04-12-2024T07:28:56 - [TEST_STEP][PASSED] - if (i1 > -1): null

04-12-2024T07:28:56 - [TEST_STEP][PASSED] - x = x.substring(i1, x.length()): null

04-12-2024T07:28:56 - [TEST_STEP][PASSED] - i1 = x.indexOf("/") + 1: null

04-12-2024T07:28:56 - [TEST_STEP][PASSED] - if (i1 > -1): null

04-12-2024T07:28:56 - [TEST_STEP][PASSED] - x = x.substring(i1, x.length()): null

04-12-2024T07:28:56 - [TEST_STEP][PASSED] - i1 = x.indexOf("/") + 1: null

04-12-2024T07:28:56 - [TEST_STEP][PASSED] - if (i1 > -1): null

04-12-2024T07:28:56 - [TEST_STEP][PASSED] - x = x.substring(i1, x.length()): null

04-12-2024T07:28:56 - [TEST_STEP][PASSED] - i1 = x.indexOf("/"): null

04-12-2024T07:28:56 - [TEST_STEP][PASSED] - if (i1 > -1): null

04-12-2024T07:28:56 - [TEST_STEP][PASSED] - println(x): null

04-12-2024T07:28:56 - [TEST_STEP][PASSED] - return x: null

04-12-2024T07:28:56 - [TEST_STEP][PASSED] - o1B = Geto1B(x = b): null

04-12-2024T07:28:56 - [TEST_STEP][PASSED] - i1 = <not implemented yet for class: org.codehaus.groovy.ast.expr.EmptyExpression>: null

04-12-2024T07:28:56 - [TEST_STEP][PASSED] - ii = <not implemented yet for class: org.codehaus.groovy.ast.expr.EmptyExpression>: null

04-12-2024T07:28:56 - [TEST_STEP][PASSED] - for ([ii = 1, ii < 10, (ii++)]): null

04-12-2024T07:28:56 - [TEST_STEP][PASSED] - i1 = x.indexOf("/") + 1: null

04-12-2024T07:28:56 - [TEST_STEP][PASSED] - if (i1 > -1): null

04-12-2024T07:28:56 - [TEST_STEP][PASSED] - x = x.substring(i1, x.length()): null

04-12-2024T07:28:56 - [TEST_STEP][PASSED] - i1 = x.indexOf("/") + 1: null

04-12-2024T07:28:56 - [TEST_STEP][PASSED] - if (i1 > -1): null

04-12-2024T07:28:56 - [TEST_STEP][PASSED] - x = x.substring(i1, x.length()): null

04-12-2024T07:28:56 - [TEST_STEP][PASSED] - i1 = x.indexOf("/") + 1: null

04-12-2024T07:28:56 - [TEST_STEP][PASSED] - if (i1 > -1): null

04-12-2024T07:28:56 - [TEST_STEP][PASSED] - x = x.substring(i1, x.length()): null

04-12-2024T07:28:56 - [TEST_STEP][PASSED] - i1 = x.indexOf("/") + 1: null

04-12-2024T07:28:56 - [TEST_STEP][PASSED] - if (i1 > -1): null

04-12-2024T07:28:56 - [TEST_STEP][PASSED] - x = x.substring(i1, x.length()): null

04-12-2024T07:28:56 - [TEST_STEP][PASSED] - i1 = x.indexOf("/") + 1: null

04-12-2024T07:28:56 - [TEST_STEP][PASSED] - if (i1 > -1): null

04-12-2024T07:28:56 - [TEST_STEP][PASSED] - x = x.substring(i1, x.length()): null

04-12-2024T07:28:56 - [TEST_STEP][PASSED] - i1 = x.indexOf("/") + 1: null

04-12-2024T07:28:56 - [TEST_STEP][PASSED] - if (i1 > -1): null

04-12-2024T07:28:56 - [TEST_STEP][PASSED] - x = x.substring(i1, x.length()): null

04-12-2024T07:28:56 - [TEST_STEP][PASSED] - i1 = x.indexOf("/") + 1: null

04-12-2024T07:28:56 - [TEST_STEP][PASSED] - if (i1 > -1): null

04-12-2024T07:28:56 - [TEST_STEP][PASSED] - x = x.substring(i1, x.length()): null

04-12-2024T07:28:56 - [TEST_STEP][PASSED] - i1 = x.indexOf("/") + 1: null

04-12-2024T07:28:56 - [TEST_STEP][PASSED] - if (i1 > -1): null

04-12-2024T07:28:56 - [TEST_STEP][PASSED] - x = x.substring(i1, x.length()): null

04-12-2024T07:28:56 - [TEST_STEP][PASSED] - i1 = x.indexOf("/") + 1: null

04-12-2024T07:28:56 - [TEST_STEP][PASSED] - if (i1 > -1): null

04-12-2024T07:28:56 - [TEST_STEP][PASSED] - x = x.substring(i1, x.length()): null

04-12-2024T07:28:56 - [TEST_STEP][PASSED] - i1 = x.indexOf("/"): null

04-12-2024T07:28:56 - [TEST_STEP][PASSED] - if (i1 > -1): null

04-12-2024T07:28:56 - [TEST_STEP][PASSED] - println(x): null

04-12-2024T07:28:56 - [TEST_STEP][FAILED] - return x: null

04-12-2024T07:28:56 - [TEST_STEP][PASSED] - println(o1R + "/" + o1B): null

04-12-2024T07:28:56 - [TEST_STEP][FAILED] - if (verifyEqual(PercFactR, PercFactB) == false): null

04-12-2024T07:28:56 - [MESSAGE][FAILED] - Unable to verify equal between actual object 'нет данных' and expected object '5.05' (Root cause: com.kms.katalon.core.exception.StepFailedException: Actual object 'нет данных' and expected object '5.05' are not equal
	at com.kms.katalon.core.keyword.builtin.VerifyEqualKeyword$_verifyEqual_closure1.doCall(VerifyEqualKeyword.groovy:58)
	at com.kms.katalon.core.keyword.builtin.VerifyEqualKeyword$_verifyEqual_closure1.call(VerifyEqualKeyword.groovy)
	at com.kms.katalon.core.keyword.internal.KeywordMain.runKeyword(KeywordMain.groovy:75)
	at com.kms.katalon.core.keyword.builtin.VerifyEqualKeyword.verifyEqual(VerifyEqualKeyword.groovy:63)
	at com.kms.katalon.core.keyword.builtin.VerifyEqualKeyword.execute(VerifyEqualKeyword.groovy:44)
	at com.kms.katalon.core.keyword.internal.KeywordExecutor.executeKeywordForPlatform(KeywordExecutor.groovy:74)
	at com.kms.katalon.core.keyword.BuiltinKeywords.verifyEqual(BuiltinKeywords.groovy:146)
	at jdk.internal.reflect.GeneratedMethodAccessor25.invoke(Unknown Source)
	at java.base/jdk.internal.reflect.DelegatingMethodAccessorImpl.invoke(DelegatingMethodAccessorImpl.java:43)
	at Выполнение бизнес-плана сверка дашбордов.CompareDZOData(Выполнение бизнес-плана сверка дашбордов:789)
	at Выполнение бизнес-плана сверка дашбордов.run(Выполнение бизнес-плана сверка дашбордов:598)
	at com.kms.katalon.core.main.ScriptEngine.run(ScriptEngine.java:194)
	at com.kms.katalon.core.main.ScriptEngine.runScriptAsRawText(ScriptEngine.java:119)
	at com.kms.katalon.core.main.TestCaseExecutor.runScript(TestCaseExecutor.java:448)
	at com.kms.katalon.core.main.TestCaseExecutor.doExecute(TestCaseExecutor.java:439)
	at com.kms.katalon.core.main.TestCaseExecutor.processExecutionPhase(TestCaseExecutor.java:418)
	at com.kms.katalon.core.main.TestCaseExecutor.accessMainPhase(TestCaseExecutor.java:410)
	at com.kms.katalon.core.main.TestCaseExecutor.execute(TestCaseExecutor.java:285)
	at com.kms.katalon.core.common.CommonExecutor.accessTestCaseMainPhase(CommonExecutor.java:65)
	at com.kms.katalon.core.main.TestSuiteExecutor.accessTestSuiteMainPhase(TestSuiteExecutor.java:150)
	at com.kms.katalon.core.main.TestSuiteExecutor.execute(TestSuiteExecutor.java:106)
	at com.kms.katalon.core.main.TestCaseMain.startTestSuite(TestCaseMain.java:180)
	at TempTestSuite1733285972582.run(TempTestSuite1733285972582.groovy:35)
	at java.base/jdk.internal.reflect.NativeMethodAccessorImpl.invoke0(Native Method)
	at java.base/jdk.internal.reflect.NativeMethodAccessorImpl.invoke(NativeMethodAccessorImpl.java:77)
	at java.base/jdk.internal.reflect.DelegatingMethodAccessorImpl.invoke(DelegatingMethodAccessorImpl.java:43)
)

04-12-2024T07:28:56 - [TEST_STEP][PASSED] - result = WriteToExcel(typeOfData, todaysDate, PercPlanR, PercPlanB, PercFactR, PercFactB, x, tabR, tabB, o1R, o1B, vidget): null

04-12-2024T07:28:56 - [TEST_STEP][PASSED] - iii = dZO.indexOf("/"): null

04-12-2024T07:28:56 - [TEST_STEP][PASSED] - println(iii): null

04-12-2024T07:28:56 - [TEST_STEP][PASSED] - dZO = dZO.substring(0, iii): null

04-12-2024T07:28:56 - [TEST_STEP][PASSED] - println(dZO): null

04-12-2024T07:28:56 - [TEST_STEP][PASSED] - println(PercPlanR): null

04-12-2024T07:28:56 - [TEST_STEP][PASSED] - println(PercPlanB): null

04-12-2024T07:28:56 - [TEST_STEP][PASSED] - println(PercFactR): null

04-12-2024T07:28:56 - [TEST_STEP][PASSED] - println(PercFactB): null

04-12-2024T07:28:56 - [TEST_STEP][PASSED] - println(tabR): null

04-12-2024T07:28:56 - [TEST_STEP][PASSED] - println(tabB): null

04-12-2024T07:28:56 - [TEST_STEP][PASSED] - println(o1R): null

04-12-2024T07:28:56 - [TEST_STEP][PASSED] - println(o1B): null

04-12-2024T07:28:56 - [TEST_STEP][PASSED] - PR = <not implemented yet for class: org.codehaus.groovy.ast.expr.EmptyExpression>: null

04-12-2024T07:28:56 - [TEST_STEP][PASSED] - FR = <not implemented yet for class: org.codehaus.groovy.ast.expr.EmptyExpression>: null

04-12-2024T07:28:56 - [TEST_STEP][PASSED] - PB = <not implemented yet for class: org.codehaus.groovy.ast.expr.EmptyExpression>: null

04-12-2024T07:28:56 - [TEST_STEP][PASSED] - FB = <not implemented yet for class: org.codehaus.groovy.ast.expr.EmptyExpression>: null

04-12-2024T07:28:56 - [TEST_STEP][PASSED] - TR = <not implemented yet for class: org.codehaus.groovy.ast.expr.EmptyExpression>: null

04-12-2024T07:28:56 - [TEST_STEP][PASSED] - TB = <not implemented yet for class: org.codehaus.groovy.ast.expr.EmptyExpression>: null

04-12-2024T07:28:56 - [TEST_STEP][PASSED] - sheetName = "Sheet1": null

04-12-2024T07:28:56 - [TEST_STEP][PASSED] - data = findTestData("PlanFact"): null

04-12-2024T07:28:56 - [TEST_STEP][PASSED] - n = data.getRowNumbers() + 1: null

04-12-2024T07:28:56 - [TEST_STEP][PASSED] - year = todaysDate.substring(todaysDate.length() - 4, todaysDate.length()): null

04-12-2024T07:28:56 - [TEST_STEP][PASSED] - y = year.toInteger(): null

04-12-2024T07:28:56 - [TEST_STEP][PASSED] - m = getText(findTestObject("Выполнение бизнес-плана/Выполнение бизнес-плана Балансы/Фильтр Дата")): Text of object 'Object Repository/Выполнение бизнес-плана/Выполнение бизнес-плана Балансы/Фильтр Дата' is: '1, 2, 3 кв., Октябрь 2024 года'

04-12-2024T07:28:56 - [MESSAGE][PASSED] - Text of object 'Object Repository/Выполнение бизнес-плана/Выполнение бизнес-плана Балансы/Фильтр Дата' is: '1, 2, 3 кв., Октябрь 2024 года'

04-12-2024T07:28:56 - [TEST_STEP][PASSED] - m = m.substring(0, m.indexOf("2024")): null

04-12-2024T07:28:56 - [TEST_STEP][PASSED] - m = m.trim(): null

04-12-2024T07:28:56 - [TEST_STEP][PASSED] - dashboardName = "Выполнение бизнес-плана": null

04-12-2024T07:28:56 - [TEST_STEP][PASSED] - workbook01 = getWorkbook(excelFilePath): null

04-12-2024T07:28:56 - [TEST_STEP][PASSED] - sheet01 = getExcelSheet(workbook01, sheetName): null

04-12-2024T07:28:56 - [TEST_STEP][PASSED] - setValueToCellByIndex(sheet01, n, 0, dashboardName): null

04-12-2024T07:28:56 - [TEST_STEP][PASSED] - setValueToCellByIndex(sheet01, n, 1, dZO): null

04-12-2024T07:28:56 - [TEST_STEP][PASSED] - setValueToCellByIndex(sheet01, n, 2, typeOfData): null

04-12-2024T07:28:56 - [TEST_STEP][PASSED] - setValueToCellByIndex(sheet01, n, 3, typeOfData): null

04-12-2024T07:28:56 - [TEST_STEP][PASSED] - if (typeOfData == "План"): null

04-12-2024T07:28:56 - [TEST_STEP][PASSED] - else if (typeOfData == "Факт"): null

04-12-2024T07:28:56 - [TEST_STEP][PASSED] - else if (vidget.contains("электроэнергии") == true): null

04-12-2024T07:28:56 - [TEST_STEP][PASSED] - else: null

04-12-2024T07:28:56 - [TEST_STEP][PASSED] - if (o1R == null): null

04-12-2024T07:28:56 - [TEST_STEP][PASSED] - else: null

04-12-2024T07:28:56 - [TEST_STEP][PASSED] - if (o1R == "нет данных"): null

04-12-2024T07:28:56 - [TEST_STEP][PASSED] - setValueToCellByIndex(sheet01, n, 4, "нет данных"): null

04-12-2024T07:28:56 - [TEST_STEP][PASSED] - if (o1B == null): null

04-12-2024T07:28:56 - [TEST_STEP][PASSED] - else: null

04-12-2024T07:28:56 - [TEST_STEP][PASSED] - if (o1B == "нет данных"): null

04-12-2024T07:28:56 - [TEST_STEP][PASSED] - else: null

04-12-2024T07:28:56 - [TEST_STEP][PASSED] - FB = o1B.toDouble(): null

04-12-2024T07:28:56 - [TEST_STEP][PASSED] - setValueToCellByIndex(sheet01, n, 5, FB): null

04-12-2024T07:28:56 - [TEST_STEP][PASSED] - setValueToCellByIndex(sheet01, n, 6, m): null

04-12-2024T07:28:56 - [TEST_STEP][PASSED] - setValueToCellByIndex(sheet01, n, 7, y): null

04-12-2024T07:28:56 - [TEST_STEP][PASSED] - setValueToCellByIndex(sheet01, n, 8, todaysDate): null

04-12-2024T07:28:56 - [TEST_STEP][PASSED] - n = n + 1: null

04-12-2024T07:28:56 - [TEST_STEP][FAILED] - saveWorkbook(excelFilePath, workbook01): null

04-12-2024T07:28:57 - [TEST_STEP][FAILED] - if (verifyEqual(kR, kB) == false): null

04-12-2024T07:28:57 - [MESSAGE][FAILED] - Unable to verify equal between actual object 'Россети Кубань/нет данных/нет данных/нет данных/нет данных/нет данных/нет данных/нет данных/нет данных/нет данных' and expected object 'Россети Кубань/9.19/8.46/23489307/21501911/1987396/22568383/20493323/2075060/-0.73' (Root cause: com.kms.katalon.core.exception.StepFailedException: Actual object 'Россети Кубань/нет данных/нет данных/нет данных/нет данных/нет данных/нет данных/нет данных/нет данных/нет данных' and expected object 'Россети Кубань/9.19/8.46/23489307/21501911/1987396/22568383/20493323/2075060/-0.73' are not equal
	at com.kms.katalon.core.keyword.builtin.VerifyEqualKeyword$_verifyEqual_closure1.doCall(VerifyEqualKeyword.groovy:58)
	at com.kms.katalon.core.keyword.builtin.VerifyEqualKeyword$_verifyEqual_closure1.call(VerifyEqualKeyword.groovy)
	at com.kms.katalon.core.keyword.internal.KeywordMain.runKeyword(KeywordMain.groovy:75)
	at com.kms.katalon.core.keyword.builtin.VerifyEqualKeyword.verifyEqual(VerifyEqualKeyword.groovy:63)
	at com.kms.katalon.core.keyword.builtin.VerifyEqualKeyword.execute(VerifyEqualKeyword.groovy:44)
	at com.kms.katalon.core.keyword.internal.KeywordExecutor.executeKeywordForPlatform(KeywordExecutor.groovy:74)
	at com.kms.katalon.core.keyword.BuiltinKeywords.verifyEqual(BuiltinKeywords.groovy:146)
	at jdk.internal.reflect.GeneratedMethodAccessor25.invoke(Unknown Source)
	at java.base/jdk.internal.reflect.DelegatingMethodAccessorImpl.invoke(DelegatingMethodAccessorImpl.java:43)
	at Выполнение бизнес-плана сверка дашбордов.run(Выполнение бизнес-плана сверка дашбордов:602)
	at com.kms.katalon.core.main.ScriptEngine.run(ScriptEngine.java:194)
	at com.kms.katalon.core.main.ScriptEngine.runScriptAsRawText(ScriptEngine.java:119)
	at com.kms.katalon.core.main.TestCaseExecutor.runScript(TestCaseExecutor.java:448)
	at com.kms.katalon.core.main.TestCaseExecutor.doExecute(TestCaseExecutor.java:439)
	at com.kms.katalon.core.main.TestCaseExecutor.processExecutionPhase(TestCaseExecutor.java:418)
	at com.kms.katalon.core.main.TestCaseExecutor.accessMainPhase(TestCaseExecutor.java:410)
	at com.kms.katalon.core.main.TestCaseExecutor.execute(TestCaseExecutor.java:285)
	at com.kms.katalon.core.common.CommonExecutor.accessTestCaseMainPhase(CommonExecutor.java:65)
	at com.kms.katalon.core.main.TestSuiteExecutor.accessTestSuiteMainPhase(TestSuiteExecutor.java:150)
	at com.kms.katalon.core.main.TestSuiteExecutor.execute(TestSuiteExecutor.java:106)
	at com.kms.katalon.core.main.TestCaseMain.startTestSuite(TestCaseMain.java:180)
	at TempTestSuite1733285972582.run(TempTestSuite1733285972582.groovy:35)
	at java.base/jdk.internal.reflect.NativeMethodAccessorImpl.invoke0(Native Method)
	at java.base/jdk.internal.reflect.NativeMethodAccessorImpl.invoke(NativeMethodAccessorImpl.java:77)
	at java.base/jdk.internal.reflect.DelegatingMethodAccessorImpl.invoke(DelegatingMethodAccessorImpl.java:43)
)

04-12-2024T07:28:57 - [TEST_STEP][PASSED] - result = CompareDZOData(a = kR, b = kB, dZO, typeOfData, PercPlanR, PercPlanB, PercFactR, PercFactB, todaysDate, x, vidget, tabR, tabB, o1R, o1B): null

04-12-2024T07:28:57 - [TEST_STEP][PASSED] - ii2 = <not implemented yet for class: org.codehaus.groovy.ast.expr.EmptyExpression>: null

04-12-2024T07:28:57 - [TEST_STEP][FAILED] - if (verifyEqual(a, b) == false): null

04-12-2024T07:28:57 - [MESSAGE][FAILED] - Unable to verify equal between actual object 'Россети Кубань/нет данных/нет данных/нет данных/нет данных/нет данных/нет данных/нет данных/нет данных/нет данных' and expected object 'Россети Кубань/9.19/8.46/23489307/21501911/1987396/22568383/20493323/2075060/-0.73' (Root cause: com.kms.katalon.core.exception.StepFailedException: Actual object 'Россети Кубань/нет данных/нет данных/нет данных/нет данных/нет данных/нет данных/нет данных/нет данных/нет данных' and expected object 'Россети Кубань/9.19/8.46/23489307/21501911/1987396/22568383/20493323/2075060/-0.73' are not equal
	at com.kms.katalon.core.keyword.builtin.VerifyEqualKeyword$_verifyEqual_closure1.doCall(VerifyEqualKeyword.groovy:58)
	at com.kms.katalon.core.keyword.builtin.VerifyEqualKeyword$_verifyEqual_closure1.call(VerifyEqualKeyword.groovy)
	at com.kms.katalon.core.keyword.internal.KeywordMain.runKeyword(KeywordMain.groovy:75)
	at com.kms.katalon.core.keyword.builtin.VerifyEqualKeyword.verifyEqual(VerifyEqualKeyword.groovy:63)
	at com.kms.katalon.core.keyword.builtin.VerifyEqualKeyword.execute(VerifyEqualKeyword.groovy:44)
	at com.kms.katalon.core.keyword.internal.KeywordExecutor.executeKeywordForPlatform(KeywordExecutor.groovy:74)
	at com.kms.katalon.core.keyword.BuiltinKeywords.verifyEqual(BuiltinKeywords.groovy:146)
	at jdk.internal.reflect.GeneratedMethodAccessor25.invoke(Unknown Source)
	at java.base/jdk.internal.reflect.DelegatingMethodAccessorImpl.invoke(DelegatingMethodAccessorImpl.java:43)
	at Выполнение бизнес-плана сверка дашбордов.CompareDZOData(Выполнение бизнес-плана сверка дашбордов:673)
	at Выполнение бизнес-плана сверка дашбордов.run(Выполнение бизнес-плана сверка дашбордов:603)
	at com.kms.katalon.core.main.ScriptEngine.run(ScriptEngine.java:194)
	at com.kms.katalon.core.main.ScriptEngine.runScriptAsRawText(ScriptEngine.java:119)
	at com.kms.katalon.core.main.TestCaseExecutor.runScript(TestCaseExecutor.java:448)
	at com.kms.katalon.core.main.TestCaseExecutor.doExecute(TestCaseExecutor.java:439)
	at com.kms.katalon.core.main.TestCaseExecutor.processExecutionPhase(TestCaseExecutor.java:418)
	at com.kms.katalon.core.main.TestCaseExecutor.accessMainPhase(TestCaseExecutor.java:410)
	at com.kms.katalon.core.main.TestCaseExecutor.execute(TestCaseExecutor.java:285)
	at com.kms.katalon.core.common.CommonExecutor.accessTestCaseMainPhase(CommonExecutor.java:65)
	at com.kms.katalon.core.main.TestSuiteExecutor.accessTestSuiteMainPhase(TestSuiteExecutor.java:150)
	at com.kms.katalon.core.main.TestSuiteExecutor.execute(TestSuiteExecutor.java:106)
	at com.kms.katalon.core.main.TestCaseMain.startTestSuite(TestCaseMain.java:180)
	at TempTestSuite1733285972582.run(TempTestSuite1733285972582.groovy:35)
	at java.base/jdk.internal.reflect.NativeMethodAccessorImpl.invoke0(Native Method)
	at java.base/jdk.internal.reflect.NativeMethodAccessorImpl.invoke(NativeMethodAccessorImpl.java:77)
	at java.base/jdk.internal.reflect.DelegatingMethodAccessorImpl.invoke(DelegatingMethodAccessorImpl.java:43)
)

04-12-2024T07:28:57 - [TEST_STEP][PASSED] - vidget = "Уровень потерь электроэнергии": null

04-12-2024T07:28:57 - [TEST_STEP][PASSED] - typeOfData = "План": null

04-12-2024T07:28:57 - [TEST_STEP][PASSED] - PercPlanR = GetPercPlanR(x = a): null

04-12-2024T07:28:57 - [TEST_STEP][PASSED] - i1 = <not implemented yet for class: org.codehaus.groovy.ast.expr.EmptyExpression>: null

04-12-2024T07:28:57 - [TEST_STEP][PASSED] - i1 = x.indexOf("/") + 1: null

04-12-2024T07:28:57 - [TEST_STEP][PASSED] - if (i1 > -1): null

04-12-2024T07:28:57 - [TEST_STEP][PASSED] - x = x.substring(i1, x.length()): null

04-12-2024T07:28:57 - [TEST_STEP][PASSED] - i1 = x.indexOf("/"): null

04-12-2024T07:28:57 - [TEST_STEP][PASSED] - if (i1 > -1): null

04-12-2024T07:28:57 - [TEST_STEP][PASSED] - x = x.substring(0, i1): null

04-12-2024T07:28:57 - [TEST_STEP][PASSED] - return x: null

04-12-2024T07:28:57 - [TEST_STEP][PASSED] - PercPlanB = GetPercPlanB(x = b): null

04-12-2024T07:28:57 - [TEST_STEP][PASSED] - i1 = <not implemented yet for class: org.codehaus.groovy.ast.expr.EmptyExpression>: null

04-12-2024T07:28:57 - [TEST_STEP][PASSED] - i1 = x.indexOf("/") + 1: null

04-12-2024T07:28:57 - [TEST_STEP][PASSED] - if (i1 > -1): null

04-12-2024T07:28:57 - [TEST_STEP][PASSED] - x = x.substring(i1, x.length()): null

04-12-2024T07:28:57 - [TEST_STEP][PASSED] - i1 = x.indexOf("/"): null

04-12-2024T07:28:57 - [TEST_STEP][PASSED] - if (i1 > -1): null

04-12-2024T07:28:57 - [TEST_STEP][PASSED] - x = x.substring(0, i1): null

04-12-2024T07:28:57 - [TEST_STEP][FAILED] - return x: null

04-12-2024T07:28:57 - [TEST_STEP][FAILED] - if (verifyEqual(PercPlanR, PercPlanB) == false): null

04-12-2024T07:28:57 - [MESSAGE][FAILED] - Unable to verify equal between actual object 'нет данных' and expected object '9.19' (Root cause: com.kms.katalon.core.exception.StepFailedException: Actual object 'нет данных' and expected object '9.19' are not equal
	at com.kms.katalon.core.keyword.builtin.VerifyEqualKeyword$_verifyEqual_closure1.doCall(VerifyEqualKeyword.groovy:58)
	at com.kms.katalon.core.keyword.builtin.VerifyEqualKeyword$_verifyEqual_closure1.call(VerifyEqualKeyword.groovy)
	at com.kms.katalon.core.keyword.internal.KeywordMain.runKeyword(KeywordMain.groovy:75)
	at com.kms.katalon.core.keyword.builtin.VerifyEqualKeyword.verifyEqual(VerifyEqualKeyword.groovy:63)
	at com.kms.katalon.core.keyword.builtin.VerifyEqualKeyword.execute(VerifyEqualKeyword.groovy:44)
	at com.kms.katalon.core.keyword.internal.KeywordExecutor.executeKeywordForPlatform(KeywordExecutor.groovy:74)
	at com.kms.katalon.core.keyword.BuiltinKeywords.verifyEqual(BuiltinKeywords.groovy:146)
	at jdk.internal.reflect.GeneratedMethodAccessor25.invoke(Unknown Source)
	at java.base/jdk.internal.reflect.DelegatingMethodAccessorImpl.invoke(DelegatingMethodAccessorImpl.java:43)
	at Выполнение бизнес-плана сверка дашбордов.CompareDZOData(Выполнение бизнес-плана сверка дашбордов:682)
	at Выполнение бизнес-плана сверка дашбордов.run(Выполнение бизнес-плана сверка дашбордов:603)
	at com.kms.katalon.core.main.ScriptEngine.run(ScriptEngine.java:194)
	at com.kms.katalon.core.main.ScriptEngine.runScriptAsRawText(ScriptEngine.java:119)
	at com.kms.katalon.core.main.TestCaseExecutor.runScript(TestCaseExecutor.java:448)
	at com.kms.katalon.core.main.TestCaseExecutor.doExecute(TestCaseExecutor.java:439)
	at com.kms.katalon.core.main.TestCaseExecutor.processExecutionPhase(TestCaseExecutor.java:418)
	at com.kms.katalon.core.main.TestCaseExecutor.accessMainPhase(TestCaseExecutor.java:410)
	at com.kms.katalon.core.main.TestCaseExecutor.execute(TestCaseExecutor.java:285)
	at com.kms.katalon.core.common.CommonExecutor.accessTestCaseMainPhase(CommonExecutor.java:65)
	at com.kms.katalon.core.main.TestSuiteExecutor.accessTestSuiteMainPhase(TestSuiteExecutor.java:150)
	at com.kms.katalon.core.main.TestSuiteExecutor.execute(TestSuiteExecutor.java:106)
	at com.kms.katalon.core.main.TestCaseMain.startTestSuite(TestCaseMain.java:180)
	at TempTestSuite1733285972582.run(TempTestSuite1733285972582.groovy:35)
	at java.base/jdk.internal.reflect.NativeMethodAccessorImpl.invoke0(Native Method)
	at java.base/jdk.internal.reflect.NativeMethodAccessorImpl.invoke(NativeMethodAccessorImpl.java:77)
	at java.base/jdk.internal.reflect.DelegatingMethodAccessorImpl.invoke(DelegatingMethodAccessorImpl.java:43)
)

04-12-2024T07:28:57 - [TEST_STEP][PASSED] - result = WriteToExcel(typeOfData, todaysDate, PercPlanR, PercPlanB, PercFactR, PercFactB, x, tabR, tabB, o1R, o1B, vidget): null

04-12-2024T07:28:57 - [TEST_STEP][PASSED] - iii = dZO.indexOf("/"): null

04-12-2024T07:28:57 - [TEST_STEP][PASSED] - println(iii): null

04-12-2024T07:28:57 - [TEST_STEP][PASSED] - dZO = dZO.substring(0, iii): null

04-12-2024T07:28:57 - [TEST_STEP][PASSED] - println(dZO): null

04-12-2024T07:28:57 - [TEST_STEP][PASSED] - println(PercPlanR): null

04-12-2024T07:28:57 - [TEST_STEP][PASSED] - println(PercPlanB): null

04-12-2024T07:28:57 - [TEST_STEP][PASSED] - println(PercFactR): null

04-12-2024T07:28:57 - [TEST_STEP][PASSED] - println(PercFactB): null

04-12-2024T07:28:57 - [TEST_STEP][PASSED] - println(tabR): null

04-12-2024T07:28:57 - [TEST_STEP][PASSED] - println(tabB): null

04-12-2024T07:28:57 - [TEST_STEP][PASSED] - println(o1R): null

04-12-2024T07:28:57 - [TEST_STEP][PASSED] - println(o1B): null

04-12-2024T07:28:57 - [TEST_STEP][PASSED] - PR = <not implemented yet for class: org.codehaus.groovy.ast.expr.EmptyExpression>: null

04-12-2024T07:28:57 - [TEST_STEP][PASSED] - FR = <not implemented yet for class: org.codehaus.groovy.ast.expr.EmptyExpression>: null

04-12-2024T07:28:57 - [TEST_STEP][PASSED] - PB = <not implemented yet for class: org.codehaus.groovy.ast.expr.EmptyExpression>: null

04-12-2024T07:28:57 - [TEST_STEP][PASSED] - FB = <not implemented yet for class: org.codehaus.groovy.ast.expr.EmptyExpression>: null

04-12-2024T07:28:57 - [TEST_STEP][PASSED] - TR = <not implemented yet for class: org.codehaus.groovy.ast.expr.EmptyExpression>: null

04-12-2024T07:28:57 - [TEST_STEP][PASSED] - TB = <not implemented yet for class: org.codehaus.groovy.ast.expr.EmptyExpression>: null

04-12-2024T07:28:57 - [TEST_STEP][PASSED] - sheetName = "Sheet1": null

04-12-2024T07:28:57 - [TEST_STEP][PASSED] - data = findTestData("PlanFact"): null

04-12-2024T07:28:57 - [TEST_STEP][PASSED] - n = data.getRowNumbers() + 1: null

04-12-2024T07:28:57 - [TEST_STEP][PASSED] - year = todaysDate.substring(todaysDate.length() - 4, todaysDate.length()): null

04-12-2024T07:28:57 - [TEST_STEP][PASSED] - y = year.toInteger(): null

04-12-2024T07:28:57 - [TEST_STEP][PASSED] - m = getText(findTestObject("Выполнение бизнес-плана/Выполнение бизнес-плана Балансы/Фильтр Дата")): Text of object 'Object Repository/Выполнение бизнес-плана/Выполнение бизнес-плана Балансы/Фильтр Дата' is: '1, 2, 3 кв., Октябрь 2024 года'

04-12-2024T07:28:57 - [MESSAGE][PASSED] - Text of object 'Object Repository/Выполнение бизнес-плана/Выполнение бизнес-плана Балансы/Фильтр Дата' is: '1, 2, 3 кв., Октябрь 2024 года'

04-12-2024T07:28:57 - [TEST_STEP][PASSED] - m = m.substring(0, m.indexOf("2024")): null

04-12-2024T07:28:57 - [TEST_STEP][PASSED] - m = m.trim(): null

04-12-2024T07:28:57 - [TEST_STEP][PASSED] - dashboardName = "Выполнение бизнес-плана": null

04-12-2024T07:28:57 - [TEST_STEP][PASSED] - workbook01 = getWorkbook(excelFilePath): null

04-12-2024T07:28:57 - [TEST_STEP][PASSED] - sheet01 = getExcelSheet(workbook01, sheetName): null

04-12-2024T07:28:57 - [TEST_STEP][PASSED] - setValueToCellByIndex(sheet01, n, 0, dashboardName): null

04-12-2024T07:28:57 - [TEST_STEP][PASSED] - setValueToCellByIndex(sheet01, n, 1, dZO): null

04-12-2024T07:28:57 - [TEST_STEP][PASSED] - setValueToCellByIndex(sheet01, n, 2, typeOfData): null

04-12-2024T07:28:57 - [TEST_STEP][PASSED] - setValueToCellByIndex(sheet01, n, 3, typeOfData): null

04-12-2024T07:28:57 - [TEST_STEP][PASSED] - if (typeOfData == "План"): null

04-12-2024T07:28:57 - [TEST_STEP][PASSED] - if (PercPlanR == null): null

04-12-2024T07:28:57 - [TEST_STEP][PASSED] - else: null

04-12-2024T07:28:57 - [TEST_STEP][PASSED] - if (PercPlanR == "нет данных"): null

04-12-2024T07:28:57 - [TEST_STEP][PASSED] - setValueToCellByIndex(sheet01, n, 4, "нет данных"): null

04-12-2024T07:28:57 - [TEST_STEP][PASSED] - if (PercPlanB == null): null

04-12-2024T07:28:57 - [TEST_STEP][PASSED] - else: null

04-12-2024T07:28:57 - [TEST_STEP][PASSED] - if (PercPlanB == "нет данных"): null

04-12-2024T07:28:57 - [TEST_STEP][PASSED] - else: null

04-12-2024T07:28:57 - [TEST_STEP][PASSED] - PB = PercPlanB.toDouble(): null

04-12-2024T07:28:57 - [TEST_STEP][PASSED] - setValueToCellByIndex(sheet01, n, 5, PB): null

04-12-2024T07:28:57 - [TEST_STEP][PASSED] - setValueToCellByIndex(sheet01, n, 6, m): null

04-12-2024T07:28:57 - [TEST_STEP][PASSED] - setValueToCellByIndex(sheet01, n, 7, y): null

04-12-2024T07:28:57 - [TEST_STEP][PASSED] - setValueToCellByIndex(sheet01, n, 8, todaysDate): null

04-12-2024T07:28:57 - [TEST_STEP][PASSED] - n = n + 1: null

04-12-2024T07:28:57 - [TEST_STEP][PASSED] - saveWorkbook(excelFilePath, workbook01): null

04-12-2024T07:28:57 - [TEST_STEP][PASSED] - typeOfData = "Факт": null

04-12-2024T07:28:57 - [TEST_STEP][PASSED] - PercFactR = GetPercFactR(x = a): null

04-12-2024T07:28:57 - [TEST_STEP][PASSED] - i1 = <not implemented yet for class: org.codehaus.groovy.ast.expr.EmptyExpression>: null

04-12-2024T07:28:57 - [TEST_STEP][PASSED] - ii = <not implemented yet for class: org.codehaus.groovy.ast.expr.EmptyExpression>: null

04-12-2024T07:28:57 - [TEST_STEP][PASSED] - for ([ii = 1, ii < 3, (ii++)]): null

04-12-2024T07:28:57 - [TEST_STEP][PASSED] - i1 = x.indexOf("/") + 1: null

04-12-2024T07:28:57 - [TEST_STEP][PASSED] - if (i1 > -1): null

04-12-2024T07:28:57 - [TEST_STEP][PASSED] - x = x.substring(i1, x.length()): null

04-12-2024T07:28:57 - [TEST_STEP][PASSED] - println(x): null

04-12-2024T07:28:57 - [TEST_STEP][PASSED] - i1 = x.indexOf("/") + 1: null

04-12-2024T07:28:57 - [TEST_STEP][PASSED] - if (i1 > -1): null

04-12-2024T07:28:57 - [TEST_STEP][PASSED] - x = x.substring(i1, x.length()): null

04-12-2024T07:28:57 - [TEST_STEP][PASSED] - println(x): null

04-12-2024T07:28:57 - [TEST_STEP][PASSED] - i1 = x.indexOf("/"): null

04-12-2024T07:28:57 - [TEST_STEP][PASSED] - if (i1 > -1): null

04-12-2024T07:28:57 - [TEST_STEP][PASSED] - x = x.substring(0, i1): null

04-12-2024T07:28:57 - [TEST_STEP][PASSED] - println(x): null

04-12-2024T07:28:57 - [TEST_STEP][PASSED] - return x: null

04-12-2024T07:28:57 - [TEST_STEP][PASSED] - PercFactB = GetPercFactB(x = b): null

04-12-2024T07:28:57 - [TEST_STEP][PASSED] - i1 = <not implemented yet for class: org.codehaus.groovy.ast.expr.EmptyExpression>: null

04-12-2024T07:28:57 - [TEST_STEP][PASSED] - ii = <not implemented yet for class: org.codehaus.groovy.ast.expr.EmptyExpression>: null

04-12-2024T07:28:57 - [TEST_STEP][PASSED] - for ([ii = 1, ii < 3, (ii++)]): null

04-12-2024T07:28:57 - [TEST_STEP][PASSED] - i1 = x.indexOf("/") + 1: null

04-12-2024T07:28:57 - [TEST_STEP][PASSED] - if (i1 > -1): null

04-12-2024T07:28:57 - [TEST_STEP][PASSED] - x = x.substring(i1, x.length()): null

04-12-2024T07:28:57 - [TEST_STEP][PASSED] - println(x): null

04-12-2024T07:28:57 - [TEST_STEP][PASSED] - i1 = x.indexOf("/") + 1: null

04-12-2024T07:28:57 - [TEST_STEP][PASSED] - if (i1 > -1): null

04-12-2024T07:28:57 - [TEST_STEP][PASSED] - x = x.substring(i1, x.length()): null

04-12-2024T07:28:57 - [TEST_STEP][PASSED] - println(x): null

04-12-2024T07:28:57 - [TEST_STEP][PASSED] - i1 = x.indexOf("/"): null

04-12-2024T07:28:57 - [TEST_STEP][PASSED] - if (i1 > -1): null

04-12-2024T07:28:57 - [TEST_STEP][PASSED] - x = x.substring(0, i1): null

04-12-2024T07:28:57 - [TEST_STEP][PASSED] - println(x): null

04-12-2024T07:28:57 - [TEST_STEP][FAILED] - return x: null

04-12-2024T07:28:57 - [TEST_STEP][FAILED] - if (verifyEqual(PercFactR, PercFactB) == false): null

04-12-2024T07:28:57 - [MESSAGE][FAILED] - Unable to verify equal between actual object 'нет данных' and expected object '8.46' (Root cause: com.kms.katalon.core.exception.StepFailedException: Actual object 'нет данных' and expected object '8.46' are not equal
	at com.kms.katalon.core.keyword.builtin.VerifyEqualKeyword$_verifyEqual_closure1.doCall(VerifyEqualKeyword.groovy:58)
	at com.kms.katalon.core.keyword.builtin.VerifyEqualKeyword$_verifyEqual_closure1.call(VerifyEqualKeyword.groovy)
	at com.kms.katalon.core.keyword.internal.KeywordMain.runKeyword(KeywordMain.groovy:75)
	at com.kms.katalon.core.keyword.builtin.VerifyEqualKeyword.verifyEqual(VerifyEqualKeyword.groovy:63)
	at com.kms.katalon.core.keyword.builtin.VerifyEqualKeyword.execute(VerifyEqualKeyword.groovy:44)
	at com.kms.katalon.core.keyword.internal.KeywordExecutor.executeKeywordForPlatform(KeywordExecutor.groovy:74)
	at com.kms.katalon.core.keyword.BuiltinKeywords.verifyEqual(BuiltinKeywords.groovy:146)
	at jdk.internal.reflect.GeneratedMethodAccessor25.invoke(Unknown Source)
	at java.base/jdk.internal.reflect.DelegatingMethodAccessorImpl.invoke(DelegatingMethodAccessorImpl.java:43)
	at Выполнение бизнес-плана сверка дашбордов.CompareDZOData(Выполнение бизнес-плана сверка дашбордов:693)
	at Выполнение бизнес-плана сверка дашбордов.run(Выполнение бизнес-плана сверка дашбордов:603)
	at com.kms.katalon.core.main.ScriptEngine.run(ScriptEngine.java:194)
	at com.kms.katalon.core.main.ScriptEngine.runScriptAsRawText(ScriptEngine.java:119)
	at com.kms.katalon.core.main.TestCaseExecutor.runScript(TestCaseExecutor.java:448)
	at com.kms.katalon.core.main.TestCaseExecutor.doExecute(TestCaseExecutor.java:439)
	at com.kms.katalon.core.main.TestCaseExecutor.processExecutionPhase(TestCaseExecutor.java:418)
	at com.kms.katalon.core.main.TestCaseExecutor.accessMainPhase(TestCaseExecutor.java:410)
	at com.kms.katalon.core.main.TestCaseExecutor.execute(TestCaseExecutor.java:285)
	at com.kms.katalon.core.common.CommonExecutor.accessTestCaseMainPhase(CommonExecutor.java:65)
	at com.kms.katalon.core.main.TestSuiteExecutor.accessTestSuiteMainPhase(TestSuiteExecutor.java:150)
	at com.kms.katalon.core.main.TestSuiteExecutor.execute(TestSuiteExecutor.java:106)
	at com.kms.katalon.core.main.TestCaseMain.startTestSuite(TestCaseMain.java:180)
	at TempTestSuite1733285972582.run(TempTestSuite1733285972582.groovy:35)
	at java.base/jdk.internal.reflect.NativeMethodAccessorImpl.invoke0(Native Method)
	at java.base/jdk.internal.reflect.NativeMethodAccessorImpl.invoke(NativeMethodAccessorImpl.java:77)
	at java.base/jdk.internal.reflect.DelegatingMethodAccessorImpl.invoke(DelegatingMethodAccessorImpl.java:43)
)

04-12-2024T07:28:57 - [TEST_STEP][PASSED] - result = WriteToExcel(typeOfData, todaysDate, PercPlanR, PercPlanB, PercFactR, PercFactB, x, tabR, tabB, o1R, o1B, vidget): null

04-12-2024T07:28:57 - [TEST_STEP][PASSED] - iii = dZO.indexOf("/"): null

04-12-2024T07:28:57 - [TEST_STEP][PASSED] - println(iii): null

04-12-2024T07:28:57 - [TEST_STEP][PASSED] - dZO = dZO.substring(0, iii): null

04-12-2024T07:28:57 - [TEST_STEP][PASSED] - println(dZO): null

04-12-2024T07:28:57 - [TEST_STEP][PASSED] - println(PercPlanR): null

04-12-2024T07:28:57 - [TEST_STEP][PASSED] - println(PercPlanB): null

04-12-2024T07:28:57 - [TEST_STEP][PASSED] - println(PercFactR): null

04-12-2024T07:28:57 - [TEST_STEP][PASSED] - println(PercFactB): null

04-12-2024T07:28:57 - [TEST_STEP][PASSED] - println(tabR): null

04-12-2024T07:28:57 - [TEST_STEP][PASSED] - println(tabB): null

04-12-2024T07:28:57 - [TEST_STEP][PASSED] - println(o1R): null

04-12-2024T07:28:57 - [TEST_STEP][PASSED] - println(o1B): null

04-12-2024T07:28:57 - [TEST_STEP][PASSED] - PR = <not implemented yet for class: org.codehaus.groovy.ast.expr.EmptyExpression>: null

04-12-2024T07:28:57 - [TEST_STEP][PASSED] - FR = <not implemented yet for class: org.codehaus.groovy.ast.expr.EmptyExpression>: null

04-12-2024T07:28:57 - [TEST_STEP][PASSED] - PB = <not implemented yet for class: org.codehaus.groovy.ast.expr.EmptyExpression>: null

04-12-2024T07:28:57 - [TEST_STEP][PASSED] - FB = <not implemented yet for class: org.codehaus.groovy.ast.expr.EmptyExpression>: null

04-12-2024T07:28:57 - [TEST_STEP][PASSED] - TR = <not implemented yet for class: org.codehaus.groovy.ast.expr.EmptyExpression>: null

04-12-2024T07:28:57 - [TEST_STEP][PASSED] - TB = <not implemented yet for class: org.codehaus.groovy.ast.expr.EmptyExpression>: null

04-12-2024T07:28:57 - [TEST_STEP][PASSED] - sheetName = "Sheet1": null

04-12-2024T07:28:57 - [TEST_STEP][PASSED] - data = findTestData("PlanFact"): null

04-12-2024T07:28:57 - [TEST_STEP][PASSED] - n = data.getRowNumbers() + 1: null

04-12-2024T07:28:57 - [TEST_STEP][PASSED] - year = todaysDate.substring(todaysDate.length() - 4, todaysDate.length()): null

04-12-2024T07:28:57 - [TEST_STEP][PASSED] - y = year.toInteger(): null

04-12-2024T07:28:57 - [TEST_STEP][PASSED] - m = getText(findTestObject("Выполнение бизнес-плана/Выполнение бизнес-плана Балансы/Фильтр Дата")): Text of object 'Object Repository/Выполнение бизнес-плана/Выполнение бизнес-плана Балансы/Фильтр Дата' is: '1, 2, 3 кв., Октябрь 2024 года'

04-12-2024T07:28:58 - [MESSAGE][PASSED] - Text of object 'Object Repository/Выполнение бизнес-плана/Выполнение бизнес-плана Балансы/Фильтр Дата' is: '1, 2, 3 кв., Октябрь 2024 года'

04-12-2024T07:28:58 - [TEST_STEP][PASSED] - m = m.substring(0, m.indexOf("2024")): null

04-12-2024T07:28:58 - [TEST_STEP][PASSED] - m = m.trim(): null

04-12-2024T07:28:58 - [TEST_STEP][PASSED] - dashboardName = "Выполнение бизнес-плана": null

04-12-2024T07:28:58 - [TEST_STEP][PASSED] - workbook01 = getWorkbook(excelFilePath): null

04-12-2024T07:28:58 - [TEST_STEP][PASSED] - sheet01 = getExcelSheet(workbook01, sheetName): null

04-12-2024T07:28:58 - [TEST_STEP][PASSED] - setValueToCellByIndex(sheet01, n, 0, dashboardName): null

04-12-2024T07:28:58 - [TEST_STEP][PASSED] - setValueToCellByIndex(sheet01, n, 1, dZO): null

04-12-2024T07:28:58 - [TEST_STEP][PASSED] - setValueToCellByIndex(sheet01, n, 2, typeOfData): null

04-12-2024T07:28:58 - [TEST_STEP][PASSED] - setValueToCellByIndex(sheet01, n, 3, typeOfData): null

04-12-2024T07:28:58 - [TEST_STEP][PASSED] - if (typeOfData == "План"): null

04-12-2024T07:28:58 - [TEST_STEP][PASSED] - else if (typeOfData == "Факт"): null

04-12-2024T07:28:58 - [TEST_STEP][PASSED] - if (PercFactR == null): null

04-12-2024T07:28:58 - [TEST_STEP][PASSED] - else: null

04-12-2024T07:28:58 - [TEST_STEP][PASSED] - if (PercFactR == "нет данных"): null

04-12-2024T07:28:58 - [TEST_STEP][PASSED] - setValueToCellByIndex(sheet01, n, 4, "нет данных"): null

04-12-2024T07:28:58 - [TEST_STEP][PASSED] - if (PercFactB == null): null

04-12-2024T07:28:58 - [TEST_STEP][PASSED] - else: null

04-12-2024T07:28:58 - [TEST_STEP][PASSED] - if (PercFactB == "нет данных"): null

04-12-2024T07:28:58 - [TEST_STEP][PASSED] - else: null

04-12-2024T07:28:58 - [TEST_STEP][PASSED] - FB = PercFactB.toDouble(): null

04-12-2024T07:28:58 - [TEST_STEP][PASSED] - setValueToCellByIndex(sheet01, n, 5, FB): null

04-12-2024T07:28:58 - [TEST_STEP][PASSED] - setValueToCellByIndex(sheet01, n, 6, m): null

04-12-2024T07:28:58 - [TEST_STEP][PASSED] - setValueToCellByIndex(sheet01, n, 7, y): null

04-12-2024T07:28:58 - [TEST_STEP][PASSED] - setValueToCellByIndex(sheet01, n, 8, todaysDate): null

04-12-2024T07:28:58 - [TEST_STEP][PASSED] - n = n + 1: null

04-12-2024T07:28:58 - [TEST_STEP][PASSED] - saveWorkbook(excelFilePath, workbook01): null

04-12-2024T07:28:58 - [TEST_STEP][PASSED] - vidget = "Показатели баланса электроэнергии по ДЗО – Факт": null

04-12-2024T07:28:58 - [TEST_STEP][PASSED] - typeOfData = "Факт Отпуск в сеть": null

04-12-2024T07:28:58 - [TEST_STEP][PASSED] - tabR = GetOvSFactR(x = a): null

04-12-2024T07:28:58 - [TEST_STEP][PASSED] - i1 = <not implemented yet for class: org.codehaus.groovy.ast.expr.EmptyExpression>: null

04-12-2024T07:28:58 - [TEST_STEP][PASSED] - ii = <not implemented yet for class: org.codehaus.groovy.ast.expr.EmptyExpression>: null

04-12-2024T07:28:58 - [TEST_STEP][PASSED] - for ([ii = 1, ii < 4, (ii++)]): null

04-12-2024T07:28:58 - [TEST_STEP][PASSED] - i1 = x.indexOf("/") + 1: null

04-12-2024T07:28:58 - [TEST_STEP][PASSED] - if (i1 > -1): null

04-12-2024T07:28:58 - [TEST_STEP][PASSED] - x = x.substring(i1, x.length()): null

04-12-2024T07:28:58 - [TEST_STEP][PASSED] - println(x): null

04-12-2024T07:28:58 - [TEST_STEP][PASSED] - i1 = x.indexOf("/") + 1: null

04-12-2024T07:28:58 - [TEST_STEP][PASSED] - if (i1 > -1): null

04-12-2024T07:28:58 - [TEST_STEP][PASSED] - x = x.substring(i1, x.length()): null

04-12-2024T07:28:58 - [TEST_STEP][PASSED] - println(x): null

04-12-2024T07:28:58 - [TEST_STEP][PASSED] - i1 = x.indexOf("/") + 1: null

04-12-2024T07:28:58 - [TEST_STEP][PASSED] - if (i1 > -1): null

04-12-2024T07:28:58 - [TEST_STEP][PASSED] - x = x.substring(i1, x.length()): null

04-12-2024T07:28:58 - [TEST_STEP][PASSED] - println(x): null

04-12-2024T07:28:58 - [TEST_STEP][PASSED] - i1 = x.indexOf("/"): null

04-12-2024T07:28:58 - [TEST_STEP][PASSED] - if (i1 > -1): null

04-12-2024T07:28:58 - [TEST_STEP][PASSED] - x = x.substring(0, i1): null

04-12-2024T07:28:58 - [TEST_STEP][PASSED] - println(x): null

04-12-2024T07:28:58 - [TEST_STEP][PASSED] - return x: null

04-12-2024T07:28:58 - [TEST_STEP][PASSED] - tabB = GetOvSFactB(x = b): null

04-12-2024T07:28:58 - [TEST_STEP][PASSED] - i1 = <not implemented yet for class: org.codehaus.groovy.ast.expr.EmptyExpression>: null

04-12-2024T07:28:58 - [TEST_STEP][PASSED] - ii = <not implemented yet for class: org.codehaus.groovy.ast.expr.EmptyExpression>: null

04-12-2024T07:28:58 - [TEST_STEP][PASSED] - for ([ii = 1, ii < 4, (ii++)]): null

04-12-2024T07:28:58 - [TEST_STEP][PASSED] - i1 = x.indexOf("/") + 1: null

04-12-2024T07:28:58 - [TEST_STEP][PASSED] - if (i1 > -1): null

04-12-2024T07:28:58 - [TEST_STEP][PASSED] - x = x.substring(i1, x.length()): null

04-12-2024T07:28:58 - [TEST_STEP][PASSED] - println(x): null

04-12-2024T07:28:58 - [TEST_STEP][PASSED] - i1 = x.indexOf("/") + 1: null

04-12-2024T07:28:58 - [TEST_STEP][PASSED] - if (i1 > -1): null

04-12-2024T07:28:58 - [TEST_STEP][PASSED] - x = x.substring(i1, x.length()): null

04-12-2024T07:28:58 - [TEST_STEP][PASSED] - println(x): null

04-12-2024T07:28:58 - [TEST_STEP][PASSED] - i1 = x.indexOf("/") + 1: null

04-12-2024T07:28:58 - [TEST_STEP][PASSED] - if (i1 > -1): null

04-12-2024T07:28:58 - [TEST_STEP][PASSED] - x = x.substring(i1, x.length()): null

04-12-2024T07:28:58 - [TEST_STEP][PASSED] - println(x): null

04-12-2024T07:28:58 - [TEST_STEP][PASSED] - i1 = x.indexOf("/"): null

04-12-2024T07:28:58 - [TEST_STEP][PASSED] - if (i1 > -1): null

04-12-2024T07:28:58 - [TEST_STEP][PASSED] - x = x.substring(0, i1): null

04-12-2024T07:28:58 - [TEST_STEP][PASSED] - println(x): null

04-12-2024T07:28:58 - [TEST_STEP][FAILED] - return x: null

04-12-2024T07:28:58 - [TEST_STEP][FAILED] - if (verifyEqual(tabR, tabB) == false): null

04-12-2024T07:28:58 - [MESSAGE][FAILED] - Unable to verify equal between actual object 'нет данных' and expected object '23489307' (Root cause: com.kms.katalon.core.exception.StepFailedException: Actual object 'нет данных' and expected object '23489307' are not equal
	at com.kms.katalon.core.keyword.builtin.VerifyEqualKeyword$_verifyEqual_closure1.doCall(VerifyEqualKeyword.groovy:58)
	at com.kms.katalon.core.keyword.builtin.VerifyEqualKeyword$_verifyEqual_closure1.call(VerifyEqualKeyword.groovy)
	at com.kms.katalon.core.keyword.internal.KeywordMain.runKeyword(KeywordMain.groovy:75)
	at com.kms.katalon.core.keyword.builtin.VerifyEqualKeyword.verifyEqual(VerifyEqualKeyword.groovy:63)
	at com.kms.katalon.core.keyword.builtin.VerifyEqualKeyword.execute(VerifyEqualKeyword.groovy:44)
	at com.kms.katalon.core.keyword.internal.KeywordExecutor.executeKeywordForPlatform(KeywordExecutor.groovy:74)
	at com.kms.katalon.core.keyword.BuiltinKeywords.verifyEqual(BuiltinKeywords.groovy:146)
	at jdk.internal.reflect.GeneratedMethodAccessor25.invoke(Unknown Source)
	at java.base/jdk.internal.reflect.DelegatingMethodAccessorImpl.invoke(DelegatingMethodAccessorImpl.java:43)
	at Выполнение бизнес-плана сверка дашбордов.CompareDZOData(Выполнение бизнес-плана сверка дашбордов:706)
	at Выполнение бизнес-плана сверка дашбордов.run(Выполнение бизнес-плана сверка дашбордов:603)
	at com.kms.katalon.core.main.ScriptEngine.run(ScriptEngine.java:194)
	at com.kms.katalon.core.main.ScriptEngine.runScriptAsRawText(ScriptEngine.java:119)
	at com.kms.katalon.core.main.TestCaseExecutor.runScript(TestCaseExecutor.java:448)
	at com.kms.katalon.core.main.TestCaseExecutor.doExecute(TestCaseExecutor.java:439)
	at com.kms.katalon.core.main.TestCaseExecutor.processExecutionPhase(TestCaseExecutor.java:418)
	at com.kms.katalon.core.main.TestCaseExecutor.accessMainPhase(TestCaseExecutor.java:410)
	at com.kms.katalon.core.main.TestCaseExecutor.execute(TestCaseExecutor.java:285)
	at com.kms.katalon.core.common.CommonExecutor.accessTestCaseMainPhase(CommonExecutor.java:65)
	at com.kms.katalon.core.main.TestSuiteExecutor.accessTestSuiteMainPhase(TestSuiteExecutor.java:150)
	at com.kms.katalon.core.main.TestSuiteExecutor.execute(TestSuiteExecutor.java:106)
	at com.kms.katalon.core.main.TestCaseMain.startTestSuite(TestCaseMain.java:180)
	at TempTestSuite1733285972582.run(TempTestSuite1733285972582.groovy:35)
	at java.base/jdk.internal.reflect.NativeMethodAccessorImpl.invoke0(Native Method)
	at java.base/jdk.internal.reflect.NativeMethodAccessorImpl.invoke(NativeMethodAccessorImpl.java:77)
	at java.base/jdk.internal.reflect.DelegatingMethodAccessorImpl.invoke(DelegatingMethodAccessorImpl.java:43)
)

04-12-2024T07:28:58 - [TEST_STEP][PASSED] - result = WriteToExcel(typeOfData, todaysDate, PercPlanR, PercPlanB, PercFactR, PercFactB, x, tabR, tabB, o1R, o1B, vidget): null

04-12-2024T07:28:58 - [TEST_STEP][PASSED] - iii = dZO.indexOf("/"): null

04-12-2024T07:28:58 - [TEST_STEP][PASSED] - println(iii): null

04-12-2024T07:28:58 - [TEST_STEP][PASSED] - dZO = dZO.substring(0, iii): null

04-12-2024T07:28:58 - [TEST_STEP][PASSED] - println(dZO): null

04-12-2024T07:28:58 - [TEST_STEP][PASSED] - println(PercPlanR): null

04-12-2024T07:28:58 - [TEST_STEP][PASSED] - println(PercPlanB): null

04-12-2024T07:28:58 - [TEST_STEP][PASSED] - println(PercFactR): null

04-12-2024T07:28:58 - [TEST_STEP][PASSED] - println(PercFactB): null

04-12-2024T07:28:58 - [TEST_STEP][PASSED] - println(tabR): null

04-12-2024T07:28:58 - [TEST_STEP][PASSED] - println(tabB): null

04-12-2024T07:28:58 - [TEST_STEP][PASSED] - println(o1R): null

04-12-2024T07:28:58 - [TEST_STEP][PASSED] - println(o1B): null

04-12-2024T07:28:58 - [TEST_STEP][PASSED] - PR = <not implemented yet for class: org.codehaus.groovy.ast.expr.EmptyExpression>: null

04-12-2024T07:28:58 - [TEST_STEP][PASSED] - FR = <not implemented yet for class: org.codehaus.groovy.ast.expr.EmptyExpression>: null

04-12-2024T07:28:58 - [TEST_STEP][PASSED] - PB = <not implemented yet for class: org.codehaus.groovy.ast.expr.EmptyExpression>: null

04-12-2024T07:28:58 - [TEST_STEP][PASSED] - FB = <not implemented yet for class: org.codehaus.groovy.ast.expr.EmptyExpression>: null

04-12-2024T07:28:58 - [TEST_STEP][PASSED] - TR = <not implemented yet for class: org.codehaus.groovy.ast.expr.EmptyExpression>: null

04-12-2024T07:28:58 - [TEST_STEP][PASSED] - TB = <not implemented yet for class: org.codehaus.groovy.ast.expr.EmptyExpression>: null

04-12-2024T07:28:58 - [TEST_STEP][PASSED] - sheetName = "Sheet1": null

04-12-2024T07:28:58 - [TEST_STEP][PASSED] - data = findTestData("PlanFact"): null

04-12-2024T07:28:58 - [TEST_STEP][PASSED] - n = data.getRowNumbers() + 1: null

04-12-2024T07:28:58 - [TEST_STEP][PASSED] - year = todaysDate.substring(todaysDate.length() - 4, todaysDate.length()): null

04-12-2024T07:28:58 - [TEST_STEP][PASSED] - y = year.toInteger(): null

04-12-2024T07:28:58 - [TEST_STEP][PASSED] - m = getText(findTestObject("Выполнение бизнес-плана/Выполнение бизнес-плана Балансы/Фильтр Дата")): Text of object 'Object Repository/Выполнение бизнес-плана/Выполнение бизнес-плана Балансы/Фильтр Дата' is: '1, 2, 3 кв., Октябрь 2024 года'

04-12-2024T07:28:58 - [MESSAGE][PASSED] - Text of object 'Object Repository/Выполнение бизнес-плана/Выполнение бизнес-плана Балансы/Фильтр Дата' is: '1, 2, 3 кв., Октябрь 2024 года'

04-12-2024T07:28:58 - [TEST_STEP][PASSED] - m = m.substring(0, m.indexOf("2024")): null

04-12-2024T07:28:58 - [TEST_STEP][PASSED] - m = m.trim(): null

04-12-2024T07:28:58 - [TEST_STEP][PASSED] - dashboardName = "Выполнение бизнес-плана": null

04-12-2024T07:28:58 - [TEST_STEP][PASSED] - workbook01 = getWorkbook(excelFilePath): null

04-12-2024T07:28:58 - [TEST_STEP][PASSED] - sheet01 = getExcelSheet(workbook01, sheetName): null

04-12-2024T07:28:58 - [TEST_STEP][PASSED] - setValueToCellByIndex(sheet01, n, 0, dashboardName): null

04-12-2024T07:28:58 - [TEST_STEP][PASSED] - setValueToCellByIndex(sheet01, n, 1, dZO): null

04-12-2024T07:28:58 - [TEST_STEP][PASSED] - setValueToCellByIndex(sheet01, n, 2, typeOfData): null

04-12-2024T07:28:58 - [TEST_STEP][PASSED] - setValueToCellByIndex(sheet01, n, 3, typeOfData): null

04-12-2024T07:28:58 - [TEST_STEP][PASSED] - if (typeOfData == "План"): null

04-12-2024T07:28:58 - [TEST_STEP][PASSED] - else if (typeOfData == "Факт"): null

04-12-2024T07:28:58 - [TEST_STEP][PASSED] - else if (vidget.contains("электроэнергии") == true): null

04-12-2024T07:28:58 - [TEST_STEP][PASSED] - if (tabR == null): null

04-12-2024T07:28:58 - [TEST_STEP][PASSED] - else: null

04-12-2024T07:28:58 - [TEST_STEP][PASSED] - if (tabR == "нет данных"): null

04-12-2024T07:28:58 - [TEST_STEP][PASSED] - setValueToCellByIndex(sheet01, n, 4, "нет данных"): null

04-12-2024T07:28:58 - [TEST_STEP][PASSED] - if (tabB == null): null

04-12-2024T07:28:58 - [TEST_STEP][PASSED] - else: null

04-12-2024T07:28:58 - [TEST_STEP][PASSED] - if (tabB == "нет данных"): null

04-12-2024T07:28:58 - [TEST_STEP][PASSED] - else: null

04-12-2024T07:28:58 - [TEST_STEP][PASSED] - TB = tabB.toInteger(): null

04-12-2024T07:28:58 - [TEST_STEP][PASSED] - setValueToCellByIndex(sheet01, n, 5, TB): null

04-12-2024T07:28:58 - [TEST_STEP][PASSED] - setValueToCellByIndex(sheet01, n, 6, m): null

04-12-2024T07:28:58 - [TEST_STEP][PASSED] - setValueToCellByIndex(sheet01, n, 7, y): null

04-12-2024T07:28:58 - [TEST_STEP][PASSED] - setValueToCellByIndex(sheet01, n, 8, todaysDate): null

04-12-2024T07:28:58 - [TEST_STEP][PASSED] - n = n + 1: null

04-12-2024T07:28:58 - [TEST_STEP][PASSED] - saveWorkbook(excelFilePath, workbook01): null

04-12-2024T07:28:59 - [TEST_STEP][PASSED] - typeOfData = "Факт Отпуск из сети": null

04-12-2024T07:28:59 - [TEST_STEP][PASSED] - tabR = GetOiSFactR(x = a): null

04-12-2024T07:28:59 - [TEST_STEP][PASSED] - i1 = <not implemented yet for class: org.codehaus.groovy.ast.expr.EmptyExpression>: null

04-12-2024T07:28:59 - [TEST_STEP][PASSED] - ii = <not implemented yet for class: org.codehaus.groovy.ast.expr.EmptyExpression>: null

04-12-2024T07:28:59 - [TEST_STEP][PASSED] - for ([ii = 1, ii < 5, (ii++)]): null

04-12-2024T07:28:59 - [TEST_STEP][PASSED] - i1 = x.indexOf("/") + 1: null

04-12-2024T07:28:59 - [TEST_STEP][PASSED] - if (i1 > -1): null

04-12-2024T07:28:59 - [TEST_STEP][PASSED] - x = x.substring(i1, x.length()): null

04-12-2024T07:28:59 - [TEST_STEP][PASSED] - println(x): null

04-12-2024T07:28:59 - [TEST_STEP][PASSED] - i1 = x.indexOf("/") + 1: null

04-12-2024T07:28:59 - [TEST_STEP][PASSED] - if (i1 > -1): null

04-12-2024T07:28:59 - [TEST_STEP][PASSED] - x = x.substring(i1, x.length()): null

04-12-2024T07:28:59 - [TEST_STEP][PASSED] - println(x): null

04-12-2024T07:28:59 - [TEST_STEP][PASSED] - i1 = x.indexOf("/") + 1: null

04-12-2024T07:28:59 - [TEST_STEP][PASSED] - if (i1 > -1): null

04-12-2024T07:28:59 - [TEST_STEP][PASSED] - x = x.substring(i1, x.length()): null

04-12-2024T07:28:59 - [TEST_STEP][PASSED] - println(x): null

04-12-2024T07:28:59 - [TEST_STEP][PASSED] - i1 = x.indexOf("/") + 1: null

04-12-2024T07:28:59 - [TEST_STEP][PASSED] - if (i1 > -1): null

04-12-2024T07:28:59 - [TEST_STEP][PASSED] - x = x.substring(i1, x.length()): null

04-12-2024T07:28:59 - [TEST_STEP][PASSED] - println(x): null

04-12-2024T07:28:59 - [TEST_STEP][PASSED] - i1 = x.indexOf("/"): null

04-12-2024T07:28:59 - [TEST_STEP][PASSED] - if (i1 > -1): null

04-12-2024T07:28:59 - [TEST_STEP][PASSED] - x = x.substring(0, i1): null

04-12-2024T07:28:59 - [TEST_STEP][PASSED] - println(x): null

04-12-2024T07:28:59 - [TEST_STEP][PASSED] - return x: null

04-12-2024T07:28:59 - [TEST_STEP][PASSED] - tabB = GetOiSFactB(x = b): null

04-12-2024T07:28:59 - [TEST_STEP][PASSED] - i1 = <not implemented yet for class: org.codehaus.groovy.ast.expr.EmptyExpression>: null

04-12-2024T07:28:59 - [TEST_STEP][PASSED] - ii = <not implemented yet for class: org.codehaus.groovy.ast.expr.EmptyExpression>: null

04-12-2024T07:28:59 - [TEST_STEP][PASSED] - for ([ii = 1, ii < 5, (ii++)]): null

04-12-2024T07:28:59 - [TEST_STEP][PASSED] - i1 = x.indexOf("/") + 1: null

04-12-2024T07:28:59 - [TEST_STEP][PASSED] - if (i1 > -1): null

04-12-2024T07:28:59 - [TEST_STEP][PASSED] - x = x.substring(i1, x.length()): null

04-12-2024T07:28:59 - [TEST_STEP][PASSED] - println(x): null

04-12-2024T07:28:59 - [TEST_STEP][PASSED] - i1 = x.indexOf("/") + 1: null

04-12-2024T07:28:59 - [TEST_STEP][PASSED] - if (i1 > -1): null

04-12-2024T07:28:59 - [TEST_STEP][PASSED] - x = x.substring(i1, x.length()): null

04-12-2024T07:28:59 - [TEST_STEP][PASSED] - println(x): null

04-12-2024T07:28:59 - [TEST_STEP][PASSED] - i1 = x.indexOf("/") + 1: null

04-12-2024T07:28:59 - [TEST_STEP][PASSED] - if (i1 > -1): null

04-12-2024T07:28:59 - [TEST_STEP][PASSED] - x = x.substring(i1, x.length()): null

04-12-2024T07:28:59 - [TEST_STEP][PASSED] - println(x): null

04-12-2024T07:28:59 - [TEST_STEP][PASSED] - i1 = x.indexOf("/") + 1: null

04-12-2024T07:28:59 - [TEST_STEP][PASSED] - if (i1 > -1): null

04-12-2024T07:28:59 - [TEST_STEP][PASSED] - x = x.substring(i1, x.length()): null

04-12-2024T07:28:59 - [TEST_STEP][PASSED] - println(x): null

04-12-2024T07:28:59 - [TEST_STEP][PASSED] - i1 = x.indexOf("/"): null

04-12-2024T07:28:59 - [TEST_STEP][PASSED] - if (i1 > -1): null

04-12-2024T07:28:59 - [TEST_STEP][PASSED] - x = x.substring(0, i1): null

04-12-2024T07:28:59 - [TEST_STEP][PASSED] - println(x): null

04-12-2024T07:28:59 - [TEST_STEP][FAILED] - return x: null

04-12-2024T07:28:59 - [TEST_STEP][FAILED] - if (verifyEqual(tabR, tabB) == false): null

04-12-2024T07:28:59 - [MESSAGE][FAILED] - Unable to verify equal between actual object 'нет данных' and expected object '21501911' (Root cause: com.kms.katalon.core.exception.StepFailedException: Actual object 'нет данных' and expected object '21501911' are not equal
	at com.kms.katalon.core.keyword.builtin.VerifyEqualKeyword$_verifyEqual_closure1.doCall(VerifyEqualKeyword.groovy:58)
	at com.kms.katalon.core.keyword.builtin.VerifyEqualKeyword$_verifyEqual_closure1.call(VerifyEqualKeyword.groovy)
	at com.kms.katalon.core.keyword.internal.KeywordMain.runKeyword(KeywordMain.groovy:75)
	at com.kms.katalon.core.keyword.builtin.VerifyEqualKeyword.verifyEqual(VerifyEqualKeyword.groovy:63)
	at com.kms.katalon.core.keyword.builtin.VerifyEqualKeyword.execute(VerifyEqualKeyword.groovy:44)
	at com.kms.katalon.core.keyword.internal.KeywordExecutor.executeKeywordForPlatform(KeywordExecutor.groovy:74)
	at com.kms.katalon.core.keyword.BuiltinKeywords.verifyEqual(BuiltinKeywords.groovy:146)
	at jdk.internal.reflect.GeneratedMethodAccessor25.invoke(Unknown Source)
	at java.base/jdk.internal.reflect.DelegatingMethodAccessorImpl.invoke(DelegatingMethodAccessorImpl.java:43)
	at Выполнение бизнес-плана сверка дашбордов.CompareDZOData(Выполнение бизнес-плана сверка дашбордов:717)
	at Выполнение бизнес-плана сверка дашбордов.run(Выполнение бизнес-плана сверка дашбордов:603)
	at com.kms.katalon.core.main.ScriptEngine.run(ScriptEngine.java:194)
	at com.kms.katalon.core.main.ScriptEngine.runScriptAsRawText(ScriptEngine.java:119)
	at com.kms.katalon.core.main.TestCaseExecutor.runScript(TestCaseExecutor.java:448)
	at com.kms.katalon.core.main.TestCaseExecutor.doExecute(TestCaseExecutor.java:439)
	at com.kms.katalon.core.main.TestCaseExecutor.processExecutionPhase(TestCaseExecutor.java:418)
	at com.kms.katalon.core.main.TestCaseExecutor.accessMainPhase(TestCaseExecutor.java:410)
	at com.kms.katalon.core.main.TestCaseExecutor.execute(TestCaseExecutor.java:285)
	at com.kms.katalon.core.common.CommonExecutor.accessTestCaseMainPhase(CommonExecutor.java:65)
	at com.kms.katalon.core.main.TestSuiteExecutor.accessTestSuiteMainPhase(TestSuiteExecutor.java:150)
	at com.kms.katalon.core.main.TestSuiteExecutor.execute(TestSuiteExecutor.java:106)
	at com.kms.katalon.core.main.TestCaseMain.startTestSuite(TestCaseMain.java:180)
	at TempTestSuite1733285972582.run(TempTestSuite1733285972582.groovy:35)
	at java.base/jdk.internal.reflect.NativeMethodAccessorImpl.invoke0(Native Method)
	at java.base/jdk.internal.reflect.NativeMethodAccessorImpl.invoke(NativeMethodAccessorImpl.java:77)
	at java.base/jdk.internal.reflect.DelegatingMethodAccessorImpl.invoke(DelegatingMethodAccessorImpl.java:43)
)

04-12-2024T07:28:59 - [TEST_STEP][PASSED] - result = WriteToExcel(typeOfData, todaysDate, PercPlanR, PercPlanB, PercFactR, PercFactB, x, tabR, tabB, o1R, o1B, vidget): null

04-12-2024T07:28:59 - [TEST_STEP][PASSED] - iii = dZO.indexOf("/"): null

04-12-2024T07:28:59 - [TEST_STEP][PASSED] - println(iii): null

04-12-2024T07:28:59 - [TEST_STEP][PASSED] - dZO = dZO.substring(0, iii): null

04-12-2024T07:28:59 - [TEST_STEP][PASSED] - println(dZO): null

04-12-2024T07:28:59 - [TEST_STEP][PASSED] - println(PercPlanR): null

04-12-2024T07:28:59 - [TEST_STEP][PASSED] - println(PercPlanB): null

04-12-2024T07:28:59 - [TEST_STEP][PASSED] - println(PercFactR): null

04-12-2024T07:28:59 - [TEST_STEP][PASSED] - println(PercFactB): null

04-12-2024T07:28:59 - [TEST_STEP][PASSED] - println(tabR): null

04-12-2024T07:28:59 - [TEST_STEP][PASSED] - println(tabB): null

04-12-2024T07:28:59 - [TEST_STEP][PASSED] - println(o1R): null

04-12-2024T07:28:59 - [TEST_STEP][PASSED] - println(o1B): null

04-12-2024T07:28:59 - [TEST_STEP][PASSED] - PR = <not implemented yet for class: org.codehaus.groovy.ast.expr.EmptyExpression>: null

04-12-2024T07:28:59 - [TEST_STEP][PASSED] - FR = <not implemented yet for class: org.codehaus.groovy.ast.expr.EmptyExpression>: null

04-12-2024T07:28:59 - [TEST_STEP][PASSED] - PB = <not implemented yet for class: org.codehaus.groovy.ast.expr.EmptyExpression>: null

04-12-2024T07:28:59 - [TEST_STEP][PASSED] - FB = <not implemented yet for class: org.codehaus.groovy.ast.expr.EmptyExpression>: null

04-12-2024T07:28:59 - [TEST_STEP][PASSED] - TR = <not implemented yet for class: org.codehaus.groovy.ast.expr.EmptyExpression>: null

04-12-2024T07:28:59 - [TEST_STEP][PASSED] - TB = <not implemented yet for class: org.codehaus.groovy.ast.expr.EmptyExpression>: null

04-12-2024T07:28:59 - [TEST_STEP][PASSED] - sheetName = "Sheet1": null

04-12-2024T07:28:59 - [TEST_STEP][PASSED] - data = findTestData("PlanFact"): null

04-12-2024T07:28:59 - [TEST_STEP][PASSED] - n = data.getRowNumbers() + 1: null

04-12-2024T07:28:59 - [TEST_STEP][PASSED] - year = todaysDate.substring(todaysDate.length() - 4, todaysDate.length()): null

04-12-2024T07:28:59 - [TEST_STEP][PASSED] - y = year.toInteger(): null

04-12-2024T07:28:59 - [TEST_STEP][PASSED] - m = getText(findTestObject("Выполнение бизнес-плана/Выполнение бизнес-плана Балансы/Фильтр Дата")): Text of object 'Object Repository/Выполнение бизнес-плана/Выполнение бизнес-плана Балансы/Фильтр Дата' is: '1, 2, 3 кв., Октябрь 2024 года'

04-12-2024T07:28:59 - [MESSAGE][PASSED] - Text of object 'Object Repository/Выполнение бизнес-плана/Выполнение бизнес-плана Балансы/Фильтр Дата' is: '1, 2, 3 кв., Октябрь 2024 года'

04-12-2024T07:28:59 - [TEST_STEP][PASSED] - m = m.substring(0, m.indexOf("2024")): null

04-12-2024T07:28:59 - [TEST_STEP][PASSED] - m = m.trim(): null

04-12-2024T07:28:59 - [TEST_STEP][PASSED] - dashboardName = "Выполнение бизнес-плана": null

04-12-2024T07:28:59 - [TEST_STEP][PASSED] - workbook01 = getWorkbook(excelFilePath): null

04-12-2024T07:28:59 - [TEST_STEP][PASSED] - sheet01 = getExcelSheet(workbook01, sheetName): null

04-12-2024T07:28:59 - [TEST_STEP][PASSED] - setValueToCellByIndex(sheet01, n, 0, dashboardName): null

04-12-2024T07:28:59 - [TEST_STEP][PASSED] - setValueToCellByIndex(sheet01, n, 1, dZO): null

04-12-2024T07:28:59 - [TEST_STEP][PASSED] - setValueToCellByIndex(sheet01, n, 2, typeOfData): null

04-12-2024T07:28:59 - [TEST_STEP][PASSED] - setValueToCellByIndex(sheet01, n, 3, typeOfData): null

04-12-2024T07:28:59 - [TEST_STEP][PASSED] - if (typeOfData == "План"): null

04-12-2024T07:28:59 - [TEST_STEP][PASSED] - else if (typeOfData == "Факт"): null

04-12-2024T07:28:59 - [TEST_STEP][PASSED] - else if (vidget.contains("электроэнергии") == true): null

04-12-2024T07:28:59 - [TEST_STEP][PASSED] - if (tabR == null): null

04-12-2024T07:28:59 - [TEST_STEP][PASSED] - else: null

04-12-2024T07:28:59 - [TEST_STEP][PASSED] - if (tabR == "нет данных"): null

04-12-2024T07:28:59 - [TEST_STEP][PASSED] - setValueToCellByIndex(sheet01, n, 4, "нет данных"): null

04-12-2024T07:28:59 - [TEST_STEP][PASSED] - if (tabB == null): null

04-12-2024T07:28:59 - [TEST_STEP][PASSED] - else: null

04-12-2024T07:28:59 - [TEST_STEP][PASSED] - if (tabB == "нет данных"): null

04-12-2024T07:28:59 - [TEST_STEP][PASSED] - else: null

04-12-2024T07:28:59 - [TEST_STEP][PASSED] - TB = tabB.toInteger(): null

04-12-2024T07:28:59 - [TEST_STEP][PASSED] - setValueToCellByIndex(sheet01, n, 5, TB): null

04-12-2024T07:28:59 - [TEST_STEP][PASSED] - setValueToCellByIndex(sheet01, n, 6, m): null

04-12-2024T07:28:59 - [TEST_STEP][PASSED] - setValueToCellByIndex(sheet01, n, 7, y): null

04-12-2024T07:28:59 - [TEST_STEP][PASSED] - setValueToCellByIndex(sheet01, n, 8, todaysDate): null

04-12-2024T07:28:59 - [TEST_STEP][PASSED] - n = n + 1: null

04-12-2024T07:28:59 - [TEST_STEP][PASSED] - saveWorkbook(excelFilePath, workbook01): null

04-12-2024T07:28:59 - [TEST_STEP][PASSED] - typeOfData = "Факт Потери": null

04-12-2024T07:28:59 - [TEST_STEP][PASSED] - tabR = GetPFactR(x = a): null

04-12-2024T07:28:59 - [TEST_STEP][PASSED] - i1 = <not implemented yet for class: org.codehaus.groovy.ast.expr.EmptyExpression>: null

04-12-2024T07:28:59 - [TEST_STEP][PASSED] - ii = <not implemented yet for class: org.codehaus.groovy.ast.expr.EmptyExpression>: null

04-12-2024T07:28:59 - [TEST_STEP][PASSED] - for ([ii = 1, ii < 6, (ii++)]): null

04-12-2024T07:28:59 - [TEST_STEP][PASSED] - i1 = x.indexOf("/") + 1: null

04-12-2024T07:28:59 - [TEST_STEP][PASSED] - if (i1 > -1): null

04-12-2024T07:28:59 - [TEST_STEP][PASSED] - x = x.substring(i1, x.length()): null

04-12-2024T07:28:59 - [TEST_STEP][PASSED] - println(x): null

04-12-2024T07:28:59 - [TEST_STEP][PASSED] - i1 = x.indexOf("/") + 1: null

04-12-2024T07:28:59 - [TEST_STEP][PASSED] - if (i1 > -1): null

04-12-2024T07:28:59 - [TEST_STEP][PASSED] - x = x.substring(i1, x.length()): null

04-12-2024T07:28:59 - [TEST_STEP][PASSED] - println(x): null

04-12-2024T07:28:59 - [TEST_STEP][PASSED] - i1 = x.indexOf("/") + 1: null

04-12-2024T07:28:59 - [TEST_STEP][PASSED] - if (i1 > -1): null

04-12-2024T07:28:59 - [TEST_STEP][PASSED] - x = x.substring(i1, x.length()): null

04-12-2024T07:28:59 - [TEST_STEP][PASSED] - println(x): null

04-12-2024T07:28:59 - [TEST_STEP][PASSED] - i1 = x.indexOf("/") + 1: null

04-12-2024T07:28:59 - [TEST_STEP][PASSED] - if (i1 > -1): null

04-12-2024T07:28:59 - [TEST_STEP][PASSED] - x = x.substring(i1, x.length()): null

04-12-2024T07:28:59 - [TEST_STEP][PASSED] - println(x): null

04-12-2024T07:28:59 - [TEST_STEP][PASSED] - i1 = x.indexOf("/") + 1: null

04-12-2024T07:28:59 - [TEST_STEP][PASSED] - if (i1 > -1): null

04-12-2024T07:28:59 - [TEST_STEP][PASSED] - x = x.substring(i1, x.length()): null

04-12-2024T07:28:59 - [TEST_STEP][PASSED] - println(x): null

04-12-2024T07:28:59 - [TEST_STEP][PASSED] - i1 = x.indexOf("/"): null

04-12-2024T07:28:59 - [TEST_STEP][PASSED] - if (i1 > -1): null

04-12-2024T07:28:59 - [TEST_STEP][PASSED] - x = x.substring(0, i1): null

04-12-2024T07:28:59 - [TEST_STEP][PASSED] - println(x): null

04-12-2024T07:28:59 - [TEST_STEP][PASSED] - return x: null

04-12-2024T07:28:59 - [TEST_STEP][PASSED] - tabB = GetPFactB(x = b): null

04-12-2024T07:28:59 - [TEST_STEP][PASSED] - i1 = <not implemented yet for class: org.codehaus.groovy.ast.expr.EmptyExpression>: null

04-12-2024T07:28:59 - [TEST_STEP][PASSED] - ii = <not implemented yet for class: org.codehaus.groovy.ast.expr.EmptyExpression>: null

04-12-2024T07:28:59 - [TEST_STEP][PASSED] - for ([ii = 1, ii < 6, (ii++)]): null

04-12-2024T07:28:59 - [TEST_STEP][PASSED] - i1 = x.indexOf("/") + 1: null

04-12-2024T07:28:59 - [TEST_STEP][PASSED] - if (i1 > -1): null

04-12-2024T07:28:59 - [TEST_STEP][PASSED] - x = x.substring(i1, x.length()): null

04-12-2024T07:28:59 - [TEST_STEP][PASSED] - println(x): null

04-12-2024T07:28:59 - [TEST_STEP][PASSED] - i1 = x.indexOf("/") + 1: null

04-12-2024T07:28:59 - [TEST_STEP][PASSED] - if (i1 > -1): null

04-12-2024T07:28:59 - [TEST_STEP][PASSED] - x = x.substring(i1, x.length()): null

04-12-2024T07:28:59 - [TEST_STEP][PASSED] - println(x): null

04-12-2024T07:28:59 - [TEST_STEP][PASSED] - i1 = x.indexOf("/") + 1: null

04-12-2024T07:28:59 - [TEST_STEP][PASSED] - if (i1 > -1): null

04-12-2024T07:28:59 - [TEST_STEP][PASSED] - x = x.substring(i1, x.length()): null

04-12-2024T07:28:59 - [TEST_STEP][PASSED] - println(x): null

04-12-2024T07:28:59 - [TEST_STEP][PASSED] - i1 = x.indexOf("/") + 1: null

04-12-2024T07:28:59 - [TEST_STEP][PASSED] - if (i1 > -1): null

04-12-2024T07:28:59 - [TEST_STEP][PASSED] - x = x.substring(i1, x.length()): null

04-12-2024T07:28:59 - [TEST_STEP][PASSED] - println(x): null

04-12-2024T07:28:59 - [TEST_STEP][PASSED] - i1 = x.indexOf("/") + 1: null

04-12-2024T07:28:59 - [TEST_STEP][PASSED] - if (i1 > -1): null

04-12-2024T07:28:59 - [TEST_STEP][PASSED] - x = x.substring(i1, x.length()): null

04-12-2024T07:28:59 - [TEST_STEP][PASSED] - println(x): null

04-12-2024T07:28:59 - [TEST_STEP][PASSED] - i1 = x.indexOf("/"): null

04-12-2024T07:28:59 - [TEST_STEP][PASSED] - if (i1 > -1): null

04-12-2024T07:28:59 - [TEST_STEP][PASSED] - x = x.substring(0, i1): null

04-12-2024T07:28:59 - [TEST_STEP][PASSED] - println(x): null

04-12-2024T07:28:59 - [TEST_STEP][FAILED] - return x: null

04-12-2024T07:28:59 - [TEST_STEP][PASSED] - println(tabR + "/" + tabB): null

04-12-2024T07:28:59 - [TEST_STEP][FAILED] - if (verifyEqual(tabR, tabB) == false): null

04-12-2024T07:28:59 - [MESSAGE][FAILED] - Unable to verify equal between actual object 'нет данных' and expected object '1987396' (Root cause: com.kms.katalon.core.exception.StepFailedException: Actual object 'нет данных' and expected object '1987396' are not equal
	at com.kms.katalon.core.keyword.builtin.VerifyEqualKeyword$_verifyEqual_closure1.doCall(VerifyEqualKeyword.groovy:58)
	at com.kms.katalon.core.keyword.builtin.VerifyEqualKeyword$_verifyEqual_closure1.call(VerifyEqualKeyword.groovy)
	at com.kms.katalon.core.keyword.internal.KeywordMain.runKeyword(KeywordMain.groovy:75)
	at com.kms.katalon.core.keyword.builtin.VerifyEqualKeyword.verifyEqual(VerifyEqualKeyword.groovy:63)
	at com.kms.katalon.core.keyword.builtin.VerifyEqualKeyword.execute(VerifyEqualKeyword.groovy:44)
	at com.kms.katalon.core.keyword.internal.KeywordExecutor.executeKeywordForPlatform(KeywordExecutor.groovy:74)
	at com.kms.katalon.core.keyword.BuiltinKeywords.verifyEqual(BuiltinKeywords.groovy:146)
	at jdk.internal.reflect.GeneratedMethodAccessor25.invoke(Unknown Source)
	at java.base/jdk.internal.reflect.DelegatingMethodAccessorImpl.invoke(DelegatingMethodAccessorImpl.java:43)
	at Выполнение бизнес-плана сверка дашбордов.CompareDZOData(Выполнение бизнес-плана сверка дашбордов:730)
	at Выполнение бизнес-плана сверка дашбордов.run(Выполнение бизнес-плана сверка дашбордов:603)
	at com.kms.katalon.core.main.ScriptEngine.run(ScriptEngine.java:194)
	at com.kms.katalon.core.main.ScriptEngine.runScriptAsRawText(ScriptEngine.java:119)
	at com.kms.katalon.core.main.TestCaseExecutor.runScript(TestCaseExecutor.java:448)
	at com.kms.katalon.core.main.TestCaseExecutor.doExecute(TestCaseExecutor.java:439)
	at com.kms.katalon.core.main.TestCaseExecutor.processExecutionPhase(TestCaseExecutor.java:418)
	at com.kms.katalon.core.main.TestCaseExecutor.accessMainPhase(TestCaseExecutor.java:410)
	at com.kms.katalon.core.main.TestCaseExecutor.execute(TestCaseExecutor.java:285)
	at com.kms.katalon.core.common.CommonExecutor.accessTestCaseMainPhase(CommonExecutor.java:65)
	at com.kms.katalon.core.main.TestSuiteExecutor.accessTestSuiteMainPhase(TestSuiteExecutor.java:150)
	at com.kms.katalon.core.main.TestSuiteExecutor.execute(TestSuiteExecutor.java:106)
	at com.kms.katalon.core.main.TestCaseMain.startTestSuite(TestCaseMain.java:180)
	at TempTestSuite1733285972582.run(TempTestSuite1733285972582.groovy:35)
	at java.base/jdk.internal.reflect.NativeMethodAccessorImpl.invoke0(Native Method)
	at java.base/jdk.internal.reflect.NativeMethodAccessorImpl.invoke(NativeMethodAccessorImpl.java:77)
	at java.base/jdk.internal.reflect.DelegatingMethodAccessorImpl.invoke(DelegatingMethodAccessorImpl.java:43)
)

04-12-2024T07:28:59 - [TEST_STEP][PASSED] - result = WriteToExcel(typeOfData, todaysDate, PercPlanR, PercPlanB, PercFactR, PercFactB, x, tabR, tabB, o1R, o1B, vidget): null

04-12-2024T07:28:59 - [TEST_STEP][PASSED] - iii = dZO.indexOf("/"): null

04-12-2024T07:28:59 - [TEST_STEP][PASSED] - println(iii): null

04-12-2024T07:28:59 - [TEST_STEP][PASSED] - dZO = dZO.substring(0, iii): null

04-12-2024T07:28:59 - [TEST_STEP][PASSED] - println(dZO): null

04-12-2024T07:28:59 - [TEST_STEP][PASSED] - println(PercPlanR): null

04-12-2024T07:28:59 - [TEST_STEP][PASSED] - println(PercPlanB): null

04-12-2024T07:28:59 - [TEST_STEP][PASSED] - println(PercFactR): null

04-12-2024T07:28:59 - [TEST_STEP][PASSED] - println(PercFactB): null

04-12-2024T07:28:59 - [TEST_STEP][PASSED] - println(tabR): null

04-12-2024T07:28:59 - [TEST_STEP][PASSED] - println(tabB): null

04-12-2024T07:28:59 - [TEST_STEP][PASSED] - println(o1R): null

04-12-2024T07:28:59 - [TEST_STEP][PASSED] - println(o1B): null

04-12-2024T07:28:59 - [TEST_STEP][PASSED] - PR = <not implemented yet for class: org.codehaus.groovy.ast.expr.EmptyExpression>: null

04-12-2024T07:28:59 - [TEST_STEP][PASSED] - FR = <not implemented yet for class: org.codehaus.groovy.ast.expr.EmptyExpression>: null

04-12-2024T07:28:59 - [TEST_STEP][PASSED] - PB = <not implemented yet for class: org.codehaus.groovy.ast.expr.EmptyExpression>: null

04-12-2024T07:28:59 - [TEST_STEP][PASSED] - FB = <not implemented yet for class: org.codehaus.groovy.ast.expr.EmptyExpression>: null

04-12-2024T07:28:59 - [TEST_STEP][PASSED] - TR = <not implemented yet for class: org.codehaus.groovy.ast.expr.EmptyExpression>: null

04-12-2024T07:28:59 - [TEST_STEP][PASSED] - TB = <not implemented yet for class: org.codehaus.groovy.ast.expr.EmptyExpression>: null

04-12-2024T07:28:59 - [TEST_STEP][PASSED] - sheetName = "Sheet1": null

04-12-2024T07:28:59 - [TEST_STEP][PASSED] - data = findTestData("PlanFact"): null

04-12-2024T07:29:00 - [TEST_STEP][PASSED] - n = data.getRowNumbers() + 1: null

04-12-2024T07:29:00 - [TEST_STEP][PASSED] - year = todaysDate.substring(todaysDate.length() - 4, todaysDate.length()): null

04-12-2024T07:29:00 - [TEST_STEP][PASSED] - y = year.toInteger(): null

04-12-2024T07:29:00 - [TEST_STEP][PASSED] - m = getText(findTestObject("Выполнение бизнес-плана/Выполнение бизнес-плана Балансы/Фильтр Дата")): Text of object 'Object Repository/Выполнение бизнес-плана/Выполнение бизнес-плана Балансы/Фильтр Дата' is: '1, 2, 3 кв., Октябрь 2024 года'

04-12-2024T07:29:00 - [MESSAGE][PASSED] - Text of object 'Object Repository/Выполнение бизнес-плана/Выполнение бизнес-плана Балансы/Фильтр Дата' is: '1, 2, 3 кв., Октябрь 2024 года'

04-12-2024T07:29:00 - [TEST_STEP][PASSED] - m = m.substring(0, m.indexOf("2024")): null

04-12-2024T07:29:00 - [TEST_STEP][PASSED] - m = m.trim(): null

04-12-2024T07:29:00 - [TEST_STEP][PASSED] - dashboardName = "Выполнение бизнес-плана": null

04-12-2024T07:29:00 - [TEST_STEP][PASSED] - workbook01 = getWorkbook(excelFilePath): null

04-12-2024T07:29:00 - [TEST_STEP][PASSED] - sheet01 = getExcelSheet(workbook01, sheetName): null

04-12-2024T07:29:00 - [TEST_STEP][PASSED] - setValueToCellByIndex(sheet01, n, 0, dashboardName): null

04-12-2024T07:29:00 - [TEST_STEP][PASSED] - setValueToCellByIndex(sheet01, n, 1, dZO): null

04-12-2024T07:29:00 - [TEST_STEP][PASSED] - setValueToCellByIndex(sheet01, n, 2, typeOfData): null

04-12-2024T07:29:00 - [TEST_STEP][PASSED] - setValueToCellByIndex(sheet01, n, 3, typeOfData): null

04-12-2024T07:29:00 - [TEST_STEP][PASSED] - if (typeOfData == "План"): null

04-12-2024T07:29:00 - [TEST_STEP][PASSED] - else if (typeOfData == "Факт"): null

04-12-2024T07:29:00 - [TEST_STEP][PASSED] - else if (vidget.contains("электроэнергии") == true): null

04-12-2024T07:29:00 - [TEST_STEP][PASSED] - if (tabR == null): null

04-12-2024T07:29:00 - [TEST_STEP][PASSED] - else: null

04-12-2024T07:29:00 - [TEST_STEP][PASSED] - if (tabR == "нет данных"): null

04-12-2024T07:29:00 - [TEST_STEP][PASSED] - setValueToCellByIndex(sheet01, n, 4, "нет данных"): null

04-12-2024T07:29:00 - [TEST_STEP][PASSED] - if (tabB == null): null

04-12-2024T07:29:00 - [TEST_STEP][PASSED] - else: null

04-12-2024T07:29:00 - [TEST_STEP][PASSED] - if (tabB == "нет данных"): null

04-12-2024T07:29:00 - [TEST_STEP][PASSED] - else: null

04-12-2024T07:29:00 - [TEST_STEP][PASSED] - TB = tabB.toInteger(): null

04-12-2024T07:29:00 - [TEST_STEP][PASSED] - setValueToCellByIndex(sheet01, n, 5, TB): null

04-12-2024T07:29:00 - [TEST_STEP][PASSED] - setValueToCellByIndex(sheet01, n, 6, m): null

04-12-2024T07:29:00 - [TEST_STEP][PASSED] - setValueToCellByIndex(sheet01, n, 7, y): null

04-12-2024T07:29:00 - [TEST_STEP][PASSED] - setValueToCellByIndex(sheet01, n, 8, todaysDate): null

04-12-2024T07:29:00 - [TEST_STEP][PASSED] - n = n + 1: null

04-12-2024T07:29:00 - [TEST_STEP][PASSED] - saveWorkbook(excelFilePath, workbook01): null

04-12-2024T07:29:00 - [TEST_STEP][PASSED] - vidget = "Показатели баланса электроэнергии по ДЗО – План": null

04-12-2024T07:29:00 - [TEST_STEP][PASSED] - typeOfData = "План Отпуск в сеть": null

04-12-2024T07:29:00 - [TEST_STEP][PASSED] - tabR = GetOvSPlanR(x = a): null

04-12-2024T07:29:00 - [TEST_STEP][PASSED] - i1 = <not implemented yet for class: org.codehaus.groovy.ast.expr.EmptyExpression>: null

04-12-2024T07:29:00 - [TEST_STEP][PASSED] - ii = <not implemented yet for class: org.codehaus.groovy.ast.expr.EmptyExpression>: null

04-12-2024T07:29:00 - [TEST_STEP][PASSED] - for ([ii = 1, ii < 7, (ii++)]): null

04-12-2024T07:29:00 - [TEST_STEP][PASSED] - i1 = x.indexOf("/") + 1: null

04-12-2024T07:29:00 - [TEST_STEP][PASSED] - if (i1 > -1): null

04-12-2024T07:29:00 - [TEST_STEP][PASSED] - x = x.substring(i1, x.length()): null

04-12-2024T07:29:00 - [TEST_STEP][PASSED] - println(x): null

04-12-2024T07:29:00 - [TEST_STEP][PASSED] - i1 = x.indexOf("/") + 1: null

04-12-2024T07:29:00 - [TEST_STEP][PASSED] - if (i1 > -1): null

04-12-2024T07:29:00 - [TEST_STEP][PASSED] - x = x.substring(i1, x.length()): null

04-12-2024T07:29:00 - [TEST_STEP][PASSED] - println(x): null

04-12-2024T07:29:00 - [TEST_STEP][PASSED] - i1 = x.indexOf("/") + 1: null

04-12-2024T07:29:00 - [TEST_STEP][PASSED] - if (i1 > -1): null

04-12-2024T07:29:00 - [TEST_STEP][PASSED] - x = x.substring(i1, x.length()): null

04-12-2024T07:29:00 - [TEST_STEP][PASSED] - println(x): null

04-12-2024T07:29:00 - [TEST_STEP][PASSED] - i1 = x.indexOf("/") + 1: null

04-12-2024T07:29:00 - [TEST_STEP][PASSED] - if (i1 > -1): null

04-12-2024T07:29:00 - [TEST_STEP][PASSED] - x = x.substring(i1, x.length()): null

04-12-2024T07:29:00 - [TEST_STEP][PASSED] - println(x): null

04-12-2024T07:29:00 - [TEST_STEP][PASSED] - i1 = x.indexOf("/") + 1: null

04-12-2024T07:29:00 - [TEST_STEP][PASSED] - if (i1 > -1): null

04-12-2024T07:29:00 - [TEST_STEP][PASSED] - x = x.substring(i1, x.length()): null

04-12-2024T07:29:00 - [TEST_STEP][PASSED] - println(x): null

04-12-2024T07:29:00 - [TEST_STEP][PASSED] - i1 = x.indexOf("/") + 1: null

04-12-2024T07:29:00 - [TEST_STEP][PASSED] - if (i1 > -1): null

04-12-2024T07:29:00 - [TEST_STEP][PASSED] - x = x.substring(i1, x.length()): null

04-12-2024T07:29:00 - [TEST_STEP][PASSED] - println(x): null

04-12-2024T07:29:00 - [TEST_STEP][PASSED] - i1 = x.indexOf("/"): null

04-12-2024T07:29:00 - [TEST_STEP][PASSED] - if (i1 > -1): null

04-12-2024T07:29:00 - [TEST_STEP][PASSED] - x = x.substring(0, i1): null

04-12-2024T07:29:00 - [TEST_STEP][PASSED] - println(x): null

04-12-2024T07:29:00 - [TEST_STEP][PASSED] - return x: null

04-12-2024T07:29:00 - [TEST_STEP][PASSED] - tabB = GetOvSPlanB(x = b): null

04-12-2024T07:29:00 - [TEST_STEP][PASSED] - i1 = <not implemented yet for class: org.codehaus.groovy.ast.expr.EmptyExpression>: null

04-12-2024T07:29:00 - [TEST_STEP][PASSED] - ii = <not implemented yet for class: org.codehaus.groovy.ast.expr.EmptyExpression>: null

04-12-2024T07:29:00 - [TEST_STEP][PASSED] - for ([ii = 1, ii < 7, (ii++)]): null

04-12-2024T07:29:00 - [TEST_STEP][PASSED] - i1 = x.indexOf("/") + 1: null

04-12-2024T07:29:00 - [TEST_STEP][PASSED] - if (i1 > -1): null

04-12-2024T07:29:00 - [TEST_STEP][PASSED] - x = x.substring(i1, x.length()): null

04-12-2024T07:29:00 - [TEST_STEP][PASSED] - println(x): null

04-12-2024T07:29:00 - [TEST_STEP][PASSED] - i1 = x.indexOf("/") + 1: null

04-12-2024T07:29:00 - [TEST_STEP][PASSED] - if (i1 > -1): null

04-12-2024T07:29:00 - [TEST_STEP][PASSED] - x = x.substring(i1, x.length()): null

04-12-2024T07:29:00 - [TEST_STEP][PASSED] - println(x): null

04-12-2024T07:29:00 - [TEST_STEP][PASSED] - i1 = x.indexOf("/") + 1: null

04-12-2024T07:29:00 - [TEST_STEP][PASSED] - if (i1 > -1): null

04-12-2024T07:29:00 - [TEST_STEP][PASSED] - x = x.substring(i1, x.length()): null

04-12-2024T07:29:00 - [TEST_STEP][PASSED] - println(x): null

04-12-2024T07:29:00 - [TEST_STEP][PASSED] - i1 = x.indexOf("/") + 1: null

04-12-2024T07:29:00 - [TEST_STEP][PASSED] - if (i1 > -1): null

04-12-2024T07:29:00 - [TEST_STEP][PASSED] - x = x.substring(i1, x.length()): null

04-12-2024T07:29:00 - [TEST_STEP][PASSED] - println(x): null

04-12-2024T07:29:00 - [TEST_STEP][PASSED] - i1 = x.indexOf("/") + 1: null

04-12-2024T07:29:00 - [TEST_STEP][PASSED] - if (i1 > -1): null

04-12-2024T07:29:00 - [TEST_STEP][PASSED] - x = x.substring(i1, x.length()): null

04-12-2024T07:29:00 - [TEST_STEP][PASSED] - println(x): null

04-12-2024T07:29:00 - [TEST_STEP][PASSED] - i1 = x.indexOf("/") + 1: null

04-12-2024T07:29:00 - [TEST_STEP][PASSED] - if (i1 > -1): null

04-12-2024T07:29:00 - [TEST_STEP][PASSED] - x = x.substring(i1, x.length()): null

04-12-2024T07:29:00 - [TEST_STEP][PASSED] - println(x): null

04-12-2024T07:29:00 - [TEST_STEP][PASSED] - i1 = x.indexOf("/"): null

04-12-2024T07:29:00 - [TEST_STEP][PASSED] - if (i1 > -1): null

04-12-2024T07:29:00 - [TEST_STEP][PASSED] - x = x.substring(0, i1): null

04-12-2024T07:29:00 - [TEST_STEP][PASSED] - println(x): null

04-12-2024T07:29:00 - [TEST_STEP][FAILED] - return x: null

04-12-2024T07:29:00 - [TEST_STEP][PASSED] - println(tabR + "/" + tabB): null

04-12-2024T07:29:00 - [TEST_STEP][FAILED] - if (verifyEqual(PercFactR, PercFactB) == false): null

04-12-2024T07:29:00 - [MESSAGE][FAILED] - Unable to verify equal between actual object 'нет данных' and expected object '8.46' (Root cause: com.kms.katalon.core.exception.StepFailedException: Actual object 'нет данных' and expected object '8.46' are not equal
	at com.kms.katalon.core.keyword.builtin.VerifyEqualKeyword$_verifyEqual_closure1.doCall(VerifyEqualKeyword.groovy:58)
	at com.kms.katalon.core.keyword.builtin.VerifyEqualKeyword$_verifyEqual_closure1.call(VerifyEqualKeyword.groovy)
	at com.kms.katalon.core.keyword.internal.KeywordMain.runKeyword(KeywordMain.groovy:75)
	at com.kms.katalon.core.keyword.builtin.VerifyEqualKeyword.verifyEqual(VerifyEqualKeyword.groovy:63)
	at com.kms.katalon.core.keyword.builtin.VerifyEqualKeyword.execute(VerifyEqualKeyword.groovy:44)
	at com.kms.katalon.core.keyword.internal.KeywordExecutor.executeKeywordForPlatform(KeywordExecutor.groovy:74)
	at com.kms.katalon.core.keyword.BuiltinKeywords.verifyEqual(BuiltinKeywords.groovy:146)
	at jdk.internal.reflect.GeneratedMethodAccessor25.invoke(Unknown Source)
	at java.base/jdk.internal.reflect.DelegatingMethodAccessorImpl.invoke(DelegatingMethodAccessorImpl.java:43)
	at Выполнение бизнес-плана сверка дашбордов.CompareDZOData(Выполнение бизнес-плана сверка дашбордов:745)
	at Выполнение бизнес-плана сверка дашбордов.run(Выполнение бизнес-плана сверка дашбордов:603)
	at com.kms.katalon.core.main.ScriptEngine.run(ScriptEngine.java:194)
	at com.kms.katalon.core.main.ScriptEngine.runScriptAsRawText(ScriptEngine.java:119)
	at com.kms.katalon.core.main.TestCaseExecutor.runScript(TestCaseExecutor.java:448)
	at com.kms.katalon.core.main.TestCaseExecutor.doExecute(TestCaseExecutor.java:439)
	at com.kms.katalon.core.main.TestCaseExecutor.processExecutionPhase(TestCaseExecutor.java:418)
	at com.kms.katalon.core.main.TestCaseExecutor.accessMainPhase(TestCaseExecutor.java:410)
	at com.kms.katalon.core.main.TestCaseExecutor.execute(TestCaseExecutor.java:285)
	at com.kms.katalon.core.common.CommonExecutor.accessTestCaseMainPhase(CommonExecutor.java:65)
	at com.kms.katalon.core.main.TestSuiteExecutor.accessTestSuiteMainPhase(TestSuiteExecutor.java:150)
	at com.kms.katalon.core.main.TestSuiteExecutor.execute(TestSuiteExecutor.java:106)
	at com.kms.katalon.core.main.TestCaseMain.startTestSuite(TestCaseMain.java:180)
	at TempTestSuite1733285972582.run(TempTestSuite1733285972582.groovy:35)
	at java.base/jdk.internal.reflect.NativeMethodAccessorImpl.invoke0(Native Method)
	at java.base/jdk.internal.reflect.NativeMethodAccessorImpl.invoke(NativeMethodAccessorImpl.java:77)
	at java.base/jdk.internal.reflect.DelegatingMethodAccessorImpl.invoke(DelegatingMethodAccessorImpl.java:43)
)

04-12-2024T07:29:00 - [TEST_STEP][PASSED] - result = WriteToExcel(typeOfData, todaysDate, PercPlanR, PercPlanB, PercFactR, PercFactB, x, tabR, tabB, o1R, o1B, vidget): null

04-12-2024T07:29:00 - [TEST_STEP][PASSED] - iii = dZO.indexOf("/"): null

04-12-2024T07:29:00 - [TEST_STEP][PASSED] - println(iii): null

04-12-2024T07:29:00 - [TEST_STEP][PASSED] - dZO = dZO.substring(0, iii): null

04-12-2024T07:29:00 - [TEST_STEP][PASSED] - println(dZO): null

04-12-2024T07:29:00 - [TEST_STEP][PASSED] - println(PercPlanR): null

04-12-2024T07:29:00 - [TEST_STEP][PASSED] - println(PercPlanB): null

04-12-2024T07:29:00 - [TEST_STEP][PASSED] - println(PercFactR): null

04-12-2024T07:29:00 - [TEST_STEP][PASSED] - println(PercFactB): null

04-12-2024T07:29:00 - [TEST_STEP][PASSED] - println(tabR): null

04-12-2024T07:29:00 - [TEST_STEP][PASSED] - println(tabB): null

04-12-2024T07:29:00 - [TEST_STEP][PASSED] - println(o1R): null

04-12-2024T07:29:00 - [TEST_STEP][PASSED] - println(o1B): null

04-12-2024T07:29:00 - [TEST_STEP][PASSED] - PR = <not implemented yet for class: org.codehaus.groovy.ast.expr.EmptyExpression>: null

04-12-2024T07:29:00 - [TEST_STEP][PASSED] - FR = <not implemented yet for class: org.codehaus.groovy.ast.expr.EmptyExpression>: null

04-12-2024T07:29:00 - [TEST_STEP][PASSED] - PB = <not implemented yet for class: org.codehaus.groovy.ast.expr.EmptyExpression>: null

04-12-2024T07:29:00 - [TEST_STEP][PASSED] - FB = <not implemented yet for class: org.codehaus.groovy.ast.expr.EmptyExpression>: null

04-12-2024T07:29:00 - [TEST_STEP][PASSED] - TR = <not implemented yet for class: org.codehaus.groovy.ast.expr.EmptyExpression>: null

04-12-2024T07:29:00 - [TEST_STEP][PASSED] - TB = <not implemented yet for class: org.codehaus.groovy.ast.expr.EmptyExpression>: null

04-12-2024T07:29:00 - [TEST_STEP][PASSED] - sheetName = "Sheet1": null

04-12-2024T07:29:00 - [TEST_STEP][PASSED] - data = findTestData("PlanFact"): null

04-12-2024T07:29:00 - [TEST_STEP][PASSED] - n = data.getRowNumbers() + 1: null

04-12-2024T07:29:00 - [TEST_STEP][PASSED] - year = todaysDate.substring(todaysDate.length() - 4, todaysDate.length()): null

04-12-2024T07:29:00 - [TEST_STEP][PASSED] - y = year.toInteger(): null

04-12-2024T07:29:00 - [TEST_STEP][PASSED] - m = getText(findTestObject("Выполнение бизнес-плана/Выполнение бизнес-плана Балансы/Фильтр Дата")): Text of object 'Object Repository/Выполнение бизнес-плана/Выполнение бизнес-плана Балансы/Фильтр Дата' is: '1, 2, 3 кв., Октябрь 2024 года'

04-12-2024T07:29:00 - [MESSAGE][PASSED] - Text of object 'Object Repository/Выполнение бизнес-плана/Выполнение бизнес-плана Балансы/Фильтр Дата' is: '1, 2, 3 кв., Октябрь 2024 года'

04-12-2024T07:29:00 - [TEST_STEP][PASSED] - m = m.substring(0, m.indexOf("2024")): null

04-12-2024T07:29:00 - [TEST_STEP][PASSED] - m = m.trim(): null

04-12-2024T07:29:00 - [TEST_STEP][PASSED] - dashboardName = "Выполнение бизнес-плана": null

04-12-2024T07:29:00 - [TEST_STEP][PASSED] - workbook01 = getWorkbook(excelFilePath): null

04-12-2024T07:29:01 - [TEST_STEP][PASSED] - sheet01 = getExcelSheet(workbook01, sheetName): null

04-12-2024T07:29:01 - [TEST_STEP][PASSED] - setValueToCellByIndex(sheet01, n, 0, dashboardName): null

04-12-2024T07:29:01 - [TEST_STEP][PASSED] - setValueToCellByIndex(sheet01, n, 1, dZO): null

04-12-2024T07:29:01 - [TEST_STEP][PASSED] - setValueToCellByIndex(sheet01, n, 2, typeOfData): null

04-12-2024T07:29:01 - [TEST_STEP][PASSED] - setValueToCellByIndex(sheet01, n, 3, typeOfData): null

04-12-2024T07:29:01 - [TEST_STEP][PASSED] - if (typeOfData == "План"): null

04-12-2024T07:29:01 - [TEST_STEP][PASSED] - else if (typeOfData == "Факт"): null

04-12-2024T07:29:01 - [TEST_STEP][PASSED] - else if (vidget.contains("электроэнергии") == true): null

04-12-2024T07:29:01 - [TEST_STEP][PASSED] - if (tabR == null): null

04-12-2024T07:29:01 - [TEST_STEP][PASSED] - else: null

04-12-2024T07:29:01 - [TEST_STEP][PASSED] - if (tabR == "нет данных"): null

04-12-2024T07:29:01 - [TEST_STEP][PASSED] - setValueToCellByIndex(sheet01, n, 4, "нет данных"): null

04-12-2024T07:29:01 - [TEST_STEP][PASSED] - if (tabB == null): null

04-12-2024T07:29:01 - [TEST_STEP][PASSED] - else: null

04-12-2024T07:29:01 - [TEST_STEP][PASSED] - if (tabB == "нет данных"): null

04-12-2024T07:29:01 - [TEST_STEP][PASSED] - else: null

04-12-2024T07:29:01 - [TEST_STEP][PASSED] - TB = tabB.toInteger(): null

04-12-2024T07:29:01 - [TEST_STEP][PASSED] - setValueToCellByIndex(sheet01, n, 5, TB): null

04-12-2024T07:29:01 - [TEST_STEP][PASSED] - setValueToCellByIndex(sheet01, n, 6, m): null

04-12-2024T07:29:01 - [TEST_STEP][PASSED] - setValueToCellByIndex(sheet01, n, 7, y): null

04-12-2024T07:29:01 - [TEST_STEP][PASSED] - setValueToCellByIndex(sheet01, n, 8, todaysDate): null

04-12-2024T07:29:01 - [TEST_STEP][PASSED] - n = n + 1: null

04-12-2024T07:29:01 - [TEST_STEP][PASSED] - saveWorkbook(excelFilePath, workbook01): null

04-12-2024T07:29:01 - [TEST_STEP][PASSED] - typeOfData = "План Отпуск из сети": null

04-12-2024T07:29:01 - [TEST_STEP][PASSED] - tabR = GetOiSPlanR(x = a): null

04-12-2024T07:29:01 - [TEST_STEP][PASSED] - i1 = <not implemented yet for class: org.codehaus.groovy.ast.expr.EmptyExpression>: null

04-12-2024T07:29:01 - [TEST_STEP][PASSED] - ii = <not implemented yet for class: org.codehaus.groovy.ast.expr.EmptyExpression>: null

04-12-2024T07:29:01 - [TEST_STEP][PASSED] - for ([ii = 1, ii < 8, (ii++)]): null

04-12-2024T07:29:01 - [TEST_STEP][PASSED] - i1 = x.indexOf("/") + 1: null

04-12-2024T07:29:01 - [TEST_STEP][PASSED] - if (i1 > -1): null

04-12-2024T07:29:01 - [TEST_STEP][PASSED] - x = x.substring(i1, x.length()): null

04-12-2024T07:29:01 - [TEST_STEP][PASSED] - println(x): null

04-12-2024T07:29:01 - [TEST_STEP][PASSED] - i1 = x.indexOf("/") + 1: null

04-12-2024T07:29:01 - [TEST_STEP][PASSED] - if (i1 > -1): null

04-12-2024T07:29:01 - [TEST_STEP][PASSED] - x = x.substring(i1, x.length()): null

04-12-2024T07:29:01 - [TEST_STEP][PASSED] - println(x): null

04-12-2024T07:29:01 - [TEST_STEP][PASSED] - i1 = x.indexOf("/") + 1: null

04-12-2024T07:29:01 - [TEST_STEP][PASSED] - if (i1 > -1): null

04-12-2024T07:29:01 - [TEST_STEP][PASSED] - x = x.substring(i1, x.length()): null

04-12-2024T07:29:01 - [TEST_STEP][PASSED] - println(x): null

04-12-2024T07:29:01 - [TEST_STEP][PASSED] - i1 = x.indexOf("/") + 1: null

04-12-2024T07:29:01 - [TEST_STEP][PASSED] - if (i1 > -1): null

04-12-2024T07:29:01 - [TEST_STEP][PASSED] - x = x.substring(i1, x.length()): null

04-12-2024T07:29:01 - [TEST_STEP][PASSED] - println(x): null

04-12-2024T07:29:01 - [TEST_STEP][PASSED] - i1 = x.indexOf("/") + 1: null

04-12-2024T07:29:01 - [TEST_STEP][PASSED] - if (i1 > -1): null

04-12-2024T07:29:01 - [TEST_STEP][PASSED] - x = x.substring(i1, x.length()): null

04-12-2024T07:29:01 - [TEST_STEP][PASSED] - println(x): null

04-12-2024T07:29:01 - [TEST_STEP][PASSED] - i1 = x.indexOf("/") + 1: null

04-12-2024T07:29:01 - [TEST_STEP][PASSED] - if (i1 > -1): null

04-12-2024T07:29:01 - [TEST_STEP][PASSED] - x = x.substring(i1, x.length()): null

04-12-2024T07:29:01 - [TEST_STEP][PASSED] - println(x): null

04-12-2024T07:29:01 - [TEST_STEP][PASSED] - i1 = x.indexOf("/") + 1: null

04-12-2024T07:29:01 - [TEST_STEP][PASSED] - if (i1 > -1): null

04-12-2024T07:29:01 - [TEST_STEP][PASSED] - x = x.substring(i1, x.length()): null

04-12-2024T07:29:01 - [TEST_STEP][PASSED] - println(x): null

04-12-2024T07:29:01 - [TEST_STEP][PASSED] - i1 = x.indexOf("/"): null

04-12-2024T07:29:01 - [TEST_STEP][PASSED] - if (i1 > -1): null

04-12-2024T07:29:01 - [TEST_STEP][PASSED] - x = x.substring(0, i1): null

04-12-2024T07:29:01 - [TEST_STEP][PASSED] - println(x): null

04-12-2024T07:29:01 - [TEST_STEP][PASSED] - return x: null

04-12-2024T07:29:01 - [TEST_STEP][PASSED] - tabB = GetOiSPlanB(x = b): null

04-12-2024T07:29:01 - [TEST_STEP][PASSED] - i1 = <not implemented yet for class: org.codehaus.groovy.ast.expr.EmptyExpression>: null

04-12-2024T07:29:01 - [TEST_STEP][PASSED] - ii = <not implemented yet for class: org.codehaus.groovy.ast.expr.EmptyExpression>: null

04-12-2024T07:29:01 - [TEST_STEP][PASSED] - for ([ii = 1, ii < 8, (ii++)]): null

04-12-2024T07:29:01 - [TEST_STEP][PASSED] - i1 = x.indexOf("/") + 1: null

04-12-2024T07:29:01 - [TEST_STEP][PASSED] - if (i1 > -1): null

04-12-2024T07:29:01 - [TEST_STEP][PASSED] - x = x.substring(i1, x.length()): null

04-12-2024T07:29:01 - [TEST_STEP][PASSED] - println(x): null

04-12-2024T07:29:01 - [TEST_STEP][PASSED] - i1 = x.indexOf("/") + 1: null

04-12-2024T07:29:01 - [TEST_STEP][PASSED] - if (i1 > -1): null

04-12-2024T07:29:01 - [TEST_STEP][PASSED] - x = x.substring(i1, x.length()): null

04-12-2024T07:29:01 - [TEST_STEP][PASSED] - println(x): null

04-12-2024T07:29:01 - [TEST_STEP][PASSED] - i1 = x.indexOf("/") + 1: null

04-12-2024T07:29:01 - [TEST_STEP][PASSED] - if (i1 > -1): null

04-12-2024T07:29:01 - [TEST_STEP][PASSED] - x = x.substring(i1, x.length()): null

04-12-2024T07:29:01 - [TEST_STEP][PASSED] - println(x): null

04-12-2024T07:29:01 - [TEST_STEP][PASSED] - i1 = x.indexOf("/") + 1: null

04-12-2024T07:29:01 - [TEST_STEP][PASSED] - if (i1 > -1): null

04-12-2024T07:29:01 - [TEST_STEP][PASSED] - x = x.substring(i1, x.length()): null

04-12-2024T07:29:01 - [TEST_STEP][PASSED] - println(x): null

04-12-2024T07:29:01 - [TEST_STEP][PASSED] - i1 = x.indexOf("/") + 1: null

04-12-2024T07:29:01 - [TEST_STEP][PASSED] - if (i1 > -1): null

04-12-2024T07:29:01 - [TEST_STEP][PASSED] - x = x.substring(i1, x.length()): null

04-12-2024T07:29:01 - [TEST_STEP][PASSED] - println(x): null

04-12-2024T07:29:01 - [TEST_STEP][PASSED] - i1 = x.indexOf("/") + 1: null

04-12-2024T07:29:01 - [TEST_STEP][PASSED] - if (i1 > -1): null

04-12-2024T07:29:01 - [TEST_STEP][PASSED] - x = x.substring(i1, x.length()): null

04-12-2024T07:29:01 - [TEST_STEP][PASSED] - println(x): null

04-12-2024T07:29:01 - [TEST_STEP][PASSED] - i1 = x.indexOf("/") + 1: null

04-12-2024T07:29:01 - [TEST_STEP][PASSED] - if (i1 > -1): null

04-12-2024T07:29:01 - [TEST_STEP][PASSED] - x = x.substring(i1, x.length()): null

04-12-2024T07:29:01 - [TEST_STEP][PASSED] - println(x): null

04-12-2024T07:29:01 - [TEST_STEP][PASSED] - i1 = x.indexOf("/"): null

04-12-2024T07:29:01 - [TEST_STEP][PASSED] - if (i1 > -1): null

04-12-2024T07:29:01 - [TEST_STEP][PASSED] - x = x.substring(0, i1): null

04-12-2024T07:29:01 - [TEST_STEP][PASSED] - println(x): null

04-12-2024T07:29:01 - [TEST_STEP][FAILED] - return x: null

04-12-2024T07:29:01 - [TEST_STEP][PASSED] - println(tabR + "/" + tabB): null

04-12-2024T07:29:01 - [TEST_STEP][FAILED] - if (verifyEqual(PercFactR, PercFactB) == false): null

04-12-2024T07:29:01 - [MESSAGE][FAILED] - Unable to verify equal between actual object 'нет данных' and expected object '8.46' (Root cause: com.kms.katalon.core.exception.StepFailedException: Actual object 'нет данных' and expected object '8.46' are not equal
	at com.kms.katalon.core.keyword.builtin.VerifyEqualKeyword$_verifyEqual_closure1.doCall(VerifyEqualKeyword.groovy:58)
	at com.kms.katalon.core.keyword.builtin.VerifyEqualKeyword$_verifyEqual_closure1.call(VerifyEqualKeyword.groovy)
	at com.kms.katalon.core.keyword.internal.KeywordMain.runKeyword(KeywordMain.groovy:75)
	at com.kms.katalon.core.keyword.builtin.VerifyEqualKeyword.verifyEqual(VerifyEqualKeyword.groovy:63)
	at com.kms.katalon.core.keyword.builtin.VerifyEqualKeyword.execute(VerifyEqualKeyword.groovy:44)
	at com.kms.katalon.core.keyword.internal.KeywordExecutor.executeKeywordForPlatform(KeywordExecutor.groovy:74)
	at com.kms.katalon.core.keyword.BuiltinKeywords.verifyEqual(BuiltinKeywords.groovy:146)
	at jdk.internal.reflect.GeneratedMethodAccessor25.invoke(Unknown Source)
	at java.base/jdk.internal.reflect.DelegatingMethodAccessorImpl.invoke(DelegatingMethodAccessorImpl.java:43)
	at Выполнение бизнес-плана сверка дашбордов.CompareDZOData(Выполнение бизнес-плана сверка дашбордов:758)
	at Выполнение бизнес-плана сверка дашбордов.run(Выполнение бизнес-плана сверка дашбордов:603)
	at com.kms.katalon.core.main.ScriptEngine.run(ScriptEngine.java:194)
	at com.kms.katalon.core.main.ScriptEngine.runScriptAsRawText(ScriptEngine.java:119)
	at com.kms.katalon.core.main.TestCaseExecutor.runScript(TestCaseExecutor.java:448)
	at com.kms.katalon.core.main.TestCaseExecutor.doExecute(TestCaseExecutor.java:439)
	at com.kms.katalon.core.main.TestCaseExecutor.processExecutionPhase(TestCaseExecutor.java:418)
	at com.kms.katalon.core.main.TestCaseExecutor.accessMainPhase(TestCaseExecutor.java:410)
	at com.kms.katalon.core.main.TestCaseExecutor.execute(TestCaseExecutor.java:285)
	at com.kms.katalon.core.common.CommonExecutor.accessTestCaseMainPhase(CommonExecutor.java:65)
	at com.kms.katalon.core.main.TestSuiteExecutor.accessTestSuiteMainPhase(TestSuiteExecutor.java:150)
	at com.kms.katalon.core.main.TestSuiteExecutor.execute(TestSuiteExecutor.java:106)
	at com.kms.katalon.core.main.TestCaseMain.startTestSuite(TestCaseMain.java:180)
	at TempTestSuite1733285972582.run(TempTestSuite1733285972582.groovy:35)
	at java.base/jdk.internal.reflect.NativeMethodAccessorImpl.invoke0(Native Method)
	at java.base/jdk.internal.reflect.NativeMethodAccessorImpl.invoke(NativeMethodAccessorImpl.java:77)
	at java.base/jdk.internal.reflect.DelegatingMethodAccessorImpl.invoke(DelegatingMethodAccessorImpl.java:43)
)

04-12-2024T07:29:01 - [TEST_STEP][PASSED] - result = WriteToExcel(typeOfData, todaysDate, PercPlanR, PercPlanB, PercFactR, PercFactB, x, tabR, tabB, o1R, o1B, vidget): null

04-12-2024T07:29:01 - [TEST_STEP][PASSED] - iii = dZO.indexOf("/"): null

04-12-2024T07:29:01 - [TEST_STEP][PASSED] - println(iii): null

04-12-2024T07:29:01 - [TEST_STEP][PASSED] - dZO = dZO.substring(0, iii): null

04-12-2024T07:29:01 - [TEST_STEP][PASSED] - println(dZO): null

04-12-2024T07:29:01 - [TEST_STEP][PASSED] - println(PercPlanR): null

04-12-2024T07:29:01 - [TEST_STEP][PASSED] - println(PercPlanB): null

04-12-2024T07:29:01 - [TEST_STEP][PASSED] - println(PercFactR): null

04-12-2024T07:29:01 - [TEST_STEP][PASSED] - println(PercFactB): null

04-12-2024T07:29:01 - [TEST_STEP][PASSED] - println(tabR): null

04-12-2024T07:29:01 - [TEST_STEP][PASSED] - println(tabB): null

04-12-2024T07:29:01 - [TEST_STEP][PASSED] - println(o1R): null

04-12-2024T07:29:01 - [TEST_STEP][PASSED] - println(o1B): null

04-12-2024T07:29:01 - [TEST_STEP][PASSED] - PR = <not implemented yet for class: org.codehaus.groovy.ast.expr.EmptyExpression>: null

04-12-2024T07:29:01 - [TEST_STEP][PASSED] - FR = <not implemented yet for class: org.codehaus.groovy.ast.expr.EmptyExpression>: null

04-12-2024T07:29:01 - [TEST_STEP][PASSED] - PB = <not implemented yet for class: org.codehaus.groovy.ast.expr.EmptyExpression>: null

04-12-2024T07:29:01 - [TEST_STEP][PASSED] - FB = <not implemented yet for class: org.codehaus.groovy.ast.expr.EmptyExpression>: null

04-12-2024T07:29:01 - [TEST_STEP][PASSED] - TR = <not implemented yet for class: org.codehaus.groovy.ast.expr.EmptyExpression>: null

04-12-2024T07:29:01 - [TEST_STEP][PASSED] - TB = <not implemented yet for class: org.codehaus.groovy.ast.expr.EmptyExpression>: null

04-12-2024T07:29:01 - [TEST_STEP][PASSED] - sheetName = "Sheet1": null

04-12-2024T07:29:01 - [TEST_STEP][PASSED] - data = findTestData("PlanFact"): null

04-12-2024T07:29:01 - [TEST_STEP][PASSED] - n = data.getRowNumbers() + 1: null

04-12-2024T07:29:01 - [TEST_STEP][PASSED] - year = todaysDate.substring(todaysDate.length() - 4, todaysDate.length()): null

04-12-2024T07:29:01 - [TEST_STEP][PASSED] - y = year.toInteger(): null

04-12-2024T07:29:01 - [TEST_STEP][PASSED] - m = getText(findTestObject("Выполнение бизнес-плана/Выполнение бизнес-плана Балансы/Фильтр Дата")): Text of object 'Object Repository/Выполнение бизнес-плана/Выполнение бизнес-плана Балансы/Фильтр Дата' is: '1, 2, 3 кв., Октябрь 2024 года'

04-12-2024T07:29:01 - [MESSAGE][PASSED] - Text of object 'Object Repository/Выполнение бизнес-плана/Выполнение бизнес-плана Балансы/Фильтр Дата' is: '1, 2, 3 кв., Октябрь 2024 года'

04-12-2024T07:29:01 - [TEST_STEP][PASSED] - m = m.substring(0, m.indexOf("2024")): null

04-12-2024T07:29:01 - [TEST_STEP][PASSED] - m = m.trim(): null

04-12-2024T07:29:01 - [TEST_STEP][PASSED] - dashboardName = "Выполнение бизнес-плана": null

04-12-2024T07:29:01 - [TEST_STEP][PASSED] - workbook01 = getWorkbook(excelFilePath): null

04-12-2024T07:29:01 - [TEST_STEP][PASSED] - sheet01 = getExcelSheet(workbook01, sheetName): null

04-12-2024T07:29:01 - [TEST_STEP][PASSED] - setValueToCellByIndex(sheet01, n, 0, dashboardName): null

04-12-2024T07:29:01 - [TEST_STEP][PASSED] - setValueToCellByIndex(sheet01, n, 1, dZO): null

04-12-2024T07:29:01 - [TEST_STEP][PASSED] - setValueToCellByIndex(sheet01, n, 2, typeOfData): null

04-12-2024T07:29:01 - [TEST_STEP][PASSED] - setValueToCellByIndex(sheet01, n, 3, typeOfData): null

04-12-2024T07:29:01 - [TEST_STEP][PASSED] - if (typeOfData == "План"): null

04-12-2024T07:29:01 - [TEST_STEP][PASSED] - else if (typeOfData == "Факт"): null

04-12-2024T07:29:01 - [TEST_STEP][PASSED] - else if (vidget.contains("электроэнергии") == true): null

04-12-2024T07:29:01 - [TEST_STEP][PASSED] - if (tabR == null): null

04-12-2024T07:29:01 - [TEST_STEP][PASSED] - else: null

04-12-2024T07:29:01 - [TEST_STEP][PASSED] - if (tabR == "нет данных"): null

04-12-2024T07:29:01 - [TEST_STEP][PASSED] - setValueToCellByIndex(sheet01, n, 4, "нет данных"): null

04-12-2024T07:29:01 - [TEST_STEP][PASSED] - if (tabB == null): null

04-12-2024T07:29:01 - [TEST_STEP][PASSED] - else: null

04-12-2024T07:29:01 - [TEST_STEP][PASSED] - if (tabB == "нет данных"): null

04-12-2024T07:29:01 - [TEST_STEP][PASSED] - else: null

04-12-2024T07:29:01 - [TEST_STEP][PASSED] - TB = tabB.toInteger(): null

04-12-2024T07:29:01 - [TEST_STEP][PASSED] - setValueToCellByIndex(sheet01, n, 5, TB): null

04-12-2024T07:29:01 - [TEST_STEP][PASSED] - setValueToCellByIndex(sheet01, n, 6, m): null

04-12-2024T07:29:01 - [TEST_STEP][PASSED] - setValueToCellByIndex(sheet01, n, 7, y): null

04-12-2024T07:29:01 - [TEST_STEP][PASSED] - setValueToCellByIndex(sheet01, n, 8, todaysDate): null

04-12-2024T07:29:01 - [TEST_STEP][PASSED] - n = n + 1: null

04-12-2024T07:29:01 - [TEST_STEP][PASSED] - saveWorkbook(excelFilePath, workbook01): null

04-12-2024T07:29:01 - [TEST_STEP][PASSED] - typeOfData = "План Потери": null

04-12-2024T07:29:01 - [TEST_STEP][PASSED] - tabR = GetPPlanR(x = a): null

04-12-2024T07:29:01 - [TEST_STEP][PASSED] - i1 = <not implemented yet for class: org.codehaus.groovy.ast.expr.EmptyExpression>: null

04-12-2024T07:29:01 - [TEST_STEP][PASSED] - ii = <not implemented yet for class: org.codehaus.groovy.ast.expr.EmptyExpression>: null

04-12-2024T07:29:01 - [TEST_STEP][PASSED] - for ([ii = 1, ii < 9, (ii++)]): null

04-12-2024T07:29:01 - [TEST_STEP][PASSED] - i1 = x.indexOf("/") + 1: null

04-12-2024T07:29:01 - [TEST_STEP][PASSED] - if (i1 > -1): null

04-12-2024T07:29:01 - [TEST_STEP][PASSED] - x = x.substring(i1, x.length()): null

04-12-2024T07:29:01 - [TEST_STEP][PASSED] - println(x): null

04-12-2024T07:29:01 - [TEST_STEP][PASSED] - i1 = x.indexOf("/") + 1: null

04-12-2024T07:29:01 - [TEST_STEP][PASSED] - if (i1 > -1): null

04-12-2024T07:29:01 - [TEST_STEP][PASSED] - x = x.substring(i1, x.length()): null

04-12-2024T07:29:01 - [TEST_STEP][PASSED] - println(x): null

04-12-2024T07:29:01 - [TEST_STEP][PASSED] - i1 = x.indexOf("/") + 1: null

04-12-2024T07:29:01 - [TEST_STEP][PASSED] - if (i1 > -1): null

04-12-2024T07:29:01 - [TEST_STEP][PASSED] - x = x.substring(i1, x.length()): null

04-12-2024T07:29:01 - [TEST_STEP][PASSED] - println(x): null

04-12-2024T07:29:01 - [TEST_STEP][PASSED] - i1 = x.indexOf("/") + 1: null

04-12-2024T07:29:01 - [TEST_STEP][PASSED] - if (i1 > -1): null

04-12-2024T07:29:01 - [TEST_STEP][PASSED] - x = x.substring(i1, x.length()): null

04-12-2024T07:29:01 - [TEST_STEP][PASSED] - println(x): null

04-12-2024T07:29:01 - [TEST_STEP][PASSED] - i1 = x.indexOf("/") + 1: null

04-12-2024T07:29:01 - [TEST_STEP][PASSED] - if (i1 > -1): null

04-12-2024T07:29:01 - [TEST_STEP][PASSED] - x = x.substring(i1, x.length()): null

04-12-2024T07:29:01 - [TEST_STEP][PASSED] - println(x): null

04-12-2024T07:29:01 - [TEST_STEP][PASSED] - i1 = x.indexOf("/") + 1: null

04-12-2024T07:29:01 - [TEST_STEP][PASSED] - if (i1 > -1): null

04-12-2024T07:29:01 - [TEST_STEP][PASSED] - x = x.substring(i1, x.length()): null

04-12-2024T07:29:01 - [TEST_STEP][PASSED] - println(x): null

04-12-2024T07:29:01 - [TEST_STEP][PASSED] - i1 = x.indexOf("/") + 1: null

04-12-2024T07:29:01 - [TEST_STEP][PASSED] - if (i1 > -1): null

04-12-2024T07:29:01 - [TEST_STEP][PASSED] - x = x.substring(i1, x.length()): null

04-12-2024T07:29:01 - [TEST_STEP][PASSED] - println(x): null

04-12-2024T07:29:01 - [TEST_STEP][PASSED] - i1 = x.indexOf("/") + 1: null

04-12-2024T07:29:01 - [TEST_STEP][PASSED] - if (i1 > -1): null

04-12-2024T07:29:01 - [TEST_STEP][PASSED] - x = x.substring(i1, x.length()): null

04-12-2024T07:29:01 - [TEST_STEP][PASSED] - println(x): null

04-12-2024T07:29:01 - [TEST_STEP][PASSED] - i1 = x.indexOf("/"): null

04-12-2024T07:29:01 - [TEST_STEP][PASSED] - if (i1 > -1): null

04-12-2024T07:29:01 - [TEST_STEP][PASSED] - x = x.substring(0, i1): null

04-12-2024T07:29:01 - [TEST_STEP][PASSED] - println(x): null

04-12-2024T07:29:01 - [TEST_STEP][PASSED] - return x: null

04-12-2024T07:29:01 - [TEST_STEP][PASSED] - tabB = GetPPlanB(x = b): null

04-12-2024T07:29:01 - [TEST_STEP][PASSED] - i1 = <not implemented yet for class: org.codehaus.groovy.ast.expr.EmptyExpression>: null

04-12-2024T07:29:01 - [TEST_STEP][PASSED] - ii = <not implemented yet for class: org.codehaus.groovy.ast.expr.EmptyExpression>: null

04-12-2024T07:29:01 - [TEST_STEP][PASSED] - for ([ii = 1, ii < 9, (ii++)]): null

04-12-2024T07:29:01 - [TEST_STEP][PASSED] - i1 = x.indexOf("/") + 1: null

04-12-2024T07:29:01 - [TEST_STEP][PASSED] - if (i1 > -1): null

04-12-2024T07:29:01 - [TEST_STEP][PASSED] - x = x.substring(i1, x.length()): null

04-12-2024T07:29:01 - [TEST_STEP][PASSED] - println(x): null

04-12-2024T07:29:01 - [TEST_STEP][PASSED] - i1 = x.indexOf("/") + 1: null

04-12-2024T07:29:01 - [TEST_STEP][PASSED] - if (i1 > -1): null

04-12-2024T07:29:01 - [TEST_STEP][PASSED] - x = x.substring(i1, x.length()): null

04-12-2024T07:29:01 - [TEST_STEP][PASSED] - println(x): null

04-12-2024T07:29:01 - [TEST_STEP][PASSED] - i1 = x.indexOf("/") + 1: null

04-12-2024T07:29:01 - [TEST_STEP][PASSED] - if (i1 > -1): null

04-12-2024T07:29:01 - [TEST_STEP][PASSED] - x = x.substring(i1, x.length()): null

04-12-2024T07:29:01 - [TEST_STEP][PASSED] - println(x): null

04-12-2024T07:29:01 - [TEST_STEP][PASSED] - i1 = x.indexOf("/") + 1: null

04-12-2024T07:29:01 - [TEST_STEP][PASSED] - if (i1 > -1): null

04-12-2024T07:29:01 - [TEST_STEP][PASSED] - x = x.substring(i1, x.length()): null

04-12-2024T07:29:01 - [TEST_STEP][PASSED] - println(x): null

04-12-2024T07:29:01 - [TEST_STEP][PASSED] - i1 = x.indexOf("/") + 1: null

04-12-2024T07:29:01 - [TEST_STEP][PASSED] - if (i1 > -1): null

04-12-2024T07:29:01 - [TEST_STEP][PASSED] - x = x.substring(i1, x.length()): null

04-12-2024T07:29:01 - [TEST_STEP][PASSED] - println(x): null

04-12-2024T07:29:01 - [TEST_STEP][PASSED] - i1 = x.indexOf("/") + 1: null

04-12-2024T07:29:01 - [TEST_STEP][PASSED] - if (i1 > -1): null

04-12-2024T07:29:01 - [TEST_STEP][PASSED] - x = x.substring(i1, x.length()): null

04-12-2024T07:29:01 - [TEST_STEP][PASSED] - println(x): null

04-12-2024T07:29:01 - [TEST_STEP][PASSED] - i1 = x.indexOf("/") + 1: null

04-12-2024T07:29:01 - [TEST_STEP][PASSED] - if (i1 > -1): null

04-12-2024T07:29:01 - [TEST_STEP][PASSED] - x = x.substring(i1, x.length()): null

04-12-2024T07:29:01 - [TEST_STEP][PASSED] - println(x): null

04-12-2024T07:29:01 - [TEST_STEP][PASSED] - i1 = x.indexOf("/") + 1: null

04-12-2024T07:29:01 - [TEST_STEP][PASSED] - if (i1 > -1): null

04-12-2024T07:29:01 - [TEST_STEP][PASSED] - x = x.substring(i1, x.length()): null

04-12-2024T07:29:01 - [TEST_STEP][PASSED] - println(x): null

04-12-2024T07:29:01 - [TEST_STEP][PASSED] - i1 = x.indexOf("/"): null

04-12-2024T07:29:01 - [TEST_STEP][PASSED] - if (i1 > -1): null

04-12-2024T07:29:01 - [TEST_STEP][PASSED] - x = x.substring(0, i1): null

04-12-2024T07:29:01 - [TEST_STEP][PASSED] - println(x): null

04-12-2024T07:29:01 - [TEST_STEP][FAILED] - return x: null

04-12-2024T07:29:01 - [TEST_STEP][PASSED] - println(tabR + "/" + tabB): null

04-12-2024T07:29:01 - [TEST_STEP][FAILED] - if (verifyEqual(PercFactR, PercFactB) == false): null

04-12-2024T07:29:01 - [MESSAGE][FAILED] - Unable to verify equal between actual object 'нет данных' and expected object '8.46' (Root cause: com.kms.katalon.core.exception.StepFailedException: Actual object 'нет данных' and expected object '8.46' are not equal
	at com.kms.katalon.core.keyword.builtin.VerifyEqualKeyword$_verifyEqual_closure1.doCall(VerifyEqualKeyword.groovy:58)
	at com.kms.katalon.core.keyword.builtin.VerifyEqualKeyword$_verifyEqual_closure1.call(VerifyEqualKeyword.groovy)
	at com.kms.katalon.core.keyword.internal.KeywordMain.runKeyword(KeywordMain.groovy:75)
	at com.kms.katalon.core.keyword.builtin.VerifyEqualKeyword.verifyEqual(VerifyEqualKeyword.groovy:63)
	at com.kms.katalon.core.keyword.builtin.VerifyEqualKeyword.execute(VerifyEqualKeyword.groovy:44)
	at com.kms.katalon.core.keyword.internal.KeywordExecutor.executeKeywordForPlatform(KeywordExecutor.groovy:74)
	at com.kms.katalon.core.keyword.BuiltinKeywords.verifyEqual(BuiltinKeywords.groovy:146)
	at jdk.internal.reflect.GeneratedMethodAccessor25.invoke(Unknown Source)
	at java.base/jdk.internal.reflect.DelegatingMethodAccessorImpl.invoke(DelegatingMethodAccessorImpl.java:43)
	at Выполнение бизнес-плана сверка дашбордов.CompareDZOData(Выполнение бизнес-плана сверка дашбордов:771)
	at Выполнение бизнес-плана сверка дашбордов.run(Выполнение бизнес-плана сверка дашбордов:603)
	at com.kms.katalon.core.main.ScriptEngine.run(ScriptEngine.java:194)
	at com.kms.katalon.core.main.ScriptEngine.runScriptAsRawText(ScriptEngine.java:119)
	at com.kms.katalon.core.main.TestCaseExecutor.runScript(TestCaseExecutor.java:448)
	at com.kms.katalon.core.main.TestCaseExecutor.doExecute(TestCaseExecutor.java:439)
	at com.kms.katalon.core.main.TestCaseExecutor.processExecutionPhase(TestCaseExecutor.java:418)
	at com.kms.katalon.core.main.TestCaseExecutor.accessMainPhase(TestCaseExecutor.java:410)
	at com.kms.katalon.core.main.TestCaseExecutor.execute(TestCaseExecutor.java:285)
	at com.kms.katalon.core.common.CommonExecutor.accessTestCaseMainPhase(CommonExecutor.java:65)
	at com.kms.katalon.core.main.TestSuiteExecutor.accessTestSuiteMainPhase(TestSuiteExecutor.java:150)
	at com.kms.katalon.core.main.TestSuiteExecutor.execute(TestSuiteExecutor.java:106)
	at com.kms.katalon.core.main.TestCaseMain.startTestSuite(TestCaseMain.java:180)
	at TempTestSuite1733285972582.run(TempTestSuite1733285972582.groovy:35)
	at java.base/jdk.internal.reflect.NativeMethodAccessorImpl.invoke0(Native Method)
	at java.base/jdk.internal.reflect.NativeMethodAccessorImpl.invoke(NativeMethodAccessorImpl.java:77)
	at java.base/jdk.internal.reflect.DelegatingMethodAccessorImpl.invoke(DelegatingMethodAccessorImpl.java:43)
)

04-12-2024T07:29:01 - [TEST_STEP][PASSED] - result = WriteToExcel(typeOfData, todaysDate, PercPlanR, PercPlanB, PercFactR, PercFactB, x, tabR, tabB, o1R, o1B, vidget): null

04-12-2024T07:29:01 - [TEST_STEP][PASSED] - iii = dZO.indexOf("/"): null

04-12-2024T07:29:01 - [TEST_STEP][PASSED] - println(iii): null

04-12-2024T07:29:01 - [TEST_STEP][PASSED] - dZO = dZO.substring(0, iii): null

04-12-2024T07:29:01 - [TEST_STEP][PASSED] - println(dZO): null

04-12-2024T07:29:01 - [TEST_STEP][PASSED] - println(PercPlanR): null

04-12-2024T07:29:01 - [TEST_STEP][PASSED] - println(PercPlanB): null

04-12-2024T07:29:01 - [TEST_STEP][PASSED] - println(PercFactR): null

04-12-2024T07:29:01 - [TEST_STEP][PASSED] - println(PercFactB): null

04-12-2024T07:29:01 - [TEST_STEP][PASSED] - println(tabR): null

04-12-2024T07:29:01 - [TEST_STEP][PASSED] - println(tabB): null

04-12-2024T07:29:01 - [TEST_STEP][PASSED] - println(o1R): null

04-12-2024T07:29:01 - [TEST_STEP][PASSED] - println(o1B): null

04-12-2024T07:29:01 - [TEST_STEP][PASSED] - PR = <not implemented yet for class: org.codehaus.groovy.ast.expr.EmptyExpression>: null

04-12-2024T07:29:01 - [TEST_STEP][PASSED] - FR = <not implemented yet for class: org.codehaus.groovy.ast.expr.EmptyExpression>: null

04-12-2024T07:29:01 - [TEST_STEP][PASSED] - PB = <not implemented yet for class: org.codehaus.groovy.ast.expr.EmptyExpression>: null

04-12-2024T07:29:01 - [TEST_STEP][PASSED] - FB = <not implemented yet for class: org.codehaus.groovy.ast.expr.EmptyExpression>: null

04-12-2024T07:29:01 - [TEST_STEP][PASSED] - TR = <not implemented yet for class: org.codehaus.groovy.ast.expr.EmptyExpression>: null

04-12-2024T07:29:01 - [TEST_STEP][PASSED] - TB = <not implemented yet for class: org.codehaus.groovy.ast.expr.EmptyExpression>: null

04-12-2024T07:29:01 - [TEST_STEP][PASSED] - sheetName = "Sheet1": null

04-12-2024T07:29:01 - [TEST_STEP][PASSED] - data = findTestData("PlanFact"): null

04-12-2024T07:29:02 - [TEST_STEP][PASSED] - n = data.getRowNumbers() + 1: null

04-12-2024T07:29:02 - [TEST_STEP][PASSED] - year = todaysDate.substring(todaysDate.length() - 4, todaysDate.length()): null

04-12-2024T07:29:02 - [TEST_STEP][PASSED] - y = year.toInteger(): null

04-12-2024T07:29:02 - [TEST_STEP][PASSED] - m = getText(findTestObject("Выполнение бизнес-плана/Выполнение бизнес-плана Балансы/Фильтр Дата")): Text of object 'Object Repository/Выполнение бизнес-плана/Выполнение бизнес-плана Балансы/Фильтр Дата' is: '1, 2, 3 кв., Октябрь 2024 года'

04-12-2024T07:29:02 - [MESSAGE][PASSED] - Text of object 'Object Repository/Выполнение бизнес-плана/Выполнение бизнес-плана Балансы/Фильтр Дата' is: '1, 2, 3 кв., Октябрь 2024 года'

04-12-2024T07:29:02 - [TEST_STEP][PASSED] - m = m.substring(0, m.indexOf("2024")): null

04-12-2024T07:29:02 - [TEST_STEP][PASSED] - m = m.trim(): null

04-12-2024T07:29:02 - [TEST_STEP][PASSED] - dashboardName = "Выполнение бизнес-плана": null

04-12-2024T07:29:02 - [TEST_STEP][PASSED] - workbook01 = getWorkbook(excelFilePath): null

04-12-2024T07:29:02 - [TEST_STEP][PASSED] - sheet01 = getExcelSheet(workbook01, sheetName): null

04-12-2024T07:29:02 - [TEST_STEP][PASSED] - setValueToCellByIndex(sheet01, n, 0, dashboardName): null

04-12-2024T07:29:02 - [TEST_STEP][PASSED] - setValueToCellByIndex(sheet01, n, 1, dZO): null

04-12-2024T07:29:02 - [TEST_STEP][PASSED] - setValueToCellByIndex(sheet01, n, 2, typeOfData): null

04-12-2024T07:29:02 - [TEST_STEP][PASSED] - setValueToCellByIndex(sheet01, n, 3, typeOfData): null

04-12-2024T07:29:02 - [TEST_STEP][PASSED] - if (typeOfData == "План"): null

04-12-2024T07:29:02 - [TEST_STEP][PASSED] - else if (typeOfData == "Факт"): null

04-12-2024T07:29:02 - [TEST_STEP][PASSED] - else if (vidget.contains("электроэнергии") == true): null

04-12-2024T07:29:02 - [TEST_STEP][PASSED] - if (tabR == null): null

04-12-2024T07:29:02 - [TEST_STEP][PASSED] - else: null

04-12-2024T07:29:02 - [TEST_STEP][PASSED] - if (tabR == "нет данных"): null

04-12-2024T07:29:02 - [TEST_STEP][PASSED] - setValueToCellByIndex(sheet01, n, 4, "нет данных"): null

04-12-2024T07:29:02 - [TEST_STEP][PASSED] - if (tabB == null): null

04-12-2024T07:29:02 - [TEST_STEP][PASSED] - else: null

04-12-2024T07:29:02 - [TEST_STEP][PASSED] - if (tabB == "нет данных"): null

04-12-2024T07:29:02 - [TEST_STEP][PASSED] - else: null

04-12-2024T07:29:02 - [TEST_STEP][PASSED] - TB = tabB.toInteger(): null

04-12-2024T07:29:02 - [TEST_STEP][PASSED] - setValueToCellByIndex(sheet01, n, 5, TB): null

04-12-2024T07:29:02 - [TEST_STEP][PASSED] - setValueToCellByIndex(sheet01, n, 6, m): null

04-12-2024T07:29:02 - [TEST_STEP][PASSED] - setValueToCellByIndex(sheet01, n, 7, y): null

04-12-2024T07:29:02 - [TEST_STEP][PASSED] - setValueToCellByIndex(sheet01, n, 8, todaysDate): null

04-12-2024T07:29:02 - [TEST_STEP][PASSED] - n = n + 1: null

04-12-2024T07:29:02 - [TEST_STEP][PASSED] - saveWorkbook(excelFilePath, workbook01): null

04-12-2024T07:29:02 - [TEST_STEP][PASSED] - ii2 = a.indexOf("ПАО"): null

04-12-2024T07:29:02 - [TEST_STEP][PASSED] - if (ii2 == -1): null

04-12-2024T07:29:02 - [TEST_STEP][PASSED] - vidget = "Отклонения фактического уровня потерь от бизнес-плана": null

04-12-2024T07:29:02 - [TEST_STEP][PASSED] - typeOfData = "Коэффициент": null

04-12-2024T07:29:02 - [TEST_STEP][PASSED] - o1R = Geto1R(x = a): null

04-12-2024T07:29:02 - [TEST_STEP][PASSED] - i1 = <not implemented yet for class: org.codehaus.groovy.ast.expr.EmptyExpression>: null

04-12-2024T07:29:02 - [TEST_STEP][PASSED] - ii = <not implemented yet for class: org.codehaus.groovy.ast.expr.EmptyExpression>: null

04-12-2024T07:29:02 - [TEST_STEP][PASSED] - for ([ii = 1, ii < 10, (ii++)]): null

04-12-2024T07:29:02 - [TEST_STEP][PASSED] - i1 = x.indexOf("/") + 1: null

04-12-2024T07:29:02 - [TEST_STEP][PASSED] - if (i1 > -1): null

04-12-2024T07:29:02 - [TEST_STEP][PASSED] - x = x.substring(i1, x.length()): null

04-12-2024T07:29:02 - [TEST_STEP][PASSED] - i1 = x.indexOf("/") + 1: null

04-12-2024T07:29:02 - [TEST_STEP][PASSED] - if (i1 > -1): null

04-12-2024T07:29:02 - [TEST_STEP][PASSED] - x = x.substring(i1, x.length()): null

04-12-2024T07:29:02 - [TEST_STEP][PASSED] - i1 = x.indexOf("/") + 1: null

04-12-2024T07:29:02 - [TEST_STEP][PASSED] - if (i1 > -1): null

04-12-2024T07:29:02 - [TEST_STEP][PASSED] - x = x.substring(i1, x.length()): null

04-12-2024T07:29:02 - [TEST_STEP][PASSED] - i1 = x.indexOf("/") + 1: null

04-12-2024T07:29:02 - [TEST_STEP][PASSED] - if (i1 > -1): null

04-12-2024T07:29:02 - [TEST_STEP][PASSED] - x = x.substring(i1, x.length()): null

04-12-2024T07:29:02 - [TEST_STEP][PASSED] - i1 = x.indexOf("/") + 1: null

04-12-2024T07:29:02 - [TEST_STEP][PASSED] - if (i1 > -1): null

04-12-2024T07:29:02 - [TEST_STEP][PASSED] - x = x.substring(i1, x.length()): null

04-12-2024T07:29:02 - [TEST_STEP][PASSED] - i1 = x.indexOf("/") + 1: null

04-12-2024T07:29:02 - [TEST_STEP][PASSED] - if (i1 > -1): null

04-12-2024T07:29:02 - [TEST_STEP][PASSED] - x = x.substring(i1, x.length()): null

04-12-2024T07:29:02 - [TEST_STEP][PASSED] - i1 = x.indexOf("/") + 1: null

04-12-2024T07:29:02 - [TEST_STEP][PASSED] - if (i1 > -1): null

04-12-2024T07:29:02 - [TEST_STEP][PASSED] - x = x.substring(i1, x.length()): null

04-12-2024T07:29:02 - [TEST_STEP][PASSED] - i1 = x.indexOf("/") + 1: null

04-12-2024T07:29:02 - [TEST_STEP][PASSED] - if (i1 > -1): null

04-12-2024T07:29:02 - [TEST_STEP][PASSED] - x = x.substring(i1, x.length()): null

04-12-2024T07:29:02 - [TEST_STEP][PASSED] - i1 = x.indexOf("/") + 1: null

04-12-2024T07:29:02 - [TEST_STEP][PASSED] - if (i1 > -1): null

04-12-2024T07:29:02 - [TEST_STEP][PASSED] - x = x.substring(i1, x.length()): null

04-12-2024T07:29:02 - [TEST_STEP][PASSED] - i1 = x.indexOf("/"): null

04-12-2024T07:29:02 - [TEST_STEP][PASSED] - if (i1 > -1): null

04-12-2024T07:29:02 - [TEST_STEP][PASSED] - println(x): null

04-12-2024T07:29:02 - [TEST_STEP][PASSED] - return x: null

04-12-2024T07:29:02 - [TEST_STEP][PASSED] - o1B = Geto1B(x = b): null

04-12-2024T07:29:02 - [TEST_STEP][PASSED] - i1 = <not implemented yet for class: org.codehaus.groovy.ast.expr.EmptyExpression>: null

04-12-2024T07:29:02 - [TEST_STEP][PASSED] - ii = <not implemented yet for class: org.codehaus.groovy.ast.expr.EmptyExpression>: null

04-12-2024T07:29:02 - [TEST_STEP][PASSED] - for ([ii = 1, ii < 10, (ii++)]): null

04-12-2024T07:29:02 - [TEST_STEP][PASSED] - i1 = x.indexOf("/") + 1: null

04-12-2024T07:29:02 - [TEST_STEP][PASSED] - if (i1 > -1): null

04-12-2024T07:29:02 - [TEST_STEP][PASSED] - x = x.substring(i1, x.length()): null

04-12-2024T07:29:02 - [TEST_STEP][PASSED] - i1 = x.indexOf("/") + 1: null

04-12-2024T07:29:02 - [TEST_STEP][PASSED] - if (i1 > -1): null

04-12-2024T07:29:02 - [TEST_STEP][PASSED] - x = x.substring(i1, x.length()): null

04-12-2024T07:29:02 - [TEST_STEP][PASSED] - i1 = x.indexOf("/") + 1: null

04-12-2024T07:29:02 - [TEST_STEP][PASSED] - if (i1 > -1): null

04-12-2024T07:29:02 - [TEST_STEP][PASSED] - x = x.substring(i1, x.length()): null

04-12-2024T07:29:02 - [TEST_STEP][PASSED] - i1 = x.indexOf("/") + 1: null

04-12-2024T07:29:02 - [TEST_STEP][PASSED] - if (i1 > -1): null

04-12-2024T07:29:02 - [TEST_STEP][PASSED] - x = x.substring(i1, x.length()): null

04-12-2024T07:29:02 - [TEST_STEP][PASSED] - i1 = x.indexOf("/") + 1: null

04-12-2024T07:29:02 - [TEST_STEP][PASSED] - if (i1 > -1): null

04-12-2024T07:29:02 - [TEST_STEP][PASSED] - x = x.substring(i1, x.length()): null

04-12-2024T07:29:02 - [TEST_STEP][PASSED] - i1 = x.indexOf("/") + 1: null

04-12-2024T07:29:02 - [TEST_STEP][PASSED] - if (i1 > -1): null

04-12-2024T07:29:02 - [TEST_STEP][PASSED] - x = x.substring(i1, x.length()): null

04-12-2024T07:29:02 - [TEST_STEP][PASSED] - i1 = x.indexOf("/") + 1: null

04-12-2024T07:29:02 - [TEST_STEP][PASSED] - if (i1 > -1): null

04-12-2024T07:29:02 - [TEST_STEP][PASSED] - x = x.substring(i1, x.length()): null

04-12-2024T07:29:02 - [TEST_STEP][PASSED] - i1 = x.indexOf("/") + 1: null

04-12-2024T07:29:02 - [TEST_STEP][PASSED] - if (i1 > -1): null

04-12-2024T07:29:02 - [TEST_STEP][PASSED] - x = x.substring(i1, x.length()): null

04-12-2024T07:29:02 - [TEST_STEP][PASSED] - i1 = x.indexOf("/") + 1: null

04-12-2024T07:29:02 - [TEST_STEP][PASSED] - if (i1 > -1): null

04-12-2024T07:29:02 - [TEST_STEP][PASSED] - x = x.substring(i1, x.length()): null

04-12-2024T07:29:02 - [TEST_STEP][PASSED] - i1 = x.indexOf("/"): null

04-12-2024T07:29:02 - [TEST_STEP][PASSED] - if (i1 > -1): null

04-12-2024T07:29:02 - [TEST_STEP][PASSED] - println(x): null

04-12-2024T07:29:02 - [TEST_STEP][FAILED] - return x: null

04-12-2024T07:29:02 - [TEST_STEP][PASSED] - println(o1R + "/" + o1B): null

04-12-2024T07:29:02 - [TEST_STEP][FAILED] - if (verifyEqual(PercFactR, PercFactB) == false): null

04-12-2024T07:29:02 - [MESSAGE][FAILED] - Unable to verify equal between actual object 'нет данных' and expected object '8.46' (Root cause: com.kms.katalon.core.exception.StepFailedException: Actual object 'нет данных' and expected object '8.46' are not equal
	at com.kms.katalon.core.keyword.builtin.VerifyEqualKeyword$_verifyEqual_closure1.doCall(VerifyEqualKeyword.groovy:58)
	at com.kms.katalon.core.keyword.builtin.VerifyEqualKeyword$_verifyEqual_closure1.call(VerifyEqualKeyword.groovy)
	at com.kms.katalon.core.keyword.internal.KeywordMain.runKeyword(KeywordMain.groovy:75)
	at com.kms.katalon.core.keyword.builtin.VerifyEqualKeyword.verifyEqual(VerifyEqualKeyword.groovy:63)
	at com.kms.katalon.core.keyword.builtin.VerifyEqualKeyword.execute(VerifyEqualKeyword.groovy:44)
	at com.kms.katalon.core.keyword.internal.KeywordExecutor.executeKeywordForPlatform(KeywordExecutor.groovy:74)
	at com.kms.katalon.core.keyword.BuiltinKeywords.verifyEqual(BuiltinKeywords.groovy:146)
	at jdk.internal.reflect.GeneratedMethodAccessor25.invoke(Unknown Source)
	at java.base/jdk.internal.reflect.DelegatingMethodAccessorImpl.invoke(DelegatingMethodAccessorImpl.java:43)
	at Выполнение бизнес-плана сверка дашбордов.CompareDZOData(Выполнение бизнес-плана сверка дашбордов:789)
	at Выполнение бизнес-плана сверка дашбордов.run(Выполнение бизнес-плана сверка дашбордов:603)
	at com.kms.katalon.core.main.ScriptEngine.run(ScriptEngine.java:194)
	at com.kms.katalon.core.main.ScriptEngine.runScriptAsRawText(ScriptEngine.java:119)
	at com.kms.katalon.core.main.TestCaseExecutor.runScript(TestCaseExecutor.java:448)
	at com.kms.katalon.core.main.TestCaseExecutor.doExecute(TestCaseExecutor.java:439)
	at com.kms.katalon.core.main.TestCaseExecutor.processExecutionPhase(TestCaseExecutor.java:418)
	at com.kms.katalon.core.main.TestCaseExecutor.accessMainPhase(TestCaseExecutor.java:410)
	at com.kms.katalon.core.main.TestCaseExecutor.execute(TestCaseExecutor.java:285)
	at com.kms.katalon.core.common.CommonExecutor.accessTestCaseMainPhase(CommonExecutor.java:65)
	at com.kms.katalon.core.main.TestSuiteExecutor.accessTestSuiteMainPhase(TestSuiteExecutor.java:150)
	at com.kms.katalon.core.main.TestSuiteExecutor.execute(TestSuiteExecutor.java:106)
	at com.kms.katalon.core.main.TestCaseMain.startTestSuite(TestCaseMain.java:180)
	at TempTestSuite1733285972582.run(TempTestSuite1733285972582.groovy:35)
	at java.base/jdk.internal.reflect.NativeMethodAccessorImpl.invoke0(Native Method)
	at java.base/jdk.internal.reflect.NativeMethodAccessorImpl.invoke(NativeMethodAccessorImpl.java:77)
	at java.base/jdk.internal.reflect.DelegatingMethodAccessorImpl.invoke(DelegatingMethodAccessorImpl.java:43)
)

04-12-2024T07:29:02 - [TEST_STEP][PASSED] - result = WriteToExcel(typeOfData, todaysDate, PercPlanR, PercPlanB, PercFactR, PercFactB, x, tabR, tabB, o1R, o1B, vidget): null

04-12-2024T07:29:02 - [TEST_STEP][PASSED] - iii = dZO.indexOf("/"): null

04-12-2024T07:29:02 - [TEST_STEP][PASSED] - println(iii): null

04-12-2024T07:29:02 - [TEST_STEP][PASSED] - dZO = dZO.substring(0, iii): null

04-12-2024T07:29:02 - [TEST_STEP][PASSED] - println(dZO): null

04-12-2024T07:29:02 - [TEST_STEP][PASSED] - println(PercPlanR): null

04-12-2024T07:29:02 - [TEST_STEP][PASSED] - println(PercPlanB): null

04-12-2024T07:29:02 - [TEST_STEP][PASSED] - println(PercFactR): null

04-12-2024T07:29:02 - [TEST_STEP][PASSED] - println(PercFactB): null

04-12-2024T07:29:02 - [TEST_STEP][PASSED] - println(tabR): null

04-12-2024T07:29:02 - [TEST_STEP][PASSED] - println(tabB): null

04-12-2024T07:29:02 - [TEST_STEP][PASSED] - println(o1R): null

04-12-2024T07:29:02 - [TEST_STEP][PASSED] - println(o1B): null

04-12-2024T07:29:02 - [TEST_STEP][PASSED] - PR = <not implemented yet for class: org.codehaus.groovy.ast.expr.EmptyExpression>: null

04-12-2024T07:29:02 - [TEST_STEP][PASSED] - FR = <not implemented yet for class: org.codehaus.groovy.ast.expr.EmptyExpression>: null

04-12-2024T07:29:02 - [TEST_STEP][PASSED] - PB = <not implemented yet for class: org.codehaus.groovy.ast.expr.EmptyExpression>: null

04-12-2024T07:29:02 - [TEST_STEP][PASSED] - FB = <not implemented yet for class: org.codehaus.groovy.ast.expr.EmptyExpression>: null

04-12-2024T07:29:02 - [TEST_STEP][PASSED] - TR = <not implemented yet for class: org.codehaus.groovy.ast.expr.EmptyExpression>: null

04-12-2024T07:29:02 - [TEST_STEP][PASSED] - TB = <not implemented yet for class: org.codehaus.groovy.ast.expr.EmptyExpression>: null

04-12-2024T07:29:02 - [TEST_STEP][PASSED] - sheetName = "Sheet1": null

04-12-2024T07:29:02 - [TEST_STEP][PASSED] - data = findTestData("PlanFact"): null

04-12-2024T07:29:02 - [TEST_STEP][PASSED] - n = data.getRowNumbers() + 1: null

04-12-2024T07:29:02 - [TEST_STEP][PASSED] - year = todaysDate.substring(todaysDate.length() - 4, todaysDate.length()): null

04-12-2024T07:29:02 - [TEST_STEP][PASSED] - y = year.toInteger(): null

04-12-2024T07:29:02 - [TEST_STEP][PASSED] - m = getText(findTestObject("Выполнение бизнес-плана/Выполнение бизнес-плана Балансы/Фильтр Дата")): Text of object 'Object Repository/Выполнение бизнес-плана/Выполнение бизнес-плана Балансы/Фильтр Дата' is: '1, 2, 3 кв., Октябрь 2024 года'

04-12-2024T07:29:02 - [MESSAGE][PASSED] - Text of object 'Object Repository/Выполнение бизнес-плана/Выполнение бизнес-плана Балансы/Фильтр Дата' is: '1, 2, 3 кв., Октябрь 2024 года'

04-12-2024T07:29:02 - [TEST_STEP][PASSED] - m = m.substring(0, m.indexOf("2024")): null

04-12-2024T07:29:02 - [TEST_STEP][PASSED] - m = m.trim(): null

04-12-2024T07:29:02 - [TEST_STEP][PASSED] - dashboardName = "Выполнение бизнес-плана": null

04-12-2024T07:29:02 - [TEST_STEP][PASSED] - workbook01 = getWorkbook(excelFilePath): null

04-12-2024T07:29:03 - [TEST_STEP][PASSED] - sheet01 = getExcelSheet(workbook01, sheetName): null

04-12-2024T07:29:03 - [TEST_STEP][PASSED] - setValueToCellByIndex(sheet01, n, 0, dashboardName): null

04-12-2024T07:29:03 - [TEST_STEP][PASSED] - setValueToCellByIndex(sheet01, n, 1, dZO): null

04-12-2024T07:29:03 - [TEST_STEP][PASSED] - setValueToCellByIndex(sheet01, n, 2, typeOfData): null

04-12-2024T07:29:03 - [TEST_STEP][PASSED] - setValueToCellByIndex(sheet01, n, 3, typeOfData): null

04-12-2024T07:29:03 - [TEST_STEP][PASSED] - if (typeOfData == "План"): null

04-12-2024T07:29:03 - [TEST_STEP][PASSED] - else if (typeOfData == "Факт"): null

04-12-2024T07:29:03 - [TEST_STEP][PASSED] - else if (vidget.contains("электроэнергии") == true): null

04-12-2024T07:29:03 - [TEST_STEP][PASSED] - else: null

04-12-2024T07:29:03 - [TEST_STEP][PASSED] - if (o1R == null): null

04-12-2024T07:29:03 - [TEST_STEP][PASSED] - else: null

04-12-2024T07:29:03 - [TEST_STEP][PASSED] - if (o1R == "нет данных"): null

04-12-2024T07:29:03 - [TEST_STEP][PASSED] - setValueToCellByIndex(sheet01, n, 4, "нет данных"): null

04-12-2024T07:29:03 - [TEST_STEP][PASSED] - if (o1B == null): null

04-12-2024T07:29:03 - [TEST_STEP][PASSED] - else: null

04-12-2024T07:29:03 - [TEST_STEP][PASSED] - if (o1B == "нет данных"): null

04-12-2024T07:29:03 - [TEST_STEP][PASSED] - else: null

04-12-2024T07:29:03 - [TEST_STEP][PASSED] - FB = o1B.toDouble(): null

04-12-2024T07:29:03 - [TEST_STEP][PASSED] - setValueToCellByIndex(sheet01, n, 5, FB): null

04-12-2024T07:29:03 - [TEST_STEP][PASSED] - setValueToCellByIndex(sheet01, n, 6, m): null

04-12-2024T07:29:03 - [TEST_STEP][PASSED] - setValueToCellByIndex(sheet01, n, 7, y): null

04-12-2024T07:29:03 - [TEST_STEP][PASSED] - setValueToCellByIndex(sheet01, n, 8, todaysDate): null

04-12-2024T07:29:03 - [TEST_STEP][PASSED] - n = n + 1: null

04-12-2024T07:29:03 - [TEST_STEP][FAILED] - saveWorkbook(excelFilePath, workbook01): null

04-12-2024T07:29:03 - [TEST_STEP][FAILED] - if (verifyEqual(lR, lB) == false): null

04-12-2024T07:29:03 - [MESSAGE][FAILED] - Unable to verify equal between actual object 'Россети Ленэнерго (ГК)/нет данных/нет данных/нет данных/нет данных/нет данных/нет данных/нет данных/нет данных/нет данных' and expected object 'Россети Ленэнерго (ГК)/10.63/10.72/31469202/28096239/3372962/30053986/26859673/3194313/0.09' (Root cause: com.kms.katalon.core.exception.StepFailedException: Actual object 'Россети Ленэнерго (ГК)/нет данных/нет данных/нет данных/нет данных/нет данных/нет данных/нет данных/нет данных/нет данных' and expected object 'Россети Ленэнерго (ГК)/10.63/10.72/31469202/28096239/3372962/30053986/26859673/3194313/0.09' are not equal
	at com.kms.katalon.core.keyword.builtin.VerifyEqualKeyword$_verifyEqual_closure1.doCall(VerifyEqualKeyword.groovy:58)
	at com.kms.katalon.core.keyword.builtin.VerifyEqualKeyword$_verifyEqual_closure1.call(VerifyEqualKeyword.groovy)
	at com.kms.katalon.core.keyword.internal.KeywordMain.runKeyword(KeywordMain.groovy:75)
	at com.kms.katalon.core.keyword.builtin.VerifyEqualKeyword.verifyEqual(VerifyEqualKeyword.groovy:63)
	at com.kms.katalon.core.keyword.builtin.VerifyEqualKeyword.execute(VerifyEqualKeyword.groovy:44)
	at com.kms.katalon.core.keyword.internal.KeywordExecutor.executeKeywordForPlatform(KeywordExecutor.groovy:74)
	at com.kms.katalon.core.keyword.BuiltinKeywords.verifyEqual(BuiltinKeywords.groovy:146)
	at jdk.internal.reflect.GeneratedMethodAccessor25.invoke(Unknown Source)
	at java.base/jdk.internal.reflect.DelegatingMethodAccessorImpl.invoke(DelegatingMethodAccessorImpl.java:43)
	at Выполнение бизнес-плана сверка дашбордов.run(Выполнение бизнес-плана сверка дашбордов:607)
	at com.kms.katalon.core.main.ScriptEngine.run(ScriptEngine.java:194)
	at com.kms.katalon.core.main.ScriptEngine.runScriptAsRawText(ScriptEngine.java:119)
	at com.kms.katalon.core.main.TestCaseExecutor.runScript(TestCaseExecutor.java:448)
	at com.kms.katalon.core.main.TestCaseExecutor.doExecute(TestCaseExecutor.java:439)
	at com.kms.katalon.core.main.TestCaseExecutor.processExecutionPhase(TestCaseExecutor.java:418)
	at com.kms.katalon.core.main.TestCaseExecutor.accessMainPhase(TestCaseExecutor.java:410)
	at com.kms.katalon.core.main.TestCaseExecutor.execute(TestCaseExecutor.java:285)
	at com.kms.katalon.core.common.CommonExecutor.accessTestCaseMainPhase(CommonExecutor.java:65)
	at com.kms.katalon.core.main.TestSuiteExecutor.accessTestSuiteMainPhase(TestSuiteExecutor.java:150)
	at com.kms.katalon.core.main.TestSuiteExecutor.execute(TestSuiteExecutor.java:106)
	at com.kms.katalon.core.main.TestCaseMain.startTestSuite(TestCaseMain.java:180)
	at TempTestSuite1733285972582.run(TempTestSuite1733285972582.groovy:35)
	at java.base/jdk.internal.reflect.NativeMethodAccessorImpl.invoke0(Native Method)
	at java.base/jdk.internal.reflect.NativeMethodAccessorImpl.invoke(NativeMethodAccessorImpl.java:77)
	at java.base/jdk.internal.reflect.DelegatingMethodAccessorImpl.invoke(DelegatingMethodAccessorImpl.java:43)
)

04-12-2024T07:29:03 - [TEST_STEP][PASSED] - result = CompareDZOData(a = lR, b = lB, dZO, typeOfData, PercPlanR, PercPlanB, PercFactR, PercFactB, todaysDate, x, vidget, tabR, tabB, o1R, o1B): null

04-12-2024T07:29:03 - [TEST_STEP][PASSED] - ii2 = <not implemented yet for class: org.codehaus.groovy.ast.expr.EmptyExpression>: null

04-12-2024T07:29:03 - [TEST_STEP][FAILED] - if (verifyEqual(a, b) == false): null

04-12-2024T07:29:03 - [MESSAGE][FAILED] - Unable to verify equal between actual object 'Россети Ленэнерго (ГК)/нет данных/нет данных/нет данных/нет данных/нет данных/нет данных/нет данных/нет данных/нет данных' and expected object 'Россети Ленэнерго (ГК)/10.63/10.72/31469202/28096239/3372962/30053986/26859673/3194313/0.09' (Root cause: com.kms.katalon.core.exception.StepFailedException: Actual object 'Россети Ленэнерго (ГК)/нет данных/нет данных/нет данных/нет данных/нет данных/нет данных/нет данных/нет данных/нет данных' and expected object 'Россети Ленэнерго (ГК)/10.63/10.72/31469202/28096239/3372962/30053986/26859673/3194313/0.09' are not equal
	at com.kms.katalon.core.keyword.builtin.VerifyEqualKeyword$_verifyEqual_closure1.doCall(VerifyEqualKeyword.groovy:58)
	at com.kms.katalon.core.keyword.builtin.VerifyEqualKeyword$_verifyEqual_closure1.call(VerifyEqualKeyword.groovy)
	at com.kms.katalon.core.keyword.internal.KeywordMain.runKeyword(KeywordMain.groovy:75)
	at com.kms.katalon.core.keyword.builtin.VerifyEqualKeyword.verifyEqual(VerifyEqualKeyword.groovy:63)
	at com.kms.katalon.core.keyword.builtin.VerifyEqualKeyword.execute(VerifyEqualKeyword.groovy:44)
	at com.kms.katalon.core.keyword.internal.KeywordExecutor.executeKeywordForPlatform(KeywordExecutor.groovy:74)
	at com.kms.katalon.core.keyword.BuiltinKeywords.verifyEqual(BuiltinKeywords.groovy:146)
	at jdk.internal.reflect.GeneratedMethodAccessor25.invoke(Unknown Source)
	at java.base/jdk.internal.reflect.DelegatingMethodAccessorImpl.invoke(DelegatingMethodAccessorImpl.java:43)
	at Выполнение бизнес-плана сверка дашбордов.CompareDZOData(Выполнение бизнес-плана сверка дашбордов:673)
	at Выполнение бизнес-плана сверка дашбордов.run(Выполнение бизнес-плана сверка дашбордов:608)
	at com.kms.katalon.core.main.ScriptEngine.run(ScriptEngine.java:194)
	at com.kms.katalon.core.main.ScriptEngine.runScriptAsRawText(ScriptEngine.java:119)
	at com.kms.katalon.core.main.TestCaseExecutor.runScript(TestCaseExecutor.java:448)
	at com.kms.katalon.core.main.TestCaseExecutor.doExecute(TestCaseExecutor.java:439)
	at com.kms.katalon.core.main.TestCaseExecutor.processExecutionPhase(TestCaseExecutor.java:418)
	at com.kms.katalon.core.main.TestCaseExecutor.accessMainPhase(TestCaseExecutor.java:410)
	at com.kms.katalon.core.main.TestCaseExecutor.execute(TestCaseExecutor.java:285)
	at com.kms.katalon.core.common.CommonExecutor.accessTestCaseMainPhase(CommonExecutor.java:65)
	at com.kms.katalon.core.main.TestSuiteExecutor.accessTestSuiteMainPhase(TestSuiteExecutor.java:150)
	at com.kms.katalon.core.main.TestSuiteExecutor.execute(TestSuiteExecutor.java:106)
	at com.kms.katalon.core.main.TestCaseMain.startTestSuite(TestCaseMain.java:180)
	at TempTestSuite1733285972582.run(TempTestSuite1733285972582.groovy:35)
	at java.base/jdk.internal.reflect.NativeMethodAccessorImpl.invoke0(Native Method)
	at java.base/jdk.internal.reflect.NativeMethodAccessorImpl.invoke(NativeMethodAccessorImpl.java:77)
	at java.base/jdk.internal.reflect.DelegatingMethodAccessorImpl.invoke(DelegatingMethodAccessorImpl.java:43)
)

04-12-2024T07:29:03 - [TEST_STEP][PASSED] - vidget = "Уровень потерь электроэнергии": null

04-12-2024T07:29:03 - [TEST_STEP][PASSED] - typeOfData = "План": null

04-12-2024T07:29:03 - [TEST_STEP][PASSED] - PercPlanR = GetPercPlanR(x = a): null

04-12-2024T07:29:03 - [TEST_STEP][PASSED] - i1 = <not implemented yet for class: org.codehaus.groovy.ast.expr.EmptyExpression>: null

04-12-2024T07:29:03 - [TEST_STEP][PASSED] - i1 = x.indexOf("/") + 1: null

04-12-2024T07:29:03 - [TEST_STEP][PASSED] - if (i1 > -1): null

04-12-2024T07:29:03 - [TEST_STEP][PASSED] - x = x.substring(i1, x.length()): null

04-12-2024T07:29:03 - [TEST_STEP][PASSED] - i1 = x.indexOf("/"): null

04-12-2024T07:29:03 - [TEST_STEP][PASSED] - if (i1 > -1): null

04-12-2024T07:29:03 - [TEST_STEP][PASSED] - x = x.substring(0, i1): null

04-12-2024T07:29:03 - [TEST_STEP][PASSED] - return x: null

04-12-2024T07:29:03 - [TEST_STEP][PASSED] - PercPlanB = GetPercPlanB(x = b): null

04-12-2024T07:29:03 - [TEST_STEP][PASSED] - i1 = <not implemented yet for class: org.codehaus.groovy.ast.expr.EmptyExpression>: null

04-12-2024T07:29:03 - [TEST_STEP][PASSED] - i1 = x.indexOf("/") + 1: null

04-12-2024T07:29:03 - [TEST_STEP][PASSED] - if (i1 > -1): null

04-12-2024T07:29:03 - [TEST_STEP][PASSED] - x = x.substring(i1, x.length()): null

04-12-2024T07:29:03 - [TEST_STEP][PASSED] - i1 = x.indexOf("/"): null

04-12-2024T07:29:03 - [TEST_STEP][PASSED] - if (i1 > -1): null

04-12-2024T07:29:03 - [TEST_STEP][PASSED] - x = x.substring(0, i1): null

04-12-2024T07:29:03 - [TEST_STEP][FAILED] - return x: null

04-12-2024T07:29:03 - [TEST_STEP][FAILED] - if (verifyEqual(PercPlanR, PercPlanB) == false): null

04-12-2024T07:29:03 - [MESSAGE][FAILED] - Unable to verify equal between actual object 'нет данных' and expected object '10.63' (Root cause: com.kms.katalon.core.exception.StepFailedException: Actual object 'нет данных' and expected object '10.63' are not equal
	at com.kms.katalon.core.keyword.builtin.VerifyEqualKeyword$_verifyEqual_closure1.doCall(VerifyEqualKeyword.groovy:58)
	at com.kms.katalon.core.keyword.builtin.VerifyEqualKeyword$_verifyEqual_closure1.call(VerifyEqualKeyword.groovy)
	at com.kms.katalon.core.keyword.internal.KeywordMain.runKeyword(KeywordMain.groovy:75)
	at com.kms.katalon.core.keyword.builtin.VerifyEqualKeyword.verifyEqual(VerifyEqualKeyword.groovy:63)
	at com.kms.katalon.core.keyword.builtin.VerifyEqualKeyword.execute(VerifyEqualKeyword.groovy:44)
	at com.kms.katalon.core.keyword.internal.KeywordExecutor.executeKeywordForPlatform(KeywordExecutor.groovy:74)
	at com.kms.katalon.core.keyword.BuiltinKeywords.verifyEqual(BuiltinKeywords.groovy:146)
	at jdk.internal.reflect.GeneratedMethodAccessor25.invoke(Unknown Source)
	at java.base/jdk.internal.reflect.DelegatingMethodAccessorImpl.invoke(DelegatingMethodAccessorImpl.java:43)
	at Выполнение бизнес-плана сверка дашбордов.CompareDZOData(Выполнение бизнес-плана сверка дашбордов:682)
	at Выполнение бизнес-плана сверка дашбордов.run(Выполнение бизнес-плана сверка дашбордов:608)
	at com.kms.katalon.core.main.ScriptEngine.run(ScriptEngine.java:194)
	at com.kms.katalon.core.main.ScriptEngine.runScriptAsRawText(ScriptEngine.java:119)
	at com.kms.katalon.core.main.TestCaseExecutor.runScript(TestCaseExecutor.java:448)
	at com.kms.katalon.core.main.TestCaseExecutor.doExecute(TestCaseExecutor.java:439)
	at com.kms.katalon.core.main.TestCaseExecutor.processExecutionPhase(TestCaseExecutor.java:418)
	at com.kms.katalon.core.main.TestCaseExecutor.accessMainPhase(TestCaseExecutor.java:410)
	at com.kms.katalon.core.main.TestCaseExecutor.execute(TestCaseExecutor.java:285)
	at com.kms.katalon.core.common.CommonExecutor.accessTestCaseMainPhase(CommonExecutor.java:65)
	at com.kms.katalon.core.main.TestSuiteExecutor.accessTestSuiteMainPhase(TestSuiteExecutor.java:150)
	at com.kms.katalon.core.main.TestSuiteExecutor.execute(TestSuiteExecutor.java:106)
	at com.kms.katalon.core.main.TestCaseMain.startTestSuite(TestCaseMain.java:180)
	at TempTestSuite1733285972582.run(TempTestSuite1733285972582.groovy:35)
	at java.base/jdk.internal.reflect.NativeMethodAccessorImpl.invoke0(Native Method)
	at java.base/jdk.internal.reflect.NativeMethodAccessorImpl.invoke(NativeMethodAccessorImpl.java:77)
	at java.base/jdk.internal.reflect.DelegatingMethodAccessorImpl.invoke(DelegatingMethodAccessorImpl.java:43)
)

04-12-2024T07:29:03 - [TEST_STEP][PASSED] - result = WriteToExcel(typeOfData, todaysDate, PercPlanR, PercPlanB, PercFactR, PercFactB, x, tabR, tabB, o1R, o1B, vidget): null

04-12-2024T07:29:03 - [TEST_STEP][PASSED] - iii = dZO.indexOf("/"): null

04-12-2024T07:29:03 - [TEST_STEP][PASSED] - println(iii): null

04-12-2024T07:29:03 - [TEST_STEP][PASSED] - dZO = dZO.substring(0, iii): null

04-12-2024T07:29:03 - [TEST_STEP][PASSED] - println(dZO): null

04-12-2024T07:29:03 - [TEST_STEP][PASSED] - println(PercPlanR): null

04-12-2024T07:29:03 - [TEST_STEP][PASSED] - println(PercPlanB): null

04-12-2024T07:29:03 - [TEST_STEP][PASSED] - println(PercFactR): null

04-12-2024T07:29:03 - [TEST_STEP][PASSED] - println(PercFactB): null

04-12-2024T07:29:03 - [TEST_STEP][PASSED] - println(tabR): null

04-12-2024T07:29:03 - [TEST_STEP][PASSED] - println(tabB): null

04-12-2024T07:29:03 - [TEST_STEP][PASSED] - println(o1R): null

04-12-2024T07:29:03 - [TEST_STEP][PASSED] - println(o1B): null

04-12-2024T07:29:03 - [TEST_STEP][PASSED] - PR = <not implemented yet for class: org.codehaus.groovy.ast.expr.EmptyExpression>: null

04-12-2024T07:29:03 - [TEST_STEP][PASSED] - FR = <not implemented yet for class: org.codehaus.groovy.ast.expr.EmptyExpression>: null

04-12-2024T07:29:03 - [TEST_STEP][PASSED] - PB = <not implemented yet for class: org.codehaus.groovy.ast.expr.EmptyExpression>: null

04-12-2024T07:29:03 - [TEST_STEP][PASSED] - FB = <not implemented yet for class: org.codehaus.groovy.ast.expr.EmptyExpression>: null

04-12-2024T07:29:03 - [TEST_STEP][PASSED] - TR = <not implemented yet for class: org.codehaus.groovy.ast.expr.EmptyExpression>: null

04-12-2024T07:29:03 - [TEST_STEP][PASSED] - TB = <not implemented yet for class: org.codehaus.groovy.ast.expr.EmptyExpression>: null

04-12-2024T07:29:03 - [TEST_STEP][PASSED] - sheetName = "Sheet1": null

04-12-2024T07:29:03 - [TEST_STEP][PASSED] - data = findTestData("PlanFact"): null

04-12-2024T07:29:03 - [TEST_STEP][PASSED] - n = data.getRowNumbers() + 1: null

04-12-2024T07:29:03 - [TEST_STEP][PASSED] - year = todaysDate.substring(todaysDate.length() - 4, todaysDate.length()): null

04-12-2024T07:29:03 - [TEST_STEP][PASSED] - y = year.toInteger(): null

04-12-2024T07:29:03 - [TEST_STEP][PASSED] - m = getText(findTestObject("Выполнение бизнес-плана/Выполнение бизнес-плана Балансы/Фильтр Дата")): Text of object 'Object Repository/Выполнение бизнес-плана/Выполнение бизнес-плана Балансы/Фильтр Дата' is: '1, 2, 3 кв., Октябрь 2024 года'

04-12-2024T07:29:03 - [MESSAGE][PASSED] - Text of object 'Object Repository/Выполнение бизнес-плана/Выполнение бизнес-плана Балансы/Фильтр Дата' is: '1, 2, 3 кв., Октябрь 2024 года'

04-12-2024T07:29:03 - [TEST_STEP][PASSED] - m = m.substring(0, m.indexOf("2024")): null

04-12-2024T07:29:03 - [TEST_STEP][PASSED] - m = m.trim(): null

04-12-2024T07:29:03 - [TEST_STEP][PASSED] - dashboardName = "Выполнение бизнес-плана": null

04-12-2024T07:29:03 - [TEST_STEP][PASSED] - workbook01 = getWorkbook(excelFilePath): null

04-12-2024T07:29:03 - [TEST_STEP][PASSED] - sheet01 = getExcelSheet(workbook01, sheetName): null

04-12-2024T07:29:03 - [TEST_STEP][PASSED] - setValueToCellByIndex(sheet01, n, 0, dashboardName): null

04-12-2024T07:29:03 - [TEST_STEP][PASSED] - setValueToCellByIndex(sheet01, n, 1, dZO): null

04-12-2024T07:29:03 - [TEST_STEP][PASSED] - setValueToCellByIndex(sheet01, n, 2, typeOfData): null

04-12-2024T07:29:03 - [TEST_STEP][PASSED] - setValueToCellByIndex(sheet01, n, 3, typeOfData): null

04-12-2024T07:29:03 - [TEST_STEP][PASSED] - if (typeOfData == "План"): null

04-12-2024T07:29:03 - [TEST_STEP][PASSED] - if (PercPlanR == null): null

04-12-2024T07:29:03 - [TEST_STEP][PASSED] - else: null

04-12-2024T07:29:03 - [TEST_STEP][PASSED] - if (PercPlanR == "нет данных"): null

04-12-2024T07:29:03 - [TEST_STEP][PASSED] - setValueToCellByIndex(sheet01, n, 4, "нет данных"): null

04-12-2024T07:29:03 - [TEST_STEP][PASSED] - if (PercPlanB == null): null

04-12-2024T07:29:03 - [TEST_STEP][PASSED] - else: null

04-12-2024T07:29:03 - [TEST_STEP][PASSED] - if (PercPlanB == "нет данных"): null

04-12-2024T07:29:03 - [TEST_STEP][PASSED] - else: null

04-12-2024T07:29:03 - [TEST_STEP][PASSED] - PB = PercPlanB.toDouble(): null

04-12-2024T07:29:03 - [TEST_STEP][PASSED] - setValueToCellByIndex(sheet01, n, 5, PB): null

04-12-2024T07:29:03 - [TEST_STEP][PASSED] - setValueToCellByIndex(sheet01, n, 6, m): null

04-12-2024T07:29:03 - [TEST_STEP][PASSED] - setValueToCellByIndex(sheet01, n, 7, y): null

04-12-2024T07:29:03 - [TEST_STEP][PASSED] - setValueToCellByIndex(sheet01, n, 8, todaysDate): null

04-12-2024T07:29:03 - [TEST_STEP][PASSED] - n = n + 1: null

04-12-2024T07:29:03 - [TEST_STEP][PASSED] - saveWorkbook(excelFilePath, workbook01): null

04-12-2024T07:29:03 - [TEST_STEP][PASSED] - typeOfData = "Факт": null

04-12-2024T07:29:03 - [TEST_STEP][PASSED] - PercFactR = GetPercFactR(x = a): null

04-12-2024T07:29:03 - [TEST_STEP][PASSED] - i1 = <not implemented yet for class: org.codehaus.groovy.ast.expr.EmptyExpression>: null

04-12-2024T07:29:03 - [TEST_STEP][PASSED] - ii = <not implemented yet for class: org.codehaus.groovy.ast.expr.EmptyExpression>: null

04-12-2024T07:29:03 - [TEST_STEP][PASSED] - for ([ii = 1, ii < 3, (ii++)]): null

04-12-2024T07:29:03 - [TEST_STEP][PASSED] - i1 = x.indexOf("/") + 1: null

04-12-2024T07:29:03 - [TEST_STEP][PASSED] - if (i1 > -1): null

04-12-2024T07:29:03 - [TEST_STEP][PASSED] - x = x.substring(i1, x.length()): null

04-12-2024T07:29:03 - [TEST_STEP][PASSED] - println(x): null

04-12-2024T07:29:03 - [TEST_STEP][PASSED] - i1 = x.indexOf("/") + 1: null

04-12-2024T07:29:03 - [TEST_STEP][PASSED] - if (i1 > -1): null

04-12-2024T07:29:03 - [TEST_STEP][PASSED] - x = x.substring(i1, x.length()): null

04-12-2024T07:29:03 - [TEST_STEP][PASSED] - println(x): null

04-12-2024T07:29:03 - [TEST_STEP][PASSED] - i1 = x.indexOf("/"): null

04-12-2024T07:29:03 - [TEST_STEP][PASSED] - if (i1 > -1): null

04-12-2024T07:29:03 - [TEST_STEP][PASSED] - x = x.substring(0, i1): null

04-12-2024T07:29:03 - [TEST_STEP][PASSED] - println(x): null

04-12-2024T07:29:03 - [TEST_STEP][PASSED] - return x: null

04-12-2024T07:29:03 - [TEST_STEP][PASSED] - PercFactB = GetPercFactB(x = b): null

04-12-2024T07:29:03 - [TEST_STEP][PASSED] - i1 = <not implemented yet for class: org.codehaus.groovy.ast.expr.EmptyExpression>: null

04-12-2024T07:29:03 - [TEST_STEP][PASSED] - ii = <not implemented yet for class: org.codehaus.groovy.ast.expr.EmptyExpression>: null

04-12-2024T07:29:03 - [TEST_STEP][PASSED] - for ([ii = 1, ii < 3, (ii++)]): null

04-12-2024T07:29:03 - [TEST_STEP][PASSED] - i1 = x.indexOf("/") + 1: null

04-12-2024T07:29:03 - [TEST_STEP][PASSED] - if (i1 > -1): null

04-12-2024T07:29:03 - [TEST_STEP][PASSED] - x = x.substring(i1, x.length()): null

04-12-2024T07:29:03 - [TEST_STEP][PASSED] - println(x): null

04-12-2024T07:29:03 - [TEST_STEP][PASSED] - i1 = x.indexOf("/") + 1: null

04-12-2024T07:29:03 - [TEST_STEP][PASSED] - if (i1 > -1): null

04-12-2024T07:29:03 - [TEST_STEP][PASSED] - x = x.substring(i1, x.length()): null

04-12-2024T07:29:03 - [TEST_STEP][PASSED] - println(x): null

04-12-2024T07:29:03 - [TEST_STEP][PASSED] - i1 = x.indexOf("/"): null

04-12-2024T07:29:03 - [TEST_STEP][PASSED] - if (i1 > -1): null

04-12-2024T07:29:03 - [TEST_STEP][PASSED] - x = x.substring(0, i1): null

04-12-2024T07:29:03 - [TEST_STEP][PASSED] - println(x): null

04-12-2024T07:29:03 - [TEST_STEP][FAILED] - return x: null

04-12-2024T07:29:03 - [TEST_STEP][FAILED] - if (verifyEqual(PercFactR, PercFactB) == false): null

04-12-2024T07:29:03 - [MESSAGE][FAILED] - Unable to verify equal between actual object 'нет данных' and expected object '10.72' (Root cause: com.kms.katalon.core.exception.StepFailedException: Actual object 'нет данных' and expected object '10.72' are not equal
	at com.kms.katalon.core.keyword.builtin.VerifyEqualKeyword$_verifyEqual_closure1.doCall(VerifyEqualKeyword.groovy:58)
	at com.kms.katalon.core.keyword.builtin.VerifyEqualKeyword$_verifyEqual_closure1.call(VerifyEqualKeyword.groovy)
	at com.kms.katalon.core.keyword.internal.KeywordMain.runKeyword(KeywordMain.groovy:75)
	at com.kms.katalon.core.keyword.builtin.VerifyEqualKeyword.verifyEqual(VerifyEqualKeyword.groovy:63)
	at com.kms.katalon.core.keyword.builtin.VerifyEqualKeyword.execute(VerifyEqualKeyword.groovy:44)
	at com.kms.katalon.core.keyword.internal.KeywordExecutor.executeKeywordForPlatform(KeywordExecutor.groovy:74)
	at com.kms.katalon.core.keyword.BuiltinKeywords.verifyEqual(BuiltinKeywords.groovy:146)
	at jdk.internal.reflect.GeneratedMethodAccessor25.invoke(Unknown Source)
	at java.base/jdk.internal.reflect.DelegatingMethodAccessorImpl.invoke(DelegatingMethodAccessorImpl.java:43)
	at Выполнение бизнес-плана сверка дашбордов.CompareDZOData(Выполнение бизнес-плана сверка дашбордов:693)
	at Выполнение бизнес-плана сверка дашбордов.run(Выполнение бизнес-плана сверка дашбордов:608)
	at com.kms.katalon.core.main.ScriptEngine.run(ScriptEngine.java:194)
	at com.kms.katalon.core.main.ScriptEngine.runScriptAsRawText(ScriptEngine.java:119)
	at com.kms.katalon.core.main.TestCaseExecutor.runScript(TestCaseExecutor.java:448)
	at com.kms.katalon.core.main.TestCaseExecutor.doExecute(TestCaseExecutor.java:439)
	at com.kms.katalon.core.main.TestCaseExecutor.processExecutionPhase(TestCaseExecutor.java:418)
	at com.kms.katalon.core.main.TestCaseExecutor.accessMainPhase(TestCaseExecutor.java:410)
	at com.kms.katalon.core.main.TestCaseExecutor.execute(TestCaseExecutor.java:285)
	at com.kms.katalon.core.common.CommonExecutor.accessTestCaseMainPhase(CommonExecutor.java:65)
	at com.kms.katalon.core.main.TestSuiteExecutor.accessTestSuiteMainPhase(TestSuiteExecutor.java:150)
	at com.kms.katalon.core.main.TestSuiteExecutor.execute(TestSuiteExecutor.java:106)
	at com.kms.katalon.core.main.TestCaseMain.startTestSuite(TestCaseMain.java:180)
	at TempTestSuite1733285972582.run(TempTestSuite1733285972582.groovy:35)
	at java.base/jdk.internal.reflect.NativeMethodAccessorImpl.invoke0(Native Method)
	at java.base/jdk.internal.reflect.NativeMethodAccessorImpl.invoke(NativeMethodAccessorImpl.java:77)
	at java.base/jdk.internal.reflect.DelegatingMethodAccessorImpl.invoke(DelegatingMethodAccessorImpl.java:43)
)

04-12-2024T07:29:03 - [TEST_STEP][PASSED] - result = WriteToExcel(typeOfData, todaysDate, PercPlanR, PercPlanB, PercFactR, PercFactB, x, tabR, tabB, o1R, o1B, vidget): null

04-12-2024T07:29:03 - [TEST_STEP][PASSED] - iii = dZO.indexOf("/"): null

04-12-2024T07:29:03 - [TEST_STEP][PASSED] - println(iii): null

04-12-2024T07:29:03 - [TEST_STEP][PASSED] - dZO = dZO.substring(0, iii): null

04-12-2024T07:29:03 - [TEST_STEP][PASSED] - println(dZO): null

04-12-2024T07:29:03 - [TEST_STEP][PASSED] - println(PercPlanR): null

04-12-2024T07:29:03 - [TEST_STEP][PASSED] - println(PercPlanB): null

04-12-2024T07:29:03 - [TEST_STEP][PASSED] - println(PercFactR): null

04-12-2024T07:29:03 - [TEST_STEP][PASSED] - println(PercFactB): null

04-12-2024T07:29:03 - [TEST_STEP][PASSED] - println(tabR): null

04-12-2024T07:29:03 - [TEST_STEP][PASSED] - println(tabB): null

04-12-2024T07:29:03 - [TEST_STEP][PASSED] - println(o1R): null

04-12-2024T07:29:03 - [TEST_STEP][PASSED] - println(o1B): null

04-12-2024T07:29:03 - [TEST_STEP][PASSED] - PR = <not implemented yet for class: org.codehaus.groovy.ast.expr.EmptyExpression>: null

04-12-2024T07:29:03 - [TEST_STEP][PASSED] - FR = <not implemented yet for class: org.codehaus.groovy.ast.expr.EmptyExpression>: null

04-12-2024T07:29:03 - [TEST_STEP][PASSED] - PB = <not implemented yet for class: org.codehaus.groovy.ast.expr.EmptyExpression>: null

04-12-2024T07:29:03 - [TEST_STEP][PASSED] - FB = <not implemented yet for class: org.codehaus.groovy.ast.expr.EmptyExpression>: null

04-12-2024T07:29:04 - [TEST_STEP][PASSED] - TR = <not implemented yet for class: org.codehaus.groovy.ast.expr.EmptyExpression>: null

04-12-2024T07:29:04 - [TEST_STEP][PASSED] - TB = <not implemented yet for class: org.codehaus.groovy.ast.expr.EmptyExpression>: null

04-12-2024T07:29:04 - [TEST_STEP][PASSED] - sheetName = "Sheet1": null

04-12-2024T07:29:04 - [TEST_STEP][PASSED] - data = findTestData("PlanFact"): null

04-12-2024T07:29:04 - [TEST_STEP][PASSED] - n = data.getRowNumbers() + 1: null

04-12-2024T07:29:04 - [TEST_STEP][PASSED] - year = todaysDate.substring(todaysDate.length() - 4, todaysDate.length()): null

04-12-2024T07:29:04 - [TEST_STEP][PASSED] - y = year.toInteger(): null

04-12-2024T07:29:04 - [TEST_STEP][PASSED] - m = getText(findTestObject("Выполнение бизнес-плана/Выполнение бизнес-плана Балансы/Фильтр Дата")): Text of object 'Object Repository/Выполнение бизнес-плана/Выполнение бизнес-плана Балансы/Фильтр Дата' is: '1, 2, 3 кв., Октябрь 2024 года'

04-12-2024T07:29:04 - [MESSAGE][PASSED] - Text of object 'Object Repository/Выполнение бизнес-плана/Выполнение бизнес-плана Балансы/Фильтр Дата' is: '1, 2, 3 кв., Октябрь 2024 года'

04-12-2024T07:29:04 - [TEST_STEP][PASSED] - m = m.substring(0, m.indexOf("2024")): null

04-12-2024T07:29:04 - [TEST_STEP][PASSED] - m = m.trim(): null

04-12-2024T07:29:04 - [TEST_STEP][PASSED] - dashboardName = "Выполнение бизнес-плана": null

04-12-2024T07:29:04 - [TEST_STEP][PASSED] - workbook01 = getWorkbook(excelFilePath): null

04-12-2024T07:29:04 - [TEST_STEP][PASSED] - sheet01 = getExcelSheet(workbook01, sheetName): null

04-12-2024T07:29:04 - [TEST_STEP][PASSED] - setValueToCellByIndex(sheet01, n, 0, dashboardName): null

04-12-2024T07:29:04 - [TEST_STEP][PASSED] - setValueToCellByIndex(sheet01, n, 1, dZO): null

04-12-2024T07:29:04 - [TEST_STEP][PASSED] - setValueToCellByIndex(sheet01, n, 2, typeOfData): null

04-12-2024T07:29:04 - [TEST_STEP][PASSED] - setValueToCellByIndex(sheet01, n, 3, typeOfData): null

04-12-2024T07:29:04 - [TEST_STEP][PASSED] - if (typeOfData == "План"): null

04-12-2024T07:29:04 - [TEST_STEP][PASSED] - else if (typeOfData == "Факт"): null

04-12-2024T07:29:04 - [TEST_STEP][PASSED] - if (PercFactR == null): null

04-12-2024T07:29:04 - [TEST_STEP][PASSED] - else: null

04-12-2024T07:29:04 - [TEST_STEP][PASSED] - if (PercFactR == "нет данных"): null

04-12-2024T07:29:04 - [TEST_STEP][PASSED] - setValueToCellByIndex(sheet01, n, 4, "нет данных"): null

04-12-2024T07:29:04 - [TEST_STEP][PASSED] - if (PercFactB == null): null

04-12-2024T07:29:04 - [TEST_STEP][PASSED] - else: null

04-12-2024T07:29:04 - [TEST_STEP][PASSED] - if (PercFactB == "нет данных"): null

04-12-2024T07:29:04 - [TEST_STEP][PASSED] - else: null

04-12-2024T07:29:04 - [TEST_STEP][PASSED] - FB = PercFactB.toDouble(): null

04-12-2024T07:29:04 - [TEST_STEP][PASSED] - setValueToCellByIndex(sheet01, n, 5, FB): null

04-12-2024T07:29:04 - [TEST_STEP][PASSED] - setValueToCellByIndex(sheet01, n, 6, m): null

04-12-2024T07:29:04 - [TEST_STEP][PASSED] - setValueToCellByIndex(sheet01, n, 7, y): null

04-12-2024T07:29:04 - [TEST_STEP][PASSED] - setValueToCellByIndex(sheet01, n, 8, todaysDate): null

04-12-2024T07:29:04 - [TEST_STEP][PASSED] - n = n + 1: null

04-12-2024T07:29:04 - [TEST_STEP][PASSED] - saveWorkbook(excelFilePath, workbook01): null

04-12-2024T07:29:04 - [TEST_STEP][PASSED] - vidget = "Показатели баланса электроэнергии по ДЗО – Факт": null

04-12-2024T07:29:04 - [TEST_STEP][PASSED] - typeOfData = "Факт Отпуск в сеть": null

04-12-2024T07:29:04 - [TEST_STEP][PASSED] - tabR = GetOvSFactR(x = a): null

04-12-2024T07:29:04 - [TEST_STEP][PASSED] - i1 = <not implemented yet for class: org.codehaus.groovy.ast.expr.EmptyExpression>: null

04-12-2024T07:29:04 - [TEST_STEP][PASSED] - ii = <not implemented yet for class: org.codehaus.groovy.ast.expr.EmptyExpression>: null

04-12-2024T07:29:04 - [TEST_STEP][PASSED] - for ([ii = 1, ii < 4, (ii++)]): null

04-12-2024T07:29:04 - [TEST_STEP][PASSED] - i1 = x.indexOf("/") + 1: null

04-12-2024T07:29:04 - [TEST_STEP][PASSED] - if (i1 > -1): null

04-12-2024T07:29:04 - [TEST_STEP][PASSED] - x = x.substring(i1, x.length()): null

04-12-2024T07:29:04 - [TEST_STEP][PASSED] - println(x): null

04-12-2024T07:29:04 - [TEST_STEP][PASSED] - i1 = x.indexOf("/") + 1: null

04-12-2024T07:29:04 - [TEST_STEP][PASSED] - if (i1 > -1): null

04-12-2024T07:29:04 - [TEST_STEP][PASSED] - x = x.substring(i1, x.length()): null

04-12-2024T07:29:04 - [TEST_STEP][PASSED] - println(x): null

04-12-2024T07:29:04 - [TEST_STEP][PASSED] - i1 = x.indexOf("/") + 1: null

04-12-2024T07:29:04 - [TEST_STEP][PASSED] - if (i1 > -1): null

04-12-2024T07:29:04 - [TEST_STEP][PASSED] - x = x.substring(i1, x.length()): null

04-12-2024T07:29:04 - [TEST_STEP][PASSED] - println(x): null

04-12-2024T07:29:04 - [TEST_STEP][PASSED] - i1 = x.indexOf("/"): null

04-12-2024T07:29:04 - [TEST_STEP][PASSED] - if (i1 > -1): null

04-12-2024T07:29:04 - [TEST_STEP][PASSED] - x = x.substring(0, i1): null

04-12-2024T07:29:04 - [TEST_STEP][PASSED] - println(x): null

04-12-2024T07:29:04 - [TEST_STEP][PASSED] - return x: null

04-12-2024T07:29:04 - [TEST_STEP][PASSED] - tabB = GetOvSFactB(x = b): null

04-12-2024T07:29:04 - [TEST_STEP][PASSED] - i1 = <not implemented yet for class: org.codehaus.groovy.ast.expr.EmptyExpression>: null

04-12-2024T07:29:04 - [TEST_STEP][PASSED] - ii = <not implemented yet for class: org.codehaus.groovy.ast.expr.EmptyExpression>: null

04-12-2024T07:29:04 - [TEST_STEP][PASSED] - for ([ii = 1, ii < 4, (ii++)]): null

04-12-2024T07:29:04 - [TEST_STEP][PASSED] - i1 = x.indexOf("/") + 1: null

04-12-2024T07:29:04 - [TEST_STEP][PASSED] - if (i1 > -1): null

04-12-2024T07:29:04 - [TEST_STEP][PASSED] - x = x.substring(i1, x.length()): null

04-12-2024T07:29:04 - [TEST_STEP][PASSED] - println(x): null

04-12-2024T07:29:04 - [TEST_STEP][PASSED] - i1 = x.indexOf("/") + 1: null

04-12-2024T07:29:04 - [TEST_STEP][PASSED] - if (i1 > -1): null

04-12-2024T07:29:04 - [TEST_STEP][PASSED] - x = x.substring(i1, x.length()): null

04-12-2024T07:29:04 - [TEST_STEP][PASSED] - println(x): null

04-12-2024T07:29:04 - [TEST_STEP][PASSED] - i1 = x.indexOf("/") + 1: null

04-12-2024T07:29:04 - [TEST_STEP][PASSED] - if (i1 > -1): null

04-12-2024T07:29:04 - [TEST_STEP][PASSED] - x = x.substring(i1, x.length()): null

04-12-2024T07:29:04 - [TEST_STEP][PASSED] - println(x): null

04-12-2024T07:29:04 - [TEST_STEP][PASSED] - i1 = x.indexOf("/"): null

04-12-2024T07:29:04 - [TEST_STEP][PASSED] - if (i1 > -1): null

04-12-2024T07:29:04 - [TEST_STEP][PASSED] - x = x.substring(0, i1): null

04-12-2024T07:29:04 - [TEST_STEP][PASSED] - println(x): null

04-12-2024T07:29:04 - [TEST_STEP][FAILED] - return x: null

04-12-2024T07:29:04 - [TEST_STEP][FAILED] - if (verifyEqual(tabR, tabB) == false): null

04-12-2024T07:29:04 - [MESSAGE][FAILED] - Unable to verify equal between actual object 'нет данных' and expected object '31469202' (Root cause: com.kms.katalon.core.exception.StepFailedException: Actual object 'нет данных' and expected object '31469202' are not equal
	at com.kms.katalon.core.keyword.builtin.VerifyEqualKeyword$_verifyEqual_closure1.doCall(VerifyEqualKeyword.groovy:58)
	at com.kms.katalon.core.keyword.builtin.VerifyEqualKeyword$_verifyEqual_closure1.call(VerifyEqualKeyword.groovy)
	at com.kms.katalon.core.keyword.internal.KeywordMain.runKeyword(KeywordMain.groovy:75)
	at com.kms.katalon.core.keyword.builtin.VerifyEqualKeyword.verifyEqual(VerifyEqualKeyword.groovy:63)
	at com.kms.katalon.core.keyword.builtin.VerifyEqualKeyword.execute(VerifyEqualKeyword.groovy:44)
	at com.kms.katalon.core.keyword.internal.KeywordExecutor.executeKeywordForPlatform(KeywordExecutor.groovy:74)
	at com.kms.katalon.core.keyword.BuiltinKeywords.verifyEqual(BuiltinKeywords.groovy:146)
	at jdk.internal.reflect.GeneratedMethodAccessor25.invoke(Unknown Source)
	at java.base/jdk.internal.reflect.DelegatingMethodAccessorImpl.invoke(DelegatingMethodAccessorImpl.java:43)
	at Выполнение бизнес-плана сверка дашбордов.CompareDZOData(Выполнение бизнес-плана сверка дашбордов:706)
	at Выполнение бизнес-плана сверка дашбордов.run(Выполнение бизнес-плана сверка дашбордов:608)
	at com.kms.katalon.core.main.ScriptEngine.run(ScriptEngine.java:194)
	at com.kms.katalon.core.main.ScriptEngine.runScriptAsRawText(ScriptEngine.java:119)
	at com.kms.katalon.core.main.TestCaseExecutor.runScript(TestCaseExecutor.java:448)
	at com.kms.katalon.core.main.TestCaseExecutor.doExecute(TestCaseExecutor.java:439)
	at com.kms.katalon.core.main.TestCaseExecutor.processExecutionPhase(TestCaseExecutor.java:418)
	at com.kms.katalon.core.main.TestCaseExecutor.accessMainPhase(TestCaseExecutor.java:410)
	at com.kms.katalon.core.main.TestCaseExecutor.execute(TestCaseExecutor.java:285)
	at com.kms.katalon.core.common.CommonExecutor.accessTestCaseMainPhase(CommonExecutor.java:65)
	at com.kms.katalon.core.main.TestSuiteExecutor.accessTestSuiteMainPhase(TestSuiteExecutor.java:150)
	at com.kms.katalon.core.main.TestSuiteExecutor.execute(TestSuiteExecutor.java:106)
	at com.kms.katalon.core.main.TestCaseMain.startTestSuite(TestCaseMain.java:180)
	at TempTestSuite1733285972582.run(TempTestSuite1733285972582.groovy:35)
	at java.base/jdk.internal.reflect.NativeMethodAccessorImpl.invoke0(Native Method)
	at java.base/jdk.internal.reflect.NativeMethodAccessorImpl.invoke(NativeMethodAccessorImpl.java:77)
	at java.base/jdk.internal.reflect.DelegatingMethodAccessorImpl.invoke(DelegatingMethodAccessorImpl.java:43)
)

04-12-2024T07:29:04 - [TEST_STEP][PASSED] - result = WriteToExcel(typeOfData, todaysDate, PercPlanR, PercPlanB, PercFactR, PercFactB, x, tabR, tabB, o1R, o1B, vidget): null

04-12-2024T07:29:04 - [TEST_STEP][PASSED] - iii = dZO.indexOf("/"): null

04-12-2024T07:29:04 - [TEST_STEP][PASSED] - println(iii): null

04-12-2024T07:29:04 - [TEST_STEP][PASSED] - dZO = dZO.substring(0, iii): null

04-12-2024T07:29:04 - [TEST_STEP][PASSED] - println(dZO): null

04-12-2024T07:29:04 - [TEST_STEP][PASSED] - println(PercPlanR): null

04-12-2024T07:29:04 - [TEST_STEP][PASSED] - println(PercPlanB): null

04-12-2024T07:29:04 - [TEST_STEP][PASSED] - println(PercFactR): null

04-12-2024T07:29:04 - [TEST_STEP][PASSED] - println(PercFactB): null

04-12-2024T07:29:04 - [TEST_STEP][PASSED] - println(tabR): null

04-12-2024T07:29:04 - [TEST_STEP][PASSED] - println(tabB): null

04-12-2024T07:29:04 - [TEST_STEP][PASSED] - println(o1R): null

04-12-2024T07:29:04 - [TEST_STEP][PASSED] - println(o1B): null

04-12-2024T07:29:04 - [TEST_STEP][PASSED] - PR = <not implemented yet for class: org.codehaus.groovy.ast.expr.EmptyExpression>: null

04-12-2024T07:29:04 - [TEST_STEP][PASSED] - FR = <not implemented yet for class: org.codehaus.groovy.ast.expr.EmptyExpression>: null

04-12-2024T07:29:04 - [TEST_STEP][PASSED] - PB = <not implemented yet for class: org.codehaus.groovy.ast.expr.EmptyExpression>: null

04-12-2024T07:29:04 - [TEST_STEP][PASSED] - FB = <not implemented yet for class: org.codehaus.groovy.ast.expr.EmptyExpression>: null

04-12-2024T07:29:04 - [TEST_STEP][PASSED] - TR = <not implemented yet for class: org.codehaus.groovy.ast.expr.EmptyExpression>: null

04-12-2024T07:29:04 - [TEST_STEP][PASSED] - TB = <not implemented yet for class: org.codehaus.groovy.ast.expr.EmptyExpression>: null

04-12-2024T07:29:04 - [TEST_STEP][PASSED] - sheetName = "Sheet1": null

04-12-2024T07:29:04 - [TEST_STEP][PASSED] - data = findTestData("PlanFact"): null

04-12-2024T07:29:04 - [TEST_STEP][PASSED] - n = data.getRowNumbers() + 1: null

04-12-2024T07:29:04 - [TEST_STEP][PASSED] - year = todaysDate.substring(todaysDate.length() - 4, todaysDate.length()): null

04-12-2024T07:29:04 - [TEST_STEP][PASSED] - y = year.toInteger(): null

04-12-2024T07:29:04 - [TEST_STEP][PASSED] - m = getText(findTestObject("Выполнение бизнес-плана/Выполнение бизнес-плана Балансы/Фильтр Дата")): Text of object 'Object Repository/Выполнение бизнес-плана/Выполнение бизнес-плана Балансы/Фильтр Дата' is: '1, 2, 3 кв., Октябрь 2024 года'

04-12-2024T07:29:04 - [MESSAGE][PASSED] - Text of object 'Object Repository/Выполнение бизнес-плана/Выполнение бизнес-плана Балансы/Фильтр Дата' is: '1, 2, 3 кв., Октябрь 2024 года'

04-12-2024T07:29:04 - [TEST_STEP][PASSED] - m = m.substring(0, m.indexOf("2024")): null

04-12-2024T07:29:04 - [TEST_STEP][PASSED] - m = m.trim(): null

04-12-2024T07:29:04 - [TEST_STEP][PASSED] - dashboardName = "Выполнение бизнес-плана": null

04-12-2024T07:29:04 - [TEST_STEP][PASSED] - workbook01 = getWorkbook(excelFilePath): null

04-12-2024T07:29:05 - [TEST_STEP][PASSED] - sheet01 = getExcelSheet(workbook01, sheetName): null

04-12-2024T07:29:05 - [TEST_STEP][PASSED] - setValueToCellByIndex(sheet01, n, 0, dashboardName): null

04-12-2024T07:29:05 - [TEST_STEP][PASSED] - setValueToCellByIndex(sheet01, n, 1, dZO): null

04-12-2024T07:29:05 - [TEST_STEP][PASSED] - setValueToCellByIndex(sheet01, n, 2, typeOfData): null

04-12-2024T07:29:05 - [TEST_STEP][PASSED] - setValueToCellByIndex(sheet01, n, 3, typeOfData): null

04-12-2024T07:29:05 - [TEST_STEP][PASSED] - if (typeOfData == "План"): null

04-12-2024T07:29:05 - [TEST_STEP][PASSED] - else if (typeOfData == "Факт"): null

04-12-2024T07:29:05 - [TEST_STEP][PASSED] - else if (vidget.contains("электроэнергии") == true): null

04-12-2024T07:29:05 - [TEST_STEP][PASSED] - if (tabR == null): null

04-12-2024T07:29:05 - [TEST_STEP][PASSED] - else: null

04-12-2024T07:29:05 - [TEST_STEP][PASSED] - if (tabR == "нет данных"): null

04-12-2024T07:29:05 - [TEST_STEP][PASSED] - setValueToCellByIndex(sheet01, n, 4, "нет данных"): null

04-12-2024T07:29:05 - [TEST_STEP][PASSED] - if (tabB == null): null

04-12-2024T07:29:05 - [TEST_STEP][PASSED] - else: null

04-12-2024T07:29:05 - [TEST_STEP][PASSED] - if (tabB == "нет данных"): null

04-12-2024T07:29:05 - [TEST_STEP][PASSED] - else: null

04-12-2024T07:29:05 - [TEST_STEP][PASSED] - TB = tabB.toInteger(): null

04-12-2024T07:29:05 - [TEST_STEP][PASSED] - setValueToCellByIndex(sheet01, n, 5, TB): null

04-12-2024T07:29:05 - [TEST_STEP][PASSED] - setValueToCellByIndex(sheet01, n, 6, m): null

04-12-2024T07:29:05 - [TEST_STEP][PASSED] - setValueToCellByIndex(sheet01, n, 7, y): null

04-12-2024T07:29:05 - [TEST_STEP][PASSED] - setValueToCellByIndex(sheet01, n, 8, todaysDate): null

04-12-2024T07:29:05 - [TEST_STEP][PASSED] - n = n + 1: null

04-12-2024T07:29:05 - [TEST_STEP][PASSED] - saveWorkbook(excelFilePath, workbook01): null

04-12-2024T07:29:05 - [TEST_STEP][PASSED] - typeOfData = "Факт Отпуск из сети": null

04-12-2024T07:29:05 - [TEST_STEP][PASSED] - tabR = GetOiSFactR(x = a): null

04-12-2024T07:29:05 - [TEST_STEP][PASSED] - i1 = <not implemented yet for class: org.codehaus.groovy.ast.expr.EmptyExpression>: null

04-12-2024T07:29:05 - [TEST_STEP][PASSED] - ii = <not implemented yet for class: org.codehaus.groovy.ast.expr.EmptyExpression>: null

04-12-2024T07:29:05 - [TEST_STEP][PASSED] - for ([ii = 1, ii < 5, (ii++)]): null

04-12-2024T07:29:05 - [TEST_STEP][PASSED] - i1 = x.indexOf("/") + 1: null

04-12-2024T07:29:05 - [TEST_STEP][PASSED] - if (i1 > -1): null

04-12-2024T07:29:05 - [TEST_STEP][PASSED] - x = x.substring(i1, x.length()): null

04-12-2024T07:29:05 - [TEST_STEP][PASSED] - println(x): null

04-12-2024T07:29:05 - [TEST_STEP][PASSED] - i1 = x.indexOf("/") + 1: null

04-12-2024T07:29:05 - [TEST_STEP][PASSED] - if (i1 > -1): null

04-12-2024T07:29:05 - [TEST_STEP][PASSED] - x = x.substring(i1, x.length()): null

04-12-2024T07:29:05 - [TEST_STEP][PASSED] - println(x): null

04-12-2024T07:29:05 - [TEST_STEP][PASSED] - i1 = x.indexOf("/") + 1: null

04-12-2024T07:29:05 - [TEST_STEP][PASSED] - if (i1 > -1): null

04-12-2024T07:29:05 - [TEST_STEP][PASSED] - x = x.substring(i1, x.length()): null

04-12-2024T07:29:05 - [TEST_STEP][PASSED] - println(x): null

04-12-2024T07:29:05 - [TEST_STEP][PASSED] - i1 = x.indexOf("/") + 1: null

04-12-2024T07:29:05 - [TEST_STEP][PASSED] - if (i1 > -1): null

04-12-2024T07:29:05 - [TEST_STEP][PASSED] - x = x.substring(i1, x.length()): null

04-12-2024T07:29:05 - [TEST_STEP][PASSED] - println(x): null

04-12-2024T07:29:05 - [TEST_STEP][PASSED] - i1 = x.indexOf("/"): null

04-12-2024T07:29:05 - [TEST_STEP][PASSED] - if (i1 > -1): null

04-12-2024T07:29:05 - [TEST_STEP][PASSED] - x = x.substring(0, i1): null

04-12-2024T07:29:05 - [TEST_STEP][PASSED] - println(x): null

04-12-2024T07:29:05 - [TEST_STEP][PASSED] - return x: null

04-12-2024T07:29:05 - [TEST_STEP][PASSED] - tabB = GetOiSFactB(x = b): null

04-12-2024T07:29:05 - [TEST_STEP][PASSED] - i1 = <not implemented yet for class: org.codehaus.groovy.ast.expr.EmptyExpression>: null

04-12-2024T07:29:05 - [TEST_STEP][PASSED] - ii = <not implemented yet for class: org.codehaus.groovy.ast.expr.EmptyExpression>: null

04-12-2024T07:29:05 - [TEST_STEP][PASSED] - for ([ii = 1, ii < 5, (ii++)]): null

04-12-2024T07:29:05 - [TEST_STEP][PASSED] - i1 = x.indexOf("/") + 1: null

04-12-2024T07:29:05 - [TEST_STEP][PASSED] - if (i1 > -1): null

04-12-2024T07:29:05 - [TEST_STEP][PASSED] - x = x.substring(i1, x.length()): null

04-12-2024T07:29:05 - [TEST_STEP][PASSED] - println(x): null

04-12-2024T07:29:05 - [TEST_STEP][PASSED] - i1 = x.indexOf("/") + 1: null

04-12-2024T07:29:05 - [TEST_STEP][PASSED] - if (i1 > -1): null

04-12-2024T07:29:05 - [TEST_STEP][PASSED] - x = x.substring(i1, x.length()): null

04-12-2024T07:29:05 - [TEST_STEP][PASSED] - println(x): null

04-12-2024T07:29:05 - [TEST_STEP][PASSED] - i1 = x.indexOf("/") + 1: null

04-12-2024T07:29:05 - [TEST_STEP][PASSED] - if (i1 > -1): null

04-12-2024T07:29:05 - [TEST_STEP][PASSED] - x = x.substring(i1, x.length()): null

04-12-2024T07:29:05 - [TEST_STEP][PASSED] - println(x): null

04-12-2024T07:29:05 - [TEST_STEP][PASSED] - i1 = x.indexOf("/") + 1: null

04-12-2024T07:29:05 - [TEST_STEP][PASSED] - if (i1 > -1): null

04-12-2024T07:29:05 - [TEST_STEP][PASSED] - x = x.substring(i1, x.length()): null

04-12-2024T07:29:05 - [TEST_STEP][PASSED] - println(x): null

04-12-2024T07:29:05 - [TEST_STEP][PASSED] - i1 = x.indexOf("/"): null

04-12-2024T07:29:05 - [TEST_STEP][PASSED] - if (i1 > -1): null

04-12-2024T07:29:05 - [TEST_STEP][PASSED] - x = x.substring(0, i1): null

04-12-2024T07:29:05 - [TEST_STEP][PASSED] - println(x): null

04-12-2024T07:29:05 - [TEST_STEP][FAILED] - return x: null

04-12-2024T07:29:05 - [TEST_STEP][FAILED] - if (verifyEqual(tabR, tabB) == false): null

04-12-2024T07:29:05 - [MESSAGE][FAILED] - Unable to verify equal between actual object 'нет данных' and expected object '28096239' (Root cause: com.kms.katalon.core.exception.StepFailedException: Actual object 'нет данных' and expected object '28096239' are not equal
	at com.kms.katalon.core.keyword.builtin.VerifyEqualKeyword$_verifyEqual_closure1.doCall(VerifyEqualKeyword.groovy:58)
	at com.kms.katalon.core.keyword.builtin.VerifyEqualKeyword$_verifyEqual_closure1.call(VerifyEqualKeyword.groovy)
	at com.kms.katalon.core.keyword.internal.KeywordMain.runKeyword(KeywordMain.groovy:75)
	at com.kms.katalon.core.keyword.builtin.VerifyEqualKeyword.verifyEqual(VerifyEqualKeyword.groovy:63)
	at com.kms.katalon.core.keyword.builtin.VerifyEqualKeyword.execute(VerifyEqualKeyword.groovy:44)
	at com.kms.katalon.core.keyword.internal.KeywordExecutor.executeKeywordForPlatform(KeywordExecutor.groovy:74)
	at com.kms.katalon.core.keyword.BuiltinKeywords.verifyEqual(BuiltinKeywords.groovy:146)
	at jdk.internal.reflect.GeneratedMethodAccessor25.invoke(Unknown Source)
	at java.base/jdk.internal.reflect.DelegatingMethodAccessorImpl.invoke(DelegatingMethodAccessorImpl.java:43)
	at Выполнение бизнес-плана сверка дашбордов.CompareDZOData(Выполнение бизнес-плана сверка дашбордов:717)
	at Выполнение бизнес-плана сверка дашбордов.run(Выполнение бизнес-плана сверка дашбордов:608)
	at com.kms.katalon.core.main.ScriptEngine.run(ScriptEngine.java:194)
	at com.kms.katalon.core.main.ScriptEngine.runScriptAsRawText(ScriptEngine.java:119)
	at com.kms.katalon.core.main.TestCaseExecutor.runScript(TestCaseExecutor.java:448)
	at com.kms.katalon.core.main.TestCaseExecutor.doExecute(TestCaseExecutor.java:439)
	at com.kms.katalon.core.main.TestCaseExecutor.processExecutionPhase(TestCaseExecutor.java:418)
	at com.kms.katalon.core.main.TestCaseExecutor.accessMainPhase(TestCaseExecutor.java:410)
	at com.kms.katalon.core.main.TestCaseExecutor.execute(TestCaseExecutor.java:285)
	at com.kms.katalon.core.common.CommonExecutor.accessTestCaseMainPhase(CommonExecutor.java:65)
	at com.kms.katalon.core.main.TestSuiteExecutor.accessTestSuiteMainPhase(TestSuiteExecutor.java:150)
	at com.kms.katalon.core.main.TestSuiteExecutor.execute(TestSuiteExecutor.java:106)
	at com.kms.katalon.core.main.TestCaseMain.startTestSuite(TestCaseMain.java:180)
	at TempTestSuite1733285972582.run(TempTestSuite1733285972582.groovy:35)
	at java.base/jdk.internal.reflect.NativeMethodAccessorImpl.invoke0(Native Method)
	at java.base/jdk.internal.reflect.NativeMethodAccessorImpl.invoke(NativeMethodAccessorImpl.java:77)
	at java.base/jdk.internal.reflect.DelegatingMethodAccessorImpl.invoke(DelegatingMethodAccessorImpl.java:43)
)

04-12-2024T07:29:05 - [TEST_STEP][PASSED] - result = WriteToExcel(typeOfData, todaysDate, PercPlanR, PercPlanB, PercFactR, PercFactB, x, tabR, tabB, o1R, o1B, vidget): null

04-12-2024T07:29:05 - [TEST_STEP][PASSED] - iii = dZO.indexOf("/"): null

04-12-2024T07:29:05 - [TEST_STEP][PASSED] - println(iii): null

04-12-2024T07:29:05 - [TEST_STEP][PASSED] - dZO = dZO.substring(0, iii): null

04-12-2024T07:29:05 - [TEST_STEP][PASSED] - println(dZO): null

04-12-2024T07:29:05 - [TEST_STEP][PASSED] - println(PercPlanR): null

04-12-2024T07:29:05 - [TEST_STEP][PASSED] - println(PercPlanB): null

04-12-2024T07:29:05 - [TEST_STEP][PASSED] - println(PercFactR): null

04-12-2024T07:29:05 - [TEST_STEP][PASSED] - println(PercFactB): null

04-12-2024T07:29:05 - [TEST_STEP][PASSED] - println(tabR): null

04-12-2024T07:29:05 - [TEST_STEP][PASSED] - println(tabB): null

04-12-2024T07:29:05 - [TEST_STEP][PASSED] - println(o1R): null

04-12-2024T07:29:05 - [TEST_STEP][PASSED] - println(o1B): null

04-12-2024T07:29:05 - [TEST_STEP][PASSED] - PR = <not implemented yet for class: org.codehaus.groovy.ast.expr.EmptyExpression>: null

04-12-2024T07:29:05 - [TEST_STEP][PASSED] - FR = <not implemented yet for class: org.codehaus.groovy.ast.expr.EmptyExpression>: null

04-12-2024T07:29:05 - [TEST_STEP][PASSED] - PB = <not implemented yet for class: org.codehaus.groovy.ast.expr.EmptyExpression>: null

04-12-2024T07:29:05 - [TEST_STEP][PASSED] - FB = <not implemented yet for class: org.codehaus.groovy.ast.expr.EmptyExpression>: null

04-12-2024T07:29:05 - [TEST_STEP][PASSED] - TR = <not implemented yet for class: org.codehaus.groovy.ast.expr.EmptyExpression>: null

04-12-2024T07:29:05 - [TEST_STEP][PASSED] - TB = <not implemented yet for class: org.codehaus.groovy.ast.expr.EmptyExpression>: null

04-12-2024T07:29:05 - [TEST_STEP][PASSED] - sheetName = "Sheet1": null

04-12-2024T07:29:05 - [TEST_STEP][PASSED] - data = findTestData("PlanFact"): null

04-12-2024T07:29:05 - [TEST_STEP][PASSED] - n = data.getRowNumbers() + 1: null

04-12-2024T07:29:05 - [TEST_STEP][PASSED] - year = todaysDate.substring(todaysDate.length() - 4, todaysDate.length()): null

04-12-2024T07:29:05 - [TEST_STEP][PASSED] - y = year.toInteger(): null

04-12-2024T07:29:05 - [TEST_STEP][PASSED] - m = getText(findTestObject("Выполнение бизнес-плана/Выполнение бизнес-плана Балансы/Фильтр Дата")): Text of object 'Object Repository/Выполнение бизнес-плана/Выполнение бизнес-плана Балансы/Фильтр Дата' is: '1, 2, 3 кв., Октябрь 2024 года'

04-12-2024T07:29:05 - [MESSAGE][PASSED] - Text of object 'Object Repository/Выполнение бизнес-плана/Выполнение бизнес-плана Балансы/Фильтр Дата' is: '1, 2, 3 кв., Октябрь 2024 года'

04-12-2024T07:29:05 - [TEST_STEP][PASSED] - m = m.substring(0, m.indexOf("2024")): null

04-12-2024T07:29:05 - [TEST_STEP][PASSED] - m = m.trim(): null

04-12-2024T07:29:05 - [TEST_STEP][PASSED] - dashboardName = "Выполнение бизнес-плана": null

04-12-2024T07:29:05 - [TEST_STEP][PASSED] - workbook01 = getWorkbook(excelFilePath): null

04-12-2024T07:29:05 - [TEST_STEP][PASSED] - sheet01 = getExcelSheet(workbook01, sheetName): null

04-12-2024T07:29:05 - [TEST_STEP][PASSED] - setValueToCellByIndex(sheet01, n, 0, dashboardName): null

04-12-2024T07:29:05 - [TEST_STEP][PASSED] - setValueToCellByIndex(sheet01, n, 1, dZO): null

04-12-2024T07:29:05 - [TEST_STEP][PASSED] - setValueToCellByIndex(sheet01, n, 2, typeOfData): null

04-12-2024T07:29:05 - [TEST_STEP][PASSED] - setValueToCellByIndex(sheet01, n, 3, typeOfData): null

04-12-2024T07:29:05 - [TEST_STEP][PASSED] - if (typeOfData == "План"): null

04-12-2024T07:29:05 - [TEST_STEP][PASSED] - else if (typeOfData == "Факт"): null

04-12-2024T07:29:05 - [TEST_STEP][PASSED] - else if (vidget.contains("электроэнергии") == true): null

04-12-2024T07:29:05 - [TEST_STEP][PASSED] - if (tabR == null): null

04-12-2024T07:29:05 - [TEST_STEP][PASSED] - else: null

04-12-2024T07:29:05 - [TEST_STEP][PASSED] - if (tabR == "нет данных"): null

04-12-2024T07:29:05 - [TEST_STEP][PASSED] - setValueToCellByIndex(sheet01, n, 4, "нет данных"): null

04-12-2024T07:29:05 - [TEST_STEP][PASSED] - if (tabB == null): null

04-12-2024T07:29:05 - [TEST_STEP][PASSED] - else: null

04-12-2024T07:29:05 - [TEST_STEP][PASSED] - if (tabB == "нет данных"): null

04-12-2024T07:29:05 - [TEST_STEP][PASSED] - else: null

04-12-2024T07:29:05 - [TEST_STEP][PASSED] - TB = tabB.toInteger(): null

04-12-2024T07:29:05 - [TEST_STEP][PASSED] - setValueToCellByIndex(sheet01, n, 5, TB): null

04-12-2024T07:29:05 - [TEST_STEP][PASSED] - setValueToCellByIndex(sheet01, n, 6, m): null

04-12-2024T07:29:05 - [TEST_STEP][PASSED] - setValueToCellByIndex(sheet01, n, 7, y): null

04-12-2024T07:29:05 - [TEST_STEP][PASSED] - setValueToCellByIndex(sheet01, n, 8, todaysDate): null

04-12-2024T07:29:05 - [TEST_STEP][PASSED] - n = n + 1: null

04-12-2024T07:29:05 - [TEST_STEP][PASSED] - saveWorkbook(excelFilePath, workbook01): null

04-12-2024T07:29:05 - [TEST_STEP][PASSED] - typeOfData = "Факт Потери": null

04-12-2024T07:29:05 - [TEST_STEP][PASSED] - tabR = GetPFactR(x = a): null

04-12-2024T07:29:05 - [TEST_STEP][PASSED] - i1 = <not implemented yet for class: org.codehaus.groovy.ast.expr.EmptyExpression>: null

04-12-2024T07:29:05 - [TEST_STEP][PASSED] - ii = <not implemented yet for class: org.codehaus.groovy.ast.expr.EmptyExpression>: null

04-12-2024T07:29:05 - [TEST_STEP][PASSED] - for ([ii = 1, ii < 6, (ii++)]): null

04-12-2024T07:29:05 - [TEST_STEP][PASSED] - i1 = x.indexOf("/") + 1: null

04-12-2024T07:29:05 - [TEST_STEP][PASSED] - if (i1 > -1): null

04-12-2024T07:29:05 - [TEST_STEP][PASSED] - x = x.substring(i1, x.length()): null

04-12-2024T07:29:05 - [TEST_STEP][PASSED] - println(x): null

04-12-2024T07:29:05 - [TEST_STEP][PASSED] - i1 = x.indexOf("/") + 1: null

04-12-2024T07:29:05 - [TEST_STEP][PASSED] - if (i1 > -1): null

04-12-2024T07:29:05 - [TEST_STEP][PASSED] - x = x.substring(i1, x.length()): null

04-12-2024T07:29:05 - [TEST_STEP][PASSED] - println(x): null

04-12-2024T07:29:05 - [TEST_STEP][PASSED] - i1 = x.indexOf("/") + 1: null

04-12-2024T07:29:05 - [TEST_STEP][PASSED] - if (i1 > -1): null

04-12-2024T07:29:05 - [TEST_STEP][PASSED] - x = x.substring(i1, x.length()): null

04-12-2024T07:29:05 - [TEST_STEP][PASSED] - println(x): null

04-12-2024T07:29:05 - [TEST_STEP][PASSED] - i1 = x.indexOf("/") + 1: null

04-12-2024T07:29:05 - [TEST_STEP][PASSED] - if (i1 > -1): null

04-12-2024T07:29:05 - [TEST_STEP][PASSED] - x = x.substring(i1, x.length()): null

04-12-2024T07:29:05 - [TEST_STEP][PASSED] - println(x): null

04-12-2024T07:29:05 - [TEST_STEP][PASSED] - i1 = x.indexOf("/") + 1: null

04-12-2024T07:29:05 - [TEST_STEP][PASSED] - if (i1 > -1): null

04-12-2024T07:29:05 - [TEST_STEP][PASSED] - x = x.substring(i1, x.length()): null

04-12-2024T07:29:05 - [TEST_STEP][PASSED] - println(x): null

04-12-2024T07:29:05 - [TEST_STEP][PASSED] - i1 = x.indexOf("/"): null

04-12-2024T07:29:05 - [TEST_STEP][PASSED] - if (i1 > -1): null

04-12-2024T07:29:05 - [TEST_STEP][PASSED] - x = x.substring(0, i1): null

04-12-2024T07:29:05 - [TEST_STEP][PASSED] - println(x): null

04-12-2024T07:29:05 - [TEST_STEP][PASSED] - return x: null

04-12-2024T07:29:05 - [TEST_STEP][PASSED] - tabB = GetPFactB(x = b): null

04-12-2024T07:29:05 - [TEST_STEP][PASSED] - i1 = <not implemented yet for class: org.codehaus.groovy.ast.expr.EmptyExpression>: null

04-12-2024T07:29:05 - [TEST_STEP][PASSED] - ii = <not implemented yet for class: org.codehaus.groovy.ast.expr.EmptyExpression>: null

04-12-2024T07:29:05 - [TEST_STEP][PASSED] - for ([ii = 1, ii < 6, (ii++)]): null

04-12-2024T07:29:05 - [TEST_STEP][PASSED] - i1 = x.indexOf("/") + 1: null

04-12-2024T07:29:05 - [TEST_STEP][PASSED] - if (i1 > -1): null

04-12-2024T07:29:05 - [TEST_STEP][PASSED] - x = x.substring(i1, x.length()): null

04-12-2024T07:29:05 - [TEST_STEP][PASSED] - println(x): null

04-12-2024T07:29:05 - [TEST_STEP][PASSED] - i1 = x.indexOf("/") + 1: null

04-12-2024T07:29:05 - [TEST_STEP][PASSED] - if (i1 > -1): null

04-12-2024T07:29:05 - [TEST_STEP][PASSED] - x = x.substring(i1, x.length()): null

04-12-2024T07:29:05 - [TEST_STEP][PASSED] - println(x): null

04-12-2024T07:29:05 - [TEST_STEP][PASSED] - i1 = x.indexOf("/") + 1: null

04-12-2024T07:29:05 - [TEST_STEP][PASSED] - if (i1 > -1): null

04-12-2024T07:29:05 - [TEST_STEP][PASSED] - x = x.substring(i1, x.length()): null

04-12-2024T07:29:05 - [TEST_STEP][PASSED] - println(x): null

04-12-2024T07:29:05 - [TEST_STEP][PASSED] - i1 = x.indexOf("/") + 1: null

04-12-2024T07:29:05 - [TEST_STEP][PASSED] - if (i1 > -1): null

04-12-2024T07:29:05 - [TEST_STEP][PASSED] - x = x.substring(i1, x.length()): null

04-12-2024T07:29:05 - [TEST_STEP][PASSED] - println(x): null

04-12-2024T07:29:05 - [TEST_STEP][PASSED] - i1 = x.indexOf("/") + 1: null

04-12-2024T07:29:05 - [TEST_STEP][PASSED] - if (i1 > -1): null

04-12-2024T07:29:05 - [TEST_STEP][PASSED] - x = x.substring(i1, x.length()): null

04-12-2024T07:29:06 - [TEST_STEP][PASSED] - println(x): null

04-12-2024T07:29:06 - [TEST_STEP][PASSED] - i1 = x.indexOf("/"): null

04-12-2024T07:29:06 - [TEST_STEP][PASSED] - if (i1 > -1): null

04-12-2024T07:29:06 - [TEST_STEP][PASSED] - x = x.substring(0, i1): null

04-12-2024T07:29:06 - [TEST_STEP][PASSED] - println(x): null

04-12-2024T07:29:06 - [TEST_STEP][FAILED] - return x: null

04-12-2024T07:29:06 - [TEST_STEP][PASSED] - println(tabR + "/" + tabB): null

04-12-2024T07:29:06 - [TEST_STEP][FAILED] - if (verifyEqual(tabR, tabB) == false): null

04-12-2024T07:29:06 - [MESSAGE][FAILED] - Unable to verify equal between actual object 'нет данных' and expected object '3372962' (Root cause: com.kms.katalon.core.exception.StepFailedException: Actual object 'нет данных' and expected object '3372962' are not equal
	at com.kms.katalon.core.keyword.builtin.VerifyEqualKeyword$_verifyEqual_closure1.doCall(VerifyEqualKeyword.groovy:58)
	at com.kms.katalon.core.keyword.builtin.VerifyEqualKeyword$_verifyEqual_closure1.call(VerifyEqualKeyword.groovy)
	at com.kms.katalon.core.keyword.internal.KeywordMain.runKeyword(KeywordMain.groovy:75)
	at com.kms.katalon.core.keyword.builtin.VerifyEqualKeyword.verifyEqual(VerifyEqualKeyword.groovy:63)
	at com.kms.katalon.core.keyword.builtin.VerifyEqualKeyword.execute(VerifyEqualKeyword.groovy:44)
	at com.kms.katalon.core.keyword.internal.KeywordExecutor.executeKeywordForPlatform(KeywordExecutor.groovy:74)
	at com.kms.katalon.core.keyword.BuiltinKeywords.verifyEqual(BuiltinKeywords.groovy:146)
	at jdk.internal.reflect.GeneratedMethodAccessor25.invoke(Unknown Source)
	at java.base/jdk.internal.reflect.DelegatingMethodAccessorImpl.invoke(DelegatingMethodAccessorImpl.java:43)
	at Выполнение бизнес-плана сверка дашбордов.CompareDZOData(Выполнение бизнес-плана сверка дашбордов:730)
	at Выполнение бизнес-плана сверка дашбордов.run(Выполнение бизнес-плана сверка дашбордов:608)
	at com.kms.katalon.core.main.ScriptEngine.run(ScriptEngine.java:194)
	at com.kms.katalon.core.main.ScriptEngine.runScriptAsRawText(ScriptEngine.java:119)
	at com.kms.katalon.core.main.TestCaseExecutor.runScript(TestCaseExecutor.java:448)
	at com.kms.katalon.core.main.TestCaseExecutor.doExecute(TestCaseExecutor.java:439)
	at com.kms.katalon.core.main.TestCaseExecutor.processExecutionPhase(TestCaseExecutor.java:418)
	at com.kms.katalon.core.main.TestCaseExecutor.accessMainPhase(TestCaseExecutor.java:410)
	at com.kms.katalon.core.main.TestCaseExecutor.execute(TestCaseExecutor.java:285)
	at com.kms.katalon.core.common.CommonExecutor.accessTestCaseMainPhase(CommonExecutor.java:65)
	at com.kms.katalon.core.main.TestSuiteExecutor.accessTestSuiteMainPhase(TestSuiteExecutor.java:150)
	at com.kms.katalon.core.main.TestSuiteExecutor.execute(TestSuiteExecutor.java:106)
	at com.kms.katalon.core.main.TestCaseMain.startTestSuite(TestCaseMain.java:180)
	at TempTestSuite1733285972582.run(TempTestSuite1733285972582.groovy:35)
	at java.base/jdk.internal.reflect.NativeMethodAccessorImpl.invoke0(Native Method)
	at java.base/jdk.internal.reflect.NativeMethodAccessorImpl.invoke(NativeMethodAccessorImpl.java:77)
	at java.base/jdk.internal.reflect.DelegatingMethodAccessorImpl.invoke(DelegatingMethodAccessorImpl.java:43)
)

04-12-2024T07:29:06 - [TEST_STEP][PASSED] - result = WriteToExcel(typeOfData, todaysDate, PercPlanR, PercPlanB, PercFactR, PercFactB, x, tabR, tabB, o1R, o1B, vidget): null

04-12-2024T07:29:06 - [TEST_STEP][PASSED] - iii = dZO.indexOf("/"): null

04-12-2024T07:29:06 - [TEST_STEP][PASSED] - println(iii): null

04-12-2024T07:29:06 - [TEST_STEP][PASSED] - dZO = dZO.substring(0, iii): null

04-12-2024T07:29:06 - [TEST_STEP][PASSED] - println(dZO): null

04-12-2024T07:29:06 - [TEST_STEP][PASSED] - println(PercPlanR): null

04-12-2024T07:29:06 - [TEST_STEP][PASSED] - println(PercPlanB): null

04-12-2024T07:29:06 - [TEST_STEP][PASSED] - println(PercFactR): null

04-12-2024T07:29:06 - [TEST_STEP][PASSED] - println(PercFactB): null

04-12-2024T07:29:06 - [TEST_STEP][PASSED] - println(tabR): null

04-12-2024T07:29:06 - [TEST_STEP][PASSED] - println(tabB): null

04-12-2024T07:29:06 - [TEST_STEP][PASSED] - println(o1R): null

04-12-2024T07:29:06 - [TEST_STEP][PASSED] - println(o1B): null

04-12-2024T07:29:06 - [TEST_STEP][PASSED] - PR = <not implemented yet for class: org.codehaus.groovy.ast.expr.EmptyExpression>: null

04-12-2024T07:29:06 - [TEST_STEP][PASSED] - FR = <not implemented yet for class: org.codehaus.groovy.ast.expr.EmptyExpression>: null

04-12-2024T07:29:06 - [TEST_STEP][PASSED] - PB = <not implemented yet for class: org.codehaus.groovy.ast.expr.EmptyExpression>: null

04-12-2024T07:29:06 - [TEST_STEP][PASSED] - FB = <not implemented yet for class: org.codehaus.groovy.ast.expr.EmptyExpression>: null

04-12-2024T07:29:06 - [TEST_STEP][PASSED] - TR = <not implemented yet for class: org.codehaus.groovy.ast.expr.EmptyExpression>: null

04-12-2024T07:29:06 - [TEST_STEP][PASSED] - TB = <not implemented yet for class: org.codehaus.groovy.ast.expr.EmptyExpression>: null

04-12-2024T07:29:06 - [TEST_STEP][PASSED] - sheetName = "Sheet1": null

04-12-2024T07:29:06 - [TEST_STEP][PASSED] - data = findTestData("PlanFact"): null

04-12-2024T07:29:06 - [TEST_STEP][PASSED] - n = data.getRowNumbers() + 1: null

04-12-2024T07:29:06 - [TEST_STEP][PASSED] - year = todaysDate.substring(todaysDate.length() - 4, todaysDate.length()): null

04-12-2024T07:29:06 - [TEST_STEP][PASSED] - y = year.toInteger(): null

04-12-2024T07:29:06 - [TEST_STEP][PASSED] - m = getText(findTestObject("Выполнение бизнес-плана/Выполнение бизнес-плана Балансы/Фильтр Дата")): Text of object 'Object Repository/Выполнение бизнес-плана/Выполнение бизнес-плана Балансы/Фильтр Дата' is: '1, 2, 3 кв., Октябрь 2024 года'

04-12-2024T07:29:06 - [MESSAGE][PASSED] - Text of object 'Object Repository/Выполнение бизнес-плана/Выполнение бизнес-плана Балансы/Фильтр Дата' is: '1, 2, 3 кв., Октябрь 2024 года'

04-12-2024T07:29:06 - [TEST_STEP][PASSED] - m = m.substring(0, m.indexOf("2024")): null

04-12-2024T07:29:06 - [TEST_STEP][PASSED] - m = m.trim(): null

04-12-2024T07:29:06 - [TEST_STEP][PASSED] - dashboardName = "Выполнение бизнес-плана": null

04-12-2024T07:29:06 - [TEST_STEP][PASSED] - workbook01 = getWorkbook(excelFilePath): null

04-12-2024T07:29:06 - [TEST_STEP][PASSED] - sheet01 = getExcelSheet(workbook01, sheetName): null

04-12-2024T07:29:06 - [TEST_STEP][PASSED] - setValueToCellByIndex(sheet01, n, 0, dashboardName): null

04-12-2024T07:29:06 - [TEST_STEP][PASSED] - setValueToCellByIndex(sheet01, n, 1, dZO): null

04-12-2024T07:29:06 - [TEST_STEP][PASSED] - setValueToCellByIndex(sheet01, n, 2, typeOfData): null

04-12-2024T07:29:06 - [TEST_STEP][PASSED] - setValueToCellByIndex(sheet01, n, 3, typeOfData): null

04-12-2024T07:29:06 - [TEST_STEP][PASSED] - if (typeOfData == "План"): null

04-12-2024T07:29:06 - [TEST_STEP][PASSED] - else if (typeOfData == "Факт"): null

04-12-2024T07:29:06 - [TEST_STEP][PASSED] - else if (vidget.contains("электроэнергии") == true): null

04-12-2024T07:29:06 - [TEST_STEP][PASSED] - if (tabR == null): null

04-12-2024T07:29:06 - [TEST_STEP][PASSED] - else: null

04-12-2024T07:29:06 - [TEST_STEP][PASSED] - if (tabR == "нет данных"): null

04-12-2024T07:29:06 - [TEST_STEP][PASSED] - setValueToCellByIndex(sheet01, n, 4, "нет данных"): null

04-12-2024T07:29:06 - [TEST_STEP][PASSED] - if (tabB == null): null

04-12-2024T07:29:06 - [TEST_STEP][PASSED] - else: null

04-12-2024T07:29:06 - [TEST_STEP][PASSED] - if (tabB == "нет данных"): null

04-12-2024T07:29:06 - [TEST_STEP][PASSED] - else: null

04-12-2024T07:29:06 - [TEST_STEP][PASSED] - TB = tabB.toInteger(): null

04-12-2024T07:29:06 - [TEST_STEP][PASSED] - setValueToCellByIndex(sheet01, n, 5, TB): null

04-12-2024T07:29:06 - [TEST_STEP][PASSED] - setValueToCellByIndex(sheet01, n, 6, m): null

04-12-2024T07:29:06 - [TEST_STEP][PASSED] - setValueToCellByIndex(sheet01, n, 7, y): null

04-12-2024T07:29:06 - [TEST_STEP][PASSED] - setValueToCellByIndex(sheet01, n, 8, todaysDate): null

04-12-2024T07:29:06 - [TEST_STEP][PASSED] - n = n + 1: null

04-12-2024T07:29:06 - [TEST_STEP][PASSED] - saveWorkbook(excelFilePath, workbook01): null

04-12-2024T07:29:06 - [TEST_STEP][PASSED] - vidget = "Показатели баланса электроэнергии по ДЗО – План": null

04-12-2024T07:29:06 - [TEST_STEP][PASSED] - typeOfData = "План Отпуск в сеть": null

04-12-2024T07:29:06 - [TEST_STEP][PASSED] - tabR = GetOvSPlanR(x = a): null

04-12-2024T07:29:06 - [TEST_STEP][PASSED] - i1 = <not implemented yet for class: org.codehaus.groovy.ast.expr.EmptyExpression>: null

04-12-2024T07:29:06 - [TEST_STEP][PASSED] - ii = <not implemented yet for class: org.codehaus.groovy.ast.expr.EmptyExpression>: null

04-12-2024T07:29:06 - [TEST_STEP][PASSED] - for ([ii = 1, ii < 7, (ii++)]): null

04-12-2024T07:29:06 - [TEST_STEP][PASSED] - i1 = x.indexOf("/") + 1: null

04-12-2024T07:29:06 - [TEST_STEP][PASSED] - if (i1 > -1): null

04-12-2024T07:29:06 - [TEST_STEP][PASSED] - x = x.substring(i1, x.length()): null

04-12-2024T07:29:06 - [TEST_STEP][PASSED] - println(x): null

04-12-2024T07:29:06 - [TEST_STEP][PASSED] - i1 = x.indexOf("/") + 1: null

04-12-2024T07:29:06 - [TEST_STEP][PASSED] - if (i1 > -1): null

04-12-2024T07:29:06 - [TEST_STEP][PASSED] - x = x.substring(i1, x.length()): null

04-12-2024T07:29:06 - [TEST_STEP][PASSED] - println(x): null

04-12-2024T07:29:06 - [TEST_STEP][PASSED] - i1 = x.indexOf("/") + 1: null

04-12-2024T07:29:06 - [TEST_STEP][PASSED] - if (i1 > -1): null

04-12-2024T07:29:06 - [TEST_STEP][PASSED] - x = x.substring(i1, x.length()): null

04-12-2024T07:29:06 - [TEST_STEP][PASSED] - println(x): null

04-12-2024T07:29:06 - [TEST_STEP][PASSED] - i1 = x.indexOf("/") + 1: null

04-12-2024T07:29:06 - [TEST_STEP][PASSED] - if (i1 > -1): null

04-12-2024T07:29:06 - [TEST_STEP][PASSED] - x = x.substring(i1, x.length()): null

04-12-2024T07:29:06 - [TEST_STEP][PASSED] - println(x): null

04-12-2024T07:29:06 - [TEST_STEP][PASSED] - i1 = x.indexOf("/") + 1: null

04-12-2024T07:29:06 - [TEST_STEP][PASSED] - if (i1 > -1): null

04-12-2024T07:29:06 - [TEST_STEP][PASSED] - x = x.substring(i1, x.length()): null

04-12-2024T07:29:06 - [TEST_STEP][PASSED] - println(x): null

04-12-2024T07:29:06 - [TEST_STEP][PASSED] - i1 = x.indexOf("/") + 1: null

04-12-2024T07:29:06 - [TEST_STEP][PASSED] - if (i1 > -1): null

04-12-2024T07:29:06 - [TEST_STEP][PASSED] - x = x.substring(i1, x.length()): null

04-12-2024T07:29:06 - [TEST_STEP][PASSED] - println(x): null

04-12-2024T07:29:06 - [TEST_STEP][PASSED] - i1 = x.indexOf("/"): null

04-12-2024T07:29:06 - [TEST_STEP][PASSED] - if (i1 > -1): null

04-12-2024T07:29:06 - [TEST_STEP][PASSED] - x = x.substring(0, i1): null

04-12-2024T07:29:06 - [TEST_STEP][PASSED] - println(x): null

04-12-2024T07:29:06 - [TEST_STEP][PASSED] - return x: null

04-12-2024T07:29:06 - [TEST_STEP][PASSED] - tabB = GetOvSPlanB(x = b): null

04-12-2024T07:29:06 - [TEST_STEP][PASSED] - i1 = <not implemented yet for class: org.codehaus.groovy.ast.expr.EmptyExpression>: null

04-12-2024T07:29:06 - [TEST_STEP][PASSED] - ii = <not implemented yet for class: org.codehaus.groovy.ast.expr.EmptyExpression>: null

04-12-2024T07:29:06 - [TEST_STEP][PASSED] - for ([ii = 1, ii < 7, (ii++)]): null

04-12-2024T07:29:06 - [TEST_STEP][PASSED] - i1 = x.indexOf("/") + 1: null

04-12-2024T07:29:06 - [TEST_STEP][PASSED] - if (i1 > -1): null

04-12-2024T07:29:06 - [TEST_STEP][PASSED] - x = x.substring(i1, x.length()): null

04-12-2024T07:29:06 - [TEST_STEP][PASSED] - println(x): null

04-12-2024T07:29:06 - [TEST_STEP][PASSED] - i1 = x.indexOf("/") + 1: null

04-12-2024T07:29:06 - [TEST_STEP][PASSED] - if (i1 > -1): null

04-12-2024T07:29:06 - [TEST_STEP][PASSED] - x = x.substring(i1, x.length()): null

04-12-2024T07:29:06 - [TEST_STEP][PASSED] - println(x): null

04-12-2024T07:29:06 - [TEST_STEP][PASSED] - i1 = x.indexOf("/") + 1: null

04-12-2024T07:29:06 - [TEST_STEP][PASSED] - if (i1 > -1): null

04-12-2024T07:29:06 - [TEST_STEP][PASSED] - x = x.substring(i1, x.length()): null

04-12-2024T07:29:06 - [TEST_STEP][PASSED] - println(x): null

04-12-2024T07:29:06 - [TEST_STEP][PASSED] - i1 = x.indexOf("/") + 1: null

04-12-2024T07:29:06 - [TEST_STEP][PASSED] - if (i1 > -1): null

04-12-2024T07:29:06 - [TEST_STEP][PASSED] - x = x.substring(i1, x.length()): null

04-12-2024T07:29:06 - [TEST_STEP][PASSED] - println(x): null

04-12-2024T07:29:06 - [TEST_STEP][PASSED] - i1 = x.indexOf("/") + 1: null

04-12-2024T07:29:06 - [TEST_STEP][PASSED] - if (i1 > -1): null

04-12-2024T07:29:06 - [TEST_STEP][PASSED] - x = x.substring(i1, x.length()): null

04-12-2024T07:29:06 - [TEST_STEP][PASSED] - println(x): null

04-12-2024T07:29:06 - [TEST_STEP][PASSED] - i1 = x.indexOf("/") + 1: null

04-12-2024T07:29:06 - [TEST_STEP][PASSED] - if (i1 > -1): null

04-12-2024T07:29:06 - [TEST_STEP][PASSED] - x = x.substring(i1, x.length()): null

04-12-2024T07:29:06 - [TEST_STEP][PASSED] - println(x): null

04-12-2024T07:29:06 - [TEST_STEP][PASSED] - i1 = x.indexOf("/"): null

04-12-2024T07:29:06 - [TEST_STEP][PASSED] - if (i1 > -1): null

04-12-2024T07:29:06 - [TEST_STEP][PASSED] - x = x.substring(0, i1): null

04-12-2024T07:29:06 - [TEST_STEP][PASSED] - println(x): null

04-12-2024T07:29:06 - [TEST_STEP][FAILED] - return x: null

04-12-2024T07:29:06 - [TEST_STEP][PASSED] - println(tabR + "/" + tabB): null

04-12-2024T07:29:06 - [TEST_STEP][FAILED] - if (verifyEqual(PercFactR, PercFactB) == false): null

04-12-2024T07:29:06 - [MESSAGE][FAILED] - Unable to verify equal between actual object 'нет данных' and expected object '10.72' (Root cause: com.kms.katalon.core.exception.StepFailedException: Actual object 'нет данных' and expected object '10.72' are not equal
	at com.kms.katalon.core.keyword.builtin.VerifyEqualKeyword$_verifyEqual_closure1.doCall(VerifyEqualKeyword.groovy:58)
	at com.kms.katalon.core.keyword.builtin.VerifyEqualKeyword$_verifyEqual_closure1.call(VerifyEqualKeyword.groovy)
	at com.kms.katalon.core.keyword.internal.KeywordMain.runKeyword(KeywordMain.groovy:75)
	at com.kms.katalon.core.keyword.builtin.VerifyEqualKeyword.verifyEqual(VerifyEqualKeyword.groovy:63)
	at com.kms.katalon.core.keyword.builtin.VerifyEqualKeyword.execute(VerifyEqualKeyword.groovy:44)
	at com.kms.katalon.core.keyword.internal.KeywordExecutor.executeKeywordForPlatform(KeywordExecutor.groovy:74)
	at com.kms.katalon.core.keyword.BuiltinKeywords.verifyEqual(BuiltinKeywords.groovy:146)
	at jdk.internal.reflect.GeneratedMethodAccessor25.invoke(Unknown Source)
	at java.base/jdk.internal.reflect.DelegatingMethodAccessorImpl.invoke(DelegatingMethodAccessorImpl.java:43)
	at Выполнение бизнес-плана сверка дашбордов.CompareDZOData(Выполнение бизнес-плана сверка дашбордов:745)
	at Выполнение бизнес-плана сверка дашбордов.run(Выполнение бизнес-плана сверка дашбордов:608)
	at com.kms.katalon.core.main.ScriptEngine.run(ScriptEngine.java:194)
	at com.kms.katalon.core.main.ScriptEngine.runScriptAsRawText(ScriptEngine.java:119)
	at com.kms.katalon.core.main.TestCaseExecutor.runScript(TestCaseExecutor.java:448)
	at com.kms.katalon.core.main.TestCaseExecutor.doExecute(TestCaseExecutor.java:439)
	at com.kms.katalon.core.main.TestCaseExecutor.processExecutionPhase(TestCaseExecutor.java:418)
	at com.kms.katalon.core.main.TestCaseExecutor.accessMainPhase(TestCaseExecutor.java:410)
	at com.kms.katalon.core.main.TestCaseExecutor.execute(TestCaseExecutor.java:285)
	at com.kms.katalon.core.common.CommonExecutor.accessTestCaseMainPhase(CommonExecutor.java:65)
	at com.kms.katalon.core.main.TestSuiteExecutor.accessTestSuiteMainPhase(TestSuiteExecutor.java:150)
	at com.kms.katalon.core.main.TestSuiteExecutor.execute(TestSuiteExecutor.java:106)
	at com.kms.katalon.core.main.TestCaseMain.startTestSuite(TestCaseMain.java:180)
	at TempTestSuite1733285972582.run(TempTestSuite1733285972582.groovy:35)
	at java.base/jdk.internal.reflect.NativeMethodAccessorImpl.invoke0(Native Method)
	at java.base/jdk.internal.reflect.NativeMethodAccessorImpl.invoke(NativeMethodAccessorImpl.java:77)
	at java.base/jdk.internal.reflect.DelegatingMethodAccessorImpl.invoke(DelegatingMethodAccessorImpl.java:43)
)

04-12-2024T07:29:06 - [TEST_STEP][PASSED] - result = WriteToExcel(typeOfData, todaysDate, PercPlanR, PercPlanB, PercFactR, PercFactB, x, tabR, tabB, o1R, o1B, vidget): null

04-12-2024T07:29:06 - [TEST_STEP][PASSED] - iii = dZO.indexOf("/"): null

04-12-2024T07:29:06 - [TEST_STEP][PASSED] - println(iii): null

04-12-2024T07:29:06 - [TEST_STEP][PASSED] - dZO = dZO.substring(0, iii): null

04-12-2024T07:29:06 - [TEST_STEP][PASSED] - println(dZO): null

04-12-2024T07:29:06 - [TEST_STEP][PASSED] - println(PercPlanR): null

04-12-2024T07:29:06 - [TEST_STEP][PASSED] - println(PercPlanB): null

04-12-2024T07:29:06 - [TEST_STEP][PASSED] - println(PercFactR): null

04-12-2024T07:29:06 - [TEST_STEP][PASSED] - println(PercFactB): null

04-12-2024T07:29:06 - [TEST_STEP][PASSED] - println(tabR): null

04-12-2024T07:29:06 - [TEST_STEP][PASSED] - println(tabB): null

04-12-2024T07:29:06 - [TEST_STEP][PASSED] - println(o1R): null

04-12-2024T07:29:06 - [TEST_STEP][PASSED] - println(o1B): null

04-12-2024T07:29:06 - [TEST_STEP][PASSED] - PR = <not implemented yet for class: org.codehaus.groovy.ast.expr.EmptyExpression>: null

04-12-2024T07:29:06 - [TEST_STEP][PASSED] - FR = <not implemented yet for class: org.codehaus.groovy.ast.expr.EmptyExpression>: null

04-12-2024T07:29:06 - [TEST_STEP][PASSED] - PB = <not implemented yet for class: org.codehaus.groovy.ast.expr.EmptyExpression>: null

04-12-2024T07:29:06 - [TEST_STEP][PASSED] - FB = <not implemented yet for class: org.codehaus.groovy.ast.expr.EmptyExpression>: null

04-12-2024T07:29:06 - [TEST_STEP][PASSED] - TR = <not implemented yet for class: org.codehaus.groovy.ast.expr.EmptyExpression>: null

04-12-2024T07:29:06 - [TEST_STEP][PASSED] - TB = <not implemented yet for class: org.codehaus.groovy.ast.expr.EmptyExpression>: null

04-12-2024T07:29:06 - [TEST_STEP][PASSED] - sheetName = "Sheet1": null

04-12-2024T07:29:06 - [TEST_STEP][PASSED] - data = findTestData("PlanFact"): null

04-12-2024T07:29:06 - [TEST_STEP][PASSED] - n = data.getRowNumbers() + 1: null

04-12-2024T07:29:06 - [TEST_STEP][PASSED] - year = todaysDate.substring(todaysDate.length() - 4, todaysDate.length()): null

04-12-2024T07:29:06 - [TEST_STEP][PASSED] - y = year.toInteger(): null

04-12-2024T07:29:06 - [TEST_STEP][PASSED] - m = getText(findTestObject("Выполнение бизнес-плана/Выполнение бизнес-плана Балансы/Фильтр Дата")): Text of object 'Object Repository/Выполнение бизнес-плана/Выполнение бизнес-плана Балансы/Фильтр Дата' is: '1, 2, 3 кв., Октябрь 2024 года'

04-12-2024T07:29:06 - [MESSAGE][PASSED] - Text of object 'Object Repository/Выполнение бизнес-плана/Выполнение бизнес-плана Балансы/Фильтр Дата' is: '1, 2, 3 кв., Октябрь 2024 года'

04-12-2024T07:29:07 - [TEST_STEP][PASSED] - m = m.substring(0, m.indexOf("2024")): null

04-12-2024T07:29:07 - [TEST_STEP][PASSED] - m = m.trim(): null

04-12-2024T07:29:07 - [TEST_STEP][PASSED] - dashboardName = "Выполнение бизнес-плана": null

04-12-2024T07:29:07 - [TEST_STEP][PASSED] - workbook01 = getWorkbook(excelFilePath): null

04-12-2024T07:29:07 - [TEST_STEP][PASSED] - sheet01 = getExcelSheet(workbook01, sheetName): null

04-12-2024T07:29:07 - [TEST_STEP][PASSED] - setValueToCellByIndex(sheet01, n, 0, dashboardName): null

04-12-2024T07:29:07 - [TEST_STEP][PASSED] - setValueToCellByIndex(sheet01, n, 1, dZO): null

04-12-2024T07:29:07 - [TEST_STEP][PASSED] - setValueToCellByIndex(sheet01, n, 2, typeOfData): null

04-12-2024T07:29:07 - [TEST_STEP][PASSED] - setValueToCellByIndex(sheet01, n, 3, typeOfData): null

04-12-2024T07:29:07 - [TEST_STEP][PASSED] - if (typeOfData == "План"): null

04-12-2024T07:29:07 - [TEST_STEP][PASSED] - else if (typeOfData == "Факт"): null

04-12-2024T07:29:07 - [TEST_STEP][PASSED] - else if (vidget.contains("электроэнергии") == true): null

04-12-2024T07:29:07 - [TEST_STEP][PASSED] - if (tabR == null): null

04-12-2024T07:29:07 - [TEST_STEP][PASSED] - else: null

04-12-2024T07:29:07 - [TEST_STEP][PASSED] - if (tabR == "нет данных"): null

04-12-2024T07:29:07 - [TEST_STEP][PASSED] - setValueToCellByIndex(sheet01, n, 4, "нет данных"): null

04-12-2024T07:29:07 - [TEST_STEP][PASSED] - if (tabB == null): null

04-12-2024T07:29:07 - [TEST_STEP][PASSED] - else: null

04-12-2024T07:29:07 - [TEST_STEP][PASSED] - if (tabB == "нет данных"): null

04-12-2024T07:29:07 - [TEST_STEP][PASSED] - else: null

04-12-2024T07:29:18 - [TEST_STEP][PASSED] - TB = tabB.toInteger(): null

04-12-2024T07:29:18 - [TEST_STEP][PASSED] - setValueToCellByIndex(sheet01, n, 5, TB): null

04-12-2024T07:29:18 - [TEST_STEP][PASSED] - setValueToCellByIndex(sheet01, n, 6, m): null

04-12-2024T07:29:18 - [TEST_STEP][PASSED] - setValueToCellByIndex(sheet01, n, 7, y): null

04-12-2024T07:29:18 - [TEST_STEP][PASSED] - setValueToCellByIndex(sheet01, n, 8, todaysDate): null

04-12-2024T07:29:18 - [TEST_STEP][PASSED] - n = n + 1: null

04-12-2024T07:29:18 - [TEST_STEP][PASSED] - saveWorkbook(excelFilePath, workbook01): null

04-12-2024T07:29:18 - [TEST_STEP][PASSED] - typeOfData = "План Отпуск из сети": null

04-12-2024T07:29:18 - [TEST_STEP][PASSED] - tabR = GetOiSPlanR(x = a): null

04-12-2024T07:29:18 - [TEST_STEP][PASSED] - i1 = <not implemented yet for class: org.codehaus.groovy.ast.expr.EmptyExpression>: null

04-12-2024T07:29:18 - [TEST_STEP][PASSED] - ii = <not implemented yet for class: org.codehaus.groovy.ast.expr.EmptyExpression>: null

04-12-2024T07:29:18 - [TEST_STEP][PASSED] - for ([ii = 1, ii < 8, (ii++)]): null

04-12-2024T07:29:18 - [TEST_STEP][PASSED] - i1 = x.indexOf("/") + 1: null

04-12-2024T07:29:18 - [TEST_STEP][PASSED] - if (i1 > -1): null

04-12-2024T07:29:18 - [TEST_STEP][PASSED] - x = x.substring(i1, x.length()): null

04-12-2024T07:29:18 - [TEST_STEP][PASSED] - println(x): null

04-12-2024T07:29:18 - [TEST_STEP][PASSED] - i1 = x.indexOf("/") + 1: null

04-12-2024T07:29:18 - [TEST_STEP][PASSED] - if (i1 > -1): null

04-12-2024T07:29:18 - [TEST_STEP][PASSED] - x = x.substring(i1, x.length()): null

04-12-2024T07:29:18 - [TEST_STEP][PASSED] - println(x): null

04-12-2024T07:29:18 - [TEST_STEP][PASSED] - i1 = x.indexOf("/") + 1: null

04-12-2024T07:29:18 - [TEST_STEP][PASSED] - if (i1 > -1): null

04-12-2024T07:29:18 - [TEST_STEP][PASSED] - x = x.substring(i1, x.length()): null

04-12-2024T07:29:18 - [TEST_STEP][PASSED] - println(x): null

04-12-2024T07:29:18 - [TEST_STEP][PASSED] - i1 = x.indexOf("/") + 1: null

04-12-2024T07:29:18 - [TEST_STEP][PASSED] - if (i1 > -1): null

04-12-2024T07:29:18 - [TEST_STEP][PASSED] - x = x.substring(i1, x.length()): null

04-12-2024T07:29:18 - [TEST_STEP][PASSED] - println(x): null

04-12-2024T07:29:18 - [TEST_STEP][PASSED] - i1 = x.indexOf("/") + 1: null

04-12-2024T07:29:18 - [TEST_STEP][PASSED] - if (i1 > -1): null

04-12-2024T07:29:18 - [TEST_STEP][PASSED] - x = x.substring(i1, x.length()): null

04-12-2024T07:29:18 - [TEST_STEP][PASSED] - println(x): null

04-12-2024T07:29:18 - [TEST_STEP][PASSED] - i1 = x.indexOf("/") + 1: null

04-12-2024T07:29:18 - [TEST_STEP][PASSED] - if (i1 > -1): null

04-12-2024T07:29:18 - [TEST_STEP][PASSED] - x = x.substring(i1, x.length()): null

04-12-2024T07:29:18 - [TEST_STEP][PASSED] - println(x): null

04-12-2024T07:29:18 - [TEST_STEP][PASSED] - i1 = x.indexOf("/") + 1: null

04-12-2024T07:29:18 - [TEST_STEP][PASSED] - if (i1 > -1): null

04-12-2024T07:29:18 - [TEST_STEP][PASSED] - x = x.substring(i1, x.length()): null

04-12-2024T07:29:18 - [TEST_STEP][PASSED] - println(x): null

04-12-2024T07:29:18 - [TEST_STEP][PASSED] - i1 = x.indexOf("/"): null

04-12-2024T07:29:18 - [TEST_STEP][PASSED] - if (i1 > -1): null

04-12-2024T07:29:18 - [TEST_STEP][PASSED] - x = x.substring(0, i1): null

04-12-2024T07:29:18 - [TEST_STEP][PASSED] - println(x): null

04-12-2024T07:29:18 - [TEST_STEP][PASSED] - return x: null

04-12-2024T07:29:18 - [TEST_STEP][PASSED] - tabB = GetOiSPlanB(x = b): null

04-12-2024T07:29:18 - [TEST_STEP][PASSED] - i1 = <not implemented yet for class: org.codehaus.groovy.ast.expr.EmptyExpression>: null

04-12-2024T07:29:18 - [TEST_STEP][PASSED] - ii = <not implemented yet for class: org.codehaus.groovy.ast.expr.EmptyExpression>: null

04-12-2024T07:29:18 - [TEST_STEP][PASSED] - for ([ii = 1, ii < 8, (ii++)]): null

04-12-2024T07:29:18 - [TEST_STEP][PASSED] - i1 = x.indexOf("/") + 1: null

04-12-2024T07:29:18 - [TEST_STEP][PASSED] - if (i1 > -1): null

04-12-2024T07:29:18 - [TEST_STEP][PASSED] - x = x.substring(i1, x.length()): null

04-12-2024T07:29:18 - [TEST_STEP][PASSED] - println(x): null

04-12-2024T07:29:18 - [TEST_STEP][PASSED] - i1 = x.indexOf("/") + 1: null

04-12-2024T07:29:18 - [TEST_STEP][PASSED] - if (i1 > -1): null

04-12-2024T07:29:18 - [TEST_STEP][PASSED] - x = x.substring(i1, x.length()): null

04-12-2024T07:29:18 - [TEST_STEP][PASSED] - println(x): null

04-12-2024T07:29:18 - [TEST_STEP][PASSED] - i1 = x.indexOf("/") + 1: null

04-12-2024T07:29:18 - [TEST_STEP][PASSED] - if (i1 > -1): null

04-12-2024T07:29:18 - [TEST_STEP][PASSED] - x = x.substring(i1, x.length()): null

04-12-2024T07:29:18 - [TEST_STEP][PASSED] - println(x): null

04-12-2024T07:29:18 - [TEST_STEP][PASSED] - i1 = x.indexOf("/") + 1: null

04-12-2024T07:29:18 - [TEST_STEP][PASSED] - if (i1 > -1): null

04-12-2024T07:29:18 - [TEST_STEP][PASSED] - x = x.substring(i1, x.length()): null

04-12-2024T07:29:18 - [TEST_STEP][PASSED] - println(x): null

04-12-2024T07:29:18 - [TEST_STEP][PASSED] - i1 = x.indexOf("/") + 1: null

04-12-2024T07:29:18 - [TEST_STEP][PASSED] - if (i1 > -1): null

04-12-2024T07:29:18 - [TEST_STEP][PASSED] - x = x.substring(i1, x.length()): null

04-12-2024T07:29:18 - [TEST_STEP][PASSED] - println(x): null

04-12-2024T07:29:18 - [TEST_STEP][PASSED] - i1 = x.indexOf("/") + 1: null

04-12-2024T07:29:18 - [TEST_STEP][PASSED] - if (i1 > -1): null

04-12-2024T07:29:18 - [TEST_STEP][PASSED] - x = x.substring(i1, x.length()): null

04-12-2024T07:29:18 - [TEST_STEP][PASSED] - println(x): null

04-12-2024T07:29:18 - [TEST_STEP][PASSED] - i1 = x.indexOf("/") + 1: null

04-12-2024T07:29:18 - [TEST_STEP][PASSED] - if (i1 > -1): null

04-12-2024T07:29:18 - [TEST_STEP][PASSED] - x = x.substring(i1, x.length()): null

04-12-2024T07:29:18 - [TEST_STEP][PASSED] - println(x): null

04-12-2024T07:29:18 - [TEST_STEP][PASSED] - i1 = x.indexOf("/"): null

04-12-2024T07:29:18 - [TEST_STEP][PASSED] - if (i1 > -1): null

04-12-2024T07:29:18 - [TEST_STEP][PASSED] - x = x.substring(0, i1): null

04-12-2024T07:29:18 - [TEST_STEP][PASSED] - println(x): null

04-12-2024T07:29:18 - [TEST_STEP][FAILED] - return x: null

04-12-2024T07:29:18 - [TEST_STEP][PASSED] - println(tabR + "/" + tabB): null

04-12-2024T07:29:18 - [TEST_STEP][FAILED] - if (verifyEqual(PercFactR, PercFactB) == false): null

04-12-2024T07:29:18 - [MESSAGE][FAILED] - Unable to verify equal between actual object 'нет данных' and expected object '10.72' (Root cause: com.kms.katalon.core.exception.StepFailedException: Actual object 'нет данных' and expected object '10.72' are not equal
	at com.kms.katalon.core.keyword.builtin.VerifyEqualKeyword$_verifyEqual_closure1.doCall(VerifyEqualKeyword.groovy:58)
	at com.kms.katalon.core.keyword.builtin.VerifyEqualKeyword$_verifyEqual_closure1.call(VerifyEqualKeyword.groovy)
	at com.kms.katalon.core.keyword.internal.KeywordMain.runKeyword(KeywordMain.groovy:75)
	at com.kms.katalon.core.keyword.builtin.VerifyEqualKeyword.verifyEqual(VerifyEqualKeyword.groovy:63)
	at com.kms.katalon.core.keyword.builtin.VerifyEqualKeyword.execute(VerifyEqualKeyword.groovy:44)
	at com.kms.katalon.core.keyword.internal.KeywordExecutor.executeKeywordForPlatform(KeywordExecutor.groovy:74)
	at com.kms.katalon.core.keyword.BuiltinKeywords.verifyEqual(BuiltinKeywords.groovy:146)
	at jdk.internal.reflect.GeneratedMethodAccessor25.invoke(Unknown Source)
	at java.base/jdk.internal.reflect.DelegatingMethodAccessorImpl.invoke(DelegatingMethodAccessorImpl.java:43)
	at Выполнение бизнес-плана сверка дашбордов.CompareDZOData(Выполнение бизнес-плана сверка дашбордов:758)
	at Выполнение бизнес-плана сверка дашбордов.run(Выполнение бизнес-плана сверка дашбордов:608)
	at com.kms.katalon.core.main.ScriptEngine.run(ScriptEngine.java:194)
	at com.kms.katalon.core.main.ScriptEngine.runScriptAsRawText(ScriptEngine.java:119)
	at com.kms.katalon.core.main.TestCaseExecutor.runScript(TestCaseExecutor.java:448)
	at com.kms.katalon.core.main.TestCaseExecutor.doExecute(TestCaseExecutor.java:439)
	at com.kms.katalon.core.main.TestCaseExecutor.processExecutionPhase(TestCaseExecutor.java:418)
	at com.kms.katalon.core.main.TestCaseExecutor.accessMainPhase(TestCaseExecutor.java:410)
	at com.kms.katalon.core.main.TestCaseExecutor.execute(TestCaseExecutor.java:285)
	at com.kms.katalon.core.common.CommonExecutor.accessTestCaseMainPhase(CommonExecutor.java:65)
	at com.kms.katalon.core.main.TestSuiteExecutor.accessTestSuiteMainPhase(TestSuiteExecutor.java:150)
	at com.kms.katalon.core.main.TestSuiteExecutor.execute(TestSuiteExecutor.java:106)
	at com.kms.katalon.core.main.TestCaseMain.startTestSuite(TestCaseMain.java:180)
	at TempTestSuite1733285972582.run(TempTestSuite1733285972582.groovy:35)
	at java.base/jdk.internal.reflect.NativeMethodAccessorImpl.invoke0(Native Method)
	at java.base/jdk.internal.reflect.NativeMethodAccessorImpl.invoke(NativeMethodAccessorImpl.java:77)
	at java.base/jdk.internal.reflect.DelegatingMethodAccessorImpl.invoke(DelegatingMethodAccessorImpl.java:43)
)

04-12-2024T07:29:18 - [TEST_STEP][PASSED] - result = WriteToExcel(typeOfData, todaysDate, PercPlanR, PercPlanB, PercFactR, PercFactB, x, tabR, tabB, o1R, o1B, vidget): null

04-12-2024T07:29:18 - [TEST_STEP][PASSED] - iii = dZO.indexOf("/"): null

04-12-2024T07:29:18 - [TEST_STEP][PASSED] - println(iii): null

04-12-2024T07:29:18 - [TEST_STEP][PASSED] - dZO = dZO.substring(0, iii): null

04-12-2024T07:29:18 - [TEST_STEP][PASSED] - println(dZO): null

04-12-2024T07:29:18 - [TEST_STEP][PASSED] - println(PercPlanR): null

04-12-2024T07:29:18 - [TEST_STEP][PASSED] - println(PercPlanB): null

04-12-2024T07:29:18 - [TEST_STEP][PASSED] - println(PercFactR): null

04-12-2024T07:29:18 - [TEST_STEP][PASSED] - println(PercFactB): null

04-12-2024T07:29:18 - [TEST_STEP][PASSED] - println(tabR): null

04-12-2024T07:29:18 - [TEST_STEP][PASSED] - println(tabB): null

04-12-2024T07:29:18 - [TEST_STEP][PASSED] - println(o1R): null

04-12-2024T07:29:18 - [TEST_STEP][PASSED] - println(o1B): null

04-12-2024T07:29:18 - [TEST_STEP][PASSED] - PR = <not implemented yet for class: org.codehaus.groovy.ast.expr.EmptyExpression>: null

04-12-2024T07:29:18 - [TEST_STEP][PASSED] - FR = <not implemented yet for class: org.codehaus.groovy.ast.expr.EmptyExpression>: null

04-12-2024T07:29:18 - [TEST_STEP][PASSED] - PB = <not implemented yet for class: org.codehaus.groovy.ast.expr.EmptyExpression>: null

04-12-2024T07:29:18 - [TEST_STEP][PASSED] - FB = <not implemented yet for class: org.codehaus.groovy.ast.expr.EmptyExpression>: null

04-12-2024T07:29:18 - [TEST_STEP][PASSED] - TR = <not implemented yet for class: org.codehaus.groovy.ast.expr.EmptyExpression>: null

04-12-2024T07:29:18 - [TEST_STEP][PASSED] - TB = <not implemented yet for class: org.codehaus.groovy.ast.expr.EmptyExpression>: null

04-12-2024T07:29:18 - [TEST_STEP][PASSED] - sheetName = "Sheet1": null

04-12-2024T07:29:18 - [TEST_STEP][PASSED] - data = findTestData("PlanFact"): null

04-12-2024T07:29:19 - [TEST_STEP][PASSED] - n = data.getRowNumbers() + 1: null

04-12-2024T07:29:19 - [TEST_STEP][PASSED] - year = todaysDate.substring(todaysDate.length() - 4, todaysDate.length()): null

04-12-2024T07:29:19 - [TEST_STEP][PASSED] - y = year.toInteger(): null

04-12-2024T07:29:19 - [TEST_STEP][PASSED] - m = getText(findTestObject("Выполнение бизнес-плана/Выполнение бизнес-плана Балансы/Фильтр Дата")): Text of object 'Object Repository/Выполнение бизнес-плана/Выполнение бизнес-плана Балансы/Фильтр Дата' is: '1, 2, 3 кв., Октябрь 2024 года'

04-12-2024T07:29:19 - [MESSAGE][PASSED] - Text of object 'Object Repository/Выполнение бизнес-плана/Выполнение бизнес-плана Балансы/Фильтр Дата' is: '1, 2, 3 кв., Октябрь 2024 года'

04-12-2024T07:29:19 - [TEST_STEP][PASSED] - m = m.substring(0, m.indexOf("2024")): null

04-12-2024T07:29:19 - [TEST_STEP][PASSED] - m = m.trim(): null

04-12-2024T07:29:19 - [TEST_STEP][PASSED] - dashboardName = "Выполнение бизнес-плана": null

04-12-2024T07:29:19 - [TEST_STEP][PASSED] - workbook01 = getWorkbook(excelFilePath): null

04-12-2024T07:29:19 - [TEST_STEP][PASSED] - sheet01 = getExcelSheet(workbook01, sheetName): null

04-12-2024T07:29:19 - [TEST_STEP][PASSED] - setValueToCellByIndex(sheet01, n, 0, dashboardName): null

04-12-2024T07:29:19 - [TEST_STEP][PASSED] - setValueToCellByIndex(sheet01, n, 1, dZO): null

04-12-2024T07:29:19 - [TEST_STEP][PASSED] - setValueToCellByIndex(sheet01, n, 2, typeOfData): null

04-12-2024T07:29:19 - [TEST_STEP][PASSED] - setValueToCellByIndex(sheet01, n, 3, typeOfData): null

04-12-2024T07:29:19 - [TEST_STEP][PASSED] - if (typeOfData == "План"): null

04-12-2024T07:29:19 - [TEST_STEP][PASSED] - else if (typeOfData == "Факт"): null

04-12-2024T07:29:19 - [TEST_STEP][PASSED] - else if (vidget.contains("электроэнергии") == true): null

04-12-2024T07:29:19 - [TEST_STEP][PASSED] - if (tabR == null): null

04-12-2024T07:29:19 - [TEST_STEP][PASSED] - else: null

04-12-2024T07:29:19 - [TEST_STEP][PASSED] - if (tabR == "нет данных"): null

04-12-2024T07:29:19 - [TEST_STEP][PASSED] - setValueToCellByIndex(sheet01, n, 4, "нет данных"): null

04-12-2024T07:29:19 - [TEST_STEP][PASSED] - if (tabB == null): null

04-12-2024T07:29:19 - [TEST_STEP][PASSED] - else: null

04-12-2024T07:29:19 - [TEST_STEP][PASSED] - if (tabB == "нет данных"): null

04-12-2024T07:29:19 - [TEST_STEP][PASSED] - else: null

04-12-2024T07:29:19 - [TEST_STEP][PASSED] - TB = tabB.toInteger(): null

04-12-2024T07:29:19 - [TEST_STEP][PASSED] - setValueToCellByIndex(sheet01, n, 5, TB): null

04-12-2024T07:29:19 - [TEST_STEP][PASSED] - setValueToCellByIndex(sheet01, n, 6, m): null

04-12-2024T07:29:19 - [TEST_STEP][PASSED] - setValueToCellByIndex(sheet01, n, 7, y): null

04-12-2024T07:29:19 - [TEST_STEP][PASSED] - setValueToCellByIndex(sheet01, n, 8, todaysDate): null

04-12-2024T07:29:19 - [TEST_STEP][PASSED] - n = n + 1: null

04-12-2024T07:29:19 - [TEST_STEP][PASSED] - saveWorkbook(excelFilePath, workbook01): null

04-12-2024T07:29:19 - [TEST_STEP][PASSED] - typeOfData = "План Потери": null

04-12-2024T07:29:19 - [TEST_STEP][PASSED] - tabR = GetPPlanR(x = a): null

04-12-2024T07:29:19 - [TEST_STEP][PASSED] - i1 = <not implemented yet for class: org.codehaus.groovy.ast.expr.EmptyExpression>: null

04-12-2024T07:29:19 - [TEST_STEP][PASSED] - ii = <not implemented yet for class: org.codehaus.groovy.ast.expr.EmptyExpression>: null

04-12-2024T07:29:19 - [TEST_STEP][PASSED] - for ([ii = 1, ii < 9, (ii++)]): null

04-12-2024T07:29:19 - [TEST_STEP][PASSED] - i1 = x.indexOf("/") + 1: null

04-12-2024T07:29:19 - [TEST_STEP][PASSED] - if (i1 > -1): null

04-12-2024T07:29:19 - [TEST_STEP][PASSED] - x = x.substring(i1, x.length()): null

04-12-2024T07:29:19 - [TEST_STEP][PASSED] - println(x): null

04-12-2024T07:29:19 - [TEST_STEP][PASSED] - i1 = x.indexOf("/") + 1: null

04-12-2024T07:29:19 - [TEST_STEP][PASSED] - if (i1 > -1): null

04-12-2024T07:29:19 - [TEST_STEP][PASSED] - x = x.substring(i1, x.length()): null

04-12-2024T07:29:19 - [TEST_STEP][PASSED] - println(x): null

04-12-2024T07:29:19 - [TEST_STEP][PASSED] - i1 = x.indexOf("/") + 1: null

04-12-2024T07:29:19 - [TEST_STEP][PASSED] - if (i1 > -1): null

04-12-2024T07:29:19 - [TEST_STEP][PASSED] - x = x.substring(i1, x.length()): null

04-12-2024T07:29:19 - [TEST_STEP][PASSED] - println(x): null

04-12-2024T07:29:19 - [TEST_STEP][PASSED] - i1 = x.indexOf("/") + 1: null

04-12-2024T07:29:19 - [TEST_STEP][PASSED] - if (i1 > -1): null

04-12-2024T07:29:19 - [TEST_STEP][PASSED] - x = x.substring(i1, x.length()): null

04-12-2024T07:29:19 - [TEST_STEP][PASSED] - println(x): null

04-12-2024T07:29:19 - [TEST_STEP][PASSED] - i1 = x.indexOf("/") + 1: null

04-12-2024T07:29:19 - [TEST_STEP][PASSED] - if (i1 > -1): null

04-12-2024T07:29:19 - [TEST_STEP][PASSED] - x = x.substring(i1, x.length()): null

04-12-2024T07:29:19 - [TEST_STEP][PASSED] - println(x): null

04-12-2024T07:29:19 - [TEST_STEP][PASSED] - i1 = x.indexOf("/") + 1: null

04-12-2024T07:29:19 - [TEST_STEP][PASSED] - if (i1 > -1): null

04-12-2024T07:29:19 - [TEST_STEP][PASSED] - x = x.substring(i1, x.length()): null

04-12-2024T07:29:19 - [TEST_STEP][PASSED] - println(x): null

04-12-2024T07:29:19 - [TEST_STEP][PASSED] - i1 = x.indexOf("/") + 1: null

04-12-2024T07:29:19 - [TEST_STEP][PASSED] - if (i1 > -1): null

04-12-2024T07:29:19 - [TEST_STEP][PASSED] - x = x.substring(i1, x.length()): null

04-12-2024T07:29:19 - [TEST_STEP][PASSED] - println(x): null

04-12-2024T07:29:19 - [TEST_STEP][PASSED] - i1 = x.indexOf("/") + 1: null

04-12-2024T07:29:19 - [TEST_STEP][PASSED] - if (i1 > -1): null

04-12-2024T07:29:19 - [TEST_STEP][PASSED] - x = x.substring(i1, x.length()): null

04-12-2024T07:29:19 - [TEST_STEP][PASSED] - println(x): null

04-12-2024T07:29:19 - [TEST_STEP][PASSED] - i1 = x.indexOf("/"): null

04-12-2024T07:29:19 - [TEST_STEP][PASSED] - if (i1 > -1): null

04-12-2024T07:29:19 - [TEST_STEP][PASSED] - x = x.substring(0, i1): null

04-12-2024T07:29:19 - [TEST_STEP][PASSED] - println(x): null

04-12-2024T07:29:19 - [TEST_STEP][PASSED] - return x: null

04-12-2024T07:29:19 - [TEST_STEP][PASSED] - tabB = GetPPlanB(x = b): null

04-12-2024T07:29:19 - [TEST_STEP][PASSED] - i1 = <not implemented yet for class: org.codehaus.groovy.ast.expr.EmptyExpression>: null

04-12-2024T07:29:19 - [TEST_STEP][PASSED] - ii = <not implemented yet for class: org.codehaus.groovy.ast.expr.EmptyExpression>: null

04-12-2024T07:29:19 - [TEST_STEP][PASSED] - for ([ii = 1, ii < 9, (ii++)]): null

04-12-2024T07:29:19 - [TEST_STEP][PASSED] - i1 = x.indexOf("/") + 1: null

04-12-2024T07:29:19 - [TEST_STEP][PASSED] - if (i1 > -1): null

04-12-2024T07:29:19 - [TEST_STEP][PASSED] - x = x.substring(i1, x.length()): null

04-12-2024T07:29:19 - [TEST_STEP][PASSED] - println(x): null

04-12-2024T07:29:19 - [TEST_STEP][PASSED] - i1 = x.indexOf("/") + 1: null

04-12-2024T07:29:19 - [TEST_STEP][PASSED] - if (i1 > -1): null

04-12-2024T07:29:19 - [TEST_STEP][PASSED] - x = x.substring(i1, x.length()): null

04-12-2024T07:29:19 - [TEST_STEP][PASSED] - println(x): null

04-12-2024T07:29:19 - [TEST_STEP][PASSED] - i1 = x.indexOf("/") + 1: null

04-12-2024T07:29:19 - [TEST_STEP][PASSED] - if (i1 > -1): null

04-12-2024T07:29:19 - [TEST_STEP][PASSED] - x = x.substring(i1, x.length()): null

04-12-2024T07:29:19 - [TEST_STEP][PASSED] - println(x): null

04-12-2024T07:29:19 - [TEST_STEP][PASSED] - i1 = x.indexOf("/") + 1: null

04-12-2024T07:29:19 - [TEST_STEP][PASSED] - if (i1 > -1): null

04-12-2024T07:29:19 - [TEST_STEP][PASSED] - x = x.substring(i1, x.length()): null

04-12-2024T07:29:19 - [TEST_STEP][PASSED] - println(x): null

04-12-2024T07:29:19 - [TEST_STEP][PASSED] - i1 = x.indexOf("/") + 1: null

04-12-2024T07:29:19 - [TEST_STEP][PASSED] - if (i1 > -1): null

04-12-2024T07:29:19 - [TEST_STEP][PASSED] - x = x.substring(i1, x.length()): null

04-12-2024T07:29:19 - [TEST_STEP][PASSED] - println(x): null

04-12-2024T07:29:19 - [TEST_STEP][PASSED] - i1 = x.indexOf("/") + 1: null

04-12-2024T07:29:19 - [TEST_STEP][PASSED] - if (i1 > -1): null

04-12-2024T07:29:19 - [TEST_STEP][PASSED] - x = x.substring(i1, x.length()): null

04-12-2024T07:29:19 - [TEST_STEP][PASSED] - println(x): null

04-12-2024T07:29:19 - [TEST_STEP][PASSED] - i1 = x.indexOf("/") + 1: null

04-12-2024T07:29:19 - [TEST_STEP][PASSED] - if (i1 > -1): null

04-12-2024T07:29:19 - [TEST_STEP][PASSED] - x = x.substring(i1, x.length()): null

04-12-2024T07:29:19 - [TEST_STEP][PASSED] - println(x): null

04-12-2024T07:29:19 - [TEST_STEP][PASSED] - i1 = x.indexOf("/") + 1: null

04-12-2024T07:29:19 - [TEST_STEP][PASSED] - if (i1 > -1): null

04-12-2024T07:29:19 - [TEST_STEP][PASSED] - x = x.substring(i1, x.length()): null

04-12-2024T07:29:19 - [TEST_STEP][PASSED] - println(x): null

04-12-2024T07:29:19 - [TEST_STEP][PASSED] - i1 = x.indexOf("/"): null

04-12-2024T07:29:19 - [TEST_STEP][PASSED] - if (i1 > -1): null

04-12-2024T07:29:19 - [TEST_STEP][PASSED] - x = x.substring(0, i1): null

04-12-2024T07:29:19 - [TEST_STEP][PASSED] - println(x): null

04-12-2024T07:29:19 - [TEST_STEP][FAILED] - return x: null

04-12-2024T07:29:19 - [TEST_STEP][PASSED] - println(tabR + "/" + tabB): null

04-12-2024T07:29:19 - [TEST_STEP][FAILED] - if (verifyEqual(PercFactR, PercFactB) == false): null

04-12-2024T07:29:19 - [MESSAGE][FAILED] - Unable to verify equal between actual object 'нет данных' and expected object '10.72' (Root cause: com.kms.katalon.core.exception.StepFailedException: Actual object 'нет данных' and expected object '10.72' are not equal
	at com.kms.katalon.core.keyword.builtin.VerifyEqualKeyword$_verifyEqual_closure1.doCall(VerifyEqualKeyword.groovy:58)
	at com.kms.katalon.core.keyword.builtin.VerifyEqualKeyword$_verifyEqual_closure1.call(VerifyEqualKeyword.groovy)
	at com.kms.katalon.core.keyword.internal.KeywordMain.runKeyword(KeywordMain.groovy:75)
	at com.kms.katalon.core.keyword.builtin.VerifyEqualKeyword.verifyEqual(VerifyEqualKeyword.groovy:63)
	at com.kms.katalon.core.keyword.builtin.VerifyEqualKeyword.execute(VerifyEqualKeyword.groovy:44)
	at com.kms.katalon.core.keyword.internal.KeywordExecutor.executeKeywordForPlatform(KeywordExecutor.groovy:74)
	at com.kms.katalon.core.keyword.BuiltinKeywords.verifyEqual(BuiltinKeywords.groovy:146)
	at jdk.internal.reflect.GeneratedMethodAccessor25.invoke(Unknown Source)
	at java.base/jdk.internal.reflect.DelegatingMethodAccessorImpl.invoke(DelegatingMethodAccessorImpl.java:43)
	at Выполнение бизнес-плана сверка дашбордов.CompareDZOData(Выполнение бизнес-плана сверка дашбордов:771)
	at Выполнение бизнес-плана сверка дашбордов.run(Выполнение бизнес-плана сверка дашбордов:608)
	at com.kms.katalon.core.main.ScriptEngine.run(ScriptEngine.java:194)
	at com.kms.katalon.core.main.ScriptEngine.runScriptAsRawText(ScriptEngine.java:119)
	at com.kms.katalon.core.main.TestCaseExecutor.runScript(TestCaseExecutor.java:448)
	at com.kms.katalon.core.main.TestCaseExecutor.doExecute(TestCaseExecutor.java:439)
	at com.kms.katalon.core.main.TestCaseExecutor.processExecutionPhase(TestCaseExecutor.java:418)
	at com.kms.katalon.core.main.TestCaseExecutor.accessMainPhase(TestCaseExecutor.java:410)
	at com.kms.katalon.core.main.TestCaseExecutor.execute(TestCaseExecutor.java:285)
	at com.kms.katalon.core.common.CommonExecutor.accessTestCaseMainPhase(CommonExecutor.java:65)
	at com.kms.katalon.core.main.TestSuiteExecutor.accessTestSuiteMainPhase(TestSuiteExecutor.java:150)
	at com.kms.katalon.core.main.TestSuiteExecutor.execute(TestSuiteExecutor.java:106)
	at com.kms.katalon.core.main.TestCaseMain.startTestSuite(TestCaseMain.java:180)
	at TempTestSuite1733285972582.run(TempTestSuite1733285972582.groovy:35)
	at java.base/jdk.internal.reflect.NativeMethodAccessorImpl.invoke0(Native Method)
	at java.base/jdk.internal.reflect.NativeMethodAccessorImpl.invoke(NativeMethodAccessorImpl.java:77)
	at java.base/jdk.internal.reflect.DelegatingMethodAccessorImpl.invoke(DelegatingMethodAccessorImpl.java:43)
)

04-12-2024T07:29:19 - [TEST_STEP][PASSED] - result = WriteToExcel(typeOfData, todaysDate, PercPlanR, PercPlanB, PercFactR, PercFactB, x, tabR, tabB, o1R, o1B, vidget): null

04-12-2024T07:29:19 - [TEST_STEP][PASSED] - iii = dZO.indexOf("/"): null

04-12-2024T07:29:19 - [TEST_STEP][PASSED] - println(iii): null

04-12-2024T07:29:19 - [TEST_STEP][PASSED] - dZO = dZO.substring(0, iii): null

04-12-2024T07:29:19 - [TEST_STEP][PASSED] - println(dZO): null

04-12-2024T07:29:19 - [TEST_STEP][PASSED] - println(PercPlanR): null

04-12-2024T07:29:19 - [TEST_STEP][PASSED] - println(PercPlanB): null

04-12-2024T07:29:19 - [TEST_STEP][PASSED] - println(PercFactR): null

04-12-2024T07:29:19 - [TEST_STEP][PASSED] - println(PercFactB): null

04-12-2024T07:29:19 - [TEST_STEP][PASSED] - println(tabR): null

04-12-2024T07:29:19 - [TEST_STEP][PASSED] - println(tabB): null

04-12-2024T07:29:19 - [TEST_STEP][PASSED] - println(o1R): null

04-12-2024T07:29:19 - [TEST_STEP][PASSED] - println(o1B): null

04-12-2024T07:29:19 - [TEST_STEP][PASSED] - PR = <not implemented yet for class: org.codehaus.groovy.ast.expr.EmptyExpression>: null

04-12-2024T07:29:19 - [TEST_STEP][PASSED] - FR = <not implemented yet for class: org.codehaus.groovy.ast.expr.EmptyExpression>: null

04-12-2024T07:29:19 - [TEST_STEP][PASSED] - PB = <not implemented yet for class: org.codehaus.groovy.ast.expr.EmptyExpression>: null

04-12-2024T07:29:19 - [TEST_STEP][PASSED] - FB = <not implemented yet for class: org.codehaus.groovy.ast.expr.EmptyExpression>: null

04-12-2024T07:29:19 - [TEST_STEP][PASSED] - TR = <not implemented yet for class: org.codehaus.groovy.ast.expr.EmptyExpression>: null

04-12-2024T07:29:19 - [TEST_STEP][PASSED] - TB = <not implemented yet for class: org.codehaus.groovy.ast.expr.EmptyExpression>: null

04-12-2024T07:29:19 - [TEST_STEP][PASSED] - sheetName = "Sheet1": null

04-12-2024T07:29:19 - [TEST_STEP][PASSED] - data = findTestData("PlanFact"): null

04-12-2024T07:29:19 - [TEST_STEP][PASSED] - n = data.getRowNumbers() + 1: null

04-12-2024T07:29:19 - [TEST_STEP][PASSED] - year = todaysDate.substring(todaysDate.length() - 4, todaysDate.length()): null

04-12-2024T07:29:19 - [TEST_STEP][PASSED] - y = year.toInteger(): null

04-12-2024T07:29:19 - [TEST_STEP][PASSED] - m = getText(findTestObject("Выполнение бизнес-плана/Выполнение бизнес-плана Балансы/Фильтр Дата")): Text of object 'Object Repository/Выполнение бизнес-плана/Выполнение бизнес-плана Балансы/Фильтр Дата' is: '1, 2, 3 кв., Октябрь 2024 года'

04-12-2024T07:29:19 - [MESSAGE][PASSED] - Text of object 'Object Repository/Выполнение бизнес-плана/Выполнение бизнес-плана Балансы/Фильтр Дата' is: '1, 2, 3 кв., Октябрь 2024 года'

04-12-2024T07:29:19 - [TEST_STEP][PASSED] - m = m.substring(0, m.indexOf("2024")): null

04-12-2024T07:29:19 - [TEST_STEP][PASSED] - m = m.trim(): null

04-12-2024T07:29:19 - [TEST_STEP][PASSED] - dashboardName = "Выполнение бизнес-плана": null

04-12-2024T07:29:19 - [TEST_STEP][PASSED] - workbook01 = getWorkbook(excelFilePath): null

04-12-2024T07:29:20 - [TEST_STEP][PASSED] - sheet01 = getExcelSheet(workbook01, sheetName): null

04-12-2024T07:29:20 - [TEST_STEP][PASSED] - setValueToCellByIndex(sheet01, n, 0, dashboardName): null

04-12-2024T07:29:20 - [TEST_STEP][PASSED] - setValueToCellByIndex(sheet01, n, 1, dZO): null

04-12-2024T07:29:20 - [TEST_STEP][PASSED] - setValueToCellByIndex(sheet01, n, 2, typeOfData): null

04-12-2024T07:29:20 - [TEST_STEP][PASSED] - setValueToCellByIndex(sheet01, n, 3, typeOfData): null

04-12-2024T07:29:20 - [TEST_STEP][PASSED] - if (typeOfData == "План"): null

04-12-2024T07:29:20 - [TEST_STEP][PASSED] - else if (typeOfData == "Факт"): null

04-12-2024T07:29:20 - [TEST_STEP][PASSED] - else if (vidget.contains("электроэнергии") == true): null

04-12-2024T07:29:20 - [TEST_STEP][PASSED] - if (tabR == null): null

04-12-2024T07:29:20 - [TEST_STEP][PASSED] - else: null

04-12-2024T07:29:20 - [TEST_STEP][PASSED] - if (tabR == "нет данных"): null

04-12-2024T07:29:20 - [TEST_STEP][PASSED] - setValueToCellByIndex(sheet01, n, 4, "нет данных"): null

04-12-2024T07:29:20 - [TEST_STEP][PASSED] - if (tabB == null): null

04-12-2024T07:29:20 - [TEST_STEP][PASSED] - else: null

04-12-2024T07:29:20 - [TEST_STEP][PASSED] - if (tabB == "нет данных"): null

04-12-2024T07:29:20 - [TEST_STEP][PASSED] - else: null

04-12-2024T07:29:20 - [TEST_STEP][PASSED] - TB = tabB.toInteger(): null

04-12-2024T07:29:20 - [TEST_STEP][PASSED] - setValueToCellByIndex(sheet01, n, 5, TB): null

04-12-2024T07:29:20 - [TEST_STEP][PASSED] - setValueToCellByIndex(sheet01, n, 6, m): null

04-12-2024T07:29:20 - [TEST_STEP][PASSED] - setValueToCellByIndex(sheet01, n, 7, y): null

04-12-2024T07:29:20 - [TEST_STEP][PASSED] - setValueToCellByIndex(sheet01, n, 8, todaysDate): null

04-12-2024T07:29:20 - [TEST_STEP][PASSED] - n = n + 1: null

04-12-2024T07:29:20 - [TEST_STEP][PASSED] - saveWorkbook(excelFilePath, workbook01): null

04-12-2024T07:29:20 - [TEST_STEP][PASSED] - ii2 = a.indexOf("ПАО"): null

04-12-2024T07:29:20 - [TEST_STEP][PASSED] - if (ii2 == -1): null

04-12-2024T07:29:20 - [TEST_STEP][PASSED] - vidget = "Отклонения фактического уровня потерь от бизнес-плана": null

04-12-2024T07:29:20 - [TEST_STEP][PASSED] - typeOfData = "Коэффициент": null

04-12-2024T07:29:20 - [TEST_STEP][PASSED] - o1R = Geto1R(x = a): null

04-12-2024T07:29:20 - [TEST_STEP][PASSED] - i1 = <not implemented yet for class: org.codehaus.groovy.ast.expr.EmptyExpression>: null

04-12-2024T07:29:20 - [TEST_STEP][PASSED] - ii = <not implemented yet for class: org.codehaus.groovy.ast.expr.EmptyExpression>: null

04-12-2024T07:29:20 - [TEST_STEP][PASSED] - for ([ii = 1, ii < 10, (ii++)]): null

04-12-2024T07:29:20 - [TEST_STEP][PASSED] - i1 = x.indexOf("/") + 1: null

04-12-2024T07:29:20 - [TEST_STEP][PASSED] - if (i1 > -1): null

04-12-2024T07:29:20 - [TEST_STEP][PASSED] - x = x.substring(i1, x.length()): null

04-12-2024T07:29:20 - [TEST_STEP][PASSED] - i1 = x.indexOf("/") + 1: null

04-12-2024T07:29:20 - [TEST_STEP][PASSED] - if (i1 > -1): null

04-12-2024T07:29:20 - [TEST_STEP][PASSED] - x = x.substring(i1, x.length()): null

04-12-2024T07:29:20 - [TEST_STEP][PASSED] - i1 = x.indexOf("/") + 1: null

04-12-2024T07:29:20 - [TEST_STEP][PASSED] - if (i1 > -1): null

04-12-2024T07:29:20 - [TEST_STEP][PASSED] - x = x.substring(i1, x.length()): null

04-12-2024T07:29:20 - [TEST_STEP][PASSED] - i1 = x.indexOf("/") + 1: null

04-12-2024T07:29:20 - [TEST_STEP][PASSED] - if (i1 > -1): null

04-12-2024T07:29:20 - [TEST_STEP][PASSED] - x = x.substring(i1, x.length()): null

04-12-2024T07:29:20 - [TEST_STEP][PASSED] - i1 = x.indexOf("/") + 1: null

04-12-2024T07:29:20 - [TEST_STEP][PASSED] - if (i1 > -1): null

04-12-2024T07:29:20 - [TEST_STEP][PASSED] - x = x.substring(i1, x.length()): null

04-12-2024T07:29:20 - [TEST_STEP][PASSED] - i1 = x.indexOf("/") + 1: null

04-12-2024T07:29:20 - [TEST_STEP][PASSED] - if (i1 > -1): null

04-12-2024T07:29:20 - [TEST_STEP][PASSED] - x = x.substring(i1, x.length()): null

04-12-2024T07:29:20 - [TEST_STEP][PASSED] - i1 = x.indexOf("/") + 1: null

04-12-2024T07:29:20 - [TEST_STEP][PASSED] - if (i1 > -1): null

04-12-2024T07:29:20 - [TEST_STEP][PASSED] - x = x.substring(i1, x.length()): null

04-12-2024T07:29:20 - [TEST_STEP][PASSED] - i1 = x.indexOf("/") + 1: null

04-12-2024T07:29:20 - [TEST_STEP][PASSED] - if (i1 > -1): null

04-12-2024T07:29:20 - [TEST_STEP][PASSED] - x = x.substring(i1, x.length()): null

04-12-2024T07:29:20 - [TEST_STEP][PASSED] - i1 = x.indexOf("/") + 1: null

04-12-2024T07:29:20 - [TEST_STEP][PASSED] - if (i1 > -1): null

04-12-2024T07:29:20 - [TEST_STEP][PASSED] - x = x.substring(i1, x.length()): null

04-12-2024T07:29:20 - [TEST_STEP][PASSED] - i1 = x.indexOf("/"): null

04-12-2024T07:29:20 - [TEST_STEP][PASSED] - if (i1 > -1): null

04-12-2024T07:29:20 - [TEST_STEP][PASSED] - println(x): null

04-12-2024T07:29:20 - [TEST_STEP][PASSED] - return x: null

04-12-2024T07:29:20 - [TEST_STEP][PASSED] - o1B = Geto1B(x = b): null

04-12-2024T07:29:20 - [TEST_STEP][PASSED] - i1 = <not implemented yet for class: org.codehaus.groovy.ast.expr.EmptyExpression>: null

04-12-2024T07:29:20 - [TEST_STEP][PASSED] - ii = <not implemented yet for class: org.codehaus.groovy.ast.expr.EmptyExpression>: null

04-12-2024T07:29:20 - [TEST_STEP][PASSED] - for ([ii = 1, ii < 10, (ii++)]): null

04-12-2024T07:29:20 - [TEST_STEP][PASSED] - i1 = x.indexOf("/") + 1: null

04-12-2024T07:29:20 - [TEST_STEP][PASSED] - if (i1 > -1): null

04-12-2024T07:29:20 - [TEST_STEP][PASSED] - x = x.substring(i1, x.length()): null

04-12-2024T07:29:20 - [TEST_STEP][PASSED] - i1 = x.indexOf("/") + 1: null

04-12-2024T07:29:20 - [TEST_STEP][PASSED] - if (i1 > -1): null

04-12-2024T07:29:20 - [TEST_STEP][PASSED] - x = x.substring(i1, x.length()): null

04-12-2024T07:29:20 - [TEST_STEP][PASSED] - i1 = x.indexOf("/") + 1: null

04-12-2024T07:29:20 - [TEST_STEP][PASSED] - if (i1 > -1): null

04-12-2024T07:29:20 - [TEST_STEP][PASSED] - x = x.substring(i1, x.length()): null

04-12-2024T07:29:20 - [TEST_STEP][PASSED] - i1 = x.indexOf("/") + 1: null

04-12-2024T07:29:20 - [TEST_STEP][PASSED] - if (i1 > -1): null

04-12-2024T07:29:20 - [TEST_STEP][PASSED] - x = x.substring(i1, x.length()): null

04-12-2024T07:29:20 - [TEST_STEP][PASSED] - i1 = x.indexOf("/") + 1: null

04-12-2024T07:29:20 - [TEST_STEP][PASSED] - if (i1 > -1): null

04-12-2024T07:29:20 - [TEST_STEP][PASSED] - x = x.substring(i1, x.length()): null

04-12-2024T07:29:20 - [TEST_STEP][PASSED] - i1 = x.indexOf("/") + 1: null

04-12-2024T07:29:20 - [TEST_STEP][PASSED] - if (i1 > -1): null

04-12-2024T07:29:20 - [TEST_STEP][PASSED] - x = x.substring(i1, x.length()): null

04-12-2024T07:29:20 - [TEST_STEP][PASSED] - i1 = x.indexOf("/") + 1: null

04-12-2024T07:29:20 - [TEST_STEP][PASSED] - if (i1 > -1): null

04-12-2024T07:29:20 - [TEST_STEP][PASSED] - x = x.substring(i1, x.length()): null

04-12-2024T07:29:20 - [TEST_STEP][PASSED] - i1 = x.indexOf("/") + 1: null

04-12-2024T07:29:20 - [TEST_STEP][PASSED] - if (i1 > -1): null

04-12-2024T07:29:20 - [TEST_STEP][PASSED] - x = x.substring(i1, x.length()): null

04-12-2024T07:29:20 - [TEST_STEP][PASSED] - i1 = x.indexOf("/") + 1: null

04-12-2024T07:29:20 - [TEST_STEP][PASSED] - if (i1 > -1): null

04-12-2024T07:29:20 - [TEST_STEP][PASSED] - x = x.substring(i1, x.length()): null

04-12-2024T07:29:20 - [TEST_STEP][PASSED] - i1 = x.indexOf("/"): null

04-12-2024T07:29:20 - [TEST_STEP][PASSED] - if (i1 > -1): null

04-12-2024T07:29:20 - [TEST_STEP][PASSED] - println(x): null

04-12-2024T07:29:20 - [TEST_STEP][FAILED] - return x: null

04-12-2024T07:29:20 - [TEST_STEP][PASSED] - println(o1R + "/" + o1B): null

04-12-2024T07:29:20 - [TEST_STEP][FAILED] - if (verifyEqual(PercFactR, PercFactB) == false): null

04-12-2024T07:29:20 - [MESSAGE][FAILED] - Unable to verify equal between actual object 'нет данных' and expected object '10.72' (Root cause: com.kms.katalon.core.exception.StepFailedException: Actual object 'нет данных' and expected object '10.72' are not equal
	at com.kms.katalon.core.keyword.builtin.VerifyEqualKeyword$_verifyEqual_closure1.doCall(VerifyEqualKeyword.groovy:58)
	at com.kms.katalon.core.keyword.builtin.VerifyEqualKeyword$_verifyEqual_closure1.call(VerifyEqualKeyword.groovy)
	at com.kms.katalon.core.keyword.internal.KeywordMain.runKeyword(KeywordMain.groovy:75)
	at com.kms.katalon.core.keyword.builtin.VerifyEqualKeyword.verifyEqual(VerifyEqualKeyword.groovy:63)
	at com.kms.katalon.core.keyword.builtin.VerifyEqualKeyword.execute(VerifyEqualKeyword.groovy:44)
	at com.kms.katalon.core.keyword.internal.KeywordExecutor.executeKeywordForPlatform(KeywordExecutor.groovy:74)
	at com.kms.katalon.core.keyword.BuiltinKeywords.verifyEqual(BuiltinKeywords.groovy:146)
	at jdk.internal.reflect.GeneratedMethodAccessor25.invoke(Unknown Source)
	at java.base/jdk.internal.reflect.DelegatingMethodAccessorImpl.invoke(DelegatingMethodAccessorImpl.java:43)
	at Выполнение бизнес-плана сверка дашбордов.CompareDZOData(Выполнение бизнес-плана сверка дашбордов:789)
	at Выполнение бизнес-плана сверка дашбордов.run(Выполнение бизнес-плана сверка дашбордов:608)
	at com.kms.katalon.core.main.ScriptEngine.run(ScriptEngine.java:194)
	at com.kms.katalon.core.main.ScriptEngine.runScriptAsRawText(ScriptEngine.java:119)
	at com.kms.katalon.core.main.TestCaseExecutor.runScript(TestCaseExecutor.java:448)
	at com.kms.katalon.core.main.TestCaseExecutor.doExecute(TestCaseExecutor.java:439)
	at com.kms.katalon.core.main.TestCaseExecutor.processExecutionPhase(TestCaseExecutor.java:418)
	at com.kms.katalon.core.main.TestCaseExecutor.accessMainPhase(TestCaseExecutor.java:410)
	at com.kms.katalon.core.main.TestCaseExecutor.execute(TestCaseExecutor.java:285)
	at com.kms.katalon.core.common.CommonExecutor.accessTestCaseMainPhase(CommonExecutor.java:65)
	at com.kms.katalon.core.main.TestSuiteExecutor.accessTestSuiteMainPhase(TestSuiteExecutor.java:150)
	at com.kms.katalon.core.main.TestSuiteExecutor.execute(TestSuiteExecutor.java:106)
	at com.kms.katalon.core.main.TestCaseMain.startTestSuite(TestCaseMain.java:180)
	at TempTestSuite1733285972582.run(TempTestSuite1733285972582.groovy:35)
	at java.base/jdk.internal.reflect.NativeMethodAccessorImpl.invoke0(Native Method)
	at java.base/jdk.internal.reflect.NativeMethodAccessorImpl.invoke(NativeMethodAccessorImpl.java:77)
	at java.base/jdk.internal.reflect.DelegatingMethodAccessorImpl.invoke(DelegatingMethodAccessorImpl.java:43)
)

04-12-2024T07:29:20 - [TEST_STEP][PASSED] - result = WriteToExcel(typeOfData, todaysDate, PercPlanR, PercPlanB, PercFactR, PercFactB, x, tabR, tabB, o1R, o1B, vidget): null

04-12-2024T07:29:20 - [TEST_STEP][PASSED] - iii = dZO.indexOf("/"): null

04-12-2024T07:29:20 - [TEST_STEP][PASSED] - println(iii): null

04-12-2024T07:29:20 - [TEST_STEP][PASSED] - dZO = dZO.substring(0, iii): null

04-12-2024T07:29:20 - [TEST_STEP][PASSED] - println(dZO): null

04-12-2024T07:29:20 - [TEST_STEP][PASSED] - println(PercPlanR): null

04-12-2024T07:29:20 - [TEST_STEP][PASSED] - println(PercPlanB): null

04-12-2024T07:29:20 - [TEST_STEP][PASSED] - println(PercFactR): null

04-12-2024T07:29:20 - [TEST_STEP][PASSED] - println(PercFactB): null

04-12-2024T07:29:20 - [TEST_STEP][PASSED] - println(tabR): null

04-12-2024T07:29:20 - [TEST_STEP][PASSED] - println(tabB): null

04-12-2024T07:29:20 - [TEST_STEP][PASSED] - println(o1R): null

04-12-2024T07:29:20 - [TEST_STEP][PASSED] - println(o1B): null

04-12-2024T07:29:20 - [TEST_STEP][PASSED] - PR = <not implemented yet for class: org.codehaus.groovy.ast.expr.EmptyExpression>: null

04-12-2024T07:29:20 - [TEST_STEP][PASSED] - FR = <not implemented yet for class: org.codehaus.groovy.ast.expr.EmptyExpression>: null

04-12-2024T07:29:20 - [TEST_STEP][PASSED] - PB = <not implemented yet for class: org.codehaus.groovy.ast.expr.EmptyExpression>: null

04-12-2024T07:29:20 - [TEST_STEP][PASSED] - FB = <not implemented yet for class: org.codehaus.groovy.ast.expr.EmptyExpression>: null

04-12-2024T07:29:20 - [TEST_STEP][PASSED] - TR = <not implemented yet for class: org.codehaus.groovy.ast.expr.EmptyExpression>: null

04-12-2024T07:29:20 - [TEST_STEP][PASSED] - TB = <not implemented yet for class: org.codehaus.groovy.ast.expr.EmptyExpression>: null

04-12-2024T07:29:20 - [TEST_STEP][PASSED] - sheetName = "Sheet1": null

04-12-2024T07:29:20 - [TEST_STEP][PASSED] - data = findTestData("PlanFact"): null

04-12-2024T07:29:20 - [TEST_STEP][PASSED] - n = data.getRowNumbers() + 1: null

04-12-2024T07:29:20 - [TEST_STEP][PASSED] - year = todaysDate.substring(todaysDate.length() - 4, todaysDate.length()): null

04-12-2024T07:29:20 - [TEST_STEP][PASSED] - y = year.toInteger(): null

04-12-2024T07:29:20 - [TEST_STEP][PASSED] - m = getText(findTestObject("Выполнение бизнес-плана/Выполнение бизнес-плана Балансы/Фильтр Дата")): Text of object 'Object Repository/Выполнение бизнес-плана/Выполнение бизнес-плана Балансы/Фильтр Дата' is: '1, 2, 3 кв., Октябрь 2024 года'

04-12-2024T07:29:20 - [MESSAGE][PASSED] - Text of object 'Object Repository/Выполнение бизнес-плана/Выполнение бизнес-плана Балансы/Фильтр Дата' is: '1, 2, 3 кв., Октябрь 2024 года'

04-12-2024T07:29:20 - [TEST_STEP][PASSED] - m = m.substring(0, m.indexOf("2024")): null

04-12-2024T07:29:20 - [TEST_STEP][PASSED] - m = m.trim(): null

04-12-2024T07:29:20 - [TEST_STEP][PASSED] - dashboardName = "Выполнение бизнес-плана": null

04-12-2024T07:29:20 - [TEST_STEP][PASSED] - workbook01 = getWorkbook(excelFilePath): null

04-12-2024T07:29:20 - [TEST_STEP][PASSED] - sheet01 = getExcelSheet(workbook01, sheetName): null

04-12-2024T07:29:20 - [TEST_STEP][PASSED] - setValueToCellByIndex(sheet01, n, 0, dashboardName): null

04-12-2024T07:29:20 - [TEST_STEP][PASSED] - setValueToCellByIndex(sheet01, n, 1, dZO): null

04-12-2024T07:29:20 - [TEST_STEP][PASSED] - setValueToCellByIndex(sheet01, n, 2, typeOfData): null

04-12-2024T07:29:20 - [TEST_STEP][PASSED] - setValueToCellByIndex(sheet01, n, 3, typeOfData): null

04-12-2024T07:29:20 - [TEST_STEP][PASSED] - if (typeOfData == "План"): null

04-12-2024T07:29:20 - [TEST_STEP][PASSED] - else if (typeOfData == "Факт"): null

04-12-2024T07:29:20 - [TEST_STEP][PASSED] - else if (vidget.contains("электроэнергии") == true): null

04-12-2024T07:29:20 - [TEST_STEP][PASSED] - else: null

04-12-2024T07:29:20 - [TEST_STEP][PASSED] - if (o1R == null): null

04-12-2024T07:29:20 - [TEST_STEP][PASSED] - else: null

04-12-2024T07:29:20 - [TEST_STEP][PASSED] - if (o1R == "нет данных"): null

04-12-2024T07:29:20 - [TEST_STEP][PASSED] - setValueToCellByIndex(sheet01, n, 4, "нет данных"): null

04-12-2024T07:29:20 - [TEST_STEP][PASSED] - if (o1B == null): null

04-12-2024T07:29:20 - [TEST_STEP][PASSED] - else: null

04-12-2024T07:29:20 - [TEST_STEP][PASSED] - if (o1B == "нет данных"): null

04-12-2024T07:29:20 - [TEST_STEP][PASSED] - else: null

04-12-2024T07:29:20 - [TEST_STEP][PASSED] - FB = o1B.toDouble(): null

04-12-2024T07:29:20 - [TEST_STEP][PASSED] - setValueToCellByIndex(sheet01, n, 5, FB): null

04-12-2024T07:29:20 - [TEST_STEP][PASSED] - setValueToCellByIndex(sheet01, n, 6, m): null

04-12-2024T07:29:20 - [TEST_STEP][PASSED] - setValueToCellByIndex(sheet01, n, 7, y): null

04-12-2024T07:29:20 - [TEST_STEP][PASSED] - setValueToCellByIndex(sheet01, n, 8, todaysDate): null

04-12-2024T07:29:20 - [TEST_STEP][PASSED] - n = n + 1: null

04-12-2024T07:29:20 - [TEST_STEP][FAILED] - saveWorkbook(excelFilePath, workbook01): null

04-12-2024T07:29:20 - [TEST_STEP][FAILED] - if (verifyEqual(mR, mB) == false): null

04-12-2024T07:29:20 - [MESSAGE][FAILED] - Unable to verify equal between actual object 'Россети Московский регион/нет данных/нет данных/нет данных/нет данных/нет данных/нет данных/нет данных/нет данных/нет данных' and expected object 'Россети Московский регион/7.26/7.35/84423998/78218926/6205073/80544314/74697878/5846436/0.09' (Root cause: com.kms.katalon.core.exception.StepFailedException: Actual object 'Россети Московский регион/нет данных/нет данных/нет данных/нет данных/нет данных/нет данных/нет данных/нет данных/нет данных' and expected object 'Россети Московский регион/7.26/7.35/84423998/78218926/6205073/80544314/74697878/5846436/0.09' are not equal
	at com.kms.katalon.core.keyword.builtin.VerifyEqualKeyword$_verifyEqual_closure1.doCall(VerifyEqualKeyword.groovy:58)
	at com.kms.katalon.core.keyword.builtin.VerifyEqualKeyword$_verifyEqual_closure1.call(VerifyEqualKeyword.groovy)
	at com.kms.katalon.core.keyword.internal.KeywordMain.runKeyword(KeywordMain.groovy:75)
	at com.kms.katalon.core.keyword.builtin.VerifyEqualKeyword.verifyEqual(VerifyEqualKeyword.groovy:63)
	at com.kms.katalon.core.keyword.builtin.VerifyEqualKeyword.execute(VerifyEqualKeyword.groovy:44)
	at com.kms.katalon.core.keyword.internal.KeywordExecutor.executeKeywordForPlatform(KeywordExecutor.groovy:74)
	at com.kms.katalon.core.keyword.BuiltinKeywords.verifyEqual(BuiltinKeywords.groovy:146)
	at jdk.internal.reflect.GeneratedMethodAccessor25.invoke(Unknown Source)
	at java.base/jdk.internal.reflect.DelegatingMethodAccessorImpl.invoke(DelegatingMethodAccessorImpl.java:43)
	at Выполнение бизнес-плана сверка дашбордов.run(Выполнение бизнес-плана сверка дашбордов:612)
	at com.kms.katalon.core.main.ScriptEngine.run(ScriptEngine.java:194)
	at com.kms.katalon.core.main.ScriptEngine.runScriptAsRawText(ScriptEngine.java:119)
	at com.kms.katalon.core.main.TestCaseExecutor.runScript(TestCaseExecutor.java:448)
	at com.kms.katalon.core.main.TestCaseExecutor.doExecute(TestCaseExecutor.java:439)
	at com.kms.katalon.core.main.TestCaseExecutor.processExecutionPhase(TestCaseExecutor.java:418)
	at com.kms.katalon.core.main.TestCaseExecutor.accessMainPhase(TestCaseExecutor.java:410)
	at com.kms.katalon.core.main.TestCaseExecutor.execute(TestCaseExecutor.java:285)
	at com.kms.katalon.core.common.CommonExecutor.accessTestCaseMainPhase(CommonExecutor.java:65)
	at com.kms.katalon.core.main.TestSuiteExecutor.accessTestSuiteMainPhase(TestSuiteExecutor.java:150)
	at com.kms.katalon.core.main.TestSuiteExecutor.execute(TestSuiteExecutor.java:106)
	at com.kms.katalon.core.main.TestCaseMain.startTestSuite(TestCaseMain.java:180)
	at TempTestSuite1733285972582.run(TempTestSuite1733285972582.groovy:35)
	at java.base/jdk.internal.reflect.NativeMethodAccessorImpl.invoke0(Native Method)
	at java.base/jdk.internal.reflect.NativeMethodAccessorImpl.invoke(NativeMethodAccessorImpl.java:77)
	at java.base/jdk.internal.reflect.DelegatingMethodAccessorImpl.invoke(DelegatingMethodAccessorImpl.java:43)
)

04-12-2024T07:29:20 - [TEST_STEP][PASSED] - result = CompareDZOData(a = mR, b = mB, dZO, typeOfData, PercPlanR, PercPlanB, PercFactR, PercFactB, todaysDate, x, vidget, tabR, tabB, o1R, o1B): null

04-12-2024T07:29:20 - [TEST_STEP][PASSED] - ii2 = <not implemented yet for class: org.codehaus.groovy.ast.expr.EmptyExpression>: null

04-12-2024T07:29:20 - [TEST_STEP][FAILED] - if (verifyEqual(a, b) == false): null

04-12-2024T07:29:20 - [MESSAGE][FAILED] - Unable to verify equal between actual object 'Россети Московский регион/нет данных/нет данных/нет данных/нет данных/нет данных/нет данных/нет данных/нет данных/нет данных' and expected object 'Россети Московский регион/7.26/7.35/84423998/78218926/6205073/80544314/74697878/5846436/0.09' (Root cause: com.kms.katalon.core.exception.StepFailedException: Actual object 'Россети Московский регион/нет данных/нет данных/нет данных/нет данных/нет данных/нет данных/нет данных/нет данных/нет данных' and expected object 'Россети Московский регион/7.26/7.35/84423998/78218926/6205073/80544314/74697878/5846436/0.09' are not equal
	at com.kms.katalon.core.keyword.builtin.VerifyEqualKeyword$_verifyEqual_closure1.doCall(VerifyEqualKeyword.groovy:58)
	at com.kms.katalon.core.keyword.builtin.VerifyEqualKeyword$_verifyEqual_closure1.call(VerifyEqualKeyword.groovy)
	at com.kms.katalon.core.keyword.internal.KeywordMain.runKeyword(KeywordMain.groovy:75)
	at com.kms.katalon.core.keyword.builtin.VerifyEqualKeyword.verifyEqual(VerifyEqualKeyword.groovy:63)
	at com.kms.katalon.core.keyword.builtin.VerifyEqualKeyword.execute(VerifyEqualKeyword.groovy:44)
	at com.kms.katalon.core.keyword.internal.KeywordExecutor.executeKeywordForPlatform(KeywordExecutor.groovy:74)
	at com.kms.katalon.core.keyword.BuiltinKeywords.verifyEqual(BuiltinKeywords.groovy:146)
	at jdk.internal.reflect.GeneratedMethodAccessor25.invoke(Unknown Source)
	at java.base/jdk.internal.reflect.DelegatingMethodAccessorImpl.invoke(DelegatingMethodAccessorImpl.java:43)
	at Выполнение бизнес-плана сверка дашбордов.CompareDZOData(Выполнение бизнес-плана сверка дашбордов:673)
	at Выполнение бизнес-плана сверка дашбордов.run(Выполнение бизнес-плана сверка дашбордов:613)
	at com.kms.katalon.core.main.ScriptEngine.run(ScriptEngine.java:194)
	at com.kms.katalon.core.main.ScriptEngine.runScriptAsRawText(ScriptEngine.java:119)
	at com.kms.katalon.core.main.TestCaseExecutor.runScript(TestCaseExecutor.java:448)
	at com.kms.katalon.core.main.TestCaseExecutor.doExecute(TestCaseExecutor.java:439)
	at com.kms.katalon.core.main.TestCaseExecutor.processExecutionPhase(TestCaseExecutor.java:418)
	at com.kms.katalon.core.main.TestCaseExecutor.accessMainPhase(TestCaseExecutor.java:410)
	at com.kms.katalon.core.main.TestCaseExecutor.execute(TestCaseExecutor.java:285)
	at com.kms.katalon.core.common.CommonExecutor.accessTestCaseMainPhase(CommonExecutor.java:65)
	at com.kms.katalon.core.main.TestSuiteExecutor.accessTestSuiteMainPhase(TestSuiteExecutor.java:150)
	at com.kms.katalon.core.main.TestSuiteExecutor.execute(TestSuiteExecutor.java:106)
	at com.kms.katalon.core.main.TestCaseMain.startTestSuite(TestCaseMain.java:180)
	at TempTestSuite1733285972582.run(TempTestSuite1733285972582.groovy:35)
	at java.base/jdk.internal.reflect.NativeMethodAccessorImpl.invoke0(Native Method)
	at java.base/jdk.internal.reflect.NativeMethodAccessorImpl.invoke(NativeMethodAccessorImpl.java:77)
	at java.base/jdk.internal.reflect.DelegatingMethodAccessorImpl.invoke(DelegatingMethodAccessorImpl.java:43)
)

04-12-2024T07:29:20 - [TEST_STEP][PASSED] - vidget = "Уровень потерь электроэнергии": null

04-12-2024T07:29:20 - [TEST_STEP][PASSED] - typeOfData = "План": null

04-12-2024T07:29:20 - [TEST_STEP][PASSED] - PercPlanR = GetPercPlanR(x = a): null

04-12-2024T07:29:20 - [TEST_STEP][PASSED] - i1 = <not implemented yet for class: org.codehaus.groovy.ast.expr.EmptyExpression>: null

04-12-2024T07:29:20 - [TEST_STEP][PASSED] - i1 = x.indexOf("/") + 1: null

04-12-2024T07:29:20 - [TEST_STEP][PASSED] - if (i1 > -1): null

04-12-2024T07:29:20 - [TEST_STEP][PASSED] - x = x.substring(i1, x.length()): null

04-12-2024T07:29:20 - [TEST_STEP][PASSED] - i1 = x.indexOf("/"): null

04-12-2024T07:29:20 - [TEST_STEP][PASSED] - if (i1 > -1): null

04-12-2024T07:29:20 - [TEST_STEP][PASSED] - x = x.substring(0, i1): null

04-12-2024T07:29:20 - [TEST_STEP][PASSED] - return x: null

04-12-2024T07:29:20 - [TEST_STEP][PASSED] - PercPlanB = GetPercPlanB(x = b): null

04-12-2024T07:29:20 - [TEST_STEP][PASSED] - i1 = <not implemented yet for class: org.codehaus.groovy.ast.expr.EmptyExpression>: null

04-12-2024T07:29:20 - [TEST_STEP][PASSED] - i1 = x.indexOf("/") + 1: null

04-12-2024T07:29:20 - [TEST_STEP][PASSED] - if (i1 > -1): null

04-12-2024T07:29:20 - [TEST_STEP][PASSED] - x = x.substring(i1, x.length()): null

04-12-2024T07:29:20 - [TEST_STEP][PASSED] - i1 = x.indexOf("/"): null

04-12-2024T07:29:20 - [TEST_STEP][PASSED] - if (i1 > -1): null

04-12-2024T07:29:20 - [TEST_STEP][PASSED] - x = x.substring(0, i1): null

04-12-2024T07:29:20 - [TEST_STEP][FAILED] - return x: null

04-12-2024T07:29:20 - [TEST_STEP][FAILED] - if (verifyEqual(PercPlanR, PercPlanB) == false): null

04-12-2024T07:29:20 - [MESSAGE][FAILED] - Unable to verify equal between actual object 'нет данных' and expected object '7.26' (Root cause: com.kms.katalon.core.exception.StepFailedException: Actual object 'нет данных' and expected object '7.26' are not equal
	at com.kms.katalon.core.keyword.builtin.VerifyEqualKeyword$_verifyEqual_closure1.doCall(VerifyEqualKeyword.groovy:58)
	at com.kms.katalon.core.keyword.builtin.VerifyEqualKeyword$_verifyEqual_closure1.call(VerifyEqualKeyword.groovy)
	at com.kms.katalon.core.keyword.internal.KeywordMain.runKeyword(KeywordMain.groovy:75)
	at com.kms.katalon.core.keyword.builtin.VerifyEqualKeyword.verifyEqual(VerifyEqualKeyword.groovy:63)
	at com.kms.katalon.core.keyword.builtin.VerifyEqualKeyword.execute(VerifyEqualKeyword.groovy:44)
	at com.kms.katalon.core.keyword.internal.KeywordExecutor.executeKeywordForPlatform(KeywordExecutor.groovy:74)
	at com.kms.katalon.core.keyword.BuiltinKeywords.verifyEqual(BuiltinKeywords.groovy:146)
	at jdk.internal.reflect.GeneratedMethodAccessor25.invoke(Unknown Source)
	at java.base/jdk.internal.reflect.DelegatingMethodAccessorImpl.invoke(DelegatingMethodAccessorImpl.java:43)
	at Выполнение бизнес-плана сверка дашбордов.CompareDZOData(Выполнение бизнес-плана сверка дашбордов:682)
	at Выполнение бизнес-плана сверка дашбордов.run(Выполнение бизнес-плана сверка дашбордов:613)
	at com.kms.katalon.core.main.ScriptEngine.run(ScriptEngine.java:194)
	at com.kms.katalon.core.main.ScriptEngine.runScriptAsRawText(ScriptEngine.java:119)
	at com.kms.katalon.core.main.TestCaseExecutor.runScript(TestCaseExecutor.java:448)
	at com.kms.katalon.core.main.TestCaseExecutor.doExecute(TestCaseExecutor.java:439)
	at com.kms.katalon.core.main.TestCaseExecutor.processExecutionPhase(TestCaseExecutor.java:418)
	at com.kms.katalon.core.main.TestCaseExecutor.accessMainPhase(TestCaseExecutor.java:410)
	at com.kms.katalon.core.main.TestCaseExecutor.execute(TestCaseExecutor.java:285)
	at com.kms.katalon.core.common.CommonExecutor.accessTestCaseMainPhase(CommonExecutor.java:65)
	at com.kms.katalon.core.main.TestSuiteExecutor.accessTestSuiteMainPhase(TestSuiteExecutor.java:150)
	at com.kms.katalon.core.main.TestSuiteExecutor.execute(TestSuiteExecutor.java:106)
	at com.kms.katalon.core.main.TestCaseMain.startTestSuite(TestCaseMain.java:180)
	at TempTestSuite1733285972582.run(TempTestSuite1733285972582.groovy:35)
	at java.base/jdk.internal.reflect.NativeMethodAccessorImpl.invoke0(Native Method)
	at java.base/jdk.internal.reflect.NativeMethodAccessorImpl.invoke(NativeMethodAccessorImpl.java:77)
	at java.base/jdk.internal.reflect.DelegatingMethodAccessorImpl.invoke(DelegatingMethodAccessorImpl.java:43)
)

04-12-2024T07:29:20 - [TEST_STEP][PASSED] - result = WriteToExcel(typeOfData, todaysDate, PercPlanR, PercPlanB, PercFactR, PercFactB, x, tabR, tabB, o1R, o1B, vidget): null

04-12-2024T07:29:20 - [TEST_STEP][PASSED] - iii = dZO.indexOf("/"): null

04-12-2024T07:29:20 - [TEST_STEP][PASSED] - println(iii): null

04-12-2024T07:29:20 - [TEST_STEP][PASSED] - dZO = dZO.substring(0, iii): null

04-12-2024T07:29:20 - [TEST_STEP][PASSED] - println(dZO): null

04-12-2024T07:29:20 - [TEST_STEP][PASSED] - println(PercPlanR): null

04-12-2024T07:29:20 - [TEST_STEP][PASSED] - println(PercPlanB): null

04-12-2024T07:29:20 - [TEST_STEP][PASSED] - println(PercFactR): null

04-12-2024T07:29:20 - [TEST_STEP][PASSED] - println(PercFactB): null

04-12-2024T07:29:20 - [TEST_STEP][PASSED] - println(tabR): null

04-12-2024T07:29:20 - [TEST_STEP][PASSED] - println(tabB): null

04-12-2024T07:29:20 - [TEST_STEP][PASSED] - println(o1R): null

04-12-2024T07:29:20 - [TEST_STEP][PASSED] - println(o1B): null

04-12-2024T07:29:20 - [TEST_STEP][PASSED] - PR = <not implemented yet for class: org.codehaus.groovy.ast.expr.EmptyExpression>: null

04-12-2024T07:29:20 - [TEST_STEP][PASSED] - FR = <not implemented yet for class: org.codehaus.groovy.ast.expr.EmptyExpression>: null

04-12-2024T07:29:20 - [TEST_STEP][PASSED] - PB = <not implemented yet for class: org.codehaus.groovy.ast.expr.EmptyExpression>: null

04-12-2024T07:29:20 - [TEST_STEP][PASSED] - FB = <not implemented yet for class: org.codehaus.groovy.ast.expr.EmptyExpression>: null

04-12-2024T07:29:20 - [TEST_STEP][PASSED] - TR = <not implemented yet for class: org.codehaus.groovy.ast.expr.EmptyExpression>: null

04-12-2024T07:29:20 - [TEST_STEP][PASSED] - TB = <not implemented yet for class: org.codehaus.groovy.ast.expr.EmptyExpression>: null

04-12-2024T07:29:20 - [TEST_STEP][PASSED] - sheetName = "Sheet1": null

04-12-2024T07:29:20 - [TEST_STEP][PASSED] - data = findTestData("PlanFact"): null

04-12-2024T07:29:20 - [TEST_STEP][PASSED] - n = data.getRowNumbers() + 1: null

04-12-2024T07:29:20 - [TEST_STEP][PASSED] - year = todaysDate.substring(todaysDate.length() - 4, todaysDate.length()): null

04-12-2024T07:29:20 - [TEST_STEP][PASSED] - y = year.toInteger(): null

04-12-2024T07:29:20 - [TEST_STEP][PASSED] - m = getText(findTestObject("Выполнение бизнес-плана/Выполнение бизнес-плана Балансы/Фильтр Дата")): Text of object 'Object Repository/Выполнение бизнес-плана/Выполнение бизнес-плана Балансы/Фильтр Дата' is: '1, 2, 3 кв., Октябрь 2024 года'

04-12-2024T07:29:21 - [MESSAGE][PASSED] - Text of object 'Object Repository/Выполнение бизнес-плана/Выполнение бизнес-плана Балансы/Фильтр Дата' is: '1, 2, 3 кв., Октябрь 2024 года'

04-12-2024T07:29:21 - [TEST_STEP][PASSED] - m = m.substring(0, m.indexOf("2024")): null

04-12-2024T07:29:21 - [TEST_STEP][PASSED] - m = m.trim(): null

04-12-2024T07:29:21 - [TEST_STEP][PASSED] - dashboardName = "Выполнение бизнес-плана": null

04-12-2024T07:29:21 - [TEST_STEP][PASSED] - workbook01 = getWorkbook(excelFilePath): null

04-12-2024T07:29:21 - [TEST_STEP][PASSED] - sheet01 = getExcelSheet(workbook01, sheetName): null

04-12-2024T07:29:21 - [TEST_STEP][PASSED] - setValueToCellByIndex(sheet01, n, 0, dashboardName): null

04-12-2024T07:29:21 - [TEST_STEP][PASSED] - setValueToCellByIndex(sheet01, n, 1, dZO): null

04-12-2024T07:29:21 - [TEST_STEP][PASSED] - setValueToCellByIndex(sheet01, n, 2, typeOfData): null

04-12-2024T07:29:21 - [TEST_STEP][PASSED] - setValueToCellByIndex(sheet01, n, 3, typeOfData): null

04-12-2024T07:29:21 - [TEST_STEP][PASSED] - if (typeOfData == "План"): null

04-12-2024T07:29:21 - [TEST_STEP][PASSED] - if (PercPlanR == null): null

04-12-2024T07:29:21 - [TEST_STEP][PASSED] - else: null

04-12-2024T07:29:21 - [TEST_STEP][PASSED] - if (PercPlanR == "нет данных"): null

04-12-2024T07:29:21 - [TEST_STEP][PASSED] - setValueToCellByIndex(sheet01, n, 4, "нет данных"): null

04-12-2024T07:29:21 - [TEST_STEP][PASSED] - if (PercPlanB == null): null

04-12-2024T07:29:21 - [TEST_STEP][PASSED] - else: null

04-12-2024T07:29:21 - [TEST_STEP][PASSED] - if (PercPlanB == "нет данных"): null

04-12-2024T07:29:21 - [TEST_STEP][PASSED] - else: null

04-12-2024T07:29:21 - [TEST_STEP][PASSED] - PB = PercPlanB.toDouble(): null

04-12-2024T07:29:21 - [TEST_STEP][PASSED] - setValueToCellByIndex(sheet01, n, 5, PB): null

04-12-2024T07:29:21 - [TEST_STEP][PASSED] - setValueToCellByIndex(sheet01, n, 6, m): null

04-12-2024T07:29:21 - [TEST_STEP][PASSED] - setValueToCellByIndex(sheet01, n, 7, y): null

04-12-2024T07:29:21 - [TEST_STEP][PASSED] - setValueToCellByIndex(sheet01, n, 8, todaysDate): null

04-12-2024T07:29:21 - [TEST_STEP][PASSED] - n = n + 1: null

04-12-2024T07:29:21 - [TEST_STEP][PASSED] - saveWorkbook(excelFilePath, workbook01): null

04-12-2024T07:29:21 - [TEST_STEP][PASSED] - typeOfData = "Факт": null

04-12-2024T07:29:21 - [TEST_STEP][PASSED] - PercFactR = GetPercFactR(x = a): null

04-12-2024T07:29:21 - [TEST_STEP][PASSED] - i1 = <not implemented yet for class: org.codehaus.groovy.ast.expr.EmptyExpression>: null

04-12-2024T07:29:21 - [TEST_STEP][PASSED] - ii = <not implemented yet for class: org.codehaus.groovy.ast.expr.EmptyExpression>: null

04-12-2024T07:29:21 - [TEST_STEP][PASSED] - for ([ii = 1, ii < 3, (ii++)]): null

04-12-2024T07:29:21 - [TEST_STEP][PASSED] - i1 = x.indexOf("/") + 1: null

04-12-2024T07:29:21 - [TEST_STEP][PASSED] - if (i1 > -1): null

04-12-2024T07:29:21 - [TEST_STEP][PASSED] - x = x.substring(i1, x.length()): null

04-12-2024T07:29:21 - [TEST_STEP][PASSED] - println(x): null

04-12-2024T07:29:21 - [TEST_STEP][PASSED] - i1 = x.indexOf("/") + 1: null

04-12-2024T07:29:21 - [TEST_STEP][PASSED] - if (i1 > -1): null

04-12-2024T07:29:21 - [TEST_STEP][PASSED] - x = x.substring(i1, x.length()): null

04-12-2024T07:29:21 - [TEST_STEP][PASSED] - println(x): null

04-12-2024T07:29:21 - [TEST_STEP][PASSED] - i1 = x.indexOf("/"): null

04-12-2024T07:29:21 - [TEST_STEP][PASSED] - if (i1 > -1): null

04-12-2024T07:29:21 - [TEST_STEP][PASSED] - x = x.substring(0, i1): null

04-12-2024T07:29:21 - [TEST_STEP][PASSED] - println(x): null

04-12-2024T07:29:21 - [TEST_STEP][PASSED] - return x: null

04-12-2024T07:29:21 - [TEST_STEP][PASSED] - PercFactB = GetPercFactB(x = b): null

04-12-2024T07:29:21 - [TEST_STEP][PASSED] - i1 = <not implemented yet for class: org.codehaus.groovy.ast.expr.EmptyExpression>: null

04-12-2024T07:29:21 - [TEST_STEP][PASSED] - ii = <not implemented yet for class: org.codehaus.groovy.ast.expr.EmptyExpression>: null

04-12-2024T07:29:21 - [TEST_STEP][PASSED] - for ([ii = 1, ii < 3, (ii++)]): null

04-12-2024T07:29:21 - [TEST_STEP][PASSED] - i1 = x.indexOf("/") + 1: null

04-12-2024T07:29:21 - [TEST_STEP][PASSED] - if (i1 > -1): null

04-12-2024T07:29:21 - [TEST_STEP][PASSED] - x = x.substring(i1, x.length()): null

04-12-2024T07:29:21 - [TEST_STEP][PASSED] - println(x): null

04-12-2024T07:29:21 - [TEST_STEP][PASSED] - i1 = x.indexOf("/") + 1: null

04-12-2024T07:29:21 - [TEST_STEP][PASSED] - if (i1 > -1): null

04-12-2024T07:29:21 - [TEST_STEP][PASSED] - x = x.substring(i1, x.length()): null

04-12-2024T07:29:21 - [TEST_STEP][PASSED] - println(x): null

04-12-2024T07:29:21 - [TEST_STEP][PASSED] - i1 = x.indexOf("/"): null

04-12-2024T07:29:21 - [TEST_STEP][PASSED] - if (i1 > -1): null

04-12-2024T07:29:21 - [TEST_STEP][PASSED] - x = x.substring(0, i1): null

04-12-2024T07:29:21 - [TEST_STEP][PASSED] - println(x): null

04-12-2024T07:29:21 - [TEST_STEP][FAILED] - return x: null

04-12-2024T07:29:21 - [TEST_STEP][FAILED] - if (verifyEqual(PercFactR, PercFactB) == false): null

04-12-2024T07:29:21 - [MESSAGE][FAILED] - Unable to verify equal between actual object 'нет данных' and expected object '7.35' (Root cause: com.kms.katalon.core.exception.StepFailedException: Actual object 'нет данных' and expected object '7.35' are not equal
	at com.kms.katalon.core.keyword.builtin.VerifyEqualKeyword$_verifyEqual_closure1.doCall(VerifyEqualKeyword.groovy:58)
	at com.kms.katalon.core.keyword.builtin.VerifyEqualKeyword$_verifyEqual_closure1.call(VerifyEqualKeyword.groovy)
	at com.kms.katalon.core.keyword.internal.KeywordMain.runKeyword(KeywordMain.groovy:75)
	at com.kms.katalon.core.keyword.builtin.VerifyEqualKeyword.verifyEqual(VerifyEqualKeyword.groovy:63)
	at com.kms.katalon.core.keyword.builtin.VerifyEqualKeyword.execute(VerifyEqualKeyword.groovy:44)
	at com.kms.katalon.core.keyword.internal.KeywordExecutor.executeKeywordForPlatform(KeywordExecutor.groovy:74)
	at com.kms.katalon.core.keyword.BuiltinKeywords.verifyEqual(BuiltinKeywords.groovy:146)
	at jdk.internal.reflect.GeneratedMethodAccessor25.invoke(Unknown Source)
	at java.base/jdk.internal.reflect.DelegatingMethodAccessorImpl.invoke(DelegatingMethodAccessorImpl.java:43)
	at Выполнение бизнес-плана сверка дашбордов.CompareDZOData(Выполнение бизнес-плана сверка дашбордов:693)
	at Выполнение бизнес-плана сверка дашбордов.run(Выполнение бизнес-плана сверка дашбордов:613)
	at com.kms.katalon.core.main.ScriptEngine.run(ScriptEngine.java:194)
	at com.kms.katalon.core.main.ScriptEngine.runScriptAsRawText(ScriptEngine.java:119)
	at com.kms.katalon.core.main.TestCaseExecutor.runScript(TestCaseExecutor.java:448)
	at com.kms.katalon.core.main.TestCaseExecutor.doExecute(TestCaseExecutor.java:439)
	at com.kms.katalon.core.main.TestCaseExecutor.processExecutionPhase(TestCaseExecutor.java:418)
	at com.kms.katalon.core.main.TestCaseExecutor.accessMainPhase(TestCaseExecutor.java:410)
	at com.kms.katalon.core.main.TestCaseExecutor.execute(TestCaseExecutor.java:285)
	at com.kms.katalon.core.common.CommonExecutor.accessTestCaseMainPhase(CommonExecutor.java:65)
	at com.kms.katalon.core.main.TestSuiteExecutor.accessTestSuiteMainPhase(TestSuiteExecutor.java:150)
	at com.kms.katalon.core.main.TestSuiteExecutor.execute(TestSuiteExecutor.java:106)
	at com.kms.katalon.core.main.TestCaseMain.startTestSuite(TestCaseMain.java:180)
	at TempTestSuite1733285972582.run(TempTestSuite1733285972582.groovy:35)
	at java.base/jdk.internal.reflect.NativeMethodAccessorImpl.invoke0(Native Method)
	at java.base/jdk.internal.reflect.NativeMethodAccessorImpl.invoke(NativeMethodAccessorImpl.java:77)
	at java.base/jdk.internal.reflect.DelegatingMethodAccessorImpl.invoke(DelegatingMethodAccessorImpl.java:43)
)

04-12-2024T07:29:21 - [TEST_STEP][PASSED] - result = WriteToExcel(typeOfData, todaysDate, PercPlanR, PercPlanB, PercFactR, PercFactB, x, tabR, tabB, o1R, o1B, vidget): null

04-12-2024T07:29:21 - [TEST_STEP][PASSED] - iii = dZO.indexOf("/"): null

04-12-2024T07:29:21 - [TEST_STEP][PASSED] - println(iii): null

04-12-2024T07:29:21 - [TEST_STEP][PASSED] - dZO = dZO.substring(0, iii): null

04-12-2024T07:29:21 - [TEST_STEP][PASSED] - println(dZO): null

04-12-2024T07:29:21 - [TEST_STEP][PASSED] - println(PercPlanR): null

04-12-2024T07:29:21 - [TEST_STEP][PASSED] - println(PercPlanB): null

04-12-2024T07:29:21 - [TEST_STEP][PASSED] - println(PercFactR): null

04-12-2024T07:29:21 - [TEST_STEP][PASSED] - println(PercFactB): null

04-12-2024T07:29:21 - [TEST_STEP][PASSED] - println(tabR): null

04-12-2024T07:29:21 - [TEST_STEP][PASSED] - println(tabB): null

04-12-2024T07:29:21 - [TEST_STEP][PASSED] - println(o1R): null

04-12-2024T07:29:21 - [TEST_STEP][PASSED] - println(o1B): null

04-12-2024T07:29:21 - [TEST_STEP][PASSED] - PR = <not implemented yet for class: org.codehaus.groovy.ast.expr.EmptyExpression>: null

04-12-2024T07:29:21 - [TEST_STEP][PASSED] - FR = <not implemented yet for class: org.codehaus.groovy.ast.expr.EmptyExpression>: null

04-12-2024T07:29:21 - [TEST_STEP][PASSED] - PB = <not implemented yet for class: org.codehaus.groovy.ast.expr.EmptyExpression>: null

04-12-2024T07:29:21 - [TEST_STEP][PASSED] - FB = <not implemented yet for class: org.codehaus.groovy.ast.expr.EmptyExpression>: null

04-12-2024T07:29:21 - [TEST_STEP][PASSED] - TR = <not implemented yet for class: org.codehaus.groovy.ast.expr.EmptyExpression>: null

04-12-2024T07:29:21 - [TEST_STEP][PASSED] - TB = <not implemented yet for class: org.codehaus.groovy.ast.expr.EmptyExpression>: null

04-12-2024T07:29:21 - [TEST_STEP][PASSED] - sheetName = "Sheet1": null

04-12-2024T07:29:21 - [TEST_STEP][PASSED] - data = findTestData("PlanFact"): null

04-12-2024T07:29:21 - [TEST_STEP][PASSED] - n = data.getRowNumbers() + 1: null

04-12-2024T07:29:21 - [TEST_STEP][PASSED] - year = todaysDate.substring(todaysDate.length() - 4, todaysDate.length()): null

04-12-2024T07:29:21 - [TEST_STEP][PASSED] - y = year.toInteger(): null

04-12-2024T07:29:21 - [TEST_STEP][PASSED] - m = getText(findTestObject("Выполнение бизнес-плана/Выполнение бизнес-плана Балансы/Фильтр Дата")): Text of object 'Object Repository/Выполнение бизнес-плана/Выполнение бизнес-плана Балансы/Фильтр Дата' is: '1, 2, 3 кв., Октябрь 2024 года'

04-12-2024T07:29:21 - [MESSAGE][PASSED] - Text of object 'Object Repository/Выполнение бизнес-плана/Выполнение бизнес-плана Балансы/Фильтр Дата' is: '1, 2, 3 кв., Октябрь 2024 года'

04-12-2024T07:29:21 - [TEST_STEP][PASSED] - m = m.substring(0, m.indexOf("2024")): null

04-12-2024T07:29:21 - [TEST_STEP][PASSED] - m = m.trim(): null

04-12-2024T07:29:21 - [TEST_STEP][PASSED] - dashboardName = "Выполнение бизнес-плана": null

04-12-2024T07:29:21 - [TEST_STEP][PASSED] - workbook01 = getWorkbook(excelFilePath): null

04-12-2024T07:29:21 - [TEST_STEP][PASSED] - sheet01 = getExcelSheet(workbook01, sheetName): null

04-12-2024T07:29:21 - [TEST_STEP][PASSED] - setValueToCellByIndex(sheet01, n, 0, dashboardName): null

04-12-2024T07:29:21 - [TEST_STEP][PASSED] - setValueToCellByIndex(sheet01, n, 1, dZO): null

04-12-2024T07:29:21 - [TEST_STEP][PASSED] - setValueToCellByIndex(sheet01, n, 2, typeOfData): null

04-12-2024T07:29:21 - [TEST_STEP][PASSED] - setValueToCellByIndex(sheet01, n, 3, typeOfData): null

04-12-2024T07:29:21 - [TEST_STEP][PASSED] - if (typeOfData == "План"): null

04-12-2024T07:29:21 - [TEST_STEP][PASSED] - else if (typeOfData == "Факт"): null

04-12-2024T07:29:21 - [TEST_STEP][PASSED] - if (PercFactR == null): null

04-12-2024T07:29:21 - [TEST_STEP][PASSED] - else: null

04-12-2024T07:29:21 - [TEST_STEP][PASSED] - if (PercFactR == "нет данных"): null

04-12-2024T07:29:21 - [TEST_STEP][PASSED] - setValueToCellByIndex(sheet01, n, 4, "нет данных"): null

04-12-2024T07:29:21 - [TEST_STEP][PASSED] - if (PercFactB == null): null

04-12-2024T07:29:21 - [TEST_STEP][PASSED] - else: null

04-12-2024T07:29:21 - [TEST_STEP][PASSED] - if (PercFactB == "нет данных"): null

04-12-2024T07:29:21 - [TEST_STEP][PASSED] - else: null

04-12-2024T07:29:21 - [TEST_STEP][PASSED] - FB = PercFactB.toDouble(): null

04-12-2024T07:29:21 - [TEST_STEP][PASSED] - setValueToCellByIndex(sheet01, n, 5, FB): null

04-12-2024T07:29:21 - [TEST_STEP][PASSED] - setValueToCellByIndex(sheet01, n, 6, m): null

04-12-2024T07:29:21 - [TEST_STEP][PASSED] - setValueToCellByIndex(sheet01, n, 7, y): null

04-12-2024T07:29:21 - [TEST_STEP][PASSED] - setValueToCellByIndex(sheet01, n, 8, todaysDate): null

04-12-2024T07:29:21 - [TEST_STEP][PASSED] - n = n + 1: null

04-12-2024T07:29:21 - [TEST_STEP][PASSED] - saveWorkbook(excelFilePath, workbook01): null

04-12-2024T07:29:22 - [TEST_STEP][PASSED] - vidget = "Показатели баланса электроэнергии по ДЗО – Факт": null

04-12-2024T07:29:22 - [TEST_STEP][PASSED] - typeOfData = "Факт Отпуск в сеть": null

04-12-2024T07:29:22 - [TEST_STEP][PASSED] - tabR = GetOvSFactR(x = a): null

04-12-2024T07:29:22 - [TEST_STEP][PASSED] - i1 = <not implemented yet for class: org.codehaus.groovy.ast.expr.EmptyExpression>: null

04-12-2024T07:29:22 - [TEST_STEP][PASSED] - ii = <not implemented yet for class: org.codehaus.groovy.ast.expr.EmptyExpression>: null

04-12-2024T07:29:22 - [TEST_STEP][PASSED] - for ([ii = 1, ii < 4, (ii++)]): null

04-12-2024T07:29:22 - [TEST_STEP][PASSED] - i1 = x.indexOf("/") + 1: null

04-12-2024T07:29:22 - [TEST_STEP][PASSED] - if (i1 > -1): null

04-12-2024T07:29:22 - [TEST_STEP][PASSED] - x = x.substring(i1, x.length()): null

04-12-2024T07:29:22 - [TEST_STEP][PASSED] - println(x): null

04-12-2024T07:29:22 - [TEST_STEP][PASSED] - i1 = x.indexOf("/") + 1: null

04-12-2024T07:29:22 - [TEST_STEP][PASSED] - if (i1 > -1): null

04-12-2024T07:29:22 - [TEST_STEP][PASSED] - x = x.substring(i1, x.length()): null

04-12-2024T07:29:22 - [TEST_STEP][PASSED] - println(x): null

04-12-2024T07:29:22 - [TEST_STEP][PASSED] - i1 = x.indexOf("/") + 1: null

04-12-2024T07:29:22 - [TEST_STEP][PASSED] - if (i1 > -1): null

04-12-2024T07:29:22 - [TEST_STEP][PASSED] - x = x.substring(i1, x.length()): null

04-12-2024T07:29:22 - [TEST_STEP][PASSED] - println(x): null

04-12-2024T07:29:22 - [TEST_STEP][PASSED] - i1 = x.indexOf("/"): null

04-12-2024T07:29:22 - [TEST_STEP][PASSED] - if (i1 > -1): null

04-12-2024T07:29:22 - [TEST_STEP][PASSED] - x = x.substring(0, i1): null

04-12-2024T07:29:22 - [TEST_STEP][PASSED] - println(x): null

04-12-2024T07:29:22 - [TEST_STEP][PASSED] - return x: null

04-12-2024T07:29:22 - [TEST_STEP][PASSED] - tabB = GetOvSFactB(x = b): null

04-12-2024T07:29:22 - [TEST_STEP][PASSED] - i1 = <not implemented yet for class: org.codehaus.groovy.ast.expr.EmptyExpression>: null

04-12-2024T07:29:22 - [TEST_STEP][PASSED] - ii = <not implemented yet for class: org.codehaus.groovy.ast.expr.EmptyExpression>: null

04-12-2024T07:29:22 - [TEST_STEP][PASSED] - for ([ii = 1, ii < 4, (ii++)]): null

04-12-2024T07:29:22 - [TEST_STEP][PASSED] - i1 = x.indexOf("/") + 1: null

04-12-2024T07:29:22 - [TEST_STEP][PASSED] - if (i1 > -1): null

04-12-2024T07:29:22 - [TEST_STEP][PASSED] - x = x.substring(i1, x.length()): null

04-12-2024T07:29:22 - [TEST_STEP][PASSED] - println(x): null

04-12-2024T07:29:22 - [TEST_STEP][PASSED] - i1 = x.indexOf("/") + 1: null

04-12-2024T07:29:22 - [TEST_STEP][PASSED] - if (i1 > -1): null

04-12-2024T07:29:22 - [TEST_STEP][PASSED] - x = x.substring(i1, x.length()): null

04-12-2024T07:29:22 - [TEST_STEP][PASSED] - println(x): null

04-12-2024T07:29:22 - [TEST_STEP][PASSED] - i1 = x.indexOf("/") + 1: null

04-12-2024T07:29:22 - [TEST_STEP][PASSED] - if (i1 > -1): null

04-12-2024T07:29:22 - [TEST_STEP][PASSED] - x = x.substring(i1, x.length()): null

04-12-2024T07:29:22 - [TEST_STEP][PASSED] - println(x): null

04-12-2024T07:29:22 - [TEST_STEP][PASSED] - i1 = x.indexOf("/"): null

04-12-2024T07:29:22 - [TEST_STEP][PASSED] - if (i1 > -1): null

04-12-2024T07:29:22 - [TEST_STEP][PASSED] - x = x.substring(0, i1): null

04-12-2024T07:29:22 - [TEST_STEP][PASSED] - println(x): null

04-12-2024T07:29:22 - [TEST_STEP][FAILED] - return x: null

04-12-2024T07:29:22 - [TEST_STEP][FAILED] - if (verifyEqual(tabR, tabB) == false): null

04-12-2024T07:29:22 - [MESSAGE][FAILED] - Unable to verify equal between actual object 'нет данных' and expected object '84423998' (Root cause: com.kms.katalon.core.exception.StepFailedException: Actual object 'нет данных' and expected object '84423998' are not equal
	at com.kms.katalon.core.keyword.builtin.VerifyEqualKeyword$_verifyEqual_closure1.doCall(VerifyEqualKeyword.groovy:58)
	at com.kms.katalon.core.keyword.builtin.VerifyEqualKeyword$_verifyEqual_closure1.call(VerifyEqualKeyword.groovy)
	at com.kms.katalon.core.keyword.internal.KeywordMain.runKeyword(KeywordMain.groovy:75)
	at com.kms.katalon.core.keyword.builtin.VerifyEqualKeyword.verifyEqual(VerifyEqualKeyword.groovy:63)
	at com.kms.katalon.core.keyword.builtin.VerifyEqualKeyword.execute(VerifyEqualKeyword.groovy:44)
	at com.kms.katalon.core.keyword.internal.KeywordExecutor.executeKeywordForPlatform(KeywordExecutor.groovy:74)
	at com.kms.katalon.core.keyword.BuiltinKeywords.verifyEqual(BuiltinKeywords.groovy:146)
	at jdk.internal.reflect.GeneratedMethodAccessor25.invoke(Unknown Source)
	at java.base/jdk.internal.reflect.DelegatingMethodAccessorImpl.invoke(DelegatingMethodAccessorImpl.java:43)
	at Выполнение бизнес-плана сверка дашбордов.CompareDZOData(Выполнение бизнес-плана сверка дашбордов:706)
	at Выполнение бизнес-плана сверка дашбордов.run(Выполнение бизнес-плана сверка дашбордов:613)
	at com.kms.katalon.core.main.ScriptEngine.run(ScriptEngine.java:194)
	at com.kms.katalon.core.main.ScriptEngine.runScriptAsRawText(ScriptEngine.java:119)
	at com.kms.katalon.core.main.TestCaseExecutor.runScript(TestCaseExecutor.java:448)
	at com.kms.katalon.core.main.TestCaseExecutor.doExecute(TestCaseExecutor.java:439)
	at com.kms.katalon.core.main.TestCaseExecutor.processExecutionPhase(TestCaseExecutor.java:418)
	at com.kms.katalon.core.main.TestCaseExecutor.accessMainPhase(TestCaseExecutor.java:410)
	at com.kms.katalon.core.main.TestCaseExecutor.execute(TestCaseExecutor.java:285)
	at com.kms.katalon.core.common.CommonExecutor.accessTestCaseMainPhase(CommonExecutor.java:65)
	at com.kms.katalon.core.main.TestSuiteExecutor.accessTestSuiteMainPhase(TestSuiteExecutor.java:150)
	at com.kms.katalon.core.main.TestSuiteExecutor.execute(TestSuiteExecutor.java:106)
	at com.kms.katalon.core.main.TestCaseMain.startTestSuite(TestCaseMain.java:180)
	at TempTestSuite1733285972582.run(TempTestSuite1733285972582.groovy:35)
	at java.base/jdk.internal.reflect.NativeMethodAccessorImpl.invoke0(Native Method)
	at java.base/jdk.internal.reflect.NativeMethodAccessorImpl.invoke(NativeMethodAccessorImpl.java:77)
	at java.base/jdk.internal.reflect.DelegatingMethodAccessorImpl.invoke(DelegatingMethodAccessorImpl.java:43)
)

04-12-2024T07:29:22 - [TEST_STEP][PASSED] - result = WriteToExcel(typeOfData, todaysDate, PercPlanR, PercPlanB, PercFactR, PercFactB, x, tabR, tabB, o1R, o1B, vidget): null

04-12-2024T07:29:22 - [TEST_STEP][PASSED] - iii = dZO.indexOf("/"): null

04-12-2024T07:29:22 - [TEST_STEP][PASSED] - println(iii): null

04-12-2024T07:29:22 - [TEST_STEP][PASSED] - dZO = dZO.substring(0, iii): null

04-12-2024T07:29:22 - [TEST_STEP][PASSED] - println(dZO): null

04-12-2024T07:29:22 - [TEST_STEP][PASSED] - println(PercPlanR): null

04-12-2024T07:29:22 - [TEST_STEP][PASSED] - println(PercPlanB): null

04-12-2024T07:29:22 - [TEST_STEP][PASSED] - println(PercFactR): null

04-12-2024T07:29:22 - [TEST_STEP][PASSED] - println(PercFactB): null

04-12-2024T07:29:22 - [TEST_STEP][PASSED] - println(tabR): null

04-12-2024T07:29:22 - [TEST_STEP][PASSED] - println(tabB): null

04-12-2024T07:29:22 - [TEST_STEP][PASSED] - println(o1R): null

04-12-2024T07:29:22 - [TEST_STEP][PASSED] - println(o1B): null

04-12-2024T07:29:22 - [TEST_STEP][PASSED] - PR = <not implemented yet for class: org.codehaus.groovy.ast.expr.EmptyExpression>: null

04-12-2024T07:29:22 - [TEST_STEP][PASSED] - FR = <not implemented yet for class: org.codehaus.groovy.ast.expr.EmptyExpression>: null

04-12-2024T07:29:22 - [TEST_STEP][PASSED] - PB = <not implemented yet for class: org.codehaus.groovy.ast.expr.EmptyExpression>: null

04-12-2024T07:29:22 - [TEST_STEP][PASSED] - FB = <not implemented yet for class: org.codehaus.groovy.ast.expr.EmptyExpression>: null

04-12-2024T07:29:22 - [TEST_STEP][PASSED] - TR = <not implemented yet for class: org.codehaus.groovy.ast.expr.EmptyExpression>: null

04-12-2024T07:29:22 - [TEST_STEP][PASSED] - TB = <not implemented yet for class: org.codehaus.groovy.ast.expr.EmptyExpression>: null

04-12-2024T07:29:22 - [TEST_STEP][PASSED] - sheetName = "Sheet1": null

04-12-2024T07:29:22 - [TEST_STEP][PASSED] - data = findTestData("PlanFact"): null

04-12-2024T07:29:22 - [TEST_STEP][PASSED] - n = data.getRowNumbers() + 1: null

04-12-2024T07:29:22 - [TEST_STEP][PASSED] - year = todaysDate.substring(todaysDate.length() - 4, todaysDate.length()): null

04-12-2024T07:29:22 - [TEST_STEP][PASSED] - y = year.toInteger(): null

04-12-2024T07:29:22 - [TEST_STEP][PASSED] - m = getText(findTestObject("Выполнение бизнес-плана/Выполнение бизнес-плана Балансы/Фильтр Дата")): Text of object 'Object Repository/Выполнение бизнес-плана/Выполнение бизнес-плана Балансы/Фильтр Дата' is: '1, 2, 3 кв., Октябрь 2024 года'

04-12-2024T07:29:22 - [MESSAGE][PASSED] - Text of object 'Object Repository/Выполнение бизнес-плана/Выполнение бизнес-плана Балансы/Фильтр Дата' is: '1, 2, 3 кв., Октябрь 2024 года'

04-12-2024T07:29:22 - [TEST_STEP][PASSED] - m = m.substring(0, m.indexOf("2024")): null

04-12-2024T07:29:22 - [TEST_STEP][PASSED] - m = m.trim(): null

04-12-2024T07:29:22 - [TEST_STEP][PASSED] - dashboardName = "Выполнение бизнес-плана": null

04-12-2024T07:29:22 - [TEST_STEP][PASSED] - workbook01 = getWorkbook(excelFilePath): null

04-12-2024T07:29:22 - [TEST_STEP][PASSED] - sheet01 = getExcelSheet(workbook01, sheetName): null

04-12-2024T07:29:22 - [TEST_STEP][PASSED] - setValueToCellByIndex(sheet01, n, 0, dashboardName): null

04-12-2024T07:29:22 - [TEST_STEP][PASSED] - setValueToCellByIndex(sheet01, n, 1, dZO): null

04-12-2024T07:29:22 - [TEST_STEP][PASSED] - setValueToCellByIndex(sheet01, n, 2, typeOfData): null

04-12-2024T07:29:22 - [TEST_STEP][PASSED] - setValueToCellByIndex(sheet01, n, 3, typeOfData): null

04-12-2024T07:29:22 - [TEST_STEP][PASSED] - if (typeOfData == "План"): null

04-12-2024T07:29:22 - [TEST_STEP][PASSED] - else if (typeOfData == "Факт"): null

04-12-2024T07:29:22 - [TEST_STEP][PASSED] - else if (vidget.contains("электроэнергии") == true): null

04-12-2024T07:29:22 - [TEST_STEP][PASSED] - if (tabR == null): null

04-12-2024T07:29:22 - [TEST_STEP][PASSED] - else: null

04-12-2024T07:29:22 - [TEST_STEP][PASSED] - if (tabR == "нет данных"): null

04-12-2024T07:29:22 - [TEST_STEP][PASSED] - setValueToCellByIndex(sheet01, n, 4, "нет данных"): null

04-12-2024T07:29:22 - [TEST_STEP][PASSED] - if (tabB == null): null

04-12-2024T07:29:22 - [TEST_STEP][PASSED] - else: null

04-12-2024T07:29:22 - [TEST_STEP][PASSED] - if (tabB == "нет данных"): null

04-12-2024T07:29:22 - [TEST_STEP][PASSED] - else: null

04-12-2024T07:29:22 - [TEST_STEP][PASSED] - TB = tabB.toInteger(): null

04-12-2024T07:29:22 - [TEST_STEP][PASSED] - setValueToCellByIndex(sheet01, n, 5, TB): null

04-12-2024T07:29:22 - [TEST_STEP][PASSED] - setValueToCellByIndex(sheet01, n, 6, m): null

04-12-2024T07:29:22 - [TEST_STEP][PASSED] - setValueToCellByIndex(sheet01, n, 7, y): null

04-12-2024T07:29:22 - [TEST_STEP][PASSED] - setValueToCellByIndex(sheet01, n, 8, todaysDate): null

04-12-2024T07:29:22 - [TEST_STEP][PASSED] - n = n + 1: null

04-12-2024T07:29:22 - [TEST_STEP][PASSED] - saveWorkbook(excelFilePath, workbook01): null

04-12-2024T07:29:22 - [TEST_STEP][PASSED] - typeOfData = "Факт Отпуск из сети": null

04-12-2024T07:29:22 - [TEST_STEP][PASSED] - tabR = GetOiSFactR(x = a): null

04-12-2024T07:29:22 - [TEST_STEP][PASSED] - i1 = <not implemented yet for class: org.codehaus.groovy.ast.expr.EmptyExpression>: null

04-12-2024T07:29:22 - [TEST_STEP][PASSED] - ii = <not implemented yet for class: org.codehaus.groovy.ast.expr.EmptyExpression>: null

04-12-2024T07:29:22 - [TEST_STEP][PASSED] - for ([ii = 1, ii < 5, (ii++)]): null

04-12-2024T07:29:22 - [TEST_STEP][PASSED] - i1 = x.indexOf("/") + 1: null

04-12-2024T07:29:22 - [TEST_STEP][PASSED] - if (i1 > -1): null

04-12-2024T07:29:22 - [TEST_STEP][PASSED] - x = x.substring(i1, x.length()): null

04-12-2024T07:29:22 - [TEST_STEP][PASSED] - println(x): null

04-12-2024T07:29:22 - [TEST_STEP][PASSED] - i1 = x.indexOf("/") + 1: null

04-12-2024T07:29:22 - [TEST_STEP][PASSED] - if (i1 > -1): null

04-12-2024T07:29:22 - [TEST_STEP][PASSED] - x = x.substring(i1, x.length()): null

04-12-2024T07:29:22 - [TEST_STEP][PASSED] - println(x): null

04-12-2024T07:29:22 - [TEST_STEP][PASSED] - i1 = x.indexOf("/") + 1: null

04-12-2024T07:29:22 - [TEST_STEP][PASSED] - if (i1 > -1): null

04-12-2024T07:29:22 - [TEST_STEP][PASSED] - x = x.substring(i1, x.length()): null

04-12-2024T07:29:22 - [TEST_STEP][PASSED] - println(x): null

04-12-2024T07:29:22 - [TEST_STEP][PASSED] - i1 = x.indexOf("/") + 1: null

04-12-2024T07:29:22 - [TEST_STEP][PASSED] - if (i1 > -1): null

04-12-2024T07:29:22 - [TEST_STEP][PASSED] - x = x.substring(i1, x.length()): null

04-12-2024T07:29:22 - [TEST_STEP][PASSED] - println(x): null

04-12-2024T07:29:22 - [TEST_STEP][PASSED] - i1 = x.indexOf("/"): null

04-12-2024T07:29:22 - [TEST_STEP][PASSED] - if (i1 > -1): null

04-12-2024T07:29:22 - [TEST_STEP][PASSED] - x = x.substring(0, i1): null

04-12-2024T07:29:22 - [TEST_STEP][PASSED] - println(x): null

04-12-2024T07:29:22 - [TEST_STEP][PASSED] - return x: null

04-12-2024T07:29:22 - [TEST_STEP][PASSED] - tabB = GetOiSFactB(x = b): null

04-12-2024T07:29:22 - [TEST_STEP][PASSED] - i1 = <not implemented yet for class: org.codehaus.groovy.ast.expr.EmptyExpression>: null

04-12-2024T07:29:22 - [TEST_STEP][PASSED] - ii = <not implemented yet for class: org.codehaus.groovy.ast.expr.EmptyExpression>: null

04-12-2024T07:29:22 - [TEST_STEP][PASSED] - for ([ii = 1, ii < 5, (ii++)]): null

04-12-2024T07:29:22 - [TEST_STEP][PASSED] - i1 = x.indexOf("/") + 1: null

04-12-2024T07:29:22 - [TEST_STEP][PASSED] - if (i1 > -1): null

04-12-2024T07:29:22 - [TEST_STEP][PASSED] - x = x.substring(i1, x.length()): null

04-12-2024T07:29:22 - [TEST_STEP][PASSED] - println(x): null

04-12-2024T07:29:22 - [TEST_STEP][PASSED] - i1 = x.indexOf("/") + 1: null

04-12-2024T07:29:22 - [TEST_STEP][PASSED] - if (i1 > -1): null

04-12-2024T07:29:22 - [TEST_STEP][PASSED] - x = x.substring(i1, x.length()): null

04-12-2024T07:29:22 - [TEST_STEP][PASSED] - println(x): null

04-12-2024T07:29:22 - [TEST_STEP][PASSED] - i1 = x.indexOf("/") + 1: null

04-12-2024T07:29:22 - [TEST_STEP][PASSED] - if (i1 > -1): null

04-12-2024T07:29:22 - [TEST_STEP][PASSED] - x = x.substring(i1, x.length()): null

04-12-2024T07:29:22 - [TEST_STEP][PASSED] - println(x): null

04-12-2024T07:29:22 - [TEST_STEP][PASSED] - i1 = x.indexOf("/") + 1: null

04-12-2024T07:29:22 - [TEST_STEP][PASSED] - if (i1 > -1): null

04-12-2024T07:29:22 - [TEST_STEP][PASSED] - x = x.substring(i1, x.length()): null

04-12-2024T07:29:22 - [TEST_STEP][PASSED] - println(x): null

04-12-2024T07:29:22 - [TEST_STEP][PASSED] - i1 = x.indexOf("/"): null

04-12-2024T07:29:22 - [TEST_STEP][PASSED] - if (i1 > -1): null

04-12-2024T07:29:22 - [TEST_STEP][PASSED] - x = x.substring(0, i1): null

04-12-2024T07:29:22 - [TEST_STEP][PASSED] - println(x): null

04-12-2024T07:29:22 - [TEST_STEP][FAILED] - return x: null

04-12-2024T07:29:22 - [TEST_STEP][FAILED] - if (verifyEqual(tabR, tabB) == false): null

04-12-2024T07:29:22 - [MESSAGE][FAILED] - Unable to verify equal between actual object 'нет данных' and expected object '78218926' (Root cause: com.kms.katalon.core.exception.StepFailedException: Actual object 'нет данных' and expected object '78218926' are not equal
	at com.kms.katalon.core.keyword.builtin.VerifyEqualKeyword$_verifyEqual_closure1.doCall(VerifyEqualKeyword.groovy:58)
	at com.kms.katalon.core.keyword.builtin.VerifyEqualKeyword$_verifyEqual_closure1.call(VerifyEqualKeyword.groovy)
	at com.kms.katalon.core.keyword.internal.KeywordMain.runKeyword(KeywordMain.groovy:75)
	at com.kms.katalon.core.keyword.builtin.VerifyEqualKeyword.verifyEqual(VerifyEqualKeyword.groovy:63)
	at com.kms.katalon.core.keyword.builtin.VerifyEqualKeyword.execute(VerifyEqualKeyword.groovy:44)
	at com.kms.katalon.core.keyword.internal.KeywordExecutor.executeKeywordForPlatform(KeywordExecutor.groovy:74)
	at com.kms.katalon.core.keyword.BuiltinKeywords.verifyEqual(BuiltinKeywords.groovy:146)
	at jdk.internal.reflect.GeneratedMethodAccessor25.invoke(Unknown Source)
	at java.base/jdk.internal.reflect.DelegatingMethodAccessorImpl.invoke(DelegatingMethodAccessorImpl.java:43)
	at Выполнение бизнес-плана сверка дашбордов.CompareDZOData(Выполнение бизнес-плана сверка дашбордов:717)
	at Выполнение бизнес-плана сверка дашбордов.run(Выполнение бизнес-плана сверка дашбордов:613)
	at com.kms.katalon.core.main.ScriptEngine.run(ScriptEngine.java:194)
	at com.kms.katalon.core.main.ScriptEngine.runScriptAsRawText(ScriptEngine.java:119)
	at com.kms.katalon.core.main.TestCaseExecutor.runScript(TestCaseExecutor.java:448)
	at com.kms.katalon.core.main.TestCaseExecutor.doExecute(TestCaseExecutor.java:439)
	at com.kms.katalon.core.main.TestCaseExecutor.processExecutionPhase(TestCaseExecutor.java:418)
	at com.kms.katalon.core.main.TestCaseExecutor.accessMainPhase(TestCaseExecutor.java:410)
	at com.kms.katalon.core.main.TestCaseExecutor.execute(TestCaseExecutor.java:285)
	at com.kms.katalon.core.common.CommonExecutor.accessTestCaseMainPhase(CommonExecutor.java:65)
	at com.kms.katalon.core.main.TestSuiteExecutor.accessTestSuiteMainPhase(TestSuiteExecutor.java:150)
	at com.kms.katalon.core.main.TestSuiteExecutor.execute(TestSuiteExecutor.java:106)
	at com.kms.katalon.core.main.TestCaseMain.startTestSuite(TestCaseMain.java:180)
	at TempTestSuite1733285972582.run(TempTestSuite1733285972582.groovy:35)
	at java.base/jdk.internal.reflect.NativeMethodAccessorImpl.invoke0(Native Method)
	at java.base/jdk.internal.reflect.NativeMethodAccessorImpl.invoke(NativeMethodAccessorImpl.java:77)
	at java.base/jdk.internal.reflect.DelegatingMethodAccessorImpl.invoke(DelegatingMethodAccessorImpl.java:43)
)

04-12-2024T07:29:22 - [TEST_STEP][PASSED] - result = WriteToExcel(typeOfData, todaysDate, PercPlanR, PercPlanB, PercFactR, PercFactB, x, tabR, tabB, o1R, o1B, vidget): null

04-12-2024T07:29:22 - [TEST_STEP][PASSED] - iii = dZO.indexOf("/"): null

04-12-2024T07:29:22 - [TEST_STEP][PASSED] - println(iii): null

04-12-2024T07:29:22 - [TEST_STEP][PASSED] - dZO = dZO.substring(0, iii): null

04-12-2024T07:29:22 - [TEST_STEP][PASSED] - println(dZO): null

04-12-2024T07:29:22 - [TEST_STEP][PASSED] - println(PercPlanR): null

04-12-2024T07:29:22 - [TEST_STEP][PASSED] - println(PercPlanB): null

04-12-2024T07:29:22 - [TEST_STEP][PASSED] - println(PercFactR): null

04-12-2024T07:29:22 - [TEST_STEP][PASSED] - println(PercFactB): null

04-12-2024T07:29:22 - [TEST_STEP][PASSED] - println(tabR): null

04-12-2024T07:29:22 - [TEST_STEP][PASSED] - println(tabB): null

04-12-2024T07:29:22 - [TEST_STEP][PASSED] - println(o1R): null

04-12-2024T07:29:22 - [TEST_STEP][PASSED] - println(o1B): null

04-12-2024T07:29:22 - [TEST_STEP][PASSED] - PR = <not implemented yet for class: org.codehaus.groovy.ast.expr.EmptyExpression>: null

04-12-2024T07:29:22 - [TEST_STEP][PASSED] - FR = <not implemented yet for class: org.codehaus.groovy.ast.expr.EmptyExpression>: null

04-12-2024T07:29:22 - [TEST_STEP][PASSED] - PB = <not implemented yet for class: org.codehaus.groovy.ast.expr.EmptyExpression>: null

04-12-2024T07:29:22 - [TEST_STEP][PASSED] - FB = <not implemented yet for class: org.codehaus.groovy.ast.expr.EmptyExpression>: null

04-12-2024T07:29:22 - [TEST_STEP][PASSED] - TR = <not implemented yet for class: org.codehaus.groovy.ast.expr.EmptyExpression>: null

04-12-2024T07:29:22 - [TEST_STEP][PASSED] - TB = <not implemented yet for class: org.codehaus.groovy.ast.expr.EmptyExpression>: null

04-12-2024T07:29:22 - [TEST_STEP][PASSED] - sheetName = "Sheet1": null

04-12-2024T07:29:22 - [TEST_STEP][PASSED] - data = findTestData("PlanFact"): null

04-12-2024T07:29:22 - [TEST_STEP][PASSED] - n = data.getRowNumbers() + 1: null

04-12-2024T07:29:22 - [TEST_STEP][PASSED] - year = todaysDate.substring(todaysDate.length() - 4, todaysDate.length()): null

04-12-2024T07:29:22 - [TEST_STEP][PASSED] - y = year.toInteger(): null

04-12-2024T07:29:22 - [TEST_STEP][PASSED] - m = getText(findTestObject("Выполнение бизнес-плана/Выполнение бизнес-плана Балансы/Фильтр Дата")): Text of object 'Object Repository/Выполнение бизнес-плана/Выполнение бизнес-плана Балансы/Фильтр Дата' is: '1, 2, 3 кв., Октябрь 2024 года'

04-12-2024T07:29:23 - [MESSAGE][PASSED] - Text of object 'Object Repository/Выполнение бизнес-плана/Выполнение бизнес-плана Балансы/Фильтр Дата' is: '1, 2, 3 кв., Октябрь 2024 года'

04-12-2024T07:29:23 - [TEST_STEP][PASSED] - m = m.substring(0, m.indexOf("2024")): null

04-12-2024T07:29:23 - [TEST_STEP][PASSED] - m = m.trim(): null

04-12-2024T07:29:23 - [TEST_STEP][PASSED] - dashboardName = "Выполнение бизнес-плана": null

04-12-2024T07:29:23 - [TEST_STEP][PASSED] - workbook01 = getWorkbook(excelFilePath): null

04-12-2024T07:29:23 - [TEST_STEP][PASSED] - sheet01 = getExcelSheet(workbook01, sheetName): null

04-12-2024T07:29:23 - [TEST_STEP][PASSED] - setValueToCellByIndex(sheet01, n, 0, dashboardName): null

04-12-2024T07:29:23 - [TEST_STEP][PASSED] - setValueToCellByIndex(sheet01, n, 1, dZO): null

04-12-2024T07:29:23 - [TEST_STEP][PASSED] - setValueToCellByIndex(sheet01, n, 2, typeOfData): null

04-12-2024T07:29:23 - [TEST_STEP][PASSED] - setValueToCellByIndex(sheet01, n, 3, typeOfData): null

04-12-2024T07:29:23 - [TEST_STEP][PASSED] - if (typeOfData == "План"): null

04-12-2024T07:29:23 - [TEST_STEP][PASSED] - else if (typeOfData == "Факт"): null

04-12-2024T07:29:23 - [TEST_STEP][PASSED] - else if (vidget.contains("электроэнергии") == true): null

04-12-2024T07:29:23 - [TEST_STEP][PASSED] - if (tabR == null): null

04-12-2024T07:29:23 - [TEST_STEP][PASSED] - else: null

04-12-2024T07:29:23 - [TEST_STEP][PASSED] - if (tabR == "нет данных"): null

04-12-2024T07:29:23 - [TEST_STEP][PASSED] - setValueToCellByIndex(sheet01, n, 4, "нет данных"): null

04-12-2024T07:29:23 - [TEST_STEP][PASSED] - if (tabB == null): null

04-12-2024T07:29:23 - [TEST_STEP][PASSED] - else: null

04-12-2024T07:29:23 - [TEST_STEP][PASSED] - if (tabB == "нет данных"): null

04-12-2024T07:29:23 - [TEST_STEP][PASSED] - else: null

04-12-2024T07:29:23 - [TEST_STEP][PASSED] - TB = tabB.toInteger(): null

04-12-2024T07:29:23 - [TEST_STEP][PASSED] - setValueToCellByIndex(sheet01, n, 5, TB): null

04-12-2024T07:29:23 - [TEST_STEP][PASSED] - setValueToCellByIndex(sheet01, n, 6, m): null

04-12-2024T07:29:23 - [TEST_STEP][PASSED] - setValueToCellByIndex(sheet01, n, 7, y): null

04-12-2024T07:29:23 - [TEST_STEP][PASSED] - setValueToCellByIndex(sheet01, n, 8, todaysDate): null

04-12-2024T07:29:23 - [TEST_STEP][PASSED] - n = n + 1: null

04-12-2024T07:29:23 - [TEST_STEP][PASSED] - saveWorkbook(excelFilePath, workbook01): null

04-12-2024T07:29:23 - [TEST_STEP][PASSED] - typeOfData = "Факт Потери": null

04-12-2024T07:29:23 - [TEST_STEP][PASSED] - tabR = GetPFactR(x = a): null

04-12-2024T07:29:23 - [TEST_STEP][PASSED] - i1 = <not implemented yet for class: org.codehaus.groovy.ast.expr.EmptyExpression>: null

04-12-2024T07:29:23 - [TEST_STEP][PASSED] - ii = <not implemented yet for class: org.codehaus.groovy.ast.expr.EmptyExpression>: null

04-12-2024T07:29:23 - [TEST_STEP][PASSED] - for ([ii = 1, ii < 6, (ii++)]): null

04-12-2024T07:29:23 - [TEST_STEP][PASSED] - i1 = x.indexOf("/") + 1: null

04-12-2024T07:29:23 - [TEST_STEP][PASSED] - if (i1 > -1): null

04-12-2024T07:29:23 - [TEST_STEP][PASSED] - x = x.substring(i1, x.length()): null

04-12-2024T07:29:23 - [TEST_STEP][PASSED] - println(x): null

04-12-2024T07:29:23 - [TEST_STEP][PASSED] - i1 = x.indexOf("/") + 1: null

04-12-2024T07:29:23 - [TEST_STEP][PASSED] - if (i1 > -1): null

04-12-2024T07:29:23 - [TEST_STEP][PASSED] - x = x.substring(i1, x.length()): null

04-12-2024T07:29:23 - [TEST_STEP][PASSED] - println(x): null

04-12-2024T07:29:23 - [TEST_STEP][PASSED] - i1 = x.indexOf("/") + 1: null

04-12-2024T07:29:23 - [TEST_STEP][PASSED] - if (i1 > -1): null

04-12-2024T07:29:23 - [TEST_STEP][PASSED] - x = x.substring(i1, x.length()): null

04-12-2024T07:29:23 - [TEST_STEP][PASSED] - println(x): null

04-12-2024T07:29:23 - [TEST_STEP][PASSED] - i1 = x.indexOf("/") + 1: null

04-12-2024T07:29:23 - [TEST_STEP][PASSED] - if (i1 > -1): null

04-12-2024T07:29:23 - [TEST_STEP][PASSED] - x = x.substring(i1, x.length()): null

04-12-2024T07:29:23 - [TEST_STEP][PASSED] - println(x): null

04-12-2024T07:29:23 - [TEST_STEP][PASSED] - i1 = x.indexOf("/") + 1: null

04-12-2024T07:29:23 - [TEST_STEP][PASSED] - if (i1 > -1): null

04-12-2024T07:29:23 - [TEST_STEP][PASSED] - x = x.substring(i1, x.length()): null

04-12-2024T07:29:23 - [TEST_STEP][PASSED] - println(x): null

04-12-2024T07:29:23 - [TEST_STEP][PASSED] - i1 = x.indexOf("/"): null

04-12-2024T07:29:23 - [TEST_STEP][PASSED] - if (i1 > -1): null

04-12-2024T07:29:23 - [TEST_STEP][PASSED] - x = x.substring(0, i1): null

04-12-2024T07:29:23 - [TEST_STEP][PASSED] - println(x): null

04-12-2024T07:29:23 - [TEST_STEP][PASSED] - return x: null

04-12-2024T07:29:23 - [TEST_STEP][PASSED] - tabB = GetPFactB(x = b): null

04-12-2024T07:29:23 - [TEST_STEP][PASSED] - i1 = <not implemented yet for class: org.codehaus.groovy.ast.expr.EmptyExpression>: null

04-12-2024T07:29:23 - [TEST_STEP][PASSED] - ii = <not implemented yet for class: org.codehaus.groovy.ast.expr.EmptyExpression>: null

04-12-2024T07:29:23 - [TEST_STEP][PASSED] - for ([ii = 1, ii < 6, (ii++)]): null

04-12-2024T07:29:23 - [TEST_STEP][PASSED] - i1 = x.indexOf("/") + 1: null

04-12-2024T07:29:23 - [TEST_STEP][PASSED] - if (i1 > -1): null

04-12-2024T07:29:23 - [TEST_STEP][PASSED] - x = x.substring(i1, x.length()): null

04-12-2024T07:29:23 - [TEST_STEP][PASSED] - println(x): null

04-12-2024T07:29:23 - [TEST_STEP][PASSED] - i1 = x.indexOf("/") + 1: null

04-12-2024T07:29:23 - [TEST_STEP][PASSED] - if (i1 > -1): null

04-12-2024T07:29:23 - [TEST_STEP][PASSED] - x = x.substring(i1, x.length()): null

04-12-2024T07:29:23 - [TEST_STEP][PASSED] - println(x): null

04-12-2024T07:29:23 - [TEST_STEP][PASSED] - i1 = x.indexOf("/") + 1: null

04-12-2024T07:29:23 - [TEST_STEP][PASSED] - if (i1 > -1): null

04-12-2024T07:29:23 - [TEST_STEP][PASSED] - x = x.substring(i1, x.length()): null

04-12-2024T07:29:23 - [TEST_STEP][PASSED] - println(x): null

04-12-2024T07:29:23 - [TEST_STEP][PASSED] - i1 = x.indexOf("/") + 1: null

04-12-2024T07:29:23 - [TEST_STEP][PASSED] - if (i1 > -1): null

04-12-2024T07:29:23 - [TEST_STEP][PASSED] - x = x.substring(i1, x.length()): null

04-12-2024T07:29:23 - [TEST_STEP][PASSED] - println(x): null

04-12-2024T07:29:23 - [TEST_STEP][PASSED] - i1 = x.indexOf("/") + 1: null

04-12-2024T07:29:23 - [TEST_STEP][PASSED] - if (i1 > -1): null

04-12-2024T07:29:23 - [TEST_STEP][PASSED] - x = x.substring(i1, x.length()): null

04-12-2024T07:29:23 - [TEST_STEP][PASSED] - println(x): null

04-12-2024T07:29:23 - [TEST_STEP][PASSED] - i1 = x.indexOf("/"): null

04-12-2024T07:29:23 - [TEST_STEP][PASSED] - if (i1 > -1): null

04-12-2024T07:29:23 - [TEST_STEP][PASSED] - x = x.substring(0, i1): null

04-12-2024T07:29:23 - [TEST_STEP][PASSED] - println(x): null

04-12-2024T07:29:23 - [TEST_STEP][FAILED] - return x: null

04-12-2024T07:29:23 - [TEST_STEP][PASSED] - println(tabR + "/" + tabB): null

04-12-2024T07:29:23 - [TEST_STEP][FAILED] - if (verifyEqual(tabR, tabB) == false): null

04-12-2024T07:29:23 - [MESSAGE][FAILED] - Unable to verify equal between actual object 'нет данных' and expected object '6205073' (Root cause: com.kms.katalon.core.exception.StepFailedException: Actual object 'нет данных' and expected object '6205073' are not equal
	at com.kms.katalon.core.keyword.builtin.VerifyEqualKeyword$_verifyEqual_closure1.doCall(VerifyEqualKeyword.groovy:58)
	at com.kms.katalon.core.keyword.builtin.VerifyEqualKeyword$_verifyEqual_closure1.call(VerifyEqualKeyword.groovy)
	at com.kms.katalon.core.keyword.internal.KeywordMain.runKeyword(KeywordMain.groovy:75)
	at com.kms.katalon.core.keyword.builtin.VerifyEqualKeyword.verifyEqual(VerifyEqualKeyword.groovy:63)
	at com.kms.katalon.core.keyword.builtin.VerifyEqualKeyword.execute(VerifyEqualKeyword.groovy:44)
	at com.kms.katalon.core.keyword.internal.KeywordExecutor.executeKeywordForPlatform(KeywordExecutor.groovy:74)
	at com.kms.katalon.core.keyword.BuiltinKeywords.verifyEqual(BuiltinKeywords.groovy:146)
	at jdk.internal.reflect.GeneratedMethodAccessor25.invoke(Unknown Source)
	at java.base/jdk.internal.reflect.DelegatingMethodAccessorImpl.invoke(DelegatingMethodAccessorImpl.java:43)
	at Выполнение бизнес-плана сверка дашбордов.CompareDZOData(Выполнение бизнес-плана сверка дашбордов:730)
	at Выполнение бизнес-плана сверка дашбордов.run(Выполнение бизнес-плана сверка дашбордов:613)
	at com.kms.katalon.core.main.ScriptEngine.run(ScriptEngine.java:194)
	at com.kms.katalon.core.main.ScriptEngine.runScriptAsRawText(ScriptEngine.java:119)
	at com.kms.katalon.core.main.TestCaseExecutor.runScript(TestCaseExecutor.java:448)
	at com.kms.katalon.core.main.TestCaseExecutor.doExecute(TestCaseExecutor.java:439)
	at com.kms.katalon.core.main.TestCaseExecutor.processExecutionPhase(TestCaseExecutor.java:418)
	at com.kms.katalon.core.main.TestCaseExecutor.accessMainPhase(TestCaseExecutor.java:410)
	at com.kms.katalon.core.main.TestCaseExecutor.execute(TestCaseExecutor.java:285)
	at com.kms.katalon.core.common.CommonExecutor.accessTestCaseMainPhase(CommonExecutor.java:65)
	at com.kms.katalon.core.main.TestSuiteExecutor.accessTestSuiteMainPhase(TestSuiteExecutor.java:150)
	at com.kms.katalon.core.main.TestSuiteExecutor.execute(TestSuiteExecutor.java:106)
	at com.kms.katalon.core.main.TestCaseMain.startTestSuite(TestCaseMain.java:180)
	at TempTestSuite1733285972582.run(TempTestSuite1733285972582.groovy:35)
	at java.base/jdk.internal.reflect.NativeMethodAccessorImpl.invoke0(Native Method)
	at java.base/jdk.internal.reflect.NativeMethodAccessorImpl.invoke(NativeMethodAccessorImpl.java:77)
	at java.base/jdk.internal.reflect.DelegatingMethodAccessorImpl.invoke(DelegatingMethodAccessorImpl.java:43)
)

04-12-2024T07:29:23 - [TEST_STEP][PASSED] - result = WriteToExcel(typeOfData, todaysDate, PercPlanR, PercPlanB, PercFactR, PercFactB, x, tabR, tabB, o1R, o1B, vidget): null

04-12-2024T07:29:23 - [TEST_STEP][PASSED] - iii = dZO.indexOf("/"): null

04-12-2024T07:29:23 - [TEST_STEP][PASSED] - println(iii): null

04-12-2024T07:29:23 - [TEST_STEP][PASSED] - dZO = dZO.substring(0, iii): null

04-12-2024T07:29:23 - [TEST_STEP][PASSED] - println(dZO): null

04-12-2024T07:29:23 - [TEST_STEP][PASSED] - println(PercPlanR): null

04-12-2024T07:29:23 - [TEST_STEP][PASSED] - println(PercPlanB): null

04-12-2024T07:29:23 - [TEST_STEP][PASSED] - println(PercFactR): null

04-12-2024T07:29:23 - [TEST_STEP][PASSED] - println(PercFactB): null

04-12-2024T07:29:23 - [TEST_STEP][PASSED] - println(tabR): null

04-12-2024T07:29:23 - [TEST_STEP][PASSED] - println(tabB): null

04-12-2024T07:29:23 - [TEST_STEP][PASSED] - println(o1R): null

04-12-2024T07:29:23 - [TEST_STEP][PASSED] - println(o1B): null

04-12-2024T07:29:23 - [TEST_STEP][PASSED] - PR = <not implemented yet for class: org.codehaus.groovy.ast.expr.EmptyExpression>: null

04-12-2024T07:29:23 - [TEST_STEP][PASSED] - FR = <not implemented yet for class: org.codehaus.groovy.ast.expr.EmptyExpression>: null

04-12-2024T07:29:23 - [TEST_STEP][PASSED] - PB = <not implemented yet for class: org.codehaus.groovy.ast.expr.EmptyExpression>: null

04-12-2024T07:29:23 - [TEST_STEP][PASSED] - FB = <not implemented yet for class: org.codehaus.groovy.ast.expr.EmptyExpression>: null

04-12-2024T07:29:23 - [TEST_STEP][PASSED] - TR = <not implemented yet for class: org.codehaus.groovy.ast.expr.EmptyExpression>: null

04-12-2024T07:29:23 - [TEST_STEP][PASSED] - TB = <not implemented yet for class: org.codehaus.groovy.ast.expr.EmptyExpression>: null

04-12-2024T07:29:23 - [TEST_STEP][PASSED] - sheetName = "Sheet1": null

04-12-2024T07:29:23 - [TEST_STEP][PASSED] - data = findTestData("PlanFact"): null

04-12-2024T07:29:23 - [TEST_STEP][PASSED] - n = data.getRowNumbers() + 1: null

04-12-2024T07:29:23 - [TEST_STEP][PASSED] - year = todaysDate.substring(todaysDate.length() - 4, todaysDate.length()): null

04-12-2024T07:29:23 - [TEST_STEP][PASSED] - y = year.toInteger(): null

04-12-2024T07:29:23 - [TEST_STEP][PASSED] - m = getText(findTestObject("Выполнение бизнес-плана/Выполнение бизнес-плана Балансы/Фильтр Дата")): Text of object 'Object Repository/Выполнение бизнес-плана/Выполнение бизнес-плана Балансы/Фильтр Дата' is: '1, 2, 3 кв., Октябрь 2024 года'

04-12-2024T07:29:23 - [MESSAGE][PASSED] - Text of object 'Object Repository/Выполнение бизнес-плана/Выполнение бизнес-плана Балансы/Фильтр Дата' is: '1, 2, 3 кв., Октябрь 2024 года'

04-12-2024T07:29:23 - [TEST_STEP][PASSED] - m = m.substring(0, m.indexOf("2024")): null

04-12-2024T07:29:23 - [TEST_STEP][PASSED] - m = m.trim(): null

04-12-2024T07:29:23 - [TEST_STEP][PASSED] - dashboardName = "Выполнение бизнес-плана": null

04-12-2024T07:29:23 - [TEST_STEP][PASSED] - workbook01 = getWorkbook(excelFilePath): null

04-12-2024T07:29:23 - [TEST_STEP][PASSED] - sheet01 = getExcelSheet(workbook01, sheetName): null

04-12-2024T07:29:23 - [TEST_STEP][PASSED] - setValueToCellByIndex(sheet01, n, 0, dashboardName): null

04-12-2024T07:29:23 - [TEST_STEP][PASSED] - setValueToCellByIndex(sheet01, n, 1, dZO): null

04-12-2024T07:29:23 - [TEST_STEP][PASSED] - setValueToCellByIndex(sheet01, n, 2, typeOfData): null

04-12-2024T07:29:23 - [TEST_STEP][PASSED] - setValueToCellByIndex(sheet01, n, 3, typeOfData): null

04-12-2024T07:29:23 - [TEST_STEP][PASSED] - if (typeOfData == "План"): null

04-12-2024T07:29:23 - [TEST_STEP][PASSED] - else if (typeOfData == "Факт"): null

04-12-2024T07:29:23 - [TEST_STEP][PASSED] - else if (vidget.contains("электроэнергии") == true): null

04-12-2024T07:29:23 - [TEST_STEP][PASSED] - if (tabR == null): null

04-12-2024T07:29:23 - [TEST_STEP][PASSED] - else: null

04-12-2024T07:29:23 - [TEST_STEP][PASSED] - if (tabR == "нет данных"): null

04-12-2024T07:29:23 - [TEST_STEP][PASSED] - setValueToCellByIndex(sheet01, n, 4, "нет данных"): null

04-12-2024T07:29:23 - [TEST_STEP][PASSED] - if (tabB == null): null

04-12-2024T07:29:23 - [TEST_STEP][PASSED] - else: null

04-12-2024T07:29:23 - [TEST_STEP][PASSED] - if (tabB == "нет данных"): null

04-12-2024T07:29:23 - [TEST_STEP][PASSED] - else: null

04-12-2024T07:29:23 - [TEST_STEP][PASSED] - TB = tabB.toInteger(): null

04-12-2024T07:29:23 - [TEST_STEP][PASSED] - setValueToCellByIndex(sheet01, n, 5, TB): null

04-12-2024T07:29:23 - [TEST_STEP][PASSED] - setValueToCellByIndex(sheet01, n, 6, m): null

04-12-2024T07:29:23 - [TEST_STEP][PASSED] - setValueToCellByIndex(sheet01, n, 7, y): null

04-12-2024T07:29:23 - [TEST_STEP][PASSED] - setValueToCellByIndex(sheet01, n, 8, todaysDate): null

04-12-2024T07:29:23 - [TEST_STEP][PASSED] - n = n + 1: null

04-12-2024T07:29:23 - [TEST_STEP][PASSED] - saveWorkbook(excelFilePath, workbook01): null

04-12-2024T07:29:24 - [TEST_STEP][PASSED] - vidget = "Показатели баланса электроэнергии по ДЗО – План": null

04-12-2024T07:29:24 - [TEST_STEP][PASSED] - typeOfData = "План Отпуск в сеть": null

04-12-2024T07:29:24 - [TEST_STEP][PASSED] - tabR = GetOvSPlanR(x = a): null

04-12-2024T07:29:24 - [TEST_STEP][PASSED] - i1 = <not implemented yet for class: org.codehaus.groovy.ast.expr.EmptyExpression>: null

04-12-2024T07:29:24 - [TEST_STEP][PASSED] - ii = <not implemented yet for class: org.codehaus.groovy.ast.expr.EmptyExpression>: null

04-12-2024T07:29:24 - [TEST_STEP][PASSED] - for ([ii = 1, ii < 7, (ii++)]): null

04-12-2024T07:29:24 - [TEST_STEP][PASSED] - i1 = x.indexOf("/") + 1: null

04-12-2024T07:29:24 - [TEST_STEP][PASSED] - if (i1 > -1): null

04-12-2024T07:29:24 - [TEST_STEP][PASSED] - x = x.substring(i1, x.length()): null

04-12-2024T07:29:24 - [TEST_STEP][PASSED] - println(x): null

04-12-2024T07:29:24 - [TEST_STEP][PASSED] - i1 = x.indexOf("/") + 1: null

04-12-2024T07:29:24 - [TEST_STEP][PASSED] - if (i1 > -1): null

04-12-2024T07:29:24 - [TEST_STEP][PASSED] - x = x.substring(i1, x.length()): null

04-12-2024T07:29:24 - [TEST_STEP][PASSED] - println(x): null

04-12-2024T07:29:24 - [TEST_STEP][PASSED] - i1 = x.indexOf("/") + 1: null

04-12-2024T07:29:24 - [TEST_STEP][PASSED] - if (i1 > -1): null

04-12-2024T07:29:24 - [TEST_STEP][PASSED] - x = x.substring(i1, x.length()): null

04-12-2024T07:29:24 - [TEST_STEP][PASSED] - println(x): null

04-12-2024T07:29:24 - [TEST_STEP][PASSED] - i1 = x.indexOf("/") + 1: null

04-12-2024T07:29:24 - [TEST_STEP][PASSED] - if (i1 > -1): null

04-12-2024T07:29:24 - [TEST_STEP][PASSED] - x = x.substring(i1, x.length()): null

04-12-2024T07:29:24 - [TEST_STEP][PASSED] - println(x): null

04-12-2024T07:29:24 - [TEST_STEP][PASSED] - i1 = x.indexOf("/") + 1: null

04-12-2024T07:29:24 - [TEST_STEP][PASSED] - if (i1 > -1): null

04-12-2024T07:29:24 - [TEST_STEP][PASSED] - x = x.substring(i1, x.length()): null

04-12-2024T07:29:24 - [TEST_STEP][PASSED] - println(x): null

04-12-2024T07:29:24 - [TEST_STEP][PASSED] - i1 = x.indexOf("/") + 1: null

04-12-2024T07:29:24 - [TEST_STEP][PASSED] - if (i1 > -1): null

04-12-2024T07:29:24 - [TEST_STEP][PASSED] - x = x.substring(i1, x.length()): null

04-12-2024T07:29:24 - [TEST_STEP][PASSED] - println(x): null

04-12-2024T07:29:24 - [TEST_STEP][PASSED] - i1 = x.indexOf("/"): null

04-12-2024T07:29:24 - [TEST_STEP][PASSED] - if (i1 > -1): null

04-12-2024T07:29:24 - [TEST_STEP][PASSED] - x = x.substring(0, i1): null

04-12-2024T07:29:24 - [TEST_STEP][PASSED] - println(x): null

04-12-2024T07:29:24 - [TEST_STEP][PASSED] - return x: null

04-12-2024T07:29:24 - [TEST_STEP][PASSED] - tabB = GetOvSPlanB(x = b): null

04-12-2024T07:29:24 - [TEST_STEP][PASSED] - i1 = <not implemented yet for class: org.codehaus.groovy.ast.expr.EmptyExpression>: null

04-12-2024T07:29:24 - [TEST_STEP][PASSED] - ii = <not implemented yet for class: org.codehaus.groovy.ast.expr.EmptyExpression>: null

04-12-2024T07:29:24 - [TEST_STEP][PASSED] - for ([ii = 1, ii < 7, (ii++)]): null

04-12-2024T07:29:24 - [TEST_STEP][PASSED] - i1 = x.indexOf("/") + 1: null

04-12-2024T07:29:24 - [TEST_STEP][PASSED] - if (i1 > -1): null

04-12-2024T07:29:24 - [TEST_STEP][PASSED] - x = x.substring(i1, x.length()): null

04-12-2024T07:29:24 - [TEST_STEP][PASSED] - println(x): null

04-12-2024T07:29:24 - [TEST_STEP][PASSED] - i1 = x.indexOf("/") + 1: null

04-12-2024T07:29:24 - [TEST_STEP][PASSED] - if (i1 > -1): null

04-12-2024T07:29:24 - [TEST_STEP][PASSED] - x = x.substring(i1, x.length()): null

04-12-2024T07:29:24 - [TEST_STEP][PASSED] - println(x): null

04-12-2024T07:29:24 - [TEST_STEP][PASSED] - i1 = x.indexOf("/") + 1: null

04-12-2024T07:29:24 - [TEST_STEP][PASSED] - if (i1 > -1): null

04-12-2024T07:29:24 - [TEST_STEP][PASSED] - x = x.substring(i1, x.length()): null

04-12-2024T07:29:24 - [TEST_STEP][PASSED] - println(x): null

04-12-2024T07:29:24 - [TEST_STEP][PASSED] - i1 = x.indexOf("/") + 1: null

04-12-2024T07:29:24 - [TEST_STEP][PASSED] - if (i1 > -1): null

04-12-2024T07:29:24 - [TEST_STEP][PASSED] - x = x.substring(i1, x.length()): null

04-12-2024T07:29:24 - [TEST_STEP][PASSED] - println(x): null

04-12-2024T07:29:24 - [TEST_STEP][PASSED] - i1 = x.indexOf("/") + 1: null

04-12-2024T07:29:24 - [TEST_STEP][PASSED] - if (i1 > -1): null

04-12-2024T07:29:24 - [TEST_STEP][PASSED] - x = x.substring(i1, x.length()): null

04-12-2024T07:29:24 - [TEST_STEP][PASSED] - println(x): null

04-12-2024T07:29:24 - [TEST_STEP][PASSED] - i1 = x.indexOf("/") + 1: null

04-12-2024T07:29:24 - [TEST_STEP][PASSED] - if (i1 > -1): null

04-12-2024T07:29:24 - [TEST_STEP][PASSED] - x = x.substring(i1, x.length()): null

04-12-2024T07:29:24 - [TEST_STEP][PASSED] - println(x): null

04-12-2024T07:29:24 - [TEST_STEP][PASSED] - i1 = x.indexOf("/"): null

04-12-2024T07:29:24 - [TEST_STEP][PASSED] - if (i1 > -1): null

04-12-2024T07:29:24 - [TEST_STEP][PASSED] - x = x.substring(0, i1): null

04-12-2024T07:29:24 - [TEST_STEP][PASSED] - println(x): null

04-12-2024T07:29:24 - [TEST_STEP][FAILED] - return x: null

04-12-2024T07:29:24 - [TEST_STEP][PASSED] - println(tabR + "/" + tabB): null

04-12-2024T07:29:24 - [TEST_STEP][FAILED] - if (verifyEqual(PercFactR, PercFactB) == false): null

04-12-2024T07:29:24 - [MESSAGE][FAILED] - Unable to verify equal between actual object 'нет данных' and expected object '7.35' (Root cause: com.kms.katalon.core.exception.StepFailedException: Actual object 'нет данных' and expected object '7.35' are not equal
	at com.kms.katalon.core.keyword.builtin.VerifyEqualKeyword$_verifyEqual_closure1.doCall(VerifyEqualKeyword.groovy:58)
	at com.kms.katalon.core.keyword.builtin.VerifyEqualKeyword$_verifyEqual_closure1.call(VerifyEqualKeyword.groovy)
	at com.kms.katalon.core.keyword.internal.KeywordMain.runKeyword(KeywordMain.groovy:75)
	at com.kms.katalon.core.keyword.builtin.VerifyEqualKeyword.verifyEqual(VerifyEqualKeyword.groovy:63)
	at com.kms.katalon.core.keyword.builtin.VerifyEqualKeyword.execute(VerifyEqualKeyword.groovy:44)
	at com.kms.katalon.core.keyword.internal.KeywordExecutor.executeKeywordForPlatform(KeywordExecutor.groovy:74)
	at com.kms.katalon.core.keyword.BuiltinKeywords.verifyEqual(BuiltinKeywords.groovy:146)
	at jdk.internal.reflect.GeneratedMethodAccessor25.invoke(Unknown Source)
	at java.base/jdk.internal.reflect.DelegatingMethodAccessorImpl.invoke(DelegatingMethodAccessorImpl.java:43)
	at Выполнение бизнес-плана сверка дашбордов.CompareDZOData(Выполнение бизнес-плана сверка дашбордов:745)
	at Выполнение бизнес-плана сверка дашбордов.run(Выполнение бизнес-плана сверка дашбордов:613)
	at com.kms.katalon.core.main.ScriptEngine.run(ScriptEngine.java:194)
	at com.kms.katalon.core.main.ScriptEngine.runScriptAsRawText(ScriptEngine.java:119)
	at com.kms.katalon.core.main.TestCaseExecutor.runScript(TestCaseExecutor.java:448)
	at com.kms.katalon.core.main.TestCaseExecutor.doExecute(TestCaseExecutor.java:439)
	at com.kms.katalon.core.main.TestCaseExecutor.processExecutionPhase(TestCaseExecutor.java:418)
	at com.kms.katalon.core.main.TestCaseExecutor.accessMainPhase(TestCaseExecutor.java:410)
	at com.kms.katalon.core.main.TestCaseExecutor.execute(TestCaseExecutor.java:285)
	at com.kms.katalon.core.common.CommonExecutor.accessTestCaseMainPhase(CommonExecutor.java:65)
	at com.kms.katalon.core.main.TestSuiteExecutor.accessTestSuiteMainPhase(TestSuiteExecutor.java:150)
	at com.kms.katalon.core.main.TestSuiteExecutor.execute(TestSuiteExecutor.java:106)
	at com.kms.katalon.core.main.TestCaseMain.startTestSuite(TestCaseMain.java:180)
	at TempTestSuite1733285972582.run(TempTestSuite1733285972582.groovy:35)
	at java.base/jdk.internal.reflect.NativeMethodAccessorImpl.invoke0(Native Method)
	at java.base/jdk.internal.reflect.NativeMethodAccessorImpl.invoke(NativeMethodAccessorImpl.java:77)
	at java.base/jdk.internal.reflect.DelegatingMethodAccessorImpl.invoke(DelegatingMethodAccessorImpl.java:43)
)

04-12-2024T07:29:24 - [TEST_STEP][PASSED] - result = WriteToExcel(typeOfData, todaysDate, PercPlanR, PercPlanB, PercFactR, PercFactB, x, tabR, tabB, o1R, o1B, vidget): null

04-12-2024T07:29:24 - [TEST_STEP][PASSED] - iii = dZO.indexOf("/"): null

04-12-2024T07:29:24 - [TEST_STEP][PASSED] - println(iii): null

04-12-2024T07:29:24 - [TEST_STEP][PASSED] - dZO = dZO.substring(0, iii): null

04-12-2024T07:29:24 - [TEST_STEP][PASSED] - println(dZO): null

04-12-2024T07:29:24 - [TEST_STEP][PASSED] - println(PercPlanR): null

04-12-2024T07:29:24 - [TEST_STEP][PASSED] - println(PercPlanB): null

04-12-2024T07:29:24 - [TEST_STEP][PASSED] - println(PercFactR): null

04-12-2024T07:29:24 - [TEST_STEP][PASSED] - println(PercFactB): null

04-12-2024T07:29:24 - [TEST_STEP][PASSED] - println(tabR): null

04-12-2024T07:29:24 - [TEST_STEP][PASSED] - println(tabB): null

04-12-2024T07:29:24 - [TEST_STEP][PASSED] - println(o1R): null

04-12-2024T07:29:24 - [TEST_STEP][PASSED] - println(o1B): null

04-12-2024T07:29:24 - [TEST_STEP][PASSED] - PR = <not implemented yet for class: org.codehaus.groovy.ast.expr.EmptyExpression>: null

04-12-2024T07:29:24 - [TEST_STEP][PASSED] - FR = <not implemented yet for class: org.codehaus.groovy.ast.expr.EmptyExpression>: null

04-12-2024T07:29:24 - [TEST_STEP][PASSED] - PB = <not implemented yet for class: org.codehaus.groovy.ast.expr.EmptyExpression>: null

04-12-2024T07:29:24 - [TEST_STEP][PASSED] - FB = <not implemented yet for class: org.codehaus.groovy.ast.expr.EmptyExpression>: null

04-12-2024T07:29:24 - [TEST_STEP][PASSED] - TR = <not implemented yet for class: org.codehaus.groovy.ast.expr.EmptyExpression>: null

04-12-2024T07:29:24 - [TEST_STEP][PASSED] - TB = <not implemented yet for class: org.codehaus.groovy.ast.expr.EmptyExpression>: null

04-12-2024T07:29:24 - [TEST_STEP][PASSED] - sheetName = "Sheet1": null

04-12-2024T07:29:24 - [TEST_STEP][PASSED] - data = findTestData("PlanFact"): null

04-12-2024T07:29:24 - [TEST_STEP][PASSED] - n = data.getRowNumbers() + 1: null

04-12-2024T07:29:24 - [TEST_STEP][PASSED] - year = todaysDate.substring(todaysDate.length() - 4, todaysDate.length()): null

04-12-2024T07:29:24 - [TEST_STEP][PASSED] - y = year.toInteger(): null

04-12-2024T07:29:24 - [TEST_STEP][PASSED] - m = getText(findTestObject("Выполнение бизнес-плана/Выполнение бизнес-плана Балансы/Фильтр Дата")): Text of object 'Object Repository/Выполнение бизнес-плана/Выполнение бизнес-плана Балансы/Фильтр Дата' is: '1, 2, 3 кв., Октябрь 2024 года'

04-12-2024T07:29:24 - [MESSAGE][PASSED] - Text of object 'Object Repository/Выполнение бизнес-плана/Выполнение бизнес-плана Балансы/Фильтр Дата' is: '1, 2, 3 кв., Октябрь 2024 года'

04-12-2024T07:29:24 - [TEST_STEP][PASSED] - m = m.substring(0, m.indexOf("2024")): null

04-12-2024T07:29:24 - [TEST_STEP][PASSED] - m = m.trim(): null

04-12-2024T07:29:24 - [TEST_STEP][PASSED] - dashboardName = "Выполнение бизнес-плана": null

04-12-2024T07:29:24 - [TEST_STEP][PASSED] - workbook01 = getWorkbook(excelFilePath): null

04-12-2024T07:29:24 - [TEST_STEP][PASSED] - sheet01 = getExcelSheet(workbook01, sheetName): null

04-12-2024T07:29:24 - [TEST_STEP][PASSED] - setValueToCellByIndex(sheet01, n, 0, dashboardName): null

04-12-2024T07:29:24 - [TEST_STEP][PASSED] - setValueToCellByIndex(sheet01, n, 1, dZO): null

04-12-2024T07:29:24 - [TEST_STEP][PASSED] - setValueToCellByIndex(sheet01, n, 2, typeOfData): null

04-12-2024T07:29:24 - [TEST_STEP][PASSED] - setValueToCellByIndex(sheet01, n, 3, typeOfData): null

04-12-2024T07:29:24 - [TEST_STEP][PASSED] - if (typeOfData == "План"): null

04-12-2024T07:29:24 - [TEST_STEP][PASSED] - else if (typeOfData == "Факт"): null

04-12-2024T07:29:24 - [TEST_STEP][PASSED] - else if (vidget.contains("электроэнергии") == true): null

04-12-2024T07:29:24 - [TEST_STEP][PASSED] - if (tabR == null): null

04-12-2024T07:29:24 - [TEST_STEP][PASSED] - else: null

04-12-2024T07:29:24 - [TEST_STEP][PASSED] - if (tabR == "нет данных"): null

04-12-2024T07:29:24 - [TEST_STEP][PASSED] - setValueToCellByIndex(sheet01, n, 4, "нет данных"): null

04-12-2024T07:29:24 - [TEST_STEP][PASSED] - if (tabB == null): null

04-12-2024T07:29:24 - [TEST_STEP][PASSED] - else: null

04-12-2024T07:29:24 - [TEST_STEP][PASSED] - if (tabB == "нет данных"): null

04-12-2024T07:29:24 - [TEST_STEP][PASSED] - else: null

04-12-2024T07:29:24 - [TEST_STEP][PASSED] - TB = tabB.toInteger(): null

04-12-2024T07:29:24 - [TEST_STEP][PASSED] - setValueToCellByIndex(sheet01, n, 5, TB): null

04-12-2024T07:29:24 - [TEST_STEP][PASSED] - setValueToCellByIndex(sheet01, n, 6, m): null

04-12-2024T07:29:24 - [TEST_STEP][PASSED] - setValueToCellByIndex(sheet01, n, 7, y): null

04-12-2024T07:29:24 - [TEST_STEP][PASSED] - setValueToCellByIndex(sheet01, n, 8, todaysDate): null

04-12-2024T07:29:24 - [TEST_STEP][PASSED] - n = n + 1: null

04-12-2024T07:29:24 - [TEST_STEP][PASSED] - saveWorkbook(excelFilePath, workbook01): null

04-12-2024T07:29:24 - [TEST_STEP][PASSED] - typeOfData = "План Отпуск из сети": null

04-12-2024T07:29:24 - [TEST_STEP][PASSED] - tabR = GetOiSPlanR(x = a): null

04-12-2024T07:29:24 - [TEST_STEP][PASSED] - i1 = <not implemented yet for class: org.codehaus.groovy.ast.expr.EmptyExpression>: null

04-12-2024T07:29:24 - [TEST_STEP][PASSED] - ii = <not implemented yet for class: org.codehaus.groovy.ast.expr.EmptyExpression>: null

04-12-2024T07:29:24 - [TEST_STEP][PASSED] - for ([ii = 1, ii < 8, (ii++)]): null

04-12-2024T07:29:24 - [TEST_STEP][PASSED] - i1 = x.indexOf("/") + 1: null

04-12-2024T07:29:24 - [TEST_STEP][PASSED] - if (i1 > -1): null

04-12-2024T07:29:24 - [TEST_STEP][PASSED] - x = x.substring(i1, x.length()): null

04-12-2024T07:29:24 - [TEST_STEP][PASSED] - println(x): null

04-12-2024T07:29:24 - [TEST_STEP][PASSED] - i1 = x.indexOf("/") + 1: null

04-12-2024T07:29:24 - [TEST_STEP][PASSED] - if (i1 > -1): null

04-12-2024T07:29:24 - [TEST_STEP][PASSED] - x = x.substring(i1, x.length()): null

04-12-2024T07:29:24 - [TEST_STEP][PASSED] - println(x): null

04-12-2024T07:29:24 - [TEST_STEP][PASSED] - i1 = x.indexOf("/") + 1: null

04-12-2024T07:29:24 - [TEST_STEP][PASSED] - if (i1 > -1): null

04-12-2024T07:29:24 - [TEST_STEP][PASSED] - x = x.substring(i1, x.length()): null

04-12-2024T07:29:24 - [TEST_STEP][PASSED] - println(x): null

04-12-2024T07:29:24 - [TEST_STEP][PASSED] - i1 = x.indexOf("/") + 1: null

04-12-2024T07:29:24 - [TEST_STEP][PASSED] - if (i1 > -1): null

04-12-2024T07:29:24 - [TEST_STEP][PASSED] - x = x.substring(i1, x.length()): null

04-12-2024T07:29:24 - [TEST_STEP][PASSED] - println(x): null

04-12-2024T07:29:24 - [TEST_STEP][PASSED] - i1 = x.indexOf("/") + 1: null

04-12-2024T07:29:24 - [TEST_STEP][PASSED] - if (i1 > -1): null

04-12-2024T07:29:24 - [TEST_STEP][PASSED] - x = x.substring(i1, x.length()): null

04-12-2024T07:29:24 - [TEST_STEP][PASSED] - println(x): null

04-12-2024T07:29:24 - [TEST_STEP][PASSED] - i1 = x.indexOf("/") + 1: null

04-12-2024T07:29:24 - [TEST_STEP][PASSED] - if (i1 > -1): null

04-12-2024T07:29:24 - [TEST_STEP][PASSED] - x = x.substring(i1, x.length()): null

04-12-2024T07:29:24 - [TEST_STEP][PASSED] - println(x): null

04-12-2024T07:29:24 - [TEST_STEP][PASSED] - i1 = x.indexOf("/") + 1: null

04-12-2024T07:29:24 - [TEST_STEP][PASSED] - if (i1 > -1): null

04-12-2024T07:29:24 - [TEST_STEP][PASSED] - x = x.substring(i1, x.length()): null

04-12-2024T07:29:24 - [TEST_STEP][PASSED] - println(x): null

04-12-2024T07:29:24 - [TEST_STEP][PASSED] - i1 = x.indexOf("/"): null

04-12-2024T07:29:24 - [TEST_STEP][PASSED] - if (i1 > -1): null

04-12-2024T07:29:24 - [TEST_STEP][PASSED] - x = x.substring(0, i1): null

04-12-2024T07:29:24 - [TEST_STEP][PASSED] - println(x): null

04-12-2024T07:29:24 - [TEST_STEP][PASSED] - return x: null

04-12-2024T07:29:24 - [TEST_STEP][PASSED] - tabB = GetOiSPlanB(x = b): null

04-12-2024T07:29:24 - [TEST_STEP][PASSED] - i1 = <not implemented yet for class: org.codehaus.groovy.ast.expr.EmptyExpression>: null

04-12-2024T07:29:24 - [TEST_STEP][PASSED] - ii = <not implemented yet for class: org.codehaus.groovy.ast.expr.EmptyExpression>: null

04-12-2024T07:29:24 - [TEST_STEP][PASSED] - for ([ii = 1, ii < 8, (ii++)]): null

04-12-2024T07:29:24 - [TEST_STEP][PASSED] - i1 = x.indexOf("/") + 1: null

04-12-2024T07:29:24 - [TEST_STEP][PASSED] - if (i1 > -1): null

04-12-2024T07:29:24 - [TEST_STEP][PASSED] - x = x.substring(i1, x.length()): null

04-12-2024T07:29:24 - [TEST_STEP][PASSED] - println(x): null

04-12-2024T07:29:24 - [TEST_STEP][PASSED] - i1 = x.indexOf("/") + 1: null

04-12-2024T07:29:24 - [TEST_STEP][PASSED] - if (i1 > -1): null

04-12-2024T07:29:24 - [TEST_STEP][PASSED] - x = x.substring(i1, x.length()): null

04-12-2024T07:29:24 - [TEST_STEP][PASSED] - println(x): null

04-12-2024T07:29:24 - [TEST_STEP][PASSED] - i1 = x.indexOf("/") + 1: null

04-12-2024T07:29:24 - [TEST_STEP][PASSED] - if (i1 > -1): null

04-12-2024T07:29:24 - [TEST_STEP][PASSED] - x = x.substring(i1, x.length()): null

04-12-2024T07:29:24 - [TEST_STEP][PASSED] - println(x): null

04-12-2024T07:29:24 - [TEST_STEP][PASSED] - i1 = x.indexOf("/") + 1: null

04-12-2024T07:29:24 - [TEST_STEP][PASSED] - if (i1 > -1): null

04-12-2024T07:29:24 - [TEST_STEP][PASSED] - x = x.substring(i1, x.length()): null

04-12-2024T07:29:24 - [TEST_STEP][PASSED] - println(x): null

04-12-2024T07:29:24 - [TEST_STEP][PASSED] - i1 = x.indexOf("/") + 1: null

04-12-2024T07:29:24 - [TEST_STEP][PASSED] - if (i1 > -1): null

04-12-2024T07:29:24 - [TEST_STEP][PASSED] - x = x.substring(i1, x.length()): null

04-12-2024T07:29:24 - [TEST_STEP][PASSED] - println(x): null

04-12-2024T07:29:24 - [TEST_STEP][PASSED] - i1 = x.indexOf("/") + 1: null

04-12-2024T07:29:24 - [TEST_STEP][PASSED] - if (i1 > -1): null

04-12-2024T07:29:24 - [TEST_STEP][PASSED] - x = x.substring(i1, x.length()): null

04-12-2024T07:29:24 - [TEST_STEP][PASSED] - println(x): null

04-12-2024T07:29:24 - [TEST_STEP][PASSED] - i1 = x.indexOf("/") + 1: null

04-12-2024T07:29:24 - [TEST_STEP][PASSED] - if (i1 > -1): null

04-12-2024T07:29:24 - [TEST_STEP][PASSED] - x = x.substring(i1, x.length()): null

04-12-2024T07:29:24 - [TEST_STEP][PASSED] - println(x): null

04-12-2024T07:29:24 - [TEST_STEP][PASSED] - i1 = x.indexOf("/"): null

04-12-2024T07:29:24 - [TEST_STEP][PASSED] - if (i1 > -1): null

04-12-2024T07:29:24 - [TEST_STEP][PASSED] - x = x.substring(0, i1): null

04-12-2024T07:29:24 - [TEST_STEP][PASSED] - println(x): null

04-12-2024T07:29:24 - [TEST_STEP][FAILED] - return x: null

04-12-2024T07:29:24 - [TEST_STEP][PASSED] - println(tabR + "/" + tabB): null

04-12-2024T07:29:24 - [TEST_STEP][FAILED] - if (verifyEqual(PercFactR, PercFactB) == false): null

04-12-2024T07:29:24 - [MESSAGE][FAILED] - Unable to verify equal between actual object 'нет данных' and expected object '7.35' (Root cause: com.kms.katalon.core.exception.StepFailedException: Actual object 'нет данных' and expected object '7.35' are not equal
	at com.kms.katalon.core.keyword.builtin.VerifyEqualKeyword$_verifyEqual_closure1.doCall(VerifyEqualKeyword.groovy:58)
	at com.kms.katalon.core.keyword.builtin.VerifyEqualKeyword$_verifyEqual_closure1.call(VerifyEqualKeyword.groovy)
	at com.kms.katalon.core.keyword.internal.KeywordMain.runKeyword(KeywordMain.groovy:75)
	at com.kms.katalon.core.keyword.builtin.VerifyEqualKeyword.verifyEqual(VerifyEqualKeyword.groovy:63)
	at com.kms.katalon.core.keyword.builtin.VerifyEqualKeyword.execute(VerifyEqualKeyword.groovy:44)
	at com.kms.katalon.core.keyword.internal.KeywordExecutor.executeKeywordForPlatform(KeywordExecutor.groovy:74)
	at com.kms.katalon.core.keyword.BuiltinKeywords.verifyEqual(BuiltinKeywords.groovy:146)
	at jdk.internal.reflect.GeneratedMethodAccessor25.invoke(Unknown Source)
	at java.base/jdk.internal.reflect.DelegatingMethodAccessorImpl.invoke(DelegatingMethodAccessorImpl.java:43)
	at Выполнение бизнес-плана сверка дашбордов.CompareDZOData(Выполнение бизнес-плана сверка дашбордов:758)
	at Выполнение бизнес-плана сверка дашбордов.run(Выполнение бизнес-плана сверка дашбордов:613)
	at com.kms.katalon.core.main.ScriptEngine.run(ScriptEngine.java:194)
	at com.kms.katalon.core.main.ScriptEngine.runScriptAsRawText(ScriptEngine.java:119)
	at com.kms.katalon.core.main.TestCaseExecutor.runScript(TestCaseExecutor.java:448)
	at com.kms.katalon.core.main.TestCaseExecutor.doExecute(TestCaseExecutor.java:439)
	at com.kms.katalon.core.main.TestCaseExecutor.processExecutionPhase(TestCaseExecutor.java:418)
	at com.kms.katalon.core.main.TestCaseExecutor.accessMainPhase(TestCaseExecutor.java:410)
	at com.kms.katalon.core.main.TestCaseExecutor.execute(TestCaseExecutor.java:285)
	at com.kms.katalon.core.common.CommonExecutor.accessTestCaseMainPhase(CommonExecutor.java:65)
	at com.kms.katalon.core.main.TestSuiteExecutor.accessTestSuiteMainPhase(TestSuiteExecutor.java:150)
	at com.kms.katalon.core.main.TestSuiteExecutor.execute(TestSuiteExecutor.java:106)
	at com.kms.katalon.core.main.TestCaseMain.startTestSuite(TestCaseMain.java:180)
	at TempTestSuite1733285972582.run(TempTestSuite1733285972582.groovy:35)
	at java.base/jdk.internal.reflect.NativeMethodAccessorImpl.invoke0(Native Method)
	at java.base/jdk.internal.reflect.NativeMethodAccessorImpl.invoke(NativeMethodAccessorImpl.java:77)
	at java.base/jdk.internal.reflect.DelegatingMethodAccessorImpl.invoke(DelegatingMethodAccessorImpl.java:43)
)

04-12-2024T07:29:24 - [TEST_STEP][PASSED] - result = WriteToExcel(typeOfData, todaysDate, PercPlanR, PercPlanB, PercFactR, PercFactB, x, tabR, tabB, o1R, o1B, vidget): null

04-12-2024T07:29:24 - [TEST_STEP][PASSED] - iii = dZO.indexOf("/"): null

04-12-2024T07:29:24 - [TEST_STEP][PASSED] - println(iii): null

04-12-2024T07:29:24 - [TEST_STEP][PASSED] - dZO = dZO.substring(0, iii): null

04-12-2024T07:29:24 - [TEST_STEP][PASSED] - println(dZO): null

04-12-2024T07:29:24 - [TEST_STEP][PASSED] - println(PercPlanR): null

04-12-2024T07:29:24 - [TEST_STEP][PASSED] - println(PercPlanB): null

04-12-2024T07:29:24 - [TEST_STEP][PASSED] - println(PercFactR): null

04-12-2024T07:29:24 - [TEST_STEP][PASSED] - println(PercFactB): null

04-12-2024T07:29:24 - [TEST_STEP][PASSED] - println(tabR): null

04-12-2024T07:29:24 - [TEST_STEP][PASSED] - println(tabB): null

04-12-2024T07:29:24 - [TEST_STEP][PASSED] - println(o1R): null

04-12-2024T07:29:24 - [TEST_STEP][PASSED] - println(o1B): null

04-12-2024T07:29:24 - [TEST_STEP][PASSED] - PR = <not implemented yet for class: org.codehaus.groovy.ast.expr.EmptyExpression>: null

04-12-2024T07:29:24 - [TEST_STEP][PASSED] - FR = <not implemented yet for class: org.codehaus.groovy.ast.expr.EmptyExpression>: null

04-12-2024T07:29:24 - [TEST_STEP][PASSED] - PB = <not implemented yet for class: org.codehaus.groovy.ast.expr.EmptyExpression>: null

04-12-2024T07:29:24 - [TEST_STEP][PASSED] - FB = <not implemented yet for class: org.codehaus.groovy.ast.expr.EmptyExpression>: null

04-12-2024T07:29:24 - [TEST_STEP][PASSED] - TR = <not implemented yet for class: org.codehaus.groovy.ast.expr.EmptyExpression>: null

04-12-2024T07:29:24 - [TEST_STEP][PASSED] - TB = <not implemented yet for class: org.codehaus.groovy.ast.expr.EmptyExpression>: null

04-12-2024T07:29:24 - [TEST_STEP][PASSED] - sheetName = "Sheet1": null

04-12-2024T07:29:24 - [TEST_STEP][PASSED] - data = findTestData("PlanFact"): null

04-12-2024T07:29:24 - [TEST_STEP][PASSED] - n = data.getRowNumbers() + 1: null

04-12-2024T07:29:24 - [TEST_STEP][PASSED] - year = todaysDate.substring(todaysDate.length() - 4, todaysDate.length()): null

04-12-2024T07:29:24 - [TEST_STEP][PASSED] - y = year.toInteger(): null

04-12-2024T07:29:24 - [TEST_STEP][PASSED] - m = getText(findTestObject("Выполнение бизнес-плана/Выполнение бизнес-плана Балансы/Фильтр Дата")): Text of object 'Object Repository/Выполнение бизнес-плана/Выполнение бизнес-плана Балансы/Фильтр Дата' is: '1, 2, 3 кв., Октябрь 2024 года'

04-12-2024T07:29:25 - [MESSAGE][PASSED] - Text of object 'Object Repository/Выполнение бизнес-плана/Выполнение бизнес-плана Балансы/Фильтр Дата' is: '1, 2, 3 кв., Октябрь 2024 года'

04-12-2024T07:29:25 - [TEST_STEP][PASSED] - m = m.substring(0, m.indexOf("2024")): null

04-12-2024T07:29:25 - [TEST_STEP][PASSED] - m = m.trim(): null

04-12-2024T07:29:25 - [TEST_STEP][PASSED] - dashboardName = "Выполнение бизнес-плана": null

04-12-2024T07:29:25 - [TEST_STEP][PASSED] - workbook01 = getWorkbook(excelFilePath): null

04-12-2024T07:29:25 - [TEST_STEP][PASSED] - sheet01 = getExcelSheet(workbook01, sheetName): null

04-12-2024T07:29:25 - [TEST_STEP][PASSED] - setValueToCellByIndex(sheet01, n, 0, dashboardName): null

04-12-2024T07:29:25 - [TEST_STEP][PASSED] - setValueToCellByIndex(sheet01, n, 1, dZO): null

04-12-2024T07:29:25 - [TEST_STEP][PASSED] - setValueToCellByIndex(sheet01, n, 2, typeOfData): null

04-12-2024T07:29:25 - [TEST_STEP][PASSED] - setValueToCellByIndex(sheet01, n, 3, typeOfData): null

04-12-2024T07:29:25 - [TEST_STEP][PASSED] - if (typeOfData == "План"): null

04-12-2024T07:29:25 - [TEST_STEP][PASSED] - else if (typeOfData == "Факт"): null

04-12-2024T07:29:25 - [TEST_STEP][PASSED] - else if (vidget.contains("электроэнергии") == true): null

04-12-2024T07:29:25 - [TEST_STEP][PASSED] - if (tabR == null): null

04-12-2024T07:29:25 - [TEST_STEP][PASSED] - else: null

04-12-2024T07:29:25 - [TEST_STEP][PASSED] - if (tabR == "нет данных"): null

04-12-2024T07:29:25 - [TEST_STEP][PASSED] - setValueToCellByIndex(sheet01, n, 4, "нет данных"): null

04-12-2024T07:29:25 - [TEST_STEP][PASSED] - if (tabB == null): null

04-12-2024T07:29:25 - [TEST_STEP][PASSED] - else: null

04-12-2024T07:29:25 - [TEST_STEP][PASSED] - if (tabB == "нет данных"): null

04-12-2024T07:29:25 - [TEST_STEP][PASSED] - else: null

04-12-2024T07:29:25 - [TEST_STEP][PASSED] - TB = tabB.toInteger(): null

04-12-2024T07:29:25 - [TEST_STEP][PASSED] - setValueToCellByIndex(sheet01, n, 5, TB): null

04-12-2024T07:29:25 - [TEST_STEP][PASSED] - setValueToCellByIndex(sheet01, n, 6, m): null

04-12-2024T07:29:25 - [TEST_STEP][PASSED] - setValueToCellByIndex(sheet01, n, 7, y): null

04-12-2024T07:29:25 - [TEST_STEP][PASSED] - setValueToCellByIndex(sheet01, n, 8, todaysDate): null

04-12-2024T07:29:25 - [TEST_STEP][PASSED] - n = n + 1: null

04-12-2024T07:29:25 - [TEST_STEP][PASSED] - saveWorkbook(excelFilePath, workbook01): null

04-12-2024T07:29:25 - [TEST_STEP][PASSED] - typeOfData = "План Потери": null

04-12-2024T07:29:25 - [TEST_STEP][PASSED] - tabR = GetPPlanR(x = a): null

04-12-2024T07:29:25 - [TEST_STEP][PASSED] - i1 = <not implemented yet for class: org.codehaus.groovy.ast.expr.EmptyExpression>: null

04-12-2024T07:29:25 - [TEST_STEP][PASSED] - ii = <not implemented yet for class: org.codehaus.groovy.ast.expr.EmptyExpression>: null

04-12-2024T07:29:25 - [TEST_STEP][PASSED] - for ([ii = 1, ii < 9, (ii++)]): null

04-12-2024T07:29:25 - [TEST_STEP][PASSED] - i1 = x.indexOf("/") + 1: null

04-12-2024T07:29:25 - [TEST_STEP][PASSED] - if (i1 > -1): null

04-12-2024T07:29:25 - [TEST_STEP][PASSED] - x = x.substring(i1, x.length()): null

04-12-2024T07:29:25 - [TEST_STEP][PASSED] - println(x): null

04-12-2024T07:29:25 - [TEST_STEP][PASSED] - i1 = x.indexOf("/") + 1: null

04-12-2024T07:29:25 - [TEST_STEP][PASSED] - if (i1 > -1): null

04-12-2024T07:29:25 - [TEST_STEP][PASSED] - x = x.substring(i1, x.length()): null

04-12-2024T07:29:25 - [TEST_STEP][PASSED] - println(x): null

04-12-2024T07:29:25 - [TEST_STEP][PASSED] - i1 = x.indexOf("/") + 1: null

04-12-2024T07:29:25 - [TEST_STEP][PASSED] - if (i1 > -1): null

04-12-2024T07:29:25 - [TEST_STEP][PASSED] - x = x.substring(i1, x.length()): null

04-12-2024T07:29:25 - [TEST_STEP][PASSED] - println(x): null

04-12-2024T07:29:25 - [TEST_STEP][PASSED] - i1 = x.indexOf("/") + 1: null

04-12-2024T07:29:25 - [TEST_STEP][PASSED] - if (i1 > -1): null

04-12-2024T07:29:25 - [TEST_STEP][PASSED] - x = x.substring(i1, x.length()): null

04-12-2024T07:29:25 - [TEST_STEP][PASSED] - println(x): null

04-12-2024T07:29:25 - [TEST_STEP][PASSED] - i1 = x.indexOf("/") + 1: null

04-12-2024T07:29:25 - [TEST_STEP][PASSED] - if (i1 > -1): null

04-12-2024T07:29:25 - [TEST_STEP][PASSED] - x = x.substring(i1, x.length()): null

04-12-2024T07:29:25 - [TEST_STEP][PASSED] - println(x): null

04-12-2024T07:29:25 - [TEST_STEP][PASSED] - i1 = x.indexOf("/") + 1: null

04-12-2024T07:29:25 - [TEST_STEP][PASSED] - if (i1 > -1): null

04-12-2024T07:29:25 - [TEST_STEP][PASSED] - x = x.substring(i1, x.length()): null

04-12-2024T07:29:25 - [TEST_STEP][PASSED] - println(x): null

04-12-2024T07:29:25 - [TEST_STEP][PASSED] - i1 = x.indexOf("/") + 1: null

04-12-2024T07:29:25 - [TEST_STEP][PASSED] - if (i1 > -1): null

04-12-2024T07:29:25 - [TEST_STEP][PASSED] - x = x.substring(i1, x.length()): null

04-12-2024T07:29:25 - [TEST_STEP][PASSED] - println(x): null

04-12-2024T07:29:25 - [TEST_STEP][PASSED] - i1 = x.indexOf("/") + 1: null

04-12-2024T07:29:25 - [TEST_STEP][PASSED] - if (i1 > -1): null

04-12-2024T07:29:25 - [TEST_STEP][PASSED] - x = x.substring(i1, x.length()): null

04-12-2024T07:29:25 - [TEST_STEP][PASSED] - println(x): null

04-12-2024T07:29:25 - [TEST_STEP][PASSED] - i1 = x.indexOf("/"): null

04-12-2024T07:29:25 - [TEST_STEP][PASSED] - if (i1 > -1): null

04-12-2024T07:29:25 - [TEST_STEP][PASSED] - x = x.substring(0, i1): null

04-12-2024T07:29:25 - [TEST_STEP][PASSED] - println(x): null

04-12-2024T07:29:25 - [TEST_STEP][PASSED] - return x: null

04-12-2024T07:29:25 - [TEST_STEP][PASSED] - tabB = GetPPlanB(x = b): null

04-12-2024T07:29:25 - [TEST_STEP][PASSED] - i1 = <not implemented yet for class: org.codehaus.groovy.ast.expr.EmptyExpression>: null

04-12-2024T07:29:25 - [TEST_STEP][PASSED] - ii = <not implemented yet for class: org.codehaus.groovy.ast.expr.EmptyExpression>: null

04-12-2024T07:29:25 - [TEST_STEP][PASSED] - for ([ii = 1, ii < 9, (ii++)]): null

04-12-2024T07:29:25 - [TEST_STEP][PASSED] - i1 = x.indexOf("/") + 1: null

04-12-2024T07:29:25 - [TEST_STEP][PASSED] - if (i1 > -1): null

04-12-2024T07:29:25 - [TEST_STEP][PASSED] - x = x.substring(i1, x.length()): null

04-12-2024T07:29:25 - [TEST_STEP][PASSED] - println(x): null

04-12-2024T07:29:25 - [TEST_STEP][PASSED] - i1 = x.indexOf("/") + 1: null

04-12-2024T07:29:25 - [TEST_STEP][PASSED] - if (i1 > -1): null

04-12-2024T07:29:25 - [TEST_STEP][PASSED] - x = x.substring(i1, x.length()): null

04-12-2024T07:29:25 - [TEST_STEP][PASSED] - println(x): null

04-12-2024T07:29:25 - [TEST_STEP][PASSED] - i1 = x.indexOf("/") + 1: null

04-12-2024T07:29:25 - [TEST_STEP][PASSED] - if (i1 > -1): null

04-12-2024T07:29:25 - [TEST_STEP][PASSED] - x = x.substring(i1, x.length()): null

04-12-2024T07:29:25 - [TEST_STEP][PASSED] - println(x): null

04-12-2024T07:29:25 - [TEST_STEP][PASSED] - i1 = x.indexOf("/") + 1: null

04-12-2024T07:29:25 - [TEST_STEP][PASSED] - if (i1 > -1): null

04-12-2024T07:29:25 - [TEST_STEP][PASSED] - x = x.substring(i1, x.length()): null

04-12-2024T07:29:25 - [TEST_STEP][PASSED] - println(x): null

04-12-2024T07:29:25 - [TEST_STEP][PASSED] - i1 = x.indexOf("/") + 1: null

04-12-2024T07:29:25 - [TEST_STEP][PASSED] - if (i1 > -1): null

04-12-2024T07:29:25 - [TEST_STEP][PASSED] - x = x.substring(i1, x.length()): null

04-12-2024T07:29:25 - [TEST_STEP][PASSED] - println(x): null

04-12-2024T07:29:25 - [TEST_STEP][PASSED] - i1 = x.indexOf("/") + 1: null

04-12-2024T07:29:25 - [TEST_STEP][PASSED] - if (i1 > -1): null

04-12-2024T07:29:25 - [TEST_STEP][PASSED] - x = x.substring(i1, x.length()): null

04-12-2024T07:29:25 - [TEST_STEP][PASSED] - println(x): null

04-12-2024T07:29:25 - [TEST_STEP][PASSED] - i1 = x.indexOf("/") + 1: null

04-12-2024T07:29:25 - [TEST_STEP][PASSED] - if (i1 > -1): null

04-12-2024T07:29:25 - [TEST_STEP][PASSED] - x = x.substring(i1, x.length()): null

04-12-2024T07:29:25 - [TEST_STEP][PASSED] - println(x): null

04-12-2024T07:29:25 - [TEST_STEP][PASSED] - i1 = x.indexOf("/") + 1: null

04-12-2024T07:29:25 - [TEST_STEP][PASSED] - if (i1 > -1): null

04-12-2024T07:29:25 - [TEST_STEP][PASSED] - x = x.substring(i1, x.length()): null

04-12-2024T07:29:25 - [TEST_STEP][PASSED] - println(x): null

04-12-2024T07:29:25 - [TEST_STEP][PASSED] - i1 = x.indexOf("/"): null

04-12-2024T07:29:25 - [TEST_STEP][PASSED] - if (i1 > -1): null

04-12-2024T07:29:25 - [TEST_STEP][PASSED] - x = x.substring(0, i1): null

04-12-2024T07:29:25 - [TEST_STEP][PASSED] - println(x): null

04-12-2024T07:29:25 - [TEST_STEP][FAILED] - return x: null

04-12-2024T07:29:25 - [TEST_STEP][PASSED] - println(tabR + "/" + tabB): null

04-12-2024T07:29:25 - [TEST_STEP][FAILED] - if (verifyEqual(PercFactR, PercFactB) == false): null

04-12-2024T07:29:25 - [MESSAGE][FAILED] - Unable to verify equal between actual object 'нет данных' and expected object '7.35' (Root cause: com.kms.katalon.core.exception.StepFailedException: Actual object 'нет данных' and expected object '7.35' are not equal
	at com.kms.katalon.core.keyword.builtin.VerifyEqualKeyword$_verifyEqual_closure1.doCall(VerifyEqualKeyword.groovy:58)
	at com.kms.katalon.core.keyword.builtin.VerifyEqualKeyword$_verifyEqual_closure1.call(VerifyEqualKeyword.groovy)
	at com.kms.katalon.core.keyword.internal.KeywordMain.runKeyword(KeywordMain.groovy:75)
	at com.kms.katalon.core.keyword.builtin.VerifyEqualKeyword.verifyEqual(VerifyEqualKeyword.groovy:63)
	at com.kms.katalon.core.keyword.builtin.VerifyEqualKeyword.execute(VerifyEqualKeyword.groovy:44)
	at com.kms.katalon.core.keyword.internal.KeywordExecutor.executeKeywordForPlatform(KeywordExecutor.groovy:74)
	at com.kms.katalon.core.keyword.BuiltinKeywords.verifyEqual(BuiltinKeywords.groovy:146)
	at jdk.internal.reflect.GeneratedMethodAccessor25.invoke(Unknown Source)
	at java.base/jdk.internal.reflect.DelegatingMethodAccessorImpl.invoke(DelegatingMethodAccessorImpl.java:43)
	at Выполнение бизнес-плана сверка дашбордов.CompareDZOData(Выполнение бизнес-плана сверка дашбордов:771)
	at Выполнение бизнес-плана сверка дашбордов.run(Выполнение бизнес-плана сверка дашбордов:613)
	at com.kms.katalon.core.main.ScriptEngine.run(ScriptEngine.java:194)
	at com.kms.katalon.core.main.ScriptEngine.runScriptAsRawText(ScriptEngine.java:119)
	at com.kms.katalon.core.main.TestCaseExecutor.runScript(TestCaseExecutor.java:448)
	at com.kms.katalon.core.main.TestCaseExecutor.doExecute(TestCaseExecutor.java:439)
	at com.kms.katalon.core.main.TestCaseExecutor.processExecutionPhase(TestCaseExecutor.java:418)
	at com.kms.katalon.core.main.TestCaseExecutor.accessMainPhase(TestCaseExecutor.java:410)
	at com.kms.katalon.core.main.TestCaseExecutor.execute(TestCaseExecutor.java:285)
	at com.kms.katalon.core.common.CommonExecutor.accessTestCaseMainPhase(CommonExecutor.java:65)
	at com.kms.katalon.core.main.TestSuiteExecutor.accessTestSuiteMainPhase(TestSuiteExecutor.java:150)
	at com.kms.katalon.core.main.TestSuiteExecutor.execute(TestSuiteExecutor.java:106)
	at com.kms.katalon.core.main.TestCaseMain.startTestSuite(TestCaseMain.java:180)
	at TempTestSuite1733285972582.run(TempTestSuite1733285972582.groovy:35)
	at java.base/jdk.internal.reflect.NativeMethodAccessorImpl.invoke0(Native Method)
	at java.base/jdk.internal.reflect.NativeMethodAccessorImpl.invoke(NativeMethodAccessorImpl.java:77)
	at java.base/jdk.internal.reflect.DelegatingMethodAccessorImpl.invoke(DelegatingMethodAccessorImpl.java:43)
)

04-12-2024T07:29:25 - [TEST_STEP][PASSED] - result = WriteToExcel(typeOfData, todaysDate, PercPlanR, PercPlanB, PercFactR, PercFactB, x, tabR, tabB, o1R, o1B, vidget): null

04-12-2024T07:29:25 - [TEST_STEP][PASSED] - iii = dZO.indexOf("/"): null

04-12-2024T07:29:25 - [TEST_STEP][PASSED] - println(iii): null

04-12-2024T07:29:25 - [TEST_STEP][PASSED] - dZO = dZO.substring(0, iii): null

04-12-2024T07:29:25 - [TEST_STEP][PASSED] - println(dZO): null

04-12-2024T07:29:25 - [TEST_STEP][PASSED] - println(PercPlanR): null

04-12-2024T07:29:25 - [TEST_STEP][PASSED] - println(PercPlanB): null

04-12-2024T07:29:25 - [TEST_STEP][PASSED] - println(PercFactR): null

04-12-2024T07:29:25 - [TEST_STEP][PASSED] - println(PercFactB): null

04-12-2024T07:29:25 - [TEST_STEP][PASSED] - println(tabR): null

04-12-2024T07:29:25 - [TEST_STEP][PASSED] - println(tabB): null

04-12-2024T07:29:25 - [TEST_STEP][PASSED] - println(o1R): null

04-12-2024T07:29:25 - [TEST_STEP][PASSED] - println(o1B): null

04-12-2024T07:29:25 - [TEST_STEP][PASSED] - PR = <not implemented yet for class: org.codehaus.groovy.ast.expr.EmptyExpression>: null

04-12-2024T07:29:25 - [TEST_STEP][PASSED] - FR = <not implemented yet for class: org.codehaus.groovy.ast.expr.EmptyExpression>: null

04-12-2024T07:29:25 - [TEST_STEP][PASSED] - PB = <not implemented yet for class: org.codehaus.groovy.ast.expr.EmptyExpression>: null

04-12-2024T07:29:25 - [TEST_STEP][PASSED] - FB = <not implemented yet for class: org.codehaus.groovy.ast.expr.EmptyExpression>: null

04-12-2024T07:29:25 - [TEST_STEP][PASSED] - TR = <not implemented yet for class: org.codehaus.groovy.ast.expr.EmptyExpression>: null

04-12-2024T07:29:25 - [TEST_STEP][PASSED] - TB = <not implemented yet for class: org.codehaus.groovy.ast.expr.EmptyExpression>: null

04-12-2024T07:29:25 - [TEST_STEP][PASSED] - sheetName = "Sheet1": null

04-12-2024T07:29:25 - [TEST_STEP][PASSED] - data = findTestData("PlanFact"): null

04-12-2024T07:29:25 - [TEST_STEP][PASSED] - n = data.getRowNumbers() + 1: null

04-12-2024T07:29:25 - [TEST_STEP][PASSED] - year = todaysDate.substring(todaysDate.length() - 4, todaysDate.length()): null

04-12-2024T07:29:25 - [TEST_STEP][PASSED] - y = year.toInteger(): null

04-12-2024T07:29:25 - [TEST_STEP][PASSED] - m = getText(findTestObject("Выполнение бизнес-плана/Выполнение бизнес-плана Балансы/Фильтр Дата")): Text of object 'Object Repository/Выполнение бизнес-плана/Выполнение бизнес-плана Балансы/Фильтр Дата' is: '1, 2, 3 кв., Октябрь 2024 года'

04-12-2024T07:29:25 - [MESSAGE][PASSED] - Text of object 'Object Repository/Выполнение бизнес-плана/Выполнение бизнес-плана Балансы/Фильтр Дата' is: '1, 2, 3 кв., Октябрь 2024 года'

04-12-2024T07:29:25 - [TEST_STEP][PASSED] - m = m.substring(0, m.indexOf("2024")): null

04-12-2024T07:29:25 - [TEST_STEP][PASSED] - m = m.trim(): null

04-12-2024T07:29:25 - [TEST_STEP][PASSED] - dashboardName = "Выполнение бизнес-плана": null

04-12-2024T07:29:25 - [TEST_STEP][PASSED] - workbook01 = getWorkbook(excelFilePath): null

04-12-2024T07:29:25 - [TEST_STEP][PASSED] - sheet01 = getExcelSheet(workbook01, sheetName): null

04-12-2024T07:29:25 - [TEST_STEP][PASSED] - setValueToCellByIndex(sheet01, n, 0, dashboardName): null

04-12-2024T07:29:25 - [TEST_STEP][PASSED] - setValueToCellByIndex(sheet01, n, 1, dZO): null

04-12-2024T07:29:25 - [TEST_STEP][PASSED] - setValueToCellByIndex(sheet01, n, 2, typeOfData): null

04-12-2024T07:29:25 - [TEST_STEP][PASSED] - setValueToCellByIndex(sheet01, n, 3, typeOfData): null

04-12-2024T07:29:25 - [TEST_STEP][PASSED] - if (typeOfData == "План"): null

04-12-2024T07:29:25 - [TEST_STEP][PASSED] - else if (typeOfData == "Факт"): null

04-12-2024T07:29:25 - [TEST_STEP][PASSED] - else if (vidget.contains("электроэнергии") == true): null

04-12-2024T07:29:25 - [TEST_STEP][PASSED] - if (tabR == null): null

04-12-2024T07:29:25 - [TEST_STEP][PASSED] - else: null

04-12-2024T07:29:25 - [TEST_STEP][PASSED] - if (tabR == "нет данных"): null

04-12-2024T07:29:25 - [TEST_STEP][PASSED] - setValueToCellByIndex(sheet01, n, 4, "нет данных"): null

04-12-2024T07:29:25 - [TEST_STEP][PASSED] - if (tabB == null): null

04-12-2024T07:29:25 - [TEST_STEP][PASSED] - else: null

04-12-2024T07:29:25 - [TEST_STEP][PASSED] - if (tabB == "нет данных"): null

04-12-2024T07:29:25 - [TEST_STEP][PASSED] - else: null

04-12-2024T07:29:25 - [TEST_STEP][PASSED] - TB = tabB.toInteger(): null

04-12-2024T07:29:25 - [TEST_STEP][PASSED] - setValueToCellByIndex(sheet01, n, 5, TB): null

04-12-2024T07:29:25 - [TEST_STEP][PASSED] - setValueToCellByIndex(sheet01, n, 6, m): null

04-12-2024T07:29:25 - [TEST_STEP][PASSED] - setValueToCellByIndex(sheet01, n, 7, y): null

04-12-2024T07:29:25 - [TEST_STEP][PASSED] - setValueToCellByIndex(sheet01, n, 8, todaysDate): null

04-12-2024T07:29:25 - [TEST_STEP][PASSED] - n = n + 1: null

04-12-2024T07:29:25 - [TEST_STEP][PASSED] - saveWorkbook(excelFilePath, workbook01): null

04-12-2024T07:29:25 - [TEST_STEP][PASSED] - ii2 = a.indexOf("ПАО"): null

04-12-2024T07:29:25 - [TEST_STEP][PASSED] - if (ii2 == -1): null

04-12-2024T07:29:25 - [TEST_STEP][PASSED] - vidget = "Отклонения фактического уровня потерь от бизнес-плана": null

04-12-2024T07:29:25 - [TEST_STEP][PASSED] - typeOfData = "Коэффициент": null

04-12-2024T07:29:25 - [TEST_STEP][PASSED] - o1R = Geto1R(x = a): null

04-12-2024T07:29:25 - [TEST_STEP][PASSED] - i1 = <not implemented yet for class: org.codehaus.groovy.ast.expr.EmptyExpression>: null

04-12-2024T07:29:25 - [TEST_STEP][PASSED] - ii = <not implemented yet for class: org.codehaus.groovy.ast.expr.EmptyExpression>: null

04-12-2024T07:29:25 - [TEST_STEP][PASSED] - for ([ii = 1, ii < 10, (ii++)]): null

04-12-2024T07:29:25 - [TEST_STEP][PASSED] - i1 = x.indexOf("/") + 1: null

04-12-2024T07:29:25 - [TEST_STEP][PASSED] - if (i1 > -1): null

04-12-2024T07:29:25 - [TEST_STEP][PASSED] - x = x.substring(i1, x.length()): null

04-12-2024T07:29:25 - [TEST_STEP][PASSED] - i1 = x.indexOf("/") + 1: null

04-12-2024T07:29:25 - [TEST_STEP][PASSED] - if (i1 > -1): null

04-12-2024T07:29:25 - [TEST_STEP][PASSED] - x = x.substring(i1, x.length()): null

04-12-2024T07:29:25 - [TEST_STEP][PASSED] - i1 = x.indexOf("/") + 1: null

04-12-2024T07:29:25 - [TEST_STEP][PASSED] - if (i1 > -1): null

04-12-2024T07:29:25 - [TEST_STEP][PASSED] - x = x.substring(i1, x.length()): null

04-12-2024T07:29:25 - [TEST_STEP][PASSED] - i1 = x.indexOf("/") + 1: null

04-12-2024T07:29:25 - [TEST_STEP][PASSED] - if (i1 > -1): null

04-12-2024T07:29:25 - [TEST_STEP][PASSED] - x = x.substring(i1, x.length()): null

04-12-2024T07:29:25 - [TEST_STEP][PASSED] - i1 = x.indexOf("/") + 1: null

04-12-2024T07:29:25 - [TEST_STEP][PASSED] - if (i1 > -1): null

04-12-2024T07:29:25 - [TEST_STEP][PASSED] - x = x.substring(i1, x.length()): null

04-12-2024T07:29:25 - [TEST_STEP][PASSED] - i1 = x.indexOf("/") + 1: null

04-12-2024T07:29:25 - [TEST_STEP][PASSED] - if (i1 > -1): null

04-12-2024T07:29:25 - [TEST_STEP][PASSED] - x = x.substring(i1, x.length()): null

04-12-2024T07:29:25 - [TEST_STEP][PASSED] - i1 = x.indexOf("/") + 1: null

04-12-2024T07:29:25 - [TEST_STEP][PASSED] - if (i1 > -1): null

04-12-2024T07:29:25 - [TEST_STEP][PASSED] - x = x.substring(i1, x.length()): null

04-12-2024T07:29:25 - [TEST_STEP][PASSED] - i1 = x.indexOf("/") + 1: null

04-12-2024T07:29:25 - [TEST_STEP][PASSED] - if (i1 > -1): null

04-12-2024T07:29:25 - [TEST_STEP][PASSED] - x = x.substring(i1, x.length()): null

04-12-2024T07:29:25 - [TEST_STEP][PASSED] - i1 = x.indexOf("/") + 1: null

04-12-2024T07:29:25 - [TEST_STEP][PASSED] - if (i1 > -1): null

04-12-2024T07:29:25 - [TEST_STEP][PASSED] - x = x.substring(i1, x.length()): null

04-12-2024T07:29:25 - [TEST_STEP][PASSED] - i1 = x.indexOf("/"): null

04-12-2024T07:29:25 - [TEST_STEP][PASSED] - if (i1 > -1): null

04-12-2024T07:29:25 - [TEST_STEP][PASSED] - println(x): null

04-12-2024T07:29:25 - [TEST_STEP][PASSED] - return x: null

04-12-2024T07:29:25 - [TEST_STEP][PASSED] - o1B = Geto1B(x = b): null

04-12-2024T07:29:25 - [TEST_STEP][PASSED] - i1 = <not implemented yet for class: org.codehaus.groovy.ast.expr.EmptyExpression>: null

04-12-2024T07:29:25 - [TEST_STEP][PASSED] - ii = <not implemented yet for class: org.codehaus.groovy.ast.expr.EmptyExpression>: null

04-12-2024T07:29:25 - [TEST_STEP][PASSED] - for ([ii = 1, ii < 10, (ii++)]): null

04-12-2024T07:29:25 - [TEST_STEP][PASSED] - i1 = x.indexOf("/") + 1: null

04-12-2024T07:29:25 - [TEST_STEP][PASSED] - if (i1 > -1): null

04-12-2024T07:29:25 - [TEST_STEP][PASSED] - x = x.substring(i1, x.length()): null

04-12-2024T07:29:25 - [TEST_STEP][PASSED] - i1 = x.indexOf("/") + 1: null

04-12-2024T07:29:25 - [TEST_STEP][PASSED] - if (i1 > -1): null

04-12-2024T07:29:25 - [TEST_STEP][PASSED] - x = x.substring(i1, x.length()): null

04-12-2024T07:29:25 - [TEST_STEP][PASSED] - i1 = x.indexOf("/") + 1: null

04-12-2024T07:29:25 - [TEST_STEP][PASSED] - if (i1 > -1): null

04-12-2024T07:29:25 - [TEST_STEP][PASSED] - x = x.substring(i1, x.length()): null

04-12-2024T07:29:25 - [TEST_STEP][PASSED] - i1 = x.indexOf("/") + 1: null

04-12-2024T07:29:25 - [TEST_STEP][PASSED] - if (i1 > -1): null

04-12-2024T07:29:25 - [TEST_STEP][PASSED] - x = x.substring(i1, x.length()): null

04-12-2024T07:29:25 - [TEST_STEP][PASSED] - i1 = x.indexOf("/") + 1: null

04-12-2024T07:29:25 - [TEST_STEP][PASSED] - if (i1 > -1): null

04-12-2024T07:29:25 - [TEST_STEP][PASSED] - x = x.substring(i1, x.length()): null

04-12-2024T07:29:25 - [TEST_STEP][PASSED] - i1 = x.indexOf("/") + 1: null

04-12-2024T07:29:25 - [TEST_STEP][PASSED] - if (i1 > -1): null

04-12-2024T07:29:25 - [TEST_STEP][PASSED] - x = x.substring(i1, x.length()): null

04-12-2024T07:29:25 - [TEST_STEP][PASSED] - i1 = x.indexOf("/") + 1: null

04-12-2024T07:29:25 - [TEST_STEP][PASSED] - if (i1 > -1): null

04-12-2024T07:29:25 - [TEST_STEP][PASSED] - x = x.substring(i1, x.length()): null

04-12-2024T07:29:25 - [TEST_STEP][PASSED] - i1 = x.indexOf("/") + 1: null

04-12-2024T07:29:25 - [TEST_STEP][PASSED] - if (i1 > -1): null

04-12-2024T07:29:25 - [TEST_STEP][PASSED] - x = x.substring(i1, x.length()): null

04-12-2024T07:29:25 - [TEST_STEP][PASSED] - i1 = x.indexOf("/") + 1: null

04-12-2024T07:29:25 - [TEST_STEP][PASSED] - if (i1 > -1): null

04-12-2024T07:29:25 - [TEST_STEP][PASSED] - x = x.substring(i1, x.length()): null

04-12-2024T07:29:25 - [TEST_STEP][PASSED] - i1 = x.indexOf("/"): null

04-12-2024T07:29:25 - [TEST_STEP][PASSED] - if (i1 > -1): null

04-12-2024T07:29:25 - [TEST_STEP][PASSED] - println(x): null

04-12-2024T07:29:25 - [TEST_STEP][FAILED] - return x: null

04-12-2024T07:29:25 - [TEST_STEP][PASSED] - println(o1R + "/" + o1B): null

04-12-2024T07:29:25 - [TEST_STEP][FAILED] - if (verifyEqual(PercFactR, PercFactB) == false): null

04-12-2024T07:29:25 - [MESSAGE][FAILED] - Unable to verify equal between actual object 'нет данных' and expected object '7.35' (Root cause: com.kms.katalon.core.exception.StepFailedException: Actual object 'нет данных' and expected object '7.35' are not equal
	at com.kms.katalon.core.keyword.builtin.VerifyEqualKeyword$_verifyEqual_closure1.doCall(VerifyEqualKeyword.groovy:58)
	at com.kms.katalon.core.keyword.builtin.VerifyEqualKeyword$_verifyEqual_closure1.call(VerifyEqualKeyword.groovy)
	at com.kms.katalon.core.keyword.internal.KeywordMain.runKeyword(KeywordMain.groovy:75)
	at com.kms.katalon.core.keyword.builtin.VerifyEqualKeyword.verifyEqual(VerifyEqualKeyword.groovy:63)
	at com.kms.katalon.core.keyword.builtin.VerifyEqualKeyword.execute(VerifyEqualKeyword.groovy:44)
	at com.kms.katalon.core.keyword.internal.KeywordExecutor.executeKeywordForPlatform(KeywordExecutor.groovy:74)
	at com.kms.katalon.core.keyword.BuiltinKeywords.verifyEqual(BuiltinKeywords.groovy:146)
	at jdk.internal.reflect.GeneratedMethodAccessor25.invoke(Unknown Source)
	at java.base/jdk.internal.reflect.DelegatingMethodAccessorImpl.invoke(DelegatingMethodAccessorImpl.java:43)
	at Выполнение бизнес-плана сверка дашбордов.CompareDZOData(Выполнение бизнес-плана сверка дашбордов:789)
	at Выполнение бизнес-плана сверка дашбордов.run(Выполнение бизнес-плана сверка дашбордов:613)
	at com.kms.katalon.core.main.ScriptEngine.run(ScriptEngine.java:194)
	at com.kms.katalon.core.main.ScriptEngine.runScriptAsRawText(ScriptEngine.java:119)
	at com.kms.katalon.core.main.TestCaseExecutor.runScript(TestCaseExecutor.java:448)
	at com.kms.katalon.core.main.TestCaseExecutor.doExecute(TestCaseExecutor.java:439)
	at com.kms.katalon.core.main.TestCaseExecutor.processExecutionPhase(TestCaseExecutor.java:418)
	at com.kms.katalon.core.main.TestCaseExecutor.accessMainPhase(TestCaseExecutor.java:410)
	at com.kms.katalon.core.main.TestCaseExecutor.execute(TestCaseExecutor.java:285)
	at com.kms.katalon.core.common.CommonExecutor.accessTestCaseMainPhase(CommonExecutor.java:65)
	at com.kms.katalon.core.main.TestSuiteExecutor.accessTestSuiteMainPhase(TestSuiteExecutor.java:150)
	at com.kms.katalon.core.main.TestSuiteExecutor.execute(TestSuiteExecutor.java:106)
	at com.kms.katalon.core.main.TestCaseMain.startTestSuite(TestCaseMain.java:180)
	at TempTestSuite1733285972582.run(TempTestSuite1733285972582.groovy:35)
	at java.base/jdk.internal.reflect.NativeMethodAccessorImpl.invoke0(Native Method)
	at java.base/jdk.internal.reflect.NativeMethodAccessorImpl.invoke(NativeMethodAccessorImpl.java:77)
	at java.base/jdk.internal.reflect.DelegatingMethodAccessorImpl.invoke(DelegatingMethodAccessorImpl.java:43)
)

04-12-2024T07:29:25 - [TEST_STEP][PASSED] - result = WriteToExcel(typeOfData, todaysDate, PercPlanR, PercPlanB, PercFactR, PercFactB, x, tabR, tabB, o1R, o1B, vidget): null

04-12-2024T07:29:25 - [TEST_STEP][PASSED] - iii = dZO.indexOf("/"): null

04-12-2024T07:29:25 - [TEST_STEP][PASSED] - println(iii): null

04-12-2024T07:29:25 - [TEST_STEP][PASSED] - dZO = dZO.substring(0, iii): null

04-12-2024T07:29:25 - [TEST_STEP][PASSED] - println(dZO): null

04-12-2024T07:29:25 - [TEST_STEP][PASSED] - println(PercPlanR): null

04-12-2024T07:29:25 - [TEST_STEP][PASSED] - println(PercPlanB): null

04-12-2024T07:29:25 - [TEST_STEP][PASSED] - println(PercFactR): null

04-12-2024T07:29:25 - [TEST_STEP][PASSED] - println(PercFactB): null

04-12-2024T07:29:25 - [TEST_STEP][PASSED] - println(tabR): null

04-12-2024T07:29:25 - [TEST_STEP][PASSED] - println(tabB): null

04-12-2024T07:29:25 - [TEST_STEP][PASSED] - println(o1R): null

04-12-2024T07:29:25 - [TEST_STEP][PASSED] - println(o1B): null

04-12-2024T07:29:25 - [TEST_STEP][PASSED] - PR = <not implemented yet for class: org.codehaus.groovy.ast.expr.EmptyExpression>: null

04-12-2024T07:29:25 - [TEST_STEP][PASSED] - FR = <not implemented yet for class: org.codehaus.groovy.ast.expr.EmptyExpression>: null

04-12-2024T07:29:25 - [TEST_STEP][PASSED] - PB = <not implemented yet for class: org.codehaus.groovy.ast.expr.EmptyExpression>: null

04-12-2024T07:29:25 - [TEST_STEP][PASSED] - FB = <not implemented yet for class: org.codehaus.groovy.ast.expr.EmptyExpression>: null

04-12-2024T07:29:25 - [TEST_STEP][PASSED] - TR = <not implemented yet for class: org.codehaus.groovy.ast.expr.EmptyExpression>: null

04-12-2024T07:29:25 - [TEST_STEP][PASSED] - TB = <not implemented yet for class: org.codehaus.groovy.ast.expr.EmptyExpression>: null

04-12-2024T07:29:25 - [TEST_STEP][PASSED] - sheetName = "Sheet1": null

04-12-2024T07:29:25 - [TEST_STEP][PASSED] - data = findTestData("PlanFact"): null

04-12-2024T07:29:26 - [TEST_STEP][PASSED] - n = data.getRowNumbers() + 1: null

04-12-2024T07:29:26 - [TEST_STEP][PASSED] - year = todaysDate.substring(todaysDate.length() - 4, todaysDate.length()): null

04-12-2024T07:29:26 - [TEST_STEP][PASSED] - y = year.toInteger(): null

04-12-2024T07:29:26 - [TEST_STEP][PASSED] - m = getText(findTestObject("Выполнение бизнес-плана/Выполнение бизнес-плана Балансы/Фильтр Дата")): Text of object 'Object Repository/Выполнение бизнес-плана/Выполнение бизнес-плана Балансы/Фильтр Дата' is: '1, 2, 3 кв., Октябрь 2024 года'

04-12-2024T07:29:26 - [MESSAGE][PASSED] - Text of object 'Object Repository/Выполнение бизнес-плана/Выполнение бизнес-плана Балансы/Фильтр Дата' is: '1, 2, 3 кв., Октябрь 2024 года'

04-12-2024T07:29:26 - [TEST_STEP][PASSED] - m = m.substring(0, m.indexOf("2024")): null

04-12-2024T07:29:26 - [TEST_STEP][PASSED] - m = m.trim(): null

04-12-2024T07:29:26 - [TEST_STEP][PASSED] - dashboardName = "Выполнение бизнес-плана": null

04-12-2024T07:29:26 - [TEST_STEP][PASSED] - workbook01 = getWorkbook(excelFilePath): null

04-12-2024T07:29:26 - [TEST_STEP][PASSED] - sheet01 = getExcelSheet(workbook01, sheetName): null

04-12-2024T07:29:26 - [TEST_STEP][PASSED] - setValueToCellByIndex(sheet01, n, 0, dashboardName): null

04-12-2024T07:29:26 - [TEST_STEP][PASSED] - setValueToCellByIndex(sheet01, n, 1, dZO): null

04-12-2024T07:29:26 - [TEST_STEP][PASSED] - setValueToCellByIndex(sheet01, n, 2, typeOfData): null

04-12-2024T07:29:26 - [TEST_STEP][PASSED] - setValueToCellByIndex(sheet01, n, 3, typeOfData): null

04-12-2024T07:29:26 - [TEST_STEP][PASSED] - if (typeOfData == "План"): null

04-12-2024T07:29:26 - [TEST_STEP][PASSED] - else if (typeOfData == "Факт"): null

04-12-2024T07:29:26 - [TEST_STEP][PASSED] - else if (vidget.contains("электроэнергии") == true): null

04-12-2024T07:29:26 - [TEST_STEP][PASSED] - else: null

04-12-2024T07:29:26 - [TEST_STEP][PASSED] - if (o1R == null): null

04-12-2024T07:29:26 - [TEST_STEP][PASSED] - else: null

04-12-2024T07:29:26 - [TEST_STEP][PASSED] - if (o1R == "нет данных"): null

04-12-2024T07:29:26 - [TEST_STEP][PASSED] - setValueToCellByIndex(sheet01, n, 4, "нет данных"): null

04-12-2024T07:29:26 - [TEST_STEP][PASSED] - if (o1B == null): null

04-12-2024T07:29:26 - [TEST_STEP][PASSED] - else: null

04-12-2024T07:29:26 - [TEST_STEP][PASSED] - if (o1B == "нет данных"): null

04-12-2024T07:29:26 - [TEST_STEP][PASSED] - else: null

04-12-2024T07:29:26 - [TEST_STEP][PASSED] - FB = o1B.toDouble(): null

04-12-2024T07:29:26 - [TEST_STEP][PASSED] - setValueToCellByIndex(sheet01, n, 5, FB): null

04-12-2024T07:29:26 - [TEST_STEP][PASSED] - setValueToCellByIndex(sheet01, n, 6, m): null

04-12-2024T07:29:26 - [TEST_STEP][PASSED] - setValueToCellByIndex(sheet01, n, 7, y): null

04-12-2024T07:29:26 - [TEST_STEP][PASSED] - setValueToCellByIndex(sheet01, n, 8, todaysDate): null

04-12-2024T07:29:26 - [TEST_STEP][PASSED] - n = n + 1: null

04-12-2024T07:29:26 - [TEST_STEP][FAILED] - saveWorkbook(excelFilePath, workbook01): null

04-12-2024T07:29:26 - [TEST_STEP][PASSED] - if (verifyEqual(sKR, sKB) == false): Actual object 'Россети Северный Кавказ (ГК)/23.70/27.54/17367779/12584601/4783177/16300204/12437092/3863112/3.84' and expected object 'Россети Северный Кавказ (ГК)/23.70/27.54/17367779/12584601/4783177/16300204/12437092/3863112/3.84' are equal

04-12-2024T07:29:26 - [MESSAGE][PASSED] - Actual object 'Россети Северный Кавказ (ГК)/23.70/27.54/17367779/12584601/4783177/16300204/12437092/3863112/3.84' and expected object 'Россети Северный Кавказ (ГК)/23.70/27.54/17367779/12584601/4783177/16300204/12437092/3863112/3.84' are equal

04-12-2024T07:29:26 - [TEST_STEP][FAILED] - if (verifyEqual(sZR, sZB) == false): null

04-12-2024T07:29:26 - [MESSAGE][FAILED] - Unable to verify equal between actual object 'Россети Северо-Запад/нет данных/нет данных/нет данных/нет данных/нет данных/нет данных/нет данных/нет данных/нет данных' and expected object 'Россети Северо-Запад/5.67/5.26/27102297/25676842/1425455/26659502/25149128/1510374/-0.41' (Root cause: com.kms.katalon.core.exception.StepFailedException: Actual object 'Россети Северо-Запад/нет данных/нет данных/нет данных/нет данных/нет данных/нет данных/нет данных/нет данных/нет данных' and expected object 'Россети Северо-Запад/5.67/5.26/27102297/25676842/1425455/26659502/25149128/1510374/-0.41' are not equal
	at com.kms.katalon.core.keyword.builtin.VerifyEqualKeyword$_verifyEqual_closure1.doCall(VerifyEqualKeyword.groovy:58)
	at com.kms.katalon.core.keyword.builtin.VerifyEqualKeyword$_verifyEqual_closure1.call(VerifyEqualKeyword.groovy)
	at com.kms.katalon.core.keyword.internal.KeywordMain.runKeyword(KeywordMain.groovy:75)
	at com.kms.katalon.core.keyword.builtin.VerifyEqualKeyword.verifyEqual(VerifyEqualKeyword.groovy:63)
	at com.kms.katalon.core.keyword.builtin.VerifyEqualKeyword.execute(VerifyEqualKeyword.groovy:44)
	at com.kms.katalon.core.keyword.internal.KeywordExecutor.executeKeywordForPlatform(KeywordExecutor.groovy:74)
	at com.kms.katalon.core.keyword.BuiltinKeywords.verifyEqual(BuiltinKeywords.groovy:146)
	at jdk.internal.reflect.GeneratedMethodAccessor25.invoke(Unknown Source)
	at java.base/jdk.internal.reflect.DelegatingMethodAccessorImpl.invoke(DelegatingMethodAccessorImpl.java:43)
	at Выполнение бизнес-плана сверка дашбордов.run(Выполнение бизнес-плана сверка дашбордов:622)
	at com.kms.katalon.core.main.ScriptEngine.run(ScriptEngine.java:194)
	at com.kms.katalon.core.main.ScriptEngine.runScriptAsRawText(ScriptEngine.java:119)
	at com.kms.katalon.core.main.TestCaseExecutor.runScript(TestCaseExecutor.java:448)
	at com.kms.katalon.core.main.TestCaseExecutor.doExecute(TestCaseExecutor.java:439)
	at com.kms.katalon.core.main.TestCaseExecutor.processExecutionPhase(TestCaseExecutor.java:418)
	at com.kms.katalon.core.main.TestCaseExecutor.accessMainPhase(TestCaseExecutor.java:410)
	at com.kms.katalon.core.main.TestCaseExecutor.execute(TestCaseExecutor.java:285)
	at com.kms.katalon.core.common.CommonExecutor.accessTestCaseMainPhase(CommonExecutor.java:65)
	at com.kms.katalon.core.main.TestSuiteExecutor.accessTestSuiteMainPhase(TestSuiteExecutor.java:150)
	at com.kms.katalon.core.main.TestSuiteExecutor.execute(TestSuiteExecutor.java:106)
	at com.kms.katalon.core.main.TestCaseMain.startTestSuite(TestCaseMain.java:180)
	at TempTestSuite1733285972582.run(TempTestSuite1733285972582.groovy:35)
	at java.base/jdk.internal.reflect.NativeMethodAccessorImpl.invoke0(Native Method)
	at java.base/jdk.internal.reflect.NativeMethodAccessorImpl.invoke(NativeMethodAccessorImpl.java:77)
	at java.base/jdk.internal.reflect.DelegatingMethodAccessorImpl.invoke(DelegatingMethodAccessorImpl.java:43)
)

04-12-2024T07:29:26 - [TEST_STEP][PASSED] - result = CompareDZOData(a = sZR, b = sZB, dZO, typeOfData, PercPlanR, PercPlanB, PercFactR, PercFactB, todaysDate, x, vidget, tabR, tabB, o1R, o1B): null

04-12-2024T07:29:26 - [TEST_STEP][PASSED] - ii2 = <not implemented yet for class: org.codehaus.groovy.ast.expr.EmptyExpression>: null

04-12-2024T07:29:26 - [TEST_STEP][FAILED] - if (verifyEqual(a, b) == false): null

04-12-2024T07:29:26 - [MESSAGE][FAILED] - Unable to verify equal between actual object 'Россети Северо-Запад/нет данных/нет данных/нет данных/нет данных/нет данных/нет данных/нет данных/нет данных/нет данных' and expected object 'Россети Северо-Запад/5.67/5.26/27102297/25676842/1425455/26659502/25149128/1510374/-0.41' (Root cause: com.kms.katalon.core.exception.StepFailedException: Actual object 'Россети Северо-Запад/нет данных/нет данных/нет данных/нет данных/нет данных/нет данных/нет данных/нет данных/нет данных' and expected object 'Россети Северо-Запад/5.67/5.26/27102297/25676842/1425455/26659502/25149128/1510374/-0.41' are not equal
	at com.kms.katalon.core.keyword.builtin.VerifyEqualKeyword$_verifyEqual_closure1.doCall(VerifyEqualKeyword.groovy:58)
	at com.kms.katalon.core.keyword.builtin.VerifyEqualKeyword$_verifyEqual_closure1.call(VerifyEqualKeyword.groovy)
	at com.kms.katalon.core.keyword.internal.KeywordMain.runKeyword(KeywordMain.groovy:75)
	at com.kms.katalon.core.keyword.builtin.VerifyEqualKeyword.verifyEqual(VerifyEqualKeyword.groovy:63)
	at com.kms.katalon.core.keyword.builtin.VerifyEqualKeyword.execute(VerifyEqualKeyword.groovy:44)
	at com.kms.katalon.core.keyword.internal.KeywordExecutor.executeKeywordForPlatform(KeywordExecutor.groovy:74)
	at com.kms.katalon.core.keyword.BuiltinKeywords.verifyEqual(BuiltinKeywords.groovy:146)
	at jdk.internal.reflect.GeneratedMethodAccessor25.invoke(Unknown Source)
	at java.base/jdk.internal.reflect.DelegatingMethodAccessorImpl.invoke(DelegatingMethodAccessorImpl.java:43)
	at Выполнение бизнес-плана сверка дашбордов.CompareDZOData(Выполнение бизнес-плана сверка дашбордов:673)
	at Выполнение бизнес-плана сверка дашбордов.run(Выполнение бизнес-плана сверка дашбордов:623)
	at com.kms.katalon.core.main.ScriptEngine.run(ScriptEngine.java:194)
	at com.kms.katalon.core.main.ScriptEngine.runScriptAsRawText(ScriptEngine.java:119)
	at com.kms.katalon.core.main.TestCaseExecutor.runScript(TestCaseExecutor.java:448)
	at com.kms.katalon.core.main.TestCaseExecutor.doExecute(TestCaseExecutor.java:439)
	at com.kms.katalon.core.main.TestCaseExecutor.processExecutionPhase(TestCaseExecutor.java:418)
	at com.kms.katalon.core.main.TestCaseExecutor.accessMainPhase(TestCaseExecutor.java:410)
	at com.kms.katalon.core.main.TestCaseExecutor.execute(TestCaseExecutor.java:285)
	at com.kms.katalon.core.common.CommonExecutor.accessTestCaseMainPhase(CommonExecutor.java:65)
	at com.kms.katalon.core.main.TestSuiteExecutor.accessTestSuiteMainPhase(TestSuiteExecutor.java:150)
	at com.kms.katalon.core.main.TestSuiteExecutor.execute(TestSuiteExecutor.java:106)
	at com.kms.katalon.core.main.TestCaseMain.startTestSuite(TestCaseMain.java:180)
	at TempTestSuite1733285972582.run(TempTestSuite1733285972582.groovy:35)
	at java.base/jdk.internal.reflect.NativeMethodAccessorImpl.invoke0(Native Method)
	at java.base/jdk.internal.reflect.NativeMethodAccessorImpl.invoke(NativeMethodAccessorImpl.java:77)
	at java.base/jdk.internal.reflect.DelegatingMethodAccessorImpl.invoke(DelegatingMethodAccessorImpl.java:43)
)

04-12-2024T07:29:26 - [TEST_STEP][PASSED] - vidget = "Уровень потерь электроэнергии": null

04-12-2024T07:29:26 - [TEST_STEP][PASSED] - typeOfData = "План": null

04-12-2024T07:29:26 - [TEST_STEP][PASSED] - PercPlanR = GetPercPlanR(x = a): null

04-12-2024T07:29:26 - [TEST_STEP][PASSED] - i1 = <not implemented yet for class: org.codehaus.groovy.ast.expr.EmptyExpression>: null

04-12-2024T07:29:26 - [TEST_STEP][PASSED] - i1 = x.indexOf("/") + 1: null

04-12-2024T07:29:26 - [TEST_STEP][PASSED] - if (i1 > -1): null

04-12-2024T07:29:26 - [TEST_STEP][PASSED] - x = x.substring(i1, x.length()): null

04-12-2024T07:29:26 - [TEST_STEP][PASSED] - i1 = x.indexOf("/"): null

04-12-2024T07:29:26 - [TEST_STEP][PASSED] - if (i1 > -1): null

04-12-2024T07:29:26 - [TEST_STEP][PASSED] - x = x.substring(0, i1): null

04-12-2024T07:29:26 - [TEST_STEP][PASSED] - return x: null

04-12-2024T07:29:26 - [TEST_STEP][PASSED] - PercPlanB = GetPercPlanB(x = b): null

04-12-2024T07:29:26 - [TEST_STEP][PASSED] - i1 = <not implemented yet for class: org.codehaus.groovy.ast.expr.EmptyExpression>: null

04-12-2024T07:29:26 - [TEST_STEP][PASSED] - i1 = x.indexOf("/") + 1: null

04-12-2024T07:29:26 - [TEST_STEP][PASSED] - if (i1 > -1): null

04-12-2024T07:29:26 - [TEST_STEP][PASSED] - x = x.substring(i1, x.length()): null

04-12-2024T07:29:26 - [TEST_STEP][PASSED] - i1 = x.indexOf("/"): null

04-12-2024T07:29:26 - [TEST_STEP][PASSED] - if (i1 > -1): null

04-12-2024T07:29:26 - [TEST_STEP][PASSED] - x = x.substring(0, i1): null

04-12-2024T07:29:26 - [TEST_STEP][FAILED] - return x: null

04-12-2024T07:29:26 - [TEST_STEP][FAILED] - if (verifyEqual(PercPlanR, PercPlanB) == false): null

04-12-2024T07:29:26 - [MESSAGE][FAILED] - Unable to verify equal between actual object 'нет данных' and expected object '5.67' (Root cause: com.kms.katalon.core.exception.StepFailedException: Actual object 'нет данных' and expected object '5.67' are not equal
	at com.kms.katalon.core.keyword.builtin.VerifyEqualKeyword$_verifyEqual_closure1.doCall(VerifyEqualKeyword.groovy:58)
	at com.kms.katalon.core.keyword.builtin.VerifyEqualKeyword$_verifyEqual_closure1.call(VerifyEqualKeyword.groovy)
	at com.kms.katalon.core.keyword.internal.KeywordMain.runKeyword(KeywordMain.groovy:75)
	at com.kms.katalon.core.keyword.builtin.VerifyEqualKeyword.verifyEqual(VerifyEqualKeyword.groovy:63)
	at com.kms.katalon.core.keyword.builtin.VerifyEqualKeyword.execute(VerifyEqualKeyword.groovy:44)
	at com.kms.katalon.core.keyword.internal.KeywordExecutor.executeKeywordForPlatform(KeywordExecutor.groovy:74)
	at com.kms.katalon.core.keyword.BuiltinKeywords.verifyEqual(BuiltinKeywords.groovy:146)
	at jdk.internal.reflect.GeneratedMethodAccessor25.invoke(Unknown Source)
	at java.base/jdk.internal.reflect.DelegatingMethodAccessorImpl.invoke(DelegatingMethodAccessorImpl.java:43)
	at Выполнение бизнес-плана сверка дашбордов.CompareDZOData(Выполнение бизнес-плана сверка дашбордов:682)
	at Выполнение бизнес-плана сверка дашбордов.run(Выполнение бизнес-плана сверка дашбордов:623)
	at com.kms.katalon.core.main.ScriptEngine.run(ScriptEngine.java:194)
	at com.kms.katalon.core.main.ScriptEngine.runScriptAsRawText(ScriptEngine.java:119)
	at com.kms.katalon.core.main.TestCaseExecutor.runScript(TestCaseExecutor.java:448)
	at com.kms.katalon.core.main.TestCaseExecutor.doExecute(TestCaseExecutor.java:439)
	at com.kms.katalon.core.main.TestCaseExecutor.processExecutionPhase(TestCaseExecutor.java:418)
	at com.kms.katalon.core.main.TestCaseExecutor.accessMainPhase(TestCaseExecutor.java:410)
	at com.kms.katalon.core.main.TestCaseExecutor.execute(TestCaseExecutor.java:285)
	at com.kms.katalon.core.common.CommonExecutor.accessTestCaseMainPhase(CommonExecutor.java:65)
	at com.kms.katalon.core.main.TestSuiteExecutor.accessTestSuiteMainPhase(TestSuiteExecutor.java:150)
	at com.kms.katalon.core.main.TestSuiteExecutor.execute(TestSuiteExecutor.java:106)
	at com.kms.katalon.core.main.TestCaseMain.startTestSuite(TestCaseMain.java:180)
	at TempTestSuite1733285972582.run(TempTestSuite1733285972582.groovy:35)
	at java.base/jdk.internal.reflect.NativeMethodAccessorImpl.invoke0(Native Method)
	at java.base/jdk.internal.reflect.NativeMethodAccessorImpl.invoke(NativeMethodAccessorImpl.java:77)
	at java.base/jdk.internal.reflect.DelegatingMethodAccessorImpl.invoke(DelegatingMethodAccessorImpl.java:43)
)

04-12-2024T07:29:26 - [TEST_STEP][PASSED] - result = WriteToExcel(typeOfData, todaysDate, PercPlanR, PercPlanB, PercFactR, PercFactB, x, tabR, tabB, o1R, o1B, vidget): null

04-12-2024T07:29:26 - [TEST_STEP][PASSED] - iii = dZO.indexOf("/"): null

04-12-2024T07:29:26 - [TEST_STEP][PASSED] - println(iii): null

04-12-2024T07:29:26 - [TEST_STEP][PASSED] - dZO = dZO.substring(0, iii): null

04-12-2024T07:29:26 - [TEST_STEP][PASSED] - println(dZO): null

04-12-2024T07:29:26 - [TEST_STEP][PASSED] - println(PercPlanR): null

04-12-2024T07:29:26 - [TEST_STEP][PASSED] - println(PercPlanB): null

04-12-2024T07:29:26 - [TEST_STEP][PASSED] - println(PercFactR): null

04-12-2024T07:29:26 - [TEST_STEP][PASSED] - println(PercFactB): null

04-12-2024T07:29:26 - [TEST_STEP][PASSED] - println(tabR): null

04-12-2024T07:29:26 - [TEST_STEP][PASSED] - println(tabB): null

04-12-2024T07:29:26 - [TEST_STEP][PASSED] - println(o1R): null

04-12-2024T07:29:26 - [TEST_STEP][PASSED] - println(o1B): null

04-12-2024T07:29:26 - [TEST_STEP][PASSED] - PR = <not implemented yet for class: org.codehaus.groovy.ast.expr.EmptyExpression>: null

04-12-2024T07:29:26 - [TEST_STEP][PASSED] - FR = <not implemented yet for class: org.codehaus.groovy.ast.expr.EmptyExpression>: null

04-12-2024T07:29:26 - [TEST_STEP][PASSED] - PB = <not implemented yet for class: org.codehaus.groovy.ast.expr.EmptyExpression>: null

04-12-2024T07:29:26 - [TEST_STEP][PASSED] - FB = <not implemented yet for class: org.codehaus.groovy.ast.expr.EmptyExpression>: null

04-12-2024T07:29:26 - [TEST_STEP][PASSED] - TR = <not implemented yet for class: org.codehaus.groovy.ast.expr.EmptyExpression>: null

04-12-2024T07:29:26 - [TEST_STEP][PASSED] - TB = <not implemented yet for class: org.codehaus.groovy.ast.expr.EmptyExpression>: null

04-12-2024T07:29:26 - [TEST_STEP][PASSED] - sheetName = "Sheet1": null

04-12-2024T07:29:26 - [TEST_STEP][PASSED] - data = findTestData("PlanFact"): null

04-12-2024T07:29:26 - [TEST_STEP][PASSED] - n = data.getRowNumbers() + 1: null

04-12-2024T07:29:26 - [TEST_STEP][PASSED] - year = todaysDate.substring(todaysDate.length() - 4, todaysDate.length()): null

04-12-2024T07:29:26 - [TEST_STEP][PASSED] - y = year.toInteger(): null

04-12-2024T07:29:26 - [TEST_STEP][PASSED] - m = getText(findTestObject("Выполнение бизнес-плана/Выполнение бизнес-плана Балансы/Фильтр Дата")): Text of object 'Object Repository/Выполнение бизнес-плана/Выполнение бизнес-плана Балансы/Фильтр Дата' is: '1, 2, 3 кв., Октябрь 2024 года'

04-12-2024T07:29:26 - [MESSAGE][PASSED] - Text of object 'Object Repository/Выполнение бизнес-плана/Выполнение бизнес-плана Балансы/Фильтр Дата' is: '1, 2, 3 кв., Октябрь 2024 года'

04-12-2024T07:29:26 - [TEST_STEP][PASSED] - m = m.substring(0, m.indexOf("2024")): null

04-12-2024T07:29:26 - [TEST_STEP][PASSED] - m = m.trim(): null

04-12-2024T07:29:26 - [TEST_STEP][PASSED] - dashboardName = "Выполнение бизнес-плана": null

04-12-2024T07:29:26 - [TEST_STEP][PASSED] - workbook01 = getWorkbook(excelFilePath): null

04-12-2024T07:29:27 - [TEST_STEP][PASSED] - sheet01 = getExcelSheet(workbook01, sheetName): null

04-12-2024T07:29:27 - [TEST_STEP][PASSED] - setValueToCellByIndex(sheet01, n, 0, dashboardName): null

04-12-2024T07:29:27 - [TEST_STEP][PASSED] - setValueToCellByIndex(sheet01, n, 1, dZO): null

04-12-2024T07:29:27 - [TEST_STEP][PASSED] - setValueToCellByIndex(sheet01, n, 2, typeOfData): null

04-12-2024T07:29:27 - [TEST_STEP][PASSED] - setValueToCellByIndex(sheet01, n, 3, typeOfData): null

04-12-2024T07:29:27 - [TEST_STEP][PASSED] - if (typeOfData == "План"): null

04-12-2024T07:29:27 - [TEST_STEP][PASSED] - if (PercPlanR == null): null

04-12-2024T07:29:27 - [TEST_STEP][PASSED] - else: null

04-12-2024T07:29:27 - [TEST_STEP][PASSED] - if (PercPlanR == "нет данных"): null

04-12-2024T07:29:27 - [TEST_STEP][PASSED] - setValueToCellByIndex(sheet01, n, 4, "нет данных"): null

04-12-2024T07:29:27 - [TEST_STEP][PASSED] - if (PercPlanB == null): null

04-12-2024T07:29:27 - [TEST_STEP][PASSED] - else: null

04-12-2024T07:29:27 - [TEST_STEP][PASSED] - if (PercPlanB == "нет данных"): null

04-12-2024T07:29:27 - [TEST_STEP][PASSED] - else: null

04-12-2024T07:29:27 - [TEST_STEP][PASSED] - PB = PercPlanB.toDouble(): null

04-12-2024T07:29:27 - [TEST_STEP][PASSED] - setValueToCellByIndex(sheet01, n, 5, PB): null

04-12-2024T07:29:27 - [TEST_STEP][PASSED] - setValueToCellByIndex(sheet01, n, 6, m): null

04-12-2024T07:29:27 - [TEST_STEP][PASSED] - setValueToCellByIndex(sheet01, n, 7, y): null

04-12-2024T07:29:27 - [TEST_STEP][PASSED] - setValueToCellByIndex(sheet01, n, 8, todaysDate): null

04-12-2024T07:29:27 - [TEST_STEP][PASSED] - n = n + 1: null

04-12-2024T07:29:27 - [TEST_STEP][PASSED] - saveWorkbook(excelFilePath, workbook01): null

04-12-2024T07:29:27 - [TEST_STEP][PASSED] - typeOfData = "Факт": null

04-12-2024T07:29:27 - [TEST_STEP][PASSED] - PercFactR = GetPercFactR(x = a): null

04-12-2024T07:29:27 - [TEST_STEP][PASSED] - i1 = <not implemented yet for class: org.codehaus.groovy.ast.expr.EmptyExpression>: null

04-12-2024T07:29:27 - [TEST_STEP][PASSED] - ii = <not implemented yet for class: org.codehaus.groovy.ast.expr.EmptyExpression>: null

04-12-2024T07:29:27 - [TEST_STEP][PASSED] - for ([ii = 1, ii < 3, (ii++)]): null

04-12-2024T07:29:27 - [TEST_STEP][PASSED] - i1 = x.indexOf("/") + 1: null

04-12-2024T07:29:27 - [TEST_STEP][PASSED] - if (i1 > -1): null

04-12-2024T07:29:27 - [TEST_STEP][PASSED] - x = x.substring(i1, x.length()): null

04-12-2024T07:29:27 - [TEST_STEP][PASSED] - println(x): null

04-12-2024T07:29:27 - [TEST_STEP][PASSED] - i1 = x.indexOf("/") + 1: null

04-12-2024T07:29:27 - [TEST_STEP][PASSED] - if (i1 > -1): null

04-12-2024T07:29:27 - [TEST_STEP][PASSED] - x = x.substring(i1, x.length()): null

04-12-2024T07:29:27 - [TEST_STEP][PASSED] - println(x): null

04-12-2024T07:29:27 - [TEST_STEP][PASSED] - i1 = x.indexOf("/"): null

04-12-2024T07:29:27 - [TEST_STEP][PASSED] - if (i1 > -1): null

04-12-2024T07:29:27 - [TEST_STEP][PASSED] - x = x.substring(0, i1): null

04-12-2024T07:29:27 - [TEST_STEP][PASSED] - println(x): null

04-12-2024T07:29:27 - [TEST_STEP][PASSED] - return x: null

04-12-2024T07:29:27 - [TEST_STEP][PASSED] - PercFactB = GetPercFactB(x = b): null

04-12-2024T07:29:27 - [TEST_STEP][PASSED] - i1 = <not implemented yet for class: org.codehaus.groovy.ast.expr.EmptyExpression>: null

04-12-2024T07:29:27 - [TEST_STEP][PASSED] - ii = <not implemented yet for class: org.codehaus.groovy.ast.expr.EmptyExpression>: null

04-12-2024T07:29:27 - [TEST_STEP][PASSED] - for ([ii = 1, ii < 3, (ii++)]): null

04-12-2024T07:29:27 - [TEST_STEP][PASSED] - i1 = x.indexOf("/") + 1: null

04-12-2024T07:29:27 - [TEST_STEP][PASSED] - if (i1 > -1): null

04-12-2024T07:29:27 - [TEST_STEP][PASSED] - x = x.substring(i1, x.length()): null

04-12-2024T07:29:27 - [TEST_STEP][PASSED] - println(x): null

04-12-2024T07:29:27 - [TEST_STEP][PASSED] - i1 = x.indexOf("/") + 1: null

04-12-2024T07:29:27 - [TEST_STEP][PASSED] - if (i1 > -1): null

04-12-2024T07:29:27 - [TEST_STEP][PASSED] - x = x.substring(i1, x.length()): null

04-12-2024T07:29:27 - [TEST_STEP][PASSED] - println(x): null

04-12-2024T07:29:27 - [TEST_STEP][PASSED] - i1 = x.indexOf("/"): null

04-12-2024T07:29:27 - [TEST_STEP][PASSED] - if (i1 > -1): null

04-12-2024T07:29:27 - [TEST_STEP][PASSED] - x = x.substring(0, i1): null

04-12-2024T07:29:27 - [TEST_STEP][PASSED] - println(x): null

04-12-2024T07:29:27 - [TEST_STEP][FAILED] - return x: null

04-12-2024T07:29:27 - [TEST_STEP][FAILED] - if (verifyEqual(PercFactR, PercFactB) == false): null

04-12-2024T07:29:27 - [MESSAGE][FAILED] - Unable to verify equal between actual object 'нет данных' and expected object '5.26' (Root cause: com.kms.katalon.core.exception.StepFailedException: Actual object 'нет данных' and expected object '5.26' are not equal
	at com.kms.katalon.core.keyword.builtin.VerifyEqualKeyword$_verifyEqual_closure1.doCall(VerifyEqualKeyword.groovy:58)
	at com.kms.katalon.core.keyword.builtin.VerifyEqualKeyword$_verifyEqual_closure1.call(VerifyEqualKeyword.groovy)
	at com.kms.katalon.core.keyword.internal.KeywordMain.runKeyword(KeywordMain.groovy:75)
	at com.kms.katalon.core.keyword.builtin.VerifyEqualKeyword.verifyEqual(VerifyEqualKeyword.groovy:63)
	at com.kms.katalon.core.keyword.builtin.VerifyEqualKeyword.execute(VerifyEqualKeyword.groovy:44)
	at com.kms.katalon.core.keyword.internal.KeywordExecutor.executeKeywordForPlatform(KeywordExecutor.groovy:74)
	at com.kms.katalon.core.keyword.BuiltinKeywords.verifyEqual(BuiltinKeywords.groovy:146)
	at jdk.internal.reflect.GeneratedMethodAccessor25.invoke(Unknown Source)
	at java.base/jdk.internal.reflect.DelegatingMethodAccessorImpl.invoke(DelegatingMethodAccessorImpl.java:43)
	at Выполнение бизнес-плана сверка дашбордов.CompareDZOData(Выполнение бизнес-плана сверка дашбордов:693)
	at Выполнение бизнес-плана сверка дашбордов.run(Выполнение бизнес-плана сверка дашбордов:623)
	at com.kms.katalon.core.main.ScriptEngine.run(ScriptEngine.java:194)
	at com.kms.katalon.core.main.ScriptEngine.runScriptAsRawText(ScriptEngine.java:119)
	at com.kms.katalon.core.main.TestCaseExecutor.runScript(TestCaseExecutor.java:448)
	at com.kms.katalon.core.main.TestCaseExecutor.doExecute(TestCaseExecutor.java:439)
	at com.kms.katalon.core.main.TestCaseExecutor.processExecutionPhase(TestCaseExecutor.java:418)
	at com.kms.katalon.core.main.TestCaseExecutor.accessMainPhase(TestCaseExecutor.java:410)
	at com.kms.katalon.core.main.TestCaseExecutor.execute(TestCaseExecutor.java:285)
	at com.kms.katalon.core.common.CommonExecutor.accessTestCaseMainPhase(CommonExecutor.java:65)
	at com.kms.katalon.core.main.TestSuiteExecutor.accessTestSuiteMainPhase(TestSuiteExecutor.java:150)
	at com.kms.katalon.core.main.TestSuiteExecutor.execute(TestSuiteExecutor.java:106)
	at com.kms.katalon.core.main.TestCaseMain.startTestSuite(TestCaseMain.java:180)
	at TempTestSuite1733285972582.run(TempTestSuite1733285972582.groovy:35)
	at java.base/jdk.internal.reflect.NativeMethodAccessorImpl.invoke0(Native Method)
	at java.base/jdk.internal.reflect.NativeMethodAccessorImpl.invoke(NativeMethodAccessorImpl.java:77)
	at java.base/jdk.internal.reflect.DelegatingMethodAccessorImpl.invoke(DelegatingMethodAccessorImpl.java:43)
)

04-12-2024T07:29:27 - [TEST_STEP][PASSED] - result = WriteToExcel(typeOfData, todaysDate, PercPlanR, PercPlanB, PercFactR, PercFactB, x, tabR, tabB, o1R, o1B, vidget): null

04-12-2024T07:29:27 - [TEST_STEP][PASSED] - iii = dZO.indexOf("/"): null

04-12-2024T07:29:27 - [TEST_STEP][PASSED] - println(iii): null

04-12-2024T07:29:27 - [TEST_STEP][PASSED] - dZO = dZO.substring(0, iii): null

04-12-2024T07:29:27 - [TEST_STEP][PASSED] - println(dZO): null

04-12-2024T07:29:27 - [TEST_STEP][PASSED] - println(PercPlanR): null

04-12-2024T07:29:27 - [TEST_STEP][PASSED] - println(PercPlanB): null

04-12-2024T07:29:27 - [TEST_STEP][PASSED] - println(PercFactR): null

04-12-2024T07:29:27 - [TEST_STEP][PASSED] - println(PercFactB): null

04-12-2024T07:29:27 - [TEST_STEP][PASSED] - println(tabR): null

04-12-2024T07:29:27 - [TEST_STEP][PASSED] - println(tabB): null

04-12-2024T07:29:27 - [TEST_STEP][PASSED] - println(o1R): null

04-12-2024T07:29:27 - [TEST_STEP][PASSED] - println(o1B): null

04-12-2024T07:29:27 - [TEST_STEP][PASSED] - PR = <not implemented yet for class: org.codehaus.groovy.ast.expr.EmptyExpression>: null

04-12-2024T07:29:27 - [TEST_STEP][PASSED] - FR = <not implemented yet for class: org.codehaus.groovy.ast.expr.EmptyExpression>: null

04-12-2024T07:29:27 - [TEST_STEP][PASSED] - PB = <not implemented yet for class: org.codehaus.groovy.ast.expr.EmptyExpression>: null

04-12-2024T07:29:27 - [TEST_STEP][PASSED] - FB = <not implemented yet for class: org.codehaus.groovy.ast.expr.EmptyExpression>: null

04-12-2024T07:29:27 - [TEST_STEP][PASSED] - TR = <not implemented yet for class: org.codehaus.groovy.ast.expr.EmptyExpression>: null

04-12-2024T07:29:27 - [TEST_STEP][PASSED] - TB = <not implemented yet for class: org.codehaus.groovy.ast.expr.EmptyExpression>: null

04-12-2024T07:29:27 - [TEST_STEP][PASSED] - sheetName = "Sheet1": null

04-12-2024T07:29:27 - [TEST_STEP][PASSED] - data = findTestData("PlanFact"): null

04-12-2024T07:29:27 - [TEST_STEP][PASSED] - n = data.getRowNumbers() + 1: null

04-12-2024T07:29:27 - [TEST_STEP][PASSED] - year = todaysDate.substring(todaysDate.length() - 4, todaysDate.length()): null

04-12-2024T07:29:27 - [TEST_STEP][PASSED] - y = year.toInteger(): null

04-12-2024T07:29:27 - [TEST_STEP][PASSED] - m = getText(findTestObject("Выполнение бизнес-плана/Выполнение бизнес-плана Балансы/Фильтр Дата")): Text of object 'Object Repository/Выполнение бизнес-плана/Выполнение бизнес-плана Балансы/Фильтр Дата' is: '1, 2, 3 кв., Октябрь 2024 года'

04-12-2024T07:29:27 - [MESSAGE][PASSED] - Text of object 'Object Repository/Выполнение бизнес-плана/Выполнение бизнес-плана Балансы/Фильтр Дата' is: '1, 2, 3 кв., Октябрь 2024 года'

04-12-2024T07:29:27 - [TEST_STEP][PASSED] - m = m.substring(0, m.indexOf("2024")): null

04-12-2024T07:29:27 - [TEST_STEP][PASSED] - m = m.trim(): null

04-12-2024T07:29:27 - [TEST_STEP][PASSED] - dashboardName = "Выполнение бизнес-плана": null

04-12-2024T07:29:27 - [TEST_STEP][PASSED] - workbook01 = getWorkbook(excelFilePath): null

04-12-2024T07:29:27 - [TEST_STEP][PASSED] - sheet01 = getExcelSheet(workbook01, sheetName): null

04-12-2024T07:29:27 - [TEST_STEP][PASSED] - setValueToCellByIndex(sheet01, n, 0, dashboardName): null

04-12-2024T07:29:27 - [TEST_STEP][PASSED] - setValueToCellByIndex(sheet01, n, 1, dZO): null

04-12-2024T07:29:27 - [TEST_STEP][PASSED] - setValueToCellByIndex(sheet01, n, 2, typeOfData): null

04-12-2024T07:29:27 - [TEST_STEP][PASSED] - setValueToCellByIndex(sheet01, n, 3, typeOfData): null

04-12-2024T07:29:27 - [TEST_STEP][PASSED] - if (typeOfData == "План"): null

04-12-2024T07:29:27 - [TEST_STEP][PASSED] - else if (typeOfData == "Факт"): null

04-12-2024T07:29:27 - [TEST_STEP][PASSED] - if (PercFactR == null): null

04-12-2024T07:29:27 - [TEST_STEP][PASSED] - else: null

04-12-2024T07:29:27 - [TEST_STEP][PASSED] - if (PercFactR == "нет данных"): null

04-12-2024T07:29:27 - [TEST_STEP][PASSED] - setValueToCellByIndex(sheet01, n, 4, "нет данных"): null

04-12-2024T07:29:27 - [TEST_STEP][PASSED] - if (PercFactB == null): null

04-12-2024T07:29:27 - [TEST_STEP][PASSED] - else: null

04-12-2024T07:29:27 - [TEST_STEP][PASSED] - if (PercFactB == "нет данных"): null

04-12-2024T07:29:27 - [TEST_STEP][PASSED] - else: null

04-12-2024T07:29:27 - [TEST_STEP][PASSED] - FB = PercFactB.toDouble(): null

04-12-2024T07:29:27 - [TEST_STEP][PASSED] - setValueToCellByIndex(sheet01, n, 5, FB): null

04-12-2024T07:29:27 - [TEST_STEP][PASSED] - setValueToCellByIndex(sheet01, n, 6, m): null

04-12-2024T07:29:27 - [TEST_STEP][PASSED] - setValueToCellByIndex(sheet01, n, 7, y): null

04-12-2024T07:29:27 - [TEST_STEP][PASSED] - setValueToCellByIndex(sheet01, n, 8, todaysDate): null

04-12-2024T07:29:27 - [TEST_STEP][PASSED] - n = n + 1: null

04-12-2024T07:29:27 - [TEST_STEP][PASSED] - saveWorkbook(excelFilePath, workbook01): null

04-12-2024T07:29:27 - [TEST_STEP][PASSED] - vidget = "Показатели баланса электроэнергии по ДЗО – Факт": null

04-12-2024T07:29:27 - [TEST_STEP][PASSED] - typeOfData = "Факт Отпуск в сеть": null

04-12-2024T07:29:27 - [TEST_STEP][PASSED] - tabR = GetOvSFactR(x = a): null

04-12-2024T07:29:27 - [TEST_STEP][PASSED] - i1 = <not implemented yet for class: org.codehaus.groovy.ast.expr.EmptyExpression>: null

04-12-2024T07:29:27 - [TEST_STEP][PASSED] - ii = <not implemented yet for class: org.codehaus.groovy.ast.expr.EmptyExpression>: null

04-12-2024T07:29:27 - [TEST_STEP][PASSED] - for ([ii = 1, ii < 4, (ii++)]): null

04-12-2024T07:29:27 - [TEST_STEP][PASSED] - i1 = x.indexOf("/") + 1: null

04-12-2024T07:29:27 - [TEST_STEP][PASSED] - if (i1 > -1): null

04-12-2024T07:29:27 - [TEST_STEP][PASSED] - x = x.substring(i1, x.length()): null

04-12-2024T07:29:27 - [TEST_STEP][PASSED] - println(x): null

04-12-2024T07:29:27 - [TEST_STEP][PASSED] - i1 = x.indexOf("/") + 1: null

04-12-2024T07:29:27 - [TEST_STEP][PASSED] - if (i1 > -1): null

04-12-2024T07:29:27 - [TEST_STEP][PASSED] - x = x.substring(i1, x.length()): null

04-12-2024T07:29:27 - [TEST_STEP][PASSED] - println(x): null

04-12-2024T07:29:27 - [TEST_STEP][PASSED] - i1 = x.indexOf("/") + 1: null

04-12-2024T07:29:27 - [TEST_STEP][PASSED] - if (i1 > -1): null

04-12-2024T07:29:27 - [TEST_STEP][PASSED] - x = x.substring(i1, x.length()): null

04-12-2024T07:29:27 - [TEST_STEP][PASSED] - println(x): null

04-12-2024T07:29:27 - [TEST_STEP][PASSED] - i1 = x.indexOf("/"): null

04-12-2024T07:29:27 - [TEST_STEP][PASSED] - if (i1 > -1): null

04-12-2024T07:29:27 - [TEST_STEP][PASSED] - x = x.substring(0, i1): null

04-12-2024T07:29:27 - [TEST_STEP][PASSED] - println(x): null

04-12-2024T07:29:27 - [TEST_STEP][PASSED] - return x: null

04-12-2024T07:29:27 - [TEST_STEP][PASSED] - tabB = GetOvSFactB(x = b): null

04-12-2024T07:29:27 - [TEST_STEP][PASSED] - i1 = <not implemented yet for class: org.codehaus.groovy.ast.expr.EmptyExpression>: null

04-12-2024T07:29:27 - [TEST_STEP][PASSED] - ii = <not implemented yet for class: org.codehaus.groovy.ast.expr.EmptyExpression>: null

04-12-2024T07:29:27 - [TEST_STEP][PASSED] - for ([ii = 1, ii < 4, (ii++)]): null

04-12-2024T07:29:27 - [TEST_STEP][PASSED] - i1 = x.indexOf("/") + 1: null

04-12-2024T07:29:27 - [TEST_STEP][PASSED] - if (i1 > -1): null

04-12-2024T07:29:27 - [TEST_STEP][PASSED] - x = x.substring(i1, x.length()): null

04-12-2024T07:29:27 - [TEST_STEP][PASSED] - println(x): null

04-12-2024T07:29:27 - [TEST_STEP][PASSED] - i1 = x.indexOf("/") + 1: null

04-12-2024T07:29:27 - [TEST_STEP][PASSED] - if (i1 > -1): null

04-12-2024T07:29:27 - [TEST_STEP][PASSED] - x = x.substring(i1, x.length()): null

04-12-2024T07:29:27 - [TEST_STEP][PASSED] - println(x): null

04-12-2024T07:29:27 - [TEST_STEP][PASSED] - i1 = x.indexOf("/") + 1: null

04-12-2024T07:29:27 - [TEST_STEP][PASSED] - if (i1 > -1): null

04-12-2024T07:29:27 - [TEST_STEP][PASSED] - x = x.substring(i1, x.length()): null

04-12-2024T07:29:27 - [TEST_STEP][PASSED] - println(x): null

04-12-2024T07:29:27 - [TEST_STEP][PASSED] - i1 = x.indexOf("/"): null

04-12-2024T07:29:27 - [TEST_STEP][PASSED] - if (i1 > -1): null

04-12-2024T07:29:27 - [TEST_STEP][PASSED] - x = x.substring(0, i1): null

04-12-2024T07:29:27 - [TEST_STEP][PASSED] - println(x): null

04-12-2024T07:29:27 - [TEST_STEP][FAILED] - return x: null

04-12-2024T07:29:27 - [TEST_STEP][FAILED] - if (verifyEqual(tabR, tabB) == false): null

04-12-2024T07:29:27 - [MESSAGE][FAILED] - Unable to verify equal between actual object 'нет данных' and expected object '27102297' (Root cause: com.kms.katalon.core.exception.StepFailedException: Actual object 'нет данных' and expected object '27102297' are not equal
	at com.kms.katalon.core.keyword.builtin.VerifyEqualKeyword$_verifyEqual_closure1.doCall(VerifyEqualKeyword.groovy:58)
	at com.kms.katalon.core.keyword.builtin.VerifyEqualKeyword$_verifyEqual_closure1.call(VerifyEqualKeyword.groovy)
	at com.kms.katalon.core.keyword.internal.KeywordMain.runKeyword(KeywordMain.groovy:75)
	at com.kms.katalon.core.keyword.builtin.VerifyEqualKeyword.verifyEqual(VerifyEqualKeyword.groovy:63)
	at com.kms.katalon.core.keyword.builtin.VerifyEqualKeyword.execute(VerifyEqualKeyword.groovy:44)
	at com.kms.katalon.core.keyword.internal.KeywordExecutor.executeKeywordForPlatform(KeywordExecutor.groovy:74)
	at com.kms.katalon.core.keyword.BuiltinKeywords.verifyEqual(BuiltinKeywords.groovy:146)
	at jdk.internal.reflect.GeneratedMethodAccessor25.invoke(Unknown Source)
	at java.base/jdk.internal.reflect.DelegatingMethodAccessorImpl.invoke(DelegatingMethodAccessorImpl.java:43)
	at Выполнение бизнес-плана сверка дашбордов.CompareDZOData(Выполнение бизнес-плана сверка дашбордов:706)
	at Выполнение бизнес-плана сверка дашбордов.run(Выполнение бизнес-плана сверка дашбордов:623)
	at com.kms.katalon.core.main.ScriptEngine.run(ScriptEngine.java:194)
	at com.kms.katalon.core.main.ScriptEngine.runScriptAsRawText(ScriptEngine.java:119)
	at com.kms.katalon.core.main.TestCaseExecutor.runScript(TestCaseExecutor.java:448)
	at com.kms.katalon.core.main.TestCaseExecutor.doExecute(TestCaseExecutor.java:439)
	at com.kms.katalon.core.main.TestCaseExecutor.processExecutionPhase(TestCaseExecutor.java:418)
	at com.kms.katalon.core.main.TestCaseExecutor.accessMainPhase(TestCaseExecutor.java:410)
	at com.kms.katalon.core.main.TestCaseExecutor.execute(TestCaseExecutor.java:285)
	at com.kms.katalon.core.common.CommonExecutor.accessTestCaseMainPhase(CommonExecutor.java:65)
	at com.kms.katalon.core.main.TestSuiteExecutor.accessTestSuiteMainPhase(TestSuiteExecutor.java:150)
	at com.kms.katalon.core.main.TestSuiteExecutor.execute(TestSuiteExecutor.java:106)
	at com.kms.katalon.core.main.TestCaseMain.startTestSuite(TestCaseMain.java:180)
	at TempTestSuite1733285972582.run(TempTestSuite1733285972582.groovy:35)
	at java.base/jdk.internal.reflect.NativeMethodAccessorImpl.invoke0(Native Method)
	at java.base/jdk.internal.reflect.NativeMethodAccessorImpl.invoke(NativeMethodAccessorImpl.java:77)
	at java.base/jdk.internal.reflect.DelegatingMethodAccessorImpl.invoke(DelegatingMethodAccessorImpl.java:43)
)

04-12-2024T07:29:27 - [TEST_STEP][PASSED] - result = WriteToExcel(typeOfData, todaysDate, PercPlanR, PercPlanB, PercFactR, PercFactB, x, tabR, tabB, o1R, o1B, vidget): null

04-12-2024T07:29:27 - [TEST_STEP][PASSED] - iii = dZO.indexOf("/"): null

04-12-2024T07:29:27 - [TEST_STEP][PASSED] - println(iii): null

04-12-2024T07:29:27 - [TEST_STEP][PASSED] - dZO = dZO.substring(0, iii): null

04-12-2024T07:29:27 - [TEST_STEP][PASSED] - println(dZO): null

04-12-2024T07:29:27 - [TEST_STEP][PASSED] - println(PercPlanR): null

04-12-2024T07:29:27 - [TEST_STEP][PASSED] - println(PercPlanB): null

04-12-2024T07:29:27 - [TEST_STEP][PASSED] - println(PercFactR): null

04-12-2024T07:29:27 - [TEST_STEP][PASSED] - println(PercFactB): null

04-12-2024T07:29:27 - [TEST_STEP][PASSED] - println(tabR): null

04-12-2024T07:29:27 - [TEST_STEP][PASSED] - println(tabB): null

04-12-2024T07:29:27 - [TEST_STEP][PASSED] - println(o1R): null

04-12-2024T07:29:27 - [TEST_STEP][PASSED] - println(o1B): null

04-12-2024T07:29:27 - [TEST_STEP][PASSED] - PR = <not implemented yet for class: org.codehaus.groovy.ast.expr.EmptyExpression>: null

04-12-2024T07:29:27 - [TEST_STEP][PASSED] - FR = <not implemented yet for class: org.codehaus.groovy.ast.expr.EmptyExpression>: null

04-12-2024T07:29:27 - [TEST_STEP][PASSED] - PB = <not implemented yet for class: org.codehaus.groovy.ast.expr.EmptyExpression>: null

04-12-2024T07:29:27 - [TEST_STEP][PASSED] - FB = <not implemented yet for class: org.codehaus.groovy.ast.expr.EmptyExpression>: null

04-12-2024T07:29:27 - [TEST_STEP][PASSED] - TR = <not implemented yet for class: org.codehaus.groovy.ast.expr.EmptyExpression>: null

04-12-2024T07:29:27 - [TEST_STEP][PASSED] - TB = <not implemented yet for class: org.codehaus.groovy.ast.expr.EmptyExpression>: null

04-12-2024T07:29:27 - [TEST_STEP][PASSED] - sheetName = "Sheet1": null

04-12-2024T07:29:27 - [TEST_STEP][PASSED] - data = findTestData("PlanFact"): null

04-12-2024T07:29:27 - [TEST_STEP][PASSED] - n = data.getRowNumbers() + 1: null

04-12-2024T07:29:27 - [TEST_STEP][PASSED] - year = todaysDate.substring(todaysDate.length() - 4, todaysDate.length()): null

04-12-2024T07:29:27 - [TEST_STEP][PASSED] - y = year.toInteger(): null

04-12-2024T07:29:27 - [TEST_STEP][PASSED] - m = getText(findTestObject("Выполнение бизнес-плана/Выполнение бизнес-плана Балансы/Фильтр Дата")): Text of object 'Object Repository/Выполнение бизнес-плана/Выполнение бизнес-плана Балансы/Фильтр Дата' is: '1, 2, 3 кв., Октябрь 2024 года'

04-12-2024T07:29:28 - [MESSAGE][PASSED] - Text of object 'Object Repository/Выполнение бизнес-плана/Выполнение бизнес-плана Балансы/Фильтр Дата' is: '1, 2, 3 кв., Октябрь 2024 года'

04-12-2024T07:29:28 - [TEST_STEP][PASSED] - m = m.substring(0, m.indexOf("2024")): null

04-12-2024T07:29:28 - [TEST_STEP][PASSED] - m = m.trim(): null

04-12-2024T07:29:28 - [TEST_STEP][PASSED] - dashboardName = "Выполнение бизнес-плана": null

04-12-2024T07:29:28 - [TEST_STEP][PASSED] - workbook01 = getWorkbook(excelFilePath): null

04-12-2024T07:29:28 - [TEST_STEP][PASSED] - sheet01 = getExcelSheet(workbook01, sheetName): null

04-12-2024T07:29:28 - [TEST_STEP][PASSED] - setValueToCellByIndex(sheet01, n, 0, dashboardName): null

04-12-2024T07:29:28 - [TEST_STEP][PASSED] - setValueToCellByIndex(sheet01, n, 1, dZO): null

04-12-2024T07:29:28 - [TEST_STEP][PASSED] - setValueToCellByIndex(sheet01, n, 2, typeOfData): null

04-12-2024T07:29:28 - [TEST_STEP][PASSED] - setValueToCellByIndex(sheet01, n, 3, typeOfData): null

04-12-2024T07:29:28 - [TEST_STEP][PASSED] - if (typeOfData == "План"): null

04-12-2024T07:29:28 - [TEST_STEP][PASSED] - else if (typeOfData == "Факт"): null

04-12-2024T07:29:28 - [TEST_STEP][PASSED] - else if (vidget.contains("электроэнергии") == true): null

04-12-2024T07:29:28 - [TEST_STEP][PASSED] - if (tabR == null): null

04-12-2024T07:29:28 - [TEST_STEP][PASSED] - else: null

04-12-2024T07:29:28 - [TEST_STEP][PASSED] - if (tabR == "нет данных"): null

04-12-2024T07:29:28 - [TEST_STEP][PASSED] - setValueToCellByIndex(sheet01, n, 4, "нет данных"): null

04-12-2024T07:29:28 - [TEST_STEP][PASSED] - if (tabB == null): null

04-12-2024T07:29:28 - [TEST_STEP][PASSED] - else: null

04-12-2024T07:29:28 - [TEST_STEP][PASSED] - if (tabB == "нет данных"): null

04-12-2024T07:29:28 - [TEST_STEP][PASSED] - else: null

04-12-2024T07:29:28 - [TEST_STEP][PASSED] - TB = tabB.toInteger(): null

04-12-2024T07:29:28 - [TEST_STEP][PASSED] - setValueToCellByIndex(sheet01, n, 5, TB): null

04-12-2024T07:29:28 - [TEST_STEP][PASSED] - setValueToCellByIndex(sheet01, n, 6, m): null

04-12-2024T07:29:28 - [TEST_STEP][PASSED] - setValueToCellByIndex(sheet01, n, 7, y): null

04-12-2024T07:29:28 - [TEST_STEP][PASSED] - setValueToCellByIndex(sheet01, n, 8, todaysDate): null

04-12-2024T07:29:28 - [TEST_STEP][PASSED] - n = n + 1: null

04-12-2024T07:29:28 - [TEST_STEP][PASSED] - saveWorkbook(excelFilePath, workbook01): null

04-12-2024T07:29:28 - [TEST_STEP][PASSED] - typeOfData = "Факт Отпуск из сети": null

04-12-2024T07:29:28 - [TEST_STEP][PASSED] - tabR = GetOiSFactR(x = a): null

04-12-2024T07:29:28 - [TEST_STEP][PASSED] - i1 = <not implemented yet for class: org.codehaus.groovy.ast.expr.EmptyExpression>: null

04-12-2024T07:29:28 - [TEST_STEP][PASSED] - ii = <not implemented yet for class: org.codehaus.groovy.ast.expr.EmptyExpression>: null

04-12-2024T07:29:28 - [TEST_STEP][PASSED] - for ([ii = 1, ii < 5, (ii++)]): null

04-12-2024T07:29:28 - [TEST_STEP][PASSED] - i1 = x.indexOf("/") + 1: null

04-12-2024T07:29:28 - [TEST_STEP][PASSED] - if (i1 > -1): null

04-12-2024T07:29:28 - [TEST_STEP][PASSED] - x = x.substring(i1, x.length()): null

04-12-2024T07:29:28 - [TEST_STEP][PASSED] - println(x): null

04-12-2024T07:29:28 - [TEST_STEP][PASSED] - i1 = x.indexOf("/") + 1: null

04-12-2024T07:29:28 - [TEST_STEP][PASSED] - if (i1 > -1): null

04-12-2024T07:29:28 - [TEST_STEP][PASSED] - x = x.substring(i1, x.length()): null

04-12-2024T07:29:28 - [TEST_STEP][PASSED] - println(x): null

04-12-2024T07:29:28 - [TEST_STEP][PASSED] - i1 = x.indexOf("/") + 1: null

04-12-2024T07:29:28 - [TEST_STEP][PASSED] - if (i1 > -1): null

04-12-2024T07:29:28 - [TEST_STEP][PASSED] - x = x.substring(i1, x.length()): null

04-12-2024T07:29:28 - [TEST_STEP][PASSED] - println(x): null

04-12-2024T07:29:28 - [TEST_STEP][PASSED] - i1 = x.indexOf("/") + 1: null

04-12-2024T07:29:28 - [TEST_STEP][PASSED] - if (i1 > -1): null

04-12-2024T07:29:28 - [TEST_STEP][PASSED] - x = x.substring(i1, x.length()): null

04-12-2024T07:29:28 - [TEST_STEP][PASSED] - println(x): null

04-12-2024T07:29:28 - [TEST_STEP][PASSED] - i1 = x.indexOf("/"): null

04-12-2024T07:29:28 - [TEST_STEP][PASSED] - if (i1 > -1): null

04-12-2024T07:29:28 - [TEST_STEP][PASSED] - x = x.substring(0, i1): null

04-12-2024T07:29:28 - [TEST_STEP][PASSED] - println(x): null

04-12-2024T07:29:28 - [TEST_STEP][PASSED] - return x: null

04-12-2024T07:29:28 - [TEST_STEP][PASSED] - tabB = GetOiSFactB(x = b): null

04-12-2024T07:29:28 - [TEST_STEP][PASSED] - i1 = <not implemented yet for class: org.codehaus.groovy.ast.expr.EmptyExpression>: null

04-12-2024T07:29:28 - [TEST_STEP][PASSED] - ii = <not implemented yet for class: org.codehaus.groovy.ast.expr.EmptyExpression>: null

04-12-2024T07:29:28 - [TEST_STEP][PASSED] - for ([ii = 1, ii < 5, (ii++)]): null

04-12-2024T07:29:28 - [TEST_STEP][PASSED] - i1 = x.indexOf("/") + 1: null

04-12-2024T07:29:28 - [TEST_STEP][PASSED] - if (i1 > -1): null

04-12-2024T07:29:28 - [TEST_STEP][PASSED] - x = x.substring(i1, x.length()): null

04-12-2024T07:29:28 - [TEST_STEP][PASSED] - println(x): null

04-12-2024T07:29:28 - [TEST_STEP][PASSED] - i1 = x.indexOf("/") + 1: null

04-12-2024T07:29:28 - [TEST_STEP][PASSED] - if (i1 > -1): null

04-12-2024T07:29:28 - [TEST_STEP][PASSED] - x = x.substring(i1, x.length()): null

04-12-2024T07:29:28 - [TEST_STEP][PASSED] - println(x): null

04-12-2024T07:29:28 - [TEST_STEP][PASSED] - i1 = x.indexOf("/") + 1: null

04-12-2024T07:29:28 - [TEST_STEP][PASSED] - if (i1 > -1): null

04-12-2024T07:29:28 - [TEST_STEP][PASSED] - x = x.substring(i1, x.length()): null

04-12-2024T07:29:28 - [TEST_STEP][PASSED] - println(x): null

04-12-2024T07:29:28 - [TEST_STEP][PASSED] - i1 = x.indexOf("/") + 1: null

04-12-2024T07:29:28 - [TEST_STEP][PASSED] - if (i1 > -1): null

04-12-2024T07:29:28 - [TEST_STEP][PASSED] - x = x.substring(i1, x.length()): null

04-12-2024T07:29:28 - [TEST_STEP][PASSED] - println(x): null

04-12-2024T07:29:28 - [TEST_STEP][PASSED] - i1 = x.indexOf("/"): null

04-12-2024T07:29:28 - [TEST_STEP][PASSED] - if (i1 > -1): null

04-12-2024T07:29:28 - [TEST_STEP][PASSED] - x = x.substring(0, i1): null

04-12-2024T07:29:28 - [TEST_STEP][PASSED] - println(x): null

04-12-2024T07:29:28 - [TEST_STEP][FAILED] - return x: null

04-12-2024T07:29:28 - [TEST_STEP][FAILED] - if (verifyEqual(tabR, tabB) == false): null

04-12-2024T07:29:28 - [MESSAGE][FAILED] - Unable to verify equal between actual object 'нет данных' and expected object '25676842' (Root cause: com.kms.katalon.core.exception.StepFailedException: Actual object 'нет данных' and expected object '25676842' are not equal
	at com.kms.katalon.core.keyword.builtin.VerifyEqualKeyword$_verifyEqual_closure1.doCall(VerifyEqualKeyword.groovy:58)
	at com.kms.katalon.core.keyword.builtin.VerifyEqualKeyword$_verifyEqual_closure1.call(VerifyEqualKeyword.groovy)
	at com.kms.katalon.core.keyword.internal.KeywordMain.runKeyword(KeywordMain.groovy:75)
	at com.kms.katalon.core.keyword.builtin.VerifyEqualKeyword.verifyEqual(VerifyEqualKeyword.groovy:63)
	at com.kms.katalon.core.keyword.builtin.VerifyEqualKeyword.execute(VerifyEqualKeyword.groovy:44)
	at com.kms.katalon.core.keyword.internal.KeywordExecutor.executeKeywordForPlatform(KeywordExecutor.groovy:74)
	at com.kms.katalon.core.keyword.BuiltinKeywords.verifyEqual(BuiltinKeywords.groovy:146)
	at jdk.internal.reflect.GeneratedMethodAccessor25.invoke(Unknown Source)
	at java.base/jdk.internal.reflect.DelegatingMethodAccessorImpl.invoke(DelegatingMethodAccessorImpl.java:43)
	at Выполнение бизнес-плана сверка дашбордов.CompareDZOData(Выполнение бизнес-плана сверка дашбордов:717)
	at Выполнение бизнес-плана сверка дашбордов.run(Выполнение бизнес-плана сверка дашбордов:623)
	at com.kms.katalon.core.main.ScriptEngine.run(ScriptEngine.java:194)
	at com.kms.katalon.core.main.ScriptEngine.runScriptAsRawText(ScriptEngine.java:119)
	at com.kms.katalon.core.main.TestCaseExecutor.runScript(TestCaseExecutor.java:448)
	at com.kms.katalon.core.main.TestCaseExecutor.doExecute(TestCaseExecutor.java:439)
	at com.kms.katalon.core.main.TestCaseExecutor.processExecutionPhase(TestCaseExecutor.java:418)
	at com.kms.katalon.core.main.TestCaseExecutor.accessMainPhase(TestCaseExecutor.java:410)
	at com.kms.katalon.core.main.TestCaseExecutor.execute(TestCaseExecutor.java:285)
	at com.kms.katalon.core.common.CommonExecutor.accessTestCaseMainPhase(CommonExecutor.java:65)
	at com.kms.katalon.core.main.TestSuiteExecutor.accessTestSuiteMainPhase(TestSuiteExecutor.java:150)
	at com.kms.katalon.core.main.TestSuiteExecutor.execute(TestSuiteExecutor.java:106)
	at com.kms.katalon.core.main.TestCaseMain.startTestSuite(TestCaseMain.java:180)
	at TempTestSuite1733285972582.run(TempTestSuite1733285972582.groovy:35)
	at java.base/jdk.internal.reflect.NativeMethodAccessorImpl.invoke0(Native Method)
	at java.base/jdk.internal.reflect.NativeMethodAccessorImpl.invoke(NativeMethodAccessorImpl.java:77)
	at java.base/jdk.internal.reflect.DelegatingMethodAccessorImpl.invoke(DelegatingMethodAccessorImpl.java:43)
)

04-12-2024T07:29:28 - [TEST_STEP][PASSED] - result = WriteToExcel(typeOfData, todaysDate, PercPlanR, PercPlanB, PercFactR, PercFactB, x, tabR, tabB, o1R, o1B, vidget): null

04-12-2024T07:29:28 - [TEST_STEP][PASSED] - iii = dZO.indexOf("/"): null

04-12-2024T07:29:28 - [TEST_STEP][PASSED] - println(iii): null

04-12-2024T07:29:28 - [TEST_STEP][PASSED] - dZO = dZO.substring(0, iii): null

04-12-2024T07:29:28 - [TEST_STEP][PASSED] - println(dZO): null

04-12-2024T07:29:28 - [TEST_STEP][PASSED] - println(PercPlanR): null

04-12-2024T07:29:28 - [TEST_STEP][PASSED] - println(PercPlanB): null

04-12-2024T07:29:28 - [TEST_STEP][PASSED] - println(PercFactR): null

04-12-2024T07:29:28 - [TEST_STEP][PASSED] - println(PercFactB): null

04-12-2024T07:29:28 - [TEST_STEP][PASSED] - println(tabR): null

04-12-2024T07:29:28 - [TEST_STEP][PASSED] - println(tabB): null

04-12-2024T07:29:28 - [TEST_STEP][PASSED] - println(o1R): null

04-12-2024T07:29:28 - [TEST_STEP][PASSED] - println(o1B): null

04-12-2024T07:29:28 - [TEST_STEP][PASSED] - PR = <not implemented yet for class: org.codehaus.groovy.ast.expr.EmptyExpression>: null

04-12-2024T07:29:28 - [TEST_STEP][PASSED] - FR = <not implemented yet for class: org.codehaus.groovy.ast.expr.EmptyExpression>: null

04-12-2024T07:29:28 - [TEST_STEP][PASSED] - PB = <not implemented yet for class: org.codehaus.groovy.ast.expr.EmptyExpression>: null

04-12-2024T07:29:28 - [TEST_STEP][PASSED] - FB = <not implemented yet for class: org.codehaus.groovy.ast.expr.EmptyExpression>: null

04-12-2024T07:29:28 - [TEST_STEP][PASSED] - TR = <not implemented yet for class: org.codehaus.groovy.ast.expr.EmptyExpression>: null

04-12-2024T07:29:28 - [TEST_STEP][PASSED] - TB = <not implemented yet for class: org.codehaus.groovy.ast.expr.EmptyExpression>: null

04-12-2024T07:29:28 - [TEST_STEP][PASSED] - sheetName = "Sheet1": null

04-12-2024T07:29:28 - [TEST_STEP][PASSED] - data = findTestData("PlanFact"): null

04-12-2024T07:29:28 - [TEST_STEP][PASSED] - n = data.getRowNumbers() + 1: null

04-12-2024T07:29:28 - [TEST_STEP][PASSED] - year = todaysDate.substring(todaysDate.length() - 4, todaysDate.length()): null

04-12-2024T07:29:28 - [TEST_STEP][PASSED] - y = year.toInteger(): null

04-12-2024T07:29:28 - [TEST_STEP][PASSED] - m = getText(findTestObject("Выполнение бизнес-плана/Выполнение бизнес-плана Балансы/Фильтр Дата")): Text of object 'Object Repository/Выполнение бизнес-плана/Выполнение бизнес-плана Балансы/Фильтр Дата' is: '1, 2, 3 кв., Октябрь 2024 года'

04-12-2024T07:29:28 - [MESSAGE][PASSED] - Text of object 'Object Repository/Выполнение бизнес-плана/Выполнение бизнес-плана Балансы/Фильтр Дата' is: '1, 2, 3 кв., Октябрь 2024 года'

04-12-2024T07:29:28 - [TEST_STEP][PASSED] - m = m.substring(0, m.indexOf("2024")): null

04-12-2024T07:29:28 - [TEST_STEP][PASSED] - m = m.trim(): null

04-12-2024T07:29:28 - [TEST_STEP][PASSED] - dashboardName = "Выполнение бизнес-плана": null

04-12-2024T07:29:28 - [TEST_STEP][PASSED] - workbook01 = getWorkbook(excelFilePath): null

04-12-2024T07:29:28 - [TEST_STEP][PASSED] - sheet01 = getExcelSheet(workbook01, sheetName): null

04-12-2024T07:29:28 - [TEST_STEP][PASSED] - setValueToCellByIndex(sheet01, n, 0, dashboardName): null

04-12-2024T07:29:28 - [TEST_STEP][PASSED] - setValueToCellByIndex(sheet01, n, 1, dZO): null

04-12-2024T07:29:28 - [TEST_STEP][PASSED] - setValueToCellByIndex(sheet01, n, 2, typeOfData): null

04-12-2024T07:29:28 - [TEST_STEP][PASSED] - setValueToCellByIndex(sheet01, n, 3, typeOfData): null

04-12-2024T07:29:28 - [TEST_STEP][PASSED] - if (typeOfData == "План"): null

04-12-2024T07:29:28 - [TEST_STEP][PASSED] - else if (typeOfData == "Факт"): null

04-12-2024T07:29:28 - [TEST_STEP][PASSED] - else if (vidget.contains("электроэнергии") == true): null

04-12-2024T07:29:28 - [TEST_STEP][PASSED] - if (tabR == null): null

04-12-2024T07:29:28 - [TEST_STEP][PASSED] - else: null

04-12-2024T07:29:28 - [TEST_STEP][PASSED] - if (tabR == "нет данных"): null

04-12-2024T07:29:28 - [TEST_STEP][PASSED] - setValueToCellByIndex(sheet01, n, 4, "нет данных"): null

04-12-2024T07:29:28 - [TEST_STEP][PASSED] - if (tabB == null): null

04-12-2024T07:29:28 - [TEST_STEP][PASSED] - else: null

04-12-2024T07:29:28 - [TEST_STEP][PASSED] - if (tabB == "нет данных"): null

04-12-2024T07:29:28 - [TEST_STEP][PASSED] - else: null

04-12-2024T07:29:28 - [TEST_STEP][PASSED] - TB = tabB.toInteger(): null

04-12-2024T07:29:28 - [TEST_STEP][PASSED] - setValueToCellByIndex(sheet01, n, 5, TB): null

04-12-2024T07:29:28 - [TEST_STEP][PASSED] - setValueToCellByIndex(sheet01, n, 6, m): null

04-12-2024T07:29:28 - [TEST_STEP][PASSED] - setValueToCellByIndex(sheet01, n, 7, y): null

04-12-2024T07:29:28 - [TEST_STEP][PASSED] - setValueToCellByIndex(sheet01, n, 8, todaysDate): null

04-12-2024T07:29:28 - [TEST_STEP][PASSED] - n = n + 1: null

04-12-2024T07:29:28 - [TEST_STEP][PASSED] - saveWorkbook(excelFilePath, workbook01): null

04-12-2024T07:29:29 - [TEST_STEP][PASSED] - typeOfData = "Факт Потери": null

04-12-2024T07:29:29 - [TEST_STEP][PASSED] - tabR = GetPFactR(x = a): null

04-12-2024T07:29:29 - [TEST_STEP][PASSED] - i1 = <not implemented yet for class: org.codehaus.groovy.ast.expr.EmptyExpression>: null

04-12-2024T07:29:29 - [TEST_STEP][PASSED] - ii = <not implemented yet for class: org.codehaus.groovy.ast.expr.EmptyExpression>: null

04-12-2024T07:29:29 - [TEST_STEP][PASSED] - for ([ii = 1, ii < 6, (ii++)]): null

04-12-2024T07:29:29 - [TEST_STEP][PASSED] - i1 = x.indexOf("/") + 1: null

04-12-2024T07:29:29 - [TEST_STEP][PASSED] - if (i1 > -1): null

04-12-2024T07:29:29 - [TEST_STEP][PASSED] - x = x.substring(i1, x.length()): null

04-12-2024T07:29:29 - [TEST_STEP][PASSED] - println(x): null

04-12-2024T07:29:29 - [TEST_STEP][PASSED] - i1 = x.indexOf("/") + 1: null

04-12-2024T07:29:29 - [TEST_STEP][PASSED] - if (i1 > -1): null

04-12-2024T07:29:29 - [TEST_STEP][PASSED] - x = x.substring(i1, x.length()): null

04-12-2024T07:29:29 - [TEST_STEP][PASSED] - println(x): null

04-12-2024T07:29:29 - [TEST_STEP][PASSED] - i1 = x.indexOf("/") + 1: null

04-12-2024T07:29:29 - [TEST_STEP][PASSED] - if (i1 > -1): null

04-12-2024T07:29:29 - [TEST_STEP][PASSED] - x = x.substring(i1, x.length()): null

04-12-2024T07:29:29 - [TEST_STEP][PASSED] - println(x): null

04-12-2024T07:29:29 - [TEST_STEP][PASSED] - i1 = x.indexOf("/") + 1: null

04-12-2024T07:29:29 - [TEST_STEP][PASSED] - if (i1 > -1): null

04-12-2024T07:29:29 - [TEST_STEP][PASSED] - x = x.substring(i1, x.length()): null

04-12-2024T07:29:29 - [TEST_STEP][PASSED] - println(x): null

04-12-2024T07:29:29 - [TEST_STEP][PASSED] - i1 = x.indexOf("/") + 1: null

04-12-2024T07:29:29 - [TEST_STEP][PASSED] - if (i1 > -1): null

04-12-2024T07:29:29 - [TEST_STEP][PASSED] - x = x.substring(i1, x.length()): null

04-12-2024T07:29:29 - [TEST_STEP][PASSED] - println(x): null

04-12-2024T07:29:29 - [TEST_STEP][PASSED] - i1 = x.indexOf("/"): null

04-12-2024T07:29:29 - [TEST_STEP][PASSED] - if (i1 > -1): null

04-12-2024T07:29:29 - [TEST_STEP][PASSED] - x = x.substring(0, i1): null

04-12-2024T07:29:29 - [TEST_STEP][PASSED] - println(x): null

04-12-2024T07:29:29 - [TEST_STEP][PASSED] - return x: null

04-12-2024T07:29:29 - [TEST_STEP][PASSED] - tabB = GetPFactB(x = b): null

04-12-2024T07:29:29 - [TEST_STEP][PASSED] - i1 = <not implemented yet for class: org.codehaus.groovy.ast.expr.EmptyExpression>: null

04-12-2024T07:29:29 - [TEST_STEP][PASSED] - ii = <not implemented yet for class: org.codehaus.groovy.ast.expr.EmptyExpression>: null

04-12-2024T07:29:29 - [TEST_STEP][PASSED] - for ([ii = 1, ii < 6, (ii++)]): null

04-12-2024T07:29:29 - [TEST_STEP][PASSED] - i1 = x.indexOf("/") + 1: null

04-12-2024T07:29:29 - [TEST_STEP][PASSED] - if (i1 > -1): null

04-12-2024T07:29:29 - [TEST_STEP][PASSED] - x = x.substring(i1, x.length()): null

04-12-2024T07:29:29 - [TEST_STEP][PASSED] - println(x): null

04-12-2024T07:29:29 - [TEST_STEP][PASSED] - i1 = x.indexOf("/") + 1: null

04-12-2024T07:29:29 - [TEST_STEP][PASSED] - if (i1 > -1): null

04-12-2024T07:29:29 - [TEST_STEP][PASSED] - x = x.substring(i1, x.length()): null

04-12-2024T07:29:29 - [TEST_STEP][PASSED] - println(x): null

04-12-2024T07:29:29 - [TEST_STEP][PASSED] - i1 = x.indexOf("/") + 1: null

04-12-2024T07:29:29 - [TEST_STEP][PASSED] - if (i1 > -1): null

04-12-2024T07:29:29 - [TEST_STEP][PASSED] - x = x.substring(i1, x.length()): null

04-12-2024T07:29:29 - [TEST_STEP][PASSED] - println(x): null

04-12-2024T07:29:29 - [TEST_STEP][PASSED] - i1 = x.indexOf("/") + 1: null

04-12-2024T07:29:29 - [TEST_STEP][PASSED] - if (i1 > -1): null

04-12-2024T07:29:29 - [TEST_STEP][PASSED] - x = x.substring(i1, x.length()): null

04-12-2024T07:29:29 - [TEST_STEP][PASSED] - println(x): null

04-12-2024T07:29:29 - [TEST_STEP][PASSED] - i1 = x.indexOf("/") + 1: null

04-12-2024T07:29:29 - [TEST_STEP][PASSED] - if (i1 > -1): null

04-12-2024T07:29:29 - [TEST_STEP][PASSED] - x = x.substring(i1, x.length()): null

04-12-2024T07:29:29 - [TEST_STEP][PASSED] - println(x): null

04-12-2024T07:29:29 - [TEST_STEP][PASSED] - i1 = x.indexOf("/"): null

04-12-2024T07:29:29 - [TEST_STEP][PASSED] - if (i1 > -1): null

04-12-2024T07:29:29 - [TEST_STEP][PASSED] - x = x.substring(0, i1): null

04-12-2024T07:29:29 - [TEST_STEP][PASSED] - println(x): null

04-12-2024T07:29:29 - [TEST_STEP][FAILED] - return x: null

04-12-2024T07:29:29 - [TEST_STEP][PASSED] - println(tabR + "/" + tabB): null

04-12-2024T07:29:29 - [TEST_STEP][FAILED] - if (verifyEqual(tabR, tabB) == false): null

04-12-2024T07:29:29 - [MESSAGE][FAILED] - Unable to verify equal between actual object 'нет данных' and expected object '1425455' (Root cause: com.kms.katalon.core.exception.StepFailedException: Actual object 'нет данных' and expected object '1425455' are not equal
	at com.kms.katalon.core.keyword.builtin.VerifyEqualKeyword$_verifyEqual_closure1.doCall(VerifyEqualKeyword.groovy:58)
	at com.kms.katalon.core.keyword.builtin.VerifyEqualKeyword$_verifyEqual_closure1.call(VerifyEqualKeyword.groovy)
	at com.kms.katalon.core.keyword.internal.KeywordMain.runKeyword(KeywordMain.groovy:75)
	at com.kms.katalon.core.keyword.builtin.VerifyEqualKeyword.verifyEqual(VerifyEqualKeyword.groovy:63)
	at com.kms.katalon.core.keyword.builtin.VerifyEqualKeyword.execute(VerifyEqualKeyword.groovy:44)
	at com.kms.katalon.core.keyword.internal.KeywordExecutor.executeKeywordForPlatform(KeywordExecutor.groovy:74)
	at com.kms.katalon.core.keyword.BuiltinKeywords.verifyEqual(BuiltinKeywords.groovy:146)
	at jdk.internal.reflect.GeneratedMethodAccessor25.invoke(Unknown Source)
	at java.base/jdk.internal.reflect.DelegatingMethodAccessorImpl.invoke(DelegatingMethodAccessorImpl.java:43)
	at Выполнение бизнес-плана сверка дашбордов.CompareDZOData(Выполнение бизнес-плана сверка дашбордов:730)
	at Выполнение бизнес-плана сверка дашбордов.run(Выполнение бизнес-плана сверка дашбордов:623)
	at com.kms.katalon.core.main.ScriptEngine.run(ScriptEngine.java:194)
	at com.kms.katalon.core.main.ScriptEngine.runScriptAsRawText(ScriptEngine.java:119)
	at com.kms.katalon.core.main.TestCaseExecutor.runScript(TestCaseExecutor.java:448)
	at com.kms.katalon.core.main.TestCaseExecutor.doExecute(TestCaseExecutor.java:439)
	at com.kms.katalon.core.main.TestCaseExecutor.processExecutionPhase(TestCaseExecutor.java:418)
	at com.kms.katalon.core.main.TestCaseExecutor.accessMainPhase(TestCaseExecutor.java:410)
	at com.kms.katalon.core.main.TestCaseExecutor.execute(TestCaseExecutor.java:285)
	at com.kms.katalon.core.common.CommonExecutor.accessTestCaseMainPhase(CommonExecutor.java:65)
	at com.kms.katalon.core.main.TestSuiteExecutor.accessTestSuiteMainPhase(TestSuiteExecutor.java:150)
	at com.kms.katalon.core.main.TestSuiteExecutor.execute(TestSuiteExecutor.java:106)
	at com.kms.katalon.core.main.TestCaseMain.startTestSuite(TestCaseMain.java:180)
	at TempTestSuite1733285972582.run(TempTestSuite1733285972582.groovy:35)
	at java.base/jdk.internal.reflect.NativeMethodAccessorImpl.invoke0(Native Method)
	at java.base/jdk.internal.reflect.NativeMethodAccessorImpl.invoke(NativeMethodAccessorImpl.java:77)
	at java.base/jdk.internal.reflect.DelegatingMethodAccessorImpl.invoke(DelegatingMethodAccessorImpl.java:43)
)

04-12-2024T07:29:29 - [TEST_STEP][PASSED] - result = WriteToExcel(typeOfData, todaysDate, PercPlanR, PercPlanB, PercFactR, PercFactB, x, tabR, tabB, o1R, o1B, vidget): null

04-12-2024T07:29:29 - [TEST_STEP][PASSED] - iii = dZO.indexOf("/"): null

04-12-2024T07:29:29 - [TEST_STEP][PASSED] - println(iii): null

04-12-2024T07:29:29 - [TEST_STEP][PASSED] - dZO = dZO.substring(0, iii): null

04-12-2024T07:29:29 - [TEST_STEP][PASSED] - println(dZO): null

04-12-2024T07:29:29 - [TEST_STEP][PASSED] - println(PercPlanR): null

04-12-2024T07:29:29 - [TEST_STEP][PASSED] - println(PercPlanB): null

04-12-2024T07:29:29 - [TEST_STEP][PASSED] - println(PercFactR): null

04-12-2024T07:29:29 - [TEST_STEP][PASSED] - println(PercFactB): null

04-12-2024T07:29:29 - [TEST_STEP][PASSED] - println(tabR): null

04-12-2024T07:29:29 - [TEST_STEP][PASSED] - println(tabB): null

04-12-2024T07:29:29 - [TEST_STEP][PASSED] - println(o1R): null

04-12-2024T07:29:29 - [TEST_STEP][PASSED] - println(o1B): null

04-12-2024T07:29:29 - [TEST_STEP][PASSED] - PR = <not implemented yet for class: org.codehaus.groovy.ast.expr.EmptyExpression>: null

04-12-2024T07:29:29 - [TEST_STEP][PASSED] - FR = <not implemented yet for class: org.codehaus.groovy.ast.expr.EmptyExpression>: null

04-12-2024T07:29:29 - [TEST_STEP][PASSED] - PB = <not implemented yet for class: org.codehaus.groovy.ast.expr.EmptyExpression>: null

04-12-2024T07:29:29 - [TEST_STEP][PASSED] - FB = <not implemented yet for class: org.codehaus.groovy.ast.expr.EmptyExpression>: null

04-12-2024T07:29:29 - [TEST_STEP][PASSED] - TR = <not implemented yet for class: org.codehaus.groovy.ast.expr.EmptyExpression>: null

04-12-2024T07:29:29 - [TEST_STEP][PASSED] - TB = <not implemented yet for class: org.codehaus.groovy.ast.expr.EmptyExpression>: null

04-12-2024T07:29:29 - [TEST_STEP][PASSED] - sheetName = "Sheet1": null

04-12-2024T07:29:29 - [TEST_STEP][PASSED] - data = findTestData("PlanFact"): null

04-12-2024T07:29:29 - [TEST_STEP][PASSED] - n = data.getRowNumbers() + 1: null

04-12-2024T07:29:29 - [TEST_STEP][PASSED] - year = todaysDate.substring(todaysDate.length() - 4, todaysDate.length()): null

04-12-2024T07:29:29 - [TEST_STEP][PASSED] - y = year.toInteger(): null

04-12-2024T07:29:29 - [TEST_STEP][PASSED] - m = getText(findTestObject("Выполнение бизнес-плана/Выполнение бизнес-плана Балансы/Фильтр Дата")): Text of object 'Object Repository/Выполнение бизнес-плана/Выполнение бизнес-плана Балансы/Фильтр Дата' is: '1, 2, 3 кв., Октябрь 2024 года'

04-12-2024T07:29:29 - [MESSAGE][PASSED] - Text of object 'Object Repository/Выполнение бизнес-плана/Выполнение бизнес-плана Балансы/Фильтр Дата' is: '1, 2, 3 кв., Октябрь 2024 года'

04-12-2024T07:29:29 - [TEST_STEP][PASSED] - m = m.substring(0, m.indexOf("2024")): null

04-12-2024T07:29:29 - [TEST_STEP][PASSED] - m = m.trim(): null

04-12-2024T07:29:29 - [TEST_STEP][PASSED] - dashboardName = "Выполнение бизнес-плана": null

04-12-2024T07:29:29 - [TEST_STEP][PASSED] - workbook01 = getWorkbook(excelFilePath): null

04-12-2024T07:29:29 - [TEST_STEP][PASSED] - sheet01 = getExcelSheet(workbook01, sheetName): null

04-12-2024T07:29:29 - [TEST_STEP][PASSED] - setValueToCellByIndex(sheet01, n, 0, dashboardName): null

04-12-2024T07:29:29 - [TEST_STEP][PASSED] - setValueToCellByIndex(sheet01, n, 1, dZO): null

04-12-2024T07:29:29 - [TEST_STEP][PASSED] - setValueToCellByIndex(sheet01, n, 2, typeOfData): null

04-12-2024T07:29:29 - [TEST_STEP][PASSED] - setValueToCellByIndex(sheet01, n, 3, typeOfData): null

04-12-2024T07:29:29 - [TEST_STEP][PASSED] - if (typeOfData == "План"): null

04-12-2024T07:29:29 - [TEST_STEP][PASSED] - else if (typeOfData == "Факт"): null

04-12-2024T07:29:29 - [TEST_STEP][PASSED] - else if (vidget.contains("электроэнергии") == true): null

04-12-2024T07:29:29 - [TEST_STEP][PASSED] - if (tabR == null): null

04-12-2024T07:29:29 - [TEST_STEP][PASSED] - else: null

04-12-2024T07:29:29 - [TEST_STEP][PASSED] - if (tabR == "нет данных"): null

04-12-2024T07:29:29 - [TEST_STEP][PASSED] - setValueToCellByIndex(sheet01, n, 4, "нет данных"): null

04-12-2024T07:29:29 - [TEST_STEP][PASSED] - if (tabB == null): null

04-12-2024T07:29:29 - [TEST_STEP][PASSED] - else: null

04-12-2024T07:29:29 - [TEST_STEP][PASSED] - if (tabB == "нет данных"): null

04-12-2024T07:29:29 - [TEST_STEP][PASSED] - else: null

04-12-2024T07:29:29 - [TEST_STEP][PASSED] - TB = tabB.toInteger(): null

04-12-2024T07:29:29 - [TEST_STEP][PASSED] - setValueToCellByIndex(sheet01, n, 5, TB): null

04-12-2024T07:29:29 - [TEST_STEP][PASSED] - setValueToCellByIndex(sheet01, n, 6, m): null

04-12-2024T07:29:29 - [TEST_STEP][PASSED] - setValueToCellByIndex(sheet01, n, 7, y): null

04-12-2024T07:29:29 - [TEST_STEP][PASSED] - setValueToCellByIndex(sheet01, n, 8, todaysDate): null

04-12-2024T07:29:29 - [TEST_STEP][PASSED] - n = n + 1: null

04-12-2024T07:29:29 - [TEST_STEP][PASSED] - saveWorkbook(excelFilePath, workbook01): null

04-12-2024T07:29:29 - [TEST_STEP][PASSED] - vidget = "Показатели баланса электроэнергии по ДЗО – План": null

04-12-2024T07:29:29 - [TEST_STEP][PASSED] - typeOfData = "План Отпуск в сеть": null

04-12-2024T07:29:29 - [TEST_STEP][PASSED] - tabR = GetOvSPlanR(x = a): null

04-12-2024T07:29:29 - [TEST_STEP][PASSED] - i1 = <not implemented yet for class: org.codehaus.groovy.ast.expr.EmptyExpression>: null

04-12-2024T07:29:29 - [TEST_STEP][PASSED] - ii = <not implemented yet for class: org.codehaus.groovy.ast.expr.EmptyExpression>: null

04-12-2024T07:29:29 - [TEST_STEP][PASSED] - for ([ii = 1, ii < 7, (ii++)]): null

04-12-2024T07:29:29 - [TEST_STEP][PASSED] - i1 = x.indexOf("/") + 1: null

04-12-2024T07:29:29 - [TEST_STEP][PASSED] - if (i1 > -1): null

04-12-2024T07:29:29 - [TEST_STEP][PASSED] - x = x.substring(i1, x.length()): null

04-12-2024T07:29:29 - [TEST_STEP][PASSED] - println(x): null

04-12-2024T07:29:29 - [TEST_STEP][PASSED] - i1 = x.indexOf("/") + 1: null

04-12-2024T07:29:29 - [TEST_STEP][PASSED] - if (i1 > -1): null

04-12-2024T07:29:29 - [TEST_STEP][PASSED] - x = x.substring(i1, x.length()): null

04-12-2024T07:29:29 - [TEST_STEP][PASSED] - println(x): null

04-12-2024T07:29:29 - [TEST_STEP][PASSED] - i1 = x.indexOf("/") + 1: null

04-12-2024T07:29:29 - [TEST_STEP][PASSED] - if (i1 > -1): null

04-12-2024T07:29:29 - [TEST_STEP][PASSED] - x = x.substring(i1, x.length()): null

04-12-2024T07:29:29 - [TEST_STEP][PASSED] - println(x): null

04-12-2024T07:29:29 - [TEST_STEP][PASSED] - i1 = x.indexOf("/") + 1: null

04-12-2024T07:29:29 - [TEST_STEP][PASSED] - if (i1 > -1): null

04-12-2024T07:29:29 - [TEST_STEP][PASSED] - x = x.substring(i1, x.length()): null

04-12-2024T07:29:29 - [TEST_STEP][PASSED] - println(x): null

04-12-2024T07:29:29 - [TEST_STEP][PASSED] - i1 = x.indexOf("/") + 1: null

04-12-2024T07:29:29 - [TEST_STEP][PASSED] - if (i1 > -1): null

04-12-2024T07:29:29 - [TEST_STEP][PASSED] - x = x.substring(i1, x.length()): null

04-12-2024T07:29:29 - [TEST_STEP][PASSED] - println(x): null

04-12-2024T07:29:29 - [TEST_STEP][PASSED] - i1 = x.indexOf("/") + 1: null

04-12-2024T07:29:29 - [TEST_STEP][PASSED] - if (i1 > -1): null

04-12-2024T07:29:29 - [TEST_STEP][PASSED] - x = x.substring(i1, x.length()): null

04-12-2024T07:29:29 - [TEST_STEP][PASSED] - println(x): null

04-12-2024T07:29:29 - [TEST_STEP][PASSED] - i1 = x.indexOf("/"): null

04-12-2024T07:29:29 - [TEST_STEP][PASSED] - if (i1 > -1): null

04-12-2024T07:29:29 - [TEST_STEP][PASSED] - x = x.substring(0, i1): null

04-12-2024T07:29:29 - [TEST_STEP][PASSED] - println(x): null

04-12-2024T07:29:29 - [TEST_STEP][PASSED] - return x: null

04-12-2024T07:29:29 - [TEST_STEP][PASSED] - tabB = GetOvSPlanB(x = b): null

04-12-2024T07:29:29 - [TEST_STEP][PASSED] - i1 = <not implemented yet for class: org.codehaus.groovy.ast.expr.EmptyExpression>: null

04-12-2024T07:29:29 - [TEST_STEP][PASSED] - ii = <not implemented yet for class: org.codehaus.groovy.ast.expr.EmptyExpression>: null

04-12-2024T07:29:29 - [TEST_STEP][PASSED] - for ([ii = 1, ii < 7, (ii++)]): null

04-12-2024T07:29:29 - [TEST_STEP][PASSED] - i1 = x.indexOf("/") + 1: null

04-12-2024T07:29:29 - [TEST_STEP][PASSED] - if (i1 > -1): null

04-12-2024T07:29:29 - [TEST_STEP][PASSED] - x = x.substring(i1, x.length()): null

04-12-2024T07:29:29 - [TEST_STEP][PASSED] - println(x): null

04-12-2024T07:29:29 - [TEST_STEP][PASSED] - i1 = x.indexOf("/") + 1: null

04-12-2024T07:29:29 - [TEST_STEP][PASSED] - if (i1 > -1): null

04-12-2024T07:29:29 - [TEST_STEP][PASSED] - x = x.substring(i1, x.length()): null

04-12-2024T07:29:29 - [TEST_STEP][PASSED] - println(x): null

04-12-2024T07:29:29 - [TEST_STEP][PASSED] - i1 = x.indexOf("/") + 1: null

04-12-2024T07:29:29 - [TEST_STEP][PASSED] - if (i1 > -1): null

04-12-2024T07:29:29 - [TEST_STEP][PASSED] - x = x.substring(i1, x.length()): null

04-12-2024T07:29:29 - [TEST_STEP][PASSED] - println(x): null

04-12-2024T07:29:29 - [TEST_STEP][PASSED] - i1 = x.indexOf("/") + 1: null

04-12-2024T07:29:29 - [TEST_STEP][PASSED] - if (i1 > -1): null

04-12-2024T07:29:29 - [TEST_STEP][PASSED] - x = x.substring(i1, x.length()): null

04-12-2024T07:29:29 - [TEST_STEP][PASSED] - println(x): null

04-12-2024T07:29:29 - [TEST_STEP][PASSED] - i1 = x.indexOf("/") + 1: null

04-12-2024T07:29:29 - [TEST_STEP][PASSED] - if (i1 > -1): null

04-12-2024T07:29:29 - [TEST_STEP][PASSED] - x = x.substring(i1, x.length()): null

04-12-2024T07:29:29 - [TEST_STEP][PASSED] - println(x): null

04-12-2024T07:29:29 - [TEST_STEP][PASSED] - i1 = x.indexOf("/") + 1: null

04-12-2024T07:29:29 - [TEST_STEP][PASSED] - if (i1 > -1): null

04-12-2024T07:29:29 - [TEST_STEP][PASSED] - x = x.substring(i1, x.length()): null

04-12-2024T07:29:29 - [TEST_STEP][PASSED] - println(x): null

04-12-2024T07:29:29 - [TEST_STEP][PASSED] - i1 = x.indexOf("/"): null

04-12-2024T07:29:29 - [TEST_STEP][PASSED] - if (i1 > -1): null

04-12-2024T07:29:29 - [TEST_STEP][PASSED] - x = x.substring(0, i1): null

04-12-2024T07:29:29 - [TEST_STEP][PASSED] - println(x): null

04-12-2024T07:29:29 - [TEST_STEP][FAILED] - return x: null

04-12-2024T07:29:29 - [TEST_STEP][PASSED] - println(tabR + "/" + tabB): null

04-12-2024T07:29:29 - [TEST_STEP][FAILED] - if (verifyEqual(PercFactR, PercFactB) == false): null

04-12-2024T07:29:29 - [MESSAGE][FAILED] - Unable to verify equal between actual object 'нет данных' and expected object '5.26' (Root cause: com.kms.katalon.core.exception.StepFailedException: Actual object 'нет данных' and expected object '5.26' are not equal
	at com.kms.katalon.core.keyword.builtin.VerifyEqualKeyword$_verifyEqual_closure1.doCall(VerifyEqualKeyword.groovy:58)
	at com.kms.katalon.core.keyword.builtin.VerifyEqualKeyword$_verifyEqual_closure1.call(VerifyEqualKeyword.groovy)
	at com.kms.katalon.core.keyword.internal.KeywordMain.runKeyword(KeywordMain.groovy:75)
	at com.kms.katalon.core.keyword.builtin.VerifyEqualKeyword.verifyEqual(VerifyEqualKeyword.groovy:63)
	at com.kms.katalon.core.keyword.builtin.VerifyEqualKeyword.execute(VerifyEqualKeyword.groovy:44)
	at com.kms.katalon.core.keyword.internal.KeywordExecutor.executeKeywordForPlatform(KeywordExecutor.groovy:74)
	at com.kms.katalon.core.keyword.BuiltinKeywords.verifyEqual(BuiltinKeywords.groovy:146)
	at jdk.internal.reflect.GeneratedMethodAccessor25.invoke(Unknown Source)
	at java.base/jdk.internal.reflect.DelegatingMethodAccessorImpl.invoke(DelegatingMethodAccessorImpl.java:43)
	at Выполнение бизнес-плана сверка дашбордов.CompareDZOData(Выполнение бизнес-плана сверка дашбордов:745)
	at Выполнение бизнес-плана сверка дашбордов.run(Выполнение бизнес-плана сверка дашбордов:623)
	at com.kms.katalon.core.main.ScriptEngine.run(ScriptEngine.java:194)
	at com.kms.katalon.core.main.ScriptEngine.runScriptAsRawText(ScriptEngine.java:119)
	at com.kms.katalon.core.main.TestCaseExecutor.runScript(TestCaseExecutor.java:448)
	at com.kms.katalon.core.main.TestCaseExecutor.doExecute(TestCaseExecutor.java:439)
	at com.kms.katalon.core.main.TestCaseExecutor.processExecutionPhase(TestCaseExecutor.java:418)
	at com.kms.katalon.core.main.TestCaseExecutor.accessMainPhase(TestCaseExecutor.java:410)
	at com.kms.katalon.core.main.TestCaseExecutor.execute(TestCaseExecutor.java:285)
	at com.kms.katalon.core.common.CommonExecutor.accessTestCaseMainPhase(CommonExecutor.java:65)
	at com.kms.katalon.core.main.TestSuiteExecutor.accessTestSuiteMainPhase(TestSuiteExecutor.java:150)
	at com.kms.katalon.core.main.TestSuiteExecutor.execute(TestSuiteExecutor.java:106)
	at com.kms.katalon.core.main.TestCaseMain.startTestSuite(TestCaseMain.java:180)
	at TempTestSuite1733285972582.run(TempTestSuite1733285972582.groovy:35)
	at java.base/jdk.internal.reflect.NativeMethodAccessorImpl.invoke0(Native Method)
	at java.base/jdk.internal.reflect.NativeMethodAccessorImpl.invoke(NativeMethodAccessorImpl.java:77)
	at java.base/jdk.internal.reflect.DelegatingMethodAccessorImpl.invoke(DelegatingMethodAccessorImpl.java:43)
)

04-12-2024T07:29:29 - [TEST_STEP][PASSED] - result = WriteToExcel(typeOfData, todaysDate, PercPlanR, PercPlanB, PercFactR, PercFactB, x, tabR, tabB, o1R, o1B, vidget): null

04-12-2024T07:29:29 - [TEST_STEP][PASSED] - iii = dZO.indexOf("/"): null

04-12-2024T07:29:29 - [TEST_STEP][PASSED] - println(iii): null

04-12-2024T07:29:29 - [TEST_STEP][PASSED] - dZO = dZO.substring(0, iii): null

04-12-2024T07:29:29 - [TEST_STEP][PASSED] - println(dZO): null

04-12-2024T07:29:29 - [TEST_STEP][PASSED] - println(PercPlanR): null

04-12-2024T07:29:29 - [TEST_STEP][PASSED] - println(PercPlanB): null

04-12-2024T07:29:29 - [TEST_STEP][PASSED] - println(PercFactR): null

04-12-2024T07:29:29 - [TEST_STEP][PASSED] - println(PercFactB): null

04-12-2024T07:29:29 - [TEST_STEP][PASSED] - println(tabR): null

04-12-2024T07:29:29 - [TEST_STEP][PASSED] - println(tabB): null

04-12-2024T07:29:29 - [TEST_STEP][PASSED] - println(o1R): null

04-12-2024T07:29:29 - [TEST_STEP][PASSED] - println(o1B): null

04-12-2024T07:29:29 - [TEST_STEP][PASSED] - PR = <not implemented yet for class: org.codehaus.groovy.ast.expr.EmptyExpression>: null

04-12-2024T07:29:29 - [TEST_STEP][PASSED] - FR = <not implemented yet for class: org.codehaus.groovy.ast.expr.EmptyExpression>: null

04-12-2024T07:29:29 - [TEST_STEP][PASSED] - PB = <not implemented yet for class: org.codehaus.groovy.ast.expr.EmptyExpression>: null

04-12-2024T07:29:29 - [TEST_STEP][PASSED] - FB = <not implemented yet for class: org.codehaus.groovy.ast.expr.EmptyExpression>: null

04-12-2024T07:29:29 - [TEST_STEP][PASSED] - TR = <not implemented yet for class: org.codehaus.groovy.ast.expr.EmptyExpression>: null

04-12-2024T07:29:29 - [TEST_STEP][PASSED] - TB = <not implemented yet for class: org.codehaus.groovy.ast.expr.EmptyExpression>: null

04-12-2024T07:29:29 - [TEST_STEP][PASSED] - sheetName = "Sheet1": null

04-12-2024T07:29:29 - [TEST_STEP][PASSED] - data = findTestData("PlanFact"): null

04-12-2024T07:29:29 - [TEST_STEP][PASSED] - n = data.getRowNumbers() + 1: null

04-12-2024T07:29:29 - [TEST_STEP][PASSED] - year = todaysDate.substring(todaysDate.length() - 4, todaysDate.length()): null

04-12-2024T07:29:29 - [TEST_STEP][PASSED] - y = year.toInteger(): null

04-12-2024T07:29:29 - [TEST_STEP][PASSED] - m = getText(findTestObject("Выполнение бизнес-плана/Выполнение бизнес-плана Балансы/Фильтр Дата")): Text of object 'Object Repository/Выполнение бизнес-плана/Выполнение бизнес-плана Балансы/Фильтр Дата' is: '1, 2, 3 кв., Октябрь 2024 года'

04-12-2024T07:29:30 - [MESSAGE][PASSED] - Text of object 'Object Repository/Выполнение бизнес-плана/Выполнение бизнес-плана Балансы/Фильтр Дата' is: '1, 2, 3 кв., Октябрь 2024 года'

04-12-2024T07:29:30 - [TEST_STEP][PASSED] - m = m.substring(0, m.indexOf("2024")): null

04-12-2024T07:29:30 - [TEST_STEP][PASSED] - m = m.trim(): null

04-12-2024T07:29:30 - [TEST_STEP][PASSED] - dashboardName = "Выполнение бизнес-плана": null

04-12-2024T07:29:30 - [TEST_STEP][PASSED] - workbook01 = getWorkbook(excelFilePath): null

04-12-2024T07:29:30 - [TEST_STEP][PASSED] - sheet01 = getExcelSheet(workbook01, sheetName): null

04-12-2024T07:29:30 - [TEST_STEP][PASSED] - setValueToCellByIndex(sheet01, n, 0, dashboardName): null

04-12-2024T07:29:30 - [TEST_STEP][PASSED] - setValueToCellByIndex(sheet01, n, 1, dZO): null

04-12-2024T07:29:30 - [TEST_STEP][PASSED] - setValueToCellByIndex(sheet01, n, 2, typeOfData): null

04-12-2024T07:29:30 - [TEST_STEP][PASSED] - setValueToCellByIndex(sheet01, n, 3, typeOfData): null

04-12-2024T07:29:30 - [TEST_STEP][PASSED] - if (typeOfData == "План"): null

04-12-2024T07:29:30 - [TEST_STEP][PASSED] - else if (typeOfData == "Факт"): null

04-12-2024T07:29:30 - [TEST_STEP][PASSED] - else if (vidget.contains("электроэнергии") == true): null

04-12-2024T07:29:30 - [TEST_STEP][PASSED] - if (tabR == null): null

04-12-2024T07:29:30 - [TEST_STEP][PASSED] - else: null

04-12-2024T07:29:30 - [TEST_STEP][PASSED] - if (tabR == "нет данных"): null

04-12-2024T07:29:30 - [TEST_STEP][PASSED] - setValueToCellByIndex(sheet01, n, 4, "нет данных"): null

04-12-2024T07:29:30 - [TEST_STEP][PASSED] - if (tabB == null): null

04-12-2024T07:29:30 - [TEST_STEP][PASSED] - else: null

04-12-2024T07:29:30 - [TEST_STEP][PASSED] - if (tabB == "нет данных"): null

04-12-2024T07:29:30 - [TEST_STEP][PASSED] - else: null

04-12-2024T07:29:30 - [TEST_STEP][PASSED] - TB = tabB.toInteger(): null

04-12-2024T07:29:30 - [TEST_STEP][PASSED] - setValueToCellByIndex(sheet01, n, 5, TB): null

04-12-2024T07:29:30 - [TEST_STEP][PASSED] - setValueToCellByIndex(sheet01, n, 6, m): null

04-12-2024T07:29:30 - [TEST_STEP][PASSED] - setValueToCellByIndex(sheet01, n, 7, y): null

04-12-2024T07:29:30 - [TEST_STEP][PASSED] - setValueToCellByIndex(sheet01, n, 8, todaysDate): null

04-12-2024T07:29:30 - [TEST_STEP][PASSED] - n = n + 1: null

04-12-2024T07:29:30 - [TEST_STEP][PASSED] - saveWorkbook(excelFilePath, workbook01): null

04-12-2024T07:29:30 - [TEST_STEP][PASSED] - typeOfData = "План Отпуск из сети": null

04-12-2024T07:29:30 - [TEST_STEP][PASSED] - tabR = GetOiSPlanR(x = a): null

04-12-2024T07:29:30 - [TEST_STEP][PASSED] - i1 = <not implemented yet for class: org.codehaus.groovy.ast.expr.EmptyExpression>: null

04-12-2024T07:29:30 - [TEST_STEP][PASSED] - ii = <not implemented yet for class: org.codehaus.groovy.ast.expr.EmptyExpression>: null

04-12-2024T07:29:30 - [TEST_STEP][PASSED] - for ([ii = 1, ii < 8, (ii++)]): null

04-12-2024T07:29:30 - [TEST_STEP][PASSED] - i1 = x.indexOf("/") + 1: null

04-12-2024T07:29:30 - [TEST_STEP][PASSED] - if (i1 > -1): null

04-12-2024T07:29:30 - [TEST_STEP][PASSED] - x = x.substring(i1, x.length()): null

04-12-2024T07:29:30 - [TEST_STEP][PASSED] - println(x): null

04-12-2024T07:29:30 - [TEST_STEP][PASSED] - i1 = x.indexOf("/") + 1: null

04-12-2024T07:29:30 - [TEST_STEP][PASSED] - if (i1 > -1): null

04-12-2024T07:29:30 - [TEST_STEP][PASSED] - x = x.substring(i1, x.length()): null

04-12-2024T07:29:30 - [TEST_STEP][PASSED] - println(x): null

04-12-2024T07:29:30 - [TEST_STEP][PASSED] - i1 = x.indexOf("/") + 1: null

04-12-2024T07:29:30 - [TEST_STEP][PASSED] - if (i1 > -1): null

04-12-2024T07:29:30 - [TEST_STEP][PASSED] - x = x.substring(i1, x.length()): null

04-12-2024T07:29:30 - [TEST_STEP][PASSED] - println(x): null

04-12-2024T07:29:30 - [TEST_STEP][PASSED] - i1 = x.indexOf("/") + 1: null

04-12-2024T07:29:30 - [TEST_STEP][PASSED] - if (i1 > -1): null

04-12-2024T07:29:30 - [TEST_STEP][PASSED] - x = x.substring(i1, x.length()): null

04-12-2024T07:29:30 - [TEST_STEP][PASSED] - println(x): null

04-12-2024T07:29:30 - [TEST_STEP][PASSED] - i1 = x.indexOf("/") + 1: null

04-12-2024T07:29:30 - [TEST_STEP][PASSED] - if (i1 > -1): null

04-12-2024T07:29:30 - [TEST_STEP][PASSED] - x = x.substring(i1, x.length()): null

04-12-2024T07:29:30 - [TEST_STEP][PASSED] - println(x): null

04-12-2024T07:29:30 - [TEST_STEP][PASSED] - i1 = x.indexOf("/") + 1: null

04-12-2024T07:29:30 - [TEST_STEP][PASSED] - if (i1 > -1): null

04-12-2024T07:29:30 - [TEST_STEP][PASSED] - x = x.substring(i1, x.length()): null

04-12-2024T07:29:30 - [TEST_STEP][PASSED] - println(x): null

04-12-2024T07:29:30 - [TEST_STEP][PASSED] - i1 = x.indexOf("/") + 1: null

04-12-2024T07:29:30 - [TEST_STEP][PASSED] - if (i1 > -1): null

04-12-2024T07:29:30 - [TEST_STEP][PASSED] - x = x.substring(i1, x.length()): null

04-12-2024T07:29:30 - [TEST_STEP][PASSED] - println(x): null

04-12-2024T07:29:30 - [TEST_STEP][PASSED] - i1 = x.indexOf("/"): null

04-12-2024T07:29:30 - [TEST_STEP][PASSED] - if (i1 > -1): null

04-12-2024T07:29:30 - [TEST_STEP][PASSED] - x = x.substring(0, i1): null

04-12-2024T07:29:30 - [TEST_STEP][PASSED] - println(x): null

04-12-2024T07:29:30 - [TEST_STEP][PASSED] - return x: null

04-12-2024T07:29:30 - [TEST_STEP][PASSED] - tabB = GetOiSPlanB(x = b): null

04-12-2024T07:29:30 - [TEST_STEP][PASSED] - i1 = <not implemented yet for class: org.codehaus.groovy.ast.expr.EmptyExpression>: null

04-12-2024T07:29:30 - [TEST_STEP][PASSED] - ii = <not implemented yet for class: org.codehaus.groovy.ast.expr.EmptyExpression>: null

04-12-2024T07:29:30 - [TEST_STEP][PASSED] - for ([ii = 1, ii < 8, (ii++)]): null

04-12-2024T07:29:30 - [TEST_STEP][PASSED] - i1 = x.indexOf("/") + 1: null

04-12-2024T07:29:30 - [TEST_STEP][PASSED] - if (i1 > -1): null

04-12-2024T07:29:30 - [TEST_STEP][PASSED] - x = x.substring(i1, x.length()): null

04-12-2024T07:29:30 - [TEST_STEP][PASSED] - println(x): null

04-12-2024T07:29:30 - [TEST_STEP][PASSED] - i1 = x.indexOf("/") + 1: null

04-12-2024T07:29:30 - [TEST_STEP][PASSED] - if (i1 > -1): null

04-12-2024T07:29:30 - [TEST_STEP][PASSED] - x = x.substring(i1, x.length()): null

04-12-2024T07:29:30 - [TEST_STEP][PASSED] - println(x): null

04-12-2024T07:29:30 - [TEST_STEP][PASSED] - i1 = x.indexOf("/") + 1: null

04-12-2024T07:29:30 - [TEST_STEP][PASSED] - if (i1 > -1): null

04-12-2024T07:29:30 - [TEST_STEP][PASSED] - x = x.substring(i1, x.length()): null

04-12-2024T07:29:30 - [TEST_STEP][PASSED] - println(x): null

04-12-2024T07:29:30 - [TEST_STEP][PASSED] - i1 = x.indexOf("/") + 1: null

04-12-2024T07:29:30 - [TEST_STEP][PASSED] - if (i1 > -1): null

04-12-2024T07:29:30 - [TEST_STEP][PASSED] - x = x.substring(i1, x.length()): null

04-12-2024T07:29:30 - [TEST_STEP][PASSED] - println(x): null

04-12-2024T07:29:30 - [TEST_STEP][PASSED] - i1 = x.indexOf("/") + 1: null

04-12-2024T07:29:30 - [TEST_STEP][PASSED] - if (i1 > -1): null

04-12-2024T07:29:30 - [TEST_STEP][PASSED] - x = x.substring(i1, x.length()): null

04-12-2024T07:29:30 - [TEST_STEP][PASSED] - println(x): null

04-12-2024T07:29:30 - [TEST_STEP][PASSED] - i1 = x.indexOf("/") + 1: null

04-12-2024T07:29:30 - [TEST_STEP][PASSED] - if (i1 > -1): null

04-12-2024T07:29:30 - [TEST_STEP][PASSED] - x = x.substring(i1, x.length()): null

04-12-2024T07:29:30 - [TEST_STEP][PASSED] - println(x): null

04-12-2024T07:29:30 - [TEST_STEP][PASSED] - i1 = x.indexOf("/") + 1: null

04-12-2024T07:29:30 - [TEST_STEP][PASSED] - if (i1 > -1): null

04-12-2024T07:29:30 - [TEST_STEP][PASSED] - x = x.substring(i1, x.length()): null

04-12-2024T07:29:30 - [TEST_STEP][PASSED] - println(x): null

04-12-2024T07:29:30 - [TEST_STEP][PASSED] - i1 = x.indexOf("/"): null

04-12-2024T07:29:30 - [TEST_STEP][PASSED] - if (i1 > -1): null

04-12-2024T07:29:30 - [TEST_STEP][PASSED] - x = x.substring(0, i1): null

04-12-2024T07:29:30 - [TEST_STEP][PASSED] - println(x): null

04-12-2024T07:29:30 - [TEST_STEP][FAILED] - return x: null

04-12-2024T07:29:30 - [TEST_STEP][PASSED] - println(tabR + "/" + tabB): null

04-12-2024T07:29:30 - [TEST_STEP][FAILED] - if (verifyEqual(PercFactR, PercFactB) == false): null

04-12-2024T07:29:30 - [MESSAGE][FAILED] - Unable to verify equal between actual object 'нет данных' and expected object '5.26' (Root cause: com.kms.katalon.core.exception.StepFailedException: Actual object 'нет данных' and expected object '5.26' are not equal
	at com.kms.katalon.core.keyword.builtin.VerifyEqualKeyword$_verifyEqual_closure1.doCall(VerifyEqualKeyword.groovy:58)
	at com.kms.katalon.core.keyword.builtin.VerifyEqualKeyword$_verifyEqual_closure1.call(VerifyEqualKeyword.groovy)
	at com.kms.katalon.core.keyword.internal.KeywordMain.runKeyword(KeywordMain.groovy:75)
	at com.kms.katalon.core.keyword.builtin.VerifyEqualKeyword.verifyEqual(VerifyEqualKeyword.groovy:63)
	at com.kms.katalon.core.keyword.builtin.VerifyEqualKeyword.execute(VerifyEqualKeyword.groovy:44)
	at com.kms.katalon.core.keyword.internal.KeywordExecutor.executeKeywordForPlatform(KeywordExecutor.groovy:74)
	at com.kms.katalon.core.keyword.BuiltinKeywords.verifyEqual(BuiltinKeywords.groovy:146)
	at jdk.internal.reflect.GeneratedMethodAccessor25.invoke(Unknown Source)
	at java.base/jdk.internal.reflect.DelegatingMethodAccessorImpl.invoke(DelegatingMethodAccessorImpl.java:43)
	at Выполнение бизнес-плана сверка дашбордов.CompareDZOData(Выполнение бизнес-плана сверка дашбордов:758)
	at Выполнение бизнес-плана сверка дашбордов.run(Выполнение бизнес-плана сверка дашбордов:623)
	at com.kms.katalon.core.main.ScriptEngine.run(ScriptEngine.java:194)
	at com.kms.katalon.core.main.ScriptEngine.runScriptAsRawText(ScriptEngine.java:119)
	at com.kms.katalon.core.main.TestCaseExecutor.runScript(TestCaseExecutor.java:448)
	at com.kms.katalon.core.main.TestCaseExecutor.doExecute(TestCaseExecutor.java:439)
	at com.kms.katalon.core.main.TestCaseExecutor.processExecutionPhase(TestCaseExecutor.java:418)
	at com.kms.katalon.core.main.TestCaseExecutor.accessMainPhase(TestCaseExecutor.java:410)
	at com.kms.katalon.core.main.TestCaseExecutor.execute(TestCaseExecutor.java:285)
	at com.kms.katalon.core.common.CommonExecutor.accessTestCaseMainPhase(CommonExecutor.java:65)
	at com.kms.katalon.core.main.TestSuiteExecutor.accessTestSuiteMainPhase(TestSuiteExecutor.java:150)
	at com.kms.katalon.core.main.TestSuiteExecutor.execute(TestSuiteExecutor.java:106)
	at com.kms.katalon.core.main.TestCaseMain.startTestSuite(TestCaseMain.java:180)
	at TempTestSuite1733285972582.run(TempTestSuite1733285972582.groovy:35)
	at java.base/jdk.internal.reflect.NativeMethodAccessorImpl.invoke0(Native Method)
	at java.base/jdk.internal.reflect.NativeMethodAccessorImpl.invoke(NativeMethodAccessorImpl.java:77)
	at java.base/jdk.internal.reflect.DelegatingMethodAccessorImpl.invoke(DelegatingMethodAccessorImpl.java:43)
)

04-12-2024T07:29:30 - [TEST_STEP][PASSED] - result = WriteToExcel(typeOfData, todaysDate, PercPlanR, PercPlanB, PercFactR, PercFactB, x, tabR, tabB, o1R, o1B, vidget): null

04-12-2024T07:29:30 - [TEST_STEP][PASSED] - iii = dZO.indexOf("/"): null

04-12-2024T07:29:30 - [TEST_STEP][PASSED] - println(iii): null

04-12-2024T07:29:30 - [TEST_STEP][PASSED] - dZO = dZO.substring(0, iii): null

04-12-2024T07:29:30 - [TEST_STEP][PASSED] - println(dZO): null

04-12-2024T07:29:30 - [TEST_STEP][PASSED] - println(PercPlanR): null

04-12-2024T07:29:30 - [TEST_STEP][PASSED] - println(PercPlanB): null

04-12-2024T07:29:30 - [TEST_STEP][PASSED] - println(PercFactR): null

04-12-2024T07:29:30 - [TEST_STEP][PASSED] - println(PercFactB): null

04-12-2024T07:29:30 - [TEST_STEP][PASSED] - println(tabR): null

04-12-2024T07:29:30 - [TEST_STEP][PASSED] - println(tabB): null

04-12-2024T07:29:30 - [TEST_STEP][PASSED] - println(o1R): null

04-12-2024T07:29:30 - [TEST_STEP][PASSED] - println(o1B): null

04-12-2024T07:29:30 - [TEST_STEP][PASSED] - PR = <not implemented yet for class: org.codehaus.groovy.ast.expr.EmptyExpression>: null

04-12-2024T07:29:30 - [TEST_STEP][PASSED] - FR = <not implemented yet for class: org.codehaus.groovy.ast.expr.EmptyExpression>: null

04-12-2024T07:29:30 - [TEST_STEP][PASSED] - PB = <not implemented yet for class: org.codehaus.groovy.ast.expr.EmptyExpression>: null

04-12-2024T07:29:30 - [TEST_STEP][PASSED] - FB = <not implemented yet for class: org.codehaus.groovy.ast.expr.EmptyExpression>: null

04-12-2024T07:29:30 - [TEST_STEP][PASSED] - TR = <not implemented yet for class: org.codehaus.groovy.ast.expr.EmptyExpression>: null

04-12-2024T07:29:30 - [TEST_STEP][PASSED] - TB = <not implemented yet for class: org.codehaus.groovy.ast.expr.EmptyExpression>: null

04-12-2024T07:29:30 - [TEST_STEP][PASSED] - sheetName = "Sheet1": null

04-12-2024T07:29:30 - [TEST_STEP][PASSED] - data = findTestData("PlanFact"): null

04-12-2024T07:29:30 - [TEST_STEP][PASSED] - n = data.getRowNumbers() + 1: null

04-12-2024T07:29:30 - [TEST_STEP][PASSED] - year = todaysDate.substring(todaysDate.length() - 4, todaysDate.length()): null

04-12-2024T07:29:30 - [TEST_STEP][PASSED] - y = year.toInteger(): null

04-12-2024T07:29:30 - [TEST_STEP][PASSED] - m = getText(findTestObject("Выполнение бизнес-плана/Выполнение бизнес-плана Балансы/Фильтр Дата")): Text of object 'Object Repository/Выполнение бизнес-плана/Выполнение бизнес-плана Балансы/Фильтр Дата' is: '1, 2, 3 кв., Октябрь 2024 года'

04-12-2024T07:29:30 - [MESSAGE][PASSED] - Text of object 'Object Repository/Выполнение бизнес-плана/Выполнение бизнес-плана Балансы/Фильтр Дата' is: '1, 2, 3 кв., Октябрь 2024 года'

04-12-2024T07:29:30 - [TEST_STEP][PASSED] - m = m.substring(0, m.indexOf("2024")): null

04-12-2024T07:29:30 - [TEST_STEP][PASSED] - m = m.trim(): null

04-12-2024T07:29:30 - [TEST_STEP][PASSED] - dashboardName = "Выполнение бизнес-плана": null

04-12-2024T07:29:30 - [TEST_STEP][PASSED] - workbook01 = getWorkbook(excelFilePath): null

04-12-2024T07:29:30 - [TEST_STEP][PASSED] - sheet01 = getExcelSheet(workbook01, sheetName): null

04-12-2024T07:29:30 - [TEST_STEP][PASSED] - setValueToCellByIndex(sheet01, n, 0, dashboardName): null

04-12-2024T07:29:30 - [TEST_STEP][PASSED] - setValueToCellByIndex(sheet01, n, 1, dZO): null

04-12-2024T07:29:30 - [TEST_STEP][PASSED] - setValueToCellByIndex(sheet01, n, 2, typeOfData): null

04-12-2024T07:29:30 - [TEST_STEP][PASSED] - setValueToCellByIndex(sheet01, n, 3, typeOfData): null

04-12-2024T07:29:30 - [TEST_STEP][PASSED] - if (typeOfData == "План"): null

04-12-2024T07:29:30 - [TEST_STEP][PASSED] - else if (typeOfData == "Факт"): null

04-12-2024T07:29:30 - [TEST_STEP][PASSED] - else if (vidget.contains("электроэнергии") == true): null

04-12-2024T07:29:30 - [TEST_STEP][PASSED] - if (tabR == null): null

04-12-2024T07:29:30 - [TEST_STEP][PASSED] - else: null

04-12-2024T07:29:30 - [TEST_STEP][PASSED] - if (tabR == "нет данных"): null

04-12-2024T07:29:30 - [TEST_STEP][PASSED] - setValueToCellByIndex(sheet01, n, 4, "нет данных"): null

04-12-2024T07:29:30 - [TEST_STEP][PASSED] - if (tabB == null): null

04-12-2024T07:29:30 - [TEST_STEP][PASSED] - else: null

04-12-2024T07:29:30 - [TEST_STEP][PASSED] - if (tabB == "нет данных"): null

04-12-2024T07:29:30 - [TEST_STEP][PASSED] - else: null

04-12-2024T07:29:30 - [TEST_STEP][PASSED] - TB = tabB.toInteger(): null

04-12-2024T07:29:30 - [TEST_STEP][PASSED] - setValueToCellByIndex(sheet01, n, 5, TB): null

04-12-2024T07:29:30 - [TEST_STEP][PASSED] - setValueToCellByIndex(sheet01, n, 6, m): null

04-12-2024T07:29:30 - [TEST_STEP][PASSED] - setValueToCellByIndex(sheet01, n, 7, y): null

04-12-2024T07:29:30 - [TEST_STEP][PASSED] - setValueToCellByIndex(sheet01, n, 8, todaysDate): null

04-12-2024T07:29:30 - [TEST_STEP][PASSED] - n = n + 1: null

04-12-2024T07:29:30 - [TEST_STEP][PASSED] - saveWorkbook(excelFilePath, workbook01): null

04-12-2024T07:29:31 - [TEST_STEP][PASSED] - typeOfData = "План Потери": null

04-12-2024T07:29:31 - [TEST_STEP][PASSED] - tabR = GetPPlanR(x = a): null

04-12-2024T07:29:31 - [TEST_STEP][PASSED] - i1 = <not implemented yet for class: org.codehaus.groovy.ast.expr.EmptyExpression>: null

04-12-2024T07:29:31 - [TEST_STEP][PASSED] - ii = <not implemented yet for class: org.codehaus.groovy.ast.expr.EmptyExpression>: null

04-12-2024T07:29:31 - [TEST_STEP][PASSED] - for ([ii = 1, ii < 9, (ii++)]): null

04-12-2024T07:29:31 - [TEST_STEP][PASSED] - i1 = x.indexOf("/") + 1: null

04-12-2024T07:29:31 - [TEST_STEP][PASSED] - if (i1 > -1): null

04-12-2024T07:29:31 - [TEST_STEP][PASSED] - x = x.substring(i1, x.length()): null

04-12-2024T07:29:31 - [TEST_STEP][PASSED] - println(x): null

04-12-2024T07:29:31 - [TEST_STEP][PASSED] - i1 = x.indexOf("/") + 1: null

04-12-2024T07:29:31 - [TEST_STEP][PASSED] - if (i1 > -1): null

04-12-2024T07:29:31 - [TEST_STEP][PASSED] - x = x.substring(i1, x.length()): null

04-12-2024T07:29:31 - [TEST_STEP][PASSED] - println(x): null

04-12-2024T07:29:31 - [TEST_STEP][PASSED] - i1 = x.indexOf("/") + 1: null

04-12-2024T07:29:31 - [TEST_STEP][PASSED] - if (i1 > -1): null

04-12-2024T07:29:31 - [TEST_STEP][PASSED] - x = x.substring(i1, x.length()): null

04-12-2024T07:29:31 - [TEST_STEP][PASSED] - println(x): null

04-12-2024T07:29:31 - [TEST_STEP][PASSED] - i1 = x.indexOf("/") + 1: null

04-12-2024T07:29:31 - [TEST_STEP][PASSED] - if (i1 > -1): null

04-12-2024T07:29:31 - [TEST_STEP][PASSED] - x = x.substring(i1, x.length()): null

04-12-2024T07:29:31 - [TEST_STEP][PASSED] - println(x): null

04-12-2024T07:29:31 - [TEST_STEP][PASSED] - i1 = x.indexOf("/") + 1: null

04-12-2024T07:29:31 - [TEST_STEP][PASSED] - if (i1 > -1): null

04-12-2024T07:29:31 - [TEST_STEP][PASSED] - x = x.substring(i1, x.length()): null

04-12-2024T07:29:31 - [TEST_STEP][PASSED] - println(x): null

04-12-2024T07:29:31 - [TEST_STEP][PASSED] - i1 = x.indexOf("/") + 1: null

04-12-2024T07:29:31 - [TEST_STEP][PASSED] - if (i1 > -1): null

04-12-2024T07:29:31 - [TEST_STEP][PASSED] - x = x.substring(i1, x.length()): null

04-12-2024T07:29:31 - [TEST_STEP][PASSED] - println(x): null

04-12-2024T07:29:31 - [TEST_STEP][PASSED] - i1 = x.indexOf("/") + 1: null

04-12-2024T07:29:31 - [TEST_STEP][PASSED] - if (i1 > -1): null

04-12-2024T07:29:31 - [TEST_STEP][PASSED] - x = x.substring(i1, x.length()): null

04-12-2024T07:29:31 - [TEST_STEP][PASSED] - println(x): null

04-12-2024T07:29:31 - [TEST_STEP][PASSED] - i1 = x.indexOf("/") + 1: null

04-12-2024T07:29:31 - [TEST_STEP][PASSED] - if (i1 > -1): null

04-12-2024T07:29:31 - [TEST_STEP][PASSED] - x = x.substring(i1, x.length()): null

04-12-2024T07:29:31 - [TEST_STEP][PASSED] - println(x): null

04-12-2024T07:29:31 - [TEST_STEP][PASSED] - i1 = x.indexOf("/"): null

04-12-2024T07:29:31 - [TEST_STEP][PASSED] - if (i1 > -1): null

04-12-2024T07:29:31 - [TEST_STEP][PASSED] - x = x.substring(0, i1): null

04-12-2024T07:29:31 - [TEST_STEP][PASSED] - println(x): null

04-12-2024T07:29:31 - [TEST_STEP][PASSED] - return x: null

04-12-2024T07:29:31 - [TEST_STEP][PASSED] - tabB = GetPPlanB(x = b): null

04-12-2024T07:29:31 - [TEST_STEP][PASSED] - i1 = <not implemented yet for class: org.codehaus.groovy.ast.expr.EmptyExpression>: null

04-12-2024T07:29:31 - [TEST_STEP][PASSED] - ii = <not implemented yet for class: org.codehaus.groovy.ast.expr.EmptyExpression>: null

04-12-2024T07:29:31 - [TEST_STEP][PASSED] - for ([ii = 1, ii < 9, (ii++)]): null

04-12-2024T07:29:31 - [TEST_STEP][PASSED] - i1 = x.indexOf("/") + 1: null

04-12-2024T07:29:31 - [TEST_STEP][PASSED] - if (i1 > -1): null

04-12-2024T07:29:31 - [TEST_STEP][PASSED] - x = x.substring(i1, x.length()): null

04-12-2024T07:29:31 - [TEST_STEP][PASSED] - println(x): null

04-12-2024T07:29:31 - [TEST_STEP][PASSED] - i1 = x.indexOf("/") + 1: null

04-12-2024T07:29:31 - [TEST_STEP][PASSED] - if (i1 > -1): null

04-12-2024T07:29:31 - [TEST_STEP][PASSED] - x = x.substring(i1, x.length()): null

04-12-2024T07:29:31 - [TEST_STEP][PASSED] - println(x): null

04-12-2024T07:29:31 - [TEST_STEP][PASSED] - i1 = x.indexOf("/") + 1: null

04-12-2024T07:29:31 - [TEST_STEP][PASSED] - if (i1 > -1): null

04-12-2024T07:29:31 - [TEST_STEP][PASSED] - x = x.substring(i1, x.length()): null

04-12-2024T07:29:31 - [TEST_STEP][PASSED] - println(x): null

04-12-2024T07:29:31 - [TEST_STEP][PASSED] - i1 = x.indexOf("/") + 1: null

04-12-2024T07:29:31 - [TEST_STEP][PASSED] - if (i1 > -1): null

04-12-2024T07:29:31 - [TEST_STEP][PASSED] - x = x.substring(i1, x.length()): null

04-12-2024T07:29:31 - [TEST_STEP][PASSED] - println(x): null

04-12-2024T07:29:31 - [TEST_STEP][PASSED] - i1 = x.indexOf("/") + 1: null

04-12-2024T07:29:31 - [TEST_STEP][PASSED] - if (i1 > -1): null

04-12-2024T07:29:31 - [TEST_STEP][PASSED] - x = x.substring(i1, x.length()): null

04-12-2024T07:29:31 - [TEST_STEP][PASSED] - println(x): null

04-12-2024T07:29:31 - [TEST_STEP][PASSED] - i1 = x.indexOf("/") + 1: null

04-12-2024T07:29:31 - [TEST_STEP][PASSED] - if (i1 > -1): null

04-12-2024T07:29:31 - [TEST_STEP][PASSED] - x = x.substring(i1, x.length()): null

04-12-2024T07:29:31 - [TEST_STEP][PASSED] - println(x): null

04-12-2024T07:29:31 - [TEST_STEP][PASSED] - i1 = x.indexOf("/") + 1: null

04-12-2024T07:29:31 - [TEST_STEP][PASSED] - if (i1 > -1): null

04-12-2024T07:29:31 - [TEST_STEP][PASSED] - x = x.substring(i1, x.length()): null

04-12-2024T07:29:31 - [TEST_STEP][PASSED] - println(x): null

04-12-2024T07:29:31 - [TEST_STEP][PASSED] - i1 = x.indexOf("/") + 1: null

04-12-2024T07:29:31 - [TEST_STEP][PASSED] - if (i1 > -1): null

04-12-2024T07:29:31 - [TEST_STEP][PASSED] - x = x.substring(i1, x.length()): null

04-12-2024T07:29:31 - [TEST_STEP][PASSED] - println(x): null

04-12-2024T07:29:31 - [TEST_STEP][PASSED] - i1 = x.indexOf("/"): null

04-12-2024T07:29:31 - [TEST_STEP][PASSED] - if (i1 > -1): null

04-12-2024T07:29:31 - [TEST_STEP][PASSED] - x = x.substring(0, i1): null

04-12-2024T07:29:31 - [TEST_STEP][PASSED] - println(x): null

04-12-2024T07:29:31 - [TEST_STEP][FAILED] - return x: null

04-12-2024T07:29:31 - [TEST_STEP][PASSED] - println(tabR + "/" + tabB): null

04-12-2024T07:29:31 - [TEST_STEP][FAILED] - if (verifyEqual(PercFactR, PercFactB) == false): null

04-12-2024T07:29:31 - [MESSAGE][FAILED] - Unable to verify equal between actual object 'нет данных' and expected object '5.26' (Root cause: com.kms.katalon.core.exception.StepFailedException: Actual object 'нет данных' and expected object '5.26' are not equal
	at com.kms.katalon.core.keyword.builtin.VerifyEqualKeyword$_verifyEqual_closure1.doCall(VerifyEqualKeyword.groovy:58)
	at com.kms.katalon.core.keyword.builtin.VerifyEqualKeyword$_verifyEqual_closure1.call(VerifyEqualKeyword.groovy)
	at com.kms.katalon.core.keyword.internal.KeywordMain.runKeyword(KeywordMain.groovy:75)
	at com.kms.katalon.core.keyword.builtin.VerifyEqualKeyword.verifyEqual(VerifyEqualKeyword.groovy:63)
	at com.kms.katalon.core.keyword.builtin.VerifyEqualKeyword.execute(VerifyEqualKeyword.groovy:44)
	at com.kms.katalon.core.keyword.internal.KeywordExecutor.executeKeywordForPlatform(KeywordExecutor.groovy:74)
	at com.kms.katalon.core.keyword.BuiltinKeywords.verifyEqual(BuiltinKeywords.groovy:146)
	at jdk.internal.reflect.GeneratedMethodAccessor25.invoke(Unknown Source)
	at java.base/jdk.internal.reflect.DelegatingMethodAccessorImpl.invoke(DelegatingMethodAccessorImpl.java:43)
	at Выполнение бизнес-плана сверка дашбордов.CompareDZOData(Выполнение бизнес-плана сверка дашбордов:771)
	at Выполнение бизнес-плана сверка дашбордов.run(Выполнение бизнес-плана сверка дашбордов:623)
	at com.kms.katalon.core.main.ScriptEngine.run(ScriptEngine.java:194)
	at com.kms.katalon.core.main.ScriptEngine.runScriptAsRawText(ScriptEngine.java:119)
	at com.kms.katalon.core.main.TestCaseExecutor.runScript(TestCaseExecutor.java:448)
	at com.kms.katalon.core.main.TestCaseExecutor.doExecute(TestCaseExecutor.java:439)
	at com.kms.katalon.core.main.TestCaseExecutor.processExecutionPhase(TestCaseExecutor.java:418)
	at com.kms.katalon.core.main.TestCaseExecutor.accessMainPhase(TestCaseExecutor.java:410)
	at com.kms.katalon.core.main.TestCaseExecutor.execute(TestCaseExecutor.java:285)
	at com.kms.katalon.core.common.CommonExecutor.accessTestCaseMainPhase(CommonExecutor.java:65)
	at com.kms.katalon.core.main.TestSuiteExecutor.accessTestSuiteMainPhase(TestSuiteExecutor.java:150)
	at com.kms.katalon.core.main.TestSuiteExecutor.execute(TestSuiteExecutor.java:106)
	at com.kms.katalon.core.main.TestCaseMain.startTestSuite(TestCaseMain.java:180)
	at TempTestSuite1733285972582.run(TempTestSuite1733285972582.groovy:35)
	at java.base/jdk.internal.reflect.NativeMethodAccessorImpl.invoke0(Native Method)
	at java.base/jdk.internal.reflect.NativeMethodAccessorImpl.invoke(NativeMethodAccessorImpl.java:77)
	at java.base/jdk.internal.reflect.DelegatingMethodAccessorImpl.invoke(DelegatingMethodAccessorImpl.java:43)
)

04-12-2024T07:29:31 - [TEST_STEP][PASSED] - result = WriteToExcel(typeOfData, todaysDate, PercPlanR, PercPlanB, PercFactR, PercFactB, x, tabR, tabB, o1R, o1B, vidget): null

04-12-2024T07:29:31 - [TEST_STEP][PASSED] - iii = dZO.indexOf("/"): null

04-12-2024T07:29:31 - [TEST_STEP][PASSED] - println(iii): null

04-12-2024T07:29:31 - [TEST_STEP][PASSED] - dZO = dZO.substring(0, iii): null

04-12-2024T07:29:31 - [TEST_STEP][PASSED] - println(dZO): null

04-12-2024T07:29:31 - [TEST_STEP][PASSED] - println(PercPlanR): null

04-12-2024T07:29:31 - [TEST_STEP][PASSED] - println(PercPlanB): null

04-12-2024T07:29:31 - [TEST_STEP][PASSED] - println(PercFactR): null

04-12-2024T07:29:31 - [TEST_STEP][PASSED] - println(PercFactB): null

04-12-2024T07:29:31 - [TEST_STEP][PASSED] - println(tabR): null

04-12-2024T07:29:31 - [TEST_STEP][PASSED] - println(tabB): null

04-12-2024T07:29:31 - [TEST_STEP][PASSED] - println(o1R): null

04-12-2024T07:29:31 - [TEST_STEP][PASSED] - println(o1B): null

04-12-2024T07:29:31 - [TEST_STEP][PASSED] - PR = <not implemented yet for class: org.codehaus.groovy.ast.expr.EmptyExpression>: null

04-12-2024T07:29:31 - [TEST_STEP][PASSED] - FR = <not implemented yet for class: org.codehaus.groovy.ast.expr.EmptyExpression>: null

04-12-2024T07:29:31 - [TEST_STEP][PASSED] - PB = <not implemented yet for class: org.codehaus.groovy.ast.expr.EmptyExpression>: null

04-12-2024T07:29:31 - [TEST_STEP][PASSED] - FB = <not implemented yet for class: org.codehaus.groovy.ast.expr.EmptyExpression>: null

04-12-2024T07:29:31 - [TEST_STEP][PASSED] - TR = <not implemented yet for class: org.codehaus.groovy.ast.expr.EmptyExpression>: null

04-12-2024T07:29:31 - [TEST_STEP][PASSED] - TB = <not implemented yet for class: org.codehaus.groovy.ast.expr.EmptyExpression>: null

04-12-2024T07:29:31 - [TEST_STEP][PASSED] - sheetName = "Sheet1": null

04-12-2024T07:29:31 - [TEST_STEP][PASSED] - data = findTestData("PlanFact"): null

04-12-2024T07:29:31 - [TEST_STEP][PASSED] - n = data.getRowNumbers() + 1: null

04-12-2024T07:29:31 - [TEST_STEP][PASSED] - year = todaysDate.substring(todaysDate.length() - 4, todaysDate.length()): null

04-12-2024T07:29:31 - [TEST_STEP][PASSED] - y = year.toInteger(): null

04-12-2024T07:29:31 - [TEST_STEP][PASSED] - m = getText(findTestObject("Выполнение бизнес-плана/Выполнение бизнес-плана Балансы/Фильтр Дата")): Text of object 'Object Repository/Выполнение бизнес-плана/Выполнение бизнес-плана Балансы/Фильтр Дата' is: '1, 2, 3 кв., Октябрь 2024 года'

04-12-2024T07:29:31 - [MESSAGE][PASSED] - Text of object 'Object Repository/Выполнение бизнес-плана/Выполнение бизнес-плана Балансы/Фильтр Дата' is: '1, 2, 3 кв., Октябрь 2024 года'

04-12-2024T07:29:31 - [TEST_STEP][PASSED] - m = m.substring(0, m.indexOf("2024")): null

04-12-2024T07:29:31 - [TEST_STEP][PASSED] - m = m.trim(): null

04-12-2024T07:29:31 - [TEST_STEP][PASSED] - dashboardName = "Выполнение бизнес-плана": null

04-12-2024T07:29:31 - [TEST_STEP][PASSED] - workbook01 = getWorkbook(excelFilePath): null

04-12-2024T07:29:31 - [TEST_STEP][PASSED] - sheet01 = getExcelSheet(workbook01, sheetName): null

04-12-2024T07:29:31 - [TEST_STEP][PASSED] - setValueToCellByIndex(sheet01, n, 0, dashboardName): null

04-12-2024T07:29:31 - [TEST_STEP][PASSED] - setValueToCellByIndex(sheet01, n, 1, dZO): null

04-12-2024T07:29:31 - [TEST_STEP][PASSED] - setValueToCellByIndex(sheet01, n, 2, typeOfData): null

04-12-2024T07:29:31 - [TEST_STEP][PASSED] - setValueToCellByIndex(sheet01, n, 3, typeOfData): null

04-12-2024T07:29:31 - [TEST_STEP][PASSED] - if (typeOfData == "План"): null

04-12-2024T07:29:31 - [TEST_STEP][PASSED] - else if (typeOfData == "Факт"): null

04-12-2024T07:29:31 - [TEST_STEP][PASSED] - else if (vidget.contains("электроэнергии") == true): null

04-12-2024T07:29:31 - [TEST_STEP][PASSED] - if (tabR == null): null

04-12-2024T07:29:31 - [TEST_STEP][PASSED] - else: null

04-12-2024T07:29:31 - [TEST_STEP][PASSED] - if (tabR == "нет данных"): null

04-12-2024T07:29:31 - [TEST_STEP][PASSED] - setValueToCellByIndex(sheet01, n, 4, "нет данных"): null

04-12-2024T07:29:31 - [TEST_STEP][PASSED] - if (tabB == null): null

04-12-2024T07:29:31 - [TEST_STEP][PASSED] - else: null

04-12-2024T07:29:31 - [TEST_STEP][PASSED] - if (tabB == "нет данных"): null

04-12-2024T07:29:31 - [TEST_STEP][PASSED] - else: null

04-12-2024T07:29:31 - [TEST_STEP][PASSED] - TB = tabB.toInteger(): null

04-12-2024T07:29:31 - [TEST_STEP][PASSED] - setValueToCellByIndex(sheet01, n, 5, TB): null

04-12-2024T07:29:31 - [TEST_STEP][PASSED] - setValueToCellByIndex(sheet01, n, 6, m): null

04-12-2024T07:29:31 - [TEST_STEP][PASSED] - setValueToCellByIndex(sheet01, n, 7, y): null

04-12-2024T07:29:31 - [TEST_STEP][PASSED] - setValueToCellByIndex(sheet01, n, 8, todaysDate): null

04-12-2024T07:29:31 - [TEST_STEP][PASSED] - n = n + 1: null

04-12-2024T07:29:31 - [TEST_STEP][PASSED] - saveWorkbook(excelFilePath, workbook01): null

04-12-2024T07:29:31 - [TEST_STEP][PASSED] - ii2 = a.indexOf("ПАО"): null

04-12-2024T07:29:31 - [TEST_STEP][PASSED] - if (ii2 == -1): null

04-12-2024T07:29:31 - [TEST_STEP][PASSED] - vidget = "Отклонения фактического уровня потерь от бизнес-плана": null

04-12-2024T07:29:31 - [TEST_STEP][PASSED] - typeOfData = "Коэффициент": null

04-12-2024T07:29:31 - [TEST_STEP][PASSED] - o1R = Geto1R(x = a): null

04-12-2024T07:29:31 - [TEST_STEP][PASSED] - i1 = <not implemented yet for class: org.codehaus.groovy.ast.expr.EmptyExpression>: null

04-12-2024T07:29:31 - [TEST_STEP][PASSED] - ii = <not implemented yet for class: org.codehaus.groovy.ast.expr.EmptyExpression>: null

04-12-2024T07:29:31 - [TEST_STEP][PASSED] - for ([ii = 1, ii < 10, (ii++)]): null

04-12-2024T07:29:31 - [TEST_STEP][PASSED] - i1 = x.indexOf("/") + 1: null

04-12-2024T07:29:31 - [TEST_STEP][PASSED] - if (i1 > -1): null

04-12-2024T07:29:31 - [TEST_STEP][PASSED] - x = x.substring(i1, x.length()): null

04-12-2024T07:29:31 - [TEST_STEP][PASSED] - i1 = x.indexOf("/") + 1: null

04-12-2024T07:29:31 - [TEST_STEP][PASSED] - if (i1 > -1): null

04-12-2024T07:29:31 - [TEST_STEP][PASSED] - x = x.substring(i1, x.length()): null

04-12-2024T07:29:31 - [TEST_STEP][PASSED] - i1 = x.indexOf("/") + 1: null

04-12-2024T07:29:31 - [TEST_STEP][PASSED] - if (i1 > -1): null

04-12-2024T07:29:31 - [TEST_STEP][PASSED] - x = x.substring(i1, x.length()): null

04-12-2024T07:29:31 - [TEST_STEP][PASSED] - i1 = x.indexOf("/") + 1: null

04-12-2024T07:29:31 - [TEST_STEP][PASSED] - if (i1 > -1): null

04-12-2024T07:29:31 - [TEST_STEP][PASSED] - x = x.substring(i1, x.length()): null

04-12-2024T07:29:31 - [TEST_STEP][PASSED] - i1 = x.indexOf("/") + 1: null

04-12-2024T07:29:31 - [TEST_STEP][PASSED] - if (i1 > -1): null

04-12-2024T07:29:31 - [TEST_STEP][PASSED] - x = x.substring(i1, x.length()): null

04-12-2024T07:29:31 - [TEST_STEP][PASSED] - i1 = x.indexOf("/") + 1: null

04-12-2024T07:29:31 - [TEST_STEP][PASSED] - if (i1 > -1): null

04-12-2024T07:29:31 - [TEST_STEP][PASSED] - x = x.substring(i1, x.length()): null

04-12-2024T07:29:31 - [TEST_STEP][PASSED] - i1 = x.indexOf("/") + 1: null

04-12-2024T07:29:31 - [TEST_STEP][PASSED] - if (i1 > -1): null

04-12-2024T07:29:31 - [TEST_STEP][PASSED] - x = x.substring(i1, x.length()): null

04-12-2024T07:29:31 - [TEST_STEP][PASSED] - i1 = x.indexOf("/") + 1: null

04-12-2024T07:29:31 - [TEST_STEP][PASSED] - if (i1 > -1): null

04-12-2024T07:29:31 - [TEST_STEP][PASSED] - x = x.substring(i1, x.length()): null

04-12-2024T07:29:31 - [TEST_STEP][PASSED] - i1 = x.indexOf("/") + 1: null

04-12-2024T07:29:31 - [TEST_STEP][PASSED] - if (i1 > -1): null

04-12-2024T07:29:31 - [TEST_STEP][PASSED] - x = x.substring(i1, x.length()): null

04-12-2024T07:29:31 - [TEST_STEP][PASSED] - i1 = x.indexOf("/"): null

04-12-2024T07:29:31 - [TEST_STEP][PASSED] - if (i1 > -1): null

04-12-2024T07:29:31 - [TEST_STEP][PASSED] - println(x): null

04-12-2024T07:29:31 - [TEST_STEP][PASSED] - return x: null

04-12-2024T07:29:31 - [TEST_STEP][PASSED] - o1B = Geto1B(x = b): null

04-12-2024T07:29:31 - [TEST_STEP][PASSED] - i1 = <not implemented yet for class: org.codehaus.groovy.ast.expr.EmptyExpression>: null

04-12-2024T07:29:31 - [TEST_STEP][PASSED] - ii = <not implemented yet for class: org.codehaus.groovy.ast.expr.EmptyExpression>: null

04-12-2024T07:29:31 - [TEST_STEP][PASSED] - for ([ii = 1, ii < 10, (ii++)]): null

04-12-2024T07:29:31 - [TEST_STEP][PASSED] - i1 = x.indexOf("/") + 1: null

04-12-2024T07:29:31 - [TEST_STEP][PASSED] - if (i1 > -1): null

04-12-2024T07:29:31 - [TEST_STEP][PASSED] - x = x.substring(i1, x.length()): null

04-12-2024T07:29:31 - [TEST_STEP][PASSED] - i1 = x.indexOf("/") + 1: null

04-12-2024T07:29:31 - [TEST_STEP][PASSED] - if (i1 > -1): null

04-12-2024T07:29:31 - [TEST_STEP][PASSED] - x = x.substring(i1, x.length()): null

04-12-2024T07:29:31 - [TEST_STEP][PASSED] - i1 = x.indexOf("/") + 1: null

04-12-2024T07:29:31 - [TEST_STEP][PASSED] - if (i1 > -1): null

04-12-2024T07:29:31 - [TEST_STEP][PASSED] - x = x.substring(i1, x.length()): null

04-12-2024T07:29:31 - [TEST_STEP][PASSED] - i1 = x.indexOf("/") + 1: null

04-12-2024T07:29:31 - [TEST_STEP][PASSED] - if (i1 > -1): null

04-12-2024T07:29:31 - [TEST_STEP][PASSED] - x = x.substring(i1, x.length()): null

04-12-2024T07:29:31 - [TEST_STEP][PASSED] - i1 = x.indexOf("/") + 1: null

04-12-2024T07:29:31 - [TEST_STEP][PASSED] - if (i1 > -1): null

04-12-2024T07:29:31 - [TEST_STEP][PASSED] - x = x.substring(i1, x.length()): null

04-12-2024T07:29:31 - [TEST_STEP][PASSED] - i1 = x.indexOf("/") + 1: null

04-12-2024T07:29:31 - [TEST_STEP][PASSED] - if (i1 > -1): null

04-12-2024T07:29:31 - [TEST_STEP][PASSED] - x = x.substring(i1, x.length()): null

04-12-2024T07:29:31 - [TEST_STEP][PASSED] - i1 = x.indexOf("/") + 1: null

04-12-2024T07:29:31 - [TEST_STEP][PASSED] - if (i1 > -1): null

04-12-2024T07:29:31 - [TEST_STEP][PASSED] - x = x.substring(i1, x.length()): null

04-12-2024T07:29:31 - [TEST_STEP][PASSED] - i1 = x.indexOf("/") + 1: null

04-12-2024T07:29:31 - [TEST_STEP][PASSED] - if (i1 > -1): null

04-12-2024T07:29:31 - [TEST_STEP][PASSED] - x = x.substring(i1, x.length()): null

04-12-2024T07:29:31 - [TEST_STEP][PASSED] - i1 = x.indexOf("/") + 1: null

04-12-2024T07:29:31 - [TEST_STEP][PASSED] - if (i1 > -1): null

04-12-2024T07:29:31 - [TEST_STEP][PASSED] - x = x.substring(i1, x.length()): null

04-12-2024T07:29:31 - [TEST_STEP][PASSED] - i1 = x.indexOf("/"): null

04-12-2024T07:29:31 - [TEST_STEP][PASSED] - if (i1 > -1): null

04-12-2024T07:29:31 - [TEST_STEP][PASSED] - println(x): null

04-12-2024T07:29:31 - [TEST_STEP][FAILED] - return x: null

04-12-2024T07:29:31 - [TEST_STEP][PASSED] - println(o1R + "/" + o1B): null

04-12-2024T07:29:31 - [TEST_STEP][FAILED] - if (verifyEqual(PercFactR, PercFactB) == false): null

04-12-2024T07:29:31 - [MESSAGE][FAILED] - Unable to verify equal between actual object 'нет данных' and expected object '5.26' (Root cause: com.kms.katalon.core.exception.StepFailedException: Actual object 'нет данных' and expected object '5.26' are not equal
	at com.kms.katalon.core.keyword.builtin.VerifyEqualKeyword$_verifyEqual_closure1.doCall(VerifyEqualKeyword.groovy:58)
	at com.kms.katalon.core.keyword.builtin.VerifyEqualKeyword$_verifyEqual_closure1.call(VerifyEqualKeyword.groovy)
	at com.kms.katalon.core.keyword.internal.KeywordMain.runKeyword(KeywordMain.groovy:75)
	at com.kms.katalon.core.keyword.builtin.VerifyEqualKeyword.verifyEqual(VerifyEqualKeyword.groovy:63)
	at com.kms.katalon.core.keyword.builtin.VerifyEqualKeyword.execute(VerifyEqualKeyword.groovy:44)
	at com.kms.katalon.core.keyword.internal.KeywordExecutor.executeKeywordForPlatform(KeywordExecutor.groovy:74)
	at com.kms.katalon.core.keyword.BuiltinKeywords.verifyEqual(BuiltinKeywords.groovy:146)
	at jdk.internal.reflect.GeneratedMethodAccessor25.invoke(Unknown Source)
	at java.base/jdk.internal.reflect.DelegatingMethodAccessorImpl.invoke(DelegatingMethodAccessorImpl.java:43)
	at Выполнение бизнес-плана сверка дашбордов.CompareDZOData(Выполнение бизнес-плана сверка дашбордов:789)
	at Выполнение бизнес-плана сверка дашбордов.run(Выполнение бизнес-плана сверка дашбордов:623)
	at com.kms.katalon.core.main.ScriptEngine.run(ScriptEngine.java:194)
	at com.kms.katalon.core.main.ScriptEngine.runScriptAsRawText(ScriptEngine.java:119)
	at com.kms.katalon.core.main.TestCaseExecutor.runScript(TestCaseExecutor.java:448)
	at com.kms.katalon.core.main.TestCaseExecutor.doExecute(TestCaseExecutor.java:439)
	at com.kms.katalon.core.main.TestCaseExecutor.processExecutionPhase(TestCaseExecutor.java:418)
	at com.kms.katalon.core.main.TestCaseExecutor.accessMainPhase(TestCaseExecutor.java:410)
	at com.kms.katalon.core.main.TestCaseExecutor.execute(TestCaseExecutor.java:285)
	at com.kms.katalon.core.common.CommonExecutor.accessTestCaseMainPhase(CommonExecutor.java:65)
	at com.kms.katalon.core.main.TestSuiteExecutor.accessTestSuiteMainPhase(TestSuiteExecutor.java:150)
	at com.kms.katalon.core.main.TestSuiteExecutor.execute(TestSuiteExecutor.java:106)
	at com.kms.katalon.core.main.TestCaseMain.startTestSuite(TestCaseMain.java:180)
	at TempTestSuite1733285972582.run(TempTestSuite1733285972582.groovy:35)
	at java.base/jdk.internal.reflect.NativeMethodAccessorImpl.invoke0(Native Method)
	at java.base/jdk.internal.reflect.NativeMethodAccessorImpl.invoke(NativeMethodAccessorImpl.java:77)
	at java.base/jdk.internal.reflect.DelegatingMethodAccessorImpl.invoke(DelegatingMethodAccessorImpl.java:43)
)

04-12-2024T07:29:31 - [TEST_STEP][PASSED] - result = WriteToExcel(typeOfData, todaysDate, PercPlanR, PercPlanB, PercFactR, PercFactB, x, tabR, tabB, o1R, o1B, vidget): null

04-12-2024T07:29:31 - [TEST_STEP][PASSED] - iii = dZO.indexOf("/"): null

04-12-2024T07:29:31 - [TEST_STEP][PASSED] - println(iii): null

04-12-2024T07:29:31 - [TEST_STEP][PASSED] - dZO = dZO.substring(0, iii): null

04-12-2024T07:29:31 - [TEST_STEP][PASSED] - println(dZO): null

04-12-2024T07:29:31 - [TEST_STEP][PASSED] - println(PercPlanR): null

04-12-2024T07:29:31 - [TEST_STEP][PASSED] - println(PercPlanB): null

04-12-2024T07:29:31 - [TEST_STEP][PASSED] - println(PercFactR): null

04-12-2024T07:29:31 - [TEST_STEP][PASSED] - println(PercFactB): null

04-12-2024T07:29:31 - [TEST_STEP][PASSED] - println(tabR): null

04-12-2024T07:29:31 - [TEST_STEP][PASSED] - println(tabB): null

04-12-2024T07:29:31 - [TEST_STEP][PASSED] - println(o1R): null

04-12-2024T07:29:31 - [TEST_STEP][PASSED] - println(o1B): null

04-12-2024T07:29:31 - [TEST_STEP][PASSED] - PR = <not implemented yet for class: org.codehaus.groovy.ast.expr.EmptyExpression>: null

04-12-2024T07:29:31 - [TEST_STEP][PASSED] - FR = <not implemented yet for class: org.codehaus.groovy.ast.expr.EmptyExpression>: null

04-12-2024T07:29:31 - [TEST_STEP][PASSED] - PB = <not implemented yet for class: org.codehaus.groovy.ast.expr.EmptyExpression>: null

04-12-2024T07:29:31 - [TEST_STEP][PASSED] - FB = <not implemented yet for class: org.codehaus.groovy.ast.expr.EmptyExpression>: null

04-12-2024T07:29:31 - [TEST_STEP][PASSED] - TR = <not implemented yet for class: org.codehaus.groovy.ast.expr.EmptyExpression>: null

04-12-2024T07:29:31 - [TEST_STEP][PASSED] - TB = <not implemented yet for class: org.codehaus.groovy.ast.expr.EmptyExpression>: null

04-12-2024T07:29:31 - [TEST_STEP][PASSED] - sheetName = "Sheet1": null

04-12-2024T07:29:31 - [TEST_STEP][PASSED] - data = findTestData("PlanFact"): null

04-12-2024T07:29:31 - [TEST_STEP][PASSED] - n = data.getRowNumbers() + 1: null

04-12-2024T07:29:31 - [TEST_STEP][PASSED] - year = todaysDate.substring(todaysDate.length() - 4, todaysDate.length()): null

04-12-2024T07:29:31 - [TEST_STEP][PASSED] - y = year.toInteger(): null

04-12-2024T07:29:31 - [TEST_STEP][PASSED] - m = getText(findTestObject("Выполнение бизнес-плана/Выполнение бизнес-плана Балансы/Фильтр Дата")): Text of object 'Object Repository/Выполнение бизнес-плана/Выполнение бизнес-плана Балансы/Фильтр Дата' is: '1, 2, 3 кв., Октябрь 2024 года'

04-12-2024T07:29:32 - [MESSAGE][PASSED] - Text of object 'Object Repository/Выполнение бизнес-плана/Выполнение бизнес-плана Балансы/Фильтр Дата' is: '1, 2, 3 кв., Октябрь 2024 года'

04-12-2024T07:29:32 - [TEST_STEP][PASSED] - m = m.substring(0, m.indexOf("2024")): null

04-12-2024T07:29:32 - [TEST_STEP][PASSED] - m = m.trim(): null

04-12-2024T07:29:32 - [TEST_STEP][PASSED] - dashboardName = "Выполнение бизнес-плана": null

04-12-2024T07:29:32 - [TEST_STEP][PASSED] - workbook01 = getWorkbook(excelFilePath): null

04-12-2024T07:29:32 - [TEST_STEP][PASSED] - sheet01 = getExcelSheet(workbook01, sheetName): null

04-12-2024T07:29:32 - [TEST_STEP][PASSED] - setValueToCellByIndex(sheet01, n, 0, dashboardName): null

04-12-2024T07:29:32 - [TEST_STEP][PASSED] - setValueToCellByIndex(sheet01, n, 1, dZO): null

04-12-2024T07:29:32 - [TEST_STEP][PASSED] - setValueToCellByIndex(sheet01, n, 2, typeOfData): null

04-12-2024T07:29:32 - [TEST_STEP][PASSED] - setValueToCellByIndex(sheet01, n, 3, typeOfData): null

04-12-2024T07:29:32 - [TEST_STEP][PASSED] - if (typeOfData == "План"): null

04-12-2024T07:29:32 - [TEST_STEP][PASSED] - else if (typeOfData == "Факт"): null

04-12-2024T07:29:32 - [TEST_STEP][PASSED] - else if (vidget.contains("электроэнергии") == true): null

04-12-2024T07:29:32 - [TEST_STEP][PASSED] - else: null

04-12-2024T07:29:32 - [TEST_STEP][PASSED] - if (o1R == null): null

04-12-2024T07:29:32 - [TEST_STEP][PASSED] - else: null

04-12-2024T07:29:32 - [TEST_STEP][PASSED] - if (o1R == "нет данных"): null

04-12-2024T07:29:32 - [TEST_STEP][PASSED] - setValueToCellByIndex(sheet01, n, 4, "нет данных"): null

04-12-2024T07:29:32 - [TEST_STEP][PASSED] - if (o1B == null): null

04-12-2024T07:29:32 - [TEST_STEP][PASSED] - else: null

04-12-2024T07:29:32 - [TEST_STEP][PASSED] - if (o1B == "нет данных"): null

04-12-2024T07:29:32 - [TEST_STEP][PASSED] - else: null

04-12-2024T07:29:32 - [TEST_STEP][PASSED] - FB = o1B.toDouble(): null

04-12-2024T07:29:32 - [TEST_STEP][PASSED] - setValueToCellByIndex(sheet01, n, 5, FB): null

04-12-2024T07:29:32 - [TEST_STEP][PASSED] - setValueToCellByIndex(sheet01, n, 6, m): null

04-12-2024T07:29:32 - [TEST_STEP][PASSED] - setValueToCellByIndex(sheet01, n, 7, y): null

04-12-2024T07:29:32 - [TEST_STEP][PASSED] - setValueToCellByIndex(sheet01, n, 8, todaysDate): null

04-12-2024T07:29:32 - [TEST_STEP][PASSED] - n = n + 1: null

04-12-2024T07:29:32 - [TEST_STEP][FAILED] - saveWorkbook(excelFilePath, workbook01): null

04-12-2024T07:29:32 - [TEST_STEP][PASSED] - if (verifyEqual(siR, siB) == false): Actual object 'Россети Сибирь (ГК)/7.14/7.09/52412668/48697705/3714964/50003068/46434624/3568444/-0.05' and expected object 'Россети Сибирь (ГК)/7.14/7.09/52412668/48697705/3714964/50003068/46434624/3568444/-0.05' are equal

04-12-2024T07:29:32 - [MESSAGE][PASSED] - Actual object 'Россети Сибирь (ГК)/7.14/7.09/52412668/48697705/3714964/50003068/46434624/3568444/-0.05' and expected object 'Россети Сибирь (ГК)/7.14/7.09/52412668/48697705/3714964/50003068/46434624/3568444/-0.05' are equal

04-12-2024T07:29:32 - [TEST_STEP][FAILED] - if (verifyEqual(tomR, tomB) == false): null

04-12-2024T07:29:32 - [MESSAGE][FAILED] - Unable to verify equal between actual object 'Россети Томск/нет данных/нет данных/нет данных/нет данных/нет данных/нет данных/нет данных/нет данных/нет данных' and expected object 'Россети Томск/8.29/8.28/4235220/3884378/350842/4062314/3725557/336757/-0.01' (Root cause: com.kms.katalon.core.exception.StepFailedException: Actual object 'Россети Томск/нет данных/нет данных/нет данных/нет данных/нет данных/нет данных/нет данных/нет данных/нет данных' and expected object 'Россети Томск/8.29/8.28/4235220/3884378/350842/4062314/3725557/336757/-0.01' are not equal
	at com.kms.katalon.core.keyword.builtin.VerifyEqualKeyword$_verifyEqual_closure1.doCall(VerifyEqualKeyword.groovy:58)
	at com.kms.katalon.core.keyword.builtin.VerifyEqualKeyword$_verifyEqual_closure1.call(VerifyEqualKeyword.groovy)
	at com.kms.katalon.core.keyword.internal.KeywordMain.runKeyword(KeywordMain.groovy:75)
	at com.kms.katalon.core.keyword.builtin.VerifyEqualKeyword.verifyEqual(VerifyEqualKeyword.groovy:63)
	at com.kms.katalon.core.keyword.builtin.VerifyEqualKeyword.execute(VerifyEqualKeyword.groovy:44)
	at com.kms.katalon.core.keyword.internal.KeywordExecutor.executeKeywordForPlatform(KeywordExecutor.groovy:74)
	at com.kms.katalon.core.keyword.BuiltinKeywords.verifyEqual(BuiltinKeywords.groovy:146)
	at jdk.internal.reflect.GeneratedMethodAccessor25.invoke(Unknown Source)
	at java.base/jdk.internal.reflect.DelegatingMethodAccessorImpl.invoke(DelegatingMethodAccessorImpl.java:43)
	at Выполнение бизнес-плана сверка дашбордов.run(Выполнение бизнес-плана сверка дашбордов:632)
	at com.kms.katalon.core.main.ScriptEngine.run(ScriptEngine.java:194)
	at com.kms.katalon.core.main.ScriptEngine.runScriptAsRawText(ScriptEngine.java:119)
	at com.kms.katalon.core.main.TestCaseExecutor.runScript(TestCaseExecutor.java:448)
	at com.kms.katalon.core.main.TestCaseExecutor.doExecute(TestCaseExecutor.java:439)
	at com.kms.katalon.core.main.TestCaseExecutor.processExecutionPhase(TestCaseExecutor.java:418)
	at com.kms.katalon.core.main.TestCaseExecutor.accessMainPhase(TestCaseExecutor.java:410)
	at com.kms.katalon.core.main.TestCaseExecutor.execute(TestCaseExecutor.java:285)
	at com.kms.katalon.core.common.CommonExecutor.accessTestCaseMainPhase(CommonExecutor.java:65)
	at com.kms.katalon.core.main.TestSuiteExecutor.accessTestSuiteMainPhase(TestSuiteExecutor.java:150)
	at com.kms.katalon.core.main.TestSuiteExecutor.execute(TestSuiteExecutor.java:106)
	at com.kms.katalon.core.main.TestCaseMain.startTestSuite(TestCaseMain.java:180)
	at TempTestSuite1733285972582.run(TempTestSuite1733285972582.groovy:35)
	at java.base/jdk.internal.reflect.NativeMethodAccessorImpl.invoke0(Native Method)
	at java.base/jdk.internal.reflect.NativeMethodAccessorImpl.invoke(NativeMethodAccessorImpl.java:77)
	at java.base/jdk.internal.reflect.DelegatingMethodAccessorImpl.invoke(DelegatingMethodAccessorImpl.java:43)
)

04-12-2024T07:29:32 - [TEST_STEP][PASSED] - result = CompareDZOData(a = tomR, b = tomB, dZO, typeOfData, PercPlanR, PercPlanB, PercFactR, PercFactB, todaysDate, x, vidget, tabR, tabB, o1R, o1B): null

04-12-2024T07:29:32 - [TEST_STEP][PASSED] - ii2 = <not implemented yet for class: org.codehaus.groovy.ast.expr.EmptyExpression>: null

04-12-2024T07:29:32 - [TEST_STEP][FAILED] - if (verifyEqual(a, b) == false): null

04-12-2024T07:29:32 - [MESSAGE][FAILED] - Unable to verify equal between actual object 'Россети Томск/нет данных/нет данных/нет данных/нет данных/нет данных/нет данных/нет данных/нет данных/нет данных' and expected object 'Россети Томск/8.29/8.28/4235220/3884378/350842/4062314/3725557/336757/-0.01' (Root cause: com.kms.katalon.core.exception.StepFailedException: Actual object 'Россети Томск/нет данных/нет данных/нет данных/нет данных/нет данных/нет данных/нет данных/нет данных/нет данных' and expected object 'Россети Томск/8.29/8.28/4235220/3884378/350842/4062314/3725557/336757/-0.01' are not equal
	at com.kms.katalon.core.keyword.builtin.VerifyEqualKeyword$_verifyEqual_closure1.doCall(VerifyEqualKeyword.groovy:58)
	at com.kms.katalon.core.keyword.builtin.VerifyEqualKeyword$_verifyEqual_closure1.call(VerifyEqualKeyword.groovy)
	at com.kms.katalon.core.keyword.internal.KeywordMain.runKeyword(KeywordMain.groovy:75)
	at com.kms.katalon.core.keyword.builtin.VerifyEqualKeyword.verifyEqual(VerifyEqualKeyword.groovy:63)
	at com.kms.katalon.core.keyword.builtin.VerifyEqualKeyword.execute(VerifyEqualKeyword.groovy:44)
	at com.kms.katalon.core.keyword.internal.KeywordExecutor.executeKeywordForPlatform(KeywordExecutor.groovy:74)
	at com.kms.katalon.core.keyword.BuiltinKeywords.verifyEqual(BuiltinKeywords.groovy:146)
	at jdk.internal.reflect.GeneratedMethodAccessor25.invoke(Unknown Source)
	at java.base/jdk.internal.reflect.DelegatingMethodAccessorImpl.invoke(DelegatingMethodAccessorImpl.java:43)
	at Выполнение бизнес-плана сверка дашбордов.CompareDZOData(Выполнение бизнес-плана сверка дашбордов:673)
	at Выполнение бизнес-плана сверка дашбордов.run(Выполнение бизнес-плана сверка дашбордов:633)
	at com.kms.katalon.core.main.ScriptEngine.run(ScriptEngine.java:194)
	at com.kms.katalon.core.main.ScriptEngine.runScriptAsRawText(ScriptEngine.java:119)
	at com.kms.katalon.core.main.TestCaseExecutor.runScript(TestCaseExecutor.java:448)
	at com.kms.katalon.core.main.TestCaseExecutor.doExecute(TestCaseExecutor.java:439)
	at com.kms.katalon.core.main.TestCaseExecutor.processExecutionPhase(TestCaseExecutor.java:418)
	at com.kms.katalon.core.main.TestCaseExecutor.accessMainPhase(TestCaseExecutor.java:410)
	at com.kms.katalon.core.main.TestCaseExecutor.execute(TestCaseExecutor.java:285)
	at com.kms.katalon.core.common.CommonExecutor.accessTestCaseMainPhase(CommonExecutor.java:65)
	at com.kms.katalon.core.main.TestSuiteExecutor.accessTestSuiteMainPhase(TestSuiteExecutor.java:150)
	at com.kms.katalon.core.main.TestSuiteExecutor.execute(TestSuiteExecutor.java:106)
	at com.kms.katalon.core.main.TestCaseMain.startTestSuite(TestCaseMain.java:180)
	at TempTestSuite1733285972582.run(TempTestSuite1733285972582.groovy:35)
	at java.base/jdk.internal.reflect.NativeMethodAccessorImpl.invoke0(Native Method)
	at java.base/jdk.internal.reflect.NativeMethodAccessorImpl.invoke(NativeMethodAccessorImpl.java:77)
	at java.base/jdk.internal.reflect.DelegatingMethodAccessorImpl.invoke(DelegatingMethodAccessorImpl.java:43)
)

04-12-2024T07:29:32 - [TEST_STEP][PASSED] - vidget = "Уровень потерь электроэнергии": null

04-12-2024T07:29:32 - [TEST_STEP][PASSED] - typeOfData = "План": null

04-12-2024T07:29:32 - [TEST_STEP][PASSED] - PercPlanR = GetPercPlanR(x = a): null

04-12-2024T07:29:32 - [TEST_STEP][PASSED] - i1 = <not implemented yet for class: org.codehaus.groovy.ast.expr.EmptyExpression>: null

04-12-2024T07:29:32 - [TEST_STEP][PASSED] - i1 = x.indexOf("/") + 1: null

04-12-2024T07:29:32 - [TEST_STEP][PASSED] - if (i1 > -1): null

04-12-2024T07:29:32 - [TEST_STEP][PASSED] - x = x.substring(i1, x.length()): null

04-12-2024T07:29:32 - [TEST_STEP][PASSED] - i1 = x.indexOf("/"): null

04-12-2024T07:29:32 - [TEST_STEP][PASSED] - if (i1 > -1): null

04-12-2024T07:29:32 - [TEST_STEP][PASSED] - x = x.substring(0, i1): null

04-12-2024T07:29:32 - [TEST_STEP][PASSED] - return x: null

04-12-2024T07:29:32 - [TEST_STEP][PASSED] - PercPlanB = GetPercPlanB(x = b): null

04-12-2024T07:29:32 - [TEST_STEP][PASSED] - i1 = <not implemented yet for class: org.codehaus.groovy.ast.expr.EmptyExpression>: null

04-12-2024T07:29:32 - [TEST_STEP][PASSED] - i1 = x.indexOf("/") + 1: null

04-12-2024T07:29:32 - [TEST_STEP][PASSED] - if (i1 > -1): null

04-12-2024T07:29:32 - [TEST_STEP][PASSED] - x = x.substring(i1, x.length()): null

04-12-2024T07:29:32 - [TEST_STEP][PASSED] - i1 = x.indexOf("/"): null

04-12-2024T07:29:32 - [TEST_STEP][PASSED] - if (i1 > -1): null

04-12-2024T07:29:32 - [TEST_STEP][PASSED] - x = x.substring(0, i1): null

04-12-2024T07:29:32 - [TEST_STEP][FAILED] - return x: null

04-12-2024T07:29:32 - [TEST_STEP][FAILED] - if (verifyEqual(PercPlanR, PercPlanB) == false): null

04-12-2024T07:29:32 - [MESSAGE][FAILED] - Unable to verify equal between actual object 'нет данных' and expected object '8.29' (Root cause: com.kms.katalon.core.exception.StepFailedException: Actual object 'нет данных' and expected object '8.29' are not equal
	at com.kms.katalon.core.keyword.builtin.VerifyEqualKeyword$_verifyEqual_closure1.doCall(VerifyEqualKeyword.groovy:58)
	at com.kms.katalon.core.keyword.builtin.VerifyEqualKeyword$_verifyEqual_closure1.call(VerifyEqualKeyword.groovy)
	at com.kms.katalon.core.keyword.internal.KeywordMain.runKeyword(KeywordMain.groovy:75)
	at com.kms.katalon.core.keyword.builtin.VerifyEqualKeyword.verifyEqual(VerifyEqualKeyword.groovy:63)
	at com.kms.katalon.core.keyword.builtin.VerifyEqualKeyword.execute(VerifyEqualKeyword.groovy:44)
	at com.kms.katalon.core.keyword.internal.KeywordExecutor.executeKeywordForPlatform(KeywordExecutor.groovy:74)
	at com.kms.katalon.core.keyword.BuiltinKeywords.verifyEqual(BuiltinKeywords.groovy:146)
	at jdk.internal.reflect.GeneratedMethodAccessor25.invoke(Unknown Source)
	at java.base/jdk.internal.reflect.DelegatingMethodAccessorImpl.invoke(DelegatingMethodAccessorImpl.java:43)
	at Выполнение бизнес-плана сверка дашбордов.CompareDZOData(Выполнение бизнес-плана сверка дашбордов:682)
	at Выполнение бизнес-плана сверка дашбордов.run(Выполнение бизнес-плана сверка дашбордов:633)
	at com.kms.katalon.core.main.ScriptEngine.run(ScriptEngine.java:194)
	at com.kms.katalon.core.main.ScriptEngine.runScriptAsRawText(ScriptEngine.java:119)
	at com.kms.katalon.core.main.TestCaseExecutor.runScript(TestCaseExecutor.java:448)
	at com.kms.katalon.core.main.TestCaseExecutor.doExecute(TestCaseExecutor.java:439)
	at com.kms.katalon.core.main.TestCaseExecutor.processExecutionPhase(TestCaseExecutor.java:418)
	at com.kms.katalon.core.main.TestCaseExecutor.accessMainPhase(TestCaseExecutor.java:410)
	at com.kms.katalon.core.main.TestCaseExecutor.execute(TestCaseExecutor.java:285)
	at com.kms.katalon.core.common.CommonExecutor.accessTestCaseMainPhase(CommonExecutor.java:65)
	at com.kms.katalon.core.main.TestSuiteExecutor.accessTestSuiteMainPhase(TestSuiteExecutor.java:150)
	at com.kms.katalon.core.main.TestSuiteExecutor.execute(TestSuiteExecutor.java:106)
	at com.kms.katalon.core.main.TestCaseMain.startTestSuite(TestCaseMain.java:180)
	at TempTestSuite1733285972582.run(TempTestSuite1733285972582.groovy:35)
	at java.base/jdk.internal.reflect.NativeMethodAccessorImpl.invoke0(Native Method)
	at java.base/jdk.internal.reflect.NativeMethodAccessorImpl.invoke(NativeMethodAccessorImpl.java:77)
	at java.base/jdk.internal.reflect.DelegatingMethodAccessorImpl.invoke(DelegatingMethodAccessorImpl.java:43)
)

04-12-2024T07:29:32 - [TEST_STEP][PASSED] - result = WriteToExcel(typeOfData, todaysDate, PercPlanR, PercPlanB, PercFactR, PercFactB, x, tabR, tabB, o1R, o1B, vidget): null

04-12-2024T07:29:32 - [TEST_STEP][PASSED] - iii = dZO.indexOf("/"): null

04-12-2024T07:29:32 - [TEST_STEP][PASSED] - println(iii): null

04-12-2024T07:29:32 - [TEST_STEP][PASSED] - dZO = dZO.substring(0, iii): null

04-12-2024T07:29:32 - [TEST_STEP][PASSED] - println(dZO): null

04-12-2024T07:29:32 - [TEST_STEP][PASSED] - println(PercPlanR): null

04-12-2024T07:29:32 - [TEST_STEP][PASSED] - println(PercPlanB): null

04-12-2024T07:29:32 - [TEST_STEP][PASSED] - println(PercFactR): null

04-12-2024T07:29:32 - [TEST_STEP][PASSED] - println(PercFactB): null

04-12-2024T07:29:32 - [TEST_STEP][PASSED] - println(tabR): null

04-12-2024T07:29:32 - [TEST_STEP][PASSED] - println(tabB): null

04-12-2024T07:29:32 - [TEST_STEP][PASSED] - println(o1R): null

04-12-2024T07:29:32 - [TEST_STEP][PASSED] - println(o1B): null

04-12-2024T07:29:32 - [TEST_STEP][PASSED] - PR = <not implemented yet for class: org.codehaus.groovy.ast.expr.EmptyExpression>: null

04-12-2024T07:29:32 - [TEST_STEP][PASSED] - FR = <not implemented yet for class: org.codehaus.groovy.ast.expr.EmptyExpression>: null

04-12-2024T07:29:32 - [TEST_STEP][PASSED] - PB = <not implemented yet for class: org.codehaus.groovy.ast.expr.EmptyExpression>: null

04-12-2024T07:29:32 - [TEST_STEP][PASSED] - FB = <not implemented yet for class: org.codehaus.groovy.ast.expr.EmptyExpression>: null

04-12-2024T07:29:32 - [TEST_STEP][PASSED] - TR = <not implemented yet for class: org.codehaus.groovy.ast.expr.EmptyExpression>: null

04-12-2024T07:29:32 - [TEST_STEP][PASSED] - TB = <not implemented yet for class: org.codehaus.groovy.ast.expr.EmptyExpression>: null

04-12-2024T07:29:32 - [TEST_STEP][PASSED] - sheetName = "Sheet1": null

04-12-2024T07:29:32 - [TEST_STEP][PASSED] - data = findTestData("PlanFact"): null

04-12-2024T07:29:32 - [TEST_STEP][PASSED] - n = data.getRowNumbers() + 1: null

04-12-2024T07:29:32 - [TEST_STEP][PASSED] - year = todaysDate.substring(todaysDate.length() - 4, todaysDate.length()): null

04-12-2024T07:29:32 - [TEST_STEP][PASSED] - y = year.toInteger(): null

04-12-2024T07:29:32 - [TEST_STEP][PASSED] - m = getText(findTestObject("Выполнение бизнес-плана/Выполнение бизнес-плана Балансы/Фильтр Дата")): Text of object 'Object Repository/Выполнение бизнес-плана/Выполнение бизнес-плана Балансы/Фильтр Дата' is: '1, 2, 3 кв., Октябрь 2024 года'

04-12-2024T07:29:32 - [MESSAGE][PASSED] - Text of object 'Object Repository/Выполнение бизнес-плана/Выполнение бизнес-плана Балансы/Фильтр Дата' is: '1, 2, 3 кв., Октябрь 2024 года'

04-12-2024T07:29:32 - [TEST_STEP][PASSED] - m = m.substring(0, m.indexOf("2024")): null

04-12-2024T07:29:32 - [TEST_STEP][PASSED] - m = m.trim(): null

04-12-2024T07:29:32 - [TEST_STEP][PASSED] - dashboardName = "Выполнение бизнес-плана": null

04-12-2024T07:29:32 - [TEST_STEP][PASSED] - workbook01 = getWorkbook(excelFilePath): null

04-12-2024T07:29:32 - [TEST_STEP][PASSED] - sheet01 = getExcelSheet(workbook01, sheetName): null

04-12-2024T07:29:32 - [TEST_STEP][PASSED] - setValueToCellByIndex(sheet01, n, 0, dashboardName): null

04-12-2024T07:29:32 - [TEST_STEP][PASSED] - setValueToCellByIndex(sheet01, n, 1, dZO): null

04-12-2024T07:29:32 - [TEST_STEP][PASSED] - setValueToCellByIndex(sheet01, n, 2, typeOfData): null

04-12-2024T07:29:32 - [TEST_STEP][PASSED] - setValueToCellByIndex(sheet01, n, 3, typeOfData): null

04-12-2024T07:29:32 - [TEST_STEP][PASSED] - if (typeOfData == "План"): null

04-12-2024T07:29:32 - [TEST_STEP][PASSED] - if (PercPlanR == null): null

04-12-2024T07:29:32 - [TEST_STEP][PASSED] - else: null

04-12-2024T07:29:32 - [TEST_STEP][PASSED] - if (PercPlanR == "нет данных"): null

04-12-2024T07:29:32 - [TEST_STEP][PASSED] - setValueToCellByIndex(sheet01, n, 4, "нет данных"): null

04-12-2024T07:29:32 - [TEST_STEP][PASSED] - if (PercPlanB == null): null

04-12-2024T07:29:32 - [TEST_STEP][PASSED] - else: null

04-12-2024T07:29:32 - [TEST_STEP][PASSED] - if (PercPlanB == "нет данных"): null

04-12-2024T07:29:32 - [TEST_STEP][PASSED] - else: null

04-12-2024T07:29:32 - [TEST_STEP][PASSED] - PB = PercPlanB.toDouble(): null

04-12-2024T07:29:32 - [TEST_STEP][PASSED] - setValueToCellByIndex(sheet01, n, 5, PB): null

04-12-2024T07:29:32 - [TEST_STEP][PASSED] - setValueToCellByIndex(sheet01, n, 6, m): null

04-12-2024T07:29:32 - [TEST_STEP][PASSED] - setValueToCellByIndex(sheet01, n, 7, y): null

04-12-2024T07:29:32 - [TEST_STEP][PASSED] - setValueToCellByIndex(sheet01, n, 8, todaysDate): null

04-12-2024T07:29:32 - [TEST_STEP][PASSED] - n = n + 1: null

04-12-2024T07:29:32 - [TEST_STEP][PASSED] - saveWorkbook(excelFilePath, workbook01): null

04-12-2024T07:29:33 - [TEST_STEP][PASSED] - typeOfData = "Факт": null

04-12-2024T07:29:33 - [TEST_STEP][PASSED] - PercFactR = GetPercFactR(x = a): null

04-12-2024T07:29:33 - [TEST_STEP][PASSED] - i1 = <not implemented yet for class: org.codehaus.groovy.ast.expr.EmptyExpression>: null

04-12-2024T07:29:33 - [TEST_STEP][PASSED] - ii = <not implemented yet for class: org.codehaus.groovy.ast.expr.EmptyExpression>: null

04-12-2024T07:29:33 - [TEST_STEP][PASSED] - for ([ii = 1, ii < 3, (ii++)]): null

04-12-2024T07:29:33 - [TEST_STEP][PASSED] - i1 = x.indexOf("/") + 1: null

04-12-2024T07:29:33 - [TEST_STEP][PASSED] - if (i1 > -1): null

04-12-2024T07:29:33 - [TEST_STEP][PASSED] - x = x.substring(i1, x.length()): null

04-12-2024T07:29:33 - [TEST_STEP][PASSED] - println(x): null

04-12-2024T07:29:33 - [TEST_STEP][PASSED] - i1 = x.indexOf("/") + 1: null

04-12-2024T07:29:33 - [TEST_STEP][PASSED] - if (i1 > -1): null

04-12-2024T07:29:33 - [TEST_STEP][PASSED] - x = x.substring(i1, x.length()): null

04-12-2024T07:29:33 - [TEST_STEP][PASSED] - println(x): null

04-12-2024T07:29:33 - [TEST_STEP][PASSED] - i1 = x.indexOf("/"): null

04-12-2024T07:29:33 - [TEST_STEP][PASSED] - if (i1 > -1): null

04-12-2024T07:29:33 - [TEST_STEP][PASSED] - x = x.substring(0, i1): null

04-12-2024T07:29:33 - [TEST_STEP][PASSED] - println(x): null

04-12-2024T07:29:33 - [TEST_STEP][PASSED] - return x: null

04-12-2024T07:29:33 - [TEST_STEP][PASSED] - PercFactB = GetPercFactB(x = b): null

04-12-2024T07:29:33 - [TEST_STEP][PASSED] - i1 = <not implemented yet for class: org.codehaus.groovy.ast.expr.EmptyExpression>: null

04-12-2024T07:29:33 - [TEST_STEP][PASSED] - ii = <not implemented yet for class: org.codehaus.groovy.ast.expr.EmptyExpression>: null

04-12-2024T07:29:33 - [TEST_STEP][PASSED] - for ([ii = 1, ii < 3, (ii++)]): null

04-12-2024T07:29:33 - [TEST_STEP][PASSED] - i1 = x.indexOf("/") + 1: null

04-12-2024T07:29:33 - [TEST_STEP][PASSED] - if (i1 > -1): null

04-12-2024T07:29:33 - [TEST_STEP][PASSED] - x = x.substring(i1, x.length()): null

04-12-2024T07:29:33 - [TEST_STEP][PASSED] - println(x): null

04-12-2024T07:29:33 - [TEST_STEP][PASSED] - i1 = x.indexOf("/") + 1: null

04-12-2024T07:29:33 - [TEST_STEP][PASSED] - if (i1 > -1): null

04-12-2024T07:29:33 - [TEST_STEP][PASSED] - x = x.substring(i1, x.length()): null

04-12-2024T07:29:33 - [TEST_STEP][PASSED] - println(x): null

04-12-2024T07:29:33 - [TEST_STEP][PASSED] - i1 = x.indexOf("/"): null

04-12-2024T07:29:33 - [TEST_STEP][PASSED] - if (i1 > -1): null

04-12-2024T07:29:33 - [TEST_STEP][PASSED] - x = x.substring(0, i1): null

04-12-2024T07:29:33 - [TEST_STEP][PASSED] - println(x): null

04-12-2024T07:29:33 - [TEST_STEP][FAILED] - return x: null

04-12-2024T07:29:33 - [TEST_STEP][FAILED] - if (verifyEqual(PercFactR, PercFactB) == false): null

04-12-2024T07:29:33 - [MESSAGE][FAILED] - Unable to verify equal between actual object 'нет данных' and expected object '8.28' (Root cause: com.kms.katalon.core.exception.StepFailedException: Actual object 'нет данных' and expected object '8.28' are not equal
	at com.kms.katalon.core.keyword.builtin.VerifyEqualKeyword$_verifyEqual_closure1.doCall(VerifyEqualKeyword.groovy:58)
	at com.kms.katalon.core.keyword.builtin.VerifyEqualKeyword$_verifyEqual_closure1.call(VerifyEqualKeyword.groovy)
	at com.kms.katalon.core.keyword.internal.KeywordMain.runKeyword(KeywordMain.groovy:75)
	at com.kms.katalon.core.keyword.builtin.VerifyEqualKeyword.verifyEqual(VerifyEqualKeyword.groovy:63)
	at com.kms.katalon.core.keyword.builtin.VerifyEqualKeyword.execute(VerifyEqualKeyword.groovy:44)
	at com.kms.katalon.core.keyword.internal.KeywordExecutor.executeKeywordForPlatform(KeywordExecutor.groovy:74)
	at com.kms.katalon.core.keyword.BuiltinKeywords.verifyEqual(BuiltinKeywords.groovy:146)
	at jdk.internal.reflect.GeneratedMethodAccessor25.invoke(Unknown Source)
	at java.base/jdk.internal.reflect.DelegatingMethodAccessorImpl.invoke(DelegatingMethodAccessorImpl.java:43)
	at Выполнение бизнес-плана сверка дашбордов.CompareDZOData(Выполнение бизнес-плана сверка дашбордов:693)
	at Выполнение бизнес-плана сверка дашбордов.run(Выполнение бизнес-плана сверка дашбордов:633)
	at com.kms.katalon.core.main.ScriptEngine.run(ScriptEngine.java:194)
	at com.kms.katalon.core.main.ScriptEngine.runScriptAsRawText(ScriptEngine.java:119)
	at com.kms.katalon.core.main.TestCaseExecutor.runScript(TestCaseExecutor.java:448)
	at com.kms.katalon.core.main.TestCaseExecutor.doExecute(TestCaseExecutor.java:439)
	at com.kms.katalon.core.main.TestCaseExecutor.processExecutionPhase(TestCaseExecutor.java:418)
	at com.kms.katalon.core.main.TestCaseExecutor.accessMainPhase(TestCaseExecutor.java:410)
	at com.kms.katalon.core.main.TestCaseExecutor.execute(TestCaseExecutor.java:285)
	at com.kms.katalon.core.common.CommonExecutor.accessTestCaseMainPhase(CommonExecutor.java:65)
	at com.kms.katalon.core.main.TestSuiteExecutor.accessTestSuiteMainPhase(TestSuiteExecutor.java:150)
	at com.kms.katalon.core.main.TestSuiteExecutor.execute(TestSuiteExecutor.java:106)
	at com.kms.katalon.core.main.TestCaseMain.startTestSuite(TestCaseMain.java:180)
	at TempTestSuite1733285972582.run(TempTestSuite1733285972582.groovy:35)
	at java.base/jdk.internal.reflect.NativeMethodAccessorImpl.invoke0(Native Method)
	at java.base/jdk.internal.reflect.NativeMethodAccessorImpl.invoke(NativeMethodAccessorImpl.java:77)
	at java.base/jdk.internal.reflect.DelegatingMethodAccessorImpl.invoke(DelegatingMethodAccessorImpl.java:43)
)

04-12-2024T07:29:33 - [TEST_STEP][PASSED] - result = WriteToExcel(typeOfData, todaysDate, PercPlanR, PercPlanB, PercFactR, PercFactB, x, tabR, tabB, o1R, o1B, vidget): null

04-12-2024T07:29:33 - [TEST_STEP][PASSED] - iii = dZO.indexOf("/"): null

04-12-2024T07:29:33 - [TEST_STEP][PASSED] - println(iii): null

04-12-2024T07:29:33 - [TEST_STEP][PASSED] - dZO = dZO.substring(0, iii): null

04-12-2024T07:29:33 - [TEST_STEP][PASSED] - println(dZO): null

04-12-2024T07:29:33 - [TEST_STEP][PASSED] - println(PercPlanR): null

04-12-2024T07:29:33 - [TEST_STEP][PASSED] - println(PercPlanB): null

04-12-2024T07:29:33 - [TEST_STEP][PASSED] - println(PercFactR): null

04-12-2024T07:29:33 - [TEST_STEP][PASSED] - println(PercFactB): null

04-12-2024T07:30:31 - [TEST_STEP][PASSED] - println(tabR): null

04-12-2024T07:30:31 - [TEST_STEP][PASSED] - println(tabB): null

04-12-2024T07:30:31 - [TEST_STEP][PASSED] - println(o1R): null

04-12-2024T07:30:31 - [TEST_STEP][PASSED] - println(o1B): null

04-12-2024T07:30:31 - [TEST_STEP][PASSED] - PR = <not implemented yet for class: org.codehaus.groovy.ast.expr.EmptyExpression>: null

04-12-2024T07:30:31 - [TEST_STEP][PASSED] - FR = <not implemented yet for class: org.codehaus.groovy.ast.expr.EmptyExpression>: null

04-12-2024T07:30:31 - [TEST_STEP][PASSED] - PB = <not implemented yet for class: org.codehaus.groovy.ast.expr.EmptyExpression>: null

04-12-2024T07:30:31 - [TEST_STEP][PASSED] - FB = <not implemented yet for class: org.codehaus.groovy.ast.expr.EmptyExpression>: null

04-12-2024T07:30:31 - [TEST_STEP][PASSED] - TR = <not implemented yet for class: org.codehaus.groovy.ast.expr.EmptyExpression>: null

04-12-2024T07:30:31 - [TEST_STEP][PASSED] - TB = <not implemented yet for class: org.codehaus.groovy.ast.expr.EmptyExpression>: null

04-12-2024T07:30:31 - [TEST_STEP][PASSED] - sheetName = "Sheet1": null

04-12-2024T07:30:31 - [TEST_STEP][PASSED] - data = findTestData("PlanFact"): null

04-12-2024T07:30:31 - [TEST_STEP][PASSED] - n = data.getRowNumbers() + 1: null

04-12-2024T07:30:31 - [TEST_STEP][PASSED] - year = todaysDate.substring(todaysDate.length() - 4, todaysDate.length()): null

04-12-2024T07:30:31 - [TEST_STEP][PASSED] - y = year.toInteger(): null

04-12-2024T07:30:31 - [TEST_STEP][PASSED] - m = getText(findTestObject("Выполнение бизнес-плана/Выполнение бизнес-плана Балансы/Фильтр Дата")): Text of object 'Object Repository/Выполнение бизнес-плана/Выполнение бизнес-плана Балансы/Фильтр Дата' is: '1, 2, 3 кв., Октябрь 2024 года'

04-12-2024T07:30:31 - [MESSAGE][PASSED] - Text of object 'Object Repository/Выполнение бизнес-плана/Выполнение бизнес-плана Балансы/Фильтр Дата' is: '1, 2, 3 кв., Октябрь 2024 года'

04-12-2024T07:30:31 - [TEST_STEP][PASSED] - m = m.substring(0, m.indexOf("2024")): null

04-12-2024T07:30:31 - [TEST_STEP][PASSED] - m = m.trim(): null

04-12-2024T07:30:31 - [TEST_STEP][PASSED] - dashboardName = "Выполнение бизнес-плана": null

04-12-2024T07:30:31 - [TEST_STEP][PASSED] - workbook01 = getWorkbook(excelFilePath): null

04-12-2024T07:30:31 - [TEST_STEP][PASSED] - sheet01 = getExcelSheet(workbook01, sheetName): null

04-12-2024T07:30:31 - [TEST_STEP][PASSED] - setValueToCellByIndex(sheet01, n, 0, dashboardName): null

04-12-2024T07:30:31 - [TEST_STEP][PASSED] - setValueToCellByIndex(sheet01, n, 1, dZO): null

04-12-2024T07:30:31 - [TEST_STEP][PASSED] - setValueToCellByIndex(sheet01, n, 2, typeOfData): null

04-12-2024T07:30:31 - [TEST_STEP][PASSED] - setValueToCellByIndex(sheet01, n, 3, typeOfData): null

04-12-2024T07:30:31 - [TEST_STEP][PASSED] - if (typeOfData == "План"): null

04-12-2024T07:30:31 - [TEST_STEP][PASSED] - else if (typeOfData == "Факт"): null

04-12-2024T07:30:31 - [TEST_STEP][PASSED] - if (PercFactR == null): null

04-12-2024T07:30:32 - [TEST_STEP][PASSED] - else: null

04-12-2024T07:30:32 - [TEST_STEP][PASSED] - if (PercFactR == "нет данных"): null

04-12-2024T07:30:32 - [TEST_STEP][PASSED] - setValueToCellByIndex(sheet01, n, 4, "нет данных"): null

04-12-2024T07:30:32 - [TEST_STEP][PASSED] - if (PercFactB == null): null

04-12-2024T07:30:32 - [TEST_STEP][PASSED] - else: null

04-12-2024T07:30:32 - [TEST_STEP][PASSED] - if (PercFactB == "нет данных"): null

04-12-2024T07:30:32 - [TEST_STEP][PASSED] - else: null

04-12-2024T07:30:32 - [TEST_STEP][PASSED] - FB = PercFactB.toDouble(): null

04-12-2024T07:30:32 - [TEST_STEP][PASSED] - setValueToCellByIndex(sheet01, n, 5, FB): null

04-12-2024T07:30:32 - [TEST_STEP][PASSED] - setValueToCellByIndex(sheet01, n, 6, m): null

04-12-2024T07:30:32 - [TEST_STEP][PASSED] - setValueToCellByIndex(sheet01, n, 7, y): null

04-12-2024T07:30:32 - [TEST_STEP][PASSED] - setValueToCellByIndex(sheet01, n, 8, todaysDate): null

04-12-2024T07:30:32 - [TEST_STEP][PASSED] - n = n + 1: null

04-12-2024T07:30:32 - [TEST_STEP][PASSED] - saveWorkbook(excelFilePath, workbook01): null

04-12-2024T07:30:32 - [TEST_STEP][PASSED] - vidget = "Показатели баланса электроэнергии по ДЗО – Факт": null

04-12-2024T07:30:32 - [TEST_STEP][PASSED] - typeOfData = "Факт Отпуск в сеть": null

04-12-2024T07:30:32 - [TEST_STEP][PASSED] - tabR = GetOvSFactR(x = a): null

04-12-2024T07:30:32 - [TEST_STEP][PASSED] - i1 = <not implemented yet for class: org.codehaus.groovy.ast.expr.EmptyExpression>: null

04-12-2024T07:30:32 - [TEST_STEP][PASSED] - ii = <not implemented yet for class: org.codehaus.groovy.ast.expr.EmptyExpression>: null

04-12-2024T07:30:32 - [TEST_STEP][PASSED] - for ([ii = 1, ii < 4, (ii++)]): null

04-12-2024T07:30:32 - [TEST_STEP][PASSED] - i1 = x.indexOf("/") + 1: null

04-12-2024T07:30:32 - [TEST_STEP][PASSED] - if (i1 > -1): null

04-12-2024T07:30:32 - [TEST_STEP][PASSED] - x = x.substring(i1, x.length()): null

04-12-2024T07:30:32 - [TEST_STEP][PASSED] - println(x): null

04-12-2024T07:30:32 - [TEST_STEP][PASSED] - i1 = x.indexOf("/") + 1: null

04-12-2024T07:30:32 - [TEST_STEP][PASSED] - if (i1 > -1): null

04-12-2024T07:30:32 - [TEST_STEP][PASSED] - x = x.substring(i1, x.length()): null

04-12-2024T07:30:32 - [TEST_STEP][PASSED] - println(x): null

04-12-2024T07:30:32 - [TEST_STEP][PASSED] - i1 = x.indexOf("/") + 1: null

04-12-2024T07:30:32 - [TEST_STEP][PASSED] - if (i1 > -1): null

04-12-2024T07:30:32 - [TEST_STEP][PASSED] - x = x.substring(i1, x.length()): null

04-12-2024T07:30:32 - [TEST_STEP][PASSED] - println(x): null

04-12-2024T07:30:32 - [TEST_STEP][PASSED] - i1 = x.indexOf("/"): null

04-12-2024T07:30:32 - [TEST_STEP][PASSED] - if (i1 > -1): null

04-12-2024T07:30:32 - [TEST_STEP][PASSED] - x = x.substring(0, i1): null

04-12-2024T07:30:32 - [TEST_STEP][PASSED] - println(x): null

04-12-2024T07:30:32 - [TEST_STEP][PASSED] - return x: null

04-12-2024T07:30:32 - [TEST_STEP][PASSED] - tabB = GetOvSFactB(x = b): null

04-12-2024T07:30:32 - [TEST_STEP][PASSED] - i1 = <not implemented yet for class: org.codehaus.groovy.ast.expr.EmptyExpression>: null

04-12-2024T07:30:32 - [TEST_STEP][PASSED] - ii = <not implemented yet for class: org.codehaus.groovy.ast.expr.EmptyExpression>: null

04-12-2024T07:30:32 - [TEST_STEP][PASSED] - for ([ii = 1, ii < 4, (ii++)]): null

04-12-2024T07:30:32 - [TEST_STEP][PASSED] - i1 = x.indexOf("/") + 1: null

04-12-2024T07:30:32 - [TEST_STEP][PASSED] - if (i1 > -1): null

04-12-2024T07:30:32 - [TEST_STEP][PASSED] - x = x.substring(i1, x.length()): null

04-12-2024T07:30:32 - [TEST_STEP][PASSED] - println(x): null

04-12-2024T07:30:32 - [TEST_STEP][PASSED] - i1 = x.indexOf("/") + 1: null

04-12-2024T07:30:32 - [TEST_STEP][PASSED] - if (i1 > -1): null

04-12-2024T07:30:32 - [TEST_STEP][PASSED] - x = x.substring(i1, x.length()): null

04-12-2024T07:30:32 - [TEST_STEP][PASSED] - println(x): null

04-12-2024T07:30:32 - [TEST_STEP][PASSED] - i1 = x.indexOf("/") + 1: null

04-12-2024T07:30:32 - [TEST_STEP][PASSED] - if (i1 > -1): null

04-12-2024T07:30:32 - [TEST_STEP][PASSED] - x = x.substring(i1, x.length()): null

04-12-2024T07:30:32 - [TEST_STEP][PASSED] - println(x): null

04-12-2024T07:30:32 - [TEST_STEP][PASSED] - i1 = x.indexOf("/"): null

04-12-2024T07:30:32 - [TEST_STEP][PASSED] - if (i1 > -1): null

04-12-2024T07:30:32 - [TEST_STEP][PASSED] - x = x.substring(0, i1): null

04-12-2024T07:30:32 - [TEST_STEP][PASSED] - println(x): null

04-12-2024T07:30:32 - [TEST_STEP][FAILED] - return x: null

04-12-2024T07:30:32 - [TEST_STEP][FAILED] - if (verifyEqual(tabR, tabB) == false): null

04-12-2024T07:30:32 - [MESSAGE][FAILED] - Unable to verify equal between actual object 'нет данных' and expected object '4235220' (Root cause: com.kms.katalon.core.exception.StepFailedException: Actual object 'нет данных' and expected object '4235220' are not equal
	at com.kms.katalon.core.keyword.builtin.VerifyEqualKeyword$_verifyEqual_closure1.doCall(VerifyEqualKeyword.groovy:58)
	at com.kms.katalon.core.keyword.builtin.VerifyEqualKeyword$_verifyEqual_closure1.call(VerifyEqualKeyword.groovy)
	at com.kms.katalon.core.keyword.internal.KeywordMain.runKeyword(KeywordMain.groovy:75)
	at com.kms.katalon.core.keyword.builtin.VerifyEqualKeyword.verifyEqual(VerifyEqualKeyword.groovy:63)
	at com.kms.katalon.core.keyword.builtin.VerifyEqualKeyword.execute(VerifyEqualKeyword.groovy:44)
	at com.kms.katalon.core.keyword.internal.KeywordExecutor.executeKeywordForPlatform(KeywordExecutor.groovy:74)
	at com.kms.katalon.core.keyword.BuiltinKeywords.verifyEqual(BuiltinKeywords.groovy:146)
	at jdk.internal.reflect.GeneratedMethodAccessor25.invoke(Unknown Source)
	at java.base/jdk.internal.reflect.DelegatingMethodAccessorImpl.invoke(DelegatingMethodAccessorImpl.java:43)
	at Выполнение бизнес-плана сверка дашбордов.CompareDZOData(Выполнение бизнес-плана сверка дашбордов:706)
	at Выполнение бизнес-плана сверка дашбордов.run(Выполнение бизнес-плана сверка дашбордов:633)
	at com.kms.katalon.core.main.ScriptEngine.run(ScriptEngine.java:194)
	at com.kms.katalon.core.main.ScriptEngine.runScriptAsRawText(ScriptEngine.java:119)
	at com.kms.katalon.core.main.TestCaseExecutor.runScript(TestCaseExecutor.java:448)
	at com.kms.katalon.core.main.TestCaseExecutor.doExecute(TestCaseExecutor.java:439)
	at com.kms.katalon.core.main.TestCaseExecutor.processExecutionPhase(TestCaseExecutor.java:418)
	at com.kms.katalon.core.main.TestCaseExecutor.accessMainPhase(TestCaseExecutor.java:410)
	at com.kms.katalon.core.main.TestCaseExecutor.execute(TestCaseExecutor.java:285)
	at com.kms.katalon.core.common.CommonExecutor.accessTestCaseMainPhase(CommonExecutor.java:65)
	at com.kms.katalon.core.main.TestSuiteExecutor.accessTestSuiteMainPhase(TestSuiteExecutor.java:150)
	at com.kms.katalon.core.main.TestSuiteExecutor.execute(TestSuiteExecutor.java:106)
	at com.kms.katalon.core.main.TestCaseMain.startTestSuite(TestCaseMain.java:180)
	at TempTestSuite1733285972582.run(TempTestSuite1733285972582.groovy:35)
	at java.base/jdk.internal.reflect.NativeMethodAccessorImpl.invoke0(Native Method)
	at java.base/jdk.internal.reflect.NativeMethodAccessorImpl.invoke(NativeMethodAccessorImpl.java:77)
	at java.base/jdk.internal.reflect.DelegatingMethodAccessorImpl.invoke(DelegatingMethodAccessorImpl.java:43)
)

04-12-2024T07:30:32 - [TEST_STEP][PASSED] - result = WriteToExcel(typeOfData, todaysDate, PercPlanR, PercPlanB, PercFactR, PercFactB, x, tabR, tabB, o1R, o1B, vidget): null

04-12-2024T07:30:32 - [TEST_STEP][PASSED] - iii = dZO.indexOf("/"): null

04-12-2024T07:30:32 - [TEST_STEP][PASSED] - println(iii): null

04-12-2024T07:30:32 - [TEST_STEP][PASSED] - dZO = dZO.substring(0, iii): null

04-12-2024T07:30:32 - [TEST_STEP][PASSED] - println(dZO): null

04-12-2024T07:30:32 - [TEST_STEP][PASSED] - println(PercPlanR): null

04-12-2024T07:30:32 - [TEST_STEP][PASSED] - println(PercPlanB): null

04-12-2024T07:30:32 - [TEST_STEP][PASSED] - println(PercFactR): null

04-12-2024T07:30:32 - [TEST_STEP][PASSED] - println(PercFactB): null

04-12-2024T07:30:32 - [TEST_STEP][PASSED] - println(tabR): null

04-12-2024T07:30:32 - [TEST_STEP][PASSED] - println(tabB): null

04-12-2024T07:30:32 - [TEST_STEP][PASSED] - println(o1R): null

04-12-2024T07:30:32 - [TEST_STEP][PASSED] - println(o1B): null

04-12-2024T07:30:32 - [TEST_STEP][PASSED] - PR = <not implemented yet for class: org.codehaus.groovy.ast.expr.EmptyExpression>: null

04-12-2024T07:30:32 - [TEST_STEP][PASSED] - FR = <not implemented yet for class: org.codehaus.groovy.ast.expr.EmptyExpression>: null

04-12-2024T07:30:32 - [TEST_STEP][PASSED] - PB = <not implemented yet for class: org.codehaus.groovy.ast.expr.EmptyExpression>: null

04-12-2024T07:30:32 - [TEST_STEP][PASSED] - FB = <not implemented yet for class: org.codehaus.groovy.ast.expr.EmptyExpression>: null

04-12-2024T07:30:32 - [TEST_STEP][PASSED] - TR = <not implemented yet for class: org.codehaus.groovy.ast.expr.EmptyExpression>: null

04-12-2024T07:30:32 - [TEST_STEP][PASSED] - TB = <not implemented yet for class: org.codehaus.groovy.ast.expr.EmptyExpression>: null

04-12-2024T07:30:32 - [TEST_STEP][PASSED] - sheetName = "Sheet1": null

04-12-2024T07:30:32 - [TEST_STEP][PASSED] - data = findTestData("PlanFact"): null

04-12-2024T07:30:32 - [TEST_STEP][PASSED] - n = data.getRowNumbers() + 1: null

04-12-2024T07:30:32 - [TEST_STEP][PASSED] - year = todaysDate.substring(todaysDate.length() - 4, todaysDate.length()): null

04-12-2024T07:30:32 - [TEST_STEP][PASSED] - y = year.toInteger(): null

04-12-2024T07:30:32 - [TEST_STEP][PASSED] - m = getText(findTestObject("Выполнение бизнес-плана/Выполнение бизнес-плана Балансы/Фильтр Дата")): Text of object 'Object Repository/Выполнение бизнес-плана/Выполнение бизнес-плана Балансы/Фильтр Дата' is: '1, 2, 3 кв., Октябрь 2024 года'

04-12-2024T07:30:32 - [MESSAGE][PASSED] - Text of object 'Object Repository/Выполнение бизнес-плана/Выполнение бизнес-плана Балансы/Фильтр Дата' is: '1, 2, 3 кв., Октябрь 2024 года'

04-12-2024T07:30:32 - [TEST_STEP][PASSED] - m = m.substring(0, m.indexOf("2024")): null

04-12-2024T07:30:32 - [TEST_STEP][PASSED] - m = m.trim(): null

04-12-2024T07:30:32 - [TEST_STEP][PASSED] - dashboardName = "Выполнение бизнес-плана": null

04-12-2024T07:30:32 - [TEST_STEP][PASSED] - workbook01 = getWorkbook(excelFilePath): null

04-12-2024T07:30:32 - [TEST_STEP][PASSED] - sheet01 = getExcelSheet(workbook01, sheetName): null

04-12-2024T07:30:32 - [TEST_STEP][PASSED] - setValueToCellByIndex(sheet01, n, 0, dashboardName): null

04-12-2024T07:30:32 - [TEST_STEP][PASSED] - setValueToCellByIndex(sheet01, n, 1, dZO): null

04-12-2024T07:30:32 - [TEST_STEP][PASSED] - setValueToCellByIndex(sheet01, n, 2, typeOfData): null

04-12-2024T07:30:32 - [TEST_STEP][PASSED] - setValueToCellByIndex(sheet01, n, 3, typeOfData): null

04-12-2024T07:30:32 - [TEST_STEP][PASSED] - if (typeOfData == "План"): null

04-12-2024T07:30:32 - [TEST_STEP][PASSED] - else if (typeOfData == "Факт"): null

04-12-2024T07:30:32 - [TEST_STEP][PASSED] - else if (vidget.contains("электроэнергии") == true): null

04-12-2024T07:30:32 - [TEST_STEP][PASSED] - if (tabR == null): null

04-12-2024T07:30:32 - [TEST_STEP][PASSED] - else: null

04-12-2024T07:30:32 - [TEST_STEP][PASSED] - if (tabR == "нет данных"): null

04-12-2024T07:30:32 - [TEST_STEP][PASSED] - setValueToCellByIndex(sheet01, n, 4, "нет данных"): null

04-12-2024T07:30:32 - [TEST_STEP][PASSED] - if (tabB == null): null

04-12-2024T07:30:32 - [TEST_STEP][PASSED] - else: null

04-12-2024T07:30:32 - [TEST_STEP][PASSED] - if (tabB == "нет данных"): null

04-12-2024T07:30:32 - [TEST_STEP][PASSED] - else: null

04-12-2024T07:30:32 - [TEST_STEP][PASSED] - TB = tabB.toInteger(): null

04-12-2024T07:30:32 - [TEST_STEP][PASSED] - setValueToCellByIndex(sheet01, n, 5, TB): null

04-12-2024T07:30:32 - [TEST_STEP][PASSED] - setValueToCellByIndex(sheet01, n, 6, m): null

04-12-2024T07:30:32 - [TEST_STEP][PASSED] - setValueToCellByIndex(sheet01, n, 7, y): null

04-12-2024T07:30:32 - [TEST_STEP][PASSED] - setValueToCellByIndex(sheet01, n, 8, todaysDate): null

04-12-2024T07:30:32 - [TEST_STEP][PASSED] - n = n + 1: null

04-12-2024T07:30:32 - [TEST_STEP][PASSED] - saveWorkbook(excelFilePath, workbook01): null

04-12-2024T07:30:32 - [TEST_STEP][PASSED] - typeOfData = "Факт Отпуск из сети": null

04-12-2024T07:30:32 - [TEST_STEP][PASSED] - tabR = GetOiSFactR(x = a): null

04-12-2024T07:30:32 - [TEST_STEP][PASSED] - i1 = <not implemented yet for class: org.codehaus.groovy.ast.expr.EmptyExpression>: null

04-12-2024T07:30:32 - [TEST_STEP][PASSED] - ii = <not implemented yet for class: org.codehaus.groovy.ast.expr.EmptyExpression>: null

04-12-2024T07:30:32 - [TEST_STEP][PASSED] - for ([ii = 1, ii < 5, (ii++)]): null

04-12-2024T07:30:32 - [TEST_STEP][PASSED] - i1 = x.indexOf("/") + 1: null

04-12-2024T07:30:32 - [TEST_STEP][PASSED] - if (i1 > -1): null

04-12-2024T07:30:32 - [TEST_STEP][PASSED] - x = x.substring(i1, x.length()): null

04-12-2024T07:30:32 - [TEST_STEP][PASSED] - println(x): null

04-12-2024T07:30:32 - [TEST_STEP][PASSED] - i1 = x.indexOf("/") + 1: null

04-12-2024T07:30:32 - [TEST_STEP][PASSED] - if (i1 > -1): null

04-12-2024T07:30:32 - [TEST_STEP][PASSED] - x = x.substring(i1, x.length()): null

04-12-2024T07:30:32 - [TEST_STEP][PASSED] - println(x): null

04-12-2024T07:30:32 - [TEST_STEP][PASSED] - i1 = x.indexOf("/") + 1: null

04-12-2024T07:30:32 - [TEST_STEP][PASSED] - if (i1 > -1): null

04-12-2024T07:30:32 - [TEST_STEP][PASSED] - x = x.substring(i1, x.length()): null

04-12-2024T07:30:32 - [TEST_STEP][PASSED] - println(x): null

04-12-2024T07:30:32 - [TEST_STEP][PASSED] - i1 = x.indexOf("/") + 1: null

04-12-2024T07:30:32 - [TEST_STEP][PASSED] - if (i1 > -1): null

04-12-2024T07:30:32 - [TEST_STEP][PASSED] - x = x.substring(i1, x.length()): null

04-12-2024T07:30:32 - [TEST_STEP][PASSED] - println(x): null

04-12-2024T07:30:32 - [TEST_STEP][PASSED] - i1 = x.indexOf("/"): null

04-12-2024T07:30:32 - [TEST_STEP][PASSED] - if (i1 > -1): null

04-12-2024T07:30:32 - [TEST_STEP][PASSED] - x = x.substring(0, i1): null

04-12-2024T07:30:32 - [TEST_STEP][PASSED] - println(x): null

04-12-2024T07:30:32 - [TEST_STEP][PASSED] - return x: null

04-12-2024T07:30:32 - [TEST_STEP][PASSED] - tabB = GetOiSFactB(x = b): null

04-12-2024T07:30:32 - [TEST_STEP][PASSED] - i1 = <not implemented yet for class: org.codehaus.groovy.ast.expr.EmptyExpression>: null

04-12-2024T07:30:32 - [TEST_STEP][PASSED] - ii = <not implemented yet for class: org.codehaus.groovy.ast.expr.EmptyExpression>: null

04-12-2024T07:30:32 - [TEST_STEP][PASSED] - for ([ii = 1, ii < 5, (ii++)]): null

04-12-2024T07:30:32 - [TEST_STEP][PASSED] - i1 = x.indexOf("/") + 1: null

04-12-2024T07:30:32 - [TEST_STEP][PASSED] - if (i1 > -1): null

04-12-2024T07:30:32 - [TEST_STEP][PASSED] - x = x.substring(i1, x.length()): null

04-12-2024T07:30:32 - [TEST_STEP][PASSED] - println(x): null

04-12-2024T07:30:32 - [TEST_STEP][PASSED] - i1 = x.indexOf("/") + 1: null

04-12-2024T07:30:32 - [TEST_STEP][PASSED] - if (i1 > -1): null

04-12-2024T07:30:32 - [TEST_STEP][PASSED] - x = x.substring(i1, x.length()): null

04-12-2024T07:30:32 - [TEST_STEP][PASSED] - println(x): null

04-12-2024T07:30:32 - [TEST_STEP][PASSED] - i1 = x.indexOf("/") + 1: null

04-12-2024T07:30:32 - [TEST_STEP][PASSED] - if (i1 > -1): null

04-12-2024T07:30:32 - [TEST_STEP][PASSED] - x = x.substring(i1, x.length()): null

04-12-2024T07:30:32 - [TEST_STEP][PASSED] - println(x): null

04-12-2024T07:30:32 - [TEST_STEP][PASSED] - i1 = x.indexOf("/") + 1: null

04-12-2024T07:30:32 - [TEST_STEP][PASSED] - if (i1 > -1): null

04-12-2024T07:30:32 - [TEST_STEP][PASSED] - x = x.substring(i1, x.length()): null

04-12-2024T07:30:32 - [TEST_STEP][PASSED] - println(x): null

04-12-2024T07:30:32 - [TEST_STEP][PASSED] - i1 = x.indexOf("/"): null

04-12-2024T07:30:32 - [TEST_STEP][PASSED] - if (i1 > -1): null

04-12-2024T07:30:32 - [TEST_STEP][PASSED] - x = x.substring(0, i1): null

04-12-2024T07:30:32 - [TEST_STEP][PASSED] - println(x): null

04-12-2024T07:30:32 - [TEST_STEP][FAILED] - return x: null

04-12-2024T07:30:32 - [TEST_STEP][FAILED] - if (verifyEqual(tabR, tabB) == false): null

04-12-2024T07:30:32 - [MESSAGE][FAILED] - Unable to verify equal between actual object 'нет данных' and expected object '3884378' (Root cause: com.kms.katalon.core.exception.StepFailedException: Actual object 'нет данных' and expected object '3884378' are not equal
	at com.kms.katalon.core.keyword.builtin.VerifyEqualKeyword$_verifyEqual_closure1.doCall(VerifyEqualKeyword.groovy:58)
	at com.kms.katalon.core.keyword.builtin.VerifyEqualKeyword$_verifyEqual_closure1.call(VerifyEqualKeyword.groovy)
	at com.kms.katalon.core.keyword.internal.KeywordMain.runKeyword(KeywordMain.groovy:75)
	at com.kms.katalon.core.keyword.builtin.VerifyEqualKeyword.verifyEqual(VerifyEqualKeyword.groovy:63)
	at com.kms.katalon.core.keyword.builtin.VerifyEqualKeyword.execute(VerifyEqualKeyword.groovy:44)
	at com.kms.katalon.core.keyword.internal.KeywordExecutor.executeKeywordForPlatform(KeywordExecutor.groovy:74)
	at com.kms.katalon.core.keyword.BuiltinKeywords.verifyEqual(BuiltinKeywords.groovy:146)
	at jdk.internal.reflect.GeneratedMethodAccessor25.invoke(Unknown Source)
	at java.base/jdk.internal.reflect.DelegatingMethodAccessorImpl.invoke(DelegatingMethodAccessorImpl.java:43)
	at Выполнение бизнес-плана сверка дашбордов.CompareDZOData(Выполнение бизнес-плана сверка дашбордов:717)
	at Выполнение бизнес-плана сверка дашбордов.run(Выполнение бизнес-плана сверка дашбордов:633)
	at com.kms.katalon.core.main.ScriptEngine.run(ScriptEngine.java:194)
	at com.kms.katalon.core.main.ScriptEngine.runScriptAsRawText(ScriptEngine.java:119)
	at com.kms.katalon.core.main.TestCaseExecutor.runScript(TestCaseExecutor.java:448)
	at com.kms.katalon.core.main.TestCaseExecutor.doExecute(TestCaseExecutor.java:439)
	at com.kms.katalon.core.main.TestCaseExecutor.processExecutionPhase(TestCaseExecutor.java:418)
	at com.kms.katalon.core.main.TestCaseExecutor.accessMainPhase(TestCaseExecutor.java:410)
	at com.kms.katalon.core.main.TestCaseExecutor.execute(TestCaseExecutor.java:285)
	at com.kms.katalon.core.common.CommonExecutor.accessTestCaseMainPhase(CommonExecutor.java:65)
	at com.kms.katalon.core.main.TestSuiteExecutor.accessTestSuiteMainPhase(TestSuiteExecutor.java:150)
	at com.kms.katalon.core.main.TestSuiteExecutor.execute(TestSuiteExecutor.java:106)
	at com.kms.katalon.core.main.TestCaseMain.startTestSuite(TestCaseMain.java:180)
	at TempTestSuite1733285972582.run(TempTestSuite1733285972582.groovy:35)
	at java.base/jdk.internal.reflect.NativeMethodAccessorImpl.invoke0(Native Method)
	at java.base/jdk.internal.reflect.NativeMethodAccessorImpl.invoke(NativeMethodAccessorImpl.java:77)
	at java.base/jdk.internal.reflect.DelegatingMethodAccessorImpl.invoke(DelegatingMethodAccessorImpl.java:43)
)

04-12-2024T07:30:32 - [TEST_STEP][PASSED] - result = WriteToExcel(typeOfData, todaysDate, PercPlanR, PercPlanB, PercFactR, PercFactB, x, tabR, tabB, o1R, o1B, vidget): null

04-12-2024T07:30:32 - [TEST_STEP][PASSED] - iii = dZO.indexOf("/"): null

04-12-2024T07:30:32 - [TEST_STEP][PASSED] - println(iii): null

04-12-2024T07:30:32 - [TEST_STEP][PASSED] - dZO = dZO.substring(0, iii): null

04-12-2024T07:30:32 - [TEST_STEP][PASSED] - println(dZO): null

04-12-2024T07:30:32 - [TEST_STEP][PASSED] - println(PercPlanR): null

04-12-2024T07:30:32 - [TEST_STEP][PASSED] - println(PercPlanB): null

04-12-2024T07:30:32 - [TEST_STEP][PASSED] - println(PercFactR): null

04-12-2024T07:30:32 - [TEST_STEP][PASSED] - println(PercFactB): null

04-12-2024T07:30:32 - [TEST_STEP][PASSED] - println(tabR): null

04-12-2024T07:30:32 - [TEST_STEP][PASSED] - println(tabB): null

04-12-2024T07:30:32 - [TEST_STEP][PASSED] - println(o1R): null

04-12-2024T07:30:32 - [TEST_STEP][PASSED] - println(o1B): null

04-12-2024T07:30:32 - [TEST_STEP][PASSED] - PR = <not implemented yet for class: org.codehaus.groovy.ast.expr.EmptyExpression>: null

04-12-2024T07:30:32 - [TEST_STEP][PASSED] - FR = <not implemented yet for class: org.codehaus.groovy.ast.expr.EmptyExpression>: null

04-12-2024T07:30:32 - [TEST_STEP][PASSED] - PB = <not implemented yet for class: org.codehaus.groovy.ast.expr.EmptyExpression>: null

04-12-2024T07:30:32 - [TEST_STEP][PASSED] - FB = <not implemented yet for class: org.codehaus.groovy.ast.expr.EmptyExpression>: null

04-12-2024T07:30:32 - [TEST_STEP][PASSED] - TR = <not implemented yet for class: org.codehaus.groovy.ast.expr.EmptyExpression>: null

04-12-2024T07:30:32 - [TEST_STEP][PASSED] - TB = <not implemented yet for class: org.codehaus.groovy.ast.expr.EmptyExpression>: null

04-12-2024T07:30:32 - [TEST_STEP][PASSED] - sheetName = "Sheet1": null

04-12-2024T07:30:32 - [TEST_STEP][PASSED] - data = findTestData("PlanFact"): null

04-12-2024T07:30:32 - [TEST_STEP][PASSED] - n = data.getRowNumbers() + 1: null

04-12-2024T07:30:32 - [TEST_STEP][PASSED] - year = todaysDate.substring(todaysDate.length() - 4, todaysDate.length()): null

04-12-2024T07:30:32 - [TEST_STEP][PASSED] - y = year.toInteger(): null

04-12-2024T07:30:32 - [TEST_STEP][PASSED] - m = getText(findTestObject("Выполнение бизнес-плана/Выполнение бизнес-плана Балансы/Фильтр Дата")): Text of object 'Object Repository/Выполнение бизнес-плана/Выполнение бизнес-плана Балансы/Фильтр Дата' is: '1, 2, 3 кв., Октябрь 2024 года'

04-12-2024T07:30:33 - [MESSAGE][PASSED] - Text of object 'Object Repository/Выполнение бизнес-плана/Выполнение бизнес-плана Балансы/Фильтр Дата' is: '1, 2, 3 кв., Октябрь 2024 года'

04-12-2024T07:30:33 - [TEST_STEP][PASSED] - m = m.substring(0, m.indexOf("2024")): null

04-12-2024T07:30:33 - [TEST_STEP][PASSED] - m = m.trim(): null

04-12-2024T07:30:33 - [TEST_STEP][PASSED] - dashboardName = "Выполнение бизнес-плана": null

04-12-2024T07:30:33 - [TEST_STEP][PASSED] - workbook01 = getWorkbook(excelFilePath): null

04-12-2024T07:30:33 - [TEST_STEP][PASSED] - sheet01 = getExcelSheet(workbook01, sheetName): null

04-12-2024T07:30:33 - [TEST_STEP][PASSED] - setValueToCellByIndex(sheet01, n, 0, dashboardName): null

04-12-2024T07:30:33 - [TEST_STEP][PASSED] - setValueToCellByIndex(sheet01, n, 1, dZO): null

04-12-2024T07:30:33 - [TEST_STEP][PASSED] - setValueToCellByIndex(sheet01, n, 2, typeOfData): null

04-12-2024T07:30:33 - [TEST_STEP][PASSED] - setValueToCellByIndex(sheet01, n, 3, typeOfData): null

04-12-2024T07:30:33 - [TEST_STEP][PASSED] - if (typeOfData == "План"): null

04-12-2024T07:30:33 - [TEST_STEP][PASSED] - else if (typeOfData == "Факт"): null

04-12-2024T07:30:33 - [TEST_STEP][PASSED] - else if (vidget.contains("электроэнергии") == true): null

04-12-2024T07:30:33 - [TEST_STEP][PASSED] - if (tabR == null): null

04-12-2024T07:30:33 - [TEST_STEP][PASSED] - else: null

04-12-2024T07:30:33 - [TEST_STEP][PASSED] - if (tabR == "нет данных"): null

04-12-2024T07:30:33 - [TEST_STEP][PASSED] - setValueToCellByIndex(sheet01, n, 4, "нет данных"): null

04-12-2024T07:30:33 - [TEST_STEP][PASSED] - if (tabB == null): null

04-12-2024T07:30:33 - [TEST_STEP][PASSED] - else: null

04-12-2024T07:30:33 - [TEST_STEP][PASSED] - if (tabB == "нет данных"): null

04-12-2024T07:30:33 - [TEST_STEP][PASSED] - else: null

04-12-2024T07:30:33 - [TEST_STEP][PASSED] - TB = tabB.toInteger(): null

04-12-2024T07:30:33 - [TEST_STEP][PASSED] - setValueToCellByIndex(sheet01, n, 5, TB): null

04-12-2024T07:30:33 - [TEST_STEP][PASSED] - setValueToCellByIndex(sheet01, n, 6, m): null

04-12-2024T07:30:33 - [TEST_STEP][PASSED] - setValueToCellByIndex(sheet01, n, 7, y): null

04-12-2024T07:30:33 - [TEST_STEP][PASSED] - setValueToCellByIndex(sheet01, n, 8, todaysDate): null

04-12-2024T07:30:33 - [TEST_STEP][PASSED] - n = n + 1: null

04-12-2024T07:30:33 - [TEST_STEP][PASSED] - saveWorkbook(excelFilePath, workbook01): null

04-12-2024T07:30:33 - [TEST_STEP][PASSED] - typeOfData = "Факт Потери": null

04-12-2024T07:30:33 - [TEST_STEP][PASSED] - tabR = GetPFactR(x = a): null

04-12-2024T07:30:33 - [TEST_STEP][PASSED] - i1 = <not implemented yet for class: org.codehaus.groovy.ast.expr.EmptyExpression>: null

04-12-2024T07:30:33 - [TEST_STEP][PASSED] - ii = <not implemented yet for class: org.codehaus.groovy.ast.expr.EmptyExpression>: null

04-12-2024T07:30:33 - [TEST_STEP][PASSED] - for ([ii = 1, ii < 6, (ii++)]): null

04-12-2024T07:30:33 - [TEST_STEP][PASSED] - i1 = x.indexOf("/") + 1: null

04-12-2024T07:30:33 - [TEST_STEP][PASSED] - if (i1 > -1): null

04-12-2024T07:30:33 - [TEST_STEP][PASSED] - x = x.substring(i1, x.length()): null

04-12-2024T07:30:33 - [TEST_STEP][PASSED] - println(x): null

04-12-2024T07:30:33 - [TEST_STEP][PASSED] - i1 = x.indexOf("/") + 1: null

04-12-2024T07:30:33 - [TEST_STEP][PASSED] - if (i1 > -1): null

04-12-2024T07:30:33 - [TEST_STEP][PASSED] - x = x.substring(i1, x.length()): null

04-12-2024T07:30:33 - [TEST_STEP][PASSED] - println(x): null

04-12-2024T07:30:33 - [TEST_STEP][PASSED] - i1 = x.indexOf("/") + 1: null

04-12-2024T07:30:33 - [TEST_STEP][PASSED] - if (i1 > -1): null

04-12-2024T07:30:33 - [TEST_STEP][PASSED] - x = x.substring(i1, x.length()): null

04-12-2024T07:30:33 - [TEST_STEP][PASSED] - println(x): null

04-12-2024T07:30:33 - [TEST_STEP][PASSED] - i1 = x.indexOf("/") + 1: null

04-12-2024T07:30:33 - [TEST_STEP][PASSED] - if (i1 > -1): null

04-12-2024T07:30:33 - [TEST_STEP][PASSED] - x = x.substring(i1, x.length()): null

04-12-2024T07:30:33 - [TEST_STEP][PASSED] - println(x): null

04-12-2024T07:30:33 - [TEST_STEP][PASSED] - i1 = x.indexOf("/") + 1: null

04-12-2024T07:30:33 - [TEST_STEP][PASSED] - if (i1 > -1): null

04-12-2024T07:30:33 - [TEST_STEP][PASSED] - x = x.substring(i1, x.length()): null

04-12-2024T07:30:33 - [TEST_STEP][PASSED] - println(x): null

04-12-2024T07:30:33 - [TEST_STEP][PASSED] - i1 = x.indexOf("/"): null

04-12-2024T07:30:33 - [TEST_STEP][PASSED] - if (i1 > -1): null

04-12-2024T07:30:33 - [TEST_STEP][PASSED] - x = x.substring(0, i1): null

04-12-2024T07:30:33 - [TEST_STEP][PASSED] - println(x): null

04-12-2024T07:30:33 - [TEST_STEP][PASSED] - return x: null

04-12-2024T07:30:33 - [TEST_STEP][PASSED] - tabB = GetPFactB(x = b): null

04-12-2024T07:30:33 - [TEST_STEP][PASSED] - i1 = <not implemented yet for class: org.codehaus.groovy.ast.expr.EmptyExpression>: null

04-12-2024T07:30:33 - [TEST_STEP][PASSED] - ii = <not implemented yet for class: org.codehaus.groovy.ast.expr.EmptyExpression>: null

04-12-2024T07:30:33 - [TEST_STEP][PASSED] - for ([ii = 1, ii < 6, (ii++)]): null

04-12-2024T07:30:33 - [TEST_STEP][PASSED] - i1 = x.indexOf("/") + 1: null

04-12-2024T07:30:33 - [TEST_STEP][PASSED] - if (i1 > -1): null

04-12-2024T07:30:33 - [TEST_STEP][PASSED] - x = x.substring(i1, x.length()): null

04-12-2024T07:30:33 - [TEST_STEP][PASSED] - println(x): null

04-12-2024T07:30:33 - [TEST_STEP][PASSED] - i1 = x.indexOf("/") + 1: null

04-12-2024T07:30:33 - [TEST_STEP][PASSED] - if (i1 > -1): null

04-12-2024T07:30:33 - [TEST_STEP][PASSED] - x = x.substring(i1, x.length()): null

04-12-2024T07:30:33 - [TEST_STEP][PASSED] - println(x): null

04-12-2024T07:30:33 - [TEST_STEP][PASSED] - i1 = x.indexOf("/") + 1: null

04-12-2024T07:30:33 - [TEST_STEP][PASSED] - if (i1 > -1): null

04-12-2024T07:30:33 - [TEST_STEP][PASSED] - x = x.substring(i1, x.length()): null

04-12-2024T07:30:33 - [TEST_STEP][PASSED] - println(x): null

04-12-2024T07:30:33 - [TEST_STEP][PASSED] - i1 = x.indexOf("/") + 1: null

04-12-2024T07:30:33 - [TEST_STEP][PASSED] - if (i1 > -1): null

04-12-2024T07:30:33 - [TEST_STEP][PASSED] - x = x.substring(i1, x.length()): null

04-12-2024T07:30:33 - [TEST_STEP][PASSED] - println(x): null

04-12-2024T07:30:33 - [TEST_STEP][PASSED] - i1 = x.indexOf("/") + 1: null

04-12-2024T07:30:33 - [TEST_STEP][PASSED] - if (i1 > -1): null

04-12-2024T07:30:33 - [TEST_STEP][PASSED] - x = x.substring(i1, x.length()): null

04-12-2024T07:30:33 - [TEST_STEP][PASSED] - println(x): null

04-12-2024T07:30:33 - [TEST_STEP][PASSED] - i1 = x.indexOf("/"): null

04-12-2024T07:30:33 - [TEST_STEP][PASSED] - if (i1 > -1): null

04-12-2024T07:30:33 - [TEST_STEP][PASSED] - x = x.substring(0, i1): null

04-12-2024T07:30:33 - [TEST_STEP][PASSED] - println(x): null

04-12-2024T07:30:33 - [TEST_STEP][FAILED] - return x: null

04-12-2024T07:30:33 - [TEST_STEP][PASSED] - println(tabR + "/" + tabB): null

04-12-2024T07:30:33 - [TEST_STEP][FAILED] - if (verifyEqual(tabR, tabB) == false): null

04-12-2024T07:30:33 - [MESSAGE][FAILED] - Unable to verify equal between actual object 'нет данных' and expected object '350842' (Root cause: com.kms.katalon.core.exception.StepFailedException: Actual object 'нет данных' and expected object '350842' are not equal
	at com.kms.katalon.core.keyword.builtin.VerifyEqualKeyword$_verifyEqual_closure1.doCall(VerifyEqualKeyword.groovy:58)
	at com.kms.katalon.core.keyword.builtin.VerifyEqualKeyword$_verifyEqual_closure1.call(VerifyEqualKeyword.groovy)
	at com.kms.katalon.core.keyword.internal.KeywordMain.runKeyword(KeywordMain.groovy:75)
	at com.kms.katalon.core.keyword.builtin.VerifyEqualKeyword.verifyEqual(VerifyEqualKeyword.groovy:63)
	at com.kms.katalon.core.keyword.builtin.VerifyEqualKeyword.execute(VerifyEqualKeyword.groovy:44)
	at com.kms.katalon.core.keyword.internal.KeywordExecutor.executeKeywordForPlatform(KeywordExecutor.groovy:74)
	at com.kms.katalon.core.keyword.BuiltinKeywords.verifyEqual(BuiltinKeywords.groovy:146)
	at jdk.internal.reflect.GeneratedMethodAccessor25.invoke(Unknown Source)
	at java.base/jdk.internal.reflect.DelegatingMethodAccessorImpl.invoke(DelegatingMethodAccessorImpl.java:43)
	at Выполнение бизнес-плана сверка дашбордов.CompareDZOData(Выполнение бизнес-плана сверка дашбордов:730)
	at Выполнение бизнес-плана сверка дашбордов.run(Выполнение бизнес-плана сверка дашбордов:633)
	at com.kms.katalon.core.main.ScriptEngine.run(ScriptEngine.java:194)
	at com.kms.katalon.core.main.ScriptEngine.runScriptAsRawText(ScriptEngine.java:119)
	at com.kms.katalon.core.main.TestCaseExecutor.runScript(TestCaseExecutor.java:448)
	at com.kms.katalon.core.main.TestCaseExecutor.doExecute(TestCaseExecutor.java:439)
	at com.kms.katalon.core.main.TestCaseExecutor.processExecutionPhase(TestCaseExecutor.java:418)
	at com.kms.katalon.core.main.TestCaseExecutor.accessMainPhase(TestCaseExecutor.java:410)
	at com.kms.katalon.core.main.TestCaseExecutor.execute(TestCaseExecutor.java:285)
	at com.kms.katalon.core.common.CommonExecutor.accessTestCaseMainPhase(CommonExecutor.java:65)
	at com.kms.katalon.core.main.TestSuiteExecutor.accessTestSuiteMainPhase(TestSuiteExecutor.java:150)
	at com.kms.katalon.core.main.TestSuiteExecutor.execute(TestSuiteExecutor.java:106)
	at com.kms.katalon.core.main.TestCaseMain.startTestSuite(TestCaseMain.java:180)
	at TempTestSuite1733285972582.run(TempTestSuite1733285972582.groovy:35)
	at java.base/jdk.internal.reflect.NativeMethodAccessorImpl.invoke0(Native Method)
	at java.base/jdk.internal.reflect.NativeMethodAccessorImpl.invoke(NativeMethodAccessorImpl.java:77)
	at java.base/jdk.internal.reflect.DelegatingMethodAccessorImpl.invoke(DelegatingMethodAccessorImpl.java:43)
)

04-12-2024T07:30:33 - [TEST_STEP][PASSED] - result = WriteToExcel(typeOfData, todaysDate, PercPlanR, PercPlanB, PercFactR, PercFactB, x, tabR, tabB, o1R, o1B, vidget): null

04-12-2024T07:30:33 - [TEST_STEP][PASSED] - iii = dZO.indexOf("/"): null

04-12-2024T07:30:33 - [TEST_STEP][PASSED] - println(iii): null

04-12-2024T07:30:33 - [TEST_STEP][PASSED] - dZO = dZO.substring(0, iii): null

04-12-2024T07:30:33 - [TEST_STEP][PASSED] - println(dZO): null

04-12-2024T07:30:33 - [TEST_STEP][PASSED] - println(PercPlanR): null

04-12-2024T07:30:33 - [TEST_STEP][PASSED] - println(PercPlanB): null

04-12-2024T07:30:33 - [TEST_STEP][PASSED] - println(PercFactR): null

04-12-2024T07:30:33 - [TEST_STEP][PASSED] - println(PercFactB): null

04-12-2024T07:30:33 - [TEST_STEP][PASSED] - println(tabR): null

04-12-2024T07:30:33 - [TEST_STEP][PASSED] - println(tabB): null

04-12-2024T07:30:33 - [TEST_STEP][PASSED] - println(o1R): null

04-12-2024T07:30:33 - [TEST_STEP][PASSED] - println(o1B): null

04-12-2024T07:30:33 - [TEST_STEP][PASSED] - PR = <not implemented yet for class: org.codehaus.groovy.ast.expr.EmptyExpression>: null

04-12-2024T07:30:33 - [TEST_STEP][PASSED] - FR = <not implemented yet for class: org.codehaus.groovy.ast.expr.EmptyExpression>: null

04-12-2024T07:30:33 - [TEST_STEP][PASSED] - PB = <not implemented yet for class: org.codehaus.groovy.ast.expr.EmptyExpression>: null

04-12-2024T07:30:33 - [TEST_STEP][PASSED] - FB = <not implemented yet for class: org.codehaus.groovy.ast.expr.EmptyExpression>: null

04-12-2024T07:30:33 - [TEST_STEP][PASSED] - TR = <not implemented yet for class: org.codehaus.groovy.ast.expr.EmptyExpression>: null

04-12-2024T07:30:33 - [TEST_STEP][PASSED] - TB = <not implemented yet for class: org.codehaus.groovy.ast.expr.EmptyExpression>: null

04-12-2024T07:30:33 - [TEST_STEP][PASSED] - sheetName = "Sheet1": null

04-12-2024T07:30:33 - [TEST_STEP][PASSED] - data = findTestData("PlanFact"): null

04-12-2024T07:30:33 - [TEST_STEP][PASSED] - n = data.getRowNumbers() + 1: null

04-12-2024T07:30:33 - [TEST_STEP][PASSED] - year = todaysDate.substring(todaysDate.length() - 4, todaysDate.length()): null

04-12-2024T07:30:33 - [TEST_STEP][PASSED] - y = year.toInteger(): null

04-12-2024T07:30:33 - [TEST_STEP][PASSED] - m = getText(findTestObject("Выполнение бизнес-плана/Выполнение бизнес-плана Балансы/Фильтр Дата")): Text of object 'Object Repository/Выполнение бизнес-плана/Выполнение бизнес-плана Балансы/Фильтр Дата' is: '1, 2, 3 кв., Октябрь 2024 года'

04-12-2024T07:30:33 - [MESSAGE][PASSED] - Text of object 'Object Repository/Выполнение бизнес-плана/Выполнение бизнес-плана Балансы/Фильтр Дата' is: '1, 2, 3 кв., Октябрь 2024 года'

04-12-2024T07:30:33 - [TEST_STEP][PASSED] - m = m.substring(0, m.indexOf("2024")): null

04-12-2024T07:30:33 - [TEST_STEP][PASSED] - m = m.trim(): null

04-12-2024T07:30:33 - [TEST_STEP][PASSED] - dashboardName = "Выполнение бизнес-плана": null

04-12-2024T07:30:33 - [TEST_STEP][PASSED] - workbook01 = getWorkbook(excelFilePath): null

04-12-2024T07:30:33 - [TEST_STEP][PASSED] - sheet01 = getExcelSheet(workbook01, sheetName): null

04-12-2024T07:30:33 - [TEST_STEP][PASSED] - setValueToCellByIndex(sheet01, n, 0, dashboardName): null

04-12-2024T07:30:33 - [TEST_STEP][PASSED] - setValueToCellByIndex(sheet01, n, 1, dZO): null

04-12-2024T07:30:33 - [TEST_STEP][PASSED] - setValueToCellByIndex(sheet01, n, 2, typeOfData): null

04-12-2024T07:30:33 - [TEST_STEP][PASSED] - setValueToCellByIndex(sheet01, n, 3, typeOfData): null

04-12-2024T07:30:33 - [TEST_STEP][PASSED] - if (typeOfData == "План"): null

04-12-2024T07:30:33 - [TEST_STEP][PASSED] - else if (typeOfData == "Факт"): null

04-12-2024T07:30:33 - [TEST_STEP][PASSED] - else if (vidget.contains("электроэнергии") == true): null

04-12-2024T07:30:33 - [TEST_STEP][PASSED] - if (tabR == null): null

04-12-2024T07:30:33 - [TEST_STEP][PASSED] - else: null

04-12-2024T07:30:33 - [TEST_STEP][PASSED] - if (tabR == "нет данных"): null

04-12-2024T07:30:33 - [TEST_STEP][PASSED] - setValueToCellByIndex(sheet01, n, 4, "нет данных"): null

04-12-2024T07:30:33 - [TEST_STEP][PASSED] - if (tabB == null): null

04-12-2024T07:30:33 - [TEST_STEP][PASSED] - else: null

04-12-2024T07:30:33 - [TEST_STEP][PASSED] - if (tabB == "нет данных"): null

04-12-2024T07:30:33 - [TEST_STEP][PASSED] - else: null

04-12-2024T07:30:33 - [TEST_STEP][PASSED] - TB = tabB.toInteger(): null

04-12-2024T07:30:33 - [TEST_STEP][PASSED] - setValueToCellByIndex(sheet01, n, 5, TB): null

04-12-2024T07:30:33 - [TEST_STEP][PASSED] - setValueToCellByIndex(sheet01, n, 6, m): null

04-12-2024T07:30:33 - [TEST_STEP][PASSED] - setValueToCellByIndex(sheet01, n, 7, y): null

04-12-2024T07:30:33 - [TEST_STEP][PASSED] - setValueToCellByIndex(sheet01, n, 8, todaysDate): null

04-12-2024T07:30:33 - [TEST_STEP][PASSED] - n = n + 1: null

04-12-2024T07:30:33 - [TEST_STEP][PASSED] - saveWorkbook(excelFilePath, workbook01): null

04-12-2024T07:30:34 - [TEST_STEP][PASSED] - vidget = "Показатели баланса электроэнергии по ДЗО – План": null

04-12-2024T07:30:34 - [TEST_STEP][PASSED] - typeOfData = "План Отпуск в сеть": null

04-12-2024T07:30:34 - [TEST_STEP][PASSED] - tabR = GetOvSPlanR(x = a): null

04-12-2024T07:30:34 - [TEST_STEP][PASSED] - i1 = <not implemented yet for class: org.codehaus.groovy.ast.expr.EmptyExpression>: null

04-12-2024T07:30:34 - [TEST_STEP][PASSED] - ii = <not implemented yet for class: org.codehaus.groovy.ast.expr.EmptyExpression>: null

04-12-2024T07:30:34 - [TEST_STEP][PASSED] - for ([ii = 1, ii < 7, (ii++)]): null

04-12-2024T07:30:34 - [TEST_STEP][PASSED] - i1 = x.indexOf("/") + 1: null

04-12-2024T07:30:34 - [TEST_STEP][PASSED] - if (i1 > -1): null

04-12-2024T07:30:34 - [TEST_STEP][PASSED] - x = x.substring(i1, x.length()): null

04-12-2024T07:30:34 - [TEST_STEP][PASSED] - println(x): null

04-12-2024T07:30:34 - [TEST_STEP][PASSED] - i1 = x.indexOf("/") + 1: null

04-12-2024T07:30:34 - [TEST_STEP][PASSED] - if (i1 > -1): null

04-12-2024T07:30:34 - [TEST_STEP][PASSED] - x = x.substring(i1, x.length()): null

04-12-2024T07:30:34 - [TEST_STEP][PASSED] - println(x): null

04-12-2024T07:30:34 - [TEST_STEP][PASSED] - i1 = x.indexOf("/") + 1: null

04-12-2024T07:30:34 - [TEST_STEP][PASSED] - if (i1 > -1): null

04-12-2024T07:30:34 - [TEST_STEP][PASSED] - x = x.substring(i1, x.length()): null

04-12-2024T07:30:34 - [TEST_STEP][PASSED] - println(x): null

04-12-2024T07:30:34 - [TEST_STEP][PASSED] - i1 = x.indexOf("/") + 1: null

04-12-2024T07:30:34 - [TEST_STEP][PASSED] - if (i1 > -1): null

04-12-2024T07:30:34 - [TEST_STEP][PASSED] - x = x.substring(i1, x.length()): null

04-12-2024T07:30:34 - [TEST_STEP][PASSED] - println(x): null

04-12-2024T07:30:34 - [TEST_STEP][PASSED] - i1 = x.indexOf("/") + 1: null

04-12-2024T07:30:34 - [TEST_STEP][PASSED] - if (i1 > -1): null

04-12-2024T07:30:34 - [TEST_STEP][PASSED] - x = x.substring(i1, x.length()): null

04-12-2024T07:30:34 - [TEST_STEP][PASSED] - println(x): null

04-12-2024T07:30:34 - [TEST_STEP][PASSED] - i1 = x.indexOf("/") + 1: null

04-12-2024T07:30:34 - [TEST_STEP][PASSED] - if (i1 > -1): null

04-12-2024T07:30:34 - [TEST_STEP][PASSED] - x = x.substring(i1, x.length()): null

04-12-2024T07:30:34 - [TEST_STEP][PASSED] - println(x): null

04-12-2024T07:30:34 - [TEST_STEP][PASSED] - i1 = x.indexOf("/"): null

04-12-2024T07:30:34 - [TEST_STEP][PASSED] - if (i1 > -1): null

04-12-2024T07:30:34 - [TEST_STEP][PASSED] - x = x.substring(0, i1): null

04-12-2024T07:30:34 - [TEST_STEP][PASSED] - println(x): null

04-12-2024T07:30:34 - [TEST_STEP][PASSED] - return x: null

04-12-2024T07:30:34 - [TEST_STEP][PASSED] - tabB = GetOvSPlanB(x = b): null

04-12-2024T07:30:34 - [TEST_STEP][PASSED] - i1 = <not implemented yet for class: org.codehaus.groovy.ast.expr.EmptyExpression>: null

04-12-2024T07:30:34 - [TEST_STEP][PASSED] - ii = <not implemented yet for class: org.codehaus.groovy.ast.expr.EmptyExpression>: null

04-12-2024T07:30:34 - [TEST_STEP][PASSED] - for ([ii = 1, ii < 7, (ii++)]): null

04-12-2024T07:30:34 - [TEST_STEP][PASSED] - i1 = x.indexOf("/") + 1: null

04-12-2024T07:30:34 - [TEST_STEP][PASSED] - if (i1 > -1): null

04-12-2024T07:30:34 - [TEST_STEP][PASSED] - x = x.substring(i1, x.length()): null

04-12-2024T07:30:34 - [TEST_STEP][PASSED] - println(x): null

04-12-2024T07:30:34 - [TEST_STEP][PASSED] - i1 = x.indexOf("/") + 1: null

04-12-2024T07:30:34 - [TEST_STEP][PASSED] - if (i1 > -1): null

04-12-2024T07:30:34 - [TEST_STEP][PASSED] - x = x.substring(i1, x.length()): null

04-12-2024T07:30:34 - [TEST_STEP][PASSED] - println(x): null

04-12-2024T07:30:34 - [TEST_STEP][PASSED] - i1 = x.indexOf("/") + 1: null

04-12-2024T07:30:34 - [TEST_STEP][PASSED] - if (i1 > -1): null

04-12-2024T07:30:34 - [TEST_STEP][PASSED] - x = x.substring(i1, x.length()): null

04-12-2024T07:30:34 - [TEST_STEP][PASSED] - println(x): null

04-12-2024T07:30:34 - [TEST_STEP][PASSED] - i1 = x.indexOf("/") + 1: null

04-12-2024T07:30:34 - [TEST_STEP][PASSED] - if (i1 > -1): null

04-12-2024T07:30:34 - [TEST_STEP][PASSED] - x = x.substring(i1, x.length()): null

04-12-2024T07:30:34 - [TEST_STEP][PASSED] - println(x): null

04-12-2024T07:30:34 - [TEST_STEP][PASSED] - i1 = x.indexOf("/") + 1: null

04-12-2024T07:30:34 - [TEST_STEP][PASSED] - if (i1 > -1): null

04-12-2024T07:30:34 - [TEST_STEP][PASSED] - x = x.substring(i1, x.length()): null

04-12-2024T07:30:34 - [TEST_STEP][PASSED] - println(x): null

04-12-2024T07:30:34 - [TEST_STEP][PASSED] - i1 = x.indexOf("/") + 1: null

04-12-2024T07:30:34 - [TEST_STEP][PASSED] - if (i1 > -1): null

04-12-2024T07:30:34 - [TEST_STEP][PASSED] - x = x.substring(i1, x.length()): null

04-12-2024T07:30:34 - [TEST_STEP][PASSED] - println(x): null

04-12-2024T07:30:34 - [TEST_STEP][PASSED] - i1 = x.indexOf("/"): null

04-12-2024T07:30:34 - [TEST_STEP][PASSED] - if (i1 > -1): null

04-12-2024T07:30:34 - [TEST_STEP][PASSED] - x = x.substring(0, i1): null

04-12-2024T07:30:34 - [TEST_STEP][PASSED] - println(x): null

04-12-2024T07:30:34 - [TEST_STEP][FAILED] - return x: null

04-12-2024T07:30:34 - [TEST_STEP][PASSED] - println(tabR + "/" + tabB): null

04-12-2024T07:30:34 - [TEST_STEP][FAILED] - if (verifyEqual(PercFactR, PercFactB) == false): null

04-12-2024T07:30:34 - [MESSAGE][FAILED] - Unable to verify equal between actual object 'нет данных' and expected object '8.28' (Root cause: com.kms.katalon.core.exception.StepFailedException: Actual object 'нет данных' and expected object '8.28' are not equal
	at com.kms.katalon.core.keyword.builtin.VerifyEqualKeyword$_verifyEqual_closure1.doCall(VerifyEqualKeyword.groovy:58)
	at com.kms.katalon.core.keyword.builtin.VerifyEqualKeyword$_verifyEqual_closure1.call(VerifyEqualKeyword.groovy)
	at com.kms.katalon.core.keyword.internal.KeywordMain.runKeyword(KeywordMain.groovy:75)
	at com.kms.katalon.core.keyword.builtin.VerifyEqualKeyword.verifyEqual(VerifyEqualKeyword.groovy:63)
	at com.kms.katalon.core.keyword.builtin.VerifyEqualKeyword.execute(VerifyEqualKeyword.groovy:44)
	at com.kms.katalon.core.keyword.internal.KeywordExecutor.executeKeywordForPlatform(KeywordExecutor.groovy:74)
	at com.kms.katalon.core.keyword.BuiltinKeywords.verifyEqual(BuiltinKeywords.groovy:146)
	at jdk.internal.reflect.GeneratedMethodAccessor25.invoke(Unknown Source)
	at java.base/jdk.internal.reflect.DelegatingMethodAccessorImpl.invoke(DelegatingMethodAccessorImpl.java:43)
	at Выполнение бизнес-плана сверка дашбордов.CompareDZOData(Выполнение бизнес-плана сверка дашбордов:745)
	at Выполнение бизнес-плана сверка дашбордов.run(Выполнение бизнес-плана сверка дашбордов:633)
	at com.kms.katalon.core.main.ScriptEngine.run(ScriptEngine.java:194)
	at com.kms.katalon.core.main.ScriptEngine.runScriptAsRawText(ScriptEngine.java:119)
	at com.kms.katalon.core.main.TestCaseExecutor.runScript(TestCaseExecutor.java:448)
	at com.kms.katalon.core.main.TestCaseExecutor.doExecute(TestCaseExecutor.java:439)
	at com.kms.katalon.core.main.TestCaseExecutor.processExecutionPhase(TestCaseExecutor.java:418)
	at com.kms.katalon.core.main.TestCaseExecutor.accessMainPhase(TestCaseExecutor.java:410)
	at com.kms.katalon.core.main.TestCaseExecutor.execute(TestCaseExecutor.java:285)
	at com.kms.katalon.core.common.CommonExecutor.accessTestCaseMainPhase(CommonExecutor.java:65)
	at com.kms.katalon.core.main.TestSuiteExecutor.accessTestSuiteMainPhase(TestSuiteExecutor.java:150)
	at com.kms.katalon.core.main.TestSuiteExecutor.execute(TestSuiteExecutor.java:106)
	at com.kms.katalon.core.main.TestCaseMain.startTestSuite(TestCaseMain.java:180)
	at TempTestSuite1733285972582.run(TempTestSuite1733285972582.groovy:35)
	at java.base/jdk.internal.reflect.NativeMethodAccessorImpl.invoke0(Native Method)
	at java.base/jdk.internal.reflect.NativeMethodAccessorImpl.invoke(NativeMethodAccessorImpl.java:77)
	at java.base/jdk.internal.reflect.DelegatingMethodAccessorImpl.invoke(DelegatingMethodAccessorImpl.java:43)
)

04-12-2024T07:30:34 - [TEST_STEP][PASSED] - result = WriteToExcel(typeOfData, todaysDate, PercPlanR, PercPlanB, PercFactR, PercFactB, x, tabR, tabB, o1R, o1B, vidget): null

04-12-2024T07:30:34 - [TEST_STEP][PASSED] - iii = dZO.indexOf("/"): null

04-12-2024T07:30:34 - [TEST_STEP][PASSED] - println(iii): null

04-12-2024T07:30:34 - [TEST_STEP][PASSED] - dZO = dZO.substring(0, iii): null

04-12-2024T07:30:34 - [TEST_STEP][PASSED] - println(dZO): null

04-12-2024T07:30:34 - [TEST_STEP][PASSED] - println(PercPlanR): null

04-12-2024T07:30:34 - [TEST_STEP][PASSED] - println(PercPlanB): null

04-12-2024T07:30:34 - [TEST_STEP][PASSED] - println(PercFactR): null

04-12-2024T07:30:34 - [TEST_STEP][PASSED] - println(PercFactB): null

04-12-2024T07:30:34 - [TEST_STEP][PASSED] - println(tabR): null

04-12-2024T07:30:34 - [TEST_STEP][PASSED] - println(tabB): null

04-12-2024T07:30:34 - [TEST_STEP][PASSED] - println(o1R): null

04-12-2024T07:30:34 - [TEST_STEP][PASSED] - println(o1B): null

04-12-2024T07:30:34 - [TEST_STEP][PASSED] - PR = <not implemented yet for class: org.codehaus.groovy.ast.expr.EmptyExpression>: null

04-12-2024T07:30:34 - [TEST_STEP][PASSED] - FR = <not implemented yet for class: org.codehaus.groovy.ast.expr.EmptyExpression>: null

04-12-2024T07:30:34 - [TEST_STEP][PASSED] - PB = <not implemented yet for class: org.codehaus.groovy.ast.expr.EmptyExpression>: null

04-12-2024T07:30:34 - [TEST_STEP][PASSED] - FB = <not implemented yet for class: org.codehaus.groovy.ast.expr.EmptyExpression>: null

04-12-2024T07:30:34 - [TEST_STEP][PASSED] - TR = <not implemented yet for class: org.codehaus.groovy.ast.expr.EmptyExpression>: null

04-12-2024T07:30:34 - [TEST_STEP][PASSED] - TB = <not implemented yet for class: org.codehaus.groovy.ast.expr.EmptyExpression>: null

04-12-2024T07:30:34 - [TEST_STEP][PASSED] - sheetName = "Sheet1": null

04-12-2024T07:30:34 - [TEST_STEP][PASSED] - data = findTestData("PlanFact"): null

04-12-2024T07:30:34 - [TEST_STEP][PASSED] - n = data.getRowNumbers() + 1: null

04-12-2024T07:30:34 - [TEST_STEP][PASSED] - year = todaysDate.substring(todaysDate.length() - 4, todaysDate.length()): null

04-12-2024T07:30:34 - [TEST_STEP][PASSED] - y = year.toInteger(): null

04-12-2024T07:30:34 - [TEST_STEP][PASSED] - m = getText(findTestObject("Выполнение бизнес-плана/Выполнение бизнес-плана Балансы/Фильтр Дата")): Text of object 'Object Repository/Выполнение бизнес-плана/Выполнение бизнес-плана Балансы/Фильтр Дата' is: '1, 2, 3 кв., Октябрь 2024 года'

04-12-2024T07:30:34 - [MESSAGE][PASSED] - Text of object 'Object Repository/Выполнение бизнес-плана/Выполнение бизнес-плана Балансы/Фильтр Дата' is: '1, 2, 3 кв., Октябрь 2024 года'

04-12-2024T07:30:34 - [TEST_STEP][PASSED] - m = m.substring(0, m.indexOf("2024")): null

04-12-2024T07:30:34 - [TEST_STEP][PASSED] - m = m.trim(): null

04-12-2024T07:30:34 - [TEST_STEP][PASSED] - dashboardName = "Выполнение бизнес-плана": null

04-12-2024T07:30:34 - [TEST_STEP][PASSED] - workbook01 = getWorkbook(excelFilePath): null

04-12-2024T07:30:34 - [TEST_STEP][PASSED] - sheet01 = getExcelSheet(workbook01, sheetName): null

04-12-2024T07:30:34 - [TEST_STEP][PASSED] - setValueToCellByIndex(sheet01, n, 0, dashboardName): null

04-12-2024T07:30:34 - [TEST_STEP][PASSED] - setValueToCellByIndex(sheet01, n, 1, dZO): null

04-12-2024T07:30:34 - [TEST_STEP][PASSED] - setValueToCellByIndex(sheet01, n, 2, typeOfData): null

04-12-2024T07:30:34 - [TEST_STEP][PASSED] - setValueToCellByIndex(sheet01, n, 3, typeOfData): null

04-12-2024T07:30:34 - [TEST_STEP][PASSED] - if (typeOfData == "План"): null

04-12-2024T07:30:34 - [TEST_STEP][PASSED] - else if (typeOfData == "Факт"): null

04-12-2024T07:30:34 - [TEST_STEP][PASSED] - else if (vidget.contains("электроэнергии") == true): null

04-12-2024T07:30:34 - [TEST_STEP][PASSED] - if (tabR == null): null

04-12-2024T07:30:34 - [TEST_STEP][PASSED] - else: null

04-12-2024T07:30:34 - [TEST_STEP][PASSED] - if (tabR == "нет данных"): null

04-12-2024T07:30:34 - [TEST_STEP][PASSED] - setValueToCellByIndex(sheet01, n, 4, "нет данных"): null

04-12-2024T07:30:34 - [TEST_STEP][PASSED] - if (tabB == null): null

04-12-2024T07:30:34 - [TEST_STEP][PASSED] - else: null

04-12-2024T07:30:34 - [TEST_STEP][PASSED] - if (tabB == "нет данных"): null

04-12-2024T07:30:34 - [TEST_STEP][PASSED] - else: null

04-12-2024T07:30:34 - [TEST_STEP][PASSED] - TB = tabB.toInteger(): null

04-12-2024T07:30:34 - [TEST_STEP][PASSED] - setValueToCellByIndex(sheet01, n, 5, TB): null

04-12-2024T07:30:34 - [TEST_STEP][PASSED] - setValueToCellByIndex(sheet01, n, 6, m): null

04-12-2024T07:30:34 - [TEST_STEP][PASSED] - setValueToCellByIndex(sheet01, n, 7, y): null

04-12-2024T07:30:34 - [TEST_STEP][PASSED] - setValueToCellByIndex(sheet01, n, 8, todaysDate): null

04-12-2024T07:30:34 - [TEST_STEP][PASSED] - n = n + 1: null

04-12-2024T07:30:34 - [TEST_STEP][PASSED] - saveWorkbook(excelFilePath, workbook01): null

04-12-2024T07:30:34 - [TEST_STEP][PASSED] - typeOfData = "План Отпуск из сети": null

04-12-2024T07:30:34 - [TEST_STEP][PASSED] - tabR = GetOiSPlanR(x = a): null

04-12-2024T07:30:34 - [TEST_STEP][PASSED] - i1 = <not implemented yet for class: org.codehaus.groovy.ast.expr.EmptyExpression>: null

04-12-2024T07:30:34 - [TEST_STEP][PASSED] - ii = <not implemented yet for class: org.codehaus.groovy.ast.expr.EmptyExpression>: null

04-12-2024T07:30:34 - [TEST_STEP][PASSED] - for ([ii = 1, ii < 8, (ii++)]): null

04-12-2024T07:30:34 - [TEST_STEP][PASSED] - i1 = x.indexOf("/") + 1: null

04-12-2024T07:30:34 - [TEST_STEP][PASSED] - if (i1 > -1): null

04-12-2024T07:30:34 - [TEST_STEP][PASSED] - x = x.substring(i1, x.length()): null

04-12-2024T07:30:34 - [TEST_STEP][PASSED] - println(x): null

04-12-2024T07:30:34 - [TEST_STEP][PASSED] - i1 = x.indexOf("/") + 1: null

04-12-2024T07:30:34 - [TEST_STEP][PASSED] - if (i1 > -1): null

04-12-2024T07:30:34 - [TEST_STEP][PASSED] - x = x.substring(i1, x.length()): null

04-12-2024T07:30:34 - [TEST_STEP][PASSED] - println(x): null

04-12-2024T07:30:34 - [TEST_STEP][PASSED] - i1 = x.indexOf("/") + 1: null

04-12-2024T07:30:34 - [TEST_STEP][PASSED] - if (i1 > -1): null

04-12-2024T07:30:34 - [TEST_STEP][PASSED] - x = x.substring(i1, x.length()): null

04-12-2024T07:30:34 - [TEST_STEP][PASSED] - println(x): null

04-12-2024T07:30:34 - [TEST_STEP][PASSED] - i1 = x.indexOf("/") + 1: null

04-12-2024T07:30:34 - [TEST_STEP][PASSED] - if (i1 > -1): null

04-12-2024T07:30:34 - [TEST_STEP][PASSED] - x = x.substring(i1, x.length()): null

04-12-2024T07:30:34 - [TEST_STEP][PASSED] - println(x): null

04-12-2024T07:30:34 - [TEST_STEP][PASSED] - i1 = x.indexOf("/") + 1: null

04-12-2024T07:30:34 - [TEST_STEP][PASSED] - if (i1 > -1): null

04-12-2024T07:30:34 - [TEST_STEP][PASSED] - x = x.substring(i1, x.length()): null

04-12-2024T07:30:34 - [TEST_STEP][PASSED] - println(x): null

04-12-2024T07:30:34 - [TEST_STEP][PASSED] - i1 = x.indexOf("/") + 1: null

04-12-2024T07:30:34 - [TEST_STEP][PASSED] - if (i1 > -1): null

04-12-2024T07:30:34 - [TEST_STEP][PASSED] - x = x.substring(i1, x.length()): null

04-12-2024T07:30:34 - [TEST_STEP][PASSED] - println(x): null

04-12-2024T07:30:34 - [TEST_STEP][PASSED] - i1 = x.indexOf("/") + 1: null

04-12-2024T07:30:34 - [TEST_STEP][PASSED] - if (i1 > -1): null

04-12-2024T07:30:34 - [TEST_STEP][PASSED] - x = x.substring(i1, x.length()): null

04-12-2024T07:30:34 - [TEST_STEP][PASSED] - println(x): null

04-12-2024T07:30:34 - [TEST_STEP][PASSED] - i1 = x.indexOf("/"): null

04-12-2024T07:30:34 - [TEST_STEP][PASSED] - if (i1 > -1): null

04-12-2024T07:30:34 - [TEST_STEP][PASSED] - x = x.substring(0, i1): null

04-12-2024T07:30:34 - [TEST_STEP][PASSED] - println(x): null

04-12-2024T07:30:34 - [TEST_STEP][PASSED] - return x: null

04-12-2024T07:30:34 - [TEST_STEP][PASSED] - tabB = GetOiSPlanB(x = b): null

04-12-2024T07:30:34 - [TEST_STEP][PASSED] - i1 = <not implemented yet for class: org.codehaus.groovy.ast.expr.EmptyExpression>: null

04-12-2024T07:30:34 - [TEST_STEP][PASSED] - ii = <not implemented yet for class: org.codehaus.groovy.ast.expr.EmptyExpression>: null

04-12-2024T07:30:34 - [TEST_STEP][PASSED] - for ([ii = 1, ii < 8, (ii++)]): null

04-12-2024T07:30:34 - [TEST_STEP][PASSED] - i1 = x.indexOf("/") + 1: null

04-12-2024T07:30:34 - [TEST_STEP][PASSED] - if (i1 > -1): null

04-12-2024T07:30:34 - [TEST_STEP][PASSED] - x = x.substring(i1, x.length()): null

04-12-2024T07:30:34 - [TEST_STEP][PASSED] - println(x): null

04-12-2024T07:30:34 - [TEST_STEP][PASSED] - i1 = x.indexOf("/") + 1: null

04-12-2024T07:30:34 - [TEST_STEP][PASSED] - if (i1 > -1): null

04-12-2024T07:30:34 - [TEST_STEP][PASSED] - x = x.substring(i1, x.length()): null

04-12-2024T07:30:34 - [TEST_STEP][PASSED] - println(x): null

04-12-2024T07:30:34 - [TEST_STEP][PASSED] - i1 = x.indexOf("/") + 1: null

04-12-2024T07:30:34 - [TEST_STEP][PASSED] - if (i1 > -1): null

04-12-2024T07:30:34 - [TEST_STEP][PASSED] - x = x.substring(i1, x.length()): null

04-12-2024T07:30:34 - [TEST_STEP][PASSED] - println(x): null

04-12-2024T07:30:34 - [TEST_STEP][PASSED] - i1 = x.indexOf("/") + 1: null

04-12-2024T07:30:34 - [TEST_STEP][PASSED] - if (i1 > -1): null

04-12-2024T07:30:34 - [TEST_STEP][PASSED] - x = x.substring(i1, x.length()): null

04-12-2024T07:30:34 - [TEST_STEP][PASSED] - println(x): null

04-12-2024T07:30:34 - [TEST_STEP][PASSED] - i1 = x.indexOf("/") + 1: null

04-12-2024T07:30:34 - [TEST_STEP][PASSED] - if (i1 > -1): null

04-12-2024T07:30:34 - [TEST_STEP][PASSED] - x = x.substring(i1, x.length()): null

04-12-2024T07:30:34 - [TEST_STEP][PASSED] - println(x): null

04-12-2024T07:30:34 - [TEST_STEP][PASSED] - i1 = x.indexOf("/") + 1: null

04-12-2024T07:30:34 - [TEST_STEP][PASSED] - if (i1 > -1): null

04-12-2024T07:30:34 - [TEST_STEP][PASSED] - x = x.substring(i1, x.length()): null

04-12-2024T07:30:34 - [TEST_STEP][PASSED] - println(x): null

04-12-2024T07:30:34 - [TEST_STEP][PASSED] - i1 = x.indexOf("/") + 1: null

04-12-2024T07:30:34 - [TEST_STEP][PASSED] - if (i1 > -1): null

04-12-2024T07:30:34 - [TEST_STEP][PASSED] - x = x.substring(i1, x.length()): null

04-12-2024T07:30:34 - [TEST_STEP][PASSED] - println(x): null

04-12-2024T07:30:34 - [TEST_STEP][PASSED] - i1 = x.indexOf("/"): null

04-12-2024T07:30:34 - [TEST_STEP][PASSED] - if (i1 > -1): null

04-12-2024T07:30:34 - [TEST_STEP][PASSED] - x = x.substring(0, i1): null

04-12-2024T07:30:34 - [TEST_STEP][PASSED] - println(x): null

04-12-2024T07:30:34 - [TEST_STEP][FAILED] - return x: null

04-12-2024T07:30:34 - [TEST_STEP][PASSED] - println(tabR + "/" + tabB): null

04-12-2024T07:30:34 - [TEST_STEP][FAILED] - if (verifyEqual(PercFactR, PercFactB) == false): null

04-12-2024T07:30:34 - [MESSAGE][FAILED] - Unable to verify equal between actual object 'нет данных' and expected object '8.28' (Root cause: com.kms.katalon.core.exception.StepFailedException: Actual object 'нет данных' and expected object '8.28' are not equal
	at com.kms.katalon.core.keyword.builtin.VerifyEqualKeyword$_verifyEqual_closure1.doCall(VerifyEqualKeyword.groovy:58)
	at com.kms.katalon.core.keyword.builtin.VerifyEqualKeyword$_verifyEqual_closure1.call(VerifyEqualKeyword.groovy)
	at com.kms.katalon.core.keyword.internal.KeywordMain.runKeyword(KeywordMain.groovy:75)
	at com.kms.katalon.core.keyword.builtin.VerifyEqualKeyword.verifyEqual(VerifyEqualKeyword.groovy:63)
	at com.kms.katalon.core.keyword.builtin.VerifyEqualKeyword.execute(VerifyEqualKeyword.groovy:44)
	at com.kms.katalon.core.keyword.internal.KeywordExecutor.executeKeywordForPlatform(KeywordExecutor.groovy:74)
	at com.kms.katalon.core.keyword.BuiltinKeywords.verifyEqual(BuiltinKeywords.groovy:146)
	at jdk.internal.reflect.GeneratedMethodAccessor25.invoke(Unknown Source)
	at java.base/jdk.internal.reflect.DelegatingMethodAccessorImpl.invoke(DelegatingMethodAccessorImpl.java:43)
	at Выполнение бизнес-плана сверка дашбордов.CompareDZOData(Выполнение бизнес-плана сверка дашбордов:758)
	at Выполнение бизнес-плана сверка дашбордов.run(Выполнение бизнес-плана сверка дашбордов:633)
	at com.kms.katalon.core.main.ScriptEngine.run(ScriptEngine.java:194)
	at com.kms.katalon.core.main.ScriptEngine.runScriptAsRawText(ScriptEngine.java:119)
	at com.kms.katalon.core.main.TestCaseExecutor.runScript(TestCaseExecutor.java:448)
	at com.kms.katalon.core.main.TestCaseExecutor.doExecute(TestCaseExecutor.java:439)
	at com.kms.katalon.core.main.TestCaseExecutor.processExecutionPhase(TestCaseExecutor.java:418)
	at com.kms.katalon.core.main.TestCaseExecutor.accessMainPhase(TestCaseExecutor.java:410)
	at com.kms.katalon.core.main.TestCaseExecutor.execute(TestCaseExecutor.java:285)
	at com.kms.katalon.core.common.CommonExecutor.accessTestCaseMainPhase(CommonExecutor.java:65)
	at com.kms.katalon.core.main.TestSuiteExecutor.accessTestSuiteMainPhase(TestSuiteExecutor.java:150)
	at com.kms.katalon.core.main.TestSuiteExecutor.execute(TestSuiteExecutor.java:106)
	at com.kms.katalon.core.main.TestCaseMain.startTestSuite(TestCaseMain.java:180)
	at TempTestSuite1733285972582.run(TempTestSuite1733285972582.groovy:35)
	at java.base/jdk.internal.reflect.NativeMethodAccessorImpl.invoke0(Native Method)
	at java.base/jdk.internal.reflect.NativeMethodAccessorImpl.invoke(NativeMethodAccessorImpl.java:77)
	at java.base/jdk.internal.reflect.DelegatingMethodAccessorImpl.invoke(DelegatingMethodAccessorImpl.java:43)
)

04-12-2024T07:30:34 - [TEST_STEP][PASSED] - result = WriteToExcel(typeOfData, todaysDate, PercPlanR, PercPlanB, PercFactR, PercFactB, x, tabR, tabB, o1R, o1B, vidget): null

04-12-2024T07:30:34 - [TEST_STEP][PASSED] - iii = dZO.indexOf("/"): null

04-12-2024T07:30:34 - [TEST_STEP][PASSED] - println(iii): null

04-12-2024T07:30:34 - [TEST_STEP][PASSED] - dZO = dZO.substring(0, iii): null

04-12-2024T07:30:34 - [TEST_STEP][PASSED] - println(dZO): null

04-12-2024T07:30:34 - [TEST_STEP][PASSED] - println(PercPlanR): null

04-12-2024T07:30:34 - [TEST_STEP][PASSED] - println(PercPlanB): null

04-12-2024T07:30:34 - [TEST_STEP][PASSED] - println(PercFactR): null

04-12-2024T07:30:34 - [TEST_STEP][PASSED] - println(PercFactB): null

04-12-2024T07:30:34 - [TEST_STEP][PASSED] - println(tabR): null

04-12-2024T07:30:34 - [TEST_STEP][PASSED] - println(tabB): null

04-12-2024T07:30:34 - [TEST_STEP][PASSED] - println(o1R): null

04-12-2024T07:30:34 - [TEST_STEP][PASSED] - println(o1B): null

04-12-2024T07:30:34 - [TEST_STEP][PASSED] - PR = <not implemented yet for class: org.codehaus.groovy.ast.expr.EmptyExpression>: null

04-12-2024T07:30:34 - [TEST_STEP][PASSED] - FR = <not implemented yet for class: org.codehaus.groovy.ast.expr.EmptyExpression>: null

04-12-2024T07:30:34 - [TEST_STEP][PASSED] - PB = <not implemented yet for class: org.codehaus.groovy.ast.expr.EmptyExpression>: null

04-12-2024T07:30:34 - [TEST_STEP][PASSED] - FB = <not implemented yet for class: org.codehaus.groovy.ast.expr.EmptyExpression>: null

04-12-2024T07:30:34 - [TEST_STEP][PASSED] - TR = <not implemented yet for class: org.codehaus.groovy.ast.expr.EmptyExpression>: null

04-12-2024T07:30:34 - [TEST_STEP][PASSED] - TB = <not implemented yet for class: org.codehaus.groovy.ast.expr.EmptyExpression>: null

04-12-2024T07:30:34 - [TEST_STEP][PASSED] - sheetName = "Sheet1": null

04-12-2024T07:30:34 - [TEST_STEP][PASSED] - data = findTestData("PlanFact"): null

04-12-2024T07:30:34 - [TEST_STEP][PASSED] - n = data.getRowNumbers() + 1: null

04-12-2024T07:30:34 - [TEST_STEP][PASSED] - year = todaysDate.substring(todaysDate.length() - 4, todaysDate.length()): null

04-12-2024T07:30:34 - [TEST_STEP][PASSED] - y = year.toInteger(): null

04-12-2024T07:30:34 - [TEST_STEP][PASSED] - m = getText(findTestObject("Выполнение бизнес-плана/Выполнение бизнес-плана Балансы/Фильтр Дата")): Text of object 'Object Repository/Выполнение бизнес-плана/Выполнение бизнес-плана Балансы/Фильтр Дата' is: '1, 2, 3 кв., Октябрь 2024 года'

04-12-2024T07:30:35 - [MESSAGE][PASSED] - Text of object 'Object Repository/Выполнение бизнес-плана/Выполнение бизнес-плана Балансы/Фильтр Дата' is: '1, 2, 3 кв., Октябрь 2024 года'

04-12-2024T07:30:35 - [TEST_STEP][PASSED] - m = m.substring(0, m.indexOf("2024")): null

04-12-2024T07:30:35 - [TEST_STEP][PASSED] - m = m.trim(): null

04-12-2024T07:30:35 - [TEST_STEP][PASSED] - dashboardName = "Выполнение бизнес-плана": null

04-12-2024T07:30:35 - [TEST_STEP][PASSED] - workbook01 = getWorkbook(excelFilePath): null

04-12-2024T07:30:35 - [TEST_STEP][PASSED] - sheet01 = getExcelSheet(workbook01, sheetName): null

04-12-2024T07:30:35 - [TEST_STEP][PASSED] - setValueToCellByIndex(sheet01, n, 0, dashboardName): null

04-12-2024T07:30:35 - [TEST_STEP][PASSED] - setValueToCellByIndex(sheet01, n, 1, dZO): null

04-12-2024T07:30:35 - [TEST_STEP][PASSED] - setValueToCellByIndex(sheet01, n, 2, typeOfData): null

04-12-2024T07:30:35 - [TEST_STEP][PASSED] - setValueToCellByIndex(sheet01, n, 3, typeOfData): null

04-12-2024T07:30:35 - [TEST_STEP][PASSED] - if (typeOfData == "План"): null

04-12-2024T07:30:35 - [TEST_STEP][PASSED] - else if (typeOfData == "Факт"): null

04-12-2024T07:30:35 - [TEST_STEP][PASSED] - else if (vidget.contains("электроэнергии") == true): null

04-12-2024T07:30:35 - [TEST_STEP][PASSED] - if (tabR == null): null

04-12-2024T07:30:35 - [TEST_STEP][PASSED] - else: null

04-12-2024T07:30:35 - [TEST_STEP][PASSED] - if (tabR == "нет данных"): null

04-12-2024T07:30:35 - [TEST_STEP][PASSED] - setValueToCellByIndex(sheet01, n, 4, "нет данных"): null

04-12-2024T07:30:35 - [TEST_STEP][PASSED] - if (tabB == null): null

04-12-2024T07:30:35 - [TEST_STEP][PASSED] - else: null

04-12-2024T07:30:35 - [TEST_STEP][PASSED] - if (tabB == "нет данных"): null

04-12-2024T07:30:35 - [TEST_STEP][PASSED] - else: null

04-12-2024T07:30:35 - [TEST_STEP][PASSED] - TB = tabB.toInteger(): null

04-12-2024T07:30:35 - [TEST_STEP][PASSED] - setValueToCellByIndex(sheet01, n, 5, TB): null

04-12-2024T07:30:35 - [TEST_STEP][PASSED] - setValueToCellByIndex(sheet01, n, 6, m): null

04-12-2024T07:30:35 - [TEST_STEP][PASSED] - setValueToCellByIndex(sheet01, n, 7, y): null

04-12-2024T07:30:35 - [TEST_STEP][PASSED] - setValueToCellByIndex(sheet01, n, 8, todaysDate): null

04-12-2024T07:30:35 - [TEST_STEP][PASSED] - n = n + 1: null

04-12-2024T07:30:35 - [TEST_STEP][PASSED] - saveWorkbook(excelFilePath, workbook01): null

04-12-2024T07:30:35 - [TEST_STEP][PASSED] - typeOfData = "План Потери": null

04-12-2024T07:30:35 - [TEST_STEP][PASSED] - tabR = GetPPlanR(x = a): null

04-12-2024T07:30:35 - [TEST_STEP][PASSED] - i1 = <not implemented yet for class: org.codehaus.groovy.ast.expr.EmptyExpression>: null

04-12-2024T07:30:35 - [TEST_STEP][PASSED] - ii = <not implemented yet for class: org.codehaus.groovy.ast.expr.EmptyExpression>: null

04-12-2024T07:30:35 - [TEST_STEP][PASSED] - for ([ii = 1, ii < 9, (ii++)]): null

04-12-2024T07:30:35 - [TEST_STEP][PASSED] - i1 = x.indexOf("/") + 1: null

04-12-2024T07:30:35 - [TEST_STEP][PASSED] - if (i1 > -1): null

04-12-2024T07:30:35 - [TEST_STEP][PASSED] - x = x.substring(i1, x.length()): null

04-12-2024T07:30:35 - [TEST_STEP][PASSED] - println(x): null

04-12-2024T07:30:35 - [TEST_STEP][PASSED] - i1 = x.indexOf("/") + 1: null

04-12-2024T07:30:35 - [TEST_STEP][PASSED] - if (i1 > -1): null

04-12-2024T07:30:35 - [TEST_STEP][PASSED] - x = x.substring(i1, x.length()): null

04-12-2024T07:30:35 - [TEST_STEP][PASSED] - println(x): null

04-12-2024T07:30:35 - [TEST_STEP][PASSED] - i1 = x.indexOf("/") + 1: null

04-12-2024T07:30:35 - [TEST_STEP][PASSED] - if (i1 > -1): null

04-12-2024T07:30:35 - [TEST_STEP][PASSED] - x = x.substring(i1, x.length()): null

04-12-2024T07:30:35 - [TEST_STEP][PASSED] - println(x): null

04-12-2024T07:30:35 - [TEST_STEP][PASSED] - i1 = x.indexOf("/") + 1: null

04-12-2024T07:30:35 - [TEST_STEP][PASSED] - if (i1 > -1): null

04-12-2024T07:30:35 - [TEST_STEP][PASSED] - x = x.substring(i1, x.length()): null

04-12-2024T07:30:35 - [TEST_STEP][PASSED] - println(x): null

04-12-2024T07:30:35 - [TEST_STEP][PASSED] - i1 = x.indexOf("/") + 1: null

04-12-2024T07:30:35 - [TEST_STEP][PASSED] - if (i1 > -1): null

04-12-2024T07:30:35 - [TEST_STEP][PASSED] - x = x.substring(i1, x.length()): null

04-12-2024T07:30:35 - [TEST_STEP][PASSED] - println(x): null

04-12-2024T07:30:35 - [TEST_STEP][PASSED] - i1 = x.indexOf("/") + 1: null

04-12-2024T07:30:35 - [TEST_STEP][PASSED] - if (i1 > -1): null

04-12-2024T07:30:35 - [TEST_STEP][PASSED] - x = x.substring(i1, x.length()): null

04-12-2024T07:30:35 - [TEST_STEP][PASSED] - println(x): null

04-12-2024T07:30:35 - [TEST_STEP][PASSED] - i1 = x.indexOf("/") + 1: null

04-12-2024T07:30:35 - [TEST_STEP][PASSED] - if (i1 > -1): null

04-12-2024T07:30:35 - [TEST_STEP][PASSED] - x = x.substring(i1, x.length()): null

04-12-2024T07:30:35 - [TEST_STEP][PASSED] - println(x): null

04-12-2024T07:30:35 - [TEST_STEP][PASSED] - i1 = x.indexOf("/") + 1: null

04-12-2024T07:30:35 - [TEST_STEP][PASSED] - if (i1 > -1): null

04-12-2024T07:30:35 - [TEST_STEP][PASSED] - x = x.substring(i1, x.length()): null

04-12-2024T07:30:35 - [TEST_STEP][PASSED] - println(x): null

04-12-2024T07:30:35 - [TEST_STEP][PASSED] - i1 = x.indexOf("/"): null

04-12-2024T07:30:35 - [TEST_STEP][PASSED] - if (i1 > -1): null

04-12-2024T07:30:35 - [TEST_STEP][PASSED] - x = x.substring(0, i1): null

04-12-2024T07:30:35 - [TEST_STEP][PASSED] - println(x): null

04-12-2024T07:30:35 - [TEST_STEP][PASSED] - return x: null

04-12-2024T07:30:35 - [TEST_STEP][PASSED] - tabB = GetPPlanB(x = b): null

04-12-2024T07:30:35 - [TEST_STEP][PASSED] - i1 = <not implemented yet for class: org.codehaus.groovy.ast.expr.EmptyExpression>: null

04-12-2024T07:30:35 - [TEST_STEP][PASSED] - ii = <not implemented yet for class: org.codehaus.groovy.ast.expr.EmptyExpression>: null

04-12-2024T07:30:35 - [TEST_STEP][PASSED] - for ([ii = 1, ii < 9, (ii++)]): null

04-12-2024T07:30:35 - [TEST_STEP][PASSED] - i1 = x.indexOf("/") + 1: null

04-12-2024T07:30:35 - [TEST_STEP][PASSED] - if (i1 > -1): null

04-12-2024T07:30:35 - [TEST_STEP][PASSED] - x = x.substring(i1, x.length()): null

04-12-2024T07:30:35 - [TEST_STEP][PASSED] - println(x): null

04-12-2024T07:30:35 - [TEST_STEP][PASSED] - i1 = x.indexOf("/") + 1: null

04-12-2024T07:30:35 - [TEST_STEP][PASSED] - if (i1 > -1): null

04-12-2024T07:30:35 - [TEST_STEP][PASSED] - x = x.substring(i1, x.length()): null

04-12-2024T07:30:35 - [TEST_STEP][PASSED] - println(x): null

04-12-2024T07:30:35 - [TEST_STEP][PASSED] - i1 = x.indexOf("/") + 1: null

04-12-2024T07:30:35 - [TEST_STEP][PASSED] - if (i1 > -1): null

04-12-2024T07:30:35 - [TEST_STEP][PASSED] - x = x.substring(i1, x.length()): null

04-12-2024T07:30:35 - [TEST_STEP][PASSED] - println(x): null

04-12-2024T07:30:35 - [TEST_STEP][PASSED] - i1 = x.indexOf("/") + 1: null

04-12-2024T07:30:35 - [TEST_STEP][PASSED] - if (i1 > -1): null

04-12-2024T07:30:35 - [TEST_STEP][PASSED] - x = x.substring(i1, x.length()): null

04-12-2024T07:30:35 - [TEST_STEP][PASSED] - println(x): null

04-12-2024T07:30:35 - [TEST_STEP][PASSED] - i1 = x.indexOf("/") + 1: null

04-12-2024T07:30:35 - [TEST_STEP][PASSED] - if (i1 > -1): null

04-12-2024T07:30:35 - [TEST_STEP][PASSED] - x = x.substring(i1, x.length()): null

04-12-2024T07:30:35 - [TEST_STEP][PASSED] - println(x): null

04-12-2024T07:30:35 - [TEST_STEP][PASSED] - i1 = x.indexOf("/") + 1: null

04-12-2024T07:30:35 - [TEST_STEP][PASSED] - if (i1 > -1): null

04-12-2024T07:30:35 - [TEST_STEP][PASSED] - x = x.substring(i1, x.length()): null

04-12-2024T07:30:35 - [TEST_STEP][PASSED] - println(x): null

04-12-2024T07:30:35 - [TEST_STEP][PASSED] - i1 = x.indexOf("/") + 1: null

04-12-2024T07:30:35 - [TEST_STEP][PASSED] - if (i1 > -1): null

04-12-2024T07:30:35 - [TEST_STEP][PASSED] - x = x.substring(i1, x.length()): null

04-12-2024T07:30:35 - [TEST_STEP][PASSED] - println(x): null

04-12-2024T07:30:35 - [TEST_STEP][PASSED] - i1 = x.indexOf("/") + 1: null

04-12-2024T07:30:35 - [TEST_STEP][PASSED] - if (i1 > -1): null

04-12-2024T07:30:35 - [TEST_STEP][PASSED] - x = x.substring(i1, x.length()): null

04-12-2024T07:30:35 - [TEST_STEP][PASSED] - println(x): null

04-12-2024T07:30:35 - [TEST_STEP][PASSED] - i1 = x.indexOf("/"): null

04-12-2024T07:30:35 - [TEST_STEP][PASSED] - if (i1 > -1): null

04-12-2024T07:30:35 - [TEST_STEP][PASSED] - x = x.substring(0, i1): null

04-12-2024T07:30:35 - [TEST_STEP][PASSED] - println(x): null

04-12-2024T07:30:35 - [TEST_STEP][FAILED] - return x: null

04-12-2024T07:30:35 - [TEST_STEP][PASSED] - println(tabR + "/" + tabB): null

04-12-2024T07:30:35 - [TEST_STEP][FAILED] - if (verifyEqual(PercFactR, PercFactB) == false): null

04-12-2024T07:30:35 - [MESSAGE][FAILED] - Unable to verify equal between actual object 'нет данных' and expected object '8.28' (Root cause: com.kms.katalon.core.exception.StepFailedException: Actual object 'нет данных' and expected object '8.28' are not equal
	at com.kms.katalon.core.keyword.builtin.VerifyEqualKeyword$_verifyEqual_closure1.doCall(VerifyEqualKeyword.groovy:58)
	at com.kms.katalon.core.keyword.builtin.VerifyEqualKeyword$_verifyEqual_closure1.call(VerifyEqualKeyword.groovy)
	at com.kms.katalon.core.keyword.internal.KeywordMain.runKeyword(KeywordMain.groovy:75)
	at com.kms.katalon.core.keyword.builtin.VerifyEqualKeyword.verifyEqual(VerifyEqualKeyword.groovy:63)
	at com.kms.katalon.core.keyword.builtin.VerifyEqualKeyword.execute(VerifyEqualKeyword.groovy:44)
	at com.kms.katalon.core.keyword.internal.KeywordExecutor.executeKeywordForPlatform(KeywordExecutor.groovy:74)
	at com.kms.katalon.core.keyword.BuiltinKeywords.verifyEqual(BuiltinKeywords.groovy:146)
	at jdk.internal.reflect.GeneratedMethodAccessor25.invoke(Unknown Source)
	at java.base/jdk.internal.reflect.DelegatingMethodAccessorImpl.invoke(DelegatingMethodAccessorImpl.java:43)
	at Выполнение бизнес-плана сверка дашбордов.CompareDZOData(Выполнение бизнес-плана сверка дашбордов:771)
	at Выполнение бизнес-плана сверка дашбордов.run(Выполнение бизнес-плана сверка дашбордов:633)
	at com.kms.katalon.core.main.ScriptEngine.run(ScriptEngine.java:194)
	at com.kms.katalon.core.main.ScriptEngine.runScriptAsRawText(ScriptEngine.java:119)
	at com.kms.katalon.core.main.TestCaseExecutor.runScript(TestCaseExecutor.java:448)
	at com.kms.katalon.core.main.TestCaseExecutor.doExecute(TestCaseExecutor.java:439)
	at com.kms.katalon.core.main.TestCaseExecutor.processExecutionPhase(TestCaseExecutor.java:418)
	at com.kms.katalon.core.main.TestCaseExecutor.accessMainPhase(TestCaseExecutor.java:410)
	at com.kms.katalon.core.main.TestCaseExecutor.execute(TestCaseExecutor.java:285)
	at com.kms.katalon.core.common.CommonExecutor.accessTestCaseMainPhase(CommonExecutor.java:65)
	at com.kms.katalon.core.main.TestSuiteExecutor.accessTestSuiteMainPhase(TestSuiteExecutor.java:150)
	at com.kms.katalon.core.main.TestSuiteExecutor.execute(TestSuiteExecutor.java:106)
	at com.kms.katalon.core.main.TestCaseMain.startTestSuite(TestCaseMain.java:180)
	at TempTestSuite1733285972582.run(TempTestSuite1733285972582.groovy:35)
	at java.base/jdk.internal.reflect.NativeMethodAccessorImpl.invoke0(Native Method)
	at java.base/jdk.internal.reflect.NativeMethodAccessorImpl.invoke(NativeMethodAccessorImpl.java:77)
	at java.base/jdk.internal.reflect.DelegatingMethodAccessorImpl.invoke(DelegatingMethodAccessorImpl.java:43)
)

04-12-2024T07:30:35 - [TEST_STEP][PASSED] - result = WriteToExcel(typeOfData, todaysDate, PercPlanR, PercPlanB, PercFactR, PercFactB, x, tabR, tabB, o1R, o1B, vidget): null

04-12-2024T07:30:35 - [TEST_STEP][PASSED] - iii = dZO.indexOf("/"): null

04-12-2024T07:30:35 - [TEST_STEP][PASSED] - println(iii): null

04-12-2024T07:30:35 - [TEST_STEP][PASSED] - dZO = dZO.substring(0, iii): null

04-12-2024T07:30:35 - [TEST_STEP][PASSED] - println(dZO): null

04-12-2024T07:30:35 - [TEST_STEP][PASSED] - println(PercPlanR): null

04-12-2024T07:30:35 - [TEST_STEP][PASSED] - println(PercPlanB): null

04-12-2024T07:30:35 - [TEST_STEP][PASSED] - println(PercFactR): null

04-12-2024T07:30:35 - [TEST_STEP][PASSED] - println(PercFactB): null

04-12-2024T07:30:35 - [TEST_STEP][PASSED] - println(tabR): null

04-12-2024T07:30:35 - [TEST_STEP][PASSED] - println(tabB): null

04-12-2024T07:30:35 - [TEST_STEP][PASSED] - println(o1R): null

04-12-2024T07:30:35 - [TEST_STEP][PASSED] - println(o1B): null

04-12-2024T07:30:35 - [TEST_STEP][PASSED] - PR = <not implemented yet for class: org.codehaus.groovy.ast.expr.EmptyExpression>: null

04-12-2024T07:30:35 - [TEST_STEP][PASSED] - FR = <not implemented yet for class: org.codehaus.groovy.ast.expr.EmptyExpression>: null

04-12-2024T07:30:35 - [TEST_STEP][PASSED] - PB = <not implemented yet for class: org.codehaus.groovy.ast.expr.EmptyExpression>: null

04-12-2024T07:30:35 - [TEST_STEP][PASSED] - FB = <not implemented yet for class: org.codehaus.groovy.ast.expr.EmptyExpression>: null

04-12-2024T07:30:35 - [TEST_STEP][PASSED] - TR = <not implemented yet for class: org.codehaus.groovy.ast.expr.EmptyExpression>: null

04-12-2024T07:30:35 - [TEST_STEP][PASSED] - TB = <not implemented yet for class: org.codehaus.groovy.ast.expr.EmptyExpression>: null

04-12-2024T07:30:35 - [TEST_STEP][PASSED] - sheetName = "Sheet1": null

04-12-2024T07:30:35 - [TEST_STEP][PASSED] - data = findTestData("PlanFact"): null

04-12-2024T07:30:35 - [TEST_STEP][PASSED] - n = data.getRowNumbers() + 1: null

04-12-2024T07:30:35 - [TEST_STEP][PASSED] - year = todaysDate.substring(todaysDate.length() - 4, todaysDate.length()): null

04-12-2024T07:30:35 - [TEST_STEP][PASSED] - y = year.toInteger(): null

04-12-2024T07:30:35 - [TEST_STEP][PASSED] - m = getText(findTestObject("Выполнение бизнес-плана/Выполнение бизнес-плана Балансы/Фильтр Дата")): Text of object 'Object Repository/Выполнение бизнес-плана/Выполнение бизнес-плана Балансы/Фильтр Дата' is: '1, 2, 3 кв., Октябрь 2024 года'

04-12-2024T07:30:35 - [MESSAGE][PASSED] - Text of object 'Object Repository/Выполнение бизнес-плана/Выполнение бизнес-плана Балансы/Фильтр Дата' is: '1, 2, 3 кв., Октябрь 2024 года'

04-12-2024T07:30:35 - [TEST_STEP][PASSED] - m = m.substring(0, m.indexOf("2024")): null

04-12-2024T07:30:35 - [TEST_STEP][PASSED] - m = m.trim(): null

04-12-2024T07:30:35 - [TEST_STEP][PASSED] - dashboardName = "Выполнение бизнес-плана": null

04-12-2024T07:30:35 - [TEST_STEP][PASSED] - workbook01 = getWorkbook(excelFilePath): null

04-12-2024T07:30:35 - [TEST_STEP][PASSED] - sheet01 = getExcelSheet(workbook01, sheetName): null

04-12-2024T07:30:35 - [TEST_STEP][PASSED] - setValueToCellByIndex(sheet01, n, 0, dashboardName): null

04-12-2024T07:30:35 - [TEST_STEP][PASSED] - setValueToCellByIndex(sheet01, n, 1, dZO): null

04-12-2024T07:30:35 - [TEST_STEP][PASSED] - setValueToCellByIndex(sheet01, n, 2, typeOfData): null

04-12-2024T07:30:35 - [TEST_STEP][PASSED] - setValueToCellByIndex(sheet01, n, 3, typeOfData): null

04-12-2024T07:30:35 - [TEST_STEP][PASSED] - if (typeOfData == "План"): null

04-12-2024T07:30:35 - [TEST_STEP][PASSED] - else if (typeOfData == "Факт"): null

04-12-2024T07:30:35 - [TEST_STEP][PASSED] - else if (vidget.contains("электроэнергии") == true): null

04-12-2024T07:30:35 - [TEST_STEP][PASSED] - if (tabR == null): null

04-12-2024T07:30:35 - [TEST_STEP][PASSED] - else: null

04-12-2024T07:30:35 - [TEST_STEP][PASSED] - if (tabR == "нет данных"): null

04-12-2024T07:30:35 - [TEST_STEP][PASSED] - setValueToCellByIndex(sheet01, n, 4, "нет данных"): null

04-12-2024T07:30:35 - [TEST_STEP][PASSED] - if (tabB == null): null

04-12-2024T07:30:35 - [TEST_STEP][PASSED] - else: null

04-12-2024T07:30:35 - [TEST_STEP][PASSED] - if (tabB == "нет данных"): null

04-12-2024T07:30:35 - [TEST_STEP][PASSED] - else: null

04-12-2024T07:30:35 - [TEST_STEP][PASSED] - TB = tabB.toInteger(): null

04-12-2024T07:30:35 - [TEST_STEP][PASSED] - setValueToCellByIndex(sheet01, n, 5, TB): null

04-12-2024T07:30:35 - [TEST_STEP][PASSED] - setValueToCellByIndex(sheet01, n, 6, m): null

04-12-2024T07:30:35 - [TEST_STEP][PASSED] - setValueToCellByIndex(sheet01, n, 7, y): null

04-12-2024T07:30:35 - [TEST_STEP][PASSED] - setValueToCellByIndex(sheet01, n, 8, todaysDate): null

04-12-2024T07:30:35 - [TEST_STEP][PASSED] - n = n + 1: null

04-12-2024T07:30:35 - [TEST_STEP][PASSED] - saveWorkbook(excelFilePath, workbook01): null

04-12-2024T07:30:36 - [TEST_STEP][PASSED] - ii2 = a.indexOf("ПАО"): null

04-12-2024T07:30:36 - [TEST_STEP][PASSED] - if (ii2 == -1): null

04-12-2024T07:30:36 - [TEST_STEP][PASSED] - vidget = "Отклонения фактического уровня потерь от бизнес-плана": null

04-12-2024T07:30:36 - [TEST_STEP][PASSED] - typeOfData = "Коэффициент": null

04-12-2024T07:30:36 - [TEST_STEP][PASSED] - o1R = Geto1R(x = a): null

04-12-2024T07:30:36 - [TEST_STEP][PASSED] - i1 = <not implemented yet for class: org.codehaus.groovy.ast.expr.EmptyExpression>: null

04-12-2024T07:30:36 - [TEST_STEP][PASSED] - ii = <not implemented yet for class: org.codehaus.groovy.ast.expr.EmptyExpression>: null

04-12-2024T07:30:36 - [TEST_STEP][PASSED] - for ([ii = 1, ii < 10, (ii++)]): null

04-12-2024T07:30:36 - [TEST_STEP][PASSED] - i1 = x.indexOf("/") + 1: null

04-12-2024T07:30:36 - [TEST_STEP][PASSED] - if (i1 > -1): null

04-12-2024T07:30:36 - [TEST_STEP][PASSED] - x = x.substring(i1, x.length()): null

04-12-2024T07:30:36 - [TEST_STEP][PASSED] - i1 = x.indexOf("/") + 1: null

04-12-2024T07:30:36 - [TEST_STEP][PASSED] - if (i1 > -1): null

04-12-2024T07:30:36 - [TEST_STEP][PASSED] - x = x.substring(i1, x.length()): null

04-12-2024T07:30:36 - [TEST_STEP][PASSED] - i1 = x.indexOf("/") + 1: null

04-12-2024T07:30:36 - [TEST_STEP][PASSED] - if (i1 > -1): null

04-12-2024T07:30:36 - [TEST_STEP][PASSED] - x = x.substring(i1, x.length()): null

04-12-2024T07:30:36 - [TEST_STEP][PASSED] - i1 = x.indexOf("/") + 1: null

04-12-2024T07:30:36 - [TEST_STEP][PASSED] - if (i1 > -1): null

04-12-2024T07:30:36 - [TEST_STEP][PASSED] - x = x.substring(i1, x.length()): null

04-12-2024T07:30:36 - [TEST_STEP][PASSED] - i1 = x.indexOf("/") + 1: null

04-12-2024T07:30:36 - [TEST_STEP][PASSED] - if (i1 > -1): null

04-12-2024T07:30:36 - [TEST_STEP][PASSED] - x = x.substring(i1, x.length()): null

04-12-2024T07:30:36 - [TEST_STEP][PASSED] - i1 = x.indexOf("/") + 1: null

04-12-2024T07:30:36 - [TEST_STEP][PASSED] - if (i1 > -1): null

04-12-2024T07:30:36 - [TEST_STEP][PASSED] - x = x.substring(i1, x.length()): null

04-12-2024T07:30:36 - [TEST_STEP][PASSED] - i1 = x.indexOf("/") + 1: null

04-12-2024T07:30:36 - [TEST_STEP][PASSED] - if (i1 > -1): null

04-12-2024T07:30:36 - [TEST_STEP][PASSED] - x = x.substring(i1, x.length()): null

04-12-2024T07:30:36 - [TEST_STEP][PASSED] - i1 = x.indexOf("/") + 1: null

04-12-2024T07:30:36 - [TEST_STEP][PASSED] - if (i1 > -1): null

04-12-2024T07:30:36 - [TEST_STEP][PASSED] - x = x.substring(i1, x.length()): null

04-12-2024T07:30:36 - [TEST_STEP][PASSED] - i1 = x.indexOf("/") + 1: null

04-12-2024T07:30:36 - [TEST_STEP][PASSED] - if (i1 > -1): null

04-12-2024T07:30:36 - [TEST_STEP][PASSED] - x = x.substring(i1, x.length()): null

04-12-2024T07:30:36 - [TEST_STEP][PASSED] - i1 = x.indexOf("/"): null

04-12-2024T07:30:36 - [TEST_STEP][PASSED] - if (i1 > -1): null

04-12-2024T07:30:36 - [TEST_STEP][PASSED] - println(x): null

04-12-2024T07:30:36 - [TEST_STEP][PASSED] - return x: null

04-12-2024T07:30:36 - [TEST_STEP][PASSED] - o1B = Geto1B(x = b): null

04-12-2024T07:30:36 - [TEST_STEP][PASSED] - i1 = <not implemented yet for class: org.codehaus.groovy.ast.expr.EmptyExpression>: null

04-12-2024T07:30:36 - [TEST_STEP][PASSED] - ii = <not implemented yet for class: org.codehaus.groovy.ast.expr.EmptyExpression>: null

04-12-2024T07:30:36 - [TEST_STEP][PASSED] - for ([ii = 1, ii < 10, (ii++)]): null

04-12-2024T07:30:36 - [TEST_STEP][PASSED] - i1 = x.indexOf("/") + 1: null

04-12-2024T07:30:36 - [TEST_STEP][PASSED] - if (i1 > -1): null

04-12-2024T07:30:36 - [TEST_STEP][PASSED] - x = x.substring(i1, x.length()): null

04-12-2024T07:30:36 - [TEST_STEP][PASSED] - i1 = x.indexOf("/") + 1: null

04-12-2024T07:30:36 - [TEST_STEP][PASSED] - if (i1 > -1): null

04-12-2024T07:30:36 - [TEST_STEP][PASSED] - x = x.substring(i1, x.length()): null

04-12-2024T07:30:36 - [TEST_STEP][PASSED] - i1 = x.indexOf("/") + 1: null

04-12-2024T07:30:36 - [TEST_STEP][PASSED] - if (i1 > -1): null

04-12-2024T07:30:36 - [TEST_STEP][PASSED] - x = x.substring(i1, x.length()): null

04-12-2024T07:30:36 - [TEST_STEP][PASSED] - i1 = x.indexOf("/") + 1: null

04-12-2024T07:30:36 - [TEST_STEP][PASSED] - if (i1 > -1): null

04-12-2024T07:30:36 - [TEST_STEP][PASSED] - x = x.substring(i1, x.length()): null

04-12-2024T07:30:36 - [TEST_STEP][PASSED] - i1 = x.indexOf("/") + 1: null

04-12-2024T07:30:36 - [TEST_STEP][PASSED] - if (i1 > -1): null

04-12-2024T07:30:36 - [TEST_STEP][PASSED] - x = x.substring(i1, x.length()): null

04-12-2024T07:30:36 - [TEST_STEP][PASSED] - i1 = x.indexOf("/") + 1: null

04-12-2024T07:30:36 - [TEST_STEP][PASSED] - if (i1 > -1): null

04-12-2024T07:30:36 - [TEST_STEP][PASSED] - x = x.substring(i1, x.length()): null

04-12-2024T07:30:36 - [TEST_STEP][PASSED] - i1 = x.indexOf("/") + 1: null

04-12-2024T07:30:36 - [TEST_STEP][PASSED] - if (i1 > -1): null

04-12-2024T07:30:36 - [TEST_STEP][PASSED] - x = x.substring(i1, x.length()): null

04-12-2024T07:30:36 - [TEST_STEP][PASSED] - i1 = x.indexOf("/") + 1: null

04-12-2024T07:30:36 - [TEST_STEP][PASSED] - if (i1 > -1): null

04-12-2024T07:30:36 - [TEST_STEP][PASSED] - x = x.substring(i1, x.length()): null

04-12-2024T07:30:36 - [TEST_STEP][PASSED] - i1 = x.indexOf("/") + 1: null

04-12-2024T07:30:36 - [TEST_STEP][PASSED] - if (i1 > -1): null

04-12-2024T07:30:36 - [TEST_STEP][PASSED] - x = x.substring(i1, x.length()): null

04-12-2024T07:30:36 - [TEST_STEP][PASSED] - i1 = x.indexOf("/"): null

04-12-2024T07:30:36 - [TEST_STEP][PASSED] - if (i1 > -1): null

04-12-2024T07:30:36 - [TEST_STEP][PASSED] - println(x): null

04-12-2024T07:30:36 - [TEST_STEP][FAILED] - return x: null

04-12-2024T07:30:36 - [TEST_STEP][PASSED] - println(o1R + "/" + o1B): null

04-12-2024T07:30:36 - [TEST_STEP][FAILED] - if (verifyEqual(PercFactR, PercFactB) == false): null

04-12-2024T07:30:36 - [MESSAGE][FAILED] - Unable to verify equal between actual object 'нет данных' and expected object '8.28' (Root cause: com.kms.katalon.core.exception.StepFailedException: Actual object 'нет данных' and expected object '8.28' are not equal
	at com.kms.katalon.core.keyword.builtin.VerifyEqualKeyword$_verifyEqual_closure1.doCall(VerifyEqualKeyword.groovy:58)
	at com.kms.katalon.core.keyword.builtin.VerifyEqualKeyword$_verifyEqual_closure1.call(VerifyEqualKeyword.groovy)
	at com.kms.katalon.core.keyword.internal.KeywordMain.runKeyword(KeywordMain.groovy:75)
	at com.kms.katalon.core.keyword.builtin.VerifyEqualKeyword.verifyEqual(VerifyEqualKeyword.groovy:63)
	at com.kms.katalon.core.keyword.builtin.VerifyEqualKeyword.execute(VerifyEqualKeyword.groovy:44)
	at com.kms.katalon.core.keyword.internal.KeywordExecutor.executeKeywordForPlatform(KeywordExecutor.groovy:74)
	at com.kms.katalon.core.keyword.BuiltinKeywords.verifyEqual(BuiltinKeywords.groovy:146)
	at jdk.internal.reflect.GeneratedMethodAccessor25.invoke(Unknown Source)
	at java.base/jdk.internal.reflect.DelegatingMethodAccessorImpl.invoke(DelegatingMethodAccessorImpl.java:43)
	at Выполнение бизнес-плана сверка дашбордов.CompareDZOData(Выполнение бизнес-плана сверка дашбордов:789)
	at Выполнение бизнес-плана сверка дашбордов.run(Выполнение бизнес-плана сверка дашбордов:633)
	at com.kms.katalon.core.main.ScriptEngine.run(ScriptEngine.java:194)
	at com.kms.katalon.core.main.ScriptEngine.runScriptAsRawText(ScriptEngine.java:119)
	at com.kms.katalon.core.main.TestCaseExecutor.runScript(TestCaseExecutor.java:448)
	at com.kms.katalon.core.main.TestCaseExecutor.doExecute(TestCaseExecutor.java:439)
	at com.kms.katalon.core.main.TestCaseExecutor.processExecutionPhase(TestCaseExecutor.java:418)
	at com.kms.katalon.core.main.TestCaseExecutor.accessMainPhase(TestCaseExecutor.java:410)
	at com.kms.katalon.core.main.TestCaseExecutor.execute(TestCaseExecutor.java:285)
	at com.kms.katalon.core.common.CommonExecutor.accessTestCaseMainPhase(CommonExecutor.java:65)
	at com.kms.katalon.core.main.TestSuiteExecutor.accessTestSuiteMainPhase(TestSuiteExecutor.java:150)
	at com.kms.katalon.core.main.TestSuiteExecutor.execute(TestSuiteExecutor.java:106)
	at com.kms.katalon.core.main.TestCaseMain.startTestSuite(TestCaseMain.java:180)
	at TempTestSuite1733285972582.run(TempTestSuite1733285972582.groovy:35)
	at java.base/jdk.internal.reflect.NativeMethodAccessorImpl.invoke0(Native Method)
	at java.base/jdk.internal.reflect.NativeMethodAccessorImpl.invoke(NativeMethodAccessorImpl.java:77)
	at java.base/jdk.internal.reflect.DelegatingMethodAccessorImpl.invoke(DelegatingMethodAccessorImpl.java:43)
)

04-12-2024T07:30:36 - [TEST_STEP][PASSED] - result = WriteToExcel(typeOfData, todaysDate, PercPlanR, PercPlanB, PercFactR, PercFactB, x, tabR, tabB, o1R, o1B, vidget): null

04-12-2024T07:30:36 - [TEST_STEP][PASSED] - iii = dZO.indexOf("/"): null

04-12-2024T07:30:36 - [TEST_STEP][PASSED] - println(iii): null

04-12-2024T07:30:36 - [TEST_STEP][PASSED] - dZO = dZO.substring(0, iii): null

04-12-2024T07:30:36 - [TEST_STEP][PASSED] - println(dZO): null

04-12-2024T07:30:36 - [TEST_STEP][PASSED] - println(PercPlanR): null

04-12-2024T07:30:36 - [TEST_STEP][PASSED] - println(PercPlanB): null

04-12-2024T07:30:36 - [TEST_STEP][PASSED] - println(PercFactR): null

04-12-2024T07:30:36 - [TEST_STEP][PASSED] - println(PercFactB): null

04-12-2024T07:30:36 - [TEST_STEP][PASSED] - println(tabR): null

04-12-2024T07:30:36 - [TEST_STEP][PASSED] - println(tabB): null

04-12-2024T07:30:36 - [TEST_STEP][PASSED] - println(o1R): null

04-12-2024T07:30:36 - [TEST_STEP][PASSED] - println(o1B): null

04-12-2024T07:30:36 - [TEST_STEP][PASSED] - PR = <not implemented yet for class: org.codehaus.groovy.ast.expr.EmptyExpression>: null

04-12-2024T07:30:36 - [TEST_STEP][PASSED] - FR = <not implemented yet for class: org.codehaus.groovy.ast.expr.EmptyExpression>: null

04-12-2024T07:30:36 - [TEST_STEP][PASSED] - PB = <not implemented yet for class: org.codehaus.groovy.ast.expr.EmptyExpression>: null

04-12-2024T07:30:36 - [TEST_STEP][PASSED] - FB = <not implemented yet for class: org.codehaus.groovy.ast.expr.EmptyExpression>: null

04-12-2024T07:30:36 - [TEST_STEP][PASSED] - TR = <not implemented yet for class: org.codehaus.groovy.ast.expr.EmptyExpression>: null

04-12-2024T07:30:36 - [TEST_STEP][PASSED] - TB = <not implemented yet for class: org.codehaus.groovy.ast.expr.EmptyExpression>: null

04-12-2024T07:30:36 - [TEST_STEP][PASSED] - sheetName = "Sheet1": null

04-12-2024T07:30:36 - [TEST_STEP][PASSED] - data = findTestData("PlanFact"): null

04-12-2024T07:30:36 - [TEST_STEP][PASSED] - n = data.getRowNumbers() + 1: null

04-12-2024T07:30:36 - [TEST_STEP][PASSED] - year = todaysDate.substring(todaysDate.length() - 4, todaysDate.length()): null

04-12-2024T07:30:36 - [TEST_STEP][PASSED] - y = year.toInteger(): null

04-12-2024T07:30:36 - [TEST_STEP][PASSED] - m = getText(findTestObject("Выполнение бизнес-плана/Выполнение бизнес-плана Балансы/Фильтр Дата")): Text of object 'Object Repository/Выполнение бизнес-плана/Выполнение бизнес-плана Балансы/Фильтр Дата' is: '1, 2, 3 кв., Октябрь 2024 года'

04-12-2024T07:30:36 - [MESSAGE][PASSED] - Text of object 'Object Repository/Выполнение бизнес-плана/Выполнение бизнес-плана Балансы/Фильтр Дата' is: '1, 2, 3 кв., Октябрь 2024 года'

04-12-2024T07:30:36 - [TEST_STEP][PASSED] - m = m.substring(0, m.indexOf("2024")): null

04-12-2024T07:30:36 - [TEST_STEP][PASSED] - m = m.trim(): null

04-12-2024T07:30:36 - [TEST_STEP][PASSED] - dashboardName = "Выполнение бизнес-плана": null

04-12-2024T07:30:36 - [TEST_STEP][PASSED] - workbook01 = getWorkbook(excelFilePath): null

04-12-2024T07:30:36 - [TEST_STEP][PASSED] - sheet01 = getExcelSheet(workbook01, sheetName): null

04-12-2024T07:30:36 - [TEST_STEP][PASSED] - setValueToCellByIndex(sheet01, n, 0, dashboardName): null

04-12-2024T07:30:36 - [TEST_STEP][PASSED] - setValueToCellByIndex(sheet01, n, 1, dZO): null

04-12-2024T07:30:36 - [TEST_STEP][PASSED] - setValueToCellByIndex(sheet01, n, 2, typeOfData): null

04-12-2024T07:30:36 - [TEST_STEP][PASSED] - setValueToCellByIndex(sheet01, n, 3, typeOfData): null

04-12-2024T07:30:36 - [TEST_STEP][PASSED] - if (typeOfData == "План"): null

04-12-2024T07:30:36 - [TEST_STEP][PASSED] - else if (typeOfData == "Факт"): null

04-12-2024T07:30:36 - [TEST_STEP][PASSED] - else if (vidget.contains("электроэнергии") == true): null

04-12-2024T07:30:36 - [TEST_STEP][PASSED] - else: null

04-12-2024T07:30:36 - [TEST_STEP][PASSED] - if (o1R == null): null

04-12-2024T07:30:36 - [TEST_STEP][PASSED] - else: null

04-12-2024T07:30:36 - [TEST_STEP][PASSED] - if (o1R == "нет данных"): null

04-12-2024T07:30:36 - [TEST_STEP][PASSED] - setValueToCellByIndex(sheet01, n, 4, "нет данных"): null

04-12-2024T07:30:36 - [TEST_STEP][PASSED] - if (o1B == null): null

04-12-2024T07:30:36 - [TEST_STEP][PASSED] - else: null

04-12-2024T07:30:36 - [TEST_STEP][PASSED] - if (o1B == "нет данных"): null

04-12-2024T07:30:36 - [TEST_STEP][PASSED] - else: null

04-12-2024T07:30:36 - [TEST_STEP][PASSED] - FB = o1B.toDouble(): null

04-12-2024T07:30:36 - [TEST_STEP][PASSED] - setValueToCellByIndex(sheet01, n, 5, FB): null

04-12-2024T07:30:36 - [TEST_STEP][PASSED] - setValueToCellByIndex(sheet01, n, 6, m): null

04-12-2024T07:30:36 - [TEST_STEP][PASSED] - setValueToCellByIndex(sheet01, n, 7, y): null

04-12-2024T07:30:36 - [TEST_STEP][PASSED] - setValueToCellByIndex(sheet01, n, 8, todaysDate): null

04-12-2024T07:30:36 - [TEST_STEP][PASSED] - n = n + 1: null

04-12-2024T07:30:36 - [TEST_STEP][FAILED] - saveWorkbook(excelFilePath, workbook01): null

04-12-2024T07:30:36 - [TEST_STEP][PASSED] - if (verifyEqual(tyumR, tyumB) == false): Actual object 'Россети Тюмень/2.50/2.65/43413766/42264622/1149143/45056130/43930370/1125760/0.15' and expected object 'Россети Тюмень/2.50/2.65/43413766/42264622/1149143/45056130/43930370/1125760/0.15' are equal

04-12-2024T07:30:36 - [MESSAGE][PASSED] - Actual object 'Россети Тюмень/2.50/2.65/43413766/42264622/1149143/45056130/43930370/1125760/0.15' and expected object 'Россети Тюмень/2.50/2.65/43413766/42264622/1149143/45056130/43930370/1125760/0.15' are equal

04-12-2024T07:30:36 - [TEST_STEP][FAILED] - if (verifyEqual(urR, urB) == false): null

04-12-2024T07:30:36 - [MESSAGE][FAILED] - Unable to verify equal between actual object 'Россети Урал (ГК)/нет данных/нет данных/нет данных/нет данных/нет данных/нет данных/нет данных/нет данных/нет данных' and expected object 'Россети Урал (ГК)/5.87/5.76/60236197/56765393/3470805/66176856/62251551/3925305/-0.11' (Root cause: com.kms.katalon.core.exception.StepFailedException: Actual object 'Россети Урал (ГК)/нет данных/нет данных/нет данных/нет данных/нет данных/нет данных/нет данных/нет данных/нет данных' and expected object 'Россети Урал (ГК)/5.87/5.76/60236197/56765393/3470805/66176856/62251551/3925305/-0.11' are not equal
	at com.kms.katalon.core.keyword.builtin.VerifyEqualKeyword$_verifyEqual_closure1.doCall(VerifyEqualKeyword.groovy:58)
	at com.kms.katalon.core.keyword.builtin.VerifyEqualKeyword$_verifyEqual_closure1.call(VerifyEqualKeyword.groovy)
	at com.kms.katalon.core.keyword.internal.KeywordMain.runKeyword(KeywordMain.groovy:75)
	at com.kms.katalon.core.keyword.builtin.VerifyEqualKeyword.verifyEqual(VerifyEqualKeyword.groovy:63)
	at com.kms.katalon.core.keyword.builtin.VerifyEqualKeyword.execute(VerifyEqualKeyword.groovy:44)
	at com.kms.katalon.core.keyword.internal.KeywordExecutor.executeKeywordForPlatform(KeywordExecutor.groovy:74)
	at com.kms.katalon.core.keyword.BuiltinKeywords.verifyEqual(BuiltinKeywords.groovy:146)
	at jdk.internal.reflect.GeneratedMethodAccessor25.invoke(Unknown Source)
	at java.base/jdk.internal.reflect.DelegatingMethodAccessorImpl.invoke(DelegatingMethodAccessorImpl.java:43)
	at Выполнение бизнес-плана сверка дашбордов.run(Выполнение бизнес-плана сверка дашбордов:642)
	at com.kms.katalon.core.main.ScriptEngine.run(ScriptEngine.java:194)
	at com.kms.katalon.core.main.ScriptEngine.runScriptAsRawText(ScriptEngine.java:119)
	at com.kms.katalon.core.main.TestCaseExecutor.runScript(TestCaseExecutor.java:448)
	at com.kms.katalon.core.main.TestCaseExecutor.doExecute(TestCaseExecutor.java:439)
	at com.kms.katalon.core.main.TestCaseExecutor.processExecutionPhase(TestCaseExecutor.java:418)
	at com.kms.katalon.core.main.TestCaseExecutor.accessMainPhase(TestCaseExecutor.java:410)
	at com.kms.katalon.core.main.TestCaseExecutor.execute(TestCaseExecutor.java:285)
	at com.kms.katalon.core.common.CommonExecutor.accessTestCaseMainPhase(CommonExecutor.java:65)
	at com.kms.katalon.core.main.TestSuiteExecutor.accessTestSuiteMainPhase(TestSuiteExecutor.java:150)
	at com.kms.katalon.core.main.TestSuiteExecutor.execute(TestSuiteExecutor.java:106)
	at com.kms.katalon.core.main.TestCaseMain.startTestSuite(TestCaseMain.java:180)
	at TempTestSuite1733285972582.run(TempTestSuite1733285972582.groovy:35)
	at java.base/jdk.internal.reflect.NativeMethodAccessorImpl.invoke0(Native Method)
	at java.base/jdk.internal.reflect.NativeMethodAccessorImpl.invoke(NativeMethodAccessorImpl.java:77)
	at java.base/jdk.internal.reflect.DelegatingMethodAccessorImpl.invoke(DelegatingMethodAccessorImpl.java:43)
)

04-12-2024T07:30:36 - [TEST_STEP][PASSED] - result = CompareDZOData(a = urR, b = urB, dZO, typeOfData, PercPlanR, PercPlanB, PercFactR, PercFactB, todaysDate, x, vidget, tabR, tabB, o1R, o1B): null

04-12-2024T07:30:36 - [TEST_STEP][PASSED] - ii2 = <not implemented yet for class: org.codehaus.groovy.ast.expr.EmptyExpression>: null

04-12-2024T07:30:36 - [TEST_STEP][FAILED] - if (verifyEqual(a, b) == false): null

04-12-2024T07:30:36 - [MESSAGE][FAILED] - Unable to verify equal between actual object 'Россети Урал (ГК)/нет данных/нет данных/нет данных/нет данных/нет данных/нет данных/нет данных/нет данных/нет данных' and expected object 'Россети Урал (ГК)/5.87/5.76/60236197/56765393/3470805/66176856/62251551/3925305/-0.11' (Root cause: com.kms.katalon.core.exception.StepFailedException: Actual object 'Россети Урал (ГК)/нет данных/нет данных/нет данных/нет данных/нет данных/нет данных/нет данных/нет данных/нет данных' and expected object 'Россети Урал (ГК)/5.87/5.76/60236197/56765393/3470805/66176856/62251551/3925305/-0.11' are not equal
	at com.kms.katalon.core.keyword.builtin.VerifyEqualKeyword$_verifyEqual_closure1.doCall(VerifyEqualKeyword.groovy:58)
	at com.kms.katalon.core.keyword.builtin.VerifyEqualKeyword$_verifyEqual_closure1.call(VerifyEqualKeyword.groovy)
	at com.kms.katalon.core.keyword.internal.KeywordMain.runKeyword(KeywordMain.groovy:75)
	at com.kms.katalon.core.keyword.builtin.VerifyEqualKeyword.verifyEqual(VerifyEqualKeyword.groovy:63)
	at com.kms.katalon.core.keyword.builtin.VerifyEqualKeyword.execute(VerifyEqualKeyword.groovy:44)
	at com.kms.katalon.core.keyword.internal.KeywordExecutor.executeKeywordForPlatform(KeywordExecutor.groovy:74)
	at com.kms.katalon.core.keyword.BuiltinKeywords.verifyEqual(BuiltinKeywords.groovy:146)
	at jdk.internal.reflect.GeneratedMethodAccessor25.invoke(Unknown Source)
	at java.base/jdk.internal.reflect.DelegatingMethodAccessorImpl.invoke(DelegatingMethodAccessorImpl.java:43)
	at Выполнение бизнес-плана сверка дашбордов.CompareDZOData(Выполнение бизнес-плана сверка дашбордов:673)
	at Выполнение бизнес-плана сверка дашбордов.run(Выполнение бизнес-плана сверка дашбордов:643)
	at com.kms.katalon.core.main.ScriptEngine.run(ScriptEngine.java:194)
	at com.kms.katalon.core.main.ScriptEngine.runScriptAsRawText(ScriptEngine.java:119)
	at com.kms.katalon.core.main.TestCaseExecutor.runScript(TestCaseExecutor.java:448)
	at com.kms.katalon.core.main.TestCaseExecutor.doExecute(TestCaseExecutor.java:439)
	at com.kms.katalon.core.main.TestCaseExecutor.processExecutionPhase(TestCaseExecutor.java:418)
	at com.kms.katalon.core.main.TestCaseExecutor.accessMainPhase(TestCaseExecutor.java:410)
	at com.kms.katalon.core.main.TestCaseExecutor.execute(TestCaseExecutor.java:285)
	at com.kms.katalon.core.common.CommonExecutor.accessTestCaseMainPhase(CommonExecutor.java:65)
	at com.kms.katalon.core.main.TestSuiteExecutor.accessTestSuiteMainPhase(TestSuiteExecutor.java:150)
	at com.kms.katalon.core.main.TestSuiteExecutor.execute(TestSuiteExecutor.java:106)
	at com.kms.katalon.core.main.TestCaseMain.startTestSuite(TestCaseMain.java:180)
	at TempTestSuite1733285972582.run(TempTestSuite1733285972582.groovy:35)
	at java.base/jdk.internal.reflect.NativeMethodAccessorImpl.invoke0(Native Method)
	at java.base/jdk.internal.reflect.NativeMethodAccessorImpl.invoke(NativeMethodAccessorImpl.java:77)
	at java.base/jdk.internal.reflect.DelegatingMethodAccessorImpl.invoke(DelegatingMethodAccessorImpl.java:43)
)

04-12-2024T07:30:36 - [TEST_STEP][PASSED] - vidget = "Уровень потерь электроэнергии": null

04-12-2024T07:30:36 - [TEST_STEP][PASSED] - typeOfData = "План": null

04-12-2024T07:30:36 - [TEST_STEP][PASSED] - PercPlanR = GetPercPlanR(x = a): null

04-12-2024T07:30:36 - [TEST_STEP][PASSED] - i1 = <not implemented yet for class: org.codehaus.groovy.ast.expr.EmptyExpression>: null

04-12-2024T07:30:36 - [TEST_STEP][PASSED] - i1 = x.indexOf("/") + 1: null

04-12-2024T07:30:36 - [TEST_STEP][PASSED] - if (i1 > -1): null

04-12-2024T07:30:36 - [TEST_STEP][PASSED] - x = x.substring(i1, x.length()): null

04-12-2024T07:30:36 - [TEST_STEP][PASSED] - i1 = x.indexOf("/"): null

04-12-2024T07:30:36 - [TEST_STEP][PASSED] - if (i1 > -1): null

04-12-2024T07:30:36 - [TEST_STEP][PASSED] - x = x.substring(0, i1): null

04-12-2024T07:30:36 - [TEST_STEP][PASSED] - return x: null

04-12-2024T07:30:36 - [TEST_STEP][PASSED] - PercPlanB = GetPercPlanB(x = b): null

04-12-2024T07:30:36 - [TEST_STEP][PASSED] - i1 = <not implemented yet for class: org.codehaus.groovy.ast.expr.EmptyExpression>: null

04-12-2024T07:30:36 - [TEST_STEP][PASSED] - i1 = x.indexOf("/") + 1: null

04-12-2024T07:30:36 - [TEST_STEP][PASSED] - if (i1 > -1): null

04-12-2024T07:30:36 - [TEST_STEP][PASSED] - x = x.substring(i1, x.length()): null

04-12-2024T07:30:36 - [TEST_STEP][PASSED] - i1 = x.indexOf("/"): null

04-12-2024T07:30:36 - [TEST_STEP][PASSED] - if (i1 > -1): null

04-12-2024T07:30:36 - [TEST_STEP][PASSED] - x = x.substring(0, i1): null

04-12-2024T07:30:36 - [TEST_STEP][FAILED] - return x: null

04-12-2024T07:30:36 - [TEST_STEP][FAILED] - if (verifyEqual(PercPlanR, PercPlanB) == false): null

04-12-2024T07:30:36 - [MESSAGE][FAILED] - Unable to verify equal between actual object 'нет данных' and expected object '5.87' (Root cause: com.kms.katalon.core.exception.StepFailedException: Actual object 'нет данных' and expected object '5.87' are not equal
	at com.kms.katalon.core.keyword.builtin.VerifyEqualKeyword$_verifyEqual_closure1.doCall(VerifyEqualKeyword.groovy:58)
	at com.kms.katalon.core.keyword.builtin.VerifyEqualKeyword$_verifyEqual_closure1.call(VerifyEqualKeyword.groovy)
	at com.kms.katalon.core.keyword.internal.KeywordMain.runKeyword(KeywordMain.groovy:75)
	at com.kms.katalon.core.keyword.builtin.VerifyEqualKeyword.verifyEqual(VerifyEqualKeyword.groovy:63)
	at com.kms.katalon.core.keyword.builtin.VerifyEqualKeyword.execute(VerifyEqualKeyword.groovy:44)
	at com.kms.katalon.core.keyword.internal.KeywordExecutor.executeKeywordForPlatform(KeywordExecutor.groovy:74)
	at com.kms.katalon.core.keyword.BuiltinKeywords.verifyEqual(BuiltinKeywords.groovy:146)
	at jdk.internal.reflect.GeneratedMethodAccessor25.invoke(Unknown Source)
	at java.base/jdk.internal.reflect.DelegatingMethodAccessorImpl.invoke(DelegatingMethodAccessorImpl.java:43)
	at Выполнение бизнес-плана сверка дашбордов.CompareDZOData(Выполнение бизнес-плана сверка дашбордов:682)
	at Выполнение бизнес-плана сверка дашбордов.run(Выполнение бизнес-плана сверка дашбордов:643)
	at com.kms.katalon.core.main.ScriptEngine.run(ScriptEngine.java:194)
	at com.kms.katalon.core.main.ScriptEngine.runScriptAsRawText(ScriptEngine.java:119)
	at com.kms.katalon.core.main.TestCaseExecutor.runScript(TestCaseExecutor.java:448)
	at com.kms.katalon.core.main.TestCaseExecutor.doExecute(TestCaseExecutor.java:439)
	at com.kms.katalon.core.main.TestCaseExecutor.processExecutionPhase(TestCaseExecutor.java:418)
	at com.kms.katalon.core.main.TestCaseExecutor.accessMainPhase(TestCaseExecutor.java:410)
	at com.kms.katalon.core.main.TestCaseExecutor.execute(TestCaseExecutor.java:285)
	at com.kms.katalon.core.common.CommonExecutor.accessTestCaseMainPhase(CommonExecutor.java:65)
	at com.kms.katalon.core.main.TestSuiteExecutor.accessTestSuiteMainPhase(TestSuiteExecutor.java:150)
	at com.kms.katalon.core.main.TestSuiteExecutor.execute(TestSuiteExecutor.java:106)
	at com.kms.katalon.core.main.TestCaseMain.startTestSuite(TestCaseMain.java:180)
	at TempTestSuite1733285972582.run(TempTestSuite1733285972582.groovy:35)
	at java.base/jdk.internal.reflect.NativeMethodAccessorImpl.invoke0(Native Method)
	at java.base/jdk.internal.reflect.NativeMethodAccessorImpl.invoke(NativeMethodAccessorImpl.java:77)
	at java.base/jdk.internal.reflect.DelegatingMethodAccessorImpl.invoke(DelegatingMethodAccessorImpl.java:43)
)

04-12-2024T07:30:36 - [TEST_STEP][PASSED] - result = WriteToExcel(typeOfData, todaysDate, PercPlanR, PercPlanB, PercFactR, PercFactB, x, tabR, tabB, o1R, o1B, vidget): null

04-12-2024T07:30:36 - [TEST_STEP][PASSED] - iii = dZO.indexOf("/"): null

04-12-2024T07:30:36 - [TEST_STEP][PASSED] - println(iii): null

04-12-2024T07:30:36 - [TEST_STEP][PASSED] - dZO = dZO.substring(0, iii): null

04-12-2024T07:30:36 - [TEST_STEP][PASSED] - println(dZO): null

04-12-2024T07:30:36 - [TEST_STEP][PASSED] - println(PercPlanR): null

04-12-2024T07:30:36 - [TEST_STEP][PASSED] - println(PercPlanB): null

04-12-2024T07:30:36 - [TEST_STEP][PASSED] - println(PercFactR): null

04-12-2024T07:30:36 - [TEST_STEP][PASSED] - println(PercFactB): null

04-12-2024T07:30:36 - [TEST_STEP][PASSED] - println(tabR): null

04-12-2024T07:30:36 - [TEST_STEP][PASSED] - println(tabB): null

04-12-2024T07:30:36 - [TEST_STEP][PASSED] - println(o1R): null

04-12-2024T07:30:36 - [TEST_STEP][PASSED] - println(o1B): null

04-12-2024T07:30:36 - [TEST_STEP][PASSED] - PR = <not implemented yet for class: org.codehaus.groovy.ast.expr.EmptyExpression>: null

04-12-2024T07:30:36 - [TEST_STEP][PASSED] - FR = <not implemented yet for class: org.codehaus.groovy.ast.expr.EmptyExpression>: null

04-12-2024T07:30:36 - [TEST_STEP][PASSED] - PB = <not implemented yet for class: org.codehaus.groovy.ast.expr.EmptyExpression>: null

04-12-2024T07:30:36 - [TEST_STEP][PASSED] - FB = <not implemented yet for class: org.codehaus.groovy.ast.expr.EmptyExpression>: null

04-12-2024T07:30:36 - [TEST_STEP][PASSED] - TR = <not implemented yet for class: org.codehaus.groovy.ast.expr.EmptyExpression>: null

04-12-2024T07:30:36 - [TEST_STEP][PASSED] - TB = <not implemented yet for class: org.codehaus.groovy.ast.expr.EmptyExpression>: null

04-12-2024T07:30:36 - [TEST_STEP][PASSED] - sheetName = "Sheet1": null

04-12-2024T07:30:36 - [TEST_STEP][PASSED] - data = findTestData("PlanFact"): null

04-12-2024T07:30:36 - [TEST_STEP][PASSED] - n = data.getRowNumbers() + 1: null

04-12-2024T07:30:36 - [TEST_STEP][PASSED] - year = todaysDate.substring(todaysDate.length() - 4, todaysDate.length()): null

04-12-2024T07:30:36 - [TEST_STEP][PASSED] - y = year.toInteger(): null

04-12-2024T07:30:36 - [TEST_STEP][PASSED] - m = getText(findTestObject("Выполнение бизнес-плана/Выполнение бизнес-плана Балансы/Фильтр Дата")): Text of object 'Object Repository/Выполнение бизнес-плана/Выполнение бизнес-плана Балансы/Фильтр Дата' is: '1, 2, 3 кв., Октябрь 2024 года'

04-12-2024T07:30:37 - [MESSAGE][PASSED] - Text of object 'Object Repository/Выполнение бизнес-плана/Выполнение бизнес-плана Балансы/Фильтр Дата' is: '1, 2, 3 кв., Октябрь 2024 года'

04-12-2024T07:30:37 - [TEST_STEP][PASSED] - m = m.substring(0, m.indexOf("2024")): null

04-12-2024T07:30:37 - [TEST_STEP][PASSED] - m = m.trim(): null

04-12-2024T07:30:37 - [TEST_STEP][PASSED] - dashboardName = "Выполнение бизнес-плана": null

04-12-2024T07:30:37 - [TEST_STEP][PASSED] - workbook01 = getWorkbook(excelFilePath): null

04-12-2024T07:30:37 - [TEST_STEP][PASSED] - sheet01 = getExcelSheet(workbook01, sheetName): null

04-12-2024T07:30:37 - [TEST_STEP][PASSED] - setValueToCellByIndex(sheet01, n, 0, dashboardName): null

04-12-2024T07:30:37 - [TEST_STEP][PASSED] - setValueToCellByIndex(sheet01, n, 1, dZO): null

04-12-2024T07:30:37 - [TEST_STEP][PASSED] - setValueToCellByIndex(sheet01, n, 2, typeOfData): null

04-12-2024T07:30:37 - [TEST_STEP][PASSED] - setValueToCellByIndex(sheet01, n, 3, typeOfData): null

04-12-2024T07:30:37 - [TEST_STEP][PASSED] - if (typeOfData == "План"): null

04-12-2024T07:30:37 - [TEST_STEP][PASSED] - if (PercPlanR == null): null

04-12-2024T07:30:37 - [TEST_STEP][PASSED] - else: null

04-12-2024T07:30:37 - [TEST_STEP][PASSED] - if (PercPlanR == "нет данных"): null

04-12-2024T07:30:37 - [TEST_STEP][PASSED] - setValueToCellByIndex(sheet01, n, 4, "нет данных"): null

04-12-2024T07:30:37 - [TEST_STEP][PASSED] - if (PercPlanB == null): null

04-12-2024T07:30:37 - [TEST_STEP][PASSED] - else: null

04-12-2024T07:30:37 - [TEST_STEP][PASSED] - if (PercPlanB == "нет данных"): null

04-12-2024T07:30:37 - [TEST_STEP][PASSED] - else: null

04-12-2024T07:30:37 - [TEST_STEP][PASSED] - PB = PercPlanB.toDouble(): null

04-12-2024T07:30:37 - [TEST_STEP][PASSED] - setValueToCellByIndex(sheet01, n, 5, PB): null

04-12-2024T07:30:37 - [TEST_STEP][PASSED] - setValueToCellByIndex(sheet01, n, 6, m): null

04-12-2024T07:30:37 - [TEST_STEP][PASSED] - setValueToCellByIndex(sheet01, n, 7, y): null

04-12-2024T07:30:37 - [TEST_STEP][PASSED] - setValueToCellByIndex(sheet01, n, 8, todaysDate): null

04-12-2024T07:30:37 - [TEST_STEP][PASSED] - n = n + 1: null

04-12-2024T07:30:37 - [TEST_STEP][PASSED] - saveWorkbook(excelFilePath, workbook01): null

04-12-2024T07:30:37 - [TEST_STEP][PASSED] - typeOfData = "Факт": null

04-12-2024T07:30:37 - [TEST_STEP][PASSED] - PercFactR = GetPercFactR(x = a): null

04-12-2024T07:30:37 - [TEST_STEP][PASSED] - i1 = <not implemented yet for class: org.codehaus.groovy.ast.expr.EmptyExpression>: null

04-12-2024T07:30:37 - [TEST_STEP][PASSED] - ii = <not implemented yet for class: org.codehaus.groovy.ast.expr.EmptyExpression>: null

04-12-2024T07:30:37 - [TEST_STEP][PASSED] - for ([ii = 1, ii < 3, (ii++)]): null

04-12-2024T07:30:37 - [TEST_STEP][PASSED] - i1 = x.indexOf("/") + 1: null

04-12-2024T07:30:37 - [TEST_STEP][PASSED] - if (i1 > -1): null

04-12-2024T07:30:37 - [TEST_STEP][PASSED] - x = x.substring(i1, x.length()): null

04-12-2024T07:30:37 - [TEST_STEP][PASSED] - println(x): null

04-12-2024T07:30:37 - [TEST_STEP][PASSED] - i1 = x.indexOf("/") + 1: null

04-12-2024T07:30:37 - [TEST_STEP][PASSED] - if (i1 > -1): null

04-12-2024T07:30:37 - [TEST_STEP][PASSED] - x = x.substring(i1, x.length()): null

04-12-2024T07:30:37 - [TEST_STEP][PASSED] - println(x): null

04-12-2024T07:30:37 - [TEST_STEP][PASSED] - i1 = x.indexOf("/"): null

04-12-2024T07:30:37 - [TEST_STEP][PASSED] - if (i1 > -1): null

04-12-2024T07:30:37 - [TEST_STEP][PASSED] - x = x.substring(0, i1): null

04-12-2024T07:30:37 - [TEST_STEP][PASSED] - println(x): null

04-12-2024T07:30:37 - [TEST_STEP][PASSED] - return x: null

04-12-2024T07:30:37 - [TEST_STEP][PASSED] - PercFactB = GetPercFactB(x = b): null

04-12-2024T07:30:37 - [TEST_STEP][PASSED] - i1 = <not implemented yet for class: org.codehaus.groovy.ast.expr.EmptyExpression>: null

04-12-2024T07:30:37 - [TEST_STEP][PASSED] - ii = <not implemented yet for class: org.codehaus.groovy.ast.expr.EmptyExpression>: null

04-12-2024T07:30:37 - [TEST_STEP][PASSED] - for ([ii = 1, ii < 3, (ii++)]): null

04-12-2024T07:30:37 - [TEST_STEP][PASSED] - i1 = x.indexOf("/") + 1: null

04-12-2024T07:30:37 - [TEST_STEP][PASSED] - if (i1 > -1): null

04-12-2024T07:30:37 - [TEST_STEP][PASSED] - x = x.substring(i1, x.length()): null

04-12-2024T07:30:37 - [TEST_STEP][PASSED] - println(x): null

04-12-2024T07:30:37 - [TEST_STEP][PASSED] - i1 = x.indexOf("/") + 1: null

04-12-2024T07:30:37 - [TEST_STEP][PASSED] - if (i1 > -1): null

04-12-2024T07:30:37 - [TEST_STEP][PASSED] - x = x.substring(i1, x.length()): null

04-12-2024T07:30:37 - [TEST_STEP][PASSED] - println(x): null

04-12-2024T07:30:37 - [TEST_STEP][PASSED] - i1 = x.indexOf("/"): null

04-12-2024T07:30:37 - [TEST_STEP][PASSED] - if (i1 > -1): null

04-12-2024T07:30:37 - [TEST_STEP][PASSED] - x = x.substring(0, i1): null

04-12-2024T07:30:37 - [TEST_STEP][PASSED] - println(x): null

04-12-2024T07:30:37 - [TEST_STEP][FAILED] - return x: null

04-12-2024T07:30:37 - [TEST_STEP][FAILED] - if (verifyEqual(PercFactR, PercFactB) == false): null

04-12-2024T07:30:37 - [MESSAGE][FAILED] - Unable to verify equal between actual object 'нет данных' and expected object '5.76' (Root cause: com.kms.katalon.core.exception.StepFailedException: Actual object 'нет данных' and expected object '5.76' are not equal
	at com.kms.katalon.core.keyword.builtin.VerifyEqualKeyword$_verifyEqual_closure1.doCall(VerifyEqualKeyword.groovy:58)
	at com.kms.katalon.core.keyword.builtin.VerifyEqualKeyword$_verifyEqual_closure1.call(VerifyEqualKeyword.groovy)
	at com.kms.katalon.core.keyword.internal.KeywordMain.runKeyword(KeywordMain.groovy:75)
	at com.kms.katalon.core.keyword.builtin.VerifyEqualKeyword.verifyEqual(VerifyEqualKeyword.groovy:63)
	at com.kms.katalon.core.keyword.builtin.VerifyEqualKeyword.execute(VerifyEqualKeyword.groovy:44)
	at com.kms.katalon.core.keyword.internal.KeywordExecutor.executeKeywordForPlatform(KeywordExecutor.groovy:74)
	at com.kms.katalon.core.keyword.BuiltinKeywords.verifyEqual(BuiltinKeywords.groovy:146)
	at jdk.internal.reflect.GeneratedMethodAccessor25.invoke(Unknown Source)
	at java.base/jdk.internal.reflect.DelegatingMethodAccessorImpl.invoke(DelegatingMethodAccessorImpl.java:43)
	at Выполнение бизнес-плана сверка дашбордов.CompareDZOData(Выполнение бизнес-плана сверка дашбордов:693)
	at Выполнение бизнес-плана сверка дашбордов.run(Выполнение бизнес-плана сверка дашбордов:643)
	at com.kms.katalon.core.main.ScriptEngine.run(ScriptEngine.java:194)
	at com.kms.katalon.core.main.ScriptEngine.runScriptAsRawText(ScriptEngine.java:119)
	at com.kms.katalon.core.main.TestCaseExecutor.runScript(TestCaseExecutor.java:448)
	at com.kms.katalon.core.main.TestCaseExecutor.doExecute(TestCaseExecutor.java:439)
	at com.kms.katalon.core.main.TestCaseExecutor.processExecutionPhase(TestCaseExecutor.java:418)
	at com.kms.katalon.core.main.TestCaseExecutor.accessMainPhase(TestCaseExecutor.java:410)
	at com.kms.katalon.core.main.TestCaseExecutor.execute(TestCaseExecutor.java:285)
	at com.kms.katalon.core.common.CommonExecutor.accessTestCaseMainPhase(CommonExecutor.java:65)
	at com.kms.katalon.core.main.TestSuiteExecutor.accessTestSuiteMainPhase(TestSuiteExecutor.java:150)
	at com.kms.katalon.core.main.TestSuiteExecutor.execute(TestSuiteExecutor.java:106)
	at com.kms.katalon.core.main.TestCaseMain.startTestSuite(TestCaseMain.java:180)
	at TempTestSuite1733285972582.run(TempTestSuite1733285972582.groovy:35)
	at java.base/jdk.internal.reflect.NativeMethodAccessorImpl.invoke0(Native Method)
	at java.base/jdk.internal.reflect.NativeMethodAccessorImpl.invoke(NativeMethodAccessorImpl.java:77)
	at java.base/jdk.internal.reflect.DelegatingMethodAccessorImpl.invoke(DelegatingMethodAccessorImpl.java:43)
)

04-12-2024T07:30:37 - [TEST_STEP][PASSED] - result = WriteToExcel(typeOfData, todaysDate, PercPlanR, PercPlanB, PercFactR, PercFactB, x, tabR, tabB, o1R, o1B, vidget): null

04-12-2024T07:30:37 - [TEST_STEP][PASSED] - iii = dZO.indexOf("/"): null

04-12-2024T07:30:37 - [TEST_STEP][PASSED] - println(iii): null

04-12-2024T07:30:37 - [TEST_STEP][PASSED] - dZO = dZO.substring(0, iii): null

04-12-2024T07:30:37 - [TEST_STEP][PASSED] - println(dZO): null

04-12-2024T07:30:37 - [TEST_STEP][PASSED] - println(PercPlanR): null

04-12-2024T07:30:37 - [TEST_STEP][PASSED] - println(PercPlanB): null

04-12-2024T07:30:37 - [TEST_STEP][PASSED] - println(PercFactR): null

04-12-2024T07:30:37 - [TEST_STEP][PASSED] - println(PercFactB): null

04-12-2024T07:30:37 - [TEST_STEP][PASSED] - println(tabR): null

04-12-2024T07:30:37 - [TEST_STEP][PASSED] - println(tabB): null

04-12-2024T07:30:37 - [TEST_STEP][PASSED] - println(o1R): null

04-12-2024T07:30:37 - [TEST_STEP][PASSED] - println(o1B): null

04-12-2024T07:30:37 - [TEST_STEP][PASSED] - PR = <not implemented yet for class: org.codehaus.groovy.ast.expr.EmptyExpression>: null

04-12-2024T07:30:37 - [TEST_STEP][PASSED] - FR = <not implemented yet for class: org.codehaus.groovy.ast.expr.EmptyExpression>: null

04-12-2024T07:30:37 - [TEST_STEP][PASSED] - PB = <not implemented yet for class: org.codehaus.groovy.ast.expr.EmptyExpression>: null

04-12-2024T07:30:37 - [TEST_STEP][PASSED] - FB = <not implemented yet for class: org.codehaus.groovy.ast.expr.EmptyExpression>: null

04-12-2024T07:30:37 - [TEST_STEP][PASSED] - TR = <not implemented yet for class: org.codehaus.groovy.ast.expr.EmptyExpression>: null

04-12-2024T07:30:37 - [TEST_STEP][PASSED] - TB = <not implemented yet for class: org.codehaus.groovy.ast.expr.EmptyExpression>: null

04-12-2024T07:30:37 - [TEST_STEP][PASSED] - sheetName = "Sheet1": null

04-12-2024T07:30:37 - [TEST_STEP][PASSED] - data = findTestData("PlanFact"): null

04-12-2024T07:30:37 - [TEST_STEP][PASSED] - n = data.getRowNumbers() + 1: null

04-12-2024T07:30:37 - [TEST_STEP][PASSED] - year = todaysDate.substring(todaysDate.length() - 4, todaysDate.length()): null

04-12-2024T07:30:37 - [TEST_STEP][PASSED] - y = year.toInteger(): null

04-12-2024T07:30:37 - [TEST_STEP][PASSED] - m = getText(findTestObject("Выполнение бизнес-плана/Выполнение бизнес-плана Балансы/Фильтр Дата")): Text of object 'Object Repository/Выполнение бизнес-плана/Выполнение бизнес-плана Балансы/Фильтр Дата' is: '1, 2, 3 кв., Октябрь 2024 года'

04-12-2024T07:30:37 - [MESSAGE][PASSED] - Text of object 'Object Repository/Выполнение бизнес-плана/Выполнение бизнес-плана Балансы/Фильтр Дата' is: '1, 2, 3 кв., Октябрь 2024 года'

04-12-2024T07:30:37 - [TEST_STEP][PASSED] - m = m.substring(0, m.indexOf("2024")): null

04-12-2024T07:30:37 - [TEST_STEP][PASSED] - m = m.trim(): null

04-12-2024T07:30:37 - [TEST_STEP][PASSED] - dashboardName = "Выполнение бизнес-плана": null

04-12-2024T07:30:37 - [TEST_STEP][PASSED] - workbook01 = getWorkbook(excelFilePath): null

04-12-2024T07:30:37 - [TEST_STEP][PASSED] - sheet01 = getExcelSheet(workbook01, sheetName): null

04-12-2024T07:30:37 - [TEST_STEP][PASSED] - setValueToCellByIndex(sheet01, n, 0, dashboardName): null

04-12-2024T07:30:37 - [TEST_STEP][PASSED] - setValueToCellByIndex(sheet01, n, 1, dZO): null

04-12-2024T07:30:37 - [TEST_STEP][PASSED] - setValueToCellByIndex(sheet01, n, 2, typeOfData): null

04-12-2024T07:30:37 - [TEST_STEP][PASSED] - setValueToCellByIndex(sheet01, n, 3, typeOfData): null

04-12-2024T07:30:37 - [TEST_STEP][PASSED] - if (typeOfData == "План"): null

04-12-2024T07:30:37 - [TEST_STEP][PASSED] - else if (typeOfData == "Факт"): null

04-12-2024T07:30:37 - [TEST_STEP][PASSED] - if (PercFactR == null): null

04-12-2024T07:30:37 - [TEST_STEP][PASSED] - else: null

04-12-2024T07:30:37 - [TEST_STEP][PASSED] - if (PercFactR == "нет данных"): null

04-12-2024T07:30:37 - [TEST_STEP][PASSED] - setValueToCellByIndex(sheet01, n, 4, "нет данных"): null

04-12-2024T07:30:37 - [TEST_STEP][PASSED] - if (PercFactB == null): null

04-12-2024T07:30:37 - [TEST_STEP][PASSED] - else: null

04-12-2024T07:30:37 - [TEST_STEP][PASSED] - if (PercFactB == "нет данных"): null

04-12-2024T07:30:37 - [TEST_STEP][PASSED] - else: null

04-12-2024T07:30:37 - [TEST_STEP][PASSED] - FB = PercFactB.toDouble(): null

04-12-2024T07:30:37 - [TEST_STEP][PASSED] - setValueToCellByIndex(sheet01, n, 5, FB): null

04-12-2024T07:30:37 - [TEST_STEP][PASSED] - setValueToCellByIndex(sheet01, n, 6, m): null

04-12-2024T07:30:37 - [TEST_STEP][PASSED] - setValueToCellByIndex(sheet01, n, 7, y): null

04-12-2024T07:30:37 - [TEST_STEP][PASSED] - setValueToCellByIndex(sheet01, n, 8, todaysDate): null

04-12-2024T07:30:37 - [TEST_STEP][PASSED] - n = n + 1: null

04-12-2024T07:30:37 - [TEST_STEP][PASSED] - saveWorkbook(excelFilePath, workbook01): null

04-12-2024T07:30:37 - [TEST_STEP][PASSED] - vidget = "Показатели баланса электроэнергии по ДЗО – Факт": null

04-12-2024T07:30:37 - [TEST_STEP][PASSED] - typeOfData = "Факт Отпуск в сеть": null

04-12-2024T07:30:37 - [TEST_STEP][PASSED] - tabR = GetOvSFactR(x = a): null

04-12-2024T07:30:37 - [TEST_STEP][PASSED] - i1 = <not implemented yet for class: org.codehaus.groovy.ast.expr.EmptyExpression>: null

04-12-2024T07:30:37 - [TEST_STEP][PASSED] - ii = <not implemented yet for class: org.codehaus.groovy.ast.expr.EmptyExpression>: null

04-12-2024T07:30:37 - [TEST_STEP][PASSED] - for ([ii = 1, ii < 4, (ii++)]): null

04-12-2024T07:30:37 - [TEST_STEP][PASSED] - i1 = x.indexOf("/") + 1: null

04-12-2024T07:30:37 - [TEST_STEP][PASSED] - if (i1 > -1): null

04-12-2024T07:30:37 - [TEST_STEP][PASSED] - x = x.substring(i1, x.length()): null

04-12-2024T07:30:37 - [TEST_STEP][PASSED] - println(x): null

04-12-2024T07:30:37 - [TEST_STEP][PASSED] - i1 = x.indexOf("/") + 1: null

04-12-2024T07:30:37 - [TEST_STEP][PASSED] - if (i1 > -1): null

04-12-2024T07:30:37 - [TEST_STEP][PASSED] - x = x.substring(i1, x.length()): null

04-12-2024T07:30:37 - [TEST_STEP][PASSED] - println(x): null

04-12-2024T07:30:37 - [TEST_STEP][PASSED] - i1 = x.indexOf("/") + 1: null

04-12-2024T07:30:37 - [TEST_STEP][PASSED] - if (i1 > -1): null

04-12-2024T07:30:37 - [TEST_STEP][PASSED] - x = x.substring(i1, x.length()): null

04-12-2024T07:30:37 - [TEST_STEP][PASSED] - println(x): null

04-12-2024T07:30:37 - [TEST_STEP][PASSED] - i1 = x.indexOf("/"): null

04-12-2024T07:30:37 - [TEST_STEP][PASSED] - if (i1 > -1): null

04-12-2024T07:30:37 - [TEST_STEP][PASSED] - x = x.substring(0, i1): null

04-12-2024T07:30:37 - [TEST_STEP][PASSED] - println(x): null

04-12-2024T07:30:37 - [TEST_STEP][PASSED] - return x: null

04-12-2024T07:30:37 - [TEST_STEP][PASSED] - tabB = GetOvSFactB(x = b): null

04-12-2024T07:30:37 - [TEST_STEP][PASSED] - i1 = <not implemented yet for class: org.codehaus.groovy.ast.expr.EmptyExpression>: null

04-12-2024T07:30:37 - [TEST_STEP][PASSED] - ii = <not implemented yet for class: org.codehaus.groovy.ast.expr.EmptyExpression>: null

04-12-2024T07:30:37 - [TEST_STEP][PASSED] - for ([ii = 1, ii < 4, (ii++)]): null

04-12-2024T07:30:37 - [TEST_STEP][PASSED] - i1 = x.indexOf("/") + 1: null

04-12-2024T07:30:37 - [TEST_STEP][PASSED] - if (i1 > -1): null

04-12-2024T07:30:37 - [TEST_STEP][PASSED] - x = x.substring(i1, x.length()): null

04-12-2024T07:30:37 - [TEST_STEP][PASSED] - println(x): null

04-12-2024T07:30:37 - [TEST_STEP][PASSED] - i1 = x.indexOf("/") + 1: null

04-12-2024T07:30:37 - [TEST_STEP][PASSED] - if (i1 > -1): null

04-12-2024T07:30:37 - [TEST_STEP][PASSED] - x = x.substring(i1, x.length()): null

04-12-2024T07:30:37 - [TEST_STEP][PASSED] - println(x): null

04-12-2024T07:30:37 - [TEST_STEP][PASSED] - i1 = x.indexOf("/") + 1: null

04-12-2024T07:30:37 - [TEST_STEP][PASSED] - if (i1 > -1): null

04-12-2024T07:30:37 - [TEST_STEP][PASSED] - x = x.substring(i1, x.length()): null

04-12-2024T07:30:37 - [TEST_STEP][PASSED] - println(x): null

04-12-2024T07:30:37 - [TEST_STEP][PASSED] - i1 = x.indexOf("/"): null

04-12-2024T07:30:37 - [TEST_STEP][PASSED] - if (i1 > -1): null

04-12-2024T07:30:37 - [TEST_STEP][PASSED] - x = x.substring(0, i1): null

04-12-2024T07:30:37 - [TEST_STEP][PASSED] - println(x): null

04-12-2024T07:30:37 - [TEST_STEP][FAILED] - return x: null

04-12-2024T07:30:37 - [TEST_STEP][FAILED] - if (verifyEqual(tabR, tabB) == false): null

04-12-2024T07:30:37 - [MESSAGE][FAILED] - Unable to verify equal between actual object 'нет данных' and expected object '60236197' (Root cause: com.kms.katalon.core.exception.StepFailedException: Actual object 'нет данных' and expected object '60236197' are not equal
	at com.kms.katalon.core.keyword.builtin.VerifyEqualKeyword$_verifyEqual_closure1.doCall(VerifyEqualKeyword.groovy:58)
	at com.kms.katalon.core.keyword.builtin.VerifyEqualKeyword$_verifyEqual_closure1.call(VerifyEqualKeyword.groovy)
	at com.kms.katalon.core.keyword.internal.KeywordMain.runKeyword(KeywordMain.groovy:75)
	at com.kms.katalon.core.keyword.builtin.VerifyEqualKeyword.verifyEqual(VerifyEqualKeyword.groovy:63)
	at com.kms.katalon.core.keyword.builtin.VerifyEqualKeyword.execute(VerifyEqualKeyword.groovy:44)
	at com.kms.katalon.core.keyword.internal.KeywordExecutor.executeKeywordForPlatform(KeywordExecutor.groovy:74)
	at com.kms.katalon.core.keyword.BuiltinKeywords.verifyEqual(BuiltinKeywords.groovy:146)
	at jdk.internal.reflect.GeneratedMethodAccessor25.invoke(Unknown Source)
	at java.base/jdk.internal.reflect.DelegatingMethodAccessorImpl.invoke(DelegatingMethodAccessorImpl.java:43)
	at Выполнение бизнес-плана сверка дашбордов.CompareDZOData(Выполнение бизнес-плана сверка дашбордов:706)
	at Выполнение бизнес-плана сверка дашбордов.run(Выполнение бизнес-плана сверка дашбордов:643)
	at com.kms.katalon.core.main.ScriptEngine.run(ScriptEngine.java:194)
	at com.kms.katalon.core.main.ScriptEngine.runScriptAsRawText(ScriptEngine.java:119)
	at com.kms.katalon.core.main.TestCaseExecutor.runScript(TestCaseExecutor.java:448)
	at com.kms.katalon.core.main.TestCaseExecutor.doExecute(TestCaseExecutor.java:439)
	at com.kms.katalon.core.main.TestCaseExecutor.processExecutionPhase(TestCaseExecutor.java:418)
	at com.kms.katalon.core.main.TestCaseExecutor.accessMainPhase(TestCaseExecutor.java:410)
	at com.kms.katalon.core.main.TestCaseExecutor.execute(TestCaseExecutor.java:285)
	at com.kms.katalon.core.common.CommonExecutor.accessTestCaseMainPhase(CommonExecutor.java:65)
	at com.kms.katalon.core.main.TestSuiteExecutor.accessTestSuiteMainPhase(TestSuiteExecutor.java:150)
	at com.kms.katalon.core.main.TestSuiteExecutor.execute(TestSuiteExecutor.java:106)
	at com.kms.katalon.core.main.TestCaseMain.startTestSuite(TestCaseMain.java:180)
	at TempTestSuite1733285972582.run(TempTestSuite1733285972582.groovy:35)
	at java.base/jdk.internal.reflect.NativeMethodAccessorImpl.invoke0(Native Method)
	at java.base/jdk.internal.reflect.NativeMethodAccessorImpl.invoke(NativeMethodAccessorImpl.java:77)
	at java.base/jdk.internal.reflect.DelegatingMethodAccessorImpl.invoke(DelegatingMethodAccessorImpl.java:43)
)

04-12-2024T07:30:37 - [TEST_STEP][PASSED] - result = WriteToExcel(typeOfData, todaysDate, PercPlanR, PercPlanB, PercFactR, PercFactB, x, tabR, tabB, o1R, o1B, vidget): null

04-12-2024T07:30:37 - [TEST_STEP][PASSED] - iii = dZO.indexOf("/"): null

04-12-2024T07:30:37 - [TEST_STEP][PASSED] - println(iii): null

04-12-2024T07:30:37 - [TEST_STEP][PASSED] - dZO = dZO.substring(0, iii): null

04-12-2024T07:30:37 - [TEST_STEP][PASSED] - println(dZO): null

04-12-2024T07:30:37 - [TEST_STEP][PASSED] - println(PercPlanR): null

04-12-2024T07:30:37 - [TEST_STEP][PASSED] - println(PercPlanB): null

04-12-2024T07:30:37 - [TEST_STEP][PASSED] - println(PercFactR): null

04-12-2024T07:30:37 - [TEST_STEP][PASSED] - println(PercFactB): null

04-12-2024T07:30:37 - [TEST_STEP][PASSED] - println(tabR): null

04-12-2024T07:30:37 - [TEST_STEP][PASSED] - println(tabB): null

04-12-2024T07:30:37 - [TEST_STEP][PASSED] - println(o1R): null

04-12-2024T07:30:37 - [TEST_STEP][PASSED] - println(o1B): null

04-12-2024T07:30:37 - [TEST_STEP][PASSED] - PR = <not implemented yet for class: org.codehaus.groovy.ast.expr.EmptyExpression>: null

04-12-2024T07:30:37 - [TEST_STEP][PASSED] - FR = <not implemented yet for class: org.codehaus.groovy.ast.expr.EmptyExpression>: null

04-12-2024T07:30:37 - [TEST_STEP][PASSED] - PB = <not implemented yet for class: org.codehaus.groovy.ast.expr.EmptyExpression>: null

04-12-2024T07:30:37 - [TEST_STEP][PASSED] - FB = <not implemented yet for class: org.codehaus.groovy.ast.expr.EmptyExpression>: null

04-12-2024T07:30:37 - [TEST_STEP][PASSED] - TR = <not implemented yet for class: org.codehaus.groovy.ast.expr.EmptyExpression>: null

04-12-2024T07:30:37 - [TEST_STEP][PASSED] - TB = <not implemented yet for class: org.codehaus.groovy.ast.expr.EmptyExpression>: null

04-12-2024T07:30:37 - [TEST_STEP][PASSED] - sheetName = "Sheet1": null

04-12-2024T07:30:37 - [TEST_STEP][PASSED] - data = findTestData("PlanFact"): null

04-12-2024T07:30:37 - [TEST_STEP][PASSED] - n = data.getRowNumbers() + 1: null

04-12-2024T07:30:37 - [TEST_STEP][PASSED] - year = todaysDate.substring(todaysDate.length() - 4, todaysDate.length()): null

04-12-2024T07:30:37 - [TEST_STEP][PASSED] - y = year.toInteger(): null

04-12-2024T07:30:37 - [TEST_STEP][PASSED] - m = getText(findTestObject("Выполнение бизнес-плана/Выполнение бизнес-плана Балансы/Фильтр Дата")): Text of object 'Object Repository/Выполнение бизнес-плана/Выполнение бизнес-плана Балансы/Фильтр Дата' is: '1, 2, 3 кв., Октябрь 2024 года'

04-12-2024T07:30:38 - [MESSAGE][PASSED] - Text of object 'Object Repository/Выполнение бизнес-плана/Выполнение бизнес-плана Балансы/Фильтр Дата' is: '1, 2, 3 кв., Октябрь 2024 года'

04-12-2024T07:30:38 - [TEST_STEP][PASSED] - m = m.substring(0, m.indexOf("2024")): null

04-12-2024T07:30:38 - [TEST_STEP][PASSED] - m = m.trim(): null

04-12-2024T07:30:38 - [TEST_STEP][PASSED] - dashboardName = "Выполнение бизнес-плана": null

04-12-2024T07:30:38 - [TEST_STEP][PASSED] - workbook01 = getWorkbook(excelFilePath): null

04-12-2024T07:30:38 - [TEST_STEP][PASSED] - sheet01 = getExcelSheet(workbook01, sheetName): null

04-12-2024T07:30:38 - [TEST_STEP][PASSED] - setValueToCellByIndex(sheet01, n, 0, dashboardName): null

04-12-2024T07:30:38 - [TEST_STEP][PASSED] - setValueToCellByIndex(sheet01, n, 1, dZO): null

04-12-2024T07:30:38 - [TEST_STEP][PASSED] - setValueToCellByIndex(sheet01, n, 2, typeOfData): null

04-12-2024T07:30:38 - [TEST_STEP][PASSED] - setValueToCellByIndex(sheet01, n, 3, typeOfData): null

04-12-2024T07:30:38 - [TEST_STEP][PASSED] - if (typeOfData == "План"): null

04-12-2024T07:30:38 - [TEST_STEP][PASSED] - else if (typeOfData == "Факт"): null

04-12-2024T07:30:38 - [TEST_STEP][PASSED] - else if (vidget.contains("электроэнергии") == true): null

04-12-2024T07:30:38 - [TEST_STEP][PASSED] - if (tabR == null): null

04-12-2024T07:30:38 - [TEST_STEP][PASSED] - else: null

04-12-2024T07:30:38 - [TEST_STEP][PASSED] - if (tabR == "нет данных"): null

04-12-2024T07:30:38 - [TEST_STEP][PASSED] - setValueToCellByIndex(sheet01, n, 4, "нет данных"): null

04-12-2024T07:30:38 - [TEST_STEP][PASSED] - if (tabB == null): null

04-12-2024T07:30:38 - [TEST_STEP][PASSED] - else: null

04-12-2024T07:30:38 - [TEST_STEP][PASSED] - if (tabB == "нет данных"): null

04-12-2024T07:30:38 - [TEST_STEP][PASSED] - else: null

04-12-2024T07:30:38 - [TEST_STEP][PASSED] - TB = tabB.toInteger(): null

04-12-2024T07:30:38 - [TEST_STEP][PASSED] - setValueToCellByIndex(sheet01, n, 5, TB): null

04-12-2024T07:30:38 - [TEST_STEP][PASSED] - setValueToCellByIndex(sheet01, n, 6, m): null

04-12-2024T07:30:38 - [TEST_STEP][PASSED] - setValueToCellByIndex(sheet01, n, 7, y): null

04-12-2024T07:30:38 - [TEST_STEP][PASSED] - setValueToCellByIndex(sheet01, n, 8, todaysDate): null

04-12-2024T07:30:38 - [TEST_STEP][PASSED] - n = n + 1: null

04-12-2024T07:30:38 - [TEST_STEP][PASSED] - saveWorkbook(excelFilePath, workbook01): null

04-12-2024T07:30:38 - [TEST_STEP][PASSED] - typeOfData = "Факт Отпуск из сети": null

04-12-2024T07:30:38 - [TEST_STEP][PASSED] - tabR = GetOiSFactR(x = a): null

04-12-2024T07:30:38 - [TEST_STEP][PASSED] - i1 = <not implemented yet for class: org.codehaus.groovy.ast.expr.EmptyExpression>: null

04-12-2024T07:30:38 - [TEST_STEP][PASSED] - ii = <not implemented yet for class: org.codehaus.groovy.ast.expr.EmptyExpression>: null

04-12-2024T07:30:38 - [TEST_STEP][PASSED] - for ([ii = 1, ii < 5, (ii++)]): null

04-12-2024T07:30:38 - [TEST_STEP][PASSED] - i1 = x.indexOf("/") + 1: null

04-12-2024T07:30:38 - [TEST_STEP][PASSED] - if (i1 > -1): null

04-12-2024T07:30:38 - [TEST_STEP][PASSED] - x = x.substring(i1, x.length()): null

04-12-2024T07:30:38 - [TEST_STEP][PASSED] - println(x): null

04-12-2024T07:30:38 - [TEST_STEP][PASSED] - i1 = x.indexOf("/") + 1: null

04-12-2024T07:30:38 - [TEST_STEP][PASSED] - if (i1 > -1): null

04-12-2024T07:30:38 - [TEST_STEP][PASSED] - x = x.substring(i1, x.length()): null

04-12-2024T07:30:38 - [TEST_STEP][PASSED] - println(x): null

04-12-2024T07:30:38 - [TEST_STEP][PASSED] - i1 = x.indexOf("/") + 1: null

04-12-2024T07:30:38 - [TEST_STEP][PASSED] - if (i1 > -1): null

04-12-2024T07:30:38 - [TEST_STEP][PASSED] - x = x.substring(i1, x.length()): null

04-12-2024T07:30:38 - [TEST_STEP][PASSED] - println(x): null

04-12-2024T07:30:38 - [TEST_STEP][PASSED] - i1 = x.indexOf("/") + 1: null

04-12-2024T07:30:38 - [TEST_STEP][PASSED] - if (i1 > -1): null

04-12-2024T07:30:38 - [TEST_STEP][PASSED] - x = x.substring(i1, x.length()): null

04-12-2024T07:30:38 - [TEST_STEP][PASSED] - println(x): null

04-12-2024T07:30:38 - [TEST_STEP][PASSED] - i1 = x.indexOf("/"): null

04-12-2024T07:30:38 - [TEST_STEP][PASSED] - if (i1 > -1): null

04-12-2024T07:30:38 - [TEST_STEP][PASSED] - x = x.substring(0, i1): null

04-12-2024T07:30:38 - [TEST_STEP][PASSED] - println(x): null

04-12-2024T07:30:38 - [TEST_STEP][PASSED] - return x: null

04-12-2024T07:30:38 - [TEST_STEP][PASSED] - tabB = GetOiSFactB(x = b): null

04-12-2024T07:30:38 - [TEST_STEP][PASSED] - i1 = <not implemented yet for class: org.codehaus.groovy.ast.expr.EmptyExpression>: null

04-12-2024T07:30:38 - [TEST_STEP][PASSED] - ii = <not implemented yet for class: org.codehaus.groovy.ast.expr.EmptyExpression>: null

04-12-2024T07:30:38 - [TEST_STEP][PASSED] - for ([ii = 1, ii < 5, (ii++)]): null

04-12-2024T07:30:38 - [TEST_STEP][PASSED] - i1 = x.indexOf("/") + 1: null

04-12-2024T07:30:38 - [TEST_STEP][PASSED] - if (i1 > -1): null

04-12-2024T07:30:38 - [TEST_STEP][PASSED] - x = x.substring(i1, x.length()): null

04-12-2024T07:30:38 - [TEST_STEP][PASSED] - println(x): null

04-12-2024T07:30:38 - [TEST_STEP][PASSED] - i1 = x.indexOf("/") + 1: null

04-12-2024T07:30:38 - [TEST_STEP][PASSED] - if (i1 > -1): null

04-12-2024T07:30:38 - [TEST_STEP][PASSED] - x = x.substring(i1, x.length()): null

04-12-2024T07:30:38 - [TEST_STEP][PASSED] - println(x): null

04-12-2024T07:30:38 - [TEST_STEP][PASSED] - i1 = x.indexOf("/") + 1: null

04-12-2024T07:30:38 - [TEST_STEP][PASSED] - if (i1 > -1): null

04-12-2024T07:30:38 - [TEST_STEP][PASSED] - x = x.substring(i1, x.length()): null

04-12-2024T07:30:38 - [TEST_STEP][PASSED] - println(x): null

04-12-2024T07:30:38 - [TEST_STEP][PASSED] - i1 = x.indexOf("/") + 1: null

04-12-2024T07:30:38 - [TEST_STEP][PASSED] - if (i1 > -1): null

04-12-2024T07:30:38 - [TEST_STEP][PASSED] - x = x.substring(i1, x.length()): null

04-12-2024T07:30:38 - [TEST_STEP][PASSED] - println(x): null

04-12-2024T07:30:38 - [TEST_STEP][PASSED] - i1 = x.indexOf("/"): null

04-12-2024T07:30:38 - [TEST_STEP][PASSED] - if (i1 > -1): null

04-12-2024T07:30:38 - [TEST_STEP][PASSED] - x = x.substring(0, i1): null

04-12-2024T07:30:38 - [TEST_STEP][PASSED] - println(x): null

04-12-2024T07:30:38 - [TEST_STEP][FAILED] - return x: null

04-12-2024T07:30:38 - [TEST_STEP][FAILED] - if (verifyEqual(tabR, tabB) == false): null

04-12-2024T07:30:38 - [MESSAGE][FAILED] - Unable to verify equal between actual object 'нет данных' and expected object '56765393' (Root cause: com.kms.katalon.core.exception.StepFailedException: Actual object 'нет данных' and expected object '56765393' are not equal
	at com.kms.katalon.core.keyword.builtin.VerifyEqualKeyword$_verifyEqual_closure1.doCall(VerifyEqualKeyword.groovy:58)
	at com.kms.katalon.core.keyword.builtin.VerifyEqualKeyword$_verifyEqual_closure1.call(VerifyEqualKeyword.groovy)
	at com.kms.katalon.core.keyword.internal.KeywordMain.runKeyword(KeywordMain.groovy:75)
	at com.kms.katalon.core.keyword.builtin.VerifyEqualKeyword.verifyEqual(VerifyEqualKeyword.groovy:63)
	at com.kms.katalon.core.keyword.builtin.VerifyEqualKeyword.execute(VerifyEqualKeyword.groovy:44)
	at com.kms.katalon.core.keyword.internal.KeywordExecutor.executeKeywordForPlatform(KeywordExecutor.groovy:74)
	at com.kms.katalon.core.keyword.BuiltinKeywords.verifyEqual(BuiltinKeywords.groovy:146)
	at jdk.internal.reflect.GeneratedMethodAccessor25.invoke(Unknown Source)
	at java.base/jdk.internal.reflect.DelegatingMethodAccessorImpl.invoke(DelegatingMethodAccessorImpl.java:43)
	at Выполнение бизнес-плана сверка дашбордов.CompareDZOData(Выполнение бизнес-плана сверка дашбордов:717)
	at Выполнение бизнес-плана сверка дашбордов.run(Выполнение бизнес-плана сверка дашбордов:643)
	at com.kms.katalon.core.main.ScriptEngine.run(ScriptEngine.java:194)
	at com.kms.katalon.core.main.ScriptEngine.runScriptAsRawText(ScriptEngine.java:119)
	at com.kms.katalon.core.main.TestCaseExecutor.runScript(TestCaseExecutor.java:448)
	at com.kms.katalon.core.main.TestCaseExecutor.doExecute(TestCaseExecutor.java:439)
	at com.kms.katalon.core.main.TestCaseExecutor.processExecutionPhase(TestCaseExecutor.java:418)
	at com.kms.katalon.core.main.TestCaseExecutor.accessMainPhase(TestCaseExecutor.java:410)
	at com.kms.katalon.core.main.TestCaseExecutor.execute(TestCaseExecutor.java:285)
	at com.kms.katalon.core.common.CommonExecutor.accessTestCaseMainPhase(CommonExecutor.java:65)
	at com.kms.katalon.core.main.TestSuiteExecutor.accessTestSuiteMainPhase(TestSuiteExecutor.java:150)
	at com.kms.katalon.core.main.TestSuiteExecutor.execute(TestSuiteExecutor.java:106)
	at com.kms.katalon.core.main.TestCaseMain.startTestSuite(TestCaseMain.java:180)
	at TempTestSuite1733285972582.run(TempTestSuite1733285972582.groovy:35)
	at java.base/jdk.internal.reflect.NativeMethodAccessorImpl.invoke0(Native Method)
	at java.base/jdk.internal.reflect.NativeMethodAccessorImpl.invoke(NativeMethodAccessorImpl.java:77)
	at java.base/jdk.internal.reflect.DelegatingMethodAccessorImpl.invoke(DelegatingMethodAccessorImpl.java:43)
)

04-12-2024T07:30:38 - [TEST_STEP][PASSED] - result = WriteToExcel(typeOfData, todaysDate, PercPlanR, PercPlanB, PercFactR, PercFactB, x, tabR, tabB, o1R, o1B, vidget): null

04-12-2024T07:30:38 - [TEST_STEP][PASSED] - iii = dZO.indexOf("/"): null

04-12-2024T07:30:38 - [TEST_STEP][PASSED] - println(iii): null

04-12-2024T07:30:38 - [TEST_STEP][PASSED] - dZO = dZO.substring(0, iii): null

04-12-2024T07:30:38 - [TEST_STEP][PASSED] - println(dZO): null

04-12-2024T07:30:38 - [TEST_STEP][PASSED] - println(PercPlanR): null

04-12-2024T07:30:38 - [TEST_STEP][PASSED] - println(PercPlanB): null

04-12-2024T07:30:38 - [TEST_STEP][PASSED] - println(PercFactR): null

04-12-2024T07:30:38 - [TEST_STEP][PASSED] - println(PercFactB): null

04-12-2024T07:30:38 - [TEST_STEP][PASSED] - println(tabR): null

04-12-2024T07:30:38 - [TEST_STEP][PASSED] - println(tabB): null

04-12-2024T07:30:38 - [TEST_STEP][PASSED] - println(o1R): null

04-12-2024T07:30:38 - [TEST_STEP][PASSED] - println(o1B): null

04-12-2024T07:30:38 - [TEST_STEP][PASSED] - PR = <not implemented yet for class: org.codehaus.groovy.ast.expr.EmptyExpression>: null

04-12-2024T07:30:38 - [TEST_STEP][PASSED] - FR = <not implemented yet for class: org.codehaus.groovy.ast.expr.EmptyExpression>: null

04-12-2024T07:30:38 - [TEST_STEP][PASSED] - PB = <not implemented yet for class: org.codehaus.groovy.ast.expr.EmptyExpression>: null

04-12-2024T07:30:38 - [TEST_STEP][PASSED] - FB = <not implemented yet for class: org.codehaus.groovy.ast.expr.EmptyExpression>: null

04-12-2024T07:30:38 - [TEST_STEP][PASSED] - TR = <not implemented yet for class: org.codehaus.groovy.ast.expr.EmptyExpression>: null

04-12-2024T07:30:38 - [TEST_STEP][PASSED] - TB = <not implemented yet for class: org.codehaus.groovy.ast.expr.EmptyExpression>: null

04-12-2024T07:30:38 - [TEST_STEP][PASSED] - sheetName = "Sheet1": null

04-12-2024T07:30:38 - [TEST_STEP][PASSED] - data = findTestData("PlanFact"): null

04-12-2024T07:30:38 - [TEST_STEP][PASSED] - n = data.getRowNumbers() + 1: null

04-12-2024T07:30:38 - [TEST_STEP][PASSED] - year = todaysDate.substring(todaysDate.length() - 4, todaysDate.length()): null

04-12-2024T07:30:38 - [TEST_STEP][PASSED] - y = year.toInteger(): null

04-12-2024T07:30:38 - [TEST_STEP][PASSED] - m = getText(findTestObject("Выполнение бизнес-плана/Выполнение бизнес-плана Балансы/Фильтр Дата")): Text of object 'Object Repository/Выполнение бизнес-плана/Выполнение бизнес-плана Балансы/Фильтр Дата' is: '1, 2, 3 кв., Октябрь 2024 года'

04-12-2024T07:30:38 - [MESSAGE][PASSED] - Text of object 'Object Repository/Выполнение бизнес-плана/Выполнение бизнес-плана Балансы/Фильтр Дата' is: '1, 2, 3 кв., Октябрь 2024 года'

04-12-2024T07:30:38 - [TEST_STEP][PASSED] - m = m.substring(0, m.indexOf("2024")): null

04-12-2024T07:30:38 - [TEST_STEP][PASSED] - m = m.trim(): null

04-12-2024T07:30:38 - [TEST_STEP][PASSED] - dashboardName = "Выполнение бизнес-плана": null

04-12-2024T07:30:38 - [TEST_STEP][PASSED] - workbook01 = getWorkbook(excelFilePath): null

04-12-2024T07:30:38 - [TEST_STEP][PASSED] - sheet01 = getExcelSheet(workbook01, sheetName): null

04-12-2024T07:30:38 - [TEST_STEP][PASSED] - setValueToCellByIndex(sheet01, n, 0, dashboardName): null

04-12-2024T07:30:38 - [TEST_STEP][PASSED] - setValueToCellByIndex(sheet01, n, 1, dZO): null

04-12-2024T07:30:38 - [TEST_STEP][PASSED] - setValueToCellByIndex(sheet01, n, 2, typeOfData): null

04-12-2024T07:30:38 - [TEST_STEP][PASSED] - setValueToCellByIndex(sheet01, n, 3, typeOfData): null

04-12-2024T07:30:38 - [TEST_STEP][PASSED] - if (typeOfData == "План"): null

04-12-2024T07:30:38 - [TEST_STEP][PASSED] - else if (typeOfData == "Факт"): null

04-12-2024T07:30:38 - [TEST_STEP][PASSED] - else if (vidget.contains("электроэнергии") == true): null

04-12-2024T07:30:38 - [TEST_STEP][PASSED] - if (tabR == null): null

04-12-2024T07:30:38 - [TEST_STEP][PASSED] - else: null

04-12-2024T07:30:38 - [TEST_STEP][PASSED] - if (tabR == "нет данных"): null

04-12-2024T07:30:38 - [TEST_STEP][PASSED] - setValueToCellByIndex(sheet01, n, 4, "нет данных"): null

04-12-2024T07:30:38 - [TEST_STEP][PASSED] - if (tabB == null): null

04-12-2024T07:30:38 - [TEST_STEP][PASSED] - else: null

04-12-2024T07:30:38 - [TEST_STEP][PASSED] - if (tabB == "нет данных"): null

04-12-2024T07:30:38 - [TEST_STEP][PASSED] - else: null

04-12-2024T07:30:38 - [TEST_STEP][PASSED] - TB = tabB.toInteger(): null

04-12-2024T07:30:38 - [TEST_STEP][PASSED] - setValueToCellByIndex(sheet01, n, 5, TB): null

04-12-2024T07:30:38 - [TEST_STEP][PASSED] - setValueToCellByIndex(sheet01, n, 6, m): null

04-12-2024T07:30:38 - [TEST_STEP][PASSED] - setValueToCellByIndex(sheet01, n, 7, y): null

04-12-2024T07:30:38 - [TEST_STEP][PASSED] - setValueToCellByIndex(sheet01, n, 8, todaysDate): null

04-12-2024T07:30:38 - [TEST_STEP][PASSED] - n = n + 1: null

04-12-2024T07:30:38 - [TEST_STEP][PASSED] - saveWorkbook(excelFilePath, workbook01): null

04-12-2024T07:30:39 - [TEST_STEP][PASSED] - typeOfData = "Факт Потери": null

04-12-2024T07:30:39 - [TEST_STEP][PASSED] - tabR = GetPFactR(x = a): null

04-12-2024T07:30:39 - [TEST_STEP][PASSED] - i1 = <not implemented yet for class: org.codehaus.groovy.ast.expr.EmptyExpression>: null

04-12-2024T07:30:39 - [TEST_STEP][PASSED] - ii = <not implemented yet for class: org.codehaus.groovy.ast.expr.EmptyExpression>: null

04-12-2024T07:30:39 - [TEST_STEP][PASSED] - for ([ii = 1, ii < 6, (ii++)]): null

04-12-2024T07:30:39 - [TEST_STEP][PASSED] - i1 = x.indexOf("/") + 1: null

04-12-2024T07:30:39 - [TEST_STEP][PASSED] - if (i1 > -1): null

04-12-2024T07:30:39 - [TEST_STEP][PASSED] - x = x.substring(i1, x.length()): null

04-12-2024T07:30:39 - [TEST_STEP][PASSED] - println(x): null

04-12-2024T07:30:39 - [TEST_STEP][PASSED] - i1 = x.indexOf("/") + 1: null

04-12-2024T07:30:39 - [TEST_STEP][PASSED] - if (i1 > -1): null

04-12-2024T07:30:39 - [TEST_STEP][PASSED] - x = x.substring(i1, x.length()): null

04-12-2024T07:30:39 - [TEST_STEP][PASSED] - println(x): null

04-12-2024T07:30:39 - [TEST_STEP][PASSED] - i1 = x.indexOf("/") + 1: null

04-12-2024T07:30:39 - [TEST_STEP][PASSED] - if (i1 > -1): null

04-12-2024T07:30:39 - [TEST_STEP][PASSED] - x = x.substring(i1, x.length()): null

04-12-2024T07:30:39 - [TEST_STEP][PASSED] - println(x): null

04-12-2024T07:30:39 - [TEST_STEP][PASSED] - i1 = x.indexOf("/") + 1: null

04-12-2024T07:30:39 - [TEST_STEP][PASSED] - if (i1 > -1): null

04-12-2024T07:30:39 - [TEST_STEP][PASSED] - x = x.substring(i1, x.length()): null

04-12-2024T07:30:39 - [TEST_STEP][PASSED] - println(x): null

04-12-2024T07:30:39 - [TEST_STEP][PASSED] - i1 = x.indexOf("/") + 1: null

04-12-2024T07:30:39 - [TEST_STEP][PASSED] - if (i1 > -1): null

04-12-2024T07:30:39 - [TEST_STEP][PASSED] - x = x.substring(i1, x.length()): null

04-12-2024T07:30:39 - [TEST_STEP][PASSED] - println(x): null

04-12-2024T07:30:39 - [TEST_STEP][PASSED] - i1 = x.indexOf("/"): null

04-12-2024T07:30:39 - [TEST_STEP][PASSED] - if (i1 > -1): null

04-12-2024T07:30:39 - [TEST_STEP][PASSED] - x = x.substring(0, i1): null

04-12-2024T07:30:39 - [TEST_STEP][PASSED] - println(x): null

04-12-2024T07:30:39 - [TEST_STEP][PASSED] - return x: null

04-12-2024T07:30:39 - [TEST_STEP][PASSED] - tabB = GetPFactB(x = b): null

04-12-2024T07:30:39 - [TEST_STEP][PASSED] - i1 = <not implemented yet for class: org.codehaus.groovy.ast.expr.EmptyExpression>: null

04-12-2024T07:30:39 - [TEST_STEP][PASSED] - ii = <not implemented yet for class: org.codehaus.groovy.ast.expr.EmptyExpression>: null

04-12-2024T07:30:39 - [TEST_STEP][PASSED] - for ([ii = 1, ii < 6, (ii++)]): null

04-12-2024T07:30:39 - [TEST_STEP][PASSED] - i1 = x.indexOf("/") + 1: null

04-12-2024T07:30:39 - [TEST_STEP][PASSED] - if (i1 > -1): null

04-12-2024T07:30:39 - [TEST_STEP][PASSED] - x = x.substring(i1, x.length()): null

04-12-2024T07:30:39 - [TEST_STEP][PASSED] - println(x): null

04-12-2024T07:30:39 - [TEST_STEP][PASSED] - i1 = x.indexOf("/") + 1: null

04-12-2024T07:30:39 - [TEST_STEP][PASSED] - if (i1 > -1): null

04-12-2024T07:30:39 - [TEST_STEP][PASSED] - x = x.substring(i1, x.length()): null

04-12-2024T07:30:39 - [TEST_STEP][PASSED] - println(x): null

04-12-2024T07:30:39 - [TEST_STEP][PASSED] - i1 = x.indexOf("/") + 1: null

04-12-2024T07:30:39 - [TEST_STEP][PASSED] - if (i1 > -1): null

04-12-2024T07:30:39 - [TEST_STEP][PASSED] - x = x.substring(i1, x.length()): null

04-12-2024T07:30:39 - [TEST_STEP][PASSED] - println(x): null

04-12-2024T07:30:39 - [TEST_STEP][PASSED] - i1 = x.indexOf("/") + 1: null

04-12-2024T07:30:39 - [TEST_STEP][PASSED] - if (i1 > -1): null

04-12-2024T07:30:39 - [TEST_STEP][PASSED] - x = x.substring(i1, x.length()): null

04-12-2024T07:30:39 - [TEST_STEP][PASSED] - println(x): null

04-12-2024T07:30:39 - [TEST_STEP][PASSED] - i1 = x.indexOf("/") + 1: null

04-12-2024T07:30:39 - [TEST_STEP][PASSED] - if (i1 > -1): null

04-12-2024T07:30:39 - [TEST_STEP][PASSED] - x = x.substring(i1, x.length()): null

04-12-2024T07:30:39 - [TEST_STEP][PASSED] - println(x): null

04-12-2024T07:30:39 - [TEST_STEP][PASSED] - i1 = x.indexOf("/"): null

04-12-2024T07:30:39 - [TEST_STEP][PASSED] - if (i1 > -1): null

04-12-2024T07:30:39 - [TEST_STEP][PASSED] - x = x.substring(0, i1): null

04-12-2024T07:30:39 - [TEST_STEP][PASSED] - println(x): null

04-12-2024T07:30:39 - [TEST_STEP][FAILED] - return x: null

04-12-2024T07:30:39 - [TEST_STEP][PASSED] - println(tabR + "/" + tabB): null

04-12-2024T07:30:39 - [TEST_STEP][FAILED] - if (verifyEqual(tabR, tabB) == false): null

04-12-2024T07:30:39 - [MESSAGE][FAILED] - Unable to verify equal between actual object 'нет данных' and expected object '3470805' (Root cause: com.kms.katalon.core.exception.StepFailedException: Actual object 'нет данных' and expected object '3470805' are not equal
	at com.kms.katalon.core.keyword.builtin.VerifyEqualKeyword$_verifyEqual_closure1.doCall(VerifyEqualKeyword.groovy:58)
	at com.kms.katalon.core.keyword.builtin.VerifyEqualKeyword$_verifyEqual_closure1.call(VerifyEqualKeyword.groovy)
	at com.kms.katalon.core.keyword.internal.KeywordMain.runKeyword(KeywordMain.groovy:75)
	at com.kms.katalon.core.keyword.builtin.VerifyEqualKeyword.verifyEqual(VerifyEqualKeyword.groovy:63)
	at com.kms.katalon.core.keyword.builtin.VerifyEqualKeyword.execute(VerifyEqualKeyword.groovy:44)
	at com.kms.katalon.core.keyword.internal.KeywordExecutor.executeKeywordForPlatform(KeywordExecutor.groovy:74)
	at com.kms.katalon.core.keyword.BuiltinKeywords.verifyEqual(BuiltinKeywords.groovy:146)
	at jdk.internal.reflect.GeneratedMethodAccessor25.invoke(Unknown Source)
	at java.base/jdk.internal.reflect.DelegatingMethodAccessorImpl.invoke(DelegatingMethodAccessorImpl.java:43)
	at Выполнение бизнес-плана сверка дашбордов.CompareDZOData(Выполнение бизнес-плана сверка дашбордов:730)
	at Выполнение бизнес-плана сверка дашбордов.run(Выполнение бизнес-плана сверка дашбордов:643)
	at com.kms.katalon.core.main.ScriptEngine.run(ScriptEngine.java:194)
	at com.kms.katalon.core.main.ScriptEngine.runScriptAsRawText(ScriptEngine.java:119)
	at com.kms.katalon.core.main.TestCaseExecutor.runScript(TestCaseExecutor.java:448)
	at com.kms.katalon.core.main.TestCaseExecutor.doExecute(TestCaseExecutor.java:439)
	at com.kms.katalon.core.main.TestCaseExecutor.processExecutionPhase(TestCaseExecutor.java:418)
	at com.kms.katalon.core.main.TestCaseExecutor.accessMainPhase(TestCaseExecutor.java:410)
	at com.kms.katalon.core.main.TestCaseExecutor.execute(TestCaseExecutor.java:285)
	at com.kms.katalon.core.common.CommonExecutor.accessTestCaseMainPhase(CommonExecutor.java:65)
	at com.kms.katalon.core.main.TestSuiteExecutor.accessTestSuiteMainPhase(TestSuiteExecutor.java:150)
	at com.kms.katalon.core.main.TestSuiteExecutor.execute(TestSuiteExecutor.java:106)
	at com.kms.katalon.core.main.TestCaseMain.startTestSuite(TestCaseMain.java:180)
	at TempTestSuite1733285972582.run(TempTestSuite1733285972582.groovy:35)
	at java.base/jdk.internal.reflect.NativeMethodAccessorImpl.invoke0(Native Method)
	at java.base/jdk.internal.reflect.NativeMethodAccessorImpl.invoke(NativeMethodAccessorImpl.java:77)
	at java.base/jdk.internal.reflect.DelegatingMethodAccessorImpl.invoke(DelegatingMethodAccessorImpl.java:43)
)

04-12-2024T07:30:39 - [TEST_STEP][PASSED] - result = WriteToExcel(typeOfData, todaysDate, PercPlanR, PercPlanB, PercFactR, PercFactB, x, tabR, tabB, o1R, o1B, vidget): null

04-12-2024T07:30:39 - [TEST_STEP][PASSED] - iii = dZO.indexOf("/"): null

04-12-2024T07:30:39 - [TEST_STEP][PASSED] - println(iii): null

04-12-2024T07:30:39 - [TEST_STEP][PASSED] - dZO = dZO.substring(0, iii): null

04-12-2024T07:30:39 - [TEST_STEP][PASSED] - println(dZO): null

04-12-2024T07:30:39 - [TEST_STEP][PASSED] - println(PercPlanR): null

04-12-2024T07:30:39 - [TEST_STEP][PASSED] - println(PercPlanB): null

04-12-2024T07:30:39 - [TEST_STEP][PASSED] - println(PercFactR): null

04-12-2024T07:30:39 - [TEST_STEP][PASSED] - println(PercFactB): null

04-12-2024T07:30:39 - [TEST_STEP][PASSED] - println(tabR): null

04-12-2024T07:30:39 - [TEST_STEP][PASSED] - println(tabB): null

04-12-2024T07:30:39 - [TEST_STEP][PASSED] - println(o1R): null

04-12-2024T07:30:39 - [TEST_STEP][PASSED] - println(o1B): null

04-12-2024T07:30:39 - [TEST_STEP][PASSED] - PR = <not implemented yet for class: org.codehaus.groovy.ast.expr.EmptyExpression>: null

04-12-2024T07:30:39 - [TEST_STEP][PASSED] - FR = <not implemented yet for class: org.codehaus.groovy.ast.expr.EmptyExpression>: null

04-12-2024T07:30:39 - [TEST_STEP][PASSED] - PB = <not implemented yet for class: org.codehaus.groovy.ast.expr.EmptyExpression>: null

04-12-2024T07:30:39 - [TEST_STEP][PASSED] - FB = <not implemented yet for class: org.codehaus.groovy.ast.expr.EmptyExpression>: null

04-12-2024T07:30:39 - [TEST_STEP][PASSED] - TR = <not implemented yet for class: org.codehaus.groovy.ast.expr.EmptyExpression>: null

04-12-2024T07:30:39 - [TEST_STEP][PASSED] - TB = <not implemented yet for class: org.codehaus.groovy.ast.expr.EmptyExpression>: null

04-12-2024T07:30:39 - [TEST_STEP][PASSED] - sheetName = "Sheet1": null

04-12-2024T07:30:39 - [TEST_STEP][PASSED] - data = findTestData("PlanFact"): null

04-12-2024T07:30:39 - [TEST_STEP][PASSED] - n = data.getRowNumbers() + 1: null

04-12-2024T07:30:39 - [TEST_STEP][PASSED] - year = todaysDate.substring(todaysDate.length() - 4, todaysDate.length()): null

04-12-2024T07:30:39 - [TEST_STEP][PASSED] - y = year.toInteger(): null

04-12-2024T07:30:39 - [TEST_STEP][PASSED] - m = getText(findTestObject("Выполнение бизнес-плана/Выполнение бизнес-плана Балансы/Фильтр Дата")): Text of object 'Object Repository/Выполнение бизнес-плана/Выполнение бизнес-плана Балансы/Фильтр Дата' is: '1, 2, 3 кв., Октябрь 2024 года'

04-12-2024T07:30:39 - [MESSAGE][PASSED] - Text of object 'Object Repository/Выполнение бизнес-плана/Выполнение бизнес-плана Балансы/Фильтр Дата' is: '1, 2, 3 кв., Октябрь 2024 года'

04-12-2024T07:30:39 - [TEST_STEP][PASSED] - m = m.substring(0, m.indexOf("2024")): null

04-12-2024T07:30:39 - [TEST_STEP][PASSED] - m = m.trim(): null

04-12-2024T07:30:39 - [TEST_STEP][PASSED] - dashboardName = "Выполнение бизнес-плана": null

04-12-2024T07:30:39 - [TEST_STEP][PASSED] - workbook01 = getWorkbook(excelFilePath): null

04-12-2024T07:30:39 - [TEST_STEP][PASSED] - sheet01 = getExcelSheet(workbook01, sheetName): null

04-12-2024T07:30:39 - [TEST_STEP][PASSED] - setValueToCellByIndex(sheet01, n, 0, dashboardName): null

04-12-2024T07:30:39 - [TEST_STEP][PASSED] - setValueToCellByIndex(sheet01, n, 1, dZO): null

04-12-2024T07:30:39 - [TEST_STEP][PASSED] - setValueToCellByIndex(sheet01, n, 2, typeOfData): null

04-12-2024T07:30:39 - [TEST_STEP][PASSED] - setValueToCellByIndex(sheet01, n, 3, typeOfData): null

04-12-2024T07:30:39 - [TEST_STEP][PASSED] - if (typeOfData == "План"): null

04-12-2024T07:30:39 - [TEST_STEP][PASSED] - else if (typeOfData == "Факт"): null

04-12-2024T07:30:39 - [TEST_STEP][PASSED] - else if (vidget.contains("электроэнергии") == true): null

04-12-2024T07:30:39 - [TEST_STEP][PASSED] - if (tabR == null): null

04-12-2024T07:30:39 - [TEST_STEP][PASSED] - else: null

04-12-2024T07:30:39 - [TEST_STEP][PASSED] - if (tabR == "нет данных"): null

04-12-2024T07:30:39 - [TEST_STEP][PASSED] - setValueToCellByIndex(sheet01, n, 4, "нет данных"): null

04-12-2024T07:30:39 - [TEST_STEP][PASSED] - if (tabB == null): null

04-12-2024T07:30:39 - [TEST_STEP][PASSED] - else: null

04-12-2024T07:30:39 - [TEST_STEP][PASSED] - if (tabB == "нет данных"): null

04-12-2024T07:30:39 - [TEST_STEP][PASSED] - else: null

04-12-2024T07:30:39 - [TEST_STEP][PASSED] - TB = tabB.toInteger(): null

04-12-2024T07:30:39 - [TEST_STEP][PASSED] - setValueToCellByIndex(sheet01, n, 5, TB): null

04-12-2024T07:30:39 - [TEST_STEP][PASSED] - setValueToCellByIndex(sheet01, n, 6, m): null

04-12-2024T07:30:39 - [TEST_STEP][PASSED] - setValueToCellByIndex(sheet01, n, 7, y): null

04-12-2024T07:30:39 - [TEST_STEP][PASSED] - setValueToCellByIndex(sheet01, n, 8, todaysDate): null

04-12-2024T07:30:39 - [TEST_STEP][PASSED] - n = n + 1: null

04-12-2024T07:30:39 - [TEST_STEP][PASSED] - saveWorkbook(excelFilePath, workbook01): null

04-12-2024T07:30:39 - [TEST_STEP][PASSED] - vidget = "Показатели баланса электроэнергии по ДЗО – План": null

04-12-2024T07:30:39 - [TEST_STEP][PASSED] - typeOfData = "План Отпуск в сеть": null

04-12-2024T07:30:39 - [TEST_STEP][PASSED] - tabR = GetOvSPlanR(x = a): null

04-12-2024T07:30:39 - [TEST_STEP][PASSED] - i1 = <not implemented yet for class: org.codehaus.groovy.ast.expr.EmptyExpression>: null

04-12-2024T07:30:39 - [TEST_STEP][PASSED] - ii = <not implemented yet for class: org.codehaus.groovy.ast.expr.EmptyExpression>: null

04-12-2024T07:30:39 - [TEST_STEP][PASSED] - for ([ii = 1, ii < 7, (ii++)]): null

04-12-2024T07:30:39 - [TEST_STEP][PASSED] - i1 = x.indexOf("/") + 1: null

04-12-2024T07:30:39 - [TEST_STEP][PASSED] - if (i1 > -1): null

04-12-2024T07:30:39 - [TEST_STEP][PASSED] - x = x.substring(i1, x.length()): null

04-12-2024T07:30:39 - [TEST_STEP][PASSED] - println(x): null

04-12-2024T07:30:39 - [TEST_STEP][PASSED] - i1 = x.indexOf("/") + 1: null

04-12-2024T07:30:39 - [TEST_STEP][PASSED] - if (i1 > -1): null

04-12-2024T07:30:39 - [TEST_STEP][PASSED] - x = x.substring(i1, x.length()): null

04-12-2024T07:30:39 - [TEST_STEP][PASSED] - println(x): null

04-12-2024T07:30:39 - [TEST_STEP][PASSED] - i1 = x.indexOf("/") + 1: null

04-12-2024T07:30:39 - [TEST_STEP][PASSED] - if (i1 > -1): null

04-12-2024T07:30:39 - [TEST_STEP][PASSED] - x = x.substring(i1, x.length()): null

04-12-2024T07:30:39 - [TEST_STEP][PASSED] - println(x): null

04-12-2024T07:30:39 - [TEST_STEP][PASSED] - i1 = x.indexOf("/") + 1: null

04-12-2024T07:30:39 - [TEST_STEP][PASSED] - if (i1 > -1): null

04-12-2024T07:30:39 - [TEST_STEP][PASSED] - x = x.substring(i1, x.length()): null

04-12-2024T07:30:39 - [TEST_STEP][PASSED] - println(x): null

04-12-2024T07:30:39 - [TEST_STEP][PASSED] - i1 = x.indexOf("/") + 1: null

04-12-2024T07:30:39 - [TEST_STEP][PASSED] - if (i1 > -1): null

04-12-2024T07:30:39 - [TEST_STEP][PASSED] - x = x.substring(i1, x.length()): null

04-12-2024T07:30:39 - [TEST_STEP][PASSED] - println(x): null

04-12-2024T07:30:39 - [TEST_STEP][PASSED] - i1 = x.indexOf("/") + 1: null

04-12-2024T07:30:39 - [TEST_STEP][PASSED] - if (i1 > -1): null

04-12-2024T07:30:39 - [TEST_STEP][PASSED] - x = x.substring(i1, x.length()): null

04-12-2024T07:30:39 - [TEST_STEP][PASSED] - println(x): null

04-12-2024T07:30:39 - [TEST_STEP][PASSED] - i1 = x.indexOf("/"): null

04-12-2024T07:30:39 - [TEST_STEP][PASSED] - if (i1 > -1): null

04-12-2024T07:30:39 - [TEST_STEP][PASSED] - x = x.substring(0, i1): null

04-12-2024T07:30:39 - [TEST_STEP][PASSED] - println(x): null

04-12-2024T07:30:39 - [TEST_STEP][PASSED] - return x: null

04-12-2024T07:30:39 - [TEST_STEP][PASSED] - tabB = GetOvSPlanB(x = b): null

04-12-2024T07:30:39 - [TEST_STEP][PASSED] - i1 = <not implemented yet for class: org.codehaus.groovy.ast.expr.EmptyExpression>: null

04-12-2024T07:30:39 - [TEST_STEP][PASSED] - ii = <not implemented yet for class: org.codehaus.groovy.ast.expr.EmptyExpression>: null

04-12-2024T07:30:39 - [TEST_STEP][PASSED] - for ([ii = 1, ii < 7, (ii++)]): null

04-12-2024T07:30:39 - [TEST_STEP][PASSED] - i1 = x.indexOf("/") + 1: null

04-12-2024T07:30:39 - [TEST_STEP][PASSED] - if (i1 > -1): null

04-12-2024T07:30:39 - [TEST_STEP][PASSED] - x = x.substring(i1, x.length()): null

04-12-2024T07:30:39 - [TEST_STEP][PASSED] - println(x): null

04-12-2024T07:30:39 - [TEST_STEP][PASSED] - i1 = x.indexOf("/") + 1: null

04-12-2024T07:30:39 - [TEST_STEP][PASSED] - if (i1 > -1): null

04-12-2024T07:30:39 - [TEST_STEP][PASSED] - x = x.substring(i1, x.length()): null

04-12-2024T07:30:39 - [TEST_STEP][PASSED] - println(x): null

04-12-2024T07:30:39 - [TEST_STEP][PASSED] - i1 = x.indexOf("/") + 1: null

04-12-2024T07:30:39 - [TEST_STEP][PASSED] - if (i1 > -1): null

04-12-2024T07:30:39 - [TEST_STEP][PASSED] - x = x.substring(i1, x.length()): null

04-12-2024T07:30:39 - [TEST_STEP][PASSED] - println(x): null

04-12-2024T07:30:39 - [TEST_STEP][PASSED] - i1 = x.indexOf("/") + 1: null

04-12-2024T07:30:39 - [TEST_STEP][PASSED] - if (i1 > -1): null

04-12-2024T07:30:39 - [TEST_STEP][PASSED] - x = x.substring(i1, x.length()): null

04-12-2024T07:30:39 - [TEST_STEP][PASSED] - println(x): null

04-12-2024T07:30:39 - [TEST_STEP][PASSED] - i1 = x.indexOf("/") + 1: null

04-12-2024T07:30:39 - [TEST_STEP][PASSED] - if (i1 > -1): null

04-12-2024T07:30:39 - [TEST_STEP][PASSED] - x = x.substring(i1, x.length()): null

04-12-2024T07:30:39 - [TEST_STEP][PASSED] - println(x): null

04-12-2024T07:30:39 - [TEST_STEP][PASSED] - i1 = x.indexOf("/") + 1: null

04-12-2024T07:30:39 - [TEST_STEP][PASSED] - if (i1 > -1): null

04-12-2024T07:30:39 - [TEST_STEP][PASSED] - x = x.substring(i1, x.length()): null

04-12-2024T07:30:39 - [TEST_STEP][PASSED] - println(x): null

04-12-2024T07:30:39 - [TEST_STEP][PASSED] - i1 = x.indexOf("/"): null

04-12-2024T07:30:39 - [TEST_STEP][PASSED] - if (i1 > -1): null

04-12-2024T07:30:39 - [TEST_STEP][PASSED] - x = x.substring(0, i1): null

04-12-2024T07:30:39 - [TEST_STEP][PASSED] - println(x): null

04-12-2024T07:30:39 - [TEST_STEP][FAILED] - return x: null

04-12-2024T07:30:39 - [TEST_STEP][PASSED] - println(tabR + "/" + tabB): null

04-12-2024T07:30:39 - [TEST_STEP][FAILED] - if (verifyEqual(PercFactR, PercFactB) == false): null

04-12-2024T07:30:39 - [MESSAGE][FAILED] - Unable to verify equal between actual object 'нет данных' and expected object '5.76' (Root cause: com.kms.katalon.core.exception.StepFailedException: Actual object 'нет данных' and expected object '5.76' are not equal
	at com.kms.katalon.core.keyword.builtin.VerifyEqualKeyword$_verifyEqual_closure1.doCall(VerifyEqualKeyword.groovy:58)
	at com.kms.katalon.core.keyword.builtin.VerifyEqualKeyword$_verifyEqual_closure1.call(VerifyEqualKeyword.groovy)
	at com.kms.katalon.core.keyword.internal.KeywordMain.runKeyword(KeywordMain.groovy:75)
	at com.kms.katalon.core.keyword.builtin.VerifyEqualKeyword.verifyEqual(VerifyEqualKeyword.groovy:63)
	at com.kms.katalon.core.keyword.builtin.VerifyEqualKeyword.execute(VerifyEqualKeyword.groovy:44)
	at com.kms.katalon.core.keyword.internal.KeywordExecutor.executeKeywordForPlatform(KeywordExecutor.groovy:74)
	at com.kms.katalon.core.keyword.BuiltinKeywords.verifyEqual(BuiltinKeywords.groovy:146)
	at jdk.internal.reflect.GeneratedMethodAccessor25.invoke(Unknown Source)
	at java.base/jdk.internal.reflect.DelegatingMethodAccessorImpl.invoke(DelegatingMethodAccessorImpl.java:43)
	at Выполнение бизнес-плана сверка дашбордов.CompareDZOData(Выполнение бизнес-плана сверка дашбордов:745)
	at Выполнение бизнес-плана сверка дашбордов.run(Выполнение бизнес-плана сверка дашбордов:643)
	at com.kms.katalon.core.main.ScriptEngine.run(ScriptEngine.java:194)
	at com.kms.katalon.core.main.ScriptEngine.runScriptAsRawText(ScriptEngine.java:119)
	at com.kms.katalon.core.main.TestCaseExecutor.runScript(TestCaseExecutor.java:448)
	at com.kms.katalon.core.main.TestCaseExecutor.doExecute(TestCaseExecutor.java:439)
	at com.kms.katalon.core.main.TestCaseExecutor.processExecutionPhase(TestCaseExecutor.java:418)
	at com.kms.katalon.core.main.TestCaseExecutor.accessMainPhase(TestCaseExecutor.java:410)
	at com.kms.katalon.core.main.TestCaseExecutor.execute(TestCaseExecutor.java:285)
	at com.kms.katalon.core.common.CommonExecutor.accessTestCaseMainPhase(CommonExecutor.java:65)
	at com.kms.katalon.core.main.TestSuiteExecutor.accessTestSuiteMainPhase(TestSuiteExecutor.java:150)
	at com.kms.katalon.core.main.TestSuiteExecutor.execute(TestSuiteExecutor.java:106)
	at com.kms.katalon.core.main.TestCaseMain.startTestSuite(TestCaseMain.java:180)
	at TempTestSuite1733285972582.run(TempTestSuite1733285972582.groovy:35)
	at java.base/jdk.internal.reflect.NativeMethodAccessorImpl.invoke0(Native Method)
	at java.base/jdk.internal.reflect.NativeMethodAccessorImpl.invoke(NativeMethodAccessorImpl.java:77)
	at java.base/jdk.internal.reflect.DelegatingMethodAccessorImpl.invoke(DelegatingMethodAccessorImpl.java:43)
)

04-12-2024T07:30:39 - [TEST_STEP][PASSED] - result = WriteToExcel(typeOfData, todaysDate, PercPlanR, PercPlanB, PercFactR, PercFactB, x, tabR, tabB, o1R, o1B, vidget): null

04-12-2024T07:30:39 - [TEST_STEP][PASSED] - iii = dZO.indexOf("/"): null

04-12-2024T07:30:39 - [TEST_STEP][PASSED] - println(iii): null

04-12-2024T07:30:39 - [TEST_STEP][PASSED] - dZO = dZO.substring(0, iii): null

04-12-2024T07:30:39 - [TEST_STEP][PASSED] - println(dZO): null

04-12-2024T07:30:39 - [TEST_STEP][PASSED] - println(PercPlanR): null

04-12-2024T07:30:39 - [TEST_STEP][PASSED] - println(PercPlanB): null

04-12-2024T07:30:39 - [TEST_STEP][PASSED] - println(PercFactR): null

04-12-2024T07:30:39 - [TEST_STEP][PASSED] - println(PercFactB): null

04-12-2024T07:30:39 - [TEST_STEP][PASSED] - println(tabR): null

04-12-2024T07:30:39 - [TEST_STEP][PASSED] - println(tabB): null

04-12-2024T07:30:39 - [TEST_STEP][PASSED] - println(o1R): null

04-12-2024T07:30:39 - [TEST_STEP][PASSED] - println(o1B): null

04-12-2024T07:30:39 - [TEST_STEP][PASSED] - PR = <not implemented yet for class: org.codehaus.groovy.ast.expr.EmptyExpression>: null

04-12-2024T07:30:39 - [TEST_STEP][PASSED] - FR = <not implemented yet for class: org.codehaus.groovy.ast.expr.EmptyExpression>: null

04-12-2024T07:30:39 - [TEST_STEP][PASSED] - PB = <not implemented yet for class: org.codehaus.groovy.ast.expr.EmptyExpression>: null

04-12-2024T07:30:39 - [TEST_STEP][PASSED] - FB = <not implemented yet for class: org.codehaus.groovy.ast.expr.EmptyExpression>: null

04-12-2024T07:30:39 - [TEST_STEP][PASSED] - TR = <not implemented yet for class: org.codehaus.groovy.ast.expr.EmptyExpression>: null

04-12-2024T07:30:39 - [TEST_STEP][PASSED] - TB = <not implemented yet for class: org.codehaus.groovy.ast.expr.EmptyExpression>: null

04-12-2024T07:30:39 - [TEST_STEP][PASSED] - sheetName = "Sheet1": null

04-12-2024T07:30:39 - [TEST_STEP][PASSED] - data = findTestData("PlanFact"): null

04-12-2024T07:30:39 - [TEST_STEP][PASSED] - n = data.getRowNumbers() + 1: null

04-12-2024T07:30:39 - [TEST_STEP][PASSED] - year = todaysDate.substring(todaysDate.length() - 4, todaysDate.length()): null

04-12-2024T07:30:39 - [TEST_STEP][PASSED] - y = year.toInteger(): null

04-12-2024T07:30:39 - [TEST_STEP][PASSED] - m = getText(findTestObject("Выполнение бизнес-плана/Выполнение бизнес-плана Балансы/Фильтр Дата")): Text of object 'Object Repository/Выполнение бизнес-плана/Выполнение бизнес-плана Балансы/Фильтр Дата' is: '1, 2, 3 кв., Октябрь 2024 года'

04-12-2024T07:30:40 - [MESSAGE][PASSED] - Text of object 'Object Repository/Выполнение бизнес-плана/Выполнение бизнес-плана Балансы/Фильтр Дата' is: '1, 2, 3 кв., Октябрь 2024 года'

04-12-2024T07:30:40 - [TEST_STEP][PASSED] - m = m.substring(0, m.indexOf("2024")): null

04-12-2024T07:30:40 - [TEST_STEP][PASSED] - m = m.trim(): null

04-12-2024T07:30:40 - [TEST_STEP][PASSED] - dashboardName = "Выполнение бизнес-плана": null

04-12-2024T07:30:40 - [TEST_STEP][PASSED] - workbook01 = getWorkbook(excelFilePath): null

04-12-2024T07:30:40 - [TEST_STEP][PASSED] - sheet01 = getExcelSheet(workbook01, sheetName): null

04-12-2024T07:30:40 - [TEST_STEP][PASSED] - setValueToCellByIndex(sheet01, n, 0, dashboardName): null

04-12-2024T07:30:40 - [TEST_STEP][PASSED] - setValueToCellByIndex(sheet01, n, 1, dZO): null

04-12-2024T07:30:40 - [TEST_STEP][PASSED] - setValueToCellByIndex(sheet01, n, 2, typeOfData): null

04-12-2024T07:30:40 - [TEST_STEP][PASSED] - setValueToCellByIndex(sheet01, n, 3, typeOfData): null

04-12-2024T07:30:40 - [TEST_STEP][PASSED] - if (typeOfData == "План"): null

04-12-2024T07:30:40 - [TEST_STEP][PASSED] - else if (typeOfData == "Факт"): null

04-12-2024T07:30:40 - [TEST_STEP][PASSED] - else if (vidget.contains("электроэнергии") == true): null

04-12-2024T07:30:40 - [TEST_STEP][PASSED] - if (tabR == null): null

04-12-2024T07:30:40 - [TEST_STEP][PASSED] - else: null

04-12-2024T07:30:40 - [TEST_STEP][PASSED] - if (tabR == "нет данных"): null

04-12-2024T07:30:40 - [TEST_STEP][PASSED] - setValueToCellByIndex(sheet01, n, 4, "нет данных"): null

04-12-2024T07:30:40 - [TEST_STEP][PASSED] - if (tabB == null): null

04-12-2024T07:30:40 - [TEST_STEP][PASSED] - else: null

04-12-2024T07:30:40 - [TEST_STEP][PASSED] - if (tabB == "нет данных"): null

04-12-2024T07:30:40 - [TEST_STEP][PASSED] - else: null

04-12-2024T07:30:40 - [TEST_STEP][PASSED] - TB = tabB.toInteger(): null

04-12-2024T07:30:40 - [TEST_STEP][PASSED] - setValueToCellByIndex(sheet01, n, 5, TB): null

04-12-2024T07:30:40 - [TEST_STEP][PASSED] - setValueToCellByIndex(sheet01, n, 6, m): null

04-12-2024T07:30:40 - [TEST_STEP][PASSED] - setValueToCellByIndex(sheet01, n, 7, y): null

04-12-2024T07:30:40 - [TEST_STEP][PASSED] - setValueToCellByIndex(sheet01, n, 8, todaysDate): null

04-12-2024T07:30:40 - [TEST_STEP][PASSED] - n = n + 1: null

04-12-2024T07:30:40 - [TEST_STEP][PASSED] - saveWorkbook(excelFilePath, workbook01): null

04-12-2024T07:30:40 - [TEST_STEP][PASSED] - typeOfData = "План Отпуск из сети": null

04-12-2024T07:30:40 - [TEST_STEP][PASSED] - tabR = GetOiSPlanR(x = a): null

04-12-2024T07:30:40 - [TEST_STEP][PASSED] - i1 = <not implemented yet for class: org.codehaus.groovy.ast.expr.EmptyExpression>: null

04-12-2024T07:30:40 - [TEST_STEP][PASSED] - ii = <not implemented yet for class: org.codehaus.groovy.ast.expr.EmptyExpression>: null

04-12-2024T07:30:40 - [TEST_STEP][PASSED] - for ([ii = 1, ii < 8, (ii++)]): null

04-12-2024T07:30:40 - [TEST_STEP][PASSED] - i1 = x.indexOf("/") + 1: null

04-12-2024T07:30:40 - [TEST_STEP][PASSED] - if (i1 > -1): null

04-12-2024T07:30:40 - [TEST_STEP][PASSED] - x = x.substring(i1, x.length()): null

04-12-2024T07:30:40 - [TEST_STEP][PASSED] - println(x): null

04-12-2024T07:30:40 - [TEST_STEP][PASSED] - i1 = x.indexOf("/") + 1: null

04-12-2024T07:30:40 - [TEST_STEP][PASSED] - if (i1 > -1): null

04-12-2024T07:30:40 - [TEST_STEP][PASSED] - x = x.substring(i1, x.length()): null

04-12-2024T07:30:40 - [TEST_STEP][PASSED] - println(x): null

04-12-2024T07:30:40 - [TEST_STEP][PASSED] - i1 = x.indexOf("/") + 1: null

04-12-2024T07:30:40 - [TEST_STEP][PASSED] - if (i1 > -1): null

04-12-2024T07:30:40 - [TEST_STEP][PASSED] - x = x.substring(i1, x.length()): null

04-12-2024T07:30:40 - [TEST_STEP][PASSED] - println(x): null

04-12-2024T07:30:40 - [TEST_STEP][PASSED] - i1 = x.indexOf("/") + 1: null

04-12-2024T07:30:40 - [TEST_STEP][PASSED] - if (i1 > -1): null

04-12-2024T07:30:40 - [TEST_STEP][PASSED] - x = x.substring(i1, x.length()): null

04-12-2024T07:30:40 - [TEST_STEP][PASSED] - println(x): null

04-12-2024T07:30:40 - [TEST_STEP][PASSED] - i1 = x.indexOf("/") + 1: null

04-12-2024T07:30:40 - [TEST_STEP][PASSED] - if (i1 > -1): null

04-12-2024T07:30:40 - [TEST_STEP][PASSED] - x = x.substring(i1, x.length()): null

04-12-2024T07:30:40 - [TEST_STEP][PASSED] - println(x): null

04-12-2024T07:30:40 - [TEST_STEP][PASSED] - i1 = x.indexOf("/") + 1: null

04-12-2024T07:30:40 - [TEST_STEP][PASSED] - if (i1 > -1): null

04-12-2024T07:30:40 - [TEST_STEP][PASSED] - x = x.substring(i1, x.length()): null

04-12-2024T07:30:40 - [TEST_STEP][PASSED] - println(x): null

04-12-2024T07:30:40 - [TEST_STEP][PASSED] - i1 = x.indexOf("/") + 1: null

04-12-2024T07:30:40 - [TEST_STEP][PASSED] - if (i1 > -1): null

04-12-2024T07:30:40 - [TEST_STEP][PASSED] - x = x.substring(i1, x.length()): null

04-12-2024T07:30:40 - [TEST_STEP][PASSED] - println(x): null

04-12-2024T07:30:40 - [TEST_STEP][PASSED] - i1 = x.indexOf("/"): null

04-12-2024T07:30:40 - [TEST_STEP][PASSED] - if (i1 > -1): null

04-12-2024T07:30:40 - [TEST_STEP][PASSED] - x = x.substring(0, i1): null

04-12-2024T07:30:40 - [TEST_STEP][PASSED] - println(x): null

04-12-2024T07:30:40 - [TEST_STEP][PASSED] - return x: null

04-12-2024T07:30:40 - [TEST_STEP][PASSED] - tabB = GetOiSPlanB(x = b): null

04-12-2024T07:30:40 - [TEST_STEP][PASSED] - i1 = <not implemented yet for class: org.codehaus.groovy.ast.expr.EmptyExpression>: null

04-12-2024T07:30:40 - [TEST_STEP][PASSED] - ii = <not implemented yet for class: org.codehaus.groovy.ast.expr.EmptyExpression>: null

04-12-2024T07:30:40 - [TEST_STEP][PASSED] - for ([ii = 1, ii < 8, (ii++)]): null

04-12-2024T07:30:40 - [TEST_STEP][PASSED] - i1 = x.indexOf("/") + 1: null

04-12-2024T07:30:40 - [TEST_STEP][PASSED] - if (i1 > -1): null

04-12-2024T07:30:40 - [TEST_STEP][PASSED] - x = x.substring(i1, x.length()): null

04-12-2024T07:30:40 - [TEST_STEP][PASSED] - println(x): null

04-12-2024T07:30:40 - [TEST_STEP][PASSED] - i1 = x.indexOf("/") + 1: null

04-12-2024T07:30:40 - [TEST_STEP][PASSED] - if (i1 > -1): null

04-12-2024T07:30:40 - [TEST_STEP][PASSED] - x = x.substring(i1, x.length()): null

04-12-2024T07:30:40 - [TEST_STEP][PASSED] - println(x): null

04-12-2024T07:30:40 - [TEST_STEP][PASSED] - i1 = x.indexOf("/") + 1: null

04-12-2024T07:30:40 - [TEST_STEP][PASSED] - if (i1 > -1): null

04-12-2024T07:30:40 - [TEST_STEP][PASSED] - x = x.substring(i1, x.length()): null

04-12-2024T07:30:40 - [TEST_STEP][PASSED] - println(x): null

04-12-2024T07:30:40 - [TEST_STEP][PASSED] - i1 = x.indexOf("/") + 1: null

04-12-2024T07:30:40 - [TEST_STEP][PASSED] - if (i1 > -1): null

04-12-2024T07:30:40 - [TEST_STEP][PASSED] - x = x.substring(i1, x.length()): null

04-12-2024T07:30:40 - [TEST_STEP][PASSED] - println(x): null

04-12-2024T07:30:40 - [TEST_STEP][PASSED] - i1 = x.indexOf("/") + 1: null

04-12-2024T07:30:40 - [TEST_STEP][PASSED] - if (i1 > -1): null

04-12-2024T07:30:40 - [TEST_STEP][PASSED] - x = x.substring(i1, x.length()): null

04-12-2024T07:30:40 - [TEST_STEP][PASSED] - println(x): null

04-12-2024T07:30:40 - [TEST_STEP][PASSED] - i1 = x.indexOf("/") + 1: null

04-12-2024T07:30:40 - [TEST_STEP][PASSED] - if (i1 > -1): null

04-12-2024T07:30:40 - [TEST_STEP][PASSED] - x = x.substring(i1, x.length()): null

04-12-2024T07:30:40 - [TEST_STEP][PASSED] - println(x): null

04-12-2024T07:30:40 - [TEST_STEP][PASSED] - i1 = x.indexOf("/") + 1: null

04-12-2024T07:30:40 - [TEST_STEP][PASSED] - if (i1 > -1): null

04-12-2024T07:30:40 - [TEST_STEP][PASSED] - x = x.substring(i1, x.length()): null

04-12-2024T07:30:40 - [TEST_STEP][PASSED] - println(x): null

04-12-2024T07:30:40 - [TEST_STEP][PASSED] - i1 = x.indexOf("/"): null

04-12-2024T07:30:40 - [TEST_STEP][PASSED] - if (i1 > -1): null

04-12-2024T07:30:40 - [TEST_STEP][PASSED] - x = x.substring(0, i1): null

04-12-2024T07:30:40 - [TEST_STEP][PASSED] - println(x): null

04-12-2024T07:30:40 - [TEST_STEP][FAILED] - return x: null

04-12-2024T07:30:40 - [TEST_STEP][PASSED] - println(tabR + "/" + tabB): null

04-12-2024T07:30:40 - [TEST_STEP][FAILED] - if (verifyEqual(PercFactR, PercFactB) == false): null

04-12-2024T07:30:40 - [MESSAGE][FAILED] - Unable to verify equal between actual object 'нет данных' and expected object '5.76' (Root cause: com.kms.katalon.core.exception.StepFailedException: Actual object 'нет данных' and expected object '5.76' are not equal
	at com.kms.katalon.core.keyword.builtin.VerifyEqualKeyword$_verifyEqual_closure1.doCall(VerifyEqualKeyword.groovy:58)
	at com.kms.katalon.core.keyword.builtin.VerifyEqualKeyword$_verifyEqual_closure1.call(VerifyEqualKeyword.groovy)
	at com.kms.katalon.core.keyword.internal.KeywordMain.runKeyword(KeywordMain.groovy:75)
	at com.kms.katalon.core.keyword.builtin.VerifyEqualKeyword.verifyEqual(VerifyEqualKeyword.groovy:63)
	at com.kms.katalon.core.keyword.builtin.VerifyEqualKeyword.execute(VerifyEqualKeyword.groovy:44)
	at com.kms.katalon.core.keyword.internal.KeywordExecutor.executeKeywordForPlatform(KeywordExecutor.groovy:74)
	at com.kms.katalon.core.keyword.BuiltinKeywords.verifyEqual(BuiltinKeywords.groovy:146)
	at jdk.internal.reflect.GeneratedMethodAccessor25.invoke(Unknown Source)
	at java.base/jdk.internal.reflect.DelegatingMethodAccessorImpl.invoke(DelegatingMethodAccessorImpl.java:43)
	at Выполнение бизнес-плана сверка дашбордов.CompareDZOData(Выполнение бизнес-плана сверка дашбордов:758)
	at Выполнение бизнес-плана сверка дашбордов.run(Выполнение бизнес-плана сверка дашбордов:643)
	at com.kms.katalon.core.main.ScriptEngine.run(ScriptEngine.java:194)
	at com.kms.katalon.core.main.ScriptEngine.runScriptAsRawText(ScriptEngine.java:119)
	at com.kms.katalon.core.main.TestCaseExecutor.runScript(TestCaseExecutor.java:448)
	at com.kms.katalon.core.main.TestCaseExecutor.doExecute(TestCaseExecutor.java:439)
	at com.kms.katalon.core.main.TestCaseExecutor.processExecutionPhase(TestCaseExecutor.java:418)
	at com.kms.katalon.core.main.TestCaseExecutor.accessMainPhase(TestCaseExecutor.java:410)
	at com.kms.katalon.core.main.TestCaseExecutor.execute(TestCaseExecutor.java:285)
	at com.kms.katalon.core.common.CommonExecutor.accessTestCaseMainPhase(CommonExecutor.java:65)
	at com.kms.katalon.core.main.TestSuiteExecutor.accessTestSuiteMainPhase(TestSuiteExecutor.java:150)
	at com.kms.katalon.core.main.TestSuiteExecutor.execute(TestSuiteExecutor.java:106)
	at com.kms.katalon.core.main.TestCaseMain.startTestSuite(TestCaseMain.java:180)
	at TempTestSuite1733285972582.run(TempTestSuite1733285972582.groovy:35)
	at java.base/jdk.internal.reflect.NativeMethodAccessorImpl.invoke0(Native Method)
	at java.base/jdk.internal.reflect.NativeMethodAccessorImpl.invoke(NativeMethodAccessorImpl.java:77)
	at java.base/jdk.internal.reflect.DelegatingMethodAccessorImpl.invoke(DelegatingMethodAccessorImpl.java:43)
)

04-12-2024T07:30:40 - [TEST_STEP][PASSED] - result = WriteToExcel(typeOfData, todaysDate, PercPlanR, PercPlanB, PercFactR, PercFactB, x, tabR, tabB, o1R, o1B, vidget): null

04-12-2024T07:30:40 - [TEST_STEP][PASSED] - iii = dZO.indexOf("/"): null

04-12-2024T07:30:40 - [TEST_STEP][PASSED] - println(iii): null

04-12-2024T07:30:40 - [TEST_STEP][PASSED] - dZO = dZO.substring(0, iii): null

04-12-2024T07:30:40 - [TEST_STEP][PASSED] - println(dZO): null

04-12-2024T07:30:40 - [TEST_STEP][PASSED] - println(PercPlanR): null

04-12-2024T07:30:40 - [TEST_STEP][PASSED] - println(PercPlanB): null

04-12-2024T07:30:40 - [TEST_STEP][PASSED] - println(PercFactR): null

04-12-2024T07:30:40 - [TEST_STEP][PASSED] - println(PercFactB): null

04-12-2024T07:30:40 - [TEST_STEP][PASSED] - println(tabR): null

04-12-2024T07:30:40 - [TEST_STEP][PASSED] - println(tabB): null

04-12-2024T07:30:40 - [TEST_STEP][PASSED] - println(o1R): null

04-12-2024T07:30:40 - [TEST_STEP][PASSED] - println(o1B): null

04-12-2024T07:30:40 - [TEST_STEP][PASSED] - PR = <not implemented yet for class: org.codehaus.groovy.ast.expr.EmptyExpression>: null

04-12-2024T07:30:40 - [TEST_STEP][PASSED] - FR = <not implemented yet for class: org.codehaus.groovy.ast.expr.EmptyExpression>: null

04-12-2024T07:30:40 - [TEST_STEP][PASSED] - PB = <not implemented yet for class: org.codehaus.groovy.ast.expr.EmptyExpression>: null

04-12-2024T07:30:40 - [TEST_STEP][PASSED] - FB = <not implemented yet for class: org.codehaus.groovy.ast.expr.EmptyExpression>: null

04-12-2024T07:30:40 - [TEST_STEP][PASSED] - TR = <not implemented yet for class: org.codehaus.groovy.ast.expr.EmptyExpression>: null

04-12-2024T07:30:40 - [TEST_STEP][PASSED] - TB = <not implemented yet for class: org.codehaus.groovy.ast.expr.EmptyExpression>: null

04-12-2024T07:30:40 - [TEST_STEP][PASSED] - sheetName = "Sheet1": null

04-12-2024T07:30:40 - [TEST_STEP][PASSED] - data = findTestData("PlanFact"): null

04-12-2024T07:30:40 - [TEST_STEP][PASSED] - n = data.getRowNumbers() + 1: null

04-12-2024T07:30:40 - [TEST_STEP][PASSED] - year = todaysDate.substring(todaysDate.length() - 4, todaysDate.length()): null

04-12-2024T07:30:40 - [TEST_STEP][PASSED] - y = year.toInteger(): null

04-12-2024T07:30:40 - [TEST_STEP][PASSED] - m = getText(findTestObject("Выполнение бизнес-плана/Выполнение бизнес-плана Балансы/Фильтр Дата")): Text of object 'Object Repository/Выполнение бизнес-плана/Выполнение бизнес-плана Балансы/Фильтр Дата' is: '1, 2, 3 кв., Октябрь 2024 года'

04-12-2024T07:30:40 - [MESSAGE][PASSED] - Text of object 'Object Repository/Выполнение бизнес-плана/Выполнение бизнес-плана Балансы/Фильтр Дата' is: '1, 2, 3 кв., Октябрь 2024 года'

04-12-2024T07:30:40 - [TEST_STEP][PASSED] - m = m.substring(0, m.indexOf("2024")): null

04-12-2024T07:30:40 - [TEST_STEP][PASSED] - m = m.trim(): null

04-12-2024T07:30:40 - [TEST_STEP][PASSED] - dashboardName = "Выполнение бизнес-плана": null

04-12-2024T07:30:40 - [TEST_STEP][PASSED] - workbook01 = getWorkbook(excelFilePath): null

04-12-2024T07:30:40 - [TEST_STEP][PASSED] - sheet01 = getExcelSheet(workbook01, sheetName): null

04-12-2024T07:30:40 - [TEST_STEP][PASSED] - setValueToCellByIndex(sheet01, n, 0, dashboardName): null

04-12-2024T07:30:40 - [TEST_STEP][PASSED] - setValueToCellByIndex(sheet01, n, 1, dZO): null

04-12-2024T07:30:40 - [TEST_STEP][PASSED] - setValueToCellByIndex(sheet01, n, 2, typeOfData): null

04-12-2024T07:30:40 - [TEST_STEP][PASSED] - setValueToCellByIndex(sheet01, n, 3, typeOfData): null

04-12-2024T07:30:40 - [TEST_STEP][PASSED] - if (typeOfData == "План"): null

04-12-2024T07:30:40 - [TEST_STEP][PASSED] - else if (typeOfData == "Факт"): null

04-12-2024T07:30:40 - [TEST_STEP][PASSED] - else if (vidget.contains("электроэнергии") == true): null

04-12-2024T07:30:40 - [TEST_STEP][PASSED] - if (tabR == null): null

04-12-2024T07:30:40 - [TEST_STEP][PASSED] - else: null

04-12-2024T07:30:40 - [TEST_STEP][PASSED] - if (tabR == "нет данных"): null

04-12-2024T07:30:40 - [TEST_STEP][PASSED] - setValueToCellByIndex(sheet01, n, 4, "нет данных"): null

04-12-2024T07:30:40 - [TEST_STEP][PASSED] - if (tabB == null): null

04-12-2024T07:30:40 - [TEST_STEP][PASSED] - else: null

04-12-2024T07:30:40 - [TEST_STEP][PASSED] - if (tabB == "нет данных"): null

04-12-2024T07:30:40 - [TEST_STEP][PASSED] - else: null

04-12-2024T07:30:40 - [TEST_STEP][PASSED] - TB = tabB.toInteger(): null

04-12-2024T07:30:40 - [TEST_STEP][PASSED] - setValueToCellByIndex(sheet01, n, 5, TB): null

04-12-2024T07:30:40 - [TEST_STEP][PASSED] - setValueToCellByIndex(sheet01, n, 6, m): null

04-12-2024T07:30:40 - [TEST_STEP][PASSED] - setValueToCellByIndex(sheet01, n, 7, y): null

04-12-2024T07:30:40 - [TEST_STEP][PASSED] - setValueToCellByIndex(sheet01, n, 8, todaysDate): null

04-12-2024T07:30:40 - [TEST_STEP][PASSED] - n = n + 1: null

04-12-2024T07:30:40 - [TEST_STEP][PASSED] - saveWorkbook(excelFilePath, workbook01): null

04-12-2024T07:30:41 - [TEST_STEP][PASSED] - typeOfData = "План Потери": null

04-12-2024T07:30:41 - [TEST_STEP][PASSED] - tabR = GetPPlanR(x = a): null

04-12-2024T07:30:41 - [TEST_STEP][PASSED] - i1 = <not implemented yet for class: org.codehaus.groovy.ast.expr.EmptyExpression>: null

04-12-2024T07:30:41 - [TEST_STEP][PASSED] - ii = <not implemented yet for class: org.codehaus.groovy.ast.expr.EmptyExpression>: null

04-12-2024T07:30:41 - [TEST_STEP][PASSED] - for ([ii = 1, ii < 9, (ii++)]): null

04-12-2024T07:30:41 - [TEST_STEP][PASSED] - i1 = x.indexOf("/") + 1: null

04-12-2024T07:30:41 - [TEST_STEP][PASSED] - if (i1 > -1): null

04-12-2024T07:30:41 - [TEST_STEP][PASSED] - x = x.substring(i1, x.length()): null

04-12-2024T07:30:41 - [TEST_STEP][PASSED] - println(x): null

04-12-2024T07:30:41 - [TEST_STEP][PASSED] - i1 = x.indexOf("/") + 1: null

04-12-2024T07:30:41 - [TEST_STEP][PASSED] - if (i1 > -1): null

04-12-2024T07:30:41 - [TEST_STEP][PASSED] - x = x.substring(i1, x.length()): null

04-12-2024T07:30:41 - [TEST_STEP][PASSED] - println(x): null

04-12-2024T07:30:41 - [TEST_STEP][PASSED] - i1 = x.indexOf("/") + 1: null

04-12-2024T07:30:41 - [TEST_STEP][PASSED] - if (i1 > -1): null

04-12-2024T07:30:41 - [TEST_STEP][PASSED] - x = x.substring(i1, x.length()): null

04-12-2024T07:30:41 - [TEST_STEP][PASSED] - println(x): null

04-12-2024T07:30:41 - [TEST_STEP][PASSED] - i1 = x.indexOf("/") + 1: null

04-12-2024T07:30:41 - [TEST_STEP][PASSED] - if (i1 > -1): null

04-12-2024T07:30:41 - [TEST_STEP][PASSED] - x = x.substring(i1, x.length()): null

04-12-2024T07:30:41 - [TEST_STEP][PASSED] - println(x): null

04-12-2024T07:30:41 - [TEST_STEP][PASSED] - i1 = x.indexOf("/") + 1: null

04-12-2024T07:30:41 - [TEST_STEP][PASSED] - if (i1 > -1): null

04-12-2024T07:30:41 - [TEST_STEP][PASSED] - x = x.substring(i1, x.length()): null

04-12-2024T07:30:41 - [TEST_STEP][PASSED] - println(x): null

04-12-2024T07:30:41 - [TEST_STEP][PASSED] - i1 = x.indexOf("/") + 1: null

04-12-2024T07:30:41 - [TEST_STEP][PASSED] - if (i1 > -1): null

04-12-2024T07:30:41 - [TEST_STEP][PASSED] - x = x.substring(i1, x.length()): null

04-12-2024T07:30:41 - [TEST_STEP][PASSED] - println(x): null

04-12-2024T07:30:41 - [TEST_STEP][PASSED] - i1 = x.indexOf("/") + 1: null

04-12-2024T07:30:41 - [TEST_STEP][PASSED] - if (i1 > -1): null

04-12-2024T07:30:41 - [TEST_STEP][PASSED] - x = x.substring(i1, x.length()): null

04-12-2024T07:30:41 - [TEST_STEP][PASSED] - println(x): null

04-12-2024T07:30:41 - [TEST_STEP][PASSED] - i1 = x.indexOf("/") + 1: null

04-12-2024T07:30:41 - [TEST_STEP][PASSED] - if (i1 > -1): null

04-12-2024T07:30:41 - [TEST_STEP][PASSED] - x = x.substring(i1, x.length()): null

04-12-2024T07:30:41 - [TEST_STEP][PASSED] - println(x): null

04-12-2024T07:30:41 - [TEST_STEP][PASSED] - i1 = x.indexOf("/"): null

04-12-2024T07:30:41 - [TEST_STEP][PASSED] - if (i1 > -1): null

04-12-2024T07:30:41 - [TEST_STEP][PASSED] - x = x.substring(0, i1): null

04-12-2024T07:30:41 - [TEST_STEP][PASSED] - println(x): null

04-12-2024T07:30:41 - [TEST_STEP][PASSED] - return x: null

04-12-2024T07:30:41 - [TEST_STEP][PASSED] - tabB = GetPPlanB(x = b): null

04-12-2024T07:30:41 - [TEST_STEP][PASSED] - i1 = <not implemented yet for class: org.codehaus.groovy.ast.expr.EmptyExpression>: null

04-12-2024T07:30:41 - [TEST_STEP][PASSED] - ii = <not implemented yet for class: org.codehaus.groovy.ast.expr.EmptyExpression>: null

04-12-2024T07:30:41 - [TEST_STEP][PASSED] - for ([ii = 1, ii < 9, (ii++)]): null

04-12-2024T07:30:41 - [TEST_STEP][PASSED] - i1 = x.indexOf("/") + 1: null

04-12-2024T07:30:41 - [TEST_STEP][PASSED] - if (i1 > -1): null

04-12-2024T07:30:41 - [TEST_STEP][PASSED] - x = x.substring(i1, x.length()): null

04-12-2024T07:30:41 - [TEST_STEP][PASSED] - println(x): null

04-12-2024T07:30:41 - [TEST_STEP][PASSED] - i1 = x.indexOf("/") + 1: null

04-12-2024T07:30:41 - [TEST_STEP][PASSED] - if (i1 > -1): null

04-12-2024T07:30:41 - [TEST_STEP][PASSED] - x = x.substring(i1, x.length()): null

04-12-2024T07:30:41 - [TEST_STEP][PASSED] - println(x): null

04-12-2024T07:30:41 - [TEST_STEP][PASSED] - i1 = x.indexOf("/") + 1: null

04-12-2024T07:30:41 - [TEST_STEP][PASSED] - if (i1 > -1): null

04-12-2024T07:30:41 - [TEST_STEP][PASSED] - x = x.substring(i1, x.length()): null

04-12-2024T07:30:41 - [TEST_STEP][PASSED] - println(x): null

04-12-2024T07:30:41 - [TEST_STEP][PASSED] - i1 = x.indexOf("/") + 1: null

04-12-2024T07:30:41 - [TEST_STEP][PASSED] - if (i1 > -1): null

04-12-2024T07:30:41 - [TEST_STEP][PASSED] - x = x.substring(i1, x.length()): null

04-12-2024T07:30:41 - [TEST_STEP][PASSED] - println(x): null

04-12-2024T07:30:41 - [TEST_STEP][PASSED] - i1 = x.indexOf("/") + 1: null

04-12-2024T07:30:41 - [TEST_STEP][PASSED] - if (i1 > -1): null

04-12-2024T07:30:41 - [TEST_STEP][PASSED] - x = x.substring(i1, x.length()): null

04-12-2024T07:30:41 - [TEST_STEP][PASSED] - println(x): null

04-12-2024T07:30:41 - [TEST_STEP][PASSED] - i1 = x.indexOf("/") + 1: null

04-12-2024T07:30:41 - [TEST_STEP][PASSED] - if (i1 > -1): null

04-12-2024T07:30:41 - [TEST_STEP][PASSED] - x = x.substring(i1, x.length()): null

04-12-2024T07:30:41 - [TEST_STEP][PASSED] - println(x): null

04-12-2024T07:30:41 - [TEST_STEP][PASSED] - i1 = x.indexOf("/") + 1: null

04-12-2024T07:30:41 - [TEST_STEP][PASSED] - if (i1 > -1): null

04-12-2024T07:30:41 - [TEST_STEP][PASSED] - x = x.substring(i1, x.length()): null

04-12-2024T07:30:41 - [TEST_STEP][PASSED] - println(x): null

04-12-2024T07:30:41 - [TEST_STEP][PASSED] - i1 = x.indexOf("/") + 1: null

04-12-2024T07:30:41 - [TEST_STEP][PASSED] - if (i1 > -1): null

04-12-2024T07:30:41 - [TEST_STEP][PASSED] - x = x.substring(i1, x.length()): null

04-12-2024T07:30:41 - [TEST_STEP][PASSED] - println(x): null

04-12-2024T07:30:41 - [TEST_STEP][PASSED] - i1 = x.indexOf("/"): null

04-12-2024T07:30:41 - [TEST_STEP][PASSED] - if (i1 > -1): null

04-12-2024T07:30:41 - [TEST_STEP][PASSED] - x = x.substring(0, i1): null

04-12-2024T07:30:41 - [TEST_STEP][PASSED] - println(x): null

04-12-2024T07:30:41 - [TEST_STEP][FAILED] - return x: null

04-12-2024T07:30:41 - [TEST_STEP][PASSED] - println(tabR + "/" + tabB): null

04-12-2024T07:30:41 - [TEST_STEP][FAILED] - if (verifyEqual(PercFactR, PercFactB) == false): null

04-12-2024T07:30:41 - [MESSAGE][FAILED] - Unable to verify equal between actual object 'нет данных' and expected object '5.76' (Root cause: com.kms.katalon.core.exception.StepFailedException: Actual object 'нет данных' and expected object '5.76' are not equal
	at com.kms.katalon.core.keyword.builtin.VerifyEqualKeyword$_verifyEqual_closure1.doCall(VerifyEqualKeyword.groovy:58)
	at com.kms.katalon.core.keyword.builtin.VerifyEqualKeyword$_verifyEqual_closure1.call(VerifyEqualKeyword.groovy)
	at com.kms.katalon.core.keyword.internal.KeywordMain.runKeyword(KeywordMain.groovy:75)
	at com.kms.katalon.core.keyword.builtin.VerifyEqualKeyword.verifyEqual(VerifyEqualKeyword.groovy:63)
	at com.kms.katalon.core.keyword.builtin.VerifyEqualKeyword.execute(VerifyEqualKeyword.groovy:44)
	at com.kms.katalon.core.keyword.internal.KeywordExecutor.executeKeywordForPlatform(KeywordExecutor.groovy:74)
	at com.kms.katalon.core.keyword.BuiltinKeywords.verifyEqual(BuiltinKeywords.groovy:146)
	at jdk.internal.reflect.GeneratedMethodAccessor25.invoke(Unknown Source)
	at java.base/jdk.internal.reflect.DelegatingMethodAccessorImpl.invoke(DelegatingMethodAccessorImpl.java:43)
	at Выполнение бизнес-плана сверка дашбордов.CompareDZOData(Выполнение бизнес-плана сверка дашбордов:771)
	at Выполнение бизнес-плана сверка дашбордов.run(Выполнение бизнес-плана сверка дашбордов:643)
	at com.kms.katalon.core.main.ScriptEngine.run(ScriptEngine.java:194)
	at com.kms.katalon.core.main.ScriptEngine.runScriptAsRawText(ScriptEngine.java:119)
	at com.kms.katalon.core.main.TestCaseExecutor.runScript(TestCaseExecutor.java:448)
	at com.kms.katalon.core.main.TestCaseExecutor.doExecute(TestCaseExecutor.java:439)
	at com.kms.katalon.core.main.TestCaseExecutor.processExecutionPhase(TestCaseExecutor.java:418)
	at com.kms.katalon.core.main.TestCaseExecutor.accessMainPhase(TestCaseExecutor.java:410)
	at com.kms.katalon.core.main.TestCaseExecutor.execute(TestCaseExecutor.java:285)
	at com.kms.katalon.core.common.CommonExecutor.accessTestCaseMainPhase(CommonExecutor.java:65)
	at com.kms.katalon.core.main.TestSuiteExecutor.accessTestSuiteMainPhase(TestSuiteExecutor.java:150)
	at com.kms.katalon.core.main.TestSuiteExecutor.execute(TestSuiteExecutor.java:106)
	at com.kms.katalon.core.main.TestCaseMain.startTestSuite(TestCaseMain.java:180)
	at TempTestSuite1733285972582.run(TempTestSuite1733285972582.groovy:35)
	at java.base/jdk.internal.reflect.NativeMethodAccessorImpl.invoke0(Native Method)
	at java.base/jdk.internal.reflect.NativeMethodAccessorImpl.invoke(NativeMethodAccessorImpl.java:77)
	at java.base/jdk.internal.reflect.DelegatingMethodAccessorImpl.invoke(DelegatingMethodAccessorImpl.java:43)
)

04-12-2024T07:30:41 - [TEST_STEP][PASSED] - result = WriteToExcel(typeOfData, todaysDate, PercPlanR, PercPlanB, PercFactR, PercFactB, x, tabR, tabB, o1R, o1B, vidget): null

04-12-2024T07:30:41 - [TEST_STEP][PASSED] - iii = dZO.indexOf("/"): null

04-12-2024T07:30:41 - [TEST_STEP][PASSED] - println(iii): null

04-12-2024T07:30:41 - [TEST_STEP][PASSED] - dZO = dZO.substring(0, iii): null

04-12-2024T07:30:41 - [TEST_STEP][PASSED] - println(dZO): null

04-12-2024T07:30:41 - [TEST_STEP][PASSED] - println(PercPlanR): null

04-12-2024T07:30:41 - [TEST_STEP][PASSED] - println(PercPlanB): null

04-12-2024T07:30:41 - [TEST_STEP][PASSED] - println(PercFactR): null

04-12-2024T07:30:41 - [TEST_STEP][PASSED] - println(PercFactB): null

04-12-2024T07:30:41 - [TEST_STEP][PASSED] - println(tabR): null

04-12-2024T07:30:41 - [TEST_STEP][PASSED] - println(tabB): null

04-12-2024T07:30:41 - [TEST_STEP][PASSED] - println(o1R): null

04-12-2024T07:30:41 - [TEST_STEP][PASSED] - println(o1B): null

04-12-2024T07:30:41 - [TEST_STEP][PASSED] - PR = <not implemented yet for class: org.codehaus.groovy.ast.expr.EmptyExpression>: null

04-12-2024T07:30:41 - [TEST_STEP][PASSED] - FR = <not implemented yet for class: org.codehaus.groovy.ast.expr.EmptyExpression>: null

04-12-2024T07:30:41 - [TEST_STEP][PASSED] - PB = <not implemented yet for class: org.codehaus.groovy.ast.expr.EmptyExpression>: null

04-12-2024T07:30:41 - [TEST_STEP][PASSED] - FB = <not implemented yet for class: org.codehaus.groovy.ast.expr.EmptyExpression>: null

04-12-2024T07:30:41 - [TEST_STEP][PASSED] - TR = <not implemented yet for class: org.codehaus.groovy.ast.expr.EmptyExpression>: null

04-12-2024T07:30:41 - [TEST_STEP][PASSED] - TB = <not implemented yet for class: org.codehaus.groovy.ast.expr.EmptyExpression>: null

04-12-2024T07:30:41 - [TEST_STEP][PASSED] - sheetName = "Sheet1": null

04-12-2024T07:30:41 - [TEST_STEP][PASSED] - data = findTestData("PlanFact"): null

04-12-2024T07:30:41 - [TEST_STEP][PASSED] - n = data.getRowNumbers() + 1: null

04-12-2024T07:30:41 - [TEST_STEP][PASSED] - year = todaysDate.substring(todaysDate.length() - 4, todaysDate.length()): null

04-12-2024T07:30:41 - [TEST_STEP][PASSED] - y = year.toInteger(): null

04-12-2024T07:30:41 - [TEST_STEP][PASSED] - m = getText(findTestObject("Выполнение бизнес-плана/Выполнение бизнес-плана Балансы/Фильтр Дата")): Text of object 'Object Repository/Выполнение бизнес-плана/Выполнение бизнес-плана Балансы/Фильтр Дата' is: '1, 2, 3 кв., Октябрь 2024 года'

04-12-2024T07:30:41 - [MESSAGE][PASSED] - Text of object 'Object Repository/Выполнение бизнес-плана/Выполнение бизнес-плана Балансы/Фильтр Дата' is: '1, 2, 3 кв., Октябрь 2024 года'

04-12-2024T07:30:41 - [TEST_STEP][PASSED] - m = m.substring(0, m.indexOf("2024")): null

04-12-2024T07:30:41 - [TEST_STEP][PASSED] - m = m.trim(): null

04-12-2024T07:30:41 - [TEST_STEP][PASSED] - dashboardName = "Выполнение бизнес-плана": null

04-12-2024T07:30:41 - [TEST_STEP][PASSED] - workbook01 = getWorkbook(excelFilePath): null

04-12-2024T07:30:41 - [TEST_STEP][PASSED] - sheet01 = getExcelSheet(workbook01, sheetName): null

04-12-2024T07:30:41 - [TEST_STEP][PASSED] - setValueToCellByIndex(sheet01, n, 0, dashboardName): null

04-12-2024T07:30:41 - [TEST_STEP][PASSED] - setValueToCellByIndex(sheet01, n, 1, dZO): null

04-12-2024T07:30:41 - [TEST_STEP][PASSED] - setValueToCellByIndex(sheet01, n, 2, typeOfData): null

04-12-2024T07:30:41 - [TEST_STEP][PASSED] - setValueToCellByIndex(sheet01, n, 3, typeOfData): null

04-12-2024T07:30:41 - [TEST_STEP][PASSED] - if (typeOfData == "План"): null

04-12-2024T07:30:41 - [TEST_STEP][PASSED] - else if (typeOfData == "Факт"): null

04-12-2024T07:30:41 - [TEST_STEP][PASSED] - else if (vidget.contains("электроэнергии") == true): null

04-12-2024T07:30:41 - [TEST_STEP][PASSED] - if (tabR == null): null

04-12-2024T07:30:41 - [TEST_STEP][PASSED] - else: null

04-12-2024T07:30:41 - [TEST_STEP][PASSED] - if (tabR == "нет данных"): null

04-12-2024T07:30:41 - [TEST_STEP][PASSED] - setValueToCellByIndex(sheet01, n, 4, "нет данных"): null

04-12-2024T07:30:41 - [TEST_STEP][PASSED] - if (tabB == null): null

04-12-2024T07:30:41 - [TEST_STEP][PASSED] - else: null

04-12-2024T07:30:41 - [TEST_STEP][PASSED] - if (tabB == "нет данных"): null

04-12-2024T07:30:41 - [TEST_STEP][PASSED] - else: null

04-12-2024T07:30:41 - [TEST_STEP][PASSED] - TB = tabB.toInteger(): null

04-12-2024T07:30:41 - [TEST_STEP][PASSED] - setValueToCellByIndex(sheet01, n, 5, TB): null

04-12-2024T07:30:41 - [TEST_STEP][PASSED] - setValueToCellByIndex(sheet01, n, 6, m): null

04-12-2024T07:30:41 - [TEST_STEP][PASSED] - setValueToCellByIndex(sheet01, n, 7, y): null

04-12-2024T07:30:41 - [TEST_STEP][PASSED] - setValueToCellByIndex(sheet01, n, 8, todaysDate): null

04-12-2024T07:30:41 - [TEST_STEP][PASSED] - n = n + 1: null

04-12-2024T07:30:41 - [TEST_STEP][PASSED] - saveWorkbook(excelFilePath, workbook01): null

04-12-2024T07:30:41 - [TEST_STEP][PASSED] - ii2 = a.indexOf("ПАО"): null

04-12-2024T07:30:41 - [TEST_STEP][PASSED] - if (ii2 == -1): null

04-12-2024T07:30:41 - [TEST_STEP][PASSED] - vidget = "Отклонения фактического уровня потерь от бизнес-плана": null

04-12-2024T07:30:41 - [TEST_STEP][PASSED] - typeOfData = "Коэффициент": null

04-12-2024T07:30:41 - [TEST_STEP][PASSED] - o1R = Geto1R(x = a): null

04-12-2024T07:30:41 - [TEST_STEP][PASSED] - i1 = <not implemented yet for class: org.codehaus.groovy.ast.expr.EmptyExpression>: null

04-12-2024T07:30:41 - [TEST_STEP][PASSED] - ii = <not implemented yet for class: org.codehaus.groovy.ast.expr.EmptyExpression>: null

04-12-2024T07:30:41 - [TEST_STEP][PASSED] - for ([ii = 1, ii < 10, (ii++)]): null

04-12-2024T07:30:41 - [TEST_STEP][PASSED] - i1 = x.indexOf("/") + 1: null

04-12-2024T07:30:41 - [TEST_STEP][PASSED] - if (i1 > -1): null

04-12-2024T07:30:41 - [TEST_STEP][PASSED] - x = x.substring(i1, x.length()): null

04-12-2024T07:30:41 - [TEST_STEP][PASSED] - i1 = x.indexOf("/") + 1: null

04-12-2024T07:30:41 - [TEST_STEP][PASSED] - if (i1 > -1): null

04-12-2024T07:30:41 - [TEST_STEP][PASSED] - x = x.substring(i1, x.length()): null

04-12-2024T07:30:41 - [TEST_STEP][PASSED] - i1 = x.indexOf("/") + 1: null

04-12-2024T07:30:41 - [TEST_STEP][PASSED] - if (i1 > -1): null

04-12-2024T07:30:41 - [TEST_STEP][PASSED] - x = x.substring(i1, x.length()): null

04-12-2024T07:30:41 - [TEST_STEP][PASSED] - i1 = x.indexOf("/") + 1: null

04-12-2024T07:30:41 - [TEST_STEP][PASSED] - if (i1 > -1): null

04-12-2024T07:30:41 - [TEST_STEP][PASSED] - x = x.substring(i1, x.length()): null

04-12-2024T07:30:41 - [TEST_STEP][PASSED] - i1 = x.indexOf("/") + 1: null

04-12-2024T07:30:41 - [TEST_STEP][PASSED] - if (i1 > -1): null

04-12-2024T07:30:41 - [TEST_STEP][PASSED] - x = x.substring(i1, x.length()): null

04-12-2024T07:30:41 - [TEST_STEP][PASSED] - i1 = x.indexOf("/") + 1: null

04-12-2024T07:30:41 - [TEST_STEP][PASSED] - if (i1 > -1): null

04-12-2024T07:30:41 - [TEST_STEP][PASSED] - x = x.substring(i1, x.length()): null

04-12-2024T07:30:41 - [TEST_STEP][PASSED] - i1 = x.indexOf("/") + 1: null

04-12-2024T07:30:41 - [TEST_STEP][PASSED] - if (i1 > -1): null

04-12-2024T07:30:41 - [TEST_STEP][PASSED] - x = x.substring(i1, x.length()): null

04-12-2024T07:30:41 - [TEST_STEP][PASSED] - i1 = x.indexOf("/") + 1: null

04-12-2024T07:30:41 - [TEST_STEP][PASSED] - if (i1 > -1): null

04-12-2024T07:30:41 - [TEST_STEP][PASSED] - x = x.substring(i1, x.length()): null

04-12-2024T07:30:41 - [TEST_STEP][PASSED] - i1 = x.indexOf("/") + 1: null

04-12-2024T07:30:41 - [TEST_STEP][PASSED] - if (i1 > -1): null

04-12-2024T07:30:41 - [TEST_STEP][PASSED] - x = x.substring(i1, x.length()): null

04-12-2024T07:30:41 - [TEST_STEP][PASSED] - i1 = x.indexOf("/"): null

04-12-2024T07:30:41 - [TEST_STEP][PASSED] - if (i1 > -1): null

04-12-2024T07:30:41 - [TEST_STEP][PASSED] - println(x): null

04-12-2024T07:30:41 - [TEST_STEP][PASSED] - return x: null

04-12-2024T07:30:41 - [TEST_STEP][PASSED] - o1B = Geto1B(x = b): null

04-12-2024T07:30:41 - [TEST_STEP][PASSED] - i1 = <not implemented yet for class: org.codehaus.groovy.ast.expr.EmptyExpression>: null

04-12-2024T07:30:41 - [TEST_STEP][PASSED] - ii = <not implemented yet for class: org.codehaus.groovy.ast.expr.EmptyExpression>: null

04-12-2024T07:30:41 - [TEST_STEP][PASSED] - for ([ii = 1, ii < 10, (ii++)]): null

04-12-2024T07:30:41 - [TEST_STEP][PASSED] - i1 = x.indexOf("/") + 1: null

04-12-2024T07:30:41 - [TEST_STEP][PASSED] - if (i1 > -1): null

04-12-2024T07:30:41 - [TEST_STEP][PASSED] - x = x.substring(i1, x.length()): null

04-12-2024T07:30:41 - [TEST_STEP][PASSED] - i1 = x.indexOf("/") + 1: null

04-12-2024T07:30:41 - [TEST_STEP][PASSED] - if (i1 > -1): null

04-12-2024T07:30:41 - [TEST_STEP][PASSED] - x = x.substring(i1, x.length()): null

04-12-2024T07:30:41 - [TEST_STEP][PASSED] - i1 = x.indexOf("/") + 1: null

04-12-2024T07:30:41 - [TEST_STEP][PASSED] - if (i1 > -1): null

04-12-2024T07:30:41 - [TEST_STEP][PASSED] - x = x.substring(i1, x.length()): null

04-12-2024T07:30:41 - [TEST_STEP][PASSED] - i1 = x.indexOf("/") + 1: null

04-12-2024T07:30:41 - [TEST_STEP][PASSED] - if (i1 > -1): null

04-12-2024T07:30:41 - [TEST_STEP][PASSED] - x = x.substring(i1, x.length()): null

04-12-2024T07:30:41 - [TEST_STEP][PASSED] - i1 = x.indexOf("/") + 1: null

04-12-2024T07:30:41 - [TEST_STEP][PASSED] - if (i1 > -1): null

04-12-2024T07:30:41 - [TEST_STEP][PASSED] - x = x.substring(i1, x.length()): null

04-12-2024T07:30:41 - [TEST_STEP][PASSED] - i1 = x.indexOf("/") + 1: null

04-12-2024T07:30:41 - [TEST_STEP][PASSED] - if (i1 > -1): null

04-12-2024T07:30:41 - [TEST_STEP][PASSED] - x = x.substring(i1, x.length()): null

04-12-2024T07:30:41 - [TEST_STEP][PASSED] - i1 = x.indexOf("/") + 1: null

04-12-2024T07:30:41 - [TEST_STEP][PASSED] - if (i1 > -1): null

04-12-2024T07:30:41 - [TEST_STEP][PASSED] - x = x.substring(i1, x.length()): null

04-12-2024T07:30:41 - [TEST_STEP][PASSED] - i1 = x.indexOf("/") + 1: null

04-12-2024T07:30:41 - [TEST_STEP][PASSED] - if (i1 > -1): null

04-12-2024T07:30:41 - [TEST_STEP][PASSED] - x = x.substring(i1, x.length()): null

04-12-2024T07:30:41 - [TEST_STEP][PASSED] - i1 = x.indexOf("/") + 1: null

04-12-2024T07:30:41 - [TEST_STEP][PASSED] - if (i1 > -1): null

04-12-2024T07:30:41 - [TEST_STEP][PASSED] - x = x.substring(i1, x.length()): null

04-12-2024T07:30:41 - [TEST_STEP][PASSED] - i1 = x.indexOf("/"): null

04-12-2024T07:30:41 - [TEST_STEP][PASSED] - if (i1 > -1): null

04-12-2024T07:30:41 - [TEST_STEP][PASSED] - println(x): null

04-12-2024T07:30:41 - [TEST_STEP][FAILED] - return x: null

04-12-2024T07:30:41 - [TEST_STEP][PASSED] - println(o1R + "/" + o1B): null

04-12-2024T07:30:41 - [TEST_STEP][FAILED] - if (verifyEqual(PercFactR, PercFactB) == false): null

04-12-2024T07:30:41 - [MESSAGE][FAILED] - Unable to verify equal between actual object 'нет данных' and expected object '5.76' (Root cause: com.kms.katalon.core.exception.StepFailedException: Actual object 'нет данных' and expected object '5.76' are not equal
	at com.kms.katalon.core.keyword.builtin.VerifyEqualKeyword$_verifyEqual_closure1.doCall(VerifyEqualKeyword.groovy:58)
	at com.kms.katalon.core.keyword.builtin.VerifyEqualKeyword$_verifyEqual_closure1.call(VerifyEqualKeyword.groovy)
	at com.kms.katalon.core.keyword.internal.KeywordMain.runKeyword(KeywordMain.groovy:75)
	at com.kms.katalon.core.keyword.builtin.VerifyEqualKeyword.verifyEqual(VerifyEqualKeyword.groovy:63)
	at com.kms.katalon.core.keyword.builtin.VerifyEqualKeyword.execute(VerifyEqualKeyword.groovy:44)
	at com.kms.katalon.core.keyword.internal.KeywordExecutor.executeKeywordForPlatform(KeywordExecutor.groovy:74)
	at com.kms.katalon.core.keyword.BuiltinKeywords.verifyEqual(BuiltinKeywords.groovy:146)
	at jdk.internal.reflect.GeneratedMethodAccessor25.invoke(Unknown Source)
	at java.base/jdk.internal.reflect.DelegatingMethodAccessorImpl.invoke(DelegatingMethodAccessorImpl.java:43)
	at Выполнение бизнес-плана сверка дашбордов.CompareDZOData(Выполнение бизнес-плана сверка дашбордов:789)
	at Выполнение бизнес-плана сверка дашбордов.run(Выполнение бизнес-плана сверка дашбордов:643)
	at com.kms.katalon.core.main.ScriptEngine.run(ScriptEngine.java:194)
	at com.kms.katalon.core.main.ScriptEngine.runScriptAsRawText(ScriptEngine.java:119)
	at com.kms.katalon.core.main.TestCaseExecutor.runScript(TestCaseExecutor.java:448)
	at com.kms.katalon.core.main.TestCaseExecutor.doExecute(TestCaseExecutor.java:439)
	at com.kms.katalon.core.main.TestCaseExecutor.processExecutionPhase(TestCaseExecutor.java:418)
	at com.kms.katalon.core.main.TestCaseExecutor.accessMainPhase(TestCaseExecutor.java:410)
	at com.kms.katalon.core.main.TestCaseExecutor.execute(TestCaseExecutor.java:285)
	at com.kms.katalon.core.common.CommonExecutor.accessTestCaseMainPhase(CommonExecutor.java:65)
	at com.kms.katalon.core.main.TestSuiteExecutor.accessTestSuiteMainPhase(TestSuiteExecutor.java:150)
	at com.kms.katalon.core.main.TestSuiteExecutor.execute(TestSuiteExecutor.java:106)
	at com.kms.katalon.core.main.TestCaseMain.startTestSuite(TestCaseMain.java:180)
	at TempTestSuite1733285972582.run(TempTestSuite1733285972582.groovy:35)
	at java.base/jdk.internal.reflect.NativeMethodAccessorImpl.invoke0(Native Method)
	at java.base/jdk.internal.reflect.NativeMethodAccessorImpl.invoke(NativeMethodAccessorImpl.java:77)
	at java.base/jdk.internal.reflect.DelegatingMethodAccessorImpl.invoke(DelegatingMethodAccessorImpl.java:43)
)

04-12-2024T07:30:41 - [TEST_STEP][PASSED] - result = WriteToExcel(typeOfData, todaysDate, PercPlanR, PercPlanB, PercFactR, PercFactB, x, tabR, tabB, o1R, o1B, vidget): null

04-12-2024T07:30:41 - [TEST_STEP][PASSED] - iii = dZO.indexOf("/"): null

04-12-2024T07:30:41 - [TEST_STEP][PASSED] - println(iii): null

04-12-2024T07:30:41 - [TEST_STEP][PASSED] - dZO = dZO.substring(0, iii): null

04-12-2024T07:30:41 - [TEST_STEP][PASSED] - println(dZO): null

04-12-2024T07:30:41 - [TEST_STEP][PASSED] - println(PercPlanR): null

04-12-2024T07:30:41 - [TEST_STEP][PASSED] - println(PercPlanB): null

04-12-2024T07:30:41 - [TEST_STEP][PASSED] - println(PercFactR): null

04-12-2024T07:30:41 - [TEST_STEP][PASSED] - println(PercFactB): null

04-12-2024T07:30:41 - [TEST_STEP][PASSED] - println(tabR): null

04-12-2024T07:30:41 - [TEST_STEP][PASSED] - println(tabB): null

04-12-2024T07:30:41 - [TEST_STEP][PASSED] - println(o1R): null

04-12-2024T07:30:41 - [TEST_STEP][PASSED] - println(o1B): null

04-12-2024T07:30:41 - [TEST_STEP][PASSED] - PR = <not implemented yet for class: org.codehaus.groovy.ast.expr.EmptyExpression>: null

04-12-2024T07:30:41 - [TEST_STEP][PASSED] - FR = <not implemented yet for class: org.codehaus.groovy.ast.expr.EmptyExpression>: null

04-12-2024T07:30:41 - [TEST_STEP][PASSED] - PB = <not implemented yet for class: org.codehaus.groovy.ast.expr.EmptyExpression>: null

04-12-2024T07:30:41 - [TEST_STEP][PASSED] - FB = <not implemented yet for class: org.codehaus.groovy.ast.expr.EmptyExpression>: null

04-12-2024T07:30:41 - [TEST_STEP][PASSED] - TR = <not implemented yet for class: org.codehaus.groovy.ast.expr.EmptyExpression>: null

04-12-2024T07:30:41 - [TEST_STEP][PASSED] - TB = <not implemented yet for class: org.codehaus.groovy.ast.expr.EmptyExpression>: null

04-12-2024T07:30:41 - [TEST_STEP][PASSED] - sheetName = "Sheet1": null

04-12-2024T07:30:41 - [TEST_STEP][PASSED] - data = findTestData("PlanFact"): null

04-12-2024T07:30:41 - [TEST_STEP][PASSED] - n = data.getRowNumbers() + 1: null

04-12-2024T07:30:41 - [TEST_STEP][PASSED] - year = todaysDate.substring(todaysDate.length() - 4, todaysDate.length()): null

04-12-2024T07:30:41 - [TEST_STEP][PASSED] - y = year.toInteger(): null

04-12-2024T07:30:41 - [TEST_STEP][PASSED] - m = getText(findTestObject("Выполнение бизнес-плана/Выполнение бизнес-плана Балансы/Фильтр Дата")): Text of object 'Object Repository/Выполнение бизнес-плана/Выполнение бизнес-плана Балансы/Фильтр Дата' is: '1, 2, 3 кв., Октябрь 2024 года'

04-12-2024T07:30:42 - [MESSAGE][PASSED] - Text of object 'Object Repository/Выполнение бизнес-плана/Выполнение бизнес-плана Балансы/Фильтр Дата' is: '1, 2, 3 кв., Октябрь 2024 года'

04-12-2024T07:30:42 - [TEST_STEP][PASSED] - m = m.substring(0, m.indexOf("2024")): null

04-12-2024T07:30:42 - [TEST_STEP][PASSED] - m = m.trim(): null

04-12-2024T07:30:42 - [TEST_STEP][PASSED] - dashboardName = "Выполнение бизнес-плана": null

04-12-2024T07:30:42 - [TEST_STEP][PASSED] - workbook01 = getWorkbook(excelFilePath): null

04-12-2024T07:30:42 - [TEST_STEP][PASSED] - sheet01 = getExcelSheet(workbook01, sheetName): null

04-12-2024T07:30:42 - [TEST_STEP][PASSED] - setValueToCellByIndex(sheet01, n, 0, dashboardName): null

04-12-2024T07:30:42 - [TEST_STEP][PASSED] - setValueToCellByIndex(sheet01, n, 1, dZO): null

04-12-2024T07:30:42 - [TEST_STEP][PASSED] - setValueToCellByIndex(sheet01, n, 2, typeOfData): null

04-12-2024T07:30:42 - [TEST_STEP][PASSED] - setValueToCellByIndex(sheet01, n, 3, typeOfData): null

04-12-2024T07:30:42 - [TEST_STEP][PASSED] - if (typeOfData == "План"): null

04-12-2024T07:30:42 - [TEST_STEP][PASSED] - else if (typeOfData == "Факт"): null

04-12-2024T07:30:42 - [TEST_STEP][PASSED] - else if (vidget.contains("электроэнергии") == true): null

04-12-2024T07:30:42 - [TEST_STEP][PASSED] - else: null

04-12-2024T07:30:42 - [TEST_STEP][PASSED] - if (o1R == null): null

04-12-2024T07:30:42 - [TEST_STEP][PASSED] - else: null

04-12-2024T07:30:42 - [TEST_STEP][PASSED] - if (o1R == "нет данных"): null

04-12-2024T07:30:42 - [TEST_STEP][PASSED] - setValueToCellByIndex(sheet01, n, 4, "нет данных"): null

04-12-2024T07:30:42 - [TEST_STEP][PASSED] - if (o1B == null): null

04-12-2024T07:30:42 - [TEST_STEP][PASSED] - else: null

04-12-2024T07:30:42 - [TEST_STEP][PASSED] - if (o1B == "нет данных"): null

04-12-2024T07:30:42 - [TEST_STEP][PASSED] - else: null

04-12-2024T07:30:42 - [TEST_STEP][PASSED] - FB = o1B.toDouble(): null

04-12-2024T07:30:42 - [TEST_STEP][PASSED] - setValueToCellByIndex(sheet01, n, 5, FB): null

04-12-2024T07:30:42 - [TEST_STEP][PASSED] - setValueToCellByIndex(sheet01, n, 6, m): null

04-12-2024T07:30:42 - [TEST_STEP][PASSED] - setValueToCellByIndex(sheet01, n, 7, y): null

04-12-2024T07:30:42 - [TEST_STEP][PASSED] - setValueToCellByIndex(sheet01, n, 8, todaysDate): null

04-12-2024T07:30:42 - [TEST_STEP][PASSED] - n = n + 1: null

04-12-2024T07:30:42 - [TEST_STEP][FAILED] - saveWorkbook(excelFilePath, workbook01): null

04-12-2024T07:30:42 - [TEST_STEP][PASSED] - if (verifyEqual(cenR, cenB) == false): Actual object 'Россети Центр (ГК)/10.14/9.64/49425284/44662142/4763141/48037333/43167677/4869656/-0.50' and expected object 'Россети Центр (ГК)/10.14/9.64/49425284/44662142/4763141/48037333/43167677/4869656/-0.50' are equal

04-12-2024T07:30:42 - [MESSAGE][PASSED] - Actual object 'Россети Центр (ГК)/10.14/9.64/49425284/44662142/4763141/48037333/43167677/4869656/-0.50' and expected object 'Россети Центр (ГК)/10.14/9.64/49425284/44662142/4763141/48037333/43167677/4869656/-0.50' are equal

04-12-2024T07:30:42 - [TEST_STEP][FAILED] - if (verifyEqual(cIPR, cIPB) == false): null

04-12-2024T07:30:42 - [MESSAGE][FAILED] - Unable to verify equal between actual object 'Россети Центр и Приволжье (ГК)/7.04/6.77/45596339/42504429/3091910/44041851/40938806/3103045/-0.27' and expected object 'Россети Центр и Приволжье (ГК)/7.04/6.77/45423668/42347790/3075878/44041851/40938806/3103045/-0.27' (Root cause: com.kms.katalon.core.exception.StepFailedException: Actual object 'Россети Центр и Приволжье (ГК)/7.04/6.77/45596339/42504429/3091910/44041851/40938806/3103045/-0.27' and expected object 'Россети Центр и Приволжье (ГК)/7.04/6.77/45423668/42347790/3075878/44041851/40938806/3103045/-0.27' are not equal
	at com.kms.katalon.core.keyword.builtin.VerifyEqualKeyword$_verifyEqual_closure1.doCall(VerifyEqualKeyword.groovy:58)
	at com.kms.katalon.core.keyword.builtin.VerifyEqualKeyword$_verifyEqual_closure1.call(VerifyEqualKeyword.groovy)
	at com.kms.katalon.core.keyword.internal.KeywordMain.runKeyword(KeywordMain.groovy:75)
	at com.kms.katalon.core.keyword.builtin.VerifyEqualKeyword.verifyEqual(VerifyEqualKeyword.groovy:63)
	at com.kms.katalon.core.keyword.builtin.VerifyEqualKeyword.execute(VerifyEqualKeyword.groovy:44)
	at com.kms.katalon.core.keyword.internal.KeywordExecutor.executeKeywordForPlatform(KeywordExecutor.groovy:74)
	at com.kms.katalon.core.keyword.BuiltinKeywords.verifyEqual(BuiltinKeywords.groovy:146)
	at jdk.internal.reflect.GeneratedMethodAccessor25.invoke(Unknown Source)
	at java.base/jdk.internal.reflect.DelegatingMethodAccessorImpl.invoke(DelegatingMethodAccessorImpl.java:43)
	at Выполнение бизнес-плана сверка дашбордов.run(Выполнение бизнес-плана сверка дашбордов:652)
	at com.kms.katalon.core.main.ScriptEngine.run(ScriptEngine.java:194)
	at com.kms.katalon.core.main.ScriptEngine.runScriptAsRawText(ScriptEngine.java:119)
	at com.kms.katalon.core.main.TestCaseExecutor.runScript(TestCaseExecutor.java:448)
	at com.kms.katalon.core.main.TestCaseExecutor.doExecute(TestCaseExecutor.java:439)
	at com.kms.katalon.core.main.TestCaseExecutor.processExecutionPhase(TestCaseExecutor.java:418)
	at com.kms.katalon.core.main.TestCaseExecutor.accessMainPhase(TestCaseExecutor.java:410)
	at com.kms.katalon.core.main.TestCaseExecutor.execute(TestCaseExecutor.java:285)
	at com.kms.katalon.core.common.CommonExecutor.accessTestCaseMainPhase(CommonExecutor.java:65)
	at com.kms.katalon.core.main.TestSuiteExecutor.accessTestSuiteMainPhase(TestSuiteExecutor.java:150)
	at com.kms.katalon.core.main.TestSuiteExecutor.execute(TestSuiteExecutor.java:106)
	at com.kms.katalon.core.main.TestCaseMain.startTestSuite(TestCaseMain.java:180)
	at TempTestSuite1733285972582.run(TempTestSuite1733285972582.groovy:35)
	at java.base/jdk.internal.reflect.NativeMethodAccessorImpl.invoke0(Native Method)
	at java.base/jdk.internal.reflect.NativeMethodAccessorImpl.invoke(NativeMethodAccessorImpl.java:77)
	at java.base/jdk.internal.reflect.DelegatingMethodAccessorImpl.invoke(DelegatingMethodAccessorImpl.java:43)
)

04-12-2024T07:30:42 - [TEST_STEP][PASSED] - result = CompareDZOData(a = cIPR, b = cIPB, dZO, typeOfData, PercPlanR, PercPlanB, PercFactR, PercFactB, todaysDate, x, vidget, tabR, tabB, o1R, o1B): null

04-12-2024T07:30:42 - [TEST_STEP][PASSED] - ii2 = <not implemented yet for class: org.codehaus.groovy.ast.expr.EmptyExpression>: null

04-12-2024T07:30:42 - [TEST_STEP][FAILED] - if (verifyEqual(a, b) == false): null

04-12-2024T07:30:42 - [MESSAGE][FAILED] - Unable to verify equal between actual object 'Россети Центр и Приволжье (ГК)/7.04/6.77/45596339/42504429/3091910/44041851/40938806/3103045/-0.27' and expected object 'Россети Центр и Приволжье (ГК)/7.04/6.77/45423668/42347790/3075878/44041851/40938806/3103045/-0.27' (Root cause: com.kms.katalon.core.exception.StepFailedException: Actual object 'Россети Центр и Приволжье (ГК)/7.04/6.77/45596339/42504429/3091910/44041851/40938806/3103045/-0.27' and expected object 'Россети Центр и Приволжье (ГК)/7.04/6.77/45423668/42347790/3075878/44041851/40938806/3103045/-0.27' are not equal
	at com.kms.katalon.core.keyword.builtin.VerifyEqualKeyword$_verifyEqual_closure1.doCall(VerifyEqualKeyword.groovy:58)
	at com.kms.katalon.core.keyword.builtin.VerifyEqualKeyword$_verifyEqual_closure1.call(VerifyEqualKeyword.groovy)
	at com.kms.katalon.core.keyword.internal.KeywordMain.runKeyword(KeywordMain.groovy:75)
	at com.kms.katalon.core.keyword.builtin.VerifyEqualKeyword.verifyEqual(VerifyEqualKeyword.groovy:63)
	at com.kms.katalon.core.keyword.builtin.VerifyEqualKeyword.execute(VerifyEqualKeyword.groovy:44)
	at com.kms.katalon.core.keyword.internal.KeywordExecutor.executeKeywordForPlatform(KeywordExecutor.groovy:74)
	at com.kms.katalon.core.keyword.BuiltinKeywords.verifyEqual(BuiltinKeywords.groovy:146)
	at jdk.internal.reflect.GeneratedMethodAccessor25.invoke(Unknown Source)
	at java.base/jdk.internal.reflect.DelegatingMethodAccessorImpl.invoke(DelegatingMethodAccessorImpl.java:43)
	at Выполнение бизнес-плана сверка дашбордов.CompareDZOData(Выполнение бизнес-плана сверка дашбордов:673)
	at Выполнение бизнес-плана сверка дашбордов.run(Выполнение бизнес-плана сверка дашбордов:653)
	at com.kms.katalon.core.main.ScriptEngine.run(ScriptEngine.java:194)
	at com.kms.katalon.core.main.ScriptEngine.runScriptAsRawText(ScriptEngine.java:119)
	at com.kms.katalon.core.main.TestCaseExecutor.runScript(TestCaseExecutor.java:448)
	at com.kms.katalon.core.main.TestCaseExecutor.doExecute(TestCaseExecutor.java:439)
	at com.kms.katalon.core.main.TestCaseExecutor.processExecutionPhase(TestCaseExecutor.java:418)
	at com.kms.katalon.core.main.TestCaseExecutor.accessMainPhase(TestCaseExecutor.java:410)
	at com.kms.katalon.core.main.TestCaseExecutor.execute(TestCaseExecutor.java:285)
	at com.kms.katalon.core.common.CommonExecutor.accessTestCaseMainPhase(CommonExecutor.java:65)
	at com.kms.katalon.core.main.TestSuiteExecutor.accessTestSuiteMainPhase(TestSuiteExecutor.java:150)
	at com.kms.katalon.core.main.TestSuiteExecutor.execute(TestSuiteExecutor.java:106)
	at com.kms.katalon.core.main.TestCaseMain.startTestSuite(TestCaseMain.java:180)
	at TempTestSuite1733285972582.run(TempTestSuite1733285972582.groovy:35)
	at java.base/jdk.internal.reflect.NativeMethodAccessorImpl.invoke0(Native Method)
	at java.base/jdk.internal.reflect.NativeMethodAccessorImpl.invoke(NativeMethodAccessorImpl.java:77)
	at java.base/jdk.internal.reflect.DelegatingMethodAccessorImpl.invoke(DelegatingMethodAccessorImpl.java:43)
)

04-12-2024T07:30:42 - [TEST_STEP][PASSED] - vidget = "Уровень потерь электроэнергии": null

04-12-2024T07:30:42 - [TEST_STEP][PASSED] - typeOfData = "План": null

04-12-2024T07:30:42 - [TEST_STEP][PASSED] - PercPlanR = GetPercPlanR(x = a): null

04-12-2024T07:30:42 - [TEST_STEP][PASSED] - i1 = <not implemented yet for class: org.codehaus.groovy.ast.expr.EmptyExpression>: null

04-12-2024T07:30:42 - [TEST_STEP][PASSED] - i1 = x.indexOf("/") + 1: null

04-12-2024T07:30:42 - [TEST_STEP][PASSED] - if (i1 > -1): null

04-12-2024T07:30:42 - [TEST_STEP][PASSED] - x = x.substring(i1, x.length()): null

04-12-2024T07:30:42 - [TEST_STEP][PASSED] - i1 = x.indexOf("/"): null

04-12-2024T07:30:42 - [TEST_STEP][PASSED] - if (i1 > -1): null

04-12-2024T07:30:42 - [TEST_STEP][PASSED] - x = x.substring(0, i1): null

04-12-2024T07:30:42 - [TEST_STEP][PASSED] - return x: null

04-12-2024T07:30:42 - [TEST_STEP][PASSED] - PercPlanB = GetPercPlanB(x = b): null

04-12-2024T07:30:42 - [TEST_STEP][PASSED] - i1 = <not implemented yet for class: org.codehaus.groovy.ast.expr.EmptyExpression>: null

04-12-2024T07:30:42 - [TEST_STEP][PASSED] - i1 = x.indexOf("/") + 1: null

04-12-2024T07:30:42 - [TEST_STEP][PASSED] - if (i1 > -1): null

04-12-2024T07:30:42 - [TEST_STEP][PASSED] - x = x.substring(i1, x.length()): null

04-12-2024T07:30:42 - [TEST_STEP][PASSED] - i1 = x.indexOf("/"): null

04-12-2024T07:30:42 - [TEST_STEP][PASSED] - if (i1 > -1): null

04-12-2024T07:30:42 - [TEST_STEP][PASSED] - x = x.substring(0, i1): null

04-12-2024T07:30:42 - [TEST_STEP][PASSED] - return x: null

04-12-2024T07:30:42 - [TEST_STEP][PASSED] - if (verifyEqual(PercPlanR, PercPlanB) == false): Actual object '7.04' and expected object '7.04' are equal

04-12-2024T07:30:42 - [MESSAGE][PASSED] - Actual object '7.04' and expected object '7.04' are equal

04-12-2024T07:30:42 - [TEST_STEP][PASSED] - typeOfData = "Факт": null

04-12-2024T07:30:42 - [TEST_STEP][PASSED] - PercFactR = GetPercFactR(x = a): null

04-12-2024T07:30:42 - [TEST_STEP][PASSED] - i1 = <not implemented yet for class: org.codehaus.groovy.ast.expr.EmptyExpression>: null

04-12-2024T07:30:42 - [TEST_STEP][PASSED] - ii = <not implemented yet for class: org.codehaus.groovy.ast.expr.EmptyExpression>: null

04-12-2024T07:30:42 - [TEST_STEP][PASSED] - for ([ii = 1, ii < 3, (ii++)]): null

04-12-2024T07:30:42 - [TEST_STEP][PASSED] - i1 = x.indexOf("/") + 1: null

04-12-2024T07:30:42 - [TEST_STEP][PASSED] - if (i1 > -1): null

04-12-2024T07:30:42 - [TEST_STEP][PASSED] - x = x.substring(i1, x.length()): null

04-12-2024T07:30:42 - [TEST_STEP][PASSED] - println(x): null

04-12-2024T07:30:42 - [TEST_STEP][PASSED] - i1 = x.indexOf("/") + 1: null

04-12-2024T07:30:42 - [TEST_STEP][PASSED] - if (i1 > -1): null

04-12-2024T07:30:42 - [TEST_STEP][PASSED] - x = x.substring(i1, x.length()): null

04-12-2024T07:30:42 - [TEST_STEP][PASSED] - println(x): null

04-12-2024T07:30:42 - [TEST_STEP][PASSED] - i1 = x.indexOf("/"): null

04-12-2024T07:30:42 - [TEST_STEP][PASSED] - if (i1 > -1): null

04-12-2024T07:30:42 - [TEST_STEP][PASSED] - x = x.substring(0, i1): null

04-12-2024T07:30:42 - [TEST_STEP][PASSED] - println(x): null

04-12-2024T07:30:42 - [TEST_STEP][PASSED] - return x: null

04-12-2024T07:30:42 - [TEST_STEP][PASSED] - PercFactB = GetPercFactB(x = b): null

04-12-2024T07:30:42 - [TEST_STEP][PASSED] - i1 = <not implemented yet for class: org.codehaus.groovy.ast.expr.EmptyExpression>: null

04-12-2024T07:30:42 - [TEST_STEP][PASSED] - ii = <not implemented yet for class: org.codehaus.groovy.ast.expr.EmptyExpression>: null

04-12-2024T07:30:42 - [TEST_STEP][PASSED] - for ([ii = 1, ii < 3, (ii++)]): null

04-12-2024T07:30:42 - [TEST_STEP][PASSED] - i1 = x.indexOf("/") + 1: null

04-12-2024T07:30:42 - [TEST_STEP][PASSED] - if (i1 > -1): null

04-12-2024T07:30:42 - [TEST_STEP][PASSED] - x = x.substring(i1, x.length()): null

04-12-2024T07:30:42 - [TEST_STEP][PASSED] - println(x): null

04-12-2024T07:30:42 - [TEST_STEP][PASSED] - i1 = x.indexOf("/") + 1: null

04-12-2024T07:30:42 - [TEST_STEP][PASSED] - if (i1 > -1): null

04-12-2024T07:30:42 - [TEST_STEP][PASSED] - x = x.substring(i1, x.length()): null

04-12-2024T07:30:42 - [TEST_STEP][PASSED] - println(x): null

04-12-2024T07:30:42 - [TEST_STEP][PASSED] - i1 = x.indexOf("/"): null

04-12-2024T07:30:42 - [TEST_STEP][PASSED] - if (i1 > -1): null

04-12-2024T07:30:42 - [TEST_STEP][PASSED] - x = x.substring(0, i1): null

04-12-2024T07:30:42 - [TEST_STEP][PASSED] - println(x): null

04-12-2024T07:30:42 - [TEST_STEP][PASSED] - return x: null

04-12-2024T07:30:42 - [TEST_STEP][PASSED] - if (verifyEqual(PercFactR, PercFactB) == false): Actual object '6.77' and expected object '6.77' are equal

04-12-2024T07:30:42 - [MESSAGE][PASSED] - Actual object '6.77' and expected object '6.77' are equal

04-12-2024T07:30:42 - [TEST_STEP][PASSED] - vidget = "Показатели баланса электроэнергии по ДЗО – Факт": null

04-12-2024T07:30:42 - [TEST_STEP][PASSED] - typeOfData = "Факт Отпуск в сеть": null

04-12-2024T07:30:42 - [TEST_STEP][PASSED] - tabR = GetOvSFactR(x = a): null

04-12-2024T07:30:42 - [TEST_STEP][PASSED] - i1 = <not implemented yet for class: org.codehaus.groovy.ast.expr.EmptyExpression>: null

04-12-2024T07:30:42 - [TEST_STEP][PASSED] - ii = <not implemented yet for class: org.codehaus.groovy.ast.expr.EmptyExpression>: null

04-12-2024T07:30:42 - [TEST_STEP][PASSED] - for ([ii = 1, ii < 4, (ii++)]): null

04-12-2024T07:30:42 - [TEST_STEP][PASSED] - i1 = x.indexOf("/") + 1: null

04-12-2024T07:30:42 - [TEST_STEP][PASSED] - if (i1 > -1): null

04-12-2024T07:30:42 - [TEST_STEP][PASSED] - x = x.substring(i1, x.length()): null

04-12-2024T07:30:42 - [TEST_STEP][PASSED] - println(x): null

04-12-2024T07:30:42 - [TEST_STEP][PASSED] - i1 = x.indexOf("/") + 1: null

04-12-2024T07:30:42 - [TEST_STEP][PASSED] - if (i1 > -1): null

04-12-2024T07:30:42 - [TEST_STEP][PASSED] - x = x.substring(i1, x.length()): null

04-12-2024T07:30:42 - [TEST_STEP][PASSED] - println(x): null

04-12-2024T07:30:42 - [TEST_STEP][PASSED] - i1 = x.indexOf("/") + 1: null

04-12-2024T07:30:42 - [TEST_STEP][PASSED] - if (i1 > -1): null

04-12-2024T07:30:42 - [TEST_STEP][PASSED] - x = x.substring(i1, x.length()): null

04-12-2024T07:30:42 - [TEST_STEP][PASSED] - println(x): null

04-12-2024T07:30:42 - [TEST_STEP][PASSED] - i1 = x.indexOf("/"): null

04-12-2024T07:30:42 - [TEST_STEP][PASSED] - if (i1 > -1): null

04-12-2024T07:30:42 - [TEST_STEP][PASSED] - x = x.substring(0, i1): null

04-12-2024T07:30:42 - [TEST_STEP][PASSED] - println(x): null

04-12-2024T07:30:42 - [TEST_STEP][PASSED] - return x: null

04-12-2024T07:30:42 - [TEST_STEP][PASSED] - tabB = GetOvSFactB(x = b): null

04-12-2024T07:30:42 - [TEST_STEP][PASSED] - i1 = <not implemented yet for class: org.codehaus.groovy.ast.expr.EmptyExpression>: null

04-12-2024T07:30:42 - [TEST_STEP][PASSED] - ii = <not implemented yet for class: org.codehaus.groovy.ast.expr.EmptyExpression>: null

04-12-2024T07:30:42 - [TEST_STEP][PASSED] - for ([ii = 1, ii < 4, (ii++)]): null

04-12-2024T07:30:42 - [TEST_STEP][PASSED] - i1 = x.indexOf("/") + 1: null

04-12-2024T07:30:42 - [TEST_STEP][PASSED] - if (i1 > -1): null

04-12-2024T07:30:42 - [TEST_STEP][PASSED] - x = x.substring(i1, x.length()): null

04-12-2024T07:30:42 - [TEST_STEP][PASSED] - println(x): null

04-12-2024T07:30:42 - [TEST_STEP][PASSED] - i1 = x.indexOf("/") + 1: null

04-12-2024T07:30:42 - [TEST_STEP][PASSED] - if (i1 > -1): null

04-12-2024T07:30:42 - [TEST_STEP][PASSED] - x = x.substring(i1, x.length()): null

04-12-2024T07:30:42 - [TEST_STEP][PASSED] - println(x): null

04-12-2024T07:30:42 - [TEST_STEP][PASSED] - i1 = x.indexOf("/") + 1: null

04-12-2024T07:30:42 - [TEST_STEP][PASSED] - if (i1 > -1): null

04-12-2024T07:30:42 - [TEST_STEP][PASSED] - x = x.substring(i1, x.length()): null

04-12-2024T07:30:42 - [TEST_STEP][PASSED] - println(x): null

04-12-2024T07:30:42 - [TEST_STEP][PASSED] - i1 = x.indexOf("/"): null

04-12-2024T07:30:42 - [TEST_STEP][PASSED] - if (i1 > -1): null

04-12-2024T07:30:42 - [TEST_STEP][PASSED] - x = x.substring(0, i1): null

04-12-2024T07:30:42 - [TEST_STEP][PASSED] - println(x): null

04-12-2024T07:30:42 - [TEST_STEP][FAILED] - return x: null

04-12-2024T07:30:42 - [TEST_STEP][FAILED] - if (verifyEqual(tabR, tabB) == false): null

04-12-2024T07:30:42 - [MESSAGE][FAILED] - Unable to verify equal between actual object '45596339' and expected object '45423668' (Root cause: com.kms.katalon.core.exception.StepFailedException: Actual object '45596339' and expected object '45423668' are not equal
	at com.kms.katalon.core.keyword.builtin.VerifyEqualKeyword$_verifyEqual_closure1.doCall(VerifyEqualKeyword.groovy:58)
	at com.kms.katalon.core.keyword.builtin.VerifyEqualKeyword$_verifyEqual_closure1.call(VerifyEqualKeyword.groovy)
	at com.kms.katalon.core.keyword.internal.KeywordMain.runKeyword(KeywordMain.groovy:75)
	at com.kms.katalon.core.keyword.builtin.VerifyEqualKeyword.verifyEqual(VerifyEqualKeyword.groovy:63)
	at com.kms.katalon.core.keyword.builtin.VerifyEqualKeyword.execute(VerifyEqualKeyword.groovy:44)
	at com.kms.katalon.core.keyword.internal.KeywordExecutor.executeKeywordForPlatform(KeywordExecutor.groovy:74)
	at com.kms.katalon.core.keyword.BuiltinKeywords.verifyEqual(BuiltinKeywords.groovy:146)
	at jdk.internal.reflect.GeneratedMethodAccessor25.invoke(Unknown Source)
	at java.base/jdk.internal.reflect.DelegatingMethodAccessorImpl.invoke(DelegatingMethodAccessorImpl.java:43)
	at Выполнение бизнес-плана сверка дашбордов.CompareDZOData(Выполнение бизнес-плана сверка дашбордов:706)
	at Выполнение бизнес-плана сверка дашбордов.run(Выполнение бизнес-плана сверка дашбордов:653)
	at com.kms.katalon.core.main.ScriptEngine.run(ScriptEngine.java:194)
	at com.kms.katalon.core.main.ScriptEngine.runScriptAsRawText(ScriptEngine.java:119)
	at com.kms.katalon.core.main.TestCaseExecutor.runScript(TestCaseExecutor.java:448)
	at com.kms.katalon.core.main.TestCaseExecutor.doExecute(TestCaseExecutor.java:439)
	at com.kms.katalon.core.main.TestCaseExecutor.processExecutionPhase(TestCaseExecutor.java:418)
	at com.kms.katalon.core.main.TestCaseExecutor.accessMainPhase(TestCaseExecutor.java:410)
	at com.kms.katalon.core.main.TestCaseExecutor.execute(TestCaseExecutor.java:285)
	at com.kms.katalon.core.common.CommonExecutor.accessTestCaseMainPhase(CommonExecutor.java:65)
	at com.kms.katalon.core.main.TestSuiteExecutor.accessTestSuiteMainPhase(TestSuiteExecutor.java:150)
	at com.kms.katalon.core.main.TestSuiteExecutor.execute(TestSuiteExecutor.java:106)
	at com.kms.katalon.core.main.TestCaseMain.startTestSuite(TestCaseMain.java:180)
	at TempTestSuite1733285972582.run(TempTestSuite1733285972582.groovy:35)
	at java.base/jdk.internal.reflect.NativeMethodAccessorImpl.invoke0(Native Method)
	at java.base/jdk.internal.reflect.NativeMethodAccessorImpl.invoke(NativeMethodAccessorImpl.java:77)
	at java.base/jdk.internal.reflect.DelegatingMethodAccessorImpl.invoke(DelegatingMethodAccessorImpl.java:43)
)

04-12-2024T07:30:42 - [TEST_STEP][PASSED] - result = WriteToExcel(typeOfData, todaysDate, PercPlanR, PercPlanB, PercFactR, PercFactB, x, tabR, tabB, o1R, o1B, vidget): null

04-12-2024T07:30:42 - [TEST_STEP][PASSED] - iii = dZO.indexOf("/"): null

04-12-2024T07:30:42 - [TEST_STEP][PASSED] - println(iii): null

04-12-2024T07:30:42 - [TEST_STEP][PASSED] - dZO = dZO.substring(0, iii): null

04-12-2024T07:30:42 - [TEST_STEP][PASSED] - println(dZO): null

04-12-2024T07:30:42 - [TEST_STEP][PASSED] - println(PercPlanR): null

04-12-2024T07:30:42 - [TEST_STEP][PASSED] - println(PercPlanB): null

04-12-2024T07:30:42 - [TEST_STEP][PASSED] - println(PercFactR): null

04-12-2024T07:30:42 - [TEST_STEP][PASSED] - println(PercFactB): null

04-12-2024T07:30:42 - [TEST_STEP][PASSED] - println(tabR): null

04-12-2024T07:30:42 - [TEST_STEP][PASSED] - println(tabB): null

04-12-2024T07:30:42 - [TEST_STEP][PASSED] - println(o1R): null

04-12-2024T07:30:42 - [TEST_STEP][PASSED] - println(o1B): null

04-12-2024T07:30:42 - [TEST_STEP][PASSED] - PR = <not implemented yet for class: org.codehaus.groovy.ast.expr.EmptyExpression>: null

04-12-2024T07:30:42 - [TEST_STEP][PASSED] - FR = <not implemented yet for class: org.codehaus.groovy.ast.expr.EmptyExpression>: null

04-12-2024T07:30:42 - [TEST_STEP][PASSED] - PB = <not implemented yet for class: org.codehaus.groovy.ast.expr.EmptyExpression>: null

04-12-2024T07:30:42 - [TEST_STEP][PASSED] - FB = <not implemented yet for class: org.codehaus.groovy.ast.expr.EmptyExpression>: null

04-12-2024T07:30:42 - [TEST_STEP][PASSED] - TR = <not implemented yet for class: org.codehaus.groovy.ast.expr.EmptyExpression>: null

04-12-2024T07:30:42 - [TEST_STEP][PASSED] - TB = <not implemented yet for class: org.codehaus.groovy.ast.expr.EmptyExpression>: null

04-12-2024T07:30:42 - [TEST_STEP][PASSED] - sheetName = "Sheet1": null

04-12-2024T07:30:42 - [TEST_STEP][PASSED] - data = findTestData("PlanFact"): null

04-12-2024T07:30:42 - [TEST_STEP][PASSED] - n = data.getRowNumbers() + 1: null

04-12-2024T07:30:42 - [TEST_STEP][PASSED] - year = todaysDate.substring(todaysDate.length() - 4, todaysDate.length()): null

04-12-2024T07:30:42 - [TEST_STEP][PASSED] - y = year.toInteger(): null

04-12-2024T07:30:42 - [TEST_STEP][PASSED] - m = getText(findTestObject("Выполнение бизнес-плана/Выполнение бизнес-плана Балансы/Фильтр Дата")): Text of object 'Object Repository/Выполнение бизнес-плана/Выполнение бизнес-плана Балансы/Фильтр Дата' is: '1, 2, 3 кв., Октябрь 2024 года'

04-12-2024T07:30:42 - [MESSAGE][PASSED] - Text of object 'Object Repository/Выполнение бизнес-плана/Выполнение бизнес-плана Балансы/Фильтр Дата' is: '1, 2, 3 кв., Октябрь 2024 года'

04-12-2024T07:30:42 - [TEST_STEP][PASSED] - m = m.substring(0, m.indexOf("2024")): null

04-12-2024T07:30:42 - [TEST_STEP][PASSED] - m = m.trim(): null

04-12-2024T07:30:42 - [TEST_STEP][PASSED] - dashboardName = "Выполнение бизнес-плана": null

04-12-2024T07:30:42 - [TEST_STEP][PASSED] - workbook01 = getWorkbook(excelFilePath): null

04-12-2024T07:30:42 - [TEST_STEP][PASSED] - sheet01 = getExcelSheet(workbook01, sheetName): null

04-12-2024T07:30:42 - [TEST_STEP][PASSED] - setValueToCellByIndex(sheet01, n, 0, dashboardName): null

04-12-2024T07:30:42 - [TEST_STEP][PASSED] - setValueToCellByIndex(sheet01, n, 1, dZO): null

04-12-2024T07:30:42 - [TEST_STEP][PASSED] - setValueToCellByIndex(sheet01, n, 2, typeOfData): null

04-12-2024T07:30:42 - [TEST_STEP][PASSED] - setValueToCellByIndex(sheet01, n, 3, typeOfData): null

04-12-2024T07:30:42 - [TEST_STEP][PASSED] - if (typeOfData == "План"): null

04-12-2024T07:30:42 - [TEST_STEP][PASSED] - else if (typeOfData == "Факт"): null

04-12-2024T07:30:42 - [TEST_STEP][PASSED] - else if (vidget.contains("электроэнергии") == true): null

04-12-2024T07:30:42 - [TEST_STEP][PASSED] - if (tabR == null): null

04-12-2024T07:30:42 - [TEST_STEP][PASSED] - else: null

04-12-2024T07:30:42 - [TEST_STEP][PASSED] - if (tabR == "нет данных"): null

04-12-2024T07:30:42 - [TEST_STEP][PASSED] - else: null

04-12-2024T07:30:42 - [TEST_STEP][PASSED] - TR = tabR.toInteger(): null

04-12-2024T07:30:42 - [TEST_STEP][PASSED] - setValueToCellByIndex(sheet01, n, 4, TR): null

04-12-2024T07:30:42 - [TEST_STEP][PASSED] - if (tabB == null): null

04-12-2024T07:30:42 - [TEST_STEP][PASSED] - else: null

04-12-2024T07:30:42 - [TEST_STEP][PASSED] - if (tabB == "нет данных"): null

04-12-2024T07:30:42 - [TEST_STEP][PASSED] - else: null

04-12-2024T07:30:42 - [TEST_STEP][PASSED] - TB = tabB.toInteger(): null

04-12-2024T07:30:42 - [TEST_STEP][PASSED] - setValueToCellByIndex(sheet01, n, 5, TB): null

04-12-2024T07:30:42 - [TEST_STEP][PASSED] - setValueToCellByIndex(sheet01, n, 6, m): null

04-12-2024T07:30:42 - [TEST_STEP][PASSED] - setValueToCellByIndex(sheet01, n, 7, y): null

04-12-2024T07:30:42 - [TEST_STEP][PASSED] - setValueToCellByIndex(sheet01, n, 8, todaysDate): null

04-12-2024T07:30:42 - [TEST_STEP][PASSED] - n = n + 1: null

04-12-2024T07:30:42 - [TEST_STEP][PASSED] - saveWorkbook(excelFilePath, workbook01): null

04-12-2024T07:30:43 - [TEST_STEP][PASSED] - typeOfData = "Факт Отпуск из сети": null

04-12-2024T07:30:43 - [TEST_STEP][PASSED] - tabR = GetOiSFactR(x = a): null

04-12-2024T07:30:43 - [TEST_STEP][PASSED] - i1 = <not implemented yet for class: org.codehaus.groovy.ast.expr.EmptyExpression>: null

04-12-2024T07:30:43 - [TEST_STEP][PASSED] - ii = <not implemented yet for class: org.codehaus.groovy.ast.expr.EmptyExpression>: null

04-12-2024T07:30:43 - [TEST_STEP][PASSED] - for ([ii = 1, ii < 5, (ii++)]): null

04-12-2024T07:30:43 - [TEST_STEP][PASSED] - i1 = x.indexOf("/") + 1: null

04-12-2024T07:30:43 - [TEST_STEP][PASSED] - if (i1 > -1): null

04-12-2024T07:30:43 - [TEST_STEP][PASSED] - x = x.substring(i1, x.length()): null

04-12-2024T07:30:43 - [TEST_STEP][PASSED] - println(x): null

04-12-2024T07:30:43 - [TEST_STEP][PASSED] - i1 = x.indexOf("/") + 1: null

04-12-2024T07:30:43 - [TEST_STEP][PASSED] - if (i1 > -1): null

04-12-2024T07:30:43 - [TEST_STEP][PASSED] - x = x.substring(i1, x.length()): null

04-12-2024T07:30:43 - [TEST_STEP][PASSED] - println(x): null

04-12-2024T07:30:43 - [TEST_STEP][PASSED] - i1 = x.indexOf("/") + 1: null

04-12-2024T07:30:43 - [TEST_STEP][PASSED] - if (i1 > -1): null

04-12-2024T07:30:43 - [TEST_STEP][PASSED] - x = x.substring(i1, x.length()): null

04-12-2024T07:30:43 - [TEST_STEP][PASSED] - println(x): null

04-12-2024T07:30:43 - [TEST_STEP][PASSED] - i1 = x.indexOf("/") + 1: null

04-12-2024T07:30:43 - [TEST_STEP][PASSED] - if (i1 > -1): null

04-12-2024T07:30:43 - [TEST_STEP][PASSED] - x = x.substring(i1, x.length()): null

04-12-2024T07:30:43 - [TEST_STEP][PASSED] - println(x): null

04-12-2024T07:30:43 - [TEST_STEP][PASSED] - i1 = x.indexOf("/"): null

04-12-2024T07:30:43 - [TEST_STEP][PASSED] - if (i1 > -1): null

04-12-2024T07:30:43 - [TEST_STEP][PASSED] - x = x.substring(0, i1): null

04-12-2024T07:30:43 - [TEST_STEP][PASSED] - println(x): null

04-12-2024T07:30:43 - [TEST_STEP][PASSED] - return x: null

04-12-2024T07:30:43 - [TEST_STEP][PASSED] - tabB = GetOiSFactB(x = b): null

04-12-2024T07:30:43 - [TEST_STEP][PASSED] - i1 = <not implemented yet for class: org.codehaus.groovy.ast.expr.EmptyExpression>: null

04-12-2024T07:30:43 - [TEST_STEP][PASSED] - ii = <not implemented yet for class: org.codehaus.groovy.ast.expr.EmptyExpression>: null

04-12-2024T07:30:43 - [TEST_STEP][PASSED] - for ([ii = 1, ii < 5, (ii++)]): null

04-12-2024T07:30:43 - [TEST_STEP][PASSED] - i1 = x.indexOf("/") + 1: null

04-12-2024T07:30:43 - [TEST_STEP][PASSED] - if (i1 > -1): null

04-12-2024T07:30:43 - [TEST_STEP][PASSED] - x = x.substring(i1, x.length()): null

04-12-2024T07:30:43 - [TEST_STEP][PASSED] - println(x): null

04-12-2024T07:30:43 - [TEST_STEP][PASSED] - i1 = x.indexOf("/") + 1: null

04-12-2024T07:30:43 - [TEST_STEP][PASSED] - if (i1 > -1): null

04-12-2024T07:30:43 - [TEST_STEP][PASSED] - x = x.substring(i1, x.length()): null

04-12-2024T07:30:43 - [TEST_STEP][PASSED] - println(x): null

04-12-2024T07:30:43 - [TEST_STEP][PASSED] - i1 = x.indexOf("/") + 1: null

04-12-2024T07:30:43 - [TEST_STEP][PASSED] - if (i1 > -1): null

04-12-2024T07:30:43 - [TEST_STEP][PASSED] - x = x.substring(i1, x.length()): null

04-12-2024T07:30:43 - [TEST_STEP][PASSED] - println(x): null

04-12-2024T07:30:43 - [TEST_STEP][PASSED] - i1 = x.indexOf("/") + 1: null

04-12-2024T07:30:43 - [TEST_STEP][PASSED] - if (i1 > -1): null

04-12-2024T07:30:43 - [TEST_STEP][PASSED] - x = x.substring(i1, x.length()): null

04-12-2024T07:30:43 - [TEST_STEP][PASSED] - println(x): null

04-12-2024T07:30:43 - [TEST_STEP][PASSED] - i1 = x.indexOf("/"): null

04-12-2024T07:30:43 - [TEST_STEP][PASSED] - if (i1 > -1): null

04-12-2024T07:30:43 - [TEST_STEP][PASSED] - x = x.substring(0, i1): null

04-12-2024T07:30:43 - [TEST_STEP][PASSED] - println(x): null

04-12-2024T07:30:43 - [TEST_STEP][FAILED] - return x: null

04-12-2024T07:30:43 - [TEST_STEP][FAILED] - if (verifyEqual(tabR, tabB) == false): null

04-12-2024T07:30:43 - [MESSAGE][FAILED] - Unable to verify equal between actual object '42504429' and expected object '42347790' (Root cause: com.kms.katalon.core.exception.StepFailedException: Actual object '42504429' and expected object '42347790' are not equal
	at com.kms.katalon.core.keyword.builtin.VerifyEqualKeyword$_verifyEqual_closure1.doCall(VerifyEqualKeyword.groovy:58)
	at com.kms.katalon.core.keyword.builtin.VerifyEqualKeyword$_verifyEqual_closure1.call(VerifyEqualKeyword.groovy)
	at com.kms.katalon.core.keyword.internal.KeywordMain.runKeyword(KeywordMain.groovy:75)
	at com.kms.katalon.core.keyword.builtin.VerifyEqualKeyword.verifyEqual(VerifyEqualKeyword.groovy:63)
	at com.kms.katalon.core.keyword.builtin.VerifyEqualKeyword.execute(VerifyEqualKeyword.groovy:44)
	at com.kms.katalon.core.keyword.internal.KeywordExecutor.executeKeywordForPlatform(KeywordExecutor.groovy:74)
	at com.kms.katalon.core.keyword.BuiltinKeywords.verifyEqual(BuiltinKeywords.groovy:146)
	at jdk.internal.reflect.GeneratedMethodAccessor25.invoke(Unknown Source)
	at java.base/jdk.internal.reflect.DelegatingMethodAccessorImpl.invoke(DelegatingMethodAccessorImpl.java:43)
	at Выполнение бизнес-плана сверка дашбордов.CompareDZOData(Выполнение бизнес-плана сверка дашбордов:717)
	at Выполнение бизнес-плана сверка дашбордов.run(Выполнение бизнес-плана сверка дашбордов:653)
	at com.kms.katalon.core.main.ScriptEngine.run(ScriptEngine.java:194)
	at com.kms.katalon.core.main.ScriptEngine.runScriptAsRawText(ScriptEngine.java:119)
	at com.kms.katalon.core.main.TestCaseExecutor.runScript(TestCaseExecutor.java:448)
	at com.kms.katalon.core.main.TestCaseExecutor.doExecute(TestCaseExecutor.java:439)
	at com.kms.katalon.core.main.TestCaseExecutor.processExecutionPhase(TestCaseExecutor.java:418)
	at com.kms.katalon.core.main.TestCaseExecutor.accessMainPhase(TestCaseExecutor.java:410)
	at com.kms.katalon.core.main.TestCaseExecutor.execute(TestCaseExecutor.java:285)
	at com.kms.katalon.core.common.CommonExecutor.accessTestCaseMainPhase(CommonExecutor.java:65)
	at com.kms.katalon.core.main.TestSuiteExecutor.accessTestSuiteMainPhase(TestSuiteExecutor.java:150)
	at com.kms.katalon.core.main.TestSuiteExecutor.execute(TestSuiteExecutor.java:106)
	at com.kms.katalon.core.main.TestCaseMain.startTestSuite(TestCaseMain.java:180)
	at TempTestSuite1733285972582.run(TempTestSuite1733285972582.groovy:35)
	at java.base/jdk.internal.reflect.NativeMethodAccessorImpl.invoke0(Native Method)
	at java.base/jdk.internal.reflect.NativeMethodAccessorImpl.invoke(NativeMethodAccessorImpl.java:77)
	at java.base/jdk.internal.reflect.DelegatingMethodAccessorImpl.invoke(DelegatingMethodAccessorImpl.java:43)
)

04-12-2024T07:30:43 - [TEST_STEP][PASSED] - result = WriteToExcel(typeOfData, todaysDate, PercPlanR, PercPlanB, PercFactR, PercFactB, x, tabR, tabB, o1R, o1B, vidget): null

04-12-2024T07:30:43 - [TEST_STEP][PASSED] - iii = dZO.indexOf("/"): null

04-12-2024T07:30:43 - [TEST_STEP][PASSED] - println(iii): null

04-12-2024T07:30:43 - [TEST_STEP][PASSED] - dZO = dZO.substring(0, iii): null

04-12-2024T07:30:43 - [TEST_STEP][PASSED] - println(dZO): null

04-12-2024T07:30:43 - [TEST_STEP][PASSED] - println(PercPlanR): null

04-12-2024T07:30:43 - [TEST_STEP][PASSED] - println(PercPlanB): null

04-12-2024T07:30:43 - [TEST_STEP][PASSED] - println(PercFactR): null

04-12-2024T07:30:43 - [TEST_STEP][PASSED] - println(PercFactB): null

04-12-2024T07:30:43 - [TEST_STEP][PASSED] - println(tabR): null

04-12-2024T07:30:43 - [TEST_STEP][PASSED] - println(tabB): null

04-12-2024T07:30:43 - [TEST_STEP][PASSED] - println(o1R): null

04-12-2024T07:30:43 - [TEST_STEP][PASSED] - println(o1B): null

04-12-2024T07:30:43 - [TEST_STEP][PASSED] - PR = <not implemented yet for class: org.codehaus.groovy.ast.expr.EmptyExpression>: null

04-12-2024T07:30:43 - [TEST_STEP][PASSED] - FR = <not implemented yet for class: org.codehaus.groovy.ast.expr.EmptyExpression>: null

04-12-2024T07:30:43 - [TEST_STEP][PASSED] - PB = <not implemented yet for class: org.codehaus.groovy.ast.expr.EmptyExpression>: null

04-12-2024T07:30:43 - [TEST_STEP][PASSED] - FB = <not implemented yet for class: org.codehaus.groovy.ast.expr.EmptyExpression>: null

04-12-2024T07:30:43 - [TEST_STEP][PASSED] - TR = <not implemented yet for class: org.codehaus.groovy.ast.expr.EmptyExpression>: null

04-12-2024T07:30:43 - [TEST_STEP][PASSED] - TB = <not implemented yet for class: org.codehaus.groovy.ast.expr.EmptyExpression>: null

04-12-2024T07:30:43 - [TEST_STEP][PASSED] - sheetName = "Sheet1": null

04-12-2024T07:30:43 - [TEST_STEP][PASSED] - data = findTestData("PlanFact"): null

04-12-2024T07:30:43 - [TEST_STEP][PASSED] - n = data.getRowNumbers() + 1: null

04-12-2024T07:30:43 - [TEST_STEP][PASSED] - year = todaysDate.substring(todaysDate.length() - 4, todaysDate.length()): null

04-12-2024T07:30:43 - [TEST_STEP][PASSED] - y = year.toInteger(): null

04-12-2024T07:30:43 - [TEST_STEP][PASSED] - m = getText(findTestObject("Выполнение бизнес-плана/Выполнение бизнес-плана Балансы/Фильтр Дата")): Text of object 'Object Repository/Выполнение бизнес-плана/Выполнение бизнес-плана Балансы/Фильтр Дата' is: '1, 2, 3 кв., Октябрь 2024 года'

04-12-2024T07:30:43 - [MESSAGE][PASSED] - Text of object 'Object Repository/Выполнение бизнес-плана/Выполнение бизнес-плана Балансы/Фильтр Дата' is: '1, 2, 3 кв., Октябрь 2024 года'

04-12-2024T07:30:43 - [TEST_STEP][PASSED] - m = m.substring(0, m.indexOf("2024")): null

04-12-2024T07:30:43 - [TEST_STEP][PASSED] - m = m.trim(): null

04-12-2024T07:30:43 - [TEST_STEP][PASSED] - dashboardName = "Выполнение бизнес-плана": null

04-12-2024T07:30:43 - [TEST_STEP][PASSED] - workbook01 = getWorkbook(excelFilePath): null

04-12-2024T07:30:43 - [TEST_STEP][PASSED] - sheet01 = getExcelSheet(workbook01, sheetName): null

04-12-2024T07:30:43 - [TEST_STEP][PASSED] - setValueToCellByIndex(sheet01, n, 0, dashboardName): null

04-12-2024T07:30:43 - [TEST_STEP][PASSED] - setValueToCellByIndex(sheet01, n, 1, dZO): null

04-12-2024T07:30:43 - [TEST_STEP][PASSED] - setValueToCellByIndex(sheet01, n, 2, typeOfData): null

04-12-2024T07:30:43 - [TEST_STEP][PASSED] - setValueToCellByIndex(sheet01, n, 3, typeOfData): null

04-12-2024T07:30:43 - [TEST_STEP][PASSED] - if (typeOfData == "План"): null

04-12-2024T07:30:43 - [TEST_STEP][PASSED] - else if (typeOfData == "Факт"): null

04-12-2024T07:30:43 - [TEST_STEP][PASSED] - else if (vidget.contains("электроэнергии") == true): null

04-12-2024T07:30:43 - [TEST_STEP][PASSED] - if (tabR == null): null

04-12-2024T07:30:43 - [TEST_STEP][PASSED] - else: null

04-12-2024T07:30:43 - [TEST_STEP][PASSED] - if (tabR == "нет данных"): null

04-12-2024T07:30:43 - [TEST_STEP][PASSED] - else: null

04-12-2024T07:30:43 - [TEST_STEP][PASSED] - TR = tabR.toInteger(): null

04-12-2024T07:30:43 - [TEST_STEP][PASSED] - setValueToCellByIndex(sheet01, n, 4, TR): null

04-12-2024T07:30:43 - [TEST_STEP][PASSED] - if (tabB == null): null

04-12-2024T07:30:43 - [TEST_STEP][PASSED] - else: null

04-12-2024T07:30:43 - [TEST_STEP][PASSED] - if (tabB == "нет данных"): null

04-12-2024T07:30:43 - [TEST_STEP][PASSED] - else: null

04-12-2024T07:30:43 - [TEST_STEP][PASSED] - TB = tabB.toInteger(): null

04-12-2024T07:30:43 - [TEST_STEP][PASSED] - setValueToCellByIndex(sheet01, n, 5, TB): null

04-12-2024T07:30:43 - [TEST_STEP][PASSED] - setValueToCellByIndex(sheet01, n, 6, m): null

04-12-2024T07:30:43 - [TEST_STEP][PASSED] - setValueToCellByIndex(sheet01, n, 7, y): null

04-12-2024T07:30:43 - [TEST_STEP][PASSED] - setValueToCellByIndex(sheet01, n, 8, todaysDate): null

04-12-2024T07:30:43 - [TEST_STEP][PASSED] - n = n + 1: null

04-12-2024T07:30:43 - [TEST_STEP][PASSED] - saveWorkbook(excelFilePath, workbook01): null

04-12-2024T07:30:43 - [TEST_STEP][PASSED] - typeOfData = "Факт Потери": null

04-12-2024T07:30:43 - [TEST_STEP][PASSED] - tabR = GetPFactR(x = a): null

04-12-2024T07:30:43 - [TEST_STEP][PASSED] - i1 = <not implemented yet for class: org.codehaus.groovy.ast.expr.EmptyExpression>: null

04-12-2024T07:30:43 - [TEST_STEP][PASSED] - ii = <not implemented yet for class: org.codehaus.groovy.ast.expr.EmptyExpression>: null

04-12-2024T07:30:43 - [TEST_STEP][PASSED] - for ([ii = 1, ii < 6, (ii++)]): null

04-12-2024T07:30:43 - [TEST_STEP][PASSED] - i1 = x.indexOf("/") + 1: null

04-12-2024T07:30:43 - [TEST_STEP][PASSED] - if (i1 > -1): null

04-12-2024T07:30:43 - [TEST_STEP][PASSED] - x = x.substring(i1, x.length()): null

04-12-2024T07:30:43 - [TEST_STEP][PASSED] - println(x): null

04-12-2024T07:30:43 - [TEST_STEP][PASSED] - i1 = x.indexOf("/") + 1: null

04-12-2024T07:30:43 - [TEST_STEP][PASSED] - if (i1 > -1): null

04-12-2024T07:30:43 - [TEST_STEP][PASSED] - x = x.substring(i1, x.length()): null

04-12-2024T07:30:43 - [TEST_STEP][PASSED] - println(x): null

04-12-2024T07:30:43 - [TEST_STEP][PASSED] - i1 = x.indexOf("/") + 1: null

04-12-2024T07:30:43 - [TEST_STEP][PASSED] - if (i1 > -1): null

04-12-2024T07:30:43 - [TEST_STEP][PASSED] - x = x.substring(i1, x.length()): null

04-12-2024T07:30:43 - [TEST_STEP][PASSED] - println(x): null

04-12-2024T07:30:43 - [TEST_STEP][PASSED] - i1 = x.indexOf("/") + 1: null

04-12-2024T07:30:43 - [TEST_STEP][PASSED] - if (i1 > -1): null

04-12-2024T07:30:43 - [TEST_STEP][PASSED] - x = x.substring(i1, x.length()): null

04-12-2024T07:30:43 - [TEST_STEP][PASSED] - println(x): null

04-12-2024T07:30:43 - [TEST_STEP][PASSED] - i1 = x.indexOf("/") + 1: null

04-12-2024T07:30:43 - [TEST_STEP][PASSED] - if (i1 > -1): null

04-12-2024T07:30:43 - [TEST_STEP][PASSED] - x = x.substring(i1, x.length()): null

04-12-2024T07:30:43 - [TEST_STEP][PASSED] - println(x): null

04-12-2024T07:30:43 - [TEST_STEP][PASSED] - i1 = x.indexOf("/"): null

04-12-2024T07:30:43 - [TEST_STEP][PASSED] - if (i1 > -1): null

04-12-2024T07:30:43 - [TEST_STEP][PASSED] - x = x.substring(0, i1): null

04-12-2024T07:30:43 - [TEST_STEP][PASSED] - println(x): null

04-12-2024T07:30:43 - [TEST_STEP][PASSED] - return x: null

04-12-2024T07:30:43 - [TEST_STEP][PASSED] - tabB = GetPFactB(x = b): null

04-12-2024T07:30:43 - [TEST_STEP][PASSED] - i1 = <not implemented yet for class: org.codehaus.groovy.ast.expr.EmptyExpression>: null

04-12-2024T07:30:43 - [TEST_STEP][PASSED] - ii = <not implemented yet for class: org.codehaus.groovy.ast.expr.EmptyExpression>: null

04-12-2024T07:30:43 - [TEST_STEP][PASSED] - for ([ii = 1, ii < 6, (ii++)]): null

04-12-2024T07:30:43 - [TEST_STEP][PASSED] - i1 = x.indexOf("/") + 1: null

04-12-2024T07:30:43 - [TEST_STEP][PASSED] - if (i1 > -1): null

04-12-2024T07:30:43 - [TEST_STEP][PASSED] - x = x.substring(i1, x.length()): null

04-12-2024T07:30:43 - [TEST_STEP][PASSED] - println(x): null

04-12-2024T07:30:43 - [TEST_STEP][PASSED] - i1 = x.indexOf("/") + 1: null

04-12-2024T07:30:43 - [TEST_STEP][PASSED] - if (i1 > -1): null

04-12-2024T07:30:43 - [TEST_STEP][PASSED] - x = x.substring(i1, x.length()): null

04-12-2024T07:30:43 - [TEST_STEP][PASSED] - println(x): null

04-12-2024T07:30:43 - [TEST_STEP][PASSED] - i1 = x.indexOf("/") + 1: null

04-12-2024T07:30:43 - [TEST_STEP][PASSED] - if (i1 > -1): null

04-12-2024T07:30:43 - [TEST_STEP][PASSED] - x = x.substring(i1, x.length()): null

04-12-2024T07:30:43 - [TEST_STEP][PASSED] - println(x): null

04-12-2024T07:30:43 - [TEST_STEP][PASSED] - i1 = x.indexOf("/") + 1: null

04-12-2024T07:30:43 - [TEST_STEP][PASSED] - if (i1 > -1): null

04-12-2024T07:30:43 - [TEST_STEP][PASSED] - x = x.substring(i1, x.length()): null

04-12-2024T07:30:43 - [TEST_STEP][PASSED] - println(x): null

04-12-2024T07:30:43 - [TEST_STEP][PASSED] - i1 = x.indexOf("/") + 1: null

04-12-2024T07:30:43 - [TEST_STEP][PASSED] - if (i1 > -1): null

04-12-2024T07:30:43 - [TEST_STEP][PASSED] - x = x.substring(i1, x.length()): null

04-12-2024T07:30:43 - [TEST_STEP][PASSED] - println(x): null

04-12-2024T07:30:43 - [TEST_STEP][PASSED] - i1 = x.indexOf("/"): null

04-12-2024T07:30:43 - [TEST_STEP][PASSED] - if (i1 > -1): null

04-12-2024T07:30:43 - [TEST_STEP][PASSED] - x = x.substring(0, i1): null

04-12-2024T07:30:43 - [TEST_STEP][PASSED] - println(x): null

04-12-2024T07:30:43 - [TEST_STEP][FAILED] - return x: null

04-12-2024T07:30:43 - [TEST_STEP][PASSED] - println(tabR + "/" + tabB): null

04-12-2024T07:30:43 - [TEST_STEP][FAILED] - if (verifyEqual(tabR, tabB) == false): null

04-12-2024T07:30:43 - [MESSAGE][FAILED] - Unable to verify equal between actual object '3091910' and expected object '3075878' (Root cause: com.kms.katalon.core.exception.StepFailedException: Actual object '3091910' and expected object '3075878' are not equal
	at com.kms.katalon.core.keyword.builtin.VerifyEqualKeyword$_verifyEqual_closure1.doCall(VerifyEqualKeyword.groovy:58)
	at com.kms.katalon.core.keyword.builtin.VerifyEqualKeyword$_verifyEqual_closure1.call(VerifyEqualKeyword.groovy)
	at com.kms.katalon.core.keyword.internal.KeywordMain.runKeyword(KeywordMain.groovy:75)
	at com.kms.katalon.core.keyword.builtin.VerifyEqualKeyword.verifyEqual(VerifyEqualKeyword.groovy:63)
	at com.kms.katalon.core.keyword.builtin.VerifyEqualKeyword.execute(VerifyEqualKeyword.groovy:44)
	at com.kms.katalon.core.keyword.internal.KeywordExecutor.executeKeywordForPlatform(KeywordExecutor.groovy:74)
	at com.kms.katalon.core.keyword.BuiltinKeywords.verifyEqual(BuiltinKeywords.groovy:146)
	at jdk.internal.reflect.GeneratedMethodAccessor25.invoke(Unknown Source)
	at java.base/jdk.internal.reflect.DelegatingMethodAccessorImpl.invoke(DelegatingMethodAccessorImpl.java:43)
	at Выполнение бизнес-плана сверка дашбордов.CompareDZOData(Выполнение бизнес-плана сверка дашбордов:730)
	at Выполнение бизнес-плана сверка дашбордов.run(Выполнение бизнес-плана сверка дашбордов:653)
	at com.kms.katalon.core.main.ScriptEngine.run(ScriptEngine.java:194)
	at com.kms.katalon.core.main.ScriptEngine.runScriptAsRawText(ScriptEngine.java:119)
	at com.kms.katalon.core.main.TestCaseExecutor.runScript(TestCaseExecutor.java:448)
	at com.kms.katalon.core.main.TestCaseExecutor.doExecute(TestCaseExecutor.java:439)
	at com.kms.katalon.core.main.TestCaseExecutor.processExecutionPhase(TestCaseExecutor.java:418)
	at com.kms.katalon.core.main.TestCaseExecutor.accessMainPhase(TestCaseExecutor.java:410)
	at com.kms.katalon.core.main.TestCaseExecutor.execute(TestCaseExecutor.java:285)
	at com.kms.katalon.core.common.CommonExecutor.accessTestCaseMainPhase(CommonExecutor.java:65)
	at com.kms.katalon.core.main.TestSuiteExecutor.accessTestSuiteMainPhase(TestSuiteExecutor.java:150)
	at com.kms.katalon.core.main.TestSuiteExecutor.execute(TestSuiteExecutor.java:106)
	at com.kms.katalon.core.main.TestCaseMain.startTestSuite(TestCaseMain.java:180)
	at TempTestSuite1733285972582.run(TempTestSuite1733285972582.groovy:35)
	at java.base/jdk.internal.reflect.NativeMethodAccessorImpl.invoke0(Native Method)
	at java.base/jdk.internal.reflect.NativeMethodAccessorImpl.invoke(NativeMethodAccessorImpl.java:77)
	at java.base/jdk.internal.reflect.DelegatingMethodAccessorImpl.invoke(DelegatingMethodAccessorImpl.java:43)
)

04-12-2024T07:30:43 - [TEST_STEP][PASSED] - result = WriteToExcel(typeOfData, todaysDate, PercPlanR, PercPlanB, PercFactR, PercFactB, x, tabR, tabB, o1R, o1B, vidget): null

04-12-2024T07:30:43 - [TEST_STEP][PASSED] - iii = dZO.indexOf("/"): null

04-12-2024T07:30:43 - [TEST_STEP][PASSED] - println(iii): null

04-12-2024T07:30:43 - [TEST_STEP][PASSED] - dZO = dZO.substring(0, iii): null

04-12-2024T07:30:43 - [TEST_STEP][PASSED] - println(dZO): null

04-12-2024T07:30:43 - [TEST_STEP][PASSED] - println(PercPlanR): null

04-12-2024T07:30:43 - [TEST_STEP][PASSED] - println(PercPlanB): null

04-12-2024T07:30:43 - [TEST_STEP][PASSED] - println(PercFactR): null

04-12-2024T07:30:43 - [TEST_STEP][PASSED] - println(PercFactB): null

04-12-2024T07:30:43 - [TEST_STEP][PASSED] - println(tabR): null

04-12-2024T07:30:43 - [TEST_STEP][PASSED] - println(tabB): null

04-12-2024T07:30:43 - [TEST_STEP][PASSED] - println(o1R): null

04-12-2024T07:30:43 - [TEST_STEP][PASSED] - println(o1B): null

04-12-2024T07:30:43 - [TEST_STEP][PASSED] - PR = <not implemented yet for class: org.codehaus.groovy.ast.expr.EmptyExpression>: null

04-12-2024T07:30:43 - [TEST_STEP][PASSED] - FR = <not implemented yet for class: org.codehaus.groovy.ast.expr.EmptyExpression>: null

04-12-2024T07:30:43 - [TEST_STEP][PASSED] - PB = <not implemented yet for class: org.codehaus.groovy.ast.expr.EmptyExpression>: null

04-12-2024T07:30:43 - [TEST_STEP][PASSED] - FB = <not implemented yet for class: org.codehaus.groovy.ast.expr.EmptyExpression>: null

04-12-2024T07:30:43 - [TEST_STEP][PASSED] - TR = <not implemented yet for class: org.codehaus.groovy.ast.expr.EmptyExpression>: null

04-12-2024T07:30:43 - [TEST_STEP][PASSED] - TB = <not implemented yet for class: org.codehaus.groovy.ast.expr.EmptyExpression>: null

04-12-2024T07:30:43 - [TEST_STEP][PASSED] - sheetName = "Sheet1": null

04-12-2024T07:30:43 - [TEST_STEP][PASSED] - data = findTestData("PlanFact"): null

04-12-2024T07:30:43 - [TEST_STEP][PASSED] - n = data.getRowNumbers() + 1: null

04-12-2024T07:30:43 - [TEST_STEP][PASSED] - year = todaysDate.substring(todaysDate.length() - 4, todaysDate.length()): null

04-12-2024T07:30:43 - [TEST_STEP][PASSED] - y = year.toInteger(): null

04-12-2024T07:30:43 - [TEST_STEP][PASSED] - m = getText(findTestObject("Выполнение бизнес-плана/Выполнение бизнес-плана Балансы/Фильтр Дата")): Text of object 'Object Repository/Выполнение бизнес-плана/Выполнение бизнес-плана Балансы/Фильтр Дата' is: '1, 2, 3 кв., Октябрь 2024 года'

04-12-2024T07:30:44 - [MESSAGE][PASSED] - Text of object 'Object Repository/Выполнение бизнес-плана/Выполнение бизнес-плана Балансы/Фильтр Дата' is: '1, 2, 3 кв., Октябрь 2024 года'

04-12-2024T07:30:44 - [TEST_STEP][PASSED] - m = m.substring(0, m.indexOf("2024")): null

04-12-2024T07:30:44 - [TEST_STEP][PASSED] - m = m.trim(): null

04-12-2024T07:30:44 - [TEST_STEP][PASSED] - dashboardName = "Выполнение бизнес-плана": null

04-12-2024T07:30:44 - [TEST_STEP][PASSED] - workbook01 = getWorkbook(excelFilePath): null

04-12-2024T07:30:44 - [TEST_STEP][PASSED] - sheet01 = getExcelSheet(workbook01, sheetName): null

04-12-2024T07:30:44 - [TEST_STEP][PASSED] - setValueToCellByIndex(sheet01, n, 0, dashboardName): null

04-12-2024T07:30:44 - [TEST_STEP][PASSED] - setValueToCellByIndex(sheet01, n, 1, dZO): null

04-12-2024T07:30:44 - [TEST_STEP][PASSED] - setValueToCellByIndex(sheet01, n, 2, typeOfData): null

04-12-2024T07:30:44 - [TEST_STEP][PASSED] - setValueToCellByIndex(sheet01, n, 3, typeOfData): null

04-12-2024T07:30:44 - [TEST_STEP][PASSED] - if (typeOfData == "План"): null

04-12-2024T07:30:44 - [TEST_STEP][PASSED] - else if (typeOfData == "Факт"): null

04-12-2024T07:30:44 - [TEST_STEP][PASSED] - else if (vidget.contains("электроэнергии") == true): null

04-12-2024T07:30:44 - [TEST_STEP][PASSED] - if (tabR == null): null

04-12-2024T07:30:44 - [TEST_STEP][PASSED] - else: null

04-12-2024T07:30:44 - [TEST_STEP][PASSED] - if (tabR == "нет данных"): null

04-12-2024T07:30:44 - [TEST_STEP][PASSED] - else: null

04-12-2024T07:30:44 - [TEST_STEP][PASSED] - TR = tabR.toInteger(): null

04-12-2024T07:30:44 - [TEST_STEP][PASSED] - setValueToCellByIndex(sheet01, n, 4, TR): null

04-12-2024T07:30:44 - [TEST_STEP][PASSED] - if (tabB == null): null

04-12-2024T07:30:44 - [TEST_STEP][PASSED] - else: null

04-12-2024T07:30:44 - [TEST_STEP][PASSED] - if (tabB == "нет данных"): null

04-12-2024T07:30:44 - [TEST_STEP][PASSED] - else: null

04-12-2024T07:30:44 - [TEST_STEP][PASSED] - TB = tabB.toInteger(): null

04-12-2024T07:30:44 - [TEST_STEP][PASSED] - setValueToCellByIndex(sheet01, n, 5, TB): null

04-12-2024T07:30:44 - [TEST_STEP][PASSED] - setValueToCellByIndex(sheet01, n, 6, m): null

04-12-2024T07:30:44 - [TEST_STEP][PASSED] - setValueToCellByIndex(sheet01, n, 7, y): null

04-12-2024T07:30:44 - [TEST_STEP][PASSED] - setValueToCellByIndex(sheet01, n, 8, todaysDate): null

04-12-2024T07:30:44 - [TEST_STEP][PASSED] - n = n + 1: null

04-12-2024T07:30:44 - [TEST_STEP][PASSED] - saveWorkbook(excelFilePath, workbook01): null

04-12-2024T07:30:44 - [TEST_STEP][PASSED] - vidget = "Показатели баланса электроэнергии по ДЗО – План": null

04-12-2024T07:30:44 - [TEST_STEP][PASSED] - typeOfData = "План Отпуск в сеть": null

04-12-2024T07:30:44 - [TEST_STEP][PASSED] - tabR = GetOvSPlanR(x = a): null

04-12-2024T07:30:44 - [TEST_STEP][PASSED] - i1 = <not implemented yet for class: org.codehaus.groovy.ast.expr.EmptyExpression>: null

04-12-2024T07:30:44 - [TEST_STEP][PASSED] - ii = <not implemented yet for class: org.codehaus.groovy.ast.expr.EmptyExpression>: null

04-12-2024T07:30:44 - [TEST_STEP][PASSED] - for ([ii = 1, ii < 7, (ii++)]): null

04-12-2024T07:30:44 - [TEST_STEP][PASSED] - i1 = x.indexOf("/") + 1: null

04-12-2024T07:30:44 - [TEST_STEP][PASSED] - if (i1 > -1): null

04-12-2024T07:30:44 - [TEST_STEP][PASSED] - x = x.substring(i1, x.length()): null

04-12-2024T07:30:44 - [TEST_STEP][PASSED] - println(x): null

04-12-2024T07:30:44 - [TEST_STEP][PASSED] - i1 = x.indexOf("/") + 1: null

04-12-2024T07:30:44 - [TEST_STEP][PASSED] - if (i1 > -1): null

04-12-2024T07:30:44 - [TEST_STEP][PASSED] - x = x.substring(i1, x.length()): null

04-12-2024T07:30:44 - [TEST_STEP][PASSED] - println(x): null

04-12-2024T07:30:44 - [TEST_STEP][PASSED] - i1 = x.indexOf("/") + 1: null

04-12-2024T07:30:44 - [TEST_STEP][PASSED] - if (i1 > -1): null

04-12-2024T07:30:44 - [TEST_STEP][PASSED] - x = x.substring(i1, x.length()): null

04-12-2024T07:30:44 - [TEST_STEP][PASSED] - println(x): null

04-12-2024T07:30:44 - [TEST_STEP][PASSED] - i1 = x.indexOf("/") + 1: null

04-12-2024T07:30:44 - [TEST_STEP][PASSED] - if (i1 > -1): null

04-12-2024T07:30:44 - [TEST_STEP][PASSED] - x = x.substring(i1, x.length()): null

04-12-2024T07:30:44 - [TEST_STEP][PASSED] - println(x): null

04-12-2024T07:30:44 - [TEST_STEP][PASSED] - i1 = x.indexOf("/") + 1: null

04-12-2024T07:30:44 - [TEST_STEP][PASSED] - if (i1 > -1): null

04-12-2024T07:30:44 - [TEST_STEP][PASSED] - x = x.substring(i1, x.length()): null

04-12-2024T07:30:44 - [TEST_STEP][PASSED] - println(x): null

04-12-2024T07:30:44 - [TEST_STEP][PASSED] - i1 = x.indexOf("/") + 1: null

04-12-2024T07:30:44 - [TEST_STEP][PASSED] - if (i1 > -1): null

04-12-2024T07:30:44 - [TEST_STEP][PASSED] - x = x.substring(i1, x.length()): null

04-12-2024T07:30:44 - [TEST_STEP][PASSED] - println(x): null

04-12-2024T07:30:44 - [TEST_STEP][PASSED] - i1 = x.indexOf("/"): null

04-12-2024T07:30:44 - [TEST_STEP][PASSED] - if (i1 > -1): null

04-12-2024T07:30:44 - [TEST_STEP][PASSED] - x = x.substring(0, i1): null

04-12-2024T07:30:44 - [TEST_STEP][PASSED] - println(x): null

04-12-2024T07:30:44 - [TEST_STEP][PASSED] - return x: null

04-12-2024T07:30:44 - [TEST_STEP][PASSED] - tabB = GetOvSPlanB(x = b): null

04-12-2024T07:30:44 - [TEST_STEP][PASSED] - i1 = <not implemented yet for class: org.codehaus.groovy.ast.expr.EmptyExpression>: null

04-12-2024T07:30:44 - [TEST_STEP][PASSED] - ii = <not implemented yet for class: org.codehaus.groovy.ast.expr.EmptyExpression>: null

04-12-2024T07:30:44 - [TEST_STEP][PASSED] - for ([ii = 1, ii < 7, (ii++)]): null

04-12-2024T07:30:44 - [TEST_STEP][PASSED] - i1 = x.indexOf("/") + 1: null

04-12-2024T07:30:44 - [TEST_STEP][PASSED] - if (i1 > -1): null

04-12-2024T07:30:44 - [TEST_STEP][PASSED] - x = x.substring(i1, x.length()): null

04-12-2024T07:30:44 - [TEST_STEP][PASSED] - println(x): null

04-12-2024T07:30:44 - [TEST_STEP][PASSED] - i1 = x.indexOf("/") + 1: null

04-12-2024T07:30:44 - [TEST_STEP][PASSED] - if (i1 > -1): null

04-12-2024T07:30:44 - [TEST_STEP][PASSED] - x = x.substring(i1, x.length()): null

04-12-2024T07:30:44 - [TEST_STEP][PASSED] - println(x): null

04-12-2024T07:30:44 - [TEST_STEP][PASSED] - i1 = x.indexOf("/") + 1: null

04-12-2024T07:30:44 - [TEST_STEP][PASSED] - if (i1 > -1): null

04-12-2024T07:30:44 - [TEST_STEP][PASSED] - x = x.substring(i1, x.length()): null

04-12-2024T07:30:44 - [TEST_STEP][PASSED] - println(x): null

04-12-2024T07:30:44 - [TEST_STEP][PASSED] - i1 = x.indexOf("/") + 1: null

04-12-2024T07:30:44 - [TEST_STEP][PASSED] - if (i1 > -1): null

04-12-2024T07:30:44 - [TEST_STEP][PASSED] - x = x.substring(i1, x.length()): null

04-12-2024T07:30:44 - [TEST_STEP][PASSED] - println(x): null

04-12-2024T07:30:44 - [TEST_STEP][PASSED] - i1 = x.indexOf("/") + 1: null

04-12-2024T07:30:44 - [TEST_STEP][PASSED] - if (i1 > -1): null

04-12-2024T07:30:44 - [TEST_STEP][PASSED] - x = x.substring(i1, x.length()): null

04-12-2024T07:30:44 - [TEST_STEP][PASSED] - println(x): null

04-12-2024T07:30:44 - [TEST_STEP][PASSED] - i1 = x.indexOf("/") + 1: null

04-12-2024T07:30:44 - [TEST_STEP][PASSED] - if (i1 > -1): null

04-12-2024T07:30:44 - [TEST_STEP][PASSED] - x = x.substring(i1, x.length()): null

04-12-2024T07:30:44 - [TEST_STEP][PASSED] - println(x): null

04-12-2024T07:30:44 - [TEST_STEP][PASSED] - i1 = x.indexOf("/"): null

04-12-2024T07:30:44 - [TEST_STEP][PASSED] - if (i1 > -1): null

04-12-2024T07:30:44 - [TEST_STEP][PASSED] - x = x.substring(0, i1): null

04-12-2024T07:30:44 - [TEST_STEP][PASSED] - println(x): null

04-12-2024T07:30:44 - [TEST_STEP][PASSED] - return x: null

04-12-2024T07:30:44 - [TEST_STEP][PASSED] - println(tabR + "/" + tabB): null

04-12-2024T07:30:44 - [TEST_STEP][PASSED] - if (verifyEqual(PercFactR, PercFactB) == false): Actual object '6.77' and expected object '6.77' are equal

04-12-2024T07:30:44 - [MESSAGE][PASSED] - Actual object '6.77' and expected object '6.77' are equal

04-12-2024T07:30:44 - [TEST_STEP][PASSED] - typeOfData = "План Отпуск из сети": null

04-12-2024T07:30:44 - [TEST_STEP][PASSED] - tabR = GetOiSPlanR(x = a): null

04-12-2024T07:30:44 - [TEST_STEP][PASSED] - i1 = <not implemented yet for class: org.codehaus.groovy.ast.expr.EmptyExpression>: null

04-12-2024T07:30:44 - [TEST_STEP][PASSED] - ii = <not implemented yet for class: org.codehaus.groovy.ast.expr.EmptyExpression>: null

04-12-2024T07:30:44 - [TEST_STEP][PASSED] - for ([ii = 1, ii < 8, (ii++)]): null

04-12-2024T07:30:44 - [TEST_STEP][PASSED] - i1 = x.indexOf("/") + 1: null

04-12-2024T07:30:44 - [TEST_STEP][PASSED] - if (i1 > -1): null

04-12-2024T07:30:44 - [TEST_STEP][PASSED] - x = x.substring(i1, x.length()): null

04-12-2024T07:30:44 - [TEST_STEP][PASSED] - println(x): null

04-12-2024T07:30:44 - [TEST_STEP][PASSED] - i1 = x.indexOf("/") + 1: null

04-12-2024T07:30:44 - [TEST_STEP][PASSED] - if (i1 > -1): null

04-12-2024T07:30:44 - [TEST_STEP][PASSED] - x = x.substring(i1, x.length()): null

04-12-2024T07:30:44 - [TEST_STEP][PASSED] - println(x): null

04-12-2024T07:30:44 - [TEST_STEP][PASSED] - i1 = x.indexOf("/") + 1: null

04-12-2024T07:30:44 - [TEST_STEP][PASSED] - if (i1 > -1): null

04-12-2024T07:30:44 - [TEST_STEP][PASSED] - x = x.substring(i1, x.length()): null

04-12-2024T07:30:44 - [TEST_STEP][PASSED] - println(x): null

04-12-2024T07:30:44 - [TEST_STEP][PASSED] - i1 = x.indexOf("/") + 1: null

04-12-2024T07:30:44 - [TEST_STEP][PASSED] - if (i1 > -1): null

04-12-2024T07:30:44 - [TEST_STEP][PASSED] - x = x.substring(i1, x.length()): null

04-12-2024T07:30:44 - [TEST_STEP][PASSED] - println(x): null

04-12-2024T07:30:44 - [TEST_STEP][PASSED] - i1 = x.indexOf("/") + 1: null

04-12-2024T07:30:44 - [TEST_STEP][PASSED] - if (i1 > -1): null

04-12-2024T07:30:44 - [TEST_STEP][PASSED] - x = x.substring(i1, x.length()): null

04-12-2024T07:30:44 - [TEST_STEP][PASSED] - println(x): null

04-12-2024T07:30:44 - [TEST_STEP][PASSED] - i1 = x.indexOf("/") + 1: null

04-12-2024T07:30:44 - [TEST_STEP][PASSED] - if (i1 > -1): null

04-12-2024T07:30:44 - [TEST_STEP][PASSED] - x = x.substring(i1, x.length()): null

04-12-2024T07:30:44 - [TEST_STEP][PASSED] - println(x): null

04-12-2024T07:30:44 - [TEST_STEP][PASSED] - i1 = x.indexOf("/") + 1: null

04-12-2024T07:30:44 - [TEST_STEP][PASSED] - if (i1 > -1): null

04-12-2024T07:30:44 - [TEST_STEP][PASSED] - x = x.substring(i1, x.length()): null

04-12-2024T07:30:44 - [TEST_STEP][PASSED] - println(x): null

04-12-2024T07:30:44 - [TEST_STEP][PASSED] - i1 = x.indexOf("/"): null

04-12-2024T07:30:44 - [TEST_STEP][PASSED] - if (i1 > -1): null

04-12-2024T07:30:44 - [TEST_STEP][PASSED] - x = x.substring(0, i1): null

04-12-2024T07:30:44 - [TEST_STEP][PASSED] - println(x): null

04-12-2024T07:30:44 - [TEST_STEP][PASSED] - return x: null

04-12-2024T07:30:44 - [TEST_STEP][PASSED] - tabB = GetOiSPlanB(x = b): null

04-12-2024T07:30:44 - [TEST_STEP][PASSED] - i1 = <not implemented yet for class: org.codehaus.groovy.ast.expr.EmptyExpression>: null

04-12-2024T07:30:44 - [TEST_STEP][PASSED] - ii = <not implemented yet for class: org.codehaus.groovy.ast.expr.EmptyExpression>: null

04-12-2024T07:30:44 - [TEST_STEP][PASSED] - for ([ii = 1, ii < 8, (ii++)]): null

04-12-2024T07:30:44 - [TEST_STEP][PASSED] - i1 = x.indexOf("/") + 1: null

04-12-2024T07:30:44 - [TEST_STEP][PASSED] - if (i1 > -1): null

04-12-2024T07:30:44 - [TEST_STEP][PASSED] - x = x.substring(i1, x.length()): null

04-12-2024T07:30:44 - [TEST_STEP][PASSED] - println(x): null

04-12-2024T07:30:44 - [TEST_STEP][PASSED] - i1 = x.indexOf("/") + 1: null

04-12-2024T07:30:44 - [TEST_STEP][PASSED] - if (i1 > -1): null

04-12-2024T07:30:44 - [TEST_STEP][PASSED] - x = x.substring(i1, x.length()): null

04-12-2024T07:30:44 - [TEST_STEP][PASSED] - println(x): null

04-12-2024T07:30:44 - [TEST_STEP][PASSED] - i1 = x.indexOf("/") + 1: null

04-12-2024T07:30:44 - [TEST_STEP][PASSED] - if (i1 > -1): null

04-12-2024T07:30:44 - [TEST_STEP][PASSED] - x = x.substring(i1, x.length()): null

04-12-2024T07:30:44 - [TEST_STEP][PASSED] - println(x): null

04-12-2024T07:30:44 - [TEST_STEP][PASSED] - i1 = x.indexOf("/") + 1: null

04-12-2024T07:30:44 - [TEST_STEP][PASSED] - if (i1 > -1): null

04-12-2024T07:30:44 - [TEST_STEP][PASSED] - x = x.substring(i1, x.length()): null

04-12-2024T07:30:44 - [TEST_STEP][PASSED] - println(x): null

04-12-2024T07:30:44 - [TEST_STEP][PASSED] - i1 = x.indexOf("/") + 1: null

04-12-2024T07:30:44 - [TEST_STEP][PASSED] - if (i1 > -1): null

04-12-2024T07:30:44 - [TEST_STEP][PASSED] - x = x.substring(i1, x.length()): null

04-12-2024T07:30:44 - [TEST_STEP][PASSED] - println(x): null

04-12-2024T07:30:44 - [TEST_STEP][PASSED] - i1 = x.indexOf("/") + 1: null

04-12-2024T07:30:44 - [TEST_STEP][PASSED] - if (i1 > -1): null

04-12-2024T07:30:44 - [TEST_STEP][PASSED] - x = x.substring(i1, x.length()): null

04-12-2024T07:30:44 - [TEST_STEP][PASSED] - println(x): null

04-12-2024T07:30:44 - [TEST_STEP][PASSED] - i1 = x.indexOf("/") + 1: null

04-12-2024T07:30:44 - [TEST_STEP][PASSED] - if (i1 > -1): null

04-12-2024T07:30:44 - [TEST_STEP][PASSED] - x = x.substring(i1, x.length()): null

04-12-2024T07:30:44 - [TEST_STEP][PASSED] - println(x): null

04-12-2024T07:30:44 - [TEST_STEP][PASSED] - i1 = x.indexOf("/"): null

04-12-2024T07:30:44 - [TEST_STEP][PASSED] - if (i1 > -1): null

04-12-2024T07:30:44 - [TEST_STEP][PASSED] - x = x.substring(0, i1): null

04-12-2024T07:30:44 - [TEST_STEP][PASSED] - println(x): null

04-12-2024T07:30:44 - [TEST_STEP][PASSED] - return x: null

04-12-2024T07:30:44 - [TEST_STEP][PASSED] - println(tabR + "/" + tabB): null

04-12-2024T07:30:44 - [TEST_STEP][PASSED] - if (verifyEqual(PercFactR, PercFactB) == false): Actual object '6.77' and expected object '6.77' are equal

04-12-2024T07:30:44 - [MESSAGE][PASSED] - Actual object '6.77' and expected object '6.77' are equal

04-12-2024T07:30:44 - [TEST_STEP][PASSED] - typeOfData = "План Потери": null

04-12-2024T07:30:44 - [TEST_STEP][PASSED] - tabR = GetPPlanR(x = a): null

04-12-2024T07:30:44 - [TEST_STEP][PASSED] - i1 = <not implemented yet for class: org.codehaus.groovy.ast.expr.EmptyExpression>: null

04-12-2024T07:30:44 - [TEST_STEP][PASSED] - ii = <not implemented yet for class: org.codehaus.groovy.ast.expr.EmptyExpression>: null

04-12-2024T07:30:44 - [TEST_STEP][PASSED] - for ([ii = 1, ii < 9, (ii++)]): null

04-12-2024T07:30:44 - [TEST_STEP][PASSED] - i1 = x.indexOf("/") + 1: null

04-12-2024T07:30:44 - [TEST_STEP][PASSED] - if (i1 > -1): null

04-12-2024T07:30:44 - [TEST_STEP][PASSED] - x = x.substring(i1, x.length()): null

04-12-2024T07:30:44 - [TEST_STEP][PASSED] - println(x): null

04-12-2024T07:30:44 - [TEST_STEP][PASSED] - i1 = x.indexOf("/") + 1: null

04-12-2024T07:30:44 - [TEST_STEP][PASSED] - if (i1 > -1): null

04-12-2024T07:30:44 - [TEST_STEP][PASSED] - x = x.substring(i1, x.length()): null

04-12-2024T07:30:44 - [TEST_STEP][PASSED] - println(x): null

04-12-2024T07:30:44 - [TEST_STEP][PASSED] - i1 = x.indexOf("/") + 1: null

04-12-2024T07:30:44 - [TEST_STEP][PASSED] - if (i1 > -1): null

04-12-2024T07:30:44 - [TEST_STEP][PASSED] - x = x.substring(i1, x.length()): null

04-12-2024T07:30:44 - [TEST_STEP][PASSED] - println(x): null

04-12-2024T07:30:44 - [TEST_STEP][PASSED] - i1 = x.indexOf("/") + 1: null

04-12-2024T07:30:44 - [TEST_STEP][PASSED] - if (i1 > -1): null

04-12-2024T07:30:44 - [TEST_STEP][PASSED] - x = x.substring(i1, x.length()): null

04-12-2024T07:30:44 - [TEST_STEP][PASSED] - println(x): null

04-12-2024T07:30:44 - [TEST_STEP][PASSED] - i1 = x.indexOf("/") + 1: null

04-12-2024T07:30:44 - [TEST_STEP][PASSED] - if (i1 > -1): null

04-12-2024T07:30:44 - [TEST_STEP][PASSED] - x = x.substring(i1, x.length()): null

04-12-2024T07:30:44 - [TEST_STEP][PASSED] - println(x): null

04-12-2024T07:30:44 - [TEST_STEP][PASSED] - i1 = x.indexOf("/") + 1: null

04-12-2024T07:30:44 - [TEST_STEP][PASSED] - if (i1 > -1): null

04-12-2024T07:30:44 - [TEST_STEP][PASSED] - x = x.substring(i1, x.length()): null

04-12-2024T07:30:44 - [TEST_STEP][PASSED] - println(x): null

04-12-2024T07:30:44 - [TEST_STEP][PASSED] - i1 = x.indexOf("/") + 1: null

04-12-2024T07:30:44 - [TEST_STEP][PASSED] - if (i1 > -1): null

04-12-2024T07:30:44 - [TEST_STEP][PASSED] - x = x.substring(i1, x.length()): null

04-12-2024T07:30:44 - [TEST_STEP][PASSED] - println(x): null

04-12-2024T07:30:44 - [TEST_STEP][PASSED] - i1 = x.indexOf("/") + 1: null

04-12-2024T07:30:44 - [TEST_STEP][PASSED] - if (i1 > -1): null

04-12-2024T07:30:44 - [TEST_STEP][PASSED] - x = x.substring(i1, x.length()): null

04-12-2024T07:30:44 - [TEST_STEP][PASSED] - println(x): null

04-12-2024T07:30:44 - [TEST_STEP][PASSED] - i1 = x.indexOf("/"): null

04-12-2024T07:30:44 - [TEST_STEP][PASSED] - if (i1 > -1): null

04-12-2024T07:30:44 - [TEST_STEP][PASSED] - x = x.substring(0, i1): null

04-12-2024T07:30:44 - [TEST_STEP][PASSED] - println(x): null

04-12-2024T07:30:44 - [TEST_STEP][PASSED] - return x: null

04-12-2024T07:30:44 - [TEST_STEP][PASSED] - tabB = GetPPlanB(x = b): null

04-12-2024T07:30:44 - [TEST_STEP][PASSED] - i1 = <not implemented yet for class: org.codehaus.groovy.ast.expr.EmptyExpression>: null

04-12-2024T07:30:44 - [TEST_STEP][PASSED] - ii = <not implemented yet for class: org.codehaus.groovy.ast.expr.EmptyExpression>: null

04-12-2024T07:30:44 - [TEST_STEP][PASSED] - for ([ii = 1, ii < 9, (ii++)]): null

04-12-2024T07:30:44 - [TEST_STEP][PASSED] - i1 = x.indexOf("/") + 1: null

04-12-2024T07:30:44 - [TEST_STEP][PASSED] - if (i1 > -1): null

04-12-2024T07:30:44 - [TEST_STEP][PASSED] - x = x.substring(i1, x.length()): null

04-12-2024T07:30:44 - [TEST_STEP][PASSED] - println(x): null

04-12-2024T07:30:44 - [TEST_STEP][PASSED] - i1 = x.indexOf("/") + 1: null

04-12-2024T07:30:44 - [TEST_STEP][PASSED] - if (i1 > -1): null

04-12-2024T07:30:44 - [TEST_STEP][PASSED] - x = x.substring(i1, x.length()): null

04-12-2024T07:30:44 - [TEST_STEP][PASSED] - println(x): null

04-12-2024T07:30:44 - [TEST_STEP][PASSED] - i1 = x.indexOf("/") + 1: null

04-12-2024T07:30:44 - [TEST_STEP][PASSED] - if (i1 > -1): null

04-12-2024T07:30:44 - [TEST_STEP][PASSED] - x = x.substring(i1, x.length()): null

04-12-2024T07:30:44 - [TEST_STEP][PASSED] - println(x): null

04-12-2024T07:30:44 - [TEST_STEP][PASSED] - i1 = x.indexOf("/") + 1: null

04-12-2024T07:30:44 - [TEST_STEP][PASSED] - if (i1 > -1): null

04-12-2024T07:30:44 - [TEST_STEP][PASSED] - x = x.substring(i1, x.length()): null

04-12-2024T07:30:44 - [TEST_STEP][PASSED] - println(x): null

04-12-2024T07:30:44 - [TEST_STEP][PASSED] - i1 = x.indexOf("/") + 1: null

04-12-2024T07:30:44 - [TEST_STEP][PASSED] - if (i1 > -1): null

04-12-2024T07:30:44 - [TEST_STEP][PASSED] - x = x.substring(i1, x.length()): null

04-12-2024T07:30:44 - [TEST_STEP][PASSED] - println(x): null

04-12-2024T07:30:44 - [TEST_STEP][PASSED] - i1 = x.indexOf("/") + 1: null

04-12-2024T07:30:44 - [TEST_STEP][PASSED] - if (i1 > -1): null

04-12-2024T07:30:44 - [TEST_STEP][PASSED] - x = x.substring(i1, x.length()): null

04-12-2024T07:30:44 - [TEST_STEP][PASSED] - println(x): null

04-12-2024T07:30:44 - [TEST_STEP][PASSED] - i1 = x.indexOf("/") + 1: null

04-12-2024T07:30:44 - [TEST_STEP][PASSED] - if (i1 > -1): null

04-12-2024T07:30:44 - [TEST_STEP][PASSED] - x = x.substring(i1, x.length()): null

04-12-2024T07:30:44 - [TEST_STEP][PASSED] - println(x): null

04-12-2024T07:30:44 - [TEST_STEP][PASSED] - i1 = x.indexOf("/") + 1: null

04-12-2024T07:30:44 - [TEST_STEP][PASSED] - if (i1 > -1): null

04-12-2024T07:30:44 - [TEST_STEP][PASSED] - x = x.substring(i1, x.length()): null

04-12-2024T07:30:44 - [TEST_STEP][PASSED] - println(x): null

04-12-2024T07:30:44 - [TEST_STEP][PASSED] - i1 = x.indexOf("/"): null

04-12-2024T07:30:44 - [TEST_STEP][PASSED] - if (i1 > -1): null

04-12-2024T07:30:44 - [TEST_STEP][PASSED] - x = x.substring(0, i1): null

04-12-2024T07:30:44 - [TEST_STEP][PASSED] - println(x): null

04-12-2024T07:30:44 - [TEST_STEP][PASSED] - return x: null

04-12-2024T07:30:44 - [TEST_STEP][PASSED] - println(tabR + "/" + tabB): null

04-12-2024T07:30:44 - [TEST_STEP][PASSED] - if (verifyEqual(PercFactR, PercFactB) == false): Actual object '6.77' and expected object '6.77' are equal

04-12-2024T07:30:44 - [MESSAGE][PASSED] - Actual object '6.77' and expected object '6.77' are equal

04-12-2024T07:30:44 - [TEST_STEP][PASSED] - ii2 = a.indexOf("ПАО"): null

04-12-2024T07:30:44 - [TEST_STEP][PASSED] - if (ii2 == -1): null

04-12-2024T07:30:44 - [TEST_STEP][PASSED] - vidget = "Отклонения фактического уровня потерь от бизнес-плана": null

04-12-2024T07:30:44 - [TEST_STEP][PASSED] - typeOfData = "Коэффициент": null

04-12-2024T07:30:44 - [TEST_STEP][PASSED] - o1R = Geto1R(x = a): null

04-12-2024T07:30:44 - [TEST_STEP][PASSED] - i1 = <not implemented yet for class: org.codehaus.groovy.ast.expr.EmptyExpression>: null

04-12-2024T07:30:44 - [TEST_STEP][PASSED] - ii = <not implemented yet for class: org.codehaus.groovy.ast.expr.EmptyExpression>: null

04-12-2024T07:30:44 - [TEST_STEP][PASSED] - for ([ii = 1, ii < 10, (ii++)]): null

04-12-2024T07:30:44 - [TEST_STEP][PASSED] - i1 = x.indexOf("/") + 1: null

04-12-2024T07:30:44 - [TEST_STEP][PASSED] - if (i1 > -1): null

04-12-2024T07:30:44 - [TEST_STEP][PASSED] - x = x.substring(i1, x.length()): null

04-12-2024T07:30:44 - [TEST_STEP][PASSED] - i1 = x.indexOf("/") + 1: null

04-12-2024T07:30:44 - [TEST_STEP][PASSED] - if (i1 > -1): null

04-12-2024T07:30:44 - [TEST_STEP][PASSED] - x = x.substring(i1, x.length()): null

04-12-2024T07:30:44 - [TEST_STEP][PASSED] - i1 = x.indexOf("/") + 1: null

04-12-2024T07:30:44 - [TEST_STEP][PASSED] - if (i1 > -1): null

04-12-2024T07:30:44 - [TEST_STEP][PASSED] - x = x.substring(i1, x.length()): null

04-12-2024T07:30:44 - [TEST_STEP][PASSED] - i1 = x.indexOf("/") + 1: null

04-12-2024T07:30:44 - [TEST_STEP][PASSED] - if (i1 > -1): null

04-12-2024T07:30:44 - [TEST_STEP][PASSED] - x = x.substring(i1, x.length()): null

04-12-2024T07:30:44 - [TEST_STEP][PASSED] - i1 = x.indexOf("/") + 1: null

04-12-2024T07:30:44 - [TEST_STEP][PASSED] - if (i1 > -1): null

04-12-2024T07:30:44 - [TEST_STEP][PASSED] - x = x.substring(i1, x.length()): null

04-12-2024T07:30:44 - [TEST_STEP][PASSED] - i1 = x.indexOf("/") + 1: null

04-12-2024T07:30:44 - [TEST_STEP][PASSED] - if (i1 > -1): null

04-12-2024T07:30:44 - [TEST_STEP][PASSED] - x = x.substring(i1, x.length()): null

04-12-2024T07:30:44 - [TEST_STEP][PASSED] - i1 = x.indexOf("/") + 1: null

04-12-2024T07:30:44 - [TEST_STEP][PASSED] - if (i1 > -1): null

04-12-2024T07:30:44 - [TEST_STEP][PASSED] - x = x.substring(i1, x.length()): null

04-12-2024T07:30:44 - [TEST_STEP][PASSED] - i1 = x.indexOf("/") + 1: null

04-12-2024T07:30:44 - [TEST_STEP][PASSED] - if (i1 > -1): null

04-12-2024T07:30:44 - [TEST_STEP][PASSED] - x = x.substring(i1, x.length()): null

04-12-2024T07:30:44 - [TEST_STEP][PASSED] - i1 = x.indexOf("/") + 1: null

04-12-2024T07:30:44 - [TEST_STEP][PASSED] - if (i1 > -1): null

04-12-2024T07:30:44 - [TEST_STEP][PASSED] - x = x.substring(i1, x.length()): null

04-12-2024T07:30:44 - [TEST_STEP][PASSED] - i1 = x.indexOf("/"): null

04-12-2024T07:30:44 - [TEST_STEP][PASSED] - if (i1 > -1): null

04-12-2024T07:30:44 - [TEST_STEP][PASSED] - println(x): null

04-12-2024T07:30:44 - [TEST_STEP][PASSED] - return x: null

04-12-2024T07:30:44 - [TEST_STEP][PASSED] - o1B = Geto1B(x = b): null

04-12-2024T07:30:44 - [TEST_STEP][PASSED] - i1 = <not implemented yet for class: org.codehaus.groovy.ast.expr.EmptyExpression>: null

04-12-2024T07:30:44 - [TEST_STEP][PASSED] - ii = <not implemented yet for class: org.codehaus.groovy.ast.expr.EmptyExpression>: null

04-12-2024T07:30:44 - [TEST_STEP][PASSED] - for ([ii = 1, ii < 10, (ii++)]): null

04-12-2024T07:30:44 - [TEST_STEP][PASSED] - i1 = x.indexOf("/") + 1: null

04-12-2024T07:30:44 - [TEST_STEP][PASSED] - if (i1 > -1): null

04-12-2024T07:30:44 - [TEST_STEP][PASSED] - x = x.substring(i1, x.length()): null

04-12-2024T07:30:44 - [TEST_STEP][PASSED] - i1 = x.indexOf("/") + 1: null

04-12-2024T07:30:44 - [TEST_STEP][PASSED] - if (i1 > -1): null

04-12-2024T07:30:44 - [TEST_STEP][PASSED] - x = x.substring(i1, x.length()): null

04-12-2024T07:30:44 - [TEST_STEP][PASSED] - i1 = x.indexOf("/") + 1: null

04-12-2024T07:30:44 - [TEST_STEP][PASSED] - if (i1 > -1): null

04-12-2024T07:30:44 - [TEST_STEP][PASSED] - x = x.substring(i1, x.length()): null

04-12-2024T07:30:44 - [TEST_STEP][PASSED] - i1 = x.indexOf("/") + 1: null

04-12-2024T07:30:44 - [TEST_STEP][PASSED] - if (i1 > -1): null

04-12-2024T07:30:44 - [TEST_STEP][PASSED] - x = x.substring(i1, x.length()): null

04-12-2024T07:30:44 - [TEST_STEP][PASSED] - i1 = x.indexOf("/") + 1: null

04-12-2024T07:30:44 - [TEST_STEP][PASSED] - if (i1 > -1): null

04-12-2024T07:30:44 - [TEST_STEP][PASSED] - x = x.substring(i1, x.length()): null

04-12-2024T07:30:44 - [TEST_STEP][PASSED] - i1 = x.indexOf("/") + 1: null

04-12-2024T07:30:44 - [TEST_STEP][PASSED] - if (i1 > -1): null

04-12-2024T07:30:44 - [TEST_STEP][PASSED] - x = x.substring(i1, x.length()): null

04-12-2024T07:30:44 - [TEST_STEP][PASSED] - i1 = x.indexOf("/") + 1: null

04-12-2024T07:30:44 - [TEST_STEP][PASSED] - if (i1 > -1): null

04-12-2024T07:30:44 - [TEST_STEP][PASSED] - x = x.substring(i1, x.length()): null

04-12-2024T07:30:44 - [TEST_STEP][PASSED] - i1 = x.indexOf("/") + 1: null

04-12-2024T07:30:44 - [TEST_STEP][PASSED] - if (i1 > -1): null

04-12-2024T07:30:44 - [TEST_STEP][PASSED] - x = x.substring(i1, x.length()): null

04-12-2024T07:30:44 - [TEST_STEP][PASSED] - i1 = x.indexOf("/") + 1: null

04-12-2024T07:30:44 - [TEST_STEP][PASSED] - if (i1 > -1): null

04-12-2024T07:30:44 - [TEST_STEP][PASSED] - x = x.substring(i1, x.length()): null

04-12-2024T07:30:44 - [TEST_STEP][PASSED] - i1 = x.indexOf("/"): null

04-12-2024T07:30:44 - [TEST_STEP][PASSED] - if (i1 > -1): null

04-12-2024T07:30:44 - [TEST_STEP][PASSED] - println(x): null

04-12-2024T07:30:44 - [TEST_STEP][FAILED] - return x: null

04-12-2024T07:30:44 - [TEST_STEP][PASSED] - println(o1R + "/" + o1B): null

04-12-2024T07:30:44 - [TEST_STEP][PASSED] - if (verifyEqual(PercFactR, PercFactB) == false): Actual object '6.77' and expected object '6.77' are equal

04-12-2024T07:30:44 - [MESSAGE][PASSED] - Actual object '6.77' and expected object '6.77' are equal

04-12-2024T07:30:44 - [TEST_STEP][FAILED] - if (verifyEqual(ugR, ugB) == false): null

04-12-2024T07:30:44 - [MESSAGE][FAILED] - Unable to verify equal between actual object 'Россети Юг (ГК)/нет данных/нет данных/нет данных/нет данных/нет данных/нет данных/нет данных/нет данных/нет данных' and expected object 'Россети Юг (ГК)/9.03/8.58/24803317/22675442/2127876/24059967/21888350/2171617/-0.45' (Root cause: com.kms.katalon.core.exception.StepFailedException: Actual object 'Россети Юг (ГК)/нет данных/нет данных/нет данных/нет данных/нет данных/нет данных/нет данных/нет данных/нет данных' and expected object 'Россети Юг (ГК)/9.03/8.58/24803317/22675442/2127876/24059967/21888350/2171617/-0.45' are not equal
	at com.kms.katalon.core.keyword.builtin.VerifyEqualKeyword$_verifyEqual_closure1.doCall(VerifyEqualKeyword.groovy:58)
	at com.kms.katalon.core.keyword.builtin.VerifyEqualKeyword$_verifyEqual_closure1.call(VerifyEqualKeyword.groovy)
	at com.kms.katalon.core.keyword.internal.KeywordMain.runKeyword(KeywordMain.groovy:75)
	at com.kms.katalon.core.keyword.builtin.VerifyEqualKeyword.verifyEqual(VerifyEqualKeyword.groovy:63)
	at com.kms.katalon.core.keyword.builtin.VerifyEqualKeyword.execute(VerifyEqualKeyword.groovy:44)
	at com.kms.katalon.core.keyword.internal.KeywordExecutor.executeKeywordForPlatform(KeywordExecutor.groovy:74)
	at com.kms.katalon.core.keyword.BuiltinKeywords.verifyEqual(BuiltinKeywords.groovy:146)
	at jdk.internal.reflect.GeneratedMethodAccessor25.invoke(Unknown Source)
	at java.base/jdk.internal.reflect.DelegatingMethodAccessorImpl.invoke(DelegatingMethodAccessorImpl.java:43)
	at Выполнение бизнес-плана сверка дашбордов.run(Выполнение бизнес-плана сверка дашбордов:657)
	at com.kms.katalon.core.main.ScriptEngine.run(ScriptEngine.java:194)
	at com.kms.katalon.core.main.ScriptEngine.runScriptAsRawText(ScriptEngine.java:119)
	at com.kms.katalon.core.main.TestCaseExecutor.runScript(TestCaseExecutor.java:448)
	at com.kms.katalon.core.main.TestCaseExecutor.doExecute(TestCaseExecutor.java:439)
	at com.kms.katalon.core.main.TestCaseExecutor.processExecutionPhase(TestCaseExecutor.java:418)
	at com.kms.katalon.core.main.TestCaseExecutor.accessMainPhase(TestCaseExecutor.java:410)
	at com.kms.katalon.core.main.TestCaseExecutor.execute(TestCaseExecutor.java:285)
	at com.kms.katalon.core.common.CommonExecutor.accessTestCaseMainPhase(CommonExecutor.java:65)
	at com.kms.katalon.core.main.TestSuiteExecutor.accessTestSuiteMainPhase(TestSuiteExecutor.java:150)
	at com.kms.katalon.core.main.TestSuiteExecutor.execute(TestSuiteExecutor.java:106)
	at com.kms.katalon.core.main.TestCaseMain.startTestSuite(TestCaseMain.java:180)
	at TempTestSuite1733285972582.run(TempTestSuite1733285972582.groovy:35)
	at java.base/jdk.internal.reflect.NativeMethodAccessorImpl.invoke0(Native Method)
	at java.base/jdk.internal.reflect.NativeMethodAccessorImpl.invoke(NativeMethodAccessorImpl.java:77)
	at java.base/jdk.internal.reflect.DelegatingMethodAccessorImpl.invoke(DelegatingMethodAccessorImpl.java:43)
)

04-12-2024T07:32:05 - [TEST_STEP][PASSED] - result = CompareDZOData(a = ugR, b = ugB, dZO, typeOfData, PercPlanR, PercPlanB, PercFactR, PercFactB, todaysDate, x, vidget, tabR, tabB, o1R, o1B): null

04-12-2024T07:32:05 - [TEST_STEP][PASSED] - ii2 = <not implemented yet for class: org.codehaus.groovy.ast.expr.EmptyExpression>: null

04-12-2024T07:32:05 - [TEST_STEP][FAILED] - if (verifyEqual(a, b) == false): null

04-12-2024T07:32:05 - [MESSAGE][FAILED] - Unable to verify equal between actual object 'Россети Юг (ГК)/нет данных/нет данных/нет данных/нет данных/нет данных/нет данных/нет данных/нет данных/нет данных' and expected object 'Россети Юг (ГК)/9.03/8.58/24803317/22675442/2127876/24059967/21888350/2171617/-0.45' (Root cause: com.kms.katalon.core.exception.StepFailedException: Actual object 'Россети Юг (ГК)/нет данных/нет данных/нет данных/нет данных/нет данных/нет данных/нет данных/нет данных/нет данных' and expected object 'Россети Юг (ГК)/9.03/8.58/24803317/22675442/2127876/24059967/21888350/2171617/-0.45' are not equal
	at com.kms.katalon.core.keyword.builtin.VerifyEqualKeyword$_verifyEqual_closure1.doCall(VerifyEqualKeyword.groovy:58)
	at com.kms.katalon.core.keyword.builtin.VerifyEqualKeyword$_verifyEqual_closure1.call(VerifyEqualKeyword.groovy)
	at com.kms.katalon.core.keyword.internal.KeywordMain.runKeyword(KeywordMain.groovy:75)
	at com.kms.katalon.core.keyword.builtin.VerifyEqualKeyword.verifyEqual(VerifyEqualKeyword.groovy:63)
	at com.kms.katalon.core.keyword.builtin.VerifyEqualKeyword.execute(VerifyEqualKeyword.groovy:44)
	at com.kms.katalon.core.keyword.internal.KeywordExecutor.executeKeywordForPlatform(KeywordExecutor.groovy:74)
	at com.kms.katalon.core.keyword.BuiltinKeywords.verifyEqual(BuiltinKeywords.groovy:146)
	at jdk.internal.reflect.GeneratedMethodAccessor25.invoke(Unknown Source)
	at java.base/jdk.internal.reflect.DelegatingMethodAccessorImpl.invoke(DelegatingMethodAccessorImpl.java:43)
	at Выполнение бизнес-плана сверка дашбордов.CompareDZOData(Выполнение бизнес-плана сверка дашбордов:673)
	at Выполнение бизнес-плана сверка дашбордов.run(Выполнение бизнес-плана сверка дашбордов:658)
	at com.kms.katalon.core.main.ScriptEngine.run(ScriptEngine.java:194)
	at com.kms.katalon.core.main.ScriptEngine.runScriptAsRawText(ScriptEngine.java:119)
	at com.kms.katalon.core.main.TestCaseExecutor.runScript(TestCaseExecutor.java:448)
	at com.kms.katalon.core.main.TestCaseExecutor.doExecute(TestCaseExecutor.java:439)
	at com.kms.katalon.core.main.TestCaseExecutor.processExecutionPhase(TestCaseExecutor.java:418)
	at com.kms.katalon.core.main.TestCaseExecutor.accessMainPhase(TestCaseExecutor.java:410)
	at com.kms.katalon.core.main.TestCaseExecutor.execute(TestCaseExecutor.java:285)
	at com.kms.katalon.core.common.CommonExecutor.accessTestCaseMainPhase(CommonExecutor.java:65)
	at com.kms.katalon.core.main.TestSuiteExecutor.accessTestSuiteMainPhase(TestSuiteExecutor.java:150)
	at com.kms.katalon.core.main.TestSuiteExecutor.execute(TestSuiteExecutor.java:106)
	at com.kms.katalon.core.main.TestCaseMain.startTestSuite(TestCaseMain.java:180)
	at TempTestSuite1733285972582.run(TempTestSuite1733285972582.groovy:35)
	at java.base/jdk.internal.reflect.NativeMethodAccessorImpl.invoke0(Native Method)
	at java.base/jdk.internal.reflect.NativeMethodAccessorImpl.invoke(NativeMethodAccessorImpl.java:77)
	at java.base/jdk.internal.reflect.DelegatingMethodAccessorImpl.invoke(DelegatingMethodAccessorImpl.java:43)
)

04-12-2024T07:32:05 - [TEST_STEP][PASSED] - vidget = "Уровень потерь электроэнергии": null

04-12-2024T07:32:05 - [TEST_STEP][PASSED] - typeOfData = "План": null

04-12-2024T07:32:05 - [TEST_STEP][PASSED] - PercPlanR = GetPercPlanR(x = a): null

04-12-2024T07:32:05 - [TEST_STEP][PASSED] - i1 = <not implemented yet for class: org.codehaus.groovy.ast.expr.EmptyExpression>: null

04-12-2024T07:32:05 - [TEST_STEP][PASSED] - i1 = x.indexOf("/") + 1: null

04-12-2024T07:32:05 - [TEST_STEP][PASSED] - if (i1 > -1): null

04-12-2024T07:32:05 - [TEST_STEP][PASSED] - x = x.substring(i1, x.length()): null

04-12-2024T07:32:05 - [TEST_STEP][PASSED] - i1 = x.indexOf("/"): null

04-12-2024T07:32:05 - [TEST_STEP][PASSED] - if (i1 > -1): null

04-12-2024T07:32:05 - [TEST_STEP][PASSED] - x = x.substring(0, i1): null

04-12-2024T07:32:05 - [TEST_STEP][PASSED] - return x: null

04-12-2024T07:32:05 - [TEST_STEP][PASSED] - PercPlanB = GetPercPlanB(x = b): null

04-12-2024T07:32:05 - [TEST_STEP][PASSED] - i1 = <not implemented yet for class: org.codehaus.groovy.ast.expr.EmptyExpression>: null

04-12-2024T07:32:05 - [TEST_STEP][PASSED] - i1 = x.indexOf("/") + 1: null

04-12-2024T07:32:05 - [TEST_STEP][PASSED] - if (i1 > -1): null

04-12-2024T07:32:05 - [TEST_STEP][PASSED] - x = x.substring(i1, x.length()): null

04-12-2024T07:32:05 - [TEST_STEP][PASSED] - i1 = x.indexOf("/"): null

04-12-2024T07:32:05 - [TEST_STEP][PASSED] - if (i1 > -1): null

04-12-2024T07:32:05 - [TEST_STEP][PASSED] - x = x.substring(0, i1): null

04-12-2024T07:32:05 - [TEST_STEP][FAILED] - return x: null

04-12-2024T07:32:05 - [TEST_STEP][FAILED] - if (verifyEqual(PercPlanR, PercPlanB) == false): null

04-12-2024T07:32:05 - [MESSAGE][FAILED] - Unable to verify equal between actual object 'нет данных' and expected object '9.03' (Root cause: com.kms.katalon.core.exception.StepFailedException: Actual object 'нет данных' and expected object '9.03' are not equal
	at com.kms.katalon.core.keyword.builtin.VerifyEqualKeyword$_verifyEqual_closure1.doCall(VerifyEqualKeyword.groovy:58)
	at com.kms.katalon.core.keyword.builtin.VerifyEqualKeyword$_verifyEqual_closure1.call(VerifyEqualKeyword.groovy)
	at com.kms.katalon.core.keyword.internal.KeywordMain.runKeyword(KeywordMain.groovy:75)
	at com.kms.katalon.core.keyword.builtin.VerifyEqualKeyword.verifyEqual(VerifyEqualKeyword.groovy:63)
	at com.kms.katalon.core.keyword.builtin.VerifyEqualKeyword.execute(VerifyEqualKeyword.groovy:44)
	at com.kms.katalon.core.keyword.internal.KeywordExecutor.executeKeywordForPlatform(KeywordExecutor.groovy:74)
	at com.kms.katalon.core.keyword.BuiltinKeywords.verifyEqual(BuiltinKeywords.groovy:146)
	at jdk.internal.reflect.GeneratedMethodAccessor25.invoke(Unknown Source)
	at java.base/jdk.internal.reflect.DelegatingMethodAccessorImpl.invoke(DelegatingMethodAccessorImpl.java:43)
	at Выполнение бизнес-плана сверка дашбордов.CompareDZOData(Выполнение бизнес-плана сверка дашбордов:682)
	at Выполнение бизнес-плана сверка дашбордов.run(Выполнение бизнес-плана сверка дашбордов:658)
	at com.kms.katalon.core.main.ScriptEngine.run(ScriptEngine.java:194)
	at com.kms.katalon.core.main.ScriptEngine.runScriptAsRawText(ScriptEngine.java:119)
	at com.kms.katalon.core.main.TestCaseExecutor.runScript(TestCaseExecutor.java:448)
	at com.kms.katalon.core.main.TestCaseExecutor.doExecute(TestCaseExecutor.java:439)
	at com.kms.katalon.core.main.TestCaseExecutor.processExecutionPhase(TestCaseExecutor.java:418)
	at com.kms.katalon.core.main.TestCaseExecutor.accessMainPhase(TestCaseExecutor.java:410)
	at com.kms.katalon.core.main.TestCaseExecutor.execute(TestCaseExecutor.java:285)
	at com.kms.katalon.core.common.CommonExecutor.accessTestCaseMainPhase(CommonExecutor.java:65)
	at com.kms.katalon.core.main.TestSuiteExecutor.accessTestSuiteMainPhase(TestSuiteExecutor.java:150)
	at com.kms.katalon.core.main.TestSuiteExecutor.execute(TestSuiteExecutor.java:106)
	at com.kms.katalon.core.main.TestCaseMain.startTestSuite(TestCaseMain.java:180)
	at TempTestSuite1733285972582.run(TempTestSuite1733285972582.groovy:35)
	at java.base/jdk.internal.reflect.NativeMethodAccessorImpl.invoke0(Native Method)
	at java.base/jdk.internal.reflect.NativeMethodAccessorImpl.invoke(NativeMethodAccessorImpl.java:77)
	at java.base/jdk.internal.reflect.DelegatingMethodAccessorImpl.invoke(DelegatingMethodAccessorImpl.java:43)
)

04-12-2024T07:32:05 - [TEST_STEP][PASSED] - result = WriteToExcel(typeOfData, todaysDate, PercPlanR, PercPlanB, PercFactR, PercFactB, x, tabR, tabB, o1R, o1B, vidget): null

04-12-2024T07:32:05 - [TEST_STEP][PASSED] - iii = dZO.indexOf("/"): null

04-12-2024T07:32:05 - [TEST_STEP][PASSED] - println(iii): null

04-12-2024T07:32:05 - [TEST_STEP][PASSED] - dZO = dZO.substring(0, iii): null

04-12-2024T07:32:05 - [TEST_STEP][PASSED] - println(dZO): null

04-12-2024T07:32:05 - [TEST_STEP][PASSED] - println(PercPlanR): null

04-12-2024T07:32:05 - [TEST_STEP][PASSED] - println(PercPlanB): null

04-12-2024T07:32:05 - [TEST_STEP][PASSED] - println(PercFactR): null

04-12-2024T07:32:05 - [TEST_STEP][PASSED] - println(PercFactB): null

04-12-2024T07:32:05 - [TEST_STEP][PASSED] - println(tabR): null

04-12-2024T07:32:05 - [TEST_STEP][PASSED] - println(tabB): null

04-12-2024T07:32:05 - [TEST_STEP][PASSED] - println(o1R): null

04-12-2024T07:32:05 - [TEST_STEP][PASSED] - println(o1B): null

04-12-2024T07:32:05 - [TEST_STEP][PASSED] - PR = <not implemented yet for class: org.codehaus.groovy.ast.expr.EmptyExpression>: null

04-12-2024T07:32:05 - [TEST_STEP][PASSED] - FR = <not implemented yet for class: org.codehaus.groovy.ast.expr.EmptyExpression>: null

04-12-2024T07:32:05 - [TEST_STEP][PASSED] - PB = <not implemented yet for class: org.codehaus.groovy.ast.expr.EmptyExpression>: null

04-12-2024T07:32:05 - [TEST_STEP][PASSED] - FB = <not implemented yet for class: org.codehaus.groovy.ast.expr.EmptyExpression>: null

04-12-2024T07:32:05 - [TEST_STEP][PASSED] - TR = <not implemented yet for class: org.codehaus.groovy.ast.expr.EmptyExpression>: null

04-12-2024T07:32:05 - [TEST_STEP][PASSED] - TB = <not implemented yet for class: org.codehaus.groovy.ast.expr.EmptyExpression>: null

04-12-2024T07:32:05 - [TEST_STEP][PASSED] - sheetName = "Sheet1": null

04-12-2024T07:32:05 - [TEST_STEP][PASSED] - data = findTestData("PlanFact"): null

04-12-2024T07:32:05 - [TEST_STEP][PASSED] - n = data.getRowNumbers() + 1: null

04-12-2024T07:32:05 - [TEST_STEP][PASSED] - year = todaysDate.substring(todaysDate.length() - 4, todaysDate.length()): null

04-12-2024T07:32:05 - [TEST_STEP][PASSED] - y = year.toInteger(): null

04-12-2024T07:32:05 - [TEST_STEP][PASSED] - m = getText(findTestObject("Выполнение бизнес-плана/Выполнение бизнес-плана Балансы/Фильтр Дата")): Text of object 'Object Repository/Выполнение бизнес-плана/Выполнение бизнес-плана Балансы/Фильтр Дата' is: '1, 2, 3 кв., Октябрь 2024 года'

04-12-2024T07:32:05 - [MESSAGE][PASSED] - Text of object 'Object Repository/Выполнение бизнес-плана/Выполнение бизнес-плана Балансы/Фильтр Дата' is: '1, 2, 3 кв., Октябрь 2024 года'

04-12-2024T07:32:05 - [TEST_STEP][PASSED] - m = m.substring(0, m.indexOf("2024")): null

04-12-2024T07:32:05 - [TEST_STEP][PASSED] - m = m.trim(): null

04-12-2024T07:32:05 - [TEST_STEP][PASSED] - dashboardName = "Выполнение бизнес-плана": null

04-12-2024T07:32:05 - [TEST_STEP][PASSED] - workbook01 = getWorkbook(excelFilePath): null

04-12-2024T07:32:05 - [TEST_STEP][PASSED] - sheet01 = getExcelSheet(workbook01, sheetName): null

04-12-2024T07:32:05 - [TEST_STEP][PASSED] - setValueToCellByIndex(sheet01, n, 0, dashboardName): null

04-12-2024T07:32:05 - [TEST_STEP][PASSED] - setValueToCellByIndex(sheet01, n, 1, dZO): null

04-12-2024T07:32:05 - [TEST_STEP][PASSED] - setValueToCellByIndex(sheet01, n, 2, typeOfData): null

04-12-2024T07:32:05 - [TEST_STEP][PASSED] - setValueToCellByIndex(sheet01, n, 3, typeOfData): null

04-12-2024T07:32:05 - [TEST_STEP][PASSED] - if (typeOfData == "План"): null

04-12-2024T07:32:05 - [TEST_STEP][PASSED] - if (PercPlanR == null): null

04-12-2024T07:32:05 - [TEST_STEP][PASSED] - else: null

04-12-2024T07:32:05 - [TEST_STEP][PASSED] - if (PercPlanR == "нет данных"): null

04-12-2024T07:32:05 - [TEST_STEP][PASSED] - setValueToCellByIndex(sheet01, n, 4, "нет данных"): null

04-12-2024T07:32:05 - [TEST_STEP][PASSED] - if (PercPlanB == null): null

04-12-2024T07:32:05 - [TEST_STEP][PASSED] - else: null

04-12-2024T07:32:05 - [TEST_STEP][PASSED] - if (PercPlanB == "нет данных"): null

04-12-2024T07:32:05 - [TEST_STEP][PASSED] - else: null

04-12-2024T07:32:05 - [TEST_STEP][PASSED] - PB = PercPlanB.toDouble(): null

04-12-2024T07:32:05 - [TEST_STEP][PASSED] - setValueToCellByIndex(sheet01, n, 5, PB): null

04-12-2024T07:32:05 - [TEST_STEP][PASSED] - setValueToCellByIndex(sheet01, n, 6, m): null

04-12-2024T07:32:05 - [TEST_STEP][PASSED] - setValueToCellByIndex(sheet01, n, 7, y): null

04-12-2024T07:32:05 - [TEST_STEP][PASSED] - setValueToCellByIndex(sheet01, n, 8, todaysDate): null

04-12-2024T07:32:05 - [TEST_STEP][PASSED] - n = n + 1: null

04-12-2024T07:32:05 - [TEST_STEP][PASSED] - saveWorkbook(excelFilePath, workbook01): null

04-12-2024T07:32:06 - [TEST_STEP][PASSED] - typeOfData = "Факт": null

04-12-2024T07:32:06 - [TEST_STEP][PASSED] - PercFactR = GetPercFactR(x = a): null

04-12-2024T07:32:06 - [TEST_STEP][PASSED] - i1 = <not implemented yet for class: org.codehaus.groovy.ast.expr.EmptyExpression>: null

04-12-2024T07:32:06 - [TEST_STEP][PASSED] - ii = <not implemented yet for class: org.codehaus.groovy.ast.expr.EmptyExpression>: null

04-12-2024T07:32:06 - [TEST_STEP][PASSED] - for ([ii = 1, ii < 3, (ii++)]): null

04-12-2024T07:32:06 - [TEST_STEP][PASSED] - i1 = x.indexOf("/") + 1: null

04-12-2024T07:32:06 - [TEST_STEP][PASSED] - if (i1 > -1): null

04-12-2024T07:32:06 - [TEST_STEP][PASSED] - x = x.substring(i1, x.length()): null

04-12-2024T07:32:06 - [TEST_STEP][PASSED] - println(x): null

04-12-2024T07:32:06 - [TEST_STEP][PASSED] - i1 = x.indexOf("/") + 1: null

04-12-2024T07:32:06 - [TEST_STEP][PASSED] - if (i1 > -1): null

04-12-2024T07:32:06 - [TEST_STEP][PASSED] - x = x.substring(i1, x.length()): null

04-12-2024T07:32:06 - [TEST_STEP][PASSED] - println(x): null

04-12-2024T07:32:06 - [TEST_STEP][PASSED] - i1 = x.indexOf("/"): null

04-12-2024T07:32:06 - [TEST_STEP][PASSED] - if (i1 > -1): null

04-12-2024T07:32:06 - [TEST_STEP][PASSED] - x = x.substring(0, i1): null

04-12-2024T07:32:06 - [TEST_STEP][PASSED] - println(x): null

04-12-2024T07:32:06 - [TEST_STEP][PASSED] - return x: null

04-12-2024T07:32:06 - [TEST_STEP][PASSED] - PercFactB = GetPercFactB(x = b): null

04-12-2024T07:32:06 - [TEST_STEP][PASSED] - i1 = <not implemented yet for class: org.codehaus.groovy.ast.expr.EmptyExpression>: null

04-12-2024T07:32:06 - [TEST_STEP][PASSED] - ii = <not implemented yet for class: org.codehaus.groovy.ast.expr.EmptyExpression>: null

04-12-2024T07:32:06 - [TEST_STEP][PASSED] - for ([ii = 1, ii < 3, (ii++)]): null

04-12-2024T07:32:06 - [TEST_STEP][PASSED] - i1 = x.indexOf("/") + 1: null

04-12-2024T07:32:06 - [TEST_STEP][PASSED] - if (i1 > -1): null

04-12-2024T07:32:06 - [TEST_STEP][PASSED] - x = x.substring(i1, x.length()): null

04-12-2024T07:32:06 - [TEST_STEP][PASSED] - println(x): null

04-12-2024T07:32:06 - [TEST_STEP][PASSED] - i1 = x.indexOf("/") + 1: null

04-12-2024T07:32:06 - [TEST_STEP][PASSED] - if (i1 > -1): null

04-12-2024T07:32:06 - [TEST_STEP][PASSED] - x = x.substring(i1, x.length()): null

04-12-2024T07:32:06 - [TEST_STEP][PASSED] - println(x): null

04-12-2024T07:32:06 - [TEST_STEP][PASSED] - i1 = x.indexOf("/"): null

04-12-2024T07:32:06 - [TEST_STEP][PASSED] - if (i1 > -1): null

04-12-2024T07:32:06 - [TEST_STEP][PASSED] - x = x.substring(0, i1): null

04-12-2024T07:32:06 - [TEST_STEP][PASSED] - println(x): null

04-12-2024T07:32:06 - [TEST_STEP][FAILED] - return x: null

04-12-2024T07:32:06 - [TEST_STEP][FAILED] - if (verifyEqual(PercFactR, PercFactB) == false): null

04-12-2024T07:32:06 - [MESSAGE][FAILED] - Unable to verify equal between actual object 'нет данных' and expected object '8.58' (Root cause: com.kms.katalon.core.exception.StepFailedException: Actual object 'нет данных' and expected object '8.58' are not equal
	at com.kms.katalon.core.keyword.builtin.VerifyEqualKeyword$_verifyEqual_closure1.doCall(VerifyEqualKeyword.groovy:58)
	at com.kms.katalon.core.keyword.builtin.VerifyEqualKeyword$_verifyEqual_closure1.call(VerifyEqualKeyword.groovy)
	at com.kms.katalon.core.keyword.internal.KeywordMain.runKeyword(KeywordMain.groovy:75)
	at com.kms.katalon.core.keyword.builtin.VerifyEqualKeyword.verifyEqual(VerifyEqualKeyword.groovy:63)
	at com.kms.katalon.core.keyword.builtin.VerifyEqualKeyword.execute(VerifyEqualKeyword.groovy:44)
	at com.kms.katalon.core.keyword.internal.KeywordExecutor.executeKeywordForPlatform(KeywordExecutor.groovy:74)
	at com.kms.katalon.core.keyword.BuiltinKeywords.verifyEqual(BuiltinKeywords.groovy:146)
	at jdk.internal.reflect.GeneratedMethodAccessor25.invoke(Unknown Source)
	at java.base/jdk.internal.reflect.DelegatingMethodAccessorImpl.invoke(DelegatingMethodAccessorImpl.java:43)
	at Выполнение бизнес-плана сверка дашбордов.CompareDZOData(Выполнение бизнес-плана сверка дашбордов:693)
	at Выполнение бизнес-плана сверка дашбордов.run(Выполнение бизнес-плана сверка дашбордов:658)
	at com.kms.katalon.core.main.ScriptEngine.run(ScriptEngine.java:194)
	at com.kms.katalon.core.main.ScriptEngine.runScriptAsRawText(ScriptEngine.java:119)
	at com.kms.katalon.core.main.TestCaseExecutor.runScript(TestCaseExecutor.java:448)
	at com.kms.katalon.core.main.TestCaseExecutor.doExecute(TestCaseExecutor.java:439)
	at com.kms.katalon.core.main.TestCaseExecutor.processExecutionPhase(TestCaseExecutor.java:418)
	at com.kms.katalon.core.main.TestCaseExecutor.accessMainPhase(TestCaseExecutor.java:410)
	at com.kms.katalon.core.main.TestCaseExecutor.execute(TestCaseExecutor.java:285)
	at com.kms.katalon.core.common.CommonExecutor.accessTestCaseMainPhase(CommonExecutor.java:65)
	at com.kms.katalon.core.main.TestSuiteExecutor.accessTestSuiteMainPhase(TestSuiteExecutor.java:150)
	at com.kms.katalon.core.main.TestSuiteExecutor.execute(TestSuiteExecutor.java:106)
	at com.kms.katalon.core.main.TestCaseMain.startTestSuite(TestCaseMain.java:180)
	at TempTestSuite1733285972582.run(TempTestSuite1733285972582.groovy:35)
	at java.base/jdk.internal.reflect.NativeMethodAccessorImpl.invoke0(Native Method)
	at java.base/jdk.internal.reflect.NativeMethodAccessorImpl.invoke(NativeMethodAccessorImpl.java:77)
	at java.base/jdk.internal.reflect.DelegatingMethodAccessorImpl.invoke(DelegatingMethodAccessorImpl.java:43)
)

04-12-2024T07:32:06 - [TEST_STEP][PASSED] - result = WriteToExcel(typeOfData, todaysDate, PercPlanR, PercPlanB, PercFactR, PercFactB, x, tabR, tabB, o1R, o1B, vidget): null

04-12-2024T07:32:06 - [TEST_STEP][PASSED] - iii = dZO.indexOf("/"): null

04-12-2024T07:32:06 - [TEST_STEP][PASSED] - println(iii): null

04-12-2024T07:32:06 - [TEST_STEP][PASSED] - dZO = dZO.substring(0, iii): null

04-12-2024T07:32:06 - [TEST_STEP][PASSED] - println(dZO): null

04-12-2024T07:32:06 - [TEST_STEP][PASSED] - println(PercPlanR): null

04-12-2024T07:32:06 - [TEST_STEP][PASSED] - println(PercPlanB): null

04-12-2024T07:32:06 - [TEST_STEP][PASSED] - println(PercFactR): null

04-12-2024T07:32:06 - [TEST_STEP][PASSED] - println(PercFactB): null

04-12-2024T07:32:06 - [TEST_STEP][PASSED] - println(tabR): null

04-12-2024T07:32:06 - [TEST_STEP][PASSED] - println(tabB): null

04-12-2024T07:32:06 - [TEST_STEP][PASSED] - println(o1R): null

04-12-2024T07:32:06 - [TEST_STEP][PASSED] - println(o1B): null

04-12-2024T07:32:06 - [TEST_STEP][PASSED] - PR = <not implemented yet for class: org.codehaus.groovy.ast.expr.EmptyExpression>: null

04-12-2024T07:32:06 - [TEST_STEP][PASSED] - FR = <not implemented yet for class: org.codehaus.groovy.ast.expr.EmptyExpression>: null

04-12-2024T07:32:06 - [TEST_STEP][PASSED] - PB = <not implemented yet for class: org.codehaus.groovy.ast.expr.EmptyExpression>: null

04-12-2024T07:32:06 - [TEST_STEP][PASSED] - FB = <not implemented yet for class: org.codehaus.groovy.ast.expr.EmptyExpression>: null

04-12-2024T07:32:06 - [TEST_STEP][PASSED] - TR = <not implemented yet for class: org.codehaus.groovy.ast.expr.EmptyExpression>: null

04-12-2024T07:32:06 - [TEST_STEP][PASSED] - TB = <not implemented yet for class: org.codehaus.groovy.ast.expr.EmptyExpression>: null

04-12-2024T07:32:06 - [TEST_STEP][PASSED] - sheetName = "Sheet1": null

04-12-2024T07:32:06 - [TEST_STEP][PASSED] - data = findTestData("PlanFact"): null

04-12-2024T07:32:06 - [TEST_STEP][PASSED] - n = data.getRowNumbers() + 1: null

04-12-2024T07:32:06 - [TEST_STEP][PASSED] - year = todaysDate.substring(todaysDate.length() - 4, todaysDate.length()): null

04-12-2024T07:32:06 - [TEST_STEP][PASSED] - y = year.toInteger(): null

04-12-2024T07:32:06 - [TEST_STEP][PASSED] - m = getText(findTestObject("Выполнение бизнес-плана/Выполнение бизнес-плана Балансы/Фильтр Дата")): Text of object 'Object Repository/Выполнение бизнес-плана/Выполнение бизнес-плана Балансы/Фильтр Дата' is: '1, 2, 3 кв., Октябрь 2024 года'

04-12-2024T07:32:06 - [MESSAGE][PASSED] - Text of object 'Object Repository/Выполнение бизнес-плана/Выполнение бизнес-плана Балансы/Фильтр Дата' is: '1, 2, 3 кв., Октябрь 2024 года'

04-12-2024T07:32:06 - [TEST_STEP][PASSED] - m = m.substring(0, m.indexOf("2024")): null

04-12-2024T07:32:06 - [TEST_STEP][PASSED] - m = m.trim(): null

04-12-2024T07:32:06 - [TEST_STEP][PASSED] - dashboardName = "Выполнение бизнес-плана": null

04-12-2024T07:32:06 - [TEST_STEP][PASSED] - workbook01 = getWorkbook(excelFilePath): null

04-12-2024T07:32:06 - [TEST_STEP][PASSED] - sheet01 = getExcelSheet(workbook01, sheetName): null

04-12-2024T07:32:06 - [TEST_STEP][PASSED] - setValueToCellByIndex(sheet01, n, 0, dashboardName): null

04-12-2024T07:32:06 - [TEST_STEP][PASSED] - setValueToCellByIndex(sheet01, n, 1, dZO): null

04-12-2024T07:32:06 - [TEST_STEP][PASSED] - setValueToCellByIndex(sheet01, n, 2, typeOfData): null

04-12-2024T07:32:06 - [TEST_STEP][PASSED] - setValueToCellByIndex(sheet01, n, 3, typeOfData): null

04-12-2024T07:32:06 - [TEST_STEP][PASSED] - if (typeOfData == "План"): null

04-12-2024T07:32:06 - [TEST_STEP][PASSED] - else if (typeOfData == "Факт"): null

04-12-2024T07:32:06 - [TEST_STEP][PASSED] - if (PercFactR == null): null

04-12-2024T07:32:06 - [TEST_STEP][PASSED] - else: null

04-12-2024T07:32:06 - [TEST_STEP][PASSED] - if (PercFactR == "нет данных"): null

04-12-2024T07:32:06 - [TEST_STEP][PASSED] - setValueToCellByIndex(sheet01, n, 4, "нет данных"): null

04-12-2024T07:32:06 - [TEST_STEP][PASSED] - if (PercFactB == null): null

04-12-2024T07:32:06 - [TEST_STEP][PASSED] - else: null

04-12-2024T07:32:06 - [TEST_STEP][PASSED] - if (PercFactB == "нет данных"): null

04-12-2024T07:32:06 - [TEST_STEP][PASSED] - else: null

04-12-2024T07:32:06 - [TEST_STEP][PASSED] - FB = PercFactB.toDouble(): null

04-12-2024T07:32:06 - [TEST_STEP][PASSED] - setValueToCellByIndex(sheet01, n, 5, FB): null

04-12-2024T07:32:06 - [TEST_STEP][PASSED] - setValueToCellByIndex(sheet01, n, 6, m): null

04-12-2024T07:32:06 - [TEST_STEP][PASSED] - setValueToCellByIndex(sheet01, n, 7, y): null

04-12-2024T07:32:06 - [TEST_STEP][PASSED] - setValueToCellByIndex(sheet01, n, 8, todaysDate): null

04-12-2024T07:32:06 - [TEST_STEP][PASSED] - n = n + 1: null

04-12-2024T07:32:06 - [TEST_STEP][PASSED] - saveWorkbook(excelFilePath, workbook01): null

04-12-2024T07:32:06 - [TEST_STEP][PASSED] - vidget = "Показатели баланса электроэнергии по ДЗО – Факт": null

04-12-2024T07:32:06 - [TEST_STEP][PASSED] - typeOfData = "Факт Отпуск в сеть": null

04-12-2024T07:32:06 - [TEST_STEP][PASSED] - tabR = GetOvSFactR(x = a): null

04-12-2024T07:32:06 - [TEST_STEP][PASSED] - i1 = <not implemented yet for class: org.codehaus.groovy.ast.expr.EmptyExpression>: null

04-12-2024T07:32:06 - [TEST_STEP][PASSED] - ii = <not implemented yet for class: org.codehaus.groovy.ast.expr.EmptyExpression>: null

04-12-2024T07:32:06 - [TEST_STEP][PASSED] - for ([ii = 1, ii < 4, (ii++)]): null

04-12-2024T07:32:06 - [TEST_STEP][PASSED] - i1 = x.indexOf("/") + 1: null

04-12-2024T07:32:06 - [TEST_STEP][PASSED] - if (i1 > -1): null

04-12-2024T07:32:06 - [TEST_STEP][PASSED] - x = x.substring(i1, x.length()): null

04-12-2024T07:32:06 - [TEST_STEP][PASSED] - println(x): null

04-12-2024T07:32:06 - [TEST_STEP][PASSED] - i1 = x.indexOf("/") + 1: null

04-12-2024T07:32:06 - [TEST_STEP][PASSED] - if (i1 > -1): null

04-12-2024T07:32:06 - [TEST_STEP][PASSED] - x = x.substring(i1, x.length()): null

04-12-2024T07:32:06 - [TEST_STEP][PASSED] - println(x): null

04-12-2024T07:32:06 - [TEST_STEP][PASSED] - i1 = x.indexOf("/") + 1: null

04-12-2024T07:32:06 - [TEST_STEP][PASSED] - if (i1 > -1): null

04-12-2024T07:32:06 - [TEST_STEP][PASSED] - x = x.substring(i1, x.length()): null

04-12-2024T07:32:06 - [TEST_STEP][PASSED] - println(x): null

04-12-2024T07:32:06 - [TEST_STEP][PASSED] - i1 = x.indexOf("/"): null

04-12-2024T07:32:06 - [TEST_STEP][PASSED] - if (i1 > -1): null

04-12-2024T07:32:06 - [TEST_STEP][PASSED] - x = x.substring(0, i1): null

04-12-2024T07:32:06 - [TEST_STEP][PASSED] - println(x): null

04-12-2024T07:32:06 - [TEST_STEP][PASSED] - return x: null

04-12-2024T07:32:06 - [TEST_STEP][PASSED] - tabB = GetOvSFactB(x = b): null

04-12-2024T07:32:06 - [TEST_STEP][PASSED] - i1 = <not implemented yet for class: org.codehaus.groovy.ast.expr.EmptyExpression>: null

04-12-2024T07:32:06 - [TEST_STEP][PASSED] - ii = <not implemented yet for class: org.codehaus.groovy.ast.expr.EmptyExpression>: null

04-12-2024T07:32:06 - [TEST_STEP][PASSED] - for ([ii = 1, ii < 4, (ii++)]): null

04-12-2024T07:32:06 - [TEST_STEP][PASSED] - i1 = x.indexOf("/") + 1: null

04-12-2024T07:32:06 - [TEST_STEP][PASSED] - if (i1 > -1): null

04-12-2024T07:32:06 - [TEST_STEP][PASSED] - x = x.substring(i1, x.length()): null

04-12-2024T07:32:06 - [TEST_STEP][PASSED] - println(x): null

04-12-2024T07:32:06 - [TEST_STEP][PASSED] - i1 = x.indexOf("/") + 1: null

04-12-2024T07:32:06 - [TEST_STEP][PASSED] - if (i1 > -1): null

04-12-2024T07:32:06 - [TEST_STEP][PASSED] - x = x.substring(i1, x.length()): null

04-12-2024T07:32:06 - [TEST_STEP][PASSED] - println(x): null

04-12-2024T07:32:06 - [TEST_STEP][PASSED] - i1 = x.indexOf("/") + 1: null

04-12-2024T07:32:06 - [TEST_STEP][PASSED] - if (i1 > -1): null

04-12-2024T07:32:06 - [TEST_STEP][PASSED] - x = x.substring(i1, x.length()): null

04-12-2024T07:32:06 - [TEST_STEP][PASSED] - println(x): null

04-12-2024T07:32:06 - [TEST_STEP][PASSED] - i1 = x.indexOf("/"): null

04-12-2024T07:32:06 - [TEST_STEP][PASSED] - if (i1 > -1): null

04-12-2024T07:32:06 - [TEST_STEP][PASSED] - x = x.substring(0, i1): null

04-12-2024T07:32:06 - [TEST_STEP][PASSED] - println(x): null

04-12-2024T07:32:06 - [TEST_STEP][FAILED] - return x: null

04-12-2024T07:32:06 - [TEST_STEP][FAILED] - if (verifyEqual(tabR, tabB) == false): null

04-12-2024T07:32:06 - [MESSAGE][FAILED] - Unable to verify equal between actual object 'нет данных' and expected object '24803317' (Root cause: com.kms.katalon.core.exception.StepFailedException: Actual object 'нет данных' and expected object '24803317' are not equal
	at com.kms.katalon.core.keyword.builtin.VerifyEqualKeyword$_verifyEqual_closure1.doCall(VerifyEqualKeyword.groovy:58)
	at com.kms.katalon.core.keyword.builtin.VerifyEqualKeyword$_verifyEqual_closure1.call(VerifyEqualKeyword.groovy)
	at com.kms.katalon.core.keyword.internal.KeywordMain.runKeyword(KeywordMain.groovy:75)
	at com.kms.katalon.core.keyword.builtin.VerifyEqualKeyword.verifyEqual(VerifyEqualKeyword.groovy:63)
	at com.kms.katalon.core.keyword.builtin.VerifyEqualKeyword.execute(VerifyEqualKeyword.groovy:44)
	at com.kms.katalon.core.keyword.internal.KeywordExecutor.executeKeywordForPlatform(KeywordExecutor.groovy:74)
	at com.kms.katalon.core.keyword.BuiltinKeywords.verifyEqual(BuiltinKeywords.groovy:146)
	at jdk.internal.reflect.GeneratedMethodAccessor25.invoke(Unknown Source)
	at java.base/jdk.internal.reflect.DelegatingMethodAccessorImpl.invoke(DelegatingMethodAccessorImpl.java:43)
	at Выполнение бизнес-плана сверка дашбордов.CompareDZOData(Выполнение бизнес-плана сверка дашбордов:706)
	at Выполнение бизнес-плана сверка дашбордов.run(Выполнение бизнес-плана сверка дашбордов:658)
	at com.kms.katalon.core.main.ScriptEngine.run(ScriptEngine.java:194)
	at com.kms.katalon.core.main.ScriptEngine.runScriptAsRawText(ScriptEngine.java:119)
	at com.kms.katalon.core.main.TestCaseExecutor.runScript(TestCaseExecutor.java:448)
	at com.kms.katalon.core.main.TestCaseExecutor.doExecute(TestCaseExecutor.java:439)
	at com.kms.katalon.core.main.TestCaseExecutor.processExecutionPhase(TestCaseExecutor.java:418)
	at com.kms.katalon.core.main.TestCaseExecutor.accessMainPhase(TestCaseExecutor.java:410)
	at com.kms.katalon.core.main.TestCaseExecutor.execute(TestCaseExecutor.java:285)
	at com.kms.katalon.core.common.CommonExecutor.accessTestCaseMainPhase(CommonExecutor.java:65)
	at com.kms.katalon.core.main.TestSuiteExecutor.accessTestSuiteMainPhase(TestSuiteExecutor.java:150)
	at com.kms.katalon.core.main.TestSuiteExecutor.execute(TestSuiteExecutor.java:106)
	at com.kms.katalon.core.main.TestCaseMain.startTestSuite(TestCaseMain.java:180)
	at TempTestSuite1733285972582.run(TempTestSuite1733285972582.groovy:35)
	at java.base/jdk.internal.reflect.NativeMethodAccessorImpl.invoke0(Native Method)
	at java.base/jdk.internal.reflect.NativeMethodAccessorImpl.invoke(NativeMethodAccessorImpl.java:77)
	at java.base/jdk.internal.reflect.DelegatingMethodAccessorImpl.invoke(DelegatingMethodAccessorImpl.java:43)
)

04-12-2024T07:32:06 - [TEST_STEP][PASSED] - result = WriteToExcel(typeOfData, todaysDate, PercPlanR, PercPlanB, PercFactR, PercFactB, x, tabR, tabB, o1R, o1B, vidget): null

04-12-2024T07:32:06 - [TEST_STEP][PASSED] - iii = dZO.indexOf("/"): null

04-12-2024T07:32:06 - [TEST_STEP][PASSED] - println(iii): null

04-12-2024T07:32:06 - [TEST_STEP][PASSED] - dZO = dZO.substring(0, iii): null

04-12-2024T07:32:06 - [TEST_STEP][PASSED] - println(dZO): null

04-12-2024T07:32:06 - [TEST_STEP][PASSED] - println(PercPlanR): null

04-12-2024T07:32:06 - [TEST_STEP][PASSED] - println(PercPlanB): null

04-12-2024T07:32:06 - [TEST_STEP][PASSED] - println(PercFactR): null

04-12-2024T07:32:06 - [TEST_STEP][PASSED] - println(PercFactB): null

04-12-2024T07:32:06 - [TEST_STEP][PASSED] - println(tabR): null

04-12-2024T07:32:06 - [TEST_STEP][PASSED] - println(tabB): null

04-12-2024T07:32:06 - [TEST_STEP][PASSED] - println(o1R): null

04-12-2024T07:32:06 - [TEST_STEP][PASSED] - println(o1B): null

04-12-2024T07:32:06 - [TEST_STEP][PASSED] - PR = <not implemented yet for class: org.codehaus.groovy.ast.expr.EmptyExpression>: null

04-12-2024T07:32:06 - [TEST_STEP][PASSED] - FR = <not implemented yet for class: org.codehaus.groovy.ast.expr.EmptyExpression>: null

04-12-2024T07:32:06 - [TEST_STEP][PASSED] - PB = <not implemented yet for class: org.codehaus.groovy.ast.expr.EmptyExpression>: null

04-12-2024T07:32:06 - [TEST_STEP][PASSED] - FB = <not implemented yet for class: org.codehaus.groovy.ast.expr.EmptyExpression>: null

04-12-2024T07:32:06 - [TEST_STEP][PASSED] - TR = <not implemented yet for class: org.codehaus.groovy.ast.expr.EmptyExpression>: null

04-12-2024T07:32:06 - [TEST_STEP][PASSED] - TB = <not implemented yet for class: org.codehaus.groovy.ast.expr.EmptyExpression>: null

04-12-2024T07:32:06 - [TEST_STEP][PASSED] - sheetName = "Sheet1": null

04-12-2024T07:32:06 - [TEST_STEP][PASSED] - data = findTestData("PlanFact"): null

04-12-2024T07:32:06 - [TEST_STEP][PASSED] - n = data.getRowNumbers() + 1: null

04-12-2024T07:32:06 - [TEST_STEP][PASSED] - year = todaysDate.substring(todaysDate.length() - 4, todaysDate.length()): null

04-12-2024T07:32:06 - [TEST_STEP][PASSED] - y = year.toInteger(): null

04-12-2024T07:32:06 - [TEST_STEP][PASSED] - m = getText(findTestObject("Выполнение бизнес-плана/Выполнение бизнес-плана Балансы/Фильтр Дата")): Text of object 'Object Repository/Выполнение бизнес-плана/Выполнение бизнес-плана Балансы/Фильтр Дата' is: '1, 2, 3 кв., Октябрь 2024 года'

04-12-2024T07:32:06 - [MESSAGE][PASSED] - Text of object 'Object Repository/Выполнение бизнес-плана/Выполнение бизнес-плана Балансы/Фильтр Дата' is: '1, 2, 3 кв., Октябрь 2024 года'

04-12-2024T07:32:06 - [TEST_STEP][PASSED] - m = m.substring(0, m.indexOf("2024")): null

04-12-2024T07:32:06 - [TEST_STEP][PASSED] - m = m.trim(): null

04-12-2024T07:32:06 - [TEST_STEP][PASSED] - dashboardName = "Выполнение бизнес-плана": null

04-12-2024T07:32:06 - [TEST_STEP][PASSED] - workbook01 = getWorkbook(excelFilePath): null

04-12-2024T07:32:07 - [TEST_STEP][PASSED] - sheet01 = getExcelSheet(workbook01, sheetName): null

04-12-2024T07:32:07 - [TEST_STEP][PASSED] - setValueToCellByIndex(sheet01, n, 0, dashboardName): null

04-12-2024T07:32:07 - [TEST_STEP][PASSED] - setValueToCellByIndex(sheet01, n, 1, dZO): null

04-12-2024T07:32:07 - [TEST_STEP][PASSED] - setValueToCellByIndex(sheet01, n, 2, typeOfData): null

04-12-2024T07:32:07 - [TEST_STEP][PASSED] - setValueToCellByIndex(sheet01, n, 3, typeOfData): null

04-12-2024T07:32:07 - [TEST_STEP][PASSED] - if (typeOfData == "План"): null

04-12-2024T07:32:07 - [TEST_STEP][PASSED] - else if (typeOfData == "Факт"): null

04-12-2024T07:32:07 - [TEST_STEP][PASSED] - else if (vidget.contains("электроэнергии") == true): null

04-12-2024T07:32:07 - [TEST_STEP][PASSED] - if (tabR == null): null

04-12-2024T07:32:07 - [TEST_STEP][PASSED] - else: null

04-12-2024T07:32:07 - [TEST_STEP][PASSED] - if (tabR == "нет данных"): null

04-12-2024T07:32:07 - [TEST_STEP][PASSED] - setValueToCellByIndex(sheet01, n, 4, "нет данных"): null

04-12-2024T07:32:07 - [TEST_STEP][PASSED] - if (tabB == null): null

04-12-2024T07:32:07 - [TEST_STEP][PASSED] - else: null

04-12-2024T07:32:07 - [TEST_STEP][PASSED] - if (tabB == "нет данных"): null

04-12-2024T07:32:07 - [TEST_STEP][PASSED] - else: null

04-12-2024T07:32:07 - [TEST_STEP][PASSED] - TB = tabB.toInteger(): null

04-12-2024T07:32:07 - [TEST_STEP][PASSED] - setValueToCellByIndex(sheet01, n, 5, TB): null

04-12-2024T07:32:07 - [TEST_STEP][PASSED] - setValueToCellByIndex(sheet01, n, 6, m): null

04-12-2024T07:32:07 - [TEST_STEP][PASSED] - setValueToCellByIndex(sheet01, n, 7, y): null

04-12-2024T07:32:07 - [TEST_STEP][PASSED] - setValueToCellByIndex(sheet01, n, 8, todaysDate): null

04-12-2024T07:32:07 - [TEST_STEP][PASSED] - n = n + 1: null

04-12-2024T07:32:07 - [TEST_STEP][PASSED] - saveWorkbook(excelFilePath, workbook01): null

04-12-2024T07:32:07 - [TEST_STEP][PASSED] - typeOfData = "Факт Отпуск из сети": null

04-12-2024T07:32:07 - [TEST_STEP][PASSED] - tabR = GetOiSFactR(x = a): null

04-12-2024T07:32:07 - [TEST_STEP][PASSED] - i1 = <not implemented yet for class: org.codehaus.groovy.ast.expr.EmptyExpression>: null

04-12-2024T07:32:07 - [TEST_STEP][PASSED] - ii = <not implemented yet for class: org.codehaus.groovy.ast.expr.EmptyExpression>: null

04-12-2024T07:32:07 - [TEST_STEP][PASSED] - for ([ii = 1, ii < 5, (ii++)]): null

04-12-2024T07:32:07 - [TEST_STEP][PASSED] - i1 = x.indexOf("/") + 1: null

04-12-2024T07:32:07 - [TEST_STEP][PASSED] - if (i1 > -1): null

04-12-2024T07:32:07 - [TEST_STEP][PASSED] - x = x.substring(i1, x.length()): null

04-12-2024T07:32:07 - [TEST_STEP][PASSED] - println(x): null

04-12-2024T07:32:07 - [TEST_STEP][PASSED] - i1 = x.indexOf("/") + 1: null

04-12-2024T07:32:07 - [TEST_STEP][PASSED] - if (i1 > -1): null

04-12-2024T07:32:07 - [TEST_STEP][PASSED] - x = x.substring(i1, x.length()): null

04-12-2024T07:32:07 - [TEST_STEP][PASSED] - println(x): null

04-12-2024T07:32:07 - [TEST_STEP][PASSED] - i1 = x.indexOf("/") + 1: null

04-12-2024T07:32:07 - [TEST_STEP][PASSED] - if (i1 > -1): null

04-12-2024T07:32:07 - [TEST_STEP][PASSED] - x = x.substring(i1, x.length()): null

04-12-2024T07:32:07 - [TEST_STEP][PASSED] - println(x): null

04-12-2024T07:32:07 - [TEST_STEP][PASSED] - i1 = x.indexOf("/") + 1: null

04-12-2024T07:32:07 - [TEST_STEP][PASSED] - if (i1 > -1): null

04-12-2024T07:32:07 - [TEST_STEP][PASSED] - x = x.substring(i1, x.length()): null

04-12-2024T07:32:07 - [TEST_STEP][PASSED] - println(x): null

04-12-2024T07:32:07 - [TEST_STEP][PASSED] - i1 = x.indexOf("/"): null

04-12-2024T07:32:07 - [TEST_STEP][PASSED] - if (i1 > -1): null

04-12-2024T07:32:07 - [TEST_STEP][PASSED] - x = x.substring(0, i1): null

04-12-2024T07:32:07 - [TEST_STEP][PASSED] - println(x): null

04-12-2024T07:32:07 - [TEST_STEP][PASSED] - return x: null

04-12-2024T07:32:07 - [TEST_STEP][PASSED] - tabB = GetOiSFactB(x = b): null

04-12-2024T07:32:07 - [TEST_STEP][PASSED] - i1 = <not implemented yet for class: org.codehaus.groovy.ast.expr.EmptyExpression>: null

04-12-2024T07:32:07 - [TEST_STEP][PASSED] - ii = <not implemented yet for class: org.codehaus.groovy.ast.expr.EmptyExpression>: null

04-12-2024T07:32:07 - [TEST_STEP][PASSED] - for ([ii = 1, ii < 5, (ii++)]): null

04-12-2024T07:32:07 - [TEST_STEP][PASSED] - i1 = x.indexOf("/") + 1: null

04-12-2024T07:32:07 - [TEST_STEP][PASSED] - if (i1 > -1): null

04-12-2024T07:32:07 - [TEST_STEP][PASSED] - x = x.substring(i1, x.length()): null

04-12-2024T07:32:07 - [TEST_STEP][PASSED] - println(x): null

04-12-2024T07:32:07 - [TEST_STEP][PASSED] - i1 = x.indexOf("/") + 1: null

04-12-2024T07:32:07 - [TEST_STEP][PASSED] - if (i1 > -1): null

04-12-2024T07:32:07 - [TEST_STEP][PASSED] - x = x.substring(i1, x.length()): null

04-12-2024T07:32:07 - [TEST_STEP][PASSED] - println(x): null

04-12-2024T07:32:07 - [TEST_STEP][PASSED] - i1 = x.indexOf("/") + 1: null

04-12-2024T07:32:07 - [TEST_STEP][PASSED] - if (i1 > -1): null

04-12-2024T07:32:07 - [TEST_STEP][PASSED] - x = x.substring(i1, x.length()): null

04-12-2024T07:32:07 - [TEST_STEP][PASSED] - println(x): null

04-12-2024T07:32:07 - [TEST_STEP][PASSED] - i1 = x.indexOf("/") + 1: null

04-12-2024T07:32:07 - [TEST_STEP][PASSED] - if (i1 > -1): null

04-12-2024T07:32:07 - [TEST_STEP][PASSED] - x = x.substring(i1, x.length()): null

04-12-2024T07:32:07 - [TEST_STEP][PASSED] - println(x): null

04-12-2024T07:32:07 - [TEST_STEP][PASSED] - i1 = x.indexOf("/"): null

04-12-2024T07:32:07 - [TEST_STEP][PASSED] - if (i1 > -1): null

04-12-2024T07:32:07 - [TEST_STEP][PASSED] - x = x.substring(0, i1): null

04-12-2024T07:32:07 - [TEST_STEP][PASSED] - println(x): null

04-12-2024T07:32:07 - [TEST_STEP][FAILED] - return x: null

04-12-2024T07:32:07 - [TEST_STEP][FAILED] - if (verifyEqual(tabR, tabB) == false): null

04-12-2024T07:32:07 - [MESSAGE][FAILED] - Unable to verify equal between actual object 'нет данных' and expected object '22675442' (Root cause: com.kms.katalon.core.exception.StepFailedException: Actual object 'нет данных' and expected object '22675442' are not equal
	at com.kms.katalon.core.keyword.builtin.VerifyEqualKeyword$_verifyEqual_closure1.doCall(VerifyEqualKeyword.groovy:58)
	at com.kms.katalon.core.keyword.builtin.VerifyEqualKeyword$_verifyEqual_closure1.call(VerifyEqualKeyword.groovy)
	at com.kms.katalon.core.keyword.internal.KeywordMain.runKeyword(KeywordMain.groovy:75)
	at com.kms.katalon.core.keyword.builtin.VerifyEqualKeyword.verifyEqual(VerifyEqualKeyword.groovy:63)
	at com.kms.katalon.core.keyword.builtin.VerifyEqualKeyword.execute(VerifyEqualKeyword.groovy:44)
	at com.kms.katalon.core.keyword.internal.KeywordExecutor.executeKeywordForPlatform(KeywordExecutor.groovy:74)
	at com.kms.katalon.core.keyword.BuiltinKeywords.verifyEqual(BuiltinKeywords.groovy:146)
	at jdk.internal.reflect.GeneratedMethodAccessor25.invoke(Unknown Source)
	at java.base/jdk.internal.reflect.DelegatingMethodAccessorImpl.invoke(DelegatingMethodAccessorImpl.java:43)
	at Выполнение бизнес-плана сверка дашбордов.CompareDZOData(Выполнение бизнес-плана сверка дашбордов:717)
	at Выполнение бизнес-плана сверка дашбордов.run(Выполнение бизнес-плана сверка дашбордов:658)
	at com.kms.katalon.core.main.ScriptEngine.run(ScriptEngine.java:194)
	at com.kms.katalon.core.main.ScriptEngine.runScriptAsRawText(ScriptEngine.java:119)
	at com.kms.katalon.core.main.TestCaseExecutor.runScript(TestCaseExecutor.java:448)
	at com.kms.katalon.core.main.TestCaseExecutor.doExecute(TestCaseExecutor.java:439)
	at com.kms.katalon.core.main.TestCaseExecutor.processExecutionPhase(TestCaseExecutor.java:418)
	at com.kms.katalon.core.main.TestCaseExecutor.accessMainPhase(TestCaseExecutor.java:410)
	at com.kms.katalon.core.main.TestCaseExecutor.execute(TestCaseExecutor.java:285)
	at com.kms.katalon.core.common.CommonExecutor.accessTestCaseMainPhase(CommonExecutor.java:65)
	at com.kms.katalon.core.main.TestSuiteExecutor.accessTestSuiteMainPhase(TestSuiteExecutor.java:150)
	at com.kms.katalon.core.main.TestSuiteExecutor.execute(TestSuiteExecutor.java:106)
	at com.kms.katalon.core.main.TestCaseMain.startTestSuite(TestCaseMain.java:180)
	at TempTestSuite1733285972582.run(TempTestSuite1733285972582.groovy:35)
	at java.base/jdk.internal.reflect.NativeMethodAccessorImpl.invoke0(Native Method)
	at java.base/jdk.internal.reflect.NativeMethodAccessorImpl.invoke(NativeMethodAccessorImpl.java:77)
	at java.base/jdk.internal.reflect.DelegatingMethodAccessorImpl.invoke(DelegatingMethodAccessorImpl.java:43)
)

04-12-2024T07:32:07 - [TEST_STEP][PASSED] - result = WriteToExcel(typeOfData, todaysDate, PercPlanR, PercPlanB, PercFactR, PercFactB, x, tabR, tabB, o1R, o1B, vidget): null

04-12-2024T07:32:07 - [TEST_STEP][PASSED] - iii = dZO.indexOf("/"): null

04-12-2024T07:32:07 - [TEST_STEP][PASSED] - println(iii): null

04-12-2024T07:32:07 - [TEST_STEP][PASSED] - dZO = dZO.substring(0, iii): null

04-12-2024T07:32:07 - [TEST_STEP][PASSED] - println(dZO): null

04-12-2024T07:32:07 - [TEST_STEP][PASSED] - println(PercPlanR): null

04-12-2024T07:32:07 - [TEST_STEP][PASSED] - println(PercPlanB): null

04-12-2024T07:32:07 - [TEST_STEP][PASSED] - println(PercFactR): null

04-12-2024T07:32:07 - [TEST_STEP][PASSED] - println(PercFactB): null

04-12-2024T07:32:07 - [TEST_STEP][PASSED] - println(tabR): null

04-12-2024T07:32:07 - [TEST_STEP][PASSED] - println(tabB): null

04-12-2024T07:32:07 - [TEST_STEP][PASSED] - println(o1R): null

04-12-2024T07:32:07 - [TEST_STEP][PASSED] - println(o1B): null

04-12-2024T07:32:07 - [TEST_STEP][PASSED] - PR = <not implemented yet for class: org.codehaus.groovy.ast.expr.EmptyExpression>: null

04-12-2024T07:32:07 - [TEST_STEP][PASSED] - FR = <not implemented yet for class: org.codehaus.groovy.ast.expr.EmptyExpression>: null

04-12-2024T07:32:07 - [TEST_STEP][PASSED] - PB = <not implemented yet for class: org.codehaus.groovy.ast.expr.EmptyExpression>: null

04-12-2024T07:32:07 - [TEST_STEP][PASSED] - FB = <not implemented yet for class: org.codehaus.groovy.ast.expr.EmptyExpression>: null

04-12-2024T07:32:07 - [TEST_STEP][PASSED] - TR = <not implemented yet for class: org.codehaus.groovy.ast.expr.EmptyExpression>: null

04-12-2024T07:32:07 - [TEST_STEP][PASSED] - TB = <not implemented yet for class: org.codehaus.groovy.ast.expr.EmptyExpression>: null

04-12-2024T07:32:07 - [TEST_STEP][PASSED] - sheetName = "Sheet1": null

04-12-2024T07:32:07 - [TEST_STEP][PASSED] - data = findTestData("PlanFact"): null

04-12-2024T07:32:07 - [TEST_STEP][PASSED] - n = data.getRowNumbers() + 1: null

04-12-2024T07:32:07 - [TEST_STEP][PASSED] - year = todaysDate.substring(todaysDate.length() - 4, todaysDate.length()): null

04-12-2024T07:32:07 - [TEST_STEP][PASSED] - y = year.toInteger(): null

04-12-2024T07:32:07 - [TEST_STEP][PASSED] - m = getText(findTestObject("Выполнение бизнес-плана/Выполнение бизнес-плана Балансы/Фильтр Дата")): Text of object 'Object Repository/Выполнение бизнес-плана/Выполнение бизнес-плана Балансы/Фильтр Дата' is: '1, 2, 3 кв., Октябрь 2024 года'

04-12-2024T07:32:07 - [MESSAGE][PASSED] - Text of object 'Object Repository/Выполнение бизнес-плана/Выполнение бизнес-плана Балансы/Фильтр Дата' is: '1, 2, 3 кв., Октябрь 2024 года'

04-12-2024T07:32:07 - [TEST_STEP][PASSED] - m = m.substring(0, m.indexOf("2024")): null

04-12-2024T07:32:07 - [TEST_STEP][PASSED] - m = m.trim(): null

04-12-2024T07:32:07 - [TEST_STEP][PASSED] - dashboardName = "Выполнение бизнес-плана": null

04-12-2024T07:32:07 - [TEST_STEP][PASSED] - workbook01 = getWorkbook(excelFilePath): null

04-12-2024T07:32:07 - [TEST_STEP][PASSED] - sheet01 = getExcelSheet(workbook01, sheetName): null

04-12-2024T07:32:07 - [TEST_STEP][PASSED] - setValueToCellByIndex(sheet01, n, 0, dashboardName): null

04-12-2024T07:32:07 - [TEST_STEP][PASSED] - setValueToCellByIndex(sheet01, n, 1, dZO): null

04-12-2024T07:32:07 - [TEST_STEP][PASSED] - setValueToCellByIndex(sheet01, n, 2, typeOfData): null

04-12-2024T07:32:07 - [TEST_STEP][PASSED] - setValueToCellByIndex(sheet01, n, 3, typeOfData): null

04-12-2024T07:32:07 - [TEST_STEP][PASSED] - if (typeOfData == "План"): null

04-12-2024T07:32:07 - [TEST_STEP][PASSED] - else if (typeOfData == "Факт"): null

04-12-2024T07:32:07 - [TEST_STEP][PASSED] - else if (vidget.contains("электроэнергии") == true): null

04-12-2024T07:32:07 - [TEST_STEP][PASSED] - if (tabR == null): null

04-12-2024T07:32:07 - [TEST_STEP][PASSED] - else: null

04-12-2024T07:32:07 - [TEST_STEP][PASSED] - if (tabR == "нет данных"): null

04-12-2024T07:32:07 - [TEST_STEP][PASSED] - setValueToCellByIndex(sheet01, n, 4, "нет данных"): null

04-12-2024T07:32:07 - [TEST_STEP][PASSED] - if (tabB == null): null

04-12-2024T07:32:07 - [TEST_STEP][PASSED] - else: null

04-12-2024T07:32:07 - [TEST_STEP][PASSED] - if (tabB == "нет данных"): null

04-12-2024T07:32:07 - [TEST_STEP][PASSED] - else: null

04-12-2024T07:32:07 - [TEST_STEP][PASSED] - TB = tabB.toInteger(): null

04-12-2024T07:32:07 - [TEST_STEP][PASSED] - setValueToCellByIndex(sheet01, n, 5, TB): null

04-12-2024T07:32:07 - [TEST_STEP][PASSED] - setValueToCellByIndex(sheet01, n, 6, m): null

04-12-2024T07:32:07 - [TEST_STEP][PASSED] - setValueToCellByIndex(sheet01, n, 7, y): null

04-12-2024T07:32:07 - [TEST_STEP][PASSED] - setValueToCellByIndex(sheet01, n, 8, todaysDate): null

04-12-2024T07:32:07 - [TEST_STEP][PASSED] - n = n + 1: null

04-12-2024T07:32:07 - [TEST_STEP][PASSED] - saveWorkbook(excelFilePath, workbook01): null

04-12-2024T07:32:07 - [TEST_STEP][PASSED] - typeOfData = "Факт Потери": null

04-12-2024T07:32:07 - [TEST_STEP][PASSED] - tabR = GetPFactR(x = a): null

04-12-2024T07:32:07 - [TEST_STEP][PASSED] - i1 = <not implemented yet for class: org.codehaus.groovy.ast.expr.EmptyExpression>: null

04-12-2024T07:32:07 - [TEST_STEP][PASSED] - ii = <not implemented yet for class: org.codehaus.groovy.ast.expr.EmptyExpression>: null

04-12-2024T07:32:07 - [TEST_STEP][PASSED] - for ([ii = 1, ii < 6, (ii++)]): null

04-12-2024T07:32:07 - [TEST_STEP][PASSED] - i1 = x.indexOf("/") + 1: null

04-12-2024T07:32:07 - [TEST_STEP][PASSED] - if (i1 > -1): null

04-12-2024T07:32:07 - [TEST_STEP][PASSED] - x = x.substring(i1, x.length()): null

04-12-2024T07:32:07 - [TEST_STEP][PASSED] - println(x): null

04-12-2024T07:32:07 - [TEST_STEP][PASSED] - i1 = x.indexOf("/") + 1: null

04-12-2024T07:32:07 - [TEST_STEP][PASSED] - if (i1 > -1): null

04-12-2024T07:32:07 - [TEST_STEP][PASSED] - x = x.substring(i1, x.length()): null

04-12-2024T07:32:07 - [TEST_STEP][PASSED] - println(x): null

04-12-2024T07:32:07 - [TEST_STEP][PASSED] - i1 = x.indexOf("/") + 1: null

04-12-2024T07:32:07 - [TEST_STEP][PASSED] - if (i1 > -1): null

04-12-2024T07:32:07 - [TEST_STEP][PASSED] - x = x.substring(i1, x.length()): null

04-12-2024T07:32:07 - [TEST_STEP][PASSED] - println(x): null

04-12-2024T07:32:07 - [TEST_STEP][PASSED] - i1 = x.indexOf("/") + 1: null

04-12-2024T07:32:07 - [TEST_STEP][PASSED] - if (i1 > -1): null

04-12-2024T07:32:07 - [TEST_STEP][PASSED] - x = x.substring(i1, x.length()): null

04-12-2024T07:32:07 - [TEST_STEP][PASSED] - println(x): null

04-12-2024T07:32:07 - [TEST_STEP][PASSED] - i1 = x.indexOf("/") + 1: null

04-12-2024T07:32:07 - [TEST_STEP][PASSED] - if (i1 > -1): null

04-12-2024T07:32:07 - [TEST_STEP][PASSED] - x = x.substring(i1, x.length()): null

04-12-2024T07:32:07 - [TEST_STEP][PASSED] - println(x): null

04-12-2024T07:32:07 - [TEST_STEP][PASSED] - i1 = x.indexOf("/"): null

04-12-2024T07:32:07 - [TEST_STEP][PASSED] - if (i1 > -1): null

04-12-2024T07:32:07 - [TEST_STEP][PASSED] - x = x.substring(0, i1): null

04-12-2024T07:32:07 - [TEST_STEP][PASSED] - println(x): null

04-12-2024T07:32:07 - [TEST_STEP][PASSED] - return x: null

04-12-2024T07:32:07 - [TEST_STEP][PASSED] - tabB = GetPFactB(x = b): null

04-12-2024T07:32:07 - [TEST_STEP][PASSED] - i1 = <not implemented yet for class: org.codehaus.groovy.ast.expr.EmptyExpression>: null

04-12-2024T07:32:07 - [TEST_STEP][PASSED] - ii = <not implemented yet for class: org.codehaus.groovy.ast.expr.EmptyExpression>: null

04-12-2024T07:32:07 - [TEST_STEP][PASSED] - for ([ii = 1, ii < 6, (ii++)]): null

04-12-2024T07:32:07 - [TEST_STEP][PASSED] - i1 = x.indexOf("/") + 1: null

04-12-2024T07:32:07 - [TEST_STEP][PASSED] - if (i1 > -1): null

04-12-2024T07:32:07 - [TEST_STEP][PASSED] - x = x.substring(i1, x.length()): null

04-12-2024T07:32:07 - [TEST_STEP][PASSED] - println(x): null

04-12-2024T07:32:07 - [TEST_STEP][PASSED] - i1 = x.indexOf("/") + 1: null

04-12-2024T07:32:07 - [TEST_STEP][PASSED] - if (i1 > -1): null

04-12-2024T07:32:07 - [TEST_STEP][PASSED] - x = x.substring(i1, x.length()): null

04-12-2024T07:32:07 - [TEST_STEP][PASSED] - println(x): null

04-12-2024T07:32:07 - [TEST_STEP][PASSED] - i1 = x.indexOf("/") + 1: null

04-12-2024T07:32:07 - [TEST_STEP][PASSED] - if (i1 > -1): null

04-12-2024T07:32:07 - [TEST_STEP][PASSED] - x = x.substring(i1, x.length()): null

04-12-2024T07:32:07 - [TEST_STEP][PASSED] - println(x): null

04-12-2024T07:32:07 - [TEST_STEP][PASSED] - i1 = x.indexOf("/") + 1: null

04-12-2024T07:32:07 - [TEST_STEP][PASSED] - if (i1 > -1): null

04-12-2024T07:32:07 - [TEST_STEP][PASSED] - x = x.substring(i1, x.length()): null

04-12-2024T07:32:07 - [TEST_STEP][PASSED] - println(x): null

04-12-2024T07:32:07 - [TEST_STEP][PASSED] - i1 = x.indexOf("/") + 1: null

04-12-2024T07:32:07 - [TEST_STEP][PASSED] - if (i1 > -1): null

04-12-2024T07:32:07 - [TEST_STEP][PASSED] - x = x.substring(i1, x.length()): null

04-12-2024T07:32:07 - [TEST_STEP][PASSED] - println(x): null

04-12-2024T07:32:07 - [TEST_STEP][PASSED] - i1 = x.indexOf("/"): null

04-12-2024T07:32:07 - [TEST_STEP][PASSED] - if (i1 > -1): null

04-12-2024T07:32:07 - [TEST_STEP][PASSED] - x = x.substring(0, i1): null

04-12-2024T07:32:07 - [TEST_STEP][PASSED] - println(x): null

04-12-2024T07:32:07 - [TEST_STEP][FAILED] - return x: null

04-12-2024T07:32:07 - [TEST_STEP][PASSED] - println(tabR + "/" + tabB): null

04-12-2024T07:32:07 - [TEST_STEP][FAILED] - if (verifyEqual(tabR, tabB) == false): null

04-12-2024T07:32:07 - [MESSAGE][FAILED] - Unable to verify equal between actual object 'нет данных' and expected object '2127876' (Root cause: com.kms.katalon.core.exception.StepFailedException: Actual object 'нет данных' and expected object '2127876' are not equal
	at com.kms.katalon.core.keyword.builtin.VerifyEqualKeyword$_verifyEqual_closure1.doCall(VerifyEqualKeyword.groovy:58)
	at com.kms.katalon.core.keyword.builtin.VerifyEqualKeyword$_verifyEqual_closure1.call(VerifyEqualKeyword.groovy)
	at com.kms.katalon.core.keyword.internal.KeywordMain.runKeyword(KeywordMain.groovy:75)
	at com.kms.katalon.core.keyword.builtin.VerifyEqualKeyword.verifyEqual(VerifyEqualKeyword.groovy:63)
	at com.kms.katalon.core.keyword.builtin.VerifyEqualKeyword.execute(VerifyEqualKeyword.groovy:44)
	at com.kms.katalon.core.keyword.internal.KeywordExecutor.executeKeywordForPlatform(KeywordExecutor.groovy:74)
	at com.kms.katalon.core.keyword.BuiltinKeywords.verifyEqual(BuiltinKeywords.groovy:146)
	at jdk.internal.reflect.GeneratedMethodAccessor25.invoke(Unknown Source)
	at java.base/jdk.internal.reflect.DelegatingMethodAccessorImpl.invoke(DelegatingMethodAccessorImpl.java:43)
	at Выполнение бизнес-плана сверка дашбордов.CompareDZOData(Выполнение бизнес-плана сверка дашбордов:730)
	at Выполнение бизнес-плана сверка дашбордов.run(Выполнение бизнес-плана сверка дашбордов:658)
	at com.kms.katalon.core.main.ScriptEngine.run(ScriptEngine.java:194)
	at com.kms.katalon.core.main.ScriptEngine.runScriptAsRawText(ScriptEngine.java:119)
	at com.kms.katalon.core.main.TestCaseExecutor.runScript(TestCaseExecutor.java:448)
	at com.kms.katalon.core.main.TestCaseExecutor.doExecute(TestCaseExecutor.java:439)
	at com.kms.katalon.core.main.TestCaseExecutor.processExecutionPhase(TestCaseExecutor.java:418)
	at com.kms.katalon.core.main.TestCaseExecutor.accessMainPhase(TestCaseExecutor.java:410)
	at com.kms.katalon.core.main.TestCaseExecutor.execute(TestCaseExecutor.java:285)
	at com.kms.katalon.core.common.CommonExecutor.accessTestCaseMainPhase(CommonExecutor.java:65)
	at com.kms.katalon.core.main.TestSuiteExecutor.accessTestSuiteMainPhase(TestSuiteExecutor.java:150)
	at com.kms.katalon.core.main.TestSuiteExecutor.execute(TestSuiteExecutor.java:106)
	at com.kms.katalon.core.main.TestCaseMain.startTestSuite(TestCaseMain.java:180)
	at TempTestSuite1733285972582.run(TempTestSuite1733285972582.groovy:35)
	at java.base/jdk.internal.reflect.NativeMethodAccessorImpl.invoke0(Native Method)
	at java.base/jdk.internal.reflect.NativeMethodAccessorImpl.invoke(NativeMethodAccessorImpl.java:77)
	at java.base/jdk.internal.reflect.DelegatingMethodAccessorImpl.invoke(DelegatingMethodAccessorImpl.java:43)
)

04-12-2024T07:32:07 - [TEST_STEP][PASSED] - result = WriteToExcel(typeOfData, todaysDate, PercPlanR, PercPlanB, PercFactR, PercFactB, x, tabR, tabB, o1R, o1B, vidget): null

04-12-2024T07:32:07 - [TEST_STEP][PASSED] - iii = dZO.indexOf("/"): null

04-12-2024T07:32:07 - [TEST_STEP][PASSED] - println(iii): null

04-12-2024T07:32:07 - [TEST_STEP][PASSED] - dZO = dZO.substring(0, iii): null

04-12-2024T07:32:07 - [TEST_STEP][PASSED] - println(dZO): null

04-12-2024T07:32:07 - [TEST_STEP][PASSED] - println(PercPlanR): null

04-12-2024T07:32:07 - [TEST_STEP][PASSED] - println(PercPlanB): null

04-12-2024T07:32:07 - [TEST_STEP][PASSED] - println(PercFactR): null

04-12-2024T07:32:07 - [TEST_STEP][PASSED] - println(PercFactB): null

04-12-2024T07:32:07 - [TEST_STEP][PASSED] - println(tabR): null

04-12-2024T07:32:07 - [TEST_STEP][PASSED] - println(tabB): null

04-12-2024T07:32:07 - [TEST_STEP][PASSED] - println(o1R): null

04-12-2024T07:32:07 - [TEST_STEP][PASSED] - println(o1B): null

04-12-2024T07:32:07 - [TEST_STEP][PASSED] - PR = <not implemented yet for class: org.codehaus.groovy.ast.expr.EmptyExpression>: null

04-12-2024T07:32:07 - [TEST_STEP][PASSED] - FR = <not implemented yet for class: org.codehaus.groovy.ast.expr.EmptyExpression>: null

04-12-2024T07:32:07 - [TEST_STEP][PASSED] - PB = <not implemented yet for class: org.codehaus.groovy.ast.expr.EmptyExpression>: null

04-12-2024T07:32:07 - [TEST_STEP][PASSED] - FB = <not implemented yet for class: org.codehaus.groovy.ast.expr.EmptyExpression>: null

04-12-2024T07:32:07 - [TEST_STEP][PASSED] - TR = <not implemented yet for class: org.codehaus.groovy.ast.expr.EmptyExpression>: null

04-12-2024T07:32:07 - [TEST_STEP][PASSED] - TB = <not implemented yet for class: org.codehaus.groovy.ast.expr.EmptyExpression>: null

04-12-2024T07:32:07 - [TEST_STEP][PASSED] - sheetName = "Sheet1": null

04-12-2024T07:32:07 - [TEST_STEP][PASSED] - data = findTestData("PlanFact"): null

04-12-2024T07:32:08 - [TEST_STEP][PASSED] - n = data.getRowNumbers() + 1: null

04-12-2024T07:32:08 - [TEST_STEP][PASSED] - year = todaysDate.substring(todaysDate.length() - 4, todaysDate.length()): null

04-12-2024T07:32:08 - [TEST_STEP][PASSED] - y = year.toInteger(): null

04-12-2024T07:32:08 - [TEST_STEP][PASSED] - m = getText(findTestObject("Выполнение бизнес-плана/Выполнение бизнес-плана Балансы/Фильтр Дата")): Text of object 'Object Repository/Выполнение бизнес-плана/Выполнение бизнес-плана Балансы/Фильтр Дата' is: '1, 2, 3 кв., Октябрь 2024 года'

04-12-2024T07:32:08 - [MESSAGE][PASSED] - Text of object 'Object Repository/Выполнение бизнес-плана/Выполнение бизнес-плана Балансы/Фильтр Дата' is: '1, 2, 3 кв., Октябрь 2024 года'

04-12-2024T07:32:08 - [TEST_STEP][PASSED] - m = m.substring(0, m.indexOf("2024")): null

04-12-2024T07:32:08 - [TEST_STEP][PASSED] - m = m.trim(): null

04-12-2024T07:32:08 - [TEST_STEP][PASSED] - dashboardName = "Выполнение бизнес-плана": null

04-12-2024T07:32:08 - [TEST_STEP][PASSED] - workbook01 = getWorkbook(excelFilePath): null

04-12-2024T07:32:08 - [TEST_STEP][PASSED] - sheet01 = getExcelSheet(workbook01, sheetName): null

04-12-2024T07:32:08 - [TEST_STEP][PASSED] - setValueToCellByIndex(sheet01, n, 0, dashboardName): null

04-12-2024T07:32:08 - [TEST_STEP][PASSED] - setValueToCellByIndex(sheet01, n, 1, dZO): null

04-12-2024T07:32:08 - [TEST_STEP][PASSED] - setValueToCellByIndex(sheet01, n, 2, typeOfData): null

04-12-2024T07:32:08 - [TEST_STEP][PASSED] - setValueToCellByIndex(sheet01, n, 3, typeOfData): null

04-12-2024T07:32:08 - [TEST_STEP][PASSED] - if (typeOfData == "План"): null

04-12-2024T07:32:08 - [TEST_STEP][PASSED] - else if (typeOfData == "Факт"): null

04-12-2024T07:32:08 - [TEST_STEP][PASSED] - else if (vidget.contains("электроэнергии") == true): null

04-12-2024T07:32:08 - [TEST_STEP][PASSED] - if (tabR == null): null

04-12-2024T07:32:08 - [TEST_STEP][PASSED] - else: null

04-12-2024T07:32:08 - [TEST_STEP][PASSED] - if (tabR == "нет данных"): null

04-12-2024T07:32:08 - [TEST_STEP][PASSED] - setValueToCellByIndex(sheet01, n, 4, "нет данных"): null

04-12-2024T07:32:08 - [TEST_STEP][PASSED] - if (tabB == null): null

04-12-2024T07:32:08 - [TEST_STEP][PASSED] - else: null

04-12-2024T07:32:08 - [TEST_STEP][PASSED] - if (tabB == "нет данных"): null

04-12-2024T07:32:08 - [TEST_STEP][PASSED] - else: null

04-12-2024T07:32:08 - [TEST_STEP][PASSED] - TB = tabB.toInteger(): null

04-12-2024T07:32:08 - [TEST_STEP][PASSED] - setValueToCellByIndex(sheet01, n, 5, TB): null

04-12-2024T07:32:08 - [TEST_STEP][PASSED] - setValueToCellByIndex(sheet01, n, 6, m): null

04-12-2024T07:32:08 - [TEST_STEP][PASSED] - setValueToCellByIndex(sheet01, n, 7, y): null

04-12-2024T07:32:08 - [TEST_STEP][PASSED] - setValueToCellByIndex(sheet01, n, 8, todaysDate): null

04-12-2024T07:32:08 - [TEST_STEP][PASSED] - n = n + 1: null

04-12-2024T07:32:08 - [TEST_STEP][PASSED] - saveWorkbook(excelFilePath, workbook01): null

04-12-2024T07:32:08 - [TEST_STEP][PASSED] - vidget = "Показатели баланса электроэнергии по ДЗО – План": null

04-12-2024T07:32:08 - [TEST_STEP][PASSED] - typeOfData = "План Отпуск в сеть": null

04-12-2024T07:32:08 - [TEST_STEP][PASSED] - tabR = GetOvSPlanR(x = a): null

04-12-2024T07:32:08 - [TEST_STEP][PASSED] - i1 = <not implemented yet for class: org.codehaus.groovy.ast.expr.EmptyExpression>: null

04-12-2024T07:32:08 - [TEST_STEP][PASSED] - ii = <not implemented yet for class: org.codehaus.groovy.ast.expr.EmptyExpression>: null

04-12-2024T07:32:08 - [TEST_STEP][PASSED] - for ([ii = 1, ii < 7, (ii++)]): null

04-12-2024T07:32:08 - [TEST_STEP][PASSED] - i1 = x.indexOf("/") + 1: null

04-12-2024T07:32:08 - [TEST_STEP][PASSED] - if (i1 > -1): null

04-12-2024T07:32:08 - [TEST_STEP][PASSED] - x = x.substring(i1, x.length()): null

04-12-2024T07:32:08 - [TEST_STEP][PASSED] - println(x): null

04-12-2024T07:32:08 - [TEST_STEP][PASSED] - i1 = x.indexOf("/") + 1: null

04-12-2024T07:32:08 - [TEST_STEP][PASSED] - if (i1 > -1): null

04-12-2024T07:32:08 - [TEST_STEP][PASSED] - x = x.substring(i1, x.length()): null

04-12-2024T07:32:08 - [TEST_STEP][PASSED] - println(x): null

04-12-2024T07:32:08 - [TEST_STEP][PASSED] - i1 = x.indexOf("/") + 1: null

04-12-2024T07:32:08 - [TEST_STEP][PASSED] - if (i1 > -1): null

04-12-2024T07:32:08 - [TEST_STEP][PASSED] - x = x.substring(i1, x.length()): null

04-12-2024T07:32:08 - [TEST_STEP][PASSED] - println(x): null

04-12-2024T07:32:08 - [TEST_STEP][PASSED] - i1 = x.indexOf("/") + 1: null

04-12-2024T07:32:08 - [TEST_STEP][PASSED] - if (i1 > -1): null

04-12-2024T07:32:08 - [TEST_STEP][PASSED] - x = x.substring(i1, x.length()): null

04-12-2024T07:32:08 - [TEST_STEP][PASSED] - println(x): null

04-12-2024T07:32:08 - [TEST_STEP][PASSED] - i1 = x.indexOf("/") + 1: null

04-12-2024T07:32:08 - [TEST_STEP][PASSED] - if (i1 > -1): null

04-12-2024T07:32:08 - [TEST_STEP][PASSED] - x = x.substring(i1, x.length()): null

04-12-2024T07:32:08 - [TEST_STEP][PASSED] - println(x): null

04-12-2024T07:32:08 - [TEST_STEP][PASSED] - i1 = x.indexOf("/") + 1: null

04-12-2024T07:32:08 - [TEST_STEP][PASSED] - if (i1 > -1): null

04-12-2024T07:32:08 - [TEST_STEP][PASSED] - x = x.substring(i1, x.length()): null

04-12-2024T07:32:08 - [TEST_STEP][PASSED] - println(x): null

04-12-2024T07:32:08 - [TEST_STEP][PASSED] - i1 = x.indexOf("/"): null

04-12-2024T07:32:08 - [TEST_STEP][PASSED] - if (i1 > -1): null

04-12-2024T07:32:08 - [TEST_STEP][PASSED] - x = x.substring(0, i1): null

04-12-2024T07:32:08 - [TEST_STEP][PASSED] - println(x): null

04-12-2024T07:32:08 - [TEST_STEP][PASSED] - return x: null

04-12-2024T07:32:08 - [TEST_STEP][PASSED] - tabB = GetOvSPlanB(x = b): null

04-12-2024T07:32:08 - [TEST_STEP][PASSED] - i1 = <not implemented yet for class: org.codehaus.groovy.ast.expr.EmptyExpression>: null

04-12-2024T07:32:08 - [TEST_STEP][PASSED] - ii = <not implemented yet for class: org.codehaus.groovy.ast.expr.EmptyExpression>: null

04-12-2024T07:32:08 - [TEST_STEP][PASSED] - for ([ii = 1, ii < 7, (ii++)]): null

04-12-2024T07:32:08 - [TEST_STEP][PASSED] - i1 = x.indexOf("/") + 1: null

04-12-2024T07:32:08 - [TEST_STEP][PASSED] - if (i1 > -1): null

04-12-2024T07:32:08 - [TEST_STEP][PASSED] - x = x.substring(i1, x.length()): null

04-12-2024T07:32:08 - [TEST_STEP][PASSED] - println(x): null

04-12-2024T07:32:08 - [TEST_STEP][PASSED] - i1 = x.indexOf("/") + 1: null

04-12-2024T07:32:08 - [TEST_STEP][PASSED] - if (i1 > -1): null

04-12-2024T07:32:08 - [TEST_STEP][PASSED] - x = x.substring(i1, x.length()): null

04-12-2024T07:32:08 - [TEST_STEP][PASSED] - println(x): null

04-12-2024T07:32:08 - [TEST_STEP][PASSED] - i1 = x.indexOf("/") + 1: null

04-12-2024T07:32:08 - [TEST_STEP][PASSED] - if (i1 > -1): null

04-12-2024T07:32:08 - [TEST_STEP][PASSED] - x = x.substring(i1, x.length()): null

04-12-2024T07:32:08 - [TEST_STEP][PASSED] - println(x): null

04-12-2024T07:32:08 - [TEST_STEP][PASSED] - i1 = x.indexOf("/") + 1: null

04-12-2024T07:32:08 - [TEST_STEP][PASSED] - if (i1 > -1): null

04-12-2024T07:32:08 - [TEST_STEP][PASSED] - x = x.substring(i1, x.length()): null

04-12-2024T07:32:08 - [TEST_STEP][PASSED] - println(x): null

04-12-2024T07:32:08 - [TEST_STEP][PASSED] - i1 = x.indexOf("/") + 1: null

04-12-2024T07:32:08 - [TEST_STEP][PASSED] - if (i1 > -1): null

04-12-2024T07:32:08 - [TEST_STEP][PASSED] - x = x.substring(i1, x.length()): null

04-12-2024T07:32:08 - [TEST_STEP][PASSED] - println(x): null

04-12-2024T07:32:08 - [TEST_STEP][PASSED] - i1 = x.indexOf("/") + 1: null

04-12-2024T07:32:08 - [TEST_STEP][PASSED] - if (i1 > -1): null

04-12-2024T07:32:08 - [TEST_STEP][PASSED] - x = x.substring(i1, x.length()): null

04-12-2024T07:32:08 - [TEST_STEP][PASSED] - println(x): null

04-12-2024T07:32:08 - [TEST_STEP][PASSED] - i1 = x.indexOf("/"): null

04-12-2024T07:32:08 - [TEST_STEP][PASSED] - if (i1 > -1): null

04-12-2024T07:32:08 - [TEST_STEP][PASSED] - x = x.substring(0, i1): null

04-12-2024T07:32:08 - [TEST_STEP][PASSED] - println(x): null

04-12-2024T07:32:08 - [TEST_STEP][FAILED] - return x: null

04-12-2024T07:32:08 - [TEST_STEP][PASSED] - println(tabR + "/" + tabB): null

04-12-2024T07:32:08 - [TEST_STEP][FAILED] - if (verifyEqual(PercFactR, PercFactB) == false): null

04-12-2024T07:32:08 - [MESSAGE][FAILED] - Unable to verify equal between actual object 'нет данных' and expected object '8.58' (Root cause: com.kms.katalon.core.exception.StepFailedException: Actual object 'нет данных' and expected object '8.58' are not equal
	at com.kms.katalon.core.keyword.builtin.VerifyEqualKeyword$_verifyEqual_closure1.doCall(VerifyEqualKeyword.groovy:58)
	at com.kms.katalon.core.keyword.builtin.VerifyEqualKeyword$_verifyEqual_closure1.call(VerifyEqualKeyword.groovy)
	at com.kms.katalon.core.keyword.internal.KeywordMain.runKeyword(KeywordMain.groovy:75)
	at com.kms.katalon.core.keyword.builtin.VerifyEqualKeyword.verifyEqual(VerifyEqualKeyword.groovy:63)
	at com.kms.katalon.core.keyword.builtin.VerifyEqualKeyword.execute(VerifyEqualKeyword.groovy:44)
	at com.kms.katalon.core.keyword.internal.KeywordExecutor.executeKeywordForPlatform(KeywordExecutor.groovy:74)
	at com.kms.katalon.core.keyword.BuiltinKeywords.verifyEqual(BuiltinKeywords.groovy:146)
	at jdk.internal.reflect.GeneratedMethodAccessor25.invoke(Unknown Source)
	at java.base/jdk.internal.reflect.DelegatingMethodAccessorImpl.invoke(DelegatingMethodAccessorImpl.java:43)
	at Выполнение бизнес-плана сверка дашбордов.CompareDZOData(Выполнение бизнес-плана сверка дашбордов:745)
	at Выполнение бизнес-плана сверка дашбордов.run(Выполнение бизнес-плана сверка дашбордов:658)
	at com.kms.katalon.core.main.ScriptEngine.run(ScriptEngine.java:194)
	at com.kms.katalon.core.main.ScriptEngine.runScriptAsRawText(ScriptEngine.java:119)
	at com.kms.katalon.core.main.TestCaseExecutor.runScript(TestCaseExecutor.java:448)
	at com.kms.katalon.core.main.TestCaseExecutor.doExecute(TestCaseExecutor.java:439)
	at com.kms.katalon.core.main.TestCaseExecutor.processExecutionPhase(TestCaseExecutor.java:418)
	at com.kms.katalon.core.main.TestCaseExecutor.accessMainPhase(TestCaseExecutor.java:410)
	at com.kms.katalon.core.main.TestCaseExecutor.execute(TestCaseExecutor.java:285)
	at com.kms.katalon.core.common.CommonExecutor.accessTestCaseMainPhase(CommonExecutor.java:65)
	at com.kms.katalon.core.main.TestSuiteExecutor.accessTestSuiteMainPhase(TestSuiteExecutor.java:150)
	at com.kms.katalon.core.main.TestSuiteExecutor.execute(TestSuiteExecutor.java:106)
	at com.kms.katalon.core.main.TestCaseMain.startTestSuite(TestCaseMain.java:180)
	at TempTestSuite1733285972582.run(TempTestSuite1733285972582.groovy:35)
	at java.base/jdk.internal.reflect.NativeMethodAccessorImpl.invoke0(Native Method)
	at java.base/jdk.internal.reflect.NativeMethodAccessorImpl.invoke(NativeMethodAccessorImpl.java:77)
	at java.base/jdk.internal.reflect.DelegatingMethodAccessorImpl.invoke(DelegatingMethodAccessorImpl.java:43)
)

04-12-2024T07:32:08 - [TEST_STEP][PASSED] - result = WriteToExcel(typeOfData, todaysDate, PercPlanR, PercPlanB, PercFactR, PercFactB, x, tabR, tabB, o1R, o1B, vidget): null

04-12-2024T07:32:08 - [TEST_STEP][PASSED] - iii = dZO.indexOf("/"): null

04-12-2024T07:32:08 - [TEST_STEP][PASSED] - println(iii): null

04-12-2024T07:32:08 - [TEST_STEP][PASSED] - dZO = dZO.substring(0, iii): null

04-12-2024T07:32:08 - [TEST_STEP][PASSED] - println(dZO): null

04-12-2024T07:32:08 - [TEST_STEP][PASSED] - println(PercPlanR): null

04-12-2024T07:32:08 - [TEST_STEP][PASSED] - println(PercPlanB): null

04-12-2024T07:32:08 - [TEST_STEP][PASSED] - println(PercFactR): null

04-12-2024T07:32:08 - [TEST_STEP][PASSED] - println(PercFactB): null

04-12-2024T07:32:08 - [TEST_STEP][PASSED] - println(tabR): null

04-12-2024T07:32:08 - [TEST_STEP][PASSED] - println(tabB): null

04-12-2024T07:32:08 - [TEST_STEP][PASSED] - println(o1R): null

04-12-2024T07:32:08 - [TEST_STEP][PASSED] - println(o1B): null

04-12-2024T07:32:08 - [TEST_STEP][PASSED] - PR = <not implemented yet for class: org.codehaus.groovy.ast.expr.EmptyExpression>: null

04-12-2024T07:32:08 - [TEST_STEP][PASSED] - FR = <not implemented yet for class: org.codehaus.groovy.ast.expr.EmptyExpression>: null

04-12-2024T07:32:08 - [TEST_STEP][PASSED] - PB = <not implemented yet for class: org.codehaus.groovy.ast.expr.EmptyExpression>: null

04-12-2024T07:32:08 - [TEST_STEP][PASSED] - FB = <not implemented yet for class: org.codehaus.groovy.ast.expr.EmptyExpression>: null

04-12-2024T07:32:08 - [TEST_STEP][PASSED] - TR = <not implemented yet for class: org.codehaus.groovy.ast.expr.EmptyExpression>: null

04-12-2024T07:32:08 - [TEST_STEP][PASSED] - TB = <not implemented yet for class: org.codehaus.groovy.ast.expr.EmptyExpression>: null

04-12-2024T07:32:08 - [TEST_STEP][PASSED] - sheetName = "Sheet1": null

04-12-2024T07:32:08 - [TEST_STEP][PASSED] - data = findTestData("PlanFact"): null

04-12-2024T07:32:08 - [TEST_STEP][PASSED] - n = data.getRowNumbers() + 1: null

04-12-2024T07:32:08 - [TEST_STEP][PASSED] - year = todaysDate.substring(todaysDate.length() - 4, todaysDate.length()): null

04-12-2024T07:32:08 - [TEST_STEP][PASSED] - y = year.toInteger(): null

04-12-2024T07:32:08 - [TEST_STEP][PASSED] - m = getText(findTestObject("Выполнение бизнес-плана/Выполнение бизнес-плана Балансы/Фильтр Дата")): Text of object 'Object Repository/Выполнение бизнес-плана/Выполнение бизнес-плана Балансы/Фильтр Дата' is: '1, 2, 3 кв., Октябрь 2024 года'

04-12-2024T07:32:08 - [MESSAGE][PASSED] - Text of object 'Object Repository/Выполнение бизнес-плана/Выполнение бизнес-плана Балансы/Фильтр Дата' is: '1, 2, 3 кв., Октябрь 2024 года'

04-12-2024T07:32:08 - [TEST_STEP][PASSED] - m = m.substring(0, m.indexOf("2024")): null

04-12-2024T07:32:08 - [TEST_STEP][PASSED] - m = m.trim(): null

04-12-2024T07:32:08 - [TEST_STEP][PASSED] - dashboardName = "Выполнение бизнес-плана": null

04-12-2024T07:32:08 - [TEST_STEP][PASSED] - workbook01 = getWorkbook(excelFilePath): null

04-12-2024T07:32:08 - [TEST_STEP][PASSED] - sheet01 = getExcelSheet(workbook01, sheetName): null

04-12-2024T07:32:08 - [TEST_STEP][PASSED] - setValueToCellByIndex(sheet01, n, 0, dashboardName): null

04-12-2024T07:32:08 - [TEST_STEP][PASSED] - setValueToCellByIndex(sheet01, n, 1, dZO): null

04-12-2024T07:32:08 - [TEST_STEP][PASSED] - setValueToCellByIndex(sheet01, n, 2, typeOfData): null

04-12-2024T07:32:08 - [TEST_STEP][PASSED] - setValueToCellByIndex(sheet01, n, 3, typeOfData): null

04-12-2024T07:32:08 - [TEST_STEP][PASSED] - if (typeOfData == "План"): null

04-12-2024T07:32:08 - [TEST_STEP][PASSED] - else if (typeOfData == "Факт"): null

04-12-2024T07:32:08 - [TEST_STEP][PASSED] - else if (vidget.contains("электроэнергии") == true): null

04-12-2024T07:32:08 - [TEST_STEP][PASSED] - if (tabR == null): null

04-12-2024T07:32:08 - [TEST_STEP][PASSED] - else: null

04-12-2024T07:32:08 - [TEST_STEP][PASSED] - if (tabR == "нет данных"): null

04-12-2024T07:32:08 - [TEST_STEP][PASSED] - setValueToCellByIndex(sheet01, n, 4, "нет данных"): null

04-12-2024T07:32:08 - [TEST_STEP][PASSED] - if (tabB == null): null

04-12-2024T07:32:08 - [TEST_STEP][PASSED] - else: null

04-12-2024T07:32:08 - [TEST_STEP][PASSED] - if (tabB == "нет данных"): null

04-12-2024T07:32:08 - [TEST_STEP][PASSED] - else: null

04-12-2024T07:32:08 - [TEST_STEP][PASSED] - TB = tabB.toInteger(): null

04-12-2024T07:32:08 - [TEST_STEP][PASSED] - setValueToCellByIndex(sheet01, n, 5, TB): null

04-12-2024T07:32:08 - [TEST_STEP][PASSED] - setValueToCellByIndex(sheet01, n, 6, m): null

04-12-2024T07:32:08 - [TEST_STEP][PASSED] - setValueToCellByIndex(sheet01, n, 7, y): null

04-12-2024T07:32:08 - [TEST_STEP][PASSED] - setValueToCellByIndex(sheet01, n, 8, todaysDate): null

04-12-2024T07:32:08 - [TEST_STEP][PASSED] - n = n + 1: null

04-12-2024T07:32:08 - [TEST_STEP][PASSED] - saveWorkbook(excelFilePath, workbook01): null

04-12-2024T07:32:09 - [TEST_STEP][PASSED] - typeOfData = "План Отпуск из сети": null

04-12-2024T07:32:09 - [TEST_STEP][PASSED] - tabR = GetOiSPlanR(x = a): null

04-12-2024T07:32:09 - [TEST_STEP][PASSED] - i1 = <not implemented yet for class: org.codehaus.groovy.ast.expr.EmptyExpression>: null

04-12-2024T07:32:09 - [TEST_STEP][PASSED] - ii = <not implemented yet for class: org.codehaus.groovy.ast.expr.EmptyExpression>: null

04-12-2024T07:32:09 - [TEST_STEP][PASSED] - for ([ii = 1, ii < 8, (ii++)]): null

04-12-2024T07:32:09 - [TEST_STEP][PASSED] - i1 = x.indexOf("/") + 1: null

04-12-2024T07:32:09 - [TEST_STEP][PASSED] - if (i1 > -1): null

04-12-2024T07:32:09 - [TEST_STEP][PASSED] - x = x.substring(i1, x.length()): null

04-12-2024T07:32:09 - [TEST_STEP][PASSED] - println(x): null

04-12-2024T07:32:09 - [TEST_STEP][PASSED] - i1 = x.indexOf("/") + 1: null

04-12-2024T07:32:09 - [TEST_STEP][PASSED] - if (i1 > -1): null

04-12-2024T07:32:09 - [TEST_STEP][PASSED] - x = x.substring(i1, x.length()): null

04-12-2024T07:32:09 - [TEST_STEP][PASSED] - println(x): null

04-12-2024T07:32:09 - [TEST_STEP][PASSED] - i1 = x.indexOf("/") + 1: null

04-12-2024T07:32:09 - [TEST_STEP][PASSED] - if (i1 > -1): null

04-12-2024T07:32:09 - [TEST_STEP][PASSED] - x = x.substring(i1, x.length()): null

04-12-2024T07:32:09 - [TEST_STEP][PASSED] - println(x): null

04-12-2024T07:32:09 - [TEST_STEP][PASSED] - i1 = x.indexOf("/") + 1: null

04-12-2024T07:32:09 - [TEST_STEP][PASSED] - if (i1 > -1): null

04-12-2024T07:32:09 - [TEST_STEP][PASSED] - x = x.substring(i1, x.length()): null

04-12-2024T07:32:09 - [TEST_STEP][PASSED] - println(x): null

04-12-2024T07:32:09 - [TEST_STEP][PASSED] - i1 = x.indexOf("/") + 1: null

04-12-2024T07:32:09 - [TEST_STEP][PASSED] - if (i1 > -1): null

04-12-2024T07:32:09 - [TEST_STEP][PASSED] - x = x.substring(i1, x.length()): null

04-12-2024T07:32:09 - [TEST_STEP][PASSED] - println(x): null

04-12-2024T07:32:09 - [TEST_STEP][PASSED] - i1 = x.indexOf("/") + 1: null

04-12-2024T07:32:09 - [TEST_STEP][PASSED] - if (i1 > -1): null

04-12-2024T07:32:09 - [TEST_STEP][PASSED] - x = x.substring(i1, x.length()): null

04-12-2024T07:32:09 - [TEST_STEP][PASSED] - println(x): null

04-12-2024T07:32:09 - [TEST_STEP][PASSED] - i1 = x.indexOf("/") + 1: null

04-12-2024T07:32:09 - [TEST_STEP][PASSED] - if (i1 > -1): null

04-12-2024T07:32:09 - [TEST_STEP][PASSED] - x = x.substring(i1, x.length()): null

04-12-2024T07:32:09 - [TEST_STEP][PASSED] - println(x): null

04-12-2024T07:32:09 - [TEST_STEP][PASSED] - i1 = x.indexOf("/"): null

04-12-2024T07:32:09 - [TEST_STEP][PASSED] - if (i1 > -1): null

04-12-2024T07:32:09 - [TEST_STEP][PASSED] - x = x.substring(0, i1): null

04-12-2024T07:32:09 - [TEST_STEP][PASSED] - println(x): null

04-12-2024T07:32:09 - [TEST_STEP][PASSED] - return x: null

04-12-2024T07:32:09 - [TEST_STEP][PASSED] - tabB = GetOiSPlanB(x = b): null

04-12-2024T07:32:09 - [TEST_STEP][PASSED] - i1 = <not implemented yet for class: org.codehaus.groovy.ast.expr.EmptyExpression>: null

04-12-2024T07:32:09 - [TEST_STEP][PASSED] - ii = <not implemented yet for class: org.codehaus.groovy.ast.expr.EmptyExpression>: null

04-12-2024T07:32:09 - [TEST_STEP][PASSED] - for ([ii = 1, ii < 8, (ii++)]): null

04-12-2024T07:32:09 - [TEST_STEP][PASSED] - i1 = x.indexOf("/") + 1: null

04-12-2024T07:32:09 - [TEST_STEP][PASSED] - if (i1 > -1): null

04-12-2024T07:32:09 - [TEST_STEP][PASSED] - x = x.substring(i1, x.length()): null

04-12-2024T07:32:09 - [TEST_STEP][PASSED] - println(x): null

04-12-2024T07:32:09 - [TEST_STEP][PASSED] - i1 = x.indexOf("/") + 1: null

04-12-2024T07:32:09 - [TEST_STEP][PASSED] - if (i1 > -1): null

04-12-2024T07:32:09 - [TEST_STEP][PASSED] - x = x.substring(i1, x.length()): null

04-12-2024T07:32:09 - [TEST_STEP][PASSED] - println(x): null

04-12-2024T07:32:09 - [TEST_STEP][PASSED] - i1 = x.indexOf("/") + 1: null

04-12-2024T07:32:09 - [TEST_STEP][PASSED] - if (i1 > -1): null

04-12-2024T07:32:09 - [TEST_STEP][PASSED] - x = x.substring(i1, x.length()): null

04-12-2024T07:32:09 - [TEST_STEP][PASSED] - println(x): null

04-12-2024T07:32:09 - [TEST_STEP][PASSED] - i1 = x.indexOf("/") + 1: null

04-12-2024T07:32:09 - [TEST_STEP][PASSED] - if (i1 > -1): null

04-12-2024T07:32:09 - [TEST_STEP][PASSED] - x = x.substring(i1, x.length()): null

04-12-2024T07:32:09 - [TEST_STEP][PASSED] - println(x): null

04-12-2024T07:32:09 - [TEST_STEP][PASSED] - i1 = x.indexOf("/") + 1: null

04-12-2024T07:32:09 - [TEST_STEP][PASSED] - if (i1 > -1): null

04-12-2024T07:32:09 - [TEST_STEP][PASSED] - x = x.substring(i1, x.length()): null

04-12-2024T07:32:09 - [TEST_STEP][PASSED] - println(x): null

04-12-2024T07:32:09 - [TEST_STEP][PASSED] - i1 = x.indexOf("/") + 1: null

04-12-2024T07:32:09 - [TEST_STEP][PASSED] - if (i1 > -1): null

04-12-2024T07:32:09 - [TEST_STEP][PASSED] - x = x.substring(i1, x.length()): null

04-12-2024T07:32:09 - [TEST_STEP][PASSED] - println(x): null

04-12-2024T07:32:09 - [TEST_STEP][PASSED] - i1 = x.indexOf("/") + 1: null

04-12-2024T07:32:09 - [TEST_STEP][PASSED] - if (i1 > -1): null

04-12-2024T07:32:09 - [TEST_STEP][PASSED] - x = x.substring(i1, x.length()): null

04-12-2024T07:32:09 - [TEST_STEP][PASSED] - println(x): null

04-12-2024T07:32:09 - [TEST_STEP][PASSED] - i1 = x.indexOf("/"): null

04-12-2024T07:32:09 - [TEST_STEP][PASSED] - if (i1 > -1): null

04-12-2024T07:32:09 - [TEST_STEP][PASSED] - x = x.substring(0, i1): null

04-12-2024T07:32:09 - [TEST_STEP][PASSED] - println(x): null

04-12-2024T07:32:09 - [TEST_STEP][FAILED] - return x: null

04-12-2024T07:32:09 - [TEST_STEP][PASSED] - println(tabR + "/" + tabB): null

04-12-2024T07:32:09 - [TEST_STEP][FAILED] - if (verifyEqual(PercFactR, PercFactB) == false): null

04-12-2024T07:32:09 - [MESSAGE][FAILED] - Unable to verify equal between actual object 'нет данных' and expected object '8.58' (Root cause: com.kms.katalon.core.exception.StepFailedException: Actual object 'нет данных' and expected object '8.58' are not equal
	at com.kms.katalon.core.keyword.builtin.VerifyEqualKeyword$_verifyEqual_closure1.doCall(VerifyEqualKeyword.groovy:58)
	at com.kms.katalon.core.keyword.builtin.VerifyEqualKeyword$_verifyEqual_closure1.call(VerifyEqualKeyword.groovy)
	at com.kms.katalon.core.keyword.internal.KeywordMain.runKeyword(KeywordMain.groovy:75)
	at com.kms.katalon.core.keyword.builtin.VerifyEqualKeyword.verifyEqual(VerifyEqualKeyword.groovy:63)
	at com.kms.katalon.core.keyword.builtin.VerifyEqualKeyword.execute(VerifyEqualKeyword.groovy:44)
	at com.kms.katalon.core.keyword.internal.KeywordExecutor.executeKeywordForPlatform(KeywordExecutor.groovy:74)
	at com.kms.katalon.core.keyword.BuiltinKeywords.verifyEqual(BuiltinKeywords.groovy:146)
	at jdk.internal.reflect.GeneratedMethodAccessor25.invoke(Unknown Source)
	at java.base/jdk.internal.reflect.DelegatingMethodAccessorImpl.invoke(DelegatingMethodAccessorImpl.java:43)
	at Выполнение бизнес-плана сверка дашбордов.CompareDZOData(Выполнение бизнес-плана сверка дашбордов:758)
	at Выполнение бизнес-плана сверка дашбордов.run(Выполнение бизнес-плана сверка дашбордов:658)
	at com.kms.katalon.core.main.ScriptEngine.run(ScriptEngine.java:194)
	at com.kms.katalon.core.main.ScriptEngine.runScriptAsRawText(ScriptEngine.java:119)
	at com.kms.katalon.core.main.TestCaseExecutor.runScript(TestCaseExecutor.java:448)
	at com.kms.katalon.core.main.TestCaseExecutor.doExecute(TestCaseExecutor.java:439)
	at com.kms.katalon.core.main.TestCaseExecutor.processExecutionPhase(TestCaseExecutor.java:418)
	at com.kms.katalon.core.main.TestCaseExecutor.accessMainPhase(TestCaseExecutor.java:410)
	at com.kms.katalon.core.main.TestCaseExecutor.execute(TestCaseExecutor.java:285)
	at com.kms.katalon.core.common.CommonExecutor.accessTestCaseMainPhase(CommonExecutor.java:65)
	at com.kms.katalon.core.main.TestSuiteExecutor.accessTestSuiteMainPhase(TestSuiteExecutor.java:150)
	at com.kms.katalon.core.main.TestSuiteExecutor.execute(TestSuiteExecutor.java:106)
	at com.kms.katalon.core.main.TestCaseMain.startTestSuite(TestCaseMain.java:180)
	at TempTestSuite1733285972582.run(TempTestSuite1733285972582.groovy:35)
	at java.base/jdk.internal.reflect.NativeMethodAccessorImpl.invoke0(Native Method)
	at java.base/jdk.internal.reflect.NativeMethodAccessorImpl.invoke(NativeMethodAccessorImpl.java:77)
	at java.base/jdk.internal.reflect.DelegatingMethodAccessorImpl.invoke(DelegatingMethodAccessorImpl.java:43)
)

04-12-2024T07:32:09 - [TEST_STEP][PASSED] - result = WriteToExcel(typeOfData, todaysDate, PercPlanR, PercPlanB, PercFactR, PercFactB, x, tabR, tabB, o1R, o1B, vidget): null

04-12-2024T07:32:09 - [TEST_STEP][PASSED] - iii = dZO.indexOf("/"): null

04-12-2024T07:32:09 - [TEST_STEP][PASSED] - println(iii): null

04-12-2024T07:32:09 - [TEST_STEP][PASSED] - dZO = dZO.substring(0, iii): null

04-12-2024T07:32:09 - [TEST_STEP][PASSED] - println(dZO): null

04-12-2024T07:32:09 - [TEST_STEP][PASSED] - println(PercPlanR): null

04-12-2024T07:32:09 - [TEST_STEP][PASSED] - println(PercPlanB): null

04-12-2024T07:32:09 - [TEST_STEP][PASSED] - println(PercFactR): null

04-12-2024T07:32:09 - [TEST_STEP][PASSED] - println(PercFactB): null

04-12-2024T07:32:09 - [TEST_STEP][PASSED] - println(tabR): null

04-12-2024T07:32:09 - [TEST_STEP][PASSED] - println(tabB): null

04-12-2024T07:32:09 - [TEST_STEP][PASSED] - println(o1R): null

04-12-2024T07:32:09 - [TEST_STEP][PASSED] - println(o1B): null

04-12-2024T07:32:09 - [TEST_STEP][PASSED] - PR = <not implemented yet for class: org.codehaus.groovy.ast.expr.EmptyExpression>: null

04-12-2024T07:32:09 - [TEST_STEP][PASSED] - FR = <not implemented yet for class: org.codehaus.groovy.ast.expr.EmptyExpression>: null

04-12-2024T07:32:09 - [TEST_STEP][PASSED] - PB = <not implemented yet for class: org.codehaus.groovy.ast.expr.EmptyExpression>: null

04-12-2024T07:32:09 - [TEST_STEP][PASSED] - FB = <not implemented yet for class: org.codehaus.groovy.ast.expr.EmptyExpression>: null

04-12-2024T07:32:09 - [TEST_STEP][PASSED] - TR = <not implemented yet for class: org.codehaus.groovy.ast.expr.EmptyExpression>: null

04-12-2024T07:32:09 - [TEST_STEP][PASSED] - TB = <not implemented yet for class: org.codehaus.groovy.ast.expr.EmptyExpression>: null

04-12-2024T07:32:09 - [TEST_STEP][PASSED] - sheetName = "Sheet1": null

04-12-2024T07:32:09 - [TEST_STEP][PASSED] - data = findTestData("PlanFact"): null

04-12-2024T07:32:09 - [TEST_STEP][PASSED] - n = data.getRowNumbers() + 1: null

04-12-2024T07:32:09 - [TEST_STEP][PASSED] - year = todaysDate.substring(todaysDate.length() - 4, todaysDate.length()): null

04-12-2024T07:32:09 - [TEST_STEP][PASSED] - y = year.toInteger(): null

04-12-2024T07:32:09 - [TEST_STEP][PASSED] - m = getText(findTestObject("Выполнение бизнес-плана/Выполнение бизнес-плана Балансы/Фильтр Дата")): Text of object 'Object Repository/Выполнение бизнес-плана/Выполнение бизнес-плана Балансы/Фильтр Дата' is: '1, 2, 3 кв., Октябрь 2024 года'

04-12-2024T07:32:09 - [MESSAGE][PASSED] - Text of object 'Object Repository/Выполнение бизнес-плана/Выполнение бизнес-плана Балансы/Фильтр Дата' is: '1, 2, 3 кв., Октябрь 2024 года'

04-12-2024T07:32:09 - [TEST_STEP][PASSED] - m = m.substring(0, m.indexOf("2024")): null

04-12-2024T07:32:09 - [TEST_STEP][PASSED] - m = m.trim(): null

04-12-2024T07:32:09 - [TEST_STEP][PASSED] - dashboardName = "Выполнение бизнес-плана": null

04-12-2024T07:32:09 - [TEST_STEP][PASSED] - workbook01 = getWorkbook(excelFilePath): null

04-12-2024T07:32:09 - [TEST_STEP][PASSED] - sheet01 = getExcelSheet(workbook01, sheetName): null

04-12-2024T07:32:09 - [TEST_STEP][PASSED] - setValueToCellByIndex(sheet01, n, 0, dashboardName): null

04-12-2024T07:32:09 - [TEST_STEP][PASSED] - setValueToCellByIndex(sheet01, n, 1, dZO): null

04-12-2024T07:32:09 - [TEST_STEP][PASSED] - setValueToCellByIndex(sheet01, n, 2, typeOfData): null

04-12-2024T07:32:09 - [TEST_STEP][PASSED] - setValueToCellByIndex(sheet01, n, 3, typeOfData): null

04-12-2024T07:32:09 - [TEST_STEP][PASSED] - if (typeOfData == "План"): null

04-12-2024T07:32:09 - [TEST_STEP][PASSED] - else if (typeOfData == "Факт"): null

04-12-2024T07:32:09 - [TEST_STEP][PASSED] - else if (vidget.contains("электроэнергии") == true): null

04-12-2024T07:32:09 - [TEST_STEP][PASSED] - if (tabR == null): null

04-12-2024T07:32:09 - [TEST_STEP][PASSED] - else: null

04-12-2024T07:32:09 - [TEST_STEP][PASSED] - if (tabR == "нет данных"): null

04-12-2024T07:32:09 - [TEST_STEP][PASSED] - setValueToCellByIndex(sheet01, n, 4, "нет данных"): null

04-12-2024T07:32:09 - [TEST_STEP][PASSED] - if (tabB == null): null

04-12-2024T07:32:09 - [TEST_STEP][PASSED] - else: null

04-12-2024T07:32:09 - [TEST_STEP][PASSED] - if (tabB == "нет данных"): null

04-12-2024T07:32:09 - [TEST_STEP][PASSED] - else: null

04-12-2024T07:32:09 - [TEST_STEP][PASSED] - TB = tabB.toInteger(): null

04-12-2024T07:32:09 - [TEST_STEP][PASSED] - setValueToCellByIndex(sheet01, n, 5, TB): null

04-12-2024T07:32:09 - [TEST_STEP][PASSED] - setValueToCellByIndex(sheet01, n, 6, m): null

04-12-2024T07:32:09 - [TEST_STEP][PASSED] - setValueToCellByIndex(sheet01, n, 7, y): null

04-12-2024T07:32:09 - [TEST_STEP][PASSED] - setValueToCellByIndex(sheet01, n, 8, todaysDate): null

04-12-2024T07:32:09 - [TEST_STEP][PASSED] - n = n + 1: null

04-12-2024T07:32:09 - [TEST_STEP][PASSED] - saveWorkbook(excelFilePath, workbook01): null

04-12-2024T07:32:09 - [TEST_STEP][PASSED] - typeOfData = "План Потери": null

04-12-2024T07:32:09 - [TEST_STEP][PASSED] - tabR = GetPPlanR(x = a): null

04-12-2024T07:32:09 - [TEST_STEP][PASSED] - i1 = <not implemented yet for class: org.codehaus.groovy.ast.expr.EmptyExpression>: null

04-12-2024T07:32:09 - [TEST_STEP][PASSED] - ii = <not implemented yet for class: org.codehaus.groovy.ast.expr.EmptyExpression>: null

04-12-2024T07:32:09 - [TEST_STEP][PASSED] - for ([ii = 1, ii < 9, (ii++)]): null

04-12-2024T07:32:09 - [TEST_STEP][PASSED] - i1 = x.indexOf("/") + 1: null

04-12-2024T07:32:09 - [TEST_STEP][PASSED] - if (i1 > -1): null

04-12-2024T07:32:09 - [TEST_STEP][PASSED] - x = x.substring(i1, x.length()): null

04-12-2024T07:32:09 - [TEST_STEP][PASSED] - println(x): null

04-12-2024T07:32:09 - [TEST_STEP][PASSED] - i1 = x.indexOf("/") + 1: null

04-12-2024T07:32:09 - [TEST_STEP][PASSED] - if (i1 > -1): null

04-12-2024T07:32:09 - [TEST_STEP][PASSED] - x = x.substring(i1, x.length()): null

04-12-2024T07:32:09 - [TEST_STEP][PASSED] - println(x): null

04-12-2024T07:32:09 - [TEST_STEP][PASSED] - i1 = x.indexOf("/") + 1: null

04-12-2024T07:32:09 - [TEST_STEP][PASSED] - if (i1 > -1): null

04-12-2024T07:32:09 - [TEST_STEP][PASSED] - x = x.substring(i1, x.length()): null

04-12-2024T07:32:09 - [TEST_STEP][PASSED] - println(x): null

04-12-2024T07:32:09 - [TEST_STEP][PASSED] - i1 = x.indexOf("/") + 1: null

04-12-2024T07:32:09 - [TEST_STEP][PASSED] - if (i1 > -1): null

04-12-2024T07:32:09 - [TEST_STEP][PASSED] - x = x.substring(i1, x.length()): null

04-12-2024T07:32:09 - [TEST_STEP][PASSED] - println(x): null

04-12-2024T07:32:09 - [TEST_STEP][PASSED] - i1 = x.indexOf("/") + 1: null

04-12-2024T07:32:09 - [TEST_STEP][PASSED] - if (i1 > -1): null

04-12-2024T07:32:09 - [TEST_STEP][PASSED] - x = x.substring(i1, x.length()): null

04-12-2024T07:32:09 - [TEST_STEP][PASSED] - println(x): null

04-12-2024T07:32:09 - [TEST_STEP][PASSED] - i1 = x.indexOf("/") + 1: null

04-12-2024T07:32:09 - [TEST_STEP][PASSED] - if (i1 > -1): null

04-12-2024T07:32:09 - [TEST_STEP][PASSED] - x = x.substring(i1, x.length()): null

04-12-2024T07:32:09 - [TEST_STEP][PASSED] - println(x): null

04-12-2024T07:32:09 - [TEST_STEP][PASSED] - i1 = x.indexOf("/") + 1: null

04-12-2024T07:32:09 - [TEST_STEP][PASSED] - if (i1 > -1): null

04-12-2024T07:32:09 - [TEST_STEP][PASSED] - x = x.substring(i1, x.length()): null

04-12-2024T07:32:09 - [TEST_STEP][PASSED] - println(x): null

04-12-2024T07:32:09 - [TEST_STEP][PASSED] - i1 = x.indexOf("/") + 1: null

04-12-2024T07:32:09 - [TEST_STEP][PASSED] - if (i1 > -1): null

04-12-2024T07:32:09 - [TEST_STEP][PASSED] - x = x.substring(i1, x.length()): null

04-12-2024T07:32:09 - [TEST_STEP][PASSED] - println(x): null

04-12-2024T07:32:09 - [TEST_STEP][PASSED] - i1 = x.indexOf("/"): null

04-12-2024T07:32:09 - [TEST_STEP][PASSED] - if (i1 > -1): null

04-12-2024T07:32:09 - [TEST_STEP][PASSED] - x = x.substring(0, i1): null

04-12-2024T07:32:09 - [TEST_STEP][PASSED] - println(x): null

04-12-2024T07:32:09 - [TEST_STEP][PASSED] - return x: null

04-12-2024T07:32:09 - [TEST_STEP][PASSED] - tabB = GetPPlanB(x = b): null

04-12-2024T07:32:09 - [TEST_STEP][PASSED] - i1 = <not implemented yet for class: org.codehaus.groovy.ast.expr.EmptyExpression>: null

04-12-2024T07:32:09 - [TEST_STEP][PASSED] - ii = <not implemented yet for class: org.codehaus.groovy.ast.expr.EmptyExpression>: null

04-12-2024T07:32:09 - [TEST_STEP][PASSED] - for ([ii = 1, ii < 9, (ii++)]): null

04-12-2024T07:32:09 - [TEST_STEP][PASSED] - i1 = x.indexOf("/") + 1: null

04-12-2024T07:32:09 - [TEST_STEP][PASSED] - if (i1 > -1): null

04-12-2024T07:32:09 - [TEST_STEP][PASSED] - x = x.substring(i1, x.length()): null

04-12-2024T07:32:09 - [TEST_STEP][PASSED] - println(x): null

04-12-2024T07:32:09 - [TEST_STEP][PASSED] - i1 = x.indexOf("/") + 1: null

04-12-2024T07:32:09 - [TEST_STEP][PASSED] - if (i1 > -1): null

04-12-2024T07:32:09 - [TEST_STEP][PASSED] - x = x.substring(i1, x.length()): null

04-12-2024T07:32:09 - [TEST_STEP][PASSED] - println(x): null

04-12-2024T07:32:09 - [TEST_STEP][PASSED] - i1 = x.indexOf("/") + 1: null

04-12-2024T07:32:09 - [TEST_STEP][PASSED] - if (i1 > -1): null

04-12-2024T07:32:09 - [TEST_STEP][PASSED] - x = x.substring(i1, x.length()): null

04-12-2024T07:32:09 - [TEST_STEP][PASSED] - println(x): null

04-12-2024T07:32:09 - [TEST_STEP][PASSED] - i1 = x.indexOf("/") + 1: null

04-12-2024T07:32:09 - [TEST_STEP][PASSED] - if (i1 > -1): null

04-12-2024T07:32:09 - [TEST_STEP][PASSED] - x = x.substring(i1, x.length()): null

04-12-2024T07:32:09 - [TEST_STEP][PASSED] - println(x): null

04-12-2024T07:32:09 - [TEST_STEP][PASSED] - i1 = x.indexOf("/") + 1: null

04-12-2024T07:32:09 - [TEST_STEP][PASSED] - if (i1 > -1): null

04-12-2024T07:32:09 - [TEST_STEP][PASSED] - x = x.substring(i1, x.length()): null

04-12-2024T07:32:09 - [TEST_STEP][PASSED] - println(x): null

04-12-2024T07:32:09 - [TEST_STEP][PASSED] - i1 = x.indexOf("/") + 1: null

04-12-2024T07:32:09 - [TEST_STEP][PASSED] - if (i1 > -1): null

04-12-2024T07:32:09 - [TEST_STEP][PASSED] - x = x.substring(i1, x.length()): null

04-12-2024T07:32:09 - [TEST_STEP][PASSED] - println(x): null

04-12-2024T07:32:09 - [TEST_STEP][PASSED] - i1 = x.indexOf("/") + 1: null

04-12-2024T07:32:09 - [TEST_STEP][PASSED] - if (i1 > -1): null

04-12-2024T07:32:09 - [TEST_STEP][PASSED] - x = x.substring(i1, x.length()): null

04-12-2024T07:32:09 - [TEST_STEP][PASSED] - println(x): null

04-12-2024T07:32:09 - [TEST_STEP][PASSED] - i1 = x.indexOf("/") + 1: null

04-12-2024T07:32:09 - [TEST_STEP][PASSED] - if (i1 > -1): null

04-12-2024T07:32:09 - [TEST_STEP][PASSED] - x = x.substring(i1, x.length()): null

04-12-2024T07:32:09 - [TEST_STEP][PASSED] - println(x): null

04-12-2024T07:32:09 - [TEST_STEP][PASSED] - i1 = x.indexOf("/"): null

04-12-2024T07:32:09 - [TEST_STEP][PASSED] - if (i1 > -1): null

04-12-2024T07:32:09 - [TEST_STEP][PASSED] - x = x.substring(0, i1): null

04-12-2024T07:32:09 - [TEST_STEP][PASSED] - println(x): null

04-12-2024T07:32:09 - [TEST_STEP][FAILED] - return x: null

04-12-2024T07:32:09 - [TEST_STEP][PASSED] - println(tabR + "/" + tabB): null

04-12-2024T07:32:09 - [TEST_STEP][FAILED] - if (verifyEqual(PercFactR, PercFactB) == false): null

04-12-2024T07:32:09 - [MESSAGE][FAILED] - Unable to verify equal between actual object 'нет данных' and expected object '8.58' (Root cause: com.kms.katalon.core.exception.StepFailedException: Actual object 'нет данных' and expected object '8.58' are not equal
	at com.kms.katalon.core.keyword.builtin.VerifyEqualKeyword$_verifyEqual_closure1.doCall(VerifyEqualKeyword.groovy:58)
	at com.kms.katalon.core.keyword.builtin.VerifyEqualKeyword$_verifyEqual_closure1.call(VerifyEqualKeyword.groovy)
	at com.kms.katalon.core.keyword.internal.KeywordMain.runKeyword(KeywordMain.groovy:75)
	at com.kms.katalon.core.keyword.builtin.VerifyEqualKeyword.verifyEqual(VerifyEqualKeyword.groovy:63)
	at com.kms.katalon.core.keyword.builtin.VerifyEqualKeyword.execute(VerifyEqualKeyword.groovy:44)
	at com.kms.katalon.core.keyword.internal.KeywordExecutor.executeKeywordForPlatform(KeywordExecutor.groovy:74)
	at com.kms.katalon.core.keyword.BuiltinKeywords.verifyEqual(BuiltinKeywords.groovy:146)
	at jdk.internal.reflect.GeneratedMethodAccessor25.invoke(Unknown Source)
	at java.base/jdk.internal.reflect.DelegatingMethodAccessorImpl.invoke(DelegatingMethodAccessorImpl.java:43)
	at Выполнение бизнес-плана сверка дашбордов.CompareDZOData(Выполнение бизнес-плана сверка дашбордов:771)
	at Выполнение бизнес-плана сверка дашбордов.run(Выполнение бизнес-плана сверка дашбордов:658)
	at com.kms.katalon.core.main.ScriptEngine.run(ScriptEngine.java:194)
	at com.kms.katalon.core.main.ScriptEngine.runScriptAsRawText(ScriptEngine.java:119)
	at com.kms.katalon.core.main.TestCaseExecutor.runScript(TestCaseExecutor.java:448)
	at com.kms.katalon.core.main.TestCaseExecutor.doExecute(TestCaseExecutor.java:439)
	at com.kms.katalon.core.main.TestCaseExecutor.processExecutionPhase(TestCaseExecutor.java:418)
	at com.kms.katalon.core.main.TestCaseExecutor.accessMainPhase(TestCaseExecutor.java:410)
	at com.kms.katalon.core.main.TestCaseExecutor.execute(TestCaseExecutor.java:285)
	at com.kms.katalon.core.common.CommonExecutor.accessTestCaseMainPhase(CommonExecutor.java:65)
	at com.kms.katalon.core.main.TestSuiteExecutor.accessTestSuiteMainPhase(TestSuiteExecutor.java:150)
	at com.kms.katalon.core.main.TestSuiteExecutor.execute(TestSuiteExecutor.java:106)
	at com.kms.katalon.core.main.TestCaseMain.startTestSuite(TestCaseMain.java:180)
	at TempTestSuite1733285972582.run(TempTestSuite1733285972582.groovy:35)
	at java.base/jdk.internal.reflect.NativeMethodAccessorImpl.invoke0(Native Method)
	at java.base/jdk.internal.reflect.NativeMethodAccessorImpl.invoke(NativeMethodAccessorImpl.java:77)
	at java.base/jdk.internal.reflect.DelegatingMethodAccessorImpl.invoke(DelegatingMethodAccessorImpl.java:43)
)

04-12-2024T07:32:09 - [TEST_STEP][PASSED] - result = WriteToExcel(typeOfData, todaysDate, PercPlanR, PercPlanB, PercFactR, PercFactB, x, tabR, tabB, o1R, o1B, vidget): null

04-12-2024T07:32:09 - [TEST_STEP][PASSED] - iii = dZO.indexOf("/"): null

04-12-2024T07:32:09 - [TEST_STEP][PASSED] - println(iii): null

04-12-2024T07:32:09 - [TEST_STEP][PASSED] - dZO = dZO.substring(0, iii): null

04-12-2024T07:32:09 - [TEST_STEP][PASSED] - println(dZO): null

04-12-2024T07:32:09 - [TEST_STEP][PASSED] - println(PercPlanR): null

04-12-2024T07:32:09 - [TEST_STEP][PASSED] - println(PercPlanB): null

04-12-2024T07:32:09 - [TEST_STEP][PASSED] - println(PercFactR): null

04-12-2024T07:32:09 - [TEST_STEP][PASSED] - println(PercFactB): null

04-12-2024T07:32:09 - [TEST_STEP][PASSED] - println(tabR): null

04-12-2024T07:32:09 - [TEST_STEP][PASSED] - println(tabB): null

04-12-2024T07:32:09 - [TEST_STEP][PASSED] - println(o1R): null

04-12-2024T07:32:09 - [TEST_STEP][PASSED] - println(o1B): null

04-12-2024T07:32:09 - [TEST_STEP][PASSED] - PR = <not implemented yet for class: org.codehaus.groovy.ast.expr.EmptyExpression>: null

04-12-2024T07:32:09 - [TEST_STEP][PASSED] - FR = <not implemented yet for class: org.codehaus.groovy.ast.expr.EmptyExpression>: null

04-12-2024T07:32:09 - [TEST_STEP][PASSED] - PB = <not implemented yet for class: org.codehaus.groovy.ast.expr.EmptyExpression>: null

04-12-2024T07:32:09 - [TEST_STEP][PASSED] - FB = <not implemented yet for class: org.codehaus.groovy.ast.expr.EmptyExpression>: null

04-12-2024T07:32:09 - [TEST_STEP][PASSED] - TR = <not implemented yet for class: org.codehaus.groovy.ast.expr.EmptyExpression>: null

04-12-2024T07:32:09 - [TEST_STEP][PASSED] - TB = <not implemented yet for class: org.codehaus.groovy.ast.expr.EmptyExpression>: null

04-12-2024T07:32:09 - [TEST_STEP][PASSED] - sheetName = "Sheet1": null

04-12-2024T07:32:09 - [TEST_STEP][PASSED] - data = findTestData("PlanFact"): null

04-12-2024T07:32:09 - [TEST_STEP][PASSED] - n = data.getRowNumbers() + 1: null

04-12-2024T07:32:09 - [TEST_STEP][PASSED] - year = todaysDate.substring(todaysDate.length() - 4, todaysDate.length()): null

04-12-2024T07:32:09 - [TEST_STEP][PASSED] - y = year.toInteger(): null

04-12-2024T07:32:09 - [TEST_STEP][PASSED] - m = getText(findTestObject("Выполнение бизнес-плана/Выполнение бизнес-плана Балансы/Фильтр Дата")): Text of object 'Object Repository/Выполнение бизнес-плана/Выполнение бизнес-плана Балансы/Фильтр Дата' is: '1, 2, 3 кв., Октябрь 2024 года'

04-12-2024T07:32:10 - [MESSAGE][PASSED] - Text of object 'Object Repository/Выполнение бизнес-плана/Выполнение бизнес-плана Балансы/Фильтр Дата' is: '1, 2, 3 кв., Октябрь 2024 года'

04-12-2024T07:32:10 - [TEST_STEP][PASSED] - m = m.substring(0, m.indexOf("2024")): null

04-12-2024T07:32:10 - [TEST_STEP][PASSED] - m = m.trim(): null

04-12-2024T07:32:10 - [TEST_STEP][PASSED] - dashboardName = "Выполнение бизнес-плана": null

04-12-2024T07:32:10 - [TEST_STEP][PASSED] - workbook01 = getWorkbook(excelFilePath): null

04-12-2024T07:32:10 - [TEST_STEP][PASSED] - sheet01 = getExcelSheet(workbook01, sheetName): null

04-12-2024T07:32:10 - [TEST_STEP][PASSED] - setValueToCellByIndex(sheet01, n, 0, dashboardName): null

04-12-2024T07:32:10 - [TEST_STEP][PASSED] - setValueToCellByIndex(sheet01, n, 1, dZO): null

04-12-2024T07:32:10 - [TEST_STEP][PASSED] - setValueToCellByIndex(sheet01, n, 2, typeOfData): null

04-12-2024T07:32:10 - [TEST_STEP][PASSED] - setValueToCellByIndex(sheet01, n, 3, typeOfData): null

04-12-2024T07:32:10 - [TEST_STEP][PASSED] - if (typeOfData == "План"): null

04-12-2024T07:32:10 - [TEST_STEP][PASSED] - else if (typeOfData == "Факт"): null

04-12-2024T07:32:10 - [TEST_STEP][PASSED] - else if (vidget.contains("электроэнергии") == true): null

04-12-2024T07:32:10 - [TEST_STEP][PASSED] - if (tabR == null): null

04-12-2024T07:32:10 - [TEST_STEP][PASSED] - else: null

04-12-2024T07:32:10 - [TEST_STEP][PASSED] - if (tabR == "нет данных"): null

04-12-2024T07:32:10 - [TEST_STEP][PASSED] - setValueToCellByIndex(sheet01, n, 4, "нет данных"): null

04-12-2024T07:32:10 - [TEST_STEP][PASSED] - if (tabB == null): null

04-12-2024T07:32:10 - [TEST_STEP][PASSED] - else: null

04-12-2024T07:32:10 - [TEST_STEP][PASSED] - if (tabB == "нет данных"): null

04-12-2024T07:32:10 - [TEST_STEP][PASSED] - else: null

04-12-2024T07:32:10 - [TEST_STEP][PASSED] - TB = tabB.toInteger(): null

04-12-2024T07:32:10 - [TEST_STEP][PASSED] - setValueToCellByIndex(sheet01, n, 5, TB): null

04-12-2024T07:32:10 - [TEST_STEP][PASSED] - setValueToCellByIndex(sheet01, n, 6, m): null

04-12-2024T07:32:10 - [TEST_STEP][PASSED] - setValueToCellByIndex(sheet01, n, 7, y): null

04-12-2024T07:32:10 - [TEST_STEP][PASSED] - setValueToCellByIndex(sheet01, n, 8, todaysDate): null

04-12-2024T07:32:10 - [TEST_STEP][PASSED] - n = n + 1: null

04-12-2024T07:32:10 - [TEST_STEP][PASSED] - saveWorkbook(excelFilePath, workbook01): null

04-12-2024T07:32:10 - [TEST_STEP][PASSED] - ii2 = a.indexOf("ПАО"): null

04-12-2024T07:32:10 - [TEST_STEP][PASSED] - if (ii2 == -1): null

04-12-2024T07:32:10 - [TEST_STEP][PASSED] - vidget = "Отклонения фактического уровня потерь от бизнес-плана": null

04-12-2024T07:32:10 - [TEST_STEP][PASSED] - typeOfData = "Коэффициент": null

04-12-2024T07:32:10 - [TEST_STEP][PASSED] - o1R = Geto1R(x = a): null

04-12-2024T07:32:10 - [TEST_STEP][PASSED] - i1 = <not implemented yet for class: org.codehaus.groovy.ast.expr.EmptyExpression>: null

04-12-2024T07:32:10 - [TEST_STEP][PASSED] - ii = <not implemented yet for class: org.codehaus.groovy.ast.expr.EmptyExpression>: null

04-12-2024T07:32:10 - [TEST_STEP][PASSED] - for ([ii = 1, ii < 10, (ii++)]): null

04-12-2024T07:32:10 - [TEST_STEP][PASSED] - i1 = x.indexOf("/") + 1: null

04-12-2024T07:32:10 - [TEST_STEP][PASSED] - if (i1 > -1): null

04-12-2024T07:32:10 - [TEST_STEP][PASSED] - x = x.substring(i1, x.length()): null

04-12-2024T07:32:10 - [TEST_STEP][PASSED] - i1 = x.indexOf("/") + 1: null

04-12-2024T07:32:10 - [TEST_STEP][PASSED] - if (i1 > -1): null

04-12-2024T07:32:10 - [TEST_STEP][PASSED] - x = x.substring(i1, x.length()): null

04-12-2024T07:32:10 - [TEST_STEP][PASSED] - i1 = x.indexOf("/") + 1: null

04-12-2024T07:32:10 - [TEST_STEP][PASSED] - if (i1 > -1): null

04-12-2024T07:32:10 - [TEST_STEP][PASSED] - x = x.substring(i1, x.length()): null

04-12-2024T07:32:10 - [TEST_STEP][PASSED] - i1 = x.indexOf("/") + 1: null

04-12-2024T07:32:10 - [TEST_STEP][PASSED] - if (i1 > -1): null

04-12-2024T07:32:10 - [TEST_STEP][PASSED] - x = x.substring(i1, x.length()): null

04-12-2024T07:32:10 - [TEST_STEP][PASSED] - i1 = x.indexOf("/") + 1: null

04-12-2024T07:32:10 - [TEST_STEP][PASSED] - if (i1 > -1): null

04-12-2024T07:32:10 - [TEST_STEP][PASSED] - x = x.substring(i1, x.length()): null

04-12-2024T07:32:10 - [TEST_STEP][PASSED] - i1 = x.indexOf("/") + 1: null

04-12-2024T07:32:10 - [TEST_STEP][PASSED] - if (i1 > -1): null

04-12-2024T07:32:10 - [TEST_STEP][PASSED] - x = x.substring(i1, x.length()): null

04-12-2024T07:32:10 - [TEST_STEP][PASSED] - i1 = x.indexOf("/") + 1: null

04-12-2024T07:32:10 - [TEST_STEP][PASSED] - if (i1 > -1): null

04-12-2024T07:32:10 - [TEST_STEP][PASSED] - x = x.substring(i1, x.length()): null

04-12-2024T07:32:10 - [TEST_STEP][PASSED] - i1 = x.indexOf("/") + 1: null

04-12-2024T07:32:10 - [TEST_STEP][PASSED] - if (i1 > -1): null

04-12-2024T07:32:10 - [TEST_STEP][PASSED] - x = x.substring(i1, x.length()): null

04-12-2024T07:32:10 - [TEST_STEP][PASSED] - i1 = x.indexOf("/") + 1: null

04-12-2024T07:32:10 - [TEST_STEP][PASSED] - if (i1 > -1): null

04-12-2024T07:32:10 - [TEST_STEP][PASSED] - x = x.substring(i1, x.length()): null

04-12-2024T07:32:10 - [TEST_STEP][PASSED] - i1 = x.indexOf("/"): null

04-12-2024T07:32:10 - [TEST_STEP][PASSED] - if (i1 > -1): null

04-12-2024T07:32:10 - [TEST_STEP][PASSED] - println(x): null

04-12-2024T07:32:10 - [TEST_STEP][PASSED] - return x: null

04-12-2024T07:32:10 - [TEST_STEP][PASSED] - o1B = Geto1B(x = b): null

04-12-2024T07:32:10 - [TEST_STEP][PASSED] - i1 = <not implemented yet for class: org.codehaus.groovy.ast.expr.EmptyExpression>: null

04-12-2024T07:32:10 - [TEST_STEP][PASSED] - ii = <not implemented yet for class: org.codehaus.groovy.ast.expr.EmptyExpression>: null

04-12-2024T07:32:10 - [TEST_STEP][PASSED] - for ([ii = 1, ii < 10, (ii++)]): null

04-12-2024T07:32:10 - [TEST_STEP][PASSED] - i1 = x.indexOf("/") + 1: null

04-12-2024T07:32:10 - [TEST_STEP][PASSED] - if (i1 > -1): null

04-12-2024T07:32:10 - [TEST_STEP][PASSED] - x = x.substring(i1, x.length()): null

04-12-2024T07:32:10 - [TEST_STEP][PASSED] - i1 = x.indexOf("/") + 1: null

04-12-2024T07:32:10 - [TEST_STEP][PASSED] - if (i1 > -1): null

04-12-2024T07:32:10 - [TEST_STEP][PASSED] - x = x.substring(i1, x.length()): null

04-12-2024T07:32:10 - [TEST_STEP][PASSED] - i1 = x.indexOf("/") + 1: null

04-12-2024T07:32:10 - [TEST_STEP][PASSED] - if (i1 > -1): null

04-12-2024T07:32:10 - [TEST_STEP][PASSED] - x = x.substring(i1, x.length()): null

04-12-2024T07:32:10 - [TEST_STEP][PASSED] - i1 = x.indexOf("/") + 1: null

04-12-2024T07:32:10 - [TEST_STEP][PASSED] - if (i1 > -1): null

04-12-2024T07:32:10 - [TEST_STEP][PASSED] - x = x.substring(i1, x.length()): null

04-12-2024T07:32:10 - [TEST_STEP][PASSED] - i1 = x.indexOf("/") + 1: null

04-12-2024T07:32:10 - [TEST_STEP][PASSED] - if (i1 > -1): null

04-12-2024T07:32:10 - [TEST_STEP][PASSED] - x = x.substring(i1, x.length()): null

04-12-2024T07:32:10 - [TEST_STEP][PASSED] - i1 = x.indexOf("/") + 1: null

04-12-2024T07:32:10 - [TEST_STEP][PASSED] - if (i1 > -1): null

04-12-2024T07:32:10 - [TEST_STEP][PASSED] - x = x.substring(i1, x.length()): null

04-12-2024T07:32:10 - [TEST_STEP][PASSED] - i1 = x.indexOf("/") + 1: null

04-12-2024T07:32:10 - [TEST_STEP][PASSED] - if (i1 > -1): null

04-12-2024T07:32:10 - [TEST_STEP][PASSED] - x = x.substring(i1, x.length()): null

04-12-2024T07:32:10 - [TEST_STEP][PASSED] - i1 = x.indexOf("/") + 1: null

04-12-2024T07:32:10 - [TEST_STEP][PASSED] - if (i1 > -1): null

04-12-2024T07:32:10 - [TEST_STEP][PASSED] - x = x.substring(i1, x.length()): null

04-12-2024T07:32:10 - [TEST_STEP][PASSED] - i1 = x.indexOf("/") + 1: null

04-12-2024T07:32:10 - [TEST_STEP][PASSED] - if (i1 > -1): null

04-12-2024T07:32:10 - [TEST_STEP][PASSED] - x = x.substring(i1, x.length()): null

04-12-2024T07:32:10 - [TEST_STEP][PASSED] - i1 = x.indexOf("/"): null

04-12-2024T07:32:10 - [TEST_STEP][PASSED] - if (i1 > -1): null

04-12-2024T07:32:10 - [TEST_STEP][PASSED] - println(x): null

04-12-2024T07:32:10 - [TEST_STEP][FAILED] - return x: null

04-12-2024T07:32:10 - [TEST_STEP][PASSED] - println(o1R + "/" + o1B): null

04-12-2024T07:32:10 - [TEST_STEP][FAILED] - if (verifyEqual(PercFactR, PercFactB) == false): null

04-12-2024T07:32:10 - [MESSAGE][FAILED] - Unable to verify equal between actual object 'нет данных' and expected object '8.58' (Root cause: com.kms.katalon.core.exception.StepFailedException: Actual object 'нет данных' and expected object '8.58' are not equal
	at com.kms.katalon.core.keyword.builtin.VerifyEqualKeyword$_verifyEqual_closure1.doCall(VerifyEqualKeyword.groovy:58)
	at com.kms.katalon.core.keyword.builtin.VerifyEqualKeyword$_verifyEqual_closure1.call(VerifyEqualKeyword.groovy)
	at com.kms.katalon.core.keyword.internal.KeywordMain.runKeyword(KeywordMain.groovy:75)
	at com.kms.katalon.core.keyword.builtin.VerifyEqualKeyword.verifyEqual(VerifyEqualKeyword.groovy:63)
	at com.kms.katalon.core.keyword.builtin.VerifyEqualKeyword.execute(VerifyEqualKeyword.groovy:44)
	at com.kms.katalon.core.keyword.internal.KeywordExecutor.executeKeywordForPlatform(KeywordExecutor.groovy:74)
	at com.kms.katalon.core.keyword.BuiltinKeywords.verifyEqual(BuiltinKeywords.groovy:146)
	at jdk.internal.reflect.GeneratedMethodAccessor25.invoke(Unknown Source)
	at java.base/jdk.internal.reflect.DelegatingMethodAccessorImpl.invoke(DelegatingMethodAccessorImpl.java:43)
	at Выполнение бизнес-плана сверка дашбордов.CompareDZOData(Выполнение бизнес-плана сверка дашбордов:789)
	at Выполнение бизнес-плана сверка дашбордов.run(Выполнение бизнес-плана сверка дашбордов:658)
	at com.kms.katalon.core.main.ScriptEngine.run(ScriptEngine.java:194)
	at com.kms.katalon.core.main.ScriptEngine.runScriptAsRawText(ScriptEngine.java:119)
	at com.kms.katalon.core.main.TestCaseExecutor.runScript(TestCaseExecutor.java:448)
	at com.kms.katalon.core.main.TestCaseExecutor.doExecute(TestCaseExecutor.java:439)
	at com.kms.katalon.core.main.TestCaseExecutor.processExecutionPhase(TestCaseExecutor.java:418)
	at com.kms.katalon.core.main.TestCaseExecutor.accessMainPhase(TestCaseExecutor.java:410)
	at com.kms.katalon.core.main.TestCaseExecutor.execute(TestCaseExecutor.java:285)
	at com.kms.katalon.core.common.CommonExecutor.accessTestCaseMainPhase(CommonExecutor.java:65)
	at com.kms.katalon.core.main.TestSuiteExecutor.accessTestSuiteMainPhase(TestSuiteExecutor.java:150)
	at com.kms.katalon.core.main.TestSuiteExecutor.execute(TestSuiteExecutor.java:106)
	at com.kms.katalon.core.main.TestCaseMain.startTestSuite(TestCaseMain.java:180)
	at TempTestSuite1733285972582.run(TempTestSuite1733285972582.groovy:35)
	at java.base/jdk.internal.reflect.NativeMethodAccessorImpl.invoke0(Native Method)
	at java.base/jdk.internal.reflect.NativeMethodAccessorImpl.invoke(NativeMethodAccessorImpl.java:77)
	at java.base/jdk.internal.reflect.DelegatingMethodAccessorImpl.invoke(DelegatingMethodAccessorImpl.java:43)
)

04-12-2024T07:32:10 - [TEST_STEP][PASSED] - result = WriteToExcel(typeOfData, todaysDate, PercPlanR, PercPlanB, PercFactR, PercFactB, x, tabR, tabB, o1R, o1B, vidget): null

04-12-2024T07:32:10 - [TEST_STEP][PASSED] - iii = dZO.indexOf("/"): null

04-12-2024T07:32:10 - [TEST_STEP][PASSED] - println(iii): null

04-12-2024T07:32:10 - [TEST_STEP][PASSED] - dZO = dZO.substring(0, iii): null

04-12-2024T07:32:10 - [TEST_STEP][PASSED] - println(dZO): null

04-12-2024T07:32:10 - [TEST_STEP][PASSED] - println(PercPlanR): null

04-12-2024T07:32:10 - [TEST_STEP][PASSED] - println(PercPlanB): null

04-12-2024T07:32:10 - [TEST_STEP][PASSED] - println(PercFactR): null

04-12-2024T07:32:10 - [TEST_STEP][PASSED] - println(PercFactB): null

04-12-2024T07:32:10 - [TEST_STEP][PASSED] - println(tabR): null

04-12-2024T07:32:10 - [TEST_STEP][PASSED] - println(tabB): null

04-12-2024T07:32:10 - [TEST_STEP][PASSED] - println(o1R): null

04-12-2024T07:32:10 - [TEST_STEP][PASSED] - println(o1B): null

04-12-2024T07:32:10 - [TEST_STEP][PASSED] - PR = <not implemented yet for class: org.codehaus.groovy.ast.expr.EmptyExpression>: null

04-12-2024T07:32:10 - [TEST_STEP][PASSED] - FR = <not implemented yet for class: org.codehaus.groovy.ast.expr.EmptyExpression>: null

04-12-2024T07:32:10 - [TEST_STEP][PASSED] - PB = <not implemented yet for class: org.codehaus.groovy.ast.expr.EmptyExpression>: null

04-12-2024T07:32:10 - [TEST_STEP][PASSED] - FB = <not implemented yet for class: org.codehaus.groovy.ast.expr.EmptyExpression>: null

04-12-2024T07:32:10 - [TEST_STEP][PASSED] - TR = <not implemented yet for class: org.codehaus.groovy.ast.expr.EmptyExpression>: null

04-12-2024T07:32:10 - [TEST_STEP][PASSED] - TB = <not implemented yet for class: org.codehaus.groovy.ast.expr.EmptyExpression>: null

04-12-2024T07:32:10 - [TEST_STEP][PASSED] - sheetName = "Sheet1": null

04-12-2024T07:32:10 - [TEST_STEP][PASSED] - data = findTestData("PlanFact"): null

04-12-2024T07:32:10 - [TEST_STEP][PASSED] - n = data.getRowNumbers() + 1: null

04-12-2024T07:32:10 - [TEST_STEP][PASSED] - year = todaysDate.substring(todaysDate.length() - 4, todaysDate.length()): null

04-12-2024T07:32:10 - [TEST_STEP][PASSED] - y = year.toInteger(): null

04-12-2024T07:32:10 - [TEST_STEP][PASSED] - m = getText(findTestObject("Выполнение бизнес-плана/Выполнение бизнес-плана Балансы/Фильтр Дата")): Text of object 'Object Repository/Выполнение бизнес-плана/Выполнение бизнес-плана Балансы/Фильтр Дата' is: '1, 2, 3 кв., Октябрь 2024 года'

04-12-2024T07:32:10 - [MESSAGE][PASSED] - Text of object 'Object Repository/Выполнение бизнес-плана/Выполнение бизнес-плана Балансы/Фильтр Дата' is: '1, 2, 3 кв., Октябрь 2024 года'

04-12-2024T07:32:10 - [TEST_STEP][PASSED] - m = m.substring(0, m.indexOf("2024")): null

04-12-2024T07:32:10 - [TEST_STEP][PASSED] - m = m.trim(): null

04-12-2024T07:32:10 - [TEST_STEP][PASSED] - dashboardName = "Выполнение бизнес-плана": null

04-12-2024T07:32:10 - [TEST_STEP][PASSED] - workbook01 = getWorkbook(excelFilePath): null

04-12-2024T07:32:10 - [TEST_STEP][PASSED] - sheet01 = getExcelSheet(workbook01, sheetName): null

04-12-2024T07:32:10 - [TEST_STEP][PASSED] - setValueToCellByIndex(sheet01, n, 0, dashboardName): null

04-12-2024T07:32:10 - [TEST_STEP][PASSED] - setValueToCellByIndex(sheet01, n, 1, dZO): null

04-12-2024T07:32:10 - [TEST_STEP][PASSED] - setValueToCellByIndex(sheet01, n, 2, typeOfData): null

04-12-2024T07:32:10 - [TEST_STEP][PASSED] - setValueToCellByIndex(sheet01, n, 3, typeOfData): null

04-12-2024T07:32:10 - [TEST_STEP][PASSED] - if (typeOfData == "План"): null

04-12-2024T07:32:10 - [TEST_STEP][PASSED] - else if (typeOfData == "Факт"): null

04-12-2024T07:32:10 - [TEST_STEP][PASSED] - else if (vidget.contains("электроэнергии") == true): null

04-12-2024T07:32:10 - [TEST_STEP][PASSED] - else: null

04-12-2024T07:32:10 - [TEST_STEP][PASSED] - if (o1R == null): null

04-12-2024T07:32:10 - [TEST_STEP][PASSED] - else: null

04-12-2024T07:32:10 - [TEST_STEP][PASSED] - if (o1R == "нет данных"): null

04-12-2024T07:32:10 - [TEST_STEP][PASSED] - setValueToCellByIndex(sheet01, n, 4, "нет данных"): null

04-12-2024T07:32:10 - [TEST_STEP][PASSED] - if (o1B == null): null

04-12-2024T07:32:10 - [TEST_STEP][PASSED] - else: null

04-12-2024T07:32:10 - [TEST_STEP][PASSED] - if (o1B == "нет данных"): null

04-12-2024T07:32:10 - [TEST_STEP][PASSED] - else: null

04-12-2024T07:32:10 - [TEST_STEP][PASSED] - FB = o1B.toDouble(): null

04-12-2024T07:32:10 - [TEST_STEP][PASSED] - setValueToCellByIndex(sheet01, n, 5, FB): null

04-12-2024T07:32:10 - [TEST_STEP][PASSED] - setValueToCellByIndex(sheet01, n, 6, m): null

04-12-2024T07:32:10 - [TEST_STEP][PASSED] - setValueToCellByIndex(sheet01, n, 7, y): null

04-12-2024T07:32:10 - [TEST_STEP][PASSED] - setValueToCellByIndex(sheet01, n, 8, todaysDate): null

04-12-2024T07:32:10 - [TEST_STEP][PASSED] - n = n + 1: null

04-12-2024T07:32:10 - [TEST_STEP][FAILED] - saveWorkbook(excelFilePath, workbook01): null

04-12-2024T07:32:11 - [TEST_STEP][FAILED] - if (verifyEqual(yR, yB) == false): null

04-12-2024T07:32:11 - [MESSAGE][FAILED] - Unable to verify equal between actual object 'Россети Янтарь/нет данных/нет данных/нет данных/нет данных/нет данных/нет данных/нет данных/нет данных/нет данных' and expected object 'Россети Янтарь/8.82/8.76/3757223/3428012/329211/3603098/3285438/317660/-0.05' (Root cause: com.kms.katalon.core.exception.StepFailedException: Actual object 'Россети Янтарь/нет данных/нет данных/нет данных/нет данных/нет данных/нет данных/нет данных/нет данных/нет данных' and expected object 'Россети Янтарь/8.82/8.76/3757223/3428012/329211/3603098/3285438/317660/-0.05' are not equal
	at com.kms.katalon.core.keyword.builtin.VerifyEqualKeyword$_verifyEqual_closure1.doCall(VerifyEqualKeyword.groovy:58)
	at com.kms.katalon.core.keyword.builtin.VerifyEqualKeyword$_verifyEqual_closure1.call(VerifyEqualKeyword.groovy)
	at com.kms.katalon.core.keyword.internal.KeywordMain.runKeyword(KeywordMain.groovy:75)
	at com.kms.katalon.core.keyword.builtin.VerifyEqualKeyword.verifyEqual(VerifyEqualKeyword.groovy:63)
	at com.kms.katalon.core.keyword.builtin.VerifyEqualKeyword.execute(VerifyEqualKeyword.groovy:44)
	at com.kms.katalon.core.keyword.internal.KeywordExecutor.executeKeywordForPlatform(KeywordExecutor.groovy:74)
	at com.kms.katalon.core.keyword.BuiltinKeywords.verifyEqual(BuiltinKeywords.groovy:146)
	at jdk.internal.reflect.GeneratedMethodAccessor25.invoke(Unknown Source)
	at java.base/jdk.internal.reflect.DelegatingMethodAccessorImpl.invoke(DelegatingMethodAccessorImpl.java:43)
	at Выполнение бизнес-плана сверка дашбордов.run(Выполнение бизнес-плана сверка дашбордов:662)
	at com.kms.katalon.core.main.ScriptEngine.run(ScriptEngine.java:194)
	at com.kms.katalon.core.main.ScriptEngine.runScriptAsRawText(ScriptEngine.java:119)
	at com.kms.katalon.core.main.TestCaseExecutor.runScript(TestCaseExecutor.java:448)
	at com.kms.katalon.core.main.TestCaseExecutor.doExecute(TestCaseExecutor.java:439)
	at com.kms.katalon.core.main.TestCaseExecutor.processExecutionPhase(TestCaseExecutor.java:418)
	at com.kms.katalon.core.main.TestCaseExecutor.accessMainPhase(TestCaseExecutor.java:410)
	at com.kms.katalon.core.main.TestCaseExecutor.execute(TestCaseExecutor.java:285)
	at com.kms.katalon.core.common.CommonExecutor.accessTestCaseMainPhase(CommonExecutor.java:65)
	at com.kms.katalon.core.main.TestSuiteExecutor.accessTestSuiteMainPhase(TestSuiteExecutor.java:150)
	at com.kms.katalon.core.main.TestSuiteExecutor.execute(TestSuiteExecutor.java:106)
	at com.kms.katalon.core.main.TestCaseMain.startTestSuite(TestCaseMain.java:180)
	at TempTestSuite1733285972582.run(TempTestSuite1733285972582.groovy:35)
	at java.base/jdk.internal.reflect.NativeMethodAccessorImpl.invoke0(Native Method)
	at java.base/jdk.internal.reflect.NativeMethodAccessorImpl.invoke(NativeMethodAccessorImpl.java:77)
	at java.base/jdk.internal.reflect.DelegatingMethodAccessorImpl.invoke(DelegatingMethodAccessorImpl.java:43)
)

04-12-2024T07:32:11 - [TEST_STEP][PASSED] - result = CompareDZOData(a = yR, b = yB, dZO, typeOfData, PercPlanR, PercPlanB, PercFactR, PercFactB, todaysDate, x, vidget, tabR, tabB, o1R, o1B): null

04-12-2024T07:32:11 - [TEST_STEP][PASSED] - ii2 = <not implemented yet for class: org.codehaus.groovy.ast.expr.EmptyExpression>: null

04-12-2024T07:32:11 - [TEST_STEP][FAILED] - if (verifyEqual(a, b) == false): null

04-12-2024T07:32:11 - [MESSAGE][FAILED] - Unable to verify equal between actual object 'Россети Янтарь/нет данных/нет данных/нет данных/нет данных/нет данных/нет данных/нет данных/нет данных/нет данных' and expected object 'Россети Янтарь/8.82/8.76/3757223/3428012/329211/3603098/3285438/317660/-0.05' (Root cause: com.kms.katalon.core.exception.StepFailedException: Actual object 'Россети Янтарь/нет данных/нет данных/нет данных/нет данных/нет данных/нет данных/нет данных/нет данных/нет данных' and expected object 'Россети Янтарь/8.82/8.76/3757223/3428012/329211/3603098/3285438/317660/-0.05' are not equal
	at com.kms.katalon.core.keyword.builtin.VerifyEqualKeyword$_verifyEqual_closure1.doCall(VerifyEqualKeyword.groovy:58)
	at com.kms.katalon.core.keyword.builtin.VerifyEqualKeyword$_verifyEqual_closure1.call(VerifyEqualKeyword.groovy)
	at com.kms.katalon.core.keyword.internal.KeywordMain.runKeyword(KeywordMain.groovy:75)
	at com.kms.katalon.core.keyword.builtin.VerifyEqualKeyword.verifyEqual(VerifyEqualKeyword.groovy:63)
	at com.kms.katalon.core.keyword.builtin.VerifyEqualKeyword.execute(VerifyEqualKeyword.groovy:44)
	at com.kms.katalon.core.keyword.internal.KeywordExecutor.executeKeywordForPlatform(KeywordExecutor.groovy:74)
	at com.kms.katalon.core.keyword.BuiltinKeywords.verifyEqual(BuiltinKeywords.groovy:146)
	at jdk.internal.reflect.GeneratedMethodAccessor25.invoke(Unknown Source)
	at java.base/jdk.internal.reflect.DelegatingMethodAccessorImpl.invoke(DelegatingMethodAccessorImpl.java:43)
	at Выполнение бизнес-плана сверка дашбордов.CompareDZOData(Выполнение бизнес-плана сверка дашбордов:673)
	at Выполнение бизнес-плана сверка дашбордов.run(Выполнение бизнес-плана сверка дашбордов:663)
	at com.kms.katalon.core.main.ScriptEngine.run(ScriptEngine.java:194)
	at com.kms.katalon.core.main.ScriptEngine.runScriptAsRawText(ScriptEngine.java:119)
	at com.kms.katalon.core.main.TestCaseExecutor.runScript(TestCaseExecutor.java:448)
	at com.kms.katalon.core.main.TestCaseExecutor.doExecute(TestCaseExecutor.java:439)
	at com.kms.katalon.core.main.TestCaseExecutor.processExecutionPhase(TestCaseExecutor.java:418)
	at com.kms.katalon.core.main.TestCaseExecutor.accessMainPhase(TestCaseExecutor.java:410)
	at com.kms.katalon.core.main.TestCaseExecutor.execute(TestCaseExecutor.java:285)
	at com.kms.katalon.core.common.CommonExecutor.accessTestCaseMainPhase(CommonExecutor.java:65)
	at com.kms.katalon.core.main.TestSuiteExecutor.accessTestSuiteMainPhase(TestSuiteExecutor.java:150)
	at com.kms.katalon.core.main.TestSuiteExecutor.execute(TestSuiteExecutor.java:106)
	at com.kms.katalon.core.main.TestCaseMain.startTestSuite(TestCaseMain.java:180)
	at TempTestSuite1733285972582.run(TempTestSuite1733285972582.groovy:35)
	at java.base/jdk.internal.reflect.NativeMethodAccessorImpl.invoke0(Native Method)
	at java.base/jdk.internal.reflect.NativeMethodAccessorImpl.invoke(NativeMethodAccessorImpl.java:77)
	at java.base/jdk.internal.reflect.DelegatingMethodAccessorImpl.invoke(DelegatingMethodAccessorImpl.java:43)
)

04-12-2024T07:32:11 - [TEST_STEP][PASSED] - vidget = "Уровень потерь электроэнергии": null

04-12-2024T07:32:11 - [TEST_STEP][PASSED] - typeOfData = "План": null

04-12-2024T07:32:11 - [TEST_STEP][PASSED] - PercPlanR = GetPercPlanR(x = a): null

04-12-2024T07:32:11 - [TEST_STEP][PASSED] - i1 = <not implemented yet for class: org.codehaus.groovy.ast.expr.EmptyExpression>: null

04-12-2024T07:32:11 - [TEST_STEP][PASSED] - i1 = x.indexOf("/") + 1: null

04-12-2024T07:32:11 - [TEST_STEP][PASSED] - if (i1 > -1): null

04-12-2024T07:32:11 - [TEST_STEP][PASSED] - x = x.substring(i1, x.length()): null

04-12-2024T07:32:11 - [TEST_STEP][PASSED] - i1 = x.indexOf("/"): null

04-12-2024T07:32:11 - [TEST_STEP][PASSED] - if (i1 > -1): null

04-12-2024T07:32:11 - [TEST_STEP][PASSED] - x = x.substring(0, i1): null

04-12-2024T07:32:11 - [TEST_STEP][PASSED] - return x: null

04-12-2024T07:32:11 - [TEST_STEP][PASSED] - PercPlanB = GetPercPlanB(x = b): null

04-12-2024T07:32:11 - [TEST_STEP][PASSED] - i1 = <not implemented yet for class: org.codehaus.groovy.ast.expr.EmptyExpression>: null

04-12-2024T07:32:11 - [TEST_STEP][PASSED] - i1 = x.indexOf("/") + 1: null

04-12-2024T07:32:11 - [TEST_STEP][PASSED] - if (i1 > -1): null

04-12-2024T07:32:11 - [TEST_STEP][PASSED] - x = x.substring(i1, x.length()): null

04-12-2024T07:32:11 - [TEST_STEP][PASSED] - i1 = x.indexOf("/"): null

04-12-2024T07:32:11 - [TEST_STEP][PASSED] - if (i1 > -1): null

04-12-2024T07:32:11 - [TEST_STEP][PASSED] - x = x.substring(0, i1): null

04-12-2024T07:32:11 - [TEST_STEP][FAILED] - return x: null

04-12-2024T07:32:11 - [TEST_STEP][FAILED] - if (verifyEqual(PercPlanR, PercPlanB) == false): null

04-12-2024T07:32:11 - [MESSAGE][FAILED] - Unable to verify equal between actual object 'нет данных' and expected object '8.82' (Root cause: com.kms.katalon.core.exception.StepFailedException: Actual object 'нет данных' and expected object '8.82' are not equal
	at com.kms.katalon.core.keyword.builtin.VerifyEqualKeyword$_verifyEqual_closure1.doCall(VerifyEqualKeyword.groovy:58)
	at com.kms.katalon.core.keyword.builtin.VerifyEqualKeyword$_verifyEqual_closure1.call(VerifyEqualKeyword.groovy)
	at com.kms.katalon.core.keyword.internal.KeywordMain.runKeyword(KeywordMain.groovy:75)
	at com.kms.katalon.core.keyword.builtin.VerifyEqualKeyword.verifyEqual(VerifyEqualKeyword.groovy:63)
	at com.kms.katalon.core.keyword.builtin.VerifyEqualKeyword.execute(VerifyEqualKeyword.groovy:44)
	at com.kms.katalon.core.keyword.internal.KeywordExecutor.executeKeywordForPlatform(KeywordExecutor.groovy:74)
	at com.kms.katalon.core.keyword.BuiltinKeywords.verifyEqual(BuiltinKeywords.groovy:146)
	at jdk.internal.reflect.GeneratedMethodAccessor25.invoke(Unknown Source)
	at java.base/jdk.internal.reflect.DelegatingMethodAccessorImpl.invoke(DelegatingMethodAccessorImpl.java:43)
	at Выполнение бизнес-плана сверка дашбордов.CompareDZOData(Выполнение бизнес-плана сверка дашбордов:682)
	at Выполнение бизнес-плана сверка дашбордов.run(Выполнение бизнес-плана сверка дашбордов:663)
	at com.kms.katalon.core.main.ScriptEngine.run(ScriptEngine.java:194)
	at com.kms.katalon.core.main.ScriptEngine.runScriptAsRawText(ScriptEngine.java:119)
	at com.kms.katalon.core.main.TestCaseExecutor.runScript(TestCaseExecutor.java:448)
	at com.kms.katalon.core.main.TestCaseExecutor.doExecute(TestCaseExecutor.java:439)
	at com.kms.katalon.core.main.TestCaseExecutor.processExecutionPhase(TestCaseExecutor.java:418)
	at com.kms.katalon.core.main.TestCaseExecutor.accessMainPhase(TestCaseExecutor.java:410)
	at com.kms.katalon.core.main.TestCaseExecutor.execute(TestCaseExecutor.java:285)
	at com.kms.katalon.core.common.CommonExecutor.accessTestCaseMainPhase(CommonExecutor.java:65)
	at com.kms.katalon.core.main.TestSuiteExecutor.accessTestSuiteMainPhase(TestSuiteExecutor.java:150)
	at com.kms.katalon.core.main.TestSuiteExecutor.execute(TestSuiteExecutor.java:106)
	at com.kms.katalon.core.main.TestCaseMain.startTestSuite(TestCaseMain.java:180)
	at TempTestSuite1733285972582.run(TempTestSuite1733285972582.groovy:35)
	at java.base/jdk.internal.reflect.NativeMethodAccessorImpl.invoke0(Native Method)
	at java.base/jdk.internal.reflect.NativeMethodAccessorImpl.invoke(NativeMethodAccessorImpl.java:77)
	at java.base/jdk.internal.reflect.DelegatingMethodAccessorImpl.invoke(DelegatingMethodAccessorImpl.java:43)
)

04-12-2024T07:32:11 - [TEST_STEP][PASSED] - result = WriteToExcel(typeOfData, todaysDate, PercPlanR, PercPlanB, PercFactR, PercFactB, x, tabR, tabB, o1R, o1B, vidget): null

04-12-2024T07:32:11 - [TEST_STEP][PASSED] - iii = dZO.indexOf("/"): null

04-12-2024T07:32:11 - [TEST_STEP][PASSED] - println(iii): null

04-12-2024T07:32:11 - [TEST_STEP][PASSED] - dZO = dZO.substring(0, iii): null

04-12-2024T07:32:11 - [TEST_STEP][PASSED] - println(dZO): null

04-12-2024T07:32:11 - [TEST_STEP][PASSED] - println(PercPlanR): null

04-12-2024T07:32:11 - [TEST_STEP][PASSED] - println(PercPlanB): null

04-12-2024T07:32:11 - [TEST_STEP][PASSED] - println(PercFactR): null

04-12-2024T07:32:11 - [TEST_STEP][PASSED] - println(PercFactB): null

04-12-2024T07:32:11 - [TEST_STEP][PASSED] - println(tabR): null

04-12-2024T07:32:11 - [TEST_STEP][PASSED] - println(tabB): null

04-12-2024T07:32:11 - [TEST_STEP][PASSED] - println(o1R): null

04-12-2024T07:32:11 - [TEST_STEP][PASSED] - println(o1B): null

04-12-2024T07:32:11 - [TEST_STEP][PASSED] - PR = <not implemented yet for class: org.codehaus.groovy.ast.expr.EmptyExpression>: null

04-12-2024T07:32:11 - [TEST_STEP][PASSED] - FR = <not implemented yet for class: org.codehaus.groovy.ast.expr.EmptyExpression>: null

04-12-2024T07:32:11 - [TEST_STEP][PASSED] - PB = <not implemented yet for class: org.codehaus.groovy.ast.expr.EmptyExpression>: null

04-12-2024T07:32:11 - [TEST_STEP][PASSED] - FB = <not implemented yet for class: org.codehaus.groovy.ast.expr.EmptyExpression>: null

04-12-2024T07:32:11 - [TEST_STEP][PASSED] - TR = <not implemented yet for class: org.codehaus.groovy.ast.expr.EmptyExpression>: null

04-12-2024T07:32:11 - [TEST_STEP][PASSED] - TB = <not implemented yet for class: org.codehaus.groovy.ast.expr.EmptyExpression>: null

04-12-2024T07:32:11 - [TEST_STEP][PASSED] - sheetName = "Sheet1": null

04-12-2024T07:32:11 - [TEST_STEP][PASSED] - data = findTestData("PlanFact"): null

04-12-2024T07:32:11 - [TEST_STEP][PASSED] - n = data.getRowNumbers() + 1: null

04-12-2024T07:32:11 - [TEST_STEP][PASSED] - year = todaysDate.substring(todaysDate.length() - 4, todaysDate.length()): null

04-12-2024T07:32:11 - [TEST_STEP][PASSED] - y = year.toInteger(): null

04-12-2024T07:32:11 - [TEST_STEP][PASSED] - m = getText(findTestObject("Выполнение бизнес-плана/Выполнение бизнес-плана Балансы/Фильтр Дата")): Text of object 'Object Repository/Выполнение бизнес-плана/Выполнение бизнес-плана Балансы/Фильтр Дата' is: '1, 2, 3 кв., Октябрь 2024 года'

04-12-2024T07:32:11 - [MESSAGE][PASSED] - Text of object 'Object Repository/Выполнение бизнес-плана/Выполнение бизнес-плана Балансы/Фильтр Дата' is: '1, 2, 3 кв., Октябрь 2024 года'

04-12-2024T07:32:11 - [TEST_STEP][PASSED] - m = m.substring(0, m.indexOf("2024")): null

04-12-2024T07:32:11 - [TEST_STEP][PASSED] - m = m.trim(): null

04-12-2024T07:32:11 - [TEST_STEP][PASSED] - dashboardName = "Выполнение бизнес-плана": null

04-12-2024T07:32:11 - [TEST_STEP][PASSED] - workbook01 = getWorkbook(excelFilePath): null

04-12-2024T07:32:11 - [TEST_STEP][PASSED] - sheet01 = getExcelSheet(workbook01, sheetName): null

04-12-2024T07:32:11 - [TEST_STEP][PASSED] - setValueToCellByIndex(sheet01, n, 0, dashboardName): null

04-12-2024T07:32:11 - [TEST_STEP][PASSED] - setValueToCellByIndex(sheet01, n, 1, dZO): null

04-12-2024T07:32:11 - [TEST_STEP][PASSED] - setValueToCellByIndex(sheet01, n, 2, typeOfData): null

04-12-2024T07:32:11 - [TEST_STEP][PASSED] - setValueToCellByIndex(sheet01, n, 3, typeOfData): null

04-12-2024T07:32:11 - [TEST_STEP][PASSED] - if (typeOfData == "План"): null

04-12-2024T07:32:11 - [TEST_STEP][PASSED] - if (PercPlanR == null): null

04-12-2024T07:32:11 - [TEST_STEP][PASSED] - else: null

04-12-2024T07:32:11 - [TEST_STEP][PASSED] - if (PercPlanR == "нет данных"): null

04-12-2024T07:32:11 - [TEST_STEP][PASSED] - setValueToCellByIndex(sheet01, n, 4, "нет данных"): null

04-12-2024T07:32:11 - [TEST_STEP][PASSED] - if (PercPlanB == null): null

04-12-2024T07:32:11 - [TEST_STEP][PASSED] - else: null

04-12-2024T07:32:11 - [TEST_STEP][PASSED] - if (PercPlanB == "нет данных"): null

04-12-2024T07:32:11 - [TEST_STEP][PASSED] - else: null

04-12-2024T07:32:11 - [TEST_STEP][PASSED] - PB = PercPlanB.toDouble(): null

04-12-2024T07:32:11 - [TEST_STEP][PASSED] - setValueToCellByIndex(sheet01, n, 5, PB): null

04-12-2024T07:32:11 - [TEST_STEP][PASSED] - setValueToCellByIndex(sheet01, n, 6, m): null

04-12-2024T07:32:11 - [TEST_STEP][PASSED] - setValueToCellByIndex(sheet01, n, 7, y): null

04-12-2024T07:32:11 - [TEST_STEP][PASSED] - setValueToCellByIndex(sheet01, n, 8, todaysDate): null

04-12-2024T07:32:11 - [TEST_STEP][PASSED] - n = n + 1: null

04-12-2024T07:32:11 - [TEST_STEP][PASSED] - saveWorkbook(excelFilePath, workbook01): null

04-12-2024T07:32:11 - [TEST_STEP][PASSED] - typeOfData = "Факт": null

04-12-2024T07:32:11 - [TEST_STEP][PASSED] - PercFactR = GetPercFactR(x = a): null

04-12-2024T07:32:11 - [TEST_STEP][PASSED] - i1 = <not implemented yet for class: org.codehaus.groovy.ast.expr.EmptyExpression>: null

04-12-2024T07:32:11 - [TEST_STEP][PASSED] - ii = <not implemented yet for class: org.codehaus.groovy.ast.expr.EmptyExpression>: null

04-12-2024T07:32:11 - [TEST_STEP][PASSED] - for ([ii = 1, ii < 3, (ii++)]): null

04-12-2024T07:32:11 - [TEST_STEP][PASSED] - i1 = x.indexOf("/") + 1: null

04-12-2024T07:32:11 - [TEST_STEP][PASSED] - if (i1 > -1): null

04-12-2024T07:32:11 - [TEST_STEP][PASSED] - x = x.substring(i1, x.length()): null

04-12-2024T07:32:11 - [TEST_STEP][PASSED] - println(x): null

04-12-2024T07:32:11 - [TEST_STEP][PASSED] - i1 = x.indexOf("/") + 1: null

04-12-2024T07:32:11 - [TEST_STEP][PASSED] - if (i1 > -1): null

04-12-2024T07:32:11 - [TEST_STEP][PASSED] - x = x.substring(i1, x.length()): null

04-12-2024T07:32:11 - [TEST_STEP][PASSED] - println(x): null

04-12-2024T07:32:11 - [TEST_STEP][PASSED] - i1 = x.indexOf("/"): null

04-12-2024T07:32:11 - [TEST_STEP][PASSED] - if (i1 > -1): null

04-12-2024T07:32:11 - [TEST_STEP][PASSED] - x = x.substring(0, i1): null

04-12-2024T07:32:11 - [TEST_STEP][PASSED] - println(x): null

04-12-2024T07:32:11 - [TEST_STEP][PASSED] - return x: null

04-12-2024T07:32:11 - [TEST_STEP][PASSED] - PercFactB = GetPercFactB(x = b): null

04-12-2024T07:32:11 - [TEST_STEP][PASSED] - i1 = <not implemented yet for class: org.codehaus.groovy.ast.expr.EmptyExpression>: null

04-12-2024T07:32:11 - [TEST_STEP][PASSED] - ii = <not implemented yet for class: org.codehaus.groovy.ast.expr.EmptyExpression>: null

04-12-2024T07:32:11 - [TEST_STEP][PASSED] - for ([ii = 1, ii < 3, (ii++)]): null

04-12-2024T07:32:11 - [TEST_STEP][PASSED] - i1 = x.indexOf("/") + 1: null

04-12-2024T07:32:11 - [TEST_STEP][PASSED] - if (i1 > -1): null

04-12-2024T07:32:11 - [TEST_STEP][PASSED] - x = x.substring(i1, x.length()): null

04-12-2024T07:32:11 - [TEST_STEP][PASSED] - println(x): null

04-12-2024T07:32:11 - [TEST_STEP][PASSED] - i1 = x.indexOf("/") + 1: null

04-12-2024T07:32:11 - [TEST_STEP][PASSED] - if (i1 > -1): null

04-12-2024T07:32:11 - [TEST_STEP][PASSED] - x = x.substring(i1, x.length()): null

04-12-2024T07:32:11 - [TEST_STEP][PASSED] - println(x): null

04-12-2024T07:32:11 - [TEST_STEP][PASSED] - i1 = x.indexOf("/"): null

04-12-2024T07:32:11 - [TEST_STEP][PASSED] - if (i1 > -1): null

04-12-2024T07:32:11 - [TEST_STEP][PASSED] - x = x.substring(0, i1): null

04-12-2024T07:32:11 - [TEST_STEP][PASSED] - println(x): null

04-12-2024T07:32:11 - [TEST_STEP][FAILED] - return x: null

04-12-2024T07:32:11 - [TEST_STEP][FAILED] - if (verifyEqual(PercFactR, PercFactB) == false): null

04-12-2024T07:32:11 - [MESSAGE][FAILED] - Unable to verify equal between actual object 'нет данных' and expected object '8.76' (Root cause: com.kms.katalon.core.exception.StepFailedException: Actual object 'нет данных' and expected object '8.76' are not equal
	at com.kms.katalon.core.keyword.builtin.VerifyEqualKeyword$_verifyEqual_closure1.doCall(VerifyEqualKeyword.groovy:58)
	at com.kms.katalon.core.keyword.builtin.VerifyEqualKeyword$_verifyEqual_closure1.call(VerifyEqualKeyword.groovy)
	at com.kms.katalon.core.keyword.internal.KeywordMain.runKeyword(KeywordMain.groovy:75)
	at com.kms.katalon.core.keyword.builtin.VerifyEqualKeyword.verifyEqual(VerifyEqualKeyword.groovy:63)
	at com.kms.katalon.core.keyword.builtin.VerifyEqualKeyword.execute(VerifyEqualKeyword.groovy:44)
	at com.kms.katalon.core.keyword.internal.KeywordExecutor.executeKeywordForPlatform(KeywordExecutor.groovy:74)
	at com.kms.katalon.core.keyword.BuiltinKeywords.verifyEqual(BuiltinKeywords.groovy:146)
	at jdk.internal.reflect.GeneratedMethodAccessor25.invoke(Unknown Source)
	at java.base/jdk.internal.reflect.DelegatingMethodAccessorImpl.invoke(DelegatingMethodAccessorImpl.java:43)
	at Выполнение бизнес-плана сверка дашбордов.CompareDZOData(Выполнение бизнес-плана сверка дашбордов:693)
	at Выполнение бизнес-плана сверка дашбордов.run(Выполнение бизнес-плана сверка дашбордов:663)
	at com.kms.katalon.core.main.ScriptEngine.run(ScriptEngine.java:194)
	at com.kms.katalon.core.main.ScriptEngine.runScriptAsRawText(ScriptEngine.java:119)
	at com.kms.katalon.core.main.TestCaseExecutor.runScript(TestCaseExecutor.java:448)
	at com.kms.katalon.core.main.TestCaseExecutor.doExecute(TestCaseExecutor.java:439)
	at com.kms.katalon.core.main.TestCaseExecutor.processExecutionPhase(TestCaseExecutor.java:418)
	at com.kms.katalon.core.main.TestCaseExecutor.accessMainPhase(TestCaseExecutor.java:410)
	at com.kms.katalon.core.main.TestCaseExecutor.execute(TestCaseExecutor.java:285)
	at com.kms.katalon.core.common.CommonExecutor.accessTestCaseMainPhase(CommonExecutor.java:65)
	at com.kms.katalon.core.main.TestSuiteExecutor.accessTestSuiteMainPhase(TestSuiteExecutor.java:150)
	at com.kms.katalon.core.main.TestSuiteExecutor.execute(TestSuiteExecutor.java:106)
	at com.kms.katalon.core.main.TestCaseMain.startTestSuite(TestCaseMain.java:180)
	at TempTestSuite1733285972582.run(TempTestSuite1733285972582.groovy:35)
	at java.base/jdk.internal.reflect.NativeMethodAccessorImpl.invoke0(Native Method)
	at java.base/jdk.internal.reflect.NativeMethodAccessorImpl.invoke(NativeMethodAccessorImpl.java:77)
	at java.base/jdk.internal.reflect.DelegatingMethodAccessorImpl.invoke(DelegatingMethodAccessorImpl.java:43)
)

04-12-2024T07:32:11 - [TEST_STEP][PASSED] - result = WriteToExcel(typeOfData, todaysDate, PercPlanR, PercPlanB, PercFactR, PercFactB, x, tabR, tabB, o1R, o1B, vidget): null

04-12-2024T07:32:11 - [TEST_STEP][PASSED] - iii = dZO.indexOf("/"): null

04-12-2024T07:32:11 - [TEST_STEP][PASSED] - println(iii): null

04-12-2024T07:32:11 - [TEST_STEP][PASSED] - dZO = dZO.substring(0, iii): null

04-12-2024T07:32:11 - [TEST_STEP][PASSED] - println(dZO): null

04-12-2024T07:32:11 - [TEST_STEP][PASSED] - println(PercPlanR): null

04-12-2024T07:32:11 - [TEST_STEP][PASSED] - println(PercPlanB): null

04-12-2024T07:32:11 - [TEST_STEP][PASSED] - println(PercFactR): null

04-12-2024T07:32:11 - [TEST_STEP][PASSED] - println(PercFactB): null

04-12-2024T07:32:11 - [TEST_STEP][PASSED] - println(tabR): null

04-12-2024T07:32:11 - [TEST_STEP][PASSED] - println(tabB): null

04-12-2024T07:32:11 - [TEST_STEP][PASSED] - println(o1R): null

04-12-2024T07:32:11 - [TEST_STEP][PASSED] - println(o1B): null

04-12-2024T07:32:11 - [TEST_STEP][PASSED] - PR = <not implemented yet for class: org.codehaus.groovy.ast.expr.EmptyExpression>: null

04-12-2024T07:32:11 - [TEST_STEP][PASSED] - FR = <not implemented yet for class: org.codehaus.groovy.ast.expr.EmptyExpression>: null

04-12-2024T07:32:11 - [TEST_STEP][PASSED] - PB = <not implemented yet for class: org.codehaus.groovy.ast.expr.EmptyExpression>: null

04-12-2024T07:32:11 - [TEST_STEP][PASSED] - FB = <not implemented yet for class: org.codehaus.groovy.ast.expr.EmptyExpression>: null

04-12-2024T07:32:11 - [TEST_STEP][PASSED] - TR = <not implemented yet for class: org.codehaus.groovy.ast.expr.EmptyExpression>: null

04-12-2024T07:32:11 - [TEST_STEP][PASSED] - TB = <not implemented yet for class: org.codehaus.groovy.ast.expr.EmptyExpression>: null

04-12-2024T07:32:11 - [TEST_STEP][PASSED] - sheetName = "Sheet1": null

04-12-2024T07:32:11 - [TEST_STEP][PASSED] - data = findTestData("PlanFact"): null

04-12-2024T07:32:11 - [TEST_STEP][PASSED] - n = data.getRowNumbers() + 1: null

04-12-2024T07:32:11 - [TEST_STEP][PASSED] - year = todaysDate.substring(todaysDate.length() - 4, todaysDate.length()): null

04-12-2024T07:32:11 - [TEST_STEP][PASSED] - y = year.toInteger(): null

04-12-2024T07:32:11 - [TEST_STEP][PASSED] - m = getText(findTestObject("Выполнение бизнес-плана/Выполнение бизнес-плана Балансы/Фильтр Дата")): Text of object 'Object Repository/Выполнение бизнес-плана/Выполнение бизнес-плана Балансы/Фильтр Дата' is: '1, 2, 3 кв., Октябрь 2024 года'

04-12-2024T07:32:11 - [MESSAGE][PASSED] - Text of object 'Object Repository/Выполнение бизнес-плана/Выполнение бизнес-плана Балансы/Фильтр Дата' is: '1, 2, 3 кв., Октябрь 2024 года'

04-12-2024T07:32:11 - [TEST_STEP][PASSED] - m = m.substring(0, m.indexOf("2024")): null

04-12-2024T07:32:11 - [TEST_STEP][PASSED] - m = m.trim(): null

04-12-2024T07:32:11 - [TEST_STEP][PASSED] - dashboardName = "Выполнение бизнес-плана": null

04-12-2024T07:32:11 - [TEST_STEP][PASSED] - workbook01 = getWorkbook(excelFilePath): null

04-12-2024T07:32:12 - [TEST_STEP][PASSED] - sheet01 = getExcelSheet(workbook01, sheetName): null

04-12-2024T07:32:12 - [TEST_STEP][PASSED] - setValueToCellByIndex(sheet01, n, 0, dashboardName): null

04-12-2024T07:32:12 - [TEST_STEP][PASSED] - setValueToCellByIndex(sheet01, n, 1, dZO): null

04-12-2024T07:32:12 - [TEST_STEP][PASSED] - setValueToCellByIndex(sheet01, n, 2, typeOfData): null

04-12-2024T07:32:12 - [TEST_STEP][PASSED] - setValueToCellByIndex(sheet01, n, 3, typeOfData): null

04-12-2024T07:32:12 - [TEST_STEP][PASSED] - if (typeOfData == "План"): null

04-12-2024T07:32:12 - [TEST_STEP][PASSED] - else if (typeOfData == "Факт"): null

04-12-2024T07:32:12 - [TEST_STEP][PASSED] - if (PercFactR == null): null

04-12-2024T07:32:12 - [TEST_STEP][PASSED] - else: null

04-12-2024T07:32:12 - [TEST_STEP][PASSED] - if (PercFactR == "нет данных"): null

04-12-2024T07:32:12 - [TEST_STEP][PASSED] - setValueToCellByIndex(sheet01, n, 4, "нет данных"): null

04-12-2024T07:32:12 - [TEST_STEP][PASSED] - if (PercFactB == null): null

04-12-2024T07:32:12 - [TEST_STEP][PASSED] - else: null

04-12-2024T07:32:12 - [TEST_STEP][PASSED] - if (PercFactB == "нет данных"): null

04-12-2024T07:32:12 - [TEST_STEP][PASSED] - else: null

04-12-2024T07:32:12 - [TEST_STEP][PASSED] - FB = PercFactB.toDouble(): null

04-12-2024T07:32:12 - [TEST_STEP][PASSED] - setValueToCellByIndex(sheet01, n, 5, FB): null

04-12-2024T07:32:12 - [TEST_STEP][PASSED] - setValueToCellByIndex(sheet01, n, 6, m): null

04-12-2024T07:32:12 - [TEST_STEP][PASSED] - setValueToCellByIndex(sheet01, n, 7, y): null

04-12-2024T07:32:12 - [TEST_STEP][PASSED] - setValueToCellByIndex(sheet01, n, 8, todaysDate): null

04-12-2024T07:32:12 - [TEST_STEP][PASSED] - n = n + 1: null

04-12-2024T07:32:12 - [TEST_STEP][PASSED] - saveWorkbook(excelFilePath, workbook01): null

04-12-2024T07:32:12 - [TEST_STEP][PASSED] - vidget = "Показатели баланса электроэнергии по ДЗО – Факт": null

04-12-2024T07:32:12 - [TEST_STEP][PASSED] - typeOfData = "Факт Отпуск в сеть": null

04-12-2024T07:32:12 - [TEST_STEP][PASSED] - tabR = GetOvSFactR(x = a): null

04-12-2024T07:32:12 - [TEST_STEP][PASSED] - i1 = <not implemented yet for class: org.codehaus.groovy.ast.expr.EmptyExpression>: null

04-12-2024T07:32:12 - [TEST_STEP][PASSED] - ii = <not implemented yet for class: org.codehaus.groovy.ast.expr.EmptyExpression>: null

04-12-2024T07:32:12 - [TEST_STEP][PASSED] - for ([ii = 1, ii < 4, (ii++)]): null

04-12-2024T07:32:12 - [TEST_STEP][PASSED] - i1 = x.indexOf("/") + 1: null

04-12-2024T07:32:12 - [TEST_STEP][PASSED] - if (i1 > -1): null

04-12-2024T07:32:12 - [TEST_STEP][PASSED] - x = x.substring(i1, x.length()): null

04-12-2024T07:32:12 - [TEST_STEP][PASSED] - println(x): null

04-12-2024T07:32:12 - [TEST_STEP][PASSED] - i1 = x.indexOf("/") + 1: null

04-12-2024T07:32:12 - [TEST_STEP][PASSED] - if (i1 > -1): null

04-12-2024T07:32:12 - [TEST_STEP][PASSED] - x = x.substring(i1, x.length()): null

04-12-2024T07:32:12 - [TEST_STEP][PASSED] - println(x): null

04-12-2024T07:32:12 - [TEST_STEP][PASSED] - i1 = x.indexOf("/") + 1: null

04-12-2024T07:32:12 - [TEST_STEP][PASSED] - if (i1 > -1): null

04-12-2024T07:32:12 - [TEST_STEP][PASSED] - x = x.substring(i1, x.length()): null

04-12-2024T07:32:12 - [TEST_STEP][PASSED] - println(x): null

04-12-2024T07:32:12 - [TEST_STEP][PASSED] - i1 = x.indexOf("/"): null

04-12-2024T07:32:12 - [TEST_STEP][PASSED] - if (i1 > -1): null

04-12-2024T07:32:12 - [TEST_STEP][PASSED] - x = x.substring(0, i1): null

04-12-2024T07:32:12 - [TEST_STEP][PASSED] - println(x): null

04-12-2024T07:32:12 - [TEST_STEP][PASSED] - return x: null

04-12-2024T07:32:12 - [TEST_STEP][PASSED] - tabB = GetOvSFactB(x = b): null

04-12-2024T07:32:12 - [TEST_STEP][PASSED] - i1 = <not implemented yet for class: org.codehaus.groovy.ast.expr.EmptyExpression>: null

04-12-2024T07:32:12 - [TEST_STEP][PASSED] - ii = <not implemented yet for class: org.codehaus.groovy.ast.expr.EmptyExpression>: null

04-12-2024T07:32:12 - [TEST_STEP][PASSED] - for ([ii = 1, ii < 4, (ii++)]): null

04-12-2024T07:32:12 - [TEST_STEP][PASSED] - i1 = x.indexOf("/") + 1: null

04-12-2024T07:32:12 - [TEST_STEP][PASSED] - if (i1 > -1): null

04-12-2024T07:32:12 - [TEST_STEP][PASSED] - x = x.substring(i1, x.length()): null

04-12-2024T07:32:12 - [TEST_STEP][PASSED] - println(x): null

04-12-2024T07:32:12 - [TEST_STEP][PASSED] - i1 = x.indexOf("/") + 1: null

04-12-2024T07:32:12 - [TEST_STEP][PASSED] - if (i1 > -1): null

04-12-2024T07:32:12 - [TEST_STEP][PASSED] - x = x.substring(i1, x.length()): null

04-12-2024T07:32:12 - [TEST_STEP][PASSED] - println(x): null

04-12-2024T07:32:12 - [TEST_STEP][PASSED] - i1 = x.indexOf("/") + 1: null

04-12-2024T07:32:12 - [TEST_STEP][PASSED] - if (i1 > -1): null

04-12-2024T07:32:12 - [TEST_STEP][PASSED] - x = x.substring(i1, x.length()): null

04-12-2024T07:32:12 - [TEST_STEP][PASSED] - println(x): null

04-12-2024T07:32:12 - [TEST_STEP][PASSED] - i1 = x.indexOf("/"): null

04-12-2024T07:32:12 - [TEST_STEP][PASSED] - if (i1 > -1): null

04-12-2024T07:32:12 - [TEST_STEP][PASSED] - x = x.substring(0, i1): null

04-12-2024T07:32:12 - [TEST_STEP][PASSED] - println(x): null

04-12-2024T07:32:12 - [TEST_STEP][FAILED] - return x: null

04-12-2024T07:32:12 - [TEST_STEP][FAILED] - if (verifyEqual(tabR, tabB) == false): null

04-12-2024T07:32:12 - [MESSAGE][FAILED] - Unable to verify equal between actual object 'нет данных' and expected object '3757223' (Root cause: com.kms.katalon.core.exception.StepFailedException: Actual object 'нет данных' and expected object '3757223' are not equal
	at com.kms.katalon.core.keyword.builtin.VerifyEqualKeyword$_verifyEqual_closure1.doCall(VerifyEqualKeyword.groovy:58)
	at com.kms.katalon.core.keyword.builtin.VerifyEqualKeyword$_verifyEqual_closure1.call(VerifyEqualKeyword.groovy)
	at com.kms.katalon.core.keyword.internal.KeywordMain.runKeyword(KeywordMain.groovy:75)
	at com.kms.katalon.core.keyword.builtin.VerifyEqualKeyword.verifyEqual(VerifyEqualKeyword.groovy:63)
	at com.kms.katalon.core.keyword.builtin.VerifyEqualKeyword.execute(VerifyEqualKeyword.groovy:44)
	at com.kms.katalon.core.keyword.internal.KeywordExecutor.executeKeywordForPlatform(KeywordExecutor.groovy:74)
	at com.kms.katalon.core.keyword.BuiltinKeywords.verifyEqual(BuiltinKeywords.groovy:146)
	at jdk.internal.reflect.GeneratedMethodAccessor25.invoke(Unknown Source)
	at java.base/jdk.internal.reflect.DelegatingMethodAccessorImpl.invoke(DelegatingMethodAccessorImpl.java:43)
	at Выполнение бизнес-плана сверка дашбордов.CompareDZOData(Выполнение бизнес-плана сверка дашбордов:706)
	at Выполнение бизнес-плана сверка дашбордов.run(Выполнение бизнес-плана сверка дашбордов:663)
	at com.kms.katalon.core.main.ScriptEngine.run(ScriptEngine.java:194)
	at com.kms.katalon.core.main.ScriptEngine.runScriptAsRawText(ScriptEngine.java:119)
	at com.kms.katalon.core.main.TestCaseExecutor.runScript(TestCaseExecutor.java:448)
	at com.kms.katalon.core.main.TestCaseExecutor.doExecute(TestCaseExecutor.java:439)
	at com.kms.katalon.core.main.TestCaseExecutor.processExecutionPhase(TestCaseExecutor.java:418)
	at com.kms.katalon.core.main.TestCaseExecutor.accessMainPhase(TestCaseExecutor.java:410)
	at com.kms.katalon.core.main.TestCaseExecutor.execute(TestCaseExecutor.java:285)
	at com.kms.katalon.core.common.CommonExecutor.accessTestCaseMainPhase(CommonExecutor.java:65)
	at com.kms.katalon.core.main.TestSuiteExecutor.accessTestSuiteMainPhase(TestSuiteExecutor.java:150)
	at com.kms.katalon.core.main.TestSuiteExecutor.execute(TestSuiteExecutor.java:106)
	at com.kms.katalon.core.main.TestCaseMain.startTestSuite(TestCaseMain.java:180)
	at TempTestSuite1733285972582.run(TempTestSuite1733285972582.groovy:35)
	at java.base/jdk.internal.reflect.NativeMethodAccessorImpl.invoke0(Native Method)
	at java.base/jdk.internal.reflect.NativeMethodAccessorImpl.invoke(NativeMethodAccessorImpl.java:77)
	at java.base/jdk.internal.reflect.DelegatingMethodAccessorImpl.invoke(DelegatingMethodAccessorImpl.java:43)
)

04-12-2024T07:32:12 - [TEST_STEP][PASSED] - result = WriteToExcel(typeOfData, todaysDate, PercPlanR, PercPlanB, PercFactR, PercFactB, x, tabR, tabB, o1R, o1B, vidget): null

04-12-2024T07:32:12 - [TEST_STEP][PASSED] - iii = dZO.indexOf("/"): null

04-12-2024T07:32:12 - [TEST_STEP][PASSED] - println(iii): null

04-12-2024T07:32:12 - [TEST_STEP][PASSED] - dZO = dZO.substring(0, iii): null

04-12-2024T07:32:12 - [TEST_STEP][PASSED] - println(dZO): null

04-12-2024T07:32:12 - [TEST_STEP][PASSED] - println(PercPlanR): null

04-12-2024T07:32:12 - [TEST_STEP][PASSED] - println(PercPlanB): null

04-12-2024T07:32:12 - [TEST_STEP][PASSED] - println(PercFactR): null

04-12-2024T07:32:12 - [TEST_STEP][PASSED] - println(PercFactB): null

04-12-2024T07:32:12 - [TEST_STEP][PASSED] - println(tabR): null

04-12-2024T07:32:12 - [TEST_STEP][PASSED] - println(tabB): null

04-12-2024T07:32:12 - [TEST_STEP][PASSED] - println(o1R): null

04-12-2024T07:32:12 - [TEST_STEP][PASSED] - println(o1B): null

04-12-2024T07:32:12 - [TEST_STEP][PASSED] - PR = <not implemented yet for class: org.codehaus.groovy.ast.expr.EmptyExpression>: null

04-12-2024T07:32:12 - [TEST_STEP][PASSED] - FR = <not implemented yet for class: org.codehaus.groovy.ast.expr.EmptyExpression>: null

04-12-2024T07:32:12 - [TEST_STEP][PASSED] - PB = <not implemented yet for class: org.codehaus.groovy.ast.expr.EmptyExpression>: null

04-12-2024T07:32:12 - [TEST_STEP][PASSED] - FB = <not implemented yet for class: org.codehaus.groovy.ast.expr.EmptyExpression>: null

04-12-2024T07:32:12 - [TEST_STEP][PASSED] - TR = <not implemented yet for class: org.codehaus.groovy.ast.expr.EmptyExpression>: null

04-12-2024T07:32:12 - [TEST_STEP][PASSED] - TB = <not implemented yet for class: org.codehaus.groovy.ast.expr.EmptyExpression>: null

04-12-2024T07:32:12 - [TEST_STEP][PASSED] - sheetName = "Sheet1": null

04-12-2024T07:32:12 - [TEST_STEP][PASSED] - data = findTestData("PlanFact"): null

04-12-2024T07:32:12 - [TEST_STEP][PASSED] - n = data.getRowNumbers() + 1: null

04-12-2024T07:32:12 - [TEST_STEP][PASSED] - year = todaysDate.substring(todaysDate.length() - 4, todaysDate.length()): null

04-12-2024T07:32:12 - [TEST_STEP][PASSED] - y = year.toInteger(): null

04-12-2024T07:32:12 - [TEST_STEP][PASSED] - m = getText(findTestObject("Выполнение бизнес-плана/Выполнение бизнес-плана Балансы/Фильтр Дата")): Text of object 'Object Repository/Выполнение бизнес-плана/Выполнение бизнес-плана Балансы/Фильтр Дата' is: '1, 2, 3 кв., Октябрь 2024 года'

04-12-2024T07:32:12 - [MESSAGE][PASSED] - Text of object 'Object Repository/Выполнение бизнес-плана/Выполнение бизнес-плана Балансы/Фильтр Дата' is: '1, 2, 3 кв., Октябрь 2024 года'

04-12-2024T07:32:12 - [TEST_STEP][PASSED] - m = m.substring(0, m.indexOf("2024")): null

04-12-2024T07:32:12 - [TEST_STEP][PASSED] - m = m.trim(): null

04-12-2024T07:32:12 - [TEST_STEP][PASSED] - dashboardName = "Выполнение бизнес-плана": null

04-12-2024T07:32:12 - [TEST_STEP][PASSED] - workbook01 = getWorkbook(excelFilePath): null

04-12-2024T07:32:12 - [TEST_STEP][PASSED] - sheet01 = getExcelSheet(workbook01, sheetName): null

04-12-2024T07:32:12 - [TEST_STEP][PASSED] - setValueToCellByIndex(sheet01, n, 0, dashboardName): null

04-12-2024T07:32:12 - [TEST_STEP][PASSED] - setValueToCellByIndex(sheet01, n, 1, dZO): null

04-12-2024T07:32:12 - [TEST_STEP][PASSED] - setValueToCellByIndex(sheet01, n, 2, typeOfData): null

04-12-2024T07:32:12 - [TEST_STEP][PASSED] - setValueToCellByIndex(sheet01, n, 3, typeOfData): null

04-12-2024T07:32:12 - [TEST_STEP][PASSED] - if (typeOfData == "План"): null

04-12-2024T07:32:12 - [TEST_STEP][PASSED] - else if (typeOfData == "Факт"): null

04-12-2024T07:32:12 - [TEST_STEP][PASSED] - else if (vidget.contains("электроэнергии") == true): null

04-12-2024T07:32:12 - [TEST_STEP][PASSED] - if (tabR == null): null

04-12-2024T07:32:12 - [TEST_STEP][PASSED] - else: null

04-12-2024T07:32:12 - [TEST_STEP][PASSED] - if (tabR == "нет данных"): null

04-12-2024T07:32:12 - [TEST_STEP][PASSED] - setValueToCellByIndex(sheet01, n, 4, "нет данных"): null

04-12-2024T07:32:12 - [TEST_STEP][PASSED] - if (tabB == null): null

04-12-2024T07:32:12 - [TEST_STEP][PASSED] - else: null

04-12-2024T07:32:12 - [TEST_STEP][PASSED] - if (tabB == "нет данных"): null

04-12-2024T07:32:12 - [TEST_STEP][PASSED] - else: null

04-12-2024T07:32:12 - [TEST_STEP][PASSED] - TB = tabB.toInteger(): null

04-12-2024T07:32:12 - [TEST_STEP][PASSED] - setValueToCellByIndex(sheet01, n, 5, TB): null

04-12-2024T07:32:12 - [TEST_STEP][PASSED] - setValueToCellByIndex(sheet01, n, 6, m): null

04-12-2024T07:32:12 - [TEST_STEP][PASSED] - setValueToCellByIndex(sheet01, n, 7, y): null

04-12-2024T07:32:12 - [TEST_STEP][PASSED] - setValueToCellByIndex(sheet01, n, 8, todaysDate): null

04-12-2024T07:32:12 - [TEST_STEP][PASSED] - n = n + 1: null

04-12-2024T07:32:12 - [TEST_STEP][PASSED] - saveWorkbook(excelFilePath, workbook01): null

04-12-2024T07:32:12 - [TEST_STEP][PASSED] - typeOfData = "Факт Отпуск из сети": null

04-12-2024T07:32:12 - [TEST_STEP][PASSED] - tabR = GetOiSFactR(x = a): null

04-12-2024T07:32:12 - [TEST_STEP][PASSED] - i1 = <not implemented yet for class: org.codehaus.groovy.ast.expr.EmptyExpression>: null

04-12-2024T07:32:12 - [TEST_STEP][PASSED] - ii = <not implemented yet for class: org.codehaus.groovy.ast.expr.EmptyExpression>: null

04-12-2024T07:32:12 - [TEST_STEP][PASSED] - for ([ii = 1, ii < 5, (ii++)]): null

04-12-2024T07:32:12 - [TEST_STEP][PASSED] - i1 = x.indexOf("/") + 1: null

04-12-2024T07:32:12 - [TEST_STEP][PASSED] - if (i1 > -1): null

04-12-2024T07:32:12 - [TEST_STEP][PASSED] - x = x.substring(i1, x.length()): null

04-12-2024T07:32:12 - [TEST_STEP][PASSED] - println(x): null

04-12-2024T07:32:12 - [TEST_STEP][PASSED] - i1 = x.indexOf("/") + 1: null

04-12-2024T07:32:12 - [TEST_STEP][PASSED] - if (i1 > -1): null

04-12-2024T07:32:12 - [TEST_STEP][PASSED] - x = x.substring(i1, x.length()): null

04-12-2024T07:32:12 - [TEST_STEP][PASSED] - println(x): null

04-12-2024T07:32:12 - [TEST_STEP][PASSED] - i1 = x.indexOf("/") + 1: null

04-12-2024T07:32:12 - [TEST_STEP][PASSED] - if (i1 > -1): null

04-12-2024T07:32:12 - [TEST_STEP][PASSED] - x = x.substring(i1, x.length()): null

04-12-2024T07:32:12 - [TEST_STEP][PASSED] - println(x): null

04-12-2024T07:32:12 - [TEST_STEP][PASSED] - i1 = x.indexOf("/") + 1: null

04-12-2024T07:32:12 - [TEST_STEP][PASSED] - if (i1 > -1): null

04-12-2024T07:32:12 - [TEST_STEP][PASSED] - x = x.substring(i1, x.length()): null

04-12-2024T07:32:12 - [TEST_STEP][PASSED] - println(x): null

04-12-2024T07:32:12 - [TEST_STEP][PASSED] - i1 = x.indexOf("/"): null

04-12-2024T07:32:12 - [TEST_STEP][PASSED] - if (i1 > -1): null

04-12-2024T07:32:12 - [TEST_STEP][PASSED] - x = x.substring(0, i1): null

04-12-2024T07:32:12 - [TEST_STEP][PASSED] - println(x): null

04-12-2024T07:32:12 - [TEST_STEP][PASSED] - return x: null

04-12-2024T07:32:12 - [TEST_STEP][PASSED] - tabB = GetOiSFactB(x = b): null

04-12-2024T07:32:12 - [TEST_STEP][PASSED] - i1 = <not implemented yet for class: org.codehaus.groovy.ast.expr.EmptyExpression>: null

04-12-2024T07:32:12 - [TEST_STEP][PASSED] - ii = <not implemented yet for class: org.codehaus.groovy.ast.expr.EmptyExpression>: null

04-12-2024T07:32:12 - [TEST_STEP][PASSED] - for ([ii = 1, ii < 5, (ii++)]): null

04-12-2024T07:32:12 - [TEST_STEP][PASSED] - i1 = x.indexOf("/") + 1: null

04-12-2024T07:32:12 - [TEST_STEP][PASSED] - if (i1 > -1): null

04-12-2024T07:32:12 - [TEST_STEP][PASSED] - x = x.substring(i1, x.length()): null

04-12-2024T07:32:12 - [TEST_STEP][PASSED] - println(x): null

04-12-2024T07:32:12 - [TEST_STEP][PASSED] - i1 = x.indexOf("/") + 1: null

04-12-2024T07:32:12 - [TEST_STEP][PASSED] - if (i1 > -1): null

04-12-2024T07:32:12 - [TEST_STEP][PASSED] - x = x.substring(i1, x.length()): null

04-12-2024T07:32:12 - [TEST_STEP][PASSED] - println(x): null

04-12-2024T07:32:12 - [TEST_STEP][PASSED] - i1 = x.indexOf("/") + 1: null

04-12-2024T07:32:12 - [TEST_STEP][PASSED] - if (i1 > -1): null

04-12-2024T07:32:12 - [TEST_STEP][PASSED] - x = x.substring(i1, x.length()): null

04-12-2024T07:32:12 - [TEST_STEP][PASSED] - println(x): null

04-12-2024T07:32:12 - [TEST_STEP][PASSED] - i1 = x.indexOf("/") + 1: null

04-12-2024T07:32:12 - [TEST_STEP][PASSED] - if (i1 > -1): null

04-12-2024T07:32:12 - [TEST_STEP][PASSED] - x = x.substring(i1, x.length()): null

04-12-2024T07:32:12 - [TEST_STEP][PASSED] - println(x): null

04-12-2024T07:32:12 - [TEST_STEP][PASSED] - i1 = x.indexOf("/"): null

04-12-2024T07:32:12 - [TEST_STEP][PASSED] - if (i1 > -1): null

04-12-2024T07:32:12 - [TEST_STEP][PASSED] - x = x.substring(0, i1): null

04-12-2024T07:32:12 - [TEST_STEP][PASSED] - println(x): null

04-12-2024T07:32:12 - [TEST_STEP][FAILED] - return x: null

04-12-2024T07:32:12 - [TEST_STEP][FAILED] - if (verifyEqual(tabR, tabB) == false): null

04-12-2024T07:32:12 - [MESSAGE][FAILED] - Unable to verify equal between actual object 'нет данных' and expected object '3428012' (Root cause: com.kms.katalon.core.exception.StepFailedException: Actual object 'нет данных' and expected object '3428012' are not equal
	at com.kms.katalon.core.keyword.builtin.VerifyEqualKeyword$_verifyEqual_closure1.doCall(VerifyEqualKeyword.groovy:58)
	at com.kms.katalon.core.keyword.builtin.VerifyEqualKeyword$_verifyEqual_closure1.call(VerifyEqualKeyword.groovy)
	at com.kms.katalon.core.keyword.internal.KeywordMain.runKeyword(KeywordMain.groovy:75)
	at com.kms.katalon.core.keyword.builtin.VerifyEqualKeyword.verifyEqual(VerifyEqualKeyword.groovy:63)
	at com.kms.katalon.core.keyword.builtin.VerifyEqualKeyword.execute(VerifyEqualKeyword.groovy:44)
	at com.kms.katalon.core.keyword.internal.KeywordExecutor.executeKeywordForPlatform(KeywordExecutor.groovy:74)
	at com.kms.katalon.core.keyword.BuiltinKeywords.verifyEqual(BuiltinKeywords.groovy:146)
	at jdk.internal.reflect.GeneratedMethodAccessor25.invoke(Unknown Source)
	at java.base/jdk.internal.reflect.DelegatingMethodAccessorImpl.invoke(DelegatingMethodAccessorImpl.java:43)
	at Выполнение бизнес-плана сверка дашбордов.CompareDZOData(Выполнение бизнес-плана сверка дашбордов:717)
	at Выполнение бизнес-плана сверка дашбордов.run(Выполнение бизнес-плана сверка дашбордов:663)
	at com.kms.katalon.core.main.ScriptEngine.run(ScriptEngine.java:194)
	at com.kms.katalon.core.main.ScriptEngine.runScriptAsRawText(ScriptEngine.java:119)
	at com.kms.katalon.core.main.TestCaseExecutor.runScript(TestCaseExecutor.java:448)
	at com.kms.katalon.core.main.TestCaseExecutor.doExecute(TestCaseExecutor.java:439)
	at com.kms.katalon.core.main.TestCaseExecutor.processExecutionPhase(TestCaseExecutor.java:418)
	at com.kms.katalon.core.main.TestCaseExecutor.accessMainPhase(TestCaseExecutor.java:410)
	at com.kms.katalon.core.main.TestCaseExecutor.execute(TestCaseExecutor.java:285)
	at com.kms.katalon.core.common.CommonExecutor.accessTestCaseMainPhase(CommonExecutor.java:65)
	at com.kms.katalon.core.main.TestSuiteExecutor.accessTestSuiteMainPhase(TestSuiteExecutor.java:150)
	at com.kms.katalon.core.main.TestSuiteExecutor.execute(TestSuiteExecutor.java:106)
	at com.kms.katalon.core.main.TestCaseMain.startTestSuite(TestCaseMain.java:180)
	at TempTestSuite1733285972582.run(TempTestSuite1733285972582.groovy:35)
	at java.base/jdk.internal.reflect.NativeMethodAccessorImpl.invoke0(Native Method)
	at java.base/jdk.internal.reflect.NativeMethodAccessorImpl.invoke(NativeMethodAccessorImpl.java:77)
	at java.base/jdk.internal.reflect.DelegatingMethodAccessorImpl.invoke(DelegatingMethodAccessorImpl.java:43)
)

04-12-2024T07:32:12 - [TEST_STEP][PASSED] - result = WriteToExcel(typeOfData, todaysDate, PercPlanR, PercPlanB, PercFactR, PercFactB, x, tabR, tabB, o1R, o1B, vidget): null

04-12-2024T07:32:12 - [TEST_STEP][PASSED] - iii = dZO.indexOf("/"): null

04-12-2024T07:32:12 - [TEST_STEP][PASSED] - println(iii): null

04-12-2024T07:32:12 - [TEST_STEP][PASSED] - dZO = dZO.substring(0, iii): null

04-12-2024T07:32:12 - [TEST_STEP][PASSED] - println(dZO): null

04-12-2024T07:32:12 - [TEST_STEP][PASSED] - println(PercPlanR): null

04-12-2024T07:32:12 - [TEST_STEP][PASSED] - println(PercPlanB): null

04-12-2024T07:32:12 - [TEST_STEP][PASSED] - println(PercFactR): null

04-12-2024T07:32:12 - [TEST_STEP][PASSED] - println(PercFactB): null

04-12-2024T07:32:12 - [TEST_STEP][PASSED] - println(tabR): null

04-12-2024T07:32:12 - [TEST_STEP][PASSED] - println(tabB): null

04-12-2024T07:32:12 - [TEST_STEP][PASSED] - println(o1R): null

04-12-2024T07:32:12 - [TEST_STEP][PASSED] - println(o1B): null

04-12-2024T07:32:12 - [TEST_STEP][PASSED] - PR = <not implemented yet for class: org.codehaus.groovy.ast.expr.EmptyExpression>: null

04-12-2024T07:32:12 - [TEST_STEP][PASSED] - FR = <not implemented yet for class: org.codehaus.groovy.ast.expr.EmptyExpression>: null

04-12-2024T07:32:12 - [TEST_STEP][PASSED] - PB = <not implemented yet for class: org.codehaus.groovy.ast.expr.EmptyExpression>: null

04-12-2024T07:32:12 - [TEST_STEP][PASSED] - FB = <not implemented yet for class: org.codehaus.groovy.ast.expr.EmptyExpression>: null

04-12-2024T07:32:12 - [TEST_STEP][PASSED] - TR = <not implemented yet for class: org.codehaus.groovy.ast.expr.EmptyExpression>: null

04-12-2024T07:32:12 - [TEST_STEP][PASSED] - TB = <not implemented yet for class: org.codehaus.groovy.ast.expr.EmptyExpression>: null

04-12-2024T07:32:12 - [TEST_STEP][PASSED] - sheetName = "Sheet1": null

04-12-2024T07:32:12 - [TEST_STEP][PASSED] - data = findTestData("PlanFact"): null

04-12-2024T07:32:13 - [TEST_STEP][PASSED] - n = data.getRowNumbers() + 1: null

04-12-2024T07:32:13 - [TEST_STEP][PASSED] - year = todaysDate.substring(todaysDate.length() - 4, todaysDate.length()): null

04-12-2024T07:32:13 - [TEST_STEP][PASSED] - y = year.toInteger(): null

04-12-2024T07:32:13 - [TEST_STEP][PASSED] - m = getText(findTestObject("Выполнение бизнес-плана/Выполнение бизнес-плана Балансы/Фильтр Дата")): Text of object 'Object Repository/Выполнение бизнес-плана/Выполнение бизнес-плана Балансы/Фильтр Дата' is: '1, 2, 3 кв., Октябрь 2024 года'

04-12-2024T07:32:13 - [MESSAGE][PASSED] - Text of object 'Object Repository/Выполнение бизнес-плана/Выполнение бизнес-плана Балансы/Фильтр Дата' is: '1, 2, 3 кв., Октябрь 2024 года'

04-12-2024T07:32:13 - [TEST_STEP][PASSED] - m = m.substring(0, m.indexOf("2024")): null

04-12-2024T07:32:13 - [TEST_STEP][PASSED] - m = m.trim(): null

04-12-2024T07:32:13 - [TEST_STEP][PASSED] - dashboardName = "Выполнение бизнес-плана": null

04-12-2024T07:32:13 - [TEST_STEP][PASSED] - workbook01 = getWorkbook(excelFilePath): null

04-12-2024T07:32:13 - [TEST_STEP][PASSED] - sheet01 = getExcelSheet(workbook01, sheetName): null

04-12-2024T07:32:13 - [TEST_STEP][PASSED] - setValueToCellByIndex(sheet01, n, 0, dashboardName): null

04-12-2024T07:32:13 - [TEST_STEP][PASSED] - setValueToCellByIndex(sheet01, n, 1, dZO): null

04-12-2024T07:32:13 - [TEST_STEP][PASSED] - setValueToCellByIndex(sheet01, n, 2, typeOfData): null

04-12-2024T07:32:13 - [TEST_STEP][PASSED] - setValueToCellByIndex(sheet01, n, 3, typeOfData): null

04-12-2024T07:32:13 - [TEST_STEP][PASSED] - if (typeOfData == "План"): null

04-12-2024T07:32:13 - [TEST_STEP][PASSED] - else if (typeOfData == "Факт"): null

04-12-2024T07:32:13 - [TEST_STEP][PASSED] - else if (vidget.contains("электроэнергии") == true): null

04-12-2024T07:32:13 - [TEST_STEP][PASSED] - if (tabR == null): null

04-12-2024T07:32:13 - [TEST_STEP][PASSED] - else: null

04-12-2024T07:32:13 - [TEST_STEP][PASSED] - if (tabR == "нет данных"): null

04-12-2024T07:32:13 - [TEST_STEP][PASSED] - setValueToCellByIndex(sheet01, n, 4, "нет данных"): null

04-12-2024T07:32:13 - [TEST_STEP][PASSED] - if (tabB == null): null

04-12-2024T07:32:13 - [TEST_STEP][PASSED] - else: null

04-12-2024T07:32:13 - [TEST_STEP][PASSED] - if (tabB == "нет данных"): null

04-12-2024T07:32:13 - [TEST_STEP][PASSED] - else: null

04-12-2024T07:32:13 - [TEST_STEP][PASSED] - TB = tabB.toInteger(): null

04-12-2024T07:32:13 - [TEST_STEP][PASSED] - setValueToCellByIndex(sheet01, n, 5, TB): null

04-12-2024T07:32:13 - [TEST_STEP][PASSED] - setValueToCellByIndex(sheet01, n, 6, m): null

04-12-2024T07:32:13 - [TEST_STEP][PASSED] - setValueToCellByIndex(sheet01, n, 7, y): null

04-12-2024T07:32:13 - [TEST_STEP][PASSED] - setValueToCellByIndex(sheet01, n, 8, todaysDate): null

04-12-2024T07:32:13 - [TEST_STEP][PASSED] - n = n + 1: null

04-12-2024T07:32:13 - [TEST_STEP][PASSED] - saveWorkbook(excelFilePath, workbook01): null

04-12-2024T07:32:13 - [TEST_STEP][PASSED] - typeOfData = "Факт Потери": null

04-12-2024T07:32:13 - [TEST_STEP][PASSED] - tabR = GetPFactR(x = a): null

04-12-2024T07:32:13 - [TEST_STEP][PASSED] - i1 = <not implemented yet for class: org.codehaus.groovy.ast.expr.EmptyExpression>: null

04-12-2024T07:32:13 - [TEST_STEP][PASSED] - ii = <not implemented yet for class: org.codehaus.groovy.ast.expr.EmptyExpression>: null

04-12-2024T07:32:13 - [TEST_STEP][PASSED] - for ([ii = 1, ii < 6, (ii++)]): null

04-12-2024T07:32:13 - [TEST_STEP][PASSED] - i1 = x.indexOf("/") + 1: null

04-12-2024T07:32:13 - [TEST_STEP][PASSED] - if (i1 > -1): null

04-12-2024T07:32:13 - [TEST_STEP][PASSED] - x = x.substring(i1, x.length()): null

04-12-2024T07:32:13 - [TEST_STEP][PASSED] - println(x): null

04-12-2024T07:32:13 - [TEST_STEP][PASSED] - i1 = x.indexOf("/") + 1: null

04-12-2024T07:32:13 - [TEST_STEP][PASSED] - if (i1 > -1): null

04-12-2024T07:32:13 - [TEST_STEP][PASSED] - x = x.substring(i1, x.length()): null

04-12-2024T07:32:13 - [TEST_STEP][PASSED] - println(x): null

04-12-2024T07:32:13 - [TEST_STEP][PASSED] - i1 = x.indexOf("/") + 1: null

04-12-2024T07:32:13 - [TEST_STEP][PASSED] - if (i1 > -1): null

04-12-2024T07:32:13 - [TEST_STEP][PASSED] - x = x.substring(i1, x.length()): null

04-12-2024T07:32:13 - [TEST_STEP][PASSED] - println(x): null

04-12-2024T07:32:13 - [TEST_STEP][PASSED] - i1 = x.indexOf("/") + 1: null

04-12-2024T07:32:13 - [TEST_STEP][PASSED] - if (i1 > -1): null

04-12-2024T07:32:13 - [TEST_STEP][PASSED] - x = x.substring(i1, x.length()): null

04-12-2024T07:32:13 - [TEST_STEP][PASSED] - println(x): null

04-12-2024T07:32:13 - [TEST_STEP][PASSED] - i1 = x.indexOf("/") + 1: null

04-12-2024T07:32:13 - [TEST_STEP][PASSED] - if (i1 > -1): null

04-12-2024T07:32:13 - [TEST_STEP][PASSED] - x = x.substring(i1, x.length()): null

04-12-2024T07:32:13 - [TEST_STEP][PASSED] - println(x): null

04-12-2024T07:32:13 - [TEST_STEP][PASSED] - i1 = x.indexOf("/"): null

04-12-2024T07:32:13 - [TEST_STEP][PASSED] - if (i1 > -1): null

04-12-2024T07:32:13 - [TEST_STEP][PASSED] - x = x.substring(0, i1): null

04-12-2024T07:32:13 - [TEST_STEP][PASSED] - println(x): null

04-12-2024T07:32:13 - [TEST_STEP][PASSED] - return x: null

04-12-2024T07:32:13 - [TEST_STEP][PASSED] - tabB = GetPFactB(x = b): null

04-12-2024T07:32:13 - [TEST_STEP][PASSED] - i1 = <not implemented yet for class: org.codehaus.groovy.ast.expr.EmptyExpression>: null

04-12-2024T07:32:13 - [TEST_STEP][PASSED] - ii = <not implemented yet for class: org.codehaus.groovy.ast.expr.EmptyExpression>: null

04-12-2024T07:32:13 - [TEST_STEP][PASSED] - for ([ii = 1, ii < 6, (ii++)]): null

04-12-2024T07:32:13 - [TEST_STEP][PASSED] - i1 = x.indexOf("/") + 1: null

04-12-2024T07:32:13 - [TEST_STEP][PASSED] - if (i1 > -1): null

04-12-2024T07:32:13 - [TEST_STEP][PASSED] - x = x.substring(i1, x.length()): null

04-12-2024T07:32:13 - [TEST_STEP][PASSED] - println(x): null

04-12-2024T07:32:13 - [TEST_STEP][PASSED] - i1 = x.indexOf("/") + 1: null

04-12-2024T07:32:13 - [TEST_STEP][PASSED] - if (i1 > -1): null

04-12-2024T07:32:13 - [TEST_STEP][PASSED] - x = x.substring(i1, x.length()): null

04-12-2024T07:32:13 - [TEST_STEP][PASSED] - println(x): null

04-12-2024T07:32:13 - [TEST_STEP][PASSED] - i1 = x.indexOf("/") + 1: null

04-12-2024T07:32:13 - [TEST_STEP][PASSED] - if (i1 > -1): null

04-12-2024T07:32:13 - [TEST_STEP][PASSED] - x = x.substring(i1, x.length()): null

04-12-2024T07:32:13 - [TEST_STEP][PASSED] - println(x): null

04-12-2024T07:32:13 - [TEST_STEP][PASSED] - i1 = x.indexOf("/") + 1: null

04-12-2024T07:32:13 - [TEST_STEP][PASSED] - if (i1 > -1): null

04-12-2024T07:32:13 - [TEST_STEP][PASSED] - x = x.substring(i1, x.length()): null

04-12-2024T07:32:13 - [TEST_STEP][PASSED] - println(x): null

04-12-2024T07:32:13 - [TEST_STEP][PASSED] - i1 = x.indexOf("/") + 1: null

04-12-2024T07:32:13 - [TEST_STEP][PASSED] - if (i1 > -1): null

04-12-2024T07:32:13 - [TEST_STEP][PASSED] - x = x.substring(i1, x.length()): null

04-12-2024T07:32:13 - [TEST_STEP][PASSED] - println(x): null

04-12-2024T07:32:13 - [TEST_STEP][PASSED] - i1 = x.indexOf("/"): null

04-12-2024T07:32:13 - [TEST_STEP][PASSED] - if (i1 > -1): null

04-12-2024T07:32:13 - [TEST_STEP][PASSED] - x = x.substring(0, i1): null

04-12-2024T07:32:13 - [TEST_STEP][PASSED] - println(x): null

04-12-2024T07:32:13 - [TEST_STEP][FAILED] - return x: null

04-12-2024T07:32:13 - [TEST_STEP][PASSED] - println(tabR + "/" + tabB): null

04-12-2024T07:32:13 - [TEST_STEP][FAILED] - if (verifyEqual(tabR, tabB) == false): null

04-12-2024T07:32:13 - [MESSAGE][FAILED] - Unable to verify equal between actual object 'нет данных' and expected object '329211' (Root cause: com.kms.katalon.core.exception.StepFailedException: Actual object 'нет данных' and expected object '329211' are not equal
	at com.kms.katalon.core.keyword.builtin.VerifyEqualKeyword$_verifyEqual_closure1.doCall(VerifyEqualKeyword.groovy:58)
	at com.kms.katalon.core.keyword.builtin.VerifyEqualKeyword$_verifyEqual_closure1.call(VerifyEqualKeyword.groovy)
	at com.kms.katalon.core.keyword.internal.KeywordMain.runKeyword(KeywordMain.groovy:75)
	at com.kms.katalon.core.keyword.builtin.VerifyEqualKeyword.verifyEqual(VerifyEqualKeyword.groovy:63)
	at com.kms.katalon.core.keyword.builtin.VerifyEqualKeyword.execute(VerifyEqualKeyword.groovy:44)
	at com.kms.katalon.core.keyword.internal.KeywordExecutor.executeKeywordForPlatform(KeywordExecutor.groovy:74)
	at com.kms.katalon.core.keyword.BuiltinKeywords.verifyEqual(BuiltinKeywords.groovy:146)
	at jdk.internal.reflect.GeneratedMethodAccessor25.invoke(Unknown Source)
	at java.base/jdk.internal.reflect.DelegatingMethodAccessorImpl.invoke(DelegatingMethodAccessorImpl.java:43)
	at Выполнение бизнес-плана сверка дашбордов.CompareDZOData(Выполнение бизнес-плана сверка дашбордов:730)
	at Выполнение бизнес-плана сверка дашбордов.run(Выполнение бизнес-плана сверка дашбордов:663)
	at com.kms.katalon.core.main.ScriptEngine.run(ScriptEngine.java:194)
	at com.kms.katalon.core.main.ScriptEngine.runScriptAsRawText(ScriptEngine.java:119)
	at com.kms.katalon.core.main.TestCaseExecutor.runScript(TestCaseExecutor.java:448)
	at com.kms.katalon.core.main.TestCaseExecutor.doExecute(TestCaseExecutor.java:439)
	at com.kms.katalon.core.main.TestCaseExecutor.processExecutionPhase(TestCaseExecutor.java:418)
	at com.kms.katalon.core.main.TestCaseExecutor.accessMainPhase(TestCaseExecutor.java:410)
	at com.kms.katalon.core.main.TestCaseExecutor.execute(TestCaseExecutor.java:285)
	at com.kms.katalon.core.common.CommonExecutor.accessTestCaseMainPhase(CommonExecutor.java:65)
	at com.kms.katalon.core.main.TestSuiteExecutor.accessTestSuiteMainPhase(TestSuiteExecutor.java:150)
	at com.kms.katalon.core.main.TestSuiteExecutor.execute(TestSuiteExecutor.java:106)
	at com.kms.katalon.core.main.TestCaseMain.startTestSuite(TestCaseMain.java:180)
	at TempTestSuite1733285972582.run(TempTestSuite1733285972582.groovy:35)
	at java.base/jdk.internal.reflect.NativeMethodAccessorImpl.invoke0(Native Method)
	at java.base/jdk.internal.reflect.NativeMethodAccessorImpl.invoke(NativeMethodAccessorImpl.java:77)
	at java.base/jdk.internal.reflect.DelegatingMethodAccessorImpl.invoke(DelegatingMethodAccessorImpl.java:43)
)

04-12-2024T07:32:13 - [TEST_STEP][PASSED] - result = WriteToExcel(typeOfData, todaysDate, PercPlanR, PercPlanB, PercFactR, PercFactB, x, tabR, tabB, o1R, o1B, vidget): null

04-12-2024T07:32:13 - [TEST_STEP][PASSED] - iii = dZO.indexOf("/"): null

04-12-2024T07:32:13 - [TEST_STEP][PASSED] - println(iii): null

04-12-2024T07:32:13 - [TEST_STEP][PASSED] - dZO = dZO.substring(0, iii): null

04-12-2024T07:32:13 - [TEST_STEP][PASSED] - println(dZO): null

04-12-2024T07:32:13 - [TEST_STEP][PASSED] - println(PercPlanR): null

04-12-2024T07:32:13 - [TEST_STEP][PASSED] - println(PercPlanB): null

04-12-2024T07:32:13 - [TEST_STEP][PASSED] - println(PercFactR): null

04-12-2024T07:32:13 - [TEST_STEP][PASSED] - println(PercFactB): null

04-12-2024T07:32:13 - [TEST_STEP][PASSED] - println(tabR): null

04-12-2024T07:32:13 - [TEST_STEP][PASSED] - println(tabB): null

04-12-2024T07:32:13 - [TEST_STEP][PASSED] - println(o1R): null

04-12-2024T07:32:13 - [TEST_STEP][PASSED] - println(o1B): null

04-12-2024T07:32:13 - [TEST_STEP][PASSED] - PR = <not implemented yet for class: org.codehaus.groovy.ast.expr.EmptyExpression>: null

04-12-2024T07:32:13 - [TEST_STEP][PASSED] - FR = <not implemented yet for class: org.codehaus.groovy.ast.expr.EmptyExpression>: null

04-12-2024T07:32:13 - [TEST_STEP][PASSED] - PB = <not implemented yet for class: org.codehaus.groovy.ast.expr.EmptyExpression>: null

04-12-2024T07:32:13 - [TEST_STEP][PASSED] - FB = <not implemented yet for class: org.codehaus.groovy.ast.expr.EmptyExpression>: null

04-12-2024T07:32:13 - [TEST_STEP][PASSED] - TR = <not implemented yet for class: org.codehaus.groovy.ast.expr.EmptyExpression>: null

04-12-2024T07:32:13 - [TEST_STEP][PASSED] - TB = <not implemented yet for class: org.codehaus.groovy.ast.expr.EmptyExpression>: null

04-12-2024T07:32:13 - [TEST_STEP][PASSED] - sheetName = "Sheet1": null

04-12-2024T07:32:13 - [TEST_STEP][PASSED] - data = findTestData("PlanFact"): null

04-12-2024T07:32:13 - [TEST_STEP][PASSED] - n = data.getRowNumbers() + 1: null

04-12-2024T07:32:13 - [TEST_STEP][PASSED] - year = todaysDate.substring(todaysDate.length() - 4, todaysDate.length()): null

04-12-2024T07:32:13 - [TEST_STEP][PASSED] - y = year.toInteger(): null

04-12-2024T07:32:13 - [TEST_STEP][PASSED] - m = getText(findTestObject("Выполнение бизнес-плана/Выполнение бизнес-плана Балансы/Фильтр Дата")): Text of object 'Object Repository/Выполнение бизнес-плана/Выполнение бизнес-плана Балансы/Фильтр Дата' is: '1, 2, 3 кв., Октябрь 2024 года'

04-12-2024T07:32:13 - [MESSAGE][PASSED] - Text of object 'Object Repository/Выполнение бизнес-плана/Выполнение бизнес-плана Балансы/Фильтр Дата' is: '1, 2, 3 кв., Октябрь 2024 года'

04-12-2024T07:32:13 - [TEST_STEP][PASSED] - m = m.substring(0, m.indexOf("2024")): null

04-12-2024T07:32:13 - [TEST_STEP][PASSED] - m = m.trim(): null

04-12-2024T07:32:13 - [TEST_STEP][PASSED] - dashboardName = "Выполнение бизнес-плана": null

04-12-2024T07:32:13 - [TEST_STEP][PASSED] - workbook01 = getWorkbook(excelFilePath): null

04-12-2024T07:32:13 - [TEST_STEP][PASSED] - sheet01 = getExcelSheet(workbook01, sheetName): null

04-12-2024T07:32:13 - [TEST_STEP][PASSED] - setValueToCellByIndex(sheet01, n, 0, dashboardName): null

04-12-2024T07:32:13 - [TEST_STEP][PASSED] - setValueToCellByIndex(sheet01, n, 1, dZO): null

04-12-2024T07:32:13 - [TEST_STEP][PASSED] - setValueToCellByIndex(sheet01, n, 2, typeOfData): null

04-12-2024T07:32:13 - [TEST_STEP][PASSED] - setValueToCellByIndex(sheet01, n, 3, typeOfData): null

04-12-2024T07:32:13 - [TEST_STEP][PASSED] - if (typeOfData == "План"): null

04-12-2024T07:32:13 - [TEST_STEP][PASSED] - else if (typeOfData == "Факт"): null

04-12-2024T07:32:13 - [TEST_STEP][PASSED] - else if (vidget.contains("электроэнергии") == true): null

04-12-2024T07:32:13 - [TEST_STEP][PASSED] - if (tabR == null): null

04-12-2024T07:32:13 - [TEST_STEP][PASSED] - else: null

04-12-2024T07:32:13 - [TEST_STEP][PASSED] - if (tabR == "нет данных"): null

04-12-2024T07:32:13 - [TEST_STEP][PASSED] - setValueToCellByIndex(sheet01, n, 4, "нет данных"): null

04-12-2024T07:32:13 - [TEST_STEP][PASSED] - if (tabB == null): null

04-12-2024T07:32:13 - [TEST_STEP][PASSED] - else: null

04-12-2024T07:32:13 - [TEST_STEP][PASSED] - if (tabB == "нет данных"): null

04-12-2024T07:32:13 - [TEST_STEP][PASSED] - else: null

04-12-2024T07:32:13 - [TEST_STEP][PASSED] - TB = tabB.toInteger(): null

04-12-2024T07:32:13 - [TEST_STEP][PASSED] - setValueToCellByIndex(sheet01, n, 5, TB): null

04-12-2024T07:32:13 - [TEST_STEP][PASSED] - setValueToCellByIndex(sheet01, n, 6, m): null

04-12-2024T07:32:13 - [TEST_STEP][PASSED] - setValueToCellByIndex(sheet01, n, 7, y): null

04-12-2024T07:32:13 - [TEST_STEP][PASSED] - setValueToCellByIndex(sheet01, n, 8, todaysDate): null

04-12-2024T07:32:13 - [TEST_STEP][PASSED] - n = n + 1: null

04-12-2024T07:32:13 - [TEST_STEP][PASSED] - saveWorkbook(excelFilePath, workbook01): null

04-12-2024T07:32:14 - [TEST_STEP][PASSED] - vidget = "Показатели баланса электроэнергии по ДЗО – План": null

04-12-2024T07:32:14 - [TEST_STEP][PASSED] - typeOfData = "План Отпуск в сеть": null

04-12-2024T07:32:14 - [TEST_STEP][PASSED] - tabR = GetOvSPlanR(x = a): null

04-12-2024T07:32:14 - [TEST_STEP][PASSED] - i1 = <not implemented yet for class: org.codehaus.groovy.ast.expr.EmptyExpression>: null

04-12-2024T07:32:14 - [TEST_STEP][PASSED] - ii = <not implemented yet for class: org.codehaus.groovy.ast.expr.EmptyExpression>: null

04-12-2024T07:32:14 - [TEST_STEP][PASSED] - for ([ii = 1, ii < 7, (ii++)]): null

04-12-2024T07:32:14 - [TEST_STEP][PASSED] - i1 = x.indexOf("/") + 1: null

04-12-2024T07:32:14 - [TEST_STEP][PASSED] - if (i1 > -1): null

04-12-2024T07:32:14 - [TEST_STEP][PASSED] - x = x.substring(i1, x.length()): null

04-12-2024T07:32:14 - [TEST_STEP][PASSED] - println(x): null

04-12-2024T07:32:14 - [TEST_STEP][PASSED] - i1 = x.indexOf("/") + 1: null

04-12-2024T07:32:14 - [TEST_STEP][PASSED] - if (i1 > -1): null

04-12-2024T07:32:14 - [TEST_STEP][PASSED] - x = x.substring(i1, x.length()): null

04-12-2024T07:32:14 - [TEST_STEP][PASSED] - println(x): null

04-12-2024T07:32:14 - [TEST_STEP][PASSED] - i1 = x.indexOf("/") + 1: null

04-12-2024T07:32:14 - [TEST_STEP][PASSED] - if (i1 > -1): null

04-12-2024T07:32:14 - [TEST_STEP][PASSED] - x = x.substring(i1, x.length()): null

04-12-2024T07:32:14 - [TEST_STEP][PASSED] - println(x): null

04-12-2024T07:32:14 - [TEST_STEP][PASSED] - i1 = x.indexOf("/") + 1: null

04-12-2024T07:32:14 - [TEST_STEP][PASSED] - if (i1 > -1): null

04-12-2024T07:32:14 - [TEST_STEP][PASSED] - x = x.substring(i1, x.length()): null

04-12-2024T07:32:14 - [TEST_STEP][PASSED] - println(x): null

04-12-2024T07:32:14 - [TEST_STEP][PASSED] - i1 = x.indexOf("/") + 1: null

04-12-2024T07:32:14 - [TEST_STEP][PASSED] - if (i1 > -1): null

04-12-2024T07:32:14 - [TEST_STEP][PASSED] - x = x.substring(i1, x.length()): null

04-12-2024T07:32:14 - [TEST_STEP][PASSED] - println(x): null

04-12-2024T07:32:14 - [TEST_STEP][PASSED] - i1 = x.indexOf("/") + 1: null

04-12-2024T07:32:14 - [TEST_STEP][PASSED] - if (i1 > -1): null

04-12-2024T07:32:14 - [TEST_STEP][PASSED] - x = x.substring(i1, x.length()): null

04-12-2024T07:32:14 - [TEST_STEP][PASSED] - println(x): null

04-12-2024T07:32:14 - [TEST_STEP][PASSED] - i1 = x.indexOf("/"): null

04-12-2024T07:32:14 - [TEST_STEP][PASSED] - if (i1 > -1): null

04-12-2024T07:32:14 - [TEST_STEP][PASSED] - x = x.substring(0, i1): null

04-12-2024T07:32:14 - [TEST_STEP][PASSED] - println(x): null

04-12-2024T07:32:14 - [TEST_STEP][PASSED] - return x: null

04-12-2024T07:32:14 - [TEST_STEP][PASSED] - tabB = GetOvSPlanB(x = b): null

04-12-2024T07:32:14 - [TEST_STEP][PASSED] - i1 = <not implemented yet for class: org.codehaus.groovy.ast.expr.EmptyExpression>: null

04-12-2024T07:32:14 - [TEST_STEP][PASSED] - ii = <not implemented yet for class: org.codehaus.groovy.ast.expr.EmptyExpression>: null

04-12-2024T07:32:14 - [TEST_STEP][PASSED] - for ([ii = 1, ii < 7, (ii++)]): null

04-12-2024T07:32:14 - [TEST_STEP][PASSED] - i1 = x.indexOf("/") + 1: null

04-12-2024T07:32:14 - [TEST_STEP][PASSED] - if (i1 > -1): null

04-12-2024T07:32:14 - [TEST_STEP][PASSED] - x = x.substring(i1, x.length()): null

04-12-2024T07:32:14 - [TEST_STEP][PASSED] - println(x): null

04-12-2024T07:32:14 - [TEST_STEP][PASSED] - i1 = x.indexOf("/") + 1: null

04-12-2024T07:32:14 - [TEST_STEP][PASSED] - if (i1 > -1): null

04-12-2024T07:32:14 - [TEST_STEP][PASSED] - x = x.substring(i1, x.length()): null

04-12-2024T07:32:14 - [TEST_STEP][PASSED] - println(x): null

04-12-2024T07:32:14 - [TEST_STEP][PASSED] - i1 = x.indexOf("/") + 1: null

04-12-2024T07:32:14 - [TEST_STEP][PASSED] - if (i1 > -1): null

04-12-2024T07:32:14 - [TEST_STEP][PASSED] - x = x.substring(i1, x.length()): null

04-12-2024T07:32:14 - [TEST_STEP][PASSED] - println(x): null

04-12-2024T07:32:14 - [TEST_STEP][PASSED] - i1 = x.indexOf("/") + 1: null

04-12-2024T07:32:14 - [TEST_STEP][PASSED] - if (i1 > -1): null

04-12-2024T07:32:14 - [TEST_STEP][PASSED] - x = x.substring(i1, x.length()): null

04-12-2024T07:32:14 - [TEST_STEP][PASSED] - println(x): null

04-12-2024T07:32:14 - [TEST_STEP][PASSED] - i1 = x.indexOf("/") + 1: null

04-12-2024T07:32:14 - [TEST_STEP][PASSED] - if (i1 > -1): null

04-12-2024T07:32:14 - [TEST_STEP][PASSED] - x = x.substring(i1, x.length()): null

04-12-2024T07:32:14 - [TEST_STEP][PASSED] - println(x): null

04-12-2024T07:32:14 - [TEST_STEP][PASSED] - i1 = x.indexOf("/") + 1: null

04-12-2024T07:32:14 - [TEST_STEP][PASSED] - if (i1 > -1): null

04-12-2024T07:32:14 - [TEST_STEP][PASSED] - x = x.substring(i1, x.length()): null

04-12-2024T07:32:14 - [TEST_STEP][PASSED] - println(x): null

04-12-2024T07:32:14 - [TEST_STEP][PASSED] - i1 = x.indexOf("/"): null

04-12-2024T07:32:14 - [TEST_STEP][PASSED] - if (i1 > -1): null

04-12-2024T07:32:14 - [TEST_STEP][PASSED] - x = x.substring(0, i1): null

04-12-2024T07:32:14 - [TEST_STEP][PASSED] - println(x): null

04-12-2024T07:32:14 - [TEST_STEP][FAILED] - return x: null

04-12-2024T07:32:14 - [TEST_STEP][PASSED] - println(tabR + "/" + tabB): null

04-12-2024T07:32:14 - [TEST_STEP][FAILED] - if (verifyEqual(PercFactR, PercFactB) == false): null

04-12-2024T07:32:14 - [MESSAGE][FAILED] - Unable to verify equal between actual object 'нет данных' and expected object '8.76' (Root cause: com.kms.katalon.core.exception.StepFailedException: Actual object 'нет данных' and expected object '8.76' are not equal
	at com.kms.katalon.core.keyword.builtin.VerifyEqualKeyword$_verifyEqual_closure1.doCall(VerifyEqualKeyword.groovy:58)
	at com.kms.katalon.core.keyword.builtin.VerifyEqualKeyword$_verifyEqual_closure1.call(VerifyEqualKeyword.groovy)
	at com.kms.katalon.core.keyword.internal.KeywordMain.runKeyword(KeywordMain.groovy:75)
	at com.kms.katalon.core.keyword.builtin.VerifyEqualKeyword.verifyEqual(VerifyEqualKeyword.groovy:63)
	at com.kms.katalon.core.keyword.builtin.VerifyEqualKeyword.execute(VerifyEqualKeyword.groovy:44)
	at com.kms.katalon.core.keyword.internal.KeywordExecutor.executeKeywordForPlatform(KeywordExecutor.groovy:74)
	at com.kms.katalon.core.keyword.BuiltinKeywords.verifyEqual(BuiltinKeywords.groovy:146)
	at jdk.internal.reflect.GeneratedMethodAccessor25.invoke(Unknown Source)
	at java.base/jdk.internal.reflect.DelegatingMethodAccessorImpl.invoke(DelegatingMethodAccessorImpl.java:43)
	at Выполнение бизнес-плана сверка дашбордов.CompareDZOData(Выполнение бизнес-плана сверка дашбордов:745)
	at Выполнение бизнес-плана сверка дашбордов.run(Выполнение бизнес-плана сверка дашбордов:663)
	at com.kms.katalon.core.main.ScriptEngine.run(ScriptEngine.java:194)
	at com.kms.katalon.core.main.ScriptEngine.runScriptAsRawText(ScriptEngine.java:119)
	at com.kms.katalon.core.main.TestCaseExecutor.runScript(TestCaseExecutor.java:448)
	at com.kms.katalon.core.main.TestCaseExecutor.doExecute(TestCaseExecutor.java:439)
	at com.kms.katalon.core.main.TestCaseExecutor.processExecutionPhase(TestCaseExecutor.java:418)
	at com.kms.katalon.core.main.TestCaseExecutor.accessMainPhase(TestCaseExecutor.java:410)
	at com.kms.katalon.core.main.TestCaseExecutor.execute(TestCaseExecutor.java:285)
	at com.kms.katalon.core.common.CommonExecutor.accessTestCaseMainPhase(CommonExecutor.java:65)
	at com.kms.katalon.core.main.TestSuiteExecutor.accessTestSuiteMainPhase(TestSuiteExecutor.java:150)
	at com.kms.katalon.core.main.TestSuiteExecutor.execute(TestSuiteExecutor.java:106)
	at com.kms.katalon.core.main.TestCaseMain.startTestSuite(TestCaseMain.java:180)
	at TempTestSuite1733285972582.run(TempTestSuite1733285972582.groovy:35)
	at java.base/jdk.internal.reflect.NativeMethodAccessorImpl.invoke0(Native Method)
	at java.base/jdk.internal.reflect.NativeMethodAccessorImpl.invoke(NativeMethodAccessorImpl.java:77)
	at java.base/jdk.internal.reflect.DelegatingMethodAccessorImpl.invoke(DelegatingMethodAccessorImpl.java:43)
)

04-12-2024T07:32:14 - [TEST_STEP][PASSED] - result = WriteToExcel(typeOfData, todaysDate, PercPlanR, PercPlanB, PercFactR, PercFactB, x, tabR, tabB, o1R, o1B, vidget): null

04-12-2024T07:32:14 - [TEST_STEP][PASSED] - iii = dZO.indexOf("/"): null

04-12-2024T07:32:14 - [TEST_STEP][PASSED] - println(iii): null

04-12-2024T07:32:14 - [TEST_STEP][PASSED] - dZO = dZO.substring(0, iii): null

04-12-2024T07:32:14 - [TEST_STEP][PASSED] - println(dZO): null

04-12-2024T07:32:14 - [TEST_STEP][PASSED] - println(PercPlanR): null

04-12-2024T07:32:14 - [TEST_STEP][PASSED] - println(PercPlanB): null

04-12-2024T07:32:14 - [TEST_STEP][PASSED] - println(PercFactR): null

04-12-2024T07:32:14 - [TEST_STEP][PASSED] - println(PercFactB): null

04-12-2024T07:32:14 - [TEST_STEP][PASSED] - println(tabR): null

04-12-2024T07:32:14 - [TEST_STEP][PASSED] - println(tabB): null

04-12-2024T07:32:14 - [TEST_STEP][PASSED] - println(o1R): null

04-12-2024T07:32:14 - [TEST_STEP][PASSED] - println(o1B): null

04-12-2024T07:32:14 - [TEST_STEP][PASSED] - PR = <not implemented yet for class: org.codehaus.groovy.ast.expr.EmptyExpression>: null

04-12-2024T07:32:14 - [TEST_STEP][PASSED] - FR = <not implemented yet for class: org.codehaus.groovy.ast.expr.EmptyExpression>: null

04-12-2024T07:32:14 - [TEST_STEP][PASSED] - PB = <not implemented yet for class: org.codehaus.groovy.ast.expr.EmptyExpression>: null

04-12-2024T07:32:14 - [TEST_STEP][PASSED] - FB = <not implemented yet for class: org.codehaus.groovy.ast.expr.EmptyExpression>: null

04-12-2024T07:32:14 - [TEST_STEP][PASSED] - TR = <not implemented yet for class: org.codehaus.groovy.ast.expr.EmptyExpression>: null

04-12-2024T07:32:14 - [TEST_STEP][PASSED] - TB = <not implemented yet for class: org.codehaus.groovy.ast.expr.EmptyExpression>: null

04-12-2024T07:32:14 - [TEST_STEP][PASSED] - sheetName = "Sheet1": null

04-12-2024T07:32:14 - [TEST_STEP][PASSED] - data = findTestData("PlanFact"): null

04-12-2024T07:32:14 - [TEST_STEP][PASSED] - n = data.getRowNumbers() + 1: null

04-12-2024T07:32:14 - [TEST_STEP][PASSED] - year = todaysDate.substring(todaysDate.length() - 4, todaysDate.length()): null

04-12-2024T07:32:14 - [TEST_STEP][PASSED] - y = year.toInteger(): null

04-12-2024T07:32:14 - [TEST_STEP][PASSED] - m = getText(findTestObject("Выполнение бизнес-плана/Выполнение бизнес-плана Балансы/Фильтр Дата")): Text of object 'Object Repository/Выполнение бизнес-плана/Выполнение бизнес-плана Балансы/Фильтр Дата' is: '1, 2, 3 кв., Октябрь 2024 года'

04-12-2024T07:32:14 - [MESSAGE][PASSED] - Text of object 'Object Repository/Выполнение бизнес-плана/Выполнение бизнес-плана Балансы/Фильтр Дата' is: '1, 2, 3 кв., Октябрь 2024 года'

04-12-2024T07:32:14 - [TEST_STEP][PASSED] - m = m.substring(0, m.indexOf("2024")): null

04-12-2024T07:32:14 - [TEST_STEP][PASSED] - m = m.trim(): null

04-12-2024T07:32:14 - [TEST_STEP][PASSED] - dashboardName = "Выполнение бизнес-плана": null

04-12-2024T07:32:14 - [TEST_STEP][PASSED] - workbook01 = getWorkbook(excelFilePath): null

04-12-2024T07:32:14 - [TEST_STEP][PASSED] - sheet01 = getExcelSheet(workbook01, sheetName): null

04-12-2024T07:32:14 - [TEST_STEP][PASSED] - setValueToCellByIndex(sheet01, n, 0, dashboardName): null

04-12-2024T07:32:14 - [TEST_STEP][PASSED] - setValueToCellByIndex(sheet01, n, 1, dZO): null

04-12-2024T07:32:14 - [TEST_STEP][PASSED] - setValueToCellByIndex(sheet01, n, 2, typeOfData): null

04-12-2024T07:32:14 - [TEST_STEP][PASSED] - setValueToCellByIndex(sheet01, n, 3, typeOfData): null

04-12-2024T07:32:14 - [TEST_STEP][PASSED] - if (typeOfData == "План"): null

04-12-2024T07:32:14 - [TEST_STEP][PASSED] - else if (typeOfData == "Факт"): null

04-12-2024T07:32:14 - [TEST_STEP][PASSED] - else if (vidget.contains("электроэнергии") == true): null

04-12-2024T07:32:14 - [TEST_STEP][PASSED] - if (tabR == null): null

04-12-2024T07:32:14 - [TEST_STEP][PASSED] - else: null

04-12-2024T07:32:14 - [TEST_STEP][PASSED] - if (tabR == "нет данных"): null

04-12-2024T07:32:14 - [TEST_STEP][PASSED] - setValueToCellByIndex(sheet01, n, 4, "нет данных"): null

04-12-2024T07:32:14 - [TEST_STEP][PASSED] - if (tabB == null): null

04-12-2024T07:32:14 - [TEST_STEP][PASSED] - else: null

04-12-2024T07:32:14 - [TEST_STEP][PASSED] - if (tabB == "нет данных"): null

04-12-2024T07:32:14 - [TEST_STEP][PASSED] - else: null

04-12-2024T07:32:14 - [TEST_STEP][PASSED] - TB = tabB.toInteger(): null

04-12-2024T07:32:14 - [TEST_STEP][PASSED] - setValueToCellByIndex(sheet01, n, 5, TB): null

04-12-2024T07:32:14 - [TEST_STEP][PASSED] - setValueToCellByIndex(sheet01, n, 6, m): null

04-12-2024T07:32:14 - [TEST_STEP][PASSED] - setValueToCellByIndex(sheet01, n, 7, y): null

04-12-2024T07:32:14 - [TEST_STEP][PASSED] - setValueToCellByIndex(sheet01, n, 8, todaysDate): null

04-12-2024T07:32:14 - [TEST_STEP][PASSED] - n = n + 1: null

04-12-2024T07:32:14 - [TEST_STEP][PASSED] - saveWorkbook(excelFilePath, workbook01): null

04-12-2024T07:32:14 - [TEST_STEP][PASSED] - typeOfData = "План Отпуск из сети": null

04-12-2024T07:32:14 - [TEST_STEP][PASSED] - tabR = GetOiSPlanR(x = a): null

04-12-2024T07:32:14 - [TEST_STEP][PASSED] - i1 = <not implemented yet for class: org.codehaus.groovy.ast.expr.EmptyExpression>: null

04-12-2024T07:32:14 - [TEST_STEP][PASSED] - ii = <not implemented yet for class: org.codehaus.groovy.ast.expr.EmptyExpression>: null

04-12-2024T07:32:14 - [TEST_STEP][PASSED] - for ([ii = 1, ii < 8, (ii++)]): null

04-12-2024T07:32:14 - [TEST_STEP][PASSED] - i1 = x.indexOf("/") + 1: null

04-12-2024T07:32:14 - [TEST_STEP][PASSED] - if (i1 > -1): null

04-12-2024T07:32:14 - [TEST_STEP][PASSED] - x = x.substring(i1, x.length()): null

04-12-2024T07:32:14 - [TEST_STEP][PASSED] - println(x): null

04-12-2024T07:32:14 - [TEST_STEP][PASSED] - i1 = x.indexOf("/") + 1: null

04-12-2024T07:32:14 - [TEST_STEP][PASSED] - if (i1 > -1): null

04-12-2024T07:32:14 - [TEST_STEP][PASSED] - x = x.substring(i1, x.length()): null

04-12-2024T07:32:14 - [TEST_STEP][PASSED] - println(x): null

04-12-2024T07:32:14 - [TEST_STEP][PASSED] - i1 = x.indexOf("/") + 1: null

04-12-2024T07:32:14 - [TEST_STEP][PASSED] - if (i1 > -1): null

04-12-2024T07:32:14 - [TEST_STEP][PASSED] - x = x.substring(i1, x.length()): null

04-12-2024T07:32:14 - [TEST_STEP][PASSED] - println(x): null

04-12-2024T07:32:14 - [TEST_STEP][PASSED] - i1 = x.indexOf("/") + 1: null

04-12-2024T07:32:14 - [TEST_STEP][PASSED] - if (i1 > -1): null

04-12-2024T07:32:14 - [TEST_STEP][PASSED] - x = x.substring(i1, x.length()): null

04-12-2024T07:32:14 - [TEST_STEP][PASSED] - println(x): null

04-12-2024T07:32:14 - [TEST_STEP][PASSED] - i1 = x.indexOf("/") + 1: null

04-12-2024T07:32:14 - [TEST_STEP][PASSED] - if (i1 > -1): null

04-12-2024T07:32:14 - [TEST_STEP][PASSED] - x = x.substring(i1, x.length()): null

04-12-2024T07:32:14 - [TEST_STEP][PASSED] - println(x): null

04-12-2024T07:32:14 - [TEST_STEP][PASSED] - i1 = x.indexOf("/") + 1: null

04-12-2024T07:32:14 - [TEST_STEP][PASSED] - if (i1 > -1): null

04-12-2024T07:32:14 - [TEST_STEP][PASSED] - x = x.substring(i1, x.length()): null

04-12-2024T07:32:14 - [TEST_STEP][PASSED] - println(x): null

04-12-2024T07:32:14 - [TEST_STEP][PASSED] - i1 = x.indexOf("/") + 1: null

04-12-2024T07:32:14 - [TEST_STEP][PASSED] - if (i1 > -1): null

04-12-2024T07:32:14 - [TEST_STEP][PASSED] - x = x.substring(i1, x.length()): null

04-12-2024T07:32:14 - [TEST_STEP][PASSED] - println(x): null

04-12-2024T07:32:14 - [TEST_STEP][PASSED] - i1 = x.indexOf("/"): null

04-12-2024T07:32:14 - [TEST_STEP][PASSED] - if (i1 > -1): null

04-12-2024T07:32:14 - [TEST_STEP][PASSED] - x = x.substring(0, i1): null

04-12-2024T07:32:14 - [TEST_STEP][PASSED] - println(x): null

04-12-2024T07:32:14 - [TEST_STEP][PASSED] - return x: null

04-12-2024T07:32:14 - [TEST_STEP][PASSED] - tabB = GetOiSPlanB(x = b): null

04-12-2024T07:32:14 - [TEST_STEP][PASSED] - i1 = <not implemented yet for class: org.codehaus.groovy.ast.expr.EmptyExpression>: null

04-12-2024T07:32:14 - [TEST_STEP][PASSED] - ii = <not implemented yet for class: org.codehaus.groovy.ast.expr.EmptyExpression>: null

04-12-2024T07:32:14 - [TEST_STEP][PASSED] - for ([ii = 1, ii < 8, (ii++)]): null

04-12-2024T07:32:14 - [TEST_STEP][PASSED] - i1 = x.indexOf("/") + 1: null

04-12-2024T07:32:14 - [TEST_STEP][PASSED] - if (i1 > -1): null

04-12-2024T07:32:14 - [TEST_STEP][PASSED] - x = x.substring(i1, x.length()): null

04-12-2024T07:32:14 - [TEST_STEP][PASSED] - println(x): null

04-12-2024T07:32:14 - [TEST_STEP][PASSED] - i1 = x.indexOf("/") + 1: null

04-12-2024T07:32:14 - [TEST_STEP][PASSED] - if (i1 > -1): null

04-12-2024T07:32:14 - [TEST_STEP][PASSED] - x = x.substring(i1, x.length()): null

04-12-2024T07:32:14 - [TEST_STEP][PASSED] - println(x): null

04-12-2024T07:32:14 - [TEST_STEP][PASSED] - i1 = x.indexOf("/") + 1: null

04-12-2024T07:32:14 - [TEST_STEP][PASSED] - if (i1 > -1): null

04-12-2024T07:32:14 - [TEST_STEP][PASSED] - x = x.substring(i1, x.length()): null

04-12-2024T07:32:14 - [TEST_STEP][PASSED] - println(x): null

04-12-2024T07:32:14 - [TEST_STEP][PASSED] - i1 = x.indexOf("/") + 1: null

04-12-2024T07:32:14 - [TEST_STEP][PASSED] - if (i1 > -1): null

04-12-2024T07:32:14 - [TEST_STEP][PASSED] - x = x.substring(i1, x.length()): null

04-12-2024T07:32:14 - [TEST_STEP][PASSED] - println(x): null

04-12-2024T07:32:14 - [TEST_STEP][PASSED] - i1 = x.indexOf("/") + 1: null

04-12-2024T07:32:14 - [TEST_STEP][PASSED] - if (i1 > -1): null

04-12-2024T07:32:14 - [TEST_STEP][PASSED] - x = x.substring(i1, x.length()): null

04-12-2024T07:32:14 - [TEST_STEP][PASSED] - println(x): null

04-12-2024T07:32:14 - [TEST_STEP][PASSED] - i1 = x.indexOf("/") + 1: null

04-12-2024T07:32:14 - [TEST_STEP][PASSED] - if (i1 > -1): null

04-12-2024T07:32:14 - [TEST_STEP][PASSED] - x = x.substring(i1, x.length()): null

04-12-2024T07:32:14 - [TEST_STEP][PASSED] - println(x): null

04-12-2024T07:32:14 - [TEST_STEP][PASSED] - i1 = x.indexOf("/") + 1: null

04-12-2024T07:32:14 - [TEST_STEP][PASSED] - if (i1 > -1): null

04-12-2024T07:32:14 - [TEST_STEP][PASSED] - x = x.substring(i1, x.length()): null

04-12-2024T07:32:14 - [TEST_STEP][PASSED] - println(x): null

04-12-2024T07:32:14 - [TEST_STEP][PASSED] - i1 = x.indexOf("/"): null

04-12-2024T07:32:14 - [TEST_STEP][PASSED] - if (i1 > -1): null

04-12-2024T07:32:14 - [TEST_STEP][PASSED] - x = x.substring(0, i1): null

04-12-2024T07:32:14 - [TEST_STEP][PASSED] - println(x): null

04-12-2024T07:32:14 - [TEST_STEP][FAILED] - return x: null

04-12-2024T07:32:14 - [TEST_STEP][PASSED] - println(tabR + "/" + tabB): null

04-12-2024T07:32:14 - [TEST_STEP][FAILED] - if (verifyEqual(PercFactR, PercFactB) == false): null

04-12-2024T07:32:14 - [MESSAGE][FAILED] - Unable to verify equal between actual object 'нет данных' and expected object '8.76' (Root cause: com.kms.katalon.core.exception.StepFailedException: Actual object 'нет данных' and expected object '8.76' are not equal
	at com.kms.katalon.core.keyword.builtin.VerifyEqualKeyword$_verifyEqual_closure1.doCall(VerifyEqualKeyword.groovy:58)
	at com.kms.katalon.core.keyword.builtin.VerifyEqualKeyword$_verifyEqual_closure1.call(VerifyEqualKeyword.groovy)
	at com.kms.katalon.core.keyword.internal.KeywordMain.runKeyword(KeywordMain.groovy:75)
	at com.kms.katalon.core.keyword.builtin.VerifyEqualKeyword.verifyEqual(VerifyEqualKeyword.groovy:63)
	at com.kms.katalon.core.keyword.builtin.VerifyEqualKeyword.execute(VerifyEqualKeyword.groovy:44)
	at com.kms.katalon.core.keyword.internal.KeywordExecutor.executeKeywordForPlatform(KeywordExecutor.groovy:74)
	at com.kms.katalon.core.keyword.BuiltinKeywords.verifyEqual(BuiltinKeywords.groovy:146)
	at jdk.internal.reflect.GeneratedMethodAccessor25.invoke(Unknown Source)
	at java.base/jdk.internal.reflect.DelegatingMethodAccessorImpl.invoke(DelegatingMethodAccessorImpl.java:43)
	at Выполнение бизнес-плана сверка дашбордов.CompareDZOData(Выполнение бизнес-плана сверка дашбордов:758)
	at Выполнение бизнес-плана сверка дашбордов.run(Выполнение бизнес-плана сверка дашбордов:663)
	at com.kms.katalon.core.main.ScriptEngine.run(ScriptEngine.java:194)
	at com.kms.katalon.core.main.ScriptEngine.runScriptAsRawText(ScriptEngine.java:119)
	at com.kms.katalon.core.main.TestCaseExecutor.runScript(TestCaseExecutor.java:448)
	at com.kms.katalon.core.main.TestCaseExecutor.doExecute(TestCaseExecutor.java:439)
	at com.kms.katalon.core.main.TestCaseExecutor.processExecutionPhase(TestCaseExecutor.java:418)
	at com.kms.katalon.core.main.TestCaseExecutor.accessMainPhase(TestCaseExecutor.java:410)
	at com.kms.katalon.core.main.TestCaseExecutor.execute(TestCaseExecutor.java:285)
	at com.kms.katalon.core.common.CommonExecutor.accessTestCaseMainPhase(CommonExecutor.java:65)
	at com.kms.katalon.core.main.TestSuiteExecutor.accessTestSuiteMainPhase(TestSuiteExecutor.java:150)
	at com.kms.katalon.core.main.TestSuiteExecutor.execute(TestSuiteExecutor.java:106)
	at com.kms.katalon.core.main.TestCaseMain.startTestSuite(TestCaseMain.java:180)
	at TempTestSuite1733285972582.run(TempTestSuite1733285972582.groovy:35)
	at java.base/jdk.internal.reflect.NativeMethodAccessorImpl.invoke0(Native Method)
	at java.base/jdk.internal.reflect.NativeMethodAccessorImpl.invoke(NativeMethodAccessorImpl.java:77)
	at java.base/jdk.internal.reflect.DelegatingMethodAccessorImpl.invoke(DelegatingMethodAccessorImpl.java:43)
)

04-12-2024T07:32:14 - [TEST_STEP][PASSED] - result = WriteToExcel(typeOfData, todaysDate, PercPlanR, PercPlanB, PercFactR, PercFactB, x, tabR, tabB, o1R, o1B, vidget): null

04-12-2024T07:32:14 - [TEST_STEP][PASSED] - iii = dZO.indexOf("/"): null

04-12-2024T07:32:14 - [TEST_STEP][PASSED] - println(iii): null

04-12-2024T07:32:14 - [TEST_STEP][PASSED] - dZO = dZO.substring(0, iii): null

04-12-2024T07:32:14 - [TEST_STEP][PASSED] - println(dZO): null

04-12-2024T07:32:14 - [TEST_STEP][PASSED] - println(PercPlanR): null

04-12-2024T07:32:14 - [TEST_STEP][PASSED] - println(PercPlanB): null

04-12-2024T07:32:14 - [TEST_STEP][PASSED] - println(PercFactR): null

04-12-2024T07:32:14 - [TEST_STEP][PASSED] - println(PercFactB): null

04-12-2024T07:32:14 - [TEST_STEP][PASSED] - println(tabR): null

04-12-2024T07:32:14 - [TEST_STEP][PASSED] - println(tabB): null

04-12-2024T07:32:14 - [TEST_STEP][PASSED] - println(o1R): null

04-12-2024T07:32:14 - [TEST_STEP][PASSED] - println(o1B): null

04-12-2024T07:32:14 - [TEST_STEP][PASSED] - PR = <not implemented yet for class: org.codehaus.groovy.ast.expr.EmptyExpression>: null

04-12-2024T07:32:14 - [TEST_STEP][PASSED] - FR = <not implemented yet for class: org.codehaus.groovy.ast.expr.EmptyExpression>: null

04-12-2024T07:32:14 - [TEST_STEP][PASSED] - PB = <not implemented yet for class: org.codehaus.groovy.ast.expr.EmptyExpression>: null

04-12-2024T07:32:14 - [TEST_STEP][PASSED] - FB = <not implemented yet for class: org.codehaus.groovy.ast.expr.EmptyExpression>: null

04-12-2024T07:32:14 - [TEST_STEP][PASSED] - TR = <not implemented yet for class: org.codehaus.groovy.ast.expr.EmptyExpression>: null

04-12-2024T07:32:14 - [TEST_STEP][PASSED] - TB = <not implemented yet for class: org.codehaus.groovy.ast.expr.EmptyExpression>: null

04-12-2024T07:32:14 - [TEST_STEP][PASSED] - sheetName = "Sheet1": null

04-12-2024T07:32:14 - [TEST_STEP][PASSED] - data = findTestData("PlanFact"): null

04-12-2024T07:32:14 - [TEST_STEP][PASSED] - n = data.getRowNumbers() + 1: null

04-12-2024T07:32:14 - [TEST_STEP][PASSED] - year = todaysDate.substring(todaysDate.length() - 4, todaysDate.length()): null

04-12-2024T07:32:14 - [TEST_STEP][PASSED] - y = year.toInteger(): null

04-12-2024T07:32:14 - [TEST_STEP][PASSED] - m = getText(findTestObject("Выполнение бизнес-плана/Выполнение бизнес-плана Балансы/Фильтр Дата")): Text of object 'Object Repository/Выполнение бизнес-плана/Выполнение бизнес-плана Балансы/Фильтр Дата' is: '1, 2, 3 кв., Октябрь 2024 года'

04-12-2024T07:32:15 - [MESSAGE][PASSED] - Text of object 'Object Repository/Выполнение бизнес-плана/Выполнение бизнес-плана Балансы/Фильтр Дата' is: '1, 2, 3 кв., Октябрь 2024 года'

04-12-2024T07:32:15 - [TEST_STEP][PASSED] - m = m.substring(0, m.indexOf("2024")): null

04-12-2024T07:32:15 - [TEST_STEP][PASSED] - m = m.trim(): null

04-12-2024T07:32:15 - [TEST_STEP][PASSED] - dashboardName = "Выполнение бизнес-плана": null

04-12-2024T07:32:15 - [TEST_STEP][PASSED] - workbook01 = getWorkbook(excelFilePath): null

04-12-2024T07:32:15 - [TEST_STEP][PASSED] - sheet01 = getExcelSheet(workbook01, sheetName): null

04-12-2024T07:32:15 - [TEST_STEP][PASSED] - setValueToCellByIndex(sheet01, n, 0, dashboardName): null

04-12-2024T07:32:15 - [TEST_STEP][PASSED] - setValueToCellByIndex(sheet01, n, 1, dZO): null

04-12-2024T07:32:15 - [TEST_STEP][PASSED] - setValueToCellByIndex(sheet01, n, 2, typeOfData): null

04-12-2024T07:32:15 - [TEST_STEP][PASSED] - setValueToCellByIndex(sheet01, n, 3, typeOfData): null

04-12-2024T07:32:15 - [TEST_STEP][PASSED] - if (typeOfData == "План"): null

04-12-2024T07:32:15 - [TEST_STEP][PASSED] - else if (typeOfData == "Факт"): null

04-12-2024T07:32:15 - [TEST_STEP][PASSED] - else if (vidget.contains("электроэнергии") == true): null

04-12-2024T07:32:15 - [TEST_STEP][PASSED] - if (tabR == null): null

04-12-2024T07:32:15 - [TEST_STEP][PASSED] - else: null

04-12-2024T07:32:15 - [TEST_STEP][PASSED] - if (tabR == "нет данных"): null

04-12-2024T07:32:15 - [TEST_STEP][PASSED] - setValueToCellByIndex(sheet01, n, 4, "нет данных"): null

04-12-2024T07:32:15 - [TEST_STEP][PASSED] - if (tabB == null): null

04-12-2024T07:32:15 - [TEST_STEP][PASSED] - else: null

04-12-2024T07:32:15 - [TEST_STEP][PASSED] - if (tabB == "нет данных"): null

04-12-2024T07:32:15 - [TEST_STEP][PASSED] - else: null

04-12-2024T07:32:15 - [TEST_STEP][PASSED] - TB = tabB.toInteger(): null

04-12-2024T07:32:15 - [TEST_STEP][PASSED] - setValueToCellByIndex(sheet01, n, 5, TB): null

04-12-2024T07:32:15 - [TEST_STEP][PASSED] - setValueToCellByIndex(sheet01, n, 6, m): null

04-12-2024T07:32:15 - [TEST_STEP][PASSED] - setValueToCellByIndex(sheet01, n, 7, y): null

04-12-2024T07:32:15 - [TEST_STEP][PASSED] - setValueToCellByIndex(sheet01, n, 8, todaysDate): null

04-12-2024T07:32:15 - [TEST_STEP][PASSED] - n = n + 1: null

04-12-2024T07:32:15 - [TEST_STEP][PASSED] - saveWorkbook(excelFilePath, workbook01): null

04-12-2024T07:32:15 - [TEST_STEP][PASSED] - typeOfData = "План Потери": null

04-12-2024T07:32:15 - [TEST_STEP][PASSED] - tabR = GetPPlanR(x = a): null

04-12-2024T07:32:15 - [TEST_STEP][PASSED] - i1 = <not implemented yet for class: org.codehaus.groovy.ast.expr.EmptyExpression>: null

04-12-2024T07:32:15 - [TEST_STEP][PASSED] - ii = <not implemented yet for class: org.codehaus.groovy.ast.expr.EmptyExpression>: null

04-12-2024T07:32:15 - [TEST_STEP][PASSED] - for ([ii = 1, ii < 9, (ii++)]): null

04-12-2024T07:32:15 - [TEST_STEP][PASSED] - i1 = x.indexOf("/") + 1: null

04-12-2024T07:32:15 - [TEST_STEP][PASSED] - if (i1 > -1): null

04-12-2024T07:32:15 - [TEST_STEP][PASSED] - x = x.substring(i1, x.length()): null

04-12-2024T07:32:15 - [TEST_STEP][PASSED] - println(x): null

04-12-2024T07:32:15 - [TEST_STEP][PASSED] - i1 = x.indexOf("/") + 1: null

04-12-2024T07:32:15 - [TEST_STEP][PASSED] - if (i1 > -1): null

04-12-2024T07:32:15 - [TEST_STEP][PASSED] - x = x.substring(i1, x.length()): null

04-12-2024T07:32:15 - [TEST_STEP][PASSED] - println(x): null

04-12-2024T07:32:15 - [TEST_STEP][PASSED] - i1 = x.indexOf("/") + 1: null

04-12-2024T07:32:15 - [TEST_STEP][PASSED] - if (i1 > -1): null

04-12-2024T07:32:15 - [TEST_STEP][PASSED] - x = x.substring(i1, x.length()): null

04-12-2024T07:32:15 - [TEST_STEP][PASSED] - println(x): null

04-12-2024T07:32:15 - [TEST_STEP][PASSED] - i1 = x.indexOf("/") + 1: null

04-12-2024T07:32:15 - [TEST_STEP][PASSED] - if (i1 > -1): null

04-12-2024T07:32:15 - [TEST_STEP][PASSED] - x = x.substring(i1, x.length()): null

04-12-2024T07:32:15 - [TEST_STEP][PASSED] - println(x): null

04-12-2024T07:32:15 - [TEST_STEP][PASSED] - i1 = x.indexOf("/") + 1: null

04-12-2024T07:32:15 - [TEST_STEP][PASSED] - if (i1 > -1): null

04-12-2024T07:32:15 - [TEST_STEP][PASSED] - x = x.substring(i1, x.length()): null

04-12-2024T07:32:15 - [TEST_STEP][PASSED] - println(x): null

04-12-2024T07:32:15 - [TEST_STEP][PASSED] - i1 = x.indexOf("/") + 1: null

04-12-2024T07:32:15 - [TEST_STEP][PASSED] - if (i1 > -1): null

04-12-2024T07:32:15 - [TEST_STEP][PASSED] - x = x.substring(i1, x.length()): null

04-12-2024T07:32:15 - [TEST_STEP][PASSED] - println(x): null

04-12-2024T07:32:15 - [TEST_STEP][PASSED] - i1 = x.indexOf("/") + 1: null

04-12-2024T07:32:15 - [TEST_STEP][PASSED] - if (i1 > -1): null

04-12-2024T07:32:15 - [TEST_STEP][PASSED] - x = x.substring(i1, x.length()): null

04-12-2024T07:32:15 - [TEST_STEP][PASSED] - println(x): null

04-12-2024T07:32:15 - [TEST_STEP][PASSED] - i1 = x.indexOf("/") + 1: null

04-12-2024T07:32:15 - [TEST_STEP][PASSED] - if (i1 > -1): null

04-12-2024T07:32:15 - [TEST_STEP][PASSED] - x = x.substring(i1, x.length()): null

04-12-2024T07:32:15 - [TEST_STEP][PASSED] - println(x): null

04-12-2024T07:32:15 - [TEST_STEP][PASSED] - i1 = x.indexOf("/"): null

04-12-2024T07:32:15 - [TEST_STEP][PASSED] - if (i1 > -1): null

04-12-2024T07:32:15 - [TEST_STEP][PASSED] - x = x.substring(0, i1): null

04-12-2024T07:32:15 - [TEST_STEP][PASSED] - println(x): null

04-12-2024T07:32:15 - [TEST_STEP][PASSED] - return x: null

04-12-2024T07:32:15 - [TEST_STEP][PASSED] - tabB = GetPPlanB(x = b): null

04-12-2024T07:32:15 - [TEST_STEP][PASSED] - i1 = <not implemented yet for class: org.codehaus.groovy.ast.expr.EmptyExpression>: null

04-12-2024T07:32:15 - [TEST_STEP][PASSED] - ii = <not implemented yet for class: org.codehaus.groovy.ast.expr.EmptyExpression>: null

04-12-2024T07:32:15 - [TEST_STEP][PASSED] - for ([ii = 1, ii < 9, (ii++)]): null

04-12-2024T07:32:15 - [TEST_STEP][PASSED] - i1 = x.indexOf("/") + 1: null

04-12-2024T07:32:15 - [TEST_STEP][PASSED] - if (i1 > -1): null

04-12-2024T07:32:15 - [TEST_STEP][PASSED] - x = x.substring(i1, x.length()): null

04-12-2024T07:32:15 - [TEST_STEP][PASSED] - println(x): null

04-12-2024T07:32:15 - [TEST_STEP][PASSED] - i1 = x.indexOf("/") + 1: null

04-12-2024T07:32:15 - [TEST_STEP][PASSED] - if (i1 > -1): null

04-12-2024T07:32:15 - [TEST_STEP][PASSED] - x = x.substring(i1, x.length()): null

04-12-2024T07:32:15 - [TEST_STEP][PASSED] - println(x): null

04-12-2024T07:32:15 - [TEST_STEP][PASSED] - i1 = x.indexOf("/") + 1: null

04-12-2024T07:32:15 - [TEST_STEP][PASSED] - if (i1 > -1): null

04-12-2024T07:32:15 - [TEST_STEP][PASSED] - x = x.substring(i1, x.length()): null

04-12-2024T07:32:15 - [TEST_STEP][PASSED] - println(x): null

04-12-2024T07:32:15 - [TEST_STEP][PASSED] - i1 = x.indexOf("/") + 1: null

04-12-2024T07:32:15 - [TEST_STEP][PASSED] - if (i1 > -1): null

04-12-2024T07:32:15 - [TEST_STEP][PASSED] - x = x.substring(i1, x.length()): null

04-12-2024T07:32:15 - [TEST_STEP][PASSED] - println(x): null

04-12-2024T07:32:15 - [TEST_STEP][PASSED] - i1 = x.indexOf("/") + 1: null

04-12-2024T07:32:15 - [TEST_STEP][PASSED] - if (i1 > -1): null

04-12-2024T07:32:15 - [TEST_STEP][PASSED] - x = x.substring(i1, x.length()): null

04-12-2024T07:32:15 - [TEST_STEP][PASSED] - println(x): null

04-12-2024T07:32:15 - [TEST_STEP][PASSED] - i1 = x.indexOf("/") + 1: null

04-12-2024T07:32:15 - [TEST_STEP][PASSED] - if (i1 > -1): null

04-12-2024T07:32:15 - [TEST_STEP][PASSED] - x = x.substring(i1, x.length()): null

04-12-2024T07:32:15 - [TEST_STEP][PASSED] - println(x): null

04-12-2024T07:32:15 - [TEST_STEP][PASSED] - i1 = x.indexOf("/") + 1: null

04-12-2024T07:32:15 - [TEST_STEP][PASSED] - if (i1 > -1): null

04-12-2024T07:32:15 - [TEST_STEP][PASSED] - x = x.substring(i1, x.length()): null

04-12-2024T07:32:15 - [TEST_STEP][PASSED] - println(x): null

04-12-2024T07:32:15 - [TEST_STEP][PASSED] - i1 = x.indexOf("/") + 1: null

04-12-2024T07:32:15 - [TEST_STEP][PASSED] - if (i1 > -1): null

04-12-2024T07:32:15 - [TEST_STEP][PASSED] - x = x.substring(i1, x.length()): null

04-12-2024T07:32:15 - [TEST_STEP][PASSED] - println(x): null

04-12-2024T07:32:15 - [TEST_STEP][PASSED] - i1 = x.indexOf("/"): null

04-12-2024T07:32:15 - [TEST_STEP][PASSED] - if (i1 > -1): null

04-12-2024T07:32:15 - [TEST_STEP][PASSED] - x = x.substring(0, i1): null

04-12-2024T07:32:15 - [TEST_STEP][PASSED] - println(x): null

04-12-2024T07:32:15 - [TEST_STEP][FAILED] - return x: null

04-12-2024T07:32:15 - [TEST_STEP][PASSED] - println(tabR + "/" + tabB): null

04-12-2024T07:32:15 - [TEST_STEP][FAILED] - if (verifyEqual(PercFactR, PercFactB) == false): null

04-12-2024T07:32:15 - [MESSAGE][FAILED] - Unable to verify equal between actual object 'нет данных' and expected object '8.76' (Root cause: com.kms.katalon.core.exception.StepFailedException: Actual object 'нет данных' and expected object '8.76' are not equal
	at com.kms.katalon.core.keyword.builtin.VerifyEqualKeyword$_verifyEqual_closure1.doCall(VerifyEqualKeyword.groovy:58)
	at com.kms.katalon.core.keyword.builtin.VerifyEqualKeyword$_verifyEqual_closure1.call(VerifyEqualKeyword.groovy)
	at com.kms.katalon.core.keyword.internal.KeywordMain.runKeyword(KeywordMain.groovy:75)
	at com.kms.katalon.core.keyword.builtin.VerifyEqualKeyword.verifyEqual(VerifyEqualKeyword.groovy:63)
	at com.kms.katalon.core.keyword.builtin.VerifyEqualKeyword.execute(VerifyEqualKeyword.groovy:44)
	at com.kms.katalon.core.keyword.internal.KeywordExecutor.executeKeywordForPlatform(KeywordExecutor.groovy:74)
	at com.kms.katalon.core.keyword.BuiltinKeywords.verifyEqual(BuiltinKeywords.groovy:146)
	at jdk.internal.reflect.GeneratedMethodAccessor25.invoke(Unknown Source)
	at java.base/jdk.internal.reflect.DelegatingMethodAccessorImpl.invoke(DelegatingMethodAccessorImpl.java:43)
	at Выполнение бизнес-плана сверка дашбордов.CompareDZOData(Выполнение бизнес-плана сверка дашбордов:771)
	at Выполнение бизнес-плана сверка дашбордов.run(Выполнение бизнес-плана сверка дашбордов:663)
	at com.kms.katalon.core.main.ScriptEngine.run(ScriptEngine.java:194)
	at com.kms.katalon.core.main.ScriptEngine.runScriptAsRawText(ScriptEngine.java:119)
	at com.kms.katalon.core.main.TestCaseExecutor.runScript(TestCaseExecutor.java:448)
	at com.kms.katalon.core.main.TestCaseExecutor.doExecute(TestCaseExecutor.java:439)
	at com.kms.katalon.core.main.TestCaseExecutor.processExecutionPhase(TestCaseExecutor.java:418)
	at com.kms.katalon.core.main.TestCaseExecutor.accessMainPhase(TestCaseExecutor.java:410)
	at com.kms.katalon.core.main.TestCaseExecutor.execute(TestCaseExecutor.java:285)
	at com.kms.katalon.core.common.CommonExecutor.accessTestCaseMainPhase(CommonExecutor.java:65)
	at com.kms.katalon.core.main.TestSuiteExecutor.accessTestSuiteMainPhase(TestSuiteExecutor.java:150)
	at com.kms.katalon.core.main.TestSuiteExecutor.execute(TestSuiteExecutor.java:106)
	at com.kms.katalon.core.main.TestCaseMain.startTestSuite(TestCaseMain.java:180)
	at TempTestSuite1733285972582.run(TempTestSuite1733285972582.groovy:35)
	at java.base/jdk.internal.reflect.NativeMethodAccessorImpl.invoke0(Native Method)
	at java.base/jdk.internal.reflect.NativeMethodAccessorImpl.invoke(NativeMethodAccessorImpl.java:77)
	at java.base/jdk.internal.reflect.DelegatingMethodAccessorImpl.invoke(DelegatingMethodAccessorImpl.java:43)
)

04-12-2024T07:32:15 - [TEST_STEP][PASSED] - result = WriteToExcel(typeOfData, todaysDate, PercPlanR, PercPlanB, PercFactR, PercFactB, x, tabR, tabB, o1R, o1B, vidget): null

04-12-2024T07:32:15 - [TEST_STEP][PASSED] - iii = dZO.indexOf("/"): null

04-12-2024T07:32:15 - [TEST_STEP][PASSED] - println(iii): null

04-12-2024T07:32:15 - [TEST_STEP][PASSED] - dZO = dZO.substring(0, iii): null

04-12-2024T07:32:15 - [TEST_STEP][PASSED] - println(dZO): null

04-12-2024T07:32:15 - [TEST_STEP][PASSED] - println(PercPlanR): null

04-12-2024T07:32:15 - [TEST_STEP][PASSED] - println(PercPlanB): null

04-12-2024T07:32:15 - [TEST_STEP][PASSED] - println(PercFactR): null

04-12-2024T07:32:15 - [TEST_STEP][PASSED] - println(PercFactB): null

04-12-2024T07:32:15 - [TEST_STEP][PASSED] - println(tabR): null

04-12-2024T07:32:15 - [TEST_STEP][PASSED] - println(tabB): null

04-12-2024T07:32:15 - [TEST_STEP][PASSED] - println(o1R): null

04-12-2024T07:32:15 - [TEST_STEP][PASSED] - println(o1B): null

04-12-2024T07:32:15 - [TEST_STEP][PASSED] - PR = <not implemented yet for class: org.codehaus.groovy.ast.expr.EmptyExpression>: null

04-12-2024T07:32:15 - [TEST_STEP][PASSED] - FR = <not implemented yet for class: org.codehaus.groovy.ast.expr.EmptyExpression>: null

04-12-2024T07:32:15 - [TEST_STEP][PASSED] - PB = <not implemented yet for class: org.codehaus.groovy.ast.expr.EmptyExpression>: null

04-12-2024T07:32:15 - [TEST_STEP][PASSED] - FB = <not implemented yet for class: org.codehaus.groovy.ast.expr.EmptyExpression>: null

04-12-2024T07:32:15 - [TEST_STEP][PASSED] - TR = <not implemented yet for class: org.codehaus.groovy.ast.expr.EmptyExpression>: null

04-12-2024T07:32:15 - [TEST_STEP][PASSED] - TB = <not implemented yet for class: org.codehaus.groovy.ast.expr.EmptyExpression>: null

04-12-2024T07:32:15 - [TEST_STEP][PASSED] - sheetName = "Sheet1": null

04-12-2024T07:32:15 - [TEST_STEP][PASSED] - data = findTestData("PlanFact"): null

04-12-2024T07:32:15 - [TEST_STEP][PASSED] - n = data.getRowNumbers() + 1: null

04-12-2024T07:32:15 - [TEST_STEP][PASSED] - year = todaysDate.substring(todaysDate.length() - 4, todaysDate.length()): null

04-12-2024T07:32:15 - [TEST_STEP][PASSED] - y = year.toInteger(): null

04-12-2024T07:32:15 - [TEST_STEP][PASSED] - m = getText(findTestObject("Выполнение бизнес-плана/Выполнение бизнес-плана Балансы/Фильтр Дата")): Text of object 'Object Repository/Выполнение бизнес-плана/Выполнение бизнес-плана Балансы/Фильтр Дата' is: '1, 2, 3 кв., Октябрь 2024 года'

04-12-2024T07:32:15 - [MESSAGE][PASSED] - Text of object 'Object Repository/Выполнение бизнес-плана/Выполнение бизнес-плана Балансы/Фильтр Дата' is: '1, 2, 3 кв., Октябрь 2024 года'

04-12-2024T07:32:15 - [TEST_STEP][PASSED] - m = m.substring(0, m.indexOf("2024")): null

04-12-2024T07:32:15 - [TEST_STEP][PASSED] - m = m.trim(): null

04-12-2024T07:32:15 - [TEST_STEP][PASSED] - dashboardName = "Выполнение бизнес-плана": null

04-12-2024T07:32:15 - [TEST_STEP][PASSED] - workbook01 = getWorkbook(excelFilePath): null

04-12-2024T07:32:15 - [TEST_STEP][PASSED] - sheet01 = getExcelSheet(workbook01, sheetName): null

04-12-2024T07:32:15 - [TEST_STEP][PASSED] - setValueToCellByIndex(sheet01, n, 0, dashboardName): null

04-12-2024T07:32:15 - [TEST_STEP][PASSED] - setValueToCellByIndex(sheet01, n, 1, dZO): null

04-12-2024T07:32:15 - [TEST_STEP][PASSED] - setValueToCellByIndex(sheet01, n, 2, typeOfData): null

04-12-2024T07:32:15 - [TEST_STEP][PASSED] - setValueToCellByIndex(sheet01, n, 3, typeOfData): null

04-12-2024T07:32:15 - [TEST_STEP][PASSED] - if (typeOfData == "План"): null

04-12-2024T07:32:15 - [TEST_STEP][PASSED] - else if (typeOfData == "Факт"): null

04-12-2024T07:32:15 - [TEST_STEP][PASSED] - else if (vidget.contains("электроэнергии") == true): null

04-12-2024T07:32:15 - [TEST_STEP][PASSED] - if (tabR == null): null

04-12-2024T07:32:15 - [TEST_STEP][PASSED] - else: null

04-12-2024T07:32:15 - [TEST_STEP][PASSED] - if (tabR == "нет данных"): null

04-12-2024T07:32:15 - [TEST_STEP][PASSED] - setValueToCellByIndex(sheet01, n, 4, "нет данных"): null

04-12-2024T07:32:15 - [TEST_STEP][PASSED] - if (tabB == null): null

04-12-2024T07:32:15 - [TEST_STEP][PASSED] - else: null

04-12-2024T07:32:15 - [TEST_STEP][PASSED] - if (tabB == "нет данных"): null

04-12-2024T07:32:15 - [TEST_STEP][PASSED] - else: null

04-12-2024T07:32:15 - [TEST_STEP][PASSED] - TB = tabB.toInteger(): null

04-12-2024T07:32:15 - [TEST_STEP][PASSED] - setValueToCellByIndex(sheet01, n, 5, TB): null

04-12-2024T07:32:15 - [TEST_STEP][PASSED] - setValueToCellByIndex(sheet01, n, 6, m): null

04-12-2024T07:32:15 - [TEST_STEP][PASSED] - setValueToCellByIndex(sheet01, n, 7, y): null

04-12-2024T07:32:15 - [TEST_STEP][PASSED] - setValueToCellByIndex(sheet01, n, 8, todaysDate): null

04-12-2024T07:32:15 - [TEST_STEP][PASSED] - n = n + 1: null

04-12-2024T07:32:15 - [TEST_STEP][PASSED] - saveWorkbook(excelFilePath, workbook01): null

04-12-2024T07:32:16 - [TEST_STEP][PASSED] - ii2 = a.indexOf("ПАО"): null

04-12-2024T07:32:16 - [TEST_STEP][PASSED] - if (ii2 == -1): null

04-12-2024T07:32:16 - [TEST_STEP][PASSED] - vidget = "Отклонения фактического уровня потерь от бизнес-плана": null

04-12-2024T07:32:16 - [TEST_STEP][PASSED] - typeOfData = "Коэффициент": null

04-12-2024T07:32:16 - [TEST_STEP][PASSED] - o1R = Geto1R(x = a): null

04-12-2024T07:32:16 - [TEST_STEP][PASSED] - i1 = <not implemented yet for class: org.codehaus.groovy.ast.expr.EmptyExpression>: null

04-12-2024T07:32:16 - [TEST_STEP][PASSED] - ii = <not implemented yet for class: org.codehaus.groovy.ast.expr.EmptyExpression>: null

04-12-2024T07:32:16 - [TEST_STEP][PASSED] - for ([ii = 1, ii < 10, (ii++)]): null

04-12-2024T07:32:16 - [TEST_STEP][PASSED] - i1 = x.indexOf("/") + 1: null

04-12-2024T07:32:16 - [TEST_STEP][PASSED] - if (i1 > -1): null

04-12-2024T07:32:16 - [TEST_STEP][PASSED] - x = x.substring(i1, x.length()): null

04-12-2024T07:32:16 - [TEST_STEP][PASSED] - i1 = x.indexOf("/") + 1: null

04-12-2024T07:32:16 - [TEST_STEP][PASSED] - if (i1 > -1): null

04-12-2024T07:32:16 - [TEST_STEP][PASSED] - x = x.substring(i1, x.length()): null

04-12-2024T07:32:16 - [TEST_STEP][PASSED] - i1 = x.indexOf("/") + 1: null

04-12-2024T07:32:16 - [TEST_STEP][PASSED] - if (i1 > -1): null

04-12-2024T07:32:16 - [TEST_STEP][PASSED] - x = x.substring(i1, x.length()): null

04-12-2024T07:32:16 - [TEST_STEP][PASSED] - i1 = x.indexOf("/") + 1: null

04-12-2024T07:32:16 - [TEST_STEP][PASSED] - if (i1 > -1): null

04-12-2024T07:32:16 - [TEST_STEP][PASSED] - x = x.substring(i1, x.length()): null

04-12-2024T07:32:16 - [TEST_STEP][PASSED] - i1 = x.indexOf("/") + 1: null

04-12-2024T07:32:16 - [TEST_STEP][PASSED] - if (i1 > -1): null

04-12-2024T07:32:16 - [TEST_STEP][PASSED] - x = x.substring(i1, x.length()): null

04-12-2024T07:32:16 - [TEST_STEP][PASSED] - i1 = x.indexOf("/") + 1: null

04-12-2024T07:32:16 - [TEST_STEP][PASSED] - if (i1 > -1): null

04-12-2024T07:32:16 - [TEST_STEP][PASSED] - x = x.substring(i1, x.length()): null

04-12-2024T07:32:16 - [TEST_STEP][PASSED] - i1 = x.indexOf("/") + 1: null

04-12-2024T07:32:16 - [TEST_STEP][PASSED] - if (i1 > -1): null

04-12-2024T07:32:16 - [TEST_STEP][PASSED] - x = x.substring(i1, x.length()): null

04-12-2024T07:32:16 - [TEST_STEP][PASSED] - i1 = x.indexOf("/") + 1: null

04-12-2024T07:32:16 - [TEST_STEP][PASSED] - if (i1 > -1): null

04-12-2024T07:32:16 - [TEST_STEP][PASSED] - x = x.substring(i1, x.length()): null

04-12-2024T07:32:16 - [TEST_STEP][PASSED] - i1 = x.indexOf("/") + 1: null

04-12-2024T07:32:16 - [TEST_STEP][PASSED] - if (i1 > -1): null

04-12-2024T07:32:16 - [TEST_STEP][PASSED] - x = x.substring(i1, x.length()): null

04-12-2024T07:32:16 - [TEST_STEP][PASSED] - i1 = x.indexOf("/"): null

04-12-2024T07:32:16 - [TEST_STEP][PASSED] - if (i1 > -1): null

04-12-2024T07:32:16 - [TEST_STEP][PASSED] - println(x): null

04-12-2024T07:32:16 - [TEST_STEP][PASSED] - return x: null

04-12-2024T07:32:16 - [TEST_STEP][PASSED] - o1B = Geto1B(x = b): null

04-12-2024T07:32:16 - [TEST_STEP][PASSED] - i1 = <not implemented yet for class: org.codehaus.groovy.ast.expr.EmptyExpression>: null

04-12-2024T07:32:16 - [TEST_STEP][PASSED] - ii = <not implemented yet for class: org.codehaus.groovy.ast.expr.EmptyExpression>: null

04-12-2024T07:32:16 - [TEST_STEP][PASSED] - for ([ii = 1, ii < 10, (ii++)]): null

04-12-2024T07:32:16 - [TEST_STEP][PASSED] - i1 = x.indexOf("/") + 1: null

04-12-2024T07:32:16 - [TEST_STEP][PASSED] - if (i1 > -1): null

04-12-2024T07:32:16 - [TEST_STEP][PASSED] - x = x.substring(i1, x.length()): null

04-12-2024T07:32:16 - [TEST_STEP][PASSED] - i1 = x.indexOf("/") + 1: null

04-12-2024T07:32:16 - [TEST_STEP][PASSED] - if (i1 > -1): null

04-12-2024T07:32:16 - [TEST_STEP][PASSED] - x = x.substring(i1, x.length()): null

04-12-2024T07:32:16 - [TEST_STEP][PASSED] - i1 = x.indexOf("/") + 1: null

04-12-2024T07:32:16 - [TEST_STEP][PASSED] - if (i1 > -1): null

04-12-2024T07:32:16 - [TEST_STEP][PASSED] - x = x.substring(i1, x.length()): null

04-12-2024T07:32:16 - [TEST_STEP][PASSED] - i1 = x.indexOf("/") + 1: null

04-12-2024T07:32:16 - [TEST_STEP][PASSED] - if (i1 > -1): null

04-12-2024T07:32:16 - [TEST_STEP][PASSED] - x = x.substring(i1, x.length()): null

04-12-2024T07:32:16 - [TEST_STEP][PASSED] - i1 = x.indexOf("/") + 1: null

04-12-2024T07:32:16 - [TEST_STEP][PASSED] - if (i1 > -1): null

04-12-2024T07:32:16 - [TEST_STEP][PASSED] - x = x.substring(i1, x.length()): null

04-12-2024T07:32:16 - [TEST_STEP][PASSED] - i1 = x.indexOf("/") + 1: null

04-12-2024T07:32:16 - [TEST_STEP][PASSED] - if (i1 > -1): null

04-12-2024T07:32:16 - [TEST_STEP][PASSED] - x = x.substring(i1, x.length()): null

04-12-2024T07:32:16 - [TEST_STEP][PASSED] - i1 = x.indexOf("/") + 1: null

04-12-2024T07:32:16 - [TEST_STEP][PASSED] - if (i1 > -1): null

04-12-2024T07:32:16 - [TEST_STEP][PASSED] - x = x.substring(i1, x.length()): null

04-12-2024T07:32:16 - [TEST_STEP][PASSED] - i1 = x.indexOf("/") + 1: null

04-12-2024T07:32:16 - [TEST_STEP][PASSED] - if (i1 > -1): null

04-12-2024T07:32:16 - [TEST_STEP][PASSED] - x = x.substring(i1, x.length()): null

04-12-2024T07:32:16 - [TEST_STEP][PASSED] - i1 = x.indexOf("/") + 1: null

04-12-2024T07:32:16 - [TEST_STEP][PASSED] - if (i1 > -1): null

04-12-2024T07:32:16 - [TEST_STEP][PASSED] - x = x.substring(i1, x.length()): null

04-12-2024T07:32:16 - [TEST_STEP][PASSED] - i1 = x.indexOf("/"): null

04-12-2024T07:32:16 - [TEST_STEP][PASSED] - if (i1 > -1): null

04-12-2024T07:32:16 - [TEST_STEP][PASSED] - println(x): null

04-12-2024T07:32:16 - [TEST_STEP][FAILED] - return x: null

04-12-2024T07:32:16 - [TEST_STEP][PASSED] - println(o1R + "/" + o1B): null

04-12-2024T07:32:16 - [TEST_STEP][FAILED] - if (verifyEqual(PercFactR, PercFactB) == false): null

04-12-2024T07:32:16 - [MESSAGE][FAILED] - Unable to verify equal between actual object 'нет данных' and expected object '8.76' (Root cause: com.kms.katalon.core.exception.StepFailedException: Actual object 'нет данных' and expected object '8.76' are not equal
	at com.kms.katalon.core.keyword.builtin.VerifyEqualKeyword$_verifyEqual_closure1.doCall(VerifyEqualKeyword.groovy:58)
	at com.kms.katalon.core.keyword.builtin.VerifyEqualKeyword$_verifyEqual_closure1.call(VerifyEqualKeyword.groovy)
	at com.kms.katalon.core.keyword.internal.KeywordMain.runKeyword(KeywordMain.groovy:75)
	at com.kms.katalon.core.keyword.builtin.VerifyEqualKeyword.verifyEqual(VerifyEqualKeyword.groovy:63)
	at com.kms.katalon.core.keyword.builtin.VerifyEqualKeyword.execute(VerifyEqualKeyword.groovy:44)
	at com.kms.katalon.core.keyword.internal.KeywordExecutor.executeKeywordForPlatform(KeywordExecutor.groovy:74)
	at com.kms.katalon.core.keyword.BuiltinKeywords.verifyEqual(BuiltinKeywords.groovy:146)
	at jdk.internal.reflect.GeneratedMethodAccessor25.invoke(Unknown Source)
	at java.base/jdk.internal.reflect.DelegatingMethodAccessorImpl.invoke(DelegatingMethodAccessorImpl.java:43)
	at Выполнение бизнес-плана сверка дашбордов.CompareDZOData(Выполнение бизнес-плана сверка дашбордов:789)
	at Выполнение бизнес-плана сверка дашбордов.run(Выполнение бизнес-плана сверка дашбордов:663)
	at com.kms.katalon.core.main.ScriptEngine.run(ScriptEngine.java:194)
	at com.kms.katalon.core.main.ScriptEngine.runScriptAsRawText(ScriptEngine.java:119)
	at com.kms.katalon.core.main.TestCaseExecutor.runScript(TestCaseExecutor.java:448)
	at com.kms.katalon.core.main.TestCaseExecutor.doExecute(TestCaseExecutor.java:439)
	at com.kms.katalon.core.main.TestCaseExecutor.processExecutionPhase(TestCaseExecutor.java:418)
	at com.kms.katalon.core.main.TestCaseExecutor.accessMainPhase(TestCaseExecutor.java:410)
	at com.kms.katalon.core.main.TestCaseExecutor.execute(TestCaseExecutor.java:285)
	at com.kms.katalon.core.common.CommonExecutor.accessTestCaseMainPhase(CommonExecutor.java:65)
	at com.kms.katalon.core.main.TestSuiteExecutor.accessTestSuiteMainPhase(TestSuiteExecutor.java:150)
	at com.kms.katalon.core.main.TestSuiteExecutor.execute(TestSuiteExecutor.java:106)
	at com.kms.katalon.core.main.TestCaseMain.startTestSuite(TestCaseMain.java:180)
	at TempTestSuite1733285972582.run(TempTestSuite1733285972582.groovy:35)
	at java.base/jdk.internal.reflect.NativeMethodAccessorImpl.invoke0(Native Method)
	at java.base/jdk.internal.reflect.NativeMethodAccessorImpl.invoke(NativeMethodAccessorImpl.java:77)
	at java.base/jdk.internal.reflect.DelegatingMethodAccessorImpl.invoke(DelegatingMethodAccessorImpl.java:43)
)

04-12-2024T07:32:16 - [TEST_STEP][PASSED] - result = WriteToExcel(typeOfData, todaysDate, PercPlanR, PercPlanB, PercFactR, PercFactB, x, tabR, tabB, o1R, o1B, vidget): null

04-12-2024T07:32:16 - [TEST_STEP][PASSED] - iii = dZO.indexOf("/"): null

04-12-2024T07:32:16 - [TEST_STEP][PASSED] - println(iii): null

04-12-2024T07:32:16 - [TEST_STEP][PASSED] - dZO = dZO.substring(0, iii): null

04-12-2024T07:32:16 - [TEST_STEP][PASSED] - println(dZO): null

04-12-2024T07:32:16 - [TEST_STEP][PASSED] - println(PercPlanR): null

04-12-2024T07:32:16 - [TEST_STEP][PASSED] - println(PercPlanB): null

04-12-2024T07:32:16 - [TEST_STEP][PASSED] - println(PercFactR): null

04-12-2024T07:32:16 - [TEST_STEP][PASSED] - println(PercFactB): null

04-12-2024T07:32:16 - [TEST_STEP][PASSED] - println(tabR): null

04-12-2024T07:32:16 - [TEST_STEP][PASSED] - println(tabB): null

04-12-2024T07:32:16 - [TEST_STEP][PASSED] - println(o1R): null

04-12-2024T07:32:16 - [TEST_STEP][PASSED] - println(o1B): null

04-12-2024T07:32:16 - [TEST_STEP][PASSED] - PR = <not implemented yet for class: org.codehaus.groovy.ast.expr.EmptyExpression>: null

04-12-2024T07:32:16 - [TEST_STEP][PASSED] - FR = <not implemented yet for class: org.codehaus.groovy.ast.expr.EmptyExpression>: null

04-12-2024T07:32:16 - [TEST_STEP][PASSED] - PB = <not implemented yet for class: org.codehaus.groovy.ast.expr.EmptyExpression>: null

04-12-2024T07:32:16 - [TEST_STEP][PASSED] - FB = <not implemented yet for class: org.codehaus.groovy.ast.expr.EmptyExpression>: null

04-12-2024T07:32:16 - [TEST_STEP][PASSED] - TR = <not implemented yet for class: org.codehaus.groovy.ast.expr.EmptyExpression>: null

04-12-2024T07:32:16 - [TEST_STEP][PASSED] - TB = <not implemented yet for class: org.codehaus.groovy.ast.expr.EmptyExpression>: null

04-12-2024T07:32:16 - [TEST_STEP][PASSED] - sheetName = "Sheet1": null

04-12-2024T07:32:16 - [TEST_STEP][PASSED] - data = findTestData("PlanFact"): null

04-12-2024T07:32:16 - [TEST_STEP][PASSED] - n = data.getRowNumbers() + 1: null

04-12-2024T07:32:16 - [TEST_STEP][PASSED] - year = todaysDate.substring(todaysDate.length() - 4, todaysDate.length()): null

04-12-2024T07:32:16 - [TEST_STEP][PASSED] - y = year.toInteger(): null

04-12-2024T07:32:16 - [TEST_STEP][PASSED] - m = getText(findTestObject("Выполнение бизнес-плана/Выполнение бизнес-плана Балансы/Фильтр Дата")): Text of object 'Object Repository/Выполнение бизнес-плана/Выполнение бизнес-плана Балансы/Фильтр Дата' is: '1, 2, 3 кв., Октябрь 2024 года'

04-12-2024T07:32:16 - [MESSAGE][PASSED] - Text of object 'Object Repository/Выполнение бизнес-плана/Выполнение бизнес-плана Балансы/Фильтр Дата' is: '1, 2, 3 кв., Октябрь 2024 года'

04-12-2024T07:32:16 - [TEST_STEP][PASSED] - m = m.substring(0, m.indexOf("2024")): null

04-12-2024T07:32:16 - [TEST_STEP][PASSED] - m = m.trim(): null

04-12-2024T07:32:16 - [TEST_STEP][PASSED] - dashboardName = "Выполнение бизнес-плана": null

04-12-2024T07:32:16 - [TEST_STEP][PASSED] - workbook01 = getWorkbook(excelFilePath): null

04-12-2024T07:32:16 - [TEST_STEP][PASSED] - sheet01 = getExcelSheet(workbook01, sheetName): null

04-12-2024T07:32:16 - [TEST_STEP][PASSED] - setValueToCellByIndex(sheet01, n, 0, dashboardName): null

04-12-2024T07:32:16 - [TEST_STEP][PASSED] - setValueToCellByIndex(sheet01, n, 1, dZO): null

04-12-2024T07:32:16 - [TEST_STEP][PASSED] - setValueToCellByIndex(sheet01, n, 2, typeOfData): null

04-12-2024T07:32:16 - [TEST_STEP][PASSED] - setValueToCellByIndex(sheet01, n, 3, typeOfData): null

04-12-2024T07:32:16 - [TEST_STEP][PASSED] - if (typeOfData == "План"): null

04-12-2024T07:32:16 - [TEST_STEP][PASSED] - else if (typeOfData == "Факт"): null

04-12-2024T07:32:16 - [TEST_STEP][PASSED] - else if (vidget.contains("электроэнергии") == true): null

04-12-2024T07:32:16 - [TEST_STEP][PASSED] - else: null

04-12-2024T07:32:16 - [TEST_STEP][PASSED] - if (o1R == null): null

04-12-2024T07:32:16 - [TEST_STEP][PASSED] - else: null

04-12-2024T07:32:16 - [TEST_STEP][PASSED] - if (o1R == "нет данных"): null

04-12-2024T07:32:16 - [TEST_STEP][PASSED] - setValueToCellByIndex(sheet01, n, 4, "нет данных"): null

04-12-2024T07:32:16 - [TEST_STEP][PASSED] - if (o1B == null): null

04-12-2024T07:32:16 - [TEST_STEP][PASSED] - else: null

04-12-2024T07:32:16 - [TEST_STEP][PASSED] - if (o1B == "нет данных"): null

04-12-2024T07:32:16 - [TEST_STEP][PASSED] - else: null

04-12-2024T07:32:16 - [TEST_STEP][PASSED] - FB = o1B.toDouble(): null

04-12-2024T07:32:16 - [TEST_STEP][PASSED] - setValueToCellByIndex(sheet01, n, 5, FB): null

04-12-2024T07:32:16 - [TEST_STEP][PASSED] - setValueToCellByIndex(sheet01, n, 6, m): null

04-12-2024T07:32:16 - [TEST_STEP][PASSED] - setValueToCellByIndex(sheet01, n, 7, y): null

04-12-2024T07:32:16 - [TEST_STEP][PASSED] - setValueToCellByIndex(sheet01, n, 8, todaysDate): null

04-12-2024T07:32:16 - [TEST_STEP][PASSED] - n = n + 1: null

04-12-2024T07:32:16 - [TEST_STEP][PASSED] - saveWorkbook(excelFilePath, workbook01): null

04-12-2024T07:32:16 - [TEST_STEP][PASSED] - closeBrowser(): Browser is closed

04-12-2024T07:32:17 - [MESSAGE][PASSED] - Browser is closed]]></system-out>
         <system-err><![CDATA[04-12-2024T07:19:37 - [TEST_CASE][FAILED] - Test Cases/Сверки дашбордов/Выполнение бизнес-плана сверка дашбордов: Test Cases/Сверки дашбордов/Выполнение бизнес-плана сверка дашбордов FAILED.
Reason:
com.kms.katalon.core.exception.StepFailedException: Unable to verify object is present (Root cause: com.kms.katalon.core.exception.StepFailedException: Unable to verify object is present
	at com.kms.katalon.core.webui.keyword.internal.WebUIKeywordMain.stepFailed(WebUIKeywordMain.groovy:64)
	at com.kms.katalon.core.webui.keyword.internal.WebUIKeywordMain.runKeyword(WebUIKeywordMain.groovy:26)
	at com.kms.katalon.core.webui.keyword.builtin.VerifyElementPresentKeyword.verifyElementPresent(VerifyElementPresentKeyword.groovy:92)
	at com.kms.katalon.core.webui.keyword.builtin.VerifyElementPresentKeyword.execute(VerifyElementPresentKeyword.groovy:68)
	at com.kms.katalon.core.keyword.internal.KeywordExecutor.executeKeywordForPlatform(KeywordExecutor.groovy:74)
	at com.kms.katalon.core.webui.keyword.WebUiBuiltInKeywords.verifyElementPresent(WebUiBuiltInKeywords.groovy:1503)
	at Выполнение бизнес-плана сверка дашбордов.GetAllPAOData(Выполнение бизнес-плана сверка дашбордов:862)
	at Выполнение бизнес-плана сверка дашбордов.run(Выполнение бизнес-плана сверка дашбордов:362)
	at com.kms.katalon.core.main.ScriptEngine.run(ScriptEngine.java:194)
	at com.kms.katalon.core.main.ScriptEngine.runScriptAsRawText(ScriptEngine.java:119)
	at com.kms.katalon.core.main.TestCaseExecutor.runScript(TestCaseExecutor.java:448)
	at com.kms.katalon.core.main.TestCaseExecutor.doExecute(TestCaseExecutor.java:439)
	at com.kms.katalon.core.main.TestCaseExecutor.processExecutionPhase(TestCaseExecutor.java:418)
	at com.kms.katalon.core.main.TestCaseExecutor.accessMainPhase(TestCaseExecutor.java:410)
	at com.kms.katalon.core.main.TestCaseExecutor.execute(TestCaseExecutor.java:285)
	at com.kms.katalon.core.common.CommonExecutor.accessTestCaseMainPhase(CommonExecutor.java:65)
	at com.kms.katalon.core.main.TestSuiteExecutor.accessTestSuiteMainPhase(TestSuiteExecutor.java:150)
	at com.kms.katalon.core.main.TestSuiteExecutor.execute(TestSuiteExecutor.java:106)
	at com.kms.katalon.core.main.TestCaseMain.startTestSuite(TestCaseMain.java:180)
	at TempTestSuite1733285972582.run(TempTestSuite1733285972582.groovy:35)
	at java.base/jdk.internal.reflect.NativeMethodAccessorImpl.invoke0(Native Method)
	at java.base/jdk.internal.reflect.NativeMethodAccessorImpl.invoke(NativeMethodAccessorImpl.java:77)
	at java.base/jdk.internal.reflect.DelegatingMethodAccessorImpl.invoke(DelegatingMethodAccessorImpl.java:43)
Caused by: java.lang.IllegalArgumentException: Object is null
	at com.kms.katalon.core.helper.KeywordHelper.checkTestObjectParameter(KeywordHelper.java:33)
	at com.kms.katalon.core.webui.keyword.builtin.VerifyElementPresentKeyword$_verifyElementPresent_closure1.doCall(VerifyElementPresentKeyword.groovy:76)
	at com.kms.katalon.core.webui.keyword.builtin.VerifyElementPresentKeyword$_verifyElementPresent_closure1.call(VerifyElementPresentKeyword.groovy)
	at com.kms.katalon.core.webui.keyword.internal.WebUIKeywordMain.runKeyword(WebUIKeywordMain.groovy:20)
	at com.kms.katalon.core.webui.keyword.builtin.VerifyElementPresentKeyword.verifyElementPresent(VerifyElementPresentKeyword.groovy:92)
	at com.kms.katalon.core.webui.keyword.builtin.VerifyElementPresentKeyword.execute(VerifyElementPresentKeyword.groovy:68)
	at com.kms.katalon.core.keyword.internal.KeywordExecutor.executeKeywordForPlatform(KeywordExecutor.groovy:74)
	at com.kms.katalon.core.webui.keyword.WebUiBuiltInKeywords.verifyElementPresent(WebUiBuiltInKeywords.groovy:1503)
	at Script1719299571342.GetAllPAOData(Script1719299571342.groovy:862)
	at Script1719299571342.run(Script1719299571342.groovy:362)
	... 15 more
)
	at com.kms.katalon.core.keyword.internal.KeywordMain.stepFailed(KeywordMain.groovy:39)
	at com.kms.katalon.core.webui.keyword.internal.WebUIKeywordMain.stepFailed(WebUIKeywordMain.groovy:64)
	at com.kms.katalon.core.webui.keyword.internal.WebUIKeywordMain.runKeyword(WebUIKeywordMain.groovy:26)
	at com.kms.katalon.core.webui.keyword.builtin.VerifyElementPresentKeyword.verifyElementPresent(VerifyElementPresentKeyword.groovy:92)
	at com.kms.katalon.core.webui.keyword.builtin.VerifyElementPresentKeyword.execute(VerifyElementPresentKeyword.groovy:68)
	at com.kms.katalon.core.keyword.internal.KeywordExecutor.executeKeywordForPlatform(KeywordExecutor.groovy:74)
	at com.kms.katalon.core.webui.keyword.WebUiBuiltInKeywords.verifyElementPresent(WebUiBuiltInKeywords.groovy:1503)
	at Выполнение бизнес-плана сверка дашбордов.GetAllPAOData(Выполнение бизнес-плана сверка дашбордов:862)
	at Выполнение бизнес-плана сверка дашбордов.run(Выполнение бизнес-плана сверка дашбордов:362)
	at com.kms.katalon.core.main.ScriptEngine.run(ScriptEngine.java:194)
	at com.kms.katalon.core.main.ScriptEngine.runScriptAsRawText(ScriptEngine.java:119)
	at com.kms.katalon.core.main.TestCaseExecutor.runScript(TestCaseExecutor.java:448)
	at com.kms.katalon.core.main.TestCaseExecutor.doExecute(TestCaseExecutor.java:439)
	at com.kms.katalon.core.main.TestCaseExecutor.processExecutionPhase(TestCaseExecutor.java:418)
	at com.kms.katalon.core.main.TestCaseExecutor.accessMainPhase(TestCaseExecutor.java:410)
	at com.kms.katalon.core.main.TestCaseExecutor.execute(TestCaseExecutor.java:285)
	at com.kms.katalon.core.common.CommonExecutor.accessTestCaseMainPhase(CommonExecutor.java:65)
	at com.kms.katalon.core.main.TestSuiteExecutor.accessTestSuiteMainPhase(TestSuiteExecutor.java:150)
	at com.kms.katalon.core.main.TestSuiteExecutor.execute(TestSuiteExecutor.java:106)
	at com.kms.katalon.core.main.TestCaseMain.startTestSuite(TestCaseMain.java:180)
	at TempTestSuite1733285972582.run(TempTestSuite1733285972582.groovy:35)
	at java.base/jdk.internal.reflect.NativeMethodAccessorImpl.invoke0(Native Method)
	at java.base/jdk.internal.reflect.NativeMethodAccessorImpl.invoke(NativeMethodAccessorImpl.java:77)
	at java.base/jdk.internal.reflect.DelegatingMethodAccessorImpl.invoke(DelegatingMethodAccessorImpl.java:43)
Caused by: com.kms.katalon.core.exception.StepFailedException: Unable to verify object is present
	... 23 more
Caused by: java.lang.IllegalArgumentException: Object is null
	at com.kms.katalon.core.helper.KeywordHelper.checkTestObjectParameter(KeywordHelper.java:33)
	at com.kms.katalon.core.webui.keyword.builtin.VerifyElementPresentKeyword$_verifyElementPresent_closure1.doCall(VerifyElementPresentKeyword.groovy:76)
	at com.kms.katalon.core.webui.keyword.builtin.VerifyElementPresentKeyword$_verifyElementPresent_closure1.call(VerifyElementPresentKeyword.groovy)
	at com.kms.katalon.core.webui.keyword.internal.WebUIKeywordMain.runKeyword(WebUIKeywordMain.groovy:20)
	... 21 more]]></system-err>
      </testcase>
      <testcase name="Test Cases/Сверки дашбордов/Выручка в рублях сверка дашбордов ПАО Россети" time="5173.532" classname="Test Cases/Сверки дашбордов/Выручка в рублях сверка дашбордов ПАО Россети" status="FAILED">
         <failure type="FAILED" message="Test Cases/Сверки дашбордов/Выручка в рублях сверка дашбордов ПАО Россети FAILED.&#xa;Reason:&#xa;com.kms.katalon.core.exception.StepFailedException: Unable to verify equal between actual object '-25.61' and expected object '0.07' (Root cause: com.kms.katalon.core.exception.StepFailedException: Actual object '-25.61' and expected object '0.07' are not equal&#xa;	at com.kms.katalon.core.keyword.builtin.VerifyEqualKeyword$_verifyEqual_closure1.doCall(VerifyEqualKeyword.groovy:58)&#xa;	at com.kms.katalon.core.keyword.builtin.VerifyEqualKeyword$_verifyEqual_closure1.call(VerifyEqualKeyword.groovy)&#xa;	at com.kms.katalon.core.keyword.internal.KeywordMain.runKeyword(KeywordMain.groovy:75)&#xa;	at com.kms.katalon.core.keyword.builtin.VerifyEqualKeyword.verifyEqual(VerifyEqualKeyword.groovy:63)&#xa;	at com.kms.katalon.core.keyword.builtin.VerifyEqualKeyword.execute(VerifyEqualKeyword.groovy:44)&#xa;	at com.kms.katalon.core.keyword.internal.KeywordExecutor.executeKeywordForPlatform(KeywordExecutor.groovy:74)&#xa;	at com.kms.katalon.core.keyword.BuiltinKeywords.verifyEqual(BuiltinKeywords.groovy:146)&#xa;	at jdk.internal.reflect.GeneratedMethodAccessor25.invoke(Unknown Source)&#xa;	at java.base/jdk.internal.reflect.DelegatingMethodAccessorImpl.invoke(DelegatingMethodAccessorImpl.java:43)&#xa;	at Выручка в рублях сверка дашбордов ПАО Россети.Blocks(Выручка в рублях сверка дашбордов ПАО Россети:357)&#xa;	at Выручка в рублях сверка дашбордов ПАО Россети.ViruchkaChange(Выручка в рублях сверка дашбордов ПАО Россети:60)&#xa;	at Выручка в рублях сверка дашбордов ПАО Россети.run(Выручка в рублях сверка дашбордов ПАО Россети:55)&#xa;	at com.kms.katalon.core.main.ScriptEngine.run(ScriptEngine.java:194)&#xa;	at com.kms.katalon.core.main.ScriptEngine.runScriptAsRawText(ScriptEngine.java:119)&#xa;	at com.kms.katalon.core.main.TestCaseExecutor.runScript(TestCaseExecutor.java:448)&#xa;	at com.kms.katalon.core.main.TestCaseExecutor.doExecute(TestCaseExecutor.java:439)&#xa;	at com.kms.katalon.core.main.TestCaseExecutor.processExecutionPhase(TestCaseExecutor.java:418)&#xa;	at com.kms.katalon.core.main.TestCaseExecutor.accessMainPhase(TestCaseExecutor.java:410)&#xa;	at com.kms.katalon.core.main.TestCaseExecutor.execute(TestCaseExecutor.java:285)&#xa;	at com.kms.katalon.core.common.CommonExecutor.accessTestCaseMainPhase(CommonExecutor.java:65)&#xa;	at com.kms.katalon.core.main.TestSuiteExecutor.accessTestSuiteMainPhase(TestSuiteExecutor.java:150)&#xa;	at com.kms.katalon.core.main.TestSuiteExecutor.execute(TestSuiteExecutor.java:106)&#xa;	at com.kms.katalon.core.main.TestCaseMain.startTestSuite(TestCaseMain.java:180)&#xa;	at TempTestSuite1733285972582.run(TempTestSuite1733285972582.groovy:35)&#xa;	at java.base/jdk.internal.reflect.NativeMethodAccessorImpl.invoke0(Native Method)&#xa;	at java.base/jdk.internal.reflect.NativeMethodAccessorImpl.invoke(NativeMethodAccessorImpl.java:77)&#xa;	at java.base/jdk.internal.reflect.DelegatingMethodAccessorImpl.invoke(DelegatingMethodAccessorImpl.java:43)&#xa;)&#xa;	at com.kms.katalon.core.keyword.internal.KeywordMain.stepFailed(KeywordMain.groovy:39)&#xa;	at com.kms.katalon.core.keyword.internal.KeywordMain.stepFailed(KeywordMain.groovy)&#xa;	at com.kms.katalon.core.keyword.internal.KeywordMain.runKeyword(KeywordMain.groovy:77)&#xa;	at com.kms.katalon.core.keyword.builtin.VerifyEqualKeyword.verifyEqual(VerifyEqualKeyword.groovy:63)&#xa;	at com.kms.katalon.core.keyword.builtin.VerifyEqualKeyword.execute(VerifyEqualKeyword.groovy:44)&#xa;	at com.kms.katalon.core.keyword.internal.KeywordExecutor.executeKeywordForPlatform(KeywordExecutor.groovy:74)&#xa;	at com.kms.katalon.core.keyword.BuiltinKeywords.verifyEqual(BuiltinKeywords.groovy:146)&#xa;	at jdk.internal.reflect.GeneratedMethodAccessor25.invoke(Unknown Source)&#xa;	at java.base/jdk.internal.reflect.DelegatingMethodAccessorImpl.invoke(DelegatingMethodAccessorImpl.java:43)&#xa;	at Выручка в рублях сверка дашбордов ПАО Россети.Blocks(Выручка в рублях сверка дашбордов ПАО Россети:357)&#xa;	at Выручка в рублях сверка дашбордов ПАО Россети.ViruchkaChange(Выручка в рублях сверка дашбордов ПАО Россети:60)&#xa;	at Выручка в рублях сверка дашбордов ПАО Россети.run(Выручка в рублях сверка дашбордов ПАО Россети:55)&#xa;	at com.kms.katalon.core.main.ScriptEngine.run(ScriptEngine.java:194)&#xa;	at com.kms.katalon.core.main.ScriptEngine.runScriptAsRawText(ScriptEngine.java:119)&#xa;	at com.kms.katalon.core.main.TestCaseExecutor.runScript(TestCaseExecutor.java:448)&#xa;	at com.kms.katalon.core.main.TestCaseExecutor.doExecute(TestCaseExecutor.java:439)&#xa;	at com.kms.katalon.core.main.TestCaseExecutor.processExecutionPhase(TestCaseExecutor.java:418)&#xa;	at com.kms.katalon.core.main.TestCaseExecutor.accessMainPhase(TestCaseExecutor.java:410)&#xa;	at com.kms.katalon.core.main.TestCaseExecutor.execute(TestCaseExecutor.java:285)&#xa;	at com.kms.katalon.core.common.CommonExecutor.accessTestCaseMainPhase(CommonExecutor.java:65)&#xa;	at com.kms.katalon.core.main.TestSuiteExecutor.accessTestSuiteMainPhase(TestSuiteExecutor.java:150)&#xa;	at com.kms.katalon.core.main.TestSuiteExecutor.execute(TestSuiteExecutor.java:106)&#xa;	at com.kms.katalon.core.main.TestCaseMain.startTestSuite(TestCaseMain.java:180)&#xa;	at TempTestSuite1733285972582.run(TempTestSuite1733285972582.groovy:35)&#xa;	at java.base/jdk.internal.reflect.NativeMethodAccessorImpl.invoke0(Native Method)&#xa;	at java.base/jdk.internal.reflect.NativeMethodAccessorImpl.invoke(NativeMethodAccessorImpl.java:77)&#xa;	at java.base/jdk.internal.reflect.DelegatingMethodAccessorImpl.invoke(DelegatingMethodAccessorImpl.java:43)&#xa;Caused by: com.kms.katalon.core.exception.StepFailedException: Actual object '-25.61' and expected object '0.07' are not equal&#xa;	at com.kms.katalon.core.keyword.builtin.VerifyEqualKeyword$_verifyEqual_closure1.doCall(VerifyEqualKeyword.groovy:58)&#xa;	at com.kms.katalon.core.keyword.builtin.VerifyEqualKeyword$_verifyEqual_closure1.call(VerifyEqualKeyword.groovy)&#xa;	at com.kms.katalon.core.keyword.internal.KeywordMain.runKeyword(KeywordMain.groovy:75)&#xa;	... 24 more&#xa;"/>
         <system-out><![CDATA[04-12-2024T07:32:17 - [TEST_CASE][FAILED] - Test Cases/Сверки дашбордов/Выручка в рублях сверка дашбордов ПАО Россети: Test Cases/Сверки дашбордов/Выручка в рублях сверка дашбордов ПАО Россети FAILED.
Reason:
com.kms.katalon.core.exception.StepFailedException: Unable to verify equal between actual object '-25.61' and expected object '0.07' (Root cause: com.kms.katalon.core.exception.StepFailedException: Actual object '-25.61' and expected object '0.07' are not equal
	at com.kms.katalon.core.keyword.builtin.VerifyEqualKeyword$_verifyEqual_closure1.doCall(VerifyEqualKeyword.groovy:58)
	at com.kms.katalon.core.keyword.builtin.VerifyEqualKeyword$_verifyEqual_closure1.call(VerifyEqualKeyword.groovy)
	at com.kms.katalon.core.keyword.internal.KeywordMain.runKeyword(KeywordMain.groovy:75)
	at com.kms.katalon.core.keyword.builtin.VerifyEqualKeyword.verifyEqual(VerifyEqualKeyword.groovy:63)
	at com.kms.katalon.core.keyword.builtin.VerifyEqualKeyword.execute(VerifyEqualKeyword.groovy:44)
	at com.kms.katalon.core.keyword.internal.KeywordExecutor.executeKeywordForPlatform(KeywordExecutor.groovy:74)
	at com.kms.katalon.core.keyword.BuiltinKeywords.verifyEqual(BuiltinKeywords.groovy:146)
	at jdk.internal.reflect.GeneratedMethodAccessor25.invoke(Unknown Source)
	at java.base/jdk.internal.reflect.DelegatingMethodAccessorImpl.invoke(DelegatingMethodAccessorImpl.java:43)
	at Выручка в рублях сверка дашбордов ПАО Россети.Blocks(Выручка в рублях сверка дашбордов ПАО Россети:357)
	at Выручка в рублях сверка дашбордов ПАО Россети.ViruchkaChange(Выручка в рублях сверка дашбордов ПАО Россети:60)
	at Выручка в рублях сверка дашбордов ПАО Россети.run(Выручка в рублях сверка дашбордов ПАО Россети:55)
	at com.kms.katalon.core.main.ScriptEngine.run(ScriptEngine.java:194)
	at com.kms.katalon.core.main.ScriptEngine.runScriptAsRawText(ScriptEngine.java:119)
	at com.kms.katalon.core.main.TestCaseExecutor.runScript(TestCaseExecutor.java:448)
	at com.kms.katalon.core.main.TestCaseExecutor.doExecute(TestCaseExecutor.java:439)
	at com.kms.katalon.core.main.TestCaseExecutor.processExecutionPhase(TestCaseExecutor.java:418)
	at com.kms.katalon.core.main.TestCaseExecutor.accessMainPhase(TestCaseExecutor.java:410)
	at com.kms.katalon.core.main.TestCaseExecutor.execute(TestCaseExecutor.java:285)
	at com.kms.katalon.core.common.CommonExecutor.accessTestCaseMainPhase(CommonExecutor.java:65)
	at com.kms.katalon.core.main.TestSuiteExecutor.accessTestSuiteMainPhase(TestSuiteExecutor.java:150)
	at com.kms.katalon.core.main.TestSuiteExecutor.execute(TestSuiteExecutor.java:106)
	at com.kms.katalon.core.main.TestCaseMain.startTestSuite(TestCaseMain.java:180)
	at TempTestSuite1733285972582.run(TempTestSuite1733285972582.groovy:35)
	at java.base/jdk.internal.reflect.NativeMethodAccessorImpl.invoke0(Native Method)
	at java.base/jdk.internal.reflect.NativeMethodAccessorImpl.invoke(NativeMethodAccessorImpl.java:77)
	at java.base/jdk.internal.reflect.DelegatingMethodAccessorImpl.invoke(DelegatingMethodAccessorImpl.java:43)
)
	at com.kms.katalon.core.keyword.internal.KeywordMain.stepFailed(KeywordMain.groovy:39)
	at com.kms.katalon.core.keyword.internal.KeywordMain.stepFailed(KeywordMain.groovy)
	at com.kms.katalon.core.keyword.internal.KeywordMain.runKeyword(KeywordMain.groovy:77)
	at com.kms.katalon.core.keyword.builtin.VerifyEqualKeyword.verifyEqual(VerifyEqualKeyword.groovy:63)
	at com.kms.katalon.core.keyword.builtin.VerifyEqualKeyword.execute(VerifyEqualKeyword.groovy:44)
	at com.kms.katalon.core.keyword.internal.KeywordExecutor.executeKeywordForPlatform(KeywordExecutor.groovy:74)
	at com.kms.katalon.core.keyword.BuiltinKeywords.verifyEqual(BuiltinKeywords.groovy:146)
	at jdk.internal.reflect.GeneratedMethodAccessor25.invoke(Unknown Source)
	at java.base/jdk.internal.reflect.DelegatingMethodAccessorImpl.invoke(DelegatingMethodAccessorImpl.java:43)
	at Выручка в рублях сверка дашбордов ПАО Россети.Blocks(Выручка в рублях сверка дашбордов ПАО Россети:357)
	at Выручка в рублях сверка дашбордов ПАО Россети.ViruchkaChange(Выручка в рублях сверка дашбордов ПАО Россети:60)
	at Выручка в рублях сверка дашбордов ПАО Россети.run(Выручка в рублях сверка дашбордов ПАО Россети:55)
	at com.kms.katalon.core.main.ScriptEngine.run(ScriptEngine.java:194)
	at com.kms.katalon.core.main.ScriptEngine.runScriptAsRawText(ScriptEngine.java:119)
	at com.kms.katalon.core.main.TestCaseExecutor.runScript(TestCaseExecutor.java:448)
	at com.kms.katalon.core.main.TestCaseExecutor.doExecute(TestCaseExecutor.java:439)
	at com.kms.katalon.core.main.TestCaseExecutor.processExecutionPhase(TestCaseExecutor.java:418)
	at com.kms.katalon.core.main.TestCaseExecutor.accessMainPhase(TestCaseExecutor.java:410)
	at com.kms.katalon.core.main.TestCaseExecutor.execute(TestCaseExecutor.java:285)
	at com.kms.katalon.core.common.CommonExecutor.accessTestCaseMainPhase(CommonExecutor.java:65)
	at com.kms.katalon.core.main.TestSuiteExecutor.accessTestSuiteMainPhase(TestSuiteExecutor.java:150)
	at com.kms.katalon.core.main.TestSuiteExecutor.execute(TestSuiteExecutor.java:106)
	at com.kms.katalon.core.main.TestCaseMain.startTestSuite(TestCaseMain.java:180)
	at TempTestSuite1733285972582.run(TempTestSuite1733285972582.groovy:35)
	at java.base/jdk.internal.reflect.NativeMethodAccessorImpl.invoke0(Native Method)
	at java.base/jdk.internal.reflect.NativeMethodAccessorImpl.invoke(NativeMethodAccessorImpl.java:77)
	at java.base/jdk.internal.reflect.DelegatingMethodAccessorImpl.invoke(DelegatingMethodAccessorImpl.java:43)
Caused by: com.kms.katalon.core.exception.StepFailedException: Actual object '-25.61' and expected object '0.07' are not equal
	at com.kms.katalon.core.keyword.builtin.VerifyEqualKeyword$_verifyEqual_closure1.doCall(VerifyEqualKeyword.groovy:58)
	at com.kms.katalon.core.keyword.builtin.VerifyEqualKeyword$_verifyEqual_closure1.call(VerifyEqualKeyword.groovy)
	at com.kms.katalon.core.keyword.internal.KeywordMain.runKeyword(KeywordMain.groovy:75)
	... 24 more


04-12-2024T07:32:17 - [TEST_STEP][PASSED] - date = new java.util.Date(): null

04-12-2024T07:32:17 - [TEST_STEP][PASSED] - todaysDate = date.format("dd.MM.yyyy"): null

04-12-2024T07:32:17 - [TEST_STEP][PASSED] - println(todaysDate): null

04-12-2024T07:32:17 - [TEST_STEP][PASSED] - run = 1: null

04-12-2024T07:32:17 - [TEST_STEP][PASSED] - vir = 1: null

04-12-2024T07:32:17 - [TEST_STEP][PASSED] - block = 1: null

04-12-2024T07:32:17 - [TEST_STEP][PASSED] - vidget = <not implemented yet for class: org.codehaus.groovy.ast.expr.EmptyExpression>: null

04-12-2024T07:32:17 - [TEST_STEP][PASSED] - nameOfBlock = <not implemented yet for class: org.codehaus.groovy.ast.expr.EmptyExpression>: null

04-12-2024T07:32:17 - [TEST_STEP][PASSED] - typeOfData = <not implemented yet for class: org.codehaus.groovy.ast.expr.EmptyExpression>: null

04-12-2024T07:32:17 - [TEST_STEP][PASSED] - viruchka = <not implemented yet for class: org.codehaus.groovy.ast.expr.EmptyExpression>: null

04-12-2024T07:32:17 - [TEST_STEP][PASSED] - a = <not implemented yet for class: org.codehaus.groovy.ast.expr.EmptyExpression>: null

04-12-2024T07:32:17 - [TEST_STEP][PASSED] - b = <not implemented yet for class: org.codehaus.groovy.ast.expr.EmptyExpression>: null

04-12-2024T07:32:17 - [TEST_STEP][PASSED] - x = <not implemented yet for class: org.codehaus.groovy.ast.expr.EmptyExpression>: null

04-12-2024T07:32:17 - [TEST_STEP][PASSED] - y = <not implemented yet for class: org.codehaus.groovy.ast.expr.EmptyExpression>: null

04-12-2024T07:32:17 - [TEST_STEP][PASSED] - dZO = "ПАО Россети": null

04-12-2024T07:32:17 - [TEST_STEP][PASSED] - for ([run = 1, run < 3, (run++)]): null

04-12-2024T07:32:17 - [TEST_STEP][PASSED] - Script1710234207206.ViruchkaChange(run, vir, block, nameOfBlock, typeOfData, viruchka, vidget, todaysDate, a, b, dZO, x, y): null

04-12-2024T07:32:17 - [TEST_STEP][PASSED] - for ([vir = 1, vir < 4, (vir++)]): null

04-12-2024T07:32:17 - [TEST_STEP][PASSED] - Script1710234207206.Blocks(run, vir, block, nameOfBlock, typeOfData, viruchka, vidget, todaysDate, a, b, dZO, x, y): null

04-12-2024T07:32:17 - [TEST_STEP][PASSED] - i = <not implemented yet for class: org.codehaus.groovy.ast.expr.EmptyExpression>: null

04-12-2024T07:32:17 - [TEST_STEP][PASSED] - perc = "": null

04-12-2024T07:32:17 - [TEST_STEP][PASSED] - a1 = <not implemented yet for class: org.codehaus.groovy.ast.expr.EmptyExpression>: null

04-12-2024T07:32:17 - [TEST_STEP][PASSED] - a2 = <not implemented yet for class: org.codehaus.groovy.ast.expr.EmptyExpression>: null

04-12-2024T07:32:17 - [TEST_STEP][PASSED] - a30 = <not implemented yet for class: org.codehaus.groovy.ast.expr.EmptyExpression>: null

04-12-2024T07:32:17 - [TEST_STEP][PASSED] - a31 = <not implemented yet for class: org.codehaus.groovy.ast.expr.EmptyExpression>: null

04-12-2024T07:32:17 - [TEST_STEP][PASSED] - a32 = <not implemented yet for class: org.codehaus.groovy.ast.expr.EmptyExpression>: null

04-12-2024T07:32:17 - [TEST_STEP][PASSED] - a33 = <not implemented yet for class: org.codehaus.groovy.ast.expr.EmptyExpression>: null

04-12-2024T07:32:17 - [TEST_STEP][PASSED] - a34 = <not implemented yet for class: org.codehaus.groovy.ast.expr.EmptyExpression>: null

04-12-2024T07:32:17 - [TEST_STEP][PASSED] - a35 = <not implemented yet for class: org.codehaus.groovy.ast.expr.EmptyExpression>: null

04-12-2024T07:32:17 - [TEST_STEP][PASSED] - a36 = <not implemented yet for class: org.codehaus.groovy.ast.expr.EmptyExpression>: null

04-12-2024T07:32:17 - [TEST_STEP][PASSED] - a37 = <not implemented yet for class: org.codehaus.groovy.ast.expr.EmptyExpression>: null

04-12-2024T07:32:17 - [TEST_STEP][PASSED] - a38 = <not implemented yet for class: org.codehaus.groovy.ast.expr.EmptyExpression>: null

04-12-2024T07:32:17 - [TEST_STEP][PASSED] - a39 = <not implemented yet for class: org.codehaus.groovy.ast.expr.EmptyExpression>: null

04-12-2024T07:32:17 - [TEST_STEP][PASSED] - a310 = <not implemented yet for class: org.codehaus.groovy.ast.expr.EmptyExpression>: null

04-12-2024T07:32:17 - [TEST_STEP][PASSED] - a311 = <not implemented yet for class: org.codehaus.groovy.ast.expr.EmptyExpression>: null

04-12-2024T07:32:17 - [TEST_STEP][PASSED] - a312 = <not implemented yet for class: org.codehaus.groovy.ast.expr.EmptyExpression>: null

04-12-2024T07:32:17 - [TEST_STEP][PASSED] - a313 = <not implemented yet for class: org.codehaus.groovy.ast.expr.EmptyExpression>: null

04-12-2024T07:32:17 - [TEST_STEP][PASSED] - a314 = <not implemented yet for class: org.codehaus.groovy.ast.expr.EmptyExpression>: null

04-12-2024T07:32:17 - [TEST_STEP][PASSED] - a315 = <not implemented yet for class: org.codehaus.groovy.ast.expr.EmptyExpression>: null

04-12-2024T07:32:17 - [TEST_STEP][PASSED] - a316 = <not implemented yet for class: org.codehaus.groovy.ast.expr.EmptyExpression>: null

04-12-2024T07:32:17 - [TEST_STEP][PASSED] - a317 = <not implemented yet for class: org.codehaus.groovy.ast.expr.EmptyExpression>: null

04-12-2024T07:32:17 - [TEST_STEP][PASSED] - b1 = <not implemented yet for class: org.codehaus.groovy.ast.expr.EmptyExpression>: null

04-12-2024T07:32:17 - [TEST_STEP][PASSED] - b2 = <not implemented yet for class: org.codehaus.groovy.ast.expr.EmptyExpression>: null

04-12-2024T07:32:17 - [TEST_STEP][PASSED] - b30 = <not implemented yet for class: org.codehaus.groovy.ast.expr.EmptyExpression>: null

04-12-2024T07:32:17 - [TEST_STEP][PASSED] - b31 = <not implemented yet for class: org.codehaus.groovy.ast.expr.EmptyExpression>: null

04-12-2024T07:32:17 - [TEST_STEP][PASSED] - b32 = <not implemented yet for class: org.codehaus.groovy.ast.expr.EmptyExpression>: null

04-12-2024T07:32:17 - [TEST_STEP][PASSED] - b33 = <not implemented yet for class: org.codehaus.groovy.ast.expr.EmptyExpression>: null

04-12-2024T07:32:17 - [TEST_STEP][PASSED] - b34 = <not implemented yet for class: org.codehaus.groovy.ast.expr.EmptyExpression>: null

04-12-2024T07:32:17 - [TEST_STEP][PASSED] - b35 = <not implemented yet for class: org.codehaus.groovy.ast.expr.EmptyExpression>: null

04-12-2024T07:32:17 - [TEST_STEP][PASSED] - b36 = <not implemented yet for class: org.codehaus.groovy.ast.expr.EmptyExpression>: null

04-12-2024T07:32:17 - [TEST_STEP][PASSED] - b37 = <not implemented yet for class: org.codehaus.groovy.ast.expr.EmptyExpression>: null

04-12-2024T07:32:17 - [TEST_STEP][PASSED] - b38 = <not implemented yet for class: org.codehaus.groovy.ast.expr.EmptyExpression>: null

04-12-2024T07:32:17 - [TEST_STEP][PASSED] - b39 = <not implemented yet for class: org.codehaus.groovy.ast.expr.EmptyExpression>: null

04-12-2024T07:32:17 - [TEST_STEP][PASSED] - b310 = <not implemented yet for class: org.codehaus.groovy.ast.expr.EmptyExpression>: null

04-12-2024T07:32:17 - [TEST_STEP][PASSED] - b311 = <not implemented yet for class: org.codehaus.groovy.ast.expr.EmptyExpression>: null

04-12-2024T07:32:17 - [TEST_STEP][PASSED] - b312 = <not implemented yet for class: org.codehaus.groovy.ast.expr.EmptyExpression>: null

04-12-2024T07:32:17 - [TEST_STEP][PASSED] - b313 = <not implemented yet for class: org.codehaus.groovy.ast.expr.EmptyExpression>: null

04-12-2024T07:32:17 - [TEST_STEP][PASSED] - b314 = <not implemented yet for class: org.codehaus.groovy.ast.expr.EmptyExpression>: null

04-12-2024T07:32:17 - [TEST_STEP][PASSED] - b315 = <not implemented yet for class: org.codehaus.groovy.ast.expr.EmptyExpression>: null

04-12-2024T07:32:17 - [TEST_STEP][PASSED] - b316 = <not implemented yet for class: org.codehaus.groovy.ast.expr.EmptyExpression>: null

04-12-2024T07:32:17 - [TEST_STEP][PASSED] - b317 = <not implemented yet for class: org.codehaus.groovy.ast.expr.EmptyExpression>: null

04-12-2024T07:32:17 - [TEST_STEP][PASSED] - block = 1: null

04-12-2024T07:32:17 - [TEST_STEP][PASSED] - nameOfBlock = "": null

04-12-2024T07:32:17 - [TEST_STEP][PASSED] - Script1710234207206.PreSettings(run, vir, block, nameOfBlock, typeOfData, todaysDate): null

04-12-2024T07:32:17 - [TEST_STEP][PASSED] - openBrowser(""): Browser is opened with url: ''

04-12-2024T07:32:17 - [MESSAGE][INFO] - Starting 'Chrome' driver

04-12-2024T07:32:17 - [MESSAGE][INFO] - Action delay is set to 0 milliseconds

04-12-2024T07:32:18 - [MESSAGE][PASSED] - Browser is opened with url: ''

04-12-2024T07:32:18 - [TEST_STEP][PASSED] - refresh(): Refresh successfully

04-12-2024T07:32:18 - [MESSAGE][PASSED] - Refresh successfully

04-12-2024T07:32:18 - [TEST_STEP][PASSED] - delay(50): Delayed 50 second(s)

04-12-2024T07:33:08 - [MESSAGE][PASSED] - Delayed 50 second(s)

04-12-2024T07:33:08 - [TEST_STEP][PASSED] - println("run:" + run): null

04-12-2024T07:33:08 - [TEST_STEP][PASSED] - println("vir:" + vir): null

04-12-2024T07:33:08 - [TEST_STEP][PASSED] - println("block:" + block): null

04-12-2024T07:33:08 - [TEST_STEP][PASSED] - if (block == 1): null

04-12-2024T07:33:08 - [TEST_STEP][PASSED] - nameOfBlock = "": null

04-12-2024T07:33:08 - [TEST_STEP][PASSED] - println("nameOfBlock:" + nameOfBlock): null

04-12-2024T07:33:08 - [TEST_STEP][PASSED] - println("typeOfData:" + typeOfData): null

04-12-2024T07:33:08 - [TEST_STEP][PASSED] - println("todaysDate:" + todaysDate): null

04-12-2024T07:33:08 - [TEST_STEP][PASSED] - Script1710234207206.Autorization(block, nameOfBlock): null

04-12-2024T07:33:08 - [TEST_STEP][PASSED] - i = <not implemented yet for class: org.codehaus.groovy.ast.expr.EmptyExpression>: null

04-12-2024T07:33:08 - [TEST_STEP][PASSED] - ii = <not implemented yet for class: org.codehaus.groovy.ast.expr.EmptyExpression>: null

04-12-2024T07:33:08 - [TEST_STEP][PASSED] - urlData = <not implemented yet for class: org.codehaus.groovy.ast.expr.EmptyExpression>: null

04-12-2024T07:33:08 - [TEST_STEP][PASSED] - searchWord = <not implemented yet for class: org.codehaus.groovy.ast.expr.EmptyExpression>: null

04-12-2024T07:33:08 - [TEST_STEP][PASSED] - urlText = <not implemented yet for class: org.codehaus.groovy.ast.expr.EmptyExpression>: null

04-12-2024T07:33:08 - [TEST_STEP][PASSED] - println("block:" + block): null

04-12-2024T07:33:08 - [TEST_STEP][PASSED] - if (block == 1): null

04-12-2024T07:33:08 - [TEST_STEP][PASSED] - nameOfBlock = "": null

04-12-2024T07:33:08 - [TEST_STEP][PASSED] - println("nameOfBlock:" + nameOfBlock): null

04-12-2024T07:33:08 - [TEST_STEP][PASSED] - if (block == 1): Delayed 45 second(s)

04-12-2024T07:33:08 - [TEST_STEP][PASSED] - urlData = 2: null

04-12-2024T07:33:08 - [TEST_STEP][PASSED] - delay(45): Delayed 45 second(s)

04-12-2024T07:33:53 - [MESSAGE][PASSED] - Delayed 45 second(s)

04-12-2024T07:33:53 - [TEST_STEP][PASSED] - navigateToUrl(findTestData("PlanFact").getValue(10, urlData)): Navigate to 'https://bi.rosseti.digital/viewer?dashboardGuid=2301950b23be4ed89c1df75f2020051e&sheetGuid=b723206f698544fb87299f3095c00435&fit=true' successfully

04-12-2024T07:34:23 - [MESSAGE][PASSED] - Navigate to 'https://bi.rosseti.digital/viewer?dashboardGuid=2301950b23be4ed89c1df75f2020051e&sheetGuid=b723206f698544fb87299f3095c00435&fit=true' successfully

04-12-2024T07:34:23 - [TEST_STEP][PASSED] - urlText = getText(findTestObject("Страница авторизации/Text")): Text of object 'Object Repository/Страница авторизации/Text' is: 'Вход'

04-12-2024T07:34:24 - [MESSAGE][PASSED] - Text of object 'Object Repository/Страница авторизации/Text' is: 'Вход'

04-12-2024T07:34:24 - [TEST_STEP][PASSED] - searchWord = "Вход": null

04-12-2024T07:34:24 - [TEST_STEP][PASSED] - if (urlText == null || urlText.contains("ошибка") || urlText.contains(searchWord) == false): null

04-12-2024T07:34:24 - [TEST_STEP][PASSED] - if (verifyElementPresent(findTestObject("Страница авторизации/button_"), 30) == true): null

04-12-2024T07:34:24 - [MESSAGE][PASSED] - Object 'Object Repository/Страница авторизации/button_' is present

04-12-2024T07:34:24 - [TEST_STEP][PASSED] - setText(findTestObject("Страница авторизации/input__username"), findTestData("PlanFact").getValue(8, 1)): Text 'liazgina-di' is set on object 'Object Repository/Страница авторизации/input__username'

04-12-2024T07:34:25 - [MESSAGE][PASSED] - Text 'liazgina-di' is set on object 'Object Repository/Страница авторизации/input__username'

04-12-2024T07:34:25 - [TEST_STEP][PASSED] - setText(findTestObject("Страница авторизации/input__password"), findTestData("PlanFact").getValue(9, 1)): Text ')$%5srZ8o688Dm#q' is set on object 'Object Repository/Страница авторизации/input__password'

04-12-2024T07:34:25 - [MESSAGE][PASSED] - Text ')$%5srZ8o688Dm#q' is set on object 'Object Repository/Страница авторизации/input__password'

04-12-2024T07:34:25 - [TEST_STEP][PASSED] - click(findTestObject("Страница авторизации/button_")): Object: 'Object Repository/Страница авторизации/button_' is clicked on

04-12-2024T07:34:28 - [MESSAGE][PASSED] - Object: 'Object Repository/Страница авторизации/button_' is clicked on

04-12-2024T07:34:28 - [TEST_STEP][PASSED] - delay(45): Delayed 45 second(s)

04-12-2024T07:35:13 - [MESSAGE][PASSED] - Delayed 45 second(s)

04-12-2024T07:35:13 - [TEST_STEP][PASSED] - urlText = getText(findTestObject("Страница авторизации/Text")): Text of object 'Object Repository/Страница авторизации/Text' is: 'Период
1, 2, 3 кв., Октябрь 2024 года
Выручка
Все
Выполнение плановых показателей по ПАО Россети за 1, 2, 3 кв., Октябрь 2024 года
План
Факт
Динамика
2024 год
0 млн.руб.
100 000 млн.руб.
200 000 млн.руб.
300 000 млн.руб.
400 000 млн.руб.
500 000 млн.руб.
600 000 млн.руб.
700 000 млн.руб.
800 000 млн.руб.
900 000 млн.руб.
1 000 000 млн.руб.
1 100 000 млн.руб.
1 200 000 млн.руб.
1 300 000 млн.руб.
1 400 000 млн.руб.
1 180 677
1 181 459
↑
ДЗО 
Все
Внутренний оборот - выручка за услуги по передаче электрической энергии, учтенная в выручке за электроэнергию для конечных потребителей, при выполнении ДЗО функций гарантирующего поставщика
Подписи данных
⬤Отклонение
АО «Тываэнерго»
АО «Чеченэнерго»
Россети Волга
Россети Кубань
Россети Ленэнерго (ГК)
Россети Московский регион
Россети Северный Кавказ (ГК)
Россети Северо-Запад
Россети Сибирь (ГК)
Россети Томск
Россети Тюмень
Россети Урал (ГК)
Россети ФСК ЕЭС
Россети Центр
Россети Центр и Приволжье (ГК)
Россети Юг (ГК)
Россети Янтарь
-25 000млн.руб.
-20 000млн.руб.
-15 000млн.руб.
-10 000млн.руб.
-5 000млн.руб.
0млн.руб.
5 000млн.руб.
10 …
-30 000млн.руб.
300
101
156
3 953
4 462
7 500
888
878
1 274
238
-5 106
1 955
-24 344
2 435
4 419
1 357
318
млн.
%
Выручка
Отклонение выручки по ПАО Россети за 1, 2, 3 кв., Октябрь 2024 года (факт/план, млн. руб)
ПАО Россети
782.4 млн.руб.
 '

04-12-2024T07:35:14 - [MESSAGE][PASSED] - Text of object 'Object Repository/Страница авторизации/Text' is: 'Период
1, 2, 3 кв., Октябрь 2024 года
Выручка
Все
Выполнение плановых показателей по ПАО Россети за 1, 2, 3 кв., Октябрь 2024 года
План
Факт
Динамика
2024 год
0 млн.руб.
100 000 млн.руб.
200 000 млн.руб.
300 000 млн.руб.
400 000 млн.руб.
500 000 млн.руб.
600 000 млн.руб.
700 000 млн.руб.
800 000 млн.руб.
900 000 млн.руб.
1 000 000 млн.руб.
1 100 000 млн.руб.
1 200 000 млн.руб.
1 300 000 млн.руб.
1 400 000 млн.руб.
1 180 677
1 181 459
↑
ДЗО 
Все
Внутренний оборот - выручка за услуги по передаче электрической энергии, учтенная в выручке за электроэнергию для конечных потребителей, при выполнении ДЗО функций гарантирующего поставщика
Подписи данных
⬤Отклонение
АО «Тываэнерго»
АО «Чеченэнерго»
Россети Волга
Россети Кубань
Россети Ленэнерго (ГК)
Россети Московский регион
Россети Северный Кавказ (ГК)
Россети Северо-Запад
Россети Сибирь (ГК)
Россети Томск
Россети Тюмень
Россети Урал (ГК)
Россети ФСК ЕЭС
Россети Центр
Россети Центр и Приволжье (ГК)
Россети Юг (ГК)
Россети Янтарь
-25 000млн.руб.
-20 000млн.руб.
-15 000млн.руб.
-10 000млн.руб.
-5 000млн.руб.
0млн.руб.
5 000млн.руб.
10 …
-30 000млн.руб.
300
101
156
3 953
4 462
7 500
888
878
1 274
238
-5 106
1 955
-24 344
2 435
4 419
1 357
318
млн.
%
Выручка
Отклонение выручки по ПАО Россети за 1, 2, 3 кв., Октябрь 2024 года (факт/план, млн. руб)
ПАО Россети
782.4 млн.руб.
 '

04-12-2024T07:35:14 - [TEST_STEP][PASSED] - searchWord = "а": null

04-12-2024T07:35:14 - [TEST_STEP][PASSED] - if (urlText.contains("ошибка") || urlText.contains(searchWord) == false): null

04-12-2024T07:35:14 - [TEST_STEP][PASSED] - delay(45): Delayed 45 second(s)

04-12-2024T07:35:59 - [MESSAGE][PASSED] - Delayed 45 second(s)

04-12-2024T07:35:59 - [TEST_STEP][PASSED] - if (block == 2): null

04-12-2024T07:35:59 - [TEST_STEP][PASSED] - click(findTestObject("Выручка в рублях/Фильтр Период" + nameOfBlock)): Object: 'Object Repository/Выручка в рублях/Фильтр Период' is clicked on

04-12-2024T07:36:00 - [MESSAGE][PASSED] - Object: 'Object Repository/Выручка в рублях/Фильтр Период' is clicked on

04-12-2024T07:36:00 - [TEST_STEP][PASSED] - click(findTestObject("Выручка в рублях/Снять выделение в фильтре Дата" + nameOfBlock)): Object: 'Object Repository/Выручка в рублях/Снять выделение в фильтре Дата' is clicked on

04-12-2024T07:36:00 - [MESSAGE][PASSED] - Object: 'Object Repository/Выручка в рублях/Снять выделение в фильтре Дата' is clicked on

04-12-2024T07:36:00 - [TEST_STEP][PASSED] - click(findTestObject("Выручка в рублях/Применить в фильтре Дата" + nameOfBlock)): Object: 'Object Repository/Выручка в рублях/Применить в фильтре Дата' is clicked on

04-12-2024T07:36:01 - [MESSAGE][PASSED] - Object: 'Object Repository/Выручка в рублях/Применить в фильтре Дата' is clicked on

04-12-2024T07:36:01 - [TEST_STEP][PASSED] - delay(50): Delayed 50 second(s)

04-12-2024T07:36:51 - [MESSAGE][PASSED] - Delayed 50 second(s)

04-12-2024T07:36:51 - [TEST_STEP][PASSED] - click(findTestObject("Выручка в рублях/Фильтр Период" + nameOfBlock)): Object: 'Object Repository/Выручка в рублях/Фильтр Период' is clicked on

04-12-2024T07:36:51 - [MESSAGE][PASSED] - Object: 'Object Repository/Выручка в рублях/Фильтр Период' is clicked on

04-12-2024T07:36:51 - [TEST_STEP][PASSED] - click(findTestObject("Выручка в рублях/Снять выделение в фильтре Дата" + nameOfBlock)): Object: 'Object Repository/Выручка в рублях/Снять выделение в фильтре Дата' is clicked on

04-12-2024T07:36:52 - [MESSAGE][PASSED] - Object: 'Object Repository/Выручка в рублях/Снять выделение в фильтре Дата' is clicked on

04-12-2024T07:36:52 - [TEST_STEP][PASSED] - scrollToElement(findTestObject("Выручка в рублях/2024 список" + nameOfBlock), 30): Scroll to object 'Object Repository/Выручка в рублях/2024 список' successfully

04-12-2024T07:36:52 - [MESSAGE][PASSED] - Scroll to object 'Object Repository/Выручка в рублях/2024 список' successfully

04-12-2024T07:36:52 - [TEST_STEP][PASSED] - click(findTestObject("Выручка в рублях/2024 список" + nameOfBlock)): Object: 'Object Repository/Выручка в рублях/2024 список' is clicked on

04-12-2024T07:36:52 - [MESSAGE][PASSED] - Object: 'Object Repository/Выручка в рублях/2024 список' is clicked on

04-12-2024T07:36:52 - [TEST_STEP][PASSED] - scrollToElement(findTestObject("Выручка в рублях/1 квартал 2024 выбрать" + nameOfBlock), 30): Scroll to object 'Object Repository/Выручка в рублях/1 квартал 2024 выбрать' successfully

04-12-2024T07:36:53 - [MESSAGE][PASSED] - Scroll to object 'Object Repository/Выручка в рублях/1 квартал 2024 выбрать' successfully

04-12-2024T07:36:53 - [TEST_STEP][PASSED] - click(findTestObject("Выручка в рублях/1 квартал 2024 выбрать" + nameOfBlock)): Object: 'Object Repository/Выручка в рублях/1 квартал 2024 выбрать' is clicked on

04-12-2024T07:36:53 - [MESSAGE][PASSED] - Object: 'Object Repository/Выручка в рублях/1 квартал 2024 выбрать' is clicked on

04-12-2024T07:36:53 - [TEST_STEP][PASSED] - scrollToElement(findTestObject("Выручка в рублях/2 квартал 2024 выбрать" + nameOfBlock), 30): Scroll to object 'Object Repository/Выручка в рублях/2 квартал 2024 выбрать' successfully

04-12-2024T07:36:54 - [MESSAGE][PASSED] - Scroll to object 'Object Repository/Выручка в рублях/2 квартал 2024 выбрать' successfully

04-12-2024T07:36:54 - [TEST_STEP][PASSED] - click(findTestObject("Выручка в рублях/2 квартал 2024 выбрать" + nameOfBlock)): Object: 'Object Repository/Выручка в рублях/2 квартал 2024 выбрать' is clicked on

04-12-2024T07:36:54 - [MESSAGE][PASSED] - Object: 'Object Repository/Выручка в рублях/2 квартал 2024 выбрать' is clicked on

04-12-2024T07:36:54 - [TEST_STEP][PASSED] - scrollToElement(findTestObject("Выручка в рублях/3 квартал 2024 список" + nameOfBlock), 30): Scroll to object 'Object Repository/Выручка в рублях/3 квартал 2024 список' successfully

04-12-2024T07:36:55 - [MESSAGE][PASSED] - Scroll to object 'Object Repository/Выручка в рублях/3 квартал 2024 список' successfully

04-12-2024T07:36:55 - [TEST_STEP][PASSED] - click(findTestObject("Выручка в рублях/3 квартал 2024" + nameOfBlock)): Object: 'Object Repository/Выручка в рублях/3 квартал 2024' is clicked on

04-12-2024T07:36:55 - [MESSAGE][PASSED] - Object: 'Object Repository/Выручка в рублях/3 квартал 2024' is clicked on

04-12-2024T07:36:55 - [TEST_STEP][PASSED] - scrollToElement(findTestObject("Выручка в рублях/4 квартал 2024 список" + nameOfBlock), 30): Scroll to object 'Object Repository/Выручка в рублях/4 квартал 2024 список' successfully

04-12-2024T07:36:55 - [MESSAGE][PASSED] - Scroll to object 'Object Repository/Выручка в рублях/4 квартал 2024 список' successfully

04-12-2024T07:36:55 - [TEST_STEP][PASSED] - click(findTestObject("Выручка в рублях/4 квартал 2024 список" + nameOfBlock)): Object: 'Object Repository/Выручка в рублях/4 квартал 2024 список' is clicked on

04-12-2024T07:36:56 - [MESSAGE][PASSED] - Object: 'Object Repository/Выручка в рублях/4 квартал 2024 список' is clicked on

04-12-2024T07:36:56 - [TEST_STEP][PASSED] - scrollToElement(findTestObject("Выручка в рублях/Октябрь 2024" + nameOfBlock), 30): Scroll to object 'Object Repository/Выручка в рублях/Октябрь 2024' successfully

04-12-2024T07:36:56 - [MESSAGE][PASSED] - Scroll to object 'Object Repository/Выручка в рублях/Октябрь 2024' successfully

04-12-2024T07:36:56 - [TEST_STEP][PASSED] - click(findTestObject("Выручка в рублях/Октябрь 2024" + nameOfBlock)): Object: 'Object Repository/Выручка в рублях/Октябрь 2024' is clicked on

04-12-2024T07:36:56 - [MESSAGE][PASSED] - Object: 'Object Repository/Выручка в рублях/Октябрь 2024' is clicked on

04-12-2024T07:36:56 - [TEST_STEP][PASSED] - scrollToElement(findTestObject("Выручка в рублях/Заголовок дашборда" + nameOfBlock), 30): Scroll to object 'Object Repository/Выручка в рублях/Заголовок дашборда' successfully

04-12-2024T07:36:57 - [MESSAGE][PASSED] - Scroll to object 'Object Repository/Выручка в рублях/Заголовок дашборда' successfully

04-12-2024T07:36:57 - [TEST_STEP][PASSED] - click(findTestObject("Выручка в рублях/Применить в фильтре Дата" + nameOfBlock)): Object: 'Object Repository/Выручка в рублях/Применить в фильтре Дата' is clicked on

04-12-2024T07:36:57 - [MESSAGE][PASSED] - Object: 'Object Repository/Выручка в рублях/Применить в фильтре Дата' is clicked on

04-12-2024T07:36:57 - [TEST_STEP][PASSED] - delay(55): Delayed 55 second(s)

04-12-2024T07:37:52 - [MESSAGE][PASSED] - Delayed 55 second(s)

04-12-2024T07:37:52 - [TEST_STEP][PASSED] - click(findTestObject("Выручка в рублях/Фильтр ДЗО" + nameOfBlock)): Object: 'Object Repository/Выручка в рублях/Фильтр ДЗО' is clicked on

04-12-2024T07:37:53 - [MESSAGE][PASSED] - Object: 'Object Repository/Выручка в рублях/Фильтр ДЗО' is clicked on

04-12-2024T07:37:53 - [TEST_STEP][PASSED] - click(findTestObject("Выручка в рублях/Снять выделение в фильтре ДЗО" + nameOfBlock)): Object: 'Object Repository/Выручка в рублях/Снять выделение в фильтре ДЗО' is clicked on

04-12-2024T07:37:53 - [MESSAGE][PASSED] - Object: 'Object Repository/Выручка в рублях/Снять выделение в фильтре ДЗО' is clicked on

04-12-2024T07:37:53 - [TEST_STEP][PASSED] - click(findTestObject("Выручка в рублях/Применить в фильтре ДЗО" + nameOfBlock)): Object: 'Object Repository/Выручка в рублях/Применить в фильтре ДЗО' is clicked on

04-12-2024T07:37:54 - [MESSAGE][PASSED] - Object: 'Object Repository/Выручка в рублях/Применить в фильтре ДЗО' is clicked on

04-12-2024T07:37:54 - [TEST_STEP][PASSED] - delay(50): Delayed 50 second(s)

04-12-2024T07:38:44 - [MESSAGE][PASSED] - Delayed 50 second(s)

04-12-2024T07:38:44 - [TEST_STEP][PASSED] - Script1710234207206.Tumbler(run, vir, block, nameOfBlock): null

04-12-2024T07:38:44 - [TEST_STEP][PASSED] - println("run:" + run): null

04-12-2024T07:38:44 - [TEST_STEP][PASSED] - println("vir:" + vir): null

04-12-2024T07:38:44 - [TEST_STEP][PASSED] - println("block:" + block): null

04-12-2024T07:38:44 - [TEST_STEP][PASSED] - println("nameOfBlock:" + nameOfBlock): null

04-12-2024T07:38:44 - [TEST_STEP][PASSED] - if (vir == 1): null

04-12-2024T07:38:44 - [TEST_STEP][PASSED] - if (run == 2): null

04-12-2024T07:38:44 - [TEST_STEP][PASSED] - click(findTestObject("Выручка в рублях/Фильтр ДЗО" + nameOfBlock)): Object: 'Object Repository/Выручка в рублях/Фильтр ДЗО' is clicked on

04-12-2024T07:38:44 - [MESSAGE][PASSED] - Object: 'Object Repository/Выручка в рублях/Фильтр ДЗО' is clicked on

04-12-2024T07:38:44 - [TEST_STEP][PASSED] - Script1710234207206.Rosseti(nameOfBlock): null

04-12-2024T07:38:44 - [TEST_STEP][PASSED] - println("nameOfBlock:" + nameOfBlock): null

04-12-2024T07:38:44 - [TEST_STEP][PASSED] - click(findTestObject("Выручка в рублях/ПАО Россети" + nameOfBlock)): Object: 'Object Repository/Выручка в рублях/ПАО Россети' is clicked on

04-12-2024T07:38:45 - [MESSAGE][PASSED] - Object: 'Object Repository/Выручка в рублях/ПАО Россети' is clicked on

04-12-2024T07:38:45 - [TEST_STEP][PASSED] - click(findTestObject("Выручка в рублях/Применить в фильтре ДЗО" + nameOfBlock)): Object: 'Object Repository/Выручка в рублях/Применить в фильтре ДЗО' is clicked on

04-12-2024T07:38:45 - [MESSAGE][PASSED] - Object: 'Object Repository/Выручка в рублях/Применить в фильтре ДЗО' is clicked on

04-12-2024T07:38:45 - [TEST_STEP][PASSED] - if (run == 2): null

04-12-2024T07:38:45 - [TEST_STEP][PASSED] - if (vir == 1 || vir == 2): Text of object 'Object Repository/Выручка в рублях/График План' is: '1 180 677'

04-12-2024T07:38:45 - [TEST_STEP][PASSED] - a1 = getText(findTestObject("Выручка в рублях/График План")): Text of object 'Object Repository/Выручка в рублях/График План' is: '1 180 677'

04-12-2024T07:38:49 - [MESSAGE][PASSED] - Text of object 'Object Repository/Выручка в рублях/График План' is: '1 180 677'

04-12-2024T07:38:49 - [TEST_STEP][PASSED] - if (vir == 1 || vir == 2): Text of object 'Object Repository/Выручка в рублях/График Факт' is: '1 181 459'

04-12-2024T07:38:49 - [TEST_STEP][PASSED] - a2 = getText(findTestObject("Выручка в рублях/График Факт")): Text of object 'Object Repository/Выручка в рублях/График Факт' is: '1 181 459'

04-12-2024T07:38:49 - [MESSAGE][PASSED] - Text of object 'Object Repository/Выручка в рублях/График Факт' is: '1 181 459'

04-12-2024T07:38:49 - [TEST_STEP][PASSED] - a30 = getText(findTestObject("Выручка в рублях/span1" + perc)): Text of object 'Object Repository/Выручка в рублях/span1' is: '782.4 млн.руб.'

04-12-2024T07:38:49 - [MESSAGE][PASSED] - Text of object 'Object Repository/Выручка в рублях/span1' is: '782.4 млн.руб.'

04-12-2024T07:38:49 - [TEST_STEP][PASSED] - i = a30.indexOf("млн.руб."): null

04-12-2024T07:38:49 - [TEST_STEP][PASSED] - if (i > -1): null

04-12-2024T07:38:49 - [TEST_STEP][PASSED] - a30 = a30.substring(0, i): null

04-12-2024T07:38:49 - [TEST_STEP][PASSED] - a30 = a30.replaceAll(" ", ""): null

04-12-2024T07:38:49 - [TEST_STEP][PASSED] - if (a30.contains("%")): null

04-12-2024T07:38:49 - [TEST_STEP][PASSED] - a30 = ").trim(): null

04-12-2024T07:38:49 - [TEST_STEP][PASSED] - println("a30: " + a30): null

04-12-2024T07:38:49 - [TEST_STEP][PASSED] - if (vir == 1 || vir == 2): Text of object 'Object Repository/Выручка в рублях/span2' is: '300'

04-12-2024T07:38:49 - [TEST_STEP][PASSED] - a31 = ").trim(): Text of object 'Object Repository/Выручка в рублях/span2' is: '300'

04-12-2024T07:38:50 - [MESSAGE][PASSED] - Text of object 'Object Repository/Выручка в рублях/span2' is: '300'

04-12-2024T07:38:50 - [TEST_STEP][PASSED] - if (vir == 1 || vir == 2): Text of object 'Object Repository/Выручка в рублях/span3' is: '101'

04-12-2024T07:38:50 - [TEST_STEP][PASSED] - a32 = ").trim(): Text of object 'Object Repository/Выручка в рублях/span3' is: '101'

04-12-2024T07:38:50 - [MESSAGE][PASSED] - Text of object 'Object Repository/Выручка в рублях/span3' is: '101'

04-12-2024T07:38:50 - [TEST_STEP][PASSED] - if (vir == 1 || vir == 2): Text of object 'Object Repository/Выручка в рублях/span8' is: '888'

04-12-2024T07:38:50 - [TEST_STEP][PASSED] - a33 = ").trim(): Text of object 'Object Repository/Выручка в рублях/span4' is: '156'

04-12-2024T07:38:50 - [MESSAGE][PASSED] - Text of object 'Object Repository/Выручка в рублях/span4' is: '156'

04-12-2024T07:38:50 - [TEST_STEP][PASSED] - a34 = ").trim(): Text of object 'Object Repository/Выручка в рублях/span5' is: '3 953'

04-12-2024T07:38:50 - [MESSAGE][PASSED] - Text of object 'Object Repository/Выручка в рублях/span5' is: '3 953'

04-12-2024T07:38:50 - [TEST_STEP][PASSED] - a35 = ").trim(): Text of object 'Object Repository/Выручка в рублях/span6' is: '4 462'

04-12-2024T07:38:51 - [MESSAGE][PASSED] - Text of object 'Object Repository/Выручка в рублях/span6' is: '4 462'

04-12-2024T07:38:51 - [TEST_STEP][PASSED] - a36 = ").trim(): Text of object 'Object Repository/Выручка в рублях/span7' is: '7 500'

04-12-2024T07:38:51 - [MESSAGE][PASSED] - Text of object 'Object Repository/Выручка в рублях/span7' is: '7 500'

04-12-2024T07:38:51 - [TEST_STEP][PASSED] - a37 = ").trim(): Text of object 'Object Repository/Выручка в рублях/span8' is: '888'

04-12-2024T07:38:51 - [MESSAGE][PASSED] - Text of object 'Object Repository/Выручка в рублях/span8' is: '888'

04-12-2024T07:38:51 - [TEST_STEP][PASSED] - if (vir == 1 || vir == 2): Text of object 'Object Repository/Выручка в рублях/span17' is: '1 357'

04-12-2024T07:38:51 - [TEST_STEP][PASSED] - a38 = ").trim(): Text of object 'Object Repository/Выручка в рублях/span9' is: '878'

04-12-2024T07:38:52 - [MESSAGE][PASSED] - Text of object 'Object Repository/Выручка в рублях/span9' is: '878'

04-12-2024T07:38:52 - [TEST_STEP][PASSED] - a39 = ").trim(): Text of object 'Object Repository/Выручка в рублях/span10' is: '1 274'

04-12-2024T07:38:52 - [MESSAGE][PASSED] - Text of object 'Object Repository/Выручка в рублях/span10' is: '1 274'

04-12-2024T07:38:52 - [TEST_STEP][PASSED] - a310 = ").trim(): Text of object 'Object Repository/Выручка в рублях/span11' is: '238'

04-12-2024T07:38:52 - [MESSAGE][PASSED] - Text of object 'Object Repository/Выручка в рублях/span11' is: '238'

04-12-2024T07:38:52 - [TEST_STEP][PASSED] - a311 = ").trim(): Text of object 'Object Repository/Выручка в рублях/span12' is: '-5 106'

04-12-2024T07:38:53 - [MESSAGE][PASSED] - Text of object 'Object Repository/Выручка в рублях/span12' is: '-5 106'

04-12-2024T07:38:53 - [TEST_STEP][PASSED] - a312 = ").trim(): Text of object 'Object Repository/Выручка в рублях/span13' is: '1 955'

04-12-2024T07:38:53 - [MESSAGE][PASSED] - Text of object 'Object Repository/Выручка в рублях/span13' is: '1 955'

04-12-2024T07:38:53 - [TEST_STEP][PASSED] - a313 = ").trim(): Text of object 'Object Repository/Выручка в рублях/span14' is: '-24 344'

04-12-2024T07:38:53 - [MESSAGE][PASSED] - Text of object 'Object Repository/Выручка в рублях/span14' is: '-24 344'

04-12-2024T07:38:53 - [TEST_STEP][PASSED] - a314 = ").trim(): Text of object 'Object Repository/Выручка в рублях/span15' is: '2 435'

04-12-2024T07:38:53 - [MESSAGE][PASSED] - Text of object 'Object Repository/Выручка в рублях/span15' is: '2 435'

04-12-2024T07:38:53 - [TEST_STEP][PASSED] - a315 = ").trim(): Text of object 'Object Repository/Выручка в рублях/span16' is: '4 419'

04-12-2024T07:38:54 - [MESSAGE][PASSED] - Text of object 'Object Repository/Выручка в рублях/span16' is: '4 419'

04-12-2024T07:38:54 - [TEST_STEP][PASSED] - a316 = ").trim(): Text of object 'Object Repository/Выручка в рублях/span17' is: '1 357'

04-12-2024T07:38:54 - [MESSAGE][PASSED] - Text of object 'Object Repository/Выручка в рублях/span17' is: '1 357'

04-12-2024T07:38:54 - [TEST_STEP][PASSED] - if (vir == 1 || vir == 2): Text of object 'Object Repository/Выручка в рублях/span18' is: '318'

04-12-2024T07:38:54 - [TEST_STEP][PASSED] - a317 = ").trim(): Text of object 'Object Repository/Выручка в рублях/span18' is: '318'

04-12-2024T07:38:54 - [MESSAGE][PASSED] - Text of object 'Object Repository/Выручка в рублях/span18' is: '318'

04-12-2024T07:38:54 - [TEST_STEP][PASSED] - block = 2: null

04-12-2024T07:38:54 - [TEST_STEP][PASSED] - nameOfBlock = " Выручка": null

04-12-2024T07:38:54 - [TEST_STEP][PASSED] - Script1710234207206.PreSettings(run, vir, block, nameOfBlock, typeOfData, todaysDate): null

04-12-2024T07:38:54 - [TEST_STEP][PASSED] - openBrowser(""): Browser is opened with url: ''

04-12-2024T07:38:54 - [MESSAGE][WARNING] - A browser is already opened. Closing browser and opening a new one

04-12-2024T07:38:55 - [MESSAGE][INFO] - Starting 'Chrome' driver

04-12-2024T07:38:55 - [MESSAGE][INFO] - Action delay is set to 0 milliseconds

04-12-2024T07:38:55 - [MESSAGE][PASSED] - Browser is opened with url: ''

04-12-2024T07:38:55 - [TEST_STEP][PASSED] - refresh(): Refresh successfully

04-12-2024T07:38:55 - [MESSAGE][PASSED] - Refresh successfully

04-12-2024T07:38:55 - [TEST_STEP][PASSED] - delay(50): Delayed 50 second(s)

04-12-2024T07:39:45 - [MESSAGE][PASSED] - Delayed 50 second(s)

04-12-2024T07:39:45 - [TEST_STEP][PASSED] - println("run:" + run): null

04-12-2024T07:39:45 - [TEST_STEP][PASSED] - println("vir:" + vir): null

04-12-2024T07:39:45 - [TEST_STEP][PASSED] - println("block:" + block): null

04-12-2024T07:39:45 - [TEST_STEP][PASSED] - if (block == 1): null

04-12-2024T07:39:45 - [TEST_STEP][PASSED] - else: null

04-12-2024T07:39:45 - [TEST_STEP][PASSED] - nameOfBlock = " Выручка": null

04-12-2024T07:39:45 - [TEST_STEP][PASSED] - println("nameOfBlock:" + nameOfBlock): null

04-12-2024T07:39:45 - [TEST_STEP][PASSED] - println("typeOfData:" + typeOfData): null

04-12-2024T07:39:45 - [TEST_STEP][PASSED] - println("todaysDate:" + todaysDate): null

04-12-2024T07:39:45 - [TEST_STEP][PASSED] - Script1710234207206.Autorization(block, nameOfBlock): null

04-12-2024T07:39:45 - [TEST_STEP][PASSED] - i = <not implemented yet for class: org.codehaus.groovy.ast.expr.EmptyExpression>: null

04-12-2024T07:39:45 - [TEST_STEP][PASSED] - ii = <not implemented yet for class: org.codehaus.groovy.ast.expr.EmptyExpression>: null

04-12-2024T07:39:45 - [TEST_STEP][PASSED] - urlData = <not implemented yet for class: org.codehaus.groovy.ast.expr.EmptyExpression>: null

04-12-2024T07:39:45 - [TEST_STEP][PASSED] - searchWord = <not implemented yet for class: org.codehaus.groovy.ast.expr.EmptyExpression>: null

04-12-2024T07:39:45 - [TEST_STEP][PASSED] - urlText = <not implemented yet for class: org.codehaus.groovy.ast.expr.EmptyExpression>: null

04-12-2024T07:39:45 - [TEST_STEP][PASSED] - println("block:" + block): null

04-12-2024T07:39:45 - [TEST_STEP][PASSED] - if (block == 1): null

04-12-2024T07:39:45 - [TEST_STEP][PASSED] - else: null

04-12-2024T07:39:45 - [TEST_STEP][PASSED] - delay(45): Delayed 45 second(s)

04-12-2024T07:40:30 - [MESSAGE][PASSED] - Delayed 45 second(s)

04-12-2024T07:40:30 - [TEST_STEP][PASSED] - nameOfBlock = " Выручка": null

04-12-2024T07:40:30 - [TEST_STEP][PASSED] - println("nameOfBlock:" + nameOfBlock): null

04-12-2024T07:40:30 - [TEST_STEP][PASSED] - if (block == 1): null

04-12-2024T07:40:30 - [TEST_STEP][PASSED] - else: Delayed 45 second(s)

04-12-2024T07:40:30 - [TEST_STEP][PASSED] - urlData = 9: null

04-12-2024T07:40:30 - [TEST_STEP][PASSED] - delay(45): Delayed 45 second(s)

04-12-2024T07:41:15 - [MESSAGE][PASSED] - Delayed 45 second(s)

04-12-2024T07:41:15 - [TEST_STEP][PASSED] - navigateToUrl(findTestData("PlanFact").getValue(10, urlData)): Navigate to 'https://bi.rosseti.digital/viewer?dashboardGuid=a1fd28b3785d443cbc4d7690a1d78e31&sheetGuid=86092a20c5984827a0c87b24cac76a50&fit=true' successfully

04-12-2024T07:41:25 - [MESSAGE][PASSED] - Navigate to 'https://bi.rosseti.digital/viewer?dashboardGuid=a1fd28b3785d443cbc4d7690a1d78e31&sheetGuid=86092a20c5984827a0c87b24cac76a50&fit=true' successfully

04-12-2024T07:41:25 - [TEST_STEP][PASSED] - urlText = getText(findTestObject("Страница авторизации/Text")): Text of object 'Object Repository/Страница авторизации/Text' is: 'Вход'

04-12-2024T07:41:32 - [MESSAGE][PASSED] - Text of object 'Object Repository/Страница авторизации/Text' is: 'Вход'

04-12-2024T07:41:32 - [TEST_STEP][PASSED] - searchWord = "Вход": null

04-12-2024T07:41:32 - [TEST_STEP][PASSED] - if (urlText == null || urlText.contains("ошибка") || urlText.contains(searchWord) == false): null

04-12-2024T07:41:32 - [TEST_STEP][PASSED] - if (verifyElementPresent(findTestObject("Страница авторизации/button_"), 30) == true): null

04-12-2024T07:41:32 - [MESSAGE][PASSED] - Object 'Object Repository/Страница авторизации/button_' is present

04-12-2024T07:41:32 - [TEST_STEP][PASSED] - setText(findTestObject("Страница авторизации/input__username"), findTestData("PlanFact").getValue(8, 1)): Text 'liazgina-di' is set on object 'Object Repository/Страница авторизации/input__username'

04-12-2024T07:41:33 - [MESSAGE][PASSED] - Text 'liazgina-di' is set on object 'Object Repository/Страница авторизации/input__username'

04-12-2024T07:41:33 - [TEST_STEP][PASSED] - setText(findTestObject("Страница авторизации/input__password"), findTestData("PlanFact").getValue(9, 1)): Text ')$%5srZ8o688Dm#q' is set on object 'Object Repository/Страница авторизации/input__password'

04-12-2024T07:41:34 - [MESSAGE][PASSED] - Text ')$%5srZ8o688Dm#q' is set on object 'Object Repository/Страница авторизации/input__password'

04-12-2024T07:41:34 - [TEST_STEP][PASSED] - click(findTestObject("Страница авторизации/button_")): Object: 'Object Repository/Страница авторизации/button_' is clicked on

04-12-2024T07:41:37 - [MESSAGE][PASSED] - Object: 'Object Repository/Страница авторизации/button_' is clicked on

04-12-2024T07:41:37 - [TEST_STEP][PASSED] - delay(45): Delayed 45 second(s)

04-12-2024T07:42:22 - [MESSAGE][PASSED] - Delayed 45 second(s)

04-12-2024T07:42:22 - [TEST_STEP][PASSED] - urlText = getText(findTestObject("Страница авторизации/Text")): Text of object 'Object Repository/Страница авторизации/Text' is: 'Период
Январь, Февраль, Март, Апрель, Май, Июнь, Июль, Август, Сентябрь, Октябрь 2024 года
Выручка
Все
Выполнение плановых показателей по ПАО Россети за Январь, Февраль, Март, Апрель, Май, Июнь, Июль, Август, Сентябрь, Октябрь 2024 года
План
Факт
Динамика
2024 год
0 млн.руб.
100 000 млн.руб.
200 000 млн.руб.
300 000 млн.руб.
400 000 млн.руб.
500 000 млн.руб.
600 000 млн.руб.
700 000 млн.руб.
800 000 млн.руб.
900 000 млн.руб.
1 000 000 млн.руб.
1 100 000 млн.руб.
1 200 000 млн.руб.
1 300 000 млн.руб.
1 400 000 млн.руб.
1 180 677
1 181 459
↑
ДЗО 
Все
Подписи данных
⬤Отклонение
АО «Тываэнерго»
АО «Чеченэнерго»
Россети Волга
Россети Кубань
Россети Ленэнерго (ГК)
Россети Московский регион
Россети Северный Кавказ (ГК)
Россети Северо-Запад
Россети Сибирь (ГК)
Россети Томск
Россети Тюмень
Россети Урал (ГК)
Россети ФСК ЕЭС
Россети Центр
Россети Центр и Приволжье (ГК)
Россети Юг (ГК)
Россети Янтарь
-27 500 млн.руб.
-25 000 млн.руб.
-22 500 млн.руб.
-20 000 млн.руб.
-17 500 млн.руб.
-15 000 млн.руб.
-12 500 млн.руб.
-10 000 млн.руб.
-7 500 млн.руб.
-5 000 млн.руб.
-2 500 млн.руб.
0 млн.руб.
2 500 млн.руб.
5 000 млн.руб.
7 500 млн.руб.
10 000 млн.руб.
300
101
156
3 953
4 462
7 500
888
878
1 274
238
-5 106
1 955
-24 344
2 435
4 419
1 357
318
млн.
%
Выручка
Отклонение выручки по ПАО Россети за Январь, Февраль, Март, Апрель, Май, Июнь, Июль, Август, Сентябрь, Октябрь 2024 года (факт/план, млн. руб)
ПАО Россети
782.4 млн.руб.
Статус данных
×
Просьба обратить внимание
Данные занесены не полностью
ВЫБРАННЫЕ ЗНАЧЕНИЯ ФИЛЬТРОВ
ДЗО | ПЕРИОД
ПАО Россети: [«Выбраны все филиалы по всем ДЗО по всем категориям»]
2024: [Янв, Фев, Мар, Апр, Май, Июн, Июл, Авг, Сен, Окт]
*Внутренний оборот'

04-12-2024T07:42:23 - [MESSAGE][PASSED] - Text of object 'Object Repository/Страница авторизации/Text' is: 'Период
Январь, Февраль, Март, Апрель, Май, Июнь, Июль, Август, Сентябрь, Октябрь 2024 года
Выручка
Все
Выполнение плановых показателей по ПАО Россети за Январь, Февраль, Март, Апрель, Май, Июнь, Июль, Август, Сентябрь, Октябрь 2024 года
План
Факт
Динамика
2024 год
0 млн.руб.
100 000 млн.руб.
200 000 млн.руб.
300 000 млн.руб.
400 000 млн.руб.
500 000 млн.руб.
600 000 млн.руб.
700 000 млн.руб.
800 000 млн.руб.
900 000 млн.руб.
1 000 000 млн.руб.
1 100 000 млн.руб.
1 200 000 млн.руб.
1 300 000 млн.руб.
1 400 000 млн.руб.
1 180 677
1 181 459
↑
ДЗО 
Все
Подписи данных
⬤Отклонение
АО «Тываэнерго»
АО «Чеченэнерго»
Россети Волга
Россети Кубань
Россети Ленэнерго (ГК)
Россети Московский регион
Россети Северный Кавказ (ГК)
Россети Северо-Запад
Россети Сибирь (ГК)
Россети Томск
Россети Тюмень
Россети Урал (ГК)
Россети ФСК ЕЭС
Россети Центр
Россети Центр и Приволжье (ГК)
Россети Юг (ГК)
Россети Янтарь
-27 500 млн.руб.
-25 000 млн.руб.
-22 500 млн.руб.
-20 000 млн.руб.
-17 500 млн.руб.
-15 000 млн.руб.
-12 500 млн.руб.
-10 000 млн.руб.
-7 500 млн.руб.
-5 000 млн.руб.
-2 500 млн.руб.
0 млн.руб.
2 500 млн.руб.
5 000 млн.руб.
7 500 млн.руб.
10 000 млн.руб.
300
101
156
3 953
4 462
7 500
888
878
1 274
238
-5 106
1 955
-24 344
2 435
4 419
1 357
318
млн.
%
Выручка
Отклонение выручки по ПАО Россети за Январь, Февраль, Март, Апрель, Май, Июнь, Июль, Август, Сентябрь, Октябрь 2024 года (факт/план, млн. руб)
ПАО Россети
782.4 млн.руб.
Статус данных
×
Просьба обратить внимание
Данные занесены не полностью
ВЫБРАННЫЕ ЗНАЧЕНИЯ ФИЛЬТРОВ
ДЗО | ПЕРИОД
ПАО Россети: [«Выбраны все филиалы по всем ДЗО по всем категориям»]
2024: [Янв, Фев, Мар, Апр, Май, Июн, Июл, Авг, Сен, Окт]
*Внутренний оборот'

04-12-2024T07:42:23 - [TEST_STEP][PASSED] - searchWord = "а": null

04-12-2024T07:42:23 - [TEST_STEP][PASSED] - if (urlText.contains("ошибка") || urlText.contains(searchWord) == false): null

04-12-2024T07:42:23 - [TEST_STEP][PASSED] - delay(45): Delayed 45 second(s)

04-12-2024T07:43:08 - [MESSAGE][PASSED] - Delayed 45 second(s)

04-12-2024T07:43:08 - [TEST_STEP][PASSED] - if (block == 2): Delayed 50 second(s)

04-12-2024T07:43:08 - [TEST_STEP][PASSED] - opoveshenie = getText(findTestObject("Выручка в рублях/Просьба обратить внимание")): Text of object 'Object Repository/Выручка в рублях/Просьба обратить внимание' is: 'Просьба обратить внимание'

04-12-2024T07:43:08 - [MESSAGE][PASSED] - Text of object 'Object Repository/Выручка в рублях/Просьба обратить внимание' is: 'Просьба обратить внимание'

04-12-2024T07:43:08 - [TEST_STEP][PASSED] - if (opoveshenie == "Просьба обратить внимание"): Delayed 50 second(s)

04-12-2024T07:43:08 - [TEST_STEP][PASSED] - click(findTestObject("Выручка в рублях/Закрыть оповещение")): Object: 'Object Repository/Выручка в рублях/Закрыть оповещение' is clicked on

04-12-2024T07:43:08 - [MESSAGE][PASSED] - Object: 'Object Repository/Выручка в рублях/Закрыть оповещение' is clicked on

04-12-2024T07:43:08 - [TEST_STEP][PASSED] - delay(50): Delayed 50 second(s)

04-12-2024T07:43:58 - [MESSAGE][PASSED] - Delayed 50 second(s)

04-12-2024T07:43:58 - [TEST_STEP][PASSED] - click(findTestObject("Выручка в рублях/Фильтр Период" + nameOfBlock)): Object: 'Object Repository/Выручка в рублях/Фильтр Период Выручка' is clicked on

04-12-2024T07:43:59 - [MESSAGE][PASSED] - Object: 'Object Repository/Выручка в рублях/Фильтр Период Выручка' is clicked on

04-12-2024T07:43:59 - [TEST_STEP][PASSED] - click(findTestObject("Выручка в рублях/Снять выделение в фильтре Дата" + nameOfBlock)): Object: 'Object Repository/Выручка в рублях/Снять выделение в фильтре Дата Выручка' is clicked on

04-12-2024T07:43:59 - [MESSAGE][PASSED] - Object: 'Object Repository/Выручка в рублях/Снять выделение в фильтре Дата Выручка' is clicked on

04-12-2024T07:43:59 - [TEST_STEP][PASSED] - click(findTestObject("Выручка в рублях/Применить в фильтре Дата" + nameOfBlock)): Object: 'Object Repository/Выручка в рублях/Применить в фильтре Дата Выручка' is clicked on

04-12-2024T07:44:00 - [MESSAGE][PASSED] - Object: 'Object Repository/Выручка в рублях/Применить в фильтре Дата Выручка' is clicked on

04-12-2024T07:44:00 - [TEST_STEP][PASSED] - delay(50): Delayed 50 second(s)

04-12-2024T07:44:50 - [MESSAGE][PASSED] - Delayed 50 second(s)

04-12-2024T07:44:50 - [TEST_STEP][PASSED] - click(findTestObject("Выручка в рублях/Фильтр Период" + nameOfBlock)): Object: 'Object Repository/Выручка в рублях/Фильтр Период Выручка' is clicked on

04-12-2024T07:44:50 - [MESSAGE][PASSED] - Object: 'Object Repository/Выручка в рублях/Фильтр Период Выручка' is clicked on

04-12-2024T07:44:50 - [TEST_STEP][PASSED] - click(findTestObject("Выручка в рублях/Снять выделение в фильтре Дата" + nameOfBlock)): Object: 'Object Repository/Выручка в рублях/Снять выделение в фильтре Дата Выручка' is clicked on

04-12-2024T07:44:51 - [MESSAGE][PASSED] - Object: 'Object Repository/Выручка в рублях/Снять выделение в фильтре Дата Выручка' is clicked on

04-12-2024T07:44:51 - [TEST_STEP][PASSED] - scrollToElement(findTestObject("Выручка в рублях/2024 список" + nameOfBlock), 30): Scroll to object 'Object Repository/Выручка в рублях/2024 список Выручка' successfully

04-12-2024T07:44:51 - [MESSAGE][PASSED] - Scroll to object 'Object Repository/Выручка в рублях/2024 список Выручка' successfully

04-12-2024T07:44:51 - [TEST_STEP][PASSED] - click(findTestObject("Выручка в рублях/2024 список" + nameOfBlock)): Object: 'Object Repository/Выручка в рублях/2024 список Выручка' is clicked on

04-12-2024T07:44:51 - [MESSAGE][PASSED] - Object: 'Object Repository/Выручка в рублях/2024 список Выручка' is clicked on

04-12-2024T07:44:51 - [TEST_STEP][PASSED] - scrollToElement(findTestObject("Выручка в рублях/1 квартал 2024 выбрать" + nameOfBlock), 30): Scroll to object 'Object Repository/Выручка в рублях/1 квартал 2024 выбрать Выручка' successfully

04-12-2024T07:44:52 - [MESSAGE][PASSED] - Scroll to object 'Object Repository/Выручка в рублях/1 квартал 2024 выбрать Выручка' successfully

04-12-2024T07:44:52 - [TEST_STEP][PASSED] - click(findTestObject("Выручка в рублях/1 квартал 2024 выбрать" + nameOfBlock)): Object: 'Object Repository/Выручка в рублях/1 квартал 2024 выбрать Выручка' is clicked on

04-12-2024T07:44:52 - [MESSAGE][PASSED] - Object: 'Object Repository/Выручка в рублях/1 квартал 2024 выбрать Выручка' is clicked on

04-12-2024T07:44:52 - [TEST_STEP][PASSED] - scrollToElement(findTestObject("Выручка в рублях/2 квартал 2024 выбрать" + nameOfBlock), 30): Scroll to object 'Object Repository/Выручка в рублях/2 квартал 2024 выбрать Выручка' successfully

04-12-2024T07:44:53 - [MESSAGE][PASSED] - Scroll to object 'Object Repository/Выручка в рублях/2 квартал 2024 выбрать Выручка' successfully

04-12-2024T07:44:53 - [TEST_STEP][PASSED] - click(findTestObject("Выручка в рублях/2 квартал 2024 выбрать" + nameOfBlock)): Object: 'Object Repository/Выручка в рублях/2 квартал 2024 выбрать Выручка' is clicked on

04-12-2024T07:44:53 - [MESSAGE][PASSED] - Object: 'Object Repository/Выручка в рублях/2 квартал 2024 выбрать Выручка' is clicked on

04-12-2024T07:44:53 - [TEST_STEP][PASSED] - scrollToElement(findTestObject("Выручка в рублях/3 квартал 2024 список" + nameOfBlock), 30): Scroll to object 'Object Repository/Выручка в рублях/3 квартал 2024 список Выручка' successfully

04-12-2024T07:44:54 - [MESSAGE][PASSED] - Scroll to object 'Object Repository/Выручка в рублях/3 квартал 2024 список Выручка' successfully

04-12-2024T07:44:54 - [TEST_STEP][PASSED] - click(findTestObject("Выручка в рублях/3 квартал 2024" + nameOfBlock)): Object: 'Object Repository/Выручка в рублях/3 квартал 2024 Выручка' is clicked on

04-12-2024T07:44:54 - [MESSAGE][PASSED] - Object: 'Object Repository/Выручка в рублях/3 квартал 2024 Выручка' is clicked on

04-12-2024T07:44:54 - [TEST_STEP][PASSED] - scrollToElement(findTestObject("Выручка в рублях/4 квартал 2024 список" + nameOfBlock), 30): Scroll to object 'Object Repository/Выручка в рублях/4 квартал 2024 список Выручка' successfully

04-12-2024T07:44:54 - [MESSAGE][PASSED] - Scroll to object 'Object Repository/Выручка в рублях/4 квартал 2024 список Выручка' successfully

04-12-2024T07:44:54 - [TEST_STEP][PASSED] - click(findTestObject("Выручка в рублях/4 квартал 2024 список" + nameOfBlock)): Object: 'Object Repository/Выручка в рублях/4 квартал 2024 список Выручка' is clicked on

04-12-2024T07:44:55 - [MESSAGE][PASSED] - Object: 'Object Repository/Выручка в рублях/4 квартал 2024 список Выручка' is clicked on

04-12-2024T07:44:55 - [TEST_STEP][PASSED] - scrollToElement(findTestObject("Выручка в рублях/Октябрь 2024" + nameOfBlock), 30): Scroll to object 'Object Repository/Выручка в рублях/Октябрь 2024 Выручка' successfully

04-12-2024T07:44:55 - [MESSAGE][PASSED] - Scroll to object 'Object Repository/Выручка в рублях/Октябрь 2024 Выручка' successfully

04-12-2024T07:44:55 - [TEST_STEP][PASSED] - click(findTestObject("Выручка в рублях/Октябрь 2024" + nameOfBlock)): Object: 'Object Repository/Выручка в рублях/Октябрь 2024 Выручка' is clicked on

04-12-2024T07:44:55 - [MESSAGE][PASSED] - Object: 'Object Repository/Выручка в рублях/Октябрь 2024 Выручка' is clicked on

04-12-2024T07:44:55 - [TEST_STEP][PASSED] - scrollToElement(findTestObject("Выручка в рублях/Заголовок дашборда" + nameOfBlock), 30): Scroll to object 'Object Repository/Выручка в рублях/Заголовок дашборда Выручка' successfully

04-12-2024T07:44:56 - [MESSAGE][PASSED] - Scroll to object 'Object Repository/Выручка в рублях/Заголовок дашборда Выручка' successfully

04-12-2024T07:44:56 - [TEST_STEP][PASSED] - click(findTestObject("Выручка в рублях/Применить в фильтре Дата" + nameOfBlock)): Object: 'Object Repository/Выручка в рублях/Применить в фильтре Дата Выручка' is clicked on

04-12-2024T07:44:56 - [MESSAGE][PASSED] - Object: 'Object Repository/Выручка в рублях/Применить в фильтре Дата Выручка' is clicked on

04-12-2024T07:44:56 - [TEST_STEP][PASSED] - delay(55): Delayed 55 second(s)

04-12-2024T07:45:51 - [MESSAGE][PASSED] - Delayed 55 second(s)

04-12-2024T07:45:51 - [TEST_STEP][PASSED] - click(findTestObject("Выручка в рублях/Фильтр ДЗО" + nameOfBlock)): Object: 'Object Repository/Выручка в рублях/Фильтр ДЗО Выручка' is clicked on

04-12-2024T07:45:52 - [MESSAGE][PASSED] - Object: 'Object Repository/Выручка в рублях/Фильтр ДЗО Выручка' is clicked on

04-12-2024T07:45:52 - [TEST_STEP][PASSED] - click(findTestObject("Выручка в рублях/Снять выделение в фильтре ДЗО" + nameOfBlock)): Object: 'Object Repository/Выручка в рублях/Снять выделение в фильтре ДЗО Выручка' is clicked on

04-12-2024T07:45:52 - [MESSAGE][PASSED] - Object: 'Object Repository/Выручка в рублях/Снять выделение в фильтре ДЗО Выручка' is clicked on

04-12-2024T07:45:52 - [TEST_STEP][PASSED] - click(findTestObject("Выручка в рублях/Применить в фильтре ДЗО" + nameOfBlock)): Object: 'Object Repository/Выручка в рублях/Применить в фильтре ДЗО Выручка' is clicked on

04-12-2024T07:45:53 - [MESSAGE][PASSED] - Object: 'Object Repository/Выручка в рублях/Применить в фильтре ДЗО Выручка' is clicked on

04-12-2024T07:45:53 - [TEST_STEP][PASSED] - delay(50): Delayed 50 second(s)

04-12-2024T07:46:43 - [MESSAGE][PASSED] - Delayed 50 second(s)

04-12-2024T07:46:43 - [TEST_STEP][PASSED] - Script1710234207206.Tumbler(run, vir, block, nameOfBlock): null

04-12-2024T07:46:43 - [TEST_STEP][PASSED] - println("run:" + run): null

04-12-2024T07:46:43 - [TEST_STEP][PASSED] - println("vir:" + vir): null

04-12-2024T07:46:43 - [TEST_STEP][PASSED] - println("block:" + block): null

04-12-2024T07:46:43 - [TEST_STEP][PASSED] - println("nameOfBlock:" + nameOfBlock): null

04-12-2024T07:46:43 - [TEST_STEP][PASSED] - if (vir == 1): null

04-12-2024T07:46:43 - [TEST_STEP][PASSED] - if (run == 2): null

04-12-2024T07:46:43 - [TEST_STEP][PASSED] - click(findTestObject("Выручка в рублях/Фильтр ДЗО" + nameOfBlock)): Object: 'Object Repository/Выручка в рублях/Фильтр ДЗО Выручка' is clicked on

04-12-2024T07:46:43 - [MESSAGE][PASSED] - Object: 'Object Repository/Выручка в рублях/Фильтр ДЗО Выручка' is clicked on

04-12-2024T07:46:43 - [TEST_STEP][PASSED] - Script1710234207206.Rosseti(nameOfBlock): null

04-12-2024T07:46:43 - [TEST_STEP][PASSED] - println("nameOfBlock:" + nameOfBlock): null

04-12-2024T07:46:43 - [TEST_STEP][PASSED] - click(findTestObject("Выручка в рублях/ПАО Россети" + nameOfBlock)): Object: 'Object Repository/Выручка в рублях/ПАО Россети Выручка' is clicked on

04-12-2024T07:46:44 - [MESSAGE][PASSED] - Object: 'Object Repository/Выручка в рублях/ПАО Россети Выручка' is clicked on

04-12-2024T07:46:44 - [TEST_STEP][PASSED] - click(findTestObject("Выручка в рублях/Применить в фильтре ДЗО" + nameOfBlock)): Object: 'Object Repository/Выручка в рублях/Применить в фильтре ДЗО Выручка' is clicked on

04-12-2024T07:46:45 - [MESSAGE][PASSED] - Object: 'Object Repository/Выручка в рублях/Применить в фильтре ДЗО Выручка' is clicked on

04-12-2024T07:46:45 - [TEST_STEP][PASSED] - if (vir == 1 || vir == 2): Text of object 'Object Repository/Выручка в рублях/График План Выручка' is: '1 180 677'

04-12-2024T07:46:45 - [TEST_STEP][PASSED] - b1 = getText(findTestObject("Выручка в рублях/График План Выручка")): Text of object 'Object Repository/Выручка в рублях/График План Выручка' is: '1 180 677'

04-12-2024T07:46:47 - [MESSAGE][PASSED] - Text of object 'Object Repository/Выручка в рублях/График План Выручка' is: '1 180 677'

04-12-2024T07:46:47 - [TEST_STEP][PASSED] - if (vir == 1 || vir == 2): Text of object 'Object Repository/Выручка в рублях/График Факт Выручка' is: '1 181 459'

04-12-2024T07:46:47 - [TEST_STEP][PASSED] - b2 = getText(findTestObject("Выручка в рублях/График Факт Выручка")): Text of object 'Object Repository/Выручка в рублях/График Факт Выручка' is: '1 181 459'

04-12-2024T07:46:47 - [MESSAGE][PASSED] - Text of object 'Object Repository/Выручка в рублях/График Факт Выручка' is: '1 181 459'

04-12-2024T07:46:47 - [TEST_STEP][PASSED] - b30 = getText(findTestObject("Выручка в рублях/span1" + perc)): Text of object 'Object Repository/Выручка в рублях/span1' is: '782.4 млн.руб.'

04-12-2024T07:46:47 - [MESSAGE][PASSED] - Text of object 'Object Repository/Выручка в рублях/span1' is: '782.4 млн.руб.'

04-12-2024T07:46:47 - [TEST_STEP][PASSED] - i = b30.indexOf("млн.руб."): null

04-12-2024T07:46:47 - [TEST_STEP][PASSED] - if (i > -1): null

04-12-2024T07:46:47 - [TEST_STEP][PASSED] - b30 = b30.substring(0, i): null

04-12-2024T07:46:47 - [TEST_STEP][PASSED] - b30 = b30.replaceAll(" ", ""): null

04-12-2024T07:46:47 - [TEST_STEP][PASSED] - if (b30.contains("%")): null

04-12-2024T07:46:47 - [TEST_STEP][PASSED] - b30 = ").trim(): null

04-12-2024T07:46:47 - [TEST_STEP][PASSED] - println("b30: " + b30): null

04-12-2024T07:46:47 - [TEST_STEP][PASSED] - if (vir == 1 || vir == 2): Text of object 'Object Repository/Выручка в рублях/span2' is: '300'

04-12-2024T07:46:47 - [TEST_STEP][PASSED] - b31 = ").trim(): Text of object 'Object Repository/Выручка в рублях/span2' is: '300'

04-12-2024T07:46:47 - [MESSAGE][PASSED] - Text of object 'Object Repository/Выручка в рублях/span2' is: '300'

04-12-2024T07:46:47 - [TEST_STEP][PASSED] - if (vir == 1 || vir == 2): Text of object 'Object Repository/Выручка в рублях/span3' is: '101'

04-12-2024T07:46:47 - [TEST_STEP][PASSED] - b32 = ").trim(): Text of object 'Object Repository/Выручка в рублях/span3' is: '101'

04-12-2024T07:46:48 - [MESSAGE][PASSED] - Text of object 'Object Repository/Выручка в рублях/span3' is: '101'

04-12-2024T07:46:48 - [TEST_STEP][PASSED] - if (vir == 1 || vir == 2): Text of object 'Object Repository/Выручка в рублях/span8' is: '888'

04-12-2024T07:46:48 - [TEST_STEP][PASSED] - b33 = ").trim(): Text of object 'Object Repository/Выручка в рублях/span4' is: '156'

04-12-2024T07:46:48 - [MESSAGE][PASSED] - Text of object 'Object Repository/Выручка в рублях/span4' is: '156'

04-12-2024T07:46:48 - [TEST_STEP][PASSED] - b34 = ").trim(): Text of object 'Object Repository/Выручка в рублях/span5' is: '3 953'

04-12-2024T07:46:48 - [MESSAGE][PASSED] - Text of object 'Object Repository/Выручка в рублях/span5' is: '3 953'

04-12-2024T07:46:48 - [TEST_STEP][PASSED] - b35 = ").trim(): Text of object 'Object Repository/Выручка в рублях/span6' is: '4 462'

04-12-2024T07:46:49 - [MESSAGE][PASSED] - Text of object 'Object Repository/Выручка в рублях/span6' is: '4 462'

04-12-2024T07:46:49 - [TEST_STEP][PASSED] - b36 = ").trim(): Text of object 'Object Repository/Выручка в рублях/span7' is: '7 500'

04-12-2024T07:46:49 - [MESSAGE][PASSED] - Text of object 'Object Repository/Выручка в рублях/span7' is: '7 500'

04-12-2024T07:46:49 - [TEST_STEP][PASSED] - b37 = ").trim(): Text of object 'Object Repository/Выручка в рублях/span8' is: '888'

04-12-2024T07:46:49 - [MESSAGE][PASSED] - Text of object 'Object Repository/Выручка в рублях/span8' is: '888'

04-12-2024T07:46:49 - [TEST_STEP][PASSED] - if (vir == 1 || vir == 2): Text of object 'Object Repository/Выручка в рублях/span17' is: '1 357'

04-12-2024T07:46:49 - [TEST_STEP][PASSED] - b38 = ").trim(): Text of object 'Object Repository/Выручка в рублях/span9' is: '878'

04-12-2024T07:46:50 - [MESSAGE][PASSED] - Text of object 'Object Repository/Выручка в рублях/span9' is: '878'

04-12-2024T07:46:50 - [TEST_STEP][PASSED] - b39 = ").trim(): Text of object 'Object Repository/Выручка в рублях/span10' is: '1 274'

04-12-2024T07:46:50 - [MESSAGE][PASSED] - Text of object 'Object Repository/Выручка в рублях/span10' is: '1 274'

04-12-2024T07:46:50 - [TEST_STEP][PASSED] - b310 = ").trim(): Text of object 'Object Repository/Выручка в рублях/span11' is: '238'

04-12-2024T07:46:50 - [MESSAGE][PASSED] - Text of object 'Object Repository/Выручка в рублях/span11' is: '238'

04-12-2024T07:46:50 - [TEST_STEP][PASSED] - b311 = ").trim(): Text of object 'Object Repository/Выручка в рублях/span12' is: '-5 106'

04-12-2024T07:46:50 - [MESSAGE][PASSED] - Text of object 'Object Repository/Выручка в рублях/span12' is: '-5 106'

04-12-2024T07:46:50 - [TEST_STEP][PASSED] - b312 = ").trim(): Text of object 'Object Repository/Выручка в рублях/span13' is: '1 955'

04-12-2024T07:46:51 - [MESSAGE][PASSED] - Text of object 'Object Repository/Выручка в рублях/span13' is: '1 955'

04-12-2024T07:46:51 - [TEST_STEP][PASSED] - b313 = ").trim(): Text of object 'Object Repository/Выручка в рублях/span14' is: '-24 344'

04-12-2024T07:46:51 - [MESSAGE][PASSED] - Text of object 'Object Repository/Выручка в рублях/span14' is: '-24 344'

04-12-2024T07:46:51 - [TEST_STEP][PASSED] - b314 = ").trim(): Text of object 'Object Repository/Выручка в рублях/span15' is: '2 435'

04-12-2024T07:46:51 - [MESSAGE][PASSED] - Text of object 'Object Repository/Выручка в рублях/span15' is: '2 435'

04-12-2024T07:46:51 - [TEST_STEP][PASSED] - b315 = ").trim(): Text of object 'Object Repository/Выручка в рублях/span16' is: '4 419'

04-12-2024T07:46:52 - [MESSAGE][PASSED] - Text of object 'Object Repository/Выручка в рублях/span16' is: '4 419'

04-12-2024T07:46:52 - [TEST_STEP][PASSED] - b316 = ").trim(): Text of object 'Object Repository/Выручка в рублях/span17' is: '1 357'

04-12-2024T07:46:52 - [MESSAGE][PASSED] - Text of object 'Object Repository/Выручка в рублях/span17' is: '1 357'

04-12-2024T07:46:52 - [TEST_STEP][PASSED] - if (vir == 1 || vir == 2): Text of object 'Object Repository/Выручка в рублях/span18' is: '318'

04-12-2024T07:46:52 - [TEST_STEP][PASSED] - b317 = ").trim(): Text of object 'Object Repository/Выручка в рублях/span18' is: '318'

04-12-2024T07:46:52 - [MESSAGE][PASSED] - Text of object 'Object Repository/Выручка в рублях/span18' is: '318'

04-12-2024T07:46:52 - [TEST_STEP][PASSED] - dZO = "ПАО Россети": null

04-12-2024T07:46:52 - [TEST_STEP][PASSED] - if (verifyEqual(a1, b1) == false): Actual object '1 180 677' and expected object '1 180 677' are equal

04-12-2024T07:46:52 - [MESSAGE][PASSED] - Actual object '1 180 677' and expected object '1 180 677' are equal

04-12-2024T07:46:52 - [TEST_STEP][PASSED] - if (verifyEqual(a2, b2) == false): Actual object '1 181 459' and expected object '1 181 459' are equal

04-12-2024T07:46:52 - [MESSAGE][PASSED] - Actual object '1 181 459' and expected object '1 181 459' are equal

04-12-2024T07:46:52 - [TEST_STEP][PASSED] - vidget = "Отклонения": null

04-12-2024T07:46:52 - [TEST_STEP][PASSED] - if (verifyEqual(a30, b30) == false): Actual object '782.4' and expected object '782.4' are equal

04-12-2024T07:46:52 - [MESSAGE][PASSED] - Actual object '782.4' and expected object '782.4' are equal

04-12-2024T07:46:52 - [TEST_STEP][PASSED] - dZO = "АО «Тываэнерго»": null

04-12-2024T07:46:52 - [TEST_STEP][PASSED] - if (verifyEqual(a31, b31) == false): Actual object '300' and expected object '300' are equal

04-12-2024T07:46:52 - [MESSAGE][PASSED] - Actual object '300' and expected object '300' are equal

04-12-2024T07:46:52 - [TEST_STEP][PASSED] - dZO = "АО «Чеченэнерго»": null

04-12-2024T07:46:52 - [TEST_STEP][PASSED] - if (verifyEqual(a32, b32) == false): Actual object '101' and expected object '101' are equal

04-12-2024T07:46:52 - [MESSAGE][PASSED] - Actual object '101' and expected object '101' are equal

04-12-2024T07:46:52 - [TEST_STEP][PASSED] - dZO = "Россети Волга": null

04-12-2024T07:46:52 - [TEST_STEP][PASSED] - if (verifyEqual(a33, b33) == false): Actual object '156' and expected object '156' are equal

04-12-2024T07:46:52 - [MESSAGE][PASSED] - Actual object '156' and expected object '156' are equal

04-12-2024T07:46:52 - [TEST_STEP][PASSED] - dZO = "Россети Кубань": null

04-12-2024T07:46:52 - [TEST_STEP][PASSED] - if (verifyEqual(a34, b34) == false): Actual object '3 953' and expected object '3 953' are equal

04-12-2024T07:46:52 - [MESSAGE][PASSED] - Actual object '3 953' and expected object '3 953' are equal

04-12-2024T07:46:52 - [TEST_STEP][PASSED] - dZO = "Россети Ленэнерго (ГК)": null

04-12-2024T07:46:52 - [TEST_STEP][PASSED] - if (verifyEqual(a35, b35) == false): Actual object '4 462' and expected object '4 462' are equal

04-12-2024T07:46:52 - [MESSAGE][PASSED] - Actual object '4 462' and expected object '4 462' are equal

04-12-2024T07:46:52 - [TEST_STEP][PASSED] - dZO = "Россети Московский регион": null

04-12-2024T07:46:52 - [TEST_STEP][PASSED] - if (verifyEqual(a36, b36) == false): Actual object '7 500' and expected object '7 500' are equal

04-12-2024T07:46:52 - [MESSAGE][PASSED] - Actual object '7 500' and expected object '7 500' are equal

04-12-2024T07:46:52 - [TEST_STEP][PASSED] - dZO = "Россети Северный Кавказ (ГК)": null

04-12-2024T07:46:52 - [TEST_STEP][PASSED] - if (verifyEqual(a37, b37) == false): Actual object '888' and expected object '888' are equal

04-12-2024T07:46:52 - [MESSAGE][PASSED] - Actual object '888' and expected object '888' are equal

04-12-2024T07:46:52 - [TEST_STEP][PASSED] - dZO = "Россети Северо-Запад": null

04-12-2024T07:46:52 - [TEST_STEP][PASSED] - if (verifyEqual(a38, b38) == false): Actual object '878' and expected object '878' are equal

04-12-2024T07:46:52 - [MESSAGE][PASSED] - Actual object '878' and expected object '878' are equal

04-12-2024T07:46:52 - [TEST_STEP][PASSED] - dZO = "Россети Сибирь (ГК)": null

04-12-2024T07:46:52 - [TEST_STEP][PASSED] - if (verifyEqual(a39, b39) == false): Actual object '1 274' and expected object '1 274' are equal

04-12-2024T07:46:52 - [MESSAGE][PASSED] - Actual object '1 274' and expected object '1 274' are equal

04-12-2024T07:46:52 - [TEST_STEP][PASSED] - dZO = "Россети Томск": null

04-12-2024T07:46:52 - [TEST_STEP][PASSED] - if (verifyEqual(a310, b310) == false): Actual object '238' and expected object '238' are equal

04-12-2024T07:46:52 - [MESSAGE][PASSED] - Actual object '238' and expected object '238' are equal

04-12-2024T07:46:52 - [TEST_STEP][PASSED] - dZO = "Россети Тюмень": null

04-12-2024T07:46:52 - [TEST_STEP][PASSED] - if (verifyEqual(a311, b311) == false): Actual object '-5 106' and expected object '-5 106' are equal

04-12-2024T07:46:52 - [MESSAGE][PASSED] - Actual object '-5 106' and expected object '-5 106' are equal

04-12-2024T07:46:52 - [TEST_STEP][PASSED] - dZO = "Россети Урал (ГК)": null

04-12-2024T07:46:52 - [TEST_STEP][PASSED] - if (verifyEqual(a312, b312) == false): Actual object '1 955' and expected object '1 955' are equal

04-12-2024T07:46:52 - [MESSAGE][PASSED] - Actual object '1 955' and expected object '1 955' are equal

04-12-2024T07:46:52 - [TEST_STEP][PASSED] - dZO = "Россети ФСК ЕЭС": null

04-12-2024T07:46:52 - [TEST_STEP][PASSED] - if (verifyEqual(a313, b313) == false): Actual object '-24 344' and expected object '-24 344' are equal

04-12-2024T07:46:52 - [MESSAGE][PASSED] - Actual object '-24 344' and expected object '-24 344' are equal

04-12-2024T07:46:52 - [TEST_STEP][PASSED] - dZO = "Россети Центр": null

04-12-2024T07:46:52 - [TEST_STEP][PASSED] - if (verifyEqual(a314, b314) == false): Actual object '2 435' and expected object '2 435' are equal

04-12-2024T07:46:52 - [MESSAGE][PASSED] - Actual object '2 435' and expected object '2 435' are equal

04-12-2024T07:46:52 - [TEST_STEP][PASSED] - dZO = "Россети Центр и Приволжье (ГК)": null

04-12-2024T07:46:52 - [TEST_STEP][PASSED] - if (verifyEqual(a315, b315) == false): Actual object '4 419' and expected object '4 419' are equal

04-12-2024T07:46:52 - [MESSAGE][PASSED] - Actual object '4 419' and expected object '4 419' are equal

04-12-2024T07:46:52 - [TEST_STEP][PASSED] - dZO = "Россети Юг (ГК)": null

04-12-2024T07:46:52 - [TEST_STEP][PASSED] - if (verifyEqual(a316, b316) == false): Actual object '1 357' and expected object '1 357' are equal

04-12-2024T07:46:52 - [MESSAGE][PASSED] - Actual object '1 357' and expected object '1 357' are equal

04-12-2024T07:46:52 - [TEST_STEP][PASSED] - dZO = "Россети Янтарь": null

04-12-2024T07:46:52 - [TEST_STEP][PASSED] - if (verifyEqual(a317, b317) == false): Actual object '318' and expected object '318' are equal

04-12-2024T07:46:52 - [MESSAGE][PASSED] - Actual object '318' and expected object '318' are equal

04-12-2024T07:46:52 - [TEST_STEP][PASSED] - closeBrowser(): null

04-12-2024T07:46:53 - [MESSAGE][PASSED] - Browser is closed

04-12-2024T07:46:53 - [TEST_STEP][PASSED] - Script1710234207206.Blocks(run, vir, block, nameOfBlock, typeOfData, viruchka, vidget, todaysDate, a, b, dZO, x, y): null

04-12-2024T07:46:53 - [TEST_STEP][PASSED] - i = <not implemented yet for class: org.codehaus.groovy.ast.expr.EmptyExpression>: null

04-12-2024T07:46:53 - [TEST_STEP][PASSED] - perc = "": null

04-12-2024T07:46:53 - [TEST_STEP][PASSED] - a1 = <not implemented yet for class: org.codehaus.groovy.ast.expr.EmptyExpression>: null

04-12-2024T07:46:53 - [TEST_STEP][PASSED] - a2 = <not implemented yet for class: org.codehaus.groovy.ast.expr.EmptyExpression>: null

04-12-2024T07:46:53 - [TEST_STEP][PASSED] - a30 = <not implemented yet for class: org.codehaus.groovy.ast.expr.EmptyExpression>: null

04-12-2024T07:46:53 - [TEST_STEP][PASSED] - a31 = <not implemented yet for class: org.codehaus.groovy.ast.expr.EmptyExpression>: null

04-12-2024T07:46:53 - [TEST_STEP][PASSED] - a32 = <not implemented yet for class: org.codehaus.groovy.ast.expr.EmptyExpression>: null

04-12-2024T07:46:53 - [TEST_STEP][PASSED] - a33 = <not implemented yet for class: org.codehaus.groovy.ast.expr.EmptyExpression>: null

04-12-2024T07:46:53 - [TEST_STEP][PASSED] - a34 = <not implemented yet for class: org.codehaus.groovy.ast.expr.EmptyExpression>: null

04-12-2024T07:46:53 - [TEST_STEP][PASSED] - a35 = <not implemented yet for class: org.codehaus.groovy.ast.expr.EmptyExpression>: null

04-12-2024T07:46:53 - [TEST_STEP][PASSED] - a36 = <not implemented yet for class: org.codehaus.groovy.ast.expr.EmptyExpression>: null

04-12-2024T07:46:53 - [TEST_STEP][PASSED] - a37 = <not implemented yet for class: org.codehaus.groovy.ast.expr.EmptyExpression>: null

04-12-2024T07:46:53 - [TEST_STEP][PASSED] - a38 = <not implemented yet for class: org.codehaus.groovy.ast.expr.EmptyExpression>: null

04-12-2024T07:46:53 - [TEST_STEP][PASSED] - a39 = <not implemented yet for class: org.codehaus.groovy.ast.expr.EmptyExpression>: null

04-12-2024T07:46:53 - [TEST_STEP][PASSED] - a310 = <not implemented yet for class: org.codehaus.groovy.ast.expr.EmptyExpression>: null

04-12-2024T07:46:53 - [TEST_STEP][PASSED] - a311 = <not implemented yet for class: org.codehaus.groovy.ast.expr.EmptyExpression>: null

04-12-2024T07:46:53 - [TEST_STEP][PASSED] - a312 = <not implemented yet for class: org.codehaus.groovy.ast.expr.EmptyExpression>: null

04-12-2024T07:46:53 - [TEST_STEP][PASSED] - a313 = <not implemented yet for class: org.codehaus.groovy.ast.expr.EmptyExpression>: null

04-12-2024T07:46:53 - [TEST_STEP][PASSED] - a314 = <not implemented yet for class: org.codehaus.groovy.ast.expr.EmptyExpression>: null

04-12-2024T07:46:53 - [TEST_STEP][PASSED] - a315 = <not implemented yet for class: org.codehaus.groovy.ast.expr.EmptyExpression>: null

04-12-2024T07:46:53 - [TEST_STEP][PASSED] - a316 = <not implemented yet for class: org.codehaus.groovy.ast.expr.EmptyExpression>: null

04-12-2024T07:46:53 - [TEST_STEP][PASSED] - a317 = <not implemented yet for class: org.codehaus.groovy.ast.expr.EmptyExpression>: null

04-12-2024T07:46:53 - [TEST_STEP][PASSED] - b1 = <not implemented yet for class: org.codehaus.groovy.ast.expr.EmptyExpression>: null

04-12-2024T07:46:53 - [TEST_STEP][PASSED] - b2 = <not implemented yet for class: org.codehaus.groovy.ast.expr.EmptyExpression>: null

04-12-2024T07:46:53 - [TEST_STEP][PASSED] - b30 = <not implemented yet for class: org.codehaus.groovy.ast.expr.EmptyExpression>: null

04-12-2024T07:46:53 - [TEST_STEP][PASSED] - b31 = <not implemented yet for class: org.codehaus.groovy.ast.expr.EmptyExpression>: null

04-12-2024T07:46:53 - [TEST_STEP][PASSED] - b32 = <not implemented yet for class: org.codehaus.groovy.ast.expr.EmptyExpression>: null

04-12-2024T07:46:53 - [TEST_STEP][PASSED] - b33 = <not implemented yet for class: org.codehaus.groovy.ast.expr.EmptyExpression>: null

04-12-2024T07:46:53 - [TEST_STEP][PASSED] - b34 = <not implemented yet for class: org.codehaus.groovy.ast.expr.EmptyExpression>: null

04-12-2024T07:46:53 - [TEST_STEP][PASSED] - b35 = <not implemented yet for class: org.codehaus.groovy.ast.expr.EmptyExpression>: null

04-12-2024T07:46:53 - [TEST_STEP][PASSED] - b36 = <not implemented yet for class: org.codehaus.groovy.ast.expr.EmptyExpression>: null

04-12-2024T07:46:53 - [TEST_STEP][PASSED] - b37 = <not implemented yet for class: org.codehaus.groovy.ast.expr.EmptyExpression>: null

04-12-2024T07:46:53 - [TEST_STEP][PASSED] - b38 = <not implemented yet for class: org.codehaus.groovy.ast.expr.EmptyExpression>: null

04-12-2024T07:46:53 - [TEST_STEP][PASSED] - b39 = <not implemented yet for class: org.codehaus.groovy.ast.expr.EmptyExpression>: null

04-12-2024T07:46:53 - [TEST_STEP][PASSED] - b310 = <not implemented yet for class: org.codehaus.groovy.ast.expr.EmptyExpression>: null

04-12-2024T07:46:53 - [TEST_STEP][PASSED] - b311 = <not implemented yet for class: org.codehaus.groovy.ast.expr.EmptyExpression>: null

04-12-2024T07:46:53 - [TEST_STEP][PASSED] - b312 = <not implemented yet for class: org.codehaus.groovy.ast.expr.EmptyExpression>: null

04-12-2024T07:46:53 - [TEST_STEP][PASSED] - b313 = <not implemented yet for class: org.codehaus.groovy.ast.expr.EmptyExpression>: null

04-12-2024T07:46:53 - [TEST_STEP][PASSED] - b314 = <not implemented yet for class: org.codehaus.groovy.ast.expr.EmptyExpression>: null

04-12-2024T07:46:53 - [TEST_STEP][PASSED] - b315 = <not implemented yet for class: org.codehaus.groovy.ast.expr.EmptyExpression>: null

04-12-2024T07:46:53 - [TEST_STEP][PASSED] - b316 = <not implemented yet for class: org.codehaus.groovy.ast.expr.EmptyExpression>: null

04-12-2024T07:46:53 - [TEST_STEP][PASSED] - b317 = <not implemented yet for class: org.codehaus.groovy.ast.expr.EmptyExpression>: null

04-12-2024T07:46:53 - [TEST_STEP][PASSED] - block = 1: null

04-12-2024T07:46:53 - [TEST_STEP][PASSED] - nameOfBlock = "": null

04-12-2024T07:46:53 - [TEST_STEP][PASSED] - Script1710234207206.PreSettings(run, vir, block, nameOfBlock, typeOfData, todaysDate): null

04-12-2024T07:46:53 - [TEST_STEP][PASSED] - openBrowser(""): Browser is opened with url: ''

04-12-2024T07:46:53 - [MESSAGE][INFO] - Starting 'Chrome' driver

04-12-2024T07:46:53 - [MESSAGE][INFO] - Action delay is set to 0 milliseconds

04-12-2024T07:46:54 - [MESSAGE][PASSED] - Browser is opened with url: ''

04-12-2024T07:46:54 - [TEST_STEP][PASSED] - refresh(): Refresh successfully

04-12-2024T07:46:54 - [MESSAGE][PASSED] - Refresh successfully

04-12-2024T07:46:54 - [TEST_STEP][PASSED] - delay(50): Delayed 50 second(s)

04-12-2024T07:47:44 - [MESSAGE][PASSED] - Delayed 50 second(s)

04-12-2024T07:47:44 - [TEST_STEP][PASSED] - println("run:" + run): null

04-12-2024T07:47:44 - [TEST_STEP][PASSED] - println("vir:" + vir): null

04-12-2024T07:47:44 - [TEST_STEP][PASSED] - println("block:" + block): null

04-12-2024T07:47:44 - [TEST_STEP][PASSED] - if (block == 1): null

04-12-2024T07:47:44 - [TEST_STEP][PASSED] - nameOfBlock = "": null

04-12-2024T07:47:44 - [TEST_STEP][PASSED] - println("nameOfBlock:" + nameOfBlock): null

04-12-2024T07:47:44 - [TEST_STEP][PASSED] - println("typeOfData:" + typeOfData): null

04-12-2024T07:47:44 - [TEST_STEP][PASSED] - println("todaysDate:" + todaysDate): null

04-12-2024T07:47:44 - [TEST_STEP][PASSED] - Script1710234207206.Autorization(block, nameOfBlock): null

04-12-2024T07:47:44 - [TEST_STEP][PASSED] - i = <not implemented yet for class: org.codehaus.groovy.ast.expr.EmptyExpression>: null

04-12-2024T07:47:44 - [TEST_STEP][PASSED] - ii = <not implemented yet for class: org.codehaus.groovy.ast.expr.EmptyExpression>: null

04-12-2024T07:47:44 - [TEST_STEP][PASSED] - urlData = <not implemented yet for class: org.codehaus.groovy.ast.expr.EmptyExpression>: null

04-12-2024T07:47:44 - [TEST_STEP][PASSED] - searchWord = <not implemented yet for class: org.codehaus.groovy.ast.expr.EmptyExpression>: null

04-12-2024T07:47:44 - [TEST_STEP][PASSED] - urlText = <not implemented yet for class: org.codehaus.groovy.ast.expr.EmptyExpression>: null

04-12-2024T07:47:44 - [TEST_STEP][PASSED] - println("block:" + block): null

04-12-2024T07:47:44 - [TEST_STEP][PASSED] - if (block == 1): null

04-12-2024T07:47:44 - [TEST_STEP][PASSED] - nameOfBlock = "": null

04-12-2024T07:47:44 - [TEST_STEP][PASSED] - println("nameOfBlock:" + nameOfBlock): null

04-12-2024T07:47:44 - [TEST_STEP][PASSED] - if (block == 1): Delayed 45 second(s)

04-12-2024T07:47:44 - [TEST_STEP][PASSED] - urlData = 2: null

04-12-2024T07:47:44 - [TEST_STEP][PASSED] - delay(45): Delayed 45 second(s)

04-12-2024T07:48:29 - [MESSAGE][PASSED] - Delayed 45 second(s)

04-12-2024T07:48:29 - [TEST_STEP][PASSED] - navigateToUrl(findTestData("PlanFact").getValue(10, urlData)): Navigate to 'https://bi.rosseti.digital/viewer?dashboardGuid=2301950b23be4ed89c1df75f2020051e&sheetGuid=b723206f698544fb87299f3095c00435&fit=true' successfully

04-12-2024T07:48:36 - [MESSAGE][PASSED] - Navigate to 'https://bi.rosseti.digital/viewer?dashboardGuid=2301950b23be4ed89c1df75f2020051e&sheetGuid=b723206f698544fb87299f3095c00435&fit=true' successfully

04-12-2024T07:48:36 - [TEST_STEP][PASSED] - urlText = getText(findTestObject("Страница авторизации/Text")): Text of object 'Object Repository/Страница авторизации/Text' is: 'Вход'

04-12-2024T07:48:40 - [MESSAGE][PASSED] - Text of object 'Object Repository/Страница авторизации/Text' is: 'Вход'

04-12-2024T07:48:40 - [TEST_STEP][PASSED] - searchWord = "Вход": null

04-12-2024T07:48:40 - [TEST_STEP][PASSED] - if (urlText == null || urlText.contains("ошибка") || urlText.contains(searchWord) == false): null

04-12-2024T07:48:40 - [TEST_STEP][PASSED] - if (verifyElementPresent(findTestObject("Страница авторизации/button_"), 30) == true): null

04-12-2024T07:48:40 - [MESSAGE][PASSED] - Object 'Object Repository/Страница авторизации/button_' is present

04-12-2024T07:48:40 - [TEST_STEP][PASSED] - setText(findTestObject("Страница авторизации/input__username"), findTestData("PlanFact").getValue(8, 1)): Text 'liazgina-di' is set on object 'Object Repository/Страница авторизации/input__username'

04-12-2024T07:48:41 - [MESSAGE][PASSED] - Text 'liazgina-di' is set on object 'Object Repository/Страница авторизации/input__username'

04-12-2024T07:48:41 - [TEST_STEP][PASSED] - setText(findTestObject("Страница авторизации/input__password"), findTestData("PlanFact").getValue(9, 1)): Text ')$%5srZ8o688Dm#q' is set on object 'Object Repository/Страница авторизации/input__password'

04-12-2024T07:48:41 - [MESSAGE][PASSED] - Text ')$%5srZ8o688Dm#q' is set on object 'Object Repository/Страница авторизации/input__password'

04-12-2024T07:48:41 - [TEST_STEP][PASSED] - click(findTestObject("Страница авторизации/button_")): Object: 'Object Repository/Страница авторизации/button_' is clicked on

04-12-2024T07:48:44 - [MESSAGE][PASSED] - Object: 'Object Repository/Страница авторизации/button_' is clicked on

04-12-2024T07:48:44 - [TEST_STEP][PASSED] - delay(45): Delayed 45 second(s)

04-12-2024T07:49:29 - [MESSAGE][PASSED] - Delayed 45 second(s)

04-12-2024T07:49:29 - [TEST_STEP][PASSED] - urlText = getText(findTestObject("Страница авторизации/Text")): Text of object 'Object Repository/Страница авторизации/Text' is: 'Период
1, 2, 3 кв., Октябрь 2024 года
Выручка
Все
Выполнение плановых показателей по ПАО Россети за 1, 2, 3 кв., Октябрь 2024 года
План
Факт
Динамика
2024 год
0 млн.руб.
100 000 млн.руб.
200 000 млн.руб.
300 000 млн.руб.
400 000 млн.руб.
500 000 млн.руб.
600 000 млн.руб.
700 000 млн.руб.
800 000 млн.руб.
900 000 млн.руб.
1 000 000 млн.руб.
1 100 000 млн.руб.
1 200 000 млн.руб.
1 300 000 млн.руб.
1 400 000 млн.руб.
1 180 677
1 181 459
↑
ДЗО 
Все
Внутренний оборот - выручка за услуги по передаче электрической энергии, учтенная в выручке за электроэнергию для конечных потребителей, при выполнении ДЗО функций гарантирующего поставщика
Подписи данных
⬤Отклонение
АО «Тываэнерго»
АО «Чеченэнерго»
Россети Волга
Россети Кубань
Россети Ленэнерго (ГК)
Россети Московский регион
Россети Северный Кавказ (ГК)
Россети Северо-Запад
Россети Сибирь (ГК)
Россети Томск
Россети Тюмень
Россети Урал (ГК)
Россети ФСК ЕЭС
Россети Центр
Россети Центр и Приволжье (ГК)
Россети Юг (ГК)
Россети Янтарь
-25 000млн.руб.
-20 000млн.руб.
-15 000млн.руб.
-10 000млн.руб.
-5 000млн.руб.
0млн.руб.
5 000млн.руб.
10 …
-30 000млн.руб.
300
101
156
3 953
4 462
7 500
888
878
1 274
238
-5 106
1 955
-24 344
2 435
4 419
1 357
318
млн.
%
Выручка
Отклонение выручки по ПАО Россети за 1, 2, 3 кв., Октябрь 2024 года (факт/план, млн. руб)
ПАО Россети
782.4 млн.руб.
 '

04-12-2024T07:49:30 - [MESSAGE][PASSED] - Text of object 'Object Repository/Страница авторизации/Text' is: 'Период
1, 2, 3 кв., Октябрь 2024 года
Выручка
Все
Выполнение плановых показателей по ПАО Россети за 1, 2, 3 кв., Октябрь 2024 года
План
Факт
Динамика
2024 год
0 млн.руб.
100 000 млн.руб.
200 000 млн.руб.
300 000 млн.руб.
400 000 млн.руб.
500 000 млн.руб.
600 000 млн.руб.
700 000 млн.руб.
800 000 млн.руб.
900 000 млн.руб.
1 000 000 млн.руб.
1 100 000 млн.руб.
1 200 000 млн.руб.
1 300 000 млн.руб.
1 400 000 млн.руб.
1 180 677
1 181 459
↑
ДЗО 
Все
Внутренний оборот - выручка за услуги по передаче электрической энергии, учтенная в выручке за электроэнергию для конечных потребителей, при выполнении ДЗО функций гарантирующего поставщика
Подписи данных
⬤Отклонение
АО «Тываэнерго»
АО «Чеченэнерго»
Россети Волга
Россети Кубань
Россети Ленэнерго (ГК)
Россети Московский регион
Россети Северный Кавказ (ГК)
Россети Северо-Запад
Россети Сибирь (ГК)
Россети Томск
Россети Тюмень
Россети Урал (ГК)
Россети ФСК ЕЭС
Россети Центр
Россети Центр и Приволжье (ГК)
Россети Юг (ГК)
Россети Янтарь
-25 000млн.руб.
-20 000млн.руб.
-15 000млн.руб.
-10 000млн.руб.
-5 000млн.руб.
0млн.руб.
5 000млн.руб.
10 …
-30 000млн.руб.
300
101
156
3 953
4 462
7 500
888
878
1 274
238
-5 106
1 955
-24 344
2 435
4 419
1 357
318
млн.
%
Выручка
Отклонение выручки по ПАО Россети за 1, 2, 3 кв., Октябрь 2024 года (факт/план, млн. руб)
ПАО Россети
782.4 млн.руб.
 '

04-12-2024T07:49:30 - [TEST_STEP][PASSED] - searchWord = "а": null

04-12-2024T07:49:30 - [TEST_STEP][PASSED] - if (urlText.contains("ошибка") || urlText.contains(searchWord) == false): null

04-12-2024T07:49:30 - [TEST_STEP][PASSED] - delay(45): Delayed 45 second(s)

04-12-2024T07:50:15 - [MESSAGE][PASSED] - Delayed 45 second(s)

04-12-2024T07:50:15 - [TEST_STEP][PASSED] - if (block == 2): null

04-12-2024T07:50:15 - [TEST_STEP][PASSED] - click(findTestObject("Выручка в рублях/Фильтр Период" + nameOfBlock)): Object: 'Object Repository/Выручка в рублях/Фильтр Период' is clicked on

04-12-2024T07:50:15 - [MESSAGE][PASSED] - Object: 'Object Repository/Выручка в рублях/Фильтр Период' is clicked on

04-12-2024T07:50:15 - [TEST_STEP][PASSED] - click(findTestObject("Выручка в рублях/Снять выделение в фильтре Дата" + nameOfBlock)): Object: 'Object Repository/Выручка в рублях/Снять выделение в фильтре Дата' is clicked on

04-12-2024T07:50:16 - [MESSAGE][PASSED] - Object: 'Object Repository/Выручка в рублях/Снять выделение в фильтре Дата' is clicked on

04-12-2024T07:50:16 - [TEST_STEP][PASSED] - click(findTestObject("Выручка в рублях/Применить в фильтре Дата" + nameOfBlock)): Object: 'Object Repository/Выручка в рублях/Применить в фильтре Дата' is clicked on

04-12-2024T07:50:16 - [MESSAGE][PASSED] - Object: 'Object Repository/Выручка в рублях/Применить в фильтре Дата' is clicked on

04-12-2024T07:50:16 - [TEST_STEP][PASSED] - delay(50): Delayed 50 second(s)

04-12-2024T07:51:06 - [MESSAGE][PASSED] - Delayed 50 second(s)

04-12-2024T07:51:06 - [TEST_STEP][PASSED] - click(findTestObject("Выручка в рублях/Фильтр Период" + nameOfBlock)): Object: 'Object Repository/Выручка в рублях/Фильтр Период' is clicked on

04-12-2024T07:51:06 - [MESSAGE][PASSED] - Object: 'Object Repository/Выручка в рублях/Фильтр Период' is clicked on

04-12-2024T07:51:06 - [TEST_STEP][PASSED] - click(findTestObject("Выручка в рублях/Снять выделение в фильтре Дата" + nameOfBlock)): Object: 'Object Repository/Выручка в рублях/Снять выделение в фильтре Дата' is clicked on

04-12-2024T07:51:07 - [MESSAGE][PASSED] - Object: 'Object Repository/Выручка в рублях/Снять выделение в фильтре Дата' is clicked on

04-12-2024T07:51:07 - [TEST_STEP][PASSED] - scrollToElement(findTestObject("Выручка в рублях/2024 список" + nameOfBlock), 30): Scroll to object 'Object Repository/Выручка в рублях/2024 список' successfully

04-12-2024T07:51:07 - [MESSAGE][PASSED] - Scroll to object 'Object Repository/Выручка в рублях/2024 список' successfully

04-12-2024T07:51:07 - [TEST_STEP][PASSED] - click(findTestObject("Выручка в рублях/2024 список" + nameOfBlock)): Object: 'Object Repository/Выручка в рублях/2024 список' is clicked on

04-12-2024T07:51:08 - [MESSAGE][PASSED] - Object: 'Object Repository/Выручка в рублях/2024 список' is clicked on

04-12-2024T07:51:08 - [TEST_STEP][PASSED] - scrollToElement(findTestObject("Выручка в рублях/1 квартал 2024 выбрать" + nameOfBlock), 30): Scroll to object 'Object Repository/Выручка в рублях/1 квартал 2024 выбрать' successfully

04-12-2024T07:51:08 - [MESSAGE][PASSED] - Scroll to object 'Object Repository/Выручка в рублях/1 квартал 2024 выбрать' successfully

04-12-2024T07:51:08 - [TEST_STEP][PASSED] - click(findTestObject("Выручка в рублях/1 квартал 2024 выбрать" + nameOfBlock)): Object: 'Object Repository/Выручка в рублях/1 квартал 2024 выбрать' is clicked on

04-12-2024T07:51:08 - [MESSAGE][PASSED] - Object: 'Object Repository/Выручка в рублях/1 квартал 2024 выбрать' is clicked on

04-12-2024T07:51:08 - [TEST_STEP][PASSED] - scrollToElement(findTestObject("Выручка в рублях/2 квартал 2024 выбрать" + nameOfBlock), 30): Scroll to object 'Object Repository/Выручка в рублях/2 квартал 2024 выбрать' successfully

04-12-2024T07:51:09 - [MESSAGE][PASSED] - Scroll to object 'Object Repository/Выручка в рублях/2 квартал 2024 выбрать' successfully

04-12-2024T07:51:09 - [TEST_STEP][PASSED] - click(findTestObject("Выручка в рублях/2 квартал 2024 выбрать" + nameOfBlock)): Object: 'Object Repository/Выручка в рублях/2 квартал 2024 выбрать' is clicked on

04-12-2024T07:51:09 - [MESSAGE][PASSED] - Object: 'Object Repository/Выручка в рублях/2 квартал 2024 выбрать' is clicked on

04-12-2024T07:51:09 - [TEST_STEP][PASSED] - scrollToElement(findTestObject("Выручка в рублях/3 квартал 2024 список" + nameOfBlock), 30): Scroll to object 'Object Repository/Выручка в рублях/3 квартал 2024 список' successfully

04-12-2024T07:51:10 - [MESSAGE][PASSED] - Scroll to object 'Object Repository/Выручка в рублях/3 квартал 2024 список' successfully

04-12-2024T07:51:10 - [TEST_STEP][PASSED] - click(findTestObject("Выручка в рублях/3 квартал 2024" + nameOfBlock)): Object: 'Object Repository/Выручка в рублях/3 квартал 2024' is clicked on

04-12-2024T07:51:10 - [MESSAGE][PASSED] - Object: 'Object Repository/Выручка в рублях/3 квартал 2024' is clicked on

04-12-2024T07:51:10 - [TEST_STEP][PASSED] - scrollToElement(findTestObject("Выручка в рублях/4 квартал 2024 список" + nameOfBlock), 30): Scroll to object 'Object Repository/Выручка в рублях/4 квартал 2024 список' successfully

04-12-2024T07:51:11 - [MESSAGE][PASSED] - Scroll to object 'Object Repository/Выручка в рублях/4 квартал 2024 список' successfully

04-12-2024T07:51:11 - [TEST_STEP][PASSED] - click(findTestObject("Выручка в рублях/4 квартал 2024 список" + nameOfBlock)): Object: 'Object Repository/Выручка в рублях/4 квартал 2024 список' is clicked on

04-12-2024T07:51:11 - [MESSAGE][PASSED] - Object: 'Object Repository/Выручка в рублях/4 квартал 2024 список' is clicked on

04-12-2024T07:51:11 - [TEST_STEP][PASSED] - scrollToElement(findTestObject("Выручка в рублях/Октябрь 2024" + nameOfBlock), 30): Scroll to object 'Object Repository/Выручка в рублях/Октябрь 2024' successfully

04-12-2024T07:51:11 - [MESSAGE][PASSED] - Scroll to object 'Object Repository/Выручка в рублях/Октябрь 2024' successfully

04-12-2024T07:51:11 - [TEST_STEP][PASSED] - click(findTestObject("Выручка в рублях/Октябрь 2024" + nameOfBlock)): Object: 'Object Repository/Выручка в рублях/Октябрь 2024' is clicked on

04-12-2024T07:51:11 - [MESSAGE][PASSED] - Object: 'Object Repository/Выручка в рублях/Октябрь 2024' is clicked on

04-12-2024T07:51:11 - [TEST_STEP][PASSED] - scrollToElement(findTestObject("Выручка в рублях/Заголовок дашборда" + nameOfBlock), 30): Scroll to object 'Object Repository/Выручка в рублях/Заголовок дашборда' successfully

04-12-2024T07:51:12 - [MESSAGE][PASSED] - Scroll to object 'Object Repository/Выручка в рублях/Заголовок дашборда' successfully

04-12-2024T07:51:12 - [TEST_STEP][PASSED] - click(findTestObject("Выручка в рублях/Применить в фильтре Дата" + nameOfBlock)): Object: 'Object Repository/Выручка в рублях/Применить в фильтре Дата' is clicked on

04-12-2024T07:51:13 - [MESSAGE][PASSED] - Object: 'Object Repository/Выручка в рублях/Применить в фильтре Дата' is clicked on

04-12-2024T07:51:13 - [TEST_STEP][PASSED] - delay(55): Delayed 55 second(s)

04-12-2024T07:52:08 - [MESSAGE][PASSED] - Delayed 55 second(s)

04-12-2024T07:52:08 - [TEST_STEP][PASSED] - click(findTestObject("Выручка в рублях/Фильтр ДЗО" + nameOfBlock)): Object: 'Object Repository/Выручка в рублях/Фильтр ДЗО' is clicked on

04-12-2024T07:52:08 - [MESSAGE][PASSED] - Object: 'Object Repository/Выручка в рублях/Фильтр ДЗО' is clicked on

04-12-2024T07:52:08 - [TEST_STEP][PASSED] - click(findTestObject("Выручка в рублях/Снять выделение в фильтре ДЗО" + nameOfBlock)): Object: 'Object Repository/Выручка в рублях/Снять выделение в фильтре ДЗО' is clicked on

04-12-2024T07:52:08 - [MESSAGE][PASSED] - Object: 'Object Repository/Выручка в рублях/Снять выделение в фильтре ДЗО' is clicked on

04-12-2024T07:52:08 - [TEST_STEP][PASSED] - click(findTestObject("Выручка в рублях/Применить в фильтре ДЗО" + nameOfBlock)): Object: 'Object Repository/Выручка в рублях/Применить в фильтре ДЗО' is clicked on

04-12-2024T07:52:09 - [MESSAGE][PASSED] - Object: 'Object Repository/Выручка в рублях/Применить в фильтре ДЗО' is clicked on

04-12-2024T07:52:09 - [TEST_STEP][PASSED] - delay(50): Delayed 50 second(s)

04-12-2024T07:52:59 - [MESSAGE][PASSED] - Delayed 50 second(s)

04-12-2024T07:52:59 - [TEST_STEP][PASSED] - Script1710234207206.Tumbler(run, vir, block, nameOfBlock): null

04-12-2024T07:52:59 - [TEST_STEP][PASSED] - println("run:" + run): null

04-12-2024T07:52:59 - [TEST_STEP][PASSED] - println("vir:" + vir): null

04-12-2024T07:52:59 - [TEST_STEP][PASSED] - println("block:" + block): null

04-12-2024T07:52:59 - [TEST_STEP][PASSED] - println("nameOfBlock:" + nameOfBlock): null

04-12-2024T07:52:59 - [TEST_STEP][PASSED] - if (vir == 1): null

04-12-2024T07:52:59 - [TEST_STEP][PASSED] - else if (vir == 2): Object: 'Object Repository/Выручка в рублях/Применить в фильтре Выручка' is clicked on

04-12-2024T07:52:59 - [TEST_STEP][PASSED] - if (run == 2): null

04-12-2024T07:52:59 - [TEST_STEP][PASSED] - click(findTestObject("Выручка в рублях/Фильтр Выручка" + nameOfBlock)): Object: 'Object Repository/Выручка в рублях/Фильтр Выручка' is clicked on

04-12-2024T07:52:59 - [MESSAGE][PASSED] - Object: 'Object Repository/Выручка в рублях/Фильтр Выручка' is clicked on

04-12-2024T07:52:59 - [TEST_STEP][PASSED] - click(findTestObject("Выручка в рублях/Итого в фильтре Выручка" + nameOfBlock)): Object: 'Object Repository/Выручка в рублях/Итого в фильтре Выручка' is clicked on

04-12-2024T07:53:00 - [MESSAGE][PASSED] - Object: 'Object Repository/Выручка в рублях/Итого в фильтре Выручка' is clicked on

04-12-2024T07:53:00 - [TEST_STEP][PASSED] - click(findTestObject("Выручка в рублях/Применить в фильтре Выручка" + nameOfBlock)): Object: 'Object Repository/Выручка в рублях/Применить в фильтре Выручка' is clicked on

04-12-2024T07:53:01 - [MESSAGE][PASSED] - Object: 'Object Repository/Выручка в рублях/Применить в фильтре Выручка' is clicked on

04-12-2024T07:53:01 - [TEST_STEP][PASSED] - click(findTestObject("Выручка в рублях/Фильтр ДЗО" + nameOfBlock)): Object: 'Object Repository/Выручка в рублях/Фильтр ДЗО' is clicked on

04-12-2024T07:53:03 - [MESSAGE][PASSED] - Object: 'Object Repository/Выручка в рублях/Фильтр ДЗО' is clicked on

04-12-2024T07:53:03 - [TEST_STEP][PASSED] - Script1710234207206.Rosseti(nameOfBlock): null

04-12-2024T07:53:03 - [TEST_STEP][PASSED] - println("nameOfBlock:" + nameOfBlock): null

04-12-2024T07:53:03 - [TEST_STEP][PASSED] - click(findTestObject("Выручка в рублях/ПАО Россети" + nameOfBlock)): Object: 'Object Repository/Выручка в рублях/ПАО Россети' is clicked on

04-12-2024T07:53:03 - [MESSAGE][PASSED] - Object: 'Object Repository/Выручка в рублях/ПАО Россети' is clicked on

04-12-2024T07:53:03 - [TEST_STEP][PASSED] - click(findTestObject("Выручка в рублях/Применить в фильтре ДЗО" + nameOfBlock)): Object: 'Object Repository/Выручка в рублях/Применить в фильтре ДЗО' is clicked on

04-12-2024T07:53:04 - [MESSAGE][PASSED] - Object: 'Object Repository/Выручка в рублях/Применить в фильтре ДЗО' is clicked on

04-12-2024T07:53:04 - [TEST_STEP][PASSED] - if (run == 2): null

04-12-2024T07:53:04 - [TEST_STEP][PASSED] - if (vir == 1 || vir == 2): Text of object 'Object Repository/Выручка в рублях/График План' is: '1 160 716'

04-12-2024T07:53:04 - [TEST_STEP][PASSED] - a1 = getText(findTestObject("Выручка в рублях/График План")): Text of object 'Object Repository/Выручка в рублях/График План' is: '1 160 716'

04-12-2024T07:53:06 - [MESSAGE][PASSED] - Text of object 'Object Repository/Выручка в рублях/График План' is: '1 160 716'

04-12-2024T07:53:06 - [TEST_STEP][PASSED] - if (vir == 1 || vir == 2): Text of object 'Object Repository/Выручка в рублях/График Факт' is: '1 160 805'

04-12-2024T07:53:06 - [TEST_STEP][PASSED] - a2 = getText(findTestObject("Выручка в рублях/График Факт")): Text of object 'Object Repository/Выручка в рублях/График Факт' is: '1 160 805'

04-12-2024T07:53:06 - [MESSAGE][PASSED] - Text of object 'Object Repository/Выручка в рублях/График Факт' is: '1 160 805'

04-12-2024T07:53:06 - [TEST_STEP][PASSED] - a30 = getText(findTestObject("Выручка в рублях/span1" + perc)): Text of object 'Object Repository/Выручка в рублях/span1' is: '89.8 млн.руб.'

04-12-2024T07:53:06 - [MESSAGE][PASSED] - Text of object 'Object Repository/Выручка в рублях/span1' is: '89.8 млн.руб.'

04-12-2024T07:53:06 - [TEST_STEP][PASSED] - i = a30.indexOf("млн.руб."): null

04-12-2024T07:53:06 - [TEST_STEP][PASSED] - if (i > -1): null

04-12-2024T07:53:06 - [TEST_STEP][PASSED] - a30 = a30.substring(0, i): null

04-12-2024T07:53:06 - [TEST_STEP][PASSED] - a30 = a30.replaceAll(" ", ""): null

04-12-2024T07:53:06 - [TEST_STEP][PASSED] - if (a30.contains("%")): null

04-12-2024T07:53:06 - [TEST_STEP][PASSED] - a30 = ").trim(): null

04-12-2024T07:53:06 - [TEST_STEP][PASSED] - println("a30: " + a30): null

04-12-2024T07:53:06 - [TEST_STEP][PASSED] - if (vir == 1 || vir == 2): Text of object 'Object Repository/Выручка в рублях/span2' is: '383'

04-12-2024T07:53:06 - [TEST_STEP][PASSED] - a31 = ").trim(): Text of object 'Object Repository/Выручка в рублях/span2' is: '383'

04-12-2024T07:53:07 - [MESSAGE][PASSED] - Text of object 'Object Repository/Выручка в рублях/span2' is: '383'

04-12-2024T07:53:07 - [TEST_STEP][PASSED] - if (vir == 1 || vir == 2): Text of object 'Object Repository/Выручка в рублях/span3' is: '-12'

04-12-2024T07:53:07 - [TEST_STEP][PASSED] - a32 = ").trim(): Text of object 'Object Repository/Выручка в рублях/span3' is: '-12'

04-12-2024T07:53:07 - [MESSAGE][PASSED] - Text of object 'Object Repository/Выручка в рублях/span3' is: '-12'

04-12-2024T07:53:07 - [TEST_STEP][PASSED] - if (vir == 1 || vir == 2): Text of object 'Object Repository/Выручка в рублях/span8' is: '263'

04-12-2024T07:53:07 - [TEST_STEP][PASSED] - a33 = ").trim(): Text of object 'Object Repository/Выручка в рублях/span4' is: '156'

04-12-2024T07:53:07 - [MESSAGE][PASSED] - Text of object 'Object Repository/Выручка в рублях/span4' is: '156'

04-12-2024T07:53:07 - [TEST_STEP][PASSED] - a34 = ").trim(): Text of object 'Object Repository/Выручка в рублях/span5' is: '3 953'

04-12-2024T07:53:07 - [MESSAGE][PASSED] - Text of object 'Object Repository/Выручка в рублях/span5' is: '3 953'

04-12-2024T07:53:07 - [TEST_STEP][PASSED] - a35 = ").trim(): Text of object 'Object Repository/Выручка в рублях/span6' is: '4 462'

04-12-2024T07:53:08 - [MESSAGE][PASSED] - Text of object 'Object Repository/Выручка в рублях/span6' is: '4 462'

04-12-2024T07:53:08 - [TEST_STEP][PASSED] - a36 = ").trim(): Text of object 'Object Repository/Выручка в рублях/span7' is: '7 500'

04-12-2024T07:53:08 - [MESSAGE][PASSED] - Text of object 'Object Repository/Выручка в рублях/span7' is: '7 500'

04-12-2024T07:53:08 - [TEST_STEP][PASSED] - a37 = ").trim(): Text of object 'Object Repository/Выручка в рублях/span8' is: '263'

04-12-2024T07:53:08 - [MESSAGE][PASSED] - Text of object 'Object Repository/Выручка в рублях/span8' is: '263'

04-12-2024T07:53:08 - [TEST_STEP][PASSED] - if (vir == 1 || vir == 2): Text of object 'Object Repository/Выручка в рублях/span17' is: '1 319'

04-12-2024T07:53:08 - [TEST_STEP][PASSED] - a38 = ").trim(): Text of object 'Object Repository/Выручка в рублях/span9' is: '878'

04-12-2024T07:53:09 - [MESSAGE][PASSED] - Text of object 'Object Repository/Выручка в рублях/span9' is: '878'

04-12-2024T07:53:09 - [TEST_STEP][PASSED] - a39 = ").trim(): Text of object 'Object Repository/Выручка в рублях/span10' is: '1 274'

04-12-2024T07:53:09 - [MESSAGE][PASSED] - Text of object 'Object Repository/Выручка в рублях/span10' is: '1 274'

04-12-2024T07:53:09 - [TEST_STEP][PASSED] - a310 = ").trim(): Text of object 'Object Repository/Выручка в рублях/span11' is: '238'

04-12-2024T07:53:09 - [MESSAGE][PASSED] - Text of object 'Object Repository/Выручка в рублях/span11' is: '238'

04-12-2024T07:53:09 - [TEST_STEP][PASSED] - a311 = ").trim(): Text of object 'Object Repository/Выручка в рублях/span12' is: '-5 106'

04-12-2024T07:53:10 - [MESSAGE][PASSED] - Text of object 'Object Repository/Выручка в рублях/span12' is: '-5 106'

04-12-2024T07:53:10 - [TEST_STEP][PASSED] - a312 = ").trim(): Text of object 'Object Repository/Выручка в рублях/span13' is: '1 955'

04-12-2024T07:53:10 - [MESSAGE][PASSED] - Text of object 'Object Repository/Выручка в рублях/span13' is: '1 955'

04-12-2024T07:53:10 - [TEST_STEP][PASSED] - a313 = ").trim(): Text of object 'Object Repository/Выручка в рублях/span14' is: '-24 344'

04-12-2024T07:53:10 - [MESSAGE][PASSED] - Text of object 'Object Repository/Выручка в рублях/span14' is: '-24 344'

04-12-2024T07:53:10 - [TEST_STEP][PASSED] - a314 = ").trim(): Text of object 'Object Repository/Выручка в рублях/span15' is: '2 435'

04-12-2024T07:53:10 - [MESSAGE][PASSED] - Text of object 'Object Repository/Выручка в рублях/span15' is: '2 435'

04-12-2024T07:53:10 - [TEST_STEP][PASSED] - a315 = ").trim(): Text of object 'Object Repository/Выручка в рублях/span16' is: '4 419'

04-12-2024T07:53:11 - [MESSAGE][PASSED] - Text of object 'Object Repository/Выручка в рублях/span16' is: '4 419'

04-12-2024T07:53:11 - [TEST_STEP][PASSED] - a316 = ").trim(): Text of object 'Object Repository/Выручка в рублях/span17' is: '1 319'

04-12-2024T07:53:11 - [MESSAGE][PASSED] - Text of object 'Object Repository/Выручка в рублях/span17' is: '1 319'

04-12-2024T07:53:11 - [TEST_STEP][PASSED] - if (vir == 1 || vir == 2): Text of object 'Object Repository/Выручка в рублях/span18' is: '318'

04-12-2024T07:53:11 - [TEST_STEP][PASSED] - a317 = ").trim(): Text of object 'Object Repository/Выручка в рублях/span18' is: '318'

04-12-2024T07:53:11 - [MESSAGE][PASSED] - Text of object 'Object Repository/Выручка в рублях/span18' is: '318'

04-12-2024T07:53:11 - [TEST_STEP][PASSED] - block = 2: null

04-12-2024T07:53:11 - [TEST_STEP][PASSED] - nameOfBlock = " Выручка": null

04-12-2024T07:53:11 - [TEST_STEP][PASSED] - Script1710234207206.PreSettings(run, vir, block, nameOfBlock, typeOfData, todaysDate): null

04-12-2024T07:53:11 - [TEST_STEP][PASSED] - openBrowser(""): Browser is opened with url: ''

04-12-2024T07:53:11 - [MESSAGE][WARNING] - A browser is already opened. Closing browser and opening a new one

04-12-2024T07:53:12 - [MESSAGE][INFO] - Starting 'Chrome' driver

04-12-2024T07:53:12 - [MESSAGE][INFO] - Action delay is set to 0 milliseconds

04-12-2024T07:53:12 - [MESSAGE][PASSED] - Browser is opened with url: ''

04-12-2024T07:53:12 - [TEST_STEP][PASSED] - refresh(): Refresh successfully

04-12-2024T07:53:12 - [MESSAGE][PASSED] - Refresh successfully

04-12-2024T07:53:12 - [TEST_STEP][PASSED] - delay(50): Delayed 50 second(s)

04-12-2024T07:54:02 - [MESSAGE][PASSED] - Delayed 50 second(s)

04-12-2024T07:54:02 - [TEST_STEP][PASSED] - println("run:" + run): null

04-12-2024T07:54:02 - [TEST_STEP][PASSED] - println("vir:" + vir): null

04-12-2024T07:54:02 - [TEST_STEP][PASSED] - println("block:" + block): null

04-12-2024T07:54:02 - [TEST_STEP][PASSED] - if (block == 1): null

04-12-2024T07:54:02 - [TEST_STEP][PASSED] - else: null

04-12-2024T07:54:02 - [TEST_STEP][PASSED] - nameOfBlock = " Выручка": null

04-12-2024T07:54:02 - [TEST_STEP][PASSED] - println("nameOfBlock:" + nameOfBlock): null

04-12-2024T07:54:02 - [TEST_STEP][PASSED] - println("typeOfData:" + typeOfData): null

04-12-2024T07:54:02 - [TEST_STEP][PASSED] - println("todaysDate:" + todaysDate): null

04-12-2024T07:54:02 - [TEST_STEP][PASSED] - Script1710234207206.Autorization(block, nameOfBlock): null

04-12-2024T07:54:02 - [TEST_STEP][PASSED] - i = <not implemented yet for class: org.codehaus.groovy.ast.expr.EmptyExpression>: null

04-12-2024T07:54:02 - [TEST_STEP][PASSED] - ii = <not implemented yet for class: org.codehaus.groovy.ast.expr.EmptyExpression>: null

04-12-2024T07:54:02 - [TEST_STEP][PASSED] - urlData = <not implemented yet for class: org.codehaus.groovy.ast.expr.EmptyExpression>: null

04-12-2024T07:54:02 - [TEST_STEP][PASSED] - searchWord = <not implemented yet for class: org.codehaus.groovy.ast.expr.EmptyExpression>: null

04-12-2024T07:54:02 - [TEST_STEP][PASSED] - urlText = <not implemented yet for class: org.codehaus.groovy.ast.expr.EmptyExpression>: null

04-12-2024T07:54:02 - [TEST_STEP][PASSED] - println("block:" + block): null

04-12-2024T07:54:02 - [TEST_STEP][PASSED] - if (block == 1): null

04-12-2024T07:54:02 - [TEST_STEP][PASSED] - else: null

04-12-2024T07:54:02 - [TEST_STEP][PASSED] - delay(45): Delayed 45 second(s)

04-12-2024T07:54:48 - [MESSAGE][PASSED] - Delayed 45 second(s)

04-12-2024T07:54:48 - [TEST_STEP][PASSED] - nameOfBlock = " Выручка": null

04-12-2024T07:54:48 - [TEST_STEP][PASSED] - println("nameOfBlock:" + nameOfBlock): null

04-12-2024T07:54:48 - [TEST_STEP][PASSED] - if (block == 1): null

04-12-2024T07:54:48 - [TEST_STEP][PASSED] - else: Delayed 45 second(s)

04-12-2024T07:54:48 - [TEST_STEP][PASSED] - urlData = 9: null

04-12-2024T07:54:48 - [TEST_STEP][PASSED] - delay(45): Delayed 45 second(s)

04-12-2024T07:55:33 - [MESSAGE][PASSED] - Delayed 45 second(s)

04-12-2024T07:55:33 - [TEST_STEP][PASSED] - navigateToUrl(findTestData("PlanFact").getValue(10, urlData)): Navigate to 'https://bi.rosseti.digital/viewer?dashboardGuid=a1fd28b3785d443cbc4d7690a1d78e31&sheetGuid=86092a20c5984827a0c87b24cac76a50&fit=true' successfully

04-12-2024T07:55:39 - [MESSAGE][PASSED] - Navigate to 'https://bi.rosseti.digital/viewer?dashboardGuid=a1fd28b3785d443cbc4d7690a1d78e31&sheetGuid=86092a20c5984827a0c87b24cac76a50&fit=true' successfully

04-12-2024T07:55:39 - [TEST_STEP][PASSED] - urlText = getText(findTestObject("Страница авторизации/Text")): Text of object 'Object Repository/Страница авторизации/Text' is: 'Вход'

04-12-2024T07:55:42 - [MESSAGE][PASSED] - Text of object 'Object Repository/Страница авторизации/Text' is: 'Вход'

04-12-2024T07:55:42 - [TEST_STEP][PASSED] - searchWord = "Вход": null

04-12-2024T07:55:42 - [TEST_STEP][PASSED] - if (urlText == null || urlText.contains("ошибка") || urlText.contains(searchWord) == false): null

04-12-2024T07:55:42 - [TEST_STEP][PASSED] - if (verifyElementPresent(findTestObject("Страница авторизации/button_"), 30) == true): null

04-12-2024T07:55:42 - [MESSAGE][PASSED] - Object 'Object Repository/Страница авторизации/button_' is present

04-12-2024T07:55:42 - [TEST_STEP][PASSED] - setText(findTestObject("Страница авторизации/input__username"), findTestData("PlanFact").getValue(8, 1)): Text 'liazgina-di' is set on object 'Object Repository/Страница авторизации/input__username'

04-12-2024T07:55:43 - [MESSAGE][PASSED] - Text 'liazgina-di' is set on object 'Object Repository/Страница авторизации/input__username'

04-12-2024T07:55:43 - [TEST_STEP][PASSED] - setText(findTestObject("Страница авторизации/input__password"), findTestData("PlanFact").getValue(9, 1)): Text ')$%5srZ8o688Dm#q' is set on object 'Object Repository/Страница авторизации/input__password'

04-12-2024T07:55:44 - [MESSAGE][PASSED] - Text ')$%5srZ8o688Dm#q' is set on object 'Object Repository/Страница авторизации/input__password'

04-12-2024T07:55:44 - [TEST_STEP][PASSED] - click(findTestObject("Страница авторизации/button_")): Object: 'Object Repository/Страница авторизации/button_' is clicked on

04-12-2024T07:55:46 - [MESSAGE][PASSED] - Object: 'Object Repository/Страница авторизации/button_' is clicked on

04-12-2024T07:55:46 - [TEST_STEP][PASSED] - delay(45): Delayed 45 second(s)

04-12-2024T07:56:31 - [MESSAGE][PASSED] - Delayed 45 second(s)

04-12-2024T07:56:31 - [TEST_STEP][PASSED] - urlText = getText(findTestObject("Страница авторизации/Text")): Text of object 'Object Repository/Страница авторизации/Text' is: 'Период
Выбрано: 4
Выручка
Все
Выполнение плановых показателей, млн.руб.
План
Факт
Динамика
2024 год
0 млн.руб.
100 000 млн.руб.
200 000 млн.руб.
300 000 млн.руб.
400 000 млн.руб.
500 000 млн.руб.
600 000 млн.руб.
700 000 млн.руб.
800 000 млн.руб.
900 000 млн.руб.
1 000 000 млн.руб.
1 100 000 млн.руб.
1 200 000 млн.руб.
1 300 000 млн.руб.
1 400 000 млн.руб.
1 180 677
1 181 459
↑
ДЗО 
Все
Подписи данных
⬤Отклонение
АО «Тываэнерго»
АО «Чеченэнерго»
Россети Волга
Россети Кубань
Россети Ленэнерго (ГК)
Россети Московский регион
Россети Северный Кавказ (ГК)
Россети Северо-Запад
Россети Сибирь (ГК)
Россети Томск
Россети Тюмень
Россети Урал (ГК)
Россети ФСК ЕЭС
Россети Центр
Россети Центр и Приволжье (ГК)
Россети Юг (ГК)
Россети Янтарь
-27 500 млн.руб.
-25 000 млн.руб.
-22 500 млн.руб.
-20 000 млн.руб.
-17 500 млн.руб.
-15 000 млн.руб.
-12 500 млн.руб.
-10 000 млн.руб.
-7 500 млн.руб.
-5 000 млн.руб.
-2 500 млн.руб.
0 млн.руб.
2 500 млн.руб.
5 000 млн.руб.
7 500 млн.руб.
10 000 млн.руб.
300
101
156
3 953
4 462
7 500
888
878
1 274
238
-5 106
1 955
-24 344
2 435
4 419
1 357
318
млн.
%
Выручка
Отклонение выручки (факт/план, млн. руб) 
ПАО Россети
782.4 млн.руб.
Статус данных
×
Просьба обратить внимание
Данные занесены не полностью
ВЫБРАННЫЕ ЗНАЧЕНИЯ ФИЛЬТРОВ
ДЗО | ПЕРИОД
ПАО Россети: [«Выбраны все филиалы по всем ДЗО по всем категориям»]
2024: [Янв, Фев, Мар, Апр, Май, Июн, Июл, Авг, Сен, Окт]
*Внутренний оборот'

04-12-2024T07:56:32 - [MESSAGE][PASSED] - Text of object 'Object Repository/Страница авторизации/Text' is: 'Период
Выбрано: 4
Выручка
Все
Выполнение плановых показателей, млн.руб.
План
Факт
Динамика
2024 год
0 млн.руб.
100 000 млн.руб.
200 000 млн.руб.
300 000 млн.руб.
400 000 млн.руб.
500 000 млн.руб.
600 000 млн.руб.
700 000 млн.руб.
800 000 млн.руб.
900 000 млн.руб.
1 000 000 млн.руб.
1 100 000 млн.руб.
1 200 000 млн.руб.
1 300 000 млн.руб.
1 400 000 млн.руб.
1 180 677
1 181 459
↑
ДЗО 
Все
Подписи данных
⬤Отклонение
АО «Тываэнерго»
АО «Чеченэнерго»
Россети Волга
Россети Кубань
Россети Ленэнерго (ГК)
Россети Московский регион
Россети Северный Кавказ (ГК)
Россети Северо-Запад
Россети Сибирь (ГК)
Россети Томск
Россети Тюмень
Россети Урал (ГК)
Россети ФСК ЕЭС
Россети Центр
Россети Центр и Приволжье (ГК)
Россети Юг (ГК)
Россети Янтарь
-27 500 млн.руб.
-25 000 млн.руб.
-22 500 млн.руб.
-20 000 млн.руб.
-17 500 млн.руб.
-15 000 млн.руб.
-12 500 млн.руб.
-10 000 млн.руб.
-7 500 млн.руб.
-5 000 млн.руб.
-2 500 млн.руб.
0 млн.руб.
2 500 млн.руб.
5 000 млн.руб.
7 500 млн.руб.
10 000 млн.руб.
300
101
156
3 953
4 462
7 500
888
878
1 274
238
-5 106
1 955
-24 344
2 435
4 419
1 357
318
млн.
%
Выручка
Отклонение выручки (факт/план, млн. руб) 
ПАО Россети
782.4 млн.руб.
Статус данных
×
Просьба обратить внимание
Данные занесены не полностью
ВЫБРАННЫЕ ЗНАЧЕНИЯ ФИЛЬТРОВ
ДЗО | ПЕРИОД
ПАО Россети: [«Выбраны все филиалы по всем ДЗО по всем категориям»]
2024: [Янв, Фев, Мар, Апр, Май, Июн, Июл, Авг, Сен, Окт]
*Внутренний оборот'

04-12-2024T07:56:32 - [TEST_STEP][PASSED] - searchWord = "а": null

04-12-2024T07:56:32 - [TEST_STEP][PASSED] - if (urlText.contains("ошибка") || urlText.contains(searchWord) == false): null

04-12-2024T07:56:32 - [TEST_STEP][PASSED] - delay(45): Delayed 45 second(s)

04-12-2024T07:57:17 - [MESSAGE][PASSED] - Delayed 45 second(s)

04-12-2024T07:57:17 - [TEST_STEP][PASSED] - if (block == 2): Delayed 50 second(s)

04-12-2024T07:57:17 - [TEST_STEP][PASSED] - opoveshenie = getText(findTestObject("Выручка в рублях/Просьба обратить внимание")): Text of object 'Object Repository/Выручка в рублях/Просьба обратить внимание' is: 'Просьба обратить внимание'

04-12-2024T07:57:17 - [MESSAGE][PASSED] - Text of object 'Object Repository/Выручка в рублях/Просьба обратить внимание' is: 'Просьба обратить внимание'

04-12-2024T07:57:17 - [TEST_STEP][PASSED] - if (opoveshenie == "Просьба обратить внимание"): Delayed 50 second(s)

04-12-2024T07:57:17 - [TEST_STEP][PASSED] - click(findTestObject("Выручка в рублях/Закрыть оповещение")): Object: 'Object Repository/Выручка в рублях/Закрыть оповещение' is clicked on

04-12-2024T07:57:18 - [MESSAGE][PASSED] - Object: 'Object Repository/Выручка в рублях/Закрыть оповещение' is clicked on

04-12-2024T07:57:18 - [TEST_STEP][PASSED] - delay(50): Delayed 50 second(s)

04-12-2024T07:58:08 - [MESSAGE][PASSED] - Delayed 50 second(s)

04-12-2024T07:58:08 - [TEST_STEP][PASSED] - click(findTestObject("Выручка в рублях/Фильтр Период" + nameOfBlock)): Object: 'Object Repository/Выручка в рублях/Фильтр Период Выручка' is clicked on

04-12-2024T07:58:08 - [MESSAGE][PASSED] - Object: 'Object Repository/Выручка в рублях/Фильтр Период Выручка' is clicked on

04-12-2024T07:58:08 - [TEST_STEP][PASSED] - click(findTestObject("Выручка в рублях/Снять выделение в фильтре Дата" + nameOfBlock)): Object: 'Object Repository/Выручка в рублях/Снять выделение в фильтре Дата Выручка' is clicked on

04-12-2024T07:58:09 - [MESSAGE][PASSED] - Object: 'Object Repository/Выручка в рублях/Снять выделение в фильтре Дата Выручка' is clicked on

04-12-2024T07:58:09 - [TEST_STEP][PASSED] - click(findTestObject("Выручка в рублях/Применить в фильтре Дата" + nameOfBlock)): Object: 'Object Repository/Выручка в рублях/Применить в фильтре Дата Выручка' is clicked on

04-12-2024T07:58:09 - [MESSAGE][PASSED] - Object: 'Object Repository/Выручка в рублях/Применить в фильтре Дата Выручка' is clicked on

04-12-2024T07:58:09 - [TEST_STEP][PASSED] - delay(50): Delayed 50 second(s)

04-12-2024T07:58:59 - [MESSAGE][PASSED] - Delayed 50 second(s)

04-12-2024T07:58:59 - [TEST_STEP][PASSED] - click(findTestObject("Выручка в рублях/Фильтр Период" + nameOfBlock)): Object: 'Object Repository/Выручка в рублях/Фильтр Период Выручка' is clicked on

04-12-2024T07:59:00 - [MESSAGE][PASSED] - Object: 'Object Repository/Выручка в рублях/Фильтр Период Выручка' is clicked on

04-12-2024T07:59:00 - [TEST_STEP][PASSED] - click(findTestObject("Выручка в рублях/Снять выделение в фильтре Дата" + nameOfBlock)): Object: 'Object Repository/Выручка в рублях/Снять выделение в фильтре Дата Выручка' is clicked on

04-12-2024T07:59:00 - [MESSAGE][PASSED] - Object: 'Object Repository/Выручка в рублях/Снять выделение в фильтре Дата Выручка' is clicked on

04-12-2024T07:59:00 - [TEST_STEP][PASSED] - scrollToElement(findTestObject("Выручка в рублях/2024 список" + nameOfBlock), 30): Scroll to object 'Object Repository/Выручка в рублях/2024 список Выручка' successfully

04-12-2024T07:59:00 - [MESSAGE][PASSED] - Scroll to object 'Object Repository/Выручка в рублях/2024 список Выручка' successfully

04-12-2024T07:59:00 - [TEST_STEP][PASSED] - click(findTestObject("Выручка в рублях/2024 список" + nameOfBlock)): Object: 'Object Repository/Выручка в рублях/2024 список Выручка' is clicked on

04-12-2024T07:59:01 - [MESSAGE][PASSED] - Object: 'Object Repository/Выручка в рублях/2024 список Выручка' is clicked on

04-12-2024T07:59:01 - [TEST_STEP][PASSED] - scrollToElement(findTestObject("Выручка в рублях/1 квартал 2024 выбрать" + nameOfBlock), 30): Scroll to object 'Object Repository/Выручка в рублях/1 квартал 2024 выбрать Выручка' successfully

04-12-2024T07:59:01 - [MESSAGE][PASSED] - Scroll to object 'Object Repository/Выручка в рублях/1 квартал 2024 выбрать Выручка' successfully

04-12-2024T07:59:01 - [TEST_STEP][PASSED] - click(findTestObject("Выручка в рублях/1 квартал 2024 выбрать" + nameOfBlock)): Object: 'Object Repository/Выручка в рублях/1 квартал 2024 выбрать Выручка' is clicked on

04-12-2024T07:59:02 - [MESSAGE][PASSED] - Object: 'Object Repository/Выручка в рублях/1 квартал 2024 выбрать Выручка' is clicked on

04-12-2024T07:59:02 - [TEST_STEP][PASSED] - scrollToElement(findTestObject("Выручка в рублях/2 квартал 2024 выбрать" + nameOfBlock), 30): Scroll to object 'Object Repository/Выручка в рублях/2 квартал 2024 выбрать Выручка' successfully

04-12-2024T07:59:02 - [MESSAGE][PASSED] - Scroll to object 'Object Repository/Выручка в рублях/2 квартал 2024 выбрать Выручка' successfully

04-12-2024T07:59:02 - [TEST_STEP][PASSED] - click(findTestObject("Выручка в рублях/2 квартал 2024 выбрать" + nameOfBlock)): Object: 'Object Repository/Выручка в рублях/2 квартал 2024 выбрать Выручка' is clicked on

04-12-2024T07:59:02 - [MESSAGE][PASSED] - Object: 'Object Repository/Выручка в рублях/2 квартал 2024 выбрать Выручка' is clicked on

04-12-2024T07:59:02 - [TEST_STEP][PASSED] - scrollToElement(findTestObject("Выручка в рублях/3 квартал 2024 список" + nameOfBlock), 30): Scroll to object 'Object Repository/Выручка в рублях/3 квартал 2024 список Выручка' successfully

04-12-2024T07:59:03 - [MESSAGE][PASSED] - Scroll to object 'Object Repository/Выручка в рублях/3 квартал 2024 список Выручка' successfully

04-12-2024T07:59:03 - [TEST_STEP][PASSED] - click(findTestObject("Выручка в рублях/3 квартал 2024" + nameOfBlock)): Object: 'Object Repository/Выручка в рублях/3 квартал 2024 Выручка' is clicked on

04-12-2024T07:59:03 - [MESSAGE][PASSED] - Object: 'Object Repository/Выручка в рублях/3 квартал 2024 Выручка' is clicked on

04-12-2024T07:59:03 - [TEST_STEP][PASSED] - scrollToElement(findTestObject("Выручка в рублях/4 квартал 2024 список" + nameOfBlock), 30): Scroll to object 'Object Repository/Выручка в рублях/4 квартал 2024 список Выручка' successfully

04-12-2024T07:59:04 - [MESSAGE][PASSED] - Scroll to object 'Object Repository/Выручка в рублях/4 квартал 2024 список Выручка' successfully

04-12-2024T07:59:04 - [TEST_STEP][PASSED] - click(findTestObject("Выручка в рублях/4 квартал 2024 список" + nameOfBlock)): Object: 'Object Repository/Выручка в рублях/4 квартал 2024 список Выручка' is clicked on

04-12-2024T07:59:04 - [MESSAGE][PASSED] - Object: 'Object Repository/Выручка в рублях/4 квартал 2024 список Выручка' is clicked on

04-12-2024T07:59:04 - [TEST_STEP][PASSED] - scrollToElement(findTestObject("Выручка в рублях/Октябрь 2024" + nameOfBlock), 30): Scroll to object 'Object Repository/Выручка в рублях/Октябрь 2024 Выручка' successfully

04-12-2024T07:59:04 - [MESSAGE][PASSED] - Scroll to object 'Object Repository/Выручка в рублях/Октябрь 2024 Выручка' successfully

04-12-2024T07:59:04 - [TEST_STEP][PASSED] - click(findTestObject("Выручка в рублях/Октябрь 2024" + nameOfBlock)): Object: 'Object Repository/Выручка в рублях/Октябрь 2024 Выручка' is clicked on

04-12-2024T07:59:05 - [MESSAGE][PASSED] - Object: 'Object Repository/Выручка в рублях/Октябрь 2024 Выручка' is clicked on

04-12-2024T07:59:05 - [TEST_STEP][PASSED] - scrollToElement(findTestObject("Выручка в рублях/Заголовок дашборда" + nameOfBlock), 30): Scroll to object 'Object Repository/Выручка в рублях/Заголовок дашборда Выручка' successfully

04-12-2024T07:59:05 - [MESSAGE][PASSED] - Scroll to object 'Object Repository/Выручка в рублях/Заголовок дашборда Выручка' successfully

04-12-2024T07:59:05 - [TEST_STEP][PASSED] - click(findTestObject("Выручка в рублях/Применить в фильтре Дата" + nameOfBlock)): Object: 'Object Repository/Выручка в рублях/Применить в фильтре Дата Выручка' is clicked on

04-12-2024T07:59:06 - [MESSAGE][PASSED] - Object: 'Object Repository/Выручка в рублях/Применить в фильтре Дата Выручка' is clicked on

04-12-2024T07:59:06 - [TEST_STEP][PASSED] - delay(55): Delayed 55 second(s)

04-12-2024T08:00:01 - [MESSAGE][PASSED] - Delayed 55 second(s)

04-12-2024T08:00:01 - [TEST_STEP][PASSED] - click(findTestObject("Выручка в рублях/Фильтр ДЗО" + nameOfBlock)): Object: 'Object Repository/Выручка в рублях/Фильтр ДЗО Выручка' is clicked on

04-12-2024T08:00:01 - [MESSAGE][PASSED] - Object: 'Object Repository/Выручка в рублях/Фильтр ДЗО Выручка' is clicked on

04-12-2024T08:00:01 - [TEST_STEP][PASSED] - click(findTestObject("Выручка в рублях/Снять выделение в фильтре ДЗО" + nameOfBlock)): Object: 'Object Repository/Выручка в рублях/Снять выделение в фильтре ДЗО Выручка' is clicked on

04-12-2024T08:00:02 - [MESSAGE][PASSED] - Object: 'Object Repository/Выручка в рублях/Снять выделение в фильтре ДЗО Выручка' is clicked on

04-12-2024T08:00:02 - [TEST_STEP][PASSED] - click(findTestObject("Выручка в рублях/Применить в фильтре ДЗО" + nameOfBlock)): Object: 'Object Repository/Выручка в рублях/Применить в фильтре ДЗО Выручка' is clicked on

04-12-2024T08:00:02 - [MESSAGE][PASSED] - Object: 'Object Repository/Выручка в рублях/Применить в фильтре ДЗО Выручка' is clicked on

04-12-2024T08:00:02 - [TEST_STEP][PASSED] - delay(50): Delayed 50 second(s)

04-12-2024T08:00:52 - [MESSAGE][PASSED] - Delayed 50 second(s)

04-12-2024T08:00:52 - [TEST_STEP][PASSED] - Script1710234207206.Tumbler(run, vir, block, nameOfBlock): null

04-12-2024T08:00:52 - [TEST_STEP][PASSED] - println("run:" + run): null

04-12-2024T08:00:52 - [TEST_STEP][PASSED] - println("vir:" + vir): null

04-12-2024T08:00:52 - [TEST_STEP][PASSED] - println("block:" + block): null

04-12-2024T08:00:52 - [TEST_STEP][PASSED] - println("nameOfBlock:" + nameOfBlock): null

04-12-2024T08:00:52 - [TEST_STEP][PASSED] - if (vir == 1): null

04-12-2024T08:00:52 - [TEST_STEP][PASSED] - else if (vir == 2): Object: 'Object Repository/Выручка в рублях/Применить в фильтре Выручка Выручка' is clicked on

04-12-2024T08:00:52 - [TEST_STEP][PASSED] - if (run == 2): null

04-12-2024T08:00:52 - [TEST_STEP][PASSED] - click(findTestObject("Выручка в рублях/Фильтр Выручка" + nameOfBlock)): Object: 'Object Repository/Выручка в рублях/Фильтр Выручка Выручка' is clicked on

04-12-2024T08:00:53 - [MESSAGE][PASSED] - Object: 'Object Repository/Выручка в рублях/Фильтр Выручка Выручка' is clicked on

04-12-2024T08:00:53 - [TEST_STEP][PASSED] - click(findTestObject("Выручка в рублях/Итого в фильтре Выручка" + nameOfBlock)): Object: 'Object Repository/Выручка в рублях/Итого в фильтре Выручка Выручка' is clicked on

04-12-2024T08:00:53 - [MESSAGE][PASSED] - Object: 'Object Repository/Выручка в рублях/Итого в фильтре Выручка Выручка' is clicked on

04-12-2024T08:00:53 - [TEST_STEP][PASSED] - click(findTestObject("Выручка в рублях/Применить в фильтре Выручка" + nameOfBlock)): Object: 'Object Repository/Выручка в рублях/Применить в фильтре Выручка Выручка' is clicked on

04-12-2024T08:00:54 - [MESSAGE][PASSED] - Object: 'Object Repository/Выручка в рублях/Применить в фильтре Выручка Выручка' is clicked on

04-12-2024T08:00:54 - [TEST_STEP][PASSED] - click(findTestObject("Выручка в рублях/Фильтр ДЗО" + nameOfBlock)): Object: 'Object Repository/Выручка в рублях/Фильтр ДЗО Выручка' is clicked on

04-12-2024T08:00:56 - [MESSAGE][PASSED] - Object: 'Object Repository/Выручка в рублях/Фильтр ДЗО Выручка' is clicked on

04-12-2024T08:00:56 - [TEST_STEP][PASSED] - Script1710234207206.Rosseti(nameOfBlock): null

04-12-2024T08:00:56 - [TEST_STEP][PASSED] - println("nameOfBlock:" + nameOfBlock): null

04-12-2024T08:00:56 - [TEST_STEP][PASSED] - click(findTestObject("Выручка в рублях/ПАО Россети" + nameOfBlock)): Object: 'Object Repository/Выручка в рублях/ПАО Россети Выручка' is clicked on

04-12-2024T08:00:57 - [MESSAGE][PASSED] - Object: 'Object Repository/Выручка в рублях/ПАО Россети Выручка' is clicked on

04-12-2024T08:00:57 - [TEST_STEP][PASSED] - click(findTestObject("Выручка в рублях/Применить в фильтре ДЗО" + nameOfBlock)): Object: 'Object Repository/Выручка в рублях/Применить в фильтре ДЗО Выручка' is clicked on

04-12-2024T08:00:57 - [MESSAGE][PASSED] - Object: 'Object Repository/Выручка в рублях/Применить в фильтре ДЗО Выручка' is clicked on

04-12-2024T08:00:57 - [TEST_STEP][PASSED] - if (vir == 1 || vir == 2): Text of object 'Object Repository/Выручка в рублях/График План Выручка' is: '1 160 716'

04-12-2024T08:00:57 - [TEST_STEP][PASSED] - b1 = getText(findTestObject("Выручка в рублях/График План Выручка")): Text of object 'Object Repository/Выручка в рублях/График План Выручка' is: '1 160 716'

04-12-2024T08:00:59 - [MESSAGE][PASSED] - Text of object 'Object Repository/Выручка в рублях/График План Выручка' is: '1 160 716'

04-12-2024T08:00:59 - [TEST_STEP][PASSED] - if (vir == 1 || vir == 2): Text of object 'Object Repository/Выручка в рублях/График Факт Выручка' is: '1 160 805'

04-12-2024T08:00:59 - [TEST_STEP][PASSED] - b2 = getText(findTestObject("Выручка в рублях/График Факт Выручка")): Text of object 'Object Repository/Выручка в рублях/График Факт Выручка' is: '1 160 805'

04-12-2024T08:00:59 - [MESSAGE][PASSED] - Text of object 'Object Repository/Выручка в рублях/График Факт Выручка' is: '1 160 805'

04-12-2024T08:00:59 - [TEST_STEP][PASSED] - b30 = getText(findTestObject("Выручка в рублях/span1" + perc)): Text of object 'Object Repository/Выручка в рублях/span1' is: '89.8 млн.руб.'

04-12-2024T08:01:00 - [MESSAGE][PASSED] - Text of object 'Object Repository/Выручка в рублях/span1' is: '89.8 млн.руб.'

04-12-2024T08:01:00 - [TEST_STEP][PASSED] - i = b30.indexOf("млн.руб."): null

04-12-2024T08:01:00 - [TEST_STEP][PASSED] - if (i > -1): null

04-12-2024T08:01:00 - [TEST_STEP][PASSED] - b30 = b30.substring(0, i): null

04-12-2024T08:01:00 - [TEST_STEP][PASSED] - b30 = b30.replaceAll(" ", ""): null

04-12-2024T08:01:00 - [TEST_STEP][PASSED] - if (b30.contains("%")): null

04-12-2024T08:01:00 - [TEST_STEP][PASSED] - b30 = ").trim(): null

04-12-2024T08:01:00 - [TEST_STEP][PASSED] - println("b30: " + b30): null

04-12-2024T08:01:00 - [TEST_STEP][PASSED] - if (vir == 1 || vir == 2): Text of object 'Object Repository/Выручка в рублях/span2' is: '383'

04-12-2024T08:01:00 - [TEST_STEP][PASSED] - b31 = ").trim(): Text of object 'Object Repository/Выручка в рублях/span2' is: '383'

04-12-2024T08:01:00 - [MESSAGE][PASSED] - Text of object 'Object Repository/Выручка в рублях/span2' is: '383'

04-12-2024T08:01:00 - [TEST_STEP][PASSED] - if (vir == 1 || vir == 2): Text of object 'Object Repository/Выручка в рублях/span3' is: '-12'

04-12-2024T08:01:00 - [TEST_STEP][PASSED] - b32 = ").trim(): Text of object 'Object Repository/Выручка в рублях/span3' is: '-12'

04-12-2024T08:01:00 - [MESSAGE][PASSED] - Text of object 'Object Repository/Выручка в рублях/span3' is: '-12'

04-12-2024T08:01:00 - [TEST_STEP][PASSED] - if (vir == 1 || vir == 2): Text of object 'Object Repository/Выручка в рублях/span8' is: '263'

04-12-2024T08:01:00 - [TEST_STEP][PASSED] - b33 = ").trim(): Text of object 'Object Repository/Выручка в рублях/span4' is: '156'

04-12-2024T08:01:01 - [MESSAGE][PASSED] - Text of object 'Object Repository/Выручка в рублях/span4' is: '156'

04-12-2024T08:01:01 - [TEST_STEP][PASSED] - b34 = ").trim(): Text of object 'Object Repository/Выручка в рублях/span5' is: '3 953'

04-12-2024T08:01:01 - [MESSAGE][PASSED] - Text of object 'Object Repository/Выручка в рублях/span5' is: '3 953'

04-12-2024T08:01:01 - [TEST_STEP][PASSED] - b35 = ").trim(): Text of object 'Object Repository/Выручка в рублях/span6' is: '4 462'

04-12-2024T08:01:01 - [MESSAGE][PASSED] - Text of object 'Object Repository/Выручка в рублях/span6' is: '4 462'

04-12-2024T08:01:01 - [TEST_STEP][PASSED] - b36 = ").trim(): Text of object 'Object Repository/Выручка в рублях/span7' is: '7 500'

04-12-2024T08:01:02 - [MESSAGE][PASSED] - Text of object 'Object Repository/Выручка в рублях/span7' is: '7 500'

04-12-2024T08:01:02 - [TEST_STEP][PASSED] - b37 = ").trim(): Text of object 'Object Repository/Выручка в рублях/span8' is: '263'

04-12-2024T08:01:02 - [MESSAGE][PASSED] - Text of object 'Object Repository/Выручка в рублях/span8' is: '263'

04-12-2024T08:01:02 - [TEST_STEP][PASSED] - if (vir == 1 || vir == 2): Text of object 'Object Repository/Выручка в рублях/span17' is: '1 319'

04-12-2024T08:01:02 - [TEST_STEP][PASSED] - b38 = ").trim(): Text of object 'Object Repository/Выручка в рублях/span9' is: '878'

04-12-2024T08:01:02 - [MESSAGE][PASSED] - Text of object 'Object Repository/Выручка в рублях/span9' is: '878'

04-12-2024T08:01:02 - [TEST_STEP][PASSED] - b39 = ").trim(): Text of object 'Object Repository/Выручка в рублях/span10' is: '1 274'

04-12-2024T08:01:02 - [MESSAGE][PASSED] - Text of object 'Object Repository/Выручка в рублях/span10' is: '1 274'

04-12-2024T08:01:02 - [TEST_STEP][PASSED] - b310 = ").trim(): Text of object 'Object Repository/Выручка в рублях/span11' is: '238'

04-12-2024T08:01:03 - [MESSAGE][PASSED] - Text of object 'Object Repository/Выручка в рублях/span11' is: '238'

04-12-2024T08:01:03 - [TEST_STEP][PASSED] - b311 = ").trim(): Text of object 'Object Repository/Выручка в рублях/span12' is: '-5 106'

04-12-2024T08:01:03 - [MESSAGE][PASSED] - Text of object 'Object Repository/Выручка в рублях/span12' is: '-5 106'

04-12-2024T08:01:03 - [TEST_STEP][PASSED] - b312 = ").trim(): Text of object 'Object Repository/Выручка в рублях/span13' is: '1 955'

04-12-2024T08:01:03 - [MESSAGE][PASSED] - Text of object 'Object Repository/Выручка в рублях/span13' is: '1 955'

04-12-2024T08:01:03 - [TEST_STEP][PASSED] - b313 = ").trim(): Text of object 'Object Repository/Выручка в рублях/span14' is: '-24 344'

04-12-2024T08:01:04 - [MESSAGE][PASSED] - Text of object 'Object Repository/Выручка в рублях/span14' is: '-24 344'

04-12-2024T08:01:04 - [TEST_STEP][PASSED] - b314 = ").trim(): Text of object 'Object Repository/Выручка в рублях/span15' is: '2 435'

04-12-2024T08:01:04 - [MESSAGE][PASSED] - Text of object 'Object Repository/Выручка в рублях/span15' is: '2 435'

04-12-2024T08:01:04 - [TEST_STEP][PASSED] - b315 = ").trim(): Text of object 'Object Repository/Выручка в рублях/span16' is: '4 419'

04-12-2024T08:01:04 - [MESSAGE][PASSED] - Text of object 'Object Repository/Выручка в рублях/span16' is: '4 419'

04-12-2024T08:01:04 - [TEST_STEP][PASSED] - b316 = ").trim(): Text of object 'Object Repository/Выручка в рублях/span17' is: '1 319'

04-12-2024T08:01:05 - [MESSAGE][PASSED] - Text of object 'Object Repository/Выручка в рублях/span17' is: '1 319'

04-12-2024T08:01:05 - [TEST_STEP][PASSED] - if (vir == 1 || vir == 2): Text of object 'Object Repository/Выручка в рублях/span18' is: '318'

04-12-2024T08:01:05 - [TEST_STEP][PASSED] - b317 = ").trim(): Text of object 'Object Repository/Выручка в рублях/span18' is: '318'

04-12-2024T08:01:05 - [MESSAGE][PASSED] - Text of object 'Object Repository/Выручка в рублях/span18' is: '318'

04-12-2024T08:01:05 - [TEST_STEP][PASSED] - dZO = "ПАО Россети": null

04-12-2024T08:01:05 - [TEST_STEP][PASSED] - if (verifyEqual(a1, b1) == false): Actual object '1 160 716' and expected object '1 160 716' are equal

04-12-2024T08:01:05 - [MESSAGE][PASSED] - Actual object '1 160 716' and expected object '1 160 716' are equal

04-12-2024T08:01:05 - [TEST_STEP][PASSED] - if (verifyEqual(a2, b2) == false): Actual object '1 160 805' and expected object '1 160 805' are equal

04-12-2024T08:01:05 - [MESSAGE][PASSED] - Actual object '1 160 805' and expected object '1 160 805' are equal

04-12-2024T08:01:05 - [TEST_STEP][PASSED] - vidget = "Отклонения": null

04-12-2024T08:01:05 - [TEST_STEP][PASSED] - if (verifyEqual(a30, b30) == false): Actual object '89.8' and expected object '89.8' are equal

04-12-2024T08:01:05 - [MESSAGE][PASSED] - Actual object '89.8' and expected object '89.8' are equal

04-12-2024T08:01:05 - [TEST_STEP][PASSED] - dZO = "АО «Тываэнерго»": null

04-12-2024T08:01:05 - [TEST_STEP][PASSED] - if (verifyEqual(a31, b31) == false): Actual object '383' and expected object '383' are equal

04-12-2024T08:01:05 - [MESSAGE][PASSED] - Actual object '383' and expected object '383' are equal

04-12-2024T08:01:05 - [TEST_STEP][PASSED] - dZO = "АО «Чеченэнерго»": null

04-12-2024T08:01:05 - [TEST_STEP][PASSED] - if (verifyEqual(a32, b32) == false): Actual object '-12' and expected object '-12' are equal

04-12-2024T08:01:05 - [MESSAGE][PASSED] - Actual object '-12' and expected object '-12' are equal

04-12-2024T08:01:05 - [TEST_STEP][PASSED] - dZO = "Россети Волга": null

04-12-2024T08:01:05 - [TEST_STEP][PASSED] - if (verifyEqual(a33, b33) == false): Actual object '156' and expected object '156' are equal

04-12-2024T08:01:05 - [MESSAGE][PASSED] - Actual object '156' and expected object '156' are equal

04-12-2024T08:01:05 - [TEST_STEP][PASSED] - dZO = "Россети Кубань": null

04-12-2024T08:01:05 - [TEST_STEP][PASSED] - if (verifyEqual(a34, b34) == false): Actual object '3 953' and expected object '3 953' are equal

04-12-2024T08:01:05 - [MESSAGE][PASSED] - Actual object '3 953' and expected object '3 953' are equal

04-12-2024T08:01:05 - [TEST_STEP][PASSED] - dZO = "Россети Ленэнерго (ГК)": null

04-12-2024T08:01:05 - [TEST_STEP][PASSED] - if (verifyEqual(a35, b35) == false): Actual object '4 462' and expected object '4 462' are equal

04-12-2024T08:01:05 - [MESSAGE][PASSED] - Actual object '4 462' and expected object '4 462' are equal

04-12-2024T08:01:05 - [TEST_STEP][PASSED] - dZO = "Россети Московский регион": null

04-12-2024T08:01:05 - [TEST_STEP][PASSED] - if (verifyEqual(a36, b36) == false): Actual object '7 500' and expected object '7 500' are equal

04-12-2024T08:01:05 - [MESSAGE][PASSED] - Actual object '7 500' and expected object '7 500' are equal

04-12-2024T08:01:05 - [TEST_STEP][PASSED] - dZO = "Россети Северный Кавказ (ГК)": null

04-12-2024T08:01:05 - [TEST_STEP][PASSED] - if (verifyEqual(a37, b37) == false): Actual object '263' and expected object '263' are equal

04-12-2024T08:01:05 - [MESSAGE][PASSED] - Actual object '263' and expected object '263' are equal

04-12-2024T08:01:05 - [TEST_STEP][PASSED] - dZO = "Россети Северо-Запад": null

04-12-2024T08:01:05 - [TEST_STEP][PASSED] - if (verifyEqual(a38, b38) == false): Actual object '878' and expected object '878' are equal

04-12-2024T08:01:05 - [MESSAGE][PASSED] - Actual object '878' and expected object '878' are equal

04-12-2024T08:01:05 - [TEST_STEP][PASSED] - dZO = "Россети Сибирь (ГК)": null

04-12-2024T08:01:05 - [TEST_STEP][PASSED] - if (verifyEqual(a39, b39) == false): Actual object '1 274' and expected object '1 274' are equal

04-12-2024T08:01:05 - [MESSAGE][PASSED] - Actual object '1 274' and expected object '1 274' are equal

04-12-2024T08:01:05 - [TEST_STEP][PASSED] - dZO = "Россети Томск": null

04-12-2024T08:01:05 - [TEST_STEP][PASSED] - if (verifyEqual(a310, b310) == false): Actual object '238' and expected object '238' are equal

04-12-2024T08:01:05 - [MESSAGE][PASSED] - Actual object '238' and expected object '238' are equal

04-12-2024T08:01:05 - [TEST_STEP][PASSED] - dZO = "Россети Тюмень": null

04-12-2024T08:01:05 - [TEST_STEP][PASSED] - if (verifyEqual(a311, b311) == false): Actual object '-5 106' and expected object '-5 106' are equal

04-12-2024T08:01:05 - [MESSAGE][PASSED] - Actual object '-5 106' and expected object '-5 106' are equal

04-12-2024T08:01:05 - [TEST_STEP][PASSED] - dZO = "Россети Урал (ГК)": null

04-12-2024T08:01:05 - [TEST_STEP][PASSED] - if (verifyEqual(a312, b312) == false): Actual object '1 955' and expected object '1 955' are equal

04-12-2024T08:01:05 - [MESSAGE][PASSED] - Actual object '1 955' and expected object '1 955' are equal

04-12-2024T08:01:05 - [TEST_STEP][PASSED] - dZO = "Россети ФСК ЕЭС": null

04-12-2024T08:01:05 - [TEST_STEP][PASSED] - if (verifyEqual(a313, b313) == false): Actual object '-24 344' and expected object '-24 344' are equal

04-12-2024T08:01:05 - [MESSAGE][PASSED] - Actual object '-24 344' and expected object '-24 344' are equal

04-12-2024T08:01:05 - [TEST_STEP][PASSED] - dZO = "Россети Центр": null

04-12-2024T08:01:05 - [TEST_STEP][PASSED] - if (verifyEqual(a314, b314) == false): Actual object '2 435' and expected object '2 435' are equal

04-12-2024T08:01:05 - [MESSAGE][PASSED] - Actual object '2 435' and expected object '2 435' are equal

04-12-2024T08:01:05 - [TEST_STEP][PASSED] - dZO = "Россети Центр и Приволжье (ГК)": null

04-12-2024T08:01:05 - [TEST_STEP][PASSED] - if (verifyEqual(a315, b315) == false): Actual object '4 419' and expected object '4 419' are equal

04-12-2024T08:01:05 - [MESSAGE][PASSED] - Actual object '4 419' and expected object '4 419' are equal

04-12-2024T08:01:05 - [TEST_STEP][PASSED] - dZO = "Россети Юг (ГК)": null

04-12-2024T08:01:05 - [TEST_STEP][PASSED] - if (verifyEqual(a316, b316) == false): Actual object '1 319' and expected object '1 319' are equal

04-12-2024T08:01:05 - [MESSAGE][PASSED] - Actual object '1 319' and expected object '1 319' are equal

04-12-2024T08:01:05 - [TEST_STEP][PASSED] - dZO = "Россети Янтарь": null

04-12-2024T08:01:05 - [TEST_STEP][PASSED] - if (verifyEqual(a317, b317) == false): Actual object '318' and expected object '318' are equal

04-12-2024T08:01:05 - [MESSAGE][PASSED] - Actual object '318' and expected object '318' are equal

04-12-2024T08:01:05 - [TEST_STEP][PASSED] - closeBrowser(): null

04-12-2024T08:01:05 - [MESSAGE][PASSED] - Browser is closed

04-12-2024T08:01:05 - [TEST_STEP][PASSED] - Script1710234207206.Blocks(run, vir, block, nameOfBlock, typeOfData, viruchka, vidget, todaysDate, a, b, dZO, x, y): null

04-12-2024T08:01:05 - [TEST_STEP][PASSED] - i = <not implemented yet for class: org.codehaus.groovy.ast.expr.EmptyExpression>: null

04-12-2024T08:01:05 - [TEST_STEP][PASSED] - perc = "": null

04-12-2024T08:01:05 - [TEST_STEP][PASSED] - a1 = <not implemented yet for class: org.codehaus.groovy.ast.expr.EmptyExpression>: null

04-12-2024T08:01:05 - [TEST_STEP][PASSED] - a2 = <not implemented yet for class: org.codehaus.groovy.ast.expr.EmptyExpression>: null

04-12-2024T08:01:05 - [TEST_STEP][PASSED] - a30 = <not implemented yet for class: org.codehaus.groovy.ast.expr.EmptyExpression>: null

04-12-2024T08:01:05 - [TEST_STEP][PASSED] - a31 = <not implemented yet for class: org.codehaus.groovy.ast.expr.EmptyExpression>: null

04-12-2024T08:01:05 - [TEST_STEP][PASSED] - a32 = <not implemented yet for class: org.codehaus.groovy.ast.expr.EmptyExpression>: null

04-12-2024T08:01:05 - [TEST_STEP][PASSED] - a33 = <not implemented yet for class: org.codehaus.groovy.ast.expr.EmptyExpression>: null

04-12-2024T08:01:05 - [TEST_STEP][PASSED] - a34 = <not implemented yet for class: org.codehaus.groovy.ast.expr.EmptyExpression>: null

04-12-2024T08:01:05 - [TEST_STEP][PASSED] - a35 = <not implemented yet for class: org.codehaus.groovy.ast.expr.EmptyExpression>: null

04-12-2024T08:01:05 - [TEST_STEP][PASSED] - a36 = <not implemented yet for class: org.codehaus.groovy.ast.expr.EmptyExpression>: null

04-12-2024T08:01:05 - [TEST_STEP][PASSED] - a37 = <not implemented yet for class: org.codehaus.groovy.ast.expr.EmptyExpression>: null

04-12-2024T08:01:05 - [TEST_STEP][PASSED] - a38 = <not implemented yet for class: org.codehaus.groovy.ast.expr.EmptyExpression>: null

04-12-2024T08:01:05 - [TEST_STEP][PASSED] - a39 = <not implemented yet for class: org.codehaus.groovy.ast.expr.EmptyExpression>: null

04-12-2024T08:01:05 - [TEST_STEP][PASSED] - a310 = <not implemented yet for class: org.codehaus.groovy.ast.expr.EmptyExpression>: null

04-12-2024T08:01:05 - [TEST_STEP][PASSED] - a311 = <not implemented yet for class: org.codehaus.groovy.ast.expr.EmptyExpression>: null

04-12-2024T08:01:05 - [TEST_STEP][PASSED] - a312 = <not implemented yet for class: org.codehaus.groovy.ast.expr.EmptyExpression>: null

04-12-2024T08:01:05 - [TEST_STEP][PASSED] - a313 = <not implemented yet for class: org.codehaus.groovy.ast.expr.EmptyExpression>: null

04-12-2024T08:01:05 - [TEST_STEP][PASSED] - a314 = <not implemented yet for class: org.codehaus.groovy.ast.expr.EmptyExpression>: null

04-12-2024T08:01:05 - [TEST_STEP][PASSED] - a315 = <not implemented yet for class: org.codehaus.groovy.ast.expr.EmptyExpression>: null

04-12-2024T08:01:05 - [TEST_STEP][PASSED] - a316 = <not implemented yet for class: org.codehaus.groovy.ast.expr.EmptyExpression>: null

04-12-2024T08:01:05 - [TEST_STEP][PASSED] - a317 = <not implemented yet for class: org.codehaus.groovy.ast.expr.EmptyExpression>: null

04-12-2024T08:01:05 - [TEST_STEP][PASSED] - b1 = <not implemented yet for class: org.codehaus.groovy.ast.expr.EmptyExpression>: null

04-12-2024T08:01:05 - [TEST_STEP][PASSED] - b2 = <not implemented yet for class: org.codehaus.groovy.ast.expr.EmptyExpression>: null

04-12-2024T08:01:05 - [TEST_STEP][PASSED] - b30 = <not implemented yet for class: org.codehaus.groovy.ast.expr.EmptyExpression>: null

04-12-2024T08:01:05 - [TEST_STEP][PASSED] - b31 = <not implemented yet for class: org.codehaus.groovy.ast.expr.EmptyExpression>: null

04-12-2024T08:01:05 - [TEST_STEP][PASSED] - b32 = <not implemented yet for class: org.codehaus.groovy.ast.expr.EmptyExpression>: null

04-12-2024T08:01:05 - [TEST_STEP][PASSED] - b33 = <not implemented yet for class: org.codehaus.groovy.ast.expr.EmptyExpression>: null

04-12-2024T08:01:05 - [TEST_STEP][PASSED] - b34 = <not implemented yet for class: org.codehaus.groovy.ast.expr.EmptyExpression>: null

04-12-2024T08:01:05 - [TEST_STEP][PASSED] - b35 = <not implemented yet for class: org.codehaus.groovy.ast.expr.EmptyExpression>: null

04-12-2024T08:01:05 - [TEST_STEP][PASSED] - b36 = <not implemented yet for class: org.codehaus.groovy.ast.expr.EmptyExpression>: null

04-12-2024T08:01:05 - [TEST_STEP][PASSED] - b37 = <not implemented yet for class: org.codehaus.groovy.ast.expr.EmptyExpression>: null

04-12-2024T08:01:05 - [TEST_STEP][PASSED] - b38 = <not implemented yet for class: org.codehaus.groovy.ast.expr.EmptyExpression>: null

04-12-2024T08:01:05 - [TEST_STEP][PASSED] - b39 = <not implemented yet for class: org.codehaus.groovy.ast.expr.EmptyExpression>: null

04-12-2024T08:01:05 - [TEST_STEP][PASSED] - b310 = <not implemented yet for class: org.codehaus.groovy.ast.expr.EmptyExpression>: null

04-12-2024T08:01:05 - [TEST_STEP][PASSED] - b311 = <not implemented yet for class: org.codehaus.groovy.ast.expr.EmptyExpression>: null

04-12-2024T08:01:05 - [TEST_STEP][PASSED] - b312 = <not implemented yet for class: org.codehaus.groovy.ast.expr.EmptyExpression>: null

04-12-2024T08:01:05 - [TEST_STEP][PASSED] - b313 = <not implemented yet for class: org.codehaus.groovy.ast.expr.EmptyExpression>: null

04-12-2024T08:01:05 - [TEST_STEP][PASSED] - b314 = <not implemented yet for class: org.codehaus.groovy.ast.expr.EmptyExpression>: null

04-12-2024T08:01:05 - [TEST_STEP][PASSED] - b315 = <not implemented yet for class: org.codehaus.groovy.ast.expr.EmptyExpression>: null

04-12-2024T08:01:05 - [TEST_STEP][PASSED] - b316 = <not implemented yet for class: org.codehaus.groovy.ast.expr.EmptyExpression>: null

04-12-2024T08:01:05 - [TEST_STEP][PASSED] - b317 = <not implemented yet for class: org.codehaus.groovy.ast.expr.EmptyExpression>: null

04-12-2024T08:01:05 - [TEST_STEP][PASSED] - block = 1: null

04-12-2024T08:01:05 - [TEST_STEP][PASSED] - nameOfBlock = "": null

04-12-2024T08:01:05 - [TEST_STEP][PASSED] - Script1710234207206.PreSettings(run, vir, block, nameOfBlock, typeOfData, todaysDate): null

04-12-2024T08:01:05 - [TEST_STEP][PASSED] - openBrowser(""): Browser is opened with url: ''

04-12-2024T08:01:05 - [MESSAGE][INFO] - Starting 'Chrome' driver

04-12-2024T08:01:05 - [MESSAGE][INFO] - Action delay is set to 0 milliseconds

04-12-2024T08:01:06 - [MESSAGE][PASSED] - Browser is opened with url: ''

04-12-2024T08:01:06 - [TEST_STEP][PASSED] - refresh(): Refresh successfully

04-12-2024T08:01:06 - [MESSAGE][PASSED] - Refresh successfully

04-12-2024T08:01:06 - [TEST_STEP][PASSED] - delay(50): Delayed 50 second(s)

04-12-2024T08:01:56 - [MESSAGE][PASSED] - Delayed 50 second(s)

04-12-2024T08:01:56 - [TEST_STEP][PASSED] - println("run:" + run): null

04-12-2024T08:01:56 - [TEST_STEP][PASSED] - println("vir:" + vir): null

04-12-2024T08:01:56 - [TEST_STEP][PASSED] - println("block:" + block): null

04-12-2024T08:01:56 - [TEST_STEP][PASSED] - if (block == 1): null

04-12-2024T08:01:56 - [TEST_STEP][PASSED] - nameOfBlock = "": null

04-12-2024T08:01:56 - [TEST_STEP][PASSED] - println("nameOfBlock:" + nameOfBlock): null

04-12-2024T08:01:56 - [TEST_STEP][PASSED] - println("typeOfData:" + typeOfData): null

04-12-2024T08:01:56 - [TEST_STEP][PASSED] - println("todaysDate:" + todaysDate): null

04-12-2024T08:01:56 - [TEST_STEP][PASSED] - Script1710234207206.Autorization(block, nameOfBlock): null

04-12-2024T08:01:56 - [TEST_STEP][PASSED] - i = <not implemented yet for class: org.codehaus.groovy.ast.expr.EmptyExpression>: null

04-12-2024T08:01:56 - [TEST_STEP][PASSED] - ii = <not implemented yet for class: org.codehaus.groovy.ast.expr.EmptyExpression>: null

04-12-2024T08:01:56 - [TEST_STEP][PASSED] - urlData = <not implemented yet for class: org.codehaus.groovy.ast.expr.EmptyExpression>: null

04-12-2024T08:01:56 - [TEST_STEP][PASSED] - searchWord = <not implemented yet for class: org.codehaus.groovy.ast.expr.EmptyExpression>: null

04-12-2024T08:01:56 - [TEST_STEP][PASSED] - urlText = <not implemented yet for class: org.codehaus.groovy.ast.expr.EmptyExpression>: null

04-12-2024T08:01:56 - [TEST_STEP][PASSED] - println("block:" + block): null

04-12-2024T08:01:56 - [TEST_STEP][PASSED] - if (block == 1): null

04-12-2024T08:01:56 - [TEST_STEP][PASSED] - nameOfBlock = "": null

04-12-2024T08:01:56 - [TEST_STEP][PASSED] - println("nameOfBlock:" + nameOfBlock): null

04-12-2024T08:01:56 - [TEST_STEP][PASSED] - if (block == 1): Delayed 45 second(s)

04-12-2024T08:01:56 - [TEST_STEP][PASSED] - urlData = 2: null

04-12-2024T08:01:56 - [TEST_STEP][PASSED] - delay(45): Delayed 45 second(s)

04-12-2024T08:02:41 - [MESSAGE][PASSED] - Delayed 45 second(s)

04-12-2024T08:02:41 - [TEST_STEP][PASSED] - navigateToUrl(findTestData("PlanFact").getValue(10, urlData)): Navigate to 'https://bi.rosseti.digital/viewer?dashboardGuid=2301950b23be4ed89c1df75f2020051e&sheetGuid=b723206f698544fb87299f3095c00435&fit=true' successfully

04-12-2024T08:02:49 - [MESSAGE][PASSED] - Navigate to 'https://bi.rosseti.digital/viewer?dashboardGuid=2301950b23be4ed89c1df75f2020051e&sheetGuid=b723206f698544fb87299f3095c00435&fit=true' successfully

04-12-2024T08:02:49 - [TEST_STEP][PASSED] - urlText = getText(findTestObject("Страница авторизации/Text")): Text of object 'Object Repository/Страница авторизации/Text' is: 'Вход'

04-12-2024T08:02:54 - [MESSAGE][PASSED] - Text of object 'Object Repository/Страница авторизации/Text' is: 'Вход'

04-12-2024T08:02:54 - [TEST_STEP][PASSED] - searchWord = "Вход": null

04-12-2024T08:02:54 - [TEST_STEP][PASSED] - if (urlText == null || urlText.contains("ошибка") || urlText.contains(searchWord) == false): null

04-12-2024T08:02:54 - [TEST_STEP][PASSED] - if (verifyElementPresent(findTestObject("Страница авторизации/button_"), 30) == true): null

04-12-2024T08:02:54 - [MESSAGE][PASSED] - Object 'Object Repository/Страница авторизации/button_' is present

04-12-2024T08:02:54 - [TEST_STEP][PASSED] - setText(findTestObject("Страница авторизации/input__username"), findTestData("PlanFact").getValue(8, 1)): Text 'liazgina-di' is set on object 'Object Repository/Страница авторизации/input__username'

04-12-2024T08:02:55 - [MESSAGE][PASSED] - Text 'liazgina-di' is set on object 'Object Repository/Страница авторизации/input__username'

04-12-2024T08:02:55 - [TEST_STEP][PASSED] - setText(findTestObject("Страница авторизации/input__password"), findTestData("PlanFact").getValue(9, 1)): Text ')$%5srZ8o688Dm#q' is set on object 'Object Repository/Страница авторизации/input__password'

04-12-2024T08:02:56 - [MESSAGE][PASSED] - Text ')$%5srZ8o688Dm#q' is set on object 'Object Repository/Страница авторизации/input__password'

04-12-2024T08:02:56 - [TEST_STEP][PASSED] - click(findTestObject("Страница авторизации/button_")): Object: 'Object Repository/Страница авторизации/button_' is clicked on

04-12-2024T08:02:59 - [MESSAGE][PASSED] - Object: 'Object Repository/Страница авторизации/button_' is clicked on

04-12-2024T08:02:59 - [TEST_STEP][PASSED] - delay(45): Delayed 45 second(s)

04-12-2024T08:03:44 - [MESSAGE][PASSED] - Delayed 45 second(s)

04-12-2024T08:03:44 - [TEST_STEP][PASSED] - urlText = getText(findTestObject("Страница авторизации/Text")): Text of object 'Object Repository/Страница авторизации/Text' is: 'Период
1, 2, 3 кв., Октябрь 2024 года
Выручка
Все
Выполнение плановых показателей по ПАО Россети за 1, 2, 3 кв., Октябрь 2024 года
План
Факт
Динамика
2024 год
0 млн.руб.
100 000 млн.руб.
200 000 млн.руб.
300 000 млн.руб.
400 000 млн.руб.
500 000 млн.руб.
600 000 млн.руб.
700 000 млн.руб.
800 000 млн.руб.
900 000 млн.руб.
1 000 000 млн.руб.
1 100 000 млн.руб.
1 200 000 млн.руб.
1 300 000 млн.руб.
1 400 000 млн.руб.
1 180 677
1 181 459
↑
ДЗО 
Все
Внутренний оборот - выручка за услуги по передаче электрической энергии, учтенная в выручке за электроэнергию для конечных потребителей, при выполнении ДЗО функций гарантирующего поставщика
Подписи данных
⬤Отклонение
АО «Тываэнерго»
АО «Чеченэнерго»
Россети Волга
Россети Кубань
Россети Ленэнерго (ГК)
Россети Московский регион
Россети Северный Кавказ (ГК)
Россети Северо-Запад
Россети Сибирь (ГК)
Россети Томск
Россети Тюмень
Россети Урал (ГК)
Россети ФСК ЕЭС
Россети Центр
Россети Центр и Приволжье (ГК)
Россети Юг (ГК)
Россети Янтарь
-25 000млн.руб.
-20 000млн.руб.
-15 000млн.руб.
-10 000млн.руб.
-5 000млн.руб.
0млн.руб.
5 000млн.руб.
10 …
-30 000млн.руб.
300
101
156
3 953
4 462
7 500
888
878
1 274
238
-5 106
1 955
-24 344
2 435
4 419
1 357
318
млн.
%
Выручка
Отклонение выручки по ПАО Россети за 1, 2, 3 кв., Октябрь 2024 года (факт/план, млн. руб)
ПАО Россети
782.4 млн.руб.
 '

04-12-2024T08:03:45 - [MESSAGE][PASSED] - Text of object 'Object Repository/Страница авторизации/Text' is: 'Период
1, 2, 3 кв., Октябрь 2024 года
Выручка
Все
Выполнение плановых показателей по ПАО Россети за 1, 2, 3 кв., Октябрь 2024 года
План
Факт
Динамика
2024 год
0 млн.руб.
100 000 млн.руб.
200 000 млн.руб.
300 000 млн.руб.
400 000 млн.руб.
500 000 млн.руб.
600 000 млн.руб.
700 000 млн.руб.
800 000 млн.руб.
900 000 млн.руб.
1 000 000 млн.руб.
1 100 000 млн.руб.
1 200 000 млн.руб.
1 300 000 млн.руб.
1 400 000 млн.руб.
1 180 677
1 181 459
↑
ДЗО 
Все
Внутренний оборот - выручка за услуги по передаче электрической энергии, учтенная в выручке за электроэнергию для конечных потребителей, при выполнении ДЗО функций гарантирующего поставщика
Подписи данных
⬤Отклонение
АО «Тываэнерго»
АО «Чеченэнерго»
Россети Волга
Россети Кубань
Россети Ленэнерго (ГК)
Россети Московский регион
Россети Северный Кавказ (ГК)
Россети Северо-Запад
Россети Сибирь (ГК)
Россети Томск
Россети Тюмень
Россети Урал (ГК)
Россети ФСК ЕЭС
Россети Центр
Россети Центр и Приволжье (ГК)
Россети Юг (ГК)
Россети Янтарь
-25 000млн.руб.
-20 000млн.руб.
-15 000млн.руб.
-10 000млн.руб.
-5 000млн.руб.
0млн.руб.
5 000млн.руб.
10 …
-30 000млн.руб.
300
101
156
3 953
4 462
7 500
888
878
1 274
238
-5 106
1 955
-24 344
2 435
4 419
1 357
318
млн.
%
Выручка
Отклонение выручки по ПАО Россети за 1, 2, 3 кв., Октябрь 2024 года (факт/план, млн. руб)
ПАО Россети
782.4 млн.руб.
 '

04-12-2024T08:03:45 - [TEST_STEP][PASSED] - searchWord = "а": null

04-12-2024T08:03:45 - [TEST_STEP][PASSED] - if (urlText.contains("ошибка") || urlText.contains(searchWord) == false): null

04-12-2024T08:03:45 - [TEST_STEP][PASSED] - delay(45): Delayed 45 second(s)

04-12-2024T08:04:30 - [MESSAGE][PASSED] - Delayed 45 second(s)

04-12-2024T08:04:30 - [TEST_STEP][PASSED] - if (block == 2): null

04-12-2024T08:04:30 - [TEST_STEP][PASSED] - click(findTestObject("Выручка в рублях/Фильтр Период" + nameOfBlock)): Object: 'Object Repository/Выручка в рублях/Фильтр Период' is clicked on

04-12-2024T08:04:30 - [MESSAGE][PASSED] - Object: 'Object Repository/Выручка в рублях/Фильтр Период' is clicked on

04-12-2024T08:04:30 - [TEST_STEP][PASSED] - click(findTestObject("Выручка в рублях/Снять выделение в фильтре Дата" + nameOfBlock)): Object: 'Object Repository/Выручка в рублях/Снять выделение в фильтре Дата' is clicked on

04-12-2024T08:04:31 - [MESSAGE][PASSED] - Object: 'Object Repository/Выручка в рублях/Снять выделение в фильтре Дата' is clicked on

04-12-2024T08:04:31 - [TEST_STEP][PASSED] - click(findTestObject("Выручка в рублях/Применить в фильтре Дата" + nameOfBlock)): Object: 'Object Repository/Выручка в рублях/Применить в фильтре Дата' is clicked on

04-12-2024T08:04:31 - [MESSAGE][PASSED] - Object: 'Object Repository/Выручка в рублях/Применить в фильтре Дата' is clicked on

04-12-2024T08:04:31 - [TEST_STEP][PASSED] - delay(50): Delayed 50 second(s)

04-12-2024T08:05:21 - [MESSAGE][PASSED] - Delayed 50 second(s)

04-12-2024T08:05:21 - [TEST_STEP][PASSED] - click(findTestObject("Выручка в рублях/Фильтр Период" + nameOfBlock)): Object: 'Object Repository/Выручка в рублях/Фильтр Период' is clicked on

04-12-2024T08:05:21 - [MESSAGE][PASSED] - Object: 'Object Repository/Выручка в рублях/Фильтр Период' is clicked on

04-12-2024T08:05:21 - [TEST_STEP][PASSED] - click(findTestObject("Выручка в рублях/Снять выделение в фильтре Дата" + nameOfBlock)): Object: 'Object Repository/Выручка в рублях/Снять выделение в фильтре Дата' is clicked on

04-12-2024T08:05:22 - [MESSAGE][PASSED] - Object: 'Object Repository/Выручка в рублях/Снять выделение в фильтре Дата' is clicked on

04-12-2024T08:05:22 - [TEST_STEP][PASSED] - scrollToElement(findTestObject("Выручка в рублях/2024 список" + nameOfBlock), 30): Scroll to object 'Object Repository/Выручка в рублях/2024 список' successfully

04-12-2024T08:05:22 - [MESSAGE][PASSED] - Scroll to object 'Object Repository/Выручка в рублях/2024 список' successfully

04-12-2024T08:05:22 - [TEST_STEP][PASSED] - click(findTestObject("Выручка в рублях/2024 список" + nameOfBlock)): Object: 'Object Repository/Выручка в рублях/2024 список' is clicked on

04-12-2024T08:05:23 - [MESSAGE][PASSED] - Object: 'Object Repository/Выручка в рублях/2024 список' is clicked on

04-12-2024T08:05:23 - [TEST_STEP][PASSED] - scrollToElement(findTestObject("Выручка в рублях/1 квартал 2024 выбрать" + nameOfBlock), 30): Scroll to object 'Object Repository/Выручка в рублях/1 квартал 2024 выбрать' successfully

04-12-2024T08:05:23 - [MESSAGE][PASSED] - Scroll to object 'Object Repository/Выручка в рублях/1 квартал 2024 выбрать' successfully

04-12-2024T08:05:23 - [TEST_STEP][PASSED] - click(findTestObject("Выручка в рублях/1 квартал 2024 выбрать" + nameOfBlock)): Object: 'Object Repository/Выручка в рублях/1 квартал 2024 выбрать' is clicked on

04-12-2024T08:05:23 - [MESSAGE][PASSED] - Object: 'Object Repository/Выручка в рублях/1 квартал 2024 выбрать' is clicked on

04-12-2024T08:05:23 - [TEST_STEP][PASSED] - scrollToElement(findTestObject("Выручка в рублях/2 квартал 2024 выбрать" + nameOfBlock), 30): Scroll to object 'Object Repository/Выручка в рублях/2 квартал 2024 выбрать' successfully

04-12-2024T08:05:24 - [MESSAGE][PASSED] - Scroll to object 'Object Repository/Выручка в рублях/2 квартал 2024 выбрать' successfully

04-12-2024T08:05:24 - [TEST_STEP][PASSED] - click(findTestObject("Выручка в рублях/2 квартал 2024 выбрать" + nameOfBlock)): Object: 'Object Repository/Выручка в рублях/2 квартал 2024 выбрать' is clicked on

04-12-2024T08:05:24 - [MESSAGE][PASSED] - Object: 'Object Repository/Выручка в рублях/2 квартал 2024 выбрать' is clicked on

04-12-2024T08:05:24 - [TEST_STEP][PASSED] - scrollToElement(findTestObject("Выручка в рублях/3 квартал 2024 список" + nameOfBlock), 30): Scroll to object 'Object Repository/Выручка в рублях/3 квартал 2024 список' successfully

04-12-2024T08:05:25 - [MESSAGE][PASSED] - Scroll to object 'Object Repository/Выручка в рублях/3 квартал 2024 список' successfully

04-12-2024T08:05:25 - [TEST_STEP][PASSED] - click(findTestObject("Выручка в рублях/3 квартал 2024" + nameOfBlock)): Object: 'Object Repository/Выручка в рублях/3 квартал 2024' is clicked on

04-12-2024T08:05:25 - [MESSAGE][PASSED] - Object: 'Object Repository/Выручка в рублях/3 квартал 2024' is clicked on

04-12-2024T08:05:25 - [TEST_STEP][PASSED] - scrollToElement(findTestObject("Выручка в рублях/4 квартал 2024 список" + nameOfBlock), 30): Scroll to object 'Object Repository/Выручка в рублях/4 квартал 2024 список' successfully

04-12-2024T08:05:26 - [MESSAGE][PASSED] - Scroll to object 'Object Repository/Выручка в рублях/4 квартал 2024 список' successfully

04-12-2024T08:05:26 - [TEST_STEP][PASSED] - click(findTestObject("Выручка в рублях/4 квартал 2024 список" + nameOfBlock)): Object: 'Object Repository/Выручка в рублях/4 квартал 2024 список' is clicked on

04-12-2024T08:05:26 - [MESSAGE][PASSED] - Object: 'Object Repository/Выручка в рублях/4 квартал 2024 список' is clicked on

04-12-2024T08:05:26 - [TEST_STEP][PASSED] - scrollToElement(findTestObject("Выручка в рублях/Октябрь 2024" + nameOfBlock), 30): Scroll to object 'Object Repository/Выручка в рублях/Октябрь 2024' successfully

04-12-2024T08:05:26 - [MESSAGE][PASSED] - Scroll to object 'Object Repository/Выручка в рублях/Октябрь 2024' successfully

04-12-2024T08:05:26 - [TEST_STEP][PASSED] - click(findTestObject("Выручка в рублях/Октябрь 2024" + nameOfBlock)): Object: 'Object Repository/Выручка в рублях/Октябрь 2024' is clicked on

04-12-2024T08:05:27 - [MESSAGE][PASSED] - Object: 'Object Repository/Выручка в рублях/Октябрь 2024' is clicked on

04-12-2024T08:05:27 - [TEST_STEP][PASSED] - scrollToElement(findTestObject("Выручка в рублях/Заголовок дашборда" + nameOfBlock), 30): Scroll to object 'Object Repository/Выручка в рублях/Заголовок дашборда' successfully

04-12-2024T08:05:27 - [MESSAGE][PASSED] - Scroll to object 'Object Repository/Выручка в рублях/Заголовок дашборда' successfully

04-12-2024T08:05:27 - [TEST_STEP][PASSED] - click(findTestObject("Выручка в рублях/Применить в фильтре Дата" + nameOfBlock)): Object: 'Object Repository/Выручка в рублях/Применить в фильтре Дата' is clicked on

04-12-2024T08:05:28 - [MESSAGE][PASSED] - Object: 'Object Repository/Выручка в рублях/Применить в фильтре Дата' is clicked on

04-12-2024T08:05:28 - [TEST_STEP][PASSED] - delay(55): Delayed 55 second(s)

04-12-2024T08:06:23 - [MESSAGE][PASSED] - Delayed 55 second(s)

04-12-2024T08:06:23 - [TEST_STEP][PASSED] - click(findTestObject("Выручка в рублях/Фильтр ДЗО" + nameOfBlock)): Object: 'Object Repository/Выручка в рублях/Фильтр ДЗО' is clicked on

04-12-2024T08:06:23 - [MESSAGE][PASSED] - Object: 'Object Repository/Выручка в рублях/Фильтр ДЗО' is clicked on

04-12-2024T08:06:23 - [TEST_STEP][PASSED] - click(findTestObject("Выручка в рублях/Снять выделение в фильтре ДЗО" + nameOfBlock)): Object: 'Object Repository/Выручка в рублях/Снять выделение в фильтре ДЗО' is clicked on

04-12-2024T08:06:24 - [MESSAGE][PASSED] - Object: 'Object Repository/Выручка в рублях/Снять выделение в фильтре ДЗО' is clicked on

04-12-2024T08:06:24 - [TEST_STEP][PASSED] - click(findTestObject("Выручка в рублях/Применить в фильтре ДЗО" + nameOfBlock)): Object: 'Object Repository/Выручка в рублях/Применить в фильтре ДЗО' is clicked on

04-12-2024T08:06:24 - [MESSAGE][PASSED] - Object: 'Object Repository/Выручка в рублях/Применить в фильтре ДЗО' is clicked on

04-12-2024T08:06:24 - [TEST_STEP][PASSED] - delay(50): Delayed 50 second(s)

04-12-2024T08:07:14 - [MESSAGE][PASSED] - Delayed 50 second(s)

04-12-2024T08:07:14 - [TEST_STEP][PASSED] - Script1710234207206.Tumbler(run, vir, block, nameOfBlock): null

04-12-2024T08:07:14 - [TEST_STEP][PASSED] - println("run:" + run): null

04-12-2024T08:07:14 - [TEST_STEP][PASSED] - println("vir:" + vir): null

04-12-2024T08:07:14 - [TEST_STEP][PASSED] - println("block:" + block): null

04-12-2024T08:07:14 - [TEST_STEP][PASSED] - println("nameOfBlock:" + nameOfBlock): null

04-12-2024T08:07:14 - [TEST_STEP][PASSED] - if (vir == 1): null

04-12-2024T08:07:14 - [TEST_STEP][PASSED] - else if (vir == 2): null

04-12-2024T08:07:14 - [TEST_STEP][PASSED] - else if (vir == 3): Object: 'Object Repository/Выручка в рублях/Применить в фильтре Выручка' is clicked on

04-12-2024T08:07:14 - [TEST_STEP][PASSED] - if (run == 2): null

04-12-2024T08:07:14 - [TEST_STEP][PASSED] - click(findTestObject("Выручка в рублях/Фильтр Выручка" + nameOfBlock)): Object: 'Object Repository/Выручка в рублях/Фильтр Выручка' is clicked on

04-12-2024T08:07:14 - [MESSAGE][PASSED] - Object: 'Object Repository/Выручка в рублях/Фильтр Выручка' is clicked on

04-12-2024T08:07:14 - [TEST_STEP][PASSED] - click(findTestObject("Выручка в рублях/Внутренний оборот в фильтре Выручка" + nameOfBlock)): Object: 'Object Repository/Выручка в рублях/Внутренний оборот в фильтре Выручка' is clicked on

04-12-2024T08:07:15 - [MESSAGE][PASSED] - Object: 'Object Repository/Выручка в рублях/Внутренний оборот в фильтре Выручка' is clicked on

04-12-2024T08:07:15 - [TEST_STEP][PASSED] - click(findTestObject("Выручка в рублях/Применить в фильтре Выручка" + nameOfBlock)): Object: 'Object Repository/Выручка в рублях/Применить в фильтре Выручка' is clicked on

04-12-2024T08:07:16 - [MESSAGE][PASSED] - Object: 'Object Repository/Выручка в рублях/Применить в фильтре Выручка' is clicked on

04-12-2024T08:07:16 - [TEST_STEP][PASSED] - click(findTestObject("Выручка в рублях/Фильтр ДЗО" + nameOfBlock)): Object: 'Object Repository/Выручка в рублях/Фильтр ДЗО' is clicked on

04-12-2024T08:07:19 - [MESSAGE][PASSED] - Object: 'Object Repository/Выручка в рублях/Фильтр ДЗО' is clicked on

04-12-2024T08:07:19 - [TEST_STEP][PASSED] - Script1710234207206.Rosseti(nameOfBlock): null

04-12-2024T08:07:19 - [TEST_STEP][PASSED] - println("nameOfBlock:" + nameOfBlock): null

04-12-2024T08:07:19 - [TEST_STEP][PASSED] - click(findTestObject("Выручка в рублях/ПАО Россети" + nameOfBlock)): Object: 'Object Repository/Выручка в рублях/ПАО Россети' is clicked on

04-12-2024T08:07:19 - [MESSAGE][PASSED] - Object: 'Object Repository/Выручка в рублях/ПАО Россети' is clicked on

04-12-2024T08:07:19 - [TEST_STEP][PASSED] - click(findTestObject("Выручка в рублях/Применить в фильтре ДЗО" + nameOfBlock)): Object: 'Object Repository/Выручка в рублях/Применить в фильтре ДЗО' is clicked on

04-12-2024T08:07:20 - [MESSAGE][PASSED] - Object: 'Object Repository/Выручка в рублях/Применить в фильтре ДЗО' is clicked on

04-12-2024T08:07:20 - [TEST_STEP][PASSED] - if (run == 2): null

04-12-2024T08:07:20 - [TEST_STEP][PASSED] - if (vir == 1 || vir == 2): null

04-12-2024T08:07:20 - [TEST_STEP][PASSED] - else: Text of object 'Object Repository/Выручка в рублях/vir3Plan' is: '19 961'

04-12-2024T08:07:20 - [TEST_STEP][PASSED] - a1 = getText(findTestObject("Выручка в рублях/vir3Plan")): Text of object 'Object Repository/Выручка в рублях/vir3Plan' is: '19 961'

04-12-2024T08:07:22 - [MESSAGE][PASSED] - Text of object 'Object Repository/Выручка в рублях/vir3Plan' is: '19 961'

04-12-2024T08:07:22 - [TEST_STEP][PASSED] - if (vir == 1 || vir == 2): null

04-12-2024T08:07:22 - [TEST_STEP][PASSED] - else: Text of object 'Object Repository/Выручка в рублях/vir3Fact' is: '20 654'

04-12-2024T08:07:22 - [TEST_STEP][PASSED] - a2 = getText(findTestObject("Выручка в рублях/vir3Fact")): Text of object 'Object Repository/Выручка в рублях/vir3Fact' is: '20 654'

04-12-2024T08:07:22 - [MESSAGE][PASSED] - Text of object 'Object Repository/Выручка в рублях/vir3Fact' is: '20 654'

04-12-2024T08:07:22 - [TEST_STEP][PASSED] - a30 = getText(findTestObject("Выручка в рублях/span1" + perc)): Text of object 'Object Repository/Выручка в рублях/span1' is: '692.6 млн.руб.'

04-12-2024T08:07:23 - [MESSAGE][PASSED] - Text of object 'Object Repository/Выручка в рублях/span1' is: '692.6 млн.руб.'

04-12-2024T08:07:23 - [TEST_STEP][PASSED] - i = a30.indexOf("млн.руб."): null

04-12-2024T08:07:23 - [TEST_STEP][PASSED] - if (i > -1): null

04-12-2024T08:07:23 - [TEST_STEP][PASSED] - a30 = a30.substring(0, i): null

04-12-2024T08:07:23 - [TEST_STEP][PASSED] - a30 = a30.replaceAll(" ", ""): null

04-12-2024T08:07:23 - [TEST_STEP][PASSED] - if (a30.contains("%")): null

04-12-2024T08:07:23 - [TEST_STEP][PASSED] - a30 = ").trim(): null

04-12-2024T08:07:23 - [TEST_STEP][PASSED] - println("a30: " + a30): null

04-12-2024T08:07:23 - [TEST_STEP][PASSED] - if (vir == 1 || vir == 2): null

04-12-2024T08:07:23 - [TEST_STEP][PASSED] - else: Text of object 'Object Repository/Выручка в рублях/span15' is: '-84'

04-12-2024T08:07:23 - [TEST_STEP][PASSED] - a31 = ").trim(): Text of object 'Object Repository/Выручка в рублях/span15' is: '-84'

04-12-2024T08:07:23 - [MESSAGE][PASSED] - Text of object 'Object Repository/Выручка в рублях/span15' is: '-84'

04-12-2024T08:07:23 - [TEST_STEP][PASSED] - if (vir == 1 || vir == 2): null

04-12-2024T08:07:23 - [TEST_STEP][PASSED] - else: Text of object 'Object Repository/Выручка в рублях/span16' is: '113'

04-12-2024T08:07:23 - [TEST_STEP][PASSED] - a32 = ").trim(): Text of object 'Object Repository/Выручка в рублях/span16' is: '113'

04-12-2024T08:07:23 - [MESSAGE][PASSED] - Text of object 'Object Repository/Выручка в рублях/span16' is: '113'

04-12-2024T08:07:23 - [TEST_STEP][PASSED] - if (vir == 1 || vir == 2): null

04-12-2024T08:07:23 - [TEST_STEP][PASSED] - else: Text of object 'Object Repository/Выручка в рублях/span17' is: '625'

04-12-2024T08:07:23 - [TEST_STEP][PASSED] - a37 = ").trim(): Text of object 'Object Repository/Выручка в рублях/span17' is: '625'

04-12-2024T08:07:24 - [MESSAGE][PASSED] - Text of object 'Object Repository/Выручка в рублях/span17' is: '625'

04-12-2024T08:07:24 - [TEST_STEP][PASSED] - if (vir == 1 || vir == 2): null

04-12-2024T08:07:24 - [TEST_STEP][PASSED] - else: Text of object 'Object Repository/Выручка в рублях/span18' is: '38'

04-12-2024T08:07:24 - [TEST_STEP][PASSED] - a316 = ").trim(): Text of object 'Object Repository/Выручка в рублях/span18' is: '38'

04-12-2024T08:07:24 - [MESSAGE][PASSED] - Text of object 'Object Repository/Выручка в рублях/span18' is: '38'

04-12-2024T08:07:24 - [TEST_STEP][PASSED] - if (vir == 1 || vir == 2): null

04-12-2024T08:07:24 - [TEST_STEP][PASSED] - block = 2: null

04-12-2024T08:07:24 - [TEST_STEP][PASSED] - nameOfBlock = " Выручка": null

04-12-2024T08:07:24 - [TEST_STEP][PASSED] - Script1710234207206.PreSettings(run, vir, block, nameOfBlock, typeOfData, todaysDate): null

04-12-2024T08:07:24 - [TEST_STEP][PASSED] - openBrowser(""): Browser is opened with url: ''

04-12-2024T08:07:24 - [MESSAGE][WARNING] - A browser is already opened. Closing browser and opening a new one

04-12-2024T08:07:24 - [MESSAGE][INFO] - Starting 'Chrome' driver

04-12-2024T08:07:24 - [MESSAGE][INFO] - Action delay is set to 0 milliseconds

04-12-2024T08:07:25 - [MESSAGE][PASSED] - Browser is opened with url: ''

04-12-2024T08:07:25 - [TEST_STEP][PASSED] - refresh(): Refresh successfully

04-12-2024T08:07:25 - [MESSAGE][PASSED] - Refresh successfully

04-12-2024T08:07:25 - [TEST_STEP][PASSED] - delay(50): Delayed 50 second(s)

04-12-2024T08:08:15 - [MESSAGE][PASSED] - Delayed 50 second(s)

04-12-2024T08:08:15 - [TEST_STEP][PASSED] - println("run:" + run): null

04-12-2024T08:08:15 - [TEST_STEP][PASSED] - println("vir:" + vir): null

04-12-2024T08:08:15 - [TEST_STEP][PASSED] - println("block:" + block): null

04-12-2024T08:08:15 - [TEST_STEP][PASSED] - if (block == 1): null

04-12-2024T08:08:15 - [TEST_STEP][PASSED] - else: null

04-12-2024T08:08:15 - [TEST_STEP][PASSED] - nameOfBlock = " Выручка": null

04-12-2024T08:08:15 - [TEST_STEP][PASSED] - println("nameOfBlock:" + nameOfBlock): null

04-12-2024T08:08:15 - [TEST_STEP][PASSED] - println("typeOfData:" + typeOfData): null

04-12-2024T08:08:15 - [TEST_STEP][PASSED] - println("todaysDate:" + todaysDate): null

04-12-2024T08:08:15 - [TEST_STEP][PASSED] - Script1710234207206.Autorization(block, nameOfBlock): null

04-12-2024T08:08:15 - [TEST_STEP][PASSED] - i = <not implemented yet for class: org.codehaus.groovy.ast.expr.EmptyExpression>: null

04-12-2024T08:08:15 - [TEST_STEP][PASSED] - ii = <not implemented yet for class: org.codehaus.groovy.ast.expr.EmptyExpression>: null

04-12-2024T08:08:15 - [TEST_STEP][PASSED] - urlData = <not implemented yet for class: org.codehaus.groovy.ast.expr.EmptyExpression>: null

04-12-2024T08:08:15 - [TEST_STEP][PASSED] - searchWord = <not implemented yet for class: org.codehaus.groovy.ast.expr.EmptyExpression>: null

04-12-2024T08:08:15 - [TEST_STEP][PASSED] - urlText = <not implemented yet for class: org.codehaus.groovy.ast.expr.EmptyExpression>: null

04-12-2024T08:08:15 - [TEST_STEP][PASSED] - println("block:" + block): null

04-12-2024T08:08:15 - [TEST_STEP][PASSED] - if (block == 1): null

04-12-2024T08:08:15 - [TEST_STEP][PASSED] - else: null

04-12-2024T08:08:15 - [TEST_STEP][PASSED] - delay(45): Delayed 45 second(s)

04-12-2024T08:09:00 - [MESSAGE][PASSED] - Delayed 45 second(s)

04-12-2024T08:09:00 - [TEST_STEP][PASSED] - nameOfBlock = " Выручка": null

04-12-2024T08:09:00 - [TEST_STEP][PASSED] - println("nameOfBlock:" + nameOfBlock): null

04-12-2024T08:09:00 - [TEST_STEP][PASSED] - if (block == 1): null

04-12-2024T08:09:00 - [TEST_STEP][PASSED] - else: Delayed 45 second(s)

04-12-2024T08:09:00 - [TEST_STEP][PASSED] - urlData = 9: null

04-12-2024T08:09:00 - [TEST_STEP][PASSED] - delay(45): Delayed 45 second(s)

04-12-2024T08:09:45 - [MESSAGE][PASSED] - Delayed 45 second(s)

04-12-2024T08:09:45 - [TEST_STEP][PASSED] - navigateToUrl(findTestData("PlanFact").getValue(10, urlData)): Navigate to 'https://bi.rosseti.digital/viewer?dashboardGuid=a1fd28b3785d443cbc4d7690a1d78e31&sheetGuid=86092a20c5984827a0c87b24cac76a50&fit=true' successfully

04-12-2024T08:09:52 - [MESSAGE][PASSED] - Navigate to 'https://bi.rosseti.digital/viewer?dashboardGuid=a1fd28b3785d443cbc4d7690a1d78e31&sheetGuid=86092a20c5984827a0c87b24cac76a50&fit=true' successfully

04-12-2024T08:09:52 - [TEST_STEP][PASSED] - urlText = getText(findTestObject("Страница авторизации/Text")): Text of object 'Object Repository/Страница авторизации/Text' is: 'Вход'

04-12-2024T08:10:00 - [MESSAGE][PASSED] - Text of object 'Object Repository/Страница авторизации/Text' is: 'Вход'

04-12-2024T08:10:00 - [TEST_STEP][PASSED] - searchWord = "Вход": null

04-12-2024T08:10:00 - [TEST_STEP][PASSED] - if (urlText == null || urlText.contains("ошибка") || urlText.contains(searchWord) == false): null

04-12-2024T08:10:00 - [TEST_STEP][PASSED] - if (verifyElementPresent(findTestObject("Страница авторизации/button_"), 30) == true): null

04-12-2024T08:10:00 - [MESSAGE][PASSED] - Object 'Object Repository/Страница авторизации/button_' is present

04-12-2024T08:10:00 - [TEST_STEP][PASSED] - setText(findTestObject("Страница авторизации/input__username"), findTestData("PlanFact").getValue(8, 1)): Text 'liazgina-di' is set on object 'Object Repository/Страница авторизации/input__username'

04-12-2024T08:10:01 - [MESSAGE][PASSED] - Text 'liazgina-di' is set on object 'Object Repository/Страница авторизации/input__username'

04-12-2024T08:10:01 - [TEST_STEP][PASSED] - setText(findTestObject("Страница авторизации/input__password"), findTestData("PlanFact").getValue(9, 1)): Text ')$%5srZ8o688Dm#q' is set on object 'Object Repository/Страница авторизации/input__password'

04-12-2024T08:10:01 - [MESSAGE][PASSED] - Text ')$%5srZ8o688Dm#q' is set on object 'Object Repository/Страница авторизации/input__password'

04-12-2024T08:10:01 - [TEST_STEP][PASSED] - click(findTestObject("Страница авторизации/button_")): Object: 'Object Repository/Страница авторизации/button_' is clicked on

04-12-2024T08:10:04 - [MESSAGE][PASSED] - Object: 'Object Repository/Страница авторизации/button_' is clicked on

04-12-2024T08:10:04 - [TEST_STEP][PASSED] - delay(45): Delayed 45 second(s)

04-12-2024T08:10:49 - [MESSAGE][PASSED] - Delayed 45 second(s)

04-12-2024T08:10:49 - [TEST_STEP][PASSED] - urlText = getText(findTestObject("Страница авторизации/Text")): Text of object 'Object Repository/Страница авторизации/Text' is: 'Период
Январь, Февраль, Март, Апрель, Май, Июнь, Июль, Август, Сентябрь, Октябрь 2024 года
Выручка
Все
Выполнение плановых показателей по ПАО Россети за Январь, Февраль, Март, Апрель, Май, Июнь, Июль, Август, Сентябрь, Октябрь 2024 года
План
Факт
Динамика
2024 год
0 млн.руб.
100 000 млн.руб.
200 000 млн.руб.
300 000 млн.руб.
400 000 млн.руб.
500 000 млн.руб.
600 000 млн.руб.
700 000 млн.руб.
800 000 млн.руб.
900 000 млн.руб.
1 000 000 млн.руб.
1 100 000 млн.руб.
1 200 000 млн.руб.
1 300 000 млн.руб.
1 400 000 млн.руб.
1 180 677
1 181 459
↑
ДЗО 
Все
Подписи данных
⬤Отклонение
АО «Тываэнерго»
АО «Чеченэнерго»
Россети Волга
Россети Кубань
Россети Ленэнерго (ГК)
Россети Московский регион
Россети Северный Кавказ (ГК)
Россети Северо-Запад
Россети Сибирь (ГК)
Россети Томск
Россети Тюмень
Россети Урал (ГК)
Россети ФСК ЕЭС
Россети Центр
Россети Центр и Приволжье (ГК)
Россети Юг (ГК)
Россети Янтарь
-27 500 млн.руб.
-25 000 млн.руб.
-22 500 млн.руб.
-20 000 млн.руб.
-17 500 млн.руб.
-15 000 млн.руб.
-12 500 млн.руб.
-10 000 млн.руб.
-7 500 млн.руб.
-5 000 млн.руб.
-2 500 млн.руб.
0 млн.руб.
2 500 млн.руб.
5 000 млн.руб.
7 500 млн.руб.
10 000 млн.руб.
300
101
156
3 953
4 462
7 500
888
878
1 274
238
-5 106
1 955
-24 344
2 435
4 419
1 357
318
млн.
%
Выручка
Отклонение выручки по ПАО Россети за Январь, Февраль, Март, Апрель, Май, Июнь, Июль, Август, Сентябрь, Октябрь 2024 года (факт/план, млн. руб)
ПАО Россети
782.4 млн.руб.
Статус данных
×
Просьба обратить внимание
Данные занесены не полностью
ВЫБРАННЫЕ ЗНАЧЕНИЯ ФИЛЬТРОВ
ДЗО | ПЕРИОД
ПАО Россети: [«Выбраны все филиалы по всем ДЗО по всем категориям»]
2024: [Янв, Фев, Мар, Апр, Май, Июн, Июл, Авг, Сен, Окт]
*Внутренний оборот'

04-12-2024T08:10:50 - [MESSAGE][PASSED] - Text of object 'Object Repository/Страница авторизации/Text' is: 'Период
Январь, Февраль, Март, Апрель, Май, Июнь, Июль, Август, Сентябрь, Октябрь 2024 года
Выручка
Все
Выполнение плановых показателей по ПАО Россети за Январь, Февраль, Март, Апрель, Май, Июнь, Июль, Август, Сентябрь, Октябрь 2024 года
План
Факт
Динамика
2024 год
0 млн.руб.
100 000 млн.руб.
200 000 млн.руб.
300 000 млн.руб.
400 000 млн.руб.
500 000 млн.руб.
600 000 млн.руб.
700 000 млн.руб.
800 000 млн.руб.
900 000 млн.руб.
1 000 000 млн.руб.
1 100 000 млн.руб.
1 200 000 млн.руб.
1 300 000 млн.руб.
1 400 000 млн.руб.
1 180 677
1 181 459
↑
ДЗО 
Все
Подписи данных
⬤Отклонение
АО «Тываэнерго»
АО «Чеченэнерго»
Россети Волга
Россети Кубань
Россети Ленэнерго (ГК)
Россети Московский регион
Россети Северный Кавказ (ГК)
Россети Северо-Запад
Россети Сибирь (ГК)
Россети Томск
Россети Тюмень
Россети Урал (ГК)
Россети ФСК ЕЭС
Россети Центр
Россети Центр и Приволжье (ГК)
Россети Юг (ГК)
Россети Янтарь
-27 500 млн.руб.
-25 000 млн.руб.
-22 500 млн.руб.
-20 000 млн.руб.
-17 500 млн.руб.
-15 000 млн.руб.
-12 500 млн.руб.
-10 000 млн.руб.
-7 500 млн.руб.
-5 000 млн.руб.
-2 500 млн.руб.
0 млн.руб.
2 500 млн.руб.
5 000 млн.руб.
7 500 млн.руб.
10 000 млн.руб.
300
101
156
3 953
4 462
7 500
888
878
1 274
238
-5 106
1 955
-24 344
2 435
4 419
1 357
318
млн.
%
Выручка
Отклонение выручки по ПАО Россети за Январь, Февраль, Март, Апрель, Май, Июнь, Июль, Август, Сентябрь, Октябрь 2024 года (факт/план, млн. руб)
ПАО Россети
782.4 млн.руб.
Статус данных
×
Просьба обратить внимание
Данные занесены не полностью
ВЫБРАННЫЕ ЗНАЧЕНИЯ ФИЛЬТРОВ
ДЗО | ПЕРИОД
ПАО Россети: [«Выбраны все филиалы по всем ДЗО по всем категориям»]
2024: [Янв, Фев, Мар, Апр, Май, Июн, Июл, Авг, Сен, Окт]
*Внутренний оборот'

04-12-2024T08:10:50 - [TEST_STEP][PASSED] - searchWord = "а": null

04-12-2024T08:10:50 - [TEST_STEP][PASSED] - if (urlText.contains("ошибка") || urlText.contains(searchWord) == false): null

04-12-2024T08:10:50 - [TEST_STEP][PASSED] - delay(45): Delayed 45 second(s)

04-12-2024T08:11:35 - [MESSAGE][PASSED] - Delayed 45 second(s)

04-12-2024T08:11:35 - [TEST_STEP][PASSED] - if (block == 2): Delayed 50 second(s)

04-12-2024T08:11:35 - [TEST_STEP][PASSED] - opoveshenie = getText(findTestObject("Выручка в рублях/Просьба обратить внимание")): Text of object 'Object Repository/Выручка в рублях/Просьба обратить внимание' is: 'Просьба обратить внимание'

04-12-2024T08:11:36 - [MESSAGE][PASSED] - Text of object 'Object Repository/Выручка в рублях/Просьба обратить внимание' is: 'Просьба обратить внимание'

04-12-2024T08:11:36 - [TEST_STEP][PASSED] - if (opoveshenie == "Просьба обратить внимание"): Delayed 50 second(s)

04-12-2024T08:11:36 - [TEST_STEP][PASSED] - click(findTestObject("Выручка в рублях/Закрыть оповещение")): Object: 'Object Repository/Выручка в рублях/Закрыть оповещение' is clicked on

04-12-2024T08:11:36 - [MESSAGE][PASSED] - Object: 'Object Repository/Выручка в рублях/Закрыть оповещение' is clicked on

04-12-2024T08:11:36 - [TEST_STEP][PASSED] - delay(50): Delayed 50 second(s)

04-12-2024T08:12:26 - [MESSAGE][PASSED] - Delayed 50 second(s)

04-12-2024T08:12:26 - [TEST_STEP][PASSED] - click(findTestObject("Выручка в рублях/Фильтр Период" + nameOfBlock)): Object: 'Object Repository/Выручка в рублях/Фильтр Период Выручка' is clicked on

04-12-2024T08:12:26 - [MESSAGE][PASSED] - Object: 'Object Repository/Выручка в рублях/Фильтр Период Выручка' is clicked on

04-12-2024T08:12:26 - [TEST_STEP][PASSED] - click(findTestObject("Выручка в рублях/Снять выделение в фильтре Дата" + nameOfBlock)): Object: 'Object Repository/Выручка в рублях/Снять выделение в фильтре Дата Выручка' is clicked on

04-12-2024T08:12:27 - [MESSAGE][PASSED] - Object: 'Object Repository/Выручка в рублях/Снять выделение в фильтре Дата Выручка' is clicked on

04-12-2024T08:12:27 - [TEST_STEP][PASSED] - click(findTestObject("Выручка в рублях/Применить в фильтре Дата" + nameOfBlock)): Object: 'Object Repository/Выручка в рублях/Применить в фильтре Дата Выручка' is clicked on

04-12-2024T08:12:27 - [MESSAGE][PASSED] - Object: 'Object Repository/Выручка в рублях/Применить в фильтре Дата Выручка' is clicked on

04-12-2024T08:12:27 - [TEST_STEP][PASSED] - delay(50): Delayed 50 second(s)

04-12-2024T08:13:18 - [MESSAGE][PASSED] - Delayed 50 second(s)

04-12-2024T08:13:18 - [TEST_STEP][PASSED] - click(findTestObject("Выручка в рублях/Фильтр Период" + nameOfBlock)): Object: 'Object Repository/Выручка в рублях/Фильтр Период Выручка' is clicked on

04-12-2024T08:13:18 - [MESSAGE][PASSED] - Object: 'Object Repository/Выручка в рублях/Фильтр Период Выручка' is clicked on

04-12-2024T08:13:18 - [TEST_STEP][PASSED] - click(findTestObject("Выручка в рублях/Снять выделение в фильтре Дата" + nameOfBlock)): Object: 'Object Repository/Выручка в рублях/Снять выделение в фильтре Дата Выручка' is clicked on

04-12-2024T08:13:18 - [MESSAGE][PASSED] - Object: 'Object Repository/Выручка в рублях/Снять выделение в фильтре Дата Выручка' is clicked on

04-12-2024T08:13:18 - [TEST_STEP][PASSED] - scrollToElement(findTestObject("Выручка в рублях/2024 список" + nameOfBlock), 30): Scroll to object 'Object Repository/Выручка в рублях/2024 список Выручка' successfully

04-12-2024T08:13:19 - [MESSAGE][PASSED] - Scroll to object 'Object Repository/Выручка в рублях/2024 список Выручка' successfully

04-12-2024T08:13:19 - [TEST_STEP][PASSED] - click(findTestObject("Выручка в рублях/2024 список" + nameOfBlock)): Object: 'Object Repository/Выручка в рублях/2024 список Выручка' is clicked on

04-12-2024T08:13:19 - [MESSAGE][PASSED] - Object: 'Object Repository/Выручка в рублях/2024 список Выручка' is clicked on

04-12-2024T08:13:19 - [TEST_STEP][PASSED] - scrollToElement(findTestObject("Выручка в рублях/1 квартал 2024 выбрать" + nameOfBlock), 30): Scroll to object 'Object Repository/Выручка в рублях/1 квартал 2024 выбрать Выручка' successfully

04-12-2024T08:13:20 - [MESSAGE][PASSED] - Scroll to object 'Object Repository/Выручка в рублях/1 квартал 2024 выбрать Выручка' successfully

04-12-2024T08:13:20 - [TEST_STEP][PASSED] - click(findTestObject("Выручка в рублях/1 квартал 2024 выбрать" + nameOfBlock)): Object: 'Object Repository/Выручка в рублях/1 квартал 2024 выбрать Выручка' is clicked on

04-12-2024T08:13:20 - [MESSAGE][PASSED] - Object: 'Object Repository/Выручка в рублях/1 квартал 2024 выбрать Выручка' is clicked on

04-12-2024T08:13:20 - [TEST_STEP][PASSED] - scrollToElement(findTestObject("Выручка в рублях/2 квартал 2024 выбрать" + nameOfBlock), 30): Scroll to object 'Object Repository/Выручка в рублях/2 квартал 2024 выбрать Выручка' successfully

04-12-2024T08:13:20 - [MESSAGE][PASSED] - Scroll to object 'Object Repository/Выручка в рублях/2 квартал 2024 выбрать Выручка' successfully

04-12-2024T08:13:20 - [TEST_STEP][PASSED] - click(findTestObject("Выручка в рублях/2 квартал 2024 выбрать" + nameOfBlock)): Object: 'Object Repository/Выручка в рублях/2 квартал 2024 выбрать Выручка' is clicked on

04-12-2024T08:13:21 - [MESSAGE][PASSED] - Object: 'Object Repository/Выручка в рублях/2 квартал 2024 выбрать Выручка' is clicked on

04-12-2024T08:13:21 - [TEST_STEP][PASSED] - scrollToElement(findTestObject("Выручка в рублях/3 квартал 2024 список" + nameOfBlock), 30): Scroll to object 'Object Repository/Выручка в рублях/3 квартал 2024 список Выручка' successfully

04-12-2024T08:13:21 - [MESSAGE][PASSED] - Scroll to object 'Object Repository/Выручка в рублях/3 квартал 2024 список Выручка' successfully

04-12-2024T08:13:21 - [TEST_STEP][PASSED] - click(findTestObject("Выручка в рублях/3 квартал 2024" + nameOfBlock)): Object: 'Object Repository/Выручка в рублях/3 квартал 2024 Выручка' is clicked on

04-12-2024T08:13:22 - [MESSAGE][PASSED] - Object: 'Object Repository/Выручка в рублях/3 квартал 2024 Выручка' is clicked on

04-12-2024T08:13:22 - [TEST_STEP][PASSED] - scrollToElement(findTestObject("Выручка в рублях/4 квартал 2024 список" + nameOfBlock), 30): Scroll to object 'Object Repository/Выручка в рублях/4 квартал 2024 список Выручка' successfully

04-12-2024T08:13:22 - [MESSAGE][PASSED] - Scroll to object 'Object Repository/Выручка в рублях/4 квартал 2024 список Выручка' successfully

04-12-2024T08:13:22 - [TEST_STEP][PASSED] - click(findTestObject("Выручка в рублях/4 квартал 2024 список" + nameOfBlock)): Object: 'Object Repository/Выручка в рублях/4 квартал 2024 список Выручка' is clicked on

04-12-2024T08:13:22 - [MESSAGE][PASSED] - Object: 'Object Repository/Выручка в рублях/4 квартал 2024 список Выручка' is clicked on

04-12-2024T08:13:22 - [TEST_STEP][PASSED] - scrollToElement(findTestObject("Выручка в рублях/Октябрь 2024" + nameOfBlock), 30): Scroll to object 'Object Repository/Выручка в рублях/Октябрь 2024 Выручка' successfully

04-12-2024T08:13:23 - [MESSAGE][PASSED] - Scroll to object 'Object Repository/Выручка в рублях/Октябрь 2024 Выручка' successfully

04-12-2024T08:13:23 - [TEST_STEP][PASSED] - click(findTestObject("Выручка в рублях/Октябрь 2024" + nameOfBlock)): Object: 'Object Repository/Выручка в рублях/Октябрь 2024 Выручка' is clicked on

04-12-2024T08:13:23 - [MESSAGE][PASSED] - Object: 'Object Repository/Выручка в рублях/Октябрь 2024 Выручка' is clicked on

04-12-2024T08:13:23 - [TEST_STEP][PASSED] - scrollToElement(findTestObject("Выручка в рублях/Заголовок дашборда" + nameOfBlock), 30): Scroll to object 'Object Repository/Выручка в рублях/Заголовок дашборда Выручка' successfully

04-12-2024T08:13:24 - [MESSAGE][PASSED] - Scroll to object 'Object Repository/Выручка в рублях/Заголовок дашборда Выручка' successfully

04-12-2024T08:13:24 - [TEST_STEP][PASSED] - click(findTestObject("Выручка в рублях/Применить в фильтре Дата" + nameOfBlock)): Object: 'Object Repository/Выручка в рублях/Применить в фильтре Дата Выручка' is clicked on

04-12-2024T08:13:24 - [MESSAGE][PASSED] - Object: 'Object Repository/Выручка в рублях/Применить в фильтре Дата Выручка' is clicked on

04-12-2024T08:13:24 - [TEST_STEP][PASSED] - delay(55): Delayed 55 second(s)

04-12-2024T08:14:19 - [MESSAGE][PASSED] - Delayed 55 second(s)

04-12-2024T08:14:19 - [TEST_STEP][PASSED] - click(findTestObject("Выручка в рублях/Фильтр ДЗО" + nameOfBlock)): Object: 'Object Repository/Выручка в рублях/Фильтр ДЗО Выручка' is clicked on

04-12-2024T08:14:20 - [MESSAGE][PASSED] - Object: 'Object Repository/Выручка в рублях/Фильтр ДЗО Выручка' is clicked on

04-12-2024T08:14:20 - [TEST_STEP][PASSED] - click(findTestObject("Выручка в рублях/Снять выделение в фильтре ДЗО" + nameOfBlock)): Object: 'Object Repository/Выручка в рублях/Снять выделение в фильтре ДЗО Выручка' is clicked on

04-12-2024T08:14:20 - [MESSAGE][PASSED] - Object: 'Object Repository/Выручка в рублях/Снять выделение в фильтре ДЗО Выручка' is clicked on

04-12-2024T08:14:20 - [TEST_STEP][PASSED] - click(findTestObject("Выручка в рублях/Применить в фильтре ДЗО" + nameOfBlock)): Object: 'Object Repository/Выручка в рублях/Применить в фильтре ДЗО Выручка' is clicked on

04-12-2024T08:14:21 - [MESSAGE][PASSED] - Object: 'Object Repository/Выручка в рублях/Применить в фильтре ДЗО Выручка' is clicked on

04-12-2024T08:14:21 - [TEST_STEP][PASSED] - delay(50): Delayed 50 second(s)

04-12-2024T08:15:11 - [MESSAGE][PASSED] - Delayed 50 second(s)

04-12-2024T08:15:11 - [TEST_STEP][PASSED] - Script1710234207206.Tumbler(run, vir, block, nameOfBlock): null

04-12-2024T08:15:11 - [TEST_STEP][PASSED] - println("run:" + run): null

04-12-2024T08:15:11 - [TEST_STEP][PASSED] - println("vir:" + vir): null

04-12-2024T08:15:11 - [TEST_STEP][PASSED] - println("block:" + block): null

04-12-2024T08:15:11 - [TEST_STEP][PASSED] - println("nameOfBlock:" + nameOfBlock): null

04-12-2024T08:15:11 - [TEST_STEP][PASSED] - if (vir == 1): null

04-12-2024T08:15:11 - [TEST_STEP][PASSED] - else if (vir == 2): null

04-12-2024T08:15:11 - [TEST_STEP][PASSED] - else if (vir == 3): Object: 'Object Repository/Выручка в рублях/Применить в фильтре Выручка Выручка' is clicked on

04-12-2024T08:15:11 - [TEST_STEP][PASSED] - if (run == 2): null

04-12-2024T08:15:11 - [TEST_STEP][PASSED] - click(findTestObject("Выручка в рублях/Фильтр Выручка" + nameOfBlock)): Object: 'Object Repository/Выручка в рублях/Фильтр Выручка Выручка' is clicked on

04-12-2024T08:15:11 - [MESSAGE][PASSED] - Object: 'Object Repository/Выручка в рублях/Фильтр Выручка Выручка' is clicked on

04-12-2024T08:15:11 - [TEST_STEP][PASSED] - click(findTestObject("Выручка в рублях/Внутренний оборот в фильтре Выручка" + nameOfBlock)): Object: 'Object Repository/Выручка в рублях/Внутренний оборот в фильтре Выручка Выручка' is clicked on

04-12-2024T08:15:12 - [MESSAGE][PASSED] - Object: 'Object Repository/Выручка в рублях/Внутренний оборот в фильтре Выручка Выручка' is clicked on

04-12-2024T08:15:12 - [TEST_STEP][PASSED] - click(findTestObject("Выручка в рублях/Применить в фильтре Выручка" + nameOfBlock)): Object: 'Object Repository/Выручка в рублях/Применить в фильтре Выручка Выручка' is clicked on

04-12-2024T08:15:12 - [MESSAGE][PASSED] - Object: 'Object Repository/Выручка в рублях/Применить в фильтре Выручка Выручка' is clicked on

04-12-2024T08:15:12 - [TEST_STEP][PASSED] - click(findTestObject("Выручка в рублях/Фильтр ДЗО" + nameOfBlock)): Object: 'Object Repository/Выручка в рублях/Фильтр ДЗО Выручка' is clicked on

04-12-2024T08:15:15 - [MESSAGE][PASSED] - Object: 'Object Repository/Выручка в рублях/Фильтр ДЗО Выручка' is clicked on

04-12-2024T08:15:15 - [TEST_STEP][PASSED] - Script1710234207206.Rosseti(nameOfBlock): null

04-12-2024T08:15:15 - [TEST_STEP][PASSED] - println("nameOfBlock:" + nameOfBlock): null

04-12-2024T08:15:15 - [TEST_STEP][PASSED] - click(findTestObject("Выручка в рублях/ПАО Россети" + nameOfBlock)): Object: 'Object Repository/Выручка в рублях/ПАО Россети Выручка' is clicked on

04-12-2024T08:15:15 - [MESSAGE][PASSED] - Object: 'Object Repository/Выручка в рублях/ПАО Россети Выручка' is clicked on

04-12-2024T08:15:15 - [TEST_STEP][PASSED] - click(findTestObject("Выручка в рублях/Применить в фильтре ДЗО" + nameOfBlock)): Object: 'Object Repository/Выручка в рублях/Применить в фильтре ДЗО Выручка' is clicked on

04-12-2024T08:15:16 - [MESSAGE][PASSED] - Object: 'Object Repository/Выручка в рублях/Применить в фильтре ДЗО Выручка' is clicked on

04-12-2024T08:15:16 - [TEST_STEP][PASSED] - if (vir == 1 || vir == 2): null

04-12-2024T08:15:16 - [TEST_STEP][PASSED] - else: Text of object 'Object Repository/Выручка в рублях/vir3Plan Выручка' is: '19 961'

04-12-2024T08:15:16 - [TEST_STEP][PASSED] - b1 = getText(findTestObject("Выручка в рублях/vir3Plan Выручка")): Text of object 'Object Repository/Выручка в рублях/vir3Plan Выручка' is: '19 961'

04-12-2024T08:15:18 - [MESSAGE][PASSED] - Text of object 'Object Repository/Выручка в рублях/vir3Plan Выручка' is: '19 961'

04-12-2024T08:15:18 - [TEST_STEP][PASSED] - if (vir == 1 || vir == 2): null

04-12-2024T08:15:18 - [TEST_STEP][PASSED] - else: Text of object 'Object Repository/Выручка в рублях/vir3Fact Выручка' is: '20 654'

04-12-2024T08:15:18 - [TEST_STEP][PASSED] - b2 = getText(findTestObject("Выручка в рублях/vir3Fact Выручка")): Text of object 'Object Repository/Выручка в рублях/vir3Fact Выручка' is: '20 654'

04-12-2024T08:15:18 - [MESSAGE][PASSED] - Text of object 'Object Repository/Выручка в рублях/vir3Fact Выручка' is: '20 654'

04-12-2024T08:15:18 - [TEST_STEP][PASSED] - b30 = getText(findTestObject("Выручка в рублях/span1" + perc)): Text of object 'Object Repository/Выручка в рублях/span1' is: '692.6 млн.руб.'

04-12-2024T08:15:18 - [MESSAGE][PASSED] - Text of object 'Object Repository/Выручка в рублях/span1' is: '692.6 млн.руб.'

04-12-2024T08:15:18 - [TEST_STEP][PASSED] - i = b30.indexOf("млн.руб."): null

04-12-2024T08:15:18 - [TEST_STEP][PASSED] - if (i > -1): null

04-12-2024T08:15:18 - [TEST_STEP][PASSED] - b30 = b30.substring(0, i): null

04-12-2024T08:15:18 - [TEST_STEP][PASSED] - b30 = b30.replaceAll(" ", ""): null

04-12-2024T08:15:18 - [TEST_STEP][PASSED] - if (b30.contains("%")): null

04-12-2024T08:15:18 - [TEST_STEP][PASSED] - b30 = ").trim(): null

04-12-2024T08:15:18 - [TEST_STEP][PASSED] - println("b30: " + b30): null

04-12-2024T08:15:18 - [TEST_STEP][PASSED] - if (vir == 1 || vir == 2): null

04-12-2024T08:15:18 - [TEST_STEP][PASSED] - else: Text of object 'Object Repository/Выручка в рублях/span15' is: '-84'

04-12-2024T08:15:18 - [TEST_STEP][PASSED] - b31 = ").trim(): Text of object 'Object Repository/Выручка в рублях/span15' is: '-84'

04-12-2024T08:15:19 - [MESSAGE][PASSED] - Text of object 'Object Repository/Выручка в рублях/span15' is: '-84'

04-12-2024T08:15:19 - [TEST_STEP][PASSED] - if (vir == 1 || vir == 2): null

04-12-2024T08:15:19 - [TEST_STEP][PASSED] - else: Text of object 'Object Repository/Выручка в рублях/span16' is: '113'

04-12-2024T08:15:19 - [TEST_STEP][PASSED] - b32 = ").trim(): Text of object 'Object Repository/Выручка в рублях/span16' is: '113'

04-12-2024T08:15:19 - [MESSAGE][PASSED] - Text of object 'Object Repository/Выручка в рублях/span16' is: '113'

04-12-2024T08:15:19 - [TEST_STEP][PASSED] - if (vir == 1 || vir == 2): null

04-12-2024T08:15:19 - [TEST_STEP][PASSED] - else: Text of object 'Object Repository/Выручка в рублях/span17' is: '625'

04-12-2024T08:15:19 - [TEST_STEP][PASSED] - b37 = ").trim(): Text of object 'Object Repository/Выручка в рублях/span17' is: '625'

04-12-2024T08:15:19 - [MESSAGE][PASSED] - Text of object 'Object Repository/Выручка в рублях/span17' is: '625'

04-12-2024T08:15:19 - [TEST_STEP][PASSED] - if (vir == 1 || vir == 2): null

04-12-2024T08:15:19 - [TEST_STEP][PASSED] - else: Text of object 'Object Repository/Выручка в рублях/span18' is: '38'

04-12-2024T08:15:19 - [TEST_STEP][PASSED] - b316 = ").trim(): Text of object 'Object Repository/Выручка в рублях/span18' is: '38'

04-12-2024T08:15:20 - [MESSAGE][PASSED] - Text of object 'Object Repository/Выручка в рублях/span18' is: '38'

04-12-2024T08:15:20 - [TEST_STEP][PASSED] - if (vir == 1 || vir == 2): null

04-12-2024T08:15:20 - [TEST_STEP][PASSED] - dZO = "ПАО Россети": null

04-12-2024T08:15:20 - [TEST_STEP][PASSED] - if (verifyEqual(a1, b1) == false): Actual object '19 961' and expected object '19 961' are equal

04-12-2024T08:15:20 - [MESSAGE][PASSED] - Actual object '19 961' and expected object '19 961' are equal

04-12-2024T08:15:20 - [TEST_STEP][PASSED] - if (verifyEqual(a2, b2) == false): Actual object '20 654' and expected object '20 654' are equal

04-12-2024T08:15:20 - [MESSAGE][PASSED] - Actual object '20 654' and expected object '20 654' are equal

04-12-2024T08:15:20 - [TEST_STEP][PASSED] - vidget = "Отклонения": null

04-12-2024T08:15:20 - [TEST_STEP][PASSED] - if (verifyEqual(a30, b30) == false): Actual object '692.6' and expected object '692.6' are equal

04-12-2024T08:15:20 - [MESSAGE][PASSED] - Actual object '692.6' and expected object '692.6' are equal

04-12-2024T08:15:20 - [TEST_STEP][PASSED] - dZO = "АО «Тываэнерго»": null

04-12-2024T08:15:20 - [TEST_STEP][PASSED] - if (verifyEqual(a31, b31) == false): Actual object '-84' and expected object '-84' are equal

04-12-2024T08:15:20 - [MESSAGE][PASSED] - Actual object '-84' and expected object '-84' are equal

04-12-2024T08:15:20 - [TEST_STEP][PASSED] - dZO = "АО «Чеченэнерго»": null

04-12-2024T08:15:20 - [TEST_STEP][PASSED] - if (verifyEqual(a32, b32) == false): Actual object '113' and expected object '113' are equal

04-12-2024T08:15:20 - [MESSAGE][PASSED] - Actual object '113' and expected object '113' are equal

04-12-2024T08:15:20 - [TEST_STEP][PASSED] - dZO = "Россети Волга": null

04-12-2024T08:15:20 - [TEST_STEP][PASSED] - if (verifyEqual(a33, b33) == false): Actual object 'null' and expected object 'null' are equal

04-12-2024T08:15:20 - [MESSAGE][PASSED] - Actual object 'null' and expected object 'null' are equal

04-12-2024T08:15:20 - [TEST_STEP][PASSED] - dZO = "Россети Кубань": null

04-12-2024T08:15:20 - [TEST_STEP][PASSED] - if (verifyEqual(a34, b34) == false): Actual object 'null' and expected object 'null' are equal

04-12-2024T08:15:20 - [MESSAGE][PASSED] - Actual object 'null' and expected object 'null' are equal

04-12-2024T08:15:20 - [TEST_STEP][PASSED] - dZO = "Россети Ленэнерго (ГК)": null

04-12-2024T08:15:20 - [TEST_STEP][PASSED] - if (verifyEqual(a35, b35) == false): Actual object 'null' and expected object 'null' are equal

04-12-2024T08:15:20 - [MESSAGE][PASSED] - Actual object 'null' and expected object 'null' are equal

04-12-2024T08:15:20 - [TEST_STEP][PASSED] - dZO = "Россети Московский регион": null

04-12-2024T08:15:20 - [TEST_STEP][PASSED] - if (verifyEqual(a36, b36) == false): Actual object 'null' and expected object 'null' are equal

04-12-2024T08:15:20 - [MESSAGE][PASSED] - Actual object 'null' and expected object 'null' are equal

04-12-2024T08:15:20 - [TEST_STEP][PASSED] - dZO = "Россети Северный Кавказ (ГК)": null

04-12-2024T08:15:20 - [TEST_STEP][PASSED] - if (verifyEqual(a37, b37) == false): Actual object '625' and expected object '625' are equal

04-12-2024T08:15:20 - [MESSAGE][PASSED] - Actual object '625' and expected object '625' are equal

04-12-2024T08:15:20 - [TEST_STEP][PASSED] - dZO = "Россети Северо-Запад": null

04-12-2024T08:15:20 - [TEST_STEP][PASSED] - if (verifyEqual(a38, b38) == false): Actual object 'null' and expected object 'null' are equal

04-12-2024T08:15:20 - [MESSAGE][PASSED] - Actual object 'null' and expected object 'null' are equal

04-12-2024T08:15:20 - [TEST_STEP][PASSED] - dZO = "Россети Сибирь (ГК)": null

04-12-2024T08:15:20 - [TEST_STEP][PASSED] - if (verifyEqual(a39, b39) == false): Actual object 'null' and expected object 'null' are equal

04-12-2024T08:15:20 - [MESSAGE][PASSED] - Actual object 'null' and expected object 'null' are equal

04-12-2024T08:15:20 - [TEST_STEP][PASSED] - dZO = "Россети Томск": null

04-12-2024T08:15:20 - [TEST_STEP][PASSED] - if (verifyEqual(a310, b310) == false): Actual object 'null' and expected object 'null' are equal

04-12-2024T08:15:20 - [MESSAGE][PASSED] - Actual object 'null' and expected object 'null' are equal

04-12-2024T08:15:20 - [TEST_STEP][PASSED] - dZO = "Россети Тюмень": null

04-12-2024T08:15:20 - [TEST_STEP][PASSED] - if (verifyEqual(a311, b311) == false): Actual object 'null' and expected object 'null' are equal

04-12-2024T08:15:20 - [MESSAGE][PASSED] - Actual object 'null' and expected object 'null' are equal

04-12-2024T08:15:20 - [TEST_STEP][PASSED] - dZO = "Россети Урал (ГК)": null

04-12-2024T08:15:20 - [TEST_STEP][PASSED] - if (verifyEqual(a312, b312) == false): Actual object 'null' and expected object 'null' are equal

04-12-2024T08:15:20 - [MESSAGE][PASSED] - Actual object 'null' and expected object 'null' are equal

04-12-2024T08:15:20 - [TEST_STEP][PASSED] - dZO = "Россети ФСК ЕЭС": null

04-12-2024T08:15:20 - [TEST_STEP][PASSED] - if (verifyEqual(a313, b313) == false): Actual object 'null' and expected object 'null' are equal

04-12-2024T08:15:20 - [MESSAGE][PASSED] - Actual object 'null' and expected object 'null' are equal

04-12-2024T08:15:20 - [TEST_STEP][PASSED] - dZO = "Россети Центр": null

04-12-2024T08:15:20 - [TEST_STEP][PASSED] - if (verifyEqual(a314, b314) == false): Actual object 'null' and expected object 'null' are equal

04-12-2024T08:15:20 - [MESSAGE][PASSED] - Actual object 'null' and expected object 'null' are equal

04-12-2024T08:15:20 - [TEST_STEP][PASSED] - dZO = "Россети Центр и Приволжье (ГК)": null

04-12-2024T08:15:20 - [TEST_STEP][PASSED] - if (verifyEqual(a315, b315) == false): Actual object 'null' and expected object 'null' are equal

04-12-2024T08:15:20 - [MESSAGE][PASSED] - Actual object 'null' and expected object 'null' are equal

04-12-2024T08:15:20 - [TEST_STEP][PASSED] - dZO = "Россети Юг (ГК)": null

04-12-2024T08:15:20 - [TEST_STEP][PASSED] - if (verifyEqual(a316, b316) == false): Actual object '38' and expected object '38' are equal

04-12-2024T08:15:20 - [MESSAGE][PASSED] - Actual object '38' and expected object '38' are equal

04-12-2024T08:15:20 - [TEST_STEP][PASSED] - dZO = "Россети Янтарь": null

04-12-2024T08:15:20 - [TEST_STEP][PASSED] - if (verifyEqual(a317, b317) == false): Actual object 'null' and expected object 'null' are equal

04-12-2024T08:15:20 - [MESSAGE][PASSED] - Actual object 'null' and expected object 'null' are equal

04-12-2024T08:15:20 - [TEST_STEP][PASSED] - closeBrowser(): null

04-12-2024T08:15:20 - [MESSAGE][PASSED] - Browser is closed

04-12-2024T08:15:20 - [TEST_STEP][PASSED] - Script1710234207206.ViruchkaChange(run, vir, block, nameOfBlock, typeOfData, viruchka, vidget, todaysDate, a, b, dZO, x, y): null

04-12-2024T08:15:20 - [TEST_STEP][PASSED] - for ([vir = 1, vir < 4, (vir++)]): null

04-12-2024T08:15:20 - [TEST_STEP][PASSED] - Script1710234207206.Blocks(run, vir, block, nameOfBlock, typeOfData, viruchka, vidget, todaysDate, a, b, dZO, x, y): null

04-12-2024T08:15:20 - [TEST_STEP][PASSED] - i = <not implemented yet for class: org.codehaus.groovy.ast.expr.EmptyExpression>: null

04-12-2024T08:15:20 - [TEST_STEP][PASSED] - perc = "": null

04-12-2024T08:15:20 - [TEST_STEP][PASSED] - a1 = <not implemented yet for class: org.codehaus.groovy.ast.expr.EmptyExpression>: null

04-12-2024T08:15:20 - [TEST_STEP][PASSED] - a2 = <not implemented yet for class: org.codehaus.groovy.ast.expr.EmptyExpression>: null

04-12-2024T08:15:20 - [TEST_STEP][PASSED] - a30 = <not implemented yet for class: org.codehaus.groovy.ast.expr.EmptyExpression>: null

04-12-2024T08:15:20 - [TEST_STEP][PASSED] - a31 = <not implemented yet for class: org.codehaus.groovy.ast.expr.EmptyExpression>: null

04-12-2024T08:15:20 - [TEST_STEP][PASSED] - a32 = <not implemented yet for class: org.codehaus.groovy.ast.expr.EmptyExpression>: null

04-12-2024T08:15:20 - [TEST_STEP][PASSED] - a33 = <not implemented yet for class: org.codehaus.groovy.ast.expr.EmptyExpression>: null

04-12-2024T08:15:20 - [TEST_STEP][PASSED] - a34 = <not implemented yet for class: org.codehaus.groovy.ast.expr.EmptyExpression>: null

04-12-2024T08:15:20 - [TEST_STEP][PASSED] - a35 = <not implemented yet for class: org.codehaus.groovy.ast.expr.EmptyExpression>: null

04-12-2024T08:15:20 - [TEST_STEP][PASSED] - a36 = <not implemented yet for class: org.codehaus.groovy.ast.expr.EmptyExpression>: null

04-12-2024T08:15:20 - [TEST_STEP][PASSED] - a37 = <not implemented yet for class: org.codehaus.groovy.ast.expr.EmptyExpression>: null

04-12-2024T08:15:20 - [TEST_STEP][PASSED] - a38 = <not implemented yet for class: org.codehaus.groovy.ast.expr.EmptyExpression>: null

04-12-2024T08:15:20 - [TEST_STEP][PASSED] - a39 = <not implemented yet for class: org.codehaus.groovy.ast.expr.EmptyExpression>: null

04-12-2024T08:15:20 - [TEST_STEP][PASSED] - a310 = <not implemented yet for class: org.codehaus.groovy.ast.expr.EmptyExpression>: null

04-12-2024T08:15:20 - [TEST_STEP][PASSED] - a311 = <not implemented yet for class: org.codehaus.groovy.ast.expr.EmptyExpression>: null

04-12-2024T08:15:20 - [TEST_STEP][PASSED] - a312 = <not implemented yet for class: org.codehaus.groovy.ast.expr.EmptyExpression>: null

04-12-2024T08:15:20 - [TEST_STEP][PASSED] - a313 = <not implemented yet for class: org.codehaus.groovy.ast.expr.EmptyExpression>: null

04-12-2024T08:15:20 - [TEST_STEP][PASSED] - a314 = <not implemented yet for class: org.codehaus.groovy.ast.expr.EmptyExpression>: null

04-12-2024T08:15:20 - [TEST_STEP][PASSED] - a315 = <not implemented yet for class: org.codehaus.groovy.ast.expr.EmptyExpression>: null

04-12-2024T08:15:20 - [TEST_STEP][PASSED] - a316 = <not implemented yet for class: org.codehaus.groovy.ast.expr.EmptyExpression>: null

04-12-2024T08:15:20 - [TEST_STEP][PASSED] - a317 = <not implemented yet for class: org.codehaus.groovy.ast.expr.EmptyExpression>: null

04-12-2024T08:15:20 - [TEST_STEP][PASSED] - b1 = <not implemented yet for class: org.codehaus.groovy.ast.expr.EmptyExpression>: null

04-12-2024T08:15:20 - [TEST_STEP][PASSED] - b2 = <not implemented yet for class: org.codehaus.groovy.ast.expr.EmptyExpression>: null

04-12-2024T08:15:20 - [TEST_STEP][PASSED] - b30 = <not implemented yet for class: org.codehaus.groovy.ast.expr.EmptyExpression>: null

04-12-2024T08:15:20 - [TEST_STEP][PASSED] - b31 = <not implemented yet for class: org.codehaus.groovy.ast.expr.EmptyExpression>: null

04-12-2024T08:15:20 - [TEST_STEP][PASSED] - b32 = <not implemented yet for class: org.codehaus.groovy.ast.expr.EmptyExpression>: null

04-12-2024T08:15:20 - [TEST_STEP][PASSED] - b33 = <not implemented yet for class: org.codehaus.groovy.ast.expr.EmptyExpression>: null

04-12-2024T08:15:20 - [TEST_STEP][PASSED] - b34 = <not implemented yet for class: org.codehaus.groovy.ast.expr.EmptyExpression>: null

04-12-2024T08:15:20 - [TEST_STEP][PASSED] - b35 = <not implemented yet for class: org.codehaus.groovy.ast.expr.EmptyExpression>: null

04-12-2024T08:15:20 - [TEST_STEP][PASSED] - b36 = <not implemented yet for class: org.codehaus.groovy.ast.expr.EmptyExpression>: null

04-12-2024T08:15:20 - [TEST_STEP][PASSED] - b37 = <not implemented yet for class: org.codehaus.groovy.ast.expr.EmptyExpression>: null

04-12-2024T08:15:20 - [TEST_STEP][PASSED] - b38 = <not implemented yet for class: org.codehaus.groovy.ast.expr.EmptyExpression>: null

04-12-2024T08:15:20 - [TEST_STEP][PASSED] - b39 = <not implemented yet for class: org.codehaus.groovy.ast.expr.EmptyExpression>: null

04-12-2024T08:15:20 - [TEST_STEP][PASSED] - b310 = <not implemented yet for class: org.codehaus.groovy.ast.expr.EmptyExpression>: null

04-12-2024T08:15:20 - [TEST_STEP][PASSED] - b311 = <not implemented yet for class: org.codehaus.groovy.ast.expr.EmptyExpression>: null

04-12-2024T08:15:20 - [TEST_STEP][PASSED] - b312 = <not implemented yet for class: org.codehaus.groovy.ast.expr.EmptyExpression>: null

04-12-2024T08:15:20 - [TEST_STEP][PASSED] - b313 = <not implemented yet for class: org.codehaus.groovy.ast.expr.EmptyExpression>: null

04-12-2024T08:15:20 - [TEST_STEP][PASSED] - b314 = <not implemented yet for class: org.codehaus.groovy.ast.expr.EmptyExpression>: null

04-12-2024T08:15:20 - [TEST_STEP][PASSED] - b315 = <not implemented yet for class: org.codehaus.groovy.ast.expr.EmptyExpression>: null

04-12-2024T08:15:20 - [TEST_STEP][PASSED] - b316 = <not implemented yet for class: org.codehaus.groovy.ast.expr.EmptyExpression>: null

04-12-2024T08:15:20 - [TEST_STEP][PASSED] - b317 = <not implemented yet for class: org.codehaus.groovy.ast.expr.EmptyExpression>: null

04-12-2024T08:15:20 - [TEST_STEP][PASSED] - block = 1: null

04-12-2024T08:15:20 - [TEST_STEP][PASSED] - nameOfBlock = "": null

04-12-2024T08:15:20 - [TEST_STEP][PASSED] - Script1710234207206.PreSettings(run, vir, block, nameOfBlock, typeOfData, todaysDate): null

04-12-2024T08:15:20 - [TEST_STEP][PASSED] - openBrowser(""): Browser is opened with url: ''

04-12-2024T08:15:20 - [MESSAGE][INFO] - Starting 'Chrome' driver

04-12-2024T08:15:20 - [MESSAGE][INFO] - Action delay is set to 0 milliseconds

04-12-2024T08:15:21 - [MESSAGE][PASSED] - Browser is opened with url: ''

04-12-2024T08:15:21 - [TEST_STEP][PASSED] - refresh(): Refresh successfully

04-12-2024T08:15:21 - [MESSAGE][PASSED] - Refresh successfully

04-12-2024T08:15:21 - [TEST_STEP][PASSED] - delay(50): Delayed 50 second(s)

04-12-2024T08:16:11 - [MESSAGE][PASSED] - Delayed 50 second(s)

04-12-2024T08:16:11 - [TEST_STEP][PASSED] - println("run:" + run): null

04-12-2024T08:16:11 - [TEST_STEP][PASSED] - println("vir:" + vir): null

04-12-2024T08:16:11 - [TEST_STEP][PASSED] - println("block:" + block): null

04-12-2024T08:16:11 - [TEST_STEP][PASSED] - if (block == 1): null

04-12-2024T08:16:11 - [TEST_STEP][PASSED] - nameOfBlock = "": null

04-12-2024T08:16:11 - [TEST_STEP][PASSED] - println("nameOfBlock:" + nameOfBlock): null

04-12-2024T08:16:11 - [TEST_STEP][PASSED] - println("typeOfData:" + typeOfData): null

04-12-2024T08:16:11 - [TEST_STEP][PASSED] - println("todaysDate:" + todaysDate): null

04-12-2024T08:16:11 - [TEST_STEP][PASSED] - Script1710234207206.Autorization(block, nameOfBlock): null

04-12-2024T08:16:11 - [TEST_STEP][PASSED] - i = <not implemented yet for class: org.codehaus.groovy.ast.expr.EmptyExpression>: null

04-12-2024T08:16:11 - [TEST_STEP][PASSED] - ii = <not implemented yet for class: org.codehaus.groovy.ast.expr.EmptyExpression>: null

04-12-2024T08:16:11 - [TEST_STEP][PASSED] - urlData = <not implemented yet for class: org.codehaus.groovy.ast.expr.EmptyExpression>: null

04-12-2024T08:16:11 - [TEST_STEP][PASSED] - searchWord = <not implemented yet for class: org.codehaus.groovy.ast.expr.EmptyExpression>: null

04-12-2024T08:16:11 - [TEST_STEP][PASSED] - urlText = <not implemented yet for class: org.codehaus.groovy.ast.expr.EmptyExpression>: null

04-12-2024T08:16:11 - [TEST_STEP][PASSED] - println("block:" + block): null

04-12-2024T08:16:11 - [TEST_STEP][PASSED] - if (block == 1): null

04-12-2024T08:16:11 - [TEST_STEP][PASSED] - nameOfBlock = "": null

04-12-2024T08:16:11 - [TEST_STEP][PASSED] - println("nameOfBlock:" + nameOfBlock): null

04-12-2024T08:16:11 - [TEST_STEP][PASSED] - if (block == 1): Delayed 45 second(s)

04-12-2024T08:16:11 - [TEST_STEP][PASSED] - urlData = 2: null

04-12-2024T08:16:11 - [TEST_STEP][PASSED] - delay(45): Delayed 45 second(s)

04-12-2024T08:16:56 - [MESSAGE][PASSED] - Delayed 45 second(s)

04-12-2024T08:16:56 - [TEST_STEP][PASSED] - navigateToUrl(findTestData("PlanFact").getValue(10, urlData)): Navigate to 'https://bi.rosseti.digital/viewer?dashboardGuid=2301950b23be4ed89c1df75f2020051e&sheetGuid=b723206f698544fb87299f3095c00435&fit=true' successfully

04-12-2024T08:17:03 - [MESSAGE][PASSED] - Navigate to 'https://bi.rosseti.digital/viewer?dashboardGuid=2301950b23be4ed89c1df75f2020051e&sheetGuid=b723206f698544fb87299f3095c00435&fit=true' successfully

04-12-2024T08:17:03 - [TEST_STEP][PASSED] - urlText = getText(findTestObject("Страница авторизации/Text")): Text of object 'Object Repository/Страница авторизации/Text' is: 'Вход'

04-12-2024T08:17:06 - [MESSAGE][PASSED] - Text of object 'Object Repository/Страница авторизации/Text' is: 'Вход'

04-12-2024T08:17:06 - [TEST_STEP][PASSED] - searchWord = "Вход": null

04-12-2024T08:17:06 - [TEST_STEP][PASSED] - if (urlText == null || urlText.contains("ошибка") || urlText.contains(searchWord) == false): null

04-12-2024T08:17:06 - [TEST_STEP][PASSED] - if (verifyElementPresent(findTestObject("Страница авторизации/button_"), 30) == true): null

04-12-2024T08:17:06 - [MESSAGE][PASSED] - Object 'Object Repository/Страница авторизации/button_' is present

04-12-2024T08:17:06 - [TEST_STEP][PASSED] - setText(findTestObject("Страница авторизации/input__username"), findTestData("PlanFact").getValue(8, 1)): Text 'liazgina-di' is set on object 'Object Repository/Страница авторизации/input__username'

04-12-2024T08:17:07 - [MESSAGE][PASSED] - Text 'liazgina-di' is set on object 'Object Repository/Страница авторизации/input__username'

04-12-2024T08:17:07 - [TEST_STEP][PASSED] - setText(findTestObject("Страница авторизации/input__password"), findTestData("PlanFact").getValue(9, 1)): Text ')$%5srZ8o688Dm#q' is set on object 'Object Repository/Страница авторизации/input__password'

04-12-2024T08:17:08 - [MESSAGE][PASSED] - Text ')$%5srZ8o688Dm#q' is set on object 'Object Repository/Страница авторизации/input__password'

04-12-2024T08:17:08 - [TEST_STEP][PASSED] - click(findTestObject("Страница авторизации/button_")): Object: 'Object Repository/Страница авторизации/button_' is clicked on

04-12-2024T08:17:11 - [MESSAGE][PASSED] - Object: 'Object Repository/Страница авторизации/button_' is clicked on

04-12-2024T08:17:11 - [TEST_STEP][PASSED] - delay(45): Delayed 45 second(s)

04-12-2024T08:17:56 - [MESSAGE][PASSED] - Delayed 45 second(s)

04-12-2024T08:17:56 - [TEST_STEP][PASSED] - urlText = getText(findTestObject("Страница авторизации/Text")): Text of object 'Object Repository/Страница авторизации/Text' is: 'Период
1, 2, 3 кв., Октябрь 2024 года
Выручка
Все
Выполнение плановых показателей по ПАО Россети за 1, 2, 3 кв., Октябрь 2024 года
План
Факт
Динамика
2024 год
0 млн.руб.
100 000 млн.руб.
200 000 млн.руб.
300 000 млн.руб.
400 000 млн.руб.
500 000 млн.руб.
600 000 млн.руб.
700 000 млн.руб.
800 000 млн.руб.
900 000 млн.руб.
1 000 000 млн.руб.
1 100 000 млн.руб.
1 200 000 млн.руб.
1 300 000 млн.руб.
1 400 000 млн.руб.
1 180 677
1 181 459
↑
ДЗО 
Все
Внутренний оборот - выручка за услуги по передаче электрической энергии, учтенная в выручке за электроэнергию для конечных потребителей, при выполнении ДЗО функций гарантирующего поставщика
Подписи данных
⬤Отклонение
АО «Тываэнерго»
АО «Чеченэнерго»
Россети Волга
Россети Кубань
Россети Ленэнерго (ГК)
Россети Московский регион
Россети Северный Кавказ (ГК)
Россети Северо-Запад
Россети Сибирь (ГК)
Россети Томск
Россети Тюмень
Россети Урал (ГК)
Россети ФСК ЕЭС
Россети Центр
Россети Центр и Приволжье (ГК)
Россети Юг (ГК)
Россети Янтарь
-25 000млн.руб.
-20 000млн.руб.
-15 000млн.руб.
-10 000млн.руб.
-5 000млн.руб.
0млн.руб.
5 000млн.руб.
10 …
-30 000млн.руб.
300
101
156
3 953
4 462
7 500
888
878
1 274
238
-5 106
1 955
-24 344
2 435
4 419
1 357
318
млн.
%
Выручка
Отклонение выручки по ПАО Россети за 1, 2, 3 кв., Октябрь 2024 года (факт/план, млн. руб)
ПАО Россети
782.4 млн.руб.
 '

04-12-2024T08:17:57 - [MESSAGE][PASSED] - Text of object 'Object Repository/Страница авторизации/Text' is: 'Период
1, 2, 3 кв., Октябрь 2024 года
Выручка
Все
Выполнение плановых показателей по ПАО Россети за 1, 2, 3 кв., Октябрь 2024 года
План
Факт
Динамика
2024 год
0 млн.руб.
100 000 млн.руб.
200 000 млн.руб.
300 000 млн.руб.
400 000 млн.руб.
500 000 млн.руб.
600 000 млн.руб.
700 000 млн.руб.
800 000 млн.руб.
900 000 млн.руб.
1 000 000 млн.руб.
1 100 000 млн.руб.
1 200 000 млн.руб.
1 300 000 млн.руб.
1 400 000 млн.руб.
1 180 677
1 181 459
↑
ДЗО 
Все
Внутренний оборот - выручка за услуги по передаче электрической энергии, учтенная в выручке за электроэнергию для конечных потребителей, при выполнении ДЗО функций гарантирующего поставщика
Подписи данных
⬤Отклонение
АО «Тываэнерго»
АО «Чеченэнерго»
Россети Волга
Россети Кубань
Россети Ленэнерго (ГК)
Россети Московский регион
Россети Северный Кавказ (ГК)
Россети Северо-Запад
Россети Сибирь (ГК)
Россети Томск
Россети Тюмень
Россети Урал (ГК)
Россети ФСК ЕЭС
Россети Центр
Россети Центр и Приволжье (ГК)
Россети Юг (ГК)
Россети Янтарь
-25 000млн.руб.
-20 000млн.руб.
-15 000млн.руб.
-10 000млн.руб.
-5 000млн.руб.
0млн.руб.
5 000млн.руб.
10 …
-30 000млн.руб.
300
101
156
3 953
4 462
7 500
888
878
1 274
238
-5 106
1 955
-24 344
2 435
4 419
1 357
318
млн.
%
Выручка
Отклонение выручки по ПАО Россети за 1, 2, 3 кв., Октябрь 2024 года (факт/план, млн. руб)
ПАО Россети
782.4 млн.руб.
 '

04-12-2024T08:17:57 - [TEST_STEP][PASSED] - searchWord = "а": null

04-12-2024T08:17:57 - [TEST_STEP][PASSED] - if (urlText.contains("ошибка") || urlText.contains(searchWord) == false): null

04-12-2024T08:17:57 - [TEST_STEP][PASSED] - delay(45): Delayed 45 second(s)

04-12-2024T08:18:42 - [MESSAGE][PASSED] - Delayed 45 second(s)

04-12-2024T08:18:42 - [TEST_STEP][PASSED] - if (block == 2): null

04-12-2024T08:18:42 - [TEST_STEP][PASSED] - click(findTestObject("Выручка в рублях/Фильтр Период" + nameOfBlock)): Object: 'Object Repository/Выручка в рублях/Фильтр Период' is clicked on

04-12-2024T08:18:42 - [MESSAGE][PASSED] - Object: 'Object Repository/Выручка в рублях/Фильтр Период' is clicked on

04-12-2024T08:18:42 - [TEST_STEP][PASSED] - click(findTestObject("Выручка в рублях/Снять выделение в фильтре Дата" + nameOfBlock)): Object: 'Object Repository/Выручка в рублях/Снять выделение в фильтре Дата' is clicked on

04-12-2024T08:18:42 - [MESSAGE][PASSED] - Object: 'Object Repository/Выручка в рублях/Снять выделение в фильтре Дата' is clicked on

04-12-2024T08:18:42 - [TEST_STEP][PASSED] - click(findTestObject("Выручка в рублях/Применить в фильтре Дата" + nameOfBlock)): Object: 'Object Repository/Выручка в рублях/Применить в фильтре Дата' is clicked on

04-12-2024T08:18:43 - [MESSAGE][PASSED] - Object: 'Object Repository/Выручка в рублях/Применить в фильтре Дата' is clicked on

04-12-2024T08:18:43 - [TEST_STEP][PASSED] - delay(50): Delayed 50 second(s)

04-12-2024T08:19:33 - [MESSAGE][PASSED] - Delayed 50 second(s)

04-12-2024T08:19:33 - [TEST_STEP][PASSED] - click(findTestObject("Выручка в рублях/Фильтр Период" + nameOfBlock)): Object: 'Object Repository/Выручка в рублях/Фильтр Период' is clicked on

04-12-2024T08:19:33 - [MESSAGE][PASSED] - Object: 'Object Repository/Выручка в рублях/Фильтр Период' is clicked on

04-12-2024T08:19:33 - [TEST_STEP][PASSED] - click(findTestObject("Выручка в рублях/Снять выделение в фильтре Дата" + nameOfBlock)): Object: 'Object Repository/Выручка в рублях/Снять выделение в фильтре Дата' is clicked on

04-12-2024T08:19:34 - [MESSAGE][PASSED] - Object: 'Object Repository/Выручка в рублях/Снять выделение в фильтре Дата' is clicked on

04-12-2024T08:19:34 - [TEST_STEP][PASSED] - scrollToElement(findTestObject("Выручка в рублях/2024 список" + nameOfBlock), 30): Scroll to object 'Object Repository/Выручка в рублях/2024 список' successfully

04-12-2024T08:19:34 - [MESSAGE][PASSED] - Scroll to object 'Object Repository/Выручка в рублях/2024 список' successfully

04-12-2024T08:19:34 - [TEST_STEP][PASSED] - click(findTestObject("Выручка в рублях/2024 список" + nameOfBlock)): Object: 'Object Repository/Выручка в рублях/2024 список' is clicked on

04-12-2024T08:19:34 - [MESSAGE][PASSED] - Object: 'Object Repository/Выручка в рублях/2024 список' is clicked on

04-12-2024T08:19:34 - [TEST_STEP][PASSED] - scrollToElement(findTestObject("Выручка в рублях/1 квартал 2024 выбрать" + nameOfBlock), 30): Scroll to object 'Object Repository/Выручка в рублях/1 квартал 2024 выбрать' successfully

04-12-2024T08:19:35 - [MESSAGE][PASSED] - Scroll to object 'Object Repository/Выручка в рублях/1 квартал 2024 выбрать' successfully

04-12-2024T08:19:35 - [TEST_STEP][PASSED] - click(findTestObject("Выручка в рублях/1 квартал 2024 выбрать" + nameOfBlock)): Object: 'Object Repository/Выручка в рублях/1 квартал 2024 выбрать' is clicked on

04-12-2024T08:19:35 - [MESSAGE][PASSED] - Object: 'Object Repository/Выручка в рублях/1 квартал 2024 выбрать' is clicked on

04-12-2024T08:19:35 - [TEST_STEP][PASSED] - scrollToElement(findTestObject("Выручка в рублях/2 квартал 2024 выбрать" + nameOfBlock), 30): Scroll to object 'Object Repository/Выручка в рублях/2 квартал 2024 выбрать' successfully

04-12-2024T08:19:36 - [MESSAGE][PASSED] - Scroll to object 'Object Repository/Выручка в рублях/2 квартал 2024 выбрать' successfully

04-12-2024T08:19:36 - [TEST_STEP][PASSED] - click(findTestObject("Выручка в рублях/2 квартал 2024 выбрать" + nameOfBlock)): Object: 'Object Repository/Выручка в рублях/2 квартал 2024 выбрать' is clicked on

04-12-2024T08:19:36 - [MESSAGE][PASSED] - Object: 'Object Repository/Выручка в рублях/2 квартал 2024 выбрать' is clicked on

04-12-2024T08:19:36 - [TEST_STEP][PASSED] - scrollToElement(findTestObject("Выручка в рублях/3 квартал 2024 список" + nameOfBlock), 30): Scroll to object 'Object Repository/Выручка в рублях/3 квартал 2024 список' successfully

04-12-2024T08:19:37 - [MESSAGE][PASSED] - Scroll to object 'Object Repository/Выручка в рублях/3 квартал 2024 список' successfully

04-12-2024T08:19:37 - [TEST_STEP][PASSED] - click(findTestObject("Выручка в рублях/3 квартал 2024" + nameOfBlock)): Object: 'Object Repository/Выручка в рублях/3 квартал 2024' is clicked on

04-12-2024T08:19:37 - [MESSAGE][PASSED] - Object: 'Object Repository/Выручка в рублях/3 квартал 2024' is clicked on

04-12-2024T08:19:37 - [TEST_STEP][PASSED] - scrollToElement(findTestObject("Выручка в рублях/4 квартал 2024 список" + nameOfBlock), 30): Scroll to object 'Object Repository/Выручка в рублях/4 квартал 2024 список' successfully

04-12-2024T08:19:38 - [MESSAGE][PASSED] - Scroll to object 'Object Repository/Выручка в рублях/4 квартал 2024 список' successfully

04-12-2024T08:19:38 - [TEST_STEP][PASSED] - click(findTestObject("Выручка в рублях/4 квартал 2024 список" + nameOfBlock)): Object: 'Object Repository/Выручка в рублях/4 квартал 2024 список' is clicked on

04-12-2024T08:19:38 - [MESSAGE][PASSED] - Object: 'Object Repository/Выручка в рублях/4 квартал 2024 список' is clicked on

04-12-2024T08:19:38 - [TEST_STEP][PASSED] - scrollToElement(findTestObject("Выручка в рублях/Октябрь 2024" + nameOfBlock), 30): Scroll to object 'Object Repository/Выручка в рублях/Октябрь 2024' successfully

04-12-2024T08:19:38 - [MESSAGE][PASSED] - Scroll to object 'Object Repository/Выручка в рублях/Октябрь 2024' successfully

04-12-2024T08:19:38 - [TEST_STEP][PASSED] - click(findTestObject("Выручка в рублях/Октябрь 2024" + nameOfBlock)): Object: 'Object Repository/Выручка в рублях/Октябрь 2024' is clicked on

04-12-2024T08:19:38 - [MESSAGE][PASSED] - Object: 'Object Repository/Выручка в рублях/Октябрь 2024' is clicked on

04-12-2024T08:19:38 - [TEST_STEP][PASSED] - scrollToElement(findTestObject("Выручка в рублях/Заголовок дашборда" + nameOfBlock), 30): Scroll to object 'Object Repository/Выручка в рублях/Заголовок дашборда' successfully

04-12-2024T08:19:39 - [MESSAGE][PASSED] - Scroll to object 'Object Repository/Выручка в рублях/Заголовок дашборда' successfully

04-12-2024T08:19:39 - [TEST_STEP][PASSED] - click(findTestObject("Выручка в рублях/Применить в фильтре Дата" + nameOfBlock)): Object: 'Object Repository/Выручка в рублях/Применить в фильтре Дата' is clicked on

04-12-2024T08:19:40 - [MESSAGE][PASSED] - Object: 'Object Repository/Выручка в рублях/Применить в фильтре Дата' is clicked on

04-12-2024T08:19:40 - [TEST_STEP][PASSED] - delay(55): Delayed 55 second(s)

04-12-2024T08:20:35 - [MESSAGE][PASSED] - Delayed 55 second(s)

04-12-2024T08:20:35 - [TEST_STEP][PASSED] - click(findTestObject("Выручка в рублях/Фильтр ДЗО" + nameOfBlock)): Object: 'Object Repository/Выручка в рублях/Фильтр ДЗО' is clicked on

04-12-2024T08:20:35 - [MESSAGE][PASSED] - Object: 'Object Repository/Выручка в рублях/Фильтр ДЗО' is clicked on

04-12-2024T08:20:35 - [TEST_STEP][PASSED] - click(findTestObject("Выручка в рублях/Снять выделение в фильтре ДЗО" + nameOfBlock)): Object: 'Object Repository/Выручка в рублях/Снять выделение в фильтре ДЗО' is clicked on

04-12-2024T08:20:35 - [MESSAGE][PASSED] - Object: 'Object Repository/Выручка в рублях/Снять выделение в фильтре ДЗО' is clicked on

04-12-2024T08:20:35 - [TEST_STEP][PASSED] - click(findTestObject("Выручка в рублях/Применить в фильтре ДЗО" + nameOfBlock)): Object: 'Object Repository/Выручка в рублях/Применить в фильтре ДЗО' is clicked on

04-12-2024T08:20:36 - [MESSAGE][PASSED] - Object: 'Object Repository/Выручка в рублях/Применить в фильтре ДЗО' is clicked on

04-12-2024T08:20:36 - [TEST_STEP][PASSED] - delay(50): Delayed 50 second(s)

04-12-2024T08:21:26 - [MESSAGE][PASSED] - Delayed 50 second(s)

04-12-2024T08:21:26 - [TEST_STEP][PASSED] - Script1710234207206.Tumbler(run, vir, block, nameOfBlock): null

04-12-2024T08:21:26 - [TEST_STEP][PASSED] - println("run:" + run): null

04-12-2024T08:21:26 - [TEST_STEP][PASSED] - println("vir:" + vir): null

04-12-2024T08:21:26 - [TEST_STEP][PASSED] - println("block:" + block): null

04-12-2024T08:21:26 - [TEST_STEP][PASSED] - println("nameOfBlock:" + nameOfBlock): null

04-12-2024T08:21:26 - [TEST_STEP][PASSED] - if (vir == 1): Object: 'Object Repository/Выручка в рублях/Переключить отображение с млн на проценты Выручка в рублях' is clicked on

04-12-2024T08:21:26 - [TEST_STEP][PASSED] - if (run == 2): Object: 'Object Repository/Выручка в рублях/Переключить отображение с млн на проценты Выручка в рублях' is clicked on

04-12-2024T08:21:26 - [TEST_STEP][PASSED] - click(findTestObject("Выручка в рублях/Переключить отображение с млн на проценты Выручка в рублях" + nameOfBlock)): Object: 'Object Repository/Выручка в рублях/Переключить отображение с млн на проценты Выручка в рублях' is clicked on

04-12-2024T08:21:26 - [MESSAGE][PASSED] - Object: 'Object Repository/Выручка в рублях/Переключить отображение с млн на проценты Выручка в рублях' is clicked on

04-12-2024T08:21:26 - [TEST_STEP][PASSED] - click(findTestObject("Выручка в рублях/Фильтр ДЗО" + nameOfBlock)): Object: 'Object Repository/Выручка в рублях/Фильтр ДЗО' is clicked on

04-12-2024T08:21:27 - [MESSAGE][PASSED] - Object: 'Object Repository/Выручка в рублях/Фильтр ДЗО' is clicked on

04-12-2024T08:21:27 - [TEST_STEP][PASSED] - Script1710234207206.Rosseti(nameOfBlock): null

04-12-2024T08:21:27 - [TEST_STEP][PASSED] - println("nameOfBlock:" + nameOfBlock): null

04-12-2024T08:21:27 - [TEST_STEP][PASSED] - click(findTestObject("Выручка в рублях/ПАО Россети" + nameOfBlock)): Object: 'Object Repository/Выручка в рублях/ПАО Россети' is clicked on

04-12-2024T08:21:27 - [MESSAGE][PASSED] - Object: 'Object Repository/Выручка в рублях/ПАО Россети' is clicked on

04-12-2024T08:21:27 - [TEST_STEP][PASSED] - click(findTestObject("Выручка в рублях/Применить в фильтре ДЗО" + nameOfBlock)): Object: 'Object Repository/Выручка в рублях/Применить в фильтре ДЗО' is clicked on

04-12-2024T08:21:28 - [MESSAGE][PASSED] - Object: 'Object Repository/Выручка в рублях/Применить в фильтре ДЗО' is clicked on

04-12-2024T08:21:28 - [TEST_STEP][PASSED] - if (run == 2): null

04-12-2024T08:21:28 - [TEST_STEP][PASSED] - perc = " Perc": null

04-12-2024T08:21:28 - [TEST_STEP][PASSED] - if (vir == 1 || vir == 2): Text of object 'Object Repository/Выручка в рублях/График План' is: '1 180 677'

04-12-2024T08:21:28 - [TEST_STEP][PASSED] - a1 = getText(findTestObject("Выручка в рублях/График План")): Text of object 'Object Repository/Выручка в рублях/График План' is: '1 180 677'

04-12-2024T08:21:31 - [MESSAGE][PASSED] - Text of object 'Object Repository/Выручка в рублях/График План' is: '1 180 677'

04-12-2024T08:21:31 - [TEST_STEP][PASSED] - if (vir == 1 || vir == 2): Text of object 'Object Repository/Выручка в рублях/График Факт' is: '1 181 459'

04-12-2024T08:21:31 - [TEST_STEP][PASSED] - a2 = getText(findTestObject("Выручка в рублях/График Факт")): Text of object 'Object Repository/Выручка в рублях/График Факт' is: '1 181 459'

04-12-2024T08:21:32 - [MESSAGE][PASSED] - Text of object 'Object Repository/Выручка в рублях/График Факт' is: '1 181 459'

04-12-2024T08:21:32 - [TEST_STEP][PASSED] - a30 = getText(findTestObject("Выручка в рублях/span1" + perc)): Text of object 'Object Repository/Выручка в рублях/span1 Perc' is: '-25.61 %'

04-12-2024T08:21:32 - [MESSAGE][PASSED] - Text of object 'Object Repository/Выручка в рублях/span1 Perc' is: '-25.61 %'

04-12-2024T08:21:32 - [TEST_STEP][PASSED] - i = a30.indexOf("млн.руб."): null

04-12-2024T08:21:32 - [TEST_STEP][PASSED] - if (i > -1): null

04-12-2024T08:21:32 - [TEST_STEP][PASSED] - if (a30.contains("%")): null

04-12-2024T08:21:32 - [TEST_STEP][PASSED] - a30 = a30.replaceAll("%", ""): null

04-12-2024T08:21:32 - [TEST_STEP][PASSED] - a30 = ").trim(): null

04-12-2024T08:21:32 - [TEST_STEP][PASSED] - println("a30: " + a30): null

04-12-2024T08:21:32 - [TEST_STEP][PASSED] - if (vir == 1 || vir == 2): Text of object 'Object Repository/Выручка в рублях/span2 Perc' is: '19.44 %'

04-12-2024T08:21:32 - [TEST_STEP][PASSED] - a31 = ").trim(): Text of object 'Object Repository/Выручка в рублях/span2 Perc' is: '19.44 %'

04-12-2024T08:21:32 - [MESSAGE][PASSED] - Text of object 'Object Repository/Выручка в рублях/span2 Perc' is: '19.44 %'

04-12-2024T08:21:32 - [TEST_STEP][PASSED] - if (vir == 1 || vir == 2): Text of object 'Object Repository/Выручка в рублях/span3 Perc' is: '-48.66 %'

04-12-2024T08:21:32 - [TEST_STEP][PASSED] - a32 = ").trim(): Text of object 'Object Repository/Выручка в рублях/span3 Perc' is: '-48.66 %'

04-12-2024T08:21:32 - [MESSAGE][PASSED] - Text of object 'Object Repository/Выручка в рублях/span3 Perc' is: '-48.66 %'

04-12-2024T08:21:32 - [TEST_STEP][PASSED] - if (vir == 1 || vir == 2): Text of object 'Object Repository/Выручка в рублях/span8 Perc' is: '-48.99 %'

04-12-2024T08:21:32 - [TEST_STEP][PASSED] - a33 = ").trim(): Text of object 'Object Repository/Выручка в рублях/span4 Perc' is: '-49.88 %'

04-12-2024T08:21:33 - [MESSAGE][PASSED] - Text of object 'Object Repository/Выручка в рублях/span4 Perc' is: '-49.88 %'

04-12-2024T08:21:33 - [TEST_STEP][PASSED] - a34 = ").trim(): Text of object 'Object Repository/Выручка в рублях/span5 Perc' is: '-46.84 %'

04-12-2024T08:21:33 - [MESSAGE][PASSED] - Text of object 'Object Repository/Выручка в рублях/span5 Perc' is: '-46.84 %'

04-12-2024T08:21:33 - [TEST_STEP][PASSED] - a35 = ").trim(): Text of object 'Object Repository/Выручка в рублях/span6 Perc' is: '-47.31 %'

04-12-2024T08:21:33 - [MESSAGE][PASSED] - Text of object 'Object Repository/Выручка в рублях/span6 Perc' is: '-47.31 %'

04-12-2024T08:21:33 - [TEST_STEP][PASSED] - a36 = ").trim(): Text of object 'Object Repository/Выручка в рублях/span7 Perc' is: '4.39 %'

04-12-2024T08:21:34 - [MESSAGE][PASSED] - Text of object 'Object Repository/Выручка в рублях/span7 Perc' is: '4.39 %'

04-12-2024T08:21:34 - [TEST_STEP][PASSED] - a37 = ").trim(): Text of object 'Object Repository/Выручка в рублях/span8 Perc' is: '-48.99 %'

04-12-2024T08:21:34 - [MESSAGE][PASSED] - Text of object 'Object Repository/Выручка в рублях/span8 Perc' is: '-48.99 %'

04-12-2024T08:21:34 - [TEST_STEP][PASSED] - if (vir == 1 || vir == 2): Text of object 'Object Repository/Выручка в рублях/span17 Perc' is: '-48.42 %'

04-12-2024T08:21:34 - [TEST_STEP][PASSED] - a38 = ").trim(): Text of object 'Object Repository/Выручка в рублях/span9 Perc' is: '2.01 %'

04-12-2024T08:21:34 - [MESSAGE][PASSED] - Text of object 'Object Repository/Выручка в рублях/span9 Perc' is: '2.01 %'

04-12-2024T08:21:34 - [TEST_STEP][PASSED] - a39 = ").trim(): Text of object 'Object Repository/Выручка в рублях/span10 Perc' is: '2.23 %'

04-12-2024T08:21:35 - [MESSAGE][PASSED] - Text of object 'Object Repository/Выручка в рублях/span10 Perc' is: '2.23 %'

04-12-2024T08:21:35 - [TEST_STEP][PASSED] - a310 = ").trim(): Text of object 'Object Repository/Выручка в рублях/span11 Perc' is: '-48.47 %'

04-12-2024T08:21:35 - [MESSAGE][PASSED] - Text of object 'Object Repository/Выручка в рублях/span11 Perc' is: '-48.47 %'

04-12-2024T08:21:35 - [TEST_STEP][PASSED] - a311 = ").trim(): Text of object 'Object Repository/Выручка в рублях/span12 Perc' is: '-53.69 %'

04-12-2024T08:21:35 - [MESSAGE][PASSED] - Text of object 'Object Repository/Выручка в рублях/span12 Perc' is: '-53.69 %'

04-12-2024T08:21:35 - [TEST_STEP][PASSED] - a312 = ").trim(): Text of object 'Object Repository/Выручка в рублях/span13 Perc' is: '2.27 %'

04-12-2024T08:21:35 - [MESSAGE][PASSED] - Text of object 'Object Repository/Выручка в рублях/span13 Perc' is: '2.27 %'

04-12-2024T08:21:35 - [TEST_STEP][PASSED] - a313 = ").trim(): Text of object 'Object Repository/Выручка в рублях/span14 Perc' is: '-9.49 %'

04-12-2024T08:21:36 - [MESSAGE][PASSED] - Text of object 'Object Repository/Выручка в рублях/span14 Perc' is: '-9.49 %'

04-12-2024T08:21:36 - [TEST_STEP][PASSED] - a314 = ").trim(): Text of object 'Object Repository/Выручка в рублях/span15 Perc' is: '-31.28 %'

04-12-2024T08:21:36 - [MESSAGE][PASSED] - Text of object 'Object Repository/Выручка в рублях/span15 Perc' is: '-31.28 %'

04-12-2024T08:21:36 - [TEST_STEP][PASSED] - a315 = ").trim(): Text of object 'Object Repository/Выручка в рублях/span16 Perc' is: '4.33 %'

04-12-2024T08:21:36 - [MESSAGE][PASSED] - Text of object 'Object Repository/Выручка в рублях/span16 Perc' is: '4.33 %'

04-12-2024T08:21:36 - [TEST_STEP][PASSED] - a316 = ").trim(): Text of object 'Object Repository/Выручка в рублях/span17 Perc' is: '-48.42 %'

04-12-2024T08:21:37 - [MESSAGE][PASSED] - Text of object 'Object Repository/Выручка в рублях/span17 Perc' is: '-48.42 %'

04-12-2024T08:21:37 - [TEST_STEP][PASSED] - if (vir == 1 || vir == 2): Text of object 'Object Repository/Выручка в рублях/span18 Perc' is: '4.04 %'

04-12-2024T08:21:37 - [TEST_STEP][PASSED] - a317 = ").trim(): Text of object 'Object Repository/Выручка в рублях/span18 Perc' is: '4.04 %'

04-12-2024T08:21:37 - [MESSAGE][PASSED] - Text of object 'Object Repository/Выручка в рублях/span18 Perc' is: '4.04 %'

04-12-2024T08:21:37 - [TEST_STEP][PASSED] - block = 2: null

04-12-2024T08:21:37 - [TEST_STEP][PASSED] - nameOfBlock = " Выручка": null

04-12-2024T08:21:37 - [TEST_STEP][PASSED] - Script1710234207206.PreSettings(run, vir, block, nameOfBlock, typeOfData, todaysDate): null

04-12-2024T08:21:37 - [TEST_STEP][PASSED] - openBrowser(""): Browser is opened with url: ''

04-12-2024T08:21:37 - [MESSAGE][WARNING] - A browser is already opened. Closing browser and opening a new one

04-12-2024T08:21:37 - [MESSAGE][INFO] - Starting 'Chrome' driver

04-12-2024T08:21:37 - [MESSAGE][INFO] - Action delay is set to 0 milliseconds

04-12-2024T08:21:38 - [MESSAGE][PASSED] - Browser is opened with url: ''

04-12-2024T08:21:38 - [TEST_STEP][PASSED] - refresh(): Refresh successfully

04-12-2024T08:21:38 - [MESSAGE][PASSED] - Refresh successfully

04-12-2024T08:21:38 - [TEST_STEP][PASSED] - delay(50): Delayed 50 second(s)

04-12-2024T08:22:28 - [MESSAGE][PASSED] - Delayed 50 second(s)

04-12-2024T08:22:28 - [TEST_STEP][PASSED] - println("run:" + run): null

04-12-2024T08:22:28 - [TEST_STEP][PASSED] - println("vir:" + vir): null

04-12-2024T08:22:28 - [TEST_STEP][PASSED] - println("block:" + block): null

04-12-2024T08:22:28 - [TEST_STEP][PASSED] - if (block == 1): null

04-12-2024T08:22:28 - [TEST_STEP][PASSED] - else: null

04-12-2024T08:22:28 - [TEST_STEP][PASSED] - nameOfBlock = " Выручка": null

04-12-2024T08:22:28 - [TEST_STEP][PASSED] - println("nameOfBlock:" + nameOfBlock): null

04-12-2024T08:22:28 - [TEST_STEP][PASSED] - println("typeOfData:" + typeOfData): null

04-12-2024T08:22:28 - [TEST_STEP][PASSED] - println("todaysDate:" + todaysDate): null

04-12-2024T08:22:28 - [TEST_STEP][PASSED] - Script1710234207206.Autorization(block, nameOfBlock): null

04-12-2024T08:22:28 - [TEST_STEP][PASSED] - i = <not implemented yet for class: org.codehaus.groovy.ast.expr.EmptyExpression>: null

04-12-2024T08:22:28 - [TEST_STEP][PASSED] - ii = <not implemented yet for class: org.codehaus.groovy.ast.expr.EmptyExpression>: null

04-12-2024T08:22:28 - [TEST_STEP][PASSED] - urlData = <not implemented yet for class: org.codehaus.groovy.ast.expr.EmptyExpression>: null

04-12-2024T08:22:28 - [TEST_STEP][PASSED] - searchWord = <not implemented yet for class: org.codehaus.groovy.ast.expr.EmptyExpression>: null

04-12-2024T08:22:28 - [TEST_STEP][PASSED] - urlText = <not implemented yet for class: org.codehaus.groovy.ast.expr.EmptyExpression>: null

04-12-2024T08:22:28 - [TEST_STEP][PASSED] - println("block:" + block): null

04-12-2024T08:22:28 - [TEST_STEP][PASSED] - if (block == 1): null

04-12-2024T08:22:28 - [TEST_STEP][PASSED] - else: null

04-12-2024T08:22:28 - [TEST_STEP][PASSED] - delay(45): Delayed 45 second(s)

04-12-2024T08:23:13 - [MESSAGE][PASSED] - Delayed 45 second(s)

04-12-2024T08:23:13 - [TEST_STEP][PASSED] - nameOfBlock = " Выручка": null

04-12-2024T08:23:13 - [TEST_STEP][PASSED] - println("nameOfBlock:" + nameOfBlock): null

04-12-2024T08:23:13 - [TEST_STEP][PASSED] - if (block == 1): null

04-12-2024T08:23:13 - [TEST_STEP][PASSED] - else: Delayed 45 second(s)

04-12-2024T08:23:13 - [TEST_STEP][PASSED] - urlData = 9: null

04-12-2024T08:23:13 - [TEST_STEP][PASSED] - delay(45): Delayed 45 second(s)

04-12-2024T08:23:58 - [MESSAGE][PASSED] - Delayed 45 second(s)

04-12-2024T08:23:58 - [TEST_STEP][PASSED] - navigateToUrl(findTestData("PlanFact").getValue(10, urlData)): Navigate to 'https://bi.rosseti.digital/viewer?dashboardGuid=a1fd28b3785d443cbc4d7690a1d78e31&sheetGuid=86092a20c5984827a0c87b24cac76a50&fit=true' successfully

04-12-2024T08:24:05 - [MESSAGE][PASSED] - Navigate to 'https://bi.rosseti.digital/viewer?dashboardGuid=a1fd28b3785d443cbc4d7690a1d78e31&sheetGuid=86092a20c5984827a0c87b24cac76a50&fit=true' successfully

04-12-2024T08:24:05 - [TEST_STEP][PASSED] - urlText = getText(findTestObject("Страница авторизации/Text")): Text of object 'Object Repository/Страница авторизации/Text' is: 'Вход'

04-12-2024T08:24:08 - [MESSAGE][PASSED] - Text of object 'Object Repository/Страница авторизации/Text' is: 'Вход'

04-12-2024T08:24:08 - [TEST_STEP][PASSED] - searchWord = "Вход": null

04-12-2024T08:24:08 - [TEST_STEP][PASSED] - if (urlText == null || urlText.contains("ошибка") || urlText.contains(searchWord) == false): null

04-12-2024T08:24:08 - [TEST_STEP][PASSED] - if (verifyElementPresent(findTestObject("Страница авторизации/button_"), 30) == true): null

04-12-2024T08:24:08 - [MESSAGE][PASSED] - Object 'Object Repository/Страница авторизации/button_' is present

04-12-2024T08:24:08 - [TEST_STEP][PASSED] - setText(findTestObject("Страница авторизации/input__username"), findTestData("PlanFact").getValue(8, 1)): Text 'liazgina-di' is set on object 'Object Repository/Страница авторизации/input__username'

04-12-2024T08:24:09 - [MESSAGE][PASSED] - Text 'liazgina-di' is set on object 'Object Repository/Страница авторизации/input__username'

04-12-2024T08:24:09 - [TEST_STEP][PASSED] - setText(findTestObject("Страница авторизации/input__password"), findTestData("PlanFact").getValue(9, 1)): Text ')$%5srZ8o688Dm#q' is set on object 'Object Repository/Страница авторизации/input__password'

04-12-2024T08:24:10 - [MESSAGE][PASSED] - Text ')$%5srZ8o688Dm#q' is set on object 'Object Repository/Страница авторизации/input__password'

04-12-2024T08:24:10 - [TEST_STEP][PASSED] - click(findTestObject("Страница авторизации/button_")): Object: 'Object Repository/Страница авторизации/button_' is clicked on

04-12-2024T08:24:12 - [MESSAGE][PASSED] - Object: 'Object Repository/Страница авторизации/button_' is clicked on

04-12-2024T08:24:12 - [TEST_STEP][PASSED] - delay(45): Delayed 45 second(s)

04-12-2024T08:24:57 - [MESSAGE][PASSED] - Delayed 45 second(s)

04-12-2024T08:24:57 - [TEST_STEP][PASSED] - urlText = getText(findTestObject("Страница авторизации/Text")): Text of object 'Object Repository/Страница авторизации/Text' is: 'Период
Январь, Февраль, Март, Апрель, Май, Июнь, Июль, Август, Сентябрь, Октябрь 2024 года
Выручка
Все
Выполнение плановых показателей по ПАО Россети за Январь, Февраль, Март, Апрель, Май, Июнь, Июль, Август, Сентябрь, Октябрь 2024 года
План
Факт
Динамика
2024 год
0 млн.руб.
100 000 млн.руб.
200 000 млн.руб.
300 000 млн.руб.
400 000 млн.руб.
500 000 млн.руб.
600 000 млн.руб.
700 000 млн.руб.
800 000 млн.руб.
900 000 млн.руб.
1 000 000 млн.руб.
1 100 000 млн.руб.
1 200 000 млн.руб.
1 300 000 млн.руб.
1 400 000 млн.руб.
1 180 677
1 181 459
↑
ДЗО 
Все
Подписи данных
⬤Отклонение
АО «Тываэнерго»
АО «Чеченэнерго»
Россети Волга
Россети Кубань
Россети Ленэнерго (ГК)
Россети Московский регион
Россети Северный Кавказ (ГК)
Россети Северо-Запад
Россети Сибирь (ГК)
Россети Томск
Россети Тюмень
Россети Урал (ГК)
Россети ФСК ЕЭС
Россети Центр
Россети Центр и Приволжье (ГК)
Россети Юг (ГК)
Россети Янтарь
-27 500 млн.руб.
-25 000 млн.руб.
-22 500 млн.руб.
-20 000 млн.руб.
-17 500 млн.руб.
-15 000 млн.руб.
-12 500 млн.руб.
-10 000 млн.руб.
-7 500 млн.руб.
-5 000 млн.руб.
-2 500 млн.руб.
0 млн.руб.
2 500 млн.руб.
5 000 млн.руб.
7 500 млн.руб.
10 000 млн.руб.
300
101
156
3 953
4 462
7 500
888
878
1 274
238
-5 106
1 955
-24 344
2 435
4 419
1 357
318
млн.
%
Выручка
Отклонение выручки по ПАО Россети за Январь, Февраль, Март, Апрель, Май, Июнь, Июль, Август, Сентябрь, Октябрь 2024 года (факт/план, млн. руб)
ПАО Россети
782.4 млн.руб.
Статус данных
×
Просьба обратить внимание
Данные занесены не полностью
ВЫБРАННЫЕ ЗНАЧЕНИЯ ФИЛЬТРОВ
ДЗО | ПЕРИОД
ПАО Россети: [«Выбраны все филиалы по всем ДЗО по всем категориям»]
2024: [Янв, Фев, Мар, Апр, Май, Июн, Июл, Авг, Сен, Окт]
*Внутренний оборот'

04-12-2024T08:24:58 - [MESSAGE][PASSED] - Text of object 'Object Repository/Страница авторизации/Text' is: 'Период
Январь, Февраль, Март, Апрель, Май, Июнь, Июль, Август, Сентябрь, Октябрь 2024 года
Выручка
Все
Выполнение плановых показателей по ПАО Россети за Январь, Февраль, Март, Апрель, Май, Июнь, Июль, Август, Сентябрь, Октябрь 2024 года
План
Факт
Динамика
2024 год
0 млн.руб.
100 000 млн.руб.
200 000 млн.руб.
300 000 млн.руб.
400 000 млн.руб.
500 000 млн.руб.
600 000 млн.руб.
700 000 млн.руб.
800 000 млн.руб.
900 000 млн.руб.
1 000 000 млн.руб.
1 100 000 млн.руб.
1 200 000 млн.руб.
1 300 000 млн.руб.
1 400 000 млн.руб.
1 180 677
1 181 459
↑
ДЗО 
Все
Подписи данных
⬤Отклонение
АО «Тываэнерго»
АО «Чеченэнерго»
Россети Волга
Россети Кубань
Россети Ленэнерго (ГК)
Россети Московский регион
Россети Северный Кавказ (ГК)
Россети Северо-Запад
Россети Сибирь (ГК)
Россети Томск
Россети Тюмень
Россети Урал (ГК)
Россети ФСК ЕЭС
Россети Центр
Россети Центр и Приволжье (ГК)
Россети Юг (ГК)
Россети Янтарь
-27 500 млн.руб.
-25 000 млн.руб.
-22 500 млн.руб.
-20 000 млн.руб.
-17 500 млн.руб.
-15 000 млн.руб.
-12 500 млн.руб.
-10 000 млн.руб.
-7 500 млн.руб.
-5 000 млн.руб.
-2 500 млн.руб.
0 млн.руб.
2 500 млн.руб.
5 000 млн.руб.
7 500 млн.руб.
10 000 млн.руб.
300
101
156
3 953
4 462
7 500
888
878
1 274
238
-5 106
1 955
-24 344
2 435
4 419
1 357
318
млн.
%
Выручка
Отклонение выручки по ПАО Россети за Январь, Февраль, Март, Апрель, Май, Июнь, Июль, Август, Сентябрь, Октябрь 2024 года (факт/план, млн. руб)
ПАО Россети
782.4 млн.руб.
Статус данных
×
Просьба обратить внимание
Данные занесены не полностью
ВЫБРАННЫЕ ЗНАЧЕНИЯ ФИЛЬТРОВ
ДЗО | ПЕРИОД
ПАО Россети: [«Выбраны все филиалы по всем ДЗО по всем категориям»]
2024: [Янв, Фев, Мар, Апр, Май, Июн, Июл, Авг, Сен, Окт]
*Внутренний оборот'

04-12-2024T08:24:58 - [TEST_STEP][PASSED] - searchWord = "а": null

04-12-2024T08:24:58 - [TEST_STEP][PASSED] - if (urlText.contains("ошибка") || urlText.contains(searchWord) == false): null

04-12-2024T08:24:58 - [TEST_STEP][PASSED] - delay(45): Delayed 45 second(s)

04-12-2024T08:25:43 - [MESSAGE][PASSED] - Delayed 45 second(s)

04-12-2024T08:25:43 - [TEST_STEP][PASSED] - if (block == 2): Delayed 50 second(s)

04-12-2024T08:25:43 - [TEST_STEP][PASSED] - opoveshenie = getText(findTestObject("Выручка в рублях/Просьба обратить внимание")): Text of object 'Object Repository/Выручка в рублях/Просьба обратить внимание' is: 'Просьба обратить внимание'

04-12-2024T08:25:43 - [MESSAGE][PASSED] - Text of object 'Object Repository/Выручка в рублях/Просьба обратить внимание' is: 'Просьба обратить внимание'

04-12-2024T08:25:43 - [TEST_STEP][PASSED] - if (opoveshenie == "Просьба обратить внимание"): Delayed 50 second(s)

04-12-2024T08:25:43 - [TEST_STEP][PASSED] - click(findTestObject("Выручка в рублях/Закрыть оповещение")): Object: 'Object Repository/Выручка в рублях/Закрыть оповещение' is clicked on

04-12-2024T08:25:44 - [MESSAGE][PASSED] - Object: 'Object Repository/Выручка в рублях/Закрыть оповещение' is clicked on

04-12-2024T08:25:44 - [TEST_STEP][PASSED] - delay(50): Delayed 50 second(s)

04-12-2024T08:26:34 - [MESSAGE][PASSED] - Delayed 50 second(s)

04-12-2024T08:26:34 - [TEST_STEP][PASSED] - click(findTestObject("Выручка в рублях/Фильтр Период" + nameOfBlock)): Object: 'Object Repository/Выручка в рублях/Фильтр Период Выручка' is clicked on

04-12-2024T08:26:34 - [MESSAGE][PASSED] - Object: 'Object Repository/Выручка в рублях/Фильтр Период Выручка' is clicked on

04-12-2024T08:26:34 - [TEST_STEP][PASSED] - click(findTestObject("Выручка в рублях/Снять выделение в фильтре Дата" + nameOfBlock)): Object: 'Object Repository/Выручка в рублях/Снять выделение в фильтре Дата Выручка' is clicked on

04-12-2024T08:26:35 - [MESSAGE][PASSED] - Object: 'Object Repository/Выручка в рублях/Снять выделение в фильтре Дата Выручка' is clicked on

04-12-2024T08:26:35 - [TEST_STEP][PASSED] - click(findTestObject("Выручка в рублях/Применить в фильтре Дата" + nameOfBlock)): Object: 'Object Repository/Выручка в рублях/Применить в фильтре Дата Выручка' is clicked on

04-12-2024T08:26:35 - [MESSAGE][PASSED] - Object: 'Object Repository/Выручка в рублях/Применить в фильтре Дата Выручка' is clicked on

04-12-2024T08:26:35 - [TEST_STEP][PASSED] - delay(50): Delayed 50 second(s)

04-12-2024T08:27:25 - [MESSAGE][PASSED] - Delayed 50 second(s)

04-12-2024T08:27:25 - [TEST_STEP][PASSED] - click(findTestObject("Выручка в рублях/Фильтр Период" + nameOfBlock)): Object: 'Object Repository/Выручка в рублях/Фильтр Период Выручка' is clicked on

04-12-2024T08:27:26 - [MESSAGE][PASSED] - Object: 'Object Repository/Выручка в рублях/Фильтр Период Выручка' is clicked on

04-12-2024T08:27:26 - [TEST_STEP][PASSED] - click(findTestObject("Выручка в рублях/Снять выделение в фильтре Дата" + nameOfBlock)): Object: 'Object Repository/Выручка в рублях/Снять выделение в фильтре Дата Выручка' is clicked on

04-12-2024T08:27:26 - [MESSAGE][PASSED] - Object: 'Object Repository/Выручка в рублях/Снять выделение в фильтре Дата Выручка' is clicked on

04-12-2024T08:27:26 - [TEST_STEP][PASSED] - scrollToElement(findTestObject("Выручка в рублях/2024 список" + nameOfBlock), 30): Scroll to object 'Object Repository/Выручка в рублях/2024 список Выручка' successfully

04-12-2024T08:27:27 - [MESSAGE][PASSED] - Scroll to object 'Object Repository/Выручка в рублях/2024 список Выручка' successfully

04-12-2024T08:27:27 - [TEST_STEP][PASSED] - click(findTestObject("Выручка в рублях/2024 список" + nameOfBlock)): Object: 'Object Repository/Выручка в рублях/2024 список Выручка' is clicked on

04-12-2024T08:27:27 - [MESSAGE][PASSED] - Object: 'Object Repository/Выручка в рублях/2024 список Выручка' is clicked on

04-12-2024T08:27:27 - [TEST_STEP][PASSED] - scrollToElement(findTestObject("Выручка в рублях/1 квартал 2024 выбрать" + nameOfBlock), 30): Scroll to object 'Object Repository/Выручка в рублях/1 квартал 2024 выбрать Выручка' successfully

04-12-2024T08:27:27 - [MESSAGE][PASSED] - Scroll to object 'Object Repository/Выручка в рублях/1 квартал 2024 выбрать Выручка' successfully

04-12-2024T08:27:27 - [TEST_STEP][PASSED] - click(findTestObject("Выручка в рублях/1 квартал 2024 выбрать" + nameOfBlock)): Object: 'Object Repository/Выручка в рублях/1 квартал 2024 выбрать Выручка' is clicked on

04-12-2024T08:27:28 - [MESSAGE][PASSED] - Object: 'Object Repository/Выручка в рублях/1 квартал 2024 выбрать Выручка' is clicked on

04-12-2024T08:27:28 - [TEST_STEP][PASSED] - scrollToElement(findTestObject("Выручка в рублях/2 квартал 2024 выбрать" + nameOfBlock), 30): Scroll to object 'Object Repository/Выручка в рублях/2 квартал 2024 выбрать Выручка' successfully

04-12-2024T08:27:28 - [MESSAGE][PASSED] - Scroll to object 'Object Repository/Выручка в рублях/2 квартал 2024 выбрать Выручка' successfully

04-12-2024T08:27:28 - [TEST_STEP][PASSED] - click(findTestObject("Выручка в рублях/2 квартал 2024 выбрать" + nameOfBlock)): Object: 'Object Repository/Выручка в рублях/2 квартал 2024 выбрать Выручка' is clicked on

04-12-2024T08:27:29 - [MESSAGE][PASSED] - Object: 'Object Repository/Выручка в рублях/2 квартал 2024 выбрать Выручка' is clicked on

04-12-2024T08:27:29 - [TEST_STEP][PASSED] - scrollToElement(findTestObject("Выручка в рублях/3 квартал 2024 список" + nameOfBlock), 30): Scroll to object 'Object Repository/Выручка в рублях/3 квартал 2024 список Выручка' successfully

04-12-2024T08:27:29 - [MESSAGE][PASSED] - Scroll to object 'Object Repository/Выручка в рублях/3 квартал 2024 список Выручка' successfully

04-12-2024T08:27:29 - [TEST_STEP][PASSED] - click(findTestObject("Выручка в рублях/3 квартал 2024" + nameOfBlock)): Object: 'Object Repository/Выручка в рублях/3 квартал 2024 Выручка' is clicked on

04-12-2024T08:27:29 - [MESSAGE][PASSED] - Object: 'Object Repository/Выручка в рублях/3 квартал 2024 Выручка' is clicked on

04-12-2024T08:27:29 - [TEST_STEP][PASSED] - scrollToElement(findTestObject("Выручка в рублях/4 квартал 2024 список" + nameOfBlock), 30): Scroll to object 'Object Repository/Выручка в рублях/4 квартал 2024 список Выручка' successfully

04-12-2024T08:27:30 - [MESSAGE][PASSED] - Scroll to object 'Object Repository/Выручка в рублях/4 квартал 2024 список Выручка' successfully

04-12-2024T08:27:30 - [TEST_STEP][PASSED] - click(findTestObject("Выручка в рублях/4 квартал 2024 список" + nameOfBlock)): Object: 'Object Repository/Выручка в рублях/4 квартал 2024 список Выручка' is clicked on

04-12-2024T08:27:30 - [MESSAGE][PASSED] - Object: 'Object Repository/Выручка в рублях/4 квартал 2024 список Выручка' is clicked on

04-12-2024T08:27:30 - [TEST_STEP][PASSED] - scrollToElement(findTestObject("Выручка в рублях/Октябрь 2024" + nameOfBlock), 30): Scroll to object 'Object Repository/Выручка в рублях/Октябрь 2024 Выручка' successfully

04-12-2024T08:27:31 - [MESSAGE][PASSED] - Scroll to object 'Object Repository/Выручка в рублях/Октябрь 2024 Выручка' successfully

04-12-2024T08:27:31 - [TEST_STEP][PASSED] - click(findTestObject("Выручка в рублях/Октябрь 2024" + nameOfBlock)): Object: 'Object Repository/Выручка в рублях/Октябрь 2024 Выручка' is clicked on

04-12-2024T08:27:31 - [MESSAGE][PASSED] - Object: 'Object Repository/Выручка в рублях/Октябрь 2024 Выручка' is clicked on

04-12-2024T08:27:31 - [TEST_STEP][PASSED] - scrollToElement(findTestObject("Выручка в рублях/Заголовок дашборда" + nameOfBlock), 30): Scroll to object 'Object Repository/Выручка в рублях/Заголовок дашборда Выручка' successfully

04-12-2024T08:27:31 - [MESSAGE][PASSED] - Scroll to object 'Object Repository/Выручка в рублях/Заголовок дашборда Выручка' successfully

04-12-2024T08:27:31 - [TEST_STEP][PASSED] - click(findTestObject("Выручка в рублях/Применить в фильтре Дата" + nameOfBlock)): Object: 'Object Repository/Выручка в рублях/Применить в фильтре Дата Выручка' is clicked on

04-12-2024T08:27:32 - [MESSAGE][PASSED] - Object: 'Object Repository/Выручка в рублях/Применить в фильтре Дата Выручка' is clicked on

04-12-2024T08:27:32 - [TEST_STEP][PASSED] - delay(55): Delayed 55 second(s)

04-12-2024T08:28:27 - [MESSAGE][PASSED] - Delayed 55 second(s)

04-12-2024T08:28:27 - [TEST_STEP][PASSED] - click(findTestObject("Выручка в рублях/Фильтр ДЗО" + nameOfBlock)): Object: 'Object Repository/Выручка в рублях/Фильтр ДЗО Выручка' is clicked on

04-12-2024T08:28:27 - [MESSAGE][PASSED] - Object: 'Object Repository/Выручка в рублях/Фильтр ДЗО Выручка' is clicked on

04-12-2024T08:28:27 - [TEST_STEP][PASSED] - click(findTestObject("Выручка в рублях/Снять выделение в фильтре ДЗО" + nameOfBlock)): Object: 'Object Repository/Выручка в рублях/Снять выделение в фильтре ДЗО Выручка' is clicked on

04-12-2024T08:28:28 - [MESSAGE][PASSED] - Object: 'Object Repository/Выручка в рублях/Снять выделение в фильтре ДЗО Выручка' is clicked on

04-12-2024T08:28:28 - [TEST_STEP][PASSED] - click(findTestObject("Выручка в рублях/Применить в фильтре ДЗО" + nameOfBlock)): Object: 'Object Repository/Выручка в рублях/Применить в фильтре ДЗО Выручка' is clicked on

04-12-2024T08:28:28 - [MESSAGE][PASSED] - Object: 'Object Repository/Выручка в рублях/Применить в фильтре ДЗО Выручка' is clicked on

04-12-2024T08:28:28 - [TEST_STEP][PASSED] - delay(50): Delayed 50 second(s)

04-12-2024T08:29:18 - [MESSAGE][PASSED] - Delayed 50 second(s)

04-12-2024T08:29:18 - [TEST_STEP][PASSED] - Script1710234207206.Tumbler(run, vir, block, nameOfBlock): null

04-12-2024T08:29:18 - [TEST_STEP][PASSED] - println("run:" + run): null

04-12-2024T08:29:18 - [TEST_STEP][PASSED] - println("vir:" + vir): null

04-12-2024T08:29:18 - [TEST_STEP][PASSED] - println("block:" + block): null

04-12-2024T08:29:18 - [TEST_STEP][PASSED] - println("nameOfBlock:" + nameOfBlock): null

04-12-2024T08:29:18 - [TEST_STEP][PASSED] - if (vir == 1): Object: 'Object Repository/Выручка в рублях/Переключить отображение с млн на проценты Выручка в рублях Выручка' is clicked on

04-12-2024T08:29:18 - [TEST_STEP][PASSED] - if (run == 2): Object: 'Object Repository/Выручка в рублях/Переключить отображение с млн на проценты Выручка в рублях Выручка' is clicked on

04-12-2024T08:29:18 - [TEST_STEP][PASSED] - click(findTestObject("Выручка в рублях/Переключить отображение с млн на проценты Выручка в рублях" + nameOfBlock)): Object: 'Object Repository/Выручка в рублях/Переключить отображение с млн на проценты Выручка в рублях Выручка' is clicked on

04-12-2024T08:29:19 - [MESSAGE][PASSED] - Object: 'Object Repository/Выручка в рублях/Переключить отображение с млн на проценты Выручка в рублях Выручка' is clicked on

04-12-2024T08:29:19 - [TEST_STEP][PASSED] - click(findTestObject("Выручка в рублях/Фильтр ДЗО" + nameOfBlock)): Object: 'Object Repository/Выручка в рублях/Фильтр ДЗО Выручка' is clicked on

04-12-2024T08:29:19 - [MESSAGE][PASSED] - Object: 'Object Repository/Выручка в рублях/Фильтр ДЗО Выручка' is clicked on

04-12-2024T08:29:19 - [TEST_STEP][PASSED] - Script1710234207206.Rosseti(nameOfBlock): null

04-12-2024T08:29:19 - [TEST_STEP][PASSED] - println("nameOfBlock:" + nameOfBlock): null

04-12-2024T08:29:19 - [TEST_STEP][PASSED] - click(findTestObject("Выручка в рублях/ПАО Россети" + nameOfBlock)): Object: 'Object Repository/Выручка в рублях/ПАО Россети Выручка' is clicked on

04-12-2024T08:29:20 - [MESSAGE][PASSED] - Object: 'Object Repository/Выручка в рублях/ПАО Россети Выручка' is clicked on

04-12-2024T08:29:20 - [TEST_STEP][PASSED] - click(findTestObject("Выручка в рублях/Применить в фильтре ДЗО" + nameOfBlock)): Object: 'Object Repository/Выручка в рублях/Применить в фильтре ДЗО Выручка' is clicked on

04-12-2024T08:29:20 - [MESSAGE][PASSED] - Object: 'Object Repository/Выручка в рублях/Применить в фильтре ДЗО Выручка' is clicked on

04-12-2024T08:29:20 - [TEST_STEP][PASSED] - if (vir == 1 || vir == 2): Text of object 'Object Repository/Выручка в рублях/График План Выручка' is: '1 180 677'

04-12-2024T08:29:20 - [TEST_STEP][PASSED] - b1 = getText(findTestObject("Выручка в рублях/График План Выручка")): Text of object 'Object Repository/Выручка в рублях/График План Выручка' is: '1 180 677'

04-12-2024T08:29:23 - [MESSAGE][PASSED] - Text of object 'Object Repository/Выручка в рублях/График План Выручка' is: '1 180 677'

04-12-2024T08:29:23 - [TEST_STEP][PASSED] - if (vir == 1 || vir == 2): Text of object 'Object Repository/Выручка в рублях/График Факт Выручка' is: '1 181 459'

04-12-2024T08:29:23 - [TEST_STEP][PASSED] - b2 = getText(findTestObject("Выручка в рублях/График Факт Выручка")): Text of object 'Object Repository/Выручка в рублях/График Факт Выручка' is: '1 181 459'

04-12-2024T08:29:23 - [MESSAGE][PASSED] - Text of object 'Object Repository/Выручка в рублях/График Факт Выручка' is: '1 181 459'

04-12-2024T08:29:23 - [TEST_STEP][PASSED] - b30 = getText(findTestObject("Выручка в рублях/span1" + perc)): Text of object 'Object Repository/Выручка в рублях/span1 Perc' is: '0.07 %'

04-12-2024T08:29:23 - [MESSAGE][PASSED] - Text of object 'Object Repository/Выручка в рублях/span1 Perc' is: '0.07 %'

04-12-2024T08:29:23 - [TEST_STEP][PASSED] - i = b30.indexOf("млн.руб."): null

04-12-2024T08:29:23 - [TEST_STEP][PASSED] - if (i > -1): null

04-12-2024T08:29:23 - [TEST_STEP][PASSED] - if (b30.contains("%")): null

04-12-2024T08:29:23 - [TEST_STEP][PASSED] - b30 = b30.replaceAll("%", ""): null

04-12-2024T08:29:23 - [TEST_STEP][PASSED] - b30 = ").trim(): null

04-12-2024T08:29:23 - [TEST_STEP][PASSED] - println("b30: " + b30): null

04-12-2024T08:29:23 - [TEST_STEP][PASSED] - if (vir == 1 || vir == 2): Text of object 'Object Repository/Выручка в рублях/span2 Perc' is: '19.44 %'

04-12-2024T08:29:23 - [TEST_STEP][PASSED] - b31 = ").trim(): Text of object 'Object Repository/Выручка в рублях/span2 Perc' is: '19.44 %'

04-12-2024T08:29:24 - [MESSAGE][PASSED] - Text of object 'Object Repository/Выручка в рублях/span2 Perc' is: '19.44 %'

04-12-2024T08:29:24 - [TEST_STEP][PASSED] - if (vir == 1 || vir == 2): Text of object 'Object Repository/Выручка в рублях/span3 Perc' is: '2.68 %'

04-12-2024T08:29:24 - [TEST_STEP][PASSED] - b32 = ").trim(): Text of object 'Object Repository/Выручка в рублях/span3 Perc' is: '2.68 %'

04-12-2024T08:29:24 - [MESSAGE][PASSED] - Text of object 'Object Repository/Выручка в рублях/span3 Perc' is: '2.68 %'

04-12-2024T08:29:24 - [TEST_STEP][PASSED] - if (vir == 1 || vir == 2): Text of object 'Object Repository/Выручка в рублях/span8 Perc' is: '3.42 %'

04-12-2024T08:29:24 - [TEST_STEP][PASSED] - b33 = ").trim(): Text of object 'Object Repository/Выручка в рублях/span4 Perc' is: '0.24 %'

04-12-2024T08:29:24 - [MESSAGE][PASSED] - Text of object 'Object Repository/Выручка в рублях/span4 Perc' is: '0.24 %'

04-12-2024T08:29:24 - [TEST_STEP][PASSED] - b34 = ").trim(): Text of object 'Object Repository/Выручка в рублях/span5 Perc' is: '6.32 %'

04-12-2024T08:29:24 - [MESSAGE][PASSED] - Text of object 'Object Repository/Выручка в рублях/span5 Perc' is: '6.32 %'

04-12-2024T08:29:24 - [TEST_STEP][PASSED] - b35 = ").trim(): Text of object 'Object Repository/Выручка в рублях/span6 Perc' is: '5.38 %'

04-12-2024T08:29:25 - [MESSAGE][PASSED] - Text of object 'Object Repository/Выручка в рублях/span6 Perc' is: '5.38 %'

04-12-2024T08:29:25 - [TEST_STEP][PASSED] - b36 = ").trim(): Text of object 'Object Repository/Выручка в рублях/span7 Perc' is: '4.39 %'

04-12-2024T08:29:25 - [MESSAGE][PASSED] - Text of object 'Object Repository/Выручка в рублях/span7 Perc' is: '4.39 %'

04-12-2024T08:29:25 - [TEST_STEP][PASSED] - b37 = ").trim(): Text of object 'Object Repository/Выручка в рублях/span8 Perc' is: '3.42 %'

04-12-2024T08:29:25 - [MESSAGE][PASSED] - Text of object 'Object Repository/Выручка в рублях/span8 Perc' is: '3.42 %'

04-12-2024T08:29:25 - [TEST_STEP][PASSED] - if (vir == 1 || vir == 2): Text of object 'Object Repository/Выручка в рублях/span17 Perc' is: '3.17 %'

04-12-2024T08:29:25 - [TEST_STEP][PASSED] - b38 = ").trim(): Text of object 'Object Repository/Выручка в рублях/span9 Perc' is: '2.01 %'

04-12-2024T08:29:26 - [MESSAGE][PASSED] - Text of object 'Object Repository/Выручка в рублях/span9 Perc' is: '2.01 %'

04-12-2024T08:29:26 - [TEST_STEP][PASSED] - b39 = ").trim(): Text of object 'Object Repository/Выручка в рублях/span10 Perc' is: '2.23 %'

04-12-2024T08:29:26 - [MESSAGE][PASSED] - Text of object 'Object Repository/Выручка в рублях/span10 Perc' is: '2.23 %'

04-12-2024T08:29:26 - [TEST_STEP][PASSED] - b310 = ").trim(): Text of object 'Object Repository/Выручка в рублях/span11 Perc' is: '3.06 %'

04-12-2024T08:29:26 - [MESSAGE][PASSED] - Text of object 'Object Repository/Выручка в рублях/span11 Perc' is: '3.06 %'

04-12-2024T08:29:26 - [TEST_STEP][PASSED] - b311 = ").trim(): Text of object 'Object Repository/Выручка в рублях/span12 Perc' is: '-7.39 %'

04-12-2024T08:29:27 - [MESSAGE][PASSED] - Text of object 'Object Repository/Выручка в рублях/span12 Perc' is: '-7.39 %'

04-12-2024T08:29:27 - [TEST_STEP][PASSED] - b312 = ").trim(): Text of object 'Object Repository/Выручка в рублях/span13 Perc' is: '2.27 %'

04-12-2024T08:29:27 - [MESSAGE][PASSED] - Text of object 'Object Repository/Выручка в рублях/span13 Perc' is: '2.27 %'

04-12-2024T08:29:27 - [TEST_STEP][PASSED] - b313 = ").trim(): Text of object 'Object Repository/Выручка в рублях/span14 Perc' is: '-9.49 %'

04-12-2024T08:29:27 - [MESSAGE][PASSED] - Text of object 'Object Repository/Выручка в рублях/span14 Perc' is: '-9.49 %'

04-12-2024T08:29:27 - [TEST_STEP][PASSED] - b314 = ").trim(): Text of object 'Object Repository/Выручка в рублях/span15 Perc' is: '2.55 %'

04-12-2024T08:29:27 - [MESSAGE][PASSED] - Text of object 'Object Repository/Выручка в рублях/span15 Perc' is: '2.55 %'

04-12-2024T08:29:27 - [TEST_STEP][PASSED] - b315 = ").trim(): Text of object 'Object Repository/Выручка в рублях/span16 Perc' is: '4.33 %'

04-12-2024T08:29:28 - [MESSAGE][PASSED] - Text of object 'Object Repository/Выручка в рублях/span16 Perc' is: '4.33 %'

04-12-2024T08:29:28 - [TEST_STEP][PASSED] - b316 = ").trim(): Text of object 'Object Repository/Выручка в рублях/span17 Perc' is: '3.17 %'

04-12-2024T08:29:28 - [MESSAGE][PASSED] - Text of object 'Object Repository/Выручка в рублях/span17 Perc' is: '3.17 %'

04-12-2024T08:29:28 - [TEST_STEP][PASSED] - if (vir == 1 || vir == 2): Text of object 'Object Repository/Выручка в рублях/span18 Perc' is: '4.04 %'

04-12-2024T08:29:28 - [TEST_STEP][PASSED] - b317 = ").trim(): Text of object 'Object Repository/Выручка в рублях/span18 Perc' is: '4.04 %'

04-12-2024T08:29:28 - [MESSAGE][PASSED] - Text of object 'Object Repository/Выручка в рублях/span18 Perc' is: '4.04 %'

04-12-2024T08:29:28 - [TEST_STEP][PASSED] - dZO = "ПАО Россети": null

04-12-2024T08:29:28 - [TEST_STEP][PASSED] - if (verifyEqual(a1, b1) == false): Actual object '1 180 677' and expected object '1 180 677' are equal

04-12-2024T08:29:28 - [MESSAGE][PASSED] - Actual object '1 180 677' and expected object '1 180 677' are equal

04-12-2024T08:29:28 - [TEST_STEP][PASSED] - if (verifyEqual(a2, b2) == false): Actual object '1 181 459' and expected object '1 181 459' are equal

04-12-2024T08:29:28 - [MESSAGE][PASSED] - Actual object '1 181 459' and expected object '1 181 459' are equal

04-12-2024T08:29:28 - [TEST_STEP][PASSED] - vidget = "Отклонения": null

04-12-2024T08:29:28 - [TEST_STEP][FAILED] - if (verifyEqual(a30, b30) == false): null

04-12-2024T08:29:28 - [MESSAGE][FAILED] - Unable to verify equal between actual object '-25.61' and expected object '0.07' (Root cause: com.kms.katalon.core.exception.StepFailedException: Actual object '-25.61' and expected object '0.07' are not equal
	at com.kms.katalon.core.keyword.builtin.VerifyEqualKeyword$_verifyEqual_closure1.doCall(VerifyEqualKeyword.groovy:58)
	at com.kms.katalon.core.keyword.builtin.VerifyEqualKeyword$_verifyEqual_closure1.call(VerifyEqualKeyword.groovy)
	at com.kms.katalon.core.keyword.internal.KeywordMain.runKeyword(KeywordMain.groovy:75)
	at com.kms.katalon.core.keyword.builtin.VerifyEqualKeyword.verifyEqual(VerifyEqualKeyword.groovy:63)
	at com.kms.katalon.core.keyword.builtin.VerifyEqualKeyword.execute(VerifyEqualKeyword.groovy:44)
	at com.kms.katalon.core.keyword.internal.KeywordExecutor.executeKeywordForPlatform(KeywordExecutor.groovy:74)
	at com.kms.katalon.core.keyword.BuiltinKeywords.verifyEqual(BuiltinKeywords.groovy:146)
	at jdk.internal.reflect.GeneratedMethodAccessor25.invoke(Unknown Source)
	at java.base/jdk.internal.reflect.DelegatingMethodAccessorImpl.invoke(DelegatingMethodAccessorImpl.java:43)
	at Выручка в рублях сверка дашбордов ПАО Россети.Blocks(Выручка в рублях сверка дашбордов ПАО Россети:357)
	at Выручка в рублях сверка дашбордов ПАО Россети.ViruchkaChange(Выручка в рублях сверка дашбордов ПАО Россети:60)
	at Выручка в рублях сверка дашбордов ПАО Россети.run(Выручка в рублях сверка дашбордов ПАО Россети:55)
	at com.kms.katalon.core.main.ScriptEngine.run(ScriptEngine.java:194)
	at com.kms.katalon.core.main.ScriptEngine.runScriptAsRawText(ScriptEngine.java:119)
	at com.kms.katalon.core.main.TestCaseExecutor.runScript(TestCaseExecutor.java:448)
	at com.kms.katalon.core.main.TestCaseExecutor.doExecute(TestCaseExecutor.java:439)
	at com.kms.katalon.core.main.TestCaseExecutor.processExecutionPhase(TestCaseExecutor.java:418)
	at com.kms.katalon.core.main.TestCaseExecutor.accessMainPhase(TestCaseExecutor.java:410)
	at com.kms.katalon.core.main.TestCaseExecutor.execute(TestCaseExecutor.java:285)
	at com.kms.katalon.core.common.CommonExecutor.accessTestCaseMainPhase(CommonExecutor.java:65)
	at com.kms.katalon.core.main.TestSuiteExecutor.accessTestSuiteMainPhase(TestSuiteExecutor.java:150)
	at com.kms.katalon.core.main.TestSuiteExecutor.execute(TestSuiteExecutor.java:106)
	at com.kms.katalon.core.main.TestCaseMain.startTestSuite(TestCaseMain.java:180)
	at TempTestSuite1733285972582.run(TempTestSuite1733285972582.groovy:35)
	at java.base/jdk.internal.reflect.NativeMethodAccessorImpl.invoke0(Native Method)
	at java.base/jdk.internal.reflect.NativeMethodAccessorImpl.invoke(NativeMethodAccessorImpl.java:77)
	at java.base/jdk.internal.reflect.DelegatingMethodAccessorImpl.invoke(DelegatingMethodAccessorImpl.java:43)
)

04-12-2024T08:29:28 - [TEST_STEP][PASSED] - a = replaceAll("\s+", "").toDouble(): null

04-12-2024T08:29:28 - [TEST_STEP][PASSED] - b = replaceAll("\s+", "").toDouble(): null

04-12-2024T08:29:28 - [TEST_STEP][PASSED] - Script1710234207206.WriteToExcel(todaysDate, run, vir, block, typeOfData, viruchka, vidget, nameOfBlock, a, b, dZO): null

04-12-2024T08:29:28 - [TEST_STEP][PASSED] - println(run): null

04-12-2024T08:29:28 - [TEST_STEP][PASSED] - if (run == 1): null

04-12-2024T08:29:28 - [TEST_STEP][PASSED] - else if (run == 2): null

04-12-2024T08:29:28 - [TEST_STEP][PASSED] - typeOfData = "Проценты": null

04-12-2024T08:29:28 - [TEST_STEP][PASSED] - println("todaysDate:" + todaysDate): null

04-12-2024T08:29:28 - [TEST_STEP][PASSED] - println("typeOfData:" + typeOfData): null

04-12-2024T08:29:28 - [TEST_STEP][PASSED] - viruchka = getText(findTestObject("Выручка в рублях/Фильтр Выручка" + nameOfBlock)): Text of object 'Object Repository/Выручка в рублях/Фильтр Выручка Выручка' is: 'Все'

04-12-2024T08:29:29 - [MESSAGE][PASSED] - Text of object 'Object Repository/Выручка в рублях/Фильтр Выручка Выручка' is: 'Все'

04-12-2024T08:29:29 - [TEST_STEP][PASSED] - println("viruchka" + viruchka): null

04-12-2024T08:29:29 - [TEST_STEP][PASSED] - println("vidget" + vidget): null

04-12-2024T08:29:29 - [TEST_STEP][PASSED] - println("a" + a): null

04-12-2024T08:29:29 - [TEST_STEP][PASSED] - println("b" + b): null

04-12-2024T08:29:29 - [TEST_STEP][PASSED] - sheetName = "Sheet1": null

04-12-2024T08:29:29 - [TEST_STEP][PASSED] - data = findTestData("PlanFact"): null

04-12-2024T08:29:29 - [TEST_STEP][PASSED] - n = data.getRowNumbers() + 1: null

04-12-2024T08:29:29 - [TEST_STEP][PASSED] - period = getText(findTestObject("Выручка в рублях/Фильтр Период")): Text of object 'Object Repository/Выручка в рублях/Фильтр Период' is: 'Октябрь и 1, 2, 3 кв. 2024 года'

04-12-2024T08:29:29 - [MESSAGE][PASSED] - Text of object 'Object Repository/Выручка в рублях/Фильтр Период' is: 'Октябрь и 1, 2, 3 кв. 2024 года'

04-12-2024T08:29:29 - [TEST_STEP][PASSED] - println(period): null

04-12-2024T08:29:29 - [TEST_STEP][PASSED] - dashboardName = "Выручка в рублях": null

04-12-2024T08:29:29 - [TEST_STEP][PASSED] - workbook01 = getWorkbook(excelFilePath): null

04-12-2024T08:29:29 - [TEST_STEP][PASSED] - sheet01 = getExcelSheet(workbook01, sheetName): null

04-12-2024T08:29:29 - [TEST_STEP][PASSED] - setValueToCellByIndex(sheet01, n, 0, dashboardName): null

04-12-2024T08:29:29 - [TEST_STEP][PASSED] - setValueToCellByIndex(sheet01, n, 1, dZO): null

04-12-2024T08:29:29 - [TEST_STEP][PASSED] - setValueToCellByIndex(sheet01, n, 2, vidget): null

04-12-2024T08:29:29 - [TEST_STEP][PASSED] - setValueToCellByIndex(sheet01, n, 3, viruchka): null

04-12-2024T08:29:29 - [TEST_STEP][PASSED] - setValueToCellByIndex(sheet01, n, 4, typeOfData): null

04-12-2024T08:29:29 - [TEST_STEP][PASSED] - if (a == null): null

04-12-2024T08:29:29 - [TEST_STEP][PASSED] - else: null

04-12-2024T08:29:29 - [TEST_STEP][PASSED] - setValueToCellByIndex(sheet01, n, 5, a): null

04-12-2024T08:29:29 - [TEST_STEP][PASSED] - if (b == null): null

04-12-2024T08:29:29 - [TEST_STEP][PASSED] - else: null

04-12-2024T08:29:29 - [TEST_STEP][PASSED] - setValueToCellByIndex(sheet01, n, 6, b): null

04-12-2024T08:29:29 - [TEST_STEP][PASSED] - setValueToCellByIndex(sheet01, n, 7, period): null

04-12-2024T08:29:29 - [TEST_STEP][PASSED] - setValueToCellByIndex(sheet01, n, 8, todaysDate): null

04-12-2024T08:29:29 - [TEST_STEP][PASSED] - n = n + 1: null

04-12-2024T08:29:29 - [TEST_STEP][PASSED] - saveWorkbook(excelFilePath, workbook01): null

04-12-2024T08:29:29 - [TEST_STEP][PASSED] - dZO = "АО «Тываэнерго»": null

04-12-2024T08:29:29 - [TEST_STEP][PASSED] - if (verifyEqual(a31, b31) == false): Actual object '19.44' and expected object '19.44' are equal

04-12-2024T08:29:29 - [MESSAGE][PASSED] - Actual object '19.44' and expected object '19.44' are equal

04-12-2024T08:29:29 - [TEST_STEP][PASSED] - dZO = "АО «Чеченэнерго»": null

04-12-2024T08:29:29 - [TEST_STEP][FAILED] - if (verifyEqual(a32, b32) == false): null

04-12-2024T08:29:29 - [MESSAGE][FAILED] - Unable to verify equal between actual object '-48.66' and expected object '2.68' (Root cause: com.kms.katalon.core.exception.StepFailedException: Actual object '-48.66' and expected object '2.68' are not equal
	at com.kms.katalon.core.keyword.builtin.VerifyEqualKeyword$_verifyEqual_closure1.doCall(VerifyEqualKeyword.groovy:58)
	at com.kms.katalon.core.keyword.builtin.VerifyEqualKeyword$_verifyEqual_closure1.call(VerifyEqualKeyword.groovy)
	at com.kms.katalon.core.keyword.internal.KeywordMain.runKeyword(KeywordMain.groovy:75)
	at com.kms.katalon.core.keyword.builtin.VerifyEqualKeyword.verifyEqual(VerifyEqualKeyword.groovy:63)
	at com.kms.katalon.core.keyword.builtin.VerifyEqualKeyword.execute(VerifyEqualKeyword.groovy:44)
	at com.kms.katalon.core.keyword.internal.KeywordExecutor.executeKeywordForPlatform(KeywordExecutor.groovy:74)
	at com.kms.katalon.core.keyword.BuiltinKeywords.verifyEqual(BuiltinKeywords.groovy:146)
	at jdk.internal.reflect.GeneratedMethodAccessor25.invoke(Unknown Source)
	at java.base/jdk.internal.reflect.DelegatingMethodAccessorImpl.invoke(DelegatingMethodAccessorImpl.java:43)
	at Выручка в рублях сверка дашбордов ПАО Россети.Blocks(Выручка в рублях сверка дашбордов ПАО Россети:377)
	at Выручка в рублях сверка дашбордов ПАО Россети.ViruchkaChange(Выручка в рублях сверка дашбордов ПАО Россети:60)
	at Выручка в рублях сверка дашбордов ПАО Россети.run(Выручка в рублях сверка дашбордов ПАО Россети:55)
	at com.kms.katalon.core.main.ScriptEngine.run(ScriptEngine.java:194)
	at com.kms.katalon.core.main.ScriptEngine.runScriptAsRawText(ScriptEngine.java:119)
	at com.kms.katalon.core.main.TestCaseExecutor.runScript(TestCaseExecutor.java:448)
	at com.kms.katalon.core.main.TestCaseExecutor.doExecute(TestCaseExecutor.java:439)
	at com.kms.katalon.core.main.TestCaseExecutor.processExecutionPhase(TestCaseExecutor.java:418)
	at com.kms.katalon.core.main.TestCaseExecutor.accessMainPhase(TestCaseExecutor.java:410)
	at com.kms.katalon.core.main.TestCaseExecutor.execute(TestCaseExecutor.java:285)
	at com.kms.katalon.core.common.CommonExecutor.accessTestCaseMainPhase(CommonExecutor.java:65)
	at com.kms.katalon.core.main.TestSuiteExecutor.accessTestSuiteMainPhase(TestSuiteExecutor.java:150)
	at com.kms.katalon.core.main.TestSuiteExecutor.execute(TestSuiteExecutor.java:106)
	at com.kms.katalon.core.main.TestCaseMain.startTestSuite(TestCaseMain.java:180)
	at TempTestSuite1733285972582.run(TempTestSuite1733285972582.groovy:35)
	at java.base/jdk.internal.reflect.NativeMethodAccessorImpl.invoke0(Native Method)
	at java.base/jdk.internal.reflect.NativeMethodAccessorImpl.invoke(NativeMethodAccessorImpl.java:77)
	at java.base/jdk.internal.reflect.DelegatingMethodAccessorImpl.invoke(DelegatingMethodAccessorImpl.java:43)
)

04-12-2024T08:29:29 - [TEST_STEP][PASSED] - a = replaceAll("\s+", "").toDouble(): null

04-12-2024T08:29:29 - [TEST_STEP][PASSED] - b = replaceAll("\s+", "").toDouble(): null

04-12-2024T08:29:29 - [TEST_STEP][PASSED] - Script1710234207206.WriteToExcel(todaysDate, run, vir, block, typeOfData, viruchka, vidget, nameOfBlock, a, b, dZO): null

04-12-2024T08:29:29 - [TEST_STEP][PASSED] - println(run): null

04-12-2024T08:29:29 - [TEST_STEP][PASSED] - if (run == 1): null

04-12-2024T08:29:29 - [TEST_STEP][PASSED] - else if (run == 2): null

04-12-2024T08:29:29 - [TEST_STEP][PASSED] - typeOfData = "Проценты": null

04-12-2024T08:29:29 - [TEST_STEP][PASSED] - println("todaysDate:" + todaysDate): null

04-12-2024T08:29:29 - [TEST_STEP][PASSED] - println("typeOfData:" + typeOfData): null

04-12-2024T08:29:29 - [TEST_STEP][PASSED] - viruchka = getText(findTestObject("Выручка в рублях/Фильтр Выручка" + nameOfBlock)): Text of object 'Object Repository/Выручка в рублях/Фильтр Выручка Выручка' is: 'Все'

04-12-2024T08:29:30 - [MESSAGE][PASSED] - Text of object 'Object Repository/Выручка в рублях/Фильтр Выручка Выручка' is: 'Все'

04-12-2024T08:29:30 - [TEST_STEP][PASSED] - println("viruchka" + viruchka): null

04-12-2024T08:29:30 - [TEST_STEP][PASSED] - println("vidget" + vidget): null

04-12-2024T08:29:30 - [TEST_STEP][PASSED] - println("a" + a): null

04-12-2024T08:29:30 - [TEST_STEP][PASSED] - println("b" + b): null

04-12-2024T08:29:30 - [TEST_STEP][PASSED] - sheetName = "Sheet1": null

04-12-2024T08:29:30 - [TEST_STEP][PASSED] - data = findTestData("PlanFact"): null

04-12-2024T08:29:30 - [TEST_STEP][PASSED] - n = data.getRowNumbers() + 1: null

04-12-2024T08:29:30 - [TEST_STEP][PASSED] - period = getText(findTestObject("Выручка в рублях/Фильтр Период")): Text of object 'Object Repository/Выручка в рублях/Фильтр Период' is: 'Октябрь и 1, 2, 3 кв. 2024 года'

04-12-2024T08:29:30 - [MESSAGE][PASSED] - Text of object 'Object Repository/Выручка в рублях/Фильтр Период' is: 'Октябрь и 1, 2, 3 кв. 2024 года'

04-12-2024T08:29:30 - [TEST_STEP][PASSED] - println(period): null

04-12-2024T08:29:30 - [TEST_STEP][PASSED] - dashboardName = "Выручка в рублях": null

04-12-2024T08:29:30 - [TEST_STEP][PASSED] - workbook01 = getWorkbook(excelFilePath): null

04-12-2024T08:29:30 - [TEST_STEP][PASSED] - sheet01 = getExcelSheet(workbook01, sheetName): null

04-12-2024T08:29:30 - [TEST_STEP][PASSED] - setValueToCellByIndex(sheet01, n, 0, dashboardName): null

04-12-2024T08:29:30 - [TEST_STEP][PASSED] - setValueToCellByIndex(sheet01, n, 1, dZO): null

04-12-2024T08:29:30 - [TEST_STEP][PASSED] - setValueToCellByIndex(sheet01, n, 2, vidget): null

04-12-2024T08:29:30 - [TEST_STEP][PASSED] - setValueToCellByIndex(sheet01, n, 3, viruchka): null

04-12-2024T08:29:30 - [TEST_STEP][PASSED] - setValueToCellByIndex(sheet01, n, 4, typeOfData): null

04-12-2024T08:29:30 - [TEST_STEP][PASSED] - if (a == null): null

04-12-2024T08:29:30 - [TEST_STEP][PASSED] - else: null

04-12-2024T08:29:30 - [TEST_STEP][PASSED] - setValueToCellByIndex(sheet01, n, 5, a): null

04-12-2024T08:29:30 - [TEST_STEP][PASSED] - if (b == null): null

04-12-2024T08:29:30 - [TEST_STEP][PASSED] - else: null

04-12-2024T08:29:30 - [TEST_STEP][PASSED] - setValueToCellByIndex(sheet01, n, 6, b): null

04-12-2024T08:29:30 - [TEST_STEP][PASSED] - setValueToCellByIndex(sheet01, n, 7, period): null

04-12-2024T08:29:30 - [TEST_STEP][PASSED] - setValueToCellByIndex(sheet01, n, 8, todaysDate): null

04-12-2024T08:29:30 - [TEST_STEP][PASSED] - n = n + 1: null

04-12-2024T08:29:30 - [TEST_STEP][PASSED] - saveWorkbook(excelFilePath, workbook01): null

04-12-2024T08:29:30 - [TEST_STEP][PASSED] - dZO = "Россети Волга": null

04-12-2024T08:29:30 - [TEST_STEP][FAILED] - if (verifyEqual(a33, b33) == false): null

04-12-2024T08:29:30 - [MESSAGE][FAILED] - Unable to verify equal between actual object '-49.88' and expected object '0.24' (Root cause: com.kms.katalon.core.exception.StepFailedException: Actual object '-49.88' and expected object '0.24' are not equal
	at com.kms.katalon.core.keyword.builtin.VerifyEqualKeyword$_verifyEqual_closure1.doCall(VerifyEqualKeyword.groovy:58)
	at com.kms.katalon.core.keyword.builtin.VerifyEqualKeyword$_verifyEqual_closure1.call(VerifyEqualKeyword.groovy)
	at com.kms.katalon.core.keyword.internal.KeywordMain.runKeyword(KeywordMain.groovy:75)
	at com.kms.katalon.core.keyword.builtin.VerifyEqualKeyword.verifyEqual(VerifyEqualKeyword.groovy:63)
	at com.kms.katalon.core.keyword.builtin.VerifyEqualKeyword.execute(VerifyEqualKeyword.groovy:44)
	at com.kms.katalon.core.keyword.internal.KeywordExecutor.executeKeywordForPlatform(KeywordExecutor.groovy:74)
	at com.kms.katalon.core.keyword.BuiltinKeywords.verifyEqual(BuiltinKeywords.groovy:146)
	at jdk.internal.reflect.GeneratedMethodAccessor25.invoke(Unknown Source)
	at java.base/jdk.internal.reflect.DelegatingMethodAccessorImpl.invoke(DelegatingMethodAccessorImpl.java:43)
	at Выручка в рублях сверка дашбордов ПАО Россети.Blocks(Выручка в рублях сверка дашбордов ПАО Россети:387)
	at Выручка в рублях сверка дашбордов ПАО Россети.ViruchkaChange(Выручка в рублях сверка дашбордов ПАО Россети:60)
	at Выручка в рублях сверка дашбордов ПАО Россети.run(Выручка в рублях сверка дашбордов ПАО Россети:55)
	at com.kms.katalon.core.main.ScriptEngine.run(ScriptEngine.java:194)
	at com.kms.katalon.core.main.ScriptEngine.runScriptAsRawText(ScriptEngine.java:119)
	at com.kms.katalon.core.main.TestCaseExecutor.runScript(TestCaseExecutor.java:448)
	at com.kms.katalon.core.main.TestCaseExecutor.doExecute(TestCaseExecutor.java:439)
	at com.kms.katalon.core.main.TestCaseExecutor.processExecutionPhase(TestCaseExecutor.java:418)
	at com.kms.katalon.core.main.TestCaseExecutor.accessMainPhase(TestCaseExecutor.java:410)
	at com.kms.katalon.core.main.TestCaseExecutor.execute(TestCaseExecutor.java:285)
	at com.kms.katalon.core.common.CommonExecutor.accessTestCaseMainPhase(CommonExecutor.java:65)
	at com.kms.katalon.core.main.TestSuiteExecutor.accessTestSuiteMainPhase(TestSuiteExecutor.java:150)
	at com.kms.katalon.core.main.TestSuiteExecutor.execute(TestSuiteExecutor.java:106)
	at com.kms.katalon.core.main.TestCaseMain.startTestSuite(TestCaseMain.java:180)
	at TempTestSuite1733285972582.run(TempTestSuite1733285972582.groovy:35)
	at java.base/jdk.internal.reflect.NativeMethodAccessorImpl.invoke0(Native Method)
	at java.base/jdk.internal.reflect.NativeMethodAccessorImpl.invoke(NativeMethodAccessorImpl.java:77)
	at java.base/jdk.internal.reflect.DelegatingMethodAccessorImpl.invoke(DelegatingMethodAccessorImpl.java:43)
)

04-12-2024T08:29:30 - [TEST_STEP][PASSED] - a = replaceAll("\s+", "").toDouble(): null

04-12-2024T08:29:30 - [TEST_STEP][PASSED] - b = replaceAll("\s+", "").toDouble(): null

04-12-2024T08:29:30 - [TEST_STEP][PASSED] - Script1710234207206.WriteToExcel(todaysDate, run, vir, block, typeOfData, viruchka, vidget, nameOfBlock, a, b, dZO): null

04-12-2024T08:29:30 - [TEST_STEP][PASSED] - println(run): null

04-12-2024T08:29:30 - [TEST_STEP][PASSED] - if (run == 1): null

04-12-2024T08:29:30 - [TEST_STEP][PASSED] - else if (run == 2): null

04-12-2024T08:29:30 - [TEST_STEP][PASSED] - typeOfData = "Проценты": null

04-12-2024T08:29:30 - [TEST_STEP][PASSED] - println("todaysDate:" + todaysDate): null

04-12-2024T08:29:30 - [TEST_STEP][PASSED] - println("typeOfData:" + typeOfData): null

04-12-2024T08:29:30 - [TEST_STEP][PASSED] - viruchka = getText(findTestObject("Выручка в рублях/Фильтр Выручка" + nameOfBlock)): Text of object 'Object Repository/Выручка в рублях/Фильтр Выручка Выручка' is: 'Все'

04-12-2024T08:29:31 - [MESSAGE][PASSED] - Text of object 'Object Repository/Выручка в рублях/Фильтр Выручка Выручка' is: 'Все'

04-12-2024T08:29:31 - [TEST_STEP][PASSED] - println("viruchka" + viruchka): null

04-12-2024T08:29:31 - [TEST_STEP][PASSED] - println("vidget" + vidget): null

04-12-2024T08:29:31 - [TEST_STEP][PASSED] - println("a" + a): null

04-12-2024T08:29:31 - [TEST_STEP][PASSED] - println("b" + b): null

04-12-2024T08:29:31 - [TEST_STEP][PASSED] - sheetName = "Sheet1": null

04-12-2024T08:29:31 - [TEST_STEP][PASSED] - data = findTestData("PlanFact"): null

04-12-2024T08:29:31 - [TEST_STEP][PASSED] - n = data.getRowNumbers() + 1: null

04-12-2024T08:29:31 - [TEST_STEP][PASSED] - period = getText(findTestObject("Выручка в рублях/Фильтр Период")): Text of object 'Object Repository/Выручка в рублях/Фильтр Период' is: 'Октябрь и 1, 2, 3 кв. 2024 года'

04-12-2024T08:29:31 - [MESSAGE][PASSED] - Text of object 'Object Repository/Выручка в рублях/Фильтр Период' is: 'Октябрь и 1, 2, 3 кв. 2024 года'

04-12-2024T08:29:31 - [TEST_STEP][PASSED] - println(period): null

04-12-2024T08:29:31 - [TEST_STEP][PASSED] - dashboardName = "Выручка в рублях": null

04-12-2024T08:29:31 - [TEST_STEP][PASSED] - workbook01 = getWorkbook(excelFilePath): null

04-12-2024T08:29:31 - [TEST_STEP][PASSED] - sheet01 = getExcelSheet(workbook01, sheetName): null

04-12-2024T08:29:31 - [TEST_STEP][PASSED] - setValueToCellByIndex(sheet01, n, 0, dashboardName): null

04-12-2024T08:29:31 - [TEST_STEP][PASSED] - setValueToCellByIndex(sheet01, n, 1, dZO): null

04-12-2024T08:29:31 - [TEST_STEP][PASSED] - setValueToCellByIndex(sheet01, n, 2, vidget): null

04-12-2024T08:29:31 - [TEST_STEP][PASSED] - setValueToCellByIndex(sheet01, n, 3, viruchka): null

04-12-2024T08:29:31 - [TEST_STEP][PASSED] - setValueToCellByIndex(sheet01, n, 4, typeOfData): null

04-12-2024T08:29:31 - [TEST_STEP][PASSED] - if (a == null): null

04-12-2024T08:29:31 - [TEST_STEP][PASSED] - else: null

04-12-2024T08:29:31 - [TEST_STEP][PASSED] - setValueToCellByIndex(sheet01, n, 5, a): null

04-12-2024T08:29:31 - [TEST_STEP][PASSED] - if (b == null): null

04-12-2024T08:29:31 - [TEST_STEP][PASSED] - else: null

04-12-2024T08:29:31 - [TEST_STEP][PASSED] - setValueToCellByIndex(sheet01, n, 6, b): null

04-12-2024T08:29:31 - [TEST_STEP][PASSED] - setValueToCellByIndex(sheet01, n, 7, period): null

04-12-2024T08:29:31 - [TEST_STEP][PASSED] - setValueToCellByIndex(sheet01, n, 8, todaysDate): null

04-12-2024T08:29:31 - [TEST_STEP][PASSED] - n = n + 1: null

04-12-2024T08:29:31 - [TEST_STEP][PASSED] - saveWorkbook(excelFilePath, workbook01): null

04-12-2024T08:29:31 - [TEST_STEP][PASSED] - dZO = "Россети Кубань": null

04-12-2024T08:29:31 - [TEST_STEP][FAILED] - if (verifyEqual(a34, b34) == false): null

04-12-2024T08:29:31 - [MESSAGE][FAILED] - Unable to verify equal between actual object '-46.84' and expected object '6.32' (Root cause: com.kms.katalon.core.exception.StepFailedException: Actual object '-46.84' and expected object '6.32' are not equal
	at com.kms.katalon.core.keyword.builtin.VerifyEqualKeyword$_verifyEqual_closure1.doCall(VerifyEqualKeyword.groovy:58)
	at com.kms.katalon.core.keyword.builtin.VerifyEqualKeyword$_verifyEqual_closure1.call(VerifyEqualKeyword.groovy)
	at com.kms.katalon.core.keyword.internal.KeywordMain.runKeyword(KeywordMain.groovy:75)
	at com.kms.katalon.core.keyword.builtin.VerifyEqualKeyword.verifyEqual(VerifyEqualKeyword.groovy:63)
	at com.kms.katalon.core.keyword.builtin.VerifyEqualKeyword.execute(VerifyEqualKeyword.groovy:44)
	at com.kms.katalon.core.keyword.internal.KeywordExecutor.executeKeywordForPlatform(KeywordExecutor.groovy:74)
	at com.kms.katalon.core.keyword.BuiltinKeywords.verifyEqual(BuiltinKeywords.groovy:146)
	at jdk.internal.reflect.GeneratedMethodAccessor25.invoke(Unknown Source)
	at java.base/jdk.internal.reflect.DelegatingMethodAccessorImpl.invoke(DelegatingMethodAccessorImpl.java:43)
	at Выручка в рублях сверка дашбордов ПАО Россети.Blocks(Выручка в рублях сверка дашбордов ПАО Россети:397)
	at Выручка в рублях сверка дашбордов ПАО Россети.ViruchkaChange(Выручка в рублях сверка дашбордов ПАО Россети:60)
	at Выручка в рублях сверка дашбордов ПАО Россети.run(Выручка в рублях сверка дашбордов ПАО Россети:55)
	at com.kms.katalon.core.main.ScriptEngine.run(ScriptEngine.java:194)
	at com.kms.katalon.core.main.ScriptEngine.runScriptAsRawText(ScriptEngine.java:119)
	at com.kms.katalon.core.main.TestCaseExecutor.runScript(TestCaseExecutor.java:448)
	at com.kms.katalon.core.main.TestCaseExecutor.doExecute(TestCaseExecutor.java:439)
	at com.kms.katalon.core.main.TestCaseExecutor.processExecutionPhase(TestCaseExecutor.java:418)
	at com.kms.katalon.core.main.TestCaseExecutor.accessMainPhase(TestCaseExecutor.java:410)
	at com.kms.katalon.core.main.TestCaseExecutor.execute(TestCaseExecutor.java:285)
	at com.kms.katalon.core.common.CommonExecutor.accessTestCaseMainPhase(CommonExecutor.java:65)
	at com.kms.katalon.core.main.TestSuiteExecutor.accessTestSuiteMainPhase(TestSuiteExecutor.java:150)
	at com.kms.katalon.core.main.TestSuiteExecutor.execute(TestSuiteExecutor.java:106)
	at com.kms.katalon.core.main.TestCaseMain.startTestSuite(TestCaseMain.java:180)
	at TempTestSuite1733285972582.run(TempTestSuite1733285972582.groovy:35)
	at java.base/jdk.internal.reflect.NativeMethodAccessorImpl.invoke0(Native Method)
	at java.base/jdk.internal.reflect.NativeMethodAccessorImpl.invoke(NativeMethodAccessorImpl.java:77)
	at java.base/jdk.internal.reflect.DelegatingMethodAccessorImpl.invoke(DelegatingMethodAccessorImpl.java:43)
)

04-12-2024T08:29:31 - [TEST_STEP][PASSED] - a = replaceAll("\s+", "").toDouble(): null

04-12-2024T08:29:31 - [TEST_STEP][PASSED] - b = replaceAll("\s+", "").toDouble(): null

04-12-2024T08:29:31 - [TEST_STEP][PASSED] - Script1710234207206.WriteToExcel(todaysDate, run, vir, block, typeOfData, viruchka, vidget, nameOfBlock, a, b, dZO): null

04-12-2024T08:29:31 - [TEST_STEP][PASSED] - println(run): null

04-12-2024T08:29:31 - [TEST_STEP][PASSED] - if (run == 1): null

04-12-2024T08:29:31 - [TEST_STEP][PASSED] - else if (run == 2): null

04-12-2024T08:29:31 - [TEST_STEP][PASSED] - typeOfData = "Проценты": null

04-12-2024T08:29:31 - [TEST_STEP][PASSED] - println("todaysDate:" + todaysDate): null

04-12-2024T08:29:31 - [TEST_STEP][PASSED] - println("typeOfData:" + typeOfData): null

04-12-2024T08:29:31 - [TEST_STEP][PASSED] - viruchka = getText(findTestObject("Выручка в рублях/Фильтр Выручка" + nameOfBlock)): Text of object 'Object Repository/Выручка в рублях/Фильтр Выручка Выручка' is: 'Все'

04-12-2024T08:29:32 - [MESSAGE][PASSED] - Text of object 'Object Repository/Выручка в рублях/Фильтр Выручка Выручка' is: 'Все'

04-12-2024T08:29:32 - [TEST_STEP][PASSED] - println("viruchka" + viruchka): null

04-12-2024T08:29:32 - [TEST_STEP][PASSED] - println("vidget" + vidget): null

04-12-2024T08:29:32 - [TEST_STEP][PASSED] - println("a" + a): null

04-12-2024T08:29:32 - [TEST_STEP][PASSED] - println("b" + b): null

04-12-2024T08:29:32 - [TEST_STEP][PASSED] - sheetName = "Sheet1": null

04-12-2024T08:29:32 - [TEST_STEP][PASSED] - data = findTestData("PlanFact"): null

04-12-2024T08:29:32 - [TEST_STEP][PASSED] - n = data.getRowNumbers() + 1: null

04-12-2024T08:29:32 - [TEST_STEP][PASSED] - period = getText(findTestObject("Выручка в рублях/Фильтр Период")): Text of object 'Object Repository/Выручка в рублях/Фильтр Период' is: 'Октябрь и 1, 2, 3 кв. 2024 года'

04-12-2024T08:29:32 - [MESSAGE][PASSED] - Text of object 'Object Repository/Выручка в рублях/Фильтр Период' is: 'Октябрь и 1, 2, 3 кв. 2024 года'

04-12-2024T08:29:32 - [TEST_STEP][PASSED] - println(period): null

04-12-2024T08:29:32 - [TEST_STEP][PASSED] - dashboardName = "Выручка в рублях": null

04-12-2024T08:29:32 - [TEST_STEP][PASSED] - workbook01 = getWorkbook(excelFilePath): null

04-12-2024T08:29:32 - [TEST_STEP][PASSED] - sheet01 = getExcelSheet(workbook01, sheetName): null

04-12-2024T08:29:32 - [TEST_STEP][PASSED] - setValueToCellByIndex(sheet01, n, 0, dashboardName): null

04-12-2024T08:29:32 - [TEST_STEP][PASSED] - setValueToCellByIndex(sheet01, n, 1, dZO): null

04-12-2024T08:29:32 - [TEST_STEP][PASSED] - setValueToCellByIndex(sheet01, n, 2, vidget): null

04-12-2024T08:29:32 - [TEST_STEP][PASSED] - setValueToCellByIndex(sheet01, n, 3, viruchka): null

04-12-2024T08:29:32 - [TEST_STEP][PASSED] - setValueToCellByIndex(sheet01, n, 4, typeOfData): null

04-12-2024T08:29:32 - [TEST_STEP][PASSED] - if (a == null): null

04-12-2024T08:29:32 - [TEST_STEP][PASSED] - else: null

04-12-2024T08:29:32 - [TEST_STEP][PASSED] - setValueToCellByIndex(sheet01, n, 5, a): null

04-12-2024T08:29:32 - [TEST_STEP][PASSED] - if (b == null): null

04-12-2024T08:29:32 - [TEST_STEP][PASSED] - else: null

04-12-2024T08:29:32 - [TEST_STEP][PASSED] - setValueToCellByIndex(sheet01, n, 6, b): null

04-12-2024T08:29:32 - [TEST_STEP][PASSED] - setValueToCellByIndex(sheet01, n, 7, period): null

04-12-2024T08:29:32 - [TEST_STEP][PASSED] - setValueToCellByIndex(sheet01, n, 8, todaysDate): null

04-12-2024T08:29:32 - [TEST_STEP][PASSED] - n = n + 1: null

04-12-2024T08:29:32 - [TEST_STEP][PASSED] - saveWorkbook(excelFilePath, workbook01): null

04-12-2024T08:29:32 - [TEST_STEP][PASSED] - dZO = "Россети Ленэнерго (ГК)": null

04-12-2024T08:29:32 - [TEST_STEP][FAILED] - if (verifyEqual(a35, b35) == false): null

04-12-2024T08:29:32 - [MESSAGE][FAILED] - Unable to verify equal between actual object '-47.31' and expected object '5.38' (Root cause: com.kms.katalon.core.exception.StepFailedException: Actual object '-47.31' and expected object '5.38' are not equal
	at com.kms.katalon.core.keyword.builtin.VerifyEqualKeyword$_verifyEqual_closure1.doCall(VerifyEqualKeyword.groovy:58)
	at com.kms.katalon.core.keyword.builtin.VerifyEqualKeyword$_verifyEqual_closure1.call(VerifyEqualKeyword.groovy)
	at com.kms.katalon.core.keyword.internal.KeywordMain.runKeyword(KeywordMain.groovy:75)
	at com.kms.katalon.core.keyword.builtin.VerifyEqualKeyword.verifyEqual(VerifyEqualKeyword.groovy:63)
	at com.kms.katalon.core.keyword.builtin.VerifyEqualKeyword.execute(VerifyEqualKeyword.groovy:44)
	at com.kms.katalon.core.keyword.internal.KeywordExecutor.executeKeywordForPlatform(KeywordExecutor.groovy:74)
	at com.kms.katalon.core.keyword.BuiltinKeywords.verifyEqual(BuiltinKeywords.groovy:146)
	at jdk.internal.reflect.GeneratedMethodAccessor25.invoke(Unknown Source)
	at java.base/jdk.internal.reflect.DelegatingMethodAccessorImpl.invoke(DelegatingMethodAccessorImpl.java:43)
	at Выручка в рублях сверка дашбордов ПАО Россети.Blocks(Выручка в рублях сверка дашбордов ПАО Россети:407)
	at Выручка в рублях сверка дашбордов ПАО Россети.ViruchkaChange(Выручка в рублях сверка дашбордов ПАО Россети:60)
	at Выручка в рублях сверка дашбордов ПАО Россети.run(Выручка в рублях сверка дашбордов ПАО Россети:55)
	at com.kms.katalon.core.main.ScriptEngine.run(ScriptEngine.java:194)
	at com.kms.katalon.core.main.ScriptEngine.runScriptAsRawText(ScriptEngine.java:119)
	at com.kms.katalon.core.main.TestCaseExecutor.runScript(TestCaseExecutor.java:448)
	at com.kms.katalon.core.main.TestCaseExecutor.doExecute(TestCaseExecutor.java:439)
	at com.kms.katalon.core.main.TestCaseExecutor.processExecutionPhase(TestCaseExecutor.java:418)
	at com.kms.katalon.core.main.TestCaseExecutor.accessMainPhase(TestCaseExecutor.java:410)
	at com.kms.katalon.core.main.TestCaseExecutor.execute(TestCaseExecutor.java:285)
	at com.kms.katalon.core.common.CommonExecutor.accessTestCaseMainPhase(CommonExecutor.java:65)
	at com.kms.katalon.core.main.TestSuiteExecutor.accessTestSuiteMainPhase(TestSuiteExecutor.java:150)
	at com.kms.katalon.core.main.TestSuiteExecutor.execute(TestSuiteExecutor.java:106)
	at com.kms.katalon.core.main.TestCaseMain.startTestSuite(TestCaseMain.java:180)
	at TempTestSuite1733285972582.run(TempTestSuite1733285972582.groovy:35)
	at java.base/jdk.internal.reflect.NativeMethodAccessorImpl.invoke0(Native Method)
	at java.base/jdk.internal.reflect.NativeMethodAccessorImpl.invoke(NativeMethodAccessorImpl.java:77)
	at java.base/jdk.internal.reflect.DelegatingMethodAccessorImpl.invoke(DelegatingMethodAccessorImpl.java:43)
)

04-12-2024T08:29:32 - [TEST_STEP][PASSED] - a = replaceAll("\s+", "").toDouble(): null

04-12-2024T08:29:32 - [TEST_STEP][PASSED] - b = replaceAll("\s+", "").toDouble(): null

04-12-2024T08:29:32 - [TEST_STEP][PASSED] - Script1710234207206.WriteToExcel(todaysDate, run, vir, block, typeOfData, viruchka, vidget, nameOfBlock, a, b, dZO): null

04-12-2024T08:29:32 - [TEST_STEP][PASSED] - println(run): null

04-12-2024T08:29:32 - [TEST_STEP][PASSED] - if (run == 1): null

04-12-2024T08:29:32 - [TEST_STEP][PASSED] - else if (run == 2): null

04-12-2024T08:29:32 - [TEST_STEP][PASSED] - typeOfData = "Проценты": null

04-12-2024T08:29:32 - [TEST_STEP][PASSED] - println("todaysDate:" + todaysDate): null

04-12-2024T08:29:32 - [TEST_STEP][PASSED] - println("typeOfData:" + typeOfData): null

04-12-2024T08:29:32 - [TEST_STEP][PASSED] - viruchka = getText(findTestObject("Выручка в рублях/Фильтр Выручка" + nameOfBlock)): Text of object 'Object Repository/Выручка в рублях/Фильтр Выручка Выручка' is: 'Все'

04-12-2024T08:29:33 - [MESSAGE][PASSED] - Text of object 'Object Repository/Выручка в рублях/Фильтр Выручка Выручка' is: 'Все'

04-12-2024T08:29:33 - [TEST_STEP][PASSED] - println("viruchka" + viruchka): null

04-12-2024T08:29:33 - [TEST_STEP][PASSED] - println("vidget" + vidget): null

04-12-2024T08:29:33 - [TEST_STEP][PASSED] - println("a" + a): null

04-12-2024T08:29:33 - [TEST_STEP][PASSED] - println("b" + b): null

04-12-2024T08:29:33 - [TEST_STEP][PASSED] - sheetName = "Sheet1": null

04-12-2024T08:29:33 - [TEST_STEP][PASSED] - data = findTestData("PlanFact"): null

04-12-2024T08:29:33 - [TEST_STEP][PASSED] - n = data.getRowNumbers() + 1: null

04-12-2024T08:29:33 - [TEST_STEP][PASSED] - period = getText(findTestObject("Выручка в рублях/Фильтр Период")): Text of object 'Object Repository/Выручка в рублях/Фильтр Период' is: 'Октябрь и 1, 2, 3 кв. 2024 года'

04-12-2024T08:29:33 - [MESSAGE][PASSED] - Text of object 'Object Repository/Выручка в рублях/Фильтр Период' is: 'Октябрь и 1, 2, 3 кв. 2024 года'

04-12-2024T08:29:33 - [TEST_STEP][PASSED] - println(period): null

04-12-2024T08:29:33 - [TEST_STEP][PASSED] - dashboardName = "Выручка в рублях": null

04-12-2024T08:29:33 - [TEST_STEP][PASSED] - workbook01 = getWorkbook(excelFilePath): null

04-12-2024T08:29:33 - [TEST_STEP][PASSED] - sheet01 = getExcelSheet(workbook01, sheetName): null

04-12-2024T08:29:33 - [TEST_STEP][PASSED] - setValueToCellByIndex(sheet01, n, 0, dashboardName): null

04-12-2024T08:29:33 - [TEST_STEP][PASSED] - setValueToCellByIndex(sheet01, n, 1, dZO): null

04-12-2024T08:29:33 - [TEST_STEP][PASSED] - setValueToCellByIndex(sheet01, n, 2, vidget): null

04-12-2024T08:29:33 - [TEST_STEP][PASSED] - setValueToCellByIndex(sheet01, n, 3, viruchka): null

04-12-2024T08:29:33 - [TEST_STEP][PASSED] - setValueToCellByIndex(sheet01, n, 4, typeOfData): null

04-12-2024T08:29:33 - [TEST_STEP][PASSED] - if (a == null): null

04-12-2024T08:29:33 - [TEST_STEP][PASSED] - else: null

04-12-2024T08:29:33 - [TEST_STEP][PASSED] - setValueToCellByIndex(sheet01, n, 5, a): null

04-12-2024T08:29:33 - [TEST_STEP][PASSED] - if (b == null): null

04-12-2024T08:29:33 - [TEST_STEP][PASSED] - else: null

04-12-2024T08:29:33 - [TEST_STEP][PASSED] - setValueToCellByIndex(sheet01, n, 6, b): null

04-12-2024T08:29:33 - [TEST_STEP][PASSED] - setValueToCellByIndex(sheet01, n, 7, period): null

04-12-2024T08:29:33 - [TEST_STEP][PASSED] - setValueToCellByIndex(sheet01, n, 8, todaysDate): null

04-12-2024T08:29:33 - [TEST_STEP][PASSED] - n = n + 1: null

04-12-2024T08:29:33 - [TEST_STEP][PASSED] - saveWorkbook(excelFilePath, workbook01): null

04-12-2024T08:29:33 - [TEST_STEP][PASSED] - dZO = "Россети Московский регион": null

04-12-2024T08:29:33 - [TEST_STEP][PASSED] - if (verifyEqual(a36, b36) == false): Actual object '4.39' and expected object '4.39' are equal

04-12-2024T08:29:33 - [MESSAGE][PASSED] - Actual object '4.39' and expected object '4.39' are equal

04-12-2024T08:29:33 - [TEST_STEP][PASSED] - dZO = "Россети Северный Кавказ (ГК)": null

04-12-2024T08:29:33 - [TEST_STEP][FAILED] - if (verifyEqual(a37, b37) == false): null

04-12-2024T08:29:33 - [MESSAGE][FAILED] - Unable to verify equal between actual object '-48.99' and expected object '3.42' (Root cause: com.kms.katalon.core.exception.StepFailedException: Actual object '-48.99' and expected object '3.42' are not equal
	at com.kms.katalon.core.keyword.builtin.VerifyEqualKeyword$_verifyEqual_closure1.doCall(VerifyEqualKeyword.groovy:58)
	at com.kms.katalon.core.keyword.builtin.VerifyEqualKeyword$_verifyEqual_closure1.call(VerifyEqualKeyword.groovy)
	at com.kms.katalon.core.keyword.internal.KeywordMain.runKeyword(KeywordMain.groovy:75)
	at com.kms.katalon.core.keyword.builtin.VerifyEqualKeyword.verifyEqual(VerifyEqualKeyword.groovy:63)
	at com.kms.katalon.core.keyword.builtin.VerifyEqualKeyword.execute(VerifyEqualKeyword.groovy:44)
	at com.kms.katalon.core.keyword.internal.KeywordExecutor.executeKeywordForPlatform(KeywordExecutor.groovy:74)
	at com.kms.katalon.core.keyword.BuiltinKeywords.verifyEqual(BuiltinKeywords.groovy:146)
	at jdk.internal.reflect.GeneratedMethodAccessor25.invoke(Unknown Source)
	at java.base/jdk.internal.reflect.DelegatingMethodAccessorImpl.invoke(DelegatingMethodAccessorImpl.java:43)
	at Выручка в рублях сверка дашбордов ПАО Россети.Blocks(Выручка в рублях сверка дашбордов ПАО Россети:427)
	at Выручка в рублях сверка дашбордов ПАО Россети.ViruchkaChange(Выручка в рублях сверка дашбордов ПАО Россети:60)
	at Выручка в рублях сверка дашбордов ПАО Россети.run(Выручка в рублях сверка дашбордов ПАО Россети:55)
	at com.kms.katalon.core.main.ScriptEngine.run(ScriptEngine.java:194)
	at com.kms.katalon.core.main.ScriptEngine.runScriptAsRawText(ScriptEngine.java:119)
	at com.kms.katalon.core.main.TestCaseExecutor.runScript(TestCaseExecutor.java:448)
	at com.kms.katalon.core.main.TestCaseExecutor.doExecute(TestCaseExecutor.java:439)
	at com.kms.katalon.core.main.TestCaseExecutor.processExecutionPhase(TestCaseExecutor.java:418)
	at com.kms.katalon.core.main.TestCaseExecutor.accessMainPhase(TestCaseExecutor.java:410)
	at com.kms.katalon.core.main.TestCaseExecutor.execute(TestCaseExecutor.java:285)
	at com.kms.katalon.core.common.CommonExecutor.accessTestCaseMainPhase(CommonExecutor.java:65)
	at com.kms.katalon.core.main.TestSuiteExecutor.accessTestSuiteMainPhase(TestSuiteExecutor.java:150)
	at com.kms.katalon.core.main.TestSuiteExecutor.execute(TestSuiteExecutor.java:106)
	at com.kms.katalon.core.main.TestCaseMain.startTestSuite(TestCaseMain.java:180)
	at TempTestSuite1733285972582.run(TempTestSuite1733285972582.groovy:35)
	at java.base/jdk.internal.reflect.NativeMethodAccessorImpl.invoke0(Native Method)
	at java.base/jdk.internal.reflect.NativeMethodAccessorImpl.invoke(NativeMethodAccessorImpl.java:77)
	at java.base/jdk.internal.reflect.DelegatingMethodAccessorImpl.invoke(DelegatingMethodAccessorImpl.java:43)
)

04-12-2024T08:29:33 - [TEST_STEP][PASSED] - a = replaceAll("\s+", "").toDouble(): null

04-12-2024T08:29:33 - [TEST_STEP][PASSED] - b = replaceAll("\s+", "").toDouble(): null

04-12-2024T08:29:33 - [TEST_STEP][PASSED] - Script1710234207206.WriteToExcel(todaysDate, run, vir, block, typeOfData, viruchka, vidget, nameOfBlock, a, b, dZO): null

04-12-2024T08:29:33 - [TEST_STEP][PASSED] - println(run): null

04-12-2024T08:29:33 - [TEST_STEP][PASSED] - if (run == 1): null

04-12-2024T08:29:33 - [TEST_STEP][PASSED] - else if (run == 2): null

04-12-2024T08:29:33 - [TEST_STEP][PASSED] - typeOfData = "Проценты": null

04-12-2024T08:29:33 - [TEST_STEP][PASSED] - println("todaysDate:" + todaysDate): null

04-12-2024T08:29:33 - [TEST_STEP][PASSED] - println("typeOfData:" + typeOfData): null

04-12-2024T08:29:33 - [TEST_STEP][PASSED] - viruchka = getText(findTestObject("Выручка в рублях/Фильтр Выручка" + nameOfBlock)): Text of object 'Object Repository/Выручка в рублях/Фильтр Выручка Выручка' is: 'Все'

04-12-2024T08:29:33 - [MESSAGE][PASSED] - Text of object 'Object Repository/Выручка в рублях/Фильтр Выручка Выручка' is: 'Все'

04-12-2024T08:29:33 - [TEST_STEP][PASSED] - println("viruchka" + viruchka): null

04-12-2024T08:29:33 - [TEST_STEP][PASSED] - println("vidget" + vidget): null

04-12-2024T08:29:33 - [TEST_STEP][PASSED] - println("a" + a): null

04-12-2024T08:29:33 - [TEST_STEP][PASSED] - println("b" + b): null

04-12-2024T08:29:33 - [TEST_STEP][PASSED] - sheetName = "Sheet1": null

04-12-2024T08:29:33 - [TEST_STEP][PASSED] - data = findTestData("PlanFact"): null

04-12-2024T08:29:34 - [TEST_STEP][PASSED] - n = data.getRowNumbers() + 1: null

04-12-2024T08:29:34 - [TEST_STEP][PASSED] - period = getText(findTestObject("Выручка в рублях/Фильтр Период")): Text of object 'Object Repository/Выручка в рублях/Фильтр Период' is: 'Октябрь и 1, 2, 3 кв. 2024 года'

04-12-2024T08:29:34 - [MESSAGE][PASSED] - Text of object 'Object Repository/Выручка в рублях/Фильтр Период' is: 'Октябрь и 1, 2, 3 кв. 2024 года'

04-12-2024T08:29:34 - [TEST_STEP][PASSED] - println(period): null

04-12-2024T08:29:34 - [TEST_STEP][PASSED] - dashboardName = "Выручка в рублях": null

04-12-2024T08:29:34 - [TEST_STEP][PASSED] - workbook01 = getWorkbook(excelFilePath): null

04-12-2024T08:29:34 - [TEST_STEP][PASSED] - sheet01 = getExcelSheet(workbook01, sheetName): null

04-12-2024T08:29:34 - [TEST_STEP][PASSED] - setValueToCellByIndex(sheet01, n, 0, dashboardName): null

04-12-2024T08:29:34 - [TEST_STEP][PASSED] - setValueToCellByIndex(sheet01, n, 1, dZO): null

04-12-2024T08:29:34 - [TEST_STEP][PASSED] - setValueToCellByIndex(sheet01, n, 2, vidget): null

04-12-2024T08:29:34 - [TEST_STEP][PASSED] - setValueToCellByIndex(sheet01, n, 3, viruchka): null

04-12-2024T08:29:34 - [TEST_STEP][PASSED] - setValueToCellByIndex(sheet01, n, 4, typeOfData): null

04-12-2024T08:29:34 - [TEST_STEP][PASSED] - if (a == null): null

04-12-2024T08:29:34 - [TEST_STEP][PASSED] - else: null

04-12-2024T08:29:34 - [TEST_STEP][PASSED] - setValueToCellByIndex(sheet01, n, 5, a): null

04-12-2024T08:29:34 - [TEST_STEP][PASSED] - if (b == null): null

04-12-2024T08:29:34 - [TEST_STEP][PASSED] - else: null

04-12-2024T08:29:34 - [TEST_STEP][PASSED] - setValueToCellByIndex(sheet01, n, 6, b): null

04-12-2024T08:29:34 - [TEST_STEP][PASSED] - setValueToCellByIndex(sheet01, n, 7, period): null

04-12-2024T08:29:34 - [TEST_STEP][PASSED] - setValueToCellByIndex(sheet01, n, 8, todaysDate): null

04-12-2024T08:29:34 - [TEST_STEP][PASSED] - n = n + 1: null

04-12-2024T08:29:34 - [TEST_STEP][PASSED] - saveWorkbook(excelFilePath, workbook01): null

04-12-2024T08:29:34 - [TEST_STEP][PASSED] - dZO = "Россети Северо-Запад": null

04-12-2024T08:29:34 - [TEST_STEP][PASSED] - if (verifyEqual(a38, b38) == false): Actual object '2.01' and expected object '2.01' are equal

04-12-2024T08:29:34 - [MESSAGE][PASSED] - Actual object '2.01' and expected object '2.01' are equal

04-12-2024T08:29:34 - [TEST_STEP][PASSED] - dZO = "Россети Сибирь (ГК)": null

04-12-2024T08:29:34 - [TEST_STEP][PASSED] - if (verifyEqual(a39, b39) == false): Actual object '2.23' and expected object '2.23' are equal

04-12-2024T08:29:34 - [MESSAGE][PASSED] - Actual object '2.23' and expected object '2.23' are equal

04-12-2024T08:29:34 - [TEST_STEP][PASSED] - dZO = "Россети Томск": null

04-12-2024T08:29:34 - [TEST_STEP][FAILED] - if (verifyEqual(a310, b310) == false): null

04-12-2024T08:29:34 - [MESSAGE][FAILED] - Unable to verify equal between actual object '-48.47' and expected object '3.06' (Root cause: com.kms.katalon.core.exception.StepFailedException: Actual object '-48.47' and expected object '3.06' are not equal
	at com.kms.katalon.core.keyword.builtin.VerifyEqualKeyword$_verifyEqual_closure1.doCall(VerifyEqualKeyword.groovy:58)
	at com.kms.katalon.core.keyword.builtin.VerifyEqualKeyword$_verifyEqual_closure1.call(VerifyEqualKeyword.groovy)
	at com.kms.katalon.core.keyword.internal.KeywordMain.runKeyword(KeywordMain.groovy:75)
	at com.kms.katalon.core.keyword.builtin.VerifyEqualKeyword.verifyEqual(VerifyEqualKeyword.groovy:63)
	at com.kms.katalon.core.keyword.builtin.VerifyEqualKeyword.execute(VerifyEqualKeyword.groovy:44)
	at com.kms.katalon.core.keyword.internal.KeywordExecutor.executeKeywordForPlatform(KeywordExecutor.groovy:74)
	at com.kms.katalon.core.keyword.BuiltinKeywords.verifyEqual(BuiltinKeywords.groovy:146)
	at jdk.internal.reflect.GeneratedMethodAccessor25.invoke(Unknown Source)
	at java.base/jdk.internal.reflect.DelegatingMethodAccessorImpl.invoke(DelegatingMethodAccessorImpl.java:43)
	at Выручка в рублях сверка дашбордов ПАО Россети.Blocks(Выручка в рублях сверка дашбордов ПАО Россети:457)
	at Выручка в рублях сверка дашбордов ПАО Россети.ViruchkaChange(Выручка в рублях сверка дашбордов ПАО Россети:60)
	at Выручка в рублях сверка дашбордов ПАО Россети.run(Выручка в рублях сверка дашбордов ПАО Россети:55)
	at com.kms.katalon.core.main.ScriptEngine.run(ScriptEngine.java:194)
	at com.kms.katalon.core.main.ScriptEngine.runScriptAsRawText(ScriptEngine.java:119)
	at com.kms.katalon.core.main.TestCaseExecutor.runScript(TestCaseExecutor.java:448)
	at com.kms.katalon.core.main.TestCaseExecutor.doExecute(TestCaseExecutor.java:439)
	at com.kms.katalon.core.main.TestCaseExecutor.processExecutionPhase(TestCaseExecutor.java:418)
	at com.kms.katalon.core.main.TestCaseExecutor.accessMainPhase(TestCaseExecutor.java:410)
	at com.kms.katalon.core.main.TestCaseExecutor.execute(TestCaseExecutor.java:285)
	at com.kms.katalon.core.common.CommonExecutor.accessTestCaseMainPhase(CommonExecutor.java:65)
	at com.kms.katalon.core.main.TestSuiteExecutor.accessTestSuiteMainPhase(TestSuiteExecutor.java:150)
	at com.kms.katalon.core.main.TestSuiteExecutor.execute(TestSuiteExecutor.java:106)
	at com.kms.katalon.core.main.TestCaseMain.startTestSuite(TestCaseMain.java:180)
	at TempTestSuite1733285972582.run(TempTestSuite1733285972582.groovy:35)
	at java.base/jdk.internal.reflect.NativeMethodAccessorImpl.invoke0(Native Method)
	at java.base/jdk.internal.reflect.NativeMethodAccessorImpl.invoke(NativeMethodAccessorImpl.java:77)
	at java.base/jdk.internal.reflect.DelegatingMethodAccessorImpl.invoke(DelegatingMethodAccessorImpl.java:43)
)

04-12-2024T08:29:34 - [TEST_STEP][PASSED] - a = replaceAll("\s+", "").toDouble(): null

04-12-2024T08:29:34 - [TEST_STEP][PASSED] - b = replaceAll("\s+", "").toDouble(): null

04-12-2024T08:29:34 - [TEST_STEP][PASSED] - Script1710234207206.WriteToExcel(todaysDate, run, vir, block, typeOfData, viruchka, vidget, nameOfBlock, a, b, dZO): null

04-12-2024T08:29:34 - [TEST_STEP][PASSED] - println(run): null

04-12-2024T08:29:34 - [TEST_STEP][PASSED] - if (run == 1): null

04-12-2024T08:29:34 - [TEST_STEP][PASSED] - else if (run == 2): null

04-12-2024T08:29:34 - [TEST_STEP][PASSED] - typeOfData = "Проценты": null

04-12-2024T08:29:34 - [TEST_STEP][PASSED] - println("todaysDate:" + todaysDate): null

04-12-2024T08:29:34 - [TEST_STEP][PASSED] - println("typeOfData:" + typeOfData): null

04-12-2024T08:29:34 - [TEST_STEP][PASSED] - viruchka = getText(findTestObject("Выручка в рублях/Фильтр Выручка" + nameOfBlock)): Text of object 'Object Repository/Выручка в рублях/Фильтр Выручка Выручка' is: 'Все'

04-12-2024T08:29:34 - [MESSAGE][PASSED] - Text of object 'Object Repository/Выручка в рублях/Фильтр Выручка Выручка' is: 'Все'

04-12-2024T08:29:34 - [TEST_STEP][PASSED] - println("viruchka" + viruchka): null

04-12-2024T08:29:34 - [TEST_STEP][PASSED] - println("vidget" + vidget): null

04-12-2024T08:29:34 - [TEST_STEP][PASSED] - println("a" + a): null

04-12-2024T08:29:34 - [TEST_STEP][PASSED] - println("b" + b): null

04-12-2024T08:29:34 - [TEST_STEP][PASSED] - sheetName = "Sheet1": null

04-12-2024T08:29:34 - [TEST_STEP][PASSED] - data = findTestData("PlanFact"): null

04-12-2024T08:29:35 - [TEST_STEP][PASSED] - n = data.getRowNumbers() + 1: null

04-12-2024T08:29:35 - [TEST_STEP][PASSED] - period = getText(findTestObject("Выручка в рублях/Фильтр Период")): Text of object 'Object Repository/Выручка в рублях/Фильтр Период' is: 'Октябрь и 1, 2, 3 кв. 2024 года'

04-12-2024T08:29:35 - [MESSAGE][PASSED] - Text of object 'Object Repository/Выручка в рублях/Фильтр Период' is: 'Октябрь и 1, 2, 3 кв. 2024 года'

04-12-2024T08:29:35 - [TEST_STEP][PASSED] - println(period): null

04-12-2024T08:29:35 - [TEST_STEP][PASSED] - dashboardName = "Выручка в рублях": null

04-12-2024T08:29:35 - [TEST_STEP][PASSED] - workbook01 = getWorkbook(excelFilePath): null

04-12-2024T08:29:35 - [TEST_STEP][PASSED] - sheet01 = getExcelSheet(workbook01, sheetName): null

04-12-2024T08:29:35 - [TEST_STEP][PASSED] - setValueToCellByIndex(sheet01, n, 0, dashboardName): null

04-12-2024T08:29:35 - [TEST_STEP][PASSED] - setValueToCellByIndex(sheet01, n, 1, dZO): null

04-12-2024T08:29:35 - [TEST_STEP][PASSED] - setValueToCellByIndex(sheet01, n, 2, vidget): null

04-12-2024T08:29:35 - [TEST_STEP][PASSED] - setValueToCellByIndex(sheet01, n, 3, viruchka): null

04-12-2024T08:29:35 - [TEST_STEP][PASSED] - setValueToCellByIndex(sheet01, n, 4, typeOfData): null

04-12-2024T08:29:35 - [TEST_STEP][PASSED] - if (a == null): null

04-12-2024T08:29:35 - [TEST_STEP][PASSED] - else: null

04-12-2024T08:29:35 - [TEST_STEP][PASSED] - setValueToCellByIndex(sheet01, n, 5, a): null

04-12-2024T08:29:35 - [TEST_STEP][PASSED] - if (b == null): null

04-12-2024T08:29:35 - [TEST_STEP][PASSED] - else: null

04-12-2024T08:29:35 - [TEST_STEP][PASSED] - setValueToCellByIndex(sheet01, n, 6, b): null

04-12-2024T08:29:35 - [TEST_STEP][PASSED] - setValueToCellByIndex(sheet01, n, 7, period): null

04-12-2024T08:29:35 - [TEST_STEP][PASSED] - setValueToCellByIndex(sheet01, n, 8, todaysDate): null

04-12-2024T08:29:35 - [TEST_STEP][PASSED] - n = n + 1: null

04-12-2024T08:29:35 - [TEST_STEP][PASSED] - saveWorkbook(excelFilePath, workbook01): null

04-12-2024T08:29:35 - [TEST_STEP][PASSED] - dZO = "Россети Тюмень": null

04-12-2024T08:29:35 - [TEST_STEP][FAILED] - if (verifyEqual(a311, b311) == false): null

04-12-2024T08:29:35 - [MESSAGE][FAILED] - Unable to verify equal between actual object '-53.69' and expected object '-7.39' (Root cause: com.kms.katalon.core.exception.StepFailedException: Actual object '-53.69' and expected object '-7.39' are not equal
	at com.kms.katalon.core.keyword.builtin.VerifyEqualKeyword$_verifyEqual_closure1.doCall(VerifyEqualKeyword.groovy:58)
	at com.kms.katalon.core.keyword.builtin.VerifyEqualKeyword$_verifyEqual_closure1.call(VerifyEqualKeyword.groovy)
	at com.kms.katalon.core.keyword.internal.KeywordMain.runKeyword(KeywordMain.groovy:75)
	at com.kms.katalon.core.keyword.builtin.VerifyEqualKeyword.verifyEqual(VerifyEqualKeyword.groovy:63)
	at com.kms.katalon.core.keyword.builtin.VerifyEqualKeyword.execute(VerifyEqualKeyword.groovy:44)
	at com.kms.katalon.core.keyword.internal.KeywordExecutor.executeKeywordForPlatform(KeywordExecutor.groovy:74)
	at com.kms.katalon.core.keyword.BuiltinKeywords.verifyEqual(BuiltinKeywords.groovy:146)
	at jdk.internal.reflect.GeneratedMethodAccessor25.invoke(Unknown Source)
	at java.base/jdk.internal.reflect.DelegatingMethodAccessorImpl.invoke(DelegatingMethodAccessorImpl.java:43)
	at Выручка в рублях сверка дашбордов ПАО Россети.Blocks(Выручка в рублях сверка дашбордов ПАО Россети:467)
	at Выручка в рублях сверка дашбордов ПАО Россети.ViruchkaChange(Выручка в рублях сверка дашбордов ПАО Россети:60)
	at Выручка в рублях сверка дашбордов ПАО Россети.run(Выручка в рублях сверка дашбордов ПАО Россети:55)
	at com.kms.katalon.core.main.ScriptEngine.run(ScriptEngine.java:194)
	at com.kms.katalon.core.main.ScriptEngine.runScriptAsRawText(ScriptEngine.java:119)
	at com.kms.katalon.core.main.TestCaseExecutor.runScript(TestCaseExecutor.java:448)
	at com.kms.katalon.core.main.TestCaseExecutor.doExecute(TestCaseExecutor.java:439)
	at com.kms.katalon.core.main.TestCaseExecutor.processExecutionPhase(TestCaseExecutor.java:418)
	at com.kms.katalon.core.main.TestCaseExecutor.accessMainPhase(TestCaseExecutor.java:410)
	at com.kms.katalon.core.main.TestCaseExecutor.execute(TestCaseExecutor.java:285)
	at com.kms.katalon.core.common.CommonExecutor.accessTestCaseMainPhase(CommonExecutor.java:65)
	at com.kms.katalon.core.main.TestSuiteExecutor.accessTestSuiteMainPhase(TestSuiteExecutor.java:150)
	at com.kms.katalon.core.main.TestSuiteExecutor.execute(TestSuiteExecutor.java:106)
	at com.kms.katalon.core.main.TestCaseMain.startTestSuite(TestCaseMain.java:180)
	at TempTestSuite1733285972582.run(TempTestSuite1733285972582.groovy:35)
	at java.base/jdk.internal.reflect.NativeMethodAccessorImpl.invoke0(Native Method)
	at java.base/jdk.internal.reflect.NativeMethodAccessorImpl.invoke(NativeMethodAccessorImpl.java:77)
	at java.base/jdk.internal.reflect.DelegatingMethodAccessorImpl.invoke(DelegatingMethodAccessorImpl.java:43)
)

04-12-2024T08:29:35 - [TEST_STEP][PASSED] - a = replaceAll("\s+", "").toDouble(): null

04-12-2024T08:29:35 - [TEST_STEP][PASSED] - b = replaceAll("\s+", "").toDouble(): null

04-12-2024T08:29:35 - [TEST_STEP][PASSED] - Script1710234207206.WriteToExcel(todaysDate, run, vir, block, typeOfData, viruchka, vidget, nameOfBlock, a, b, dZO): null

04-12-2024T08:29:35 - [TEST_STEP][PASSED] - println(run): null

04-12-2024T08:29:35 - [TEST_STEP][PASSED] - if (run == 1): null

04-12-2024T08:29:35 - [TEST_STEP][PASSED] - else if (run == 2): null

04-12-2024T08:29:35 - [TEST_STEP][PASSED] - typeOfData = "Проценты": null

04-12-2024T08:29:35 - [TEST_STEP][PASSED] - println("todaysDate:" + todaysDate): null

04-12-2024T08:29:35 - [TEST_STEP][PASSED] - println("typeOfData:" + typeOfData): null

04-12-2024T08:29:35 - [TEST_STEP][PASSED] - viruchka = getText(findTestObject("Выручка в рублях/Фильтр Выручка" + nameOfBlock)): Text of object 'Object Repository/Выручка в рублях/Фильтр Выручка Выручка' is: 'Все'

04-12-2024T08:29:35 - [MESSAGE][PASSED] - Text of object 'Object Repository/Выручка в рублях/Фильтр Выручка Выручка' is: 'Все'

04-12-2024T08:29:35 - [TEST_STEP][PASSED] - println("viruchka" + viruchka): null

04-12-2024T08:29:35 - [TEST_STEP][PASSED] - println("vidget" + vidget): null

04-12-2024T08:29:35 - [TEST_STEP][PASSED] - println("a" + a): null

04-12-2024T08:29:35 - [TEST_STEP][PASSED] - println("b" + b): null

04-12-2024T08:29:35 - [TEST_STEP][PASSED] - sheetName = "Sheet1": null

04-12-2024T08:29:35 - [TEST_STEP][PASSED] - data = findTestData("PlanFact"): null

04-12-2024T08:29:35 - [TEST_STEP][PASSED] - n = data.getRowNumbers() + 1: null

04-12-2024T08:29:35 - [TEST_STEP][PASSED] - period = getText(findTestObject("Выручка в рублях/Фильтр Период")): Text of object 'Object Repository/Выручка в рублях/Фильтр Период' is: 'Октябрь и 1, 2, 3 кв. 2024 года'

04-12-2024T08:29:36 - [MESSAGE][PASSED] - Text of object 'Object Repository/Выручка в рублях/Фильтр Период' is: 'Октябрь и 1, 2, 3 кв. 2024 года'

04-12-2024T08:29:36 - [TEST_STEP][PASSED] - println(period): null

04-12-2024T08:29:36 - [TEST_STEP][PASSED] - dashboardName = "Выручка в рублях": null

04-12-2024T08:29:36 - [TEST_STEP][PASSED] - workbook01 = getWorkbook(excelFilePath): null

04-12-2024T08:29:36 - [TEST_STEP][PASSED] - sheet01 = getExcelSheet(workbook01, sheetName): null

04-12-2024T08:29:36 - [TEST_STEP][PASSED] - setValueToCellByIndex(sheet01, n, 0, dashboardName): null

04-12-2024T08:29:36 - [TEST_STEP][PASSED] - setValueToCellByIndex(sheet01, n, 1, dZO): null

04-12-2024T08:29:36 - [TEST_STEP][PASSED] - setValueToCellByIndex(sheet01, n, 2, vidget): null

04-12-2024T08:29:36 - [TEST_STEP][PASSED] - setValueToCellByIndex(sheet01, n, 3, viruchka): null

04-12-2024T08:29:36 - [TEST_STEP][PASSED] - setValueToCellByIndex(sheet01, n, 4, typeOfData): null

04-12-2024T08:29:36 - [TEST_STEP][PASSED] - if (a == null): null

04-12-2024T08:29:36 - [TEST_STEP][PASSED] - else: null

04-12-2024T08:29:36 - [TEST_STEP][PASSED] - setValueToCellByIndex(sheet01, n, 5, a): null

04-12-2024T08:29:36 - [TEST_STEP][PASSED] - if (b == null): null

04-12-2024T08:29:36 - [TEST_STEP][PASSED] - else: null

04-12-2024T08:29:36 - [TEST_STEP][PASSED] - setValueToCellByIndex(sheet01, n, 6, b): null

04-12-2024T08:29:36 - [TEST_STEP][PASSED] - setValueToCellByIndex(sheet01, n, 7, period): null

04-12-2024T08:29:36 - [TEST_STEP][PASSED] - setValueToCellByIndex(sheet01, n, 8, todaysDate): null

04-12-2024T08:29:36 - [TEST_STEP][PASSED] - n = n + 1: null

04-12-2024T08:29:36 - [TEST_STEP][PASSED] - saveWorkbook(excelFilePath, workbook01): null

04-12-2024T08:29:36 - [TEST_STEP][PASSED] - dZO = "Россети Урал (ГК)": null

04-12-2024T08:29:36 - [TEST_STEP][PASSED] - if (verifyEqual(a312, b312) == false): Actual object '2.27' and expected object '2.27' are equal

04-12-2024T08:29:36 - [MESSAGE][PASSED] - Actual object '2.27' and expected object '2.27' are equal

04-12-2024T08:29:36 - [TEST_STEP][PASSED] - dZO = "Россети ФСК ЕЭС": null

04-12-2024T08:29:36 - [TEST_STEP][PASSED] - if (verifyEqual(a313, b313) == false): Actual object '-9.49' and expected object '-9.49' are equal

04-12-2024T08:29:36 - [MESSAGE][PASSED] - Actual object '-9.49' and expected object '-9.49' are equal

04-12-2024T08:29:36 - [TEST_STEP][PASSED] - dZO = "Россети Центр": null

04-12-2024T08:29:36 - [TEST_STEP][FAILED] - if (verifyEqual(a314, b314) == false): null

04-12-2024T08:29:36 - [MESSAGE][FAILED] - Unable to verify equal between actual object '-31.28' and expected object '2.55' (Root cause: com.kms.katalon.core.exception.StepFailedException: Actual object '-31.28' and expected object '2.55' are not equal
	at com.kms.katalon.core.keyword.builtin.VerifyEqualKeyword$_verifyEqual_closure1.doCall(VerifyEqualKeyword.groovy:58)
	at com.kms.katalon.core.keyword.builtin.VerifyEqualKeyword$_verifyEqual_closure1.call(VerifyEqualKeyword.groovy)
	at com.kms.katalon.core.keyword.internal.KeywordMain.runKeyword(KeywordMain.groovy:75)
	at com.kms.katalon.core.keyword.builtin.VerifyEqualKeyword.verifyEqual(VerifyEqualKeyword.groovy:63)
	at com.kms.katalon.core.keyword.builtin.VerifyEqualKeyword.execute(VerifyEqualKeyword.groovy:44)
	at com.kms.katalon.core.keyword.internal.KeywordExecutor.executeKeywordForPlatform(KeywordExecutor.groovy:74)
	at com.kms.katalon.core.keyword.BuiltinKeywords.verifyEqual(BuiltinKeywords.groovy:146)
	at jdk.internal.reflect.GeneratedMethodAccessor25.invoke(Unknown Source)
	at java.base/jdk.internal.reflect.DelegatingMethodAccessorImpl.invoke(DelegatingMethodAccessorImpl.java:43)
	at Выручка в рублях сверка дашбордов ПАО Россети.Blocks(Выручка в рублях сверка дашбордов ПАО Россети:497)
	at Выручка в рублях сверка дашбордов ПАО Россети.ViruchkaChange(Выручка в рублях сверка дашбордов ПАО Россети:60)
	at Выручка в рублях сверка дашбордов ПАО Россети.run(Выручка в рублях сверка дашбордов ПАО Россети:55)
	at com.kms.katalon.core.main.ScriptEngine.run(ScriptEngine.java:194)
	at com.kms.katalon.core.main.ScriptEngine.runScriptAsRawText(ScriptEngine.java:119)
	at com.kms.katalon.core.main.TestCaseExecutor.runScript(TestCaseExecutor.java:448)
	at com.kms.katalon.core.main.TestCaseExecutor.doExecute(TestCaseExecutor.java:439)
	at com.kms.katalon.core.main.TestCaseExecutor.processExecutionPhase(TestCaseExecutor.java:418)
	at com.kms.katalon.core.main.TestCaseExecutor.accessMainPhase(TestCaseExecutor.java:410)
	at com.kms.katalon.core.main.TestCaseExecutor.execute(TestCaseExecutor.java:285)
	at com.kms.katalon.core.common.CommonExecutor.accessTestCaseMainPhase(CommonExecutor.java:65)
	at com.kms.katalon.core.main.TestSuiteExecutor.accessTestSuiteMainPhase(TestSuiteExecutor.java:150)
	at com.kms.katalon.core.main.TestSuiteExecutor.execute(TestSuiteExecutor.java:106)
	at com.kms.katalon.core.main.TestCaseMain.startTestSuite(TestCaseMain.java:180)
	at TempTestSuite1733285972582.run(TempTestSuite1733285972582.groovy:35)
	at java.base/jdk.internal.reflect.NativeMethodAccessorImpl.invoke0(Native Method)
	at java.base/jdk.internal.reflect.NativeMethodAccessorImpl.invoke(NativeMethodAccessorImpl.java:77)
	at java.base/jdk.internal.reflect.DelegatingMethodAccessorImpl.invoke(DelegatingMethodAccessorImpl.java:43)
)

04-12-2024T08:29:36 - [TEST_STEP][PASSED] - a = replaceAll("\s+", "").toDouble(): null

04-12-2024T08:29:36 - [TEST_STEP][PASSED] - b = replaceAll("\s+", "").toDouble(): null

04-12-2024T08:29:36 - [TEST_STEP][PASSED] - Script1710234207206.WriteToExcel(todaysDate, run, vir, block, typeOfData, viruchka, vidget, nameOfBlock, a, b, dZO): null

04-12-2024T08:29:36 - [TEST_STEP][PASSED] - println(run): null

04-12-2024T08:29:36 - [TEST_STEP][PASSED] - if (run == 1): null

04-12-2024T08:29:36 - [TEST_STEP][PASSED] - else if (run == 2): null

04-12-2024T08:29:36 - [TEST_STEP][PASSED] - typeOfData = "Проценты": null

04-12-2024T08:29:36 - [TEST_STEP][PASSED] - println("todaysDate:" + todaysDate): null

04-12-2024T08:29:36 - [TEST_STEP][PASSED] - println("typeOfData:" + typeOfData): null

04-12-2024T08:29:36 - [TEST_STEP][PASSED] - viruchka = getText(findTestObject("Выручка в рублях/Фильтр Выручка" + nameOfBlock)): Text of object 'Object Repository/Выручка в рублях/Фильтр Выручка Выручка' is: 'Все'

04-12-2024T08:29:36 - [MESSAGE][PASSED] - Text of object 'Object Repository/Выручка в рублях/Фильтр Выручка Выручка' is: 'Все'

04-12-2024T08:29:36 - [TEST_STEP][PASSED] - println("viruchka" + viruchka): null

04-12-2024T08:29:36 - [TEST_STEP][PASSED] - println("vidget" + vidget): null

04-12-2024T08:29:36 - [TEST_STEP][PASSED] - println("a" + a): null

04-12-2024T08:29:36 - [TEST_STEP][PASSED] - println("b" + b): null

04-12-2024T08:29:36 - [TEST_STEP][PASSED] - sheetName = "Sheet1": null

04-12-2024T08:29:36 - [TEST_STEP][PASSED] - data = findTestData("PlanFact"): null

04-12-2024T08:29:36 - [TEST_STEP][PASSED] - n = data.getRowNumbers() + 1: null

04-12-2024T08:29:36 - [TEST_STEP][PASSED] - period = getText(findTestObject("Выручка в рублях/Фильтр Период")): Text of object 'Object Repository/Выручка в рублях/Фильтр Период' is: 'Октябрь и 1, 2, 3 кв. 2024 года'

04-12-2024T08:29:37 - [MESSAGE][PASSED] - Text of object 'Object Repository/Выручка в рублях/Фильтр Период' is: 'Октябрь и 1, 2, 3 кв. 2024 года'

04-12-2024T08:29:37 - [TEST_STEP][PASSED] - println(period): null

04-12-2024T08:29:37 - [TEST_STEP][PASSED] - dashboardName = "Выручка в рублях": null

04-12-2024T08:29:37 - [TEST_STEP][PASSED] - workbook01 = getWorkbook(excelFilePath): null

04-12-2024T08:29:37 - [TEST_STEP][PASSED] - sheet01 = getExcelSheet(workbook01, sheetName): null

04-12-2024T08:29:37 - [TEST_STEP][PASSED] - setValueToCellByIndex(sheet01, n, 0, dashboardName): null

04-12-2024T08:29:37 - [TEST_STEP][PASSED] - setValueToCellByIndex(sheet01, n, 1, dZO): null

04-12-2024T08:29:37 - [TEST_STEP][PASSED] - setValueToCellByIndex(sheet01, n, 2, vidget): null

04-12-2024T08:29:37 - [TEST_STEP][PASSED] - setValueToCellByIndex(sheet01, n, 3, viruchka): null

04-12-2024T08:29:37 - [TEST_STEP][PASSED] - setValueToCellByIndex(sheet01, n, 4, typeOfData): null

04-12-2024T08:29:37 - [TEST_STEP][PASSED] - if (a == null): null

04-12-2024T08:29:37 - [TEST_STEP][PASSED] - else: null

04-12-2024T08:29:37 - [TEST_STEP][PASSED] - setValueToCellByIndex(sheet01, n, 5, a): null

04-12-2024T08:29:37 - [TEST_STEP][PASSED] - if (b == null): null

04-12-2024T08:29:37 - [TEST_STEP][PASSED] - else: null

04-12-2024T08:29:37 - [TEST_STEP][PASSED] - setValueToCellByIndex(sheet01, n, 6, b): null

04-12-2024T08:29:37 - [TEST_STEP][PASSED] - setValueToCellByIndex(sheet01, n, 7, period): null

04-12-2024T08:29:37 - [TEST_STEP][PASSED] - setValueToCellByIndex(sheet01, n, 8, todaysDate): null

04-12-2024T08:29:37 - [TEST_STEP][PASSED] - n = n + 1: null

04-12-2024T08:29:37 - [TEST_STEP][PASSED] - saveWorkbook(excelFilePath, workbook01): null

04-12-2024T08:29:37 - [TEST_STEP][PASSED] - dZO = "Россети Центр и Приволжье (ГК)": null

04-12-2024T08:29:37 - [TEST_STEP][PASSED] - if (verifyEqual(a315, b315) == false): Actual object '4.33' and expected object '4.33' are equal

04-12-2024T08:29:37 - [MESSAGE][PASSED] - Actual object '4.33' and expected object '4.33' are equal

04-12-2024T08:29:37 - [TEST_STEP][PASSED] - dZO = "Россети Юг (ГК)": null

04-12-2024T08:29:37 - [TEST_STEP][FAILED] - if (verifyEqual(a316, b316) == false): null

04-12-2024T08:29:37 - [MESSAGE][FAILED] - Unable to verify equal between actual object '-48.42' and expected object '3.17' (Root cause: com.kms.katalon.core.exception.StepFailedException: Actual object '-48.42' and expected object '3.17' are not equal
	at com.kms.katalon.core.keyword.builtin.VerifyEqualKeyword$_verifyEqual_closure1.doCall(VerifyEqualKeyword.groovy:58)
	at com.kms.katalon.core.keyword.builtin.VerifyEqualKeyword$_verifyEqual_closure1.call(VerifyEqualKeyword.groovy)
	at com.kms.katalon.core.keyword.internal.KeywordMain.runKeyword(KeywordMain.groovy:75)
	at com.kms.katalon.core.keyword.builtin.VerifyEqualKeyword.verifyEqual(VerifyEqualKeyword.groovy:63)
	at com.kms.katalon.core.keyword.builtin.VerifyEqualKeyword.execute(VerifyEqualKeyword.groovy:44)
	at com.kms.katalon.core.keyword.internal.KeywordExecutor.executeKeywordForPlatform(KeywordExecutor.groovy:74)
	at com.kms.katalon.core.keyword.BuiltinKeywords.verifyEqual(BuiltinKeywords.groovy:146)
	at jdk.internal.reflect.GeneratedMethodAccessor25.invoke(Unknown Source)
	at java.base/jdk.internal.reflect.DelegatingMethodAccessorImpl.invoke(DelegatingMethodAccessorImpl.java:43)
	at Выручка в рублях сверка дашбордов ПАО Россети.Blocks(Выручка в рублях сверка дашбордов ПАО Россети:517)
	at Выручка в рублях сверка дашбордов ПАО Россети.ViruchkaChange(Выручка в рублях сверка дашбордов ПАО Россети:60)
	at Выручка в рублях сверка дашбордов ПАО Россети.run(Выручка в рублях сверка дашбордов ПАО Россети:55)
	at com.kms.katalon.core.main.ScriptEngine.run(ScriptEngine.java:194)
	at com.kms.katalon.core.main.ScriptEngine.runScriptAsRawText(ScriptEngine.java:119)
	at com.kms.katalon.core.main.TestCaseExecutor.runScript(TestCaseExecutor.java:448)
	at com.kms.katalon.core.main.TestCaseExecutor.doExecute(TestCaseExecutor.java:439)
	at com.kms.katalon.core.main.TestCaseExecutor.processExecutionPhase(TestCaseExecutor.java:418)
	at com.kms.katalon.core.main.TestCaseExecutor.accessMainPhase(TestCaseExecutor.java:410)
	at com.kms.katalon.core.main.TestCaseExecutor.execute(TestCaseExecutor.java:285)
	at com.kms.katalon.core.common.CommonExecutor.accessTestCaseMainPhase(CommonExecutor.java:65)
	at com.kms.katalon.core.main.TestSuiteExecutor.accessTestSuiteMainPhase(TestSuiteExecutor.java:150)
	at com.kms.katalon.core.main.TestSuiteExecutor.execute(TestSuiteExecutor.java:106)
	at com.kms.katalon.core.main.TestCaseMain.startTestSuite(TestCaseMain.java:180)
	at TempTestSuite1733285972582.run(TempTestSuite1733285972582.groovy:35)
	at java.base/jdk.internal.reflect.NativeMethodAccessorImpl.invoke0(Native Method)
	at java.base/jdk.internal.reflect.NativeMethodAccessorImpl.invoke(NativeMethodAccessorImpl.java:77)
	at java.base/jdk.internal.reflect.DelegatingMethodAccessorImpl.invoke(DelegatingMethodAccessorImpl.java:43)
)

04-12-2024T08:29:37 - [TEST_STEP][PASSED] - a = replaceAll("\s+", "").toDouble(): null

04-12-2024T08:29:37 - [TEST_STEP][PASSED] - b = replaceAll("\s+", "").toDouble(): null

04-12-2024T08:29:37 - [TEST_STEP][PASSED] - Script1710234207206.WriteToExcel(todaysDate, run, vir, block, typeOfData, viruchka, vidget, nameOfBlock, a, b, dZO): null

04-12-2024T08:29:37 - [TEST_STEP][PASSED] - println(run): null

04-12-2024T08:29:37 - [TEST_STEP][PASSED] - if (run == 1): null

04-12-2024T08:29:37 - [TEST_STEP][PASSED] - else if (run == 2): null

04-12-2024T08:29:37 - [TEST_STEP][PASSED] - typeOfData = "Проценты": null

04-12-2024T08:29:37 - [TEST_STEP][PASSED] - println("todaysDate:" + todaysDate): null

04-12-2024T08:29:37 - [TEST_STEP][PASSED] - println("typeOfData:" + typeOfData): null

04-12-2024T08:29:37 - [TEST_STEP][PASSED] - viruchka = getText(findTestObject("Выручка в рублях/Фильтр Выручка" + nameOfBlock)): Text of object 'Object Repository/Выручка в рублях/Фильтр Выручка Выручка' is: 'Все'

04-12-2024T08:29:37 - [MESSAGE][PASSED] - Text of object 'Object Repository/Выручка в рублях/Фильтр Выручка Выручка' is: 'Все'

04-12-2024T08:29:37 - [TEST_STEP][PASSED] - println("viruchka" + viruchka): null

04-12-2024T08:29:37 - [TEST_STEP][PASSED] - println("vidget" + vidget): null

04-12-2024T08:29:37 - [TEST_STEP][PASSED] - println("a" + a): null

04-12-2024T08:29:37 - [TEST_STEP][PASSED] - println("b" + b): null

04-12-2024T08:29:37 - [TEST_STEP][PASSED] - sheetName = "Sheet1": null

04-12-2024T08:29:37 - [TEST_STEP][PASSED] - data = findTestData("PlanFact"): null

04-12-2024T08:29:37 - [TEST_STEP][PASSED] - n = data.getRowNumbers() + 1: null

04-12-2024T08:29:37 - [TEST_STEP][PASSED] - period = getText(findTestObject("Выручка в рублях/Фильтр Период")): Text of object 'Object Repository/Выручка в рублях/Фильтр Период' is: 'Октябрь и 1, 2, 3 кв. 2024 года'

04-12-2024T08:29:38 - [MESSAGE][PASSED] - Text of object 'Object Repository/Выручка в рублях/Фильтр Период' is: 'Октябрь и 1, 2, 3 кв. 2024 года'

04-12-2024T08:29:38 - [TEST_STEP][PASSED] - println(period): null

04-12-2024T08:29:38 - [TEST_STEP][PASSED] - dashboardName = "Выручка в рублях": null

04-12-2024T08:29:38 - [TEST_STEP][PASSED] - workbook01 = getWorkbook(excelFilePath): null

04-12-2024T08:29:38 - [TEST_STEP][PASSED] - sheet01 = getExcelSheet(workbook01, sheetName): null

04-12-2024T08:29:38 - [TEST_STEP][PASSED] - setValueToCellByIndex(sheet01, n, 0, dashboardName): null

04-12-2024T08:29:38 - [TEST_STEP][PASSED] - setValueToCellByIndex(sheet01, n, 1, dZO): null

04-12-2024T08:29:38 - [TEST_STEP][PASSED] - setValueToCellByIndex(sheet01, n, 2, vidget): null

04-12-2024T08:29:38 - [TEST_STEP][PASSED] - setValueToCellByIndex(sheet01, n, 3, viruchka): null

04-12-2024T08:29:38 - [TEST_STEP][PASSED] - setValueToCellByIndex(sheet01, n, 4, typeOfData): null

04-12-2024T08:29:38 - [TEST_STEP][PASSED] - if (a == null): null

04-12-2024T08:29:38 - [TEST_STEP][PASSED] - else: null

04-12-2024T08:29:38 - [TEST_STEP][PASSED] - setValueToCellByIndex(sheet01, n, 5, a): null

04-12-2024T08:29:38 - [TEST_STEP][PASSED] - if (b == null): null

04-12-2024T08:29:38 - [TEST_STEP][PASSED] - else: null

04-12-2024T08:29:38 - [TEST_STEP][PASSED] - setValueToCellByIndex(sheet01, n, 6, b): null

04-12-2024T08:29:38 - [TEST_STEP][PASSED] - setValueToCellByIndex(sheet01, n, 7, period): null

04-12-2024T08:29:38 - [TEST_STEP][PASSED] - setValueToCellByIndex(sheet01, n, 8, todaysDate): null

04-12-2024T08:29:38 - [TEST_STEP][PASSED] - n = n + 1: null

04-12-2024T08:29:38 - [TEST_STEP][PASSED] - saveWorkbook(excelFilePath, workbook01): null

04-12-2024T08:29:38 - [TEST_STEP][PASSED] - dZO = "Россети Янтарь": null

04-12-2024T08:29:38 - [TEST_STEP][PASSED] - if (verifyEqual(a317, b317) == false): Actual object '4.04' and expected object '4.04' are equal

04-12-2024T08:29:38 - [MESSAGE][PASSED] - Actual object '4.04' and expected object '4.04' are equal

04-12-2024T08:29:38 - [TEST_STEP][PASSED] - closeBrowser(): null

04-12-2024T08:29:38 - [MESSAGE][PASSED] - Browser is closed

04-12-2024T08:29:38 - [TEST_STEP][PASSED] - Script1710234207206.Blocks(run, vir, block, nameOfBlock, typeOfData, viruchka, vidget, todaysDate, a, b, dZO, x, y): null

04-12-2024T08:29:38 - [TEST_STEP][PASSED] - i = <not implemented yet for class: org.codehaus.groovy.ast.expr.EmptyExpression>: null

04-12-2024T08:29:38 - [TEST_STEP][PASSED] - perc = "": null

04-12-2024T08:29:38 - [TEST_STEP][PASSED] - a1 = <not implemented yet for class: org.codehaus.groovy.ast.expr.EmptyExpression>: null

04-12-2024T08:29:38 - [TEST_STEP][PASSED] - a2 = <not implemented yet for class: org.codehaus.groovy.ast.expr.EmptyExpression>: null

04-12-2024T08:29:38 - [TEST_STEP][PASSED] - a30 = <not implemented yet for class: org.codehaus.groovy.ast.expr.EmptyExpression>: null

04-12-2024T08:29:38 - [TEST_STEP][PASSED] - a31 = <not implemented yet for class: org.codehaus.groovy.ast.expr.EmptyExpression>: null

04-12-2024T08:29:38 - [TEST_STEP][PASSED] - a32 = <not implemented yet for class: org.codehaus.groovy.ast.expr.EmptyExpression>: null

04-12-2024T08:29:38 - [TEST_STEP][PASSED] - a33 = <not implemented yet for class: org.codehaus.groovy.ast.expr.EmptyExpression>: null

04-12-2024T08:29:38 - [TEST_STEP][PASSED] - a34 = <not implemented yet for class: org.codehaus.groovy.ast.expr.EmptyExpression>: null

04-12-2024T08:29:38 - [TEST_STEP][PASSED] - a35 = <not implemented yet for class: org.codehaus.groovy.ast.expr.EmptyExpression>: null

04-12-2024T08:29:38 - [TEST_STEP][PASSED] - a36 = <not implemented yet for class: org.codehaus.groovy.ast.expr.EmptyExpression>: null

04-12-2024T08:29:38 - [TEST_STEP][PASSED] - a37 = <not implemented yet for class: org.codehaus.groovy.ast.expr.EmptyExpression>: null

04-12-2024T08:29:38 - [TEST_STEP][PASSED] - a38 = <not implemented yet for class: org.codehaus.groovy.ast.expr.EmptyExpression>: null

04-12-2024T08:29:38 - [TEST_STEP][PASSED] - a39 = <not implemented yet for class: org.codehaus.groovy.ast.expr.EmptyExpression>: null

04-12-2024T08:29:38 - [TEST_STEP][PASSED] - a310 = <not implemented yet for class: org.codehaus.groovy.ast.expr.EmptyExpression>: null

04-12-2024T08:29:38 - [TEST_STEP][PASSED] - a311 = <not implemented yet for class: org.codehaus.groovy.ast.expr.EmptyExpression>: null

04-12-2024T08:29:38 - [TEST_STEP][PASSED] - a312 = <not implemented yet for class: org.codehaus.groovy.ast.expr.EmptyExpression>: null

04-12-2024T08:29:38 - [TEST_STEP][PASSED] - a313 = <not implemented yet for class: org.codehaus.groovy.ast.expr.EmptyExpression>: null

04-12-2024T08:29:38 - [TEST_STEP][PASSED] - a314 = <not implemented yet for class: org.codehaus.groovy.ast.expr.EmptyExpression>: null

04-12-2024T08:29:38 - [TEST_STEP][PASSED] - a315 = <not implemented yet for class: org.codehaus.groovy.ast.expr.EmptyExpression>: null

04-12-2024T08:29:38 - [TEST_STEP][PASSED] - a316 = <not implemented yet for class: org.codehaus.groovy.ast.expr.EmptyExpression>: null

04-12-2024T08:29:38 - [TEST_STEP][PASSED] - a317 = <not implemented yet for class: org.codehaus.groovy.ast.expr.EmptyExpression>: null

04-12-2024T08:29:38 - [TEST_STEP][PASSED] - b1 = <not implemented yet for class: org.codehaus.groovy.ast.expr.EmptyExpression>: null

04-12-2024T08:29:38 - [TEST_STEP][PASSED] - b2 = <not implemented yet for class: org.codehaus.groovy.ast.expr.EmptyExpression>: null

04-12-2024T08:29:38 - [TEST_STEP][PASSED] - b30 = <not implemented yet for class: org.codehaus.groovy.ast.expr.EmptyExpression>: null

04-12-2024T08:29:38 - [TEST_STEP][PASSED] - b31 = <not implemented yet for class: org.codehaus.groovy.ast.expr.EmptyExpression>: null

04-12-2024T08:29:38 - [TEST_STEP][PASSED] - b32 = <not implemented yet for class: org.codehaus.groovy.ast.expr.EmptyExpression>: null

04-12-2024T08:29:38 - [TEST_STEP][PASSED] - b33 = <not implemented yet for class: org.codehaus.groovy.ast.expr.EmptyExpression>: null

04-12-2024T08:29:38 - [TEST_STEP][PASSED] - b34 = <not implemented yet for class: org.codehaus.groovy.ast.expr.EmptyExpression>: null

04-12-2024T08:29:38 - [TEST_STEP][PASSED] - b35 = <not implemented yet for class: org.codehaus.groovy.ast.expr.EmptyExpression>: null

04-12-2024T08:29:38 - [TEST_STEP][PASSED] - b36 = <not implemented yet for class: org.codehaus.groovy.ast.expr.EmptyExpression>: null

04-12-2024T08:29:38 - [TEST_STEP][PASSED] - b37 = <not implemented yet for class: org.codehaus.groovy.ast.expr.EmptyExpression>: null

04-12-2024T08:29:38 - [TEST_STEP][PASSED] - b38 = <not implemented yet for class: org.codehaus.groovy.ast.expr.EmptyExpression>: null

04-12-2024T08:29:38 - [TEST_STEP][PASSED] - b39 = <not implemented yet for class: org.codehaus.groovy.ast.expr.EmptyExpression>: null

04-12-2024T08:29:38 - [TEST_STEP][PASSED] - b310 = <not implemented yet for class: org.codehaus.groovy.ast.expr.EmptyExpression>: null

04-12-2024T08:29:38 - [TEST_STEP][PASSED] - b311 = <not implemented yet for class: org.codehaus.groovy.ast.expr.EmptyExpression>: null

04-12-2024T08:29:38 - [TEST_STEP][PASSED] - b312 = <not implemented yet for class: org.codehaus.groovy.ast.expr.EmptyExpression>: null

04-12-2024T08:29:38 - [TEST_STEP][PASSED] - b313 = <not implemented yet for class: org.codehaus.groovy.ast.expr.EmptyExpression>: null

04-12-2024T08:29:38 - [TEST_STEP][PASSED] - b314 = <not implemented yet for class: org.codehaus.groovy.ast.expr.EmptyExpression>: null

04-12-2024T08:29:38 - [TEST_STEP][PASSED] - b315 = <not implemented yet for class: org.codehaus.groovy.ast.expr.EmptyExpression>: null

04-12-2024T08:29:38 - [TEST_STEP][PASSED] - b316 = <not implemented yet for class: org.codehaus.groovy.ast.expr.EmptyExpression>: null

04-12-2024T08:29:38 - [TEST_STEP][PASSED] - b317 = <not implemented yet for class: org.codehaus.groovy.ast.expr.EmptyExpression>: null

04-12-2024T08:29:38 - [TEST_STEP][PASSED] - block = 1: null

04-12-2024T08:29:38 - [TEST_STEP][PASSED] - nameOfBlock = "": null

04-12-2024T08:29:38 - [TEST_STEP][PASSED] - Script1710234207206.PreSettings(run, vir, block, nameOfBlock, typeOfData, todaysDate): null

04-12-2024T08:29:38 - [TEST_STEP][PASSED] - openBrowser(""): Browser is opened with url: ''

04-12-2024T08:29:38 - [MESSAGE][INFO] - Starting 'Chrome' driver

04-12-2024T08:29:38 - [MESSAGE][INFO] - Action delay is set to 0 milliseconds

04-12-2024T08:29:39 - [MESSAGE][PASSED] - Browser is opened with url: ''

04-12-2024T08:29:39 - [TEST_STEP][PASSED] - refresh(): Refresh successfully

04-12-2024T08:29:39 - [MESSAGE][PASSED] - Refresh successfully

04-12-2024T08:29:39 - [TEST_STEP][PASSED] - delay(50): Delayed 50 second(s)

04-12-2024T08:30:29 - [MESSAGE][PASSED] - Delayed 50 second(s)

04-12-2024T08:30:29 - [TEST_STEP][PASSED] - println("run:" + run): null

04-12-2024T08:30:29 - [TEST_STEP][PASSED] - println("vir:" + vir): null

04-12-2024T08:30:29 - [TEST_STEP][PASSED] - println("block:" + block): null

04-12-2024T08:30:29 - [TEST_STEP][PASSED] - if (block == 1): null

04-12-2024T08:30:29 - [TEST_STEP][PASSED] - nameOfBlock = "": null

04-12-2024T08:30:29 - [TEST_STEP][PASSED] - println("nameOfBlock:" + nameOfBlock): null

04-12-2024T08:30:29 - [TEST_STEP][PASSED] - println("typeOfData:" + typeOfData): null

04-12-2024T08:30:29 - [TEST_STEP][PASSED] - println("todaysDate:" + todaysDate): null

04-12-2024T08:30:29 - [TEST_STEP][PASSED] - Script1710234207206.Autorization(block, nameOfBlock): null

04-12-2024T08:30:29 - [TEST_STEP][PASSED] - i = <not implemented yet for class: org.codehaus.groovy.ast.expr.EmptyExpression>: null

04-12-2024T08:30:29 - [TEST_STEP][PASSED] - ii = <not implemented yet for class: org.codehaus.groovy.ast.expr.EmptyExpression>: null

04-12-2024T08:30:29 - [TEST_STEP][PASSED] - urlData = <not implemented yet for class: org.codehaus.groovy.ast.expr.EmptyExpression>: null

04-12-2024T08:30:29 - [TEST_STEP][PASSED] - searchWord = <not implemented yet for class: org.codehaus.groovy.ast.expr.EmptyExpression>: null

04-12-2024T08:30:29 - [TEST_STEP][PASSED] - urlText = <not implemented yet for class: org.codehaus.groovy.ast.expr.EmptyExpression>: null

04-12-2024T08:30:29 - [TEST_STEP][PASSED] - println("block:" + block): null

04-12-2024T08:30:29 - [TEST_STEP][PASSED] - if (block == 1): null

04-12-2024T08:30:29 - [TEST_STEP][PASSED] - nameOfBlock = "": null

04-12-2024T08:30:29 - [TEST_STEP][PASSED] - println("nameOfBlock:" + nameOfBlock): null

04-12-2024T08:30:29 - [TEST_STEP][PASSED] - if (block == 1): Delayed 45 second(s)

04-12-2024T08:30:29 - [TEST_STEP][PASSED] - urlData = 2: null

04-12-2024T08:30:29 - [TEST_STEP][PASSED] - delay(45): Delayed 45 second(s)

04-12-2024T08:31:14 - [MESSAGE][PASSED] - Delayed 45 second(s)

04-12-2024T08:31:14 - [TEST_STEP][PASSED] - navigateToUrl(findTestData("PlanFact").getValue(10, urlData)): Navigate to 'https://bi.rosseti.digital/viewer?dashboardGuid=2301950b23be4ed89c1df75f2020051e&sheetGuid=b723206f698544fb87299f3095c00435&fit=true' successfully

04-12-2024T08:31:24 - [MESSAGE][PASSED] - Navigate to 'https://bi.rosseti.digital/viewer?dashboardGuid=2301950b23be4ed89c1df75f2020051e&sheetGuid=b723206f698544fb87299f3095c00435&fit=true' successfully

04-12-2024T08:31:24 - [TEST_STEP][PASSED] - urlText = getText(findTestObject("Страница авторизации/Text")): Text of object 'Object Repository/Страница авторизации/Text' is: 'Вход'

04-12-2024T08:31:25 - [MESSAGE][PASSED] - Text of object 'Object Repository/Страница авторизации/Text' is: 'Вход'

04-12-2024T08:31:25 - [TEST_STEP][PASSED] - searchWord = "Вход": null

04-12-2024T08:31:25 - [TEST_STEP][PASSED] - if (urlText == null || urlText.contains("ошибка") || urlText.contains(searchWord) == false): null

04-12-2024T08:31:25 - [TEST_STEP][PASSED] - if (verifyElementPresent(findTestObject("Страница авторизации/button_"), 30) == true): null

04-12-2024T08:31:25 - [MESSAGE][PASSED] - Object 'Object Repository/Страница авторизации/button_' is present

04-12-2024T08:31:25 - [TEST_STEP][PASSED] - setText(findTestObject("Страница авторизации/input__username"), findTestData("PlanFact").getValue(8, 1)): Text 'liazgina-di' is set on object 'Object Repository/Страница авторизации/input__username'

04-12-2024T08:31:25 - [MESSAGE][PASSED] - Text 'liazgina-di' is set on object 'Object Repository/Страница авторизации/input__username'

04-12-2024T08:31:25 - [TEST_STEP][PASSED] - setText(findTestObject("Страница авторизации/input__password"), findTestData("PlanFact").getValue(9, 1)): Text ')$%5srZ8o688Dm#q' is set on object 'Object Repository/Страница авторизации/input__password'

04-12-2024T08:31:26 - [MESSAGE][PASSED] - Text ')$%5srZ8o688Dm#q' is set on object 'Object Repository/Страница авторизации/input__password'

04-12-2024T08:31:26 - [TEST_STEP][PASSED] - click(findTestObject("Страница авторизации/button_")): Object: 'Object Repository/Страница авторизации/button_' is clicked on

04-12-2024T08:31:29 - [MESSAGE][PASSED] - Object: 'Object Repository/Страница авторизации/button_' is clicked on

04-12-2024T08:31:29 - [TEST_STEP][PASSED] - delay(45): Delayed 45 second(s)

04-12-2024T08:32:14 - [MESSAGE][PASSED] - Delayed 45 second(s)

04-12-2024T08:32:14 - [TEST_STEP][PASSED] - urlText = getText(findTestObject("Страница авторизации/Text")): Text of object 'Object Repository/Страница авторизации/Text' is: 'Период
1, 2, 3 кв., Октябрь 2024 года
Выручка
Все
Выполнение плановых показателей по ПАО Россети за 1, 2, 3 кв., Октябрь 2024 года
План
Факт
Динамика
2024 год
0 млн.руб.
100 000 млн.руб.
200 000 млн.руб.
300 000 млн.руб.
400 000 млн.руб.
500 000 млн.руб.
600 000 млн.руб.
700 000 млн.руб.
800 000 млн.руб.
900 000 млн.руб.
1 000 000 млн.руб.
1 100 000 млн.руб.
1 200 000 млн.руб.
1 300 000 млн.руб.
1 400 000 млн.руб.
1 180 677
1 181 459
↑
ДЗО 
Все
Внутренний оборот - выручка за услуги по передаче электрической энергии, учтенная в выручке за электроэнергию для конечных потребителей, при выполнении ДЗО функций гарантирующего поставщика
Подписи данных
⬤Отклонение
АО «Тываэнерго»
АО «Чеченэнерго»
Россети Волга
Россети Кубань
Россети Ленэнерго (ГК)
Россети Московский регион
Россети Северный Кавказ (ГК)
Россети Северо-Запад
Россети Сибирь (ГК)
Россети Томск
Россети Тюмень
Россети Урал (ГК)
Россети ФСК ЕЭС
Россети Центр
Россети Центр и Приволжье (ГК)
Россети Юг (ГК)
Россети Янтарь
-25 000млн.руб.
-20 000млн.руб.
-15 000млн.руб.
-10 000млн.руб.
-5 000млн.руб.
0млн.руб.
5 000млн.руб.
10 …
-30 000млн.руб.
300
101
156
3 953
4 462
7 500
888
878
1 274
238
-5 106
1 955
-24 344
2 435
4 419
1 357
318
млн.
%
Выручка
Отклонение выручки по ПАО Россети за 1, 2, 3 кв., Октябрь 2024 года (факт/план, млн. руб)
ПАО Россети
782.4 млн.руб.
 '

04-12-2024T08:32:14 - [MESSAGE][PASSED] - Text of object 'Object Repository/Страница авторизации/Text' is: 'Период
1, 2, 3 кв., Октябрь 2024 года
Выручка
Все
Выполнение плановых показателей по ПАО Россети за 1, 2, 3 кв., Октябрь 2024 года
План
Факт
Динамика
2024 год
0 млн.руб.
100 000 млн.руб.
200 000 млн.руб.
300 000 млн.руб.
400 000 млн.руб.
500 000 млн.руб.
600 000 млн.руб.
700 000 млн.руб.
800 000 млн.руб.
900 000 млн.руб.
1 000 000 млн.руб.
1 100 000 млн.руб.
1 200 000 млн.руб.
1 300 000 млн.руб.
1 400 000 млн.руб.
1 180 677
1 181 459
↑
ДЗО 
Все
Внутренний оборот - выручка за услуги по передаче электрической энергии, учтенная в выручке за электроэнергию для конечных потребителей, при выполнении ДЗО функций гарантирующего поставщика
Подписи данных
⬤Отклонение
АО «Тываэнерго»
АО «Чеченэнерго»
Россети Волга
Россети Кубань
Россети Ленэнерго (ГК)
Россети Московский регион
Россети Северный Кавказ (ГК)
Россети Северо-Запад
Россети Сибирь (ГК)
Россети Томск
Россети Тюмень
Россети Урал (ГК)
Россети ФСК ЕЭС
Россети Центр
Россети Центр и Приволжье (ГК)
Россети Юг (ГК)
Россети Янтарь
-25 000млн.руб.
-20 000млн.руб.
-15 000млн.руб.
-10 000млн.руб.
-5 000млн.руб.
0млн.руб.
5 000млн.руб.
10 …
-30 000млн.руб.
300
101
156
3 953
4 462
7 500
888
878
1 274
238
-5 106
1 955
-24 344
2 435
4 419
1 357
318
млн.
%
Выручка
Отклонение выручки по ПАО Россети за 1, 2, 3 кв., Октябрь 2024 года (факт/план, млн. руб)
ПАО Россети
782.4 млн.руб.
 '

04-12-2024T08:32:14 - [TEST_STEP][PASSED] - searchWord = "а": null

04-12-2024T08:32:14 - [TEST_STEP][PASSED] - if (urlText.contains("ошибка") || urlText.contains(searchWord) == false): null

04-12-2024T08:32:14 - [TEST_STEP][PASSED] - delay(45): Delayed 45 second(s)

04-12-2024T08:33:00 - [MESSAGE][PASSED] - Delayed 45 second(s)

04-12-2024T08:33:00 - [TEST_STEP][PASSED] - if (block == 2): null

04-12-2024T08:33:00 - [TEST_STEP][PASSED] - click(findTestObject("Выручка в рублях/Фильтр Период" + nameOfBlock)): Object: 'Object Repository/Выручка в рублях/Фильтр Период' is clicked on

04-12-2024T08:33:00 - [MESSAGE][PASSED] - Object: 'Object Repository/Выручка в рублях/Фильтр Период' is clicked on

04-12-2024T08:33:00 - [TEST_STEP][PASSED] - click(findTestObject("Выручка в рублях/Снять выделение в фильтре Дата" + nameOfBlock)): Object: 'Object Repository/Выручка в рублях/Снять выделение в фильтре Дата' is clicked on

04-12-2024T08:33:00 - [MESSAGE][PASSED] - Object: 'Object Repository/Выручка в рублях/Снять выделение в фильтре Дата' is clicked on

04-12-2024T08:33:00 - [TEST_STEP][PASSED] - click(findTestObject("Выручка в рублях/Применить в фильтре Дата" + nameOfBlock)): Object: 'Object Repository/Выручка в рублях/Применить в фильтре Дата' is clicked on

04-12-2024T08:33:01 - [MESSAGE][PASSED] - Object: 'Object Repository/Выручка в рублях/Применить в фильтре Дата' is clicked on

04-12-2024T08:33:01 - [TEST_STEP][PASSED] - delay(50): Delayed 50 second(s)

04-12-2024T08:33:51 - [MESSAGE][PASSED] - Delayed 50 second(s)

04-12-2024T08:33:51 - [TEST_STEP][PASSED] - click(findTestObject("Выручка в рублях/Фильтр Период" + nameOfBlock)): Object: 'Object Repository/Выручка в рублях/Фильтр Период' is clicked on

04-12-2024T08:33:51 - [MESSAGE][PASSED] - Object: 'Object Repository/Выручка в рублях/Фильтр Период' is clicked on

04-12-2024T08:33:51 - [TEST_STEP][PASSED] - click(findTestObject("Выручка в рублях/Снять выделение в фильтре Дата" + nameOfBlock)): Object: 'Object Repository/Выручка в рублях/Снять выделение в фильтре Дата' is clicked on

04-12-2024T08:33:52 - [MESSAGE][PASSED] - Object: 'Object Repository/Выручка в рублях/Снять выделение в фильтре Дата' is clicked on

04-12-2024T08:33:52 - [TEST_STEP][PASSED] - scrollToElement(findTestObject("Выручка в рублях/2024 список" + nameOfBlock), 30): Scroll to object 'Object Repository/Выручка в рублях/2024 список' successfully

04-12-2024T08:33:52 - [MESSAGE][PASSED] - Scroll to object 'Object Repository/Выручка в рублях/2024 список' successfully

04-12-2024T08:33:52 - [TEST_STEP][PASSED] - click(findTestObject("Выручка в рублях/2024 список" + nameOfBlock)): Object: 'Object Repository/Выручка в рублях/2024 список' is clicked on

04-12-2024T08:33:53 - [MESSAGE][PASSED] - Object: 'Object Repository/Выручка в рублях/2024 список' is clicked on

04-12-2024T08:33:53 - [TEST_STEP][PASSED] - scrollToElement(findTestObject("Выручка в рублях/1 квартал 2024 выбрать" + nameOfBlock), 30): Scroll to object 'Object Repository/Выручка в рублях/1 квартал 2024 выбрать' successfully

04-12-2024T08:33:53 - [MESSAGE][PASSED] - Scroll to object 'Object Repository/Выручка в рублях/1 квартал 2024 выбрать' successfully

04-12-2024T08:33:53 - [TEST_STEP][PASSED] - click(findTestObject("Выручка в рублях/1 квартал 2024 выбрать" + nameOfBlock)): Object: 'Object Repository/Выручка в рублях/1 квартал 2024 выбрать' is clicked on

04-12-2024T08:33:53 - [MESSAGE][PASSED] - Object: 'Object Repository/Выручка в рублях/1 квартал 2024 выбрать' is clicked on

04-12-2024T08:33:53 - [TEST_STEP][PASSED] - scrollToElement(findTestObject("Выручка в рублях/2 квартал 2024 выбрать" + nameOfBlock), 30): Scroll to object 'Object Repository/Выручка в рублях/2 квартал 2024 выбрать' successfully

04-12-2024T08:33:54 - [MESSAGE][PASSED] - Scroll to object 'Object Repository/Выручка в рублях/2 квартал 2024 выбрать' successfully

04-12-2024T08:33:54 - [TEST_STEP][PASSED] - click(findTestObject("Выручка в рублях/2 квартал 2024 выбрать" + nameOfBlock)): Object: 'Object Repository/Выручка в рублях/2 квартал 2024 выбрать' is clicked on

04-12-2024T08:33:54 - [MESSAGE][PASSED] - Object: 'Object Repository/Выручка в рублях/2 квартал 2024 выбрать' is clicked on

04-12-2024T08:33:54 - [TEST_STEP][PASSED] - scrollToElement(findTestObject("Выручка в рублях/3 квартал 2024 список" + nameOfBlock), 30): Scroll to object 'Object Repository/Выручка в рублях/3 квартал 2024 список' successfully

04-12-2024T08:33:55 - [MESSAGE][PASSED] - Scroll to object 'Object Repository/Выручка в рублях/3 квартал 2024 список' successfully

04-12-2024T08:33:55 - [TEST_STEP][PASSED] - click(findTestObject("Выручка в рублях/3 квартал 2024" + nameOfBlock)): Object: 'Object Repository/Выручка в рублях/3 квартал 2024' is clicked on

04-12-2024T08:33:55 - [MESSAGE][PASSED] - Object: 'Object Repository/Выручка в рублях/3 квартал 2024' is clicked on

04-12-2024T08:33:55 - [TEST_STEP][PASSED] - scrollToElement(findTestObject("Выручка в рублях/4 квартал 2024 список" + nameOfBlock), 30): Scroll to object 'Object Repository/Выручка в рублях/4 квартал 2024 список' successfully

04-12-2024T08:33:56 - [MESSAGE][PASSED] - Scroll to object 'Object Repository/Выручка в рублях/4 квартал 2024 список' successfully

04-12-2024T08:33:56 - [TEST_STEP][PASSED] - click(findTestObject("Выручка в рублях/4 квартал 2024 список" + nameOfBlock)): Object: 'Object Repository/Выручка в рублях/4 квартал 2024 список' is clicked on

04-12-2024T08:33:56 - [MESSAGE][PASSED] - Object: 'Object Repository/Выручка в рублях/4 квартал 2024 список' is clicked on

04-12-2024T08:33:56 - [TEST_STEP][PASSED] - scrollToElement(findTestObject("Выручка в рублях/Октябрь 2024" + nameOfBlock), 30): Scroll to object 'Object Repository/Выручка в рублях/Октябрь 2024' successfully

04-12-2024T08:33:56 - [MESSAGE][PASSED] - Scroll to object 'Object Repository/Выручка в рублях/Октябрь 2024' successfully

04-12-2024T08:33:56 - [TEST_STEP][PASSED] - click(findTestObject("Выручка в рублях/Октябрь 2024" + nameOfBlock)): Object: 'Object Repository/Выручка в рублях/Октябрь 2024' is clicked on

04-12-2024T08:33:57 - [MESSAGE][PASSED] - Object: 'Object Repository/Выручка в рублях/Октябрь 2024' is clicked on

04-12-2024T08:33:57 - [TEST_STEP][PASSED] - scrollToElement(findTestObject("Выручка в рублях/Заголовок дашборда" + nameOfBlock), 30): Scroll to object 'Object Repository/Выручка в рублях/Заголовок дашборда' successfully

04-12-2024T08:33:57 - [MESSAGE][PASSED] - Scroll to object 'Object Repository/Выручка в рублях/Заголовок дашборда' successfully

04-12-2024T08:33:57 - [TEST_STEP][PASSED] - click(findTestObject("Выручка в рублях/Применить в фильтре Дата" + nameOfBlock)): Object: 'Object Repository/Выручка в рублях/Применить в фильтре Дата' is clicked on

04-12-2024T08:33:58 - [MESSAGE][PASSED] - Object: 'Object Repository/Выручка в рублях/Применить в фильтре Дата' is clicked on

04-12-2024T08:33:58 - [TEST_STEP][PASSED] - delay(55): Delayed 55 second(s)

04-12-2024T08:34:53 - [MESSAGE][PASSED] - Delayed 55 second(s)

04-12-2024T08:34:53 - [TEST_STEP][PASSED] - click(findTestObject("Выручка в рублях/Фильтр ДЗО" + nameOfBlock)): Object: 'Object Repository/Выручка в рублях/Фильтр ДЗО' is clicked on

04-12-2024T08:34:53 - [MESSAGE][PASSED] - Object: 'Object Repository/Выручка в рублях/Фильтр ДЗО' is clicked on

04-12-2024T08:34:53 - [TEST_STEP][PASSED] - click(findTestObject("Выручка в рублях/Снять выделение в фильтре ДЗО" + nameOfBlock)): Object: 'Object Repository/Выручка в рублях/Снять выделение в фильтре ДЗО' is clicked on

04-12-2024T08:34:53 - [MESSAGE][PASSED] - Object: 'Object Repository/Выручка в рублях/Снять выделение в фильтре ДЗО' is clicked on

04-12-2024T08:34:53 - [TEST_STEP][PASSED] - click(findTestObject("Выручка в рублях/Применить в фильтре ДЗО" + nameOfBlock)): Object: 'Object Repository/Выручка в рублях/Применить в фильтре ДЗО' is clicked on

04-12-2024T08:34:54 - [MESSAGE][PASSED] - Object: 'Object Repository/Выручка в рублях/Применить в фильтре ДЗО' is clicked on

04-12-2024T08:34:54 - [TEST_STEP][PASSED] - delay(50): Delayed 50 second(s)

04-12-2024T08:35:44 - [MESSAGE][PASSED] - Delayed 50 second(s)

04-12-2024T08:35:44 - [TEST_STEP][PASSED] - Script1710234207206.Tumbler(run, vir, block, nameOfBlock): null

04-12-2024T08:35:44 - [TEST_STEP][PASSED] - println("run:" + run): null

04-12-2024T08:35:44 - [TEST_STEP][PASSED] - println("vir:" + vir): null

04-12-2024T08:35:44 - [TEST_STEP][PASSED] - println("block:" + block): null

04-12-2024T08:35:44 - [TEST_STEP][PASSED] - println("nameOfBlock:" + nameOfBlock): null

04-12-2024T08:35:44 - [TEST_STEP][PASSED] - if (vir == 1): null

04-12-2024T08:35:44 - [TEST_STEP][PASSED] - else if (vir == 2): Object: 'Object Repository/Выручка в рублях/Применить в фильтре Выручка' is clicked on

04-12-2024T08:35:44 - [TEST_STEP][PASSED] - if (run == 2): Object: 'Object Repository/Выручка в рублях/Переключить отображение с млн на проценты Выручка в рублях' is clicked on

04-12-2024T08:35:44 - [TEST_STEP][PASSED] - click(findTestObject("Выручка в рублях/Переключить отображение с млн на проценты Выручка в рублях" + nameOfBlock)): Object: 'Object Repository/Выручка в рублях/Переключить отображение с млн на проценты Выручка в рублях' is clicked on

04-12-2024T08:35:44 - [MESSAGE][PASSED] - Object: 'Object Repository/Выручка в рублях/Переключить отображение с млн на проценты Выручка в рублях' is clicked on

04-12-2024T08:35:44 - [TEST_STEP][PASSED] - click(findTestObject("Выручка в рублях/Фильтр Выручка" + nameOfBlock)): Object: 'Object Repository/Выручка в рублях/Фильтр Выручка' is clicked on

04-12-2024T08:35:45 - [MESSAGE][PASSED] - Object: 'Object Repository/Выручка в рублях/Фильтр Выручка' is clicked on

04-12-2024T08:35:45 - [TEST_STEP][PASSED] - click(findTestObject("Выручка в рублях/Итого в фильтре Выручка" + nameOfBlock)): Object: 'Object Repository/Выручка в рублях/Итого в фильтре Выручка' is clicked on

04-12-2024T08:35:45 - [MESSAGE][PASSED] - Object: 'Object Repository/Выручка в рублях/Итого в фильтре Выручка' is clicked on

04-12-2024T08:35:45 - [TEST_STEP][PASSED] - click(findTestObject("Выручка в рублях/Применить в фильтре Выручка" + nameOfBlock)): Object: 'Object Repository/Выручка в рублях/Применить в фильтре Выручка' is clicked on

04-12-2024T08:35:46 - [MESSAGE][PASSED] - Object: 'Object Repository/Выручка в рублях/Применить в фильтре Выручка' is clicked on

04-12-2024T08:35:46 - [TEST_STEP][PASSED] - click(findTestObject("Выручка в рублях/Фильтр ДЗО" + nameOfBlock)): Object: 'Object Repository/Выручка в рублях/Фильтр ДЗО' is clicked on

04-12-2024T08:35:49 - [MESSAGE][PASSED] - Object: 'Object Repository/Выручка в рублях/Фильтр ДЗО' is clicked on

04-12-2024T08:35:49 - [TEST_STEP][PASSED] - Script1710234207206.Rosseti(nameOfBlock): null

04-12-2024T08:35:49 - [TEST_STEP][PASSED] - println("nameOfBlock:" + nameOfBlock): null

04-12-2024T08:35:49 - [TEST_STEP][PASSED] - click(findTestObject("Выручка в рублях/ПАО Россети" + nameOfBlock)): Object: 'Object Repository/Выручка в рублях/ПАО Россети' is clicked on

04-12-2024T08:35:50 - [MESSAGE][PASSED] - Object: 'Object Repository/Выручка в рублях/ПАО Россети' is clicked on

04-12-2024T08:35:50 - [TEST_STEP][PASSED] - click(findTestObject("Выручка в рублях/Применить в фильтре ДЗО" + nameOfBlock)): Object: 'Object Repository/Выручка в рублях/Применить в фильтре ДЗО' is clicked on

04-12-2024T08:35:51 - [MESSAGE][PASSED] - Object: 'Object Repository/Выручка в рублях/Применить в фильтре ДЗО' is clicked on

04-12-2024T08:35:51 - [TEST_STEP][PASSED] - if (run == 2): null

04-12-2024T08:35:51 - [TEST_STEP][PASSED] - perc = " Perc": null

04-12-2024T08:35:51 - [TEST_STEP][PASSED] - if (vir == 1 || vir == 2): Text of object 'Object Repository/Выручка в рублях/График План' is: '1 160 716'

04-12-2024T08:35:51 - [TEST_STEP][PASSED] - a1 = getText(findTestObject("Выручка в рублях/График План")): Text of object 'Object Repository/Выручка в рублях/График План' is: '1 160 716'

04-12-2024T08:35:53 - [MESSAGE][PASSED] - Text of object 'Object Repository/Выручка в рублях/График План' is: '1 160 716'

04-12-2024T08:35:53 - [TEST_STEP][PASSED] - if (vir == 1 || vir == 2): Text of object 'Object Repository/Выручка в рублях/График Факт' is: '1 160 805'

04-12-2024T08:35:53 - [TEST_STEP][PASSED] - a2 = getText(findTestObject("Выручка в рублях/График Факт")): Text of object 'Object Repository/Выручка в рублях/График Факт' is: '1 160 805'

04-12-2024T08:35:53 - [MESSAGE][PASSED] - Text of object 'Object Repository/Выручка в рублях/График Факт' is: '1 160 805'

04-12-2024T08:35:53 - [TEST_STEP][PASSED] - a30 = getText(findTestObject("Выручка в рублях/span1" + perc)): Text of object 'Object Repository/Выручка в рублях/span1 Perc' is: '-25.07 %'

04-12-2024T08:35:54 - [MESSAGE][PASSED] - Text of object 'Object Repository/Выручка в рублях/span1 Perc' is: '-25.07 %'

04-12-2024T08:35:54 - [TEST_STEP][PASSED] - i = a30.indexOf("млн.руб."): null

04-12-2024T08:35:54 - [TEST_STEP][PASSED] - if (i > -1): null

04-12-2024T08:35:54 - [TEST_STEP][PASSED] - if (a30.contains("%")): null

04-12-2024T08:35:54 - [TEST_STEP][PASSED] - a30 = a30.replaceAll("%", ""): null

04-12-2024T08:35:54 - [TEST_STEP][PASSED] - a30 = ").trim(): null

04-12-2024T08:35:54 - [TEST_STEP][PASSED] - println("a30: " + a30): null

04-12-2024T08:35:54 - [TEST_STEP][PASSED] - if (vir == 1 || vir == 2): Text of object 'Object Repository/Выручка в рублях/span2 Perc' is: '310.93 %'

04-12-2024T08:35:54 - [TEST_STEP][PASSED] - a31 = ").trim(): Text of object 'Object Repository/Выручка в рублях/span2 Perc' is: '310.93 %'

04-12-2024T08:35:54 - [MESSAGE][PASSED] - Text of object 'Object Repository/Выручка в рублях/span2 Perc' is: '310.93 %'

04-12-2024T08:35:54 - [TEST_STEP][PASSED] - if (vir == 1 || vir == 2): Text of object 'Object Repository/Выручка в рублях/span3 Perc' is: '-72.82 %'

04-12-2024T08:35:54 - [TEST_STEP][PASSED] - a32 = ").trim(): Text of object 'Object Repository/Выручка в рублях/span3 Perc' is: '-72.82 %'

04-12-2024T08:35:54 - [MESSAGE][PASSED] - Text of object 'Object Repository/Выручка в рублях/span3 Perc' is: '-72.82 %'

04-12-2024T08:35:54 - [TEST_STEP][PASSED] - if (vir == 1 || vir == 2): Text of object 'Object Repository/Выручка в рублях/span8 Perc' is: '-49.02 %'

04-12-2024T08:35:54 - [TEST_STEP][PASSED] - a33 = ").trim(): Text of object 'Object Repository/Выручка в рублях/span4 Perc' is: '-49.88 %'

04-12-2024T08:35:55 - [MESSAGE][PASSED] - Text of object 'Object Repository/Выручка в рублях/span4 Perc' is: '-49.88 %'

04-12-2024T08:35:55 - [TEST_STEP][PASSED] - a34 = ").trim(): Text of object 'Object Repository/Выручка в рублях/span5 Perc' is: '-46.84 %'

04-12-2024T08:35:55 - [MESSAGE][PASSED] - Text of object 'Object Repository/Выручка в рублях/span5 Perc' is: '-46.84 %'

04-12-2024T08:35:55 - [TEST_STEP][PASSED] - a35 = ").trim(): Text of object 'Object Repository/Выручка в рублях/span6 Perc' is: '-47.31 %'

04-12-2024T08:35:55 - [MESSAGE][PASSED] - Text of object 'Object Repository/Выручка в рублях/span6 Perc' is: '-47.31 %'

04-12-2024T08:35:55 - [TEST_STEP][PASSED] - a36 = ").trim(): Text of object 'Object Repository/Выручка в рублях/span7 Perc' is: '4.39 %'

04-12-2024T08:35:55 - [MESSAGE][PASSED] - Text of object 'Object Repository/Выручка в рублях/span7 Perc' is: '4.39 %'

04-12-2024T08:35:55 - [TEST_STEP][PASSED] - a37 = ").trim(): Text of object 'Object Repository/Выручка в рублях/span8 Perc' is: '-49.02 %'

04-12-2024T08:35:56 - [MESSAGE][PASSED] - Text of object 'Object Repository/Выручка в рублях/span8 Perc' is: '-49.02 %'

04-12-2024T08:35:56 - [TEST_STEP][PASSED] - if (vir == 1 || vir == 2): Text of object 'Object Repository/Выручка в рублях/span17 Perc' is: '-48.44 %'

04-12-2024T08:35:56 - [TEST_STEP][PASSED] - a38 = ").trim(): Text of object 'Object Repository/Выручка в рублях/span9 Perc' is: '2.01 %'

04-12-2024T08:35:56 - [MESSAGE][PASSED] - Text of object 'Object Repository/Выручка в рублях/span9 Perc' is: '2.01 %'

04-12-2024T08:35:56 - [TEST_STEP][PASSED] - a39 = ").trim(): Text of object 'Object Repository/Выручка в рублях/span10 Perc' is: '2.23 %'

04-12-2024T08:35:56 - [MESSAGE][PASSED] - Text of object 'Object Repository/Выручка в рублях/span10 Perc' is: '2.23 %'

04-12-2024T08:35:56 - [TEST_STEP][PASSED] - a310 = ").trim(): Text of object 'Object Repository/Выручка в рублях/span11 Perc' is: '-48.47 %'

04-12-2024T08:35:57 - [MESSAGE][PASSED] - Text of object 'Object Repository/Выручка в рублях/span11 Perc' is: '-48.47 %'

04-12-2024T08:35:57 - [TEST_STEP][PASSED] - a311 = ").trim(): Text of object 'Object Repository/Выручка в рублях/span12 Perc' is: '-53.69 %'

04-12-2024T08:35:57 - [MESSAGE][PASSED] - Text of object 'Object Repository/Выручка в рублях/span12 Perc' is: '-53.69 %'

04-12-2024T08:35:57 - [TEST_STEP][PASSED] - a312 = ").trim(): Text of object 'Object Repository/Выручка в рублях/span13 Perc' is: '2.27 %'

04-12-2024T08:35:57 - [MESSAGE][PASSED] - Text of object 'Object Repository/Выручка в рублях/span13 Perc' is: '2.27 %'

04-12-2024T08:35:57 - [TEST_STEP][PASSED] - a313 = ").trim(): Text of object 'Object Repository/Выручка в рублях/span14 Perc' is: '-9.49 %'

04-12-2024T08:35:58 - [MESSAGE][PASSED] - Text of object 'Object Repository/Выручка в рублях/span14 Perc' is: '-9.49 %'

04-12-2024T08:35:58 - [TEST_STEP][PASSED] - a314 = ").trim(): Text of object 'Object Repository/Выручка в рублях/span15 Perc' is: '-31.28 %'

04-12-2024T08:35:58 - [MESSAGE][PASSED] - Text of object 'Object Repository/Выручка в рублях/span15 Perc' is: '-31.28 %'

04-12-2024T08:35:58 - [TEST_STEP][PASSED] - a315 = ").trim(): Text of object 'Object Repository/Выручка в рублях/span16 Perc' is: '4.33 %'

04-12-2024T08:35:58 - [MESSAGE][PASSED] - Text of object 'Object Repository/Выручка в рублях/span16 Perc' is: '4.33 %'

04-12-2024T08:35:58 - [TEST_STEP][PASSED] - a316 = ").trim(): Text of object 'Object Repository/Выручка в рублях/span17 Perc' is: '-48.44 %'

04-12-2024T08:35:58 - [MESSAGE][PASSED] - Text of object 'Object Repository/Выручка в рублях/span17 Perc' is: '-48.44 %'

04-12-2024T08:35:58 - [TEST_STEP][PASSED] - if (vir == 1 || vir == 2): Text of object 'Object Repository/Выручка в рублях/span18 Perc' is: '4.04 %'

04-12-2024T08:35:58 - [TEST_STEP][PASSED] - a317 = ").trim(): Text of object 'Object Repository/Выручка в рублях/span18 Perc' is: '4.04 %'

04-12-2024T08:35:59 - [MESSAGE][PASSED] - Text of object 'Object Repository/Выручка в рублях/span18 Perc' is: '4.04 %'

04-12-2024T08:35:59 - [TEST_STEP][PASSED] - block = 2: null

04-12-2024T08:35:59 - [TEST_STEP][PASSED] - nameOfBlock = " Выручка": null

04-12-2024T08:35:59 - [TEST_STEP][PASSED] - Script1710234207206.PreSettings(run, vir, block, nameOfBlock, typeOfData, todaysDate): null

04-12-2024T08:35:59 - [TEST_STEP][PASSED] - openBrowser(""): Browser is opened with url: ''

04-12-2024T08:35:59 - [MESSAGE][WARNING] - A browser is already opened. Closing browser and opening a new one

04-12-2024T08:35:59 - [MESSAGE][INFO] - Starting 'Chrome' driver

04-12-2024T08:35:59 - [MESSAGE][INFO] - Action delay is set to 0 milliseconds

04-12-2024T08:36:00 - [MESSAGE][PASSED] - Browser is opened with url: ''

04-12-2024T08:36:00 - [TEST_STEP][PASSED] - refresh(): Refresh successfully

04-12-2024T08:36:00 - [MESSAGE][PASSED] - Refresh successfully

04-12-2024T08:36:00 - [TEST_STEP][PASSED] - delay(50): Delayed 50 second(s)

04-12-2024T08:36:50 - [MESSAGE][PASSED] - Delayed 50 second(s)

04-12-2024T08:36:50 - [TEST_STEP][PASSED] - println("run:" + run): null

04-12-2024T08:36:50 - [TEST_STEP][PASSED] - println("vir:" + vir): null

04-12-2024T08:36:50 - [TEST_STEP][PASSED] - println("block:" + block): null

04-12-2024T08:36:50 - [TEST_STEP][PASSED] - if (block == 1): null

04-12-2024T08:36:50 - [TEST_STEP][PASSED] - else: null

04-12-2024T08:36:50 - [TEST_STEP][PASSED] - nameOfBlock = " Выручка": null

04-12-2024T08:36:50 - [TEST_STEP][PASSED] - println("nameOfBlock:" + nameOfBlock): null

04-12-2024T08:36:50 - [TEST_STEP][PASSED] - println("typeOfData:" + typeOfData): null

04-12-2024T08:36:50 - [TEST_STEP][PASSED] - println("todaysDate:" + todaysDate): null

04-12-2024T08:36:50 - [TEST_STEP][PASSED] - Script1710234207206.Autorization(block, nameOfBlock): null

04-12-2024T08:36:50 - [TEST_STEP][PASSED] - i = <not implemented yet for class: org.codehaus.groovy.ast.expr.EmptyExpression>: null

04-12-2024T08:36:50 - [TEST_STEP][PASSED] - ii = <not implemented yet for class: org.codehaus.groovy.ast.expr.EmptyExpression>: null

04-12-2024T08:36:50 - [TEST_STEP][PASSED] - urlData = <not implemented yet for class: org.codehaus.groovy.ast.expr.EmptyExpression>: null

04-12-2024T08:36:50 - [TEST_STEP][PASSED] - searchWord = <not implemented yet for class: org.codehaus.groovy.ast.expr.EmptyExpression>: null

04-12-2024T08:36:50 - [TEST_STEP][PASSED] - urlText = <not implemented yet for class: org.codehaus.groovy.ast.expr.EmptyExpression>: null

04-12-2024T08:36:50 - [TEST_STEP][PASSED] - println("block:" + block): null

04-12-2024T08:36:50 - [TEST_STEP][PASSED] - if (block == 1): null

04-12-2024T08:36:50 - [TEST_STEP][PASSED] - else: null

04-12-2024T08:36:50 - [TEST_STEP][PASSED] - delay(45): Delayed 45 second(s)

04-12-2024T08:37:35 - [MESSAGE][PASSED] - Delayed 45 second(s)

04-12-2024T08:37:35 - [TEST_STEP][PASSED] - nameOfBlock = " Выручка": null

04-12-2024T08:37:35 - [TEST_STEP][PASSED] - println("nameOfBlock:" + nameOfBlock): null

04-12-2024T08:37:35 - [TEST_STEP][PASSED] - if (block == 1): null

04-12-2024T08:37:35 - [TEST_STEP][PASSED] - else: Delayed 45 second(s)

04-12-2024T08:37:35 - [TEST_STEP][PASSED] - urlData = 9: null

04-12-2024T08:37:35 - [TEST_STEP][PASSED] - delay(45): Delayed 45 second(s)

04-12-2024T08:38:20 - [MESSAGE][PASSED] - Delayed 45 second(s)

04-12-2024T08:38:20 - [TEST_STEP][PASSED] - navigateToUrl(findTestData("PlanFact").getValue(10, urlData)): Navigate to 'https://bi.rosseti.digital/viewer?dashboardGuid=a1fd28b3785d443cbc4d7690a1d78e31&sheetGuid=86092a20c5984827a0c87b24cac76a50&fit=true' successfully

04-12-2024T08:38:29 - [MESSAGE][PASSED] - Navigate to 'https://bi.rosseti.digital/viewer?dashboardGuid=a1fd28b3785d443cbc4d7690a1d78e31&sheetGuid=86092a20c5984827a0c87b24cac76a50&fit=true' successfully

04-12-2024T08:38:29 - [TEST_STEP][PASSED] - urlText = getText(findTestObject("Страница авторизации/Text")): Text of object 'Object Repository/Страница авторизации/Text' is: 'Вход'

04-12-2024T08:38:30 - [MESSAGE][PASSED] - Text of object 'Object Repository/Страница авторизации/Text' is: 'Вход'

04-12-2024T08:38:30 - [TEST_STEP][PASSED] - searchWord = "Вход": null

04-12-2024T08:38:30 - [TEST_STEP][PASSED] - if (urlText == null || urlText.contains("ошибка") || urlText.contains(searchWord) == false): null

04-12-2024T08:38:30 - [TEST_STEP][PASSED] - if (verifyElementPresent(findTestObject("Страница авторизации/button_"), 30) == true): null

04-12-2024T08:38:30 - [MESSAGE][PASSED] - Object 'Object Repository/Страница авторизации/button_' is present

04-12-2024T08:38:30 - [TEST_STEP][PASSED] - setText(findTestObject("Страница авторизации/input__username"), findTestData("PlanFact").getValue(8, 1)): Text 'liazgina-di' is set on object 'Object Repository/Страница авторизации/input__username'

04-12-2024T08:38:31 - [MESSAGE][PASSED] - Text 'liazgina-di' is set on object 'Object Repository/Страница авторизации/input__username'

04-12-2024T08:38:31 - [TEST_STEP][PASSED] - setText(findTestObject("Страница авторизации/input__password"), findTestData("PlanFact").getValue(9, 1)): Text ')$%5srZ8o688Dm#q' is set on object 'Object Repository/Страница авторизации/input__password'

04-12-2024T08:38:31 - [MESSAGE][PASSED] - Text ')$%5srZ8o688Dm#q' is set on object 'Object Repository/Страница авторизации/input__password'

04-12-2024T08:38:31 - [TEST_STEP][PASSED] - click(findTestObject("Страница авторизации/button_")): Object: 'Object Repository/Страница авторизации/button_' is clicked on

04-12-2024T08:38:34 - [MESSAGE][PASSED] - Object: 'Object Repository/Страница авторизации/button_' is clicked on

04-12-2024T08:38:34 - [TEST_STEP][PASSED] - delay(45): Delayed 45 second(s)

04-12-2024T08:39:19 - [MESSAGE][PASSED] - Delayed 45 second(s)

04-12-2024T08:39:19 - [TEST_STEP][PASSED] - urlText = getText(findTestObject("Страница авторизации/Text")): Text of object 'Object Repository/Страница авторизации/Text' is: 'Период
Январь, Февраль, Март, Апрель, Май, Июнь, Июль, Август, Сентябрь, Октябрь 2024 года
Выручка
Все
Выполнение плановых показателей, млн.руб.
План
Факт
Динамика
2024 год
0 млн.руб.
100 000 млн.руб.
200 000 млн.руб.
300 000 млн.руб.
400 000 млн.руб.
500 000 млн.руб.
600 000 млн.руб.
700 000 млн.руб.
800 000 млн.руб.
900 000 млн.руб.
1 000 000 млн.руб.
1 100 000 млн.руб.
1 200 000 млн.руб.
1 300 000 млн.руб.
1 400 000 млн.руб.
1 180 677
1 181 459
↑
ДЗО 
Все
Подписи данных
⬤Отклонение
АО «Тываэнерго»
АО «Чеченэнерго»
Россети Волга
Россети Кубань
Россети Ленэнерго (ГК)
Россети Московский регион
Россети Северный Кавказ (ГК)
Россети Северо-Запад
Россети Сибирь (ГК)
Россети Томск
Россети Тюмень
Россети Урал (ГК)
Россети ФСК ЕЭС
Россети Центр
Россети Центр и Приволжье (ГК)
Россети Юг (ГК)
Россети Янтарь
-27 500 млн.руб.
-25 000 млн.руб.
-22 500 млн.руб.
-20 000 млн.руб.
-17 500 млн.руб.
-15 000 млн.руб.
-12 500 млн.руб.
-10 000 млн.руб.
-7 500 млн.руб.
-5 000 млн.руб.
-2 500 млн.руб.
0 млн.руб.
2 500 млн.руб.
5 000 млн.руб.
7 500 млн.руб.
10 000 млн.руб.
300
101
156
3 953
4 462
7 500
888
878
1 274
238
-5 106
1 955
-24 344
2 435
4 419
1 357
318
млн.
%
Выручка
Отклонение выручки (факт/план, млн. руб) 
ПАО Россети
782.4 млн.руб.
Статус данных
×
Просьба обратить внимание
Данные занесены не полностью
ВЫБРАННЫЕ ЗНАЧЕНИЯ ФИЛЬТРОВ
ДЗО | ПЕРИОД
ПАО Россети: [«Выбраны все филиалы по всем ДЗО по всем категориям»]
2024: [Янв, Фев, Мар, Апр, Май, Июн, Июл, Авг, Сен, Окт]
*Внутренний оборот'

04-12-2024T08:39:20 - [MESSAGE][PASSED] - Text of object 'Object Repository/Страница авторизации/Text' is: 'Период
Январь, Февраль, Март, Апрель, Май, Июнь, Июль, Август, Сентябрь, Октябрь 2024 года
Выручка
Все
Выполнение плановых показателей, млн.руб.
План
Факт
Динамика
2024 год
0 млн.руб.
100 000 млн.руб.
200 000 млн.руб.
300 000 млн.руб.
400 000 млн.руб.
500 000 млн.руб.
600 000 млн.руб.
700 000 млн.руб.
800 000 млн.руб.
900 000 млн.руб.
1 000 000 млн.руб.
1 100 000 млн.руб.
1 200 000 млн.руб.
1 300 000 млн.руб.
1 400 000 млн.руб.
1 180 677
1 181 459
↑
ДЗО 
Все
Подписи данных
⬤Отклонение
АО «Тываэнерго»
АО «Чеченэнерго»
Россети Волга
Россети Кубань
Россети Ленэнерго (ГК)
Россети Московский регион
Россети Северный Кавказ (ГК)
Россети Северо-Запад
Россети Сибирь (ГК)
Россети Томск
Россети Тюмень
Россети Урал (ГК)
Россети ФСК ЕЭС
Россети Центр
Россети Центр и Приволжье (ГК)
Россети Юг (ГК)
Россети Янтарь
-27 500 млн.руб.
-25 000 млн.руб.
-22 500 млн.руб.
-20 000 млн.руб.
-17 500 млн.руб.
-15 000 млн.руб.
-12 500 млн.руб.
-10 000 млн.руб.
-7 500 млн.руб.
-5 000 млн.руб.
-2 500 млн.руб.
0 млн.руб.
2 500 млн.руб.
5 000 млн.руб.
7 500 млн.руб.
10 000 млн.руб.
300
101
156
3 953
4 462
7 500
888
878
1 274
238
-5 106
1 955
-24 344
2 435
4 419
1 357
318
млн.
%
Выручка
Отклонение выручки (факт/план, млн. руб) 
ПАО Россети
782.4 млн.руб.
Статус данных
×
Просьба обратить внимание
Данные занесены не полностью
ВЫБРАННЫЕ ЗНАЧЕНИЯ ФИЛЬТРОВ
ДЗО | ПЕРИОД
ПАО Россети: [«Выбраны все филиалы по всем ДЗО по всем категориям»]
2024: [Янв, Фев, Мар, Апр, Май, Июн, Июл, Авг, Сен, Окт]
*Внутренний оборот'

04-12-2024T08:39:20 - [TEST_STEP][PASSED] - searchWord = "а": null

04-12-2024T08:39:20 - [TEST_STEP][PASSED] - if (urlText.contains("ошибка") || urlText.contains(searchWord) == false): null

04-12-2024T08:39:20 - [TEST_STEP][PASSED] - delay(45): Delayed 45 second(s)

04-12-2024T08:40:05 - [MESSAGE][PASSED] - Delayed 45 second(s)

04-12-2024T08:40:05 - [TEST_STEP][PASSED] - if (block == 2): Delayed 50 second(s)

04-12-2024T08:40:05 - [TEST_STEP][PASSED] - opoveshenie = getText(findTestObject("Выручка в рублях/Просьба обратить внимание")): Text of object 'Object Repository/Выручка в рублях/Просьба обратить внимание' is: 'Просьба обратить внимание'

04-12-2024T08:40:05 - [MESSAGE][PASSED] - Text of object 'Object Repository/Выручка в рублях/Просьба обратить внимание' is: 'Просьба обратить внимание'

04-12-2024T08:40:05 - [TEST_STEP][PASSED] - if (opoveshenie == "Просьба обратить внимание"): Delayed 50 second(s)

04-12-2024T08:40:05 - [TEST_STEP][PASSED] - click(findTestObject("Выручка в рублях/Закрыть оповещение")): Object: 'Object Repository/Выручка в рублях/Закрыть оповещение' is clicked on

04-12-2024T08:40:05 - [MESSAGE][PASSED] - Object: 'Object Repository/Выручка в рублях/Закрыть оповещение' is clicked on

04-12-2024T08:40:05 - [TEST_STEP][PASSED] - delay(50): Delayed 50 second(s)

04-12-2024T08:40:56 - [MESSAGE][PASSED] - Delayed 50 second(s)

04-12-2024T08:40:56 - [TEST_STEP][PASSED] - click(findTestObject("Выручка в рублях/Фильтр Период" + nameOfBlock)): Object: 'Object Repository/Выручка в рублях/Фильтр Период Выручка' is clicked on

04-12-2024T08:40:56 - [MESSAGE][PASSED] - Object: 'Object Repository/Выручка в рублях/Фильтр Период Выручка' is clicked on

04-12-2024T08:40:56 - [TEST_STEP][PASSED] - click(findTestObject("Выручка в рублях/Снять выделение в фильтре Дата" + nameOfBlock)): Object: 'Object Repository/Выручка в рублях/Снять выделение в фильтре Дата Выручка' is clicked on

04-12-2024T08:40:56 - [MESSAGE][PASSED] - Object: 'Object Repository/Выручка в рублях/Снять выделение в фильтре Дата Выручка' is clicked on

04-12-2024T08:40:56 - [TEST_STEP][PASSED] - click(findTestObject("Выручка в рублях/Применить в фильтре Дата" + nameOfBlock)): Object: 'Object Repository/Выручка в рублях/Применить в фильтре Дата Выручка' is clicked on

04-12-2024T08:40:57 - [MESSAGE][PASSED] - Object: 'Object Repository/Выручка в рублях/Применить в фильтре Дата Выручка' is clicked on

04-12-2024T08:40:57 - [TEST_STEP][PASSED] - delay(50): Delayed 50 second(s)

04-12-2024T08:41:47 - [MESSAGE][PASSED] - Delayed 50 second(s)

04-12-2024T08:41:47 - [TEST_STEP][PASSED] - click(findTestObject("Выручка в рублях/Фильтр Период" + nameOfBlock)): Object: 'Object Repository/Выручка в рублях/Фильтр Период Выручка' is clicked on

04-12-2024T08:41:47 - [MESSAGE][PASSED] - Object: 'Object Repository/Выручка в рублях/Фильтр Период Выручка' is clicked on

04-12-2024T08:41:47 - [TEST_STEP][PASSED] - click(findTestObject("Выручка в рублях/Снять выделение в фильтре Дата" + nameOfBlock)): Object: 'Object Repository/Выручка в рублях/Снять выделение в фильтре Дата Выручка' is clicked on

04-12-2024T08:41:48 - [MESSAGE][PASSED] - Object: 'Object Repository/Выручка в рублях/Снять выделение в фильтре Дата Выручка' is clicked on

04-12-2024T08:41:48 - [TEST_STEP][PASSED] - scrollToElement(findTestObject("Выручка в рублях/2024 список" + nameOfBlock), 30): Scroll to object 'Object Repository/Выручка в рублях/2024 список Выручка' successfully

04-12-2024T08:41:48 - [MESSAGE][PASSED] - Scroll to object 'Object Repository/Выручка в рублях/2024 список Выручка' successfully

04-12-2024T08:41:48 - [TEST_STEP][PASSED] - click(findTestObject("Выручка в рублях/2024 список" + nameOfBlock)): Object: 'Object Repository/Выручка в рублях/2024 список Выручка' is clicked on

04-12-2024T08:41:49 - [MESSAGE][PASSED] - Object: 'Object Repository/Выручка в рублях/2024 список Выручка' is clicked on

04-12-2024T08:41:49 - [TEST_STEP][PASSED] - scrollToElement(findTestObject("Выручка в рублях/1 квартал 2024 выбрать" + nameOfBlock), 30): Scroll to object 'Object Repository/Выручка в рублях/1 квартал 2024 выбрать Выручка' successfully

04-12-2024T08:41:49 - [MESSAGE][PASSED] - Scroll to object 'Object Repository/Выручка в рублях/1 квартал 2024 выбрать Выручка' successfully

04-12-2024T08:41:49 - [TEST_STEP][PASSED] - click(findTestObject("Выручка в рублях/1 квартал 2024 выбрать" + nameOfBlock)): Object: 'Object Repository/Выручка в рублях/1 квартал 2024 выбрать Выручка' is clicked on

04-12-2024T08:41:49 - [MESSAGE][PASSED] - Object: 'Object Repository/Выручка в рублях/1 квартал 2024 выбрать Выручка' is clicked on

04-12-2024T08:41:49 - [TEST_STEP][PASSED] - scrollToElement(findTestObject("Выручка в рублях/2 квартал 2024 выбрать" + nameOfBlock), 30): Scroll to object 'Object Repository/Выручка в рублях/2 квартал 2024 выбрать Выручка' successfully

04-12-2024T08:41:50 - [MESSAGE][PASSED] - Scroll to object 'Object Repository/Выручка в рублях/2 квартал 2024 выбрать Выручка' successfully

04-12-2024T08:41:50 - [TEST_STEP][PASSED] - click(findTestObject("Выручка в рублях/2 квартал 2024 выбрать" + nameOfBlock)): Object: 'Object Repository/Выручка в рублях/2 квартал 2024 выбрать Выручка' is clicked on

04-12-2024T08:41:50 - [MESSAGE][PASSED] - Object: 'Object Repository/Выручка в рублях/2 квартал 2024 выбрать Выручка' is clicked on

04-12-2024T08:41:50 - [TEST_STEP][PASSED] - scrollToElement(findTestObject("Выручка в рублях/3 квартал 2024 список" + nameOfBlock), 30): Scroll to object 'Object Repository/Выручка в рублях/3 квартал 2024 список Выручка' successfully

04-12-2024T08:41:51 - [MESSAGE][PASSED] - Scroll to object 'Object Repository/Выручка в рублях/3 квартал 2024 список Выручка' successfully

04-12-2024T08:41:51 - [TEST_STEP][PASSED] - click(findTestObject("Выручка в рублях/3 квартал 2024" + nameOfBlock)): Object: 'Object Repository/Выручка в рублях/3 квартал 2024 Выручка' is clicked on

04-12-2024T08:41:51 - [MESSAGE][PASSED] - Object: 'Object Repository/Выручка в рублях/3 квартал 2024 Выручка' is clicked on

04-12-2024T08:41:51 - [TEST_STEP][PASSED] - scrollToElement(findTestObject("Выручка в рублях/4 квартал 2024 список" + nameOfBlock), 30): Scroll to object 'Object Repository/Выручка в рублях/4 квартал 2024 список Выручка' successfully

04-12-2024T08:41:52 - [MESSAGE][PASSED] - Scroll to object 'Object Repository/Выручка в рублях/4 квартал 2024 список Выручка' successfully

04-12-2024T08:41:52 - [TEST_STEP][PASSED] - click(findTestObject("Выручка в рублях/4 квартал 2024 список" + nameOfBlock)): Object: 'Object Repository/Выручка в рублях/4 квартал 2024 список Выручка' is clicked on

04-12-2024T08:41:52 - [MESSAGE][PASSED] - Object: 'Object Repository/Выручка в рублях/4 квартал 2024 список Выручка' is clicked on

04-12-2024T08:41:52 - [TEST_STEP][PASSED] - scrollToElement(findTestObject("Выручка в рублях/Октябрь 2024" + nameOfBlock), 30): Scroll to object 'Object Repository/Выручка в рублях/Октябрь 2024 Выручка' successfully

04-12-2024T08:41:52 - [MESSAGE][PASSED] - Scroll to object 'Object Repository/Выручка в рублях/Октябрь 2024 Выручка' successfully

04-12-2024T08:41:52 - [TEST_STEP][PASSED] - click(findTestObject("Выручка в рублях/Октябрь 2024" + nameOfBlock)): Object: 'Object Repository/Выручка в рублях/Октябрь 2024 Выручка' is clicked on

04-12-2024T08:41:53 - [MESSAGE][PASSED] - Object: 'Object Repository/Выручка в рублях/Октябрь 2024 Выручка' is clicked on

04-12-2024T08:41:53 - [TEST_STEP][PASSED] - scrollToElement(findTestObject("Выручка в рублях/Заголовок дашборда" + nameOfBlock), 30): Scroll to object 'Object Repository/Выручка в рублях/Заголовок дашборда Выручка' successfully

04-12-2024T08:41:53 - [MESSAGE][PASSED] - Scroll to object 'Object Repository/Выручка в рублях/Заголовок дашборда Выручка' successfully

04-12-2024T08:41:53 - [TEST_STEP][PASSED] - click(findTestObject("Выручка в рублях/Применить в фильтре Дата" + nameOfBlock)): Object: 'Object Repository/Выручка в рублях/Применить в фильтре Дата Выручка' is clicked on

04-12-2024T08:41:54 - [MESSAGE][PASSED] - Object: 'Object Repository/Выручка в рублях/Применить в фильтре Дата Выручка' is clicked on

04-12-2024T08:41:54 - [TEST_STEP][PASSED] - delay(55): Delayed 55 second(s)

04-12-2024T08:42:49 - [MESSAGE][PASSED] - Delayed 55 second(s)

04-12-2024T08:42:49 - [TEST_STEP][PASSED] - click(findTestObject("Выручка в рублях/Фильтр ДЗО" + nameOfBlock)): Object: 'Object Repository/Выручка в рублях/Фильтр ДЗО Выручка' is clicked on

04-12-2024T08:42:49 - [MESSAGE][PASSED] - Object: 'Object Repository/Выручка в рублях/Фильтр ДЗО Выручка' is clicked on

04-12-2024T08:42:49 - [TEST_STEP][PASSED] - click(findTestObject("Выручка в рублях/Снять выделение в фильтре ДЗО" + nameOfBlock)): Object: 'Object Repository/Выручка в рублях/Снять выделение в фильтре ДЗО Выручка' is clicked on

04-12-2024T08:42:50 - [MESSAGE][PASSED] - Object: 'Object Repository/Выручка в рублях/Снять выделение в фильтре ДЗО Выручка' is clicked on

04-12-2024T08:42:50 - [TEST_STEP][PASSED] - click(findTestObject("Выручка в рублях/Применить в фильтре ДЗО" + nameOfBlock)): Object: 'Object Repository/Выручка в рублях/Применить в фильтре ДЗО Выручка' is clicked on

04-12-2024T08:42:50 - [MESSAGE][PASSED] - Object: 'Object Repository/Выручка в рублях/Применить в фильтре ДЗО Выручка' is clicked on

04-12-2024T08:42:50 - [TEST_STEP][PASSED] - delay(50): Delayed 50 second(s)

04-12-2024T08:43:40 - [MESSAGE][PASSED] - Delayed 50 second(s)

04-12-2024T08:43:40 - [TEST_STEP][PASSED] - Script1710234207206.Tumbler(run, vir, block, nameOfBlock): null

04-12-2024T08:43:40 - [TEST_STEP][PASSED] - println("run:" + run): null

04-12-2024T08:43:40 - [TEST_STEP][PASSED] - println("vir:" + vir): null

04-12-2024T08:43:40 - [TEST_STEP][PASSED] - println("block:" + block): null

04-12-2024T08:43:40 - [TEST_STEP][PASSED] - println("nameOfBlock:" + nameOfBlock): null

04-12-2024T08:43:40 - [TEST_STEP][PASSED] - if (vir == 1): null

04-12-2024T08:43:40 - [TEST_STEP][PASSED] - else if (vir == 2): Object: 'Object Repository/Выручка в рублях/Применить в фильтре Выручка Выручка' is clicked on

04-12-2024T08:43:40 - [TEST_STEP][PASSED] - if (run == 2): Object: 'Object Repository/Выручка в рублях/Переключить отображение с млн на проценты Выручка в рублях Выручка' is clicked on

04-12-2024T08:43:40 - [TEST_STEP][PASSED] - click(findTestObject("Выручка в рублях/Переключить отображение с млн на проценты Выручка в рублях" + nameOfBlock)): Object: 'Object Repository/Выручка в рублях/Переключить отображение с млн на проценты Выручка в рублях Выручка' is clicked on

04-12-2024T08:43:40 - [MESSAGE][PASSED] - Object: 'Object Repository/Выручка в рублях/Переключить отображение с млн на проценты Выручка в рублях Выручка' is clicked on

04-12-2024T08:43:40 - [TEST_STEP][PASSED] - click(findTestObject("Выручка в рублях/Фильтр Выручка" + nameOfBlock)): Object: 'Object Repository/Выручка в рублях/Фильтр Выручка Выручка' is clicked on

04-12-2024T08:43:41 - [MESSAGE][PASSED] - Object: 'Object Repository/Выручка в рублях/Фильтр Выручка Выручка' is clicked on

04-12-2024T08:43:41 - [TEST_STEP][PASSED] - click(findTestObject("Выручка в рублях/Итого в фильтре Выручка" + nameOfBlock)): Object: 'Object Repository/Выручка в рублях/Итого в фильтре Выручка Выручка' is clicked on

04-12-2024T08:43:41 - [MESSAGE][PASSED] - Object: 'Object Repository/Выручка в рублях/Итого в фильтре Выручка Выручка' is clicked on

04-12-2024T08:43:41 - [TEST_STEP][PASSED] - click(findTestObject("Выручка в рублях/Применить в фильтре Выручка" + nameOfBlock)): Object: 'Object Repository/Выручка в рублях/Применить в фильтре Выручка Выручка' is clicked on

04-12-2024T08:43:42 - [MESSAGE][PASSED] - Object: 'Object Repository/Выручка в рублях/Применить в фильтре Выручка Выручка' is clicked on

04-12-2024T08:43:42 - [TEST_STEP][PASSED] - click(findTestObject("Выручка в рублях/Фильтр ДЗО" + nameOfBlock)): Object: 'Object Repository/Выручка в рублях/Фильтр ДЗО Выручка' is clicked on

04-12-2024T08:43:47 - [MESSAGE][PASSED] - Object: 'Object Repository/Выручка в рублях/Фильтр ДЗО Выручка' is clicked on

04-12-2024T08:43:47 - [TEST_STEP][PASSED] - Script1710234207206.Rosseti(nameOfBlock): null

04-12-2024T08:43:47 - [TEST_STEP][PASSED] - println("nameOfBlock:" + nameOfBlock): null

04-12-2024T08:43:47 - [TEST_STEP][PASSED] - click(findTestObject("Выручка в рублях/ПАО Россети" + nameOfBlock)): Object: 'Object Repository/Выручка в рублях/ПАО Россети Выручка' is clicked on

04-12-2024T08:43:47 - [MESSAGE][PASSED] - Object: 'Object Repository/Выручка в рублях/ПАО Россети Выручка' is clicked on

04-12-2024T08:43:47 - [TEST_STEP][PASSED] - click(findTestObject("Выручка в рублях/Применить в фильтре ДЗО" + nameOfBlock)): Object: 'Object Repository/Выручка в рублях/Применить в фильтре ДЗО Выручка' is clicked on

04-12-2024T08:43:48 - [MESSAGE][PASSED] - Object: 'Object Repository/Выручка в рублях/Применить в фильтре ДЗО Выручка' is clicked on

04-12-2024T08:43:48 - [TEST_STEP][PASSED] - if (vir == 1 || vir == 2): Text of object 'Object Repository/Выручка в рублях/График План Выручка' is: '1 160 716'

04-12-2024T08:43:48 - [TEST_STEP][PASSED] - b1 = getText(findTestObject("Выручка в рублях/График План Выручка")): Text of object 'Object Repository/Выручка в рублях/График План Выручка' is: '1 160 716'

04-12-2024T08:43:53 - [MESSAGE][PASSED] - Text of object 'Object Repository/Выручка в рублях/График План Выручка' is: '1 160 716'

04-12-2024T08:43:53 - [TEST_STEP][PASSED] - if (vir == 1 || vir == 2): Text of object 'Object Repository/Выручка в рублях/График Факт Выручка' is: '1 160 805'

04-12-2024T08:43:53 - [TEST_STEP][PASSED] - b2 = getText(findTestObject("Выручка в рублях/График Факт Выручка")): Text of object 'Object Repository/Выручка в рублях/График Факт Выручка' is: '1 160 805'

04-12-2024T08:43:53 - [MESSAGE][PASSED] - Text of object 'Object Repository/Выручка в рублях/График Факт Выручка' is: '1 160 805'

04-12-2024T08:43:53 - [TEST_STEP][PASSED] - b30 = getText(findTestObject("Выручка в рублях/span1" + perc)): Text of object 'Object Repository/Выручка в рублях/span1 Perc' is: '0.01 %'

04-12-2024T08:43:53 - [MESSAGE][PASSED] - Text of object 'Object Repository/Выручка в рублях/span1 Perc' is: '0.01 %'

04-12-2024T08:43:53 - [TEST_STEP][PASSED] - i = b30.indexOf("млн.руб."): null

04-12-2024T08:43:53 - [TEST_STEP][PASSED] - if (i > -1): null

04-12-2024T08:43:53 - [TEST_STEP][PASSED] - if (b30.contains("%")): null

04-12-2024T08:43:53 - [TEST_STEP][PASSED] - b30 = b30.replaceAll("%", ""): null

04-12-2024T08:43:53 - [TEST_STEP][PASSED] - b30 = ").trim(): null

04-12-2024T08:43:53 - [TEST_STEP][PASSED] - println("b30: " + b30): null

04-12-2024T08:43:53 - [TEST_STEP][PASSED] - if (vir == 1 || vir == 2): Text of object 'Object Repository/Выручка в рублях/span2 Perc' is: '310.93 %'

04-12-2024T08:43:53 - [TEST_STEP][PASSED] - b31 = ").trim(): Text of object 'Object Repository/Выручка в рублях/span2 Perc' is: '310.93 %'

04-12-2024T08:43:54 - [MESSAGE][PASSED] - Text of object 'Object Repository/Выручка в рублях/span2 Perc' is: '310.93 %'

04-12-2024T08:43:54 - [TEST_STEP][PASSED] - if (vir == 1 || vir == 2): Text of object 'Object Repository/Выручка в рублях/span3 Perc' is: '-45.65 %'

04-12-2024T08:43:54 - [TEST_STEP][PASSED] - b32 = ").trim(): Text of object 'Object Repository/Выручка в рублях/span3 Perc' is: '-45.65 %'

04-12-2024T08:43:54 - [MESSAGE][PASSED] - Text of object 'Object Repository/Выручка в рублях/span3 Perc' is: '-45.65 %'

04-12-2024T08:43:54 - [TEST_STEP][PASSED] - if (vir == 1 || vir == 2): Text of object 'Object Repository/Выручка в рублях/span8 Perc' is: '2.26 %'

04-12-2024T08:43:54 - [TEST_STEP][PASSED] - b33 = ").trim(): Text of object 'Object Repository/Выручка в рублях/span4 Perc' is: '0.24 %'

04-12-2024T08:43:54 - [MESSAGE][PASSED] - Text of object 'Object Repository/Выручка в рублях/span4 Perc' is: '0.24 %'

04-12-2024T08:43:54 - [TEST_STEP][PASSED] - b34 = ").trim(): Text of object 'Object Repository/Выручка в рублях/span5 Perc' is: '6.32 %'

04-12-2024T08:43:55 - [MESSAGE][PASSED] - Text of object 'Object Repository/Выручка в рублях/span5 Perc' is: '6.32 %'

04-12-2024T08:43:55 - [TEST_STEP][PASSED] - b35 = ").trim(): Text of object 'Object Repository/Выручка в рублях/span6 Perc' is: '5.38 %'

04-12-2024T08:43:55 - [MESSAGE][PASSED] - Text of object 'Object Repository/Выручка в рублях/span6 Perc' is: '5.38 %'

04-12-2024T08:43:55 - [TEST_STEP][PASSED] - b36 = ").trim(): Text of object 'Object Repository/Выручка в рублях/span7 Perc' is: '4.39 %'

04-12-2024T08:43:55 - [MESSAGE][PASSED] - Text of object 'Object Repository/Выручка в рублях/span7 Perc' is: '4.39 %'

04-12-2024T08:43:55 - [TEST_STEP][PASSED] - b37 = ").trim(): Text of object 'Object Repository/Выручка в рублях/span8 Perc' is: '2.26 %'

04-12-2024T08:43:55 - [MESSAGE][PASSED] - Text of object 'Object Repository/Выручка в рублях/span8 Perc' is: '2.26 %'

04-12-2024T08:43:55 - [TEST_STEP][PASSED] - if (vir == 1 || vir == 2): Text of object 'Object Repository/Выручка в рублях/span17 Perc' is: '3.11 %'

04-12-2024T08:43:55 - [TEST_STEP][PASSED] - b38 = ").trim(): Text of object 'Object Repository/Выручка в рублях/span9 Perc' is: '2.01 %'

04-12-2024T08:43:56 - [MESSAGE][PASSED] - Text of object 'Object Repository/Выручка в рублях/span9 Perc' is: '2.01 %'

04-12-2024T08:43:56 - [TEST_STEP][PASSED] - b39 = ").trim(): Text of object 'Object Repository/Выручка в рублях/span10 Perc' is: '2.23 %'

04-12-2024T08:43:56 - [MESSAGE][PASSED] - Text of object 'Object Repository/Выручка в рублях/span10 Perc' is: '2.23 %'

04-12-2024T08:43:56 - [TEST_STEP][PASSED] - b310 = ").trim(): Text of object 'Object Repository/Выручка в рублях/span11 Perc' is: '3.06 %'

04-12-2024T08:43:56 - [MESSAGE][PASSED] - Text of object 'Object Repository/Выручка в рублях/span11 Perc' is: '3.06 %'

04-12-2024T08:43:56 - [TEST_STEP][PASSED] - b311 = ").trim(): Text of object 'Object Repository/Выручка в рублях/span12 Perc' is: '-7.39 %'

04-12-2024T08:43:57 - [MESSAGE][PASSED] - Text of object 'Object Repository/Выручка в рублях/span12 Perc' is: '-7.39 %'

04-12-2024T08:43:57 - [TEST_STEP][PASSED] - b312 = ").trim(): Text of object 'Object Repository/Выручка в рублях/span13 Perc' is: '2.27 %'

04-12-2024T08:43:57 - [MESSAGE][PASSED] - Text of object 'Object Repository/Выручка в рублях/span13 Perc' is: '2.27 %'

04-12-2024T08:43:57 - [TEST_STEP][PASSED] - b313 = ").trim(): Text of object 'Object Repository/Выручка в рублях/span14 Perc' is: '-9.49 %'

04-12-2024T08:43:57 - [MESSAGE][PASSED] - Text of object 'Object Repository/Выручка в рублях/span14 Perc' is: '-9.49 %'

04-12-2024T08:43:57 - [TEST_STEP][PASSED] - b314 = ").trim(): Text of object 'Object Repository/Выручка в рублях/span15 Perc' is: '2.55 %'

04-12-2024T08:43:58 - [MESSAGE][PASSED] - Text of object 'Object Repository/Выручка в рублях/span15 Perc' is: '2.55 %'

04-12-2024T08:43:58 - [TEST_STEP][PASSED] - b315 = ").trim(): Text of object 'Object Repository/Выручка в рублях/span16 Perc' is: '4.33 %'

04-12-2024T08:43:58 - [MESSAGE][PASSED] - Text of object 'Object Repository/Выручка в рублях/span16 Perc' is: '4.33 %'

04-12-2024T08:43:58 - [TEST_STEP][PASSED] - b316 = ").trim(): Text of object 'Object Repository/Выручка в рублях/span17 Perc' is: '3.11 %'

04-12-2024T08:43:58 - [MESSAGE][PASSED] - Text of object 'Object Repository/Выручка в рублях/span17 Perc' is: '3.11 %'

04-12-2024T08:43:58 - [TEST_STEP][PASSED] - if (vir == 1 || vir == 2): Text of object 'Object Repository/Выручка в рублях/span18 Perc' is: '4.04 %'

04-12-2024T08:43:58 - [TEST_STEP][PASSED] - b317 = ").trim(): Text of object 'Object Repository/Выручка в рублях/span18 Perc' is: '4.04 %'

04-12-2024T08:43:58 - [MESSAGE][PASSED] - Text of object 'Object Repository/Выручка в рублях/span18 Perc' is: '4.04 %'

04-12-2024T08:43:58 - [TEST_STEP][PASSED] - dZO = "ПАО Россети": null

04-12-2024T08:43:58 - [TEST_STEP][PASSED] - if (verifyEqual(a1, b1) == false): Actual object '1 160 716' and expected object '1 160 716' are equal

04-12-2024T08:43:58 - [MESSAGE][PASSED] - Actual object '1 160 716' and expected object '1 160 716' are equal

04-12-2024T08:43:58 - [TEST_STEP][PASSED] - if (verifyEqual(a2, b2) == false): Actual object '1 160 805' and expected object '1 160 805' are equal

04-12-2024T08:43:58 - [MESSAGE][PASSED] - Actual object '1 160 805' and expected object '1 160 805' are equal

04-12-2024T08:43:58 - [TEST_STEP][PASSED] - vidget = "Отклонения": null

04-12-2024T08:43:58 - [TEST_STEP][FAILED] - if (verifyEqual(a30, b30) == false): null

04-12-2024T08:43:58 - [MESSAGE][FAILED] - Unable to verify equal between actual object '-25.07' and expected object '0.01' (Root cause: com.kms.katalon.core.exception.StepFailedException: Actual object '-25.07' and expected object '0.01' are not equal
	at com.kms.katalon.core.keyword.builtin.VerifyEqualKeyword$_verifyEqual_closure1.doCall(VerifyEqualKeyword.groovy:58)
	at com.kms.katalon.core.keyword.builtin.VerifyEqualKeyword$_verifyEqual_closure1.call(VerifyEqualKeyword.groovy)
	at com.kms.katalon.core.keyword.internal.KeywordMain.runKeyword(KeywordMain.groovy:75)
	at com.kms.katalon.core.keyword.builtin.VerifyEqualKeyword.verifyEqual(VerifyEqualKeyword.groovy:63)
	at com.kms.katalon.core.keyword.builtin.VerifyEqualKeyword.execute(VerifyEqualKeyword.groovy:44)
	at com.kms.katalon.core.keyword.internal.KeywordExecutor.executeKeywordForPlatform(KeywordExecutor.groovy:74)
	at com.kms.katalon.core.keyword.BuiltinKeywords.verifyEqual(BuiltinKeywords.groovy:146)
	at jdk.internal.reflect.GeneratedMethodAccessor25.invoke(Unknown Source)
	at java.base/jdk.internal.reflect.DelegatingMethodAccessorImpl.invoke(DelegatingMethodAccessorImpl.java:43)
	at Выручка в рублях сверка дашбордов ПАО Россети.Blocks(Выручка в рублях сверка дашбордов ПАО Россети:357)
	at Выручка в рублях сверка дашбордов ПАО Россети.ViruchkaChange(Выручка в рублях сверка дашбордов ПАО Россети:60)
	at Выручка в рублях сверка дашбордов ПАО Россети.run(Выручка в рублях сверка дашбордов ПАО Россети:55)
	at com.kms.katalon.core.main.ScriptEngine.run(ScriptEngine.java:194)
	at com.kms.katalon.core.main.ScriptEngine.runScriptAsRawText(ScriptEngine.java:119)
	at com.kms.katalon.core.main.TestCaseExecutor.runScript(TestCaseExecutor.java:448)
	at com.kms.katalon.core.main.TestCaseExecutor.doExecute(TestCaseExecutor.java:439)
	at com.kms.katalon.core.main.TestCaseExecutor.processExecutionPhase(TestCaseExecutor.java:418)
	at com.kms.katalon.core.main.TestCaseExecutor.accessMainPhase(TestCaseExecutor.java:410)
	at com.kms.katalon.core.main.TestCaseExecutor.execute(TestCaseExecutor.java:285)
	at com.kms.katalon.core.common.CommonExecutor.accessTestCaseMainPhase(CommonExecutor.java:65)
	at com.kms.katalon.core.main.TestSuiteExecutor.accessTestSuiteMainPhase(TestSuiteExecutor.java:150)
	at com.kms.katalon.core.main.TestSuiteExecutor.execute(TestSuiteExecutor.java:106)
	at com.kms.katalon.core.main.TestCaseMain.startTestSuite(TestCaseMain.java:180)
	at TempTestSuite1733285972582.run(TempTestSuite1733285972582.groovy:35)
	at java.base/jdk.internal.reflect.NativeMethodAccessorImpl.invoke0(Native Method)
	at java.base/jdk.internal.reflect.NativeMethodAccessorImpl.invoke(NativeMethodAccessorImpl.java:77)
	at java.base/jdk.internal.reflect.DelegatingMethodAccessorImpl.invoke(DelegatingMethodAccessorImpl.java:43)
)

04-12-2024T08:43:58 - [TEST_STEP][PASSED] - a = replaceAll("\s+", "").toDouble(): null

04-12-2024T08:43:58 - [TEST_STEP][PASSED] - b = replaceAll("\s+", "").toDouble(): null

04-12-2024T08:43:58 - [TEST_STEP][PASSED] - Script1710234207206.WriteToExcel(todaysDate, run, vir, block, typeOfData, viruchka, vidget, nameOfBlock, a, b, dZO): null

04-12-2024T08:43:58 - [TEST_STEP][PASSED] - println(run): null

04-12-2024T08:43:58 - [TEST_STEP][PASSED] - if (run == 1): null

04-12-2024T08:43:58 - [TEST_STEP][PASSED] - else if (run == 2): null

04-12-2024T08:43:58 - [TEST_STEP][PASSED] - typeOfData = "Проценты": null

04-12-2024T08:43:58 - [TEST_STEP][PASSED] - println("todaysDate:" + todaysDate): null

04-12-2024T08:43:58 - [TEST_STEP][PASSED] - println("typeOfData:" + typeOfData): null

04-12-2024T08:43:58 - [TEST_STEP][PASSED] - viruchka = getText(findTestObject("Выручка в рублях/Фильтр Выручка" + nameOfBlock)): Text of object 'Object Repository/Выручка в рублях/Фильтр Выручка Выручка' is: 'ПЕРЕДАЧА ЭЛЕКТРОЭНЕРГИИ (ИТОГО, по всем видам тарифа)'

04-12-2024T08:43:59 - [MESSAGE][PASSED] - Text of object 'Object Repository/Выручка в рублях/Фильтр Выручка Выручка' is: 'ПЕРЕДАЧА ЭЛЕКТРОЭНЕРГИИ (ИТОГО, по всем видам тарифа)'

04-12-2024T08:43:59 - [TEST_STEP][PASSED] - println("viruchka" + viruchka): null

04-12-2024T08:43:59 - [TEST_STEP][PASSED] - println("vidget" + vidget): null

04-12-2024T08:43:59 - [TEST_STEP][PASSED] - println("a" + a): null

04-12-2024T08:43:59 - [TEST_STEP][PASSED] - println("b" + b): null

04-12-2024T08:43:59 - [TEST_STEP][PASSED] - sheetName = "Sheet1": null

04-12-2024T08:43:59 - [TEST_STEP][PASSED] - data = findTestData("PlanFact"): null

04-12-2024T08:43:59 - [TEST_STEP][PASSED] - n = data.getRowNumbers() + 1: null

04-12-2024T08:43:59 - [TEST_STEP][PASSED] - period = getText(findTestObject("Выручка в рублях/Фильтр Период")): Text of object 'Object Repository/Выручка в рублях/Фильтр Период' is: 'Октябрь и 1, 2, 3 кв. 2024 года'

04-12-2024T08:43:59 - [MESSAGE][PASSED] - Text of object 'Object Repository/Выручка в рублях/Фильтр Период' is: 'Октябрь и 1, 2, 3 кв. 2024 года'

04-12-2024T08:43:59 - [TEST_STEP][PASSED] - println(period): null

04-12-2024T08:43:59 - [TEST_STEP][PASSED] - dashboardName = "Выручка в рублях": null

04-12-2024T08:43:59 - [TEST_STEP][PASSED] - workbook01 = getWorkbook(excelFilePath): null

04-12-2024T08:43:59 - [TEST_STEP][PASSED] - sheet01 = getExcelSheet(workbook01, sheetName): null

04-12-2024T08:43:59 - [TEST_STEP][PASSED] - setValueToCellByIndex(sheet01, n, 0, dashboardName): null

04-12-2024T08:43:59 - [TEST_STEP][PASSED] - setValueToCellByIndex(sheet01, n, 1, dZO): null

04-12-2024T08:43:59 - [TEST_STEP][PASSED] - setValueToCellByIndex(sheet01, n, 2, vidget): null

04-12-2024T08:43:59 - [TEST_STEP][PASSED] - setValueToCellByIndex(sheet01, n, 3, viruchka): null

04-12-2024T08:43:59 - [TEST_STEP][PASSED] - setValueToCellByIndex(sheet01, n, 4, typeOfData): null

04-12-2024T08:43:59 - [TEST_STEP][PASSED] - if (a == null): null

04-12-2024T08:43:59 - [TEST_STEP][PASSED] - else: null

04-12-2024T08:43:59 - [TEST_STEP][PASSED] - setValueToCellByIndex(sheet01, n, 5, a): null

04-12-2024T08:43:59 - [TEST_STEP][PASSED] - if (b == null): null

04-12-2024T08:43:59 - [TEST_STEP][PASSED] - else: null

04-12-2024T08:43:59 - [TEST_STEP][PASSED] - setValueToCellByIndex(sheet01, n, 6, b): null

04-12-2024T08:43:59 - [TEST_STEP][PASSED] - setValueToCellByIndex(sheet01, n, 7, period): null

04-12-2024T08:43:59 - [TEST_STEP][PASSED] - setValueToCellByIndex(sheet01, n, 8, todaysDate): null

04-12-2024T08:43:59 - [TEST_STEP][PASSED] - n = n + 1: null

04-12-2024T08:43:59 - [TEST_STEP][PASSED] - saveWorkbook(excelFilePath, workbook01): null

04-12-2024T08:43:59 - [TEST_STEP][PASSED] - dZO = "АО «Тываэнерго»": null

04-12-2024T08:43:59 - [TEST_STEP][PASSED] - if (verifyEqual(a31, b31) == false): Actual object '310.93' and expected object '310.93' are equal

04-12-2024T08:43:59 - [MESSAGE][PASSED] - Actual object '310.93' and expected object '310.93' are equal

04-12-2024T08:43:59 - [TEST_STEP][PASSED] - dZO = "АО «Чеченэнерго»": null

04-12-2024T08:43:59 - [TEST_STEP][FAILED] - if (verifyEqual(a32, b32) == false): null

04-12-2024T08:43:59 - [MESSAGE][FAILED] - Unable to verify equal between actual object '-72.82' and expected object '-45.65' (Root cause: com.kms.katalon.core.exception.StepFailedException: Actual object '-72.82' and expected object '-45.65' are not equal
	at com.kms.katalon.core.keyword.builtin.VerifyEqualKeyword$_verifyEqual_closure1.doCall(VerifyEqualKeyword.groovy:58)
	at com.kms.katalon.core.keyword.builtin.VerifyEqualKeyword$_verifyEqual_closure1.call(VerifyEqualKeyword.groovy)
	at com.kms.katalon.core.keyword.internal.KeywordMain.runKeyword(KeywordMain.groovy:75)
	at com.kms.katalon.core.keyword.builtin.VerifyEqualKeyword.verifyEqual(VerifyEqualKeyword.groovy:63)
	at com.kms.katalon.core.keyword.builtin.VerifyEqualKeyword.execute(VerifyEqualKeyword.groovy:44)
	at com.kms.katalon.core.keyword.internal.KeywordExecutor.executeKeywordForPlatform(KeywordExecutor.groovy:74)
	at com.kms.katalon.core.keyword.BuiltinKeywords.verifyEqual(BuiltinKeywords.groovy:146)
	at jdk.internal.reflect.GeneratedMethodAccessor25.invoke(Unknown Source)
	at java.base/jdk.internal.reflect.DelegatingMethodAccessorImpl.invoke(DelegatingMethodAccessorImpl.java:43)
	at Выручка в рублях сверка дашбордов ПАО Россети.Blocks(Выручка в рублях сверка дашбордов ПАО Россети:377)
	at Выручка в рублях сверка дашбордов ПАО Россети.ViruchkaChange(Выручка в рублях сверка дашбордов ПАО Россети:60)
	at Выручка в рублях сверка дашбордов ПАО Россети.run(Выручка в рублях сверка дашбордов ПАО Россети:55)
	at com.kms.katalon.core.main.ScriptEngine.run(ScriptEngine.java:194)
	at com.kms.katalon.core.main.ScriptEngine.runScriptAsRawText(ScriptEngine.java:119)
	at com.kms.katalon.core.main.TestCaseExecutor.runScript(TestCaseExecutor.java:448)
	at com.kms.katalon.core.main.TestCaseExecutor.doExecute(TestCaseExecutor.java:439)
	at com.kms.katalon.core.main.TestCaseExecutor.processExecutionPhase(TestCaseExecutor.java:418)
	at com.kms.katalon.core.main.TestCaseExecutor.accessMainPhase(TestCaseExecutor.java:410)
	at com.kms.katalon.core.main.TestCaseExecutor.execute(TestCaseExecutor.java:285)
	at com.kms.katalon.core.common.CommonExecutor.accessTestCaseMainPhase(CommonExecutor.java:65)
	at com.kms.katalon.core.main.TestSuiteExecutor.accessTestSuiteMainPhase(TestSuiteExecutor.java:150)
	at com.kms.katalon.core.main.TestSuiteExecutor.execute(TestSuiteExecutor.java:106)
	at com.kms.katalon.core.main.TestCaseMain.startTestSuite(TestCaseMain.java:180)
	at TempTestSuite1733285972582.run(TempTestSuite1733285972582.groovy:35)
	at java.base/jdk.internal.reflect.NativeMethodAccessorImpl.invoke0(Native Method)
	at java.base/jdk.internal.reflect.NativeMethodAccessorImpl.invoke(NativeMethodAccessorImpl.java:77)
	at java.base/jdk.internal.reflect.DelegatingMethodAccessorImpl.invoke(DelegatingMethodAccessorImpl.java:43)
)

04-12-2024T08:43:59 - [TEST_STEP][PASSED] - a = replaceAll("\s+", "").toDouble(): null

04-12-2024T08:43:59 - [TEST_STEP][PASSED] - b = replaceAll("\s+", "").toDouble(): null

04-12-2024T08:43:59 - [TEST_STEP][PASSED] - Script1710234207206.WriteToExcel(todaysDate, run, vir, block, typeOfData, viruchka, vidget, nameOfBlock, a, b, dZO): null

04-12-2024T08:43:59 - [TEST_STEP][PASSED] - println(run): null

04-12-2024T08:43:59 - [TEST_STEP][PASSED] - if (run == 1): null

04-12-2024T08:43:59 - [TEST_STEP][PASSED] - else if (run == 2): null

04-12-2024T08:43:59 - [TEST_STEP][PASSED] - typeOfData = "Проценты": null

04-12-2024T08:43:59 - [TEST_STEP][PASSED] - println("todaysDate:" + todaysDate): null

04-12-2024T08:43:59 - [TEST_STEP][PASSED] - println("typeOfData:" + typeOfData): null

04-12-2024T08:43:59 - [TEST_STEP][PASSED] - viruchka = getText(findTestObject("Выручка в рублях/Фильтр Выручка" + nameOfBlock)): Text of object 'Object Repository/Выручка в рублях/Фильтр Выручка Выручка' is: 'ПЕРЕДАЧА ЭЛЕКТРОЭНЕРГИИ (ИТОГО, по всем видам тарифа)'

04-12-2024T08:44:00 - [MESSAGE][PASSED] - Text of object 'Object Repository/Выручка в рублях/Фильтр Выручка Выручка' is: 'ПЕРЕДАЧА ЭЛЕКТРОЭНЕРГИИ (ИТОГО, по всем видам тарифа)'

04-12-2024T08:44:00 - [TEST_STEP][PASSED] - println("viruchka" + viruchka): null

04-12-2024T08:44:00 - [TEST_STEP][PASSED] - println("vidget" + vidget): null

04-12-2024T08:44:00 - [TEST_STEP][PASSED] - println("a" + a): null

04-12-2024T08:44:00 - [TEST_STEP][PASSED] - println("b" + b): null

04-12-2024T08:44:00 - [TEST_STEP][PASSED] - sheetName = "Sheet1": null

04-12-2024T08:44:00 - [TEST_STEP][PASSED] - data = findTestData("PlanFact"): null

04-12-2024T08:44:00 - [TEST_STEP][PASSED] - n = data.getRowNumbers() + 1: null

04-12-2024T08:44:00 - [TEST_STEP][PASSED] - period = getText(findTestObject("Выручка в рублях/Фильтр Период")): Text of object 'Object Repository/Выручка в рублях/Фильтр Период' is: 'Октябрь и 1, 2, 3 кв. 2024 года'

04-12-2024T08:44:00 - [MESSAGE][PASSED] - Text of object 'Object Repository/Выручка в рублях/Фильтр Период' is: 'Октябрь и 1, 2, 3 кв. 2024 года'

04-12-2024T08:44:00 - [TEST_STEP][PASSED] - println(period): null

04-12-2024T08:44:00 - [TEST_STEP][PASSED] - dashboardName = "Выручка в рублях": null

04-12-2024T08:44:00 - [TEST_STEP][PASSED] - workbook01 = getWorkbook(excelFilePath): null

04-12-2024T08:44:00 - [TEST_STEP][PASSED] - sheet01 = getExcelSheet(workbook01, sheetName): null

04-12-2024T08:44:00 - [TEST_STEP][PASSED] - setValueToCellByIndex(sheet01, n, 0, dashboardName): null

04-12-2024T08:44:00 - [TEST_STEP][PASSED] - setValueToCellByIndex(sheet01, n, 1, dZO): null

04-12-2024T08:44:00 - [TEST_STEP][PASSED] - setValueToCellByIndex(sheet01, n, 2, vidget): null

04-12-2024T08:44:00 - [TEST_STEP][PASSED] - setValueToCellByIndex(sheet01, n, 3, viruchka): null

04-12-2024T08:44:00 - [TEST_STEP][PASSED] - setValueToCellByIndex(sheet01, n, 4, typeOfData): null

04-12-2024T08:44:00 - [TEST_STEP][PASSED] - if (a == null): null

04-12-2024T08:44:00 - [TEST_STEP][PASSED] - else: null

04-12-2024T08:44:00 - [TEST_STEP][PASSED] - setValueToCellByIndex(sheet01, n, 5, a): null

04-12-2024T08:44:00 - [TEST_STEP][PASSED] - if (b == null): null

04-12-2024T08:44:00 - [TEST_STEP][PASSED] - else: null

04-12-2024T08:44:00 - [TEST_STEP][PASSED] - setValueToCellByIndex(sheet01, n, 6, b): null

04-12-2024T08:44:00 - [TEST_STEP][PASSED] - setValueToCellByIndex(sheet01, n, 7, period): null

04-12-2024T08:44:00 - [TEST_STEP][PASSED] - setValueToCellByIndex(sheet01, n, 8, todaysDate): null

04-12-2024T08:44:00 - [TEST_STEP][PASSED] - n = n + 1: null

04-12-2024T08:44:00 - [TEST_STEP][PASSED] - saveWorkbook(excelFilePath, workbook01): null

04-12-2024T08:44:00 - [TEST_STEP][PASSED] - dZO = "Россети Волга": null

04-12-2024T08:44:00 - [TEST_STEP][FAILED] - if (verifyEqual(a33, b33) == false): null

04-12-2024T08:44:00 - [MESSAGE][FAILED] - Unable to verify equal between actual object '-49.88' and expected object '0.24' (Root cause: com.kms.katalon.core.exception.StepFailedException: Actual object '-49.88' and expected object '0.24' are not equal
	at com.kms.katalon.core.keyword.builtin.VerifyEqualKeyword$_verifyEqual_closure1.doCall(VerifyEqualKeyword.groovy:58)
	at com.kms.katalon.core.keyword.builtin.VerifyEqualKeyword$_verifyEqual_closure1.call(VerifyEqualKeyword.groovy)
	at com.kms.katalon.core.keyword.internal.KeywordMain.runKeyword(KeywordMain.groovy:75)
	at com.kms.katalon.core.keyword.builtin.VerifyEqualKeyword.verifyEqual(VerifyEqualKeyword.groovy:63)
	at com.kms.katalon.core.keyword.builtin.VerifyEqualKeyword.execute(VerifyEqualKeyword.groovy:44)
	at com.kms.katalon.core.keyword.internal.KeywordExecutor.executeKeywordForPlatform(KeywordExecutor.groovy:74)
	at com.kms.katalon.core.keyword.BuiltinKeywords.verifyEqual(BuiltinKeywords.groovy:146)
	at jdk.internal.reflect.GeneratedMethodAccessor25.invoke(Unknown Source)
	at java.base/jdk.internal.reflect.DelegatingMethodAccessorImpl.invoke(DelegatingMethodAccessorImpl.java:43)
	at Выручка в рублях сверка дашбордов ПАО Россети.Blocks(Выручка в рублях сверка дашбордов ПАО Россети:387)
	at Выручка в рублях сверка дашбордов ПАО Россети.ViruchkaChange(Выручка в рублях сверка дашбордов ПАО Россети:60)
	at Выручка в рублях сверка дашбордов ПАО Россети.run(Выручка в рублях сверка дашбордов ПАО Россети:55)
	at com.kms.katalon.core.main.ScriptEngine.run(ScriptEngine.java:194)
	at com.kms.katalon.core.main.ScriptEngine.runScriptAsRawText(ScriptEngine.java:119)
	at com.kms.katalon.core.main.TestCaseExecutor.runScript(TestCaseExecutor.java:448)
	at com.kms.katalon.core.main.TestCaseExecutor.doExecute(TestCaseExecutor.java:439)
	at com.kms.katalon.core.main.TestCaseExecutor.processExecutionPhase(TestCaseExecutor.java:418)
	at com.kms.katalon.core.main.TestCaseExecutor.accessMainPhase(TestCaseExecutor.java:410)
	at com.kms.katalon.core.main.TestCaseExecutor.execute(TestCaseExecutor.java:285)
	at com.kms.katalon.core.common.CommonExecutor.accessTestCaseMainPhase(CommonExecutor.java:65)
	at com.kms.katalon.core.main.TestSuiteExecutor.accessTestSuiteMainPhase(TestSuiteExecutor.java:150)
	at com.kms.katalon.core.main.TestSuiteExecutor.execute(TestSuiteExecutor.java:106)
	at com.kms.katalon.core.main.TestCaseMain.startTestSuite(TestCaseMain.java:180)
	at TempTestSuite1733285972582.run(TempTestSuite1733285972582.groovy:35)
	at java.base/jdk.internal.reflect.NativeMethodAccessorImpl.invoke0(Native Method)
	at java.base/jdk.internal.reflect.NativeMethodAccessorImpl.invoke(NativeMethodAccessorImpl.java:77)
	at java.base/jdk.internal.reflect.DelegatingMethodAccessorImpl.invoke(DelegatingMethodAccessorImpl.java:43)
)

04-12-2024T08:44:00 - [TEST_STEP][PASSED] - a = replaceAll("\s+", "").toDouble(): null

04-12-2024T08:44:00 - [TEST_STEP][PASSED] - b = replaceAll("\s+", "").toDouble(): null

04-12-2024T08:44:00 - [TEST_STEP][PASSED] - Script1710234207206.WriteToExcel(todaysDate, run, vir, block, typeOfData, viruchka, vidget, nameOfBlock, a, b, dZO): null

04-12-2024T08:44:00 - [TEST_STEP][PASSED] - println(run): null

04-12-2024T08:44:00 - [TEST_STEP][PASSED] - if (run == 1): null

04-12-2024T08:44:00 - [TEST_STEP][PASSED] - else if (run == 2): null

04-12-2024T08:44:00 - [TEST_STEP][PASSED] - typeOfData = "Проценты": null

04-12-2024T08:44:00 - [TEST_STEP][PASSED] - println("todaysDate:" + todaysDate): null

04-12-2024T08:44:00 - [TEST_STEP][PASSED] - println("typeOfData:" + typeOfData): null

04-12-2024T08:44:00 - [TEST_STEP][PASSED] - viruchka = getText(findTestObject("Выручка в рублях/Фильтр Выручка" + nameOfBlock)): Text of object 'Object Repository/Выручка в рублях/Фильтр Выручка Выручка' is: 'ПЕРЕДАЧА ЭЛЕКТРОЭНЕРГИИ (ИТОГО, по всем видам тарифа)'

04-12-2024T08:44:01 - [MESSAGE][PASSED] - Text of object 'Object Repository/Выручка в рублях/Фильтр Выручка Выручка' is: 'ПЕРЕДАЧА ЭЛЕКТРОЭНЕРГИИ (ИТОГО, по всем видам тарифа)'

04-12-2024T08:44:01 - [TEST_STEP][PASSED] - println("viruchka" + viruchka): null

04-12-2024T08:44:01 - [TEST_STEP][PASSED] - println("vidget" + vidget): null

04-12-2024T08:44:01 - [TEST_STEP][PASSED] - println("a" + a): null

04-12-2024T08:44:01 - [TEST_STEP][PASSED] - println("b" + b): null

04-12-2024T08:44:01 - [TEST_STEP][PASSED] - sheetName = "Sheet1": null

04-12-2024T08:44:01 - [TEST_STEP][PASSED] - data = findTestData("PlanFact"): null

04-12-2024T08:44:01 - [TEST_STEP][PASSED] - n = data.getRowNumbers() + 1: null

04-12-2024T08:44:01 - [TEST_STEP][PASSED] - period = getText(findTestObject("Выручка в рублях/Фильтр Период")): Text of object 'Object Repository/Выручка в рублях/Фильтр Период' is: 'Октябрь и 1, 2, 3 кв. 2024 года'

04-12-2024T08:44:01 - [MESSAGE][PASSED] - Text of object 'Object Repository/Выручка в рублях/Фильтр Период' is: 'Октябрь и 1, 2, 3 кв. 2024 года'

04-12-2024T08:44:01 - [TEST_STEP][PASSED] - println(period): null

04-12-2024T08:44:01 - [TEST_STEP][PASSED] - dashboardName = "Выручка в рублях": null

04-12-2024T08:44:01 - [TEST_STEP][PASSED] - workbook01 = getWorkbook(excelFilePath): null

04-12-2024T08:44:01 - [TEST_STEP][PASSED] - sheet01 = getExcelSheet(workbook01, sheetName): null

04-12-2024T08:44:01 - [TEST_STEP][PASSED] - setValueToCellByIndex(sheet01, n, 0, dashboardName): null

04-12-2024T08:44:01 - [TEST_STEP][PASSED] - setValueToCellByIndex(sheet01, n, 1, dZO): null

04-12-2024T08:44:01 - [TEST_STEP][PASSED] - setValueToCellByIndex(sheet01, n, 2, vidget): null

04-12-2024T08:44:01 - [TEST_STEP][PASSED] - setValueToCellByIndex(sheet01, n, 3, viruchka): null

04-12-2024T08:44:01 - [TEST_STEP][PASSED] - setValueToCellByIndex(sheet01, n, 4, typeOfData): null

04-12-2024T08:44:01 - [TEST_STEP][PASSED] - if (a == null): null

04-12-2024T08:44:01 - [TEST_STEP][PASSED] - else: null

04-12-2024T08:44:01 - [TEST_STEP][PASSED] - setValueToCellByIndex(sheet01, n, 5, a): null

04-12-2024T08:44:01 - [TEST_STEP][PASSED] - if (b == null): null

04-12-2024T08:44:01 - [TEST_STEP][PASSED] - else: null

04-12-2024T08:44:01 - [TEST_STEP][PASSED] - setValueToCellByIndex(sheet01, n, 6, b): null

04-12-2024T08:44:01 - [TEST_STEP][PASSED] - setValueToCellByIndex(sheet01, n, 7, period): null

04-12-2024T08:44:01 - [TEST_STEP][PASSED] - setValueToCellByIndex(sheet01, n, 8, todaysDate): null

04-12-2024T08:44:01 - [TEST_STEP][PASSED] - n = n + 1: null

04-12-2024T08:44:01 - [TEST_STEP][PASSED] - saveWorkbook(excelFilePath, workbook01): null

04-12-2024T08:44:01 - [TEST_STEP][PASSED] - dZO = "Россети Кубань": null

04-12-2024T08:44:01 - [TEST_STEP][FAILED] - if (verifyEqual(a34, b34) == false): null

04-12-2024T08:44:01 - [MESSAGE][FAILED] - Unable to verify equal between actual object '-46.84' and expected object '6.32' (Root cause: com.kms.katalon.core.exception.StepFailedException: Actual object '-46.84' and expected object '6.32' are not equal
	at com.kms.katalon.core.keyword.builtin.VerifyEqualKeyword$_verifyEqual_closure1.doCall(VerifyEqualKeyword.groovy:58)
	at com.kms.katalon.core.keyword.builtin.VerifyEqualKeyword$_verifyEqual_closure1.call(VerifyEqualKeyword.groovy)
	at com.kms.katalon.core.keyword.internal.KeywordMain.runKeyword(KeywordMain.groovy:75)
	at com.kms.katalon.core.keyword.builtin.VerifyEqualKeyword.verifyEqual(VerifyEqualKeyword.groovy:63)
	at com.kms.katalon.core.keyword.builtin.VerifyEqualKeyword.execute(VerifyEqualKeyword.groovy:44)
	at com.kms.katalon.core.keyword.internal.KeywordExecutor.executeKeywordForPlatform(KeywordExecutor.groovy:74)
	at com.kms.katalon.core.keyword.BuiltinKeywords.verifyEqual(BuiltinKeywords.groovy:146)
	at jdk.internal.reflect.GeneratedMethodAccessor25.invoke(Unknown Source)
	at java.base/jdk.internal.reflect.DelegatingMethodAccessorImpl.invoke(DelegatingMethodAccessorImpl.java:43)
	at Выручка в рублях сверка дашбордов ПАО Россети.Blocks(Выручка в рублях сверка дашбордов ПАО Россети:397)
	at Выручка в рублях сверка дашбордов ПАО Россети.ViruchkaChange(Выручка в рублях сверка дашбордов ПАО Россети:60)
	at Выручка в рублях сверка дашбордов ПАО Россети.run(Выручка в рублях сверка дашбордов ПАО Россети:55)
	at com.kms.katalon.core.main.ScriptEngine.run(ScriptEngine.java:194)
	at com.kms.katalon.core.main.ScriptEngine.runScriptAsRawText(ScriptEngine.java:119)
	at com.kms.katalon.core.main.TestCaseExecutor.runScript(TestCaseExecutor.java:448)
	at com.kms.katalon.core.main.TestCaseExecutor.doExecute(TestCaseExecutor.java:439)
	at com.kms.katalon.core.main.TestCaseExecutor.processExecutionPhase(TestCaseExecutor.java:418)
	at com.kms.katalon.core.main.TestCaseExecutor.accessMainPhase(TestCaseExecutor.java:410)
	at com.kms.katalon.core.main.TestCaseExecutor.execute(TestCaseExecutor.java:285)
	at com.kms.katalon.core.common.CommonExecutor.accessTestCaseMainPhase(CommonExecutor.java:65)
	at com.kms.katalon.core.main.TestSuiteExecutor.accessTestSuiteMainPhase(TestSuiteExecutor.java:150)
	at com.kms.katalon.core.main.TestSuiteExecutor.execute(TestSuiteExecutor.java:106)
	at com.kms.katalon.core.main.TestCaseMain.startTestSuite(TestCaseMain.java:180)
	at TempTestSuite1733285972582.run(TempTestSuite1733285972582.groovy:35)
	at java.base/jdk.internal.reflect.NativeMethodAccessorImpl.invoke0(Native Method)
	at java.base/jdk.internal.reflect.NativeMethodAccessorImpl.invoke(NativeMethodAccessorImpl.java:77)
	at java.base/jdk.internal.reflect.DelegatingMethodAccessorImpl.invoke(DelegatingMethodAccessorImpl.java:43)
)

04-12-2024T08:44:01 - [TEST_STEP][PASSED] - a = replaceAll("\s+", "").toDouble(): null

04-12-2024T08:44:01 - [TEST_STEP][PASSED] - b = replaceAll("\s+", "").toDouble(): null

04-12-2024T08:44:01 - [TEST_STEP][PASSED] - Script1710234207206.WriteToExcel(todaysDate, run, vir, block, typeOfData, viruchka, vidget, nameOfBlock, a, b, dZO): null

04-12-2024T08:44:01 - [TEST_STEP][PASSED] - println(run): null

04-12-2024T08:44:01 - [TEST_STEP][PASSED] - if (run == 1): null

04-12-2024T08:44:01 - [TEST_STEP][PASSED] - else if (run == 2): null

04-12-2024T08:44:01 - [TEST_STEP][PASSED] - typeOfData = "Проценты": null

04-12-2024T08:44:01 - [TEST_STEP][PASSED] - println("todaysDate:" + todaysDate): null

04-12-2024T08:44:01 - [TEST_STEP][PASSED] - println("typeOfData:" + typeOfData): null

04-12-2024T08:44:01 - [TEST_STEP][PASSED] - viruchka = getText(findTestObject("Выручка в рублях/Фильтр Выручка" + nameOfBlock)): Text of object 'Object Repository/Выручка в рублях/Фильтр Выручка Выручка' is: 'ПЕРЕДАЧА ЭЛЕКТРОЭНЕРГИИ (ИТОГО, по всем видам тарифа)'

04-12-2024T08:44:02 - [MESSAGE][PASSED] - Text of object 'Object Repository/Выручка в рублях/Фильтр Выручка Выручка' is: 'ПЕРЕДАЧА ЭЛЕКТРОЭНЕРГИИ (ИТОГО, по всем видам тарифа)'

04-12-2024T08:44:02 - [TEST_STEP][PASSED] - println("viruchka" + viruchka): null

04-12-2024T08:44:02 - [TEST_STEP][PASSED] - println("vidget" + vidget): null

04-12-2024T08:44:02 - [TEST_STEP][PASSED] - println("a" + a): null

04-12-2024T08:44:02 - [TEST_STEP][PASSED] - println("b" + b): null

04-12-2024T08:44:02 - [TEST_STEP][PASSED] - sheetName = "Sheet1": null

04-12-2024T08:44:02 - [TEST_STEP][PASSED] - data = findTestData("PlanFact"): null

04-12-2024T08:44:02 - [TEST_STEP][PASSED] - n = data.getRowNumbers() + 1: null

04-12-2024T08:44:02 - [TEST_STEP][PASSED] - period = getText(findTestObject("Выручка в рублях/Фильтр Период")): Text of object 'Object Repository/Выручка в рублях/Фильтр Период' is: 'Октябрь и 1, 2, 3 кв. 2024 года'

04-12-2024T08:44:02 - [MESSAGE][PASSED] - Text of object 'Object Repository/Выручка в рублях/Фильтр Период' is: 'Октябрь и 1, 2, 3 кв. 2024 года'

04-12-2024T08:44:02 - [TEST_STEP][PASSED] - println(period): null

04-12-2024T08:44:02 - [TEST_STEP][PASSED] - dashboardName = "Выручка в рублях": null

04-12-2024T08:44:02 - [TEST_STEP][PASSED] - workbook01 = getWorkbook(excelFilePath): null

04-12-2024T08:44:02 - [TEST_STEP][PASSED] - sheet01 = getExcelSheet(workbook01, sheetName): null

04-12-2024T08:44:02 - [TEST_STEP][PASSED] - setValueToCellByIndex(sheet01, n, 0, dashboardName): null

04-12-2024T08:44:02 - [TEST_STEP][PASSED] - setValueToCellByIndex(sheet01, n, 1, dZO): null

04-12-2024T08:44:02 - [TEST_STEP][PASSED] - setValueToCellByIndex(sheet01, n, 2, vidget): null

04-12-2024T08:44:02 - [TEST_STEP][PASSED] - setValueToCellByIndex(sheet01, n, 3, viruchka): null

04-12-2024T08:44:02 - [TEST_STEP][PASSED] - setValueToCellByIndex(sheet01, n, 4, typeOfData): null

04-12-2024T08:44:02 - [TEST_STEP][PASSED] - if (a == null): null

04-12-2024T08:44:02 - [TEST_STEP][PASSED] - else: null

04-12-2024T08:44:02 - [TEST_STEP][PASSED] - setValueToCellByIndex(sheet01, n, 5, a): null

04-12-2024T08:44:02 - [TEST_STEP][PASSED] - if (b == null): null

04-12-2024T08:44:02 - [TEST_STEP][PASSED] - else: null

04-12-2024T08:44:02 - [TEST_STEP][PASSED] - setValueToCellByIndex(sheet01, n, 6, b): null

04-12-2024T08:44:02 - [TEST_STEP][PASSED] - setValueToCellByIndex(sheet01, n, 7, period): null

04-12-2024T08:44:02 - [TEST_STEP][PASSED] - setValueToCellByIndex(sheet01, n, 8, todaysDate): null

04-12-2024T08:44:02 - [TEST_STEP][PASSED] - n = n + 1: null

04-12-2024T08:44:02 - [TEST_STEP][PASSED] - saveWorkbook(excelFilePath, workbook01): null

04-12-2024T08:44:02 - [TEST_STEP][PASSED] - dZO = "Россети Ленэнерго (ГК)": null

04-12-2024T08:44:02 - [TEST_STEP][FAILED] - if (verifyEqual(a35, b35) == false): null

04-12-2024T08:44:02 - [MESSAGE][FAILED] - Unable to verify equal between actual object '-47.31' and expected object '5.38' (Root cause: com.kms.katalon.core.exception.StepFailedException: Actual object '-47.31' and expected object '5.38' are not equal
	at com.kms.katalon.core.keyword.builtin.VerifyEqualKeyword$_verifyEqual_closure1.doCall(VerifyEqualKeyword.groovy:58)
	at com.kms.katalon.core.keyword.builtin.VerifyEqualKeyword$_verifyEqual_closure1.call(VerifyEqualKeyword.groovy)
	at com.kms.katalon.core.keyword.internal.KeywordMain.runKeyword(KeywordMain.groovy:75)
	at com.kms.katalon.core.keyword.builtin.VerifyEqualKeyword.verifyEqual(VerifyEqualKeyword.groovy:63)
	at com.kms.katalon.core.keyword.builtin.VerifyEqualKeyword.execute(VerifyEqualKeyword.groovy:44)
	at com.kms.katalon.core.keyword.internal.KeywordExecutor.executeKeywordForPlatform(KeywordExecutor.groovy:74)
	at com.kms.katalon.core.keyword.BuiltinKeywords.verifyEqual(BuiltinKeywords.groovy:146)
	at jdk.internal.reflect.GeneratedMethodAccessor25.invoke(Unknown Source)
	at java.base/jdk.internal.reflect.DelegatingMethodAccessorImpl.invoke(DelegatingMethodAccessorImpl.java:43)
	at Выручка в рублях сверка дашбордов ПАО Россети.Blocks(Выручка в рублях сверка дашбордов ПАО Россети:407)
	at Выручка в рублях сверка дашбордов ПАО Россети.ViruchkaChange(Выручка в рублях сверка дашбордов ПАО Россети:60)
	at Выручка в рублях сверка дашбордов ПАО Россети.run(Выручка в рублях сверка дашбордов ПАО Россети:55)
	at com.kms.katalon.core.main.ScriptEngine.run(ScriptEngine.java:194)
	at com.kms.katalon.core.main.ScriptEngine.runScriptAsRawText(ScriptEngine.java:119)
	at com.kms.katalon.core.main.TestCaseExecutor.runScript(TestCaseExecutor.java:448)
	at com.kms.katalon.core.main.TestCaseExecutor.doExecute(TestCaseExecutor.java:439)
	at com.kms.katalon.core.main.TestCaseExecutor.processExecutionPhase(TestCaseExecutor.java:418)
	at com.kms.katalon.core.main.TestCaseExecutor.accessMainPhase(TestCaseExecutor.java:410)
	at com.kms.katalon.core.main.TestCaseExecutor.execute(TestCaseExecutor.java:285)
	at com.kms.katalon.core.common.CommonExecutor.accessTestCaseMainPhase(CommonExecutor.java:65)
	at com.kms.katalon.core.main.TestSuiteExecutor.accessTestSuiteMainPhase(TestSuiteExecutor.java:150)
	at com.kms.katalon.core.main.TestSuiteExecutor.execute(TestSuiteExecutor.java:106)
	at com.kms.katalon.core.main.TestCaseMain.startTestSuite(TestCaseMain.java:180)
	at TempTestSuite1733285972582.run(TempTestSuite1733285972582.groovy:35)
	at java.base/jdk.internal.reflect.NativeMethodAccessorImpl.invoke0(Native Method)
	at java.base/jdk.internal.reflect.NativeMethodAccessorImpl.invoke(NativeMethodAccessorImpl.java:77)
	at java.base/jdk.internal.reflect.DelegatingMethodAccessorImpl.invoke(DelegatingMethodAccessorImpl.java:43)
)

04-12-2024T08:44:02 - [TEST_STEP][PASSED] - a = replaceAll("\s+", "").toDouble(): null

04-12-2024T08:44:02 - [TEST_STEP][PASSED] - b = replaceAll("\s+", "").toDouble(): null

04-12-2024T08:44:02 - [TEST_STEP][PASSED] - Script1710234207206.WriteToExcel(todaysDate, run, vir, block, typeOfData, viruchka, vidget, nameOfBlock, a, b, dZO): null

04-12-2024T08:44:02 - [TEST_STEP][PASSED] - println(run): null

04-12-2024T08:44:02 - [TEST_STEP][PASSED] - if (run == 1): null

04-12-2024T08:44:02 - [TEST_STEP][PASSED] - else if (run == 2): null

04-12-2024T08:44:02 - [TEST_STEP][PASSED] - typeOfData = "Проценты": null

04-12-2024T08:44:02 - [TEST_STEP][PASSED] - println("todaysDate:" + todaysDate): null

04-12-2024T08:44:02 - [TEST_STEP][PASSED] - println("typeOfData:" + typeOfData): null

04-12-2024T08:44:02 - [TEST_STEP][PASSED] - viruchka = getText(findTestObject("Выручка в рублях/Фильтр Выручка" + nameOfBlock)): Text of object 'Object Repository/Выручка в рублях/Фильтр Выручка Выручка' is: 'ПЕРЕДАЧА ЭЛЕКТРОЭНЕРГИИ (ИТОГО, по всем видам тарифа)'

04-12-2024T08:44:03 - [MESSAGE][PASSED] - Text of object 'Object Repository/Выручка в рублях/Фильтр Выручка Выручка' is: 'ПЕРЕДАЧА ЭЛЕКТРОЭНЕРГИИ (ИТОГО, по всем видам тарифа)'

04-12-2024T08:44:03 - [TEST_STEP][PASSED] - println("viruchka" + viruchka): null

04-12-2024T08:44:03 - [TEST_STEP][PASSED] - println("vidget" + vidget): null

04-12-2024T08:44:03 - [TEST_STEP][PASSED] - println("a" + a): null

04-12-2024T08:44:03 - [TEST_STEP][PASSED] - println("b" + b): null

04-12-2024T08:44:03 - [TEST_STEP][PASSED] - sheetName = "Sheet1": null

04-12-2024T08:44:03 - [TEST_STEP][PASSED] - data = findTestData("PlanFact"): null

04-12-2024T08:44:03 - [TEST_STEP][PASSED] - n = data.getRowNumbers() + 1: null

04-12-2024T08:44:03 - [TEST_STEP][PASSED] - period = getText(findTestObject("Выручка в рублях/Фильтр Период")): Text of object 'Object Repository/Выручка в рублях/Фильтр Период' is: 'Октябрь и 1, 2, 3 кв. 2024 года'

04-12-2024T08:44:03 - [MESSAGE][PASSED] - Text of object 'Object Repository/Выручка в рублях/Фильтр Период' is: 'Октябрь и 1, 2, 3 кв. 2024 года'

04-12-2024T08:44:03 - [TEST_STEP][PASSED] - println(period): null

04-12-2024T08:44:03 - [TEST_STEP][PASSED] - dashboardName = "Выручка в рублях": null

04-12-2024T08:44:03 - [TEST_STEP][PASSED] - workbook01 = getWorkbook(excelFilePath): null

04-12-2024T08:44:03 - [TEST_STEP][PASSED] - sheet01 = getExcelSheet(workbook01, sheetName): null

04-12-2024T08:44:03 - [TEST_STEP][PASSED] - setValueToCellByIndex(sheet01, n, 0, dashboardName): null

04-12-2024T08:44:03 - [TEST_STEP][PASSED] - setValueToCellByIndex(sheet01, n, 1, dZO): null

04-12-2024T08:44:03 - [TEST_STEP][PASSED] - setValueToCellByIndex(sheet01, n, 2, vidget): null

04-12-2024T08:44:03 - [TEST_STEP][PASSED] - setValueToCellByIndex(sheet01, n, 3, viruchka): null

04-12-2024T08:44:03 - [TEST_STEP][PASSED] - setValueToCellByIndex(sheet01, n, 4, typeOfData): null

04-12-2024T08:44:03 - [TEST_STEP][PASSED] - if (a == null): null

04-12-2024T08:44:03 - [TEST_STEP][PASSED] - else: null

04-12-2024T08:44:03 - [TEST_STEP][PASSED] - setValueToCellByIndex(sheet01, n, 5, a): null

04-12-2024T08:44:03 - [TEST_STEP][PASSED] - if (b == null): null

04-12-2024T08:44:03 - [TEST_STEP][PASSED] - else: null

04-12-2024T08:44:03 - [TEST_STEP][PASSED] - setValueToCellByIndex(sheet01, n, 6, b): null

04-12-2024T08:44:03 - [TEST_STEP][PASSED] - setValueToCellByIndex(sheet01, n, 7, period): null

04-12-2024T08:44:03 - [TEST_STEP][PASSED] - setValueToCellByIndex(sheet01, n, 8, todaysDate): null

04-12-2024T08:44:03 - [TEST_STEP][PASSED] - n = n + 1: null

04-12-2024T08:44:03 - [TEST_STEP][PASSED] - saveWorkbook(excelFilePath, workbook01): null

04-12-2024T08:44:03 - [TEST_STEP][PASSED] - dZO = "Россети Московский регион": null

04-12-2024T08:44:03 - [TEST_STEP][PASSED] - if (verifyEqual(a36, b36) == false): Actual object '4.39' and expected object '4.39' are equal

04-12-2024T08:44:03 - [MESSAGE][PASSED] - Actual object '4.39' and expected object '4.39' are equal

04-12-2024T08:44:03 - [TEST_STEP][PASSED] - dZO = "Россети Северный Кавказ (ГК)": null

04-12-2024T08:44:03 - [TEST_STEP][FAILED] - if (verifyEqual(a37, b37) == false): null

04-12-2024T08:44:03 - [MESSAGE][FAILED] - Unable to verify equal between actual object '-49.02' and expected object '2.26' (Root cause: com.kms.katalon.core.exception.StepFailedException: Actual object '-49.02' and expected object '2.26' are not equal
	at com.kms.katalon.core.keyword.builtin.VerifyEqualKeyword$_verifyEqual_closure1.doCall(VerifyEqualKeyword.groovy:58)
	at com.kms.katalon.core.keyword.builtin.VerifyEqualKeyword$_verifyEqual_closure1.call(VerifyEqualKeyword.groovy)
	at com.kms.katalon.core.keyword.internal.KeywordMain.runKeyword(KeywordMain.groovy:75)
	at com.kms.katalon.core.keyword.builtin.VerifyEqualKeyword.verifyEqual(VerifyEqualKeyword.groovy:63)
	at com.kms.katalon.core.keyword.builtin.VerifyEqualKeyword.execute(VerifyEqualKeyword.groovy:44)
	at com.kms.katalon.core.keyword.internal.KeywordExecutor.executeKeywordForPlatform(KeywordExecutor.groovy:74)
	at com.kms.katalon.core.keyword.BuiltinKeywords.verifyEqual(BuiltinKeywords.groovy:146)
	at jdk.internal.reflect.GeneratedMethodAccessor25.invoke(Unknown Source)
	at java.base/jdk.internal.reflect.DelegatingMethodAccessorImpl.invoke(DelegatingMethodAccessorImpl.java:43)
	at Выручка в рублях сверка дашбордов ПАО Россети.Blocks(Выручка в рублях сверка дашбордов ПАО Россети:427)
	at Выручка в рублях сверка дашбордов ПАО Россети.ViruchkaChange(Выручка в рублях сверка дашбордов ПАО Россети:60)
	at Выручка в рублях сверка дашбордов ПАО Россети.run(Выручка в рублях сверка дашбордов ПАО Россети:55)
	at com.kms.katalon.core.main.ScriptEngine.run(ScriptEngine.java:194)
	at com.kms.katalon.core.main.ScriptEngine.runScriptAsRawText(ScriptEngine.java:119)
	at com.kms.katalon.core.main.TestCaseExecutor.runScript(TestCaseExecutor.java:448)
	at com.kms.katalon.core.main.TestCaseExecutor.doExecute(TestCaseExecutor.java:439)
	at com.kms.katalon.core.main.TestCaseExecutor.processExecutionPhase(TestCaseExecutor.java:418)
	at com.kms.katalon.core.main.TestCaseExecutor.accessMainPhase(TestCaseExecutor.java:410)
	at com.kms.katalon.core.main.TestCaseExecutor.execute(TestCaseExecutor.java:285)
	at com.kms.katalon.core.common.CommonExecutor.accessTestCaseMainPhase(CommonExecutor.java:65)
	at com.kms.katalon.core.main.TestSuiteExecutor.accessTestSuiteMainPhase(TestSuiteExecutor.java:150)
	at com.kms.katalon.core.main.TestSuiteExecutor.execute(TestSuiteExecutor.java:106)
	at com.kms.katalon.core.main.TestCaseMain.startTestSuite(TestCaseMain.java:180)
	at TempTestSuite1733285972582.run(TempTestSuite1733285972582.groovy:35)
	at java.base/jdk.internal.reflect.NativeMethodAccessorImpl.invoke0(Native Method)
	at java.base/jdk.internal.reflect.NativeMethodAccessorImpl.invoke(NativeMethodAccessorImpl.java:77)
	at java.base/jdk.internal.reflect.DelegatingMethodAccessorImpl.invoke(DelegatingMethodAccessorImpl.java:43)
)

04-12-2024T08:44:03 - [TEST_STEP][PASSED] - a = replaceAll("\s+", "").toDouble(): null

04-12-2024T08:44:03 - [TEST_STEP][PASSED] - b = replaceAll("\s+", "").toDouble(): null

04-12-2024T08:44:03 - [TEST_STEP][PASSED] - Script1710234207206.WriteToExcel(todaysDate, run, vir, block, typeOfData, viruchka, vidget, nameOfBlock, a, b, dZO): null

04-12-2024T08:44:03 - [TEST_STEP][PASSED] - println(run): null

04-12-2024T08:44:03 - [TEST_STEP][PASSED] - if (run == 1): null

04-12-2024T08:44:03 - [TEST_STEP][PASSED] - else if (run == 2): null

04-12-2024T08:44:03 - [TEST_STEP][PASSED] - typeOfData = "Проценты": null

04-12-2024T08:44:03 - [TEST_STEP][PASSED] - println("todaysDate:" + todaysDate): null

04-12-2024T08:44:03 - [TEST_STEP][PASSED] - println("typeOfData:" + typeOfData): null

04-12-2024T08:44:03 - [TEST_STEP][PASSED] - viruchka = getText(findTestObject("Выручка в рублях/Фильтр Выручка" + nameOfBlock)): Text of object 'Object Repository/Выручка в рублях/Фильтр Выручка Выручка' is: 'ПЕРЕДАЧА ЭЛЕКТРОЭНЕРГИИ (ИТОГО, по всем видам тарифа)'

04-12-2024T08:44:04 - [MESSAGE][PASSED] - Text of object 'Object Repository/Выручка в рублях/Фильтр Выручка Выручка' is: 'ПЕРЕДАЧА ЭЛЕКТРОЭНЕРГИИ (ИТОГО, по всем видам тарифа)'

04-12-2024T08:44:04 - [TEST_STEP][PASSED] - println("viruchka" + viruchka): null

04-12-2024T08:44:04 - [TEST_STEP][PASSED] - println("vidget" + vidget): null

04-12-2024T08:44:04 - [TEST_STEP][PASSED] - println("a" + a): null

04-12-2024T08:44:04 - [TEST_STEP][PASSED] - println("b" + b): null

04-12-2024T08:44:04 - [TEST_STEP][PASSED] - sheetName = "Sheet1": null

04-12-2024T08:44:04 - [TEST_STEP][PASSED] - data = findTestData("PlanFact"): null

04-12-2024T08:44:04 - [TEST_STEP][PASSED] - n = data.getRowNumbers() + 1: null

04-12-2024T08:44:04 - [TEST_STEP][PASSED] - period = getText(findTestObject("Выручка в рублях/Фильтр Период")): Text of object 'Object Repository/Выручка в рублях/Фильтр Период' is: 'Октябрь и 1, 2, 3 кв. 2024 года'

04-12-2024T08:44:04 - [MESSAGE][PASSED] - Text of object 'Object Repository/Выручка в рублях/Фильтр Период' is: 'Октябрь и 1, 2, 3 кв. 2024 года'

04-12-2024T08:44:04 - [TEST_STEP][PASSED] - println(period): null

04-12-2024T08:44:04 - [TEST_STEP][PASSED] - dashboardName = "Выручка в рублях": null

04-12-2024T08:44:04 - [TEST_STEP][PASSED] - workbook01 = getWorkbook(excelFilePath): null

04-12-2024T08:44:04 - [TEST_STEP][PASSED] - sheet01 = getExcelSheet(workbook01, sheetName): null

04-12-2024T08:44:04 - [TEST_STEP][PASSED] - setValueToCellByIndex(sheet01, n, 0, dashboardName): null

04-12-2024T08:44:04 - [TEST_STEP][PASSED] - setValueToCellByIndex(sheet01, n, 1, dZO): null

04-12-2024T08:44:04 - [TEST_STEP][PASSED] - setValueToCellByIndex(sheet01, n, 2, vidget): null

04-12-2024T08:44:04 - [TEST_STEP][PASSED] - setValueToCellByIndex(sheet01, n, 3, viruchka): null

04-12-2024T08:44:04 - [TEST_STEP][PASSED] - setValueToCellByIndex(sheet01, n, 4, typeOfData): null

04-12-2024T08:44:04 - [TEST_STEP][PASSED] - if (a == null): null

04-12-2024T08:44:04 - [TEST_STEP][PASSED] - else: null

04-12-2024T08:44:04 - [TEST_STEP][PASSED] - setValueToCellByIndex(sheet01, n, 5, a): null

04-12-2024T08:44:04 - [TEST_STEP][PASSED] - if (b == null): null

04-12-2024T08:44:04 - [TEST_STEP][PASSED] - else: null

04-12-2024T08:44:04 - [TEST_STEP][PASSED] - setValueToCellByIndex(sheet01, n, 6, b): null

04-12-2024T08:44:04 - [TEST_STEP][PASSED] - setValueToCellByIndex(sheet01, n, 7, period): null

04-12-2024T08:44:04 - [TEST_STEP][PASSED] - setValueToCellByIndex(sheet01, n, 8, todaysDate): null

04-12-2024T08:44:04 - [TEST_STEP][PASSED] - n = n + 1: null

04-12-2024T08:44:04 - [TEST_STEP][PASSED] - saveWorkbook(excelFilePath, workbook01): null

04-12-2024T08:44:04 - [TEST_STEP][PASSED] - dZO = "Россети Северо-Запад": null

04-12-2024T08:44:04 - [TEST_STEP][PASSED] - if (verifyEqual(a38, b38) == false): Actual object '2.01' and expected object '2.01' are equal

04-12-2024T08:44:04 - [MESSAGE][PASSED] - Actual object '2.01' and expected object '2.01' are equal

04-12-2024T08:44:04 - [TEST_STEP][PASSED] - dZO = "Россети Сибирь (ГК)": null

04-12-2024T08:44:04 - [TEST_STEP][PASSED] - if (verifyEqual(a39, b39) == false): Actual object '2.23' and expected object '2.23' are equal

04-12-2024T08:44:04 - [MESSAGE][PASSED] - Actual object '2.23' and expected object '2.23' are equal

04-12-2024T08:44:04 - [TEST_STEP][PASSED] - dZO = "Россети Томск": null

04-12-2024T08:44:04 - [TEST_STEP][FAILED] - if (verifyEqual(a310, b310) == false): null

04-12-2024T08:44:04 - [MESSAGE][FAILED] - Unable to verify equal between actual object '-48.47' and expected object '3.06' (Root cause: com.kms.katalon.core.exception.StepFailedException: Actual object '-48.47' and expected object '3.06' are not equal
	at com.kms.katalon.core.keyword.builtin.VerifyEqualKeyword$_verifyEqual_closure1.doCall(VerifyEqualKeyword.groovy:58)
	at com.kms.katalon.core.keyword.builtin.VerifyEqualKeyword$_verifyEqual_closure1.call(VerifyEqualKeyword.groovy)
	at com.kms.katalon.core.keyword.internal.KeywordMain.runKeyword(KeywordMain.groovy:75)
	at com.kms.katalon.core.keyword.builtin.VerifyEqualKeyword.verifyEqual(VerifyEqualKeyword.groovy:63)
	at com.kms.katalon.core.keyword.builtin.VerifyEqualKeyword.execute(VerifyEqualKeyword.groovy:44)
	at com.kms.katalon.core.keyword.internal.KeywordExecutor.executeKeywordForPlatform(KeywordExecutor.groovy:74)
	at com.kms.katalon.core.keyword.BuiltinKeywords.verifyEqual(BuiltinKeywords.groovy:146)
	at jdk.internal.reflect.GeneratedMethodAccessor25.invoke(Unknown Source)
	at java.base/jdk.internal.reflect.DelegatingMethodAccessorImpl.invoke(DelegatingMethodAccessorImpl.java:43)
	at Выручка в рублях сверка дашбордов ПАО Россети.Blocks(Выручка в рублях сверка дашбордов ПАО Россети:457)
	at Выручка в рублях сверка дашбордов ПАО Россети.ViruchkaChange(Выручка в рублях сверка дашбордов ПАО Россети:60)
	at Выручка в рублях сверка дашбордов ПАО Россети.run(Выручка в рублях сверка дашбордов ПАО Россети:55)
	at com.kms.katalon.core.main.ScriptEngine.run(ScriptEngine.java:194)
	at com.kms.katalon.core.main.ScriptEngine.runScriptAsRawText(ScriptEngine.java:119)
	at com.kms.katalon.core.main.TestCaseExecutor.runScript(TestCaseExecutor.java:448)
	at com.kms.katalon.core.main.TestCaseExecutor.doExecute(TestCaseExecutor.java:439)
	at com.kms.katalon.core.main.TestCaseExecutor.processExecutionPhase(TestCaseExecutor.java:418)
	at com.kms.katalon.core.main.TestCaseExecutor.accessMainPhase(TestCaseExecutor.java:410)
	at com.kms.katalon.core.main.TestCaseExecutor.execute(TestCaseExecutor.java:285)
	at com.kms.katalon.core.common.CommonExecutor.accessTestCaseMainPhase(CommonExecutor.java:65)
	at com.kms.katalon.core.main.TestSuiteExecutor.accessTestSuiteMainPhase(TestSuiteExecutor.java:150)
	at com.kms.katalon.core.main.TestSuiteExecutor.execute(TestSuiteExecutor.java:106)
	at com.kms.katalon.core.main.TestCaseMain.startTestSuite(TestCaseMain.java:180)
	at TempTestSuite1733285972582.run(TempTestSuite1733285972582.groovy:35)
	at java.base/jdk.internal.reflect.NativeMethodAccessorImpl.invoke0(Native Method)
	at java.base/jdk.internal.reflect.NativeMethodAccessorImpl.invoke(NativeMethodAccessorImpl.java:77)
	at java.base/jdk.internal.reflect.DelegatingMethodAccessorImpl.invoke(DelegatingMethodAccessorImpl.java:43)
)

04-12-2024T08:44:04 - [TEST_STEP][PASSED] - a = replaceAll("\s+", "").toDouble(): null

04-12-2024T08:44:04 - [TEST_STEP][PASSED] - b = replaceAll("\s+", "").toDouble(): null

04-12-2024T08:44:04 - [TEST_STEP][PASSED] - Script1710234207206.WriteToExcel(todaysDate, run, vir, block, typeOfData, viruchka, vidget, nameOfBlock, a, b, dZO): null

04-12-2024T08:44:04 - [TEST_STEP][PASSED] - println(run): null

04-12-2024T08:44:04 - [TEST_STEP][PASSED] - if (run == 1): null

04-12-2024T08:44:04 - [TEST_STEP][PASSED] - else if (run == 2): null

04-12-2024T08:44:04 - [TEST_STEP][PASSED] - typeOfData = "Проценты": null

04-12-2024T08:44:04 - [TEST_STEP][PASSED] - println("todaysDate:" + todaysDate): null

04-12-2024T08:44:04 - [TEST_STEP][PASSED] - println("typeOfData:" + typeOfData): null

04-12-2024T08:44:04 - [TEST_STEP][PASSED] - viruchka = getText(findTestObject("Выручка в рублях/Фильтр Выручка" + nameOfBlock)): Text of object 'Object Repository/Выручка в рублях/Фильтр Выручка Выручка' is: 'ПЕРЕДАЧА ЭЛЕКТРОЭНЕРГИИ (ИТОГО, по всем видам тарифа)'

04-12-2024T08:44:05 - [MESSAGE][PASSED] - Text of object 'Object Repository/Выручка в рублях/Фильтр Выручка Выручка' is: 'ПЕРЕДАЧА ЭЛЕКТРОЭНЕРГИИ (ИТОГО, по всем видам тарифа)'

04-12-2024T08:44:05 - [TEST_STEP][PASSED] - println("viruchka" + viruchka): null

04-12-2024T08:44:05 - [TEST_STEP][PASSED] - println("vidget" + vidget): null

04-12-2024T08:44:05 - [TEST_STEP][PASSED] - println("a" + a): null

04-12-2024T08:44:05 - [TEST_STEP][PASSED] - println("b" + b): null

04-12-2024T08:44:05 - [TEST_STEP][PASSED] - sheetName = "Sheet1": null

04-12-2024T08:44:05 - [TEST_STEP][PASSED] - data = findTestData("PlanFact"): null

04-12-2024T08:44:05 - [TEST_STEP][PASSED] - n = data.getRowNumbers() + 1: null

04-12-2024T08:44:05 - [TEST_STEP][PASSED] - period = getText(findTestObject("Выручка в рублях/Фильтр Период")): Text of object 'Object Repository/Выручка в рублях/Фильтр Период' is: 'Октябрь и 1, 2, 3 кв. 2024 года'

04-12-2024T08:44:05 - [MESSAGE][PASSED] - Text of object 'Object Repository/Выручка в рублях/Фильтр Период' is: 'Октябрь и 1, 2, 3 кв. 2024 года'

04-12-2024T08:44:05 - [TEST_STEP][PASSED] - println(period): null

04-12-2024T08:44:05 - [TEST_STEP][PASSED] - dashboardName = "Выручка в рублях": null

04-12-2024T08:44:05 - [TEST_STEP][PASSED] - workbook01 = getWorkbook(excelFilePath): null

04-12-2024T08:44:05 - [TEST_STEP][PASSED] - sheet01 = getExcelSheet(workbook01, sheetName): null

04-12-2024T08:44:05 - [TEST_STEP][PASSED] - setValueToCellByIndex(sheet01, n, 0, dashboardName): null

04-12-2024T08:44:05 - [TEST_STEP][PASSED] - setValueToCellByIndex(sheet01, n, 1, dZO): null

04-12-2024T08:44:05 - [TEST_STEP][PASSED] - setValueToCellByIndex(sheet01, n, 2, vidget): null

04-12-2024T08:44:05 - [TEST_STEP][PASSED] - setValueToCellByIndex(sheet01, n, 3, viruchka): null

04-12-2024T08:44:05 - [TEST_STEP][PASSED] - setValueToCellByIndex(sheet01, n, 4, typeOfData): null

04-12-2024T08:44:05 - [TEST_STEP][PASSED] - if (a == null): null

04-12-2024T08:44:05 - [TEST_STEP][PASSED] - else: null

04-12-2024T08:44:05 - [TEST_STEP][PASSED] - setValueToCellByIndex(sheet01, n, 5, a): null

04-12-2024T08:44:05 - [TEST_STEP][PASSED] - if (b == null): null

04-12-2024T08:44:05 - [TEST_STEP][PASSED] - else: null

04-12-2024T08:44:05 - [TEST_STEP][PASSED] - setValueToCellByIndex(sheet01, n, 6, b): null

04-12-2024T08:44:05 - [TEST_STEP][PASSED] - setValueToCellByIndex(sheet01, n, 7, period): null

04-12-2024T08:44:05 - [TEST_STEP][PASSED] - setValueToCellByIndex(sheet01, n, 8, todaysDate): null

04-12-2024T08:44:05 - [TEST_STEP][PASSED] - n = n + 1: null

04-12-2024T08:44:05 - [TEST_STEP][PASSED] - saveWorkbook(excelFilePath, workbook01): null

04-12-2024T08:44:05 - [TEST_STEP][PASSED] - dZO = "Россети Тюмень": null

04-12-2024T08:44:05 - [TEST_STEP][FAILED] - if (verifyEqual(a311, b311) == false): null

04-12-2024T08:44:05 - [MESSAGE][FAILED] - Unable to verify equal between actual object '-53.69' and expected object '-7.39' (Root cause: com.kms.katalon.core.exception.StepFailedException: Actual object '-53.69' and expected object '-7.39' are not equal
	at com.kms.katalon.core.keyword.builtin.VerifyEqualKeyword$_verifyEqual_closure1.doCall(VerifyEqualKeyword.groovy:58)
	at com.kms.katalon.core.keyword.builtin.VerifyEqualKeyword$_verifyEqual_closure1.call(VerifyEqualKeyword.groovy)
	at com.kms.katalon.core.keyword.internal.KeywordMain.runKeyword(KeywordMain.groovy:75)
	at com.kms.katalon.core.keyword.builtin.VerifyEqualKeyword.verifyEqual(VerifyEqualKeyword.groovy:63)
	at com.kms.katalon.core.keyword.builtin.VerifyEqualKeyword.execute(VerifyEqualKeyword.groovy:44)
	at com.kms.katalon.core.keyword.internal.KeywordExecutor.executeKeywordForPlatform(KeywordExecutor.groovy:74)
	at com.kms.katalon.core.keyword.BuiltinKeywords.verifyEqual(BuiltinKeywords.groovy:146)
	at jdk.internal.reflect.GeneratedMethodAccessor25.invoke(Unknown Source)
	at java.base/jdk.internal.reflect.DelegatingMethodAccessorImpl.invoke(DelegatingMethodAccessorImpl.java:43)
	at Выручка в рублях сверка дашбордов ПАО Россети.Blocks(Выручка в рублях сверка дашбордов ПАО Россети:467)
	at Выручка в рублях сверка дашбордов ПАО Россети.ViruchkaChange(Выручка в рублях сверка дашбордов ПАО Россети:60)
	at Выручка в рублях сверка дашбордов ПАО Россети.run(Выручка в рублях сверка дашбордов ПАО Россети:55)
	at com.kms.katalon.core.main.ScriptEngine.run(ScriptEngine.java:194)
	at com.kms.katalon.core.main.ScriptEngine.runScriptAsRawText(ScriptEngine.java:119)
	at com.kms.katalon.core.main.TestCaseExecutor.runScript(TestCaseExecutor.java:448)
	at com.kms.katalon.core.main.TestCaseExecutor.doExecute(TestCaseExecutor.java:439)
	at com.kms.katalon.core.main.TestCaseExecutor.processExecutionPhase(TestCaseExecutor.java:418)
	at com.kms.katalon.core.main.TestCaseExecutor.accessMainPhase(TestCaseExecutor.java:410)
	at com.kms.katalon.core.main.TestCaseExecutor.execute(TestCaseExecutor.java:285)
	at com.kms.katalon.core.common.CommonExecutor.accessTestCaseMainPhase(CommonExecutor.java:65)
	at com.kms.katalon.core.main.TestSuiteExecutor.accessTestSuiteMainPhase(TestSuiteExecutor.java:150)
	at com.kms.katalon.core.main.TestSuiteExecutor.execute(TestSuiteExecutor.java:106)
	at com.kms.katalon.core.main.TestCaseMain.startTestSuite(TestCaseMain.java:180)
	at TempTestSuite1733285972582.run(TempTestSuite1733285972582.groovy:35)
	at java.base/jdk.internal.reflect.NativeMethodAccessorImpl.invoke0(Native Method)
	at java.base/jdk.internal.reflect.NativeMethodAccessorImpl.invoke(NativeMethodAccessorImpl.java:77)
	at java.base/jdk.internal.reflect.DelegatingMethodAccessorImpl.invoke(DelegatingMethodAccessorImpl.java:43)
)

04-12-2024T08:44:05 - [TEST_STEP][PASSED] - a = replaceAll("\s+", "").toDouble(): null

04-12-2024T08:44:05 - [TEST_STEP][PASSED] - b = replaceAll("\s+", "").toDouble(): null

04-12-2024T08:44:05 - [TEST_STEP][PASSED] - Script1710234207206.WriteToExcel(todaysDate, run, vir, block, typeOfData, viruchka, vidget, nameOfBlock, a, b, dZO): null

04-12-2024T08:44:05 - [TEST_STEP][PASSED] - println(run): null

04-12-2024T08:44:05 - [TEST_STEP][PASSED] - if (run == 1): null

04-12-2024T08:44:05 - [TEST_STEP][PASSED] - else if (run == 2): null

04-12-2024T08:44:05 - [TEST_STEP][PASSED] - typeOfData = "Проценты": null

04-12-2024T08:44:05 - [TEST_STEP][PASSED] - println("todaysDate:" + todaysDate): null

04-12-2024T08:44:05 - [TEST_STEP][PASSED] - println("typeOfData:" + typeOfData): null

04-12-2024T08:44:05 - [TEST_STEP][PASSED] - viruchka = getText(findTestObject("Выручка в рублях/Фильтр Выручка" + nameOfBlock)): Text of object 'Object Repository/Выручка в рублях/Фильтр Выручка Выручка' is: 'ПЕРЕДАЧА ЭЛЕКТРОЭНЕРГИИ (ИТОГО, по всем видам тарифа)'

04-12-2024T08:44:06 - [MESSAGE][PASSED] - Text of object 'Object Repository/Выручка в рублях/Фильтр Выручка Выручка' is: 'ПЕРЕДАЧА ЭЛЕКТРОЭНЕРГИИ (ИТОГО, по всем видам тарифа)'

04-12-2024T08:44:06 - [TEST_STEP][PASSED] - println("viruchka" + viruchka): null

04-12-2024T08:44:06 - [TEST_STEP][PASSED] - println("vidget" + vidget): null

04-12-2024T08:44:06 - [TEST_STEP][PASSED] - println("a" + a): null

04-12-2024T08:44:06 - [TEST_STEP][PASSED] - println("b" + b): null

04-12-2024T08:44:06 - [TEST_STEP][PASSED] - sheetName = "Sheet1": null

04-12-2024T08:44:06 - [TEST_STEP][PASSED] - data = findTestData("PlanFact"): null

04-12-2024T08:44:06 - [TEST_STEP][PASSED] - n = data.getRowNumbers() + 1: null

04-12-2024T08:44:06 - [TEST_STEP][PASSED] - period = getText(findTestObject("Выручка в рублях/Фильтр Период")): Text of object 'Object Repository/Выручка в рублях/Фильтр Период' is: 'Октябрь и 1, 2, 3 кв. 2024 года'

04-12-2024T08:44:06 - [MESSAGE][PASSED] - Text of object 'Object Repository/Выручка в рублях/Фильтр Период' is: 'Октябрь и 1, 2, 3 кв. 2024 года'

04-12-2024T08:44:06 - [TEST_STEP][PASSED] - println(period): null

04-12-2024T08:44:06 - [TEST_STEP][PASSED] - dashboardName = "Выручка в рублях": null

04-12-2024T08:44:06 - [TEST_STEP][PASSED] - workbook01 = getWorkbook(excelFilePath): null

04-12-2024T08:44:06 - [TEST_STEP][PASSED] - sheet01 = getExcelSheet(workbook01, sheetName): null

04-12-2024T08:44:06 - [TEST_STEP][PASSED] - setValueToCellByIndex(sheet01, n, 0, dashboardName): null

04-12-2024T08:44:06 - [TEST_STEP][PASSED] - setValueToCellByIndex(sheet01, n, 1, dZO): null

04-12-2024T08:44:06 - [TEST_STEP][PASSED] - setValueToCellByIndex(sheet01, n, 2, vidget): null

04-12-2024T08:44:06 - [TEST_STEP][PASSED] - setValueToCellByIndex(sheet01, n, 3, viruchka): null

04-12-2024T08:44:06 - [TEST_STEP][PASSED] - setValueToCellByIndex(sheet01, n, 4, typeOfData): null

04-12-2024T08:44:06 - [TEST_STEP][PASSED] - if (a == null): null

04-12-2024T08:44:06 - [TEST_STEP][PASSED] - else: null

04-12-2024T08:44:06 - [TEST_STEP][PASSED] - setValueToCellByIndex(sheet01, n, 5, a): null

04-12-2024T08:44:06 - [TEST_STEP][PASSED] - if (b == null): null

04-12-2024T08:44:06 - [TEST_STEP][PASSED] - else: null

04-12-2024T08:44:06 - [TEST_STEP][PASSED] - setValueToCellByIndex(sheet01, n, 6, b): null

04-12-2024T08:44:06 - [TEST_STEP][PASSED] - setValueToCellByIndex(sheet01, n, 7, period): null

04-12-2024T08:44:06 - [TEST_STEP][PASSED] - setValueToCellByIndex(sheet01, n, 8, todaysDate): null

04-12-2024T08:44:06 - [TEST_STEP][PASSED] - n = n + 1: null

04-12-2024T08:44:06 - [TEST_STEP][PASSED] - saveWorkbook(excelFilePath, workbook01): null

04-12-2024T08:44:06 - [TEST_STEP][PASSED] - dZO = "Россети Урал (ГК)": null

04-12-2024T08:44:06 - [TEST_STEP][PASSED] - if (verifyEqual(a312, b312) == false): Actual object '2.27' and expected object '2.27' are equal

04-12-2024T08:44:06 - [MESSAGE][PASSED] - Actual object '2.27' and expected object '2.27' are equal

04-12-2024T08:44:06 - [TEST_STEP][PASSED] - dZO = "Россети ФСК ЕЭС": null

04-12-2024T08:44:06 - [TEST_STEP][PASSED] - if (verifyEqual(a313, b313) == false): Actual object '-9.49' and expected object '-9.49' are equal

04-12-2024T08:44:06 - [MESSAGE][PASSED] - Actual object '-9.49' and expected object '-9.49' are equal

04-12-2024T08:44:06 - [TEST_STEP][PASSED] - dZO = "Россети Центр": null

04-12-2024T08:44:06 - [TEST_STEP][FAILED] - if (verifyEqual(a314, b314) == false): null

04-12-2024T08:44:06 - [MESSAGE][FAILED] - Unable to verify equal between actual object '-31.28' and expected object '2.55' (Root cause: com.kms.katalon.core.exception.StepFailedException: Actual object '-31.28' and expected object '2.55' are not equal
	at com.kms.katalon.core.keyword.builtin.VerifyEqualKeyword$_verifyEqual_closure1.doCall(VerifyEqualKeyword.groovy:58)
	at com.kms.katalon.core.keyword.builtin.VerifyEqualKeyword$_verifyEqual_closure1.call(VerifyEqualKeyword.groovy)
	at com.kms.katalon.core.keyword.internal.KeywordMain.runKeyword(KeywordMain.groovy:75)
	at com.kms.katalon.core.keyword.builtin.VerifyEqualKeyword.verifyEqual(VerifyEqualKeyword.groovy:63)
	at com.kms.katalon.core.keyword.builtin.VerifyEqualKeyword.execute(VerifyEqualKeyword.groovy:44)
	at com.kms.katalon.core.keyword.internal.KeywordExecutor.executeKeywordForPlatform(KeywordExecutor.groovy:74)
	at com.kms.katalon.core.keyword.BuiltinKeywords.verifyEqual(BuiltinKeywords.groovy:146)
	at jdk.internal.reflect.GeneratedMethodAccessor25.invoke(Unknown Source)
	at java.base/jdk.internal.reflect.DelegatingMethodAccessorImpl.invoke(DelegatingMethodAccessorImpl.java:43)
	at Выручка в рублях сверка дашбордов ПАО Россети.Blocks(Выручка в рублях сверка дашбордов ПАО Россети:497)
	at Выручка в рублях сверка дашбордов ПАО Россети.ViruchkaChange(Выручка в рублях сверка дашбордов ПАО Россети:60)
	at Выручка в рублях сверка дашбордов ПАО Россети.run(Выручка в рублях сверка дашбордов ПАО Россети:55)
	at com.kms.katalon.core.main.ScriptEngine.run(ScriptEngine.java:194)
	at com.kms.katalon.core.main.ScriptEngine.runScriptAsRawText(ScriptEngine.java:119)
	at com.kms.katalon.core.main.TestCaseExecutor.runScript(TestCaseExecutor.java:448)
	at com.kms.katalon.core.main.TestCaseExecutor.doExecute(TestCaseExecutor.java:439)
	at com.kms.katalon.core.main.TestCaseExecutor.processExecutionPhase(TestCaseExecutor.java:418)
	at com.kms.katalon.core.main.TestCaseExecutor.accessMainPhase(TestCaseExecutor.java:410)
	at com.kms.katalon.core.main.TestCaseExecutor.execute(TestCaseExecutor.java:285)
	at com.kms.katalon.core.common.CommonExecutor.accessTestCaseMainPhase(CommonExecutor.java:65)
	at com.kms.katalon.core.main.TestSuiteExecutor.accessTestSuiteMainPhase(TestSuiteExecutor.java:150)
	at com.kms.katalon.core.main.TestSuiteExecutor.execute(TestSuiteExecutor.java:106)
	at com.kms.katalon.core.main.TestCaseMain.startTestSuite(TestCaseMain.java:180)
	at TempTestSuite1733285972582.run(TempTestSuite1733285972582.groovy:35)
	at java.base/jdk.internal.reflect.NativeMethodAccessorImpl.invoke0(Native Method)
	at java.base/jdk.internal.reflect.NativeMethodAccessorImpl.invoke(NativeMethodAccessorImpl.java:77)
	at java.base/jdk.internal.reflect.DelegatingMethodAccessorImpl.invoke(DelegatingMethodAccessorImpl.java:43)
)

04-12-2024T08:44:06 - [TEST_STEP][PASSED] - a = replaceAll("\s+", "").toDouble(): null

04-12-2024T08:44:06 - [TEST_STEP][PASSED] - b = replaceAll("\s+", "").toDouble(): null

04-12-2024T08:44:06 - [TEST_STEP][PASSED] - Script1710234207206.WriteToExcel(todaysDate, run, vir, block, typeOfData, viruchka, vidget, nameOfBlock, a, b, dZO): null

04-12-2024T08:44:06 - [TEST_STEP][PASSED] - println(run): null

04-12-2024T08:44:06 - [TEST_STEP][PASSED] - if (run == 1): null

04-12-2024T08:44:06 - [TEST_STEP][PASSED] - else if (run == 2): null

04-12-2024T08:44:06 - [TEST_STEP][PASSED] - typeOfData = "Проценты": null

04-12-2024T08:44:06 - [TEST_STEP][PASSED] - println("todaysDate:" + todaysDate): null

04-12-2024T08:44:06 - [TEST_STEP][PASSED] - println("typeOfData:" + typeOfData): null

04-12-2024T08:44:06 - [TEST_STEP][PASSED] - viruchka = getText(findTestObject("Выручка в рублях/Фильтр Выручка" + nameOfBlock)): Text of object 'Object Repository/Выручка в рублях/Фильтр Выручка Выручка' is: 'ПЕРЕДАЧА ЭЛЕКТРОЭНЕРГИИ (ИТОГО, по всем видам тарифа)'

04-12-2024T08:44:07 - [MESSAGE][PASSED] - Text of object 'Object Repository/Выручка в рублях/Фильтр Выручка Выручка' is: 'ПЕРЕДАЧА ЭЛЕКТРОЭНЕРГИИ (ИТОГО, по всем видам тарифа)'

04-12-2024T08:44:07 - [TEST_STEP][PASSED] - println("viruchka" + viruchka): null

04-12-2024T08:44:07 - [TEST_STEP][PASSED] - println("vidget" + vidget): null

04-12-2024T08:44:07 - [TEST_STEP][PASSED] - println("a" + a): null

04-12-2024T08:44:07 - [TEST_STEP][PASSED] - println("b" + b): null

04-12-2024T08:44:07 - [TEST_STEP][PASSED] - sheetName = "Sheet1": null

04-12-2024T08:44:07 - [TEST_STEP][PASSED] - data = findTestData("PlanFact"): null

04-12-2024T08:44:07 - [TEST_STEP][PASSED] - n = data.getRowNumbers() + 1: null

04-12-2024T08:44:07 - [TEST_STEP][PASSED] - period = getText(findTestObject("Выручка в рублях/Фильтр Период")): Text of object 'Object Repository/Выручка в рублях/Фильтр Период' is: 'Октябрь и 1, 2, 3 кв. 2024 года'

04-12-2024T08:44:07 - [MESSAGE][PASSED] - Text of object 'Object Repository/Выручка в рублях/Фильтр Период' is: 'Октябрь и 1, 2, 3 кв. 2024 года'

04-12-2024T08:44:07 - [TEST_STEP][PASSED] - println(period): null

04-12-2024T08:44:07 - [TEST_STEP][PASSED] - dashboardName = "Выручка в рублях": null

04-12-2024T08:44:07 - [TEST_STEP][PASSED] - workbook01 = getWorkbook(excelFilePath): null

04-12-2024T08:44:07 - [TEST_STEP][PASSED] - sheet01 = getExcelSheet(workbook01, sheetName): null

04-12-2024T08:44:07 - [TEST_STEP][PASSED] - setValueToCellByIndex(sheet01, n, 0, dashboardName): null

04-12-2024T08:44:07 - [TEST_STEP][PASSED] - setValueToCellByIndex(sheet01, n, 1, dZO): null

04-12-2024T08:44:07 - [TEST_STEP][PASSED] - setValueToCellByIndex(sheet01, n, 2, vidget): null

04-12-2024T08:44:07 - [TEST_STEP][PASSED] - setValueToCellByIndex(sheet01, n, 3, viruchka): null

04-12-2024T08:44:07 - [TEST_STEP][PASSED] - setValueToCellByIndex(sheet01, n, 4, typeOfData): null

04-12-2024T08:44:07 - [TEST_STEP][PASSED] - if (a == null): null

04-12-2024T08:44:07 - [TEST_STEP][PASSED] - else: null

04-12-2024T08:44:07 - [TEST_STEP][PASSED] - setValueToCellByIndex(sheet01, n, 5, a): null

04-12-2024T08:44:07 - [TEST_STEP][PASSED] - if (b == null): null

04-12-2024T08:44:07 - [TEST_STEP][PASSED] - else: null

04-12-2024T08:44:07 - [TEST_STEP][PASSED] - setValueToCellByIndex(sheet01, n, 6, b): null

04-12-2024T08:44:07 - [TEST_STEP][PASSED] - setValueToCellByIndex(sheet01, n, 7, period): null

04-12-2024T08:44:07 - [TEST_STEP][PASSED] - setValueToCellByIndex(sheet01, n, 8, todaysDate): null

04-12-2024T08:44:07 - [TEST_STEP][PASSED] - n = n + 1: null

04-12-2024T08:44:07 - [TEST_STEP][PASSED] - saveWorkbook(excelFilePath, workbook01): null

04-12-2024T08:44:07 - [TEST_STEP][PASSED] - dZO = "Россети Центр и Приволжье (ГК)": null

04-12-2024T08:44:07 - [TEST_STEP][PASSED] - if (verifyEqual(a315, b315) == false): Actual object '4.33' and expected object '4.33' are equal

04-12-2024T08:44:07 - [MESSAGE][PASSED] - Actual object '4.33' and expected object '4.33' are equal

04-12-2024T08:44:07 - [TEST_STEP][PASSED] - dZO = "Россети Юг (ГК)": null

04-12-2024T08:44:07 - [TEST_STEP][FAILED] - if (verifyEqual(a316, b316) == false): null

04-12-2024T08:44:07 - [MESSAGE][FAILED] - Unable to verify equal between actual object '-48.44' and expected object '3.11' (Root cause: com.kms.katalon.core.exception.StepFailedException: Actual object '-48.44' and expected object '3.11' are not equal
	at com.kms.katalon.core.keyword.builtin.VerifyEqualKeyword$_verifyEqual_closure1.doCall(VerifyEqualKeyword.groovy:58)
	at com.kms.katalon.core.keyword.builtin.VerifyEqualKeyword$_verifyEqual_closure1.call(VerifyEqualKeyword.groovy)
	at com.kms.katalon.core.keyword.internal.KeywordMain.runKeyword(KeywordMain.groovy:75)
	at com.kms.katalon.core.keyword.builtin.VerifyEqualKeyword.verifyEqual(VerifyEqualKeyword.groovy:63)
	at com.kms.katalon.core.keyword.builtin.VerifyEqualKeyword.execute(VerifyEqualKeyword.groovy:44)
	at com.kms.katalon.core.keyword.internal.KeywordExecutor.executeKeywordForPlatform(KeywordExecutor.groovy:74)
	at com.kms.katalon.core.keyword.BuiltinKeywords.verifyEqual(BuiltinKeywords.groovy:146)
	at jdk.internal.reflect.GeneratedMethodAccessor25.invoke(Unknown Source)
	at java.base/jdk.internal.reflect.DelegatingMethodAccessorImpl.invoke(DelegatingMethodAccessorImpl.java:43)
	at Выручка в рублях сверка дашбордов ПАО Россети.Blocks(Выручка в рублях сверка дашбордов ПАО Россети:517)
	at Выручка в рублях сверка дашбордов ПАО Россети.ViruchkaChange(Выручка в рублях сверка дашбордов ПАО Россети:60)
	at Выручка в рублях сверка дашбордов ПАО Россети.run(Выручка в рублях сверка дашбордов ПАО Россети:55)
	at com.kms.katalon.core.main.ScriptEngine.run(ScriptEngine.java:194)
	at com.kms.katalon.core.main.ScriptEngine.runScriptAsRawText(ScriptEngine.java:119)
	at com.kms.katalon.core.main.TestCaseExecutor.runScript(TestCaseExecutor.java:448)
	at com.kms.katalon.core.main.TestCaseExecutor.doExecute(TestCaseExecutor.java:439)
	at com.kms.katalon.core.main.TestCaseExecutor.processExecutionPhase(TestCaseExecutor.java:418)
	at com.kms.katalon.core.main.TestCaseExecutor.accessMainPhase(TestCaseExecutor.java:410)
	at com.kms.katalon.core.main.TestCaseExecutor.execute(TestCaseExecutor.java:285)
	at com.kms.katalon.core.common.CommonExecutor.accessTestCaseMainPhase(CommonExecutor.java:65)
	at com.kms.katalon.core.main.TestSuiteExecutor.accessTestSuiteMainPhase(TestSuiteExecutor.java:150)
	at com.kms.katalon.core.main.TestSuiteExecutor.execute(TestSuiteExecutor.java:106)
	at com.kms.katalon.core.main.TestCaseMain.startTestSuite(TestCaseMain.java:180)
	at TempTestSuite1733285972582.run(TempTestSuite1733285972582.groovy:35)
	at java.base/jdk.internal.reflect.NativeMethodAccessorImpl.invoke0(Native Method)
	at java.base/jdk.internal.reflect.NativeMethodAccessorImpl.invoke(NativeMethodAccessorImpl.java:77)
	at java.base/jdk.internal.reflect.DelegatingMethodAccessorImpl.invoke(DelegatingMethodAccessorImpl.java:43)
)

04-12-2024T08:44:07 - [TEST_STEP][PASSED] - a = replaceAll("\s+", "").toDouble(): null

04-12-2024T08:44:07 - [TEST_STEP][PASSED] - b = replaceAll("\s+", "").toDouble(): null

04-12-2024T08:44:07 - [TEST_STEP][PASSED] - Script1710234207206.WriteToExcel(todaysDate, run, vir, block, typeOfData, viruchka, vidget, nameOfBlock, a, b, dZO): null

04-12-2024T08:44:07 - [TEST_STEP][PASSED] - println(run): null

04-12-2024T08:44:07 - [TEST_STEP][PASSED] - if (run == 1): null

04-12-2024T08:44:07 - [TEST_STEP][PASSED] - else if (run == 2): null

04-12-2024T08:44:07 - [TEST_STEP][PASSED] - typeOfData = "Проценты": null

04-12-2024T08:44:07 - [TEST_STEP][PASSED] - println("todaysDate:" + todaysDate): null

04-12-2024T08:44:07 - [TEST_STEP][PASSED] - println("typeOfData:" + typeOfData): null

04-12-2024T08:44:07 - [TEST_STEP][PASSED] - viruchka = getText(findTestObject("Выручка в рублях/Фильтр Выручка" + nameOfBlock)): Text of object 'Object Repository/Выручка в рублях/Фильтр Выручка Выручка' is: 'ПЕРЕДАЧА ЭЛЕКТРОЭНЕРГИИ (ИТОГО, по всем видам тарифа)'

04-12-2024T08:44:07 - [MESSAGE][PASSED] - Text of object 'Object Repository/Выручка в рублях/Фильтр Выручка Выручка' is: 'ПЕРЕДАЧА ЭЛЕКТРОЭНЕРГИИ (ИТОГО, по всем видам тарифа)'

04-12-2024T08:44:07 - [TEST_STEP][PASSED] - println("viruchka" + viruchka): null

04-12-2024T08:44:07 - [TEST_STEP][PASSED] - println("vidget" + vidget): null

04-12-2024T08:44:07 - [TEST_STEP][PASSED] - println("a" + a): null

04-12-2024T08:44:07 - [TEST_STEP][PASSED] - println("b" + b): null

04-12-2024T08:44:07 - [TEST_STEP][PASSED] - sheetName = "Sheet1": null

04-12-2024T08:44:07 - [TEST_STEP][PASSED] - data = findTestData("PlanFact"): null

04-12-2024T08:44:08 - [TEST_STEP][PASSED] - n = data.getRowNumbers() + 1: null

04-12-2024T08:44:08 - [TEST_STEP][PASSED] - period = getText(findTestObject("Выручка в рублях/Фильтр Период")): Text of object 'Object Repository/Выручка в рублях/Фильтр Период' is: 'Октябрь и 1, 2, 3 кв. 2024 года'

04-12-2024T08:44:08 - [MESSAGE][PASSED] - Text of object 'Object Repository/Выручка в рублях/Фильтр Период' is: 'Октябрь и 1, 2, 3 кв. 2024 года'

04-12-2024T08:44:08 - [TEST_STEP][PASSED] - println(period): null

04-12-2024T08:44:08 - [TEST_STEP][PASSED] - dashboardName = "Выручка в рублях": null

04-12-2024T08:44:08 - [TEST_STEP][PASSED] - workbook01 = getWorkbook(excelFilePath): null

04-12-2024T08:44:08 - [TEST_STEP][PASSED] - sheet01 = getExcelSheet(workbook01, sheetName): null

04-12-2024T08:44:08 - [TEST_STEP][PASSED] - setValueToCellByIndex(sheet01, n, 0, dashboardName): null

04-12-2024T08:44:08 - [TEST_STEP][PASSED] - setValueToCellByIndex(sheet01, n, 1, dZO): null

04-12-2024T08:44:08 - [TEST_STEP][PASSED] - setValueToCellByIndex(sheet01, n, 2, vidget): null

04-12-2024T08:44:08 - [TEST_STEP][PASSED] - setValueToCellByIndex(sheet01, n, 3, viruchka): null

04-12-2024T08:44:08 - [TEST_STEP][PASSED] - setValueToCellByIndex(sheet01, n, 4, typeOfData): null

04-12-2024T08:44:08 - [TEST_STEP][PASSED] - if (a == null): null

04-12-2024T08:44:08 - [TEST_STEP][PASSED] - else: null

04-12-2024T08:44:08 - [TEST_STEP][PASSED] - setValueToCellByIndex(sheet01, n, 5, a): null

04-12-2024T08:44:08 - [TEST_STEP][PASSED] - if (b == null): null

04-12-2024T08:44:08 - [TEST_STEP][PASSED] - else: null

04-12-2024T08:44:08 - [TEST_STEP][PASSED] - setValueToCellByIndex(sheet01, n, 6, b): null

04-12-2024T08:44:08 - [TEST_STEP][PASSED] - setValueToCellByIndex(sheet01, n, 7, period): null

04-12-2024T08:44:08 - [TEST_STEP][PASSED] - setValueToCellByIndex(sheet01, n, 8, todaysDate): null

04-12-2024T08:44:08 - [TEST_STEP][PASSED] - n = n + 1: null

04-12-2024T08:44:08 - [TEST_STEP][PASSED] - saveWorkbook(excelFilePath, workbook01): null

04-12-2024T08:44:08 - [TEST_STEP][PASSED] - dZO = "Россети Янтарь": null

04-12-2024T08:44:08 - [TEST_STEP][PASSED] - if (verifyEqual(a317, b317) == false): Actual object '4.04' and expected object '4.04' are equal

04-12-2024T08:44:08 - [MESSAGE][PASSED] - Actual object '4.04' and expected object '4.04' are equal

04-12-2024T08:44:08 - [TEST_STEP][PASSED] - closeBrowser(): null

04-12-2024T08:44:08 - [MESSAGE][PASSED] - Browser is closed

04-12-2024T08:44:08 - [TEST_STEP][PASSED] - Script1710234207206.Blocks(run, vir, block, nameOfBlock, typeOfData, viruchka, vidget, todaysDate, a, b, dZO, x, y): null

04-12-2024T08:44:08 - [TEST_STEP][PASSED] - i = <not implemented yet for class: org.codehaus.groovy.ast.expr.EmptyExpression>: null

04-12-2024T08:44:08 - [TEST_STEP][PASSED] - perc = "": null

04-12-2024T08:44:08 - [TEST_STEP][PASSED] - a1 = <not implemented yet for class: org.codehaus.groovy.ast.expr.EmptyExpression>: null

04-12-2024T08:44:08 - [TEST_STEP][PASSED] - a2 = <not implemented yet for class: org.codehaus.groovy.ast.expr.EmptyExpression>: null

04-12-2024T08:44:08 - [TEST_STEP][PASSED] - a30 = <not implemented yet for class: org.codehaus.groovy.ast.expr.EmptyExpression>: null

04-12-2024T08:44:08 - [TEST_STEP][PASSED] - a31 = <not implemented yet for class: org.codehaus.groovy.ast.expr.EmptyExpression>: null

04-12-2024T08:44:08 - [TEST_STEP][PASSED] - a32 = <not implemented yet for class: org.codehaus.groovy.ast.expr.EmptyExpression>: null

04-12-2024T08:44:08 - [TEST_STEP][PASSED] - a33 = <not implemented yet for class: org.codehaus.groovy.ast.expr.EmptyExpression>: null

04-12-2024T08:44:08 - [TEST_STEP][PASSED] - a34 = <not implemented yet for class: org.codehaus.groovy.ast.expr.EmptyExpression>: null

04-12-2024T08:44:08 - [TEST_STEP][PASSED] - a35 = <not implemented yet for class: org.codehaus.groovy.ast.expr.EmptyExpression>: null

04-12-2024T08:44:08 - [TEST_STEP][PASSED] - a36 = <not implemented yet for class: org.codehaus.groovy.ast.expr.EmptyExpression>: null

04-12-2024T08:44:08 - [TEST_STEP][PASSED] - a37 = <not implemented yet for class: org.codehaus.groovy.ast.expr.EmptyExpression>: null

04-12-2024T08:44:08 - [TEST_STEP][PASSED] - a38 = <not implemented yet for class: org.codehaus.groovy.ast.expr.EmptyExpression>: null

04-12-2024T08:44:08 - [TEST_STEP][PASSED] - a39 = <not implemented yet for class: org.codehaus.groovy.ast.expr.EmptyExpression>: null

04-12-2024T08:44:08 - [TEST_STEP][PASSED] - a310 = <not implemented yet for class: org.codehaus.groovy.ast.expr.EmptyExpression>: null

04-12-2024T08:44:08 - [TEST_STEP][PASSED] - a311 = <not implemented yet for class: org.codehaus.groovy.ast.expr.EmptyExpression>: null

04-12-2024T08:44:08 - [TEST_STEP][PASSED] - a312 = <not implemented yet for class: org.codehaus.groovy.ast.expr.EmptyExpression>: null

04-12-2024T08:44:08 - [TEST_STEP][PASSED] - a313 = <not implemented yet for class: org.codehaus.groovy.ast.expr.EmptyExpression>: null

04-12-2024T08:44:08 - [TEST_STEP][PASSED] - a314 = <not implemented yet for class: org.codehaus.groovy.ast.expr.EmptyExpression>: null

04-12-2024T08:44:08 - [TEST_STEP][PASSED] - a315 = <not implemented yet for class: org.codehaus.groovy.ast.expr.EmptyExpression>: null

04-12-2024T08:44:08 - [TEST_STEP][PASSED] - a316 = <not implemented yet for class: org.codehaus.groovy.ast.expr.EmptyExpression>: null

04-12-2024T08:44:08 - [TEST_STEP][PASSED] - a317 = <not implemented yet for class: org.codehaus.groovy.ast.expr.EmptyExpression>: null

04-12-2024T08:44:08 - [TEST_STEP][PASSED] - b1 = <not implemented yet for class: org.codehaus.groovy.ast.expr.EmptyExpression>: null

04-12-2024T08:44:08 - [TEST_STEP][PASSED] - b2 = <not implemented yet for class: org.codehaus.groovy.ast.expr.EmptyExpression>: null

04-12-2024T08:44:08 - [TEST_STEP][PASSED] - b30 = <not implemented yet for class: org.codehaus.groovy.ast.expr.EmptyExpression>: null

04-12-2024T08:44:08 - [TEST_STEP][PASSED] - b31 = <not implemented yet for class: org.codehaus.groovy.ast.expr.EmptyExpression>: null

04-12-2024T08:44:08 - [TEST_STEP][PASSED] - b32 = <not implemented yet for class: org.codehaus.groovy.ast.expr.EmptyExpression>: null

04-12-2024T08:44:08 - [TEST_STEP][PASSED] - b33 = <not implemented yet for class: org.codehaus.groovy.ast.expr.EmptyExpression>: null

04-12-2024T08:44:08 - [TEST_STEP][PASSED] - b34 = <not implemented yet for class: org.codehaus.groovy.ast.expr.EmptyExpression>: null

04-12-2024T08:44:08 - [TEST_STEP][PASSED] - b35 = <not implemented yet for class: org.codehaus.groovy.ast.expr.EmptyExpression>: null

04-12-2024T08:44:08 - [TEST_STEP][PASSED] - b36 = <not implemented yet for class: org.codehaus.groovy.ast.expr.EmptyExpression>: null

04-12-2024T08:44:08 - [TEST_STEP][PASSED] - b37 = <not implemented yet for class: org.codehaus.groovy.ast.expr.EmptyExpression>: null

04-12-2024T08:44:08 - [TEST_STEP][PASSED] - b38 = <not implemented yet for class: org.codehaus.groovy.ast.expr.EmptyExpression>: null

04-12-2024T08:44:08 - [TEST_STEP][PASSED] - b39 = <not implemented yet for class: org.codehaus.groovy.ast.expr.EmptyExpression>: null

04-12-2024T08:44:08 - [TEST_STEP][PASSED] - b310 = <not implemented yet for class: org.codehaus.groovy.ast.expr.EmptyExpression>: null

04-12-2024T08:44:08 - [TEST_STEP][PASSED] - b311 = <not implemented yet for class: org.codehaus.groovy.ast.expr.EmptyExpression>: null

04-12-2024T08:44:08 - [TEST_STEP][PASSED] - b312 = <not implemented yet for class: org.codehaus.groovy.ast.expr.EmptyExpression>: null

04-12-2024T08:44:08 - [TEST_STEP][PASSED] - b313 = <not implemented yet for class: org.codehaus.groovy.ast.expr.EmptyExpression>: null

04-12-2024T08:44:08 - [TEST_STEP][PASSED] - b314 = <not implemented yet for class: org.codehaus.groovy.ast.expr.EmptyExpression>: null

04-12-2024T08:44:08 - [TEST_STEP][PASSED] - b315 = <not implemented yet for class: org.codehaus.groovy.ast.expr.EmptyExpression>: null

04-12-2024T08:44:08 - [TEST_STEP][PASSED] - b316 = <not implemented yet for class: org.codehaus.groovy.ast.expr.EmptyExpression>: null

04-12-2024T08:44:08 - [TEST_STEP][PASSED] - b317 = <not implemented yet for class: org.codehaus.groovy.ast.expr.EmptyExpression>: null

04-12-2024T08:44:08 - [TEST_STEP][PASSED] - block = 1: null

04-12-2024T08:44:08 - [TEST_STEP][PASSED] - nameOfBlock = "": null

04-12-2024T08:44:08 - [TEST_STEP][PASSED] - Script1710234207206.PreSettings(run, vir, block, nameOfBlock, typeOfData, todaysDate): null

04-12-2024T08:44:08 - [TEST_STEP][PASSED] - openBrowser(""): Browser is opened with url: ''

04-12-2024T08:44:09 - [MESSAGE][INFO] - Starting 'Chrome' driver

04-12-2024T08:44:09 - [MESSAGE][INFO] - Action delay is set to 0 milliseconds

04-12-2024T08:44:10 - [MESSAGE][PASSED] - Browser is opened with url: ''

04-12-2024T08:44:10 - [TEST_STEP][PASSED] - refresh(): Refresh successfully

04-12-2024T08:44:10 - [MESSAGE][PASSED] - Refresh successfully

04-12-2024T08:44:10 - [TEST_STEP][PASSED] - delay(50): Delayed 50 second(s)

04-12-2024T08:45:00 - [MESSAGE][PASSED] - Delayed 50 second(s)

04-12-2024T08:45:00 - [TEST_STEP][PASSED] - println("run:" + run): null

04-12-2024T08:45:00 - [TEST_STEP][PASSED] - println("vir:" + vir): null

04-12-2024T08:45:00 - [TEST_STEP][PASSED] - println("block:" + block): null

04-12-2024T08:45:00 - [TEST_STEP][PASSED] - if (block == 1): null

04-12-2024T08:45:00 - [TEST_STEP][PASSED] - nameOfBlock = "": null

04-12-2024T08:45:00 - [TEST_STEP][PASSED] - println("nameOfBlock:" + nameOfBlock): null

04-12-2024T08:45:00 - [TEST_STEP][PASSED] - println("typeOfData:" + typeOfData): null

04-12-2024T08:45:00 - [TEST_STEP][PASSED] - println("todaysDate:" + todaysDate): null

04-12-2024T08:45:00 - [TEST_STEP][PASSED] - Script1710234207206.Autorization(block, nameOfBlock): null

04-12-2024T08:45:00 - [TEST_STEP][PASSED] - i = <not implemented yet for class: org.codehaus.groovy.ast.expr.EmptyExpression>: null

04-12-2024T08:45:00 - [TEST_STEP][PASSED] - ii = <not implemented yet for class: org.codehaus.groovy.ast.expr.EmptyExpression>: null

04-12-2024T08:45:00 - [TEST_STEP][PASSED] - urlData = <not implemented yet for class: org.codehaus.groovy.ast.expr.EmptyExpression>: null

04-12-2024T08:45:00 - [TEST_STEP][PASSED] - searchWord = <not implemented yet for class: org.codehaus.groovy.ast.expr.EmptyExpression>: null

04-12-2024T08:45:00 - [TEST_STEP][PASSED] - urlText = <not implemented yet for class: org.codehaus.groovy.ast.expr.EmptyExpression>: null

04-12-2024T08:45:00 - [TEST_STEP][PASSED] - println("block:" + block): null

04-12-2024T08:45:00 - [TEST_STEP][PASSED] - if (block == 1): null

04-12-2024T08:45:00 - [TEST_STEP][PASSED] - nameOfBlock = "": null

04-12-2024T08:45:00 - [TEST_STEP][PASSED] - println("nameOfBlock:" + nameOfBlock): null

04-12-2024T08:45:00 - [TEST_STEP][PASSED] - if (block == 1): Delayed 45 second(s)

04-12-2024T08:45:00 - [TEST_STEP][PASSED] - urlData = 2: null

04-12-2024T08:45:00 - [TEST_STEP][PASSED] - delay(45): Delayed 45 second(s)

04-12-2024T08:45:45 - [MESSAGE][PASSED] - Delayed 45 second(s)

04-12-2024T08:45:45 - [TEST_STEP][PASSED] - navigateToUrl(findTestData("PlanFact").getValue(10, urlData)): Navigate to 'https://bi.rosseti.digital/viewer?dashboardGuid=2301950b23be4ed89c1df75f2020051e&sheetGuid=b723206f698544fb87299f3095c00435&fit=true' successfully

04-12-2024T08:45:52 - [MESSAGE][PASSED] - Navigate to 'https://bi.rosseti.digital/viewer?dashboardGuid=2301950b23be4ed89c1df75f2020051e&sheetGuid=b723206f698544fb87299f3095c00435&fit=true' successfully

04-12-2024T08:45:52 - [TEST_STEP][PASSED] - urlText = getText(findTestObject("Страница авторизации/Text")): Text of object 'Object Repository/Страница авторизации/Text' is: 'Вход'

04-12-2024T08:45:59 - [MESSAGE][PASSED] - Text of object 'Object Repository/Страница авторизации/Text' is: 'Вход'

04-12-2024T08:45:59 - [TEST_STEP][PASSED] - searchWord = "Вход": null

04-12-2024T08:45:59 - [TEST_STEP][PASSED] - if (urlText == null || urlText.contains("ошибка") || urlText.contains(searchWord) == false): null

04-12-2024T08:45:59 - [TEST_STEP][PASSED] - if (verifyElementPresent(findTestObject("Страница авторизации/button_"), 30) == true): null

04-12-2024T08:45:59 - [MESSAGE][PASSED] - Object 'Object Repository/Страница авторизации/button_' is present

04-12-2024T08:45:59 - [TEST_STEP][PASSED] - setText(findTestObject("Страница авторизации/input__username"), findTestData("PlanFact").getValue(8, 1)): Text 'liazgina-di' is set on object 'Object Repository/Страница авторизации/input__username'

04-12-2024T08:46:00 - [MESSAGE][PASSED] - Text 'liazgina-di' is set on object 'Object Repository/Страница авторизации/input__username'

04-12-2024T08:46:00 - [TEST_STEP][PASSED] - setText(findTestObject("Страница авторизации/input__password"), findTestData("PlanFact").getValue(9, 1)): Text ')$%5srZ8o688Dm#q' is set on object 'Object Repository/Страница авторизации/input__password'

04-12-2024T08:46:00 - [MESSAGE][PASSED] - Text ')$%5srZ8o688Dm#q' is set on object 'Object Repository/Страница авторизации/input__password'

04-12-2024T08:46:00 - [TEST_STEP][PASSED] - click(findTestObject("Страница авторизации/button_")): Object: 'Object Repository/Страница авторизации/button_' is clicked on

04-12-2024T08:46:03 - [MESSAGE][PASSED] - Object: 'Object Repository/Страница авторизации/button_' is clicked on

04-12-2024T08:46:03 - [TEST_STEP][PASSED] - delay(45): Delayed 45 second(s)

04-12-2024T08:46:49 - [MESSAGE][PASSED] - Delayed 45 second(s)

04-12-2024T08:46:49 - [TEST_STEP][PASSED] - urlText = getText(findTestObject("Страница авторизации/Text")): Text of object 'Object Repository/Страница авторизации/Text' is: 'Период
1, 2, 3 кв., Октябрь 2024 года
Выручка
Все
Выполнение плановых показателей по ПАО Россети за 1, 2, 3 кв., Октябрь 2024 года
План
Факт
Динамика
2024 год
0 млн.руб.
100 000 млн.руб.
200 000 млн.руб.
300 000 млн.руб.
400 000 млн.руб.
500 000 млн.руб.
600 000 млн.руб.
700 000 млн.руб.
800 000 млн.руб.
900 000 млн.руб.
1 000 000 млн.руб.
1 100 000 млн.руб.
1 200 000 млн.руб.
1 300 000 млн.руб.
1 400 000 млн.руб.
1 180 677
1 181 459
↑
ДЗО 
Все
Внутренний оборот - выручка за услуги по передаче электрической энергии, учтенная в выручке за электроэнергию для конечных потребителей, при выполнении ДЗО функций гарантирующего поставщика
Подписи данных
⬤Отклонение
АО «Тываэнерго»
АО «Чеченэнерго»
Россети Волга
Россети Кубань
Россети Ленэнерго (ГК)
Россети Московский регион
Россети Северный Кавказ (ГК)
Россети Северо-Запад
Россети Сибирь (ГК)
Россети Томск
Россети Тюмень
Россети Урал (ГК)
Россети ФСК ЕЭС
Россети Центр
Россети Центр и Приволжье (ГК)
Россети Юг (ГК)
Россети Янтарь
-25 000млн.руб.
-20 000млн.руб.
-15 000млн.руб.
-10 000млн.руб.
-5 000млн.руб.
0млн.руб.
5 000млн.руб.
10 …
-30 000млн.руб.
300
101
156
3 953
4 462
7 500
888
878
1 274
238
-5 106
1 955
-24 344
2 435
4 419
1 357
318
млн.
%
Выручка
Отклонение выручки по ПАО Россети за 1, 2, 3 кв., Октябрь 2024 года (факт/план, млн. руб)
ПАО Россети
782.4 млн.руб.
 '

04-12-2024T08:46:49 - [MESSAGE][PASSED] - Text of object 'Object Repository/Страница авторизации/Text' is: 'Период
1, 2, 3 кв., Октябрь 2024 года
Выручка
Все
Выполнение плановых показателей по ПАО Россети за 1, 2, 3 кв., Октябрь 2024 года
План
Факт
Динамика
2024 год
0 млн.руб.
100 000 млн.руб.
200 000 млн.руб.
300 000 млн.руб.
400 000 млн.руб.
500 000 млн.руб.
600 000 млн.руб.
700 000 млн.руб.
800 000 млн.руб.
900 000 млн.руб.
1 000 000 млн.руб.
1 100 000 млн.руб.
1 200 000 млн.руб.
1 300 000 млн.руб.
1 400 000 млн.руб.
1 180 677
1 181 459
↑
ДЗО 
Все
Внутренний оборот - выручка за услуги по передаче электрической энергии, учтенная в выручке за электроэнергию для конечных потребителей, при выполнении ДЗО функций гарантирующего поставщика
Подписи данных
⬤Отклонение
АО «Тываэнерго»
АО «Чеченэнерго»
Россети Волга
Россети Кубань
Россети Ленэнерго (ГК)
Россети Московский регион
Россети Северный Кавказ (ГК)
Россети Северо-Запад
Россети Сибирь (ГК)
Россети Томск
Россети Тюмень
Россети Урал (ГК)
Россети ФСК ЕЭС
Россети Центр
Россети Центр и Приволжье (ГК)
Россети Юг (ГК)
Россети Янтарь
-25 000млн.руб.
-20 000млн.руб.
-15 000млн.руб.
-10 000млн.руб.
-5 000млн.руб.
0млн.руб.
5 000млн.руб.
10 …
-30 000млн.руб.
300
101
156
3 953
4 462
7 500
888
878
1 274
238
-5 106
1 955
-24 344
2 435
4 419
1 357
318
млн.
%
Выручка
Отклонение выручки по ПАО Россети за 1, 2, 3 кв., Октябрь 2024 года (факт/план, млн. руб)
ПАО Россети
782.4 млн.руб.
 '

04-12-2024T08:46:49 - [TEST_STEP][PASSED] - searchWord = "а": null

04-12-2024T08:46:49 - [TEST_STEP][PASSED] - if (urlText.contains("ошибка") || urlText.contains(searchWord) == false): null

04-12-2024T08:46:49 - [TEST_STEP][PASSED] - delay(45): Delayed 45 second(s)

04-12-2024T08:47:34 - [MESSAGE][PASSED] - Delayed 45 second(s)

04-12-2024T08:47:34 - [TEST_STEP][PASSED] - if (block == 2): null

04-12-2024T08:47:34 - [TEST_STEP][PASSED] - click(findTestObject("Выручка в рублях/Фильтр Период" + nameOfBlock)): Object: 'Object Repository/Выручка в рублях/Фильтр Период' is clicked on

04-12-2024T08:47:35 - [MESSAGE][PASSED] - Object: 'Object Repository/Выручка в рублях/Фильтр Период' is clicked on

04-12-2024T08:47:35 - [TEST_STEP][PASSED] - click(findTestObject("Выручка в рублях/Снять выделение в фильтре Дата" + nameOfBlock)): Object: 'Object Repository/Выручка в рублях/Снять выделение в фильтре Дата' is clicked on

04-12-2024T08:47:35 - [MESSAGE][PASSED] - Object: 'Object Repository/Выручка в рублях/Снять выделение в фильтре Дата' is clicked on

04-12-2024T08:47:35 - [TEST_STEP][PASSED] - click(findTestObject("Выручка в рублях/Применить в фильтре Дата" + nameOfBlock)): Object: 'Object Repository/Выручка в рублях/Применить в фильтре Дата' is clicked on

04-12-2024T08:47:36 - [MESSAGE][PASSED] - Object: 'Object Repository/Выручка в рублях/Применить в фильтре Дата' is clicked on

04-12-2024T08:47:36 - [TEST_STEP][PASSED] - delay(50): Delayed 50 second(s)

04-12-2024T08:48:26 - [MESSAGE][PASSED] - Delayed 50 second(s)

04-12-2024T08:48:26 - [TEST_STEP][PASSED] - click(findTestObject("Выручка в рублях/Фильтр Период" + nameOfBlock)): Object: 'Object Repository/Выручка в рублях/Фильтр Период' is clicked on

04-12-2024T08:48:26 - [MESSAGE][PASSED] - Object: 'Object Repository/Выручка в рублях/Фильтр Период' is clicked on

04-12-2024T08:48:26 - [TEST_STEP][PASSED] - click(findTestObject("Выручка в рублях/Снять выделение в фильтре Дата" + nameOfBlock)): Object: 'Object Repository/Выручка в рублях/Снять выделение в фильтре Дата' is clicked on

04-12-2024T08:48:27 - [MESSAGE][PASSED] - Object: 'Object Repository/Выручка в рублях/Снять выделение в фильтре Дата' is clicked on

04-12-2024T08:48:27 - [TEST_STEP][PASSED] - scrollToElement(findTestObject("Выручка в рублях/2024 список" + nameOfBlock), 30): Scroll to object 'Object Repository/Выручка в рублях/2024 список' successfully

04-12-2024T08:48:27 - [MESSAGE][PASSED] - Scroll to object 'Object Repository/Выручка в рублях/2024 список' successfully

04-12-2024T08:48:27 - [TEST_STEP][PASSED] - click(findTestObject("Выручка в рублях/2024 список" + nameOfBlock)): Object: 'Object Repository/Выручка в рублях/2024 список' is clicked on

04-12-2024T08:48:27 - [MESSAGE][PASSED] - Object: 'Object Repository/Выручка в рублях/2024 список' is clicked on

04-12-2024T08:48:27 - [TEST_STEP][PASSED] - scrollToElement(findTestObject("Выручка в рублях/1 квартал 2024 выбрать" + nameOfBlock), 30): Scroll to object 'Object Repository/Выручка в рублях/1 квартал 2024 выбрать' successfully

04-12-2024T08:48:28 - [MESSAGE][PASSED] - Scroll to object 'Object Repository/Выручка в рублях/1 квартал 2024 выбрать' successfully

04-12-2024T08:48:28 - [TEST_STEP][PASSED] - click(findTestObject("Выручка в рублях/1 квартал 2024 выбрать" + nameOfBlock)): Object: 'Object Repository/Выручка в рублях/1 квартал 2024 выбрать' is clicked on

04-12-2024T08:48:28 - [MESSAGE][PASSED] - Object: 'Object Repository/Выручка в рублях/1 квартал 2024 выбрать' is clicked on

04-12-2024T08:48:28 - [TEST_STEP][PASSED] - scrollToElement(findTestObject("Выручка в рублях/2 квартал 2024 выбрать" + nameOfBlock), 30): Scroll to object 'Object Repository/Выручка в рублях/2 квартал 2024 выбрать' successfully

04-12-2024T08:48:29 - [MESSAGE][PASSED] - Scroll to object 'Object Repository/Выручка в рублях/2 квартал 2024 выбрать' successfully

04-12-2024T08:48:29 - [TEST_STEP][PASSED] - click(findTestObject("Выручка в рублях/2 квартал 2024 выбрать" + nameOfBlock)): Object: 'Object Repository/Выручка в рублях/2 квартал 2024 выбрать' is clicked on

04-12-2024T08:48:29 - [MESSAGE][PASSED] - Object: 'Object Repository/Выручка в рублях/2 квартал 2024 выбрать' is clicked on

04-12-2024T08:48:29 - [TEST_STEP][PASSED] - scrollToElement(findTestObject("Выручка в рублях/3 квартал 2024 список" + nameOfBlock), 30): Scroll to object 'Object Repository/Выручка в рублях/3 квартал 2024 список' successfully

04-12-2024T08:48:29 - [MESSAGE][PASSED] - Scroll to object 'Object Repository/Выручка в рублях/3 квартал 2024 список' successfully

04-12-2024T08:48:29 - [TEST_STEP][PASSED] - click(findTestObject("Выручка в рублях/3 квартал 2024" + nameOfBlock)): Object: 'Object Repository/Выручка в рублях/3 квартал 2024' is clicked on

04-12-2024T08:48:30 - [MESSAGE][PASSED] - Object: 'Object Repository/Выручка в рублях/3 квартал 2024' is clicked on

04-12-2024T08:48:30 - [TEST_STEP][PASSED] - scrollToElement(findTestObject("Выручка в рублях/4 квартал 2024 список" + nameOfBlock), 30): Scroll to object 'Object Repository/Выручка в рублях/4 квартал 2024 список' successfully

04-12-2024T08:48:30 - [MESSAGE][PASSED] - Scroll to object 'Object Repository/Выручка в рублях/4 квартал 2024 список' successfully

04-12-2024T08:48:30 - [TEST_STEP][PASSED] - click(findTestObject("Выручка в рублях/4 квартал 2024 список" + nameOfBlock)): Object: 'Object Repository/Выручка в рублях/4 квартал 2024 список' is clicked on

04-12-2024T08:48:31 - [MESSAGE][PASSED] - Object: 'Object Repository/Выручка в рублях/4 квартал 2024 список' is clicked on

04-12-2024T08:48:31 - [TEST_STEP][PASSED] - scrollToElement(findTestObject("Выручка в рублях/Октябрь 2024" + nameOfBlock), 30): Scroll to object 'Object Repository/Выручка в рублях/Октябрь 2024' successfully

04-12-2024T08:48:31 - [MESSAGE][PASSED] - Scroll to object 'Object Repository/Выручка в рублях/Октябрь 2024' successfully

04-12-2024T08:48:31 - [TEST_STEP][PASSED] - click(findTestObject("Выручка в рублях/Октябрь 2024" + nameOfBlock)): Object: 'Object Repository/Выручка в рублях/Октябрь 2024' is clicked on

04-12-2024T08:48:31 - [MESSAGE][PASSED] - Object: 'Object Repository/Выручка в рублях/Октябрь 2024' is clicked on

04-12-2024T08:48:31 - [TEST_STEP][PASSED] - scrollToElement(findTestObject("Выручка в рублях/Заголовок дашборда" + nameOfBlock), 30): Scroll to object 'Object Repository/Выручка в рублях/Заголовок дашборда' successfully

04-12-2024T08:48:32 - [MESSAGE][PASSED] - Scroll to object 'Object Repository/Выручка в рублях/Заголовок дашборда' successfully

04-12-2024T08:48:32 - [TEST_STEP][PASSED] - click(findTestObject("Выручка в рублях/Применить в фильтре Дата" + nameOfBlock)): Object: 'Object Repository/Выручка в рублях/Применить в фильтре Дата' is clicked on

04-12-2024T08:48:32 - [MESSAGE][PASSED] - Object: 'Object Repository/Выручка в рублях/Применить в фильтре Дата' is clicked on

04-12-2024T08:48:32 - [TEST_STEP][PASSED] - delay(55): Delayed 55 second(s)

04-12-2024T08:49:27 - [MESSAGE][PASSED] - Delayed 55 second(s)

04-12-2024T08:49:27 - [TEST_STEP][PASSED] - click(findTestObject("Выручка в рублях/Фильтр ДЗО" + nameOfBlock)): Object: 'Object Repository/Выручка в рублях/Фильтр ДЗО' is clicked on

04-12-2024T08:49:28 - [MESSAGE][PASSED] - Object: 'Object Repository/Выручка в рублях/Фильтр ДЗО' is clicked on

04-12-2024T08:49:28 - [TEST_STEP][PASSED] - click(findTestObject("Выручка в рублях/Снять выделение в фильтре ДЗО" + nameOfBlock)): Object: 'Object Repository/Выручка в рублях/Снять выделение в фильтре ДЗО' is clicked on

04-12-2024T08:49:28 - [MESSAGE][PASSED] - Object: 'Object Repository/Выручка в рублях/Снять выделение в фильтре ДЗО' is clicked on

04-12-2024T08:49:28 - [TEST_STEP][PASSED] - click(findTestObject("Выручка в рублях/Применить в фильтре ДЗО" + nameOfBlock)): Object: 'Object Repository/Выручка в рублях/Применить в фильтре ДЗО' is clicked on

04-12-2024T08:49:29 - [MESSAGE][PASSED] - Object: 'Object Repository/Выручка в рублях/Применить в фильтре ДЗО' is clicked on

04-12-2024T08:49:29 - [TEST_STEP][PASSED] - delay(50): Delayed 50 second(s)

04-12-2024T08:50:19 - [MESSAGE][PASSED] - Delayed 50 second(s)

04-12-2024T08:50:19 - [TEST_STEP][PASSED] - Script1710234207206.Tumbler(run, vir, block, nameOfBlock): null

04-12-2024T08:50:19 - [TEST_STEP][PASSED] - println("run:" + run): null

04-12-2024T08:50:19 - [TEST_STEP][PASSED] - println("vir:" + vir): null

04-12-2024T08:50:19 - [TEST_STEP][PASSED] - println("block:" + block): null

04-12-2024T08:50:19 - [TEST_STEP][PASSED] - println("nameOfBlock:" + nameOfBlock): null

04-12-2024T08:50:19 - [TEST_STEP][PASSED] - if (vir == 1): null

04-12-2024T08:50:19 - [TEST_STEP][PASSED] - else if (vir == 2): null

04-12-2024T08:50:19 - [TEST_STEP][PASSED] - else if (vir == 3): Object: 'Object Repository/Выручка в рублях/Применить в фильтре Выручка' is clicked on

04-12-2024T08:50:19 - [TEST_STEP][PASSED] - if (run == 2): Object: 'Object Repository/Выручка в рублях/Переключить отображение с млн на проценты Выручка в рублях' is clicked on

04-12-2024T08:50:19 - [TEST_STEP][PASSED] - click(findTestObject("Выручка в рублях/Переключить отображение с млн на проценты Выручка в рублях" + nameOfBlock)): Object: 'Object Repository/Выручка в рублях/Переключить отображение с млн на проценты Выручка в рублях' is clicked on

04-12-2024T08:50:19 - [MESSAGE][PASSED] - Object: 'Object Repository/Выручка в рублях/Переключить отображение с млн на проценты Выручка в рублях' is clicked on

04-12-2024T08:50:19 - [TEST_STEP][PASSED] - click(findTestObject("Выручка в рублях/Фильтр Выручка" + nameOfBlock)): Object: 'Object Repository/Выручка в рублях/Фильтр Выручка' is clicked on

04-12-2024T08:50:19 - [MESSAGE][PASSED] - Object: 'Object Repository/Выручка в рублях/Фильтр Выручка' is clicked on

04-12-2024T08:50:19 - [TEST_STEP][PASSED] - click(findTestObject("Выручка в рублях/Внутренний оборот в фильтре Выручка" + nameOfBlock)): Object: 'Object Repository/Выручка в рублях/Внутренний оборот в фильтре Выручка' is clicked on

04-12-2024T08:50:20 - [MESSAGE][PASSED] - Object: 'Object Repository/Выручка в рублях/Внутренний оборот в фильтре Выручка' is clicked on

04-12-2024T08:50:20 - [TEST_STEP][PASSED] - click(findTestObject("Выручка в рублях/Применить в фильтре Выручка" + nameOfBlock)): Object: 'Object Repository/Выручка в рублях/Применить в фильтре Выручка' is clicked on

04-12-2024T08:50:21 - [MESSAGE][PASSED] - Object: 'Object Repository/Выручка в рублях/Применить в фильтре Выручка' is clicked on

04-12-2024T08:50:21 - [TEST_STEP][PASSED] - click(findTestObject("Выручка в рублях/Фильтр ДЗО" + nameOfBlock)): Object: 'Object Repository/Выручка в рублях/Фильтр ДЗО' is clicked on

04-12-2024T08:50:24 - [MESSAGE][PASSED] - Object: 'Object Repository/Выручка в рублях/Фильтр ДЗО' is clicked on

04-12-2024T08:50:24 - [TEST_STEP][PASSED] - Script1710234207206.Rosseti(nameOfBlock): null

04-12-2024T08:50:24 - [TEST_STEP][PASSED] - println("nameOfBlock:" + nameOfBlock): null

04-12-2024T08:50:24 - [TEST_STEP][PASSED] - click(findTestObject("Выручка в рублях/ПАО Россети" + nameOfBlock)): Object: 'Object Repository/Выручка в рублях/ПАО Россети' is clicked on

04-12-2024T08:50:25 - [MESSAGE][PASSED] - Object: 'Object Repository/Выручка в рублях/ПАО Россети' is clicked on

04-12-2024T08:50:25 - [TEST_STEP][PASSED] - click(findTestObject("Выручка в рублях/Применить в фильтре ДЗО" + nameOfBlock)): Object: 'Object Repository/Выручка в рублях/Применить в фильтре ДЗО' is clicked on

04-12-2024T08:50:26 - [MESSAGE][PASSED] - Object: 'Object Repository/Выручка в рублях/Применить в фильтре ДЗО' is clicked on

04-12-2024T08:50:26 - [TEST_STEP][PASSED] - if (run == 2): null

04-12-2024T08:50:26 - [TEST_STEP][PASSED] - perc = " Perc": null

04-12-2024T08:50:26 - [TEST_STEP][PASSED] - if (vir == 1 || vir == 2): null

04-12-2024T08:50:26 - [TEST_STEP][PASSED] - else: Text of object 'Object Repository/Выручка в рублях/vir3Plan' is: '19 961'

04-12-2024T08:50:26 - [TEST_STEP][PASSED] - a1 = getText(findTestObject("Выручка в рублях/vir3Plan")): Text of object 'Object Repository/Выручка в рублях/vir3Plan' is: '19 961'

04-12-2024T08:50:29 - [MESSAGE][PASSED] - Text of object 'Object Repository/Выручка в рублях/vir3Plan' is: '19 961'

04-12-2024T08:50:29 - [TEST_STEP][PASSED] - if (vir == 1 || vir == 2): null

04-12-2024T08:50:29 - [TEST_STEP][PASSED] - else: Text of object 'Object Repository/Выручка в рублях/vir3Fact' is: '20 654'

04-12-2024T08:50:29 - [TEST_STEP][PASSED] - a2 = getText(findTestObject("Выручка в рублях/vir3Fact")): Text of object 'Object Repository/Выручка в рублях/vir3Fact' is: '20 654'

04-12-2024T08:50:29 - [MESSAGE][PASSED] - Text of object 'Object Repository/Выручка в рублях/vir3Fact' is: '20 654'

04-12-2024T08:50:29 - [TEST_STEP][PASSED] - a30 = getText(findTestObject("Выручка в рублях/span1" + perc)): Text of object 'Object Repository/Выручка в рублях/span1 Perc' is: '-47.24 %'

04-12-2024T08:50:30 - [MESSAGE][PASSED] - Text of object 'Object Repository/Выручка в рублях/span1 Perc' is: '-47.24 %'

04-12-2024T08:50:30 - [TEST_STEP][PASSED] - i = a30.indexOf("млн.руб."): null

04-12-2024T08:50:30 - [TEST_STEP][PASSED] - if (i > -1): null

04-12-2024T08:50:30 - [TEST_STEP][PASSED] - if (a30.contains("%")): null

04-12-2024T08:50:30 - [TEST_STEP][PASSED] - a30 = a30.replaceAll("%", ""): null

04-12-2024T08:50:30 - [TEST_STEP][PASSED] - a30 = ").trim(): null

04-12-2024T08:50:30 - [TEST_STEP][PASSED] - println("a30: " + a30): null

04-12-2024T08:50:30 - [TEST_STEP][PASSED] - if (vir == 1 || vir == 2): null

04-12-2024T08:50:30 - [TEST_STEP][PASSED] - else: Text of object 'Object Repository/Выручка в рублях/span15 Perc' is: '-5.9 %'

04-12-2024T08:50:30 - [TEST_STEP][PASSED] - a31 = ").trim(): Text of object 'Object Repository/Выручка в рублях/span15 Perc' is: '-5.9 %'

04-12-2024T08:50:30 - [MESSAGE][PASSED] - Text of object 'Object Repository/Выручка в рублях/span15 Perc' is: '-5.9 %'

04-12-2024T08:50:30 - [TEST_STEP][PASSED] - if (vir == 1 || vir == 2): null

04-12-2024T08:50:30 - [TEST_STEP][PASSED] - else: Text of object 'Object Repository/Выручка в рублях/span16 Perc' is: '-48.49 %'

04-12-2024T08:50:30 - [TEST_STEP][PASSED] - a32 = ").trim(): Text of object 'Object Repository/Выручка в рублях/span16 Perc' is: '-48.49 %'

04-12-2024T08:50:30 - [MESSAGE][PASSED] - Text of object 'Object Repository/Выручка в рублях/span16 Perc' is: '-48.49 %'

04-12-2024T08:50:30 - [TEST_STEP][PASSED] - if (vir == 1 || vir == 2): null

04-12-2024T08:50:30 - [TEST_STEP][PASSED] - else: Text of object 'Object Repository/Выручка в рублях/span17 Perc' is: '-48.97 %'

04-12-2024T08:50:30 - [TEST_STEP][PASSED] - a37 = ").trim(): Text of object 'Object Repository/Выручка в рублях/span17 Perc' is: '-48.97 %'

04-12-2024T08:50:30 - [MESSAGE][PASSED] - Text of object 'Object Repository/Выручка в рублях/span17 Perc' is: '-48.97 %'

04-12-2024T08:50:30 - [TEST_STEP][PASSED] - if (vir == 1 || vir == 2): null

04-12-2024T08:50:30 - [TEST_STEP][PASSED] - else: Text of object 'Object Repository/Выручка в рублях/span18 Perc' is: '-45.96 %'

04-12-2024T08:50:30 - [TEST_STEP][PASSED] - a316 = ").trim(): Text of object 'Object Repository/Выручка в рублях/span18 Perc' is: '-45.96 %'

04-12-2024T08:50:31 - [MESSAGE][PASSED] - Text of object 'Object Repository/Выручка в рублях/span18 Perc' is: '-45.96 %'

04-12-2024T08:50:31 - [TEST_STEP][PASSED] - if (vir == 1 || vir == 2): null

04-12-2024T08:50:31 - [TEST_STEP][PASSED] - block = 2: null

04-12-2024T08:50:31 - [TEST_STEP][PASSED] - nameOfBlock = " Выручка": null

04-12-2024T08:50:31 - [TEST_STEP][PASSED] - Script1710234207206.PreSettings(run, vir, block, nameOfBlock, typeOfData, todaysDate): null

04-12-2024T08:50:31 - [TEST_STEP][PASSED] - openBrowser(""): Browser is opened with url: ''

04-12-2024T08:50:31 - [MESSAGE][WARNING] - A browser is already opened. Closing browser and opening a new one

04-12-2024T08:50:31 - [MESSAGE][INFO] - Starting 'Chrome' driver

04-12-2024T08:50:31 - [MESSAGE][INFO] - Action delay is set to 0 milliseconds

04-12-2024T08:50:32 - [MESSAGE][PASSED] - Browser is opened with url: ''

04-12-2024T08:50:32 - [TEST_STEP][PASSED] - refresh(): Refresh successfully

04-12-2024T08:50:32 - [MESSAGE][PASSED] - Refresh successfully

04-12-2024T08:50:32 - [TEST_STEP][PASSED] - delay(50): Delayed 50 second(s)

04-12-2024T08:51:22 - [MESSAGE][PASSED] - Delayed 50 second(s)

04-12-2024T08:51:22 - [TEST_STEP][PASSED] - println("run:" + run): null

04-12-2024T08:51:22 - [TEST_STEP][PASSED] - println("vir:" + vir): null

04-12-2024T08:51:22 - [TEST_STEP][PASSED] - println("block:" + block): null

04-12-2024T08:51:22 - [TEST_STEP][PASSED] - if (block == 1): null

04-12-2024T08:51:22 - [TEST_STEP][PASSED] - else: null

04-12-2024T08:51:22 - [TEST_STEP][PASSED] - nameOfBlock = " Выручка": null

04-12-2024T08:51:22 - [TEST_STEP][PASSED] - println("nameOfBlock:" + nameOfBlock): null

04-12-2024T08:51:22 - [TEST_STEP][PASSED] - println("typeOfData:" + typeOfData): null

04-12-2024T08:51:22 - [TEST_STEP][PASSED] - println("todaysDate:" + todaysDate): null

04-12-2024T08:51:22 - [TEST_STEP][PASSED] - Script1710234207206.Autorization(block, nameOfBlock): null

04-12-2024T08:51:22 - [TEST_STEP][PASSED] - i = <not implemented yet for class: org.codehaus.groovy.ast.expr.EmptyExpression>: null

04-12-2024T08:51:22 - [TEST_STEP][PASSED] - ii = <not implemented yet for class: org.codehaus.groovy.ast.expr.EmptyExpression>: null

04-12-2024T08:51:22 - [TEST_STEP][PASSED] - urlData = <not implemented yet for class: org.codehaus.groovy.ast.expr.EmptyExpression>: null

04-12-2024T08:51:22 - [TEST_STEP][PASSED] - searchWord = <not implemented yet for class: org.codehaus.groovy.ast.expr.EmptyExpression>: null

04-12-2024T08:51:22 - [TEST_STEP][PASSED] - urlText = <not implemented yet for class: org.codehaus.groovy.ast.expr.EmptyExpression>: null

04-12-2024T08:51:22 - [TEST_STEP][PASSED] - println("block:" + block): null

04-12-2024T08:51:22 - [TEST_STEP][PASSED] - if (block == 1): null

04-12-2024T08:51:22 - [TEST_STEP][PASSED] - else: null

04-12-2024T08:51:22 - [TEST_STEP][PASSED] - delay(45): Delayed 45 second(s)

04-12-2024T08:52:07 - [MESSAGE][PASSED] - Delayed 45 second(s)

04-12-2024T08:52:07 - [TEST_STEP][PASSED] - nameOfBlock = " Выручка": null

04-12-2024T08:52:07 - [TEST_STEP][PASSED] - println("nameOfBlock:" + nameOfBlock): null

04-12-2024T08:52:07 - [TEST_STEP][PASSED] - if (block == 1): null

04-12-2024T08:52:07 - [TEST_STEP][PASSED] - else: Delayed 45 second(s)

04-12-2024T08:52:07 - [TEST_STEP][PASSED] - urlData = 9: null

04-12-2024T08:52:07 - [TEST_STEP][PASSED] - delay(45): Delayed 45 second(s)

04-12-2024T08:52:52 - [MESSAGE][PASSED] - Delayed 45 second(s)

04-12-2024T08:52:52 - [TEST_STEP][PASSED] - navigateToUrl(findTestData("PlanFact").getValue(10, urlData)): Navigate to 'https://bi.rosseti.digital/viewer?dashboardGuid=a1fd28b3785d443cbc4d7690a1d78e31&sheetGuid=86092a20c5984827a0c87b24cac76a50&fit=true' successfully

04-12-2024T08:52:59 - [MESSAGE][PASSED] - Navigate to 'https://bi.rosseti.digital/viewer?dashboardGuid=a1fd28b3785d443cbc4d7690a1d78e31&sheetGuid=86092a20c5984827a0c87b24cac76a50&fit=true' successfully

04-12-2024T08:52:59 - [TEST_STEP][PASSED] - urlText = getText(findTestObject("Страница авторизации/Text")): Text of object 'Object Repository/Страница авторизации/Text' is: 'Вход'

04-12-2024T08:53:03 - [MESSAGE][PASSED] - Text of object 'Object Repository/Страница авторизации/Text' is: 'Вход'

04-12-2024T08:53:03 - [TEST_STEP][PASSED] - searchWord = "Вход": null

04-12-2024T08:53:03 - [TEST_STEP][PASSED] - if (urlText == null || urlText.contains("ошибка") || urlText.contains(searchWord) == false): null

04-12-2024T08:53:03 - [TEST_STEP][PASSED] - if (verifyElementPresent(findTestObject("Страница авторизации/button_"), 30) == true): null

04-12-2024T08:53:03 - [MESSAGE][PASSED] - Object 'Object Repository/Страница авторизации/button_' is present

04-12-2024T08:53:03 - [TEST_STEP][PASSED] - setText(findTestObject("Страница авторизации/input__username"), findTestData("PlanFact").getValue(8, 1)): Text 'liazgina-di' is set on object 'Object Repository/Страница авторизации/input__username'

04-12-2024T08:53:04 - [MESSAGE][PASSED] - Text 'liazgina-di' is set on object 'Object Repository/Страница авторизации/input__username'

04-12-2024T08:53:04 - [TEST_STEP][PASSED] - setText(findTestObject("Страница авторизации/input__password"), findTestData("PlanFact").getValue(9, 1)): Text ')$%5srZ8o688Dm#q' is set on object 'Object Repository/Страница авторизации/input__password'

04-12-2024T08:53:05 - [MESSAGE][PASSED] - Text ')$%5srZ8o688Dm#q' is set on object 'Object Repository/Страница авторизации/input__password'

04-12-2024T08:53:05 - [TEST_STEP][PASSED] - click(findTestObject("Страница авторизации/button_")): Object: 'Object Repository/Страница авторизации/button_' is clicked on

04-12-2024T08:53:08 - [MESSAGE][PASSED] - Object: 'Object Repository/Страница авторизации/button_' is clicked on

04-12-2024T08:53:08 - [TEST_STEP][PASSED] - delay(45): Delayed 45 second(s)

04-12-2024T08:53:53 - [MESSAGE][PASSED] - Delayed 45 second(s)

04-12-2024T08:53:53 - [TEST_STEP][PASSED] - urlText = getText(findTestObject("Страница авторизации/Text")): Text of object 'Object Repository/Страница авторизации/Text' is: 'Период
Выбрано: 4
Выручка
Все
Выполнение плановых показателей, млн.руб.
План
Факт
Динамика
2024 год
0 млн.руб.
100 000 млн.руб.
200 000 млн.руб.
300 000 млн.руб.
400 000 млн.руб.
500 000 млн.руб.
600 000 млн.руб.
700 000 млн.руб.
800 000 млн.руб.
900 000 млн.руб.
1 000 000 млн.руб.
1 100 000 млн.руб.
1 200 000 млн.руб.
1 300 000 млн.руб.
1 400 000 млн.руб.
1 180 677
1 181 459
↑
ДЗО 
Все
Подписи данных
⬤Отклонение
АО «Тываэнерго»
АО «Чеченэнерго»
Россети Волга
Россети Кубань
Россети Ленэнерго (ГК)
Россети Московский регион
Россети Северный Кавказ (ГК)
Россети Северо-Запад
Россети Сибирь (ГК)
Россети Томск
Россети Тюмень
Россети Урал (ГК)
Россети ФСК ЕЭС
Россети Центр
Россети Центр и Приволжье (ГК)
Россети Юг (ГК)
Россети Янтарь
-27 500 млн.руб.
-25 000 млн.руб.
-22 500 млн.руб.
-20 000 млн.руб.
-17 500 млн.руб.
-15 000 млн.руб.
-12 500 млн.руб.
-10 000 млн.руб.
-7 500 млн.руб.
-5 000 млн.руб.
-2 500 млн.руб.
0 млн.руб.
2 500 млн.руб.
5 000 млн.руб.
7 500 млн.руб.
10 000 млн.руб.
300
101
156
3 953
4 462
7 500
888
878
1 274
238
-5 106
1 955
-24 344
2 435
4 419
1 357
318
млн.
%
Выручка
Отклонение выручки (факт/план, млн. руб) 
ПАО Россети
782.4 млн.руб.
Статус данных
×
Просьба обратить внимание
Данные занесены не полностью
ВЫБРАННЫЕ ЗНАЧЕНИЯ ФИЛЬТРОВ
ДЗО | ПЕРИОД
ПАО Россети: [«Выбраны все филиалы по всем ДЗО по всем категориям»]
2024: [Янв, Фев, Мар, Апр, Май, Июн, Июл, Авг, Сен, Окт]
*Внутренний оборот'

04-12-2024T08:53:54 - [MESSAGE][PASSED] - Text of object 'Object Repository/Страница авторизации/Text' is: 'Период
Выбрано: 4
Выручка
Все
Выполнение плановых показателей, млн.руб.
План
Факт
Динамика
2024 год
0 млн.руб.
100 000 млн.руб.
200 000 млн.руб.
300 000 млн.руб.
400 000 млн.руб.
500 000 млн.руб.
600 000 млн.руб.
700 000 млн.руб.
800 000 млн.руб.
900 000 млн.руб.
1 000 000 млн.руб.
1 100 000 млн.руб.
1 200 000 млн.руб.
1 300 000 млн.руб.
1 400 000 млн.руб.
1 180 677
1 181 459
↑
ДЗО 
Все
Подписи данных
⬤Отклонение
АО «Тываэнерго»
АО «Чеченэнерго»
Россети Волга
Россети Кубань
Россети Ленэнерго (ГК)
Россети Московский регион
Россети Северный Кавказ (ГК)
Россети Северо-Запад
Россети Сибирь (ГК)
Россети Томск
Россети Тюмень
Россети Урал (ГК)
Россети ФСК ЕЭС
Россети Центр
Россети Центр и Приволжье (ГК)
Россети Юг (ГК)
Россети Янтарь
-27 500 млн.руб.
-25 000 млн.руб.
-22 500 млн.руб.
-20 000 млн.руб.
-17 500 млн.руб.
-15 000 млн.руб.
-12 500 млн.руб.
-10 000 млн.руб.
-7 500 млн.руб.
-5 000 млн.руб.
-2 500 млн.руб.
0 млн.руб.
2 500 млн.руб.
5 000 млн.руб.
7 500 млн.руб.
10 000 млн.руб.
300
101
156
3 953
4 462
7 500
888
878
1 274
238
-5 106
1 955
-24 344
2 435
4 419
1 357
318
млн.
%
Выручка
Отклонение выручки (факт/план, млн. руб) 
ПАО Россети
782.4 млн.руб.
Статус данных
×
Просьба обратить внимание
Данные занесены не полностью
ВЫБРАННЫЕ ЗНАЧЕНИЯ ФИЛЬТРОВ
ДЗО | ПЕРИОД
ПАО Россети: [«Выбраны все филиалы по всем ДЗО по всем категориям»]
2024: [Янв, Фев, Мар, Апр, Май, Июн, Июл, Авг, Сен, Окт]
*Внутренний оборот'

04-12-2024T08:53:54 - [TEST_STEP][PASSED] - searchWord = "а": null

04-12-2024T08:53:54 - [TEST_STEP][PASSED] - if (urlText.contains("ошибка") || urlText.contains(searchWord) == false): null

04-12-2024T08:53:54 - [TEST_STEP][PASSED] - delay(45): Delayed 45 second(s)

04-12-2024T08:54:39 - [MESSAGE][PASSED] - Delayed 45 second(s)

04-12-2024T08:54:39 - [TEST_STEP][PASSED] - if (block == 2): Delayed 50 second(s)

04-12-2024T08:54:39 - [TEST_STEP][PASSED] - opoveshenie = getText(findTestObject("Выручка в рублях/Просьба обратить внимание")): Text of object 'Object Repository/Выручка в рублях/Просьба обратить внимание' is: 'Просьба обратить внимание'

04-12-2024T08:54:39 - [MESSAGE][PASSED] - Text of object 'Object Repository/Выручка в рублях/Просьба обратить внимание' is: 'Просьба обратить внимание'

04-12-2024T08:54:39 - [TEST_STEP][PASSED] - if (opoveshenie == "Просьба обратить внимание"): Delayed 50 second(s)

04-12-2024T08:54:39 - [TEST_STEP][PASSED] - click(findTestObject("Выручка в рублях/Закрыть оповещение")): Object: 'Object Repository/Выручка в рублях/Закрыть оповещение' is clicked on

04-12-2024T08:54:39 - [MESSAGE][PASSED] - Object: 'Object Repository/Выручка в рублях/Закрыть оповещение' is clicked on

04-12-2024T08:54:39 - [TEST_STEP][PASSED] - delay(50): Delayed 50 second(s)

04-12-2024T08:55:29 - [MESSAGE][PASSED] - Delayed 50 second(s)

04-12-2024T08:55:29 - [TEST_STEP][PASSED] - click(findTestObject("Выручка в рублях/Фильтр Период" + nameOfBlock)): Object: 'Object Repository/Выручка в рублях/Фильтр Период Выручка' is clicked on

04-12-2024T08:55:30 - [MESSAGE][PASSED] - Object: 'Object Repository/Выручка в рублях/Фильтр Период Выручка' is clicked on

04-12-2024T08:55:30 - [TEST_STEP][PASSED] - click(findTestObject("Выручка в рублях/Снять выделение в фильтре Дата" + nameOfBlock)): Object: 'Object Repository/Выручка в рублях/Снять выделение в фильтре Дата Выручка' is clicked on

04-12-2024T08:55:30 - [MESSAGE][PASSED] - Object: 'Object Repository/Выручка в рублях/Снять выделение в фильтре Дата Выручка' is clicked on

04-12-2024T08:55:30 - [TEST_STEP][PASSED] - click(findTestObject("Выручка в рублях/Применить в фильтре Дата" + nameOfBlock)): Object: 'Object Repository/Выручка в рублях/Применить в фильтре Дата Выручка' is clicked on

04-12-2024T08:55:31 - [MESSAGE][PASSED] - Object: 'Object Repository/Выручка в рублях/Применить в фильтре Дата Выручка' is clicked on

04-12-2024T08:55:31 - [TEST_STEP][PASSED] - delay(50): Delayed 50 second(s)

04-12-2024T08:56:21 - [MESSAGE][PASSED] - Delayed 50 second(s)

04-12-2024T08:56:21 - [TEST_STEP][PASSED] - click(findTestObject("Выручка в рублях/Фильтр Период" + nameOfBlock)): Object: 'Object Repository/Выручка в рублях/Фильтр Период Выручка' is clicked on

04-12-2024T08:56:21 - [MESSAGE][PASSED] - Object: 'Object Repository/Выручка в рублях/Фильтр Период Выручка' is clicked on

04-12-2024T08:56:21 - [TEST_STEP][PASSED] - click(findTestObject("Выручка в рублях/Снять выделение в фильтре Дата" + nameOfBlock)): Object: 'Object Repository/Выручка в рублях/Снять выделение в фильтре Дата Выручка' is clicked on

04-12-2024T08:56:22 - [MESSAGE][PASSED] - Object: 'Object Repository/Выручка в рублях/Снять выделение в фильтре Дата Выручка' is clicked on

04-12-2024T08:56:22 - [TEST_STEP][PASSED] - scrollToElement(findTestObject("Выручка в рублях/2024 список" + nameOfBlock), 30): Scroll to object 'Object Repository/Выручка в рублях/2024 список Выручка' successfully

04-12-2024T08:56:22 - [MESSAGE][PASSED] - Scroll to object 'Object Repository/Выручка в рублях/2024 список Выручка' successfully

04-12-2024T08:56:22 - [TEST_STEP][PASSED] - click(findTestObject("Выручка в рублях/2024 список" + nameOfBlock)): Object: 'Object Repository/Выручка в рублях/2024 список Выручка' is clicked on

04-12-2024T08:56:22 - [MESSAGE][PASSED] - Object: 'Object Repository/Выручка в рублях/2024 список Выручка' is clicked on

04-12-2024T08:56:22 - [TEST_STEP][PASSED] - scrollToElement(findTestObject("Выручка в рублях/1 квартал 2024 выбрать" + nameOfBlock), 30): Scroll to object 'Object Repository/Выручка в рублях/1 квартал 2024 выбрать Выручка' successfully

04-12-2024T08:56:23 - [MESSAGE][PASSED] - Scroll to object 'Object Repository/Выручка в рублях/1 квартал 2024 выбрать Выручка' successfully

04-12-2024T08:56:23 - [TEST_STEP][PASSED] - click(findTestObject("Выручка в рублях/1 квартал 2024 выбрать" + nameOfBlock)): Object: 'Object Repository/Выручка в рублях/1 квартал 2024 выбрать Выручка' is clicked on

04-12-2024T08:56:23 - [MESSAGE][PASSED] - Object: 'Object Repository/Выручка в рублях/1 квартал 2024 выбрать Выручка' is clicked on

04-12-2024T08:56:23 - [TEST_STEP][PASSED] - scrollToElement(findTestObject("Выручка в рублях/2 квартал 2024 выбрать" + nameOfBlock), 30): Scroll to object 'Object Repository/Выручка в рублях/2 квартал 2024 выбрать Выручка' successfully

04-12-2024T08:56:24 - [MESSAGE][PASSED] - Scroll to object 'Object Repository/Выручка в рублях/2 квартал 2024 выбрать Выручка' successfully

04-12-2024T08:56:24 - [TEST_STEP][PASSED] - click(findTestObject("Выручка в рублях/2 квартал 2024 выбрать" + nameOfBlock)): Object: 'Object Repository/Выручка в рублях/2 квартал 2024 выбрать Выручка' is clicked on

04-12-2024T08:56:24 - [MESSAGE][PASSED] - Object: 'Object Repository/Выручка в рублях/2 квартал 2024 выбрать Выручка' is clicked on

04-12-2024T08:56:24 - [TEST_STEP][PASSED] - scrollToElement(findTestObject("Выручка в рублях/3 квартал 2024 список" + nameOfBlock), 30): Scroll to object 'Object Repository/Выручка в рублях/3 квартал 2024 список Выручка' successfully

04-12-2024T08:56:24 - [MESSAGE][PASSED] - Scroll to object 'Object Repository/Выручка в рублях/3 квартал 2024 список Выручка' successfully

04-12-2024T08:56:24 - [TEST_STEP][PASSED] - click(findTestObject("Выручка в рублях/3 квартал 2024" + nameOfBlock)): Object: 'Object Repository/Выручка в рублях/3 квартал 2024 Выручка' is clicked on

04-12-2024T08:56:25 - [MESSAGE][PASSED] - Object: 'Object Repository/Выручка в рублях/3 квартал 2024 Выручка' is clicked on

04-12-2024T08:56:25 - [TEST_STEP][PASSED] - scrollToElement(findTestObject("Выручка в рублях/4 квартал 2024 список" + nameOfBlock), 30): Scroll to object 'Object Repository/Выручка в рублях/4 квартал 2024 список Выручка' successfully

04-12-2024T08:56:25 - [MESSAGE][PASSED] - Scroll to object 'Object Repository/Выручка в рублях/4 квартал 2024 список Выручка' successfully

04-12-2024T08:56:25 - [TEST_STEP][PASSED] - click(findTestObject("Выручка в рублях/4 квартал 2024 список" + nameOfBlock)): Object: 'Object Repository/Выручка в рублях/4 квартал 2024 список Выручка' is clicked on

04-12-2024T08:56:26 - [MESSAGE][PASSED] - Object: 'Object Repository/Выручка в рублях/4 квартал 2024 список Выручка' is clicked on

04-12-2024T08:56:26 - [TEST_STEP][PASSED] - scrollToElement(findTestObject("Выручка в рублях/Октябрь 2024" + nameOfBlock), 30): Scroll to object 'Object Repository/Выручка в рублях/Октябрь 2024 Выручка' successfully

04-12-2024T08:56:26 - [MESSAGE][PASSED] - Scroll to object 'Object Repository/Выручка в рублях/Октябрь 2024 Выручка' successfully

04-12-2024T08:56:26 - [TEST_STEP][PASSED] - click(findTestObject("Выручка в рублях/Октябрь 2024" + nameOfBlock)): Object: 'Object Repository/Выручка в рублях/Октябрь 2024 Выручка' is clicked on

04-12-2024T08:56:26 - [MESSAGE][PASSED] - Object: 'Object Repository/Выручка в рублях/Октябрь 2024 Выручка' is clicked on

04-12-2024T08:56:26 - [TEST_STEP][PASSED] - scrollToElement(findTestObject("Выручка в рублях/Заголовок дашборда" + nameOfBlock), 30): Scroll to object 'Object Repository/Выручка в рублях/Заголовок дашборда Выручка' successfully

04-12-2024T08:56:27 - [MESSAGE][PASSED] - Scroll to object 'Object Repository/Выручка в рублях/Заголовок дашборда Выручка' successfully

04-12-2024T08:56:27 - [TEST_STEP][PASSED] - click(findTestObject("Выручка в рублях/Применить в фильтре Дата" + nameOfBlock)): Object: 'Object Repository/Выручка в рублях/Применить в фильтре Дата Выручка' is clicked on

04-12-2024T08:56:27 - [MESSAGE][PASSED] - Object: 'Object Repository/Выручка в рублях/Применить в фильтре Дата Выручка' is clicked on

04-12-2024T08:56:27 - [TEST_STEP][PASSED] - delay(55): Delayed 55 second(s)

04-12-2024T08:57:22 - [MESSAGE][PASSED] - Delayed 55 second(s)

04-12-2024T08:57:22 - [TEST_STEP][PASSED] - click(findTestObject("Выручка в рублях/Фильтр ДЗО" + nameOfBlock)): Object: 'Object Repository/Выручка в рублях/Фильтр ДЗО Выручка' is clicked on

04-12-2024T08:57:23 - [MESSAGE][PASSED] - Object: 'Object Repository/Выручка в рублях/Фильтр ДЗО Выручка' is clicked on

04-12-2024T08:57:23 - [TEST_STEP][PASSED] - click(findTestObject("Выручка в рублях/Снять выделение в фильтре ДЗО" + nameOfBlock)): Object: 'Object Repository/Выручка в рублях/Снять выделение в фильтре ДЗО Выручка' is clicked on

04-12-2024T08:57:23 - [MESSAGE][PASSED] - Object: 'Object Repository/Выручка в рублях/Снять выделение в фильтре ДЗО Выручка' is clicked on

04-12-2024T08:57:23 - [TEST_STEP][PASSED] - click(findTestObject("Выручка в рублях/Применить в фильтре ДЗО" + nameOfBlock)): Object: 'Object Repository/Выручка в рублях/Применить в фильтре ДЗО Выручка' is clicked on

04-12-2024T08:57:24 - [MESSAGE][PASSED] - Object: 'Object Repository/Выручка в рублях/Применить в фильтре ДЗО Выручка' is clicked on

04-12-2024T08:57:24 - [TEST_STEP][PASSED] - delay(50): Delayed 50 second(s)

04-12-2024T08:58:14 - [MESSAGE][PASSED] - Delayed 50 second(s)

04-12-2024T08:58:14 - [TEST_STEP][PASSED] - Script1710234207206.Tumbler(run, vir, block, nameOfBlock): null

04-12-2024T08:58:14 - [TEST_STEP][PASSED] - println("run:" + run): null

04-12-2024T08:58:14 - [TEST_STEP][PASSED] - println("vir:" + vir): null

04-12-2024T08:58:14 - [TEST_STEP][PASSED] - println("block:" + block): null

04-12-2024T08:58:14 - [TEST_STEP][PASSED] - println("nameOfBlock:" + nameOfBlock): null

04-12-2024T08:58:14 - [TEST_STEP][PASSED] - if (vir == 1): null

04-12-2024T08:58:14 - [TEST_STEP][PASSED] - else if (vir == 2): null

04-12-2024T08:58:14 - [TEST_STEP][PASSED] - else if (vir == 3): Object: 'Object Repository/Выручка в рублях/Применить в фильтре Выручка Выручка' is clicked on

04-12-2024T08:58:14 - [TEST_STEP][PASSED] - if (run == 2): Object: 'Object Repository/Выручка в рублях/Переключить отображение с млн на проценты Выручка в рублях Выручка' is clicked on

04-12-2024T08:58:14 - [TEST_STEP][PASSED] - click(findTestObject("Выручка в рублях/Переключить отображение с млн на проценты Выручка в рублях" + nameOfBlock)): Object: 'Object Repository/Выручка в рублях/Переключить отображение с млн на проценты Выручка в рублях Выручка' is clicked on

04-12-2024T08:58:14 - [MESSAGE][PASSED] - Object: 'Object Repository/Выручка в рублях/Переключить отображение с млн на проценты Выручка в рублях Выручка' is clicked on

04-12-2024T08:58:14 - [TEST_STEP][PASSED] - click(findTestObject("Выручка в рублях/Фильтр Выручка" + nameOfBlock)): Object: 'Object Repository/Выручка в рублях/Фильтр Выручка Выручка' is clicked on

04-12-2024T08:58:15 - [MESSAGE][PASSED] - Object: 'Object Repository/Выручка в рублях/Фильтр Выручка Выручка' is clicked on

04-12-2024T08:58:15 - [TEST_STEP][PASSED] - click(findTestObject("Выручка в рублях/Внутренний оборот в фильтре Выручка" + nameOfBlock)): Object: 'Object Repository/Выручка в рублях/Внутренний оборот в фильтре Выручка Выручка' is clicked on

04-12-2024T08:58:15 - [MESSAGE][PASSED] - Object: 'Object Repository/Выручка в рублях/Внутренний оборот в фильтре Выручка Выручка' is clicked on

04-12-2024T08:58:15 - [TEST_STEP][PASSED] - click(findTestObject("Выручка в рублях/Применить в фильтре Выручка" + nameOfBlock)): Object: 'Object Repository/Выручка в рублях/Применить в фильтре Выручка Выручка' is clicked on

04-12-2024T08:58:16 - [MESSAGE][PASSED] - Object: 'Object Repository/Выручка в рублях/Применить в фильтре Выручка Выручка' is clicked on

04-12-2024T08:58:16 - [TEST_STEP][PASSED] - click(findTestObject("Выручка в рублях/Фильтр ДЗО" + nameOfBlock)): Object: 'Object Repository/Выручка в рублях/Фильтр ДЗО Выручка' is clicked on

04-12-2024T08:58:20 - [MESSAGE][PASSED] - Object: 'Object Repository/Выручка в рублях/Фильтр ДЗО Выручка' is clicked on

04-12-2024T08:58:20 - [TEST_STEP][PASSED] - Script1710234207206.Rosseti(nameOfBlock): null

04-12-2024T08:58:20 - [TEST_STEP][PASSED] - println("nameOfBlock:" + nameOfBlock): null

04-12-2024T08:58:20 - [TEST_STEP][PASSED] - click(findTestObject("Выручка в рублях/ПАО Россети" + nameOfBlock)): Object: 'Object Repository/Выручка в рублях/ПАО Россети Выручка' is clicked on

04-12-2024T08:58:21 - [MESSAGE][PASSED] - Object: 'Object Repository/Выручка в рублях/ПАО Россети Выручка' is clicked on

04-12-2024T08:58:21 - [TEST_STEP][PASSED] - click(findTestObject("Выручка в рублях/Применить в фильтре ДЗО" + nameOfBlock)): Object: 'Object Repository/Выручка в рублях/Применить в фильтре ДЗО Выручка' is clicked on

04-12-2024T08:58:21 - [MESSAGE][PASSED] - Object: 'Object Repository/Выручка в рублях/Применить в фильтре ДЗО Выручка' is clicked on

04-12-2024T08:58:21 - [TEST_STEP][PASSED] - if (vir == 1 || vir == 2): null

04-12-2024T08:58:21 - [TEST_STEP][PASSED] - else: Text of object 'Object Repository/Выручка в рублях/vir3Plan Выручка' is: '19 961'

04-12-2024T08:58:21 - [TEST_STEP][PASSED] - b1 = getText(findTestObject("Выручка в рублях/vir3Plan Выручка")): Text of object 'Object Repository/Выручка в рублях/vir3Plan Выручка' is: '19 961'

04-12-2024T08:58:24 - [MESSAGE][PASSED] - Text of object 'Object Repository/Выручка в рублях/vir3Plan Выручка' is: '19 961'

04-12-2024T08:58:24 - [TEST_STEP][PASSED] - if (vir == 1 || vir == 2): null

04-12-2024T08:58:24 - [TEST_STEP][PASSED] - else: Text of object 'Object Repository/Выручка в рублях/vir3Fact Выручка' is: '20 654'

04-12-2024T08:58:24 - [TEST_STEP][PASSED] - b2 = getText(findTestObject("Выручка в рублях/vir3Fact Выручка")): Text of object 'Object Repository/Выручка в рублях/vir3Fact Выручка' is: '20 654'

04-12-2024T08:58:24 - [MESSAGE][PASSED] - Text of object 'Object Repository/Выручка в рублях/vir3Fact Выручка' is: '20 654'

04-12-2024T08:58:24 - [TEST_STEP][PASSED] - b30 = getText(findTestObject("Выручка в рублях/span1" + perc)): Text of object 'Object Repository/Выручка в рублях/span1 Perc' is: '3.47 %'

04-12-2024T08:58:25 - [MESSAGE][PASSED] - Text of object 'Object Repository/Выручка в рублях/span1 Perc' is: '3.47 %'

04-12-2024T08:58:25 - [TEST_STEP][PASSED] - i = b30.indexOf("млн.руб."): null

04-12-2024T08:58:25 - [TEST_STEP][PASSED] - if (i > -1): null

04-12-2024T08:58:25 - [TEST_STEP][PASSED] - if (b30.contains("%")): null

04-12-2024T08:58:25 - [TEST_STEP][PASSED] - b30 = b30.replaceAll("%", ""): null

04-12-2024T08:58:25 - [TEST_STEP][PASSED] - b30 = ").trim(): null

04-12-2024T08:58:25 - [TEST_STEP][PASSED] - println("b30: " + b30): null

04-12-2024T08:58:25 - [TEST_STEP][PASSED] - if (vir == 1 || vir == 2): null

04-12-2024T08:58:25 - [TEST_STEP][PASSED] - else: Text of object 'Object Repository/Выручка в рублях/span15 Perc' is: '-5.9 %'

04-12-2024T08:58:25 - [TEST_STEP][PASSED] - b31 = ").trim(): Text of object 'Object Repository/Выручка в рублях/span15 Perc' is: '-5.9 %'

04-12-2024T08:58:25 - [MESSAGE][PASSED] - Text of object 'Object Repository/Выручка в рублях/span15 Perc' is: '-5.9 %'

04-12-2024T08:58:25 - [TEST_STEP][PASSED] - if (vir == 1 || vir == 2): null

04-12-2024T08:58:25 - [TEST_STEP][PASSED] - else: Text of object 'Object Repository/Выручка в рублях/span16 Perc' is: '3.02 %'

04-12-2024T08:58:25 - [TEST_STEP][PASSED] - b32 = ").trim(): Text of object 'Object Repository/Выручка в рублях/span16 Perc' is: '3.02 %'

04-12-2024T08:58:25 - [MESSAGE][PASSED] - Text of object 'Object Repository/Выручка в рублях/span16 Perc' is: '3.02 %'

04-12-2024T08:58:25 - [TEST_STEP][PASSED] - if (vir == 1 || vir == 2): null

04-12-2024T08:58:25 - [TEST_STEP][PASSED] - else: Text of object 'Object Repository/Выручка в рублях/span17 Perc' is: '4.36 %'

04-12-2024T08:58:25 - [TEST_STEP][PASSED] - b37 = ").trim(): Text of object 'Object Repository/Выручка в рублях/span17 Perc' is: '4.36 %'

04-12-2024T08:58:25 - [MESSAGE][PASSED] - Text of object 'Object Repository/Выручка в рублях/span17 Perc' is: '4.36 %'

04-12-2024T08:58:25 - [TEST_STEP][PASSED] - if (vir == 1 || vir == 2): null

04-12-2024T08:58:25 - [TEST_STEP][PASSED] - else: Text of object 'Object Repository/Выручка в рублях/span18 Perc' is: '8.08 %'

04-12-2024T08:58:25 - [TEST_STEP][PASSED] - b316 = ").trim(): Text of object 'Object Repository/Выручка в рублях/span18 Perc' is: '8.08 %'

04-12-2024T08:58:26 - [MESSAGE][PASSED] - Text of object 'Object Repository/Выручка в рублях/span18 Perc' is: '8.08 %'

04-12-2024T08:58:26 - [TEST_STEP][PASSED] - if (vir == 1 || vir == 2): null

04-12-2024T08:58:26 - [TEST_STEP][PASSED] - dZO = "ПАО Россети": null

04-12-2024T08:58:26 - [TEST_STEP][PASSED] - if (verifyEqual(a1, b1) == false): Actual object '19 961' and expected object '19 961' are equal

04-12-2024T08:58:26 - [MESSAGE][PASSED] - Actual object '19 961' and expected object '19 961' are equal

04-12-2024T08:58:26 - [TEST_STEP][PASSED] - if (verifyEqual(a2, b2) == false): Actual object '20 654' and expected object '20 654' are equal

04-12-2024T08:58:26 - [MESSAGE][PASSED] - Actual object '20 654' and expected object '20 654' are equal

04-12-2024T08:58:26 - [TEST_STEP][PASSED] - vidget = "Отклонения": null

04-12-2024T08:58:26 - [TEST_STEP][FAILED] - if (verifyEqual(a30, b30) == false): null

04-12-2024T08:58:26 - [MESSAGE][FAILED] - Unable to verify equal between actual object '-47.24' and expected object '3.47' (Root cause: com.kms.katalon.core.exception.StepFailedException: Actual object '-47.24' and expected object '3.47' are not equal
	at com.kms.katalon.core.keyword.builtin.VerifyEqualKeyword$_verifyEqual_closure1.doCall(VerifyEqualKeyword.groovy:58)
	at com.kms.katalon.core.keyword.builtin.VerifyEqualKeyword$_verifyEqual_closure1.call(VerifyEqualKeyword.groovy)
	at com.kms.katalon.core.keyword.internal.KeywordMain.runKeyword(KeywordMain.groovy:75)
	at com.kms.katalon.core.keyword.builtin.VerifyEqualKeyword.verifyEqual(VerifyEqualKeyword.groovy:63)
	at com.kms.katalon.core.keyword.builtin.VerifyEqualKeyword.execute(VerifyEqualKeyword.groovy:44)
	at com.kms.katalon.core.keyword.internal.KeywordExecutor.executeKeywordForPlatform(KeywordExecutor.groovy:74)
	at com.kms.katalon.core.keyword.BuiltinKeywords.verifyEqual(BuiltinKeywords.groovy:146)
	at jdk.internal.reflect.GeneratedMethodAccessor25.invoke(Unknown Source)
	at java.base/jdk.internal.reflect.DelegatingMethodAccessorImpl.invoke(DelegatingMethodAccessorImpl.java:43)
	at Выручка в рублях сверка дашбордов ПАО Россети.Blocks(Выручка в рублях сверка дашбордов ПАО Россети:357)
	at Выручка в рублях сверка дашбордов ПАО Россети.ViruchkaChange(Выручка в рублях сверка дашбордов ПАО Россети:60)
	at Выручка в рублях сверка дашбордов ПАО Россети.run(Выручка в рублях сверка дашбордов ПАО Россети:55)
	at com.kms.katalon.core.main.ScriptEngine.run(ScriptEngine.java:194)
	at com.kms.katalon.core.main.ScriptEngine.runScriptAsRawText(ScriptEngine.java:119)
	at com.kms.katalon.core.main.TestCaseExecutor.runScript(TestCaseExecutor.java:448)
	at com.kms.katalon.core.main.TestCaseExecutor.doExecute(TestCaseExecutor.java:439)
	at com.kms.katalon.core.main.TestCaseExecutor.processExecutionPhase(TestCaseExecutor.java:418)
	at com.kms.katalon.core.main.TestCaseExecutor.accessMainPhase(TestCaseExecutor.java:410)
	at com.kms.katalon.core.main.TestCaseExecutor.execute(TestCaseExecutor.java:285)
	at com.kms.katalon.core.common.CommonExecutor.accessTestCaseMainPhase(CommonExecutor.java:65)
	at com.kms.katalon.core.main.TestSuiteExecutor.accessTestSuiteMainPhase(TestSuiteExecutor.java:150)
	at com.kms.katalon.core.main.TestSuiteExecutor.execute(TestSuiteExecutor.java:106)
	at com.kms.katalon.core.main.TestCaseMain.startTestSuite(TestCaseMain.java:180)
	at TempTestSuite1733285972582.run(TempTestSuite1733285972582.groovy:35)
	at java.base/jdk.internal.reflect.NativeMethodAccessorImpl.invoke0(Native Method)
	at java.base/jdk.internal.reflect.NativeMethodAccessorImpl.invoke(NativeMethodAccessorImpl.java:77)
	at java.base/jdk.internal.reflect.DelegatingMethodAccessorImpl.invoke(DelegatingMethodAccessorImpl.java:43)
)

04-12-2024T08:58:26 - [TEST_STEP][PASSED] - a = replaceAll("\s+", "").toDouble(): null

04-12-2024T08:58:26 - [TEST_STEP][PASSED] - b = replaceAll("\s+", "").toDouble(): null

04-12-2024T08:58:26 - [TEST_STEP][PASSED] - Script1710234207206.WriteToExcel(todaysDate, run, vir, block, typeOfData, viruchka, vidget, nameOfBlock, a, b, dZO): null

04-12-2024T08:58:26 - [TEST_STEP][PASSED] - println(run): null

04-12-2024T08:58:26 - [TEST_STEP][PASSED] - if (run == 1): null

04-12-2024T08:58:26 - [TEST_STEP][PASSED] - else if (run == 2): null

04-12-2024T08:58:26 - [TEST_STEP][PASSED] - typeOfData = "Проценты": null

04-12-2024T08:58:26 - [TEST_STEP][PASSED] - println("todaysDate:" + todaysDate): null

04-12-2024T08:58:26 - [TEST_STEP][PASSED] - println("typeOfData:" + typeOfData): null

04-12-2024T08:58:26 - [TEST_STEP][PASSED] - viruchka = getText(findTestObject("Выручка в рублях/Фильтр Выручка" + nameOfBlock)): Text of object 'Object Repository/Выручка в рублях/Фильтр Выручка Выручка' is: 'ПЕРЕДАЧА ЭЛЕКТРОЭНЕРГИИ, внутренний оборот'

04-12-2024T08:58:26 - [MESSAGE][PASSED] - Text of object 'Object Repository/Выручка в рублях/Фильтр Выручка Выручка' is: 'ПЕРЕДАЧА ЭЛЕКТРОЭНЕРГИИ, внутренний оборот'

04-12-2024T08:58:26 - [TEST_STEP][PASSED] - println("viruchka" + viruchka): null

04-12-2024T08:58:26 - [TEST_STEP][PASSED] - println("vidget" + vidget): null

04-12-2024T08:58:26 - [TEST_STEP][PASSED] - println("a" + a): null

04-12-2024T08:58:26 - [TEST_STEP][PASSED] - println("b" + b): null

04-12-2024T08:58:26 - [TEST_STEP][PASSED] - sheetName = "Sheet1": null

04-12-2024T08:58:26 - [TEST_STEP][PASSED] - data = findTestData("PlanFact"): null

04-12-2024T08:58:26 - [TEST_STEP][PASSED] - n = data.getRowNumbers() + 1: null

04-12-2024T08:58:26 - [TEST_STEP][PASSED] - period = getText(findTestObject("Выручка в рублях/Фильтр Период")): Text of object 'Object Repository/Выручка в рублях/Фильтр Период' is: 'Октябрь и 1, 2, 3 кв. 2024 года'

04-12-2024T08:58:26 - [MESSAGE][PASSED] - Text of object 'Object Repository/Выручка в рублях/Фильтр Период' is: 'Октябрь и 1, 2, 3 кв. 2024 года'

04-12-2024T08:58:26 - [TEST_STEP][PASSED] - println(period): null

04-12-2024T08:58:26 - [TEST_STEP][PASSED] - dashboardName = "Выручка в рублях": null

04-12-2024T08:58:26 - [TEST_STEP][PASSED] - workbook01 = getWorkbook(excelFilePath): null

04-12-2024T08:58:27 - [TEST_STEP][PASSED] - sheet01 = getExcelSheet(workbook01, sheetName): null

04-12-2024T08:58:27 - [TEST_STEP][PASSED] - setValueToCellByIndex(sheet01, n, 0, dashboardName): null

04-12-2024T08:58:27 - [TEST_STEP][PASSED] - setValueToCellByIndex(sheet01, n, 1, dZO): null

04-12-2024T08:58:27 - [TEST_STEP][PASSED] - setValueToCellByIndex(sheet01, n, 2, vidget): null

04-12-2024T08:58:27 - [TEST_STEP][PASSED] - setValueToCellByIndex(sheet01, n, 3, viruchka): null

04-12-2024T08:58:27 - [TEST_STEP][PASSED] - setValueToCellByIndex(sheet01, n, 4, typeOfData): null

04-12-2024T08:58:27 - [TEST_STEP][PASSED] - if (a == null): null

04-12-2024T08:58:27 - [TEST_STEP][PASSED] - else: null

04-12-2024T08:58:27 - [TEST_STEP][PASSED] - setValueToCellByIndex(sheet01, n, 5, a): null

04-12-2024T08:58:27 - [TEST_STEP][PASSED] - if (b == null): null

04-12-2024T08:58:27 - [TEST_STEP][PASSED] - else: null

04-12-2024T08:58:27 - [TEST_STEP][PASSED] - setValueToCellByIndex(sheet01, n, 6, b): null

04-12-2024T08:58:27 - [TEST_STEP][PASSED] - setValueToCellByIndex(sheet01, n, 7, period): null

04-12-2024T08:58:27 - [TEST_STEP][PASSED] - setValueToCellByIndex(sheet01, n, 8, todaysDate): null

04-12-2024T08:58:27 - [TEST_STEP][PASSED] - n = n + 1: null

04-12-2024T08:58:27 - [TEST_STEP][PASSED] - saveWorkbook(excelFilePath, workbook01): null

04-12-2024T08:58:27 - [TEST_STEP][PASSED] - dZO = "АО «Тываэнерго»": null

04-12-2024T08:58:27 - [TEST_STEP][PASSED] - if (verifyEqual(a31, b31) == false): Actual object '-5.9' and expected object '-5.9' are equal

04-12-2024T08:58:27 - [MESSAGE][PASSED] - Actual object '-5.9' and expected object '-5.9' are equal

04-12-2024T08:58:27 - [TEST_STEP][PASSED] - dZO = "АО «Чеченэнерго»": null

04-12-2024T08:58:27 - [TEST_STEP][FAILED] - if (verifyEqual(a32, b32) == false): null

04-12-2024T08:58:27 - [MESSAGE][FAILED] - Unable to verify equal between actual object '-48.49' and expected object '3.02' (Root cause: com.kms.katalon.core.exception.StepFailedException: Actual object '-48.49' and expected object '3.02' are not equal
	at com.kms.katalon.core.keyword.builtin.VerifyEqualKeyword$_verifyEqual_closure1.doCall(VerifyEqualKeyword.groovy:58)
	at com.kms.katalon.core.keyword.builtin.VerifyEqualKeyword$_verifyEqual_closure1.call(VerifyEqualKeyword.groovy)
	at com.kms.katalon.core.keyword.internal.KeywordMain.runKeyword(KeywordMain.groovy:75)
	at com.kms.katalon.core.keyword.builtin.VerifyEqualKeyword.verifyEqual(VerifyEqualKeyword.groovy:63)
	at com.kms.katalon.core.keyword.builtin.VerifyEqualKeyword.execute(VerifyEqualKeyword.groovy:44)
	at com.kms.katalon.core.keyword.internal.KeywordExecutor.executeKeywordForPlatform(KeywordExecutor.groovy:74)
	at com.kms.katalon.core.keyword.BuiltinKeywords.verifyEqual(BuiltinKeywords.groovy:146)
	at jdk.internal.reflect.GeneratedMethodAccessor25.invoke(Unknown Source)
	at java.base/jdk.internal.reflect.DelegatingMethodAccessorImpl.invoke(DelegatingMethodAccessorImpl.java:43)
	at Выручка в рублях сверка дашбордов ПАО Россети.Blocks(Выручка в рублях сверка дашбордов ПАО Россети:377)
	at Выручка в рублях сверка дашбордов ПАО Россети.ViruchkaChange(Выручка в рублях сверка дашбордов ПАО Россети:60)
	at Выручка в рублях сверка дашбордов ПАО Россети.run(Выручка в рублях сверка дашбордов ПАО Россети:55)
	at com.kms.katalon.core.main.ScriptEngine.run(ScriptEngine.java:194)
	at com.kms.katalon.core.main.ScriptEngine.runScriptAsRawText(ScriptEngine.java:119)
	at com.kms.katalon.core.main.TestCaseExecutor.runScript(TestCaseExecutor.java:448)
	at com.kms.katalon.core.main.TestCaseExecutor.doExecute(TestCaseExecutor.java:439)
	at com.kms.katalon.core.main.TestCaseExecutor.processExecutionPhase(TestCaseExecutor.java:418)
	at com.kms.katalon.core.main.TestCaseExecutor.accessMainPhase(TestCaseExecutor.java:410)
	at com.kms.katalon.core.main.TestCaseExecutor.execute(TestCaseExecutor.java:285)
	at com.kms.katalon.core.common.CommonExecutor.accessTestCaseMainPhase(CommonExecutor.java:65)
	at com.kms.katalon.core.main.TestSuiteExecutor.accessTestSuiteMainPhase(TestSuiteExecutor.java:150)
	at com.kms.katalon.core.main.TestSuiteExecutor.execute(TestSuiteExecutor.java:106)
	at com.kms.katalon.core.main.TestCaseMain.startTestSuite(TestCaseMain.java:180)
	at TempTestSuite1733285972582.run(TempTestSuite1733285972582.groovy:35)
	at java.base/jdk.internal.reflect.NativeMethodAccessorImpl.invoke0(Native Method)
	at java.base/jdk.internal.reflect.NativeMethodAccessorImpl.invoke(NativeMethodAccessorImpl.java:77)
	at java.base/jdk.internal.reflect.DelegatingMethodAccessorImpl.invoke(DelegatingMethodAccessorImpl.java:43)
)

04-12-2024T08:58:27 - [TEST_STEP][PASSED] - a = replaceAll("\s+", "").toDouble(): null

04-12-2024T08:58:27 - [TEST_STEP][PASSED] - b = replaceAll("\s+", "").toDouble(): null

04-12-2024T08:58:27 - [TEST_STEP][PASSED] - Script1710234207206.WriteToExcel(todaysDate, run, vir, block, typeOfData, viruchka, vidget, nameOfBlock, a, b, dZO): null

04-12-2024T08:58:27 - [TEST_STEP][PASSED] - println(run): null

04-12-2024T08:58:27 - [TEST_STEP][PASSED] - if (run == 1): null

04-12-2024T08:58:27 - [TEST_STEP][PASSED] - else if (run == 2): null

04-12-2024T08:58:27 - [TEST_STEP][PASSED] - typeOfData = "Проценты": null

04-12-2024T08:58:27 - [TEST_STEP][PASSED] - println("todaysDate:" + todaysDate): null

04-12-2024T08:58:27 - [TEST_STEP][PASSED] - println("typeOfData:" + typeOfData): null

04-12-2024T08:58:27 - [TEST_STEP][PASSED] - viruchka = getText(findTestObject("Выручка в рублях/Фильтр Выручка" + nameOfBlock)): Text of object 'Object Repository/Выручка в рублях/Фильтр Выручка Выручка' is: 'ПЕРЕДАЧА ЭЛЕКТРОЭНЕРГИИ, внутренний оборот'

04-12-2024T08:58:27 - [MESSAGE][PASSED] - Text of object 'Object Repository/Выручка в рублях/Фильтр Выручка Выручка' is: 'ПЕРЕДАЧА ЭЛЕКТРОЭНЕРГИИ, внутренний оборот'

04-12-2024T08:58:27 - [TEST_STEP][PASSED] - println("viruchka" + viruchka): null

04-12-2024T08:58:27 - [TEST_STEP][PASSED] - println("vidget" + vidget): null

04-12-2024T08:58:27 - [TEST_STEP][PASSED] - println("a" + a): null

04-12-2024T08:58:27 - [TEST_STEP][PASSED] - println("b" + b): null

04-12-2024T08:58:27 - [TEST_STEP][PASSED] - sheetName = "Sheet1": null

04-12-2024T08:58:27 - [TEST_STEP][PASSED] - data = findTestData("PlanFact"): null

04-12-2024T08:58:27 - [TEST_STEP][PASSED] - n = data.getRowNumbers() + 1: null

04-12-2024T08:58:27 - [TEST_STEP][PASSED] - period = getText(findTestObject("Выручка в рублях/Фильтр Период")): Text of object 'Object Repository/Выручка в рублях/Фильтр Период' is: 'Октябрь и 1, 2, 3 кв. 2024 года'

04-12-2024T08:58:27 - [MESSAGE][PASSED] - Text of object 'Object Repository/Выручка в рублях/Фильтр Период' is: 'Октябрь и 1, 2, 3 кв. 2024 года'

04-12-2024T08:58:27 - [TEST_STEP][PASSED] - println(period): null

04-12-2024T08:58:27 - [TEST_STEP][PASSED] - dashboardName = "Выручка в рублях": null

04-12-2024T08:58:27 - [TEST_STEP][PASSED] - workbook01 = getWorkbook(excelFilePath): null

04-12-2024T08:58:28 - [TEST_STEP][PASSED] - sheet01 = getExcelSheet(workbook01, sheetName): null

04-12-2024T08:58:28 - [TEST_STEP][PASSED] - setValueToCellByIndex(sheet01, n, 0, dashboardName): null

04-12-2024T08:58:28 - [TEST_STEP][PASSED] - setValueToCellByIndex(sheet01, n, 1, dZO): null

04-12-2024T08:58:28 - [TEST_STEP][PASSED] - setValueToCellByIndex(sheet01, n, 2, vidget): null

04-12-2024T08:58:28 - [TEST_STEP][PASSED] - setValueToCellByIndex(sheet01, n, 3, viruchka): null

04-12-2024T08:58:28 - [TEST_STEP][PASSED] - setValueToCellByIndex(sheet01, n, 4, typeOfData): null

04-12-2024T08:58:28 - [TEST_STEP][PASSED] - if (a == null): null

04-12-2024T08:58:28 - [TEST_STEP][PASSED] - else: null

04-12-2024T08:58:28 - [TEST_STEP][PASSED] - setValueToCellByIndex(sheet01, n, 5, a): null

04-12-2024T08:58:28 - [TEST_STEP][PASSED] - if (b == null): null

04-12-2024T08:58:28 - [TEST_STEP][PASSED] - else: null

04-12-2024T08:58:28 - [TEST_STEP][PASSED] - setValueToCellByIndex(sheet01, n, 6, b): null

04-12-2024T08:58:28 - [TEST_STEP][PASSED] - setValueToCellByIndex(sheet01, n, 7, period): null

04-12-2024T08:58:28 - [TEST_STEP][PASSED] - setValueToCellByIndex(sheet01, n, 8, todaysDate): null

04-12-2024T08:58:28 - [TEST_STEP][PASSED] - n = n + 1: null

04-12-2024T08:58:28 - [TEST_STEP][PASSED] - saveWorkbook(excelFilePath, workbook01): null

04-12-2024T08:58:28 - [TEST_STEP][PASSED] - dZO = "Россети Волга": null

04-12-2024T08:58:28 - [TEST_STEP][PASSED] - if (verifyEqual(a33, b33) == false): Actual object 'null' and expected object 'null' are equal

04-12-2024T08:58:28 - [MESSAGE][PASSED] - Actual object 'null' and expected object 'null' are equal

04-12-2024T08:58:28 - [TEST_STEP][PASSED] - dZO = "Россети Кубань": null

04-12-2024T08:58:28 - [TEST_STEP][PASSED] - if (verifyEqual(a34, b34) == false): Actual object 'null' and expected object 'null' are equal

04-12-2024T08:58:28 - [MESSAGE][PASSED] - Actual object 'null' and expected object 'null' are equal

04-12-2024T08:58:28 - [TEST_STEP][PASSED] - dZO = "Россети Ленэнерго (ГК)": null

04-12-2024T08:58:28 - [TEST_STEP][PASSED] - if (verifyEqual(a35, b35) == false): Actual object 'null' and expected object 'null' are equal

04-12-2024T08:58:28 - [MESSAGE][PASSED] - Actual object 'null' and expected object 'null' are equal

04-12-2024T08:58:28 - [TEST_STEP][PASSED] - dZO = "Россети Московский регион": null

04-12-2024T08:58:28 - [TEST_STEP][PASSED] - if (verifyEqual(a36, b36) == false): Actual object 'null' and expected object 'null' are equal

04-12-2024T08:58:28 - [MESSAGE][PASSED] - Actual object 'null' and expected object 'null' are equal

04-12-2024T08:58:28 - [TEST_STEP][PASSED] - dZO = "Россети Северный Кавказ (ГК)": null

04-12-2024T08:58:28 - [TEST_STEP][FAILED] - if (verifyEqual(a37, b37) == false): null

04-12-2024T08:58:28 - [MESSAGE][FAILED] - Unable to verify equal between actual object '-48.97' and expected object '4.36' (Root cause: com.kms.katalon.core.exception.StepFailedException: Actual object '-48.97' and expected object '4.36' are not equal
	at com.kms.katalon.core.keyword.builtin.VerifyEqualKeyword$_verifyEqual_closure1.doCall(VerifyEqualKeyword.groovy:58)
	at com.kms.katalon.core.keyword.builtin.VerifyEqualKeyword$_verifyEqual_closure1.call(VerifyEqualKeyword.groovy)
	at com.kms.katalon.core.keyword.internal.KeywordMain.runKeyword(KeywordMain.groovy:75)
	at com.kms.katalon.core.keyword.builtin.VerifyEqualKeyword.verifyEqual(VerifyEqualKeyword.groovy:63)
	at com.kms.katalon.core.keyword.builtin.VerifyEqualKeyword.execute(VerifyEqualKeyword.groovy:44)
	at com.kms.katalon.core.keyword.internal.KeywordExecutor.executeKeywordForPlatform(KeywordExecutor.groovy:74)
	at com.kms.katalon.core.keyword.BuiltinKeywords.verifyEqual(BuiltinKeywords.groovy:146)
	at jdk.internal.reflect.GeneratedMethodAccessor25.invoke(Unknown Source)
	at java.base/jdk.internal.reflect.DelegatingMethodAccessorImpl.invoke(DelegatingMethodAccessorImpl.java:43)
	at Выручка в рублях сверка дашбордов ПАО Россети.Blocks(Выручка в рублях сверка дашбордов ПАО Россети:427)
	at Выручка в рублях сверка дашбордов ПАО Россети.ViruchkaChange(Выручка в рублях сверка дашбордов ПАО Россети:60)
	at Выручка в рублях сверка дашбордов ПАО Россети.run(Выручка в рублях сверка дашбордов ПАО Россети:55)
	at com.kms.katalon.core.main.ScriptEngine.run(ScriptEngine.java:194)
	at com.kms.katalon.core.main.ScriptEngine.runScriptAsRawText(ScriptEngine.java:119)
	at com.kms.katalon.core.main.TestCaseExecutor.runScript(TestCaseExecutor.java:448)
	at com.kms.katalon.core.main.TestCaseExecutor.doExecute(TestCaseExecutor.java:439)
	at com.kms.katalon.core.main.TestCaseExecutor.processExecutionPhase(TestCaseExecutor.java:418)
	at com.kms.katalon.core.main.TestCaseExecutor.accessMainPhase(TestCaseExecutor.java:410)
	at com.kms.katalon.core.main.TestCaseExecutor.execute(TestCaseExecutor.java:285)
	at com.kms.katalon.core.common.CommonExecutor.accessTestCaseMainPhase(CommonExecutor.java:65)
	at com.kms.katalon.core.main.TestSuiteExecutor.accessTestSuiteMainPhase(TestSuiteExecutor.java:150)
	at com.kms.katalon.core.main.TestSuiteExecutor.execute(TestSuiteExecutor.java:106)
	at com.kms.katalon.core.main.TestCaseMain.startTestSuite(TestCaseMain.java:180)
	at TempTestSuite1733285972582.run(TempTestSuite1733285972582.groovy:35)
	at java.base/jdk.internal.reflect.NativeMethodAccessorImpl.invoke0(Native Method)
	at java.base/jdk.internal.reflect.NativeMethodAccessorImpl.invoke(NativeMethodAccessorImpl.java:77)
	at java.base/jdk.internal.reflect.DelegatingMethodAccessorImpl.invoke(DelegatingMethodAccessorImpl.java:43)
)

04-12-2024T08:58:28 - [TEST_STEP][PASSED] - a = replaceAll("\s+", "").toDouble(): null

04-12-2024T08:58:28 - [TEST_STEP][PASSED] - b = replaceAll("\s+", "").toDouble(): null

04-12-2024T08:58:28 - [TEST_STEP][PASSED] - Script1710234207206.WriteToExcel(todaysDate, run, vir, block, typeOfData, viruchka, vidget, nameOfBlock, a, b, dZO): null

04-12-2024T08:58:28 - [TEST_STEP][PASSED] - println(run): null

04-12-2024T08:58:28 - [TEST_STEP][PASSED] - if (run == 1): null

04-12-2024T08:58:28 - [TEST_STEP][PASSED] - else if (run == 2): null

04-12-2024T08:58:28 - [TEST_STEP][PASSED] - typeOfData = "Проценты": null

04-12-2024T08:58:28 - [TEST_STEP][PASSED] - println("todaysDate:" + todaysDate): null

04-12-2024T08:58:28 - [TEST_STEP][PASSED] - println("typeOfData:" + typeOfData): null

04-12-2024T08:58:28 - [TEST_STEP][PASSED] - viruchka = getText(findTestObject("Выручка в рублях/Фильтр Выручка" + nameOfBlock)): Text of object 'Object Repository/Выручка в рублях/Фильтр Выручка Выручка' is: 'ПЕРЕДАЧА ЭЛЕКТРОЭНЕРГИИ, внутренний оборот'

04-12-2024T08:58:28 - [MESSAGE][PASSED] - Text of object 'Object Repository/Выручка в рублях/Фильтр Выручка Выручка' is: 'ПЕРЕДАЧА ЭЛЕКТРОЭНЕРГИИ, внутренний оборот'

04-12-2024T08:58:28 - [TEST_STEP][PASSED] - println("viruchka" + viruchka): null

04-12-2024T08:58:28 - [TEST_STEP][PASSED] - println("vidget" + vidget): null

04-12-2024T08:58:28 - [TEST_STEP][PASSED] - println("a" + a): null

04-12-2024T08:58:28 - [TEST_STEP][PASSED] - println("b" + b): null

04-12-2024T08:58:28 - [TEST_STEP][PASSED] - sheetName = "Sheet1": null

04-12-2024T08:58:28 - [TEST_STEP][PASSED] - data = findTestData("PlanFact"): null

04-12-2024T08:58:28 - [TEST_STEP][PASSED] - n = data.getRowNumbers() + 1: null

04-12-2024T08:58:28 - [TEST_STEP][PASSED] - period = getText(findTestObject("Выручка в рублях/Фильтр Период")): Text of object 'Object Repository/Выручка в рублях/Фильтр Период' is: 'Октябрь и 1, 2, 3 кв. 2024 года'

04-12-2024T08:58:29 - [MESSAGE][PASSED] - Text of object 'Object Repository/Выручка в рублях/Фильтр Период' is: 'Октябрь и 1, 2, 3 кв. 2024 года'

04-12-2024T08:58:29 - [TEST_STEP][PASSED] - println(period): null

04-12-2024T08:58:29 - [TEST_STEP][PASSED] - dashboardName = "Выручка в рублях": null

04-12-2024T08:58:29 - [TEST_STEP][PASSED] - workbook01 = getWorkbook(excelFilePath): null

04-12-2024T08:58:29 - [TEST_STEP][PASSED] - sheet01 = getExcelSheet(workbook01, sheetName): null

04-12-2024T08:58:29 - [TEST_STEP][PASSED] - setValueToCellByIndex(sheet01, n, 0, dashboardName): null

04-12-2024T08:58:29 - [TEST_STEP][PASSED] - setValueToCellByIndex(sheet01, n, 1, dZO): null

04-12-2024T08:58:29 - [TEST_STEP][PASSED] - setValueToCellByIndex(sheet01, n, 2, vidget): null

04-12-2024T08:58:29 - [TEST_STEP][PASSED] - setValueToCellByIndex(sheet01, n, 3, viruchka): null

04-12-2024T08:58:29 - [TEST_STEP][PASSED] - setValueToCellByIndex(sheet01, n, 4, typeOfData): null

04-12-2024T08:58:29 - [TEST_STEP][PASSED] - if (a == null): null

04-12-2024T08:58:29 - [TEST_STEP][PASSED] - else: null

04-12-2024T08:58:29 - [TEST_STEP][PASSED] - setValueToCellByIndex(sheet01, n, 5, a): null

04-12-2024T08:58:29 - [TEST_STEP][PASSED] - if (b == null): null

04-12-2024T08:58:29 - [TEST_STEP][PASSED] - else: null

04-12-2024T08:58:29 - [TEST_STEP][PASSED] - setValueToCellByIndex(sheet01, n, 6, b): null

04-12-2024T08:58:29 - [TEST_STEP][PASSED] - setValueToCellByIndex(sheet01, n, 7, period): null

04-12-2024T08:58:29 - [TEST_STEP][PASSED] - setValueToCellByIndex(sheet01, n, 8, todaysDate): null

04-12-2024T08:58:29 - [TEST_STEP][PASSED] - n = n + 1: null

04-12-2024T08:58:29 - [TEST_STEP][PASSED] - saveWorkbook(excelFilePath, workbook01): null

04-12-2024T08:58:29 - [TEST_STEP][PASSED] - dZO = "Россети Северо-Запад": null

04-12-2024T08:58:29 - [TEST_STEP][PASSED] - if (verifyEqual(a38, b38) == false): Actual object 'null' and expected object 'null' are equal

04-12-2024T08:58:29 - [MESSAGE][PASSED] - Actual object 'null' and expected object 'null' are equal

04-12-2024T08:58:29 - [TEST_STEP][PASSED] - dZO = "Россети Сибирь (ГК)": null

04-12-2024T08:58:29 - [TEST_STEP][PASSED] - if (verifyEqual(a39, b39) == false): Actual object 'null' and expected object 'null' are equal

04-12-2024T08:58:29 - [MESSAGE][PASSED] - Actual object 'null' and expected object 'null' are equal

04-12-2024T08:58:29 - [TEST_STEP][PASSED] - dZO = "Россети Томск": null

04-12-2024T08:58:29 - [TEST_STEP][PASSED] - if (verifyEqual(a310, b310) == false): Actual object 'null' and expected object 'null' are equal

04-12-2024T08:58:29 - [MESSAGE][PASSED] - Actual object 'null' and expected object 'null' are equal

04-12-2024T08:58:29 - [TEST_STEP][PASSED] - dZO = "Россети Тюмень": null

04-12-2024T08:58:29 - [TEST_STEP][PASSED] - if (verifyEqual(a311, b311) == false): Actual object 'null' and expected object 'null' are equal

04-12-2024T08:58:29 - [MESSAGE][PASSED] - Actual object 'null' and expected object 'null' are equal

04-12-2024T08:58:29 - [TEST_STEP][PASSED] - dZO = "Россети Урал (ГК)": null

04-12-2024T08:58:29 - [TEST_STEP][PASSED] - if (verifyEqual(a312, b312) == false): Actual object 'null' and expected object 'null' are equal

04-12-2024T08:58:29 - [MESSAGE][PASSED] - Actual object 'null' and expected object 'null' are equal

04-12-2024T08:58:29 - [TEST_STEP][PASSED] - dZO = "Россети ФСК ЕЭС": null

04-12-2024T08:58:29 - [TEST_STEP][PASSED] - if (verifyEqual(a313, b313) == false): Actual object 'null' and expected object 'null' are equal

04-12-2024T08:58:29 - [MESSAGE][PASSED] - Actual object 'null' and expected object 'null' are equal

04-12-2024T08:58:29 - [TEST_STEP][PASSED] - dZO = "Россети Центр": null

04-12-2024T08:58:29 - [TEST_STEP][PASSED] - if (verifyEqual(a314, b314) == false): Actual object 'null' and expected object 'null' are equal

04-12-2024T08:58:29 - [MESSAGE][PASSED] - Actual object 'null' and expected object 'null' are equal

04-12-2024T08:58:29 - [TEST_STEP][PASSED] - dZO = "Россети Центр и Приволжье (ГК)": null

04-12-2024T08:58:29 - [TEST_STEP][PASSED] - if (verifyEqual(a315, b315) == false): Actual object 'null' and expected object 'null' are equal

04-12-2024T08:58:29 - [MESSAGE][PASSED] - Actual object 'null' and expected object 'null' are equal

04-12-2024T08:58:29 - [TEST_STEP][PASSED] - dZO = "Россети Юг (ГК)": null

04-12-2024T08:58:29 - [TEST_STEP][FAILED] - if (verifyEqual(a316, b316) == false): null

04-12-2024T08:58:29 - [MESSAGE][FAILED] - Unable to verify equal between actual object '-45.96' and expected object '8.08' (Root cause: com.kms.katalon.core.exception.StepFailedException: Actual object '-45.96' and expected object '8.08' are not equal
	at com.kms.katalon.core.keyword.builtin.VerifyEqualKeyword$_verifyEqual_closure1.doCall(VerifyEqualKeyword.groovy:58)
	at com.kms.katalon.core.keyword.builtin.VerifyEqualKeyword$_verifyEqual_closure1.call(VerifyEqualKeyword.groovy)
	at com.kms.katalon.core.keyword.internal.KeywordMain.runKeyword(KeywordMain.groovy:75)
	at com.kms.katalon.core.keyword.builtin.VerifyEqualKeyword.verifyEqual(VerifyEqualKeyword.groovy:63)
	at com.kms.katalon.core.keyword.builtin.VerifyEqualKeyword.execute(VerifyEqualKeyword.groovy:44)
	at com.kms.katalon.core.keyword.internal.KeywordExecutor.executeKeywordForPlatform(KeywordExecutor.groovy:74)
	at com.kms.katalon.core.keyword.BuiltinKeywords.verifyEqual(BuiltinKeywords.groovy:146)
	at jdk.internal.reflect.GeneratedMethodAccessor25.invoke(Unknown Source)
	at java.base/jdk.internal.reflect.DelegatingMethodAccessorImpl.invoke(DelegatingMethodAccessorImpl.java:43)
	at Выручка в рублях сверка дашбордов ПАО Россети.Blocks(Выручка в рублях сверка дашбордов ПАО Россети:517)
	at Выручка в рублях сверка дашбордов ПАО Россети.ViruchkaChange(Выручка в рублях сверка дашбордов ПАО Россети:60)
	at Выручка в рублях сверка дашбордов ПАО Россети.run(Выручка в рублях сверка дашбордов ПАО Россети:55)
	at com.kms.katalon.core.main.ScriptEngine.run(ScriptEngine.java:194)
	at com.kms.katalon.core.main.ScriptEngine.runScriptAsRawText(ScriptEngine.java:119)
	at com.kms.katalon.core.main.TestCaseExecutor.runScript(TestCaseExecutor.java:448)
	at com.kms.katalon.core.main.TestCaseExecutor.doExecute(TestCaseExecutor.java:439)
	at com.kms.katalon.core.main.TestCaseExecutor.processExecutionPhase(TestCaseExecutor.java:418)
	at com.kms.katalon.core.main.TestCaseExecutor.accessMainPhase(TestCaseExecutor.java:410)
	at com.kms.katalon.core.main.TestCaseExecutor.execute(TestCaseExecutor.java:285)
	at com.kms.katalon.core.common.CommonExecutor.accessTestCaseMainPhase(CommonExecutor.java:65)
	at com.kms.katalon.core.main.TestSuiteExecutor.accessTestSuiteMainPhase(TestSuiteExecutor.java:150)
	at com.kms.katalon.core.main.TestSuiteExecutor.execute(TestSuiteExecutor.java:106)
	at com.kms.katalon.core.main.TestCaseMain.startTestSuite(TestCaseMain.java:180)
	at TempTestSuite1733285972582.run(TempTestSuite1733285972582.groovy:35)
	at java.base/jdk.internal.reflect.NativeMethodAccessorImpl.invoke0(Native Method)
	at java.base/jdk.internal.reflect.NativeMethodAccessorImpl.invoke(NativeMethodAccessorImpl.java:77)
	at java.base/jdk.internal.reflect.DelegatingMethodAccessorImpl.invoke(DelegatingMethodAccessorImpl.java:43)
)

04-12-2024T08:58:29 - [TEST_STEP][PASSED] - a = replaceAll("\s+", "").toDouble(): null

04-12-2024T08:58:29 - [TEST_STEP][PASSED] - b = replaceAll("\s+", "").toDouble(): null

04-12-2024T08:58:29 - [TEST_STEP][PASSED] - Script1710234207206.WriteToExcel(todaysDate, run, vir, block, typeOfData, viruchka, vidget, nameOfBlock, a, b, dZO): null

04-12-2024T08:58:29 - [TEST_STEP][PASSED] - println(run): null

04-12-2024T08:58:29 - [TEST_STEP][PASSED] - if (run == 1): null

04-12-2024T08:58:29 - [TEST_STEP][PASSED] - else if (run == 2): null

04-12-2024T08:58:29 - [TEST_STEP][PASSED] - typeOfData = "Проценты": null

04-12-2024T08:58:29 - [TEST_STEP][PASSED] - println("todaysDate:" + todaysDate): null

04-12-2024T08:58:29 - [TEST_STEP][PASSED] - println("typeOfData:" + typeOfData): null

04-12-2024T08:58:29 - [TEST_STEP][PASSED] - viruchka = getText(findTestObject("Выручка в рублях/Фильтр Выручка" + nameOfBlock)): Text of object 'Object Repository/Выручка в рублях/Фильтр Выручка Выручка' is: 'ПЕРЕДАЧА ЭЛЕКТРОЭНЕРГИИ, внутренний оборот'

04-12-2024T08:58:29 - [MESSAGE][PASSED] - Text of object 'Object Repository/Выручка в рублях/Фильтр Выручка Выручка' is: 'ПЕРЕДАЧА ЭЛЕКТРОЭНЕРГИИ, внутренний оборот'

04-12-2024T08:58:29 - [TEST_STEP][PASSED] - println("viruchka" + viruchka): null

04-12-2024T08:58:29 - [TEST_STEP][PASSED] - println("vidget" + vidget): null

04-12-2024T08:58:29 - [TEST_STEP][PASSED] - println("a" + a): null

04-12-2024T08:58:29 - [TEST_STEP][PASSED] - println("b" + b): null

04-12-2024T08:58:29 - [TEST_STEP][PASSED] - sheetName = "Sheet1": null

04-12-2024T08:58:29 - [TEST_STEP][PASSED] - data = findTestData("PlanFact"): null

04-12-2024T08:58:29 - [TEST_STEP][PASSED] - n = data.getRowNumbers() + 1: null

04-12-2024T08:58:29 - [TEST_STEP][PASSED] - period = getText(findTestObject("Выручка в рублях/Фильтр Период")): Text of object 'Object Repository/Выручка в рублях/Фильтр Период' is: 'Октябрь и 1, 2, 3 кв. 2024 года'

04-12-2024T08:58:29 - [MESSAGE][PASSED] - Text of object 'Object Repository/Выручка в рублях/Фильтр Период' is: 'Октябрь и 1, 2, 3 кв. 2024 года'

04-12-2024T08:58:29 - [TEST_STEP][PASSED] - println(period): null

04-12-2024T08:58:29 - [TEST_STEP][PASSED] - dashboardName = "Выручка в рублях": null

04-12-2024T08:58:29 - [TEST_STEP][PASSED] - workbook01 = getWorkbook(excelFilePath): null

04-12-2024T08:58:30 - [TEST_STEP][PASSED] - sheet01 = getExcelSheet(workbook01, sheetName): null

04-12-2024T08:58:30 - [TEST_STEP][PASSED] - setValueToCellByIndex(sheet01, n, 0, dashboardName): null

04-12-2024T08:58:30 - [TEST_STEP][PASSED] - setValueToCellByIndex(sheet01, n, 1, dZO): null

04-12-2024T08:58:30 - [TEST_STEP][PASSED] - setValueToCellByIndex(sheet01, n, 2, vidget): null

04-12-2024T08:58:30 - [TEST_STEP][PASSED] - setValueToCellByIndex(sheet01, n, 3, viruchka): null

04-12-2024T08:58:30 - [TEST_STEP][PASSED] - setValueToCellByIndex(sheet01, n, 4, typeOfData): null

04-12-2024T08:58:30 - [TEST_STEP][PASSED] - if (a == null): null

04-12-2024T08:58:30 - [TEST_STEP][PASSED] - else: null

04-12-2024T08:58:30 - [TEST_STEP][PASSED] - setValueToCellByIndex(sheet01, n, 5, a): null

04-12-2024T08:58:30 - [TEST_STEP][PASSED] - if (b == null): null

04-12-2024T08:58:30 - [TEST_STEP][PASSED] - else: null

04-12-2024T08:58:30 - [TEST_STEP][PASSED] - setValueToCellByIndex(sheet01, n, 6, b): null

04-12-2024T08:58:30 - [TEST_STEP][PASSED] - setValueToCellByIndex(sheet01, n, 7, period): null

04-12-2024T08:58:30 - [TEST_STEP][PASSED] - setValueToCellByIndex(sheet01, n, 8, todaysDate): null

04-12-2024T08:58:30 - [TEST_STEP][PASSED] - n = n + 1: null

04-12-2024T08:58:30 - [TEST_STEP][PASSED] - saveWorkbook(excelFilePath, workbook01): null

04-12-2024T08:58:30 - [TEST_STEP][PASSED] - dZO = "Россети Янтарь": null

04-12-2024T08:58:30 - [TEST_STEP][PASSED] - if (verifyEqual(a317, b317) == false): Actual object 'null' and expected object 'null' are equal

04-12-2024T08:58:30 - [MESSAGE][PASSED] - Actual object 'null' and expected object 'null' are equal

04-12-2024T08:58:30 - [TEST_STEP][PASSED] - closeBrowser(): Browser is closed

04-12-2024T08:58:30 - [MESSAGE][PASSED] - Browser is closed]]></system-out>
         <system-err><![CDATA[04-12-2024T07:32:17 - [TEST_CASE][FAILED] - Test Cases/Сверки дашбордов/Выручка в рублях сверка дашбордов ПАО Россети: Test Cases/Сверки дашбордов/Выручка в рублях сверка дашбордов ПАО Россети FAILED.
Reason:
com.kms.katalon.core.exception.StepFailedException: Unable to verify equal between actual object '-25.61' and expected object '0.07' (Root cause: com.kms.katalon.core.exception.StepFailedException: Actual object '-25.61' and expected object '0.07' are not equal
	at com.kms.katalon.core.keyword.builtin.VerifyEqualKeyword$_verifyEqual_closure1.doCall(VerifyEqualKeyword.groovy:58)
	at com.kms.katalon.core.keyword.builtin.VerifyEqualKeyword$_verifyEqual_closure1.call(VerifyEqualKeyword.groovy)
	at com.kms.katalon.core.keyword.internal.KeywordMain.runKeyword(KeywordMain.groovy:75)
	at com.kms.katalon.core.keyword.builtin.VerifyEqualKeyword.verifyEqual(VerifyEqualKeyword.groovy:63)
	at com.kms.katalon.core.keyword.builtin.VerifyEqualKeyword.execute(VerifyEqualKeyword.groovy:44)
	at com.kms.katalon.core.keyword.internal.KeywordExecutor.executeKeywordForPlatform(KeywordExecutor.groovy:74)
	at com.kms.katalon.core.keyword.BuiltinKeywords.verifyEqual(BuiltinKeywords.groovy:146)
	at jdk.internal.reflect.GeneratedMethodAccessor25.invoke(Unknown Source)
	at java.base/jdk.internal.reflect.DelegatingMethodAccessorImpl.invoke(DelegatingMethodAccessorImpl.java:43)
	at Выручка в рублях сверка дашбордов ПАО Россети.Blocks(Выручка в рублях сверка дашбордов ПАО Россети:357)
	at Выручка в рублях сверка дашбордов ПАО Россети.ViruchkaChange(Выручка в рублях сверка дашбордов ПАО Россети:60)
	at Выручка в рублях сверка дашбордов ПАО Россети.run(Выручка в рублях сверка дашбордов ПАО Россети:55)
	at com.kms.katalon.core.main.ScriptEngine.run(ScriptEngine.java:194)
	at com.kms.katalon.core.main.ScriptEngine.runScriptAsRawText(ScriptEngine.java:119)
	at com.kms.katalon.core.main.TestCaseExecutor.runScript(TestCaseExecutor.java:448)
	at com.kms.katalon.core.main.TestCaseExecutor.doExecute(TestCaseExecutor.java:439)
	at com.kms.katalon.core.main.TestCaseExecutor.processExecutionPhase(TestCaseExecutor.java:418)
	at com.kms.katalon.core.main.TestCaseExecutor.accessMainPhase(TestCaseExecutor.java:410)
	at com.kms.katalon.core.main.TestCaseExecutor.execute(TestCaseExecutor.java:285)
	at com.kms.katalon.core.common.CommonExecutor.accessTestCaseMainPhase(CommonExecutor.java:65)
	at com.kms.katalon.core.main.TestSuiteExecutor.accessTestSuiteMainPhase(TestSuiteExecutor.java:150)
	at com.kms.katalon.core.main.TestSuiteExecutor.execute(TestSuiteExecutor.java:106)
	at com.kms.katalon.core.main.TestCaseMain.startTestSuite(TestCaseMain.java:180)
	at TempTestSuite1733285972582.run(TempTestSuite1733285972582.groovy:35)
	at java.base/jdk.internal.reflect.NativeMethodAccessorImpl.invoke0(Native Method)
	at java.base/jdk.internal.reflect.NativeMethodAccessorImpl.invoke(NativeMethodAccessorImpl.java:77)
	at java.base/jdk.internal.reflect.DelegatingMethodAccessorImpl.invoke(DelegatingMethodAccessorImpl.java:43)
)
	at com.kms.katalon.core.keyword.internal.KeywordMain.stepFailed(KeywordMain.groovy:39)
	at com.kms.katalon.core.keyword.internal.KeywordMain.stepFailed(KeywordMain.groovy)
	at com.kms.katalon.core.keyword.internal.KeywordMain.runKeyword(KeywordMain.groovy:77)
	at com.kms.katalon.core.keyword.builtin.VerifyEqualKeyword.verifyEqual(VerifyEqualKeyword.groovy:63)
	at com.kms.katalon.core.keyword.builtin.VerifyEqualKeyword.execute(VerifyEqualKeyword.groovy:44)
	at com.kms.katalon.core.keyword.internal.KeywordExecutor.executeKeywordForPlatform(KeywordExecutor.groovy:74)
	at com.kms.katalon.core.keyword.BuiltinKeywords.verifyEqual(BuiltinKeywords.groovy:146)
	at jdk.internal.reflect.GeneratedMethodAccessor25.invoke(Unknown Source)
	at java.base/jdk.internal.reflect.DelegatingMethodAccessorImpl.invoke(DelegatingMethodAccessorImpl.java:43)
	at Выручка в рублях сверка дашбордов ПАО Россети.Blocks(Выручка в рублях сверка дашбордов ПАО Россети:357)
	at Выручка в рублях сверка дашбордов ПАО Россети.ViruchkaChange(Выручка в рублях сверка дашбордов ПАО Россети:60)
	at Выручка в рублях сверка дашбордов ПАО Россети.run(Выручка в рублях сверка дашбордов ПАО Россети:55)
	at com.kms.katalon.core.main.ScriptEngine.run(ScriptEngine.java:194)
	at com.kms.katalon.core.main.ScriptEngine.runScriptAsRawText(ScriptEngine.java:119)
	at com.kms.katalon.core.main.TestCaseExecutor.runScript(TestCaseExecutor.java:448)
	at com.kms.katalon.core.main.TestCaseExecutor.doExecute(TestCaseExecutor.java:439)
	at com.kms.katalon.core.main.TestCaseExecutor.processExecutionPhase(TestCaseExecutor.java:418)
	at com.kms.katalon.core.main.TestCaseExecutor.accessMainPhase(TestCaseExecutor.java:410)
	at com.kms.katalon.core.main.TestCaseExecutor.execute(TestCaseExecutor.java:285)
	at com.kms.katalon.core.common.CommonExecutor.accessTestCaseMainPhase(CommonExecutor.java:65)
	at com.kms.katalon.core.main.TestSuiteExecutor.accessTestSuiteMainPhase(TestSuiteExecutor.java:150)
	at com.kms.katalon.core.main.TestSuiteExecutor.execute(TestSuiteExecutor.java:106)
	at com.kms.katalon.core.main.TestCaseMain.startTestSuite(TestCaseMain.java:180)
	at TempTestSuite1733285972582.run(TempTestSuite1733285972582.groovy:35)
	at java.base/jdk.internal.reflect.NativeMethodAccessorImpl.invoke0(Native Method)
	at java.base/jdk.internal.reflect.NativeMethodAccessorImpl.invoke(NativeMethodAccessorImpl.java:77)
	at java.base/jdk.internal.reflect.DelegatingMethodAccessorImpl.invoke(DelegatingMethodAccessorImpl.java:43)
Caused by: com.kms.katalon.core.exception.StepFailedException: Actual object '-25.61' and expected object '0.07' are not equal
	at com.kms.katalon.core.keyword.builtin.VerifyEqualKeyword$_verifyEqual_closure1.doCall(VerifyEqualKeyword.groovy:58)
	at com.kms.katalon.core.keyword.builtin.VerifyEqualKeyword$_verifyEqual_closure1.call(VerifyEqualKeyword.groovy)
	at com.kms.katalon.core.keyword.internal.KeywordMain.runKeyword(KeywordMain.groovy:75)
	... 24 more]]></system-err>
      </testcase>
      <system-out><![CDATA[04-12-2024T07:19:37 - [TEST_SUITE][FAILED] - Сверка дашбордов из разных блоков: Test Cases/Сверки дашбордов/Выполнение бизнес-плана сверка дашбордов FAILED.
Reason:
com.kms.katalon.core.exception.StepFailedException: Unable to verify object is present (Root cause: com.kms.katalon.core.exception.StepFailedException: Unable to verify object is present
	at com.kms.katalon.core.webui.keyword.internal.WebUIKeywordMain.stepFailed(WebUIKeywordMain.groovy:64)
	at com.kms.katalon.core.webui.keyword.internal.WebUIKeywordMain.runKeyword(WebUIKeywordMain.groovy:26)
	at com.kms.katalon.core.webui.keyword.builtin.VerifyElementPresentKeyword.verifyElementPresent(VerifyElementPresentKeyword.groovy:92)
	at com.kms.katalon.core.webui.keyword.builtin.VerifyElementPresentKeyword.execute(VerifyElementPresentKeyword.groovy:68)
	at com.kms.katalon.core.keyword.internal.KeywordExecutor.executeKeywordForPlatform(KeywordExecutor.groovy:74)
	at com.kms.katalon.core.webui.keyword.WebUiBuiltInKeywords.verifyElementPresent(WebUiBuiltInKeywords.groovy:1503)
	at Выполнение бизнес-плана сверка дашбордов.GetAllPAOData(Выполнение бизнес-плана сверка дашбордов:862)
	at Выполнение бизнес-плана сверка дашбордов.run(Выполнение бизнес-плана сверка дашбордов:362)
	at com.kms.katalon.core.main.ScriptEngine.run(ScriptEngine.java:194)
	at com.kms.katalon.core.main.ScriptEngine.runScriptAsRawText(ScriptEngine.java:119)
	at com.kms.katalon.core.main.TestCaseExecutor.runScript(TestCaseExecutor.java:448)
	at com.kms.katalon.core.main.TestCaseExecutor.doExecute(TestCaseExecutor.java:439)
	at com.kms.katalon.core.main.TestCaseExecutor.processExecutionPhase(TestCaseExecutor.java:418)
	at com.kms.katalon.core.main.TestCaseExecutor.accessMainPhase(TestCaseExecutor.java:410)
	at com.kms.katalon.core.main.TestCaseExecutor.execute(TestCaseExecutor.java:285)
	at com.kms.katalon.core.common.CommonExecutor.accessTestCaseMainPhase(CommonExecutor.java:65)
	at com.kms.katalon.core.main.TestSuiteExecutor.accessTestSuiteMainPhase(TestSuiteExecutor.java:150)
	at com.kms.katalon.core.main.TestSuiteExecutor.execute(TestSuiteExecutor.java:106)
	at com.kms.katalon.core.main.TestCaseMain.startTestSuite(TestCaseMain.java:180)
	at TempTestSuite1733285972582.run(TempTestSuite1733285972582.groovy:35)
	at java.base/jdk.internal.reflect.NativeMethodAccessorImpl.invoke0(Native Method)
	at java.base/jdk.internal.reflect.NativeMethodAccessorImpl.invoke(NativeMethodAccessorImpl.java:77)
	at java.base/jdk.internal.reflect.DelegatingMethodAccessorImpl.invoke(DelegatingMethodAccessorImpl.java:43)
Caused by: java.lang.IllegalArgumentException: Object is null
	at com.kms.katalon.core.helper.KeywordHelper.checkTestObjectParameter(KeywordHelper.java:33)
	at com.kms.katalon.core.webui.keyword.builtin.VerifyElementPresentKeyword$_verifyElementPresent_closure1.doCall(VerifyElementPresentKeyword.groovy:76)
	at com.kms.katalon.core.webui.keyword.builtin.VerifyElementPresentKeyword$_verifyElementPresent_closure1.call(VerifyElementPresentKeyword.groovy)
	at com.kms.katalon.core.webui.keyword.internal.WebUIKeywordMain.runKeyword(WebUIKeywordMain.groovy:20)
	at com.kms.katalon.core.webui.keyword.builtin.VerifyElementPresentKeyword.verifyElementPresent(VerifyElementPresentKeyword.groovy:92)
	at com.kms.katalon.core.webui.keyword.builtin.VerifyElementPresentKeyword.execute(VerifyElementPresentKeyword.groovy:68)
	at com.kms.katalon.core.keyword.internal.KeywordExecutor.executeKeywordForPlatform(KeywordExecutor.groovy:74)
	at com.kms.katalon.core.webui.keyword.WebUiBuiltInKeywords.verifyElementPresent(WebUiBuiltInKeywords.groovy:1503)
	at Script1719299571342.GetAllPAOData(Script1719299571342.groovy:862)
	at Script1719299571342.run(Script1719299571342.groovy:362)
	... 15 more
)
	at com.kms.katalon.core.keyword.internal.KeywordMain.stepFailed(KeywordMain.groovy:39)
	at com.kms.katalon.core.webui.keyword.internal.WebUIKeywordMain.stepFailed(WebUIKeywordMain.groovy:64)
	at com.kms.katalon.core.webui.keyword.internal.WebUIKeywordMain.runKeyword(WebUIKeywordMain.groovy:26)
	at com.kms.katalon.core.webui.keyword.builtin.VerifyElementPresentKeyword.verifyElementPresent(VerifyElementPresentKeyword.groovy:92)
	at com.kms.katalon.core.webui.keyword.builtin.VerifyElementPresentKeyword.execute(VerifyElementPresentKeyword.groovy:68)
	at com.kms.katalon.core.keyword.internal.KeywordExecutor.executeKeywordForPlatform(KeywordExecutor.groovy:74)
	at com.kms.katalon.core.webui.keyword.WebUiBuiltInKeywords.verifyElementPresent(WebUiBuiltInKeywords.groovy:1503)
	at Выполнение бизнес-плана сверка дашбордов.GetAllPAOData(Выполнение бизнес-плана сверка дашбордов:862)
	at Выполнение бизнес-плана сверка дашбордов.run(Выполнение бизнес-плана сверка дашбордов:362)
	at com.kms.katalon.core.main.ScriptEngine.run(ScriptEngine.java:194)
	at com.kms.katalon.core.main.ScriptEngine.runScriptAsRawText(ScriptEngine.java:119)
	at com.kms.katalon.core.main.TestCaseExecutor.runScript(TestCaseExecutor.java:448)
	at com.kms.katalon.core.main.TestCaseExecutor.doExecute(TestCaseExecutor.java:439)
	at com.kms.katalon.core.main.TestCaseExecutor.processExecutionPhase(TestCaseExecutor.java:418)
	at com.kms.katalon.core.main.TestCaseExecutor.accessMainPhase(TestCaseExecutor.java:410)
	at com.kms.katalon.core.main.TestCaseExecutor.execute(TestCaseExecutor.java:285)
	at com.kms.katalon.core.common.CommonExecutor.accessTestCaseMainPhase(CommonExecutor.java:65)
	at com.kms.katalon.core.main.TestSuiteExecutor.accessTestSuiteMainPhase(TestSuiteExecutor.java:150)
	at com.kms.katalon.core.main.TestSuiteExecutor.execute(TestSuiteExecutor.java:106)
	at com.kms.katalon.core.main.TestCaseMain.startTestSuite(TestCaseMain.java:180)
	at TempTestSuite1733285972582.run(TempTestSuite1733285972582.groovy:35)
	at java.base/jdk.internal.reflect.NativeMethodAccessorImpl.invoke0(Native Method)
	at java.base/jdk.internal.reflect.NativeMethodAccessorImpl.invoke(NativeMethodAccessorImpl.java:77)
	at java.base/jdk.internal.reflect.DelegatingMethodAccessorImpl.invoke(DelegatingMethodAccessorImpl.java:43)
Caused by: com.kms.katalon.core.exception.StepFailedException: Unable to verify object is present
	... 23 more
Caused by: java.lang.IllegalArgumentException: Object is null
	at com.kms.katalon.core.helper.KeywordHelper.checkTestObjectParameter(KeywordHelper.java:33)
	at com.kms.katalon.core.webui.keyword.builtin.VerifyElementPresentKeyword$_verifyElementPresent_closure1.doCall(VerifyElementPresentKeyword.groovy:76)
	at com.kms.katalon.core.webui.keyword.builtin.VerifyElementPresentKeyword$_verifyElementPresent_closure1.call(VerifyElementPresentKeyword.groovy)
	at com.kms.katalon.core.webui.keyword.internal.WebUIKeywordMain.runKeyword(WebUIKeywordMain.groovy:20)
	... 21 more]]></system-out>
      <system-err><![CDATA[04-12-2024T07:19:37 - [TEST_SUITE][FAILED] - Сверка дашбордов из разных блоков: Test Cases/Сверки дашбордов/Выполнение бизнес-плана сверка дашбордов FAILED.
Reason:
com.kms.katalon.core.exception.StepFailedException: Unable to verify object is present (Root cause: com.kms.katalon.core.exception.StepFailedException: Unable to verify object is present
	at com.kms.katalon.core.webui.keyword.internal.WebUIKeywordMain.stepFailed(WebUIKeywordMain.groovy:64)
	at com.kms.katalon.core.webui.keyword.internal.WebUIKeywordMain.runKeyword(WebUIKeywordMain.groovy:26)
	at com.kms.katalon.core.webui.keyword.builtin.VerifyElementPresentKeyword.verifyElementPresent(VerifyElementPresentKeyword.groovy:92)
	at com.kms.katalon.core.webui.keyword.builtin.VerifyElementPresentKeyword.execute(VerifyElementPresentKeyword.groovy:68)
	at com.kms.katalon.core.keyword.internal.KeywordExecutor.executeKeywordForPlatform(KeywordExecutor.groovy:74)
	at com.kms.katalon.core.webui.keyword.WebUiBuiltInKeywords.verifyElementPresent(WebUiBuiltInKeywords.groovy:1503)
	at Выполнение бизнес-плана сверка дашбордов.GetAllPAOData(Выполнение бизнес-плана сверка дашбордов:862)
	at Выполнение бизнес-плана сверка дашбордов.run(Выполнение бизнес-плана сверка дашбордов:362)
	at com.kms.katalon.core.main.ScriptEngine.run(ScriptEngine.java:194)
	at com.kms.katalon.core.main.ScriptEngine.runScriptAsRawText(ScriptEngine.java:119)
	at com.kms.katalon.core.main.TestCaseExecutor.runScript(TestCaseExecutor.java:448)
	at com.kms.katalon.core.main.TestCaseExecutor.doExecute(TestCaseExecutor.java:439)
	at com.kms.katalon.core.main.TestCaseExecutor.processExecutionPhase(TestCaseExecutor.java:418)
	at com.kms.katalon.core.main.TestCaseExecutor.accessMainPhase(TestCaseExecutor.java:410)
	at com.kms.katalon.core.main.TestCaseExecutor.execute(TestCaseExecutor.java:285)
	at com.kms.katalon.core.common.CommonExecutor.accessTestCaseMainPhase(CommonExecutor.java:65)
	at com.kms.katalon.core.main.TestSuiteExecutor.accessTestSuiteMainPhase(TestSuiteExecutor.java:150)
	at com.kms.katalon.core.main.TestSuiteExecutor.execute(TestSuiteExecutor.java:106)
	at com.kms.katalon.core.main.TestCaseMain.startTestSuite(TestCaseMain.java:180)
	at TempTestSuite1733285972582.run(TempTestSuite1733285972582.groovy:35)
	at java.base/jdk.internal.reflect.NativeMethodAccessorImpl.invoke0(Native Method)
	at java.base/jdk.internal.reflect.NativeMethodAccessorImpl.invoke(NativeMethodAccessorImpl.java:77)
	at java.base/jdk.internal.reflect.DelegatingMethodAccessorImpl.invoke(DelegatingMethodAccessorImpl.java:43)
Caused by: java.lang.IllegalArgumentException: Object is null
	at com.kms.katalon.core.helper.KeywordHelper.checkTestObjectParameter(KeywordHelper.java:33)
	at com.kms.katalon.core.webui.keyword.builtin.VerifyElementPresentKeyword$_verifyElementPresent_closure1.doCall(VerifyElementPresentKeyword.groovy:76)
	at com.kms.katalon.core.webui.keyword.builtin.VerifyElementPresentKeyword$_verifyElementPresent_closure1.call(VerifyElementPresentKeyword.groovy)
	at com.kms.katalon.core.webui.keyword.internal.WebUIKeywordMain.runKeyword(WebUIKeywordMain.groovy:20)
	at com.kms.katalon.core.webui.keyword.builtin.VerifyElementPresentKeyword.verifyElementPresent(VerifyElementPresentKeyword.groovy:92)
	at com.kms.katalon.core.webui.keyword.builtin.VerifyElementPresentKeyword.execute(VerifyElementPresentKeyword.groovy:68)
	at com.kms.katalon.core.keyword.internal.KeywordExecutor.executeKeywordForPlatform(KeywordExecutor.groovy:74)
	at com.kms.katalon.core.webui.keyword.WebUiBuiltInKeywords.verifyElementPresent(WebUiBuiltInKeywords.groovy:1503)
	at Script1719299571342.GetAllPAOData(Script1719299571342.groovy:862)
	at Script1719299571342.run(Script1719299571342.groovy:362)
	... 15 more
)
	at com.kms.katalon.core.keyword.internal.KeywordMain.stepFailed(KeywordMain.groovy:39)
	at com.kms.katalon.core.webui.keyword.internal.WebUIKeywordMain.stepFailed(WebUIKeywordMain.groovy:64)
	at com.kms.katalon.core.webui.keyword.internal.WebUIKeywordMain.runKeyword(WebUIKeywordMain.groovy:26)
	at com.kms.katalon.core.webui.keyword.builtin.VerifyElementPresentKeyword.verifyElementPresent(VerifyElementPresentKeyword.groovy:92)
	at com.kms.katalon.core.webui.keyword.builtin.VerifyElementPresentKeyword.execute(VerifyElementPresentKeyword.groovy:68)
	at com.kms.katalon.core.keyword.internal.KeywordExecutor.executeKeywordForPlatform(KeywordExecutor.groovy:74)
	at com.kms.katalon.core.webui.keyword.WebUiBuiltInKeywords.verifyElementPresent(WebUiBuiltInKeywords.groovy:1503)
	at Выполнение бизнес-плана сверка дашбордов.GetAllPAOData(Выполнение бизнес-плана сверка дашбордов:862)
	at Выполнение бизнес-плана сверка дашбордов.run(Выполнение бизнес-плана сверка дашбордов:362)
	at com.kms.katalon.core.main.ScriptEngine.run(ScriptEngine.java:194)
	at com.kms.katalon.core.main.ScriptEngine.runScriptAsRawText(ScriptEngine.java:119)
	at com.kms.katalon.core.main.TestCaseExecutor.runScript(TestCaseExecutor.java:448)
	at com.kms.katalon.core.main.TestCaseExecutor.doExecute(TestCaseExecutor.java:439)
	at com.kms.katalon.core.main.TestCaseExecutor.processExecutionPhase(TestCaseExecutor.java:418)
	at com.kms.katalon.core.main.TestCaseExecutor.accessMainPhase(TestCaseExecutor.java:410)
	at com.kms.katalon.core.main.TestCaseExecutor.execute(TestCaseExecutor.java:285)
	at com.kms.katalon.core.common.CommonExecutor.accessTestCaseMainPhase(CommonExecutor.java:65)
	at com.kms.katalon.core.main.TestSuiteExecutor.accessTestSuiteMainPhase(TestSuiteExecutor.java:150)
	at com.kms.katalon.core.main.TestSuiteExecutor.execute(TestSuiteExecutor.java:106)
	at com.kms.katalon.core.main.TestCaseMain.startTestSuite(TestCaseMain.java:180)
	at TempTestSuite1733285972582.run(TempTestSuite1733285972582.groovy:35)
	at java.base/jdk.internal.reflect.NativeMethodAccessorImpl.invoke0(Native Method)
	at java.base/jdk.internal.reflect.NativeMethodAccessorImpl.invoke(NativeMethodAccessorImpl.java:77)
	at java.base/jdk.internal.reflect.DelegatingMethodAccessorImpl.invoke(DelegatingMethodAccessorImpl.java:43)
Caused by: com.kms.katalon.core.exception.StepFailedException: Unable to verify object is present
	... 23 more
Caused by: java.lang.IllegalArgumentException: Object is null
	at com.kms.katalon.core.helper.KeywordHelper.checkTestObjectParameter(KeywordHelper.java:33)
	at com.kms.katalon.core.webui.keyword.builtin.VerifyElementPresentKeyword$_verifyElementPresent_closure1.doCall(VerifyElementPresentKeyword.groovy:76)
	at com.kms.katalon.core.webui.keyword.builtin.VerifyElementPresentKeyword$_verifyElementPresent_closure1.call(VerifyElementPresentKeyword.groovy)
	at com.kms.katalon.core.webui.keyword.internal.WebUIKeywordMain.runKeyword(WebUIKeywordMain.groovy:20)
	... 21 more]]></system-err>
   </testsuite>
</testsuites>
